[
  {
    "Plan": {
      "Node Type": "Aggregate",
      "Strategy": "Plain",
      "Partial Mode": "Finalize",
      "Parallel Aware": false,
      "Startup Cost": 62431.9,
      "Total Cost": 62431.91,
      "Plan Rows": 1,
      "Plan Width": 8,
      "Actual Startup Time": 148.185,
      "Actual Total Time": 159.143,
      "Actual Rows": 1,
      "Actual Loops": 1,
      "Plans": [
        {
          "Node Type": "Gather",
          "Parent Relationship": "Outer",
          "Parallel Aware": false,
          "Startup Cost": 62431.58,
          "Total Cost": 62431.89,
          "Plan Rows": 3,
          "Plan Width": 8,
          "Actual Startup Time": 147.76,
          "Actual Total Time": 159.133,
          "Actual Rows": 4,
          "Actual Loops": 1,
          "Workers Planned": 3,
          "Workers Launched": 3,
          "Single Copy": false,
          "Plans": [
            {
              "Node Type": "Aggregate",
              "Strategy": "Plain",
              "Partial Mode": "Partial",
              "Parent Relationship": "Outer",
              "Parallel Aware": false,
              "Startup Cost": 61431.58,
              "Total Cost": 61431.59,
              "Plan Rows": 1,
              "Plan Width": 8,
              "Actual Startup Time": 137.969,
              "Actual Total Time": 137.973,
              "Actual Rows": 1,
              "Actual Loops": 4,
              "Plans": [
                {
                  "Node Type": "Nested Loop",
                  "Parent Relationship": "Outer",
                  "Parallel Aware": false,
                  "Join Type": "Inner",
                  "Startup Cost": 27881.68,
                  "Total Cost": 61428.09,
                  "Plan Rows": 1394,
                  "Plan Width": 0,
                  "Actual Startup Time": 60.599,
                  "Actual Total Time": 137.876,
                  "Actual Rows": 370,
                  "Actual Loops": 4,
                  "Inner Unique": true,
                  "Join Filter": "(mc.movie_id = t.id)",
                  "Rows Removed by Join Filter": 0,
                  "Plans": [
                    {
                      "Node Type": "Hash Join",
                      "Parent Relationship": "Outer",
                      "Parallel Aware": true,
                      "Join Type": "Inner",
                      "Startup Cost": 27881.25,
                      "Total Cost": 54305.97,
                      "Plan Rows": 7254,
                      "Plan Width": 8,
                      "Actual Startup Time": 60.45,
                      "Actual Total Time": 132.295,
                      "Actual Rows": 370,
                      "Actual Loops": 4,
                      "Inner Unique": false,
                      "Hash Cond": "(mk.movie_id = mc.movie_id)",
                      "Plans": [
                        {
                          "Node Type": "Bitmap Heap Scan",
                          "Parent Relationship": "Outer",
                          "Parallel Aware": true,
                          "Relation Name": "movie_keyword",
                          "Alias": "mk",
                          "Startup Cost": 7317.83,
                          "Total Cost": 33162.77,
                          "Plan Rows": 111275,
                          "Plan Width": 4,
                          "Actual Startup Time": 34.867,
                          "Actual Total Time": 96.433,
                          "Actual Rows": 90923,
                          "Actual Loops": 4,
                          "Recheck Cond": "(keyword_id < 335)",
                          "Rows Removed by Index Recheck": 0,
                          "Exact Heap Blocks": 8626,
                          "Lossy Heap Blocks": 0,
                          "Plans": [
                            {
                              "Node Type": "Bitmap Index Scan",
                              "Parent Relationship": "Outer",
                              "Parallel Aware": false,
                              "Index Name": "keyword_id_movie_keyword",
                              "Startup Cost": 0.0,
                              "Total Cost": 7231.59,
                              "Plan Rows": 344954,
                              "Plan Width": 0,
                              "Actual Startup Time": 31.068,
                              "Actual Total Time": 31.069,
                              "Actual Rows": 363692,
                              "Actual Loops": 1,
                              "Index Cond": "(keyword_id < 335)"
                            }
                          ]
                        },
                        {
                          "Node Type": "Hash",
                          "Parent Relationship": "Inner",
                          "Parallel Aware": true,
                          "Startup Cost": 20435.76,
                          "Total Cost": 20435.76,
                          "Plan Rows": 10213,
                          "Plan Width": 4,
                          "Actual Startup Time": 22.193,
                          "Actual Total Time": 22.194,
                          "Actual Rows": 1644,
                          "Actual Loops": 4,
                          "Hash Buckets": 32768,
                          "Original Hash Buckets": 32768,
                          "Hash Batches": 1,
                          "Original Hash Batches": 1,
                          "Peak Memory Usage": 576,
                          "Plans": [
                            {
                              "Node Type": "Bitmap Heap Scan",
                              "Parent Relationship": "Outer",
                              "Parallel Aware": true,
                              "Relation Name": "movie_companies",
                              "Alias": "mc",
                              "Startup Cost": 1344.03,
                              "Total Cost": 20435.76,
                              "Plan Rows": 10213,
                              "Plan Width": 4,
                              "Actual Startup Time": 19.461,
                              "Actual Total Time": 21.371,
                              "Actual Rows": 1644,
                              "Actual Loops": 4,
                              "Recheck Cond": "(company_id = 6)",
                              "Rows Removed by Index Recheck": 0,
                              "Filter": "(company_type_id = 2)",
                              "Rows Removed by Filter": 13874,
                              "Exact Heap Blocks": 3637,
                              "Lossy Heap Blocks": 0,
                              "Plans": [
                                {
                                  "Node Type": "Bitmap Index Scan",
                                  "Parent Relationship": "Outer",
                                  "Parallel Aware": false,
                                  "Index Name": "company_id_movie_companies",
                                  "Startup Cost": 0.0,
                                  "Total Cost": 1336.12,
                                  "Plan Rows": 62358,
                                  "Plan Width": 0,
                                  "Actual Startup Time": 8.933,
                                  "Actual Total Time": 8.933,
                                  "Actual Rows": 62075,
                                  "Actual Loops": 1,
                                  "Index Cond": "(company_id = 6)"
                                }
                              ]
                            }
                          ]
                        }
                      ]
                    },
                    {
                      "Node Type": "Index Only Scan",
                      "Parent Relationship": "Inner",
                      "Parallel Aware": false,
                      "Scan Direction": "Forward",
                      "Index Name": "title_pkey",
                      "Relation Name": "title",
                      "Alias": "t",
                      "Startup Cost": 0.43,
                      "Total Cost": 0.97,
                      "Plan Rows": 1,
                      "Plan Width": 4,
                      "Actual Startup Time": 0.014,
                      "Actual Total Time": 0.014,
                      "Actual Rows": 1,
                      "Actual Loops": 1479,
                      "Index Cond": "(id = mk.movie_id)",
                      "Rows Removed by Index Recheck": 0,
                      "Heap Fetches": 1479
                    }
                  ]
                }
              ]
            }
          ]
        }
      ]
    },
    "Planning Time": 1.532,
    "Triggers": [],
    "Execution Time": 159.331
  }
]