{
  "Plan": {
    "Node Type": "Aggregate",
    "Strategy": "Plain",
    "Partial Mode": "Finalize",
    "Parallel Aware": false,
    "Startup Cost": 435953.79,
    "Total Cost": 435953.8,
    "Plan Rows": 1,
    "Plan Width": 8,
    "Actual Startup Time": 4277.122,
    "Actual Total Time": 4330.776,
    "Actual Rows": 1,
    "Actual Loops": 1,
    "Plans": [
      {
        "Node Type": "Gather",
        "Parent Relationship": "Outer",
        "Parallel Aware": false,
        "Startup Cost": 435953.68,
        "Total Cost": 435953.79,
        "Plan Rows": 1,
        "Plan Width": 8,
        "Actual Startup Time": 4274.223,
        "Actual Total Time": 4330.765,
        "Actual Rows": 2,
        "Actual Loops": 1,
        "Workers Planned": 1,
        "Workers Launched": 1,
        "Single Copy": false,
        "Plans": [
          {
            "Node Type": "Aggregate",
            "Strategy": "Plain",
            "Partial Mode": "Partial",
            "Parent Relationship": "Outer",
            "Parallel Aware": false,
            "Startup Cost": 434953.68,
            "Total Cost": 434953.69,
            "Plan Rows": 1,
            "Plan Width": 8,
            "Actual Startup Time": 4268.441,
            "Actual Total Time": 4269.354,
            "Actual Rows": 1,
            "Actual Loops": 2,
            "Plans": [
              {
                "Node Type": "Hash Join",
                "Parent Relationship": "Outer",
                "Parallel Aware": true,
                "Join Type": "Inner",
                "Startup Cost": 123391.8,
                "Total Cost": 431869.68,
                "Plan Rows": 1233599,
                "Plan Width": 0,
                "Actual Startup Time": 569.148,
                "Actual Total Time": 3459.553,
                "Actual Rows": 20540334,
                "Actual Loops": 2,
                "Inner Unique": false,
                "Hash Cond": "(mi.movie_id = t.id)",
                "Plans": [
                  {
                    "Node Type": "Seq Scan",
                    "Parent Relationship": "Outer",
                    "Parallel Aware": true,
                    "Relation Name": "movie_info",
                    "Alias": "mi",
                    "Startup Cost": 0.0,
                    "Total Cost": 270696.42,
                    "Plan Rows": 8140002,
                    "Plan Width": 4,
                    "Actual Startup Time": 0.017,
                    "Actual Total Time": 772.581,
                    "Actual Rows": 6970088,
                    "Actual Loops": 2,
                    "Filter": "(info_type_id < 96)",
                    "Rows Removed by Filter": 447772
                  },
                  {
                    "Node Type": "Hash",
                    "Parent Relationship": "Inner",
                    "Parallel Aware": true,
                    "Startup Cost": 120574.48,
                    "Total Cost": 120574.48,
                    "Plan Rows": 225386,
                    "Plan Width": 8,
                    "Actual Startup Time": 562.566,
                    "Actual Total Time": 563.477,
                    "Actual Rows": 328494,
                    "Actual Loops": 2,
                    "Hash Buckets": 1048576,
                    "Original Hash Buckets": 524288,
                    "Hash Batches": 1,
                    "Original Hash Batches": 1,
                    "Peak Memory Usage": 38016,
                    "Plans": [
                      {
                        "Node Type": "Hash Join",
                        "Parent Relationship": "Outer",
                        "Parallel Aware": true,
                        "Join Type": "Inner",
                        "Startup Cost": 59746.92,
                        "Total Cost": 120574.48,
                        "Plan Rows": 225386,
                        "Plan Width": 8,
                        "Actual Startup Time": 188.093,
                        "Actual Total Time": 493.634,
                        "Actual Rows": 328494,
                        "Actual Loops": 2,
                        "Inner Unique": true,
                        "Hash Cond": "(mk.movie_id = t.id)",
                        "Plans": [
                          {
                            "Node Type": "Seq Scan",
                            "Parent Relationship": "Outer",
                            "Parallel Aware": true,
                            "Relation Name": "movie_keyword",
                            "Alias": "mk",
                            "Startup Cost": 0.0,
                            "Total Cost": 57718.19,
                            "Plan Rows": 1184519,
                            "Plan Width": 4,
                            "Actual Startup Time": 0.017,
                            "Actual Total Time": 180.501,
                            "Actual Rows": 1009262,
                            "Actual Loops": 2,
                            "Filter": "(keyword_id < 3617)",
                            "Rows Removed by Filter": 1252702
                          },
                          {
                            "Node Type": "Hash",
                            "Parent Relationship": "Inner",
                            "Parallel Aware": true,
                            "Startup Cost": 56209.61,
                            "Total Cost": 56209.61,
                            "Plan Rows": 282985,
                            "Plan Width": 4,
                            "Actual Startup Time": 184.301,
                            "Actual Total Time": 184.303,
                            "Actual Rows": 184220,
                            "Actual Loops": 2,
                            "Hash Buckets": 524288,
                            "Original Hash Buckets": 524288,
                            "Hash Batches": 1,
                            "Original Hash Batches": 1,
                            "Peak Memory Usage": 18560,
                            "Plans": [
                              {
                                "Node Type": "Bitmap Heap Scan",
                                "Parent Relationship": "Outer",
                                "Parallel Aware": true,
                                "Relation Name": "title",
                                "Alias": "t",
                                "Startup Cost": 13559.23,
                                "Total Cost": 56209.61,
                                "Plan Rows": 282985,
                                "Plan Width": 4,
                                "Actual Startup Time": 44.062,
                                "Actual Total Time": 142.682,
                                "Actual Rows": 184220,
                                "Actual Loops": 2,
                                "Recheck Cond": "(kind_id < 3)",
                                "Rows Removed by Index Recheck": 0,
                                "Filter": "(production_year > 1995)",
                                "Rows Removed by Filter": 192619,
                                "Exact Heap Blocks": 26331,
                                "Lossy Heap Blocks": 0,
                                "Plans": [
                                  {
                                    "Node Type": "Bitmap Index Scan",
                                    "Parent Relationship": "Outer",
                                    "Parallel Aware": false,
                                    "Index Name": "kind_id_title",
                                    "Startup Cost": 0.0,
                                    "Total Cost": 13438.96,
                                    "Plan Rows": 753937,
                                    "Plan Width": 0,
                                    "Actual Startup Time": 38.273,
                                    "Actual Total Time": 38.274,
                                    "Actual Rows": 753677,
                                    "Actual Loops": 1,
                                    "Index Cond": "(kind_id < 3)"
                                  }
                                ]
                              }
                            ]
                          }
                        ]
                      }
                    ]
                  }
                ]
              }
            ]
          }
        ]
      }
    ]
  },
  "Planning Time": 0.964,
  "Triggers": [],
  "Execution Time": 4330.892
}