[
  {
    "Plan": {
      "Node Type": "Aggregate",
      "Strategy": "Plain",
      "Partial Mode": "Finalize",
      "Parallel Aware": false,
      "Startup Cost": 339961.03,
      "Total Cost": 339961.04,
      "Plan Rows": 1,
      "Plan Width": 8,
      "Actual Startup Time": 794.018,
      "Actual Total Time": 849.329,
      "Actual Rows": 1,
      "Actual Loops": 1,
      "Plans": [
        {
          "Node Type": "Gather",
          "Parent Relationship": "Outer",
          "Parallel Aware": false,
          "Startup Cost": 339960.4,
          "Total Cost": 339961.01,
          "Plan Rows": 6,
          "Plan Width": 8,
          "Actual Startup Time": 793.89,
          "Actual Total Time": 849.32,
          "Actual Rows": 7,
          "Actual Loops": 1,
          "Workers Planned": 6,
          "Workers Launched": 6,
          "Single Copy": false,
          "Plans": [
            {
              "Node Type": "Aggregate",
              "Strategy": "Plain",
              "Partial Mode": "Partial",
              "Parent Relationship": "Outer",
              "Parallel Aware": false,
              "Startup Cost": 338960.4,
              "Total Cost": 338960.41,
              "Plan Rows": 1,
              "Plan Width": 8,
              "Actual Startup Time": 787.313,
              "Actual Total Time": 787.314,
              "Actual Rows": 1,
              "Actual Loops": 7,
              "Plans": [
                {
                  "Node Type": "Seq Scan",
                  "Parent Relationship": "Outer",
                  "Parallel Aware": true,
                  "Relation Name": "cast_info",
                  "Alias": "ci",
                  "Startup Cost": 0.0,
                  "Total Cost": 328162.03,
                  "Plan Rows": 4319350,
                  "Plan Width": 0,
                  "Actual Startup Time": 0.035,
                  "Actual Total Time": 622.762,
                  "Actual Rows": 3718038,
                  "Actual Loops": 7,
                  "Filter": "(person_id < 2692926)",
                  "Rows Removed by Filter": 1459725
                }
              ]
            }
          ]
        }
      ]
    },
    "Planning Time": 0.226,
    "Triggers": [],
    "Execution Time": 849.404
  }
]