[
  {
    "Plan": {
      "Node Type": "Aggregate",
      "Strategy": "Plain",
      "Partial Mode": "Finalize",
      "Parallel Aware": false,
      "Startup Cost": 32862.45,
      "Total Cost": 32862.46,
      "Plan Rows": 1,
      "Plan Width": 8,
      "Actual Startup Time": 117.104,
      "Actual Total Time": 127.048,
      "Actual Rows": 1,
      "Actual Loops": 1,
      "Plans": [
        {
          "Node Type": "Gather",
          "Parent Relationship": "Outer",
          "Parallel Aware": false,
          "Startup Cost": 32862.13,
          "Total Cost": 32862.44,
          "Plan Rows": 3,
          "Plan Width": 8,
          "Actual Startup Time": 116.999,
          "Actual Total Time": 127.04,
          "Actual Rows": 4,
          "Actual Loops": 1,
          "Workers Planned": 3,
          "Workers Launched": 3,
          "Single Copy": false,
          "Plans": [
            {
              "Node Type": "Aggregate",
              "Strategy": "Plain",
              "Partial Mode": "Partial",
              "Parent Relationship": "Outer",
              "Parallel Aware": false,
              "Startup Cost": 31862.13,
              "Total Cost": 31862.14,
              "Plan Rows": 1,
              "Plan Width": 8,
              "Actual Startup Time": 108.573,
              "Actual Total Time": 108.574,
              "Actual Rows": 1,
              "Actual Loops": 4,
              "Plans": [
                {
                  "Node Type": "Seq Scan",
                  "Parent Relationship": "Outer",
                  "Parallel Aware": true,
                  "Relation Name": "movie_companies",
                  "Alias": "mc",
                  "Startup Cost": 0.0,
                  "Total Cost": 31414.82,
                  "Plan Rows": 178924,
                  "Plan Width": 0,
                  "Actual Startup Time": 53.076,
                  "Actual Total Time": 97.135,
                  "Actual Rows": 212665,
                  "Actual Loops": 4,
                  "Filter": "((company_id > 14069) AND (company_type_id = 2))",
                  "Rows Removed by Filter": 439617
                }
              ]
            }
          ]
        }
      ]
    },
    "Planning Time": 0.195,
    "Triggers": [],
    "Execution Time": 127.107
  }
]