{
  "Plan": {
    "Node Type": "Aggregate",
    "Strategy": "Plain",
    "Partial Mode": "Finalize",
    "Parallel Aware": false,
    "Startup Cost": 106819.63,
    "Total Cost": 106819.64,
    "Plan Rows": 1,
    "Plan Width": 8,
    "Actual Startup Time": 421.313,
    "Actual Total Time": 460.969,
    "Actual Rows": 1,
    "Actual Loops": 1,
    "Plans": [
      {
        "Node Type": "Gather",
        "Parent Relationship": "Outer",
        "Parallel Aware": false,
        "Startup Cost": 106819.52,
        "Total Cost": 106819.63,
        "Plan Rows": 1,
        "Plan Width": 8,
        "Actual Startup Time": 420.947,
        "Actual Total Time": 460.96,
        "Actual Rows": 2,
        "Actual Loops": 1,
        "Workers Planned": 1,
        "Workers Launched": 1,
        "Single Copy": false,
        "Plans": [
          {
            "Node Type": "Aggregate",
            "Strategy": "Plain",
            "Partial Mode": "Partial",
            "Parent Relationship": "Outer",
            "Parallel Aware": false,
            "Startup Cost": 105819.52,
            "Total Cost": 105819.53,
            "Plan Rows": 1,
            "Plan Width": 8,
            "Actual Startup Time": 414.942,
            "Actual Total Time": 414.947,
            "Actual Rows": 1,
            "Actual Loops": 2,
            "Plans": [
              {
                "Node Type": "Nested Loop",
                "Parent Relationship": "Outer",
                "Parallel Aware": false,
                "Join Type": "Inner",
                "Startup Cost": 54874.44,
                "Total Cost": 105700.1,
                "Plan Rows": 47765,
                "Plan Width": 0,
                "Actual Startup Time": 154.117,
                "Actual Total Time": 410.464,
                "Actual Rows": 70339,
                "Actual Loops": 2,
                "Inner Unique": false,
                "Join Filter": "(t.id = mi.movie_id)",
                "Rows Removed by Join Filter": 0,
                "Plans": [
                  {
                    "Node Type": "Hash Join",
                    "Parent Relationship": "Outer",
                    "Parallel Aware": true,
                    "Join Type": "Inner",
                    "Startup Cost": 54874.0,
                    "Total Cost": 84053.91,
                    "Plan Rows": 8169,
                    "Plan Width": 8,
                    "Actual Startup Time": 154.023,
                    "Actual Total Time": 284.113,
                    "Actual Rows": 5810,
                    "Actual Loops": 2,
                    "Inner Unique": true,
                    "Hash Cond": "(ci.movie_id = t.id)",
                    "Plans": [
                      {
                        "Node Type": "Index Scan",
                        "Parent Relationship": "Outer",
                        "Parallel Aware": true,
                        "Scan Direction": "Forward",
                        "Index Name": "role_id_cast_info",
                        "Relation Name": "cast_info",
                        "Alias": "ci",
                        "Startup Cost": 0.56,
                        "Total Cost": 27781.96,
                        "Plan Rows": 532765,
                        "Plan Width": 4,
                        "Actual Startup Time": 0.21,
                        "Actual Total Time": 66.977,
                        "Actual Rows": 449194,
                        "Actual Loops": 2,
                        "Index Cond": "(role_id = 5)",
                        "Rows Removed by Index Recheck": 0
                      },
                      {
                        "Node Type": "Hash",
                        "Parent Relationship": "Inner",
                        "Parallel Aware": true,
                        "Startup Cost": 54588.39,
                        "Total Cost": 54588.39,
                        "Plan Rows": 22804,
                        "Plan Width": 4,
                        "Actual Startup Time": 153.049,
                        "Actual Total Time": 153.05,
                        "Actual Rows": 19478,
                        "Actual Loops": 2,
                        "Hash Buckets": 65536,
                        "Original Hash Buckets": 65536,
                        "Hash Batches": 1,
                        "Original Hash Batches": 1,
                        "Peak Memory Usage": 2080,
                        "Plans": [
                          {
                            "Node Type": "Seq Scan",
                            "Parent Relationship": "Outer",
                            "Parallel Aware": true,
                            "Relation Name": "title",
                            "Alias": "t",
                            "Startup Cost": 0.0,
                            "Total Cost": 54588.39,
                            "Plan Rows": 22804,
                            "Plan Width": 4,
                            "Actual Startup Time": 0.065,
                            "Actual Total Time": 145.818,
                            "Actual Rows": 19478,
                            "Actual Loops": 2,
                            "Filter": "(production_year = 1997)",
                            "Rows Removed by Filter": 1244678
                          }
                        ]
                      }
                    ]
                  },
                  {
                    "Node Type": "Index Only Scan",
                    "Parent Relationship": "Inner",
                    "Parallel Aware": false,
                    "Scan Direction": "Forward",
                    "Index Name": "movie_id_movie_info",
                    "Relation Name": "movie_info",
                    "Alias": "mi",
                    "Startup Cost": 0.43,
                    "Total Cost": 2.12,
                    "Plan Rows": 42,
                    "Plan Width": 4,
                    "Actual Startup Time": 0.007,
                    "Actual Total Time": 0.02,
                    "Actual Rows": 12,
                    "Actual Loops": 11620,
                    "Index Cond": "(movie_id = ci.movie_id)",
                    "Rows Removed by Index Recheck": 0,
                    "Heap Fetches": 140678
                  }
                ]
              }
            ]
          }
        ]
      }
    ]
  },
  "Planning Time": 0.515,
  "Triggers": [],
  "Execution Time": 461.038
}