{
  "Plan": {
    "Node Type": "Aggregate",
    "Strategy": "Plain",
    "Partial Mode": "Simple",
    "Parallel Aware": false,
    "Startup Cost": 76914.25,
    "Total Cost": 76914.26,
    "Plan Rows": 1,
    "Plan Width": 64,
    "Actual Startup Time": 3478.682,
    "Actual Total Time": 3478.849,
    "Actual Rows": 1,
    "Actual Loops": 1,
    "Plans": [
      {
        "Node Type": "Hash Join",
        "Parent Relationship": "Outer",
        "Parallel Aware": false,
        "Join Type": "Inner",
        "Startup Cost": 74285.97,
        "Total Cost": 76914.25,
        "Plan Rows": 1,
        "Plan Width": 23,
        "Actual Startup Time": 3455.627,
        "Actual Total Time": 3478.712,
        "Actual Rows": 925,
        "Actual Loops": 1,
        "Inner Unique": false,
        "Hash Cond": "(k.id = mk.keyword_id)",
        "Plans": [
          {
            "Node Type": "Seq Scan",
            "Parent Relationship": "Outer",
            "Parallel Aware": false,
            "Relation Name": "keyword",
            "Alias": "k",
            "Startup Cost": 0.0,
            "Total Cost": 2626.12,
            "Plan Rows": 13,
            "Plan Width": 4,
            "Actual Startup Time": 2.608,
            "Actual Total Time": 25.186,
            "Actual Rows": 30,
            "Actual Loops": 1,
            "Filter": "(keyword ~~ '%sequel%'::text)",
            "Rows Removed by Filter": 134140
          },
          {
            "Node Type": "Hash",
            "Parent Relationship": "Inner",
            "Parallel Aware": false,
            "Startup Cost": 74231.45,
            "Total Cost": 74231.45,
            "Plan Rows": 4361,
            "Plan Width": 27,
            "Actual Startup Time": 3452.846,
            "Actual Total Time": 3453.011,
            "Actual Rows": 507503,
            "Actual Loops": 1,
            "Hash Buckets": 524288,
            "Original Hash Buckets": 8192,
            "Hash Batches": 1,
            "Original Hash Batches": 1,
            "Peak Memory Usage": 32871,
            "Plans": [
              {
                "Node Type": "Gather",
                "Parent Relationship": "Outer",
                "Parallel Aware": false,
                "Startup Cost": 21657.2,
                "Total Cost": 74231.45,
                "Plan Rows": 4361,
                "Plan Width": 27,
                "Actual Startup Time": 340.71,
                "Actual Total Time": 3303.659,
                "Actual Rows": 507503,
                "Actual Loops": 1,
                "Workers Planned": 3,
                "Workers Launched": 3,
                "Single Copy": false,
                "Plans": [
                  {
                    "Node Type": "Nested Loop",
                    "Parent Relationship": "Outer",
                    "Parallel Aware": false,
                    "Join Type": "Inner",
                    "Startup Cost": 20657.2,
                    "Total Cost": 72795.35,
                    "Plan Rows": 1407,
                    "Plan Width": 27,
                    "Actual Startup Time": 335.391,
                    "Actual Total Time": 3321.006,
                    "Actual Rows": 126876,
                    "Actual Loops": 4,
                    "Inner Unique": true,
                    "Join Filter": "(mi_idx.movie_id = t.id)",
                    "Rows Removed by Join Filter": 0,
                    "Plans": [
                      {
                        "Node Type": "Hash Join",
                        "Parent Relationship": "Outer",
                        "Parallel Aware": false,
                        "Join Type": "Inner",
                        "Startup Cost": 20656.77,
                        "Total Cost": 65325.31,
                        "Plan Rows": 14872,
                        "Plan Width": 18,
                        "Actual Startup Time": 332.639,
                        "Actual Total Time": 790.554,
                        "Actual Rows": 720414,
                        "Actual Loops": 4,
                        "Inner Unique": false,
                        "Hash Cond": "(mk.movie_id = mi_idx.movie_id)",
                        "Plans": [
                          {
                            "Node Type": "Seq Scan",
                            "Parent Relationship": "Outer",
                            "Parallel Aware": true,
                            "Relation Name": "movie_keyword",
                            "Alias": "mk",
                            "Startup Cost": 0.0,
                            "Total Cost": 39047.32,
                            "Plan Rows": 1459332,
                            "Plan Width": 8,
                            "Actual Startup Time": 0.073,
                            "Actual Total Time": 150.85,
                            "Actual Rows": 1130982,
                            "Actual Loops": 4
                          },
                          {
                            "Node Type": "Hash",
                            "Parent Relationship": "Inner",
                            "Parallel Aware": false,
                            "Startup Cost": 20599.32,
                            "Total Cost": 20599.32,
                            "Plan Rows": 4596,
                            "Plan Width": 10,
                            "Actual Startup Time": 332.013,
                            "Actual Total Time": 332.016,
                            "Actual Rows": 352990,
                            "Actual Loops": 4,
                            "Hash Buckets": 524288,
                            "Original Hash Buckets": 8192,
                            "Hash Batches": 1,
                            "Original Hash Batches": 1,
                            "Peak Memory Usage": 17885,
                            "Plans": [
                              {
                                "Node Type": "Nested Loop",
                                "Parent Relationship": "Outer",
                                "Parallel Aware": false,
                                "Join Type": "Inner",
                                "Startup Cost": 6188.45,
                                "Total Cost": 20599.32,
                                "Plan Rows": 4596,
                                "Plan Width": 10,
                                "Actual Startup Time": 44.34,
                                "Actual Total Time": 235.328,
                                "Actual Rows": 352990,
                                "Actual Loops": 4,
                                "Inner Unique": false,
                                "Plans": [
                                  {
                                    "Node Type": "Seq Scan",
                                    "Parent Relationship": "Outer",
                                    "Parallel Aware": false,
                                    "Relation Name": "info_type",
                                    "Alias": "it",
                                    "Startup Cost": 0.0,
                                    "Total Cost": 2.41,
                                    "Plan Rows": 1,
                                    "Plan Width": 4,
                                    "Actual Startup Time": 0.102,
                                    "Actual Total Time": 0.108,
                                    "Actual Rows": 1,
                                    "Actual Loops": 4,
                                    "Filter": "((info)::text = 'rating'::text)",
                                    "Rows Removed by Filter": 112
                                  },
                                  {
                                    "Node Type": "Bitmap Heap Scan",
                                    "Parent Relationship": "Inner",
                                    "Parallel Aware": false,
                                    "Relation Name": "movie_info_idx",
                                    "Alias": "mi_idx",
                                    "Startup Cost": 6188.45,
                                    "Total Cost": 19298.59,
                                    "Plan Rows": 129832,
                                    "Plan Width": 14,
                                    "Actual Startup Time": 44.224,
                                    "Actual Total Time": 194.926,
                                    "Actual Rows": 352990,
                                    "Actual Loops": 4,
                                    "Recheck Cond": "(info_type_id = it.id)",
                                    "Rows Removed by Index Recheck": 0,
                                    "Filter": "(info > '5.0'::text)",
                                    "Rows Removed by Filter": 106935,
                                    "Exact Heap Blocks": 7934,
                                    "Lossy Heap Blocks": 0,
                                    "Plans": [
                                      {
                                        "Node Type": "Bitmap Index Scan",
                                        "Parent Relationship": "Outer",
                                        "Parallel Aware": false,
                                        "Index Name": "info_type_id_movie_info_idx",
                                        "Startup Cost": 0.0,
                                        "Total Cost": 6155.99,
                                        "Plan Rows": 345009,
                                        "Plan Width": 0,
                                        "Actual Startup Time": 42.696,
                                        "Actual Total Time": 42.696,
                                        "Actual Rows": 459925,
                                        "Actual Loops": 4,
                                        "Index Cond": "(info_type_id = it.id)"
                                      }
                                    ]
                                  }
                                ]
                              }
                            ]
                          }
                        ]
                      },
                      {
                        "Node Type": "Index Scan",
                        "Parent Relationship": "Inner",
                        "Parallel Aware": false,
                        "Scan Direction": "Forward",
                        "Index Name": "title_pkey",
                        "Relation Name": "title",
                        "Alias": "t",
                        "Startup Cost": 0.43,
                        "Total Cost": 0.49,
                        "Plan Rows": 1,
                        "Plan Width": 21,
                        "Actual Startup Time": 0.003,
                        "Actual Total Time": 0.003,
                        "Actual Rows": 0,
                        "Actual Loops": 2881657,
                        "Index Cond": "(id = mk.movie_id)",
                        "Rows Removed by Index Recheck": 0,
                        "Filter": "(production_year < 1960)",
                        "Rows Removed by Filter": 1
                      }
                    ]
                  }
                ]
              }
            ]
          }
        ]
      }
    ]
  },
  "Planning Time": 7.107,
  "Triggers": [],
  "Execution Time": 3483.441
}