[
  {
    "Plan": {
      "Node Type": "Aggregate",
      "Strategy": "Plain",
      "Partial Mode": "Finalize",
      "Parallel Aware": false,
      "Startup Cost": 389568.25,
      "Total Cost": 389568.26,
      "Plan Rows": 1,
      "Plan Width": 8,
      "Actual Startup Time": 1457.706,
      "Actual Total Time": 1528.638,
      "Actual Rows": 1,
      "Actual Loops": 1,
      "Plans": [
        {
          "Node Type": "Gather",
          "Parent Relationship": "Outer",
          "Parallel Aware": false,
          "Startup Cost": 389567.63,
          "Total Cost": 389568.24,
          "Plan Rows": 6,
          "Plan Width": 8,
          "Actual Startup Time": 1455.259,
          "Actual Total Time": 1528.625,
          "Actual Rows": 7,
          "Actual Loops": 1,
          "Workers Planned": 6,
          "Workers Launched": 6,
          "Single Copy": false,
          "Plans": [
            {
              "Node Type": "Aggregate",
              "Strategy": "Plain",
              "Partial Mode": "Partial",
              "Parent Relationship": "Outer",
              "Parallel Aware": false,
              "Startup Cost": 388567.63,
              "Total Cost": 388567.64,
              "Plan Rows": 1,
              "Plan Width": 8,
              "Actual Startup Time": 1444.6,
              "Actual Total Time": 1444.649,
              "Actual Rows": 1,
              "Actual Loops": 7,
              "Plans": [
                {
                  "Node Type": "Hash Join",
                  "Parent Relationship": "Outer",
                  "Parallel Aware": true,
                  "Join Type": "Inner",
                  "Startup Cost": 46284.22,
                  "Total Cost": 387318.38,
                  "Plan Rows": 499700,
                  "Plan Width": 0,
                  "Actual Startup Time": 105.737,
                  "Actual Total Time": 1417.171,
                  "Actual Rows": 581172,
                  "Actual Loops": 7,
                  "Inner Unique": true,
                  "Hash Cond": "(ci.movie_id = t.id)",
                  "Plans": [
                    {
                      "Node Type": "Seq Scan",
                      "Parent Relationship": "Outer",
                      "Parallel Aware": true,
                      "Relation Name": "cast_info",
                      "Alias": "ci",
                      "Startup Cost": 0.0,
                      "Total Cost": 328162.03,
                      "Plan Rows": 4903659,
                      "Plan Width": 4,
                      "Actual Startup Time": 0.019,
                      "Actual Total Time": 614.304,
                      "Actual Rows": 4229187,
                      "Actual Loops": 7,
                      "Filter": "(person_id < 2995005)",
                      "Rows Removed by Filter": 948576
                    },
                    {
                      "Node Type": "Hash",
                      "Parent Relationship": "Inner",
                      "Parallel Aware": true,
                      "Startup Cost": 45479.1,
                      "Total Cost": 45479.1,
                      "Plan Rows": 64410,
                      "Plan Width": 4,
                      "Actual Startup Time": 103.781,
                      "Actual Total Time": 103.782,
                      "Actual Rows": 53420,
                      "Actual Loops": 7,
                      "Hash Buckets": 524288,
                      "Original Hash Buckets": 262144,
                      "Hash Batches": 1,
                      "Original Hash Batches": 1,
                      "Peak Memory Usage": 20832,
                      "Plans": [
                        {
                          "Node Type": "Seq Scan",
                          "Parent Relationship": "Outer",
                          "Parallel Aware": true,
                          "Relation Name": "title",
                          "Alias": "t",
                          "Startup Cost": 0.0,
                          "Total Cost": 45479.1,
                          "Plan Rows": 64410,
                          "Plan Width": 4,
                          "Actual Startup Time": 0.07,
                          "Actual Total Time": 77.188,
                          "Actual Rows": 53420,
                          "Actual Loops": 7,
                          "Filter": "((kind_id < 7) AND (production_year < 1989))",
                          "Rows Removed by Filter": 307767
                        }
                      ]
                    }
                  ]
                }
              ]
            }
          ]
        }
      ]
    },
    "Planning Time": 0.589,
    "Triggers": [],
    "Execution Time": 1528.723
  }
]