{
  "Plan": {
    "Node Type": "Aggregate",
    "Strategy": "Plain",
    "Partial Mode": "Finalize",
    "Parallel Aware": false,
    "Startup Cost": 760467.36,
    "Total Cost": 760467.37,
    "Plan Rows": 1,
    "Plan Width": 8,
    "Actual Startup Time": 2309.111,
    "Actual Total Time": 2403.396,
    "Actual Rows": 1,
    "Actual Loops": 1,
    "Plans": [
      {
        "Node Type": "Gather",
        "Parent Relationship": "Outer",
        "Parallel Aware": false,
        "Startup Cost": 760467.25,
        "Total Cost": 760467.36,
        "Plan Rows": 1,
        "Plan Width": 8,
        "Actual Startup Time": 2308.769,
        "Actual Total Time": 2403.388,
        "Actual Rows": 2,
        "Actual Loops": 1,
        "Workers Planned": 1,
        "Workers Launched": 1,
        "Single Copy": false,
        "Plans": [
          {
            "Node Type": "Aggregate",
            "Strategy": "Plain",
            "Partial Mode": "Partial",
            "Parent Relationship": "Outer",
            "Parallel Aware": false,
            "Startup Cost": 759467.25,
            "Total Cost": 759467.26,
            "Plan Rows": 1,
            "Plan Width": 8,
            "Actual Startup Time": 2302.334,
            "Actual Total Time": 2302.339,
            "Actual Rows": 1,
            "Actual Loops": 2,
            "Plans": [
              {
                "Node Type": "Nested Loop",
                "Parent Relationship": "Outer",
                "Parallel Aware": false,
                "Join Type": "Inner",
                "Startup Cost": 53961.82,
                "Total Cost": 758493.57,
                "Plan Rows": 389471,
                "Plan Width": 0,
                "Actual Startup Time": 617.917,
                "Actual Total Time": 2273.613,
                "Actual Rows": 685000,
                "Actual Loops": 2,
                "Inner Unique": false,
                "Join Filter": "(t.id = mi.movie_id)",
                "Rows Removed by Join Filter": 0,
                "Plans": [
                  {
                    "Node Type": "Hash Join",
                    "Parent Relationship": "Outer",
                    "Parallel Aware": true,
                    "Join Type": "Inner",
                    "Startup Cost": 53961.39,
                    "Total Cost": 637966.2,
                    "Plan Rows": 66607,
                    "Plan Width": 8,
                    "Actual Startup Time": 617.841,
                    "Actual Total Time": 1695.291,
                    "Actual Rows": 29037,
                    "Actual Loops": 2,
                    "Inner Unique": true,
                    "Hash Cond": "(ci.movie_id = t.id)",
                    "Plans": [
                      {
                        "Node Type": "Seq Scan",
                        "Parent Relationship": "Outer",
                        "Parallel Aware": true,
                        "Relation Name": "cast_info",
                        "Alias": "ci",
                        "Startup Cost": 0.0,
                        "Total Cost": 572345.93,
                        "Plan Rows": 4441469,
                        "Plan Width": 4,
                        "Actual Startup Time": 511.081,
                        "Actual Total Time": 1422.875,
                        "Actual Rows": 1606436,
                        "Actual Loops": 2,
                        "Filter": "((person_id < 1132196) AND (role_id > 1))",
                        "Rows Removed by Filter": 16515736
                      },
                      {
                        "Node Type": "Hash",
                        "Parent Relationship": "Inner",
                        "Parallel Aware": true,
                        "Startup Cost": 53682.59,
                        "Total Cost": 53682.59,
                        "Plan Rows": 22304,
                        "Plan Width": 4,
                        "Actual Startup Time": 99.248,
                        "Actual Total Time": 99.249,
                        "Actual Rows": 16595,
                        "Actual Loops": 2,
                        "Hash Buckets": 65536,
                        "Original Hash Buckets": 65536,
                        "Hash Batches": 1,
                        "Original Hash Batches": 1,
                        "Peak Memory Usage": 1856,
                        "Plans": [
                          {
                            "Node Type": "Bitmap Heap Scan",
                            "Parent Relationship": "Outer",
                            "Parallel Aware": true,
                            "Relation Name": "title",
                            "Alias": "t",
                            "Startup Cost": 11832.33,
                            "Total Cost": 53682.59,
                            "Plan Rows": 22304,
                            "Plan Width": 4,
                            "Actual Startup Time": 36.726,
                            "Actual Total Time": 94.982,
                            "Actual Rows": 16595,
                            "Actual Loops": 2,
                            "Recheck Cond": "(kind_id = 1)",
                            "Rows Removed by Index Recheck": 0,
                            "Filter": "(production_year = 2010)",
                            "Rows Removed by Filter": 314818,
                            "Exact Heap Blocks": 9281,
                            "Lossy Heap Blocks": 0,
                            "Plans": [
                              {
                                "Node Type": "Bitmap Index Scan",
                                "Parent Relationship": "Outer",
                                "Parallel Aware": false,
                                "Index Name": "kind_id_title",
                                "Startup Cost": 0.0,
                                "Total Cost": 11822.85,
                                "Plan Rows": 663256,
                                "Plan Width": 0,
                                "Actual Startup Time": 39.373,
                                "Actual Total Time": 39.374,
                                "Actual Rows": 662825,
                                "Actual Loops": 1,
                                "Index Cond": "(kind_id = 1)"
                              }
                            ]
                          }
                        ]
                      }
                    ]
                  },
                  {
                    "Node Type": "Index Only Scan",
                    "Parent Relationship": "Inner",
                    "Parallel Aware": false,
                    "Scan Direction": "Forward",
                    "Index Name": "movie_id_movie_info",
                    "Relation Name": "movie_info",
                    "Alias": "mi",
                    "Startup Cost": 0.43,
                    "Total Cost": 1.28,
                    "Plan Rows": 42,
                    "Plan Width": 4,
                    "Actual Startup Time": 0.006,
                    "Actual Total Time": 0.018,
                    "Actual Rows": 24,
                    "Actual Loops": 58074,
                    "Index Cond": "(movie_id = ci.movie_id)",
                    "Rows Removed by Index Recheck": 0,
                    "Heap Fetches": 1370001
                  }
                ]
              }
            ]
          }
        ]
      }
    ]
  },
  "Planning Time": 1.027,
  "Triggers": [],
  "Execution Time": 2403.527
}