[
  {
    "Plan": {
      "Node Type": "Aggregate",
      "Strategy": "Plain",
      "Partial Mode": "Finalize",
      "Parallel Aware": false,
      "Startup Cost": 113450.83,
      "Total Cost": 113450.84,
      "Plan Rows": 1,
      "Plan Width": 8,
      "Actual Startup Time": 569.525,
      "Actual Total Time": 590.33,
      "Actual Rows": 1,
      "Actual Loops": 1,
      "Plans": [
        {
          "Node Type": "Gather",
          "Parent Relationship": "Outer",
          "Parallel Aware": false,
          "Startup Cost": 113450.51,
          "Total Cost": 113450.82,
          "Plan Rows": 3,
          "Plan Width": 8,
          "Actual Startup Time": 559.978,
          "Actual Total Time": 590.321,
          "Actual Rows": 4,
          "Actual Loops": 1,
          "Workers Planned": 3,
          "Workers Launched": 3,
          "Single Copy": false,
          "Plans": [
            {
              "Node Type": "Aggregate",
              "Strategy": "Plain",
              "Partial Mode": "Partial",
              "Parent Relationship": "Outer",
              "Parallel Aware": false,
              "Startup Cost": 112450.51,
              "Total Cost": 112450.52,
              "Plan Rows": 1,
              "Plan Width": 8,
              "Actual Startup Time": 546.986,
              "Actual Total Time": 546.993,
              "Actual Rows": 1,
              "Actual Loops": 4,
              "Plans": [
                {
                  "Node Type": "Hash Join",
                  "Parent Relationship": "Outer",
                  "Parallel Aware": true,
                  "Join Type": "Inner",
                  "Startup Cost": 81312.27,
                  "Total Cost": 112356.85,
                  "Plan Rows": 37467,
                  "Plan Width": 0,
                  "Actual Startup Time": 484.2,
                  "Actual Total Time": 542.268,
                  "Actual Rows": 118065,
                  "Actual Loops": 4,
                  "Inner Unique": false,
                  "Hash Cond": "(mc.movie_id = t.id)",
                  "Plans": [
                    {
                      "Node Type": "Seq Scan",
                      "Parent Relationship": "Outer",
                      "Parallel Aware": true,
                      "Relation Name": "movie_companies",
                      "Alias": "mc",
                      "Startup Cost": 0.0,
                      "Total Cost": 29310.68,
                      "Plan Rows": 430142,
                      "Plan Width": 4,
                      "Actual Startup Time": 28.614,
                      "Actual Total Time": 63.116,
                      "Actual Rows": 333721,
                      "Actual Loops": 4,
                      "Filter": "(company_type_id = 2)",
                      "Rows Removed by Filter": 318562
                    },
                    {
                      "Node Type": "Hash",
                      "Parent Relationship": "Inner",
                      "Parallel Aware": true,
                      "Startup Cost": 80424.21,
                      "Total Cost": 80424.21,
                      "Plan Rows": 71045,
                      "Plan Width": 8,
                      "Actual Startup Time": 430.848,
                      "Actual Total Time": 430.853,
                      "Actual Rows": 56734,
                      "Actual Loops": 4,
                      "Hash Buckets": 262144,
                      "Original Hash Buckets": 262144,
                      "Hash Batches": 1,
                      "Original Hash Batches": 1,
                      "Peak Memory Usage": 11008,
                      "Plans": [
                        {
                          "Node Type": "Hash Join",
                          "Parent Relationship": "Outer",
                          "Parallel Aware": true,
                          "Join Type": "Inner",
                          "Startup Cost": 54895.66,
                          "Total Cost": 80424.21,
                          "Plan Rows": 71045,
                          "Plan Width": 8,
                          "Actual Startup Time": 351.747,
                          "Actual Total Time": 410.508,
                          "Actual Rows": 56734,
                          "Actual Loops": 4,
                          "Inner Unique": true,
                          "Hash Cond": "(mk.movie_id = t.id)",
                          "Plans": [
                            {
                              "Node Type": "Bitmap Heap Scan",
                              "Parent Relationship": "Outer",
                              "Parallel Aware": true,
                              "Relation Name": "movie_keyword",
                              "Alias": "mk",
                              "Startup Cost": 4675.28,
                              "Total Cost": 30017.33,
                              "Plan Rows": 71045,
                              "Plan Width": 4,
                              "Actual Startup Time": 17.07,
                              "Actual Total Time": 53.28,
                              "Actual Rows": 56734,
                              "Actual Loops": 4,
                              "Recheck Cond": "(keyword_id > 63855)",
                              "Rows Removed by Index Recheck": 0,
                              "Exact Heap Blocks": 6453,
                              "Lossy Heap Blocks": 0,
                              "Plans": [
                                {
                                  "Node Type": "Bitmap Index Scan",
                                  "Parent Relationship": "Outer",
                                  "Parallel Aware": false,
                                  "Index Name": "keyword_id_movie_keyword",
                                  "Startup Cost": 0.0,
                                  "Total Cost": 4620.22,
                                  "Plan Rows": 220238,
                                  "Plan Width": 0,
                                  "Actual Startup Time": 13.998,
                                  "Actual Total Time": 13.998,
                                  "Actual Rows": 226938,
                                  "Actual Loops": 1,
                                  "Index Cond": "(keyword_id > 63855)"
                                }
                              ]
                            },
                            {
                              "Node Type": "Hash",
                              "Parent Relationship": "Inner",
                              "Parallel Aware": true,
                              "Startup Cost": 42319.06,
                              "Total Cost": 42319.06,
                              "Plan Rows": 632106,
                              "Plan Width": 4,
                              "Actual Startup Time": 327.526,
                              "Actual Total Time": 327.527,
                              "Actual Rows": 632078,
                              "Actual Loops": 4,
                              "Hash Buckets": 4194304,
                              "Original Hash Buckets": 4194304,
                              "Hash Batches": 1,
                              "Original Hash Batches": 1,
                              "Peak Memory Usage": 131744,
                              "Plans": [
                                {
                                  "Node Type": "Seq Scan",
                                  "Parent Relationship": "Outer",
                                  "Parallel Aware": true,
                                  "Relation Name": "title",
                                  "Alias": "t",
                                  "Startup Cost": 0.0,
                                  "Total Cost": 42319.06,
                                  "Plan Rows": 632106,
                                  "Plan Width": 4,
                                  "Actual Startup Time": 0.044,
                                  "Actual Total Time": 94.879,
                                  "Actual Rows": 632078,
                                  "Actual Loops": 4
                                }
                              ]
                            }
                          ]
                        }
                      ]
                    }
                  ]
                }
              ]
            }
          ]
        }
      ]
    },
    "Planning Time": 0.531,
    "Triggers": [],
    "Execution Time": 590.386
  }
]