[
  {
    "Plan": {
      "Node Type": "Aggregate",
      "Strategy": "Plain",
      "Partial Mode": "Finalize",
      "Parallel Aware": false,
      "Startup Cost": 349129.81,
      "Total Cost": 349129.82,
      "Plan Rows": 1,
      "Plan Width": 8,
      "Actual Startup Time": 761.913,
      "Actual Total Time": 803.264,
      "Actual Rows": 1,
      "Actual Loops": 1,
      "Plans": [
        {
          "Node Type": "Gather",
          "Parent Relationship": "Outer",
          "Parallel Aware": false,
          "Startup Cost": 349129.18,
          "Total Cost": 349129.79,
          "Plan Rows": 6,
          "Plan Width": 8,
          "Actual Startup Time": 761.607,
          "Actual Total Time": 803.253,
          "Actual Rows": 7,
          "Actual Loops": 1,
          "Workers Planned": 6,
          "Workers Launched": 6,
          "Single Copy": false,
          "Plans": [
            {
              "Node Type": "Aggregate",
              "Strategy": "Plain",
              "Partial Mode": "Partial",
              "Parent Relationship": "Outer",
              "Parallel Aware": false,
              "Startup Cost": 348129.18,
              "Total Cost": 348129.2,
              "Plan Rows": 1,
              "Plan Width": 8,
              "Actual Startup Time": 754.493,
              "Actual Total Time": 754.495,
              "Actual Rows": 1,
              "Actual Loops": 7,
              "Plans": [
                {
                  "Node Type": "Seq Scan",
                  "Parent Relationship": "Outer",
                  "Parallel Aware": true,
                  "Relation Name": "cast_info",
                  "Alias": "ci",
                  "Startup Cost": 0.0,
                  "Total Cost": 343316.27,
                  "Plan Rows": 1925166,
                  "Plan Width": 0,
                  "Actual Startup Time": 225.859,
                  "Actual Total Time": 642.643,
                  "Actual Rows": 2510936,
                  "Actual Loops": 7,
                  "Filter": "((person_id > 1859253) AND (role_id > 1))",
                  "Rows Removed by Filter": 2666827
                }
              ]
            }
          ]
        }
      ]
    },
    "Planning Time": 0.224,
    "Triggers": [],
    "Execution Time": 803.332
  }
]