{
    "Plan": {
        "Node Type": "Aggregate",
        "Strategy": "Plain",
        "Partial Mode": "Finalize",
        "Parallel Aware": false,
        "Startup Cost": 218333.79,
        "Total Cost": 218333.8,
        "Plan Rows": 1,
        "Plan Width": 8,
        "Actual Startup Time": 144.849,
        "Actual Total Time": 163.998,
        "Actual Rows": 1,
        "Actual Loops": 1,
        "Output": [
            "count(*)"
        ],
        "Plans": [
            {
                "Node Type": "Gather",
                "Parent Relationship": "Outer",
                "Parallel Aware": false,
                "Startup Cost": 218333.37,
                "Total Cost": 218333.78,
                "Plan Rows": 4,
                "Plan Width": 8,
                "Actual Startup Time": 144.739,
                "Actual Total Time": 163.99,
                "Actual Rows": 5,
                "Actual Loops": 1,
                "Output": [
                    "(PARTIAL count(*))"
                ],
                "Workers Planned": 4,
                "Workers Launched": 4,
                "Single Copy": false,
                "Plans": [
                    {
                        "Node Type": "Aggregate",
                        "Strategy": "Plain",
                        "Partial Mode": "Partial",
                        "Parent Relationship": "Outer",
                        "Parallel Aware": false,
                        "Startup Cost": 217333.37,
                        "Total Cost": 217333.38,
                        "Plan Rows": 1,
                        "Plan Width": 8,
                        "Actual Startup Time": 135.053,
                        "Actual Total Time": 135.054,
                        "Actual Rows": 1,
                        "Actual Loops": 5,
                        "Output": [
                            "PARTIAL count(*)"
                        ],
                        "Workers": [
                            {
                                "Worker Number": 0,
                                "Actual Startup Time": 132.449,
                                "Actual Total Time": 132.45,
                                "Actual Rows": 1,
                                "Actual Loops": 1
                            },
                            {
                                "Worker Number": 1,
                                "Actual Startup Time": 132.835,
                                "Actual Total Time": 132.836,
                                "Actual Rows": 1,
                                "Actual Loops": 1
                            },
                            {
                                "Worker Number": 2,
                                "Actual Startup Time": 132.985,
                                "Actual Total Time": 132.986,
                                "Actual Rows": 1,
                                "Actual Loops": 1
                            },
                            {
                                "Worker Number": 3,
                                "Actual Startup Time": 133.006,
                                "Actual Total Time": 133.008,
                                "Actual Rows": 1,
                                "Actual Loops": 1
                            }
                        ],
                        "Plans": [
                            {
                                "Node Type": "Nested Loop",
                                "Parent Relationship": "Outer",
                                "Parallel Aware": false,
                                "Join Type": "Inner",
                                "Startup Cost": 0.43,
                                "Total Cost": 217294.33,
                                "Plan Rows": 15616,
                                "Plan Width": 0,
                                "Actual Startup Time": 0.335,
                                "Actual Total Time": 133.316,
                                "Actual Rows": 16676,
                                "Actual Loops": 5,
                                "Inner Unique": false,
                                "Workers": [
                                    {
                                        "Worker Number": 0,
                                        "Actual Startup Time": 0.458,
                                        "Actual Total Time": 130.667,
                                        "Actual Rows": 10985,
                                        "Actual Loops": 1
                                    },
                                    {
                                        "Worker Number": 1,
                                        "Actual Startup Time": 0.356,
                                        "Actual Total Time": 131.062,
                                        "Actual Rows": 11055,
                                        "Actual Loops": 1
                                    },
                                    {
                                        "Worker Number": 2,
                                        "Actual Startup Time": 0.437,
                                        "Actual Total Time": 131.41,
                                        "Actual Rows": 16546,
                                        "Actual Loops": 1
                                    },
                                    {
                                        "Worker Number": 3,
                                        "Actual Startup Time": 0.321,
                                        "Actual Total Time": 131.266,
                                        "Actual Rows": 11083,
                                        "Actual Loops": 1
                                    }
                                ],
                                "Plans": [
                                    {
                                        "Node Type": "Seq Scan",
                                        "Parent Relationship": "Outer",
                                        "Parallel Aware": true,
                                        "Relation Name": "title",
                                        "Schema": "public",
                                        "Alias": "t",
                                        "Startup Cost": 0.0,
                                        "Total Cost": 43899.01,
                                        "Plan Rows": 2676,
                                        "Plan Width": 4,
                                        "Actual Startup Time": 0.109,
                                        "Actual Total Time": 78.453,
                                        "Actual Rows": 2103,
                                        "Actual Loops": 5,
                                        "Output": [
                                            "t.id",
                                            "t.title",
                                            "t.imdb_index",
                                            "t.kind_id",
                                            "t.production_year",
                                            "t.imdb_id",
                                            "t.phonetic_code",
                                            "t.episode_of_id",
                                            "t.season_nr",
                                            "t.episode_nr",
                                            "t.series_years",
                                            "t.md5sum"
                                        ],
                                        "Filter": "(t.production_year = 1959)",
                                        "Rows Removed by Filter": 503559,
                                        "Workers": [
                                            {
                                                "Worker Number": 0,
                                                "Actual Startup Time": 0.153,
                                                "Actual Total Time": 72.422,
                                                "Actual Rows": 1442,
                                                "Actual Loops": 1
                                            },
                                            {
                                                "Worker Number": 1,
                                                "Actual Startup Time": 0.068,
                                                "Actual Total Time": 72.387,
                                                "Actual Rows": 1419,
                                                "Actual Loops": 1
                                            },
                                            {
                                                "Worker Number": 2,
                                                "Actual Startup Time": 0.187,
                                                "Actual Total Time": 73.836,
                                                "Actual Rows": 2100,
                                                "Actual Loops": 1
                                            },
                                            {
                                                "Worker Number": 3,
                                                "Actual Startup Time": 0.065,
                                                "Actual Total Time": 73.49,
                                                "Actual Rows": 1413,
                                                "Actual Loops": 1
                                            }
                                        ]
                                    },
                                    {
                                        "Node Type": "Index Only Scan",
                                        "Parent Relationship": "Inner",
                                        "Parallel Aware": false,
                                        "Scan Direction": "Forward",
                                        "Index Name": "movie_id_movie_info",
                                        "Relation Name": "movie_info",
                                        "Schema": "public",
                                        "Alias": "mi",
                                        "Startup Cost": 0.43,
                                        "Total Cost": 64.41,
                                        "Plan Rows": 39,
                                        "Plan Width": 4,
                                        "Actual Startup Time": 0.01,
                                        "Actual Total Time": 0.025,
                                        "Actual Rows": 8,
                                        "Actual Loops": 10517,
                                        "Output": [
                                            "mi.movie_id"
                                        ],
                                        "Index Cond": "(mi.movie_id = t.id)",
                                        "Rows Removed by Index Recheck": 0,
                                        "Heap Fetches": 83380,
                                        "Workers": [
                                            {
                                                "Worker Number": 0,
                                                "Actual Startup Time": 0.015,
                                                "Actual Total Time": 0.038,
                                                "Actual Rows": 8,
                                                "Actual Loops": 1442
                                            },
                                            {
                                                "Worker Number": 1,
                                                "Actual Startup Time": 0.016,
                                                "Actual Total Time": 0.039,
                                                "Actual Rows": 8,
                                                "Actual Loops": 1419
                                            },
                                            {
                                                "Worker Number": 2,
                                                "Actual Startup Time": 0.01,
                                                "Actual Total Time": 0.026,
                                                "Actual Rows": 8,
                                                "Actual Loops": 2100
                                            },
                                            {
                                                "Worker Number": 3,
                                                "Actual Startup Time": 0.015,
                                                "Actual Total Time": 0.039,
                                                "Actual Rows": 8,
                                                "Actual Loops": 1413
                                            }
                                        ]
                                    }
                                ]
                            }
                        ]
                    }
                ]
            }
        ]
    },
    "Planning Time": 0.665,
    "Triggers": [],
    "Execution Time": 164.074
}