[
  {
    "Plan": {
      "Node Type": "Aggregate",
      "Strategy": "Plain",
      "Partial Mode": "Finalize",
      "Parallel Aware": false,
      "Startup Cost": 46500.42,
      "Total Cost": 46500.43,
      "Plan Rows": 1,
      "Plan Width": 8,
      "Actual Startup Time": 84.657,
      "Actual Total Time": 95.717,
      "Actual Rows": 1,
      "Actual Loops": 1,
      "Plans": [
        {
          "Node Type": "Gather",
          "Parent Relationship": "Outer",
          "Parallel Aware": false,
          "Startup Cost": 46500.0,
          "Total Cost": 46500.41,
          "Plan Rows": 4,
          "Plan Width": 8,
          "Actual Startup Time": 84.515,
          "Actual Total Time": 95.709,
          "Actual Rows": 5,
          "Actual Loops": 1,
          "Workers Planned": 4,
          "Workers Launched": 4,
          "Single Copy": false,
          "Plans": [
            {
              "Node Type": "Aggregate",
              "Strategy": "Plain",
              "Partial Mode": "Partial",
              "Parent Relationship": "Outer",
              "Parallel Aware": false,
              "Startup Cost": 45500.0,
              "Total Cost": 45500.01,
              "Plan Rows": 1,
              "Plan Width": 8,
              "Actual Startup Time": 78.912,
              "Actual Total Time": 78.913,
              "Actual Rows": 1,
              "Actual Loops": 5,
              "Plans": [
                {
                  "Node Type": "Seq Scan",
                  "Parent Relationship": "Outer",
                  "Parallel Aware": true,
                  "Relation Name": "title",
                  "Alias": "t",
                  "Startup Cost": 0.0,
                  "Total Cost": 45479.59,
                  "Plan Rows": 8164,
                  "Plan Width": 0,
                  "Actual Startup Time": 48.419,
                  "Actual Total Time": 78.579,
                  "Actual Rows": 4421,
                  "Actual Loops": 5,
                  "Filter": "((kind_id = 1) AND (production_year = 2008))",
                  "Rows Removed by Filter": 501241
                }
              ]
            }
          ]
        }
      ]
    },
    "Planning Time": 0.149,
    "Triggers": [],
    "Execution Time": 95.768
  }
]