[
  {
    "Plan": {
      "Node Type": "Aggregate",
      "Strategy": "Plain",
      "Partial Mode": "Finalize",
      "Parallel Aware": false,
      "Startup Cost": 333052.7,
      "Total Cost": 333052.71,
      "Plan Rows": 1,
      "Plan Width": 8,
      "Actual Startup Time": 624.571,
      "Actual Total Time": 683.915,
      "Actual Rows": 1,
      "Actual Loops": 1,
      "Plans": [
        {
          "Node Type": "Gather",
          "Parent Relationship": "Outer",
          "Parallel Aware": false,
          "Startup Cost": 333052.07,
          "Total Cost": 333052.68,
          "Plan Rows": 6,
          "Plan Width": 8,
          "Actual Startup Time": 624.419,
          "Actual Total Time": 683.905,
          "Actual Rows": 7,
          "Actual Loops": 1,
          "Workers Planned": 6,
          "Workers Launched": 6,
          "Single Copy": false,
          "Plans": [
            {
              "Node Type": "Aggregate",
              "Strategy": "Plain",
              "Partial Mode": "Partial",
              "Parent Relationship": "Outer",
              "Parallel Aware": false,
              "Startup Cost": 332052.07,
              "Total Cost": 332052.08,
              "Plan Rows": 1,
              "Plan Width": 8,
              "Actual Startup Time": 614.161,
              "Actual Total Time": 614.162,
              "Actual Rows": 1,
              "Actual Loops": 7,
              "Plans": [
                {
                  "Node Type": "Seq Scan",
                  "Parent Relationship": "Outer",
                  "Parallel Aware": true,
                  "Relation Name": "cast_info",
                  "Alias": "ci",
                  "Startup Cost": 0.0,
                  "Total Cost": 328162.03,
                  "Plan Rows": 1556018,
                  "Plan Width": 0,
                  "Actual Startup Time": 0.052,
                  "Actual Total Time": 554.052,
                  "Actual Rows": 1348842,
                  "Actual Loops": 7,
                  "Filter": "(person_id < 929304)",
                  "Rows Removed by Filter": 3828922
                }
              ]
            }
          ]
        }
      ]
    },
    "Planning Time": 0.138,
    "Triggers": [],
    "Execution Time": 684.092
  }
]