[
    {
        "Bao": {
            "Bao prediction": "NaN",
            "Bao recommended hint": "(no hint)"
        }
    },
    {
        "Plan": {
            "Node Type": "Aggregate",
            "Strategy": "Plain",
            "Partial Mode": "Simple",
            "Parallel Aware": false,
            "Startup Cost": 11055.39,
            "Total Cost": 11055.4,
            "Plan Rows": 1,
            "Plan Width": 8,
            "Actual Startup Time": 4.866,
            "Actual Total Time": 4.868,
            "Actual Rows": 1,
            "Actual Loops": 1,
            "Output": [
                "count(*)"
            ],
            "Plans": [
                {
                    "Node Type": "Bitmap Heap Scan",
                    "Parent Relationship": "Outer",
                    "Parallel Aware": false,
                    "Relation Name": "movie_keyword",
                    "Schema": "public",
                    "Alias": "mk",
                    "Startup Cost": 93.15,
                    "Total Cost": 11044.84,
                    "Plan Rows": 4222,
                    "Plan Width": 0,
                    "Actual Startup Time": 0.726,
                    "Actual Total Time": 4.704,
                    "Actual Rows": 2899,
                    "Actual Loops": 1,
                    "Recheck Cond": "(mk.keyword_id = 317)",
                    "Rows Removed by Index Recheck": 0,
                    "Exact Heap Blocks": 2737,
                    "Lossy Heap Blocks": 0,
                    "Plans": [
                        {
                            "Node Type": "Bitmap Index Scan",
                            "Parent Relationship": "Outer",
                            "Parallel Aware": false,
                            "Index Name": "keyword_id_movie_keyword",
                            "Startup Cost": 0.0,
                            "Total Cost": 92.1,
                            "Plan Rows": 4222,
                            "Plan Width": 0,
                            "Actual Startup Time": 0.37,
                            "Actual Total Time": 0.371,
                            "Actual Rows": 2899,
                            "Actual Loops": 1,
                            "Index Cond": "(mk.keyword_id = 317)"
                        }
                    ]
                }
            ]
        },
        "Planning Time": 188.786,
        "Triggers": [],
        "Execution Time": 4.917
    }
]