[
  {
    "Plan": {
      "Node Type": "Aggregate",
      "Strategy": "Plain",
      "Partial Mode": "Simple",
      "Parallel Aware": false,
      "Startup Cost": 3154.6,
      "Total Cost": 3154.61,
      "Plan Rows": 1,
      "Plan Width": 8,
      "Actual Startup Time": 14.735,
      "Actual Total Time": 14.739,
      "Actual Rows": 1,
      "Actual Loops": 1,
      "Plans": [
        {
          "Node Type": "Nested Loop",
          "Parent Relationship": "Outer",
          "Parallel Aware": false,
          "Join Type": "Inner",
          "Startup Cost": 7.22,
          "Total Cost": 3154.03,
          "Plan Rows": 226,
          "Plan Width": 0,
          "Actual Startup Time": 14.194,
          "Actual Total Time": 14.716,
          "Actual Rows": 66,
          "Actual Loops": 1,
          "Inner Unique": false,
          "Plans": [
            {
              "Node Type": "Nested Loop",
              "Parent Relationship": "Outer",
              "Parallel Aware": false,
              "Join Type": "Inner",
              "Startup Cost": 6.79,
              "Total Cost": 3018.6,
              "Plan Rows": 219,
              "Plan Width": 8,
              "Actual Startup Time": 14.171,
              "Actual Total Time": 14.433,
              "Actual Rows": 12,
              "Actual Loops": 1,
              "Inner Unique": true,
              "Plans": [
                {
                  "Node Type": "Bitmap Heap Scan",
                  "Parent Relationship": "Outer",
                  "Parallel Aware": false,
                  "Relation Name": "movie_keyword",
                  "Alias": "mk",
                  "Startup Cost": 6.36,
                  "Total Cost": 926.55,
                  "Plan Rows": 249,
                  "Plan Width": 4,
                  "Actual Startup Time": 14.132,
                  "Actual Total Time": 14.195,
                  "Actual Rows": 14,
                  "Actual Loops": 1,
                  "Recheck Cond": "(keyword_id = 7656)",
                  "Rows Removed by Index Recheck": 0,
                  "Exact Heap Blocks": 14,
                  "Lossy Heap Blocks": 0,
                  "Plans": [
                    {
                      "Node Type": "Bitmap Index Scan",
                      "Parent Relationship": "Outer",
                      "Parallel Aware": false,
                      "Index Name": "keyword_id_movie_keyword",
                      "Startup Cost": 0.0,
                      "Total Cost": 6.3,
                      "Plan Rows": 249,
                      "Plan Width": 0,
                      "Actual Startup Time": 14.11,
                      "Actual Total Time": 14.111,
                      "Actual Rows": 14,
                      "Actual Loops": 1,
                      "Index Cond": "(keyword_id = 7656)"
                    }
                  ]
                },
                {
                  "Node Type": "Index Scan",
                  "Parent Relationship": "Inner",
                  "Parallel Aware": false,
                  "Scan Direction": "Forward",
                  "Index Name": "title_pkey",
                  "Relation Name": "title",
                  "Alias": "t",
                  "Startup Cost": 0.43,
                  "Total Cost": 8.4,
                  "Plan Rows": 1,
                  "Plan Width": 4,
                  "Actual Startup Time": 0.015,
                  "Actual Total Time": 0.015,
                  "Actual Rows": 1,
                  "Actual Loops": 14,
                  "Index Cond": "(id = mk.movie_id)",
                  "Rows Removed by Index Recheck": 0,
                  "Filter": "(production_year < 2012)",
                  "Rows Removed by Filter": 0
                }
              ]
            },
            {
              "Node Type": "Index Only Scan",
              "Parent Relationship": "Inner",
              "Parallel Aware": false,
              "Scan Direction": "Forward",
              "Index Name": "movie_id_movie_companies",
              "Relation Name": "movie_companies",
              "Alias": "mc",
              "Startup Cost": 0.43,
              "Total Cost": 0.57,
              "Plan Rows": 5,
              "Plan Width": 4,
              "Actual Startup Time": 0.015,
              "Actual Total Time": 0.021,
              "Actual Rows": 6,
              "Actual Loops": 12,
              "Index Cond": "(movie_id = t.id)",
              "Rows Removed by Index Recheck": 0,
              "Heap Fetches": 66
            }
          ]
        }
      ]
    },
    "Planning Time": 1.44,
    "Triggers": [],
    "Execution Time": 14.829
  }
]