[
  {
    "Plan": {
      "Node Type": "Aggregate",
      "Strategy": "Plain",
      "Partial Mode": "Finalize",
      "Parallel Aware": false,
      "Startup Cost": 288327.68,
      "Total Cost": 288327.69,
      "Plan Rows": 1,
      "Plan Width": 8,
      "Actual Startup Time": 1316.7,
      "Actual Total Time": 1363.434,
      "Actual Rows": 1,
      "Actual Loops": 1,
      "Plans": [
        {
          "Node Type": "Gather",
          "Parent Relationship": "Outer",
          "Parallel Aware": false,
          "Startup Cost": 288327.15,
          "Total Cost": 288327.66,
          "Plan Rows": 5,
          "Plan Width": 8,
          "Actual Startup Time": 1309.35,
          "Actual Total Time": 1363.423,
          "Actual Rows": 6,
          "Actual Loops": 1,
          "Workers Planned": 5,
          "Workers Launched": 5,
          "Single Copy": false,
          "Plans": [
            {
              "Node Type": "Aggregate",
              "Strategy": "Plain",
              "Partial Mode": "Partial",
              "Parent Relationship": "Outer",
              "Parallel Aware": false,
              "Startup Cost": 287327.15,
              "Total Cost": 287327.16,
              "Plan Rows": 1,
              "Plan Width": 8,
              "Actual Startup Time": 1298.95,
              "Actual Total Time": 1299.04,
              "Actual Rows": 1,
              "Actual Loops": 6,
              "Plans": [
                {
                  "Node Type": "Hash Join",
                  "Parent Relationship": "Outer",
                  "Parallel Aware": true,
                  "Join Type": "Inner",
                  "Startup Cost": 79246.29,
                  "Total Cost": 286246.06,
                  "Plan Rows": 432437,
                  "Plan Width": 0,
                  "Actual Startup Time": 348.561,
                  "Actual Total Time": 1171.386,
                  "Actual Rows": 2857930,
                  "Actual Loops": 6,
                  "Inner Unique": false,
                  "Hash Cond": "(mi.movie_id = t.id)",
                  "Plans": [
                    {
                      "Node Type": "Seq Scan",
                      "Parent Relationship": "Outer",
                      "Parallel Aware": true,
                      "Relation Name": "movie_info",
                      "Alias": "mi",
                      "Startup Cost": 0.0,
                      "Total Cost": 198952.16,
                      "Plan Rows": 1774040,
                      "Plan Width": 4,
                      "Actual Startup Time": 0.033,
                      "Actual Total Time": 343.038,
                      "Actual Rows": 1494449,
                      "Actual Loops": 6,
                      "Filter": "(info_type_id < 15)",
                      "Rows Removed by Filter": 978171
                    },
                    {
                      "Node Type": "Hash",
                      "Parent Relationship": "Inner",
                      "Parallel Aware": true,
                      "Startup Cost": 76761.24,
                      "Total Cost": 76761.24,
                      "Plan Rows": 198804,
                      "Plan Width": 8,
                      "Actual Startup Time": 329.366,
                      "Actual Total Time": 329.455,
                      "Actual Rows": 154777,
                      "Actual Loops": 6,
                      "Hash Buckets": 1048576,
                      "Original Hash Buckets": 1048576,
                      "Hash Batches": 1,
                      "Original Hash Batches": 1,
                      "Peak Memory Usage": 44640,
                      "Plans": [
                        {
                          "Node Type": "Hash Join",
                          "Parent Relationship": "Outer",
                          "Parallel Aware": true,
                          "Join Type": "Inner",
                          "Startup Cost": 47345.35,
                          "Total Cost": 76761.24,
                          "Plan Rows": 198804,
                          "Plan Width": 8,
                          "Actual Startup Time": 152.011,
                          "Actual Total Time": 274.629,
                          "Actual Rows": 154777,
                          "Actual Loops": 6,
                          "Inner Unique": true,
                          "Hash Cond": "(mc.movie_id = t.id)",
                          "Plans": [
                            {
                              "Node Type": "Seq Scan",
                              "Parent Relationship": "Outer",
                              "Parallel Aware": true,
                              "Relation Name": "movie_companies",
                              "Alias": "mc",
                              "Startup Cost": 0.0,
                              "Total Cost": 27206.55,
                              "Plan Rows": 841655,
                              "Plan Width": 4,
                              "Actual Startup Time": 0.018,
                              "Actual Total Time": 47.241,
                              "Actual Rows": 434855,
                              "Actual Loops": 6
                            },
                            {
                              "Node Type": "Hash",
                              "Parent Relationship": "Inner",
                              "Parallel Aware": true,
                              "Startup Cost": 45479.1,
                              "Total Cost": 45479.1,
                              "Plan Rows": 149300,
                              "Plan Width": 4,
                              "Actual Startup Time": 128.178,
                              "Actual Total Time": 128.179,
                              "Actual Rows": 80771,
                              "Actual Loops": 6,
                              "Hash Buckets": 1048576,
                              "Original Hash Buckets": 1048576,
                              "Hash Batches": 1,
                              "Original Hash Batches": 1,
                              "Peak Memory Usage": 27264,
                              "Plans": [
                                {
                                  "Node Type": "Seq Scan",
                                  "Parent Relationship": "Outer",
                                  "Parallel Aware": true,
                                  "Relation Name": "title",
                                  "Alias": "t",
                                  "Startup Cost": 0.0,
                                  "Total Cost": 45479.1,
                                  "Plan Rows": 149300,
                                  "Plan Width": 4,
                                  "Actual Startup Time": 46.088,
                                  "Actual Total Time": 88.205,
                                  "Actual Rows": 80771,
                                  "Actual Loops": 6,
                                  "Filter": "((production_year > 1953) AND (kind_id = 1))",
                                  "Rows Removed by Filter": 340614
                                }
                              ]
                            }
                          ]
                        }
                      ]
                    }
                  ]
                }
              ]
            }
          ]
        }
      ]
    },
    "Planning Time": 1.42,
    "Triggers": [],
    "Execution Time": 1363.529
  }
]