{
  "Plan": {
    "Node Type": "Aggregate",
    "Strategy": "Plain",
    "Partial Mode": "Finalize",
    "Parallel Aware": false,
    "Startup Cost": 338907.88,
    "Total Cost": 338907.89,
    "Plan Rows": 1,
    "Plan Width": 8,
    "Actual Startup Time": 2873.485,
    "Actual Total Time": 2923.582,
    "Actual Rows": 1,
    "Actual Loops": 1,
    "Plans": [
      {
        "Node Type": "Gather",
        "Parent Relationship": "Outer",
        "Parallel Aware": false,
        "Startup Cost": 338907.77,
        "Total Cost": 338907.88,
        "Plan Rows": 1,
        "Plan Width": 8,
        "Actual Startup Time": 2872.443,
        "Actual Total Time": 2923.575,
        "Actual Rows": 2,
        "Actual Loops": 1,
        "Workers Planned": 1,
        "Workers Launched": 1,
        "Single Copy": false,
        "Plans": [
          {
            "Node Type": "Aggregate",
            "Strategy": "Plain",
            "Partial Mode": "Partial",
            "Parent Relationship": "Outer",
            "Parallel Aware": false,
            "Startup Cost": 337907.77,
            "Total Cost": 337907.78,
            "Plan Rows": 1,
            "Plan Width": 8,
            "Actual Startup Time": 2865.904,
            "Actual Total Time": 2865.907,
            "Actual Rows": 1,
            "Actual Loops": 2,
            "Plans": [
              {
                "Node Type": "Hash Join",
                "Parent Relationship": "Outer",
                "Parallel Aware": true,
                "Join Type": "Inner",
                "Startup Cost": 61910.04,
                "Total Cost": 333693.53,
                "Plan Rows": 1685695,
                "Plan Width": 0,
                "Actual Startup Time": 344.979,
                "Actual Total Time": 2825.126,
                "Actual Rows": 686516,
                "Actual Loops": 2,
                "Inner Unique": true,
                "Hash Cond": "(mi.movie_id = t.id)",
                "Plans": [
                  {
                    "Node Type": "Seq Scan",
                    "Parent Relationship": "Outer",
                    "Parallel Aware": true,
                    "Relation Name": "movie_info",
                    "Alias": "mi",
                    "Startup Cost": 0.0,
                    "Total Cost": 248955.74,
                    "Plan Rows": 8696274,
                    "Plan Width": 4,
                    "Actual Startup Time": 0.015,
                    "Actual Total Time": 830.071,
                    "Actual Rows": 7417860,
                    "Actual Loops": 2
                  },
                  {
                    "Node Type": "Hash",
                    "Parent Relationship": "Inner",
                    "Parallel Aware": true,
                    "Startup Cost": 58306.47,
                    "Total Cost": 58306.47,
                    "Plan Rows": 288286,
                    "Plan Width": 4,
                    "Actual Startup Time": 335.858,
                    "Actual Total Time": 335.859,
                    "Actual Rows": 250890,
                    "Actual Loops": 2,
                    "Hash Buckets": 524288,
                    "Original Hash Buckets": 524288,
                    "Hash Batches": 1,
                    "Original Hash Batches": 1,
                    "Peak Memory Usage": 23744,
                    "Plans": [
                      {
                        "Node Type": "Seq Scan",
                        "Parent Relationship": "Outer",
                        "Parallel Aware": true,
                        "Relation Name": "title",
                        "Alias": "t",
                        "Startup Cost": 0.0,
                        "Total Cost": 58306.47,
                        "Plan Rows": 288286,
                        "Plan Width": 4,
                        "Actual Startup Time": 0.037,
                        "Actual Total Time": 243.602,
                        "Actual Rows": 250890,
                        "Actual Loops": 2,
                        "Filter": "((kind_id > 1) AND (production_year > 2008))",
                        "Rows Removed by Filter": 1013266
                      }
                    ]
                  }
                ]
              }
            ]
          }
        ]
      }
    ]
  },
  "Planning Time": 0.693,
  "Triggers": [],
  "Execution Time": 2923.67
}