[
  {
    "Plan": {
      "Node Type": "Aggregate",
      "Strategy": "Plain",
      "Partial Mode": "Finalize",
      "Parallel Aware": false,
      "Startup Cost": 332633.59,
      "Total Cost": 332633.6,
      "Plan Rows": 1,
      "Plan Width": 8,
      "Actual Startup Time": 494.814,
      "Actual Total Time": 515.601,
      "Actual Rows": 1,
      "Actual Loops": 1,
      "Plans": [
        {
          "Node Type": "Gather",
          "Parent Relationship": "Outer",
          "Parallel Aware": false,
          "Startup Cost": 332632.96,
          "Total Cost": 332633.57,
          "Plan Rows": 6,
          "Plan Width": 8,
          "Actual Startup Time": 494.736,
          "Actual Total Time": 515.593,
          "Actual Rows": 7,
          "Actual Loops": 1,
          "Workers Planned": 6,
          "Workers Launched": 6,
          "Single Copy": false,
          "Plans": [
            {
              "Node Type": "Aggregate",
              "Strategy": "Plain",
              "Partial Mode": "Partial",
              "Parent Relationship": "Outer",
              "Parallel Aware": false,
              "Startup Cost": 331632.96,
              "Total Cost": 331632.97,
              "Plan Rows": 1,
              "Plan Width": 8,
              "Actual Startup Time": 484.091,
              "Actual Total Time": 484.092,
              "Actual Rows": 1,
              "Actual Loops": 7,
              "Plans": [
                {
                  "Node Type": "Index Only Scan",
                  "Parent Relationship": "Outer",
                  "Parallel Aware": true,
                  "Scan Direction": "Forward",
                  "Index Name": "role_id_cast_info",
                  "Relation Name": "cast_info",
                  "Alias": "ci",
                  "Startup Cost": 0.56,
                  "Total Cost": 326490.6,
                  "Plan Rows": 2056946,
                  "Plan Width": 0,
                  "Actual Startup Time": 0.204,
                  "Actual Total Time": 403.481,
                  "Actual Rows": 1730521,
                  "Actual Loops": 7,
                  "Index Cond": "(role_id > 3)",
                  "Rows Removed by Index Recheck": 0,
                  "Heap Fetches": 12113646
                }
              ]
            }
          ]
        }
      ]
    },
    "Planning Time": 0.163,
    "Triggers": [],
    "Execution Time": 515.668
  }
]