[
  {
    "Plan": {
      "Node Type": "Aggregate",
      "Strategy": "Plain",
      "Partial Mode": "Finalize",
      "Parallel Aware": false,
      "Startup Cost": 17581.63,
      "Total Cost": 17581.64,
      "Plan Rows": 1,
      "Plan Width": 8,
      "Actual Startup Time": 14.494,
      "Actual Total Time": 16.614,
      "Actual Rows": 1,
      "Actual Loops": 1,
      "Plans": [
        {
          "Node Type": "Gather",
          "Parent Relationship": "Outer",
          "Parallel Aware": false,
          "Startup Cost": 17581.42,
          "Total Cost": 17581.63,
          "Plan Rows": 2,
          "Plan Width": 8,
          "Actual Startup Time": 14.177,
          "Actual Total Time": 16.603,
          "Actual Rows": 3,
          "Actual Loops": 1,
          "Workers Planned": 2,
          "Workers Launched": 2,
          "Single Copy": false,
          "Plans": [
            {
              "Node Type": "Aggregate",
              "Strategy": "Plain",
              "Partial Mode": "Partial",
              "Parent Relationship": "Outer",
              "Parallel Aware": false,
              "Startup Cost": 16581.42,
              "Total Cost": 16581.43,
              "Plan Rows": 1,
              "Plan Width": 8,
              "Actual Startup Time": 6.185,
              "Actual Total Time": 6.188,
              "Actual Rows": 1,
              "Actual Loops": 3,
              "Plans": [
                {
                  "Node Type": "Nested Loop",
                  "Parent Relationship": "Outer",
                  "Parallel Aware": false,
                  "Join Type": "Inner",
                  "Startup Cost": 87.38,
                  "Total Cost": 16580.72,
                  "Plan Rows": 279,
                  "Plan Width": 0,
                  "Actual Startup Time": 1.975,
                  "Actual Total Time": 6.152,
                  "Actual Rows": 104,
                  "Actual Loops": 3,
                  "Inner Unique": true,
                  "Plans": [
                    {
                      "Node Type": "Bitmap Heap Scan",
                      "Parent Relationship": "Outer",
                      "Parallel Aware": true,
                      "Relation Name": "movie_companies",
                      "Alias": "mc",
                      "Startup Cost": 86.95,
                      "Total Cost": 9819.15,
                      "Plan Rows": 852,
                      "Plan Width": 4,
                      "Actual Startup Time": 1.71,
                      "Actual Total Time": 2.431,
                      "Actual Rows": 388,
                      "Actual Loops": 3,
                      "Recheck Cond": "(company_id = 67)",
                      "Rows Removed by Index Recheck": 0,
                      "Filter": "(company_type_id = 2)",
                      "Rows Removed by Filter": 839,
                      "Exact Heap Blocks": 736,
                      "Lossy Heap Blocks": 0,
                      "Plans": [
                        {
                          "Node Type": "Bitmap Index Scan",
                          "Parent Relationship": "Outer",
                          "Parallel Aware": false,
                          "Index Name": "company_id_movie_companies",
                          "Startup Cost": 0.0,
                          "Total Cost": 86.44,
                          "Plan Rows": 4001,
                          "Plan Width": 0,
                          "Actual Startup Time": 2.296,
                          "Actual Total Time": 2.296,
                          "Actual Rows": 3681,
                          "Actual Loops": 1,
                          "Index Cond": "(company_id = 67)"
                        }
                      ]
                    },
                    {
                      "Node Type": "Index Scan",
                      "Parent Relationship": "Inner",
                      "Parallel Aware": false,
                      "Scan Direction": "Forward",
                      "Index Name": "title_pkey",
                      "Relation Name": "title",
                      "Alias": "t",
                      "Startup Cost": 0.43,
                      "Total Cost": 7.94,
                      "Plan Rows": 1,
                      "Plan Width": 4,
                      "Actual Startup Time": 0.009,
                      "Actual Total Time": 0.009,
                      "Actual Rows": 0,
                      "Actual Loops": 1164,
                      "Index Cond": "(id = mc.movie_id)",
                      "Rows Removed by Index Recheck": 0,
                      "Filter": "((kind_id < 4) AND (production_year > 0))",
                      "Rows Removed by Filter": 1
                    }
                  ]
                }
              ]
            }
          ]
        }
      ]
    },
    "Planning Time": 0.655,
    "Triggers": [],
    "Execution Time": 16.697
  }
]