[
  {
    "Plan": {
      "Node Type": "Aggregate",
      "Strategy": "Plain",
      "Partial Mode": "Finalize",
      "Parallel Aware": false,
      "Startup Cost": 36746.87,
      "Total Cost": 36746.88,
      "Plan Rows": 1,
      "Plan Width": 8,
      "Actual Startup Time": 125.783,
      "Actual Total Time": 133.666,
      "Actual Rows": 1,
      "Actual Loops": 1,
      "Plans": [
        {
          "Node Type": "Gather",
          "Parent Relationship": "Outer",
          "Parallel Aware": false,
          "Startup Cost": 36746.56,
          "Total Cost": 36746.87,
          "Plan Rows": 3,
          "Plan Width": 8,
          "Actual Startup Time": 125.412,
          "Actual Total Time": 133.655,
          "Actual Rows": 4,
          "Actual Loops": 1,
          "Workers Planned": 3,
          "Workers Launched": 3,
          "Single Copy": false,
          "Plans": [
            {
              "Node Type": "Aggregate",
              "Strategy": "Plain",
              "Partial Mode": "Partial",
              "Parent Relationship": "Outer",
              "Parallel Aware": false,
              "Startup Cost": 35746.56,
              "Total Cost": 35746.57,
              "Plan Rows": 1,
              "Plan Width": 8,
              "Actual Startup Time": 116.849,
              "Actual Total Time": 116.851,
              "Actual Rows": 1,
              "Actual Loops": 4,
              "Plans": [
                {
                  "Node Type": "Bitmap Heap Scan",
                  "Parent Relationship": "Outer",
                  "Parallel Aware": true,
                  "Relation Name": "movie_keyword",
                  "Alias": "mk",
                  "Startup Cost": 9195.39,
                  "Total Cost": 35397.03,
                  "Plan Rows": 139811,
                  "Plan Width": 0,
                  "Actual Startup Time": 36.627,
                  "Actual Total Time": 109.115,
                  "Actual Rows": 105715,
                  "Actual Loops": 4,
                  "Recheck Cond": "(keyword_id > 41305)",
                  "Rows Removed by Index Recheck": 0,
                  "Exact Heap Blocks": 8686,
                  "Lossy Heap Blocks": 0,
                  "Plans": [
                    {
                      "Node Type": "Bitmap Index Scan",
                      "Parent Relationship": "Outer",
                      "Parallel Aware": false,
                      "Index Name": "keyword_id_movie_keyword",
                      "Startup Cost": 0.0,
                      "Total Cost": 9087.04,
                      "Plan Rows": 433414,
                      "Plan Width": 0,
                      "Actual Startup Time": 39.157,
                      "Actual Total Time": 39.158,
                      "Actual Rows": 422859,
                      "Actual Loops": 1,
                      "Index Cond": "(keyword_id > 41305)"
                    }
                  ]
                }
              ]
            }
          ]
        }
      ]
    },
    "Planning Time": 0.12,
    "Triggers": [],
    "Execution Time": 133.72
  }
]