[
  {
    "Plan": {
      "Node Type": "Aggregate",
      "Strategy": "Plain",
      "Partial Mode": "Simple",
      "Parallel Aware": false,
      "Startup Cost": 3118.6,
      "Total Cost": 3118.61,
      "Plan Rows": 1,
      "Plan Width": 8,
      "Actual Startup Time": 1.904,
      "Actual Total Time": 1.908,
      "Actual Rows": 1,
      "Actual Loops": 1,
      "Plans": [
        {
          "Node Type": "Nested Loop",
          "Parent Relationship": "Outer",
          "Parallel Aware": false,
          "Join Type": "Inner",
          "Startup Cost": 7.21,
          "Total Cost": 3118.44,
          "Plan Rows": 64,
          "Plan Width": 0,
          "Actual Startup Time": 0.145,
          "Actual Total Time": 1.899,
          "Actual Rows": 5,
          "Actual Loops": 1,
          "Inner Unique": false,
          "Plans": [
            {
              "Node Type": "Nested Loop",
              "Parent Relationship": "Outer",
              "Parallel Aware": false,
              "Join Type": "Inner",
              "Startup Cost": 6.78,
              "Total Cost": 3007.2,
              "Plan Rows": 178,
              "Plan Width": 8,
              "Actual Startup Time": 0.108,
              "Actual Total Time": 1.699,
              "Actual Rows": 7,
              "Actual Loops": 1,
              "Inner Unique": true,
              "Plans": [
                {
                  "Node Type": "Bitmap Heap Scan",
                  "Parent Relationship": "Outer",
                  "Parallel Aware": false,
                  "Relation Name": "movie_keyword",
                  "Alias": "mk",
                  "Startup Cost": 6.35,
                  "Total Cost": 922.98,
                  "Plan Rows": 248,
                  "Plan Width": 4,
                  "Actual Startup Time": 0.077,
                  "Actual Total Time": 0.45,
                  "Actual Rows": 93,
                  "Actual Loops": 1,
                  "Recheck Cond": "(keyword_id = 31466)",
                  "Rows Removed by Index Recheck": 0,
                  "Exact Heap Blocks": 93,
                  "Lossy Heap Blocks": 0,
                  "Plans": [
                    {
                      "Node Type": "Bitmap Index Scan",
                      "Parent Relationship": "Outer",
                      "Parallel Aware": false,
                      "Index Name": "keyword_id_movie_keyword",
                      "Startup Cost": 0.0,
                      "Total Cost": 6.29,
                      "Plan Rows": 248,
                      "Plan Width": 0,
                      "Actual Startup Time": 0.038,
                      "Actual Total Time": 0.039,
                      "Actual Rows": 93,
                      "Actual Loops": 1,
                      "Index Cond": "(keyword_id = 31466)"
                    }
                  ]
                },
                {
                  "Node Type": "Index Scan",
                  "Parent Relationship": "Inner",
                  "Parallel Aware": false,
                  "Scan Direction": "Forward",
                  "Index Name": "title_pkey",
                  "Relation Name": "title",
                  "Alias": "t",
                  "Startup Cost": 0.43,
                  "Total Cost": 8.4,
                  "Plan Rows": 1,
                  "Plan Width": 4,
                  "Actual Startup Time": 0.013,
                  "Actual Total Time": 0.013,
                  "Actual Rows": 0,
                  "Actual Loops": 93,
                  "Index Cond": "(id = mk.movie_id)",
                  "Rows Removed by Index Recheck": 0,
                  "Filter": "((kind_id > 1) AND (production_year > 0))",
                  "Rows Removed by Filter": 1
                }
              ]
            },
            {
              "Node Type": "Index Scan",
              "Parent Relationship": "Inner",
              "Parallel Aware": false,
              "Scan Direction": "Forward",
              "Index Name": "movie_id_movie_companies",
              "Relation Name": "movie_companies",
              "Alias": "mc",
              "Startup Cost": 0.43,
              "Total Cost": 0.6,
              "Plan Rows": 2,
              "Plan Width": 4,
              "Actual Startup Time": 0.027,
              "Actual Total Time": 0.027,
              "Actual Rows": 1,
              "Actual Loops": 7,
              "Index Cond": "(movie_id = t.id)",
              "Rows Removed by Index Recheck": 0,
              "Filter": "((company_id < 26021) AND (company_type_id = 2))",
              "Rows Removed by Filter": 5
            }
          ]
        }
      ]
    },
    "Planning Time": 1.492,
    "Triggers": [],
    "Execution Time": 2.0
  }
]