{
  "Plan": {
    "Node Type": "Aggregate",
    "Strategy": "Plain",
    "Partial Mode": "Finalize",
    "Parallel Aware": false,
    "Startup Cost": 217411.46,
    "Total Cost": 217411.47,
    "Plan Rows": 1,
    "Plan Width": 8,
    "Actual Startup Time": 692.751,
    "Actual Total Time": 760.568,
    "Actual Rows": 1,
    "Actual Loops": 1,
    "Plans": [
      {
        "Node Type": "Gather",
        "Parent Relationship": "Outer",
        "Parallel Aware": false,
        "Startup Cost": 217411.35,
        "Total Cost": 217411.46,
        "Plan Rows": 1,
        "Plan Width": 8,
        "Actual Startup Time": 691.698,
        "Actual Total Time": 760.56,
        "Actual Rows": 2,
        "Actual Loops": 1,
        "Workers Planned": 1,
        "Workers Launched": 1,
        "Single Copy": false,
        "Plans": [
          {
            "Node Type": "Aggregate",
            "Strategy": "Plain",
            "Partial Mode": "Partial",
            "Parent Relationship": "Outer",
            "Parallel Aware": false,
            "Startup Cost": 216411.35,
            "Total Cost": 216411.36,
            "Plan Rows": 1,
            "Plan Width": 8,
            "Actual Startup Time": 685.433,
            "Actual Total Time": 685.438,
            "Actual Rows": 1,
            "Actual Loops": 2,
            "Plans": [
              {
                "Node Type": "Nested Loop",
                "Parent Relationship": "Outer",
                "Parallel Aware": false,
                "Join Type": "Inner",
                "Startup Cost": 71174.53,
                "Total Cost": 215898.11,
                "Plan Rows": 205295,
                "Plan Width": 0,
                "Actual Startup Time": 222.253,
                "Actual Total Time": 663.833,
                "Actual Rows": 399336,
                "Actual Loops": 2,
                "Inner Unique": false,
                "Join Filter": "(t.id = mi.movie_id)",
                "Rows Removed by Join Filter": 0,
                "Plans": [
                  {
                    "Node Type": "Hash Join",
                    "Parent Relationship": "Outer",
                    "Parallel Aware": true,
                    "Join Type": "Inner",
                    "Startup Cost": 71174.09,
                    "Total Cost": 94315.82,
                    "Plan Rows": 35109,
                    "Plan Width": 8,
                    "Actual Startup Time": 222.17,
                    "Actual Total Time": 337.674,
                    "Actual Rows": 18254,
                    "Actual Loops": 2,
                    "Inner Unique": true,
                    "Hash Cond": "(mc.movie_id = t.id)",
                    "Plans": [
                      {
                        "Node Type": "Bitmap Heap Scan",
                        "Parent Relationship": "Outer",
                        "Parallel Aware": true,
                        "Relation Name": "movie_companies",
                        "Alias": "mc",
                        "Startup Cost": 10599.1,
                        "Total Cost": 32985.57,
                        "Plan Rows": 287717,
                        "Plan Width": 4,
                        "Actual Startup Time": 19.917,
                        "Actual Total Time": 71.761,
                        "Actual Rows": 244266,
                        "Actual Loops": 2,
                        "Recheck Cond": "(company_id < 428)",
                        "Rows Removed by Index Recheck": 0,
                        "Exact Heap Blocks": 12541,
                        "Lossy Heap Blocks": 0,
                        "Plans": [
                          {
                            "Node Type": "Bitmap Index Scan",
                            "Parent Relationship": "Outer",
                            "Parallel Aware": false,
                            "Index Name": "company_id_movie_companies",
                            "Startup Cost": 0.0,
                            "Total Cost": 10476.82,
                            "Plan Rows": 489119,
                            "Plan Width": 0,
                            "Actual Startup Time": 17.121,
                            "Actual Total Time": 17.122,
                            "Actual Rows": 488533,
                            "Actual Loops": 1,
                            "Index Cond": "(company_id < 428)"
                          }
                        ]
                      },
                      {
                        "Node Type": "Hash",
                        "Parent Relationship": "Inner",
                        "Parallel Aware": true,
                        "Startup Cost": 58306.47,
                        "Total Cost": 58306.47,
                        "Plan Rows": 181482,
                        "Plan Width": 4,
                        "Actual Startup Time": 197.017,
                        "Actual Total Time": 197.018,
                        "Actual Rows": 133300,
                        "Actual Loops": 2,
                        "Hash Buckets": 524288,
                        "Original Hash Buckets": 524288,
                        "Hash Batches": 1,
                        "Original Hash Batches": 1,
                        "Peak Memory Usage": 14560,
                        "Plans": [
                          {
                            "Node Type": "Seq Scan",
                            "Parent Relationship": "Outer",
                            "Parallel Aware": true,
                            "Relation Name": "title",
                            "Alias": "t",
                            "Startup Cost": 0.0,
                            "Total Cost": 58306.47,
                            "Plan Rows": 181482,
                            "Plan Width": 4,
                            "Actual Startup Time": 0.049,
                            "Actual Total Time": 158.285,
                            "Actual Rows": 133300,
                            "Actual Loops": 2,
                            "Filter": "((kind_id < 7) AND (production_year > 2007))",
                            "Rows Removed by Filter": 1130856
                          }
                        ]
                      }
                    ]
                  },
                  {
                    "Node Type": "Index Only Scan",
                    "Parent Relationship": "Inner",
                    "Parallel Aware": false,
                    "Scan Direction": "Forward",
                    "Index Name": "movie_id_movie_info",
                    "Relation Name": "movie_info",
                    "Alias": "mi",
                    "Startup Cost": 0.43,
                    "Total Cost": 2.94,
                    "Plan Rows": 42,
                    "Plan Width": 4,
                    "Actual Startup Time": 0.005,
                    "Actual Total Time": 0.015,
                    "Actual Rows": 22,
                    "Actual Loops": 36507,
                    "Index Cond": "(movie_id = mc.movie_id)",
                    "Rows Removed by Index Recheck": 0,
                    "Heap Fetches": 798672
                  }
                ]
              }
            ]
          }
        ]
      }
    ]
  },
  "Planning Time": 0.967,
  "Triggers": [],
  "Execution Time": 760.699
}