{
  "Plan": {
    "Node Type": "Aggregate",
    "Strategy": "Plain",
    "Partial Mode": "Simple",
    "Parallel Aware": false,
    "Startup Cost": 275975.63,
    "Total Cost": 275975.64,
    "Plan Rows": 1,
    "Plan Width": 96,
    "Actual Startup Time": 770.112,
    "Actual Total Time": 818.417,
    "Actual Rows": 1,
    "Actual Loops": 1,
    "Plans": [
      {
        "Node Type": "Gather",
        "Parent Relationship": "Outer",
        "Parallel Aware": false,
        "Startup Cost": 4633.93,
        "Total Cost": 275975.62,
        "Plan Rows": 1,
        "Plan Width": 48,
        "Actual Startup Time": 54.852,
        "Actual Total Time": 818.193,
        "Actual Rows": 454,
        "Actual Loops": 1,
        "Workers Planned": 1,
        "Workers Launched": 1,
        "Single Copy": false,
        "Plans": [
          {
            "Node Type": "Nested Loop",
            "Parent Relationship": "Outer",
            "Parallel Aware": false,
            "Join Type": "Inner",
            "Startup Cost": 3633.93,
            "Total Cost": 274975.52,
            "Plan Rows": 1,
            "Plan Width": 48,
            "Actual Startup Time": 57.767,
            "Actual Total Time": 762.18,
            "Actual Rows": 227,
            "Actual Loops": 2,
            "Inner Unique": true,
            "Plans": [
              {
                "Node Type": "Hash Join",
                "Parent Relationship": "Outer",
                "Parallel Aware": false,
                "Join Type": "Inner",
                "Startup Cost": 3633.5,
                "Total Cost": 274975.07,
                "Plan Rows": 1,
                "Plan Width": 39,
                "Actual Startup Time": 52.486,
                "Actual Total Time": 756.527,
                "Actual Rows": 485,
                "Actual Loops": 2,
                "Inner Unique": true,
                "Hash Cond": "(mk.keyword_id = k.id)",
                "Plans": [
                  {
                    "Node Type": "Nested Loop",
                    "Parent Relationship": "Outer",
                    "Parallel Aware": false,
                    "Join Type": "Inner",
                    "Startup Cost": 1.0,
                    "Total Cost": 271318.6,
                    "Plan Rows": 9131,
                    "Plan Width": 27,
                    "Actual Startup Time": 2.027,
                    "Actual Total Time": 691.919,
                    "Actual Rows": 294442,
                    "Actual Loops": 2,
                    "Inner Unique": false,
                    "Plans": [
                      {
                        "Node Type": "Nested Loop",
                        "Parent Relationship": "Outer",
                        "Parallel Aware": false,
                        "Join Type": "Inner",
                        "Startup Cost": 0.56,
                        "Total Cost": 267688.78,
                        "Plan Rows": 2132,
                        "Plan Width": 19,
                        "Actual Startup Time": 0.573,
                        "Actual Total Time": 449.678,
                        "Actual Rows": 44846,
                        "Actual Loops": 2,
                        "Inner Unique": false,
                        "Plans": [
                          {
                            "Node Type": "Seq Scan",
                            "Parent Relationship": "Outer",
                            "Parallel Aware": true,
                            "Relation Name": "name",
                            "Alias": "n",
                            "Startup Cost": 0.0,
                            "Total Cost": 86254.38,
                            "Plan Rows": 245,
                            "Plan Width": 19,
                            "Actual Startup Time": 0.413,
                            "Actual Total Time": 326.07,
                            "Actual Rows": 6110,
                            "Actual Loops": 2,
                            "Filter": "(name ~~ '%Angel%'::text)",
                            "Rows Removed by Filter": 2077635
                          },
                          {
                            "Node Type": "Index Scan",
                            "Parent Relationship": "Inner",
                            "Parallel Aware": false,
                            "Scan Direction": "Forward",
                            "Index Name": "person_id_cast_info",
                            "Relation Name": "cast_info",
                            "Alias": "ci",
                            "Startup Cost": 0.56,
                            "Total Cost": 735.45,
                            "Plan Rows": 510,
                            "Plan Width": 8,
                            "Actual Startup Time": 0.017,
                            "Actual Total Time": 0.019,
                            "Actual Rows": 7,
                            "Actual Loops": 12221,
                            "Index Cond": "(person_id = n.id)",
                            "Rows Removed by Index Recheck": 0
                          }
                        ]
                      },
                      {
                        "Node Type": "Index Scan",
                        "Parent Relationship": "Inner",
                        "Parallel Aware": false,
                        "Scan Direction": "Forward",
                        "Index Name": "movie_id_movie_keyword",
                        "Relation Name": "movie_keyword",
                        "Alias": "mk",
                        "Startup Cost": 0.43,
                        "Total Cost": 1.24,
                        "Plan Rows": 46,
                        "Plan Width": 8,
                        "Actual Startup Time": 0.004,
                        "Actual Total Time": 0.004,
                        "Actual Rows": 7,
                        "Actual Loops": 89692,
                        "Index Cond": "(movie_id = ci.movie_id)",
                        "Rows Removed by Index Recheck": 0
                      }
                    ]
                  },
                  {
                    "Node Type": "Hash",
                    "Parent Relationship": "Inner",
                    "Parallel Aware": false,
                    "Startup Cost": 3632.4,
                    "Total Cost": 3632.4,
                    "Plan Rows": 8,
                    "Plan Width": 20,
                    "Actual Startup Time": 42.952,
                    "Actual Total Time": 42.953,
                    "Actual Rows": 4,
                    "Actual Loops": 2,
                    "Hash Buckets": 1024,
                    "Original Hash Buckets": 1024,
                    "Hash Batches": 1,
                    "Original Hash Batches": 1,
                    "Peak Memory Usage": 9,
                    "Plans": [
                      {
                        "Node Type": "Seq Scan",
                        "Parent Relationship": "Outer",
                        "Parallel Aware": false,
                        "Relation Name": "keyword",
                        "Alias": "k",
                        "Startup Cost": 0.0,
                        "Total Cost": 3632.4,
                        "Plan Rows": 8,
                        "Plan Width": 20,
                        "Actual Startup Time": 0.301,
                        "Actual Total Time": 42.926,
                        "Actual Rows": 4,
                        "Actual Loops": 2,
                        "Filter": "(keyword = ANY ('{marvel-comics,murder-in-title,based-on-comic,fight,\"10,000-mile-club\",marvel-comics,based-on-comic,marvel-comics}'::text[]))",
                        "Rows Removed by Filter": 134166
                      }
                    ]
                  }
                ]
              },
              {
                "Node Type": "Index Scan",
                "Parent Relationship": "Inner",
                "Parallel Aware": false,
                "Scan Direction": "Forward",
                "Index Name": "title_pkey",
                "Relation Name": "title",
                "Alias": "t",
                "Startup Cost": 0.43,
                "Total Cost": 0.45,
                "Plan Rows": 1,
                "Plan Width": 21,
                "Actual Startup Time": 0.011,
                "Actual Total Time": 0.011,
                "Actual Rows": 0,
                "Actual Loops": 970,
                "Index Cond": "(id = ci.movie_id)",
                "Rows Removed by Index Recheck": 0,
                "Filter": "(production_year > 2003)",
                "Rows Removed by Filter": 1
              }
            ]
          }
        ]
      }
    ]
  },
  "Planning Time": 1.871,
  "Triggers": [],
  "Execution Time": 818.57
}