[
  {
    "Plan": {
      "Node Type": "Aggregate",
      "Strategy": "Plain",
      "Partial Mode": "Finalize",
      "Parallel Aware": false,
      "Startup Cost": 39670.89,
      "Total Cost": 39670.9,
      "Plan Rows": 1,
      "Plan Width": 8,
      "Actual Startup Time": 61.454,
      "Actual Total Time": 67.251,
      "Actual Rows": 1,
      "Actual Loops": 1,
      "Plans": [
        {
          "Node Type": "Gather",
          "Parent Relationship": "Outer",
          "Parallel Aware": false,
          "Startup Cost": 39670.47,
          "Total Cost": 39670.88,
          "Plan Rows": 4,
          "Plan Width": 8,
          "Actual Startup Time": 61.17,
          "Actual Total Time": 67.244,
          "Actual Rows": 5,
          "Actual Loops": 1,
          "Workers Planned": 4,
          "Workers Launched": 4,
          "Single Copy": false,
          "Plans": [
            {
              "Node Type": "Aggregate",
              "Strategy": "Plain",
              "Partial Mode": "Partial",
              "Parent Relationship": "Outer",
              "Parallel Aware": false,
              "Startup Cost": 38670.47,
              "Total Cost": 38670.48,
              "Plan Rows": 1,
              "Plan Width": 8,
              "Actual Startup Time": 51.632,
              "Actual Total Time": 51.633,
              "Actual Rows": 1,
              "Actual Loops": 5,
              "Plans": [
                {
                  "Node Type": "Bitmap Heap Scan",
                  "Parent Relationship": "Outer",
                  "Parallel Aware": true,
                  "Relation Name": "title",
                  "Alias": "t",
                  "Startup Cost": 2190.44,
                  "Total Cost": 38646.7,
                  "Plan Rows": 9507,
                  "Plan Width": 0,
                  "Actual Startup Time": 15.333,
                  "Actual Total Time": 50.775,
                  "Actual Rows": 7471,
                  "Actual Loops": 5,
                  "Recheck Cond": "(kind_id = 4)",
                  "Rows Removed by Index Recheck": 0,
                  "Filter": "(production_year > 2007)",
                  "Rows Removed by Filter": 16175,
                  "Exact Heap Blocks": 7542,
                  "Lossy Heap Blocks": 0,
                  "Plans": [
                    {
                      "Node Type": "Bitmap Index Scan",
                      "Parent Relationship": "Outer",
                      "Parallel Aware": false,
                      "Index Name": "kind_id_title",
                      "Startup Cost": 0.0,
                      "Total Cost": 2180.94,
                      "Plan Rows": 122201,
                      "Plan Width": 0,
                      "Actual Startup Time": 19.031,
                      "Actual Total Time": 19.032,
                      "Actual Rows": 118234,
                      "Actual Loops": 1,
                      "Index Cond": "(kind_id = 4)"
                    }
                  ]
                }
              ]
            }
          ]
        }
      ]
    },
    "Planning Time": 0.163,
    "Triggers": [],
    "Execution Time": 67.319
  }
]