{
  "Plan": {
    "Node Type": "Aggregate",
    "Strategy": "Plain",
    "Partial Mode": "Finalize",
    "Parallel Aware": false,
    "Startup Cost": 346888.25,
    "Total Cost": 346888.26,
    "Plan Rows": 1,
    "Plan Width": 8,
    "Actual Startup Time": 1273.423,
    "Actual Total Time": 1295.364,
    "Actual Rows": 1,
    "Actual Loops": 1,
    "Plans": [
      {
        "Node Type": "Gather",
        "Parent Relationship": "Outer",
        "Parallel Aware": false,
        "Startup Cost": 346888.14,
        "Total Cost": 346888.25,
        "Plan Rows": 1,
        "Plan Width": 8,
        "Actual Startup Time": 1268.281,
        "Actual Total Time": 1295.355,
        "Actual Rows": 2,
        "Actual Loops": 1,
        "Workers Planned": 1,
        "Workers Launched": 1,
        "Single Copy": false,
        "Plans": [
          {
            "Node Type": "Aggregate",
            "Strategy": "Plain",
            "Partial Mode": "Partial",
            "Parent Relationship": "Outer",
            "Parallel Aware": false,
            "Startup Cost": 345888.14,
            "Total Cost": 345888.15,
            "Plan Rows": 1,
            "Plan Width": 8,
            "Actual Startup Time": 1260.599,
            "Actual Total Time": 1262.139,
            "Actual Rows": 1,
            "Actual Loops": 2,
            "Plans": [
              {
                "Node Type": "Hash Join",
                "Parent Relationship": "Outer",
                "Parallel Aware": true,
                "Join Type": "Inner",
                "Startup Cost": 167636.8,
                "Total Cost": 344583.67,
                "Plan Rows": 521786,
                "Plan Width": 0,
                "Actual Startup Time": 978.6,
                "Actual Total Time": 1233.493,
                "Actual Rows": 693487,
                "Actual Loops": 2,
                "Inner Unique": false,
                "Hash Cond": "(mi.movie_id = t.id)",
                "Plans": [
                  {
                    "Node Type": "Bitmap Heap Scan",
                    "Parent Relationship": "Outer",
                    "Parallel Aware": true,
                    "Relation Name": "movie_info",
                    "Alias": "mi",
                    "Startup Cost": 22524.06,
                    "Total Cost": 193659.01,
                    "Plan Rows": 731356,
                    "Plan Width": 4,
                    "Actual Startup Time": 48.756,
                    "Actual Total Time": 155.48,
                    "Actual Rows": 602354,
                    "Actual Loops": 2,
                    "Recheck Cond": "(info_type_id > 18)",
                    "Rows Removed by Index Recheck": 0,
                    "Exact Heap Blocks": 18902,
                    "Lossy Heap Blocks": 0,
                    "Plans": [
                      {
                        "Node Type": "Bitmap Index Scan",
                        "Parent Relationship": "Outer",
                        "Parallel Aware": false,
                        "Index Name": "info_type_id_movie_info",
                        "Startup Cost": 0.0,
                        "Total Cost": 22213.23,
                        "Plan Rows": 1243306,
                        "Plan Width": 0,
                        "Actual Startup Time": 43.289,
                        "Actual Total Time": 43.289,
                        "Actual Rows": 1204709,
                        "Actual Loops": 1,
                        "Index Cond": "(info_type_id > 18)"
                      }
                    ]
                  },
                  {
                    "Node Type": "Hash",
                    "Parent Relationship": "Inner",
                    "Parallel Aware": true,
                    "Startup Cost": 131849.43,
                    "Total Cost": 131849.43,
                    "Plan Rows": 1061065,
                    "Plan Width": 8,
                    "Actual Startup Time": 913.059,
                    "Actual Total Time": 914.596,
                    "Actual Rows": 482845,
                    "Actual Loops": 2,
                    "Hash Buckets": 2097152,
                    "Original Hash Buckets": 2097152,
                    "Hash Batches": 1,
                    "Original Hash Batches": 1,
                    "Peak Memory Usage": 54208,
                    "Plans": [
                      {
                        "Node Type": "Hash Join",
                        "Parent Relationship": "Outer",
                        "Parallel Aware": true,
                        "Join Type": "Inner",
                        "Startup Cost": 69509.14,
                        "Total Cost": 131849.43,
                        "Plan Rows": 1061065,
                        "Plan Width": 8,
                        "Actual Startup Time": 421.141,
                        "Actual Total Time": 815.015,
                        "Actual Rows": 482845,
                        "Actual Loops": 2,
                        "Inner Unique": true,
                        "Hash Cond": "(mk.movie_id = t.id)",
                        "Plans": [
                          {
                            "Node Type": "Seq Scan",
                            "Parent Relationship": "Outer",
                            "Parallel Aware": true,
                            "Relation Name": "movie_keyword",
                            "Alias": "mk",
                            "Startup Cost": 0.0,
                            "Total Cost": 57718.19,
                            "Plan Rows": 1760796,
                            "Plan Width": 4,
                            "Actual Startup Time": 0.204,
                            "Actual Total Time": 200.119,
                            "Actual Rows": 1486750,
                            "Actual Loops": 2,
                            "Filter": "(keyword_id > 2276)",
                            "Rows Removed by Filter": 775214
                          },
                          {
                            "Node Type": "Hash",
                            "Parent Relationship": "Inner",
                            "Parallel Aware": true,
                            "Startup Cost": 58306.47,
                            "Total Cost": 58306.47,
                            "Plan Rows": 896214,
                            "Plan Width": 4,
                            "Actual Startup Time": 413.539,
                            "Actual Total Time": 413.54,
                            "Actual Rows": 753616,
                            "Actual Loops": 2,
                            "Hash Buckets": 2097152,
                            "Original Hash Buckets": 2097152,
                            "Hash Batches": 1,
                            "Original Hash Batches": 1,
                            "Peak Memory Usage": 75392,
                            "Plans": [
                              {
                                "Node Type": "Seq Scan",
                                "Parent Relationship": "Outer",
                                "Parallel Aware": true,
                                "Relation Name": "title",
                                "Alias": "t",
                                "Startup Cost": 0.0,
                                "Total Cost": 58306.47,
                                "Plan Rows": 896214,
                                "Plan Width": 4,
                                "Actual Startup Time": 0.035,
                                "Actual Total Time": 177.668,
                                "Actual Rows": 753616,
                                "Actual Loops": 2,
                                "Filter": "((kind_id > 1) AND (production_year < 2011))",
                                "Rows Removed by Filter": 510540
                              }
                            ]
                          }
                        ]
                      }
                    ]
                  }
                ]
              }
            ]
          }
        ]
      }
    ]
  },
  "Planning Time": 0.953,
  "Triggers": [],
  "Execution Time": 1295.465
}