[
  {
    "Plan": {
      "Node Type": "Aggregate",
      "Strategy": "Plain",
      "Partial Mode": "Finalize",
      "Parallel Aware": false,
      "Startup Cost": 46490.98,
      "Total Cost": 46490.99,
      "Plan Rows": 1,
      "Plan Width": 8,
      "Actual Startup Time": 93.897,
      "Actual Total Time": 107.29,
      "Actual Rows": 1,
      "Actual Loops": 1,
      "Plans": [
        {
          "Node Type": "Gather",
          "Parent Relationship": "Outer",
          "Parallel Aware": false,
          "Startup Cost": 46490.56,
          "Total Cost": 46490.97,
          "Plan Rows": 4,
          "Plan Width": 8,
          "Actual Startup Time": 93.721,
          "Actual Total Time": 107.282,
          "Actual Rows": 5,
          "Actual Loops": 1,
          "Workers Planned": 4,
          "Workers Launched": 4,
          "Single Copy": false,
          "Plans": [
            {
              "Node Type": "Aggregate",
              "Strategy": "Plain",
              "Partial Mode": "Partial",
              "Parent Relationship": "Outer",
              "Parallel Aware": false,
              "Startup Cost": 45490.56,
              "Total Cost": 45490.57,
              "Plan Rows": 1,
              "Plan Width": 8,
              "Actual Startup Time": 85.262,
              "Actual Total Time": 85.263,
              "Actual Rows": 1,
              "Actual Loops": 5,
              "Plans": [
                {
                  "Node Type": "Seq Scan",
                  "Parent Relationship": "Outer",
                  "Parallel Aware": true,
                  "Relation Name": "title",
                  "Alias": "t",
                  "Startup Cost": 0.0,
                  "Total Cost": 45479.1,
                  "Plan Rows": 4585,
                  "Plan Width": 0,
                  "Actual Startup Time": 0.134,
                  "Actual Total Time": 84.808,
                  "Actual Rows": 3759,
                  "Actual Loops": 5,
                  "Filter": "((kind_id > 1) AND (production_year = 1991))",
                  "Rows Removed by Filter": 501904
                }
              ]
            }
          ]
        }
      ]
    },
    "Planning Time": 0.181,
    "Triggers": [],
    "Execution Time": 107.351
  }
]