[
  {
    "Plan": {
      "Node Type": "Aggregate",
      "Strategy": "Plain",
      "Partial Mode": "Finalize",
      "Parallel Aware": false,
      "Startup Cost": 389597.15,
      "Total Cost": 389597.16,
      "Plan Rows": 1,
      "Plan Width": 8,
      "Actual Startup Time": 1577.086,
      "Actual Total Time": 1634.863,
      "Actual Rows": 1,
      "Actual Loops": 1,
      "Plans": [
        {
          "Node Type": "Gather",
          "Parent Relationship": "Outer",
          "Parallel Aware": false,
          "Startup Cost": 389596.53,
          "Total Cost": 389597.14,
          "Plan Rows": 6,
          "Plan Width": 8,
          "Actual Startup Time": 1565.004,
          "Actual Total Time": 1634.854,
          "Actual Rows": 7,
          "Actual Loops": 1,
          "Workers Planned": 6,
          "Workers Launched": 6,
          "Single Copy": false,
          "Plans": [
            {
              "Node Type": "Aggregate",
              "Strategy": "Plain",
              "Partial Mode": "Partial",
              "Parent Relationship": "Outer",
              "Parallel Aware": false,
              "Startup Cost": 388596.53,
              "Total Cost": 388596.54,
              "Plan Rows": 1,
              "Plan Width": 8,
              "Actual Startup Time": 1553.275,
              "Actual Total Time": 1553.278,
              "Actual Rows": 1,
              "Actual Loops": 7,
              "Plans": [
                {
                  "Node Type": "Hash Join",
                  "Parent Relationship": "Outer",
                  "Parallel Aware": true,
                  "Join Type": "Inner",
                  "Startup Cost": 49931.02,
                  "Total Cost": 384174.58,
                  "Plan Rows": 1768781,
                  "Plan Width": 0,
                  "Actual Startup Time": 408.416,
                  "Actual Total Time": 1487.429,
                  "Actual Rows": 1691729,
                  "Actual Loops": 7,
                  "Inner Unique": true,
                  "Hash Cond": "(ci.movie_id = t.id)",
                  "Plans": [
                    {
                      "Node Type": "Seq Scan",
                      "Parent Relationship": "Outer",
                      "Parallel Aware": true,
                      "Relation Name": "cast_info",
                      "Alias": "ci",
                      "Startup Cost": 0.0,
                      "Total Cost": 328162.03,
                      "Plan Rows": 2316771,
                      "Plan Width": 4,
                      "Actual Startup Time": 217.962,
                      "Actual Total Time": 524.507,
                      "Actual Rows": 1981393,
                      "Actual Loops": 7,
                      "Filter": "(person_id > 2280653)",
                      "Rows Removed by Filter": 3196370
                    },
                    {
                      "Node Type": "Hash",
                      "Parent Relationship": "Inner",
                      "Parallel Aware": true,
                      "Startup Cost": 43898.92,
                      "Total Cost": 43898.92,
                      "Plan Rows": 482568,
                      "Plan Width": 4,
                      "Actual Startup Time": 186.727,
                      "Actual Total Time": 186.728,
                      "Actual Rows": 274004,
                      "Actual Loops": 7,
                      "Hash Buckets": 2097152,
                      "Original Hash Buckets": 2097152,
                      "Hash Batches": 1,
                      "Original Hash Batches": 1,
                      "Peak Memory Usage": 91520,
                      "Plans": [
                        {
                          "Node Type": "Seq Scan",
                          "Parent Relationship": "Outer",
                          "Parallel Aware": true,
                          "Relation Name": "title",
                          "Alias": "t",
                          "Startup Cost": 0.0,
                          "Total Cost": 43898.92,
                          "Plan Rows": 482568,
                          "Plan Width": 4,
                          "Actual Startup Time": 0.042,
                          "Actual Total Time": 77.09,
                          "Actual Rows": 274004,
                          "Actual Loops": 7,
                          "Filter": "(production_year > 1981)",
                          "Rows Removed by Filter": 87183
                        }
                      ]
                    }
                  ]
                }
              ]
            }
          ]
        }
      ]
    },
    "Planning Time": 0.377,
    "Triggers": [],
    "Execution Time": 1634.929
  }
]