[
  {
    "Plan": {
      "Node Type": "Aggregate",
      "Strategy": "Plain",
      "Partial Mode": "Finalize",
      "Parallel Aware": false,
      "Startup Cost": 351183.7,
      "Total Cost": 351183.71,
      "Plan Rows": 1,
      "Plan Width": 8,
      "Actual Startup Time": 771.291,
      "Actual Total Time": 827.72,
      "Actual Rows": 1,
      "Actual Loops": 1,
      "Plans": [
        {
          "Node Type": "Gather",
          "Parent Relationship": "Outer",
          "Parallel Aware": false,
          "Startup Cost": 351183.08,
          "Total Cost": 351183.68,
          "Plan Rows": 6,
          "Plan Width": 8,
          "Actual Startup Time": 771.113,
          "Actual Total Time": 827.706,
          "Actual Rows": 7,
          "Actual Loops": 1,
          "Workers Planned": 6,
          "Workers Launched": 6,
          "Single Copy": false,
          "Plans": [
            {
              "Node Type": "Aggregate",
              "Strategy": "Plain",
              "Partial Mode": "Partial",
              "Parent Relationship": "Outer",
              "Parallel Aware": false,
              "Startup Cost": 350183.08,
              "Total Cost": 350183.09,
              "Plan Rows": 1,
              "Plan Width": 8,
              "Actual Startup Time": 764.966,
              "Actual Total Time": 764.967,
              "Actual Rows": 1,
              "Actual Loops": 7,
              "Plans": [
                {
                  "Node Type": "Seq Scan",
                  "Parent Relationship": "Outer",
                  "Parallel Aware": true,
                  "Relation Name": "cast_info",
                  "Alias": "ci",
                  "Startup Cost": 0.0,
                  "Total Cost": 343316.27,
                  "Plan Rows": 2746722,
                  "Plan Width": 0,
                  "Actual Startup Time": 222.689,
                  "Actual Total Time": 682.26,
                  "Actual Rows": 1829147,
                  "Actual Loops": 7,
                  "Filter": "((person_id < 2630249) AND (role_id > 1))",
                  "Rows Removed by Filter": 3348617
                }
              ]
            }
          ]
        }
      ]
    },
    "Planning Time": 0.105,
    "Triggers": [],
    "Execution Time": 827.771
  }
]