[
  {
    "Plan": {
      "Node Type": "Aggregate",
      "Strategy": "Plain",
      "Partial Mode": "Finalize",
      "Parallel Aware": false,
      "Startup Cost": 40224.66,
      "Total Cost": 40224.67,
      "Plan Rows": 1,
      "Plan Width": 8,
      "Actual Startup Time": 129.355,
      "Actual Total Time": 137.809,
      "Actual Rows": 1,
      "Actual Loops": 1,
      "Plans": [
        {
          "Node Type": "Gather",
          "Parent Relationship": "Outer",
          "Parallel Aware": false,
          "Startup Cost": 40224.34,
          "Total Cost": 40224.65,
          "Plan Rows": 3,
          "Plan Width": 8,
          "Actual Startup Time": 128.995,
          "Actual Total Time": 137.798,
          "Actual Rows": 4,
          "Actual Loops": 1,
          "Workers Planned": 3,
          "Workers Launched": 3,
          "Single Copy": false,
          "Plans": [
            {
              "Node Type": "Aggregate",
              "Strategy": "Plain",
              "Partial Mode": "Partial",
              "Parent Relationship": "Outer",
              "Parallel Aware": false,
              "Startup Cost": 39224.34,
              "Total Cost": 39224.35,
              "Plan Rows": 1,
              "Plan Width": 8,
              "Actual Startup Time": 122.815,
              "Actual Total Time": 122.816,
              "Actual Rows": 1,
              "Actual Loops": 4,
              "Plans": [
                {
                  "Node Type": "Bitmap Heap Scan",
                  "Parent Relationship": "Outer",
                  "Parallel Aware": true,
                  "Relation Name": "movie_keyword",
                  "Alias": "mk",
                  "Startup Cost": 12026.75,
                  "Total Cost": 38767.08,
                  "Plan Rows": 182906,
                  "Plan Width": 0,
                  "Actual Startup Time": 44.076,
                  "Actual Total Time": 115.065,
                  "Actual Rows": 141634,
                  "Actual Loops": 4,
                  "Recheck Cond": "(keyword_id > 32448)",
                  "Rows Removed by Index Recheck": 0,
                  "Exact Heap Blocks": 10480,
                  "Lossy Heap Blocks": 0,
                  "Plans": [
                    {
                      "Node Type": "Bitmap Index Scan",
                      "Parent Relationship": "Outer",
                      "Parallel Aware": false,
                      "Index Name": "keyword_id_movie_keyword",
                      "Startup Cost": 0.0,
                      "Total Cost": 11885.0,
                      "Plan Rows": 567009,
                      "Plan Width": 0,
                      "Actual Startup Time": 46.253,
                      "Actual Total Time": 46.253,
                      "Actual Rows": 566536,
                      "Actual Loops": 1,
                      "Index Cond": "(keyword_id > 32448)"
                    }
                  ]
                }
              ]
            }
          ]
        }
      ]
    },
    "Planning Time": 0.093,
    "Triggers": [],
    "Execution Time": 137.856
  }
]