{
  "Plan": {
    "Node Type": "Aggregate",
    "Strategy": "Plain",
    "Partial Mode": "Simple",
    "Parallel Aware": false,
    "Startup Cost": 15947.67,
    "Total Cost": 15947.68,
    "Plan Rows": 1,
    "Plan Width": 32,
    "Actual Startup Time": 1800.656,
    "Actual Total Time": 1800.667,
    "Actual Rows": 1,
    "Actual Loops": 1,
    "Plans": [
      {
        "Node Type": "Nested Loop",
        "Parent Relationship": "Outer",
        "Parallel Aware": false,
        "Join Type": "Inner",
        "Startup Cost": 12303.95,
        "Total Cost": 15947.67,
        "Plan Rows": 1,
        "Plan Width": 17,
        "Actual Startup Time": 471.602,
        "Actual Total Time": 1800.647,
        "Actual Rows": 13,
        "Actual Loops": 1,
        "Inner Unique": true,
        "Plans": [
          {
            "Node Type": "Nested Loop",
            "Parent Relationship": "Outer",
            "Parallel Aware": false,
            "Join Type": "Inner",
            "Startup Cost": 12303.52,
            "Total Cost": 15947.21,
            "Plan Rows": 1,
            "Plan Width": 21,
            "Actual Startup Time": 471.586,
            "Actual Total Time": 1800.587,
            "Actual Rows": 13,
            "Actual Loops": 1,
            "Inner Unique": true,
            "Plans": [
              {
                "Node Type": "Nested Loop",
                "Parent Relationship": "Outer",
                "Parallel Aware": false,
                "Join Type": "Inner",
                "Startup Cost": 12303.09,
                "Total Cost": 15927.42,
                "Plan Rows": 43,
                "Plan Width": 25,
                "Actual Startup Time": 76.324,
                "Actual Total Time": 853.883,
                "Actual Rows": 582028,
                "Actual Loops": 1,
                "Inner Unique": false,
                "Plans": [
                  {
                    "Node Type": "Hash Join",
                    "Parent Relationship": "Outer",
                    "Parallel Aware": false,
                    "Join Type": "Inner",
                    "Startup Cost": 12302.52,
                    "Total Cost": 15921.82,
                    "Plan Rows": 3,
                    "Plan Width": 29,
                    "Actual Startup Time": 76.304,
                    "Actual Total Time": 156.879,
                    "Actual Rows": 7334,
                    "Actual Loops": 1,
                    "Inner Unique": true,
                    "Hash Cond": "(t.kind_id = kt.id)",
                    "Plans": [
                      {
                        "Node Type": "Nested Loop",
                        "Parent Relationship": "Outer",
                        "Parallel Aware": false,
                        "Join Type": "Inner",
                        "Startup Cost": 12301.42,
                        "Total Cost": 15920.64,
                        "Plan Rows": 18,
                        "Plan Width": 33,
                        "Actual Startup Time": 76.261,
                        "Actual Total Time": 155.174,
                        "Actual Rows": 8633,
                        "Actual Loops": 1,
                        "Inner Unique": true,
                        "Plans": [
                          {
                            "Node Type": "Hash Join",
                            "Parent Relationship": "Outer",
                            "Parallel Aware": false,
                            "Join Type": "Inner",
                            "Startup Cost": 12300.99,
                            "Total Cost": 15908.89,
                            "Plan Rows": 24,
                            "Plan Width": 8,
                            "Actual Startup Time": 76.244,
                            "Actual Total Time": 125.317,
                            "Actual Rows": 8765,
                            "Actual Loops": 1,
                            "Inner Unique": true,
                            "Hash Cond": "(cc.subject_id = cct1.id)",
                            "Plans": [
                              {
                                "Node Type": "Hash Join",
                                "Parent Relationship": "Outer",
                                "Parallel Aware": false,
                                "Join Type": "Inner",
                                "Startup Cost": 12299.93,
                                "Total Cost": 15907.31,
                                "Plan Rows": 94,
                                "Plan Width": 12,
                                "Actual Startup Time": 76.192,
                                "Actual Total Time": 123.522,
                                "Actual Rows": 12810,
                                "Actual Loops": 1,
                                "Inner Unique": true,
                                "Hash Cond": "(cc.status_id = cct2.id)",
                                "Plans": [
                                  {
                                    "Node Type": "Hash Join",
                                    "Parent Relationship": "Outer",
                                    "Parallel Aware": false,
                                    "Join Type": "Inner",
                                    "Startup Cost": 12298.87,
                                    "Total Cost": 15904.21,
                                    "Plan Rows": 377,
                                    "Plan Width": 16,
                                    "Actual Startup Time": 76.165,
                                    "Actual Total Time": 121.393,
                                    "Actual Rows": 12810,
                                    "Actual Loops": 1,
                                    "Inner Unique": false,
                                    "Hash Cond": "(cc.movie_id = mk.movie_id)",
                                    "Plans": [
                                      {
                                        "Node Type": "Seq Scan",
                                        "Parent Relationship": "Outer",
                                        "Parallel Aware": false,
                                        "Relation Name": "complete_cast",
                                        "Alias": "cc",
                                        "Startup Cost": 0.0,
                                        "Total Cost": 2081.86,
                                        "Plan Rows": 135086,
                                        "Plan Width": 12,
                                        "Actual Startup Time": 0.018,
                                        "Actual Total Time": 9.54,
                                        "Actual Rows": 135086,
                                        "Actual Loops": 1
                                      },
                                      {
                                        "Node Type": "Hash",
                                        "Parent Relationship": "Inner",
                                        "Parallel Aware": false,
                                        "Startup Cost": 12295.49,
                                        "Total Cost": 12295.49,
                                        "Plan Rows": 270,
                                        "Plan Width": 4,
                                        "Actual Startup Time": 76.135,
                                        "Actual Total Time": 76.137,
                                        "Actual Rows": 35548,
                                        "Actual Loops": 1,
                                        "Hash Buckets": 65536,
                                        "Original Hash Buckets": 1024,
                                        "Hash Batches": 1,
                                        "Original Hash Batches": 1,
                                        "Peak Memory Usage": 1762,
                                        "Plans": [
                                          {
                                            "Node Type": "Nested Loop",
                                            "Parent Relationship": "Outer",
                                            "Parallel Aware": false,
                                            "Join Type": "Inner",
                                            "Startup Cost": 10.79,
                                            "Total Cost": 12295.49,
                                            "Plan Rows": 270,
                                            "Plan Width": 4,
                                            "Actual Startup Time": 1.463,
                                            "Actual Total Time": 70.87,
                                            "Actual Rows": 35548,
                                            "Actual Loops": 1,
                                            "Inner Unique": false,
                                            "Plans": [
                                              {
                                                "Node Type": "Seq Scan",
                                                "Parent Relationship": "Outer",
                                                "Parallel Aware": false,
                                                "Relation Name": "keyword",
                                                "Alias": "k",
                                                "Startup Cost": 0.0,
                                                "Total Cost": 3632.4,
                                                "Plan Rows": 8,
                                                "Plan Width": 4,
                                                "Actual Startup Time": 0.286,
                                                "Actual Total Time": 22.635,
                                                "Actual Rows": 8,
                                                "Actual Loops": 1,
                                                "Filter": "(keyword = ANY ('{superhero,sequel,second-part,marvel-comics,based-on-comic,tv-special,fight,violence}'::text[]))",
                                                "Rows Removed by Filter": 134162
                                              },
                                              {
                                                "Node Type": "Bitmap Heap Scan",
                                                "Parent Relationship": "Inner",
                                                "Parallel Aware": false,
                                                "Relation Name": "movie_keyword",
                                                "Alias": "mk",
                                                "Startup Cost": 10.79,
                                                "Total Cost": 1079.85,
                                                "Plan Rows": 304,
                                                "Plan Width": 8,
                                                "Actual Startup Time": 1.088,
                                                "Actual Total Time": 5.482,
                                                "Actual Rows": 4444,
                                                "Actual Loops": 8,
                                                "Recheck Cond": "(keyword_id = k.id)",
                                                "Rows Removed by Index Recheck": 0,
                                                "Exact Heap Blocks": 23488,
                                                "Lossy Heap Blocks": 0,
                                                "Plans": [
                                                  {
                                                    "Node Type": "Bitmap Index Scan",
                                                    "Parent Relationship": "Outer",
                                                    "Parallel Aware": false,
                                                    "Index Name": "keyword_id_movie_keyword",
                                                    "Startup Cost": 0.0,
                                                    "Total Cost": 10.71,
                                                    "Plan Rows": 304,
                                                    "Plan Width": 0,
                                                    "Actual Startup Time": 0.568,
                                                    "Actual Total Time": 0.568,
                                                    "Actual Rows": 4444,
                                                    "Actual Loops": 8,
                                                    "Index Cond": "(keyword_id = k.id)"
                                                  }
                                                ]
                                              }
                                            ]
                                          }
                                        ]
                                      }
                                    ]
                                  },
                                  {
                                    "Node Type": "Hash",
                                    "Parent Relationship": "Inner",
                                    "Parallel Aware": false,
                                    "Startup Cost": 1.05,
                                    "Total Cost": 1.05,
                                    "Plan Rows": 1,
                                    "Plan Width": 4,
                                    "Actual Startup Time": 0.018,
                                    "Actual Total Time": 0.019,
                                    "Actual Rows": 2,
                                    "Actual Loops": 1,
                                    "Hash Buckets": 1024,
                                    "Original Hash Buckets": 1024,
                                    "Hash Batches": 1,
                                    "Original Hash Batches": 1,
                                    "Peak Memory Usage": 9,
                                    "Plans": [
                                      {
                                        "Node Type": "Seq Scan",
                                        "Parent Relationship": "Outer",
                                        "Parallel Aware": false,
                                        "Relation Name": "comp_cast_type",
                                        "Alias": "cct2",
                                        "Startup Cost": 0.0,
                                        "Total Cost": 1.05,
                                        "Plan Rows": 1,
                                        "Plan Width": 4,
                                        "Actual Startup Time": 0.013,
                                        "Actual Total Time": 0.015,
                                        "Actual Rows": 2,
                                        "Actual Loops": 1,
                                        "Filter": "((kind)::text ~~ '%complete%'::text)",
                                        "Rows Removed by Filter": 2
                                      }
                                    ]
                                  }
                                ]
                              },
                              {
                                "Node Type": "Hash",
                                "Parent Relationship": "Inner",
                                "Parallel Aware": false,
                                "Startup Cost": 1.05,
                                "Total Cost": 1.05,
                                "Plan Rows": 1,
                                "Plan Width": 4,
                                "Actual Startup Time": 0.043,
                                "Actual Total Time": 0.044,
                                "Actual Rows": 1,
                                "Actual Loops": 1,
                                "Hash Buckets": 1024,
                                "Original Hash Buckets": 1024,
                                "Hash Batches": 1,
                                "Original Hash Batches": 1,
                                "Peak Memory Usage": 9,
                                "Plans": [
                                  {
                                    "Node Type": "Seq Scan",
                                    "Parent Relationship": "Outer",
                                    "Parallel Aware": false,
                                    "Relation Name": "comp_cast_type",
                                    "Alias": "cct1",
                                    "Startup Cost": 0.0,
                                    "Total Cost": 1.05,
                                    "Plan Rows": 1,
                                    "Plan Width": 4,
                                    "Actual Startup Time": 0.036,
                                    "Actual Total Time": 0.038,
                                    "Actual Rows": 1,
                                    "Actual Loops": 1,
                                    "Filter": "((kind)::text = 'cast'::text)",
                                    "Rows Removed by Filter": 3
                                  }
                                ]
                              }
                            ]
                          },
                          {
                            "Node Type": "Index Scan",
                            "Parent Relationship": "Inner",
                            "Parallel Aware": false,
                            "Scan Direction": "Forward",
                            "Index Name": "title_pkey",
                            "Relation Name": "title",
                            "Alias": "t",
                            "Startup Cost": 0.43,
                            "Total Cost": 0.49,
                            "Plan Rows": 1,
                            "Plan Width": 25,
                            "Actual Startup Time": 0.003,
                            "Actual Total Time": 0.003,
                            "Actual Rows": 1,
                            "Actual Loops": 8765,
                            "Index Cond": "(id = mk.movie_id)",
                            "Rows Removed by Index Recheck": 0,
                            "Filter": "(production_year < 2010)",
                            "Rows Removed by Filter": 0
                          }
                        ]
                      },
                      {
                        "Node Type": "Hash",
                        "Parent Relationship": "Inner",
                        "Parallel Aware": false,
                        "Startup Cost": 1.09,
                        "Total Cost": 1.09,
                        "Plan Rows": 1,
                        "Plan Width": 4,
                        "Actual Startup Time": 0.031,
                        "Actual Total Time": 0.032,
                        "Actual Rows": 1,
                        "Actual Loops": 1,
                        "Hash Buckets": 1024,
                        "Original Hash Buckets": 1024,
                        "Hash Batches": 1,
                        "Original Hash Batches": 1,
                        "Peak Memory Usage": 9,
                        "Plans": [
                          {
                            "Node Type": "Seq Scan",
                            "Parent Relationship": "Outer",
                            "Parallel Aware": false,
                            "Relation Name": "kind_type",
                            "Alias": "kt",
                            "Startup Cost": 0.0,
                            "Total Cost": 1.09,
                            "Plan Rows": 1,
                            "Plan Width": 4,
                            "Actual Startup Time": 0.021,
                            "Actual Total Time": 0.025,
                            "Actual Rows": 1,
                            "Actual Loops": 1,
                            "Filter": "((kind)::text = 'movie'::text)",
                            "Rows Removed by Filter": 6
                          }
                        ]
                      }
                    ]
                  },
                  {
                    "Node Type": "Index Scan",
                    "Parent Relationship": "Inner",
                    "Parallel Aware": false,
                    "Scan Direction": "Forward",
                    "Index Name": "movie_id_cast_info",
                    "Relation Name": "cast_info",
                    "Alias": "ci",
                    "Startup Cost": 0.56,
                    "Total Cost": 1.52,
                    "Plan Rows": 35,
                    "Plan Width": 12,
                    "Actual Startup Time": 0.006,
                    "Actual Total Time": 0.087,
                    "Actual Rows": 79,
                    "Actual Loops": 7334,
                    "Index Cond": "(movie_id = mk.movie_id)",
                    "Rows Removed by Index Recheck": 0
                  }
                ]
              },
              {
                "Node Type": "Index Scan",
                "Parent Relationship": "Inner",
                "Parallel Aware": false,
                "Scan Direction": "Forward",
                "Index Name": "char_name_pkey",
                "Relation Name": "char_name",
                "Alias": "chn",
                "Startup Cost": 0.43,
                "Total Cost": 0.46,
                "Plan Rows": 1,
                "Plan Width": 4,
                "Actual Startup Time": 0.001,
                "Actual Total Time": 0.001,
                "Actual Rows": 0,
                "Actual Loops": 582028,
                "Index Cond": "(id = ci.person_role_id)",
                "Rows Removed by Index Recheck": 0,
                "Filter": "((name !~~ '%Sherlock%'::text) AND ((name ~~ '%Tony%Stark%'::text) OR (name ~~ '%Iron%Man%'::text)))",
                "Rows Removed by Filter": 1
              }
            ]
          },
          {
            "Node Type": "Index Only Scan",
            "Parent Relationship": "Inner",
            "Parallel Aware": false,
            "Scan Direction": "Forward",
            "Index Name": "name_pkey",
            "Relation Name": "name",
            "Alias": "n",
            "Startup Cost": 0.43,
            "Total Cost": 0.46,
            "Plan Rows": 1,
            "Plan Width": 4,
            "Actual Startup Time": 0.004,
            "Actual Total Time": 0.004,
            "Actual Rows": 1,
            "Actual Loops": 13,
            "Index Cond": "(id = ci.person_id)",
            "Rows Removed by Index Recheck": 0,
            "Heap Fetches": 13
          }
        ]
      }
    ]
  },
  "Planning Time": 2.696,
  "Triggers": [],
  "Execution Time": 1800.843
}