[
  {
    "Plan": {
      "Node Type": "Aggregate",
      "Strategy": "Plain",
      "Partial Mode": "Finalize",
      "Parallel Aware": false,
      "Startup Cost": 369682.61,
      "Total Cost": 369682.62,
      "Plan Rows": 1,
      "Plan Width": 8,
      "Actual Startup Time": 4849.9,
      "Actual Total Time": 4965.217,
      "Actual Rows": 1,
      "Actual Loops": 1,
      "Plans": [
        {
          "Node Type": "Gather",
          "Parent Relationship": "Outer",
          "Parallel Aware": false,
          "Startup Cost": 369682.19,
          "Total Cost": 369682.6,
          "Plan Rows": 4,
          "Plan Width": 8,
          "Actual Startup Time": 4845.617,
          "Actual Total Time": 4965.206,
          "Actual Rows": 5,
          "Actual Loops": 1,
          "Workers Planned": 4,
          "Workers Launched": 4,
          "Single Copy": false,
          "Plans": [
            {
              "Node Type": "Aggregate",
              "Strategy": "Plain",
              "Partial Mode": "Partial",
              "Parent Relationship": "Outer",
              "Parallel Aware": false,
              "Startup Cost": 368682.19,
              "Total Cost": 368682.2,
              "Plan Rows": 1,
              "Plan Width": 8,
              "Actual Startup Time": 4835.928,
              "Actual Total Time": 4835.931,
              "Actual Rows": 1,
              "Actual Loops": 5,
              "Plans": [
                {
                  "Node Type": "Nested Loop",
                  "Parent Relationship": "Outer",
                  "Parallel Aware": false,
                  "Join Type": "Inner",
                  "Startup Cost": 33589.37,
                  "Total Cost": 367018.44,
                  "Plan Rows": 665500,
                  "Plan Width": 0,
                  "Actual Startup Time": 130.772,
                  "Actual Total Time": 4762.256,
                  "Actual Rows": 1599156,
                  "Actual Loops": 5,
                  "Inner Unique": false,
                  "Plans": [
                    {
                      "Node Type": "Hash Join",
                      "Parent Relationship": "Outer",
                      "Parallel Aware": true,
                      "Join Type": "Inner",
                      "Startup Cost": 33588.81,
                      "Total Cost": 79502.7,
                      "Plan Rows": 134788,
                      "Plan Width": 8,
                      "Actual Startup Time": 130.683,
                      "Actual Total Time": 457.493,
                      "Actual Rows": 168138,
                      "Actual Loops": 5,
                      "Inner Unique": false,
                      "Hash Cond": "(t.id = mc.movie_id)",
                      "Plans": [
                        {
                          "Node Type": "Seq Scan",
                          "Parent Relationship": "Outer",
                          "Parallel Aware": true,
                          "Relation Name": "title",
                          "Alias": "t",
                          "Startup Cost": 0.0,
                          "Total Cost": 42318.73,
                          "Plan Rows": 632073,
                          "Plan Width": 4,
                          "Actual Startup Time": 0.013,
                          "Actual Total Time": 67.091,
                          "Actual Rows": 505662,
                          "Actual Loops": 5
                        },
                        {
                          "Node Type": "Hash",
                          "Parent Relationship": "Inner",
                          "Parallel Aware": true,
                          "Startup Cost": 31414.82,
                          "Total Cost": 31414.82,
                          "Plan Rows": 173919,
                          "Plan Width": 4,
                          "Actual Startup Time": 126.632,
                          "Actual Total Time": 126.633,
                          "Actual Rows": 168138,
                          "Actual Loops": 5,
                          "Hash Buckets": 1048576,
                          "Original Hash Buckets": 1048576,
                          "Hash Batches": 1,
                          "Original Hash Batches": 1,
                          "Peak Memory Usage": 41184,
                          "Plans": [
                            {
                              "Node Type": "Seq Scan",
                              "Parent Relationship": "Outer",
                              "Parallel Aware": true,
                              "Relation Name": "movie_companies",
                              "Alias": "mc",
                              "Startup Cost": 0.0,
                              "Total Cost": 31414.82,
                              "Plan Rows": 173919,
                              "Plan Width": 4,
                              "Actual Startup Time": 43.705,
                              "Actual Total Time": 75.264,
                              "Actual Rows": 168138,
                              "Actual Loops": 5,
                              "Filter": "((company_id > 14490) AND (company_type_id > 1))",
                              "Rows Removed by Filter": 353688
                            }
                          ]
                        }
                      ]
                    },
                    {
                      "Node Type": "Index Scan",
                      "Parent Relationship": "Inner",
                      "Parallel Aware": false,
                      "Scan Direction": "Forward",
                      "Index Name": "movie_id_cast_info",
                      "Relation Name": "cast_info",
                      "Alias": "ci",
                      "Startup Cost": 0.56,
                      "Total Cost": 2.0,
                      "Plan Rows": 13,
                      "Plan Width": 4,
                      "Actual Startup Time": 0.005,
                      "Actual Total Time": 0.025,
                      "Actual Rows": 10,
                      "Actual Loops": 840690,
                      "Index Cond": "(movie_id = t.id)",
                      "Rows Removed by Index Recheck": 0,
                      "Filter": "((person_id < 1548256) AND (role_id < 8))",
                      "Rows Removed by Filter": 16
                    }
                  ]
                }
              ]
            }
          ]
        }
      ]
    },
    "Planning Time": 1.51,
    "Triggers": [],
    "Execution Time": 4965.33
  }
]