[
  {
    "Plan": {
      "Node Type": "Aggregate",
      "Strategy": "Plain",
      "Partial Mode": "Finalize",
      "Parallel Aware": false,
      "Startup Cost": 393485.97,
      "Total Cost": 393485.98,
      "Plan Rows": 1,
      "Plan Width": 8,
      "Actual Startup Time": 1995.587,
      "Actual Total Time": 2020.641,
      "Actual Rows": 1,
      "Actual Loops": 1,
      "Plans": [
        {
          "Node Type": "Gather",
          "Parent Relationship": "Outer",
          "Parallel Aware": false,
          "Startup Cost": 393485.66,
          "Total Cost": 393485.97,
          "Plan Rows": 3,
          "Plan Width": 8,
          "Actual Startup Time": 1982.08,
          "Actual Total Time": 2020.629,
          "Actual Rows": 4,
          "Actual Loops": 1,
          "Workers Planned": 3,
          "Workers Launched": 3,
          "Single Copy": false,
          "Plans": [
            {
              "Node Type": "Aggregate",
              "Strategy": "Plain",
              "Partial Mode": "Partial",
              "Parent Relationship": "Outer",
              "Parallel Aware": false,
              "Startup Cost": 392485.66,
              "Total Cost": 392485.67,
              "Plan Rows": 1,
              "Plan Width": 8,
              "Actual Startup Time": 1973.077,
              "Actual Total Time": 1973.932,
              "Actual Rows": 1,
              "Actual Loops": 4,
              "Plans": [
                {
                  "Node Type": "Hash Join",
                  "Parent Relationship": "Outer",
                  "Parallel Aware": true,
                  "Join Type": "Inner",
                  "Startup Cost": 345814.37,
                  "Total Cost": 391409.92,
                  "Plan Rows": 430294,
                  "Plan Width": 0,
                  "Actual Startup Time": 943.606,
                  "Actual Total Time": 1682.399,
                  "Actual Rows": 5130516,
                  "Actual Loops": 4,
                  "Inner Unique": false,
                  "Hash Cond": "(mk.movie_id = t.id)",
                  "Plans": [
                    {
                      "Node Type": "Seq Scan",
                      "Parent Relationship": "Outer",
                      "Parallel Aware": true,
                      "Relation Name": "movie_keyword",
                      "Alias": "mk",
                      "Startup Cost": 0.0,
                      "Total Cost": 39047.32,
                      "Plan Rows": 1459332,
                      "Plan Width": 4,
                      "Actual Startup Time": 0.025,
                      "Actual Total Time": 110.292,
                      "Actual Rows": 1130982,
                      "Actual Loops": 4
                    },
                    {
                      "Node Type": "Hash",
                      "Parent Relationship": "Inner",
                      "Parallel Aware": true,
                      "Startup Cost": 343484.74,
                      "Total Cost": 343484.74,
                      "Plan Rows": 186371,
                      "Plan Width": 8,
                      "Actual Startup Time": 937.727,
                      "Actual Total Time": 938.58,
                      "Actual Rows": 400281,
                      "Actual Loops": 4,
                      "Hash Buckets": 2097152,
                      "Original Hash Buckets": 1048576,
                      "Hash Batches": 1,
                      "Original Hash Batches": 1,
                      "Peak Memory Usage": 87264,
                      "Plans": [
                        {
                          "Node Type": "Hash Join",
                          "Parent Relationship": "Outer",
                          "Parallel Aware": true,
                          "Join Type": "Inner",
                          "Startup Cost": 294534.65,
                          "Total Cost": 343484.74,
                          "Plan Rows": 186371,
                          "Plan Width": 8,
                          "Actual Startup Time": 368.807,
                          "Actual Total Time": 791.791,
                          "Actual Rows": 400281,
                          "Actual Loops": 4,
                          "Inner Unique": false,
                          "Hash Cond": "(t.id = ci.movie_id)",
                          "Plans": [
                            {
                              "Node Type": "Seq Scan",
                              "Parent Relationship": "Outer",
                              "Parallel Aware": true,
                              "Relation Name": "title",
                              "Alias": "t",
                              "Startup Cost": 0.0,
                              "Total Cost": 42318.73,
                              "Plan Rows": 632073,
                              "Plan Width": 4,
                              "Actual Startup Time": 0.013,
                              "Actual Total Time": 94.26,
                              "Actual Rows": 632078,
                              "Actual Loops": 4
                            },
                            {
                              "Node Type": "Hash",
                              "Parent Relationship": "Inner",
                              "Parallel Aware": true,
                              "Startup Cost": 292981.57,
                              "Total Cost": 292981.57,
                              "Plan Rows": 124247,
                              "Plan Width": 4,
                              "Actual Startup Time": 366.114,
                              "Actual Total Time": 366.116,
                              "Actual Rows": 400281,
                              "Actual Loops": 4,
                              "Hash Buckets": 2097152,
                              "Original Hash Buckets": 1048576,
                              "Hash Batches": 1,
                              "Original Hash Batches": 1,
                              "Peak Memory Usage": 87296,
                              "Plans": [
                                {
                                  "Node Type": "Bitmap Heap Scan",
                                  "Parent Relationship": "Outer",
                                  "Parallel Aware": true,
                                  "Relation Name": "cast_info",
                                  "Alias": "ci",
                                  "Startup Cost": 36174.66,
                                  "Total Cost": 292981.57,
                                  "Plan Rows": 124247,
                                  "Plan Width": 4,
                                  "Actual Startup Time": 78.197,
                                  "Actual Total Time": 192.072,
                                  "Actual Rows": 400281,
                                  "Actual Loops": 4,
                                  "Recheck Cond": "(person_id > 3744918)",
                                  "Rows Removed by Index Recheck": 0,
                                  "Filter": "(role_id > 2)",
                                  "Rows Removed by Filter": 0,
                                  "Exact Heap Blocks": 5727,
                                  "Lossy Heap Blocks": 0,
                                  "Plans": [
                                    {
                                      "Node Type": "Bitmap Index Scan",
                                      "Parent Relationship": "Outer",
                                      "Parallel Aware": false,
                                      "Index Name": "person_id_cast_info",
                                      "Startup Cost": 0.0,
                                      "Total Cost": 35988.29,
                                      "Plan Rows": 1647963,
                                      "Plan Width": 0,
                                      "Actual Startup Time": 72.561,
                                      "Actual Total Time": 72.561,
                                      "Actual Rows": 1601125,
                                      "Actual Loops": 1,
                                      "Index Cond": "(person_id > 3744918)"
                                    }
                                  ]
                                }
                              ]
                            }
                          ]
                        }
                      ]
                    }
                  ]
                }
              ]
            }
          ]
        }
      ]
    },
    "Planning Time": 1.352,
    "Triggers": [],
    "Execution Time": 2020.745
  }
]