{
  "Plan": {
    "Node Type": "Aggregate",
    "Strategy": "Plain",
    "Partial Mode": "Finalize",
    "Parallel Aware": false,
    "Startup Cost": 663058.92,
    "Total Cost": 663058.93,
    "Plan Rows": 1,
    "Plan Width": 8,
    "Actual Startup Time": 3388.411,
    "Actual Total Time": 3450.375,
    "Actual Rows": 1,
    "Actual Loops": 1,
    "Plans": [
      {
        "Node Type": "Gather",
        "Parent Relationship": "Outer",
        "Parallel Aware": false,
        "Startup Cost": 663058.8,
        "Total Cost": 663058.91,
        "Plan Rows": 1,
        "Plan Width": 8,
        "Actual Startup Time": 3387.099,
        "Actual Total Time": 3450.364,
        "Actual Rows": 2,
        "Actual Loops": 1,
        "Workers Planned": 1,
        "Workers Launched": 1,
        "Single Copy": false,
        "Plans": [
          {
            "Node Type": "Aggregate",
            "Strategy": "Plain",
            "Partial Mode": "Partial",
            "Parent Relationship": "Outer",
            "Parallel Aware": false,
            "Startup Cost": 662058.8,
            "Total Cost": 662058.81,
            "Plan Rows": 1,
            "Plan Width": 8,
            "Actual Startup Time": 3381.056,
            "Actual Total Time": 3381.221,
            "Actual Rows": 1,
            "Actual Loops": 2,
            "Plans": [
              {
                "Node Type": "Hash Join",
                "Parent Relationship": "Outer",
                "Parallel Aware": true,
                "Join Type": "Inner",
                "Startup Cost": 55427.91,
                "Total Cost": 659316.43,
                "Plan Rows": 1096950,
                "Plan Width": 0,
                "Actual Startup Time": 665.09,
                "Actual Total Time": 3334.369,
                "Actual Rows": 1088974,
                "Actual Loops": 2,
                "Inner Unique": true,
                "Hash Cond": "(ci.movie_id = t.id)",
                "Plans": [
                  {
                    "Node Type": "Seq Scan",
                    "Parent Relationship": "Outer",
                    "Parallel Aware": true,
                    "Relation Name": "cast_info",
                    "Alias": "ci",
                    "Startup Cost": 0.0,
                    "Total Cost": 572345.93,
                    "Plan Rows": 12016203,
                    "Plan Width": 4,
                    "Actual Startup Time": 518.459,
                    "Actual Total Time": 1758.809,
                    "Actual Rows": 9334564,
                    "Actual Loops": 2,
                    "Filter": "((person_id < 3182818) AND (role_id > 1))",
                    "Rows Removed by Filter": 8787608
                  },
                  {
                    "Node Type": "Hash",
                    "Parent Relationship": "Inner",
                    "Parallel Aware": true,
                    "Startup Cost": 53730.81,
                    "Total Cost": 53730.81,
                    "Plan Rows": 135768,
                    "Plan Width": 4,
                    "Actual Startup Time": 143.073,
                    "Actual Total Time": 143.074,
                    "Actual Rows": 176538,
                    "Actual Loops": 2,
                    "Hash Buckets": 524288,
                    "Original Hash Buckets": 262144,
                    "Hash Batches": 1,
                    "Original Hash Batches": 1,
                    "Peak Memory Usage": 20000,
                    "Plans": [
                      {
                        "Node Type": "Bitmap Heap Scan",
                        "Parent Relationship": "Outer",
                        "Parallel Aware": true,
                        "Relation Name": "title",
                        "Alias": "t",
                        "Startup Cost": 11880.55,
                        "Total Cost": 53730.81,
                        "Plan Rows": 135768,
                        "Plan Width": 4,
                        "Actual Startup Time": 35.176,
                        "Actual Total Time": 100.889,
                        "Actual Rows": 176538,
                        "Actual Loops": 2,
                        "Recheck Cond": "(kind_id < 2)",
                        "Rows Removed by Index Recheck": 0,
                        "Filter": "(production_year < 1997)",
                        "Rows Removed by Filter": 154875,
                        "Exact Heap Blocks": 8229,
                        "Lossy Heap Blocks": 0,
                        "Plans": [
                          {
                            "Node Type": "Bitmap Index Scan",
                            "Parent Relationship": "Outer",
                            "Parallel Aware": false,
                            "Index Name": "kind_id_title",
                            "Startup Cost": 0.0,
                            "Total Cost": 11822.85,
                            "Plan Rows": 663256,
                            "Plan Width": 0,
                            "Actual Startup Time": 35.784,
                            "Actual Total Time": 35.784,
                            "Actual Rows": 662825,
                            "Actual Loops": 1,
                            "Index Cond": "(kind_id < 2)"
                          }
                        ]
                      }
                    ]
                  }
                ]
              }
            ]
          }
        ]
      }
    ]
  },
  "Planning Time": 0.666,
  "Triggers": [],
  "Execution Time": 3450.484
}