{
  "Plan": {
    "Node Type": "Aggregate",
    "Strategy": "Plain",
    "Partial Mode": "Finalize",
    "Parallel Aware": false,
    "Startup Cost": 307878.62,
    "Total Cost": 307878.63,
    "Plan Rows": 1,
    "Plan Width": 8,
    "Actual Startup Time": 973.056,
    "Actual Total Time": 995.049,
    "Actual Rows": 1,
    "Actual Loops": 1,
    "Plans": [
      {
        "Node Type": "Gather",
        "Parent Relationship": "Outer",
        "Parallel Aware": false,
        "Startup Cost": 307878.51,
        "Total Cost": 307878.62,
        "Plan Rows": 1,
        "Plan Width": 8,
        "Actual Startup Time": 970.64,
        "Actual Total Time": 995.042,
        "Actual Rows": 2,
        "Actual Loops": 1,
        "Workers Planned": 1,
        "Workers Launched": 1,
        "Single Copy": false,
        "Plans": [
          {
            "Node Type": "Aggregate",
            "Strategy": "Plain",
            "Partial Mode": "Partial",
            "Parent Relationship": "Outer",
            "Parallel Aware": false,
            "Startup Cost": 306878.51,
            "Total Cost": 306878.52,
            "Plan Rows": 1,
            "Plan Width": 8,
            "Actual Startup Time": 958.396,
            "Actual Total Time": 958.401,
            "Actual Rows": 1,
            "Actual Loops": 2,
            "Plans": [
              {
                "Node Type": "Hash Join",
                "Parent Relationship": "Outer",
                "Parallel Aware": true,
                "Join Type": "Inner",
                "Startup Cost": 69461.26,
                "Total Cost": 306519.98,
                "Plan Rows": 143409,
                "Plan Width": 0,
                "Actual Startup Time": 512.867,
                "Actual Total Time": 958.384,
                "Actual Rows": 84,
                "Actual Loops": 2,
                "Inner Unique": true,
                "Hash Cond": "(ci.movie_id = t.id)",
                "Plans": [
                  {
                    "Node Type": "Index Scan",
                    "Parent Relationship": "Outer",
                    "Parallel Aware": true,
                    "Scan Direction": "Forward",
                    "Index Name": "role_id_cast_info",
                    "Relation Name": "cast_info",
                    "Alias": "ci",
                    "Startup Cost": 0.56,
                    "Total Cost": 236682.84,
                    "Plan Rows": 143409,
                    "Plan Width": 4,
                    "Actual Startup Time": 1.081,
                    "Actual Total Time": 445.86,
                    "Actual Rows": 84,
                    "Actual Loops": 2,
                    "Index Cond": "(role_id = 2)",
                    "Rows Removed by Index Recheck": 0,
                    "Filter": "(person_id < 123239)",
                    "Rows Removed by Filter": 3725903
                  },
                  {
                    "Node Type": "Hash",
                    "Parent Relationship": "Inner",
                    "Parallel Aware": true,
                    "Startup Cost": 50870.31,
                    "Total Cost": 50870.31,
                    "Plan Rows": 1487231,
                    "Plan Width": 4,
                    "Actual Startup Time": 490.626,
                    "Actual Total Time": 490.627,
                    "Actual Rows": 1264156,
                    "Actual Loops": 2,
                    "Hash Buckets": 4194304,
                    "Original Hash Buckets": 4194304,
                    "Hash Batches": 1,
                    "Original Hash Batches": 1,
                    "Peak Memory Usage": 131712,
                    "Plans": [
                      {
                        "Node Type": "Seq Scan",
                        "Parent Relationship": "Outer",
                        "Parallel Aware": true,
                        "Relation Name": "title",
                        "Alias": "t",
                        "Startup Cost": 0.0,
                        "Total Cost": 50870.31,
                        "Plan Rows": 1487231,
                        "Plan Width": 4,
                        "Actual Startup Time": 0.023,
                        "Actual Total Time": 143.846,
                        "Actual Rows": 1264156,
                        "Actual Loops": 2
                      }
                    ]
                  }
                ]
              }
            ]
          }
        ]
      }
    ]
  },
  "Planning Time": 0.727,
  "Triggers": [],
  "Execution Time": 995.125
}