[
  {
    "Plan": {
      "Node Type": "Aggregate",
      "Strategy": "Plain",
      "Partial Mode": "Finalize",
      "Parallel Aware": false,
      "Startup Cost": 561518.84,
      "Total Cost": 561518.85,
      "Plan Rows": 1,
      "Plan Width": 8,
      "Actual Startup Time": 4962.333,
      "Actual Total Time": 5047.275,
      "Actual Rows": 1,
      "Actual Loops": 1,
      "Plans": [
        {
          "Node Type": "Gather",
          "Parent Relationship": "Outer",
          "Parallel Aware": false,
          "Startup Cost": 561518.32,
          "Total Cost": 561518.83,
          "Plan Rows": 5,
          "Plan Width": 8,
          "Actual Startup Time": 4955.811,
          "Actual Total Time": 5047.262,
          "Actual Rows": 6,
          "Actual Loops": 1,
          "Workers Planned": 5,
          "Workers Launched": 5,
          "Single Copy": false,
          "Plans": [
            {
              "Node Type": "Aggregate",
              "Strategy": "Plain",
              "Partial Mode": "Partial",
              "Parent Relationship": "Outer",
              "Parallel Aware": false,
              "Startup Cost": 560518.32,
              "Total Cost": 560518.33,
              "Plan Rows": 1,
              "Plan Width": 8,
              "Actual Startup Time": 4948.242,
              "Actual Total Time": 4948.246,
              "Actual Rows": 1,
              "Actual Loops": 6,
              "Plans": [
                {
                  "Node Type": "Nested Loop",
                  "Parent Relationship": "Outer",
                  "Parallel Aware": false,
                  "Join Type": "Inner",
                  "Startup Cost": 74955.78,
                  "Total Cost": 556188.63,
                  "Plan Rows": 1731875,
                  "Plan Width": 0,
                  "Actual Startup Time": 214.978,
                  "Actual Total Time": 4749.55,
                  "Actual Rows": 4285844,
                  "Actual Loops": 6,
                  "Inner Unique": false,
                  "Join Filter": "(t.id = ci.movie_id)",
                  "Rows Removed by Join Filter": 0,
                  "Plans": [
                    {
                      "Node Type": "Hash Join",
                      "Parent Relationship": "Outer",
                      "Parallel Aware": true,
                      "Join Type": "Inner",
                      "Startup Cost": 74955.22,
                      "Total Cost": 241630.78,
                      "Plan Rows": 120792,
                      "Plan Width": 8,
                      "Actual Startup Time": 214.774,
                      "Actual Total Time": 384.276,
                      "Actual Rows": 253262,
                      "Actual Loops": 6,
                      "Inner Unique": true,
                      "Hash Cond": "(mi.movie_id = t.id)",
                      "Plans": [
                        {
                          "Node Type": "Bitmap Heap Scan",
                          "Parent Relationship": "Outer",
                          "Parallel Aware": true,
                          "Relation Name": "movie_info",
                          "Alias": "mi",
                          "Startup Cost": 27973.07,
                          "Total Cost": 193835.95,
                          "Plan Rows": 309591,
                          "Plan Width": 4,
                          "Actual Startup Time": 59.365,
                          "Actual Total Time": 96.547,
                          "Actual Rows": 255652,
                          "Actual Loops": 6,
                          "Recheck Cond": "(info_type_id = 3)",
                          "Rows Removed by Index Recheck": 0,
                          "Exact Heap Blocks": 1474,
                          "Lossy Heap Blocks": 0,
                          "Plans": [
                            {
                              "Node Type": "Bitmap Index Scan",
                              "Parent Relationship": "Outer",
                              "Parallel Aware": false,
                              "Index Name": "info_type_id_movie_info",
                              "Startup Cost": 0.0,
                              "Total Cost": 27586.08,
                              "Plan Rows": 1547953,
                              "Plan Width": 0,
                              "Actual Startup Time": 57.685,
                              "Actual Total Time": 57.685,
                              "Actual Rows": 1533909,
                              "Actual Loops": 1,
                              "Index Cond": "(info_type_id = 3)"
                            }
                          ]
                        },
                        {
                          "Node Type": "Hash",
                          "Parent Relationship": "Inner",
                          "Parallel Aware": true,
                          "Startup Cost": 43899.32,
                          "Total Cost": 43899.32,
                          "Plan Rows": 246626,
                          "Plan Width": 4,
                          "Actual Startup Time": 152.575,
                          "Actual Total Time": 152.575,
                          "Actual Rows": 164175,
                          "Actual Loops": 6,
                          "Hash Buckets": 1048576,
                          "Original Hash Buckets": 1048576,
                          "Hash Batches": 1,
                          "Original Hash Batches": 1,
                          "Peak Memory Usage": 46816,
                          "Plans": [
                            {
                              "Node Type": "Seq Scan",
                              "Parent Relationship": "Outer",
                              "Parallel Aware": true,
                              "Relation Name": "title",
                              "Alias": "t",
                              "Startup Cost": 0.0,
                              "Total Cost": 43899.32,
                              "Plan Rows": 246626,
                              "Plan Width": 4,
                              "Actual Startup Time": 0.037,
                              "Actual Total Time": 81.567,
                              "Actual Rows": 164175,
                              "Actual Loops": 6,
                              "Filter": "(kind_id < 7)",
                              "Rows Removed by Filter": 257211
                            }
                          ]
                        }
                      ]
                    },
                    {
                      "Node Type": "Index Only Scan",
                      "Parent Relationship": "Inner",
                      "Parallel Aware": false,
                      "Scan Direction": "Forward",
                      "Index Name": "movie_id_cast_info",
                      "Relation Name": "cast_info",
                      "Alias": "ci",
                      "Startup Cost": 0.56,
                      "Total Cost": 2.17,
                      "Plan Rows": 35,
                      "Plan Width": 4,
                      "Actual Startup Time": 0.003,
                      "Actual Total Time": 0.016,
                      "Actual Rows": 17,
                      "Actual Loops": 1519569,
                      "Index Cond": "(movie_id = mi.movie_id)",
                      "Rows Removed by Index Recheck": 0,
                      "Heap Fetches": 25715064
                    }
                  ]
                }
              ]
            }
          ]
        }
      ]
    },
    "Planning Time": 0.915,
    "Triggers": [],
    "Execution Time": 5047.42
  }
]