[
  {
    "Plan": {
      "Node Type": "Aggregate",
      "Strategy": "Plain",
      "Partial Mode": "Finalize",
      "Parallel Aware": false,
      "Startup Cost": 60274.47,
      "Total Cost": 60274.48,
      "Plan Rows": 1,
      "Plan Width": 8,
      "Actual Startup Time": 215.162,
      "Actual Total Time": 228.707,
      "Actual Rows": 1,
      "Actual Loops": 1,
      "Plans": [
        {
          "Node Type": "Gather",
          "Parent Relationship": "Outer",
          "Parallel Aware": false,
          "Startup Cost": 60274.25,
          "Total Cost": 60274.46,
          "Plan Rows": 2,
          "Plan Width": 8,
          "Actual Startup Time": 214.776,
          "Actual Total Time": 228.697,
          "Actual Rows": 3,
          "Actual Loops": 1,
          "Workers Planned": 2,
          "Workers Launched": 2,
          "Single Copy": false,
          "Plans": [
            {
              "Node Type": "Aggregate",
              "Strategy": "Plain",
              "Partial Mode": "Partial",
              "Parent Relationship": "Outer",
              "Parallel Aware": false,
              "Startup Cost": 59274.25,
              "Total Cost": 59274.26,
              "Plan Rows": 1,
              "Plan Width": 8,
              "Actual Startup Time": 208.192,
              "Actual Total Time": 208.195,
              "Actual Rows": 1,
              "Actual Loops": 3,
              "Plans": [
                {
                  "Node Type": "Hash Join",
                  "Parent Relationship": "Outer",
                  "Parallel Aware": true,
                  "Join Type": "Inner",
                  "Startup Cost": 44051.87,
                  "Total Cost": 59246.43,
                  "Plan Rows": 11131,
                  "Plan Width": 0,
                  "Actual Startup Time": 157.538,
                  "Actual Total Time": 207.951,
                  "Actual Rows": 4055,
                  "Actual Loops": 3,
                  "Inner Unique": true,
                  "Hash Cond": "(mi_idx.movie_id = t.id)",
                  "Plans": [
                    {
                      "Node Type": "Seq Scan",
                      "Parent Relationship": "Outer",
                      "Parallel Aware": true,
                      "Relation Name": "movie_info_idx",
                      "Alias": "mi_idx",
                      "Startup Cost": 0.0,
                      "Total Cost": 13685.15,
                      "Plan Rows": 575015,
                      "Plan Width": 4,
                      "Actual Startup Time": 0.023,
                      "Actual Total Time": 39.734,
                      "Actual Rows": 460012,
                      "Actual Loops": 3
                    },
                    {
                      "Node Type": "Hash",
                      "Parent Relationship": "Inner",
                      "Parallel Aware": true,
                      "Startup Cost": 43898.92,
                      "Total Cost": 43898.92,
                      "Plan Rows": 12236,
                      "Plan Width": 4,
                      "Actual Startup Time": 122.08,
                      "Actual Total Time": 122.081,
                      "Actual Rows": 17241,
                      "Actual Loops": 3,
                      "Hash Buckets": 65536,
                      "Original Hash Buckets": 65536,
                      "Hash Batches": 1,
                      "Original Hash Batches": 1,
                      "Peak Memory Usage": 2592,
                      "Plans": [
                        {
                          "Node Type": "Seq Scan",
                          "Parent Relationship": "Outer",
                          "Parallel Aware": true,
                          "Relation Name": "title",
                          "Alias": "t",
                          "Startup Cost": 0.0,
                          "Total Cost": 43898.92,
                          "Plan Rows": 12236,
                          "Plan Width": 4,
                          "Actual Startup Time": 68.239,
                          "Actual Total Time": 116.343,
                          "Actual Rows": 17241,
                          "Actual Loops": 3,
                          "Filter": "(production_year < 1914)",
                          "Rows Removed by Filter": 825530
                        }
                      ]
                    }
                  ]
                }
              ]
            }
          ]
        }
      ]
    },
    "Planning Time": 0.59,
    "Triggers": [],
    "Execution Time": 228.785
  }
]