{
  "Plan": {
    "Node Type": "Aggregate",
    "Strategy": "Plain",
    "Partial Mode": "Finalize",
    "Parallel Aware": false,
    "Startup Cost": 52544.52,
    "Total Cost": 52544.53,
    "Plan Rows": 1,
    "Plan Width": 8,
    "Actual Startup Time": 40.34,
    "Actual Total Time": 48.123,
    "Actual Rows": 1,
    "Actual Loops": 1,
    "Plans": [
      {
        "Node Type": "Gather",
        "Parent Relationship": "Outer",
        "Parallel Aware": false,
        "Startup Cost": 52544.41,
        "Total Cost": 52544.52,
        "Plan Rows": 1,
        "Plan Width": 8,
        "Actual Startup Time": 40.256,
        "Actual Total Time": 48.117,
        "Actual Rows": 2,
        "Actual Loops": 1,
        "Workers Planned": 1,
        "Workers Launched": 1,
        "Single Copy": false,
        "Plans": [
          {
            "Node Type": "Aggregate",
            "Strategy": "Plain",
            "Partial Mode": "Partial",
            "Parent Relationship": "Outer",
            "Parallel Aware": false,
            "Startup Cost": 51544.41,
            "Total Cost": 51544.42,
            "Plan Rows": 1,
            "Plan Width": 8,
            "Actual Startup Time": 37.327,
            "Actual Total Time": 37.328,
            "Actual Rows": 1,
            "Actual Loops": 2,
            "Plans": [
              {
                "Node Type": "Nested Loop",
                "Parent Relationship": "Outer",
                "Parallel Aware": false,
                "Join Type": "Inner",
                "Startup Cost": 183.47,
                "Total Cost": 51543.92,
                "Plan Rows": 196,
                "Plan Width": 0,
                "Actual Startup Time": 21.179,
                "Actual Total Time": 37.322,
                "Actual Rows": 4,
                "Actual Loops": 2,
                "Inner Unique": true,
                "Plans": [
                  {
                    "Node Type": "Bitmap Heap Scan",
                    "Parent Relationship": "Outer",
                    "Parallel Aware": true,
                    "Relation Name": "movie_keyword",
                    "Alias": "mk",
                    "Startup Cost": 183.04,
                    "Total Cost": 17497.69,
                    "Plan Rows": 5056,
                    "Plan Width": 4,
                    "Actual Startup Time": 2.288,
                    "Actual Total Time": 12.456,
                    "Actual Rows": 3776,
                    "Actual Loops": 2,
                    "Recheck Cond": "(keyword_id = 910)",
                    "Rows Removed by Index Recheck": 0,
                    "Exact Heap Blocks": 4704,
                    "Lossy Heap Blocks": 0,
                    "Plans": [
                      {
                        "Node Type": "Bitmap Index Scan",
                        "Parent Relationship": "Outer",
                        "Parallel Aware": false,
                        "Index Name": "keyword_id_movie_keyword",
                        "Startup Cost": 0.0,
                        "Total Cost": 180.89,
                        "Plan Rows": 8595,
                        "Plan Width": 0,
                        "Actual Startup Time": 2.768,
                        "Actual Total Time": 2.769,
                        "Actual Rows": 7552,
                        "Actual Loops": 1,
                        "Index Cond": "(keyword_id = 910)"
                      }
                    ]
                  },
                  {
                    "Node Type": "Index Scan",
                    "Parent Relationship": "Inner",
                    "Parallel Aware": false,
                    "Scan Direction": "Forward",
                    "Index Name": "title_pkey",
                    "Relation Name": "title",
                    "Alias": "t",
                    "Startup Cost": 0.43,
                    "Total Cost": 6.73,
                    "Plan Rows": 1,
                    "Plan Width": 4,
                    "Actual Startup Time": 0.006,
                    "Actual Total Time": 0.006,
                    "Actual Rows": 0,
                    "Actual Loops": 7552,
                    "Index Cond": "(id = mk.movie_id)",
                    "Rows Removed by Index Recheck": 0,
                    "Filter": "((kind_id = 7) AND (production_year = 2011))",
                    "Rows Removed by Filter": 1
                  }
                ]
              }
            ]
          }
        ]
      }
    ]
  },
  "Planning Time": 0.301,
  "Triggers": [],
  "Execution Time": 48.182
}