{
  "Plan": {
    "Node Type": "Aggregate",
    "Strategy": "Plain",
    "Partial Mode": "Finalize",
    "Parallel Aware": false,
    "Startup Cost": 118273.68,
    "Total Cost": 118273.69,
    "Plan Rows": 1,
    "Plan Width": 8,
    "Actual Startup Time": 425.447,
    "Actual Total Time": 438.48,
    "Actual Rows": 1,
    "Actual Loops": 1,
    "Plans": [
      {
        "Node Type": "Gather",
        "Parent Relationship": "Outer",
        "Parallel Aware": false,
        "Startup Cost": 118273.57,
        "Total Cost": 118273.68,
        "Plan Rows": 1,
        "Plan Width": 8,
        "Actual Startup Time": 425.277,
        "Actual Total Time": 438.473,
        "Actual Rows": 2,
        "Actual Loops": 1,
        "Workers Planned": 1,
        "Workers Launched": 1,
        "Single Copy": false,
        "Plans": [
          {
            "Node Type": "Aggregate",
            "Strategy": "Plain",
            "Partial Mode": "Partial",
            "Parent Relationship": "Outer",
            "Parallel Aware": false,
            "Startup Cost": 117273.57,
            "Total Cost": 117273.58,
            "Plan Rows": 1,
            "Plan Width": 8,
            "Actual Startup Time": 419.677,
            "Actual Total Time": 419.68,
            "Actual Rows": 1,
            "Actual Loops": 2,
            "Plans": [
              {
                "Node Type": "Hash Join",
                "Parent Relationship": "Outer",
                "Parallel Aware": true,
                "Join Type": "Inner",
                "Startup Cost": 58981.24,
                "Total Cost": 117032.09,
                "Plan Rows": 96592,
                "Plan Width": 0,
                "Actual Startup Time": 300.928,
                "Actual Total Time": 419.673,
                "Actual Rows": 1,
                "Actual Loops": 2,
                "Inner Unique": true,
                "Hash Cond": "(mk.movie_id = t.id)",
                "Plans": [
                  {
                    "Node Type": "Seq Scan",
                    "Parent Relationship": "Outer",
                    "Parallel Aware": true,
                    "Relation Name": "movie_keyword",
                    "Alias": "mk",
                    "Startup Cost": 0.0,
                    "Total Cost": 51065.35,
                    "Plan Rows": 2661135,
                    "Plan Width": 4,
                    "Actual Startup Time": 0.013,
                    "Actual Total Time": 145.721,
                    "Actual Rows": 2261965,
                    "Actual Loops": 2
                  },
                  {
                    "Node Type": "Hash",
                    "Parent Relationship": "Inner",
                    "Parallel Aware": true,
                    "Startup Cost": 58306.47,
                    "Total Cost": 58306.47,
                    "Plan Rows": 53982,
                    "Plan Width": 4,
                    "Actual Startup Time": 132.344,
                    "Actual Total Time": 132.345,
                    "Actual Rows": 5,
                    "Actual Loops": 2,
                    "Hash Buckets": 131072,
                    "Original Hash Buckets": 131072,
                    "Hash Batches": 1,
                    "Original Hash Batches": 1,
                    "Peak Memory Usage": 1088,
                    "Plans": [
                      {
                        "Node Type": "Seq Scan",
                        "Parent Relationship": "Outer",
                        "Parallel Aware": true,
                        "Relation Name": "title",
                        "Alias": "t",
                        "Startup Cost": 0.0,
                        "Total Cost": 58306.47,
                        "Plan Rows": 53982,
                        "Plan Width": 4,
                        "Actual Startup Time": 70.102,
                        "Actual Total Time": 132.237,
                        "Actual Rows": 5,
                        "Actual Loops": 2,
                        "Filter": "((kind_id > 1) AND (production_year < 1934))",
                        "Rows Removed by Filter": 1264151
                      }
                    ]
                  }
                ]
              }
            ]
          }
        ]
      }
    ]
  },
  "Planning Time": 0.377,
  "Triggers": [],
  "Execution Time": 438.544
}