[
  {
    "Plan": {
      "Node Type": "Aggregate",
      "Strategy": "Plain",
      "Partial Mode": "Finalize",
      "Parallel Aware": false,
      "Startup Cost": 33200.43,
      "Total Cost": 33200.44,
      "Plan Rows": 1,
      "Plan Width": 8,
      "Actual Startup Time": 99.979,
      "Actual Total Time": 107.59,
      "Actual Rows": 1,
      "Actual Loops": 1,
      "Plans": [
        {
          "Node Type": "Gather",
          "Parent Relationship": "Outer",
          "Parallel Aware": false,
          "Startup Cost": 33200.11,
          "Total Cost": 33200.42,
          "Plan Rows": 3,
          "Plan Width": 8,
          "Actual Startup Time": 99.859,
          "Actual Total Time": 107.58,
          "Actual Rows": 4,
          "Actual Loops": 1,
          "Workers Planned": 3,
          "Workers Launched": 3,
          "Single Copy": false,
          "Plans": [
            {
              "Node Type": "Aggregate",
              "Strategy": "Plain",
              "Partial Mode": "Partial",
              "Parent Relationship": "Outer",
              "Parallel Aware": false,
              "Startup Cost": 32200.11,
              "Total Cost": 32200.12,
              "Plan Rows": 1,
              "Plan Width": 8,
              "Actual Startup Time": 91.174,
              "Actual Total Time": 91.175,
              "Actual Rows": 1,
              "Actual Loops": 4,
              "Plans": [
                {
                  "Node Type": "Seq Scan",
                  "Parent Relationship": "Outer",
                  "Parallel Aware": true,
                  "Relation Name": "movie_companies",
                  "Alias": "mc",
                  "Startup Cost": 0.0,
                  "Total Cost": 31414.82,
                  "Plan Rows": 314117,
                  "Plan Width": 0,
                  "Actual Startup Time": 0.497,
                  "Actual Total Time": 80.677,
                  "Actual Rows": 205648,
                  "Actual Loops": 4,
                  "Filter": "((company_id > 814) AND (company_type_id = 1))",
                  "Rows Removed by Filter": 446635
                }
              ]
            }
          ]
        }
      ]
    },
    "Planning Time": 0.197,
    "Triggers": [],
    "Execution Time": 107.642
  }
]