{
  "Plan": {
    "Node Type": "Aggregate",
    "Strategy": "Plain",
    "Partial Mode": "Finalize",
    "Parallel Aware": false,
    "Startup Cost": 85889.65,
    "Total Cost": 85889.66,
    "Plan Rows": 1,
    "Plan Width": 8,
    "Actual Startup Time": 331.925,
    "Actual Total Time": 341.867,
    "Actual Rows": 1,
    "Actual Loops": 1,
    "Plans": [
      {
        "Node Type": "Gather",
        "Parent Relationship": "Outer",
        "Parallel Aware": false,
        "Startup Cost": 85889.54,
        "Total Cost": 85889.65,
        "Plan Rows": 1,
        "Plan Width": 8,
        "Actual Startup Time": 331.528,
        "Actual Total Time": 341.859,
        "Actual Rows": 2,
        "Actual Loops": 1,
        "Workers Planned": 1,
        "Workers Launched": 1,
        "Single Copy": false,
        "Plans": [
          {
            "Node Type": "Aggregate",
            "Strategy": "Plain",
            "Partial Mode": "Partial",
            "Parent Relationship": "Outer",
            "Parallel Aware": false,
            "Startup Cost": 84889.54,
            "Total Cost": 84889.55,
            "Plan Rows": 1,
            "Plan Width": 8,
            "Actual Startup Time": 325.398,
            "Actual Total Time": 325.403,
            "Actual Rows": 1,
            "Actual Loops": 2,
            "Plans": [
              {
                "Node Type": "Hash Join",
                "Parent Relationship": "Outer",
                "Parallel Aware": true,
                "Join Type": "Inner",
                "Startup Cost": 21327.76,
                "Total Cost": 84836.98,
                "Plan Rows": 21025,
                "Plan Width": 0,
                "Actual Startup Time": 228.979,
                "Actual Total Time": 323.874,
                "Actual Rows": 35103,
                "Actual Loops": 2,
                "Inner Unique": false,
                "Hash Cond": "(t.id = mc.movie_id)",
                "Plans": [
                  {
                    "Node Type": "Seq Scan",
                    "Parent Relationship": "Outer",
                    "Parallel Aware": true,
                    "Relation Name": "title",
                    "Alias": "t",
                    "Startup Cost": 0.0,
                    "Total Cost": 54588.39,
                    "Plan Rows": 1407543,
                    "Plan Width": 4,
                    "Actual Startup Time": 0.009,
                    "Actual Total Time": 158.144,
                    "Actual Rows": 1194350,
                    "Actual Loops": 2,
                    "Filter": "(production_year > 1915)",
                    "Rows Removed by Filter": 69806
                  },
                  {
                    "Node Type": "Hash",
                    "Parent Relationship": "Inner",
                    "Parallel Aware": true,
                    "Startup Cost": 21050.06,
                    "Total Cost": 21050.06,
                    "Plan Rows": 22216,
                    "Plan Width": 4,
                    "Actual Startup Time": 40.518,
                    "Actual Total Time": 40.521,
                    "Actual Rows": 35676,
                    "Actual Loops": 2,
                    "Hash Buckets": 131072,
                    "Original Hash Buckets": 65536,
                    "Hash Batches": 1,
                    "Original Hash Batches": 1,
                    "Peak Memory Usage": 4352,
                    "Plans": [
                      {
                        "Node Type": "Bitmap Heap Scan",
                        "Parent Relationship": "Outer",
                        "Parallel Aware": true,
                        "Relation Name": "movie_companies",
                        "Alias": "mc",
                        "Startup Cost": 1603.74,
                        "Total Cost": 21050.06,
                        "Plan Rows": 22216,
                        "Plan Width": 4,
                        "Actual Startup Time": 6.098,
                        "Actual Total Time": 25.466,
                        "Actual Rows": 35676,
                        "Actual Loops": 2,
                        "Recheck Cond": "(company_id > 175795)",
                        "Rows Removed by Index Recheck": 0,
                        "Filter": "(company_type_id > 1)",
                        "Rows Removed by Filter": 0,
                        "Exact Heap Blocks": 1681,
                        "Lossy Heap Blocks": 0,
                        "Plans": [
                          {
                            "Node Type": "Bitmap Index Scan",
                            "Parent Relationship": "Outer",
                            "Parallel Aware": false,
                            "Index Name": "company_id_movie_companies",
                            "Startup Cost": 0.0,
                            "Total Cost": 1594.3,
                            "Plan Rows": 74383,
                            "Plan Width": 0,
                            "Actual Startup Time": 9.338,
                            "Actual Total Time": 9.339,
                            "Actual Rows": 71353,
                            "Actual Loops": 1,
                            "Index Cond": "(company_id > 175795)"
                          }
                        ]
                      }
                    ]
                  }
                ]
              }
            ]
          }
        ]
      }
    ]
  },
  "Planning Time": 0.447,
  "Triggers": [],
  "Execution Time": 341.958
}