[
    {
        "Bao": {
            "Bao prediction": "NaN",
            "Bao recommended hint": "(no hint)"
        }
    },
    {
        "Plan": {
            "Node Type": "Aggregate",
            "Strategy": "Plain",
            "Partial Mode": "Finalize",
            "Parallel Aware": false,
            "Startup Cost": 146211.17,
            "Total Cost": 146211.18,
            "Plan Rows": 1,
            "Plan Width": 8,
            "Actual Startup Time": 769.174,
            "Actual Total Time": 784.105,
            "Actual Rows": 1,
            "Actual Loops": 1,
            "Output": [
                "count(*)"
            ],
            "Plans": [
                {
                    "Node Type": "Gather",
                    "Parent Relationship": "Outer",
                    "Parallel Aware": false,
                    "Startup Cost": 146210.85,
                    "Total Cost": 146211.16,
                    "Plan Rows": 3,
                    "Plan Width": 8,
                    "Actual Startup Time": 768.638,
                    "Actual Total Time": 784.097,
                    "Actual Rows": 4,
                    "Actual Loops": 1,
                    "Output": [
                        "(PARTIAL count(*))"
                    ],
                    "Workers Planned": 3,
                    "Workers Launched": 3,
                    "Single Copy": false,
                    "Plans": [
                        {
                            "Node Type": "Aggregate",
                            "Strategy": "Plain",
                            "Partial Mode": "Partial",
                            "Parent Relationship": "Outer",
                            "Parallel Aware": false,
                            "Startup Cost": 145210.85,
                            "Total Cost": 145210.86,
                            "Plan Rows": 1,
                            "Plan Width": 8,
                            "Actual Startup Time": 759.556,
                            "Actual Total Time": 759.562,
                            "Actual Rows": 1,
                            "Actual Loops": 4,
                            "Output": [
                                "PARTIAL count(*)"
                            ],
                            "Workers": [
                                {
                                    "Worker Number": 0,
                                    "Actual Startup Time": 756.295,
                                    "Actual Total Time": 756.308,
                                    "Actual Rows": 1,
                                    "Actual Loops": 1
                                },
                                {
                                    "Worker Number": 1,
                                    "Actual Startup Time": 756.336,
                                    "Actual Total Time": 756.339,
                                    "Actual Rows": 1,
                                    "Actual Loops": 1
                                },
                                {
                                    "Worker Number": 2,
                                    "Actual Startup Time": 757.351,
                                    "Actual Total Time": 757.354,
                                    "Actual Rows": 1,
                                    "Actual Loops": 1
                                }
                            ],
                            "Plans": [
                                {
                                    "Node Type": "Nested Loop",
                                    "Parent Relationship": "Outer",
                                    "Parallel Aware": false,
                                    "Join Type": "Inner",
                                    "Startup Cost": 38216.64,
                                    "Total Cost": 144694.24,
                                    "Plan Rows": 206645,
                                    "Plan Width": 0,
                                    "Actual Startup Time": 61.076,
                                    "Actual Total Time": 704.092,
                                    "Actual Rows": 1318367,
                                    "Actual Loops": 4,
                                    "Inner Unique": false,
                                    "Join Filter": "(t.id = mi.movie_id)",
                                    "Rows Removed by Join Filter": 0,
                                    "Workers": [
                                        {
                                            "Worker Number": 0,
                                            "Actual Startup Time": 57.851,
                                            "Actual Total Time": 699.445,
                                            "Actual Rows": 1375665,
                                            "Actual Loops": 1
                                        },
                                        {
                                            "Worker Number": 1,
                                            "Actual Startup Time": 57.892,
                                            "Actual Total Time": 703.778,
                                            "Actual Rows": 1259490,
                                            "Actual Loops": 1
                                        },
                                        {
                                            "Worker Number": 2,
                                            "Actual Startup Time": 58.82,
                                            "Actual Total Time": 704.121,
                                            "Actual Rows": 1264064,
                                            "Actual Loops": 1
                                        }
                                    ],
                                    "Plans": [
                                        {
                                            "Node Type": "Hash Join",
                                            "Parent Relationship": "Outer",
                                            "Parallel Aware": true,
                                            "Join Type": "Inner",
                                            "Startup Cost": 38216.2,
                                            "Total Cost": 81094.28,
                                            "Plan Rows": 35409,
                                            "Plan Width": 8,
                                            "Actual Startup Time": 61.018,
                                            "Actual Total Time": 230.544,
                                            "Actual Rows": 36990,
                                            "Actual Loops": 4,
                                            "Output": [
                                                "t.id",
                                                "mk.movie_id"
                                            ],
                                            "Inner Unique": true,
                                            "Hash Cond": "(mk.movie_id = t.id)",
                                            "Workers": [
                                                {
                                                    "Worker Number": 0,
                                                    "Actual Startup Time": 57.773,
                                                    "Actual Total Time": 224.229,
                                                    "Actual Rows": 31968,
                                                    "Actual Loops": 1
                                                },
                                                {
                                                    "Worker Number": 1,
                                                    "Actual Startup Time": 57.825,
                                                    "Actual Total Time": 230.926,
                                                    "Actual Rows": 38807,
                                                    "Actual Loops": 1
                                                },
                                                {
                                                    "Worker Number": 2,
                                                    "Actual Startup Time": 58.75,
                                                    "Actual Total Time": 228.293,
                                                    "Actual Rows": 37706,
                                                    "Actual Loops": 1
                                                }
                                            ],
                                            "Plans": [
                                                {
                                                    "Node Type": "Seq Scan",
                                                    "Parent Relationship": "Outer",
                                                    "Parallel Aware": true,
                                                    "Relation Name": "movie_keyword",
                                                    "Schema": "public",
                                                    "Alias": "mk",
                                                    "Startup Cost": 0.0,
                                                    "Total Cost": 39047.32,
                                                    "Plan Rows": 1459332,
                                                    "Plan Width": 4,
                                                    "Actual Startup Time": 0.01,
                                                    "Actual Total Time": 81.247,
                                                    "Actual Rows": 1130982,
                                                    "Actual Loops": 4,
                                                    "Output": [
                                                        "mk.id",
                                                        "mk.movie_id",
                                                        "mk.keyword_id"
                                                    ],
                                                    "Workers": [
                                                        {
                                                            "Worker Number": 0,
                                                            "Actual Startup Time": 0.011,
                                                            "Actual Total Time": 81.031,
                                                            "Actual Rows": 1099085,
                                                            "Actual Loops": 1
                                                        },
                                                        {
                                                            "Worker Number": 1,
                                                            "Actual Startup Time": 0.01,
                                                            "Actual Total Time": 83.344,
                                                            "Actual Rows": 1137750,
                                                            "Actual Loops": 1
                                                        },
                                                        {
                                                            "Worker Number": 2,
                                                            "Actual Startup Time": 0.012,
                                                            "Actual Total Time": 81.409,
                                                            "Actual Rows": 1102170,
                                                            "Actual Loops": 1
                                                        }
                                                    ]
                                                },
                                                {
                                                    "Node Type": "Hash",
                                                    "Parent Relationship": "Inner",
                                                    "Parallel Aware": true,
                                                    "Startup Cost": 38024.49,
                                                    "Total Cost": 38024.49,
                                                    "Plan Rows": 15337,
                                                    "Plan Width": 4,
                                                    "Actual Startup Time": 60.503,
                                                    "Actual Total Time": 60.507,
                                                    "Actual Rows": 16222,
                                                    "Actual Loops": 4,
                                                    "Output": [
                                                        "t.id"
                                                    ],
                                                    "Hash Buckets": 65536,
                                                    "Original Hash Buckets": 65536,
                                                    "Hash Batches": 1,
                                                    "Original Hash Batches": 1,
                                                    "Peak Memory Usage": 3136,
                                                    "Workers": [
                                                        {
                                                            "Worker Number": 0,
                                                            "Actual Startup Time": 57.346,
                                                            "Actual Total Time": 57.357,
                                                            "Actual Rows": 7981,
                                                            "Actual Loops": 1
                                                        },
                                                        {
                                                            "Worker Number": 1,
                                                            "Actual Startup Time": 57.389,
                                                            "Actual Total Time": 57.39,
                                                            "Actual Rows": 8203,
                                                            "Actual Loops": 1
                                                        },
                                                        {
                                                            "Worker Number": 2,
                                                            "Actual Startup Time": 58.358,
                                                            "Actual Total Time": 58.359,
                                                            "Actual Rows": 8588,
                                                            "Actual Loops": 1
                                                        }
                                                    ],
                                                    "Plans": [
                                                        {
                                                            "Node Type": "Bitmap Heap Scan",
                                                            "Parent Relationship": "Outer",
                                                            "Parallel Aware": true,
                                                            "Relation Name": "title",
                                                            "Schema": "public",
                                                            "Alias": "t",
                                                            "Startup Cost": 1677.58,
                                                            "Total Cost": 38024.49,
                                                            "Plan Rows": 15337,
                                                            "Plan Width": 4,
                                                            "Actual Startup Time": 10.604,
                                                            "Actual Total Time": 54.772,
                                                            "Actual Rows": 16222,
                                                            "Actual Loops": 4,
                                                            "Output": [
                                                                "t.id"
                                                            ],
                                                            "Recheck Cond": "(t.kind_id = 2)",
                                                            "Rows Removed by Index Recheck": 0,
                                                            "Filter": "(t.production_year < 2008)",
                                                            "Rows Removed by Filter": 6492,
                                                            "Exact Heap Blocks": 14715,
                                                            "Lossy Heap Blocks": 0,
                                                            "Workers": [
                                                                {
                                                                    "Worker Number": 0,
                                                                    "Actual Startup Time": 7.527,
                                                                    "Actual Total Time": 52.55,
                                                                    "Actual Rows": 7981,
                                                                    "Actual Loops": 1
                                                                },
                                                                {
                                                                    "Worker Number": 1,
                                                                    "Actual Startup Time": 7.496,
                                                                    "Actual Total Time": 52.423,
                                                                    "Actual Rows": 8203,
                                                                    "Actual Loops": 1
                                                                },
                                                                {
                                                                    "Worker Number": 2,
                                                                    "Actual Startup Time": 8.458,
                                                                    "Actual Total Time": 53.649,
                                                                    "Actual Rows": 8588,
                                                                    "Actual Loops": 1
                                                                }
                                                            ],
                                                            "Plans": [
                                                                {
                                                                    "Node Type": "Bitmap Index Scan",
                                                                    "Parent Relationship": "Outer",
                                                                    "Parallel Aware": false,
                                                                    "Index Name": "kind_id_title",
                                                                    "Startup Cost": 0.0,
                                                                    "Total Cost": 1662.25,
                                                                    "Plan Rows": 93042,
                                                                    "Plan Width": 0,
                                                                    "Actual Startup Time": 12.834,
                                                                    "Actual Total Time": 12.834,
                                                                    "Actual Rows": 90852,
                                                                    "Actual Loops": 1,
                                                                    "Index Cond": "(t.kind_id = 2)"
                                                                }
                                                            ]
                                                        }
                                                    ]
                                                }
                                            ]
                                        },
                                        {
                                            "Node Type": "Index Only Scan",
                                            "Parent Relationship": "Inner",
                                            "Parallel Aware": false,
                                            "Scan Direction": "Forward",
                                            "Index Name": "movie_id_movie_info",
                                            "Relation Name": "movie_info",
                                            "Schema": "public",
                                            "Alias": "mi",
                                            "Startup Cost": 0.43,
                                            "Total Cost": 1.31,
                                            "Plan Rows": 39,
                                            "Plan Width": 4,
                                            "Actual Startup Time": 0.003,
                                            "Actual Total Time": 0.01,
                                            "Actual Rows": 36,
                                            "Actual Loops": 147961,
                                            "Output": [
                                                "mi.movie_id"
                                            ],
                                            "Index Cond": "(mi.movie_id = mk.movie_id)",
                                            "Rows Removed by Index Recheck": 0,
                                            "Heap Fetches": 5273469,
                                            "Workers": [
                                                {
                                                    "Worker Number": 0,
                                                    "Actual Startup Time": 0.003,
                                                    "Actual Total Time": 0.011,
                                                    "Actual Rows": 43,
                                                    "Actual Loops": 31968
                                                },
                                                {
                                                    "Worker Number": 1,
                                                    "Actual Startup Time": 0.003,
                                                    "Actual Total Time": 0.009,
                                                    "Actual Rows": 32,
                                                    "Actual Loops": 38807
                                                },
                                                {
                                                    "Worker Number": 2,
                                                    "Actual Startup Time": 0.003,
                                                    "Actual Total Time": 0.01,
                                                    "Actual Rows": 34,
                                                    "Actual Loops": 37706
                                                }
                                            ]
                                        }
                                    ]
                                }
                            ]
                        }
                    ]
                }
            ]
        },
        "Planning Time": 202.29,
        "Triggers": [],
        "Execution Time": 784.194
    }
]