[
  {
    "Plan": {
      "Node Type": "Aggregate",
      "Strategy": "Plain",
      "Partial Mode": "Finalize",
      "Parallel Aware": false,
      "Startup Cost": 46059.38,
      "Total Cost": 46059.39,
      "Plan Rows": 1,
      "Plan Width": 8,
      "Actual Startup Time": 159.601,
      "Actual Total Time": 168.233,
      "Actual Rows": 1,
      "Actual Loops": 1,
      "Plans": [
        {
          "Node Type": "Gather",
          "Parent Relationship": "Outer",
          "Parallel Aware": false,
          "Startup Cost": 46059.06,
          "Total Cost": 46059.37,
          "Plan Rows": 3,
          "Plan Width": 8,
          "Actual Startup Time": 159.479,
          "Actual Total Time": 168.225,
          "Actual Rows": 4,
          "Actual Loops": 1,
          "Workers Planned": 3,
          "Workers Launched": 3,
          "Single Copy": false,
          "Plans": [
            {
              "Node Type": "Aggregate",
              "Strategy": "Plain",
              "Partial Mode": "Partial",
              "Parent Relationship": "Outer",
              "Parallel Aware": false,
              "Startup Cost": 45059.06,
              "Total Cost": 45059.07,
              "Plan Rows": 1,
              "Plan Width": 8,
              "Actual Startup Time": 155.187,
              "Actual Total Time": 155.188,
              "Actual Rows": 1,
              "Actual Loops": 4,
              "Plans": [
                {
                  "Node Type": "Seq Scan",
                  "Parent Relationship": "Outer",
                  "Parallel Aware": true,
                  "Relation Name": "movie_keyword",
                  "Alias": "mk",
                  "Startup Cost": 0.0,
                  "Total Cost": 42695.65,
                  "Plan Rows": 945362,
                  "Plan Width": 0,
                  "Actual Startup Time": 0.033,
                  "Actual Total Time": 120.909,
                  "Actual Rows": 734125,
                  "Actual Loops": 4,
                  "Filter": "(keyword_id < 9790)",
                  "Rows Removed by Filter": 396858
                }
              ]
            }
          ]
        }
      ]
    },
    "Planning Time": 0.194,
    "Triggers": [],
    "Execution Time": 168.288
  }
]