[
    {
        "Bao": {
            "Bao prediction": "NaN",
            "Bao recommended hint": "(no hint)"
        }
    },
    {
        "Plan": {
            "Node Type": "Aggregate",
            "Strategy": "Plain",
            "Partial Mode": "Finalize",
            "Parallel Aware": false,
            "Startup Cost": 39076.04,
            "Total Cost": 39076.05,
            "Plan Rows": 1,
            "Plan Width": 8,
            "Actual Startup Time": 123.036,
            "Actual Total Time": 131.778,
            "Actual Rows": 1,
            "Actual Loops": 1,
            "Output": [
                "count(*)"
            ],
            "Plans": [
                {
                    "Node Type": "Gather",
                    "Parent Relationship": "Outer",
                    "Parallel Aware": false,
                    "Startup Cost": 39075.72,
                    "Total Cost": 39076.03,
                    "Plan Rows": 3,
                    "Plan Width": 8,
                    "Actual Startup Time": 122.734,
                    "Actual Total Time": 131.771,
                    "Actual Rows": 4,
                    "Actual Loops": 1,
                    "Output": [
                        "(PARTIAL count(*))"
                    ],
                    "Workers Planned": 3,
                    "Workers Launched": 3,
                    "Single Copy": false,
                    "Plans": [
                        {
                            "Node Type": "Aggregate",
                            "Strategy": "Plain",
                            "Partial Mode": "Partial",
                            "Parent Relationship": "Outer",
                            "Parallel Aware": false,
                            "Startup Cost": 38075.72,
                            "Total Cost": 38075.73,
                            "Plan Rows": 1,
                            "Plan Width": 8,
                            "Actual Startup Time": 114.364,
                            "Actual Total Time": 114.365,
                            "Actual Rows": 1,
                            "Actual Loops": 4,
                            "Output": [
                                "PARTIAL count(*)"
                            ],
                            "Workers": [
                                {
                                    "Worker Number": 0,
                                    "Actual Startup Time": 111.477,
                                    "Actual Total Time": 111.479,
                                    "Actual Rows": 1,
                                    "Actual Loops": 1
                                },
                                {
                                    "Worker Number": 1,
                                    "Actual Startup Time": 111.535,
                                    "Actual Total Time": 111.536,
                                    "Actual Rows": 1,
                                    "Actual Loops": 1
                                },
                                {
                                    "Worker Number": 2,
                                    "Actual Startup Time": 111.982,
                                    "Actual Total Time": 111.984,
                                    "Actual Rows": 1,
                                    "Actual Loops": 1
                                }
                            ],
                            "Plans": [
                                {
                                    "Node Type": "Bitmap Heap Scan",
                                    "Parent Relationship": "Outer",
                                    "Parallel Aware": true,
                                    "Relation Name": "movie_keyword",
                                    "Schema": "public",
                                    "Alias": "mk",
                                    "Startup Cost": 11092.08,
                                    "Total Cost": 37654.11,
                                    "Plan Rows": 168643,
                                    "Plan Width": 0,
                                    "Actual Startup Time": 30.821,
                                    "Actual Total Time": 106.565,
                                    "Actual Rows": 128316,
                                    "Actual Loops": 4,
                                    "Recheck Cond": "(mk.keyword_id > 35305)",
                                    "Rows Removed by Index Recheck": 0,
                                    "Exact Heap Blocks": 10962,
                                    "Lossy Heap Blocks": 0,
                                    "Workers": [
                                        {
                                            "Worker Number": 0,
                                            "Actual Startup Time": 28.176,
                                            "Actual Total Time": 104.493,
                                            "Actual Rows": 77536,
                                            "Actual Loops": 1
                                        },
                                        {
                                            "Worker Number": 1,
                                            "Actual Startup Time": 28.077,
                                            "Actual Total Time": 104.43,
                                            "Actual Rows": 79214,
                                            "Actual Loops": 1
                                        },
                                        {
                                            "Worker Number": 2,
                                            "Actual Startup Time": 28.444,
                                            "Actual Total Time": 104.965,
                                            "Actual Rows": 114352,
                                            "Actual Loops": 1
                                        }
                                    ],
                                    "Plans": [
                                        {
                                            "Node Type": "Bitmap Index Scan",
                                            "Parent Relationship": "Outer",
                                            "Parallel Aware": false,
                                            "Index Name": "keyword_id_movie_keyword",
                                            "Startup Cost": 0.0,
                                            "Total Cost": 10961.38,
                                            "Plan Rows": 522793,
                                            "Plan Width": 0,
                                            "Actual Startup Time": 35.225,
                                            "Actual Total Time": 35.226,
                                            "Actual Rows": 513264,
                                            "Actual Loops": 1,
                                            "Index Cond": "(mk.keyword_id > 35305)"
                                        }
                                    ]
                                }
                            ]
                        }
                    ]
                }
            ]
        },
        "Planning Time": 178.51,
        "Triggers": [],
        "Execution Time": 131.834
    }
]