[
  {
    "Plan": {
      "Node Type": "Aggregate",
      "Strategy": "Plain",
      "Partial Mode": "Finalize",
      "Parallel Aware": false,
      "Startup Cost": 600797.64,
      "Total Cost": 600797.65,
      "Plan Rows": 1,
      "Plan Width": 8,
      "Actual Startup Time": 5188.537,
      "Actual Total Time": 5263.304,
      "Actual Rows": 1,
      "Actual Loops": 1,
      "Plans": [
        {
          "Node Type": "Gather",
          "Parent Relationship": "Outer",
          "Parallel Aware": false,
          "Startup Cost": 600797.02,
          "Total Cost": 600797.63,
          "Plan Rows": 6,
          "Plan Width": 8,
          "Actual Startup Time": 5175.135,
          "Actual Total Time": 5263.289,
          "Actual Rows": 7,
          "Actual Loops": 1,
          "Workers Planned": 6,
          "Workers Launched": 6,
          "Single Copy": false,
          "Plans": [
            {
              "Node Type": "Aggregate",
              "Strategy": "Plain",
              "Partial Mode": "Partial",
              "Parent Relationship": "Outer",
              "Parallel Aware": false,
              "Startup Cost": 599797.02,
              "Total Cost": 599797.03,
              "Plan Rows": 1,
              "Plan Width": 8,
              "Actual Startup Time": 5165.347,
              "Actual Total Time": 5165.683,
              "Actual Rows": 1,
              "Actual Loops": 7,
              "Plans": [
                {
                  "Node Type": "Hash Join",
                  "Parent Relationship": "Outer",
                  "Parallel Aware": true,
                  "Join Type": "Inner",
                  "Startup Cost": 249154.5,
                  "Total Cost": 591531.08,
                  "Plan Rows": 3306374,
                  "Plan Width": 0,
                  "Actual Startup Time": 1041.523,
                  "Actual Total Time": 4566.204,
                  "Actual Rows": 13240050,
                  "Actual Loops": 7,
                  "Inner Unique": false,
                  "Hash Cond": "(ci.movie_id = t.id)",
                  "Plans": [
                    {
                      "Node Type": "Seq Scan",
                      "Parent Relationship": "Outer",
                      "Parallel Aware": true,
                      "Relation Name": "cast_info",
                      "Alias": "ci",
                      "Startup Cost": 0.0,
                      "Total Cost": 313106.51,
                      "Plan Rows": 6041951,
                      "Plan Width": 4,
                      "Actual Startup Time": 0.034,
                      "Actual Total Time": 578.8,
                      "Actual Rows": 5177763,
                      "Actual Loops": 7
                    },
                    {
                      "Node Type": "Hash",
                      "Parent Relationship": "Inner",
                      "Parallel Aware": true,
                      "Startup Cost": 245695.39,
                      "Total Cost": 245695.39,
                      "Plan Rows": 276729,
                      "Plan Width": 8,
                      "Actual Startup Time": 1038.426,
                      "Actual Total Time": 1038.76,
                      "Actual Rows": 333059,
                      "Actual Loops": 7,
                      "Hash Buckets": 4194304,
                      "Original Hash Buckets": 2097152,
                      "Hash Batches": 1,
                      "Original Hash Batches": 1,
                      "Peak Memory Usage": 140416,
                      "Plans": [
                        {
                          "Node Type": "Hash Join",
                          "Parent Relationship": "Outer",
                          "Parallel Aware": true,
                          "Join Type": "Inner",
                          "Startup Cost": 46215.99,
                          "Total Cost": 245695.39,
                          "Plan Rows": 276729,
                          "Plan Width": 8,
                          "Actual Startup Time": 110.88,
                          "Actual Total Time": 825.532,
                          "Actual Rows": 333059,
                          "Actual Loops": 7,
                          "Inner Unique": true,
                          "Hash Cond": "(mi.movie_id = t.id)",
                          "Plans": [
                            {
                              "Node Type": "Seq Scan",
                              "Parent Relationship": "Outer",
                              "Parallel Aware": true,
                              "Relation Name": "movie_info",
                              "Alias": "mi",
                              "Startup Cost": 0.0,
                              "Total Cost": 191685.19,
                              "Plan Rows": 2969219,
                              "Plan Width": 4,
                              "Actual Startup Time": 0.038,
                              "Actual Total Time": 332.871,
                              "Actual Rows": 2119389,
                              "Actual Loops": 7
                            },
                            {
                              "Node Type": "Hash",
                              "Parent Relationship": "Inner",
                              "Parallel Aware": true,
                              "Startup Cost": 45479.59,
                              "Total Cost": 45479.59,
                              "Plan Rows": 58912,
                              "Plan Width": 4,
                              "Actual Startup Time": 98.979,
                              "Actual Total Time": 98.981,
                              "Actual Rows": 28595,
                              "Actual Loops": 7,
                              "Hash Buckets": 262144,
                              "Original Hash Buckets": 262144,
                              "Hash Batches": 1,
                              "Original Hash Batches": 1,
                              "Peak Memory Usage": 9952,
                              "Plans": [
                                {
                                  "Node Type": "Seq Scan",
                                  "Parent Relationship": "Outer",
                                  "Parallel Aware": true,
                                  "Relation Name": "title",
                                  "Alias": "t",
                                  "Startup Cost": 0.0,
                                  "Total Cost": 45479.59,
                                  "Plan Rows": 58912,
                                  "Plan Width": 4,
                                  "Actual Startup Time": 45.189,
                                  "Actual Total Time": 84.702,
                                  "Actual Rows": 28595,
                                  "Actual Loops": 7,
                                  "Filter": "((production_year > 2006) AND (kind_id = 1))",
                                  "Rows Removed by Filter": 332592
                                }
                              ]
                            }
                          ]
                        }
                      ]
                    }
                  ]
                }
              ]
            }
          ]
        }
      ]
    },
    "Planning Time": 0.419,
    "Triggers": [],
    "Execution Time": 5263.367
  }
]