[
    {
        "Bao": {
            "Bao prediction": 462.797,
            "Bao recommended hint": "(no hint)"
        }
    },
    {
        "Plan": {
            "Node Type": "Aggregate",
            "Strategy": "Plain",
            "Partial Mode": "Finalize",
            "Parallel Aware": false,
            "Startup Cost": 33287.48,
            "Total Cost": 33287.49,
            "Plan Rows": 1,
            "Plan Width": 8,
            "Actual Startup Time": 124.143,
            "Actual Total Time": 131.531,
            "Actual Rows": 1,
            "Actual Loops": 1,
            "Output": [
                "count(*)"
            ],
            "Plans": [
                {
                    "Node Type": "Gather",
                    "Parent Relationship": "Outer",
                    "Parallel Aware": false,
                    "Startup Cost": 33287.16,
                    "Total Cost": 33287.47,
                    "Plan Rows": 3,
                    "Plan Width": 8,
                    "Actual Startup Time": 124.031,
                    "Actual Total Time": 131.522,
                    "Actual Rows": 4,
                    "Actual Loops": 1,
                    "Output": [
                        "(PARTIAL count(*))"
                    ],
                    "Workers Planned": 3,
                    "Workers Launched": 3,
                    "Single Copy": false,
                    "Plans": [
                        {
                            "Node Type": "Aggregate",
                            "Strategy": "Plain",
                            "Partial Mode": "Partial",
                            "Parent Relationship": "Outer",
                            "Parallel Aware": false,
                            "Startup Cost": 32287.16,
                            "Total Cost": 32287.17,
                            "Plan Rows": 1,
                            "Plan Width": 8,
                            "Actual Startup Time": 116.004,
                            "Actual Total Time": 116.005,
                            "Actual Rows": 1,
                            "Actual Loops": 4,
                            "Output": [
                                "PARTIAL count(*)"
                            ],
                            "Workers": [
                                {
                                    "Worker Number": 0,
                                    "Actual Startup Time": 113.423,
                                    "Actual Total Time": 113.424,
                                    "Actual Rows": 1,
                                    "Actual Loops": 1
                                },
                                {
                                    "Worker Number": 1,
                                    "Actual Startup Time": 113.625,
                                    "Actual Total Time": 113.626,
                                    "Actual Rows": 1,
                                    "Actual Loops": 1
                                },
                                {
                                    "Worker Number": 2,
                                    "Actual Startup Time": 113.609,
                                    "Actual Total Time": 113.61,
                                    "Actual Rows": 1,
                                    "Actual Loops": 1
                                }
                            ],
                            "Plans": [
                                {
                                    "Node Type": "Seq Scan",
                                    "Parent Relationship": "Outer",
                                    "Parallel Aware": true,
                                    "Relation Name": "movie_companies",
                                    "Schema": "public",
                                    "Alias": "mc",
                                    "Startup Cost": 0.0,
                                    "Total Cost": 31414.82,
                                    "Plan Rows": 348937,
                                    "Plan Width": 0,
                                    "Actual Startup Time": 52.621,
                                    "Actual Total Time": 101.998,
                                    "Actual Rows": 211311,
                                    "Actual Loops": 4,
                                    "Output": [
                                        "id",
                                        "movie_id",
                                        "company_id",
                                        "company_type_id",
                                        "note"
                                    ],
                                    "Filter": "((mc.company_id < 74784) AND (mc.company_type_id > 1))",
                                    "Rows Removed by Filter": 440971,
                                    "Workers": [
                                        {
                                            "Worker Number": 0,
                                            "Actual Startup Time": 50.033,
                                            "Actual Total Time": 100.046,
                                            "Actual Rows": 202551,
                                            "Actual Loops": 1
                                        },
                                        {
                                            "Worker Number": 1,
                                            "Actual Startup Time": 50.257,
                                            "Actual Total Time": 100.087,
                                            "Actual Rows": 205717,
                                            "Actual Loops": 1
                                        },
                                        {
                                            "Worker Number": 2,
                                            "Actual Startup Time": 50.21,
                                            "Actual Total Time": 100.171,
                                            "Actual Rows": 202802,
                                            "Actual Loops": 1
                                        }
                                    ]
                                }
                            ]
                        }
                    ]
                }
            ]
        },
        "Planning Time": 495.519,
        "Triggers": [],
        "Execution Time": 131.608
    }
]