{
  "Plan": {
    "Node Type": "Aggregate",
    "Strategy": "Plain",
    "Partial Mode": "Finalize",
    "Parallel Aware": false,
    "Startup Cost": 770367.08,
    "Total Cost": 770367.09,
    "Plan Rows": 1,
    "Plan Width": 8,
    "Actual Startup Time": 5210.381,
    "Actual Total Time": 5287.379,
    "Actual Rows": 1,
    "Actual Loops": 1,
    "Plans": [
      {
        "Node Type": "Gather",
        "Parent Relationship": "Outer",
        "Parallel Aware": false,
        "Startup Cost": 770366.97,
        "Total Cost": 770367.08,
        "Plan Rows": 1,
        "Plan Width": 8,
        "Actual Startup Time": 5209.026,
        "Actual Total Time": 5287.368,
        "Actual Rows": 2,
        "Actual Loops": 1,
        "Workers Planned": 1,
        "Workers Launched": 1,
        "Single Copy": false,
        "Plans": [
          {
            "Node Type": "Aggregate",
            "Strategy": "Plain",
            "Partial Mode": "Partial",
            "Parent Relationship": "Outer",
            "Parallel Aware": false,
            "Startup Cost": 769366.97,
            "Total Cost": 769366.98,
            "Plan Rows": 1,
            "Plan Width": 8,
            "Actual Startup Time": 5202.922,
            "Actual Total Time": 5202.926,
            "Actual Rows": 1,
            "Actual Loops": 2,
            "Plans": [
              {
                "Node Type": "Hash Join",
                "Parent Relationship": "Outer",
                "Parallel Aware": true,
                "Join Type": "Inner",
                "Startup Cost": 175241.44,
                "Total Cost": 754926.57,
                "Plan Rows": 5776162,
                "Plan Width": 0,
                "Actual Startup Time": 1015.211,
                "Actual Total Time": 4947.788,
                "Actual Rows": 6437685,
                "Actual Loops": 2,
                "Inner Unique": false,
                "Hash Cond": "(ci.movie_id = t.id)",
                "Plans": [
                  {
                    "Node Type": "Seq Scan",
                    "Parent Relationship": "Outer",
                    "Parallel Aware": true,
                    "Relation Name": "cast_info",
                    "Alias": "ci",
                    "Startup Cost": 0.0,
                    "Total Cost": 465792.95,
                    "Plan Rows": 21310595,
                    "Plan Width": 4,
                    "Actual Startup Time": 0.028,
                    "Actual Total Time": 1353.83,
                    "Actual Rows": 18122172,
                    "Actual Loops": 2
                  },
                  {
                    "Node Type": "Hash",
                    "Parent Relationship": "Inner",
                    "Parallel Aware": true,
                    "Startup Cost": 170202.58,
                    "Total Cost": 170202.58,
                    "Plan Rows": 403109,
                    "Plan Width": 8,
                    "Actual Startup Time": 1006.083,
                    "Actual Total Time": 1006.085,
                    "Actual Rows": 185312,
                    "Actual Loops": 2,
                    "Hash Buckets": 1048576,
                    "Original Hash Buckets": 1048576,
                    "Hash Batches": 1,
                    "Original Hash Batches": 1,
                    "Peak Memory Usage": 22720,
                    "Plans": [
                      {
                        "Node Type": "Merge Join",
                        "Parent Relationship": "Outer",
                        "Parallel Aware": false,
                        "Join Type": "Inner",
                        "Startup Cost": 3.08,
                        "Total Cost": 170202.58,
                        "Plan Rows": 403109,
                        "Plan Width": 8,
                        "Actual Startup Time": 0.465,
                        "Actual Total Time": 960.217,
                        "Actual Rows": 185312,
                        "Actual Loops": 2,
                        "Inner Unique": false,
                        "Merge Cond": "(t.id = mi_idx.movie_id)",
                        "Plans": [
                          {
                            "Node Type": "Index Scan",
                            "Parent Relationship": "Outer",
                            "Parallel Aware": true,
                            "Scan Direction": "Forward",
                            "Index Name": "title_pkey",
                            "Relation Name": "title",
                            "Alias": "t",
                            "Startup Cost": 0.43,
                            "Total Cost": 107365.5,
                            "Plan Rows": 738516,
                            "Plan Width": 4,
                            "Actual Startup Time": 0.085,
                            "Actual Total Time": 616.75,
                            "Actual Rows": 610766,
                            "Actual Loops": 2,
                            "Filter": "((production_year < 2011) AND (kind_id = 7))",
                            "Rows Removed by Filter": 652392
                          },
                          {
                            "Node Type": "Index Only Scan",
                            "Parent Relationship": "Inner",
                            "Parallel Aware": false,
                            "Scan Direction": "Forward",
                            "Index Name": "movie_id_movie_info_idx",
                            "Relation Name": "movie_info_idx",
                            "Alias": "mi_idx",
                            "Startup Cost": 0.43,
                            "Total Cost": 53620.22,
                            "Plan Rows": 1380035,
                            "Plan Width": 4,
                            "Actual Startup Time": 0.167,
                            "Actual Total Time": 237.4,
                            "Actual Rows": 1380035,
                            "Actual Loops": 2,
                            "Heap Fetches": 2760070
                          }
                        ]
                      }
                    ]
                  }
                ]
              }
            ]
          }
        ]
      }
    ]
  },
  "Planning Time": 0.833,
  "Triggers": [],
  "Execution Time": 5287.491
}