[
  {
    "Plan": {
      "Node Type": "Aggregate",
      "Strategy": "Plain",
      "Partial Mode": "Finalize",
      "Parallel Aware": false,
      "Startup Cost": 32877.43,
      "Total Cost": 32877.44,
      "Plan Rows": 1,
      "Plan Width": 8,
      "Actual Startup Time": 83.958,
      "Actual Total Time": 92.391,
      "Actual Rows": 1,
      "Actual Loops": 1,
      "Plans": [
        {
          "Node Type": "Gather",
          "Parent Relationship": "Outer",
          "Parallel Aware": false,
          "Startup Cost": 32877.11,
          "Total Cost": 32877.42,
          "Plan Rows": 3,
          "Plan Width": 8,
          "Actual Startup Time": 83.835,
          "Actual Total Time": 92.38,
          "Actual Rows": 4,
          "Actual Loops": 1,
          "Workers Planned": 3,
          "Workers Launched": 3,
          "Single Copy": false,
          "Plans": [
            {
              "Node Type": "Aggregate",
              "Strategy": "Plain",
              "Partial Mode": "Partial",
              "Parent Relationship": "Outer",
              "Parallel Aware": false,
              "Startup Cost": 31877.11,
              "Total Cost": 31877.12,
              "Plan Rows": 1,
              "Plan Width": 8,
              "Actual Startup Time": 80.163,
              "Actual Total Time": 80.164,
              "Actual Rows": 1,
              "Actual Loops": 4,
              "Plans": [
                {
                  "Node Type": "Seq Scan",
                  "Parent Relationship": "Outer",
                  "Parallel Aware": true,
                  "Relation Name": "movie_companies",
                  "Alias": "mc",
                  "Startup Cost": 0.0,
                  "Total Cost": 31414.82,
                  "Plan Rows": 184917,
                  "Plan Width": 0,
                  "Actual Startup Time": 0.019,
                  "Actual Total Time": 69.599,
                  "Actual Rows": 197781,
                  "Actual Loops": 4,
                  "Filter": "((company_id < 10269) AND (company_type_id < 2))",
                  "Rows Removed by Filter": 454501
                }
              ]
            }
          ]
        }
      ]
    },
    "Planning Time": 0.204,
    "Triggers": [],
    "Execution Time": 92.438
  }
]