[
  {
    "Plan": {
      "Node Type": "Aggregate",
      "Strategy": "Plain",
      "Partial Mode": "Finalize",
      "Parallel Aware": false,
      "Startup Cost": 244211.44,
      "Total Cost": 244211.45,
      "Plan Rows": 1,
      "Plan Width": 8,
      "Actual Startup Time": 173.008,
      "Actual Total Time": 201.629,
      "Actual Rows": 1,
      "Actual Loops": 1,
      "Plans": [
        {
          "Node Type": "Gather",
          "Parent Relationship": "Outer",
          "Parallel Aware": false,
          "Startup Cost": 244211.02,
          "Total Cost": 244211.43,
          "Plan Rows": 4,
          "Plan Width": 8,
          "Actual Startup Time": 172.774,
          "Actual Total Time": 201.621,
          "Actual Rows": 5,
          "Actual Loops": 1,
          "Workers Planned": 4,
          "Workers Launched": 4,
          "Single Copy": false,
          "Plans": [
            {
              "Node Type": "Aggregate",
              "Strategy": "Plain",
              "Partial Mode": "Partial",
              "Parent Relationship": "Outer",
              "Parallel Aware": false,
              "Startup Cost": 243211.02,
              "Total Cost": 243211.03,
              "Plan Rows": 1,
              "Plan Width": 8,
              "Actual Startup Time": 165.743,
              "Actual Total Time": 165.744,
              "Actual Rows": 1,
              "Actual Loops": 5,
              "Plans": [
                {
                  "Node Type": "Nested Loop",
                  "Parent Relationship": "Outer",
                  "Parallel Aware": false,
                  "Join Type": "Inner",
                  "Startup Cost": 0.43,
                  "Total Cost": 243190.32,
                  "Plan Rows": 8280,
                  "Plan Width": 0,
                  "Actual Startup Time": 1.085,
                  "Actual Total Time": 165.257,
                  "Actual Rows": 6759,
                  "Actual Loops": 5,
                  "Inner Unique": false,
                  "Plans": [
                    {
                      "Node Type": "Seq Scan",
                      "Parent Relationship": "Outer",
                      "Parallel Aware": true,
                      "Relation Name": "title",
                      "Alias": "t",
                      "Startup Cost": 0.0,
                      "Total Cost": 43898.92,
                      "Plan Rows": 9039,
                      "Plan Width": 4,
                      "Actual Startup Time": 0.034,
                      "Actual Total Time": 63.909,
                      "Actual Rows": 7287,
                      "Actual Loops": 5,
                      "Filter": "(production_year = 1995)",
                      "Rows Removed by Filter": 498375
                    },
                    {
                      "Node Type": "Index Scan",
                      "Parent Relationship": "Inner",
                      "Parallel Aware": false,
                      "Scan Direction": "Forward",
                      "Index Name": "movie_id_movie_info",
                      "Relation Name": "movie_info",
                      "Alias": "mi",
                      "Startup Cost": 0.43,
                      "Total Cost": 21.98,
                      "Plan Rows": 7,
                      "Plan Width": 4,
                      "Actual Startup Time": 0.01,
                      "Actual Total Time": 0.013,
                      "Actual Rows": 1,
                      "Actual Loops": 36437,
                      "Index Cond": "(movie_id = t.id)",
                      "Rows Removed by Index Recheck": 0,
                      "Filter": "(info_type_id > 16)",
                      "Rows Removed by Filter": 5
                    }
                  ]
                }
              ]
            }
          ]
        }
      ]
    },
    "Planning Time": 0.335,
    "Triggers": [],
    "Execution Time": 201.686
  }
]