{
  "Plan": {
    "Node Type": "Aggregate",
    "Strategy": "Plain",
    "Partial Mode": "Finalize",
    "Parallel Aware": false,
    "Startup Cost": 139675.35,
    "Total Cost": 139675.36,
    "Plan Rows": 1,
    "Plan Width": 8,
    "Actual Startup Time": 1003.351,
    "Actual Total Time": 1030.38,
    "Actual Rows": 1,
    "Actual Loops": 1,
    "Plans": [
      {
        "Node Type": "Gather",
        "Parent Relationship": "Outer",
        "Parallel Aware": false,
        "Startup Cost": 139675.24,
        "Total Cost": 139675.35,
        "Plan Rows": 1,
        "Plan Width": 8,
        "Actual Startup Time": 997.154,
        "Actual Total Time": 1030.372,
        "Actual Rows": 2,
        "Actual Loops": 1,
        "Workers Planned": 1,
        "Workers Launched": 1,
        "Single Copy": false,
        "Plans": [
          {
            "Node Type": "Aggregate",
            "Strategy": "Plain",
            "Partial Mode": "Partial",
            "Parent Relationship": "Outer",
            "Parallel Aware": false,
            "Startup Cost": 138675.24,
            "Total Cost": 138675.25,
            "Plan Rows": 1,
            "Plan Width": 8,
            "Actual Startup Time": 990.595,
            "Actual Total Time": 990.601,
            "Actual Rows": 1,
            "Actual Loops": 2,
            "Plans": [
              {
                "Node Type": "Hash Join",
                "Parent Relationship": "Outer",
                "Parallel Aware": true,
                "Join Type": "Inner",
                "Startup Cost": 117858.06,
                "Total Cost": 138162.21,
                "Plan Rows": 205209,
                "Plan Width": 0,
                "Actual Startup Time": 797.551,
                "Actual Total Time": 961.652,
                "Actual Rows": 727803,
                "Actual Loops": 2,
                "Inner Unique": false,
                "Hash Cond": "(mi_idx.movie_id = t.id)",
                "Plans": [
                  {
                    "Node Type": "Seq Scan",
                    "Parent Relationship": "Outer",
                    "Parallel Aware": true,
                    "Relation Name": "movie_info_idx",
                    "Alias": "mi_idx",
                    "Startup Cost": 0.0,
                    "Total Cost": 16052.85,
                    "Plan Rows": 811785,
                    "Plan Width": 4,
                    "Actual Startup Time": 0.023,
                    "Actual Total Time": 48.592,
                    "Actual Rows": 690018,
                    "Actual Loops": 2
                  },
                  {
                    "Node Type": "Hash",
                    "Parent Relationship": "Inner",
                    "Parallel Aware": true,
                    "Startup Cost": 113158.63,
                    "Total Cost": 113158.63,
                    "Plan Rows": 375954,
                    "Plan Width": 8,
                    "Actual Startup Time": 779.148,
                    "Actual Total Time": 779.153,
                    "Actual Rows": 310196,
                    "Actual Loops": 2,
                    "Hash Buckets": 1048576,
                    "Original Hash Buckets": 1048576,
                    "Hash Batches": 1,
                    "Original Hash Batches": 1,
                    "Peak Memory Usage": 32512,
                    "Plans": [
                      {
                        "Node Type": "Hash Join",
                        "Parent Relationship": "Outer",
                        "Parallel Aware": true,
                        "Join Type": "Inner",
                        "Startup Cost": 83018.33,
                        "Total Cost": 113158.63,
                        "Plan Rows": 375954,
                        "Plan Width": 8,
                        "Actual Startup Time": 554.432,
                        "Actual Total Time": 708.58,
                        "Actual Rows": 310196,
                        "Actual Loops": 2,
                        "Inner Unique": true,
                        "Hash Cond": "(mk.movie_id = t.id)",
                        "Plans": [
                          {
                            "Node Type": "Bitmap Heap Scan",
                            "Parent Relationship": "Outer",
                            "Parallel Aware": true,
                            "Relation Name": "movie_keyword",
                            "Alias": "mk",
                            "Startup Cost": 13557.63,
                            "Total Cost": 42711.05,
                            "Plan Rows": 375954,
                            "Plan Width": 4,
                            "Actual Startup Time": 41.554,
                            "Actual Total Time": 114.942,
                            "Actual Rows": 310196,
                            "Actual Loops": 2,
                            "Recheck Cond": "(keyword_id > 29401)",
                            "Rows Removed by Index Recheck": 0,
                            "Exact Heap Blocks": 13038,
                            "Lossy Heap Blocks": 0,
                            "Plans": [
                              {
                                "Node Type": "Bitmap Index Scan",
                                "Parent Relationship": "Outer",
                                "Parallel Aware": false,
                                "Index Name": "keyword_id_movie_keyword",
                                "Startup Cost": 0.0,
                                "Total Cost": 13397.85,
                                "Plan Rows": 639122,
                                "Plan Width": 0,
                                "Actual Startup Time": 38.064,
                                "Actual Total Time": 38.064,
                                "Actual Rows": 620392,
                                "Actual Loops": 1,
                                "Index Cond": "(keyword_id > 29401)"
                              }
                            ]
                          },
                          {
                            "Node Type": "Hash",
                            "Parent Relationship": "Inner",
                            "Parallel Aware": true,
                            "Startup Cost": 50870.31,
                            "Total Cost": 50870.31,
                            "Plan Rows": 1487231,
                            "Plan Width": 4,
                            "Actual Startup Time": 496.921,
                            "Actual Total Time": 496.922,
                            "Actual Rows": 1264156,
                            "Actual Loops": 2,
                            "Hash Buckets": 4194304,
                            "Original Hash Buckets": 4194304,
                            "Hash Batches": 1,
                            "Original Hash Batches": 1,
                            "Peak Memory Usage": 131712,
                            "Plans": [
                              {
                                "Node Type": "Seq Scan",
                                "Parent Relationship": "Outer",
                                "Parallel Aware": true,
                                "Relation Name": "title",
                                "Alias": "t",
                                "Startup Cost": 0.0,
                                "Total Cost": 50870.31,
                                "Plan Rows": 1487231,
                                "Plan Width": 4,
                                "Actual Startup Time": 0.034,
                                "Actual Total Time": 151.123,
                                "Actual Rows": 1264156,
                                "Actual Loops": 2
                              }
                            ]
                          }
                        ]
                      }
                    ]
                  }
                ]
              }
            ]
          }
        ]
      }
    ]
  },
  "Planning Time": 1.007,
  "Triggers": [],
  "Execution Time": 1030.477
}