{
  "Plan": {
    "Node Type": "Aggregate",
    "Strategy": "Plain",
    "Partial Mode": "Finalize",
    "Parallel Aware": false,
    "Startup Cost": 339837.17,
    "Total Cost": 339837.18,
    "Plan Rows": 1,
    "Plan Width": 8,
    "Actual Startup Time": 1068.985,
    "Actual Total Time": 1107.665,
    "Actual Rows": 1,
    "Actual Loops": 1,
    "Plans": [
      {
        "Node Type": "Gather",
        "Parent Relationship": "Outer",
        "Parallel Aware": false,
        "Startup Cost": 339837.06,
        "Total Cost": 339837.17,
        "Plan Rows": 1,
        "Plan Width": 8,
        "Actual Startup Time": 1068.725,
        "Actual Total Time": 1107.657,
        "Actual Rows": 2,
        "Actual Loops": 1,
        "Workers Planned": 1,
        "Workers Launched": 1,
        "Single Copy": false,
        "Plans": [
          {
            "Node Type": "Aggregate",
            "Strategy": "Plain",
            "Partial Mode": "Partial",
            "Parent Relationship": "Outer",
            "Parallel Aware": false,
            "Startup Cost": 338837.06,
            "Total Cost": 338837.07,
            "Plan Rows": 1,
            "Plan Width": 8,
            "Actual Startup Time": 1062.781,
            "Actual Total Time": 1062.785,
            "Actual Rows": 1,
            "Actual Loops": 2,
            "Plans": [
              {
                "Node Type": "Hash Join",
                "Parent Relationship": "Outer",
                "Parallel Aware": true,
                "Join Type": "Inner",
                "Startup Cost": 58389.28,
                "Total Cost": 338795.86,
                "Plan Rows": 16479,
                "Plan Width": 0,
                "Actual Startup Time": 189.687,
                "Actual Total Time": 1062.233,
                "Actual Rows": 10399,
                "Actual Loops": 2,
                "Inner Unique": true,
                "Hash Cond": "(mi.movie_id = t.id)",
                "Plans": [
                  {
                    "Node Type": "Seq Scan",
                    "Parent Relationship": "Outer",
                    "Parallel Aware": true,
                    "Relation Name": "movie_info",
                    "Alias": "mi",
                    "Startup Cost": 0.0,
                    "Total Cost": 270696.42,
                    "Plan Rows": 3699105,
                    "Plan Width": 4,
                    "Actual Startup Time": 36.493,
                    "Actual Total Time": 688.283,
                    "Actual Rows": 3111747,
                    "Actual Loops": 2,
                    "Filter": "(info_type_id > 8)",
                    "Rows Removed by Filter": 4306113
                  },
                  {
                    "Node Type": "Hash",
                    "Parent Relationship": "Inner",
                    "Parallel Aware": true,
                    "Startup Cost": 58306.47,
                    "Total Cost": 58306.47,
                    "Plan Rows": 6625,
                    "Plan Width": 4,
                    "Actual Startup Time": 151.397,
                    "Actual Total Time": 151.398,
                    "Actual Rows": 6138,
                    "Actual Loops": 2,
                    "Hash Buckets": 16384,
                    "Original Hash Buckets": 16384,
                    "Hash Batches": 1,
                    "Original Hash Batches": 1,
                    "Peak Memory Usage": 640,
                    "Plans": [
                      {
                        "Node Type": "Seq Scan",
                        "Parent Relationship": "Outer",
                        "Parallel Aware": true,
                        "Relation Name": "title",
                        "Alias": "t",
                        "Startup Cost": 0.0,
                        "Total Cost": 58306.47,
                        "Plan Rows": 6625,
                        "Plan Width": 4,
                        "Actual Startup Time": 0.325,
                        "Actual Total Time": 148.655,
                        "Actual Rows": 6138,
                        "Actual Loops": 2,
                        "Filter": "((kind_id > 4) AND (production_year = 1987))",
                        "Rows Removed by Filter": 1258018
                      }
                    ]
                  }
                ]
              }
            ]
          }
        ]
      }
    ]
  },
  "Planning Time": 0.52,
  "Triggers": [],
  "Execution Time": 1107.748
}