[
  {
    "Plan": {
      "Node Type": "Aggregate",
      "Strategy": "Plain",
      "Partial Mode": "Finalize",
      "Parallel Aware": false,
      "Startup Cost": 45633.98,
      "Total Cost": 45633.99,
      "Plan Rows": 1,
      "Plan Width": 8,
      "Actual Startup Time": 151.303,
      "Actual Total Time": 160.637,
      "Actual Rows": 1,
      "Actual Loops": 1,
      "Plans": [
        {
          "Node Type": "Gather",
          "Parent Relationship": "Outer",
          "Parallel Aware": false,
          "Startup Cost": 45633.66,
          "Total Cost": 45633.97,
          "Plan Rows": 3,
          "Plan Width": 8,
          "Actual Startup Time": 151.107,
          "Actual Total Time": 160.628,
          "Actual Rows": 4,
          "Actual Loops": 1,
          "Workers Planned": 3,
          "Workers Launched": 3,
          "Single Copy": false,
          "Plans": [
            {
              "Node Type": "Aggregate",
              "Strategy": "Plain",
              "Partial Mode": "Partial",
              "Parent Relationship": "Outer",
              "Parallel Aware": false,
              "Startup Cost": 44633.66,
              "Total Cost": 44633.67,
              "Plan Rows": 1,
              "Plan Width": 8,
              "Actual Startup Time": 144.491,
              "Actual Total Time": 144.492,
              "Actual Rows": 1,
              "Actual Loops": 4,
              "Plans": [
                {
                  "Node Type": "Seq Scan",
                  "Parent Relationship": "Outer",
                  "Parallel Aware": true,
                  "Relation Name": "movie_keyword",
                  "Alias": "mk",
                  "Startup Cost": 0.0,
                  "Total Cost": 42695.65,
                  "Plan Rows": 775203,
                  "Plan Width": 0,
                  "Actual Startup Time": 0.059,
                  "Actual Total Time": 116.741,
                  "Actual Rows": 602168,
                  "Actual Loops": 4,
                  "Filter": "(keyword_id < 5626)",
                  "Rows Removed by Filter": 528815
                }
              ]
            }
          ]
        }
      ]
    },
    "Planning Time": 0.18,
    "Triggers": [],
    "Execution Time": 160.692
  }
]