[
  {
    "Plan": {
      "Node Type": "Aggregate",
      "Strategy": "Plain",
      "Partial Mode": "Finalize",
      "Parallel Aware": false,
      "Startup Cost": 56986.21,
      "Total Cost": 56986.22,
      "Plan Rows": 1,
      "Plan Width": 8,
      "Actual Startup Time": 115.776,
      "Actual Total Time": 132.799,
      "Actual Rows": 1,
      "Actual Loops": 1,
      "Plans": [
        {
          "Node Type": "Gather",
          "Parent Relationship": "Outer",
          "Parallel Aware": false,
          "Startup Cost": 56985.79,
          "Total Cost": 56986.2,
          "Plan Rows": 4,
          "Plan Width": 8,
          "Actual Startup Time": 115.57,
          "Actual Total Time": 132.787,
          "Actual Rows": 5,
          "Actual Loops": 1,
          "Workers Planned": 4,
          "Workers Launched": 4,
          "Single Copy": false,
          "Plans": [
            {
              "Node Type": "Aggregate",
              "Strategy": "Plain",
              "Partial Mode": "Partial",
              "Parent Relationship": "Outer",
              "Parallel Aware": false,
              "Startup Cost": 55985.79,
              "Total Cost": 55985.8,
              "Plan Rows": 1,
              "Plan Width": 8,
              "Actual Startup Time": 105.658,
              "Actual Total Time": 105.66,
              "Actual Rows": 1,
              "Actual Loops": 5,
              "Plans": [
                {
                  "Node Type": "Nested Loop",
                  "Parent Relationship": "Outer",
                  "Parallel Aware": false,
                  "Join Type": "Inner",
                  "Startup Cost": 0.86,
                  "Total Cost": 55982.62,
                  "Plan Rows": 1267,
                  "Plan Width": 0,
                  "Actual Startup Time": 62.165,
                  "Actual Total Time": 105.514,
                  "Actual Rows": 1481,
                  "Actual Loops": 5,
                  "Inner Unique": false,
                  "Join Filter": "(t.id = mc.movie_id)",
                  "Rows Removed by Join Filter": 0,
                  "Plans": [
                    {
                      "Node Type": "Nested Loop",
                      "Parent Relationship": "Outer",
                      "Parallel Aware": false,
                      "Join Type": "Inner",
                      "Startup Cost": 0.43,
                      "Total Cost": 55212.82,
                      "Plan Rows": 1228,
                      "Plan Width": 8,
                      "Actual Startup Time": 62.031,
                      "Actual Total Time": 99.781,
                      "Actual Rows": 565,
                      "Actual Loops": 5,
                      "Inner Unique": false,
                      "Plans": [
                        {
                          "Node Type": "Seq Scan",
                          "Parent Relationship": "Outer",
                          "Parallel Aware": true,
                          "Relation Name": "title",
                          "Alias": "t",
                          "Startup Cost": 0.0,
                          "Total Cost": 43899.32,
                          "Plan Rows": 1285,
                          "Plan Width": 4,
                          "Actual Startup Time": 61.686,
                          "Actual Total Time": 90.422,
                          "Actual Rows": 756,
                          "Actual Loops": 5,
                          "Filter": "(production_year = 1918)",
                          "Rows Removed by Filter": 504906
                        },
                        {
                          "Node Type": "Index Scan",
                          "Parent Relationship": "Inner",
                          "Parallel Aware": false,
                          "Scan Direction": "Forward",
                          "Index Name": "movie_id_movie_keyword",
                          "Relation Name": "movie_keyword",
                          "Alias": "mk",
                          "Startup Cost": 0.43,
                          "Total Cost": 8.55,
                          "Plan Rows": 25,
                          "Plan Width": 4,
                          "Actual Startup Time": 0.011,
                          "Actual Total Time": 0.012,
                          "Actual Rows": 1,
                          "Actual Loops": 3781,
                          "Index Cond": "(movie_id = t.id)",
                          "Rows Removed by Index Recheck": 0,
                          "Filter": "(keyword_id < 5760)",
                          "Rows Removed by Filter": 0
                        }
                      ]
                    },
                    {
                      "Node Type": "Index Only Scan",
                      "Parent Relationship": "Inner",
                      "Parallel Aware": false,
                      "Scan Direction": "Forward",
                      "Index Name": "movie_id_movie_companies",
                      "Relation Name": "movie_companies",
                      "Alias": "mc",
                      "Startup Cost": 0.43,
                      "Total Cost": 0.56,
                      "Plan Rows": 5,
                      "Plan Width": 4,
                      "Actual Startup Time": 0.007,
                      "Actual Total Time": 0.009,
                      "Actual Rows": 3,
                      "Actual Loops": 2824,
                      "Index Cond": "(movie_id = mk.movie_id)",
                      "Rows Removed by Index Recheck": 0,
                      "Heap Fetches": 7406
                    }
                  ]
                }
              ]
            }
          ]
        }
      ]
    },
    "Planning Time": 0.519,
    "Triggers": [],
    "Execution Time": 132.84
  }
]