{
  "Plan": {
    "Node Type": "Aggregate",
    "Strategy": "Plain",
    "Partial Mode": "Finalize",
    "Parallel Aware": false,
    "Startup Cost": 115069.85,
    "Total Cost": 115069.86,
    "Plan Rows": 1,
    "Plan Width": 8,
    "Actual Startup Time": 715.447,
    "Actual Total Time": 728.713,
    "Actual Rows": 1,
    "Actual Loops": 1,
    "Plans": [
      {
        "Node Type": "Gather",
        "Parent Relationship": "Outer",
        "Parallel Aware": false,
        "Startup Cost": 115069.74,
        "Total Cost": 115069.85,
        "Plan Rows": 1,
        "Plan Width": 8,
        "Actual Startup Time": 714.116,
        "Actual Total Time": 728.706,
        "Actual Rows": 2,
        "Actual Loops": 1,
        "Workers Planned": 1,
        "Workers Launched": 1,
        "Single Copy": false,
        "Plans": [
          {
            "Node Type": "Aggregate",
            "Strategy": "Plain",
            "Partial Mode": "Partial",
            "Parent Relationship": "Outer",
            "Parallel Aware": false,
            "Startup Cost": 114069.74,
            "Total Cost": 114069.75,
            "Plan Rows": 1,
            "Plan Width": 8,
            "Actual Startup Time": 708.017,
            "Actual Total Time": 708.021,
            "Actual Rows": 1,
            "Actual Loops": 2,
            "Plans": [
              {
                "Node Type": "Hash Join",
                "Parent Relationship": "Outer",
                "Parallel Aware": true,
                "Join Type": "Inner",
                "Startup Cost": 49050.2,
                "Total Cost": 112622.05,
                "Plan Rows": 579078,
                "Plan Width": 0,
                "Actual Startup Time": 239.05,
                "Actual Total Time": 694.245,
                "Actual Rows": 340478,
                "Actual Loops": 2,
                "Inner Unique": false,
                "Hash Cond": "(t.id = mc.movie_id)",
                "Plans": [
                  {
                    "Node Type": "Seq Scan",
                    "Parent Relationship": "Outer",
                    "Parallel Aware": true,
                    "Relation Name": "title",
                    "Alias": "t",
                    "Startup Cost": 0.0,
                    "Total Cost": 50870.31,
                    "Plan Rows": 1487231,
                    "Plan Width": 4,
                    "Actual Startup Time": 0.011,
                    "Actual Total Time": 123.72,
                    "Actual Rows": 1264156,
                    "Actual Loops": 2
                  },
                  {
                    "Node Type": "Hash",
                    "Parent Relationship": "Inner",
                    "Parallel Aware": true,
                    "Startup Cost": 41811.73,
                    "Total Cost": 41811.73,
                    "Plan Rows": 579078,
                    "Plan Width": 4,
                    "Actual Startup Time": 229.749,
                    "Actual Total Time": 229.75,
                    "Actual Rows": 340478,
                    "Actual Loops": 2,
                    "Hash Buckets": 1048576,
                    "Original Hash Buckets": 1048576,
                    "Hash Batches": 1,
                    "Original Hash Batches": 1,
                    "Peak Memory Usage": 34880,
                    "Plans": [
                      {
                        "Node Type": "Seq Scan",
                        "Parent Relationship": "Outer",
                        "Parallel Aware": true,
                        "Relation Name": "movie_companies",
                        "Alias": "mc",
                        "Startup Cost": 0.0,
                        "Total Cost": 41811.73,
                        "Plan Rows": 579078,
                        "Plan Width": 4,
                        "Actual Startup Time": 68.478,
                        "Actual Total Time": 136.593,
                        "Actual Rows": 340478,
                        "Actual Loops": 2,
                        "Filter": "((company_id < 48222) AND (company_type_id > 1))",
                        "Rows Removed by Filter": 964087
                      }
                    ]
                  }
                ]
              }
            ]
          }
        ]
      }
    ]
  },
  "Planning Time": 0.571,
  "Triggers": [],
  "Execution Time": 728.777
}