{
  "Plan": {
    "Node Type": "Aggregate",
    "Strategy": "Plain",
    "Partial Mode": "Finalize",
    "Parallel Aware": false,
    "Startup Cost": 645105.69,
    "Total Cost": 645105.7,
    "Plan Rows": 1,
    "Plan Width": 8,
    "Actual Startup Time": 3645.869,
    "Actual Total Time": 3711.989,
    "Actual Rows": 1,
    "Actual Loops": 1,
    "Plans": [
      {
        "Node Type": "Gather",
        "Parent Relationship": "Outer",
        "Parallel Aware": false,
        "Startup Cost": 645105.58,
        "Total Cost": 645105.69,
        "Plan Rows": 1,
        "Plan Width": 8,
        "Actual Startup Time": 3641.935,
        "Actual Total Time": 3711.978,
        "Actual Rows": 2,
        "Actual Loops": 1,
        "Workers Planned": 1,
        "Workers Launched": 1,
        "Single Copy": false,
        "Plans": [
          {
            "Node Type": "Aggregate",
            "Strategy": "Plain",
            "Partial Mode": "Partial",
            "Parent Relationship": "Outer",
            "Parallel Aware": false,
            "Startup Cost": 644105.58,
            "Total Cost": 644105.59,
            "Plan Rows": 1,
            "Plan Width": 8,
            "Actual Startup Time": 3635.879,
            "Actual Total Time": 3635.884,
            "Actual Rows": 1,
            "Actual Loops": 2,
            "Plans": [
              {
                "Node Type": "Hash Join",
                "Parent Relationship": "Outer",
                "Parallel Aware": true,
                "Join Type": "Inner",
                "Startup Cost": 596288.01,
                "Total Cost": 643402.28,
                "Plan Rows": 281320,
                "Plan Width": 0,
                "Actual Startup Time": 3296.249,
                "Actual Total Time": 3596.887,
                "Actual Rows": 1005030,
                "Actual Loops": 2,
                "Inner Unique": false,
                "Hash Cond": "(mc.movie_id = t.id)",
                "Plans": [
                  {
                    "Node Type": "Seq Scan",
                    "Parent Relationship": "Outer",
                    "Parallel Aware": true,
                    "Relation Name": "movie_companies",
                    "Alias": "mc",
                    "Startup Cost": 0.0,
                    "Total Cost": 37974.77,
                    "Plan Rows": 855391,
                    "Plan Width": 4,
                    "Actual Startup Time": 0.017,
                    "Actual Total Time": 112.178,
                    "Actual Rows": 725554,
                    "Actual Loops": 2,
                    "Filter": "(company_id < 13015)",
                    "Rows Removed by Filter": 579010
                  },
                  {
                    "Node Type": "Hash",
                    "Parent Relationship": "Inner",
                    "Parallel Aware": true,
                    "Startup Cost": 590174.03,
                    "Total Cost": 590174.03,
                    "Plan Rows": 489119,
                    "Plan Width": 8,
                    "Actual Startup Time": 3232.127,
                    "Actual Total Time": 3232.131,
                    "Actual Rows": 532930,
                    "Actual Loops": 2,
                    "Hash Buckets": 2097152,
                    "Original Hash Buckets": 1048576,
                    "Hash Batches": 1,
                    "Original Hash Batches": 1,
                    "Peak Memory Usage": 66304,
                    "Plans": [
                      {
                        "Node Type": "Hash Join",
                        "Parent Relationship": "Outer",
                        "Parallel Aware": true,
                        "Join Type": "Inner",
                        "Startup Cost": 39350.03,
                        "Total Cost": 590174.03,
                        "Plan Rows": 489119,
                        "Plan Width": 8,
                        "Actual Startup Time": 474.501,
                        "Actual Total Time": 3046.64,
                        "Actual Rows": 532930,
                        "Actual Loops": 2,
                        "Inner Unique": true,
                        "Hash Cond": "(ci.movie_id = t.id)",
                        "Plans": [
                          {
                            "Node Type": "Seq Scan",
                            "Parent Relationship": "Outer",
                            "Parallel Aware": true,
                            "Relation Name": "cast_info",
                            "Alias": "ci",
                            "Startup Cost": 0.0,
                            "Total Cost": 519069.44,
                            "Plan Rows": 12096951,
                            "Plan Width": 4,
                            "Actual Startup Time": 410.375,
                            "Actual Total Time": 1613.598,
                            "Actual Rows": 10310902,
                            "Actual Loops": 2,
                            "Filter": "(person_id > 1541696)",
                            "Rows Removed by Filter": 7811270
                          },
                          {
                            "Node Type": "Hash",
                            "Parent Relationship": "Inner",
                            "Parallel Aware": true,
                            "Startup Cost": 38598.36,
                            "Total Cost": 38598.36,
                            "Plan Rows": 60134,
                            "Plan Width": 4,
                            "Actual Startup Time": 63.215,
                            "Actual Total Time": 63.216,
                            "Actual Rows": 50268,
                            "Actual Loops": 2,
                            "Hash Buckets": 131072,
                            "Original Hash Buckets": 131072,
                            "Hash Batches": 1,
                            "Original Hash Batches": 1,
                            "Peak Memory Usage": 4992,
                            "Plans": [
                              {
                                "Node Type": "Bitmap Heap Scan",
                                "Parent Relationship": "Outer",
                                "Parallel Aware": true,
                                "Relation Name": "title",
                                "Alias": "t",
                                "Startup Cost": 1848.69,
                                "Total Cost": 38598.36,
                                "Plan Rows": 60134,
                                "Plan Width": 4,
                                "Actual Startup Time": 12.959,
                                "Actual Total Time": 49.28,
                                "Actual Rows": 50268,
                                "Actual Loops": 2,
                                "Recheck Cond": "(kind_id = 3)",
                                "Rows Removed by Index Recheck": 0,
                                "Exact Heap Blocks": 8787,
                                "Lossy Heap Blocks": 0,
                                "Plans": [
                                  {
                                    "Node Type": "Bitmap Index Scan",
                                    "Parent Relationship": "Outer",
                                    "Parallel Aware": false,
                                    "Index Name": "kind_id_title",
                                    "Startup Cost": 0.0,
                                    "Total Cost": 1823.13,
                                    "Plan Rows": 102227,
                                    "Plan Width": 0,
                                    "Actual Startup Time": 9.453,
                                    "Actual Total Time": 9.454,
                                    "Actual Rows": 100537,
                                    "Actual Loops": 1,
                                    "Index Cond": "(kind_id = 3)"
                                  }
                                ]
                              }
                            ]
                          }
                        ]
                      }
                    ]
                  }
                ]
              }
            ]
          }
        ]
      }
    ]
  },
  "Planning Time": 1.033,
  "Triggers": [],
  "Execution Time": 3712.129
}