{
  "Plan": {
    "Node Type": "Aggregate",
    "Strategy": "Plain",
    "Partial Mode": "Finalize",
    "Parallel Aware": false,
    "Startup Cost": 764790.94,
    "Total Cost": 764790.95,
    "Plan Rows": 1,
    "Plan Width": 8,
    "Actual Startup Time": 13773.185,
    "Actual Total Time": 13845.807,
    "Actual Rows": 1,
    "Actual Loops": 1,
    "Plans": [
      {
        "Node Type": "Gather",
        "Parent Relationship": "Outer",
        "Parallel Aware": false,
        "Startup Cost": 764790.83,
        "Total Cost": 764790.94,
        "Plan Rows": 1,
        "Plan Width": 8,
        "Actual Startup Time": 13765.725,
        "Actual Total Time": 13845.796,
        "Actual Rows": 2,
        "Actual Loops": 1,
        "Workers Planned": 1,
        "Workers Launched": 1,
        "Single Copy": false,
        "Plans": [
          {
            "Node Type": "Aggregate",
            "Strategy": "Plain",
            "Partial Mode": "Partial",
            "Parent Relationship": "Outer",
            "Parallel Aware": false,
            "Startup Cost": 763790.83,
            "Total Cost": 763790.84,
            "Plan Rows": 1,
            "Plan Width": 8,
            "Actual Startup Time": 13758.806,
            "Actual Total Time": 13760.834,
            "Actual Rows": 1,
            "Actual Loops": 2,
            "Plans": [
              {
                "Node Type": "Hash Join",
                "Parent Relationship": "Outer",
                "Parallel Aware": true,
                "Join Type": "Inner",
                "Startup Cost": 136099.52,
                "Total Cost": 739339.57,
                "Plan Rows": 9780505,
                "Plan Width": 0,
                "Actual Startup Time": 1109.13,
                "Actual Total Time": 11075.459,
                "Actual Rows": 66556988,
                "Actual Loops": 2,
                "Inner Unique": false,
                "Hash Cond": "(ci.movie_id = t.id)",
                "Plans": [
                  {
                    "Node Type": "Seq Scan",
                    "Parent Relationship": "Outer",
                    "Parallel Aware": true,
                    "Relation Name": "cast_info",
                    "Alias": "ci",
                    "Startup Cost": 0.0,
                    "Total Cost": 465792.95,
                    "Plan Rows": 21310595,
                    "Plan Width": 4,
                    "Actual Startup Time": 0.017,
                    "Actual Total Time": 1392.565,
                    "Actual Rows": 18122172,
                    "Actual Loops": 2
                  },
                  {
                    "Node Type": "Hash",
                    "Parent Relationship": "Inner",
                    "Parallel Aware": true,
                    "Startup Cost": 127567.46,
                    "Total Cost": 127567.46,
                    "Plan Rows": 682565,
                    "Plan Width": 8,
                    "Actual Startup Time": 1094.336,
                    "Actual Total Time": 1096.362,
                    "Actual Rows": 1136390,
                    "Actual Loops": 2,
                    "Hash Buckets": 4194304,
                    "Original Hash Buckets": 2097152,
                    "Hash Batches": 1,
                    "Original Hash Batches": 1,
                    "Peak Memory Usage": 138080,
                    "Plans": [
                      {
                        "Node Type": "Hash Join",
                        "Parent Relationship": "Outer",
                        "Parallel Aware": true,
                        "Join Type": "Inner",
                        "Startup Cost": 64076.11,
                        "Total Cost": 127567.46,
                        "Plan Rows": 682565,
                        "Plan Width": 8,
                        "Actual Startup Time": 270.747,
                        "Actual Total Time": 814.459,
                        "Actual Rows": 1136390,
                        "Actual Loops": 2,
                        "Inner Unique": true,
                        "Hash Cond": "(mk.movie_id = t.id)",
                        "Plans": [
                          {
                            "Node Type": "Seq Scan",
                            "Parent Relationship": "Outer",
                            "Parallel Aware": true,
                            "Relation Name": "movie_keyword",
                            "Alias": "mk",
                            "Startup Cost": 0.0,
                            "Total Cost": 57718.19,
                            "Plan Rows": 2199297,
                            "Plan Width": 4,
                            "Actual Startup Time": 0.052,
                            "Actual Total Time": 251.905,
                            "Actual Rows": 1863038,
                            "Actual Loops": 2,
                            "Filter": "(keyword_id > 768)",
                            "Rows Removed by Filter": 398927
                          },
                          {
                            "Node Type": "Hash",
                            "Parent Relationship": "Inner",
                            "Parallel Aware": true,
                            "Startup Cost": 58306.47,
                            "Total Cost": 58306.47,
                            "Plan Rows": 461571,
                            "Plan Width": 4,
                            "Actual Startup Time": 266.655,
                            "Actual Total Time": 266.656,
                            "Actual Rows": 344778,
                            "Actual Loops": 2,
                            "Hash Buckets": 1048576,
                            "Original Hash Buckets": 1048576,
                            "Hash Batches": 1,
                            "Original Hash Batches": 1,
                            "Peak Memory Usage": 35200,
                            "Plans": [
                              {
                                "Node Type": "Seq Scan",
                                "Parent Relationship": "Outer",
                                "Parallel Aware": true,
                                "Relation Name": "title",
                                "Alias": "t",
                                "Startup Cost": 0.0,
                                "Total Cost": 58306.47,
                                "Plan Rows": 461571,
                                "Plan Width": 4,
                                "Actual Startup Time": 0.04,
                                "Actual Total Time": 169.662,
                                "Actual Rows": 344778,
                                "Actual Loops": 2,
                                "Filter": "((kind_id < 7) AND (production_year > 1976))",
                                "Rows Removed by Filter": 919378
                              }
                            ]
                          }
                        ]
                      }
                    ]
                  }
                ]
              }
            ]
          }
        ]
      }
    ]
  },
  "Planning Time": 1.048,
  "Triggers": [],
  "Execution Time": 13845.905
}