[
  {
    "Plan": {
      "Node Type": "Aggregate",
      "Strategy": "Plain",
      "Partial Mode": "Finalize",
      "Parallel Aware": false,
      "Startup Cost": 46699.37,
      "Total Cost": 46699.38,
      "Plan Rows": 1,
      "Plan Width": 8,
      "Actual Startup Time": 113.746,
      "Actual Total Time": 127.288,
      "Actual Rows": 1,
      "Actual Loops": 1,
      "Plans": [
        {
          "Node Type": "Gather",
          "Parent Relationship": "Outer",
          "Parallel Aware": false,
          "Startup Cost": 46698.95,
          "Total Cost": 46699.36,
          "Plan Rows": 4,
          "Plan Width": 8,
          "Actual Startup Time": 113.405,
          "Actual Total Time": 127.273,
          "Actual Rows": 5,
          "Actual Loops": 1,
          "Workers Planned": 4,
          "Workers Launched": 4,
          "Single Copy": false,
          "Plans": [
            {
              "Node Type": "Aggregate",
              "Strategy": "Plain",
              "Partial Mode": "Partial",
              "Parent Relationship": "Outer",
              "Parallel Aware": false,
              "Startup Cost": 45698.95,
              "Total Cost": 45698.96,
              "Plan Rows": 1,
              "Plan Width": 8,
              "Actual Startup Time": 108.831,
              "Actual Total Time": 108.833,
              "Actual Rows": 1,
              "Actual Loops": 5,
              "Plans": [
                {
                  "Node Type": "Seq Scan",
                  "Parent Relationship": "Outer",
                  "Parallel Aware": true,
                  "Relation Name": "title",
                  "Alias": "t",
                  "Startup Cost": 0.0,
                  "Total Cost": 45479.59,
                  "Plan Rows": 87744,
                  "Plan Width": 0,
                  "Actual Startup Time": 56.723,
                  "Actual Total Time": 103.826,
                  "Actual Rows": 84914,
                  "Actual Loops": 5,
                  "Filter": "((production_year < 2005) AND (kind_id = 1))",
                  "Rows Removed by Filter": 420748
                }
              ]
            }
          ]
        }
      ]
    },
    "Planning Time": 0.113,
    "Triggers": [],
    "Execution Time": 127.327
  }
]