[
  {
    "Plan": {
      "Node Type": "Aggregate",
      "Strategy": "Plain",
      "Partial Mode": "Finalize",
      "Parallel Aware": false,
      "Startup Cost": 277765.95,
      "Total Cost": 277765.96,
      "Plan Rows": 1,
      "Plan Width": 8,
      "Actual Startup Time": 888.439,
      "Actual Total Time": 958.316,
      "Actual Rows": 1,
      "Actual Loops": 1,
      "Plans": [
        {
          "Node Type": "Gather",
          "Parent Relationship": "Outer",
          "Parallel Aware": false,
          "Startup Cost": 277765.53,
          "Total Cost": 277765.94,
          "Plan Rows": 4,
          "Plan Width": 8,
          "Actual Startup Time": 887.868,
          "Actual Total Time": 958.305,
          "Actual Rows": 5,
          "Actual Loops": 1,
          "Workers Planned": 4,
          "Workers Launched": 4,
          "Single Copy": false,
          "Plans": [
            {
              "Node Type": "Aggregate",
              "Strategy": "Plain",
              "Partial Mode": "Partial",
              "Parent Relationship": "Outer",
              "Parallel Aware": false,
              "Startup Cost": 276765.53,
              "Total Cost": 276765.54,
              "Plan Rows": 1,
              "Plan Width": 8,
              "Actual Startup Time": 879.434,
              "Actual Total Time": 879.436,
              "Actual Rows": 1,
              "Actual Loops": 5,
              "Plans": [
                {
                  "Node Type": "Nested Loop",
                  "Parent Relationship": "Outer",
                  "Parallel Aware": false,
                  "Join Type": "Inner",
                  "Startup Cost": 1.0,
                  "Total Cost": 276176.91,
                  "Plan Rows": 235446,
                  "Plan Width": 0,
                  "Actual Startup Time": 0.719,
                  "Actual Total Time": 849.75,
                  "Actual Rows": 542025,
                  "Actual Loops": 5,
                  "Inner Unique": false,
                  "Join Filter": "(t.id = ci.movie_id)",
                  "Rows Removed by Join Filter": 0,
                  "Plans": [
                    {
                      "Node Type": "Nested Loop",
                      "Parent Relationship": "Outer",
                      "Parallel Aware": false,
                      "Join Type": "Inner",
                      "Startup Cost": 0.43,
                      "Total Cost": 228899.05,
                      "Plan Rows": 29445,
                      "Plan Width": 8,
                      "Actual Startup Time": 0.343,
                      "Actual Total Time": 155.925,
                      "Actual Rows": 27430,
                      "Actual Loops": 5,
                      "Inner Unique": false,
                      "Plans": [
                        {
                          "Node Type": "Seq Scan",
                          "Parent Relationship": "Outer",
                          "Parallel Aware": true,
                          "Relation Name": "title",
                          "Alias": "t",
                          "Startup Cost": 0.0,
                          "Total Cost": 43899.32,
                          "Plan Rows": 5015,
                          "Plan Width": 4,
                          "Actual Startup Time": 0.12,
                          "Actual Total Time": 60.297,
                          "Actual Rows": 4262,
                          "Actual Loops": 5,
                          "Filter": "(production_year = 1989)",
                          "Rows Removed by Filter": 501400
                        },
                        {
                          "Node Type": "Index Only Scan",
                          "Parent Relationship": "Inner",
                          "Parallel Aware": false,
                          "Scan Direction": "Forward",
                          "Index Name": "movie_id_movie_info",
                          "Relation Name": "movie_info",
                          "Alias": "mi",
                          "Startup Cost": 0.43,
                          "Total Cost": 36.48,
                          "Plan Rows": 41,
                          "Plan Width": 4,
                          "Actual Startup Time": 0.01,
                          "Actual Total Time": 0.021,
                          "Actual Rows": 6,
                          "Actual Loops": 21312,
                          "Index Cond": "(movie_id = t.id)",
                          "Rows Removed by Index Recheck": 0,
                          "Heap Fetches": 137151
                        }
                      ]
                    },
                    {
                      "Node Type": "Index Scan",
                      "Parent Relationship": "Inner",
                      "Parallel Aware": false,
                      "Scan Direction": "Forward",
                      "Index Name": "movie_id_cast_info",
                      "Relation Name": "cast_info",
                      "Alias": "ci",
                      "Startup Cost": 0.56,
                      "Total Cost": 1.37,
                      "Plan Rows": 19,
                      "Plan Width": 4,
                      "Actual Startup Time": 0.004,
                      "Actual Total Time": 0.023,
                      "Actual Rows": 20,
                      "Actual Loops": 137151,
                      "Index Cond": "(movie_id = mi.movie_id)",
                      "Rows Removed by Index Recheck": 0,
                      "Filter": "(role_id < 3)",
                      "Rows Removed by Filter": 16
                    }
                  ]
                }
              ]
            }
          ]
        }
      ]
    },
    "Planning Time": 0.661,
    "Triggers": [],
    "Execution Time": 958.388
  }
]