{
  "Plan": {
    "Node Type": "Aggregate",
    "Strategy": "Plain",
    "Partial Mode": "Finalize",
    "Parallel Aware": false,
    "Startup Cost": 334961.68,
    "Total Cost": 334961.69,
    "Plan Rows": 1,
    "Plan Width": 8,
    "Actual Startup Time": 2037.717,
    "Actual Total Time": 2082.176,
    "Actual Rows": 1,
    "Actual Loops": 1,
    "Plans": [
      {
        "Node Type": "Gather",
        "Parent Relationship": "Outer",
        "Parallel Aware": false,
        "Startup Cost": 334961.57,
        "Total Cost": 334961.68,
        "Plan Rows": 1,
        "Plan Width": 8,
        "Actual Startup Time": 2036.262,
        "Actual Total Time": 2082.165,
        "Actual Rows": 2,
        "Actual Loops": 1,
        "Workers Planned": 1,
        "Workers Launched": 1,
        "Single Copy": false,
        "Plans": [
          {
            "Node Type": "Aggregate",
            "Strategy": "Plain",
            "Partial Mode": "Partial",
            "Parent Relationship": "Outer",
            "Parallel Aware": false,
            "Startup Cost": 333961.57,
            "Total Cost": 333961.58,
            "Plan Rows": 1,
            "Plan Width": 8,
            "Actual Startup Time": 2030.434,
            "Actual Total Time": 2030.438,
            "Actual Rows": 1,
            "Actual Loops": 2,
            "Plans": [
              {
                "Node Type": "Hash Join",
                "Parent Relationship": "Outer",
                "Parallel Aware": true,
                "Join Type": "Inner",
                "Startup Cost": 57664.17,
                "Total Cost": 329447.66,
                "Plan Rows": 1805564,
                "Plan Width": 0,
                "Actual Startup Time": 180.727,
                "Actual Total Time": 1926.878,
                "Actual Rows": 2616147,
                "Actual Loops": 2,
                "Inner Unique": true,
                "Hash Cond": "(mi.movie_id = t.id)",
                "Plans": [
                  {
                    "Node Type": "Seq Scan",
                    "Parent Relationship": "Outer",
                    "Parallel Aware": true,
                    "Relation Name": "movie_info",
                    "Alias": "mi",
                    "Startup Cost": 0.0,
                    "Total Cost": 248955.74,
                    "Plan Rows": 8696274,
                    "Plan Width": 4,
                    "Actual Startup Time": 0.013,
                    "Actual Total Time": 628.263,
                    "Actual Rows": 7417860,
                    "Actual Loops": 2
                  },
                  {
                    "Node Type": "Hash",
                    "Parent Relationship": "Inner",
                    "Parallel Aware": true,
                    "Startup Cost": 53804.34,
                    "Total Cost": 53804.34,
                    "Plan Rows": 308786,
                    "Plan Width": 4,
                    "Actual Startup Time": 147.25,
                    "Actual Total Time": 147.251,
                    "Actual Rows": 199682,
                    "Actual Loops": 2,
                    "Hash Buckets": 1048576,
                    "Original Hash Buckets": 1048576,
                    "Hash Batches": 1,
                    "Original Hash Batches": 1,
                    "Peak Memory Usage": 23840,
                    "Plans": [
                      {
                        "Node Type": "Bitmap Heap Scan",
                        "Parent Relationship": "Outer",
                        "Parallel Aware": true,
                        "Relation Name": "title",
                        "Alias": "t",
                        "Startup Cost": 11954.08,
                        "Total Cost": 53804.34,
                        "Plan Rows": 308786,
                        "Plan Width": 4,
                        "Actual Startup Time": 31.064,
                        "Actual Total Time": 96.542,
                        "Actual Rows": 199682,
                        "Actual Loops": 2,
                        "Recheck Cond": "(kind_id = 1)",
                        "Rows Removed by Index Recheck": 0,
                        "Filter": "(production_year > 1976)",
                        "Rows Removed by Filter": 131731,
                        "Exact Heap Blocks": 8019,
                        "Lossy Heap Blocks": 0,
                        "Plans": [
                          {
                            "Node Type": "Bitmap Index Scan",
                            "Parent Relationship": "Outer",
                            "Parallel Aware": false,
                            "Index Name": "kind_id_title",
                            "Startup Cost": 0.0,
                            "Total Cost": 11822.85,
                            "Plan Rows": 663256,
                            "Plan Width": 0,
                            "Actual Startup Time": 29.189,
                            "Actual Total Time": 29.189,
                            "Actual Rows": 662825,
                            "Actual Loops": 1,
                            "Index Cond": "(kind_id = 1)"
                          }
                        ]
                      }
                    ]
                  }
                ]
              }
            ]
          }
        ]
      }
    ]
  },
  "Planning Time": 0.587,
  "Triggers": [],
  "Execution Time": 2082.276
}