[
  {
    "Plan": {
      "Node Type": "Aggregate",
      "Strategy": "Plain",
      "Partial Mode": "Finalize",
      "Parallel Aware": false,
      "Startup Cost": 206964.44,
      "Total Cost": 206964.45,
      "Plan Rows": 1,
      "Plan Width": 8,
      "Actual Startup Time": 501.666,
      "Actual Total Time": 539.151,
      "Actual Rows": 1,
      "Actual Loops": 1,
      "Plans": [
        {
          "Node Type": "Gather",
          "Parent Relationship": "Outer",
          "Parallel Aware": false,
          "Startup Cost": 206963.91,
          "Total Cost": 206964.42,
          "Plan Rows": 5,
          "Plan Width": 8,
          "Actual Startup Time": 501.392,
          "Actual Total Time": 539.14,
          "Actual Rows": 6,
          "Actual Loops": 1,
          "Workers Planned": 5,
          "Workers Launched": 5,
          "Single Copy": false,
          "Plans": [
            {
              "Node Type": "Aggregate",
              "Strategy": "Plain",
              "Partial Mode": "Partial",
              "Parent Relationship": "Outer",
              "Parallel Aware": false,
              "Startup Cost": 205963.91,
              "Total Cost": 205963.92,
              "Plan Rows": 1,
              "Plan Width": 8,
              "Actual Startup Time": 493.567,
              "Actual Total Time": 493.568,
              "Actual Rows": 1,
              "Actual Loops": 6,
              "Plans": [
                {
                  "Node Type": "Seq Scan",
                  "Parent Relationship": "Outer",
                  "Parallel Aware": true,
                  "Relation Name": "movie_info",
                  "Alias": "mi",
                  "Startup Cost": 0.0,
                  "Total Cost": 199108.24,
                  "Plan Rows": 2742269,
                  "Plan Width": 0,
                  "Actual Startup Time": 0.057,
                  "Actual Total Time": 386.765,
                  "Actual Rows": 2284522,
                  "Actual Loops": 6,
                  "Filter": "(info_type_id < 62)",
                  "Rows Removed by Filter": 188098
                }
              ]
            }
          ]
        }
      ]
    },
    "Planning Time": 0.184,
    "Triggers": [],
    "Execution Time": 539.213
  }
]