[
  {
    "Plan": {
      "Node Type": "Aggregate",
      "Strategy": "Plain",
      "Partial Mode": "Finalize",
      "Parallel Aware": false,
      "Startup Cost": 25245.03,
      "Total Cost": 25245.04,
      "Plan Rows": 1,
      "Plan Width": 8,
      "Actual Startup Time": 75.946,
      "Actual Total Time": 82.29,
      "Actual Rows": 1,
      "Actual Loops": 1,
      "Plans": [
        {
          "Node Type": "Gather",
          "Parent Relationship": "Outer",
          "Parallel Aware": false,
          "Startup Cost": 25244.71,
          "Total Cost": 25245.02,
          "Plan Rows": 3,
          "Plan Width": 8,
          "Actual Startup Time": 75.716,
          "Actual Total Time": 82.281,
          "Actual Rows": 4,
          "Actual Loops": 1,
          "Workers Planned": 3,
          "Workers Launched": 3,
          "Single Copy": false,
          "Plans": [
            {
              "Node Type": "Aggregate",
              "Strategy": "Plain",
              "Partial Mode": "Partial",
              "Parent Relationship": "Outer",
              "Parallel Aware": false,
              "Startup Cost": 24244.71,
              "Total Cost": 24244.72,
              "Plan Rows": 1,
              "Plan Width": 8,
              "Actual Startup Time": 66.374,
              "Actual Total Time": 66.375,
              "Actual Rows": 1,
              "Actual Loops": 4,
              "Plans": [
                {
                  "Node Type": "Bitmap Heap Scan",
                  "Parent Relationship": "Outer",
                  "Parallel Aware": true,
                  "Relation Name": "movie_companies",
                  "Alias": "mc",
                  "Startup Cost": 4388.88,
                  "Total Cost": 24164.4,
                  "Plan Rows": 32124,
                  "Plan Width": 0,
                  "Actual Startup Time": 22.79,
                  "Actual Total Time": 62.926,
                  "Actual Rows": 39414,
                  "Actual Loops": 4,
                  "Recheck Cond": "(company_id < 55)",
                  "Rows Removed by Index Recheck": 0,
                  "Filter": "(company_type_id = 1)",
                  "Rows Removed by Filter": 9792,
                  "Exact Heap Blocks": 9564,
                  "Lossy Heap Blocks": 0,
                  "Plans": [
                    {
                      "Node Type": "Bitmap Index Scan",
                      "Parent Relationship": "Outer",
                      "Parallel Aware": false,
                      "Index Name": "company_id_movie_companies",
                      "Startup Cost": 0.0,
                      "Total Cost": 4363.99,
                      "Plan Rows": 203674,
                      "Plan Width": 0,
                      "Actual Startup Time": 27.686,
                      "Actual Total Time": 27.687,
                      "Actual Rows": 196826,
                      "Actual Loops": 1,
                      "Index Cond": "(company_id < 55)"
                    }
                  ]
                }
              ]
            }
          ]
        }
      ]
    },
    "Planning Time": 0.263,
    "Triggers": [],
    "Execution Time": 82.357
  }
]