[
  {
    "Plan": {
      "Node Type": "Aggregate",
      "Strategy": "Plain",
      "Partial Mode": "Finalize",
      "Parallel Aware": false,
      "Startup Cost": 48906.94,
      "Total Cost": 48906.95,
      "Plan Rows": 1,
      "Plan Width": 8,
      "Actual Startup Time": 60.874,
      "Actual Total Time": 69.483,
      "Actual Rows": 1,
      "Actual Loops": 1,
      "Plans": [
        {
          "Node Type": "Gather",
          "Parent Relationship": "Outer",
          "Parallel Aware": false,
          "Startup Cost": 48906.62,
          "Total Cost": 48906.93,
          "Plan Rows": 3,
          "Plan Width": 8,
          "Actual Startup Time": 60.661,
          "Actual Total Time": 69.477,
          "Actual Rows": 4,
          "Actual Loops": 1,
          "Workers Planned": 3,
          "Workers Launched": 3,
          "Single Copy": false,
          "Plans": [
            {
              "Node Type": "Aggregate",
              "Strategy": "Plain",
              "Partial Mode": "Partial",
              "Parent Relationship": "Outer",
              "Parallel Aware": false,
              "Startup Cost": 47906.62,
              "Total Cost": 47906.63,
              "Plan Rows": 1,
              "Plan Width": 8,
              "Actual Startup Time": 51.364,
              "Actual Total Time": 51.365,
              "Actual Rows": 1,
              "Actual Loops": 4,
              "Plans": [
                {
                  "Node Type": "Nested Loop",
                  "Parent Relationship": "Outer",
                  "Parallel Aware": false,
                  "Join Type": "Inner",
                  "Startup Cost": 600.46,
                  "Total Cost": 47905.02,
                  "Plan Rows": 642,
                  "Plan Width": 0,
                  "Actual Startup Time": 16.795,
                  "Actual Total Time": 51.32,
                  "Actual Rows": 270,
                  "Actual Loops": 4,
                  "Inner Unique": true,
                  "Plans": [
                    {
                      "Node Type": "Bitmap Heap Scan",
                      "Parent Relationship": "Outer",
                      "Parallel Aware": true,
                      "Relation Name": "movie_companies",
                      "Alias": "mc",
                      "Startup Cost": 600.03,
                      "Total Cost": 20446.85,
                      "Plan Rows": 4544,
                      "Plan Width": 4,
                      "Actual Startup Time": 16.505,
                      "Actual Total Time": 21.718,
                      "Actual Rows": 3618,
                      "Actual Loops": 4,
                      "Recheck Cond": "(company_id = 27)",
                      "Rows Removed by Index Recheck": 0,
                      "Filter": "(company_type_id = 2)",
                      "Rows Removed by Filter": 3208,
                      "Exact Heap Blocks": 5169,
                      "Lossy Heap Blocks": 0,
                      "Plans": [
                        {
                          "Node Type": "Bitmap Index Scan",
                          "Parent Relationship": "Outer",
                          "Parallel Aware": false,
                          "Index Name": "company_id_movie_companies",
                          "Startup Cost": 0.0,
                          "Total Cost": 596.51,
                          "Plan Rows": 27744,
                          "Plan Width": 0,
                          "Actual Startup Time": 10.796,
                          "Actual Total Time": 10.796,
                          "Actual Rows": 27303,
                          "Actual Loops": 1,
                          "Index Cond": "(company_id = 27)"
                        }
                      ]
                    },
                    {
                      "Node Type": "Index Scan",
                      "Parent Relationship": "Inner",
                      "Parallel Aware": false,
                      "Scan Direction": "Forward",
                      "Index Name": "title_pkey",
                      "Relation Name": "title",
                      "Alias": "t",
                      "Startup Cost": 0.43,
                      "Total Cost": 6.04,
                      "Plan Rows": 1,
                      "Plan Width": 4,
                      "Actual Startup Time": 0.008,
                      "Actual Total Time": 0.008,
                      "Actual Rows": 0,
                      "Actual Loops": 14470,
                      "Index Cond": "(id = mc.movie_id)",
                      "Rows Removed by Index Recheck": 0,
                      "Filter": "((kind_id < 7) AND (production_year > 2006))",
                      "Rows Removed by Filter": 1
                    }
                  ]
                }
              ]
            }
          ]
        }
      ]
    },
    "Planning Time": 0.687,
    "Triggers": [],
    "Execution Time": 69.57
  }
]