{
  "Plan": {
    "Node Type": "Aggregate",
    "Strategy": "Plain",
    "Partial Mode": "Simple",
    "Parallel Aware": false,
    "Startup Cost": 13457.38,
    "Total Cost": 13457.39,
    "Plan Rows": 1,
    "Plan Width": 96,
    "Actual Startup Time": 3380.727,
    "Actual Total Time": 3380.731,
    "Actual Rows": 1,
    "Actual Loops": 1,
    "Plans": [
      {
        "Node Type": "Nested Loop",
        "Parent Relationship": "Outer",
        "Parallel Aware": false,
        "Join Type": "Inner",
        "Startup Cost": 12.24,
        "Total Cost": 13457.37,
        "Plan Rows": 1,
        "Plan Width": 48,
        "Actual Startup Time": 5.177,
        "Actual Total Time": 3379.625,
        "Actual Rows": 2195,
        "Actual Loops": 1,
        "Inner Unique": true,
        "Plans": [
          {
            "Node Type": "Nested Loop",
            "Parent Relationship": "Outer",
            "Parallel Aware": false,
            "Join Type": "Inner",
            "Startup Cost": 11.81,
            "Total Cost": 12748.7,
            "Plan Rows": 1548,
            "Plan Width": 37,
            "Actual Startup Time": 2.112,
            "Actual Total Time": 1146.768,
            "Actual Rows": 675914,
            "Actual Loops": 1,
            "Inner Unique": false,
            "Join Filter": "(t.id = ci.movie_id)",
            "Rows Removed by Join Filter": 0,
            "Plans": [
              {
                "Node Type": "Nested Loop",
                "Parent Relationship": "Outer",
                "Parallel Aware": false,
                "Join Type": "Inner",
                "Startup Cost": 11.25,
                "Total Cost": 12540.97,
                "Plan Rows": 108,
                "Plan Width": 41,
                "Actual Startup Time": 2.088,
                "Actual Total Time": 220.162,
                "Actual Rows": 11244,
                "Actual Loops": 1,
                "Inner Unique": true,
                "Plans": [
                  {
                    "Node Type": "Nested Loop",
                    "Parent Relationship": "Outer",
                    "Parallel Aware": false,
                    "Join Type": "Inner",
                    "Startup Cost": 10.82,
                    "Total Cost": 12408.72,
                    "Plan Rows": 270,
                    "Plan Width": 20,
                    "Actual Startup Time": 2.064,
                    "Actual Total Time": 85.568,
                    "Actual Rows": 47775,
                    "Actual Loops": 1,
                    "Inner Unique": false,
                    "Plans": [
                      {
                        "Node Type": "Seq Scan",
                        "Parent Relationship": "Outer",
                        "Parallel Aware": false,
                        "Relation Name": "keyword",
                        "Alias": "k",
                        "Startup Cost": 0.0,
                        "Total Cost": 3632.4,
                        "Plan Rows": 8,
                        "Plan Width": 20,
                        "Actual Startup Time": 2.009,
                        "Actual Total Time": 21.061,
                        "Actual Rows": 6,
                        "Actual Loops": 1,
                        "Filter": "(keyword = ANY ('{sequel,claw,blood,violence,violence,marvel-cinematic-universe,murder,blood}'::text[]))",
                        "Rows Removed by Filter": 134164
                      },
                      {
                        "Node Type": "Bitmap Heap Scan",
                        "Parent Relationship": "Inner",
                        "Parallel Aware": false,
                        "Relation Name": "movie_keyword",
                        "Alias": "mk",
                        "Startup Cost": 10.82,
                        "Total Cost": 1093.96,
                        "Plan Rows": 308,
                        "Plan Width": 8,
                        "Actual Startup Time": 1.689,
                        "Actual Total Time": 9.956,
                        "Actual Rows": 7962,
                        "Actual Loops": 6,
                        "Recheck Cond": "(keyword_id = k.id)",
                        "Rows Removed by Index Recheck": 0,
                        "Exact Heap Blocks": 32008,
                        "Lossy Heap Blocks": 0,
                        "Plans": [
                          {
                            "Node Type": "Bitmap Index Scan",
                            "Parent Relationship": "Outer",
                            "Parallel Aware": false,
                            "Index Name": "keyword_id_movie_keyword",
                            "Startup Cost": 0.0,
                            "Total Cost": 10.74,
                            "Plan Rows": 308,
                            "Plan Width": 0,
                            "Actual Startup Time": 0.868,
                            "Actual Total Time": 0.868,
                            "Actual Rows": 7962,
                            "Actual Loops": 6,
                            "Index Cond": "(keyword_id = k.id)"
                          }
                        ]
                      }
                    ]
                  },
                  {
                    "Node Type": "Index Scan",
                    "Parent Relationship": "Inner",
                    "Parallel Aware": false,
                    "Scan Direction": "Forward",
                    "Index Name": "title_pkey",
                    "Relation Name": "title",
                    "Alias": "t",
                    "Startup Cost": 0.43,
                    "Total Cost": 0.49,
                    "Plan Rows": 1,
                    "Plan Width": 21,
                    "Actual Startup Time": 0.003,
                    "Actual Total Time": 0.003,
                    "Actual Rows": 0,
                    "Actual Loops": 47775,
                    "Index Cond": "(id = mk.movie_id)",
                    "Rows Removed by Index Recheck": 0,
                    "Filter": "(production_year > 2005)",
                    "Rows Removed by Filter": 1
                  }
                ]
              },
              {
                "Node Type": "Index Scan",
                "Parent Relationship": "Inner",
                "Parallel Aware": false,
                "Scan Direction": "Forward",
                "Index Name": "movie_id_cast_info",
                "Relation Name": "cast_info",
                "Alias": "ci",
                "Startup Cost": 0.56,
                "Total Cost": 1.5,
                "Plan Rows": 34,
                "Plan Width": 8,
                "Actual Startup Time": 0.006,
                "Actual Total Time": 0.075,
                "Actual Rows": 60,
                "Actual Loops": 11244,
                "Index Cond": "(movie_id = mk.movie_id)",
                "Rows Removed by Index Recheck": 0
              }
            ]
          },
          {
            "Node Type": "Index Scan",
            "Parent Relationship": "Inner",
            "Parallel Aware": false,
            "Scan Direction": "Forward",
            "Index Name": "name_pkey",
            "Relation Name": "name",
            "Alias": "n",
            "Startup Cost": 0.43,
            "Total Cost": 0.46,
            "Plan Rows": 1,
            "Plan Width": 19,
            "Actual Startup Time": 0.003,
            "Actual Total Time": 0.003,
            "Actual Rows": 0,
            "Actual Loops": 675914,
            "Index Cond": "(id = ci.person_id)",
            "Rows Removed by Index Recheck": 0,
            "Filter": "(name ~~ '%Johnson,%'::text)",
            "Rows Removed by Filter": 1
          }
        ]
      }
    ]
  },
  "Planning Time": 1.421,
  "Triggers": [],
  "Execution Time": 3380.845
}