{
  "Plan": {
    "Node Type": "Aggregate",
    "Strategy": "Plain",
    "Partial Mode": "Finalize",
    "Parallel Aware": false,
    "Startup Cost": 78286.71,
    "Total Cost": 78286.72,
    "Plan Rows": 1,
    "Plan Width": 8,
    "Actual Startup Time": 223.147,
    "Actual Total Time": 233.648,
    "Actual Rows": 1,
    "Actual Loops": 1,
    "Plans": [
      {
        "Node Type": "Gather",
        "Parent Relationship": "Outer",
        "Parallel Aware": false,
        "Startup Cost": 78286.6,
        "Total Cost": 78286.71,
        "Plan Rows": 1,
        "Plan Width": 8,
        "Actual Startup Time": 222.973,
        "Actual Total Time": 233.641,
        "Actual Rows": 2,
        "Actual Loops": 1,
        "Workers Planned": 1,
        "Workers Launched": 1,
        "Single Copy": false,
        "Plans": [
          {
            "Node Type": "Aggregate",
            "Strategy": "Plain",
            "Partial Mode": "Partial",
            "Parent Relationship": "Outer",
            "Parallel Aware": false,
            "Startup Cost": 77286.6,
            "Total Cost": 77286.61,
            "Plan Rows": 1,
            "Plan Width": 8,
            "Actual Startup Time": 217.361,
            "Actual Total Time": 217.364,
            "Actual Rows": 1,
            "Actual Loops": 2,
            "Plans": [
              {
                "Node Type": "Hash Join",
                "Parent Relationship": "Outer",
                "Parallel Aware": true,
                "Join Type": "Inner",
                "Startup Cost": 58486.28,
                "Total Cost": 77280.04,
                "Plan Rows": 2622,
                "Plan Width": 0,
                "Actual Startup Time": 144.713,
                "Actual Total Time": 217.088,
                "Actual Rows": 4804,
                "Actual Loops": 2,
                "Inner Unique": true,
                "Hash Cond": "(mi_idx.movie_id = t.id)",
                "Plans": [
                  {
                    "Node Type": "Seq Scan",
                    "Parent Relationship": "Outer",
                    "Parallel Aware": true,
                    "Relation Name": "movie_info_idx",
                    "Alias": "mi_idx",
                    "Startup Cost": 0.0,
                    "Total Cost": 18082.32,
                    "Plan Rows": 271028,
                    "Plan Width": 4,
                    "Actual Startup Time": 0.018,
                    "Actual Total Time": 52.166,
                    "Actual Rows": 229962,
                    "Actual Loops": 2,
                    "Filter": "(info_type_id = 101)",
                    "Rows Removed by Filter": 460055
                  },
                  {
                    "Node Type": "Hash",
                    "Parent Relationship": "Inner",
                    "Parallel Aware": true,
                    "Startup Cost": 58306.47,
                    "Total Cost": 58306.47,
                    "Plan Rows": 14385,
                    "Plan Width": 4,
                    "Actual Startup Time": 143.367,
                    "Actual Total Time": 143.368,
                    "Actual Rows": 10316,
                    "Actual Loops": 2,
                    "Hash Buckets": 32768,
                    "Original Hash Buckets": 32768,
                    "Hash Batches": 1,
                    "Original Hash Batches": 1,
                    "Peak Memory Usage": 1088,
                    "Plans": [
                      {
                        "Node Type": "Seq Scan",
                        "Parent Relationship": "Outer",
                        "Parallel Aware": true,
                        "Relation Name": "title",
                        "Alias": "t",
                        "Startup Cost": 0.0,
                        "Total Cost": 58306.47,
                        "Plan Rows": 14385,
                        "Plan Width": 4,
                        "Actual Startup Time": 0.145,
                        "Actual Total Time": 140.162,
                        "Actual Rows": 10316,
                        "Actual Loops": 2,
                        "Filter": "((kind_id < 7) AND (production_year = 2002))",
                        "Rows Removed by Filter": 1253840
                      }
                    ]
                  }
                ]
              }
            ]
          }
        ]
      }
    ]
  },
  "Planning Time": 0.516,
  "Triggers": [],
  "Execution Time": 233.721
}