[
    {
        "Bao": {
            "Bao prediction": 1207.137,
            "Bao recommended hint": "(no hint)"
        }
    },
    {
        "Plan": {
            "Node Type": "Aggregate",
            "Strategy": "Plain",
            "Partial Mode": "Finalize",
            "Parallel Aware": false,
            "Startup Cost": 298282.36,
            "Total Cost": 298282.37,
            "Plan Rows": 1,
            "Plan Width": 8,
            "Actual Startup Time": 1931.026,
            "Actual Total Time": 1951.85,
            "Actual Rows": 1,
            "Actual Loops": 1,
            "Output": [
                "count(*)"
            ],
            "Plans": [
                {
                    "Node Type": "Gather",
                    "Parent Relationship": "Outer",
                    "Parallel Aware": false,
                    "Startup Cost": 298281.84,
                    "Total Cost": 298282.35,
                    "Plan Rows": 5,
                    "Plan Width": 8,
                    "Actual Startup Time": 1918.843,
                    "Actual Total Time": 1951.838,
                    "Actual Rows": 6,
                    "Actual Loops": 1,
                    "Output": [
                        "(PARTIAL count(*))"
                    ],
                    "Workers Planned": 5,
                    "Workers Launched": 5,
                    "Single Copy": false,
                    "Plans": [
                        {
                            "Node Type": "Aggregate",
                            "Strategy": "Plain",
                            "Partial Mode": "Partial",
                            "Parent Relationship": "Outer",
                            "Parallel Aware": false,
                            "Startup Cost": 297281.84,
                            "Total Cost": 297281.85,
                            "Plan Rows": 1,
                            "Plan Width": 8,
                            "Actual Startup Time": 1910.166,
                            "Actual Total Time": 1910.267,
                            "Actual Rows": 1,
                            "Actual Loops": 6,
                            "Output": [
                                "PARTIAL count(*)"
                            ],
                            "Workers": [
                                {
                                    "Worker Number": 0,
                                    "Actual Startup Time": 1910.561,
                                    "Actual Total Time": 1910.565,
                                    "Actual Rows": 1,
                                    "Actual Loops": 1
                                },
                                {
                                    "Worker Number": 1,
                                    "Actual Startup Time": 1907.479,
                                    "Actual Total Time": 1907.483,
                                    "Actual Rows": 1,
                                    "Actual Loops": 1
                                },
                                {
                                    "Worker Number": 2,
                                    "Actual Startup Time": 1907.836,
                                    "Actual Total Time": 1907.841,
                                    "Actual Rows": 1,
                                    "Actual Loops": 1
                                },
                                {
                                    "Worker Number": 3,
                                    "Actual Startup Time": 1908.585,
                                    "Actual Total Time": 1908.59,
                                    "Actual Rows": 1,
                                    "Actual Loops": 1
                                },
                                {
                                    "Worker Number": 4,
                                    "Actual Startup Time": 1908.575,
                                    "Actual Total Time": 1908.579,
                                    "Actual Rows": 1,
                                    "Actual Loops": 1
                                }
                            ],
                            "Plans": [
                                {
                                    "Node Type": "Hash Join",
                                    "Parent Relationship": "Outer",
                                    "Parallel Aware": true,
                                    "Join Type": "Inner",
                                    "Startup Cost": 92694.16,
                                    "Total Cost": 296400.67,
                                    "Plan Rows": 352469,
                                    "Plan Width": 0,
                                    "Actual Startup Time": 319.373,
                                    "Actual Total Time": 1561.767,
                                    "Actual Rows": 6733215,
                                    "Actual Loops": 6,
                                    "Inner Unique": false,
                                    "Hash Cond": "(mi.movie_id = t.id)",
                                    "Workers": [
                                        {
                                            "Worker Number": 0,
                                            "Actual Startup Time": 319.852,
                                            "Actual Total Time": 1562.071,
                                            "Actual Rows": 5982019,
                                            "Actual Loops": 1
                                        },
                                        {
                                            "Worker Number": 1,
                                            "Actual Startup Time": 316.789,
                                            "Actual Total Time": 1557.006,
                                            "Actual Rows": 5673884,
                                            "Actual Loops": 1
                                        },
                                        {
                                            "Worker Number": 2,
                                            "Actual Startup Time": 317.096,
                                            "Actual Total Time": 1559.071,
                                            "Actual Rows": 5695304,
                                            "Actual Loops": 1
                                        },
                                        {
                                            "Worker Number": 3,
                                            "Actual Startup Time": 317.429,
                                            "Actual Total Time": 1558.848,
                                            "Actual Rows": 5679764,
                                            "Actual Loops": 1
                                        },
                                        {
                                            "Worker Number": 4,
                                            "Actual Startup Time": 317.828,
                                            "Actual Total Time": 1563.432,
                                            "Actual Rows": 8252460,
                                            "Actual Loops": 1
                                        }
                                    ],
                                    "Plans": [
                                        {
                                            "Node Type": "Seq Scan",
                                            "Parent Relationship": "Outer",
                                            "Parallel Aware": true,
                                            "Relation Name": "movie_info",
                                            "Schema": "public",
                                            "Alias": "mi",
                                            "Startup Cost": 0.0,
                                            "Total Cost": 191503.19,
                                            "Plan Rows": 2951019,
                                            "Plan Width": 4,
                                            "Actual Startup Time": 0.019,
                                            "Actual Total Time": 304.129,
                                            "Actual Rows": 2472620,
                                            "Actual Loops": 6,
                                            "Output": [
                                                "mi.id",
                                                "mi.movie_id",
                                                "mi.info_type_id",
                                                "mi.info",
                                                "mi.note"
                                            ],
                                            "Workers": [
                                                {
                                                    "Worker Number": 0,
                                                    "Actual Startup Time": 0.02,
                                                    "Actual Total Time": 305.493,
                                                    "Actual Rows": 2277739,
                                                    "Actual Loops": 1
                                                },
                                                {
                                                    "Worker Number": 1,
                                                    "Actual Startup Time": 0.02,
                                                    "Actual Total Time": 321.772,
                                                    "Actual Rows": 2085631,
                                                    "Actual Loops": 1
                                                },
                                                {
                                                    "Worker Number": 2,
                                                    "Actual Startup Time": 0.02,
                                                    "Actual Total Time": 307.818,
                                                    "Actual Rows": 2167847,
                                                    "Actual Loops": 1
                                                },
                                                {
                                                    "Worker Number": 3,
                                                    "Actual Startup Time": 0.03,
                                                    "Actual Total Time": 320.818,
                                                    "Actual Rows": 2090305,
                                                    "Actual Loops": 1
                                                },
                                                {
                                                    "Worker Number": 4,
                                                    "Actual Startup Time": 0.018,
                                                    "Actual Total Time": 301.079,
                                                    "Actual Rows": 2818830,
                                                    "Actual Loops": 1
                                                }
                                            ]
                                        },
                                        {
                                            "Node Type": "Hash",
                                            "Parent Relationship": "Inner",
                                            "Parallel Aware": true,
                                            "Startup Cost": 91476.48,
                                            "Total Cost": 91476.48,
                                            "Plan Rows": 97414,
                                            "Plan Width": 8,
                                            "Actual Startup Time": 316.117,
                                            "Actual Total Time": 316.216,
                                            "Actual Rows": 96017,
                                            "Actual Loops": 6,
                                            "Output": [
                                                "t.id",
                                                "mk.movie_id"
                                            ],
                                            "Hash Buckets": 1048576,
                                            "Original Hash Buckets": 524288,
                                            "Hash Batches": 1,
                                            "Original Hash Batches": 1,
                                            "Peak Memory Usage": 34912,
                                            "Workers": [
                                                {
                                                    "Worker Number": 0,
                                                    "Actual Startup Time": 318.928,
                                                    "Actual Total Time": 318.931,
                                                    "Actual Rows": 83206,
                                                    "Actual Loops": 1
                                                },
                                                {
                                                    "Worker Number": 1,
                                                    "Actual Startup Time": 315.404,
                                                    "Actual Total Time": 315.407,
                                                    "Actual Rows": 83083,
                                                    "Actual Loops": 1
                                                },
                                                {
                                                    "Worker Number": 2,
                                                    "Actual Startup Time": 315.731,
                                                    "Actual Total Time": 315.734,
                                                    "Actual Rows": 83055,
                                                    "Actual Loops": 1
                                                },
                                                {
                                                    "Worker Number": 3,
                                                    "Actual Startup Time": 316.038,
                                                    "Actual Total Time": 316.041,
                                                    "Actual Rows": 81707,
                                                    "Actual Loops": 1
                                                },
                                                {
                                                    "Worker Number": 4,
                                                    "Actual Startup Time": 316.506,
                                                    "Actual Total Time": 316.509,
                                                    "Actual Rows": 107497,
                                                    "Actual Loops": 1
                                                }
                                            ],
                                            "Plans": [
                                                {
                                                    "Node Type": "Hash Join",
                                                    "Parent Relationship": "Outer",
                                                    "Parallel Aware": true,
                                                    "Join Type": "Inner",
                                                    "Startup Cost": 47969.55,
                                                    "Total Cost": 91476.48,
                                                    "Plan Rows": 97414,
                                                    "Plan Width": 8,
                                                    "Actual Startup Time": 149.786,
                                                    "Actual Total Time": 266.019,
                                                    "Actual Rows": 96017,
                                                    "Actual Loops": 6,
                                                    "Output": [
                                                        "t.id",
                                                        "mk.movie_id"
                                                    ],
                                                    "Inner Unique": true,
                                                    "Hash Cond": "(mk.movie_id = t.id)",
                                                    "Workers": [
                                                        {
                                                            "Worker Number": 0,
                                                            "Actual Startup Time": 149.944,
                                                            "Actual Total Time": 266.282,
                                                            "Actual Rows": 83206,
                                                            "Actual Loops": 1
                                                        },
                                                        {
                                                            "Worker Number": 1,
                                                            "Actual Startup Time": 149.765,
                                                            "Actual Total Time": 266.346,
                                                            "Actual Rows": 83083,
                                                            "Actual Loops": 1
                                                        },
                                                        {
                                                            "Worker Number": 2,
                                                            "Actual Startup Time": 149.698,
                                                            "Actual Total Time": 266.928,
                                                            "Actual Rows": 83055,
                                                            "Actual Loops": 1
                                                        },
                                                        {
                                                            "Worker Number": 3,
                                                            "Actual Startup Time": 149.705,
                                                            "Actual Total Time": 266.577,
                                                            "Actual Rows": 81707,
                                                            "Actual Loops": 1
                                                        },
                                                        {
                                                            "Worker Number": 4,
                                                            "Actual Startup Time": 149.718,
                                                            "Actual Total Time": 265.063,
                                                            "Actual Rows": 107497,
                                                            "Actual Loops": 1
                                                        }
                                                    ],
                                                    "Plans": [
                                                        {
                                                            "Node Type": "Seq Scan",
                                                            "Parent Relationship": "Outer",
                                                            "Parallel Aware": true,
                                                            "Relation Name": "movie_keyword",
                                                            "Schema": "public",
                                                            "Alias": "mk",
                                                            "Startup Cost": 0.0,
                                                            "Total Cost": 42695.65,
                                                            "Plan Rows": 309061,
                                                            "Plan Width": 4,
                                                            "Actual Startup Time": 1.246,
                                                            "Actual Total Time": 80.979,
                                                            "Actual Rows": 157398,
                                                            "Actual Loops": 6,
                                                            "Output": [
                                                                "mk.id",
                                                                "mk.movie_id",
                                                                "mk.keyword_id"
                                                            ],
                                                            "Filter": "(mk.keyword_id > 20095)",
                                                            "Rows Removed by Filter": 596591,
                                                            "Workers": [
                                                                {
                                                                    "Worker Number": 0,
                                                                    "Actual Startup Time": 1.236,
                                                                    "Actual Total Time": 82.163,
                                                                    "Actual Rows": 134497,
                                                                    "Actual Loops": 1
                                                                },
                                                                {
                                                                    "Worker Number": 1,
                                                                    "Actual Startup Time": 1.231,
                                                                    "Actual Total Time": 82.911,
                                                                    "Actual Rows": 134837,
                                                                    "Actual Loops": 1
                                                                },
                                                                {
                                                                    "Worker Number": 2,
                                                                    "Actual Startup Time": 1.248,
                                                                    "Actual Total Time": 82.262,
                                                                    "Actual Rows": 135430,
                                                                    "Actual Loops": 1
                                                                },
                                                                {
                                                                    "Worker Number": 3,
                                                                    "Actual Startup Time": 1.266,
                                                                    "Actual Total Time": 83.036,
                                                                    "Actual Rows": 134304,
                                                                    "Actual Loops": 1
                                                                },
                                                                {
                                                                    "Worker Number": 4,
                                                                    "Actual Startup Time": 1.26,
                                                                    "Actual Total Time": 79.958,
                                                                    "Actual Rows": 177583,
                                                                    "Actual Loops": 1
                                                                }
                                                            ]
                                                        },
                                                        {
                                                            "Node Type": "Hash",
                                                            "Parent Relationship": "Inner",
                                                            "Parallel Aware": true,
                                                            "Startup Cost": 45479.21,
                                                            "Total Cost": 45479.21,
                                                            "Plan Rows": 199227,
                                                            "Plan Width": 4,
                                                            "Actual Startup Time": 146.2,
                                                            "Actual Total Time": 146.201,
                                                            "Actual Rows": 117977,
                                                            "Actual Loops": 6,
                                                            "Output": [
                                                                "t.id"
                                                            ],
                                                            "Hash Buckets": 1048576,
                                                            "Original Hash Buckets": 1048576,
                                                            "Hash Batches": 1,
                                                            "Original Hash Batches": 1,
                                                            "Peak Memory Usage": 35968,
                                                            "Workers": [
                                                                {
                                                                    "Worker Number": 0,
                                                                    "Actual Startup Time": 148.545,
                                                                    "Actual Total Time": 148.547,
                                                                    "Actual Rows": 107539,
                                                                    "Actual Loops": 1
                                                                },
                                                                {
                                                                    "Worker Number": 1,
                                                                    "Actual Startup Time": 148.368,
                                                                    "Actual Total Time": 148.369,
                                                                    "Actual Rows": 99224,
                                                                    "Actual Loops": 1
                                                                },
                                                                {
                                                                    "Worker Number": 2,
                                                                    "Actual Startup Time": 148.35,
                                                                    "Actual Total Time": 148.351,
                                                                    "Actual Rows": 99956,
                                                                    "Actual Loops": 1
                                                                },
                                                                {
                                                                    "Worker Number": 3,
                                                                    "Actual Startup Time": 148.358,
                                                                    "Actual Total Time": 148.359,
                                                                    "Actual Rows": 98117,
                                                                    "Actual Loops": 1
                                                                },
                                                                {
                                                                    "Worker Number": 4,
                                                                    "Actual Startup Time": 148.307,
                                                                    "Actual Total Time": 148.308,
                                                                    "Actual Rows": 126772,
                                                                    "Actual Loops": 1
                                                                }
                                                            ],
                                                            "Plans": [
                                                                {
                                                                    "Node Type": "Seq Scan",
                                                                    "Parent Relationship": "Outer",
                                                                    "Parallel Aware": true,
                                                                    "Relation Name": "title",
                                                                    "Schema": "public",
                                                                    "Alias": "t",
                                                                    "Startup Cost": 0.0,
                                                                    "Total Cost": 45479.21,
                                                                    "Plan Rows": 199227,
                                                                    "Plan Width": 4,
                                                                    "Actual Startup Time": 0.042,
                                                                    "Actual Total Time": 86.395,
                                                                    "Actual Rows": 117977,
                                                                    "Actual Loops": 6,
                                                                    "Output": [
                                                                        "t.id"
                                                                    ],
                                                                    "Filter": "((t.kind_id < 7) AND (t.production_year > 1973))",
                                                                    "Rows Removed by Filter": 303408,
                                                                    "Workers": [
                                                                        {
                                                                            "Worker Number": 0,
                                                                            "Actual Startup Time": 0.02,
                                                                            "Actual Total Time": 86.816,
                                                                            "Actual Rows": 107539,
                                                                            "Actual Loops": 1
                                                                        },
                                                                        {
                                                                            "Worker Number": 1,
                                                                            "Actual Startup Time": 0.061,
                                                                            "Actual Total Time": 88.846,
                                                                            "Actual Rows": 99224,
                                                                            "Actual Loops": 1
                                                                        },
                                                                        {
                                                                            "Worker Number": 2,
                                                                            "Actual Startup Time": 0.057,
                                                                            "Actual Total Time": 87.15,
                                                                            "Actual Rows": 99956,
                                                                            "Actual Loops": 1
                                                                        },
                                                                        {
                                                                            "Worker Number": 3,
                                                                            "Actual Startup Time": 0.044,
                                                                            "Actual Total Time": 87.553,
                                                                            "Actual Rows": 98117,
                                                                            "Actual Loops": 1
                                                                        },
                                                                        {
                                                                            "Worker Number": 4,
                                                                            "Actual Startup Time": 0.055,
                                                                            "Actual Total Time": 85.732,
                                                                            "Actual Rows": 126772,
                                                                            "Actual Loops": 1
                                                                        }
                                                                    ]
                                                                }
                                                            ]
                                                        }
                                                    ]
                                                }
                                            ]
                                        }
                                    ]
                                }
                            ]
                        }
                    ]
                }
            ]
        },
        "Planning Time": 963.852,
        "Triggers": [],
        "Execution Time": 1951.969
    }
]