{
    "Plan": {
        "Node Type": "Aggregate",
        "Strategy": "Plain",
        "Partial Mode": "Finalize",
        "Parallel Aware": false,
        "Startup Cost": 364239.79,
        "Total Cost": 364239.8,
        "Plan Rows": 1,
        "Plan Width": 8,
        "Actual Startup Time": 1127.775,
        "Actual Total Time": 1226.183,
        "Actual Rows": 1,
        "Actual Loops": 1,
        "Output": [
            "count(*)"
        ],
        "Plans": [
            {
                "Node Type": "Gather",
                "Parent Relationship": "Outer",
                "Parallel Aware": false,
                "Startup Cost": 364239.26,
                "Total Cost": 364239.77,
                "Plan Rows": 5,
                "Plan Width": 8,
                "Actual Startup Time": 1122.63,
                "Actual Total Time": 1226.169,
                "Actual Rows": 6,
                "Actual Loops": 1,
                "Output": [
                    "(PARTIAL count(*))"
                ],
                "Workers Planned": 5,
                "Workers Launched": 5,
                "Single Copy": false,
                "Plans": [
                    {
                        "Node Type": "Aggregate",
                        "Strategy": "Plain",
                        "Partial Mode": "Partial",
                        "Parent Relationship": "Outer",
                        "Parallel Aware": false,
                        "Startup Cost": 363239.26,
                        "Total Cost": 363239.27,
                        "Plan Rows": 1,
                        "Plan Width": 8,
                        "Actual Startup Time": 1107.252,
                        "Actual Total Time": 1107.257,
                        "Actual Rows": 1,
                        "Actual Loops": 6,
                        "Output": [
                            "PARTIAL count(*)"
                        ],
                        "Workers": [
                            {
                                "Worker Number": 0,
                                "Actual Startup Time": 1103.877,
                                "Actual Total Time": 1103.882,
                                "Actual Rows": 1,
                                "Actual Loops": 1
                            },
                            {
                                "Worker Number": 1,
                                "Actual Startup Time": 1105.582,
                                "Actual Total Time": 1105.586,
                                "Actual Rows": 1,
                                "Actual Loops": 1
                            },
                            {
                                "Worker Number": 2,
                                "Actual Startup Time": 1104.044,
                                "Actual Total Time": 1104.048,
                                "Actual Rows": 1,
                                "Actual Loops": 1
                            },
                            {
                                "Worker Number": 3,
                                "Actual Startup Time": 1103.874,
                                "Actual Total Time": 1103.879,
                                "Actual Rows": 1,
                                "Actual Loops": 1
                            },
                            {
                                "Worker Number": 4,
                                "Actual Startup Time": 1104.552,
                                "Actual Total Time": 1104.556,
                                "Actual Rows": 1,
                                "Actual Loops": 1
                            }
                        ],
                        "Plans": [
                            {
                                "Node Type": "Nested Loop",
                                "Parent Relationship": "Outer",
                                "Parallel Aware": false,
                                "Join Type": "Inner",
                                "Startup Cost": 49096.85,
                                "Total Cost": 361631.85,
                                "Plan Rows": 642965,
                                "Plan Width": 0,
                                "Actual Startup Time": 373.917,
                                "Actual Total Time": 1082.49,
                                "Actual Rows": 496353,
                                "Actual Loops": 6,
                                "Inner Unique": false,
                                "Workers": [
                                    {
                                        "Worker Number": 0,
                                        "Actual Startup Time": 371.254,
                                        "Actual Total Time": 1081.642,
                                        "Actual Rows": 451134,
                                        "Actual Loops": 1
                                    },
                                    {
                                        "Worker Number": 1,
                                        "Actual Startup Time": 371.673,
                                        "Actual Total Time": 1078.271,
                                        "Actual Rows": 335785,
                                        "Actual Loops": 1
                                    },
                                    {
                                        "Worker Number": 2,
                                        "Actual Startup Time": 370.403,
                                        "Actual Total Time": 1079.922,
                                        "Actual Rows": 514386,
                                        "Actual Loops": 1
                                    },
                                    {
                                        "Worker Number": 3,
                                        "Actual Startup Time": 370.268,
                                        "Actual Total Time": 1080.208,
                                        "Actual Rows": 483965,
                                        "Actual Loops": 1
                                    },
                                    {
                                        "Worker Number": 4,
                                        "Actual Startup Time": 372.013,
                                        "Actual Total Time": 1080.543,
                                        "Actual Rows": 508374,
                                        "Actual Loops": 1
                                    }
                                ],
                                "Plans": [
                                    {
                                        "Node Type": "Hash Join",
                                        "Parent Relationship": "Outer",
                                        "Parallel Aware": true,
                                        "Join Type": "Inner",
                                        "Startup Cost": 49096.28,
                                        "Total Cost": 248155.96,
                                        "Plan Rows": 44841,
                                        "Plan Width": 8,
                                        "Actual Startup Time": 373.818,
                                        "Actual Total Time": 527.862,
                                        "Actual Rows": 12538,
                                        "Actual Loops": 6,
                                        "Output": [
                                            "t.id",
                                            "mi.movie_id"
                                        ],
                                        "Inner Unique": true,
                                        "Hash Cond": "(mi.movie_id = t.id)",
                                        "Workers": [
                                            {
                                                "Worker Number": 0,
                                                "Actual Startup Time": 371.165,
                                                "Actual Total Time": 528.072,
                                                "Actual Rows": 11734,
                                                "Actual Loops": 1
                                            },
                                            {
                                                "Worker Number": 1,
                                                "Actual Startup Time": 371.568,
                                                "Actual Total Time": 522.162,
                                                "Actual Rows": 8469,
                                                "Actual Loops": 1
                                            },
                                            {
                                                "Worker Number": 2,
                                                "Actual Startup Time": 370.279,
                                                "Actual Total Time": 519.438,
                                                "Actual Rows": 12313,
                                                "Actual Loops": 1
                                            },
                                            {
                                                "Worker Number": 3,
                                                "Actual Startup Time": 370.132,
                                                "Actual Total Time": 522.725,
                                                "Actual Rows": 11966,
                                                "Actual Loops": 1
                                            },
                                            {
                                                "Worker Number": 4,
                                                "Actual Startup Time": 371.918,
                                                "Actual Total Time": 524.403,
                                                "Actual Rows": 12681,
                                                "Actual Loops": 1
                                            }
                                        ],
                                        "Plans": [
                                            {
                                                "Node Type": "Seq Scan",
                                                "Parent Relationship": "Outer",
                                                "Parallel Aware": true,
                                                "Relation Name": "movie_info",
                                                "Schema": "public",
                                                "Alias": "mi",
                                                "Startup Cost": 0.0,
                                                "Total Cost": 198880.74,
                                                "Plan Rows": 68169,
                                                "Plan Width": 4,
                                                "Actual Startup Time": 156.937,
                                                "Actual Total Time": 286.486,
                                                "Actual Rows": 61370,
                                                "Actual Loops": 6,
                                                "Output": [
                                                    "mi.id",
                                                    "mi.movie_id",
                                                    "mi.info_type_id",
                                                    "mi.info",
                                                    "mi.note"
                                                ],
                                                "Filter": "(mi.info_type_id = 17)",
                                                "Rows Removed by Filter": 2411250,
                                                "Workers": [
                                                    {
                                                        "Worker Number": 0,
                                                        "Actual Startup Time": 157.411,
                                                        "Actual Total Time": 288.96,
                                                        "Actual Rows": 65841,
                                                        "Actual Loops": 1
                                                    },
                                                    {
                                                        "Worker Number": 1,
                                                        "Actual Startup Time": 157.486,
                                                        "Actual Total Time": 285.646,
                                                        "Actual Rows": 38178,
                                                        "Actual Loops": 1
                                                    },
                                                    {
                                                        "Worker Number": 2,
                                                        "Actual Startup Time": 156.346,
                                                        "Actual Total Time": 283.376,
                                                        "Actual Rows": 61261,
                                                        "Actual Loops": 1
                                                    },
                                                    {
                                                        "Worker Number": 3,
                                                        "Actual Startup Time": 156.459,
                                                        "Actual Total Time": 286.061,
                                                        "Actual Rows": 53792,
                                                        "Actual Loops": 1
                                                    },
                                                    {
                                                        "Worker Number": 4,
                                                        "Actual Startup Time": 157.578,
                                                        "Actual Total Time": 287.516,
                                                        "Actual Rows": 63044,
                                                        "Actual Loops": 1
                                                    }
                                                ]
                                            },
                                            {
                                                "Node Type": "Hash",
                                                "Parent Relationship": "Inner",
                                                "Parallel Aware": true,
                                                "Startup Cost": 43899.01,
                                                "Total Cost": 43899.01,
                                                "Plan Rows": 415782,
                                                "Plan Width": 4,
                                                "Actual Startup Time": 211.455,
                                                "Actual Total Time": 211.457,
                                                "Actual Rows": 279016,
                                                "Actual Loops": 6,
                                                "Output": [
                                                    "t.id"
                                                ],
                                                "Hash Buckets": 2097152,
                                                "Original Hash Buckets": 2097152,
                                                "Hash Batches": 1,
                                                "Original Hash Batches": 1,
                                                "Peak Memory Usage": 81952,
                                                "Workers": [
                                                    {
                                                        "Worker Number": 0,
                                                        "Actual Startup Time": 213.072,
                                                        "Actual Total Time": 213.073,
                                                        "Actual Rows": 267379,
                                                        "Actual Loops": 1
                                                    },
                                                    {
                                                        "Worker Number": 1,
                                                        "Actual Startup Time": 213.462,
                                                        "Actual Total Time": 213.463,
                                                        "Actual Rows": 214916,
                                                        "Actual Loops": 1
                                                    },
                                                    {
                                                        "Worker Number": 2,
                                                        "Actual Startup Time": 213.349,
                                                        "Actual Total Time": 213.35,
                                                        "Actual Rows": 281683,
                                                        "Actual Loops": 1
                                                    },
                                                    {
                                                        "Worker Number": 3,
                                                        "Actual Startup Time": 213.263,
                                                        "Actual Total Time": 213.264,
                                                        "Actual Rows": 263025,
                                                        "Actual Loops": 1
                                                    },
                                                    {
                                                        "Worker Number": 4,
                                                        "Actual Startup Time": 213.993,
                                                        "Actual Total Time": 213.994,
                                                        "Actual Rows": 279104,
                                                        "Actual Loops": 1
                                                    }
                                                ],
                                                "Plans": [
                                                    {
                                                        "Node Type": "Seq Scan",
                                                        "Parent Relationship": "Outer",
                                                        "Parallel Aware": true,
                                                        "Relation Name": "title",
                                                        "Schema": "public",
                                                        "Alias": "t",
                                                        "Startup Cost": 0.0,
                                                        "Total Cost": 43899.01,
                                                        "Plan Rows": 415782,
                                                        "Plan Width": 4,
                                                        "Actual Startup Time": 0.062,
                                                        "Actual Total Time": 83.235,
                                                        "Actual Rows": 279016,
                                                        "Actual Loops": 6,
                                                        "Output": [
                                                            "t.id"
                                                        ],
                                                        "Filter": "(t.kind_id > 3)",
                                                        "Rows Removed by Filter": 142369,
                                                        "Workers": [
                                                            {
                                                                "Worker Number": 0,
                                                                "Actual Startup Time": 0.08,
                                                                "Actual Total Time": 86.095,
                                                                "Actual Rows": 267379,
                                                                "Actual Loops": 1
                                                            },
                                                            {
                                                                "Worker Number": 1,
                                                                "Actual Startup Time": 0.073,
                                                                "Actual Total Time": 87.589,
                                                                "Actual Rows": 214916,
                                                                "Actual Loops": 1
                                                            },
                                                            {
                                                                "Worker Number": 2,
                                                                "Actual Startup Time": 0.064,
                                                                "Actual Total Time": 83.647,
                                                                "Actual Rows": 281683,
                                                                "Actual Loops": 1
                                                            },
                                                            {
                                                                "Worker Number": 3,
                                                                "Actual Startup Time": 0.066,
                                                                "Actual Total Time": 85.635,
                                                                "Actual Rows": 263025,
                                                                "Actual Loops": 1
                                                            },
                                                            {
                                                                "Worker Number": 4,
                                                                "Actual Startup Time": 0.07,
                                                                "Actual Total Time": 83.166,
                                                                "Actual Rows": 279104,
                                                                "Actual Loops": 1
                                                            }
                                                        ]
                                                    }
                                                ]
                                            }
                                        ]
                                    },
                                    {
                                        "Node Type": "Index Only Scan",
                                        "Parent Relationship": "Inner",
                                        "Parallel Aware": false,
                                        "Scan Direction": "Forward",
                                        "Index Name": "movie_id_cast_info",
                                        "Relation Name": "cast_info",
                                        "Schema": "public",
                                        "Alias": "ci",
                                        "Startup Cost": 0.56,
                                        "Total Cost": 2.15,
                                        "Plan Rows": 38,
                                        "Plan Width": 4,
                                        "Actual Startup Time": 0.006,
                                        "Actual Total Time": 0.041,
                                        "Actual Rows": 40,
                                        "Actual Loops": 75228,
                                        "Output": [
                                            "ci.movie_id"
                                        ],
                                        "Index Cond": "(ci.movie_id = t.id)",
                                        "Rows Removed by Index Recheck": 0,
                                        "Heap Fetches": 2978118,
                                        "Workers": [
                                            {
                                                "Worker Number": 0,
                                                "Actual Startup Time": 0.007,
                                                "Actual Total Time": 0.044,
                                                "Actual Rows": 38,
                                                "Actual Loops": 11734
                                            },
                                            {
                                                "Worker Number": 1,
                                                "Actual Startup Time": 0.009,
                                                "Actual Total Time": 0.06,
                                                "Actual Rows": 40,
                                                "Actual Loops": 8469
                                            },
                                            {
                                                "Worker Number": 2,
                                                "Actual Startup Time": 0.006,
                                                "Actual Total Time": 0.042,
                                                "Actual Rows": 42,
                                                "Actual Loops": 12313
                                            },
                                            {
                                                "Worker Number": 3,
                                                "Actual Startup Time": 0.007,
                                                "Actual Total Time": 0.043,
                                                "Actual Rows": 40,
                                                "Actual Loops": 11966
                                            },
                                            {
                                                "Worker Number": 4,
                                                "Actual Startup Time": 0.006,
                                                "Actual Total Time": 0.041,
                                                "Actual Rows": 40,
                                                "Actual Loops": 12681
                                            }
                                        ]
                                    }
                                ]
                            }
                        ]
                    }
                ]
            }
        ]
    },
    "Planning Time": 1.519,
    "Triggers": [],
    "Execution Time": 1226.302
}