[
  {
    "Plan": {
      "Node Type": "Aggregate",
      "Strategy": "Plain",
      "Partial Mode": "Finalize",
      "Parallel Aware": false,
      "Startup Cost": 204040.48,
      "Total Cost": 204040.49,
      "Plan Rows": 1,
      "Plan Width": 8,
      "Actual Startup Time": 273.877,
      "Actual Total Time": 284.309,
      "Actual Rows": 1,
      "Actual Loops": 1,
      "Plans": [
        {
          "Node Type": "Gather",
          "Parent Relationship": "Outer",
          "Parallel Aware": false,
          "Startup Cost": 204039.86,
          "Total Cost": 204040.47,
          "Plan Rows": 6,
          "Plan Width": 8,
          "Actual Startup Time": 273.801,
          "Actual Total Time": 284.301,
          "Actual Rows": 7,
          "Actual Loops": 1,
          "Workers Planned": 6,
          "Workers Launched": 6,
          "Single Copy": false,
          "Plans": [
            {
              "Node Type": "Aggregate",
              "Strategy": "Plain",
              "Partial Mode": "Partial",
              "Parent Relationship": "Outer",
              "Parallel Aware": false,
              "Startup Cost": 203039.86,
              "Total Cost": 203039.87,
              "Plan Rows": 1,
              "Plan Width": 8,
              "Actual Startup Time": 267.01,
              "Actual Total Time": 267.011,
              "Actual Rows": 1,
              "Actual Loops": 7,
              "Plans": [
                {
                  "Node Type": "Index Scan",
                  "Parent Relationship": "Outer",
                  "Parallel Aware": true,
                  "Scan Direction": "Forward",
                  "Index Name": "role_id_cast_info",
                  "Relation Name": "cast_info",
                  "Alias": "ci",
                  "Startup Cost": 0.56,
                  "Total Cost": 200814.65,
                  "Plan Rows": 890081,
                  "Plan Width": 0,
                  "Actual Startup Time": 0.114,
                  "Actual Total Time": 218.698,
                  "Actual Rows": 1034114,
                  "Actual Loops": 7,
                  "Index Cond": "(role_id = 2)",
                  "Rows Removed by Index Recheck": 0,
                  "Filter": "(person_id < 2671411)",
                  "Rows Removed by Filter": 30454
                }
              ]
            }
          ]
        }
      ]
    },
    "Planning Time": 0.086,
    "Triggers": [],
    "Execution Time": 284.341
  }
]