{
  "Plan": {
    "Node Type": "Aggregate",
    "Strategy": "Plain",
    "Partial Mode": "Finalize",
    "Parallel Aware": false,
    "Startup Cost": 435844.71,
    "Total Cost": 435844.72,
    "Plan Rows": 1,
    "Plan Width": 8,
    "Actual Startup Time": 1929.225,
    "Actual Total Time": 1992.739,
    "Actual Rows": 1,
    "Actual Loops": 1,
    "Plans": [
      {
        "Node Type": "Gather",
        "Parent Relationship": "Outer",
        "Parallel Aware": false,
        "Startup Cost": 435844.6,
        "Total Cost": 435844.71,
        "Plan Rows": 1,
        "Plan Width": 8,
        "Actual Startup Time": 1926.068,
        "Actual Total Time": 1992.726,
        "Actual Rows": 2,
        "Actual Loops": 1,
        "Workers Planned": 1,
        "Workers Launched": 1,
        "Single Copy": false,
        "Plans": [
          {
            "Node Type": "Aggregate",
            "Strategy": "Plain",
            "Partial Mode": "Partial",
            "Parent Relationship": "Outer",
            "Parallel Aware": false,
            "Startup Cost": 434844.6,
            "Total Cost": 434844.61,
            "Plan Rows": 1,
            "Plan Width": 8,
            "Actual Startup Time": 1920.356,
            "Actual Total Time": 1920.692,
            "Actual Rows": 1,
            "Actual Loops": 2,
            "Plans": [
              {
                "Node Type": "Hash Join",
                "Parent Relationship": "Outer",
                "Parallel Aware": true,
                "Join Type": "Inner",
                "Startup Cost": 130197.91,
                "Total Cost": 430959.34,
                "Plan Rows": 1554103,
                "Plan Width": 0,
                "Actual Startup Time": 598.645,
                "Actual Total Time": 1894.478,
                "Actual Rows": 550482,
                "Actual Loops": 2,
                "Inner Unique": false,
                "Hash Cond": "(mi.movie_id = t.id)",
                "Plans": [
                  {
                    "Node Type": "Seq Scan",
                    "Parent Relationship": "Outer",
                    "Parallel Aware": true,
                    "Relation Name": "movie_info",
                    "Alias": "mi",
                    "Startup Cost": 0.0,
                    "Total Cost": 270696.42,
                    "Plan Rows": 5579529,
                    "Plan Width": 4,
                    "Actual Startup Time": 0.017,
                    "Actual Total Time": 756.46,
                    "Actual Rows": 4782576,
                    "Actual Loops": 2,
                    "Filter": "(info_type_id < 16)",
                    "Rows Removed by Filter": 2635284
                  },
                  {
                    "Node Type": "Hash",
                    "Parent Relationship": "Inner",
                    "Parallel Aware": true,
                    "Startup Cost": 125019.81,
                    "Total Cost": 125019.81,
                    "Plan Rows": 414248,
                    "Plan Width": 8,
                    "Actual Startup Time": 588.65,
                    "Actual Total Time": 588.985,
                    "Actual Rows": 87866,
                    "Actual Loops": 2,
                    "Hash Buckets": 1048576,
                    "Original Hash Buckets": 1048576,
                    "Hash Batches": 1,
                    "Original Hash Batches": 1,
                    "Peak Memory Usage": 15104,
                    "Plans": [
                      {
                        "Node Type": "Hash Join",
                        "Parent Relationship": "Outer",
                        "Parallel Aware": true,
                        "Join Type": "Inner",
                        "Startup Cost": 62917.61,
                        "Total Cost": 125019.81,
                        "Plan Rows": 414248,
                        "Plan Width": 8,
                        "Actual Startup Time": 242.895,
                        "Actual Total Time": 568.965,
                        "Actual Rows": 87866,
                        "Actual Loops": 2,
                        "Inner Unique": true,
                        "Hash Cond": "(mk.movie_id = t.id)",
                        "Plans": [
                          {
                            "Node Type": "Seq Scan",
                            "Parent Relationship": "Outer",
                            "Parallel Aware": true,
                            "Relation Name": "movie_keyword",
                            "Alias": "mk",
                            "Startup Cost": 0.0,
                            "Total Cost": 57718.19,
                            "Plan Rows": 1670096,
                            "Plan Width": 4,
                            "Actual Startup Time": 0.015,
                            "Actual Total Time": 187.693,
                            "Actual Rows": 1416578,
                            "Actual Loops": 2,
                            "Filter": "(keyword_id < 8556)",
                            "Rows Removed by Filter": 845387
                          },
                          {
                            "Node Type": "Hash",
                            "Parent Relationship": "Inner",
                            "Parallel Aware": true,
                            "Startup Cost": 58306.47,
                            "Total Cost": 58306.47,
                            "Plan Rows": 368891,
                            "Plan Width": 4,
                            "Actual Startup Time": 237.525,
                            "Actual Total Time": 237.527,
                            "Actual Rows": 340030,
                            "Actual Loops": 2,
                            "Hash Buckets": 1048576,
                            "Original Hash Buckets": 1048576,
                            "Hash Batches": 1,
                            "Original Hash Batches": 1,
                            "Peak Memory Usage": 34848,
                            "Plans": [
                              {
                                "Node Type": "Seq Scan",
                                "Parent Relationship": "Outer",
                                "Parallel Aware": true,
                                "Relation Name": "title",
                                "Alias": "t",
                                "Startup Cost": 0.0,
                                "Total Cost": 58306.47,
                                "Plan Rows": 368891,
                                "Plan Width": 4,
                                "Actual Startup Time": 0.034,
                                "Actual Total Time": 153.256,
                                "Actual Rows": 340030,
                                "Actual Loops": 2,
                                "Filter": "((kind_id > 4) AND (production_year > 2005))",
                                "Rows Removed by Filter": 924126
                              }
                            ]
                          }
                        ]
                      }
                    ]
                  }
                ]
              }
            ]
          }
        ]
      }
    ]
  },
  "Planning Time": 0.994,
  "Triggers": [],
  "Execution Time": 1992.837
}