[
  {
    "Plan": {
      "Node Type": "Aggregate",
      "Strategy": "Plain",
      "Partial Mode": "Finalize",
      "Parallel Aware": false,
      "Startup Cost": 60843.3,
      "Total Cost": 60843.31,
      "Plan Rows": 1,
      "Plan Width": 8,
      "Actual Startup Time": 137.449,
      "Actual Total Time": 151.755,
      "Actual Rows": 1,
      "Actual Loops": 1,
      "Plans": [
        {
          "Node Type": "Gather",
          "Parent Relationship": "Outer",
          "Parallel Aware": false,
          "Startup Cost": 60842.98,
          "Total Cost": 60843.29,
          "Plan Rows": 3,
          "Plan Width": 8,
          "Actual Startup Time": 136.94,
          "Actual Total Time": 151.749,
          "Actual Rows": 4,
          "Actual Loops": 1,
          "Workers Planned": 3,
          "Workers Launched": 3,
          "Single Copy": false,
          "Plans": [
            {
              "Node Type": "Aggregate",
              "Strategy": "Plain",
              "Partial Mode": "Partial",
              "Parent Relationship": "Outer",
              "Parallel Aware": false,
              "Startup Cost": 59842.98,
              "Total Cost": 59842.99,
              "Plan Rows": 1,
              "Plan Width": 8,
              "Actual Startup Time": 128.238,
              "Actual Total Time": 128.241,
              "Actual Rows": 1,
              "Actual Loops": 4,
              "Plans": [
                {
                  "Node Type": "Nested Loop",
                  "Parent Relationship": "Outer",
                  "Parallel Aware": false,
                  "Join Type": "Inner",
                  "Startup Cost": 46266.04,
                  "Total Cost": 59834.08,
                  "Plan Rows": 3560,
                  "Plan Width": 0,
                  "Actual Startup Time": 111.724,
                  "Actual Total Time": 128.212,
                  "Actual Rows": 251,
                  "Actual Loops": 4,
                  "Inner Unique": false,
                  "Plans": [
                    {
                      "Node Type": "Hash Join",
                      "Parent Relationship": "Outer",
                      "Parallel Aware": true,
                      "Join Type": "Inner",
                      "Startup Cost": 46265.61,
                      "Total Cost": 55037.53,
                      "Plan Rows": 6522,
                      "Plan Width": 8,
                      "Actual Startup Time": 110.376,
                      "Actual Total Time": 126.02,
                      "Actual Rows": 388,
                      "Actual Loops": 4,
                      "Inner Unique": true,
                      "Hash Cond": "(ci.movie_id = t.id)",
                      "Plans": [
                        {
                          "Node Type": "Index Scan",
                          "Parent Relationship": "Outer",
                          "Parallel Aware": true,
                          "Scan Direction": "Forward",
                          "Index Name": "role_id_cast_info",
                          "Relation Name": "cast_info",
                          "Alias": "ci",
                          "Startup Cost": 0.56,
                          "Total Cost": 8600.37,
                          "Plan Rows": 65565,
                          "Plan Width": 4,
                          "Actual Startup Time": 0.166,
                          "Actual Total Time": 11.594,
                          "Actual Rows": 20557,
                          "Actual Loops": 4,
                          "Index Cond": "(role_id > 10)",
                          "Rows Removed by Index Recheck": 0,
                          "Filter": "(person_id < 2550237)",
                          "Rows Removed by Filter": 58472
                        },
                        {
                          "Node Type": "Hash",
                          "Parent Relationship": "Inner",
                          "Parallel Aware": true,
                          "Startup Cost": 45479.1,
                          "Total Cost": 45479.1,
                          "Plan Rows": 62876,
                          "Plan Width": 4,
                          "Actual Startup Time": 107.42,
                          "Actual Total Time": 107.421,
                          "Actual Rows": 32482,
                          "Actual Loops": 4,
                          "Hash Buckets": 262144,
                          "Original Hash Buckets": 262144,
                          "Hash Batches": 1,
                          "Original Hash Batches": 1,
                          "Peak Memory Usage": 7200,
                          "Plans": [
                            {
                              "Node Type": "Seq Scan",
                              "Parent Relationship": "Outer",
                              "Parallel Aware": true,
                              "Relation Name": "title",
                              "Alias": "t",
                              "Startup Cost": 0.0,
                              "Total Cost": 45479.1,
                              "Plan Rows": 62876,
                              "Plan Width": 4,
                              "Actual Startup Time": 0.041,
                              "Actual Total Time": 94.874,
                              "Actual Rows": 32482,
                              "Actual Loops": 4,
                              "Filter": "((kind_id > 1) AND (production_year < 1969))",
                              "Rows Removed by Filter": 599596
                            }
                          ]
                        }
                      ]
                    },
                    {
                      "Node Type": "Index Only Scan",
                      "Parent Relationship": "Inner",
                      "Parallel Aware": false,
                      "Scan Direction": "Forward",
                      "Index Name": "movie_id_movie_info_idx",
                      "Relation Name": "movie_info_idx",
                      "Alias": "mi_idx",
                      "Startup Cost": 0.43,
                      "Total Cost": 0.71,
                      "Plan Rows": 3,
                      "Plan Width": 4,
                      "Actual Startup Time": 0.005,
                      "Actual Total Time": 0.005,
                      "Actual Rows": 1,
                      "Actual Loops": 1554,
                      "Index Cond": "(movie_id = t.id)",
                      "Rows Removed by Index Recheck": 0,
                      "Heap Fetches": 1005
                    }
                  ]
                }
              ]
            }
          ]
        }
      ]
    },
    "Planning Time": 0.832,
    "Triggers": [],
    "Execution Time": 151.816
  }
]