{
  "Plan": {
    "Node Type": "Aggregate",
    "Strategy": "Plain",
    "Partial Mode": "Finalize",
    "Parallel Aware": false,
    "Startup Cost": 662632.12,
    "Total Cost": 662632.13,
    "Plan Rows": 1,
    "Plan Width": 8,
    "Actual Startup Time": 3960.135,
    "Actual Total Time": 4016.658,
    "Actual Rows": 1,
    "Actual Loops": 1,
    "Plans": [
      {
        "Node Type": "Gather",
        "Parent Relationship": "Outer",
        "Parallel Aware": false,
        "Startup Cost": 662632.0,
        "Total Cost": 662632.11,
        "Plan Rows": 1,
        "Plan Width": 8,
        "Actual Startup Time": 3958.608,
        "Actual Total Time": 4016.65,
        "Actual Rows": 2,
        "Actual Loops": 1,
        "Workers Planned": 1,
        "Workers Launched": 1,
        "Single Copy": false,
        "Plans": [
          {
            "Node Type": "Aggregate",
            "Strategy": "Plain",
            "Partial Mode": "Partial",
            "Parent Relationship": "Outer",
            "Parallel Aware": false,
            "Startup Cost": 661632.0,
            "Total Cost": 661632.01,
            "Plan Rows": 1,
            "Plan Width": 8,
            "Actual Startup Time": 3955.287,
            "Actual Total Time": 3955.293,
            "Actual Rows": 1,
            "Actual Loops": 2,
            "Plans": [
              {
                "Node Type": "Hash Join",
                "Parent Relationship": "Outer",
                "Parallel Aware": true,
                "Join Type": "Inner",
                "Startup Cost": 586708.96,
                "Total Cost": 660689.96,
                "Plan Rows": 376819,
                "Plan Width": 0,
                "Actual Startup Time": 3656.438,
                "Actual Total Time": 3944.784,
                "Actual Rows": 252668,
                "Actual Loops": 2,
                "Inner Unique": false,
                "Hash Cond": "(mk.movie_id = t.id)",
                "Plans": [
                  {
                    "Node Type": "Seq Scan",
                    "Parent Relationship": "Outer",
                    "Parallel Aware": true,
                    "Relation Name": "movie_keyword",
                    "Alias": "mk",
                    "Startup Cost": 0.0,
                    "Total Cost": 57718.19,
                    "Plan Rows": 1123698,
                    "Plan Width": 4,
                    "Actual Startup Time": 0.561,
                    "Actual Total Time": 169.655,
                    "Actual Rows": 958674,
                    "Actual Loops": 2,
                    "Filter": "(keyword_id > 7074)",
                    "Rows Removed by Filter": 1303291
                  },
                  {
                    "Node Type": "Hash",
                    "Parent Relationship": "Inner",
                    "Parallel Aware": true,
                    "Startup Cost": 580474.88,
                    "Total Cost": 580474.88,
                    "Plan Rows": 498726,
                    "Plan Width": 8,
                    "Actual Startup Time": 3649.781,
                    "Actual Total Time": 3649.785,
                    "Actual Rows": 416906,
                    "Actual Loops": 2,
                    "Hash Buckets": 1048576,
                    "Original Hash Buckets": 1048576,
                    "Hash Batches": 1,
                    "Original Hash Batches": 1,
                    "Peak Memory Usage": 40832,
                    "Plans": [
                      {
                        "Node Type": "Hash Join",
                        "Parent Relationship": "Outer",
                        "Parallel Aware": true,
                        "Join Type": "Inner",
                        "Startup Cost": 58741.53,
                        "Total Cost": 580474.88,
                        "Plan Rows": 498726,
                        "Plan Width": 8,
                        "Actual Startup Time": 136.272,
                        "Actual Total Time": 3518.891,
                        "Actual Rows": 416906,
                        "Actual Loops": 2,
                        "Inner Unique": true,
                        "Hash Cond": "(ci.movie_id = t.id)",
                        "Plans": [
                          {
                            "Node Type": "Seq Scan",
                            "Parent Relationship": "Outer",
                            "Parallel Aware": true,
                            "Relation Name": "cast_info",
                            "Alias": "ci",
                            "Startup Cost": 0.0,
                            "Total Cost": 465792.95,
                            "Plan Rows": 21310595,
                            "Plan Width": 4,
                            "Actual Startup Time": 0.014,
                            "Actual Total Time": 1304.367,
                            "Actual Rows": 18122172,
                            "Actual Loops": 2
                          },
                          {
                            "Node Type": "Hash",
                            "Parent Relationship": "Inner",
                            "Parallel Aware": true,
                            "Startup Cost": 58306.47,
                            "Total Cost": 58306.47,
                            "Plan Rows": 34805,
                            "Plan Width": 4,
                            "Actual Startup Time": 135.807,
                            "Actual Total Time": 135.808,
                            "Actual Rows": 31376,
                            "Actual Loops": 2,
                            "Hash Buckets": 65536,
                            "Original Hash Buckets": 65536,
                            "Hash Batches": 1,
                            "Original Hash Batches": 1,
                            "Peak Memory Usage": 3008,
                            "Plans": [
                              {
                                "Node Type": "Seq Scan",
                                "Parent Relationship": "Outer",
                                "Parallel Aware": true,
                                "Relation Name": "title",
                                "Alias": "t",
                                "Startup Cost": 0.0,
                                "Total Cost": 58306.47,
                                "Plan Rows": 34805,
                                "Plan Width": 4,
                                "Actual Startup Time": 0.02,
                                "Actual Total Time": 127.723,
                                "Actual Rows": 31376,
                                "Actual Loops": 2,
                                "Filter": "((kind_id = 7) AND (production_year = 2005))",
                                "Rows Removed by Filter": 1232780
                              }
                            ]
                          }
                        ]
                      }
                    ]
                  }
                ]
              }
            ]
          }
        ]
      }
    ]
  },
  "Planning Time": 0.58,
  "Triggers": [],
  "Execution Time": 4016.728
}