{
  "Plan": {
    "Node Type": "Aggregate",
    "Strategy": "Plain",
    "Partial Mode": "Finalize",
    "Parallel Aware": false,
    "Startup Cost": 80545.19,
    "Total Cost": 80545.2,
    "Plan Rows": 1,
    "Plan Width": 8,
    "Actual Startup Time": 155.329,
    "Actual Total Time": 166.263,
    "Actual Rows": 1,
    "Actual Loops": 1,
    "Plans": [
      {
        "Node Type": "Gather",
        "Parent Relationship": "Outer",
        "Parallel Aware": false,
        "Startup Cost": 80545.08,
        "Total Cost": 80545.19,
        "Plan Rows": 1,
        "Plan Width": 8,
        "Actual Startup Time": 155.056,
        "Actual Total Time": 166.257,
        "Actual Rows": 2,
        "Actual Loops": 1,
        "Workers Planned": 1,
        "Workers Launched": 1,
        "Single Copy": false,
        "Plans": [
          {
            "Node Type": "Aggregate",
            "Strategy": "Plain",
            "Partial Mode": "Partial",
            "Parent Relationship": "Outer",
            "Parallel Aware": false,
            "Startup Cost": 79545.08,
            "Total Cost": 79545.09,
            "Plan Rows": 1,
            "Plan Width": 8,
            "Actual Startup Time": 148.805,
            "Actual Total Time": 148.809,
            "Actual Rows": 1,
            "Actual Loops": 2,
            "Plans": [
              {
                "Node Type": "Nested Loop",
                "Parent Relationship": "Outer",
                "Parallel Aware": false,
                "Join Type": "Inner",
                "Startup Cost": 58165.96,
                "Total Cost": 79544.91,
                "Plan Rows": 68,
                "Plan Width": 0,
                "Actual Startup Time": 105.406,
                "Actual Total Time": 148.742,
                "Actual Rows": 450,
                "Actual Loops": 2,
                "Inner Unique": false,
                "Join Filter": "(t.id = mi.movie_id)",
                "Rows Removed by Join Filter": 0,
                "Plans": [
                  {
                    "Node Type": "Hash Join",
                    "Parent Relationship": "Outer",
                    "Parallel Aware": true,
                    "Join Type": "Inner",
                    "Startup Cost": 58165.52,
                    "Total Cost": 78790.38,
                    "Plan Rows": 137,
                    "Plan Width": 8,
                    "Actual Startup Time": 105.141,
                    "Actual Total Time": 133.67,
                    "Actual Rows": 462,
                    "Actual Loops": 2,
                    "Inner Unique": true,
                    "Hash Cond": "(mc.movie_id = t.id)",
                    "Plans": [
                      {
                        "Node Type": "Bitmap Heap Scan",
                        "Parent Relationship": "Outer",
                        "Parallel Aware": true,
                        "Relation Name": "movie_companies",
                        "Alias": "mc",
                        "Startup Cost": 4470.73,
                        "Total Cost": 24777.14,
                        "Plan Rows": 121313,
                        "Plan Width": 4,
                        "Actual Startup Time": 9.724,
                        "Actual Total Time": 27.973,
                        "Actual Rows": 100326,
                        "Actual Loops": 2,
                        "Recheck Cond": "(company_id > 113232)",
                        "Rows Removed by Index Recheck": 0,
                        "Exact Heap Blocks": 3264,
                        "Lossy Heap Blocks": 0,
                        "Plans": [
                          {
                            "Node Type": "Bitmap Index Scan",
                            "Parent Relationship": "Outer",
                            "Parallel Aware": false,
                            "Index Name": "company_id_movie_companies",
                            "Startup Cost": 0.0,
                            "Total Cost": 4419.17,
                            "Plan Rows": 206232,
                            "Plan Width": 0,
                            "Actual Startup Time": 9.068,
                            "Actual Total Time": 9.069,
                            "Actual Rows": 200651,
                            "Actual Loops": 1,
                            "Index Cond": "(company_id > 113232)"
                          }
                        ]
                      },
                      {
                        "Node Type": "Hash",
                        "Parent Relationship": "Inner",
                        "Parallel Aware": true,
                        "Startup Cost": 53673.82,
                        "Total Cost": 53673.82,
                        "Plan Rows": 1678,
                        "Plan Width": 4,
                        "Actual Startup Time": 94.411,
                        "Actual Total Time": 94.412,
                        "Actual Rows": 1846,
                        "Actual Loops": 2,
                        "Hash Buckets": 4096,
                        "Original Hash Buckets": 4096,
                        "Hash Batches": 1,
                        "Original Hash Batches": 1,
                        "Peak Memory Usage": 224,
                        "Plans": [
                          {
                            "Node Type": "Bitmap Heap Scan",
                            "Parent Relationship": "Outer",
                            "Parallel Aware": true,
                            "Relation Name": "title",
                            "Alias": "t",
                            "Startup Cost": 11823.56,
                            "Total Cost": 53673.82,
                            "Plan Rows": 1678,
                            "Plan Width": 4,
                            "Actual Startup Time": 37.459,
                            "Actual Total Time": 93.686,
                            "Actual Rows": 1846,
                            "Actual Loops": 2,
                            "Recheck Cond": "(kind_id = 1)",
                            "Rows Removed by Index Recheck": 0,
                            "Filter": "(production_year = 1964)",
                            "Rows Removed by Filter": 329566,
                            "Exact Heap Blocks": 9720,
                            "Lossy Heap Blocks": 0,
                            "Plans": [
                              {
                                "Node Type": "Bitmap Index Scan",
                                "Parent Relationship": "Outer",
                                "Parallel Aware": false,
                                "Index Name": "kind_id_title",
                                "Startup Cost": 0.0,
                                "Total Cost": 11822.85,
                                "Plan Rows": 663256,
                                "Plan Width": 0,
                                "Actual Startup Time": 40.305,
                                "Actual Total Time": 40.305,
                                "Actual Rows": 662825,
                                "Actual Loops": 1,
                                "Index Cond": "(kind_id = 1)"
                              }
                            ]
                          }
                        ]
                      }
                    ]
                  },
                  {
                    "Node Type": "Index Scan",
                    "Parent Relationship": "Inner",
                    "Parallel Aware": false,
                    "Scan Direction": "Forward",
                    "Index Name": "movie_id_movie_info",
                    "Relation Name": "movie_info",
                    "Alias": "mi",
                    "Startup Cost": 0.43,
                    "Total Cost": 5.46,
                    "Plan Rows": 4,
                    "Plan Width": 4,
                    "Actual Startup Time": 0.027,
                    "Actual Total Time": 0.032,
                    "Actual Rows": 1,
                    "Actual Loops": 923,
                    "Index Cond": "(movie_id = mc.movie_id)",
                    "Rows Removed by Index Recheck": 0,
                    "Filter": "(info_type_id = 2)",
                    "Rows Removed by Filter": 15
                  }
                ]
              }
            ]
          }
        ]
      }
    ]
  },
  "Planning Time": 0.923,
  "Triggers": [],
  "Execution Time": 166.401
}