[
    {
        "Bao": {
            "Bao prediction": 424.666,
            "Bao recommended hint": "(no hint)"
        }
    },
    {
        "Plan": {
            "Node Type": "Aggregate",
            "Strategy": "Plain",
            "Partial Mode": "Finalize",
            "Parallel Aware": false,
            "Startup Cost": 68980.26,
            "Total Cost": 68980.27,
            "Plan Rows": 1,
            "Plan Width": 8,
            "Actual Startup Time": 140.852,
            "Actual Total Time": 150.153,
            "Actual Rows": 1,
            "Actual Loops": 1,
            "Output": [
                "count(*)"
            ],
            "Plans": [
                {
                    "Node Type": "Gather",
                    "Parent Relationship": "Outer",
                    "Parallel Aware": false,
                    "Startup Cost": 68979.94,
                    "Total Cost": 68980.25,
                    "Plan Rows": 3,
                    "Plan Width": 8,
                    "Actual Startup Time": 140.414,
                    "Actual Total Time": 150.143,
                    "Actual Rows": 4,
                    "Actual Loops": 1,
                    "Output": [
                        "(PARTIAL count(*))"
                    ],
                    "Workers Planned": 3,
                    "Workers Launched": 3,
                    "Single Copy": false,
                    "Plans": [
                        {
                            "Node Type": "Aggregate",
                            "Strategy": "Plain",
                            "Partial Mode": "Partial",
                            "Parent Relationship": "Outer",
                            "Parallel Aware": false,
                            "Startup Cost": 67979.94,
                            "Total Cost": 67979.95,
                            "Plan Rows": 1,
                            "Plan Width": 8,
                            "Actual Startup Time": 131.472,
                            "Actual Total Time": 131.476,
                            "Actual Rows": 1,
                            "Actual Loops": 4,
                            "Output": [
                                "PARTIAL count(*)"
                            ],
                            "Workers": [
                                {
                                    "Worker Number": 0,
                                    "Actual Startup Time": 128.747,
                                    "Actual Total Time": 128.751,
                                    "Actual Rows": 1,
                                    "Actual Loops": 1
                                },
                                {
                                    "Worker Number": 1,
                                    "Actual Startup Time": 128.75,
                                    "Actual Total Time": 128.754,
                                    "Actual Rows": 1,
                                    "Actual Loops": 1
                                },
                                {
                                    "Worker Number": 2,
                                    "Actual Startup Time": 128.891,
                                    "Actual Total Time": 128.895,
                                    "Actual Rows": 1,
                                    "Actual Loops": 1
                                }
                            ],
                            "Plans": [
                                {
                                    "Node Type": "Nested Loop",
                                    "Parent Relationship": "Outer",
                                    "Parallel Aware": false,
                                    "Join Type": "Inner",
                                    "Startup Cost": 46269.64,
                                    "Total Cost": 67979.69,
                                    "Plan Rows": 101,
                                    "Plan Width": 0,
                                    "Actual Startup Time": 128.472,
                                    "Actual Total Time": 131.468,
                                    "Actual Rows": 1,
                                    "Actual Loops": 4,
                                    "Inner Unique": false,
                                    "Join Filter": "(t.id = ci.movie_id)",
                                    "Rows Removed by Join Filter": 0,
                                    "Workers": [
                                        {
                                            "Worker Number": 0,
                                            "Actual Startup Time": 126.747,
                                            "Actual Total Time": 128.743,
                                            "Actual Rows": 2,
                                            "Actual Loops": 1
                                        },
                                        {
                                            "Worker Number": 1,
                                            "Actual Startup Time": 124.674,
                                            "Actual Total Time": 128.746,
                                            "Actual Rows": 1,
                                            "Actual Loops": 1
                                        },
                                        {
                                            "Worker Number": 2,
                                            "Actual Startup Time": 122.973,
                                            "Actual Total Time": 128.886,
                                            "Actual Rows": 2,
                                            "Actual Loops": 1
                                        }
                                    ],
                                    "Plans": [
                                        {
                                            "Node Type": "Hash Join",
                                            "Parent Relationship": "Outer",
                                            "Parallel Aware": true,
                                            "Join Type": "Inner",
                                            "Startup Cost": 46269.07,
                                            "Total Cost": 65626.39,
                                            "Plan Rows": 68,
                                            "Plan Width": 8,
                                            "Actual Startup Time": 123.067,
                                            "Actual Total Time": 129.44,
                                            "Actual Rows": 38,
                                            "Actual Loops": 4,
                                            "Output": [
                                                "t.id",
                                                "mc.movie_id"
                                            ],
                                            "Inner Unique": true,
                                            "Hash Cond": "(mc.movie_id = t.id)",
                                            "Workers": [
                                                {
                                                    "Worker Number": 0,
                                                    "Actual Startup Time": 119.749,
                                                    "Actual Total Time": 126.317,
                                                    "Actual Rows": 33,
                                                    "Actual Loops": 1
                                                },
                                                {
                                                    "Worker Number": 1,
                                                    "Actual Startup Time": 120.038,
                                                    "Actual Total Time": 126.209,
                                                    "Actual Rows": 31,
                                                    "Actual Loops": 1
                                                },
                                                {
                                                    "Worker Number": 2,
                                                    "Actual Startup Time": 121.379,
                                                    "Actual Total Time": 126.811,
                                                    "Actual Rows": 22,
                                                    "Actual Loops": 1
                                                }
                                            ],
                                            "Plans": [
                                                {
                                                    "Node Type": "Bitmap Heap Scan",
                                                    "Parent Relationship": "Outer",
                                                    "Parallel Aware": true,
                                                    "Relation Name": "movie_companies",
                                                    "Schema": "public",
                                                    "Alias": "mc",
                                                    "Startup Cost": 741.05,
                                                    "Total Cost": 20069.45,
                                                    "Plan Rows": 11015,
                                                    "Plan Width": 4,
                                                    "Actual Startup Time": 4.23,
                                                    "Actual Total Time": 8.478,
                                                    "Actual Rows": 8927,
                                                    "Actual Loops": 4,
                                                    "Output": [
                                                        "mc.id",
                                                        "mc.movie_id",
                                                        "mc.company_id",
                                                        "mc.company_type_id",
                                                        "mc.note"
                                                    ],
                                                    "Recheck Cond": "(mc.company_id > 202937)",
                                                    "Rows Removed by Index Recheck": 0,
                                                    "Exact Heap Blocks": 535,
                                                    "Lossy Heap Blocks": 0,
                                                    "Workers": [
                                                        {
                                                            "Worker Number": 0,
                                                            "Actual Startup Time": 4.121,
                                                            "Actual Total Time": 8.474,
                                                            "Actual Rows": 7796,
                                                            "Actual Loops": 1
                                                        },
                                                        {
                                                            "Worker Number": 1,
                                                            "Actual Startup Time": 4.265,
                                                            "Actual Total Time": 8.411,
                                                            "Actual Rows": 7234,
                                                            "Actual Loops": 1
                                                        },
                                                        {
                                                            "Worker Number": 2,
                                                            "Actual Startup Time": 4.286,
                                                            "Actual Total Time": 8.555,
                                                            "Actual Rows": 7121,
                                                            "Actual Loops": 1
                                                        }
                                                    ],
                                                    "Plans": [
                                                        {
                                                            "Node Type": "Bitmap Index Scan",
                                                            "Parent Relationship": "Outer",
                                                            "Parallel Aware": false,
                                                            "Index Name": "company_id_movie_companies",
                                                            "Startup Cost": 0.0,
                                                            "Total Cost": 732.52,
                                                            "Plan Rows": 34145,
                                                            "Plan Width": 0,
                                                            "Actual Startup Time": 3.827,
                                                            "Actual Total Time": 3.827,
                                                            "Actual Rows": 35707,
                                                            "Actual Loops": 1,
                                                            "Index Cond": "(mc.company_id > 202937)",
                                                            "Workers": [
                                                                {
                                                                    "Worker Number": 0,
                                                                    "Actual Startup Time": 3.827,
                                                                    "Actual Total Time": 3.827,
                                                                    "Actual Rows": 35707,
                                                                    "Actual Loops": 1
                                                                }
                                                            ]
                                                        }
                                                    ]
                                                },
                                                {
                                                    "Node Type": "Hash",
                                                    "Parent Relationship": "Inner",
                                                    "Parallel Aware": true,
                                                    "Startup Cost": 45479.21,
                                                    "Total Cost": 45479.21,
                                                    "Plan Rows": 3905,
                                                    "Plan Width": 4,
                                                    "Actual Startup Time": 117.299,
                                                    "Actual Total Time": 117.3,
                                                    "Actual Rows": 14962,
                                                    "Actual Loops": 4,
                                                    "Output": [
                                                        "t.id"
                                                    ],
                                                    "Hash Buckets": 65536,
                                                    "Original Hash Buckets": 16384,
                                                    "Hash Batches": 1,
                                                    "Original Hash Batches": 1,
                                                    "Peak Memory Usage": 3296,
                                                    "Workers": [
                                                        {
                                                            "Worker Number": 0,
                                                            "Actual Startup Time": 115.212,
                                                            "Actual Total Time": 115.213,
                                                            "Actual Rows": 13440,
                                                            "Actual Loops": 1
                                                        },
                                                        {
                                                            "Worker Number": 1,
                                                            "Actual Startup Time": 115.348,
                                                            "Actual Total Time": 115.349,
                                                            "Actual Rows": 13611,
                                                            "Actual Loops": 1
                                                        },
                                                        {
                                                            "Worker Number": 2,
                                                            "Actual Startup Time": 115.474,
                                                            "Actual Total Time": 115.475,
                                                            "Actual Rows": 13389,
                                                            "Actual Loops": 1
                                                        }
                                                    ],
                                                    "Plans": [
                                                        {
                                                            "Node Type": "Seq Scan",
                                                            "Parent Relationship": "Outer",
                                                            "Parallel Aware": true,
                                                            "Relation Name": "title",
                                                            "Schema": "public",
                                                            "Alias": "t",
                                                            "Startup Cost": 0.0,
                                                            "Total Cost": 45479.21,
                                                            "Plan Rows": 3905,
                                                            "Plan Width": 4,
                                                            "Actual Startup Time": 70.974,
                                                            "Actual Total Time": 107.571,
                                                            "Actual Rows": 14962,
                                                            "Actual Loops": 4,
                                                            "Output": [
                                                                "t.id"
                                                            ],
                                                            "Filter": "((t.production_year < 1915) AND (t.kind_id = 1))",
                                                            "Rows Removed by Filter": 617116,
                                                            "Workers": [
                                                                {
                                                                    "Worker Number": 0,
                                                                    "Actual Startup Time": 68.867,
                                                                    "Actual Total Time": 105.58,
                                                                    "Actual Rows": 13440,
                                                                    "Actual Loops": 1
                                                                },
                                                                {
                                                                    "Worker Number": 1,
                                                                    "Actual Startup Time": 69.007,
                                                                    "Actual Total Time": 105.63,
                                                                    "Actual Rows": 13611,
                                                                    "Actual Loops": 1
                                                                },
                                                                {
                                                                    "Worker Number": 2,
                                                                    "Actual Startup Time": 69.141,
                                                                    "Actual Total Time": 106.006,
                                                                    "Actual Rows": 13389,
                                                                    "Actual Loops": 1
                                                                }
                                                            ]
                                                        }
                                                    ]
                                                }
                                            ]
                                        },
                                        {
                                            "Node Type": "Index Scan",
                                            "Parent Relationship": "Inner",
                                            "Parallel Aware": false,
                                            "Scan Direction": "Forward",
                                            "Index Name": "movie_id_cast_info",
                                            "Relation Name": "cast_info",
                                            "Schema": "public",
                                            "Alias": "ci",
                                            "Startup Cost": 0.56,
                                            "Total Cost": 34.56,
                                            "Plan Rows": 4,
                                            "Plan Width": 4,
                                            "Actual Startup Time": 0.051,
                                            "Actual Total Time": 0.053,
                                            "Actual Rows": 0,
                                            "Actual Loops": 150,
                                            "Output": [
                                                "ci.id",
                                                "ci.person_id",
                                                "ci.movie_id",
                                                "ci.person_role_id",
                                                "ci.note",
                                                "ci.nr_order",
                                                "ci.role_id"
                                            ],
                                            "Index Cond": "(ci.movie_id = mc.movie_id)",
                                            "Rows Removed by Index Recheck": 0,
                                            "Filter": "((ci.person_id < 1792875) AND (ci.role_id = 2))",
                                            "Rows Removed by Filter": 4,
                                            "Workers": [
                                                {
                                                    "Worker Number": 0,
                                                    "Actual Startup Time": 0.068,
                                                    "Actual Total Time": 0.072,
                                                    "Actual Rows": 0,
                                                    "Actual Loops": 33
                                                },
                                                {
                                                    "Worker Number": 1,
                                                    "Actual Startup Time": 0.079,
                                                    "Actual Total Time": 0.081,
                                                    "Actual Rows": 0,
                                                    "Actual Loops": 31
                                                },
                                                {
                                                    "Worker Number": 2,
                                                    "Actual Startup Time": 0.087,
                                                    "Actual Total Time": 0.093,
                                                    "Actual Rows": 0,
                                                    "Actual Loops": 22
                                                }
                                            ]
                                        }
                                    ]
                                }
                            ]
                        }
                    ]
                }
            ]
        },
        "Planning Time": 971.004,
        "Triggers": [],
        "Execution Time": 150.398
    }
]