[
  {
    "Plan": {
      "Node Type": "Aggregate",
      "Strategy": "Plain",
      "Partial Mode": "Finalize",
      "Parallel Aware": false,
      "Startup Cost": 349586.88,
      "Total Cost": 349586.89,
      "Plan Rows": 1,
      "Plan Width": 8,
      "Actual Startup Time": 864.489,
      "Actual Total Time": 930.849,
      "Actual Rows": 1,
      "Actual Loops": 1,
      "Plans": [
        {
          "Node Type": "Gather",
          "Parent Relationship": "Outer",
          "Parallel Aware": false,
          "Startup Cost": 349586.25,
          "Total Cost": 349586.86,
          "Plan Rows": 6,
          "Plan Width": 8,
          "Actual Startup Time": 864.356,
          "Actual Total Time": 930.839,
          "Actual Rows": 7,
          "Actual Loops": 1,
          "Workers Planned": 6,
          "Workers Launched": 6,
          "Single Copy": false,
          "Plans": [
            {
              "Node Type": "Aggregate",
              "Strategy": "Plain",
              "Partial Mode": "Partial",
              "Parent Relationship": "Outer",
              "Parallel Aware": false,
              "Startup Cost": 348586.25,
              "Total Cost": 348586.26,
              "Plan Rows": 1,
              "Plan Width": 8,
              "Actual Startup Time": 854.693,
              "Actual Total Time": 854.694,
              "Actual Rows": 1,
              "Actual Loops": 7,
              "Plans": [
                {
                  "Node Type": "Seq Scan",
                  "Parent Relationship": "Outer",
                  "Parallel Aware": true,
                  "Relation Name": "cast_info",
                  "Alias": "ci",
                  "Startup Cost": 0.0,
                  "Total Cost": 343257.03,
                  "Plan Rows": 2131689,
                  "Plan Width": 0,
                  "Actual Startup Time": 421.461,
                  "Actual Total Time": 787.996,
                  "Actual Rows": 1177728,
                  "Actual Loops": 7,
                  "Filter": "((person_id < 2890457) AND (role_id > 2))",
                  "Rows Removed by Filter": 4000036
                }
              ]
            }
          ]
        }
      ]
    },
    "Planning Time": 0.182,
    "Triggers": [],
    "Execution Time": 930.913
  }
]