[
  {
    "Plan": {
      "Node Type": "Aggregate",
      "Strategy": "Plain",
      "Partial Mode": "Finalize",
      "Parallel Aware": false,
      "Startup Cost": 376389.66,
      "Total Cost": 376389.67,
      "Plan Rows": 1,
      "Plan Width": 8,
      "Actual Startup Time": 5430.529,
      "Actual Total Time": 5519.694,
      "Actual Rows": 1,
      "Actual Loops": 1,
      "Plans": [
        {
          "Node Type": "Gather",
          "Parent Relationship": "Outer",
          "Parallel Aware": false,
          "Startup Cost": 376389.34,
          "Total Cost": 376389.65,
          "Plan Rows": 3,
          "Plan Width": 8,
          "Actual Startup Time": 5426.42,
          "Actual Total Time": 5519.678,
          "Actual Rows": 4,
          "Actual Loops": 1,
          "Workers Planned": 3,
          "Workers Launched": 3,
          "Single Copy": false,
          "Plans": [
            {
              "Node Type": "Aggregate",
              "Strategy": "Plain",
              "Partial Mode": "Partial",
              "Parent Relationship": "Outer",
              "Parallel Aware": false,
              "Startup Cost": 375389.34,
              "Total Cost": 375389.35,
              "Plan Rows": 1,
              "Plan Width": 8,
              "Actual Startup Time": 5417.712,
              "Actual Total Time": 5417.717,
              "Actual Rows": 1,
              "Actual Loops": 4,
              "Plans": [
                {
                  "Node Type": "Nested Loop",
                  "Parent Relationship": "Outer",
                  "Parallel Aware": false,
                  "Join Type": "Inner",
                  "Startup Cost": 47519.25,
                  "Total Cost": 371742.57,
                  "Plan Rows": 1458710,
                  "Plan Width": 0,
                  "Actual Startup Time": 182.786,
                  "Actual Total Time": 5105.95,
                  "Actual Rows": 6983932,
                  "Actual Loops": 4,
                  "Inner Unique": false,
                  "Join Filter": "(t.id = ci.movie_id)",
                  "Rows Removed by Join Filter": 0,
                  "Plans": [
                    {
                      "Node Type": "Hash Join",
                      "Parent Relationship": "Outer",
                      "Parallel Aware": true,
                      "Join Type": "Inner",
                      "Startup Cost": 47518.69,
                      "Total Cost": 79968.37,
                      "Plan Rows": 101740,
                      "Plan Width": 8,
                      "Actual Startup Time": 182.684,
                      "Actual Total Time": 378.653,
                      "Actual Rows": 191830,
                      "Actual Loops": 4,
                      "Inner Unique": true,
                      "Hash Cond": "(mc.movie_id = t.id)",
                      "Plans": [
                        {
                          "Node Type": "Seq Scan",
                          "Parent Relationship": "Outer",
                          "Parallel Aware": true,
                          "Relation Name": "movie_companies",
                          "Alias": "mc",
                          "Startup Cost": 0.0,
                          "Total Cost": 31414.82,
                          "Plan Rows": 394233,
                          "Plan Width": 4,
                          "Actual Startup Time": 0.011,
                          "Actual Total Time": 75.908,
                          "Actual Rows": 318562,
                          "Actual Loops": 4,
                          "Filter": "((company_id < 152923) AND (company_type_id = 1))",
                          "Rows Removed by Filter": 333721
                        },
                        {
                          "Node Type": "Hash",
                          "Parent Relationship": "Inner",
                          "Parallel Aware": true,
                          "Startup Cost": 45479.59,
                          "Total Cost": 45479.59,
                          "Plan Rows": 163128,
                          "Plan Width": 4,
                          "Actual Startup Time": 177.593,
                          "Actual Total Time": 177.594,
                          "Actual Rows": 177795,
                          "Actual Loops": 4,
                          "Hash Buckets": 1048576,
                          "Original Hash Buckets": 1048576,
                          "Hash Batches": 1,
                          "Original Hash Batches": 1,
                          "Peak Memory Usage": 36096,
                          "Plans": [
                            {
                              "Node Type": "Seq Scan",
                              "Parent Relationship": "Outer",
                              "Parallel Aware": true,
                              "Relation Name": "title",
                              "Alias": "t",
                              "Startup Cost": 0.0,
                              "Total Cost": 45479.59,
                              "Plan Rows": 163128,
                              "Plan Width": 4,
                              "Actual Startup Time": 0.043,
                              "Actual Total Time": 108.711,
                              "Actual Rows": 177795,
                              "Actual Loops": 4,
                              "Filter": "((kind_id < 7) AND (production_year < 2008))",
                              "Rows Removed by Filter": 454283
                            }
                          ]
                        }
                      ]
                    },
                    {
                      "Node Type": "Index Only Scan",
                      "Parent Relationship": "Inner",
                      "Parallel Aware": false,
                      "Scan Direction": "Forward",
                      "Index Name": "movie_id_cast_info",
                      "Relation Name": "cast_info",
                      "Alias": "ci",
                      "Startup Cost": 0.56,
                      "Total Cost": 2.43,
                      "Plan Rows": 35,
                      "Plan Width": 4,
                      "Actual Startup Time": 0.004,
                      "Actual Total Time": 0.021,
                      "Actual Rows": 36,
                      "Actual Loops": 767321,
                      "Index Cond": "(movie_id = mc.movie_id)",
                      "Rows Removed by Index Recheck": 0,
                      "Heap Fetches": 27935729
                    }
                  ]
                }
              ]
            }
          ]
        }
      ]
    },
    "Planning Time": 1.364,
    "Triggers": [],
    "Execution Time": 5519.792
  }
]