[
  {
    "Plan": {
      "Node Type": "Aggregate",
      "Strategy": "Plain",
      "Partial Mode": "Finalize",
      "Parallel Aware": false,
      "Startup Cost": 206934.43,
      "Total Cost": 206934.44,
      "Plan Rows": 1,
      "Plan Width": 8,
      "Actual Startup Time": 591.649,
      "Actual Total Time": 642.649,
      "Actual Rows": 1,
      "Actual Loops": 1,
      "Plans": [
        {
          "Node Type": "Gather",
          "Parent Relationship": "Outer",
          "Parallel Aware": false,
          "Startup Cost": 206933.9,
          "Total Cost": 206934.42,
          "Plan Rows": 5,
          "Plan Width": 8,
          "Actual Startup Time": 591.494,
          "Actual Total Time": 642.636,
          "Actual Rows": 6,
          "Actual Loops": 1,
          "Workers Planned": 5,
          "Workers Launched": 5,
          "Single Copy": false,
          "Plans": [
            {
              "Node Type": "Aggregate",
              "Strategy": "Plain",
              "Partial Mode": "Partial",
              "Parent Relationship": "Outer",
              "Parallel Aware": false,
              "Startup Cost": 205933.9,
              "Total Cost": 205933.92,
              "Plan Rows": 1,
              "Plan Width": 8,
              "Actual Startup Time": 583.494,
              "Actual Total Time": 583.496,
              "Actual Rows": 1,
              "Actual Loops": 6,
              "Plans": [
                {
                  "Node Type": "Seq Scan",
                  "Parent Relationship": "Outer",
                  "Parallel Aware": true,
                  "Relation Name": "movie_info",
                  "Alias": "mi",
                  "Startup Cost": 0.0,
                  "Total Cost": 199108.24,
                  "Plan Rows": 2730265,
                  "Plan Width": 0,
                  "Actual Startup Time": 0.053,
                  "Actual Total Time": 461.342,
                  "Actual Rows": 2275845,
                  "Actual Loops": 6,
                  "Filter": "(info_type_id < 43)",
                  "Rows Removed by Filter": 196775
                }
              ]
            }
          ]
        }
      ]
    },
    "Planning Time": 0.084,
    "Triggers": [],
    "Execution Time": 642.691
  }
]