[
  {
    "Plan": {
      "Node Type": "Aggregate",
      "Strategy": "Plain",
      "Partial Mode": "Finalize",
      "Parallel Aware": false,
      "Startup Cost": 142426.15,
      "Total Cost": 142426.16,
      "Plan Rows": 1,
      "Plan Width": 8,
      "Actual Startup Time": 1538.096,
      "Actual Total Time": 1579.166,
      "Actual Rows": 1,
      "Actual Loops": 1,
      "Plans": [
        {
          "Node Type": "Gather",
          "Parent Relationship": "Outer",
          "Parallel Aware": false,
          "Startup Cost": 142425.83,
          "Total Cost": 142426.14,
          "Plan Rows": 3,
          "Plan Width": 8,
          "Actual Startup Time": 1536.994,
          "Actual Total Time": 1579.155,
          "Actual Rows": 4,
          "Actual Loops": 1,
          "Workers Planned": 3,
          "Workers Launched": 3,
          "Single Copy": false,
          "Plans": [
            {
              "Node Type": "Aggregate",
              "Strategy": "Plain",
              "Partial Mode": "Partial",
              "Parent Relationship": "Outer",
              "Parallel Aware": false,
              "Startup Cost": 141425.83,
              "Total Cost": 141425.84,
              "Plan Rows": 1,
              "Plan Width": 8,
              "Actual Startup Time": 1527.835,
              "Actual Total Time": 1527.839,
              "Actual Rows": 1,
              "Actual Loops": 4,
              "Plans": [
                {
                  "Node Type": "Nested Loop",
                  "Parent Relationship": "Outer",
                  "Parallel Aware": false,
                  "Join Type": "Inner",
                  "Startup Cost": 45634.82,
                  "Total Cost": 141161.9,
                  "Plan Rows": 105571,
                  "Plan Width": 0,
                  "Actual Startup Time": 125.832,
                  "Actual Total Time": 1429.668,
                  "Actual Rows": 2161346,
                  "Actual Loops": 4,
                  "Inner Unique": false,
                  "Join Filter": "(t.id = mi.movie_id)",
                  "Rows Removed by Join Filter": 0,
                  "Plans": [
                    {
                      "Node Type": "Hash Join",
                      "Parent Relationship": "Outer",
                      "Parallel Aware": true,
                      "Join Type": "Inner",
                      "Startup Cost": 45634.39,
                      "Total Cost": 91926.11,
                      "Plan Rows": 26925,
                      "Plan Width": 8,
                      "Actual Startup Time": 125.748,
                      "Actual Total Time": 334.726,
                      "Actual Rows": 88930,
                      "Actual Loops": 4,
                      "Inner Unique": true,
                      "Hash Cond": "(mk.movie_id = t.id)",
                      "Plans": [
                        {
                          "Node Type": "Seq Scan",
                          "Parent Relationship": "Outer",
                          "Parallel Aware": true,
                          "Relation Name": "movie_keyword",
                          "Alias": "mk",
                          "Startup Cost": 0.0,
                          "Total Cost": 42695.65,
                          "Plan Rows": 1369928,
                          "Plan Width": 4,
                          "Actual Startup Time": 0.023,
                          "Actual Total Time": 119.281,
                          "Actual Rows": 1062695,
                          "Actual Loops": 4,
                          "Filter": "(keyword_id < 57878)",
                          "Rows Removed by Filter": 68287
                        },
                        {
                          "Node Type": "Hash",
                          "Parent Relationship": "Inner",
                          "Parallel Aware": true,
                          "Startup Cost": 45479.1,
                          "Total Cost": 45479.1,
                          "Plan Rows": 12423,
                          "Plan Width": 4,
                          "Actual Startup Time": 115.823,
                          "Actual Total Time": 115.824,
                          "Actual Rows": 36920,
                          "Actual Loops": 4,
                          "Hash Buckets": 262144,
                          "Original Hash Buckets": 65536,
                          "Hash Batches": 1,
                          "Original Hash Batches": 1,
                          "Peak Memory Usage": 9440,
                          "Plans": [
                            {
                              "Node Type": "Seq Scan",
                              "Parent Relationship": "Outer",
                              "Parallel Aware": true,
                              "Relation Name": "title",
                              "Alias": "t",
                              "Startup Cost": 0.0,
                              "Total Cost": 45479.1,
                              "Plan Rows": 12423,
                              "Plan Width": 4,
                              "Actual Startup Time": 18.469,
                              "Actual Total Time": 99.348,
                              "Actual Rows": 36920,
                              "Actual Loops": 4,
                              "Filter": "((kind_id < 4) AND (production_year < 1943))",
                              "Rows Removed by Filter": 595158
                            }
                          ]
                        }
                      ]
                    },
                    {
                      "Node Type": "Index Scan",
                      "Parent Relationship": "Inner",
                      "Parallel Aware": false,
                      "Scan Direction": "Forward",
                      "Index Name": "movie_id_movie_info",
                      "Relation Name": "movie_info",
                      "Alias": "mi",
                      "Startup Cost": 0.43,
                      "Total Cost": 1.48,
                      "Plan Rows": 28,
                      "Plan Width": 4,
                      "Actual Startup Time": 0.003,
                      "Actual Total Time": 0.01,
                      "Actual Rows": 24,
                      "Actual Loops": 355720,
                      "Index Cond": "(movie_id = mk.movie_id)",
                      "Rows Removed by Index Recheck": 0,
                      "Filter": "(info_type_id > 4)",
                      "Rows Removed by Filter": 6
                    }
                  ]
                }
              ]
            }
          ]
        }
      ]
    },
    "Planning Time": 1.454,
    "Triggers": [],
    "Execution Time": 1579.26
  }
]