[
  {
    "Plan": {
      "Node Type": "Aggregate",
      "Strategy": "Plain",
      "Partial Mode": "Finalize",
      "Parallel Aware": false,
      "Startup Cost": 25512.41,
      "Total Cost": 25512.42,
      "Plan Rows": 1,
      "Plan Width": 8,
      "Actual Startup Time": 36.934,
      "Actual Total Time": 41.749,
      "Actual Rows": 1,
      "Actual Loops": 1,
      "Plans": [
        {
          "Node Type": "Gather",
          "Parent Relationship": "Outer",
          "Parallel Aware": false,
          "Startup Cost": 25512.09,
          "Total Cost": 25512.4,
          "Plan Rows": 3,
          "Plan Width": 8,
          "Actual Startup Time": 36.787,
          "Actual Total Time": 41.742,
          "Actual Rows": 4,
          "Actual Loops": 1,
          "Workers Planned": 3,
          "Workers Launched": 3,
          "Single Copy": false,
          "Plans": [
            {
              "Node Type": "Aggregate",
              "Strategy": "Plain",
              "Partial Mode": "Partial",
              "Parent Relationship": "Outer",
              "Parallel Aware": false,
              "Startup Cost": 24512.09,
              "Total Cost": 24512.1,
              "Plan Rows": 1,
              "Plan Width": 8,
              "Actual Startup Time": 29.569,
              "Actual Total Time": 29.57,
              "Actual Rows": 1,
              "Actual Loops": 4,
              "Plans": [
                {
                  "Node Type": "Bitmap Heap Scan",
                  "Parent Relationship": "Outer",
                  "Parallel Aware": true,
                  "Relation Name": "movie_companies",
                  "Alias": "mc",
                  "Startup Cost": 4677.51,
                  "Total Cost": 24338.0,
                  "Plan Rows": 69639,
                  "Plan Width": 0,
                  "Actual Startup Time": 3.622,
                  "Actual Total Time": 26.136,
                  "Actual Rows": 53277,
                  "Actual Loops": 4,
                  "Recheck Cond": "(company_id > 109780)",
                  "Rows Removed by Index Recheck": 0,
                  "Exact Heap Blocks": 2438,
                  "Lossy Heap Blocks": 0,
                  "Plans": [
                    {
                      "Node Type": "Bitmap Index Scan",
                      "Parent Relationship": "Outer",
                      "Parallel Aware": false,
                      "Index Name": "company_id_movie_companies",
                      "Startup Cost": 0.0,
                      "Total Cost": 4623.54,
                      "Plan Rows": 215881,
                      "Plan Width": 0,
                      "Actual Startup Time": 9.034,
                      "Actual Total Time": 9.034,
                      "Actual Rows": 213107,
                      "Actual Loops": 1,
                      "Index Cond": "(company_id > 109780)"
                    }
                  ]
                }
              ]
            }
          ]
        }
      ]
    },
    "Planning Time": 0.196,
    "Triggers": [],
    "Execution Time": 41.835
  }
]