[
  {
    "Plan": {
      "Node Type": "Aggregate",
      "Strategy": "Plain",
      "Partial Mode": "Finalize",
      "Parallel Aware": false,
      "Startup Cost": 33446.76,
      "Total Cost": 33446.77,
      "Plan Rows": 1,
      "Plan Width": 8,
      "Actual Startup Time": 109.42,
      "Actual Total Time": 115.364,
      "Actual Rows": 1,
      "Actual Loops": 1,
      "Plans": [
        {
          "Node Type": "Gather",
          "Parent Relationship": "Outer",
          "Parallel Aware": false,
          "Startup Cost": 33446.44,
          "Total Cost": 33446.75,
          "Plan Rows": 3,
          "Plan Width": 8,
          "Actual Startup Time": 109.345,
          "Actual Total Time": 115.355,
          "Actual Rows": 4,
          "Actual Loops": 1,
          "Workers Planned": 3,
          "Workers Launched": 3,
          "Single Copy": false,
          "Plans": [
            {
              "Node Type": "Aggregate",
              "Strategy": "Plain",
              "Partial Mode": "Partial",
              "Parent Relationship": "Outer",
              "Parallel Aware": false,
              "Startup Cost": 32446.44,
              "Total Cost": 32446.45,
              "Plan Rows": 1,
              "Plan Width": 8,
              "Actual Startup Time": 101.342,
              "Actual Total Time": 101.344,
              "Actual Rows": 1,
              "Actual Loops": 4,
              "Plans": [
                {
                  "Node Type": "Seq Scan",
                  "Parent Relationship": "Outer",
                  "Parallel Aware": true,
                  "Relation Name": "movie_companies",
                  "Alias": "mc",
                  "Startup Cost": 0.0,
                  "Total Cost": 31414.82,
                  "Plan Rows": 412649,
                  "Plan Width": 0,
                  "Actual Startup Time": 49.588,
                  "Actual Total Time": 87.77,
                  "Actual Rows": 312392,
                  "Actual Loops": 4,
                  "Filter": "((company_id < 166643) AND (company_type_id > 1))",
                  "Rows Removed by Filter": 339890
                }
              ]
            }
          ]
        }
      ]
    },
    "Planning Time": 0.226,
    "Triggers": [],
    "Execution Time": 115.425
  }
]