[
  {
    "Plan": {
      "Node Type": "Aggregate",
      "Strategy": "Plain",
      "Partial Mode": "Finalize",
      "Parallel Aware": false,
      "Startup Cost": 32984.31,
      "Total Cost": 32984.32,
      "Plan Rows": 1,
      "Plan Width": 8,
      "Actual Startup Time": 82.298,
      "Actual Total Time": 88.131,
      "Actual Rows": 1,
      "Actual Loops": 1,
      "Plans": [
        {
          "Node Type": "Gather",
          "Parent Relationship": "Outer",
          "Parallel Aware": false,
          "Startup Cost": 32984.0,
          "Total Cost": 32984.31,
          "Plan Rows": 3,
          "Plan Width": 8,
          "Actual Startup Time": 82.187,
          "Actual Total Time": 88.124,
          "Actual Rows": 4,
          "Actual Loops": 1,
          "Workers Planned": 3,
          "Workers Launched": 3,
          "Single Copy": false,
          "Plans": [
            {
              "Node Type": "Aggregate",
              "Strategy": "Plain",
              "Partial Mode": "Partial",
              "Parent Relationship": "Outer",
              "Parallel Aware": false,
              "Startup Cost": 31984.0,
              "Total Cost": 31984.01,
              "Plan Rows": 1,
              "Plan Width": 8,
              "Actual Startup Time": 75.797,
              "Actual Total Time": 75.798,
              "Actual Rows": 1,
              "Actual Loops": 4,
              "Plans": [
                {
                  "Node Type": "Seq Scan",
                  "Parent Relationship": "Outer",
                  "Parallel Aware": true,
                  "Relation Name": "movie_companies",
                  "Alias": "mc",
                  "Startup Cost": 0.0,
                  "Total Cost": 31414.82,
                  "Plan Rows": 227671,
                  "Plan Width": 0,
                  "Actual Startup Time": 42.864,
                  "Actual Total Time": 71.361,
                  "Actual Rows": 112030,
                  "Actual Loops": 4,
                  "Filter": "((company_id < 12001) AND (company_type_id > 1))",
                  "Rows Removed by Filter": 540252
                }
              ]
            }
          ]
        }
      ]
    },
    "Planning Time": 0.14,
    "Triggers": [],
    "Execution Time": 88.171
  }
]