[
  {
    "Plan": {
      "Node Type": "Aggregate",
      "Strategy": "Plain",
      "Partial Mode": "Finalize",
      "Parallel Aware": false,
      "Startup Cost": 96273.67,
      "Total Cost": 96273.68,
      "Plan Rows": 1,
      "Plan Width": 8,
      "Actual Startup Time": 466.92,
      "Actual Total Time": 483.042,
      "Actual Rows": 1,
      "Actual Loops": 1,
      "Plans": [
        {
          "Node Type": "Gather",
          "Parent Relationship": "Outer",
          "Parallel Aware": false,
          "Startup Cost": 96273.36,
          "Total Cost": 96273.67,
          "Plan Rows": 3,
          "Plan Width": 8,
          "Actual Startup Time": 463.307,
          "Actual Total Time": 483.033,
          "Actual Rows": 4,
          "Actual Loops": 1,
          "Workers Planned": 3,
          "Workers Launched": 3,
          "Single Copy": false,
          "Plans": [
            {
              "Node Type": "Aggregate",
              "Strategy": "Plain",
              "Partial Mode": "Partial",
              "Parent Relationship": "Outer",
              "Parallel Aware": false,
              "Startup Cost": 95273.36,
              "Total Cost": 95273.37,
              "Plan Rows": 1,
              "Plan Width": 8,
              "Actual Startup Time": 453.767,
              "Actual Total Time": 453.77,
              "Actual Rows": 1,
              "Actual Loops": 4,
              "Plans": [
                {
                  "Node Type": "Hash Join",
                  "Parent Relationship": "Outer",
                  "Parallel Aware": true,
                  "Join Type": "Inner",
                  "Startup Cost": 48015.17,
                  "Total Cost": 94205.15,
                  "Plan Rows": 427284,
                  "Plan Width": 0,
                  "Actual Startup Time": 208.437,
                  "Actual Total Time": 449.426,
                  "Actual Rows": 85586,
                  "Actual Loops": 4,
                  "Inner Unique": true,
                  "Hash Cond": "(mk.movie_id = t.id)",
                  "Plans": [
                    {
                      "Node Type": "Seq Scan",
                      "Parent Relationship": "Outer",
                      "Parallel Aware": true,
                      "Relation Name": "movie_keyword",
                      "Alias": "mk",
                      "Startup Cost": 0.0,
                      "Total Cost": 42695.65,
                      "Plan Rows": 1331165,
                      "Plan Width": 4,
                      "Actual Startup Time": 0.03,
                      "Actual Total Time": 130.525,
                      "Actual Rows": 1034266,
                      "Actual Loops": 4,
                      "Filter": "(keyword_id < 44482)",
                      "Rows Removed by Filter": 96716
                    },
                    {
                      "Node Type": "Hash",
                      "Parent Relationship": "Inner",
                      "Parallel Aware": true,
                      "Startup Cost": 45479.1,
                      "Total Cost": 45479.1,
                      "Plan Rows": 202886,
                      "Plan Width": 4,
                      "Actual Startup Time": 202.93,
                      "Actual Total Time": 202.931,
                      "Actual Rows": 220486,
                      "Actual Loops": 4,
                      "Hash Buckets": 1048576,
                      "Original Hash Buckets": 1048576,
                      "Hash Batches": 1,
                      "Original Hash Batches": 1,
                      "Peak Memory Usage": 42752,
                      "Plans": [
                        {
                          "Node Type": "Seq Scan",
                          "Parent Relationship": "Outer",
                          "Parallel Aware": true,
                          "Relation Name": "title",
                          "Alias": "t",
                          "Startup Cost": 0.0,
                          "Total Cost": 45479.1,
                          "Plan Rows": 202886,
                          "Plan Width": 4,
                          "Actual Startup Time": 0.037,
                          "Actual Total Time": 118.067,
                          "Actual Rows": 220486,
                          "Actual Loops": 4,
                          "Filter": "((production_year > 2001) AND (kind_id = 7))",
                          "Rows Removed by Filter": 411592
                        }
                      ]
                    }
                  ]
                }
              ]
            }
          ]
        }
      ]
    },
    "Planning Time": 0.616,
    "Triggers": [],
    "Execution Time": 483.114
  }
]