{
    "Plan": {
        "Node Type": "Aggregate",
        "Strategy": "Plain",
        "Partial Mode": "Simple",
        "Parallel Aware": false,
        "Startup Cost": 30002567562.68,
        "Total Cost": 30002567562.69,
        "Plan Rows": 1,
        "Plan Width": 96,
        "Actual Startup Time": 4143.461,
        "Actual Total Time": 4143.471,
        "Actual Rows": 1,
        "Actual Loops": 1,
        "Output": [
            "min((lt.link)::text)",
            "min(t1.title)",
            "min(t2.title)"
        ],
        "Plans": [
            {
                "Node Type": "Hash Join",
                "Parent Relationship": "Outer",
                "Parallel Aware": false,
                "Join Type": "Inner",
                "Startup Cost": 30000580697.62,
                "Total Cost": 30002567562.61,
                "Plan Rows": 10,
                "Plan Width": 46,
                "Actual Startup Time": 2797.058,
                "Actual Total Time": 4143.336,
                "Actual Rows": 820,
                "Actual Loops": 1,
                "Output": [
                    "lt.link",
                    "t1.title",
                    "t2.title"
                ],
                "Inner Unique": true,
                "Hash Cond": "(ml.link_type_id = lt.id)",
                "Plans": [
                    {
                        "Node Type": "Nested Loop",
                        "Parent Relationship": "Outer",
                        "Parallel Aware": false,
                        "Join Type": "Inner",
                        "Startup Cost": 20000580684.99,
                        "Total Cost": 20002567549.94,
                        "Plan Rows": 10,
                        "Plan Width": 38,
                        "Actual Startup Time": 2797.003,
                        "Actual Total Time": 4143.151,
                        "Actual Rows": 820,
                        "Actual Loops": 1,
                        "Output": [
                            "ml.link_type_id",
                            "t1.title",
                            "t2.title"
                        ],
                        "Inner Unique": true,
                        "Join Filter": "(mk.keyword_id = k.id)",
                        "Rows Removed by Join Filter": 287372,
                        "Plans": [
                            {
                                "Node Type": "Hash Join",
                                "Parent Relationship": "Outer",
                                "Parallel Aware": false,
                                "Join Type": "Inner",
                                "Startup Cost": 20000580684.57,
                                "Total Cost": 20002541748.24,
                                "Plan Rows": 1363918,
                                "Plan Width": 42,
                                "Actual Startup Time": 2758.495,
                                "Actual Total Time": 4054.932,
                                "Actual Rows": 288192,
                                "Actual Loops": 1,
                                "Output": [
                                    "mk.keyword_id",
                                    "ml.link_type_id",
                                    "t1.title",
                                    "t2.title"
                                ],
                                "Inner Unique": false,
                                "Hash Cond": "(t1.id = mk.movie_id)",
                                "Plans": [
                                    {
                                        "Node Type": "Hash Join",
                                        "Parent Relationship": "Outer",
                                        "Parallel Aware": false,
                                        "Join Type": "Inner",
                                        "Startup Cost": 20000346957.98,
                                        "Total Cost": 20002262189.45,
                                        "Plan Rows": 29997,
                                        "Plan Width": 46,
                                        "Actual Startup Time": 1495.004,
                                        "Actual Total Time": 2766.197,
                                        "Actual Rows": 29997,
                                        "Actual Loops": 1,
                                        "Output": [
                                            "ml.movie_id",
                                            "ml.link_type_id",
                                            "t1.title",
                                            "t1.id",
                                            "t2.title"
                                        ],
                                        "Inner Unique": false,
                                        "Hash Cond": "(t1.id = ml.movie_id)",
                                        "Plans": [
                                            {
                                                "Node Type": "Index Scan",
                                                "Parent Relationship": "Outer",
                                                "Parallel Aware": false,
                                                "Scan Direction": "Forward",
                                                "Index Name": "title_pkey",
                                                "Relation Name": "title",
                                                "Schema": "public",
                                                "Alias": "t1",
                                                "Startup Cost": 0.43,
                                                "Total Cost": 110342.1,
                                                "Plan Rows": 2528322,
                                                "Plan Width": 21,
                                                "Actual Startup Time": 0.02,
                                                "Actual Total Time": 990.824,
                                                "Actual Rows": 2528312,
                                                "Actual Loops": 1,
                                                "Output": [
                                                    "t1.id",
                                                    "t1.title",
                                                    "t1.imdb_index",
                                                    "t1.kind_id",
                                                    "t1.production_year",
                                                    "t1.imdb_id",
                                                    "t1.phonetic_code",
                                                    "t1.episode_of_id",
                                                    "t1.season_nr",
                                                    "t1.episode_nr",
                                                    "t1.series_years",
                                                    "t1.md5sum"
                                                ]
                                            },
                                            {
                                                "Node Type": "Hash",
                                                "Parent Relationship": "Inner",
                                                "Parallel Aware": false,
                                                "Startup Cost": 20000346582.59,
                                                "Total Cost": 20000346582.59,
                                                "Plan Rows": 29997,
                                                "Plan Width": 25,
                                                "Actual Startup Time": 1494.928,
                                                "Actual Total Time": 1494.932,
                                                "Actual Rows": 29997,
                                                "Actual Loops": 1,
                                                "Output": [
                                                    "ml.movie_id",
                                                    "ml.link_type_id",
                                                    "t2.title"
                                                ],
                                                "Hash Buckets": 32768,
                                                "Original Hash Buckets": 32768,
                                                "Hash Batches": 1,
                                                "Original Hash Batches": 1,
                                                "Peak Memory Usage": 1982,
                                                "Plans": [
                                                    {
                                                        "Node Type": "Merge Join",
                                                        "Parent Relationship": "Outer",
                                                        "Parallel Aware": false,
                                                        "Join Type": "Inner",
                                                        "Startup Cost": 20000333508.52,
                                                        "Total Cost": 20000346582.59,
                                                        "Plan Rows": 29997,
                                                        "Plan Width": 25,
                                                        "Actual Startup Time": 950.001,
                                                        "Actual Total Time": 1489.02,
                                                        "Actual Rows": 29997,
                                                        "Actual Loops": 1,
                                                        "Output": [
                                                            "ml.movie_id",
                                                            "ml.link_type_id",
                                                            "t2.title"
                                                        ],
                                                        "Inner Unique": false,
                                                        "Merge Cond": "(t2.id = ml.linked_movie_id)",
                                                        "Plans": [
                                                            {
                                                                "Node Type": "Sort",
                                                                "Parent Relationship": "Outer",
                                                                "Parallel Aware": false,
                                                                "Startup Cost": 10000330165.09,
                                                                "Total Cost": 10000336485.89,
                                                                "Plan Rows": 2528322,
                                                                "Plan Width": 21,
                                                                "Actual Startup Time": 939.732,
                                                                "Actual Total Time": 1235.319,
                                                                "Actual Rows": 2524995,
                                                                "Actual Loops": 1,
                                                                "Output": [
                                                                    "t2.title",
                                                                    "t2.id"
                                                                ],
                                                                "Sort Key": [
                                                                    "t2.id"
                                                                ],
                                                                "Sort Method": "quicksort",
                                                                "Sort Space Used": 275055,
                                                                "Sort Space Type": "Memory",
                                                                "Plans": [
                                                                    {
                                                                        "Node Type": "Seq Scan",
                                                                        "Parent Relationship": "Outer",
                                                                        "Parallel Aware": false,
                                                                        "Relation Name": "title",
                                                                        "Schema": "public",
                                                                        "Alias": "t2",
                                                                        "Startup Cost": 10000000000.0,
                                                                        "Total Cost": 10000061281.22,
                                                                        "Plan Rows": 2528322,
                                                                        "Plan Width": 21,
                                                                        "Actual Startup Time": 0.015,
                                                                        "Actual Total Time": 272.809,
                                                                        "Actual Rows": 2528312,
                                                                        "Actual Loops": 1,
                                                                        "Output": [
                                                                            "t2.title",
                                                                            "t2.id"
                                                                        ]
                                                                    }
                                                                ]
                                                            },
                                                            {
                                                                "Node Type": "Sort",
                                                                "Parent Relationship": "Inner",
                                                                "Parallel Aware": false,
                                                                "Startup Cost": 10000003342.17,
                                                                "Total Cost": 10000003417.16,
                                                                "Plan Rows": 29997,
                                                                "Plan Width": 12,
                                                                "Actual Startup Time": 10.129,
                                                                "Actual Total Time": 14.21,
                                                                "Actual Rows": 29997,
                                                                "Actual Loops": 1,
                                                                "Output": [
                                                                    "ml.movie_id",
                                                                    "ml.linked_movie_id",
                                                                    "ml.link_type_id"
                                                                ],
                                                                "Sort Key": [
                                                                    "ml.linked_movie_id"
                                                                ],
                                                                "Sort Method": "quicksort",
                                                                "Sort Space Used": 2175,
                                                                "Sort Space Type": "Memory",
                                                                "Plans": [
                                                                    {
                                                                        "Node Type": "Index Scan",
                                                                        "Parent Relationship": "Outer",
                                                                        "Parallel Aware": false,
                                                                        "Scan Direction": "Forward",
                                                                        "Index Name": "movie_id_movie_link",
                                                                        "Relation Name": "movie_link",
                                                                        "Schema": "public",
                                                                        "Alias": "ml",
                                                                        "Startup Cost": 10000000000.29,
                                                                        "Total Cost": 10000001111.51,
                                                                        "Plan Rows": 29997,
                                                                        "Plan Width": 12,
                                                                        "Actual Startup Time": 0.024,
                                                                        "Actual Total Time": 4.571,
                                                                        "Actual Rows": 29997,
                                                                        "Actual Loops": 1,
                                                                        "Output": [
                                                                            "ml.movie_id",
                                                                            "ml.linked_movie_id",
                                                                            "ml.link_type_id"
                                                                        ]
                                                                    }
                                                                ]
                                                            }
                                                        ]
                                                    }
                                                ]
                                            }
                                        ]
                                    },
                                    {
                                        "Node Type": "Hash",
                                        "Parent Relationship": "Inner",
                                        "Parallel Aware": false,
                                        "Startup Cost": 177177.46,
                                        "Total Cost": 177177.46,
                                        "Plan Rows": 4523930,
                                        "Plan Width": 8,
                                        "Actual Startup Time": 1248.352,
                                        "Actual Total Time": 1248.352,
                                        "Actual Rows": 4523930,
                                        "Actual Loops": 1,
                                        "Output": [
                                            "mk.keyword_id",
                                            "mk.movie_id"
                                        ],
                                        "Hash Buckets": 8388608,
                                        "Original Hash Buckets": 8388608,
                                        "Hash Batches": 1,
                                        "Original Hash Batches": 1,
                                        "Peak Memory Usage": 242253,
                                        "Plans": [
                                            {
                                                "Node Type": "Index Scan",
                                                "Parent Relationship": "Outer",
                                                "Parallel Aware": false,
                                                "Scan Direction": "Forward",
                                                "Index Name": "movie_id_movie_keyword",
                                                "Relation Name": "movie_keyword",
                                                "Schema": "public",
                                                "Alias": "mk",
                                                "Startup Cost": 0.43,
                                                "Total Cost": 177177.46,
                                                "Plan Rows": 4523930,
                                                "Plan Width": 8,
                                                "Actual Startup Time": 0.042,
                                                "Actual Total Time": 707.787,
                                                "Actual Rows": 4523930,
                                                "Actual Loops": 1,
                                                "Output": [
                                                    "mk.keyword_id",
                                                    "mk.movie_id"
                                                ]
                                            }
                                        ]
                                    }
                                ]
                            },
                            {
                                "Node Type": "Materialize",
                                "Parent Relationship": "Inner",
                                "Parallel Aware": false,
                                "Startup Cost": 0.42,
                                "Total Cost": 5342.93,
                                "Plan Rows": 1,
                                "Plan Width": 4,
                                "Actual Startup Time": 0.0,
                                "Actual Total Time": 0.0,
                                "Actual Rows": 1,
                                "Actual Loops": 288192,
                                "Output": [
                                    "k.id"
                                ],
                                "Plans": [
                                    {
                                        "Node Type": "Index Scan",
                                        "Parent Relationship": "Outer",
                                        "Parallel Aware": false,
                                        "Scan Direction": "Forward",
                                        "Index Name": "keyword_pkey",
                                        "Relation Name": "keyword",
                                        "Schema": "public",
                                        "Alias": "k",
                                        "Startup Cost": 0.42,
                                        "Total Cost": 5342.92,
                                        "Plan Rows": 1,
                                        "Plan Width": 4,
                                        "Actual Startup Time": 0.21,
                                        "Actual Total Time": 37.164,
                                        "Actual Rows": 1,
                                        "Actual Loops": 1,
                                        "Output": [
                                            "k.id"
                                        ],
                                        "Filter": "(k.keyword = 'murder'::text)",
                                        "Rows Removed by Filter": 134169
                                    }
                                ]
                            }
                        ]
                    },
                    {
                        "Node Type": "Hash",
                        "Parent Relationship": "Inner",
                        "Parallel Aware": false,
                        "Startup Cost": 10000000012.41,
                        "Total Cost": 10000000012.41,
                        "Plan Rows": 18,
                        "Plan Width": 16,
                        "Actual Startup Time": 0.045,
                        "Actual Total Time": 0.046,
                        "Actual Rows": 18,
                        "Actual Loops": 1,
                        "Output": [
                            "lt.link",
                            "lt.id"
                        ],
                        "Hash Buckets": 1024,
                        "Original Hash Buckets": 1024,
                        "Hash Batches": 1,
                        "Original Hash Batches": 1,
                        "Peak Memory Usage": 9,
                        "Plans": [
                            {
                                "Node Type": "Index Scan",
                                "Parent Relationship": "Outer",
                                "Parallel Aware": false,
                                "Scan Direction": "Forward",
                                "Index Name": "link_type_pkey",
                                "Relation Name": "link_type",
                                "Schema": "public",
                                "Alias": "lt",
                                "Startup Cost": 10000000000.14,
                                "Total Cost": 10000000012.41,
                                "Plan Rows": 18,
                                "Plan Width": 16,
                                "Actual Startup Time": 0.016,
                                "Actual Total Time": 0.028,
                                "Actual Rows": 18,
                                "Actual Loops": 1,
                                "Output": [
                                    "lt.link",
                                    "lt.id"
                                ]
                            }
                        ]
                    }
                ]
            }
        ]
    },
    "Planning Time": 2.777,
    "Triggers": [],
    "Execution Time": 4145.378
}