[
  {
    "Plan": {
      "Node Type": "Aggregate",
      "Strategy": "Plain",
      "Partial Mode": "Finalize",
      "Parallel Aware": false,
      "Startup Cost": 36149.55,
      "Total Cost": 36149.56,
      "Plan Rows": 1,
      "Plan Width": 8,
      "Actual Startup Time": 111.746,
      "Actual Total Time": 119.505,
      "Actual Rows": 1,
      "Actual Loops": 1,
      "Plans": [
        {
          "Node Type": "Gather",
          "Parent Relationship": "Outer",
          "Parallel Aware": false,
          "Startup Cost": 36149.23,
          "Total Cost": 36149.54,
          "Plan Rows": 3,
          "Plan Width": 8,
          "Actual Startup Time": 111.527,
          "Actual Total Time": 119.496,
          "Actual Rows": 4,
          "Actual Loops": 1,
          "Workers Planned": 3,
          "Workers Launched": 3,
          "Single Copy": false,
          "Plans": [
            {
              "Node Type": "Aggregate",
              "Strategy": "Plain",
              "Partial Mode": "Partial",
              "Parent Relationship": "Outer",
              "Parallel Aware": false,
              "Startup Cost": 35149.23,
              "Total Cost": 35149.24,
              "Plan Rows": 1,
              "Plan Width": 8,
              "Actual Startup Time": 106.33,
              "Actual Total Time": 106.331,
              "Actual Rows": 1,
              "Actual Loops": 4,
              "Plans": [
                {
                  "Node Type": "Bitmap Heap Scan",
                  "Parent Relationship": "Outer",
                  "Parallel Aware": true,
                  "Relation Name": "movie_keyword",
                  "Alias": "mk",
                  "Startup Cost": 8709.27,
                  "Total Cost": 34818.24,
                  "Plan Rows": 132397,
                  "Plan Width": 0,
                  "Actual Startup Time": 35.618,
                  "Actual Total Time": 100.305,
                  "Actual Rows": 100078,
                  "Actual Loops": 4,
                  "Recheck Cond": "(keyword_id > 43322)",
                  "Rows Removed by Index Recheck": 0,
                  "Exact Heap Blocks": 10301,
                  "Lossy Heap Blocks": 0,
                  "Plans": [
                    {
                      "Node Type": "Bitmap Index Scan",
                      "Parent Relationship": "Outer",
                      "Parallel Aware": false,
                      "Index Name": "keyword_id_movie_keyword",
                      "Startup Cost": 0.0,
                      "Total Cost": 8606.67,
                      "Plan Rows": 410431,
                      "Plan Width": 0,
                      "Actual Startup Time": 36.875,
                      "Actual Total Time": 36.875,
                      "Actual Rows": 400310,
                      "Actual Loops": 1,
                      "Index Cond": "(keyword_id > 43322)"
                    }
                  ]
                }
              ]
            }
          ]
        }
      ]
    },
    "Planning Time": 0.114,
    "Triggers": [],
    "Execution Time": 119.554
  }
]