[
  {
    "Plan": {
      "Node Type": "Aggregate",
      "Strategy": "Plain",
      "Partial Mode": "Finalize",
      "Parallel Aware": false,
      "Startup Cost": 46502.03,
      "Total Cost": 46502.04,
      "Plan Rows": 1,
      "Plan Width": 8,
      "Actual Startup Time": 100.123,
      "Actual Total Time": 112.916,
      "Actual Rows": 1,
      "Actual Loops": 1,
      "Plans": [
        {
          "Node Type": "Gather",
          "Parent Relationship": "Outer",
          "Parallel Aware": false,
          "Startup Cost": 46501.61,
          "Total Cost": 46502.02,
          "Plan Rows": 4,
          "Plan Width": 8,
          "Actual Startup Time": 99.952,
          "Actual Total Time": 112.906,
          "Actual Rows": 5,
          "Actual Loops": 1,
          "Workers Planned": 4,
          "Workers Launched": 4,
          "Single Copy": false,
          "Plans": [
            {
              "Node Type": "Aggregate",
              "Strategy": "Plain",
              "Partial Mode": "Partial",
              "Parent Relationship": "Outer",
              "Parallel Aware": false,
              "Startup Cost": 45501.61,
              "Total Cost": 45501.62,
              "Plan Rows": 1,
              "Plan Width": 8,
              "Actual Startup Time": 91.883,
              "Actual Total Time": 91.884,
              "Actual Rows": 1,
              "Actual Loops": 5,
              "Plans": [
                {
                  "Node Type": "Seq Scan",
                  "Parent Relationship": "Outer",
                  "Parallel Aware": true,
                  "Relation Name": "title",
                  "Alias": "t",
                  "Startup Cost": 0.0,
                  "Total Cost": 45479.1,
                  "Plan Rows": 9005,
                  "Plan Width": 0,
                  "Actual Startup Time": 0.048,
                  "Actual Total Time": 90.877,
                  "Actual Rows": 8515,
                  "Actual Loops": 5,
                  "Filter": "((kind_id > 2) AND (production_year = 2000))",
                  "Rows Removed by Filter": 497147
                }
              ]
            }
          ]
        }
      ]
    },
    "Planning Time": 0.195,
    "Triggers": [],
    "Execution Time": 112.984
  }
]