[
    {
        "Bao": {
            "Bao prediction": "NaN",
            "Bao recommended hint": "(no hint)"
        }
    },
    {
        "Plan": {
            "Node Type": "Aggregate",
            "Strategy": "Plain",
            "Partial Mode": "Finalize",
            "Parallel Aware": false,
            "Startup Cost": 221829.91,
            "Total Cost": 221829.92,
            "Plan Rows": 1,
            "Plan Width": 8,
            "Actual Startup Time": 188.936,
            "Actual Total Time": 215.14,
            "Actual Rows": 1,
            "Actual Loops": 1,
            "Output": [
                "count(*)"
            ],
            "Plans": [
                {
                    "Node Type": "Gather",
                    "Parent Relationship": "Outer",
                    "Parallel Aware": false,
                    "Startup Cost": 221829.49,
                    "Total Cost": 221829.9,
                    "Plan Rows": 4,
                    "Plan Width": 8,
                    "Actual Startup Time": 188.793,
                    "Actual Total Time": 215.132,
                    "Actual Rows": 5,
                    "Actual Loops": 1,
                    "Output": [
                        "(PARTIAL count(*))"
                    ],
                    "Workers Planned": 4,
                    "Workers Launched": 4,
                    "Single Copy": false,
                    "Plans": [
                        {
                            "Node Type": "Aggregate",
                            "Strategy": "Plain",
                            "Partial Mode": "Partial",
                            "Parent Relationship": "Outer",
                            "Parallel Aware": false,
                            "Startup Cost": 220829.49,
                            "Total Cost": 220829.5,
                            "Plan Rows": 1,
                            "Plan Width": 8,
                            "Actual Startup Time": 179.05,
                            "Actual Total Time": 179.052,
                            "Actual Rows": 1,
                            "Actual Loops": 5,
                            "Output": [
                                "PARTIAL count(*)"
                            ],
                            "Workers": [
                                {
                                    "Worker Number": 0,
                                    "Actual Startup Time": 176.262,
                                    "Actual Total Time": 176.265,
                                    "Actual Rows": 1,
                                    "Actual Loops": 1
                                },
                                {
                                    "Worker Number": 1,
                                    "Actual Startup Time": 176.668,
                                    "Actual Total Time": 176.671,
                                    "Actual Rows": 1,
                                    "Actual Loops": 1
                                },
                                {
                                    "Worker Number": 2,
                                    "Actual Startup Time": 176.797,
                                    "Actual Total Time": 176.799,
                                    "Actual Rows": 1,
                                    "Actual Loops": 1
                                },
                                {
                                    "Worker Number": 3,
                                    "Actual Startup Time": 177.162,
                                    "Actual Total Time": 177.164,
                                    "Actual Rows": 1,
                                    "Actual Loops": 1
                                }
                            ],
                            "Plans": [
                                {
                                    "Node Type": "Nested Loop",
                                    "Parent Relationship": "Outer",
                                    "Parallel Aware": false,
                                    "Join Type": "Inner",
                                    "Startup Cost": 1.0,
                                    "Total Cost": 220808.6,
                                    "Plan Rows": 8358,
                                    "Plan Width": 0,
                                    "Actual Startup Time": 1.41,
                                    "Actual Total Time": 178.451,
                                    "Actual Rows": 7898,
                                    "Actual Loops": 5,
                                    "Inner Unique": false,
                                    "Join Filter": "(t.id = ci.movie_id)",
                                    "Rows Removed by Join Filter": 0,
                                    "Workers": [
                                        {
                                            "Worker Number": 0,
                                            "Actual Startup Time": 2.804,
                                            "Actual Total Time": 175.768,
                                            "Actual Rows": 5934,
                                            "Actual Loops": 1
                                        },
                                        {
                                            "Worker Number": 1,
                                            "Actual Startup Time": 1.264,
                                            "Actual Total Time": 176.145,
                                            "Actual Rows": 6145,
                                            "Actual Loops": 1
                                        },
                                        {
                                            "Worker Number": 2,
                                            "Actual Startup Time": 1.506,
                                            "Actual Total Time": 176.249,
                                            "Actual Rows": 6819,
                                            "Actual Loops": 1
                                        },
                                        {
                                            "Worker Number": 3,
                                            "Actual Startup Time": 1.314,
                                            "Actual Total Time": 176.624,
                                            "Actual Rows": 3987,
                                            "Actual Loops": 1
                                        }
                                    ],
                                    "Plans": [
                                        {
                                            "Node Type": "Nested Loop",
                                            "Parent Relationship": "Outer",
                                            "Parallel Aware": false,
                                            "Join Type": "Inner",
                                            "Startup Cost": 0.43,
                                            "Total Cost": 215340.04,
                                            "Plan Rows": 2826,
                                            "Plan Width": 8,
                                            "Actual Startup Time": 0.658,
                                            "Actual Total Time": 97.723,
                                            "Actual Rows": 2268,
                                            "Actual Loops": 5,
                                            "Output": [
                                                "t.id",
                                                "mi.movie_id"
                                            ],
                                            "Inner Unique": false,
                                            "Workers": [
                                                {
                                                    "Worker Number": 0,
                                                    "Actual Startup Time": 1.254,
                                                    "Actual Total Time": 91.839,
                                                    "Actual Rows": 1829,
                                                    "Actual Loops": 1
                                                },
                                                {
                                                    "Worker Number": 1,
                                                    "Actual Startup Time": 0.822,
                                                    "Actual Total Time": 93.806,
                                                    "Actual Rows": 1857,
                                                    "Actual Loops": 1
                                                },
                                                {
                                                    "Worker Number": 2,
                                                    "Actual Startup Time": 0.297,
                                                    "Actual Total Time": 92.653,
                                                    "Actual Rows": 1923,
                                                    "Actual Loops": 1
                                                },
                                                {
                                                    "Worker Number": 3,
                                                    "Actual Startup Time": 0.784,
                                                    "Actual Total Time": 92.488,
                                                    "Actual Rows": 1218,
                                                    "Actual Loops": 1
                                                }
                                            ],
                                            "Plans": [
                                                {
                                                    "Node Type": "Seq Scan",
                                                    "Parent Relationship": "Outer",
                                                    "Parallel Aware": true,
                                                    "Relation Name": "title",
                                                    "Schema": "public",
                                                    "Alias": "t",
                                                    "Startup Cost": 0.0,
                                                    "Total Cost": 43899.01,
                                                    "Plan Rows": 2381,
                                                    "Plan Width": 4,
                                                    "Actual Startup Time": 0.409,
                                                    "Actual Total Time": 56.568,
                                                    "Actual Rows": 1954,
                                                    "Actual Loops": 5,
                                                    "Output": [
                                                        "t.id",
                                                        "t.title",
                                                        "t.imdb_index",
                                                        "t.kind_id",
                                                        "t.production_year",
                                                        "t.imdb_id",
                                                        "t.phonetic_code",
                                                        "t.episode_of_id",
                                                        "t.season_nr",
                                                        "t.episode_nr",
                                                        "t.series_years",
                                                        "t.md5sum"
                                                    ],
                                                    "Filter": "(t.production_year = 1958)",
                                                    "Rows Removed by Filter": 503709,
                                                    "Workers": [
                                                        {
                                                            "Worker Number": 0,
                                                            "Actual Startup Time": 1.018,
                                                            "Actual Total Time": 47.75,
                                                            "Actual Rows": 1547,
                                                            "Actual Loops": 1
                                                        },
                                                        {
                                                            "Worker Number": 1,
                                                            "Actual Startup Time": 0.391,
                                                            "Actual Total Time": 50.363,
                                                            "Actual Rows": 1626,
                                                            "Actual Loops": 1
                                                        },
                                                        {
                                                            "Worker Number": 2,
                                                            "Actual Startup Time": 0.052,
                                                            "Actual Total Time": 49.448,
                                                            "Actual Rows": 1608,
                                                            "Actual Loops": 1
                                                        },
                                                        {
                                                            "Worker Number": 3,
                                                            "Actual Startup Time": 0.476,
                                                            "Actual Total Time": 48.668,
                                                            "Actual Rows": 1049,
                                                            "Actual Loops": 1
                                                        }
                                                    ]
                                                },
                                                {
                                                    "Node Type": "Index Scan",
                                                    "Parent Relationship": "Inner",
                                                    "Parallel Aware": false,
                                                    "Scan Direction": "Forward",
                                                    "Index Name": "movie_id_movie_info",
                                                    "Relation Name": "movie_info",
                                                    "Schema": "public",
                                                    "Alias": "mi",
                                                    "Startup Cost": 0.43,
                                                    "Total Cost": 71.92,
                                                    "Plan Rows": 8,
                                                    "Plan Width": 4,
                                                    "Actual Startup Time": 0.015,
                                                    "Actual Total Time": 0.02,
                                                    "Actual Rows": 1,
                                                    "Actual Loops": 9768,
                                                    "Output": [
                                                        "mi.id",
                                                        "mi.movie_id",
                                                        "mi.info_type_id",
                                                        "mi.info",
                                                        "mi.note"
                                                    ],
                                                    "Index Cond": "(mi.movie_id = t.id)",
                                                    "Rows Removed by Index Recheck": 0,
                                                    "Filter": "(mi.info_type_id = 16)",
                                                    "Rows Removed by Filter": 7,
                                                    "Workers": [
                                                        {
                                                            "Worker Number": 0,
                                                            "Actual Startup Time": 0.02,
                                                            "Actual Total Time": 0.028,
                                                            "Actual Rows": 1,
                                                            "Actual Loops": 1547
                                                        },
                                                        {
                                                            "Worker Number": 1,
                                                            "Actual Startup Time": 0.019,
                                                            "Actual Total Time": 0.026,
                                                            "Actual Rows": 1,
                                                            "Actual Loops": 1626
                                                        },
                                                        {
                                                            "Worker Number": 2,
                                                            "Actual Startup Time": 0.019,
                                                            "Actual Total Time": 0.026,
                                                            "Actual Rows": 1,
                                                            "Actual Loops": 1608
                                                        },
                                                        {
                                                            "Worker Number": 3,
                                                            "Actual Startup Time": 0.03,
                                                            "Actual Total Time": 0.041,
                                                            "Actual Rows": 1,
                                                            "Actual Loops": 1049
                                                        }
                                                    ]
                                                }
                                            ]
                                        },
                                        {
                                            "Node Type": "Index Scan",
                                            "Parent Relationship": "Inner",
                                            "Parallel Aware": false,
                                            "Scan Direction": "Forward",
                                            "Index Name": "movie_id_cast_info",
                                            "Relation Name": "cast_info",
                                            "Schema": "public",
                                            "Alias": "ci",
                                            "Startup Cost": 0.56,
                                            "Total Cost": 1.84,
                                            "Plan Rows": 8,
                                            "Plan Width": 4,
                                            "Actual Startup Time": 0.023,
                                            "Actual Total Time": 0.035,
                                            "Actual Rows": 3,
                                            "Actual Loops": 11340,
                                            "Output": [
                                                "ci.id",
                                                "ci.person_id",
                                                "ci.movie_id",
                                                "ci.person_role_id",
                                                "ci.note",
                                                "ci.nr_order",
                                                "ci.role_id"
                                            ],
                                            "Index Cond": "(ci.movie_id = mi.movie_id)",
                                            "Rows Removed by Index Recheck": 0,
                                            "Filter": "(ci.role_id = 2)",
                                            "Rows Removed by Filter": 16,
                                            "Workers": [
                                                {
                                                    "Worker Number": 0,
                                                    "Actual Startup Time": 0.03,
                                                    "Actual Total Time": 0.045,
                                                    "Actual Rows": 3,
                                                    "Actual Loops": 1829
                                                },
                                                {
                                                    "Worker Number": 1,
                                                    "Actual Startup Time": 0.029,
                                                    "Actual Total Time": 0.044,
                                                    "Actual Rows": 3,
                                                    "Actual Loops": 1857
                                                },
                                                {
                                                    "Worker Number": 2,
                                                    "Actual Startup Time": 0.028,
                                                    "Actual Total Time": 0.043,
                                                    "Actual Rows": 4,
                                                    "Actual Loops": 1923
                                                },
                                                {
                                                    "Worker Number": 3,
                                                    "Actual Startup Time": 0.046,
                                                    "Actual Total Time": 0.068,
                                                    "Actual Rows": 3,
                                                    "Actual Loops": 1218
                                                }
                                            ]
                                        }
                                    ]
                                }
                            ]
                        }
                    ]
                }
            ]
        },
        "Planning Time": 191.602,
        "Triggers": [],
        "Execution Time": 215.231
    }
]