{
    "Plan": {
        "Node Type": "Aggregate",
        "Strategy": "Plain",
        "Partial Mode": "Finalize",
        "Parallel Aware": false,
        "Startup Cost": 340716.66,
        "Total Cost": 340716.67,
        "Plan Rows": 1,
        "Plan Width": 8,
        "Actual Startup Time": 1139.031,
        "Actual Total Time": 1207.756,
        "Actual Rows": 1,
        "Actual Loops": 1,
        "Output": [
            "count(*)"
        ],
        "Plans": [
            {
                "Node Type": "Gather",
                "Parent Relationship": "Outer",
                "Parallel Aware": false,
                "Startup Cost": 340716.03,
                "Total Cost": 340716.64,
                "Plan Rows": 6,
                "Plan Width": 8,
                "Actual Startup Time": 1138.901,
                "Actual Total Time": 1207.743,
                "Actual Rows": 7,
                "Actual Loops": 1,
                "Output": [
                    "(PARTIAL count(*))"
                ],
                "Workers Planned": 6,
                "Workers Launched": 6,
                "Single Copy": false,
                "Plans": [
                    {
                        "Node Type": "Aggregate",
                        "Strategy": "Plain",
                        "Partial Mode": "Partial",
                        "Parent Relationship": "Outer",
                        "Parallel Aware": false,
                        "Startup Cost": 339716.03,
                        "Total Cost": 339716.04,
                        "Plan Rows": 1,
                        "Plan Width": 8,
                        "Actual Startup Time": 1128.134,
                        "Actual Total Time": 1128.136,
                        "Actual Rows": 1,
                        "Actual Loops": 7,
                        "Output": [
                            "PARTIAL count(*)"
                        ],
                        "Workers": [
                            {
                                "Worker Number": 0,
                                "Actual Startup Time": 1125.757,
                                "Actual Total Time": 1125.758,
                                "Actual Rows": 1,
                                "Actual Loops": 1
                            },
                            {
                                "Worker Number": 1,
                                "Actual Startup Time": 1126.016,
                                "Actual Total Time": 1126.017,
                                "Actual Rows": 1,
                                "Actual Loops": 1
                            },
                            {
                                "Worker Number": 2,
                                "Actual Startup Time": 1126.382,
                                "Actual Total Time": 1126.384,
                                "Actual Rows": 1,
                                "Actual Loops": 1
                            },
                            {
                                "Worker Number": 3,
                                "Actual Startup Time": 1126.402,
                                "Actual Total Time": 1126.403,
                                "Actual Rows": 1,
                                "Actual Loops": 1
                            },
                            {
                                "Worker Number": 4,
                                "Actual Startup Time": 1126.843,
                                "Actual Total Time": 1126.844,
                                "Actual Rows": 1,
                                "Actual Loops": 1
                            },
                            {
                                "Worker Number": 5,
                                "Actual Startup Time": 1127.883,
                                "Actual Total Time": 1127.885,
                                "Actual Rows": 1,
                                "Actual Loops": 1
                            }
                        ],
                        "Plans": [
                            {
                                "Node Type": "Seq Scan",
                                "Parent Relationship": "Outer",
                                "Parallel Aware": true,
                                "Relation Name": "cast_info",
                                "Schema": "public",
                                "Alias": "ci",
                                "Startup Cost": 0.0,
                                "Total Cost": 328213.62,
                                "Plan Rows": 4600966,
                                "Plan Width": 0,
                                "Actual Startup Time": 138.26,
                                "Actual Total Time": 882.257,
                                "Actual Rows": 3925418,
                                "Actual Loops": 7,
                                "Output": [
                                    "id",
                                    "person_id",
                                    "movie_id",
                                    "person_role_id",
                                    "note",
                                    "nr_order",
                                    "role_id"
                                ],
                                "Filter": "(ci.person_id > 863366)",
                                "Rows Removed by Filter": 1252346,
                                "Workers": [
                                    {
                                        "Worker Number": 0,
                                        "Actual Startup Time": 135.88,
                                        "Actual Total Time": 880.079,
                                        "Actual Rows": 3978549,
                                        "Actual Loops": 1
                                    },
                                    {
                                        "Worker Number": 1,
                                        "Actual Startup Time": 136.136,
                                        "Actual Total Time": 885.956,
                                        "Actual Rows": 3825627,
                                        "Actual Loops": 1
                                    },
                                    {
                                        "Worker Number": 2,
                                        "Actual Startup Time": 136.524,
                                        "Actual Total Time": 881.768,
                                        "Actual Rows": 3973087,
                                        "Actual Loops": 1
                                    },
                                    {
                                        "Worker Number": 3,
                                        "Actual Startup Time": 136.521,
                                        "Actual Total Time": 880.02,
                                        "Actual Rows": 3978904,
                                        "Actual Loops": 1
                                    },
                                    {
                                        "Worker Number": 4,
                                        "Actual Startup Time": 136.96,
                                        "Actual Total Time": 883.213,
                                        "Actual Rows": 3865989,
                                        "Actual Loops": 1
                                    },
                                    {
                                        "Worker Number": 5,
                                        "Actual Startup Time": 137.99,
                                        "Actual Total Time": 881.883,
                                        "Actual Rows": 3978717,
                                        "Actual Loops": 1
                                    }
                                ]
                            }
                        ]
                    }
                ]
            }
        ]
    },
    "Planning Time": 1.965,
    "Triggers": [],
    "Execution Time": 1208.115
}