[
  {
    "Plan": {
      "Node Type": "Aggregate",
      "Strategy": "Plain",
      "Partial Mode": "Finalize",
      "Parallel Aware": false,
      "Startup Cost": 218162.22,
      "Total Cost": 218162.23,
      "Plan Rows": 1,
      "Plan Width": 8,
      "Actual Startup Time": 156.602,
      "Actual Total Time": 169.45,
      "Actual Rows": 1,
      "Actual Loops": 1,
      "Plans": [
        {
          "Node Type": "Gather",
          "Parent Relationship": "Outer",
          "Parallel Aware": false,
          "Startup Cost": 218161.69,
          "Total Cost": 218162.2,
          "Plan Rows": 5,
          "Plan Width": 8,
          "Actual Startup Time": 155.466,
          "Actual Total Time": 169.443,
          "Actual Rows": 6,
          "Actual Loops": 1,
          "Workers Planned": 5,
          "Workers Launched": 5,
          "Single Copy": false,
          "Plans": [
            {
              "Node Type": "Aggregate",
              "Strategy": "Plain",
              "Partial Mode": "Partial",
              "Parent Relationship": "Outer",
              "Parallel Aware": false,
              "Startup Cost": 217161.69,
              "Total Cost": 217161.7,
              "Plan Rows": 1,
              "Plan Width": 8,
              "Actual Startup Time": 145.332,
              "Actual Total Time": 145.335,
              "Actual Rows": 1,
              "Actual Loops": 6,
              "Plans": [
                {
                  "Node Type": "Hash Join",
                  "Parent Relationship": "Outer",
                  "Parallel Aware": true,
                  "Join Type": "Inner",
                  "Startup Cost": 53610.78,
                  "Total Cost": 217145.67,
                  "Plan Rows": 6409,
                  "Plan Width": 0,
                  "Actual Startup Time": 116.107,
                  "Actual Total Time": 145.148,
                  "Actual Rows": 2315,
                  "Actual Loops": 6,
                  "Inner Unique": true,
                  "Hash Cond": "(mi.movie_id = t.id)",
                  "Plans": [
                    {
                      "Node Type": "Bitmap Heap Scan",
                      "Parent Relationship": "Outer",
                      "Parallel Aware": true,
                      "Relation Name": "movie_info",
                      "Alias": "mi",
                      "Startup Cost": 9214.73,
                      "Total Cost": 172482.02,
                      "Plan Rows": 101943,
                      "Plan Width": 4,
                      "Actual Startup Time": 17.637,
                      "Actual Total Time": 33.427,
                      "Actual Rows": 81092,
                      "Actual Loops": 6,
                      "Recheck Cond": "(info_type_id = 5)",
                      "Rows Removed by Index Recheck": 0,
                      "Exact Heap Blocks": 1145,
                      "Lossy Heap Blocks": 0,
                      "Plans": [
                        {
                          "Node Type": "Bitmap Index Scan",
                          "Parent Relationship": "Outer",
                          "Parallel Aware": false,
                          "Index Name": "info_type_id_movie_info",
                          "Startup Cost": 0.0,
                          "Total Cost": 9087.3,
                          "Plan Rows": 509716,
                          "Plan Width": 0,
                          "Actual Startup Time": 16.857,
                          "Actual Total Time": 16.857,
                          "Actual Rows": 486554,
                          "Actual Loops": 1,
                          "Index Cond": "(info_type_id = 5)"
                        }
                      ]
                    },
                    {
                      "Node Type": "Hash",
                      "Parent Relationship": "Inner",
                      "Parallel Aware": true,
                      "Startup Cost": 43899.32,
                      "Total Cost": 43899.32,
                      "Plan Rows": 39738,
                      "Plan Width": 4,
                      "Actual Startup Time": 96.083,
                      "Actual Total Time": 96.084,
                      "Actual Rows": 26670,
                      "Actual Loops": 6,
                      "Hash Buckets": 262144,
                      "Original Hash Buckets": 262144,
                      "Hash Batches": 1,
                      "Original Hash Batches": 1,
                      "Peak Memory Usage": 8352,
                      "Plans": [
                        {
                          "Node Type": "Seq Scan",
                          "Parent Relationship": "Outer",
                          "Parallel Aware": true,
                          "Relation Name": "title",
                          "Alias": "t",
                          "Startup Cost": 0.0,
                          "Total Cost": 43899.32,
                          "Plan Rows": 39738,
                          "Plan Width": 4,
                          "Actual Startup Time": 0.062,
                          "Actual Total Time": 83.066,
                          "Actual Rows": 26670,
                          "Actual Loops": 6,
                          "Filter": "(production_year = 2011)",
                          "Rows Removed by Filter": 394716
                        }
                      ]
                    }
                  ]
                }
              ]
            }
          ]
        }
      ]
    },
    "Planning Time": 0.459,
    "Triggers": [],
    "Execution Time": 169.526
  }
]