[
  {
    "Plan": {
      "Node Type": "Aggregate",
      "Strategy": "Plain",
      "Partial Mode": "Finalize",
      "Parallel Aware": false,
      "Startup Cost": 217655.66,
      "Total Cost": 217655.67,
      "Plan Rows": 1,
      "Plan Width": 8,
      "Actual Startup Time": 143.581,
      "Actual Total Time": 155.91,
      "Actual Rows": 1,
      "Actual Loops": 1,
      "Plans": [
        {
          "Node Type": "Gather",
          "Parent Relationship": "Outer",
          "Parallel Aware": false,
          "Startup Cost": 217655.14,
          "Total Cost": 217655.65,
          "Plan Rows": 5,
          "Plan Width": 8,
          "Actual Startup Time": 142.07,
          "Actual Total Time": 155.903,
          "Actual Rows": 6,
          "Actual Loops": 1,
          "Workers Planned": 5,
          "Workers Launched": 5,
          "Single Copy": false,
          "Plans": [
            {
              "Node Type": "Aggregate",
              "Strategy": "Plain",
              "Partial Mode": "Partial",
              "Parent Relationship": "Outer",
              "Parallel Aware": false,
              "Startup Cost": 216655.14,
              "Total Cost": 216655.15,
              "Plan Rows": 1,
              "Plan Width": 8,
              "Actual Startup Time": 132.098,
              "Actual Total Time": 132.101,
              "Actual Rows": 1,
              "Actual Loops": 6,
              "Plans": [
                {
                  "Node Type": "Hash Join",
                  "Parent Relationship": "Outer",
                  "Parallel Aware": true,
                  "Join Type": "Inner",
                  "Startup Cost": 53181.35,
                  "Total Cost": 216639.69,
                  "Plan Rows": 6178,
                  "Plan Width": 0,
                  "Actual Startup Time": 105.335,
                  "Actual Total Time": 131.934,
                  "Actual Rows": 2315,
                  "Actual Loops": 6,
                  "Inner Unique": true,
                  "Hash Cond": "(mi.movie_id = t.id)",
                  "Plans": [
                    {
                      "Node Type": "Bitmap Heap Scan",
                      "Parent Relationship": "Outer",
                      "Parallel Aware": true,
                      "Relation Name": "movie_info",
                      "Alias": "mi",
                      "Startup Cost": 8778.62,
                      "Total Cost": 171982.65,
                      "Plan Rows": 96882,
                      "Plan Width": 4,
                      "Actual Startup Time": 15.249,
                      "Actual Total Time": 30.159,
                      "Actual Rows": 81092,
                      "Actual Loops": 6,
                      "Recheck Cond": "(info_type_id = 5)",
                      "Rows Removed by Index Recheck": 0,
                      "Exact Heap Blocks": 1486,
                      "Lossy Heap Blocks": 0,
                      "Plans": [
                        {
                          "Node Type": "Bitmap Index Scan",
                          "Parent Relationship": "Outer",
                          "Parallel Aware": false,
                          "Index Name": "info_type_id_movie_info",
                          "Startup Cost": 0.0,
                          "Total Cost": 8657.52,
                          "Plan Rows": 484411,
                          "Plan Width": 0,
                          "Actual Startup Time": 14.506,
                          "Actual Total Time": 14.507,
                          "Actual Rows": 486554,
                          "Actual Loops": 1,
                          "Index Cond": "(info_type_id = 5)"
                        }
                      ]
                    },
                    {
                      "Node Type": "Hash",
                      "Parent Relationship": "Inner",
                      "Parallel Aware": true,
                      "Startup Cost": 43898.92,
                      "Total Cost": 43898.92,
                      "Plan Rows": 40305,
                      "Plan Width": 4,
                      "Actual Startup Time": 87.821,
                      "Actual Total Time": 87.822,
                      "Actual Rows": 26670,
                      "Actual Loops": 6,
                      "Hash Buckets": 262144,
                      "Original Hash Buckets": 262144,
                      "Hash Batches": 1,
                      "Original Hash Batches": 1,
                      "Peak Memory Usage": 8384,
                      "Plans": [
                        {
                          "Node Type": "Seq Scan",
                          "Parent Relationship": "Outer",
                          "Parallel Aware": true,
                          "Relation Name": "title",
                          "Alias": "t",
                          "Startup Cost": 0.0,
                          "Total Cost": 43898.92,
                          "Plan Rows": 40305,
                          "Plan Width": 4,
                          "Actual Startup Time": 0.044,
                          "Actual Total Time": 76.251,
                          "Actual Rows": 26670,
                          "Actual Loops": 6,
                          "Filter": "(production_year = 2011)",
                          "Rows Removed by Filter": 394716
                        }
                      ]
                    }
                  ]
                }
              ]
            }
          ]
        }
      ]
    },
    "Planning Time": 0.662,
    "Triggers": [],
    "Execution Time": 156.026
  }
]