{
    "Plan": {
        "Node Type": "Aggregate",
        "Strategy": "Plain",
        "Partial Mode": "Finalize",
        "Parallel Aware": false,
        "Startup Cost": 250395.74,
        "Total Cost": 250395.75,
        "Plan Rows": 1,
        "Plan Width": 8,
        "Actual Startup Time": 599.039,
        "Actual Total Time": 640.3,
        "Actual Rows": 1,
        "Actual Loops": 1,
        "Output": [
            "count(*)"
        ],
        "Plans": [
            {
                "Node Type": "Gather",
                "Parent Relationship": "Outer",
                "Parallel Aware": false,
                "Startup Cost": 250395.22,
                "Total Cost": 250395.73,
                "Plan Rows": 5,
                "Plan Width": 8,
                "Actual Startup Time": 586.984,
                "Actual Total Time": 640.29,
                "Actual Rows": 6,
                "Actual Loops": 1,
                "Output": [
                    "(PARTIAL count(*))"
                ],
                "Workers Planned": 5,
                "Workers Launched": 5,
                "Single Copy": false,
                "Plans": [
                    {
                        "Node Type": "Aggregate",
                        "Strategy": "Plain",
                        "Partial Mode": "Partial",
                        "Parent Relationship": "Outer",
                        "Parallel Aware": false,
                        "Startup Cost": 249395.22,
                        "Total Cost": 249395.23,
                        "Plan Rows": 1,
                        "Plan Width": 8,
                        "Actual Startup Time": 572.923,
                        "Actual Total Time": 572.926,
                        "Actual Rows": 1,
                        "Actual Loops": 6,
                        "Output": [
                            "PARTIAL count(*)"
                        ],
                        "Workers": [
                            {
                                "Worker Number": 0,
                                "Actual Startup Time": 571.263,
                                "Actual Total Time": 571.266,
                                "Actual Rows": 1,
                                "Actual Loops": 1
                            },
                            {
                                "Worker Number": 1,
                                "Actual Startup Time": 569.954,
                                "Actual Total Time": 569.956,
                                "Actual Rows": 1,
                                "Actual Loops": 1
                            },
                            {
                                "Worker Number": 2,
                                "Actual Startup Time": 569.961,
                                "Actual Total Time": 569.964,
                                "Actual Rows": 1,
                                "Actual Loops": 1
                            },
                            {
                                "Worker Number": 3,
                                "Actual Startup Time": 570.221,
                                "Actual Total Time": 570.224,
                                "Actual Rows": 1,
                                "Actual Loops": 1
                            },
                            {
                                "Worker Number": 4,
                                "Actual Startup Time": 570.035,
                                "Actual Total Time": 570.038,
                                "Actual Rows": 1,
                                "Actual Loops": 1
                            }
                        ],
                        "Plans": [
                            {
                                "Node Type": "Hash Join",
                                "Parent Relationship": "Outer",
                                "Parallel Aware": true,
                                "Join Type": "Inner",
                                "Startup Cost": 48978.42,
                                "Total Cost": 248939.53,
                                "Plan Rows": 182277,
                                "Plan Width": 0,
                                "Actual Startup Time": 207.995,
                                "Actual Total Time": 570.638,
                                "Actual Rows": 57292,
                                "Actual Loops": 6,
                                "Inner Unique": true,
                                "Hash Cond": "(mi.movie_id = t.id)",
                                "Workers": [
                                    {
                                        "Worker Number": 0,
                                        "Actual Startup Time": 205.604,
                                        "Actual Total Time": 569.15,
                                        "Actual Rows": 53708,
                                        "Actual Loops": 1
                                    },
                                    {
                                        "Worker Number": 1,
                                        "Actual Startup Time": 205.181,
                                        "Actual Total Time": 567.645,
                                        "Actual Rows": 58794,
                                        "Actual Loops": 1
                                    },
                                    {
                                        "Worker Number": 2,
                                        "Actual Startup Time": 205.17,
                                        "Actual Total Time": 567.642,
                                        "Actual Rows": 58867,
                                        "Actual Loops": 1
                                    },
                                    {
                                        "Worker Number": 3,
                                        "Actual Startup Time": 205.424,
                                        "Actual Total Time": 568.24,
                                        "Actual Rows": 49924,
                                        "Actual Loops": 1
                                    },
                                    {
                                        "Worker Number": 4,
                                        "Actual Startup Time": 205.245,
                                        "Actual Total Time": 567.69,
                                        "Actual Rows": 58962,
                                        "Actual Loops": 1
                                    }
                                ],
                                "Plans": [
                                    {
                                        "Node Type": "Seq Scan",
                                        "Parent Relationship": "Outer",
                                        "Parallel Aware": true,
                                        "Relation Name": "movie_info",
                                        "Schema": "public",
                                        "Alias": "mi",
                                        "Startup Cost": 0.0,
                                        "Total Cost": 198880.74,
                                        "Plan Rows": 411570,
                                        "Plan Width": 4,
                                        "Actual Startup Time": 27.665,
                                        "Actual Total Time": 287.147,
                                        "Actual Rows": 348511,
                                        "Actual Loops": 6,
                                        "Output": [
                                            "mi.id",
                                            "mi.movie_id",
                                            "mi.info_type_id",
                                            "mi.info",
                                            "mi.note"
                                        ],
                                        "Filter": "(mi.info_type_id < 3)",
                                        "Rows Removed by Filter": 2124109,
                                        "Workers": [
                                            {
                                                "Worker Number": 0,
                                                "Actual Startup Time": 27.732,
                                                "Actual Total Time": 286.939,
                                                "Actual Rows": 317119,
                                                "Actual Loops": 1
                                            },
                                            {
                                                "Worker Number": 1,
                                                "Actual Startup Time": 27.748,
                                                "Actual Total Time": 288.5,
                                                "Actual Rows": 353008,
                                                "Actual Loops": 1
                                            },
                                            {
                                                "Worker Number": 2,
                                                "Actual Startup Time": 27.59,
                                                "Actual Total Time": 288.42,
                                                "Actual Rows": 353928,
                                                "Actual Loops": 1
                                            },
                                            {
                                                "Worker Number": 3,
                                                "Actual Startup Time": 27.614,
                                                "Actual Total Time": 286.558,
                                                "Actual Rows": 317385,
                                                "Actual Loops": 1
                                            },
                                            {
                                                "Worker Number": 4,
                                                "Actual Startup Time": 27.568,
                                                "Actual Total Time": 288.647,
                                                "Actual Rows": 358410,
                                                "Actual Loops": 1
                                            }
                                        ]
                                    },
                                    {
                                        "Node Type": "Hash",
                                        "Parent Relationship": "Inner",
                                        "Parallel Aware": true,
                                        "Startup Cost": 45479.21,
                                        "Total Cost": 45479.21,
                                        "Plan Rows": 279937,
                                        "Plan Width": 4,
                                        "Actual Startup Time": 174.76,
                                        "Actual Total Time": 174.761,
                                        "Actual Rows": 204112,
                                        "Actual Loops": 6,
                                        "Output": [
                                            "t.id"
                                        ],
                                        "Hash Buckets": 2097152,
                                        "Original Hash Buckets": 2097152,
                                        "Hash Batches": 1,
                                        "Original Hash Batches": 1,
                                        "Peak Memory Usage": 64384,
                                        "Workers": [
                                            {
                                                "Worker Number": 0,
                                                "Actual Startup Time": 177.293,
                                                "Actual Total Time": 177.294,
                                                "Actual Rows": 179133,
                                                "Actual Loops": 1
                                            },
                                            {
                                                "Worker Number": 1,
                                                "Actual Startup Time": 176.81,
                                                "Actual Total Time": 176.81,
                                                "Actual Rows": 188428,
                                                "Actual Loops": 1
                                            },
                                            {
                                                "Worker Number": 2,
                                                "Actual Startup Time": 176.769,
                                                "Actual Total Time": 176.77,
                                                "Actual Rows": 193972,
                                                "Actual Loops": 1
                                            },
                                            {
                                                "Worker Number": 3,
                                                "Actual Startup Time": 177.13,
                                                "Actual Total Time": 177.131,
                                                "Actual Rows": 176490,
                                                "Actual Loops": 1
                                            },
                                            {
                                                "Worker Number": 4,
                                                "Actual Startup Time": 176.874,
                                                "Actual Total Time": 176.875,
                                                "Actual Rows": 195143,
                                                "Actual Loops": 1
                                            }
                                        ],
                                        "Plans": [
                                            {
                                                "Node Type": "Seq Scan",
                                                "Parent Relationship": "Outer",
                                                "Parallel Aware": true,
                                                "Relation Name": "title",
                                                "Schema": "public",
                                                "Alias": "t",
                                                "Startup Cost": 0.0,
                                                "Total Cost": 45479.21,
                                                "Plan Rows": 279937,
                                                "Plan Width": 4,
                                                "Actual Startup Time": 0.061,
                                                "Actual Total Time": 79.473,
                                                "Actual Rows": 204112,
                                                "Actual Loops": 6,
                                                "Output": [
                                                    "t.id"
                                                ],
                                                "Filter": "((t.production_year > 1985) AND (t.kind_id = 7))",
                                                "Rows Removed by Filter": 217273,
                                                "Workers": [
                                                    {
                                                        "Worker Number": 0,
                                                        "Actual Startup Time": 0.07,
                                                        "Actual Total Time": 80.26,
                                                        "Actual Rows": 179133,
                                                        "Actual Loops": 1
                                                    },
                                                    {
                                                        "Worker Number": 1,
                                                        "Actual Startup Time": 0.075,
                                                        "Actual Total Time": 81.478,
                                                        "Actual Rows": 188428,
                                                        "Actual Loops": 1
                                                    },
                                                    {
                                                        "Worker Number": 2,
                                                        "Actual Startup Time": 0.064,
                                                        "Actual Total Time": 81.161,
                                                        "Actual Rows": 193972,
                                                        "Actual Loops": 1
                                                    },
                                                    {
                                                        "Worker Number": 3,
                                                        "Actual Startup Time": 0.07,
                                                        "Actual Total Time": 79.888,
                                                        "Actual Rows": 176490,
                                                        "Actual Loops": 1
                                                    },
                                                    {
                                                        "Worker Number": 4,
                                                        "Actual Startup Time": 0.073,
                                                        "Actual Total Time": 82.567,
                                                        "Actual Rows": 195143,
                                                        "Actual Loops": 1
                                                    }
                                                ]
                                            }
                                        ]
                                    }
                                ]
                            }
                        ]
                    }
                ]
            }
        ]
    },
    "Planning Time": 0.75,
    "Triggers": [],
    "Execution Time": 640.383
}