[
  {
    "Plan": {
      "Node Type": "Aggregate",
      "Strategy": "Plain",
      "Partial Mode": "Finalize",
      "Parallel Aware": false,
      "Startup Cost": 46635.38,
      "Total Cost": 46635.39,
      "Plan Rows": 1,
      "Plan Width": 8,
      "Actual Startup Time": 92.099,
      "Actual Total Time": 104.209,
      "Actual Rows": 1,
      "Actual Loops": 1,
      "Plans": [
        {
          "Node Type": "Gather",
          "Parent Relationship": "Outer",
          "Parallel Aware": false,
          "Startup Cost": 46634.96,
          "Total Cost": 46635.37,
          "Plan Rows": 4,
          "Plan Width": 8,
          "Actual Startup Time": 91.89,
          "Actual Total Time": 104.201,
          "Actual Rows": 5,
          "Actual Loops": 1,
          "Workers Planned": 4,
          "Workers Launched": 4,
          "Single Copy": false,
          "Plans": [
            {
              "Node Type": "Aggregate",
              "Strategy": "Plain",
              "Partial Mode": "Partial",
              "Parent Relationship": "Outer",
              "Parallel Aware": false,
              "Startup Cost": 45634.96,
              "Total Cost": 45634.97,
              "Plan Rows": 1,
              "Plan Width": 8,
              "Actual Startup Time": 85.538,
              "Actual Total Time": 85.54,
              "Actual Rows": 1,
              "Actual Loops": 5,
              "Plans": [
                {
                  "Node Type": "Seq Scan",
                  "Parent Relationship": "Outer",
                  "Parallel Aware": true,
                  "Relation Name": "title",
                  "Alias": "t",
                  "Startup Cost": 0.0,
                  "Total Cost": 45479.59,
                  "Plan Rows": 62149,
                  "Plan Width": 0,
                  "Actual Startup Time": 0.043,
                  "Actual Total Time": 81.522,
                  "Actual Rows": 75705,
                  "Actual Loops": 5,
                  "Filter": "((kind_id < 3) AND (production_year < 1996))",
                  "Rows Removed by Filter": 429957
                }
              ]
            }
          ]
        }
      ]
    },
    "Planning Time": 0.09,
    "Triggers": [],
    "Execution Time": 104.241
  }
]