{
  "Plan": {
    "Node Type": "Aggregate",
    "Strategy": "Plain",
    "Partial Mode": "Finalize",
    "Parallel Aware": false,
    "Startup Cost": 129089.07,
    "Total Cost": 129089.08,
    "Plan Rows": 1,
    "Plan Width": 8,
    "Actual Startup Time": 750.697,
    "Actual Total Time": 767.803,
    "Actual Rows": 1,
    "Actual Loops": 1,
    "Plans": [
      {
        "Node Type": "Gather",
        "Parent Relationship": "Outer",
        "Parallel Aware": false,
        "Startup Cost": 129088.96,
        "Total Cost": 129089.07,
        "Plan Rows": 1,
        "Plan Width": 8,
        "Actual Startup Time": 747.255,
        "Actual Total Time": 767.797,
        "Actual Rows": 2,
        "Actual Loops": 1,
        "Workers Planned": 1,
        "Workers Launched": 1,
        "Single Copy": false,
        "Plans": [
          {
            "Node Type": "Aggregate",
            "Strategy": "Plain",
            "Partial Mode": "Partial",
            "Parent Relationship": "Outer",
            "Parallel Aware": false,
            "Startup Cost": 128088.96,
            "Total Cost": 128088.97,
            "Plan Rows": 1,
            "Plan Width": 8,
            "Actual Startup Time": 739.151,
            "Actual Total Time": 739.155,
            "Actual Rows": 1,
            "Actual Loops": 2,
            "Plans": [
              {
                "Node Type": "Hash Join",
                "Parent Relationship": "Outer",
                "Parallel Aware": true,
                "Join Type": "Inner",
                "Startup Cost": 92278.7,
                "Total Cost": 126870.4,
                "Plan Rows": 487424,
                "Plan Width": 0,
                "Actual Startup Time": 490.938,
                "Actual Total Time": 723.05,
                "Actual Rows": 376795,
                "Actual Loops": 2,
                "Inner Unique": true,
                "Hash Cond": "(mk.movie_id = t.id)",
                "Plans": [
                  {
                    "Node Type": "Bitmap Heap Scan",
                    "Parent Relationship": "Outer",
                    "Parallel Aware": true,
                    "Relation Name": "movie_keyword",
                    "Alias": "mk",
                    "Startup Cost": 24171.12,
                    "Total Cost": 57003.39,
                    "Plan Rows": 670261,
                    "Plan Width": 4,
                    "Actual Startup Time": 68.776,
                    "Actual Total Time": 167.45,
                    "Actual Rows": 576574,
                    "Actual Loops": 2,
                    "Recheck Cond": "(keyword_id < 1326)",
                    "Rows Removed by Index Recheck": 0,
                    "Exact Heap Blocks": 13197,
                    "Lossy Heap Blocks": 0,
                    "Plans": [
                      {
                        "Node Type": "Bitmap Index Scan",
                        "Parent Relationship": "Outer",
                        "Parallel Aware": false,
                        "Index Name": "keyword_id_movie_keyword",
                        "Startup Cost": 0.0,
                        "Total Cost": 23886.26,
                        "Plan Rows": 1139444,
                        "Plan Width": 0,
                        "Actual Startup Time": 65.021,
                        "Actual Total Time": 65.022,
                        "Actual Rows": 1153148,
                        "Actual Loops": 1,
                        "Index Cond": "(keyword_id < 1326)"
                      }
                    ]
                  },
                  {
                    "Node Type": "Hash",
                    "Parent Relationship": "Inner",
                    "Parallel Aware": true,
                    "Startup Cost": 54588.39,
                    "Total Cost": 54588.39,
                    "Plan Rows": 1081535,
                    "Plan Width": 4,
                    "Actual Startup Time": 407.971,
                    "Actual Total Time": 407.971,
                    "Actual Rows": 916684,
                    "Actual Loops": 2,
                    "Hash Buckets": 2097152,
                    "Original Hash Buckets": 2097152,
                    "Hash Batches": 1,
                    "Original Hash Batches": 1,
                    "Peak Memory Usage": 88128,
                    "Plans": [
                      {
                        "Node Type": "Seq Scan",
                        "Parent Relationship": "Outer",
                        "Parallel Aware": true,
                        "Relation Name": "title",
                        "Alias": "t",
                        "Startup Cost": 0.0,
                        "Total Cost": 54588.39,
                        "Plan Rows": 1081535,
                        "Plan Width": 4,
                        "Actual Startup Time": 0.031,
                        "Actual Total Time": 171.972,
                        "Actual Rows": 916684,
                        "Actual Loops": 2,
                        "Filter": "(production_year > 1986)",
                        "Rows Removed by Filter": 347472
                      }
                    ]
                  }
                ]
              }
            ]
          }
        ]
      }
    ]
  },
  "Planning Time": 0.665,
  "Triggers": [],
  "Execution Time": 767.893
}