[
    {
        "Bao": {
            "Bao prediction": "NaN",
            "Bao recommended hint": "(no hint)"
        }
    },
    {
        "Plan": {
            "Node Type": "Aggregate",
            "Strategy": "Plain",
            "Partial Mode": "Finalize",
            "Parallel Aware": false,
            "Startup Cost": 220217.53,
            "Total Cost": 220217.54,
            "Plan Rows": 1,
            "Plan Width": 8,
            "Actual Startup Time": 1599.821,
            "Actual Total Time": 1638.491,
            "Actual Rows": 1,
            "Actual Loops": 1,
            "Output": [
                "count(*)"
            ],
            "Plans": [
                {
                    "Node Type": "Gather",
                    "Parent Relationship": "Outer",
                    "Parallel Aware": false,
                    "Startup Cost": 220217.22,
                    "Total Cost": 220217.53,
                    "Plan Rows": 3,
                    "Plan Width": 8,
                    "Actual Startup Time": 1592.298,
                    "Actual Total Time": 1638.478,
                    "Actual Rows": 4,
                    "Actual Loops": 1,
                    "Output": [
                        "(PARTIAL count(*))"
                    ],
                    "Workers Planned": 3,
                    "Workers Launched": 3,
                    "Single Copy": false,
                    "Plans": [
                        {
                            "Node Type": "Aggregate",
                            "Strategy": "Plain",
                            "Partial Mode": "Partial",
                            "Parent Relationship": "Outer",
                            "Parallel Aware": false,
                            "Startup Cost": 219217.22,
                            "Total Cost": 219217.23,
                            "Plan Rows": 1,
                            "Plan Width": 8,
                            "Actual Startup Time": 1581.21,
                            "Actual Total Time": 1581.214,
                            "Actual Rows": 1,
                            "Actual Loops": 4,
                            "Output": [
                                "PARTIAL count(*)"
                            ],
                            "Workers": [
                                {
                                    "Worker Number": 0,
                                    "Actual Startup Time": 1576.785,
                                    "Actual Total Time": 1576.788,
                                    "Actual Rows": 1,
                                    "Actual Loops": 1
                                },
                                {
                                    "Worker Number": 1,
                                    "Actual Startup Time": 1576.963,
                                    "Actual Total Time": 1576.966,
                                    "Actual Rows": 1,
                                    "Actual Loops": 1
                                },
                                {
                                    "Worker Number": 2,
                                    "Actual Startup Time": 1579.192,
                                    "Actual Total Time": 1579.196,
                                    "Actual Rows": 1,
                                    "Actual Loops": 1
                                }
                            ],
                            "Plans": [
                                {
                                    "Node Type": "Nested Loop",
                                    "Parent Relationship": "Outer",
                                    "Parallel Aware": false,
                                    "Join Type": "Inner",
                                    "Startup Cost": 55987.31,
                                    "Total Cost": 219172.07,
                                    "Plan Rows": 18059,
                                    "Plan Width": 0,
                                    "Actual Startup Time": 368.701,
                                    "Actual Total Time": 1551.813,
                                    "Actual Rows": 586026,
                                    "Actual Loops": 4,
                                    "Inner Unique": false,
                                    "Workers": [
                                        {
                                            "Worker Number": 0,
                                            "Actual Startup Time": 364.864,
                                            "Actual Total Time": 1548.467,
                                            "Actual Rows": 622090,
                                            "Actual Loops": 1
                                        },
                                        {
                                            "Worker Number": 1,
                                            "Actual Startup Time": 365.1,
                                            "Actual Total Time": 1548.468,
                                            "Actual Rows": 626759,
                                            "Actual Loops": 1
                                        },
                                        {
                                            "Worker Number": 2,
                                            "Actual Startup Time": 365.092,
                                            "Actual Total Time": 1551.197,
                                            "Actual Rows": 602396,
                                            "Actual Loops": 1
                                        }
                                    ],
                                    "Plans": [
                                        {
                                            "Node Type": "Hash Join",
                                            "Parent Relationship": "Outer",
                                            "Parallel Aware": true,
                                            "Join Type": "Inner",
                                            "Startup Cost": 55986.87,
                                            "Total Cost": 81767.11,
                                            "Plan Rows": 87685,
                                            "Plan Width": 8,
                                            "Actual Startup Time": 368.419,
                                            "Actual Total Time": 434.17,
                                            "Actual Rows": 67740,
                                            "Actual Loops": 4,
                                            "Output": [
                                                "t.id",
                                                "mk.movie_id"
                                            ],
                                            "Inner Unique": true,
                                            "Hash Cond": "(mk.movie_id = t.id)",
                                            "Workers": [
                                                {
                                                    "Worker Number": 0,
                                                    "Actual Startup Time": 364.654,
                                                    "Actual Total Time": 428.83,
                                                    "Actual Rows": 68490,
                                                    "Actual Loops": 1
                                                },
                                                {
                                                    "Worker Number": 1,
                                                    "Actual Startup Time": 364.728,
                                                    "Actual Total Time": 429.824,
                                                    "Actual Rows": 68385,
                                                    "Actual Loops": 1
                                                },
                                                {
                                                    "Worker Number": 2,
                                                    "Actual Startup Time": 364.592,
                                                    "Actual Total Time": 436.934,
                                                    "Actual Rows": 74255,
                                                    "Actual Loops": 1
                                                }
                                            ],
                                            "Plans": [
                                                {
                                                    "Node Type": "Bitmap Heap Scan",
                                                    "Parent Relationship": "Outer",
                                                    "Parallel Aware": true,
                                                    "Relation Name": "movie_keyword",
                                                    "Schema": "public",
                                                    "Alias": "mk",
                                                    "Startup Cost": 5767.07,
                                                    "Total Cost": 31317.13,
                                                    "Plan Rows": 87685,
                                                    "Plan Width": 4,
                                                    "Actual Startup Time": 25.287,
                                                    "Actual Total Time": 58.873,
                                                    "Actual Rows": 67740,
                                                    "Actual Loops": 4,
                                                    "Output": [
                                                        "mk.id",
                                                        "mk.movie_id",
                                                        "mk.keyword_id"
                                                    ],
                                                    "Recheck Cond": "(mk.keyword_id > 58176)",
                                                    "Rows Removed by Index Recheck": 0,
                                                    "Exact Heap Blocks": 4805,
                                                    "Lossy Heap Blocks": 0,
                                                    "Workers": [
                                                        {
                                                            "Worker Number": 0,
                                                            "Actual Startup Time": 25.275,
                                                            "Actual Total Time": 59.523,
                                                            "Actual Rows": 68490,
                                                            "Actual Loops": 1
                                                        },
                                                        {
                                                            "Worker Number": 1,
                                                            "Actual Startup Time": 25.347,
                                                            "Actual Total Time": 59.974,
                                                            "Actual Rows": 68385,
                                                            "Actual Loops": 1
                                                        },
                                                        {
                                                            "Worker Number": 2,
                                                            "Actual Startup Time": 25.238,
                                                            "Actual Total Time": 62.907,
                                                            "Actual Rows": 74255,
                                                            "Actual Loops": 1
                                                        }
                                                    ],
                                                    "Plans": [
                                                        {
                                                            "Node Type": "Bitmap Index Scan",
                                                            "Parent Relationship": "Outer",
                                                            "Parallel Aware": false,
                                                            "Index Name": "keyword_id_movie_keyword",
                                                            "Startup Cost": 0.0,
                                                            "Total Cost": 5699.11,
                                                            "Plan Rows": 271824,
                                                            "Plan Width": 0,
                                                            "Actual Startup Time": 22.133,
                                                            "Actual Total Time": 22.134,
                                                            "Actual Rows": 270959,
                                                            "Actual Loops": 1,
                                                            "Index Cond": "(mk.keyword_id > 58176)",
                                                            "Workers": [
                                                                {
                                                                    "Worker Number": 2,
                                                                    "Actual Startup Time": 22.133,
                                                                    "Actual Total Time": 22.134,
                                                                    "Actual Rows": 270959,
                                                                    "Actual Loops": 1
                                                                }
                                                            ]
                                                        }
                                                    ]
                                                },
                                                {
                                                    "Node Type": "Hash",
                                                    "Parent Relationship": "Inner",
                                                    "Parallel Aware": true,
                                                    "Startup Cost": 42318.81,
                                                    "Total Cost": 42318.81,
                                                    "Plan Rows": 632080,
                                                    "Plan Width": 4,
                                                    "Actual Startup Time": 334.528,
                                                    "Actual Total Time": 334.529,
                                                    "Actual Rows": 632078,
                                                    "Actual Loops": 4,
                                                    "Output": [
                                                        "t.id"
                                                    ],
                                                    "Hash Buckets": 4194304,
                                                    "Original Hash Buckets": 4194304,
                                                    "Hash Batches": 1,
                                                    "Original Hash Batches": 1,
                                                    "Peak Memory Usage": 131744,
                                                    "Workers": [
                                                        {
                                                            "Worker Number": 0,
                                                            "Actual Startup Time": 338.807,
                                                            "Actual Total Time": 338.807,
                                                            "Actual Rows": 649630,
                                                            "Actual Loops": 1
                                                        },
                                                        {
                                                            "Worker Number": 1,
                                                            "Actual Startup Time": 338.868,
                                                            "Actual Total Time": 338.869,
                                                            "Actual Rows": 643671,
                                                            "Actual Loops": 1
                                                        },
                                                        {
                                                            "Worker Number": 2,
                                                            "Actual Startup Time": 338.923,
                                                            "Actual Total Time": 338.924,
                                                            "Actual Rows": 644129,
                                                            "Actual Loops": 1
                                                        }
                                                    ],
                                                    "Plans": [
                                                        {
                                                            "Node Type": "Seq Scan",
                                                            "Parent Relationship": "Outer",
                                                            "Parallel Aware": true,
                                                            "Relation Name": "title",
                                                            "Schema": "public",
                                                            "Alias": "t",
                                                            "Startup Cost": 0.0,
                                                            "Total Cost": 42318.81,
                                                            "Plan Rows": 632080,
                                                            "Plan Width": 4,
                                                            "Actual Startup Time": 0.036,
                                                            "Actual Total Time": 95.383,
                                                            "Actual Rows": 632078,
                                                            "Actual Loops": 4,
                                                            "Output": [
                                                                "t.id"
                                                            ],
                                                            "Workers": [
                                                                {
                                                                    "Worker Number": 0,
                                                                    "Actual Startup Time": 0.035,
                                                                    "Actual Total Time": 97.079,
                                                                    "Actual Rows": 649630,
                                                                    "Actual Loops": 1
                                                                },
                                                                {
                                                                    "Worker Number": 1,
                                                                    "Actual Startup Time": 0.051,
                                                                    "Actual Total Time": 96.625,
                                                                    "Actual Rows": 643671,
                                                                    "Actual Loops": 1
                                                                },
                                                                {
                                                                    "Worker Number": 2,
                                                                    "Actual Startup Time": 0.044,
                                                                    "Actual Total Time": 99.089,
                                                                    "Actual Rows": 644129,
                                                                    "Actual Loops": 1
                                                                }
                                                            ]
                                                        }
                                                    ]
                                                }
                                            ]
                                        },
                                        {
                                            "Node Type": "Index Scan",
                                            "Parent Relationship": "Inner",
                                            "Parallel Aware": false,
                                            "Scan Direction": "Forward",
                                            "Index Name": "movie_id_movie_info",
                                            "Relation Name": "movie_info",
                                            "Schema": "public",
                                            "Alias": "mi",
                                            "Startup Cost": 0.43,
                                            "Total Cost": 1.56,
                                            "Plan Rows": 1,
                                            "Plan Width": 4,
                                            "Actual Startup Time": 0.012,
                                            "Actual Total Time": 0.016,
                                            "Actual Rows": 9,
                                            "Actual Loops": 270959,
                                            "Output": [
                                                "mi.id",
                                                "mi.movie_id",
                                                "mi.info_type_id",
                                                "mi.info",
                                                "mi.note"
                                            ],
                                            "Index Cond": "(mi.movie_id = t.id)",
                                            "Rows Removed by Index Recheck": 0,
                                            "Filter": "(mi.info_type_id > 98)",
                                            "Rows Removed by Filter": 50,
                                            "Workers": [
                                                {
                                                    "Worker Number": 0,
                                                    "Actual Startup Time": 0.012,
                                                    "Actual Total Time": 0.016,
                                                    "Actual Rows": 9,
                                                    "Actual Loops": 68490
                                                },
                                                {
                                                    "Worker Number": 1,
                                                    "Actual Startup Time": 0.012,
                                                    "Actual Total Time": 0.016,
                                                    "Actual Rows": 9,
                                                    "Actual Loops": 68385
                                                },
                                                {
                                                    "Worker Number": 2,
                                                    "Actual Startup Time": 0.011,
                                                    "Actual Total Time": 0.014,
                                                    "Actual Rows": 8,
                                                    "Actual Loops": 74255
                                                }
                                            ]
                                        }
                                    ]
                                }
                            ]
                        }
                    ]
                }
            ]
        },
        "Planning Time": 272.999,
        "Triggers": [],
        "Execution Time": 1638.584
    }
]