[
  {
    "Plan": {
      "Node Type": "Aggregate",
      "Strategy": "Plain",
      "Partial Mode": "Finalize",
      "Parallel Aware": false,
      "Startup Cost": 31748.34,
      "Total Cost": 31748.35,
      "Plan Rows": 1,
      "Plan Width": 8,
      "Actual Startup Time": 84.613,
      "Actual Total Time": 90.351,
      "Actual Rows": 1,
      "Actual Loops": 1,
      "Plans": [
        {
          "Node Type": "Gather",
          "Parent Relationship": "Outer",
          "Parallel Aware": false,
          "Startup Cost": 31748.03,
          "Total Cost": 31748.34,
          "Plan Rows": 3,
          "Plan Width": 8,
          "Actual Startup Time": 84.55,
          "Actual Total Time": 90.346,
          "Actual Rows": 4,
          "Actual Loops": 1,
          "Workers Planned": 3,
          "Workers Launched": 3,
          "Single Copy": false,
          "Plans": [
            {
              "Node Type": "Aggregate",
              "Strategy": "Plain",
              "Partial Mode": "Partial",
              "Parent Relationship": "Outer",
              "Parallel Aware": false,
              "Startup Cost": 30748.03,
              "Total Cost": 30748.04,
              "Plan Rows": 1,
              "Plan Width": 8,
              "Actual Startup Time": 82.034,
              "Actual Total Time": 82.035,
              "Actual Rows": 1,
              "Actual Loops": 4,
              "Plans": [
                {
                  "Node Type": "Seq Scan",
                  "Parent Relationship": "Outer",
                  "Parallel Aware": true,
                  "Relation Name": "movie_companies",
                  "Alias": "mc",
                  "Startup Cost": 0.0,
                  "Total Cost": 29310.68,
                  "Plan Rows": 574938,
                  "Plan Width": 0,
                  "Actual Startup Time": 0.359,
                  "Actual Total Time": 63.702,
                  "Actual Rows": 445590,
                  "Actual Loops": 4,
                  "Filter": "(company_id > 2023)",
                  "Rows Removed by Filter": 206692
                }
              ]
            }
          ]
        }
      ]
    },
    "Planning Time": 0.063,
    "Triggers": [],
    "Execution Time": 90.373
  }
]