[
  {
    "Plan": {
      "Node Type": "Aggregate",
      "Strategy": "Plain",
      "Partial Mode": "Finalize",
      "Parallel Aware": false,
      "Startup Cost": 75667.65,
      "Total Cost": 75667.66,
      "Plan Rows": 1,
      "Plan Width": 8,
      "Actual Startup Time": 111.839,
      "Actual Total Time": 126.809,
      "Actual Rows": 1,
      "Actual Loops": 1,
      "Plans": [
        {
          "Node Type": "Gather",
          "Parent Relationship": "Outer",
          "Parallel Aware": false,
          "Startup Cost": 75667.23,
          "Total Cost": 75667.64,
          "Plan Rows": 4,
          "Plan Width": 8,
          "Actual Startup Time": 111.676,
          "Actual Total Time": 126.801,
          "Actual Rows": 5,
          "Actual Loops": 1,
          "Workers Planned": 4,
          "Workers Launched": 4,
          "Single Copy": false,
          "Plans": [
            {
              "Node Type": "Aggregate",
              "Strategy": "Plain",
              "Partial Mode": "Partial",
              "Parent Relationship": "Outer",
              "Parallel Aware": false,
              "Startup Cost": 74667.23,
              "Total Cost": 74667.24,
              "Plan Rows": 1,
              "Plan Width": 8,
              "Actual Startup Time": 104.947,
              "Actual Total Time": 104.948,
              "Actual Rows": 1,
              "Actual Loops": 5,
              "Plans": [
                {
                  "Node Type": "Nested Loop",
                  "Parent Relationship": "Outer",
                  "Parallel Aware": false,
                  "Join Type": "Inner",
                  "Startup Cost": 0.43,
                  "Total Cost": 74665.59,
                  "Plan Rows": 655,
                  "Plan Width": 0,
                  "Actual Startup Time": 52.149,
                  "Actual Total Time": 104.923,
                  "Actual Rows": 94,
                  "Actual Loops": 5,
                  "Inner Unique": false,
                  "Plans": [
                    {
                      "Node Type": "Seq Scan",
                      "Parent Relationship": "Outer",
                      "Parallel Aware": true,
                      "Relation Name": "title",
                      "Alias": "t",
                      "Startup Cost": 0.0,
                      "Total Cost": 45479.59,
                      "Plan Rows": 4521,
                      "Plan Width": 4,
                      "Actual Startup Time": 45.348,
                      "Actual Total Time": 74.775,
                      "Actual Rows": 4404,
                      "Actual Loops": 5,
                      "Filter": "((production_year > 2012) AND (kind_id = 1))",
                      "Rows Removed by Filter": 501258
                    },
                    {
                      "Node Type": "Index Scan",
                      "Parent Relationship": "Inner",
                      "Parallel Aware": false,
                      "Scan Direction": "Forward",
                      "Index Name": "movie_id_movie_companies",
                      "Relation Name": "movie_companies",
                      "Alias": "mc",
                      "Startup Cost": 0.43,
                      "Total Cost": 6.45,
                      "Plan Rows": 1,
                      "Plan Width": 4,
                      "Actual Startup Time": 0.006,
                      "Actual Total Time": 0.006,
                      "Actual Rows": 0,
                      "Actual Loops": 22021,
                      "Index Cond": "(movie_id = t.id)",
                      "Rows Removed by Index Recheck": 0,
                      "Filter": "((company_id < 1378) AND (company_type_id > 1))",
                      "Rows Removed by Filter": 1
                    }
                  ]
                }
              ]
            }
          ]
        }
      ]
    },
    "Planning Time": 0.334,
    "Triggers": [],
    "Execution Time": 126.858
  }
]