[
  {
    "Plan": {
      "Node Type": "Aggregate",
      "Strategy": "Plain",
      "Partial Mode": "Finalize",
      "Parallel Aware": false,
      "Startup Cost": 241175.31,
      "Total Cost": 241175.32,
      "Plan Rows": 1,
      "Plan Width": 8,
      "Actual Startup Time": 455.247,
      "Actual Total Time": 472.185,
      "Actual Rows": 1,
      "Actual Loops": 1,
      "Plans": [
        {
          "Node Type": "Gather",
          "Parent Relationship": "Outer",
          "Parallel Aware": false,
          "Startup Cost": 241174.79,
          "Total Cost": 241175.3,
          "Plan Rows": 5,
          "Plan Width": 8,
          "Actual Startup Time": 439.432,
          "Actual Total Time": 472.168,
          "Actual Rows": 6,
          "Actual Loops": 1,
          "Workers Planned": 5,
          "Workers Launched": 5,
          "Single Copy": false,
          "Plans": [
            {
              "Node Type": "Aggregate",
              "Strategy": "Plain",
              "Partial Mode": "Partial",
              "Parent Relationship": "Outer",
              "Parallel Aware": false,
              "Startup Cost": 240174.79,
              "Total Cost": 240174.8,
              "Plan Rows": 1,
              "Plan Width": 8,
              "Actual Startup Time": 428.1,
              "Actual Total Time": 428.104,
              "Actual Rows": 1,
              "Actual Loops": 6,
              "Plans": [
                {
                  "Node Type": "Hash Join",
                  "Parent Relationship": "Outer",
                  "Parallel Aware": true,
                  "Join Type": "Inner",
                  "Startup Cost": 73705.28,
                  "Total Cost": 239669.77,
                  "Plan Rows": 202006,
                  "Plan Width": 0,
                  "Actual Startup Time": 287.977,
                  "Actual Total Time": 419.893,
                  "Actual Rows": 159670,
                  "Actual Loops": 6,
                  "Inner Unique": true,
                  "Hash Cond": "(mi.movie_id = t.id)",
                  "Plans": [
                    {
                      "Node Type": "Bitmap Heap Scan",
                      "Parent Relationship": "Outer",
                      "Parallel Aware": true,
                      "Relation Name": "movie_info",
                      "Alias": "mi",
                      "Startup Cost": 23727.33,
                      "Total Cost": 189002.56,
                      "Plan Rows": 262578,
                      "Plan Width": 4,
                      "Actual Startup Time": 44.069,
                      "Actual Total Time": 73.683,
                      "Actual Rows": 220894,
                      "Actual Loops": 6,
                      "Recheck Cond": "(info_type_id = 8)",
                      "Rows Removed by Index Recheck": 0,
                      "Exact Heap Blocks": 1489,
                      "Lossy Heap Blocks": 0,
                      "Plans": [
                        {
                          "Node Type": "Bitmap Index Scan",
                          "Parent Relationship": "Outer",
                          "Parallel Aware": false,
                          "Index Name": "info_type_id_movie_info",
                          "Startup Cost": 0.0,
                          "Total Cost": 23399.11,
                          "Plan Rows": 1312890,
                          "Plan Width": 0,
                          "Actual Startup Time": 42.612,
                          "Actual Total Time": 42.613,
                          "Actual Rows": 1325361,
                          "Actual Loops": 1,
                          "Index Cond": "(info_type_id = 8)"
                        }
                      ]
                    },
                    {
                      "Node Type": "Hash",
                      "Parent Relationship": "Inner",
                      "Parallel Aware": true,
                      "Startup Cost": 43899.32,
                      "Total Cost": 43899.32,
                      "Plan Rows": 486290,
                      "Plan Width": 4,
                      "Actual Startup Time": 239.592,
                      "Actual Total Time": 239.593,
                      "Actual Rows": 322081,
                      "Actual Loops": 6,
                      "Hash Buckets": 2097152,
                      "Original Hash Buckets": 2097152,
                      "Hash Batches": 1,
                      "Original Hash Batches": 1,
                      "Peak Memory Usage": 92064,
                      "Plans": [
                        {
                          "Node Type": "Seq Scan",
                          "Parent Relationship": "Outer",
                          "Parallel Aware": true,
                          "Relation Name": "title",
                          "Alias": "t",
                          "Startup Cost": 0.0,
                          "Total Cost": 43899.32,
                          "Plan Rows": 486290,
                          "Plan Width": 4,
                          "Actual Startup Time": 0.044,
                          "Actual Total Time": 91.643,
                          "Actual Rows": 322081,
                          "Actual Loops": 6,
                          "Filter": "(production_year > 1980)",
                          "Rows Removed by Filter": 99305
                        }
                      ]
                    }
                  ]
                }
              ]
            }
          ]
        }
      ]
    },
    "Planning Time": 0.325,
    "Triggers": [],
    "Execution Time": 472.243
  }
]