[
  {
    "Plan": {
      "Node Type": "Aggregate",
      "Strategy": "Plain",
      "Partial Mode": "Finalize",
      "Parallel Aware": false,
      "Startup Cost": 30407.33,
      "Total Cost": 30407.34,
      "Plan Rows": 1,
      "Plan Width": 8,
      "Actual Startup Time": 93.239,
      "Actual Total Time": 99.883,
      "Actual Rows": 1,
      "Actual Loops": 1,
      "Plans": [
        {
          "Node Type": "Gather",
          "Parent Relationship": "Outer",
          "Parallel Aware": false,
          "Startup Cost": 30407.02,
          "Total Cost": 30407.33,
          "Plan Rows": 3,
          "Plan Width": 8,
          "Actual Startup Time": 92.971,
          "Actual Total Time": 99.876,
          "Actual Rows": 4,
          "Actual Loops": 1,
          "Workers Planned": 3,
          "Workers Launched": 3,
          "Single Copy": false,
          "Plans": [
            {
              "Node Type": "Aggregate",
              "Strategy": "Plain",
              "Partial Mode": "Partial",
              "Parent Relationship": "Outer",
              "Parallel Aware": false,
              "Startup Cost": 29407.02,
              "Total Cost": 29407.03,
              "Plan Rows": 1,
              "Plan Width": 8,
              "Actual Startup Time": 84.093,
              "Actual Total Time": 84.094,
              "Actual Rows": 1,
              "Actual Loops": 4,
              "Plans": [
                {
                  "Node Type": "Bitmap Heap Scan",
                  "Parent Relationship": "Outer",
                  "Parallel Aware": true,
                  "Relation Name": "movie_keyword",
                  "Alias": "mk",
                  "Startup Cost": 4033.38,
                  "Total Cost": 29253.74,
                  "Plan Rows": 61309,
                  "Plan Width": 0,
                  "Actual Startup Time": 27.264,
                  "Actual Total Time": 80.848,
                  "Actual Rows": 47812,
                  "Actual Loops": 4,
                  "Recheck Cond": "(keyword_id > 70683)",
                  "Rows Removed by Index Recheck": 0,
                  "Exact Heap Blocks": 10651,
                  "Lossy Heap Blocks": 0,
                  "Plans": [
                    {
                      "Node Type": "Bitmap Index Scan",
                      "Parent Relationship": "Outer",
                      "Parallel Aware": false,
                      "Index Name": "keyword_id_movie_keyword",
                      "Startup Cost": 0.0,
                      "Total Cost": 3985.87,
                      "Plan Rows": 190058,
                      "Plan Width": 0,
                      "Actual Startup Time": 30.582,
                      "Actual Total Time": 30.582,
                      "Actual Rows": 191248,
                      "Actual Loops": 1,
                      "Index Cond": "(keyword_id > 70683)"
                    }
                  ]
                }
              ]
            }
          ]
        }
      ]
    },
    "Planning Time": 0.179,
    "Triggers": [],
    "Execution Time": 99.958
  }
]