{
    "Plan": {
        "Node Type": "Aggregate",
        "Strategy": "Plain",
        "Partial Mode": "Finalize",
        "Parallel Aware": false,
        "Startup Cost": 204604.73,
        "Total Cost": 204604.74,
        "Plan Rows": 1,
        "Plan Width": 8,
        "Actual Startup Time": 1147.267,
        "Actual Total Time": 1172.162,
        "Actual Rows": 1,
        "Actual Loops": 1,
        "Output": [
            "count(*)"
        ],
        "Plans": [
            {
                "Node Type": "Gather",
                "Parent Relationship": "Outer",
                "Parallel Aware": false,
                "Startup Cost": 204604.41,
                "Total Cost": 204604.72,
                "Plan Rows": 3,
                "Plan Width": 8,
                "Actual Startup Time": 1136.412,
                "Actual Total Time": 1172.155,
                "Actual Rows": 4,
                "Actual Loops": 1,
                "Output": [
                    "(PARTIAL count(*))"
                ],
                "Workers Planned": 3,
                "Workers Launched": 3,
                "Single Copy": false,
                "Plans": [
                    {
                        "Node Type": "Aggregate",
                        "Strategy": "Plain",
                        "Partial Mode": "Partial",
                        "Parent Relationship": "Outer",
                        "Parallel Aware": false,
                        "Startup Cost": 203604.41,
                        "Total Cost": 203604.42,
                        "Plan Rows": 1,
                        "Plan Width": 8,
                        "Actual Startup Time": 1125.559,
                        "Actual Total Time": 1125.565,
                        "Actual Rows": 1,
                        "Actual Loops": 4,
                        "Output": [
                            "PARTIAL count(*)"
                        ],
                        "Workers": [
                            {
                                "Worker Number": 0,
                                "Actual Startup Time": 1121.613,
                                "Actual Total Time": 1121.619,
                                "Actual Rows": 1,
                                "Actual Loops": 1
                            },
                            {
                                "Worker Number": 1,
                                "Actual Startup Time": 1122.724,
                                "Actual Total Time": 1122.729,
                                "Actual Rows": 1,
                                "Actual Loops": 1
                            },
                            {
                                "Worker Number": 2,
                                "Actual Startup Time": 1122.716,
                                "Actual Total Time": 1122.721,
                                "Actual Rows": 1,
                                "Actual Loops": 1
                            }
                        ],
                        "Plans": [
                            {
                                "Node Type": "Hash Join",
                                "Parent Relationship": "Outer",
                                "Parallel Aware": true,
                                "Join Type": "Inner",
                                "Startup Cost": 164085.09,
                                "Total Cost": 203419.46,
                                "Plan Rows": 73982,
                                "Plan Width": 0,
                                "Actual Startup Time": 741.827,
                                "Actual Total Time": 1081.002,
                                "Actual Rows": 833220,
                                "Actual Loops": 4,
                                "Inner Unique": false,
                                "Hash Cond": "(t.id = mc.movie_id)",
                                "Workers": [
                                    {
                                        "Worker Number": 0,
                                        "Actual Startup Time": 738.159,
                                        "Actual Total Time": 1078.286,
                                        "Actual Rows": 706624,
                                        "Actual Loops": 1
                                    },
                                    {
                                        "Worker Number": 1,
                                        "Actual Startup Time": 739.224,
                                        "Actual Total Time": 1076.88,
                                        "Actual Rows": 747241,
                                        "Actual Loops": 1
                                    },
                                    {
                                        "Worker Number": 2,
                                        "Actual Startup Time": 739.206,
                                        "Actual Total Time": 1077.32,
                                        "Actual Rows": 740361,
                                        "Actual Loops": 1
                                    }
                                ],
                                "Plans": [
                                    {
                                        "Node Type": "Hash Join",
                                        "Parent Relationship": "Outer",
                                        "Parallel Aware": true,
                                        "Join Type": "Inner",
                                        "Startup Cost": 111480.21,
                                        "Total Cost": 149489.16,
                                        "Plan Rows": 217355,
                                        "Plan Width": 8,
                                        "Actual Startup Time": 451.431,
                                        "Actual Total Time": 666.093,
                                        "Actual Rows": 386864,
                                        "Actual Loops": 4,
                                        "Output": [
                                            "t.id",
                                            "mk.movie_id"
                                        ],
                                        "Inner Unique": true,
                                        "Hash Cond": "(mk.movie_id = t.id)",
                                        "Workers": [
                                            {
                                                "Worker Number": 0,
                                                "Actual Startup Time": 451.441,
                                                "Actual Total Time": 668.213,
                                                "Actual Rows": 328913,
                                                "Actual Loops": 1
                                            },
                                            {
                                                "Worker Number": 1,
                                                "Actual Startup Time": 451.428,
                                                "Actual Total Time": 663.402,
                                                "Actual Rows": 344496,
                                                "Actual Loops": 1
                                            },
                                            {
                                                "Worker Number": 2,
                                                "Actual Startup Time": 451.421,
                                                "Actual Total Time": 664.365,
                                                "Actual Rows": 343710,
                                                "Actual Loops": 1
                                            }
                                        ],
                                        "Plans": [
                                            {
                                                "Node Type": "Bitmap Heap Scan",
                                                "Parent Relationship": "Outer",
                                                "Parallel Aware": true,
                                                "Relation Name": "movie_keyword",
                                                "Schema": "public",
                                                "Alias": "mk",
                                                "Startup Cost": 58927.51,
                                                "Total Cost": 94583.95,
                                                "Plan Rows": 896195,
                                                "Plan Width": 4,
                                                "Actual Startup Time": 235.445,
                                                "Actual Total Time": 372.49,
                                                "Actual Rows": 696095,
                                                "Actual Loops": 4,
                                                "Output": [
                                                    "mk.id",
                                                    "mk.movie_id",
                                                    "mk.keyword_id"
                                                ],
                                                "Recheck Cond": "(mk.keyword_id > 2839)",
                                                "Rows Removed by Index Recheck": 0,
                                                "Exact Heap Blocks": 8012,
                                                "Lossy Heap Blocks": 0,
                                                "Workers": [
                                                    {
                                                        "Worker Number": 0,
                                                        "Actual Startup Time": 235.478,
                                                        "Actual Total Time": 376.124,
                                                        "Actual Rows": 586779,
                                                        "Actual Loops": 1
                                                    },
                                                    {
                                                        "Worker Number": 1,
                                                        "Actual Startup Time": 235.208,
                                                        "Actual Total Time": 370.511,
                                                        "Actual Rows": 667568,
                                                        "Actual Loops": 1
                                                    },
                                                    {
                                                        "Worker Number": 2,
                                                        "Actual Startup Time": 235.603,
                                                        "Actual Total Time": 372.003,
                                                        "Actual Rows": 617327,
                                                        "Actual Loops": 1
                                                    }
                                                ],
                                                "Plans": [
                                                    {
                                                        "Node Type": "Bitmap Index Scan",
                                                        "Parent Relationship": "Outer",
                                                        "Parallel Aware": false,
                                                        "Index Name": "keyword_id_movie_keyword",
                                                        "Startup Cost": 0.0,
                                                        "Total Cost": 58232.96,
                                                        "Plan Rows": 2778204,
                                                        "Plan Width": 0,
                                                        "Actual Startup Time": 229.473,
                                                        "Actual Total Time": 229.474,
                                                        "Actual Rows": 2784381,
                                                        "Actual Loops": 1,
                                                        "Index Cond": "(mk.keyword_id > 2839)",
                                                        "Workers": [
                                                            {
                                                                "Worker Number": 1,
                                                                "Actual Startup Time": 229.473,
                                                                "Actual Total Time": 229.474,
                                                                "Actual Rows": 2784381,
                                                                "Actual Loops": 1
                                                            }
                                                        ]
                                                    }
                                                ]
                                            },
                                            {
                                                "Node Type": "Hash",
                                                "Parent Relationship": "Inner",
                                                "Parallel Aware": true,
                                                "Startup Cost": 50636.46,
                                                "Total Cost": 50636.46,
                                                "Plan Rows": 153299,
                                                "Plan Width": 4,
                                                "Actual Startup Time": 157.021,
                                                "Actual Total Time": 157.022,
                                                "Actual Rows": 127782,
                                                "Actual Loops": 4,
                                                "Output": [
                                                    "t.id"
                                                ],
                                                "Hash Buckets": 1048576,
                                                "Original Hash Buckets": 1048576,
                                                "Hash Batches": 1,
                                                "Original Hash Batches": 1,
                                                "Peak Memory Usage": 28224,
                                                "Workers": [
                                                    {
                                                        "Worker Number": 0,
                                                        "Actual Startup Time": 159.477,
                                                        "Actual Total Time": 159.478,
                                                        "Actual Rows": 102234,
                                                        "Actual Loops": 1
                                                    },
                                                    {
                                                        "Worker Number": 1,
                                                        "Actual Startup Time": 159.515,
                                                        "Actual Total Time": 159.516,
                                                        "Actual Rows": 118261,
                                                        "Actual Loops": 1
                                                    },
                                                    {
                                                        "Worker Number": 2,
                                                        "Actual Startup Time": 149.599,
                                                        "Actual Total Time": 149.6,
                                                        "Actual Rows": 133241,
                                                        "Actual Loops": 1
                                                    }
                                                ],
                                                "Plans": [
                                                    {
                                                        "Node Type": "Bitmap Heap Scan",
                                                        "Parent Relationship": "Outer",
                                                        "Parallel Aware": true,
                                                        "Relation Name": "title",
                                                        "Schema": "public",
                                                        "Alias": "t",
                                                        "Startup Cost": 12120.88,
                                                        "Total Cost": 50636.46,
                                                        "Plan Rows": 153299,
                                                        "Plan Width": 4,
                                                        "Actual Startup Time": 35.61,
                                                        "Actual Total Time": 102.035,
                                                        "Actual Rows": 127782,
                                                        "Actual Loops": 4,
                                                        "Output": [
                                                            "t.id"
                                                        ],
                                                        "Recheck Cond": "(t.kind_id = 1)",
                                                        "Rows Removed by Index Recheck": 0,
                                                        "Filter": "(t.production_year > 1941)",
                                                        "Rows Removed by Filter": 37924,
                                                        "Exact Heap Blocks": 3873,
                                                        "Lossy Heap Blocks": 0,
                                                        "Workers": [
                                                            {
                                                                "Worker Number": 0,
                                                                "Actual Startup Time": 35.705,
                                                                "Actual Total Time": 101.207,
                                                                "Actual Rows": 102234,
                                                                "Actual Loops": 1
                                                            },
                                                            {
                                                                "Worker Number": 1,
                                                                "Actual Startup Time": 35.65,
                                                                "Actual Total Time": 102.254,
                                                                "Actual Rows": 118261,
                                                                "Actual Loops": 1
                                                            },
                                                            {
                                                                "Worker Number": 2,
                                                                "Actual Startup Time": 35.452,
                                                                "Actual Total Time": 103.604,
                                                                "Actual Rows": 133241,
                                                                "Actual Loops": 1
                                                            }
                                                        ],
                                                        "Plans": [
                                                            {
                                                                "Node Type": "Bitmap Index Scan",
                                                                "Parent Relationship": "Outer",
                                                                "Parallel Aware": false,
                                                                "Index Name": "kind_id_title",
                                                                "Startup Cost": 0.0,
                                                                "Total Cost": 11967.58,
                                                                "Plan Rows": 671354,
                                                                "Plan Width": 0,
                                                                "Actual Startup Time": 32.631,
                                                                "Actual Total Time": 32.631,
                                                                "Actual Rows": 662825,
                                                                "Actual Loops": 1,
                                                                "Index Cond": "(t.kind_id = 1)",
                                                                "Workers": [
                                                                    {
                                                                        "Worker Number": 2,
                                                                        "Actual Startup Time": 32.631,
                                                                        "Actual Total Time": 32.631,
                                                                        "Actual Rows": 662825,
                                                                        "Actual Loops": 1
                                                                    }
                                                                ]
                                                            }
                                                        ]
                                                    }
                                                ]
                                            }
                                        ]
                                    },
                                    {
                                        "Node Type": "Hash",
                                        "Parent Relationship": "Inner",
                                        "Parallel Aware": true,
                                        "Startup Cost": 49134.79,
                                        "Total Cost": 49134.79,
                                        "Plan Rows": 277607,
                                        "Plan Width": 4,
                                        "Actual Startup Time": 286.37,
                                        "Actual Total Time": 286.37,
                                        "Actual Rows": 266703,
                                        "Actual Loops": 4,
                                        "Output": [
                                            "mc.movie_id"
                                        ],
                                        "Hash Buckets": 2097152,
                                        "Original Hash Buckets": 1048576,
                                        "Hash Batches": 1,
                                        "Original Hash Batches": 1,
                                        "Peak Memory Usage": 66400,
                                        "Workers": [
                                            {
                                                "Worker Number": 0,
                                                "Actual Startup Time": 286.278,
                                                "Actual Total Time": 286.278,
                                                "Actual Rows": 209441,
                                                "Actual Loops": 1
                                            },
                                            {
                                                "Worker Number": 1,
                                                "Actual Startup Time": 287.367,
                                                "Actual Total Time": 287.368,
                                                "Actual Rows": 234772,
                                                "Actual Loops": 1
                                            },
                                            {
                                                "Worker Number": 2,
                                                "Actual Startup Time": 287.346,
                                                "Actual Total Time": 287.347,
                                                "Actual Rows": 231686,
                                                "Actual Loops": 1
                                            }
                                        ],
                                        "Plans": [
                                            {
                                                "Node Type": "Bitmap Heap Scan",
                                                "Parent Relationship": "Outer",
                                                "Parallel Aware": true,
                                                "Relation Name": "movie_companies",
                                                "Schema": "public",
                                                "Alias": "mc",
                                                "Startup Cost": 23908.23,
                                                "Total Cost": 49134.79,
                                                "Plan Rows": 277607,
                                                "Plan Width": 4,
                                                "Actual Startup Time": 91.104,
                                                "Actual Total Time": 166.108,
                                                "Actual Rows": 266703,
                                                "Actual Loops": 4,
                                                "Output": [
                                                    "mc.movie_id"
                                                ],
                                                "Recheck Cond": "(mc.company_type_id = 2)",
                                                "Rows Removed by Index Recheck": 0,
                                                "Filter": "(mc.company_id > 3139)",
                                                "Rows Removed by Filter": 67018,
                                                "Exact Heap Blocks": 2860,
                                                "Lossy Heap Blocks": 0,
                                                "Workers": [
                                                    {
                                                        "Worker Number": 0,
                                                        "Actual Startup Time": 91.058,
                                                        "Actual Total Time": 165.901,
                                                        "Actual Rows": 209441,
                                                        "Actual Loops": 1
                                                    },
                                                    {
                                                        "Worker Number": 1,
                                                        "Actual Startup Time": 91.301,
                                                        "Actual Total Time": 168.2,
                                                        "Actual Rows": 234772,
                                                        "Actual Loops": 1
                                                    },
                                                    {
                                                        "Worker Number": 2,
                                                        "Actual Startup Time": 91.147,
                                                        "Actual Total Time": 167.621,
                                                        "Actual Rows": 231686,
                                                        "Actual Loops": 1
                                                    }
                                                ],
                                                "Plans": [
                                                    {
                                                        "Node Type": "Bitmap Index Scan",
                                                        "Parent Relationship": "Outer",
                                                        "Parallel Aware": false,
                                                        "Index Name": "company_type_id_movie_companies",
                                                        "Startup Cost": 0.0,
                                                        "Total Cost": 23693.09,
                                                        "Plan Rows": 1330221,
                                                        "Plan Width": 0,
                                                        "Actual Startup Time": 89.803,
                                                        "Actual Total Time": 89.803,
                                                        "Actual Rows": 1334883,
                                                        "Actual Loops": 1,
                                                        "Index Cond": "(mc.company_type_id = 2)"
                                                    }
                                                ]
                                            }
                                        ]
                                    }
                                ]
                            }
                        ]
                    }
                ]
            }
        ]
    },
    "Planning Time": 3.65,
    "Triggers": [],
    "Execution Time": 1172.672
}