[
  {
    "Plan": {
      "Node Type": "Aggregate",
      "Strategy": "Plain",
      "Partial Mode": "Finalize",
      "Parallel Aware": false,
      "Startup Cost": 31918.63,
      "Total Cost": 31918.64,
      "Plan Rows": 1,
      "Plan Width": 8,
      "Actual Startup Time": 93.387,
      "Actual Total Time": 98.229,
      "Actual Rows": 1,
      "Actual Loops": 1,
      "Plans": [
        {
          "Node Type": "Gather",
          "Parent Relationship": "Outer",
          "Parallel Aware": false,
          "Startup Cost": 31918.31,
          "Total Cost": 31918.62,
          "Plan Rows": 3,
          "Plan Width": 8,
          "Actual Startup Time": 93.234,
          "Actual Total Time": 98.221,
          "Actual Rows": 4,
          "Actual Loops": 1,
          "Workers Planned": 3,
          "Workers Launched": 3,
          "Single Copy": false,
          "Plans": [
            {
              "Node Type": "Aggregate",
              "Strategy": "Plain",
              "Partial Mode": "Partial",
              "Parent Relationship": "Outer",
              "Parallel Aware": false,
              "Startup Cost": 30918.31,
              "Total Cost": 30918.32,
              "Plan Rows": 1,
              "Plan Width": 8,
              "Actual Startup Time": 84.446,
              "Actual Total Time": 84.447,
              "Actual Rows": 1,
              "Actual Loops": 4,
              "Plans": [
                {
                  "Node Type": "Bitmap Heap Scan",
                  "Parent Relationship": "Outer",
                  "Parallel Aware": true,
                  "Relation Name": "movie_companies",
                  "Alias": "mc",
                  "Startup Cost": 9752.74,
                  "Total Cost": 30732.97,
                  "Plan Rows": 74137,
                  "Plan Width": 0,
                  "Actual Startup Time": 36.246,
                  "Actual Total Time": 77.689,
                  "Actual Rows": 114960,
                  "Actual Loops": 4,
                  "Recheck Cond": "(company_id > 76613)",
                  "Rows Removed by Index Recheck": 0,
                  "Filter": "(company_type_id = 2)",
                  "Rows Removed by Filter": 0,
                  "Exact Heap Blocks": 3616,
                  "Lossy Heap Blocks": 0,
                  "Plans": [
                    {
                      "Node Type": "Bitmap Index Scan",
                      "Parent Relationship": "Outer",
                      "Parallel Aware": false,
                      "Index Name": "company_id_movie_companies",
                      "Startup Cost": 0.0,
                      "Total Cost": 9695.28,
                      "Plan Rows": 452647,
                      "Plan Width": 0,
                      "Actual Startup Time": 43.222,
                      "Actual Total Time": 43.222,
                      "Actual Rows": 459841,
                      "Actual Loops": 1,
                      "Index Cond": "(company_id > 76613)"
                    }
                  ]
                }
              ]
            }
          ]
        }
      ]
    },
    "Planning Time": 0.272,
    "Triggers": [],
    "Execution Time": 98.317
  }
]