[
  {
    "Plan": {
      "Node Type": "Aggregate",
      "Strategy": "Plain",
      "Partial Mode": "Finalize",
      "Parallel Aware": false,
      "Startup Cost": 77710.21,
      "Total Cost": 77710.22,
      "Plan Rows": 1,
      "Plan Width": 8,
      "Actual Startup Time": 277.954,
      "Actual Total Time": 296.198,
      "Actual Rows": 1,
      "Actual Loops": 1,
      "Plans": [
        {
          "Node Type": "Gather",
          "Parent Relationship": "Outer",
          "Parallel Aware": false,
          "Startup Cost": 77709.9,
          "Total Cost": 77710.21,
          "Plan Rows": 3,
          "Plan Width": 8,
          "Actual Startup Time": 276.34,
          "Actual Total Time": 296.187,
          "Actual Rows": 4,
          "Actual Loops": 1,
          "Workers Planned": 3,
          "Workers Launched": 3,
          "Single Copy": false,
          "Plans": [
            {
              "Node Type": "Aggregate",
              "Strategy": "Plain",
              "Partial Mode": "Partial",
              "Parent Relationship": "Outer",
              "Parallel Aware": false,
              "Startup Cost": 76709.9,
              "Total Cost": 76709.91,
              "Plan Rows": 1,
              "Plan Width": 8,
              "Actual Startup Time": 267.75,
              "Actual Total Time": 267.754,
              "Actual Rows": 1,
              "Actual Loops": 4,
              "Plans": [
                {
                  "Node Type": "Hash Join",
                  "Parent Relationship": "Outer",
                  "Parallel Aware": true,
                  "Join Type": "Inner",
                  "Startup Cost": 46126.64,
                  "Total Cost": 76617.83,
                  "Plan Rows": 36828,
                  "Plan Width": 0,
                  "Actual Startup Time": 141.623,
                  "Actual Total Time": 265.28,
                  "Actual Rows": 44771,
                  "Actual Loops": 4,
                  "Inner Unique": true,
                  "Hash Cond": "(mc.movie_id = t.id)",
                  "Plans": [
                    {
                      "Node Type": "Seq Scan",
                      "Parent Relationship": "Outer",
                      "Parallel Aware": true,
                      "Relation Name": "movie_companies",
                      "Alias": "mc",
                      "Startup Cost": 0.0,
                      "Total Cost": 29310.68,
                      "Plan Rows": 449718,
                      "Plan Width": 4,
                      "Actual Startup Time": 10.673,
                      "Actual Total Time": 78.147,
                      "Actual Rows": 346444,
                      "Actual Loops": 4,
                      "Filter": "(company_id > 11138)",
                      "Rows Removed by Filter": 305839
                    },
                    {
                      "Node Type": "Hash",
                      "Parent Relationship": "Inner",
                      "Parallel Aware": true,
                      "Startup Cost": 45479.59,
                      "Total Cost": 45479.59,
                      "Plan Rows": 51764,
                      "Plan Width": 4,
                      "Actual Startup Time": 128.562,
                      "Actual Total Time": 128.563,
                      "Actual Rows": 45959,
                      "Actual Loops": 4,
                      "Hash Buckets": 262144,
                      "Original Hash Buckets": 262144,
                      "Hash Batches": 1,
                      "Original Hash Batches": 1,
                      "Peak Memory Usage": 9280,
                      "Plans": [
                        {
                          "Node Type": "Seq Scan",
                          "Parent Relationship": "Outer",
                          "Parallel Aware": true,
                          "Relation Name": "title",
                          "Alias": "t",
                          "Startup Cost": 0.0,
                          "Total Cost": 45479.59,
                          "Plan Rows": 51764,
                          "Plan Width": 4,
                          "Actual Startup Time": 0.102,
                          "Actual Total Time": 110.365,
                          "Actual Rows": 45959,
                          "Actual Loops": 4,
                          "Filter": "((kind_id < 7) AND (production_year > 2009))",
                          "Rows Removed by Filter": 586119
                        }
                      ]
                    }
                  ]
                }
              ]
            }
          ]
        }
      ]
    },
    "Planning Time": 0.681,
    "Triggers": [],
    "Execution Time": 296.27
  }
]