[
  {
    "Plan": {
      "Node Type": "Aggregate",
      "Strategy": "Plain",
      "Partial Mode": "Finalize",
      "Parallel Aware": false,
      "Startup Cost": 46662.88,
      "Total Cost": 46662.89,
      "Plan Rows": 1,
      "Plan Width": 8,
      "Actual Startup Time": 168.157,
      "Actual Total Time": 178.004,
      "Actual Rows": 1,
      "Actual Loops": 1,
      "Plans": [
        {
          "Node Type": "Gather",
          "Parent Relationship": "Outer",
          "Parallel Aware": false,
          "Startup Cost": 46662.57,
          "Total Cost": 46662.88,
          "Plan Rows": 3,
          "Plan Width": 8,
          "Actual Startup Time": 168.003,
          "Actual Total Time": 177.995,
          "Actual Rows": 4,
          "Actual Loops": 1,
          "Workers Planned": 3,
          "Workers Launched": 3,
          "Single Copy": false,
          "Plans": [
            {
              "Node Type": "Aggregate",
              "Strategy": "Plain",
              "Partial Mode": "Partial",
              "Parent Relationship": "Outer",
              "Parallel Aware": false,
              "Startup Cost": 45662.57,
              "Total Cost": 45662.58,
              "Plan Rows": 1,
              "Plan Width": 8,
              "Actual Startup Time": 162.831,
              "Actual Total Time": 162.832,
              "Actual Rows": 1,
              "Actual Loops": 4,
              "Plans": [
                {
                  "Node Type": "Seq Scan",
                  "Parent Relationship": "Outer",
                  "Parallel Aware": true,
                  "Relation Name": "movie_keyword",
                  "Alias": "mk",
                  "Startup Cost": 0.0,
                  "Total Cost": 42695.65,
                  "Plan Rows": 1186765,
                  "Plan Width": 0,
                  "Actual Startup Time": 0.037,
                  "Actual Total Time": 121.245,
                  "Actual Rows": 921032,
                  "Actual Loops": 4,
                  "Filter": "(keyword_id < 21882)",
                  "Rows Removed by Filter": 209951
                }
              ]
            }
          ]
        }
      ]
    },
    "Planning Time": 0.142,
    "Triggers": [],
    "Execution Time": 178.038
  }
]