{
  "Plan": {
    "Node Type": "Aggregate",
    "Strategy": "Plain",
    "Partial Mode": "Finalize",
    "Parallel Aware": false,
    "Startup Cost": 123894.61,
    "Total Cost": 123894.62,
    "Plan Rows": 1,
    "Plan Width": 8,
    "Actual Startup Time": 772.282,
    "Actual Total Time": 789.261,
    "Actual Rows": 1,
    "Actual Loops": 1,
    "Plans": [
      {
        "Node Type": "Gather",
        "Parent Relationship": "Outer",
        "Parallel Aware": false,
        "Startup Cost": 123894.5,
        "Total Cost": 123894.61,
        "Plan Rows": 1,
        "Plan Width": 8,
        "Actual Startup Time": 770.225,
        "Actual Total Time": 789.253,
        "Actual Rows": 2,
        "Actual Loops": 1,
        "Workers Planned": 1,
        "Workers Launched": 1,
        "Single Copy": false,
        "Plans": [
          {
            "Node Type": "Aggregate",
            "Strategy": "Plain",
            "Partial Mode": "Partial",
            "Parent Relationship": "Outer",
            "Parallel Aware": false,
            "Startup Cost": 122894.5,
            "Total Cost": 122894.51,
            "Plan Rows": 1,
            "Plan Width": 8,
            "Actual Startup Time": 764.787,
            "Actual Total Time": 764.79,
            "Actual Rows": 1,
            "Actual Loops": 2,
            "Plans": [
              {
                "Node Type": "Hash Join",
                "Parent Relationship": "Outer",
                "Parallel Aware": true,
                "Join Type": "Inner",
                "Startup Cost": 63120.78,
                "Total Cost": 121171.62,
                "Plan Rows": 689149,
                "Plan Width": 0,
                "Actual Startup Time": 249.368,
                "Actual Total Time": 703.377,
                "Actual Rows": 1598536,
                "Actual Loops": 2,
                "Inner Unique": true,
                "Hash Cond": "(mk.movie_id = t.id)",
                "Plans": [
                  {
                    "Node Type": "Seq Scan",
                    "Parent Relationship": "Outer",
                    "Parallel Aware": true,
                    "Relation Name": "movie_keyword",
                    "Alias": "mk",
                    "Startup Cost": 0.0,
                    "Total Cost": 51065.35,
                    "Plan Rows": 2661135,
                    "Plan Width": 4,
                    "Actual Startup Time": 0.014,
                    "Actual Total Time": 151.941,
                    "Actual Rows": 2261965,
                    "Actual Loops": 2
                  },
                  {
                    "Node Type": "Hash",
                    "Parent Relationship": "Inner",
                    "Parallel Aware": true,
                    "Startup Cost": 58306.47,
                    "Total Cost": 58306.47,
                    "Plan Rows": 385145,
                    "Plan Width": 4,
                    "Actual Startup Time": 239.828,
                    "Actual Total Time": 239.829,
                    "Actual Rows": 355590,
                    "Actual Loops": 2,
                    "Hash Buckets": 1048576,
                    "Original Hash Buckets": 1048576,
                    "Hash Batches": 1,
                    "Original Hash Batches": 1,
                    "Peak Memory Usage": 36032,
                    "Plans": [
                      {
                        "Node Type": "Seq Scan",
                        "Parent Relationship": "Outer",
                        "Parallel Aware": true,
                        "Relation Name": "title",
                        "Alias": "t",
                        "Startup Cost": 0.0,
                        "Total Cost": 58306.47,
                        "Plan Rows": 385145,
                        "Plan Width": 4,
                        "Actual Startup Time": 0.033,
                        "Actual Total Time": 153.987,
                        "Actual Rows": 355590,
                        "Actual Loops": 2,
                        "Filter": "((kind_id < 7) AND (production_year < 2008))",
                        "Rows Removed by Filter": 908566
                      }
                    ]
                  }
                ]
              }
            ]
          }
        ]
      }
    ]
  },
  "Planning Time": 0.693,
  "Triggers": [],
  "Execution Time": 789.33
}