[
  {
    "Plan": {
      "Node Type": "Aggregate",
      "Strategy": "Plain",
      "Partial Mode": "Finalize",
      "Parallel Aware": false,
      "Startup Cost": 196469.31,
      "Total Cost": 196469.32,
      "Plan Rows": 1,
      "Plan Width": 8,
      "Actual Startup Time": 150.317,
      "Actual Total Time": 179.9,
      "Actual Rows": 1,
      "Actual Loops": 1,
      "Plans": [
        {
          "Node Type": "Gather",
          "Parent Relationship": "Outer",
          "Parallel Aware": false,
          "Startup Cost": 196468.89,
          "Total Cost": 196469.3,
          "Plan Rows": 4,
          "Plan Width": 8,
          "Actual Startup Time": 150.126,
          "Actual Total Time": 179.891,
          "Actual Rows": 5,
          "Actual Loops": 1,
          "Workers Planned": 4,
          "Workers Launched": 4,
          "Single Copy": false,
          "Plans": [
            {
              "Node Type": "Aggregate",
              "Strategy": "Plain",
              "Partial Mode": "Partial",
              "Parent Relationship": "Outer",
              "Parallel Aware": false,
              "Startup Cost": 195468.89,
              "Total Cost": 195468.9,
              "Plan Rows": 1,
              "Plan Width": 8,
              "Actual Startup Time": 144.874,
              "Actual Total Time": 144.876,
              "Actual Rows": 1,
              "Actual Loops": 5,
              "Plans": [
                {
                  "Node Type": "Nested Loop",
                  "Parent Relationship": "Outer",
                  "Parallel Aware": false,
                  "Join Type": "Inner",
                  "Startup Cost": 0.56,
                  "Total Cost": 195418.2,
                  "Plan Rows": 20274,
                  "Plan Width": 0,
                  "Actual Startup Time": 0.781,
                  "Actual Total Time": 143.215,
                  "Actual Rows": 18147,
                  "Actual Loops": 5,
                  "Inner Unique": false,
                  "Plans": [
                    {
                      "Node Type": "Seq Scan",
                      "Parent Relationship": "Outer",
                      "Parallel Aware": true,
                      "Relation Name": "title",
                      "Alias": "t",
                      "Startup Cost": 0.0,
                      "Total Cost": 45479.59,
                      "Plan Rows": 1414,
                      "Plan Width": 4,
                      "Actual Startup Time": 0.4,
                      "Actual Total Time": 61.614,
                      "Actual Rows": 1239,
                      "Actual Loops": 5,
                      "Filter": "((kind_id < 7) AND (production_year = 1975))",
                      "Rows Removed by Filter": 504423
                    },
                    {
                      "Node Type": "Index Only Scan",
                      "Parent Relationship": "Inner",
                      "Parallel Aware": false,
                      "Scan Direction": "Forward",
                      "Index Name": "movie_id_cast_info",
                      "Relation Name": "cast_info",
                      "Alias": "ci",
                      "Startup Cost": 0.56,
                      "Total Cost": 105.69,
                      "Plan Rows": 35,
                      "Plan Width": 4,
                      "Actual Startup Time": 0.013,
                      "Actual Total Time": 0.064,
                      "Actual Rows": 15,
                      "Actual Loops": 6196,
                      "Index Cond": "(movie_id = t.id)",
                      "Rows Removed by Index Recheck": 0,
                      "Heap Fetches": 90736
                    }
                  ]
                }
              ]
            }
          ]
        }
      ]
    },
    "Planning Time": 0.213,
    "Triggers": [],
    "Execution Time": 179.94
  }
]