{
  "Plan": {
    "Node Type": "Aggregate",
    "Strategy": "Plain",
    "Partial Mode": "Finalize",
    "Parallel Aware": false,
    "Startup Cost": 132167.39,
    "Total Cost": 132167.4,
    "Plan Rows": 1,
    "Plan Width": 8,
    "Actual Startup Time": 879.071,
    "Actual Total Time": 900.823,
    "Actual Rows": 1,
    "Actual Loops": 1,
    "Plans": [
      {
        "Node Type": "Gather",
        "Parent Relationship": "Outer",
        "Parallel Aware": false,
        "Startup Cost": 132167.28,
        "Total Cost": 132167.39,
        "Plan Rows": 1,
        "Plan Width": 8,
        "Actual Startup Time": 873.059,
        "Actual Total Time": 900.795,
        "Actual Rows": 2,
        "Actual Loops": 1,
        "Workers Planned": 1,
        "Workers Launched": 1,
        "Single Copy": false,
        "Plans": [
          {
            "Node Type": "Aggregate",
            "Strategy": "Plain",
            "Partial Mode": "Partial",
            "Parent Relationship": "Outer",
            "Parallel Aware": false,
            "Startup Cost": 131167.28,
            "Total Cost": 131167.29,
            "Plan Rows": 1,
            "Plan Width": 8,
            "Actual Startup Time": 866.56,
            "Actual Total Time": 866.566,
            "Actual Rows": 1,
            "Actual Loops": 2,
            "Plans": [
              {
                "Node Type": "Hash Join",
                "Parent Relationship": "Outer",
                "Parallel Aware": true,
                "Join Type": "Inner",
                "Startup Cost": 111632.18,
                "Total Cost": 131039.54,
                "Plan Rows": 51096,
                "Plan Width": 0,
                "Actual Startup Time": 768.142,
                "Actual Total Time": 859.507,
                "Actual Rows": 179659,
                "Actual Loops": 2,
                "Inner Unique": false,
                "Hash Cond": "(mi_idx.movie_id = t.id)",
                "Plans": [
                  {
                    "Node Type": "Seq Scan",
                    "Parent Relationship": "Outer",
                    "Parallel Aware": true,
                    "Relation Name": "movie_info_idx",
                    "Alias": "mi_idx",
                    "Startup Cost": 0.0,
                    "Total Cost": 18082.32,
                    "Plan Rows": 273193,
                    "Plan Width": 4,
                    "Actual Startup Time": 0.026,
                    "Actual Total Time": 50.611,
                    "Actual Rows": 229962,
                    "Actual Loops": 2,
                    "Filter": "(info_type_id = 100)",
                    "Rows Removed by Filter": 460055
                  },
                  {
                    "Node Type": "Hash",
                    "Parent Relationship": "Inner",
                    "Parallel Aware": true,
                    "Startup Cost": 108155.14,
                    "Total Cost": 108155.14,
                    "Plan Rows": 278163,
                    "Plan Width": 8,
                    "Actual Startup Time": 750.441,
                    "Actual Total Time": 750.445,
                    "Actual Rows": 230755,
                    "Actual Loops": 2,
                    "Hash Buckets": 524288,
                    "Original Hash Buckets": 524288,
                    "Hash Batches": 1,
                    "Original Hash Batches": 1,
                    "Peak Memory Usage": 22176,
                    "Plans": [
                      {
                        "Node Type": "Hash Join",
                        "Parent Relationship": "Outer",
                        "Parallel Aware": true,
                        "Join Type": "Inner",
                        "Startup Cost": 79493.93,
                        "Total Cost": 108155.14,
                        "Plan Rows": 278163,
                        "Plan Width": 8,
                        "Actual Startup Time": 576.084,
                        "Actual Total Time": 705.273,
                        "Actual Rows": 230755,
                        "Actual Loops": 2,
                        "Inner Unique": true,
                        "Hash Cond": "(mk.movie_id = t.id)",
                        "Plans": [
                          {
                            "Node Type": "Bitmap Heap Scan",
                            "Parent Relationship": "Outer",
                            "Parallel Aware": true,
                            "Relation Name": "movie_keyword",
                            "Alias": "mk",
                            "Startup Cost": 10033.23,
                            "Total Cost": 37964.27,
                            "Plan Rows": 278163,
                            "Plan Width": 4,
                            "Actual Startup Time": 33.679,
                            "Actual Total Time": 96.924,
                            "Actual Rows": 230755,
                            "Actual Loops": 2,
                            "Recheck Cond": "(keyword_id > 38480)",
                            "Rows Removed by Index Recheck": 0,
                            "Exact Heap Blocks": 11864,
                            "Lossy Heap Blocks": 0,
                            "Plans": [
                              {
                                "Node Type": "Bitmap Index Scan",
                                "Parent Relationship": "Outer",
                                "Parallel Aware": false,
                                "Index Name": "keyword_id_movie_keyword",
                                "Startup Cost": 0.0,
                                "Total Cost": 9915.01,
                                "Plan Rows": 472877,
                                "Plan Width": 0,
                                "Actual Startup Time": 30.296,
                                "Actual Total Time": 30.296,
                                "Actual Rows": 461510,
                                "Actual Loops": 1,
                                "Index Cond": "(keyword_id > 38480)"
                              }
                            ]
                          },
                          {
                            "Node Type": "Hash",
                            "Parent Relationship": "Inner",
                            "Parallel Aware": true,
                            "Startup Cost": 50870.31,
                            "Total Cost": 50870.31,
                            "Plan Rows": 1487231,
                            "Plan Width": 4,
                            "Actual Startup Time": 524.451,
                            "Actual Total Time": 524.452,
                            "Actual Rows": 1264156,
                            "Actual Loops": 2,
                            "Hash Buckets": 4194304,
                            "Original Hash Buckets": 4194304,
                            "Hash Batches": 1,
                            "Original Hash Batches": 1,
                            "Peak Memory Usage": 131712,
                            "Plans": [
                              {
                                "Node Type": "Seq Scan",
                                "Parent Relationship": "Outer",
                                "Parallel Aware": true,
                                "Relation Name": "title",
                                "Alias": "t",
                                "Startup Cost": 0.0,
                                "Total Cost": 50870.31,
                                "Plan Rows": 1487231,
                                "Plan Width": 4,
                                "Actual Startup Time": 0.035,
                                "Actual Total Time": 155.107,
                                "Actual Rows": 1264156,
                                "Actual Loops": 2
                              }
                            ]
                          }
                        ]
                      }
                    ]
                  }
                ]
              }
            ]
          }
        ]
      }
    ]
  },
  "Planning Time": 0.913,
  "Triggers": [],
  "Execution Time": 900.927
}