[
  {
    "Plan": {
      "Node Type": "Aggregate",
      "Strategy": "Plain",
      "Partial Mode": "Finalize",
      "Parallel Aware": false,
      "Startup Cost": 31455.49,
      "Total Cost": 31455.5,
      "Plan Rows": 1,
      "Plan Width": 8,
      "Actual Startup Time": 100.294,
      "Actual Total Time": 106.575,
      "Actual Rows": 1,
      "Actual Loops": 1,
      "Plans": [
        {
          "Node Type": "Gather",
          "Parent Relationship": "Outer",
          "Parallel Aware": false,
          "Startup Cost": 31455.17,
          "Total Cost": 31455.48,
          "Plan Rows": 3,
          "Plan Width": 8,
          "Actual Startup Time": 100.011,
          "Actual Total Time": 106.568,
          "Actual Rows": 4,
          "Actual Loops": 1,
          "Workers Planned": 3,
          "Workers Launched": 3,
          "Single Copy": false,
          "Plans": [
            {
              "Node Type": "Aggregate",
              "Strategy": "Plain",
              "Partial Mode": "Partial",
              "Parent Relationship": "Outer",
              "Parallel Aware": false,
              "Startup Cost": 30455.17,
              "Total Cost": 30455.18,
              "Plan Rows": 1,
              "Plan Width": 8,
              "Actual Startup Time": 93.848,
              "Actual Total Time": 93.85,
              "Actual Rows": 1,
              "Actual Loops": 4,
              "Plans": [
                {
                  "Node Type": "Bitmap Heap Scan",
                  "Parent Relationship": "Outer",
                  "Parallel Aware": true,
                  "Relation Name": "movie_companies",
                  "Alias": "mc",
                  "Startup Cost": 9380.56,
                  "Total Cost": 30276.92,
                  "Plan Rows": 71298,
                  "Plan Width": 0,
                  "Actual Startup Time": 77.64,
                  "Actual Total Time": 92.589,
                  "Actual Rows": 25732,
                  "Actual Loops": 4,
                  "Recheck Cond": "(company_id < 312)",
                  "Rows Removed by Index Recheck": 0,
                  "Filter": "(company_type_id = 2)",
                  "Rows Removed by Filter": 82091,
                  "Exact Heap Blocks": 9995,
                  "Lossy Heap Blocks": 0,
                  "Plans": [
                    {
                      "Node Type": "Bitmap Index Scan",
                      "Parent Relationship": "Outer",
                      "Parallel Aware": false,
                      "Index Name": "company_id_movie_companies",
                      "Startup Cost": 0.0,
                      "Total Cost": 9325.3,
                      "Plan Rows": 435316,
                      "Plan Width": 0,
                      "Actual Startup Time": 40.411,
                      "Actual Total Time": 40.411,
                      "Actual Rows": 431290,
                      "Actual Loops": 1,
                      "Index Cond": "(company_id < 312)"
                    }
                  ]
                }
              ]
            }
          ]
        }
      ]
    },
    "Planning Time": 0.224,
    "Triggers": [],
    "Execution Time": 106.689
  }
]