[
  {
    "Plan": {
      "Node Type": "Aggregate",
      "Strategy": "Plain",
      "Partial Mode": "Finalize",
      "Parallel Aware": false,
      "Startup Cost": 427287.13,
      "Total Cost": 427287.14,
      "Plan Rows": 1,
      "Plan Width": 8,
      "Actual Startup Time": 1710.985,
      "Actual Total Time": 1789.919,
      "Actual Rows": 1,
      "Actual Loops": 1,
      "Plans": [
        {
          "Node Type": "Gather",
          "Parent Relationship": "Outer",
          "Parallel Aware": false,
          "Startup Cost": 427286.82,
          "Total Cost": 427287.13,
          "Plan Rows": 3,
          "Plan Width": 8,
          "Actual Startup Time": 1705.797,
          "Actual Total Time": 1789.907,
          "Actual Rows": 4,
          "Actual Loops": 1,
          "Workers Planned": 3,
          "Workers Launched": 3,
          "Single Copy": false,
          "Plans": [
            {
              "Node Type": "Aggregate",
              "Strategy": "Plain",
              "Partial Mode": "Partial",
              "Parent Relationship": "Outer",
              "Parallel Aware": false,
              "Startup Cost": 426286.82,
              "Total Cost": 426286.83,
              "Plan Rows": 1,
              "Plan Width": 8,
              "Actual Startup Time": 1692.751,
              "Actual Total Time": 1692.878,
              "Actual Rows": 1,
              "Actual Loops": 4,
              "Plans": [
                {
                  "Node Type": "Hash Join",
                  "Parent Relationship": "Outer",
                  "Parallel Aware": true,
                  "Join Type": "Inner",
                  "Startup Cost": 378943.97,
                  "Total Cost": 424593.0,
                  "Plan Rows": 677527,
                  "Plan Width": 0,
                  "Actual Startup Time": 1365.231,
                  "Actual Total Time": 1648.927,
                  "Actual Rows": 1088474,
                  "Actual Loops": 4,
                  "Inner Unique": false,
                  "Hash Cond": "(mk.movie_id = t.id)",
                  "Plans": [
                    {
                      "Node Type": "Seq Scan",
                      "Parent Relationship": "Outer",
                      "Parallel Aware": true,
                      "Relation Name": "movie_keyword",
                      "Alias": "mk",
                      "Startup Cost": 0.0,
                      "Total Cost": 39047.32,
                      "Plan Rows": 1459332,
                      "Plan Width": 4,
                      "Actual Startup Time": 0.042,
                      "Actual Total Time": 92.808,
                      "Actual Rows": 1130982,
                      "Actual Loops": 4
                    },
                    {
                      "Node Type": "Hash",
                      "Parent Relationship": "Inner",
                      "Parallel Aware": true,
                      "Startup Cost": 376498.52,
                      "Total Cost": 376498.52,
                      "Plan Rows": 195636,
                      "Plan Width": 8,
                      "Actual Startup Time": 1356.908,
                      "Actual Total Time": 1357.034,
                      "Actual Rows": 177726,
                      "Actual Loops": 4,
                      "Hash Buckets": 2097152,
                      "Original Hash Buckets": 2097152,
                      "Hash Batches": 1,
                      "Original Hash Batches": 1,
                      "Peak Memory Usage": 44256,
                      "Plans": [
                        {
                          "Node Type": "Hash Join",
                          "Parent Relationship": "Outer",
                          "Parallel Aware": true,
                          "Join Type": "Inner",
                          "Startup Cost": 45187.34,
                          "Total Cost": 376498.52,
                          "Plan Rows": 195636,
                          "Plan Width": 8,
                          "Actual Startup Time": 612.979,
                          "Actual Total Time": 1280.261,
                          "Actual Rows": 177726,
                          "Actual Loops": 4,
                          "Inner Unique": true,
                          "Hash Cond": "(ci.movie_id = t.id)",
                          "Plans": [
                            {
                              "Node Type": "Seq Scan",
                              "Parent Relationship": "Outer",
                              "Parallel Aware": true,
                              "Relation Name": "cast_info",
                              "Alias": "ci",
                              "Startup Cost": 0.0,
                              "Total Cost": 328162.03,
                              "Plan Rows": 1199678,
                              "Plan Width": 4,
                              "Actual Startup Time": 468.515,
                              "Actual Total Time": 790.461,
                              "Actual Rows": 1765962,
                              "Actual Loops": 4,
                              "Filter": "(person_id > 2959451)",
                              "Rows Removed by Filter": 7295124
                            },
                            {
                              "Node Type": "Hash",
                              "Parent Relationship": "Inner",
                              "Parallel Aware": true,
                              "Startup Cost": 43898.92,
                              "Total Cost": 43898.92,
                              "Plan Rows": 103074,
                              "Plan Width": 4,
                              "Actual Startup Time": 143.103,
                              "Actual Total Time": 143.104,
                              "Actual Rows": 105945,
                              "Actual Loops": 4,
                              "Hash Buckets": 524288,
                              "Original Hash Buckets": 524288,
                              "Hash Batches": 1,
                              "Original Hash Batches": 1,
                              "Peak Memory Usage": 20736,
                              "Plans": [
                                {
                                  "Node Type": "Seq Scan",
                                  "Parent Relationship": "Outer",
                                  "Parallel Aware": true,
                                  "Relation Name": "title",
                                  "Alias": "t",
                                  "Startup Cost": 0.0,
                                  "Total Cost": 43898.92,
                                  "Plan Rows": 103074,
                                  "Plan Width": 4,
                                  "Actual Startup Time": 0.05,
                                  "Actual Total Time": 102.833,
                                  "Actual Rows": 105945,
                                  "Actual Loops": 4,
                                  "Filter": "(production_year < 1974)",
                                  "Rows Removed by Filter": 526133
                                }
                              ]
                            }
                          ]
                        }
                      ]
                    }
                  ]
                }
              ]
            }
          ]
        }
      ]
    },
    "Planning Time": 1.402,
    "Triggers": [],
    "Execution Time": 1790.019
  }
]