{
  "Plan": {
    "Node Type": "Aggregate",
    "Strategy": "Plain",
    "Partial Mode": "Finalize",
    "Parallel Aware": false,
    "Startup Cost": 689991.51,
    "Total Cost": 689991.52,
    "Plan Rows": 1,
    "Plan Width": 8,
    "Actual Startup Time": 4546.942,
    "Actual Total Time": 4619.459,
    "Actual Rows": 1,
    "Actual Loops": 1,
    "Plans": [
      {
        "Node Type": "Gather",
        "Parent Relationship": "Outer",
        "Parallel Aware": false,
        "Startup Cost": 689991.4,
        "Total Cost": 689991.51,
        "Plan Rows": 1,
        "Plan Width": 8,
        "Actual Startup Time": 4544.934,
        "Actual Total Time": 4619.45,
        "Actual Rows": 2,
        "Actual Loops": 1,
        "Workers Planned": 1,
        "Workers Launched": 1,
        "Single Copy": false,
        "Plans": [
          {
            "Node Type": "Aggregate",
            "Strategy": "Plain",
            "Partial Mode": "Partial",
            "Parent Relationship": "Outer",
            "Parallel Aware": false,
            "Startup Cost": 688991.4,
            "Total Cost": 688991.41,
            "Plan Rows": 1,
            "Plan Width": 8,
            "Actual Startup Time": 4538.397,
            "Actual Total Time": 4538.403,
            "Actual Rows": 1,
            "Actual Loops": 2,
            "Plans": [
              {
                "Node Type": "Hash Join",
                "Parent Relationship": "Outer",
                "Parallel Aware": true,
                "Join Type": "Inner",
                "Startup Cost": 587896.07,
                "Total Cost": 685359.77,
                "Plan Rows": 1452650,
                "Plan Width": 0,
                "Actual Startup Time": 4197.83,
                "Actual Total Time": 4522.339,
                "Actual Rows": 411299,
                "Actual Loops": 2,
                "Inner Unique": false,
                "Hash Cond": "(mk.movie_id = t.id)",
                "Plans": [
                  {
                    "Node Type": "Seq Scan",
                    "Parent Relationship": "Outer",
                    "Parallel Aware": true,
                    "Relation Name": "movie_keyword",
                    "Alias": "mk",
                    "Startup Cost": 0.0,
                    "Total Cost": 57718.19,
                    "Plan Rows": 2496041,
                    "Plan Width": 4,
                    "Actual Startup Time": 0.026,
                    "Actual Total Time": 203.547,
                    "Actual Rows": 2113255,
                    "Actual Loops": 2,
                    "Filter": "(keyword_id > 242)",
                    "Rows Removed by Filter": 148710
                  },
                  {
                    "Node Type": "Hash",
                    "Parent Relationship": "Inner",
                    "Parallel Aware": true,
                    "Startup Cost": 577076.81,
                    "Total Cost": 577076.81,
                    "Plan Rows": 865541,
                    "Plan Width": 8,
                    "Actual Startup Time": 4115.144,
                    "Actual Total Time": 4115.148,
                    "Actual Rows": 239432,
                    "Actual Loops": 2,
                    "Hash Buckets": 2097152,
                    "Original Hash Buckets": 2097152,
                    "Hash Batches": 1,
                    "Original Hash Batches": 1,
                    "Peak Memory Usage": 35136,
                    "Plans": [
                      {
                        "Node Type": "Hash Join",
                        "Parent Relationship": "Outer",
                        "Parallel Aware": true,
                        "Join Type": "Inner",
                        "Startup Cost": 55343.45,
                        "Total Cost": 577076.81,
                        "Plan Rows": 865541,
                        "Plan Width": 8,
                        "Actual Startup Time": 165.108,
                        "Actual Total Time": 4010.742,
                        "Actual Rows": 239432,
                        "Actual Loops": 2,
                        "Inner Unique": true,
                        "Hash Cond": "(ci.movie_id = t.id)",
                        "Plans": [
                          {
                            "Node Type": "Seq Scan",
                            "Parent Relationship": "Outer",
                            "Parallel Aware": true,
                            "Relation Name": "cast_info",
                            "Alias": "ci",
                            "Startup Cost": 0.0,
                            "Total Cost": 465792.95,
                            "Plan Rows": 21310595,
                            "Plan Width": 4,
                            "Actual Startup Time": 0.015,
                            "Actual Total Time": 1484.218,
                            "Actual Rows": 18122172,
                            "Actual Loops": 2
                          },
                          {
                            "Node Type": "Hash",
                            "Parent Relationship": "Inner",
                            "Parallel Aware": true,
                            "Startup Cost": 54588.39,
                            "Total Cost": 54588.39,
                            "Plan Rows": 60405,
                            "Plan Width": 4,
                            "Actual Startup Time": 164.128,
                            "Actual Total Time": 164.129,
                            "Actual Rows": 51990,
                            "Actual Loops": 2,
                            "Hash Buckets": 131072,
                            "Original Hash Buckets": 131072,
                            "Hash Batches": 1,
                            "Original Hash Batches": 1,
                            "Peak Memory Usage": 5152,
                            "Plans": [
                              {
                                "Node Type": "Seq Scan",
                                "Parent Relationship": "Outer",
                                "Parallel Aware": true,
                                "Relation Name": "title",
                                "Alias": "t",
                                "Startup Cost": 0.0,
                                "Total Cost": 54588.39,
                                "Plan Rows": 60405,
                                "Plan Width": 4,
                                "Actual Startup Time": 50.763,
                                "Actual Total Time": 147.165,
                                "Actual Rows": 51990,
                                "Actual Loops": 2,
                                "Filter": "(production_year < 1926)",
                                "Rows Removed by Filter": 1212166
                              }
                            ]
                          }
                        ]
                      }
                    ]
                  }
                ]
              }
            ]
          }
        ]
      }
    ]
  },
  "Planning Time": 0.622,
  "Triggers": [],
  "Execution Time": 4619.536
}