[
    {
        "Bao": {
            "Bao prediction": "NaN",
            "Bao recommended hint": "(no hint)"
        }
    },
    {
        "Plan": {
            "Node Type": "Aggregate",
            "Strategy": "Plain",
            "Partial Mode": "Finalize",
            "Parallel Aware": false,
            "Startup Cost": 39558.86,
            "Total Cost": 39558.87,
            "Plan Rows": 1,
            "Plan Width": 8,
            "Actual Startup Time": 112.885,
            "Actual Total Time": 120.4,
            "Actual Rows": 1,
            "Actual Loops": 1,
            "Output": [
                "count(*)"
            ],
            "Plans": [
                {
                    "Node Type": "Gather",
                    "Parent Relationship": "Outer",
                    "Parallel Aware": false,
                    "Startup Cost": 39558.54,
                    "Total Cost": 39558.85,
                    "Plan Rows": 3,
                    "Plan Width": 8,
                    "Actual Startup Time": 112.575,
                    "Actual Total Time": 120.392,
                    "Actual Rows": 4,
                    "Actual Loops": 1,
                    "Output": [
                        "(PARTIAL count(*))"
                    ],
                    "Workers Planned": 3,
                    "Workers Launched": 3,
                    "Single Copy": false,
                    "Plans": [
                        {
                            "Node Type": "Aggregate",
                            "Strategy": "Plain",
                            "Partial Mode": "Partial",
                            "Parent Relationship": "Outer",
                            "Parallel Aware": false,
                            "Startup Cost": 38558.54,
                            "Total Cost": 38558.55,
                            "Plan Rows": 1,
                            "Plan Width": 8,
                            "Actual Startup Time": 105.17,
                            "Actual Total Time": 105.171,
                            "Actual Rows": 1,
                            "Actual Loops": 4,
                            "Output": [
                                "PARTIAL count(*)"
                            ],
                            "Workers": [
                                {
                                    "Worker Number": 0,
                                    "Actual Startup Time": 101.27,
                                    "Actual Total Time": 101.272,
                                    "Actual Rows": 1,
                                    "Actual Loops": 1
                                },
                                {
                                    "Worker Number": 1,
                                    "Actual Startup Time": 105.368,
                                    "Actual Total Time": 105.37,
                                    "Actual Rows": 1,
                                    "Actual Loops": 1
                                },
                                {
                                    "Worker Number": 2,
                                    "Actual Startup Time": 101.717,
                                    "Actual Total Time": 101.718,
                                    "Actual Rows": 1,
                                    "Actual Loops": 1
                                }
                            ],
                            "Plans": [
                                {
                                    "Node Type": "Bitmap Heap Scan",
                                    "Parent Relationship": "Outer",
                                    "Parallel Aware": true,
                                    "Relation Name": "movie_keyword",
                                    "Schema": "public",
                                    "Alias": "mk",
                                    "Startup Cost": 11484.64,
                                    "Total Cost": 38121.89,
                                    "Plan Rows": 174660,
                                    "Plan Width": 0,
                                    "Actual Startup Time": 25.611,
                                    "Actual Total Time": 97.779,
                                    "Actual Rows": 135350,
                                    "Actual Loops": 4,
                                    "Recheck Cond": "(mk.keyword_id < 383)",
                                    "Rows Removed by Index Recheck": 0,
                                    "Exact Heap Blocks": 10456,
                                    "Lossy Heap Blocks": 0,
                                    "Workers": [
                                        {
                                            "Worker Number": 0,
                                            "Actual Startup Time": 21.801,
                                            "Actual Total Time": 94.458,
                                            "Actual Rows": 101954,
                                            "Actual Loops": 1
                                        },
                                        {
                                            "Worker Number": 1,
                                            "Actual Startup Time": 25.81,
                                            "Actual Total Time": 98.447,
                                            "Actual Rows": 103374,
                                            "Actual Loops": 1
                                        },
                                        {
                                            "Worker Number": 2,
                                            "Actual Startup Time": 22.265,
                                            "Actual Total Time": 94.989,
                                            "Actual Rows": 102581,
                                            "Actual Loops": 1
                                        }
                                    ],
                                    "Plans": [
                                        {
                                            "Node Type": "Bitmap Index Scan",
                                            "Parent Relationship": "Outer",
                                            "Parallel Aware": false,
                                            "Index Name": "keyword_id_movie_keyword",
                                            "Startup Cost": 0.0,
                                            "Total Cost": 11349.28,
                                            "Plan Rows": 541446,
                                            "Plan Width": 0,
                                            "Actual Startup Time": 29.077,
                                            "Actual Total Time": 29.078,
                                            "Actual Rows": 541400,
                                            "Actual Loops": 1,
                                            "Index Cond": "(mk.keyword_id < 383)"
                                        }
                                    ]
                                }
                            ]
                        }
                    ]
                }
            ]
        },
        "Planning Time": 191.347,
        "Triggers": [],
        "Execution Time": 120.465
    }
]