[
  {
    "Plan": {
      "Node Type": "Aggregate",
      "Strategy": "Plain",
      "Partial Mode": "Finalize",
      "Parallel Aware": false,
      "Startup Cost": 92453.84,
      "Total Cost": 92453.85,
      "Plan Rows": 1,
      "Plan Width": 8,
      "Actual Startup Time": 277.182,
      "Actual Total Time": 294.653,
      "Actual Rows": 1,
      "Actual Loops": 1,
      "Plans": [
        {
          "Node Type": "Gather",
          "Parent Relationship": "Outer",
          "Parallel Aware": false,
          "Startup Cost": 92453.53,
          "Total Cost": 92453.84,
          "Plan Rows": 3,
          "Plan Width": 8,
          "Actual Startup Time": 276.845,
          "Actual Total Time": 294.645,
          "Actual Rows": 4,
          "Actual Loops": 1,
          "Workers Planned": 3,
          "Workers Launched": 3,
          "Single Copy": false,
          "Plans": [
            {
              "Node Type": "Aggregate",
              "Strategy": "Plain",
              "Partial Mode": "Partial",
              "Parent Relationship": "Outer",
              "Parallel Aware": false,
              "Startup Cost": 91453.53,
              "Total Cost": 91453.54,
              "Plan Rows": 1,
              "Plan Width": 8,
              "Actual Startup Time": 269.831,
              "Actual Total Time": 269.835,
              "Actual Rows": 1,
              "Actual Loops": 4,
              "Plans": [
                {
                  "Node Type": "Hash Join",
                  "Parent Relationship": "Outer",
                  "Parallel Aware": true,
                  "Join Type": "Inner",
                  "Startup Cost": 45595.74,
                  "Total Cost": 91409.87,
                  "Plan Rows": 17464,
                  "Plan Width": 0,
                  "Actual Startup Time": 127.945,
                  "Actual Total Time": 268.856,
                  "Actual Rows": 19974,
                  "Actual Loops": 4,
                  "Inner Unique": true,
                  "Hash Cond": "(mk.movie_id = t.id)",
                  "Plans": [
                    {
                      "Node Type": "Seq Scan",
                      "Parent Relationship": "Outer",
                      "Parallel Aware": true,
                      "Relation Name": "movie_keyword",
                      "Alias": "mk",
                      "Startup Cost": 0.0,
                      "Total Cost": 42695.65,
                      "Plan Rows": 1187991,
                      "Plan Width": 4,
                      "Actual Startup Time": 0.056,
                      "Actual Total Time": 113.059,
                      "Actual Rows": 920656,
                      "Actual Loops": 4,
                      "Filter": "(keyword_id > 804)",
                      "Rows Removed by Filter": 210327
                    },
                    {
                      "Node Type": "Hash",
                      "Parent Relationship": "Inner",
                      "Parallel Aware": true,
                      "Startup Cost": 45479.59,
                      "Total Cost": 45479.59,
                      "Plan Rows": 9292,
                      "Plan Width": 4,
                      "Actual Startup Time": 94.081,
                      "Actual Total Time": 94.082,
                      "Actual Rows": 8298,
                      "Actual Loops": 4,
                      "Hash Buckets": 65536,
                      "Original Hash Buckets": 65536,
                      "Hash Batches": 1,
                      "Original Hash Batches": 1,
                      "Peak Memory Usage": 1888,
                      "Plans": [
                        {
                          "Node Type": "Seq Scan",
                          "Parent Relationship": "Outer",
                          "Parallel Aware": true,
                          "Relation Name": "title",
                          "Alias": "t",
                          "Startup Cost": 0.0,
                          "Total Cost": 45479.59,
                          "Plan Rows": 9292,
                          "Plan Width": 4,
                          "Actual Startup Time": 55.776,
                          "Actual Total Time": 91.113,
                          "Actual Rows": 8298,
                          "Actual Loops": 4,
                          "Filter": "((kind_id = 1) AND (production_year = 2010))",
                          "Rows Removed by Filter": 623780
                        }
                      ]
                    }
                  ]
                }
              ]
            }
          ]
        }
      ]
    },
    "Planning Time": 0.281,
    "Triggers": [],
    "Execution Time": 294.699
  }
]