[
  {
    "Plan": {
      "Node Type": "Aggregate",
      "Strategy": "Plain",
      "Partial Mode": "Finalize",
      "Parallel Aware": false,
      "Startup Cost": 108197.09,
      "Total Cost": 108197.1,
      "Plan Rows": 1,
      "Plan Width": 8,
      "Actual Startup Time": 438.778,
      "Actual Total Time": 457.994,
      "Actual Rows": 1,
      "Actual Loops": 1,
      "Plans": [
        {
          "Node Type": "Gather",
          "Parent Relationship": "Outer",
          "Parallel Aware": false,
          "Startup Cost": 108196.78,
          "Total Cost": 108197.09,
          "Plan Rows": 3,
          "Plan Width": 8,
          "Actual Startup Time": 435.916,
          "Actual Total Time": 457.98,
          "Actual Rows": 4,
          "Actual Loops": 1,
          "Workers Planned": 3,
          "Workers Launched": 3,
          "Single Copy": false,
          "Plans": [
            {
              "Node Type": "Aggregate",
              "Strategy": "Plain",
              "Partial Mode": "Partial",
              "Parent Relationship": "Outer",
              "Parallel Aware": false,
              "Startup Cost": 107196.78,
              "Total Cost": 107196.79,
              "Plan Rows": 1,
              "Plan Width": 8,
              "Actual Startup Time": 424.823,
              "Actual Total Time": 424.982,
              "Actual Rows": 1,
              "Actual Loops": 4,
              "Plans": [
                {
                  "Node Type": "Hash Join",
                  "Parent Relationship": "Outer",
                  "Parallel Aware": true,
                  "Join Type": "Inner",
                  "Startup Cost": 62217.25,
                  "Total Cost": 107024.39,
                  "Plan Rows": 68956,
                  "Plan Width": 0,
                  "Actual Startup Time": 242.169,
                  "Actual Total Time": 420.405,
                  "Actual Rows": 111907,
                  "Actual Loops": 4,
                  "Inner Unique": false,
                  "Hash Cond": "(mk.movie_id = t.id)",
                  "Plans": [
                    {
                      "Node Type": "Seq Scan",
                      "Parent Relationship": "Outer",
                      "Parallel Aware": true,
                      "Relation Name": "movie_keyword",
                      "Alias": "mk",
                      "Startup Cost": 0.0,
                      "Total Cost": 39047.32,
                      "Plan Rows": 1459332,
                      "Plan Width": 4,
                      "Actual Startup Time": 0.028,
                      "Actual Total Time": 87.14,
                      "Actual Rows": 1130982,
                      "Actual Loops": 4
                    },
                    {
                      "Node Type": "Hash",
                      "Parent Relationship": "Inner",
                      "Parallel Aware": true,
                      "Startup Cost": 61595.02,
                      "Total Cost": 61595.02,
                      "Plan Rows": 49778,
                      "Plan Width": 8,
                      "Actual Startup Time": 240.462,
                      "Actual Total Time": 240.619,
                      "Actual Rows": 21044,
                      "Actual Loops": 4,
                      "Hash Buckets": 131072,
                      "Original Hash Buckets": 131072,
                      "Hash Batches": 1,
                      "Original Hash Batches": 1,
                      "Peak Memory Usage": 4384,
                      "Plans": [
                        {
                          "Node Type": "Hash Join",
                          "Parent Relationship": "Outer",
                          "Parallel Aware": true,
                          "Join Type": "Inner",
                          "Startup Cost": 45975.09,
                          "Total Cost": 61595.02,
                          "Plan Rows": 49778,
                          "Plan Width": 8,
                          "Actual Startup Time": 170.158,
                          "Actual Total Time": 234.475,
                          "Actual Rows": 21044,
                          "Actual Loops": 4,
                          "Inner Unique": true,
                          "Hash Cond": "(mi_idx.movie_id = t.id)",
                          "Plans": [
                            {
                              "Node Type": "Seq Scan",
                              "Parent Relationship": "Outer",
                              "Parallel Aware": true,
                              "Relation Name": "movie_info_idx",
                              "Alias": "mi_idx",
                              "Startup Cost": 0.0,
                              "Total Cost": 15122.68,
                              "Plan Rows": 189429,
                              "Plan Width": 4,
                              "Actual Startup Time": 0.027,
                              "Actual Total Time": 29.767,
                              "Actual Rows": 114981,
                              "Actual Loops": 4,
                              "Filter": "(info_type_id = 99)",
                              "Rows Removed by Filter": 230028
                            },
                            {
                              "Node Type": "Hash",
                              "Parent Relationship": "Inner",
                              "Parallel Aware": true,
                              "Startup Cost": 43898.92,
                              "Total Cost": 43898.92,
                              "Plan Rows": 166094,
                              "Plan Width": 4,
                              "Actual Startup Time": 166.369,
                              "Actual Total Time": 166.373,
                              "Actual Rows": 165516,
                              "Actual Loops": 4,
                              "Hash Buckets": 1048576,
                              "Original Hash Buckets": 1048576,
                              "Hash Batches": 1,
                              "Original Hash Batches": 1,
                              "Peak Memory Usage": 34144,
                              "Plans": [
                                {
                                  "Node Type": "Seq Scan",
                                  "Parent Relationship": "Outer",
                                  "Parallel Aware": true,
                                  "Relation Name": "title",
                                  "Alias": "t",
                                  "Startup Cost": 0.0,
                                  "Total Cost": 43898.92,
                                  "Plan Rows": 166094,
                                  "Plan Width": 4,
                                  "Actual Startup Time": 0.037,
                                  "Actual Total Time": 100.34,
                                  "Actual Rows": 165516,
                                  "Actual Loops": 4,
                                  "Filter": "(production_year > 2008)",
                                  "Rows Removed by Filter": 466562
                                }
                              ]
                            }
                          ]
                        }
                      ]
                    }
                  ]
                }
              ]
            }
          ]
        }
      ]
    },
    "Planning Time": 1.35,
    "Triggers": [],
    "Execution Time": 458.084
  }
]