[
  {
    "Plan": {
      "Node Type": "Aggregate",
      "Strategy": "Plain",
      "Partial Mode": "Simple",
      "Parallel Aware": false,
      "Startup Cost": 21180.43,
      "Total Cost": 21180.44,
      "Plan Rows": 1,
      "Plan Width": 8,
      "Actual Startup Time": 40.732,
      "Actual Total Time": 40.733,
      "Actual Rows": 1,
      "Actual Loops": 1,
      "Plans": [
        {
          "Node Type": "Bitmap Heap Scan",
          "Parent Relationship": "Outer",
          "Parallel Aware": false,
          "Relation Name": "movie_companies",
          "Alias": "mc",
          "Startup Cost": 1413.29,
          "Total Cost": 21017.58,
          "Plan Rows": 65143,
          "Plan Width": 0,
          "Actual Startup Time": 11.861,
          "Actual Total Time": 34.629,
          "Actual Rows": 68077,
          "Actual Loops": 1,
          "Recheck Cond": "(company_id < 8)",
          "Rows Removed by Index Recheck": 0,
          "Exact Heap Blocks": 6234,
          "Lossy Heap Blocks": 0,
          "Plans": [
            {
              "Node Type": "Bitmap Index Scan",
              "Parent Relationship": "Outer",
              "Parallel Aware": false,
              "Index Name": "company_id_movie_companies",
              "Startup Cost": 0.0,
              "Total Cost": 1397.0,
              "Plan Rows": 65143,
              "Plan Width": 0,
              "Actual Startup Time": 9.086,
              "Actual Total Time": 9.086,
              "Actual Rows": 68077,
              "Actual Loops": 1,
              "Index Cond": "(company_id < 8)"
            }
          ]
        }
      ]
    },
    "Planning Time": 0.225,
    "Triggers": [],
    "Execution Time": 40.784
  }
]