{
  "Plan": {
    "Node Type": "Aggregate",
    "Strategy": "Plain",
    "Partial Mode": "Finalize",
    "Parallel Aware": false,
    "Startup Cost": 10505552.17,
    "Total Cost": 10505552.18,
    "Plan Rows": 1,
    "Plan Width": 64,
    "Actual Startup Time": 5347.033,
    "Actual Total Time": 5474.529,
    "Actual Rows": 1,
    "Actual Loops": 1,
    "Plans": [
      {
        "Node Type": "Gather",
        "Parent Relationship": "Outer",
        "Parallel Aware": false,
        "Startup Cost": 10505552.05,
        "Total Cost": 10505552.16,
        "Plan Rows": 1,
        "Plan Width": 64,
        "Actual Startup Time": 5321.6,
        "Actual Total Time": 5474.514,
        "Actual Rows": 2,
        "Actual Loops": 1,
        "Workers Planned": 1,
        "Workers Launched": 1,
        "Single Copy": false,
        "Plans": [
          {
            "Node Type": "Aggregate",
            "Strategy": "Plain",
            "Partial Mode": "Partial",
            "Parent Relationship": "Outer",
            "Parallel Aware": false,
            "Startup Cost": 10504552.05,
            "Total Cost": 10504552.06,
            "Plan Rows": 1,
            "Plan Width": 64,
            "Actual Startup Time": 5271.725,
            "Actual Total Time": 5276.385,
            "Actual Rows": 1,
            "Actual Loops": 2,
            "Plans": [
              {
                "Node Type": "Hash Join",
                "Parent Relationship": "Outer",
                "Parallel Aware": true,
                "Join Type": "Inner",
                "Startup Cost": 1227263.84,
                "Total Cost": 10483749.73,
                "Plan Rows": 4160464,
                "Plan Width": 33,
                "Actual Startup Time": 5196.101,
                "Actual Total Time": 5262.165,
                "Actual Rows": 161502,
                "Actual Loops": 2,
                "Inner Unique": false,
                "Hash Cond": "(cn.id = mc.company_id)",
                "Plans": [
                  {
                    "Node Type": "Seq Scan",
                    "Parent Relationship": "Outer",
                    "Parallel Aware": true,
                    "Relation Name": "company_name",
                    "Alias": "cn",
                    "Startup Cost": 0.0,
                    "Total Cost": 4722.92,
                    "Plan Rows": 50548,
                    "Plan Width": 4,
                    "Actual Startup Time": 0.037,
                    "Actual Total Time": 16.072,
                    "Actual Rows": 42422,
                    "Actual Loops": 2,
                    "Filter": "((country_code)::text = '[us]'::text)",
                    "Rows Removed by Filter": 75077
                  },
                  {
                    "Node Type": "Hash",
                    "Parent Relationship": "Inner",
                    "Parallel Aware": true,
                    "Startup Cost": 1149271.59,
                    "Total Cost": 1149271.59,
                    "Plan Rows": 6239380,
                    "Plan Width": 37,
                    "Actual Startup Time": 5079.729,
                    "Actual Total Time": 5084.386,
                    "Actual Rows": 376410,
                    "Actual Loops": 2,
                    "Hash Buckets": 33554432,
                    "Original Hash Buckets": 33554432,
                    "Hash Batches": 1,
                    "Original Hash Batches": 1,
                    "Peak Memory Usage": 317952,
                    "Plans": [
                      {
                        "Node Type": "Hash Join",
                        "Parent Relationship": "Outer",
                        "Parallel Aware": true,
                        "Join Type": "Inner",
                        "Startup Cost": 1102258.31,
                        "Total Cost": 1149271.59,
                        "Plan Rows": 6239380,
                        "Plan Width": 37,
                        "Actual Startup Time": 4514.141,
                        "Actual Total Time": 4897.519,
                        "Actual Rows": 376410,
                        "Actual Loops": 2,
                        "Inner Unique": false,
                        "Hash Cond": "(mc.movie_id = ci.movie_id)",
                        "Plans": [
                          {
                            "Node Type": "Seq Scan",
                            "Parent Relationship": "Outer",
                            "Parallel Aware": true,
                            "Relation Name": "movie_companies",
                            "Alias": "mc",
                            "Startup Cost": 0.0,
                            "Total Cost": 27206.55,
                            "Plan Rows": 841655,
                            "Plan Width": 8,
                            "Actual Startup Time": 0.022,
                            "Actual Total Time": 117.046,
                            "Actual Rows": 1304564,
                            "Actual Loops": 2
                          },
                          {
                            "Node Type": "Hash",
                            "Parent Relationship": "Inner",
                            "Parallel Aware": true,
                            "Startup Cost": 1079791.09,
                            "Total Cost": 1079791.09,
                            "Plan Rows": 1797377,
                            "Plan Width": 41,
                            "Actual Startup Time": 4488.391,
                            "Actual Total Time": 4493.046,
                            "Actual Rows": 109483,
                            "Actual Loops": 2,
                            "Hash Buckets": 8388608,
                            "Original Hash Buckets": 8388608,
                            "Hash Batches": 1,
                            "Original Hash Batches": 1,
                            "Peak Memory Usage": 82464,
                            "Plans": [
                              {
                                "Node Type": "Hash Join",
                                "Parent Relationship": "Outer",
                                "Parallel Aware": true,
                                "Join Type": "Inner",
                                "Startup Cost": 501365.02,
                                "Total Cost": 1079791.09,
                                "Plan Rows": 1797377,
                                "Plan Width": 41,
                                "Actual Startup Time": 3772.022,
                                "Actual Total Time": 4419.159,
                                "Actual Rows": 109483,
                                "Actual Loops": 2,
                                "Inner Unique": false,
                                "Hash Cond": "(n1.id = an1.person_id)",
                                "Plans": [
                                  {
                                    "Node Type": "Seq Scan",
                                    "Parent Relationship": "Outer",
                                    "Parallel Aware": true,
                                    "Relation Name": "name",
                                    "Alias": "n1",
                                    "Startup Cost": 0.0,
                                    "Total Cost": 66031.44,
                                    "Plan Rows": 1041844,
                                    "Plan Width": 4,
                                    "Actual Startup Time": 0.008,
                                    "Actual Total Time": 201.075,
                                    "Actual Rows": 2083746,
                                    "Actual Loops": 2
                                  },
                                  {
                                    "Node Type": "Hash",
                                    "Parent Relationship": "Inner",
                                    "Parallel Aware": true,
                                    "Startup Cost": 472375.07,
                                    "Total Cost": 472375.07,
                                    "Plan Rows": 2319196,
                                    "Plan Width": 49,
                                    "Actual Startup Time": 3744.48,
                                    "Actual Total Time": 3749.132,
                                    "Actual Rows": 109483,
                                    "Actual Loops": 2,
                                    "Hash Buckets": 8388608,
                                    "Original Hash Buckets": 8388608,
                                    "Hash Batches": 1,
                                    "Original Hash Batches": 1,
                                    "Peak Memory Usage": 84192,
                                    "Plans": [
                                      {
                                        "Node Type": "Hash Join",
                                        "Parent Relationship": "Outer",
                                        "Parallel Aware": true,
                                        "Join Type": "Inner",
                                        "Startup Cost": 392420.53,
                                        "Total Cost": 472375.07,
                                        "Plan Rows": 2319196,
                                        "Plan Width": 49,
                                        "Actual Startup Time": 3556.851,
                                        "Actual Total Time": 3692.459,
                                        "Actual Rows": 109483,
                                        "Actual Loops": 2,
                                        "Inner Unique": false,
                                        "Hash Cond": "(an1.person_id = ci.person_id)",
                                        "Plans": [
                                          {
                                            "Node Type": "Seq Scan",
                                            "Parent Relationship": "Outer",
                                            "Parallel Aware": true,
                                            "Relation Name": "aka_name",
                                            "Alias": "an1",
                                            "Startup Cost": 0.0,
                                            "Total Cost": 14303.56,
                                            "Plan Rows": 290756,
                                            "Plan Width": 20,
                                            "Actual Startup Time": 0.017,
                                            "Actual Total Time": 43.015,
                                            "Actual Rows": 450672,
                                            "Actual Loops": 2
                                          },
                                          {
                                            "Node Type": "Hash",
                                            "Parent Relationship": "Inner",
                                            "Parallel Aware": true,
                                            "Startup Cost": 386125.77,
                                            "Total Cost": 386125.77,
                                            "Plan Rows": 503581,
                                            "Plan Width": 29,
                                            "Actual Startup Time": 3544.13,
                                            "Actual Total Time": 3548.779,
                                            "Actual Rows": 138202,
                                            "Actual Loops": 2,
                                            "Hash Buckets": 4194304,
                                            "Original Hash Buckets": 4194304,
                                            "Hash Batches": 1,
                                            "Original Hash Batches": 1,
                                            "Peak Memory Usage": 50208,
                                            "Plans": [
                                              {
                                                "Node Type": "Hash Join",
                                                "Parent Relationship": "Outer",
                                                "Parallel Aware": true,
                                                "Join Type": "Inner",
                                                "Startup Cost": 50222.02,
                                                "Total Cost": 386125.77,
                                                "Plan Rows": 503581,
                                                "Plan Width": 29,
                                                "Actual Startup Time": 2833.778,
                                                "Actual Total Time": 3486.179,
                                                "Actual Rows": 138202,
                                                "Actual Loops": 2,
                                                "Inner Unique": true,
                                                "Hash Cond": "(ci.movie_id = t.id)",
                                                "Plans": [
                                                  {
                                                    "Node Type": "Hash Join",
                                                    "Parent Relationship": "Outer",
                                                    "Parallel Aware": false,
                                                    "Join Type": "Inner",
                                                    "Startup Cost": 1.16,
                                                    "Total Cost": 334583.01,
                                                    "Plan Rows": 503581,
                                                    "Plan Width": 8,
                                                    "Actual Startup Time": 2133.315,
                                                    "Actual Total Time": 2700.957,
                                                    "Actual Rows": 138202,
                                                    "Actual Loops": 2,
                                                    "Inner Unique": true,
                                                    "Hash Cond": "(ci.role_id = rt.id)",
                                                    "Plans": [
                                                      {
                                                        "Node Type": "Seq Scan",
                                                        "Parent Relationship": "Outer",
                                                        "Parallel Aware": true,
                                                        "Relation Name": "cast_info",
                                                        "Alias": "ci",
                                                        "Startup Cost": 0.0,
                                                        "Total Cost": 313116.71,
                                                        "Plan Rows": 6042971,
                                                        "Plan Width": 12,
                                                        "Actual Startup Time": 0.021,
                                                        "Actual Total Time": 1392.748,
                                                        "Actual Rows": 18122172,
                                                        "Actual Loops": 2
                                                      },
                                                      {
                                                        "Node Type": "Hash",
                                                        "Parent Relationship": "Inner",
                                                        "Parallel Aware": false,
                                                        "Startup Cost": 1.15,
                                                        "Total Cost": 1.15,
                                                        "Plan Rows": 1,
                                                        "Plan Width": 4,
                                                        "Actual Startup Time": 0.058,
                                                        "Actual Total Time": 0.059,
                                                        "Actual Rows": 1,
                                                        "Actual Loops": 2,
                                                        "Hash Buckets": 1024,
                                                        "Original Hash Buckets": 1024,
                                                        "Hash Batches": 1,
                                                        "Original Hash Batches": 1,
                                                        "Peak Memory Usage": 9,
                                                        "Plans": [
                                                          {
                                                            "Node Type": "Seq Scan",
                                                            "Parent Relationship": "Outer",
                                                            "Parallel Aware": false,
                                                            "Relation Name": "role_type",
                                                            "Alias": "rt",
                                                            "Startup Cost": 0.0,
                                                            "Total Cost": 1.15,
                                                            "Plan Rows": 1,
                                                            "Plan Width": 4,
                                                            "Actual Startup Time": 0.043,
                                                            "Actual Total Time": 0.045,
                                                            "Actual Rows": 1,
                                                            "Actual Loops": 2,
                                                            "Filter": "((role)::text = 'costume designer'::text)",
                                                            "Rows Removed by Filter": 11
                                                          }
                                                        ]
                                                      }
                                                    ]
                                                  },
                                                  {
                                                    "Node Type": "Hash",
                                                    "Parent Relationship": "Inner",
                                                    "Parallel Aware": true,
                                                    "Startup Cost": 42319.27,
                                                    "Total Cost": 42319.27,
                                                    "Plan Rows": 632127,
                                                    "Plan Width": 21,
                                                    "Actual Startup Time": 687.662,
                                                    "Actual Total Time": 687.663,
                                                    "Actual Rows": 1264156,
                                                    "Actual Loops": 2,
                                                    "Hash Buckets": 4194304,
                                                    "Original Hash Buckets": 4194304,
                                                    "Hash Batches": 1,
                                                    "Original Hash Batches": 1,
                                                    "Peak Memory Usage": 174752,
                                                    "Plans": [
                                                      {
                                                        "Node Type": "Seq Scan",
                                                        "Parent Relationship": "Outer",
                                                        "Parallel Aware": true,
                                                        "Relation Name": "title",
                                                        "Alias": "t",
                                                        "Startup Cost": 0.0,
                                                        "Total Cost": 42319.27,
                                                        "Plan Rows": 632127,
                                                        "Plan Width": 21,
                                                        "Actual Startup Time": 0.057,
                                                        "Actual Total Time": 212.921,
                                                        "Actual Rows": 1264156,
                                                        "Actual Loops": 2
                                                      }
                                                    ]
                                                  }
                                                ]
                                              }
                                            ]
                                          }
                                        ]
                                      }
                                    ]
                                  }
                                ]
                              }
                            ]
                          }
                        ]
                      }
                    ]
                  }
                ]
              }
            ]
          }
        ]
      }
    ]
  },
  "Planning Time": 9.518,
  "Triggers": [],
  "Execution Time": 5475.278
}