[
  {
    "Plan": {
      "Node Type": "Aggregate",
      "Strategy": "Plain",
      "Partial Mode": "Finalize",
      "Parallel Aware": false,
      "Startup Cost": 39688.6,
      "Total Cost": 39688.61,
      "Plan Rows": 1,
      "Plan Width": 8,
      "Actual Startup Time": 63.694,
      "Actual Total Time": 69.532,
      "Actual Rows": 1,
      "Actual Loops": 1,
      "Plans": [
        {
          "Node Type": "Gather",
          "Parent Relationship": "Outer",
          "Parallel Aware": false,
          "Startup Cost": 39688.18,
          "Total Cost": 39688.59,
          "Plan Rows": 4,
          "Plan Width": 8,
          "Actual Startup Time": 63.396,
          "Actual Total Time": 69.525,
          "Actual Rows": 5,
          "Actual Loops": 1,
          "Workers Planned": 4,
          "Workers Launched": 4,
          "Single Copy": false,
          "Plans": [
            {
              "Node Type": "Aggregate",
              "Strategy": "Plain",
              "Partial Mode": "Partial",
              "Parent Relationship": "Outer",
              "Parallel Aware": false,
              "Startup Cost": 38688.18,
              "Total Cost": 38688.19,
              "Plan Rows": 1,
              "Plan Width": 8,
              "Actual Startup Time": 53.76,
              "Actual Total Time": 53.761,
              "Actual Rows": 1,
              "Actual Loops": 5,
              "Plans": [
                {
                  "Node Type": "Bitmap Heap Scan",
                  "Parent Relationship": "Outer",
                  "Parallel Aware": true,
                  "Relation Name": "title",
                  "Alias": "t",
                  "Startup Cost": 2195.51,
                  "Total Cost": 38651.76,
                  "Plan Rows": 14569,
                  "Plan Width": 0,
                  "Actual Startup Time": 14.808,
                  "Actual Total Time": 52.329,
                  "Actual Rows": 14454,
                  "Actual Loops": 5,
                  "Recheck Cond": "(kind_id = 4)",
                  "Rows Removed by Index Recheck": 0,
                  "Filter": "(production_year > 2003)",
                  "Rows Removed by Filter": 9193,
                  "Exact Heap Blocks": 7473,
                  "Lossy Heap Blocks": 0,
                  "Plans": [
                    {
                      "Node Type": "Bitmap Index Scan",
                      "Parent Relationship": "Outer",
                      "Parallel Aware": false,
                      "Index Name": "kind_id_title",
                      "Startup Cost": 0.0,
                      "Total Cost": 2180.94,
                      "Plan Rows": 122201,
                      "Plan Width": 0,
                      "Actual Startup Time": 19.282,
                      "Actual Total Time": 19.282,
                      "Actual Rows": 118234,
                      "Actual Loops": 1,
                      "Index Cond": "(kind_id = 4)"
                    }
                  ]
                }
              ]
            }
          ]
        }
      ]
    },
    "Planning Time": 0.166,
    "Triggers": [],
    "Execution Time": 69.599
  }
]