{
  "Plan": {
    "Node Type": "Aggregate",
    "Strategy": "Plain",
    "Partial Mode": "Finalize",
    "Parallel Aware": false,
    "Startup Cost": 697769.54,
    "Total Cost": 697769.55,
    "Plan Rows": 1,
    "Plan Width": 8,
    "Actual Startup Time": 6226.882,
    "Actual Total Time": 6298.921,
    "Actual Rows": 1,
    "Actual Loops": 1,
    "Plans": [
      {
        "Node Type": "Gather",
        "Parent Relationship": "Outer",
        "Parallel Aware": false,
        "Startup Cost": 697769.43,
        "Total Cost": 697769.54,
        "Plan Rows": 1,
        "Plan Width": 8,
        "Actual Startup Time": 6220.267,
        "Actual Total Time": 6298.91,
        "Actual Rows": 2,
        "Actual Loops": 1,
        "Workers Planned": 1,
        "Workers Launched": 1,
        "Single Copy": false,
        "Plans": [
          {
            "Node Type": "Aggregate",
            "Strategy": "Plain",
            "Partial Mode": "Partial",
            "Parent Relationship": "Outer",
            "Parallel Aware": false,
            "Startup Cost": 696769.43,
            "Total Cost": 696769.44,
            "Plan Rows": 1,
            "Plan Width": 8,
            "Actual Startup Time": 6214.196,
            "Actual Total Time": 6214.507,
            "Actual Rows": 1,
            "Actual Loops": 2,
            "Plans": [
              {
                "Node Type": "Hash Join",
                "Parent Relationship": "Outer",
                "Parallel Aware": true,
                "Join Type": "Inner",
                "Startup Cost": 113716.7,
                "Total Cost": 685631.44,
                "Plan Rows": 4455194,
                "Plan Width": 0,
                "Actual Startup Time": 833.77,
                "Actual Total Time": 5674.924,
                "Actual Rows": 12537202,
                "Actual Loops": 2,
                "Inner Unique": false,
                "Hash Cond": "(ci.movie_id = t.id)",
                "Plans": [
                  {
                    "Node Type": "Seq Scan",
                    "Parent Relationship": "Outer",
                    "Parallel Aware": true,
                    "Relation Name": "cast_info",
                    "Alias": "ci",
                    "Startup Cost": 0.0,
                    "Total Cost": 465792.95,
                    "Plan Rows": 21310595,
                    "Plan Width": 4,
                    "Actual Startup Time": 0.018,
                    "Actual Total Time": 1379.887,
                    "Actual Rows": 18122172,
                    "Actual Loops": 2
                  },
                  {
                    "Node Type": "Hash",
                    "Parent Relationship": "Inner",
                    "Parallel Aware": true,
                    "Startup Cost": 109830.19,
                    "Total Cost": 109830.19,
                    "Plan Rows": 310921,
                    "Plan Width": 8,
                    "Actual Startup Time": 824.303,
                    "Actual Total Time": 824.612,
                    "Actual Rows": 256644,
                    "Actual Loops": 2,
                    "Hash Buckets": 1048576,
                    "Original Hash Buckets": 1048576,
                    "Hash Batches": 1,
                    "Original Hash Batches": 1,
                    "Peak Memory Usage": 28288,
                    "Plans": [
                      {
                        "Node Type": "Hash Join",
                        "Parent Relationship": "Outer",
                        "Parallel Aware": true,
                        "Join Type": "Inner",
                        "Startup Cost": 80673.51,
                        "Total Cost": 109830.19,
                        "Plan Rows": 310921,
                        "Plan Width": 8,
                        "Actual Startup Time": 611.021,
                        "Actual Total Time": 764.514,
                        "Actual Rows": 256644,
                        "Actual Loops": 2,
                        "Inner Unique": true,
                        "Hash Cond": "(mk.movie_id = t.id)",
                        "Plans": [
                          {
                            "Node Type": "Bitmap Heap Scan",
                            "Parent Relationship": "Outer",
                            "Parallel Aware": true,
                            "Relation Name": "movie_keyword",
                            "Alias": "mk",
                            "Startup Cost": 11212.81,
                            "Total Cost": 39553.32,
                            "Plan Rows": 310921,
                            "Plan Width": 4,
                            "Actual Startup Time": 29.01,
                            "Actual Total Time": 103.638,
                            "Actual Rows": 256644,
                            "Actual Loops": 2,
                            "Recheck Cond": "(keyword_id > 35304)",
                            "Rows Removed by Index Recheck": 0,
                            "Exact Heap Blocks": 14773,
                            "Lossy Heap Blocks": 0,
                            "Plans": [
                              {
                                "Node Type": "Bitmap Index Scan",
                                "Parent Relationship": "Outer",
                                "Parallel Aware": false,
                                "Index Name": "keyword_id_movie_keyword",
                                "Startup Cost": 0.0,
                                "Total Cost": 11080.67,
                                "Plan Rows": 528565,
                                "Plan Width": 0,
                                "Actual Startup Time": 25.596,
                                "Actual Total Time": 25.597,
                                "Actual Rows": 513289,
                                "Actual Loops": 1,
                                "Index Cond": "(keyword_id > 35304)"
                              }
                            ]
                          },
                          {
                            "Node Type": "Hash",
                            "Parent Relationship": "Inner",
                            "Parallel Aware": true,
                            "Startup Cost": 50870.31,
                            "Total Cost": 50870.31,
                            "Plan Rows": 1487231,
                            "Plan Width": 4,
                            "Actual Startup Time": 565.634,
                            "Actual Total Time": 565.636,
                            "Actual Rows": 1264156,
                            "Actual Loops": 2,
                            "Hash Buckets": 4194304,
                            "Original Hash Buckets": 4194304,
                            "Hash Batches": 1,
                            "Original Hash Batches": 1,
                            "Peak Memory Usage": 131712,
                            "Plans": [
                              {
                                "Node Type": "Seq Scan",
                                "Parent Relationship": "Outer",
                                "Parallel Aware": true,
                                "Relation Name": "title",
                                "Alias": "t",
                                "Startup Cost": 0.0,
                                "Total Cost": 50870.31,
                                "Plan Rows": 1487231,
                                "Plan Width": 4,
                                "Actual Startup Time": 0.044,
                                "Actual Total Time": 175.885,
                                "Actual Rows": 1264156,
                                "Actual Loops": 2
                              }
                            ]
                          }
                        ]
                      }
                    ]
                  }
                ]
              }
            ]
          }
        ]
      }
    ]
  },
  "Planning Time": 1.03,
  "Triggers": [],
  "Execution Time": 6299.037
}