{
  "Plan": {
    "Node Type": "Aggregate",
    "Strategy": "Plain",
    "Partial Mode": "Finalize",
    "Parallel Aware": false,
    "Startup Cost": 700444.1,
    "Total Cost": 700444.11,
    "Plan Rows": 1,
    "Plan Width": 8,
    "Actual Startup Time": 7367.909,
    "Actual Total Time": 7435.703,
    "Actual Rows": 1,
    "Actual Loops": 1,
    "Plans": [
      {
        "Node Type": "Gather",
        "Parent Relationship": "Outer",
        "Parallel Aware": false,
        "Startup Cost": 700443.99,
        "Total Cost": 700444.1,
        "Plan Rows": 1,
        "Plan Width": 8,
        "Actual Startup Time": 7365.066,
        "Actual Total Time": 7435.691,
        "Actual Rows": 2,
        "Actual Loops": 1,
        "Workers Planned": 1,
        "Workers Launched": 1,
        "Single Copy": false,
        "Plans": [
          {
            "Node Type": "Aggregate",
            "Strategy": "Plain",
            "Partial Mode": "Partial",
            "Parent Relationship": "Outer",
            "Parallel Aware": false,
            "Startup Cost": 699443.99,
            "Total Cost": 699444.0,
            "Plan Rows": 1,
            "Plan Width": 8,
            "Actual Startup Time": 7357.04,
            "Actual Total Time": 7357.046,
            "Actual Rows": 1,
            "Actual Loops": 2,
            "Plans": [
              {
                "Node Type": "Hash Join",
                "Parent Relationship": "Outer",
                "Parallel Aware": true,
                "Join Type": "Inner",
                "Startup Cost": 66865.64,
                "Total Cost": 676187.58,
                "Plan Rows": 9302562,
                "Plan Width": 0,
                "Actual Startup Time": 437.163,
                "Actual Total Time": 7001.938,
                "Actual Rows": 8783875,
                "Actual Loops": 2,
                "Inner Unique": true,
                "Hash Cond": "(ci.movie_id = t.id)",
                "Plans": [
                  {
                    "Node Type": "Seq Scan",
                    "Parent Relationship": "Outer",
                    "Parallel Aware": true,
                    "Relation Name": "cast_info",
                    "Alias": "ci",
                    "Startup Cost": 0.0,
                    "Total Cost": 572345.93,
                    "Plan Rows": 14086074,
                    "Plan Width": 4,
                    "Actual Startup Time": 0.016,
                    "Actual Total Time": 1937.238,
                    "Actual Rows": 13124520,
                    "Actual Loops": 2,
                    "Filter": "((person_id < 2823847) AND (role_id < 10))",
                    "Rows Removed by Filter": 4997652
                  },
                  {
                    "Node Type": "Hash",
                    "Parent Relationship": "Inner",
                    "Parallel Aware": true,
                    "Startup Cost": 54588.39,
                    "Total Cost": 54588.39,
                    "Plan Rows": 982180,
                    "Plan Width": 4,
                    "Actual Startup Time": 422.753,
                    "Actual Total Time": 422.754,
                    "Actual Rows": 835646,
                    "Actual Loops": 2,
                    "Hash Buckets": 2097152,
                    "Original Hash Buckets": 2097152,
                    "Hash Batches": 1,
                    "Original Hash Batches": 1,
                    "Peak Memory Usage": 81792,
                    "Plans": [
                      {
                        "Node Type": "Seq Scan",
                        "Parent Relationship": "Outer",
                        "Parallel Aware": true,
                        "Relation Name": "title",
                        "Alias": "t",
                        "Startup Cost": 0.0,
                        "Total Cost": 54588.39,
                        "Plan Rows": 982180,
                        "Plan Width": 4,
                        "Actual Startup Time": 0.029,
                        "Actual Total Time": 174.191,
                        "Actual Rows": 835646,
                        "Actual Loops": 2,
                        "Filter": "(production_year < 2008)",
                        "Rows Removed by Filter": 428510
                      }
                    ]
                  }
                ]
              }
            ]
          }
        ]
      }
    ]
  },
  "Planning Time": 0.736,
  "Triggers": [],
  "Execution Time": 7435.786
}