[
    {
        "Bao": {
            "Bao prediction": "NaN",
            "Bao recommended hint": "(no hint)"
        }
    },
    {
        "Plan": {
            "Node Type": "Aggregate",
            "Strategy": "Plain",
            "Partial Mode": "Finalize",
            "Parallel Aware": false,
            "Startup Cost": 343836.22,
            "Total Cost": 343836.23,
            "Plan Rows": 1,
            "Plan Width": 8,
            "Actual Startup Time": 842.651,
            "Actual Total Time": 868.98,
            "Actual Rows": 1,
            "Actual Loops": 1,
            "Output": [
                "count(*)"
            ],
            "Plans": [
                {
                    "Node Type": "Gather",
                    "Parent Relationship": "Outer",
                    "Parallel Aware": false,
                    "Startup Cost": 343835.59,
                    "Total Cost": 343836.2,
                    "Plan Rows": 6,
                    "Plan Width": 8,
                    "Actual Startup Time": 842.55,
                    "Actual Total Time": 868.97,
                    "Actual Rows": 7,
                    "Actual Loops": 1,
                    "Output": [
                        "(PARTIAL count(*))"
                    ],
                    "Workers Planned": 6,
                    "Workers Launched": 6,
                    "Single Copy": false,
                    "Plans": [
                        {
                            "Node Type": "Aggregate",
                            "Strategy": "Plain",
                            "Partial Mode": "Partial",
                            "Parent Relationship": "Outer",
                            "Parallel Aware": false,
                            "Startup Cost": 342835.59,
                            "Total Cost": 342835.6,
                            "Plan Rows": 1,
                            "Plan Width": 8,
                            "Actual Startup Time": 832.631,
                            "Actual Total Time": 832.632,
                            "Actual Rows": 1,
                            "Actual Loops": 7,
                            "Output": [
                                "PARTIAL count(*)"
                            ],
                            "Workers": [
                                {
                                    "Worker Number": 0,
                                    "Actual Startup Time": 830.114,
                                    "Actual Total Time": 830.115,
                                    "Actual Rows": 1,
                                    "Actual Loops": 1
                                },
                                {
                                    "Worker Number": 1,
                                    "Actual Startup Time": 830.5,
                                    "Actual Total Time": 830.501,
                                    "Actual Rows": 1,
                                    "Actual Loops": 1
                                },
                                {
                                    "Worker Number": 2,
                                    "Actual Startup Time": 830.747,
                                    "Actual Total Time": 830.748,
                                    "Actual Rows": 1,
                                    "Actual Loops": 1
                                },
                                {
                                    "Worker Number": 3,
                                    "Actual Startup Time": 831.331,
                                    "Actual Total Time": 831.332,
                                    "Actual Rows": 1,
                                    "Actual Loops": 1
                                },
                                {
                                    "Worker Number": 4,
                                    "Actual Startup Time": 831.769,
                                    "Actual Total Time": 831.77,
                                    "Actual Rows": 1,
                                    "Actual Loops": 1
                                },
                                {
                                    "Worker Number": 5,
                                    "Actual Startup Time": 831.79,
                                    "Actual Total Time": 831.791,
                                    "Actual Rows": 1,
                                    "Actual Loops": 1
                                }
                            ],
                            "Plans": [
                                {
                                    "Node Type": "Seq Scan",
                                    "Parent Relationship": "Outer",
                                    "Parallel Aware": true,
                                    "Relation Name": "cast_info",
                                    "Schema": "public",
                                    "Alias": "ci",
                                    "Startup Cost": 0.0,
                                    "Total Cost": 328213.62,
                                    "Plan Rows": 5848791,
                                    "Plan Width": 0,
                                    "Actual Startup Time": 21.289,
                                    "Actual Total Time": 611.32,
                                    "Actual Rows": 5007412,
                                    "Actual Loops": 7,
                                    "Output": [
                                        "id",
                                        "person_id",
                                        "movie_id",
                                        "person_role_id",
                                        "note",
                                        "nr_order",
                                        "role_id"
                                    ],
                                    "Filter": "(ci.person_id > 120346)",
                                    "Rows Removed by Filter": 170352,
                                    "Workers": [
                                        {
                                            "Worker Number": 0,
                                            "Actual Startup Time": 18.787,
                                            "Actual Total Time": 615.239,
                                            "Actual Rows": 4993436,
                                            "Actual Loops": 1
                                        },
                                        {
                                            "Worker Number": 1,
                                            "Actual Startup Time": 19.167,
                                            "Actual Total Time": 615.075,
                                            "Actual Rows": 5021815,
                                            "Actual Loops": 1
                                        },
                                        {
                                            "Worker Number": 2,
                                            "Actual Startup Time": 19.399,
                                            "Actual Total Time": 607.095,
                                            "Actual Rows": 3399470,
                                            "Actual Loops": 1
                                        },
                                        {
                                            "Worker Number": 3,
                                            "Actual Startup Time": 19.99,
                                            "Actual Total Time": 621.623,
                                            "Actual Rows": 5150125,
                                            "Actual Loops": 1
                                        },
                                        {
                                            "Worker Number": 4,
                                            "Actual Startup Time": 20.422,
                                            "Actual Total Time": 621.752,
                                            "Actual Rows": 5151787,
                                            "Actual Loops": 1
                                        },
                                        {
                                            "Worker Number": 5,
                                            "Actual Startup Time": 20.44,
                                            "Actual Total Time": 620.925,
                                            "Actual Rows": 5076845,
                                            "Actual Loops": 1
                                        }
                                    ]
                                }
                            ]
                        }
                    ]
                }
            ]
        },
        "Planning Time": 211.448,
        "Triggers": [],
        "Execution Time": 869.036
    }
]