[
  {
    "Plan": {
      "Node Type": "Aggregate",
      "Strategy": "Plain",
      "Partial Mode": "Finalize",
      "Parallel Aware": false,
      "Startup Cost": 31735.78,
      "Total Cost": 31735.79,
      "Plan Rows": 1,
      "Plan Width": 8,
      "Actual Startup Time": 106.923,
      "Actual Total Time": 114.375,
      "Actual Rows": 1,
      "Actual Loops": 1,
      "Plans": [
        {
          "Node Type": "Gather",
          "Parent Relationship": "Outer",
          "Parallel Aware": false,
          "Startup Cost": 31735.46,
          "Total Cost": 31735.77,
          "Plan Rows": 3,
          "Plan Width": 8,
          "Actual Startup Time": 106.777,
          "Actual Total Time": 114.365,
          "Actual Rows": 4,
          "Actual Loops": 1,
          "Workers Planned": 3,
          "Workers Launched": 3,
          "Single Copy": false,
          "Plans": [
            {
              "Node Type": "Aggregate",
              "Strategy": "Plain",
              "Partial Mode": "Partial",
              "Parent Relationship": "Outer",
              "Parallel Aware": false,
              "Startup Cost": 30735.46,
              "Total Cost": 30735.47,
              "Plan Rows": 1,
              "Plan Width": 8,
              "Actual Startup Time": 100.141,
              "Actual Total Time": 100.142,
              "Actual Rows": 1,
              "Actual Loops": 4,
              "Plans": [
                {
                  "Node Type": "Seq Scan",
                  "Parent Relationship": "Outer",
                  "Parallel Aware": true,
                  "Relation Name": "movie_companies",
                  "Alias": "mc",
                  "Startup Cost": 0.0,
                  "Total Cost": 29310.68,
                  "Plan Rows": 569911,
                  "Plan Width": 0,
                  "Actual Startup Time": 0.956,
                  "Actual Total Time": 80.216,
                  "Actual Rows": 441704,
                  "Actual Loops": 4,
                  "Filter": "(company_id > 2229)",
                  "Rows Removed by Filter": 210578
                }
              ]
            }
          ]
        }
      ]
    },
    "Planning Time": 0.127,
    "Triggers": [],
    "Execution Time": 114.424
  }
]