[
  {
    "Plan": {
      "Node Type": "Aggregate",
      "Strategy": "Plain",
      "Partial Mode": "Finalize",
      "Parallel Aware": false,
      "Startup Cost": 112285.81,
      "Total Cost": 112285.82,
      "Plan Rows": 1,
      "Plan Width": 8,
      "Actual Startup Time": 171.967,
      "Actual Total Time": 181.8,
      "Actual Rows": 1,
      "Actual Loops": 1,
      "Plans": [
        {
          "Node Type": "Gather",
          "Parent Relationship": "Outer",
          "Parallel Aware": false,
          "Startup Cost": 112285.29,
          "Total Cost": 112285.8,
          "Plan Rows": 5,
          "Plan Width": 8,
          "Actual Startup Time": 171.897,
          "Actual Total Time": 181.794,
          "Actual Rows": 6,
          "Actual Loops": 1,
          "Workers Planned": 5,
          "Workers Launched": 5,
          "Single Copy": false,
          "Plans": [
            {
              "Node Type": "Aggregate",
              "Strategy": "Plain",
              "Partial Mode": "Partial",
              "Parent Relationship": "Outer",
              "Parallel Aware": false,
              "Startup Cost": 111285.29,
              "Total Cost": 111285.3,
              "Plan Rows": 1,
              "Plan Width": 8,
              "Actual Startup Time": 164.3,
              "Actual Total Time": 164.301,
              "Actual Rows": 1,
              "Actual Loops": 6,
              "Plans": [
                {
                  "Node Type": "Index Scan",
                  "Parent Relationship": "Outer",
                  "Parallel Aware": true,
                  "Scan Direction": "Forward",
                  "Index Name": "role_id_cast_info",
                  "Relation Name": "cast_info",
                  "Alias": "ci",
                  "Startup Cost": 0.56,
                  "Total Cost": 110428.26,
                  "Plan Rows": 342814,
                  "Plan Width": 0,
                  "Actual Startup Time": 0.164,
                  "Actual Total Time": 143.98,
                  "Actual Rows": 420722,
                  "Actual Loops": 6,
                  "Index Cond": "(role_id = 3)",
                  "Rows Removed by Index Recheck": 0,
                  "Filter": "(person_id > 2110867)",
                  "Rows Removed by Filter": 247284
                }
              ]
            }
          ]
        }
      ]
    },
    "Planning Time": 0.227,
    "Triggers": [],
    "Execution Time": 181.861
  }
]