[
  {
    "Plan": {
      "Node Type": "Aggregate",
      "Strategy": "Plain",
      "Partial Mode": "Finalize",
      "Parallel Aware": false,
      "Startup Cost": 33086.83,
      "Total Cost": 33086.84,
      "Plan Rows": 1,
      "Plan Width": 8,
      "Actual Startup Time": 98.195,
      "Actual Total Time": 106.427,
      "Actual Rows": 1,
      "Actual Loops": 1,
      "Plans": [
        {
          "Node Type": "Gather",
          "Parent Relationship": "Outer",
          "Parallel Aware": false,
          "Startup Cost": 33086.51,
          "Total Cost": 33086.82,
          "Plan Rows": 3,
          "Plan Width": 8,
          "Actual Startup Time": 98.058,
          "Actual Total Time": 106.419,
          "Actual Rows": 4,
          "Actual Loops": 1,
          "Workers Planned": 3,
          "Workers Launched": 3,
          "Single Copy": false,
          "Plans": [
            {
              "Node Type": "Aggregate",
              "Strategy": "Plain",
              "Partial Mode": "Partial",
              "Parent Relationship": "Outer",
              "Parallel Aware": false,
              "Startup Cost": 32086.51,
              "Total Cost": 32086.52,
              "Plan Rows": 1,
              "Plan Width": 8,
              "Actual Startup Time": 90.851,
              "Actual Total Time": 90.852,
              "Actual Rows": 1,
              "Actual Loops": 4,
              "Plans": [
                {
                  "Node Type": "Seq Scan",
                  "Parent Relationship": "Outer",
                  "Parallel Aware": true,
                  "Relation Name": "movie_companies",
                  "Alias": "mc",
                  "Startup Cost": 0.0,
                  "Total Cost": 31414.82,
                  "Plan Rows": 268676,
                  "Plan Width": 0,
                  "Actual Startup Time": 1.604,
                  "Actual Total Time": 82.9,
                  "Actual Rows": 156261,
                  "Actual Loops": 4,
                  "Filter": "((company_id > 3111) AND (company_type_id < 2))",
                  "Rows Removed by Filter": 496021
                }
              ]
            }
          ]
        }
      ]
    },
    "Planning Time": 0.117,
    "Triggers": [],
    "Execution Time": 106.463
  }
]