[
  {
    "Plan": {
      "Node Type": "Aggregate",
      "Strategy": "Plain",
      "Partial Mode": "Finalize",
      "Parallel Aware": false,
      "Startup Cost": 47385.52,
      "Total Cost": 47385.53,
      "Plan Rows": 1,
      "Plan Width": 8,
      "Actual Startup Time": 113.972,
      "Actual Total Time": 125.681,
      "Actual Rows": 1,
      "Actual Loops": 1,
      "Plans": [
        {
          "Node Type": "Gather",
          "Parent Relationship": "Outer",
          "Parallel Aware": false,
          "Startup Cost": 47385.1,
          "Total Cost": 47385.51,
          "Plan Rows": 4,
          "Plan Width": 8,
          "Actual Startup Time": 113.803,
          "Actual Total Time": 125.666,
          "Actual Rows": 5,
          "Actual Loops": 1,
          "Workers Planned": 4,
          "Workers Launched": 4,
          "Single Copy": false,
          "Plans": [
            {
              "Node Type": "Aggregate",
              "Strategy": "Plain",
              "Partial Mode": "Partial",
              "Parent Relationship": "Outer",
              "Parallel Aware": false,
              "Startup Cost": 46385.1,
              "Total Cost": 46385.11,
              "Plan Rows": 1,
              "Plan Width": 8,
              "Actual Startup Time": 107.185,
              "Actual Total Time": 107.187,
              "Actual Rows": 1,
              "Actual Loops": 5,
              "Plans": [
                {
                  "Node Type": "Seq Scan",
                  "Parent Relationship": "Outer",
                  "Parallel Aware": true,
                  "Relation Name": "title",
                  "Alias": "t",
                  "Startup Cost": 0.0,
                  "Total Cost": 45479.59,
                  "Plan Rows": 362204,
                  "Plan Width": 0,
                  "Actual Startup Time": 0.038,
                  "Actual Total Time": 91.673,
                  "Actual Rows": 312138,
                  "Actual Loops": 5,
                  "Filter": "((kind_id > 1) AND (production_year > 1979))",
                  "Rows Removed by Filter": 193525
                }
              ]
            }
          ]
        }
      ]
    },
    "Planning Time": 0.084,
    "Triggers": [],
    "Execution Time": 125.712
  }
]