[
  {
    "Plan": {
      "Node Type": "Aggregate",
      "Strategy": "Plain",
      "Partial Mode": "Finalize",
      "Parallel Aware": false,
      "Startup Cost": 46970.92,
      "Total Cost": 46970.93,
      "Plan Rows": 1,
      "Plan Width": 8,
      "Actual Startup Time": 201.583,
      "Actual Total Time": 209.315,
      "Actual Rows": 1,
      "Actual Loops": 1,
      "Plans": [
        {
          "Node Type": "Gather",
          "Parent Relationship": "Outer",
          "Parallel Aware": false,
          "Startup Cost": 46970.6,
          "Total Cost": 46970.91,
          "Plan Rows": 3,
          "Plan Width": 8,
          "Actual Startup Time": 201.467,
          "Actual Total Time": 209.305,
          "Actual Rows": 4,
          "Actual Loops": 1,
          "Workers Planned": 3,
          "Workers Launched": 3,
          "Single Copy": false,
          "Plans": [
            {
              "Node Type": "Aggregate",
              "Strategy": "Plain",
              "Partial Mode": "Partial",
              "Parent Relationship": "Outer",
              "Parallel Aware": false,
              "Startup Cost": 45970.6,
              "Total Cost": 45970.61,
              "Plan Rows": 1,
              "Plan Width": 8,
              "Actual Startup Time": 193.01,
              "Actual Total Time": 193.011,
              "Actual Rows": 1,
              "Actual Loops": 4,
              "Plans": [
                {
                  "Node Type": "Seq Scan",
                  "Parent Relationship": "Outer",
                  "Parallel Aware": true,
                  "Relation Name": "movie_keyword",
                  "Alias": "mk",
                  "Startup Cost": 0.0,
                  "Total Cost": 42695.65,
                  "Plan Rows": 1309978,
                  "Plan Width": 0,
                  "Actual Startup Time": 0.056,
                  "Actual Total Time": 138.372,
                  "Actual Rows": 1017977,
                  "Actual Loops": 4,
                  "Filter": "(keyword_id < 39183)",
                  "Rows Removed by Filter": 113006
                }
              ]
            }
          ]
        }
      ]
    },
    "Planning Time": 0.182,
    "Triggers": [],
    "Execution Time": 209.377
  }
]