[
  {
    "Plan": {
      "Node Type": "Aggregate",
      "Strategy": "Plain",
      "Partial Mode": "Finalize",
      "Parallel Aware": false,
      "Startup Cost": 33386.8,
      "Total Cost": 33386.81,
      "Plan Rows": 1,
      "Plan Width": 8,
      "Actual Startup Time": 103.082,
      "Actual Total Time": 118.903,
      "Actual Rows": 1,
      "Actual Loops": 1,
      "Plans": [
        {
          "Node Type": "Gather",
          "Parent Relationship": "Outer",
          "Parallel Aware": false,
          "Startup Cost": 33386.49,
          "Total Cost": 33386.8,
          "Plan Rows": 3,
          "Plan Width": 8,
          "Actual Startup Time": 103.007,
          "Actual Total Time": 118.897,
          "Actual Rows": 4,
          "Actual Loops": 1,
          "Workers Planned": 3,
          "Workers Launched": 3,
          "Single Copy": false,
          "Plans": [
            {
              "Node Type": "Aggregate",
              "Strategy": "Plain",
              "Partial Mode": "Partial",
              "Parent Relationship": "Outer",
              "Parallel Aware": false,
              "Startup Cost": 32386.49,
              "Total Cost": 32386.5,
              "Plan Rows": 1,
              "Plan Width": 8,
              "Actual Startup Time": 99.675,
              "Actual Total Time": 99.676,
              "Actual Rows": 1,
              "Actual Loops": 4,
              "Plans": [
                {
                  "Node Type": "Seq Scan",
                  "Parent Relationship": "Outer",
                  "Parallel Aware": true,
                  "Relation Name": "movie_companies",
                  "Alias": "mc",
                  "Startup Cost": 0.0,
                  "Total Cost": 31414.82,
                  "Plan Rows": 388667,
                  "Plan Width": 0,
                  "Actual Startup Time": 38.961,
                  "Actual Total Time": 84.415,
                  "Actual Rows": 271493,
                  "Actual Loops": 4,
                  "Filter": "((company_id < 101385) AND (company_type_id > 1))",
                  "Rows Removed by Filter": 380790
                }
              ]
            }
          ]
        }
      ]
    },
    "Planning Time": 0.081,
    "Triggers": [],
    "Execution Time": 118.928
  }
]