{
  "Plan": {
    "Node Type": "Aggregate",
    "Strategy": "Plain",
    "Partial Mode": "Finalize",
    "Parallel Aware": false,
    "Startup Cost": 191349.76,
    "Total Cost": 191349.77,
    "Plan Rows": 1,
    "Plan Width": 8,
    "Actual Startup Time": 699.868,
    "Actual Total Time": 716.031,
    "Actual Rows": 1,
    "Actual Loops": 1,
    "Plans": [
      {
        "Node Type": "Gather",
        "Parent Relationship": "Outer",
        "Parallel Aware": false,
        "Startup Cost": 191349.65,
        "Total Cost": 191349.76,
        "Plan Rows": 1,
        "Plan Width": 8,
        "Actual Startup Time": 696.472,
        "Actual Total Time": 716.024,
        "Actual Rows": 2,
        "Actual Loops": 1,
        "Workers Planned": 1,
        "Workers Launched": 1,
        "Single Copy": false,
        "Plans": [
          {
            "Node Type": "Aggregate",
            "Strategy": "Plain",
            "Partial Mode": "Partial",
            "Parent Relationship": "Outer",
            "Parallel Aware": false,
            "Startup Cost": 190349.65,
            "Total Cost": 190349.66,
            "Plan Rows": 1,
            "Plan Width": 8,
            "Actual Startup Time": 689.576,
            "Actual Total Time": 689.584,
            "Actual Rows": 1,
            "Actual Loops": 2,
            "Plans": [
              {
                "Node Type": "Merge Join",
                "Parent Relationship": "Outer",
                "Parallel Aware": false,
                "Join Type": "Inner",
                "Startup Cost": 186485.14,
                "Total Cost": 190251.91,
                "Plan Rows": 39093,
                "Plan Width": 0,
                "Actual Startup Time": 636.882,
                "Actual Total Time": 688.269,
                "Actual Rows": 33638,
                "Actual Loops": 2,
                "Inner Unique": false,
                "Merge Cond": "(t.id = mi_idx.movie_id)",
                "Plans": [
                  {
                    "Node Type": "Sort",
                    "Parent Relationship": "Outer",
                    "Parallel Aware": false,
                    "Startup Cost": 121085.91,
                    "Total Cost": 121621.94,
                    "Plan Rows": 214412,
                    "Plan Width": 8,
                    "Actual Startup Time": 472.773,
                    "Actual Total Time": 478.745,
                    "Actual Rows": 85351,
                    "Actual Loops": 2,
                    "Sort Key": [
                      "mc.movie_id"
                    ],
                    "Sort Method": "quicksort",
                    "Sort Space Used": 7207,
                    "Sort Space Type": "Memory",
                    "Workers": [
                      {
                        "Worker Number": 0,
                        "Sort Method": "quicksort",
                        "Sort Space Used": 6940,
                        "Sort Space Type": "Memory"
                      }
                    ],
                    "Plans": [
                      {
                        "Node Type": "Hash Join",
                        "Parent Relationship": "Outer",
                        "Parallel Aware": true,
                        "Join Type": "Inner",
                        "Startup Cost": 40599.83,
                        "Total Cost": 102099.69,
                        "Plan Rows": 214412,
                        "Plan Width": 8,
                        "Actual Startup Time": 164.939,
                        "Actual Total Time": 450.883,
                        "Actual Rows": 85351,
                        "Actual Loops": 2,
                        "Inner Unique": false,
                        "Hash Cond": "(t.id = mc.movie_id)",
                        "Plans": [
                          {
                            "Node Type": "Seq Scan",
                            "Parent Relationship": "Outer",
                            "Parallel Aware": true,
                            "Relation Name": "title",
                            "Alias": "t",
                            "Startup Cost": 0.0,
                            "Total Cost": 54588.39,
                            "Plan Rows": 904038,
                            "Plan Width": 4,
                            "Actual Startup Time": 0.013,
                            "Actual Total Time": 135.19,
                            "Actual Rows": 771632,
                            "Actual Loops": 2,
                            "Filter": "(kind_id = 7)",
                            "Rows Removed by Filter": 492524
                          },
                          {
                            "Node Type": "Hash",
                            "Parent Relationship": "Inner",
                            "Parallel Aware": true,
                            "Startup Cost": 36190.73,
                            "Total Cost": 36190.73,
                            "Plan Rows": 352728,
                            "Plan Width": 4,
                            "Actual Startup Time": 156.105,
                            "Actual Total Time": 156.107,
                            "Actual Rows": 306868,
                            "Actual Loops": 2,
                            "Hash Buckets": 1048576,
                            "Original Hash Buckets": 1048576,
                            "Hash Batches": 1,
                            "Original Hash Batches": 1,
                            "Peak Memory Usage": 32256,
                            "Plans": [
                              {
                                "Node Type": "Bitmap Heap Scan",
                                "Parent Relationship": "Outer",
                                "Parallel Aware": true,
                                "Relation Name": "movie_companies",
                                "Alias": "mc",
                                "Startup Cost": 12991.62,
                                "Total Cost": 36190.73,
                                "Plan Rows": 352728,
                                "Plan Width": 4,
                                "Actual Startup Time": 34.878,
                                "Actual Total Time": 88.8,
                                "Actual Rows": 306868,
                                "Actual Loops": 2,
                                "Recheck Cond": "(company_id > 63882)",
                                "Rows Removed by Index Recheck": 0,
                                "Exact Heap Blocks": 5901,
                                "Lossy Heap Blocks": 0,
                                "Plans": [
                                  {
                                    "Node Type": "Bitmap Index Scan",
                                    "Parent Relationship": "Outer",
                                    "Parallel Aware": false,
                                    "Index Name": "company_id_movie_companies",
                                    "Startup Cost": 0.0,
                                    "Total Cost": 12841.72,
                                    "Plan Rows": 599638,
                                    "Plan Width": 0,
                                    "Actual Startup Time": 33.639,
                                    "Actual Total Time": 33.639,
                                    "Actual Rows": 613735,
                                    "Actual Loops": 1,
                                    "Index Cond": "(company_id > 63882)"
                                  }
                                ]
                              }
                            ]
                          }
                        ]
                      }
                    ]
                  },
                  {
                    "Node Type": "Sort",
                    "Parent Relationship": "Inner",
                    "Parallel Aware": false,
                    "Startup Cost": 65399.21,
                    "Total Cost": 66551.66,
                    "Plan Rows": 460978,
                    "Plan Width": 4,
                    "Actual Startup Time": 164.099,
                    "Actual Total Time": 179.398,
                    "Actual Rows": 469069,
                    "Actual Loops": 2,
                    "Sort Key": [
                      "mi_idx.movie_id"
                    ],
                    "Sort Method": "quicksort",
                    "Sort Space Used": 33860,
                    "Sort Space Type": "Memory",
                    "Workers": [
                      {
                        "Worker Number": 0,
                        "Sort Method": "quicksort",
                        "Sort Space Used": 33860,
                        "Sort Space Type": "Memory"
                      }
                    ],
                    "Plans": [
                      {
                        "Node Type": "Bitmap Heap Scan",
                        "Parent Relationship": "Outer",
                        "Parallel Aware": false,
                        "Relation Name": "movie_info_idx",
                        "Alias": "mi_idx",
                        "Startup Cost": 8337.01,
                        "Total Cost": 22034.23,
                        "Plan Rows": 460978,
                        "Plan Width": 4,
                        "Actual Startup Time": 15.378,
                        "Actual Total Time": 71.39,
                        "Actual Rows": 460185,
                        "Actual Loops": 2,
                        "Recheck Cond": "(info_type_id > 100)",
                        "Rows Removed by Index Recheck": 0,
                        "Exact Heap Blocks": 7935,
                        "Lossy Heap Blocks": 0,
                        "Plans": [
                          {
                            "Node Type": "Bitmap Index Scan",
                            "Parent Relationship": "Outer",
                            "Parallel Aware": false,
                            "Index Name": "info_type_id_movie_info_idx",
                            "Startup Cost": 0.0,
                            "Total Cost": 8221.76,
                            "Plan Rows": 460978,
                            "Plan Width": 0,
                            "Actual Startup Time": 14.442,
                            "Actual Total Time": 14.443,
                            "Actual Rows": 460185,
                            "Actual Loops": 2,
                            "Index Cond": "(info_type_id > 100)"
                          }
                        ]
                      }
                    ]
                  }
                ]
              }
            ]
          }
        ]
      }
    ]
  },
  "Planning Time": 1.099,
  "Triggers": [],
  "Execution Time": 719.346
}