[
  {
    "Plan": {
      "Node Type": "Aggregate",
      "Strategy": "Plain",
      "Partial Mode": "Finalize",
      "Parallel Aware": false,
      "Startup Cost": 91345.36,
      "Total Cost": 91345.37,
      "Plan Rows": 1,
      "Plan Width": 8,
      "Actual Startup Time": 342.261,
      "Actual Total Time": 362.045,
      "Actual Rows": 1,
      "Actual Loops": 1,
      "Plans": [
        {
          "Node Type": "Gather",
          "Parent Relationship": "Outer",
          "Parallel Aware": false,
          "Startup Cost": 91345.05,
          "Total Cost": 91345.36,
          "Plan Rows": 3,
          "Plan Width": 8,
          "Actual Startup Time": 340.406,
          "Actual Total Time": 362.037,
          "Actual Rows": 4,
          "Actual Loops": 1,
          "Workers Planned": 3,
          "Workers Launched": 3,
          "Single Copy": false,
          "Plans": [
            {
              "Node Type": "Aggregate",
              "Strategy": "Plain",
              "Partial Mode": "Partial",
              "Parent Relationship": "Outer",
              "Parallel Aware": false,
              "Startup Cost": 90345.05,
              "Total Cost": 90345.06,
              "Plan Rows": 1,
              "Plan Width": 8,
              "Actual Startup Time": 332.151,
              "Actual Total Time": 332.154,
              "Actual Rows": 1,
              "Actual Loops": 4,
              "Plans": [
                {
                  "Node Type": "Hash Join",
                  "Parent Relationship": "Outer",
                  "Parallel Aware": true,
                  "Join Type": "Inner",
                  "Startup Cost": 44718.67,
                  "Total Cost": 90081.49,
                  "Plan Rows": 105422,
                  "Plan Width": 0,
                  "Actual Startup Time": 131.619,
                  "Actual Total Time": 325.844,
                  "Actual Rows": 136496,
                  "Actual Loops": 4,
                  "Inner Unique": true,
                  "Hash Cond": "(mk.movie_id = t.id)",
                  "Plans": [
                    {
                      "Node Type": "Seq Scan",
                      "Parent Relationship": "Outer",
                      "Parallel Aware": true,
                      "Relation Name": "movie_keyword",
                      "Alias": "mk",
                      "Startup Cost": 0.0,
                      "Total Cost": 42695.65,
                      "Plan Rows": 1016066,
                      "Plan Width": 4,
                      "Actual Startup Time": 0.026,
                      "Actual Total Time": 117.141,
                      "Actual Rows": 785882,
                      "Actual Loops": 4,
                      "Filter": "(keyword_id < 12097)",
                      "Rows Removed by Filter": 345100
                    },
                    {
                      "Node Type": "Hash",
                      "Parent Relationship": "Inner",
                      "Parallel Aware": true,
                      "Startup Cost": 43898.92,
                      "Total Cost": 43898.92,
                      "Plan Rows": 65580,
                      "Plan Width": 4,
                      "Actual Startup Time": 128.015,
                      "Actual Total Time": 128.016,
                      "Actual Rows": 68476,
                      "Actual Loops": 4,
                      "Hash Buckets": 524288,
                      "Original Hash Buckets": 524288,
                      "Hash Batches": 1,
                      "Original Hash Batches": 1,
                      "Peak Memory Usage": 14880,
                      "Plans": [
                        {
                          "Node Type": "Seq Scan",
                          "Parent Relationship": "Outer",
                          "Parallel Aware": true,
                          "Relation Name": "title",
                          "Alias": "t",
                          "Startup Cost": 0.0,
                          "Total Cost": 43898.92,
                          "Plan Rows": 65580,
                          "Plan Width": 4,
                          "Actual Startup Time": 0.047,
                          "Actual Total Time": 100.182,
                          "Actual Rows": 68476,
                          "Actual Loops": 4,
                          "Filter": "(production_year < 1963)",
                          "Rows Removed by Filter": 563602
                        }
                      ]
                    }
                  ]
                }
              ]
            }
          ]
        }
      ]
    },
    "Planning Time": 0.567,
    "Triggers": [],
    "Execution Time": 362.113
  }
]