[
  {
    "Plan": {
      "Node Type": "Aggregate",
      "Strategy": "Plain",
      "Partial Mode": "Finalize",
      "Parallel Aware": false,
      "Startup Cost": 140341.81,
      "Total Cost": 140341.82,
      "Plan Rows": 1,
      "Plan Width": 8,
      "Actual Startup Time": 378.915,
      "Actual Total Time": 408.889,
      "Actual Rows": 1,
      "Actual Loops": 1,
      "Plans": [
        {
          "Node Type": "Gather",
          "Parent Relationship": "Outer",
          "Parallel Aware": false,
          "Startup Cost": 140341.49,
          "Total Cost": 140341.8,
          "Plan Rows": 3,
          "Plan Width": 8,
          "Actual Startup Time": 378.232,
          "Actual Total Time": 408.882,
          "Actual Rows": 4,
          "Actual Loops": 1,
          "Workers Planned": 3,
          "Workers Launched": 3,
          "Single Copy": false,
          "Plans": [
            {
              "Node Type": "Aggregate",
              "Strategy": "Plain",
              "Partial Mode": "Partial",
              "Parent Relationship": "Outer",
              "Parallel Aware": false,
              "Startup Cost": 139341.49,
              "Total Cost": 139341.5,
              "Plan Rows": 1,
              "Plan Width": 8,
              "Actual Startup Time": 372.256,
              "Actual Total Time": 372.259,
              "Actual Rows": 1,
              "Actual Loops": 4,
              "Plans": [
                {
                  "Node Type": "Nested Loop",
                  "Parent Relationship": "Outer",
                  "Parallel Aware": false,
                  "Join Type": "Inner",
                  "Startup Cost": 44215.46,
                  "Total Cost": 138994.28,
                  "Plan Rows": 138887,
                  "Plan Width": 0,
                  "Actual Startup Time": 119.548,
                  "Actual Total Time": 364.011,
                  "Actual Rows": 182382,
                  "Actual Loops": 4,
                  "Inner Unique": false,
                  "Join Filter": "(t.id = mi.movie_id)",
                  "Rows Removed by Join Filter": 0,
                  "Plans": [
                    {
                      "Node Type": "Hash Join",
                      "Parent Relationship": "Outer",
                      "Parallel Aware": true,
                      "Join Type": "Inner",
                      "Startup Cost": 44215.02,
                      "Total Cost": 88464.71,
                      "Plan Rows": 23654,
                      "Plan Width": 8,
                      "Actual Startup Time": 119.422,
                      "Actual Total Time": 227.137,
                      "Actual Rows": 10678,
                      "Actual Loops": 4,
                      "Inner Unique": true,
                      "Hash Cond": "(mk.movie_id = t.id)",
                      "Plans": [
                        {
                          "Node Type": "Seq Scan",
                          "Parent Relationship": "Outer",
                          "Parallel Aware": true,
                          "Relation Name": "movie_keyword",
                          "Alias": "mk",
                          "Startup Cost": 0.0,
                          "Total Cost": 42695.65,
                          "Plan Rows": 592015,
                          "Plan Width": 4,
                          "Actual Startup Time": 0.024,
                          "Actual Total Time": 92.004,
                          "Actual Rows": 458646,
                          "Actual Loops": 4,
                          "Filter": "(keyword_id < 3028)",
                          "Rows Removed by Filter": 672337
                        },
                        {
                          "Node Type": "Hash",
                          "Parent Relationship": "Inner",
                          "Parallel Aware": true,
                          "Startup Cost": 43899.32,
                          "Total Cost": 43899.32,
                          "Plan Rows": 25256,
                          "Plan Width": 4,
                          "Actual Startup Time": 92.527,
                          "Actual Total Time": 92.528,
                          "Actual Rows": 27436,
                          "Actual Loops": 4,
                          "Hash Buckets": 131072,
                          "Original Hash Buckets": 131072,
                          "Hash Batches": 1,
                          "Original Hash Batches": 1,
                          "Peak Memory Usage": 5376,
                          "Plans": [
                            {
                              "Node Type": "Seq Scan",
                              "Parent Relationship": "Outer",
                              "Parallel Aware": true,
                              "Relation Name": "title",
                              "Alias": "t",
                              "Startup Cost": 0.0,
                              "Total Cost": 43899.32,
                              "Plan Rows": 25256,
                              "Plan Width": 4,
                              "Actual Startup Time": 42.709,
                              "Actual Total Time": 84.217,
                              "Actual Rows": 27436,
                              "Actual Loops": 4,
                              "Filter": "(production_year < 1928)",
                              "Rows Removed by Filter": 604642
                            }
                          ]
                        }
                      ]
                    },
                    {
                      "Node Type": "Index Only Scan",
                      "Parent Relationship": "Inner",
                      "Parallel Aware": false,
                      "Scan Direction": "Forward",
                      "Index Name": "movie_id_movie_info",
                      "Relation Name": "movie_info",
                      "Alias": "mi",
                      "Startup Cost": 0.43,
                      "Total Cost": 1.62,
                      "Plan Rows": 41,
                      "Plan Width": 4,
                      "Actual Startup Time": 0.004,
                      "Actual Total Time": 0.011,
                      "Actual Rows": 17,
                      "Actual Loops": 42711,
                      "Index Cond": "(movie_id = mk.movie_id)",
                      "Rows Removed by Index Recheck": 0,
                      "Heap Fetches": 729526
                    }
                  ]
                }
              ]
            }
          ]
        }
      ]
    },
    "Planning Time": 0.513,
    "Triggers": [],
    "Execution Time": 408.949
  }
]