[
  {
    "Plan": {
      "Node Type": "Aggregate",
      "Strategy": "Plain",
      "Partial Mode": "Finalize",
      "Parallel Aware": false,
      "Startup Cost": 46256.21,
      "Total Cost": 46256.22,
      "Plan Rows": 1,
      "Plan Width": 8,
      "Actual Startup Time": 150.751,
      "Actual Total Time": 160.68,
      "Actual Rows": 1,
      "Actual Loops": 1,
      "Plans": [
        {
          "Node Type": "Gather",
          "Parent Relationship": "Outer",
          "Parallel Aware": false,
          "Startup Cost": 46255.89,
          "Total Cost": 46256.2,
          "Plan Rows": 3,
          "Plan Width": 8,
          "Actual Startup Time": 150.613,
          "Actual Total Time": 160.664,
          "Actual Rows": 4,
          "Actual Loops": 1,
          "Workers Planned": 3,
          "Workers Launched": 3,
          "Single Copy": false,
          "Plans": [
            {
              "Node Type": "Aggregate",
              "Strategy": "Plain",
              "Partial Mode": "Partial",
              "Parent Relationship": "Outer",
              "Parallel Aware": false,
              "Startup Cost": 45255.89,
              "Total Cost": 45255.9,
              "Plan Rows": 1,
              "Plan Width": 8,
              "Actual Startup Time": 145.472,
              "Actual Total Time": 145.474,
              "Actual Rows": 1,
              "Actual Loops": 4,
              "Plans": [
                {
                  "Node Type": "Seq Scan",
                  "Parent Relationship": "Outer",
                  "Parallel Aware": true,
                  "Relation Name": "movie_keyword",
                  "Alias": "mk",
                  "Startup Cost": 0.0,
                  "Total Cost": 42695.65,
                  "Plan Rows": 1024096,
                  "Plan Width": 0,
                  "Actual Startup Time": 0.099,
                  "Actual Total Time": 112.077,
                  "Actual Rows": 790792,
                  "Actual Loops": 4,
                  "Filter": "(keyword_id > 1772)",
                  "Rows Removed by Filter": 340190
                }
              ]
            }
          ]
        }
      ]
    },
    "Planning Time": 0.06,
    "Triggers": [],
    "Execution Time": 160.716
  }
]