[
  {
    "Plan": {
      "Node Type": "Aggregate",
      "Strategy": "Plain",
      "Partial Mode": "Finalize",
      "Parallel Aware": false,
      "Startup Cost": 281329.9,
      "Total Cost": 281329.91,
      "Plan Rows": 1,
      "Plan Width": 8,
      "Actual Startup Time": 587.218,
      "Actual Total Time": 611.549,
      "Actual Rows": 1,
      "Actual Loops": 1,
      "Plans": [
        {
          "Node Type": "Gather",
          "Parent Relationship": "Outer",
          "Parallel Aware": false,
          "Startup Cost": 281329.58,
          "Total Cost": 281329.89,
          "Plan Rows": 3,
          "Plan Width": 8,
          "Actual Startup Time": 578.898,
          "Actual Total Time": 611.54,
          "Actual Rows": 4,
          "Actual Loops": 1,
          "Workers Planned": 3,
          "Workers Launched": 3,
          "Single Copy": false,
          "Plans": [
            {
              "Node Type": "Aggregate",
              "Strategy": "Plain",
              "Partial Mode": "Partial",
              "Parent Relationship": "Outer",
              "Parallel Aware": false,
              "Startup Cost": 280329.58,
              "Total Cost": 280329.59,
              "Plan Rows": 1,
              "Plan Width": 8,
              "Actual Startup Time": 569.763,
              "Actual Total Time": 569.771,
              "Actual Rows": 1,
              "Actual Loops": 4,
              "Plans": [
                {
                  "Node Type": "Hash Join",
                  "Parent Relationship": "Outer",
                  "Parallel Aware": true,
                  "Join Type": "Inner",
                  "Startup Cost": 234902.32,
                  "Total Cost": 279825.44,
                  "Plan Rows": 201656,
                  "Plan Width": 0,
                  "Actual Startup Time": 380.414,
                  "Actual Total Time": 566.448,
                  "Actual Rows": 78608,
                  "Actual Loops": 4,
                  "Inner Unique": false,
                  "Hash Cond": "(mk.movie_id = t.id)",
                  "Plans": [
                    {
                      "Node Type": "Seq Scan",
                      "Parent Relationship": "Outer",
                      "Parallel Aware": true,
                      "Relation Name": "movie_keyword",
                      "Alias": "mk",
                      "Startup Cost": 0.0,
                      "Total Cost": 39047.32,
                      "Plan Rows": 1459332,
                      "Plan Width": 4,
                      "Actual Startup Time": 0.049,
                      "Actual Total Time": 92.678,
                      "Actual Rows": 1130982,
                      "Actual Loops": 4
                    },
                    {
                      "Node Type": "Hash",
                      "Parent Relationship": "Inner",
                      "Parallel Aware": true,
                      "Startup Cost": 234028.89,
                      "Total Cost": 234028.89,
                      "Plan Rows": 69874,
                      "Plan Width": 8,
                      "Actual Startup Time": 377.157,
                      "Actual Total Time": 377.163,
                      "Actual Rows": 19312,
                      "Actual Loops": 4,
                      "Hash Buckets": 524288,
                      "Original Hash Buckets": 524288,
                      "Hash Batches": 1,
                      "Original Hash Batches": 1,
                      "Peak Memory Usage": 7200,
                      "Plans": [
                        {
                          "Node Type": "Hash Join",
                          "Parent Relationship": "Outer",
                          "Parallel Aware": true,
                          "Join Type": "Inner",
                          "Startup Cost": 68581.97,
                          "Total Cost": 234028.89,
                          "Plan Rows": 69874,
                          "Plan Width": 8,
                          "Actual Startup Time": 253.636,
                          "Actual Total Time": 370.539,
                          "Actual Rows": 19312,
                          "Actual Loops": 4,
                          "Inner Unique": true,
                          "Hash Cond": "(mi.movie_id = t.id)",
                          "Plans": [
                            {
                              "Node Type": "Bitmap Heap Scan",
                              "Parent Relationship": "Outer",
                              "Parallel Aware": true,
                              "Relation Name": "movie_info",
                              "Alias": "mi",
                              "Startup Cost": 20685.32,
                              "Total Cost": 185532.8,
                              "Plan Rows": 228358,
                              "Plan Width": 4,
                              "Actual Startup Time": 40.776,
                              "Actual Total Time": 120.157,
                              "Actual Rows": 273946,
                              "Actual Loops": 4,
                              "Recheck Cond": "(info_type_id > 66)",
                              "Rows Removed by Index Recheck": 0,
                              "Exact Heap Blocks": 12626,
                              "Lossy Heap Blocks": 0,
                              "Plans": [
                                {
                                  "Node Type": "Bitmap Index Scan",
                                  "Parent Relationship": "Outer",
                                  "Parallel Aware": false,
                                  "Index Name": "info_type_id_movie_info",
                                  "Startup Cost": 0.0,
                                  "Total Cost": 20399.88,
                                  "Plan Rows": 1141792,
                                  "Plan Width": 0,
                                  "Actual Startup Time": 35.239,
                                  "Actual Total Time": 35.239,
                                  "Actual Rows": 1095784,
                                  "Actual Loops": 1,
                                  "Index Cond": "(info_type_id > 66)"
                                }
                              ]
                            },
                            {
                              "Node Type": "Hash",
                              "Parent Relationship": "Inner",
                              "Parallel Aware": true,
                              "Startup Cost": 45479.1,
                              "Total Cost": 45479.1,
                              "Plan Rows": 193404,
                              "Plan Width": 4,
                              "Actual Startup Time": 183.082,
                              "Actual Total Time": 183.085,
                              "Actual Rows": 210002,
                              "Actual Loops": 4,
                              "Hash Buckets": 1048576,
                              "Original Hash Buckets": 1048576,
                              "Hash Batches": 1,
                              "Original Hash Batches": 1,
                              "Peak Memory Usage": 41088,
                              "Plans": [
                                {
                                  "Node Type": "Seq Scan",
                                  "Parent Relationship": "Outer",
                                  "Parallel Aware": true,
                                  "Relation Name": "title",
                                  "Alias": "t",
                                  "Startup Cost": 0.0,
                                  "Total Cost": 45479.1,
                                  "Plan Rows": 193404,
                                  "Plan Width": 4,
                                  "Actual Startup Time": 0.045,
                                  "Actual Total Time": 109.434,
                                  "Actual Rows": 210002,
                                  "Actual Loops": 4,
                                  "Filter": "((production_year > 2002) AND (kind_id = 7))",
                                  "Rows Removed by Filter": 422076
                                }
                              ]
                            }
                          ]
                        }
                      ]
                    }
                  ]
                }
              ]
            }
          ]
        }
      ]
    },
    "Planning Time": 1.35,
    "Triggers": [],
    "Execution Time": 611.656
  }
]