[
  {
    "Plan": {
      "Node Type": "Aggregate",
      "Strategy": "Plain",
      "Partial Mode": "Finalize",
      "Parallel Aware": false,
      "Startup Cost": 202937.67,
      "Total Cost": 202937.68,
      "Plan Rows": 1,
      "Plan Width": 8,
      "Actual Startup Time": 1411.455,
      "Actual Total Time": 1499.352,
      "Actual Rows": 1,
      "Actual Loops": 1,
      "Plans": [
        {
          "Node Type": "Gather",
          "Parent Relationship": "Outer",
          "Parallel Aware": false,
          "Startup Cost": 202937.36,
          "Total Cost": 202937.67,
          "Plan Rows": 3,
          "Plan Width": 8,
          "Actual Startup Time": 1407.17,
          "Actual Total Time": 1499.34,
          "Actual Rows": 4,
          "Actual Loops": 1,
          "Workers Planned": 3,
          "Workers Launched": 3,
          "Single Copy": false,
          "Plans": [
            {
              "Node Type": "Aggregate",
              "Strategy": "Plain",
              "Partial Mode": "Partial",
              "Parent Relationship": "Outer",
              "Parallel Aware": false,
              "Startup Cost": 201937.36,
              "Total Cost": 201937.37,
              "Plan Rows": 1,
              "Plan Width": 8,
              "Actual Startup Time": 1400.953,
              "Actual Total Time": 1400.958,
              "Actual Rows": 1,
              "Actual Loops": 4,
              "Plans": [
                {
                  "Node Type": "Nested Loop",
                  "Parent Relationship": "Outer",
                  "Parallel Aware": false,
                  "Join Type": "Inner",
                  "Startup Cost": 54245.05,
                  "Total Cost": 201038.25,
                  "Plan Rows": 359644,
                  "Plan Width": 0,
                  "Actual Startup Time": 206.306,
                  "Actual Total Time": 1368.274,
                  "Actual Rows": 579727,
                  "Actual Loops": 4,
                  "Inner Unique": false,
                  "Plans": [
                    {
                      "Node Type": "Hash Join",
                      "Parent Relationship": "Outer",
                      "Parallel Aware": true,
                      "Join Type": "Inner",
                      "Startup Cost": 54244.48,
                      "Total Cost": 74803.72,
                      "Plan Rows": 36810,
                      "Plan Width": 8,
                      "Actual Startup Time": 206.057,
                      "Actual Total Time": 292.317,
                      "Actual Rows": 46437,
                      "Actual Loops": 4,
                      "Inner Unique": true,
                      "Hash Cond": "(mc.movie_id = t.id)",
                      "Plans": [
                        {
                          "Node Type": "Bitmap Heap Scan",
                          "Parent Relationship": "Outer",
                          "Parallel Aware": true,
                          "Relation Name": "movie_companies",
                          "Alias": "mc",
                          "Startup Cost": 7858.73,
                          "Total Cost": 28110.91,
                          "Plan Rows": 116974,
                          "Plan Width": 4,
                          "Actual Startup Time": 20.793,
                          "Actual Total Time": 54.225,
                          "Actual Rows": 89516,
                          "Actual Loops": 4,
                          "Recheck Cond": "(company_id < 181)",
                          "Rows Removed by Index Recheck": 0,
                          "Exact Heap Blocks": 5489,
                          "Lossy Heap Blocks": 0,
                          "Plans": [
                            {
                              "Node Type": "Bitmap Index Scan",
                              "Parent Relationship": "Outer",
                              "Parallel Aware": false,
                              "Index Name": "company_id_movie_companies",
                              "Startup Cost": 0.0,
                              "Total Cost": 7768.08,
                              "Plan Rows": 362620,
                              "Plan Width": 0,
                              "Actual Startup Time": 18.037,
                              "Actual Total Time": 18.038,
                              "Actual Rows": 358065,
                              "Actual Loops": 1,
                              "Index Cond": "(company_id < 181)"
                            }
                          ]
                        },
                        {
                          "Node Type": "Hash",
                          "Parent Relationship": "Inner",
                          "Parallel Aware": true,
                          "Startup Cost": 43899.32,
                          "Total Cost": 43899.32,
                          "Plan Rows": 198914,
                          "Plan Width": 4,
                          "Actual Startup Time": 181.679,
                          "Actual Total Time": 181.68,
                          "Actual Rows": 203176,
                          "Actual Loops": 4,
                          "Hash Buckets": 1048576,
                          "Original Hash Buckets": 1048576,
                          "Hash Batches": 1,
                          "Original Hash Batches": 1,
                          "Peak Memory Usage": 40064,
                          "Plans": [
                            {
                              "Node Type": "Seq Scan",
                              "Parent Relationship": "Outer",
                              "Parallel Aware": true,
                              "Relation Name": "title",
                              "Alias": "t",
                              "Startup Cost": 0.0,
                              "Total Cost": 43899.32,
                              "Plan Rows": 198914,
                              "Plan Width": 4,
                              "Actual Startup Time": 0.037,
                              "Actual Total Time": 105.25,
                              "Actual Rows": 203176,
                              "Actual Loops": 4,
                              "Filter": "(production_year < 1995)",
                              "Rows Removed by Filter": 428902
                            }
                          ]
                        }
                      ]
                    },
                    {
                      "Node Type": "Index Scan",
                      "Parent Relationship": "Inner",
                      "Parallel Aware": false,
                      "Scan Direction": "Forward",
                      "Index Name": "movie_id_cast_info",
                      "Relation Name": "cast_info",
                      "Alias": "ci",
                      "Startup Cost": 0.56,
                      "Total Cost": 3.19,
                      "Plan Rows": 24,
                      "Plan Width": 4,
                      "Actual Startup Time": 0.01,
                      "Actual Total Time": 0.022,
                      "Actual Rows": 12,
                      "Actual Loops": 185748,
                      "Index Cond": "(movie_id = t.id)",
                      "Rows Removed by Index Recheck": 0,
                      "Filter": "(person_id > 1144044)",
                      "Rows Removed by Filter": 8
                    }
                  ]
                }
              ]
            }
          ]
        }
      ]
    },
    "Planning Time": 1.074,
    "Triggers": [],
    "Execution Time": 1499.437
  }
]