{
  "Plan": {
    "Node Type": "Aggregate",
    "Strategy": "Plain",
    "Partial Mode": "Finalize",
    "Parallel Aware": false,
    "Startup Cost": 122953.6,
    "Total Cost": 122953.61,
    "Plan Rows": 1,
    "Plan Width": 8,
    "Actual Startup Time": 466.413,
    "Actual Total Time": 482.745,
    "Actual Rows": 1,
    "Actual Loops": 1,
    "Plans": [
      {
        "Node Type": "Gather",
        "Parent Relationship": "Outer",
        "Parallel Aware": false,
        "Startup Cost": 122953.48,
        "Total Cost": 122953.59,
        "Plan Rows": 1,
        "Plan Width": 8,
        "Actual Startup Time": 465.806,
        "Actual Total Time": 482.737,
        "Actual Rows": 2,
        "Actual Loops": 1,
        "Workers Planned": 1,
        "Workers Launched": 1,
        "Single Copy": false,
        "Plans": [
          {
            "Node Type": "Aggregate",
            "Strategy": "Plain",
            "Partial Mode": "Partial",
            "Parent Relationship": "Outer",
            "Parallel Aware": false,
            "Startup Cost": 121953.48,
            "Total Cost": 121953.49,
            "Plan Rows": 1,
            "Plan Width": 8,
            "Actual Startup Time": 459.931,
            "Actual Total Time": 459.935,
            "Actual Rows": 1,
            "Actual Loops": 2,
            "Plans": [
              {
                "Node Type": "Hash Join",
                "Parent Relationship": "Outer",
                "Parallel Aware": true,
                "Join Type": "Inner",
                "Startup Cost": 62075.32,
                "Total Cost": 121603.93,
                "Plan Rows": 139821,
                "Plan Width": 0,
                "Actual Startup Time": 217.71,
                "Actual Total Time": 459.034,
                "Actual Rows": 21718,
                "Actual Loops": 2,
                "Inner Unique": true,
                "Hash Cond": "(mk.movie_id = t.id)",
                "Plans": [
                  {
                    "Node Type": "Seq Scan",
                    "Parent Relationship": "Outer",
                    "Parallel Aware": true,
                    "Relation Name": "movie_keyword",
                    "Alias": "mk",
                    "Startup Cost": 0.0,
                    "Total Cost": 57718.19,
                    "Plan Rows": 689685,
                    "Plan Width": 4,
                    "Actual Startup Time": 0.021,
                    "Actual Total Time": 163.721,
                    "Actual Rows": 594930,
                    "Actual Loops": 2,
                    "Filter": "(keyword_id < 1420)",
                    "Rows Removed by Filter": 1667034
                  },
                  {
                    "Node Type": "Hash",
                    "Parent Relationship": "Inner",
                    "Parallel Aware": true,
                    "Startup Cost": 58306.47,
                    "Total Cost": 58306.47,
                    "Plan Rows": 301508,
                    "Plan Width": 4,
                    "Actual Startup Time": 211.985,
                    "Actual Total Time": 211.986,
                    "Actual Rows": 201974,
                    "Actual Loops": 2,
                    "Hash Buckets": 524288,
                    "Original Hash Buckets": 524288,
                    "Hash Batches": 1,
                    "Original Hash Batches": 1,
                    "Peak Memory Usage": 19936,
                    "Plans": [
                      {
                        "Node Type": "Seq Scan",
                        "Parent Relationship": "Outer",
                        "Parallel Aware": true,
                        "Relation Name": "title",
                        "Alias": "t",
                        "Startup Cost": 0.0,
                        "Total Cost": 58306.47,
                        "Plan Rows": 301508,
                        "Plan Width": 4,
                        "Actual Startup Time": 0.045,
                        "Actual Total Time": 154.401,
                        "Actual Rows": 201974,
                        "Actual Loops": 2,
                        "Filter": "((production_year < 1996) AND (kind_id = 7))",
                        "Rows Removed by Filter": 1062182
                      }
                    ]
                  }
                ]
              }
            ]
          }
        ]
      }
    ]
  },
  "Planning Time": 0.658,
  "Triggers": [],
  "Execution Time": 482.819
}