[
  {
    "Plan": {
      "Node Type": "Aggregate",
      "Strategy": "Plain",
      "Partial Mode": "Finalize",
      "Parallel Aware": false,
      "Startup Cost": 330908.51,
      "Total Cost": 330908.52,
      "Plan Rows": 1,
      "Plan Width": 8,
      "Actual Startup Time": 586.039,
      "Actual Total Time": 645.256,
      "Actual Rows": 1,
      "Actual Loops": 1,
      "Plans": [
        {
          "Node Type": "Gather",
          "Parent Relationship": "Outer",
          "Parallel Aware": false,
          "Startup Cost": 330907.88,
          "Total Cost": 330908.49,
          "Plan Rows": 6,
          "Plan Width": 8,
          "Actual Startup Time": 585.917,
          "Actual Total Time": 645.244,
          "Actual Rows": 7,
          "Actual Loops": 1,
          "Workers Planned": 6,
          "Workers Launched": 6,
          "Single Copy": false,
          "Plans": [
            {
              "Node Type": "Aggregate",
              "Strategy": "Plain",
              "Partial Mode": "Partial",
              "Parent Relationship": "Outer",
              "Parallel Aware": false,
              "Startup Cost": 329907.88,
              "Total Cost": 329907.89,
              "Plan Rows": 1,
              "Plan Width": 8,
              "Actual Startup Time": 577.191,
              "Actual Total Time": 577.192,
              "Actual Rows": 1,
              "Actual Loops": 7,
              "Plans": [
                {
                  "Node Type": "Seq Scan",
                  "Parent Relationship": "Outer",
                  "Parallel Aware": true,
                  "Relation Name": "cast_info",
                  "Alias": "ci",
                  "Startup Cost": 0.0,
                  "Total Cost": 328162.03,
                  "Plan Rows": 698343,
                  "Plan Width": 0,
                  "Actual Startup Time": 0.048,
                  "Actual Total Time": 545.358,
                  "Actual Rows": 615161,
                  "Actual Loops": 7,
                  "Filter": "(person_id < 414863)",
                  "Rows Removed by Filter": 4562603
                }
              ]
            }
          ]
        }
      ]
    },
    "Planning Time": 0.181,
    "Triggers": [],
    "Execution Time": 645.322
  }
]