[
  {
    "Plan": {
      "Node Type": "Aggregate",
      "Strategy": "Plain",
      "Partial Mode": "Finalize",
      "Parallel Aware": false,
      "Startup Cost": 45231.26,
      "Total Cost": 45231.27,
      "Plan Rows": 1,
      "Plan Width": 8,
      "Actual Startup Time": 145.377,
      "Actual Total Time": 155.298,
      "Actual Rows": 1,
      "Actual Loops": 1,
      "Plans": [
        {
          "Node Type": "Gather",
          "Parent Relationship": "Outer",
          "Parallel Aware": false,
          "Startup Cost": 45230.94,
          "Total Cost": 45231.25,
          "Plan Rows": 3,
          "Plan Width": 8,
          "Actual Startup Time": 145.249,
          "Actual Total Time": 155.289,
          "Actual Rows": 4,
          "Actual Loops": 1,
          "Workers Planned": 3,
          "Workers Launched": 3,
          "Single Copy": false,
          "Plans": [
            {
              "Node Type": "Aggregate",
              "Strategy": "Plain",
              "Partial Mode": "Partial",
              "Parent Relationship": "Outer",
              "Parallel Aware": false,
              "Startup Cost": 44230.94,
              "Total Cost": 44230.95,
              "Plan Rows": 1,
              "Plan Width": 8,
              "Actual Startup Time": 138.887,
              "Actual Total Time": 138.888,
              "Actual Rows": 1,
              "Actual Loops": 4,
              "Plans": [
                {
                  "Node Type": "Seq Scan",
                  "Parent Relationship": "Outer",
                  "Parallel Aware": true,
                  "Relation Name": "movie_keyword",
                  "Alias": "mk",
                  "Startup Cost": 0.0,
                  "Total Cost": 42695.65,
                  "Plan Rows": 614116,
                  "Plan Width": 0,
                  "Actual Startup Time": 0.048,
                  "Actual Total Time": 115.998,
                  "Actual Rows": 477193,
                  "Actual Loops": 4,
                  "Filter": "(keyword_id < 3280)",
                  "Rows Removed by Filter": 653790
                }
              ]
            }
          ]
        }
      ]
    },
    "Planning Time": 0.184,
    "Triggers": [],
    "Execution Time": 155.354
  }
]