[
    {
        "Bao": {
            "Bao prediction": "NaN",
            "Bao recommended hint": "(no hint)"
        }
    },
    {
        "Plan": {
            "Node Type": "Aggregate",
            "Strategy": "Plain",
            "Partial Mode": "Finalize",
            "Parallel Aware": false,
            "Startup Cost": 78098.98,
            "Total Cost": 78098.99,
            "Plan Rows": 1,
            "Plan Width": 8,
            "Actual Startup Time": 407.673,
            "Actual Total Time": 426.811,
            "Actual Rows": 1,
            "Actual Loops": 1,
            "Output": [
                "count(*)"
            ],
            "Plans": [
                {
                    "Node Type": "Gather",
                    "Parent Relationship": "Outer",
                    "Parallel Aware": false,
                    "Startup Cost": 78098.56,
                    "Total Cost": 78098.97,
                    "Plan Rows": 4,
                    "Plan Width": 8,
                    "Actual Startup Time": 393.387,
                    "Actual Total Time": 426.804,
                    "Actual Rows": 5,
                    "Actual Loops": 1,
                    "Output": [
                        "(PARTIAL count(*))"
                    ],
                    "Workers Planned": 4,
                    "Workers Launched": 4,
                    "Single Copy": false,
                    "Plans": [
                        {
                            "Node Type": "Aggregate",
                            "Strategy": "Plain",
                            "Partial Mode": "Partial",
                            "Parent Relationship": "Outer",
                            "Parallel Aware": false,
                            "Startup Cost": 77098.56,
                            "Total Cost": 77098.57,
                            "Plan Rows": 1,
                            "Plan Width": 8,
                            "Actual Startup Time": 380.996,
                            "Actual Total Time": 380.999,
                            "Actual Rows": 1,
                            "Actual Loops": 5,
                            "Output": [
                                "PARTIAL count(*)"
                            ],
                            "Workers": [
                                {
                                    "Worker Number": 0,
                                    "Actual Startup Time": 378.038,
                                    "Actual Total Time": 378.04,
                                    "Actual Rows": 1,
                                    "Actual Loops": 1
                                },
                                {
                                    "Worker Number": 1,
                                    "Actual Startup Time": 378.014,
                                    "Actual Total Time": 378.017,
                                    "Actual Rows": 1,
                                    "Actual Loops": 1
                                },
                                {
                                    "Worker Number": 2,
                                    "Actual Startup Time": 377.955,
                                    "Actual Total Time": 377.958,
                                    "Actual Rows": 1,
                                    "Actual Loops": 1
                                },
                                {
                                    "Worker Number": 3,
                                    "Actual Startup Time": 377.924,
                                    "Actual Total Time": 377.927,
                                    "Actual Rows": 1,
                                    "Actual Loops": 1
                                }
                            ],
                            "Plans": [
                                {
                                    "Node Type": "Hash Join",
                                    "Parent Relationship": "Outer",
                                    "Parallel Aware": true,
                                    "Join Type": "Inner",
                                    "Startup Cost": 50220.37,
                                    "Total Cost": 76786.34,
                                    "Plan Rows": 124886,
                                    "Plan Width": 0,
                                    "Actual Startup Time": 276.095,
                                    "Actual Total Time": 374.544,
                                    "Actual Rows": 133545,
                                    "Actual Loops": 5,
                                    "Inner Unique": true,
                                    "Hash Cond": "(ci.movie_id = t.id)",
                                    "Workers": [
                                        {
                                            "Worker Number": 0,
                                            "Actual Startup Time": 273.39,
                                            "Actual Total Time": 370.807,
                                            "Actual Rows": 99606,
                                            "Actual Loops": 1
                                        },
                                        {
                                            "Worker Number": 1,
                                            "Actual Startup Time": 273.333,
                                            "Actual Total Time": 371.751,
                                            "Actual Rows": 139900,
                                            "Actual Loops": 1
                                        },
                                        {
                                            "Worker Number": 2,
                                            "Actual Startup Time": 273.293,
                                            "Actual Total Time": 371.633,
                                            "Actual Rows": 141920,
                                            "Actual Loops": 1
                                        },
                                        {
                                            "Worker Number": 3,
                                            "Actual Startup Time": 273.268,
                                            "Actual Total Time": 371.515,
                                            "Actual Rows": 138749,
                                            "Actual Loops": 1
                                        }
                                    ],
                                    "Plans": [
                                        {
                                            "Node Type": "Index Scan",
                                            "Parent Relationship": "Outer",
                                            "Parallel Aware": true,
                                            "Scan Direction": "Forward",
                                            "Index Name": "role_id_cast_info",
                                            "Relation Name": "cast_info",
                                            "Schema": "public",
                                            "Alias": "ci",
                                            "Startup Cost": 0.56,
                                            "Total Cost": 26238.71,
                                            "Plan Rows": 124886,
                                            "Plan Width": 4,
                                            "Actual Startup Time": 0.078,
                                            "Actual Total Time": 34.068,
                                            "Actual Rows": 133545,
                                            "Actual Loops": 5,
                                            "Output": [
                                                "ci.id",
                                                "ci.person_id",
                                                "ci.movie_id",
                                                "ci.person_role_id",
                                                "ci.note",
                                                "ci.nr_order",
                                                "ci.role_id"
                                            ],
                                            "Index Cond": "(ci.role_id = 5)",
                                            "Rows Removed by Index Recheck": 0,
                                            "Filter": "(ci.person_id > 1672166)",
                                            "Rows Removed by Filter": 46133,
                                            "Workers": [
                                                {
                                                    "Worker Number": 0,
                                                    "Actual Startup Time": 0.069,
                                                    "Actual Total Time": 37.377,
                                                    "Actual Rows": 99606,
                                                    "Actual Loops": 1
                                                },
                                                {
                                                    "Worker Number": 1,
                                                    "Actual Startup Time": 0.052,
                                                    "Actual Total Time": 33.867,
                                                    "Actual Rows": 139900,
                                                    "Actual Loops": 1
                                                },
                                                {
                                                    "Worker Number": 2,
                                                    "Actual Startup Time": 0.12,
                                                    "Actual Total Time": 34.095,
                                                    "Actual Rows": 141920,
                                                    "Actual Loops": 1
                                                },
                                                {
                                                    "Worker Number": 3,
                                                    "Actual Startup Time": 0.096,
                                                    "Actual Total Time": 34.196,
                                                    "Actual Rows": 138749,
                                                    "Actual Loops": 1
                                                }
                                            ]
                                        },
                                        {
                                            "Node Type": "Hash",
                                            "Parent Relationship": "Inner",
                                            "Parallel Aware": true,
                                            "Startup Cost": 42318.81,
                                            "Total Cost": 42318.81,
                                            "Plan Rows": 632080,
                                            "Plan Width": 4,
                                            "Actual Startup Time": 270.192,
                                            "Actual Total Time": 270.193,
                                            "Actual Rows": 505662,
                                            "Actual Loops": 5,
                                            "Output": [
                                                "t.id"
                                            ],
                                            "Hash Buckets": 4194304,
                                            "Original Hash Buckets": 4194304,
                                            "Hash Batches": 1,
                                            "Original Hash Batches": 1,
                                            "Peak Memory Usage": 131776,
                                            "Workers": [
                                                {
                                                    "Worker Number": 0,
                                                    "Actual Startup Time": 272.584,
                                                    "Actual Total Time": 272.585,
                                                    "Actual Rows": 375340,
                                                    "Actual Loops": 1
                                                },
                                                {
                                                    "Worker Number": 1,
                                                    "Actual Startup Time": 272.58,
                                                    "Actual Total Time": 272.581,
                                                    "Actual Rows": 505616,
                                                    "Actual Loops": 1
                                                },
                                                {
                                                    "Worker Number": 2,
                                                    "Actual Startup Time": 272.615,
                                                    "Actual Total Time": 272.616,
                                                    "Actual Rows": 508288,
                                                    "Actual Loops": 1
                                                },
                                                {
                                                    "Worker Number": 3,
                                                    "Actual Startup Time": 272.605,
                                                    "Actual Total Time": 272.606,
                                                    "Actual Rows": 496705,
                                                    "Actual Loops": 1
                                                }
                                            ],
                                            "Plans": [
                                                {
                                                    "Node Type": "Seq Scan",
                                                    "Parent Relationship": "Outer",
                                                    "Parallel Aware": true,
                                                    "Relation Name": "title",
                                                    "Schema": "public",
                                                    "Alias": "t",
                                                    "Startup Cost": 0.0,
                                                    "Total Cost": 42318.81,
                                                    "Plan Rows": 632080,
                                                    "Plan Width": 4,
                                                    "Actual Startup Time": 0.036,
                                                    "Actual Total Time": 79.953,
                                                    "Actual Rows": 505662,
                                                    "Actual Loops": 5,
                                                    "Output": [
                                                        "t.id"
                                                    ],
                                                    "Workers": [
                                                        {
                                                            "Worker Number": 0,
                                                            "Actual Startup Time": 0.043,
                                                            "Actual Total Time": 88.571,
                                                            "Actual Rows": 375340,
                                                            "Actual Loops": 1
                                                        },
                                                        {
                                                            "Worker Number": 1,
                                                            "Actual Startup Time": 0.058,
                                                            "Actual Total Time": 80.651,
                                                            "Actual Rows": 505616,
                                                            "Actual Loops": 1
                                                        },
                                                        {
                                                            "Worker Number": 2,
                                                            "Actual Startup Time": 0.024,
                                                            "Actual Total Time": 81.019,
                                                            "Actual Rows": 508288,
                                                            "Actual Loops": 1
                                                        },
                                                        {
                                                            "Worker Number": 3,
                                                            "Actual Startup Time": 0.043,
                                                            "Actual Total Time": 82.078,
                                                            "Actual Rows": 496705,
                                                            "Actual Loops": 1
                                                        }
                                                    ]
                                                }
                                            ]
                                        }
                                    ]
                                }
                            ]
                        }
                    ]
                }
            ]
        },
        "Planning Time": 184.242,
        "Triggers": [],
        "Execution Time": 426.87
    }
]