[
  {
    "Plan": {
      "Node Type": "Aggregate",
      "Strategy": "Plain",
      "Partial Mode": "Finalize",
      "Parallel Aware": false,
      "Startup Cost": 224590.69,
      "Total Cost": 224590.7,
      "Plan Rows": 1,
      "Plan Width": 8,
      "Actual Startup Time": 343.752,
      "Actual Total Time": 382.464,
      "Actual Rows": 1,
      "Actual Loops": 1,
      "Plans": [
        {
          "Node Type": "Gather",
          "Parent Relationship": "Outer",
          "Parallel Aware": false,
          "Startup Cost": 224590.17,
          "Total Cost": 224590.68,
          "Plan Rows": 5,
          "Plan Width": 8,
          "Actual Startup Time": 342.466,
          "Actual Total Time": 382.454,
          "Actual Rows": 6,
          "Actual Loops": 1,
          "Workers Planned": 5,
          "Workers Launched": 5,
          "Single Copy": false,
          "Plans": [
            {
              "Node Type": "Aggregate",
              "Strategy": "Plain",
              "Partial Mode": "Partial",
              "Parent Relationship": "Outer",
              "Parallel Aware": false,
              "Startup Cost": 223590.17,
              "Total Cost": 223590.18,
              "Plan Rows": 1,
              "Plan Width": 8,
              "Actual Startup Time": 335.749,
              "Actual Total Time": 335.753,
              "Actual Rows": 1,
              "Actual Loops": 6,
              "Plans": [
                {
                  "Node Type": "Nested Loop",
                  "Parent Relationship": "Outer",
                  "Parallel Aware": false,
                  "Join Type": "Inner",
                  "Startup Cost": 55839.49,
                  "Total Cost": 223556.82,
                  "Plan Rows": 13340,
                  "Plan Width": 0,
                  "Actual Startup Time": 106.354,
                  "Actual Total Time": 325.101,
                  "Actual Rows": 182658,
                  "Actual Loops": 6,
                  "Inner Unique": false,
                  "Join Filter": "(t.id = ci.movie_id)",
                  "Rows Removed by Join Filter": 0,
                  "Plans": [
                    {
                      "Node Type": "Hash Join",
                      "Parent Relationship": "Outer",
                      "Parallel Aware": true,
                      "Join Type": "Inner",
                      "Startup Cost": 55838.92,
                      "Total Cost": 219554.94,
                      "Plan Rows": 930,
                      "Plan Width": 8,
                      "Actual Startup Time": 106.194,
                      "Actual Total Time": 145.717,
                      "Actual Rows": 2073,
                      "Actual Loops": 6,
                      "Inner Unique": true,
                      "Hash Cond": "(mi.movie_id = t.id)",
                      "Plans": [
                        {
                          "Node Type": "Bitmap Heap Scan",
                          "Parent Relationship": "Outer",
                          "Parallel Aware": true,
                          "Relation Name": "movie_info",
                          "Alias": "mi",
                          "Startup Cost": 10294.8,
                          "Total Cost": 173711.78,
                          "Plan Rows": 113919,
                          "Plan Width": 4,
                          "Actual Startup Time": 27.475,
                          "Actual Total Time": 58.833,
                          "Actual Rows": 99743,
                          "Actual Loops": 6,
                          "Recheck Cond": "(info_type_id = 15)",
                          "Rows Removed by Index Recheck": 0,
                          "Exact Heap Blocks": 7021,
                          "Lossy Heap Blocks": 0,
                          "Plans": [
                            {
                              "Node Type": "Bitmap Index Scan",
                              "Parent Relationship": "Outer",
                              "Parallel Aware": false,
                              "Index Name": "info_type_id_movie_info",
                              "Startup Cost": 0.0,
                              "Total Cost": 10152.4,
                              "Plan Rows": 569595,
                              "Plan Width": 0,
                              "Actual Startup Time": 24.357,
                              "Actual Total Time": 24.358,
                              "Actual Rows": 598457,
                              "Actual Loops": 1,
                              "Index Cond": "(info_type_id = 15)"
                            }
                          ]
                        },
                        {
                          "Node Type": "Hash",
                          "Parent Relationship": "Inner",
                          "Parallel Aware": true,
                          "Startup Cost": 45479.59,
                          "Total Cost": 45479.59,
                          "Plan Rows": 5163,
                          "Plan Width": 4,
                          "Actual Startup Time": 75.673,
                          "Actual Total Time": 75.673,
                          "Actual Rows": 2632,
                          "Actual Loops": 6,
                          "Hash Buckets": 32768,
                          "Original Hash Buckets": 32768,
                          "Hash Batches": 1,
                          "Original Hash Batches": 1,
                          "Peak Memory Usage": 992,
                          "Plans": [
                            {
                              "Node Type": "Seq Scan",
                              "Parent Relationship": "Outer",
                              "Parallel Aware": true,
                              "Relation Name": "title",
                              "Alias": "t",
                              "Startup Cost": 0.0,
                              "Total Cost": 45479.59,
                              "Plan Rows": 5163,
                              "Plan Width": 4,
                              "Actual Startup Time": 0.286,
                              "Actual Total Time": 73.935,
                              "Actual Rows": 2632,
                              "Actual Loops": 6,
                              "Filter": "((kind_id < 7) AND (production_year = 1999))",
                              "Rows Removed by Filter": 418754
                            }
                          ]
                        }
                      ]
                    },
                    {
                      "Node Type": "Index Only Scan",
                      "Parent Relationship": "Inner",
                      "Parallel Aware": false,
                      "Scan Direction": "Forward",
                      "Index Name": "movie_id_cast_info",
                      "Relation Name": "cast_info",
                      "Alias": "ci",
                      "Startup Cost": 0.56,
                      "Total Cost": 3.87,
                      "Plan Rows": 35,
                      "Plan Width": 4,
                      "Actual Startup Time": 0.008,
                      "Actual Total Time": 0.077,
                      "Actual Rows": 88,
                      "Actual Loops": 12438,
                      "Index Cond": "(movie_id = mi.movie_id)",
                      "Rows Removed by Index Recheck": 0,
                      "Heap Fetches": 1095948
                    }
                  ]
                }
              ]
            }
          ]
        }
      ]
    },
    "Planning Time": 0.545,
    "Triggers": [],
    "Execution Time": 382.539
  }
]