[
    {
        "Bao": {
            "Bao prediction": "NaN",
            "Bao recommended hint": "(no hint)"
        }
    },
    {
        "Plan": {
            "Node Type": "Aggregate",
            "Strategy": "Plain",
            "Partial Mode": "Finalize",
            "Parallel Aware": false,
            "Startup Cost": 248739.2,
            "Total Cost": 248739.21,
            "Plan Rows": 1,
            "Plan Width": 8,
            "Actual Startup Time": 509.346,
            "Actual Total Time": 536.846,
            "Actual Rows": 1,
            "Actual Loops": 1,
            "Output": [
                "count(*)"
            ],
            "Plans": [
                {
                    "Node Type": "Gather",
                    "Parent Relationship": "Outer",
                    "Parallel Aware": false,
                    "Startup Cost": 248738.68,
                    "Total Cost": 248739.19,
                    "Plan Rows": 5,
                    "Plan Width": 8,
                    "Actual Startup Time": 506.186,
                    "Actual Total Time": 536.837,
                    "Actual Rows": 6,
                    "Actual Loops": 1,
                    "Output": [
                        "(PARTIAL count(*))"
                    ],
                    "Workers Planned": 5,
                    "Workers Launched": 5,
                    "Single Copy": false,
                    "Plans": [
                        {
                            "Node Type": "Aggregate",
                            "Strategy": "Plain",
                            "Partial Mode": "Partial",
                            "Parent Relationship": "Outer",
                            "Parallel Aware": false,
                            "Startup Cost": 247738.68,
                            "Total Cost": 247738.69,
                            "Plan Rows": 1,
                            "Plan Width": 8,
                            "Actual Startup Time": 496.656,
                            "Actual Total Time": 496.659,
                            "Actual Rows": 1,
                            "Actual Loops": 6,
                            "Output": [
                                "PARTIAL count(*)"
                            ],
                            "Workers": [
                                {
                                    "Worker Number": 0,
                                    "Actual Startup Time": 494.105,
                                    "Actual Total Time": 494.108,
                                    "Actual Rows": 1,
                                    "Actual Loops": 1
                                },
                                {
                                    "Worker Number": 1,
                                    "Actual Startup Time": 494.639,
                                    "Actual Total Time": 494.642,
                                    "Actual Rows": 1,
                                    "Actual Loops": 1
                                },
                                {
                                    "Worker Number": 2,
                                    "Actual Startup Time": 494.592,
                                    "Actual Total Time": 494.594,
                                    "Actual Rows": 1,
                                    "Actual Loops": 1
                                },
                                {
                                    "Worker Number": 3,
                                    "Actual Startup Time": 494.816,
                                    "Actual Total Time": 494.819,
                                    "Actual Rows": 1,
                                    "Actual Loops": 1
                                },
                                {
                                    "Worker Number": 4,
                                    "Actual Startup Time": 495.952,
                                    "Actual Total Time": 495.955,
                                    "Actual Rows": 1,
                                    "Actual Loops": 1
                                }
                            ],
                            "Plans": [
                                {
                                    "Node Type": "Hash Join",
                                    "Parent Relationship": "Outer",
                                    "Parallel Aware": true,
                                    "Join Type": "Inner",
                                    "Startup Cost": 47512.75,
                                    "Total Cost": 247473.85,
                                    "Plan Rows": 105929,
                                    "Plan Width": 0,
                                    "Actual Startup Time": 147.266,
                                    "Actual Total Time": 494.152,
                                    "Actual Rows": 49772,
                                    "Actual Loops": 6,
                                    "Inner Unique": true,
                                    "Hash Cond": "(mi.movie_id = t.id)",
                                    "Workers": [
                                        {
                                            "Worker Number": 0,
                                            "Actual Startup Time": 144.746,
                                            "Actual Total Time": 491.763,
                                            "Actual Rows": 52996,
                                            "Actual Loops": 1
                                        },
                                        {
                                            "Worker Number": 1,
                                            "Actual Startup Time": 145.563,
                                            "Actual Total Time": 491.692,
                                            "Actual Rows": 41168,
                                            "Actual Loops": 1
                                        },
                                        {
                                            "Worker Number": 2,
                                            "Actual Startup Time": 145.23,
                                            "Actual Total Time": 492.24,
                                            "Actual Rows": 53006,
                                            "Actual Loops": 1
                                        },
                                        {
                                            "Worker Number": 3,
                                            "Actual Startup Time": 145.392,
                                            "Actual Total Time": 492.516,
                                            "Actual Rows": 51973,
                                            "Actual Loops": 1
                                        },
                                        {
                                            "Worker Number": 4,
                                            "Actual Startup Time": 146.018,
                                            "Actual Total Time": 493.1,
                                            "Actual Rows": 39665,
                                            "Actual Loops": 1
                                        }
                                    ],
                                    "Plans": [
                                        {
                                            "Node Type": "Seq Scan",
                                            "Parent Relationship": "Outer",
                                            "Parallel Aware": true,
                                            "Relation Name": "movie_info",
                                            "Schema": "public",
                                            "Alias": "mi",
                                            "Startup Cost": 0.0,
                                            "Total Cost": 198880.74,
                                            "Plan Rows": 411570,
                                            "Plan Width": 4,
                                            "Actual Startup Time": 28.102,
                                            "Actual Total Time": 297.709,
                                            "Actual Rows": 348511,
                                            "Actual Loops": 6,
                                            "Output": [
                                                "mi.id",
                                                "mi.movie_id",
                                                "mi.info_type_id",
                                                "mi.info",
                                                "mi.note"
                                            ],
                                            "Filter": "(mi.info_type_id < 3)",
                                            "Rows Removed by Filter": 2124109,
                                            "Workers": [
                                                {
                                                    "Worker Number": 0,
                                                    "Actual Startup Time": 28.14,
                                                    "Actual Total Time": 295.455,
                                                    "Actual Rows": 378463,
                                                    "Actual Loops": 1
                                                },
                                                {
                                                    "Worker Number": 1,
                                                    "Actual Startup Time": 28.174,
                                                    "Actual Total Time": 302.066,
                                                    "Actual Rows": 268767,
                                                    "Actual Loops": 1
                                                },
                                                {
                                                    "Worker Number": 2,
                                                    "Actual Startup Time": 28.019,
                                                    "Actual Total Time": 297.111,
                                                    "Actual Rows": 376502,
                                                    "Actual Loops": 1
                                                },
                                                {
                                                    "Worker Number": 3,
                                                    "Actual Startup Time": 28.202,
                                                    "Actual Total Time": 295.464,
                                                    "Actual Rows": 378389,
                                                    "Actual Loops": 1
                                                },
                                                {
                                                    "Worker Number": 4,
                                                    "Actual Startup Time": 28.026,
                                                    "Actual Total Time": 301.636,
                                                    "Actual Rows": 267783,
                                                    "Actual Loops": 1
                                                }
                                            ]
                                        },
                                        {
                                            "Node Type": "Hash",
                                            "Parent Relationship": "Inner",
                                            "Parallel Aware": true,
                                            "Startup Cost": 45479.21,
                                            "Total Cost": 45479.21,
                                            "Plan Rows": 162683,
                                            "Plan Width": 4,
                                            "Actual Startup Time": 116.284,
                                            "Actual Total Time": 116.285,
                                            "Actual Rows": 92800,
                                            "Actual Loops": 6,
                                            "Output": [
                                                "t.id"
                                            ],
                                            "Hash Buckets": 1048576,
                                            "Original Hash Buckets": 1048576,
                                            "Hash Batches": 1,
                                            "Original Hash Batches": 1,
                                            "Peak Memory Usage": 30048,
                                            "Workers": [
                                                {
                                                    "Worker Number": 0,
                                                    "Actual Startup Time": 115.682,
                                                    "Actual Total Time": 115.683,
                                                    "Actual Rows": 87221,
                                                    "Actual Loops": 1
                                                },
                                                {
                                                    "Worker Number": 1,
                                                    "Actual Startup Time": 116.275,
                                                    "Actual Total Time": 116.276,
                                                    "Actual Rows": 72024,
                                                    "Actual Loops": 1
                                                },
                                                {
                                                    "Worker Number": 2,
                                                    "Actual Startup Time": 116.219,
                                                    "Actual Total Time": 116.22,
                                                    "Actual Rows": 93172,
                                                    "Actual Loops": 1
                                                },
                                                {
                                                    "Worker Number": 3,
                                                    "Actual Startup Time": 116.511,
                                                    "Actual Total Time": 116.512,
                                                    "Actual Rows": 88321,
                                                    "Actual Loops": 1
                                                },
                                                {
                                                    "Worker Number": 4,
                                                    "Actual Startup Time": 117.002,
                                                    "Actual Total Time": 117.003,
                                                    "Actual Rows": 69401,
                                                    "Actual Loops": 1
                                                }
                                            ],
                                            "Plans": [
                                                {
                                                    "Node Type": "Seq Scan",
                                                    "Parent Relationship": "Outer",
                                                    "Parallel Aware": true,
                                                    "Relation Name": "title",
                                                    "Schema": "public",
                                                    "Alias": "t",
                                                    "Startup Cost": 0.0,
                                                    "Total Cost": 45479.21,
                                                    "Plan Rows": 162683,
                                                    "Plan Width": 4,
                                                    "Actual Startup Time": 0.04,
                                                    "Actual Total Time": 78.137,
                                                    "Actual Rows": 92800,
                                                    "Actual Loops": 6,
                                                    "Output": [
                                                        "t.id"
                                                    ],
                                                    "Filter": "((t.production_year < 2001) AND (t.kind_id = 7))",
                                                    "Rows Removed by Filter": 328586,
                                                    "Workers": [
                                                        {
                                                            "Worker Number": 0,
                                                            "Actual Startup Time": 0.046,
                                                            "Actual Total Time": 77.99,
                                                            "Actual Rows": 87221,
                                                            "Actual Loops": 1
                                                        },
                                                        {
                                                            "Worker Number": 1,
                                                            "Actual Startup Time": 0.029,
                                                            "Actual Total Time": 80.785,
                                                            "Actual Rows": 72024,
                                                            "Actual Loops": 1
                                                        },
                                                        {
                                                            "Worker Number": 2,
                                                            "Actual Startup Time": 0.053,
                                                            "Actual Total Time": 78.276,
                                                            "Actual Rows": 93172,
                                                            "Actual Loops": 1
                                                        },
                                                        {
                                                            "Worker Number": 3,
                                                            "Actual Startup Time": 0.05,
                                                            "Actual Total Time": 78.719,
                                                            "Actual Rows": 88321,
                                                            "Actual Loops": 1
                                                        },
                                                        {
                                                            "Worker Number": 4,
                                                            "Actual Startup Time": 0.045,
                                                            "Actual Total Time": 80.828,
                                                            "Actual Rows": 69401,
                                                            "Actual Loops": 1
                                                        }
                                                    ]
                                                }
                                            ]
                                        }
                                    ]
                                }
                            ]
                        }
                    ]
                }
            ]
        },
        "Planning Time": 185.504,
        "Triggers": [],
        "Execution Time": 536.907
    }
]