[
  {
    "Plan": {
      "Node Type": "Aggregate",
      "Strategy": "Plain",
      "Partial Mode": "Finalize",
      "Parallel Aware": false,
      "Startup Cost": 47001.43,
      "Total Cost": 47001.44,
      "Plan Rows": 1,
      "Plan Width": 8,
      "Actual Startup Time": 177.149,
      "Actual Total Time": 186.542,
      "Actual Rows": 1,
      "Actual Loops": 1,
      "Plans": [
        {
          "Node Type": "Gather",
          "Parent Relationship": "Outer",
          "Parallel Aware": false,
          "Startup Cost": 47001.11,
          "Total Cost": 47001.42,
          "Plan Rows": 3,
          "Plan Width": 8,
          "Actual Startup Time": 177.041,
          "Actual Total Time": 186.534,
          "Actual Rows": 4,
          "Actual Loops": 1,
          "Workers Planned": 3,
          "Workers Launched": 3,
          "Single Copy": false,
          "Plans": [
            {
              "Node Type": "Aggregate",
              "Strategy": "Plain",
              "Partial Mode": "Partial",
              "Parent Relationship": "Outer",
              "Parallel Aware": false,
              "Startup Cost": 46001.11,
              "Total Cost": 46001.12,
              "Plan Rows": 1,
              "Plan Width": 8,
              "Actual Startup Time": 169.313,
              "Actual Total Time": 169.314,
              "Actual Rows": 1,
              "Actual Loops": 4,
              "Plans": [
                {
                  "Node Type": "Seq Scan",
                  "Parent Relationship": "Outer",
                  "Parallel Aware": true,
                  "Relation Name": "movie_keyword",
                  "Alias": "mk",
                  "Startup Cost": 0.0,
                  "Total Cost": 42695.65,
                  "Plan Rows": 1322183,
                  "Plan Width": 0,
                  "Actual Startup Time": 0.064,
                  "Actual Total Time": 123.245,
                  "Actual Rows": 1028198,
                  "Actual Loops": 4,
                  "Filter": "(keyword_id < 42051)",
                  "Rows Removed by Filter": 102785
                }
              ]
            }
          ]
        }
      ]
    },
    "Planning Time": 0.186,
    "Triggers": [],
    "Execution Time": 186.598
  }
]