[
  {
    "Plan": {
      "Node Type": "Aggregate",
      "Strategy": "Plain",
      "Partial Mode": "Finalize",
      "Parallel Aware": false,
      "Startup Cost": 127926.36,
      "Total Cost": 127926.37,
      "Plan Rows": 1,
      "Plan Width": 8,
      "Actual Startup Time": 540.308,
      "Actual Total Time": 560.006,
      "Actual Rows": 1,
      "Actual Loops": 1,
      "Plans": [
        {
          "Node Type": "Gather",
          "Parent Relationship": "Outer",
          "Parallel Aware": false,
          "Startup Cost": 127926.04,
          "Total Cost": 127926.35,
          "Plan Rows": 3,
          "Plan Width": 8,
          "Actual Startup Time": 532.267,
          "Actual Total Time": 559.984,
          "Actual Rows": 4,
          "Actual Loops": 1,
          "Workers Planned": 3,
          "Workers Launched": 3,
          "Single Copy": false,
          "Plans": [
            {
              "Node Type": "Aggregate",
              "Strategy": "Plain",
              "Partial Mode": "Partial",
              "Parent Relationship": "Outer",
              "Parallel Aware": false,
              "Startup Cost": 126926.04,
              "Total Cost": 126926.05,
              "Plan Rows": 1,
              "Plan Width": 8,
              "Actual Startup Time": 526.212,
              "Actual Total Time": 526.584,
              "Actual Rows": 1,
              "Actual Loops": 4,
              "Plans": [
                {
                  "Node Type": "Hash Join",
                  "Parent Relationship": "Outer",
                  "Parallel Aware": true,
                  "Join Type": "Inner",
                  "Startup Cost": 95526.46,
                  "Total Cost": 126687.77,
                  "Plan Rows": 95309,
                  "Plan Width": 0,
                  "Actual Startup Time": 415.067,
                  "Actual Total Time": 523.392,
                  "Actual Rows": 67106,
                  "Actual Loops": 4,
                  "Inner Unique": false,
                  "Hash Cond": "(mc.movie_id = t.id)",
                  "Plans": [
                    {
                      "Node Type": "Seq Scan",
                      "Parent Relationship": "Outer",
                      "Parallel Aware": true,
                      "Relation Name": "movie_companies",
                      "Alias": "mc",
                      "Startup Cost": 0.0,
                      "Total Cost": 29310.68,
                      "Plan Rows": 411513,
                      "Plan Width": 4,
                      "Actual Startup Time": 0.016,
                      "Actual Total Time": 67.905,
                      "Actual Rows": 318562,
                      "Actual Loops": 4,
                      "Filter": "(company_type_id = 1)",
                      "Rows Removed by Filter": 333721
                    },
                    {
                      "Node Type": "Hash",
                      "Parent Relationship": "Inner",
                      "Parallel Aware": true,
                      "Startup Cost": 93165.16,
                      "Total Cost": 93165.16,
                      "Plan Rows": 188904,
                      "Plan Width": 8,
                      "Actual Startup Time": 409.707,
                      "Actual Total Time": 410.074,
                      "Actual Rows": 46777,
                      "Actual Loops": 4,
                      "Hash Buckets": 1048576,
                      "Original Hash Buckets": 1048576,
                      "Hash Batches": 1,
                      "Original Hash Batches": 1,
                      "Peak Memory Usage": 15552,
                      "Plans": [
                        {
                          "Node Type": "Hash Join",
                          "Parent Relationship": "Outer",
                          "Parallel Aware": true,
                          "Join Type": "Inner",
                          "Startup Cost": 49493.36,
                          "Total Cost": 93165.16,
                          "Plan Rows": 188904,
                          "Plan Width": 8,
                          "Actual Startup Time": 242.402,
                          "Actual Total Time": 392.146,
                          "Actual Rows": 46777,
                          "Actual Loops": 4,
                          "Inner Unique": true,
                          "Hash Cond": "(mk.movie_id = t.id)",
                          "Plans": [
                            {
                              "Node Type": "Seq Scan",
                              "Parent Relationship": "Outer",
                              "Parallel Aware": true,
                              "Relation Name": "movie_keyword",
                              "Alias": "mk",
                              "Startup Cost": 0.0,
                              "Total Cost": 42695.65,
                              "Plan Rows": 371865,
                              "Plan Width": 4,
                              "Actual Startup Time": 1.232,
                              "Actual Total Time": 99.124,
                              "Actual Rows": 290902,
                              "Actual Loops": 4,
                              "Filter": "(keyword_id > 16106)",
                              "Rows Removed by Filter": 840080
                            },
                            {
                              "Node Type": "Hash",
                              "Parent Relationship": "Inner",
                              "Parallel Aware": true,
                              "Startup Cost": 45479.59,
                              "Total Cost": 45479.59,
                              "Plan Rows": 321102,
                              "Plan Width": 4,
                              "Actual Startup Time": 237.659,
                              "Actual Total Time": 237.661,
                              "Actual Rows": 340328,
                              "Actual Loops": 4,
                              "Hash Buckets": 2097152,
                              "Original Hash Buckets": 2097152,
                              "Hash Batches": 1,
                              "Original Hash Batches": 1,
                              "Peak Memory Usage": 69696,
                              "Plans": [
                                {
                                  "Node Type": "Seq Scan",
                                  "Parent Relationship": "Outer",
                                  "Parallel Aware": true,
                                  "Relation Name": "title",
                                  "Alias": "t",
                                  "Startup Cost": 0.0,
                                  "Total Cost": 45479.59,
                                  "Plan Rows": 321102,
                                  "Plan Width": 4,
                                  "Actual Startup Time": 0.038,
                                  "Actual Total Time": 110.508,
                                  "Actual Rows": 340328,
                                  "Actual Loops": 4,
                                  "Filter": "((kind_id > 4) AND (production_year > 1970))",
                                  "Rows Removed by Filter": 291750
                                }
                              ]
                            }
                          ]
                        }
                      ]
                    }
                  ]
                }
              ]
            }
          ]
        }
      ]
    },
    "Planning Time": 0.486,
    "Triggers": [],
    "Execution Time": 560.047
  }
]