[
  {
    "Plan": {
      "Node Type": "Aggregate",
      "Strategy": "Plain",
      "Partial Mode": "Finalize",
      "Parallel Aware": false,
      "Startup Cost": 127917.51,
      "Total Cost": 127917.52,
      "Plan Rows": 1,
      "Plan Width": 8,
      "Actual Startup Time": 560.202,
      "Actual Total Time": 581.946,
      "Actual Rows": 1,
      "Actual Loops": 1,
      "Plans": [
        {
          "Node Type": "Gather",
          "Parent Relationship": "Outer",
          "Parallel Aware": false,
          "Startup Cost": 127917.19,
          "Total Cost": 127917.5,
          "Plan Rows": 3,
          "Plan Width": 8,
          "Actual Startup Time": 554.103,
          "Actual Total Time": 581.936,
          "Actual Rows": 4,
          "Actual Loops": 1,
          "Workers Planned": 3,
          "Workers Launched": 3,
          "Single Copy": false,
          "Plans": [
            {
              "Node Type": "Aggregate",
              "Strategy": "Plain",
              "Partial Mode": "Partial",
              "Parent Relationship": "Outer",
              "Parallel Aware": false,
              "Startup Cost": 126917.19,
              "Total Cost": 126917.2,
              "Plan Rows": 1,
              "Plan Width": 8,
              "Actual Startup Time": 544.849,
              "Actual Total Time": 545.182,
              "Actual Rows": 1,
              "Actual Loops": 4,
              "Plans": [
                {
                  "Node Type": "Hash Join",
                  "Parent Relationship": "Outer",
                  "Parallel Aware": true,
                  "Join Type": "Inner",
                  "Startup Cost": 95504.86,
                  "Total Cost": 126677.95,
                  "Plan Rows": 95699,
                  "Plan Width": 0,
                  "Actual Startup Time": 433.578,
                  "Actual Total Time": 542.127,
                  "Actual Rows": 67106,
                  "Actual Loops": 4,
                  "Inner Unique": false,
                  "Hash Cond": "(mc.movie_id = t.id)",
                  "Plans": [
                    {
                      "Node Type": "Seq Scan",
                      "Parent Relationship": "Outer",
                      "Parallel Aware": true,
                      "Relation Name": "movie_companies",
                      "Alias": "mc",
                      "Startup Cost": 0.0,
                      "Total Cost": 29310.68,
                      "Plan Rows": 414318,
                      "Plan Width": 4,
                      "Actual Startup Time": 0.023,
                      "Actual Total Time": 68.225,
                      "Actual Rows": 318562,
                      "Actual Loops": 4,
                      "Filter": "(company_type_id = 1)",
                      "Rows Removed by Filter": 333721
                    },
                    {
                      "Node Type": "Hash",
                      "Parent Relationship": "Inner",
                      "Parallel Aware": true,
                      "Startup Cost": 93150.07,
                      "Total Cost": 93150.07,
                      "Plan Rows": 188383,
                      "Plan Width": 8,
                      "Actual Startup Time": 425.868,
                      "Actual Total Time": 426.2,
                      "Actual Rows": 46777,
                      "Actual Loops": 4,
                      "Hash Buckets": 1048576,
                      "Original Hash Buckets": 1048576,
                      "Hash Batches": 1,
                      "Original Hash Batches": 1,
                      "Peak Memory Usage": 15584,
                      "Plans": [
                        {
                          "Node Type": "Hash Join",
                          "Parent Relationship": "Outer",
                          "Parallel Aware": true,
                          "Join Type": "Inner",
                          "Startup Cost": 49477.2,
                          "Total Cost": 93150.07,
                          "Plan Rows": 188383,
                          "Plan Width": 8,
                          "Actual Startup Time": 254.626,
                          "Actual Total Time": 404.792,
                          "Actual Rows": 46777,
                          "Actual Loops": 4,
                          "Inner Unique": true,
                          "Hash Cond": "(mk.movie_id = t.id)",
                          "Plans": [
                            {
                              "Node Type": "Seq Scan",
                              "Parent Relationship": "Outer",
                              "Parallel Aware": true,
                              "Relation Name": "movie_keyword",
                              "Alias": "mk",
                              "Startup Cost": 0.0,
                              "Total Cost": 42695.65,
                              "Plan Rows": 372275,
                              "Plan Width": 4,
                              "Actual Startup Time": 1.233,
                              "Actual Total Time": 101.106,
                              "Actual Rows": 290902,
                              "Actual Loops": 4,
                              "Filter": "(keyword_id > 16106)",
                              "Rows Removed by Filter": 840080
                            },
                            {
                              "Node Type": "Hash",
                              "Parent Relationship": "Inner",
                              "Parallel Aware": true,
                              "Startup Cost": 45479.1,
                              "Total Cost": 45479.1,
                              "Plan Rows": 319848,
                              "Plan Width": 4,
                              "Actual Startup Time": 248.664,
                              "Actual Total Time": 248.665,
                              "Actual Rows": 340328,
                              "Actual Loops": 4,
                              "Hash Buckets": 2097152,
                              "Original Hash Buckets": 2097152,
                              "Hash Batches": 1,
                              "Original Hash Batches": 1,
                              "Peak Memory Usage": 69696,
                              "Plans": [
                                {
                                  "Node Type": "Seq Scan",
                                  "Parent Relationship": "Outer",
                                  "Parallel Aware": true,
                                  "Relation Name": "title",
                                  "Alias": "t",
                                  "Startup Cost": 0.0,
                                  "Total Cost": 45479.1,
                                  "Plan Rows": 319848,
                                  "Plan Width": 4,
                                  "Actual Startup Time": 0.048,
                                  "Actual Total Time": 112.988,
                                  "Actual Rows": 340328,
                                  "Actual Loops": 4,
                                  "Filter": "((kind_id > 4) AND (production_year > 1970))",
                                  "Rows Removed by Filter": 291750
                                }
                              ]
                            }
                          ]
                        }
                      ]
                    }
                  ]
                }
              ]
            }
          ]
        }
      ]
    },
    "Planning Time": 1.518,
    "Triggers": [],
    "Execution Time": 582.033
  }
]