[
  {
    "Plan": {
      "Node Type": "Aggregate",
      "Strategy": "Plain",
      "Partial Mode": "Finalize",
      "Parallel Aware": false,
      "Startup Cost": 44970.64,
      "Total Cost": 44970.65,
      "Plan Rows": 1,
      "Plan Width": 8,
      "Actual Startup Time": 136.987,
      "Actual Total Time": 143.425,
      "Actual Rows": 1,
      "Actual Loops": 1,
      "Plans": [
        {
          "Node Type": "Gather",
          "Parent Relationship": "Outer",
          "Parallel Aware": false,
          "Startup Cost": 44970.32,
          "Total Cost": 44970.63,
          "Plan Rows": 3,
          "Plan Width": 8,
          "Actual Startup Time": 136.742,
          "Actual Total Time": 143.414,
          "Actual Rows": 4,
          "Actual Loops": 1,
          "Workers Planned": 3,
          "Workers Launched": 3,
          "Single Copy": false,
          "Plans": [
            {
              "Node Type": "Aggregate",
              "Strategy": "Plain",
              "Partial Mode": "Partial",
              "Parent Relationship": "Outer",
              "Parallel Aware": false,
              "Startup Cost": 43970.32,
              "Total Cost": 43970.33,
              "Plan Rows": 1,
              "Plan Width": 8,
              "Actual Startup Time": 131.546,
              "Actual Total Time": 131.547,
              "Actual Rows": 1,
              "Actual Loops": 4,
              "Plans": [
                {
                  "Node Type": "Seq Scan",
                  "Parent Relationship": "Outer",
                  "Parallel Aware": true,
                  "Relation Name": "movie_keyword",
                  "Alias": "mk",
                  "Startup Cost": 0.0,
                  "Total Cost": 42695.65,
                  "Plan Rows": 509866,
                  "Plan Width": 0,
                  "Actual Startup Time": 0.035,
                  "Actual Total Time": 111.211,
                  "Actual Rows": 395452,
                  "Actual Loops": 4,
                  "Filter": "(keyword_id < 2402)",
                  "Rows Removed by Filter": 735530
                }
              ]
            }
          ]
        }
      ]
    },
    "Planning Time": 0.179,
    "Triggers": [],
    "Execution Time": 143.478
  }
]