[
  {
    "Plan": {
      "Node Type": "Aggregate",
      "Strategy": "Plain",
      "Partial Mode": "Finalize",
      "Parallel Aware": false,
      "Startup Cost": 268960.35,
      "Total Cost": 268960.36,
      "Plan Rows": 1,
      "Plan Width": 8,
      "Actual Startup Time": 187.623,
      "Actual Total Time": 221.351,
      "Actual Rows": 1,
      "Actual Loops": 1,
      "Plans": [
        {
          "Node Type": "Gather",
          "Parent Relationship": "Outer",
          "Parallel Aware": false,
          "Startup Cost": 268959.93,
          "Total Cost": 268960.34,
          "Plan Rows": 4,
          "Plan Width": 8,
          "Actual Startup Time": 187.418,
          "Actual Total Time": 221.341,
          "Actual Rows": 5,
          "Actual Loops": 1,
          "Workers Planned": 4,
          "Workers Launched": 4,
          "Single Copy": false,
          "Plans": [
            {
              "Node Type": "Aggregate",
              "Strategy": "Plain",
              "Partial Mode": "Partial",
              "Parent Relationship": "Outer",
              "Parallel Aware": false,
              "Startup Cost": 267959.93,
              "Total Cost": 267959.94,
              "Plan Rows": 1,
              "Plan Width": 8,
              "Actual Startup Time": 180.811,
              "Actual Total Time": 180.813,
              "Actual Rows": 1,
              "Actual Loops": 5,
              "Plans": [
                {
                  "Node Type": "Nested Loop",
                  "Parent Relationship": "Outer",
                  "Parallel Aware": false,
                  "Join Type": "Inner",
                  "Startup Cost": 0.56,
                  "Total Cost": 267867.79,
                  "Plan Rows": 36855,
                  "Plan Width": 0,
                  "Actual Startup Time": 0.257,
                  "Actual Total Time": 178.16,
                  "Actual Rows": 27710,
                  "Actual Loops": 5,
                  "Inner Unique": false,
                  "Plans": [
                    {
                      "Node Type": "Seq Scan",
                      "Parent Relationship": "Outer",
                      "Parallel Aware": true,
                      "Relation Name": "title",
                      "Alias": "t",
                      "Startup Cost": 0.0,
                      "Total Cost": 43899.32,
                      "Plan Rows": 2570,
                      "Plan Width": 4,
                      "Actual Startup Time": 0.074,
                      "Actual Total Time": 63.23,
                      "Actual Rows": 2215,
                      "Actual Loops": 5,
                      "Filter": "(production_year = 1961)",
                      "Rows Removed by Filter": 503448
                    },
                    {
                      "Node Type": "Index Only Scan",
                      "Parent Relationship": "Inner",
                      "Parallel Aware": false,
                      "Scan Direction": "Forward",
                      "Index Name": "movie_id_cast_info",
                      "Relation Name": "cast_info",
                      "Alias": "ci",
                      "Startup Cost": 0.56,
                      "Total Cost": 86.8,
                      "Plan Rows": 35,
                      "Plan Width": 4,
                      "Actual Startup Time": 0.012,
                      "Actual Total Time": 0.05,
                      "Actual Rows": 13,
                      "Actual Loops": 11073,
                      "Index Cond": "(movie_id = t.id)",
                      "Rows Removed by Index Recheck": 0,
                      "Heap Fetches": 138551
                    }
                  ]
                }
              ]
            }
          ]
        }
      ]
    },
    "Planning Time": 0.23,
    "Triggers": [],
    "Execution Time": 221.397
  }
]