[
    {
        "Bao": {
            "Bao prediction": 712.243,
            "Bao recommended hint": "SET enable_nestloop TO off; "
        }
    },
    {
        "Plan": {
            "Node Type": "Aggregate",
            "Strategy": "Plain",
            "Partial Mode": "Finalize",
            "Parallel Aware": false,
            "Startup Cost": 225368.15,
            "Total Cost": 225368.16,
            "Plan Rows": 1,
            "Plan Width": 8,
            "Actual Startup Time": 615.529,
            "Actual Total Time": 641.576,
            "Actual Rows": 1,
            "Actual Loops": 1,
            "Output": [
                "count(*)"
            ],
            "Plans": [
                {
                    "Node Type": "Gather",
                    "Parent Relationship": "Outer",
                    "Parallel Aware": false,
                    "Startup Cost": 225367.62,
                    "Total Cost": 225368.13,
                    "Plan Rows": 5,
                    "Plan Width": 8,
                    "Actual Startup Time": 615.041,
                    "Actual Total Time": 641.567,
                    "Actual Rows": 6,
                    "Actual Loops": 1,
                    "Output": [
                        "(PARTIAL count(*))"
                    ],
                    "Workers Planned": 5,
                    "Workers Launched": 5,
                    "Single Copy": false,
                    "Plans": [
                        {
                            "Node Type": "Aggregate",
                            "Strategy": "Plain",
                            "Partial Mode": "Partial",
                            "Parent Relationship": "Outer",
                            "Parallel Aware": false,
                            "Startup Cost": 224367.62,
                            "Total Cost": 224367.63,
                            "Plan Rows": 1,
                            "Plan Width": 8,
                            "Actual Startup Time": 605.176,
                            "Actual Total Time": 605.179,
                            "Actual Rows": 1,
                            "Actual Loops": 6,
                            "Output": [
                                "PARTIAL count(*)"
                            ],
                            "Workers": [
                                {
                                    "Worker Number": 0,
                                    "Actual Startup Time": 603.088,
                                    "Actual Total Time": 603.091,
                                    "Actual Rows": 1,
                                    "Actual Loops": 1
                                },
                                {
                                    "Worker Number": 1,
                                    "Actual Startup Time": 603.109,
                                    "Actual Total Time": 603.111,
                                    "Actual Rows": 1,
                                    "Actual Loops": 1
                                },
                                {
                                    "Worker Number": 2,
                                    "Actual Startup Time": 603.412,
                                    "Actual Total Time": 603.414,
                                    "Actual Rows": 1,
                                    "Actual Loops": 1
                                },
                                {
                                    "Worker Number": 3,
                                    "Actual Startup Time": 603.606,
                                    "Actual Total Time": 603.608,
                                    "Actual Rows": 1,
                                    "Actual Loops": 1
                                },
                                {
                                    "Worker Number": 4,
                                    "Actual Startup Time": 603.624,
                                    "Actual Total Time": 603.628,
                                    "Actual Rows": 1,
                                    "Actual Loops": 1
                                }
                            ],
                            "Plans": [
                                {
                                    "Node Type": "Hash Join",
                                    "Parent Relationship": "Outer",
                                    "Parallel Aware": true,
                                    "Join Type": "Inner",
                                    "Startup Cost": 25105.06,
                                    "Total Cost": 224354.68,
                                    "Plan Rows": 5176,
                                    "Plan Width": 0,
                                    "Actual Startup Time": 36.262,
                                    "Actual Total Time": 604.507,
                                    "Actual Rows": 7114,
                                    "Actual Loops": 6,
                                    "Inner Unique": true,
                                    "Hash Cond": "(mi.movie_id = t.id)",
                                    "Workers": [
                                        {
                                            "Worker Number": 0,
                                            "Actual Startup Time": 34.449,
                                            "Actual Total Time": 602.401,
                                            "Actual Rows": 5456,
                                            "Actual Loops": 1
                                        },
                                        {
                                            "Worker Number": 1,
                                            "Actual Startup Time": 34.199,
                                            "Actual Total Time": 602.434,
                                            "Actual Rows": 5340,
                                            "Actual Loops": 1
                                        },
                                        {
                                            "Worker Number": 2,
                                            "Actual Startup Time": 34.377,
                                            "Actual Total Time": 602.708,
                                            "Actual Rows": 5579,
                                            "Actual Loops": 1
                                        },
                                        {
                                            "Worker Number": 3,
                                            "Actual Startup Time": 34.623,
                                            "Actual Total Time": 602.905,
                                            "Actual Rows": 9276,
                                            "Actual Loops": 1
                                        },
                                        {
                                            "Worker Number": 4,
                                            "Actual Startup Time": 34.697,
                                            "Actual Total Time": 602.922,
                                            "Actual Rows": 5651,
                                            "Actual Loops": 1
                                        }
                                    ],
                                    "Plans": [
                                        {
                                            "Node Type": "Seq Scan",
                                            "Parent Relationship": "Outer",
                                            "Parallel Aware": true,
                                            "Relation Name": "movie_info",
                                            "Schema": "public",
                                            "Alias": "mi",
                                            "Startup Cost": 0.0,
                                            "Total Cost": 191503.19,
                                            "Plan Rows": 2951019,
                                            "Plan Width": 4,
                                            "Actual Startup Time": 0.03,
                                            "Actual Total Time": 322.227,
                                            "Actual Rows": 2472620,
                                            "Actual Loops": 6,
                                            "Output": [
                                                "mi.id",
                                                "mi.movie_id",
                                                "mi.info_type_id",
                                                "mi.info",
                                                "mi.note"
                                            ],
                                            "Workers": [
                                                {
                                                    "Worker Number": 0,
                                                    "Actual Startup Time": 0.035,
                                                    "Actual Total Time": 330.722,
                                                    "Actual Rows": 1930088,
                                                    "Actual Loops": 1
                                                },
                                                {
                                                    "Worker Number": 1,
                                                    "Actual Startup Time": 0.03,
                                                    "Actual Total Time": 331.105,
                                                    "Actual Rows": 1903531,
                                                    "Actual Loops": 1
                                                },
                                                {
                                                    "Worker Number": 2,
                                                    "Actual Startup Time": 0.034,
                                                    "Actual Total Time": 329.116,
                                                    "Actual Rows": 1939885,
                                                    "Actual Loops": 1
                                                },
                                                {
                                                    "Worker Number": 3,
                                                    "Actual Startup Time": 0.038,
                                                    "Actual Total Time": 330.484,
                                                    "Actual Rows": 3148605,
                                                    "Actual Loops": 1
                                                },
                                                {
                                                    "Worker Number": 4,
                                                    "Actual Startup Time": 0.034,
                                                    "Actual Total Time": 328.635,
                                                    "Actual Rows": 1943775,
                                                    "Actual Loops": 1
                                                }
                                            ]
                                        },
                                        {
                                            "Node Type": "Hash",
                                            "Parent Relationship": "Inner",
                                            "Parallel Aware": true,
                                            "Startup Cost": 25087.17,
                                            "Total Cost": 25087.17,
                                            "Plan Rows": 1431,
                                            "Plan Width": 4,
                                            "Actual Startup Time": 24.543,
                                            "Actual Total Time": 24.544,
                                            "Actual Rows": 994,
                                            "Actual Loops": 6,
                                            "Output": [
                                                "t.id"
                                            ],
                                            "Hash Buckets": 8192,
                                            "Original Hash Buckets": 8192,
                                            "Hash Batches": 1,
                                            "Original Hash Batches": 1,
                                            "Peak Memory Usage": 384,
                                            "Workers": [
                                                {
                                                    "Worker Number": 0,
                                                    "Actual Startup Time": 22.995,
                                                    "Actual Total Time": 22.996,
                                                    "Actual Rows": 465,
                                                    "Actual Loops": 1
                                                },
                                                {
                                                    "Worker Number": 1,
                                                    "Actual Startup Time": 23.001,
                                                    "Actual Total Time": 23.002,
                                                    "Actual Rows": 471,
                                                    "Actual Loops": 1
                                                },
                                                {
                                                    "Worker Number": 2,
                                                    "Actual Startup Time": 23.311,
                                                    "Actual Total Time": 23.312,
                                                    "Actual Rows": 430,
                                                    "Actual Loops": 1
                                                },
                                                {
                                                    "Worker Number": 3,
                                                    "Actual Startup Time": 23.554,
                                                    "Actual Total Time": 23.554,
                                                    "Actual Rows": 474,
                                                    "Actual Loops": 1
                                                },
                                                {
                                                    "Worker Number": 4,
                                                    "Actual Startup Time": 23.52,
                                                    "Actual Total Time": 23.522,
                                                    "Actual Rows": 430,
                                                    "Actual Loops": 1
                                                }
                                            ],
                                            "Plans": [
                                                {
                                                    "Node Type": "Bitmap Heap Scan",
                                                    "Parent Relationship": "Outer",
                                                    "Parallel Aware": true,
                                                    "Relation Name": "title",
                                                    "Schema": "public",
                                                    "Alias": "t",
                                                    "Startup Cost": 220.56,
                                                    "Total Cost": 25087.17,
                                                    "Plan Rows": 1431,
                                                    "Plan Width": 4,
                                                    "Actual Startup Time": 4.717,
                                                    "Actual Total Time": 23.651,
                                                    "Actual Rows": 994,
                                                    "Actual Loops": 6,
                                                    "Output": [
                                                        "t.id"
                                                    ],
                                                    "Recheck Cond": "(t.kind_id = 6)",
                                                    "Rows Removed by Index Recheck": 0,
                                                    "Filter": "(t.production_year < 1998)",
                                                    "Rows Removed by Filter": 1106,
                                                    "Exact Heap Blocks": 4832,
                                                    "Lossy Heap Blocks": 0,
                                                    "Workers": [
                                                        {
                                                            "Worker Number": 0,
                                                            "Actual Startup Time": 2.988,
                                                            "Actual Total Time": 22.252,
                                                            "Actual Rows": 465,
                                                            "Actual Loops": 1
                                                        },
                                                        {
                                                            "Worker Number": 1,
                                                            "Actual Startup Time": 3.224,
                                                            "Actual Total Time": 22.281,
                                                            "Actual Rows": 471,
                                                            "Actual Loops": 1
                                                        },
                                                        {
                                                            "Worker Number": 2,
                                                            "Actual Startup Time": 3.854,
                                                            "Actual Total Time": 22.61,
                                                            "Actual Rows": 430,
                                                            "Actual Loops": 1
                                                        },
                                                        {
                                                            "Worker Number": 3,
                                                            "Actual Startup Time": 3.917,
                                                            "Actual Total Time": 22.779,
                                                            "Actual Rows": 474,
                                                            "Actual Loops": 1
                                                        },
                                                        {
                                                            "Worker Number": 4,
                                                            "Actual Startup Time": 3.459,
                                                            "Actual Total Time": 22.804,
                                                            "Actual Rows": 430,
                                                            "Actual Loops": 1
                                                        }
                                                    ],
                                                    "Plans": [
                                                        {
                                                            "Node Type": "Bitmap Index Scan",
                                                            "Parent Relationship": "Outer",
                                                            "Parallel Aware": false,
                                                            "Index Name": "kind_id_title",
                                                            "Startup Cost": 0.0,
                                                            "Total Cost": 219.45,
                                                            "Plan Rows": 12136,
                                                            "Plan Width": 0,
                                                            "Actual Startup Time": 6.126,
                                                            "Actual Total Time": 6.126,
                                                            "Actual Rows": 12600,
                                                            "Actual Loops": 1,
                                                            "Index Cond": "(t.kind_id = 6)"
                                                        }
                                                    ]
                                                }
                                            ]
                                        }
                                    ]
                                }
                            ]
                        }
                    ]
                }
            ]
        },
        "Planning Time": 940.226,
        "Triggers": [],
        "Execution Time": 641.708
    }
]