[
  {
    "Plan": {
      "Node Type": "Aggregate",
      "Strategy": "Plain",
      "Partial Mode": "Finalize",
      "Parallel Aware": false,
      "Startup Cost": 31629.22,
      "Total Cost": 31629.23,
      "Plan Rows": 1,
      "Plan Width": 8,
      "Actual Startup Time": 104.803,
      "Actual Total Time": 112.712,
      "Actual Rows": 1,
      "Actual Loops": 1,
      "Plans": [
        {
          "Node Type": "Gather",
          "Parent Relationship": "Outer",
          "Parallel Aware": false,
          "Startup Cost": 31628.9,
          "Total Cost": 31629.21,
          "Plan Rows": 3,
          "Plan Width": 8,
          "Actual Startup Time": 104.69,
          "Actual Total Time": 112.703,
          "Actual Rows": 4,
          "Actual Loops": 1,
          "Workers Planned": 3,
          "Workers Launched": 3,
          "Single Copy": false,
          "Plans": [
            {
              "Node Type": "Aggregate",
              "Strategy": "Plain",
              "Partial Mode": "Partial",
              "Parent Relationship": "Outer",
              "Parallel Aware": false,
              "Startup Cost": 30628.9,
              "Total Cost": 30628.91,
              "Plan Rows": 1,
              "Plan Width": 8,
              "Actual Startup Time": 98.376,
              "Actual Total Time": 98.377,
              "Actual Rows": 1,
              "Actual Loops": 4,
              "Plans": [
                {
                  "Node Type": "Seq Scan",
                  "Parent Relationship": "Outer",
                  "Parallel Aware": true,
                  "Relation Name": "movie_companies",
                  "Alias": "mc",
                  "Startup Cost": 0.0,
                  "Total Cost": 29310.68,
                  "Plan Rows": 527287,
                  "Plan Width": 0,
                  "Actual Startup Time": 0.035,
                  "Actual Total Time": 77.817,
                  "Actual Rows": 405385,
                  "Actual Loops": 4,
                  "Filter": "(company_id < 17137)",
                  "Rows Removed by Filter": 246897
                }
              ]
            }
          ]
        }
      ]
    },
    "Planning Time": 0.184,
    "Triggers": [],
    "Execution Time": 112.766
  }
]