[
  {
    "Plan": {
      "Node Type": "Aggregate",
      "Strategy": "Plain",
      "Partial Mode": "Finalize",
      "Parallel Aware": false,
      "Startup Cost": 297642.74,
      "Total Cost": 297642.75,
      "Plan Rows": 1,
      "Plan Width": 8,
      "Actual Startup Time": 1015.108,
      "Actual Total Time": 1064.563,
      "Actual Rows": 1,
      "Actual Loops": 1,
      "Plans": [
        {
          "Node Type": "Gather",
          "Parent Relationship": "Outer",
          "Parallel Aware": false,
          "Startup Cost": 297642.22,
          "Total Cost": 297642.73,
          "Plan Rows": 5,
          "Plan Width": 8,
          "Actual Startup Time": 1001.326,
          "Actual Total Time": 1064.549,
          "Actual Rows": 6,
          "Actual Loops": 1,
          "Workers Planned": 5,
          "Workers Launched": 5,
          "Single Copy": false,
          "Plans": [
            {
              "Node Type": "Aggregate",
              "Strategy": "Plain",
              "Partial Mode": "Partial",
              "Parent Relationship": "Outer",
              "Parallel Aware": false,
              "Startup Cost": 296642.22,
              "Total Cost": 296642.23,
              "Plan Rows": 1,
              "Plan Width": 8,
              "Actual Startup Time": 992.321,
              "Actual Total Time": 992.329,
              "Actual Rows": 1,
              "Actual Loops": 6,
              "Plans": [
                {
                  "Node Type": "Hash Join",
                  "Parent Relationship": "Outer",
                  "Parallel Aware": true,
                  "Join Type": "Inner",
                  "Startup Cost": 90957.25,
                  "Total Cost": 295391.22,
                  "Plan Rows": 500402,
                  "Plan Width": 0,
                  "Actual Startup Time": 365.51,
                  "Actual Total Time": 971.126,
                  "Actual Rows": 459257,
                  "Actual Loops": 6,
                  "Inner Unique": false,
                  "Hash Cond": "(mi.movie_id = t.id)",
                  "Plans": [
                    {
                      "Node Type": "Seq Scan",
                      "Parent Relationship": "Outer",
                      "Parallel Aware": true,
                      "Relation Name": "movie_info",
                      "Alias": "mi",
                      "Startup Cost": 0.0,
                      "Total Cost": 191685.19,
                      "Plan Rows": 2969219,
                      "Plan Width": 4,
                      "Actual Startup Time": 0.031,
                      "Actual Total Time": 288.413,
                      "Actual Rows": 2472620,
                      "Actual Loops": 6
                    },
                    {
                      "Node Type": "Hash",
                      "Parent Relationship": "Inner",
                      "Parallel Aware": true,
                      "Startup Cost": 89239.05,
                      "Total Cost": 89239.05,
                      "Plan Rows": 137456,
                      "Plan Width": 8,
                      "Actual Startup Time": 362.67,
                      "Actual Total Time": 362.677,
                      "Actual Rows": 29824,
                      "Actual Loops": 6,
                      "Hash Buckets": 524288,
                      "Original Hash Buckets": 524288,
                      "Hash Batches": 1,
                      "Original Hash Batches": 1,
                      "Peak Memory Usage": 11200,
                      "Plans": [
                        {
                          "Node Type": "Hash Join",
                          "Parent Relationship": "Outer",
                          "Parallel Aware": true,
                          "Join Type": "Inner",
                          "Startup Cost": 61971.37,
                          "Total Cost": 89239.05,
                          "Plan Rows": 137456,
                          "Plan Width": 8,
                          "Actual Startup Time": 270.744,
                          "Actual Total Time": 349.767,
                          "Actual Rows": 29824,
                          "Actual Loops": 6,
                          "Inner Unique": true,
                          "Hash Cond": "(mk.movie_id = t.id)",
                          "Plans": [
                            {
                              "Node Type": "Bitmap Heap Scan",
                              "Parent Relationship": "Outer",
                              "Parallel Aware": true,
                              "Relation Name": "movie_keyword",
                              "Alias": "mk",
                              "Startup Cost": 12233.76,
                              "Total Cost": 39013.12,
                              "Plan Rows": 186028,
                              "Plan Width": 4,
                              "Actual Startup Time": 47.204,
                              "Actual Total Time": 92.603,
                              "Actual Rows": 95974,
                              "Actual Loops": 6,
                              "Recheck Cond": "(keyword_id > 31852)",
                              "Rows Removed by Index Recheck": 0,
                              "Exact Heap Blocks": 4826,
                              "Lossy Heap Blocks": 0,
                              "Plans": [
                                {
                                  "Node Type": "Bitmap Index Scan",
                                  "Parent Relationship": "Outer",
                                  "Parallel Aware": false,
                                  "Index Name": "keyword_id_movie_keyword",
                                  "Startup Cost": 0.0,
                                  "Total Cost": 12089.59,
                                  "Plan Rows": 576688,
                                  "Plan Width": 0,
                                  "Actual Startup Time": 43.654,
                                  "Actual Total Time": 43.654,
                                  "Actual Rows": 575846,
                                  "Actual Loops": 1,
                                  "Index Cond": "(keyword_id > 31852)"
                                }
                              ]
                            },
                            {
                              "Node Type": "Hash",
                              "Parent Relationship": "Inner",
                              "Parallel Aware": true,
                              "Startup Cost": 43899.32,
                              "Total Cost": 43899.32,
                              "Plan Rows": 467063,
                              "Plan Width": 4,
                              "Actual Startup Time": 219.563,
                              "Actual Total Time": 219.564,
                              "Actual Rows": 310914,
                              "Actual Loops": 6,
                              "Hash Buckets": 2097152,
                              "Original Hash Buckets": 2097152,
                              "Hash Batches": 1,
                              "Original Hash Batches": 1,
                              "Peak Memory Usage": 89440,
                              "Plans": [
                                {
                                  "Node Type": "Seq Scan",
                                  "Parent Relationship": "Outer",
                                  "Parallel Aware": true,
                                  "Relation Name": "title",
                                  "Alias": "t",
                                  "Startup Cost": 0.0,
                                  "Total Cost": 43899.32,
                                  "Plan Rows": 467063,
                                  "Plan Width": 4,
                                  "Actual Startup Time": 0.054,
                                  "Actual Total Time": 85.344,
                                  "Actual Rows": 310914,
                                  "Actual Loops": 6,
                                  "Filter": "(kind_id > 1)",
                                  "Rows Removed by Filter": 110471
                                }
                              ]
                            }
                          ]
                        }
                      ]
                    }
                  ]
                }
              ]
            }
          ]
        }
      ]
    },
    "Planning Time": 1.109,
    "Triggers": [],
    "Execution Time": 1064.666
  }
]