[
    {
        "Bao": {
            "Bao prediction": "NaN",
            "Bao recommended hint": "(no hint)"
        }
    },
    {
        "Plan": {
            "Node Type": "Aggregate",
            "Strategy": "Plain",
            "Partial Mode": "Finalize",
            "Parallel Aware": false,
            "Startup Cost": 324483.91,
            "Total Cost": 324483.92,
            "Plan Rows": 1,
            "Plan Width": 8,
            "Actual Startup Time": 269.576,
            "Actual Total Time": 305.303,
            "Actual Rows": 1,
            "Actual Loops": 1,
            "Output": [
                "count(*)"
            ],
            "Plans": [
                {
                    "Node Type": "Gather",
                    "Parent Relationship": "Outer",
                    "Parallel Aware": false,
                    "Startup Cost": 324483.49,
                    "Total Cost": 324483.9,
                    "Plan Rows": 4,
                    "Plan Width": 8,
                    "Actual Startup Time": 269.122,
                    "Actual Total Time": 305.295,
                    "Actual Rows": 5,
                    "Actual Loops": 1,
                    "Output": [
                        "(PARTIAL count(*))"
                    ],
                    "Workers Planned": 4,
                    "Workers Launched": 4,
                    "Single Copy": false,
                    "Plans": [
                        {
                            "Node Type": "Aggregate",
                            "Strategy": "Plain",
                            "Partial Mode": "Partial",
                            "Parent Relationship": "Outer",
                            "Parallel Aware": false,
                            "Startup Cost": 323483.49,
                            "Total Cost": 323483.5,
                            "Plan Rows": 1,
                            "Plan Width": 8,
                            "Actual Startup Time": 259.487,
                            "Actual Total Time": 259.488,
                            "Actual Rows": 1,
                            "Actual Loops": 5,
                            "Output": [
                                "PARTIAL count(*)"
                            ],
                            "Workers": [
                                {
                                    "Worker Number": 0,
                                    "Actual Startup Time": 256.799,
                                    "Actual Total Time": 256.801,
                                    "Actual Rows": 1,
                                    "Actual Loops": 1
                                },
                                {
                                    "Worker Number": 1,
                                    "Actual Startup Time": 256.896,
                                    "Actual Total Time": 256.897,
                                    "Actual Rows": 1,
                                    "Actual Loops": 1
                                },
                                {
                                    "Worker Number": 2,
                                    "Actual Startup Time": 257.129,
                                    "Actual Total Time": 257.131,
                                    "Actual Rows": 1,
                                    "Actual Loops": 1
                                },
                                {
                                    "Worker Number": 3,
                                    "Actual Startup Time": 257.871,
                                    "Actual Total Time": 257.873,
                                    "Actual Rows": 1,
                                    "Actual Loops": 1
                                }
                            ],
                            "Plans": [
                                {
                                    "Node Type": "Nested Loop",
                                    "Parent Relationship": "Outer",
                                    "Parallel Aware": false,
                                    "Join Type": "Inner",
                                    "Startup Cost": 0.56,
                                    "Total Cost": 323425.57,
                                    "Plan Rows": 23169,
                                    "Plan Width": 0,
                                    "Actual Startup Time": 1.626,
                                    "Actual Total Time": 257.423,
                                    "Actual Rows": 20005,
                                    "Actual Loops": 5,
                                    "Inner Unique": false,
                                    "Workers": [
                                        {
                                            "Worker Number": 0,
                                            "Actual Startup Time": 4.368,
                                            "Actual Total Time": 254.749,
                                            "Actual Rows": 13767,
                                            "Actual Loops": 1
                                        },
                                        {
                                            "Worker Number": 1,
                                            "Actual Startup Time": 0.896,
                                            "Actual Total Time": 254.871,
                                            "Actual Rows": 13390,
                                            "Actual Loops": 1
                                        },
                                        {
                                            "Worker Number": 2,
                                            "Actual Startup Time": 1.056,
                                            "Actual Total Time": 255.111,
                                            "Actual Rows": 13066,
                                            "Actual Loops": 1
                                        },
                                        {
                                            "Worker Number": 3,
                                            "Actual Startup Time": 1.67,
                                            "Actual Total Time": 255.756,
                                            "Actual Rows": 14002,
                                            "Actual Loops": 1
                                        }
                                    ],
                                    "Plans": [
                                        {
                                            "Node Type": "Seq Scan",
                                            "Parent Relationship": "Outer",
                                            "Parallel Aware": true,
                                            "Relation Name": "title",
                                            "Schema": "public",
                                            "Alias": "t",
                                            "Startup Cost": 0.0,
                                            "Total Cost": 45479.21,
                                            "Plan Rows": 4878,
                                            "Plan Width": 4,
                                            "Actual Startup Time": 0.351,
                                            "Actual Total Time": 68.638,
                                            "Actual Rows": 3158,
                                            "Actual Loops": 5,
                                            "Output": [
                                                "t.id",
                                                "t.title",
                                                "t.imdb_index",
                                                "t.kind_id",
                                                "t.production_year",
                                                "t.imdb_id",
                                                "t.phonetic_code",
                                                "t.episode_of_id",
                                                "t.season_nr",
                                                "t.episode_nr",
                                                "t.series_years",
                                                "t.md5sum"
                                            ],
                                            "Filter": "((t.kind_id < 7) AND (t.production_year = 1999))",
                                            "Rows Removed by Filter": 502504,
                                            "Workers": [
                                                {
                                                    "Worker Number": 0,
                                                    "Actual Startup Time": 0.317,
                                                    "Actual Total Time": 60.911,
                                                    "Actual Rows": 2107,
                                                    "Actual Loops": 1
                                                },
                                                {
                                                    "Worker Number": 1,
                                                    "Actual Startup Time": 0.583,
                                                    "Actual Total Time": 63.592,
                                                    "Actual Rows": 2087,
                                                    "Actual Loops": 1
                                                },
                                                {
                                                    "Worker Number": 2,
                                                    "Actual Startup Time": 0.343,
                                                    "Actual Total Time": 55.915,
                                                    "Actual Rows": 2113,
                                                    "Actual Loops": 1
                                                },
                                                {
                                                    "Worker Number": 3,
                                                    "Actual Startup Time": 0.437,
                                                    "Actual Total Time": 61.436,
                                                    "Actual Rows": 2196,
                                                    "Actual Loops": 1
                                                }
                                            ]
                                        },
                                        {
                                            "Node Type": "Index Scan",
                                            "Parent Relationship": "Inner",
                                            "Parallel Aware": false,
                                            "Scan Direction": "Forward",
                                            "Index Name": "movie_id_cast_info",
                                            "Relation Name": "cast_info",
                                            "Schema": "public",
                                            "Alias": "ci",
                                            "Startup Cost": 0.56,
                                            "Total Cost": 56.85,
                                            "Plan Rows": 13,
                                            "Plan Width": 4,
                                            "Actual Startup Time": 0.043,
                                            "Actual Total Time": 0.058,
                                            "Actual Rows": 6,
                                            "Actual Loops": 15791,
                                            "Output": [
                                                "ci.id",
                                                "ci.person_id",
                                                "ci.movie_id",
                                                "ci.person_role_id",
                                                "ci.note",
                                                "ci.nr_order",
                                                "ci.role_id"
                                            ],
                                            "Index Cond": "(ci.movie_id = t.id)",
                                            "Rows Removed by Index Recheck": 0,
                                            "Filter": "(ci.role_id > 3)",
                                            "Rows Removed by Filter": 11,
                                            "Workers": [
                                                {
                                                    "Worker Number": 0,
                                                    "Actual Startup Time": 0.066,
                                                    "Actual Total Time": 0.09,
                                                    "Actual Rows": 7,
                                                    "Actual Loops": 2107
                                                },
                                                {
                                                    "Worker Number": 1,
                                                    "Actual Startup Time": 0.066,
                                                    "Actual Total Time": 0.09,
                                                    "Actual Rows": 6,
                                                    "Actual Loops": 2087
                                                },
                                                {
                                                    "Worker Number": 2,
                                                    "Actual Startup Time": 0.069,
                                                    "Actual Total Time": 0.092,
                                                    "Actual Rows": 6,
                                                    "Actual Loops": 2113
                                                },
                                                {
                                                    "Worker Number": 3,
                                                    "Actual Startup Time": 0.063,
                                                    "Actual Total Time": 0.087,
                                                    "Actual Rows": 6,
                                                    "Actual Loops": 2196
                                                }
                                            ]
                                        }
                                    ]
                                }
                            ]
                        }
                    ]
                }
            ]
        },
        "Planning Time": 177.245,
        "Triggers": [],
        "Execution Time": 305.394
    }
]