[
  {
    "Plan": {
      "Node Type": "Aggregate",
      "Strategy": "Plain",
      "Partial Mode": "Finalize",
      "Parallel Aware": false,
      "Startup Cost": 282208.26,
      "Total Cost": 282208.27,
      "Plan Rows": 1,
      "Plan Width": 8,
      "Actual Startup Time": 121.181,
      "Actual Total Time": 126.947,
      "Actual Rows": 1,
      "Actual Loops": 1,
      "Plans": [
        {
          "Node Type": "Gather",
          "Parent Relationship": "Outer",
          "Parallel Aware": false,
          "Startup Cost": 282207.63,
          "Total Cost": 282208.24,
          "Plan Rows": 6,
          "Plan Width": 8,
          "Actual Startup Time": 120.868,
          "Actual Total Time": 126.938,
          "Actual Rows": 7,
          "Actual Loops": 1,
          "Workers Planned": 6,
          "Workers Launched": 6,
          "Single Copy": false,
          "Plans": [
            {
              "Node Type": "Aggregate",
              "Strategy": "Plain",
              "Partial Mode": "Partial",
              "Parent Relationship": "Outer",
              "Parallel Aware": false,
              "Startup Cost": 281207.63,
              "Total Cost": 281207.64,
              "Plan Rows": 1,
              "Plan Width": 8,
              "Actual Startup Time": 114.198,
              "Actual Total Time": 114.199,
              "Actual Rows": 1,
              "Actual Loops": 7,
              "Plans": [
                {
                  "Node Type": "Bitmap Heap Scan",
                  "Parent Relationship": "Outer",
                  "Parallel Aware": true,
                  "Relation Name": "cast_info",
                  "Alias": "ci",
                  "Startup Cost": 25451.67,
                  "Total Cost": 281041.05,
                  "Plan Rows": 66632,
                  "Plan Width": 0,
                  "Actual Startup Time": 51.836,
                  "Actual Total Time": 105.792,
                  "Actual Rows": 121286,
                  "Actual Loops": 7,
                  "Recheck Cond": "(person_id < 119144)",
                  "Rows Removed by Index Recheck": 0,
                  "Filter": "(role_id < 2)",
                  "Rows Removed by Filter": 46743,
                  "Exact Heap Blocks": 3412,
                  "Lossy Heap Blocks": 0,
                  "Plans": [
                    {
                      "Node Type": "Bitmap Index Scan",
                      "Parent Relationship": "Outer",
                      "Parallel Aware": false,
                      "Index Name": "person_id_cast_info",
                      "Startup Cost": 0.0,
                      "Total Cost": 25351.72,
                      "Plan Rows": 1160954,
                      "Plan Width": 0,
                      "Actual Startup Time": 55.823,
                      "Actual Total Time": 55.823,
                      "Actual Rows": 1176204,
                      "Actual Loops": 1,
                      "Index Cond": "(person_id < 119144)"
                    }
                  ]
                }
              ]
            }
          ]
        }
      ]
    },
    "Planning Time": 0.186,
    "Triggers": [],
    "Execution Time": 127.013
  }
]