[
    {
        "Bao": {
            "Bao prediction": 638.086,
            "Bao recommended hint": "(no hint)"
        }
    },
    {
        "Plan": {
            "Node Type": "Aggregate",
            "Strategy": "Plain",
            "Partial Mode": "Finalize",
            "Parallel Aware": false,
            "Startup Cost": 30144.04,
            "Total Cost": 30144.05,
            "Plan Rows": 1,
            "Plan Width": 8,
            "Actual Startup Time": 92.129,
            "Actual Total Time": 97.7,
            "Actual Rows": 1,
            "Actual Loops": 1,
            "Output": [
                "count(*)"
            ],
            "Plans": [
                {
                    "Node Type": "Gather",
                    "Parent Relationship": "Outer",
                    "Parallel Aware": false,
                    "Startup Cost": 30143.72,
                    "Total Cost": 30144.03,
                    "Plan Rows": 3,
                    "Plan Width": 8,
                    "Actual Startup Time": 91.709,
                    "Actual Total Time": 97.693,
                    "Actual Rows": 4,
                    "Actual Loops": 1,
                    "Output": [
                        "(PARTIAL count(*))"
                    ],
                    "Workers Planned": 3,
                    "Workers Launched": 3,
                    "Single Copy": false,
                    "Plans": [
                        {
                            "Node Type": "Aggregate",
                            "Strategy": "Plain",
                            "Partial Mode": "Partial",
                            "Parent Relationship": "Outer",
                            "Parallel Aware": false,
                            "Startup Cost": 29143.72,
                            "Total Cost": 29143.73,
                            "Plan Rows": 1,
                            "Plan Width": 8,
                            "Actual Startup Time": 83.308,
                            "Actual Total Time": 83.31,
                            "Actual Rows": 1,
                            "Actual Loops": 4,
                            "Output": [
                                "PARTIAL count(*)"
                            ],
                            "Workers": [
                                {
                                    "Worker Number": 0,
                                    "Actual Startup Time": 80.491,
                                    "Actual Total Time": 80.493,
                                    "Actual Rows": 1,
                                    "Actual Loops": 1
                                },
                                {
                                    "Worker Number": 1,
                                    "Actual Startup Time": 80.49,
                                    "Actual Total Time": 80.492,
                                    "Actual Rows": 1,
                                    "Actual Loops": 1
                                },
                                {
                                    "Worker Number": 2,
                                    "Actual Startup Time": 81.103,
                                    "Actual Total Time": 81.105,
                                    "Actual Rows": 1,
                                    "Actual Loops": 1
                                }
                            ],
                            "Plans": [
                                {
                                    "Node Type": "Bitmap Heap Scan",
                                    "Parent Relationship": "Outer",
                                    "Parallel Aware": true,
                                    "Relation Name": "movie_keyword",
                                    "Schema": "public",
                                    "Alias": "mk",
                                    "Startup Cost": 3819.01,
                                    "Total Cost": 28998.6,
                                    "Plan Rows": 58047,
                                    "Plan Width": 0,
                                    "Actual Startup Time": 29.216,
                                    "Actual Total Time": 80.107,
                                    "Actual Rows": 43905,
                                    "Actual Loops": 4,
                                    "Recheck Cond": "(mk.keyword_id > 71868)",
                                    "Rows Removed by Index Recheck": 0,
                                    "Exact Heap Blocks": 11592,
                                    "Lossy Heap Blocks": 0,
                                    "Workers": [
                                        {
                                            "Worker Number": 0,
                                            "Actual Startup Time": 26.531,
                                            "Actual Total Time": 77.756,
                                            "Actual Rows": 24268,
                                            "Actual Loops": 1
                                        },
                                        {
                                            "Worker Number": 1,
                                            "Actual Startup Time": 26.568,
                                            "Actual Total Time": 77.69,
                                            "Actual Rows": 24706,
                                            "Actual Loops": 1
                                        },
                                        {
                                            "Worker Number": 2,
                                            "Actual Startup Time": 26.981,
                                            "Actual Total Time": 78.351,
                                            "Actual Rows": 24266,
                                            "Actual Loops": 1
                                        }
                                    ],
                                    "Plans": [
                                        {
                                            "Node Type": "Bitmap Index Scan",
                                            "Parent Relationship": "Outer",
                                            "Parallel Aware": false,
                                            "Index Name": "keyword_id_movie_keyword",
                                            "Startup Cost": 0.0,
                                            "Total Cost": 3774.03,
                                            "Plan Rows": 179946,
                                            "Plan Width": 0,
                                            "Actual Startup Time": 31.439,
                                            "Actual Total Time": 31.439,
                                            "Actual Rows": 175620,
                                            "Actual Loops": 1,
                                            "Index Cond": "(mk.keyword_id > 71868)"
                                        }
                                    ]
                                }
                            ]
                        }
                    ]
                }
            ]
        },
        "Planning Time": 1206.328,
        "Triggers": [],
        "Execution Time": 97.801
    }
]