{
  "Plan": {
    "Node Type": "Aggregate",
    "Strategy": "Plain",
    "Partial Mode": "Finalize",
    "Parallel Aware": false,
    "Startup Cost": 354810.37,
    "Total Cost": 354810.38,
    "Plan Rows": 1,
    "Plan Width": 8,
    "Actual Startup Time": 574.163,
    "Actual Total Time": 587.127,
    "Actual Rows": 1,
    "Actual Loops": 1,
    "Plans": [
      {
        "Node Type": "Gather",
        "Parent Relationship": "Outer",
        "Parallel Aware": false,
        "Startup Cost": 354810.25,
        "Total Cost": 354810.36,
        "Plan Rows": 1,
        "Plan Width": 8,
        "Actual Startup Time": 572.56,
        "Actual Total Time": 587.12,
        "Actual Rows": 2,
        "Actual Loops": 1,
        "Workers Planned": 1,
        "Workers Launched": 1,
        "Single Copy": false,
        "Plans": [
          {
            "Node Type": "Aggregate",
            "Strategy": "Plain",
            "Partial Mode": "Partial",
            "Parent Relationship": "Outer",
            "Parallel Aware": false,
            "Startup Cost": 353810.25,
            "Total Cost": 353810.26,
            "Plan Rows": 1,
            "Plan Width": 8,
            "Actual Startup Time": 569.16,
            "Actual Total Time": 569.164,
            "Actual Rows": 1,
            "Actual Loops": 2,
            "Plans": [
              {
                "Node Type": "Hash Join",
                "Parent Relationship": "Outer",
                "Parallel Aware": true,
                "Join Type": "Inner",
                "Startup Cost": 89220.37,
                "Total Cost": 353135.92,
                "Plan Rows": 269733,
                "Plan Width": 0,
                "Actual Startup Time": 320.497,
                "Actual Total Time": 563.071,
                "Actual Rows": 139216,
                "Actual Loops": 2,
                "Inner Unique": true,
                "Hash Cond": "(ci.movie_id = t.id)",
                "Plans": [
                  {
                    "Node Type": "Bitmap Heap Scan",
                    "Parent Relationship": "Outer",
                    "Parallel Aware": true,
                    "Relation Name": "cast_info",
                    "Alias": "ci",
                    "Startup Cost": 27877.47,
                    "Total Cost": 289844.26,
                    "Plan Rows": 742384,
                    "Plan Width": 4,
                    "Actual Startup Time": 48.532,
                    "Actual Total Time": 119.298,
                    "Actual Rows": 621504,
                    "Actual Loops": 2,
                    "Recheck Cond": "(person_id > 3821382)",
                    "Rows Removed by Index Recheck": 0,
                    "Exact Heap Blocks": 9421,
                    "Lossy Heap Blocks": 0,
                    "Plans": [
                      {
                        "Node Type": "Bitmap Index Scan",
                        "Parent Relationship": "Outer",
                        "Parallel Aware": false,
                        "Index Name": "person_id_cast_info",
                        "Startup Cost": 0.0,
                        "Total Cost": 27561.95,
                        "Plan Rows": 1262052,
                        "Plan Width": 0,
                        "Actual Startup Time": 45.789,
                        "Actual Total Time": 45.79,
                        "Actual Rows": 1243008,
                        "Actual Loops": 1,
                        "Index Cond": "(person_id > 3821382)"
                      }
                    ]
                  },
                  {
                    "Node Type": "Hash",
                    "Parent Relationship": "Inner",
                    "Parallel Aware": true,
                    "Startup Cost": 54588.39,
                    "Total Cost": 54588.39,
                    "Plan Rows": 540361,
                    "Plan Width": 4,
                    "Actual Startup Time": 266.047,
                    "Actual Total Time": 266.048,
                    "Actual Rows": 462302,
                    "Actual Loops": 2,
                    "Hash Buckets": 1048576,
                    "Original Hash Buckets": 1048576,
                    "Hash Batches": 1,
                    "Original Hash Batches": 1,
                    "Peak Memory Usage": 44416,
                    "Plans": [
                      {
                        "Node Type": "Seq Scan",
                        "Parent Relationship": "Outer",
                        "Parallel Aware": true,
                        "Relation Name": "title",
                        "Alias": "t",
                        "Startup Cost": 0.0,
                        "Total Cost": 54588.39,
                        "Plan Rows": 540361,
                        "Plan Width": 4,
                        "Actual Startup Time": 0.02,
                        "Actual Total Time": 151.518,
                        "Actual Rows": 462302,
                        "Actual Loops": 2,
                        "Filter": "(production_year < 1998)",
                        "Rows Removed by Filter": 801854
                      }
                    ]
                  }
                ]
              }
            ]
          }
        ]
      }
    ]
  },
  "Planning Time": 0.349,
  "Triggers": [],
  "Execution Time": 587.183
}