{
    "Plan": {
        "Node Type": "Aggregate",
        "Strategy": "Plain",
        "Partial Mode": "Finalize",
        "Parallel Aware": false,
        "Startup Cost": 326505.32,
        "Total Cost": 326505.33,
        "Plan Rows": 1,
        "Plan Width": 8,
        "Actual Startup Time": 3951.422,
        "Actual Total Time": 4002.039,
        "Actual Rows": 1,
        "Actual Loops": 1,
        "Output": [
            "count(*)"
        ],
        "Plans": [
            {
                "Node Type": "Gather",
                "Parent Relationship": "Outer",
                "Parallel Aware": false,
                "Startup Cost": 326504.79,
                "Total Cost": 326505.3,
                "Plan Rows": 5,
                "Plan Width": 8,
                "Actual Startup Time": 3916.045,
                "Actual Total Time": 4002.024,
                "Actual Rows": 6,
                "Actual Loops": 1,
                "Output": [
                    "(PARTIAL count(*))"
                ],
                "Workers Planned": 5,
                "Workers Launched": 5,
                "Single Copy": false,
                "Plans": [
                    {
                        "Node Type": "Aggregate",
                        "Strategy": "Plain",
                        "Partial Mode": "Partial",
                        "Parent Relationship": "Outer",
                        "Parallel Aware": false,
                        "Startup Cost": 325504.79,
                        "Total Cost": 325504.8,
                        "Plan Rows": 1,
                        "Plan Width": 8,
                        "Actual Startup Time": 3895.511,
                        "Actual Total Time": 3896.225,
                        "Actual Rows": 1,
                        "Actual Loops": 6,
                        "Output": [
                            "PARTIAL count(*)"
                        ],
                        "Workers": [
                            {
                                "Worker Number": 0,
                                "Actual Startup Time": 3891.06,
                                "Actual Total Time": 3891.065,
                                "Actual Rows": 1,
                                "Actual Loops": 1
                            },
                            {
                                "Worker Number": 1,
                                "Actual Startup Time": 3891.155,
                                "Actual Total Time": 3891.16,
                                "Actual Rows": 1,
                                "Actual Loops": 1
                            },
                            {
                                "Worker Number": 2,
                                "Actual Startup Time": 3891.146,
                                "Actual Total Time": 3891.153,
                                "Actual Rows": 1,
                                "Actual Loops": 1
                            },
                            {
                                "Worker Number": 3,
                                "Actual Startup Time": 3891.238,
                                "Actual Total Time": 3891.244,
                                "Actual Rows": 1,
                                "Actual Loops": 1
                            },
                            {
                                "Worker Number": 4,
                                "Actual Startup Time": 3893.311,
                                "Actual Total Time": 3893.315,
                                "Actual Rows": 1,
                                "Actual Loops": 1
                            }
                        ],
                        "Plans": [
                            {
                                "Node Type": "Hash Join",
                                "Parent Relationship": "Outer",
                                "Parallel Aware": true,
                                "Join Type": "Inner",
                                "Startup Cost": 106020.33,
                                "Total Cost": 318119.39,
                                "Plan Rows": 2954161,
                                "Plan Width": 0,
                                "Actual Startup Time": 585.632,
                                "Actual Total Time": 2972.548,
                                "Actual Rows": 22283118,
                                "Actual Loops": 6,
                                "Inner Unique": false,
                                "Hash Cond": "(mi.movie_id = t.id)",
                                "Workers": [
                                    {
                                        "Worker Number": 0,
                                        "Actual Startup Time": 581.6,
                                        "Actual Total Time": 2977.039,
                                        "Actual Rows": 20095718,
                                        "Actual Loops": 1
                                    },
                                    {
                                        "Worker Number": 1,
                                        "Actual Startup Time": 581.663,
                                        "Actual Total Time": 2973.113,
                                        "Actual Rows": 23911036,
                                        "Actual Loops": 1
                                    },
                                    {
                                        "Worker Number": 2,
                                        "Actual Startup Time": 581.789,
                                        "Actual Total Time": 2974.268,
                                        "Actual Rows": 17847715,
                                        "Actual Loops": 1
                                    },
                                    {
                                        "Worker Number": 3,
                                        "Actual Startup Time": 581.72,
                                        "Actual Total Time": 2973.789,
                                        "Actual Rows": 23918977,
                                        "Actual Loops": 1
                                    },
                                    {
                                        "Worker Number": 4,
                                        "Actual Startup Time": 581.731,
                                        "Actual Total Time": 2973.692,
                                        "Actual Rows": 23952539,
                                        "Actual Loops": 1
                                    }
                                ],
                                "Plans": [
                                    {
                                        "Node Type": "Seq Scan",
                                        "Parent Relationship": "Outer",
                                        "Parallel Aware": true,
                                        "Relation Name": "movie_info",
                                        "Schema": "public",
                                        "Alias": "mi",
                                        "Startup Cost": 0.0,
                                        "Total Cost": 191503.19,
                                        "Plan Rows": 2951019,
                                        "Plan Width": 4,
                                        "Actual Startup Time": 0.034,
                                        "Actual Total Time": 282.704,
                                        "Actual Rows": 2472620,
                                        "Actual Loops": 6,
                                        "Output": [
                                            "mi.id",
                                            "mi.movie_id",
                                            "mi.info_type_id",
                                            "mi.info",
                                            "mi.note"
                                        ],
                                        "Workers": [
                                            {
                                                "Worker Number": 0,
                                                "Actual Startup Time": 0.043,
                                                "Actual Total Time": 308.638,
                                                "Actual Rows": 2058712,
                                                "Actual Loops": 1
                                            },
                                            {
                                                "Worker Number": 1,
                                                "Actual Startup Time": 0.037,
                                                "Actual Total Time": 289.458,
                                                "Actual Rows": 2681050,
                                                "Actual Loops": 1
                                            },
                                            {
                                                "Worker Number": 2,
                                                "Actual Startup Time": 0.046,
                                                "Actual Total Time": 305.428,
                                                "Actual Rows": 1991662,
                                                "Actual Loops": 1
                                            },
                                            {
                                                "Worker Number": 3,
                                                "Actual Startup Time": 0.032,
                                                "Actual Total Time": 289.682,
                                                "Actual Rows": 2667372,
                                                "Actual Loops": 1
                                            },
                                            {
                                                "Worker Number": 4,
                                                "Actual Startup Time": 0.032,
                                                "Actual Total Time": 289.316,
                                                "Actual Rows": 2663651,
                                                "Actual Loops": 1
                                            }
                                        ]
                                    },
                                    {
                                        "Node Type": "Hash",
                                        "Parent Relationship": "Inner",
                                        "Parallel Aware": true,
                                        "Startup Cost": 95814.63,
                                        "Total Cost": 95814.63,
                                        "Plan Rows": 816456,
                                        "Plan Width": 8,
                                        "Actual Startup Time": 577.536,
                                        "Actual Total Time": 578.247,
                                        "Actual Rows": 403500,
                                        "Actual Loops": 6,
                                        "Output": [
                                            "t.id",
                                            "mk.movie_id"
                                        ],
                                        "Hash Buckets": 4194304,
                                        "Original Hash Buckets": 4194304,
                                        "Hash Batches": 1,
                                        "Original Hash Batches": 1,
                                        "Peak Memory Usage": 127584,
                                        "Workers": [
                                            {
                                                "Worker Number": 0,
                                                "Actual Startup Time": 580.404,
                                                "Actual Total Time": 580.408,
                                                "Actual Rows": 291348,
                                                "Actual Loops": 1
                                            },
                                            {
                                                "Worker Number": 1,
                                                "Actual Startup Time": 580.58,
                                                "Actual Total Time": 580.583,
                                                "Actual Rows": 450235,
                                                "Actual Loops": 1
                                            },
                                            {
                                                "Worker Number": 2,
                                                "Actual Startup Time": 580.555,
                                                "Actual Total Time": 580.56,
                                                "Actual Rows": 290338,
                                                "Actual Loops": 1
                                            },
                                            {
                                                "Worker Number": 3,
                                                "Actual Startup Time": 580.6,
                                                "Actual Total Time": 580.604,
                                                "Actual Rows": 444252,
                                                "Actual Loops": 1
                                            },
                                            {
                                                "Worker Number": 4,
                                                "Actual Startup Time": 580.599,
                                                "Actual Total Time": 580.603,
                                                "Actual Rows": 445511,
                                                "Actual Loops": 1
                                            }
                                        ],
                                        "Plans": [
                                            {
                                                "Node Type": "Hash Join",
                                                "Parent Relationship": "Outer",
                                                "Parallel Aware": true,
                                                "Join Type": "Inner",
                                                "Startup Cost": 50587.11,
                                                "Total Cost": 95814.63,
                                                "Plan Rows": 816456,
                                                "Plan Width": 8,
                                                "Actual Startup Time": 260.27,
                                                "Actual Total Time": 457.076,
                                                "Actual Rows": 403500,
                                                "Actual Loops": 6,
                                                "Output": [
                                                    "t.id",
                                                    "mk.movie_id"
                                                ],
                                                "Inner Unique": true,
                                                "Hash Cond": "(mk.movie_id = t.id)",
                                                "Workers": [
                                                    {
                                                        "Worker Number": 0,
                                                        "Actual Startup Time": 260.297,
                                                        "Actual Total Time": 458.612,
                                                        "Actual Rows": 291348,
                                                        "Actual Loops": 1
                                                    },
                                                    {
                                                        "Worker Number": 1,
                                                        "Actual Startup Time": 260.178,
                                                        "Actual Total Time": 456.354,
                                                        "Actual Rows": 450235,
                                                        "Actual Loops": 1
                                                    },
                                                    {
                                                        "Worker Number": 2,
                                                        "Actual Startup Time": 260.268,
                                                        "Actual Total Time": 456.487,
                                                        "Actual Rows": 290338,
                                                        "Actual Loops": 1
                                                    },
                                                    {
                                                        "Worker Number": 3,
                                                        "Actual Startup Time": 260.313,
                                                        "Actual Total Time": 457.52,
                                                        "Actual Rows": 444252,
                                                        "Actual Loops": 1
                                                    },
                                                    {
                                                        "Worker Number": 4,
                                                        "Actual Startup Time": 260.175,
                                                        "Actual Total Time": 457.258,
                                                        "Actual Rows": 445511,
                                                        "Actual Loops": 1
                                                    }
                                                ],
                                                "Plans": [
                                                    {
                                                        "Node Type": "Seq Scan",
                                                        "Parent Relationship": "Outer",
                                                        "Parallel Aware": true,
                                                        "Relation Name": "movie_keyword",
                                                        "Schema": "public",
                                                        "Alias": "mk",
                                                        "Startup Cost": 0.0,
                                                        "Total Cost": 42695.65,
                                                        "Plan Rows": 964522,
                                                        "Plan Width": 4,
                                                        "Actual Startup Time": 0.023,
                                                        "Actual Total Time": 99.021,
                                                        "Actual Rows": 501435,
                                                        "Actual Loops": 6,
                                                        "Output": [
                                                            "mk.id",
                                                            "mk.movie_id",
                                                            "mk.keyword_id"
                                                        ],
                                                        "Filter": "(mk.keyword_id < 10687)",
                                                        "Rows Removed by Filter": 252553,
                                                        "Workers": [
                                                            {
                                                                "Worker Number": 0,
                                                                "Actual Startup Time": 0.027,
                                                                "Actual Total Time": 101.848,
                                                                "Actual Rows": 360591,
                                                                "Actual Loops": 1
                                                            },
                                                            {
                                                                "Worker Number": 1,
                                                                "Actual Startup Time": 0.021,
                                                                "Actual Total Time": 101.374,
                                                                "Actual Rows": 556851,
                                                                "Actual Loops": 1
                                                            },
                                                            {
                                                                "Worker Number": 2,
                                                                "Actual Startup Time": 0.029,
                                                                "Actual Total Time": 101.327,
                                                                "Actual Rows": 357111,
                                                                "Actual Loops": 1
                                                            },
                                                            {
                                                                "Worker Number": 3,
                                                                "Actual Startup Time": 0.028,
                                                                "Actual Total Time": 101.828,
                                                                "Actual Rows": 554594,
                                                                "Actual Loops": 1
                                                            },
                                                            {
                                                                "Worker Number": 4,
                                                                "Actual Startup Time": 0.023,
                                                                "Actual Total Time": 101.917,
                                                                "Actual Rows": 555306,
                                                                "Actual Loops": 1
                                                            }
                                                        ]
                                                    },
                                                    {
                                                        "Node Type": "Hash",
                                                        "Parent Relationship": "Inner",
                                                        "Parallel Aware": true,
                                                        "Startup Cost": 43899.01,
                                                        "Total Cost": 43899.01,
                                                        "Plan Rows": 535048,
                                                        "Plan Width": 4,
                                                        "Actual Startup Time": 256.18,
                                                        "Actual Total Time": 256.181,
                                                        "Actual Rows": 357781,
                                                        "Actual Loops": 6,
                                                        "Output": [
                                                            "t.id"
                                                        ],
                                                        "Hash Buckets": 4194304,
                                                        "Original Hash Buckets": 4194304,
                                                        "Hash Batches": 1,
                                                        "Original Hash Batches": 1,
                                                        "Peak Memory Usage": 116864,
                                                        "Workers": [
                                                            {
                                                                "Worker Number": 0,
                                                                "Actual Startup Time": 259.954,
                                                                "Actual Total Time": 259.955,
                                                                "Actual Rows": 260456,
                                                                "Actual Loops": 1
                                                            },
                                                            {
                                                                "Worker Number": 1,
                                                                "Actual Startup Time": 260.097,
                                                                "Actual Total Time": 260.098,
                                                                "Actual Rows": 375019,
                                                                "Actual Loops": 1
                                                            },
                                                            {
                                                                "Worker Number": 2,
                                                                "Actual Startup Time": 259.892,
                                                                "Actual Total Time": 259.894,
                                                                "Actual Rows": 255438,
                                                                "Actual Loops": 1
                                                            },
                                                            {
                                                                "Worker Number": 3,
                                                                "Actual Startup Time": 259.933,
                                                                "Actual Total Time": 259.935,
                                                                "Actual Rows": 374691,
                                                                "Actual Loops": 1
                                                            },
                                                            {
                                                                "Worker Number": 4,
                                                                "Actual Startup Time": 260.061,
                                                                "Actual Total Time": 260.062,
                                                                "Actual Rows": 379166,
                                                                "Actual Loops": 1
                                                            }
                                                        ],
                                                        "Plans": [
                                                            {
                                                                "Node Type": "Seq Scan",
                                                                "Parent Relationship": "Outer",
                                                                "Parallel Aware": true,
                                                                "Relation Name": "title",
                                                                "Schema": "public",
                                                                "Alias": "t",
                                                                "Startup Cost": 0.0,
                                                                "Total Cost": 43899.01,
                                                                "Plan Rows": 535048,
                                                                "Plan Width": 4,
                                                                "Actual Startup Time": 0.096,
                                                                "Actual Total Time": 90.679,
                                                                "Actual Rows": 357781,
                                                                "Actual Loops": 6,
                                                                "Output": [
                                                                    "t.id"
                                                                ],
                                                                "Filter": "(t.production_year > 1965)",
                                                                "Rows Removed by Filter": 63605,
                                                                "Workers": [
                                                                    {
                                                                        "Worker Number": 0,
                                                                        "Actual Startup Time": 0.112,
                                                                        "Actual Total Time": 94.62,
                                                                        "Actual Rows": 260456,
                                                                        "Actual Loops": 1
                                                                    },
                                                                    {
                                                                        "Worker Number": 1,
                                                                        "Actual Startup Time": 0.114,
                                                                        "Actual Total Time": 92.17,
                                                                        "Actual Rows": 375019,
                                                                        "Actual Loops": 1
                                                                    },
                                                                    {
                                                                        "Worker Number": 2,
                                                                        "Actual Startup Time": 0.123,
                                                                        "Actual Total Time": 93.913,
                                                                        "Actual Rows": 255438,
                                                                        "Actual Loops": 1
                                                                    },
                                                                    {
                                                                        "Worker Number": 3,
                                                                        "Actual Startup Time": 0.107,
                                                                        "Actual Total Time": 92.301,
                                                                        "Actual Rows": 374691,
                                                                        "Actual Loops": 1
                                                                    },
                                                                    {
                                                                        "Worker Number": 4,
                                                                        "Actual Startup Time": 0.101,
                                                                        "Actual Total Time": 91.975,
                                                                        "Actual Rows": 379166,
                                                                        "Actual Loops": 1
                                                                    }
                                                                ]
                                                            }
                                                        ]
                                                    }
                                                ]
                                            }
                                        ]
                                    }
                                ]
                            }
                        ]
                    }
                ]
            }
        ]
    },
    "Planning Time": 1.505,
    "Triggers": [],
    "Execution Time": 4002.129
}