[
  {
    "Plan": {
      "Node Type": "Aggregate",
      "Strategy": "Plain",
      "Partial Mode": "Finalize",
      "Parallel Aware": false,
      "Startup Cost": 111471.05,
      "Total Cost": 111471.06,
      "Plan Rows": 1,
      "Plan Width": 8,
      "Actual Startup Time": 523.416,
      "Actual Total Time": 544.675,
      "Actual Rows": 1,
      "Actual Loops": 1,
      "Plans": [
        {
          "Node Type": "Gather",
          "Parent Relationship": "Outer",
          "Parallel Aware": false,
          "Startup Cost": 111470.73,
          "Total Cost": 111471.04,
          "Plan Rows": 3,
          "Plan Width": 8,
          "Actual Startup Time": 516.754,
          "Actual Total Time": 544.663,
          "Actual Rows": 4,
          "Actual Loops": 1,
          "Workers Planned": 3,
          "Workers Launched": 3,
          "Single Copy": false,
          "Plans": [
            {
              "Node Type": "Aggregate",
              "Strategy": "Plain",
              "Partial Mode": "Partial",
              "Parent Relationship": "Outer",
              "Parallel Aware": false,
              "Startup Cost": 110470.73,
              "Total Cost": 110470.74,
              "Plan Rows": 1,
              "Plan Width": 8,
              "Actual Startup Time": 504.724,
              "Actual Total Time": 504.731,
              "Actual Rows": 1,
              "Actual Loops": 4,
              "Plans": [
                {
                  "Node Type": "Hash Join",
                  "Parent Relationship": "Outer",
                  "Parallel Aware": true,
                  "Join Type": "Inner",
                  "Startup Cost": 64445.18,
                  "Total Cost": 110352.1,
                  "Plan Rows": 47450,
                  "Plan Width": 0,
                  "Actual Startup Time": 305.01,
                  "Actual Total Time": 503.047,
                  "Actual Rows": 29299,
                  "Actual Loops": 4,
                  "Inner Unique": false,
                  "Hash Cond": "(mk.movie_id = t.id)",
                  "Plans": [
                    {
                      "Node Type": "Seq Scan",
                      "Parent Relationship": "Outer",
                      "Parallel Aware": true,
                      "Relation Name": "movie_keyword",
                      "Alias": "mk",
                      "Startup Cost": 0.0,
                      "Total Cost": 42695.65,
                      "Plan Rows": 803615,
                      "Plan Width": 4,
                      "Actual Startup Time": 0.294,
                      "Actual Total Time": 136.846,
                      "Actual Rows": 621958,
                      "Actual Loops": 4,
                      "Filter": "(keyword_id > 3636)",
                      "Rows Removed by Filter": 509025
                    },
                    {
                      "Node Type": "Hash",
                      "Parent Relationship": "Inner",
                      "Parallel Aware": true,
                      "Startup Cost": 63667.62,
                      "Total Cost": 63667.62,
                      "Plan Rows": 62205,
                      "Plan Width": 8,
                      "Actual Startup Time": 302.053,
                      "Actual Total Time": 302.058,
                      "Actual Rows": 20977,
                      "Actual Loops": 4,
                      "Hash Buckets": 262144,
                      "Original Hash Buckets": 262144,
                      "Hash Batches": 1,
                      "Original Hash Batches": 1,
                      "Peak Memory Usage": 5408,
                      "Plans": [
                        {
                          "Node Type": "Hash Join",
                          "Parent Relationship": "Outer",
                          "Parallel Aware": true,
                          "Join Type": "Inner",
                          "Startup Cost": 48041.3,
                          "Total Cost": 63667.62,
                          "Plan Rows": 62205,
                          "Plan Width": 8,
                          "Actual Startup Time": 212.21,
                          "Actual Total Time": 294.47,
                          "Actual Rows": 20977,
                          "Actual Loops": 4,
                          "Inner Unique": true,
                          "Hash Cond": "(mi_idx.movie_id = t.id)",
                          "Plans": [
                            {
                              "Node Type": "Seq Scan",
                              "Parent Relationship": "Outer",
                              "Parallel Aware": true,
                              "Relation Name": "movie_info_idx",
                              "Alias": "mi_idx",
                              "Startup Cost": 0.0,
                              "Total Cost": 15122.68,
                              "Plan Rows": 191863,
                              "Plan Width": 4,
                              "Actual Startup Time": 0.036,
                              "Actual Total Time": 39.154,
                              "Actual Rows": 114981,
                              "Actual Loops": 4,
                              "Filter": "(info_type_id = 100)",
                              "Rows Removed by Filter": 230028
                            },
                            {
                              "Node Type": "Hash",
                              "Parent Relationship": "Inner",
                              "Parallel Aware": true,
                              "Startup Cost": 45479.59,
                              "Total Cost": 45479.59,
                              "Plan Rows": 204937,
                              "Plan Width": 4,
                              "Actual Startup Time": 208.289,
                              "Actual Total Time": 208.29,
                              "Actual Rows": 184690,
                              "Actual Loops": 4,
                              "Hash Buckets": 1048576,
                              "Original Hash Buckets": 1048576,
                              "Hash Batches": 1,
                              "Original Hash Batches": 1,
                              "Peak Memory Usage": 37152,
                              "Plans": [
                                {
                                  "Node Type": "Seq Scan",
                                  "Parent Relationship": "Outer",
                                  "Parallel Aware": true,
                                  "Relation Name": "title",
                                  "Alias": "t",
                                  "Startup Cost": 0.0,
                                  "Total Cost": 45479.59,
                                  "Plan Rows": 204937,
                                  "Plan Width": 4,
                                  "Actual Startup Time": 0.059,
                                  "Actual Total Time": 127.408,
                                  "Actual Rows": 184690,
                                  "Actual Loops": 4,
                                  "Filter": "((production_year < 2005) AND (kind_id = 7))",
                                  "Rows Removed by Filter": 447388
                                }
                              ]
                            }
                          ]
                        }
                      ]
                    }
                  ]
                }
              ]
            }
          ]
        }
      ]
    },
    "Planning Time": 1.116,
    "Triggers": [],
    "Execution Time": 544.759
  }
]