[
  {
    "Plan": {
      "Node Type": "Aggregate",
      "Strategy": "Plain",
      "Partial Mode": "Finalize",
      "Parallel Aware": false,
      "Startup Cost": 89864.52,
      "Total Cost": 89864.53,
      "Plan Rows": 1,
      "Plan Width": 8,
      "Actual Startup Time": 222.227,
      "Actual Total Time": 240.494,
      "Actual Rows": 1,
      "Actual Loops": 1,
      "Plans": [
        {
          "Node Type": "Gather",
          "Parent Relationship": "Outer",
          "Parallel Aware": false,
          "Startup Cost": 89864.2,
          "Total Cost": 89864.51,
          "Plan Rows": 3,
          "Plan Width": 8,
          "Actual Startup Time": 221.851,
          "Actual Total Time": 240.484,
          "Actual Rows": 4,
          "Actual Loops": 1,
          "Workers Planned": 3,
          "Workers Launched": 3,
          "Single Copy": false,
          "Plans": [
            {
              "Node Type": "Aggregate",
              "Strategy": "Plain",
              "Partial Mode": "Partial",
              "Parent Relationship": "Outer",
              "Parallel Aware": false,
              "Startup Cost": 88864.2,
              "Total Cost": 88864.21,
              "Plan Rows": 1,
              "Plan Width": 8,
              "Actual Startup Time": 212.638,
              "Actual Total Time": 212.643,
              "Actual Rows": 1,
              "Actual Loops": 4,
              "Plans": [
                {
                  "Node Type": "Nested Loop",
                  "Parent Relationship": "Outer",
                  "Parallel Aware": false,
                  "Join Type": "Inner",
                  "Startup Cost": 45606.64,
                  "Total Cost": 88834.38,
                  "Plan Rows": 11927,
                  "Plan Width": 0,
                  "Actual Startup Time": 106.738,
                  "Actual Total Time": 212.355,
                  "Actual Rows": 5238,
                  "Actual Loops": 4,
                  "Inner Unique": false,
                  "Join Filter": "(t.id = mk.movie_id)",
                  "Rows Removed by Join Filter": 0,
                  "Plans": [
                    {
                      "Node Type": "Hash Join",
                      "Parent Relationship": "Outer",
                      "Parallel Aware": true,
                      "Join Type": "Inner",
                      "Startup Cost": 45606.21,
                      "Total Cost": 76004.48,
                      "Plan Rows": 6666,
                      "Plan Width": 8,
                      "Actual Startup Time": 106.445,
                      "Actual Total Time": 205.116,
                      "Actual Rows": 1726,
                      "Actual Loops": 4,
                      "Inner Unique": true,
                      "Hash Cond": "(mc.movie_id = t.id)",
                      "Plans": [
                        {
                          "Node Type": "Seq Scan",
                          "Parent Relationship": "Outer",
                          "Parallel Aware": true,
                          "Relation Name": "movie_companies",
                          "Alias": "mc",
                          "Startup Cost": 0.0,
                          "Total Cost": 29310.68,
                          "Plan Rows": 414318,
                          "Plan Width": 4,
                          "Actual Startup Time": 0.02,
                          "Actual Total Time": 68.47,
                          "Actual Rows": 318562,
                          "Actual Loops": 4,
                          "Filter": "(company_type_id < 2)",
                          "Rows Removed by Filter": 333721
                        },
                        {
                          "Node Type": "Hash",
                          "Parent Relationship": "Inner",
                          "Parallel Aware": true,
                          "Startup Cost": 45479.1,
                          "Total Cost": 45479.1,
                          "Plan Rows": 10169,
                          "Plan Width": 4,
                          "Actual Startup Time": 104.901,
                          "Actual Total Time": 104.901,
                          "Actual Rows": 10963,
                          "Actual Loops": 4,
                          "Hash Buckets": 65536,
                          "Original Hash Buckets": 65536,
                          "Hash Batches": 1,
                          "Original Hash Batches": 1,
                          "Peak Memory Usage": 2272,
                          "Plans": [
                            {
                              "Node Type": "Seq Scan",
                              "Parent Relationship": "Outer",
                              "Parallel Aware": true,
                              "Relation Name": "title",
                              "Alias": "t",
                              "Startup Cost": 0.0,
                              "Total Cost": 45479.1,
                              "Plan Rows": 10169,
                              "Plan Width": 4,
                              "Actual Startup Time": 0.048,
                              "Actual Total Time": 99.603,
                              "Actual Rows": 10963,
                              "Actual Loops": 4,
                              "Filter": "((kind_id = 7) AND (production_year = 2003))",
                              "Rows Removed by Filter": 621115
                            }
                          ]
                        }
                      ]
                    },
                    {
                      "Node Type": "Index Only Scan",
                      "Parent Relationship": "Inner",
                      "Parallel Aware": false,
                      "Scan Direction": "Forward",
                      "Index Name": "movie_id_movie_keyword",
                      "Relation Name": "movie_keyword",
                      "Alias": "mk",
                      "Startup Cost": 0.43,
                      "Total Cost": 1.36,
                      "Plan Rows": 45,
                      "Plan Width": 4,
                      "Actual Startup Time": 0.003,
                      "Actual Total Time": 0.004,
                      "Actual Rows": 3,
                      "Actual Loops": 6905,
                      "Index Cond": "(movie_id = mc.movie_id)",
                      "Rows Removed by Index Recheck": 0,
                      "Heap Fetches": 20953
                    }
                  ]
                }
              ]
            }
          ]
        }
      ]
    },
    "Planning Time": 1.39,
    "Triggers": [],
    "Execution Time": 240.578
  }
]