{
  "Plan": {
    "Node Type": "Aggregate",
    "Strategy": "Plain",
    "Partial Mode": "Finalize",
    "Parallel Aware": false,
    "Startup Cost": 128471.38,
    "Total Cost": 128471.39,
    "Plan Rows": 1,
    "Plan Width": 8,
    "Actual Startup Time": 1141.181,
    "Actual Total Time": 1160.352,
    "Actual Rows": 1,
    "Actual Loops": 1,
    "Plans": [
      {
        "Node Type": "Gather",
        "Parent Relationship": "Outer",
        "Parallel Aware": false,
        "Startup Cost": 128471.27,
        "Total Cost": 128471.38,
        "Plan Rows": 1,
        "Plan Width": 8,
        "Actual Startup Time": 1138.687,
        "Actual Total Time": 1160.343,
        "Actual Rows": 2,
        "Actual Loops": 1,
        "Workers Planned": 1,
        "Workers Launched": 1,
        "Single Copy": false,
        "Plans": [
          {
            "Node Type": "Aggregate",
            "Strategy": "Plain",
            "Partial Mode": "Partial",
            "Parent Relationship": "Outer",
            "Parallel Aware": false,
            "Startup Cost": 127471.27,
            "Total Cost": 127471.28,
            "Plan Rows": 1,
            "Plan Width": 8,
            "Actual Startup Time": 1130.863,
            "Actual Total Time": 1130.866,
            "Actual Rows": 1,
            "Actual Loops": 2,
            "Plans": [
              {
                "Node Type": "Hash Join",
                "Parent Relationship": "Outer",
                "Parallel Aware": true,
                "Join Type": "Inner",
                "Startup Cost": 63785.03,
                "Total Cost": 125559.97,
                "Plan Rows": 764520,
                "Plan Width": 0,
                "Actual Startup Time": 513.969,
                "Actual Total Time": 1075.087,
                "Actual Rows": 843098,
                "Actual Loops": 2,
                "Inner Unique": true,
                "Hash Cond": "(mk.movie_id = t.id)",
                "Plans": [
                  {
                    "Node Type": "Seq Scan",
                    "Parent Relationship": "Outer",
                    "Parallel Aware": true,
                    "Relation Name": "movie_keyword",
                    "Alias": "mk",
                    "Startup Cost": 0.0,
                    "Total Cost": 57718.19,
                    "Plan Rows": 1545425,
                    "Plan Width": 4,
                    "Actual Startup Time": 0.448,
                    "Actual Total Time": 288.215,
                    "Actual Rows": 1309344,
                    "Actual Loops": 2,
                    "Filter": "(keyword_id > 3262)",
                    "Rows Removed by Filter": 952622
                  },
                  {
                    "Node Type": "Hash",
                    "Parent Relationship": "Inner",
                    "Parallel Aware": true,
                    "Startup Cost": 54588.39,
                    "Total Cost": 54588.39,
                    "Plan Rows": 735731,
                    "Plan Width": 4,
                    "Actual Startup Time": 498.918,
                    "Actual Total Time": 498.919,
                    "Actual Rows": 631850,
                    "Actual Loops": 2,
                    "Hash Buckets": 2097152,
                    "Original Hash Buckets": 2097152,
                    "Hash Batches": 1,
                    "Original Hash Batches": 1,
                    "Peak Memory Usage": 65856,
                    "Plans": [
                      {
                        "Node Type": "Seq Scan",
                        "Parent Relationship": "Outer",
                        "Parallel Aware": true,
                        "Relation Name": "title",
                        "Alias": "t",
                        "Startup Cost": 0.0,
                        "Total Cost": 54588.39,
                        "Plan Rows": 735731,
                        "Plan Width": 4,
                        "Actual Startup Time": 0.03,
                        "Actual Total Time": 243.734,
                        "Actual Rows": 631850,
                        "Actual Loops": 2,
                        "Filter": "(production_year < 2004)",
                        "Rows Removed by Filter": 632306
                      }
                    ]
                  }
                ]
              }
            ]
          }
        ]
      }
    ]
  },
  "Planning Time": 0.683,
  "Triggers": [],
  "Execution Time": 1160.426
}