[
  {
    "Plan": {
      "Node Type": "Aggregate",
      "Strategy": "Plain",
      "Partial Mode": "Finalize",
      "Parallel Aware": false,
      "Startup Cost": 133188.5,
      "Total Cost": 133188.51,
      "Plan Rows": 1,
      "Plan Width": 8,
      "Actual Startup Time": 1593.619,
      "Actual Total Time": 1617.225,
      "Actual Rows": 1,
      "Actual Loops": 1,
      "Plans": [
        {
          "Node Type": "Gather",
          "Parent Relationship": "Outer",
          "Parallel Aware": false,
          "Startup Cost": 133188.19,
          "Total Cost": 133188.5,
          "Plan Rows": 3,
          "Plan Width": 8,
          "Actual Startup Time": 1584.474,
          "Actual Total Time": 1617.212,
          "Actual Rows": 4,
          "Actual Loops": 1,
          "Workers Planned": 3,
          "Workers Launched": 3,
          "Single Copy": false,
          "Plans": [
            {
              "Node Type": "Aggregate",
              "Strategy": "Plain",
              "Partial Mode": "Partial",
              "Parent Relationship": "Outer",
              "Parallel Aware": false,
              "Startup Cost": 132188.19,
              "Total Cost": 132188.2,
              "Plan Rows": 1,
              "Plan Width": 8,
              "Actual Startup Time": 1575.222,
              "Actual Total Time": 1575.441,
              "Actual Rows": 1,
              "Actual Loops": 4,
              "Plans": [
                {
                  "Node Type": "Hash Join",
                  "Parent Relationship": "Outer",
                  "Parallel Aware": true,
                  "Join Type": "Inner",
                  "Startup Cost": 84802.39,
                  "Total Cost": 130755.2,
                  "Plan Rows": 573196,
                  "Plan Width": 0,
                  "Actual Startup Time": 595.123,
                  "Actual Total Time": 1314.516,
                  "Actual Rows": 5440964,
                  "Actual Loops": 4,
                  "Inner Unique": false,
                  "Hash Cond": "(mk.movie_id = t.id)",
                  "Plans": [
                    {
                      "Node Type": "Seq Scan",
                      "Parent Relationship": "Outer",
                      "Parallel Aware": true,
                      "Relation Name": "movie_keyword",
                      "Alias": "mk",
                      "Startup Cost": 0.0,
                      "Total Cost": 39047.32,
                      "Plan Rows": 1459332,
                      "Plan Width": 4,
                      "Actual Startup Time": 0.034,
                      "Actual Total Time": 107.353,
                      "Actual Rows": 1130982,
                      "Actual Loops": 4
                    },
                    {
                      "Node Type": "Hash",
                      "Parent Relationship": "Inner",
                      "Parallel Aware": true,
                      "Startup Cost": 81699.06,
                      "Total Cost": 81699.06,
                      "Plan Rows": 248266,
                      "Plan Width": 8,
                      "Actual Startup Time": 587.916,
                      "Actual Total Time": 588.134,
                      "Actual Rows": 212526,
                      "Actual Loops": 4,
                      "Hash Buckets": 1048576,
                      "Original Hash Buckets": 1048576,
                      "Hash Batches": 1,
                      "Original Hash Batches": 1,
                      "Peak Memory Usage": 41504,
                      "Plans": [
                        {
                          "Node Type": "Hash Join",
                          "Parent Relationship": "Outer",
                          "Parallel Aware": true,
                          "Join Type": "Inner",
                          "Startup Cost": 35419.11,
                          "Total Cost": 81699.06,
                          "Plan Rows": 248266,
                          "Plan Width": 8,
                          "Actual Startup Time": 184.866,
                          "Actual Total Time": 507.845,
                          "Actual Rows": 212526,
                          "Actual Loops": 4,
                          "Inner Unique": false,
                          "Hash Cond": "(t.id = mc.movie_id)",
                          "Plans": [
                            {
                              "Node Type": "Seq Scan",
                              "Parent Relationship": "Outer",
                              "Parallel Aware": true,
                              "Relation Name": "title",
                              "Alias": "t",
                              "Startup Cost": 0.0,
                              "Total Cost": 42318.73,
                              "Plan Rows": 632073,
                              "Plan Width": 4,
                              "Actual Startup Time": 0.015,
                              "Actual Total Time": 97.016,
                              "Actual Rows": 632078,
                              "Actual Loops": 4
                            },
                            {
                              "Node Type": "Hash",
                              "Parent Relationship": "Inner",
                              "Parallel Aware": true,
                              "Startup Cost": 31414.82,
                              "Total Cost": 31414.82,
                              "Plan Rows": 320343,
                              "Plan Width": 4,
                              "Actual Startup Time": 181.855,
                              "Actual Total Time": 181.856,
                              "Actual Rows": 212526,
                              "Actual Loops": 4,
                              "Hash Buckets": 1048576,
                              "Original Hash Buckets": 1048576,
                              "Hash Batches": 1,
                              "Original Hash Batches": 1,
                              "Peak Memory Usage": 41472,
                              "Plans": [
                                {
                                  "Node Type": "Seq Scan",
                                  "Parent Relationship": "Outer",
                                  "Parallel Aware": true,
                                  "Relation Name": "movie_companies",
                                  "Alias": "mc",
                                  "Startup Cost": 0.0,
                                  "Total Cost": 31414.82,
                                  "Plan Rows": 320343,
                                  "Plan Width": 4,
                                  "Actual Startup Time": 0.409,
                                  "Actual Total Time": 103.275,
                                  "Actual Rows": 212526,
                                  "Actual Loops": 4,
                                  "Filter": "((company_id > 663) AND (company_type_id = 1))",
                                  "Rows Removed by Filter": 439756
                                }
                              ]
                            }
                          ]
                        }
                      ]
                    }
                  ]
                }
              ]
            }
          ]
        }
      ]
    },
    "Planning Time": 1.424,
    "Triggers": [],
    "Execution Time": 1617.31
  }
]