[
  {
    "Plan": {
      "Node Type": "Aggregate",
      "Strategy": "Plain",
      "Partial Mode": "Finalize",
      "Parallel Aware": false,
      "Startup Cost": 32907.53,
      "Total Cost": 32907.54,
      "Plan Rows": 1,
      "Plan Width": 8,
      "Actual Startup Time": 93.999,
      "Actual Total Time": 101.683,
      "Actual Rows": 1,
      "Actual Loops": 1,
      "Plans": [
        {
          "Node Type": "Gather",
          "Parent Relationship": "Outer",
          "Parallel Aware": false,
          "Startup Cost": 32907.21,
          "Total Cost": 32907.52,
          "Plan Rows": 3,
          "Plan Width": 8,
          "Actual Startup Time": 93.893,
          "Actual Total Time": 101.675,
          "Actual Rows": 4,
          "Actual Loops": 1,
          "Workers Planned": 3,
          "Workers Launched": 3,
          "Single Copy": false,
          "Plans": [
            {
              "Node Type": "Aggregate",
              "Strategy": "Plain",
              "Partial Mode": "Partial",
              "Parent Relationship": "Outer",
              "Parallel Aware": false,
              "Startup Cost": 31907.21,
              "Total Cost": 31907.22,
              "Plan Rows": 1,
              "Plan Width": 8,
              "Actual Startup Time": 85.441,
              "Actual Total Time": 85.442,
              "Actual Rows": 1,
              "Actual Loops": 4,
              "Plans": [
                {
                  "Node Type": "Seq Scan",
                  "Parent Relationship": "Outer",
                  "Parallel Aware": true,
                  "Relation Name": "movie_companies",
                  "Alias": "mc",
                  "Startup Cost": 0.0,
                  "Total Cost": 31414.82,
                  "Plan Rows": 196957,
                  "Plan Width": 0,
                  "Actual Startup Time": 50.933,
                  "Actual Total Time": 81.286,
                  "Actual Rows": 99276,
                  "Actual Loops": 4,
                  "Filter": "((company_id < 10822) AND (company_type_id > 1))",
                  "Rows Removed by Filter": 553007
                }
              ]
            }
          ]
        }
      ]
    },
    "Planning Time": 0.198,
    "Triggers": [],
    "Execution Time": 101.736
  }
]