{
    "Plan": {
        "Node Type": "Aggregate",
        "Strategy": "Plain",
        "Partial Mode": "Finalize",
        "Parallel Aware": false,
        "Startup Cost": 222030.21,
        "Total Cost": 222030.22,
        "Plan Rows": 1,
        "Plan Width": 8,
        "Actual Startup Time": 613.319,
        "Actual Total Time": 644.516,
        "Actual Rows": 1,
        "Actual Loops": 1,
        "Output": [
            "count(*)"
        ],
        "Plans": [
            {
                "Node Type": "Gather",
                "Parent Relationship": "Outer",
                "Parallel Aware": false,
                "Startup Cost": 222029.69,
                "Total Cost": 222030.2,
                "Plan Rows": 5,
                "Plan Width": 8,
                "Actual Startup Time": 608.266,
                "Actual Total Time": 644.506,
                "Actual Rows": 6,
                "Actual Loops": 1,
                "Output": [
                    "(PARTIAL count(*))"
                ],
                "Workers Planned": 5,
                "Workers Launched": 5,
                "Single Copy": false,
                "Plans": [
                    {
                        "Node Type": "Aggregate",
                        "Strategy": "Plain",
                        "Partial Mode": "Partial",
                        "Parent Relationship": "Outer",
                        "Parallel Aware": false,
                        "Startup Cost": 221029.69,
                        "Total Cost": 221029.7,
                        "Plan Rows": 1,
                        "Plan Width": 8,
                        "Actual Startup Time": 594.479,
                        "Actual Total Time": 594.689,
                        "Actual Rows": 1,
                        "Actual Loops": 6,
                        "Output": [
                            "PARTIAL count(*)"
                        ],
                        "Workers": [
                            {
                                "Worker Number": 0,
                                "Actual Startup Time": 590.565,
                                "Actual Total Time": 590.57,
                                "Actual Rows": 1,
                                "Actual Loops": 1
                            },
                            {
                                "Worker Number": 1,
                                "Actual Startup Time": 591.469,
                                "Actual Total Time": 591.474,
                                "Actual Rows": 1,
                                "Actual Loops": 1
                            },
                            {
                                "Worker Number": 2,
                                "Actual Startup Time": 590.472,
                                "Actual Total Time": 590.478,
                                "Actual Rows": 1,
                                "Actual Loops": 1
                            },
                            {
                                "Worker Number": 3,
                                "Actual Startup Time": 590.748,
                                "Actual Total Time": 590.754,
                                "Actual Rows": 1,
                                "Actual Loops": 1
                            },
                            {
                                "Worker Number": 4,
                                "Actual Startup Time": 596.285,
                                "Actual Total Time": 596.289,
                                "Actual Rows": 1,
                                "Actual Loops": 1
                            }
                        ],
                        "Plans": [
                            {
                                "Node Type": "Hash Join",
                                "Parent Relationship": "Outer",
                                "Parallel Aware": true,
                                "Join Type": "Inner",
                                "Startup Cost": 64360.3,
                                "Total Cost": 220805.97,
                                "Plan Rows": 89485,
                                "Plan Width": 0,
                                "Actual Startup Time": 200.488,
                                "Actual Total Time": 581.291,
                                "Actual Rows": 321446,
                                "Actual Loops": 6,
                                "Inner Unique": false,
                                "Hash Cond": "(ci.movie_id = t.id)",
                                "Workers": [
                                    {
                                        "Worker Number": 0,
                                        "Actual Startup Time": 196.526,
                                        "Actual Total Time": 577.105,
                                        "Actual Rows": 320400,
                                        "Actual Loops": 1
                                    },
                                    {
                                        "Worker Number": 1,
                                        "Actual Startup Time": 196.787,
                                        "Actual Total Time": 577.828,
                                        "Actual Rows": 326447,
                                        "Actual Loops": 1
                                    },
                                    {
                                        "Worker Number": 2,
                                        "Actual Startup Time": 196.491,
                                        "Actual Total Time": 578.587,
                                        "Actual Rows": 273479,
                                        "Actual Loops": 1
                                    },
                                    {
                                        "Worker Number": 3,
                                        "Actual Startup Time": 197.213,
                                        "Actual Total Time": 577.288,
                                        "Actual Rows": 317426,
                                        "Actual Loops": 1
                                    },
                                    {
                                        "Worker Number": 4,
                                        "Actual Startup Time": 202.505,
                                        "Actual Total Time": 583.212,
                                        "Actual Rows": 312276,
                                        "Actual Loops": 1
                                    }
                                ],
                                "Plans": [
                                    {
                                        "Node Type": "Index Scan",
                                        "Parent Relationship": "Outer",
                                        "Parallel Aware": true,
                                        "Scan Direction": "Forward",
                                        "Index Name": "role_id_cast_info",
                                        "Relation Name": "cast_info",
                                        "Schema": "public",
                                        "Alias": "ci",
                                        "Startup Cost": 0.56,
                                        "Total Cost": 151820.94,
                                        "Plan Rows": 1133987,
                                        "Plan Width": 4,
                                        "Actual Startup Time": 0.269,
                                        "Actual Total Time": 179.477,
                                        "Actual Rows": 955449,
                                        "Actual Loops": 6,
                                        "Output": [
                                            "ci.id",
                                            "ci.person_id",
                                            "ci.movie_id",
                                            "ci.person_role_id",
                                            "ci.note",
                                            "ci.nr_order",
                                            "ci.role_id"
                                        ],
                                        "Index Cond": "(ci.role_id > 8)",
                                        "Rows Removed by Index Recheck": 0,
                                        "Workers": [
                                            {
                                                "Worker Number": 0,
                                                "Actual Startup Time": 0.234,
                                                "Actual Total Time": 183.462,
                                                "Actual Rows": 946165,
                                                "Actual Loops": 1
                                            },
                                            {
                                                "Worker Number": 1,
                                                "Actual Startup Time": 0.349,
                                                "Actual Total Time": 184.488,
                                                "Actual Rows": 953174,
                                                "Actual Loops": 1
                                            },
                                            {
                                                "Worker Number": 2,
                                                "Actual Startup Time": 0.096,
                                                "Actual Total Time": 177.951,
                                                "Actual Rows": 817588,
                                                "Actual Loops": 1
                                            },
                                            {
                                                "Worker Number": 3,
                                                "Actual Startup Time": 0.271,
                                                "Actual Total Time": 183.134,
                                                "Actual Rows": 932902,
                                                "Actual Loops": 1
                                            },
                                            {
                                                "Worker Number": 4,
                                                "Actual Startup Time": 0.31,
                                                "Actual Total Time": 186.306,
                                                "Actual Rows": 949109,
                                                "Actual Loops": 1
                                            }
                                        ]
                                    },
                                    {
                                        "Node Type": "Hash",
                                        "Parent Relationship": "Inner",
                                        "Parallel Aware": true,
                                        "Startup Cost": 63320.6,
                                        "Total Cost": 63320.6,
                                        "Plan Rows": 83131,
                                        "Plan Width": 8,
                                        "Actual Startup Time": 198.269,
                                        "Actual Total Time": 198.478,
                                        "Actual Rows": 64159,
                                        "Actual Loops": 6,
                                        "Output": [
                                            "t.id",
                                            "mi_idx.movie_id"
                                        ],
                                        "Hash Buckets": 524288,
                                        "Original Hash Buckets": 262144,
                                        "Hash Batches": 1,
                                        "Original Hash Batches": 1,
                                        "Peak Memory Usage": 21344,
                                        "Workers": [
                                            {
                                                "Worker Number": 0,
                                                "Actual Startup Time": 195.935,
                                                "Actual Total Time": 195.939,
                                                "Actual Rows": 64036,
                                                "Actual Loops": 1
                                            },
                                            {
                                                "Worker Number": 1,
                                                "Actual Startup Time": 196.021,
                                                "Actual Total Time": 196.024,
                                                "Actual Rows": 64845,
                                                "Actual Loops": 1
                                            },
                                            {
                                                "Worker Number": 2,
                                                "Actual Startup Time": 195.732,
                                                "Actual Total Time": 195.735,
                                                "Actual Rows": 54843,
                                                "Actual Loops": 1
                                            },
                                            {
                                                "Worker Number": 3,
                                                "Actual Startup Time": 196.117,
                                                "Actual Total Time": 196.121,
                                                "Actual Rows": 64782,
                                                "Actual Loops": 1
                                            },
                                            {
                                                "Worker Number": 4,
                                                "Actual Startup Time": 201.559,
                                                "Actual Total Time": 201.562,
                                                "Actual Rows": 65176,
                                                "Actual Loops": 1
                                            }
                                        ],
                                        "Plans": [
                                            {
                                                "Node Type": "Hash Join",
                                                "Parent Relationship": "Outer",
                                                "Parallel Aware": true,
                                                "Join Type": "Inner",
                                                "Startup Cost": 47190.28,
                                                "Total Cost": 63320.6,
                                                "Plan Rows": 83131,
                                                "Plan Width": 8,
                                                "Actual Startup Time": 138.079,
                                                "Actual Total Time": 175.382,
                                                "Actual Rows": 64159,
                                                "Actual Loops": 6,
                                                "Output": [
                                                    "t.id",
                                                    "mi_idx.movie_id"
                                                ],
                                                "Inner Unique": true,
                                                "Hash Cond": "(mi_idx.movie_id = t.id)",
                                                "Workers": [
                                                    {
                                                        "Worker Number": 0,
                                                        "Actual Startup Time": 135.701,
                                                        "Actual Total Time": 172.652,
                                                        "Actual Rows": 64036,
                                                        "Actual Loops": 1
                                                    },
                                                    {
                                                        "Worker Number": 1,
                                                        "Actual Startup Time": 135.818,
                                                        "Actual Total Time": 172.867,
                                                        "Actual Rows": 64845,
                                                        "Actual Loops": 1
                                                    },
                                                    {
                                                        "Worker Number": 2,
                                                        "Actual Startup Time": 135.634,
                                                        "Actual Total Time": 172.998,
                                                        "Actual Rows": 54843,
                                                        "Actual Loops": 1
                                                    },
                                                    {
                                                        "Worker Number": 3,
                                                        "Actual Startup Time": 135.883,
                                                        "Actual Total Time": 173.014,
                                                        "Actual Rows": 64782,
                                                        "Actual Loops": 1
                                                    },
                                                    {
                                                        "Worker Number": 4,
                                                        "Actual Startup Time": 141.338,
                                                        "Actual Total Time": 178.56,
                                                        "Actual Rows": 65176,
                                                        "Actual Loops": 1
                                                    }
                                                ],
                                                "Plans": [
                                                    {
                                                        "Node Type": "Seq Scan",
                                                        "Parent Relationship": "Outer",
                                                        "Parallel Aware": true,
                                                        "Relation Name": "movie_info_idx",
                                                        "Schema": "public",
                                                        "Alias": "mi_idx",
                                                        "Startup Cost": 0.0,
                                                        "Total Cost": 15122.68,
                                                        "Plan Rows": 383860,
                                                        "Plan Width": 4,
                                                        "Actual Startup Time": 0.014,
                                                        "Actual Total Time": 24.67,
                                                        "Actual Rows": 153352,
                                                        "Actual Loops": 6,
                                                        "Output": [
                                                            "mi_idx.id",
                                                            "mi_idx.movie_id",
                                                            "mi_idx.info_type_id",
                                                            "mi_idx.info",
                                                            "mi_idx.note"
                                                        ],
                                                        "Filter": "(mi_idx.info_type_id > 99)",
                                                        "Rows Removed by Filter": 76654,
                                                        "Workers": [
                                                            {
                                                                "Worker Number": 0,
                                                                "Actual Startup Time": 0.009,
                                                                "Actual Total Time": 25.151,
                                                                "Actual Rows": 153693,
                                                                "Actual Loops": 1
                                                            },
                                                            {
                                                                "Worker Number": 1,
                                                                "Actual Startup Time": 0.022,
                                                                "Actual Total Time": 25.178,
                                                                "Actual Rows": 155262,
                                                                "Actual Loops": 1
                                                            },
                                                            {
                                                                "Worker Number": 2,
                                                                "Actual Startup Time": 0.017,
                                                                "Actual Total Time": 24.238,
                                                                "Actual Rows": 128455,
                                                                "Actual Loops": 1
                                                            },
                                                            {
                                                                "Worker Number": 3,
                                                                "Actual Startup Time": 0.014,
                                                                "Actual Total Time": 25.156,
                                                                "Actual Rows": 153306,
                                                                "Actual Loops": 1
                                                            },
                                                            {
                                                                "Worker Number": 4,
                                                                "Actual Startup Time": 0.015,
                                                                "Actual Total Time": 25.304,
                                                                "Actual Rows": 155256,
                                                                "Actual Loops": 1
                                                            }
                                                        ]
                                                    },
                                                    {
                                                        "Node Type": "Hash",
                                                        "Parent Relationship": "Inner",
                                                        "Parallel Aware": true,
                                                        "Startup Cost": 45479.21,
                                                        "Total Cost": 45479.21,
                                                        "Plan Rows": 136886,
                                                        "Plan Width": 4,
                                                        "Actual Startup Time": 116.401,
                                                        "Actual Total Time": 116.402,
                                                        "Actual Rows": 92886,
                                                        "Actual Loops": 6,
                                                        "Output": [
                                                            "t.id"
                                                        ],
                                                        "Hash Buckets": 1048576,
                                                        "Original Hash Buckets": 1048576,
                                                        "Hash Batches": 1,
                                                        "Original Hash Batches": 1,
                                                        "Peak Memory Usage": 30112,
                                                        "Workers": [
                                                            {
                                                                "Worker Number": 0,
                                                                "Actual Startup Time": 116.381,
                                                                "Actual Total Time": 116.382,
                                                                "Actual Rows": 92728,
                                                                "Actual Loops": 1
                                                            },
                                                            {
                                                                "Worker Number": 1,
                                                                "Actual Startup Time": 116.487,
                                                                "Actual Total Time": 116.488,
                                                                "Actual Rows": 93378,
                                                                "Actual Loops": 1
                                                            },
                                                            {
                                                                "Worker Number": 2,
                                                                "Actual Startup Time": 116.254,
                                                                "Actual Total Time": 116.256,
                                                                "Actual Rows": 77234,
                                                                "Actual Loops": 1
                                                            },
                                                            {
                                                                "Worker Number": 3,
                                                                "Actual Startup Time": 116.572,
                                                                "Actual Total Time": 116.573,
                                                                "Actual Rows": 92137,
                                                                "Actual Loops": 1
                                                            },
                                                            {
                                                                "Worker Number": 4,
                                                                "Actual Startup Time": 122.139,
                                                                "Actual Total Time": 122.14,
                                                                "Actual Rows": 91666,
                                                                "Actual Loops": 1
                                                            }
                                                        ],
                                                        "Plans": [
                                                            {
                                                                "Node Type": "Seq Scan",
                                                                "Parent Relationship": "Outer",
                                                                "Parallel Aware": true,
                                                                "Relation Name": "title",
                                                                "Schema": "public",
                                                                "Alias": "t",
                                                                "Startup Cost": 0.0,
                                                                "Total Cost": 45479.21,
                                                                "Plan Rows": 136886,
                                                                "Plan Width": 4,
                                                                "Actual Startup Time": 50.306,
                                                                "Actual Total Time": 79.678,
                                                                "Actual Rows": 92886,
                                                                "Actual Loops": 6,
                                                                "Output": [
                                                                    "t.id"
                                                                ],
                                                                "Filter": "((t.production_year < 2011) AND (t.kind_id = 1))",
                                                                "Rows Removed by Filter": 328499,
                                                                "Workers": [
                                                                    {
                                                                        "Worker Number": 0,
                                                                        "Actual Startup Time": 50.187,
                                                                        "Actual Total Time": 80.208,
                                                                        "Actual Rows": 92728,
                                                                        "Actual Loops": 1
                                                                    },
                                                                    {
                                                                        "Worker Number": 1,
                                                                        "Actual Startup Time": 50.279,
                                                                        "Actual Total Time": 80.623,
                                                                        "Actual Rows": 93378,
                                                                        "Actual Loops": 1
                                                                    },
                                                                    {
                                                                        "Worker Number": 2,
                                                                        "Actual Startup Time": 50.234,
                                                                        "Actual Total Time": 78.624,
                                                                        "Actual Rows": 77234,
                                                                        "Actual Loops": 1
                                                                    },
                                                                    {
                                                                        "Worker Number": 3,
                                                                        "Actual Startup Time": 50.192,
                                                                        "Actual Total Time": 80.334,
                                                                        "Actual Rows": 92137,
                                                                        "Actual Loops": 1
                                                                    },
                                                                    {
                                                                        "Worker Number": 4,
                                                                        "Actual Startup Time": 50.674,
                                                                        "Actual Total Time": 80.311,
                                                                        "Actual Rows": 91666,
                                                                        "Actual Loops": 1
                                                                    }
                                                                ]
                                                            }
                                                        ]
                                                    }
                                                ]
                                            }
                                        ]
                                    }
                                ]
                            }
                        ]
                    }
                ]
            }
        ]
    },
    "Planning Time": 1.577,
    "Triggers": [],
    "Execution Time": 644.614
}