[
  {
    "Plan": {
      "Node Type": "Aggregate",
      "Strategy": "Plain",
      "Partial Mode": "Finalize",
      "Parallel Aware": false,
      "Startup Cost": 32195.93,
      "Total Cost": 32195.94,
      "Plan Rows": 1,
      "Plan Width": 8,
      "Actual Startup Time": 153.708,
      "Actual Total Time": 167.088,
      "Actual Rows": 1,
      "Actual Loops": 1,
      "Plans": [
        {
          "Node Type": "Gather",
          "Parent Relationship": "Outer",
          "Parallel Aware": false,
          "Startup Cost": 32195.61,
          "Total Cost": 32195.92,
          "Plan Rows": 3,
          "Plan Width": 8,
          "Actual Startup Time": 153.435,
          "Actual Total Time": 167.077,
          "Actual Rows": 4,
          "Actual Loops": 1,
          "Workers Planned": 3,
          "Workers Launched": 3,
          "Single Copy": false,
          "Plans": [
            {
              "Node Type": "Aggregate",
              "Strategy": "Plain",
              "Partial Mode": "Partial",
              "Parent Relationship": "Outer",
              "Parallel Aware": false,
              "Startup Cost": 31195.61,
              "Total Cost": 31195.62,
              "Plan Rows": 1,
              "Plan Width": 8,
              "Actual Startup Time": 144.458,
              "Actual Total Time": 144.46,
              "Actual Rows": 1,
              "Actual Loops": 4,
              "Plans": [
                {
                  "Node Type": "Seq Scan",
                  "Parent Relationship": "Outer",
                  "Parallel Aware": true,
                  "Relation Name": "movie_companies",
                  "Alias": "mc",
                  "Startup Cost": 0.0,
                  "Total Cost": 29310.68,
                  "Plan Rows": 753973,
                  "Plan Width": 0,
                  "Actual Startup Time": 0.07,
                  "Actual Total Time": 106.917,
                  "Actual Rows": 585210,
                  "Actual Loops": 4,
                  "Filter": "(company_id < 98004)",
                  "Rows Removed by Filter": 67073
                }
              ]
            }
          ]
        }
      ]
    },
    "Planning Time": 0.209,
    "Triggers": [],
    "Execution Time": 167.149
  }
]