[
  {
    "Plan": {
      "Node Type": "Aggregate",
      "Strategy": "Plain",
      "Partial Mode": "Finalize",
      "Parallel Aware": false,
      "Startup Cost": 31481.92,
      "Total Cost": 31481.93,
      "Plan Rows": 1,
      "Plan Width": 8,
      "Actual Startup Time": 96.402,
      "Actual Total Time": 101.655,
      "Actual Rows": 1,
      "Actual Loops": 1,
      "Plans": [
        {
          "Node Type": "Gather",
          "Parent Relationship": "Outer",
          "Parallel Aware": false,
          "Startup Cost": 31481.6,
          "Total Cost": 31481.91,
          "Plan Rows": 3,
          "Plan Width": 8,
          "Actual Startup Time": 96.257,
          "Actual Total Time": 101.645,
          "Actual Rows": 4,
          "Actual Loops": 1,
          "Workers Planned": 3,
          "Workers Launched": 3,
          "Single Copy": false,
          "Plans": [
            {
              "Node Type": "Aggregate",
              "Strategy": "Plain",
              "Partial Mode": "Partial",
              "Parent Relationship": "Outer",
              "Parallel Aware": false,
              "Startup Cost": 30481.6,
              "Total Cost": 30481.61,
              "Plan Rows": 1,
              "Plan Width": 8,
              "Actual Startup Time": 91.198,
              "Actual Total Time": 91.2,
              "Actual Rows": 1,
              "Actual Loops": 4,
              "Plans": [
                {
                  "Node Type": "Seq Scan",
                  "Parent Relationship": "Outer",
                  "Parallel Aware": true,
                  "Relation Name": "movie_companies",
                  "Alias": "mc",
                  "Startup Cost": 0.0,
                  "Total Cost": 29310.68,
                  "Plan Rows": 468367,
                  "Plan Width": 0,
                  "Actual Startup Time": 9.17,
                  "Actual Total Time": 74.016,
                  "Actual Rows": 360148,
                  "Actual Loops": 4,
                  "Filter": "(company_id > 9749)",
                  "Rows Removed by Filter": 292134
                }
              ]
            }
          ]
        }
      ]
    },
    "Planning Time": 0.107,
    "Triggers": [],
    "Execution Time": 101.694
  }
]