{
  "Plan": {
    "Node Type": "Aggregate",
    "Strategy": "Plain",
    "Partial Mode": "Finalize",
    "Parallel Aware": false,
    "Startup Cost": 332531.0,
    "Total Cost": 332531.01,
    "Plan Rows": 1,
    "Plan Width": 8,
    "Actual Startup Time": 1229.643,
    "Actual Total Time": 1267.522,
    "Actual Rows": 1,
    "Actual Loops": 1,
    "Plans": [
      {
        "Node Type": "Gather",
        "Parent Relationship": "Outer",
        "Parallel Aware": false,
        "Startup Cost": 332530.89,
        "Total Cost": 332531.0,
        "Plan Rows": 1,
        "Plan Width": 8,
        "Actual Startup Time": 1229.467,
        "Actual Total Time": 1267.514,
        "Actual Rows": 2,
        "Actual Loops": 1,
        "Workers Planned": 1,
        "Workers Launched": 1,
        "Single Copy": false,
        "Plans": [
          {
            "Node Type": "Aggregate",
            "Strategy": "Plain",
            "Partial Mode": "Partial",
            "Parent Relationship": "Outer",
            "Parallel Aware": false,
            "Startup Cost": 331530.89,
            "Total Cost": 331530.9,
            "Plan Rows": 1,
            "Plan Width": 8,
            "Actual Startup Time": 1226.603,
            "Actual Total Time": 1226.607,
            "Actual Rows": 1,
            "Actual Loops": 2,
            "Plans": [
              {
                "Node Type": "Hash Join",
                "Parent Relationship": "Outer",
                "Parallel Aware": true,
                "Join Type": "Inner",
                "Startup Cost": 58970.66,
                "Total Cost": 330754.14,
                "Plan Rows": 310698,
                "Plan Width": 0,
                "Actual Startup Time": 343.492,
                "Actual Total Time": 1226.592,
                "Actual Rows": 24,
                "Actual Loops": 2,
                "Inner Unique": true,
                "Hash Cond": "(mi.movie_id = t.id)",
                "Plans": [
                  {
                    "Node Type": "Seq Scan",
                    "Parent Relationship": "Outer",
                    "Parallel Aware": true,
                    "Relation Name": "movie_info",
                    "Alias": "mi",
                    "Startup Cost": 0.0,
                    "Total Cost": 248955.74,
                    "Plan Rows": 8696274,
                    "Plan Width": 4,
                    "Actual Startup Time": 0.009,
                    "Actual Total Time": 584.156,
                    "Actual Rows": 7417860,
                    "Actual Loops": 2
                  },
                  {
                    "Node Type": "Hash",
                    "Parent Relationship": "Inner",
                    "Parallel Aware": true,
                    "Startup Cost": 58306.47,
                    "Total Cost": 58306.47,
                    "Plan Rows": 53135,
                    "Plan Width": 4,
                    "Actual Startup Time": 120.253,
                    "Actual Total Time": 120.254,
                    "Actual Rows": 22,
                    "Actual Loops": 2,
                    "Hash Buckets": 131072,
                    "Original Hash Buckets": 131072,
                    "Hash Batches": 1,
                    "Original Hash Batches": 1,
                    "Peak Memory Usage": 1088,
                    "Plans": [
                      {
                        "Node Type": "Seq Scan",
                        "Parent Relationship": "Outer",
                        "Parallel Aware": true,
                        "Relation Name": "title",
                        "Alias": "t",
                        "Startup Cost": 0.0,
                        "Total Cost": 58306.47,
                        "Plan Rows": 53135,
                        "Plan Width": 4,
                        "Actual Startup Time": 14.792,
                        "Actual Total Time": 120.112,
                        "Actual Rows": 22,
                        "Actual Loops": 2,
                        "Filter": "((production_year < 1944) AND (kind_id = 7))",
                        "Rows Removed by Filter": 1264134
                      }
                    ]
                  }
                ]
              }
            ]
          }
        ]
      }
    ]
  },
  "Planning Time": 0.274,
  "Triggers": [],
  "Execution Time": 1267.578
}