[
  {
    "Plan": {
      "Node Type": "Aggregate",
      "Strategy": "Plain",
      "Partial Mode": "Finalize",
      "Parallel Aware": false,
      "Startup Cost": 334690.32,
      "Total Cost": 334690.33,
      "Plan Rows": 1,
      "Plan Width": 8,
      "Actual Startup Time": 645.475,
      "Actual Total Time": 701.984,
      "Actual Rows": 1,
      "Actual Loops": 1,
      "Plans": [
        {
          "Node Type": "Gather",
          "Parent Relationship": "Outer",
          "Parallel Aware": false,
          "Startup Cost": 334689.69,
          "Total Cost": 334690.3,
          "Plan Rows": 6,
          "Plan Width": 8,
          "Actual Startup Time": 645.328,
          "Actual Total Time": 701.973,
          "Actual Rows": 7,
          "Actual Loops": 1,
          "Workers Planned": 6,
          "Workers Launched": 6,
          "Single Copy": false,
          "Plans": [
            {
              "Node Type": "Aggregate",
              "Strategy": "Plain",
              "Partial Mode": "Partial",
              "Parent Relationship": "Outer",
              "Parallel Aware": false,
              "Startup Cost": 333689.69,
              "Total Cost": 333689.7,
              "Plan Rows": 1,
              "Plan Width": 8,
              "Actual Startup Time": 635.018,
              "Actual Total Time": 635.019,
              "Actual Rows": 1,
              "Actual Loops": 7,
              "Plans": [
                {
                  "Node Type": "Seq Scan",
                  "Parent Relationship": "Outer",
                  "Parallel Aware": true,
                  "Relation Name": "cast_info",
                  "Alias": "ci",
                  "Startup Cost": 0.0,
                  "Total Cost": 328162.03,
                  "Plan Rows": 2211066,
                  "Plan Width": 0,
                  "Actual Startup Time": 250.59,
                  "Actual Total Time": 556.612,
                  "Actual Rows": 1890460,
                  "Actual Loops": 7,
                  "Filter": "(person_id > 2350890)",
                  "Rows Removed by Filter": 3287304
                }
              ]
            }
          ]
        }
      ]
    },
    "Planning Time": 0.177,
    "Triggers": [],
    "Execution Time": 702.055
  }
]