[
  {
    "Plan": {
      "Node Type": "Aggregate",
      "Strategy": "Plain",
      "Partial Mode": "Finalize",
      "Parallel Aware": false,
      "Startup Cost": 270081.16,
      "Total Cost": 270081.17,
      "Plan Rows": 1,
      "Plan Width": 8,
      "Actual Startup Time": 3916.975,
      "Actual Total Time": 3969.304,
      "Actual Rows": 1,
      "Actual Loops": 1,
      "Plans": [
        {
          "Node Type": "Gather",
          "Parent Relationship": "Outer",
          "Parallel Aware": false,
          "Startup Cost": 270080.85,
          "Total Cost": 270081.16,
          "Plan Rows": 3,
          "Plan Width": 8,
          "Actual Startup Time": 3915.78,
          "Actual Total Time": 3969.293,
          "Actual Rows": 4,
          "Actual Loops": 1,
          "Workers Planned": 3,
          "Workers Launched": 3,
          "Single Copy": false,
          "Plans": [
            {
              "Node Type": "Aggregate",
              "Strategy": "Plain",
              "Partial Mode": "Partial",
              "Parent Relationship": "Outer",
              "Parallel Aware": false,
              "Startup Cost": 269080.85,
              "Total Cost": 269080.86,
              "Plan Rows": 1,
              "Plan Width": 8,
              "Actual Startup Time": 3906.179,
              "Actual Total Time": 3906.185,
              "Actual Rows": 1,
              "Actual Loops": 4,
              "Plans": [
                {
                  "Node Type": "Nested Loop",
                  "Parent Relationship": "Outer",
                  "Parallel Aware": false,
                  "Join Type": "Inner",
                  "Startup Cost": 46275.8,
                  "Total Cost": 268940.75,
                  "Plan Rows": 56040,
                  "Plan Width": 0,
                  "Actual Startup Time": 145.968,
                  "Actual Total Time": 3883.929,
                  "Actual Rows": 314945,
                  "Actual Loops": 4,
                  "Inner Unique": false,
                  "Join Filter": "(t.id = mi.movie_id)",
                  "Rows Removed by Join Filter": 0,
                  "Plans": [
                    {
                      "Node Type": "Hash Join",
                      "Parent Relationship": "Outer",
                      "Parallel Aware": true,
                      "Join Type": "Inner",
                      "Startup Cost": 46275.36,
                      "Total Cost": 91898.61,
                      "Plan Rows": 112399,
                      "Plan Width": 8,
                      "Actual Startup Time": 145.843,
                      "Actual Total Time": 393.173,
                      "Actual Rows": 309969,
                      "Actual Loops": 4,
                      "Inner Unique": true,
                      "Hash Cond": "(mk.movie_id = t.id)",
                      "Plans": [
                        {
                          "Node Type": "Seq Scan",
                          "Parent Relationship": "Outer",
                          "Parallel Aware": true,
                          "Relation Name": "movie_keyword",
                          "Alias": "mk",
                          "Startup Cost": 0.0,
                          "Total Cost": 42695.65,
                          "Plan Rows": 1115275,
                          "Plan Width": 4,
                          "Actual Startup Time": 0.03,
                          "Actual Total Time": 117.805,
                          "Actual Rows": 865767,
                          "Actual Loops": 4,
                          "Filter": "(keyword_id < 16531)",
                          "Rows Removed by Filter": 265216
                        },
                        {
                          "Node Type": "Hash",
                          "Parent Relationship": "Inner",
                          "Parallel Aware": true,
                          "Startup Cost": 45479.1,
                          "Total Cost": 45479.1,
                          "Plan Rows": 63701,
                          "Plan Width": 4,
                          "Actual Startup Time": 143.338,
                          "Actual Total Time": 143.339,
                          "Actual Rows": 99476,
                          "Actual Loops": 4,
                          "Hash Buckets": 524288,
                          "Original Hash Buckets": 262144,
                          "Hash Batches": 1,
                          "Original Hash Batches": 1,
                          "Peak Memory Usage": 21792,
                          "Plans": [
                            {
                              "Node Type": "Seq Scan",
                              "Parent Relationship": "Outer",
                              "Parallel Aware": true,
                              "Relation Name": "title",
                              "Alias": "t",
                              "Startup Cost": 0.0,
                              "Total Cost": 45479.1,
                              "Plan Rows": 63701,
                              "Plan Width": 4,
                              "Actual Startup Time": 0.062,
                              "Actual Total Time": 105.571,
                              "Actual Rows": 99476,
                              "Actual Loops": 4,
                              "Filter": "((kind_id < 4) AND (production_year < 1993))",
                              "Rows Removed by Filter": 532602
                            }
                          ]
                        }
                      ]
                    },
                    {
                      "Node Type": "Index Scan",
                      "Parent Relationship": "Inner",
                      "Parallel Aware": false,
                      "Scan Direction": "Forward",
                      "Index Name": "movie_id_movie_info",
                      "Relation Name": "movie_info",
                      "Alias": "mi",
                      "Startup Cost": 0.43,
                      "Total Cost": 1.53,
                      "Plan Rows": 4,
                      "Plan Width": 4,
                      "Actual Startup Time": 0.01,
                      "Actual Total Time": 0.011,
                      "Actual Rows": 1,
                      "Actual Loops": 1239876,
                      "Index Cond": "(movie_id = mk.movie_id)",
                      "Rows Removed by Index Recheck": 0,
                      "Filter": "(info_type_id = 2)",
                      "Rows Removed by Filter": 48
                    }
                  ]
                }
              ]
            }
          ]
        }
      ]
    },
    "Planning Time": 1.444,
    "Triggers": [],
    "Execution Time": 3969.408
  }
]