[
  {
    "Plan": {
      "Node Type": "Aggregate",
      "Strategy": "Plain",
      "Partial Mode": "Finalize",
      "Parallel Aware": false,
      "Startup Cost": 75102.33,
      "Total Cost": 75102.34,
      "Plan Rows": 1,
      "Plan Width": 8,
      "Actual Startup Time": 174.56,
      "Actual Total Time": 189.517,
      "Actual Rows": 1,
      "Actual Loops": 1,
      "Plans": [
        {
          "Node Type": "Gather",
          "Parent Relationship": "Outer",
          "Parallel Aware": false,
          "Startup Cost": 75102.01,
          "Total Cost": 75102.32,
          "Plan Rows": 3,
          "Plan Width": 8,
          "Actual Startup Time": 174.209,
          "Actual Total Time": 189.492,
          "Actual Rows": 4,
          "Actual Loops": 1,
          "Workers Planned": 3,
          "Workers Launched": 3,
          "Single Copy": false,
          "Plans": [
            {
              "Node Type": "Aggregate",
              "Strategy": "Plain",
              "Partial Mode": "Partial",
              "Parent Relationship": "Outer",
              "Parallel Aware": false,
              "Startup Cost": 74102.01,
              "Total Cost": 74102.02,
              "Plan Rows": 1,
              "Plan Width": 8,
              "Actual Startup Time": 164.66,
              "Actual Total Time": 164.663,
              "Actual Rows": 1,
              "Actual Loops": 4,
              "Plans": [
                {
                  "Node Type": "Nested Loop",
                  "Parent Relationship": "Outer",
                  "Parallel Aware": false,
                  "Join Type": "Inner",
                  "Startup Cost": 52658.24,
                  "Total Cost": 74101.51,
                  "Plan Rows": 198,
                  "Plan Width": 0,
                  "Actual Startup Time": 119.872,
                  "Actual Total Time": 164.251,
                  "Actual Rows": 7147,
                  "Actual Loops": 4,
                  "Inner Unique": false,
                  "Join Filter": "(t.id = mk.movie_id)",
                  "Rows Removed by Join Filter": 0,
                  "Plans": [
                    {
                      "Node Type": "Hash Join",
                      "Parent Relationship": "Outer",
                      "Parallel Aware": true,
                      "Join Type": "Inner",
                      "Startup Cost": 52657.8,
                      "Total Cost": 73190.78,
                      "Plan Rows": 351,
                      "Plan Width": 8,
                      "Actual Startup Time": 119.706,
                      "Actual Total Time": 147.784,
                      "Actual Rows": 1306,
                      "Actual Loops": 4,
                      "Inner Unique": true,
                      "Hash Cond": "(mc.movie_id = t.id)",
                      "Plans": [
                        {
                          "Node Type": "Bitmap Heap Scan",
                          "Parent Relationship": "Outer",
                          "Parallel Aware": true,
                          "Relation Name": "movie_companies",
                          "Alias": "mc",
                          "Startup Cost": 7127.58,
                          "Total Cost": 27518.33,
                          "Plan Rows": 54184,
                          "Plan Width": 4,
                          "Actual Startup Time": 17.952,
                          "Actual Total Time": 37.995,
                          "Actual Rows": 83235,
                          "Actual Loops": 4,
                          "Recheck Cond": "(company_id > 90275)",
                          "Rows Removed by Index Recheck": 0,
                          "Filter": "(company_type_id = 2)",
                          "Rows Removed by Filter": 0,
                          "Exact Heap Blocks": 1622,
                          "Lossy Heap Blocks": 0,
                          "Plans": [
                            {
                              "Node Type": "Bitmap Index Scan",
                              "Parent Relationship": "Outer",
                              "Parallel Aware": false,
                              "Index Name": "company_id_movie_companies",
                              "Startup Cost": 0.0,
                              "Total Cost": 7085.59,
                              "Plan Rows": 330821,
                              "Plan Width": 0,
                              "Actual Startup Time": 16.891,
                              "Actual Total Time": 16.891,
                              "Actual Rows": 332939,
                              "Actual Loops": 1,
                              "Index Cond": "(company_id > 90275)"
                            }
                          ]
                        },
                        {
                          "Node Type": "Hash",
                          "Parent Relationship": "Inner",
                          "Parallel Aware": true,
                          "Startup Cost": 45479.1,
                          "Total Cost": 45479.1,
                          "Plan Rows": 4090,
                          "Plan Width": 4,
                          "Actual Startup Time": 99.619,
                          "Actual Total Time": 99.62,
                          "Actual Rows": 2426,
                          "Actual Loops": 4,
                          "Hash Buckets": 16384,
                          "Original Hash Buckets": 16384,
                          "Hash Batches": 1,
                          "Original Hash Batches": 1,
                          "Peak Memory Usage": 544,
                          "Plans": [
                            {
                              "Node Type": "Seq Scan",
                              "Parent Relationship": "Outer",
                              "Parallel Aware": true,
                              "Relation Name": "title",
                              "Alias": "t",
                              "Startup Cost": 0.0,
                              "Total Cost": 45479.1,
                              "Plan Rows": 4090,
                              "Plan Width": 4,
                              "Actual Startup Time": 64.876,
                              "Actual Total Time": 98.432,
                              "Actual Rows": 2426,
                              "Actual Loops": 4,
                              "Filter": "((kind_id = 1) AND (production_year = 2002))",
                              "Rows Removed by Filter": 629652
                            }
                          ]
                        }
                      ]
                    },
                    {
                      "Node Type": "Index Scan",
                      "Parent Relationship": "Inner",
                      "Parallel Aware": false,
                      "Scan Direction": "Forward",
                      "Index Name": "movie_id_movie_keyword",
                      "Relation Name": "movie_keyword",
                      "Alias": "mk",
                      "Startup Cost": 0.43,
                      "Total Cost": 2.42,
                      "Plan Rows": 14,
                      "Plan Width": 4,
                      "Actual Startup Time": 0.009,
                      "Actual Total Time": 0.012,
                      "Actual Rows": 5,
                      "Actual Loops": 5226,
                      "Index Cond": "(movie_id = mc.movie_id)",
                      "Rows Removed by Index Recheck": 0,
                      "Filter": "(keyword_id < 2000)",
                      "Rows Removed by Filter": 12
                    }
                  ]
                }
              ]
            }
          ]
        }
      ]
    },
    "Planning Time": 1.367,
    "Triggers": [],
    "Execution Time": 189.638
  }
]