[
    {
        "Bao": {
            "Bao prediction": "NaN",
            "Bao recommended hint": "(no hint)"
        }
    },
    {
        "Plan": {
            "Node Type": "Aggregate",
            "Strategy": "Plain",
            "Partial Mode": "Finalize",
            "Parallel Aware": false,
            "Startup Cost": 32645.92,
            "Total Cost": 32645.93,
            "Plan Rows": 1,
            "Plan Width": 8,
            "Actual Startup Time": 83.61,
            "Actual Total Time": 89.581,
            "Actual Rows": 1,
            "Actual Loops": 1,
            "Output": [
                "count(*)"
            ],
            "Plans": [
                {
                    "Node Type": "Gather",
                    "Parent Relationship": "Outer",
                    "Parallel Aware": false,
                    "Startup Cost": 32645.61,
                    "Total Cost": 32645.92,
                    "Plan Rows": 3,
                    "Plan Width": 8,
                    "Actual Startup Time": 83.529,
                    "Actual Total Time": 89.573,
                    "Actual Rows": 4,
                    "Actual Loops": 1,
                    "Output": [
                        "(PARTIAL count(*))"
                    ],
                    "Workers Planned": 3,
                    "Workers Launched": 3,
                    "Single Copy": false,
                    "Plans": [
                        {
                            "Node Type": "Aggregate",
                            "Strategy": "Plain",
                            "Partial Mode": "Partial",
                            "Parent Relationship": "Outer",
                            "Parallel Aware": false,
                            "Startup Cost": 31645.61,
                            "Total Cost": 31645.62,
                            "Plan Rows": 1,
                            "Plan Width": 8,
                            "Actual Startup Time": 75.35,
                            "Actual Total Time": 75.351,
                            "Actual Rows": 1,
                            "Actual Loops": 4,
                            "Output": [
                                "PARTIAL count(*)"
                            ],
                            "Workers": [
                                {
                                    "Worker Number": 0,
                                    "Actual Startup Time": 72.382,
                                    "Actual Total Time": 72.383,
                                    "Actual Rows": 1,
                                    "Actual Loops": 1
                                },
                                {
                                    "Worker Number": 1,
                                    "Actual Startup Time": 72.839,
                                    "Actual Total Time": 72.84,
                                    "Actual Rows": 1,
                                    "Actual Loops": 1
                                },
                                {
                                    "Worker Number": 2,
                                    "Actual Startup Time": 73.183,
                                    "Actual Total Time": 73.184,
                                    "Actual Rows": 1,
                                    "Actual Loops": 1
                                }
                            ],
                            "Plans": [
                                {
                                    "Node Type": "Seq Scan",
                                    "Parent Relationship": "Outer",
                                    "Parallel Aware": true,
                                    "Relation Name": "movie_companies",
                                    "Schema": "public",
                                    "Alias": "mc",
                                    "Startup Cost": 0.0,
                                    "Total Cost": 31414.82,
                                    "Plan Rows": 92315,
                                    "Plan Width": 0,
                                    "Actual Startup Time": 46.667,
                                    "Actual Total Time": 73.709,
                                    "Actual Rows": 36150,
                                    "Actual Loops": 4,
                                    "Output": [
                                        "id",
                                        "movie_id",
                                        "company_id",
                                        "company_type_id",
                                        "note"
                                    ],
                                    "Filter": "((mc.company_id < 594) AND (mc.company_type_id = 2))",
                                    "Rows Removed by Filter": 616132,
                                    "Workers": [
                                        {
                                            "Worker Number": 0,
                                            "Actual Startup Time": 43.693,
                                            "Actual Total Time": 70.876,
                                            "Actual Rows": 34583,
                                            "Actual Loops": 1
                                        },
                                        {
                                            "Worker Number": 1,
                                            "Actual Startup Time": 44.157,
                                            "Actual Total Time": 71.184,
                                            "Actual Rows": 33810,
                                            "Actual Loops": 1
                                        },
                                        {
                                            "Worker Number": 2,
                                            "Actual Startup Time": 44.507,
                                            "Actual Total Time": 71.584,
                                            "Actual Rows": 32663,
                                            "Actual Loops": 1
                                        }
                                    ]
                                }
                            ]
                        }
                    ]
                }
            ]
        },
        "Planning Time": 189.114,
        "Triggers": [],
        "Execution Time": 89.659
    }
]