[
  {
    "Plan": {
      "Node Type": "Aggregate",
      "Strategy": "Plain",
      "Partial Mode": "Finalize",
      "Parallel Aware": false,
      "Startup Cost": 46514.91,
      "Total Cost": 46514.92,
      "Plan Rows": 1,
      "Plan Width": 8,
      "Actual Startup Time": 182.496,
      "Actual Total Time": 191.63,
      "Actual Rows": 1,
      "Actual Loops": 1,
      "Plans": [
        {
          "Node Type": "Gather",
          "Parent Relationship": "Outer",
          "Parallel Aware": false,
          "Startup Cost": 46514.59,
          "Total Cost": 46514.9,
          "Plan Rows": 3,
          "Plan Width": 8,
          "Actual Startup Time": 182.376,
          "Actual Total Time": 191.62,
          "Actual Rows": 4,
          "Actual Loops": 1,
          "Workers Planned": 3,
          "Workers Launched": 3,
          "Single Copy": false,
          "Plans": [
            {
              "Node Type": "Aggregate",
              "Strategy": "Plain",
              "Partial Mode": "Partial",
              "Parent Relationship": "Outer",
              "Parallel Aware": false,
              "Startup Cost": 45514.59,
              "Total Cost": 45514.6,
              "Plan Rows": 1,
              "Plan Width": 8,
              "Actual Startup Time": 175.82,
              "Actual Total Time": 175.821,
              "Actual Rows": 1,
              "Actual Loops": 4,
              "Plans": [
                {
                  "Node Type": "Seq Scan",
                  "Parent Relationship": "Outer",
                  "Parallel Aware": true,
                  "Relation Name": "movie_keyword",
                  "Alias": "mk",
                  "Startup Cost": 0.0,
                  "Total Cost": 42695.65,
                  "Plan Rows": 1127575,
                  "Plan Width": 0,
                  "Actual Startup Time": 0.049,
                  "Actual Total Time": 134.281,
                  "Actual Rows": 874757,
                  "Actual Loops": 4,
                  "Filter": "(keyword_id < 17517)",
                  "Rows Removed by Filter": 256226
                }
              ]
            }
          ]
        }
      ]
    },
    "Planning Time": 0.129,
    "Triggers": [],
    "Execution Time": 191.672
  }
]