[
    {
        "Bao": {
            "Bao prediction": "NaN",
            "Bao recommended hint": "(no hint)"
        }
    },
    {
        "Plan": {
            "Node Type": "Aggregate",
            "Strategy": "Plain",
            "Partial Mode": "Simple",
            "Parallel Aware": false,
            "Startup Cost": 274.1,
            "Total Cost": 274.11,
            "Plan Rows": 1,
            "Plan Width": 8,
            "Actual Startup Time": 0.982,
            "Actual Total Time": 0.983,
            "Actual Rows": 1,
            "Actual Loops": 1,
            "Output": [
                "count(*)"
            ],
            "Plans": [
                {
                    "Node Type": "Index Only Scan",
                    "Parent Relationship": "Outer",
                    "Parallel Aware": false,
                    "Scan Direction": "Forward",
                    "Index Name": "company_id_movie_companies",
                    "Relation Name": "movie_companies",
                    "Schema": "public",
                    "Alias": "mc",
                    "Startup Cost": 0.43,
                    "Total Cost": 273.84,
                    "Plan Rows": 102,
                    "Plan Width": 0,
                    "Actual Startup Time": 0.111,
                    "Actual Total Time": 0.909,
                    "Actual Rows": 420,
                    "Actual Loops": 1,
                    "Output": [
                        "company_id"
                    ],
                    "Index Cond": "(mc.company_id = 11348)",
                    "Rows Removed by Index Recheck": 0,
                    "Heap Fetches": 420
                }
            ]
        },
        "Planning Time": 212.954,
        "Triggers": [],
        "Execution Time": 1.056
    }
]