[
  {
    "Plan": {
      "Node Type": "Aggregate",
      "Strategy": "Plain",
      "Partial Mode": "Simple",
      "Parallel Aware": false,
      "Startup Cost": 15845.15,
      "Total Cost": 15845.16,
      "Plan Rows": 1,
      "Plan Width": 8,
      "Actual Startup Time": 1.773,
      "Actual Total Time": 1.773,
      "Actual Rows": 1,
      "Actual Loops": 1,
      "Plans": [
        {
          "Node Type": "Index Only Scan",
          "Parent Relationship": "Outer",
          "Parallel Aware": false,
          "Scan Direction": "Forward",
          "Index Name": "person_id_cast_info",
          "Relation Name": "cast_info",
          "Alias": "ci",
          "Startup Cost": 0.56,
          "Total Cost": 15825.37,
          "Plan Rows": 7914,
          "Plan Width": 0,
          "Actual Startup Time": 0.011,
          "Actual Total Time": 1.439,
          "Actual Rows": 5826,
          "Actual Loops": 1,
          "Index Cond": "(person_id < 967)",
          "Rows Removed by Index Recheck": 0,
          "Heap Fetches": 5826
        }
      ]
    },
    "Planning Time": 0.129,
    "Triggers": [],
    "Execution Time": 1.793
  }
]