[
  {
    "Plan": {
      "Node Type": "Aggregate",
      "Strategy": "Plain",
      "Partial Mode": "Simple",
      "Parallel Aware": false,
      "Startup Cost": 16711.12,
      "Total Cost": 16711.13,
      "Plan Rows": 1,
      "Plan Width": 8,
      "Actual Startup Time": 4.428,
      "Actual Total Time": 4.429,
      "Actual Rows": 1,
      "Actual Loops": 1,
      "Plans": [
        {
          "Node Type": "Index Only Scan",
          "Parent Relationship": "Outer",
          "Parallel Aware": false,
          "Scan Direction": "Forward",
          "Index Name": "person_id_cast_info",
          "Relation Name": "cast_info",
          "Alias": "ci",
          "Startup Cost": 0.56,
          "Total Cost": 16691.17,
          "Plan Rows": 7981,
          "Plan Width": 0,
          "Actual Startup Time": 0.025,
          "Actual Total Time": 3.471,
          "Actual Rows": 5826,
          "Actual Loops": 1,
          "Index Cond": "(person_id < 967)",
          "Rows Removed by Index Recheck": 0,
          "Heap Fetches": 5826
        }
      ]
    },
    "Planning Time": 0.216,
    "Triggers": [],
    "Execution Time": 4.473
  }
]