[
    {
        "Bao": {
            "Bao prediction": "NaN",
            "Bao recommended hint": "(no hint)"
        }
    },
    {
        "Plan": {
            "Node Type": "Aggregate",
            "Strategy": "Plain",
            "Partial Mode": "Finalize",
            "Parallel Aware": false,
            "Startup Cost": 44416.42,
            "Total Cost": 44416.43,
            "Plan Rows": 1,
            "Plan Width": 8,
            "Actual Startup Time": 116.092,
            "Actual Total Time": 123.373,
            "Actual Rows": 1,
            "Actual Loops": 1,
            "Output": [
                "count(*)"
            ],
            "Plans": [
                {
                    "Node Type": "Gather",
                    "Parent Relationship": "Outer",
                    "Parallel Aware": false,
                    "Startup Cost": 44416.1,
                    "Total Cost": 44416.41,
                    "Plan Rows": 3,
                    "Plan Width": 8,
                    "Actual Startup Time": 115.959,
                    "Actual Total Time": 123.366,
                    "Actual Rows": 4,
                    "Actual Loops": 1,
                    "Output": [
                        "(PARTIAL count(*))"
                    ],
                    "Workers Planned": 3,
                    "Workers Launched": 3,
                    "Single Copy": false,
                    "Plans": [
                        {
                            "Node Type": "Aggregate",
                            "Strategy": "Plain",
                            "Partial Mode": "Partial",
                            "Parent Relationship": "Outer",
                            "Parallel Aware": false,
                            "Startup Cost": 43416.1,
                            "Total Cost": 43416.11,
                            "Plan Rows": 1,
                            "Plan Width": 8,
                            "Actual Startup Time": 107.757,
                            "Actual Total Time": 107.758,
                            "Actual Rows": 1,
                            "Actual Loops": 4,
                            "Output": [
                                "PARTIAL count(*)"
                            ],
                            "Workers": [
                                {
                                    "Worker Number": 0,
                                    "Actual Startup Time": 105.125,
                                    "Actual Total Time": 105.126,
                                    "Actual Rows": 1,
                                    "Actual Loops": 1
                                },
                                {
                                    "Worker Number": 1,
                                    "Actual Startup Time": 104.88,
                                    "Actual Total Time": 104.882,
                                    "Actual Rows": 1,
                                    "Actual Loops": 1
                                },
                                {
                                    "Worker Number": 2,
                                    "Actual Startup Time": 105.338,
                                    "Actual Total Time": 105.339,
                                    "Actual Rows": 1,
                                    "Actual Loops": 1
                                }
                            ],
                            "Plans": [
                                {
                                    "Node Type": "Seq Scan",
                                    "Parent Relationship": "Outer",
                                    "Parallel Aware": true,
                                    "Relation Name": "movie_keyword",
                                    "Schema": "public",
                                    "Alias": "mk",
                                    "Startup Cost": 0.0,
                                    "Total Cost": 42695.65,
                                    "Plan Rows": 288179,
                                    "Plan Width": 0,
                                    "Actual Startup Time": 1.434,
                                    "Actual Total Time": 96.356,
                                    "Actual Rows": 218351,
                                    "Actual Loops": 4,
                                    "Output": [
                                        "id",
                                        "movie_id",
                                        "keyword_id"
                                    ],
                                    "Filter": "(mk.keyword_id > 21144)",
                                    "Rows Removed by Filter": 912632,
                                    "Workers": [
                                        {
                                            "Worker Number": 0,
                                            "Actual Startup Time": 0.059,
                                            "Actual Total Time": 94.321,
                                            "Actual Rows": 188466,
                                            "Actual Loops": 1
                                        },
                                        {
                                            "Worker Number": 1,
                                            "Actual Startup Time": 0.065,
                                            "Actual Total Time": 94.485,
                                            "Actual Rows": 184810,
                                            "Actual Loops": 1
                                        },
                                        {
                                            "Worker Number": 2,
                                            "Actual Startup Time": 0.07,
                                            "Actual Total Time": 94.458,
                                            "Actual Rows": 189495,
                                            "Actual Loops": 1
                                        }
                                    ]
                                }
                            ]
                        }
                    ]
                }
            ]
        },
        "Planning Time": 182.602,
        "Triggers": [],
        "Execution Time": 123.421
    }
]