[
  {
    "Plan": {
      "Node Type": "Aggregate",
      "Strategy": "Plain",
      "Partial Mode": "Finalize",
      "Parallel Aware": false,
      "Startup Cost": 123419.07,
      "Total Cost": 123419.08,
      "Plan Rows": 1,
      "Plan Width": 8,
      "Actual Startup Time": 773.147,
      "Actual Total Time": 796.051,
      "Actual Rows": 1,
      "Actual Loops": 1,
      "Plans": [
        {
          "Node Type": "Gather",
          "Parent Relationship": "Outer",
          "Parallel Aware": false,
          "Startup Cost": 123418.75,
          "Total Cost": 123419.06,
          "Plan Rows": 3,
          "Plan Width": 8,
          "Actual Startup Time": 770.406,
          "Actual Total Time": 796.043,
          "Actual Rows": 4,
          "Actual Loops": 1,
          "Workers Planned": 3,
          "Workers Launched": 3,
          "Single Copy": false,
          "Plans": [
            {
              "Node Type": "Aggregate",
              "Strategy": "Plain",
              "Partial Mode": "Partial",
              "Parent Relationship": "Outer",
              "Parallel Aware": false,
              "Startup Cost": 122418.75,
              "Total Cost": 122418.76,
              "Plan Rows": 1,
              "Plan Width": 8,
              "Actual Startup Time": 764.247,
              "Actual Total Time": 764.454,
              "Actual Rows": 1,
              "Actual Loops": 4,
              "Plans": [
                {
                  "Node Type": "Hash Join",
                  "Parent Relationship": "Outer",
                  "Parallel Aware": true,
                  "Join Type": "Inner",
                  "Startup Cost": 77406.62,
                  "Total Cost": 122203.79,
                  "Plan Rows": 85982,
                  "Plan Width": 0,
                  "Actual Startup Time": 344.63,
                  "Actual Total Time": 663.534,
                  "Actual Rows": 2435664,
                  "Actual Loops": 4,
                  "Inner Unique": false,
                  "Hash Cond": "(mk.movie_id = t.id)",
                  "Plans": [
                    {
                      "Node Type": "Seq Scan",
                      "Parent Relationship": "Outer",
                      "Parallel Aware": true,
                      "Relation Name": "movie_keyword",
                      "Alias": "mk",
                      "Startup Cost": 0.0,
                      "Total Cost": 39047.32,
                      "Plan Rows": 1459332,
                      "Plan Width": 4,
                      "Actual Startup Time": 0.031,
                      "Actual Total Time": 86.585,
                      "Actual Rows": 1130982,
                      "Actual Loops": 4
                    },
                    {
                      "Node Type": "Hash",
                      "Parent Relationship": "Inner",
                      "Parallel Aware": true,
                      "Startup Cost": 76805.93,
                      "Total Cost": 76805.93,
                      "Plan Rows": 48055,
                      "Plan Width": 8,
                      "Actual Startup Time": 307.001,
                      "Actual Total Time": 307.207,
                      "Actual Rows": 88982,
                      "Actual Loops": 4,
                      "Hash Buckets": 524288,
                      "Original Hash Buckets": 262144,
                      "Hash Batches": 1,
                      "Original Hash Batches": 1,
                      "Peak Memory Usage": 20160,
                      "Plans": [
                        {
                          "Node Type": "Hash Join",
                          "Parent Relationship": "Outer",
                          "Parallel Aware": true,
                          "Join Type": "Inner",
                          "Startup Cost": 46349.59,
                          "Total Cost": 76805.93,
                          "Plan Rows": 48055,
                          "Plan Width": 8,
                          "Actual Startup Time": 167.122,
                          "Actual Total Time": 275.473,
                          "Actual Rows": 88982,
                          "Actual Loops": 4,
                          "Inner Unique": true,
                          "Hash Cond": "(mc.movie_id = t.id)",
                          "Plans": [
                            {
                              "Node Type": "Seq Scan",
                              "Parent Relationship": "Outer",
                              "Parallel Aware": true,
                              "Relation Name": "movie_companies",
                              "Alias": "mc",
                              "Startup Cost": 0.0,
                              "Total Cost": 29310.68,
                              "Plan Rows": 436442,
                              "Plan Width": 4,
                              "Actual Startup Time": 0.01,
                              "Actual Total Time": 71.394,
                              "Actual Rows": 340485,
                              "Actual Loops": 4,
                              "Filter": "(company_id < 11695)",
                              "Rows Removed by Filter": 311798
                            },
                            {
                              "Node Type": "Hash",
                              "Parent Relationship": "Inner",
                              "Parallel Aware": true,
                              "Startup Cost": 45479.59,
                              "Total Cost": 45479.59,
                              "Plan Rows": 69600,
                              "Plan Width": 4,
                              "Actual Startup Time": 129.636,
                              "Actual Total Time": 129.637,
                              "Actual Rows": 95574,
                              "Actual Loops": 4,
                              "Hash Buckets": 524288,
                              "Original Hash Buckets": 524288,
                              "Hash Batches": 1,
                              "Original Hash Batches": 1,
                              "Peak Memory Usage": 19136,
                              "Plans": [
                                {
                                  "Node Type": "Seq Scan",
                                  "Parent Relationship": "Outer",
                                  "Parallel Aware": true,
                                  "Relation Name": "title",
                                  "Alias": "t",
                                  "Startup Cost": 0.0,
                                  "Total Cost": 45479.59,
                                  "Plan Rows": 69600,
                                  "Plan Width": 4,
                                  "Actual Startup Time": 53.271,
                                  "Actual Total Time": 97.734,
                                  "Actual Rows": 95574,
                                  "Actual Loops": 4,
                                  "Filter": "((kind_id < 2) AND (production_year < 2001))",
                                  "Rows Removed by Filter": 536504
                                }
                              ]
                            }
                          ]
                        }
                      ]
                    }
                  ]
                }
              ]
            }
          ]
        }
      ]
    },
    "Planning Time": 0.531,
    "Triggers": [],
    "Execution Time": 796.097
  }
]