{
  "Plan": {
    "Node Type": "Aggregate",
    "Strategy": "Plain",
    "Partial Mode": "Finalize",
    "Parallel Aware": false,
    "Startup Cost": 102894.23,
    "Total Cost": 102894.24,
    "Plan Rows": 1,
    "Plan Width": 8,
    "Actual Startup Time": 431.875,
    "Actual Total Time": 452.268,
    "Actual Rows": 1,
    "Actual Loops": 1,
    "Plans": [
      {
        "Node Type": "Gather",
        "Parent Relationship": "Outer",
        "Parallel Aware": false,
        "Startup Cost": 102894.12,
        "Total Cost": 102894.23,
        "Plan Rows": 1,
        "Plan Width": 8,
        "Actual Startup Time": 430.286,
        "Actual Total Time": 452.26,
        "Actual Rows": 2,
        "Actual Loops": 1,
        "Workers Planned": 1,
        "Workers Launched": 1,
        "Single Copy": false,
        "Plans": [
          {
            "Node Type": "Aggregate",
            "Strategy": "Plain",
            "Partial Mode": "Partial",
            "Parent Relationship": "Outer",
            "Parallel Aware": false,
            "Startup Cost": 101894.12,
            "Total Cost": 101894.13,
            "Plan Rows": 1,
            "Plan Width": 8,
            "Actual Startup Time": 424.408,
            "Actual Total Time": 424.572,
            "Actual Rows": 1,
            "Actual Loops": 2,
            "Plans": [
              {
                "Node Type": "Hash Join",
                "Parent Relationship": "Outer",
                "Parallel Aware": true,
                "Join Type": "Inner",
                "Startup Cost": 72144.18,
                "Total Cost": 101830.88,
                "Plan Rows": 25295,
                "Plan Width": 0,
                "Actual Startup Time": 268.236,
                "Actual Total Time": 420.398,
                "Actual Rows": 73394,
                "Actual Loops": 2,
                "Inner Unique": true,
                "Hash Cond": "(mk.movie_id = t.id)",
                "Plans": [
                  {
                    "Node Type": "Bitmap Heap Scan",
                    "Parent Relationship": "Outer",
                    "Parallel Aware": true,
                    "Relation Name": "movie_keyword",
                    "Alias": "mk",
                    "Startup Cost": 12478.51,
                    "Total Cost": 41257.06,
                    "Plan Rows": 345964,
                    "Plan Width": 4,
                    "Actual Startup Time": 53.23,
                    "Actual Total Time": 141.212,
                    "Actual Rows": 300986,
                    "Actual Loops": 2,
                    "Recheck Cond": "(keyword_id < 446)",
                    "Rows Removed by Index Recheck": 0,
                    "Exact Heap Blocks": 14966,
                    "Lossy Heap Blocks": 0,
                    "Plans": [
                      {
                        "Node Type": "Bitmap Index Scan",
                        "Parent Relationship": "Outer",
                        "Parallel Aware": false,
                        "Index Name": "keyword_id_movie_keyword",
                        "Startup Cost": 0.0,
                        "Total Cost": 12331.48,
                        "Plan Rows": 588139,
                        "Plan Width": 0,
                        "Actual Startup Time": 47.404,
                        "Actual Total Time": 47.405,
                        "Actual Rows": 601971,
                        "Actual Loops": 1,
                        "Index Cond": "(keyword_id < 446)"
                      }
                    ]
                  },
                  {
                    "Node Type": "Hash",
                    "Parent Relationship": "Inner",
                    "Parallel Aware": true,
                    "Startup Cost": 58306.47,
                    "Total Cost": 58306.47,
                    "Plan Rows": 108736,
                    "Plan Width": 4,
                    "Actual Startup Time": 211.392,
                    "Actual Total Time": 211.393,
                    "Actual Rows": 147158,
                    "Actual Loops": 2,
                    "Hash Buckets": 524288,
                    "Original Hash Buckets": 262144,
                    "Hash Batches": 1,
                    "Original Hash Batches": 1,
                    "Peak Memory Usage": 17696,
                    "Plans": [
                      {
                        "Node Type": "Seq Scan",
                        "Parent Relationship": "Outer",
                        "Parallel Aware": true,
                        "Relation Name": "title",
                        "Alias": "t",
                        "Startup Cost": 0.0,
                        "Total Cost": 58306.47,
                        "Plan Rows": 108736,
                        "Plan Width": 4,
                        "Actual Startup Time": 0.09,
                        "Actual Total Time": 164.711,
                        "Actual Rows": 147158,
                        "Actual Loops": 2,
                        "Filter": "((kind_id < 7) AND (production_year < 1978))",
                        "Rows Removed by Filter": 1116998
                      }
                    ]
                  }
                ]
              }
            ]
          }
        ]
      }
    ]
  },
  "Planning Time": 0.473,
  "Triggers": [],
  "Execution Time": 452.363
}