[
  {
    "Plan": {
      "Node Type": "Aggregate",
      "Strategy": "Plain",
      "Partial Mode": "Finalize",
      "Parallel Aware": false,
      "Startup Cost": 46811.83,
      "Total Cost": 46811.84,
      "Plan Rows": 1,
      "Plan Width": 8,
      "Actual Startup Time": 166.261,
      "Actual Total Time": 176.305,
      "Actual Rows": 1,
      "Actual Loops": 1,
      "Plans": [
        {
          "Node Type": "Gather",
          "Parent Relationship": "Outer",
          "Parallel Aware": false,
          "Startup Cost": 46811.51,
          "Total Cost": 46811.82,
          "Plan Rows": 3,
          "Plan Width": 8,
          "Actual Startup Time": 166.087,
          "Actual Total Time": 176.293,
          "Actual Rows": 4,
          "Actual Loops": 1,
          "Workers Planned": 3,
          "Workers Launched": 3,
          "Single Copy": false,
          "Plans": [
            {
              "Node Type": "Aggregate",
              "Strategy": "Plain",
              "Partial Mode": "Partial",
              "Parent Relationship": "Outer",
              "Parallel Aware": false,
              "Startup Cost": 45811.51,
              "Total Cost": 45811.52,
              "Plan Rows": 1,
              "Plan Width": 8,
              "Actual Startup Time": 162.135,
              "Actual Total Time": 162.137,
              "Actual Rows": 1,
              "Actual Loops": 4,
              "Plans": [
                {
                  "Node Type": "Seq Scan",
                  "Parent Relationship": "Outer",
                  "Parallel Aware": true,
                  "Relation Name": "movie_keyword",
                  "Alias": "mk",
                  "Startup Cost": 0.0,
                  "Total Cost": 42695.65,
                  "Plan Rows": 1246344,
                  "Plan Width": 0,
                  "Actual Startup Time": 0.034,
                  "Actual Total Time": 118.854,
                  "Actual Rows": 965090,
                  "Actual Loops": 4,
                  "Filter": "(keyword_id < 28304)",
                  "Rows Removed by Filter": 165893
                }
              ]
            }
          ]
        }
      ]
    },
    "Planning Time": 0.107,
    "Triggers": [],
    "Execution Time": 176.338
  }
]