{
    "Plan": {
        "Node Type": "Aggregate",
        "Strategy": "Plain",
        "Partial Mode": "Finalize",
        "Parallel Aware": false,
        "Startup Cost": 75999.22,
        "Total Cost": 75999.23,
        "Plan Rows": 1,
        "Plan Width": 8,
        "Actual Startup Time": 269.468,
        "Actual Total Time": 285.708,
        "Actual Rows": 1,
        "Actual Loops": 1,
        "Output": [
            "count(*)"
        ],
        "Plans": [
            {
                "Node Type": "Gather",
                "Parent Relationship": "Outer",
                "Parallel Aware": false,
                "Startup Cost": 75998.9,
                "Total Cost": 75999.21,
                "Plan Rows": 3,
                "Plan Width": 8,
                "Actual Startup Time": 268.847,
                "Actual Total Time": 285.699,
                "Actual Rows": 4,
                "Actual Loops": 1,
                "Output": [
                    "(PARTIAL count(*))"
                ],
                "Workers Planned": 3,
                "Workers Launched": 3,
                "Single Copy": false,
                "Plans": [
                    {
                        "Node Type": "Aggregate",
                        "Strategy": "Plain",
                        "Partial Mode": "Partial",
                        "Parent Relationship": "Outer",
                        "Parallel Aware": false,
                        "Startup Cost": 74998.9,
                        "Total Cost": 74998.91,
                        "Plan Rows": 1,
                        "Plan Width": 8,
                        "Actual Startup Time": 260.219,
                        "Actual Total Time": 260.222,
                        "Actual Rows": 1,
                        "Actual Loops": 4,
                        "Output": [
                            "PARTIAL count(*)"
                        ],
                        "Workers": [
                            {
                                "Worker Number": 0,
                                "Actual Startup Time": 257.479,
                                "Actual Total Time": 257.482,
                                "Actual Rows": 1,
                                "Actual Loops": 1
                            },
                            {
                                "Worker Number": 1,
                                "Actual Startup Time": 257.648,
                                "Actual Total Time": 257.651,
                                "Actual Rows": 1,
                                "Actual Loops": 1
                            },
                            {
                                "Worker Number": 2,
                                "Actual Startup Time": 257.641,
                                "Actual Total Time": 257.644,
                                "Actual Rows": 1,
                                "Actual Loops": 1
                            }
                        ],
                        "Plans": [
                            {
                                "Node Type": "Hash Join",
                                "Parent Relationship": "Outer",
                                "Parallel Aware": true,
                                "Join Type": "Inner",
                                "Startup Cost": 44215.34,
                                "Total Cost": 74944.8,
                                "Plan Rows": 21640,
                                "Plan Width": 0,
                                "Actual Startup Time": 126.997,
                                "Actual Total Time": 257.554,
                                "Actual Rows": 45077,
                                "Actual Loops": 4,
                                "Inner Unique": true,
                                "Hash Cond": "(mc.movie_id = t.id)",
                                "Workers": [
                                    {
                                        "Worker Number": 0,
                                        "Actual Startup Time": 124.194,
                                        "Actual Total Time": 254.882,
                                        "Actual Rows": 37636,
                                        "Actual Loops": 1
                                    },
                                    {
                                        "Worker Number": 1,
                                        "Actual Startup Time": 124.45,
                                        "Actual Total Time": 255.007,
                                        "Actual Rows": 37800,
                                        "Actual Loops": 1
                                    },
                                    {
                                        "Worker Number": 2,
                                        "Actual Startup Time": 124.435,
                                        "Actual Total Time": 255.092,
                                        "Actual Rows": 36913,
                                        "Actual Loops": 1
                                    }
                                ],
                                "Plans": [
                                    {
                                        "Node Type": "Seq Scan",
                                        "Parent Relationship": "Outer",
                                        "Parallel Aware": true,
                                        "Relation Name": "movie_companies",
                                        "Schema": "public",
                                        "Alias": "mc",
                                        "Startup Cost": 0.0,
                                        "Total Cost": 29310.68,
                                        "Plan Rows": 540486,
                                        "Plan Width": 4,
                                        "Actual Startup Time": 1.491,
                                        "Actual Total Time": 82.695,
                                        "Actual Rows": 419478,
                                        "Actual Loops": 4,
                                        "Output": [
                                            "mc.id",
                                            "mc.movie_id",
                                            "mc.company_id",
                                            "mc.company_type_id",
                                            "mc.note"
                                        ],
                                        "Filter": "(mc.company_id > 3334)",
                                        "Rows Removed by Filter": 232805,
                                        "Workers": [
                                            {
                                                "Worker Number": 0,
                                                "Actual Startup Time": 1.486,
                                                "Actual Total Time": 83.004,
                                                "Actual Rows": 349050,
                                                "Actual Loops": 1
                                            },
                                            {
                                                "Worker Number": 1,
                                                "Actual Startup Time": 1.465,
                                                "Actual Total Time": 82.914,
                                                "Actual Rows": 349380,
                                                "Actual Loops": 1
                                            },
                                            {
                                                "Worker Number": 2,
                                                "Actual Startup Time": 1.524,
                                                "Actual Total Time": 82.926,
                                                "Actual Rows": 347106,
                                                "Actual Loops": 1
                                            }
                                        ]
                                    },
                                    {
                                        "Node Type": "Hash",
                                        "Parent Relationship": "Inner",
                                        "Parallel Aware": true,
                                        "Startup Cost": 43899.01,
                                        "Total Cost": 43899.01,
                                        "Plan Rows": 25307,
                                        "Plan Width": 4,
                                        "Actual Startup Time": 112.071,
                                        "Actual Total Time": 112.072,
                                        "Actual Rows": 24645,
                                        "Actual Loops": 4,
                                        "Output": [
                                            "t.id"
                                        ],
                                        "Hash Buckets": 131072,
                                        "Original Hash Buckets": 131072,
                                        "Hash Batches": 1,
                                        "Original Hash Batches": 1,
                                        "Peak Memory Usage": 4928,
                                        "Workers": [
                                            {
                                                "Worker Number": 0,
                                                "Actual Startup Time": 110.548,
                                                "Actual Total Time": 110.549,
                                                "Actual Rows": 20884,
                                                "Actual Loops": 1
                                            },
                                            {
                                                "Worker Number": 1,
                                                "Actual Startup Time": 110.763,
                                                "Actual Total Time": 110.764,
                                                "Actual Rows": 20416,
                                                "Actual Loops": 1
                                            },
                                            {
                                                "Worker Number": 2,
                                                "Actual Startup Time": 110.776,
                                                "Actual Total Time": 110.777,
                                                "Actual Rows": 20130,
                                                "Actual Loops": 1
                                            }
                                        ],
                                        "Plans": [
                                            {
                                                "Node Type": "Seq Scan",
                                                "Parent Relationship": "Outer",
                                                "Parallel Aware": true,
                                                "Relation Name": "title",
                                                "Schema": "public",
                                                "Alias": "t",
                                                "Startup Cost": 0.0,
                                                "Total Cost": 43899.01,
                                                "Plan Rows": 25307,
                                                "Plan Width": 4,
                                                "Actual Startup Time": 49.504,
                                                "Actual Total Time": 104.294,
                                                "Actual Rows": 24645,
                                                "Actual Loops": 4,
                                                "Output": [
                                                    "t.id"
                                                ],
                                                "Filter": "(t.production_year < 1924)",
                                                "Rows Removed by Filter": 607433,
                                                "Workers": [
                                                    {
                                                        "Worker Number": 0,
                                                        "Actual Startup Time": 64.645,
                                                        "Actual Total Time": 103.534,
                                                        "Actual Rows": 20884,
                                                        "Actual Loops": 1
                                                    },
                                                    {
                                                        "Worker Number": 1,
                                                        "Actual Startup Time": 41.449,
                                                        "Actual Total Time": 102.997,
                                                        "Actual Rows": 20416,
                                                        "Actual Loops": 1
                                                    },
                                                    {
                                                        "Worker Number": 2,
                                                        "Actual Startup Time": 43.648,
                                                        "Actual Total Time": 102.926,
                                                        "Actual Rows": 20130,
                                                        "Actual Loops": 1
                                                    }
                                                ]
                                            }
                                        ]
                                    }
                                ]
                            }
                        ]
                    }
                ]
            }
        ]
    },
    "Planning Time": 0.715,
    "Triggers": [],
    "Execution Time": 285.779
}