[
  {
    "Plan": {
      "Node Type": "Aggregate",
      "Strategy": "Plain",
      "Partial Mode": "Finalize",
      "Parallel Aware": false,
      "Startup Cost": 80083.66,
      "Total Cost": 80083.67,
      "Plan Rows": 1,
      "Plan Width": 8,
      "Actual Startup Time": 291.552,
      "Actual Total Time": 308.078,
      "Actual Rows": 1,
      "Actual Loops": 1,
      "Plans": [
        {
          "Node Type": "Gather",
          "Parent Relationship": "Outer",
          "Parallel Aware": false,
          "Startup Cost": 80083.34,
          "Total Cost": 80083.65,
          "Plan Rows": 3,
          "Plan Width": 8,
          "Actual Startup Time": 289.362,
          "Actual Total Time": 308.068,
          "Actual Rows": 4,
          "Actual Loops": 1,
          "Workers Planned": 3,
          "Workers Launched": 3,
          "Single Copy": false,
          "Plans": [
            {
              "Node Type": "Aggregate",
              "Strategy": "Plain",
              "Partial Mode": "Partial",
              "Parent Relationship": "Outer",
              "Parallel Aware": false,
              "Startup Cost": 79083.34,
              "Total Cost": 79083.35,
              "Plan Rows": 1,
              "Plan Width": 8,
              "Actual Startup Time": 280.928,
              "Actual Total Time": 280.932,
              "Actual Rows": 1,
              "Actual Loops": 4,
              "Plans": [
                {
                  "Node Type": "Hash Join",
                  "Parent Relationship": "Outer",
                  "Parallel Aware": true,
                  "Join Type": "Inner",
                  "Startup Cost": 46801.64,
                  "Total Cost": 78964.15,
                  "Plan Rows": 47679,
                  "Plan Width": 0,
                  "Actual Startup Time": 170.523,
                  "Actual Total Time": 277.748,
                  "Actual Rows": 53487,
                  "Actual Loops": 4,
                  "Inner Unique": true,
                  "Hash Cond": "(mc.movie_id = t.id)",
                  "Plans": [
                    {
                      "Node Type": "Seq Scan",
                      "Parent Relationship": "Outer",
                      "Parallel Aware": true,
                      "Relation Name": "movie_companies",
                      "Alias": "mc",
                      "Startup Cost": 0.0,
                      "Total Cost": 31414.82,
                      "Plan Rows": 284835,
                      "Plan Width": 4,
                      "Actual Startup Time": 0.685,
                      "Actual Total Time": 83.576,
                      "Actual Rows": 174986,
                      "Actual Loops": 4,
                      "Filter": "((company_id > 1841) AND (company_type_id = 1))",
                      "Rows Removed by Filter": 477296
                    },
                    {
                      "Node Type": "Hash",
                      "Parent Relationship": "Inner",
                      "Parallel Aware": true,
                      "Startup Cost": 45479.1,
                      "Total Cost": 45479.1,
                      "Plan Rows": 105803,
                      "Plan Width": 4,
                      "Actual Startup Time": 151.006,
                      "Actual Total Time": 151.007,
                      "Actual Rows": 77274,
                      "Actual Loops": 4,
                      "Hash Buckets": 524288,
                      "Original Hash Buckets": 524288,
                      "Hash Batches": 1,
                      "Original Hash Batches": 1,
                      "Peak Memory Usage": 16288,
                      "Plans": [
                        {
                          "Node Type": "Seq Scan",
                          "Parent Relationship": "Outer",
                          "Parallel Aware": true,
                          "Relation Name": "title",
                          "Alias": "t",
                          "Startup Cost": 0.0,
                          "Total Cost": 45479.1,
                          "Plan Rows": 105803,
                          "Plan Width": 4,
                          "Actual Startup Time": 51.792,
                          "Actual Total Time": 120.817,
                          "Actual Rows": 77274,
                          "Actual Loops": 4,
                          "Filter": "((production_year > 1995) AND (kind_id = 1))",
                          "Rows Removed by Filter": 554804
                        }
                      ]
                    }
                  ]
                }
              ]
            }
          ]
        }
      ]
    },
    "Planning Time": 0.464,
    "Triggers": [],
    "Execution Time": 308.134
  }
]