{
    "Plan": {
        "Node Type": "Aggregate",
        "Strategy": "Plain",
        "Partial Mode": "Finalize",
        "Parallel Aware": false,
        "Startup Cost": 435730.49,
        "Total Cost": 435730.5,
        "Plan Rows": 1,
        "Plan Width": 8,
        "Actual Startup Time": 1152.423,
        "Actual Total Time": 1208.371,
        "Actual Rows": 1,
        "Actual Loops": 1,
        "Output": [
            "count(*)"
        ],
        "Plans": [
            {
                "Node Type": "Gather",
                "Parent Relationship": "Outer",
                "Parallel Aware": false,
                "Startup Cost": 435729.86,
                "Total Cost": 435730.47,
                "Plan Rows": 6,
                "Plan Width": 8,
                "Actual Startup Time": 1144.261,
                "Actual Total Time": 1208.358,
                "Actual Rows": 7,
                "Actual Loops": 1,
                "Output": [
                    "(PARTIAL count(*))"
                ],
                "Workers Planned": 6,
                "Workers Launched": 6,
                "Single Copy": false,
                "Plans": [
                    {
                        "Node Type": "Aggregate",
                        "Strategy": "Plain",
                        "Partial Mode": "Partial",
                        "Parent Relationship": "Outer",
                        "Parallel Aware": false,
                        "Startup Cost": 434729.86,
                        "Total Cost": 434729.87,
                        "Plan Rows": 1,
                        "Plan Width": 8,
                        "Actual Startup Time": 1133.062,
                        "Actual Total Time": 1133.205,
                        "Actual Rows": 1,
                        "Actual Loops": 7,
                        "Output": [
                            "PARTIAL count(*)"
                        ],
                        "Workers": [
                            {
                                "Worker Number": 0,
                                "Actual Startup Time": 1132.006,
                                "Actual Total Time": 1132.012,
                                "Actual Rows": 1,
                                "Actual Loops": 1
                            },
                            {
                                "Worker Number": 1,
                                "Actual Startup Time": 1131.172,
                                "Actual Total Time": 1131.178,
                                "Actual Rows": 1,
                                "Actual Loops": 1
                            },
                            {
                                "Worker Number": 2,
                                "Actual Startup Time": 1131.219,
                                "Actual Total Time": 1131.224,
                                "Actual Rows": 1,
                                "Actual Loops": 1
                            },
                            {
                                "Worker Number": 3,
                                "Actual Startup Time": 1131.242,
                                "Actual Total Time": 1131.245,
                                "Actual Rows": 1,
                                "Actual Loops": 1
                            },
                            {
                                "Worker Number": 4,
                                "Actual Startup Time": 1131.318,
                                "Actual Total Time": 1131.324,
                                "Actual Rows": 1,
                                "Actual Loops": 1
                            },
                            {
                                "Worker Number": 5,
                                "Actual Startup Time": 1131.239,
                                "Actual Total Time": 1131.243,
                                "Actual Rows": 1,
                                "Actual Loops": 1
                            }
                        ],
                        "Plans": [
                            {
                                "Node Type": "Hash Join",
                                "Parent Relationship": "Outer",
                                "Parallel Aware": true,
                                "Join Type": "Inner",
                                "Startup Cost": 83803.44,
                                "Total Cost": 433535.82,
                                "Plan Rows": 477619,
                                "Plan Width": 0,
                                "Actual Startup Time": 627.222,
                                "Actual Total Time": 1120.491,
                                "Actual Rows": 269365,
                                "Actual Loops": 7,
                                "Inner Unique": false,
                                "Hash Cond": "(ci.movie_id = t.id)",
                                "Workers": [
                                    {
                                        "Worker Number": 0,
                                        "Actual Startup Time": 625.432,
                                        "Actual Total Time": 1118.279,
                                        "Actual Rows": 205984,
                                        "Actual Loops": 1
                                    },
                                    {
                                        "Worker Number": 1,
                                        "Actual Startup Time": 625.452,
                                        "Actual Total Time": 1117.257,
                                        "Actual Rows": 209921,
                                        "Actual Loops": 1
                                    },
                                    {
                                        "Worker Number": 2,
                                        "Actual Startup Time": 625.512,
                                        "Actual Total Time": 1118.844,
                                        "Actual Rows": 297982,
                                        "Actual Loops": 1
                                    },
                                    {
                                        "Worker Number": 3,
                                        "Actual Startup Time": 625.516,
                                        "Actual Total Time": 1119.094,
                                        "Actual Rows": 292855,
                                        "Actual Loops": 1
                                    },
                                    {
                                        "Worker Number": 4,
                                        "Actual Startup Time": 625.597,
                                        "Actual Total Time": 1120.555,
                                        "Actual Rows": 248621,
                                        "Actual Loops": 1
                                    },
                                    {
                                        "Worker Number": 5,
                                        "Actual Startup Time": 625.511,
                                        "Actual Total Time": 1118.988,
                                        "Actual Rows": 294255,
                                        "Actual Loops": 1
                                    }
                                ],
                                "Plans": [
                                    {
                                        "Node Type": "Seq Scan",
                                        "Parent Relationship": "Outer",
                                        "Parallel Aware": true,
                                        "Relation Name": "cast_info",
                                        "Schema": "public",
                                        "Alias": "ci",
                                        "Startup Cost": 0.0,
                                        "Total Cost": 343318.94,
                                        "Plan Rows": 1391837,
                                        "Plan Width": 4,
                                        "Actual Startup Time": 325.52,
                                        "Actual Total Time": 607.555,
                                        "Actual Rows": 722657,
                                        "Actual Loops": 7,
                                        "Output": [
                                            "ci.id",
                                            "ci.person_id",
                                            "ci.movie_id",
                                            "ci.person_role_id",
                                            "ci.note",
                                            "ci.nr_order",
                                            "ci.role_id"
                                        ],
                                        "Filter": "((ci.person_id < 1874290) AND (ci.role_id > 2))",
                                        "Rows Removed by Filter": 4455107,
                                        "Workers": [
                                            {
                                                "Worker Number": 0,
                                                "Actual Startup Time": 325.458,
                                                "Actual Total Time": 619.116,
                                                "Actual Rows": 558664,
                                                "Actual Loops": 1
                                            },
                                            {
                                                "Worker Number": 1,
                                                "Actual Startup Time": 325.544,
                                                "Actual Total Time": 620.732,
                                                "Actual Rows": 556400,
                                                "Actual Loops": 1
                                            },
                                            {
                                                "Worker Number": 2,
                                                "Actual Startup Time": 325.464,
                                                "Actual Total Time": 608.788,
                                                "Actual Rows": 788289,
                                                "Actual Loops": 1
                                            },
                                            {
                                                "Worker Number": 3,
                                                "Actual Startup Time": 325.537,
                                                "Actual Total Time": 608.38,
                                                "Actual Rows": 793626,
                                                "Actual Loops": 1
                                            },
                                            {
                                                "Worker Number": 4,
                                                "Actual Startup Time": 325.533,
                                                "Actual Total Time": 593.242,
                                                "Actual Rows": 668208,
                                                "Actual Loops": 1
                                            },
                                            {
                                                "Worker Number": 5,
                                                "Actual Startup Time": 325.553,
                                                "Actual Total Time": 611.262,
                                                "Actual Rows": 787742,
                                                "Actual Loops": 1
                                            }
                                        ]
                                    },
                                    {
                                        "Node Type": "Hash",
                                        "Parent Relationship": "Inner",
                                        "Parallel Aware": true,
                                        "Startup Cost": 81092.15,
                                        "Total Cost": 81092.15,
                                        "Plan Rows": 216903,
                                        "Plan Width": 8,
                                        "Actual Startup Time": 298.234,
                                        "Actual Total Time": 298.376,
                                        "Actual Rows": 78617,
                                        "Actual Loops": 7,
                                        "Output": [
                                            "t.id",
                                            "mc.movie_id"
                                        ],
                                        "Hash Buckets": 1048576,
                                        "Original Hash Buckets": 1048576,
                                        "Hash Batches": 1,
                                        "Original Hash Batches": 1,
                                        "Peak Memory Usage": 29824,
                                        "Workers": [
                                            {
                                                "Worker Number": 0,
                                                "Actual Startup Time": 299.153,
                                                "Actual Total Time": 299.157,
                                                "Actual Rows": 61734,
                                                "Actual Loops": 1
                                            },
                                            {
                                                "Worker Number": 1,
                                                "Actual Startup Time": 299.262,
                                                "Actual Total Time": 299.266,
                                                "Actual Rows": 62767,
                                                "Actual Loops": 1
                                            },
                                            {
                                                "Worker Number": 2,
                                                "Actual Startup Time": 299.156,
                                                "Actual Total Time": 299.16,
                                                "Actual Rows": 85627,
                                                "Actual Loops": 1
                                            },
                                            {
                                                "Worker Number": 3,
                                                "Actual Startup Time": 299.269,
                                                "Actual Total Time": 299.271,
                                                "Actual Rows": 85724,
                                                "Actual Loops": 1
                                            },
                                            {
                                                "Worker Number": 4,
                                                "Actual Startup Time": 299.375,
                                                "Actual Total Time": 299.379,
                                                "Actual Rows": 68717,
                                                "Actual Loops": 1
                                            },
                                            {
                                                "Worker Number": 5,
                                                "Actual Startup Time": 299.227,
                                                "Actual Total Time": 299.23,
                                                "Actual Rows": 87859,
                                                "Actual Loops": 1
                                            }
                                        ],
                                        "Plans": [
                                            {
                                                "Node Type": "Hash Join",
                                                "Parent Relationship": "Outer",
                                                "Parallel Aware": true,
                                                "Join Type": "Inner",
                                                "Startup Cost": 34913.26,
                                                "Total Cost": 81092.15,
                                                "Plan Rows": 216903,
                                                "Plan Width": 8,
                                                "Actual Startup Time": 104.419,
                                                "Actual Total Time": 259.027,
                                                "Actual Rows": 78617,
                                                "Actual Loops": 7,
                                                "Output": [
                                                    "t.id",
                                                    "mc.movie_id"
                                                ],
                                                "Inner Unique": false,
                                                "Hash Cond": "(t.id = mc.movie_id)",
                                                "Workers": [
                                                    {
                                                        "Worker Number": 0,
                                                        "Actual Startup Time": 104.462,
                                                        "Actual Total Time": 259.07,
                                                        "Actual Rows": 61734,
                                                        "Actual Loops": 1
                                                    },
                                                    {
                                                        "Worker Number": 1,
                                                        "Actual Startup Time": 104.421,
                                                        "Actual Total Time": 259.918,
                                                        "Actual Rows": 62767,
                                                        "Actual Loops": 1
                                                    },
                                                    {
                                                        "Worker Number": 2,
                                                        "Actual Startup Time": 104.383,
                                                        "Actual Total Time": 258.436,
                                                        "Actual Rows": 85627,
                                                        "Actual Loops": 1
                                                    },
                                                    {
                                                        "Worker Number": 3,
                                                        "Actual Startup Time": 104.413,
                                                        "Actual Total Time": 258.687,
                                                        "Actual Rows": 85724,
                                                        "Actual Loops": 1
                                                    },
                                                    {
                                                        "Worker Number": 4,
                                                        "Actual Startup Time": 104.377,
                                                        "Actual Total Time": 259.751,
                                                        "Actual Rows": 68717,
                                                        "Actual Loops": 1
                                                    },
                                                    {
                                                        "Worker Number": 5,
                                                        "Actual Startup Time": 104.414,
                                                        "Actual Total Time": 259.464,
                                                        "Actual Rows": 87859,
                                                        "Actual Loops": 1
                                                    }
                                                ],
                                                "Plans": [
                                                    {
                                                        "Node Type": "Seq Scan",
                                                        "Parent Relationship": "Outer",
                                                        "Parallel Aware": true,
                                                        "Relation Name": "title",
                                                        "Schema": "public",
                                                        "Alias": "t",
                                                        "Startup Cost": 0.0,
                                                        "Total Cost": 42318.81,
                                                        "Plan Rows": 632080,
                                                        "Plan Width": 4,
                                                        "Actual Startup Time": 0.024,
                                                        "Actual Total Time": 53.066,
                                                        "Actual Rows": 361187,
                                                        "Actual Loops": 7,
                                                        "Output": [
                                                            "t.id",
                                                            "t.title",
                                                            "t.imdb_index",
                                                            "t.kind_id",
                                                            "t.production_year",
                                                            "t.imdb_id",
                                                            "t.phonetic_code",
                                                            "t.episode_of_id",
                                                            "t.season_nr",
                                                            "t.episode_nr",
                                                            "t.series_years",
                                                            "t.md5sum"
                                                        ],
                                                        "Workers": [
                                                            {
                                                                "Worker Number": 0,
                                                                "Actual Startup Time": 0.033,
                                                                "Actual Total Time": 57.194,
                                                                "Actual Rows": 281818,
                                                                "Actual Loops": 1
                                                            },
                                                            {
                                                                "Worker Number": 1,
                                                                "Actual Startup Time": 0.025,
                                                                "Actual Total Time": 57.879,
                                                                "Actual Rows": 285973,
                                                                "Actual Loops": 1
                                                            },
                                                            {
                                                                "Worker Number": 2,
                                                                "Actual Startup Time": 0.025,
                                                                "Actual Total Time": 54.537,
                                                                "Actual Rows": 394295,
                                                                "Actual Loops": 1
                                                            },
                                                            {
                                                                "Worker Number": 3,
                                                                "Actual Startup Time": 0.02,
                                                                "Actual Total Time": 54.42,
                                                                "Actual Rows": 394755,
                                                                "Actual Loops": 1
                                                            },
                                                            {
                                                                "Worker Number": 4,
                                                                "Actual Startup Time": 0.03,
                                                                "Actual Total Time": 51.81,
                                                                "Actual Rows": 314078,
                                                                "Actual Loops": 1
                                                            },
                                                            {
                                                                "Worker Number": 5,
                                                                "Actual Startup Time": 0.031,
                                                                "Actual Total Time": 55.128,
                                                                "Actual Rows": 403377,
                                                                "Actual Loops": 1
                                                            }
                                                        ]
                                                    },
                                                    {
                                                        "Node Type": "Hash",
                                                        "Parent Relationship": "Inner",
                                                        "Parallel Aware": true,
                                                        "Startup Cost": 31414.82,
                                                        "Total Cost": 31414.82,
                                                        "Plan Rows": 279875,
                                                        "Plan Width": 4,
                                                        "Actual Startup Time": 102.827,
                                                        "Actual Total Time": 102.828,
                                                        "Actual Rows": 78617,
                                                        "Actual Loops": 7,
                                                        "Output": [
                                                            "mc.movie_id"
                                                        ],
                                                        "Hash Buckets": 1048576,
                                                        "Original Hash Buckets": 1048576,
                                                        "Hash Batches": 1,
                                                        "Original Hash Batches": 1,
                                                        "Peak Memory Usage": 29856,
                                                        "Workers": [
                                                            {
                                                                "Worker Number": 0,
                                                                "Actual Startup Time": 104.306,
                                                                "Actual Total Time": 104.307,
                                                                "Actual Rows": 57283,
                                                                "Actual Loops": 1
                                                            },
                                                            {
                                                                "Worker Number": 1,
                                                                "Actual Startup Time": 104.33,
                                                                "Actual Total Time": 104.331,
                                                                "Actual Rows": 56914,
                                                                "Actual Loops": 1
                                                            },
                                                            {
                                                                "Worker Number": 2,
                                                                "Actual Startup Time": 104.273,
                                                                "Actual Total Time": 104.274,
                                                                "Actual Rows": 86083,
                                                                "Actual Loops": 1
                                                            },
                                                            {
                                                                "Worker Number": 3,
                                                                "Actual Startup Time": 104.311,
                                                                "Actual Total Time": 104.312,
                                                                "Actual Rows": 86264,
                                                                "Actual Loops": 1
                                                            },
                                                            {
                                                                "Worker Number": 4,
                                                                "Actual Startup Time": 104.224,
                                                                "Actual Total Time": 104.225,
                                                                "Actual Rows": 73667,
                                                                "Actual Loops": 1
                                                            },
                                                            {
                                                                "Worker Number": 5,
                                                                "Actual Startup Time": 104.293,
                                                                "Actual Total Time": 104.294,
                                                                "Actual Rows": 87379,
                                                                "Actual Loops": 1
                                                            }
                                                        ],
                                                        "Plans": [
                                                            {
                                                                "Node Type": "Seq Scan",
                                                                "Parent Relationship": "Outer",
                                                                "Parallel Aware": true,
                                                                "Relation Name": "movie_companies",
                                                                "Schema": "public",
                                                                "Alias": "mc",
                                                                "Startup Cost": 0.0,
                                                                "Total Cost": 31414.82,
                                                                "Plan Rows": 279875,
                                                                "Plan Width": 4,
                                                                "Actual Startup Time": 40.438,
                                                                "Actual Total Time": 64.84,
                                                                "Actual Rows": 78617,
                                                                "Actual Loops": 7,
                                                                "Output": [
                                                                    "mc.movie_id"
                                                                ],
                                                                "Filter": "((mc.company_id < 20738) AND (mc.company_type_id = 2))",
                                                                "Rows Removed by Filter": 294116,
                                                                "Workers": [
                                                                    {
                                                                        "Worker Number": 0,
                                                                        "Actual Startup Time": 40.425,
                                                                        "Actual Total Time": 66.27,
                                                                        "Actual Rows": 57283,
                                                                        "Actual Loops": 1
                                                                    },
                                                                    {
                                                                        "Worker Number": 1,
                                                                        "Actual Startup Time": 40.459,
                                                                        "Actual Total Time": 65.871,
                                                                        "Actual Rows": 56914,
                                                                        "Actual Loops": 1
                                                                    },
                                                                    {
                                                                        "Worker Number": 2,
                                                                        "Actual Startup Time": 40.423,
                                                                        "Actual Total Time": 64.688,
                                                                        "Actual Rows": 86083,
                                                                        "Actual Loops": 1
                                                                    },
                                                                    {
                                                                        "Worker Number": 3,
                                                                        "Actual Startup Time": 40.447,
                                                                        "Actual Total Time": 65.118,
                                                                        "Actual Rows": 86264,
                                                                        "Actual Loops": 1
                                                                    },
                                                                    {
                                                                        "Worker Number": 4,
                                                                        "Actual Startup Time": 40.411,
                                                                        "Actual Total Time": 63.76,
                                                                        "Actual Rows": 73667,
                                                                        "Actual Loops": 1
                                                                    },
                                                                    {
                                                                        "Worker Number": 5,
                                                                        "Actual Startup Time": 40.428,
                                                                        "Actual Total Time": 65.372,
                                                                        "Actual Rows": 87379,
                                                                        "Actual Loops": 1
                                                                    }
                                                                ]
                                                            }
                                                        ]
                                                    }
                                                ]
                                            }
                                        ]
                                    }
                                ]
                            }
                        ]
                    }
                ]
            }
        ]
    },
    "Planning Time": 1.654,
    "Triggers": [],
    "Execution Time": 1208.485
}