[
  {
    "Plan": {
      "Node Type": "Aggregate",
      "Strategy": "Plain",
      "Partial Mode": "Finalize",
      "Parallel Aware": false,
      "Startup Cost": 46020.84,
      "Total Cost": 46020.85,
      "Plan Rows": 1,
      "Plan Width": 8,
      "Actual Startup Time": 144.891,
      "Actual Total Time": 152.007,
      "Actual Rows": 1,
      "Actual Loops": 1,
      "Plans": [
        {
          "Node Type": "Gather",
          "Parent Relationship": "Outer",
          "Parallel Aware": false,
          "Startup Cost": 46020.52,
          "Total Cost": 46020.83,
          "Plan Rows": 3,
          "Plan Width": 8,
          "Actual Startup Time": 144.801,
          "Actual Total Time": 151.996,
          "Actual Rows": 4,
          "Actual Loops": 1,
          "Workers Planned": 3,
          "Workers Launched": 3,
          "Single Copy": false,
          "Plans": [
            {
              "Node Type": "Aggregate",
              "Strategy": "Plain",
              "Partial Mode": "Partial",
              "Parent Relationship": "Outer",
              "Parallel Aware": false,
              "Startup Cost": 45020.52,
              "Total Cost": 45020.53,
              "Plan Rows": 1,
              "Plan Width": 8,
              "Actual Startup Time": 140.783,
              "Actual Total Time": 140.784,
              "Actual Rows": 1,
              "Actual Loops": 4,
              "Plans": [
                {
                  "Node Type": "Seq Scan",
                  "Parent Relationship": "Outer",
                  "Parallel Aware": true,
                  "Relation Name": "movie_keyword",
                  "Alias": "mk",
                  "Startup Cost": 0.0,
                  "Total Cost": 42695.65,
                  "Plan Rows": 929948,
                  "Plan Width": 0,
                  "Actual Startup Time": 0.033,
                  "Actual Total Time": 108.417,
                  "Actual Rows": 724112,
                  "Actual Loops": 4,
                  "Filter": "(keyword_id < 9165)",
                  "Rows Removed by Filter": 406871
                }
              ]
            }
          ]
        }
      ]
    },
    "Planning Time": 0.189,
    "Triggers": [],
    "Execution Time": 152.065
  }
]