{
  "Plan": {
    "Node Type": "Aggregate",
    "Strategy": "Plain",
    "Partial Mode": "Finalize",
    "Parallel Aware": false,
    "Startup Cost": 131177.24,
    "Total Cost": 131177.25,
    "Plan Rows": 1,
    "Plan Width": 8,
    "Actual Startup Time": 863.615,
    "Actual Total Time": 883.635,
    "Actual Rows": 1,
    "Actual Loops": 1,
    "Plans": [
      {
        "Node Type": "Gather",
        "Parent Relationship": "Outer",
        "Parallel Aware": false,
        "Startup Cost": 131177.13,
        "Total Cost": 131177.24,
        "Plan Rows": 1,
        "Plan Width": 8,
        "Actual Startup Time": 858.85,
        "Actual Total Time": 883.626,
        "Actual Rows": 2,
        "Actual Loops": 1,
        "Workers Planned": 1,
        "Workers Launched": 1,
        "Single Copy": false,
        "Plans": [
          {
            "Node Type": "Aggregate",
            "Strategy": "Plain",
            "Partial Mode": "Partial",
            "Parent Relationship": "Outer",
            "Parallel Aware": false,
            "Startup Cost": 130177.13,
            "Total Cost": 130177.14,
            "Plan Rows": 1,
            "Plan Width": 8,
            "Actual Startup Time": 853.716,
            "Actual Total Time": 854.278,
            "Actual Rows": 1,
            "Actual Loops": 2,
            "Plans": [
              {
                "Node Type": "Hash Join",
                "Parent Relationship": "Outer",
                "Parallel Aware": true,
                "Join Type": "Inner",
                "Startup Cost": 65547.91,
                "Total Cost": 128307.05,
                "Plan Rows": 748030,
                "Plan Width": 0,
                "Actual Startup Time": 409.285,
                "Actual Total Time": 838.742,
                "Actual Rows": 308248,
                "Actual Loops": 2,
                "Inner Unique": true,
                "Hash Cond": "(mk.movie_id = t.id)",
                "Plans": [
                  {
                    "Node Type": "Seq Scan",
                    "Parent Relationship": "Outer",
                    "Parallel Aware": true,
                    "Relation Name": "movie_keyword",
                    "Alias": "mk",
                    "Startup Cost": 0.0,
                    "Total Cost": 57718.19,
                    "Plan Rows": 1920360,
                    "Plan Width": 4,
                    "Actual Startup Time": 0.138,
                    "Actual Total Time": 240.82,
                    "Actual Rows": 1627249,
                    "Actual Loops": 2,
                    "Filter": "(keyword_id > 1617)",
                    "Rows Removed by Filter": 634716
                  },
                  {
                    "Node Type": "Hash",
                    "Parent Relationship": "Inner",
                    "Parallel Aware": true,
                    "Startup Cost": 58306.47,
                    "Total Cost": 58306.47,
                    "Plan Rows": 579315,
                    "Plan Width": 4,
                    "Actual Startup Time": 399.694,
                    "Actual Total Time": 399.695,
                    "Actual Rows": 528794,
                    "Actual Loops": 2,
                    "Hash Buckets": 2097152,
                    "Original Hash Buckets": 1048576,
                    "Hash Batches": 1,
                    "Original Hash Batches": 1,
                    "Peak Memory Usage": 65984,
                    "Plans": [
                      {
                        "Node Type": "Seq Scan",
                        "Parent Relationship": "Outer",
                        "Parallel Aware": true,
                        "Relation Name": "title",
                        "Alias": "t",
                        "Startup Cost": 0.0,
                        "Total Cost": 58306.47,
                        "Plan Rows": 579315,
                        "Plan Width": 4,
                        "Actual Startup Time": 0.039,
                        "Actual Total Time": 209.031,
                        "Actual Rows": 528794,
                        "Actual Loops": 2,
                        "Filter": "((kind_id > 1) AND (production_year > 2001))",
                        "Rows Removed by Filter": 735362
                      }
                    ]
                  }
                ]
              }
            ]
          }
        ]
      }
    ]
  },
  "Planning Time": 0.606,
  "Triggers": [],
  "Execution Time": 883.712
}