[
  {
    "Plan": {
      "Node Type": "Aggregate",
      "Strategy": "Plain",
      "Partial Mode": "Finalize",
      "Parallel Aware": false,
      "Startup Cost": 50815.63,
      "Total Cost": 50815.64,
      "Plan Rows": 1,
      "Plan Width": 8,
      "Actual Startup Time": 128.077,
      "Actual Total Time": 145.637,
      "Actual Rows": 1,
      "Actual Loops": 1,
      "Plans": [
        {
          "Node Type": "Gather",
          "Parent Relationship": "Outer",
          "Parallel Aware": false,
          "Startup Cost": 50815.21,
          "Total Cost": 50815.62,
          "Plan Rows": 4,
          "Plan Width": 8,
          "Actual Startup Time": 127.792,
          "Actual Total Time": 145.627,
          "Actual Rows": 5,
          "Actual Loops": 1,
          "Workers Planned": 4,
          "Workers Launched": 4,
          "Single Copy": false,
          "Plans": [
            {
              "Node Type": "Aggregate",
              "Strategy": "Plain",
              "Partial Mode": "Partial",
              "Parent Relationship": "Outer",
              "Parallel Aware": false,
              "Startup Cost": 49815.21,
              "Total Cost": 49815.22,
              "Plan Rows": 1,
              "Plan Width": 8,
              "Actual Startup Time": 118.919,
              "Actual Total Time": 118.921,
              "Actual Rows": 1,
              "Actual Loops": 5,
              "Plans": [
                {
                  "Node Type": "Nested Loop",
                  "Parent Relationship": "Outer",
                  "Parallel Aware": false,
                  "Join Type": "Inner",
                  "Startup Cost": 1.0,
                  "Total Cost": 49786.2,
                  "Plan Rows": 11602,
                  "Plan Width": 0,
                  "Actual Startup Time": 58.409,
                  "Actual Total Time": 117.584,
                  "Actual Rows": 26571,
                  "Actual Loops": 5,
                  "Inner Unique": false,
                  "Join Filter": "(t.id = ci.movie_id)",
                  "Rows Removed by Join Filter": 0,
                  "Plans": [
                    {
                      "Node Type": "Nested Loop",
                      "Parent Relationship": "Outer",
                      "Parallel Aware": false,
                      "Join Type": "Inner",
                      "Startup Cost": 0.43,
                      "Total Cost": 48155.31,
                      "Plan Rows": 810,
                      "Plan Width": 8,
                      "Actual Startup Time": 58.327,
                      "Actual Total Time": 87.177,
                      "Actual Rows": 1564,
                      "Actual Loops": 5,
                      "Inner Unique": false,
                      "Plans": [
                        {
                          "Node Type": "Seq Scan",
                          "Parent Relationship": "Outer",
                          "Parallel Aware": true,
                          "Relation Name": "title",
                          "Alias": "t",
                          "Startup Cost": 0.0,
                          "Total Cost": 43898.92,
                          "Plan Rows": 452,
                          "Plan Width": 4,
                          "Actual Startup Time": 57.144,
                          "Actual Total Time": 78.285,
                          "Actual Rows": 560,
                          "Actual Loops": 5,
                          "Filter": "(production_year = 1929)",
                          "Rows Removed by Filter": 505102
                        },
                        {
                          "Node Type": "Index Only Scan",
                          "Parent Relationship": "Inner",
                          "Parallel Aware": false,
                          "Scan Direction": "Forward",
                          "Index Name": "movie_id_movie_keyword",
                          "Relation Name": "movie_keyword",
                          "Alias": "mk",
                          "Startup Cost": 0.43,
                          "Total Cost": 8.97,
                          "Plan Rows": 45,
                          "Plan Width": 4,
                          "Actual Startup Time": 0.015,
                          "Actual Total Time": 0.015,
                          "Actual Rows": 3,
                          "Actual Loops": 2800,
                          "Index Cond": "(movie_id = t.id)",
                          "Rows Removed by Index Recheck": 0,
                          "Heap Fetches": 7819
                        }
                      ]
                    },
                    {
                      "Node Type": "Index Only Scan",
                      "Parent Relationship": "Inner",
                      "Parallel Aware": false,
                      "Scan Direction": "Forward",
                      "Index Name": "movie_id_cast_info",
                      "Relation Name": "cast_info",
                      "Alias": "ci",
                      "Startup Cost": 0.56,
                      "Total Cost": 1.55,
                      "Plan Rows": 37,
                      "Plan Width": 4,
                      "Actual Startup Time": 0.004,
                      "Actual Total Time": 0.018,
                      "Actual Rows": 17,
                      "Actual Loops": 7819,
                      "Index Cond": "(movie_id = mk.movie_id)",
                      "Rows Removed by Index Recheck": 0,
                      "Heap Fetches": 132855
                    }
                  ]
                }
              ]
            }
          ]
        }
      ]
    },
    "Planning Time": 1.123,
    "Triggers": [],
    "Execution Time": 145.716
  }
]