[
  {
    "Plan": {
      "Node Type": "Aggregate",
      "Strategy": "Plain",
      "Partial Mode": "Finalize",
      "Parallel Aware": false,
      "Startup Cost": 32922.28,
      "Total Cost": 32922.29,
      "Plan Rows": 1,
      "Plan Width": 8,
      "Actual Startup Time": 102.7,
      "Actual Total Time": 111.375,
      "Actual Rows": 1,
      "Actual Loops": 1,
      "Plans": [
        {
          "Node Type": "Gather",
          "Parent Relationship": "Outer",
          "Parallel Aware": false,
          "Startup Cost": 32921.97,
          "Total Cost": 32922.28,
          "Plan Rows": 3,
          "Plan Width": 8,
          "Actual Startup Time": 102.609,
          "Actual Total Time": 111.366,
          "Actual Rows": 4,
          "Actual Loops": 1,
          "Workers Planned": 3,
          "Workers Launched": 3,
          "Single Copy": false,
          "Plans": [
            {
              "Node Type": "Aggregate",
              "Strategy": "Plain",
              "Partial Mode": "Partial",
              "Parent Relationship": "Outer",
              "Parallel Aware": false,
              "Startup Cost": 31921.97,
              "Total Cost": 31921.98,
              "Plan Rows": 1,
              "Plan Width": 8,
              "Actual Startup Time": 97.304,
              "Actual Total Time": 97.306,
              "Actual Rows": 1,
              "Actual Loops": 4,
              "Plans": [
                {
                  "Node Type": "Seq Scan",
                  "Parent Relationship": "Outer",
                  "Parallel Aware": true,
                  "Relation Name": "movie_companies",
                  "Alias": "mc",
                  "Startup Cost": 0.0,
                  "Total Cost": 31414.82,
                  "Plan Rows": 202859,
                  "Plan Width": 0,
                  "Actual Startup Time": 45.938,
                  "Actual Total Time": 85.966,
                  "Actual Rows": 221608,
                  "Actual Loops": 4,
                  "Filter": "((company_id > 12030) AND (company_type_id > 1))",
                  "Rows Removed by Filter": 430674
                }
              ]
            }
          ]
        }
      ]
    },
    "Planning Time": 0.223,
    "Triggers": [],
    "Execution Time": 111.439
  }
]