[
  {
    "Plan": {
      "Node Type": "Aggregate",
      "Strategy": "Plain",
      "Partial Mode": "Finalize",
      "Parallel Aware": false,
      "Startup Cost": 32913.44,
      "Total Cost": 32913.45,
      "Plan Rows": 1,
      "Plan Width": 8,
      "Actual Startup Time": 95.172,
      "Actual Total Time": 103.074,
      "Actual Rows": 1,
      "Actual Loops": 1,
      "Plans": [
        {
          "Node Type": "Gather",
          "Parent Relationship": "Outer",
          "Parallel Aware": false,
          "Startup Cost": 32913.12,
          "Total Cost": 32913.43,
          "Plan Rows": 3,
          "Plan Width": 8,
          "Actual Startup Time": 95.076,
          "Actual Total Time": 103.067,
          "Actual Rows": 4,
          "Actual Loops": 1,
          "Workers Planned": 3,
          "Workers Launched": 3,
          "Single Copy": false,
          "Plans": [
            {
              "Node Type": "Aggregate",
              "Strategy": "Plain",
              "Partial Mode": "Partial",
              "Parent Relationship": "Outer",
              "Parallel Aware": false,
              "Startup Cost": 31913.12,
              "Total Cost": 31913.13,
              "Plan Rows": 1,
              "Plan Width": 8,
              "Actual Startup Time": 87.655,
              "Actual Total Time": 87.655,
              "Actual Rows": 1,
              "Actual Loops": 4,
              "Plans": [
                {
                  "Node Type": "Seq Scan",
                  "Parent Relationship": "Outer",
                  "Parallel Aware": true,
                  "Relation Name": "movie_companies",
                  "Alias": "mc",
                  "Startup Cost": 0.0,
                  "Total Cost": 31414.82,
                  "Plan Rows": 199320,
                  "Plan Width": 0,
                  "Actual Startup Time": 46.126,
                  "Actual Total Time": 79.172,
                  "Actual Rows": 221608,
                  "Actual Loops": 4,
                  "Filter": "((company_id > 12030) AND (company_type_id > 1))",
                  "Rows Removed by Filter": 430674
                }
              ]
            }
          ]
        }
      ]
    },
    "Planning Time": 0.215,
    "Triggers": [],
    "Execution Time": 103.131
  }
]