[
  {
    "Plan": {
      "Node Type": "Aggregate",
      "Strategy": "Plain",
      "Partial Mode": "Finalize",
      "Parallel Aware": false,
      "Startup Cost": 296767.11,
      "Total Cost": 296767.12,
      "Plan Rows": 1,
      "Plan Width": 8,
      "Actual Startup Time": 3474.295,
      "Actual Total Time": 3521.856,
      "Actual Rows": 1,
      "Actual Loops": 1,
      "Plans": [
        {
          "Node Type": "Gather",
          "Parent Relationship": "Outer",
          "Parallel Aware": false,
          "Startup Cost": 296766.79,
          "Total Cost": 296767.1,
          "Plan Rows": 3,
          "Plan Width": 8,
          "Actual Startup Time": 3463.879,
          "Actual Total Time": 3521.845,
          "Actual Rows": 4,
          "Actual Loops": 1,
          "Workers Planned": 3,
          "Workers Launched": 3,
          "Single Copy": false,
          "Plans": [
            {
              "Node Type": "Aggregate",
              "Strategy": "Plain",
              "Partial Mode": "Partial",
              "Parent Relationship": "Outer",
              "Parallel Aware": false,
              "Startup Cost": 295766.79,
              "Total Cost": 295766.8,
              "Plan Rows": 1,
              "Plan Width": 8,
              "Actual Startup Time": 3450.909,
              "Actual Total Time": 3451.684,
              "Actual Rows": 1,
              "Actual Loops": 4,
              "Plans": [
                {
                  "Node Type": "Hash Join",
                  "Parent Relationship": "Outer",
                  "Parallel Aware": true,
                  "Join Type": "Inner",
                  "Startup Cost": 248274.03,
                  "Total Cost": 294115.15,
                  "Plan Rows": 660655,
                  "Plan Width": 0,
                  "Actual Startup Time": 1676.187,
                  "Actual Total Time": 2860.418,
                  "Actual Rows": 12455792,
                  "Actual Loops": 4,
                  "Inner Unique": false,
                  "Hash Cond": "(mk.movie_id = t.id)",
                  "Plans": [
                    {
                      "Node Type": "Seq Scan",
                      "Parent Relationship": "Outer",
                      "Parallel Aware": true,
                      "Relation Name": "movie_keyword",
                      "Alias": "mk",
                      "Startup Cost": 0.0,
                      "Total Cost": 39047.32,
                      "Plan Rows": 1459332,
                      "Plan Width": 4,
                      "Actual Startup Time": 0.022,
                      "Actual Total Time": 92.932,
                      "Actual Rows": 1130982,
                      "Actual Loops": 4
                    },
                    {
                      "Node Type": "Hash",
                      "Parent Relationship": "Inner",
                      "Parallel Aware": true,
                      "Startup Cost": 245412.56,
                      "Total Cost": 245412.56,
                      "Plan Rows": 228917,
                      "Plan Width": 8,
                      "Actual Startup Time": 1668.013,
                      "Actual Total Time": 1668.786,
                      "Actual Rows": 870248,
                      "Actual Loops": 4,
                      "Hash Buckets": 4194304,
                      "Original Hash Buckets": 2097152,
                      "Hash Batches": 1,
                      "Original Hash Batches": 1,
                      "Peak Memory Usage": 185408,
                      "Plans": [
                        {
                          "Node Type": "Hash Join",
                          "Parent Relationship": "Outer",
                          "Parallel Aware": true,
                          "Join Type": "Inner",
                          "Startup Cost": 46090.8,
                          "Total Cost": 245412.56,
                          "Plan Rows": 228917,
                          "Plan Width": 8,
                          "Actual Startup Time": 152.016,
                          "Actual Total Time": 1307.595,
                          "Actual Rows": 870248,
                          "Actual Loops": 4,
                          "Inner Unique": true,
                          "Hash Cond": "(mi.movie_id = t.id)",
                          "Plans": [
                            {
                              "Node Type": "Seq Scan",
                              "Parent Relationship": "Outer",
                              "Parallel Aware": true,
                              "Relation Name": "movie_info",
                              "Alias": "mi",
                              "Startup Cost": 0.0,
                              "Total Cost": 191560.33,
                              "Plan Rows": 2956733,
                              "Plan Width": 4,
                              "Actual Startup Time": 0.023,
                              "Actual Total Time": 438.953,
                              "Actual Rows": 3708930,
                              "Actual Loops": 4
                            },
                            {
                              "Node Type": "Hash",
                              "Parent Relationship": "Inner",
                              "Parallel Aware": true,
                              "Startup Cost": 45479.1,
                              "Total Cost": 45479.1,
                              "Plan Rows": 48936,
                              "Plan Width": 4,
                              "Actual Startup Time": 150.349,
                              "Actual Total Time": 150.366,
                              "Actual Rows": 76798,
                              "Actual Loops": 4,
                              "Hash Buckets": 524288,
                              "Original Hash Buckets": 262144,
                              "Hash Batches": 1,
                              "Original Hash Batches": 1,
                              "Peak Memory Usage": 18208,
                              "Plans": [
                                {
                                  "Node Type": "Seq Scan",
                                  "Parent Relationship": "Outer",
                                  "Parallel Aware": true,
                                  "Relation Name": "title",
                                  "Alias": "t",
                                  "Startup Cost": 0.0,
                                  "Total Cost": 45479.1,
                                  "Plan Rows": 48936,
                                  "Plan Width": 4,
                                  "Actual Startup Time": 0.103,
                                  "Actual Total Time": 112.362,
                                  "Actual Rows": 76798,
                                  "Actual Loops": 4,
                                  "Filter": "((kind_id < 7) AND (production_year < 1980))",
                                  "Rows Removed by Filter": 555280
                                }
                              ]
                            }
                          ]
                        }
                      ]
                    }
                  ]
                }
              ]
            }
          ]
        }
      ]
    },
    "Planning Time": 1.408,
    "Triggers": [],
    "Execution Time": 3521.954
  }
]