[
  {
    "Plan": {
      "Node Type": "Aggregate",
      "Strategy": "Plain",
      "Partial Mode": "Finalize",
      "Parallel Aware": false,
      "Startup Cost": 47038.76,
      "Total Cost": 47038.77,
      "Plan Rows": 1,
      "Plan Width": 8,
      "Actual Startup Time": 188.456,
      "Actual Total Time": 198.619,
      "Actual Rows": 1,
      "Actual Loops": 1,
      "Plans": [
        {
          "Node Type": "Gather",
          "Parent Relationship": "Outer",
          "Parallel Aware": false,
          "Startup Cost": 47038.44,
          "Total Cost": 47038.75,
          "Plan Rows": 3,
          "Plan Width": 8,
          "Actual Startup Time": 188.323,
          "Actual Total Time": 198.607,
          "Actual Rows": 4,
          "Actual Loops": 1,
          "Workers Planned": 3,
          "Workers Launched": 3,
          "Single Copy": false,
          "Plans": [
            {
              "Node Type": "Aggregate",
              "Strategy": "Plain",
              "Partial Mode": "Partial",
              "Parent Relationship": "Outer",
              "Parallel Aware": false,
              "Startup Cost": 46038.44,
              "Total Cost": 46038.45,
              "Plan Rows": 1,
              "Plan Width": 8,
              "Actual Startup Time": 181.157,
              "Actual Total Time": 181.158,
              "Actual Rows": 1,
              "Actual Loops": 4,
              "Plans": [
                {
                  "Node Type": "Seq Scan",
                  "Parent Relationship": "Outer",
                  "Parallel Aware": true,
                  "Relation Name": "movie_keyword",
                  "Alias": "mk",
                  "Startup Cost": 0.0,
                  "Total Cost": 42695.65,
                  "Plan Rows": 1337116,
                  "Plan Width": 0,
                  "Actual Startup Time": 0.051,
                  "Actual Total Time": 131.803,
                  "Actual Rows": 1039936,
                  "Actual Loops": 4,
                  "Filter": "(keyword_id < 46050)",
                  "Rows Removed by Filter": 91046
                }
              ]
            }
          ]
        }
      ]
    },
    "Planning Time": 0.193,
    "Triggers": [],
    "Execution Time": 198.678
  }
]