{
  "Plan": {
    "Node Type": "Aggregate",
    "Strategy": "Plain",
    "Partial Mode": "Finalize",
    "Parallel Aware": false,
    "Startup Cost": 90878.02,
    "Total Cost": 90878.03,
    "Plan Rows": 1,
    "Plan Width": 8,
    "Actual Startup Time": 514.276,
    "Actual Total Time": 520.895,
    "Actual Rows": 1,
    "Actual Loops": 1,
    "Plans": [
      {
        "Node Type": "Gather",
        "Parent Relationship": "Outer",
        "Parallel Aware": false,
        "Startup Cost": 90877.91,
        "Total Cost": 90878.02,
        "Plan Rows": 1,
        "Plan Width": 8,
        "Actual Startup Time": 514.268,
        "Actual Total Time": 520.889,
        "Actual Rows": 2,
        "Actual Loops": 1,
        "Workers Planned": 1,
        "Workers Launched": 1,
        "Single Copy": false,
        "Plans": [
          {
            "Node Type": "Aggregate",
            "Strategy": "Plain",
            "Partial Mode": "Partial",
            "Parent Relationship": "Outer",
            "Parallel Aware": false,
            "Startup Cost": 89877.91,
            "Total Cost": 89877.92,
            "Plan Rows": 1,
            "Plan Width": 8,
            "Actual Startup Time": 505.348,
            "Actual Total Time": 505.353,
            "Actual Rows": 1,
            "Actual Loops": 2,
            "Plans": [
              {
                "Node Type": "Merge Join",
                "Parent Relationship": "Outer",
                "Parallel Aware": false,
                "Join Type": "Inner",
                "Startup Cost": 89353.62,
                "Total Cost": 89877.9,
                "Plan Rows": 4,
                "Plan Width": 0,
                "Actual Startup Time": 495.695,
                "Actual Total Time": 505.346,
                "Actual Rows": 2,
                "Actual Loops": 2,
                "Inner Unique": false,
                "Merge Cond": "(t.id = ci.movie_id)",
                "Plans": [
                  {
                    "Node Type": "Sort",
                    "Parent Relationship": "Outer",
                    "Parallel Aware": false,
                    "Startup Cost": 88291.46,
                    "Total Cost": 88553.63,
                    "Plan Rows": 104868,
                    "Plan Width": 8,
                    "Actual Startup Time": 480.072,
                    "Actual Total Time": 494.463,
                    "Actual Rows": 150722,
                    "Actual Loops": 2,
                    "Sort Key": [
                      "t.id"
                    ],
                    "Sort Method": "quicksort",
                    "Sort Space Used": 12753,
                    "Sort Space Type": "Memory",
                    "Workers": [
                      {
                        "Worker Number": 0,
                        "Sort Method": "quicksort",
                        "Sort Space Used": 14443,
                        "Sort Space Type": "Memory"
                      }
                    ],
                    "Plans": [
                      {
                        "Node Type": "Hash Join",
                        "Parent Relationship": "Outer",
                        "Parallel Aware": true,
                        "Join Type": "Inner",
                        "Startup Cost": 21425.18,
                        "Total Cost": 79546.4,
                        "Plan Rows": 104868,
                        "Plan Width": 8,
                        "Actual Startup Time": 135.071,
                        "Actual Total Time": 433.837,
                        "Actual Rows": 159010,
                        "Actual Loops": 2,
                        "Inner Unique": false,
                        "Hash Cond": "(t.id = mi_idx.movie_id)",
                        "Plans": [
                          {
                            "Node Type": "Seq Scan",
                            "Parent Relationship": "Outer",
                            "Parallel Aware": true,
                            "Relation Name": "title",
                            "Alias": "t",
                            "Startup Cost": 0.0,
                            "Total Cost": 54588.39,
                            "Plan Rows": 583193,
                            "Plan Width": 4,
                            "Actual Startup Time": 0.012,
                            "Actual Total Time": 149.899,
                            "Actual Rows": 492524,
                            "Actual Loops": 2,
                            "Filter": "(kind_id < 7)",
                            "Rows Removed by Filter": 771632
                          },
                          {
                            "Node Type": "Hash",
                            "Parent Relationship": "Inner",
                            "Parallel Aware": true,
                            "Startup Cost": 18082.32,
                            "Total Cost": 18082.32,
                            "Plan Rows": 267429,
                            "Plan Width": 4,
                            "Actual Startup Time": 129.267,
                            "Actual Total Time": 129.268,
                            "Actual Rows": 229962,
                            "Actual Loops": 2,
                            "Hash Buckets": 524288,
                            "Original Hash Buckets": 524288,
                            "Hash Batches": 1,
                            "Original Hash Batches": 1,
                            "Peak Memory Usage": 22112,
                            "Plans": [
                              {
                                "Node Type": "Seq Scan",
                                "Parent Relationship": "Outer",
                                "Parallel Aware": true,
                                "Relation Name": "movie_info_idx",
                                "Alias": "mi_idx",
                                "Startup Cost": 0.0,
                                "Total Cost": 18082.32,
                                "Plan Rows": 267429,
                                "Plan Width": 4,
                                "Actual Startup Time": 0.047,
                                "Actual Total Time": 74.366,
                                "Actual Rows": 229962,
                                "Actual Loops": 2,
                                "Filter": "(info_type_id < 100)",
                                "Rows Removed by Filter": 460055
                              }
                            ]
                          }
                        ]
                      }
                    ]
                  },
                  {
                    "Node Type": "Sort",
                    "Parent Relationship": "Inner",
                    "Parallel Aware": false,
                    "Startup Cost": 1062.16,
                    "Total Cost": 1062.36,
                    "Plan Rows": 79,
                    "Plan Width": 4,
                    "Actual Startup Time": 0.1,
                    "Actual Total Time": 0.102,
                    "Actual Rows": 4,
                    "Actual Loops": 2,
                    "Sort Key": [
                      "ci.movie_id"
                    ],
                    "Sort Method": "quicksort",
                    "Sort Space Used": 25,
                    "Sort Space Type": "Memory",
                    "Workers": [
                      {
                        "Worker Number": 0,
                        "Sort Method": "quicksort",
                        "Sort Space Used": 25,
                        "Sort Space Type": "Memory"
                      }
                    ],
                    "Plans": [
                      {
                        "Node Type": "Index Scan",
                        "Parent Relationship": "Outer",
                        "Parallel Aware": false,
                        "Scan Direction": "Forward",
                        "Index Name": "person_id_cast_info",
                        "Relation Name": "cast_info",
                        "Alias": "ci",
                        "Startup Cost": 0.56,
                        "Total Cost": 1059.67,
                        "Plan Rows": 79,
                        "Plan Width": 4,
                        "Actual Startup Time": 0.083,
                        "Actual Total Time": 0.085,
                        "Actual Rows": 4,
                        "Actual Loops": 2,
                        "Index Cond": "(person_id = 3748544)",
                        "Rows Removed by Index Recheck": 0,
                        "Filter": "(role_id > 8)",
                        "Rows Removed by Filter": 0
                      }
                    ]
                  }
                ]
              }
            ]
          }
        ]
      }
    ]
  },
  "Planning Time": 1.062,
  "Triggers": [],
  "Execution Time": 521.031
}