[
    {
        "Bao": {
            "Bao prediction": 323.284,
            "Bao recommended hint": "SET enable_nestloop TO off; "
        }
    },
    {
        "Plan": {
            "Node Type": "Aggregate",
            "Strategy": "Plain",
            "Partial Mode": "Simple",
            "Parallel Aware": false,
            "Startup Cost": 27011.89,
            "Total Cost": 27011.9,
            "Plan Rows": 1,
            "Plan Width": 96,
            "Actual Startup Time": 165.089,
            "Actual Total Time": 165.391,
            "Actual Rows": 1,
            "Actual Loops": 1,
            "Output": [
                "min(cn.name)",
                "min(mc.note)",
                "min(t.title)"
            ],
            "Plans": [
                {
                    "Node Type": "Hash Join",
                    "Parent Relationship": "Outer",
                    "Parallel Aware": false,
                    "Join Type": "Inner",
                    "Startup Cost": 23146.56,
                    "Total Cost": 27011.88,
                    "Plan Rows": 1,
                    "Plan Width": 60,
                    "Actual Startup Time": 165.083,
                    "Actual Total Time": 165.385,
                    "Actual Rows": 0,
                    "Actual Loops": 1,
                    "Output": [
                        "cn.name",
                        "mc.note",
                        "t.title"
                    ],
                    "Inner Unique": true,
                    "Hash Cond": "(ml.link_type_id = lt.id)",
                    "Plans": [
                        {
                            "Node Type": "Hash Join",
                            "Parent Relationship": "Outer",
                            "Parallel Aware": false,
                            "Join Type": "Inner",
                            "Startup Cost": 23145.15,
                            "Total Cost": 27010.47,
                            "Plan Rows": 1,
                            "Plan Width": 64,
                            "Actual Startup Time": 164.937,
                            "Actual Total Time": 165.237,
                            "Actual Rows": 0,
                            "Actual Loops": 1,
                            "Output": [
                                "cn.name",
                                "mc.note",
                                "ml.link_type_id",
                                "t.title"
                            ],
                            "Inner Unique": true,
                            "Hash Cond": "(mk.keyword_id = k.id)",
                            "Plans": [
                                {
                                    "Node Type": "Merge Join",
                                    "Parent Relationship": "Outer",
                                    "Parallel Aware": false,
                                    "Join Type": "Inner",
                                    "Startup Cost": 20351.28,
                                    "Total Cost": 24216.33,
                                    "Plan Rows": 102,
                                    "Plan Width": 68,
                                    "Actual Startup Time": 126.301,
                                    "Actual Total Time": 126.647,
                                    "Actual Rows": 171,
                                    "Actual Loops": 1,
                                    "Output": [
                                        "cn.name",
                                        "mc.note",
                                        "mk.keyword_id",
                                        "ml.link_type_id",
                                        "t.title"
                                    ],
                                    "Inner Unique": false,
                                    "Merge Cond": "(mk.movie_id = ml.movie_id)",
                                    "Plans": [
                                        {
                                            "Node Type": "Index Scan",
                                            "Parent Relationship": "Outer",
                                            "Parallel Aware": false,
                                            "Scan Direction": "Forward",
                                            "Index Name": "movie_id_movie_keyword",
                                            "Relation Name": "movie_keyword",
                                            "Schema": "public",
                                            "Alias": "mk",
                                            "Startup Cost": 0.43,
                                            "Total Cost": 177175.68,
                                            "Plan Rows": 4523930,
                                            "Plan Width": 8,
                                            "Actual Startup Time": 0.03,
                                            "Actual Total Time": 6.252,
                                            "Actual Rows": 34384,
                                            "Actual Loops": 1,
                                            "Output": [
                                                "mk.id",
                                                "mk.movie_id",
                                                "mk.keyword_id"
                                            ]
                                        },
                                        {
                                            "Node Type": "Sort",
                                            "Parent Relationship": "Inner",
                                            "Parallel Aware": false,
                                            "Startup Cost": 20350.84,
                                            "Total Cost": 20350.85,
                                            "Plan Rows": 2,
                                            "Plan Width": 76,
                                            "Actual Startup Time": 116.817,
                                            "Actual Total Time": 117.124,
                                            "Actual Rows": 153,
                                            "Actual Loops": 1,
                                            "Output": [
                                                "cn.name",
                                                "mc.note",
                                                "mc.movie_id",
                                                "ml.link_type_id",
                                                "ml.movie_id",
                                                "t.title",
                                                "t.id"
                                            ],
                                            "Sort Key": [
                                                "mc.movie_id"
                                            ],
                                            "Sort Method": "quicksort",
                                            "Sort Space Used": 26,
                                            "Sort Space Type": "Memory",
                                            "Plans": [
                                                {
                                                    "Node Type": "Gather",
                                                    "Parent Relationship": "Outer",
                                                    "Parallel Aware": false,
                                                    "Startup Cost": 6417.5,
                                                    "Total Cost": 20350.83,
                                                    "Plan Rows": 2,
                                                    "Plan Width": 76,
                                                    "Actual Startup Time": 110.123,
                                                    "Actual Total Time": 117.042,
                                                    "Actual Rows": 9,
                                                    "Actual Loops": 1,
                                                    "Output": [
                                                        "cn.name",
                                                        "mc.note",
                                                        "mc.movie_id",
                                                        "ml.link_type_id",
                                                        "ml.movie_id",
                                                        "t.title",
                                                        "t.id"
                                                    ],
                                                    "Workers Planned": 4,
                                                    "Workers Launched": 4,
                                                    "Single Copy": false,
                                                    "Plans": [
                                                        {
                                                            "Node Type": "Hash Join",
                                                            "Parent Relationship": "Outer",
                                                            "Parallel Aware": false,
                                                            "Join Type": "Inner",
                                                            "Startup Cost": 5417.5,
                                                            "Total Cost": 19350.63,
                                                            "Plan Rows": 1,
                                                            "Plan Width": 76,
                                                            "Actual Startup Time": 93.22,
                                                            "Actual Total Time": 102.063,
                                                            "Actual Rows": 2,
                                                            "Actual Loops": 5,
                                                            "Output": [
                                                                "cn.name",
                                                                "mc.note",
                                                                "mc.movie_id",
                                                                "ml.link_type_id",
                                                                "ml.movie_id",
                                                                "t.title",
                                                                "t.id"
                                                            ],
                                                            "Inner Unique": true,
                                                            "Hash Cond": "(mc.company_type_id = ct.id)",
                                                            "Workers": [
                                                                {
                                                                    "Worker Number": 0,
                                                                    "Actual Startup Time": 52.142,
                                                                    "Actual Total Time": 96.33,
                                                                    "Actual Rows": 9,
                                                                    "Actual Loops": 1
                                                                },
                                                                {
                                                                    "Worker Number": 1,
                                                                    "Actual Startup Time": 103.233,
                                                                    "Actual Total Time": 103.24,
                                                                    "Actual Rows": 0,
                                                                    "Actual Loops": 1
                                                                },
                                                                {
                                                                    "Worker Number": 2,
                                                                    "Actual Startup Time": 103.373,
                                                                    "Actual Total Time": 103.378,
                                                                    "Actual Rows": 0,
                                                                    "Actual Loops": 1
                                                                },
                                                                {
                                                                    "Worker Number": 3,
                                                                    "Actual Startup Time": 97.998,
                                                                    "Actual Total Time": 98.002,
                                                                    "Actual Rows": 0,
                                                                    "Actual Loops": 1
                                                                }
                                                            ],
                                                            "Plans": [
                                                                {
                                                                    "Node Type": "Hash Join",
                                                                    "Parent Relationship": "Outer",
                                                                    "Parallel Aware": true,
                                                                    "Join Type": "Inner",
                                                                    "Startup Cost": 5416.42,
                                                                    "Total Cost": 19349.54,
                                                                    "Plan Rows": 1,
                                                                    "Plan Width": 80,
                                                                    "Actual Startup Time": 78.45,
                                                                    "Actual Total Time": 101.646,
                                                                    "Actual Rows": 32,
                                                                    "Actual Loops": 5,
                                                                    "Output": [
                                                                        "cn.name",
                                                                        "mc.note",
                                                                        "mc.movie_id",
                                                                        "mc.company_type_id",
                                                                        "ml.link_type_id",
                                                                        "ml.movie_id",
                                                                        "t.title",
                                                                        "t.id"
                                                                    ],
                                                                    "Inner Unique": true,
                                                                    "Hash Cond": "(mc.company_id = cn.id)",
                                                                    "Workers": [
                                                                        {
                                                                            "Worker Number": 0,
                                                                            "Actual Startup Time": 51.549,
                                                                            "Actual Total Time": 95.733,
                                                                            "Actual Rows": 160,
                                                                            "Actual Loops": 1
                                                                        },
                                                                        {
                                                                            "Worker Number": 1,
                                                                            "Actual Startup Time": 102.971,
                                                                            "Actual Total Time": 102.976,
                                                                            "Actual Rows": 0,
                                                                            "Actual Loops": 1
                                                                        },
                                                                        {
                                                                            "Worker Number": 2,
                                                                            "Actual Startup Time": 102.777,
                                                                            "Actual Total Time": 102.78,
                                                                            "Actual Rows": 0,
                                                                            "Actual Loops": 1
                                                                        },
                                                                        {
                                                                            "Worker Number": 3,
                                                                            "Actual Startup Time": 25.654,
                                                                            "Actual Total Time": 97.437,
                                                                            "Actual Rows": 1,
                                                                            "Actual Loops": 1
                                                                        }
                                                                    ],
                                                                    "Plans": [
                                                                        {
                                                                            "Node Type": "Merge Join",
                                                                            "Parent Relationship": "Outer",
                                                                            "Parallel Aware": false,
                                                                            "Join Type": "Inner",
                                                                            "Startup Cost": 2.02,
                                                                            "Total Cost": 13924.28,
                                                                            "Plan Rows": 4138,
                                                                            "Plan Width": 65,
                                                                            "Actual Startup Time": 5.714,
                                                                            "Actual Total Time": 85.239,
                                                                            "Actual Rows": 1058,
                                                                            "Actual Loops": 5,
                                                                            "Output": [
                                                                                "mc.note",
                                                                                "mc.movie_id",
                                                                                "mc.company_type_id",
                                                                                "mc.company_id",
                                                                                "ml.link_type_id",
                                                                                "ml.movie_id",
                                                                                "t.title",
                                                                                "t.id"
                                                                            ],
                                                                            "Inner Unique": false,
                                                                            "Merge Cond": "(ml.movie_id = mc.movie_id)",
                                                                            "Workers": [
                                                                                {
                                                                                    "Worker Number": 0,
                                                                                    "Actual Startup Time": 12.125,
                                                                                    "Actual Total Time": 83.652,
                                                                                    "Actual Rows": 1002,
                                                                                    "Actual Loops": 1
                                                                                },
                                                                                {
                                                                                    "Worker Number": 1,
                                                                                    "Actual Startup Time": 5.42,
                                                                                    "Actual Total Time": 84.38,
                                                                                    "Actual Rows": 1086,
                                                                                    "Actual Loops": 1
                                                                                },
                                                                                {
                                                                                    "Worker Number": 2,
                                                                                    "Actual Startup Time": 1.34,
                                                                                    "Actual Total Time": 90.498,
                                                                                    "Actual Rows": 959,
                                                                                    "Actual Loops": 1
                                                                                },
                                                                                {
                                                                                    "Worker Number": 3,
                                                                                    "Actual Startup Time": 6.98,
                                                                                    "Actual Total Time": 83.862,
                                                                                    "Actual Rows": 674,
                                                                                    "Actual Loops": 1
                                                                                }
                                                                            ],
                                                                            "Plans": [
                                                                                {
                                                                                    "Node Type": "Merge Join",
                                                                                    "Parent Relationship": "Outer",
                                                                                    "Parallel Aware": false,
                                                                                    "Join Type": "Inner",
                                                                                    "Startup Cost": 1.59,
                                                                                    "Total Cost": 8093.81,
                                                                                    "Plan Rows": 1574,
                                                                                    "Plan Width": 29,
                                                                                    "Actual Startup Time": 4.233,
                                                                                    "Actual Total Time": 47.519,
                                                                                    "Actual Rows": 1333,
                                                                                    "Actual Loops": 5,
                                                                                    "Output": [
                                                                                        "ml.link_type_id",
                                                                                        "ml.movie_id",
                                                                                        "t.title",
                                                                                        "t.id"
                                                                                    ],
                                                                                    "Inner Unique": false,
                                                                                    "Merge Cond": "(t.id = ml.movie_id)",
                                                                                    "Workers": [
                                                                                        {
                                                                                            "Worker Number": 0,
                                                                                            "Actual Startup Time": 9.582,
                                                                                            "Actual Total Time": 50.135,
                                                                                            "Actual Rows": 438,
                                                                                            "Actual Loops": 1
                                                                                        },
                                                                                        {
                                                                                            "Worker Number": 1,
                                                                                            "Actual Startup Time": 2.516,
                                                                                            "Actual Total Time": 45.494,
                                                                                            "Actual Rows": 1556,
                                                                                            "Actual Loops": 1
                                                                                        },
                                                                                        {
                                                                                            "Worker Number": 2,
                                                                                            "Actual Startup Time": 1.2,
                                                                                            "Actual Total Time": 46.286,
                                                                                            "Actual Rows": 998,
                                                                                            "Actual Loops": 1
                                                                                        },
                                                                                        {
                                                                                            "Worker Number": 3,
                                                                                            "Actual Startup Time": 5.638,
                                                                                            "Actual Total Time": 47.232,
                                                                                            "Actual Rows": 805,
                                                                                            "Actual Loops": 1
                                                                                        }
                                                                                    ],
                                                                                    "Plans": [
                                                                                        {
                                                                                            "Node Type": "Index Scan",
                                                                                            "Parent Relationship": "Outer",
                                                                                            "Parallel Aware": true,
                                                                                            "Scan Direction": "Forward",
                                                                                            "Index Name": "title_pkey",
                                                                                            "Relation Name": "title",
                                                                                            "Schema": "public",
                                                                                            "Alias": "t",
                                                                                            "Startup Cost": 0.43,
                                                                                            "Total Cost": 92969.49,
                                                                                            "Plan Rows": 132671,
                                                                                            "Plan Width": 21,
                                                                                            "Actual Startup Time": 0.562,
                                                                                            "Actual Total Time": 37.019,
                                                                                            "Actual Rows": 8841,
                                                                                            "Actual Loops": 5,
                                                                                            "Output": [
                                                                                                "t.id",
                                                                                                "t.title",
                                                                                                "t.imdb_index",
                                                                                                "t.kind_id",
                                                                                                "t.production_year",
                                                                                                "t.imdb_id",
                                                                                                "t.phonetic_code",
                                                                                                "t.episode_of_id",
                                                                                                "t.season_nr",
                                                                                                "t.episode_nr",
                                                                                                "t.series_years",
                                                                                                "t.md5sum"
                                                                                            ],
                                                                                            "Filter": "(t.production_year > 2009)",
                                                                                            "Rows Removed by Filter": 28419,
                                                                                            "Workers": [
                                                                                                {
                                                                                                    "Worker Number": 0,
                                                                                                    "Actual Startup Time": 0.128,
                                                                                                    "Actual Total Time": 39.605,
                                                                                                    "Actual Rows": 11283,
                                                                                                    "Actual Loops": 1
                                                                                                },
                                                                                                {
                                                                                                    "Worker Number": 1,
                                                                                                    "Actual Startup Time": 0.539,
                                                                                                    "Actual Total Time": 34.701,
                                                                                                    "Actual Rows": 7723,
                                                                                                    "Actual Loops": 1
                                                                                                },
                                                                                                {
                                                                                                    "Worker Number": 2,
                                                                                                    "Actual Startup Time": 0.367,
                                                                                                    "Actual Total Time": 35.461,
                                                                                                    "Actual Rows": 8263,
                                                                                                    "Actual Loops": 1
                                                                                                },
                                                                                                {
                                                                                                    "Worker Number": 3,
                                                                                                    "Actual Startup Time": 1.569,
                                                                                                    "Actual Total Time": 36.989,
                                                                                                    "Actual Rows": 7689,
                                                                                                    "Actual Loops": 1
                                                                                                }
                                                                                            ]
                                                                                        },
                                                                                        {
                                                                                            "Node Type": "Index Scan",
                                                                                            "Parent Relationship": "Inner",
                                                                                            "Parallel Aware": false,
                                                                                            "Scan Direction": "Forward",
                                                                                            "Index Name": "movie_id_movie_link",
                                                                                            "Relation Name": "movie_link",
                                                                                            "Schema": "public",
                                                                                            "Alias": "ml",
                                                                                            "Startup Cost": 0.29,
                                                                                            "Total Cost": 1111.51,
                                                                                            "Plan Rows": 29997,
                                                                                            "Plan Width": 8,
                                                                                            "Actual Startup Time": 0.089,
                                                                                            "Actual Total Time": 6.677,
                                                                                            "Actual Rows": 29997,
                                                                                            "Actual Loops": 5,
                                                                                            "Output": [
                                                                                                "ml.id",
                                                                                                "ml.movie_id",
                                                                                                "ml.linked_movie_id",
                                                                                                "ml.link_type_id"
                                                                                            ],
                                                                                            "Workers": [
                                                                                                {
                                                                                                    "Worker Number": 0,
                                                                                                    "Actual Startup Time": 0.13,
                                                                                                    "Actual Total Time": 6.675,
                                                                                                    "Actual Rows": 29997,
                                                                                                    "Actual Loops": 1
                                                                                                },
                                                                                                {
                                                                                                    "Worker Number": 1,
                                                                                                    "Actual Startup Time": 0.077,
                                                                                                    "Actual Total Time": 6.981,
                                                                                                    "Actual Rows": 29997,
                                                                                                    "Actual Loops": 1
                                                                                                },
                                                                                                {
                                                                                                    "Worker Number": 2,
                                                                                                    "Actual Startup Time": 0.099,
                                                                                                    "Actual Total Time": 7.062,
                                                                                                    "Actual Rows": 29997,
                                                                                                    "Actual Loops": 1
                                                                                                },
                                                                                                {
                                                                                                    "Worker Number": 3,
                                                                                                    "Actual Startup Time": 0.116,
                                                                                                    "Actual Total Time": 6.485,
                                                                                                    "Actual Rows": 29997,
                                                                                                    "Actual Loops": 1
                                                                                                }
                                                                                            ]
                                                                                        }
                                                                                    ]
                                                                                },
                                                                                {
                                                                                    "Node Type": "Index Scan",
                                                                                    "Parent Relationship": "Inner",
                                                                                    "Parallel Aware": false,
                                                                                    "Scan Direction": "Forward",
                                                                                    "Index Name": "movie_id_movie_companies",
                                                                                    "Relation Name": "movie_companies",
                                                                                    "Schema": "public",
                                                                                    "Alias": "mc",
                                                                                    "Startup Cost": 0.43,
                                                                                    "Total Cost": 140586.81,
                                                                                    "Plan Rows": 1336309,
                                                                                    "Plan Width": 36,
                                                                                    "Actual Startup Time": 0.064,
                                                                                    "Actual Total Time": 33.974,
                                                                                    "Actual Rows": 44385,
                                                                                    "Actual Loops": 5,
                                                                                    "Output": [
                                                                                        "mc.id",
                                                                                        "mc.movie_id",
                                                                                        "mc.company_id",
                                                                                        "mc.company_type_id",
                                                                                        "mc.note"
                                                                                    ],
                                                                                    "Filter": "(mc.note IS NOT NULL)",
                                                                                    "Rows Removed by Filter": 44034,
                                                                                    "Workers": [
                                                                                        {
                                                                                            "Worker Number": 0,
                                                                                            "Actual Startup Time": 0.06,
                                                                                            "Actual Total Time": 30.065,
                                                                                            "Actual Rows": 42746,
                                                                                            "Actual Loops": 1
                                                                                        },
                                                                                        {
                                                                                            "Worker Number": 1,
                                                                                            "Actual Startup Time": 0.064,
                                                                                            "Actual Total Time": 35.387,
                                                                                            "Actual Rows": 42061,
                                                                                            "Actual Loops": 1
                                                                                        },
                                                                                        {
                                                                                            "Worker Number": 2,
                                                                                            "Actual Startup Time": 0.104,
                                                                                            "Actual Total Time": 39.86,
                                                                                            "Actual Rows": 51281,
                                                                                            "Actual Loops": 1
                                                                                        },
                                                                                        {
                                                                                            "Worker Number": 3,
                                                                                            "Actual Startup Time": 0.068,
                                                                                            "Actual Total Time": 32.87,
                                                                                            "Actual Rows": 42694,
                                                                                            "Actual Loops": 1
                                                                                        }
                                                                                    ]
                                                                                }
                                                                            ]
                                                                        },
                                                                        {
                                                                            "Node Type": "Hash",
                                                                            "Parent Relationship": "Inner",
                                                                            "Parallel Aware": true,
                                                                            "Startup Cost": 5414.09,
                                                                            "Total Cost": 5414.09,
                                                                            "Plan Rows": 25,
                                                                            "Plan Width": 23,
                                                                            "Actual Startup Time": 15.939,
                                                                            "Actual Total Time": 15.94,
                                                                            "Actual Rows": 18,
                                                                            "Actual Loops": 5,
                                                                            "Output": [
                                                                                "cn.name",
                                                                                "cn.id"
                                                                            ],
                                                                            "Hash Buckets": 1024,
                                                                            "Original Hash Buckets": 1024,
                                                                            "Hash Batches": 1,
                                                                            "Original Hash Batches": 1,
                                                                            "Peak Memory Usage": 72,
                                                                            "Workers": [
                                                                                {
                                                                                    "Worker Number": 0,
                                                                                    "Actual Startup Time": 11.587,
                                                                                    "Actual Total Time": 11.588,
                                                                                    "Actual Rows": 0,
                                                                                    "Actual Loops": 1
                                                                                },
                                                                                {
                                                                                    "Worker Number": 1,
                                                                                    "Actual Startup Time": 18.324,
                                                                                    "Actual Total Time": 18.325,
                                                                                    "Actual Rows": 20,
                                                                                    "Actual Loops": 1
                                                                                },
                                                                                {
                                                                                    "Worker Number": 2,
                                                                                    "Actual Startup Time": 12.029,
                                                                                    "Actual Total Time": 12.03,
                                                                                    "Actual Rows": 0,
                                                                                    "Actual Loops": 1
                                                                                },
                                                                                {
                                                                                    "Worker Number": 3,
                                                                                    "Actual Startup Time": 13.146,
                                                                                    "Actual Total Time": 13.147,
                                                                                    "Actual Rows": 0,
                                                                                    "Actual Loops": 1
                                                                                }
                                                                            ],
                                                                            "Plans": [
                                                                                {
                                                                                    "Node Type": "Seq Scan",
                                                                                    "Parent Relationship": "Outer",
                                                                                    "Parallel Aware": true,
                                                                                    "Relation Name": "company_name",
                                                                                    "Schema": "public",
                                                                                    "Alias": "cn",
                                                                                    "Startup Cost": 0.0,
                                                                                    "Total Cost": 5414.09,
                                                                                    "Plan Rows": 25,
                                                                                    "Plan Width": 23,
                                                                                    "Actual Startup Time": 7.426,
                                                                                    "Actual Total Time": 15.811,
                                                                                    "Actual Rows": 18,
                                                                                    "Actual Loops": 5,
                                                                                    "Output": [
                                                                                        "cn.name",
                                                                                        "cn.id"
                                                                                    ],
                                                                                    "Filter": "(((cn.country_code)::text <> '[pl]'::text) AND ((cn.name ~~ '20th Century Fox%'::text) OR (cn.name ~~ 'Twentieth Century Fox%'::text)))",
                                                                                    "Rows Removed by Filter": 46982,
                                                                                    "Workers": [
                                                                                        {
                                                                                            "Worker Number": 0,
                                                                                            "Actual Startup Time": 11.491,
                                                                                            "Actual Total Time": 11.492,
                                                                                            "Actual Rows": 0,
                                                                                            "Actual Loops": 1
                                                                                        },
                                                                                        {
                                                                                            "Worker Number": 1,
                                                                                            "Actual Startup Time": 0.431,
                                                                                            "Actual Total Time": 18.192,
                                                                                            "Actual Rows": 20,
                                                                                            "Actual Loops": 1
                                                                                        },
                                                                                        {
                                                                                            "Worker Number": 2,
                                                                                            "Actual Startup Time": 11.834,
                                                                                            "Actual Total Time": 11.834,
                                                                                            "Actual Rows": 0,
                                                                                            "Actual Loops": 1
                                                                                        },
                                                                                        {
                                                                                            "Worker Number": 3,
                                                                                            "Actual Startup Time": 13.059,
                                                                                            "Actual Total Time": 13.059,
                                                                                            "Actual Rows": 0,
                                                                                            "Actual Loops": 1
                                                                                        }
                                                                                    ]
                                                                                }
                                                                            ]
                                                                        }
                                                                    ]
                                                                },
                                                                {
                                                                    "Node Type": "Hash",
                                                                    "Parent Relationship": "Inner",
                                                                    "Parallel Aware": false,
                                                                    "Startup Cost": 1.05,
                                                                    "Total Cost": 1.05,
                                                                    "Plan Rows": 3,
                                                                    "Plan Width": 4,
                                                                    "Actual Startup Time": 0.069,
                                                                    "Actual Total Time": 0.07,
                                                                    "Actual Rows": 3,
                                                                    "Actual Loops": 5,
                                                                    "Output": [
                                                                        "ct.id"
                                                                    ],
                                                                    "Hash Buckets": 1024,
                                                                    "Original Hash Buckets": 1024,
                                                                    "Hash Batches": 1,
                                                                    "Original Hash Batches": 1,
                                                                    "Peak Memory Usage": 9,
                                                                    "Workers": [
                                                                        {
                                                                            "Worker Number": 0,
                                                                            "Actual Startup Time": 0.093,
                                                                            "Actual Total Time": 0.094,
                                                                            "Actual Rows": 3,
                                                                            "Actual Loops": 1
                                                                        },
                                                                        {
                                                                            "Worker Number": 1,
                                                                            "Actual Startup Time": 0.042,
                                                                            "Actual Total Time": 0.043,
                                                                            "Actual Rows": 3,
                                                                            "Actual Loops": 1
                                                                        },
                                                                        {
                                                                            "Worker Number": 2,
                                                                            "Actual Startup Time": 0.099,
                                                                            "Actual Total Time": 0.1,
                                                                            "Actual Rows": 3,
                                                                            "Actual Loops": 1
                                                                        },
                                                                        {
                                                                            "Worker Number": 3,
                                                                            "Actual Startup Time": 0.092,
                                                                            "Actual Total Time": 0.093,
                                                                            "Actual Rows": 3,
                                                                            "Actual Loops": 1
                                                                        }
                                                                    ],
                                                                    "Plans": [
                                                                        {
                                                                            "Node Type": "Seq Scan",
                                                                            "Parent Relationship": "Outer",
                                                                            "Parallel Aware": false,
                                                                            "Relation Name": "company_type",
                                                                            "Schema": "public",
                                                                            "Alias": "ct",
                                                                            "Startup Cost": 0.0,
                                                                            "Total Cost": 1.05,
                                                                            "Plan Rows": 3,
                                                                            "Plan Width": 4,
                                                                            "Actual Startup Time": 0.048,
                                                                            "Actual Total Time": 0.051,
                                                                            "Actual Rows": 3,
                                                                            "Actual Loops": 5,
                                                                            "Output": [
                                                                                "ct.id"
                                                                            ],
                                                                            "Filter": "((ct.kind IS NOT NULL) AND ((ct.kind)::text <> 'distributors'::text))",
                                                                            "Rows Removed by Filter": 1,
                                                                            "Workers": [
                                                                                {
                                                                                    "Worker Number": 0,
                                                                                    "Actual Startup Time": 0.065,
                                                                                    "Actual Total Time": 0.069,
                                                                                    "Actual Rows": 3,
                                                                                    "Actual Loops": 1
                                                                                },
                                                                                {
                                                                                    "Worker Number": 1,
                                                                                    "Actual Startup Time": 0.03,
                                                                                    "Actual Total Time": 0.032,
                                                                                    "Actual Rows": 3,
                                                                                    "Actual Loops": 1
                                                                                },
                                                                                {
                                                                                    "Worker Number": 2,
                                                                                    "Actual Startup Time": 0.07,
                                                                                    "Actual Total Time": 0.074,
                                                                                    "Actual Rows": 3,
                                                                                    "Actual Loops": 1
                                                                                },
                                                                                {
                                                                                    "Worker Number": 3,
                                                                                    "Actual Startup Time": 0.063,
                                                                                    "Actual Total Time": 0.068,
                                                                                    "Actual Rows": 3,
                                                                                    "Actual Loops": 1
                                                                                }
                                                                            ]
                                                                        }
                                                                    ]
                                                                }
                                                            ]
                                                        }
                                                    ]
                                                }
                                            ]
                                        }
                                    ]
                                },
                                {
                                    "Node Type": "Hash",
                                    "Parent Relationship": "Inner",
                                    "Parallel Aware": false,
                                    "Startup Cost": 2793.84,
                                    "Total Cost": 2793.84,
                                    "Plan Rows": 3,
                                    "Plan Width": 4,
                                    "Actual Startup Time": 38.516,
                                    "Actual Total Time": 38.517,
                                    "Actual Rows": 3,
                                    "Actual Loops": 1,
                                    "Output": [
                                        "k.id"
                                    ],
                                    "Hash Buckets": 1024,
                                    "Original Hash Buckets": 1024,
                                    "Hash Batches": 1,
                                    "Original Hash Batches": 1,
                                    "Peak Memory Usage": 9,
                                    "Plans": [
                                        {
                                            "Node Type": "Seq Scan",
                                            "Parent Relationship": "Outer",
                                            "Parallel Aware": false,
                                            "Relation Name": "keyword",
                                            "Schema": "public",
                                            "Alias": "k",
                                            "Startup Cost": 0.0,
                                            "Total Cost": 2793.84,
                                            "Plan Rows": 3,
                                            "Plan Width": 4,
                                            "Actual Startup Time": 0.256,
                                            "Actual Total Time": 38.495,
                                            "Actual Rows": 3,
                                            "Actual Loops": 1,
                                            "Output": [
                                                "k.id"
                                            ],
                                            "Filter": "(k.keyword = ANY ('{based-on-comic,fight,dog}'::text[]))",
                                            "Rows Removed by Filter": 134167
                                        }
                                    ]
                                }
                            ]
                        },
                        {
                            "Node Type": "Hash",
                            "Parent Relationship": "Inner",
                            "Parallel Aware": false,
                            "Startup Cost": 1.18,
                            "Total Cost": 1.18,
                            "Plan Rows": 18,
                            "Plan Width": 4,
                            "Actual Startup Time": 0.072,
                            "Actual Total Time": 0.074,
                            "Actual Rows": 18,
                            "Actual Loops": 1,
                            "Output": [
                                "lt.id"
                            ],
                            "Hash Buckets": 1024,
                            "Original Hash Buckets": 1024,
                            "Hash Batches": 1,
                            "Original Hash Batches": 1,
                            "Peak Memory Usage": 9,
                            "Plans": [
                                {
                                    "Node Type": "Seq Scan",
                                    "Parent Relationship": "Outer",
                                    "Parallel Aware": false,
                                    "Relation Name": "link_type",
                                    "Schema": "public",
                                    "Alias": "lt",
                                    "Startup Cost": 0.0,
                                    "Total Cost": 1.18,
                                    "Plan Rows": 18,
                                    "Plan Width": 4,
                                    "Actual Startup Time": 0.023,
                                    "Actual Total Time": 0.031,
                                    "Actual Rows": 18,
                                    "Actual Loops": 1,
                                    "Output": [
                                        "lt.id"
                                    ]
                                }
                            ]
                        }
                    ]
                }
            ]
        },
        "Planning Time": 1401.016,
        "Triggers": [],
        "Execution Time": 166.337
    }
]