[
  {
    "Plan": {
      "Node Type": "Aggregate",
      "Strategy": "Plain",
      "Partial Mode": "Finalize",
      "Parallel Aware": false,
      "Startup Cost": 46470.78,
      "Total Cost": 46470.79,
      "Plan Rows": 1,
      "Plan Width": 8,
      "Actual Startup Time": 174.39,
      "Actual Total Time": 183.825,
      "Actual Rows": 1,
      "Actual Loops": 1,
      "Plans": [
        {
          "Node Type": "Gather",
          "Parent Relationship": "Outer",
          "Parallel Aware": false,
          "Startup Cost": 46470.47,
          "Total Cost": 46470.78,
          "Plan Rows": 3,
          "Plan Width": 8,
          "Actual Startup Time": 174.282,
          "Actual Total Time": 183.816,
          "Actual Rows": 4,
          "Actual Loops": 1,
          "Workers Planned": 3,
          "Workers Launched": 3,
          "Single Copy": false,
          "Plans": [
            {
              "Node Type": "Aggregate",
              "Strategy": "Plain",
              "Partial Mode": "Partial",
              "Parent Relationship": "Outer",
              "Parallel Aware": false,
              "Startup Cost": 45470.47,
              "Total Cost": 45470.48,
              "Plan Rows": 1,
              "Plan Width": 8,
              "Actual Startup Time": 167.592,
              "Actual Total Time": 167.593,
              "Actual Rows": 1,
              "Actual Loops": 4,
              "Plans": [
                {
                  "Node Type": "Seq Scan",
                  "Parent Relationship": "Outer",
                  "Parallel Aware": true,
                  "Relation Name": "movie_keyword",
                  "Alias": "mk",
                  "Startup Cost": 0.0,
                  "Total Cost": 42695.65,
                  "Plan Rows": 1109925,
                  "Plan Width": 0,
                  "Actual Startup Time": 0.049,
                  "Actual Total Time": 126.979,
                  "Actual Rows": 859890,
                  "Actual Loops": 4,
                  "Filter": "(keyword_id < 16308)",
                  "Rows Removed by Filter": 271093
                }
              ]
            }
          ]
        }
      ]
    },
    "Planning Time": 0.089,
    "Triggers": [],
    "Execution Time": 183.857
  }
]