[
  {
    "Plan": {
      "Node Type": "Aggregate",
      "Strategy": "Plain",
      "Partial Mode": "Finalize",
      "Parallel Aware": false,
      "Startup Cost": 57088.94,
      "Total Cost": 57088.95,
      "Plan Rows": 1,
      "Plan Width": 8,
      "Actual Startup Time": 204.634,
      "Actual Total Time": 216.218,
      "Actual Rows": 1,
      "Actual Loops": 1,
      "Plans": [
        {
          "Node Type": "Gather",
          "Parent Relationship": "Outer",
          "Parallel Aware": false,
          "Startup Cost": 57088.62,
          "Total Cost": 57088.93,
          "Plan Rows": 3,
          "Plan Width": 8,
          "Actual Startup Time": 202.614,
          "Actual Total Time": 216.21,
          "Actual Rows": 4,
          "Actual Loops": 1,
          "Workers Planned": 3,
          "Workers Launched": 3,
          "Single Copy": false,
          "Plans": [
            {
              "Node Type": "Aggregate",
              "Strategy": "Plain",
              "Partial Mode": "Partial",
              "Parent Relationship": "Outer",
              "Parallel Aware": false,
              "Startup Cost": 56088.62,
              "Total Cost": 56088.63,
              "Plan Rows": 1,
              "Plan Width": 8,
              "Actual Startup Time": 193.942,
              "Actual Total Time": 193.945,
              "Actual Rows": 1,
              "Actual Loops": 4,
              "Plans": [
                {
                  "Node Type": "Hash Join",
                  "Parent Relationship": "Outer",
                  "Parallel Aware": true,
                  "Join Type": "Inner",
                  "Startup Cost": 47423.45,
                  "Total Cost": 56076.22,
                  "Plan Rows": 4963,
                  "Plan Width": 0,
                  "Actual Startup Time": 162.646,
                  "Actual Total Time": 193.374,
                  "Actual Rows": 13543,
                  "Actual Loops": 4,
                  "Inner Unique": true,
                  "Hash Cond": "(ci.movie_id = t.id)",
                  "Plans": [
                    {
                      "Node Type": "Index Scan",
                      "Parent Relationship": "Outer",
                      "Parallel Aware": true,
                      "Scan Direction": "Forward",
                      "Index Name": "role_id_cast_info",
                      "Relation Name": "cast_info",
                      "Alias": "ci",
                      "Startup Cost": 0.56,
                      "Total Cost": 8600.37,
                      "Plan Rows": 20174,
                      "Plan Width": 4,
                      "Actual Startup Time": 0.292,
                      "Actual Total Time": 13.278,
                      "Actual Rows": 54941,
                      "Actual Loops": 4,
                      "Index Cond": "(role_id > 10)",
                      "Rows Removed by Index Recheck": 0,
                      "Filter": "(person_id > 2921292)",
                      "Rows Removed by Filter": 24088
                    },
                    {
                      "Node Type": "Hash",
                      "Parent Relationship": "Inner",
                      "Parallel Aware": true,
                      "Startup Cost": 45479.1,
                      "Total Cost": 45479.1,
                      "Plan Rows": 155503,
                      "Plan Width": 4,
                      "Actual Startup Time": 157.41,
                      "Actual Total Time": 157.411,
                      "Actual Rows": 125482,
                      "Actual Loops": 4,
                      "Hash Buckets": 1048576,
                      "Original Hash Buckets": 1048576,
                      "Hash Batches": 1,
                      "Original Hash Batches": 1,
                      "Peak Memory Usage": 27904,
                      "Plans": [
                        {
                          "Node Type": "Seq Scan",
                          "Parent Relationship": "Outer",
                          "Parallel Aware": true,
                          "Relation Name": "title",
                          "Alias": "t",
                          "Startup Cost": 0.0,
                          "Total Cost": 45479.1,
                          "Plan Rows": 155503,
                          "Plan Width": 4,
                          "Actual Startup Time": 0.043,
                          "Actual Total Time": 105.383,
                          "Actual Rows": 125482,
                          "Actual Loops": 4,
                          "Filter": "((kind_id > 1) AND (production_year < 1996))",
                          "Rows Removed by Filter": 506596
                        }
                      ]
                    }
                  ]
                }
              ]
            }
          ]
        }
      ]
    },
    "Planning Time": 0.654,
    "Triggers": [],
    "Execution Time": 216.296
  }
]