{
  "Plan": {
    "Node Type": "Aggregate",
    "Strategy": "Plain",
    "Partial Mode": "Finalize",
    "Parallel Aware": false,
    "Startup Cost": 355788.84,
    "Total Cost": 355788.85,
    "Plan Rows": 1,
    "Plan Width": 8,
    "Actual Startup Time": 650.074,
    "Actual Total Time": 679.67,
    "Actual Rows": 1,
    "Actual Loops": 1,
    "Plans": [
      {
        "Node Type": "Gather",
        "Parent Relationship": "Outer",
        "Parallel Aware": false,
        "Startup Cost": 355788.72,
        "Total Cost": 355788.83,
        "Plan Rows": 1,
        "Plan Width": 8,
        "Actual Startup Time": 649.773,
        "Actual Total Time": 679.663,
        "Actual Rows": 2,
        "Actual Loops": 1,
        "Workers Planned": 1,
        "Workers Launched": 1,
        "Single Copy": false,
        "Plans": [
          {
            "Node Type": "Aggregate",
            "Strategy": "Plain",
            "Partial Mode": "Partial",
            "Parent Relationship": "Outer",
            "Parallel Aware": false,
            "Startup Cost": 354788.72,
            "Total Cost": 354788.73,
            "Plan Rows": 1,
            "Plan Width": 8,
            "Actual Startup Time": 643.761,
            "Actual Total Time": 643.764,
            "Actual Rows": 1,
            "Actual Loops": 2,
            "Plans": [
              {
                "Node Type": "Nested Loop",
                "Parent Relationship": "Outer",
                "Parallel Aware": false,
                "Join Type": "Inner",
                "Startup Cost": 59180.0,
                "Total Cost": 352961.74,
                "Plan Rows": 730795,
                "Plan Width": 0,
                "Actual Startup Time": 156.262,
                "Actual Total Time": 632.963,
                "Actual Rows": 226137,
                "Actual Loops": 2,
                "Inner Unique": false,
                "Join Filter": "(t.id = mi.movie_id)",
                "Rows Removed by Join Filter": 0,
                "Plans": [
                  {
                    "Node Type": "Hash Join",
                    "Parent Relationship": "Outer",
                    "Parallel Aware": true,
                    "Join Type": "Inner",
                    "Startup Cost": 59179.57,
                    "Total Cost": 117230.41,
                    "Plan Rows": 124980,
                    "Plan Width": 8,
                    "Actual Startup Time": 156.201,
                    "Actual Total Time": 488.493,
                    "Actual Rows": 25286,
                    "Actual Loops": 2,
                    "Inner Unique": true,
                    "Hash Cond": "(mk.movie_id = t.id)",
                    "Plans": [
                      {
                        "Node Type": "Seq Scan",
                        "Parent Relationship": "Outer",
                        "Parallel Aware": true,
                        "Relation Name": "movie_keyword",
                        "Alias": "mk",
                        "Startup Cost": 0.0,
                        "Total Cost": 51065.35,
                        "Plan Rows": 2661135,
                        "Plan Width": 4,
                        "Actual Startup Time": 0.013,
                        "Actual Total Time": 152.829,
                        "Actual Rows": 2261965,
                        "Actual Loops": 2
                      },
                      {
                        "Node Type": "Hash",
                        "Parent Relationship": "Inner",
                        "Parallel Aware": true,
                        "Startup Cost": 58306.47,
                        "Total Cost": 58306.47,
                        "Plan Rows": 69848,
                        "Plan Width": 4,
                        "Actual Startup Time": 153.825,
                        "Actual Total Time": 153.825,
                        "Actual Rows": 62374,
                        "Actual Loops": 2,
                        "Hash Buckets": 131072,
                        "Original Hash Buckets": 131072,
                        "Hash Batches": 1,
                        "Original Hash Batches": 1,
                        "Peak Memory Usage": 5952,
                        "Plans": [
                          {
                            "Node Type": "Seq Scan",
                            "Parent Relationship": "Outer",
                            "Parallel Aware": true,
                            "Relation Name": "title",
                            "Alias": "t",
                            "Startup Cost": 0.0,
                            "Total Cost": 58306.47,
                            "Plan Rows": 69848,
                            "Plan Width": 4,
                            "Actual Startup Time": 0.032,
                            "Actual Total Time": 137.431,
                            "Actual Rows": 62374,
                            "Actual Loops": 2,
                            "Filter": "((kind_id > 1) AND (production_year = 2012))",
                            "Rows Removed by Filter": 1201782
                          }
                        ]
                      }
                    ]
                  },
                  {
                    "Node Type": "Index Only Scan",
                    "Parent Relationship": "Inner",
                    "Parallel Aware": false,
                    "Scan Direction": "Forward",
                    "Index Name": "movie_id_movie_info",
                    "Relation Name": "movie_info",
                    "Alias": "mi",
                    "Startup Cost": 0.43,
                    "Total Cost": 1.36,
                    "Plan Rows": 42,
                    "Plan Width": 4,
                    "Actual Startup Time": 0.002,
                    "Actual Total Time": 0.005,
                    "Actual Rows": 9,
                    "Actual Loops": 50573,
                    "Index Cond": "(movie_id = mk.movie_id)",
                    "Rows Removed by Index Recheck": 0,
                    "Heap Fetches": 452274
                  }
                ]
              }
            ]
          }
        ]
      }
    ]
  },
  "Planning Time": 0.941,
  "Triggers": [],
  "Execution Time": 679.764
}