{
  "Plan": {
    "Node Type": "Aggregate",
    "Strategy": "Plain",
    "Partial Mode": "Finalize",
    "Parallel Aware": false,
    "Startup Cost": 638729.59,
    "Total Cost": 638729.6,
    "Plan Rows": 1,
    "Plan Width": 8,
    "Actual Startup Time": 1587.44,
    "Actual Total Time": 1638.885,
    "Actual Rows": 1,
    "Actual Loops": 1,
    "Plans": [
      {
        "Node Type": "Gather",
        "Parent Relationship": "Outer",
        "Parallel Aware": false,
        "Startup Cost": 638729.47,
        "Total Cost": 638729.58,
        "Plan Rows": 1,
        "Plan Width": 8,
        "Actual Startup Time": 1587.233,
        "Actual Total Time": 1638.874,
        "Actual Rows": 2,
        "Actual Loops": 1,
        "Workers Planned": 1,
        "Workers Launched": 1,
        "Single Copy": false,
        "Plans": [
          {
            "Node Type": "Aggregate",
            "Strategy": "Plain",
            "Partial Mode": "Partial",
            "Parent Relationship": "Outer",
            "Parallel Aware": false,
            "Startup Cost": 637729.47,
            "Total Cost": 637729.48,
            "Plan Rows": 1,
            "Plan Width": 8,
            "Actual Startup Time": 1581.644,
            "Actual Total Time": 1581.647,
            "Actual Rows": 1,
            "Actual Loops": 2,
            "Plans": [
              {
                "Node Type": "Hash Join",
                "Parent Relationship": "Outer",
                "Parallel Aware": true,
                "Join Type": "Inner",
                "Startup Cost": 54854.24,
                "Total Cost": 637588.0,
                "Plan Rows": 56589,
                "Plan Width": 0,
                "Actual Startup Time": 813.853,
                "Actual Total Time": 1580.921,
                "Actual Rows": 14725,
                "Actual Loops": 2,
                "Inner Unique": true,
                "Hash Cond": "(ci.movie_id = t.id)",
                "Plans": [
                  {
                    "Node Type": "Seq Scan",
                    "Parent Relationship": "Outer",
                    "Parallel Aware": true,
                    "Relation Name": "cast_info",
                    "Alias": "ci",
                    "Startup Cost": 0.0,
                    "Total Cost": 572345.93,
                    "Plan Rows": 3957261,
                    "Plan Width": 4,
                    "Actual Startup Time": 675.439,
                    "Actual Total Time": 1365.091,
                    "Actual Rows": 925149,
                    "Actual Loops": 2,
                    "Filter": "((person_id > 2460382) AND (role_id < 3))",
                    "Rows Removed by Filter": 17197023
                  },
                  {
                    "Node Type": "Hash",
                    "Parent Relationship": "Inner",
                    "Parallel Aware": true,
                    "Startup Cost": 54588.39,
                    "Total Cost": 54588.39,
                    "Plan Rows": 21268,
                    "Plan Width": 4,
                    "Actual Startup Time": 136.801,
                    "Actual Total Time": 136.802,
                    "Actual Rows": 18218,
                    "Actual Loops": 2,
                    "Hash Buckets": 65536,
                    "Original Hash Buckets": 65536,
                    "Hash Batches": 1,
                    "Original Hash Batches": 1,
                    "Peak Memory Usage": 1984,
                    "Plans": [
                      {
                        "Node Type": "Seq Scan",
                        "Parent Relationship": "Outer",
                        "Parallel Aware": true,
                        "Relation Name": "title",
                        "Alias": "t",
                        "Startup Cost": 0.0,
                        "Total Cost": 54588.39,
                        "Plan Rows": 21268,
                        "Plan Width": 4,
                        "Actual Startup Time": 0.036,
                        "Actual Total Time": 130.49,
                        "Actual Rows": 18218,
                        "Actual Loops": 2,
                        "Filter": "(production_year = 1995)",
                        "Rows Removed by Filter": 1245938
                      }
                    ]
                  }
                ]
              }
            ]
          }
        ]
      }
    ]
  },
  "Planning Time": 0.477,
  "Triggers": [],
  "Execution Time": 1638.966
}