{
  "Plan": {
    "Node Type": "Aggregate",
    "Strategy": "Plain",
    "Partial Mode": "Simple",
    "Parallel Aware": false,
    "Startup Cost": 178342.22,
    "Total Cost": 178342.23,
    "Plan Rows": 1,
    "Plan Width": 64,
    "Actual Startup Time": 452.413,
    "Actual Total Time": 452.419,
    "Actual Rows": 1,
    "Actual Loops": 1,
    "Plans": [
      {
        "Node Type": "Nested Loop",
        "Parent Relationship": "Outer",
        "Parallel Aware": false,
        "Join Type": "Inner",
        "Startup Cost": 3840.05,
        "Total Cost": 178342.21,
        "Plan Rows": 1,
        "Plan Width": 60,
        "Actual Startup Time": 425.427,
        "Actual Total Time": 452.405,
        "Actual Rows": 6,
        "Actual Loops": 1,
        "Inner Unique": true,
        "Plans": [
          {
            "Node Type": "Nested Loop",
            "Parent Relationship": "Outer",
            "Parallel Aware": false,
            "Join Type": "Inner",
            "Startup Cost": 3839.62,
            "Total Cost": 178340.74,
            "Plan Rows": 3,
            "Plan Width": 59,
            "Actual Startup Time": 351.172,
            "Actual Total Time": 452.356,
            "Actual Rows": 16,
            "Actual Loops": 1,
            "Inner Unique": false,
            "Plans": [
              {
                "Node Type": "Nested Loop",
                "Parent Relationship": "Outer",
                "Parallel Aware": false,
                "Join Type": "Inner",
                "Startup Cost": 3839.2,
                "Total Cost": 178340.23,
                "Plan Rows": 1,
                "Plan Width": 55,
                "Actual Startup Time": 351.14,
                "Actual Total Time": 452.28,
                "Actual Rows": 13,
                "Actual Loops": 1,
                "Inner Unique": true,
                "Plans": [
                  {
                    "Node Type": "Nested Loop",
                    "Parent Relationship": "Outer",
                    "Parallel Aware": false,
                    "Join Type": "Inner",
                    "Startup Cost": 3838.78,
                    "Total Cost": 178337.03,
                    "Plan Rows": 2,
                    "Plan Width": 59,
                    "Actual Startup Time": 139.025,
                    "Actual Total Time": 449.286,
                    "Actual Rows": 1602,
                    "Actual Loops": 1,
                    "Inner Unique": true,
                    "Plans": [
                      {
                        "Node Type": "Nested Loop",
                        "Parent Relationship": "Outer",
                        "Parallel Aware": false,
                        "Join Type": "Inner",
                        "Startup Cost": 3838.65,
                        "Total Cost": 178336.72,
                        "Plan Rows": 2,
                        "Plan Width": 63,
                        "Actual Startup Time": 139.016,
                        "Actual Total Time": 447.883,
                        "Actual Rows": 1602,
                        "Actual Loops": 1,
                        "Inner Unique": false,
                        "Plans": [
                          {
                            "Node Type": "Nested Loop",
                            "Parent Relationship": "Outer",
                            "Parallel Aware": false,
                            "Join Type": "Inner",
                            "Startup Cost": 3838.22,
                            "Total Cost": 178309.58,
                            "Plan Rows": 47,
                            "Plan Width": 51,
                            "Actual Startup Time": 139.002,
                            "Actual Total Time": 438.08,
                            "Actual Rows": 4429,
                            "Actual Loops": 1,
                            "Inner Unique": true,
                            "Plans": [
                              {
                                "Node Type": "Nested Loop",
                                "Parent Relationship": "Outer",
                                "Parallel Aware": false,
                                "Join Type": "Inner",
                                "Startup Cost": 3837.8,
                                "Total Cost": 178288.96,
                                "Plan Rows": 47,
                                "Plan Width": 55,
                                "Actual Startup Time": 138.987,
                                "Actual Total Time": 427.583,
                                "Actual Rows": 4429,
                                "Actual Loops": 1,
                                "Inner Unique": false,
                                "Plans": [
                                  {
                                    "Node Type": "Nested Loop",
                                    "Parent Relationship": "Outer",
                                    "Parallel Aware": false,
                                    "Join Type": "Inner",
                                    "Startup Cost": 3837.36,
                                    "Total Cost": 178250.18,
                                    "Plan Rows": 4,
                                    "Plan Width": 47,
                                    "Actual Startup Time": 138.969,
                                    "Actual Total Time": 419.714,
                                    "Actual Rows": 1771,
                                    "Actual Loops": 1,
                                    "Inner Unique": false,
                                    "Plans": [
                                      {
                                        "Node Type": "Seq Scan",
                                        "Parent Relationship": "Outer",
                                        "Parallel Aware": false,
                                        "Relation Name": "info_type",
                                        "Alias": "it1",
                                        "Startup Cost": 0.0,
                                        "Total Cost": 2.41,
                                        "Plan Rows": 1,
                                        "Plan Width": 4,
                                        "Actual Startup Time": 0.029,
                                        "Actual Total Time": 0.037,
                                        "Actual Rows": 1,
                                        "Actual Loops": 1,
                                        "Filter": "((info)::text = 'release dates'::text)",
                                        "Rows Removed by Filter": 112
                                      },
                                      {
                                        "Node Type": "Bitmap Heap Scan",
                                        "Parent Relationship": "Inner",
                                        "Parallel Aware": false,
                                        "Relation Name": "movie_info",
                                        "Alias": "mi",
                                        "Startup Cost": 3837.36,
                                        "Total Cost": 178247.7,
                                        "Plan Rows": 7,
                                        "Plan Width": 51,
                                        "Actual Startup Time": 138.928,
                                        "Actual Total Time": 419.483,
                                        "Actual Rows": 1771,
                                        "Actual Loops": 1,
                                        "Recheck Cond": "(info_type_id = it1.id)",
                                        "Rows Removed by Index Recheck": 0,
                                        "Filter": "((note ~~ '%internet%'::text) AND (info ~~ 'USA:% 200%'::text))",
                                        "Rows Removed by Filter": 3034948,
                                        "Exact Heap Blocks": 25448,
                                        "Lossy Heap Blocks": 0,
                                        "Plans": [
                                          {
                                            "Node Type": "Bitmap Index Scan",
                                            "Parent Relationship": "Outer",
                                            "Parallel Aware": false,
                                            "Index Name": "info_type_id_movie_info",
                                            "Startup Cost": 0.0,
                                            "Total Cost": 3837.36,
                                            "Plan Rows": 215057,
                                            "Plan Width": 0,
                                            "Actual Startup Time": 135.516,
                                            "Actual Total Time": 135.517,
                                            "Actual Rows": 3036719,
                                            "Actual Loops": 1,
                                            "Index Cond": "(info_type_id = it1.id)"
                                          }
                                        ]
                                      }
                                    ]
                                  },
                                  {
                                    "Node Type": "Index Scan",
                                    "Parent Relationship": "Inner",
                                    "Parallel Aware": false,
                                    "Scan Direction": "Forward",
                                    "Index Name": "movie_id_movie_keyword",
                                    "Relation Name": "movie_keyword",
                                    "Alias": "mk",
                                    "Startup Cost": 0.43,
                                    "Total Cost": 9.23,
                                    "Plan Rows": 46,
                                    "Plan Width": 8,
                                    "Actual Startup Time": 0.004,
                                    "Actual Total Time": 0.004,
                                    "Actual Rows": 3,
                                    "Actual Loops": 1771,
                                    "Index Cond": "(movie_id = mi.movie_id)",
                                    "Rows Removed by Index Recheck": 0
                                  }
                                ]
                              },
                              {
                                "Node Type": "Index Only Scan",
                                "Parent Relationship": "Inner",
                                "Parallel Aware": false,
                                "Scan Direction": "Forward",
                                "Index Name": "keyword_pkey",
                                "Relation Name": "keyword",
                                "Alias": "k",
                                "Startup Cost": 0.42,
                                "Total Cost": 0.44,
                                "Plan Rows": 1,
                                "Plan Width": 4,
                                "Actual Startup Time": 0.002,
                                "Actual Total Time": 0.002,
                                "Actual Rows": 1,
                                "Actual Loops": 4429,
                                "Index Cond": "(id = mk.keyword_id)",
                                "Rows Removed by Index Recheck": 0,
                                "Heap Fetches": 4429
                              }
                            ]
                          },
                          {
                            "Node Type": "Index Scan",
                            "Parent Relationship": "Inner",
                            "Parallel Aware": false,
                            "Scan Direction": "Forward",
                            "Index Name": "movie_id_movie_companies",
                            "Relation Name": "movie_companies",
                            "Alias": "mc",
                            "Startup Cost": 0.43,
                            "Total Cost": 0.57,
                            "Plan Rows": 1,
                            "Plan Width": 12,
                            "Actual Startup Time": 0.002,
                            "Actual Total Time": 0.002,
                            "Actual Rows": 0,
                            "Actual Loops": 4429,
                            "Index Cond": "(movie_id = mk.movie_id)",
                            "Rows Removed by Index Recheck": 0,
                            "Filter": "((note ~~ '%(200%)%'::text) AND (note ~~ '%(worldwide)%'::text))",
                            "Rows Removed by Filter": 2
                          }
                        ]
                      },
                      {
                        "Node Type": "Index Only Scan",
                        "Parent Relationship": "Inner",
                        "Parallel Aware": false,
                        "Scan Direction": "Forward",
                        "Index Name": "company_type_pkey",
                        "Relation Name": "company_type",
                        "Alias": "ct",
                        "Startup Cost": 0.13,
                        "Total Cost": 0.15,
                        "Plan Rows": 1,
                        "Plan Width": 4,
                        "Actual Startup Time": 0.001,
                        "Actual Total Time": 0.001,
                        "Actual Rows": 1,
                        "Actual Loops": 1602,
                        "Index Cond": "(id = mc.company_type_id)",
                        "Rows Removed by Index Recheck": 0,
                        "Heap Fetches": 1602
                      }
                    ]
                  },
                  {
                    "Node Type": "Index Scan",
                    "Parent Relationship": "Inner",
                    "Parallel Aware": false,
                    "Scan Direction": "Forward",
                    "Index Name": "company_name_pkey",
                    "Relation Name": "company_name",
                    "Alias": "cn",
                    "Startup Cost": 0.42,
                    "Total Cost": 1.21,
                    "Plan Rows": 1,
                    "Plan Width": 4,
                    "Actual Startup Time": 0.002,
                    "Actual Total Time": 0.002,
                    "Actual Rows": 0,
                    "Actual Loops": 1602,
                    "Index Cond": "(id = mc.company_id)",
                    "Rows Removed by Index Recheck": 0,
                    "Filter": "(((country_code)::text = '[us]'::text) AND (name = 'Maxim Media International'::text))",
                    "Rows Removed by Filter": 1
                  }
                ]
              },
              {
                "Node Type": "Index Only Scan",
                "Parent Relationship": "Inner",
                "Parallel Aware": false,
                "Scan Direction": "Forward",
                "Index Name": "movie_id_aka_title",
                "Relation Name": "aka_title",
                "Alias": "at",
                "Startup Cost": 0.42,
                "Total Cost": 0.48,
                "Plan Rows": 3,
                "Plan Width": 4,
                "Actual Startup Time": 0.005,
                "Actual Total Time": 0.005,
                "Actual Rows": 1,
                "Actual Loops": 13,
                "Index Cond": "(movie_id = mk.movie_id)",
                "Rows Removed by Index Recheck": 0,
                "Heap Fetches": 16
              }
            ]
          },
          {
            "Node Type": "Index Scan",
            "Parent Relationship": "Inner",
            "Parallel Aware": false,
            "Scan Direction": "Forward",
            "Index Name": "title_pkey",
            "Relation Name": "title",
            "Alias": "t",
            "Startup Cost": 0.43,
            "Total Cost": 0.49,
            "Plan Rows": 1,
            "Plan Width": 21,
            "Actual Startup Time": 0.002,
            "Actual Total Time": 0.002,
            "Actual Rows": 0,
            "Actual Loops": 16,
            "Index Cond": "(id = mk.movie_id)",
            "Rows Removed by Index Recheck": 0,
            "Filter": "((production_year >= 2002) AND (production_year <= 2008))",
            "Rows Removed by Filter": 1
          }
        ]
      }
    ]
  },
  "Planning Time": 2.981,
  "Triggers": [],
  "Execution Time": 452.646
}