[
  {
    "Plan": {
      "Node Type": "Aggregate",
      "Strategy": "Plain",
      "Partial Mode": "Finalize",
      "Parallel Aware": false,
      "Startup Cost": 15015.01,
      "Total Cost": 15015.02,
      "Plan Rows": 1,
      "Plan Width": 8,
      "Actual Startup Time": 10.862,
      "Actual Total Time": 12.535,
      "Actual Rows": 1,
      "Actual Loops": 1,
      "Plans": [
        {
          "Node Type": "Gather",
          "Parent Relationship": "Outer",
          "Parallel Aware": false,
          "Startup Cost": 15014.9,
          "Total Cost": 15015.01,
          "Plan Rows": 1,
          "Plan Width": 8,
          "Actual Startup Time": 10.756,
          "Actual Total Time": 12.528,
          "Actual Rows": 2,
          "Actual Loops": 1,
          "Workers Planned": 1,
          "Workers Launched": 1,
          "Single Copy": false,
          "Plans": [
            {
              "Node Type": "Aggregate",
              "Strategy": "Plain",
              "Partial Mode": "Partial",
              "Parent Relationship": "Outer",
              "Parallel Aware": false,
              "Startup Cost": 14014.9,
              "Total Cost": 14014.91,
              "Plan Rows": 1,
              "Plan Width": 8,
              "Actual Startup Time": 8.058,
              "Actual Total Time": 8.059,
              "Actual Rows": 1,
              "Actual Loops": 2,
              "Plans": [
                {
                  "Node Type": "Nested Loop",
                  "Parent Relationship": "Outer",
                  "Parallel Aware": false,
                  "Join Type": "Inner",
                  "Startup Cost": 42.83,
                  "Total Cost": 14013.97,
                  "Plan Rows": 372,
                  "Plan Width": 0,
                  "Actual Startup Time": 0.565,
                  "Actual Total Time": 7.945,
                  "Actual Rows": 769,
                  "Actual Loops": 2,
                  "Inner Unique": false,
                  "Plans": [
                    {
                      "Node Type": "Nested Loop",
                      "Parent Relationship": "Outer",
                      "Parallel Aware": false,
                      "Join Type": "Inner",
                      "Startup Cost": 42.41,
                      "Total Cost": 13469.21,
                      "Plan Rows": 1028,
                      "Plan Width": 8,
                      "Actual Startup Time": 0.457,
                      "Actual Total Time": 4.745,
                      "Actual Rows": 796,
                      "Actual Loops": 2,
                      "Inner Unique": true,
                      "Plans": [
                        {
                          "Node Type": "Bitmap Heap Scan",
                          "Parent Relationship": "Outer",
                          "Parallel Aware": true,
                          "Relation Name": "movie_companies",
                          "Alias": "mc",
                          "Startup Cost": 41.98,
                          "Total Cost": 5243.89,
                          "Plan Rows": 1028,
                          "Plan Width": 4,
                          "Actual Startup Time": 0.387,
                          "Actual Total Time": 0.724,
                          "Actual Rows": 796,
                          "Actual Loops": 2,
                          "Recheck Cond": "(company_id > 233442)",
                          "Rows Removed by Index Recheck": 0,
                          "Exact Heap Blocks": 64,
                          "Lossy Heap Blocks": 0,
                          "Plans": [
                            {
                              "Node Type": "Bitmap Index Scan",
                              "Parent Relationship": "Outer",
                              "Parallel Aware": false,
                              "Index Name": "company_id_movie_companies",
                              "Startup Cost": 0.0,
                              "Total Cost": 41.54,
                              "Plan Rows": 1748,
                              "Plan Width": 0,
                              "Actual Startup Time": 0.696,
                              "Actual Total Time": 0.696,
                              "Actual Rows": 1591,
                              "Actual Loops": 1,
                              "Index Cond": "(company_id > 233442)"
                            }
                          ]
                        },
                        {
                          "Node Type": "Index Only Scan",
                          "Parent Relationship": "Inner",
                          "Parallel Aware": false,
                          "Scan Direction": "Forward",
                          "Index Name": "title_pkey",
                          "Relation Name": "title",
                          "Alias": "t",
                          "Startup Cost": 0.43,
                          "Total Cost": 8.0,
                          "Plan Rows": 1,
                          "Plan Width": 4,
                          "Actual Startup Time": 0.004,
                          "Actual Total Time": 0.004,
                          "Actual Rows": 1,
                          "Actual Loops": 1591,
                          "Index Cond": "(id = mc.movie_id)",
                          "Rows Removed by Index Recheck": 0,
                          "Heap Fetches": 1591
                        }
                      ]
                    },
                    {
                      "Node Type": "Index Scan",
                      "Parent Relationship": "Inner",
                      "Parallel Aware": false,
                      "Scan Direction": "Forward",
                      "Index Name": "movie_id_movie_info_idx",
                      "Relation Name": "movie_info_idx",
                      "Alias": "mi_idx",
                      "Startup Cost": 0.43,
                      "Total Cost": 0.51,
                      "Plan Rows": 2,
                      "Plan Width": 4,
                      "Actual Startup Time": 0.003,
                      "Actual Total Time": 0.004,
                      "Actual Rows": 1,
                      "Actual Loops": 1591,
                      "Index Cond": "(movie_id = t.id)",
                      "Rows Removed by Index Recheck": 0,
                      "Filter": "(info_type_id < 101)",
                      "Rows Removed by Filter": 0
                    }
                  ]
                }
              ]
            }
          ]
        }
      ]
    },
    "Planning Time": 0.746,
    "Triggers": [],
    "Execution Time": 12.6
  }
]