[
  {
    "Plan": {
      "Node Type": "Aggregate",
      "Strategy": "Plain",
      "Partial Mode": "Finalize",
      "Parallel Aware": false,
      "Startup Cost": 89715.51,
      "Total Cost": 89715.52,
      "Plan Rows": 1,
      "Plan Width": 8,
      "Actual Startup Time": 324.427,
      "Actual Total Time": 341.594,
      "Actual Rows": 1,
      "Actual Loops": 1,
      "Plans": [
        {
          "Node Type": "Gather",
          "Parent Relationship": "Outer",
          "Parallel Aware": false,
          "Startup Cost": 89715.19,
          "Total Cost": 89715.5,
          "Plan Rows": 3,
          "Plan Width": 8,
          "Actual Startup Time": 323.419,
          "Actual Total Time": 341.586,
          "Actual Rows": 4,
          "Actual Loops": 1,
          "Workers Planned": 3,
          "Workers Launched": 3,
          "Single Copy": false,
          "Plans": [
            {
              "Node Type": "Aggregate",
              "Strategy": "Plain",
              "Partial Mode": "Partial",
              "Parent Relationship": "Outer",
              "Parallel Aware": false,
              "Startup Cost": 88715.19,
              "Total Cost": 88715.2,
              "Plan Rows": 1,
              "Plan Width": 8,
              "Actual Startup Time": 318.108,
              "Actual Total Time": 318.113,
              "Actual Rows": 1,
              "Actual Loops": 4,
              "Plans": [
                {
                  "Node Type": "Hash Join",
                  "Parent Relationship": "Outer",
                  "Parallel Aware": true,
                  "Join Type": "Inner",
                  "Startup Cost": 45724.17,
                  "Total Cost": 88602.25,
                  "Plan Rows": 45175,
                  "Plan Width": 0,
                  "Actual Startup Time": 111.78,
                  "Actual Total Time": 310.786,
                  "Actual Rows": 161605,
                  "Actual Loops": 4,
                  "Inner Unique": true,
                  "Hash Cond": "(mk.movie_id = t.id)",
                  "Plans": [
                    {
                      "Node Type": "Seq Scan",
                      "Parent Relationship": "Outer",
                      "Parallel Aware": true,
                      "Relation Name": "movie_keyword",
                      "Alias": "mk",
                      "Startup Cost": 0.0,
                      "Total Cost": 39047.32,
                      "Plan Rows": 1459332,
                      "Plan Width": 4,
                      "Actual Startup Time": 0.027,
                      "Actual Total Time": 91.561,
                      "Actual Rows": 1130982,
                      "Actual Loops": 4
                    },
                    {
                      "Node Type": "Hash",
                      "Parent Relationship": "Inner",
                      "Parallel Aware": true,
                      "Startup Cost": 45479.59,
                      "Total Cost": 45479.59,
                      "Plan Rows": 19567,
                      "Plan Width": 4,
                      "Actual Startup Time": 110.727,
                      "Actual Total Time": 110.728,
                      "Actual Rows": 45954,
                      "Actual Loops": 4,
                      "Hash Buckets": 262144,
                      "Original Hash Buckets": 131072,
                      "Hash Batches": 1,
                      "Original Hash Batches": 1,
                      "Peak Memory Usage": 10336,
                      "Plans": [
                        {
                          "Node Type": "Seq Scan",
                          "Parent Relationship": "Outer",
                          "Parallel Aware": true,
                          "Relation Name": "title",
                          "Alias": "t",
                          "Startup Cost": 0.0,
                          "Total Cost": 45479.59,
                          "Plan Rows": 19567,
                          "Plan Width": 4,
                          "Actual Startup Time": 0.297,
                          "Actual Total Time": 91.663,
                          "Actual Rows": 45954,
                          "Actual Loops": 4,
                          "Filter": "((kind_id < 7) AND (production_year < 1957))",
                          "Rows Removed by Filter": 586124
                        }
                      ]
                    }
                  ]
                }
              ]
            }
          ]
        }
      ]
    },
    "Planning Time": 0.473,
    "Triggers": [],
    "Execution Time": 341.632
  }
]