[
  {
    "Plan": {
      "Node Type": "Aggregate",
      "Strategy": "Plain",
      "Partial Mode": "Finalize",
      "Parallel Aware": false,
      "Startup Cost": 89720.36,
      "Total Cost": 89720.37,
      "Plan Rows": 1,
      "Plan Width": 8,
      "Actual Startup Time": 316.744,
      "Actual Total Time": 335.317,
      "Actual Rows": 1,
      "Actual Loops": 1,
      "Plans": [
        {
          "Node Type": "Gather",
          "Parent Relationship": "Outer",
          "Parallel Aware": false,
          "Startup Cost": 89720.04,
          "Total Cost": 89720.35,
          "Plan Rows": 3,
          "Plan Width": 8,
          "Actual Startup Time": 315.82,
          "Actual Total Time": 335.307,
          "Actual Rows": 4,
          "Actual Loops": 1,
          "Workers Planned": 3,
          "Workers Launched": 3,
          "Single Copy": false,
          "Plans": [
            {
              "Node Type": "Aggregate",
              "Strategy": "Plain",
              "Partial Mode": "Partial",
              "Parent Relationship": "Outer",
              "Parallel Aware": false,
              "Startup Cost": 88720.04,
              "Total Cost": 88720.05,
              "Plan Rows": 1,
              "Plan Width": 8,
              "Actual Startup Time": 307.67,
              "Actual Total Time": 307.736,
              "Actual Rows": 1,
              "Actual Loops": 4,
              "Plans": [
                {
                  "Node Type": "Hash Join",
                  "Parent Relationship": "Outer",
                  "Parallel Aware": true,
                  "Join Type": "Inner",
                  "Startup Cost": 45727.34,
                  "Total Cost": 88605.42,
                  "Plan Rows": 45851,
                  "Plan Width": 0,
                  "Actual Startup Time": 116.032,
                  "Actual Total Time": 300.964,
                  "Actual Rows": 161605,
                  "Actual Loops": 4,
                  "Inner Unique": true,
                  "Hash Cond": "(mk.movie_id = t.id)",
                  "Plans": [
                    {
                      "Node Type": "Seq Scan",
                      "Parent Relationship": "Outer",
                      "Parallel Aware": true,
                      "Relation Name": "movie_keyword",
                      "Alias": "mk",
                      "Startup Cost": 0.0,
                      "Total Cost": 39047.32,
                      "Plan Rows": 1459332,
                      "Plan Width": 4,
                      "Actual Startup Time": 0.025,
                      "Actual Total Time": 85.727,
                      "Actual Rows": 1130982,
                      "Actual Loops": 4
                    },
                    {
                      "Node Type": "Hash",
                      "Parent Relationship": "Inner",
                      "Parallel Aware": true,
                      "Startup Cost": 45479.1,
                      "Total Cost": 45479.1,
                      "Plan Rows": 19859,
                      "Plan Width": 4,
                      "Actual Startup Time": 113.796,
                      "Actual Total Time": 113.797,
                      "Actual Rows": 45954,
                      "Actual Loops": 4,
                      "Hash Buckets": 262144,
                      "Original Hash Buckets": 131072,
                      "Hash Batches": 1,
                      "Original Hash Batches": 1,
                      "Peak Memory Usage": 10336,
                      "Plans": [
                        {
                          "Node Type": "Seq Scan",
                          "Parent Relationship": "Outer",
                          "Parallel Aware": true,
                          "Relation Name": "title",
                          "Alias": "t",
                          "Startup Cost": 0.0,
                          "Total Cost": 45479.1,
                          "Plan Rows": 19859,
                          "Plan Width": 4,
                          "Actual Startup Time": 0.475,
                          "Actual Total Time": 95.9,
                          "Actual Rows": 45954,
                          "Actual Loops": 4,
                          "Filter": "((kind_id < 7) AND (production_year < 1957))",
                          "Rows Removed by Filter": 586124
                        }
                      ]
                    }
                  ]
                }
              ]
            }
          ]
        }
      ]
    },
    "Planning Time": 0.609,
    "Triggers": [],
    "Execution Time": 335.386
  }
]