[
  {
    "Plan": {
      "Node Type": "Aggregate",
      "Strategy": "Plain",
      "Partial Mode": "Finalize",
      "Parallel Aware": false,
      "Startup Cost": 57261.16,
      "Total Cost": 57261.17,
      "Plan Rows": 1,
      "Plan Width": 8,
      "Actual Startup Time": 101.173,
      "Actual Total Time": 114.555,
      "Actual Rows": 1,
      "Actual Loops": 1,
      "Plans": [
        {
          "Node Type": "Gather",
          "Parent Relationship": "Outer",
          "Parallel Aware": false,
          "Startup Cost": 57260.74,
          "Total Cost": 57261.15,
          "Plan Rows": 4,
          "Plan Width": 8,
          "Actual Startup Time": 101.036,
          "Actual Total Time": 114.547,
          "Actual Rows": 5,
          "Actual Loops": 1,
          "Workers Planned": 4,
          "Workers Launched": 4,
          "Single Copy": false,
          "Plans": [
            {
              "Node Type": "Aggregate",
              "Strategy": "Plain",
              "Partial Mode": "Partial",
              "Parent Relationship": "Outer",
              "Parallel Aware": false,
              "Startup Cost": 56260.74,
              "Total Cost": 56260.75,
              "Plan Rows": 1,
              "Plan Width": 8,
              "Actual Startup Time": 91.545,
              "Actual Total Time": 91.546,
              "Actual Rows": 1,
              "Actual Loops": 5,
              "Plans": [
                {
                  "Node Type": "Nested Loop",
                  "Parent Relationship": "Outer",
                  "Parallel Aware": false,
                  "Join Type": "Inner",
                  "Startup Cost": 0.43,
                  "Total Cost": 56259.88,
                  "Plan Rows": 345,
                  "Plan Width": 0,
                  "Actual Startup Time": 1.144,
                  "Actual Total Time": 91.448,
                  "Actual Rows": 679,
                  "Actual Loops": 5,
                  "Inner Unique": false,
                  "Plans": [
                    {
                      "Node Type": "Seq Scan",
                      "Parent Relationship": "Outer",
                      "Parallel Aware": true,
                      "Relation Name": "title",
                      "Alias": "t",
                      "Startup Cost": 0.0,
                      "Total Cost": 45479.1,
                      "Plan Rows": 1892,
                      "Plan Width": 4,
                      "Actual Startup Time": 0.502,
                      "Actual Total Time": 79.744,
                      "Actual Rows": 1555,
                      "Actual Loops": 5,
                      "Filter": "((kind_id < 7) AND (production_year = 1985))",
                      "Rows Removed by Filter": 504107
                    },
                    {
                      "Node Type": "Index Scan",
                      "Parent Relationship": "Inner",
                      "Parallel Aware": false,
                      "Scan Direction": "Forward",
                      "Index Name": "movie_id_movie_info_idx",
                      "Relation Name": "movie_info_idx",
                      "Alias": "mi_idx",
                      "Startup Cost": 0.43,
                      "Total Cost": 5.69,
                      "Plan Rows": 1,
                      "Plan Width": 4,
                      "Actual Startup Time": 0.007,
                      "Actual Total Time": 0.007,
                      "Actual Rows": 0,
                      "Actual Loops": 7777,
                      "Index Cond": "(movie_id = t.id)",
                      "Rows Removed by Index Recheck": 0,
                      "Filter": "(info_type_id > 100)",
                      "Rows Removed by Filter": 1
                    }
                  ]
                }
              ]
            }
          ]
        }
      ]
    },
    "Planning Time": 0.565,
    "Triggers": [],
    "Execution Time": 114.62
  }
]