[
  {
    "Plan": {
      "Node Type": "Aggregate",
      "Strategy": "Plain",
      "Partial Mode": "Finalize",
      "Parallel Aware": false,
      "Startup Cost": 83644.28,
      "Total Cost": 83644.29,
      "Plan Rows": 1,
      "Plan Width": 8,
      "Actual Startup Time": 51.022,
      "Actual Total Time": 57.021,
      "Actual Rows": 1,
      "Actual Loops": 1,
      "Plans": [
        {
          "Node Type": "Gather",
          "Parent Relationship": "Outer",
          "Parallel Aware": false,
          "Startup Cost": 83643.96,
          "Total Cost": 83644.27,
          "Plan Rows": 3,
          "Plan Width": 8,
          "Actual Startup Time": 50.922,
          "Actual Total Time": 57.015,
          "Actual Rows": 4,
          "Actual Loops": 1,
          "Workers Planned": 3,
          "Workers Launched": 3,
          "Single Copy": false,
          "Plans": [
            {
              "Node Type": "Aggregate",
              "Strategy": "Plain",
              "Partial Mode": "Partial",
              "Parent Relationship": "Outer",
              "Parallel Aware": false,
              "Startup Cost": 82643.96,
              "Total Cost": 82643.97,
              "Plan Rows": 1,
              "Plan Width": 8,
              "Actual Startup Time": 41.167,
              "Actual Total Time": 41.168,
              "Actual Rows": 1,
              "Actual Loops": 4,
              "Plans": [
                {
                  "Node Type": "Nested Loop",
                  "Parent Relationship": "Outer",
                  "Parallel Aware": false,
                  "Join Type": "Inner",
                  "Startup Cost": 1344.89,
                  "Total Cost": 82612.09,
                  "Plan Rows": 12747,
                  "Plan Width": 0,
                  "Actual Startup Time": 19.983,
                  "Actual Total Time": 41.001,
                  "Actual Rows": 1921,
                  "Actual Loops": 4,
                  "Inner Unique": false,
                  "Plans": [
                    {
                      "Node Type": "Nested Loop",
                      "Parent Relationship": "Outer",
                      "Parallel Aware": false,
                      "Join Type": "Inner",
                      "Startup Cost": 1344.46,
                      "Total Cost": 64997.45,
                      "Plan Rows": 10213,
                      "Plan Width": 8,
                      "Actual Startup Time": 19.892,
                      "Actual Total Time": 33.763,
                      "Actual Rows": 1644,
                      "Actual Loops": 4,
                      "Inner Unique": true,
                      "Plans": [
                        {
                          "Node Type": "Bitmap Heap Scan",
                          "Parent Relationship": "Outer",
                          "Parallel Aware": true,
                          "Relation Name": "movie_companies",
                          "Alias": "mc",
                          "Startup Cost": 1344.03,
                          "Total Cost": 20435.76,
                          "Plan Rows": 10213,
                          "Plan Width": 4,
                          "Actual Startup Time": 19.739,
                          "Actual Total Time": 21.096,
                          "Actual Rows": 1644,
                          "Actual Loops": 4,
                          "Recheck Cond": "(company_id = 6)",
                          "Rows Removed by Index Recheck": 0,
                          "Filter": "(company_type_id > 1)",
                          "Rows Removed by Filter": 13874,
                          "Exact Heap Blocks": 3530,
                          "Lossy Heap Blocks": 0,
                          "Plans": [
                            {
                              "Node Type": "Bitmap Index Scan",
                              "Parent Relationship": "Outer",
                              "Parallel Aware": false,
                              "Index Name": "company_id_movie_companies",
                              "Startup Cost": 0.0,
                              "Total Cost": 1336.12,
                              "Plan Rows": 62358,
                              "Plan Width": 0,
                              "Actual Startup Time": 11.123,
                              "Actual Total Time": 11.123,
                              "Actual Rows": 62075,
                              "Actual Loops": 1,
                              "Index Cond": "(company_id = 6)"
                            }
                          ]
                        },
                        {
                          "Node Type": "Index Only Scan",
                          "Parent Relationship": "Inner",
                          "Parallel Aware": false,
                          "Scan Direction": "Forward",
                          "Index Name": "title_pkey",
                          "Relation Name": "title",
                          "Alias": "t",
                          "Startup Cost": 0.43,
                          "Total Cost": 4.36,
                          "Plan Rows": 1,
                          "Plan Width": 4,
                          "Actual Startup Time": 0.007,
                          "Actual Total Time": 0.007,
                          "Actual Rows": 1,
                          "Actual Loops": 6578,
                          "Index Cond": "(id = mc.movie_id)",
                          "Rows Removed by Index Recheck": 0,
                          "Heap Fetches": 6578
                        }
                      ]
                    },
                    {
                      "Node Type": "Index Scan",
                      "Parent Relationship": "Inner",
                      "Parallel Aware": false,
                      "Scan Direction": "Forward",
                      "Index Name": "movie_id_movie_keyword",
                      "Relation Name": "movie_keyword",
                      "Alias": "mk",
                      "Startup Cost": 0.43,
                      "Total Cost": 1.4,
                      "Plan Rows": 32,
                      "Plan Width": 4,
                      "Actual Startup Time": 0.004,
                      "Actual Total Time": 0.004,
                      "Actual Rows": 1,
                      "Actual Loops": 6578,
                      "Index Cond": "(movie_id = t.id)",
                      "Rows Removed by Index Recheck": 0,
                      "Filter": "(keyword_id < 12152)",
                      "Rows Removed by Filter": 0
                    }
                  ]
                }
              ]
            }
          ]
        }
      ]
    },
    "Planning Time": 1.44,
    "Triggers": [],
    "Execution Time": 57.122
  }
]