{
  "Plan": {
    "Node Type": "Aggregate",
    "Strategy": "Plain",
    "Partial Mode": "Finalize",
    "Parallel Aware": false,
    "Startup Cost": 159947.42,
    "Total Cost": 159947.43,
    "Plan Rows": 1,
    "Plan Width": 8,
    "Actual Startup Time": 735.546,
    "Actual Total Time": 751.442,
    "Actual Rows": 1,
    "Actual Loops": 1,
    "Plans": [
      {
        "Node Type": "Gather",
        "Parent Relationship": "Outer",
        "Parallel Aware": false,
        "Startup Cost": 159947.31,
        "Total Cost": 159947.42,
        "Plan Rows": 1,
        "Plan Width": 8,
        "Actual Startup Time": 734.804,
        "Actual Total Time": 751.433,
        "Actual Rows": 2,
        "Actual Loops": 1,
        "Workers Planned": 1,
        "Workers Launched": 1,
        "Single Copy": false,
        "Plans": [
          {
            "Node Type": "Aggregate",
            "Strategy": "Plain",
            "Partial Mode": "Partial",
            "Parent Relationship": "Outer",
            "Parallel Aware": false,
            "Startup Cost": 158947.31,
            "Total Cost": 158947.32,
            "Plan Rows": 1,
            "Plan Width": 8,
            "Actual Startup Time": 728.994,
            "Actual Total Time": 729.0,
            "Actual Rows": 1,
            "Actual Loops": 2,
            "Plans": [
              {
                "Node Type": "Hash Join",
                "Parent Relationship": "Outer",
                "Parallel Aware": true,
                "Join Type": "Inner",
                "Startup Cost": 93398.29,
                "Total Cost": 158747.4,
                "Plan Rows": 79963,
                "Plan Width": 0,
                "Actual Startup Time": 422.015,
                "Actual Total Time": 705.882,
                "Actual Rows": 596948,
                "Actual Loops": 2,
                "Inner Unique": false,
                "Hash Cond": "(mk.movie_id = t.id)",
                "Plans": [
                  {
                    "Node Type": "Seq Scan",
                    "Parent Relationship": "Outer",
                    "Parallel Aware": true,
                    "Relation Name": "movie_keyword",
                    "Alias": "mk",
                    "Startup Cost": 0.0,
                    "Total Cost": 57718.19,
                    "Plan Rows": 1909480,
                    "Plan Width": 4,
                    "Actual Startup Time": 0.018,
                    "Actual Total Time": 190.292,
                    "Actual Rows": 1620696,
                    "Actual Loops": 2,
                    "Filter": "(keyword_id < 13787)",
                    "Rows Removed by Filter": 641270
                  },
                  {
                    "Node Type": "Hash",
                    "Parent Relationship": "Inner",
                    "Parallel Aware": true,
                    "Startup Cost": 92619.78,
                    "Total Cost": 92619.78,
                    "Plan Rows": 62281,
                    "Plan Width": 8,
                    "Actual Startup Time": 362.222,
                    "Actual Total Time": 362.226,
                    "Actual Rows": 63576,
                    "Actual Loops": 2,
                    "Hash Buckets": 131072,
                    "Original Hash Buckets": 131072,
                    "Hash Batches": 1,
                    "Original Hash Batches": 1,
                    "Peak Memory Usage": 6016,
                    "Plans": [
                      {
                        "Node Type": "Hash Join",
                        "Parent Relationship": "Outer",
                        "Parallel Aware": true,
                        "Join Type": "Inner",
                        "Startup Cost": 54453.15,
                        "Total Cost": 92619.78,
                        "Plan Rows": 62281,
                        "Plan Width": 8,
                        "Actual Startup Time": 148.904,
                        "Actual Total Time": 348.592,
                        "Actual Rows": 63576,
                        "Actual Loops": 2,
                        "Inner Unique": true,
                        "Hash Cond": "(mc.movie_id = t.id)",
                        "Plans": [
                          {
                            "Node Type": "Seq Scan",
                            "Parent Relationship": "Outer",
                            "Parallel Aware": true,
                            "Relation Name": "movie_companies",
                            "Alias": "mc",
                            "Startup Cost": 0.0,
                            "Total Cost": 34137.82,
                            "Plan Rows": 1534782,
                            "Plan Width": 4,
                            "Actual Startup Time": 0.014,
                            "Actual Total Time": 97.396,
                            "Actual Rows": 1304564,
                            "Actual Loops": 2
                          },
                          {
                            "Node Type": "Hash",
                            "Parent Relationship": "Inner",
                            "Parallel Aware": true,
                            "Startup Cost": 53698.76,
                            "Total Cost": 53698.76,
                            "Plan Rows": 60351,
                            "Plan Width": 4,
                            "Actual Startup Time": 108.776,
                            "Actual Total Time": 108.777,
                            "Actual Rows": 49496,
                            "Actual Loops": 2,
                            "Hash Buckets": 131072,
                            "Original Hash Buckets": 131072,
                            "Hash Batches": 1,
                            "Original Hash Batches": 1,
                            "Peak Memory Usage": 4928,
                            "Plans": [
                              {
                                "Node Type": "Bitmap Heap Scan",
                                "Parent Relationship": "Outer",
                                "Parallel Aware": true,
                                "Relation Name": "title",
                                "Alias": "t",
                                "Startup Cost": 11848.5,
                                "Total Cost": 53698.76,
                                "Plan Rows": 60351,
                                "Plan Width": 4,
                                "Actual Startup Time": 37.544,
                                "Actual Total Time": 97.691,
                                "Actual Rows": 49496,
                                "Actual Loops": 2,
                                "Recheck Cond": "(kind_id = 1)",
                                "Rows Removed by Index Recheck": 0,
                                "Filter": "(production_year > 2010)",
                                "Rows Removed by Filter": 281916,
                                "Exact Heap Blocks": 8780,
                                "Lossy Heap Blocks": 0,
                                "Plans": [
                                  {
                                    "Node Type": "Bitmap Index Scan",
                                    "Parent Relationship": "Outer",
                                    "Parallel Aware": false,
                                    "Index Name": "kind_id_title",
                                    "Startup Cost": 0.0,
                                    "Total Cost": 11822.85,
                                    "Plan Rows": 663256,
                                    "Plan Width": 0,
                                    "Actual Startup Time": 37.64,
                                    "Actual Total Time": 37.64,
                                    "Actual Rows": 662825,
                                    "Actual Loops": 1,
                                    "Index Cond": "(kind_id = 1)"
                                  }
                                ]
                              }
                            ]
                          }
                        ]
                      }
                    ]
                  }
                ]
              }
            ]
          }
        ]
      }
    ]
  },
  "Planning Time": 1.049,
  "Triggers": [],
  "Execution Time": 751.545
}