[
  {
    "Plan": {
      "Node Type": "Aggregate",
      "Strategy": "Plain",
      "Partial Mode": "Finalize",
      "Parallel Aware": false,
      "Startup Cost": 47036.08,
      "Total Cost": 47036.09,
      "Plan Rows": 1,
      "Plan Width": 8,
      "Actual Startup Time": 200.769,
      "Actual Total Time": 210.602,
      "Actual Rows": 1,
      "Actual Loops": 1,
      "Plans": [
        {
          "Node Type": "Gather",
          "Parent Relationship": "Outer",
          "Parallel Aware": false,
          "Startup Cost": 47035.77,
          "Total Cost": 47036.08,
          "Plan Rows": 3,
          "Plan Width": 8,
          "Actual Startup Time": 200.533,
          "Actual Total Time": 210.594,
          "Actual Rows": 4,
          "Actual Loops": 1,
          "Workers Planned": 3,
          "Workers Launched": 3,
          "Single Copy": false,
          "Plans": [
            {
              "Node Type": "Aggregate",
              "Strategy": "Plain",
              "Partial Mode": "Partial",
              "Parent Relationship": "Outer",
              "Parallel Aware": false,
              "Startup Cost": 46035.77,
              "Total Cost": 46035.78,
              "Plan Rows": 1,
              "Plan Width": 8,
              "Actual Startup Time": 193.268,
              "Actual Total Time": 193.269,
              "Actual Rows": 1,
              "Actual Loops": 4,
              "Plans": [
                {
                  "Node Type": "Seq Scan",
                  "Parent Relationship": "Outer",
                  "Parallel Aware": true,
                  "Relation Name": "movie_keyword",
                  "Alias": "mk",
                  "Startup Cost": 0.0,
                  "Total Cost": 42695.65,
                  "Plan Rows": 1336045,
                  "Plan Width": 0,
                  "Actual Startup Time": 0.051,
                  "Actual Total Time": 140.437,
                  "Actual Rows": 1038728,
                  "Actual Loops": 4,
                  "Filter": "(keyword_id < 45768)",
                  "Rows Removed by Filter": 92255
                }
              ]
            }
          ]
        }
      ]
    },
    "Planning Time": 0.151,
    "Triggers": [],
    "Execution Time": 210.648
  }
]