[
  {
    "Plan": {
      "Node Type": "Aggregate",
      "Strategy": "Plain",
      "Partial Mode": "Finalize",
      "Parallel Aware": false,
      "Startup Cost": 43281.73,
      "Total Cost": 43281.74,
      "Plan Rows": 1,
      "Plan Width": 8,
      "Actual Startup Time": 163.282,
      "Actual Total Time": 169.839,
      "Actual Rows": 1,
      "Actual Loops": 1,
      "Plans": [
        {
          "Node Type": "Gather",
          "Parent Relationship": "Outer",
          "Parallel Aware": false,
          "Startup Cost": 43281.41,
          "Total Cost": 43281.72,
          "Plan Rows": 3,
          "Plan Width": 8,
          "Actual Startup Time": 163.038,
          "Actual Total Time": 169.829,
          "Actual Rows": 4,
          "Actual Loops": 1,
          "Workers Planned": 3,
          "Workers Launched": 3,
          "Single Copy": false,
          "Plans": [
            {
              "Node Type": "Aggregate",
              "Strategy": "Plain",
              "Partial Mode": "Partial",
              "Parent Relationship": "Outer",
              "Parallel Aware": false,
              "Startup Cost": 42281.41,
              "Total Cost": 42281.42,
              "Plan Rows": 1,
              "Plan Width": 8,
              "Actual Startup Time": 156.396,
              "Actual Total Time": 156.398,
              "Actual Rows": 1,
              "Actual Loops": 4,
              "Plans": [
                {
                  "Node Type": "Bitmap Heap Scan",
                  "Parent Relationship": "Outer",
                  "Parallel Aware": true,
                  "Relation Name": "movie_keyword",
                  "Alias": "mk",
                  "Startup Cost": 14516.08,
                  "Total Cost": 41729.53,
                  "Plan Rows": 220755,
                  "Plan Width": 0,
                  "Actual Startup Time": 67.611,
                  "Actual Total Time": 144.888,
                  "Actual Rows": 167810,
                  "Actual Loops": 4,
                  "Recheck Cond": "(keyword_id > 27940)",
                  "Rows Removed by Index Recheck": 0,
                  "Exact Heap Blocks": 7676,
                  "Lossy Heap Blocks": 0,
                  "Plans": [
                    {
                      "Node Type": "Bitmap Index Scan",
                      "Parent Relationship": "Outer",
                      "Parallel Aware": false,
                      "Index Name": "keyword_id_movie_keyword",
                      "Startup Cost": 0.0,
                      "Total Cost": 14345.0,
                      "Plan Rows": 684342,
                      "Plan Width": 0,
                      "Actual Startup Time": 67.753,
                      "Actual Total Time": 67.754,
                      "Actual Rows": 671242,
                      "Actual Loops": 1,
                      "Index Cond": "(keyword_id > 27940)"
                    }
                  ]
                }
              ]
            }
          ]
        }
      ]
    },
    "Planning Time": 0.185,
    "Triggers": [],
    "Execution Time": 169.919
  }
]