[
  {
    "Plan": {
      "Node Type": "Aggregate",
      "Strategy": "Plain",
      "Partial Mode": "Finalize",
      "Parallel Aware": false,
      "Startup Cost": 96538.79,
      "Total Cost": 96538.8,
      "Plan Rows": 1,
      "Plan Width": 8,
      "Actual Startup Time": 476.432,
      "Actual Total Time": 493.377,
      "Actual Rows": 1,
      "Actual Loops": 1,
      "Plans": [
        {
          "Node Type": "Gather",
          "Parent Relationship": "Outer",
          "Parallel Aware": false,
          "Startup Cost": 96538.58,
          "Total Cost": 96538.79,
          "Plan Rows": 2,
          "Plan Width": 8,
          "Actual Startup Time": 473.052,
          "Actual Total Time": 493.368,
          "Actual Rows": 3,
          "Actual Loops": 1,
          "Workers Planned": 2,
          "Workers Launched": 2,
          "Single Copy": false,
          "Plans": [
            {
              "Node Type": "Aggregate",
              "Strategy": "Plain",
              "Partial Mode": "Partial",
              "Parent Relationship": "Outer",
              "Parallel Aware": false,
              "Startup Cost": 95538.58,
              "Total Cost": 95538.59,
              "Plan Rows": 1,
              "Plan Width": 8,
              "Actual Startup Time": 464.27,
              "Actual Total Time": 464.433,
              "Actual Rows": 1,
              "Actual Loops": 3,
              "Plans": [
                {
                  "Node Type": "Hash Join",
                  "Parent Relationship": "Outer",
                  "Parallel Aware": true,
                  "Join Type": "Inner",
                  "Startup Cost": 79561.41,
                  "Total Cost": 95479.32,
                  "Plan Rows": 23703,
                  "Plan Width": 0,
                  "Actual Startup Time": 391.307,
                  "Actual Total Time": 456.836,
                  "Actual Rows": 195042,
                  "Actual Loops": 3,
                  "Inner Unique": false,
                  "Hash Cond": "(mi_idx.movie_id = t.id)",
                  "Plans": [
                    {
                      "Node Type": "Seq Scan",
                      "Parent Relationship": "Outer",
                      "Parallel Aware": true,
                      "Relation Name": "movie_info_idx",
                      "Alias": "mi_idx",
                      "Startup Cost": 0.0,
                      "Total Cost": 13685.15,
                      "Plan Rows": 575015,
                      "Plan Width": 4,
                      "Actual Startup Time": 0.044,
                      "Actual Total Time": 34.402,
                      "Actual Rows": 460012,
                      "Actual Loops": 3
                    },
                    {
                      "Node Type": "Hash",
                      "Parent Relationship": "Inner",
                      "Parallel Aware": true,
                      "Startup Cost": 79141.17,
                      "Total Cost": 79141.17,
                      "Plan Rows": 33619,
                      "Plan Width": 8,
                      "Actual Startup Time": 356.085,
                      "Actual Total Time": 356.247,
                      "Actual Rows": 117957,
                      "Actual Loops": 3,
                      "Hash Buckets": 524288,
                      "Original Hash Buckets": 131072,
                      "Hash Batches": 1,
                      "Original Hash Batches": 1,
                      "Peak Memory Usage": 21056,
                      "Plans": [
                        {
                          "Node Type": "Hash Join",
                          "Parent Relationship": "Outer",
                          "Parallel Aware": true,
                          "Join Type": "Inner",
                          "Startup Cost": 47354.57,
                          "Total Cost": 79141.17,
                          "Plan Rows": 33619,
                          "Plan Width": 8,
                          "Actual Startup Time": 244.062,
                          "Actual Total Time": 319.14,
                          "Actual Rows": 117957,
                          "Actual Loops": 3,
                          "Inner Unique": true,
                          "Hash Cond": "(mc.movie_id = t.id)",
                          "Plans": [
                            {
                              "Node Type": "Seq Scan",
                              "Parent Relationship": "Outer",
                              "Parallel Aware": true,
                              "Relation Name": "movie_companies",
                              "Alias": "mc",
                              "Startup Cost": 0.0,
                              "Total Cost": 31414.82,
                              "Plan Rows": 141630,
                              "Plan Width": 4,
                              "Actual Startup Time": 35.355,
                              "Actual Total Time": 80.395,
                              "Actual Rows": 256581,
                              "Actual Loops": 3,
                              "Filter": "((company_id > 22984) AND (company_type_id > 1))",
                              "Rows Removed by Filter": 613129
                            },
                            {
                              "Node Type": "Hash",
                              "Parent Relationship": "Inner",
                              "Parallel Aware": true,
                              "Startup Cost": 45479.1,
                              "Total Cost": 45479.1,
                              "Plan Rows": 150038,
                              "Plan Width": 4,
                              "Actual Startup Time": 171.68,
                              "Actual Total Time": 171.68,
                              "Actual Rows": 163339,
                              "Actual Loops": 3,
                              "Hash Buckets": 1048576,
                              "Original Hash Buckets": 1048576,
                              "Hash Batches": 1,
                              "Original Hash Batches": 1,
                              "Peak Memory Usage": 27392,
                              "Plans": [
                                {
                                  "Node Type": "Seq Scan",
                                  "Parent Relationship": "Outer",
                                  "Parallel Aware": true,
                                  "Relation Name": "title",
                                  "Alias": "t",
                                  "Startup Cost": 0.0,
                                  "Total Cost": 45479.1,
                                  "Plan Rows": 150038,
                                  "Plan Width": 4,
                                  "Actual Startup Time": 49.404,
                                  "Actual Total Time": 121.319,
                                  "Actual Rows": 163339,
                                  "Actual Loops": 3,
                                  "Filter": "((production_year > 1951) AND (kind_id = 1))",
                                  "Rows Removed by Filter": 679431
                                }
                              ]
                            }
                          ]
                        }
                      ]
                    }
                  ]
                }
              ]
            }
          ]
        }
      ]
    },
    "Planning Time": 1.449,
    "Triggers": [],
    "Execution Time": 493.455
  }
]