[
  {
    "Plan": {
      "Node Type": "Aggregate",
      "Strategy": "Plain",
      "Partial Mode": "Finalize",
      "Parallel Aware": false,
      "Startup Cost": 393615.92,
      "Total Cost": 393615.93,
      "Plan Rows": 1,
      "Plan Width": 8,
      "Actual Startup Time": 2424.087,
      "Actual Total Time": 2484.715,
      "Actual Rows": 1,
      "Actual Loops": 1,
      "Plans": [
        {
          "Node Type": "Gather",
          "Parent Relationship": "Outer",
          "Parallel Aware": false,
          "Startup Cost": 393615.4,
          "Total Cost": 393615.91,
          "Plan Rows": 5,
          "Plan Width": 8,
          "Actual Startup Time": 2402.175,
          "Actual Total Time": 2484.7,
          "Actual Rows": 6,
          "Actual Loops": 1,
          "Workers Planned": 5,
          "Workers Launched": 5,
          "Single Copy": false,
          "Plans": [
            {
              "Node Type": "Aggregate",
              "Strategy": "Plain",
              "Partial Mode": "Partial",
              "Parent Relationship": "Outer",
              "Parallel Aware": false,
              "Startup Cost": 392615.4,
              "Total Cost": 392615.41,
              "Plan Rows": 1,
              "Plan Width": 8,
              "Actual Startup Time": 2379.939,
              "Actual Total Time": 2380.298,
              "Actual Rows": 1,
              "Actual Loops": 6,
              "Plans": [
                {
                  "Node Type": "Hash Join",
                  "Parent Relationship": "Outer",
                  "Parallel Aware": true,
                  "Join Type": "Inner",
                  "Startup Cost": 176808.41,
                  "Total Cost": 387445.77,
                  "Plan Rows": 2067853,
                  "Plan Width": 0,
                  "Actual Startup Time": 772.332,
                  "Actual Total Time": 2105.539,
                  "Actual Rows": 4773144,
                  "Actual Loops": 6,
                  "Inner Unique": false,
                  "Hash Cond": "(mi.movie_id = t.id)",
                  "Plans": [
                    {
                      "Node Type": "Seq Scan",
                      "Parent Relationship": "Outer",
                      "Parallel Aware": true,
                      "Relation Name": "movie_info",
                      "Alias": "mi",
                      "Startup Cost": 0.0,
                      "Total Cost": 199108.24,
                      "Plan Rows": 1971577,
                      "Plan Width": 4,
                      "Actual Startup Time": 27.444,
                      "Actual Total Time": 451.012,
                      "Actual Rows": 1651959,
                      "Actual Loops": 6,
                      "Filter": "(info_type_id > 4)",
                      "Rows Removed by Filter": 820661
                    },
                    {
                      "Node Type": "Hash",
                      "Parent Relationship": "Inner",
                      "Parallel Aware": true,
                      "Startup Cost": 170178.69,
                      "Total Cost": 170178.69,
                      "Plan Rows": 530378,
                      "Plan Width": 8,
                      "Actual Startup Time": 736.951,
                      "Actual Total Time": 737.309,
                      "Actual Rows": 181335,
                      "Actual Loops": 6,
                      "Hash Buckets": 4194304,
                      "Original Hash Buckets": 4194304,
                      "Hash Batches": 1,
                      "Original Hash Batches": 1,
                      "Peak Memory Usage": 75424,
                      "Plans": [
                        {
                          "Node Type": "Hash Join",
                          "Parent Relationship": "Outer",
                          "Parallel Aware": true,
                          "Join Type": "Inner",
                          "Startup Cost": 50426.71,
                          "Total Cost": 170178.69,
                          "Plan Rows": 530378,
                          "Plan Width": 8,
                          "Actual Startup Time": 285.489,
                          "Actual Total Time": 594.915,
                          "Actual Rows": 181335,
                          "Actual Loops": 6,
                          "Inner Unique": true,
                          "Hash Cond": "(ci.movie_id = t.id)",
                          "Plans": [
                            {
                              "Node Type": "Index Scan",
                              "Parent Relationship": "Outer",
                              "Parallel Aware": true,
                              "Scan Direction": "Forward",
                              "Index Name": "role_id_cast_info",
                              "Relation Name": "cast_info",
                              "Alias": "ci",
                              "Startup Cost": 0.56,
                              "Total Cost": 118067.1,
                              "Plan Rows": 642071,
                              "Plan Width": 4,
                              "Actual Startup Time": 0.183,
                              "Actual Total Time": 179.421,
                              "Actual Rows": 191770,
                              "Actual Loops": 6,
                              "Index Cond": "(role_id = 10)",
                              "Rows Removed by Index Recheck": 0,
                              "Filter": "(person_id < 2775163)",
                              "Rows Removed by Filter": 528733
                            },
                            {
                              "Node Type": "Hash",
                              "Parent Relationship": "Inner",
                              "Parallel Aware": true,
                              "Startup Cost": 43899.32,
                              "Total Cost": 43899.32,
                              "Plan Rows": 522146,
                              "Plan Width": 4,
                              "Actual Startup Time": 282.921,
                              "Actual Total Time": 282.923,
                              "Actual Rows": 345798,
                              "Actual Loops": 6,
                              "Hash Buckets": 2097152,
                              "Original Hash Buckets": 2097152,
                              "Hash Batches": 1,
                              "Original Hash Batches": 1,
                              "Peak Memory Usage": 97664,
                              "Plans": [
                                {
                                  "Node Type": "Seq Scan",
                                  "Parent Relationship": "Outer",
                                  "Parallel Aware": true,
                                  "Relation Name": "title",
                                  "Alias": "t",
                                  "Startup Cost": 0.0,
                                  "Total Cost": 43899.32,
                                  "Plan Rows": 522146,
                                  "Plan Width": 4,
                                  "Actual Startup Time": 0.065,
                                  "Actual Total Time": 113.317,
                                  "Actual Rows": 345798,
                                  "Actual Loops": 6,
                                  "Filter": "(production_year > 1970)",
                                  "Rows Removed by Filter": 75587
                                }
                              ]
                            }
                          ]
                        }
                      ]
                    }
                  ]
                }
              ]
            }
          ]
        }
      ]
    },
    "Planning Time": 1.387,
    "Triggers": [],
    "Execution Time": 2484.821
  }
]