[
  {
    "Plan": {
      "Node Type": "Aggregate",
      "Strategy": "Plain",
      "Partial Mode": "Finalize",
      "Parallel Aware": false,
      "Startup Cost": 46871.95,
      "Total Cost": 46871.96,
      "Plan Rows": 1,
      "Plan Width": 8,
      "Actual Startup Time": 183.006,
      "Actual Total Time": 193.194,
      "Actual Rows": 1,
      "Actual Loops": 1,
      "Plans": [
        {
          "Node Type": "Gather",
          "Parent Relationship": "Outer",
          "Parallel Aware": false,
          "Startup Cost": 46871.63,
          "Total Cost": 46871.94,
          "Plan Rows": 3,
          "Plan Width": 8,
          "Actual Startup Time": 182.85,
          "Actual Total Time": 193.187,
          "Actual Rows": 4,
          "Actual Loops": 1,
          "Workers Planned": 3,
          "Workers Launched": 3,
          "Single Copy": false,
          "Plans": [
            {
              "Node Type": "Aggregate",
              "Strategy": "Plain",
              "Partial Mode": "Partial",
              "Parent Relationship": "Outer",
              "Parallel Aware": false,
              "Startup Cost": 45871.63,
              "Total Cost": 45871.64,
              "Plan Rows": 1,
              "Plan Width": 8,
              "Actual Startup Time": 175.494,
              "Actual Total Time": 175.496,
              "Actual Rows": 1,
              "Actual Loops": 4,
              "Plans": [
                {
                  "Node Type": "Seq Scan",
                  "Parent Relationship": "Outer",
                  "Parallel Aware": true,
                  "Relation Name": "movie_keyword",
                  "Alias": "mk",
                  "Startup Cost": 0.0,
                  "Total Cost": 42695.65,
                  "Plan Rows": 1270390,
                  "Plan Width": 0,
                  "Actual Startup Time": 0.057,
                  "Actual Total Time": 127.462,
                  "Actual Rows": 984494,
                  "Actual Loops": 4,
                  "Filter": "(keyword_id < 31311)",
                  "Rows Removed by Filter": 146488
                }
              ]
            }
          ]
        }
      ]
    },
    "Planning Time": 0.157,
    "Triggers": [],
    "Execution Time": 193.244
  }
]