[
  {
    "Plan": {
      "Node Type": "Aggregate",
      "Strategy": "Plain",
      "Partial Mode": "Finalize",
      "Parallel Aware": false,
      "Startup Cost": 81789.76,
      "Total Cost": 81789.77,
      "Plan Rows": 1,
      "Plan Width": 8,
      "Actual Startup Time": 265.848,
      "Actual Total Time": 274.823,
      "Actual Rows": 1,
      "Actual Loops": 1,
      "Plans": [
        {
          "Node Type": "Gather",
          "Parent Relationship": "Outer",
          "Parallel Aware": false,
          "Startup Cost": 81789.34,
          "Total Cost": 81789.75,
          "Plan Rows": 4,
          "Plan Width": 8,
          "Actual Startup Time": 264.114,
          "Actual Total Time": 274.815,
          "Actual Rows": 5,
          "Actual Loops": 1,
          "Workers Planned": 4,
          "Workers Launched": 4,
          "Single Copy": false,
          "Plans": [
            {
              "Node Type": "Aggregate",
              "Strategy": "Plain",
              "Partial Mode": "Partial",
              "Parent Relationship": "Outer",
              "Parallel Aware": false,
              "Startup Cost": 80789.34,
              "Total Cost": 80789.35,
              "Plan Rows": 1,
              "Plan Width": 8,
              "Actual Startup Time": 259.335,
              "Actual Total Time": 259.338,
              "Actual Rows": 1,
              "Actual Loops": 5,
              "Plans": [
                {
                  "Node Type": "Hash Join",
                  "Parent Relationship": "Outer",
                  "Parallel Aware": true,
                  "Join Type": "Inner",
                  "Startup Cost": 34289.59,
                  "Total Cost": 80343.75,
                  "Plan Rows": 178236,
                  "Plan Width": 0,
                  "Actual Startup Time": 94.786,
                  "Actual Total Time": 254.75,
                  "Actual Rows": 89727,
                  "Actual Loops": 5,
                  "Inner Unique": false,
                  "Hash Cond": "(t.id = mc.movie_id)",
                  "Plans": [
                    {
                      "Node Type": "Seq Scan",
                      "Parent Relationship": "Outer",
                      "Parallel Aware": true,
                      "Relation Name": "title",
                      "Alias": "t",
                      "Startup Cost": 0.0,
                      "Total Cost": 42318.81,
                      "Plan Rows": 632080,
                      "Plan Width": 4,
                      "Actual Startup Time": 0.013,
                      "Actual Total Time": 59.473,
                      "Actual Rows": 505662,
                      "Actual Loops": 5
                    },
                    {
                      "Node Type": "Hash",
                      "Parent Relationship": "Inner",
                      "Parallel Aware": true,
                      "Startup Cost": 31414.82,
                      "Total Cost": 31414.82,
                      "Plan Rows": 229982,
                      "Plan Width": 4,
                      "Actual Startup Time": 92.367,
                      "Actual Total Time": 92.368,
                      "Actual Rows": 89727,
                      "Actual Loops": 5,
                      "Hash Buckets": 1048576,
                      "Original Hash Buckets": 1048576,
                      "Hash Batches": 1,
                      "Original Hash Batches": 1,
                      "Peak Memory Usage": 25856,
                      "Plans": [
                        {
                          "Node Type": "Seq Scan",
                          "Parent Relationship": "Outer",
                          "Parallel Aware": true,
                          "Relation Name": "movie_companies",
                          "Alias": "mc",
                          "Startup Cost": 0.0,
                          "Total Cost": 31414.82,
                          "Plan Rows": 229982,
                          "Plan Width": 4,
                          "Actual Startup Time": 34.749,
                          "Actual Total Time": 63.159,
                          "Actual Rows": 89727,
                          "Actual Loops": 5,
                          "Filter": "((company_id < 12065) AND (company_type_id = 2))",
                          "Rows Removed by Filter": 432099
                        }
                      ]
                    }
                  ]
                }
              ]
            }
          ]
        }
      ]
    },
    "Planning Time": 0.253,
    "Triggers": [],
    "Execution Time": 274.859
  }
]