[
  {
    "Plan": {
      "Node Type": "Aggregate",
      "Strategy": "Plain",
      "Partial Mode": "Finalize",
      "Parallel Aware": false,
      "Startup Cost": 81452.24,
      "Total Cost": 81452.25,
      "Plan Rows": 1,
      "Plan Width": 8,
      "Actual Startup Time": 280.543,
      "Actual Total Time": 293.93,
      "Actual Rows": 1,
      "Actual Loops": 1,
      "Plans": [
        {
          "Node Type": "Gather",
          "Parent Relationship": "Outer",
          "Parallel Aware": false,
          "Startup Cost": 81451.82,
          "Total Cost": 81452.23,
          "Plan Rows": 4,
          "Plan Width": 8,
          "Actual Startup Time": 277.903,
          "Actual Total Time": 293.92,
          "Actual Rows": 5,
          "Actual Loops": 1,
          "Workers Planned": 4,
          "Workers Launched": 4,
          "Single Copy": false,
          "Plans": [
            {
              "Node Type": "Aggregate",
              "Strategy": "Plain",
              "Partial Mode": "Partial",
              "Parent Relationship": "Outer",
              "Parallel Aware": false,
              "Startup Cost": 80451.82,
              "Total Cost": 80451.83,
              "Plan Rows": 1,
              "Plan Width": 8,
              "Actual Startup Time": 268.681,
              "Actual Total Time": 268.684,
              "Actual Rows": 1,
              "Actual Loops": 5,
              "Plans": [
                {
                  "Node Type": "Hash Join",
                  "Parent Relationship": "Outer",
                  "Parallel Aware": true,
                  "Join Type": "Inner",
                  "Startup Cost": 34040.58,
                  "Total Cost": 80044.83,
                  "Plan Rows": 162798,
                  "Plan Width": 0,
                  "Actual Startup Time": 106.328,
                  "Actual Total Time": 264.544,
                  "Actual Rows": 83378,
                  "Actual Loops": 5,
                  "Inner Unique": false,
                  "Hash Cond": "(t.id = mc.movie_id)",
                  "Plans": [
                    {
                      "Node Type": "Seq Scan",
                      "Parent Relationship": "Outer",
                      "Parallel Aware": true,
                      "Relation Name": "title",
                      "Alias": "t",
                      "Startup Cost": 0.0,
                      "Total Cost": 42318.73,
                      "Plan Rows": 632073,
                      "Plan Width": 4,
                      "Actual Startup Time": 0.012,
                      "Actual Total Time": 60.995,
                      "Actual Rows": 505662,
                      "Actual Loops": 5
                    },
                    {
                      "Node Type": "Hash",
                      "Parent Relationship": "Inner",
                      "Parallel Aware": true,
                      "Startup Cost": 31414.82,
                      "Total Cost": 31414.82,
                      "Plan Rows": 210061,
                      "Plan Width": 4,
                      "Actual Startup Time": 102.065,
                      "Actual Total Time": 102.066,
                      "Actual Rows": 83378,
                      "Actual Loops": 5,
                      "Hash Buckets": 1048576,
                      "Original Hash Buckets": 1048576,
                      "Hash Batches": 1,
                      "Original Hash Batches": 1,
                      "Peak Memory Usage": 24576,
                      "Plans": [
                        {
                          "Node Type": "Seq Scan",
                          "Parent Relationship": "Outer",
                          "Parallel Aware": true,
                          "Relation Name": "movie_companies",
                          "Alias": "mc",
                          "Startup Cost": 0.0,
                          "Total Cost": 31414.82,
                          "Plan Rows": 210061,
                          "Plan Width": 4,
                          "Actual Startup Time": 44.807,
                          "Actual Total Time": 73.138,
                          "Actual Rows": 83378,
                          "Actual Loops": 5,
                          "Filter": "((company_id < 11207) AND (company_type_id > 1))",
                          "Rows Removed by Filter": 438448
                        }
                      ]
                    }
                  ]
                }
              ]
            }
          ]
        }
      ]
    },
    "Planning Time": 0.625,
    "Triggers": [],
    "Execution Time": 293.998
  }
]