[
  {
    "Plan": {
      "Node Type": "Aggregate",
      "Strategy": "Plain",
      "Partial Mode": "Finalize",
      "Parallel Aware": false,
      "Startup Cost": 91929.85,
      "Total Cost": 91929.86,
      "Plan Rows": 1,
      "Plan Width": 8,
      "Actual Startup Time": 422.25,
      "Actual Total Time": 438.901,
      "Actual Rows": 1,
      "Actual Loops": 1,
      "Plans": [
        {
          "Node Type": "Gather",
          "Parent Relationship": "Outer",
          "Parallel Aware": false,
          "Startup Cost": 91929.53,
          "Total Cost": 91929.84,
          "Plan Rows": 3,
          "Plan Width": 8,
          "Actual Startup Time": 419.916,
          "Actual Total Time": 438.895,
          "Actual Rows": 4,
          "Actual Loops": 1,
          "Workers Planned": 3,
          "Workers Launched": 3,
          "Single Copy": false,
          "Plans": [
            {
              "Node Type": "Aggregate",
              "Strategy": "Plain",
              "Partial Mode": "Partial",
              "Parent Relationship": "Outer",
              "Parallel Aware": false,
              "Startup Cost": 90929.53,
              "Total Cost": 90929.54,
              "Plan Rows": 1,
              "Plan Width": 8,
              "Actual Startup Time": 410.872,
              "Actual Total Time": 410.875,
              "Actual Rows": 1,
              "Actual Loops": 4,
              "Plans": [
                {
                  "Node Type": "Hash Join",
                  "Parent Relationship": "Outer",
                  "Parallel Aware": true,
                  "Join Type": "Inner",
                  "Startup Cost": 47238.86,
                  "Total Cost": 90116.94,
                  "Plan Rows": 325035,
                  "Plan Width": 0,
                  "Actual Startup Time": 188.809,
                  "Actual Total Time": 387.75,
                  "Actual Rows": 523301,
                  "Actual Loops": 4,
                  "Inner Unique": true,
                  "Hash Cond": "(mk.movie_id = t.id)",
                  "Plans": [
                    {
                      "Node Type": "Seq Scan",
                      "Parent Relationship": "Outer",
                      "Parallel Aware": true,
                      "Relation Name": "movie_keyword",
                      "Alias": "mk",
                      "Startup Cost": 0.0,
                      "Total Cost": 39047.32,
                      "Plan Rows": 1459332,
                      "Plan Width": 4,
                      "Actual Startup Time": 0.026,
                      "Actual Total Time": 93.201,
                      "Actual Rows": 1130982,
                      "Actual Loops": 4
                    },
                    {
                      "Node Type": "Hash",
                      "Parent Relationship": "Inner",
                      "Parallel Aware": true,
                      "Startup Cost": 45479.1,
                      "Total Cost": 45479.1,
                      "Plan Rows": 140781,
                      "Plan Width": 4,
                      "Actual Startup Time": 144.609,
                      "Actual Total Time": 144.61,
                      "Actual Rows": 110692,
                      "Actual Loops": 4,
                      "Hash Buckets": 1048576,
                      "Original Hash Buckets": 1048576,
                      "Hash Batches": 1,
                      "Original Hash Batches": 1,
                      "Peak Memory Usage": 25568,
                      "Plans": [
                        {
                          "Node Type": "Seq Scan",
                          "Parent Relationship": "Outer",
                          "Parallel Aware": true,
                          "Relation Name": "title",
                          "Alias": "t",
                          "Startup Cost": 0.0,
                          "Total Cost": 45479.1,
                          "Plan Rows": 140781,
                          "Plan Width": 4,
                          "Actual Startup Time": 47.069,
                          "Actual Total Time": 103.643,
                          "Actual Rows": 110692,
                          "Actual Loops": 4,
                          "Filter": "((kind_id < 2) AND (production_year > 1966))",
                          "Rows Removed by Filter": 521386
                        }
                      ]
                    }
                  ]
                }
              ]
            }
          ]
        }
      ]
    },
    "Planning Time": 0.642,
    "Triggers": [],
    "Execution Time": 438.968
  }
]