[
  {
    "Plan": {
      "Node Type": "Aggregate",
      "Strategy": "Plain",
      "Partial Mode": "Finalize",
      "Parallel Aware": false,
      "Startup Cost": 51873.29,
      "Total Cost": 51873.3,
      "Plan Rows": 1,
      "Plan Width": 8,
      "Actual Startup Time": 115.5,
      "Actual Total Time": 133.603,
      "Actual Rows": 1,
      "Actual Loops": 1,
      "Plans": [
        {
          "Node Type": "Gather",
          "Parent Relationship": "Outer",
          "Parallel Aware": false,
          "Startup Cost": 51873.08,
          "Total Cost": 51873.29,
          "Plan Rows": 2,
          "Plan Width": 8,
          "Actual Startup Time": 115.293,
          "Actual Total Time": 133.594,
          "Actual Rows": 3,
          "Actual Loops": 1,
          "Workers Planned": 2,
          "Workers Launched": 2,
          "Single Copy": false,
          "Plans": [
            {
              "Node Type": "Aggregate",
              "Strategy": "Plain",
              "Partial Mode": "Partial",
              "Parent Relationship": "Outer",
              "Parallel Aware": false,
              "Startup Cost": 50873.08,
              "Total Cost": 50873.09,
              "Plan Rows": 1,
              "Plan Width": 8,
              "Actual Startup Time": 108.121,
              "Actual Total Time": 108.123,
              "Actual Rows": 1,
              "Actual Loops": 3,
              "Plans": [
                {
                  "Node Type": "Nested Loop",
                  "Parent Relationship": "Outer",
                  "Parallel Aware": false,
                  "Join Type": "Inner",
                  "Startup Cost": 212.79,
                  "Total Cost": 50813.75,
                  "Plan Rows": 23732,
                  "Plan Width": 0,
                  "Actual Startup Time": 2.605,
                  "Actual Total Time": 104.945,
                  "Actual Rows": 39798,
                  "Actual Loops": 3,
                  "Inner Unique": false,
                  "Plans": [
                    {
                      "Node Type": "Nested Loop",
                      "Parent Relationship": "Outer",
                      "Parallel Aware": false,
                      "Join Type": "Inner",
                      "Startup Cost": 212.35,
                      "Total Cost": 42971.62,
                      "Plan Rows": 4059,
                      "Plan Width": 8,
                      "Actual Startup Time": 2.433,
                      "Actual Total Time": 32.174,
                      "Actual Rows": 3077,
                      "Actual Loops": 3,
                      "Inner Unique": true,
                      "Plans": [
                        {
                          "Node Type": "Bitmap Heap Scan",
                          "Parent Relationship": "Outer",
                          "Parallel Aware": true,
                          "Relation Name": "movie_companies",
                          "Alias": "mc",
                          "Startup Cost": 211.92,
                          "Total Cost": 16315.36,
                          "Plan Rows": 4059,
                          "Plan Width": 4,
                          "Actual Startup Time": 2.259,
                          "Actual Total Time": 9.863,
                          "Actual Rows": 3077,
                          "Actual Loops": 3,
                          "Recheck Cond": "(company_id = 11141)",
                          "Rows Removed by Index Recheck": 0,
                          "Exact Heap Blocks": 2004,
                          "Lossy Heap Blocks": 0,
                          "Plans": [
                            {
                              "Node Type": "Bitmap Index Scan",
                              "Parent Relationship": "Outer",
                              "Parallel Aware": false,
                              "Index Name": "company_id_movie_companies",
                              "Startup Cost": 0.0,
                              "Total Cost": 209.49,
                              "Plan Rows": 9741,
                              "Plan Width": 0,
                              "Actual Startup Time": 4.724,
                              "Actual Total Time": 4.724,
                              "Actual Rows": 9230,
                              "Actual Loops": 1,
                              "Index Cond": "(company_id = 11141)"
                            }
                          ]
                        },
                        {
                          "Node Type": "Index Only Scan",
                          "Parent Relationship": "Inner",
                          "Parallel Aware": false,
                          "Scan Direction": "Forward",
                          "Index Name": "title_pkey",
                          "Relation Name": "title",
                          "Alias": "t",
                          "Startup Cost": 0.43,
                          "Total Cost": 6.57,
                          "Plan Rows": 1,
                          "Plan Width": 4,
                          "Actual Startup Time": 0.007,
                          "Actual Total Time": 0.007,
                          "Actual Rows": 1,
                          "Actual Loops": 9230,
                          "Index Cond": "(id = mc.movie_id)",
                          "Rows Removed by Index Recheck": 0,
                          "Heap Fetches": 9230
                        }
                      ]
                    },
                    {
                      "Node Type": "Index Only Scan",
                      "Parent Relationship": "Inner",
                      "Parallel Aware": false,
                      "Scan Direction": "Forward",
                      "Index Name": "movie_id_movie_info",
                      "Relation Name": "movie_info",
                      "Alias": "mi",
                      "Startup Cost": 0.43,
                      "Total Cost": 1.51,
                      "Plan Rows": 42,
                      "Plan Width": 4,
                      "Actual Startup Time": 0.008,
                      "Actual Total Time": 0.022,
                      "Actual Rows": 13,
                      "Actual Loops": 9230,
                      "Index Cond": "(movie_id = t.id)",
                      "Rows Removed by Index Recheck": 0,
                      "Heap Fetches": 119394
                    }
                  ]
                }
              ]
            }
          ]
        }
      ]
    },
    "Planning Time": 1.168,
    "Triggers": [],
    "Execution Time": 133.689
  }
]