[
  {
    "Plan": {
      "Node Type": "Aggregate",
      "Strategy": "Plain",
      "Partial Mode": "Finalize",
      "Parallel Aware": false,
      "Startup Cost": 291913.76,
      "Total Cost": 291913.77,
      "Plan Rows": 1,
      "Plan Width": 8,
      "Actual Startup Time": 1483.04,
      "Actual Total Time": 1530.958,
      "Actual Rows": 1,
      "Actual Loops": 1,
      "Plans": [
        {
          "Node Type": "Gather",
          "Parent Relationship": "Outer",
          "Parallel Aware": false,
          "Startup Cost": 291913.24,
          "Total Cost": 291913.75,
          "Plan Rows": 5,
          "Plan Width": 8,
          "Actual Startup Time": 1471.733,
          "Actual Total Time": 1530.941,
          "Actual Rows": 6,
          "Actual Loops": 1,
          "Workers Planned": 5,
          "Workers Launched": 5,
          "Single Copy": false,
          "Plans": [
            {
              "Node Type": "Aggregate",
              "Strategy": "Plain",
              "Partial Mode": "Partial",
              "Parent Relationship": "Outer",
              "Parallel Aware": false,
              "Startup Cost": 290913.24,
              "Total Cost": 290913.25,
              "Plan Rows": 1,
              "Plan Width": 8,
              "Actual Startup Time": 1459.839,
              "Actual Total Time": 1460.326,
              "Actual Rows": 1,
              "Actual Loops": 6,
              "Plans": [
                {
                  "Node Type": "Hash Join",
                  "Parent Relationship": "Outer",
                  "Parallel Aware": true,
                  "Join Type": "Inner",
                  "Startup Cost": 84173.45,
                  "Total Cost": 288867.38,
                  "Plan Rows": 818342,
                  "Plan Width": 0,
                  "Actual Startup Time": 418.665,
                  "Actual Total Time": 1367.22,
                  "Actual Rows": 2047862,
                  "Actual Loops": 6,
                  "Inner Unique": false,
                  "Hash Cond": "(mi.movie_id = t.id)",
                  "Plans": [
                    {
                      "Node Type": "Seq Scan",
                      "Parent Relationship": "Outer",
                      "Parallel Aware": true,
                      "Relation Name": "movie_info",
                      "Alias": "mi",
                      "Startup Cost": 0.0,
                      "Total Cost": 191560.33,
                      "Plan Rows": 2956733,
                      "Plan Width": 4,
                      "Actual Startup Time": 0.016,
                      "Actual Total Time": 302.056,
                      "Actual Rows": 2472620,
                      "Actual Loops": 6
                    },
                    {
                      "Node Type": "Hash",
                      "Parent Relationship": "Inner",
                      "Parallel Aware": true,
                      "Startup Cost": 81986.7,
                      "Total Cost": 81986.7,
                      "Plan Rows": 174940,
                      "Plan Width": 8,
                      "Actual Startup Time": 412.573,
                      "Actual Total Time": 413.058,
                      "Actual Rows": 124171,
                      "Actual Loops": 6,
                      "Hash Buckets": 1048576,
                      "Original Hash Buckets": 1048576,
                      "Hash Batches": 1,
                      "Original Hash Batches": 1,
                      "Peak Memory Usage": 37408,
                      "Plans": [
                        {
                          "Node Type": "Hash Join",
                          "Parent Relationship": "Outer",
                          "Parallel Aware": true,
                          "Join Type": "Inner",
                          "Startup Cost": 35110.62,
                          "Total Cost": 81986.7,
                          "Plan Rows": 174940,
                          "Plan Width": 8,
                          "Actual Startup Time": 180.825,
                          "Actual Total Time": 364.557,
                          "Actual Rows": 124171,
                          "Actual Loops": 6,
                          "Inner Unique": false,
                          "Hash Cond": "(t.id = mc.movie_id)",
                          "Plans": [
                            {
                              "Node Type": "Seq Scan",
                              "Parent Relationship": "Outer",
                              "Parallel Aware": true,
                              "Relation Name": "title",
                              "Alias": "t",
                              "Startup Cost": 0.0,
                              "Total Cost": 43898.92,
                              "Plan Rows": 482568,
                              "Plan Width": 4,
                              "Actual Startup Time": 0.015,
                              "Actual Total Time": 74.695,
                              "Actual Rows": 319671,
                              "Actual Loops": 6,
                              "Filter": "(production_year > 1981)",
                              "Rows Removed by Filter": 101714
                            },
                            {
                              "Node Type": "Hash",
                              "Parent Relationship": "Inner",
                              "Parallel Aware": true,
                              "Startup Cost": 31414.82,
                              "Total Cost": 31414.82,
                              "Plan Rows": 295664,
                              "Plan Width": 4,
                              "Actual Startup Time": 178.67,
                              "Actual Total Time": 178.672,
                              "Actual Rows": 183995,
                              "Actual Loops": 6,
                              "Hash Buckets": 2097152,
                              "Original Hash Buckets": 1048576,
                              "Hash Batches": 1,
                              "Original Hash Batches": 1,
                              "Peak Memory Usage": 67840,
                              "Plans": [
                                {
                                  "Node Type": "Seq Scan",
                                  "Parent Relationship": "Outer",
                                  "Parallel Aware": true,
                                  "Relation Name": "movie_companies",
                                  "Alias": "mc",
                                  "Startup Cost": 0.0,
                                  "Total Cost": 31414.82,
                                  "Plan Rows": 295664,
                                  "Plan Width": 4,
                                  "Actual Startup Time": 48.382,
                                  "Actual Total Time": 80.615,
                                  "Actual Rows": 183995,
                                  "Actual Loops": 6,
                                  "Filter": "((company_id > 1728) AND (company_type_id = 2))",
                                  "Rows Removed by Filter": 250860
                                }
                              ]
                            }
                          ]
                        }
                      ]
                    }
                  ]
                }
              ]
            }
          ]
        }
      ]
    },
    "Planning Time": 1.382,
    "Triggers": [],
    "Execution Time": 1531.058
  }
]