[
  {
    "Plan": {
      "Node Type": "Aggregate",
      "Strategy": "Plain",
      "Partial Mode": "Finalize",
      "Parallel Aware": false,
      "Startup Cost": 47270.0,
      "Total Cost": 47270.01,
      "Plan Rows": 1,
      "Plan Width": 8,
      "Actual Startup Time": 190.826,
      "Actual Total Time": 196.851,
      "Actual Rows": 1,
      "Actual Loops": 1,
      "Plans": [
        {
          "Node Type": "Gather",
          "Parent Relationship": "Outer",
          "Parallel Aware": false,
          "Startup Cost": 47269.69,
          "Total Cost": 47270.0,
          "Plan Rows": 3,
          "Plan Width": 8,
          "Actual Startup Time": 190.735,
          "Actual Total Time": 196.844,
          "Actual Rows": 4,
          "Actual Loops": 1,
          "Workers Planned": 3,
          "Workers Launched": 3,
          "Single Copy": false,
          "Plans": [
            {
              "Node Type": "Aggregate",
              "Strategy": "Plain",
              "Partial Mode": "Partial",
              "Parent Relationship": "Outer",
              "Parallel Aware": false,
              "Startup Cost": 46269.69,
              "Total Cost": 46269.7,
              "Plan Rows": 1,
              "Plan Width": 8,
              "Actual Startup Time": 186.176,
              "Actual Total Time": 186.177,
              "Actual Rows": 1,
              "Actual Loops": 4,
              "Plans": [
                {
                  "Node Type": "Seq Scan",
                  "Parent Relationship": "Outer",
                  "Parallel Aware": true,
                  "Relation Name": "movie_keyword",
                  "Alias": "mk",
                  "Startup Cost": 0.0,
                  "Total Cost": 42695.65,
                  "Plan Rows": 1429613,
                  "Plan Width": 0,
                  "Actual Startup Time": 0.031,
                  "Actual Total Time": 129.13,
                  "Actual Rows": 1105833,
                  "Actual Loops": 4,
                  "Filter": "(keyword_id > 87)",
                  "Rows Removed by Filter": 25150
                }
              ]
            }
          ]
        }
      ]
    },
    "Planning Time": 0.08,
    "Triggers": [],
    "Execution Time": 196.877
  }
]