[
  {
    "Plan": {
      "Node Type": "Aggregate",
      "Strategy": "Plain",
      "Partial Mode": "Finalize",
      "Parallel Aware": false,
      "Startup Cost": 47274.46,
      "Total Cost": 47274.47,
      "Plan Rows": 1,
      "Plan Width": 8,
      "Actual Startup Time": 180.569,
      "Actual Total Time": 190.259,
      "Actual Rows": 1,
      "Actual Loops": 1,
      "Plans": [
        {
          "Node Type": "Gather",
          "Parent Relationship": "Outer",
          "Parallel Aware": false,
          "Startup Cost": 47274.14,
          "Total Cost": 47274.45,
          "Plan Rows": 3,
          "Plan Width": 8,
          "Actual Startup Time": 180.481,
          "Actual Total Time": 190.251,
          "Actual Rows": 4,
          "Actual Loops": 1,
          "Workers Planned": 3,
          "Workers Launched": 3,
          "Single Copy": false,
          "Plans": [
            {
              "Node Type": "Aggregate",
              "Strategy": "Plain",
              "Partial Mode": "Partial",
              "Parent Relationship": "Outer",
              "Parallel Aware": false,
              "Startup Cost": 46274.14,
              "Total Cost": 46274.15,
              "Plan Rows": 1,
              "Plan Width": 8,
              "Actual Startup Time": 173.586,
              "Actual Total Time": 173.587,
              "Actual Rows": 1,
              "Actual Loops": 4,
              "Plans": [
                {
                  "Node Type": "Seq Scan",
                  "Parent Relationship": "Outer",
                  "Parallel Aware": true,
                  "Relation Name": "movie_keyword",
                  "Alias": "mk",
                  "Startup Cost": 0.0,
                  "Total Cost": 42695.65,
                  "Plan Rows": 1431394,
                  "Plan Width": 0,
                  "Actual Startup Time": 0.057,
                  "Actual Total Time": 124.686,
                  "Actual Rows": 1105833,
                  "Actual Loops": 4,
                  "Filter": "(keyword_id > 87)",
                  "Rows Removed by Filter": 25150
                }
              ]
            }
          ]
        }
      ]
    },
    "Planning Time": 0.118,
    "Triggers": [],
    "Execution Time": 190.295
  }
]