[
  {
    "Plan": {
      "Node Type": "Aggregate",
      "Strategy": "Plain",
      "Partial Mode": "Finalize",
      "Parallel Aware": false,
      "Startup Cost": 353389.33,
      "Total Cost": 353389.34,
      "Plan Rows": 1,
      "Plan Width": 8,
      "Actual Startup Time": 778.973,
      "Actual Total Time": 822.332,
      "Actual Rows": 1,
      "Actual Loops": 1,
      "Plans": [
        {
          "Node Type": "Gather",
          "Parent Relationship": "Outer",
          "Parallel Aware": false,
          "Startup Cost": 353388.71,
          "Total Cost": 353389.32,
          "Plan Rows": 6,
          "Plan Width": 8,
          "Actual Startup Time": 778.749,
          "Actual Total Time": 822.311,
          "Actual Rows": 7,
          "Actual Loops": 1,
          "Workers Planned": 6,
          "Workers Launched": 6,
          "Single Copy": false,
          "Plans": [
            {
              "Node Type": "Aggregate",
              "Strategy": "Plain",
              "Partial Mode": "Partial",
              "Parent Relationship": "Outer",
              "Parallel Aware": false,
              "Startup Cost": 352388.71,
              "Total Cost": 352388.72,
              "Plan Rows": 1,
              "Plan Width": 8,
              "Actual Startup Time": 771.086,
              "Actual Total Time": 771.087,
              "Actual Rows": 1,
              "Actual Loops": 7,
              "Plans": [
                {
                  "Node Type": "Seq Scan",
                  "Parent Relationship": "Outer",
                  "Parallel Aware": true,
                  "Relation Name": "cast_info",
                  "Alias": "ci",
                  "Startup Cost": 0.0,
                  "Total Cost": 343316.27,
                  "Plan Rows": 3628974,
                  "Plan Width": 0,
                  "Actual Startup Time": 218.532,
                  "Actual Total Time": 643.983,
                  "Actual Rows": 2991787,
                  "Actual Loops": 7,
                  "Filter": "((person_id < 3553549) AND (role_id > 1))",
                  "Rows Removed by Filter": 2185977
                }
              ]
            }
          ]
        }
      ]
    },
    "Planning Time": 0.247,
    "Triggers": [],
    "Execution Time": 822.405
  }
]