[
  {
    "Plan": {
      "Node Type": "Aggregate",
      "Strategy": "Plain",
      "Partial Mode": "Finalize",
      "Parallel Aware": false,
      "Startup Cost": 33002.81,
      "Total Cost": 33002.82,
      "Plan Rows": 1,
      "Plan Width": 8,
      "Actual Startup Time": 101.438,
      "Actual Total Time": 109.159,
      "Actual Rows": 1,
      "Actual Loops": 1,
      "Plans": [
        {
          "Node Type": "Gather",
          "Parent Relationship": "Outer",
          "Parallel Aware": false,
          "Startup Cost": 33002.5,
          "Total Cost": 33002.81,
          "Plan Rows": 3,
          "Plan Width": 8,
          "Actual Startup Time": 101.314,
          "Actual Total Time": 109.151,
          "Actual Rows": 4,
          "Actual Loops": 1,
          "Workers Planned": 3,
          "Workers Launched": 3,
          "Single Copy": false,
          "Plans": [
            {
              "Node Type": "Aggregate",
              "Strategy": "Plain",
              "Partial Mode": "Partial",
              "Parent Relationship": "Outer",
              "Parallel Aware": false,
              "Startup Cost": 32002.5,
              "Total Cost": 32002.51,
              "Plan Rows": 1,
              "Plan Width": 8,
              "Actual Startup Time": 93.887,
              "Actual Total Time": 93.888,
              "Actual Rows": 1,
              "Actual Loops": 4,
              "Plans": [
                {
                  "Node Type": "Seq Scan",
                  "Parent Relationship": "Outer",
                  "Parallel Aware": true,
                  "Relation Name": "movie_companies",
                  "Alias": "mc",
                  "Startup Cost": 0.0,
                  "Total Cost": 31414.82,
                  "Plan Rows": 235071,
                  "Plan Width": 0,
                  "Actual Startup Time": 49.992,
                  "Actual Total Time": 84.259,
                  "Actual Rows": 237671,
                  "Actual Loops": 4,
                  "Filter": "((company_id > 9868) AND (company_type_id = 2))",
                  "Rows Removed by Filter": 414611
                }
              ]
            }
          ]
        }
      ]
    },
    "Planning Time": 0.217,
    "Triggers": [],
    "Execution Time": 109.215
  }
]