[
  {
    "Plan": {
      "Node Type": "Aggregate",
      "Strategy": "Plain",
      "Partial Mode": "Finalize",
      "Parallel Aware": false,
      "Startup Cost": 242428.16,
      "Total Cost": 242428.17,
      "Plan Rows": 1,
      "Plan Width": 8,
      "Actual Startup Time": 553.955,
      "Actual Total Time": 597.212,
      "Actual Rows": 1,
      "Actual Loops": 1,
      "Plans": [
        {
          "Node Type": "Gather",
          "Parent Relationship": "Outer",
          "Parallel Aware": false,
          "Startup Cost": 242427.64,
          "Total Cost": 242428.15,
          "Plan Rows": 5,
          "Plan Width": 8,
          "Actual Startup Time": 552.07,
          "Actual Total Time": 597.2,
          "Actual Rows": 6,
          "Actual Loops": 1,
          "Workers Planned": 5,
          "Workers Launched": 5,
          "Single Copy": false,
          "Plans": [
            {
              "Node Type": "Aggregate",
              "Strategy": "Plain",
              "Partial Mode": "Partial",
              "Parent Relationship": "Outer",
              "Parallel Aware": false,
              "Startup Cost": 241427.64,
              "Total Cost": 241427.65,
              "Plan Rows": 1,
              "Plan Width": 8,
              "Actual Startup Time": 541.552,
              "Actual Total Time": 541.555,
              "Actual Rows": 1,
              "Actual Loops": 6,
              "Plans": [
                {
                  "Node Type": "Hash Join",
                  "Parent Relationship": "Outer",
                  "Parallel Aware": true,
                  "Join Type": "Inner",
                  "Startup Cost": 38313.39,
                  "Total Cost": 241289.14,
                  "Plan Rows": 55397,
                  "Plan Width": 0,
                  "Actual Startup Time": 50.805,
                  "Actual Total Time": 538.39,
                  "Actual Rows": 67214,
                  "Actual Loops": 6,
                  "Inner Unique": true,
                  "Hash Cond": "(mi.movie_id = t.id)",
                  "Plans": [
                    {
                      "Node Type": "Seq Scan",
                      "Parent Relationship": "Outer",
                      "Parallel Aware": true,
                      "Relation Name": "movie_info",
                      "Alias": "mi",
                      "Startup Cost": 0.0,
                      "Total Cost": 199108.24,
                      "Plan Rows": 1473332,
                      "Plan Width": 4,
                      "Actual Startup Time": 0.025,
                      "Actual Total Time": 350.025,
                      "Actual Rows": 1214478,
                      "Actual Loops": 6,
                      "Filter": "(info_type_id < 8)",
                      "Rows Removed by Filter": 1258142
                    },
                    {
                      "Node Type": "Hash",
                      "Parent Relationship": "Inner",
                      "Parallel Aware": true,
                      "Startup Cost": 38016.31,
                      "Total Cost": 38016.31,
                      "Plan Rows": 23767,
                      "Plan Width": 4,
                      "Actual Startup Time": 49.66,
                      "Actual Total Time": 49.661,
                      "Actual Rows": 15142,
                      "Actual Loops": 6,
                      "Hash Buckets": 131072,
                      "Original Hash Buckets": 131072,
                      "Hash Batches": 1,
                      "Original Hash Batches": 1,
                      "Peak Memory Usage": 4672,
                      "Plans": [
                        {
                          "Node Type": "Bitmap Heap Scan",
                          "Parent Relationship": "Outer",
                          "Parallel Aware": true,
                          "Relation Name": "title",
                          "Alias": "t",
                          "Startup Cost": 1721.21,
                          "Total Cost": 38016.31,
                          "Plan Rows": 23767,
                          "Plan Width": 4,
                          "Actual Startup Time": 1.839,
                          "Actual Total Time": 43.542,
                          "Actual Rows": 15142,
                          "Actual Loops": 6,
                          "Recheck Cond": "(kind_id = 2)",
                          "Rows Removed by Index Recheck": 0,
                          "Exact Heap Blocks": 11109,
                          "Lossy Heap Blocks": 0,
                          "Plans": [
                            {
                              "Node Type": "Bitmap Index Scan",
                              "Parent Relationship": "Outer",
                              "Parallel Aware": false,
                              "Index Name": "kind_id_title",
                              "Startup Cost": 0.0,
                              "Total Cost": 1697.45,
                              "Plan Rows": 95069,
                              "Plan Width": 0,
                              "Actual Startup Time": 6.682,
                              "Actual Total Time": 6.682,
                              "Actual Rows": 90852,
                              "Actual Loops": 1,
                              "Index Cond": "(kind_id = 2)"
                            }
                          ]
                        }
                      ]
                    }
                  ]
                }
              ]
            }
          ]
        }
      ]
    },
    "Planning Time": 0.261,
    "Triggers": [],
    "Execution Time": 597.304
  }
]