{
  "Plan": {
    "Node Type": "Aggregate",
    "Strategy": "Plain",
    "Partial Mode": "Finalize",
    "Parallel Aware": false,
    "Startup Cost": 1804411.79,
    "Total Cost": 1804411.8,
    "Plan Rows": 1,
    "Plan Width": 8,
    "Actual Startup Time": 16186.543,
    "Actual Total Time": 16292.715,
    "Actual Rows": 1,
    "Actual Loops": 1,
    "Plans": [
      {
        "Node Type": "Gather",
        "Parent Relationship": "Outer",
        "Parallel Aware": false,
        "Startup Cost": 1804411.68,
        "Total Cost": 1804411.79,
        "Plan Rows": 1,
        "Plan Width": 8,
        "Actual Startup Time": 16156.843,
        "Actual Total Time": 16292.702,
        "Actual Rows": 2,
        "Actual Loops": 1,
        "Workers Planned": 1,
        "Workers Launched": 1,
        "Single Copy": false,
        "Plans": [
          {
            "Node Type": "Aggregate",
            "Strategy": "Plain",
            "Partial Mode": "Partial",
            "Parent Relationship": "Outer",
            "Parallel Aware": false,
            "Startup Cost": 1803411.68,
            "Total Cost": 1803411.69,
            "Plan Rows": 1,
            "Plan Width": 8,
            "Actual Startup Time": 16145.229,
            "Actual Total Time": 16145.236,
            "Actual Rows": 1,
            "Actual Loops": 2,
            "Plans": [
              {
                "Node Type": "Hash Join",
                "Parent Relationship": "Outer",
                "Parallel Aware": true,
                "Join Type": "Inner",
                "Startup Cost": 959235.05,
                "Total Cost": 1722339.36,
                "Plan Rows": 32428928,
                "Plan Width": 0,
                "Actual Startup Time": 3423.263,
                "Actual Total Time": 14264.238,
                "Actual Rows": 46687676,
                "Actual Loops": 2,
                "Inner Unique": false,
                "Hash Cond": "(ci.movie_id = t.id)",
                "Plans": [
                  {
                    "Node Type": "Seq Scan",
                    "Parent Relationship": "Outer",
                    "Parallel Aware": true,
                    "Relation Name": "cast_info",
                    "Alias": "ci",
                    "Startup Cost": 0.0,
                    "Total Cost": 465792.95,
                    "Plan Rows": 21310595,
                    "Plan Width": 4,
                    "Actual Startup Time": 0.028,
                    "Actual Total Time": 1354.069,
                    "Actual Rows": 18122172,
                    "Actual Loops": 2
                  },
                  {
                    "Node Type": "Hash",
                    "Parent Relationship": "Inner",
                    "Parallel Aware": true,
                    "Startup Cost": 930945.54,
                    "Total Cost": 930945.54,
                    "Plan Rows": 2263161,
                    "Plan Width": 8,
                    "Actual Startup Time": 3401.525,
                    "Actual Total Time": 3401.529,
                    "Actual Rows": 2144694,
                    "Actual Loops": 2,
                    "Hash Buckets": 8388608,
                    "Original Hash Buckets": 4194304,
                    "Hash Batches": 1,
                    "Original Hash Batches": 1,
                    "Peak Memory Usage": 266144,
                    "Plans": [
                      {
                        "Node Type": "Merge Join",
                        "Parent Relationship": "Outer",
                        "Parallel Aware": false,
                        "Join Type": "Inner",
                        "Startup Cost": 882837.29,
                        "Total Cost": 930945.54,
                        "Plan Rows": 2263161,
                        "Plan Width": 8,
                        "Actual Startup Time": 1990.213,
                        "Actual Total Time": 2841.671,
                        "Actual Rows": 2144694,
                        "Actual Loops": 2,
                        "Inner Unique": true,
                        "Merge Cond": "(mi.movie_id = t.id)",
                        "Plans": [
                          {
                            "Node Type": "Sort",
                            "Parent Relationship": "Outer",
                            "Parallel Aware": false,
                            "Startup Cost": 642661.63,
                            "Total Cost": 651228.91,
                            "Plan Rows": 3426912,
                            "Plan Width": 4,
                            "Actual Startup Time": 1298.489,
                            "Actual Total Time": 1448.312,
                            "Actual Rows": 2942482,
                            "Actual Loops": 2,
                            "Sort Key": [
                              "mi.movie_id"
                            ],
                            "Sort Method": "quicksort",
                            "Sort Space Used": 243103,
                            "Sort Space Type": "Memory",
                            "Workers": [
                              {
                                "Worker Number": 0,
                                "Sort Method": "quicksort",
                                "Sort Space Used": 229363,
                                "Sort Space Type": "Memory"
                              }
                            ],
                            "Plans": [
                              {
                                "Node Type": "Seq Scan",
                                "Parent Relationship": "Outer",
                                "Parallel Aware": true,
                                "Relation Name": "movie_info",
                                "Alias": "mi",
                                "Startup Cost": 0.0,
                                "Total Cost": 270696.42,
                                "Plan Rows": 3426912,
                                "Plan Width": 4,
                                "Actual Startup Time": 0.031,
                                "Actual Total Time": 685.852,
                                "Actual Rows": 2942482,
                                "Actual Loops": 2,
                                "Filter": "(info_type_id < 7)",
                                "Rows Removed by Filter": 4475378
                              }
                            ]
                          },
                          {
                            "Node Type": "Sort",
                            "Parent Relationship": "Inner",
                            "Parallel Aware": false,
                            "Startup Cost": 240175.48,
                            "Total Cost": 244349.75,
                            "Plan Rows": 1669706,
                            "Plan Width": 4,
                            "Actual Startup Time": 691.71,
                            "Actual Total Time": 928.959,
                            "Actual Rows": 1670348,
                            "Actual Loops": 2,
                            "Sort Key": [
                              "t.id"
                            ],
                            "Sort Method": "quicksort",
                            "Sort Space Used": 127494,
                            "Sort Space Type": "Memory",
                            "Workers": [
                              {
                                "Worker Number": 0,
                                "Sort Method": "quicksort",
                                "Sort Space Used": 127494,
                                "Sort Space Type": "Memory"
                              }
                            ],
                            "Plans": [
                              {
                                "Node Type": "Seq Scan",
                                "Parent Relationship": "Outer",
                                "Parallel Aware": false,
                                "Relation Name": "title",
                                "Alias": "t",
                                "Startup Cost": 0.0,
                                "Total Cost": 67601.66,
                                "Plan Rows": 1669706,
                                "Plan Width": 4,
                                "Actual Startup Time": 0.042,
                                "Actual Total Time": 282.806,
                                "Actual Rows": 1671292,
                                "Actual Loops": 2,
                                "Filter": "(production_year < 2008)",
                                "Rows Removed by Filter": 857020
                              }
                            ]
                          }
                        ]
                      }
                    ]
                  }
                ]
              }
            ]
          }
        ]
      }
    ]
  },
  "Planning Time": 0.998,
  "Triggers": [],
  "Execution Time": 16329.367
}