{
  "Plan": {
    "Node Type": "Aggregate",
    "Strategy": "Plain",
    "Partial Mode": "Finalize",
    "Parallel Aware": false,
    "Startup Cost": 3259456.0,
    "Total Cost": 3259456.01,
    "Plan Rows": 1,
    "Plan Width": 8,
    "Actual Startup Time": 14933.837,
    "Actual Total Time": 15020.594,
    "Actual Rows": 1,
    "Actual Loops": 1,
    "Plans": [
      {
        "Node Type": "Gather",
        "Parent Relationship": "Outer",
        "Parallel Aware": false,
        "Startup Cost": 3259455.89,
        "Total Cost": 3259456.0,
        "Plan Rows": 1,
        "Plan Width": 8,
        "Actual Startup Time": 14907.768,
        "Actual Total Time": 15020.584,
        "Actual Rows": 2,
        "Actual Loops": 1,
        "Workers Planned": 1,
        "Workers Launched": 1,
        "Single Copy": false,
        "Plans": [
          {
            "Node Type": "Aggregate",
            "Strategy": "Plain",
            "Partial Mode": "Partial",
            "Parent Relationship": "Outer",
            "Parallel Aware": false,
            "Startup Cost": 3258455.89,
            "Total Cost": 3258455.9,
            "Plan Rows": 1,
            "Plan Width": 8,
            "Actual Startup Time": 14883.376,
            "Actual Total Time": 14883.385,
            "Actual Rows": 1,
            "Actual Loops": 2,
            "Plans": [
              {
                "Node Type": "Merge Join",
                "Parent Relationship": "Outer",
                "Parallel Aware": false,
                "Join Type": "Inner",
                "Startup Cost": 2807366.0,
                "Total Cost": 3198388.09,
                "Plan Rows": 24027118,
                "Plan Width": 0,
                "Actual Startup Time": 10530.828,
                "Actual Total Time": 14277.907,
                "Actual Rows": 15752920,
                "Actual Loops": 2,
                "Inner Unique": false,
                "Merge Cond": "(t.id = mi.movie_id)",
                "Plans": [
                  {
                    "Node Type": "Sort",
                    "Parent Relationship": "Outer",
                    "Parallel Aware": false,
                    "Startup Cost": 1308588.4,
                    "Total Cost": 1323907.92,
                    "Plan Rows": 6127806,
                    "Plan Width": 8,
                    "Actual Startup Time": 6833.841,
                    "Actual Total Time": 7443.224,
                    "Actual Rows": 5602274,
                    "Actual Loops": 2,
                    "Sort Key": [
                      "t.id"
                    ],
                    "Sort Method": "quicksort",
                    "Sort Space Used": 463075,
                    "Sort Space Type": "Memory",
                    "Workers": [
                      {
                        "Worker Number": 0,
                        "Sort Method": "quicksort",
                        "Sort Space Used": 455355,
                        "Sort Space Type": "Memory"
                      }
                    ],
                    "Plans": [
                      {
                        "Node Type": "Hash Join",
                        "Parent Relationship": "Outer",
                        "Parallel Aware": true,
                        "Join Type": "Inner",
                        "Startup Cost": 68067.78,
                        "Total Cost": 617772.06,
                        "Plan Rows": 6127806,
                        "Plan Width": 8,
                        "Actual Startup Time": 360.005,
                        "Actual Total Time": 5458.363,
                        "Actual Rows": 5602274,
                        "Actual Loops": 2,
                        "Inner Unique": true,
                        "Hash Cond": "(ci.movie_id = t.id)",
                        "Plans": [
                          {
                            "Node Type": "Seq Scan",
                            "Parent Relationship": "Outer",
                            "Parallel Aware": true,
                            "Relation Name": "cast_info",
                            "Alias": "ci",
                            "Startup Cost": 0.0,
                            "Total Cost": 519069.44,
                            "Plan Rows": 11670392,
                            "Plan Width": 4,
                            "Actual Startup Time": 0.015,
                            "Actual Total Time": 1738.334,
                            "Actual Rows": 10061330,
                            "Actual Loops": 2,
                            "Filter": "(role_id < 3)",
                            "Rows Removed by Filter": 8060842
                          },
                          {
                            "Node Type": "Hash",
                            "Parent Relationship": "Inner",
                            "Parallel Aware": true,
                            "Startup Cost": 58306.47,
                            "Total Cost": 58306.47,
                            "Plan Rows": 780905,
                            "Plan Width": 4,
                            "Actual Startup Time": 345.211,
                            "Actual Total Time": 345.213,
                            "Actual Rows": 702901,
                            "Actual Loops": 2,
                            "Hash Buckets": 2097152,
                            "Original Hash Buckets": 2097152,
                            "Hash Batches": 1,
                            "Original Hash Batches": 1,
                            "Peak Memory Usage": 71392,
                            "Plans": [
                              {
                                "Node Type": "Seq Scan",
                                "Parent Relationship": "Outer",
                                "Parallel Aware": true,
                                "Relation Name": "title",
                                "Alias": "t",
                                "Startup Cost": 0.0,
                                "Total Cost": 58306.47,
                                "Plan Rows": 780905,
                                "Plan Width": 4,
                                "Actual Startup Time": 0.031,
                                "Actual Total Time": 162.739,
                                "Actual Rows": 702901,
                                "Actual Loops": 2,
                                "Filter": "((production_year > 1963) AND (kind_id = 7))",
                                "Rows Removed by Filter": 561255
                              }
                            ]
                          }
                        ]
                      }
                    ]
                  },
                  {
                    "Node Type": "Sort",
                    "Parent Relationship": "Inner",
                    "Parallel Aware": false,
                    "Startup Cost": 1498776.98,
                    "Total Cost": 1523560.56,
                    "Plan Rows": 9913433,
                    "Plan Width": 4,
                    "Actual Startup Time": 3696.97,
                    "Actual Total Time": 4611.295,
                    "Actual Rows": 23343662,
                    "Actual Loops": 2,
                    "Sort Key": [
                      "mi.movie_id"
                    ],
                    "Sort Method": "quicksort",
                    "Sort Space Used": 857830,
                    "Sort Space Type": "Memory",
                    "Workers": [
                      {
                        "Worker Number": 0,
                        "Sort Method": "quicksort",
                        "Sort Space Used": 857830,
                        "Sort Space Type": "Memory"
                      }
                    ],
                    "Plans": [
                      {
                        "Node Type": "Seq Scan",
                        "Parent Relationship": "Outer",
                        "Parallel Aware": false,
                        "Relation Name": "movie_info",
                        "Alias": "mi",
                        "Startup Cost": 0.0,
                        "Total Cost": 346788.81,
                        "Plan Rows": 9913433,
                        "Plan Width": 4,
                        "Actual Startup Time": 60.068,
                        "Actual Total Time": 1401.695,
                        "Actual Rows": 9911754,
                        "Actual Loops": 2,
                        "Filter": "(info_type_id > 4)",
                        "Rows Removed by Filter": 4923966
                      }
                    ]
                  }
                ]
              }
            ]
          }
        ]
      }
    ]
  },
  "Planning Time": 1.074,
  "Triggers": [],
  "Execution Time": 15088.264
}