[
  {
    "Plan": {
      "Node Type": "Aggregate",
      "Strategy": "Plain",
      "Partial Mode": "Finalize",
      "Parallel Aware": false,
      "Startup Cost": 25558.18,
      "Total Cost": 25558.19,
      "Plan Rows": 1,
      "Plan Width": 8,
      "Actual Startup Time": 69.996,
      "Actual Total Time": 75.943,
      "Actual Rows": 1,
      "Actual Loops": 1,
      "Plans": [
        {
          "Node Type": "Gather",
          "Parent Relationship": "Outer",
          "Parallel Aware": false,
          "Startup Cost": 25557.86,
          "Total Cost": 25558.17,
          "Plan Rows": 3,
          "Plan Width": 8,
          "Actual Startup Time": 69.713,
          "Actual Total Time": 75.935,
          "Actual Rows": 4,
          "Actual Loops": 1,
          "Workers Planned": 3,
          "Workers Launched": 3,
          "Single Copy": false,
          "Plans": [
            {
              "Node Type": "Aggregate",
              "Strategy": "Plain",
              "Partial Mode": "Partial",
              "Parent Relationship": "Outer",
              "Parallel Aware": false,
              "Startup Cost": 24557.86,
              "Total Cost": 24557.87,
              "Plan Rows": 1,
              "Plan Width": 8,
              "Actual Startup Time": 63.065,
              "Actual Total Time": 63.066,
              "Actual Rows": 1,
              "Actual Loops": 4,
              "Plans": [
                {
                  "Node Type": "Bitmap Heap Scan",
                  "Parent Relationship": "Outer",
                  "Parallel Aware": true,
                  "Relation Name": "movie_companies",
                  "Alias": "mc",
                  "Startup Cost": 4638.17,
                  "Total Cost": 24469.72,
                  "Plan Rows": 35255,
                  "Plan Width": 0,
                  "Actual Startup Time": 51.483,
                  "Actual Total Time": 62.317,
                  "Actual Rows": 12039,
                  "Actual Loops": 4,
                  "Recheck Cond": "(company_id < 73)",
                  "Rows Removed by Index Recheck": 0,
                  "Filter": "(company_type_id > 1)",
                  "Rows Removed by Filter": 41762,
                  "Exact Heap Blocks": 11214,
                  "Lossy Heap Blocks": 0,
                  "Plans": [
                    {
                      "Node Type": "Bitmap Index Scan",
                      "Parent Relationship": "Outer",
                      "Parallel Aware": false,
                      "Index Name": "company_id_movie_companies",
                      "Startup Cost": 0.0,
                      "Total Cost": 4610.84,
                      "Plan Rows": 215255,
                      "Plan Width": 0,
                      "Actual Startup Time": 23.527,
                      "Actual Total Time": 23.527,
                      "Actual Rows": 215203,
                      "Actual Loops": 1,
                      "Index Cond": "(company_id < 73)"
                    }
                  ]
                }
              ]
            }
          ]
        }
      ]
    },
    "Planning Time": 0.142,
    "Triggers": [],
    "Execution Time": 75.992
  }
]