[
  {
    "Plan": {
      "Node Type": "Aggregate",
      "Strategy": "Plain",
      "Partial Mode": "Finalize",
      "Parallel Aware": false,
      "Startup Cost": 33116.02,
      "Total Cost": 33116.03,
      "Plan Rows": 1,
      "Plan Width": 8,
      "Actual Startup Time": 96.676,
      "Actual Total Time": 102.594,
      "Actual Rows": 1,
      "Actual Loops": 1,
      "Plans": [
        {
          "Node Type": "Gather",
          "Parent Relationship": "Outer",
          "Parallel Aware": false,
          "Startup Cost": 33115.7,
          "Total Cost": 33116.01,
          "Plan Rows": 3,
          "Plan Width": 8,
          "Actual Startup Time": 96.46,
          "Actual Total Time": 102.586,
          "Actual Rows": 4,
          "Actual Loops": 1,
          "Workers Planned": 3,
          "Workers Launched": 3,
          "Single Copy": false,
          "Plans": [
            {
              "Node Type": "Aggregate",
              "Strategy": "Plain",
              "Partial Mode": "Partial",
              "Parent Relationship": "Outer",
              "Parallel Aware": false,
              "Startup Cost": 32115.7,
              "Total Cost": 32115.71,
              "Plan Rows": 1,
              "Plan Width": 8,
              "Actual Startup Time": 89.234,
              "Actual Total Time": 89.235,
              "Actual Rows": 1,
              "Actual Loops": 4,
              "Plans": [
                {
                  "Node Type": "Seq Scan",
                  "Parent Relationship": "Outer",
                  "Parallel Aware": true,
                  "Relation Name": "movie_companies",
                  "Alias": "mc",
                  "Startup Cost": 0.0,
                  "Total Cost": 31414.82,
                  "Plan Rows": 280353,
                  "Plan Width": 0,
                  "Actual Startup Time": 1.574,
                  "Actual Total Time": 80.532,
                  "Actual Rows": 170335,
                  "Actual Loops": 4,
                  "Filter": "((company_id > 2179) AND (company_type_id = 1))",
                  "Rows Removed by Filter": 481947
                }
              ]
            }
          ]
        }
      ]
    },
    "Planning Time": 0.218,
    "Triggers": [],
    "Execution Time": 102.648
  }
]