[
    {
        "Bao": {
            "Bao prediction": 82.858,
            "Bao recommended hint": "SET enable_mergejoin TO off; SET enable_indexscan TO off; "
        }
    },
    {
        "Plan": {
            "Node Type": "Aggregate",
            "Strategy": "Plain",
            "Partial Mode": "Finalize",
            "Parallel Aware": false,
            "Startup Cost": 6606.13,
            "Total Cost": 6606.14,
            "Plan Rows": 1,
            "Plan Width": 64,
            "Actual Startup Time": 42.805,
            "Actual Total Time": 45.745,
            "Actual Rows": 1,
            "Actual Loops": 1,
            "Output": [
                "min(mi.info)",
                "min(t.title)"
            ],
            "Plans": [
                {
                    "Node Type": "Gather",
                    "Parent Relationship": "Outer",
                    "Parallel Aware": false,
                    "Startup Cost": 6606.02,
                    "Total Cost": 6606.13,
                    "Plan Rows": 1,
                    "Plan Width": 64,
                    "Actual Startup Time": 42.555,
                    "Actual Total Time": 45.735,
                    "Actual Rows": 2,
                    "Actual Loops": 1,
                    "Output": [
                        "(PARTIAL min(mi.info))",
                        "(PARTIAL min(t.title))"
                    ],
                    "Workers Planned": 1,
                    "Workers Launched": 1,
                    "Single Copy": false,
                    "Plans": [
                        {
                            "Node Type": "Aggregate",
                            "Strategy": "Plain",
                            "Partial Mode": "Partial",
                            "Parent Relationship": "Outer",
                            "Parallel Aware": false,
                            "Startup Cost": 5606.02,
                            "Total Cost": 5606.03,
                            "Plan Rows": 1,
                            "Plan Width": 64,
                            "Actual Startup Time": 36.261,
                            "Actual Total Time": 36.269,
                            "Actual Rows": 1,
                            "Actual Loops": 2,
                            "Output": [
                                "PARTIAL min(mi.info)",
                                "PARTIAL min(t.title)"
                            ],
                            "Workers": [
                                {
                                    "Worker Number": 0,
                                    "Actual Startup Time": 31.843,
                                    "Actual Total Time": 31.85,
                                    "Actual Rows": 1,
                                    "Actual Loops": 1
                                }
                            ],
                            "Plans": [
                                {
                                    "Node Type": "Nested Loop",
                                    "Parent Relationship": "Outer",
                                    "Parallel Aware": false,
                                    "Join Type": "Inner",
                                    "Startup Cost": 12.88,
                                    "Total Cost": 5606.0,
                                    "Plan Rows": 4,
                                    "Plan Width": 60,
                                    "Actual Startup Time": 16.856,
                                    "Actual Total Time": 36.143,
                                    "Actual Rows": 81,
                                    "Actual Loops": 2,
                                    "Output": [
                                        "mi.info",
                                        "t.title"
                                    ],
                                    "Inner Unique": false,
                                    "Join Filter": "(t.id = at.movie_id)",
                                    "Rows Removed by Join Filter": 0,
                                    "Workers": [
                                        {
                                            "Worker Number": 0,
                                            "Actual Startup Time": 31.839,
                                            "Actual Total Time": 31.845,
                                            "Actual Rows": 0,
                                            "Actual Loops": 1
                                        }
                                    ],
                                    "Plans": [
                                        {
                                            "Node Type": "Hash Join",
                                            "Parent Relationship": "Outer",
                                            "Parallel Aware": false,
                                            "Join Type": "Inner",
                                            "Startup Cost": 12.43,
                                            "Total Cost": 5596.95,
                                            "Plan Rows": 2,
                                            "Plan Width": 76,
                                            "Actual Startup Time": 16.805,
                                            "Actual Total Time": 34.806,
                                            "Actual Rows": 81,
                                            "Actual Loops": 2,
                                            "Output": [
                                                "mc.movie_id",
                                                "mi.info",
                                                "mi.movie_id",
                                                "mk.movie_id",
                                                "t.title",
                                                "t.id"
                                            ],
                                            "Inner Unique": true,
                                            "Hash Cond": "(mi.info_type_id = it1.id)",
                                            "Workers": [
                                                {
                                                    "Worker Number": 0,
                                                    "Actual Startup Time": 31.838,
                                                    "Actual Total Time": 31.844,
                                                    "Actual Rows": 0,
                                                    "Actual Loops": 1
                                                }
                                            ],
                                            "Plans": [
                                                {
                                                    "Node Type": "Nested Loop",
                                                    "Parent Relationship": "Outer",
                                                    "Parallel Aware": false,
                                                    "Join Type": "Inner",
                                                    "Startup Cost": 10.0,
                                                    "Total Cost": 5594.52,
                                                    "Plan Rows": 2,
                                                    "Plan Width": 80,
                                                    "Actual Startup Time": 16.55,
                                                    "Actual Total Time": 34.429,
                                                    "Actual Rows": 81,
                                                    "Actual Loops": 2,
                                                    "Output": [
                                                        "mc.movie_id",
                                                        "mi.info",
                                                        "mi.movie_id",
                                                        "mi.info_type_id",
                                                        "mk.movie_id",
                                                        "t.title",
                                                        "t.id"
                                                    ],
                                                    "Inner Unique": false,
                                                    "Join Filter": "(t.id = mi.movie_id)",
                                                    "Rows Removed by Join Filter": 0,
                                                    "Workers": [
                                                        {
                                                            "Worker Number": 0,
                                                            "Actual Startup Time": 31.526,
                                                            "Actual Total Time": 31.53,
                                                            "Actual Rows": 0,
                                                            "Actual Loops": 1
                                                        }
                                                    ],
                                                    "Plans": [
                                                        {
                                                            "Node Type": "Nested Loop",
                                                            "Parent Relationship": "Outer",
                                                            "Parallel Aware": false,
                                                            "Join Type": "Inner",
                                                            "Startup Cost": 9.21,
                                                            "Total Cost": 5589.0,
                                                            "Plan Rows": 1,
                                                            "Plan Width": 29,
                                                            "Actual Startup Time": 16.379,
                                                            "Actual Total Time": 29.729,
                                                            "Actual Rows": 81,
                                                            "Actual Loops": 2,
                                                            "Output": [
                                                                "mc.movie_id",
                                                                "mk.movie_id",
                                                                "t.title",
                                                                "t.id"
                                                            ],
                                                            "Inner Unique": true,
                                                            "Workers": [
                                                                {
                                                                    "Worker Number": 0,
                                                                    "Actual Startup Time": 31.525,
                                                                    "Actual Total Time": 31.529,
                                                                    "Actual Rows": 0,
                                                                    "Actual Loops": 1
                                                                }
                                                            ],
                                                            "Plans": [
                                                                {
                                                                    "Node Type": "Nested Loop",
                                                                    "Parent Relationship": "Outer",
                                                                    "Parallel Aware": false,
                                                                    "Join Type": "Inner",
                                                                    "Startup Cost": 8.79,
                                                                    "Total Cost": 5584.56,
                                                                    "Plan Rows": 1,
                                                                    "Plan Width": 33,
                                                                    "Actual Startup Time": 16.317,
                                                                    "Actual Total Time": 27.054,
                                                                    "Actual Rows": 81,
                                                                    "Actual Loops": 2,
                                                                    "Output": [
                                                                        "mc.movie_id",
                                                                        "mk.movie_id",
                                                                        "mk.keyword_id",
                                                                        "t.title",
                                                                        "t.id"
                                                                    ],
                                                                    "Inner Unique": false,
                                                                    "Workers": [
                                                                        {
                                                                            "Worker Number": 0,
                                                                            "Actual Startup Time": 31.525,
                                                                            "Actual Total Time": 31.528,
                                                                            "Actual Rows": 0,
                                                                            "Actual Loops": 1
                                                                        }
                                                                    ],
                                                                    "Plans": [
                                                                        {
                                                                            "Node Type": "Nested Loop",
                                                                            "Parent Relationship": "Outer",
                                                                            "Parallel Aware": false,
                                                                            "Join Type": "Inner",
                                                                            "Startup Cost": 7.84,
                                                                            "Total Cost": 5578.58,
                                                                            "Plan Rows": 1,
                                                                            "Plan Width": 25,
                                                                            "Actual Startup Time": 16.238,
                                                                            "Actual Total Time": 26.876,
                                                                            "Actual Rows": 1,
                                                                            "Actual Loops": 2,
                                                                            "Output": [
                                                                                "mc.movie_id",
                                                                                "t.title",
                                                                                "t.id"
                                                                            ],
                                                                            "Inner Unique": true,
                                                                            "Workers": [
                                                                                {
                                                                                    "Worker Number": 0,
                                                                                    "Actual Startup Time": 31.524,
                                                                                    "Actual Total Time": 31.526,
                                                                                    "Actual Rows": 0,
                                                                                    "Actual Loops": 1
                                                                                }
                                                                            ],
                                                                            "Plans": [
                                                                                {
                                                                                    "Node Type": "Nested Loop",
                                                                                    "Parent Relationship": "Outer",
                                                                                    "Parallel Aware": false,
                                                                                    "Join Type": "Inner",
                                                                                    "Startup Cost": 5.42,
                                                                                    "Total Cost": 5572.14,
                                                                                    "Plan Rows": 1,
                                                                                    "Plan Width": 4,
                                                                                    "Actual Startup Time": 16.188,
                                                                                    "Actual Total Time": 26.815,
                                                                                    "Actual Rows": 1,
                                                                                    "Actual Loops": 2,
                                                                                    "Output": [
                                                                                        "mc.movie_id"
                                                                                    ],
                                                                                    "Inner Unique": true,
                                                                                    "Join Filter": "(mc.company_type_id = ct.id)",
                                                                                    "Rows Removed by Join Filter": 0,
                                                                                    "Workers": [
                                                                                        {
                                                                                            "Worker Number": 0,
                                                                                            "Actual Startup Time": 31.523,
                                                                                            "Actual Total Time": 31.525,
                                                                                            "Actual Rows": 0,
                                                                                            "Actual Loops": 1
                                                                                        }
                                                                                    ],
                                                                                    "Plans": [
                                                                                        {
                                                                                            "Node Type": "Nested Loop",
                                                                                            "Parent Relationship": "Outer",
                                                                                            "Parallel Aware": false,
                                                                                            "Join Type": "Inner",
                                                                                            "Startup Cost": 5.42,
                                                                                            "Total Cost": 5571.05,
                                                                                            "Plan Rows": 1,
                                                                                            "Plan Width": 8,
                                                                                            "Actual Startup Time": 16.176,
                                                                                            "Actual Total Time": 26.796,
                                                                                            "Actual Rows": 1,
                                                                                            "Actual Loops": 2,
                                                                                            "Output": [
                                                                                                "mc.movie_id",
                                                                                                "mc.company_type_id"
                                                                                            ],
                                                                                            "Inner Unique": false,
                                                                                            "Workers": [
                                                                                                {
                                                                                                    "Worker Number": 0,
                                                                                                    "Actual Startup Time": 31.523,
                                                                                                    "Actual Total Time": 31.524,
                                                                                                    "Actual Rows": 0,
                                                                                                    "Actual Loops": 1
                                                                                                }
                                                                                            ],
                                                                                            "Plans": [
                                                                                                {
                                                                                                    "Node Type": "Seq Scan",
                                                                                                    "Parent Relationship": "Outer",
                                                                                                    "Parallel Aware": true,
                                                                                                    "Relation Name": "company_name",
                                                                                                    "Schema": "public",
                                                                                                    "Alias": "cn",
                                                                                                    "Startup Cost": 0.0,
                                                                                                    "Total Cost": 5068.5,
                                                                                                    "Plan Rows": 1,
                                                                                                    "Plan Width": 4,
                                                                                                    "Actual Startup Time": 16.085,
                                                                                                    "Actual Total Time": 26.702,
                                                                                                    "Actual Rows": 0,
                                                                                                    "Actual Loops": 2,
                                                                                                    "Output": [
                                                                                                        "cn.id",
                                                                                                        "cn.name",
                                                                                                        "cn.country_code",
                                                                                                        "cn.imdb_id",
                                                                                                        "cn.name_pcode_nf",
                                                                                                        "cn.name_pcode_sf",
                                                                                                        "cn.md5sum"
                                                                                                    ],
                                                                                                    "Filter": "(((cn.country_code)::text = '[us]'::text) AND (cn.name = 'Peter Joseph'::text))",
                                                                                                    "Rows Removed by Filter": 117498,
                                                                                                    "Workers": [
                                                                                                        {
                                                                                                            "Worker Number": 0,
                                                                                                            "Actual Startup Time": 31.522,
                                                                                                            "Actual Total Time": 31.522,
                                                                                                            "Actual Rows": 0,
                                                                                                            "Actual Loops": 1
                                                                                                        }
                                                                                                    ]
                                                                                                },
                                                                                                {
                                                                                                    "Node Type": "Bitmap Heap Scan",
                                                                                                    "Parent Relationship": "Inner",
                                                                                                    "Parallel Aware": false,
                                                                                                    "Relation Name": "movie_companies",
                                                                                                    "Schema": "public",
                                                                                                    "Alias": "mc",
                                                                                                    "Startup Cost": 5.42,
                                                                                                    "Total Cost": 502.54,
                                                                                                    "Plan Rows": 1,
                                                                                                    "Plan Width": 12,
                                                                                                    "Actual Startup Time": 0.167,
                                                                                                    "Actual Total Time": 0.171,
                                                                                                    "Actual Rows": 2,
                                                                                                    "Actual Loops": 1,
                                                                                                    "Output": [
                                                                                                        "mc.id",
                                                                                                        "mc.movie_id",
                                                                                                        "mc.company_id",
                                                                                                        "mc.company_type_id",
                                                                                                        "mc.note"
                                                                                                    ],
                                                                                                    "Recheck Cond": "(mc.company_id = cn.id)",
                                                                                                    "Rows Removed by Index Recheck": 0,
                                                                                                    "Filter": "((mc.note ~~ '%(200%)%'::text) AND (mc.note ~~ '%(worldwide)%'::text))",
                                                                                                    "Rows Removed by Filter": 0,
                                                                                                    "Exact Heap Blocks": 1,
                                                                                                    "Lossy Heap Blocks": 0,
                                                                                                    "Plans": [
                                                                                                        {
                                                                                                            "Node Type": "Bitmap Index Scan",
                                                                                                            "Parent Relationship": "Outer",
                                                                                                            "Parallel Aware": false,
                                                                                                            "Index Name": "company_id_movie_companies",
                                                                                                            "Startup Cost": 0.0,
                                                                                                            "Total Cost": 5.42,
                                                                                                            "Plan Rows": 132,
                                                                                                            "Plan Width": 0,
                                                                                                            "Actual Startup Time": 0.118,
                                                                                                            "Actual Total Time": 0.119,
                                                                                                            "Actual Rows": 2,
                                                                                                            "Actual Loops": 1,
                                                                                                            "Index Cond": "(mc.company_id = cn.id)"
                                                                                                        }
                                                                                                    ]
                                                                                                }
                                                                                            ]
                                                                                        },
                                                                                        {
                                                                                            "Node Type": "Seq Scan",
                                                                                            "Parent Relationship": "Inner",
                                                                                            "Parallel Aware": false,
                                                                                            "Relation Name": "company_type",
                                                                                            "Schema": "public",
                                                                                            "Alias": "ct",
                                                                                            "Startup Cost": 0.0,
                                                                                            "Total Cost": 1.04,
                                                                                            "Plan Rows": 4,
                                                                                            "Plan Width": 4,
                                                                                            "Actual Startup Time": 0.011,
                                                                                            "Actual Total Time": 0.011,
                                                                                            "Actual Rows": 1,
                                                                                            "Actual Loops": 2,
                                                                                            "Output": [
                                                                                                "ct.id",
                                                                                                "ct.kind"
                                                                                            ]
                                                                                        }
                                                                                    ]
                                                                                },
                                                                                {
                                                                                    "Node Type": "Bitmap Heap Scan",
                                                                                    "Parent Relationship": "Inner",
                                                                                    "Parallel Aware": false,
                                                                                    "Relation Name": "title",
                                                                                    "Schema": "public",
                                                                                    "Alias": "t",
                                                                                    "Startup Cost": 2.42,
                                                                                    "Total Cost": 6.44,
                                                                                    "Plan Rows": 1,
                                                                                    "Plan Width": 21,
                                                                                    "Actual Startup Time": 0.051,
                                                                                    "Actual Total Time": 0.052,
                                                                                    "Actual Rows": 1,
                                                                                    "Actual Loops": 2,
                                                                                    "Output": [
                                                                                        "t.id",
                                                                                        "t.title",
                                                                                        "t.imdb_index",
                                                                                        "t.kind_id",
                                                                                        "t.production_year",
                                                                                        "t.imdb_id",
                                                                                        "t.phonetic_code",
                                                                                        "t.episode_of_id",
                                                                                        "t.season_nr",
                                                                                        "t.episode_nr",
                                                                                        "t.series_years",
                                                                                        "t.md5sum"
                                                                                    ],
                                                                                    "Recheck Cond": "(t.id = mc.movie_id)",
                                                                                    "Rows Removed by Index Recheck": 0,
                                                                                    "Filter": "((t.production_year >= 2002) AND (t.production_year <= 2007))",
                                                                                    "Rows Removed by Filter": 0,
                                                                                    "Exact Heap Blocks": 2,
                                                                                    "Lossy Heap Blocks": 0,
                                                                                    "Plans": [
                                                                                        {
                                                                                            "Node Type": "Bitmap Index Scan",
                                                                                            "Parent Relationship": "Outer",
                                                                                            "Parallel Aware": false,
                                                                                            "Index Name": "title_pkey",
                                                                                            "Startup Cost": 0.0,
                                                                                            "Total Cost": 2.42,
                                                                                            "Plan Rows": 1,
                                                                                            "Plan Width": 0,
                                                                                            "Actual Startup Time": 0.029,
                                                                                            "Actual Total Time": 0.029,
                                                                                            "Actual Rows": 1,
                                                                                            "Actual Loops": 2,
                                                                                            "Index Cond": "(t.id = mc.movie_id)"
                                                                                        }
                                                                                    ]
                                                                                }
                                                                            ]
                                                                        },
                                                                        {
                                                                            "Node Type": "Bitmap Heap Scan",
                                                                            "Parent Relationship": "Inner",
                                                                            "Parallel Aware": false,
                                                                            "Relation Name": "movie_keyword",
                                                                            "Schema": "public",
                                                                            "Alias": "mk",
                                                                            "Startup Cost": 0.94,
                                                                            "Total Cost": 5.52,
                                                                            "Plan Rows": 46,
                                                                            "Plan Width": 8,
                                                                            "Actual Startup Time": 0.087,
                                                                            "Actual Total Time": 0.13,
                                                                            "Actual Rows": 81,
                                                                            "Actual Loops": 2,
                                                                            "Output": [
                                                                                "mk.id",
                                                                                "mk.movie_id",
                                                                                "mk.keyword_id"
                                                                            ],
                                                                            "Recheck Cond": "(mk.movie_id = t.id)",
                                                                            "Rows Removed by Index Recheck": 0,
                                                                            "Exact Heap Blocks": 4,
                                                                            "Lossy Heap Blocks": 0,
                                                                            "Plans": [
                                                                                {
                                                                                    "Node Type": "Bitmap Index Scan",
                                                                                    "Parent Relationship": "Outer",
                                                                                    "Parallel Aware": false,
                                                                                    "Index Name": "movie_id_movie_keyword",
                                                                                    "Startup Cost": 0.0,
                                                                                    "Total Cost": 0.93,
                                                                                    "Plan Rows": 46,
                                                                                    "Plan Width": 0,
                                                                                    "Actual Startup Time": 0.06,
                                                                                    "Actual Total Time": 0.06,
                                                                                    "Actual Rows": 81,
                                                                                    "Actual Loops": 2,
                                                                                    "Index Cond": "(mk.movie_id = t.id)"
                                                                                }
                                                                            ]
                                                                        }
                                                                    ]
                                                                },
                                                                {
                                                                    "Node Type": "Bitmap Heap Scan",
                                                                    "Parent Relationship": "Inner",
                                                                    "Parallel Aware": false,
                                                                    "Relation Name": "keyword",
                                                                    "Schema": "public",
                                                                    "Alias": "k",
                                                                    "Startup Cost": 0.43,
                                                                    "Total Cost": 4.44,
                                                                    "Plan Rows": 1,
                                                                    "Plan Width": 4,
                                                                    "Actual Startup Time": 0.026,
                                                                    "Actual Total Time": 0.026,
                                                                    "Actual Rows": 1,
                                                                    "Actual Loops": 162,
                                                                    "Output": [
                                                                        "k.id",
                                                                        "k.keyword",
                                                                        "k.phonetic_code"
                                                                    ],
                                                                    "Recheck Cond": "(k.id = mk.keyword_id)",
                                                                    "Rows Removed by Index Recheck": 0,
                                                                    "Exact Heap Blocks": 162,
                                                                    "Lossy Heap Blocks": 0,
                                                                    "Plans": [
                                                                        {
                                                                            "Node Type": "Bitmap Index Scan",
                                                                            "Parent Relationship": "Outer",
                                                                            "Parallel Aware": false,
                                                                            "Index Name": "keyword_pkey",
                                                                            "Startup Cost": 0.0,
                                                                            "Total Cost": 0.43,
                                                                            "Plan Rows": 1,
                                                                            "Plan Width": 0,
                                                                            "Actual Startup Time": 0.015,
                                                                            "Actual Total Time": 0.015,
                                                                            "Actual Rows": 1,
                                                                            "Actual Loops": 162,
                                                                            "Index Cond": "(k.id = mk.keyword_id)"
                                                                        }
                                                                    ]
                                                                }
                                                            ]
                                                        },
                                                        {
                                                            "Node Type": "Bitmap Heap Scan",
                                                            "Parent Relationship": "Inner",
                                                            "Parallel Aware": false,
                                                            "Relation Name": "movie_info",
                                                            "Schema": "public",
                                                            "Alias": "mi",
                                                            "Startup Cost": 0.79,
                                                            "Total Cost": 5.51,
                                                            "Plan Rows": 1,
                                                            "Plan Width": 51,
                                                            "Actual Startup Time": 0.025,
                                                            "Actual Total Time": 0.052,
                                                            "Actual Rows": 1,
                                                            "Actual Loops": 162,
                                                            "Output": [
                                                                "mi.id",
                                                                "mi.movie_id",
                                                                "mi.info_type_id",
                                                                "mi.info",
                                                                "mi.note"
                                                            ],
                                                            "Recheck Cond": "(mi.movie_id = mk.movie_id)",
                                                            "Rows Removed by Index Recheck": 0,
                                                            "Filter": "((mi.note ~~ '%internet%'::text) AND (mi.info ~~ 'USA:% 200%'::text))",
                                                            "Rows Removed by Filter": 44,
                                                            "Exact Heap Blocks": 2430,
                                                            "Lossy Heap Blocks": 0,
                                                            "Plans": [
                                                                {
                                                                    "Node Type": "Bitmap Index Scan",
                                                                    "Parent Relationship": "Outer",
                                                                    "Parallel Aware": false,
                                                                    "Index Name": "movie_id_movie_info",
                                                                    "Startup Cost": 0.0,
                                                                    "Total Cost": 0.79,
                                                                    "Plan Rows": 41,
                                                                    "Plan Width": 0,
                                                                    "Actual Startup Time": 0.011,
                                                                    "Actual Total Time": 0.011,
                                                                    "Actual Rows": 45,
                                                                    "Actual Loops": 162,
                                                                    "Index Cond": "(mi.movie_id = mk.movie_id)"
                                                                }
                                                            ]
                                                        }
                                                    ]
                                                },
                                                {
                                                    "Node Type": "Hash",
                                                    "Parent Relationship": "Inner",
                                                    "Parallel Aware": false,
                                                    "Startup Cost": 2.41,
                                                    "Total Cost": 2.41,
                                                    "Plan Rows": 1,
                                                    "Plan Width": 4,
                                                    "Actual Startup Time": 0.068,
                                                    "Actual Total Time": 0.069,
                                                    "Actual Rows": 1,
                                                    "Actual Loops": 2,
                                                    "Output": [
                                                        "it1.id"
                                                    ],
                                                    "Hash Buckets": 1024,
                                                    "Original Hash Buckets": 1024,
                                                    "Hash Batches": 1,
                                                    "Original Hash Batches": 1,
                                                    "Peak Memory Usage": 9,
                                                    "Workers": [
                                                        {
                                                            "Worker Number": 0,
                                                            "Actual Startup Time": 0.069,
                                                            "Actual Total Time": 0.069,
                                                            "Actual Rows": 1,
                                                            "Actual Loops": 1
                                                        }
                                                    ],
                                                    "Plans": [
                                                        {
                                                            "Node Type": "Seq Scan",
                                                            "Parent Relationship": "Outer",
                                                            "Parallel Aware": false,
                                                            "Relation Name": "info_type",
                                                            "Schema": "public",
                                                            "Alias": "it1",
                                                            "Startup Cost": 0.0,
                                                            "Total Cost": 2.41,
                                                            "Plan Rows": 1,
                                                            "Plan Width": 4,
                                                            "Actual Startup Time": 0.037,
                                                            "Actual Total Time": 0.052,
                                                            "Actual Rows": 1,
                                                            "Actual Loops": 2,
                                                            "Output": [
                                                                "it1.id"
                                                            ],
                                                            "Filter": "((it1.info)::text = 'release dates'::text)",
                                                            "Rows Removed by Filter": 112,
                                                            "Workers": [
                                                                {
                                                                    "Worker Number": 0,
                                                                    "Actual Startup Time": 0.042,
                                                                    "Actual Total Time": 0.053,
                                                                    "Actual Rows": 1,
                                                                    "Actual Loops": 1
                                                                }
                                                            ]
                                                        }
                                                    ]
                                                }
                                            ]
                                        },
                                        {
                                            "Node Type": "Bitmap Heap Scan",
                                            "Parent Relationship": "Inner",
                                            "Parallel Aware": false,
                                            "Relation Name": "aka_title",
                                            "Schema": "public",
                                            "Alias": "at",
                                            "Startup Cost": 0.45,
                                            "Total Cost": 4.48,
                                            "Plan Rows": 3,
                                            "Plan Width": 4,
                                            "Actual Startup Time": 0.01,
                                            "Actual Total Time": 0.01,
                                            "Actual Rows": 1,
                                            "Actual Loops": 162,
                                            "Output": [
                                                "at.id",
                                                "at.movie_id",
                                                "at.title",
                                                "at.imdb_index",
                                                "at.kind_id",
                                                "at.production_year",
                                                "at.phonetic_code",
                                                "at.episode_of_id",
                                                "at.season_nr",
                                                "at.episode_nr",
                                                "at.note",
                                                "at.md5sum"
                                            ],
                                            "Recheck Cond": "(at.movie_id = mk.movie_id)",
                                            "Rows Removed by Index Recheck": 0,
                                            "Exact Heap Blocks": 162,
                                            "Lossy Heap Blocks": 0,
                                            "Plans": [
                                                {
                                                    "Node Type": "Bitmap Index Scan",
                                                    "Parent Relationship": "Outer",
                                                    "Parallel Aware": false,
                                                    "Index Name": "movie_id_aka_title",
                                                    "Startup Cost": 0.0,
                                                    "Total Cost": 0.45,
                                                    "Plan Rows": 3,
                                                    "Plan Width": 0,
                                                    "Actual Startup Time": 0.006,
                                                    "Actual Total Time": 0.006,
                                                    "Actual Rows": 1,
                                                    "Actual Loops": 162,
                                                    "Index Cond": "(at.movie_id = mk.movie_id)"
                                                }
                                            ]
                                        }
                                    ]
                                }
                            ]
                        }
                    ]
                }
            ]
        },
        "Planning Time": 742.418,
        "Triggers": [],
        "Execution Time": 46.932
    }
]