{
  "Plan": {
    "Node Type": "Aggregate",
    "Strategy": "Plain",
    "Partial Mode": "Finalize",
    "Parallel Aware": false,
    "Startup Cost": 104845.79,
    "Total Cost": 104845.8,
    "Plan Rows": 1,
    "Plan Width": 8,
    "Actual Startup Time": 454.009,
    "Actual Total Time": 466.134,
    "Actual Rows": 1,
    "Actual Loops": 1,
    "Plans": [
      {
        "Node Type": "Gather",
        "Parent Relationship": "Outer",
        "Parallel Aware": false,
        "Startup Cost": 104845.68,
        "Total Cost": 104845.79,
        "Plan Rows": 1,
        "Plan Width": 8,
        "Actual Startup Time": 453.1,
        "Actual Total Time": 466.125,
        "Actual Rows": 2,
        "Actual Loops": 1,
        "Workers Planned": 1,
        "Workers Launched": 1,
        "Single Copy": false,
        "Plans": [
          {
            "Node Type": "Aggregate",
            "Strategy": "Plain",
            "Partial Mode": "Partial",
            "Parent Relationship": "Outer",
            "Parallel Aware": false,
            "Startup Cost": 103845.68,
            "Total Cost": 103845.69,
            "Plan Rows": 1,
            "Plan Width": 8,
            "Actual Startup Time": 447.644,
            "Actual Total Time": 447.647,
            "Actual Rows": 1,
            "Actual Loops": 2,
            "Plans": [
              {
                "Node Type": "Hash Join",
                "Parent Relationship": "Outer",
                "Parallel Aware": true,
                "Join Type": "Inner",
                "Startup Cost": 61785.41,
                "Total Cost": 103227.69,
                "Plan Rows": 247198,
                "Plan Width": 0,
                "Actual Startup Time": 187.603,
                "Actual Total Time": 444.168,
                "Actual Rows": 84142,
                "Actual Loops": 2,
                "Inner Unique": true,
                "Hash Cond": "(mc.movie_id = t.id)",
                "Plans": [
                  {
                    "Node Type": "Seq Scan",
                    "Parent Relationship": "Outer",
                    "Parallel Aware": true,
                    "Relation Name": "movie_companies",
                    "Alias": "mc",
                    "Startup Cost": 0.0,
                    "Total Cost": 37974.77,
                    "Plan Rows": 1320952,
                    "Plan Width": 4,
                    "Actual Startup Time": 0.054,
                    "Actual Total Time": 117.081,
                    "Actual Rows": 1125532,
                    "Actual Loops": 2,
                    "Filter": "(company_id > 180)",
                    "Rows Removed by Filter": 179032
                  },
                  {
                    "Node Type": "Hash",
                    "Parent Relationship": "Inner",
                    "Parallel Aware": true,
                    "Startup Cost": 58306.47,
                    "Total Cost": 58306.47,
                    "Plan Rows": 278315,
                    "Plan Width": 4,
                    "Actual Startup Time": 181.647,
                    "Actual Total Time": 181.648,
                    "Actual Rows": 180230,
                    "Actual Loops": 2,
                    "Hash Buckets": 524288,
                    "Original Hash Buckets": 524288,
                    "Hash Batches": 1,
                    "Original Hash Batches": 1,
                    "Peak Memory Usage": 18208,
                    "Plans": [
                      {
                        "Node Type": "Seq Scan",
                        "Parent Relationship": "Outer",
                        "Parallel Aware": true,
                        "Relation Name": "title",
                        "Alias": "t",
                        "Startup Cost": 0.0,
                        "Total Cost": 58306.47,
                        "Plan Rows": 278315,
                        "Plan Width": 4,
                        "Actual Startup Time": 0.041,
                        "Actual Total Time": 139.399,
                        "Actual Rows": 180230,
                        "Actual Loops": 2,
                        "Filter": "((production_year < 1994) AND (kind_id = 7))",
                        "Rows Removed by Filter": 1083926
                      }
                    ]
                  }
                ]
              }
            ]
          }
        ]
      }
    ]
  },
  "Planning Time": 0.624,
  "Triggers": [],
  "Execution Time": 466.198
}