[
  {
    "Plan": {
      "Node Type": "Aggregate",
      "Strategy": "Plain",
      "Partial Mode": "Finalize",
      "Parallel Aware": false,
      "Startup Cost": 45946.93,
      "Total Cost": 45946.94,
      "Plan Rows": 1,
      "Plan Width": 8,
      "Actual Startup Time": 145.338,
      "Actual Total Time": 155.037,
      "Actual Rows": 1,
      "Actual Loops": 1,
      "Plans": [
        {
          "Node Type": "Gather",
          "Parent Relationship": "Outer",
          "Parallel Aware": false,
          "Startup Cost": 45946.62,
          "Total Cost": 45946.93,
          "Plan Rows": 3,
          "Plan Width": 8,
          "Actual Startup Time": 145.168,
          "Actual Total Time": 155.027,
          "Actual Rows": 4,
          "Actual Loops": 1,
          "Workers Planned": 3,
          "Workers Launched": 3,
          "Single Copy": false,
          "Plans": [
            {
              "Node Type": "Aggregate",
              "Strategy": "Plain",
              "Partial Mode": "Partial",
              "Parent Relationship": "Outer",
              "Parallel Aware": false,
              "Startup Cost": 44946.62,
              "Total Cost": 44946.63,
              "Plan Rows": 1,
              "Plan Width": 8,
              "Actual Startup Time": 140.768,
              "Actual Total Time": 140.77,
              "Actual Rows": 1,
              "Actual Loops": 4,
              "Plans": [
                {
                  "Node Type": "Seq Scan",
                  "Parent Relationship": "Outer",
                  "Parallel Aware": true,
                  "Relation Name": "movie_keyword",
                  "Alias": "mk",
                  "Startup Cost": 0.0,
                  "Total Cost": 42695.65,
                  "Plan Rows": 900385,
                  "Plan Width": 0,
                  "Actual Startup Time": 0.034,
                  "Actual Total Time": 110.463,
                  "Actual Rows": 700891,
                  "Actual Loops": 4,
                  "Filter": "(keyword_id < 8250)",
                  "Rows Removed by Filter": 430092
                }
              ]
            }
          ]
        }
      ]
    },
    "Planning Time": 0.116,
    "Triggers": [],
    "Execution Time": 155.084
  }
]