[
  {
    "Plan": {
      "Node Type": "Aggregate",
      "Strategy": "Plain",
      "Partial Mode": "Finalize",
      "Parallel Aware": false,
      "Startup Cost": 33169.87,
      "Total Cost": 33169.88,
      "Plan Rows": 1,
      "Plan Width": 8,
      "Actual Startup Time": 85.284,
      "Actual Total Time": 89.71,
      "Actual Rows": 1,
      "Actual Loops": 1,
      "Plans": [
        {
          "Node Type": "Gather",
          "Parent Relationship": "Outer",
          "Parallel Aware": false,
          "Startup Cost": 33169.55,
          "Total Cost": 33169.86,
          "Plan Rows": 3,
          "Plan Width": 8,
          "Actual Startup Time": 85.235,
          "Actual Total Time": 89.704,
          "Actual Rows": 4,
          "Actual Loops": 1,
          "Workers Planned": 3,
          "Workers Launched": 3,
          "Single Copy": false,
          "Plans": [
            {
              "Node Type": "Aggregate",
              "Strategy": "Plain",
              "Partial Mode": "Partial",
              "Parent Relationship": "Outer",
              "Parallel Aware": false,
              "Startup Cost": 32169.55,
              "Total Cost": 32169.56,
              "Plan Rows": 1,
              "Plan Width": 8,
              "Actual Startup Time": 80.866,
              "Actual Total Time": 80.868,
              "Actual Rows": 1,
              "Actual Loops": 4,
              "Plans": [
                {
                  "Node Type": "Seq Scan",
                  "Parent Relationship": "Outer",
                  "Parallel Aware": true,
                  "Relation Name": "movie_companies",
                  "Alias": "mc",
                  "Startup Cost": 0.0,
                  "Total Cost": 31414.82,
                  "Plan Rows": 301893,
                  "Plan Width": 0,
                  "Actual Startup Time": 35.786,
                  "Actual Total Time": 69.675,
                  "Actual Rows": 276378,
                  "Actual Loops": 4,
                  "Filter": "((company_id > 1627) AND (company_type_id = 2))",
                  "Rows Removed by Filter": 375904
                }
              ]
            }
          ]
        }
      ]
    },
    "Planning Time": 0.091,
    "Triggers": [],
    "Execution Time": 89.735
  }
]