[
  {
    "Plan": {
      "Node Type": "Aggregate",
      "Strategy": "Plain",
      "Partial Mode": "Finalize",
      "Parallel Aware": false,
      "Startup Cost": 442382.07,
      "Total Cost": 442382.08,
      "Plan Rows": 1,
      "Plan Width": 8,
      "Actual Startup Time": 2888.492,
      "Actual Total Time": 2949.478,
      "Actual Rows": 1,
      "Actual Loops": 1,
      "Plans": [
        {
          "Node Type": "Gather",
          "Parent Relationship": "Outer",
          "Parallel Aware": false,
          "Startup Cost": 442381.45,
          "Total Cost": 442382.06,
          "Plan Rows": 6,
          "Plan Width": 8,
          "Actual Startup Time": 2877.11,
          "Actual Total Time": 2949.466,
          "Actual Rows": 7,
          "Actual Loops": 1,
          "Workers Planned": 6,
          "Workers Launched": 6,
          "Single Copy": false,
          "Plans": [
            {
              "Node Type": "Aggregate",
              "Strategy": "Plain",
              "Partial Mode": "Partial",
              "Parent Relationship": "Outer",
              "Parallel Aware": false,
              "Startup Cost": 441381.45,
              "Total Cost": 441381.46,
              "Plan Rows": 1,
              "Plan Width": 8,
              "Actual Startup Time": 2865.99,
              "Actual Total Time": 2866.191,
              "Actual Rows": 1,
              "Actual Loops": 7,
              "Plans": [
                {
                  "Node Type": "Hash Join",
                  "Parent Relationship": "Outer",
                  "Parallel Aware": true,
                  "Join Type": "Inner",
                  "Startup Cost": 80898.85,
                  "Total Cost": 436593.33,
                  "Plan Rows": 1915247,
                  "Plan Width": 0,
                  "Actual Startup Time": 348.283,
                  "Actual Total Time": 2624.365,
                  "Actual Rows": 6209885,
                  "Actual Loops": 7,
                  "Inner Unique": false,
                  "Hash Cond": "(ci.movie_id = t.id)",
                  "Plans": [
                    {
                      "Node Type": "Seq Scan",
                      "Parent Relationship": "Outer",
                      "Parallel Aware": true,
                      "Relation Name": "cast_info",
                      "Alias": "ci",
                      "Startup Cost": 0.0,
                      "Total Cost": 328162.03,
                      "Plan Rows": 5694465,
                      "Plan Width": 4,
                      "Actual Startup Time": 0.051,
                      "Actual Total Time": 618.565,
                      "Actual Rows": 4894843,
                      "Actual Loops": 7,
                      "Filter": "(person_id < 3672643)",
                      "Rows Removed by Filter": 282921
                    },
                    {
                      "Node Type": "Hash",
                      "Parent Relationship": "Inner",
                      "Parallel Aware": true,
                      "Startup Cost": 77470.01,
                      "Total Cost": 77470.01,
                      "Plan Rows": 274307,
                      "Plan Width": 8,
                      "Actual Startup Time": 344.689,
                      "Actual Total Time": 344.887,
                      "Actual Rows": 195415,
                      "Actual Loops": 7,
                      "Hash Buckets": 2097152,
                      "Original Hash Buckets": 1048576,
                      "Hash Batches": 1,
                      "Original Hash Batches": 1,
                      "Peak Memory Usage": 78176,
                      "Plans": [
                        {
                          "Node Type": "Hash Join",
                          "Parent Relationship": "Outer",
                          "Parallel Aware": true,
                          "Join Type": "Inner",
                          "Startup Cost": 48054.12,
                          "Total Cost": 77470.01,
                          "Plan Rows": 274307,
                          "Plan Width": 8,
                          "Actual Startup Time": 128.429,
                          "Actual Total Time": 261.039,
                          "Actual Rows": 195415,
                          "Actual Loops": 7,
                          "Inner Unique": true,
                          "Hash Cond": "(mc.movie_id = t.id)",
                          "Plans": [
                            {
                              "Node Type": "Seq Scan",
                              "Parent Relationship": "Outer",
                              "Parallel Aware": true,
                              "Relation Name": "movie_companies",
                              "Alias": "mc",
                              "Startup Cost": 0.0,
                              "Total Cost": 27206.55,
                              "Plan Rows": 841655,
                              "Plan Width": 4,
                              "Actual Startup Time": 0.025,
                              "Actual Total Time": 38.638,
                              "Actual Rows": 372733,
                              "Actual Loops": 7
                            },
                            {
                              "Node Type": "Hash",
                              "Parent Relationship": "Inner",
                              "Parallel Aware": true,
                              "Startup Cost": 45479.1,
                              "Total Cost": 45479.1,
                              "Plan Rows": 206002,
                              "Plan Width": 4,
                              "Actual Startup Time": 126.568,
                              "Actual Total Time": 126.569,
                              "Actual Rows": 104591,
                              "Actual Loops": 7,
                              "Hash Buckets": 1048576,
                              "Original Hash Buckets": 1048576,
                              "Hash Batches": 1,
                              "Original Hash Batches": 1,
                              "Peak Memory Usage": 36896,
                              "Plans": [
                                {
                                  "Node Type": "Seq Scan",
                                  "Parent Relationship": "Outer",
                                  "Parallel Aware": true,
                                  "Relation Name": "title",
                                  "Alias": "t",
                                  "Startup Cost": 0.0,
                                  "Total Cost": 45479.1,
                                  "Plan Rows": 206002,
                                  "Plan Width": 4,
                                  "Actual Startup Time": 0.046,
                                  "Actual Total Time": 77.376,
                                  "Actual Rows": 104591,
                                  "Actual Loops": 7,
                                  "Filter": "((kind_id < 7) AND (production_year > 1969))",
                                  "Rows Removed by Filter": 256597
                                }
                              ]
                            }
                          ]
                        }
                      ]
                    }
                  ]
                }
              ]
            }
          ]
        }
      ]
    },
    "Planning Time": 1.399,
    "Triggers": [],
    "Execution Time": 2949.583
  }
]