[
  {
    "Plan": {
      "Node Type": "Aggregate",
      "Strategy": "Plain",
      "Partial Mode": "Simple",
      "Parallel Aware": false,
      "Startup Cost": 33670.13,
      "Total Cost": 33670.14,
      "Plan Rows": 1,
      "Plan Width": 8,
      "Actual Startup Time": 14.356,
      "Actual Total Time": 14.357,
      "Actual Rows": 1,
      "Actual Loops": 1,
      "Plans": [
        {
          "Node Type": "Index Scan",
          "Parent Relationship": "Outer",
          "Parallel Aware": false,
          "Scan Direction": "Forward",
          "Index Name": "person_id_cast_info",
          "Relation Name": "cast_info",
          "Alias": "ci",
          "Startup Cost": 0.56,
          "Total Cost": 33643.37,
          "Plan Rows": 10703,
          "Plan Width": 0,
          "Actual Startup Time": 0.042,
          "Actual Total Time": 11.324,
          "Actual Rows": 17834,
          "Actual Loops": 1,
          "Index Cond": "(person_id > 4058983)",
          "Rows Removed by Index Recheck": 0,
          "Filter": "(role_id > 1)",
          "Rows Removed by Filter": 0
        }
      ]
    },
    "Planning Time": 0.256,
    "Triggers": [],
    "Execution Time": 14.401
  }
]