[
  {
    "Plan": {
      "Node Type": "Aggregate",
      "Strategy": "Plain",
      "Partial Mode": "Finalize",
      "Parallel Aware": false,
      "Startup Cost": 44508.17,
      "Total Cost": 44508.18,
      "Plan Rows": 1,
      "Plan Width": 8,
      "Actual Startup Time": 142.155,
      "Actual Total Time": 150.254,
      "Actual Rows": 1,
      "Actual Loops": 1,
      "Plans": [
        {
          "Node Type": "Gather",
          "Parent Relationship": "Outer",
          "Parallel Aware": false,
          "Startup Cost": 44507.85,
          "Total Cost": 44508.16,
          "Plan Rows": 3,
          "Plan Width": 8,
          "Actual Startup Time": 142.011,
          "Actual Total Time": 150.244,
          "Actual Rows": 4,
          "Actual Loops": 1,
          "Workers Planned": 3,
          "Workers Launched": 3,
          "Single Copy": false,
          "Plans": [
            {
              "Node Type": "Aggregate",
              "Strategy": "Plain",
              "Partial Mode": "Partial",
              "Parent Relationship": "Outer",
              "Parallel Aware": false,
              "Startup Cost": 43507.85,
              "Total Cost": 43507.86,
              "Plan Rows": 1,
              "Plan Width": 8,
              "Actual Startup Time": 135.356,
              "Actual Total Time": 135.357,
              "Actual Rows": 1,
              "Actual Loops": 4,
              "Plans": [
                {
                  "Node Type": "Seq Scan",
                  "Parent Relationship": "Outer",
                  "Parallel Aware": true,
                  "Relation Name": "movie_keyword",
                  "Alias": "mk",
                  "Startup Cost": 0.0,
                  "Total Cost": 42695.65,
                  "Plan Rows": 324880,
                  "Plan Width": 0,
                  "Actual Startup Time": 3.817,
                  "Actual Total Time": 120.157,
                  "Actual Rows": 251424,
                  "Actual Loops": 4,
                  "Filter": "(keyword_id > 18318)",
                  "Rows Removed by Filter": 879558
                }
              ]
            }
          ]
        }
      ]
    },
    "Planning Time": 0.163,
    "Triggers": [],
    "Execution Time": 150.305
  }
]