[
  {
    "Plan": {
      "Node Type": "Aggregate",
      "Strategy": "Plain",
      "Partial Mode": "Finalize",
      "Parallel Aware": false,
      "Startup Cost": 33150.01,
      "Total Cost": 33150.02,
      "Plan Rows": 1,
      "Plan Width": 8,
      "Actual Startup Time": 94.631,
      "Actual Total Time": 103.096,
      "Actual Rows": 1,
      "Actual Loops": 1,
      "Plans": [
        {
          "Node Type": "Gather",
          "Parent Relationship": "Outer",
          "Parallel Aware": false,
          "Startup Cost": 33149.69,
          "Total Cost": 33150.0,
          "Plan Rows": 3,
          "Plan Width": 8,
          "Actual Startup Time": 94.52,
          "Actual Total Time": 103.084,
          "Actual Rows": 4,
          "Actual Loops": 1,
          "Workers Planned": 3,
          "Workers Launched": 3,
          "Single Copy": false,
          "Plans": [
            {
              "Node Type": "Aggregate",
              "Strategy": "Plain",
              "Partial Mode": "Partial",
              "Parent Relationship": "Outer",
              "Parallel Aware": false,
              "Startup Cost": 32149.69,
              "Total Cost": 32149.7,
              "Plan Rows": 1,
              "Plan Width": 8,
              "Actual Startup Time": 90.968,
              "Actual Total Time": 90.97,
              "Actual Rows": 1,
              "Actual Loops": 4,
              "Plans": [
                {
                  "Node Type": "Seq Scan",
                  "Parent Relationship": "Outer",
                  "Parallel Aware": true,
                  "Relation Name": "movie_companies",
                  "Alias": "mc",
                  "Startup Cost": 0.0,
                  "Total Cost": 31414.82,
                  "Plan Rows": 293948,
                  "Plan Width": 0,
                  "Actual Startup Time": 0.017,
                  "Actual Total Time": 76.1,
                  "Actual Rows": 306687,
                  "Actual Loops": 4,
                  "Filter": "((company_id < 38870) AND (company_type_id < 2))",
                  "Rows Removed by Filter": 345595
                }
              ]
            }
          ]
        }
      ]
    },
    "Planning Time": 0.173,
    "Triggers": [],
    "Execution Time": 103.142
  }
]