[
  {
    "Plan": {
      "Node Type": "Aggregate",
      "Strategy": "Plain",
      "Partial Mode": "Finalize",
      "Parallel Aware": false,
      "Startup Cost": 46790.39,
      "Total Cost": 46790.4,
      "Plan Rows": 1,
      "Plan Width": 8,
      "Actual Startup Time": 86.528,
      "Actual Total Time": 96.138,
      "Actual Rows": 1,
      "Actual Loops": 1,
      "Plans": [
        {
          "Node Type": "Gather",
          "Parent Relationship": "Outer",
          "Parallel Aware": false,
          "Startup Cost": 46789.97,
          "Total Cost": 46790.38,
          "Plan Rows": 4,
          "Plan Width": 8,
          "Actual Startup Time": 86.215,
          "Actual Total Time": 96.129,
          "Actual Rows": 5,
          "Actual Loops": 1,
          "Workers Planned": 4,
          "Workers Launched": 4,
          "Single Copy": false,
          "Plans": [
            {
              "Node Type": "Aggregate",
              "Strategy": "Plain",
              "Partial Mode": "Partial",
              "Parent Relationship": "Outer",
              "Parallel Aware": false,
              "Startup Cost": 45789.97,
              "Total Cost": 45789.98,
              "Plan Rows": 1,
              "Plan Width": 8,
              "Actual Startup Time": 81.23,
              "Actual Total Time": 81.233,
              "Actual Rows": 1,
              "Actual Loops": 5,
              "Plans": [
                {
                  "Node Type": "Seq Scan",
                  "Parent Relationship": "Outer",
                  "Parallel Aware": true,
                  "Relation Name": "title",
                  "Alias": "t",
                  "Startup Cost": 0.0,
                  "Total Cost": 45479.59,
                  "Plan Rows": 124155,
                  "Plan Width": 0,
                  "Actual Startup Time": 36.417,
                  "Actual Total Time": 78.096,
                  "Actual Rows": 73835,
                  "Actual Loops": 5,
                  "Filter": "((production_year > 1983) AND (kind_id = 1))",
                  "Rows Removed by Filter": 431827
                }
              ]
            }
          ]
        }
      ]
    },
    "Planning Time": 0.094,
    "Triggers": [],
    "Execution Time": 96.171
  }
]