[
  {
    "Plan": {
      "Node Type": "Aggregate",
      "Strategy": "Plain",
      "Partial Mode": "Finalize",
      "Parallel Aware": false,
      "Startup Cost": 45349.22,
      "Total Cost": 45349.23,
      "Plan Rows": 1,
      "Plan Width": 8,
      "Actual Startup Time": 154.551,
      "Actual Total Time": 163.87,
      "Actual Rows": 1,
      "Actual Loops": 1,
      "Plans": [
        {
          "Node Type": "Gather",
          "Parent Relationship": "Outer",
          "Parallel Aware": false,
          "Startup Cost": 45348.91,
          "Total Cost": 45349.22,
          "Plan Rows": 3,
          "Plan Width": 8,
          "Actual Startup Time": 154.469,
          "Actual Total Time": 163.861,
          "Actual Rows": 4,
          "Actual Loops": 1,
          "Workers Planned": 3,
          "Workers Launched": 3,
          "Single Copy": false,
          "Plans": [
            {
              "Node Type": "Aggregate",
              "Strategy": "Plain",
              "Partial Mode": "Partial",
              "Parent Relationship": "Outer",
              "Parallel Aware": false,
              "Startup Cost": 44348.91,
              "Total Cost": 44348.92,
              "Plan Rows": 1,
              "Plan Width": 8,
              "Actual Startup Time": 147.995,
              "Actual Total Time": 147.996,
              "Actual Rows": 1,
              "Actual Loops": 4,
              "Plans": [
                {
                  "Node Type": "Seq Scan",
                  "Parent Relationship": "Outer",
                  "Parallel Aware": true,
                  "Relation Name": "movie_keyword",
                  "Alias": "mk",
                  "Startup Cost": 0.0,
                  "Total Cost": 42695.65,
                  "Plan Rows": 661301,
                  "Plan Width": 0,
                  "Actual Startup Time": 0.893,
                  "Actual Total Time": 121.841,
                  "Actual Rows": 512081,
                  "Actual Loops": 4,
                  "Filter": "(keyword_id > 5979)",
                  "Rows Removed by Filter": 618902
                }
              ]
            }
          ]
        }
      ]
    },
    "Planning Time": 0.186,
    "Triggers": [],
    "Execution Time": 163.928
  }
]