[
  {
    "Plan": {
      "Node Type": "Aggregate",
      "Strategy": "Plain",
      "Partial Mode": "Finalize",
      "Parallel Aware": false,
      "Startup Cost": 337427.33,
      "Total Cost": 337427.34,
      "Plan Rows": 1,
      "Plan Width": 8,
      "Actual Startup Time": 875.449,
      "Actual Total Time": 930.072,
      "Actual Rows": 1,
      "Actual Loops": 1,
      "Plans": [
        {
          "Node Type": "Gather",
          "Parent Relationship": "Outer",
          "Parallel Aware": false,
          "Startup Cost": 337426.7,
          "Total Cost": 337427.31,
          "Plan Rows": 6,
          "Plan Width": 8,
          "Actual Startup Time": 875.255,
          "Actual Total Time": 930.057,
          "Actual Rows": 7,
          "Actual Loops": 1,
          "Workers Planned": 6,
          "Workers Launched": 6,
          "Single Copy": false,
          "Plans": [
            {
              "Node Type": "Aggregate",
              "Strategy": "Plain",
              "Partial Mode": "Partial",
              "Parent Relationship": "Outer",
              "Parallel Aware": false,
              "Startup Cost": 336426.7,
              "Total Cost": 336426.71,
              "Plan Rows": 1,
              "Plan Width": 8,
              "Actual Startup Time": 866.871,
              "Actual Total Time": 866.872,
              "Actual Rows": 1,
              "Actual Loops": 7,
              "Plans": [
                {
                  "Node Type": "Seq Scan",
                  "Parent Relationship": "Outer",
                  "Parallel Aware": true,
                  "Relation Name": "cast_info",
                  "Alias": "ci",
                  "Startup Cost": 0.0,
                  "Total Cost": 328211.39,
                  "Plan Rows": 3286125,
                  "Plan Width": 0,
                  "Actual Startup Time": 0.052,
                  "Actual Total Time": 698.246,
                  "Actual Rows": 2850064,
                  "Actual Loops": 7,
                  "Filter": "(person_id < 2003913)",
                  "Rows Removed by Filter": 2327700
                }
              ]
            }
          ]
        }
      ]
    },
    "Planning Time": 0.115,
    "Triggers": [],
    "Execution Time": 930.114
  }
]