{
    "Plan": {
        "Node Type": "Aggregate",
        "Strategy": "Plain",
        "Partial Mode": "Finalize",
        "Parallel Aware": false,
        "Startup Cost": 393182.82,
        "Total Cost": 393182.83,
        "Plan Rows": 1,
        "Plan Width": 8,
        "Actual Startup Time": 1818.319,
        "Actual Total Time": 1865.769,
        "Actual Rows": 1,
        "Actual Loops": 1,
        "Output": [
            "count(*)"
        ],
        "Plans": [
            {
                "Node Type": "Gather",
                "Parent Relationship": "Outer",
                "Parallel Aware": false,
                "Startup Cost": 393182.19,
                "Total Cost": 393182.8,
                "Plan Rows": 6,
                "Plan Width": 8,
                "Actual Startup Time": 1813.959,
                "Actual Total Time": 1865.76,
                "Actual Rows": 7,
                "Actual Loops": 1,
                "Output": [
                    "(PARTIAL count(*))"
                ],
                "Workers Planned": 6,
                "Workers Launched": 6,
                "Single Copy": false,
                "Plans": [
                    {
                        "Node Type": "Aggregate",
                        "Strategy": "Plain",
                        "Partial Mode": "Partial",
                        "Parent Relationship": "Outer",
                        "Parallel Aware": false,
                        "Startup Cost": 392182.19,
                        "Total Cost": 392182.2,
                        "Plan Rows": 1,
                        "Plan Width": 8,
                        "Actual Startup Time": 1802.01,
                        "Actual Total Time": 1802.013,
                        "Actual Rows": 1,
                        "Actual Loops": 7,
                        "Output": [
                            "PARTIAL count(*)"
                        ],
                        "Workers": [
                            {
                                "Worker Number": 0,
                                "Actual Startup Time": 1799.752,
                                "Actual Total Time": 1799.755,
                                "Actual Rows": 1,
                                "Actual Loops": 1
                            },
                            {
                                "Worker Number": 1,
                                "Actual Startup Time": 1800.206,
                                "Actual Total Time": 1800.209,
                                "Actual Rows": 1,
                                "Actual Loops": 1
                            },
                            {
                                "Worker Number": 2,
                                "Actual Startup Time": 1800.192,
                                "Actual Total Time": 1800.196,
                                "Actual Rows": 1,
                                "Actual Loops": 1
                            },
                            {
                                "Worker Number": 3,
                                "Actual Startup Time": 1800.292,
                                "Actual Total Time": 1800.294,
                                "Actual Rows": 1,
                                "Actual Loops": 1
                            },
                            {
                                "Worker Number": 4,
                                "Actual Startup Time": 1800.317,
                                "Actual Total Time": 1800.319,
                                "Actual Rows": 1,
                                "Actual Loops": 1
                            },
                            {
                                "Worker Number": 5,
                                "Actual Startup Time": 1800.266,
                                "Actual Total Time": 1800.269,
                                "Actual Rows": 1,
                                "Actual Loops": 1
                            }
                        ],
                        "Plans": [
                            {
                                "Node Type": "Hash Join",
                                "Parent Relationship": "Outer",
                                "Parallel Aware": true,
                                "Join Type": "Inner",
                                "Startup Cost": 47176.68,
                                "Total Cost": 389329.97,
                                "Plan Rows": 1140888,
                                "Plan Width": 0,
                                "Actual Startup Time": 169.611,
                                "Actual Total Time": 1755.51,
                                "Actual Rows": 947827,
                                "Actual Loops": 7,
                                "Inner Unique": true,
                                "Hash Cond": "(ci.movie_id = t.id)",
                                "Workers": [
                                    {
                                        "Worker Number": 0,
                                        "Actual Startup Time": 167.353,
                                        "Actual Total Time": 1751.233,
                                        "Actual Rows": 709084,
                                        "Actual Loops": 1
                                    },
                                    {
                                        "Worker Number": 1,
                                        "Actual Startup Time": 167.768,
                                        "Actual Total Time": 1751.611,
                                        "Actual Rows": 723874,
                                        "Actual Loops": 1
                                    },
                                    {
                                        "Worker Number": 2,
                                        "Actual Startup Time": 167.874,
                                        "Actual Total Time": 1755.75,
                                        "Actual Rows": 1056121,
                                        "Actual Loops": 1
                                    },
                                    {
                                        "Worker Number": 3,
                                        "Actual Startup Time": 167.848,
                                        "Actual Total Time": 1756.183,
                                        "Actual Rows": 1048913,
                                        "Actual Loops": 1
                                    },
                                    {
                                        "Worker Number": 4,
                                        "Actual Startup Time": 167.939,
                                        "Actual Total Time": 1756.25,
                                        "Actual Rows": 1046536,
                                        "Actual Loops": 1
                                    },
                                    {
                                        "Worker Number": 5,
                                        "Actual Startup Time": 168.168,
                                        "Actual Total Time": 1756.346,
                                        "Actual Rows": 1038669,
                                        "Actual Loops": 1
                                    }
                                ],
                                "Plans": [
                                    {
                                        "Node Type": "Seq Scan",
                                        "Parent Relationship": "Outer",
                                        "Parallel Aware": true,
                                        "Relation Name": "cast_info",
                                        "Schema": "public",
                                        "Alias": "ci",
                                        "Startup Cost": 0.0,
                                        "Total Cost": 328213.62,
                                        "Plan Rows": 5310344,
                                        "Plan Width": 4,
                                        "Actual Startup Time": 50.737,
                                        "Actual Total Time": 685.73,
                                        "Actual Rows": 4543272,
                                        "Actual Loops": 7,
                                        "Output": [
                                            "ci.id",
                                            "ci.person_id",
                                            "ci.movie_id",
                                            "ci.person_role_id",
                                            "ci.note",
                                            "ci.nr_order",
                                            "ci.role_id"
                                        ],
                                        "Filter": "(ci.person_id > 429061)",
                                        "Rows Removed by Filter": 634491,
                                        "Workers": [
                                            {
                                                "Worker Number": 0,
                                                "Actual Startup Time": 50.705,
                                                "Actual Total Time": 694.146,
                                                "Actual Rows": 3391919,
                                                "Actual Loops": 1
                                            },
                                            {
                                                "Worker Number": 1,
                                                "Actual Startup Time": 50.73,
                                                "Actual Total Time": 693.939,
                                                "Actual Rows": 3456646,
                                                "Actual Loops": 1
                                            },
                                            {
                                                "Worker Number": 2,
                                                "Actual Startup Time": 50.816,
                                                "Actual Total Time": 706.975,
                                                "Actual Rows": 5063779,
                                                "Actual Loops": 1
                                            },
                                            {
                                                "Worker Number": 3,
                                                "Actual Startup Time": 50.718,
                                                "Actual Total Time": 703.42,
                                                "Actual Rows": 5037480,
                                                "Actual Loops": 1
                                            },
                                            {
                                                "Worker Number": 4,
                                                "Actual Startup Time": 50.799,
                                                "Actual Total Time": 699.763,
                                                "Actual Rows": 5020471,
                                                "Actual Loops": 1
                                            },
                                            {
                                                "Worker Number": 5,
                                                "Actual Startup Time": 50.697,
                                                "Actual Total Time": 696.832,
                                                "Actual Rows": 4952624,
                                                "Actual Loops": 1
                                            }
                                        ]
                                    },
                                    {
                                        "Node Type": "Hash",
                                        "Parent Relationship": "Inner",
                                        "Parallel Aware": true,
                                        "Startup Cost": 45479.21,
                                        "Total Cost": 45479.21,
                                        "Plan Rows": 135798,
                                        "Plan Width": 4,
                                        "Actual Startup Time": 115.017,
                                        "Actual Total Time": 115.018,
                                        "Actual Rows": 65687,
                                        "Actual Loops": 7,
                                        "Output": [
                                            "t.id"
                                        ],
                                        "Hash Buckets": 1048576,
                                        "Original Hash Buckets": 1048576,
                                        "Hash Batches": 1,
                                        "Original Hash Batches": 1,
                                        "Peak Memory Usage": 26304,
                                        "Workers": [
                                            {
                                                "Worker Number": 0,
                                                "Actual Startup Time": 115.677,
                                                "Actual Total Time": 115.678,
                                                "Actual Rows": 51563,
                                                "Actual Loops": 1
                                            },
                                            {
                                                "Worker Number": 1,
                                                "Actual Startup Time": 116.042,
                                                "Actual Total Time": 116.043,
                                                "Actual Rows": 51158,
                                                "Actual Loops": 1
                                            },
                                            {
                                                "Worker Number": 2,
                                                "Actual Startup Time": 116.34,
                                                "Actual Total Time": 116.341,
                                                "Actual Rows": 67846,
                                                "Actual Loops": 1
                                            },
                                            {
                                                "Worker Number": 3,
                                                "Actual Startup Time": 116.177,
                                                "Actual Total Time": 116.178,
                                                "Actual Rows": 68022,
                                                "Actual Loops": 1
                                            },
                                            {
                                                "Worker Number": 4,
                                                "Actual Startup Time": 116.312,
                                                "Actual Total Time": 116.313,
                                                "Actual Rows": 67475,
                                                "Actual Loops": 1
                                            },
                                            {
                                                "Worker Number": 5,
                                                "Actual Startup Time": 116.155,
                                                "Actual Total Time": 116.156,
                                                "Actual Rows": 67188,
                                                "Actual Loops": 1
                                            }
                                        ],
                                        "Plans": [
                                            {
                                                "Node Type": "Seq Scan",
                                                "Parent Relationship": "Outer",
                                                "Parallel Aware": true,
                                                "Relation Name": "title",
                                                "Schema": "public",
                                                "Alias": "t",
                                                "Startup Cost": 0.0,
                                                "Total Cost": 45479.21,
                                                "Plan Rows": 135798,
                                                "Plan Width": 4,
                                                "Actual Startup Time": 0.08,
                                                "Actual Total Time": 78.458,
                                                "Actual Rows": 65687,
                                                "Actual Loops": 7,
                                                "Output": [
                                                    "t.id"
                                                ],
                                                "Filter": "((t.kind_id < 7) AND (t.production_year > 2000))",
                                                "Rows Removed by Filter": 295500,
                                                "Workers": [
                                                    {
                                                        "Worker Number": 0,
                                                        "Actual Startup Time": 0.073,
                                                        "Actual Total Time": 79.188,
                                                        "Actual Rows": 51563,
                                                        "Actual Loops": 1
                                                    },
                                                    {
                                                        "Worker Number": 1,
                                                        "Actual Startup Time": 0.127,
                                                        "Actual Total Time": 78.807,
                                                        "Actual Rows": 51158,
                                                        "Actual Loops": 1
                                                    },
                                                    {
                                                        "Worker Number": 2,
                                                        "Actual Startup Time": 0.089,
                                                        "Actual Total Time": 78.43,
                                                        "Actual Rows": 67846,
                                                        "Actual Loops": 1
                                                    },
                                                    {
                                                        "Worker Number": 3,
                                                        "Actual Startup Time": 0.095,
                                                        "Actual Total Time": 78.586,
                                                        "Actual Rows": 68022,
                                                        "Actual Loops": 1
                                                    },
                                                    {
                                                        "Worker Number": 4,
                                                        "Actual Startup Time": 0.08,
                                                        "Actual Total Time": 78.791,
                                                        "Actual Rows": 67475,
                                                        "Actual Loops": 1
                                                    },
                                                    {
                                                        "Worker Number": 5,
                                                        "Actual Startup Time": 0.074,
                                                        "Actual Total Time": 78.653,
                                                        "Actual Rows": 67188,
                                                        "Actual Loops": 1
                                                    }
                                                ]
                                            }
                                        ]
                                    }
                                ]
                            }
                        ]
                    }
                ]
            }
        ]
    },
    "Planning Time": 0.705,
    "Triggers": [],
    "Execution Time": 1865.854
}