{
  "Plan": {
    "Node Type": "Aggregate",
    "Strategy": "Plain",
    "Partial Mode": "Finalize",
    "Parallel Aware": false,
    "Startup Cost": 110472.42,
    "Total Cost": 110472.43,
    "Plan Rows": 1,
    "Plan Width": 8,
    "Actual Startup Time": 696.163,
    "Actual Total Time": 711.816,
    "Actual Rows": 1,
    "Actual Loops": 1,
    "Plans": [
      {
        "Node Type": "Gather",
        "Parent Relationship": "Outer",
        "Parallel Aware": false,
        "Startup Cost": 110472.31,
        "Total Cost": 110472.42,
        "Plan Rows": 1,
        "Plan Width": 8,
        "Actual Startup Time": 693.187,
        "Actual Total Time": 711.808,
        "Actual Rows": 2,
        "Actual Loops": 1,
        "Workers Planned": 1,
        "Workers Launched": 1,
        "Single Copy": false,
        "Plans": [
          {
            "Node Type": "Aggregate",
            "Strategy": "Plain",
            "Partial Mode": "Partial",
            "Parent Relationship": "Outer",
            "Parallel Aware": false,
            "Startup Cost": 109472.31,
            "Total Cost": 109472.32,
            "Plan Rows": 1,
            "Plan Width": 8,
            "Actual Startup Time": 685.074,
            "Actual Total Time": 685.077,
            "Actual Rows": 1,
            "Actual Loops": 2,
            "Plans": [
              {
                "Node Type": "Hash Join",
                "Parent Relationship": "Outer",
                "Parallel Aware": true,
                "Join Type": "Inner",
                "Startup Cost": 67830.56,
                "Total Cost": 108269.84,
                "Plan Rows": 480990,
                "Plan Width": 0,
                "Actual Startup Time": 372.544,
                "Actual Total Time": 673.025,
                "Actual Rows": 297596,
                "Actual Loops": 2,
                "Inner Unique": true,
                "Hash Cond": "(mc.movie_id = t.id)",
                "Plans": [
                  {
                    "Node Type": "Seq Scan",
                    "Parent Relationship": "Outer",
                    "Parallel Aware": true,
                    "Relation Name": "movie_companies",
                    "Alias": "mc",
                    "Startup Cost": 0.0,
                    "Total Cost": 37974.77,
                    "Plan Rows": 938861,
                    "Plan Width": 4,
                    "Actual Startup Time": 0.014,
                    "Actual Total Time": 114.403,
                    "Actual Rows": 792810,
                    "Actual Loops": 2,
                    "Filter": "(company_id < 15821)",
                    "Rows Removed by Filter": 511754
                  },
                  {
                    "Node Type": "Hash",
                    "Parent Relationship": "Inner",
                    "Parallel Aware": true,
                    "Startup Cost": 58306.47,
                    "Total Cost": 58306.47,
                    "Plan Rows": 761927,
                    "Plan Width": 4,
                    "Actual Startup Time": 357.347,
                    "Actual Total Time": 357.348,
                    "Actual Rows": 706874,
                    "Actual Loops": 2,
                    "Hash Buckets": 2097152,
                    "Original Hash Buckets": 2097152,
                    "Hash Batches": 1,
                    "Original Hash Batches": 1,
                    "Peak Memory Usage": 71712,
                    "Plans": [
                      {
                        "Node Type": "Seq Scan",
                        "Parent Relationship": "Outer",
                        "Parallel Aware": true,
                        "Relation Name": "title",
                        "Alias": "t",
                        "Startup Cost": 0.0,
                        "Total Cost": 58306.47,
                        "Plan Rows": 761927,
                        "Plan Width": 4,
                        "Actual Startup Time": 0.022,
                        "Actual Total Time": 171.055,
                        "Actual Rows": 706874,
                        "Actual Loops": 2,
                        "Filter": "((kind_id > 1) AND (production_year > 1990))",
                        "Rows Removed by Filter": 557282
                      }
                    ]
                  }
                ]
              }
            ]
          }
        ]
      }
    ]
  },
  "Planning Time": 0.621,
  "Triggers": [],
  "Execution Time": 711.884
}