[
  {
    "Plan": {
      "Node Type": "Aggregate",
      "Strategy": "Plain",
      "Partial Mode": "Finalize",
      "Parallel Aware": false,
      "Startup Cost": 155392.96,
      "Total Cost": 155392.97,
      "Plan Rows": 1,
      "Plan Width": 8,
      "Actual Startup Time": 234.238,
      "Actual Total Time": 251.885,
      "Actual Rows": 1,
      "Actual Loops": 1,
      "Plans": [
        {
          "Node Type": "Gather",
          "Parent Relationship": "Outer",
          "Parallel Aware": false,
          "Startup Cost": 155392.64,
          "Total Cost": 155392.95,
          "Plan Rows": 3,
          "Plan Width": 8,
          "Actual Startup Time": 232.938,
          "Actual Total Time": 251.876,
          "Actual Rows": 4,
          "Actual Loops": 1,
          "Workers Planned": 3,
          "Workers Launched": 3,
          "Single Copy": false,
          "Plans": [
            {
              "Node Type": "Aggregate",
              "Strategy": "Plain",
              "Partial Mode": "Partial",
              "Parent Relationship": "Outer",
              "Parallel Aware": false,
              "Startup Cost": 154392.64,
              "Total Cost": 154392.65,
              "Plan Rows": 1,
              "Plan Width": 8,
              "Actual Startup Time": 223.457,
              "Actual Total Time": 223.461,
              "Actual Rows": 1,
              "Actual Loops": 4,
              "Plans": [
                {
                  "Node Type": "Nested Loop",
                  "Parent Relationship": "Outer",
                  "Parallel Aware": false,
                  "Join Type": "Inner",
                  "Startup Cost": 46630.26,
                  "Total Cost": 154090.39,
                  "Plan Rows": 120901,
                  "Plan Width": 0,
                  "Actual Startup Time": 148.681,
                  "Actual Total Time": 223.186,
                  "Actual Rows": 3048,
                  "Actual Loops": 4,
                  "Inner Unique": false,
                  "Join Filter": "(t.id = mi.movie_id)",
                  "Rows Removed by Join Filter": 0,
                  "Plans": [
                    {
                      "Node Type": "Hash Join",
                      "Parent Relationship": "Outer",
                      "Parallel Aware": true,
                      "Join Type": "Inner",
                      "Startup Cost": 46629.82,
                      "Total Cost": 78417.3,
                      "Plan Rows": 20676,
                      "Plan Width": 8,
                      "Actual Startup Time": 148.586,
                      "Actual Total Time": 211.944,
                      "Actual Rows": 275,
                      "Actual Loops": 4,
                      "Inner Unique": true,
                      "Hash Cond": "(mc.movie_id = t.id)",
                      "Plans": [
                        {
                          "Node Type": "Seq Scan",
                          "Parent Relationship": "Outer",
                          "Parallel Aware": true,
                          "Relation Name": "movie_companies",
                          "Alias": "mc",
                          "Startup Cost": 0.0,
                          "Total Cost": 31414.82,
                          "Plan Rows": 141965,
                          "Plan Width": 4,
                          "Actual Startup Time": 11.92,
                          "Actual Total Time": 66.85,
                          "Actual Rows": 31146,
                          "Actual Loops": 4,
                          "Filter": "((company_id > 20952) AND (company_type_id < 2))",
                          "Rows Removed by Filter": 621136
                        },
                        {
                          "Node Type": "Hash",
                          "Parent Relationship": "Inner",
                          "Parallel Aware": true,
                          "Startup Cost": 45479.1,
                          "Total Cost": 45479.1,
                          "Plan Rows": 92058,
                          "Plan Width": 4,
                          "Actual Startup Time": 132.814,
                          "Actual Total Time": 132.815,
                          "Actual Rows": 59805,
                          "Actual Loops": 4,
                          "Hash Buckets": 524288,
                          "Original Hash Buckets": 524288,
                          "Hash Batches": 1,
                          "Original Hash Batches": 1,
                          "Peak Memory Usage": 13504,
                          "Plans": [
                            {
                              "Node Type": "Seq Scan",
                              "Parent Relationship": "Outer",
                              "Parallel Aware": true,
                              "Relation Name": "title",
                              "Alias": "t",
                              "Startup Cost": 0.0,
                              "Total Cost": 45479.1,
                              "Plan Rows": 92058,
                              "Plan Width": 4,
                              "Actual Startup Time": 0.033,
                              "Actual Total Time": 108.531,
                              "Actual Rows": 59805,
                              "Actual Loops": 4,
                              "Filter": "((kind_id > 1) AND (production_year < 1980))",
                              "Rows Removed by Filter": 572273
                            }
                          ]
                        }
                      ]
                    },
                    {
                      "Node Type": "Index Only Scan",
                      "Parent Relationship": "Inner",
                      "Parallel Aware": false,
                      "Scan Direction": "Forward",
                      "Index Name": "movie_id_movie_info",
                      "Relation Name": "movie_info",
                      "Alias": "mi",
                      "Startup Cost": 0.43,
                      "Total Cost": 3.13,
                      "Plan Rows": 42,
                      "Plan Width": 4,
                      "Actual Startup Time": 0.015,
                      "Actual Total Time": 0.039,
                      "Actual Rows": 11,
                      "Actual Loops": 1099,
                      "Index Cond": "(movie_id = mc.movie_id)",
                      "Rows Removed by Index Recheck": 0,
                      "Heap Fetches": 12191
                    }
                  ]
                }
              ]
            }
          ]
        }
      ]
    },
    "Planning Time": 1.476,
    "Triggers": [],
    "Execution Time": 251.974
  }
]