{
  "Plan": {
    "Node Type": "Aggregate",
    "Strategy": "Plain",
    "Partial Mode": "Finalize",
    "Parallel Aware": false,
    "Startup Cost": 105725.8,
    "Total Cost": 105725.81,
    "Plan Rows": 1,
    "Plan Width": 8,
    "Actual Startup Time": 498.628,
    "Actual Total Time": 513.442,
    "Actual Rows": 1,
    "Actual Loops": 1,
    "Plans": [
      {
        "Node Type": "Gather",
        "Parent Relationship": "Outer",
        "Parallel Aware": false,
        "Startup Cost": 105725.69,
        "Total Cost": 105725.8,
        "Plan Rows": 1,
        "Plan Width": 8,
        "Actual Startup Time": 497.161,
        "Actual Total Time": 513.433,
        "Actual Rows": 2,
        "Actual Loops": 1,
        "Workers Planned": 1,
        "Workers Launched": 1,
        "Single Copy": false,
        "Plans": [
          {
            "Node Type": "Aggregate",
            "Strategy": "Plain",
            "Partial Mode": "Partial",
            "Parent Relationship": "Outer",
            "Parallel Aware": false,
            "Startup Cost": 104725.69,
            "Total Cost": 104725.7,
            "Plan Rows": 1,
            "Plan Width": 8,
            "Actual Startup Time": 491.29,
            "Actual Total Time": 491.294,
            "Actual Rows": 1,
            "Actual Loops": 2,
            "Plans": [
              {
                "Node Type": "Hash Join",
                "Parent Relationship": "Outer",
                "Parallel Aware": true,
                "Join Type": "Inner",
                "Startup Cost": 42290.43,
                "Total Cost": 104537.34,
                "Plan Rows": 75339,
                "Plan Width": 0,
                "Actual Startup Time": 196.569,
                "Actual Total Time": 485.212,
                "Actual Rows": 108909,
                "Actual Loops": 2,
                "Inner Unique": false,
                "Hash Cond": "(t.id = mc.movie_id)",
                "Plans": [
                  {
                    "Node Type": "Seq Scan",
                    "Parent Relationship": "Outer",
                    "Parallel Aware": true,
                    "Relation Name": "title",
                    "Alias": "t",
                    "Startup Cost": 0.0,
                    "Total Cost": 58306.47,
                    "Plan Rows": 559563,
                    "Plan Width": 4,
                    "Actual Startup Time": 0.013,
                    "Actual Total Time": 156.375,
                    "Actual Rows": 482672,
                    "Actual Loops": 2,
                    "Filter": "((kind_id < 6) AND (production_year > 0))",
                    "Rows Removed by Filter": 781484
                  },
                  {
                    "Node Type": "Hash",
                    "Parent Relationship": "Inner",
                    "Parallel Aware": true,
                    "Startup Cost": 39787.43,
                    "Total Cost": 39787.43,
                    "Plan Rows": 200240,
                    "Plan Width": 4,
                    "Actual Startup Time": 190.946,
                    "Actual Total Time": 190.948,
                    "Actual Rows": 245387,
                    "Actual Loops": 2,
                    "Hash Buckets": 524288,
                    "Original Hash Buckets": 524288,
                    "Hash Batches": 1,
                    "Original Hash Batches": 1,
                    "Peak Memory Usage": 23328,
                    "Plans": [
                      {
                        "Node Type": "Bitmap Heap Scan",
                        "Parent Relationship": "Outer",
                        "Parallel Aware": true,
                        "Relation Name": "movie_companies",
                        "Alias": "mc",
                        "Startup Cost": 14895.86,
                        "Total Cost": 39787.43,
                        "Plan Rows": 200240,
                        "Plan Width": 4,
                        "Actual Startup Time": 47.341,
                        "Actual Total Time": 133.858,
                        "Actual Rows": 245387,
                        "Actual Loops": 2,
                        "Recheck Cond": "(company_id < 1226)",
                        "Rows Removed by Index Recheck": 0,
                        "Filter": "(company_type_id < 2)",
                        "Rows Removed by Filter": 97958,
                        "Exact Heap Blocks": 12593,
                        "Lossy Heap Blocks": 0,
                        "Plans": [
                          {
                            "Node Type": "Bitmap Index Scan",
                            "Parent Relationship": "Outer",
                            "Parallel Aware": false,
                            "Index Name": "company_id_movie_companies",
                            "Startup Cost": 0.0,
                            "Total Cost": 14810.76,
                            "Plan Rows": 691511,
                            "Plan Width": 0,
                            "Actual Startup Time": 44.755,
                            "Actual Total Time": 44.755,
                            "Actual Rows": 686691,
                            "Actual Loops": 1,
                            "Index Cond": "(company_id < 1226)"
                          }
                        ]
                      }
                    ]
                  }
                ]
              }
            ]
          }
        ]
      }
    ]
  },
  "Planning Time": 0.689,
  "Triggers": [],
  "Execution Time": 513.533
}