[
  {
    "Plan": {
      "Node Type": "Aggregate",
      "Strategy": "Plain",
      "Partial Mode": "Finalize",
      "Parallel Aware": false,
      "Startup Cost": 80827.22,
      "Total Cost": 80827.23,
      "Plan Rows": 1,
      "Plan Width": 8,
      "Actual Startup Time": 124.062,
      "Actual Total Time": 138.734,
      "Actual Rows": 1,
      "Actual Loops": 1,
      "Plans": [
        {
          "Node Type": "Gather",
          "Parent Relationship": "Outer",
          "Parallel Aware": false,
          "Startup Cost": 80826.8,
          "Total Cost": 80827.21,
          "Plan Rows": 4,
          "Plan Width": 8,
          "Actual Startup Time": 123.934,
          "Actual Total Time": 138.726,
          "Actual Rows": 5,
          "Actual Loops": 1,
          "Workers Planned": 4,
          "Workers Launched": 4,
          "Single Copy": false,
          "Plans": [
            {
              "Node Type": "Aggregate",
              "Strategy": "Plain",
              "Partial Mode": "Partial",
              "Parent Relationship": "Outer",
              "Parallel Aware": false,
              "Startup Cost": 79826.8,
              "Total Cost": 79826.81,
              "Plan Rows": 1,
              "Plan Width": 8,
              "Actual Startup Time": 115.401,
              "Actual Total Time": 115.402,
              "Actual Rows": 1,
              "Actual Loops": 5,
              "Plans": [
                {
                  "Node Type": "Nested Loop",
                  "Parent Relationship": "Outer",
                  "Parallel Aware": false,
                  "Join Type": "Inner",
                  "Startup Cost": 0.43,
                  "Total Cost": 79817.06,
                  "Plan Rows": 3896,
                  "Plan Width": 0,
                  "Actual Startup Time": 61.713,
                  "Actual Total Time": 115.326,
                  "Actual Rows": 644,
                  "Actual Loops": 5,
                  "Inner Unique": false,
                  "Plans": [
                    {
                      "Node Type": "Seq Scan",
                      "Parent Relationship": "Outer",
                      "Parallel Aware": true,
                      "Relation Name": "title",
                      "Alias": "t",
                      "Startup Cost": 0.0,
                      "Total Cost": 43898.92,
                      "Plan Rows": 5095,
                      "Plan Width": 4,
                      "Actual Startup Time": 56.733,
                      "Actual Total Time": 86.514,
                      "Actual Rows": 4902,
                      "Actual Loops": 5,
                      "Filter": "(production_year < 1910)",
                      "Rows Removed by Filter": 500761
                    },
                    {
                      "Node Type": "Index Scan",
                      "Parent Relationship": "Inner",
                      "Parallel Aware": false,
                      "Scan Direction": "Forward",
                      "Index Name": "movie_id_movie_keyword",
                      "Relation Name": "movie_keyword",
                      "Alias": "mk",
                      "Startup Cost": 0.43,
                      "Total Cost": 6.86,
                      "Plan Rows": 19,
                      "Plan Width": 4,
                      "Actual Startup Time": 0.006,
                      "Actual Total Time": 0.006,
                      "Actual Rows": 0,
                      "Actual Loops": 24508,
                      "Index Cond": "(movie_id = t.id)",
                      "Rows Removed by Index Recheck": 0,
                      "Filter": "(keyword_id < 3337)",
                      "Rows Removed by Filter": 0
                    }
                  ]
                }
              ]
            }
          ]
        }
      ]
    },
    "Planning Time": 0.508,
    "Triggers": [],
    "Execution Time": 138.799
  }
]