[
  {
    "Plan": {
      "Node Type": "Aggregate",
      "Strategy": "Plain",
      "Partial Mode": "Finalize",
      "Parallel Aware": false,
      "Startup Cost": 142397.96,
      "Total Cost": 142397.97,
      "Plan Rows": 1,
      "Plan Width": 8,
      "Actual Startup Time": 236.676,
      "Actual Total Time": 255.733,
      "Actual Rows": 1,
      "Actual Loops": 1,
      "Plans": [
        {
          "Node Type": "Gather",
          "Parent Relationship": "Outer",
          "Parallel Aware": false,
          "Startup Cost": 142397.64,
          "Total Cost": 142397.95,
          "Plan Rows": 3,
          "Plan Width": 8,
          "Actual Startup Time": 236.327,
          "Actual Total Time": 255.725,
          "Actual Rows": 4,
          "Actual Loops": 1,
          "Workers Planned": 3,
          "Workers Launched": 3,
          "Single Copy": false,
          "Plans": [
            {
              "Node Type": "Aggregate",
              "Strategy": "Plain",
              "Partial Mode": "Partial",
              "Parent Relationship": "Outer",
              "Parallel Aware": false,
              "Startup Cost": 141397.64,
              "Total Cost": 141397.65,
              "Plan Rows": 1,
              "Plan Width": 8,
              "Actual Startup Time": 231.32,
              "Actual Total Time": 231.327,
              "Actual Rows": 1,
              "Actual Loops": 4,
              "Plans": [
                {
                  "Node Type": "Nested Loop",
                  "Parent Relationship": "Outer",
                  "Parallel Aware": false,
                  "Join Type": "Inner",
                  "Startup Cost": 45727.91,
                  "Total Cost": 141204.67,
                  "Plan Rows": 77191,
                  "Plan Width": 0,
                  "Actual Startup Time": 202.711,
                  "Actual Total Time": 231.318,
                  "Actual Rows": 0,
                  "Actual Loops": 4,
                  "Inner Unique": false,
                  "Join Filter": "(t.id = ci.movie_id)",
                  "Rows Removed by Join Filter": 0,
                  "Plans": [
                    {
                      "Node Type": "Hash Join",
                      "Parent Relationship": "Outer",
                      "Parallel Aware": true,
                      "Join Type": "Inner",
                      "Startup Cost": 45727.35,
                      "Total Cost": 90596.8,
                      "Plan Rows": 25967,
                      "Plan Width": 8,
                      "Actual Startup Time": 202.699,
                      "Actual Total Time": 231.301,
                      "Actual Rows": 0,
                      "Actual Loops": 4,
                      "Inner Unique": true,
                      "Hash Cond": "(mk.movie_id = t.id)",
                      "Plans": [
                        {
                          "Node Type": "Seq Scan",
                          "Parent Relationship": "Outer",
                          "Parallel Aware": true,
                          "Relation Name": "movie_keyword",
                          "Alias": "mk",
                          "Startup Cost": 0.0,
                          "Total Cost": 42695.65,
                          "Plan Rows": 828112,
                          "Plan Width": 4,
                          "Actual Startup Time": 0.228,
                          "Actual Total Time": 102.082,
                          "Actual Rows": 640764,
                          "Actual Loops": 4,
                          "Filter": "(keyword_id > 3421)",
                          "Rows Removed by Filter": 490218
                        },
                        {
                          "Node Type": "Hash",
                          "Parent Relationship": "Inner",
                          "Parallel Aware": true,
                          "Startup Cost": 45479.59,
                          "Total Cost": 45479.59,
                          "Plan Rows": 19821,
                          "Plan Width": 4,
                          "Actual Startup Time": 91.961,
                          "Actual Total Time": 91.963,
                          "Actual Rows": 7,
                          "Actual Loops": 4,
                          "Hash Buckets": 131072,
                          "Original Hash Buckets": 131072,
                          "Hash Batches": 1,
                          "Original Hash Batches": 1,
                          "Peak Memory Usage": 1152,
                          "Plans": [
                            {
                              "Node Type": "Seq Scan",
                              "Parent Relationship": "Outer",
                              "Parallel Aware": true,
                              "Relation Name": "title",
                              "Alias": "t",
                              "Startup Cost": 0.0,
                              "Total Cost": 45479.59,
                              "Plan Rows": 19821,
                              "Plan Width": 4,
                              "Actual Startup Time": 22.653,
                              "Actual Total Time": 91.832,
                              "Actual Rows": 7,
                              "Actual Loops": 4,
                              "Filter": "((production_year < 1939) AND (kind_id = 7))",
                              "Rows Removed by Filter": 632071
                            }
                          ]
                        }
                      ]
                    },
                    {
                      "Node Type": "Index Scan",
                      "Parent Relationship": "Inner",
                      "Parallel Aware": false,
                      "Scan Direction": "Forward",
                      "Index Name": "movie_id_cast_info",
                      "Relation Name": "cast_info",
                      "Alias": "ci",
                      "Startup Cost": 0.56,
                      "Total Cost": 1.86,
                      "Plan Rows": 7,
                      "Plan Width": 4,
                      "Actual Startup Time": 0.038,
                      "Actual Total Time": 0.047,
                      "Actual Rows": 2,
                      "Actual Loops": 1,
                      "Index Cond": "(movie_id = mk.movie_id)",
                      "Rows Removed by Index Recheck": 0,
                      "Filter": "(role_id = 2)",
                      "Rows Removed by Filter": 5
                    }
                  ]
                }
              ]
            }
          ]
        }
      ]
    },
    "Planning Time": 0.645,
    "Triggers": [],
    "Execution Time": 255.788
  }
]