[
  {
    "Plan": {
      "Node Type": "Aggregate",
      "Strategy": "Plain",
      "Partial Mode": "Finalize",
      "Parallel Aware": false,
      "Startup Cost": 45729.91,
      "Total Cost": 45729.92,
      "Plan Rows": 1,
      "Plan Width": 8,
      "Actual Startup Time": 146.223,
      "Actual Total Time": 154.213,
      "Actual Rows": 1,
      "Actual Loops": 1,
      "Plans": [
        {
          "Node Type": "Gather",
          "Parent Relationship": "Outer",
          "Parallel Aware": false,
          "Startup Cost": 45729.59,
          "Total Cost": 45729.9,
          "Plan Rows": 3,
          "Plan Width": 8,
          "Actual Startup Time": 145.957,
          "Actual Total Time": 154.203,
          "Actual Rows": 4,
          "Actual Loops": 1,
          "Workers Planned": 3,
          "Workers Launched": 3,
          "Single Copy": false,
          "Plans": [
            {
              "Node Type": "Aggregate",
              "Strategy": "Plain",
              "Partial Mode": "Partial",
              "Parent Relationship": "Outer",
              "Parallel Aware": false,
              "Startup Cost": 44729.59,
              "Total Cost": 44729.6,
              "Plan Rows": 1,
              "Plan Width": 8,
              "Actual Startup Time": 142.572,
              "Actual Total Time": 142.573,
              "Actual Rows": 1,
              "Actual Loops": 4,
              "Plans": [
                {
                  "Node Type": "Seq Scan",
                  "Parent Relationship": "Outer",
                  "Parallel Aware": true,
                  "Relation Name": "movie_keyword",
                  "Alias": "mk",
                  "Startup Cost": 0.0,
                  "Total Cost": 42695.65,
                  "Plan Rows": 813574,
                  "Plan Width": 0,
                  "Actual Startup Time": 0.028,
                  "Actual Total Time": 113.006,
                  "Actual Rows": 633946,
                  "Actual Loops": 4,
                  "Filter": "(keyword_id < 6320)",
                  "Rows Removed by Filter": 497036
                }
              ]
            }
          ]
        }
      ]
    },
    "Planning Time": 0.109,
    "Triggers": [],
    "Execution Time": 154.246
  }
]