[
    {
        "Bao": {
            "Bao prediction": "NaN",
            "Bao recommended hint": "(no hint)"
        }
    },
    {
        "Plan": {
            "Node Type": "Aggregate",
            "Strategy": "Plain",
            "Partial Mode": "Finalize",
            "Parallel Aware": false,
            "Startup Cost": 348586.61,
            "Total Cost": 348586.62,
            "Plan Rows": 1,
            "Plan Width": 8,
            "Actual Startup Time": 747.789,
            "Actual Total Time": 778.257,
            "Actual Rows": 1,
            "Actual Loops": 1,
            "Output": [
                "count(*)"
            ],
            "Plans": [
                {
                    "Node Type": "Gather",
                    "Parent Relationship": "Outer",
                    "Parallel Aware": false,
                    "Startup Cost": 348585.99,
                    "Total Cost": 348586.6,
                    "Plan Rows": 6,
                    "Plan Width": 8,
                    "Actual Startup Time": 747.711,
                    "Actual Total Time": 778.249,
                    "Actual Rows": 7,
                    "Actual Loops": 1,
                    "Output": [
                        "(PARTIAL count(*))"
                    ],
                    "Workers Planned": 6,
                    "Workers Launched": 6,
                    "Single Copy": false,
                    "Plans": [
                        {
                            "Node Type": "Aggregate",
                            "Strategy": "Plain",
                            "Partial Mode": "Partial",
                            "Parent Relationship": "Outer",
                            "Parallel Aware": false,
                            "Startup Cost": 347585.99,
                            "Total Cost": 347586.0,
                            "Plan Rows": 1,
                            "Plan Width": 8,
                            "Actual Startup Time": 737.835,
                            "Actual Total Time": 737.837,
                            "Actual Rows": 1,
                            "Actual Loops": 7,
                            "Output": [
                                "PARTIAL count(*)"
                            ],
                            "Workers": [
                                {
                                    "Worker Number": 0,
                                    "Actual Startup Time": 735.8,
                                    "Actual Total Time": 735.801,
                                    "Actual Rows": 1,
                                    "Actual Loops": 1
                                },
                                {
                                    "Worker Number": 1,
                                    "Actual Startup Time": 736.071,
                                    "Actual Total Time": 736.073,
                                    "Actual Rows": 1,
                                    "Actual Loops": 1
                                },
                                {
                                    "Worker Number": 2,
                                    "Actual Startup Time": 736.253,
                                    "Actual Total Time": 736.254,
                                    "Actual Rows": 1,
                                    "Actual Loops": 1
                                },
                                {
                                    "Worker Number": 3,
                                    "Actual Startup Time": 736.69,
                                    "Actual Total Time": 736.691,
                                    "Actual Rows": 1,
                                    "Actual Loops": 1
                                },
                                {
                                    "Worker Number": 4,
                                    "Actual Startup Time": 736.271,
                                    "Actual Total Time": 736.273,
                                    "Actual Rows": 1,
                                    "Actual Loops": 1
                                },
                                {
                                    "Worker Number": 5,
                                    "Actual Startup Time": 736.492,
                                    "Actual Total Time": 736.493,
                                    "Actual Rows": 1,
                                    "Actual Loops": 1
                                }
                            ],
                            "Plans": [
                                {
                                    "Node Type": "Seq Scan",
                                    "Parent Relationship": "Outer",
                                    "Parallel Aware": true,
                                    "Relation Name": "cast_info",
                                    "Schema": "public",
                                    "Alias": "ci",
                                    "Startup Cost": 0.0,
                                    "Total Cost": 343318.94,
                                    "Plan Rows": 1706820,
                                    "Plan Width": 0,
                                    "Actual Startup Time": 346.074,
                                    "Actual Total Time": 654.844,
                                    "Actual Rows": 1787108,
                                    "Actual Loops": 7,
                                    "Output": [
                                        "id",
                                        "person_id",
                                        "movie_id",
                                        "person_role_id",
                                        "note",
                                        "nr_order",
                                        "role_id"
                                    ],
                                    "Filter": "((ci.person_id > 1289897) AND (ci.role_id > 2))",
                                    "Rows Removed by Filter": 3390656,
                                    "Workers": [
                                        {
                                            "Worker Number": 0,
                                            "Actual Startup Time": 344.043,
                                            "Actual Total Time": 652.815,
                                            "Actual Rows": 1251457,
                                            "Actual Loops": 1
                                        },
                                        {
                                            "Worker Number": 1,
                                            "Actual Startup Time": 344.321,
                                            "Actual Total Time": 655.663,
                                            "Actual Rows": 1967850,
                                            "Actual Loops": 1
                                        },
                                        {
                                            "Worker Number": 2,
                                            "Actual Startup Time": 344.493,
                                            "Actual Total Time": 653.331,
                                            "Actual Rows": 1237233,
                                            "Actual Loops": 1
                                        },
                                        {
                                            "Worker Number": 3,
                                            "Actual Startup Time": 344.924,
                                            "Actual Total Time": 655.693,
                                            "Actual Rows": 1880492,
                                            "Actual Loops": 1
                                        },
                                        {
                                            "Worker Number": 4,
                                            "Actual Startup Time": 344.508,
                                            "Actual Total Time": 655.164,
                                            "Actual Rows": 1871136,
                                            "Actual Loops": 1
                                        },
                                        {
                                            "Worker Number": 5,
                                            "Actual Startup Time": 344.735,
                                            "Actual Total Time": 655.369,
                                            "Actual Rows": 1870015,
                                            "Actual Loops": 1
                                        }
                                    ]
                                }
                            ]
                        }
                    ]
                }
            ]
        },
        "Planning Time": 217.839,
        "Triggers": [],
        "Execution Time": 778.313
    }
]