[
  {
    "Plan": {
      "Node Type": "Aggregate",
      "Strategy": "Plain",
      "Partial Mode": "Simple",
      "Parallel Aware": false,
      "Startup Cost": 7967.49,
      "Total Cost": 7967.5,
      "Plan Rows": 1,
      "Plan Width": 8,
      "Actual Startup Time": 7.551,
      "Actual Total Time": 7.553,
      "Actual Rows": 1,
      "Actual Loops": 1,
      "Plans": [
        {
          "Node Type": "Index Only Scan",
          "Parent Relationship": "Outer",
          "Parallel Aware": false,
          "Scan Direction": "Forward",
          "Index Name": "company_id_movie_companies",
          "Relation Name": "movie_companies",
          "Alias": "mc",
          "Startup Cost": 0.43,
          "Total Cost": 7959.23,
          "Plan Rows": 3305,
          "Plan Width": 0,
          "Actual Startup Time": 0.15,
          "Actual Total Time": 6.913,
          "Actual Rows": 3529,
          "Actual Loops": 1,
          "Index Cond": "(company_id = 419)",
          "Rows Removed by Index Recheck": 0,
          "Heap Fetches": 3529
        }
      ]
    },
    "Planning Time": 0.178,
    "Triggers": [],
    "Execution Time": 7.607
  }
]