{
  "Plan": {
    "Node Type": "Aggregate",
    "Strategy": "Plain",
    "Partial Mode": "Finalize",
    "Parallel Aware": false,
    "Startup Cost": 601712.82,
    "Total Cost": 601712.83,
    "Plan Rows": 1,
    "Plan Width": 8,
    "Actual Startup Time": 5655.195,
    "Actual Total Time": 5716.44,
    "Actual Rows": 1,
    "Actual Loops": 1,
    "Plans": [
      {
        "Node Type": "Gather",
        "Parent Relationship": "Outer",
        "Parallel Aware": false,
        "Startup Cost": 601712.7,
        "Total Cost": 601712.81,
        "Plan Rows": 1,
        "Plan Width": 8,
        "Actual Startup Time": 5651.604,
        "Actual Total Time": 5716.429,
        "Actual Rows": 2,
        "Actual Loops": 1,
        "Workers Planned": 1,
        "Workers Launched": 1,
        "Single Copy": false,
        "Plans": [
          {
            "Node Type": "Aggregate",
            "Strategy": "Plain",
            "Partial Mode": "Partial",
            "Parent Relationship": "Outer",
            "Parallel Aware": false,
            "Startup Cost": 600712.7,
            "Total Cost": 600712.71,
            "Plan Rows": 1,
            "Plan Width": 8,
            "Actual Startup Time": 5643.705,
            "Actual Total Time": 5643.709,
            "Actual Rows": 1,
            "Actual Loops": 2,
            "Plans": [
              {
                "Node Type": "Hash Join",
                "Parent Relationship": "Outer",
                "Parallel Aware": true,
                "Join Type": "Inner",
                "Startup Cost": 273388.96,
                "Total Cost": 587065.88,
                "Plan Rows": 5458728,
                "Plan Width": 0,
                "Actual Startup Time": 1744.959,
                "Actual Total Time": 4906.449,
                "Actual Rows": 18088874,
                "Actual Loops": 2,
                "Inner Unique": false,
                "Hash Cond": "(mi.movie_id = t.id)",
                "Plans": [
                  {
                    "Node Type": "Seq Scan",
                    "Parent Relationship": "Outer",
                    "Parallel Aware": true,
                    "Relation Name": "movie_info",
                    "Alias": "mi",
                    "Startup Cost": 0.0,
                    "Total Cost": 248955.74,
                    "Plan Rows": 8696274,
                    "Plan Width": 4,
                    "Actual Startup Time": 0.015,
                    "Actual Total Time": 641.485,
                    "Actual Rows": 7417860,
                    "Actual Loops": 2
                  },
                  {
                    "Node Type": "Hash",
                    "Parent Relationship": "Inner",
                    "Parallel Aware": true,
                    "Startup Cost": 261719.61,
                    "Total Cost": 261719.61,
                    "Plan Rows": 933548,
                    "Plan Width": 8,
                    "Actual Startup Time": 1729.225,
                    "Actual Total Time": 1729.227,
                    "Actual Rows": 649058,
                    "Actual Loops": 2,
                    "Hash Buckets": 2097152,
                    "Original Hash Buckets": 2097152,
                    "Hash Batches": 1,
                    "Original Hash Batches": 1,
                    "Peak Memory Usage": 67200,
                    "Plans": [
                      {
                        "Node Type": "Merge Join",
                        "Parent Relationship": "Outer",
                        "Parallel Aware": false,
                        "Join Type": "Inner",
                        "Startup Cost": 2.97,
                        "Total Cost": 261719.61,
                        "Plan Rows": 933548,
                        "Plan Width": 8,
                        "Actual Startup Time": 0.665,
                        "Actual Total Time": 1567.677,
                        "Actual Rows": 649058,
                        "Actual Loops": 2,
                        "Inner Unique": false,
                        "Merge Cond": "(t.id = mc.movie_id)",
                        "Plans": [
                          {
                            "Node Type": "Index Scan",
                            "Parent Relationship": "Outer",
                            "Parallel Aware": true,
                            "Scan Direction": "Forward",
                            "Index Name": "title_pkey",
                            "Relation Name": "title",
                            "Alias": "t",
                            "Startup Cost": 0.43,
                            "Total Cost": 103647.43,
                            "Plan Rows": 904625,
                            "Plan Width": 4,
                            "Actual Startup Time": 0.381,
                            "Actual Total Time": 691.061,
                            "Actual Rows": 765597,
                            "Actual Loops": 2,
                            "Filter": "(production_year > 1997)",
                            "Rows Removed by Filter": 497331
                          },
                          {
                            "Node Type": "Index Only Scan",
                            "Parent Relationship": "Inner",
                            "Parallel Aware": false,
                            "Scan Direction": "Forward",
                            "Index Name": "movie_id_movie_companies",
                            "Relation Name": "movie_companies",
                            "Alias": "mc",
                            "Startup Cost": 0.43,
                            "Total Cost": 140059.44,
                            "Plan Rows": 2609129,
                            "Plan Width": 4,
                            "Actual Startup Time": 0.128,
                            "Actual Total Time": 661.645,
                            "Actual Rows": 2609129,
                            "Actual Loops": 2,
                            "Heap Fetches": 5218258
                          }
                        ]
                      }
                    ]
                  }
                ]
              }
            ]
          }
        ]
      }
    ]
  },
  "Planning Time": 0.882,
  "Triggers": [],
  "Execution Time": 5716.547
}