[
    {
        "Bao": {
            "Bao prediction": 478.96,
            "Bao recommended hint": "(no hint)"
        }
    },
    {
        "Plan": {
            "Node Type": "Aggregate",
            "Strategy": "Plain",
            "Partial Mode": "Finalize",
            "Parallel Aware": false,
            "Startup Cost": 348163.87,
            "Total Cost": 348163.88,
            "Plan Rows": 1,
            "Plan Width": 8,
            "Actual Startup Time": 786.021,
            "Actual Total Time": 816.675,
            "Actual Rows": 1,
            "Actual Loops": 1,
            "Output": [
                "count(*)"
            ],
            "Plans": [
                {
                    "Node Type": "Gather",
                    "Parent Relationship": "Outer",
                    "Parallel Aware": false,
                    "Startup Cost": 348163.24,
                    "Total Cost": 348163.85,
                    "Plan Rows": 6,
                    "Plan Width": 8,
                    "Actual Startup Time": 785.898,
                    "Actual Total Time": 816.666,
                    "Actual Rows": 7,
                    "Actual Loops": 1,
                    "Output": [
                        "(PARTIAL count(*))"
                    ],
                    "Workers Planned": 6,
                    "Workers Launched": 6,
                    "Single Copy": false,
                    "Plans": [
                        {
                            "Node Type": "Aggregate",
                            "Strategy": "Plain",
                            "Partial Mode": "Partial",
                            "Parent Relationship": "Outer",
                            "Parallel Aware": false,
                            "Startup Cost": 347163.24,
                            "Total Cost": 347163.25,
                            "Plan Rows": 1,
                            "Plan Width": 8,
                            "Actual Startup Time": 776.399,
                            "Actual Total Time": 776.4,
                            "Actual Rows": 1,
                            "Actual Loops": 7,
                            "Output": [
                                "PARTIAL count(*)"
                            ],
                            "Workers": [
                                {
                                    "Worker Number": 0,
                                    "Actual Startup Time": 774.391,
                                    "Actual Total Time": 774.392,
                                    "Actual Rows": 1,
                                    "Actual Loops": 1
                                },
                                {
                                    "Worker Number": 1,
                                    "Actual Startup Time": 774.464,
                                    "Actual Total Time": 774.465,
                                    "Actual Rows": 1,
                                    "Actual Loops": 1
                                },
                                {
                                    "Worker Number": 2,
                                    "Actual Startup Time": 774.831,
                                    "Actual Total Time": 774.832,
                                    "Actual Rows": 1,
                                    "Actual Loops": 1
                                },
                                {
                                    "Worker Number": 3,
                                    "Actual Startup Time": 775.047,
                                    "Actual Total Time": 775.048,
                                    "Actual Rows": 1,
                                    "Actual Loops": 1
                                },
                                {
                                    "Worker Number": 4,
                                    "Actual Startup Time": 775.05,
                                    "Actual Total Time": 775.052,
                                    "Actual Rows": 1,
                                    "Actual Loops": 1
                                },
                                {
                                    "Worker Number": 5,
                                    "Actual Startup Time": 775.888,
                                    "Actual Total Time": 775.89,
                                    "Actual Rows": 1,
                                    "Actual Loops": 1
                                }
                            ],
                            "Plans": [
                                {
                                    "Node Type": "Seq Scan",
                                    "Parent Relationship": "Outer",
                                    "Parallel Aware": true,
                                    "Relation Name": "cast_info",
                                    "Schema": "public",
                                    "Alias": "ci",
                                    "Startup Cost": 0.0,
                                    "Total Cost": 343318.94,
                                    "Plan Rows": 1537721,
                                    "Plan Width": 0,
                                    "Actual Startup Time": 270.339,
                                    "Actual Total Time": 742.147,
                                    "Actual Rows": 564991,
                                    "Actual Loops": 7,
                                    "Output": [
                                        "id",
                                        "person_id",
                                        "movie_id",
                                        "person_role_id",
                                        "note",
                                        "nr_order",
                                        "role_id"
                                    ],
                                    "Filter": "((ci.person_id < 1401037) AND (ci.role_id > 1))",
                                    "Rows Removed by Filter": 4612773,
                                    "Workers": [
                                        {
                                            "Worker Number": 0,
                                            "Actual Startup Time": 267.959,
                                            "Actual Total Time": 740.761,
                                            "Actual Rows": 492046,
                                            "Actual Loops": 1
                                        },
                                        {
                                            "Worker Number": 1,
                                            "Actual Startup Time": 270.889,
                                            "Actual Total Time": 740.533,
                                            "Actual Rows": 494648,
                                            "Actual Loops": 1
                                        },
                                        {
                                            "Worker Number": 2,
                                            "Actual Startup Time": 267.096,
                                            "Actual Total Time": 741.252,
                                            "Actual Rows": 491651,
                                            "Actual Loops": 1
                                        },
                                        {
                                            "Worker Number": 3,
                                            "Actual Startup Time": 274.586,
                                            "Actual Total Time": 741.376,
                                            "Actual Rows": 492325,
                                            "Actual Loops": 1
                                        },
                                        {
                                            "Worker Number": 4,
                                            "Actual Startup Time": 267.145,
                                            "Actual Total Time": 741.347,
                                            "Actual Rows": 492434,
                                            "Actual Loops": 1
                                        },
                                        {
                                            "Worker Number": 5,
                                            "Actual Startup Time": 267.621,
                                            "Actual Total Time": 741.949,
                                            "Actual Rows": 497104,
                                            "Actual Loops": 1
                                        }
                                    ]
                                }
                            ]
                        }
                    ]
                }
            ]
        },
        "Planning Time": 496.3,
        "Triggers": [],
        "Execution Time": 816.761
    }
]