[
  {
    "Plan": {
      "Node Type": "Aggregate",
      "Strategy": "Plain",
      "Partial Mode": "Finalize",
      "Parallel Aware": false,
      "Startup Cost": 32654.4,
      "Total Cost": 32654.41,
      "Plan Rows": 1,
      "Plan Width": 8,
      "Actual Startup Time": 75.823,
      "Actual Total Time": 79.601,
      "Actual Rows": 1,
      "Actual Loops": 1,
      "Plans": [
        {
          "Node Type": "Gather",
          "Parent Relationship": "Outer",
          "Parallel Aware": false,
          "Startup Cost": 32654.08,
          "Total Cost": 32654.39,
          "Plan Rows": 3,
          "Plan Width": 8,
          "Actual Startup Time": 75.727,
          "Actual Total Time": 79.595,
          "Actual Rows": 4,
          "Actual Loops": 1,
          "Workers Planned": 3,
          "Workers Launched": 3,
          "Single Copy": false,
          "Plans": [
            {
              "Node Type": "Aggregate",
              "Strategy": "Plain",
              "Partial Mode": "Partial",
              "Parent Relationship": "Outer",
              "Parallel Aware": false,
              "Startup Cost": 31654.08,
              "Total Cost": 31654.09,
              "Plan Rows": 1,
              "Plan Width": 8,
              "Actual Startup Time": 71.274,
              "Actual Total Time": 71.275,
              "Actual Rows": 1,
              "Actual Loops": 4,
              "Plans": [
                {
                  "Node Type": "Seq Scan",
                  "Parent Relationship": "Outer",
                  "Parallel Aware": true,
                  "Relation Name": "movie_companies",
                  "Alias": "mc",
                  "Startup Cost": 0.0,
                  "Total Cost": 31414.82,
                  "Plan Rows": 95705,
                  "Plan Width": 0,
                  "Actual Startup Time": 35.184,
                  "Actual Total Time": 65.167,
                  "Actual Rows": 146574,
                  "Actual Loops": 4,
                  "Filter": "((company_id > 70905) AND (company_type_id = 2))",
                  "Rows Removed by Filter": 505709
                }
              ]
            }
          ]
        }
      ]
    },
    "Planning Time": 0.123,
    "Triggers": [],
    "Execution Time": 79.638
  }
]