[
  {
    "Plan": {
      "Node Type": "Aggregate",
      "Strategy": "Plain",
      "Partial Mode": "Finalize",
      "Parallel Aware": false,
      "Startup Cost": 32646.16,
      "Total Cost": 32646.17,
      "Plan Rows": 1,
      "Plan Width": 8,
      "Actual Startup Time": 86.526,
      "Actual Total Time": 94.268,
      "Actual Rows": 1,
      "Actual Loops": 1,
      "Plans": [
        {
          "Node Type": "Gather",
          "Parent Relationship": "Outer",
          "Parallel Aware": false,
          "Startup Cost": 32645.84,
          "Total Cost": 32646.15,
          "Plan Rows": 3,
          "Plan Width": 8,
          "Actual Startup Time": 86.428,
          "Actual Total Time": 94.26,
          "Actual Rows": 4,
          "Actual Loops": 1,
          "Workers Planned": 3,
          "Workers Launched": 3,
          "Single Copy": false,
          "Plans": [
            {
              "Node Type": "Aggregate",
              "Strategy": "Plain",
              "Partial Mode": "Partial",
              "Parent Relationship": "Outer",
              "Parallel Aware": false,
              "Startup Cost": 31645.84,
              "Total Cost": 31645.85,
              "Plan Rows": 1,
              "Plan Width": 8,
              "Actual Startup Time": 80.544,
              "Actual Total Time": 80.545,
              "Actual Rows": 1,
              "Actual Loops": 4,
              "Plans": [
                {
                  "Node Type": "Seq Scan",
                  "Parent Relationship": "Outer",
                  "Parallel Aware": true,
                  "Relation Name": "movie_companies",
                  "Alias": "mc",
                  "Startup Cost": 0.0,
                  "Total Cost": 31414.82,
                  "Plan Rows": 92409,
                  "Plan Width": 0,
                  "Actual Startup Time": 43.851,
                  "Actual Total Time": 74.843,
                  "Actual Rows": 146574,
                  "Actual Loops": 4,
                  "Filter": "((company_id > 70905) AND (company_type_id = 2))",
                  "Rows Removed by Filter": 505709
                }
              ]
            }
          ]
        }
      ]
    },
    "Planning Time": 0.267,
    "Triggers": [],
    "Execution Time": 94.324
  }
]