[
    {
        "Bao": {
            "Bao prediction": "NaN",
            "Bao recommended hint": "(no hint)"
        }
    },
    {
        "Plan": {
            "Node Type": "Aggregate",
            "Strategy": "Plain",
            "Partial Mode": "Finalize",
            "Parallel Aware": false,
            "Startup Cost": 22994.37,
            "Total Cost": 22994.38,
            "Plan Rows": 1,
            "Plan Width": 8,
            "Actual Startup Time": 31.236,
            "Actual Total Time": 34.749,
            "Actual Rows": 1,
            "Actual Loops": 1,
            "Output": [
                "count(*)"
            ],
            "Plans": [
                {
                    "Node Type": "Gather",
                    "Parent Relationship": "Outer",
                    "Parallel Aware": false,
                    "Startup Cost": 22994.05,
                    "Total Cost": 22994.36,
                    "Plan Rows": 3,
                    "Plan Width": 8,
                    "Actual Startup Time": 31.069,
                    "Actual Total Time": 34.743,
                    "Actual Rows": 4,
                    "Actual Loops": 1,
                    "Output": [
                        "(PARTIAL count(*))"
                    ],
                    "Workers Planned": 3,
                    "Workers Launched": 3,
                    "Single Copy": false,
                    "Plans": [
                        {
                            "Node Type": "Aggregate",
                            "Strategy": "Plain",
                            "Partial Mode": "Partial",
                            "Parent Relationship": "Outer",
                            "Parallel Aware": false,
                            "Startup Cost": 21994.05,
                            "Total Cost": 21994.06,
                            "Plan Rows": 1,
                            "Plan Width": 8,
                            "Actual Startup Time": 22.446,
                            "Actual Total Time": 22.447,
                            "Actual Rows": 1,
                            "Actual Loops": 4,
                            "Output": [
                                "PARTIAL count(*)"
                            ],
                            "Workers": [
                                {
                                    "Worker Number": 0,
                                    "Actual Startup Time": 19.289,
                                    "Actual Total Time": 19.291,
                                    "Actual Rows": 1,
                                    "Actual Loops": 1
                                },
                                {
                                    "Worker Number": 1,
                                    "Actual Startup Time": 19.651,
                                    "Actual Total Time": 19.652,
                                    "Actual Rows": 1,
                                    "Actual Loops": 1
                                },
                                {
                                    "Worker Number": 2,
                                    "Actual Startup Time": 20.016,
                                    "Actual Total Time": 20.017,
                                    "Actual Rows": 1,
                                    "Actual Loops": 1
                                }
                            ],
                            "Plans": [
                                {
                                    "Node Type": "Bitmap Heap Scan",
                                    "Parent Relationship": "Outer",
                                    "Parallel Aware": true,
                                    "Relation Name": "movie_companies",
                                    "Schema": "public",
                                    "Alias": "mc",
                                    "Startup Cost": 2576.38,
                                    "Total Cost": 21944.9,
                                    "Plan Rows": 19663,
                                    "Plan Width": 0,
                                    "Actual Startup Time": 1.705,
                                    "Actual Total Time": 20.277,
                                    "Actual Rows": 30585,
                                    "Actual Loops": 4,
                                    "Recheck Cond": "(mc.company_id > 145082)",
                                    "Rows Removed by Index Recheck": 0,
                                    "Filter": "(mc.company_type_id = 2)",
                                    "Rows Removed by Filter": 0,
                                    "Exact Heap Blocks": 2435,
                                    "Lossy Heap Blocks": 0,
                                    "Workers": [
                                        {
                                            "Worker Number": 0,
                                            "Actual Startup Time": 0.174,
                                            "Actual Total Time": 17.718,
                                            "Actual Rows": 12426,
                                            "Actual Loops": 1
                                        },
                                        {
                                            "Worker Number": 1,
                                            "Actual Startup Time": 0.182,
                                            "Actual Total Time": 18.058,
                                            "Actual Rows": 12249,
                                            "Actual Loops": 1
                                        },
                                        {
                                            "Worker Number": 2,
                                            "Actual Startup Time": 0.159,
                                            "Actual Total Time": 18.341,
                                            "Actual Rows": 13758,
                                            "Actual Loops": 1
                                        }
                                    ],
                                    "Plans": [
                                        {
                                            "Node Type": "Bitmap Index Scan",
                                            "Parent Relationship": "Outer",
                                            "Parallel Aware": false,
                                            "Index Name": "company_id_movie_companies",
                                            "Startup Cost": 0.0,
                                            "Total Cost": 2561.14,
                                            "Plan Rows": 119561,
                                            "Plan Width": 0,
                                            "Actual Startup Time": 5.645,
                                            "Actual Total Time": 5.646,
                                            "Actual Rows": 122339,
                                            "Actual Loops": 1,
                                            "Index Cond": "(mc.company_id > 145082)"
                                        }
                                    ]
                                }
                            ]
                        }
                    ]
                }
            ]
        },
        "Planning Time": 186.127,
        "Triggers": [],
        "Execution Time": 34.802
    }
]