[
  {
    "Plan": {
      "Node Type": "Aggregate",
      "Strategy": "Plain",
      "Partial Mode": "Finalize",
      "Parallel Aware": false,
      "Startup Cost": 451464.6,
      "Total Cost": 451464.61,
      "Plan Rows": 1,
      "Plan Width": 8,
      "Actual Startup Time": 1477.547,
      "Actual Total Time": 1539.812,
      "Actual Rows": 1,
      "Actual Loops": 1,
      "Plans": [
        {
          "Node Type": "Gather",
          "Parent Relationship": "Outer",
          "Parallel Aware": false,
          "Startup Cost": 451463.97,
          "Total Cost": 451464.58,
          "Plan Rows": 6,
          "Plan Width": 8,
          "Actual Startup Time": 1471.812,
          "Actual Total Time": 1539.793,
          "Actual Rows": 7,
          "Actual Loops": 1,
          "Workers Planned": 6,
          "Workers Launched": 6,
          "Single Copy": false,
          "Plans": [
            {
              "Node Type": "Aggregate",
              "Strategy": "Plain",
              "Partial Mode": "Partial",
              "Parent Relationship": "Outer",
              "Parallel Aware": false,
              "Startup Cost": 450463.97,
              "Total Cost": 450463.98,
              "Plan Rows": 1,
              "Plan Width": 8,
              "Actual Startup Time": 1462.582,
              "Actual Total Time": 1462.67,
              "Actual Rows": 1,
              "Actual Loops": 7,
              "Plans": [
                {
                  "Node Type": "Hash Join",
                  "Parent Relationship": "Outer",
                  "Parallel Aware": true,
                  "Join Type": "Inner",
                  "Startup Cost": 96606.12,
                  "Total Cost": 446584.79,
                  "Plan Rows": 1551671,
                  "Plan Width": 0,
                  "Actual Startup Time": 285.569,
                  "Actual Total Time": 1424.248,
                  "Actual Rows": 864252,
                  "Actual Loops": 7,
                  "Inner Unique": false,
                  "Hash Cond": "(ci.movie_id = t.id)",
                  "Plans": [
                    {
                      "Node Type": "Seq Scan",
                      "Parent Relationship": "Outer",
                      "Parallel Aware": true,
                      "Relation Name": "cast_info",
                      "Alias": "ci",
                      "Startup Cost": 0.0,
                      "Total Cost": 328211.39,
                      "Plan Rows": 4469836,
                      "Plan Width": 4,
                      "Actual Startup Time": 0.055,
                      "Actual Total Time": 677.872,
                      "Actual Rows": 3837092,
                      "Actual Loops": 7,
                      "Filter": "(role_id < 5)",
                      "Rows Removed by Filter": 1340672
                    },
                    {
                      "Node Type": "Hash",
                      "Parent Relationship": "Inner",
                      "Parallel Aware": true,
                      "Startup Cost": 93066.9,
                      "Total Cost": 93066.9,
                      "Plan Rows": 283137,
                      "Plan Width": 8,
                      "Actual Startup Time": 282.383,
                      "Actual Total Time": 282.468,
                      "Actual Rows": 31583,
                      "Actual Loops": 7,
                      "Hash Buckets": 1048576,
                      "Original Hash Buckets": 1048576,
                      "Hash Batches": 1,
                      "Original Hash Batches": 1,
                      "Peak Memory Usage": 16992,
                      "Plans": [
                        {
                          "Node Type": "Hash Join",
                          "Parent Relationship": "Outer",
                          "Parallel Aware": true,
                          "Join Type": "Inner",
                          "Startup Cost": 47594.42,
                          "Total Cost": 93066.9,
                          "Plan Rows": 283137,
                          "Plan Width": 8,
                          "Actual Startup Time": 140.241,
                          "Actual Total Time": 266.127,
                          "Actual Rows": 31583,
                          "Actual Loops": 7,
                          "Inner Unique": true,
                          "Hash Cond": "(mk.movie_id = t.id)",
                          "Plans": [
                            {
                              "Node Type": "Seq Scan",
                              "Parent Relationship": "Outer",
                              "Parallel Aware": true,
                              "Relation Name": "movie_keyword",
                              "Alias": "mk",
                              "Startup Cost": 0.0,
                              "Total Cost": 42695.65,
                              "Plan Rows": 1057839,
                              "Plan Width": 4,
                              "Actual Startup Time": 0.036,
                              "Actual Total Time": 72.902,
                              "Actual Rows": 467946,
                              "Actual Loops": 7,
                              "Filter": "(keyword_id < 14465)",
                              "Rows Removed by Filter": 178330
                            },
                            {
                              "Node Type": "Hash",
                              "Parent Relationship": "Inner",
                              "Parallel Aware": true,
                              "Startup Cost": 45479.59,
                              "Total Cost": 45479.59,
                              "Plan Rows": 169187,
                              "Plan Width": 4,
                              "Actual Startup Time": 138.559,
                              "Actual Total Time": 138.56,
                              "Actual Rows": 105668,
                              "Actual Loops": 7,
                              "Hash Buckets": 1048576,
                              "Original Hash Buckets": 1048576,
                              "Hash Batches": 1,
                              "Original Hash Batches": 1,
                              "Peak Memory Usage": 37216,
                              "Plans": [
                                {
                                  "Node Type": "Seq Scan",
                                  "Parent Relationship": "Outer",
                                  "Parallel Aware": true,
                                  "Relation Name": "title",
                                  "Alias": "t",
                                  "Startup Cost": 0.0,
                                  "Total Cost": 45479.59,
                                  "Plan Rows": 169187,
                                  "Plan Width": 4,
                                  "Actual Startup Time": 0.05,
                                  "Actual Total Time": 80.595,
                                  "Actual Rows": 105668,
                                  "Actual Loops": 7,
                                  "Filter": "((production_year > 2004) AND (kind_id = 7))",
                                  "Rows Removed by Filter": 255519
                                }
                              ]
                            }
                          ]
                        }
                      ]
                    }
                  ]
                }
              ]
            }
          ]
        }
      ]
    },
    "Planning Time": 0.777,
    "Triggers": [],
    "Execution Time": 1539.893
  }
]