[
  {
    "Plan": {
      "Node Type": "Aggregate",
      "Strategy": "Plain",
      "Partial Mode": "Finalize",
      "Parallel Aware": false,
      "Startup Cost": 33464.81,
      "Total Cost": 33464.82,
      "Plan Rows": 1,
      "Plan Width": 8,
      "Actual Startup Time": 118.354,
      "Actual Total Time": 124.788,
      "Actual Rows": 1,
      "Actual Loops": 1,
      "Plans": [
        {
          "Node Type": "Gather",
          "Parent Relationship": "Outer",
          "Parallel Aware": false,
          "Startup Cost": 33464.49,
          "Total Cost": 33464.8,
          "Plan Rows": 3,
          "Plan Width": 8,
          "Actual Startup Time": 118.256,
          "Actual Total Time": 124.78,
          "Actual Rows": 4,
          "Actual Loops": 1,
          "Workers Planned": 3,
          "Workers Launched": 3,
          "Single Copy": false,
          "Plans": [
            {
              "Node Type": "Aggregate",
              "Strategy": "Plain",
              "Partial Mode": "Partial",
              "Parent Relationship": "Outer",
              "Parallel Aware": false,
              "Startup Cost": 32464.49,
              "Total Cost": 32464.5,
              "Plan Rows": 1,
              "Plan Width": 8,
              "Actual Startup Time": 110.725,
              "Actual Total Time": 110.726,
              "Actual Rows": 1,
              "Actual Loops": 4,
              "Plans": [
                {
                  "Node Type": "Seq Scan",
                  "Parent Relationship": "Outer",
                  "Parallel Aware": true,
                  "Relation Name": "movie_companies",
                  "Alias": "mc",
                  "Startup Cost": 0.0,
                  "Total Cost": 31414.82,
                  "Plan Rows": 419869,
                  "Plan Width": 0,
                  "Actual Startup Time": 53.261,
                  "Actual Total Time": 95.588,
                  "Actual Rows": 322996,
                  "Actual Loops": 4,
                  "Filter": "((company_id < 197092) AND (company_type_id > 1))",
                  "Rows Removed by Filter": 329286
                }
              ]
            }
          ]
        }
      ]
    },
    "Planning Time": 0.188,
    "Triggers": [],
    "Execution Time": 124.863
  }
]