[
  {
    "Plan": {
      "Node Type": "Aggregate",
      "Strategy": "Plain",
      "Partial Mode": "Finalize",
      "Parallel Aware": false,
      "Startup Cost": 286457.55,
      "Total Cost": 286457.56,
      "Plan Rows": 1,
      "Plan Width": 8,
      "Actual Startup Time": 137.29,
      "Actual Total Time": 148.124,
      "Actual Rows": 1,
      "Actual Loops": 1,
      "Plans": [
        {
          "Node Type": "Gather",
          "Parent Relationship": "Outer",
          "Parallel Aware": false,
          "Startup Cost": 286456.93,
          "Total Cost": 286457.54,
          "Plan Rows": 6,
          "Plan Width": 8,
          "Actual Startup Time": 136.819,
          "Actual Total Time": 148.112,
          "Actual Rows": 7,
          "Actual Loops": 1,
          "Workers Planned": 6,
          "Workers Launched": 6,
          "Single Copy": false,
          "Plans": [
            {
              "Node Type": "Aggregate",
              "Strategy": "Plain",
              "Partial Mode": "Partial",
              "Parent Relationship": "Outer",
              "Parallel Aware": false,
              "Startup Cost": 285456.93,
              "Total Cost": 285456.94,
              "Plan Rows": 1,
              "Plan Width": 8,
              "Actual Startup Time": 128.25,
              "Actual Total Time": 128.252,
              "Actual Rows": 1,
              "Actual Loops": 7,
              "Plans": [
                {
                  "Node Type": "Bitmap Heap Scan",
                  "Parent Relationship": "Outer",
                  "Parallel Aware": true,
                  "Relation Name": "cast_info",
                  "Alias": "ci",
                  "Startup Cost": 29436.91,
                  "Total Cost": 284901.42,
                  "Plan Rows": 222201,
                  "Plan Width": 0,
                  "Actual Startup Time": 42.563,
                  "Actual Total Time": 115.813,
                  "Actual Rows": 180414,
                  "Actual Loops": 7,
                  "Recheck Cond": "(person_id > 3817170)",
                  "Rows Removed by Index Recheck": 0,
                  "Exact Heap Blocks": 4992,
                  "Lossy Heap Blocks": 0,
                  "Plans": [
                    {
                      "Node Type": "Bitmap Index Scan",
                      "Parent Relationship": "Outer",
                      "Parallel Aware": false,
                      "Index Name": "person_id_cast_info",
                      "Startup Cost": 0.0,
                      "Total Cost": 29103.61,
                      "Plan Rows": 1333206,
                      "Plan Width": 0,
                      "Actual Startup Time": 47.482,
                      "Actual Total Time": 47.483,
                      "Actual Rows": 1262895,
                      "Actual Loops": 1,
                      "Index Cond": "(person_id > 3817170)"
                    }
                  ]
                }
              ]
            }
          ]
        }
      ]
    },
    "Planning Time": 0.078,
    "Triggers": [],
    "Execution Time": 148.161
  }
]