[
  {
    "Plan": {
      "Node Type": "Aggregate",
      "Strategy": "Plain",
      "Partial Mode": "Finalize",
      "Parallel Aware": false,
      "Startup Cost": 346365.93,
      "Total Cost": 346365.94,
      "Plan Rows": 1,
      "Plan Width": 8,
      "Actual Startup Time": 639.953,
      "Actual Total Time": 697.751,
      "Actual Rows": 1,
      "Actual Loops": 1,
      "Plans": [
        {
          "Node Type": "Gather",
          "Parent Relationship": "Outer",
          "Parallel Aware": false,
          "Startup Cost": 346365.3,
          "Total Cost": 346365.91,
          "Plan Rows": 6,
          "Plan Width": 8,
          "Actual Startup Time": 639.839,
          "Actual Total Time": 697.741,
          "Actual Rows": 7,
          "Actual Loops": 1,
          "Workers Planned": 6,
          "Workers Launched": 6,
          "Single Copy": false,
          "Plans": [
            {
              "Node Type": "Aggregate",
              "Strategy": "Plain",
              "Partial Mode": "Partial",
              "Parent Relationship": "Outer",
              "Parallel Aware": false,
              "Startup Cost": 345365.3,
              "Total Cost": 345365.32,
              "Plan Rows": 1,
              "Plan Width": 8,
              "Actual Startup Time": 631.992,
              "Actual Total Time": 631.994,
              "Actual Rows": 1,
              "Actual Loops": 7,
              "Plans": [
                {
                  "Node Type": "Seq Scan",
                  "Parent Relationship": "Outer",
                  "Parallel Aware": true,
                  "Relation Name": "cast_info",
                  "Alias": "ci",
                  "Startup Cost": 0.0,
                  "Total Cost": 343257.03,
                  "Plan Rows": 843310,
                  "Plan Width": 0,
                  "Actual Startup Time": 0.047,
                  "Actual Total Time": 596.114,
                  "Actual Rows": 813801,
                  "Actual Loops": 7,
                  "Filter": "((person_id < 576934) AND (role_id < 10))",
                  "Rows Removed by Filter": 4363963
                }
              ]
            }
          ]
        }
      ]
    },
    "Planning Time": 0.12,
    "Triggers": [],
    "Execution Time": 697.808
  }
]