[
  {
    "Plan": {
      "Node Type": "Aggregate",
      "Strategy": "Plain",
      "Partial Mode": "Finalize",
      "Parallel Aware": false,
      "Startup Cost": 441830.29,
      "Total Cost": 441830.3,
      "Plan Rows": 1,
      "Plan Width": 8,
      "Actual Startup Time": 2333.763,
      "Actual Total Time": 2399.244,
      "Actual Rows": 1,
      "Actual Loops": 1,
      "Plans": [
        {
          "Node Type": "Gather",
          "Parent Relationship": "Outer",
          "Parallel Aware": false,
          "Startup Cost": 441829.97,
          "Total Cost": 441830.28,
          "Plan Rows": 3,
          "Plan Width": 8,
          "Actual Startup Time": 2314.316,
          "Actual Total Time": 2399.234,
          "Actual Rows": 4,
          "Actual Loops": 1,
          "Workers Planned": 3,
          "Workers Launched": 3,
          "Single Copy": false,
          "Plans": [
            {
              "Node Type": "Aggregate",
              "Strategy": "Plain",
              "Partial Mode": "Partial",
              "Parent Relationship": "Outer",
              "Parallel Aware": false,
              "Startup Cost": 440829.97,
              "Total Cost": 440829.98,
              "Plan Rows": 1,
              "Plan Width": 8,
              "Actual Startup Time": 2295.717,
              "Actual Total Time": 2296.469,
              "Actual Rows": 1,
              "Actual Loops": 4,
              "Plans": [
                {
                  "Node Type": "Hash Join",
                  "Parent Relationship": "Outer",
                  "Parallel Aware": true,
                  "Join Type": "Inner",
                  "Startup Cost": 387338.47,
                  "Total Cost": 435446.95,
                  "Plan Rows": 2153207,
                  "Plan Width": 0,
                  "Actual Startup Time": 1925.532,
                  "Actual Total Time": 2242.693,
                  "Actual Rows": 1345433,
                  "Actual Loops": 4,
                  "Inner Unique": false,
                  "Hash Cond": "(mk.movie_id = t.id)",
                  "Plans": [
                    {
                      "Node Type": "Seq Scan",
                      "Parent Relationship": "Outer",
                      "Parallel Aware": true,
                      "Relation Name": "movie_keyword",
                      "Alias": "mk",
                      "Startup Cost": 0.0,
                      "Total Cost": 39047.32,
                      "Plan Rows": 1459332,
                      "Plan Width": 4,
                      "Actual Startup Time": 0.052,
                      "Actual Total Time": 88.923,
                      "Actual Rows": 1130982,
                      "Actual Loops": 4
                    },
                    {
                      "Node Type": "Hash",
                      "Parent Relationship": "Inner",
                      "Parallel Aware": true,
                      "Startup Cost": 379566.74,
                      "Total Cost": 379566.74,
                      "Plan Rows": 621738,
                      "Plan Width": 8,
                      "Actual Startup Time": 1913.858,
                      "Actual Total Time": 1914.608,
                      "Actual Rows": 876905,
                      "Actual Loops": 4,
                      "Hash Buckets": 4194304,
                      "Original Hash Buckets": 4194304,
                      "Hash Batches": 1,
                      "Original Hash Batches": 1,
                      "Peak Memory Usage": 170048,
                      "Plans": [
                        {
                          "Node Type": "Hash Join",
                          "Parent Relationship": "Outer",
                          "Parallel Aware": true,
                          "Join Type": "Inner",
                          "Startup Cost": 48742.44,
                          "Total Cost": 379566.74,
                          "Plan Rows": 621738,
                          "Plan Width": 8,
                          "Actual Startup Time": 714.539,
                          "Actual Total Time": 1583.579,
                          "Actual Rows": 876905,
                          "Actual Loops": 4,
                          "Inner Unique": true,
                          "Hash Cond": "(ci.movie_id = t.id)",
                          "Plans": [
                            {
                              "Node Type": "Seq Scan",
                              "Parent Relationship": "Outer",
                              "Parallel Aware": true,
                              "Relation Name": "cast_info",
                              "Alias": "ci",
                              "Startup Cost": 0.0,
                              "Total Cost": 328162.03,
                              "Plan Rows": 1014200,
                              "Plan Width": 4,
                              "Actual Startup Time": 467.792,
                              "Actual Total Time": 762.166,
                              "Actual Rows": 1474522,
                              "Actual Loops": 4,
                              "Filter": "(person_id > 3054513)",
                              "Rows Removed by Filter": 7586564
                            },
                            {
                              "Node Type": "Hash",
                              "Parent Relationship": "Inner",
                              "Parallel Aware": true,
                              "Startup Cost": 43898.92,
                              "Total Cost": 43898.92,
                              "Plan Rows": 387482,
                              "Plan Width": 4,
                              "Actual Startup Time": 243.46,
                              "Actual Total Time": 243.462,
                              "Actual Rows": 388966,
                              "Actual Loops": 4,
                              "Hash Buckets": 2097152,
                              "Original Hash Buckets": 2097152,
                              "Hash Batches": 1,
                              "Original Hash Batches": 1,
                              "Peak Memory Usage": 77312,
                              "Plans": [
                                {
                                  "Node Type": "Seq Scan",
                                  "Parent Relationship": "Outer",
                                  "Parallel Aware": true,
                                  "Relation Name": "title",
                                  "Alias": "t",
                                  "Startup Cost": 0.0,
                                  "Total Cost": 43898.92,
                                  "Plan Rows": 387482,
                                  "Plan Width": 4,
                                  "Actual Startup Time": 0.037,
                                  "Actual Total Time": 102.976,
                                  "Actual Rows": 388966,
                                  "Actual Loops": 4,
                                  "Filter": "(kind_id > 4)",
                                  "Rows Removed by Filter": 243112
                                }
                              ]
                            }
                          ]
                        }
                      ]
                    }
                  ]
                }
              ]
            }
          ]
        }
      ]
    },
    "Planning Time": 1.187,
    "Triggers": [],
    "Execution Time": 2399.331
  }
]