{
  "Plan": {
    "Node Type": "Aggregate",
    "Strategy": "Plain",
    "Partial Mode": "Finalize",
    "Parallel Aware": false,
    "Startup Cost": 2539335.22,
    "Total Cost": 2539335.23,
    "Plan Rows": 1,
    "Plan Width": 8,
    "Actual Startup Time": 20578.948,
    "Actual Total Time": 20665.087,
    "Actual Rows": 1,
    "Actual Loops": 1,
    "Plans": [
      {
        "Node Type": "Gather",
        "Parent Relationship": "Outer",
        "Parallel Aware": false,
        "Startup Cost": 2539335.11,
        "Total Cost": 2539335.22,
        "Plan Rows": 1,
        "Plan Width": 8,
        "Actual Startup Time": 20578.205,
        "Actual Total Time": 20665.078,
        "Actual Rows": 2,
        "Actual Loops": 1,
        "Workers Planned": 1,
        "Workers Launched": 1,
        "Single Copy": false,
        "Plans": [
          {
            "Node Type": "Aggregate",
            "Strategy": "Plain",
            "Partial Mode": "Partial",
            "Parent Relationship": "Outer",
            "Parallel Aware": false,
            "Startup Cost": 2538335.11,
            "Total Cost": 2538335.12,
            "Plan Rows": 1,
            "Plan Width": 8,
            "Actual Startup Time": 20571.907,
            "Actual Total Time": 20571.91,
            "Actual Rows": 1,
            "Actual Loops": 2,
            "Plans": [
              {
                "Node Type": "Merge Join",
                "Parent Relationship": "Outer",
                "Parallel Aware": false,
                "Join Type": "Inner",
                "Startup Cost": 163092.9,
                "Total Cost": 2536112.9,
                "Plan Rows": 888881,
                "Plan Width": 0,
                "Actual Startup Time": 624.504,
                "Actual Total Time": 20295.661,
                "Actual Rows": 6307991,
                "Actual Loops": 2,
                "Inner Unique": false,
                "Merge Cond": "(t.id = mi.movie_id)",
                "Plans": [
                  {
                    "Node Type": "Merge Join",
                    "Parent Relationship": "Outer",
                    "Parallel Aware": false,
                    "Join Type": "Inner",
                    "Startup Cost": 42.96,
                    "Total Cost": 2308280.59,
                    "Plan Rows": 21310595,
                    "Plan Width": 8,
                    "Actual Startup Time": 0.364,
                    "Actual Total Time": 18702.262,
                    "Actual Rows": 18119776,
                    "Actual Loops": 2,
                    "Inner Unique": true,
                    "Merge Cond": "(ci.movie_id = t.id)",
                    "Plans": [
                      {
                        "Node Type": "Index Only Scan",
                        "Parent Relationship": "Outer",
                        "Parallel Aware": true,
                        "Scan Direction": "Forward",
                        "Index Name": "movie_id_cast_info",
                        "Relation Name": "cast_info",
                        "Alias": "ci",
                        "Startup Cost": 0.56,
                        "Total Cost": 1925345.15,
                        "Plan Rows": 21310595,
                        "Plan Width": 4,
                        "Actual Startup Time": 0.109,
                        "Actual Total Time": 14935.931,
                        "Actual Rows": 18119776,
                        "Actual Loops": 2,
                        "Heap Fetches": 36239553
                      },
                      {
                        "Node Type": "Index Only Scan",
                        "Parent Relationship": "Inner",
                        "Parallel Aware": false,
                        "Scan Direction": "Forward",
                        "Index Name": "title_pkey",
                        "Relation Name": "title",
                        "Alias": "t",
                        "Startup Cost": 0.43,
                        "Total Cost": 110339.97,
                        "Plan Rows": 2528293,
                        "Plan Width": 4,
                        "Actual Startup Time": 0.137,
                        "Actual Total Time": 1827.789,
                        "Actual Rows": 2525572,
                        "Actual Loops": 2,
                        "Heap Fetches": 5051145
                      }
                    ]
                  },
                  {
                    "Node Type": "Sort",
                    "Parent Relationship": "Inner",
                    "Parallel Aware": false,
                    "Startup Cost": 163002.28,
                    "Total Cost": 163265.93,
                    "Plan Rows": 105457,
                    "Plan Width": 4,
                    "Actual Startup Time": 61.966,
                    "Actual Total Time": 278.685,
                    "Actual Rows": 6362046,
                    "Actual Loops": 2,
                    "Sort Key": [
                      "mi.movie_id"
                    ],
                    "Sort Method": "quicksort",
                    "Sort Space Used": 8183,
                    "Sort Space Type": "Memory",
                    "Workers": [
                      {
                        "Worker Number": 0,
                        "Sort Method": "quicksort",
                        "Sort Space Used": 8183,
                        "Sort Space Type": "Memory"
                      }
                    ],
                    "Plans": [
                      {
                        "Node Type": "Bitmap Heap Scan",
                        "Parent Relationship": "Outer",
                        "Parallel Aware": false,
                        "Relation Name": "movie_info",
                        "Alias": "mi",
                        "Startup Cost": 1913.73,
                        "Total Cost": 154203.85,
                        "Plan Rows": 105457,
                        "Plan Width": 4,
                        "Actual Startup Time": 14.118,
                        "Actual Total Time": 40.148,
                        "Actual Rows": 109034,
                        "Actual Loops": 2,
                        "Recheck Cond": "(info_type_id = 106)",
                        "Rows Removed by Index Recheck": 0,
                        "Exact Heap Blocks": 4360,
                        "Lossy Heap Blocks": 0,
                        "Plans": [
                          {
                            "Node Type": "Bitmap Index Scan",
                            "Parent Relationship": "Outer",
                            "Parallel Aware": false,
                            "Index Name": "info_type_id_movie_info",
                            "Startup Cost": 0.0,
                            "Total Cost": 1887.36,
                            "Plan Rows": 105457,
                            "Plan Width": 0,
                            "Actual Startup Time": 12.823,
                            "Actual Total Time": 12.823,
                            "Actual Rows": 109034,
                            "Actual Loops": 2,
                            "Index Cond": "(info_type_id = 106)"
                          }
                        ]
                      }
                    ]
                  }
                ]
              }
            ]
          }
        ]
      }
    ]
  },
  "Planning Time": 1.098,
  "Triggers": [],
  "Execution Time": 20665.235
}