{
  "Plan": {
    "Node Type": "Aggregate",
    "Strategy": "Plain",
    "Partial Mode": "Simple",
    "Parallel Aware": false,
    "Startup Cost": 20000661971.27,
    "Total Cost": 20000661971.28,
    "Plan Rows": 1,
    "Plan Width": 96,
    "Actual Startup Time": 72081.393,
    "Actual Total Time": 72097.889,
    "Actual Rows": 1,
    "Actual Loops": 1,
    "Plans": [
      {
        "Node Type": "Nested Loop",
        "Parent Relationship": "Outer",
        "Parallel Aware": false,
        "Join Type": "Inner",
        "Startup Cost": 20000643306.05,
        "Total Cost": 20000661971.26,
        "Plan Rows": 1,
        "Plan Width": 42,
        "Actual Startup Time": 71723.451,
        "Actual Total Time": 72097.828,
        "Actual Rows": 109,
        "Actual Loops": 1,
        "Inner Unique": true,
        "Plans": [
          {
            "Node Type": "Hash Join",
            "Parent Relationship": "Outer",
            "Parallel Aware": false,
            "Join Type": "Inner",
            "Startup Cost": 20000643305.91,
            "Total Cost": 20000661971.08,
            "Plan Rows": 1,
            "Plan Width": 46,
            "Actual Startup Time": 71723.392,
            "Actual Total Time": 72097.501,
            "Actual Rows": 163,
            "Actual Loops": 1,
            "Inner Unique": false,
            "Hash Cond": "(mi_idx.movie_id = t.id)",
            "Plans": [
              {
                "Node Type": "Nested Loop",
                "Parent Relationship": "Outer",
                "Parallel Aware": false,
                "Join Type": "Inner",
                "Startup Cost": 131807.34,
                "Total Cost": 150466.33,
                "Plan Rows": 1648,
                "Plan Width": 33,
                "Actual Startup Time": 800.858,
                "Actual Total Time": 1165.672,
                "Actual Rows": 178762,
                "Actual Loops": 1,
                "Inner Unique": false,
                "Join Filter": "(mi_idx.info_type_id = it2.id)",
                "Rows Removed by Join Filter": 353846,
                "Plans": [
                  {
                    "Node Type": "Seq Scan",
                    "Parent Relationship": "Outer",
                    "Parallel Aware": false,
                    "Relation Name": "info_type",
                    "Alias": "it2",
                    "Startup Cost": 0.0,
                    "Total Cost": 2.41,
                    "Plan Rows": 1,
                    "Plan Width": 4,
                    "Actual Startup Time": 0.018,
                    "Actual Total Time": 0.023,
                    "Actual Rows": 1,
                    "Actual Loops": 1,
                    "Filter": "((info)::text = 'rating'::text)",
                    "Rows Removed by Filter": 112
                  },
                  {
                    "Node Type": "Merge Join",
                    "Parent Relationship": "Inner",
                    "Parallel Aware": false,
                    "Join Type": "Inner",
                    "Startup Cost": 131807.34,
                    "Total Cost": 148135.59,
                    "Plan Rows": 186266,
                    "Plan Width": 37,
                    "Actual Startup Time": 800.835,
                    "Actual Total Time": 1133.666,
                    "Actual Rows": 532608,
                    "Actual Loops": 1,
                    "Inner Unique": false,
                    "Merge Cond": "(cn.id = mc.company_id)",
                    "Plans": [
                      {
                        "Node Type": "Index Scan",
                        "Parent Relationship": "Outer",
                        "Parallel Aware": false,
                        "Scan Direction": "Forward",
                        "Index Name": "company_name_pkey",
                        "Relation Name": "company_name",
                        "Alias": "cn",
                        "Startup Cost": 0.42,
                        "Total Cost": 12469.43,
                        "Plan Rows": 125473,
                        "Plan Width": 23,
                        "Actual Startup Time": 0.086,
                        "Actual Total Time": 120.779,
                        "Actual Rows": 125685,
                        "Actual Loops": 1,
                        "Filter": "((country_code)::text <> '[us]'::text)",
                        "Rows Removed by Filter": 108601
                      },
                      {
                        "Node Type": "Sort",
                        "Parent Relationship": "Inner",
                        "Parallel Aware": false,
                        "Startup Cost": 131753.59,
                        "Total Cost": 132625.73,
                        "Plan Rows": 348856,
                        "Plan Width": 22,
                        "Actual Startup Time": 800.591,
                        "Actual Total Time": 916.005,
                        "Actual Rows": 607841,
                        "Actual Loops": 1,
                        "Sort Key": [
                          "mc.company_id"
                        ],
                        "Sort Method": "quicksort",
                        "Sort Space Used": 72064,
                        "Sort Space Type": "Memory",
                        "Plans": [
                          {
                            "Node Type": "Hash Join",
                            "Parent Relationship": "Outer",
                            "Parallel Aware": false,
                            "Join Type": "Inner",
                            "Startup Cost": 94403.54,
                            "Total Cost": 99637.43,
                            "Plan Rows": 348856,
                            "Plan Width": 22,
                            "Actual Startup Time": 567.652,
                            "Actual Total Time": 647.331,
                            "Actual Rows": 607841,
                            "Actual Loops": 1,
                            "Inner Unique": false,
                            "Hash Cond": "(ct.id = mc.company_type_id)",
                            "Plans": [
                              {
                                "Node Type": "Seq Scan",
                                "Parent Relationship": "Outer",
                                "Parallel Aware": false,
                                "Relation Name": "company_type",
                                "Alias": "ct",
                                "Startup Cost": 0.0,
                                "Total Cost": 1.04,
                                "Plan Rows": 4,
                                "Plan Width": 4,
                                "Actual Startup Time": 0.006,
                                "Actual Total Time": 0.012,
                                "Actual Rows": 4,
                                "Actual Loops": 1
                              },
                              {
                                "Node Type": "Hash",
                                "Parent Relationship": "Inner",
                                "Parallel Aware": false,
                                "Startup Cost": 90042.84,
                                "Total Cost": 90042.84,
                                "Plan Rows": 348856,
                                "Plan Width": 26,
                                "Actual Startup Time": 564.952,
                                "Actual Total Time": 578.292,
                                "Actual Rows": 607841,
                                "Actual Loops": 1,
                                "Hash Buckets": 1048576,
                                "Original Hash Buckets": 524288,
                                "Hash Batches": 1,
                                "Original Hash Batches": 1,
                                "Peak Memory Usage": 43377,
                                "Plans": [
                                  {
                                    "Node Type": "Gather",
                                    "Parent Relationship": "Outer",
                                    "Parallel Aware": false,
                                    "Startup Cost": 23109.43,
                                    "Total Cost": 90042.84,
                                    "Plan Rows": 348856,
                                    "Plan Width": 26,
                                    "Actual Startup Time": 243.56,
                                    "Actual Total Time": 463.58,
                                    "Actual Rows": 607841,
                                    "Actual Loops": 1,
                                    "Workers Planned": 3,
                                    "Workers Launched": 3,
                                    "Single Copy": false,
                                    "Plans": [
                                      {
                                        "Node Type": "Hash Join",
                                        "Parent Relationship": "Outer",
                                        "Parallel Aware": true,
                                        "Join Type": "Inner",
                                        "Startup Cost": 22109.43,
                                        "Total Cost": 54157.24,
                                        "Plan Rows": 112534,
                                        "Plan Width": 26,
                                        "Actual Startup Time": 232.152,
                                        "Actual Total Time": 416.761,
                                        "Actual Rows": 151960,
                                        "Actual Loops": 4,
                                        "Inner Unique": false,
                                        "Hash Cond": "(mc.movie_id = mi_idx.movie_id)",
                                        "Plans": [
                                          {
                                            "Node Type": "Seq Scan",
                                            "Parent Relationship": "Outer",
                                            "Parallel Aware": true,
                                            "Relation Name": "movie_companies",
                                            "Alias": "mc",
                                            "Startup Cost": 0.0,
                                            "Total Cost": 31414.82,
                                            "Plan Rows": 43760,
                                            "Plan Width": 12,
                                            "Actual Startup Time": 0.036,
                                            "Actual Total Time": 131.956,
                                            "Actual Rows": 75818,
                                            "Actual Loops": 4,
                                            "Filter": "((note !~~ '%(USA)%'::text) AND (note ~~ '%(200%)%'::text))",
                                            "Rows Removed by Filter": 576464
                                          },
                                          {
                                            "Node Type": "Hash",
                                            "Parent Relationship": "Inner",
                                            "Parallel Aware": true,
                                            "Startup Cost": 15122.68,
                                            "Total Cost": 15122.68,
                                            "Plan Rows": 558940,
                                            "Plan Width": 14,
                                            "Actual Startup Time": 225.926,
                                            "Actual Total Time": 225.927,
                                            "Actual Rows": 334408,
                                            "Actual Loops": 4,
                                            "Hash Buckets": 2097152,
                                            "Original Hash Buckets": 2097152,
                                            "Hash Batches": 1,
                                            "Original Hash Batches": 1,
                                            "Peak Memory Usage": 82848,
                                            "Plans": [
                                              {
                                                "Node Type": "Seq Scan",
                                                "Parent Relationship": "Outer",
                                                "Parallel Aware": true,
                                                "Relation Name": "movie_info_idx",
                                                "Alias": "mi_idx",
                                                "Startup Cost": 0.0,
                                                "Total Cost": 15122.68,
                                                "Plan Rows": 558940,
                                                "Plan Width": 14,
                                                "Actual Startup Time": 0.064,
                                                "Actual Total Time": 79.028,
                                                "Actual Rows": 334408,
                                                "Actual Loops": 4,
                                                "Filter": "(info < '8.5'::text)",
                                                "Rows Removed by Filter": 10600
                                              }
                                            ]
                                          }
                                        ]
                                      }
                                    ]
                                  }
                                ]
                              }
                            ]
                          }
                        ]
                      }
                    ]
                  }
                ]
              },
              {
                "Node Type": "Hash",
                "Parent Relationship": "Inner",
                "Parallel Aware": false,
                "Startup Cost": 20000511498.55,
                "Total Cost": 20000511498.55,
                "Plan Rows": 1,
                "Plan Width": 37,
                "Actual Startup Time": 70916.252,
                "Actual Total Time": 70919.398,
                "Actual Rows": 1180,
                "Actual Loops": 1,
                "Hash Buckets": 2048,
                "Original Hash Buckets": 1024,
                "Hash Batches": 1,
                "Original Hash Batches": 1,
                "Peak Memory Usage": 99,
                "Plans": [
                  {
                    "Node Type": "Nested Loop",
                    "Parent Relationship": "Outer",
                    "Parallel Aware": false,
                    "Join Type": "Inner",
                    "Startup Cost": 20000049558.94,
                    "Total Cost": 20000511498.55,
                    "Plan Rows": 1,
                    "Plan Width": 37,
                    "Actual Startup Time": 1353.203,
                    "Actual Total Time": 70914.745,
                    "Actual Rows": 1180,
                    "Actual Loops": 1,
                    "Inner Unique": false,
                    "Join Filter": "(t.id = mk.movie_id)",
                    "Rows Removed by Join Filter": 789079732,
                    "Plans": [
                      {
                        "Node Type": "Nested Loop",
                        "Parent Relationship": "Outer",
                        "Parallel Aware": false,
                        "Join Type": "Inner",
                        "Startup Cost": 10000003912.0,
                        "Total Cost": 10000224702.98,
                        "Plan Rows": 12,
                        "Plan Width": 8,
                        "Actual Startup Time": 64.74,
                        "Actual Total Time": 1415.875,
                        "Actual Rows": 6704,
                        "Actual Loops": 1,
                        "Inner Unique": true,
                        "Join Filter": "(mk.keyword_id = k.id)",
                        "Rows Removed by Join Filter": 2071781,
                        "Plans": [
                          {
                            "Node Type": "Merge Join",
                            "Parent Relationship": "Outer",
                            "Parallel Aware": false,
                            "Join Type": "Inner",
                            "Startup Cost": 3912.0,
                            "Total Cost": 198238.99,
                            "Plan Rows": 391709,
                            "Plan Width": 12,
                            "Actual Startup Time": 44.341,
                            "Actual Total Time": 1140.625,
                            "Actual Rows": 694381,
                            "Actual Loops": 1,
                            "Inner Unique": false,
                            "Merge Cond": "(mk.movie_id = cc.movie_id)",
                            "Plans": [
                              {
                                "Node Type": "Index Scan",
                                "Parent Relationship": "Outer",
                                "Parallel Aware": false,
                                "Scan Direction": "Forward",
                                "Index Name": "movie_id_movie_keyword",
                                "Relation Name": "movie_keyword",
                                "Alias": "mk",
                                "Startup Cost": 0.43,
                                "Total Cost": 177148.48,
                                "Plan Rows": 4523930,
                                "Plan Width": 8,
                                "Actual Startup Time": 0.03,
                                "Actual Total Time": 683.19,
                                "Actual Rows": 4523930,
                                "Actual Loops": 1
                              },
                              {
                                "Node Type": "Sort",
                                "Parent Relationship": "Inner",
                                "Parallel Aware": false,
                                "Startup Cost": 3905.74,
                                "Total Cost": 3926.84,
                                "Plan Rows": 8443,
                                "Plan Width": 4,
                                "Actual Startup Time": 44.267,
                                "Actual Total Time": 80.312,
                                "Actual Rows": 725744,
                                "Actual Loops": 1,
                                "Sort Key": [
                                  "cc.movie_id"
                                ],
                                "Sort Method": "quicksort",
                                "Sort Space Used": 6263,
                                "Sort Space Type": "Memory",
                                "Plans": [
                                  {
                                    "Node Type": "Nested Loop",
                                    "Parent Relationship": "Outer",
                                    "Parallel Aware": false,
                                    "Join Type": "Inner",
                                    "Startup Cost": 0.42,
                                    "Total Cost": 3355.1,
                                    "Plan Rows": 8443,
                                    "Plan Width": 4,
                                    "Actual Startup Time": 0.107,
                                    "Actual Total Time": 28.215,
                                    "Actual Rows": 68062,
                                    "Actual Loops": 1,
                                    "Inner Unique": false,
                                    "Join Filter": "(cc.status_id = cct2.id)",
                                    "Rows Removed by Join Filter": 17879,
                                    "Plans": [
                                      {
                                        "Node Type": "Seq Scan",
                                        "Parent Relationship": "Outer",
                                        "Parallel Aware": false,
                                        "Relation Name": "comp_cast_type",
                                        "Alias": "cct2",
                                        "Startup Cost": 0.0,
                                        "Total Cost": 1.05,
                                        "Plan Rows": 1,
                                        "Plan Width": 4,
                                        "Actual Startup Time": 0.014,
                                        "Actual Total Time": 0.015,
                                        "Actual Rows": 1,
                                        "Actual Loops": 1,
                                        "Filter": "((kind)::text = 'complete'::text)",
                                        "Rows Removed by Filter": 3
                                      },
                                      {
                                        "Node Type": "Nested Loop",
                                        "Parent Relationship": "Inner",
                                        "Parallel Aware": false,
                                        "Join Type": "Inner",
                                        "Startup Cost": 0.42,
                                        "Total Cost": 2931.9,
                                        "Plan Rows": 33772,
                                        "Plan Width": 8,
                                        "Actual Startup Time": 0.088,
                                        "Actual Total Time": 21.598,
                                        "Actual Rows": 85941,
                                        "Actual Loops": 1,
                                        "Inner Unique": false,
                                        "Plans": [
                                          {
                                            "Node Type": "Seq Scan",
                                            "Parent Relationship": "Outer",
                                            "Parallel Aware": false,
                                            "Relation Name": "comp_cast_type",
                                            "Alias": "cct1",
                                            "Startup Cost": 0.0,
                                            "Total Cost": 1.05,
                                            "Plan Rows": 1,
                                            "Plan Width": 4,
                                            "Actual Startup Time": 0.014,
                                            "Actual Total Time": 0.019,
                                            "Actual Rows": 1,
                                            "Actual Loops": 1,
                                            "Filter": "((kind)::text = 'cast'::text)",
                                            "Rows Removed by Filter": 3
                                          },
                                          {
                                            "Node Type": "Index Scan",
                                            "Parent Relationship": "Inner",
                                            "Parallel Aware": false,
                                            "Scan Direction": "Forward",
                                            "Index Name": "subject_id_complete_cast",
                                            "Relation Name": "complete_cast",
                                            "Alias": "cc",
                                            "Startup Cost": 0.42,
                                            "Total Cost": 2255.42,
                                            "Plan Rows": 67543,
                                            "Plan Width": 12,
                                            "Actual Startup Time": 0.07,
                                            "Actual Total Time": 13.632,
                                            "Actual Rows": 85941,
                                            "Actual Loops": 1,
                                            "Index Cond": "(subject_id = cct1.id)",
                                            "Rows Removed by Index Recheck": 0
                                          }
                                        ]
                                      }
                                    ]
                                  }
                                ]
                              }
                            ]
                          },
                          {
                            "Node Type": "Materialize",
                            "Parent Relationship": "Inner",
                            "Parallel Aware": false,
                            "Startup Cost": 0.0,
                            "Total Cost": 2961.57,
                            "Plan Rows": 4,
                            "Plan Width": 4,
                            "Actual Startup Time": 0.0,
                            "Actual Total Time": 0.0,
                            "Actual Rows": 3,
                            "Actual Loops": 694381,
                            "Plans": [
                              {
                                "Node Type": "Seq Scan",
                                "Parent Relationship": "Outer",
                                "Parallel Aware": false,
                                "Relation Name": "keyword",
                                "Alias": "k",
                                "Startup Cost": 0.0,
                                "Total Cost": 2961.55,
                                "Plan Rows": 4,
                                "Plan Width": 4,
                                "Actual Startup Time": 0.938,
                                "Actual Total Time": 18.432,
                                "Actual Rows": 3,
                                "Actual Loops": 1,
                                "Filter": "(keyword = ANY ('{murder,murder-in-title,blood,violence}'::text[]))",
                                "Rows Removed by Filter": 134167
                              }
                            ]
                          }
                        ]
                      },
                      {
                        "Node Type": "Materialize",
                        "Parent Relationship": "Inner",
                        "Parallel Aware": false,
                        "Startup Cost": 45646.94,
                        "Total Cost": 283530.1,
                        "Plan Rows": 18397,
                        "Plan Width": 29,
                        "Actual Startup Time": 0.03,
                        "Actual Total Time": 4.334,
                        "Actual Rows": 117703,
                        "Actual Loops": 6704,
                        "Plans": [
                          {
                            "Node Type": "Nested Loop",
                            "Parent Relationship": "Outer",
                            "Parallel Aware": false,
                            "Join Type": "Inner",
                            "Startup Cost": 45646.94,
                            "Total Cost": 283438.12,
                            "Plan Rows": 18397,
                            "Plan Width": 29,
                            "Actual Startup Time": 200.571,
                            "Actual Total Time": 1078.449,
                            "Actual Rows": 117703,
                            "Actual Loops": 1,
                            "Inner Unique": false,
                            "Join Filter": "(t.kind_id = kt.id)",
                            "Rows Removed by Join Filter": 124647,
                            "Plans": [
                              {
                                "Node Type": "Seq Scan",
                                "Parent Relationship": "Outer",
                                "Parallel Aware": false,
                                "Relation Name": "kind_type",
                                "Alias": "kt",
                                "Startup Cost": 0.0,
                                "Total Cost": 1.09,
                                "Plan Rows": 2,
                                "Plan Width": 4,
                                "Actual Startup Time": 0.016,
                                "Actual Total Time": 0.025,
                                "Actual Rows": 2,
                                "Actual Loops": 1,
                                "Filter": "((kind)::text = ANY ('{movie,episode}'::text[]))",
                                "Rows Removed by Filter": 5
                              },
                              {
                                "Node Type": "Materialize",
                                "Parent Relationship": "Inner",
                                "Parallel Aware": false,
                                "Startup Cost": 45646.94,
                                "Total Cost": 281666.36,
                                "Plan Rows": 64388,
                                "Plan Width": 33,
                                "Actual Startup Time": 94.656,
                                "Actual Total Time": 527.925,
                                "Actual Rows": 121175,
                                "Actual Loops": 2,
                                "Plans": [
                                  {
                                    "Node Type": "Gather",
                                    "Parent Relationship": "Outer",
                                    "Parallel Aware": false,
                                    "Startup Cost": 45646.94,
                                    "Total Cost": 281344.42,
                                    "Plan Rows": 64388,
                                    "Plan Width": 33,
                                    "Actual Startup Time": 189.292,
                                    "Actual Total Time": 1028.452,
                                    "Actual Rows": 121175,
                                    "Actual Loops": 1,
                                    "Workers Planned": 5,
                                    "Workers Launched": 5,
                                    "Single Copy": false,
                                    "Plans": [
                                      {
                                        "Node Type": "Hash Join",
                                        "Parent Relationship": "Outer",
                                        "Parallel Aware": true,
                                        "Join Type": "Inner",
                                        "Startup Cost": 44646.94,
                                        "Total Cost": 273905.62,
                                        "Plan Rows": 12878,
                                        "Plan Width": 33,
                                        "Actual Startup Time": 180.192,
                                        "Actual Total Time": 1060.211,
                                        "Actual Rows": 20196,
                                        "Actual Loops": 6,
                                        "Inner Unique": true,
                                        "Hash Cond": "(mi.movie_id = t.id)",
                                        "Plans": [
                                          {
                                            "Node Type": "Seq Scan",
                                            "Parent Relationship": "Outer",
                                            "Parallel Aware": true,
                                            "Relation Name": "movie_info",
                                            "Alias": "mi",
                                            "Startup Cost": 0.0,
                                            "Total Cost": 228901.28,
                                            "Plan Rows": 136153,
                                            "Plan Width": 8,
                                            "Actual Startup Time": 0.397,
                                            "Actual Total Time": 840.096,
                                            "Actual Rows": 119368,
                                            "Actual Loops": 6,
                                            "Filter": "(info = ANY ('{Sweden,Norway,Germany,Denmark,Swedish,Danish,Norwegian,German,USA,American}'::text[]))",
                                            "Rows Removed by Filter": 2353252
                                          },
                                          {
                                            "Node Type": "Hash",
                                            "Parent Relationship": "Inner",
                                            "Parallel Aware": true,
                                            "Startup Cost": 43899.59,
                                            "Total Cost": 43899.59,
                                            "Plan Rows": 59788,
                                            "Plan Width": 25,
                                            "Actual Startup Time": 176.323,
                                            "Actual Total Time": 176.324,
                                            "Actual Rows": 40233,
                                            "Actual Loops": 6,
                                            "Hash Buckets": 262144,
                                            "Original Hash Buckets": 262144,
                                            "Hash Batches": 1,
                                            "Original Hash Batches": 1,
                                            "Peak Memory Usage": 17056,
                                            "Plans": [
                                              {
                                                "Node Type": "Seq Scan",
                                                "Parent Relationship": "Outer",
                                                "Parallel Aware": true,
                                                "Relation Name": "title",
                                                "Alias": "t",
                                                "Startup Cost": 0.0,
                                                "Total Cost": 43899.59,
                                                "Plan Rows": 59788,
                                                "Plan Width": 25,
                                                "Actual Startup Time": 0.063,
                                                "Actual Total Time": 140.065,
                                                "Actual Rows": 40233,
                                                "Actual Loops": 6,
                                                "Filter": "(production_year < 1960)",
                                                "Rows Removed by Filter": 381152
                                              }
                                            ]
                                          }
                                        ]
                                      }
                                    ]
                                  }
                                ]
                              }
                            ]
                          }
                        ]
                      }
                    ]
                  }
                ]
              }
            ]
          },
          {
            "Node Type": "Index Scan",
            "Parent Relationship": "Inner",
            "Parallel Aware": false,
            "Scan Direction": "Forward",
            "Index Name": "info_type_pkey",
            "Relation Name": "info_type",
            "Alias": "it1",
            "Startup Cost": 0.14,
            "Total Cost": 0.16,
            "Plan Rows": 1,
            "Plan Width": 4,
            "Actual Startup Time": 0.001,
            "Actual Total Time": 0.001,
            "Actual Rows": 1,
            "Actual Loops": 163,
            "Index Cond": "(id = mi.info_type_id)",
            "Rows Removed by Index Recheck": 0,
            "Filter": "((info)::text = 'countries'::text)",
            "Rows Removed by Filter": 0
          }
        ]
      }
    ]
  },
  "Planning Time": 229.162,
  "Triggers": [],
  "Execution Time": 72115.018
}