[
  {
    "Plan": {
      "Node Type": "Aggregate",
      "Strategy": "Plain",
      "Partial Mode": "Finalize",
      "Parallel Aware": false,
      "Startup Cost": 403187.61,
      "Total Cost": 403187.62,
      "Plan Rows": 1,
      "Plan Width": 8,
      "Actual Startup Time": 1260.411,
      "Actual Total Time": 1316.754,
      "Actual Rows": 1,
      "Actual Loops": 1,
      "Plans": [
        {
          "Node Type": "Gather",
          "Parent Relationship": "Outer",
          "Parallel Aware": false,
          "Startup Cost": 403186.98,
          "Total Cost": 403187.59,
          "Plan Rows": 6,
          "Plan Width": 8,
          "Actual Startup Time": 1251.793,
          "Actual Total Time": 1316.718,
          "Actual Rows": 7,
          "Actual Loops": 1,
          "Workers Planned": 6,
          "Workers Launched": 6,
          "Single Copy": false,
          "Plans": [
            {
              "Node Type": "Aggregate",
              "Strategy": "Plain",
              "Partial Mode": "Partial",
              "Parent Relationship": "Outer",
              "Parallel Aware": false,
              "Startup Cost": 402186.98,
              "Total Cost": 402186.99,
              "Plan Rows": 1,
              "Plan Width": 8,
              "Actual Startup Time": 1243.301,
              "Actual Total Time": 1243.575,
              "Actual Rows": 1,
              "Actual Loops": 7,
              "Plans": [
                {
                  "Node Type": "Hash Join",
                  "Parent Relationship": "Outer",
                  "Parallel Aware": true,
                  "Join Type": "Inner",
                  "Startup Cost": 66267.43,
                  "Total Cost": 401633.18,
                  "Plan Rows": 221521,
                  "Plan Width": 0,
                  "Actual Startup Time": 606.219,
                  "Actual Total Time": 1213.548,
                  "Actual Rows": 624749,
                  "Actual Loops": 7,
                  "Inner Unique": false,
                  "Hash Cond": "(ci.movie_id = t.id)",
                  "Plans": [
                    {
                      "Node Type": "Seq Scan",
                      "Parent Relationship": "Outer",
                      "Parallel Aware": true,
                      "Relation Name": "cast_info",
                      "Alias": "ci",
                      "Startup Cost": 0.0,
                      "Total Cost": 328211.39,
                      "Plan Rows": 1661694,
                      "Plan Width": 4,
                      "Actual Startup Time": 333.592,
                      "Actual Total Time": 608.356,
                      "Actual Rows": 1407339,
                      "Actual Loops": 7,
                      "Filter": "(person_id > 2726518)",
                      "Rows Removed by Filter": 3770425
                    },
                    {
                      "Node Type": "Hash",
                      "Parent Relationship": "Inner",
                      "Parallel Aware": true,
                      "Startup Cost": 64511.88,
                      "Total Cost": 64511.88,
                      "Plan Rows": 140444,
                      "Plan Width": 8,
                      "Actual Startup Time": 270.754,
                      "Actual Total Time": 271.027,
                      "Actual Rows": 89491,
                      "Actual Loops": 7,
                      "Hash Buckets": 1048576,
                      "Original Hash Buckets": 524288,
                      "Hash Batches": 1,
                      "Original Hash Batches": 1,
                      "Peak Memory Usage": 36896,
                      "Plans": [
                        {
                          "Node Type": "Hash Join",
                          "Parent Relationship": "Outer",
                          "Parallel Aware": true,
                          "Join Type": "Inner",
                          "Startup Cost": 48387.45,
                          "Total Cost": 64511.88,
                          "Plan Rows": 140444,
                          "Plan Width": 8,
                          "Actual Startup Time": 150.209,
                          "Actual Total Time": 219.875,
                          "Actual Rows": 89491,
                          "Actual Loops": 7,
                          "Inner Unique": true,
                          "Hash Cond": "(mi_idx.movie_id = t.id)",
                          "Plans": [
                            {
                              "Node Type": "Seq Scan",
                              "Parent Relationship": "Outer",
                              "Parallel Aware": true,
                              "Relation Name": "movie_info_idx",
                              "Alias": "mi_idx",
                              "Startup Cost": 0.0,
                              "Total Cost": 15122.68,
                              "Plan Rows": 381618,
                              "Plan Width": 4,
                              "Actual Startup Time": 0.018,
                              "Actual Total Time": 28.509,
                              "Actual Rows": 131407,
                              "Actual Loops": 7,
                              "Filter": "(info_type_id < 101)",
                              "Rows Removed by Filter": 65741
                            },
                            {
                              "Node Type": "Hash",
                              "Parent Relationship": "Inner",
                              "Parallel Aware": true,
                              "Startup Cost": 45479.59,
                              "Total Cost": 45479.59,
                              "Plan Rows": 232629,
                              "Plan Width": 4,
                              "Actual Startup Time": 148.621,
                              "Actual Total Time": 148.624,
                              "Actual Rows": 129204,
                              "Actual Loops": 7,
                              "Hash Buckets": 1048576,
                              "Original Hash Buckets": 1048576,
                              "Hash Batches": 1,
                              "Original Hash Batches": 1,
                              "Peak Memory Usage": 43680,
                              "Plans": [
                                {
                                  "Node Type": "Seq Scan",
                                  "Parent Relationship": "Outer",
                                  "Parallel Aware": true,
                                  "Relation Name": "title",
                                  "Alias": "t",
                                  "Startup Cost": 0.0,
                                  "Total Cost": 45479.59,
                                  "Plan Rows": 232629,
                                  "Plan Width": 4,
                                  "Actual Startup Time": 0.041,
                                  "Actual Total Time": 85.026,
                                  "Actual Rows": 129204,
                                  "Actual Loops": 7,
                                  "Filter": "((kind_id < 7) AND (production_year > 1916))",
                                  "Rows Removed by Filter": 231984
                                }
                              ]
                            }
                          ]
                        }
                      ]
                    }
                  ]
                }
              ]
            }
          ]
        }
      ]
    },
    "Planning Time": 0.649,
    "Triggers": [],
    "Execution Time": 1316.822
  }
]