[
  {
    "Plan": {
      "Node Type": "Aggregate",
      "Strategy": "Plain",
      "Partial Mode": "Finalize",
      "Parallel Aware": false,
      "Startup Cost": 510390.82,
      "Total Cost": 510390.83,
      "Plan Rows": 1,
      "Plan Width": 8,
      "Actual Startup Time": 1447.667,
      "Actual Total Time": 1570.408,
      "Actual Rows": 1,
      "Actual Loops": 1,
      "Plans": [
        {
          "Node Type": "Gather",
          "Parent Relationship": "Outer",
          "Parallel Aware": false,
          "Startup Cost": 510390.3,
          "Total Cost": 510390.81,
          "Plan Rows": 5,
          "Plan Width": 8,
          "Actual Startup Time": 1444.644,
          "Actual Total Time": 1570.394,
          "Actual Rows": 6,
          "Actual Loops": 1,
          "Workers Planned": 5,
          "Workers Launched": 5,
          "Single Copy": false,
          "Plans": [
            {
              "Node Type": "Aggregate",
              "Strategy": "Plain",
              "Partial Mode": "Partial",
              "Parent Relationship": "Outer",
              "Parallel Aware": false,
              "Startup Cost": 509390.3,
              "Total Cost": 509390.31,
              "Plan Rows": 1,
              "Plan Width": 8,
              "Actual Startup Time": 1433.543,
              "Actual Total Time": 1433.548,
              "Actual Rows": 1,
              "Actual Loops": 6,
              "Plans": [
                {
                  "Node Type": "Nested Loop",
                  "Parent Relationship": "Outer",
                  "Parallel Aware": false,
                  "Join Type": "Inner",
                  "Startup Cost": 47362.71,
                  "Total Cost": 505435.45,
                  "Plan Rows": 1581938,
                  "Plan Width": 0,
                  "Actual Startup Time": 153.32,
                  "Actual Total Time": 1396.538,
                  "Actual Rows": 828537,
                  "Actual Loops": 6,
                  "Inner Unique": false,
                  "Join Filter": "(t.id = ci.movie_id)",
                  "Rows Removed by Join Filter": 0,
                  "Plans": [
                    {
                      "Node Type": "Hash Join",
                      "Parent Relationship": "Outer",
                      "Parallel Aware": true,
                      "Join Type": "Inner",
                      "Startup Cost": 47362.15,
                      "Total Cost": 247530.27,
                      "Plan Rows": 110401,
                      "Plan Width": 8,
                      "Actual Startup Time": 153.21,
                      "Actual Total Time": 499.919,
                      "Actual Rows": 23728,
                      "Actual Loops": 6,
                      "Inner Unique": true,
                      "Hash Cond": "(mi.movie_id = t.id)",
                      "Plans": [
                        {
                          "Node Type": "Seq Scan",
                          "Parent Relationship": "Outer",
                          "Parallel Aware": true,
                          "Relation Name": "movie_info",
                          "Alias": "mi",
                          "Startup Cost": 0.0,
                          "Total Cost": 198952.16,
                          "Plan Rows": 463221,
                          "Plan Width": 4,
                          "Actual Startup Time": 15.704,
                          "Actual Total Time": 276.992,
                          "Actual Rows": 372308,
                          "Actual Loops": 6,
                          "Filter": "(info_type_id > 16)",
                          "Rows Removed by Filter": 2100312
                        },
                        {
                          "Node Type": "Hash",
                          "Parent Relationship": "Inner",
                          "Parallel Aware": true,
                          "Startup Cost": 45479.1,
                          "Total Cost": 45479.1,
                          "Plan Rows": 150644,
                          "Plan Width": 4,
                          "Actual Startup Time": 133.881,
                          "Actual Total Time": 133.881,
                          "Actual Rows": 108590,
                          "Actual Loops": 6,
                          "Hash Buckets": 1048576,
                          "Original Hash Buckets": 1048576,
                          "Hash Batches": 1,
                          "Original Hash Batches": 1,
                          "Peak Memory Usage": 33728,
                          "Plans": [
                            {
                              "Node Type": "Seq Scan",
                              "Parent Relationship": "Outer",
                              "Parallel Aware": true,
                              "Relation Name": "title",
                              "Alias": "t",
                              "Startup Cost": 0.0,
                              "Total Cost": 45479.1,
                              "Plan Rows": 150644,
                              "Plan Width": 4,
                              "Actual Startup Time": 0.041,
                              "Actual Total Time": 82.957,
                              "Actual Rows": 108590,
                              "Actual Loops": 6,
                              "Filter": "((kind_id > 3) AND (production_year > 2006))",
                              "Rows Removed by Filter": 312796
                            }
                          ]
                        }
                      ]
                    },
                    {
                      "Node Type": "Index Only Scan",
                      "Parent Relationship": "Inner",
                      "Parallel Aware": false,
                      "Scan Direction": "Forward",
                      "Index Name": "movie_id_cast_info",
                      "Relation Name": "cast_info",
                      "Alias": "ci",
                      "Startup Cost": 0.56,
                      "Total Cost": 1.87,
                      "Plan Rows": 37,
                      "Plan Width": 4,
                      "Actual Startup Time": 0.006,
                      "Actual Total Time": 0.035,
                      "Actual Rows": 35,
                      "Actual Loops": 142365,
                      "Index Cond": "(movie_id = mi.movie_id)",
                      "Rows Removed by Index Recheck": 0,
                      "Heap Fetches": 4971223
                    }
                  ]
                }
              ]
            }
          ]
        }
      ]
    },
    "Planning Time": 1.41,
    "Triggers": [],
    "Execution Time": 1570.566
  }
]