[
    {
        "Bao": {
            "Bao prediction": "NaN",
            "Bao recommended hint": "(no hint)"
        }
    },
    {
        "Plan": {
            "Node Type": "Aggregate",
            "Strategy": "Plain",
            "Partial Mode": "Finalize",
            "Parallel Aware": false,
            "Startup Cost": 47069.33,
            "Total Cost": 47069.34,
            "Plan Rows": 1,
            "Plan Width": 8,
            "Actual Startup Time": 94.676,
            "Actual Total Time": 100.674,
            "Actual Rows": 1,
            "Actual Loops": 1,
            "Output": [
                "count(*)"
            ],
            "Plans": [
                {
                    "Node Type": "Gather",
                    "Parent Relationship": "Outer",
                    "Parallel Aware": false,
                    "Startup Cost": 47068.91,
                    "Total Cost": 47069.32,
                    "Plan Rows": 4,
                    "Plan Width": 8,
                    "Actual Startup Time": 94.558,
                    "Actual Total Time": 100.667,
                    "Actual Rows": 5,
                    "Actual Loops": 1,
                    "Output": [
                        "(PARTIAL count(*))"
                    ],
                    "Workers Planned": 4,
                    "Workers Launched": 4,
                    "Single Copy": false,
                    "Plans": [
                        {
                            "Node Type": "Aggregate",
                            "Strategy": "Plain",
                            "Partial Mode": "Partial",
                            "Parent Relationship": "Outer",
                            "Parallel Aware": false,
                            "Startup Cost": 46068.91,
                            "Total Cost": 46068.92,
                            "Plan Rows": 1,
                            "Plan Width": 8,
                            "Actual Startup Time": 85.441,
                            "Actual Total Time": 85.442,
                            "Actual Rows": 1,
                            "Actual Loops": 5,
                            "Output": [
                                "PARTIAL count(*)"
                            ],
                            "Workers": [
                                {
                                    "Worker Number": 0,
                                    "Actual Startup Time": 82.818,
                                    "Actual Total Time": 82.819,
                                    "Actual Rows": 1,
                                    "Actual Loops": 1
                                },
                                {
                                    "Worker Number": 1,
                                    "Actual Startup Time": 82.988,
                                    "Actual Total Time": 82.989,
                                    "Actual Rows": 1,
                                    "Actual Loops": 1
                                },
                                {
                                    "Worker Number": 2,
                                    "Actual Startup Time": 83.361,
                                    "Actual Total Time": 83.361,
                                    "Actual Rows": 1,
                                    "Actual Loops": 1
                                },
                                {
                                    "Worker Number": 3,
                                    "Actual Startup Time": 83.755,
                                    "Actual Total Time": 83.757,
                                    "Actual Rows": 1,
                                    "Actual Loops": 1
                                }
                            ],
                            "Plans": [
                                {
                                    "Node Type": "Index Scan",
                                    "Parent Relationship": "Outer",
                                    "Parallel Aware": true,
                                    "Scan Direction": "Forward",
                                    "Index Name": "role_id_cast_info",
                                    "Relation Name": "cast_info",
                                    "Schema": "public",
                                    "Alias": "ci",
                                    "Startup Cost": 0.56,
                                    "Total Cost": 45790.64,
                                    "Plan Rows": 111311,
                                    "Plan Width": 0,
                                    "Actual Startup Time": 0.136,
                                    "Actual Total Time": 79.364,
                                    "Actual Rows": 89229,
                                    "Actual Loops": 5,
                                    "Output": [
                                        "id",
                                        "person_id",
                                        "movie_id",
                                        "person_role_id",
                                        "note",
                                        "nr_order",
                                        "role_id"
                                    ],
                                    "Index Cond": "(ci.role_id = 8)",
                                    "Rows Removed by Index Recheck": 0,
                                    "Filter": "(ci.person_id < 969308)",
                                    "Rows Removed by Filter": 251479,
                                    "Workers": [
                                        {
                                            "Worker Number": 0,
                                            "Actual Startup Time": 0.153,
                                            "Actual Total Time": 77.181,
                                            "Actual Rows": 63353,
                                            "Actual Loops": 1
                                        },
                                        {
                                            "Worker Number": 1,
                                            "Actual Startup Time": 0.172,
                                            "Actual Total Time": 77.249,
                                            "Actual Rows": 67170,
                                            "Actual Loops": 1
                                        },
                                        {
                                            "Worker Number": 2,
                                            "Actual Startup Time": 0.158,
                                            "Actual Total Time": 77.829,
                                            "Actual Rows": 77739,
                                            "Actual Loops": 1
                                        },
                                        {
                                            "Worker Number": 3,
                                            "Actual Startup Time": 0.166,
                                            "Actual Total Time": 77.86,
                                            "Actual Rows": 65320,
                                            "Actual Loops": 1
                                        }
                                    ]
                                }
                            ]
                        }
                    ]
                }
            ]
        },
        "Planning Time": 179.917,
        "Triggers": [],
        "Execution Time": 100.72
    }
]