{
  "Plan": {
    "Node Type": "Aggregate",
    "Strategy": "Plain",
    "Partial Mode": "Finalize",
    "Parallel Aware": false,
    "Startup Cost": 629316.29,
    "Total Cost": 629316.3,
    "Plan Rows": 1,
    "Plan Width": 8,
    "Actual Startup Time": 5446.919,
    "Actual Total Time": 5509.672,
    "Actual Rows": 1,
    "Actual Loops": 1,
    "Plans": [
      {
        "Node Type": "Gather",
        "Parent Relationship": "Outer",
        "Parallel Aware": false,
        "Startup Cost": 629316.18,
        "Total Cost": 629316.29,
        "Plan Rows": 1,
        "Plan Width": 8,
        "Actual Startup Time": 5445.067,
        "Actual Total Time": 5509.662,
        "Actual Rows": 2,
        "Actual Loops": 1,
        "Workers Planned": 1,
        "Workers Launched": 1,
        "Single Copy": false,
        "Plans": [
          {
            "Node Type": "Aggregate",
            "Strategy": "Plain",
            "Partial Mode": "Partial",
            "Parent Relationship": "Outer",
            "Parallel Aware": false,
            "Startup Cost": 628316.18,
            "Total Cost": 628316.19,
            "Plan Rows": 1,
            "Plan Width": 8,
            "Actual Startup Time": 5435.126,
            "Actual Total Time": 5435.13,
            "Actual Rows": 1,
            "Actual Loops": 2,
            "Plans": [
              {
                "Node Type": "Hash Join",
                "Parent Relationship": "Outer",
                "Parallel Aware": true,
                "Join Type": "Inner",
                "Startup Cost": 66110.01,
                "Total Cost": 615996.41,
                "Plan Rows": 4927909,
                "Plan Width": 0,
                "Actual Startup Time": 797.462,
                "Actual Total Time": 5219.015,
                "Actual Rows": 5037223,
                "Actual Loops": 2,
                "Inner Unique": true,
                "Hash Cond": "(ci.movie_id = t.id)",
                "Plans": [
                  {
                    "Node Type": "Seq Scan",
                    "Parent Relationship": "Outer",
                    "Parallel Aware": true,
                    "Relation Name": "cast_info",
                    "Alias": "ci",
                    "Startup Cost": 0.0,
                    "Total Cost": 519069.44,
                    "Plan Rows": 11739774,
                    "Plan Width": 4,
                    "Actual Startup Time": 392.434,
                    "Actual Total Time": 1553.334,
                    "Actual Rows": 9985792,
                    "Actual Loops": 2,
                    "Filter": "(person_id > 1611063)",
                    "Rows Removed by Filter": 8136380
                  },
                  {
                    "Node Type": "Hash",
                    "Parent Relationship": "Inner",
                    "Parallel Aware": true,
                    "Startup Cost": 58306.47,
                    "Total Cost": 58306.47,
                    "Plan Rows": 624283,
                    "Plan Width": 4,
                    "Actual Startup Time": 388.353,
                    "Actual Total Time": 388.354,
                    "Actual Rows": 576176,
                    "Actual Loops": 2,
                    "Hash Buckets": 2097152,
                    "Original Hash Buckets": 2097152,
                    "Hash Batches": 1,
                    "Original Hash Batches": 1,
                    "Peak Memory Usage": 61504,
                    "Plans": [
                      {
                        "Node Type": "Seq Scan",
                        "Parent Relationship": "Outer",
                        "Parallel Aware": true,
                        "Relation Name": "title",
                        "Alias": "t",
                        "Startup Cost": 0.0,
                        "Total Cost": 58306.47,
                        "Plan Rows": 624283,
                        "Plan Width": 4,
                        "Actual Startup Time": 0.051,
                        "Actual Total Time": 181.589,
                        "Actual Rows": 576176,
                        "Actual Loops": 2,
                        "Filter": "((kind_id > 1) AND (production_year > 1999))",
                        "Rows Removed by Filter": 687980
                      }
                    ]
                  }
                ]
              }
            ]
          }
        ]
      }
    ]
  },
  "Planning Time": 0.903,
  "Triggers": [],
  "Execution Time": 5509.782
}