[
    {
        "Bao": {
            "Bao prediction": "NaN",
            "Bao recommended hint": "(no hint)"
        }
    },
    {
        "Plan": {
            "Node Type": "Aggregate",
            "Strategy": "Plain",
            "Partial Mode": "Finalize",
            "Parallel Aware": false,
            "Startup Cost": 37306.34,
            "Total Cost": 37306.35,
            "Plan Rows": 1,
            "Plan Width": 8,
            "Actual Startup Time": 122.966,
            "Actual Total Time": 129.44,
            "Actual Rows": 1,
            "Actual Loops": 1,
            "Output": [
                "count(*)"
            ],
            "Plans": [
                {
                    "Node Type": "Gather",
                    "Parent Relationship": "Outer",
                    "Parallel Aware": false,
                    "Startup Cost": 37306.02,
                    "Total Cost": 37306.33,
                    "Plan Rows": 3,
                    "Plan Width": 8,
                    "Actual Startup Time": 122.704,
                    "Actual Total Time": 129.43,
                    "Actual Rows": 4,
                    "Actual Loops": 1,
                    "Output": [
                        "(PARTIAL count(*))"
                    ],
                    "Workers Planned": 3,
                    "Workers Launched": 3,
                    "Single Copy": false,
                    "Plans": [
                        {
                            "Node Type": "Aggregate",
                            "Strategy": "Plain",
                            "Partial Mode": "Partial",
                            "Parent Relationship": "Outer",
                            "Parallel Aware": false,
                            "Startup Cost": 36306.02,
                            "Total Cost": 36306.03,
                            "Plan Rows": 1,
                            "Plan Width": 8,
                            "Actual Startup Time": 113.932,
                            "Actual Total Time": 113.933,
                            "Actual Rows": 1,
                            "Actual Loops": 4,
                            "Output": [
                                "PARTIAL count(*)"
                            ],
                            "Workers": [
                                {
                                    "Worker Number": 0,
                                    "Actual Startup Time": 110.561,
                                    "Actual Total Time": 110.562,
                                    "Actual Rows": 1,
                                    "Actual Loops": 1
                                },
                                {
                                    "Worker Number": 1,
                                    "Actual Startup Time": 111.411,
                                    "Actual Total Time": 111.412,
                                    "Actual Rows": 1,
                                    "Actual Loops": 1
                                },
                                {
                                    "Worker Number": 2,
                                    "Actual Startup Time": 111.601,
                                    "Actual Total Time": 111.603,
                                    "Actual Rows": 1,
                                    "Actual Loops": 1
                                }
                            ],
                            "Plans": [
                                {
                                    "Node Type": "Bitmap Heap Scan",
                                    "Parent Relationship": "Outer",
                                    "Parallel Aware": true,
                                    "Relation Name": "movie_keyword",
                                    "Schema": "public",
                                    "Alias": "mk",
                                    "Startup Cost": 9650.51,
                                    "Total Cost": 35939.1,
                                    "Plan Rows": 146767,
                                    "Plan Width": 0,
                                    "Actual Startup Time": 32.791,
                                    "Actual Total Time": 106.342,
                                    "Actual Rows": 113332,
                                    "Actual Loops": 4,
                                    "Recheck Cond": "(mk.keyword_id < 348)",
                                    "Rows Removed by Index Recheck": 0,
                                    "Exact Heap Blocks": 8383,
                                    "Lossy Heap Blocks": 0,
                                    "Workers": [
                                        {
                                            "Worker Number": 0,
                                            "Actual Startup Time": 29.544,
                                            "Actual Total Time": 103.856,
                                            "Actual Rows": 100631,
                                            "Actual Loops": 1
                                        },
                                        {
                                            "Worker Number": 1,
                                            "Actual Startup Time": 30.347,
                                            "Actual Total Time": 104.785,
                                            "Actual Rows": 97469,
                                            "Actual Loops": 1
                                        },
                                        {
                                            "Worker Number": 2,
                                            "Actual Startup Time": 30.562,
                                            "Actual Total Time": 104.946,
                                            "Actual Rows": 97985,
                                            "Actual Loops": 1
                                        }
                                    ],
                                    "Plans": [
                                        {
                                            "Node Type": "Bitmap Index Scan",
                                            "Parent Relationship": "Outer",
                                            "Parallel Aware": false,
                                            "Index Name": "keyword_id_movie_keyword",
                                            "Startup Cost": 0.0,
                                            "Total Cost": 9536.77,
                                            "Plan Rows": 454978,
                                            "Plan Width": 0,
                                            "Actual Startup Time": 35.023,
                                            "Actual Total Time": 35.024,
                                            "Actual Rows": 453330,
                                            "Actual Loops": 1,
                                            "Index Cond": "(mk.keyword_id < 348)"
                                        }
                                    ]
                                }
                            ]
                        }
                    ]
                }
            ]
        },
        "Planning Time": 316.225,
        "Triggers": [],
        "Execution Time": 129.542
    }
]