{
  "Plan": {
    "Node Type": "Aggregate",
    "Strategy": "Plain",
    "Partial Mode": "Finalize",
    "Parallel Aware": false,
    "Startup Cost": 112104.77,
    "Total Cost": 112104.78,
    "Plan Rows": 1,
    "Plan Width": 8,
    "Actual Startup Time": 666.242,
    "Actual Total Time": 681.266,
    "Actual Rows": 1,
    "Actual Loops": 1,
    "Plans": [
      {
        "Node Type": "Gather",
        "Parent Relationship": "Outer",
        "Parallel Aware": false,
        "Startup Cost": 112104.66,
        "Total Cost": 112104.77,
        "Plan Rows": 1,
        "Plan Width": 8,
        "Actual Startup Time": 665.068,
        "Actual Total Time": 681.26,
        "Actual Rows": 2,
        "Actual Loops": 1,
        "Workers Planned": 1,
        "Workers Launched": 1,
        "Single Copy": false,
        "Plans": [
          {
            "Node Type": "Aggregate",
            "Strategy": "Plain",
            "Partial Mode": "Partial",
            "Parent Relationship": "Outer",
            "Parallel Aware": false,
            "Startup Cost": 111104.66,
            "Total Cost": 111104.67,
            "Plan Rows": 1,
            "Plan Width": 8,
            "Actual Startup Time": 659.518,
            "Actual Total Time": 659.522,
            "Actual Rows": 1,
            "Actual Loops": 2,
            "Plans": [
              {
                "Node Type": "Hash Join",
                "Parent Relationship": "Outer",
                "Parallel Aware": true,
                "Join Type": "Inner",
                "Startup Cost": 47275.33,
                "Total Cost": 110011.94,
                "Plan Rows": 437088,
                "Plan Width": 0,
                "Actual Startup Time": 207.26,
                "Actual Total Time": 647.381,
                "Actual Rows": 234026,
                "Actual Loops": 2,
                "Inner Unique": false,
                "Hash Cond": "(t.id = mc.movie_id)",
                "Plans": [
                  {
                    "Node Type": "Seq Scan",
                    "Parent Relationship": "Outer",
                    "Parallel Aware": true,
                    "Relation Name": "title",
                    "Alias": "t",
                    "Startup Cost": 0.0,
                    "Total Cost": 50870.31,
                    "Plan Rows": 1487231,
                    "Plan Width": 4,
                    "Actual Startup Time": 0.018,
                    "Actual Total Time": 134.821,
                    "Actual Rows": 1264156,
                    "Actual Loops": 2
                  },
                  {
                    "Node Type": "Hash",
                    "Parent Relationship": "Inner",
                    "Parallel Aware": true,
                    "Startup Cost": 41811.73,
                    "Total Cost": 41811.73,
                    "Plan Rows": 437088,
                    "Plan Width": 4,
                    "Actual Startup Time": 201.848,
                    "Actual Total Time": 201.849,
                    "Actual Rows": 234026,
                    "Actual Loops": 2,
                    "Hash Buckets": 1048576,
                    "Original Hash Buckets": 1048576,
                    "Hash Batches": 1,
                    "Original Hash Batches": 1,
                    "Peak Memory Usage": 26528,
                    "Plans": [
                      {
                        "Node Type": "Seq Scan",
                        "Parent Relationship": "Outer",
                        "Parallel Aware": true,
                        "Relation Name": "movie_companies",
                        "Alias": "mc",
                        "Startup Cost": 0.0,
                        "Total Cost": 41811.73,
                        "Plan Rows": 437088,
                        "Plan Width": 4,
                        "Actual Startup Time": 65.821,
                        "Actual Total Time": 138.582,
                        "Actual Rows": 234026,
                        "Actual Loops": 2,
                        "Filter": "((company_id < 13157) AND (company_type_id > 1))",
                        "Rows Removed by Filter": 1070539
                      }
                    ]
                  }
                ]
              }
            ]
          }
        ]
      }
    ]
  },
  "Planning Time": 0.347,
  "Triggers": [],
  "Execution Time": 681.309
}