{
  "Plan": {
    "Node Type": "Aggregate",
    "Strategy": "Plain",
    "Partial Mode": "Finalize",
    "Parallel Aware": false,
    "Startup Cost": 107011.36,
    "Total Cost": 107011.37,
    "Plan Rows": 1,
    "Plan Width": 8,
    "Actual Startup Time": 311.936,
    "Actual Total Time": 327.62,
    "Actual Rows": 1,
    "Actual Loops": 1,
    "Plans": [
      {
        "Node Type": "Gather",
        "Parent Relationship": "Outer",
        "Parallel Aware": false,
        "Startup Cost": 107011.25,
        "Total Cost": 107011.36,
        "Plan Rows": 1,
        "Plan Width": 8,
        "Actual Startup Time": 311.76,
        "Actual Total Time": 327.612,
        "Actual Rows": 2,
        "Actual Loops": 1,
        "Workers Planned": 1,
        "Workers Launched": 1,
        "Single Copy": false,
        "Plans": [
          {
            "Node Type": "Aggregate",
            "Strategy": "Plain",
            "Partial Mode": "Partial",
            "Parent Relationship": "Outer",
            "Parallel Aware": false,
            "Startup Cost": 106011.25,
            "Total Cost": 106011.26,
            "Plan Rows": 1,
            "Plan Width": 8,
            "Actual Startup Time": 307.856,
            "Actual Total Time": 307.861,
            "Actual Rows": 1,
            "Actual Loops": 2,
            "Plans": [
              {
                "Node Type": "Nested Loop",
                "Parent Relationship": "Outer",
                "Parallel Aware": false,
                "Join Type": "Inner",
                "Startup Cost": 58370.18,
                "Total Cost": 105987.1,
                "Plan Rows": 9658,
                "Plan Width": 0,
                "Actual Startup Time": 198.89,
                "Actual Total Time": 307.39,
                "Actual Rows": 9769,
                "Actual Loops": 2,
                "Inner Unique": false,
                "Join Filter": "(t.id = mi.movie_id)",
                "Rows Removed by Join Filter": 0,
                "Plans": [
                  {
                    "Node Type": "Hash Join",
                    "Parent Relationship": "Outer",
                    "Parallel Aware": true,
                    "Join Type": "Inner",
                    "Startup Cost": 58369.74,
                    "Total Cost": 101455.42,
                    "Plan Rows": 1652,
                    "Plan Width": 8,
                    "Actual Startup Time": 198.815,
                    "Actual Total Time": 297.274,
                    "Actual Rows": 1106,
                    "Actual Loops": 2,
                    "Inner Unique": true,
                    "Hash Cond": "(mc.movie_id = t.id)",
                    "Plans": [
                      {
                        "Node Type": "Seq Scan",
                        "Parent Relationship": "Outer",
                        "Parallel Aware": true,
                        "Relation Name": "movie_companies",
                        "Alias": "mc",
                        "Startup Cost": 0.0,
                        "Total Cost": 41811.73,
                        "Plan Rows": 485315,
                        "Plan Width": 4,
                        "Actual Startup Time": 51.552,
                        "Actual Total Time": 115.703,
                        "Actual Rows": 520680,
                        "Actual Loops": 2,
                        "Filter": "((company_id > 4437) AND (company_type_id > 1))",
                        "Rows Removed by Filter": 783885
                      },
                      {
                        "Node Type": "Hash",
                        "Parent Relationship": "Inner",
                        "Parallel Aware": true,
                        "Startup Cost": 58306.47,
                        "Total Cost": 58306.47,
                        "Plan Rows": 5062,
                        "Plan Width": 4,
                        "Actual Startup Time": 145.831,
                        "Actual Total Time": 145.832,
                        "Actual Rows": 4244,
                        "Actual Loops": 2,
                        "Hash Buckets": 16384,
                        "Original Hash Buckets": 16384,
                        "Hash Batches": 1,
                        "Original Hash Batches": 1,
                        "Peak Memory Usage": 480,
                        "Plans": [
                          {
                            "Node Type": "Seq Scan",
                            "Parent Relationship": "Outer",
                            "Parallel Aware": true,
                            "Relation Name": "title",
                            "Alias": "t",
                            "Startup Cost": 0.0,
                            "Total Cost": 58306.47,
                            "Plan Rows": 5062,
                            "Plan Width": 4,
                            "Actual Startup Time": 0.12,
                            "Actual Total Time": 144.009,
                            "Actual Rows": 4244,
                            "Actual Loops": 2,
                            "Filter": "((kind_id = 7) AND (production_year = 1969))",
                            "Rows Removed by Filter": 1259912
                          }
                        ]
                      }
                    ]
                  },
                  {
                    "Node Type": "Index Only Scan",
                    "Parent Relationship": "Inner",
                    "Parallel Aware": false,
                    "Scan Direction": "Forward",
                    "Index Name": "movie_id_movie_info",
                    "Relation Name": "movie_info",
                    "Alias": "mi",
                    "Startup Cost": 0.43,
                    "Total Cost": 2.22,
                    "Plan Rows": 42,
                    "Plan Width": 4,
                    "Actual Startup Time": 0.003,
                    "Actual Total Time": 0.008,
                    "Actual Rows": 9,
                    "Actual Loops": 2212,
                    "Index Cond": "(movie_id = mc.movie_id)",
                    "Rows Removed by Index Recheck": 0,
                    "Heap Fetches": 19538
                  }
                ]
              }
            ]
          }
        ]
      }
    ]
  },
  "Planning Time": 0.903,
  "Triggers": [],
  "Execution Time": 327.697
}