[
  {
    "Plan": {
      "Node Type": "Aggregate",
      "Strategy": "Plain",
      "Partial Mode": "Finalize",
      "Parallel Aware": false,
      "Startup Cost": 345783.04,
      "Total Cost": 345783.05,
      "Plan Rows": 1,
      "Plan Width": 8,
      "Actual Startup Time": 606.671,
      "Actual Total Time": 653.719,
      "Actual Rows": 1,
      "Actual Loops": 1,
      "Plans": [
        {
          "Node Type": "Gather",
          "Parent Relationship": "Outer",
          "Parallel Aware": false,
          "Startup Cost": 345782.42,
          "Total Cost": 345783.03,
          "Plan Rows": 6,
          "Plan Width": 8,
          "Actual Startup Time": 606.491,
          "Actual Total Time": 653.702,
          "Actual Rows": 7,
          "Actual Loops": 1,
          "Workers Planned": 6,
          "Workers Launched": 6,
          "Single Copy": false,
          "Plans": [
            {
              "Node Type": "Aggregate",
              "Strategy": "Plain",
              "Partial Mode": "Partial",
              "Parent Relationship": "Outer",
              "Parallel Aware": false,
              "Startup Cost": 344782.42,
              "Total Cost": 344782.43,
              "Plan Rows": 1,
              "Plan Width": 8,
              "Actual Startup Time": 599.478,
              "Actual Total Time": 599.48,
              "Actual Rows": 1,
              "Actual Loops": 7,
              "Plans": [
                {
                  "Node Type": "Seq Scan",
                  "Parent Relationship": "Outer",
                  "Parallel Aware": true,
                  "Relation Name": "cast_info",
                  "Alias": "ci",
                  "Startup Cost": 0.0,
                  "Total Cost": 343316.27,
                  "Plan Rows": 586458,
                  "Plan Width": 0,
                  "Actual Startup Time": 451.41,
                  "Actual Total Time": 592.598,
                  "Actual Rows": 133694,
                  "Actual Loops": 7,
                  "Filter": "((person_id > 3301752) AND (role_id < 9))",
                  "Rows Removed by Filter": 5044070
                }
              ]
            }
          ]
        }
      ]
    },
    "Planning Time": 0.097,
    "Triggers": [],
    "Execution Time": 653.762
  }
]