{
  "Plan": {
    "Node Type": "Aggregate",
    "Strategy": "Plain",
    "Partial Mode": "Finalize",
    "Parallel Aware": false,
    "Startup Cost": 123270.84,
    "Total Cost": 123270.85,
    "Plan Rows": 1,
    "Plan Width": 8,
    "Actual Startup Time": 836.34,
    "Actual Total Time": 856.658,
    "Actual Rows": 1,
    "Actual Loops": 1,
    "Plans": [
      {
        "Node Type": "Gather",
        "Parent Relationship": "Outer",
        "Parallel Aware": false,
        "Startup Cost": 123270.73,
        "Total Cost": 123270.84,
        "Plan Rows": 1,
        "Plan Width": 8,
        "Actual Startup Time": 833.208,
        "Actual Total Time": 856.651,
        "Actual Rows": 2,
        "Actual Loops": 1,
        "Workers Planned": 1,
        "Workers Launched": 1,
        "Single Copy": false,
        "Plans": [
          {
            "Node Type": "Aggregate",
            "Strategy": "Plain",
            "Partial Mode": "Partial",
            "Parent Relationship": "Outer",
            "Parallel Aware": false,
            "Startup Cost": 122270.73,
            "Total Cost": 122270.74,
            "Plan Rows": 1,
            "Plan Width": 8,
            "Actual Startup Time": 820.797,
            "Actual Total Time": 820.802,
            "Actual Rows": 1,
            "Actual Loops": 2,
            "Plans": [
              {
                "Node Type": "Hash Join",
                "Parent Relationship": "Outer",
                "Parallel Aware": true,
                "Join Type": "Inner",
                "Startup Cost": 88507.76,
                "Total Cost": 120950.31,
                "Plan Rows": 528169,
                "Plan Width": 0,
                "Actual Startup Time": 600.403,
                "Actual Total Time": 801.565,
                "Actual Rows": 445768,
                "Actual Loops": 2,
                "Inner Unique": true,
                "Hash Cond": "(mk.movie_id = t.id)",
                "Plans": [
                  {
                    "Node Type": "Bitmap Heap Scan",
                    "Parent Relationship": "Outer",
                    "Parallel Aware": true,
                    "Relation Name": "movie_keyword",
                    "Alias": "mk",
                    "Startup Cost": 19047.06,
                    "Total Cost": 50103.17,
                    "Plan Rows": 528169,
                    "Plan Width": 4,
                    "Actual Startup Time": 57.407,
                    "Actual Total Time": 151.889,
                    "Actual Rows": 445768,
                    "Actual Loops": 2,
                    "Recheck Cond": "(keyword_id > 20659)",
                    "Rows Removed by Index Recheck": 0,
                    "Exact Heap Blocks": 13409,
                    "Lossy Heap Blocks": 0,
                    "Plans": [
                      {
                        "Node Type": "Bitmap Index Scan",
                        "Parent Relationship": "Outer",
                        "Parallel Aware": false,
                        "Index Name": "keyword_id_movie_keyword",
                        "Startup Cost": 0.0,
                        "Total Cost": 18822.58,
                        "Plan Rows": 897887,
                        "Plan Width": 0,
                        "Actual Startup Time": 53.771,
                        "Actual Total Time": 53.771,
                        "Actual Rows": 891535,
                        "Actual Loops": 1,
                        "Index Cond": "(keyword_id > 20659)"
                      }
                    ]
                  },
                  {
                    "Node Type": "Hash",
                    "Parent Relationship": "Inner",
                    "Parallel Aware": true,
                    "Startup Cost": 50870.31,
                    "Total Cost": 50870.31,
                    "Plan Rows": 1487231,
                    "Plan Width": 4,
                    "Actual Startup Time": 521.734,
                    "Actual Total Time": 521.734,
                    "Actual Rows": 1264156,
                    "Actual Loops": 2,
                    "Hash Buckets": 4194304,
                    "Original Hash Buckets": 4194304,
                    "Hash Batches": 1,
                    "Original Hash Batches": 1,
                    "Peak Memory Usage": 131680,
                    "Plans": [
                      {
                        "Node Type": "Seq Scan",
                        "Parent Relationship": "Outer",
                        "Parallel Aware": true,
                        "Relation Name": "title",
                        "Alias": "t",
                        "Startup Cost": 0.0,
                        "Total Cost": 50870.31,
                        "Plan Rows": 1487231,
                        "Plan Width": 4,
                        "Actual Startup Time": 0.041,
                        "Actual Total Time": 155.215,
                        "Actual Rows": 1264156,
                        "Actual Loops": 2
                      }
                    ]
                  }
                ]
              }
            ]
          }
        ]
      }
    ]
  },
  "Planning Time": 0.693,
  "Triggers": [],
  "Execution Time": 856.782
}