[
  {
    "Plan": {
      "Node Type": "Aggregate",
      "Strategy": "Plain",
      "Partial Mode": "Finalize",
      "Parallel Aware": false,
      "Startup Cost": 112741.55,
      "Total Cost": 112741.56,
      "Plan Rows": 1,
      "Plan Width": 8,
      "Actual Startup Time": 488.345,
      "Actual Total Time": 506.779,
      "Actual Rows": 1,
      "Actual Loops": 1,
      "Plans": [
        {
          "Node Type": "Gather",
          "Parent Relationship": "Outer",
          "Parallel Aware": false,
          "Startup Cost": 112741.24,
          "Total Cost": 112741.55,
          "Plan Rows": 3,
          "Plan Width": 8,
          "Actual Startup Time": 483.404,
          "Actual Total Time": 506.77,
          "Actual Rows": 4,
          "Actual Loops": 1,
          "Workers Planned": 3,
          "Workers Launched": 3,
          "Single Copy": false,
          "Plans": [
            {
              "Node Type": "Aggregate",
              "Strategy": "Plain",
              "Partial Mode": "Partial",
              "Parent Relationship": "Outer",
              "Parallel Aware": false,
              "Startup Cost": 111741.24,
              "Total Cost": 111741.25,
              "Plan Rows": 1,
              "Plan Width": 8,
              "Actual Startup Time": 474.547,
              "Actual Total Time": 474.774,
              "Actual Rows": 1,
              "Actual Loops": 4,
              "Plans": [
                {
                  "Node Type": "Hash Join",
                  "Parent Relationship": "Outer",
                  "Parallel Aware": true,
                  "Join Type": "Inner",
                  "Startup Cost": 65516.87,
                  "Total Cost": 111102.03,
                  "Plan Rows": 255683,
                  "Plan Width": 0,
                  "Actual Startup Time": 288.035,
                  "Actual Total Time": 468.343,
                  "Actual Rows": 156717,
                  "Actual Loops": 4,
                  "Inner Unique": false,
                  "Hash Cond": "(mk.movie_id = t.id)",
                  "Plans": [
                    {
                      "Node Type": "Seq Scan",
                      "Parent Relationship": "Outer",
                      "Parallel Aware": true,
                      "Relation Name": "movie_keyword",
                      "Alias": "mk",
                      "Startup Cost": 0.0,
                      "Total Cost": 39047.32,
                      "Plan Rows": 1459332,
                      "Plan Width": 4,
                      "Actual Startup Time": 0.025,
                      "Actual Total Time": 85.194,
                      "Actual Rows": 1130982,
                      "Actual Loops": 4
                    },
                    {
                      "Node Type": "Hash",
                      "Parent Relationship": "Inner",
                      "Parallel Aware": true,
                      "Startup Cost": 63209.73,
                      "Total Cost": 63209.73,
                      "Plan Rows": 184571,
                      "Plan Width": 8,
                      "Actual Startup Time": 284.361,
                      "Actual Total Time": 284.586,
                      "Actual Rows": 53794,
                      "Actual Loops": 4,
                      "Hash Buckets": 524288,
                      "Original Hash Buckets": 524288,
                      "Hash Batches": 1,
                      "Original Hash Batches": 1,
                      "Peak Memory Usage": 12576,
                      "Plans": [
                        {
                          "Node Type": "Hash Join",
                          "Parent Relationship": "Outer",
                          "Parallel Aware": true,
                          "Join Type": "Inner",
                          "Startup Cost": 48015.17,
                          "Total Cost": 63209.73,
                          "Plan Rows": 184571,
                          "Plan Width": 8,
                          "Actual Startup Time": 185.833,
                          "Actual Total Time": 271.047,
                          "Actual Rows": 53794,
                          "Actual Loops": 4,
                          "Inner Unique": true,
                          "Hash Cond": "(mi_idx.movie_id = t.id)",
                          "Plans": [
                            {
                              "Node Type": "Seq Scan",
                              "Parent Relationship": "Outer",
                              "Parallel Aware": true,
                              "Relation Name": "movie_info_idx",
                              "Alias": "mi_idx",
                              "Startup Cost": 0.0,
                              "Total Cost": 13685.15,
                              "Plan Rows": 575015,
                              "Plan Width": 4,
                              "Actual Startup Time": 0.027,
                              "Actual Total Time": 27.012,
                              "Actual Rows": 345009,
                              "Actual Loops": 4
                            },
                            {
                              "Node Type": "Hash",
                              "Parent Relationship": "Inner",
                              "Parallel Aware": true,
                              "Startup Cost": 45479.1,
                              "Total Cost": 45479.1,
                              "Plan Rows": 202886,
                              "Plan Width": 4,
                              "Actual Startup Time": 182.482,
                              "Actual Total Time": 182.483,
                              "Actual Rows": 220486,
                              "Actual Loops": 4,
                              "Hash Buckets": 1048576,
                              "Original Hash Buckets": 1048576,
                              "Hash Batches": 1,
                              "Original Hash Batches": 1,
                              "Peak Memory Usage": 42752,
                              "Plans": [
                                {
                                  "Node Type": "Seq Scan",
                                  "Parent Relationship": "Outer",
                                  "Parallel Aware": true,
                                  "Relation Name": "title",
                                  "Alias": "t",
                                  "Startup Cost": 0.0,
                                  "Total Cost": 45479.1,
                                  "Plan Rows": 202886,
                                  "Plan Width": 4,
                                  "Actual Startup Time": 0.045,
                                  "Actual Total Time": 101.786,
                                  "Actual Rows": 220486,
                                  "Actual Loops": 4,
                                  "Filter": "((production_year > 2001) AND (kind_id = 7))",
                                  "Rows Removed by Filter": 411592
                                }
                              ]
                            }
                          ]
                        }
                      ]
                    }
                  ]
                }
              ]
            }
          ]
        }
      ]
    },
    "Planning Time": 1.31,
    "Triggers": [],
    "Execution Time": 506.867
  }
]