[
  {
    "Plan": {
      "Node Type": "Aggregate",
      "Strategy": "Plain",
      "Partial Mode": "Finalize",
      "Parallel Aware": false,
      "Startup Cost": 290361.76,
      "Total Cost": 290361.77,
      "Plan Rows": 1,
      "Plan Width": 8,
      "Actual Startup Time": 1773.734,
      "Actual Total Time": 1826.711,
      "Actual Rows": 1,
      "Actual Loops": 1,
      "Plans": [
        {
          "Node Type": "Gather",
          "Parent Relationship": "Outer",
          "Parallel Aware": false,
          "Startup Cost": 290361.23,
          "Total Cost": 290361.74,
          "Plan Rows": 5,
          "Plan Width": 8,
          "Actual Startup Time": 1764.324,
          "Actual Total Time": 1826.696,
          "Actual Rows": 6,
          "Actual Loops": 1,
          "Workers Planned": 5,
          "Workers Launched": 5,
          "Single Copy": false,
          "Plans": [
            {
              "Node Type": "Aggregate",
              "Strategy": "Plain",
              "Partial Mode": "Partial",
              "Parent Relationship": "Outer",
              "Parallel Aware": false,
              "Startup Cost": 289361.23,
              "Total Cost": 289361.24,
              "Plan Rows": 1,
              "Plan Width": 8,
              "Actual Startup Time": 1753.712,
              "Actual Total Time": 1754.054,
              "Actual Rows": 1,
              "Actual Loops": 6,
              "Plans": [
                {
                  "Node Type": "Hash Join",
                  "Parent Relationship": "Outer",
                  "Parallel Aware": true,
                  "Join Type": "Inner",
                  "Startup Cost": 81665.05,
                  "Total Cost": 286837.18,
                  "Plan Rows": 1009623,
                  "Plan Width": 0,
                  "Actual Startup Time": 435.292,
                  "Actual Total Time": 1626.787,
                  "Actual Rows": 2399826,
                  "Actual Loops": 6,
                  "Inner Unique": false,
                  "Hash Cond": "(mi.movie_id = t.id)",
                  "Plans": [
                    {
                      "Node Type": "Seq Scan",
                      "Parent Relationship": "Outer",
                      "Parallel Aware": true,
                      "Relation Name": "movie_info",
                      "Alias": "mi",
                      "Startup Cost": 0.0,
                      "Total Cost": 191560.33,
                      "Plan Rows": 2956733,
                      "Plan Width": 4,
                      "Actual Startup Time": 0.021,
                      "Actual Total Time": 348.551,
                      "Actual Rows": 2472620,
                      "Actual Loops": 6
                    },
                    {
                      "Node Type": "Hash",
                      "Parent Relationship": "Inner",
                      "Parallel Aware": true,
                      "Startup Cost": 78967.16,
                      "Total Cost": 78967.16,
                      "Plan Rows": 215831,
                      "Plan Width": 8,
                      "Actual Startup Time": 429.893,
                      "Actual Total Time": 430.233,
                      "Actual Rows": 146186,
                      "Actual Loops": 6,
                      "Hash Buckets": 1048576,
                      "Original Hash Buckets": 1048576,
                      "Hash Batches": 1,
                      "Original Hash Batches": 1,
                      "Peak Memory Usage": 42592,
                      "Plans": [
                        {
                          "Node Type": "Hash Join",
                          "Parent Relationship": "Outer",
                          "Parallel Aware": true,
                          "Join Type": "Inner",
                          "Startup Cost": 32791.83,
                          "Total Cost": 78967.16,
                          "Plan Rows": 215831,
                          "Plan Width": 8,
                          "Actual Startup Time": 142.8,
                          "Actual Total Time": 369.764,
                          "Actual Rows": 146186,
                          "Actual Loops": 6,
                          "Inner Unique": false,
                          "Hash Cond": "(t.id = mc.movie_id)",
                          "Plans": [
                            {
                              "Node Type": "Seq Scan",
                              "Parent Relationship": "Outer",
                              "Parallel Aware": true,
                              "Relation Name": "title",
                              "Alias": "t",
                              "Startup Cost": 0.0,
                              "Total Cost": 42318.73,
                              "Plan Rows": 632073,
                              "Plan Width": 4,
                              "Actual Startup Time": 0.014,
                              "Actual Total Time": 69.344,
                              "Actual Rows": 421385,
                              "Actual Loops": 6
                            },
                            {
                              "Node Type": "Hash",
                              "Parent Relationship": "Inner",
                              "Parallel Aware": true,
                              "Startup Cost": 29310.68,
                              "Total Cost": 29310.68,
                              "Plan Rows": 278492,
                              "Plan Width": 4,
                              "Actual Startup Time": 140.825,
                              "Actual Total Time": 140.827,
                              "Actual Rows": 146186,
                              "Actual Loops": 6,
                              "Hash Buckets": 1048576,
                              "Original Hash Buckets": 1048576,
                              "Hash Batches": 1,
                              "Original Hash Batches": 1,
                              "Peak Memory Usage": 42592,
                              "Plans": [
                                {
                                  "Node Type": "Seq Scan",
                                  "Parent Relationship": "Outer",
                                  "Parallel Aware": true,
                                  "Relation Name": "movie_companies",
                                  "Alias": "mc",
                                  "Startup Cost": 0.0,
                                  "Total Cost": 29310.68,
                                  "Plan Rows": 278492,
                                  "Plan Width": 4,
                                  "Actual Startup Time": 22.793,
                                  "Actual Total Time": 77.865,
                                  "Actual Rows": 146186,
                                  "Actual Loops": 6,
                                  "Filter": "(company_id > 23088)",
                                  "Rows Removed by Filter": 288668
                                }
                              ]
                            }
                          ]
                        }
                      ]
                    }
                  ]
                }
              ]
            }
          ]
        }
      ]
    },
    "Planning Time": 1.402,
    "Triggers": [],
    "Execution Time": 1826.808
  }
]