[
  {
    "Plan": {
      "Node Type": "Aggregate",
      "Strategy": "Plain",
      "Partial Mode": "Finalize",
      "Parallel Aware": false,
      "Startup Cost": 73982.71,
      "Total Cost": 73982.72,
      "Plan Rows": 1,
      "Plan Width": 8,
      "Actual Startup Time": 181.58,
      "Actual Total Time": 199.375,
      "Actual Rows": 1,
      "Actual Loops": 1,
      "Plans": [
        {
          "Node Type": "Gather",
          "Parent Relationship": "Outer",
          "Parallel Aware": false,
          "Startup Cost": 73982.39,
          "Total Cost": 73982.7,
          "Plan Rows": 3,
          "Plan Width": 8,
          "Actual Startup Time": 180.814,
          "Actual Total Time": 199.366,
          "Actual Rows": 4,
          "Actual Loops": 1,
          "Workers Planned": 3,
          "Workers Launched": 3,
          "Single Copy": false,
          "Plans": [
            {
              "Node Type": "Aggregate",
              "Strategy": "Plain",
              "Partial Mode": "Partial",
              "Parent Relationship": "Outer",
              "Parallel Aware": false,
              "Startup Cost": 72982.39,
              "Total Cost": 72982.4,
              "Plan Rows": 1,
              "Plan Width": 8,
              "Actual Startup Time": 176.307,
              "Actual Total Time": 176.312,
              "Actual Rows": 1,
              "Actual Loops": 4,
              "Plans": [
                {
                  "Node Type": "Hash Join",
                  "Parent Relationship": "Outer",
                  "Parallel Aware": true,
                  "Join Type": "Inner",
                  "Startup Cost": 47696.15,
                  "Total Cost": 72979.06,
                  "Plan Rows": 1330,
                  "Plan Width": 0,
                  "Actual Startup Time": 127.711,
                  "Actual Total Time": 176.2,
                  "Actual Rows": 1003,
                  "Actual Loops": 4,
                  "Inner Unique": true,
                  "Hash Cond": "(mk.movie_id = t.id)",
                  "Plans": [
                    {
                      "Node Type": "Bitmap Heap Scan",
                      "Parent Relationship": "Outer",
                      "Parallel Aware": true,
                      "Relation Name": "movie_keyword",
                      "Alias": "mk",
                      "Startup Cost": 3605.1,
                      "Total Cost": 28744.14,
                      "Plan Rows": 54804,
                      "Plan Width": 4,
                      "Actual Startup Time": 18.88,
                      "Actual Total Time": 59.443,
                      "Actual Rows": 41798,
                      "Actual Loops": 4,
                      "Recheck Cond": "(keyword_id > 72277)",
                      "Rows Removed by Index Recheck": 0,
                      "Exact Heap Blocks": 7843,
                      "Lossy Heap Blocks": 0,
                      "Plans": [
                        {
                          "Node Type": "Bitmap Index Scan",
                          "Parent Relationship": "Outer",
                          "Parallel Aware": false,
                          "Index Name": "keyword_id_movie_keyword",
                          "Startup Cost": 0.0,
                          "Total Cost": 3562.62,
                          "Plan Rows": 169892,
                          "Plan Width": 0,
                          "Actual Startup Time": 15.966,
                          "Actual Total Time": 15.967,
                          "Actual Rows": 167194,
                          "Actual Loops": 1,
                          "Index Cond": "(keyword_id > 72277)"
                        }
                      ]
                    },
                    {
                      "Node Type": "Hash",
                      "Parent Relationship": "Inner",
                      "Parallel Aware": true,
                      "Startup Cost": 43899.32,
                      "Total Cost": 43899.32,
                      "Plan Rows": 15339,
                      "Plan Width": 4,
                      "Actual Startup Time": 107.046,
                      "Actual Total Time": 107.048,
                      "Actual Rows": 14648,
                      "Actual Loops": 4,
                      "Hash Buckets": 65536,
                      "Original Hash Buckets": 65536,
                      "Hash Batches": 1,
                      "Original Hash Batches": 1,
                      "Peak Memory Usage": 2912,
                      "Plans": [
                        {
                          "Node Type": "Seq Scan",
                          "Parent Relationship": "Outer",
                          "Parallel Aware": true,
                          "Relation Name": "title",
                          "Alias": "t",
                          "Startup Cost": 0.0,
                          "Total Cost": 43899.32,
                          "Plan Rows": 15339,
                          "Plan Width": 4,
                          "Actual Startup Time": 0.04,
                          "Actual Total Time": 99.277,
                          "Actual Rows": 14648,
                          "Actual Loops": 4,
                          "Filter": "(production_year = 2001)",
                          "Rows Removed by Filter": 617430
                        }
                      ]
                    }
                  ]
                }
              ]
            }
          ]
        }
      ]
    },
    "Planning Time": 0.669,
    "Triggers": [],
    "Execution Time": 199.47
  }
]