[
  {
    "Plan": {
      "Node Type": "Aggregate",
      "Strategy": "Plain",
      "Partial Mode": "Finalize",
      "Parallel Aware": false,
      "Startup Cost": 217696.71,
      "Total Cost": 217696.72,
      "Plan Rows": 1,
      "Plan Width": 8,
      "Actual Startup Time": 3851.836,
      "Actual Total Time": 3933.222,
      "Actual Rows": 1,
      "Actual Loops": 1,
      "Plans": [
        {
          "Node Type": "Gather",
          "Parent Relationship": "Outer",
          "Parallel Aware": false,
          "Startup Cost": 217696.4,
          "Total Cost": 217696.71,
          "Plan Rows": 3,
          "Plan Width": 8,
          "Actual Startup Time": 3850.336,
          "Actual Total Time": 3933.205,
          "Actual Rows": 4,
          "Actual Loops": 1,
          "Workers Planned": 3,
          "Workers Launched": 3,
          "Single Copy": false,
          "Plans": [
            {
              "Node Type": "Aggregate",
              "Strategy": "Plain",
              "Partial Mode": "Partial",
              "Parent Relationship": "Outer",
              "Parallel Aware": false,
              "Startup Cost": 216696.4,
              "Total Cost": 216696.41,
              "Plan Rows": 1,
              "Plan Width": 8,
              "Actual Startup Time": 3840.875,
              "Actual Total Time": 3840.954,
              "Actual Rows": 1,
              "Actual Loops": 4,
              "Plans": [
                {
                  "Node Type": "Nested Loop",
                  "Parent Relationship": "Outer",
                  "Parallel Aware": false,
                  "Join Type": "Inner",
                  "Startup Cost": 46152.98,
                  "Total Cost": 215996.08,
                  "Plan Rows": 280125,
                  "Plan Width": 0,
                  "Actual Startup Time": 141.944,
                  "Actual Total Time": 3704.886,
                  "Actual Rows": 2874541,
                  "Actual Loops": 4,
                  "Inner Unique": false,
                  "Join Filter": "(t.id = ci.movie_id)",
                  "Rows Removed by Join Filter": 0,
                  "Plans": [
                    {
                      "Node Type": "Hash Join",
                      "Parent Relationship": "Outer",
                      "Parallel Aware": true,
                      "Join Type": "Inner",
                      "Startup Cost": 46152.41,
                      "Total Cost": 90596.71,
                      "Plan Rows": 56769,
                      "Plan Width": 8,
                      "Actual Startup Time": 141.81,
                      "Actual Total Time": 349.275,
                      "Actual Rows": 159893,
                      "Actual Loops": 4,
                      "Inner Unique": true,
                      "Hash Cond": "(mk.movie_id = t.id)",
                      "Plans": [
                        {
                          "Node Type": "Seq Scan",
                          "Parent Relationship": "Outer",
                          "Parallel Aware": true,
                          "Relation Name": "movie_keyword",
                          "Alias": "mk",
                          "Startup Cost": 0.0,
                          "Total Cost": 42695.65,
                          "Plan Rows": 666150,
                          "Plan Width": 4,
                          "Actual Startup Time": 0.034,
                          "Actual Total Time": 111.94,
                          "Actual Rows": 517665,
                          "Actual Loops": 4,
                          "Filter": "(keyword_id < 3666)",
                          "Rows Removed by Filter": 613317
                        },
                        {
                          "Node Type": "Hash",
                          "Parent Relationship": "Inner",
                          "Parallel Aware": true,
                          "Startup Cost": 45479.1,
                          "Total Cost": 45479.1,
                          "Plan Rows": 53865,
                          "Plan Width": 4,
                          "Actual Startup Time": 139.467,
                          "Actual Total Time": 139.467,
                          "Actual Rows": 89881,
                          "Actual Loops": 4,
                          "Hash Buckets": 524288,
                          "Original Hash Buckets": 262144,
                          "Hash Batches": 1,
                          "Original Hash Batches": 1,
                          "Peak Memory Usage": 20320,
                          "Plans": [
                            {
                              "Node Type": "Seq Scan",
                              "Parent Relationship": "Outer",
                              "Parallel Aware": true,
                              "Relation Name": "title",
                              "Alias": "t",
                              "Startup Cost": 0.0,
                              "Total Cost": 45479.1,
                              "Plan Rows": 53865,
                              "Plan Width": 4,
                              "Actual Startup Time": 0.051,
                              "Actual Total Time": 103.254,
                              "Actual Rows": 89881,
                              "Actual Loops": 4,
                              "Filter": "((kind_id < 4) AND (production_year < 1988))",
                              "Rows Removed by Filter": 542197
                            }
                          ]
                        }
                      ]
                    },
                    {
                      "Node Type": "Index Scan",
                      "Parent Relationship": "Inner",
                      "Parallel Aware": false,
                      "Scan Direction": "Forward",
                      "Index Name": "movie_id_cast_info",
                      "Relation Name": "cast_info",
                      "Alias": "ci",
                      "Startup Cost": 0.56,
                      "Total Cost": 2.05,
                      "Plan Rows": 13,
                      "Plan Width": 4,
                      "Actual Startup Time": 0.003,
                      "Actual Total Time": 0.019,
                      "Actual Rows": 18,
                      "Actual Loops": 639573,
                      "Index Cond": "(movie_id = mk.movie_id)",
                      "Rows Removed by Index Recheck": 0,
                      "Filter": "(role_id < 2)",
                      "Rows Removed by Filter": 18
                    }
                  ]
                }
              ]
            }
          ]
        }
      ]
    },
    "Planning Time": 1.372,
    "Triggers": [],
    "Execution Time": 3933.329
  }
]