[
  {
    "Plan": {
      "Node Type": "Aggregate",
      "Strategy": "Plain",
      "Partial Mode": "Finalize",
      "Parallel Aware": false,
      "Startup Cost": 44689.89,
      "Total Cost": 44689.9,
      "Plan Rows": 1,
      "Plan Width": 8,
      "Actual Startup Time": 136.069,
      "Actual Total Time": 143.008,
      "Actual Rows": 1,
      "Actual Loops": 1,
      "Plans": [
        {
          "Node Type": "Gather",
          "Parent Relationship": "Outer",
          "Parallel Aware": false,
          "Startup Cost": 44689.58,
          "Total Cost": 44689.89,
          "Plan Rows": 3,
          "Plan Width": 8,
          "Actual Startup Time": 135.799,
          "Actual Total Time": 142.906,
          "Actual Rows": 4,
          "Actual Loops": 1,
          "Workers Planned": 3,
          "Workers Launched": 3,
          "Single Copy": false,
          "Plans": [
            {
              "Node Type": "Aggregate",
              "Strategy": "Plain",
              "Partial Mode": "Partial",
              "Parent Relationship": "Outer",
              "Parallel Aware": false,
              "Startup Cost": 43689.58,
              "Total Cost": 43689.59,
              "Plan Rows": 1,
              "Plan Width": 8,
              "Actual Startup Time": 128.415,
              "Actual Total Time": 128.416,
              "Actual Rows": 1,
              "Actual Loops": 4,
              "Plans": [
                {
                  "Node Type": "Seq Scan",
                  "Parent Relationship": "Outer",
                  "Parallel Aware": true,
                  "Relation Name": "movie_keyword",
                  "Alias": "mk",
                  "Startup Cost": 0.0,
                  "Total Cost": 42695.65,
                  "Plan Rows": 397569,
                  "Plan Width": 0,
                  "Actual Startup Time": 0.057,
                  "Actual Total Time": 112.027,
                  "Actual Rows": 308752,
                  "Actual Loops": 4,
                  "Filter": "(keyword_id < 1568)",
                  "Rows Removed by Filter": 822230
                }
              ]
            }
          ]
        }
      ]
    },
    "Planning Time": 0.195,
    "Triggers": [],
    "Execution Time": 143.065
  }
]