{
  "Plan": {
    "Node Type": "Aggregate",
    "Strategy": "Plain",
    "Partial Mode": "Finalize",
    "Parallel Aware": false,
    "Startup Cost": 356036.78,
    "Total Cost": 356036.79,
    "Plan Rows": 1,
    "Plan Width": 8,
    "Actual Startup Time": 1922.486,
    "Actual Total Time": 1971.682,
    "Actual Rows": 1,
    "Actual Loops": 1,
    "Plans": [
      {
        "Node Type": "Gather",
        "Parent Relationship": "Outer",
        "Parallel Aware": false,
        "Startup Cost": 356036.67,
        "Total Cost": 356036.78,
        "Plan Rows": 1,
        "Plan Width": 8,
        "Actual Startup Time": 1917.66,
        "Actual Total Time": 1971.671,
        "Actual Rows": 2,
        "Actual Loops": 1,
        "Workers Planned": 1,
        "Workers Launched": 1,
        "Single Copy": false,
        "Plans": [
          {
            "Node Type": "Aggregate",
            "Strategy": "Plain",
            "Partial Mode": "Partial",
            "Parent Relationship": "Outer",
            "Parallel Aware": false,
            "Startup Cost": 355036.67,
            "Total Cost": 355036.68,
            "Plan Rows": 1,
            "Plan Width": 8,
            "Actual Startup Time": 1910.386,
            "Actual Total Time": 1910.39,
            "Actual Rows": 1,
            "Actual Loops": 2,
            "Plans": [
              {
                "Node Type": "Hash Join",
                "Parent Relationship": "Outer",
                "Parallel Aware": true,
                "Join Type": "Inner",
                "Startup Cost": 67972.29,
                "Total Cost": 348378.87,
                "Plan Rows": 2663120,
                "Plan Width": 0,
                "Actual Startup Time": 444.614,
                "Actual Total Time": 1822.8,
                "Actual Rows": 2248812,
                "Actual Loops": 2,
                "Inner Unique": true,
                "Hash Cond": "(mi.movie_id = t.id)",
                "Plans": [
                  {
                    "Node Type": "Seq Scan",
                    "Parent Relationship": "Outer",
                    "Parallel Aware": true,
                    "Relation Name": "movie_info",
                    "Alias": "mi",
                    "Startup Cost": 0.0,
                    "Total Cost": 270696.42,
                    "Plan Rows": 3699105,
                    "Plan Width": 4,
                    "Actual Startup Time": 33.96,
                    "Actual Total Time": 659.895,
                    "Actual Rows": 3111747,
                    "Actual Loops": 2,
                    "Filter": "(info_type_id > 8)",
                    "Rows Removed by Filter": 4306113
                  },
                  {
                    "Node Type": "Hash",
                    "Parent Relationship": "Inner",
                    "Parallel Aware": true,
                    "Startup Cost": 54588.39,
                    "Total Cost": 54588.39,
                    "Plan Rows": 1070712,
                    "Plan Width": 4,
                    "Actual Startup Time": 396.271,
                    "Actual Total Time": 396.272,
                    "Actual Rows": 906622,
                    "Actual Loops": 2,
                    "Hash Buckets": 2097152,
                    "Original Hash Buckets": 2097152,
                    "Hash Batches": 1,
                    "Original Hash Batches": 1,
                    "Peak Memory Usage": 87360,
                    "Plans": [
                      {
                        "Node Type": "Seq Scan",
                        "Parent Relationship": "Outer",
                        "Parallel Aware": true,
                        "Relation Name": "title",
                        "Alias": "t",
                        "Startup Cost": 0.0,
                        "Total Cost": 54588.39,
                        "Plan Rows": 1070712,
                        "Plan Width": 4,
                        "Actual Startup Time": 0.029,
                        "Actual Total Time": 172.558,
                        "Actual Rows": 906622,
                        "Actual Loops": 2,
                        "Filter": "(production_year > 1987)",
                        "Rows Removed by Filter": 357534
                      }
                    ]
                  }
                ]
              }
            ]
          }
        ]
      }
    ]
  },
  "Planning Time": 0.652,
  "Triggers": [],
  "Execution Time": 1971.755
}