[
  {
    "Plan": {
      "Node Type": "Aggregate",
      "Strategy": "Plain",
      "Partial Mode": "Finalize",
      "Parallel Aware": false,
      "Startup Cost": 343168.39,
      "Total Cost": 343168.4,
      "Plan Rows": 1,
      "Plan Width": 8,
      "Actual Startup Time": 837.361,
      "Actual Total Time": 879.815,
      "Actual Rows": 1,
      "Actual Loops": 1,
      "Plans": [
        {
          "Node Type": "Gather",
          "Parent Relationship": "Outer",
          "Parallel Aware": false,
          "Startup Cost": 343167.77,
          "Total Cost": 343168.38,
          "Plan Rows": 6,
          "Plan Width": 8,
          "Actual Startup Time": 837.116,
          "Actual Total Time": 879.804,
          "Actual Rows": 7,
          "Actual Loops": 1,
          "Workers Planned": 6,
          "Workers Launched": 6,
          "Single Copy": false,
          "Plans": [
            {
              "Node Type": "Aggregate",
              "Strategy": "Plain",
              "Partial Mode": "Partial",
              "Parent Relationship": "Outer",
              "Parallel Aware": false,
              "Startup Cost": 342167.77,
              "Total Cost": 342167.78,
              "Plan Rows": 1,
              "Plan Width": 8,
              "Actual Startup Time": 829.867,
              "Actual Total Time": 829.868,
              "Actual Rows": 1,
              "Actual Loops": 7,
              "Plans": [
                {
                  "Node Type": "Seq Scan",
                  "Parent Relationship": "Outer",
                  "Parallel Aware": true,
                  "Relation Name": "cast_info",
                  "Alias": "ci",
                  "Startup Cost": 0.0,
                  "Total Cost": 328211.39,
                  "Plan Rows": 5582551,
                  "Plan Width": 0,
                  "Actual Startup Time": 0.048,
                  "Actual Total Time": 611.099,
                  "Actual Rows": 4798819,
                  "Actual Loops": 7,
                  "Filter": "(person_id < 3550348)",
                  "Rows Removed by Filter": 378945
                }
              ]
            }
          ]
        }
      ]
    },
    "Planning Time": 0.203,
    "Triggers": [],
    "Execution Time": 879.887
  }
]