[
  {
    "Plan": {
      "Node Type": "Aggregate",
      "Strategy": "Plain",
      "Partial Mode": "Finalize",
      "Parallel Aware": false,
      "Startup Cost": 395390.97,
      "Total Cost": 395390.98,
      "Plan Rows": 1,
      "Plan Width": 8,
      "Actual Startup Time": 2128.431,
      "Actual Total Time": 2177.611,
      "Actual Rows": 1,
      "Actual Loops": 1,
      "Plans": [
        {
          "Node Type": "Gather",
          "Parent Relationship": "Outer",
          "Parallel Aware": false,
          "Startup Cost": 395390.34,
          "Total Cost": 395390.95,
          "Plan Rows": 6,
          "Plan Width": 8,
          "Actual Startup Time": 2120.159,
          "Actual Total Time": 2177.598,
          "Actual Rows": 7,
          "Actual Loops": 1,
          "Workers Planned": 6,
          "Workers Launched": 6,
          "Single Copy": false,
          "Plans": [
            {
              "Node Type": "Aggregate",
              "Strategy": "Plain",
              "Partial Mode": "Partial",
              "Parent Relationship": "Outer",
              "Parallel Aware": false,
              "Startup Cost": 394390.34,
              "Total Cost": 394390.35,
              "Plan Rows": 1,
              "Plan Width": 8,
              "Actual Startup Time": 2110.538,
              "Actual Total Time": 2110.541,
              "Actual Rows": 1,
              "Actual Loops": 7,
              "Plans": [
                {
                  "Node Type": "Hash Join",
                  "Parent Relationship": "Outer",
                  "Parallel Aware": true,
                  "Join Type": "Inner",
                  "Startup Cost": 47367.21,
                  "Total Cost": 388845.0,
                  "Plan Rows": 2218138,
                  "Plan Width": 0,
                  "Actual Startup Time": 231.356,
                  "Actual Total Time": 2015.482,
                  "Actual Rows": 2101451,
                  "Actual Loops": 7,
                  "Inner Unique": true,
                  "Hash Cond": "(ci.movie_id = t.id)",
                  "Plans": [
                    {
                      "Node Type": "Seq Scan",
                      "Parent Relationship": "Outer",
                      "Parallel Aware": true,
                      "Relation Name": "cast_info",
                      "Alias": "ci",
                      "Startup Cost": 0.0,
                      "Total Cost": 328211.39,
                      "Plan Rows": 5053857,
                      "Plan Width": 4,
                      "Actual Startup Time": 66.884,
                      "Actual Total Time": 621.25,
                      "Actual Rows": 4302120,
                      "Actual Loops": 7,
                      "Filter": "(person_id > 591507)",
                      "Rows Removed by Filter": 875644
                    },
                    {
                      "Node Type": "Hash",
                      "Parent Relationship": "Inner",
                      "Parallel Aware": true,
                      "Startup Cost": 43899.32,
                      "Total Cost": 43899.32,
                      "Plan Rows": 277431,
                      "Plan Width": 4,
                      "Actual Startup Time": 160.912,
                      "Actual Total Time": 160.913,
                      "Actual Rows": 158275,
                      "Actual Loops": 7,
                      "Hash Buckets": 2097152,
                      "Original Hash Buckets": 2097152,
                      "Hash Batches": 1,
                      "Original Hash Batches": 1,
                      "Peak Memory Usage": 59840,
                      "Plans": [
                        {
                          "Node Type": "Seq Scan",
                          "Parent Relationship": "Outer",
                          "Parallel Aware": true,
                          "Relation Name": "title",
                          "Alias": "t",
                          "Startup Cost": 0.0,
                          "Total Cost": 43899.32,
                          "Plan Rows": 277431,
                          "Plan Width": 4,
                          "Actual Startup Time": 0.047,
                          "Actual Total Time": 78.523,
                          "Actual Rows": 158275,
                          "Actual Loops": 7,
                          "Filter": "(production_year > 2004)",
                          "Rows Removed by Filter": 202912
                        }
                      ]
                    }
                  ]
                }
              ]
            }
          ]
        }
      ]
    },
    "Planning Time": 0.287,
    "Triggers": [],
    "Execution Time": 2177.666
  }
]