{
  "Plan": {
    "Node Type": "Aggregate",
    "Strategy": "Plain",
    "Partial Mode": "Finalize",
    "Parallel Aware": false,
    "Startup Cost": 648887.72,
    "Total Cost": 648887.73,
    "Plan Rows": 1,
    "Plan Width": 8,
    "Actual Startup Time": 2500.051,
    "Actual Total Time": 2551.59,
    "Actual Rows": 1,
    "Actual Loops": 1,
    "Plans": [
      {
        "Node Type": "Gather",
        "Parent Relationship": "Outer",
        "Parallel Aware": false,
        "Startup Cost": 648887.61,
        "Total Cost": 648887.72,
        "Plan Rows": 1,
        "Plan Width": 8,
        "Actual Startup Time": 2499.812,
        "Actual Total Time": 2551.58,
        "Actual Rows": 2,
        "Actual Loops": 1,
        "Workers Planned": 1,
        "Workers Launched": 1,
        "Single Copy": false,
        "Plans": [
          {
            "Node Type": "Aggregate",
            "Strategy": "Plain",
            "Partial Mode": "Partial",
            "Parent Relationship": "Outer",
            "Parallel Aware": false,
            "Startup Cost": 647887.61,
            "Total Cost": 647887.62,
            "Plan Rows": 1,
            "Plan Width": 8,
            "Actual Startup Time": 2494.205,
            "Actual Total Time": 2494.209,
            "Actual Rows": 1,
            "Actual Loops": 2,
            "Plans": [
              {
                "Node Type": "Hash Join",
                "Parent Relationship": "Outer",
                "Parallel Aware": true,
                "Join Type": "Inner",
                "Startup Cost": 54884.91,
                "Total Cost": 647578.51,
                "Plan Rows": 123641,
                "Plan Width": 0,
                "Actual Startup Time": 135.485,
                "Actual Total Time": 2493.125,
                "Actual Rows": 19168,
                "Actual Loops": 2,
                "Inner Unique": true,
                "Hash Cond": "(ci.movie_id = t.id)",
                "Plans": [
                  {
                    "Node Type": "Seq Scan",
                    "Parent Relationship": "Outer",
                    "Parallel Aware": true,
                    "Relation Name": "cast_info",
                    "Alias": "ci",
                    "Startup Cost": 0.0,
                    "Total Cost": 572345.93,
                    "Plan Rows": 7751478,
                    "Plan Width": 4,
                    "Actual Startup Time": 0.014,
                    "Actual Total Time": 1642.801,
                    "Actual Rows": 8133246,
                    "Actual Loops": 2,
                    "Filter": "((person_id < 2011614) AND (role_id < 4))",
                    "Rows Removed by Filter": 9988926
                  },
                  {
                    "Node Type": "Hash",
                    "Parent Relationship": "Inner",
                    "Parallel Aware": true,
                    "Startup Cost": 54588.39,
                    "Total Cost": 54588.39,
                    "Plan Rows": 23722,
                    "Plan Width": 4,
                    "Actual Startup Time": 132.027,
                    "Actual Total Time": 132.029,
                    "Actual Rows": 21410,
                    "Actual Loops": 2,
                    "Hash Buckets": 65536,
                    "Original Hash Buckets": 65536,
                    "Hash Batches": 1,
                    "Original Hash Batches": 1,
                    "Peak Memory Usage": 2208,
                    "Plans": [
                      {
                        "Node Type": "Seq Scan",
                        "Parent Relationship": "Outer",
                        "Parallel Aware": true,
                        "Relation Name": "title",
                        "Alias": "t",
                        "Startup Cost": 0.0,
                        "Total Cost": 54588.39,
                        "Plan Rows": 23722,
                        "Plan Width": 4,
                        "Actual Startup Time": 69.355,
                        "Actual Total Time": 127.078,
                        "Actual Rows": 21410,
                        "Actual Loops": 2,
                        "Filter": "(production_year < 1913)",
                        "Rows Removed by Filter": 1242746
                      }
                    ]
                  }
                ]
              }
            ]
          }
        ]
      }
    ]
  },
  "Planning Time": 0.467,
  "Triggers": [],
  "Execution Time": 2551.674
}