{
  "Plan": {
    "Node Type": "Aggregate",
    "Strategy": "Plain",
    "Partial Mode": "Finalize",
    "Parallel Aware": false,
    "Startup Cost": 124989.85,
    "Total Cost": 124989.86,
    "Plan Rows": 1,
    "Plan Width": 8,
    "Actual Startup Time": 161.04,
    "Actual Total Time": 176.392,
    "Actual Rows": 1,
    "Actual Loops": 1,
    "Plans": [
      {
        "Node Type": "Gather",
        "Parent Relationship": "Outer",
        "Parallel Aware": false,
        "Startup Cost": 124989.73,
        "Total Cost": 124989.84,
        "Plan Rows": 1,
        "Plan Width": 8,
        "Actual Startup Time": 160.95,
        "Actual Total Time": 176.386,
        "Actual Rows": 2,
        "Actual Loops": 1,
        "Workers Planned": 1,
        "Workers Launched": 1,
        "Single Copy": false,
        "Plans": [
          {
            "Node Type": "Aggregate",
            "Strategy": "Plain",
            "Partial Mode": "Partial",
            "Parent Relationship": "Outer",
            "Parallel Aware": false,
            "Startup Cost": 123989.73,
            "Total Cost": 123989.74,
            "Plan Rows": 1,
            "Plan Width": 8,
            "Actual Startup Time": 155.474,
            "Actual Total Time": 155.475,
            "Actual Rows": 1,
            "Actual Loops": 2,
            "Plans": [
              {
                "Node Type": "Nested Loop",
                "Parent Relationship": "Outer",
                "Parallel Aware": false,
                "Join Type": "Inner",
                "Startup Cost": 0.43,
                "Total Cost": 123983.63,
                "Plan Rows": 2442,
                "Plan Width": 0,
                "Actual Startup Time": 36.921,
                "Actual Total Time": 154.625,
                "Actual Rows": 13769,
                "Actual Loops": 2,
                "Inner Unique": false,
                "Plans": [
                  {
                    "Node Type": "Seq Scan",
                    "Parent Relationship": "Outer",
                    "Parallel Aware": true,
                    "Relation Name": "title",
                    "Alias": "t",
                    "Startup Cost": 0.0,
                    "Total Cost": 58306.47,
                    "Plan Rows": 418,
                    "Plan Width": 4,
                    "Actual Startup Time": 36.793,
                    "Actual Total Time": 124.908,
                    "Actual Rows": 913,
                    "Actual Loops": 2,
                    "Filter": "((kind_id < 7) AND (production_year = 1944))",
                    "Rows Removed by Filter": 1263243
                  },
                  {
                    "Node Type": "Index Only Scan",
                    "Parent Relationship": "Inner",
                    "Parallel Aware": false,
                    "Scan Direction": "Forward",
                    "Index Name": "movie_id_movie_info",
                    "Relation Name": "movie_info",
                    "Alias": "mi",
                    "Startup Cost": 0.43,
                    "Total Cost": 156.7,
                    "Plan Rows": 42,
                    "Plan Width": 4,
                    "Actual Startup Time": 0.012,
                    "Actual Total Time": 0.031,
                    "Actual Rows": 15,
                    "Actual Loops": 1826,
                    "Index Cond": "(movie_id = t.id)",
                    "Rows Removed by Index Recheck": 0,
                    "Heap Fetches": 27538
                  }
                ]
              }
            ]
          }
        ]
      }
    ]
  },
  "Planning Time": 0.299,
  "Triggers": [],
  "Execution Time": 176.444
}