{
  "Plan": {
    "Node Type": "Aggregate",
    "Strategy": "Plain",
    "Partial Mode": "Finalize",
    "Parallel Aware": false,
    "Startup Cost": 1020037.05,
    "Total Cost": 1020037.06,
    "Plan Rows": 1,
    "Plan Width": 8,
    "Actual Startup Time": 5357.309,
    "Actual Total Time": 5409.919,
    "Actual Rows": 1,
    "Actual Loops": 1,
    "Plans": [
      {
        "Node Type": "Gather",
        "Parent Relationship": "Outer",
        "Parallel Aware": false,
        "Startup Cost": 1020036.94,
        "Total Cost": 1020037.05,
        "Plan Rows": 1,
        "Plan Width": 8,
        "Actual Startup Time": 5354.098,
        "Actual Total Time": 5409.912,
        "Actual Rows": 2,
        "Actual Loops": 1,
        "Workers Planned": 1,
        "Workers Launched": 1,
        "Single Copy": false,
        "Plans": [
          {
            "Node Type": "Aggregate",
            "Strategy": "Plain",
            "Partial Mode": "Partial",
            "Parent Relationship": "Outer",
            "Parallel Aware": false,
            "Startup Cost": 1019036.94,
            "Total Cost": 1019036.95,
            "Plan Rows": 1,
            "Plan Width": 8,
            "Actual Startup Time": 5343.056,
            "Actual Total Time": 5343.064,
            "Actual Rows": 1,
            "Actual Loops": 2,
            "Plans": [
              {
                "Node Type": "Merge Join",
                "Parent Relationship": "Outer",
                "Parallel Aware": false,
                "Join Type": "Inner",
                "Startup Cost": 987559.71,
                "Total Cost": 1016379.57,
                "Plan Rows": 1062946,
                "Plan Width": 0,
                "Actual Startup Time": 4810.72,
                "Actual Total Time": 5291.619,
                "Actual Rows": 1319452,
                "Actual Loops": 2,
                "Inner Unique": false,
                "Merge Cond": "(t.id = mc.movie_id)",
                "Plans": [
                  {
                    "Node Type": "Sort",
                    "Parent Relationship": "Outer",
                    "Parallel Aware": false,
                    "Startup Cost": 664608.61,
                    "Total Cost": 667183.65,
                    "Plan Rows": 1030014,
                    "Plan Width": 8,
                    "Actual Startup Time": 3962.548,
                    "Actual Total Time": 4075.63,
                    "Actual Rows": 689026,
                    "Actual Loops": 2,
                    "Sort Key": [
                      "t.id"
                    ],
                    "Sort Method": "quicksort",
                    "Sort Space Used": 58225,
                    "Sort Space Type": "Memory",
                    "Workers": [
                      {
                        "Worker Number": 0,
                        "Sort Method": "quicksort",
                        "Sort Space Used": 55525,
                        "Sort Space Type": "Memory"
                      }
                    ],
                    "Plans": [
                      {
                        "Node Type": "Hash Join",
                        "Parent Relationship": "Outer",
                        "Parallel Aware": true,
                        "Join Type": "Inner",
                        "Startup Cost": 40006.56,
                        "Total Cost": 561739.92,
                        "Plan Rows": 1030014,
                        "Plan Width": 8,
                        "Actual Startup Time": 72.674,
                        "Actual Total Time": 3775.195,
                        "Actual Rows": 689040,
                        "Actual Loops": 2,
                        "Inner Unique": true,
                        "Hash Cond": "(ci.movie_id = t.id)",
                        "Plans": [
                          {
                            "Node Type": "Seq Scan",
                            "Parent Relationship": "Outer",
                            "Parallel Aware": true,
                            "Relation Name": "cast_info",
                            "Alias": "ci",
                            "Startup Cost": 0.0,
                            "Total Cost": 465792.95,
                            "Plan Rows": 21310595,
                            "Plan Width": 4,
                            "Actual Startup Time": 0.014,
                            "Actual Total Time": 1375.098,
                            "Actual Rows": 18122172,
                            "Actual Loops": 2
                          },
                          {
                            "Node Type": "Hash",
                            "Parent Relationship": "Inner",
                            "Parallel Aware": true,
                            "Startup Cost": 39108.02,
                            "Total Cost": 39108.02,
                            "Plan Rows": 71883,
                            "Plan Width": 4,
                            "Actual Startup Time": 70.843,
                            "Actual Total Time": 70.845,
                            "Actual Rows": 59117,
                            "Actual Loops": 2,
                            "Hash Buckets": 131072,
                            "Original Hash Buckets": 131072,
                            "Hash Batches": 1,
                            "Original Hash Batches": 1,
                            "Peak Memory Usage": 5696,
                            "Plans": [
                              {
                                "Node Type": "Bitmap Heap Scan",
                                "Parent Relationship": "Outer",
                                "Parallel Aware": true,
                                "Relation Name": "title",
                                "Alias": "t",
                                "Startup Cost": 2211.49,
                                "Total Cost": 39108.02,
                                "Plan Rows": 71883,
                                "Plan Width": 4,
                                "Actual Startup Time": 15.896,
                                "Actual Total Time": 54.114,
                                "Actual Rows": 59117,
                                "Actual Loops": 2,
                                "Recheck Cond": "(kind_id = 4)",
                                "Rows Removed by Index Recheck": 0,
                                "Exact Heap Blocks": 9180,
                                "Lossy Heap Blocks": 0,
                                "Plans": [
                                  {
                                    "Node Type": "Bitmap Index Scan",
                                    "Parent Relationship": "Outer",
                                    "Parallel Aware": false,
                                    "Index Name": "kind_id_title",
                                    "Startup Cost": 0.0,
                                    "Total Cost": 2180.94,
                                    "Plan Rows": 122201,
                                    "Plan Width": 0,
                                    "Actual Startup Time": 15.307,
                                    "Actual Total Time": 15.307,
                                    "Actual Rows": 118234,
                                    "Actual Loops": 1,
                                    "Index Cond": "(kind_id = 4)"
                                  }
                                ]
                              }
                            ]
                          }
                        ]
                      }
                    ]
                  },
                  {
                    "Node Type": "Sort",
                    "Parent Relationship": "Inner",
                    "Parallel Aware": false,
                    "Startup Cost": 322951.0,
                    "Total Cost": 329473.82,
                    "Plan Rows": 2609129,
                    "Plan Width": 4,
                    "Actual Startup Time": 773.291,
                    "Actual Total Time": 915.398,
                    "Actual Rows": 3774940,
                    "Actual Loops": 2,
                    "Sort Key": [
                      "mc.movie_id"
                    ],
                    "Sort Method": "quicksort",
                    "Sort Space Used": 220607,
                    "Sort Space Type": "Memory",
                    "Workers": [
                      {
                        "Worker Number": 0,
                        "Sort Method": "quicksort",
                        "Sort Space Used": 220607,
                        "Sort Space Type": "Memory"
                      }
                    ],
                    "Plans": [
                      {
                        "Node Type": "Seq Scan",
                        "Parent Relationship": "Outer",
                        "Parallel Aware": false,
                        "Relation Name": "movie_companies",
                        "Alias": "mc",
                        "Startup Cost": 0.0,
                        "Total Cost": 44881.29,
                        "Plan Rows": 2609129,
                        "Plan Width": 4,
                        "Actual Startup Time": 0.033,
                        "Actual Total Time": 236.102,
                        "Actual Rows": 2609129,
                        "Actual Loops": 2
                      }
                    ]
                  }
                ]
              }
            ]
          }
        ]
      }
    ]
  },
  "Planning Time": 1.007,
  "Triggers": [],
  "Execution Time": 5440.22
}