[
    {
        "Bao": {
            "Bao prediction": "NaN",
            "Bao recommended hint": "(no hint)"
        }
    },
    {
        "Plan": {
            "Node Type": "Aggregate",
            "Strategy": "Plain",
            "Partial Mode": "Finalize",
            "Parallel Aware": false,
            "Startup Cost": 322757.56,
            "Total Cost": 322757.57,
            "Plan Rows": 1,
            "Plan Width": 8,
            "Actual Startup Time": 2297.364,
            "Actual Total Time": 2341.637,
            "Actual Rows": 1,
            "Actual Loops": 1,
            "Output": [
                "count(*)"
            ],
            "Plans": [
                {
                    "Node Type": "Gather",
                    "Parent Relationship": "Outer",
                    "Parallel Aware": false,
                    "Startup Cost": 322757.04,
                    "Total Cost": 322757.55,
                    "Plan Rows": 5,
                    "Plan Width": 8,
                    "Actual Startup Time": 2260.884,
                    "Actual Total Time": 2341.613,
                    "Actual Rows": 6,
                    "Actual Loops": 1,
                    "Output": [
                        "(PARTIAL count(*))"
                    ],
                    "Workers Planned": 5,
                    "Workers Launched": 5,
                    "Single Copy": false,
                    "Plans": [
                        {
                            "Node Type": "Aggregate",
                            "Strategy": "Plain",
                            "Partial Mode": "Partial",
                            "Parent Relationship": "Outer",
                            "Parallel Aware": false,
                            "Startup Cost": 321757.04,
                            "Total Cost": 321757.05,
                            "Plan Rows": 1,
                            "Plan Width": 8,
                            "Actual Startup Time": 2244.531,
                            "Actual Total Time": 2245.406,
                            "Actual Rows": 1,
                            "Actual Loops": 6,
                            "Output": [
                                "PARTIAL count(*)"
                            ],
                            "Workers": [
                                {
                                    "Worker Number": 0,
                                    "Actual Startup Time": 2240.621,
                                    "Actual Total Time": 2240.625,
                                    "Actual Rows": 1,
                                    "Actual Loops": 1
                                },
                                {
                                    "Worker Number": 1,
                                    "Actual Startup Time": 2240.633,
                                    "Actual Total Time": 2240.639,
                                    "Actual Rows": 1,
                                    "Actual Loops": 1
                                },
                                {
                                    "Worker Number": 2,
                                    "Actual Startup Time": 2240.941,
                                    "Actual Total Time": 2240.945,
                                    "Actual Rows": 1,
                                    "Actual Loops": 1
                                },
                                {
                                    "Worker Number": 3,
                                    "Actual Startup Time": 2241.011,
                                    "Actual Total Time": 2241.016,
                                    "Actual Rows": 1,
                                    "Actual Loops": 1
                                },
                                {
                                    "Worker Number": 4,
                                    "Actual Startup Time": 2243.633,
                                    "Actual Total Time": 2243.638,
                                    "Actual Rows": 1,
                                    "Actual Loops": 1
                                }
                            ],
                            "Plans": [
                                {
                                    "Node Type": "Hash Join",
                                    "Parent Relationship": "Outer",
                                    "Parallel Aware": true,
                                    "Join Type": "Inner",
                                    "Startup Cost": 105650.42,
                                    "Total Cost": 317155.25,
                                    "Plan Rows": 1840715,
                                    "Plan Width": 0,
                                    "Actual Startup Time": 602.406,
                                    "Actual Total Time": 1876.936,
                                    "Actual Rows": 8472594,
                                    "Actual Loops": 6,
                                    "Inner Unique": false,
                                    "Hash Cond": "(mi.movie_id = t.id)",
                                    "Workers": [
                                        {
                                            "Worker Number": 0,
                                            "Actual Startup Time": 598.911,
                                            "Actual Total Time": 1873.095,
                                            "Actual Rows": 8610053,
                                            "Actual Loops": 1
                                        },
                                        {
                                            "Worker Number": 1,
                                            "Actual Startup Time": 598.943,
                                            "Actual Total Time": 1873.114,
                                            "Actual Rows": 8614426,
                                            "Actual Loops": 1
                                        },
                                        {
                                            "Worker Number": 2,
                                            "Actual Startup Time": 599.362,
                                            "Actual Total Time": 1877.522,
                                            "Actual Rows": 9388863,
                                            "Actual Loops": 1
                                        },
                                        {
                                            "Worker Number": 3,
                                            "Actual Startup Time": 599.567,
                                            "Actual Total Time": 1876.912,
                                            "Actual Rows": 9403233,
                                            "Actual Loops": 1
                                        },
                                        {
                                            "Worker Number": 4,
                                            "Actual Startup Time": 599.438,
                                            "Actual Total Time": 1875.406,
                                            "Actual Rows": 8046270,
                                            "Actual Loops": 1
                                        }
                                    ],
                                    "Plans": [
                                        {
                                            "Node Type": "Seq Scan",
                                            "Parent Relationship": "Outer",
                                            "Parallel Aware": true,
                                            "Relation Name": "movie_info",
                                            "Schema": "public",
                                            "Alias": "mi",
                                            "Startup Cost": 0.0,
                                            "Total Cost": 198880.74,
                                            "Plan Rows": 1783015,
                                            "Plan Width": 4,
                                            "Actual Startup Time": 0.038,
                                            "Actual Total Time": 335.041,
                                            "Actual Rows": 1494449,
                                            "Actual Loops": 6,
                                            "Output": [
                                                "mi.id",
                                                "mi.movie_id",
                                                "mi.info_type_id",
                                                "mi.info",
                                                "mi.note"
                                            ],
                                            "Filter": "(mi.info_type_id < 15)",
                                            "Rows Removed by Filter": 978171,
                                            "Workers": [
                                                {
                                                    "Worker Number": 0,
                                                    "Actual Startup Time": 0.026,
                                                    "Actual Total Time": 334.977,
                                                    "Actual Rows": 1520554,
                                                    "Actual Loops": 1
                                                },
                                                {
                                                    "Worker Number": 1,
                                                    "Actual Startup Time": 0.026,
                                                    "Actual Total Time": 335.186,
                                                    "Actual Rows": 1524667,
                                                    "Actual Loops": 1
                                                },
                                                {
                                                    "Worker Number": 2,
                                                    "Actual Startup Time": 0.065,
                                                    "Actual Total Time": 341.139,
                                                    "Actual Rows": 1669843,
                                                    "Actual Loops": 1
                                                },
                                                {
                                                    "Worker Number": 3,
                                                    "Actual Startup Time": 0.066,
                                                    "Actual Total Time": 340.767,
                                                    "Actual Rows": 1668653,
                                                    "Actual Loops": 1
                                                },
                                                {
                                                    "Worker Number": 4,
                                                    "Actual Startup Time": 0.029,
                                                    "Actual Total Time": 343.274,
                                                    "Actual Rows": 1338630,
                                                    "Actual Loops": 1
                                                }
                                            ]
                                        },
                                        {
                                            "Node Type": "Hash",
                                            "Parent Relationship": "Inner",
                                            "Parallel Aware": true,
                                            "Startup Cost": 95125.66,
                                            "Total Cost": 95125.66,
                                            "Plan Rows": 841981,
                                            "Plan Width": 8,
                                            "Actual Startup Time": 594.203,
                                            "Actual Total Time": 595.077,
                                            "Actual Rows": 435248,
                                            "Actual Loops": 6,
                                            "Output": [
                                                "t.id",
                                                "mk.movie_id"
                                            ],
                                            "Hash Buckets": 4194304,
                                            "Original Hash Buckets": 4194304,
                                            "Hash Batches": 1,
                                            "Original Hash Batches": 1,
                                            "Peak Memory Usage": 135008,
                                            "Workers": [
                                                {
                                                    "Worker Number": 0,
                                                    "Actual Startup Time": 597.502,
                                                    "Actual Total Time": 597.506,
                                                    "Actual Rows": 453146,
                                                    "Actual Loops": 1
                                                },
                                                {
                                                    "Worker Number": 1,
                                                    "Actual Startup Time": 597.472,
                                                    "Actual Total Time": 597.476,
                                                    "Actual Rows": 458170,
                                                    "Actual Loops": 1
                                                },
                                                {
                                                    "Worker Number": 2,
                                                    "Actual Startup Time": 597.872,
                                                    "Actual Total Time": 597.875,
                                                    "Actual Rows": 460278,
                                                    "Actual Loops": 1
                                                },
                                                {
                                                    "Worker Number": 3,
                                                    "Actual Startup Time": 597.953,
                                                    "Actual Total Time": 597.956,
                                                    "Actual Rows": 455478,
                                                    "Actual Loops": 1
                                                },
                                                {
                                                    "Worker Number": 4,
                                                    "Actual Startup Time": 597.899,
                                                    "Actual Total Time": 597.902,
                                                    "Actual Rows": 451299,
                                                    "Actual Loops": 1
                                                }
                                            ],
                                            "Plans": [
                                                {
                                                    "Node Type": "Hash Join",
                                                    "Parent Relationship": "Outer",
                                                    "Parallel Aware": true,
                                                    "Join Type": "Inner",
                                                    "Startup Cost": 50219.81,
                                                    "Total Cost": 95125.66,
                                                    "Plan Rows": 841981,
                                                    "Plan Width": 8,
                                                    "Actual Startup Time": 294.455,
                                                    "Actual Total Time": 464.844,
                                                    "Actual Rows": 435248,
                                                    "Actual Loops": 6,
                                                    "Output": [
                                                        "t.id",
                                                        "mk.movie_id"
                                                    ],
                                                    "Inner Unique": true,
                                                    "Hash Cond": "(mk.movie_id = t.id)",
                                                    "Workers": [
                                                        {
                                                            "Worker Number": 0,
                                                            "Actual Startup Time": 294.395,
                                                            "Actual Total Time": 463.548,
                                                            "Actual Rows": 453146,
                                                            "Actual Loops": 1
                                                        },
                                                        {
                                                            "Worker Number": 1,
                                                            "Actual Startup Time": 294.371,
                                                            "Actual Total Time": 463.79,
                                                            "Actual Rows": 458170,
                                                            "Actual Loops": 1
                                                        },
                                                        {
                                                            "Worker Number": 2,
                                                            "Actual Startup Time": 294.481,
                                                            "Actual Total Time": 463.757,
                                                            "Actual Rows": 460278,
                                                            "Actual Loops": 1
                                                        },
                                                        {
                                                            "Worker Number": 3,
                                                            "Actual Startup Time": 294.479,
                                                            "Actual Total Time": 464.247,
                                                            "Actual Rows": 455478,
                                                            "Actual Loops": 1
                                                        },
                                                        {
                                                            "Worker Number": 4,
                                                            "Actual Startup Time": 294.337,
                                                            "Actual Total Time": 465.428,
                                                            "Actual Rows": 451299,
                                                            "Actual Loops": 1
                                                        }
                                                    ],
                                                    "Plans": [
                                                        {
                                                            "Node Type": "Seq Scan",
                                                            "Parent Relationship": "Outer",
                                                            "Parallel Aware": true,
                                                            "Relation Name": "movie_keyword",
                                                            "Schema": "public",
                                                            "Alias": "mk",
                                                            "Startup Cost": 0.0,
                                                            "Total Cost": 42695.65,
                                                            "Plan Rows": 841981,
                                                            "Plan Width": 4,
                                                            "Actual Startup Time": 0.144,
                                                            "Actual Total Time": 81.546,
                                                            "Actual Rows": 435248,
                                                            "Actual Loops": 6,
                                                            "Output": [
                                                                "mk.id",
                                                                "mk.movie_id",
                                                                "mk.keyword_id"
                                                            ],
                                                            "Filter": "(mk.keyword_id > 3287)",
                                                            "Rows Removed by Filter": 318741,
                                                            "Workers": [
                                                                {
                                                                    "Worker Number": 0,
                                                                    "Actual Startup Time": 0.092,
                                                                    "Actual Total Time": 82.26,
                                                                    "Actual Rows": 453146,
                                                                    "Actual Loops": 1
                                                                },
                                                                {
                                                                    "Worker Number": 1,
                                                                    "Actual Startup Time": 0.115,
                                                                    "Actual Total Time": 82.407,
                                                                    "Actual Rows": 458170,
                                                                    "Actual Loops": 1
                                                                },
                                                                {
                                                                    "Worker Number": 2,
                                                                    "Actual Startup Time": 0.139,
                                                                    "Actual Total Time": 82.346,
                                                                    "Actual Rows": 460278,
                                                                    "Actual Loops": 1
                                                                },
                                                                {
                                                                    "Worker Number": 3,
                                                                    "Actual Startup Time": 0.121,
                                                                    "Actual Total Time": 82.797,
                                                                    "Actual Rows": 455478,
                                                                    "Actual Loops": 1
                                                                },
                                                                {
                                                                    "Worker Number": 4,
                                                                    "Actual Startup Time": 0.118,
                                                                    "Actual Total Time": 82.776,
                                                                    "Actual Rows": 451299,
                                                                    "Actual Loops": 1
                                                                }
                                                            ]
                                                        },
                                                        {
                                                            "Node Type": "Hash",
                                                            "Parent Relationship": "Inner",
                                                            "Parallel Aware": true,
                                                            "Startup Cost": 42318.81,
                                                            "Total Cost": 42318.81,
                                                            "Plan Rows": 632080,
                                                            "Plan Width": 4,
                                                            "Actual Startup Time": 287.618,
                                                            "Actual Total Time": 287.62,
                                                            "Actual Rows": 421385,
                                                            "Actual Loops": 6,
                                                            "Output": [
                                                                "t.id"
                                                            ],
                                                            "Hash Buckets": 4194304,
                                                            "Original Hash Buckets": 4194304,
                                                            "Hash Batches": 1,
                                                            "Original Hash Batches": 1,
                                                            "Peak Memory Usage": 131776,
                                                            "Workers": [
                                                                {
                                                                    "Worker Number": 0,
                                                                    "Actual Startup Time": 294.034,
                                                                    "Actual Total Time": 294.036,
                                                                    "Actual Rows": 433995,
                                                                    "Actual Loops": 1
                                                                },
                                                                {
                                                                    "Worker Number": 1,
                                                                    "Actual Startup Time": 293.98,
                                                                    "Actual Total Time": 293.982,
                                                                    "Actual Rows": 433408,
                                                                    "Actual Loops": 1
                                                                },
                                                                {
                                                                    "Worker Number": 2,
                                                                    "Actual Startup Time": 294.09,
                                                                    "Actual Total Time": 294.091,
                                                                    "Actual Rows": 410176,
                                                                    "Actual Loops": 1
                                                                },
                                                                {
                                                                    "Worker Number": 3,
                                                                    "Actual Startup Time": 294.091,
                                                                    "Actual Total Time": 294.092,
                                                                    "Actual Rows": 404333,
                                                                    "Actual Loops": 1
                                                                },
                                                                {
                                                                    "Worker Number": 4,
                                                                    "Actual Startup Time": 293.96,
                                                                    "Actual Total Time": 293.961,
                                                                    "Actual Rows": 428027,
                                                                    "Actual Loops": 1
                                                                }
                                                            ],
                                                            "Plans": [
                                                                {
                                                                    "Node Type": "Seq Scan",
                                                                    "Parent Relationship": "Outer",
                                                                    "Parallel Aware": true,
                                                                    "Relation Name": "title",
                                                                    "Schema": "public",
                                                                    "Alias": "t",
                                                                    "Startup Cost": 0.0,
                                                                    "Total Cost": 42318.81,
                                                                    "Plan Rows": 632080,
                                                                    "Plan Width": 4,
                                                                    "Actual Startup Time": 0.086,
                                                                    "Actual Total Time": 73.268,
                                                                    "Actual Rows": 421385,
                                                                    "Actual Loops": 6,
                                                                    "Output": [
                                                                        "t.id"
                                                                    ],
                                                                    "Workers": [
                                                                        {
                                                                            "Worker Number": 0,
                                                                            "Actual Startup Time": 0.078,
                                                                            "Actual Total Time": 75.377,
                                                                            "Actual Rows": 433995,
                                                                            "Actual Loops": 1
                                                                        },
                                                                        {
                                                                            "Worker Number": 1,
                                                                            "Actual Startup Time": 0.127,
                                                                            "Actual Total Time": 75.385,
                                                                            "Actual Rows": 433408,
                                                                            "Actual Loops": 1
                                                                        },
                                                                        {
                                                                            "Worker Number": 2,
                                                                            "Actual Startup Time": 0.077,
                                                                            "Actual Total Time": 74.356,
                                                                            "Actual Rows": 410176,
                                                                            "Actual Loops": 1
                                                                        },
                                                                        {
                                                                            "Worker Number": 3,
                                                                            "Actual Startup Time": 0.066,
                                                                            "Actual Total Time": 74.463,
                                                                            "Actual Rows": 404333,
                                                                            "Actual Loops": 1
                                                                        },
                                                                        {
                                                                            "Worker Number": 4,
                                                                            "Actual Startup Time": 0.147,
                                                                            "Actual Total Time": 74.765,
                                                                            "Actual Rows": 428027,
                                                                            "Actual Loops": 1
                                                                        }
                                                                    ]
                                                                }
                                                            ]
                                                        }
                                                    ]
                                                }
                                            ]
                                        }
                                    ]
                                }
                            ]
                        }
                    ]
                }
            ]
        },
        "Planning Time": 279.753,
        "Triggers": [],
        "Execution Time": 2341.723
    }
]