[
  {
    "Plan": {
      "Node Type": "Aggregate",
      "Strategy": "Plain",
      "Partial Mode": "Finalize",
      "Parallel Aware": false,
      "Startup Cost": 46482.68,
      "Total Cost": 46482.69,
      "Plan Rows": 1,
      "Plan Width": 8,
      "Actual Startup Time": 95.728,
      "Actual Total Time": 107.622,
      "Actual Rows": 1,
      "Actual Loops": 1,
      "Plans": [
        {
          "Node Type": "Gather",
          "Parent Relationship": "Outer",
          "Parallel Aware": false,
          "Startup Cost": 46482.26,
          "Total Cost": 46482.67,
          "Plan Rows": 4,
          "Plan Width": 8,
          "Actual Startup Time": 95.585,
          "Actual Total Time": 107.613,
          "Actual Rows": 5,
          "Actual Loops": 1,
          "Workers Planned": 4,
          "Workers Launched": 4,
          "Single Copy": false,
          "Plans": [
            {
              "Node Type": "Aggregate",
              "Strategy": "Plain",
              "Partial Mode": "Partial",
              "Parent Relationship": "Outer",
              "Parallel Aware": false,
              "Startup Cost": 45482.26,
              "Total Cost": 45482.27,
              "Plan Rows": 1,
              "Plan Width": 8,
              "Actual Startup Time": 87.706,
              "Actual Total Time": 87.708,
              "Actual Rows": 1,
              "Actual Loops": 5,
              "Plans": [
                {
                  "Node Type": "Seq Scan",
                  "Parent Relationship": "Outer",
                  "Parallel Aware": true,
                  "Relation Name": "title",
                  "Alias": "t",
                  "Startup Cost": 0.0,
                  "Total Cost": 45479.1,
                  "Plan Rows": 1266,
                  "Plan Width": 0,
                  "Actual Startup Time": 60.239,
                  "Actual Total Time": 87.59,
                  "Actual Rows": 959,
                  "Actual Loops": 5,
                  "Filter": "((kind_id = 1) AND (production_year = 1985))",
                  "Rows Removed by Filter": 504704
                }
              ]
            }
          ]
        }
      ]
    },
    "Planning Time": 0.192,
    "Triggers": [],
    "Execution Time": 107.685
  }
]