[
  {
    "Plan": {
      "Node Type": "Aggregate",
      "Strategy": "Plain",
      "Partial Mode": "Finalize",
      "Parallel Aware": false,
      "Startup Cost": 253936.86,
      "Total Cost": 253936.87,
      "Plan Rows": 1,
      "Plan Width": 8,
      "Actual Startup Time": 833.129,
      "Actual Total Time": 879.423,
      "Actual Rows": 1,
      "Actual Loops": 1,
      "Plans": [
        {
          "Node Type": "Gather",
          "Parent Relationship": "Outer",
          "Parallel Aware": false,
          "Startup Cost": 253936.34,
          "Total Cost": 253936.85,
          "Plan Rows": 5,
          "Plan Width": 8,
          "Actual Startup Time": 830.607,
          "Actual Total Time": 879.415,
          "Actual Rows": 6,
          "Actual Loops": 1,
          "Workers Planned": 5,
          "Workers Launched": 5,
          "Single Copy": false,
          "Plans": [
            {
              "Node Type": "Aggregate",
              "Strategy": "Plain",
              "Partial Mode": "Partial",
              "Parent Relationship": "Outer",
              "Parallel Aware": false,
              "Startup Cost": 252936.34,
              "Total Cost": 252936.35,
              "Plan Rows": 1,
              "Plan Width": 8,
              "Actual Startup Time": 820.178,
              "Actual Total Time": 820.18,
              "Actual Rows": 1,
              "Actual Loops": 6,
              "Plans": [
                {
                  "Node Type": "Hash Join",
                  "Parent Relationship": "Outer",
                  "Parallel Aware": true,
                  "Join Type": "Inner",
                  "Startup Cost": 46574.46,
                  "Total Cost": 252072.1,
                  "Plan Rows": 345693,
                  "Plan Width": 0,
                  "Actual Startup Time": 124.162,
                  "Actual Total Time": 790.28,
                  "Actual Rows": 746118,
                  "Actual Loops": 6,
                  "Inner Unique": true,
                  "Hash Cond": "(mi.movie_id = t.id)",
                  "Plans": [
                    {
                      "Node Type": "Seq Scan",
                      "Parent Relationship": "Outer",
                      "Parallel Aware": true,
                      "Relation Name": "movie_info",
                      "Alias": "mi",
                      "Startup Cost": 0.0,
                      "Total Cost": 198952.16,
                      "Plan Rows": 2493512,
                      "Plan Width": 4,
                      "Actual Startup Time": 0.027,
                      "Actual Total Time": 335.296,
                      "Actual Rows": 2100312,
                      "Actual Loops": 6,
                      "Filter": "(info_type_id < 17)",
                      "Rows Removed by Filter": 372308
                    },
                    {
                      "Node Type": "Hash",
                      "Parent Relationship": "Inner",
                      "Parallel Aware": true,
                      "Startup Cost": 45479.1,
                      "Total Cost": 45479.1,
                      "Plan Rows": 87629,
                      "Plan Width": 4,
                      "Actual Startup Time": 108.477,
                      "Actual Total Time": 108.478,
                      "Actual Rows": 70762,
                      "Actual Loops": 6,
                      "Hash Buckets": 524288,
                      "Original Hash Buckets": 524288,
                      "Hash Batches": 1,
                      "Original Hash Batches": 1,
                      "Peak Memory Usage": 20800,
                      "Plans": [
                        {
                          "Node Type": "Seq Scan",
                          "Parent Relationship": "Outer",
                          "Parallel Aware": true,
                          "Relation Name": "title",
                          "Alias": "t",
                          "Startup Cost": 0.0,
                          "Total Cost": 45479.1,
                          "Plan Rows": 87629,
                          "Plan Width": 4,
                          "Actual Startup Time": 52.635,
                          "Actual Total Time": 83.828,
                          "Actual Rows": 70762,
                          "Actual Loops": 6,
                          "Filter": "((production_year < 2005) AND (kind_id = 1))",
                          "Rows Removed by Filter": 350623
                        }
                      ]
                    }
                  ]
                }
              ]
            }
          ]
        }
      ]
    },
    "Planning Time": 0.631,
    "Triggers": [],
    "Execution Time": 879.505
  }
]