{
    "Plan": {
        "Node Type": "Aggregate",
        "Strategy": "Plain",
        "Partial Mode": "Simple",
        "Parallel Aware": false,
        "Startup Cost": 30000529870.99,
        "Total Cost": 30000529871.0,
        "Plan Rows": 1,
        "Plan Width": 96,
        "Actual Startup Time": 5315.968,
        "Actual Total Time": 5315.983,
        "Actual Rows": 1,
        "Actual Loops": 1,
        "Output": [
            "min(mi.info)",
            "min(miidx.info)",
            "min(t.title)"
        ],
        "Plans": [
            {
                "Node Type": "Hash Join",
                "Parent Relationship": "Outer",
                "Parallel Aware": false,
                "Join Type": "Inner",
                "Startup Cost": 30000529856.81,
                "Total Cost": 30000529870.97,
                "Plan Rows": 3,
                "Plan Width": 65,
                "Actual Startup Time": 5294.57,
                "Actual Total Time": 5305.302,
                "Actual Rows": 110492,
                "Actual Loops": 1,
                "Output": [
                    "mi.info",
                    "miidx.info",
                    "t.title"
                ],
                "Inner Unique": false,
                "Hash Cond": "(it.id = miidx.info_type_id)",
                "Plans": [
                    {
                        "Node Type": "Index Scan",
                        "Parent Relationship": "Outer",
                        "Parallel Aware": false,
                        "Scan Direction": "Forward",
                        "Index Name": "info_type_pkey",
                        "Relation Name": "info_type",
                        "Schema": "public",
                        "Alias": "it",
                        "Startup Cost": 10000000000.14,
                        "Total Cost": 10000000014.12,
                        "Plan Rows": 1,
                        "Plan Width": 4,
                        "Actual Startup Time": 0.054,
                        "Actual Total Time": 0.061,
                        "Actual Rows": 1,
                        "Actual Loops": 1,
                        "Output": [
                            "it.id",
                            "it.info"
                        ],
                        "Filter": "((it.info)::text = 'rating'::text)",
                        "Rows Removed by Filter": 112
                    },
                    {
                        "Node Type": "Hash",
                        "Parent Relationship": "Inner",
                        "Parallel Aware": false,
                        "Startup Cost": 20000529852.28,
                        "Total Cost": 20000529852.28,
                        "Plan Rows": 351,
                        "Plan Width": 69,
                        "Actual Startup Time": 5294.504,
                        "Actual Total Time": 5294.517,
                        "Actual Rows": 336389,
                        "Actual Loops": 1,
                        "Output": [
                            "mi.info",
                            "miidx.info",
                            "miidx.info_type_id",
                            "t.title"
                        ],
                        "Hash Buckets": 524288,
                        "Original Hash Buckets": 1024,
                        "Hash Batches": 1,
                        "Original Hash Batches": 1,
                        "Peak Memory Usage": 31586,
                        "Plans": [
                            {
                                "Node Type": "Merge Join",
                                "Parent Relationship": "Outer",
                                "Parallel Aware": false,
                                "Join Type": "Inner",
                                "Startup Cost": 20000529636.64,
                                "Total Cost": 20000529852.28,
                                "Plan Rows": 351,
                                "Plan Width": 69,
                                "Actual Startup Time": 5171.17,
                                "Actual Total Time": 5231.23,
                                "Actual Rows": 336389,
                                "Actual Loops": 1,
                                "Output": [
                                    "mi.info",
                                    "miidx.info",
                                    "miidx.info_type_id",
                                    "t.title"
                                ],
                                "Inner Unique": false,
                                "Merge Cond": "(it2.id = mi.info_type_id)",
                                "Plans": [
                                    {
                                        "Node Type": "Index Scan",
                                        "Parent Relationship": "Outer",
                                        "Parallel Aware": false,
                                        "Scan Direction": "Forward",
                                        "Index Name": "info_type_pkey",
                                        "Relation Name": "info_type",
                                        "Schema": "public",
                                        "Alias": "it2",
                                        "Startup Cost": 0.14,
                                        "Total Cost": 14.12,
                                        "Plan Rows": 1,
                                        "Plan Width": 4,
                                        "Actual Startup Time": 0.013,
                                        "Actual Total Time": 0.032,
                                        "Actual Rows": 1,
                                        "Actual Loops": 1,
                                        "Output": [
                                            "it2.id",
                                            "it2.info"
                                        ],
                                        "Filter": "((it2.info)::text = 'release dates'::text)",
                                        "Rows Removed by Filter": 112
                                    },
                                    {
                                        "Node Type": "Sort",
                                        "Parent Relationship": "Inner",
                                        "Parallel Aware": false,
                                        "Startup Cost": 20000529636.5,
                                        "Total Cost": 20000529735.57,
                                        "Plan Rows": 39630,
                                        "Plan Width": 73,
                                        "Actual Startup Time": 5031.076,
                                        "Actual Total Time": 5125.561,
                                        "Actual Rows": 1026522,
                                        "Actual Loops": 1,
                                        "Output": [
                                            "mi.info",
                                            "mi.info_type_id",
                                            "miidx.info",
                                            "miidx.info_type_id",
                                            "t.title"
                                        ],
                                        "Sort Key": [
                                            "mi.info_type_id"
                                        ],
                                        "Sort Method": "quicksort",
                                        "Sort Space Used": 399725,
                                        "Sort Space Type": "Memory",
                                        "Plans": [
                                            {
                                                "Node Type": "Nested Loop",
                                                "Parent Relationship": "Outer",
                                                "Parallel Aware": false,
                                                "Join Type": "Inner",
                                                "Startup Cost": 20000509231.87,
                                                "Total Cost": 20000526609.89,
                                                "Plan Rows": 39630,
                                                "Plan Width": 73,
                                                "Actual Startup Time": 4102.993,
                                                "Actual Total Time": 4637.31,
                                                "Actual Rows": 1684902,
                                                "Actual Loops": 1,
                                                "Output": [
                                                    "mi.info",
                                                    "mi.info_type_id",
                                                    "miidx.info",
                                                    "miidx.info_type_id",
                                                    "t.title"
                                                ],
                                                "Inner Unique": false,
                                                "Plans": [
                                                    {
                                                        "Node Type": "Hash Join",
                                                        "Parent Relationship": "Outer",
                                                        "Parallel Aware": false,
                                                        "Join Type": "Inner",
                                                        "Startup Cost": 20000509231.43,
                                                        "Total Cost": 20000524205.51,
                                                        "Plan Rows": 1300,
                                                        "Plan Width": 38,
                                                        "Actual Startup Time": 4102.947,
                                                        "Actual Total Time": 4128.538,
                                                        "Actual Rows": 13266,
                                                        "Actual Loops": 1,
                                                        "Output": [
                                                            "mc.movie_id",
                                                            "miidx.info",
                                                            "miidx.movie_id",
                                                            "miidx.info_type_id",
                                                            "t.title",
                                                            "t.id"
                                                        ],
                                                        "Inner Unique": false,
                                                        "Hash Cond": "(cn.id = mc.company_id)",
                                                        "Plans": [
                                                            {
                                                                "Node Type": "Seq Scan",
                                                                "Parent Relationship": "Outer",
                                                                "Parallel Aware": false,
                                                                "Relation Name": "company_name",
                                                                "Schema": "public",
                                                                "Alias": "cn",
                                                                "Startup Cost": 10000000000.0,
                                                                "Total Cost": 10000005932.46,
                                                                "Plan Rows": 1159,
                                                                "Plan Width": 4,
                                                                "Actual Startup Time": 0.04,
                                                                "Actual Total Time": 20.413,
                                                                "Actual Rows": 1254,
                                                                "Actual Loops": 1,
                                                                "Output": [
                                                                    "cn.id",
                                                                    "cn.name",
                                                                    "cn.country_code",
                                                                    "cn.imdb_id",
                                                                    "cn.name_pcode_nf",
                                                                    "cn.name_pcode_sf",
                                                                    "cn.md5sum"
                                                                ],
                                                                "Filter": "((cn.country_code)::text = '[ch]'::text)",
                                                                "Rows Removed by Filter": 233743
                                                            },
                                                            {
                                                                "Node Type": "Hash",
                                                                "Parent Relationship": "Inner",
                                                                "Parallel Aware": false,
                                                                "Startup Cost": 10000505936.4,
                                                                "Total Cost": 10000505936.4,
                                                                "Plan Rows": 263603,
                                                                "Plan Width": 42,
                                                                "Actual Startup Time": 4102.05,
                                                                "Actual Total Time": 4102.059,
                                                                "Actual Rows": 1419114,
                                                                "Actual Loops": 1,
                                                                "Output": [
                                                                    "mc.movie_id",
                                                                    "mc.company_id",
                                                                    "miidx.info",
                                                                    "miidx.movie_id",
                                                                    "miidx.info_type_id",
                                                                    "t.title",
                                                                    "t.id"
                                                                ],
                                                                "Hash Buckets": 2097152,
                                                                "Original Hash Buckets": 524288,
                                                                "Hash Batches": 1,
                                                                "Original Hash Batches": 1,
                                                                "Peak Memory Usage": 124662,
                                                                "Plans": [
                                                                    {
                                                                        "Node Type": "Merge Join",
                                                                        "Parent Relationship": "Outer",
                                                                        "Parallel Aware": false,
                                                                        "Join Type": "Inner",
                                                                        "Startup Cost": 10000494062.14,
                                                                        "Total Cost": 10000505936.4,
                                                                        "Plan Rows": 263603,
                                                                        "Plan Width": 42,
                                                                        "Actual Startup Time": 3576.427,
                                                                        "Actual Total Time": 3814.571,
                                                                        "Actual Rows": 1419114,
                                                                        "Actual Loops": 1,
                                                                        "Output": [
                                                                            "mc.movie_id",
                                                                            "mc.company_id",
                                                                            "miidx.info",
                                                                            "miidx.movie_id",
                                                                            "miidx.info_type_id",
                                                                            "t.title",
                                                                            "t.id"
                                                                        ],
                                                                        "Inner Unique": false,
                                                                        "Merge Cond": "(kt.id = t.kind_id)",
                                                                        "Plans": [
                                                                            {
                                                                                "Node Type": "Index Scan",
                                                                                "Parent Relationship": "Outer",
                                                                                "Parallel Aware": false,
                                                                                "Scan Direction": "Forward",
                                                                                "Index Name": "kind_type_pkey",
                                                                                "Relation Name": "kind_type",
                                                                                "Schema": "public",
                                                                                "Alias": "kt",
                                                                                "Startup Cost": 0.13,
                                                                                "Total Cost": 12.26,
                                                                                "Plan Rows": 1,
                                                                                "Plan Width": 4,
                                                                                "Actual Startup Time": 0.017,
                                                                                "Actual Total Time": 0.029,
                                                                                "Actual Rows": 1,
                                                                                "Actual Loops": 1,
                                                                                "Output": [
                                                                                    "kt.id",
                                                                                    "kt.kind"
                                                                                ],
                                                                                "Filter": "((kt.kind)::text = 'movie'::text)",
                                                                                "Rows Removed by Filter": 6
                                                                            },
                                                                            {
                                                                                "Node Type": "Sort",
                                                                                "Parent Relationship": "Inner",
                                                                                "Parallel Aware": false,
                                                                                "Startup Cost": 10000494062.01,
                                                                                "Total Cost": 10000498675.06,
                                                                                "Plan Rows": 1845220,
                                                                                "Plan Width": 46,
                                                                                "Actual Startup Time": 3576.4,
                                                                                "Actual Total Time": 3640.758,
                                                                                "Actual Rows": 1419115,
                                                                                "Actual Loops": 1,
                                                                                "Output": [
                                                                                    "mc.movie_id",
                                                                                    "mc.company_id",
                                                                                    "miidx.info",
                                                                                    "miidx.movie_id",
                                                                                    "miidx.info_type_id",
                                                                                    "t.title",
                                                                                    "t.id",
                                                                                    "t.kind_id"
                                                                                ],
                                                                                "Sort Key": [
                                                                                    "t.kind_id"
                                                                                ],
                                                                                "Sort Method": "quicksort",
                                                                                "Sort Space Used": 345743,
                                                                                "Sort Space Type": "Memory",
                                                                                "Plans": [
                                                                                    {
                                                                                        "Node Type": "Hash Join",
                                                                                        "Parent Relationship": "Outer",
                                                                                        "Parallel Aware": false,
                                                                                        "Join Type": "Inner",
                                                                                        "Startup Cost": 10000226669.9,
                                                                                        "Total Cost": 10000302017.4,
                                                                                        "Plan Rows": 1845220,
                                                                                        "Plan Width": 46,
                                                                                        "Actual Startup Time": 1993.294,
                                                                                        "Actual Total Time": 3065.99,
                                                                                        "Actual Rows": 2319675,
                                                                                        "Actual Loops": 1,
                                                                                        "Output": [
                                                                                            "mc.movie_id",
                                                                                            "mc.company_id",
                                                                                            "miidx.info",
                                                                                            "miidx.movie_id",
                                                                                            "miidx.info_type_id",
                                                                                            "t.title",
                                                                                            "t.id",
                                                                                            "t.kind_id"
                                                                                        ],
                                                                                        "Inner Unique": false,
                                                                                        "Hash Cond": "(mc.movie_id = t.id)",
                                                                                        "Plans": [
                                                                                            {
                                                                                                "Node Type": "Hash Join",
                                                                                                "Parent Relationship": "Outer",
                                                                                                "Parallel Aware": false,
                                                                                                "Join Type": "Inner",
                                                                                                "Startup Cost": 10000133784.65,
                                                                                                "Total Cost": 10000179147.33,
                                                                                                "Plan Rows": 1845220,
                                                                                                "Plan Width": 21,
                                                                                                "Actual Startup Time": 1017.792,
                                                                                                "Actual Total Time": 1599.035,
                                                                                                "Actual Rows": 2319675,
                                                                                                "Actual Loops": 1,
                                                                                                "Output": [
                                                                                                    "mc.movie_id",
                                                                                                    "mc.company_id",
                                                                                                    "miidx.info",
                                                                                                    "miidx.movie_id",
                                                                                                    "miidx.info_type_id"
                                                                                                ],
                                                                                                "Inner Unique": false,
                                                                                                "Hash Cond": "(miidx.movie_id = mc.movie_id)",
                                                                                                "Plans": [
                                                                                                    {
                                                                                                        "Node Type": "Seq Scan",
                                                                                                        "Parent Relationship": "Outer",
                                                                                                        "Parallel Aware": false,
                                                                                                        "Relation Name": "movie_info_idx",
                                                                                                        "Schema": "public",
                                                                                                        "Alias": "miidx",
                                                                                                        "Startup Cost": 0.0,
                                                                                                        "Total Cost": 21735.35,
                                                                                                        "Plan Rows": 1380035,
                                                                                                        "Plan Width": 13,
                                                                                                        "Actual Startup Time": 0.016,
                                                                                                        "Actual Total Time": 109.717,
                                                                                                        "Actual Rows": 1380035,
                                                                                                        "Actual Loops": 1,
                                                                                                        "Output": [
                                                                                                            "miidx.id",
                                                                                                            "miidx.movie_id",
                                                                                                            "miidx.info_type_id",
                                                                                                            "miidx.info",
                                                                                                            "miidx.note"
                                                                                                        ]
                                                                                                    },
                                                                                                    {
                                                                                                        "Node Type": "Hash",
                                                                                                        "Parent Relationship": "Inner",
                                                                                                        "Parallel Aware": false,
                                                                                                        "Startup Cost": 10000125631.13,
                                                                                                        "Total Cost": 10000125631.13,
                                                                                                        "Plan Rows": 652282,
                                                                                                        "Plan Width": 8,
                                                                                                        "Actual Startup Time": 1016.71,
                                                                                                        "Actual Total Time": 1016.713,
                                                                                                        "Actual Rows": 1274246,
                                                                                                        "Actual Loops": 1,
                                                                                                        "Output": [
                                                                                                            "mc.movie_id",
                                                                                                            "mc.company_id"
                                                                                                        ],
                                                                                                        "Hash Buckets": 2097152,
                                                                                                        "Original Hash Buckets": 1048576,
                                                                                                        "Hash Batches": 1,
                                                                                                        "Original Hash Batches": 1,
                                                                                                        "Peak Memory Usage": 66160,
                                                                                                        "Plans": [
                                                                                                            {
                                                                                                                "Node Type": "Hash Join",
                                                                                                                "Parent Relationship": "Outer",
                                                                                                                "Parallel Aware": false,
                                                                                                                "Join Type": "Inner",
                                                                                                                "Startup Cost": 10000117444.48,
                                                                                                                "Total Cost": 10000125631.13,
                                                                                                                "Plan Rows": 652282,
                                                                                                                "Plan Width": 8,
                                                                                                                "Actual Startup Time": 728.212,
                                                                                                                "Actual Total Time": 831.54,
                                                                                                                "Actual Rows": 1274246,
                                                                                                                "Actual Loops": 1,
                                                                                                                "Output": [
                                                                                                                    "mc.movie_id",
                                                                                                                    "mc.company_id"
                                                                                                                ],
                                                                                                                "Inner Unique": false,
                                                                                                                "Hash Cond": "(ct.id = mc.company_type_id)",
                                                                                                                "Plans": [
                                                                                                                    {
                                                                                                                        "Node Type": "Seq Scan",
                                                                                                                        "Parent Relationship": "Outer",
                                                                                                                        "Parallel Aware": false,
                                                                                                                        "Relation Name": "company_type",
                                                                                                                        "Schema": "public",
                                                                                                                        "Alias": "ct",
                                                                                                                        "Startup Cost": 10000000000.0,
                                                                                                                        "Total Cost": 10000000001.05,
                                                                                                                        "Plan Rows": 1,
                                                                                                                        "Plan Width": 4,
                                                                                                                        "Actual Startup Time": 0.014,
                                                                                                                        "Actual Total Time": 0.022,
                                                                                                                        "Actual Rows": 1,
                                                                                                                        "Actual Loops": 1,
                                                                                                                        "Output": [
                                                                                                                            "ct.id",
                                                                                                                            "ct.kind"
                                                                                                                        ],
                                                                                                                        "Filter": "((ct.kind)::text = 'distributors'::text)",
                                                                                                                        "Rows Removed by Filter": 3
                                                                                                                    },
                                                                                                                    {
                                                                                                                        "Node Type": "Hash",
                                                                                                                        "Parent Relationship": "Inner",
                                                                                                                        "Parallel Aware": false,
                                                                                                                        "Startup Cost": 84830.36,
                                                                                                                        "Total Cost": 84830.36,
                                                                                                                        "Plan Rows": 2609129,
                                                                                                                        "Plan Width": 12,
                                                                                                                        "Actual Startup Time": 724.011,
                                                                                                                        "Actual Total Time": 724.012,
                                                                                                                        "Actual Rows": 2609129,
                                                                                                                        "Actual Loops": 1,
                                                                                                                        "Output": [
                                                                                                                            "mc.movie_id",
                                                                                                                            "mc.company_id",
                                                                                                                            "mc.company_type_id"
                                                                                                                        ],
                                                                                                                        "Hash Buckets": 4194304,
                                                                                                                        "Original Hash Buckets": 4194304,
                                                                                                                        "Hash Batches": 1,
                                                                                                                        "Original Hash Batches": 1,
                                                                                                                        "Peak Memory Usage": 144880,
                                                                                                                        "Plans": [
                                                                                                                            {
                                                                                                                                "Node Type": "Index Scan",
                                                                                                                                "Parent Relationship": "Outer",
                                                                                                                                "Parallel Aware": false,
                                                                                                                                "Scan Direction": "Forward",
                                                                                                                                "Index Name": "company_type_id_movie_companies",
                                                                                                                                "Relation Name": "movie_companies",
                                                                                                                                "Schema": "public",
                                                                                                                                "Alias": "mc",
                                                                                                                                "Startup Cost": 0.43,
                                                                                                                                "Total Cost": 84830.36,
                                                                                                                                "Plan Rows": 2609129,
                                                                                                                                "Plan Width": 12,
                                                                                                                                "Actual Startup Time": 0.026,
                                                                                                                                "Actual Total Time": 448.763,
                                                                                                                                "Actual Rows": 2609129,
                                                                                                                                "Actual Loops": 1,
                                                                                                                                "Output": [
                                                                                                                                    "mc.movie_id",
                                                                                                                                    "mc.company_id",
                                                                                                                                    "mc.company_type_id"
                                                                                                                                ]
                                                                                                                            }
                                                                                                                        ]
                                                                                                                    }
                                                                                                                ]
                                                                                                            }
                                                                                                        ]
                                                                                                    }
                                                                                                ]
                                                                                            },
                                                                                            {
                                                                                                "Node Type": "Hash",
                                                                                                "Parent Relationship": "Inner",
                                                                                                "Parallel Aware": false,
                                                                                                "Startup Cost": 61281.22,
                                                                                                "Total Cost": 61281.22,
                                                                                                "Plan Rows": 2528322,
                                                                                                "Plan Width": 25,
                                                                                                "Actual Startup Time": 970.041,
                                                                                                "Actual Total Time": 970.042,
                                                                                                "Actual Rows": 2528312,
                                                                                                "Actual Loops": 1,
                                                                                                "Output": [
                                                                                                    "t.title",
                                                                                                    "t.id",
                                                                                                    "t.kind_id"
                                                                                                ],
                                                                                                "Hash Buckets": 4194304,
                                                                                                "Original Hash Buckets": 4194304,
                                                                                                "Hash Batches": 1,
                                                                                                "Original Hash Batches": 1,
                                                                                                "Peak Memory Usage": 178513,
                                                                                                "Plans": [
                                                                                                    {
                                                                                                        "Node Type": "Seq Scan",
                                                                                                        "Parent Relationship": "Outer",
                                                                                                        "Parallel Aware": false,
                                                                                                        "Relation Name": "title",
                                                                                                        "Schema": "public",
                                                                                                        "Alias": "t",
                                                                                                        "Startup Cost": 0.0,
                                                                                                        "Total Cost": 61281.22,
                                                                                                        "Plan Rows": 2528322,
                                                                                                        "Plan Width": 25,
                                                                                                        "Actual Startup Time": 0.023,
                                                                                                        "Actual Total Time": 305.502,
                                                                                                        "Actual Rows": 2528312,
                                                                                                        "Actual Loops": 1,
                                                                                                        "Output": [
                                                                                                            "t.title",
                                                                                                            "t.id",
                                                                                                            "t.kind_id"
                                                                                                        ]
                                                                                                    }
                                                                                                ]
                                                                                            }
                                                                                        ]
                                                                                    }
                                                                                ]
                                                                            }
                                                                        ]
                                                                    }
                                                                ]
                                                            }
                                                        ]
                                                    },
                                                    {
                                                        "Node Type": "Index Scan",
                                                        "Parent Relationship": "Inner",
                                                        "Parallel Aware": false,
                                                        "Scan Direction": "Forward",
                                                        "Index Name": "movie_id_movie_info",
                                                        "Relation Name": "movie_info",
                                                        "Schema": "public",
                                                        "Alias": "mi",
                                                        "Startup Cost": 0.43,
                                                        "Total Cost": 1.46,
                                                        "Plan Rows": 39,
                                                        "Plan Width": 51,
                                                        "Actual Startup Time": 0.004,
                                                        "Actual Total Time": 0.026,
                                                        "Actual Rows": 127,
                                                        "Actual Loops": 13266,
                                                        "Output": [
                                                            "mi.id",
                                                            "mi.movie_id",
                                                            "mi.info_type_id",
                                                            "mi.info",
                                                            "mi.note"
                                                        ],
                                                        "Index Cond": "(mi.movie_id = t.id)",
                                                        "Rows Removed by Index Recheck": 0
                                                    }
                                                ]
                                            }
                                        ]
                                    }
                                ]
                            }
                        ]
                    }
                ]
            }
        ]
    },
    "Planning Time": 9.953,
    "Triggers": [],
    "Execution Time": 5320.146
}