{
  "Plan": {
    "Node Type": "Aggregate",
    "Strategy": "Plain",
    "Partial Mode": "Simple",
    "Parallel Aware": false,
    "Startup Cost": 57801.61,
    "Total Cost": 57801.62,
    "Plan Rows": 1,
    "Plan Width": 96,
    "Actual Startup Time": 651.291,
    "Actual Total Time": 651.583,
    "Actual Rows": 1,
    "Actual Loops": 1,
    "Plans": [
      {
        "Node Type": "Gather",
        "Parent Relationship": "Outer",
        "Parallel Aware": false,
        "Startup Cost": 5842.75,
        "Total Cost": 57801.6,
        "Plan Rows": 1,
        "Plan Width": 42,
        "Actual Startup Time": 219.435,
        "Actual Total Time": 651.567,
        "Actual Rows": 8,
        "Actual Loops": 1,
        "Workers Planned": 1,
        "Workers Launched": 0,
        "Single Copy": false,
        "Plans": [
          {
            "Node Type": "Hash Join",
            "Parent Relationship": "Outer",
            "Parallel Aware": false,
            "Join Type": "Inner",
            "Startup Cost": 4842.75,
            "Total Cost": 56801.5,
            "Plan Rows": 1,
            "Plan Width": 42,
            "Actual Startup Time": 218.314,
            "Actual Total Time": 650.161,
            "Actual Rows": 8,
            "Actual Loops": 1,
            "Inner Unique": true,
            "Hash Cond": "(mi.info_type_id = it2.id)",
            "Plans": [
              {
                "Node Type": "Nested Loop",
                "Parent Relationship": "Outer",
                "Parallel Aware": false,
                "Join Type": "Inner",
                "Startup Cost": 4840.33,
                "Total Cost": 56799.06,
                "Plan Rows": 4,
                "Plan Width": 46,
                "Actual Startup Time": 218.239,
                "Actual Total Time": 650.083,
                "Actual Rows": 42,
                "Actual Loops": 1,
                "Inner Unique": false,
                "Plans": [
                  {
                    "Node Type": "Nested Loop",
                    "Parent Relationship": "Outer",
                    "Parallel Aware": false,
                    "Join Type": "Inner",
                    "Startup Cost": 4839.89,
                    "Total Cost": 56797.22,
                    "Plan Rows": 1,
                    "Plan Width": 54,
                    "Actual Startup Time": 218.224,
                    "Actual Total Time": 650.001,
                    "Actual Rows": 3,
                    "Actual Loops": 1,
                    "Inner Unique": true,
                    "Plans": [
                      {
                        "Node Type": "Hash Join",
                        "Parent Relationship": "Outer",
                        "Parallel Aware": false,
                        "Join Type": "Inner",
                        "Startup Cost": 4839.75,
                        "Total Cost": 56797.04,
                        "Plan Rows": 1,
                        "Plan Width": 58,
                        "Actual Startup Time": 218.207,
                        "Actual Total Time": 649.971,
                        "Actual Rows": 9,
                        "Actual Loops": 1,
                        "Inner Unique": true,
                        "Hash Cond": "(t.kind_id = kt.id)",
                        "Plans": [
                          {
                            "Node Type": "Nested Loop",
                            "Parent Relationship": "Outer",
                            "Parallel Aware": false,
                            "Join Type": "Inner",
                            "Startup Cost": 4838.65,
                            "Total Cost": 56795.94,
                            "Plan Rows": 2,
                            "Plan Width": 62,
                            "Actual Startup Time": 218.157,
                            "Actual Total Time": 649.916,
                            "Actual Rows": 15,
                            "Actual Loops": 1,
                            "Inner Unique": false,
                            "Plans": [
                              {
                                "Node Type": "Nested Loop",
                                "Parent Relationship": "Outer",
                                "Parallel Aware": false,
                                "Join Type": "Inner",
                                "Startup Cost": 4838.22,
                                "Total Cost": 56793.28,
                                "Plan Rows": 5,
                                "Plan Width": 48,
                                "Actual Startup Time": 64.714,
                                "Actual Total Time": 649.837,
                                "Actual Rows": 21,
                                "Actual Loops": 1,
                                "Inner Unique": true,
                                "Plans": [
                                  {
                                    "Node Type": "Hash Join",
                                    "Parent Relationship": "Outer",
                                    "Parallel Aware": false,
                                    "Join Type": "Inner",
                                    "Startup Cost": 4837.79,
                                    "Total Cost": 43551.0,
                                    "Plan Rows": 25272,
                                    "Plan Width": 23,
                                    "Actual Startup Time": 44.871,
                                    "Actual Total Time": 476.344,
                                    "Actual Rows": 86253,
                                    "Actual Loops": 1,
                                    "Inner Unique": true,
                                    "Hash Cond": "(mc.company_type_id = ct.id)",
                                    "Plans": [
                                      {
                                        "Node Type": "Hash Join",
                                        "Parent Relationship": "Outer",
                                        "Parallel Aware": true,
                                        "Join Type": "Inner",
                                        "Startup Cost": 4836.73,
                                        "Total Cost": 43003.43,
                                        "Plan Rows": 101088,
                                        "Plan Width": 27,
                                        "Actual Startup Time": 44.844,
                                        "Actual Total Time": 459.553,
                                        "Actual Rows": 204735,
                                        "Actual Loops": 1,
                                        "Inner Unique": true,
                                        "Hash Cond": "(mc.company_id = cn.id)",
                                        "Plans": [
                                          {
                                            "Node Type": "Seq Scan",
                                            "Parent Relationship": "Outer",
                                            "Parallel Aware": true,
                                            "Relation Name": "movie_companies",
                                            "Alias": "mc",
                                            "Startup Cost": 0.0,
                                            "Total Cost": 34137.82,
                                            "Plan Rows": 1534782,
                                            "Plan Width": 12,
                                            "Actual Startup Time": 0.006,
                                            "Actual Total Time": 171.343,
                                            "Actual Rows": 2609129,
                                            "Actual Loops": 1
                                          },
                                          {
                                            "Node Type": "Hash",
                                            "Parent Relationship": "Inner",
                                            "Parallel Aware": true,
                                            "Startup Cost": 4722.92,
                                            "Total Cost": 4722.92,
                                            "Plan Rows": 9105,
                                            "Plan Width": 23,
                                            "Actual Startup Time": 43.927,
                                            "Actual Total Time": 43.928,
                                            "Actual Rows": 16045,
                                            "Actual Loops": 1,
                                            "Hash Buckets": 16384,
                                            "Original Hash Buckets": 16384,
                                            "Hash Batches": 1,
                                            "Original Hash Batches": 1,
                                            "Peak Memory Usage": 1056,
                                            "Plans": [
                                              {
                                                "Node Type": "Seq Scan",
                                                "Parent Relationship": "Outer",
                                                "Parallel Aware": true,
                                                "Relation Name": "company_name",
                                                "Alias": "cn",
                                                "Startup Cost": 0.0,
                                                "Total Cost": 4722.92,
                                                "Plan Rows": 9105,
                                                "Plan Width": 23,
                                                "Actual Startup Time": 0.052,
                                                "Actual Total Time": 37.059,
                                                "Actual Rows": 16045,
                                                "Actual Loops": 1,
                                                "Filter": "((country_code)::text = '[gb]'::text)",
                                                "Rows Removed by Filter": 218952
                                              }
                                            ]
                                          }
                                        ]
                                      },
                                      {
                                        "Node Type": "Hash",
                                        "Parent Relationship": "Inner",
                                        "Parallel Aware": false,
                                        "Startup Cost": 1.05,
                                        "Total Cost": 1.05,
                                        "Plan Rows": 1,
                                        "Plan Width": 4,
                                        "Actual Startup Time": 0.016,
                                        "Actual Total Time": 0.017,
                                        "Actual Rows": 1,
                                        "Actual Loops": 1,
                                        "Hash Buckets": 1024,
                                        "Original Hash Buckets": 1024,
                                        "Hash Batches": 1,
                                        "Original Hash Batches": 1,
                                        "Peak Memory Usage": 9,
                                        "Plans": [
                                          {
                                            "Node Type": "Seq Scan",
                                            "Parent Relationship": "Outer",
                                            "Parallel Aware": false,
                                            "Relation Name": "company_type",
                                            "Alias": "ct",
                                            "Startup Cost": 0.0,
                                            "Total Cost": 1.05,
                                            "Plan Rows": 1,
                                            "Plan Width": 4,
                                            "Actual Startup Time": 0.011,
                                            "Actual Total Time": 0.013,
                                            "Actual Rows": 1,
                                            "Actual Loops": 1,
                                            "Filter": "((kind)::text = 'distributors'::text)",
                                            "Rows Removed by Filter": 3
                                          }
                                        ]
                                      }
                                    ]
                                  },
                                  {
                                    "Node Type": "Index Scan",
                                    "Parent Relationship": "Inner",
                                    "Parallel Aware": false,
                                    "Scan Direction": "Forward",
                                    "Index Name": "title_pkey",
                                    "Relation Name": "title",
                                    "Alias": "t",
                                    "Startup Cost": 0.43,
                                    "Total Cost": 0.52,
                                    "Plan Rows": 1,
                                    "Plan Width": 25,
                                    "Actual Startup Time": 0.002,
                                    "Actual Total Time": 0.002,
                                    "Actual Rows": 0,
                                    "Actual Loops": 86253,
                                    "Index Cond": "(id = mc.movie_id)",
                                    "Rows Removed by Index Recheck": 0,
                                    "Filter": "((title <> ''::text) AND ((title ~~ 'Champion%'::text) OR (title ~~ 'Loser%'::text)))",
                                    "Rows Removed by Filter": 1
                                  }
                                ]
                              },
                              {
                                "Node Type": "Index Scan",
                                "Parent Relationship": "Inner",
                                "Parallel Aware": false,
                                "Scan Direction": "Forward",
                                "Index Name": "movie_id_movie_info_idx",
                                "Relation Name": "movie_info_idx",
                                "Alias": "miidx",
                                "Startup Cost": 0.43,
                                "Total Cost": 0.5,
                                "Plan Rows": 3,
                                "Plan Width": 14,
                                "Actual Startup Time": 0.003,
                                "Actual Total Time": 0.003,
                                "Actual Rows": 1,
                                "Actual Loops": 21,
                                "Index Cond": "(movie_id = mc.movie_id)",
                                "Rows Removed by Index Recheck": 0
                              }
                            ]
                          },
                          {
                            "Node Type": "Hash",
                            "Parent Relationship": "Inner",
                            "Parallel Aware": false,
                            "Startup Cost": 1.09,
                            "Total Cost": 1.09,
                            "Plan Rows": 1,
                            "Plan Width": 4,
                            "Actual Startup Time": 0.041,
                            "Actual Total Time": 0.041,
                            "Actual Rows": 1,
                            "Actual Loops": 1,
                            "Hash Buckets": 1024,
                            "Original Hash Buckets": 1024,
                            "Hash Batches": 1,
                            "Original Hash Batches": 1,
                            "Peak Memory Usage": 9,
                            "Plans": [
                              {
                                "Node Type": "Seq Scan",
                                "Parent Relationship": "Outer",
                                "Parallel Aware": false,
                                "Relation Name": "kind_type",
                                "Alias": "kt",
                                "Startup Cost": 0.0,
                                "Total Cost": 1.09,
                                "Plan Rows": 1,
                                "Plan Width": 4,
                                "Actual Startup Time": 0.035,
                                "Actual Total Time": 0.037,
                                "Actual Rows": 1,
                                "Actual Loops": 1,
                                "Filter": "((kind)::text = 'movie'::text)",
                                "Rows Removed by Filter": 6
                              }
                            ]
                          }
                        ]
                      },
                      {
                        "Node Type": "Index Scan",
                        "Parent Relationship": "Inner",
                        "Parallel Aware": false,
                        "Scan Direction": "Forward",
                        "Index Name": "info_type_pkey",
                        "Relation Name": "info_type",
                        "Alias": "it",
                        "Startup Cost": 0.14,
                        "Total Cost": 0.16,
                        "Plan Rows": 1,
                        "Plan Width": 4,
                        "Actual Startup Time": 0.002,
                        "Actual Total Time": 0.002,
                        "Actual Rows": 0,
                        "Actual Loops": 9,
                        "Index Cond": "(id = miidx.info_type_id)",
                        "Rows Removed by Index Recheck": 0,
                        "Filter": "((info)::text = 'rating'::text)",
                        "Rows Removed by Filter": 1
                      }
                    ]
                  },
                  {
                    "Node Type": "Index Scan",
                    "Parent Relationship": "Inner",
                    "Parallel Aware": false,
                    "Scan Direction": "Forward",
                    "Index Name": "movie_id_movie_info",
                    "Relation Name": "movie_info",
                    "Alias": "mi",
                    "Startup Cost": 0.43,
                    "Total Cost": 1.45,
                    "Plan Rows": 39,
                    "Plan Width": 8,
                    "Actual Startup Time": 0.008,
                    "Actual Total Time": 0.024,
                    "Actual Rows": 14,
                    "Actual Loops": 3,
                    "Index Cond": "(movie_id = mc.movie_id)",
                    "Rows Removed by Index Recheck": 0
                  }
                ]
              },
              {
                "Node Type": "Hash",
                "Parent Relationship": "Inner",
                "Parallel Aware": false,
                "Startup Cost": 2.41,
                "Total Cost": 2.41,
                "Plan Rows": 1,
                "Plan Width": 4,
                "Actual Startup Time": 0.056,
                "Actual Total Time": 0.056,
                "Actual Rows": 1,
                "Actual Loops": 1,
                "Hash Buckets": 1024,
                "Original Hash Buckets": 1024,
                "Hash Batches": 1,
                "Original Hash Batches": 1,
                "Peak Memory Usage": 9,
                "Plans": [
                  {
                    "Node Type": "Seq Scan",
                    "Parent Relationship": "Outer",
                    "Parallel Aware": false,
                    "Relation Name": "info_type",
                    "Alias": "it2",
                    "Startup Cost": 0.0,
                    "Total Cost": 2.41,
                    "Plan Rows": 1,
                    "Plan Width": 4,
                    "Actual Startup Time": 0.03,
                    "Actual Total Time": 0.049,
                    "Actual Rows": 1,
                    "Actual Loops": 1,
                    "Filter": "((info)::text = 'release dates'::text)",
                    "Rows Removed by Filter": 112
                  }
                ]
              }
            ]
          }
        ]
      }
    ]
  },
  "Planning Time": 2.746,
  "Triggers": [],
  "Execution Time": 651.754
}