[
  {
    "Plan": {
      "Node Type": "Aggregate",
      "Strategy": "Plain",
      "Partial Mode": "Finalize",
      "Parallel Aware": false,
      "Startup Cost": 135164.13,
      "Total Cost": 135164.14,
      "Plan Rows": 1,
      "Plan Width": 8,
      "Actual Startup Time": 1153.386,
      "Actual Total Time": 1173.217,
      "Actual Rows": 1,
      "Actual Loops": 1,
      "Plans": [
        {
          "Node Type": "Gather",
          "Parent Relationship": "Outer",
          "Parallel Aware": false,
          "Startup Cost": 135163.81,
          "Total Cost": 135164.12,
          "Plan Rows": 3,
          "Plan Width": 8,
          "Actual Startup Time": 1142.458,
          "Actual Total Time": 1173.207,
          "Actual Rows": 4,
          "Actual Loops": 1,
          "Workers Planned": 3,
          "Workers Launched": 3,
          "Single Copy": false,
          "Plans": [
            {
              "Node Type": "Aggregate",
              "Strategy": "Plain",
              "Partial Mode": "Partial",
              "Parent Relationship": "Outer",
              "Parallel Aware": false,
              "Startup Cost": 134163.81,
              "Total Cost": 134163.82,
              "Plan Rows": 1,
              "Plan Width": 8,
              "Actual Startup Time": 1130.479,
              "Actual Total Time": 1131.023,
              "Actual Rows": 1,
              "Actual Loops": 4,
              "Plans": [
                {
                  "Node Type": "Hash Join",
                  "Parent Relationship": "Outer",
                  "Parallel Aware": true,
                  "Join Type": "Inner",
                  "Startup Cost": 86252.49,
                  "Total Cost": 132468.06,
                  "Plan Rows": 678300,
                  "Plan Width": 0,
                  "Actual Startup Time": 659.833,
                  "Actual Total Time": 1042.943,
                  "Actual Rows": 2033355,
                  "Actual Loops": 4,
                  "Inner Unique": false,
                  "Hash Cond": "(mk.movie_id = t.id)",
                  "Plans": [
                    {
                      "Node Type": "Seq Scan",
                      "Parent Relationship": "Outer",
                      "Parallel Aware": true,
                      "Relation Name": "movie_keyword",
                      "Alias": "mk",
                      "Startup Cost": 0.0,
                      "Total Cost": 39047.32,
                      "Plan Rows": 1459332,
                      "Plan Width": 4,
                      "Actual Startup Time": 0.037,
                      "Actual Total Time": 94.951,
                      "Actual Rows": 1130982,
                      "Actual Loops": 4
                    },
                    {
                      "Node Type": "Hash",
                      "Parent Relationship": "Inner",
                      "Parallel Aware": true,
                      "Startup Cost": 82580.14,
                      "Total Cost": 82580.14,
                      "Plan Rows": 293788,
                      "Plan Width": 8,
                      "Actual Startup Time": 652.084,
                      "Actual Total Time": 652.626,
                      "Actual Rows": 316598,
                      "Actual Loops": 4,
                      "Hash Buckets": 2097152,
                      "Original Hash Buckets": 2097152,
                      "Hash Batches": 1,
                      "Original Hash Batches": 1,
                      "Peak Memory Usage": 65952,
                      "Plans": [
                        {
                          "Node Type": "Hash Join",
                          "Parent Relationship": "Outer",
                          "Parallel Aware": true,
                          "Join Type": "Inner",
                          "Startup Cost": 36153.34,
                          "Total Cost": 82580.14,
                          "Plan Rows": 293788,
                          "Plan Width": 8,
                          "Actual Startup Time": 202.168,
                          "Actual Total Time": 536.839,
                          "Actual Rows": 316598,
                          "Actual Loops": 4,
                          "Inner Unique": false,
                          "Hash Cond": "(t.id = mc.movie_id)",
                          "Plans": [
                            {
                              "Node Type": "Seq Scan",
                              "Parent Relationship": "Outer",
                              "Parallel Aware": true,
                              "Relation Name": "title",
                              "Alias": "t",
                              "Startup Cost": 0.0,
                              "Total Cost": 42318.73,
                              "Plan Rows": 632073,
                              "Plan Width": 4,
                              "Actual Startup Time": 0.013,
                              "Actual Total Time": 82.666,
                              "Actual Rows": 632078,
                              "Actual Loops": 4
                            },
                            {
                              "Node Type": "Hash",
                              "Parent Relationship": "Inner",
                              "Parallel Aware": true,
                              "Startup Cost": 31414.82,
                              "Total Cost": 31414.82,
                              "Plan Rows": 379082,
                              "Plan Width": 4,
                              "Actual Startup Time": 198.455,
                              "Actual Total Time": 198.456,
                              "Actual Rows": 316598,
                              "Actual Loops": 4,
                              "Hash Buckets": 2097152,
                              "Original Hash Buckets": 2097152,
                              "Hash Batches": 1,
                              "Original Hash Batches": 1,
                              "Peak Memory Usage": 65984,
                              "Plans": [
                                {
                                  "Node Type": "Seq Scan",
                                  "Parent Relationship": "Outer",
                                  "Parallel Aware": true,
                                  "Relation Name": "movie_companies",
                                  "Alias": "mc",
                                  "Startup Cost": 0.0,
                                  "Total Cost": 31414.82,
                                  "Plan Rows": 379082,
                                  "Plan Width": 4,
                                  "Actual Startup Time": 48.623,
                                  "Actual Total Time": 96.338,
                                  "Actual Rows": 316598,
                                  "Actual Loops": 4,
                                  "Filter": "((company_id > 159) AND (company_type_id > 1))",
                                  "Rows Removed by Filter": 335685
                                }
                              ]
                            }
                          ]
                        }
                      ]
                    }
                  ]
                }
              ]
            }
          ]
        }
      ]
    },
    "Planning Time": 1.502,
    "Triggers": [],
    "Execution Time": 1173.303
  }
]