[
  {
    "Plan": {
      "Node Type": "Aggregate",
      "Strategy": "Plain",
      "Partial Mode": "Finalize",
      "Parallel Aware": false,
      "Startup Cost": 445802.93,
      "Total Cost": 445802.94,
      "Plan Rows": 1,
      "Plan Width": 8,
      "Actual Startup Time": 4453.493,
      "Actual Total Time": 4508.293,
      "Actual Rows": 1,
      "Actual Loops": 1,
      "Plans": [
        {
          "Node Type": "Gather",
          "Parent Relationship": "Outer",
          "Parallel Aware": false,
          "Startup Cost": 445802.31,
          "Total Cost": 445802.92,
          "Plan Rows": 6,
          "Plan Width": 8,
          "Actual Startup Time": 4438.709,
          "Actual Total Time": 4508.278,
          "Actual Rows": 7,
          "Actual Loops": 1,
          "Workers Planned": 6,
          "Workers Launched": 6,
          "Single Copy": false,
          "Plans": [
            {
              "Node Type": "Aggregate",
              "Strategy": "Plain",
              "Partial Mode": "Partial",
              "Parent Relationship": "Outer",
              "Parallel Aware": false,
              "Startup Cost": 444802.31,
              "Total Cost": 444802.32,
              "Plan Rows": 1,
              "Plan Width": 8,
              "Actual Startup Time": 4428.118,
              "Actual Total Time": 4428.285,
              "Actual Rows": 1,
              "Actual Loops": 7,
              "Plans": [
                {
                  "Node Type": "Hash Join",
                  "Parent Relationship": "Outer",
                  "Parallel Aware": true,
                  "Join Type": "Inner",
                  "Startup Cost": 96859.63,
                  "Total Cost": 439484.78,
                  "Plan Rows": 2127012,
                  "Plan Width": 0,
                  "Actual Startup Time": 407.461,
                  "Actual Total Time": 3615.157,
                  "Actual Rows": 17694033,
                  "Actual Loops": 7,
                  "Inner Unique": false,
                  "Hash Cond": "(ci.movie_id = t.id)",
                  "Plans": [
                    {
                      "Node Type": "Seq Scan",
                      "Parent Relationship": "Outer",
                      "Parallel Aware": true,
                      "Relation Name": "cast_info",
                      "Alias": "ci",
                      "Startup Cost": 0.0,
                      "Total Cost": 313106.51,
                      "Plan Rows": 6041951,
                      "Plan Width": 4,
                      "Actual Startup Time": 0.041,
                      "Actual Total Time": 569.712,
                      "Actual Rows": 5177763,
                      "Actual Loops": 7
                    },
                    {
                      "Node Type": "Hash",
                      "Parent Relationship": "Inner",
                      "Parallel Aware": true,
                      "Startup Cost": 93270.49,
                      "Total Cost": 93270.49,
                      "Plan Rows": 287131,
                      "Plan Width": 8,
                      "Actual Startup Time": 403.882,
                      "Actual Total Time": 404.047,
                      "Actual Rows": 267032,
                      "Actual Loops": 7,
                      "Hash Buckets": 2097152,
                      "Original Hash Buckets": 1048576,
                      "Hash Batches": 1,
                      "Original Hash Batches": 1,
                      "Peak Memory Usage": 97792,
                      "Plans": [
                        {
                          "Node Type": "Hash Join",
                          "Parent Relationship": "Outer",
                          "Parallel Aware": true,
                          "Join Type": "Inner",
                          "Startup Cost": 47295.76,
                          "Total Cost": 93270.49,
                          "Plan Rows": 287131,
                          "Plan Width": 8,
                          "Actual Startup Time": 153.389,
                          "Actual Total Time": 284.575,
                          "Actual Rows": 267032,
                          "Actual Loops": 7,
                          "Inner Unique": true,
                          "Hash Cond": "(mk.movie_id = t.id)",
                          "Plans": [
                            {
                              "Node Type": "Seq Scan",
                              "Parent Relationship": "Outer",
                              "Parallel Aware": true,
                              "Relation Name": "movie_keyword",
                              "Alias": "mk",
                              "Startup Cost": 0.0,
                              "Total Cost": 42695.65,
                              "Plan Rows": 1249171,
                              "Plan Width": 4,
                              "Actual Startup Time": 0.032,
                              "Actual Total Time": 78.89,
                              "Actual Rows": 552558,
                              "Actual Loops": 7,
                              "Filter": "(keyword_id < 28636)",
                              "Rows Removed by Filter": 93718
                            },
                            {
                              "Node Type": "Hash",
                              "Parent Relationship": "Inner",
                              "Parallel Aware": true,
                              "Startup Cost": 45479.59,
                              "Total Cost": 45479.59,
                              "Plan Rows": 145294,
                              "Plan Width": 4,
                              "Actual Startup Time": 127.016,
                              "Actual Total Time": 127.018,
                              "Actual Rows": 66734,
                              "Actual Loops": 7,
                              "Hash Buckets": 1048576,
                              "Original Hash Buckets": 1048576,
                              "Hash Batches": 1,
                              "Original Hash Batches": 1,
                              "Peak Memory Usage": 26560,
                              "Plans": [
                                {
                                  "Node Type": "Seq Scan",
                                  "Parent Relationship": "Outer",
                                  "Parallel Aware": true,
                                  "Relation Name": "title",
                                  "Alias": "t",
                                  "Startup Cost": 0.0,
                                  "Total Cost": 45479.59,
                                  "Plan Rows": 145294,
                                  "Plan Width": 4,
                                  "Actual Startup Time": 48.146,
                                  "Actual Total Time": 87.488,
                                  "Actual Rows": 66734,
                                  "Actual Loops": 7,
                                  "Filter": "((production_year > 1959) AND (kind_id = 1))",
                                  "Rows Removed by Filter": 294453
                                }
                              ]
                            }
                          ]
                        }
                      ]
                    }
                  ]
                }
              ]
            }
          ]
        }
      ]
    },
    "Planning Time": 1.335,
    "Triggers": [],
    "Execution Time": 4508.39
  }
]