{
  "Plan": {
    "Node Type": "Aggregate",
    "Strategy": "Plain",
    "Partial Mode": "Finalize",
    "Parallel Aware": false,
    "Startup Cost": 92500.63,
    "Total Cost": 92500.64,
    "Plan Rows": 1,
    "Plan Width": 8,
    "Actual Startup Time": 287.124,
    "Actual Total Time": 300.493,
    "Actual Rows": 1,
    "Actual Loops": 1,
    "Plans": [
      {
        "Node Type": "Gather",
        "Parent Relationship": "Outer",
        "Parallel Aware": false,
        "Startup Cost": 92500.51,
        "Total Cost": 92500.62,
        "Plan Rows": 1,
        "Plan Width": 8,
        "Actual Startup Time": 286.542,
        "Actual Total Time": 300.485,
        "Actual Rows": 2,
        "Actual Loops": 1,
        "Workers Planned": 1,
        "Workers Launched": 1,
        "Single Copy": false,
        "Plans": [
          {
            "Node Type": "Aggregate",
            "Strategy": "Plain",
            "Partial Mode": "Partial",
            "Parent Relationship": "Outer",
            "Parallel Aware": false,
            "Startup Cost": 91500.51,
            "Total Cost": 91500.52,
            "Plan Rows": 1,
            "Plan Width": 8,
            "Actual Startup Time": 281.27,
            "Actual Total Time": 281.274,
            "Actual Rows": 1,
            "Actual Loops": 2,
            "Plans": [
              {
                "Node Type": "Hash Join",
                "Parent Relationship": "Outer",
                "Parallel Aware": true,
                "Join Type": "Inner",
                "Startup Cost": 65074.38,
                "Total Cost": 91463.46,
                "Plan Rows": 14823,
                "Plan Width": 0,
                "Actual Startup Time": 205.467,
                "Actual Total Time": 281.199,
                "Actual Rows": 766,
                "Actual Loops": 2,
                "Inner Unique": true,
                "Hash Cond": "(mk.movie_id = t.id)",
                "Plans": [
                  {
                    "Node Type": "Bitmap Heap Scan",
                    "Parent Relationship": "Outer",
                    "Parallel Aware": true,
                    "Relation Name": "movie_keyword",
                    "Alias": "mk",
                    "Startup Cost": 4614.03,
                    "Total Cost": 30667.26,
                    "Plan Rows": 127939,
                    "Plan Width": 4,
                    "Actual Startup Time": 16.94,
                    "Actual Total Time": 75.852,
                    "Actual Rows": 105387,
                    "Actual Loops": 2,
                    "Recheck Cond": "(keyword_id > 66584)",
                    "Rows Removed by Index Recheck": 0,
                    "Exact Heap Blocks": 12704,
                    "Lossy Heap Blocks": 0,
                    "Plans": [
                      {
                        "Node Type": "Bitmap Index Scan",
                        "Parent Relationship": "Outer",
                        "Parallel Aware": false,
                        "Index Name": "keyword_id_movie_keyword",
                        "Startup Cost": 0.0,
                        "Total Cost": 4559.65,
                        "Plan Rows": 217496,
                        "Plan Width": 0,
                        "Actual Startup Time": 13.879,
                        "Actual Total Time": 13.88,
                        "Actual Rows": 210774,
                        "Actual Loops": 1,
                        "Index Cond": "(keyword_id > 66584)"
                      }
                    ]
                  },
                  {
                    "Node Type": "Hash",
                    "Parent Relationship": "Inner",
                    "Parallel Aware": true,
                    "Startup Cost": 58306.47,
                    "Total Cost": 58306.47,
                    "Plan Rows": 172311,
                    "Plan Width": 4,
                    "Actual Startup Time": 183.217,
                    "Actual Total Time": 183.217,
                    "Actual Rows": 84798,
                    "Actual Loops": 2,
                    "Hash Buckets": 524288,
                    "Original Hash Buckets": 524288,
                    "Hash Batches": 1,
                    "Original Hash Batches": 1,
                    "Peak Memory Usage": 10752,
                    "Plans": [
                      {
                        "Node Type": "Seq Scan",
                        "Parent Relationship": "Outer",
                        "Parallel Aware": true,
                        "Relation Name": "title",
                        "Alias": "t",
                        "Startup Cost": 0.0,
                        "Total Cost": 58306.47,
                        "Plan Rows": 172311,
                        "Plan Width": 4,
                        "Actual Startup Time": 0.044,
                        "Actual Total Time": 155.367,
                        "Actual Rows": 84798,
                        "Actual Loops": 2,
                        "Filter": "((kind_id > 1) AND (production_year < 1973))",
                        "Rows Removed by Filter": 1179358
                      }
                    ]
                  }
                ]
              }
            ]
          }
        ]
      }
    ]
  },
  "Planning Time": 0.465,
  "Triggers": [],
  "Execution Time": 300.587
}