[
  {
    "Plan": {
      "Node Type": "Aggregate",
      "Strategy": "Plain",
      "Partial Mode": "Finalize",
      "Parallel Aware": false,
      "Startup Cost": 31459.41,
      "Total Cost": 31459.42,
      "Plan Rows": 1,
      "Plan Width": 8,
      "Actual Startup Time": 119.539,
      "Actual Total Time": 126.672,
      "Actual Rows": 1,
      "Actual Loops": 1,
      "Plans": [
        {
          "Node Type": "Gather",
          "Parent Relationship": "Outer",
          "Parallel Aware": false,
          "Startup Cost": 31459.09,
          "Total Cost": 31459.4,
          "Plan Rows": 3,
          "Plan Width": 8,
          "Actual Startup Time": 116.762,
          "Actual Total Time": 126.662,
          "Actual Rows": 4,
          "Actual Loops": 1,
          "Workers Planned": 3,
          "Workers Launched": 3,
          "Single Copy": false,
          "Plans": [
            {
              "Node Type": "Aggregate",
              "Strategy": "Plain",
              "Partial Mode": "Partial",
              "Parent Relationship": "Outer",
              "Parallel Aware": false,
              "Startup Cost": 30459.09,
              "Total Cost": 30459.1,
              "Plan Rows": 1,
              "Plan Width": 8,
              "Actual Startup Time": 110.321,
              "Actual Total Time": 110.322,
              "Actual Rows": 1,
              "Actual Loops": 4,
              "Plans": [
                {
                  "Node Type": "Seq Scan",
                  "Parent Relationship": "Outer",
                  "Parallel Aware": true,
                  "Relation Name": "movie_companies",
                  "Alias": "mc",
                  "Startup Cost": 0.0,
                  "Total Cost": 29310.68,
                  "Plan Rows": 459363,
                  "Plan Width": 0,
                  "Actual Startup Time": 0.043,
                  "Actual Total Time": 89.187,
                  "Actual Rows": 355635,
                  "Actual Loops": 4,
                  "Filter": "(company_id < 12529)",
                  "Rows Removed by Filter": 296647
                }
              ]
            }
          ]
        }
      ]
    },
    "Planning Time": 0.199,
    "Triggers": [],
    "Execution Time": 126.731
  }
]