[
  {
    "Plan": {
      "Node Type": "Aggregate",
      "Strategy": "Plain",
      "Partial Mode": "Finalize",
      "Parallel Aware": false,
      "Startup Cost": 347790.35,
      "Total Cost": 347790.36,
      "Plan Rows": 1,
      "Plan Width": 8,
      "Actual Startup Time": 707.457,
      "Actual Total Time": 749.232,
      "Actual Rows": 1,
      "Actual Loops": 1,
      "Plans": [
        {
          "Node Type": "Gather",
          "Parent Relationship": "Outer",
          "Parallel Aware": false,
          "Startup Cost": 347789.72,
          "Total Cost": 347790.33,
          "Plan Rows": 6,
          "Plan Width": 8,
          "Actual Startup Time": 707.287,
          "Actual Total Time": 749.222,
          "Actual Rows": 7,
          "Actual Loops": 1,
          "Workers Planned": 6,
          "Workers Launched": 6,
          "Single Copy": false,
          "Plans": [
            {
              "Node Type": "Aggregate",
              "Strategy": "Plain",
              "Partial Mode": "Partial",
              "Parent Relationship": "Outer",
              "Parallel Aware": false,
              "Startup Cost": 346789.72,
              "Total Cost": 346789.73,
              "Plan Rows": 1,
              "Plan Width": 8,
              "Actual Startup Time": 698.974,
              "Actual Total Time": 698.976,
              "Actual Rows": 1,
              "Actual Loops": 7,
              "Plans": [
                {
                  "Node Type": "Seq Scan",
                  "Parent Relationship": "Outer",
                  "Parallel Aware": true,
                  "Relation Name": "cast_info",
                  "Alias": "ci",
                  "Startup Cost": 0.0,
                  "Total Cost": 343316.27,
                  "Plan Rows": 1389380,
                  "Plan Width": 0,
                  "Actual Startup Time": 283.208,
                  "Actual Total Time": 617.256,
                  "Actual Rows": 1810562,
                  "Actual Loops": 7,
                  "Filter": "((person_id > 2413357) AND (role_id > 1))",
                  "Rows Removed by Filter": 3367202
                }
              ]
            }
          ]
        }
      ]
    },
    "Planning Time": 0.224,
    "Triggers": [],
    "Execution Time": 749.332
  }
]