[
  {
    "Plan": {
      "Node Type": "Aggregate",
      "Strategy": "Plain",
      "Partial Mode": "Finalize",
      "Parallel Aware": false,
      "Startup Cost": 403157.84,
      "Total Cost": 403157.85,
      "Plan Rows": 1,
      "Plan Width": 8,
      "Actual Startup Time": 1620.65,
      "Actual Total Time": 1692.478,
      "Actual Rows": 1,
      "Actual Loops": 1,
      "Plans": [
        {
          "Node Type": "Gather",
          "Parent Relationship": "Outer",
          "Parallel Aware": false,
          "Startup Cost": 403157.21,
          "Total Cost": 403157.82,
          "Plan Rows": 6,
          "Plan Width": 8,
          "Actual Startup Time": 1603.18,
          "Actual Total Time": 1692.466,
          "Actual Rows": 7,
          "Actual Loops": 1,
          "Workers Planned": 6,
          "Workers Launched": 6,
          "Single Copy": false,
          "Plans": [
            {
              "Node Type": "Aggregate",
              "Strategy": "Plain",
              "Partial Mode": "Partial",
              "Parent Relationship": "Outer",
              "Parallel Aware": false,
              "Startup Cost": 402157.21,
              "Total Cost": 402157.22,
              "Plan Rows": 1,
              "Plan Width": 8,
              "Actual Startup Time": 1588.841,
              "Actual Total Time": 1588.845,
              "Actual Rows": 1,
              "Actual Loops": 7,
              "Plans": [
                {
                  "Node Type": "Hash Join",
                  "Parent Relationship": "Outer",
                  "Parallel Aware": true,
                  "Join Type": "Inner",
                  "Startup Cost": 49499.24,
                  "Total Cost": 398368.56,
                  "Plan Rows": 1515462,
                  "Plan Width": 0,
                  "Actual Startup Time": 417.451,
                  "Actual Total Time": 1536.547,
                  "Actual Rows": 1055551,
                  "Actual Loops": 7,
                  "Inner Unique": true,
                  "Hash Cond": "(ci.movie_id = t.id)",
                  "Plans": [
                    {
                      "Node Type": "Seq Scan",
                      "Parent Relationship": "Outer",
                      "Parallel Aware": true,
                      "Relation Name": "cast_info",
                      "Alias": "ci",
                      "Startup Cost": 0.0,
                      "Total Cost": 343257.03,
                      "Plan Rows": 2138009,
                      "Plan Width": 4,
                      "Actual Startup Time": 201.197,
                      "Actual Total Time": 701.687,
                      "Actual Rows": 1532819,
                      "Actual Loops": 7,
                      "Filter": "((person_id > 1661026) AND (role_id < 4))",
                      "Rows Removed by Filter": 3644944
                    },
                    {
                      "Node Type": "Hash",
                      "Parent Relationship": "Inner",
                      "Parallel Aware": true,
                      "Startup Cost": 43898.92,
                      "Total Cost": 43898.92,
                      "Plan Rows": 448026,
                      "Plan Width": 4,
                      "Actual Startup Time": 211.239,
                      "Actual Total Time": 211.241,
                      "Actual Rows": 256308,
                      "Actual Loops": 7,
                      "Hash Buckets": 2097152,
                      "Original Hash Buckets": 2097152,
                      "Hash Batches": 1,
                      "Original Hash Batches": 1,
                      "Peak Memory Usage": 86688,
                      "Plans": [
                        {
                          "Node Type": "Seq Scan",
                          "Parent Relationship": "Outer",
                          "Parallel Aware": true,
                          "Relation Name": "title",
                          "Alias": "t",
                          "Startup Cost": 0.0,
                          "Total Cost": 43898.92,
                          "Plan Rows": 448026,
                          "Plan Width": 4,
                          "Actual Startup Time": 0.038,
                          "Actual Total Time": 85.91,
                          "Actual Rows": 256308,
                          "Actual Loops": 7,
                          "Filter": "(production_year < 2009)",
                          "Rows Removed by Filter": 104880
                        }
                      ]
                    }
                  ]
                }
              ]
            }
          ]
        }
      ]
    },
    "Planning Time": 0.601,
    "Triggers": [],
    "Execution Time": 1692.658
  }
]