[
  {
    "Plan": {
      "Node Type": "Aggregate",
      "Strategy": "Plain",
      "Partial Mode": "Finalize",
      "Parallel Aware": false,
      "Startup Cost": 121043.59,
      "Total Cost": 121043.6,
      "Plan Rows": 1,
      "Plan Width": 8,
      "Actual Startup Time": 231.545,
      "Actual Total Time": 248.107,
      "Actual Rows": 1,
      "Actual Loops": 1,
      "Plans": [
        {
          "Node Type": "Gather",
          "Parent Relationship": "Outer",
          "Parallel Aware": false,
          "Startup Cost": 121043.07,
          "Total Cost": 121043.58,
          "Plan Rows": 5,
          "Plan Width": 8,
          "Actual Startup Time": 231.398,
          "Actual Total Time": 248.093,
          "Actual Rows": 6,
          "Actual Loops": 1,
          "Workers Planned": 5,
          "Workers Launched": 5,
          "Single Copy": false,
          "Plans": [
            {
              "Node Type": "Aggregate",
              "Strategy": "Plain",
              "Partial Mode": "Partial",
              "Parent Relationship": "Outer",
              "Parallel Aware": false,
              "Startup Cost": 120043.07,
              "Total Cost": 120043.08,
              "Plan Rows": 1,
              "Plan Width": 8,
              "Actual Startup Time": 224.61,
              "Actual Total Time": 224.611,
              "Actual Rows": 1,
              "Actual Loops": 6,
              "Plans": [
                {
                  "Node Type": "Index Scan",
                  "Parent Relationship": "Outer",
                  "Parallel Aware": true,
                  "Scan Direction": "Forward",
                  "Index Name": "role_id_cast_info",
                  "Relation Name": "cast_info",
                  "Alias": "ci",
                  "Startup Cost": 0.56,
                  "Total Cost": 118067.1,
                  "Plan Rows": 790385,
                  "Plan Width": 0,
                  "Actual Startup Time": 0.097,
                  "Actual Total Time": 185.981,
                  "Actual Rows": 698930,
                  "Actual Loops": 6,
                  "Index Cond": "(role_id = 10)",
                  "Rows Removed by Index Recheck": 0,
                  "Filter": "(person_id > 314715)",
                  "Rows Removed by Filter": 21574
                }
              ]
            }
          ]
        }
      ]
    },
    "Planning Time": 0.128,
    "Triggers": [],
    "Execution Time": 248.153
  }
]