[
    {
        "Bao": {
            "Bao prediction": 490.395,
            "Bao recommended hint": "(no hint)"
        }
    },
    {
        "Plan": {
            "Node Type": "Aggregate",
            "Strategy": "Plain",
            "Partial Mode": "Finalize",
            "Parallel Aware": false,
            "Startup Cost": 334441.49,
            "Total Cost": 334441.5,
            "Plan Rows": 1,
            "Plan Width": 8,
            "Actual Startup Time": 627.373,
            "Actual Total Time": 666.664,
            "Actual Rows": 1,
            "Actual Loops": 1,
            "Output": [
                "count(*)"
            ],
            "Plans": [
                {
                    "Node Type": "Gather",
                    "Parent Relationship": "Outer",
                    "Parallel Aware": false,
                    "Startup Cost": 334440.87,
                    "Total Cost": 334441.48,
                    "Plan Rows": 6,
                    "Plan Width": 8,
                    "Actual Startup Time": 627.271,
                    "Actual Total Time": 666.654,
                    "Actual Rows": 7,
                    "Actual Loops": 1,
                    "Output": [
                        "(PARTIAL count(*))"
                    ],
                    "Workers Planned": 6,
                    "Workers Launched": 6,
                    "Single Copy": false,
                    "Plans": [
                        {
                            "Node Type": "Aggregate",
                            "Strategy": "Plain",
                            "Partial Mode": "Partial",
                            "Parent Relationship": "Outer",
                            "Parallel Aware": false,
                            "Startup Cost": 333440.87,
                            "Total Cost": 333440.88,
                            "Plan Rows": 1,
                            "Plan Width": 8,
                            "Actual Startup Time": 617.884,
                            "Actual Total Time": 617.884,
                            "Actual Rows": 1,
                            "Actual Loops": 7,
                            "Output": [
                                "PARTIAL count(*)"
                            ],
                            "Workers": [
                                {
                                    "Worker Number": 0,
                                    "Actual Startup Time": 615.673,
                                    "Actual Total Time": 615.675,
                                    "Actual Rows": 1,
                                    "Actual Loops": 1
                                },
                                {
                                    "Worker Number": 1,
                                    "Actual Startup Time": 615.99,
                                    "Actual Total Time": 615.991,
                                    "Actual Rows": 1,
                                    "Actual Loops": 1
                                },
                                {
                                    "Worker Number": 2,
                                    "Actual Startup Time": 616.395,
                                    "Actual Total Time": 616.396,
                                    "Actual Rows": 1,
                                    "Actual Loops": 1
                                },
                                {
                                    "Worker Number": 3,
                                    "Actual Startup Time": 616.581,
                                    "Actual Total Time": 616.582,
                                    "Actual Rows": 1,
                                    "Actual Loops": 1
                                },
                                {
                                    "Worker Number": 4,
                                    "Actual Startup Time": 616.797,
                                    "Actual Total Time": 616.798,
                                    "Actual Rows": 1,
                                    "Actual Loops": 1
                                },
                                {
                                    "Worker Number": 5,
                                    "Actual Startup Time": 617.268,
                                    "Actual Total Time": 617.268,
                                    "Actual Rows": 1,
                                    "Actual Loops": 1
                                }
                            ],
                            "Plans": [
                                {
                                    "Node Type": "Seq Scan",
                                    "Parent Relationship": "Outer",
                                    "Parallel Aware": true,
                                    "Relation Name": "cast_info",
                                    "Schema": "public",
                                    "Alias": "ci",
                                    "Startup Cost": 0.0,
                                    "Total Cost": 328213.62,
                                    "Plan Rows": 2090900,
                                    "Plan Width": 0,
                                    "Actual Startup Time": 251.652,
                                    "Actual Total Time": 538.114,
                                    "Actual Rows": 1815659,
                                    "Actual Loops": 7,
                                    "Output": [
                                        "id",
                                        "person_id",
                                        "movie_id",
                                        "person_role_id",
                                        "note",
                                        "nr_order",
                                        "role_id"
                                    ],
                                    "Filter": "(ci.person_id > 2410102)",
                                    "Rows Removed by Filter": 3362105,
                                    "Workers": [
                                        {
                                            "Worker Number": 0,
                                            "Actual Startup Time": 249.45,
                                            "Actual Total Time": 534.458,
                                            "Actual Rows": 1222386,
                                            "Actual Loops": 1
                                        },
                                        {
                                            "Worker Number": 1,
                                            "Actual Startup Time": 249.749,
                                            "Actual Total Time": 540.293,
                                            "Actual Rows": 1855312,
                                            "Actual Loops": 1
                                        },
                                        {
                                            "Worker Number": 2,
                                            "Actual Startup Time": 250.168,
                                            "Actual Total Time": 538.282,
                                            "Actual Rows": 1753324,
                                            "Actual Loops": 1
                                        },
                                        {
                                            "Worker Number": 3,
                                            "Actual Startup Time": 250.357,
                                            "Actual Total Time": 541.13,
                                            "Actual Rows": 1849194,
                                            "Actual Loops": 1
                                        },
                                        {
                                            "Worker Number": 4,
                                            "Actual Startup Time": 250.558,
                                            "Actual Total Time": 541.352,
                                            "Actual Rows": 1846749,
                                            "Actual Loops": 1
                                        },
                                        {
                                            "Worker Number": 5,
                                            "Actual Startup Time": 251.036,
                                            "Actual Total Time": 539.049,
                                            "Actual Rows": 1754710,
                                            "Actual Loops": 1
                                        }
                                    ]
                                }
                            ]
                        }
                    ]
                }
            ]
        },
        "Planning Time": 374.967,
        "Triggers": [],
        "Execution Time": 666.75
    }
]