[
  {
    "Plan": {
      "Node Type": "Aggregate",
      "Strategy": "Plain",
      "Partial Mode": "Finalize",
      "Parallel Aware": false,
      "Startup Cost": 393343.1,
      "Total Cost": 393343.11,
      "Plan Rows": 1,
      "Plan Width": 8,
      "Actual Startup Time": 2753.694,
      "Actual Total Time": 2783.088,
      "Actual Rows": 1,
      "Actual Loops": 1,
      "Plans": [
        {
          "Node Type": "Gather",
          "Parent Relationship": "Outer",
          "Parallel Aware": false,
          "Startup Cost": 393342.48,
          "Total Cost": 393343.09,
          "Plan Rows": 6,
          "Plan Width": 8,
          "Actual Startup Time": 2729.125,
          "Actual Total Time": 2783.077,
          "Actual Rows": 7,
          "Actual Loops": 1,
          "Workers Planned": 6,
          "Workers Launched": 6,
          "Single Copy": false,
          "Plans": [
            {
              "Node Type": "Aggregate",
              "Strategy": "Plain",
              "Partial Mode": "Partial",
              "Parent Relationship": "Outer",
              "Parallel Aware": false,
              "Startup Cost": 392342.48,
              "Total Cost": 392342.49,
              "Plan Rows": 1,
              "Plan Width": 8,
              "Actual Startup Time": 2718.144,
              "Actual Total Time": 2718.148,
              "Actual Rows": 1,
              "Actual Loops": 7,
              "Plans": [
                {
                  "Node Type": "Hash Join",
                  "Parent Relationship": "Outer",
                  "Parallel Aware": true,
                  "Join Type": "Inner",
                  "Startup Cost": 50587.11,
                  "Total Cost": 379556.01,
                  "Plan Rows": 5114587,
                  "Plan Width": 0,
                  "Actual Startup Time": 203.988,
                  "Actual Total Time": 2502.689,
                  "Actual Rows": 4650031,
                  "Actual Loops": 7,
                  "Inner Unique": true,
                  "Hash Cond": "(ci.movie_id = t.id)",
                  "Plans": [
                    {
                      "Node Type": "Seq Scan",
                      "Parent Relationship": "Outer",
                      "Parallel Aware": true,
                      "Relation Name": "cast_info",
                      "Alias": "ci",
                      "Startup Cost": 0.0,
                      "Total Cost": 313108.29,
                      "Plan Rows": 6042129,
                      "Plan Width": 4,
                      "Actual Startup Time": 0.02,
                      "Actual Total Time": 475.116,
                      "Actual Rows": 5177763,
                      "Actual Loops": 7
                    },
                    {
                      "Node Type": "Hash",
                      "Parent Relationship": "Inner",
                      "Parallel Aware": true,
                      "Startup Cost": 43899.01,
                      "Total Cost": 43899.01,
                      "Plan Rows": 535048,
                      "Plan Width": 4,
                      "Actual Startup Time": 199.787,
                      "Actual Total Time": 199.788,
                      "Actual Rows": 306669,
                      "Actual Loops": 7,
                      "Hash Buckets": 4194304,
                      "Original Hash Buckets": 4194304,
                      "Hash Batches": 1,
                      "Original Hash Batches": 1,
                      "Peak Memory Usage": 116864,
                      "Plans": [
                        {
                          "Node Type": "Seq Scan",
                          "Parent Relationship": "Outer",
                          "Parallel Aware": true,
                          "Relation Name": "title",
                          "Alias": "t",
                          "Startup Cost": 0.0,
                          "Total Cost": 43899.01,
                          "Plan Rows": 535048,
                          "Plan Width": 4,
                          "Actual Startup Time": 0.031,
                          "Actual Total Time": 72.189,
                          "Actual Rows": 306669,
                          "Actual Loops": 7,
                          "Filter": "(production_year > 1965)",
                          "Rows Removed by Filter": 54518
                        }
                      ]
                    }
                  ]
                }
              ]
            }
          ]
        }
      ]
    },
    "Planning Time": 0.243,
    "Triggers": [],
    "Execution Time": 2783.125
  }
]