[
  {
    "Plan": {
      "Node Type": "Aggregate",
      "Strategy": "Plain",
      "Partial Mode": "Finalize",
      "Parallel Aware": false,
      "Startup Cost": 251162.34,
      "Total Cost": 251162.35,
      "Plan Rows": 1,
      "Plan Width": 8,
      "Actual Startup Time": 730.576,
      "Actual Total Time": 778.956,
      "Actual Rows": 1,
      "Actual Loops": 1,
      "Plans": [
        {
          "Node Type": "Gather",
          "Parent Relationship": "Outer",
          "Parallel Aware": false,
          "Startup Cost": 251161.82,
          "Total Cost": 251162.33,
          "Plan Rows": 5,
          "Plan Width": 8,
          "Actual Startup Time": 724.217,
          "Actual Total Time": 778.935,
          "Actual Rows": 6,
          "Actual Loops": 1,
          "Workers Planned": 5,
          "Workers Launched": 5,
          "Single Copy": false,
          "Plans": [
            {
              "Node Type": "Aggregate",
              "Strategy": "Plain",
              "Partial Mode": "Partial",
              "Parent Relationship": "Outer",
              "Parallel Aware": false,
              "Startup Cost": 250161.82,
              "Total Cost": 250161.83,
              "Plan Rows": 1,
              "Plan Width": 8,
              "Actual Startup Time": 714.817,
              "Actual Total Time": 714.822,
              "Actual Rows": 1,
              "Actual Loops": 6,
              "Plans": [
                {
                  "Node Type": "Hash Join",
                  "Parent Relationship": "Outer",
                  "Parallel Aware": true,
                  "Join Type": "Inner",
                  "Startup Cost": 46719.68,
                  "Total Cost": 249062.29,
                  "Plan Rows": 439810,
                  "Plan Width": 0,
                  "Actual Startup Time": 173.364,
                  "Actual Total Time": 699.936,
                  "Actual Rows": 332316,
                  "Actual Loops": 6,
                  "Inner Unique": true,
                  "Hash Cond": "(mi.movie_id = t.id)",
                  "Plans": [
                    {
                      "Node Type": "Seq Scan",
                      "Parent Relationship": "Outer",
                      "Parallel Aware": true,
                      "Relation Name": "movie_info",
                      "Alias": "mi",
                      "Startup Cost": 0.0,
                      "Total Cost": 199108.24,
                      "Plan Rows": 1232139,
                      "Plan Width": 4,
                      "Actual Startup Time": 19.145,
                      "Actual Total Time": 327.523,
                      "Actual Rows": 1037249,
                      "Actual Loops": 6,
                      "Filter": "(info_type_id > 8)",
                      "Rows Removed by Filter": 1435371
                    },
                    {
                      "Node Type": "Hash",
                      "Parent Relationship": "Inner",
                      "Parallel Aware": true,
                      "Startup Cost": 43899.32,
                      "Total Cost": 43899.32,
                      "Plan Rows": 225629,
                      "Plan Width": 4,
                      "Actual Startup Time": 151.238,
                      "Actual Total Time": 151.24,
                      "Actual Rows": 150748,
                      "Actual Loops": 6,
                      "Hash Buckets": 1048576,
                      "Original Hash Buckets": 1048576,
                      "Hash Batches": 1,
                      "Original Hash Batches": 1,
                      "Peak Memory Usage": 43680,
                      "Plans": [
                        {
                          "Node Type": "Seq Scan",
                          "Parent Relationship": "Outer",
                          "Parallel Aware": true,
                          "Relation Name": "title",
                          "Alias": "t",
                          "Startup Cost": 0.0,
                          "Total Cost": 43899.32,
                          "Plan Rows": 225629,
                          "Plan Width": 4,
                          "Actual Startup Time": 0.057,
                          "Actual Total Time": 85.378,
                          "Actual Rows": 150748,
                          "Actual Loops": 6,
                          "Filter": "(production_year > 2006)",
                          "Rows Removed by Filter": 270637
                        }
                      ]
                    }
                  ]
                }
              ]
            }
          ]
        }
      ]
    },
    "Planning Time": 0.33,
    "Triggers": [],
    "Execution Time": 779.019
  }
]