{
  "Plan": {
    "Node Type": "Aggregate",
    "Strategy": "Plain",
    "Partial Mode": "Finalize",
    "Parallel Aware": false,
    "Startup Cost": 99109.07,
    "Total Cost": 99109.08,
    "Plan Rows": 1,
    "Plan Width": 8,
    "Actual Startup Time": 307.108,
    "Actual Total Time": 322.165,
    "Actual Rows": 1,
    "Actual Loops": 1,
    "Plans": [
      {
        "Node Type": "Gather",
        "Parent Relationship": "Outer",
        "Parallel Aware": false,
        "Startup Cost": 99108.96,
        "Total Cost": 99109.07,
        "Plan Rows": 1,
        "Plan Width": 8,
        "Actual Startup Time": 306.853,
        "Actual Total Time": 322.155,
        "Actual Rows": 2,
        "Actual Loops": 1,
        "Workers Planned": 1,
        "Workers Launched": 1,
        "Single Copy": false,
        "Plans": [
          {
            "Node Type": "Aggregate",
            "Strategy": "Plain",
            "Partial Mode": "Partial",
            "Parent Relationship": "Outer",
            "Parallel Aware": false,
            "Startup Cost": 98108.96,
            "Total Cost": 98108.97,
            "Plan Rows": 1,
            "Plan Width": 8,
            "Actual Startup Time": 301.128,
            "Actual Total Time": 301.131,
            "Actual Rows": 1,
            "Actual Loops": 2,
            "Plans": [
              {
                "Node Type": "Hash Join",
                "Parent Relationship": "Outer",
                "Parallel Aware": true,
                "Join Type": "Inner",
                "Startup Cost": 58677.53,
                "Total Cost": 98081.79,
                "Plan Rows": 10869,
                "Plan Width": 0,
                "Actual Startup Time": 163.451,
                "Actual Total Time": 300.217,
                "Actual Rows": 18840,
                "Actual Loops": 2,
                "Inner Unique": true,
                "Hash Cond": "(mc.movie_id = t.id)",
                "Plans": [
                  {
                    "Node Type": "Seq Scan",
                    "Parent Relationship": "Outer",
                    "Parallel Aware": true,
                    "Relation Name": "movie_companies",
                    "Alias": "mc",
                    "Startup Cost": 0.0,
                    "Total Cost": 37974.77,
                    "Plan Rows": 544565,
                    "Plan Width": 4,
                    "Actual Startup Time": 15.827,
                    "Actual Total Time": 105.704,
                    "Actual Rows": 468904,
                    "Actual Loops": 2,
                    "Filter": "(company_id > 19145)",
                    "Rows Removed by Filter": 835660
                  },
                  {
                    "Node Type": "Hash",
                    "Parent Relationship": "Inner",
                    "Parallel Aware": true,
                    "Startup Cost": 58306.47,
                    "Total Cost": 58306.47,
                    "Plan Rows": 29685,
                    "Plan Width": 4,
                    "Actual Startup Time": 146.123,
                    "Actual Total Time": 146.124,
                    "Actual Rows": 22006,
                    "Actual Loops": 2,
                    "Hash Buckets": 65536,
                    "Original Hash Buckets": 65536,
                    "Hash Batches": 1,
                    "Original Hash Batches": 1,
                    "Peak Memory Usage": 2272,
                    "Plans": [
                      {
                        "Node Type": "Seq Scan",
                        "Parent Relationship": "Outer",
                        "Parallel Aware": true,
                        "Relation Name": "title",
                        "Alias": "t",
                        "Startup Cost": 0.0,
                        "Total Cost": 58306.47,
                        "Plan Rows": 29685,
                        "Plan Width": 4,
                        "Actual Startup Time": 0.248,
                        "Actual Total Time": 140.128,
                        "Actual Rows": 22006,
                        "Actual Loops": 2,
                        "Filter": "((kind_id < 7) AND (production_year = 2009))",
                        "Rows Removed by Filter": 1242150
                      }
                    ]
                  }
                ]
              }
            ]
          }
        ]
      }
    ]
  },
  "Planning Time": 0.474,
  "Triggers": [],
  "Execution Time": 322.247
}