[
    {
        "Bao": {
            "Bao prediction": "NaN",
            "Bao recommended hint": "(no hint)"
        }
    },
    {
        "Plan": {
            "Node Type": "Aggregate",
            "Strategy": "Plain",
            "Partial Mode": "Simple",
            "Parallel Aware": false,
            "Startup Cost": 22724.55,
            "Total Cost": 22724.56,
            "Plan Rows": 1,
            "Plan Width": 8,
            "Actual Startup Time": 31.529,
            "Actual Total Time": 31.532,
            "Actual Rows": 1,
            "Actual Loops": 1,
            "Output": [
                "count(*)"
            ],
            "Plans": [
                {
                    "Node Type": "Bitmap Heap Scan",
                    "Parent Relationship": "Outer",
                    "Parallel Aware": false,
                    "Relation Name": "movie_companies",
                    "Schema": "public",
                    "Alias": "mc",
                    "Startup Cost": 2241.78,
                    "Total Cost": 22591.98,
                    "Plan Rows": 53029,
                    "Plan Width": 0,
                    "Actual Startup Time": 5.902,
                    "Actual Total Time": 26.835,
                    "Actual Rows": 106300,
                    "Actual Loops": 1,
                    "Recheck Cond": "(mc.company_id > 153944)",
                    "Rows Removed by Index Recheck": 0,
                    "Filter": "(mc.company_type_id = 2)",
                    "Rows Removed by Filter": 0,
                    "Exact Heap Blocks": 3267,
                    "Lossy Heap Blocks": 0,
                    "Plans": [
                        {
                            "Node Type": "Bitmap Index Scan",
                            "Parent Relationship": "Outer",
                            "Parallel Aware": false,
                            "Index Name": "company_id_movie_companies",
                            "Startup Cost": 0.0,
                            "Total Cost": 2228.53,
                            "Plan Rows": 104013,
                            "Plan Width": 0,
                            "Actual Startup Time": 5.447,
                            "Actual Total Time": 5.449,
                            "Actual Rows": 106300,
                            "Actual Loops": 1,
                            "Index Cond": "(mc.company_id > 153944)"
                        }
                    ]
                }
            ]
        },
        "Planning Time": 180.278,
        "Triggers": [],
        "Execution Time": 31.578
    }
]