{
  "Plan": {
    "Node Type": "Aggregate",
    "Strategy": "Plain",
    "Partial Mode": "Finalize",
    "Parallel Aware": false,
    "Startup Cost": 50303.6,
    "Total Cost": 50303.61,
    "Plan Rows": 1,
    "Plan Width": 8,
    "Actual Startup Time": 50.524,
    "Actual Total Time": 57.693,
    "Actual Rows": 1,
    "Actual Loops": 1,
    "Plans": [
      {
        "Node Type": "Gather",
        "Parent Relationship": "Outer",
        "Parallel Aware": false,
        "Startup Cost": 50303.49,
        "Total Cost": 50303.6,
        "Plan Rows": 1,
        "Plan Width": 8,
        "Actual Startup Time": 50.303,
        "Actual Total Time": 57.688,
        "Actual Rows": 2,
        "Actual Loops": 1,
        "Workers Planned": 1,
        "Workers Launched": 1,
        "Single Copy": false,
        "Plans": [
          {
            "Node Type": "Aggregate",
            "Strategy": "Plain",
            "Partial Mode": "Partial",
            "Parent Relationship": "Outer",
            "Parallel Aware": false,
            "Startup Cost": 49303.49,
            "Total Cost": 49303.5,
            "Plan Rows": 1,
            "Plan Width": 8,
            "Actual Startup Time": 44.21,
            "Actual Total Time": 44.212,
            "Actual Rows": 1,
            "Actual Loops": 2,
            "Plans": [
              {
                "Node Type": "Nested Loop",
                "Parent Relationship": "Outer",
                "Parallel Aware": false,
                "Join Type": "Inner",
                "Startup Cost": 163.86,
                "Total Cost": 49297.73,
                "Plan Rows": 2301,
                "Plan Width": 0,
                "Actual Startup Time": 5.4,
                "Actual Total Time": 44.039,
                "Actual Rows": 1016,
                "Actual Loops": 2,
                "Inner Unique": false,
                "Plans": [
                  {
                    "Node Type": "Nested Loop",
                    "Parent Relationship": "Outer",
                    "Parallel Aware": false,
                    "Join Type": "Inner",
                    "Startup Cost": 163.3,
                    "Total Cost": 46792.17,
                    "Plan Rows": 161,
                    "Plan Width": 8,
                    "Actual Startup Time": 5.267,
                    "Actual Total Time": 38.125,
                    "Actual Rows": 25,
                    "Actual Loops": 2,
                    "Inner Unique": true,
                    "Plans": [
                      {
                        "Node Type": "Bitmap Heap Scan",
                        "Parent Relationship": "Outer",
                        "Parallel Aware": true,
                        "Relation Name": "movie_keyword",
                        "Alias": "mk",
                        "Startup Cost": 162.87,
                        "Total Cost": 16220.17,
                        "Plan Rows": 4435,
                        "Plan Width": 4,
                        "Actual Startup Time": 3.939,
                        "Actual Total Time": 13.431,
                        "Actual Rows": 3390,
                        "Actual Loops": 2,
                        "Recheck Cond": "(keyword_id = 1135)",
                        "Rows Removed by Index Recheck": 0,
                        "Exact Heap Blocks": 4793,
                        "Lossy Heap Blocks": 0,
                        "Plans": [
                          {
                            "Node Type": "Bitmap Index Scan",
                            "Parent Relationship": "Outer",
                            "Parallel Aware": false,
                            "Index Name": "keyword_id_movie_keyword",
                            "Startup Cost": 0.0,
                            "Total Cost": 160.98,
                            "Plan Rows": 7540,
                            "Plan Width": 0,
                            "Actual Startup Time": 4.696,
                            "Actual Total Time": 4.697,
                            "Actual Rows": 6780,
                            "Actual Loops": 1,
                            "Index Cond": "(keyword_id = 1135)"
                          }
                        ]
                      },
                      {
                        "Node Type": "Index Scan",
                        "Parent Relationship": "Inner",
                        "Parallel Aware": false,
                        "Scan Direction": "Forward",
                        "Index Name": "title_pkey",
                        "Relation Name": "title",
                        "Alias": "t",
                        "Startup Cost": 0.43,
                        "Total Cost": 6.89,
                        "Plan Rows": 1,
                        "Plan Width": 4,
                        "Actual Startup Time": 0.007,
                        "Actual Total Time": 0.007,
                        "Actual Rows": 0,
                        "Actual Loops": 6780,
                        "Index Cond": "(id = mk.movie_id)",
                        "Rows Removed by Index Recheck": 0,
                        "Filter": "((kind_id > 1) AND (production_year = 2007))",
                        "Rows Removed by Filter": 1
                      }
                    ]
                  },
                  {
                    "Node Type": "Index Only Scan",
                    "Parent Relationship": "Inner",
                    "Parallel Aware": false,
                    "Scan Direction": "Forward",
                    "Index Name": "movie_id_cast_info",
                    "Relation Name": "cast_info",
                    "Alias": "ci",
                    "Startup Cost": 0.56,
                    "Total Cost": 15.19,
                    "Plan Rows": 37,
                    "Plan Width": 4,
                    "Actual Startup Time": 0.028,
                    "Actual Total Time": 0.227,
                    "Actual Rows": 41,
                    "Actual Loops": 50,
                    "Index Cond": "(movie_id = t.id)",
                    "Rows Removed by Index Recheck": 0,
                    "Heap Fetches": 2033
                  }
                ]
              }
            ]
          }
        ]
      }
    ]
  },
  "Planning Time": 1.007,
  "Triggers": [],
  "Execution Time": 57.789
}