[
  {
    "Plan": {
      "Node Type": "Aggregate",
      "Strategy": "Plain",
      "Partial Mode": "Finalize",
      "Parallel Aware": false,
      "Startup Cost": 81510.93,
      "Total Cost": 81510.94,
      "Plan Rows": 1,
      "Plan Width": 8,
      "Actual Startup Time": 307.252,
      "Actual Total Time": 322.232,
      "Actual Rows": 1,
      "Actual Loops": 1,
      "Plans": [
        {
          "Node Type": "Gather",
          "Parent Relationship": "Outer",
          "Parallel Aware": false,
          "Startup Cost": 81510.51,
          "Total Cost": 81510.92,
          "Plan Rows": 4,
          "Plan Width": 8,
          "Actual Startup Time": 303.253,
          "Actual Total Time": 322.221,
          "Actual Rows": 5,
          "Actual Loops": 1,
          "Workers Planned": 4,
          "Workers Launched": 4,
          "Single Copy": false,
          "Plans": [
            {
              "Node Type": "Aggregate",
              "Strategy": "Plain",
              "Partial Mode": "Partial",
              "Parent Relationship": "Outer",
              "Parallel Aware": false,
              "Startup Cost": 80510.51,
              "Total Cost": 80510.52,
              "Plan Rows": 1,
              "Plan Width": 8,
              "Actual Startup Time": 293.505,
              "Actual Total Time": 293.508,
              "Actual Rows": 1,
              "Actual Loops": 5,
              "Plans": [
                {
                  "Node Type": "Hash Join",
                  "Parent Relationship": "Outer",
                  "Parallel Aware": true,
                  "Join Type": "Inner",
                  "Startup Cost": 34083.89,
                  "Total Cost": 80096.8,
                  "Plan Rows": 165482,
                  "Plan Width": 0,
                  "Actual Startup Time": 207.657,
                  "Actual Total Time": 289.606,
                  "Actual Rows": 85354,
                  "Actual Loops": 5,
                  "Inner Unique": false,
                  "Hash Cond": "(t.id = mc.movie_id)",
                  "Plans": [
                    {
                      "Node Type": "Seq Scan",
                      "Parent Relationship": "Outer",
                      "Parallel Aware": true,
                      "Relation Name": "title",
                      "Alias": "t",
                      "Startup Cost": 0.0,
                      "Total Cost": 42318.73,
                      "Plan Rows": 632073,
                      "Plan Width": 4,
                      "Actual Startup Time": 0.015,
                      "Actual Total Time": 70.003,
                      "Actual Rows": 505662,
                      "Actual Loops": 5
                    },
                    {
                      "Node Type": "Hash",
                      "Parent Relationship": "Inner",
                      "Parallel Aware": true,
                      "Startup Cost": 31414.82,
                      "Total Cost": 31414.82,
                      "Plan Rows": 213526,
                      "Plan Width": 4,
                      "Actual Startup Time": 108.476,
                      "Actual Total Time": 108.477,
                      "Actual Rows": 85354,
                      "Actual Loops": 5,
                      "Hash Buckets": 1048576,
                      "Original Hash Buckets": 1048576,
                      "Hash Batches": 1,
                      "Original Hash Batches": 1,
                      "Peak Memory Usage": 24928,
                      "Plans": [
                        {
                          "Node Type": "Seq Scan",
                          "Parent Relationship": "Outer",
                          "Parallel Aware": true,
                          "Relation Name": "movie_companies",
                          "Alias": "mc",
                          "Startup Cost": 0.0,
                          "Total Cost": 31414.82,
                          "Plan Rows": 213526,
                          "Plan Width": 4,
                          "Actual Startup Time": 21.01,
                          "Actual Total Time": 73.781,
                          "Actual Rows": 85354,
                          "Actual Loops": 5,
                          "Filter": "((company_id > 11156) AND (company_type_id = 1))",
                          "Rows Removed by Filter": 436472
                        }
                      ]
                    }
                  ]
                }
              ]
            }
          ]
        }
      ]
    },
    "Planning Time": 0.671,
    "Triggers": [],
    "Execution Time": 322.307
  }
]