{
  "Plan": {
    "Node Type": "Aggregate",
    "Strategy": "Plain",
    "Partial Mode": "Finalize",
    "Parallel Aware": false,
    "Startup Cost": 128098.05,
    "Total Cost": 128098.06,
    "Plan Rows": 1,
    "Plan Width": 8,
    "Actual Startup Time": 927.897,
    "Actual Total Time": 944.541,
    "Actual Rows": 1,
    "Actual Loops": 1,
    "Plans": [
      {
        "Node Type": "Gather",
        "Parent Relationship": "Outer",
        "Parallel Aware": false,
        "Startup Cost": 128097.94,
        "Total Cost": 128098.05,
        "Plan Rows": 1,
        "Plan Width": 8,
        "Actual Startup Time": 925.935,
        "Actual Total Time": 944.534,
        "Actual Rows": 2,
        "Actual Loops": 1,
        "Workers Planned": 1,
        "Workers Launched": 1,
        "Single Copy": false,
        "Plans": [
          {
            "Node Type": "Aggregate",
            "Strategy": "Plain",
            "Partial Mode": "Partial",
            "Parent Relationship": "Outer",
            "Parallel Aware": false,
            "Startup Cost": 127097.94,
            "Total Cost": 127097.95,
            "Plan Rows": 1,
            "Plan Width": 8,
            "Actual Startup Time": 920.251,
            "Actual Total Time": 920.255,
            "Actual Rows": 1,
            "Actual Loops": 2,
            "Plans": [
              {
                "Node Type": "Hash Join",
                "Parent Relationship": "Outer",
                "Parallel Aware": true,
                "Join Type": "Inner",
                "Startup Cost": 61057.65,
                "Total Cost": 125026.39,
                "Plan Rows": 828618,
                "Plan Width": 0,
                "Actual Startup Time": 346.272,
                "Actual Total Time": 875.014,
                "Actual Rows": 959710,
                "Actual Loops": 2,
                "Inner Unique": true,
                "Hash Cond": "(mk.movie_id = t.id)",
                "Plans": [
                  {
                    "Node Type": "Seq Scan",
                    "Parent Relationship": "Outer",
                    "Parallel Aware": true,
                    "Relation Name": "movie_keyword",
                    "Alias": "mk",
                    "Startup Cost": 0.0,
                    "Total Cost": 57718.19,
                    "Plan Rows": 2381158,
                    "Plan Width": 4,
                    "Actual Startup Time": 0.017,
                    "Actual Total Time": 242.453,
                    "Actual Rows": 2029554,
                    "Actual Loops": 2,
                    "Filter": "(keyword_id < 38295)",
                    "Rows Removed by Filter": 232410
                  },
                  {
                    "Node Type": "Hash",
                    "Parent Relationship": "Inner",
                    "Parallel Aware": true,
                    "Startup Cost": 54588.39,
                    "Total Cost": 54588.39,
                    "Plan Rows": 517541,
                    "Plan Width": 4,
                    "Actual Startup Time": 338.006,
                    "Actual Total Time": 338.007,
                    "Actual Rows": 442825,
                    "Actual Loops": 2,
                    "Hash Buckets": 1048576,
                    "Original Hash Buckets": 1048576,
                    "Hash Batches": 1,
                    "Original Hash Batches": 1,
                    "Peak Memory Usage": 42848,
                    "Plans": [
                      {
                        "Node Type": "Seq Scan",
                        "Parent Relationship": "Outer",
                        "Parallel Aware": true,
                        "Relation Name": "title",
                        "Alias": "t",
                        "Startup Cost": 0.0,
                        "Total Cost": 54588.39,
                        "Plan Rows": 517541,
                        "Plan Width": 4,
                        "Actual Startup Time": 0.031,
                        "Actual Total Time": 185.944,
                        "Actual Rows": 442825,
                        "Actual Loops": 2,
                        "Filter": "(production_year < 1997)",
                        "Rows Removed by Filter": 821331
                      }
                    ]
                  }
                ]
              }
            ]
          }
        ]
      }
    ]
  },
  "Planning Time": 0.269,
  "Triggers": [],
  "Execution Time": 944.589
}