[
    {
        "Bao": {
            "Bao prediction": "NaN",
            "Bao recommended hint": "(no hint)"
        }
    },
    {
        "Plan": {
            "Node Type": "Aggregate",
            "Strategy": "Plain",
            "Partial Mode": "Simple",
            "Parallel Aware": false,
            "Startup Cost": 28433.72,
            "Total Cost": 28433.73,
            "Plan Rows": 1,
            "Plan Width": 8,
            "Actual Startup Time": 49.95,
            "Actual Total Time": 49.951,
            "Actual Rows": 1,
            "Actual Loops": 1,
            "Output": [
                "count(*)"
            ],
            "Plans": [
                {
                    "Node Type": "Bitmap Heap Scan",
                    "Parent Relationship": "Outer",
                    "Parallel Aware": false,
                    "Relation Name": "movie_keyword",
                    "Schema": "public",
                    "Alias": "mk",
                    "Startup Cost": 2331.84,
                    "Total Cost": 28159.08,
                    "Plan Rows": 109859,
                    "Plan Width": 0,
                    "Actual Startup Time": 11.243,
                    "Actual Total Time": 45.363,
                    "Actual Rows": 104802,
                    "Actual Loops": 1,
                    "Recheck Cond": "(mk.keyword_id > 81193)",
                    "Rows Removed by Index Recheck": 0,
                    "Exact Heap Blocks": 17583,
                    "Lossy Heap Blocks": 0,
                    "Plans": [
                        {
                            "Node Type": "Bitmap Index Scan",
                            "Parent Relationship": "Outer",
                            "Parallel Aware": false,
                            "Index Name": "keyword_id_movie_keyword",
                            "Startup Cost": 0.0,
                            "Total Cost": 2304.38,
                            "Plan Rows": 109859,
                            "Plan Width": 0,
                            "Actual Startup Time": 8.201,
                            "Actual Total Time": 8.201,
                            "Actual Rows": 104802,
                            "Actual Loops": 1,
                            "Index Cond": "(mk.keyword_id > 81193)"
                        }
                    ]
                }
            ]
        },
        "Planning Time": 188.796,
        "Triggers": [],
        "Execution Time": 49.993
    }
]