[
  {
    "Plan": {
      "Node Type": "Aggregate",
      "Strategy": "Plain",
      "Partial Mode": "Finalize",
      "Parallel Aware": false,
      "Startup Cost": 31104.42,
      "Total Cost": 31104.43,
      "Plan Rows": 1,
      "Plan Width": 8,
      "Actual Startup Time": 98.419,
      "Actual Total Time": 106.205,
      "Actual Rows": 1,
      "Actual Loops": 1,
      "Plans": [
        {
          "Node Type": "Gather",
          "Parent Relationship": "Outer",
          "Parallel Aware": false,
          "Startup Cost": 31104.1,
          "Total Cost": 31104.41,
          "Plan Rows": 3,
          "Plan Width": 8,
          "Actual Startup Time": 98.286,
          "Actual Total Time": 106.197,
          "Actual Rows": 4,
          "Actual Loops": 1,
          "Workers Planned": 3,
          "Workers Launched": 3,
          "Single Copy": false,
          "Plans": [
            {
              "Node Type": "Aggregate",
              "Strategy": "Plain",
              "Partial Mode": "Partial",
              "Parent Relationship": "Outer",
              "Parallel Aware": false,
              "Startup Cost": 30104.1,
              "Total Cost": 30104.11,
              "Plan Rows": 1,
              "Plan Width": 8,
              "Actual Startup Time": 89.74,
              "Actual Total Time": 89.741,
              "Actual Rows": 1,
              "Actual Loops": 4,
              "Plans": [
                {
                  "Node Type": "Seq Scan",
                  "Parent Relationship": "Outer",
                  "Parallel Aware": true,
                  "Relation Name": "movie_companies",
                  "Alias": "mc",
                  "Startup Cost": 0.0,
                  "Total Cost": 29310.68,
                  "Plan Rows": 317368,
                  "Plan Width": 0,
                  "Actual Startup Time": 21.868,
                  "Actual Total Time": 79.197,
                  "Actual Rows": 248973,
                  "Actual Loops": 4,
                  "Filter": "(company_id > 16812)",
                  "Rows Removed by Filter": 403309
                }
              ]
            }
          ]
        }
      ]
    },
    "Planning Time": 0.189,
    "Triggers": [],
    "Execution Time": 106.268
  }
]