[
    {
        "Bao": {
            "Bao prediction": "NaN",
            "Bao recommended hint": "(no hint)"
        }
    },
    {
        "Plan": {
            "Node Type": "Aggregate",
            "Strategy": "Plain",
            "Partial Mode": "Finalize",
            "Parallel Aware": false,
            "Startup Cost": 349276.8,
            "Total Cost": 349276.81,
            "Plan Rows": 1,
            "Plan Width": 8,
            "Actual Startup Time": 815.795,
            "Actual Total Time": 863.803,
            "Actual Rows": 1,
            "Actual Loops": 1,
            "Output": [
                "count(*)"
            ],
            "Plans": [
                {
                    "Node Type": "Gather",
                    "Parent Relationship": "Outer",
                    "Parallel Aware": false,
                    "Startup Cost": 349276.17,
                    "Total Cost": 349276.78,
                    "Plan Rows": 6,
                    "Plan Width": 8,
                    "Actual Startup Time": 815.728,
                    "Actual Total Time": 863.793,
                    "Actual Rows": 7,
                    "Actual Loops": 1,
                    "Output": [
                        "(PARTIAL count(*))"
                    ],
                    "Workers Planned": 6,
                    "Workers Launched": 6,
                    "Single Copy": false,
                    "Plans": [
                        {
                            "Node Type": "Aggregate",
                            "Strategy": "Plain",
                            "Partial Mode": "Partial",
                            "Parent Relationship": "Outer",
                            "Parallel Aware": false,
                            "Startup Cost": 348276.17,
                            "Total Cost": 348276.18,
                            "Plan Rows": 1,
                            "Plan Width": 8,
                            "Actual Startup Time": 805.885,
                            "Actual Total Time": 805.886,
                            "Actual Rows": 1,
                            "Actual Loops": 7,
                            "Output": [
                                "PARTIAL count(*)"
                            ],
                            "Workers": [
                                {
                                    "Worker Number": 0,
                                    "Actual Startup Time": 803.565,
                                    "Actual Total Time": 803.566,
                                    "Actual Rows": 1,
                                    "Actual Loops": 1
                                },
                                {
                                    "Worker Number": 1,
                                    "Actual Startup Time": 803.677,
                                    "Actual Total Time": 803.678,
                                    "Actual Rows": 1,
                                    "Actual Loops": 1
                                },
                                {
                                    "Worker Number": 2,
                                    "Actual Startup Time": 804.188,
                                    "Actual Total Time": 804.189,
                                    "Actual Rows": 1,
                                    "Actual Loops": 1
                                },
                                {
                                    "Worker Number": 3,
                                    "Actual Startup Time": 804.498,
                                    "Actual Total Time": 804.499,
                                    "Actual Rows": 1,
                                    "Actual Loops": 1
                                },
                                {
                                    "Worker Number": 4,
                                    "Actual Startup Time": 804.847,
                                    "Actual Total Time": 804.847,
                                    "Actual Rows": 1,
                                    "Actual Loops": 1
                                },
                                {
                                    "Worker Number": 5,
                                    "Actual Startup Time": 805.111,
                                    "Actual Total Time": 805.113,
                                    "Actual Rows": 1,
                                    "Actual Loops": 1
                                }
                            ],
                            "Plans": [
                                {
                                    "Node Type": "Seq Scan",
                                    "Parent Relationship": "Outer",
                                    "Parallel Aware": true,
                                    "Relation Name": "cast_info",
                                    "Schema": "public",
                                    "Alias": "ci",
                                    "Startup Cost": 0.0,
                                    "Total Cost": 343318.94,
                                    "Plan Rows": 1982893,
                                    "Plan Width": 0,
                                    "Actual Startup Time": 361.834,
                                    "Actual Total Time": 704.366,
                                    "Actual Rows": 1927092,
                                    "Actual Loops": 7,
                                    "Output": [
                                        "id",
                                        "person_id",
                                        "movie_id",
                                        "person_role_id",
                                        "note",
                                        "nr_order",
                                        "role_id"
                                    ],
                                    "Filter": "((ci.person_id > 922267) AND (ci.role_id > 2))",
                                    "Rows Removed by Filter": 3250671,
                                    "Workers": [
                                        {
                                            "Worker Number": 0,
                                            "Actual Startup Time": 359.542,
                                            "Actual Total Time": 704.28,
                                            "Actual Rows": 1497300,
                                            "Actual Loops": 1
                                        },
                                        {
                                            "Worker Number": 1,
                                            "Actual Startup Time": 359.642,
                                            "Actual Total Time": 704.37,
                                            "Actual Rows": 1498563,
                                            "Actual Loops": 1
                                        },
                                        {
                                            "Worker Number": 2,
                                            "Actual Startup Time": 360.119,
                                            "Actual Total Time": 703.552,
                                            "Actual Rows": 1519055,
                                            "Actual Loops": 1
                                        },
                                        {
                                            "Worker Number": 3,
                                            "Actual Startup Time": 360.453,
                                            "Actual Total Time": 707.648,
                                            "Actual Rows": 2372936,
                                            "Actual Loops": 1
                                        },
                                        {
                                            "Worker Number": 4,
                                            "Actual Startup Time": 360.784,
                                            "Actual Total Time": 706.039,
                                            "Actual Rows": 2349184,
                                            "Actual Loops": 1
                                        },
                                        {
                                            "Worker Number": 5,
                                            "Actual Startup Time": 361.051,
                                            "Actual Total Time": 705.794,
                                            "Actual Rows": 2363828,
                                            "Actual Loops": 1
                                        }
                                    ]
                                }
                            ]
                        }
                    ]
                }
            ]
        },
        "Planning Time": 242.458,
        "Triggers": [],
        "Execution Time": 863.862
    }
]