[
  {
    "Plan": {
      "Node Type": "Aggregate",
      "Strategy": "Plain",
      "Partial Mode": "Finalize",
      "Parallel Aware": false,
      "Startup Cost": 303984.41,
      "Total Cost": 303984.42,
      "Plan Rows": 1,
      "Plan Width": 8,
      "Actual Startup Time": 221.185,
      "Actual Total Time": 233.202,
      "Actual Rows": 1,
      "Actual Loops": 1,
      "Plans": [
        {
          "Node Type": "Gather",
          "Parent Relationship": "Outer",
          "Parallel Aware": false,
          "Startup Cost": 303983.78,
          "Total Cost": 303984.39,
          "Plan Rows": 6,
          "Plan Width": 8,
          "Actual Startup Time": 220.466,
          "Actual Total Time": 233.176,
          "Actual Rows": 7,
          "Actual Loops": 1,
          "Workers Planned": 6,
          "Workers Launched": 6,
          "Single Copy": false,
          "Plans": [
            {
              "Node Type": "Aggregate",
              "Strategy": "Plain",
              "Partial Mode": "Partial",
              "Parent Relationship": "Outer",
              "Parallel Aware": false,
              "Startup Cost": 302983.78,
              "Total Cost": 302983.79,
              "Plan Rows": 1,
              "Plan Width": 8,
              "Actual Startup Time": 212.327,
              "Actual Total Time": 212.33,
              "Actual Rows": 1,
              "Actual Loops": 7,
              "Plans": [
                {
                  "Node Type": "Bitmap Heap Scan",
                  "Parent Relationship": "Outer",
                  "Parallel Aware": true,
                  "Relation Name": "cast_info",
                  "Alias": "ci",
                  "Startup Cost": 45180.63,
                  "Total Cost": 302131.09,
                  "Plan Rows": 341077,
                  "Plan Width": 0,
                  "Actual Startup Time": 99.761,
                  "Actual Total Time": 191.458,
                  "Actual Rows": 300127,
                  "Actual Loops": 7,
                  "Recheck Cond": "(person_id < 206004)",
                  "Rows Removed by Index Recheck": 0,
                  "Exact Heap Blocks": 4266,
                  "Lossy Heap Blocks": 0,
                  "Plans": [
                    {
                      "Node Type": "Bitmap Index Scan",
                      "Parent Relationship": "Outer",
                      "Parallel Aware": false,
                      "Index Name": "person_id_cast_info",
                      "Startup Cost": 0.0,
                      "Total Cost": 44669.01,
                      "Plan Rows": 2046460,
                      "Plan Width": 0,
                      "Actual Startup Time": 101.616,
                      "Actual Total Time": 101.617,
                      "Actual Rows": 2100887,
                      "Actual Loops": 1,
                      "Index Cond": "(person_id < 206004)"
                    }
                  ]
                }
              ]
            }
          ]
        }
      ]
    },
    "Planning Time": 0.092,
    "Triggers": [],
    "Execution Time": 233.245
  }
]