{
  "Plan": {
    "Node Type": "Aggregate",
    "Strategy": "Plain",
    "Partial Mode": "Simple",
    "Parallel Aware": false,
    "Startup Cost": 2934715.34,
    "Total Cost": 2934715.35,
    "Plan Rows": 1,
    "Plan Width": 64,
    "Actual Startup Time": 38425.115,
    "Actual Total Time": 38425.138,
    "Actual Rows": 1,
    "Actual Loops": 1,
    "Plans": [
      {
        "Node Type": "Merge Join",
        "Parent Relationship": "Outer",
        "Parallel Aware": false,
        "Join Type": "Inner",
        "Startup Cost": 2922027.1,
        "Total Cost": 2934713.15,
        "Plan Rows": 438,
        "Plan Width": 33,
        "Actual Startup Time": 36887.669,
        "Actual Total Time": 38126.594,
        "Actual Rows": 3710592,
        "Actual Loops": 1,
        "Inner Unique": false,
        "Merge Cond": "(cn.id = mc.company_id)",
        "Plans": [
          {
            "Node Type": "Index Scan",
            "Parent Relationship": "Outer",
            "Parallel Aware": false,
            "Scan Direction": "Forward",
            "Index Name": "company_name_pkey",
            "Relation Name": "company_name",
            "Alias": "cn",
            "Startup Cost": 0.42,
            "Total Cost": 12469.43,
            "Plan Rows": 85931,
            "Plan Width": 4,
            "Actual Startup Time": 0.02,
            "Actual Total Time": 132.591,
            "Actual Rows": 84843,
            "Actual Loops": 1,
            "Filter": "((country_code)::text = '[us]'::text)",
            "Rows Removed by Filter": 150154
          },
          {
            "Node Type": "Sort",
            "Parent Relationship": "Inner",
            "Parallel Aware": false,
            "Startup Cost": 2922026.5,
            "Total Cost": 2922029.49,
            "Plan Rows": 1198,
            "Plan Width": 37,
            "Actual Startup Time": 36887.639,
            "Actual Total Time": 37311.11,
            "Actual Rows": 8847894,
            "Actual Loops": 1,
            "Sort Key": [
              "mc.company_id"
            ],
            "Sort Method": "quicksort",
            "Sort Space Used": 1217489,
            "Sort Space Type": "Memory",
            "Plans": [
              {
                "Node Type": "Merge Join",
                "Parent Relationship": "Outer",
                "Parallel Aware": false,
                "Join Type": "Inner",
                "Startup Cost": 2775020.12,
                "Total Cost": 2921965.24,
                "Plan Rows": 1198,
                "Plan Width": 37,
                "Actual Startup Time": 31293.934,
                "Actual Total Time": 33841.931,
                "Actual Rows": 8847894,
                "Actual Loops": 1,
                "Inner Unique": false,
                "Merge Cond": "(mc.movie_id = t.id)",
                "Plans": [
                  {
                    "Node Type": "Index Scan",
                    "Parent Relationship": "Outer",
                    "Parallel Aware": false,
                    "Scan Direction": "Forward",
                    "Index Name": "movie_id_movie_companies",
                    "Relation Name": "movie_companies",
                    "Alias": "mc",
                    "Startup Cost": 0.43,
                    "Total Cost": 140404.76,
                    "Plan Rows": 2609129,
                    "Plan Width": 8,
                    "Actual Startup Time": 0.012,
                    "Actual Total Time": 590.348,
                    "Actual Rows": 2609129,
                    "Actual Loops": 1
                  },
                  {
                    "Node Type": "Sort",
                    "Parent Relationship": "Inner",
                    "Parallel Aware": false,
                    "Startup Cost": 2775019.69,
                    "Total Cost": 2775022.59,
                    "Plan Rows": 1161,
                    "Plan Width": 45,
                    "Actual Startup Time": 31293.613,
                    "Actual Total Time": 31955.517,
                    "Actual Rows": 8923268,
                    "Actual Loops": 1,
                    "Sort Key": [
                      "mk.movie_id"
                    ],
                    "Sort Method": "quicksort",
                    "Sort Space Used": 197967,
                    "Sort Space Type": "Memory",
                    "Plans": [
                      {
                        "Node Type": "Merge Join",
                        "Parent Relationship": "Outer",
                        "Parallel Aware": false,
                        "Join Type": "Inner",
                        "Startup Cost": 2522528.73,
                        "Total Cost": 2774960.59,
                        "Plan Rows": 1161,
                        "Plan Width": 45,
                        "Actual Startup Time": 28097.809,
                        "Actual Total Time": 30790.32,
                        "Actual Rows": 1294886,
                        "Actual Loops": 1,
                        "Inner Unique": true,
                        "Merge Cond": "(an.person_id = n.id)",
                        "Plans": [
                          {
                            "Node Type": "Merge Join",
                            "Parent Relationship": "Outer",
                            "Parallel Aware": false,
                            "Join Type": "Inner",
                            "Startup Cost": 2522516.99,
                            "Total Cost": 2586359.58,
                            "Plan Rows": 1161,
                            "Plan Width": 53,
                            "Actual Startup Time": 28097.752,
                            "Actual Total Time": 28965.247,
                            "Actual Rows": 1294886,
                            "Actual Loops": 1,
                            "Inner Unique": false,
                            "Merge Cond": "(an.person_id = ci.person_id)",
                            "Plans": [
                              {
                                "Node Type": "Index Scan",
                                "Parent Relationship": "Outer",
                                "Parallel Aware": false,
                                "Scan Direction": "Forward",
                                "Index Name": "person_id_aka_name",
                                "Relation Name": "aka_name",
                                "Alias": "an",
                                "Startup Cost": 0.42,
                                "Total Cost": 72027.93,
                                "Plan Rows": 901343,
                                "Plan Width": 20,
                                "Actual Startup Time": 0.01,
                                "Actual Total Time": 295.158,
                                "Actual Rows": 772582,
                                "Actual Loops": 1
                              },
                              {
                                "Node Type": "Sort",
                                "Parent Relationship": "Inner",
                                "Parallel Aware": false,
                                "Startup Cost": 2522516.56,
                                "Total Cost": 2522517.78,
                                "Plan Rows": 488,
                                "Plan Width": 33,
                                "Actual Startup Time": 28097.723,
                                "Actual Total Time": 28343.023,
                                "Actual Rows": 1787374,
                                "Actual Loops": 1,
                                "Sort Key": [
                                  "ci.person_id"
                                ],
                                "Sort Method": "quicksort",
                                "Sort Space Used": 117096,
                                "Sort Space Type": "Memory",
                                "Plans": [
                                  {
                                    "Node Type": "Merge Join",
                                    "Parent Relationship": "Outer",
                                    "Parallel Aware": false,
                                    "Join Type": "Inner",
                                    "Startup Cost": 240502.06,
                                    "Total Cost": 2522494.77,
                                    "Plan Rows": 488,
                                    "Plan Width": 33,
                                    "Actual Startup Time": 136.251,
                                    "Actual Total Time": 27754.396,
                                    "Actual Rows": 1038393,
                                    "Actual Loops": 1,
                                    "Inner Unique": false,
                                    "Merge Cond": "(t.id = ci.movie_id)",
                                    "Plans": [
                                      {
                                        "Node Type": "Merge Join",
                                        "Parent Relationship": "Outer",
                                        "Parallel Aware": false,
                                        "Join Type": "Inner",
                                        "Startup Cost": 240501.5,
                                        "Total Cost": 357042.78,
                                        "Plan Rows": 34,
                                        "Plan Width": 25,
                                        "Actual Startup Time": 133.61,
                                        "Actual Total Time": 1726.6,
                                        "Actual Rows": 41840,
                                        "Actual Loops": 1,
                                        "Inner Unique": false,
                                        "Merge Cond": "(t.id = mk.movie_id)",
                                        "Plans": [
                                          {
                                            "Node Type": "Index Scan",
                                            "Parent Relationship": "Outer",
                                            "Parallel Aware": false,
                                            "Scan Direction": "Forward",
                                            "Index Name": "title_pkey",
                                            "Relation Name": "title",
                                            "Alias": "t",
                                            "Startup Cost": 0.43,
                                            "Total Cost": 110359.06,
                                            "Plan Rows": 2528509,
                                            "Plan Width": 21,
                                            "Actual Startup Time": 0.014,
                                            "Actual Total Time": 1418.844,
                                            "Actual Rows": 2525772,
                                            "Actual Loops": 1
                                          },
                                          {
                                            "Node Type": "Sort",
                                            "Parent Relationship": "Inner",
                                            "Parallel Aware": false,
                                            "Startup Cost": 240487.87,
                                            "Total Cost": 240487.95,
                                            "Plan Rows": 34,
                                            "Plan Width": 4,
                                            "Actual Startup Time": 133.187,
                                            "Actual Total Time": 141.45,
                                            "Actual Rows": 41840,
                                            "Actual Loops": 1,
                                            "Sort Key": [
                                              "mk.movie_id"
                                            ],
                                            "Sort Method": "quicksort",
                                            "Sort Space Used": 3498,
                                            "Sort Space Type": "Memory",
                                            "Plans": [
                                              {
                                                "Node Type": "Merge Join",
                                                "Parent Relationship": "Outer",
                                                "Parallel Aware": false,
                                                "Join Type": "Inner",
                                                "Startup Cost": 3468.34,
                                                "Total Cost": 240487.0,
                                                "Plan Rows": 34,
                                                "Plan Width": 4,
                                                "Actual Startup Time": 108.128,
                                                "Actual Total Time": 127.253,
                                                "Actual Rows": 41840,
                                                "Actual Loops": 1,
                                                "Inner Unique": true,
                                                "Merge Cond": "(mk.keyword_id = k.id)",
                                                "Plans": [
                                                  {
                                                    "Node Type": "Index Scan",
                                                    "Parent Relationship": "Outer",
                                                    "Parallel Aware": false,
                                                    "Scan Direction": "Forward",
                                                    "Index Name": "keyword_id_movie_keyword",
                                                    "Relation Name": "movie_keyword",
                                                    "Alias": "mk",
                                                    "Startup Cost": 0.43,
                                                    "Total Cost": 226550.7,
                                                    "Plan Rows": 4523930,
                                                    "Plan Width": 8,
                                                    "Actual Startup Time": 0.013,
                                                    "Actual Total Time": 89.598,
                                                    "Actual Rows": 163762,
                                                    "Actual Loops": 1
                                                  },
                                                  {
                                                    "Node Type": "Sort",
                                                    "Parent Relationship": "Inner",
                                                    "Parallel Aware": false,
                                                    "Startup Cost": 2626.14,
                                                    "Total Cost": 2626.14,
                                                    "Plan Rows": 1,
                                                    "Plan Width": 4,
                                                    "Actual Startup Time": 24.734,
                                                    "Actual Total Time": 24.736,
                                                    "Actual Rows": 1,
                                                    "Actual Loops": 1,
                                                    "Sort Key": [
                                                      "k.id"
                                                    ],
                                                    "Sort Method": "quicksort",
                                                    "Sort Space Used": 25,
                                                    "Sort Space Type": "Memory",
                                                    "Plans": [
                                                      {
                                                        "Node Type": "Seq Scan",
                                                        "Parent Relationship": "Outer",
                                                        "Parallel Aware": false,
                                                        "Relation Name": "keyword",
                                                        "Alias": "k",
                                                        "Startup Cost": 0.0,
                                                        "Total Cost": 2626.12,
                                                        "Plan Rows": 1,
                                                        "Plan Width": 4,
                                                        "Actual Startup Time": 1.478,
                                                        "Actual Total Time": 24.727,
                                                        "Actual Rows": 1,
                                                        "Actual Loops": 1,
                                                        "Filter": "(keyword = 'character-name-in-title'::text)",
                                                        "Rows Removed by Filter": 134169
                                                      }
                                                    ]
                                                  }
                                                ]
                                              }
                                            ]
                                          }
                                        ]
                                      },
                                      {
                                        "Node Type": "Index Scan",
                                        "Parent Relationship": "Inner",
                                        "Parallel Aware": false,
                                        "Scan Direction": "Forward",
                                        "Index Name": "movie_id_cast_info",
                                        "Relation Name": "cast_info",
                                        "Alias": "ci",
                                        "Startup Cost": 0.56,
                                        "Total Cost": 2074802.47,
                                        "Plan Rows": 36257824,
                                        "Plan Width": 8,
                                        "Actual Startup Time": 0.016,
                                        "Actual Total Time": 23604.674,
                                        "Actual Rows": 36243485,
                                        "Actual Loops": 1
                                      }
                                    ]
                                  }
                                ]
                              }
                            ]
                          },
                          {
                            "Node Type": "Index Only Scan",
                            "Parent Relationship": "Inner",
                            "Parallel Aware": false,
                            "Scan Direction": "Forward",
                            "Index Name": "name_pkey",
                            "Relation Name": "name",
                            "Alias": "n",
                            "Startup Cost": 0.43,
                            "Total Cost": 178171.22,
                            "Plan Rows": 4167377,
                            "Plan Width": 4,
                            "Actual Startup Time": 0.049,
                            "Actual Total Time": 1495.898,
                            "Actual Rows": 4061913,
                            "Actual Loops": 1,
                            "Heap Fetches": 4061913
                          }
                        ]
                      }
                    ]
                  }
                ]
              }
            ]
          }
        ]
      }
    ]
  },
  "Planning Time": 2.831,
  "Triggers": [],
  "Execution Time": 38488.583
}