[
  {
    "Plan": {
      "Node Type": "Aggregate",
      "Strategy": "Plain",
      "Partial Mode": "Finalize",
      "Parallel Aware": false,
      "Startup Cost": 206702.03,
      "Total Cost": 206702.04,
      "Plan Rows": 1,
      "Plan Width": 8,
      "Actual Startup Time": 849.193,
      "Actual Total Time": 914.148,
      "Actual Rows": 1,
      "Actual Loops": 1,
      "Plans": [
        {
          "Node Type": "Gather",
          "Parent Relationship": "Outer",
          "Parallel Aware": false,
          "Startup Cost": 206701.71,
          "Total Cost": 206702.02,
          "Plan Rows": 3,
          "Plan Width": 8,
          "Actual Startup Time": 846.601,
          "Actual Total Time": 914.138,
          "Actual Rows": 4,
          "Actual Loops": 1,
          "Workers Planned": 3,
          "Workers Launched": 3,
          "Single Copy": false,
          "Plans": [
            {
              "Node Type": "Aggregate",
              "Strategy": "Plain",
              "Partial Mode": "Partial",
              "Parent Relationship": "Outer",
              "Parallel Aware": false,
              "Startup Cost": 205701.71,
              "Total Cost": 205701.72,
              "Plan Rows": 1,
              "Plan Width": 8,
              "Actual Startup Time": 837.603,
              "Actual Total Time": 837.606,
              "Actual Rows": 1,
              "Actual Loops": 4,
              "Plans": [
                {
                  "Node Type": "Nested Loop",
                  "Parent Relationship": "Outer",
                  "Parallel Aware": false,
                  "Join Type": "Inner",
                  "Startup Cost": 47225.09,
                  "Total Cost": 204660.48,
                  "Plan Rows": 416490,
                  "Plan Width": 0,
                  "Actual Startup Time": 191.104,
                  "Actual Total Time": 808.83,
                  "Actual Rows": 590440,
                  "Actual Loops": 4,
                  "Inner Unique": false,
                  "Plans": [
                    {
                      "Node Type": "Hash Join",
                      "Parent Relationship": "Outer",
                      "Parallel Aware": true,
                      "Join Type": "Inner",
                      "Startup Cost": 47224.52,
                      "Total Cost": 78984.72,
                      "Plan Rows": 29066,
                      "Plan Width": 8,
                      "Actual Startup Time": 191.007,
                      "Actual Total Time": 277.222,
                      "Actual Rows": 17175,
                      "Actual Loops": 4,
                      "Inner Unique": true,
                      "Hash Cond": "(mc.movie_id = t.id)",
                      "Plans": [
                        {
                          "Node Type": "Seq Scan",
                          "Parent Relationship": "Outer",
                          "Parallel Aware": true,
                          "Relation Name": "movie_companies",
                          "Alias": "mc",
                          "Startup Cost": 0.0,
                          "Total Cost": 31414.82,
                          "Plan Rows": 131571,
                          "Plan Width": 4,
                          "Actual Startup Time": 29.717,
                          "Actual Total Time": 63.541,
                          "Actual Rows": 184602,
                          "Actual Loops": 4,
                          "Filter": "((company_id > 28339) AND (company_type_id = 2))",
                          "Rows Removed by Filter": 467681
                        },
                        {
                          "Node Type": "Hash",
                          "Parent Relationship": "Inner",
                          "Parallel Aware": true,
                          "Startup Cost": 45479.1,
                          "Total Cost": 45479.1,
                          "Plan Rows": 139634,
                          "Plan Width": 4,
                          "Actual Startup Time": 156.514,
                          "Actual Total Time": 156.515,
                          "Actual Rows": 151272,
                          "Actual Loops": 4,
                          "Hash Buckets": 1048576,
                          "Original Hash Buckets": 1048576,
                          "Hash Batches": 1,
                          "Original Hash Batches": 1,
                          "Peak Memory Usage": 31936,
                          "Plans": [
                            {
                              "Node Type": "Seq Scan",
                              "Parent Relationship": "Outer",
                              "Parallel Aware": true,
                              "Relation Name": "title",
                              "Alias": "t",
                              "Startup Cost": 0.0,
                              "Total Cost": 45479.1,
                              "Plan Rows": 139634,
                              "Plan Width": 4,
                              "Actual Startup Time": 0.045,
                              "Actual Total Time": 99.147,
                              "Actual Rows": 151272,
                              "Actual Loops": 4,
                              "Filter": "((kind_id > 4) AND (production_year > 2006))",
                              "Rows Removed by Filter": 480806
                            }
                          ]
                        }
                      ]
                    },
                    {
                      "Node Type": "Index Only Scan",
                      "Parent Relationship": "Inner",
                      "Parallel Aware": false,
                      "Scan Direction": "Forward",
                      "Index Name": "movie_id_cast_info",
                      "Relation Name": "cast_info",
                      "Alias": "ci",
                      "Startup Cost": 0.56,
                      "Total Cost": 3.95,
                      "Plan Rows": 37,
                      "Plan Width": 4,
                      "Actual Startup Time": 0.005,
                      "Actual Total Time": 0.028,
                      "Actual Rows": 34,
                      "Actual Loops": 68700,
                      "Index Cond": "(movie_id = t.id)",
                      "Rows Removed by Index Recheck": 0,
                      "Heap Fetches": 2361762
                    }
                  ]
                }
              ]
            }
          ]
        }
      ]
    },
    "Planning Time": 1.479,
    "Triggers": [],
    "Execution Time": 914.281
  }
]