[
  {
    "Plan": {
      "Node Type": "Aggregate",
      "Strategy": "Plain",
      "Partial Mode": "Finalize",
      "Parallel Aware": false,
      "Startup Cost": 394218.02,
      "Total Cost": 394218.03,
      "Plan Rows": 1,
      "Plan Width": 8,
      "Actual Startup Time": 2022.345,
      "Actual Total Time": 2078.475,
      "Actual Rows": 1,
      "Actual Loops": 1,
      "Plans": [
        {
          "Node Type": "Gather",
          "Parent Relationship": "Outer",
          "Parallel Aware": false,
          "Startup Cost": 394217.4,
          "Total Cost": 394218.01,
          "Plan Rows": 6,
          "Plan Width": 8,
          "Actual Startup Time": 2017.68,
          "Actual Total Time": 2078.467,
          "Actual Rows": 7,
          "Actual Loops": 1,
          "Workers Planned": 6,
          "Workers Launched": 6,
          "Single Copy": false,
          "Plans": [
            {
              "Node Type": "Aggregate",
              "Strategy": "Plain",
              "Partial Mode": "Partial",
              "Parent Relationship": "Outer",
              "Parallel Aware": false,
              "Startup Cost": 393217.4,
              "Total Cost": 393217.41,
              "Plan Rows": 1,
              "Plan Width": 8,
              "Actual Startup Time": 2009.082,
              "Actual Total Time": 2009.086,
              "Actual Rows": 1,
              "Actual Loops": 7,
              "Plans": [
                {
                  "Node Type": "Hash Join",
                  "Parent Relationship": "Outer",
                  "Parallel Aware": true,
                  "Join Type": "Inner",
                  "Startup Cost": 47911.61,
                  "Total Cost": 389342.26,
                  "Plan Rows": 1550053,
                  "Plan Width": 0,
                  "Actual Startup Time": 209.189,
                  "Actual Total Time": 1933.646,
                  "Actual Rows": 1571959,
                  "Actual Loops": 7,
                  "Inner Unique": true,
                  "Hash Cond": "(ci.movie_id = t.id)",
                  "Plans": [
                    {
                      "Node Type": "Seq Scan",
                      "Parent Relationship": "Outer",
                      "Parallel Aware": true,
                      "Relation Name": "cast_info",
                      "Alias": "ci",
                      "Startup Cost": 0.0,
                      "Total Cost": 328211.39,
                      "Plan Rows": 5035900,
                      "Plan Width": 4,
                      "Actual Startup Time": 70.671,
                      "Actual Total Time": 667.812,
                      "Actual Rows": 4288363,
                      "Actual Loops": 7,
                      "Filter": "(person_id > 599631)",
                      "Rows Removed by Filter": 889401
                    },
                    {
                      "Node Type": "Hash",
                      "Parent Relationship": "Inner",
                      "Parallel Aware": true,
                      "Startup Cost": 45479.59,
                      "Total Cost": 45479.59,
                      "Plan Rows": 194562,
                      "Plan Width": 4,
                      "Actual Startup Time": 136.225,
                      "Actual Total Time": 136.227,
                      "Actual Rows": 119806,
                      "Actual Loops": 7,
                      "Hash Buckets": 1048576,
                      "Original Hash Buckets": 1048576,
                      "Hash Batches": 1,
                      "Original Hash Batches": 1,
                      "Peak Memory Usage": 41088,
                      "Plans": [
                        {
                          "Node Type": "Seq Scan",
                          "Parent Relationship": "Outer",
                          "Parallel Aware": true,
                          "Relation Name": "title",
                          "Alias": "t",
                          "Startup Cost": 0.0,
                          "Total Cost": 45479.59,
                          "Plan Rows": 194562,
                          "Plan Width": 4,
                          "Actual Startup Time": 0.03,
                          "Actual Total Time": 80.965,
                          "Actual Rows": 119806,
                          "Actual Loops": 7,
                          "Filter": "((kind_id > 2) AND (production_year > 2004))",
                          "Rows Removed by Filter": 241381
                        }
                      ]
                    }
                  ]
                }
              ]
            }
          ]
        }
      ]
    },
    "Planning Time": 0.516,
    "Triggers": [],
    "Execution Time": 2078.522
  }
]