[
  {
    "Plan": {
      "Node Type": "Aggregate",
      "Strategy": "Plain",
      "Partial Mode": "Finalize",
      "Parallel Aware": false,
      "Startup Cost": 394219.6,
      "Total Cost": 394219.61,
      "Plan Rows": 1,
      "Plan Width": 8,
      "Actual Startup Time": 2000.395,
      "Actual Total Time": 2065.253,
      "Actual Rows": 1,
      "Actual Loops": 1,
      "Plans": [
        {
          "Node Type": "Gather",
          "Parent Relationship": "Outer",
          "Parallel Aware": false,
          "Startup Cost": 394218.98,
          "Total Cost": 394219.59,
          "Plan Rows": 6,
          "Plan Width": 8,
          "Actual Startup Time": 1995.245,
          "Actual Total Time": 2065.245,
          "Actual Rows": 7,
          "Actual Loops": 1,
          "Workers Planned": 6,
          "Workers Launched": 6,
          "Single Copy": false,
          "Plans": [
            {
              "Node Type": "Aggregate",
              "Strategy": "Plain",
              "Partial Mode": "Partial",
              "Parent Relationship": "Outer",
              "Parallel Aware": false,
              "Startup Cost": 393218.98,
              "Total Cost": 393218.99,
              "Plan Rows": 1,
              "Plan Width": 8,
              "Actual Startup Time": 1983.448,
              "Actual Total Time": 1983.451,
              "Actual Rows": 1,
              "Actual Loops": 7,
              "Plans": [
                {
                  "Node Type": "Hash Join",
                  "Parent Relationship": "Outer",
                  "Parallel Aware": true,
                  "Join Type": "Inner",
                  "Startup Cost": 47936.14,
                  "Total Cost": 389306.92,
                  "Plan Rows": 1564825,
                  "Plan Width": 0,
                  "Actual Startup Time": 205.677,
                  "Actual Total Time": 1913.985,
                  "Actual Rows": 1571959,
                  "Actual Loops": 7,
                  "Inner Unique": true,
                  "Hash Cond": "(ci.movie_id = t.id)",
                  "Plans": [
                    {
                      "Node Type": "Seq Scan",
                      "Parent Relationship": "Outer",
                      "Parallel Aware": true,
                      "Relation Name": "cast_info",
                      "Alias": "ci",
                      "Startup Cost": 0.0,
                      "Total Cost": 328162.03,
                      "Plan Rows": 5031898,
                      "Plan Width": 4,
                      "Actual Startup Time": 61.945,
                      "Actual Total Time": 636.865,
                      "Actual Rows": 4288363,
                      "Actual Loops": 7,
                      "Filter": "(person_id > 599631)",
                      "Rows Removed by Filter": 889401
                    },
                    {
                      "Node Type": "Hash",
                      "Parent Relationship": "Inner",
                      "Parallel Aware": true,
                      "Startup Cost": 45479.1,
                      "Total Cost": 45479.1,
                      "Plan Rows": 196563,
                      "Plan Width": 4,
                      "Actual Startup Time": 140.084,
                      "Actual Total Time": 140.084,
                      "Actual Rows": 119806,
                      "Actual Loops": 7,
                      "Hash Buckets": 1048576,
                      "Original Hash Buckets": 1048576,
                      "Hash Batches": 1,
                      "Original Hash Batches": 1,
                      "Peak Memory Usage": 41120,
                      "Plans": [
                        {
                          "Node Type": "Seq Scan",
                          "Parent Relationship": "Outer",
                          "Parallel Aware": true,
                          "Relation Name": "title",
                          "Alias": "t",
                          "Startup Cost": 0.0,
                          "Total Cost": 45479.1,
                          "Plan Rows": 196563,
                          "Plan Width": 4,
                          "Actual Startup Time": 0.052,
                          "Actual Total Time": 79.448,
                          "Actual Rows": 119806,
                          "Actual Loops": 7,
                          "Filter": "((kind_id > 2) AND (production_year > 2004))",
                          "Rows Removed by Filter": 241381
                        }
                      ]
                    }
                  ]
                }
              ]
            }
          ]
        }
      ]
    },
    "Planning Time": 0.678,
    "Triggers": [],
    "Execution Time": 2065.343
  }
]