[
    {
        "Bao": {
            "Bao prediction": "NaN",
            "Bao recommended hint": "(no hint)"
        }
    },
    {
        "Plan": {
            "Node Type": "Aggregate",
            "Strategy": "Plain",
            "Partial Mode": "Finalize",
            "Parallel Aware": false,
            "Startup Cost": 253743.09,
            "Total Cost": 253743.1,
            "Plan Rows": 1,
            "Plan Width": 8,
            "Actual Startup Time": 1030.211,
            "Actual Total Time": 1047.845,
            "Actual Rows": 1,
            "Actual Loops": 1,
            "Output": [
                "count(*)"
            ],
            "Plans": [
                {
                    "Node Type": "Gather",
                    "Parent Relationship": "Outer",
                    "Parallel Aware": false,
                    "Startup Cost": 253742.47,
                    "Total Cost": 253743.08,
                    "Plan Rows": 6,
                    "Plan Width": 8,
                    "Actual Startup Time": 1020.963,
                    "Actual Total Time": 1047.831,
                    "Actual Rows": 7,
                    "Actual Loops": 1,
                    "Output": [
                        "(PARTIAL count(*))"
                    ],
                    "Workers Planned": 6,
                    "Workers Launched": 6,
                    "Single Copy": false,
                    "Plans": [
                        {
                            "Node Type": "Aggregate",
                            "Strategy": "Plain",
                            "Partial Mode": "Partial",
                            "Parent Relationship": "Outer",
                            "Parallel Aware": false,
                            "Startup Cost": 252742.47,
                            "Total Cost": 252742.48,
                            "Plan Rows": 1,
                            "Plan Width": 8,
                            "Actual Startup Time": 1007.573,
                            "Actual Total Time": 1007.576,
                            "Actual Rows": 1,
                            "Actual Loops": 7,
                            "Output": [
                                "PARTIAL count(*)"
                            ],
                            "Workers": [
                                {
                                    "Worker Number": 0,
                                    "Actual Startup Time": 1004.982,
                                    "Actual Total Time": 1004.986,
                                    "Actual Rows": 1,
                                    "Actual Loops": 1
                                },
                                {
                                    "Worker Number": 1,
                                    "Actual Startup Time": 1005.028,
                                    "Actual Total Time": 1005.031,
                                    "Actual Rows": 1,
                                    "Actual Loops": 1
                                },
                                {
                                    "Worker Number": 2,
                                    "Actual Startup Time": 1006.447,
                                    "Actual Total Time": 1006.45,
                                    "Actual Rows": 1,
                                    "Actual Loops": 1
                                },
                                {
                                    "Worker Number": 3,
                                    "Actual Startup Time": 1005.029,
                                    "Actual Total Time": 1005.032,
                                    "Actual Rows": 1,
                                    "Actual Loops": 1
                                },
                                {
                                    "Worker Number": 4,
                                    "Actual Startup Time": 1005.423,
                                    "Actual Total Time": 1005.427,
                                    "Actual Rows": 1,
                                    "Actual Loops": 1
                                },
                                {
                                    "Worker Number": 5,
                                    "Actual Startup Time": 1005.803,
                                    "Actual Total Time": 1005.806,
                                    "Actual Rows": 1,
                                    "Actual Loops": 1
                                }
                            ],
                            "Plans": [
                                {
                                    "Node Type": "Hash Join",
                                    "Parent Relationship": "Outer",
                                    "Parallel Aware": true,
                                    "Join Type": "Inner",
                                    "Startup Cost": 48689.68,
                                    "Total Cost": 251556.96,
                                    "Plan Rows": 474202,
                                    "Plan Width": 0,
                                    "Actual Startup Time": 248.104,
                                    "Actual Total Time": 963.866,
                                    "Actual Rows": 657200,
                                    "Actual Loops": 7,
                                    "Inner Unique": true,
                                    "Hash Cond": "(ci.movie_id = t.id)",
                                    "Workers": [
                                        {
                                            "Worker Number": 0,
                                            "Actual Startup Time": 245.38,
                                            "Actual Total Time": 960.761,
                                            "Actual Rows": 609518,
                                            "Actual Loops": 1
                                        },
                                        {
                                            "Worker Number": 1,
                                            "Actual Startup Time": 245.584,
                                            "Actual Total Time": 960.68,
                                            "Actual Rows": 628676,
                                            "Actual Loops": 1
                                        },
                                        {
                                            "Worker Number": 2,
                                            "Actual Startup Time": 245.95,
                                            "Actual Total Time": 962.251,
                                            "Actual Rows": 627087,
                                            "Actual Loops": 1
                                        },
                                        {
                                            "Worker Number": 3,
                                            "Actual Startup Time": 245.837,
                                            "Actual Total Time": 958.419,
                                            "Actual Rows": 606253,
                                            "Actual Loops": 1
                                        },
                                        {
                                            "Worker Number": 4,
                                            "Actual Startup Time": 246.46,
                                            "Actual Total Time": 967.897,
                                            "Actual Rows": 860609,
                                            "Actual Loops": 1
                                        },
                                        {
                                            "Worker Number": 5,
                                            "Actual Startup Time": 246.219,
                                            "Actual Total Time": 960.669,
                                            "Actual Rows": 612281,
                                            "Actual Loops": 1
                                        }
                                    ],
                                    "Plans": [
                                        {
                                            "Node Type": "Index Scan",
                                            "Parent Relationship": "Outer",
                                            "Parallel Aware": true,
                                            "Scan Direction": "Forward",
                                            "Index Name": "role_id_cast_info",
                                            "Relation Name": "cast_info",
                                            "Schema": "public",
                                            "Alias": "ci",
                                            "Startup Cost": 0.56,
                                            "Total Cost": 200814.65,
                                            "Plan Rows": 782168,
                                            "Plan Width": 4,
                                            "Actual Startup Time": 0.341,
                                            "Actual Total Time": 283.353,
                                            "Actual Rows": 1064247,
                                            "Actual Loops": 7,
                                            "Output": [
                                                "ci.id",
                                                "ci.person_id",
                                                "ci.movie_id",
                                                "ci.person_role_id",
                                                "ci.note",
                                                "ci.nr_order",
                                                "ci.role_id"
                                            ],
                                            "Index Cond": "(ci.role_id = 2)",
                                            "Rows Removed by Index Recheck": 0,
                                            "Filter": "(ci.person_id > 1328911)",
                                            "Rows Removed by Filter": 320,
                                            "Workers": [
                                                {
                                                    "Worker Number": 0,
                                                    "Actual Startup Time": 0.143,
                                                    "Actual Total Time": 289.76,
                                                    "Actual Rows": 985746,
                                                    "Actual Loops": 1
                                                },
                                                {
                                                    "Worker Number": 1,
                                                    "Actual Startup Time": 0.233,
                                                    "Actual Total Time": 289.772,
                                                    "Actual Rows": 1008676,
                                                    "Actual Loops": 1
                                                },
                                                {
                                                    "Worker Number": 2,
                                                    "Actual Startup Time": 0.341,
                                                    "Actual Total Time": 288.108,
                                                    "Actual Rows": 1011560,
                                                    "Actual Loops": 1
                                                },
                                                {
                                                    "Worker Number": 3,
                                                    "Actual Startup Time": 0.436,
                                                    "Actual Total Time": 287.731,
                                                    "Actual Rows": 990221,
                                                    "Actual Loops": 1
                                                },
                                                {
                                                    "Worker Number": 4,
                                                    "Actual Startup Time": 0.589,
                                                    "Actual Total Time": 268.326,
                                                    "Actual Rows": 1397904,
                                                    "Actual Loops": 1
                                                },
                                                {
                                                    "Worker Number": 5,
                                                    "Actual Startup Time": 0.078,
                                                    "Actual Total Time": 292.419,
                                                    "Actual Rows": 1001718,
                                                    "Actual Loops": 1
                                                }
                                            ]
                                        },
                                        {
                                            "Node Type": "Hash",
                                            "Parent Relationship": "Inner",
                                            "Parallel Aware": true,
                                            "Startup Cost": 43899.01,
                                            "Total Cost": 43899.01,
                                            "Plan Rows": 383209,
                                            "Plan Width": 4,
                                            "Actual Startup Time": 243.754,
                                            "Actual Total Time": 243.755,
                                            "Actual Rows": 220466,
                                            "Actual Loops": 7,
                                            "Output": [
                                                "t.id"
                                            ],
                                            "Hash Buckets": 2097152,
                                            "Original Hash Buckets": 2097152,
                                            "Hash Batches": 1,
                                            "Original Hash Batches": 1,
                                            "Peak Memory Usage": 76832,
                                            "Workers": [
                                                {
                                                    "Worker Number": 0,
                                                    "Actual Startup Time": 244.769,
                                                    "Actual Total Time": 244.77,
                                                    "Actual Rows": 197323,
                                                    "Actual Loops": 1
                                                },
                                                {
                                                    "Worker Number": 1,
                                                    "Actual Startup Time": 244.883,
                                                    "Actual Total Time": 244.884,
                                                    "Actual Rows": 205038,
                                                    "Actual Loops": 1
                                                },
                                                {
                                                    "Worker Number": 2,
                                                    "Actual Startup Time": 244.889,
                                                    "Actual Total Time": 244.89,
                                                    "Actual Rows": 204270,
                                                    "Actual Loops": 1
                                                },
                                                {
                                                    "Worker Number": 3,
                                                    "Actual Startup Time": 244.617,
                                                    "Actual Total Time": 244.618,
                                                    "Actual Rows": 200170,
                                                    "Actual Loops": 1
                                                },
                                                {
                                                    "Worker Number": 4,
                                                    "Actual Startup Time": 245.309,
                                                    "Actual Total Time": 245.31,
                                                    "Actual Rows": 259913,
                                                    "Actual Loops": 1
                                                },
                                                {
                                                    "Worker Number": 5,
                                                    "Actual Startup Time": 245.398,
                                                    "Actual Total Time": 245.399,
                                                    "Actual Rows": 206648,
                                                    "Actual Loops": 1
                                                }
                                            ],
                                            "Plans": [
                                                {
                                                    "Node Type": "Seq Scan",
                                                    "Parent Relationship": "Outer",
                                                    "Parallel Aware": true,
                                                    "Relation Name": "title",
                                                    "Schema": "public",
                                                    "Alias": "t",
                                                    "Startup Cost": 0.0,
                                                    "Total Cost": 43899.01,
                                                    "Plan Rows": 383209,
                                                    "Plan Width": 4,
                                                    "Actual Startup Time": 0.067,
                                                    "Actual Total Time": 96.243,
                                                    "Actual Rows": 220466,
                                                    "Actual Loops": 7,
                                                    "Output": [
                                                        "t.id"
                                                    ],
                                                    "Filter": "(t.kind_id = 7)",
                                                    "Rows Removed by Filter": 140721,
                                                    "Workers": [
                                                        {
                                                            "Worker Number": 0,
                                                            "Actual Startup Time": 0.085,
                                                            "Actual Total Time": 97.759,
                                                            "Actual Rows": 197323,
                                                            "Actual Loops": 1
                                                        },
                                                        {
                                                            "Worker Number": 1,
                                                            "Actual Startup Time": 0.087,
                                                            "Actual Total Time": 99.984,
                                                            "Actual Rows": 205038,
                                                            "Actual Loops": 1
                                                        },
                                                        {
                                                            "Worker Number": 2,
                                                            "Actual Startup Time": 0.07,
                                                            "Actual Total Time": 99.185,
                                                            "Actual Rows": 204270,
                                                            "Actual Loops": 1
                                                        },
                                                        {
                                                            "Worker Number": 3,
                                                            "Actual Startup Time": 0.069,
                                                            "Actual Total Time": 99.451,
                                                            "Actual Rows": 200170,
                                                            "Actual Loops": 1
                                                        },
                                                        {
                                                            "Worker Number": 4,
                                                            "Actual Startup Time": 0.063,
                                                            "Actual Total Time": 93.658,
                                                            "Actual Rows": 259913,
                                                            "Actual Loops": 1
                                                        },
                                                        {
                                                            "Worker Number": 5,
                                                            "Actual Startup Time": 0.074,
                                                            "Actual Total Time": 99.025,
                                                            "Actual Rows": 206648,
                                                            "Actual Loops": 1
                                                        }
                                                    ]
                                                }
                                            ]
                                        }
                                    ]
                                }
                            ]
                        }
                    ]
                }
            ]
        },
        "Planning Time": 303.418,
        "Triggers": [],
        "Execution Time": 1047.972
    }
]