[
  {
    "Plan": {
      "Node Type": "Aggregate",
      "Strategy": "Plain",
      "Partial Mode": "Finalize",
      "Parallel Aware": false,
      "Startup Cost": 440443.65,
      "Total Cost": 440443.66,
      "Plan Rows": 1,
      "Plan Width": 8,
      "Actual Startup Time": 2416.487,
      "Actual Total Time": 2471.15,
      "Actual Rows": 1,
      "Actual Loops": 1,
      "Plans": [
        {
          "Node Type": "Gather",
          "Parent Relationship": "Outer",
          "Parallel Aware": false,
          "Startup Cost": 440443.02,
          "Total Cost": 440443.63,
          "Plan Rows": 6,
          "Plan Width": 8,
          "Actual Startup Time": 2395.249,
          "Actual Total Time": 2471.141,
          "Actual Rows": 7,
          "Actual Loops": 1,
          "Workers Planned": 6,
          "Workers Launched": 6,
          "Single Copy": false,
          "Plans": [
            {
              "Node Type": "Aggregate",
              "Strategy": "Plain",
              "Partial Mode": "Partial",
              "Parent Relationship": "Outer",
              "Parallel Aware": false,
              "Startup Cost": 439443.02,
              "Total Cost": 439443.03,
              "Plan Rows": 1,
              "Plan Width": 8,
              "Actual Startup Time": 2383.454,
              "Actual Total Time": 2383.462,
              "Actual Rows": 1,
              "Actual Loops": 7,
              "Plans": [
                {
                  "Node Type": "Hash Join",
                  "Parent Relationship": "Outer",
                  "Parallel Aware": true,
                  "Join Type": "Inner",
                  "Startup Cost": 87522.49,
                  "Total Cost": 435079.46,
                  "Plan Rows": 1745425,
                  "Plan Width": 0,
                  "Actual Startup Time": 668.497,
                  "Actual Total Time": 2263.927,
                  "Actual Rows": 2296317,
                  "Actual Loops": 7,
                  "Inner Unique": false,
                  "Hash Cond": "(ci.movie_id = t.id)",
                  "Plans": [
                    {
                      "Node Type": "Seq Scan",
                      "Parent Relationship": "Outer",
                      "Parallel Aware": true,
                      "Relation Name": "cast_info",
                      "Alias": "ci",
                      "Startup Cost": 0.0,
                      "Total Cost": 328211.39,
                      "Plan Rows": 3657379,
                      "Plan Width": 4,
                      "Actual Startup Time": 166.262,
                      "Actual Total Time": 683.89,
                      "Actual Rows": 3114883,
                      "Actual Loops": 7,
                      "Filter": "(person_id > 1422521)",
                      "Rows Removed by Filter": 2062880
                    },
                    {
                      "Node Type": "Hash",
                      "Parent Relationship": "Inner",
                      "Parallel Aware": true,
                      "Startup Cost": 82656.96,
                      "Total Cost": 82656.96,
                      "Plan Rows": 389242,
                      "Plan Width": 8,
                      "Actual Startup Time": 498.95,
                      "Actual Total Time": 498.956,
                      "Actual Rows": 155898,
                      "Actual Loops": 7,
                      "Hash Buckets": 2097152,
                      "Original Hash Buckets": 2097152,
                      "Hash Batches": 1,
                      "Original Hash Batches": 1,
                      "Peak Memory Usage": 59200,
                      "Plans": [
                        {
                          "Node Type": "Hash Join",
                          "Parent Relationship": "Outer",
                          "Parallel Aware": true,
                          "Join Type": "Inner",
                          "Startup Cost": 50220.38,
                          "Total Cost": 82656.96,
                          "Plan Rows": 389242,
                          "Plan Width": 8,
                          "Actual Startup Time": 318.499,
                          "Actual Total Time": 424.484,
                          "Actual Rows": 155898,
                          "Actual Loops": 7,
                          "Inner Unique": true,
                          "Hash Cond": "(mc.movie_id = t.id)",
                          "Plans": [
                            {
                              "Node Type": "Seq Scan",
                              "Parent Relationship": "Outer",
                              "Parallel Aware": true,
                              "Relation Name": "movie_companies",
                              "Alias": "mc",
                              "Startup Cost": 0.0,
                              "Total Cost": 31414.82,
                              "Plan Rows": 389242,
                              "Plan Width": 4,
                              "Actual Startup Time": 25.505,
                              "Actual Total Time": 57.142,
                              "Actual Rows": 155898,
                              "Actual Loops": 7,
                              "Filter": "((company_id < 102289) AND (company_type_id > 1))",
                              "Rows Removed by Filter": 216834
                            },
                            {
                              "Node Type": "Hash",
                              "Parent Relationship": "Inner",
                              "Parallel Aware": true,
                              "Startup Cost": 42319.06,
                              "Total Cost": 42319.06,
                              "Plan Rows": 632106,
                              "Plan Width": 4,
                              "Actual Startup Time": 288.843,
                              "Actual Total Time": 288.846,
                              "Actual Rows": 361187,
                              "Actual Loops": 7,
                              "Hash Buckets": 4194304,
                              "Original Hash Buckets": 4194304,
                              "Hash Batches": 1,
                              "Original Hash Batches": 1,
                              "Peak Memory Usage": 131776,
                              "Plans": [
                                {
                                  "Node Type": "Seq Scan",
                                  "Parent Relationship": "Outer",
                                  "Parallel Aware": true,
                                  "Relation Name": "title",
                                  "Alias": "t",
                                  "Startup Cost": 0.0,
                                  "Total Cost": 42319.06,
                                  "Plan Rows": 632106,
                                  "Plan Width": 4,
                                  "Actual Startup Time": 0.058,
                                  "Actual Total Time": 82.936,
                                  "Actual Rows": 361187,
                                  "Actual Loops": 7
                                }
                              ]
                            }
                          ]
                        }
                      ]
                    }
                  ]
                }
              ]
            }
          ]
        }
      ]
    },
    "Planning Time": 0.535,
    "Triggers": [],
    "Execution Time": 2471.213
  }
]