[
  {
    "Plan": {
      "Node Type": "Aggregate",
      "Strategy": "Plain",
      "Partial Mode": "Finalize",
      "Parallel Aware": false,
      "Startup Cost": 46468.96,
      "Total Cost": 46468.97,
      "Plan Rows": 1,
      "Plan Width": 8,
      "Actual Startup Time": 166.661,
      "Actual Total Time": 177.114,
      "Actual Rows": 1,
      "Actual Loops": 1,
      "Plans": [
        {
          "Node Type": "Gather",
          "Parent Relationship": "Outer",
          "Parallel Aware": false,
          "Startup Cost": 46468.64,
          "Total Cost": 46468.95,
          "Plan Rows": 3,
          "Plan Width": 8,
          "Actual Startup Time": 166.527,
          "Actual Total Time": 177.104,
          "Actual Rows": 4,
          "Actual Loops": 1,
          "Workers Planned": 3,
          "Workers Launched": 3,
          "Single Copy": false,
          "Plans": [
            {
              "Node Type": "Aggregate",
              "Strategy": "Plain",
              "Partial Mode": "Partial",
              "Parent Relationship": "Outer",
              "Parallel Aware": false,
              "Startup Cost": 45468.64,
              "Total Cost": 45468.65,
              "Plan Rows": 1,
              "Plan Width": 8,
              "Actual Startup Time": 158.647,
              "Actual Total Time": 158.648,
              "Actual Rows": 1,
              "Actual Loops": 4,
              "Plans": [
                {
                  "Node Type": "Seq Scan",
                  "Parent Relationship": "Outer",
                  "Parallel Aware": true,
                  "Relation Name": "movie_keyword",
                  "Alias": "mk",
                  "Startup Cost": 0.0,
                  "Total Cost": 42695.65,
                  "Plan Rows": 1109196,
                  "Plan Width": 0,
                  "Actual Startup Time": 0.062,
                  "Actual Total Time": 121.105,
                  "Actual Rows": 859004,
                  "Actual Loops": 4,
                  "Filter": "(keyword_id < 16270)",
                  "Rows Removed by Filter": 271979
                }
              ]
            }
          ]
        }
      ]
    },
    "Planning Time": 0.185,
    "Triggers": [],
    "Execution Time": 177.175
  }
]