[
    {
        "Bao": {
            "Bao prediction": "NaN",
            "Bao recommended hint": "(no hint)"
        }
    },
    {
        "Plan": {
            "Node Type": "Aggregate",
            "Strategy": "Plain",
            "Partial Mode": "Finalize",
            "Parallel Aware": false,
            "Startup Cost": 350963.69,
            "Total Cost": 350963.7,
            "Plan Rows": 1,
            "Plan Width": 8,
            "Actual Startup Time": 780.326,
            "Actual Total Time": 812.489,
            "Actual Rows": 1,
            "Actual Loops": 1,
            "Output": [
                "count(*)"
            ],
            "Plans": [
                {
                    "Node Type": "Gather",
                    "Parent Relationship": "Outer",
                    "Parallel Aware": false,
                    "Startup Cost": 350963.07,
                    "Total Cost": 350963.68,
                    "Plan Rows": 6,
                    "Plan Width": 8,
                    "Actual Startup Time": 780.181,
                    "Actual Total Time": 812.479,
                    "Actual Rows": 7,
                    "Actual Loops": 1,
                    "Output": [
                        "(PARTIAL count(*))"
                    ],
                    "Workers Planned": 6,
                    "Workers Launched": 6,
                    "Single Copy": false,
                    "Plans": [
                        {
                            "Node Type": "Aggregate",
                            "Strategy": "Plain",
                            "Partial Mode": "Partial",
                            "Parent Relationship": "Outer",
                            "Parallel Aware": false,
                            "Startup Cost": 349963.07,
                            "Total Cost": 349963.08,
                            "Plan Rows": 1,
                            "Plan Width": 8,
                            "Actual Startup Time": 769.916,
                            "Actual Total Time": 769.917,
                            "Actual Rows": 1,
                            "Actual Loops": 7,
                            "Output": [
                                "PARTIAL count(*)"
                            ],
                            "Workers": [
                                {
                                    "Worker Number": 0,
                                    "Actual Startup Time": 767.585,
                                    "Actual Total Time": 767.585,
                                    "Actual Rows": 1,
                                    "Actual Loops": 1
                                },
                                {
                                    "Worker Number": 1,
                                    "Actual Startup Time": 767.913,
                                    "Actual Total Time": 767.914,
                                    "Actual Rows": 1,
                                    "Actual Loops": 1
                                },
                                {
                                    "Worker Number": 2,
                                    "Actual Startup Time": 768.077,
                                    "Actual Total Time": 768.078,
                                    "Actual Rows": 1,
                                    "Actual Loops": 1
                                },
                                {
                                    "Worker Number": 3,
                                    "Actual Startup Time": 768.601,
                                    "Actual Total Time": 768.601,
                                    "Actual Rows": 1,
                                    "Actual Loops": 1
                                },
                                {
                                    "Worker Number": 4,
                                    "Actual Startup Time": 768.943,
                                    "Actual Total Time": 768.945,
                                    "Actual Rows": 1,
                                    "Actual Loops": 1
                                },
                                {
                                    "Worker Number": 5,
                                    "Actual Startup Time": 768.949,
                                    "Actual Total Time": 768.951,
                                    "Actual Rows": 1,
                                    "Actual Loops": 1
                                }
                            ],
                            "Plans": [
                                {
                                    "Node Type": "Seq Scan",
                                    "Parent Relationship": "Outer",
                                    "Parallel Aware": true,
                                    "Relation Name": "cast_info",
                                    "Schema": "public",
                                    "Alias": "ci",
                                    "Startup Cost": 0.0,
                                    "Total Cost": 343318.94,
                                    "Plan Rows": 2657651,
                                    "Plan Width": 0,
                                    "Actual Startup Time": 337.089,
                                    "Actual Total Time": 661.997,
                                    "Actual Rows": 2297766,
                                    "Actual Loops": 7,
                                    "Output": [
                                        "id",
                                        "person_id",
                                        "movie_id",
                                        "person_role_id",
                                        "note",
                                        "nr_order",
                                        "role_id"
                                    ],
                                    "Filter": "((ci.person_id > 17707) AND (ci.role_id > 2))",
                                    "Rows Removed by Filter": 2879997,
                                    "Workers": [
                                        {
                                            "Worker Number": 0,
                                            "Actual Startup Time": 334.758,
                                            "Actual Total Time": 661.645,
                                            "Actual Rows": 2426413,
                                            "Actual Loops": 1
                                        },
                                        {
                                            "Worker Number": 1,
                                            "Actual Startup Time": 335.074,
                                            "Actual Total Time": 661.649,
                                            "Actual Rows": 1610647,
                                            "Actual Loops": 1
                                        },
                                        {
                                            "Worker Number": 2,
                                            "Actual Startup Time": 335.237,
                                            "Actual Total Time": 664.995,
                                            "Actual Rows": 2537923,
                                            "Actual Loops": 1
                                        },
                                        {
                                            "Worker Number": 3,
                                            "Actual Startup Time": 335.766,
                                            "Actual Total Time": 662.268,
                                            "Actual Rows": 2432024,
                                            "Actual Loops": 1
                                        },
                                        {
                                            "Worker Number": 4,
                                            "Actual Startup Time": 336.137,
                                            "Actual Total Time": 662.382,
                                            "Actual Rows": 2433125,
                                            "Actual Loops": 1
                                        },
                                        {
                                            "Worker Number": 5,
                                            "Actual Startup Time": 336.131,
                                            "Actual Total Time": 661.177,
                                            "Actual Rows": 1636668,
                                            "Actual Loops": 1
                                        }
                                    ]
                                }
                            ]
                        }
                    ]
                }
            ]
        },
        "Planning Time": 187.313,
        "Triggers": [],
        "Execution Time": 812.578
    }
]