[
  {
    "Plan": {
      "Node Type": "Aggregate",
      "Strategy": "Plain",
      "Partial Mode": "Finalize",
      "Parallel Aware": false,
      "Startup Cost": 46500.62,
      "Total Cost": 46500.63,
      "Plan Rows": 1,
      "Plan Width": 8,
      "Actual Startup Time": 86.874,
      "Actual Total Time": 98.285,
      "Actual Rows": 1,
      "Actual Loops": 1,
      "Plans": [
        {
          "Node Type": "Gather",
          "Parent Relationship": "Outer",
          "Parallel Aware": false,
          "Startup Cost": 46500.2,
          "Total Cost": 46500.61,
          "Plan Rows": 4,
          "Plan Width": 8,
          "Actual Startup Time": 86.745,
          "Actual Total Time": 98.277,
          "Actual Rows": 5,
          "Actual Loops": 1,
          "Workers Planned": 4,
          "Workers Launched": 4,
          "Single Copy": false,
          "Plans": [
            {
              "Node Type": "Aggregate",
              "Strategy": "Plain",
              "Partial Mode": "Partial",
              "Parent Relationship": "Outer",
              "Parallel Aware": false,
              "Startup Cost": 45500.2,
              "Total Cost": 45500.21,
              "Plan Rows": 1,
              "Plan Width": 8,
              "Actual Startup Time": 79.285,
              "Actual Total Time": 79.286,
              "Actual Rows": 1,
              "Actual Loops": 5,
              "Plans": [
                {
                  "Node Type": "Seq Scan",
                  "Parent Relationship": "Outer",
                  "Parallel Aware": true,
                  "Relation Name": "title",
                  "Alias": "t",
                  "Startup Cost": 0.0,
                  "Total Cost": 45479.1,
                  "Plan Rows": 8440,
                  "Plan Width": 0,
                  "Actual Startup Time": 52.143,
                  "Actual Total Time": 78.917,
                  "Actual Rows": 5621,
                  "Actual Loops": 5,
                  "Filter": "((kind_id < 2) AND (production_year = 2009))",
                  "Rows Removed by Filter": 500042
                }
              ]
            }
          ]
        }
      ]
    },
    "Planning Time": 0.149,
    "Triggers": [],
    "Execution Time": 98.338
  }
]