[
  {
    "Plan": {
      "Node Type": "Aggregate",
      "Strategy": "Plain",
      "Partial Mode": "Finalize",
      "Parallel Aware": false,
      "Startup Cost": 199164.66,
      "Total Cost": 199164.67,
      "Plan Rows": 1,
      "Plan Width": 8,
      "Actual Startup Time": 2469.065,
      "Actual Total Time": 2545.21,
      "Actual Rows": 1,
      "Actual Loops": 1,
      "Plans": [
        {
          "Node Type": "Gather",
          "Parent Relationship": "Outer",
          "Parallel Aware": false,
          "Startup Cost": 199164.24,
          "Total Cost": 199164.65,
          "Plan Rows": 4,
          "Plan Width": 8,
          "Actual Startup Time": 2467.641,
          "Actual Total Time": 2545.201,
          "Actual Rows": 5,
          "Actual Loops": 1,
          "Workers Planned": 4,
          "Workers Launched": 4,
          "Single Copy": false,
          "Plans": [
            {
              "Node Type": "Aggregate",
              "Strategy": "Plain",
              "Partial Mode": "Partial",
              "Parent Relationship": "Outer",
              "Parallel Aware": false,
              "Startup Cost": 198164.24,
              "Total Cost": 198164.25,
              "Plan Rows": 1,
              "Plan Width": 8,
              "Actual Startup Time": 2461.42,
              "Actual Total Time": 2461.423,
              "Actual Rows": 1,
              "Actual Loops": 5,
              "Plans": [
                {
                  "Node Type": "Nested Loop",
                  "Parent Relationship": "Outer",
                  "Parallel Aware": false,
                  "Join Type": "Inner",
                  "Startup Cost": 30980.27,
                  "Total Cost": 196884.08,
                  "Plan Rows": 512066,
                  "Plan Width": 0,
                  "Actual Startup Time": 104.574,
                  "Actual Total Time": 2383.086,
                  "Actual Rows": 1633957,
                  "Actual Loops": 5,
                  "Inner Unique": false,
                  "Plans": [
                    {
                      "Node Type": "Hash Join",
                      "Parent Relationship": "Outer",
                      "Parallel Aware": true,
                      "Join Type": "Inner",
                      "Startup Cost": 30979.71,
                      "Total Cost": 77665.51,
                      "Plan Rows": 35736,
                      "Plan Width": 8,
                      "Actual Startup Time": 104.331,
                      "Actual Total Time": 267.7,
                      "Actual Rows": 65018,
                      "Actual Loops": 5,
                      "Inner Unique": false,
                      "Hash Cond": "(t.id = mc.movie_id)",
                      "Plans": [
                        {
                          "Node Type": "Seq Scan",
                          "Parent Relationship": "Outer",
                          "Parallel Aware": true,
                          "Relation Name": "title",
                          "Alias": "t",
                          "Startup Cost": 0.0,
                          "Total Cost": 45479.1,
                          "Plan Rows": 218284,
                          "Plan Width": 4,
                          "Actual Startup Time": 0.013,
                          "Actual Total Time": 73.971,
                          "Actual Rows": 179358,
                          "Actual Loops": 5,
                          "Filter": "((kind_id < 7) AND (production_year < 2012))",
                          "Rows Removed by Filter": 326305
                        },
                        {
                          "Node Type": "Hash",
                          "Parent Relationship": "Inner",
                          "Parallel Aware": true,
                          "Startup Cost": 29310.68,
                          "Total Cost": 29310.68,
                          "Plan Rows": 133522,
                          "Plan Width": 4,
                          "Actual Startup Time": 91.056,
                          "Actual Total Time": 91.057,
                          "Actual Rows": 83738,
                          "Actual Loops": 5,
                          "Hash Buckets": 524288,
                          "Original Hash Buckets": 524288,
                          "Hash Batches": 1,
                          "Original Hash Batches": 1,
                          "Peak Memory Usage": 20576,
                          "Plans": [
                            {
                              "Node Type": "Seq Scan",
                              "Parent Relationship": "Outer",
                              "Parallel Aware": true,
                              "Relation Name": "movie_companies",
                              "Alias": "mc",
                              "Startup Cost": 0.0,
                              "Total Cost": 29310.68,
                              "Plan Rows": 133522,
                              "Plan Width": 4,
                              "Actual Startup Time": 39.578,
                              "Actual Total Time": 63.962,
                              "Actual Rows": 83738,
                              "Actual Loops": 5,
                              "Filter": "(company_id > 80151)",
                              "Rows Removed by Filter": 438088
                            }
                          ]
                        }
                      ]
                    },
                    {
                      "Node Type": "Index Only Scan",
                      "Parent Relationship": "Inner",
                      "Parallel Aware": false,
                      "Scan Direction": "Forward",
                      "Index Name": "movie_id_cast_info",
                      "Relation Name": "cast_info",
                      "Alias": "ci",
                      "Startup Cost": 0.56,
                      "Total Cost": 2.97,
                      "Plan Rows": 37,
                      "Plan Width": 4,
                      "Actual Startup Time": 0.006,
                      "Actual Total Time": 0.03,
                      "Actual Rows": 25,
                      "Actual Loops": 325088,
                      "Index Cond": "(movie_id = t.id)",
                      "Rows Removed by Index Recheck": 0,
                      "Heap Fetches": 8169783
                    }
                  ]
                }
              ]
            }
          ]
        }
      ]
    },
    "Planning Time": 0.867,
    "Triggers": [],
    "Execution Time": 2545.302
  }
]