[
    {
        "Bao": {
            "Bao prediction": "NaN",
            "Bao recommended hint": "(no hint)"
        }
    },
    {
        "Plan": {
            "Node Type": "Aggregate",
            "Strategy": "Plain",
            "Partial Mode": "Finalize",
            "Parallel Aware": false,
            "Startup Cost": 401345.53,
            "Total Cost": 401345.54,
            "Plan Rows": 1,
            "Plan Width": 8,
            "Actual Startup Time": 1288.634,
            "Actual Total Time": 1320.185,
            "Actual Rows": 1,
            "Actual Loops": 1,
            "Output": [
                "count(*)"
            ],
            "Plans": [
                {
                    "Node Type": "Gather",
                    "Parent Relationship": "Outer",
                    "Parallel Aware": false,
                    "Startup Cost": 401344.91,
                    "Total Cost": 401345.52,
                    "Plan Rows": 6,
                    "Plan Width": 8,
                    "Actual Startup Time": 1276.753,
                    "Actual Total Time": 1320.17,
                    "Actual Rows": 7,
                    "Actual Loops": 1,
                    "Output": [
                        "(PARTIAL count(*))"
                    ],
                    "Workers Planned": 6,
                    "Workers Launched": 6,
                    "Single Copy": false,
                    "Plans": [
                        {
                            "Node Type": "Aggregate",
                            "Strategy": "Plain",
                            "Partial Mode": "Partial",
                            "Parent Relationship": "Outer",
                            "Parallel Aware": false,
                            "Startup Cost": 400344.91,
                            "Total Cost": 400344.92,
                            "Plan Rows": 1,
                            "Plan Width": 8,
                            "Actual Startup Time": 1261.032,
                            "Actual Total Time": 1261.036,
                            "Actual Rows": 1,
                            "Actual Loops": 7,
                            "Output": [
                                "PARTIAL count(*)"
                            ],
                            "Workers": [
                                {
                                    "Worker Number": 0,
                                    "Actual Startup Time": 1258.079,
                                    "Actual Total Time": 1258.082,
                                    "Actual Rows": 1,
                                    "Actual Loops": 1
                                },
                                {
                                    "Worker Number": 1,
                                    "Actual Startup Time": 1258.11,
                                    "Actual Total Time": 1258.113,
                                    "Actual Rows": 1,
                                    "Actual Loops": 1
                                },
                                {
                                    "Worker Number": 2,
                                    "Actual Startup Time": 1259.785,
                                    "Actual Total Time": 1259.788,
                                    "Actual Rows": 1,
                                    "Actual Loops": 1
                                },
                                {
                                    "Worker Number": 3,
                                    "Actual Startup Time": 1258.263,
                                    "Actual Total Time": 1258.266,
                                    "Actual Rows": 1,
                                    "Actual Loops": 1
                                },
                                {
                                    "Worker Number": 4,
                                    "Actual Startup Time": 1258.513,
                                    "Actual Total Time": 1258.516,
                                    "Actual Rows": 1,
                                    "Actual Loops": 1
                                },
                                {
                                    "Worker Number": 5,
                                    "Actual Startup Time": 1258.701,
                                    "Actual Total Time": 1258.705,
                                    "Actual Rows": 1,
                                    "Actual Loops": 1
                                }
                            ],
                            "Plans": [
                                {
                                    "Node Type": "Hash Join",
                                    "Parent Relationship": "Outer",
                                    "Parallel Aware": true,
                                    "Join Type": "Inner",
                                    "Startup Cost": 49487.33,
                                    "Total Cost": 397310.69,
                                    "Plan Rows": 1213689,
                                    "Plan Width": 0,
                                    "Actual Startup Time": 447.166,
                                    "Actual Total Time": 1225.141,
                                    "Actual Rows": 693973,
                                    "Actual Loops": 7,
                                    "Inner Unique": true,
                                    "Hash Cond": "(ci.movie_id = t.id)",
                                    "Workers": [
                                        {
                                            "Worker Number": 0,
                                            "Actual Startup Time": 444.391,
                                            "Actual Total Time": 1226.997,
                                            "Actual Rows": 668857,
                                            "Actual Loops": 1
                                        },
                                        {
                                            "Worker Number": 1,
                                            "Actual Startup Time": 444.457,
                                            "Actual Total Time": 1217.395,
                                            "Actual Rows": 562615,
                                            "Actual Loops": 1
                                        },
                                        {
                                            "Worker Number": 2,
                                            "Actual Startup Time": 444.729,
                                            "Actual Total Time": 1224.919,
                                            "Actual Rows": 784152,
                                            "Actual Loops": 1
                                        },
                                        {
                                            "Worker Number": 3,
                                            "Actual Startup Time": 444.602,
                                            "Actual Total Time": 1223.766,
                                            "Actual Rows": 768741,
                                            "Actual Loops": 1
                                        },
                                        {
                                            "Worker Number": 4,
                                            "Actual Startup Time": 444.84,
                                            "Actual Total Time": 1223.906,
                                            "Actual Rows": 778996,
                                            "Actual Loops": 1
                                        },
                                        {
                                            "Worker Number": 5,
                                            "Actual Startup Time": 445.022,
                                            "Actual Total Time": 1227.044,
                                            "Actual Rows": 679624,
                                            "Actual Loops": 1
                                        }
                                    ],
                                    "Plans": [
                                        {
                                            "Node Type": "Seq Scan",
                                            "Parent Relationship": "Outer",
                                            "Parallel Aware": true,
                                            "Relation Name": "cast_info",
                                            "Schema": "public",
                                            "Alias": "ci",
                                            "Startup Cost": 0.0,
                                            "Total Cost": 343318.94,
                                            "Plan Rows": 1715963,
                                            "Plan Width": 4,
                                            "Actual Startup Time": 239.982,
                                            "Actual Total Time": 608.158,
                                            "Actual Rows": 1029320,
                                            "Actual Loops": 7,
                                            "Output": [
                                                "ci.id",
                                                "ci.person_id",
                                                "ci.movie_id",
                                                "ci.person_role_id",
                                                "ci.note",
                                                "ci.nr_order",
                                                "ci.role_id"
                                            ],
                                            "Filter": "((ci.person_id > 2090615) AND (ci.role_id < 4))",
                                            "Rows Removed by Filter": 4148444,
                                            "Workers": [
                                                {
                                                    "Worker Number": 0,
                                                    "Actual Startup Time": 240.071,
                                                    "Actual Total Time": 598.183,
                                                    "Actual Rows": 990589,
                                                    "Actual Loops": 1
                                                },
                                                {
                                                    "Worker Number": 1,
                                                    "Actual Startup Time": 239.914,
                                                    "Actual Total Time": 630.177,
                                                    "Actual Rows": 833342,
                                                    "Actual Loops": 1
                                                },
                                                {
                                                    "Worker Number": 2,
                                                    "Actual Startup Time": 239.948,
                                                    "Actual Total Time": 607.128,
                                                    "Actual Rows": 1164475,
                                                    "Actual Loops": 1
                                                },
                                                {
                                                    "Worker Number": 3,
                                                    "Actual Startup Time": 239.899,
                                                    "Actual Total Time": 606.128,
                                                    "Actual Rows": 1139256,
                                                    "Actual Loops": 1
                                                },
                                                {
                                                    "Worker Number": 4,
                                                    "Actual Startup Time": 239.917,
                                                    "Actual Total Time": 607.107,
                                                    "Actual Rows": 1157567,
                                                    "Actual Loops": 1
                                                },
                                                {
                                                    "Worker Number": 5,
                                                    "Actual Startup Time": 240.061,
                                                    "Actual Total Time": 599.787,
                                                    "Actual Rows": 1007319,
                                                    "Actual Loops": 1
                                                }
                                            ]
                                        },
                                        {
                                            "Node Type": "Hash",
                                            "Parent Relationship": "Inner",
                                            "Parallel Aware": true,
                                            "Startup Cost": 43899.01,
                                            "Total Cost": 43899.01,
                                            "Plan Rows": 447066,
                                            "Plan Width": 4,
                                            "Actual Startup Time": 201.986,
                                            "Actual Total Time": 201.987,
                                            "Actual Rows": 256308,
                                            "Actual Loops": 7,
                                            "Output": [
                                                "t.id"
                                            ],
                                            "Hash Buckets": 2097152,
                                            "Original Hash Buckets": 2097152,
                                            "Hash Batches": 1,
                                            "Original Hash Batches": 1,
                                            "Peak Memory Usage": 86656,
                                            "Workers": [
                                                {
                                                    "Worker Number": 0,
                                                    "Actual Startup Time": 203.537,
                                                    "Actual Total Time": 203.538,
                                                    "Actual Rows": 236825,
                                                    "Actual Loops": 1
                                                },
                                                {
                                                    "Worker Number": 1,
                                                    "Actual Startup Time": 203.571,
                                                    "Actual Total Time": 203.572,
                                                    "Actual Rows": 204465,
                                                    "Actual Loops": 1
                                                },
                                                {
                                                    "Worker Number": 2,
                                                    "Actual Startup Time": 203.818,
                                                    "Actual Total Time": 203.819,
                                                    "Actual Rows": 273894,
                                                    "Actual Loops": 1
                                                },
                                                {
                                                    "Worker Number": 3,
                                                    "Actual Startup Time": 203.669,
                                                    "Actual Total Time": 203.67,
                                                    "Actual Rows": 272394,
                                                    "Actual Loops": 1
                                                },
                                                {
                                                    "Worker Number": 4,
                                                    "Actual Startup Time": 203.962,
                                                    "Actual Total Time": 203.963,
                                                    "Actual Rows": 275700,
                                                    "Actual Loops": 1
                                                },
                                                {
                                                    "Worker Number": 5,
                                                    "Actual Startup Time": 204.154,
                                                    "Actual Total Time": 204.155,
                                                    "Actual Rows": 242414,
                                                    "Actual Loops": 1
                                                }
                                            ],
                                            "Plans": [
                                                {
                                                    "Node Type": "Seq Scan",
                                                    "Parent Relationship": "Outer",
                                                    "Parallel Aware": true,
                                                    "Relation Name": "title",
                                                    "Schema": "public",
                                                    "Alias": "t",
                                                    "Startup Cost": 0.0,
                                                    "Total Cost": 43899.01,
                                                    "Plan Rows": 447066,
                                                    "Plan Width": 4,
                                                    "Actual Startup Time": 0.054,
                                                    "Actual Total Time": 80.108,
                                                    "Actual Rows": 256308,
                                                    "Actual Loops": 7,
                                                    "Output": [
                                                        "t.id"
                                                    ],
                                                    "Filter": "(t.production_year < 2009)",
                                                    "Rows Removed by Filter": 104880,
                                                    "Workers": [
                                                        {
                                                            "Worker Number": 0,
                                                            "Actual Startup Time": 0.049,
                                                            "Actual Total Time": 80.106,
                                                            "Actual Rows": 236825,
                                                            "Actual Loops": 1
                                                        },
                                                        {
                                                            "Worker Number": 1,
                                                            "Actual Startup Time": 0.061,
                                                            "Actual Total Time": 85.116,
                                                            "Actual Rows": 204465,
                                                            "Actual Loops": 1
                                                        },
                                                        {
                                                            "Worker Number": 2,
                                                            "Actual Startup Time": 0.07,
                                                            "Actual Total Time": 81.609,
                                                            "Actual Rows": 273894,
                                                            "Actual Loops": 1
                                                        },
                                                        {
                                                            "Worker Number": 3,
                                                            "Actual Startup Time": 0.061,
                                                            "Actual Total Time": 81.203,
                                                            "Actual Rows": 272394,
                                                            "Actual Loops": 1
                                                        },
                                                        {
                                                            "Worker Number": 4,
                                                            "Actual Startup Time": 0.058,
                                                            "Actual Total Time": 80.988,
                                                            "Actual Rows": 275700,
                                                            "Actual Loops": 1
                                                        },
                                                        {
                                                            "Worker Number": 5,
                                                            "Actual Startup Time": 0.064,
                                                            "Actual Total Time": 78.988,
                                                            "Actual Rows": 242414,
                                                            "Actual Loops": 1
                                                        }
                                                    ]
                                                }
                                            ]
                                        }
                                    ]
                                }
                            ]
                        }
                    ]
                }
            ]
        },
        "Planning Time": 183.836,
        "Triggers": [],
        "Execution Time": 1320.297
    }
]