[
  {
    "Plan": {
      "Node Type": "Aggregate",
      "Strategy": "Plain",
      "Partial Mode": "Finalize",
      "Parallel Aware": false,
      "Startup Cost": 32681.75,
      "Total Cost": 32681.76,
      "Plan Rows": 1,
      "Plan Width": 8,
      "Actual Startup Time": 79.334,
      "Actual Total Time": 87.316,
      "Actual Rows": 1,
      "Actual Loops": 1,
      "Plans": [
        {
          "Node Type": "Gather",
          "Parent Relationship": "Outer",
          "Parallel Aware": false,
          "Startup Cost": 32681.43,
          "Total Cost": 32681.74,
          "Plan Rows": 3,
          "Plan Width": 8,
          "Actual Startup Time": 79.207,
          "Actual Total Time": 87.31,
          "Actual Rows": 4,
          "Actual Loops": 1,
          "Workers Planned": 3,
          "Workers Launched": 3,
          "Single Copy": false,
          "Plans": [
            {
              "Node Type": "Aggregate",
              "Strategy": "Plain",
              "Partial Mode": "Partial",
              "Parent Relationship": "Outer",
              "Parallel Aware": false,
              "Startup Cost": 31681.43,
              "Total Cost": 31681.44,
              "Plan Rows": 1,
              "Plan Width": 8,
              "Actual Startup Time": 72.817,
              "Actual Total Time": 72.818,
              "Actual Rows": 1,
              "Actual Loops": 4,
              "Plans": [
                {
                  "Node Type": "Seq Scan",
                  "Parent Relationship": "Outer",
                  "Parallel Aware": true,
                  "Relation Name": "movie_companies",
                  "Alias": "mc",
                  "Startup Cost": 0.0,
                  "Total Cost": 31414.82,
                  "Plan Rows": 106644,
                  "Plan Width": 0,
                  "Actual Startup Time": 44.053,
                  "Actual Total Time": 70.9,
                  "Actual Rows": 45755,
                  "Actual Loops": 4,
                  "Filter": "((company_id < 878) AND (company_type_id = 2))",
                  "Rows Removed by Filter": 606527
                }
              ]
            }
          ]
        }
      ]
    },
    "Planning Time": 0.144,
    "Triggers": [],
    "Execution Time": 87.355
  }
]