[
  {
    "Plan": {
      "Node Type": "Aggregate",
      "Strategy": "Plain",
      "Partial Mode": "Finalize",
      "Parallel Aware": false,
      "Startup Cost": 32688.42,
      "Total Cost": 32688.43,
      "Plan Rows": 1,
      "Plan Width": 8,
      "Actual Startup Time": 88.273,
      "Actual Total Time": 94.423,
      "Actual Rows": 1,
      "Actual Loops": 1,
      "Plans": [
        {
          "Node Type": "Gather",
          "Parent Relationship": "Outer",
          "Parallel Aware": false,
          "Startup Cost": 32688.11,
          "Total Cost": 32688.42,
          "Plan Rows": 3,
          "Plan Width": 8,
          "Actual Startup Time": 88.15,
          "Actual Total Time": 94.412,
          "Actual Rows": 4,
          "Actual Loops": 1,
          "Workers Planned": 3,
          "Workers Launched": 3,
          "Single Copy": false,
          "Plans": [
            {
              "Node Type": "Aggregate",
              "Strategy": "Plain",
              "Partial Mode": "Partial",
              "Parent Relationship": "Outer",
              "Parallel Aware": false,
              "Startup Cost": 31688.11,
              "Total Cost": 31688.12,
              "Plan Rows": 1,
              "Plan Width": 8,
              "Actual Startup Time": 83.018,
              "Actual Total Time": 83.019,
              "Actual Rows": 1,
              "Actual Loops": 4,
              "Plans": [
                {
                  "Node Type": "Seq Scan",
                  "Parent Relationship": "Outer",
                  "Parallel Aware": true,
                  "Relation Name": "movie_companies",
                  "Alias": "mc",
                  "Startup Cost": 0.0,
                  "Total Cost": 31414.82,
                  "Plan Rows": 109315,
                  "Plan Width": 0,
                  "Actual Startup Time": 41.666,
                  "Actual Total Time": 75.854,
                  "Actual Rows": 158742,
                  "Actual Loops": 4,
                  "Filter": "((company_id > 53291) AND (company_type_id = 2))",
                  "Rows Removed by Filter": 493540
                }
              ]
            }
          ]
        }
      ]
    },
    "Planning Time": 0.228,
    "Triggers": [],
    "Execution Time": 94.486
  }
]