[
    {
        "Bao": {
            "Bao prediction": "NaN",
            "Bao recommended hint": "(no hint)"
        }
    },
    {
        "Plan": {
            "Node Type": "Aggregate",
            "Strategy": "Plain",
            "Partial Mode": "Finalize",
            "Parallel Aware": false,
            "Startup Cost": 203718.5,
            "Total Cost": 203718.51,
            "Plan Rows": 1,
            "Plan Width": 8,
            "Actual Startup Time": 241.707,
            "Actual Total Time": 251.348,
            "Actual Rows": 1,
            "Actual Loops": 1,
            "Output": [
                "count(*)"
            ],
            "Plans": [
                {
                    "Node Type": "Gather",
                    "Parent Relationship": "Outer",
                    "Parallel Aware": false,
                    "Startup Cost": 203718.08,
                    "Total Cost": 203718.49,
                    "Plan Rows": 4,
                    "Plan Width": 8,
                    "Actual Startup Time": 237.147,
                    "Actual Total Time": 251.337,
                    "Actual Rows": 5,
                    "Actual Loops": 1,
                    "Output": [
                        "(PARTIAL count(*))"
                    ],
                    "Workers Planned": 4,
                    "Workers Launched": 4,
                    "Single Copy": false,
                    "Plans": [
                        {
                            "Node Type": "Aggregate",
                            "Strategy": "Plain",
                            "Partial Mode": "Partial",
                            "Parent Relationship": "Outer",
                            "Parallel Aware": false,
                            "Startup Cost": 202718.08,
                            "Total Cost": 202718.09,
                            "Plan Rows": 1,
                            "Plan Width": 8,
                            "Actual Startup Time": 223.02,
                            "Actual Total Time": 223.023,
                            "Actual Rows": 1,
                            "Actual Loops": 5,
                            "Output": [
                                "PARTIAL count(*)"
                            ],
                            "Workers": [
                                {
                                    "Worker Number": 0,
                                    "Actual Startup Time": 220.614,
                                    "Actual Total Time": 220.618,
                                    "Actual Rows": 1,
                                    "Actual Loops": 1
                                },
                                {
                                    "Worker Number": 1,
                                    "Actual Startup Time": 219.07,
                                    "Actual Total Time": 219.073,
                                    "Actual Rows": 1,
                                    "Actual Loops": 1
                                },
                                {
                                    "Worker Number": 2,
                                    "Actual Startup Time": 219.413,
                                    "Actual Total Time": 219.416,
                                    "Actual Rows": 1,
                                    "Actual Loops": 1
                                },
                                {
                                    "Worker Number": 3,
                                    "Actual Startup Time": 219.661,
                                    "Actual Total Time": 219.664,
                                    "Actual Rows": 1,
                                    "Actual Loops": 1
                                }
                            ],
                            "Plans": [
                                {
                                    "Node Type": "Hash Join",
                                    "Parent Relationship": "Outer",
                                    "Parallel Aware": true,
                                    "Join Type": "Inner",
                                    "Startup Cost": 49343.04,
                                    "Total Cost": 202688.12,
                                    "Plan Rows": 11986,
                                    "Plan Width": 0,
                                    "Actual Startup Time": 211.146,
                                    "Actual Total Time": 222.392,
                                    "Actual Rows": 10274,
                                    "Actual Loops": 5,
                                    "Inner Unique": true,
                                    "Hash Cond": "(mi.movie_id = t.id)",
                                    "Workers": [
                                        {
                                            "Worker Number": 0,
                                            "Actual Startup Time": 207.381,
                                            "Actual Total Time": 219.982,
                                            "Actual Rows": 7893,
                                            "Actual Loops": 1
                                        },
                                        {
                                            "Worker Number": 1,
                                            "Actual Startup Time": 208.319,
                                            "Actual Total Time": 218.48,
                                            "Actual Rows": 12449,
                                            "Actual Loops": 1
                                        },
                                        {
                                            "Worker Number": 2,
                                            "Actual Startup Time": 207.727,
                                            "Actual Total Time": 218.789,
                                            "Actual Rows": 10276,
                                            "Actual Loops": 1
                                        },
                                        {
                                            "Worker Number": 3,
                                            "Actual Startup Time": 207.808,
                                            "Actual Total Time": 219.047,
                                            "Actual Rows": 10091,
                                            "Actual Loops": 1
                                        }
                                    ],
                                    "Plans": [
                                        {
                                            "Node Type": "Bitmap Heap Scan",
                                            "Parent Relationship": "Outer",
                                            "Parallel Aware": true,
                                            "Relation Name": "movie_info",
                                            "Schema": "public",
                                            "Alias": "mi",
                                            "Startup Cost": 1990.45,
                                            "Total Cost": 155263.56,
                                            "Plan Rows": 27420,
                                            "Plan Width": 4,
                                            "Actual Startup Time": 5.674,
                                            "Actual Total Time": 14.097,
                                            "Actual Rows": 21807,
                                            "Actual Loops": 5,
                                            "Output": [
                                                "mi.id",
                                                "mi.movie_id",
                                                "mi.info_type_id",
                                                "mi.info",
                                                "mi.note"
                                            ],
                                            "Recheck Cond": "(mi.info_type_id = 106)",
                                            "Rows Removed by Index Recheck": 0,
                                            "Exact Heap Blocks": 893,
                                            "Lossy Heap Blocks": 0,
                                            "Workers": [
                                                {
                                                    "Worker Number": 0,
                                                    "Actual Startup Time": 5.721,
                                                    "Actual Total Time": 14.266,
                                                    "Actual Rows": 16179,
                                                    "Actual Loops": 1
                                                },
                                                {
                                                    "Worker Number": 1,
                                                    "Actual Startup Time": 5.646,
                                                    "Actual Total Time": 14.476,
                                                    "Actual Rows": 25874,
                                                    "Actual Loops": 1
                                                },
                                                {
                                                    "Worker Number": 2,
                                                    "Actual Startup Time": 5.65,
                                                    "Actual Total Time": 14.4,
                                                    "Actual Rows": 22732,
                                                    "Actual Loops": 1
                                                },
                                                {
                                                    "Worker Number": 3,
                                                    "Actual Startup Time": 5.656,
                                                    "Actual Total Time": 14.333,
                                                    "Actual Rows": 22279,
                                                    "Actual Loops": 1
                                                }
                                            ],
                                            "Plans": [
                                                {
                                                    "Node Type": "Bitmap Index Scan",
                                                    "Parent Relationship": "Outer",
                                                    "Parallel Aware": false,
                                                    "Index Name": "info_type_id_movie_info",
                                                    "Startup Cost": 0.0,
                                                    "Total Cost": 1963.03,
                                                    "Plan Rows": 109680,
                                                    "Plan Width": 0,
                                                    "Actual Startup Time": 5.039,
                                                    "Actual Total Time": 5.039,
                                                    "Actual Rows": 109034,
                                                    "Actual Loops": 1,
                                                    "Index Cond": "(mi.info_type_id = 106)",
                                                    "Workers": [
                                                        {
                                                            "Worker Number": 1,
                                                            "Actual Startup Time": 5.039,
                                                            "Actual Total Time": 5.039,
                                                            "Actual Rows": 109034,
                                                            "Actual Loops": 1
                                                        }
                                                    ]
                                                }
                                            ]
                                        },
                                        {
                                            "Node Type": "Hash",
                                            "Parent Relationship": "Inner",
                                            "Parallel Aware": true,
                                            "Startup Cost": 43899.01,
                                            "Total Cost": 43899.01,
                                            "Plan Rows": 276286,
                                            "Plan Width": 4,
                                            "Actual Startup Time": 196.392,
                                            "Actual Total Time": 196.392,
                                            "Actual Rows": 221585,
                                            "Actual Loops": 5,
                                            "Output": [
                                                "t.id"
                                            ],
                                            "Hash Buckets": 2097152,
                                            "Original Hash Buckets": 2097152,
                                            "Hash Batches": 1,
                                            "Original Hash Batches": 1,
                                            "Peak Memory Usage": 59808,
                                            "Workers": [
                                                {
                                                    "Worker Number": 0,
                                                    "Actual Startup Time": 198.854,
                                                    "Actual Total Time": 198.855,
                                                    "Actual Rows": 171000,
                                                    "Actual Loops": 1
                                                },
                                                {
                                                    "Worker Number": 1,
                                                    "Actual Startup Time": 198.872,
                                                    "Actual Total Time": 198.873,
                                                    "Actual Rows": 239516,
                                                    "Actual Loops": 1
                                                },
                                                {
                                                    "Worker Number": 2,
                                                    "Actual Startup Time": 199.28,
                                                    "Actual Total Time": 199.28,
                                                    "Actual Rows": 228946,
                                                    "Actual Loops": 1
                                                },
                                                {
                                                    "Worker Number": 3,
                                                    "Actual Startup Time": 199.558,
                                                    "Actual Total Time": 199.559,
                                                    "Actual Rows": 225382,
                                                    "Actual Loops": 1
                                                }
                                            ],
                                            "Plans": [
                                                {
                                                    "Node Type": "Seq Scan",
                                                    "Parent Relationship": "Outer",
                                                    "Parallel Aware": true,
                                                    "Relation Name": "title",
                                                    "Schema": "public",
                                                    "Alias": "t",
                                                    "Startup Cost": 0.0,
                                                    "Total Cost": 43899.01,
                                                    "Plan Rows": 276286,
                                                    "Plan Width": 4,
                                                    "Actual Startup Time": 0.043,
                                                    "Actual Total Time": 96.184,
                                                    "Actual Rows": 221585,
                                                    "Actual Loops": 5,
                                                    "Output": [
                                                        "t.id"
                                                    ],
                                                    "Filter": "(t.production_year > 2004)",
                                                    "Rows Removed by Filter": 284077,
                                                    "Workers": [
                                                        {
                                                            "Worker Number": 0,
                                                            "Actual Startup Time": 0.067,
                                                            "Actual Total Time": 101.768,
                                                            "Actual Rows": 171000,
                                                            "Actual Loops": 1
                                                        },
                                                        {
                                                            "Worker Number": 1,
                                                            "Actual Startup Time": 0.051,
                                                            "Actual Total Time": 97.255,
                                                            "Actual Rows": 239516,
                                                            "Actual Loops": 1
                                                        },
                                                        {
                                                            "Worker Number": 2,
                                                            "Actual Startup Time": 0.053,
                                                            "Actual Total Time": 96.118,
                                                            "Actual Rows": 228946,
                                                            "Actual Loops": 1
                                                        },
                                                        {
                                                            "Worker Number": 3,
                                                            "Actual Startup Time": 0.028,
                                                            "Actual Total Time": 95.546,
                                                            "Actual Rows": 225382,
                                                            "Actual Loops": 1
                                                        }
                                                    ]
                                                }
                                            ]
                                        }
                                    ]
                                }
                            ]
                        }
                    ]
                }
            ]
        },
        "Planning Time": 412.975,
        "Triggers": [],
        "Execution Time": 251.469
    }
]