[
    {
        "Bao": {
            "Bao prediction": 473.068,
            "Bao recommended hint": "SET enable_mergejoin TO off; SET enable_indexscan TO off; "
        }
    },
    {
        "Plan": {
            "Node Type": "Aggregate",
            "Strategy": "Plain",
            "Partial Mode": "Finalize",
            "Parallel Aware": false,
            "Startup Cost": 347649.16,
            "Total Cost": 347649.17,
            "Plan Rows": 1,
            "Plan Width": 8,
            "Actual Startup Time": 863.877,
            "Actual Total Time": 897.283,
            "Actual Rows": 1,
            "Actual Loops": 1,
            "Output": [
                "count(*)"
            ],
            "Plans": [
                {
                    "Node Type": "Gather",
                    "Parent Relationship": "Outer",
                    "Parallel Aware": false,
                    "Startup Cost": 347648.54,
                    "Total Cost": 347649.15,
                    "Plan Rows": 6,
                    "Plan Width": 8,
                    "Actual Startup Time": 863.746,
                    "Actual Total Time": 897.274,
                    "Actual Rows": 7,
                    "Actual Loops": 1,
                    "Output": [
                        "(PARTIAL count(*))"
                    ],
                    "Workers Planned": 6,
                    "Workers Launched": 6,
                    "Single Copy": false,
                    "Plans": [
                        {
                            "Node Type": "Aggregate",
                            "Strategy": "Plain",
                            "Partial Mode": "Partial",
                            "Parent Relationship": "Outer",
                            "Parallel Aware": false,
                            "Startup Cost": 346648.54,
                            "Total Cost": 346648.55,
                            "Plan Rows": 1,
                            "Plan Width": 8,
                            "Actual Startup Time": 855.04,
                            "Actual Total Time": 855.041,
                            "Actual Rows": 1,
                            "Actual Loops": 7,
                            "Output": [
                                "PARTIAL count(*)"
                            ],
                            "Workers": [
                                {
                                    "Worker Number": 0,
                                    "Actual Startup Time": 852.58,
                                    "Actual Total Time": 852.581,
                                    "Actual Rows": 1,
                                    "Actual Loops": 1
                                },
                                {
                                    "Worker Number": 1,
                                    "Actual Startup Time": 852.694,
                                    "Actual Total Time": 852.695,
                                    "Actual Rows": 1,
                                    "Actual Loops": 1
                                },
                                {
                                    "Worker Number": 2,
                                    "Actual Startup Time": 857.391,
                                    "Actual Total Time": 857.392,
                                    "Actual Rows": 1,
                                    "Actual Loops": 1
                                },
                                {
                                    "Worker Number": 3,
                                    "Actual Startup Time": 852.893,
                                    "Actual Total Time": 852.894,
                                    "Actual Rows": 1,
                                    "Actual Loops": 1
                                },
                                {
                                    "Worker Number": 4,
                                    "Actual Startup Time": 853.363,
                                    "Actual Total Time": 853.365,
                                    "Actual Rows": 1,
                                    "Actual Loops": 1
                                },
                                {
                                    "Worker Number": 5,
                                    "Actual Startup Time": 853.45,
                                    "Actual Total Time": 853.451,
                                    "Actual Rows": 1,
                                    "Actual Loops": 1
                                }
                            ],
                            "Plans": [
                                {
                                    "Node Type": "Seq Scan",
                                    "Parent Relationship": "Outer",
                                    "Parallel Aware": true,
                                    "Relation Name": "cast_info",
                                    "Schema": "public",
                                    "Alias": "ci",
                                    "Startup Cost": 0.0,
                                    "Total Cost": 343318.94,
                                    "Plan Rows": 1331840,
                                    "Plan Width": 0,
                                    "Actual Startup Time": 551.071,
                                    "Actual Total Time": 781.092,
                                    "Actual Rows": 1237142,
                                    "Actual Loops": 7,
                                    "Output": [
                                        "id",
                                        "person_id",
                                        "movie_id",
                                        "person_role_id",
                                        "note",
                                        "nr_order",
                                        "role_id"
                                    ],
                                    "Filter": "((ci.person_id > 526089) AND (ci.role_id > 4))",
                                    "Rows Removed by Filter": 3940621,
                                    "Workers": [
                                        {
                                            "Worker Number": 0,
                                            "Actual Startup Time": 548.635,
                                            "Actual Total Time": 779.348,
                                            "Actual Rows": 1104931,
                                            "Actual Loops": 1
                                        },
                                        {
                                            "Worker Number": 1,
                                            "Actual Startup Time": 548.731,
                                            "Actual Total Time": 779.419,
                                            "Actual Rows": 1104303,
                                            "Actual Loops": 1
                                        },
                                        {
                                            "Worker Number": 2,
                                            "Actual Startup Time": 553.416,
                                            "Actual Total Time": 784.906,
                                            "Actual Rows": 1093962,
                                            "Actual Loops": 1
                                        },
                                        {
                                            "Worker Number": 3,
                                            "Actual Startup Time": 548.909,
                                            "Actual Total Time": 779.835,
                                            "Actual Rows": 1104125,
                                            "Actual Loops": 1
                                        },
                                        {
                                            "Worker Number": 4,
                                            "Actual Startup Time": 549.4,
                                            "Actual Total Time": 781.055,
                                            "Actual Rows": 1091937,
                                            "Actual Loops": 1
                                        },
                                        {
                                            "Worker Number": 5,
                                            "Actual Startup Time": 549.471,
                                            "Actual Total Time": 780.697,
                                            "Actual Rows": 1100515,
                                            "Actual Loops": 1
                                        }
                                    ]
                                }
                            ]
                        }
                    ]
                }
            ]
        },
        "Planning Time": 544.136,
        "Triggers": [],
        "Execution Time": 897.368
    }
]