[
  {
    "Plan": {
      "Node Type": "Aggregate",
      "Strategy": "Plain",
      "Partial Mode": "Finalize",
      "Parallel Aware": false,
      "Startup Cost": 33419.95,
      "Total Cost": 33419.96,
      "Plan Rows": 1,
      "Plan Width": 8,
      "Actual Startup Time": 117.647,
      "Actual Total Time": 125.228,
      "Actual Rows": 1,
      "Actual Loops": 1,
      "Plans": [
        {
          "Node Type": "Gather",
          "Parent Relationship": "Outer",
          "Parallel Aware": false,
          "Startup Cost": 33419.63,
          "Total Cost": 33419.94,
          "Plan Rows": 3,
          "Plan Width": 8,
          "Actual Startup Time": 117.57,
          "Actual Total Time": 125.219,
          "Actual Rows": 4,
          "Actual Loops": 1,
          "Workers Planned": 3,
          "Workers Launched": 3,
          "Single Copy": false,
          "Plans": [
            {
              "Node Type": "Aggregate",
              "Strategy": "Plain",
              "Partial Mode": "Partial",
              "Parent Relationship": "Outer",
              "Parallel Aware": false,
              "Startup Cost": 32419.63,
              "Total Cost": 32419.64,
              "Plan Rows": 1,
              "Plan Width": 8,
              "Actual Startup Time": 108.965,
              "Actual Total Time": 108.966,
              "Actual Rows": 1,
              "Actual Loops": 4,
              "Plans": [
                {
                  "Node Type": "Seq Scan",
                  "Parent Relationship": "Outer",
                  "Parallel Aware": true,
                  "Relation Name": "movie_companies",
                  "Alias": "mc",
                  "Startup Cost": 0.0,
                  "Total Cost": 31414.82,
                  "Plan Rows": 401924,
                  "Plan Width": 0,
                  "Actual Startup Time": 0.051,
                  "Actual Total Time": 90.069,
                  "Actual Rows": 302278,
                  "Actual Loops": 4,
                  "Filter": "((company_id > 12) AND (company_type_id = 1))",
                  "Rows Removed by Filter": 350004
                }
              ]
            }
          ]
        }
      ]
    },
    "Planning Time": 0.265,
    "Triggers": [],
    "Execution Time": 125.282
  }
]