{
  "Plan": {
    "Node Type": "Aggregate",
    "Strategy": "Plain",
    "Partial Mode": "Finalize",
    "Parallel Aware": false,
    "Startup Cost": 335571.99,
    "Total Cost": 335572.0,
    "Plan Rows": 1,
    "Plan Width": 8,
    "Actual Startup Time": 1153.668,
    "Actual Total Time": 1182.983,
    "Actual Rows": 1,
    "Actual Loops": 1,
    "Plans": [
      {
        "Node Type": "Gather",
        "Parent Relationship": "Outer",
        "Parallel Aware": false,
        "Startup Cost": 335571.88,
        "Total Cost": 335571.99,
        "Plan Rows": 1,
        "Plan Width": 8,
        "Actual Startup Time": 1148.486,
        "Actual Total Time": 1182.976,
        "Actual Rows": 2,
        "Actual Loops": 1,
        "Workers Planned": 1,
        "Workers Launched": 1,
        "Single Copy": false,
        "Plans": [
          {
            "Node Type": "Aggregate",
            "Strategy": "Plain",
            "Partial Mode": "Partial",
            "Parent Relationship": "Outer",
            "Parallel Aware": false,
            "Startup Cost": 334571.88,
            "Total Cost": 334571.89,
            "Plan Rows": 1,
            "Plan Width": 8,
            "Actual Startup Time": 1142.319,
            "Actual Total Time": 1142.325,
            "Actual Rows": 1,
            "Actual Loops": 2,
            "Plans": [
              {
                "Node Type": "Hash Join",
                "Parent Relationship": "Outer",
                "Parallel Aware": true,
                "Join Type": "Inner",
                "Startup Cost": 266883.12,
                "Total Cost": 332590.29,
                "Plan Rows": 792636,
                "Plan Width": 0,
                "Actual Startup Time": 730.783,
                "Actual Total Time": 1128.887,
                "Actual Rows": 266461,
                "Actual Loops": 2,
                "Inner Unique": false,
                "Hash Cond": "(mk.movie_id = t.id)",
                "Plans": [
                  {
                    "Node Type": "Seq Scan",
                    "Parent Relationship": "Outer",
                    "Parallel Aware": true,
                    "Relation Name": "movie_keyword",
                    "Alias": "mk",
                    "Startup Cost": 0.0,
                    "Total Cost": 51065.35,
                    "Plan Rows": 2661135,
                    "Plan Width": 4,
                    "Actual Startup Time": 0.019,
                    "Actual Total Time": 177.859,
                    "Actual Rows": 2261965,
                    "Actual Loops": 2
                  },
                  {
                    "Node Type": "Hash",
                    "Parent Relationship": "Inner",
                    "Parallel Aware": true,
                    "Startup Cost": 261345.86,
                    "Total Cost": 261345.86,
                    "Plan Rows": 442981,
                    "Plan Width": 8,
                    "Actual Startup Time": 724.085,
                    "Actual Total Time": 724.089,
                    "Actual Rows": 72874,
                    "Actual Loops": 2,
                    "Hash Buckets": 1048576,
                    "Original Hash Buckets": 1048576,
                    "Hash Batches": 1,
                    "Original Hash Batches": 1,
                    "Peak Memory Usage": 13920,
                    "Plans": [
                      {
                        "Node Type": "Hash Join",
                        "Parent Relationship": "Outer",
                        "Parallel Aware": true,
                        "Join Type": "Inner",
                        "Startup Cost": 88330.55,
                        "Total Cost": 261345.86,
                        "Plan Rows": 442981,
                        "Plan Width": 8,
                        "Actual Startup Time": 462.026,
                        "Actual Total Time": 701.698,
                        "Actual Rows": 72874,
                        "Actual Loops": 2,
                        "Inner Unique": true,
                        "Hash Cond": "(mi.movie_id = t.id)",
                        "Plans": [
                          {
                            "Node Type": "Bitmap Heap Scan",
                            "Parent Relationship": "Outer",
                            "Parallel Aware": true,
                            "Relation Name": "movie_info",
                            "Alias": "mi",
                            "Startup Cost": 22441.69,
                            "Total Cost": 193544.03,
                            "Plan Rows": 728748,
                            "Plan Width": 4,
                            "Actual Startup Time": 42.171,
                            "Actual Total Time": 146.608,
                            "Actual Rows": 600185,
                            "Actual Loops": 2,
                            "Recheck Cond": "(info_type_id > 35)",
                            "Rows Removed by Index Recheck": 0,
                            "Exact Heap Blocks": 22051,
                            "Lossy Heap Blocks": 0,
                            "Plans": [
                              {
                                "Node Type": "Bitmap Index Scan",
                                "Parent Relationship": "Outer",
                                "Parallel Aware": false,
                                "Index Name": "info_type_id_movie_info",
                                "Startup Cost": 0.0,
                                "Total Cost": 22131.97,
                                "Plan Rows": 1238871,
                                "Plan Width": 0,
                                "Actual Startup Time": 36.667,
                                "Actual Total Time": 36.667,
                                "Actual Rows": 1200370,
                                "Actual Loops": 1,
                                "Index Cond": "(info_type_id > 35)"
                              }
                            ]
                          },
                          {
                            "Node Type": "Hash",
                            "Parent Relationship": "Inner",
                            "Parallel Aware": true,
                            "Startup Cost": 54588.39,
                            "Total Cost": 54588.39,
                            "Plan Rows": 904038,
                            "Plan Width": 4,
                            "Actual Startup Time": 405.507,
                            "Actual Total Time": 405.507,
                            "Actual Rows": 771632,
                            "Actual Loops": 2,
                            "Hash Buckets": 2097152,
                            "Original Hash Buckets": 2097152,
                            "Hash Batches": 1,
                            "Original Hash Batches": 1,
                            "Peak Memory Usage": 76800,
                            "Plans": [
                              {
                                "Node Type": "Seq Scan",
                                "Parent Relationship": "Outer",
                                "Parallel Aware": true,
                                "Relation Name": "title",
                                "Alias": "t",
                                "Startup Cost": 0.0,
                                "Total Cost": 54588.39,
                                "Plan Rows": 904038,
                                "Plan Width": 4,
                                "Actual Startup Time": 0.034,
                                "Actual Total Time": 181.011,
                                "Actual Rows": 771632,
                                "Actual Loops": 2,
                                "Filter": "(kind_id = 7)",
                                "Rows Removed by Filter": 492524
                              }
                            ]
                          }
                        ]
                      }
                    ]
                  }
                ]
              }
            ]
          }
        ]
      }
    ]
  },
  "Planning Time": 0.66,
  "Triggers": [],
  "Execution Time": 1183.054
}