[
  {
    "Plan": {
      "Node Type": "Aggregate",
      "Strategy": "Plain",
      "Partial Mode": "Finalize",
      "Parallel Aware": false,
      "Startup Cost": 46789.21,
      "Total Cost": 46789.22,
      "Plan Rows": 1,
      "Plan Width": 8,
      "Actual Startup Time": 166.381,
      "Actual Total Time": 176.192,
      "Actual Rows": 1,
      "Actual Loops": 1,
      "Plans": [
        {
          "Node Type": "Gather",
          "Parent Relationship": "Outer",
          "Parallel Aware": false,
          "Startup Cost": 46788.89,
          "Total Cost": 46789.2,
          "Plan Rows": 3,
          "Plan Width": 8,
          "Actual Startup Time": 166.275,
          "Actual Total Time": 176.183,
          "Actual Rows": 4,
          "Actual Loops": 1,
          "Workers Planned": 3,
          "Workers Launched": 3,
          "Single Copy": false,
          "Plans": [
            {
              "Node Type": "Aggregate",
              "Strategy": "Plain",
              "Partial Mode": "Partial",
              "Parent Relationship": "Outer",
              "Parallel Aware": false,
              "Startup Cost": 45788.89,
              "Total Cost": 45788.9,
              "Plan Rows": 1,
              "Plan Width": 8,
              "Actual Startup Time": 160.619,
              "Actual Total Time": 160.62,
              "Actual Rows": 1,
              "Actual Loops": 4,
              "Plans": [
                {
                  "Node Type": "Seq Scan",
                  "Parent Relationship": "Outer",
                  "Parallel Aware": true,
                  "Relation Name": "movie_keyword",
                  "Alias": "mk",
                  "Startup Cost": 0.0,
                  "Total Cost": 42695.65,
                  "Plan Rows": 1237295,
                  "Plan Width": 0,
                  "Actual Startup Time": 0.045,
                  "Actual Total Time": 119.353,
                  "Actual Rows": 962297,
                  "Actual Loops": 4,
                  "Filter": "(keyword_id < 27791)",
                  "Rows Removed by Filter": 168685
                }
              ]
            }
          ]
        }
      ]
    },
    "Planning Time": 0.16,
    "Triggers": [],
    "Execution Time": 176.24
  }
]