[
  {
    "Plan": {
      "Node Type": "Aggregate",
      "Strategy": "Plain",
      "Partial Mode": "Finalize",
      "Parallel Aware": false,
      "Startup Cost": 87408.13,
      "Total Cost": 87408.14,
      "Plan Rows": 1,
      "Plan Width": 8,
      "Actual Startup Time": 346.672,
      "Actual Total Time": 362.985,
      "Actual Rows": 1,
      "Actual Loops": 1,
      "Plans": [
        {
          "Node Type": "Gather",
          "Parent Relationship": "Outer",
          "Parallel Aware": false,
          "Startup Cost": 87407.81,
          "Total Cost": 87408.12,
          "Plan Rows": 3,
          "Plan Width": 8,
          "Actual Startup Time": 344.569,
          "Actual Total Time": 362.977,
          "Actual Rows": 4,
          "Actual Loops": 1,
          "Workers Planned": 3,
          "Workers Launched": 3,
          "Single Copy": false,
          "Plans": [
            {
              "Node Type": "Aggregate",
              "Strategy": "Plain",
              "Partial Mode": "Partial",
              "Parent Relationship": "Outer",
              "Parallel Aware": false,
              "Startup Cost": 86407.81,
              "Total Cost": 86407.82,
              "Plan Rows": 1,
              "Plan Width": 8,
              "Actual Startup Time": 335.774,
              "Actual Total Time": 335.779,
              "Actual Rows": 1,
              "Actual Loops": 4,
              "Plans": [
                {
                  "Node Type": "Nested Loop",
                  "Parent Relationship": "Outer",
                  "Parallel Aware": false,
                  "Join Type": "Inner",
                  "Startup Cost": 53503.4,
                  "Total Cost": 86379.49,
                  "Plan Rows": 11329,
                  "Plan Width": 0,
                  "Actual Startup Time": 185.643,
                  "Actual Total Time": 332.457,
                  "Actual Rows": 55321,
                  "Actual Loops": 4,
                  "Inner Unique": false,
                  "Plans": [
                    {
                      "Node Type": "Hash Join",
                      "Parent Relationship": "Outer",
                      "Parallel Aware": true,
                      "Join Type": "Inner",
                      "Startup Cost": 53502.97,
                      "Total Cost": 73703.13,
                      "Plan Rows": 20756,
                      "Plan Width": 8,
                      "Actual Startup Time": 185.495,
                      "Actual Total Time": 229.74,
                      "Actual Rows": 38162,
                      "Actual Loops": 4,
                      "Inner Unique": true,
                      "Hash Cond": "(mc.movie_id = t.id)",
                      "Plans": [
                        {
                          "Node Type": "Bitmap Heap Scan",
                          "Parent Relationship": "Outer",
                          "Parallel Aware": true,
                          "Relation Name": "movie_companies",
                          "Alias": "mc",
                          "Startup Cost": 6264.38,
                          "Total Cost": 26219.81,
                          "Plan Rows": 93234,
                          "Plan Width": 4,
                          "Actual Startup Time": 19.66,
                          "Actual Total Time": 35.273,
                          "Actual Rows": 70633,
                          "Actual Loops": 4,
                          "Recheck Cond": "(company_id > 95609)",
                          "Rows Removed by Index Recheck": 0,
                          "Exact Heap Blocks": 1348,
                          "Lossy Heap Blocks": 0,
                          "Plans": [
                            {
                              "Node Type": "Bitmap Index Scan",
                              "Parent Relationship": "Outer",
                              "Parallel Aware": false,
                              "Index Name": "company_id_movie_companies",
                              "Startup Cost": 0.0,
                              "Total Cost": 6192.12,
                              "Plan Rows": 289026,
                              "Plan Width": 0,
                              "Actual Startup Time": 18.559,
                              "Actual Total Time": 18.559,
                              "Actual Rows": 282533,
                              "Actual Loops": 1,
                              "Index Cond": "(company_id > 95609)"
                            }
                          ]
                        },
                        {
                          "Node Type": "Hash",
                          "Parent Relationship": "Inner",
                          "Parallel Aware": true,
                          "Startup Cost": 45479.59,
                          "Total Cost": 45479.59,
                          "Plan Rows": 140720,
                          "Plan Width": 4,
                          "Actual Startup Time": 160.831,
                          "Actual Total Time": 160.832,
                          "Actual Rows": 119292,
                          "Actual Loops": 4,
                          "Hash Buckets": 1048576,
                          "Original Hash Buckets": 1048576,
                          "Hash Batches": 1,
                          "Original Hash Batches": 1,
                          "Peak Memory Usage": 26912,
                          "Plans": [
                            {
                              "Node Type": "Seq Scan",
                              "Parent Relationship": "Outer",
                              "Parallel Aware": true,
                              "Relation Name": "title",
                              "Alias": "t",
                              "Startup Cost": 0.0,
                              "Total Cost": 45479.59,
                              "Plan Rows": 140720,
                              "Plan Width": 4,
                              "Actual Startup Time": 0.038,
                              "Actual Total Time": 109.174,
                              "Actual Rows": 119292,
                              "Actual Loops": 4,
                              "Filter": "((kind_id < 7) AND (production_year > 1999))",
                              "Rows Removed by Filter": 512786
                            }
                          ]
                        }
                      ]
                    },
                    {
                      "Node Type": "Index Only Scan",
                      "Parent Relationship": "Inner",
                      "Parallel Aware": false,
                      "Scan Direction": "Forward",
                      "Index Name": "movie_id_movie_info_idx",
                      "Relation Name": "movie_info_idx",
                      "Alias": "mi_idx",
                      "Startup Cost": 0.43,
                      "Total Cost": 0.58,
                      "Plan Rows": 3,
                      "Plan Width": 4,
                      "Actual Startup Time": 0.002,
                      "Actual Total Time": 0.002,
                      "Actual Rows": 1,
                      "Actual Loops": 152647,
                      "Index Cond": "(movie_id = t.id)",
                      "Rows Removed by Index Recheck": 0,
                      "Heap Fetches": 221283
                    }
                  ]
                }
              ]
            }
          ]
        }
      ]
    },
    "Planning Time": 1.131,
    "Triggers": [],
    "Execution Time": 363.07
  }
]