[
  {
    "Plan": {
      "Node Type": "Aggregate",
      "Strategy": "Plain",
      "Partial Mode": "Finalize",
      "Parallel Aware": false,
      "Startup Cost": 482931.73,
      "Total Cost": 482931.74,
      "Plan Rows": 1,
      "Plan Width": 8,
      "Actual Startup Time": 3121.08,
      "Actual Total Time": 3184.347,
      "Actual Rows": 1,
      "Actual Loops": 1,
      "Plans": [
        {
          "Node Type": "Gather",
          "Parent Relationship": "Outer",
          "Parallel Aware": false,
          "Startup Cost": 482931.1,
          "Total Cost": 482931.71,
          "Plan Rows": 6,
          "Plan Width": 8,
          "Actual Startup Time": 3119.186,
          "Actual Total Time": 3184.334,
          "Actual Rows": 7,
          "Actual Loops": 1,
          "Workers Planned": 6,
          "Workers Launched": 6,
          "Single Copy": false,
          "Plans": [
            {
              "Node Type": "Aggregate",
              "Strategy": "Plain",
              "Partial Mode": "Partial",
              "Parent Relationship": "Outer",
              "Parallel Aware": false,
              "Startup Cost": 481931.1,
              "Total Cost": 481931.11,
              "Plan Rows": 1,
              "Plan Width": 8,
              "Actual Startup Time": 3111.389,
              "Actual Total Time": 3111.394,
              "Actual Rows": 1,
              "Actual Loops": 7,
              "Plans": [
                {
                  "Node Type": "Nested Loop",
                  "Parent Relationship": "Outer",
                  "Parallel Aware": false,
                  "Join Type": "Inner",
                  "Startup Cost": 46649.05,
                  "Total Cost": 481364.62,
                  "Plan Rows": 226593,
                  "Plan Width": 0,
                  "Actual Startup Time": 107.429,
                  "Actual Total Time": 2984.343,
                  "Actual Rows": 2577935,
                  "Actual Loops": 7,
                  "Inner Unique": false,
                  "Join Filter": "(t.id = mi.movie_id)",
                  "Rows Removed by Join Filter": 0,
                  "Plans": [
                    {
                      "Node Type": "Hash Join",
                      "Parent Relationship": "Outer",
                      "Parallel Aware": true,
                      "Join Type": "Inner",
                      "Startup Cost": 46648.61,
                      "Total Cost": 388531.83,
                      "Plan Rows": 41044,
                      "Plan Width": 8,
                      "Actual Startup Time": 107.325,
                      "Actual Total Time": 676.465,
                      "Actual Rows": 113646,
                      "Actual Loops": 7,
                      "Inner Unique": true,
                      "Hash Cond": "(ci.movie_id = t.id)",
                      "Plans": [
                        {
                          "Node Type": "Index Scan",
                          "Parent Relationship": "Outer",
                          "Parallel Aware": true,
                          "Scan Direction": "Forward",
                          "Index Name": "role_id_cast_info",
                          "Relation Name": "cast_info",
                          "Alias": "ci",
                          "Startup Cost": 0.56,
                          "Total Cost": 341155.22,
                          "Plan Rows": 277547,
                          "Plan Width": 4,
                          "Actual Startup Time": 0.282,
                          "Actual Total Time": 338.319,
                          "Actual Rows": 508427,
                          "Actual Loops": 7,
                          "Index Cond": "(role_id = 1)",
                          "Rows Removed by Index Recheck": 0,
                          "Filter": "(person_id < 478546)",
                          "Rows Removed by Filter": 1301672
                        },
                        {
                          "Node Type": "Hash",
                          "Parent Relationship": "Inner",
                          "Parallel Aware": true,
                          "Startup Cost": 45479.59,
                          "Total Cost": 45479.59,
                          "Plan Rows": 93477,
                          "Plan Width": 4,
                          "Actual Startup Time": 105.599,
                          "Actual Total Time": 105.601,
                          "Actual Rows": 69260,
                          "Actual Loops": 7,
                          "Hash Buckets": 524288,
                          "Original Hash Buckets": 524288,
                          "Hash Batches": 1,
                          "Original Hash Batches": 1,
                          "Peak Memory Usage": 23168,
                          "Plans": [
                            {
                              "Node Type": "Seq Scan",
                              "Parent Relationship": "Outer",
                              "Parallel Aware": true,
                              "Relation Name": "title",
                              "Alias": "t",
                              "Startup Cost": 0.0,
                              "Total Cost": 45479.59,
                              "Plan Rows": 93477,
                              "Plan Width": 4,
                              "Actual Startup Time": 0.039,
                              "Actual Total Time": 73.573,
                              "Actual Rows": 69260,
                              "Actual Loops": 7,
                              "Filter": "((kind_id < 7) AND (production_year < 1999))",
                              "Rows Removed by Filter": 291927
                            }
                          ]
                        }
                      ]
                    },
                    {
                      "Node Type": "Index Scan",
                      "Parent Relationship": "Inner",
                      "Parallel Aware": false,
                      "Scan Direction": "Forward",
                      "Index Name": "movie_id_movie_info",
                      "Relation Name": "movie_info",
                      "Alias": "mi",
                      "Startup Cost": 0.43,
                      "Total Cost": 1.77,
                      "Plan Rows": 39,
                      "Plan Width": 4,
                      "Actual Startup Time": 0.005,
                      "Actual Total Time": 0.018,
                      "Actual Rows": 23,
                      "Actual Loops": 795524,
                      "Index Cond": "(movie_id = ci.movie_id)",
                      "Rows Removed by Index Recheck": 0,
                      "Filter": "(info_type_id < 98)",
                      "Rows Removed by Filter": 2
                    }
                  ]
                }
              ]
            }
          ]
        }
      ]
    },
    "Planning Time": 0.781,
    "Triggers": [],
    "Execution Time": 3184.415
  }
]