[
  {
    "Plan": {
      "Node Type": "Aggregate",
      "Strategy": "Plain",
      "Partial Mode": "Finalize",
      "Parallel Aware": false,
      "Startup Cost": 477880.89,
      "Total Cost": 477880.9,
      "Plan Rows": 1,
      "Plan Width": 8,
      "Actual Startup Time": 2953.164,
      "Actual Total Time": 3020.846,
      "Actual Rows": 1,
      "Actual Loops": 1,
      "Plans": [
        {
          "Node Type": "Gather",
          "Parent Relationship": "Outer",
          "Parallel Aware": false,
          "Startup Cost": 477880.27,
          "Total Cost": 477880.88,
          "Plan Rows": 6,
          "Plan Width": 8,
          "Actual Startup Time": 2949.235,
          "Actual Total Time": 3020.818,
          "Actual Rows": 7,
          "Actual Loops": 1,
          "Workers Planned": 6,
          "Workers Launched": 6,
          "Single Copy": false,
          "Plans": [
            {
              "Node Type": "Aggregate",
              "Strategy": "Plain",
              "Partial Mode": "Partial",
              "Parent Relationship": "Outer",
              "Parallel Aware": false,
              "Startup Cost": 476880.27,
              "Total Cost": 476880.28,
              "Plan Rows": 1,
              "Plan Width": 8,
              "Actual Startup Time": 2940.443,
              "Actual Total Time": 2940.448,
              "Actual Rows": 1,
              "Actual Loops": 7,
              "Plans": [
                {
                  "Node Type": "Nested Loop",
                  "Parent Relationship": "Outer",
                  "Parallel Aware": false,
                  "Join Type": "Inner",
                  "Startup Cost": 46660.35,
                  "Total Cost": 476318.71,
                  "Plan Rows": 224624,
                  "Plan Width": 0,
                  "Actual Startup Time": 97.183,
                  "Actual Total Time": 2831.782,
                  "Actual Rows": 2577935,
                  "Actual Loops": 7,
                  "Inner Unique": false,
                  "Join Filter": "(t.id = mi.movie_id)",
                  "Rows Removed by Join Filter": 0,
                  "Plans": [
                    {
                      "Node Type": "Hash Join",
                      "Parent Relationship": "Outer",
                      "Parallel Aware": true,
                      "Join Type": "Inner",
                      "Startup Cost": 46659.91,
                      "Total Cost": 382614.49,
                      "Plan Rows": 40950,
                      "Plan Width": 8,
                      "Actual Startup Time": 97.09,
                      "Actual Total Time": 627.232,
                      "Actual Rows": 113646,
                      "Actual Loops": 7,
                      "Inner Unique": true,
                      "Hash Cond": "(ci.movie_id = t.id)",
                      "Plans": [
                        {
                          "Node Type": "Index Scan",
                          "Parent Relationship": "Outer",
                          "Parallel Aware": true,
                          "Scan Direction": "Forward",
                          "Index Name": "role_id_cast_info",
                          "Relation Name": "cast_info",
                          "Alias": "ci",
                          "Startup Cost": 0.56,
                          "Total Cost": 335235.55,
                          "Plan Rows": 274130,
                          "Plan Width": 4,
                          "Actual Startup Time": 0.275,
                          "Actual Total Time": 313.841,
                          "Actual Rows": 508427,
                          "Actual Loops": 7,
                          "Index Cond": "(role_id = 1)",
                          "Rows Removed by Index Recheck": 0,
                          "Filter": "(person_id < 478546)",
                          "Rows Removed by Filter": 1301672
                        },
                        {
                          "Node Type": "Hash",
                          "Parent Relationship": "Inner",
                          "Parallel Aware": true,
                          "Startup Cost": 45479.1,
                          "Total Cost": 45479.1,
                          "Plan Rows": 94420,
                          "Plan Width": 4,
                          "Actual Startup Time": 95.296,
                          "Actual Total Time": 95.298,
                          "Actual Rows": 69260,
                          "Actual Loops": 7,
                          "Hash Buckets": 524288,
                          "Original Hash Buckets": 524288,
                          "Hash Batches": 1,
                          "Original Hash Batches": 1,
                          "Peak Memory Usage": 23168,
                          "Plans": [
                            {
                              "Node Type": "Seq Scan",
                              "Parent Relationship": "Outer",
                              "Parallel Aware": true,
                              "Relation Name": "title",
                              "Alias": "t",
                              "Startup Cost": 0.0,
                              "Total Cost": 45479.1,
                              "Plan Rows": 94420,
                              "Plan Width": 4,
                              "Actual Startup Time": 0.074,
                              "Actual Total Time": 69.692,
                              "Actual Rows": 69260,
                              "Actual Loops": 7,
                              "Filter": "((kind_id < 7) AND (production_year < 1999))",
                              "Rows Removed by Filter": 291927
                            }
                          ]
                        }
                      ]
                    },
                    {
                      "Node Type": "Index Scan",
                      "Parent Relationship": "Inner",
                      "Parallel Aware": false,
                      "Scan Direction": "Forward",
                      "Index Name": "movie_id_movie_info",
                      "Relation Name": "movie_info",
                      "Alias": "mi",
                      "Startup Cost": 0.43,
                      "Total Cost": 1.8,
                      "Plan Rows": 39,
                      "Plan Width": 4,
                      "Actual Startup Time": 0.005,
                      "Actual Total Time": 0.017,
                      "Actual Rows": 23,
                      "Actual Loops": 795524,
                      "Index Cond": "(movie_id = ci.movie_id)",
                      "Rows Removed by Index Recheck": 0,
                      "Filter": "(info_type_id < 98)",
                      "Rows Removed by Filter": 2
                    }
                  ]
                }
              ]
            }
          ]
        }
      ]
    },
    "Planning Time": 0.705,
    "Triggers": [],
    "Execution Time": 3020.926
  }
]