[
  {
    "Plan": {
      "Node Type": "Aggregate",
      "Strategy": "Plain",
      "Partial Mode": "Finalize",
      "Parallel Aware": false,
      "Startup Cost": 56281.68,
      "Total Cost": 56281.69,
      "Plan Rows": 1,
      "Plan Width": 8,
      "Actual Startup Time": 84.105,
      "Actual Total Time": 96.707,
      "Actual Rows": 1,
      "Actual Loops": 1,
      "Plans": [
        {
          "Node Type": "Gather",
          "Parent Relationship": "Outer",
          "Parallel Aware": false,
          "Startup Cost": 56281.26,
          "Total Cost": 56281.67,
          "Plan Rows": 4,
          "Plan Width": 8,
          "Actual Startup Time": 83.948,
          "Actual Total Time": 96.696,
          "Actual Rows": 5,
          "Actual Loops": 1,
          "Workers Planned": 4,
          "Workers Launched": 4,
          "Single Copy": false,
          "Plans": [
            {
              "Node Type": "Aggregate",
              "Strategy": "Plain",
              "Partial Mode": "Partial",
              "Parent Relationship": "Outer",
              "Parallel Aware": false,
              "Startup Cost": 55281.26,
              "Total Cost": 55281.27,
              "Plan Rows": 1,
              "Plan Width": 8,
              "Actual Startup Time": 78.505,
              "Actual Total Time": 78.506,
              "Actual Rows": 1,
              "Actual Loops": 5,
              "Plans": [
                {
                  "Node Type": "Nested Loop",
                  "Parent Relationship": "Outer",
                  "Parallel Aware": false,
                  "Join Type": "Inner",
                  "Startup Cost": 0.43,
                  "Total Cost": 55280.21,
                  "Plan Rows": 422,
                  "Plan Width": 0,
                  "Actual Startup Time": 46.845,
                  "Actual Total Time": 78.433,
                  "Actual Rows": 546,
                  "Actual Loops": 5,
                  "Inner Unique": false,
                  "Plans": [
                    {
                      "Node Type": "Seq Scan",
                      "Parent Relationship": "Outer",
                      "Parallel Aware": true,
                      "Relation Name": "title",
                      "Alias": "t",
                      "Startup Cost": 0.0,
                      "Total Cost": 43899.32,
                      "Plan Rows": 695,
                      "Plan Width": 4,
                      "Actual Startup Time": 46.78,
                      "Actual Total Time": 70.219,
                      "Actual Rows": 555,
                      "Actual Loops": 5,
                      "Filter": "(production_year = 1928)",
                      "Rows Removed by Filter": 505108
                    },
                    {
                      "Node Type": "Index Scan",
                      "Parent Relationship": "Inner",
                      "Parallel Aware": false,
                      "Scan Direction": "Forward",
                      "Index Name": "movie_id_movie_companies",
                      "Relation Name": "movie_companies",
                      "Alias": "mc",
                      "Startup Cost": 0.43,
                      "Total Cost": 16.35,
                      "Plan Rows": 3,
                      "Plan Width": 4,
                      "Actual Startup Time": 0.012,
                      "Actual Total Time": 0.014,
                      "Actual Rows": 1,
                      "Actual Loops": 2773,
                      "Index Cond": "(movie_id = t.id)",
                      "Rows Removed by Index Recheck": 0,
                      "Filter": "(company_id < 14635)",
                      "Rows Removed by Filter": 1
                    }
                  ]
                }
              ]
            }
          ]
        }
      ]
    },
    "Planning Time": 0.257,
    "Triggers": [],
    "Execution Time": 96.836
  }
]