[
  {
    "Plan": {
      "Node Type": "Aggregate",
      "Strategy": "Plain",
      "Partial Mode": "Finalize",
      "Parallel Aware": false,
      "Startup Cost": 47186.37,
      "Total Cost": 47186.38,
      "Plan Rows": 1,
      "Plan Width": 8,
      "Actual Startup Time": 181.745,
      "Actual Total Time": 191.361,
      "Actual Rows": 1,
      "Actual Loops": 1,
      "Plans": [
        {
          "Node Type": "Gather",
          "Parent Relationship": "Outer",
          "Parallel Aware": false,
          "Startup Cost": 47186.05,
          "Total Cost": 47186.36,
          "Plan Rows": 3,
          "Plan Width": 8,
          "Actual Startup Time": 181.633,
          "Actual Total Time": 191.352,
          "Actual Rows": 4,
          "Actual Loops": 1,
          "Workers Planned": 3,
          "Workers Launched": 3,
          "Single Copy": false,
          "Plans": [
            {
              "Node Type": "Aggregate",
              "Strategy": "Plain",
              "Partial Mode": "Partial",
              "Parent Relationship": "Outer",
              "Parallel Aware": false,
              "Startup Cost": 46186.05,
              "Total Cost": 46186.06,
              "Plan Rows": 1,
              "Plan Width": 8,
              "Actual Startup Time": 173.092,
              "Actual Total Time": 173.093,
              "Actual Rows": 1,
              "Actual Loops": 4,
              "Plans": [
                {
                  "Node Type": "Seq Scan",
                  "Parent Relationship": "Outer",
                  "Parallel Aware": true,
                  "Relation Name": "movie_keyword",
                  "Alias": "mk",
                  "Startup Cost": 0.0,
                  "Total Cost": 42695.65,
                  "Plan Rows": 1396160,
                  "Plan Width": 0,
                  "Actual Startup Time": 0.068,
                  "Actual Total Time": 125.603,
                  "Actual Rows": 1078879,
                  "Actual Loops": 4,
                  "Filter": "(keyword_id > 138)",
                  "Rows Removed by Filter": 52104
                }
              ]
            }
          ]
        }
      ]
    },
    "Planning Time": 0.165,
    "Triggers": [],
    "Execution Time": 191.423
  }
]