{
  "Plan": {
    "Node Type": "Aggregate",
    "Strategy": "Plain",
    "Partial Mode": "Finalize",
    "Parallel Aware": false,
    "Startup Cost": 76379.88,
    "Total Cost": 76379.89,
    "Plan Rows": 1,
    "Plan Width": 8,
    "Actual Startup Time": 370.82,
    "Actual Total Time": 382.298,
    "Actual Rows": 1,
    "Actual Loops": 1,
    "Plans": [
      {
        "Node Type": "Gather",
        "Parent Relationship": "Outer",
        "Parallel Aware": false,
        "Startup Cost": 76379.77,
        "Total Cost": 76379.88,
        "Plan Rows": 1,
        "Plan Width": 8,
        "Actual Startup Time": 368.401,
        "Actual Total Time": 382.285,
        "Actual Rows": 2,
        "Actual Loops": 1,
        "Workers Planned": 1,
        "Workers Launched": 1,
        "Single Copy": false,
        "Plans": [
          {
            "Node Type": "Aggregate",
            "Strategy": "Plain",
            "Partial Mode": "Partial",
            "Parent Relationship": "Outer",
            "Parallel Aware": false,
            "Startup Cost": 75379.77,
            "Total Cost": 75379.78,
            "Plan Rows": 1,
            "Plan Width": 8,
            "Actual Startup Time": 363.653,
            "Actual Total Time": 363.659,
            "Actual Rows": 1,
            "Actual Loops": 2,
            "Plans": [
              {
                "Node Type": "Hash Join",
                "Parent Relationship": "Outer",
                "Parallel Aware": true,
                "Join Type": "Inner",
                "Startup Cost": 65394.96,
                "Total Cost": 75274.68,
                "Plan Rows": 42038,
                "Plan Width": 0,
                "Actual Startup Time": 321.566,
                "Actual Total Time": 362.813,
                "Actual Rows": 19045,
                "Actual Loops": 2,
                "Inner Unique": true,
                "Hash Cond": "(ci.movie_id = t.id)",
                "Plans": [
                  {
                    "Node Type": "Index Scan",
                    "Parent Relationship": "Outer",
                    "Parallel Aware": true,
                    "Scan Direction": "Forward",
                    "Index Name": "role_id_cast_info",
                    "Relation Name": "cast_info",
                    "Alias": "ci",
                    "Startup Cost": 0.56,
                    "Total Cost": 9590.86,
                    "Plan Rows": 110258,
                    "Plan Width": 4,
                    "Actual Startup Time": 0.064,
                    "Actual Total Time": 22.572,
                    "Actual Rows": 39690,
                    "Actual Loops": 2,
                    "Index Cond": "(role_id > 10)",
                    "Rows Removed by Index Recheck": 0,
                    "Filter": "(person_id < 2329008)",
                    "Rows Removed by Filter": 118370
                  },
                  {
                    "Node Type": "Hash",
                    "Parent Relationship": "Inner",
                    "Parallel Aware": true,
                    "Startup Cost": 58306.47,
                    "Total Cost": 58306.47,
                    "Plan Rows": 567034,
                    "Plan Width": 4,
                    "Actual Startup Time": 312.67,
                    "Actual Total Time": 312.671,
                    "Actual Rows": 488889,
                    "Actual Loops": 2,
                    "Hash Buckets": 1048576,
                    "Original Hash Buckets": 1048576,
                    "Hash Batches": 1,
                    "Original Hash Batches": 1,
                    "Peak Memory Usage": 46496,
                    "Plans": [
                      {
                        "Node Type": "Seq Scan",
                        "Parent Relationship": "Outer",
                        "Parallel Aware": true,
                        "Relation Name": "title",
                        "Alias": "t",
                        "Startup Cost": 0.0,
                        "Total Cost": 58306.47,
                        "Plan Rows": 567034,
                        "Plan Width": 4,
                        "Actual Startup Time": 0.026,
                        "Actual Total Time": 167.828,
                        "Actual Rows": 488889,
                        "Actual Loops": 2,
                        "Filter": "((kind_id < 7) AND (production_year > 0))",
                        "Rows Removed by Filter": 775267
                      }
                    ]
                  }
                ]
              }
            ]
          }
        ]
      }
    ]
  },
  "Planning Time": 0.746,
  "Triggers": [],
  "Execution Time": 382.392
}