{
  "Plan": {
    "Node Type": "Aggregate",
    "Strategy": "Plain",
    "Partial Mode": "Finalize",
    "Parallel Aware": false,
    "Startup Cost": 611533.77,
    "Total Cost": 611533.78,
    "Plan Rows": 1,
    "Plan Width": 8,
    "Actual Startup Time": 3166.463,
    "Actual Total Time": 3227.962,
    "Actual Rows": 1,
    "Actual Loops": 1,
    "Plans": [
      {
        "Node Type": "Gather",
        "Parent Relationship": "Outer",
        "Parallel Aware": false,
        "Startup Cost": 611533.66,
        "Total Cost": 611533.77,
        "Plan Rows": 1,
        "Plan Width": 8,
        "Actual Startup Time": 3166.144,
        "Actual Total Time": 3227.952,
        "Actual Rows": 2,
        "Actual Loops": 1,
        "Workers Planned": 1,
        "Workers Launched": 1,
        "Single Copy": false,
        "Plans": [
          {
            "Node Type": "Aggregate",
            "Strategy": "Plain",
            "Partial Mode": "Partial",
            "Parent Relationship": "Outer",
            "Parallel Aware": false,
            "Startup Cost": 610533.66,
            "Total Cost": 610533.67,
            "Plan Rows": 1,
            "Plan Width": 8,
            "Actual Startup Time": 3159.952,
            "Actual Total Time": 3159.956,
            "Actual Rows": 1,
            "Actual Loops": 2,
            "Plans": [
              {
                "Node Type": "Hash Join",
                "Parent Relationship": "Outer",
                "Parallel Aware": true,
                "Join Type": "Inner",
                "Startup Cost": 53994.15,
                "Total Cost": 609946.97,
                "Plan Rows": 234673,
                "Plan Width": 0,
                "Actual Startup Time": 93.036,
                "Actual Total Time": 3149.041,
                "Actual Rows": 189392,
                "Actual Loops": 2,
                "Inner Unique": true,
                "Hash Cond": "(ci.movie_id = t.id)",
                "Plans": [
                  {
                    "Node Type": "Seq Scan",
                    "Parent Relationship": "Outer",
                    "Parallel Aware": true,
                    "Relation Name": "cast_info",
                    "Alias": "ci",
                    "Startup Cost": 0.0,
                    "Total Cost": 519069.44,
                    "Plan Rows": 14050786,
                    "Plan Width": 4,
                    "Actual Startup Time": 0.018,
                    "Actual Total Time": 1883.24,
                    "Actual Rows": 12065349,
                    "Actual Loops": 2,
                    "Filter": "(role_id < 4)",
                    "Rows Removed by Filter": 6056823
                  },
                  {
                    "Node Type": "Hash",
                    "Parent Relationship": "Inner",
                    "Parallel Aware": true,
                    "Startup Cost": 53683.67,
                    "Total Cost": 53683.67,
                    "Plan Rows": 24839,
                    "Plan Width": 4,
                    "Actual Startup Time": 92.375,
                    "Actual Total Time": 92.377,
                    "Actual Rows": 19780,
                    "Actual Loops": 2,
                    "Hash Buckets": 65536,
                    "Original Hash Buckets": 65536,
                    "Hash Batches": 1,
                    "Original Hash Batches": 1,
                    "Peak Memory Usage": 2112,
                    "Plans": [
                      {
                        "Node Type": "Bitmap Heap Scan",
                        "Parent Relationship": "Outer",
                        "Parallel Aware": true,
                        "Relation Name": "title",
                        "Alias": "t",
                        "Startup Cost": 11833.41,
                        "Total Cost": 53683.67,
                        "Plan Rows": 24839,
                        "Plan Width": 4,
                        "Actual Startup Time": 27.004,
                        "Actual Total Time": 87.038,
                        "Actual Rows": 19780,
                        "Actual Loops": 2,
                        "Recheck Cond": "(kind_id = 1)",
                        "Rows Removed by Index Recheck": 0,
                        "Filter": "(production_year = 2012)",
                        "Rows Removed by Filter": 311632,
                        "Exact Heap Blocks": 9996,
                        "Lossy Heap Blocks": 0,
                        "Plans": [
                          {
                            "Node Type": "Bitmap Index Scan",
                            "Parent Relationship": "Outer",
                            "Parallel Aware": false,
                            "Index Name": "kind_id_title",
                            "Startup Cost": 0.0,
                            "Total Cost": 11822.85,
                            "Plan Rows": 663256,
                            "Plan Width": 0,
                            "Actual Startup Time": 30.339,
                            "Actual Total Time": 30.34,
                            "Actual Rows": 662825,
                            "Actual Loops": 1,
                            "Index Cond": "(kind_id = 1)"
                          }
                        ]
                      }
                    ]
                  }
                ]
              }
            ]
          }
        ]
      }
    ]
  },
  "Planning Time": 0.448,
  "Triggers": [],
  "Execution Time": 3228.066
}