[
  {
    "Plan": {
      "Node Type": "Aggregate",
      "Strategy": "Plain",
      "Partial Mode": "Finalize",
      "Parallel Aware": false,
      "Startup Cost": 31307.93,
      "Total Cost": 31307.94,
      "Plan Rows": 1,
      "Plan Width": 8,
      "Actual Startup Time": 109.992,
      "Actual Total Time": 118.037,
      "Actual Rows": 1,
      "Actual Loops": 1,
      "Plans": [
        {
          "Node Type": "Gather",
          "Parent Relationship": "Outer",
          "Parallel Aware": false,
          "Startup Cost": 31307.61,
          "Total Cost": 31307.92,
          "Plan Rows": 3,
          "Plan Width": 8,
          "Actual Startup Time": 109.671,
          "Actual Total Time": 118.029,
          "Actual Rows": 4,
          "Actual Loops": 1,
          "Workers Planned": 3,
          "Workers Launched": 3,
          "Single Copy": false,
          "Plans": [
            {
              "Node Type": "Aggregate",
              "Strategy": "Plain",
              "Partial Mode": "Partial",
              "Parent Relationship": "Outer",
              "Parallel Aware": false,
              "Startup Cost": 30307.61,
              "Total Cost": 30307.62,
              "Plan Rows": 1,
              "Plan Width": 8,
              "Actual Startup Time": 103.037,
              "Actual Total Time": 103.038,
              "Actual Rows": 1,
              "Actual Loops": 4,
              "Plans": [
                {
                  "Node Type": "Seq Scan",
                  "Parent Relationship": "Outer",
                  "Parallel Aware": true,
                  "Relation Name": "movie_companies",
                  "Alias": "mc",
                  "Startup Cost": 0.0,
                  "Total Cost": 29310.68,
                  "Plan Rows": 398773,
                  "Plan Width": 0,
                  "Actual Startup Time": 16.381,
                  "Actual Total Time": 86.243,
                  "Actual Rows": 306985,
                  "Actual Loops": 4,
                  "Filter": "(company_id > 11949)",
                  "Rows Removed by Filter": 345297
                }
              ]
            }
          ]
        }
      ]
    },
    "Planning Time": 0.107,
    "Triggers": [],
    "Execution Time": 118.068
  }
]