{
  "Plan": {
    "Node Type": "Aggregate",
    "Strategy": "Plain",
    "Partial Mode": "Finalize",
    "Parallel Aware": false,
    "Startup Cost": 2809786.04,
    "Total Cost": 2809786.05,
    "Plan Rows": 1,
    "Plan Width": 8,
    "Actual Startup Time": 29975.92,
    "Actual Total Time": 30095.88,
    "Actual Rows": 1,
    "Actual Loops": 1,
    "Plans": [
      {
        "Node Type": "Gather",
        "Parent Relationship": "Outer",
        "Parallel Aware": false,
        "Startup Cost": 2809785.93,
        "Total Cost": 2809786.04,
        "Plan Rows": 1,
        "Plan Width": 8,
        "Actual Startup Time": 29975.86,
        "Actual Total Time": 30095.873,
        "Actual Rows": 2,
        "Actual Loops": 1,
        "Workers Planned": 1,
        "Workers Launched": 1,
        "Single Copy": false,
        "Plans": [
          {
            "Node Type": "Aggregate",
            "Strategy": "Plain",
            "Partial Mode": "Partial",
            "Parent Relationship": "Outer",
            "Parallel Aware": false,
            "Startup Cost": 2808785.93,
            "Total Cost": 2808785.94,
            "Plan Rows": 1,
            "Plan Width": 8,
            "Actual Startup Time": 29969.714,
            "Actual Total Time": 29969.716,
            "Actual Rows": 1,
            "Actual Loops": 2,
            "Plans": [
              {
                "Node Type": "Merge Join",
                "Parent Relationship": "Outer",
                "Parallel Aware": false,
                "Join Type": "Inner",
                "Startup Cost": 57.66,
                "Total Cost": 2745958.67,
                "Plan Rows": 25130905,
                "Plan Width": 0,
                "Actual Startup Time": 8.481,
                "Actual Total Time": 26930.863,
                "Actual Rows": 74959058,
                "Actual Loops": 2,
                "Inner Unique": false,
                "Merge Cond": "(ci.movie_id = t.id)",
                "Plans": [
                  {
                    "Node Type": "Index Scan",
                    "Parent Relationship": "Outer",
                    "Parallel Aware": true,
                    "Scan Direction": "Forward",
                    "Index Name": "movie_id_cast_info",
                    "Relation Name": "cast_info",
                    "Alias": "ci",
                    "Startup Cost": 0.56,
                    "Total Cost": 1978621.64,
                    "Plan Rows": 15136882,
                    "Plan Width": 4,
                    "Actual Startup Time": 0.074,
                    "Actual Total Time": 13378.816,
                    "Actual Rows": 12933102,
                    "Actual Loops": 2,
                    "Filter": "(person_id < 2673074)",
                    "Rows Removed by Filter": 5189066
                  },
                  {
                    "Node Type": "Materialize",
                    "Parent Relationship": "Inner",
                    "Parallel Aware": false,
                    "Startup Cost": 14.34,
                    "Total Cost": 363370.43,
                    "Plan Rows": 4197581,
                    "Plan Width": 8,
                    "Actual Startup Time": 0.247,
                    "Actual Total Time": 6062.273,
                    "Actual Rows": 77224294,
                    "Actual Loops": 2,
                    "Plans": [
                      {
                        "Node Type": "Merge Join",
                        "Parent Relationship": "Outer",
                        "Parallel Aware": false,
                        "Join Type": "Inner",
                        "Startup Cost": 14.34,
                        "Total Cost": 352876.47,
                        "Plan Rows": 4197581,
                        "Plan Width": 8,
                        "Actual Startup Time": 0.237,
                        "Actual Total Time": 2986.843,
                        "Actual Rows": 4405740,
                        "Actual Loops": 2,
                        "Inner Unique": true,
                        "Merge Cond": "(mk.movie_id = t.id)",
                        "Plans": [
                          {
                            "Node Type": "Index Only Scan",
                            "Parent Relationship": "Outer",
                            "Parallel Aware": false,
                            "Scan Direction": "Forward",
                            "Index Name": "movie_id_movie_keyword",
                            "Relation Name": "movie_keyword",
                            "Alias": "mk",
                            "Startup Cost": 0.43,
                            "Total Cost": 177188.06,
                            "Plan Rows": 4523930,
                            "Plan Width": 4,
                            "Actual Startup Time": 0.128,
                            "Actual Total Time": 835.769,
                            "Actual Rows": 4523928,
                            "Actual Loops": 2,
                            "Heap Fetches": 9047855
                          },
                          {
                            "Node Type": "Index Scan",
                            "Parent Relationship": "Inner",
                            "Parallel Aware": false,
                            "Scan Direction": "Forward",
                            "Index Name": "title_pkey",
                            "Relation Name": "title",
                            "Alias": "t",
                            "Startup Cost": 0.43,
                            "Total Cost": 116660.7,
                            "Plan Rows": 2345906,
                            "Plan Width": 4,
                            "Actual Startup Time": 0.084,
                            "Actual Total Time": 1551.86,
                            "Actual Rows": 2342572,
                            "Actual Loops": 2,
                            "Filter": "(production_year > 1928)",
                            "Rows Removed by Filter": 183330
                          }
                        ]
                      }
                    ]
                  }
                ]
              }
            ]
          }
        ]
      }
    ]
  },
  "Planning Time": 1.033,
  "Triggers": [],
  "Execution Time": 30096.0
}