[
  {
    "Plan": {
      "Node Type": "Aggregate",
      "Strategy": "Plain",
      "Partial Mode": "Finalize",
      "Parallel Aware": false,
      "Startup Cost": 330484.29,
      "Total Cost": 330484.3,
      "Plan Rows": 1,
      "Plan Width": 8,
      "Actual Startup Time": 567.622,
      "Actual Total Time": 621.998,
      "Actual Rows": 1,
      "Actual Loops": 1,
      "Plans": [
        {
          "Node Type": "Gather",
          "Parent Relationship": "Outer",
          "Parallel Aware": false,
          "Startup Cost": 330483.67,
          "Total Cost": 330484.28,
          "Plan Rows": 6,
          "Plan Width": 8,
          "Actual Startup Time": 567.505,
          "Actual Total Time": 621.988,
          "Actual Rows": 7,
          "Actual Loops": 1,
          "Workers Planned": 6,
          "Workers Launched": 6,
          "Single Copy": false,
          "Plans": [
            {
              "Node Type": "Aggregate",
              "Strategy": "Plain",
              "Partial Mode": "Partial",
              "Parent Relationship": "Outer",
              "Parallel Aware": false,
              "Startup Cost": 329483.67,
              "Total Cost": 329483.68,
              "Plan Rows": 1,
              "Plan Width": 8,
              "Actual Startup Time": 556.982,
              "Actual Total Time": 556.983,
              "Actual Rows": 1,
              "Actual Loops": 7,
              "Plans": [
                {
                  "Node Type": "Seq Scan",
                  "Parent Relationship": "Outer",
                  "Parallel Aware": true,
                  "Relation Name": "cast_info",
                  "Alias": "ci",
                  "Startup Cost": 0.0,
                  "Total Cost": 328162.03,
                  "Plan Rows": 528657,
                  "Plan Width": 0,
                  "Actual Startup Time": 0.054,
                  "Actual Total Time": 532.385,
                  "Actual Rows": 464859,
                  "Actual Loops": 7,
                  "Filter": "(person_id < 314101)",
                  "Rows Removed by Filter": 4712905
                }
              ]
            }
          ]
        }
      ]
    },
    "Planning Time": 0.181,
    "Triggers": [],
    "Execution Time": 622.064
  }
]