[
  {
    "Plan": {
      "Node Type": "Aggregate",
      "Strategy": "Plain",
      "Partial Mode": "Finalize",
      "Parallel Aware": false,
      "Startup Cost": 322609.02,
      "Total Cost": 322609.03,
      "Plan Rows": 1,
      "Plan Width": 8,
      "Actual Startup Time": 1620.611,
      "Actual Total Time": 1730.451,
      "Actual Rows": 1,
      "Actual Loops": 1,
      "Plans": [
        {
          "Node Type": "Gather",
          "Parent Relationship": "Outer",
          "Parallel Aware": false,
          "Startup Cost": 322608.5,
          "Total Cost": 322609.01,
          "Plan Rows": 5,
          "Plan Width": 8,
          "Actual Startup Time": 1620.196,
          "Actual Total Time": 1730.429,
          "Actual Rows": 6,
          "Actual Loops": 1,
          "Workers Planned": 5,
          "Workers Launched": 5,
          "Single Copy": false,
          "Plans": [
            {
              "Node Type": "Aggregate",
              "Strategy": "Plain",
              "Partial Mode": "Partial",
              "Parent Relationship": "Outer",
              "Parallel Aware": false,
              "Startup Cost": 321608.5,
              "Total Cost": 321608.51,
              "Plan Rows": 1,
              "Plan Width": 8,
              "Actual Startup Time": 1608.852,
              "Actual Total Time": 1608.856,
              "Actual Rows": 1,
              "Actual Loops": 6,
              "Plans": [
                {
                  "Node Type": "Nested Loop",
                  "Parent Relationship": "Outer",
                  "Parallel Aware": false,
                  "Join Type": "Inner",
                  "Startup Cost": 38193.35,
                  "Total Cost": 320635.71,
                  "Plan Rows": 389113,
                  "Plan Width": 0,
                  "Actual Startup Time": 58.409,
                  "Actual Total Time": 1592.758,
                  "Actual Rows": 221521,
                  "Actual Loops": 6,
                  "Inner Unique": false,
                  "Join Filter": "(t.id = ci.movie_id)",
                  "Rows Removed by Join Filter": 0,
                  "Plans": [
                    {
                      "Node Type": "Hash Join",
                      "Parent Relationship": "Outer",
                      "Parallel Aware": true,
                      "Join Type": "Inner",
                      "Startup Cost": 38192.79,
                      "Total Cost": 237672.19,
                      "Plan Rows": 49000,
                      "Plan Width": 8,
                      "Actual Startup Time": 58.316,
                      "Actual Total Time": 704.006,
                      "Actual Rows": 47909,
                      "Actual Loops": 6,
                      "Inner Unique": true,
                      "Hash Cond": "(mi.movie_id = t.id)",
                      "Plans": [
                        {
                          "Node Type": "Seq Scan",
                          "Parent Relationship": "Outer",
                          "Parallel Aware": true,
                          "Relation Name": "movie_info",
                          "Alias": "mi",
                          "Startup Cost": 0.0,
                          "Total Cost": 191685.19,
                          "Plan Rows": 2969219,
                          "Plan Width": 4,
                          "Actual Startup Time": 0.025,
                          "Actual Total Time": 326.755,
                          "Actual Rows": 2472620,
                          "Actual Loops": 6
                        },
                        {
                          "Node Type": "Hash",
                          "Parent Relationship": "Inner",
                          "Parallel Aware": true,
                          "Startup Cost": 38062.39,
                          "Total Cost": 38062.39,
                          "Plan Rows": 10432,
                          "Plan Width": 4,
                          "Actual Startup Time": 57.32,
                          "Actual Total Time": 57.322,
                          "Actual Rows": 6257,
                          "Actual Loops": 6,
                          "Hash Buckets": 65536,
                          "Original Hash Buckets": 65536,
                          "Hash Batches": 1,
                          "Original Hash Batches": 1,
                          "Peak Memory Usage": 2112,
                          "Plans": [
                            {
                              "Node Type": "Bitmap Heap Scan",
                              "Parent Relationship": "Outer",
                              "Parallel Aware": true,
                              "Relation Name": "title",
                              "Alias": "t",
                              "Startup Cost": 1707.88,
                              "Total Cost": 38062.39,
                              "Plan Rows": 10432,
                              "Plan Width": 4,
                              "Actual Startup Time": 7.026,
                              "Actual Total Time": 53.871,
                              "Actual Rows": 6257,
                              "Actual Loops": 6,
                              "Recheck Cond": "(kind_id = 2)",
                              "Rows Removed by Index Recheck": 0,
                              "Filter": "(production_year > 2004)",
                              "Rows Removed by Filter": 8885,
                              "Exact Heap Blocks": 10117,
                              "Lossy Heap Blocks": 0,
                              "Plans": [
                                {
                                  "Node Type": "Bitmap Index Scan",
                                  "Parent Relationship": "Outer",
                                  "Parallel Aware": false,
                                  "Index Name": "kind_id_title",
                                  "Startup Cost": 0.0,
                                  "Total Cost": 1697.45,
                                  "Plan Rows": 95069,
                                  "Plan Width": 0,
                                  "Actual Startup Time": 11.252,
                                  "Actual Total Time": 11.252,
                                  "Actual Rows": 90852,
                                  "Actual Loops": 1,
                                  "Index Cond": "(kind_id = 2)"
                                }
                              ]
                            }
                          ]
                        }
                      ]
                    },
                    {
                      "Node Type": "Index Scan",
                      "Parent Relationship": "Inner",
                      "Parallel Aware": false,
                      "Scan Direction": "Forward",
                      "Index Name": "movie_id_cast_info",
                      "Relation Name": "cast_info",
                      "Alias": "ci",
                      "Startup Cost": 0.56,
                      "Total Cost": 1.46,
                      "Plan Rows": 19,
                      "Plan Width": 4,
                      "Actual Startup Time": 0.006,
                      "Actual Total Time": 0.018,
                      "Actual Rows": 5,
                      "Actual Loops": 287456,
                      "Index Cond": "(movie_id = mi.movie_id)",
                      "Rows Removed by Index Recheck": 0,
                      "Filter": "((person_id < 2796924) AND (role_id < 5))",
                      "Rows Removed by Filter": 4
                    }
                  ]
                }
              ]
            }
          ]
        }
      ]
    },
    "Planning Time": 0.619,
    "Triggers": [],
    "Execution Time": 1730.536
  }
]