[
  {
    "Plan": {
      "Node Type": "Aggregate",
      "Strategy": "Plain",
      "Partial Mode": "Finalize",
      "Parallel Aware": false,
      "Startup Cost": 363129.0,
      "Total Cost": 363129.01,
      "Plan Rows": 1,
      "Plan Width": 8,
      "Actual Startup Time": 569.24,
      "Actual Total Time": 587.436,
      "Actual Rows": 1,
      "Actual Loops": 1,
      "Plans": [
        {
          "Node Type": "Gather",
          "Parent Relationship": "Outer",
          "Parallel Aware": false,
          "Startup Cost": 363128.38,
          "Total Cost": 363128.99,
          "Plan Rows": 6,
          "Plan Width": 8,
          "Actual Startup Time": 557.965,
          "Actual Total Time": 587.414,
          "Actual Rows": 7,
          "Actual Loops": 1,
          "Workers Planned": 6,
          "Workers Launched": 6,
          "Single Copy": false,
          "Plans": [
            {
              "Node Type": "Aggregate",
              "Strategy": "Plain",
              "Partial Mode": "Partial",
              "Parent Relationship": "Outer",
              "Parallel Aware": false,
              "Startup Cost": 362128.38,
              "Total Cost": 362128.39,
              "Plan Rows": 1,
              "Plan Width": 8,
              "Actual Startup Time": 544.614,
              "Actual Total Time": 544.618,
              "Actual Rows": 1,
              "Actual Loops": 7,
              "Plans": [
                {
                  "Node Type": "Hash Join",
                  "Parent Relationship": "Outer",
                  "Parallel Aware": true,
                  "Join Type": "Inner",
                  "Startup Cost": 102663.01,
                  "Total Cost": 361448.94,
                  "Plan Rows": 271774,
                  "Plan Width": 0,
                  "Actual Startup Time": 310.509,
                  "Actual Total Time": 529.379,
                  "Actual Rows": 281260,
                  "Actual Loops": 7,
                  "Inner Unique": true,
                  "Hash Cond": "(ci.movie_id = t.id)",
                  "Plans": [
                    {
                      "Node Type": "Bitmap Heap Scan",
                      "Parent Relationship": "Outer",
                      "Parallel Aware": true,
                      "Relation Name": "cast_info",
                      "Alias": "ci",
                      "Startup Cost": 53439.02,
                      "Total Cost": 311166.46,
                      "Plan Rows": 403236,
                      "Plan Width": 4,
                      "Actual Startup Time": 111.734,
                      "Actual Total Time": 191.905,
                      "Actual Rows": 332638,
                      "Actual Loops": 7,
                      "Recheck Cond": "(person_id > 3607987)",
                      "Rows Removed by Index Recheck": 0,
                      "Exact Heap Blocks": 6007,
                      "Lossy Heap Blocks": 0,
                      "Plans": [
                        {
                          "Node Type": "Bitmap Index Scan",
                          "Parent Relationship": "Outer",
                          "Parallel Aware": false,
                          "Index Name": "person_id_cast_info",
                          "Startup Cost": 0.0,
                          "Total Cost": 52834.16,
                          "Plan Rows": 2419413,
                          "Plan Width": 0,
                          "Actual Startup Time": 106.16,
                          "Actual Total Time": 106.161,
                          "Actual Rows": 2328469,
                          "Actual Loops": 1,
                          "Index Cond": "(person_id > 3607987)"
                        }
                      ]
                    },
                    {
                      "Node Type": "Hash",
                      "Parent Relationship": "Inner",
                      "Parallel Aware": true,
                      "Startup Cost": 43898.92,
                      "Total Cost": 43898.92,
                      "Plan Rows": 426006,
                      "Plan Width": 4,
                      "Actual Startup Time": 194.263,
                      "Actual Total Time": 194.264,
                      "Actual Rows": 242902,
                      "Actual Loops": 7,
                      "Hash Buckets": 2097152,
                      "Original Hash Buckets": 2097152,
                      "Hash Batches": 1,
                      "Original Hash Batches": 1,
                      "Peak Memory Usage": 82976,
                      "Plans": [
                        {
                          "Node Type": "Seq Scan",
                          "Parent Relationship": "Outer",
                          "Parallel Aware": true,
                          "Relation Name": "title",
                          "Alias": "t",
                          "Startup Cost": 0.0,
                          "Total Cost": 43898.92,
                          "Plan Rows": 426006,
                          "Plan Width": 4,
                          "Actual Startup Time": 0.043,
                          "Actual Total Time": 84.989,
                          "Actual Rows": 242902,
                          "Actual Loops": 7,
                          "Filter": "(production_year > 1992)",
                          "Rows Removed by Filter": 118285
                        }
                      ]
                    }
                  ]
                }
              ]
            }
          ]
        }
      ]
    },
    "Planning Time": 0.606,
    "Triggers": [],
    "Execution Time": 587.542
  }
]