[
  {
    "Plan": {
      "Node Type": "Aggregate",
      "Strategy": "Plain",
      "Partial Mode": "Finalize",
      "Parallel Aware": false,
      "Startup Cost": 82753.03,
      "Total Cost": 82753.04,
      "Plan Rows": 1,
      "Plan Width": 8,
      "Actual Startup Time": 338.437,
      "Actual Total Time": 354.81,
      "Actual Rows": 1,
      "Actual Loops": 1,
      "Plans": [
        {
          "Node Type": "Gather",
          "Parent Relationship": "Outer",
          "Parallel Aware": false,
          "Startup Cost": 82752.61,
          "Total Cost": 82753.02,
          "Plan Rows": 4,
          "Plan Width": 8,
          "Actual Startup Time": 333.301,
          "Actual Total Time": 354.8,
          "Actual Rows": 5,
          "Actual Loops": 1,
          "Workers Planned": 4,
          "Workers Launched": 4,
          "Single Copy": false,
          "Plans": [
            {
              "Node Type": "Aggregate",
              "Strategy": "Plain",
              "Partial Mode": "Partial",
              "Parent Relationship": "Outer",
              "Parallel Aware": false,
              "Startup Cost": 81752.61,
              "Total Cost": 81752.62,
              "Plan Rows": 1,
              "Plan Width": 8,
              "Actual Startup Time": 323.552,
              "Actual Total Time": 323.555,
              "Actual Rows": 1,
              "Actual Loops": 5,
              "Plans": [
                {
                  "Node Type": "Hash Join",
                  "Parent Relationship": "Outer",
                  "Parallel Aware": true,
                  "Join Type": "Inner",
                  "Startup Cost": 35000.57,
                  "Total Cost": 81196.82,
                  "Plan Rows": 222316,
                  "Plan Width": 0,
                  "Actual Startup Time": 125.897,
                  "Actual Total Time": 318.025,
                  "Actual Rows": 113587,
                  "Actual Loops": 5,
                  "Inner Unique": false,
                  "Hash Cond": "(t.id = mc.movie_id)",
                  "Plans": [
                    {
                      "Node Type": "Seq Scan",
                      "Parent Relationship": "Outer",
                      "Parallel Aware": true,
                      "Relation Name": "title",
                      "Alias": "t",
                      "Startup Cost": 0.0,
                      "Total Cost": 42318.73,
                      "Plan Rows": 632073,
                      "Plan Width": 4,
                      "Actual Startup Time": 0.016,
                      "Actual Total Time": 66.53,
                      "Actual Rows": 505662,
                      "Actual Loops": 5
                    },
                    {
                      "Node Type": "Hash",
                      "Parent Relationship": "Inner",
                      "Parallel Aware": true,
                      "Startup Cost": 31414.82,
                      "Total Cost": 31414.82,
                      "Plan Rows": 286860,
                      "Plan Width": 4,
                      "Actual Startup Time": 121.222,
                      "Actual Total Time": 121.223,
                      "Actual Rows": 113587,
                      "Actual Loops": 5,
                      "Hash Buckets": 1048576,
                      "Original Hash Buckets": 1048576,
                      "Hash Batches": 1,
                      "Original Hash Batches": 1,
                      "Peak Memory Usage": 30560,
                      "Plans": [
                        {
                          "Node Type": "Seq Scan",
                          "Parent Relationship": "Outer",
                          "Parallel Aware": true,
                          "Relation Name": "movie_companies",
                          "Alias": "mc",
                          "Startup Cost": 0.0,
                          "Total Cost": 31414.82,
                          "Plan Rows": 286860,
                          "Plan Width": 4,
                          "Actual Startup Time": 45.825,
                          "Actual Total Time": 77.068,
                          "Actual Rows": 113587,
                          "Actual Loops": 5,
                          "Filter": "((company_id < 23512) AND (company_type_id > 1))",
                          "Rows Removed by Filter": 408239
                        }
                      ]
                    }
                  ]
                }
              ]
            }
          ]
        }
      ]
    },
    "Planning Time": 0.628,
    "Triggers": [],
    "Execution Time": 354.879
  }
]