[
  {
    "Plan": {
      "Node Type": "Aggregate",
      "Strategy": "Plain",
      "Partial Mode": "Finalize",
      "Parallel Aware": false,
      "Startup Cost": 339668.91,
      "Total Cost": 339668.92,
      "Plan Rows": 1,
      "Plan Width": 8,
      "Actual Startup Time": 776.009,
      "Actual Total Time": 818.333,
      "Actual Rows": 1,
      "Actual Loops": 1,
      "Plans": [
        {
          "Node Type": "Gather",
          "Parent Relationship": "Outer",
          "Parallel Aware": false,
          "Startup Cost": 339668.29,
          "Total Cost": 339668.9,
          "Plan Rows": 6,
          "Plan Width": 8,
          "Actual Startup Time": 775.788,
          "Actual Total Time": 818.319,
          "Actual Rows": 7,
          "Actual Loops": 1,
          "Workers Planned": 6,
          "Workers Launched": 6,
          "Single Copy": false,
          "Plans": [
            {
              "Node Type": "Aggregate",
              "Strategy": "Plain",
              "Partial Mode": "Partial",
              "Parent Relationship": "Outer",
              "Parallel Aware": false,
              "Startup Cost": 338668.29,
              "Total Cost": 338668.3,
              "Plan Rows": 1,
              "Plan Width": 8,
              "Actual Startup Time": 768.363,
              "Actual Total Time": 768.364,
              "Actual Rows": 1,
              "Actual Loops": 7,
              "Plans": [
                {
                  "Node Type": "Seq Scan",
                  "Parent Relationship": "Outer",
                  "Parallel Aware": true,
                  "Relation Name": "cast_info",
                  "Alias": "ci",
                  "Startup Cost": 0.0,
                  "Total Cost": 328211.39,
                  "Plan Rows": 4182758,
                  "Plan Width": 0,
                  "Actual Startup Time": 128.184,
                  "Actual Total Time": 606.895,
                  "Actual Rows": 3570784,
                  "Actual Loops": 7,
                  "Filter": "(person_id > 1104060)",
                  "Rows Removed by Filter": 1606980
                }
              ]
            }
          ]
        }
      ]
    },
    "Planning Time": 0.136,
    "Triggers": [],
    "Execution Time": 818.384
  }
]