{
  "Plan": {
    "Node Type": "Aggregate",
    "Strategy": "Plain",
    "Partial Mode": "Finalize",
    "Parallel Aware": false,
    "Startup Cost": 143715.35,
    "Total Cost": 143715.36,
    "Plan Rows": 1,
    "Plan Width": 8,
    "Actual Startup Time": 915.254,
    "Actual Total Time": 928.596,
    "Actual Rows": 1,
    "Actual Loops": 1,
    "Plans": [
      {
        "Node Type": "Gather",
        "Parent Relationship": "Outer",
        "Parallel Aware": false,
        "Startup Cost": 143715.23,
        "Total Cost": 143715.34,
        "Plan Rows": 1,
        "Plan Width": 8,
        "Actual Startup Time": 911.848,
        "Actual Total Time": 928.589,
        "Actual Rows": 2,
        "Actual Loops": 1,
        "Workers Planned": 1,
        "Workers Launched": 1,
        "Single Copy": false,
        "Plans": [
          {
            "Node Type": "Aggregate",
            "Strategy": "Plain",
            "Partial Mode": "Partial",
            "Parent Relationship": "Outer",
            "Parallel Aware": false,
            "Startup Cost": 142715.23,
            "Total Cost": 142715.24,
            "Plan Rows": 1,
            "Plan Width": 8,
            "Actual Startup Time": 904.855,
            "Actual Total Time": 904.861,
            "Actual Rows": 1,
            "Actual Loops": 2,
            "Plans": [
              {
                "Node Type": "Hash Join",
                "Parent Relationship": "Outer",
                "Parallel Aware": true,
                "Join Type": "Inner",
                "Startup Cost": 77710.37,
                "Total Cost": 142290.14,
                "Plan Rows": 170036,
                "Plan Width": 0,
                "Actual Startup Time": 443.869,
                "Actual Total Time": 826.094,
                "Actual Rows": 2063614,
                "Actual Loops": 2,
                "Inner Unique": false,
                "Hash Cond": "(mk.movie_id = t.id)",
                "Plans": [
                  {
                    "Node Type": "Seq Scan",
                    "Parent Relationship": "Outer",
                    "Parallel Aware": true,
                    "Relation Name": "movie_keyword",
                    "Alias": "mk",
                    "Startup Cost": 0.0,
                    "Total Cost": 57718.19,
                    "Plan Rows": 1563030,
                    "Plan Width": 4,
                    "Actual Startup Time": 0.3,
                    "Actual Total Time": 185.328,
                    "Actual Rows": 1325188,
                    "Actual Loops": 2,
                    "Filter": "(keyword_id > 3173)",
                    "Rows Removed by Filter": 936778
                  },
                  {
                    "Node Type": "Hash",
                    "Parent Relationship": "Inner",
                    "Parallel Aware": true,
                    "Startup Cost": 75687.98,
                    "Total Cost": 75687.98,
                    "Plan Rows": 161791,
                    "Plan Width": 8,
                    "Actual Startup Time": 385.971,
                    "Actual Total Time": 385.976,
                    "Actual Rows": 275388,
                    "Actual Loops": 2,
                    "Hash Buckets": 1048576,
                    "Original Hash Buckets": 524288,
                    "Hash Batches": 1,
                    "Original Hash Batches": 1,
                    "Peak Memory Usage": 33856,
                    "Plans": [
                      {
                        "Node Type": "Hash Join",
                        "Parent Relationship": "Outer",
                        "Parallel Aware": true,
                        "Join Type": "Inner",
                        "Startup Cost": 57504.2,
                        "Total Cost": 75687.98,
                        "Plan Rows": 161791,
                        "Plan Width": 8,
                        "Actual Startup Time": 217.624,
                        "Actual Total Time": 323.858,
                        "Actual Rows": 275388,
                        "Actual Loops": 2,
                        "Inner Unique": true,
                        "Hash Cond": "(mi_idx.movie_id = t.id)",
                        "Plans": [
                          {
                            "Node Type": "Seq Scan",
                            "Parent Relationship": "Outer",
                            "Parallel Aware": true,
                            "Relation Name": "movie_info_idx",
                            "Alias": "mi_idx",
                            "Startup Cost": 0.0,
                            "Total Cost": 16052.85,
                            "Plan Rows": 811785,
                            "Plan Width": 4,
                            "Actual Startup Time": 0.019,
                            "Actual Total Time": 48.115,
                            "Actual Rows": 690018,
                            "Actual Loops": 2
                          },
                          {
                            "Node Type": "Hash",
                            "Parent Relationship": "Inner",
                            "Parallel Aware": true,
                            "Startup Cost": 53799.08,
                            "Total Cost": 53799.08,
                            "Plan Rows": 296409,
                            "Plan Width": 4,
                            "Actual Startup Time": 163.825,
                            "Actual Total Time": 163.826,
                            "Actual Rows": 262064,
                            "Actual Loops": 2,
                            "Hash Buckets": 524288,
                            "Original Hash Buckets": 524288,
                            "Hash Batches": 1,
                            "Original Hash Batches": 1,
                            "Peak Memory Usage": 24640,
                            "Plans": [
                              {
                                "Node Type": "Bitmap Heap Scan",
                                "Parent Relationship": "Outer",
                                "Parallel Aware": true,
                                "Relation Name": "title",
                                "Alias": "t",
                                "Startup Cost": 11948.82,
                                "Total Cost": 53799.08,
                                "Plan Rows": 296409,
                                "Plan Width": 4,
                                "Actual Startup Time": 31.857,
                                "Actual Total Time": 103.946,
                                "Actual Rows": 262064,
                                "Actual Loops": 2,
                                "Recheck Cond": "(kind_id = 1)",
                                "Rows Removed by Index Recheck": 0,
                                "Filter": "(production_year < 2010)",
                                "Rows Removed by Filter": 69348,
                                "Exact Heap Blocks": 8307,
                                "Lossy Heap Blocks": 0,
                                "Plans": [
                                  {
                                    "Node Type": "Bitmap Index Scan",
                                    "Parent Relationship": "Outer",
                                    "Parallel Aware": false,
                                    "Index Name": "kind_id_title",
                                    "Startup Cost": 0.0,
                                    "Total Cost": 11822.85,
                                    "Plan Rows": 663256,
                                    "Plan Width": 0,
                                    "Actual Startup Time": 29.905,
                                    "Actual Total Time": 29.905,
                                    "Actual Rows": 662825,
                                    "Actual Loops": 1,
                                    "Index Cond": "(kind_id = 1)"
                                  }
                                ]
                              }
                            ]
                          }
                        ]
                      }
                    ]
                  }
                ]
              }
            ]
          }
        ]
      }
    ]
  },
  "Planning Time": 1.033,
  "Triggers": [],
  "Execution Time": 928.696
}