[
  {
    "Plan": {
      "Node Type": "Aggregate",
      "Strategy": "Plain",
      "Partial Mode": "Finalize",
      "Parallel Aware": false,
      "Startup Cost": 132137.71,
      "Total Cost": 132137.72,
      "Plan Rows": 1,
      "Plan Width": 8,
      "Actual Startup Time": 1028.958,
      "Actual Total Time": 1051.106,
      "Actual Rows": 1,
      "Actual Loops": 1,
      "Plans": [
        {
          "Node Type": "Gather",
          "Parent Relationship": "Outer",
          "Parallel Aware": false,
          "Startup Cost": 132137.4,
          "Total Cost": 132137.71,
          "Plan Rows": 3,
          "Plan Width": 8,
          "Actual Startup Time": 1020.969,
          "Actual Total Time": 1051.095,
          "Actual Rows": 4,
          "Actual Loops": 1,
          "Workers Planned": 3,
          "Workers Launched": 3,
          "Single Copy": false,
          "Plans": [
            {
              "Node Type": "Aggregate",
              "Strategy": "Plain",
              "Partial Mode": "Partial",
              "Parent Relationship": "Outer",
              "Parallel Aware": false,
              "Startup Cost": 131137.4,
              "Total Cost": 131137.41,
              "Plan Rows": 1,
              "Plan Width": 8,
              "Actual Startup Time": 1012.07,
              "Actual Total Time": 1012.703,
              "Actual Rows": 1,
              "Actual Loops": 4,
              "Plans": [
                {
                  "Node Type": "Hash Join",
                  "Parent Relationship": "Outer",
                  "Parallel Aware": true,
                  "Join Type": "Inner",
                  "Startup Cost": 84475.91,
                  "Total Cost": 130066.56,
                  "Plan Rows": 428335,
                  "Plan Width": 0,
                  "Actual Startup Time": 592.544,
                  "Actual Total Time": 942.131,
                  "Actual Rows": 1682243,
                  "Actual Loops": 4,
                  "Inner Unique": false,
                  "Hash Cond": "(mk.movie_id = t.id)",
                  "Plans": [
                    {
                      "Node Type": "Seq Scan",
                      "Parent Relationship": "Outer",
                      "Parallel Aware": true,
                      "Relation Name": "movie_keyword",
                      "Alias": "mk",
                      "Startup Cost": 0.0,
                      "Total Cost": 39047.32,
                      "Plan Rows": 1459332,
                      "Plan Width": 4,
                      "Actual Startup Time": 0.028,
                      "Actual Total Time": 93.84,
                      "Actual Rows": 1130982,
                      "Actual Loops": 4
                    },
                    {
                      "Node Type": "Hash",
                      "Parent Relationship": "Inner",
                      "Parallel Aware": true,
                      "Startup Cost": 82156.89,
                      "Total Cost": 82156.89,
                      "Plan Rows": 185522,
                      "Plan Width": 8,
                      "Actual Startup Time": 585.614,
                      "Actual Total Time": 586.245,
                      "Actual Rows": 232578,
                      "Actual Loops": 4,
                      "Hash Buckets": 1048576,
                      "Original Hash Buckets": 1048576,
                      "Hash Batches": 1,
                      "Original Hash Batches": 1,
                      "Peak Memory Usage": 44640,
                      "Plans": [
                        {
                          "Node Type": "Hash Join",
                          "Parent Relationship": "Outer",
                          "Parallel Aware": true,
                          "Join Type": "Inner",
                          "Startup Cost": 35077.78,
                          "Total Cost": 82156.89,
                          "Plan Rows": 185522,
                          "Plan Width": 8,
                          "Actual Startup Time": 214.444,
                          "Actual Total Time": 506.443,
                          "Actual Rows": 232578,
                          "Actual Loops": 4,
                          "Inner Unique": false,
                          "Hash Cond": "(t.id = mc.movie_id)",
                          "Plans": [
                            {
                              "Node Type": "Seq Scan",
                              "Parent Relationship": "Outer",
                              "Parallel Aware": true,
                              "Relation Name": "title",
                              "Alias": "t",
                              "Startup Cost": 0.0,
                              "Total Cost": 43898.92,
                              "Plan Rows": 516346,
                              "Plan Width": 4,
                              "Actual Startup Time": 0.013,
                              "Actual Total Time": 104.652,
                              "Actual Rows": 516138,
                              "Actual Loops": 4,
                              "Filter": "(production_year < 2011)",
                              "Rows Removed by Filter": 115940
                            },
                            {
                              "Node Type": "Hash",
                              "Parent Relationship": "Inner",
                              "Parallel Aware": true,
                              "Startup Cost": 31414.82,
                              "Total Cost": 31414.82,
                              "Plan Rows": 293037,
                              "Plan Width": 4,
                              "Actual Startup Time": 211.7,
                              "Actual Total Time": 211.701,
                              "Actual Rows": 274506,
                              "Actual Loops": 4,
                              "Hash Buckets": 2097152,
                              "Original Hash Buckets": 1048576,
                              "Hash Batches": 1,
                              "Original Hash Batches": 1,
                              "Peak Memory Usage": 67584,
                              "Plans": [
                                {
                                  "Node Type": "Seq Scan",
                                  "Parent Relationship": "Outer",
                                  "Parallel Aware": true,
                                  "Relation Name": "movie_companies",
                                  "Alias": "mc",
                                  "Startup Cost": 0.0,
                                  "Total Cost": 31414.82,
                                  "Plan Rows": 293037,
                                  "Plan Width": 4,
                                  "Actual Startup Time": 48.753,
                                  "Actual Total Time": 93.796,
                                  "Actual Rows": 274506,
                                  "Actual Loops": 4,
                                  "Filter": "((company_id > 1886) AND (company_type_id = 2))",
                                  "Rows Removed by Filter": 377776
                                }
                              ]
                            }
                          ]
                        }
                      ]
                    }
                  ]
                }
              ]
            }
          ]
        }
      ]
    },
    "Planning Time": 1.549,
    "Triggers": [],
    "Execution Time": 1051.197
  }
]