[
  {
    "Plan": {
      "Node Type": "Aggregate",
      "Strategy": "Plain",
      "Partial Mode": "Finalize",
      "Parallel Aware": false,
      "Startup Cost": 560593.78,
      "Total Cost": 560593.79,
      "Plan Rows": 1,
      "Plan Width": 8,
      "Actual Startup Time": 7134.097,
      "Actual Total Time": 7200.579,
      "Actual Rows": 1,
      "Actual Loops": 1,
      "Plans": [
        {
          "Node Type": "Gather",
          "Parent Relationship": "Outer",
          "Parallel Aware": false,
          "Startup Cost": 560593.26,
          "Total Cost": 560593.77,
          "Plan Rows": 5,
          "Plan Width": 8,
          "Actual Startup Time": 7069.233,
          "Actual Total Time": 7200.561,
          "Actual Rows": 6,
          "Actual Loops": 1,
          "Workers Planned": 5,
          "Workers Launched": 5,
          "Single Copy": false,
          "Plans": [
            {
              "Node Type": "Aggregate",
              "Strategy": "Plain",
              "Partial Mode": "Partial",
              "Parent Relationship": "Outer",
              "Parallel Aware": false,
              "Startup Cost": 559593.26,
              "Total Cost": 559593.27,
              "Plan Rows": 1,
              "Plan Width": 8,
              "Actual Startup Time": 7026.957,
              "Actual Total Time": 7026.964,
              "Actual Rows": 1,
              "Actual Loops": 6,
              "Plans": [
                {
                  "Node Type": "Hash Join",
                  "Parent Relationship": "Outer",
                  "Parallel Aware": true,
                  "Join Type": "Inner",
                  "Startup Cost": 319630.87,
                  "Total Cost": 537307.69,
                  "Plan Rows": 8914227,
                  "Plan Width": 0,
                  "Actual Startup Time": 2080.336,
                  "Actual Total Time": 5962.541,
                  "Actual Rows": 24593030,
                  "Actual Loops": 6,
                  "Inner Unique": false,
                  "Hash Cond": "(mi.movie_id = t.id)",
                  "Plans": [
                    {
                      "Node Type": "Seq Scan",
                      "Parent Relationship": "Outer",
                      "Parallel Aware": true,
                      "Relation Name": "movie_info",
                      "Alias": "mi",
                      "Startup Cost": 0.0,
                      "Total Cost": 191685.19,
                      "Plan Rows": 2969219,
                      "Plan Width": 4,
                      "Actual Startup Time": 0.056,
                      "Actual Total Time": 312.934,
                      "Actual Rows": 2472620,
                      "Actual Loops": 6
                    },
                    {
                      "Node Type": "Hash",
                      "Parent Relationship": "Inner",
                      "Parallel Aware": true,
                      "Startup Cost": 303816.57,
                      "Total Cost": 303816.57,
                      "Plan Rows": 1265144,
                      "Plan Width": 8,
                      "Actual Startup Time": 2064.765,
                      "Actual Total Time": 2064.771,
                      "Actual Rows": 1386800,
                      "Actual Loops": 6,
                      "Hash Buckets": 8388608,
                      "Original Hash Buckets": 8388608,
                      "Hash Batches": 1,
                      "Original Hash Batches": 1,
                      "Peak Memory Usage": 391168,
                      "Plans": [
                        {
                          "Node Type": "Hash Join",
                          "Parent Relationship": "Outer",
                          "Parallel Aware": true,
                          "Join Type": "Inner",
                          "Startup Cost": 50258.39,
                          "Total Cost": 303816.57,
                          "Plan Rows": 1265144,
                          "Plan Width": 8,
                          "Actual Startup Time": 269.228,
                          "Actual Total Time": 1376.217,
                          "Actual Rows": 1386800,
                          "Actual Loops": 6,
                          "Inner Unique": true,
                          "Hash Cond": "(ci.movie_id = t.id)",
                          "Plans": [
                            {
                              "Node Type": "Index Scan",
                              "Parent Relationship": "Outer",
                              "Parallel Aware": true,
                              "Scan Direction": "Forward",
                              "Index Name": "role_id_cast_info",
                              "Relation Name": "cast_info",
                              "Alias": "ci",
                              "Startup Cost": 0.56,
                              "Total Cost": 249431.94,
                              "Plan Rows": 1572116,
                              "Plan Width": 4,
                              "Actual Startup Time": 0.286,
                              "Actual Total Time": 329.627,
                              "Actual Rows": 1564117,
                              "Actual Loops": 6,
                              "Index Cond": "(role_id > 4)",
                              "Rows Removed by Index Recheck": 0
                            },
                            {
                              "Node Type": "Hash",
                              "Parent Relationship": "Inner",
                              "Parallel Aware": true,
                              "Startup Cost": 43899.32,
                              "Total Cost": 43899.32,
                              "Plan Rows": 508680,
                              "Plan Width": 4,
                              "Actual Startup Time": 265.79,
                              "Actual Total Time": 265.791,
                              "Actual Rows": 336450,
                              "Actual Loops": 6,
                              "Hash Buckets": 2097152,
                              "Original Hash Buckets": 2097152,
                              "Hash Batches": 1,
                              "Original Hash Batches": 1,
                              "Peak Memory Usage": 95456,
                              "Plans": [
                                {
                                  "Node Type": "Seq Scan",
                                  "Parent Relationship": "Outer",
                                  "Parallel Aware": true,
                                  "Relation Name": "title",
                                  "Alias": "t",
                                  "Startup Cost": 0.0,
                                  "Total Cost": 43899.32,
                                  "Plan Rows": 508680,
                                  "Plan Width": 4,
                                  "Actual Startup Time": 0.088,
                                  "Actual Total Time": 101.401,
                                  "Actual Rows": 336450,
                                  "Actual Loops": 6,
                                  "Filter": "(production_year > 1974)",
                                  "Rows Removed by Filter": 84935
                                }
                              ]
                            }
                          ]
                        }
                      ]
                    }
                  ]
                }
              ]
            }
          ]
        }
      ]
    },
    "Planning Time": 0.618,
    "Triggers": [],
    "Execution Time": 7200.651
  }
]