[
  {
    "Plan": {
      "Node Type": "Aggregate",
      "Strategy": "Plain",
      "Partial Mode": "Finalize",
      "Parallel Aware": false,
      "Startup Cost": 31789.83,
      "Total Cost": 31789.84,
      "Plan Rows": 1,
      "Plan Width": 8,
      "Actual Startup Time": 128.234,
      "Actual Total Time": 134.567,
      "Actual Rows": 1,
      "Actual Loops": 1,
      "Plans": [
        {
          "Node Type": "Gather",
          "Parent Relationship": "Outer",
          "Parallel Aware": false,
          "Startup Cost": 31789.52,
          "Total Cost": 31789.83,
          "Plan Rows": 3,
          "Plan Width": 8,
          "Actual Startup Time": 128.113,
          "Actual Total Time": 134.559,
          "Actual Rows": 4,
          "Actual Loops": 1,
          "Workers Planned": 3,
          "Workers Launched": 3,
          "Single Copy": false,
          "Plans": [
            {
              "Node Type": "Aggregate",
              "Strategy": "Plain",
              "Partial Mode": "Partial",
              "Parent Relationship": "Outer",
              "Parallel Aware": false,
              "Startup Cost": 30789.52,
              "Total Cost": 30789.53,
              "Plan Rows": 1,
              "Plan Width": 8,
              "Actual Startup Time": 119.98,
              "Actual Total Time": 119.981,
              "Actual Rows": 1,
              "Actual Loops": 4,
              "Plans": [
                {
                  "Node Type": "Seq Scan",
                  "Parent Relationship": "Outer",
                  "Parallel Aware": true,
                  "Relation Name": "movie_companies",
                  "Alias": "mc",
                  "Startup Cost": 0.0,
                  "Total Cost": 29310.68,
                  "Plan Rows": 591534,
                  "Plan Width": 0,
                  "Actual Startup Time": 0.044,
                  "Actual Total Time": 92.286,
                  "Actual Rows": 454524,
                  "Actual Loops": 4,
                  "Filter": "(company_id < 31621)",
                  "Rows Removed by Filter": 197758
                }
              ]
            }
          ]
        }
      ]
    },
    "Planning Time": 0.163,
    "Triggers": [],
    "Execution Time": 134.612
  }
]