[
  {
    "Plan": {
      "Node Type": "Aggregate",
      "Strategy": "Plain",
      "Partial Mode": "Finalize",
      "Parallel Aware": false,
      "Startup Cost": 46351.61,
      "Total Cost": 46351.62,
      "Plan Rows": 1,
      "Plan Width": 8,
      "Actual Startup Time": 153.569,
      "Actual Total Time": 163.665,
      "Actual Rows": 1,
      "Actual Loops": 1,
      "Plans": [
        {
          "Node Type": "Gather",
          "Parent Relationship": "Outer",
          "Parallel Aware": false,
          "Startup Cost": 46351.29,
          "Total Cost": 46351.6,
          "Plan Rows": 3,
          "Plan Width": 8,
          "Actual Startup Time": 153.429,
          "Actual Total Time": 163.658,
          "Actual Rows": 4,
          "Actual Loops": 1,
          "Workers Planned": 3,
          "Workers Launched": 3,
          "Single Copy": false,
          "Plans": [
            {
              "Node Type": "Aggregate",
              "Strategy": "Plain",
              "Partial Mode": "Partial",
              "Parent Relationship": "Outer",
              "Parallel Aware": false,
              "Startup Cost": 45351.29,
              "Total Cost": 45351.3,
              "Plan Rows": 1,
              "Plan Width": 8,
              "Actual Startup Time": 149.548,
              "Actual Total Time": 149.549,
              "Actual Rows": 1,
              "Actual Loops": 4,
              "Plans": [
                {
                  "Node Type": "Seq Scan",
                  "Parent Relationship": "Outer",
                  "Parallel Aware": true,
                  "Relation Name": "movie_keyword",
                  "Alias": "mk",
                  "Startup Cost": 0.0,
                  "Total Cost": 42695.65,
                  "Plan Rows": 1062256,
                  "Plan Width": 0,
                  "Actual Startup Time": 0.031,
                  "Actual Total Time": 113.921,
                  "Actual Rows": 822573,
                  "Actual Loops": 4,
                  "Filter": "(keyword_id < 14687)",
                  "Rows Removed by Filter": 308410
                }
              ]
            }
          ]
        }
      ]
    },
    "Planning Time": 0.182,
    "Triggers": [],
    "Execution Time": 163.719
  }
]