[
  {
    "Plan": {
      "Node Type": "Aggregate",
      "Strategy": "Plain",
      "Partial Mode": "Finalize",
      "Parallel Aware": false,
      "Startup Cost": 121049.09,
      "Total Cost": 121049.1,
      "Plan Rows": 1,
      "Plan Width": 8,
      "Actual Startup Time": 147.771,
      "Actual Total Time": 158.884,
      "Actual Rows": 1,
      "Actual Loops": 1,
      "Plans": [
        {
          "Node Type": "Gather",
          "Parent Relationship": "Outer",
          "Parallel Aware": false,
          "Startup Cost": 121048.57,
          "Total Cost": 121049.08,
          "Plan Rows": 5,
          "Plan Width": 8,
          "Actual Startup Time": 147.68,
          "Actual Total Time": 158.874,
          "Actual Rows": 6,
          "Actual Loops": 1,
          "Workers Planned": 5,
          "Workers Launched": 5,
          "Single Copy": false,
          "Plans": [
            {
              "Node Type": "Aggregate",
              "Strategy": "Plain",
              "Partial Mode": "Partial",
              "Parent Relationship": "Outer",
              "Parallel Aware": false,
              "Startup Cost": 120048.57,
              "Total Cost": 120048.58,
              "Plan Rows": 1,
              "Plan Width": 8,
              "Actual Startup Time": 137.556,
              "Actual Total Time": 137.557,
              "Actual Rows": 1,
              "Actual Loops": 6,
              "Plans": [
                {
                  "Node Type": "Index Scan",
                  "Parent Relationship": "Outer",
                  "Parallel Aware": true,
                  "Scan Direction": "Forward",
                  "Index Name": "role_id_cast_info",
                  "Relation Name": "cast_info",
                  "Alias": "ci",
                  "Startup Cost": 0.56,
                  "Total Cost": 119623.46,
                  "Plan Rows": 170045,
                  "Plan Width": 0,
                  "Actual Startup Time": 0.361,
                  "Actual Total Time": 134.839,
                  "Actual Rows": 47229,
                  "Actual Loops": 6,
                  "Index Cond": "(role_id = 10)",
                  "Rows Removed by Index Recheck": 0,
                  "Filter": "(person_id < 696147)",
                  "Rows Removed by Filter": 673274
                }
              ]
            }
          ]
        }
      ]
    },
    "Planning Time": 0.216,
    "Triggers": [],
    "Execution Time": 158.945
  }
]