[
  {
    "Plan": {
      "Node Type": "Aggregate",
      "Strategy": "Plain",
      "Partial Mode": "Finalize",
      "Parallel Aware": false,
      "Startup Cost": 32802.55,
      "Total Cost": 32802.56,
      "Plan Rows": 1,
      "Plan Width": 8,
      "Actual Startup Time": 90.645,
      "Actual Total Time": 95.785,
      "Actual Rows": 1,
      "Actual Loops": 1,
      "Plans": [
        {
          "Node Type": "Gather",
          "Parent Relationship": "Outer",
          "Parallel Aware": false,
          "Startup Cost": 32802.23,
          "Total Cost": 32802.54,
          "Plan Rows": 3,
          "Plan Width": 8,
          "Actual Startup Time": 90.368,
          "Actual Total Time": 95.777,
          "Actual Rows": 4,
          "Actual Loops": 1,
          "Workers Planned": 3,
          "Workers Launched": 3,
          "Single Copy": false,
          "Plans": [
            {
              "Node Type": "Aggregate",
              "Strategy": "Plain",
              "Partial Mode": "Partial",
              "Parent Relationship": "Outer",
              "Parallel Aware": false,
              "Startup Cost": 31802.23,
              "Total Cost": 31802.24,
              "Plan Rows": 1,
              "Plan Width": 8,
              "Actual Startup Time": 82.139,
              "Actual Total Time": 82.14,
              "Actual Rows": 1,
              "Actual Loops": 4,
              "Plans": [
                {
                  "Node Type": "Seq Scan",
                  "Parent Relationship": "Outer",
                  "Parallel Aware": true,
                  "Relation Name": "movie_companies",
                  "Alias": "mc",
                  "Startup Cost": 0.0,
                  "Total Cost": 31414.82,
                  "Plan Rows": 154966,
                  "Plan Width": 0,
                  "Actual Startup Time": 24.924,
                  "Actual Total Time": 79.653,
                  "Actual Rows": 43748,
                  "Actual Loops": 4,
                  "Filter": "((company_id > 17087) AND (company_type_id = 1))",
                  "Rows Removed by Filter": 608534
                }
              ]
            }
          ]
        }
      ]
    },
    "Planning Time": 0.196,
    "Triggers": [],
    "Execution Time": 95.837
  }
]