[
  {
    "Plan": {
      "Node Type": "Aggregate",
      "Strategy": "Plain",
      "Partial Mode": "Finalize",
      "Parallel Aware": false,
      "Startup Cost": 356693.02,
      "Total Cost": 356693.03,
      "Plan Rows": 1,
      "Plan Width": 8,
      "Actual Startup Time": 480.59,
      "Actual Total Time": 548.495,
      "Actual Rows": 1,
      "Actual Loops": 1,
      "Plans": [
        {
          "Node Type": "Gather",
          "Parent Relationship": "Outer",
          "Parallel Aware": false,
          "Startup Cost": 356692.6,
          "Total Cost": 356693.01,
          "Plan Rows": 4,
          "Plan Width": 8,
          "Actual Startup Time": 480.283,
          "Actual Total Time": 548.482,
          "Actual Rows": 5,
          "Actual Loops": 1,
          "Workers Planned": 4,
          "Workers Launched": 4,
          "Single Copy": false,
          "Plans": [
            {
              "Node Type": "Aggregate",
              "Strategy": "Plain",
              "Partial Mode": "Partial",
              "Parent Relationship": "Outer",
              "Parallel Aware": false,
              "Startup Cost": 355692.6,
              "Total Cost": 355692.61,
              "Plan Rows": 1,
              "Plan Width": 8,
              "Actual Startup Time": 473.698,
              "Actual Total Time": 473.699,
              "Actual Rows": 1,
              "Actual Loops": 5,
              "Plans": [
                {
                  "Node Type": "Nested Loop",
                  "Parent Relationship": "Outer",
                  "Parallel Aware": false,
                  "Join Type": "Inner",
                  "Startup Cost": 0.56,
                  "Total Cost": 355566.51,
                  "Plan Rows": 50434,
                  "Plan Width": 0,
                  "Actual Startup Time": 0.64,
                  "Actual Total Time": 467.823,
                  "Actual Rows": 63216,
                  "Actual Loops": 5,
                  "Inner Unique": false,
                  "Plans": [
                    {
                      "Node Type": "Seq Scan",
                      "Parent Relationship": "Outer",
                      "Parallel Aware": true,
                      "Relation Name": "title",
                      "Alias": "t",
                      "Startup Cost": 0.0,
                      "Total Cost": 45479.59,
                      "Plan Rows": 11870,
                      "Plan Width": 4,
                      "Actual Startup Time": 0.188,
                      "Actual Total Time": 80.144,
                      "Actual Rows": 8553,
                      "Actual Loops": 5,
                      "Filter": "((kind_id < 3) AND (production_year = 2011))",
                      "Rows Removed by Filter": 497110
                    },
                    {
                      "Node Type": "Index Scan",
                      "Parent Relationship": "Inner",
                      "Parallel Aware": false,
                      "Scan Direction": "Forward",
                      "Index Name": "movie_id_cast_info",
                      "Relation Name": "cast_info",
                      "Alias": "ci",
                      "Startup Cost": 0.56,
                      "Total Cost": 26.02,
                      "Plan Rows": 10,
                      "Plan Width": 4,
                      "Actual Startup Time": 0.023,
                      "Actual Total Time": 0.044,
                      "Actual Rows": 7,
                      "Actual Loops": 42764,
                      "Index Cond": "(movie_id = t.id)",
                      "Rows Removed by Index Recheck": 0,
                      "Filter": "((person_id > 2003602) AND (role_id > 1))",
                      "Rows Removed by Filter": 8
                    }
                  ]
                }
              ]
            }
          ]
        }
      ]
    },
    "Planning Time": 0.445,
    "Triggers": [],
    "Execution Time": 548.556
  }
]