[
  {
    "Plan": {
      "Node Type": "Aggregate",
      "Strategy": "Plain",
      "Partial Mode": "Finalize",
      "Parallel Aware": false,
      "Startup Cost": 155549.51,
      "Total Cost": 155549.52,
      "Plan Rows": 1,
      "Plan Width": 8,
      "Actual Startup Time": 1921.887,
      "Actual Total Time": 2010.701,
      "Actual Rows": 1,
      "Actual Loops": 1,
      "Plans": [
        {
          "Node Type": "Gather",
          "Parent Relationship": "Outer",
          "Parallel Aware": false,
          "Startup Cost": 155549.19,
          "Total Cost": 155549.5,
          "Plan Rows": 3,
          "Plan Width": 8,
          "Actual Startup Time": 1919.235,
          "Actual Total Time": 2010.688,
          "Actual Rows": 4,
          "Actual Loops": 1,
          "Workers Planned": 3,
          "Workers Launched": 3,
          "Single Copy": false,
          "Plans": [
            {
              "Node Type": "Aggregate",
              "Strategy": "Plain",
              "Partial Mode": "Partial",
              "Parent Relationship": "Outer",
              "Parallel Aware": false,
              "Startup Cost": 154549.19,
              "Total Cost": 154549.2,
              "Plan Rows": 1,
              "Plan Width": 8,
              "Actual Startup Time": 1915.743,
              "Actual Total Time": 1915.845,
              "Actual Rows": 1,
              "Actual Loops": 4,
              "Plans": [
                {
                  "Node Type": "Nested Loop",
                  "Parent Relationship": "Outer",
                  "Parallel Aware": false,
                  "Join Type": "Inner",
                  "Startup Cost": 45992.79,
                  "Total Cost": 153548.86,
                  "Plan Rows": 400132,
                  "Plan Width": 0,
                  "Actual Startup Time": 195.032,
                  "Actual Total Time": 1853.962,
                  "Actual Rows": 1176136,
                  "Actual Loops": 4,
                  "Inner Unique": false,
                  "Join Filter": "(t.id = ci.movie_id)",
                  "Rows Removed by Join Filter": 0,
                  "Plans": [
                    {
                      "Node Type": "Hash Join",
                      "Parent Relationship": "Outer",
                      "Parallel Aware": true,
                      "Join Type": "Inner",
                      "Startup Cost": 45992.22,
                      "Total Cost": 76432.03,
                      "Plan Rows": 27908,
                      "Plan Width": 8,
                      "Actual Startup Time": 194.905,
                      "Actual Total Time": 302.867,
                      "Actual Rows": 71885,
                      "Actual Loops": 4,
                      "Inner Unique": true,
                      "Hash Cond": "(mc.movie_id = t.id)",
                      "Plans": [
                        {
                          "Node Type": "Seq Scan",
                          "Parent Relationship": "Outer",
                          "Parallel Aware": true,
                          "Relation Name": "movie_companies",
                          "Alias": "mc",
                          "Startup Cost": 0.0,
                          "Total Cost": 29310.68,
                          "Plan Rows": 430142,
                          "Plan Width": 4,
                          "Actual Startup Time": 31.428,
                          "Actual Total Time": 75.95,
                          "Actual Rows": 333721,
                          "Actual Loops": 4,
                          "Filter": "(company_type_id > 1)",
                          "Rows Removed by Filter": 318562
                        },
                        {
                          "Node Type": "Hash",
                          "Parent Relationship": "Inner",
                          "Parallel Aware": true,
                          "Startup Cost": 45479.59,
                          "Total Cost": 45479.59,
                          "Plan Rows": 41011,
                          "Plan Width": 4,
                          "Actual Startup Time": 128.14,
                          "Actual Total Time": 128.141,
                          "Actual Rows": 76442,
                          "Actual Loops": 4,
                          "Hash Buckets": 524288,
                          "Original Hash Buckets": 262144,
                          "Hash Batches": 1,
                          "Original Hash Batches": 1,
                          "Peak Memory Usage": 18176,
                          "Plans": [
                            {
                              "Node Type": "Seq Scan",
                              "Parent Relationship": "Outer",
                              "Parallel Aware": true,
                              "Relation Name": "title",
                              "Alias": "t",
                              "Startup Cost": 0.0,
                              "Total Cost": 45479.59,
                              "Plan Rows": 41011,
                              "Plan Width": 4,
                              "Actual Startup Time": 52.618,
                              "Actual Total Time": 95.729,
                              "Actual Rows": 76442,
                              "Actual Loops": 4,
                              "Filter": "((production_year < 1988) AND (kind_id = 1))",
                              "Rows Removed by Filter": 555636
                            }
                          ]
                        }
                      ]
                    },
                    {
                      "Node Type": "Index Only Scan",
                      "Parent Relationship": "Inner",
                      "Parallel Aware": false,
                      "Scan Direction": "Forward",
                      "Index Name": "movie_id_cast_info",
                      "Relation Name": "cast_info",
                      "Alias": "ci",
                      "Startup Cost": 0.56,
                      "Total Cost": 2.33,
                      "Plan Rows": 35,
                      "Plan Width": 4,
                      "Actual Startup Time": 0.004,
                      "Actual Total Time": 0.02,
                      "Actual Rows": 16,
                      "Actual Loops": 287541,
                      "Index Cond": "(movie_id = mc.movie_id)",
                      "Rows Removed by Index Recheck": 0,
                      "Heap Fetches": 4704545
                    }
                  ]
                }
              ]
            }
          ]
        }
      ]
    },
    "Planning Time": 0.543,
    "Triggers": [],
    "Execution Time": 2010.768
  }
]