[
    {
        "Bao": {
            "Bao prediction": "NaN",
            "Bao recommended hint": "(no hint)"
        }
    },
    {
        "Plan": {
            "Node Type": "Aggregate",
            "Strategy": "Plain",
            "Partial Mode": "Finalize",
            "Parallel Aware": false,
            "Startup Cost": 237270.59,
            "Total Cost": 237270.6,
            "Plan Rows": 1,
            "Plan Width": 8,
            "Actual Startup Time": 652.407,
            "Actual Total Time": 688.357,
            "Actual Rows": 1,
            "Actual Loops": 1,
            "Output": [
                "count(*)"
            ],
            "Plans": [
                {
                    "Node Type": "Gather",
                    "Parent Relationship": "Outer",
                    "Parallel Aware": false,
                    "Startup Cost": 237270.06,
                    "Total Cost": 237270.57,
                    "Plan Rows": 5,
                    "Plan Width": 8,
                    "Actual Startup Time": 651.268,
                    "Actual Total Time": 688.349,
                    "Actual Rows": 6,
                    "Actual Loops": 1,
                    "Output": [
                        "(PARTIAL count(*))"
                    ],
                    "Workers Planned": 5,
                    "Workers Launched": 5,
                    "Single Copy": false,
                    "Plans": [
                        {
                            "Node Type": "Aggregate",
                            "Strategy": "Plain",
                            "Partial Mode": "Partial",
                            "Parent Relationship": "Outer",
                            "Parallel Aware": false,
                            "Startup Cost": 236270.06,
                            "Total Cost": 236270.07,
                            "Plan Rows": 1,
                            "Plan Width": 8,
                            "Actual Startup Time": 640.894,
                            "Actual Total Time": 640.899,
                            "Actual Rows": 1,
                            "Actual Loops": 6,
                            "Output": [
                                "PARTIAL count(*)"
                            ],
                            "Workers": [
                                {
                                    "Worker Number": 0,
                                    "Actual Startup Time": 638.173,
                                    "Actual Total Time": 638.177,
                                    "Actual Rows": 1,
                                    "Actual Loops": 1
                                },
                                {
                                    "Worker Number": 1,
                                    "Actual Startup Time": 638.639,
                                    "Actual Total Time": 638.642,
                                    "Actual Rows": 1,
                                    "Actual Loops": 1
                                },
                                {
                                    "Worker Number": 2,
                                    "Actual Startup Time": 638.776,
                                    "Actual Total Time": 638.779,
                                    "Actual Rows": 1,
                                    "Actual Loops": 1
                                },
                                {
                                    "Worker Number": 3,
                                    "Actual Startup Time": 639.353,
                                    "Actual Total Time": 639.357,
                                    "Actual Rows": 1,
                                    "Actual Loops": 1
                                },
                                {
                                    "Worker Number": 4,
                                    "Actual Startup Time": 639.526,
                                    "Actual Total Time": 639.529,
                                    "Actual Rows": 1,
                                    "Actual Loops": 1
                                }
                            ],
                            "Plans": [
                                {
                                    "Node Type": "Nested Loop",
                                    "Parent Relationship": "Outer",
                                    "Parallel Aware": false,
                                    "Join Type": "Inner",
                                    "Startup Cost": 64191.32,
                                    "Total Cost": 236203.19,
                                    "Plan Rows": 26750,
                                    "Plan Width": 0,
                                    "Actual Startup Time": 133.067,
                                    "Actual Total Time": 621.76,
                                    "Actual Rows": 336173,
                                    "Actual Loops": 6,
                                    "Inner Unique": false,
                                    "Join Filter": "(t.id = ci.movie_id)",
                                    "Rows Removed by Join Filter": 0,
                                    "Workers": [
                                        {
                                            "Worker Number": 0,
                                            "Actual Startup Time": 131.309,
                                            "Actual Total Time": 617.219,
                                            "Actual Rows": 256880,
                                            "Actual Loops": 1
                                        },
                                        {
                                            "Worker Number": 1,
                                            "Actual Startup Time": 132.553,
                                            "Actual Total Time": 617.464,
                                            "Actual Rows": 262237,
                                            "Actual Loops": 1
                                        },
                                        {
                                            "Worker Number": 2,
                                            "Actual Startup Time": 130.966,
                                            "Actual Total Time": 620.528,
                                            "Actual Rows": 342698,
                                            "Actual Loops": 1
                                        },
                                        {
                                            "Worker Number": 3,
                                            "Actual Startup Time": 132.476,
                                            "Actual Total Time": 622.158,
                                            "Actual Rows": 339761,
                                            "Actual Loops": 1
                                        },
                                        {
                                            "Worker Number": 4,
                                            "Actual Startup Time": 129.281,
                                            "Actual Total Time": 622.424,
                                            "Actual Rows": 335134,
                                            "Actual Loops": 1
                                        }
                                    ],
                                    "Plans": [
                                        {
                                            "Node Type": "Hash Join",
                                            "Parent Relationship": "Outer",
                                            "Parallel Aware": true,
                                            "Join Type": "Inner",
                                            "Startup Cost": 64190.75,
                                            "Total Cost": 229291.15,
                                            "Plan Rows": 2133,
                                            "Plan Width": 8,
                                            "Actual Startup Time": 132.9,
                                            "Actual Total Time": 192.91,
                                            "Actual Rows": 6028,
                                            "Actual Loops": 6,
                                            "Output": [
                                                "t.id",
                                                "mi.movie_id"
                                            ],
                                            "Inner Unique": true,
                                            "Hash Cond": "(mi.movie_id = t.id)",
                                            "Workers": [
                                                {
                                                    "Worker Number": 0,
                                                    "Actual Startup Time": 131.149,
                                                    "Actual Total Time": 185.102,
                                                    "Actual Rows": 4516,
                                                    "Actual Loops": 1
                                                },
                                                {
                                                    "Worker Number": 1,
                                                    "Actual Startup Time": 132.38,
                                                    "Actual Total Time": 189.447,
                                                    "Actual Rows": 4303,
                                                    "Actual Loops": 1
                                                },
                                                {
                                                    "Worker Number": 2,
                                                    "Actual Startup Time": 130.749,
                                                    "Actual Total Time": 188.974,
                                                    "Actual Rows": 6410,
                                                    "Actual Loops": 1
                                                },
                                                {
                                                    "Worker Number": 3,
                                                    "Actual Startup Time": 132.284,
                                                    "Actual Total Time": 191.505,
                                                    "Actual Rows": 6214,
                                                    "Actual Loops": 1
                                                },
                                                {
                                                    "Worker Number": 4,
                                                    "Actual Startup Time": 129.058,
                                                    "Actual Total Time": 191.291,
                                                    "Actual Rows": 5862,
                                                    "Actual Loops": 1
                                                }
                                            ],
                                            "Plans": [
                                                {
                                                    "Node Type": "Bitmap Heap Scan",
                                                    "Parent Relationship": "Outer",
                                                    "Parallel Aware": true,
                                                    "Relation Name": "movie_info",
                                                    "Schema": "public",
                                                    "Alias": "mi",
                                                    "Startup Cost": 18629.52,
                                                    "Total Cost": 183190.61,
                                                    "Plan Rows": 205447,
                                                    "Plan Width": 4,
                                                    "Actual Startup Time": 45.187,
                                                    "Actual Total Time": 95.208,
                                                    "Actual Rows": 172210,
                                                    "Actual Loops": 6,
                                                    "Output": [
                                                        "mi.id",
                                                        "mi.movie_id",
                                                        "mi.info_type_id",
                                                        "mi.info",
                                                        "mi.note"
                                                    ],
                                                    "Recheck Cond": "(mi.info_type_id > 81)",
                                                    "Rows Removed by Index Recheck": 0,
                                                    "Exact Heap Blocks": 9882,
                                                    "Lossy Heap Blocks": 0,
                                                    "Workers": [
                                                        {
                                                            "Worker Number": 0,
                                                            "Actual Startup Time": 45.355,
                                                            "Actual Total Time": 91.868,
                                                            "Actual Rows": 112207,
                                                            "Actual Loops": 1
                                                        },
                                                        {
                                                            "Worker Number": 1,
                                                            "Actual Startup Time": 45.046,
                                                            "Actual Total Time": 94.503,
                                                            "Actual Rows": 119622,
                                                            "Actual Loops": 1
                                                        },
                                                        {
                                                            "Worker Number": 2,
                                                            "Actual Startup Time": 45.152,
                                                            "Actual Total Time": 94.015,
                                                            "Actual Rows": 168440,
                                                            "Actual Loops": 1
                                                        },
                                                        {
                                                            "Worker Number": 3,
                                                            "Actual Startup Time": 45.31,
                                                            "Actual Total Time": 97.289,
                                                            "Actual Rows": 163179,
                                                            "Actual Loops": 1
                                                        },
                                                        {
                                                            "Worker Number": 4,
                                                            "Actual Startup Time": 45.341,
                                                            "Actual Total Time": 97.174,
                                                            "Actual Rows": 163039,
                                                            "Actual Loops": 1
                                                        }
                                                    ],
                                                    "Plans": [
                                                        {
                                                            "Node Type": "Bitmap Index Scan",
                                                            "Parent Relationship": "Outer",
                                                            "Parallel Aware": false,
                                                            "Index Name": "info_type_id_movie_info",
                                                            "Startup Cost": 0.0,
                                                            "Total Cost": 18372.71,
                                                            "Plan Rows": 1027237,
                                                            "Plan Width": 0,
                                                            "Actual Startup Time": 39.248,
                                                            "Actual Total Time": 39.249,
                                                            "Actual Rows": 1033261,
                                                            "Actual Loops": 1,
                                                            "Index Cond": "(mi.info_type_id > 81)"
                                                        }
                                                    ]
                                                },
                                                {
                                                    "Node Type": "Hash",
                                                    "Parent Relationship": "Inner",
                                                    "Parallel Aware": true,
                                                    "Startup Cost": 45479.21,
                                                    "Total Cost": 45479.21,
                                                    "Plan Rows": 6562,
                                                    "Plan Width": 4,
                                                    "Actual Startup Time": 74.187,
                                                    "Actual Total Time": 74.189,
                                                    "Actual Rows": 3439,
                                                    "Actual Loops": 6,
                                                    "Output": [
                                                        "t.id"
                                                    ],
                                                    "Hash Buckets": 32768,
                                                    "Original Hash Buckets": 32768,
                                                    "Hash Batches": 1,
                                                    "Original Hash Batches": 1,
                                                    "Peak Memory Usage": 1088,
                                                    "Workers": [
                                                        {
                                                            "Worker Number": 0,
                                                            "Actual Startup Time": 71.505,
                                                            "Actual Total Time": 71.506,
                                                            "Actual Rows": 2410,
                                                            "Actual Loops": 1
                                                        },
                                                        {
                                                            "Worker Number": 1,
                                                            "Actual Startup Time": 71.973,
                                                            "Actual Total Time": 71.973,
                                                            "Actual Rows": 2305,
                                                            "Actual Loops": 1
                                                        },
                                                        {
                                                            "Worker Number": 2,
                                                            "Actual Startup Time": 72.062,
                                                            "Actual Total Time": 72.063,
                                                            "Actual Rows": 3240,
                                                            "Actual Loops": 1
                                                        },
                                                        {
                                                            "Worker Number": 3,
                                                            "Actual Startup Time": 72.636,
                                                            "Actual Total Time": 72.637,
                                                            "Actual Rows": 3224,
                                                            "Actual Loops": 1
                                                        },
                                                        {
                                                            "Worker Number": 4,
                                                            "Actual Startup Time": 72.817,
                                                            "Actual Total Time": 72.818,
                                                            "Actual Rows": 3239,
                                                            "Actual Loops": 1
                                                        }
                                                    ],
                                                    "Plans": [
                                                        {
                                                            "Node Type": "Seq Scan",
                                                            "Parent Relationship": "Outer",
                                                            "Parallel Aware": true,
                                                            "Relation Name": "title",
                                                            "Schema": "public",
                                                            "Alias": "t",
                                                            "Startup Cost": 0.0,
                                                            "Total Cost": 45479.21,
                                                            "Plan Rows": 6562,
                                                            "Plan Width": 4,
                                                            "Actual Startup Time": 0.45,
                                                            "Actual Total Time": 72.406,
                                                            "Actual Rows": 3439,
                                                            "Actual Loops": 6,
                                                            "Output": [
                                                                "t.id"
                                                            ],
                                                            "Filter": "((t.kind_id < 7) AND (t.production_year = 2002))",
                                                            "Rows Removed by Filter": 417946,
                                                            "Workers": [
                                                                {
                                                                    "Worker Number": 0,
                                                                    "Actual Startup Time": 0.289,
                                                                    "Actual Total Time": 69.824,
                                                                    "Actual Rows": 2410,
                                                                    "Actual Loops": 1
                                                                },
                                                                {
                                                                    "Worker Number": 1,
                                                                    "Actual Startup Time": 0.19,
                                                                    "Actual Total Time": 70.349,
                                                                    "Actual Rows": 2305,
                                                                    "Actual Loops": 1
                                                                },
                                                                {
                                                                    "Worker Number": 2,
                                                                    "Actual Startup Time": 1.266,
                                                                    "Actual Total Time": 70.11,
                                                                    "Actual Rows": 3240,
                                                                    "Actual Loops": 1
                                                                },
                                                                {
                                                                    "Worker Number": 3,
                                                                    "Actual Startup Time": 0.544,
                                                                    "Actual Total Time": 70.732,
                                                                    "Actual Rows": 3224,
                                                                    "Actual Loops": 1
                                                                },
                                                                {
                                                                    "Worker Number": 4,
                                                                    "Actual Startup Time": 0.356,
                                                                    "Actual Total Time": 71.109,
                                                                    "Actual Rows": 3239,
                                                                    "Actual Loops": 1
                                                                }
                                                            ]
                                                        }
                                                    ]
                                                }
                                            ]
                                        },
                                        {
                                            "Node Type": "Index Scan",
                                            "Parent Relationship": "Inner",
                                            "Parallel Aware": false,
                                            "Scan Direction": "Forward",
                                            "Index Name": "movie_id_cast_info",
                                            "Relation Name": "cast_info",
                                            "Schema": "public",
                                            "Alias": "ci",
                                            "Startup Cost": 0.56,
                                            "Total Cost": 2.82,
                                            "Plan Rows": 34,
                                            "Plan Width": 4,
                                            "Actual Startup Time": 0.007,
                                            "Actual Total Time": 0.065,
                                            "Actual Rows": 56,
                                            "Actual Loops": 36170,
                                            "Output": [
                                                "ci.id",
                                                "ci.person_id",
                                                "ci.movie_id",
                                                "ci.person_role_id",
                                                "ci.note",
                                                "ci.nr_order",
                                                "ci.role_id"
                                            ],
                                            "Index Cond": "(ci.movie_id = mi.movie_id)",
                                            "Rows Removed by Index Recheck": 0,
                                            "Filter": "(ci.role_id < 10)",
                                            "Rows Removed by Filter": 40,
                                            "Workers": [
                                                {
                                                    "Worker Number": 0,
                                                    "Actual Startup Time": 0.009,
                                                    "Actual Total Time": 0.088,
                                                    "Actual Rows": 57,
                                                    "Actual Loops": 4516
                                                },
                                                {
                                                    "Worker Number": 1,
                                                    "Actual Startup Time": 0.009,
                                                    "Actual Total Time": 0.091,
                                                    "Actual Rows": 61,
                                                    "Actual Loops": 4303
                                                },
                                                {
                                                    "Worker Number": 2,
                                                    "Actual Startup Time": 0.007,
                                                    "Actual Total Time": 0.062,
                                                    "Actual Rows": 53,
                                                    "Actual Loops": 6410
                                                },
                                                {
                                                    "Worker Number": 3,
                                                    "Actual Startup Time": 0.007,
                                                    "Actual Total Time": 0.064,
                                                    "Actual Rows": 55,
                                                    "Actual Loops": 6214
                                                },
                                                {
                                                    "Worker Number": 4,
                                                    "Actual Startup Time": 0.007,
                                                    "Actual Total Time": 0.068,
                                                    "Actual Rows": 57,
                                                    "Actual Loops": 5862
                                                }
                                            ]
                                        }
                                    ]
                                }
                            ]
                        }
                    ]
                }
            ]
        },
        "Planning Time": 186.762,
        "Triggers": [],
        "Execution Time": 688.444
    }
]