{
  "Plan": {
    "Node Type": "Aggregate",
    "Strategy": "Plain",
    "Partial Mode": "Finalize",
    "Parallel Aware": false,
    "Startup Cost": 119265.31,
    "Total Cost": 119265.32,
    "Plan Rows": 1,
    "Plan Width": 8,
    "Actual Startup Time": 784.088,
    "Actual Total Time": 806.197,
    "Actual Rows": 1,
    "Actual Loops": 1,
    "Plans": [
      {
        "Node Type": "Gather",
        "Parent Relationship": "Outer",
        "Parallel Aware": false,
        "Startup Cost": 119265.2,
        "Total Cost": 119265.31,
        "Plan Rows": 1,
        "Plan Width": 8,
        "Actual Startup Time": 777.313,
        "Actual Total Time": 806.187,
        "Actual Rows": 2,
        "Actual Loops": 1,
        "Workers Planned": 1,
        "Workers Launched": 1,
        "Single Copy": false,
        "Plans": [
          {
            "Node Type": "Aggregate",
            "Strategy": "Plain",
            "Partial Mode": "Partial",
            "Parent Relationship": "Outer",
            "Parallel Aware": false,
            "Startup Cost": 118265.2,
            "Total Cost": 118265.21,
            "Plan Rows": 1,
            "Plan Width": 8,
            "Actual Startup Time": 765.856,
            "Actual Total Time": 765.859,
            "Actual Rows": 1,
            "Actual Loops": 2,
            "Plans": [
              {
                "Node Type": "Hash Join",
                "Parent Relationship": "Outer",
                "Parallel Aware": true,
                "Join Type": "Inner",
                "Startup Cost": 85816.96,
                "Total Cost": 117131.26,
                "Plan Rows": 453574,
                "Plan Width": 0,
                "Actual Startup Time": 558.345,
                "Actual Total Time": 748.436,
                "Actual Rows": 391099,
                "Actual Loops": 2,
                "Inner Unique": true,
                "Hash Cond": "(mk.movie_id = t.id)",
                "Plans": [
                  {
                    "Node Type": "Bitmap Heap Scan",
                    "Parent Relationship": "Outer",
                    "Parallel Aware": true,
                    "Relation Name": "movie_keyword",
                    "Alias": "mk",
                    "Startup Cost": 16356.26,
                    "Total Cost": 46479.93,
                    "Plan Rows": 453574,
                    "Plan Width": 4,
                    "Actual Startup Time": 43.718,
                    "Actual Total Time": 123.873,
                    "Actual Rows": 391099,
                    "Actual Loops": 2,
                    "Recheck Cond": "(keyword_id < 748)",
                    "Rows Removed by Index Recheck": 0,
                    "Exact Heap Blocks": 12361,
                    "Lossy Heap Blocks": 0,
                    "Plans": [
                      {
                        "Node Type": "Bitmap Index Scan",
                        "Parent Relationship": "Outer",
                        "Parallel Aware": false,
                        "Index Name": "keyword_id_movie_keyword",
                        "Startup Cost": 0.0,
                        "Total Cost": 16163.5,
                        "Plan Rows": 771075,
                        "Plan Width": 0,
                        "Actual Startup Time": 40.171,
                        "Actual Total Time": 40.172,
                        "Actual Rows": 782198,
                        "Actual Loops": 1,
                        "Index Cond": "(keyword_id < 748)"
                      }
                    ]
                  },
                  {
                    "Node Type": "Hash",
                    "Parent Relationship": "Inner",
                    "Parallel Aware": true,
                    "Startup Cost": 50870.31,
                    "Total Cost": 50870.31,
                    "Plan Rows": 1487231,
                    "Plan Width": 4,
                    "Actual Startup Time": 493.426,
                    "Actual Total Time": 493.426,
                    "Actual Rows": 1264156,
                    "Actual Loops": 2,
                    "Hash Buckets": 4194304,
                    "Original Hash Buckets": 4194304,
                    "Hash Batches": 1,
                    "Original Hash Batches": 1,
                    "Peak Memory Usage": 131712,
                    "Plans": [
                      {
                        "Node Type": "Seq Scan",
                        "Parent Relationship": "Outer",
                        "Parallel Aware": true,
                        "Relation Name": "title",
                        "Alias": "t",
                        "Startup Cost": 0.0,
                        "Total Cost": 50870.31,
                        "Plan Rows": 1487231,
                        "Plan Width": 4,
                        "Actual Startup Time": 0.025,
                        "Actual Total Time": 150.934,
                        "Actual Rows": 1264156,
                        "Actual Loops": 2
                      }
                    ]
                  }
                ]
              }
            ]
          }
        ]
      }
    ]
  },
  "Planning Time": 0.683,
  "Triggers": [],
  "Execution Time": 806.286
}