[
    {
        "Bao": {
            "Bao prediction": "NaN",
            "Bao recommended hint": "(no hint)"
        }
    },
    {
        "Plan": {
            "Node Type": "Aggregate",
            "Strategy": "Plain",
            "Partial Mode": "Finalize",
            "Parallel Aware": false,
            "Startup Cost": 401230.23,
            "Total Cost": 401230.24,
            "Plan Rows": 1,
            "Plan Width": 8,
            "Actual Startup Time": 1053.505,
            "Actual Total Time": 1083.717,
            "Actual Rows": 1,
            "Actual Loops": 1,
            "Output": [
                "count(*)"
            ],
            "Plans": [
                {
                    "Node Type": "Gather",
                    "Parent Relationship": "Outer",
                    "Parallel Aware": false,
                    "Startup Cost": 401229.61,
                    "Total Cost": 401230.22,
                    "Plan Rows": 6,
                    "Plan Width": 8,
                    "Actual Startup Time": 1040.9,
                    "Actual Total Time": 1083.708,
                    "Actual Rows": 7,
                    "Actual Loops": 1,
                    "Output": [
                        "(PARTIAL count(*))"
                    ],
                    "Workers Planned": 6,
                    "Workers Launched": 6,
                    "Single Copy": false,
                    "Plans": [
                        {
                            "Node Type": "Aggregate",
                            "Strategy": "Plain",
                            "Partial Mode": "Partial",
                            "Parent Relationship": "Outer",
                            "Parallel Aware": false,
                            "Startup Cost": 400229.61,
                            "Total Cost": 400229.62,
                            "Plan Rows": 1,
                            "Plan Width": 8,
                            "Actual Startup Time": 1023.173,
                            "Actual Total Time": 1023.176,
                            "Actual Rows": 1,
                            "Actual Loops": 7,
                            "Output": [
                                "PARTIAL count(*)"
                            ],
                            "Workers": [
                                {
                                    "Worker Number": 0,
                                    "Actual Startup Time": 1019.93,
                                    "Actual Total Time": 1019.932,
                                    "Actual Rows": 1,
                                    "Actual Loops": 1
                                },
                                {
                                    "Worker Number": 1,
                                    "Actual Startup Time": 1021.306,
                                    "Actual Total Time": 1021.308,
                                    "Actual Rows": 1,
                                    "Actual Loops": 1
                                },
                                {
                                    "Worker Number": 2,
                                    "Actual Startup Time": 1020.097,
                                    "Actual Total Time": 1020.099,
                                    "Actual Rows": 1,
                                    "Actual Loops": 1
                                },
                                {
                                    "Worker Number": 3,
                                    "Actual Startup Time": 1020.057,
                                    "Actual Total Time": 1020.059,
                                    "Actual Rows": 1,
                                    "Actual Loops": 1
                                },
                                {
                                    "Worker Number": 4,
                                    "Actual Startup Time": 1020.184,
                                    "Actual Total Time": 1020.186,
                                    "Actual Rows": 1,
                                    "Actual Loops": 1
                                },
                                {
                                    "Worker Number": 5,
                                    "Actual Startup Time": 1020.226,
                                    "Actual Total Time": 1020.228,
                                    "Actual Rows": 1,
                                    "Actual Loops": 1
                                }
                            ],
                            "Plans": [
                                {
                                    "Node Type": "Hash Join",
                                    "Parent Relationship": "Outer",
                                    "Parallel Aware": true,
                                    "Join Type": "Inner",
                                    "Startup Cost": 50219.81,
                                    "Total Cost": 396965.78,
                                    "Plan Rows": 1305532,
                                    "Plan Width": 0,
                                    "Actual Startup Time": 429.491,
                                    "Actual Total Time": 1001.413,
                                    "Actual Rows": 481547,
                                    "Actual Loops": 7,
                                    "Inner Unique": true,
                                    "Hash Cond": "(ci.movie_id = t.id)",
                                    "Workers": [
                                        {
                                            "Worker Number": 0,
                                            "Actual Startup Time": 425.454,
                                            "Actual Total Time": 998.47,
                                            "Actual Rows": 457216,
                                            "Actual Loops": 1
                                        },
                                        {
                                            "Worker Number": 1,
                                            "Actual Startup Time": 424.15,
                                            "Actual Total Time": 999.499,
                                            "Actual Rows": 481064,
                                            "Actual Loops": 1
                                        },
                                        {
                                            "Worker Number": 2,
                                            "Actual Startup Time": 435.09,
                                            "Actual Total Time": 997.801,
                                            "Actual Rows": 491238,
                                            "Actual Loops": 1
                                        },
                                        {
                                            "Worker Number": 3,
                                            "Actual Startup Time": 425.538,
                                            "Actual Total Time": 998.635,
                                            "Actual Rows": 457780,
                                            "Actual Loops": 1
                                        },
                                        {
                                            "Worker Number": 4,
                                            "Actual Startup Time": 424.225,
                                            "Actual Total Time": 998.04,
                                            "Actual Rows": 487418,
                                            "Actual Loops": 1
                                        },
                                        {
                                            "Worker Number": 5,
                                            "Actual Startup Time": 426.599,
                                            "Actual Total Time": 998.854,
                                            "Actual Rows": 454670,
                                            "Actual Loops": 1
                                        }
                                    ],
                                    "Plans": [
                                        {
                                            "Node Type": "Seq Scan",
                                            "Parent Relationship": "Outer",
                                            "Parallel Aware": true,
                                            "Relation Name": "cast_info",
                                            "Schema": "public",
                                            "Alias": "ci",
                                            "Startup Cost": 0.0,
                                            "Total Cost": 343318.94,
                                            "Plan Rows": 1305532,
                                            "Plan Width": 4,
                                            "Actual Startup Time": 192.334,
                                            "Actual Total Time": 535.866,
                                            "Actual Rows": 481547,
                                            "Actual Loops": 7,
                                            "Output": [
                                                "ci.id",
                                                "ci.person_id",
                                                "ci.movie_id",
                                                "ci.person_role_id",
                                                "ci.note",
                                                "ci.nr_order",
                                                "ci.role_id"
                                            ],
                                            "Filter": "((ci.person_id < 1194276) AND (ci.role_id > 1))",
                                            "Rows Removed by Filter": 4696216,
                                            "Workers": [
                                                {
                                                    "Worker Number": 0,
                                                    "Actual Startup Time": 191.334,
                                                    "Actual Total Time": 531.468,
                                                    "Actual Rows": 457216,
                                                    "Actual Loops": 1
                                                },
                                                {
                                                    "Worker Number": 1,
                                                    "Actual Startup Time": 189.983,
                                                    "Actual Total Time": 543.87,
                                                    "Actual Rows": 481064,
                                                    "Actual Loops": 1
                                                },
                                                {
                                                    "Worker Number": 2,
                                                    "Actual Startup Time": 200.763,
                                                    "Actual Total Time": 544.186,
                                                    "Actual Rows": 491238,
                                                    "Actual Loops": 1
                                                },
                                                {
                                                    "Worker Number": 3,
                                                    "Actual Startup Time": 191.388,
                                                    "Actual Total Time": 531.627,
                                                    "Actual Rows": 457780,
                                                    "Actual Loops": 1
                                                },
                                                {
                                                    "Worker Number": 4,
                                                    "Actual Startup Time": 189.803,
                                                    "Actual Total Time": 541.039,
                                                    "Actual Rows": 487418,
                                                    "Actual Loops": 1
                                                },
                                                {
                                                    "Worker Number": 5,
                                                    "Actual Startup Time": 192.174,
                                                    "Actual Total Time": 533.204,
                                                    "Actual Rows": 454670,
                                                    "Actual Loops": 1
                                                }
                                            ]
                                        },
                                        {
                                            "Node Type": "Hash",
                                            "Parent Relationship": "Inner",
                                            "Parallel Aware": true,
                                            "Startup Cost": 42318.81,
                                            "Total Cost": 42318.81,
                                            "Plan Rows": 632080,
                                            "Plan Width": 4,
                                            "Actual Startup Time": 231.134,
                                            "Actual Total Time": 231.134,
                                            "Actual Rows": 361187,
                                            "Actual Loops": 7,
                                            "Output": [
                                                "t.id"
                                            ],
                                            "Hash Buckets": 4194304,
                                            "Original Hash Buckets": 4194304,
                                            "Hash Batches": 1,
                                            "Original Hash Batches": 1,
                                            "Peak Memory Usage": 131840,
                                            "Workers": [
                                                {
                                                    "Worker Number": 0,
                                                    "Actual Startup Time": 233.152,
                                                    "Actual Total Time": 233.153,
                                                    "Actual Rows": 319071,
                                                    "Actual Loops": 1
                                                },
                                                {
                                                    "Worker Number": 1,
                                                    "Actual Startup Time": 233.216,
                                                    "Actual Total Time": 233.216,
                                                    "Actual Rows": 353498,
                                                    "Actual Loops": 1
                                                },
                                                {
                                                    "Worker Number": 2,
                                                    "Actual Startup Time": 233.379,
                                                    "Actual Total Time": 233.379,
                                                    "Actual Rows": 364839,
                                                    "Actual Loops": 1
                                                },
                                                {
                                                    "Worker Number": 3,
                                                    "Actual Startup Time": 233.346,
                                                    "Actual Total Time": 233.347,
                                                    "Actual Rows": 319913,
                                                    "Actual Loops": 1
                                                },
                                                {
                                                    "Worker Number": 4,
                                                    "Actual Startup Time": 233.473,
                                                    "Actual Total Time": 233.474,
                                                    "Actual Rows": 353103,
                                                    "Actual Loops": 1
                                                },
                                                {
                                                    "Worker Number": 5,
                                                    "Actual Startup Time": 233.503,
                                                    "Actual Total Time": 233.504,
                                                    "Actual Rows": 316824,
                                                    "Actual Loops": 1
                                                }
                                            ],
                                            "Plans": [
                                                {
                                                    "Node Type": "Seq Scan",
                                                    "Parent Relationship": "Outer",
                                                    "Parallel Aware": true,
                                                    "Relation Name": "title",
                                                    "Schema": "public",
                                                    "Alias": "t",
                                                    "Startup Cost": 0.0,
                                                    "Total Cost": 42318.81,
                                                    "Plan Rows": 632080,
                                                    "Plan Width": 4,
                                                    "Actual Startup Time": 0.044,
                                                    "Actual Total Time": 64.828,
                                                    "Actual Rows": 361187,
                                                    "Actual Loops": 7,
                                                    "Output": [
                                                        "t.id"
                                                    ],
                                                    "Workers": [
                                                        {
                                                            "Worker Number": 0,
                                                            "Actual Startup Time": 0.045,
                                                            "Actual Total Time": 65.607,
                                                            "Actual Rows": 319071,
                                                            "Actual Loops": 1
                                                        },
                                                        {
                                                            "Worker Number": 1,
                                                            "Actual Startup Time": 0.072,
                                                            "Actual Total Time": 68.394,
                                                            "Actual Rows": 353498,
                                                            "Actual Loops": 1
                                                        },
                                                        {
                                                            "Worker Number": 2,
                                                            "Actual Startup Time": 0.025,
                                                            "Actual Total Time": 67.792,
                                                            "Actual Rows": 364839,
                                                            "Actual Loops": 1
                                                        },
                                                        {
                                                            "Worker Number": 3,
                                                            "Actual Startup Time": 0.043,
                                                            "Actual Total Time": 65.266,
                                                            "Actual Rows": 319913,
                                                            "Actual Loops": 1
                                                        },
                                                        {
                                                            "Worker Number": 4,
                                                            "Actual Startup Time": 0.066,
                                                            "Actual Total Time": 67.809,
                                                            "Actual Rows": 353103,
                                                            "Actual Loops": 1
                                                        },
                                                        {
                                                            "Worker Number": 5,
                                                            "Actual Startup Time": 0.045,
                                                            "Actual Total Time": 64.928,
                                                            "Actual Rows": 316824,
                                                            "Actual Loops": 1
                                                        }
                                                    ]
                                                }
                                            ]
                                        }
                                    ]
                                }
                            ]
                        }
                    ]
                }
            ]
        },
        "Planning Time": 200.872,
        "Triggers": [],
        "Execution Time": 1083.78
    }
]