{
  "Plan": {
    "Node Type": "Aggregate",
    "Strategy": "Plain",
    "Partial Mode": "Finalize",
    "Parallel Aware": false,
    "Startup Cost": 609908.3,
    "Total Cost": 609908.31,
    "Plan Rows": 1,
    "Plan Width": 8,
    "Actual Startup Time": 3694.497,
    "Actual Total Time": 3735.473,
    "Actual Rows": 1,
    "Actual Loops": 1,
    "Plans": [
      {
        "Node Type": "Gather",
        "Parent Relationship": "Outer",
        "Parallel Aware": false,
        "Startup Cost": 609908.19,
        "Total Cost": 609908.3,
        "Plan Rows": 1,
        "Plan Width": 8,
        "Actual Startup Time": 3687.761,
        "Actual Total Time": 3735.465,
        "Actual Rows": 2,
        "Actual Loops": 1,
        "Workers Planned": 1,
        "Workers Launched": 1,
        "Single Copy": false,
        "Plans": [
          {
            "Node Type": "Aggregate",
            "Strategy": "Plain",
            "Partial Mode": "Partial",
            "Parent Relationship": "Outer",
            "Parallel Aware": false,
            "Startup Cost": 608908.19,
            "Total Cost": 608908.2,
            "Plan Rows": 1,
            "Plan Width": 8,
            "Actual Startup Time": 3677.503,
            "Actual Total Time": 3677.507,
            "Actual Rows": 1,
            "Actual Loops": 2,
            "Plans": [
              {
                "Node Type": "Hash Join",
                "Parent Relationship": "Outer",
                "Parallel Aware": true,
                "Join Type": "Inner",
                "Startup Cost": 264614.71,
                "Total Cost": 595914.37,
                "Plan Rows": 5197529,
                "Plan Width": 0,
                "Actual Startup Time": 1100.336,
                "Actual Total Time": 3480.399,
                "Actual Rows": 4489205,
                "Actual Loops": 2,
                "Inner Unique": true,
                "Hash Cond": "(ci.movie_id = t.id)",
                "Plans": [
                  {
                    "Node Type": "Bitmap Heap Scan",
                    "Parent Relationship": "Outer",
                    "Parallel Aware": true,
                    "Relation Name": "cast_info",
                    "Alias": "ci",
                    "Startup Cost": 195154.02,
                    "Total Cost": 512810.13,
                    "Plan Rows": 5197529,
                    "Plan Width": 4,
                    "Actual Startup Time": 513.42,
                    "Actual Total Time": 970.392,
                    "Actual Rows": 4489205,
                    "Actual Loops": 2,
                    "Recheck Cond": "(person_id < 883299)",
                    "Rows Removed by Index Recheck": 0,
                    "Exact Heap Blocks": 50197,
                    "Lossy Heap Blocks": 0,
                    "Plans": [
                      {
                        "Node Type": "Bitmap Index Scan",
                        "Parent Relationship": "Outer",
                        "Parallel Aware": false,
                        "Index Name": "person_id_cast_info",
                        "Startup Cost": 0.0,
                        "Total Cost": 192945.07,
                        "Plan Rows": 8835800,
                        "Plan Width": 0,
                        "Actual Startup Time": 483.895,
                        "Actual Total Time": 483.896,
                        "Actual Rows": 8978410,
                        "Actual Loops": 1,
                        "Index Cond": "(person_id < 883299)"
                      }
                    ]
                  },
                  {
                    "Node Type": "Hash",
                    "Parent Relationship": "Inner",
                    "Parallel Aware": true,
                    "Startup Cost": 50870.31,
                    "Total Cost": 50870.31,
                    "Plan Rows": 1487231,
                    "Plan Width": 4,
                    "Actual Startup Time": 567.511,
                    "Actual Total Time": 567.512,
                    "Actual Rows": 1264156,
                    "Actual Loops": 2,
                    "Hash Buckets": 4194304,
                    "Original Hash Buckets": 4194304,
                    "Hash Batches": 1,
                    "Original Hash Batches": 1,
                    "Peak Memory Usage": 131712,
                    "Plans": [
                      {
                        "Node Type": "Seq Scan",
                        "Parent Relationship": "Outer",
                        "Parallel Aware": true,
                        "Relation Name": "title",
                        "Alias": "t",
                        "Startup Cost": 0.0,
                        "Total Cost": 50870.31,
                        "Plan Rows": 1487231,
                        "Plan Width": 4,
                        "Actual Startup Time": 0.024,
                        "Actual Total Time": 173.527,
                        "Actual Rows": 1264156,
                        "Actual Loops": 2
                      }
                    ]
                  }
                ]
              }
            ]
          }
        ]
      }
    ]
  },
  "Planning Time": 0.41,
  "Triggers": [],
  "Execution Time": 3735.538
}