{
  "Plan": {
    "Node Type": "Aggregate",
    "Strategy": "Plain",
    "Partial Mode": "Finalize",
    "Parallel Aware": false,
    "Startup Cost": 113903.52,
    "Total Cost": 113903.53,
    "Plan Rows": 1,
    "Plan Width": 8,
    "Actual Startup Time": 318.728,
    "Actual Total Time": 330.943,
    "Actual Rows": 1,
    "Actual Loops": 1,
    "Plans": [
      {
        "Node Type": "Gather",
        "Parent Relationship": "Outer",
        "Parallel Aware": false,
        "Startup Cost": 113903.41,
        "Total Cost": 113903.52,
        "Plan Rows": 1,
        "Plan Width": 8,
        "Actual Startup Time": 318.497,
        "Actual Total Time": 330.936,
        "Actual Rows": 2,
        "Actual Loops": 1,
        "Workers Planned": 1,
        "Workers Launched": 1,
        "Single Copy": false,
        "Plans": [
          {
            "Node Type": "Aggregate",
            "Strategy": "Plain",
            "Partial Mode": "Partial",
            "Parent Relationship": "Outer",
            "Parallel Aware": false,
            "Startup Cost": 112903.41,
            "Total Cost": 112903.42,
            "Plan Rows": 1,
            "Plan Width": 8,
            "Actual Startup Time": 313.651,
            "Actual Total Time": 313.655,
            "Actual Rows": 1,
            "Actual Loops": 2,
            "Plans": [
              {
                "Node Type": "Nested Loop",
                "Parent Relationship": "Outer",
                "Parallel Aware": false,
                "Join Type": "Inner",
                "Startup Cost": 76463.92,
                "Total Cost": 112901.39,
                "Plan Rows": 807,
                "Plan Width": 0,
                "Actual Startup Time": 198.197,
                "Actual Total Time": 313.572,
                "Actual Rows": 789,
                "Actual Loops": 2,
                "Inner Unique": false,
                "Join Filter": "(t.id = mi_idx.movie_id)",
                "Rows Removed by Join Filter": 0,
                "Plans": [
                  {
                    "Node Type": "Hash Join",
                    "Parent Relationship": "Outer",
                    "Parallel Aware": true,
                    "Join Type": "Inner",
                    "Startup Cost": 76463.49,
                    "Total Cost": 110419.11,
                    "Plan Rows": 4488,
                    "Plan Width": 8,
                    "Actual Startup Time": 197.746,
                    "Actual Total Time": 304.482,
                    "Actual Rows": 3758,
                    "Actual Loops": 2,
                    "Inner Unique": true,
                    "Hash Cond": "(mk.movie_id = t.id)",
                    "Plans": [
                      {
                        "Node Type": "Bitmap Heap Scan",
                        "Parent Relationship": "Outer",
                        "Parallel Aware": true,
                        "Relation Name": "movie_keyword",
                        "Alias": "mk",
                        "Startup Cost": 22653.05,
                        "Total Cost": 54959.63,
                        "Plan Rows": 628206,
                        "Plan Width": 4,
                        "Actual Startup Time": 63.825,
                        "Actual Total Time": 160.274,
                        "Actual Rows": 532098,
                        "Actual Loops": 2,
                        "Recheck Cond": "(keyword_id > 16501)",
                        "Rows Removed by Index Recheck": 0,
                        "Exact Heap Blocks": 14676,
                        "Lossy Heap Blocks": 0,
                        "Plans": [
                          {
                            "Node Type": "Bitmap Index Scan",
                            "Parent Relationship": "Outer",
                            "Parallel Aware": false,
                            "Index Name": "keyword_id_movie_keyword",
                            "Startup Cost": 0.0,
                            "Total Cost": 22386.06,
                            "Plan Rows": 1067951,
                            "Plan Width": 0,
                            "Actual Startup Time": 60.128,
                            "Actual Total Time": 60.128,
                            "Actual Rows": 1064196,
                            "Actual Loops": 1,
                            "Index Cond": "(keyword_id > 16501)"
                          }
                        ]
                      },
                      {
                        "Node Type": "Hash",
                        "Parent Relationship": "Inner",
                        "Parallel Aware": true,
                        "Startup Cost": 53677.62,
                        "Total Cost": 53677.62,
                        "Plan Rows": 10625,
                        "Plan Width": 4,
                        "Actual Startup Time": 97.795,
                        "Actual Total Time": 97.796,
                        "Actual Rows": 11010,
                        "Actual Loops": 2,
                        "Hash Buckets": 32768,
                        "Original Hash Buckets": 32768,
                        "Hash Batches": 1,
                        "Original Hash Batches": 1,
                        "Peak Memory Usage": 1152,
                        "Plans": [
                          {
                            "Node Type": "Bitmap Heap Scan",
                            "Parent Relationship": "Outer",
                            "Parallel Aware": true,
                            "Relation Name": "title",
                            "Alias": "t",
                            "Startup Cost": 11827.37,
                            "Total Cost": 53677.62,
                            "Plan Rows": 10625,
                            "Plan Width": 4,
                            "Actual Startup Time": 39.41,
                            "Actual Total Time": 94.941,
                            "Actual Rows": 11010,
                            "Actual Loops": 2,
                            "Recheck Cond": "(kind_id < 2)",
                            "Rows Removed by Index Recheck": 0,
                            "Filter": "(production_year > 2012)",
                            "Rows Removed by Filter": 320402,
                            "Exact Heap Blocks": 9558,
                            "Lossy Heap Blocks": 0,
                            "Plans": [
                              {
                                "Node Type": "Bitmap Index Scan",
                                "Parent Relationship": "Outer",
                                "Parallel Aware": false,
                                "Index Name": "kind_id_title",
                                "Startup Cost": 0.0,
                                "Total Cost": 11822.85,
                                "Plan Rows": 663256,
                                "Plan Width": 0,
                                "Actual Startup Time": 40.587,
                                "Actual Total Time": 40.587,
                                "Actual Rows": 662825,
                                "Actual Loops": 1,
                                "Index Cond": "(kind_id < 2)"
                              }
                            ]
                          }
                        ]
                      }
                    ]
                  },
                  {
                    "Node Type": "Index Scan",
                    "Parent Relationship": "Inner",
                    "Parallel Aware": false,
                    "Scan Direction": "Forward",
                    "Index Name": "movie_id_movie_info_idx",
                    "Relation Name": "movie_info_idx",
                    "Alias": "mi_idx",
                    "Startup Cost": 0.43,
                    "Total Cost": 0.54,
                    "Plan Rows": 1,
                    "Plan Width": 4,
                    "Actual Startup Time": 0.002,
                    "Actual Total Time": 0.002,
                    "Actual Rows": 0,
                    "Actual Loops": 7517,
                    "Index Cond": "(movie_id = mk.movie_id)",
                    "Rows Removed by Index Recheck": 0,
                    "Filter": "(info_type_id < 100)",
                    "Rows Removed by Filter": 0
                  }
                ]
              }
            ]
          }
        ]
      }
    ]
  },
  "Planning Time": 0.82,
  "Triggers": [],
  "Execution Time": 331.045
}