[
  {
    "Plan": {
      "Node Type": "Aggregate",
      "Strategy": "Plain",
      "Partial Mode": "Finalize",
      "Parallel Aware": false,
      "Startup Cost": 33007.0,
      "Total Cost": 33007.01,
      "Plan Rows": 1,
      "Plan Width": 8,
      "Actual Startup Time": 91.966,
      "Actual Total Time": 100.206,
      "Actual Rows": 1,
      "Actual Loops": 1,
      "Plans": [
        {
          "Node Type": "Gather",
          "Parent Relationship": "Outer",
          "Parallel Aware": false,
          "Startup Cost": 33006.69,
          "Total Cost": 33007.0,
          "Plan Rows": 3,
          "Plan Width": 8,
          "Actual Startup Time": 91.838,
          "Actual Total Time": 100.197,
          "Actual Rows": 4,
          "Actual Loops": 1,
          "Workers Planned": 3,
          "Workers Launched": 3,
          "Single Copy": false,
          "Plans": [
            {
              "Node Type": "Aggregate",
              "Strategy": "Plain",
              "Partial Mode": "Partial",
              "Parent Relationship": "Outer",
              "Parallel Aware": false,
              "Startup Cost": 32006.69,
              "Total Cost": 32006.7,
              "Plan Rows": 1,
              "Plan Width": 8,
              "Actual Startup Time": 84.729,
              "Actual Total Time": 84.73,
              "Actual Rows": 1,
              "Actual Loops": 4,
              "Plans": [
                {
                  "Node Type": "Seq Scan",
                  "Parent Relationship": "Outer",
                  "Parallel Aware": true,
                  "Relation Name": "movie_companies",
                  "Alias": "mc",
                  "Startup Cost": 0.0,
                  "Total Cost": 31414.82,
                  "Plan Rows": 236747,
                  "Plan Width": 0,
                  "Actual Startup Time": 48.833,
                  "Actual Total Time": 79.899,
                  "Actual Rows": 115268,
                  "Actual Loops": 4,
                  "Filter": "((company_id < 12871) AND (company_type_id = 2))",
                  "Rows Removed by Filter": 537014
                }
              ]
            }
          ]
        }
      ]
    },
    "Planning Time": 0.229,
    "Triggers": [],
    "Execution Time": 100.267
  }
]