[
  {
    "Plan": {
      "Node Type": "Aggregate",
      "Strategy": "Plain",
      "Partial Mode": "Finalize",
      "Parallel Aware": false,
      "Startup Cost": 616450.38,
      "Total Cost": 616450.39,
      "Plan Rows": 1,
      "Plan Width": 8,
      "Actual Startup Time": 2326.37,
      "Actual Total Time": 2426.066,
      "Actual Rows": 1,
      "Actual Loops": 1,
      "Plans": [
        {
          "Node Type": "Gather",
          "Parent Relationship": "Outer",
          "Parallel Aware": false,
          "Startup Cost": 616449.85,
          "Total Cost": 616450.36,
          "Plan Rows": 5,
          "Plan Width": 8,
          "Actual Startup Time": 2313.715,
          "Actual Total Time": 2426.049,
          "Actual Rows": 6,
          "Actual Loops": 1,
          "Workers Planned": 5,
          "Workers Launched": 5,
          "Single Copy": false,
          "Plans": [
            {
              "Node Type": "Aggregate",
              "Strategy": "Plain",
              "Partial Mode": "Partial",
              "Parent Relationship": "Outer",
              "Parallel Aware": false,
              "Startup Cost": 615449.85,
              "Total Cost": 615449.86,
              "Plan Rows": 1,
              "Plan Width": 8,
              "Actual Startup Time": 2291.961,
              "Actual Total Time": 2292.558,
              "Actual Rows": 1,
              "Actual Loops": 6,
              "Plans": [
                {
                  "Node Type": "Hash Join",
                  "Parent Relationship": "Outer",
                  "Parallel Aware": true,
                  "Join Type": "Inner",
                  "Startup Cost": 400570.58,
                  "Total Cost": 610312.15,
                  "Plan Rows": 2055080,
                  "Plan Width": 0,
                  "Actual Startup Time": 1370.12,
                  "Actual Total Time": 2275.624,
                  "Actual Rows": 320856,
                  "Actual Loops": 6,
                  "Inner Unique": false,
                  "Hash Cond": "(mi.movie_id = t.id)",
                  "Plans": [
                    {
                      "Node Type": "Seq Scan",
                      "Parent Relationship": "Outer",
                      "Parallel Aware": true,
                      "Relation Name": "movie_info",
                      "Alias": "mi",
                      "Startup Cost": 0.0,
                      "Total Cost": 199108.24,
                      "Plan Rows": 1922185,
                      "Plan Width": 4,
                      "Actual Startup Time": 0.052,
                      "Actual Total Time": 484.777,
                      "Actual Rows": 1594192,
                      "Actual Loops": 6,
                      "Filter": "(info_type_id < 16)",
                      "Rows Removed by Filter": 878428
                    },
                    {
                      "Node Type": "Hash",
                      "Parent Relationship": "Inner",
                      "Parallel Aware": true,
                      "Startup Cost": 394938.84,
                      "Total Cost": 394938.84,
                      "Plan Rows": 450539,
                      "Plan Width": 8,
                      "Actual Startup Time": 1361.332,
                      "Actual Total Time": 1361.928,
                      "Actual Rows": 211843,
                      "Actual Loops": 6,
                      "Hash Buckets": 4194304,
                      "Original Hash Buckets": 4194304,
                      "Hash Batches": 1,
                      "Original Hash Batches": 1,
                      "Peak Memory Usage": 82592,
                      "Plans": [
                        {
                          "Node Type": "Hash Join",
                          "Parent Relationship": "Outer",
                          "Parallel Aware": true,
                          "Join Type": "Inner",
                          "Startup Cost": 48252.06,
                          "Total Cost": 394938.84,
                          "Plan Rows": 450539,
                          "Plan Width": 8,
                          "Actual Startup Time": 548.575,
                          "Actual Total Time": 1234.336,
                          "Actual Rows": 211843,
                          "Actual Loops": 6,
                          "Inner Unique": true,
                          "Hash Cond": "(ci.movie_id = t.id)",
                          "Plans": [
                            {
                              "Node Type": "Seq Scan",
                              "Parent Relationship": "Outer",
                              "Parallel Aware": true,
                              "Relation Name": "cast_info",
                              "Alias": "ci",
                              "Startup Cost": 0.0,
                              "Total Cost": 343316.27,
                              "Plan Rows": 1283999,
                              "Plan Width": 4,
                              "Actual Startup Time": 373.678,
                              "Actual Total Time": 848.057,
                              "Actual Rows": 495836,
                              "Actual Loops": 6,
                              "Filter": "((person_id > 2317207) AND (role_id < 3))",
                              "Rows Removed by Filter": 5544888
                            },
                            {
                              "Node Type": "Hash",
                              "Parent Relationship": "Inner",
                              "Parallel Aware": true,
                              "Startup Cost": 45479.59,
                              "Total Cost": 45479.59,
                              "Plan Rows": 221798,
                              "Plan Width": 4,
                              "Actual Startup Time": 173.105,
                              "Actual Total Time": 173.107,
                              "Actual Rows": 160507,
                              "Actual Loops": 6,
                              "Hash Buckets": 1048576,
                              "Original Hash Buckets": 1048576,
                              "Hash Batches": 1,
                              "Original Hash Batches": 1,
                              "Peak Memory Usage": 45984,
                              "Plans": [
                                {
                                  "Node Type": "Seq Scan",
                                  "Parent Relationship": "Outer",
                                  "Parallel Aware": true,
                                  "Relation Name": "title",
                                  "Alias": "t",
                                  "Startup Cost": 0.0,
                                  "Total Cost": 45479.59,
                                  "Plan Rows": 221798,
                                  "Plan Width": 4,
                                  "Actual Startup Time": 0.034,
                                  "Actual Total Time": 93.683,
                                  "Actual Rows": 160507,
                                  "Actual Loops": 6,
                                  "Filter": "((kind_id > 4) AND (production_year > 1999))",
                                  "Rows Removed by Filter": 260878
                                }
                              ]
                            }
                          ]
                        }
                      ]
                    }
                  ]
                }
              ]
            }
          ]
        }
      ]
    },
    "Planning Time": 1.726,
    "Triggers": [],
    "Execution Time": 2426.179
  }
]