[
  {
    "Plan": {
      "Node Type": "Aggregate",
      "Strategy": "Plain",
      "Partial Mode": "Finalize",
      "Parallel Aware": false,
      "Startup Cost": 33431.83,
      "Total Cost": 33431.84,
      "Plan Rows": 1,
      "Plan Width": 8,
      "Actual Startup Time": 106.937,
      "Actual Total Time": 115.952,
      "Actual Rows": 1,
      "Actual Loops": 1,
      "Plans": [
        {
          "Node Type": "Gather",
          "Parent Relationship": "Outer",
          "Parallel Aware": false,
          "Startup Cost": 33431.51,
          "Total Cost": 33431.82,
          "Plan Rows": 3,
          "Plan Width": 8,
          "Actual Startup Time": 106.825,
          "Actual Total Time": 115.945,
          "Actual Rows": 4,
          "Actual Loops": 1,
          "Workers Planned": 3,
          "Workers Launched": 3,
          "Single Copy": false,
          "Plans": [
            {
              "Node Type": "Aggregate",
              "Strategy": "Plain",
              "Partial Mode": "Partial",
              "Parent Relationship": "Outer",
              "Parallel Aware": false,
              "Startup Cost": 32431.51,
              "Total Cost": 32431.52,
              "Plan Rows": 1,
              "Plan Width": 8,
              "Actual Startup Time": 102.052,
              "Actual Total Time": 102.053,
              "Actual Rows": 1,
              "Actual Loops": 4,
              "Plans": [
                {
                  "Node Type": "Seq Scan",
                  "Parent Relationship": "Outer",
                  "Parallel Aware": true,
                  "Relation Name": "movie_companies",
                  "Alias": "mc",
                  "Startup Cost": 0.0,
                  "Total Cost": 31414.82,
                  "Plan Rows": 406677,
                  "Plan Width": 0,
                  "Actual Startup Time": 44.028,
                  "Actual Total Time": 87.115,
                  "Actual Rows": 298948,
                  "Actual Loops": 4,
                  "Filter": "((company_id < 136805) AND (company_type_id > 1))",
                  "Rows Removed by Filter": 353334
                }
              ]
            }
          ]
        }
      ]
    },
    "Planning Time": 0.191,
    "Triggers": [],
    "Execution Time": 116.004
  }
]