[
  {
    "Plan": {
      "Node Type": "Aggregate",
      "Strategy": "Plain",
      "Partial Mode": "Finalize",
      "Parallel Aware": false,
      "Startup Cost": 33425.17,
      "Total Cost": 33425.18,
      "Plan Rows": 1,
      "Plan Width": 8,
      "Actual Startup Time": 113.697,
      "Actual Total Time": 122.418,
      "Actual Rows": 1,
      "Actual Loops": 1,
      "Plans": [
        {
          "Node Type": "Gather",
          "Parent Relationship": "Outer",
          "Parallel Aware": false,
          "Startup Cost": 33424.86,
          "Total Cost": 33425.17,
          "Plan Rows": 3,
          "Plan Width": 8,
          "Actual Startup Time": 113.582,
          "Actual Total Time": 122.411,
          "Actual Rows": 4,
          "Actual Loops": 1,
          "Workers Planned": 3,
          "Workers Launched": 3,
          "Single Copy": false,
          "Plans": [
            {
              "Node Type": "Aggregate",
              "Strategy": "Plain",
              "Partial Mode": "Partial",
              "Parent Relationship": "Outer",
              "Parallel Aware": false,
              "Startup Cost": 32424.86,
              "Total Cost": 32424.87,
              "Plan Rows": 1,
              "Plan Width": 8,
              "Actual Startup Time": 105.665,
              "Actual Total Time": 105.666,
              "Actual Rows": 1,
              "Actual Loops": 4,
              "Plans": [
                {
                  "Node Type": "Seq Scan",
                  "Parent Relationship": "Outer",
                  "Parallel Aware": true,
                  "Relation Name": "movie_companies",
                  "Alias": "mc",
                  "Startup Cost": 0.0,
                  "Total Cost": 31414.82,
                  "Plan Rows": 404015,
                  "Plan Width": 0,
                  "Actual Startup Time": 51.671,
                  "Actual Total Time": 92.541,
                  "Actual Rows": 298948,
                  "Actual Loops": 4,
                  "Filter": "((company_id < 136805) AND (company_type_id > 1))",
                  "Rows Removed by Filter": 353334
                }
              ]
            }
          ]
        }
      ]
    },
    "Planning Time": 0.22,
    "Triggers": [],
    "Execution Time": 122.474
  }
]