{
  "Plan": {
    "Node Type": "Aggregate",
    "Strategy": "Plain",
    "Partial Mode": "Finalize",
    "Parallel Aware": false,
    "Startup Cost": 976526.56,
    "Total Cost": 976526.57,
    "Plan Rows": 1,
    "Plan Width": 8,
    "Actual Startup Time": 7393.357,
    "Actual Total Time": 7466.736,
    "Actual Rows": 1,
    "Actual Loops": 1,
    "Plans": [
      {
        "Node Type": "Gather",
        "Parent Relationship": "Outer",
        "Parallel Aware": false,
        "Startup Cost": 976526.44,
        "Total Cost": 976526.55,
        "Plan Rows": 1,
        "Plan Width": 8,
        "Actual Startup Time": 7388.545,
        "Actual Total Time": 7466.728,
        "Actual Rows": 2,
        "Actual Loops": 1,
        "Workers Planned": 1,
        "Workers Launched": 1,
        "Single Copy": false,
        "Plans": [
          {
            "Node Type": "Aggregate",
            "Strategy": "Plain",
            "Partial Mode": "Partial",
            "Parent Relationship": "Outer",
            "Parallel Aware": false,
            "Startup Cost": 975526.44,
            "Total Cost": 975526.45,
            "Plan Rows": 1,
            "Plan Width": 8,
            "Actual Startup Time": 7382.3,
            "Actual Total Time": 7382.304,
            "Actual Rows": 1,
            "Actual Loops": 2,
            "Plans": [
              {
                "Node Type": "Merge Join",
                "Parent Relationship": "Outer",
                "Parallel Aware": false,
                "Join Type": "Inner",
                "Startup Cost": 800513.61,
                "Total Cost": 974125.97,
                "Plan Rows": 560188,
                "Plan Width": 0,
                "Actual Startup Time": 6487.971,
                "Actual Total Time": 7304.28,
                "Actual Rows": 2025496,
                "Actual Loops": 2,
                "Inner Unique": false,
                "Merge Cond": "(mk.movie_id = t.id)",
                "Plans": [
                  {
                    "Node Type": "Index Only Scan",
                    "Parent Relationship": "Outer",
                    "Parallel Aware": true,
                    "Scan Direction": "Forward",
                    "Index Name": "movie_id_movie_keyword",
                    "Relation Name": "movie_keyword",
                    "Alias": "mk",
                    "Startup Cost": 0.43,
                    "Total Cost": 158560.11,
                    "Plan Rows": 2661135,
                    "Plan Width": 4,
                    "Actual Startup Time": 0.135,
                    "Actual Total Time": 397.423,
                    "Actual Rows": 2261842,
                    "Actual Loops": 2,
                    "Heap Fetches": 4523685
                  },
                  {
                    "Node Type": "Sort",
                    "Parent Relationship": "Inner",
                    "Parallel Aware": false,
                    "Startup Cost": 800512.88,
                    "Total Cost": 801843.44,
                    "Plan Rows": 532224,
                    "Plan Width": 8,
                    "Actual Startup Time": 6384.41,
                    "Actual Total Time": 6575.122,
                    "Actual Rows": 2628270,
                    "Actual Loops": 2,
                    "Sort Key": [
                      "ci.movie_id"
                    ],
                    "Sort Method": "quicksort",
                    "Sort Space Used": 63980,
                    "Sort Space Type": "Memory",
                    "Workers": [
                      {
                        "Worker Number": 0,
                        "Sort Method": "quicksort",
                        "Sort Space Used": 63980,
                        "Sort Space Type": "Memory"
                      }
                    ],
                    "Plans": [
                      {
                        "Node Type": "Hash Join",
                        "Parent Relationship": "Outer",
                        "Parallel Aware": false,
                        "Join Type": "Inner",
                        "Startup Cost": 39828.11,
                        "Total Cost": 749893.92,
                        "Plan Rows": 532224,
                        "Plan Width": 8,
                        "Actual Startup Time": 70.111,
                        "Actual Total Time": 6170.559,
                        "Actual Rows": 840604,
                        "Actual Loops": 2,
                        "Inner Unique": true,
                        "Hash Cond": "(ci.movie_id = t.id)",
                        "Plans": [
                          {
                            "Node Type": "Seq Scan",
                            "Parent Relationship": "Outer",
                            "Parallel Aware": false,
                            "Relation Name": "cast_info",
                            "Alias": "ci",
                            "Startup Cost": 0.0,
                            "Total Cost": 614967.12,
                            "Plan Rows": 36228012,
                            "Plan Width": 4,
                            "Actual Startup Time": 0.045,
                            "Actual Total Time": 2454.788,
                            "Actual Rows": 36244344,
                            "Actual Loops": 2
                          },
                          {
                            "Node Type": "Hash",
                            "Parent Relationship": "Inner",
                            "Parallel Aware": false,
                            "Startup Cost": 39363.82,
                            "Total Cost": 39363.82,
                            "Plan Rows": 37143,
                            "Plan Width": 4,
                            "Actual Startup Time": 69.154,
                            "Actual Total Time": 69.156,
                            "Actual Rows": 49168,
                            "Actual Loops": 2,
                            "Hash Buckets": 65536,
                            "Original Hash Buckets": 65536,
                            "Hash Batches": 1,
                            "Original Hash Batches": 1,
                            "Peak Memory Usage": 2241,
                            "Plans": [
                              {
                                "Node Type": "Bitmap Heap Scan",
                                "Parent Relationship": "Outer",
                                "Parallel Aware": false,
                                "Relation Name": "title",
                                "Alias": "t",
                                "Startup Cost": 1832.42,
                                "Total Cost": 39363.82,
                                "Plan Rows": 37143,
                                "Plan Width": 4,
                                "Actual Startup Time": 18.918,
                                "Actual Total Time": 60.146,
                                "Actual Rows": 49168,
                                "Actual Loops": 2,
                                "Recheck Cond": "(kind_id = 3)",
                                "Rows Removed by Index Recheck": 0,
                                "Filter": "(production_year < 1998)",
                                "Rows Removed by Filter": 51369,
                                "Exact Heap Blocks": 12707,
                                "Lossy Heap Blocks": 0,
                                "Plans": [
                                  {
                                    "Node Type": "Bitmap Index Scan",
                                    "Parent Relationship": "Outer",
                                    "Parallel Aware": false,
                                    "Index Name": "kind_id_title",
                                    "Startup Cost": 0.0,
                                    "Total Cost": 1823.13,
                                    "Plan Rows": 102227,
                                    "Plan Width": 0,
                                    "Actual Startup Time": 15.474,
                                    "Actual Total Time": 15.474,
                                    "Actual Rows": 100537,
                                    "Actual Loops": 2,
                                    "Index Cond": "(kind_id = 3)"
                                  }
                                ]
                              }
                            ]
                          }
                        ]
                      }
                    ]
                  }
                ]
              }
            ]
          }
        ]
      }
    ]
  },
  "Planning Time": 1.007,
  "Triggers": [],
  "Execution Time": 7478.14
}