[
  {
    "Plan": {
      "Node Type": "Aggregate",
      "Strategy": "Plain",
      "Partial Mode": "Finalize",
      "Parallel Aware": false,
      "Startup Cost": 45878.67,
      "Total Cost": 45878.68,
      "Plan Rows": 1,
      "Plan Width": 8,
      "Actual Startup Time": 138.84,
      "Actual Total Time": 145.998,
      "Actual Rows": 1,
      "Actual Loops": 1,
      "Plans": [
        {
          "Node Type": "Gather",
          "Parent Relationship": "Outer",
          "Parallel Aware": false,
          "Startup Cost": 45878.35,
          "Total Cost": 45878.66,
          "Plan Rows": 3,
          "Plan Width": 8,
          "Actual Startup Time": 138.724,
          "Actual Total Time": 145.991,
          "Actual Rows": 4,
          "Actual Loops": 1,
          "Workers Planned": 3,
          "Workers Launched": 3,
          "Single Copy": false,
          "Plans": [
            {
              "Node Type": "Aggregate",
              "Strategy": "Plain",
              "Partial Mode": "Partial",
              "Parent Relationship": "Outer",
              "Parallel Aware": false,
              "Startup Cost": 44878.35,
              "Total Cost": 44878.36,
              "Plan Rows": 1,
              "Plan Width": 8,
              "Actual Startup Time": 133.932,
              "Actual Total Time": 133.933,
              "Actual Rows": 1,
              "Actual Loops": 4,
              "Plans": [
                {
                  "Node Type": "Seq Scan",
                  "Parent Relationship": "Outer",
                  "Parallel Aware": true,
                  "Relation Name": "movie_keyword",
                  "Alias": "mk",
                  "Startup Cost": 0.0,
                  "Total Cost": 42695.65,
                  "Plan Rows": 873078,
                  "Plan Width": 0,
                  "Actual Startup Time": 0.035,
                  "Actual Total Time": 105.398,
                  "Actual Rows": 680460,
                  "Actual Loops": 4,
                  "Filter": "(keyword_id < 7703)",
                  "Rows Removed by Filter": 450522
                }
              ]
            }
          ]
        }
      ]
    },
    "Planning Time": 0.061,
    "Triggers": [],
    "Execution Time": 146.023
  }
]