[
    {
        "Bao": {
            "Bao prediction": "NaN",
            "Bao recommended hint": "(no hint)"
        }
    },
    {
        "Plan": {
            "Node Type": "Aggregate",
            "Strategy": "Plain",
            "Partial Mode": "Finalize",
            "Parallel Aware": false,
            "Startup Cost": 40658.09,
            "Total Cost": 40658.1,
            "Plan Rows": 1,
            "Plan Width": 8,
            "Actual Startup Time": 152.2,
            "Actual Total Time": 159.794,
            "Actual Rows": 1,
            "Actual Loops": 1,
            "Output": [
                "count(*)"
            ],
            "Plans": [
                {
                    "Node Type": "Gather",
                    "Parent Relationship": "Outer",
                    "Parallel Aware": false,
                    "Startup Cost": 40657.77,
                    "Total Cost": 40658.08,
                    "Plan Rows": 3,
                    "Plan Width": 8,
                    "Actual Startup Time": 151.874,
                    "Actual Total Time": 159.785,
                    "Actual Rows": 4,
                    "Actual Loops": 1,
                    "Output": [
                        "(PARTIAL count(*))"
                    ],
                    "Workers Planned": 3,
                    "Workers Launched": 3,
                    "Single Copy": false,
                    "Plans": [
                        {
                            "Node Type": "Aggregate",
                            "Strategy": "Plain",
                            "Partial Mode": "Partial",
                            "Parent Relationship": "Outer",
                            "Parallel Aware": false,
                            "Startup Cost": 39657.77,
                            "Total Cost": 39657.78,
                            "Plan Rows": 1,
                            "Plan Width": 8,
                            "Actual Startup Time": 142.531,
                            "Actual Total Time": 142.534,
                            "Actual Rows": 1,
                            "Actual Loops": 4,
                            "Output": [
                                "PARTIAL count(*)"
                            ],
                            "Workers": [
                                {
                                    "Worker Number": 0,
                                    "Actual Startup Time": 139.412,
                                    "Actual Total Time": 139.414,
                                    "Actual Rows": 1,
                                    "Actual Loops": 1
                                },
                                {
                                    "Worker Number": 1,
                                    "Actual Startup Time": 139.476,
                                    "Actual Total Time": 139.478,
                                    "Actual Rows": 1,
                                    "Actual Loops": 1
                                },
                                {
                                    "Worker Number": 2,
                                    "Actual Startup Time": 139.887,
                                    "Actual Total Time": 139.889,
                                    "Actual Rows": 1,
                                    "Actual Loops": 1
                                }
                            ],
                            "Plans": [
                                {
                                    "Node Type": "Bitmap Heap Scan",
                                    "Parent Relationship": "Outer",
                                    "Parallel Aware": true,
                                    "Relation Name": "movie_keyword",
                                    "Schema": "public",
                                    "Alias": "mk",
                                    "Startup Cost": 12379.68,
                                    "Total Cost": 39187.09,
                                    "Plan Rows": 188273,
                                    "Plan Width": 0,
                                    "Actual Startup Time": 50.975,
                                    "Actual Total Time": 133.311,
                                    "Actual Rows": 147710,
                                    "Actual Loops": 4,
                                    "Recheck Cond": "(mk.keyword_id < 430)",
                                    "Rows Removed by Index Recheck": 0,
                                    "Exact Heap Blocks": 11898,
                                    "Lossy Heap Blocks": 0,
                                    "Workers": [
                                        {
                                            "Worker Number": 0,
                                            "Actual Startup Time": 47.929,
                                            "Actual Total Time": 130.89,
                                            "Actual Rows": 99836,
                                            "Actual Loops": 1
                                        },
                                        {
                                            "Worker Number": 1,
                                            "Actual Startup Time": 47.98,
                                            "Actual Total Time": 131.034,
                                            "Actual Rows": 101335,
                                            "Actual Loops": 1
                                        },
                                        {
                                            "Worker Number": 2,
                                            "Actual Startup Time": 48.54,
                                            "Actual Total Time": 131.244,
                                            "Actual Rows": 103152,
                                            "Actual Loops": 1
                                        }
                                    ],
                                    "Plans": [
                                        {
                                            "Node Type": "Bitmap Index Scan",
                                            "Parent Relationship": "Outer",
                                            "Parallel Aware": false,
                                            "Index Name": "keyword_id_movie_keyword",
                                            "Startup Cost": 0.0,
                                            "Total Cost": 12233.77,
                                            "Plan Rows": 583645,
                                            "Plan Width": 0,
                                            "Actual Startup Time": 55.896,
                                            "Actual Total Time": 55.901,
                                            "Actual Rows": 590840,
                                            "Actual Loops": 1,
                                            "Index Cond": "(mk.keyword_id < 430)"
                                        }
                                    ]
                                }
                            ]
                        }
                    ]
                }
            ]
        },
        "Planning Time": 293.408,
        "Triggers": [],
        "Execution Time": 159.916
    }
]