{
  "Plan": {
    "Node Type": "Aggregate",
    "Strategy": "Plain",
    "Partial Mode": "Simple",
    "Parallel Aware": false,
    "Startup Cost": 9801.54,
    "Total Cost": 9801.55,
    "Plan Rows": 1,
    "Plan Width": 32,
    "Actual Startup Time": 206.46,
    "Actual Total Time": 206.465,
    "Actual Rows": 1,
    "Actual Loops": 1,
    "Plans": [
      {
        "Node Type": "Nested Loop",
        "Parent Relationship": "Outer",
        "Parallel Aware": false,
        "Join Type": "Inner",
        "Startup Cost": 6021.39,
        "Total Cost": 9801.53,
        "Plan Rows": 5,
        "Plan Width": 17,
        "Actual Startup Time": 44.921,
        "Actual Total Time": 206.358,
        "Actual Rows": 666,
        "Actual Loops": 1,
        "Inner Unique": true,
        "Join Filter": "(mc.movie_id = t.id)",
        "Rows Removed by Join Filter": 0,
        "Plans": [
          {
            "Node Type": "Hash Join",
            "Parent Relationship": "Outer",
            "Parallel Aware": false,
            "Join Type": "Inner",
            "Startup Cost": 6020.96,
            "Total Cost": 9799.03,
            "Plan Rows": 5,
            "Plan Width": 8,
            "Actual Startup Time": 44.912,
            "Actual Total Time": 204.422,
            "Actual Rows": 666,
            "Actual Loops": 1,
            "Inner Unique": true,
            "Hash Cond": "(mc.company_id = cn.id)",
            "Plans": [
              {
                "Node Type": "Nested Loop",
                "Parent Relationship": "Outer",
                "Parallel Aware": false,
                "Join Type": "Inner",
                "Startup Cost": 11.25,
                "Total Cost": 3788.83,
                "Plan Rows": 186,
                "Plan Width": 12,
                "Actual Startup Time": 11.009,
                "Actual Total Time": 164.038,
                "Actual Rows": 148552,
                "Actual Loops": 1,
                "Inner Unique": false,
                "Plans": [
                  {
                    "Node Type": "Nested Loop",
                    "Parent Relationship": "Outer",
                    "Parallel Aware": false,
                    "Join Type": "Inner",
                    "Startup Cost": 10.82,
                    "Total Cost": 3768.68,
                    "Plan Rows": 34,
                    "Plan Width": 4,
                    "Actual Startup Time": 10.97,
                    "Actual Total Time": 40.999,
                    "Actual Rows": 41840,
                    "Actual Loops": 1,
                    "Inner Unique": false,
                    "Plans": [
                      {
                        "Node Type": "Seq Scan",
                        "Parent Relationship": "Outer",
                        "Parallel Aware": false,
                        "Relation Name": "keyword",
                        "Alias": "k",
                        "Startup Cost": 0.0,
                        "Total Cost": 2626.12,
                        "Plan Rows": 1,
                        "Plan Width": 4,
                        "Actual Startup Time": 0.796,
                        "Actual Total Time": 8.197,
                        "Actual Rows": 1,
                        "Actual Loops": 1,
                        "Filter": "(keyword = 'character-name-in-title'::text)",
                        "Rows Removed by Filter": 134169
                      },
                      {
                        "Node Type": "Bitmap Heap Scan",
                        "Parent Relationship": "Inner",
                        "Parallel Aware": false,
                        "Relation Name": "movie_keyword",
                        "Alias": "mk",
                        "Startup Cost": 10.82,
                        "Total Cost": 1139.48,
                        "Plan Rows": 308,
                        "Plan Width": 8,
                        "Actual Startup Time": 10.164,
                        "Actual Total Time": 29.309,
                        "Actual Rows": 41840,
                        "Actual Loops": 1,
                        "Recheck Cond": "(keyword_id = k.id)",
                        "Rows Removed by Index Recheck": 0,
                        "Exact Heap Blocks": 11541,
                        "Lossy Heap Blocks": 0,
                        "Plans": [
                          {
                            "Node Type": "Bitmap Index Scan",
                            "Parent Relationship": "Outer",
                            "Parallel Aware": false,
                            "Index Name": "keyword_id_movie_keyword",
                            "Startup Cost": 0.0,
                            "Total Cost": 10.74,
                            "Plan Rows": 308,
                            "Plan Width": 0,
                            "Actual Startup Time": 5.841,
                            "Actual Total Time": 5.841,
                            "Actual Rows": 41840,
                            "Actual Loops": 1,
                            "Index Cond": "(keyword_id = k.id)"
                          }
                        ]
                      }
                    ]
                  },
                  {
                    "Node Type": "Index Scan",
                    "Parent Relationship": "Inner",
                    "Parallel Aware": false,
                    "Scan Direction": "Forward",
                    "Index Name": "movie_id_movie_companies",
                    "Relation Name": "movie_companies",
                    "Alias": "mc",
                    "Startup Cost": 0.43,
                    "Total Cost": 0.54,
                    "Plan Rows": 5,
                    "Plan Width": 8,
                    "Actual Startup Time": 0.002,
                    "Actual Total Time": 0.002,
                    "Actual Rows": 4,
                    "Actual Loops": 41840,
                    "Index Cond": "(movie_id = mk.movie_id)",
                    "Rows Removed by Index Recheck": 0
                  }
                ]
              },
              {
                "Node Type": "Hash",
                "Parent Relationship": "Inner",
                "Parallel Aware": false,
                "Startup Cost": 5932.46,
                "Total Cost": 5932.46,
                "Plan Rows": 6180,
                "Plan Width": 4,
                "Actual Startup Time": 28.286,
                "Actual Total Time": 28.288,
                "Actual Rows": 5839,
                "Actual Loops": 1,
                "Hash Buckets": 8192,
                "Original Hash Buckets": 8192,
                "Hash Batches": 1,
                "Original Hash Batches": 1,
                "Peak Memory Usage": 270,
                "Plans": [
                  {
                    "Node Type": "Seq Scan",
                    "Parent Relationship": "Outer",
                    "Parallel Aware": false,
                    "Relation Name": "company_name",
                    "Alias": "cn",
                    "Startup Cost": 0.0,
                    "Total Cost": 5932.46,
                    "Plan Rows": 6180,
                    "Plan Width": 4,
                    "Actual Startup Time": 0.022,
                    "Actual Total Time": 27.21,
                    "Actual Rows": 5839,
                    "Actual Loops": 1,
                    "Filter": "((country_code)::text = '[in]'::text)",
                    "Rows Removed by Filter": 229158
                  }
                ]
              }
            ]
          },
          {
            "Node Type": "Index Scan",
            "Parent Relationship": "Inner",
            "Parallel Aware": false,
            "Scan Direction": "Forward",
            "Index Name": "title_pkey",
            "Relation Name": "title",
            "Alias": "t",
            "Startup Cost": 0.43,
            "Total Cost": 0.49,
            "Plan Rows": 1,
            "Plan Width": 21,
            "Actual Startup Time": 0.003,
            "Actual Total Time": 0.003,
            "Actual Rows": 1,
            "Actual Loops": 666,
            "Index Cond": "(id = mk.movie_id)",
            "Rows Removed by Index Recheck": 0
          }
        ]
      }
    ]
  },
  "Planning Time": 0.746,
  "Triggers": [],
  "Execution Time": 206.541
}