[
  {
    "Plan": {
      "Node Type": "Aggregate",
      "Strategy": "Plain",
      "Partial Mode": "Finalize",
      "Parallel Aware": false,
      "Startup Cost": 31659.76,
      "Total Cost": 31659.77,
      "Plan Rows": 1,
      "Plan Width": 8,
      "Actual Startup Time": 114.288,
      "Actual Total Time": 122.455,
      "Actual Rows": 1,
      "Actual Loops": 1,
      "Plans": [
        {
          "Node Type": "Gather",
          "Parent Relationship": "Outer",
          "Parallel Aware": false,
          "Startup Cost": 31659.44,
          "Total Cost": 31659.75,
          "Plan Rows": 3,
          "Plan Width": 8,
          "Actual Startup Time": 114.174,
          "Actual Total Time": 122.446,
          "Actual Rows": 4,
          "Actual Loops": 1,
          "Workers Planned": 3,
          "Workers Launched": 3,
          "Single Copy": false,
          "Plans": [
            {
              "Node Type": "Aggregate",
              "Strategy": "Plain",
              "Partial Mode": "Partial",
              "Parent Relationship": "Outer",
              "Parallel Aware": false,
              "Startup Cost": 30659.44,
              "Total Cost": 30659.45,
              "Plan Rows": 1,
              "Plan Width": 8,
              "Actual Startup Time": 108.187,
              "Actual Total Time": 108.188,
              "Actual Rows": 1,
              "Actual Loops": 4,
              "Plans": [
                {
                  "Node Type": "Seq Scan",
                  "Parent Relationship": "Outer",
                  "Parallel Aware": true,
                  "Relation Name": "movie_companies",
                  "Alias": "mc",
                  "Startup Cost": 0.0,
                  "Total Cost": 29310.68,
                  "Plan Rows": 539505,
                  "Plan Width": 0,
                  "Actual Startup Time": 2.848,
                  "Actual Total Time": 88.164,
                  "Actual Rows": 418064,
                  "Actual Loops": 4,
                  "Filter": "(company_id > 3427)",
                  "Rows Removed by Filter": 234218
                }
              ]
            }
          ]
        }
      ]
    },
    "Planning Time": 0.168,
    "Triggers": [],
    "Execution Time": 122.505
  }
]