{
  "Plan": {
    "Node Type": "Aggregate",
    "Strategy": "Plain",
    "Partial Mode": "Finalize",
    "Parallel Aware": false,
    "Startup Cost": 405751.07,
    "Total Cost": 405751.08,
    "Plan Rows": 1,
    "Plan Width": 8,
    "Actual Startup Time": 1956.48,
    "Actual Total Time": 2020.138,
    "Actual Rows": 1,
    "Actual Loops": 1,
    "Plans": [
      {
        "Node Type": "Gather",
        "Parent Relationship": "Outer",
        "Parallel Aware": false,
        "Startup Cost": 405750.96,
        "Total Cost": 405751.07,
        "Plan Rows": 1,
        "Plan Width": 8,
        "Actual Startup Time": 1951.178,
        "Actual Total Time": 2020.126,
        "Actual Rows": 2,
        "Actual Loops": 1,
        "Workers Planned": 1,
        "Workers Launched": 1,
        "Single Copy": false,
        "Plans": [
          {
            "Node Type": "Aggregate",
            "Strategy": "Plain",
            "Partial Mode": "Partial",
            "Parent Relationship": "Outer",
            "Parallel Aware": false,
            "Startup Cost": 404750.96,
            "Total Cost": 404750.97,
            "Plan Rows": 1,
            "Plan Width": 8,
            "Actual Startup Time": 1945.405,
            "Actual Total Time": 1945.411,
            "Actual Rows": 1,
            "Actual Loops": 2,
            "Plans": [
              {
                "Node Type": "Hash Join",
                "Parent Relationship": "Outer",
                "Parallel Aware": true,
                "Join Type": "Inner",
                "Startup Cost": 107398.95,
                "Total Cost": 403041.31,
                "Plan Rows": 683859,
                "Plan Width": 0,
                "Actual Startup Time": 626.752,
                "Actual Total Time": 1932.346,
                "Actual Rows": 252203,
                "Actual Loops": 2,
                "Inner Unique": false,
                "Hash Cond": "(mi.movie_id = t.id)",
                "Plans": [
                  {
                    "Node Type": "Seq Scan",
                    "Parent Relationship": "Outer",
                    "Parallel Aware": true,
                    "Relation Name": "movie_info",
                    "Alias": "mi",
                    "Startup Cost": 0.0,
                    "Total Cost": 270696.42,
                    "Plan Rows": 5579529,
                    "Plan Width": 4,
                    "Actual Startup Time": 0.02,
                    "Actual Total Time": 816.635,
                    "Actual Rows": 4782576,
                    "Actual Loops": 2,
                    "Filter": "(info_type_id < 16)",
                    "Rows Removed by Filter": 2635284
                  },
                  {
                    "Node Type": "Hash",
                    "Parent Relationship": "Inner",
                    "Parallel Aware": true,
                    "Startup Cost": 105120.4,
                    "Total Cost": 105120.4,
                    "Plan Rows": 182284,
                    "Plan Width": 8,
                    "Actual Startup Time": 618.712,
                    "Actual Total Time": 618.716,
                    "Actual Rows": 58128,
                    "Actual Loops": 2,
                    "Hash Buckets": 524288,
                    "Original Hash Buckets": 524288,
                    "Hash Batches": 1,
                    "Original Hash Batches": 1,
                    "Peak Memory Usage": 8672,
                    "Plans": [
                      {
                        "Node Type": "Hash Join",
                        "Parent Relationship": "Outer",
                        "Parallel Aware": true,
                        "Join Type": "Inner",
                        "Startup Cost": 65987.53,
                        "Total Cost": 105120.4,
                        "Plan Rows": 182284,
                        "Plan Width": 8,
                        "Actual Startup Time": 403.515,
                        "Actual Total Time": 602.9,
                        "Actual Rows": 58128,
                        "Actual Loops": 2,
                        "Inner Unique": true,
                        "Hash Cond": "(mc.movie_id = t.id)",
                        "Plans": [
                          {
                            "Node Type": "Seq Scan",
                            "Parent Relationship": "Outer",
                            "Parallel Aware": true,
                            "Relation Name": "movie_companies",
                            "Alias": "mc",
                            "Startup Cost": 0.0,
                            "Total Cost": 37974.77,
                            "Plan Rows": 441179,
                            "Plan Width": 4,
                            "Actual Startup Time": 23.86,
                            "Actual Total Time": 121.904,
                            "Actual Rows": 382314,
                            "Actual Loops": 2,
                            "Filter": "(company_id > 34755)",
                            "Rows Removed by Filter": 922250
                          },
                          {
                            "Node Type": "Hash",
                            "Parent Relationship": "Inner",
                            "Parallel Aware": true,
                            "Startup Cost": 58306.47,
                            "Total Cost": 58306.47,
                            "Plan Rows": 614485,
                            "Plan Width": 4,
                            "Actual Startup Time": 373.113,
                            "Actual Total Time": 373.114,
                            "Actual Rows": 571066,
                            "Actual Loops": 2,
                            "Hash Buckets": 2097152,
                            "Original Hash Buckets": 1048576,
                            "Hash Batches": 1,
                            "Original Hash Batches": 1,
                            "Peak Memory Usage": 69312,
                            "Plans": [
                              {
                                "Node Type": "Seq Scan",
                                "Parent Relationship": "Outer",
                                "Parallel Aware": true,
                                "Relation Name": "title",
                                "Alias": "t",
                                "Startup Cost": 0.0,
                                "Total Cost": 58306.47,
                                "Plan Rows": 614485,
                                "Plan Width": 4,
                                "Actual Startup Time": 0.04,
                                "Actual Total Time": 188.232,
                                "Actual Rows": 571066,
                                "Actual Loops": 2,
                                "Filter": "((kind_id > 4) AND (production_year > 1992))",
                                "Rows Removed by Filter": 693090
                              }
                            ]
                          }
                        ]
                      }
                    ]
                  }
                ]
              }
            ]
          }
        ]
      }
    ]
  },
  "Planning Time": 1.026,
  "Triggers": [],
  "Execution Time": 2020.239
}