{
  "Plan": {
    "Node Type": "Aggregate",
    "Strategy": "Plain",
    "Partial Mode": "Finalize",
    "Parallel Aware": false,
    "Startup Cost": 103745.34,
    "Total Cost": 103745.35,
    "Plan Rows": 1,
    "Plan Width": 8,
    "Actual Startup Time": 559.748,
    "Actual Total Time": 577.514,
    "Actual Rows": 1,
    "Actual Loops": 1,
    "Plans": [
      {
        "Node Type": "Gather",
        "Parent Relationship": "Outer",
        "Parallel Aware": false,
        "Startup Cost": 103745.23,
        "Total Cost": 103745.34,
        "Plan Rows": 1,
        "Plan Width": 8,
        "Actual Startup Time": 557.43,
        "Actual Total Time": 577.505,
        "Actual Rows": 2,
        "Actual Loops": 1,
        "Workers Planned": 1,
        "Workers Launched": 1,
        "Single Copy": false,
        "Plans": [
          {
            "Node Type": "Aggregate",
            "Strategy": "Plain",
            "Partial Mode": "Partial",
            "Parent Relationship": "Outer",
            "Parallel Aware": false,
            "Startup Cost": 102745.23,
            "Total Cost": 102745.24,
            "Plan Rows": 1,
            "Plan Width": 8,
            "Actual Startup Time": 551.881,
            "Actual Total Time": 551.885,
            "Actual Rows": 1,
            "Actual Loops": 2,
            "Plans": [
              {
                "Node Type": "Hash Join",
                "Parent Relationship": "Outer",
                "Parallel Aware": true,
                "Join Type": "Inner",
                "Startup Cost": 62762.29,
                "Total Cost": 102372.01,
                "Plan Rows": 149285,
                "Plan Width": 0,
                "Actual Startup Time": 283.285,
                "Actual Total Time": 540.774,
                "Actual Rows": 221464,
                "Actual Loops": 2,
                "Inner Unique": true,
                "Hash Cond": "(mc.movie_id = t.id)",
                "Plans": [
                  {
                    "Node Type": "Seq Scan",
                    "Parent Relationship": "Outer",
                    "Parallel Aware": true,
                    "Relation Name": "movie_companies",
                    "Alias": "mc",
                    "Startup Cost": 0.0,
                    "Total Cost": 37974.77,
                    "Plan Rows": 622838,
                    "Plan Width": 4,
                    "Actual Startup Time": 0.015,
                    "Actual Total Time": 129.519,
                    "Actual Rows": 529630,
                    "Actual Loops": 2,
                    "Filter": "(company_id < 6270)",
                    "Rows Removed by Filter": 774935
                  },
                  {
                    "Node Type": "Hash",
                    "Parent Relationship": "Inner",
                    "Parallel Aware": true,
                    "Startup Cost": 58306.47,
                    "Total Cost": 58306.47,
                    "Plan Rows": 356466,
                    "Plan Width": 4,
                    "Actual Startup Time": 273.938,
                    "Actual Total Time": 273.939,
                    "Actual Rows": 337845,
                    "Actual Loops": 2,
                    "Hash Buckets": 1048576,
                    "Original Hash Buckets": 1048576,
                    "Hash Batches": 1,
                    "Original Hash Batches": 1,
                    "Peak Memory Usage": 34656,
                    "Plans": [
                      {
                        "Node Type": "Seq Scan",
                        "Parent Relationship": "Outer",
                        "Parallel Aware": true,
                        "Relation Name": "title",
                        "Alias": "t",
                        "Startup Cost": 0.0,
                        "Total Cost": 58306.47,
                        "Plan Rows": 356466,
                        "Plan Width": 4,
                        "Actual Startup Time": 0.033,
                        "Actual Total Time": 180.74,
                        "Actual Rows": 337845,
                        "Actual Loops": 2,
                        "Filter": "((kind_id < 7) AND (production_year < 2007))",
                        "Rows Removed by Filter": 926311
                      }
                    ]
                  }
                ]
              }
            ]
          }
        ]
      }
    ]
  },
  "Planning Time": 0.748,
  "Triggers": [],
  "Execution Time": 577.582
}