[
  {
    "Plan": {
      "Node Type": "Aggregate",
      "Strategy": "Plain",
      "Partial Mode": "Finalize",
      "Parallel Aware": false,
      "Startup Cost": 309563.48,
      "Total Cost": 309563.49,
      "Plan Rows": 1,
      "Plan Width": 8,
      "Actual Startup Time": 3133.733,
      "Actual Total Time": 3181.708,
      "Actual Rows": 1,
      "Actual Loops": 1,
      "Plans": [
        {
          "Node Type": "Gather",
          "Parent Relationship": "Outer",
          "Parallel Aware": false,
          "Startup Cost": 309562.96,
          "Total Cost": 309563.47,
          "Plan Rows": 5,
          "Plan Width": 8,
          "Actual Startup Time": 3119.968,
          "Actual Total Time": 3181.696,
          "Actual Rows": 6,
          "Actual Loops": 1,
          "Workers Planned": 5,
          "Workers Launched": 5,
          "Single Copy": false,
          "Plans": [
            {
              "Node Type": "Aggregate",
              "Strategy": "Plain",
              "Partial Mode": "Partial",
              "Parent Relationship": "Outer",
              "Parallel Aware": false,
              "Startup Cost": 308562.96,
              "Total Cost": 308562.97,
              "Plan Rows": 1,
              "Plan Width": 8,
              "Actual Startup Time": 3104.602,
              "Actual Total Time": 3104.98,
              "Actual Rows": 1,
              "Actual Loops": 6,
              "Plans": [
                {
                  "Node Type": "Hash Join",
                  "Parent Relationship": "Outer",
                  "Parallel Aware": true,
                  "Join Type": "Inner",
                  "Startup Cost": 97904.68,
                  "Total Cost": 305065.55,
                  "Plan Rows": 1398964,
                  "Plan Width": 0,
                  "Actual Startup Time": 465.343,
                  "Actual Total Time": 2436.302,
                  "Actual Rows": 13701990,
                  "Actual Loops": 6,
                  "Inner Unique": false,
                  "Hash Cond": "(mi.movie_id = t.id)",
                  "Plans": [
                    {
                      "Node Type": "Seq Scan",
                      "Parent Relationship": "Outer",
                      "Parallel Aware": true,
                      "Relation Name": "movie_info",
                      "Alias": "mi",
                      "Startup Cost": 0.0,
                      "Total Cost": 191560.33,
                      "Plan Rows": 2956733,
                      "Plan Width": 4,
                      "Actual Startup Time": 0.037,
                      "Actual Total Time": 331.559,
                      "Actual Rows": 2472620,
                      "Actual Loops": 6
                    },
                    {
                      "Node Type": "Hash",
                      "Parent Relationship": "Inner",
                      "Parallel Aware": true,
                      "Startup Cost": 93081.09,
                      "Total Cost": 93081.09,
                      "Plan Rows": 385887,
                      "Plan Width": 8,
                      "Actual Startup Time": 458.909,
                      "Actual Total Time": 459.286,
                      "Actual Rows": 244186,
                      "Actual Loops": 6,
                      "Hash Buckets": 2097152,
                      "Original Hash Buckets": 2097152,
                      "Hash Batches": 1,
                      "Original Hash Batches": 1,
                      "Peak Memory Usage": 73760,
                      "Plans": [
                        {
                          "Node Type": "Hash Join",
                          "Parent Relationship": "Outer",
                          "Parallel Aware": true,
                          "Join Type": "Inner",
                          "Startup Cost": 48728.2,
                          "Total Cost": 93081.09,
                          "Plan Rows": 385887,
                          "Plan Width": 8,
                          "Actual Startup Time": 219.888,
                          "Actual Total Time": 381.015,
                          "Actual Rows": 244186,
                          "Actual Loops": 6,
                          "Inner Unique": true,
                          "Hash Cond": "(mk.movie_id = t.id)",
                          "Plans": [
                            {
                              "Node Type": "Seq Scan",
                              "Parent Relationship": "Outer",
                              "Parallel Aware": true,
                              "Relation Name": "movie_keyword",
                              "Alias": "mk",
                              "Startup Cost": 0.0,
                              "Total Cost": 42695.65,
                              "Plan Rows": 631327,
                              "Plan Width": 4,
                              "Actual Startup Time": 0.362,
                              "Actual Total Time": 89.134,
                              "Actual Rows": 325646,
                              "Actual Loops": 6,
                              "Filter": "(keyword_id > 6576)",
                              "Rows Removed by Filter": 428342
                            },
                            {
                              "Node Type": "Hash",
                              "Parent Relationship": "Inner",
                              "Parallel Aware": true,
                              "Startup Cost": 43898.92,
                              "Total Cost": 43898.92,
                              "Plan Rows": 386343,
                              "Plan Width": 4,
                              "Actual Startup Time": 216.805,
                              "Actual Total Time": 216.806,
                              "Actual Rows": 258621,
                              "Actual Loops": 6,
                              "Hash Buckets": 2097152,
                              "Original Hash Buckets": 2097152,
                              "Hash Batches": 1,
                              "Original Hash Batches": 1,
                              "Peak Memory Usage": 77152,
                              "Plans": [
                                {
                                  "Node Type": "Seq Scan",
                                  "Parent Relationship": "Outer",
                                  "Parallel Aware": true,
                                  "Relation Name": "title",
                                  "Alias": "t",
                                  "Startup Cost": 0.0,
                                  "Total Cost": 43898.92,
                                  "Plan Rows": 386343,
                                  "Plan Width": 4,
                                  "Actual Startup Time": 0.041,
                                  "Actual Total Time": 94.643,
                                  "Actual Rows": 258621,
                                  "Actual Loops": 6,
                                  "Filter": "(production_year < 2007)",
                                  "Rows Removed by Filter": 162764
                                }
                              ]
                            }
                          ]
                        }
                      ]
                    }
                  ]
                }
              ]
            }
          ]
        }
      ]
    },
    "Planning Time": 1.517,
    "Triggers": [],
    "Execution Time": 3181.812
  }
]