[
  {
    "Plan": {
      "Node Type": "Aggregate",
      "Strategy": "Plain",
      "Partial Mode": "Finalize",
      "Parallel Aware": false,
      "Startup Cost": 379158.48,
      "Total Cost": 379158.49,
      "Plan Rows": 1,
      "Plan Width": 8,
      "Actual Startup Time": 1846.071,
      "Actual Total Time": 1913.744,
      "Actual Rows": 1,
      "Actual Loops": 1,
      "Plans": [
        {
          "Node Type": "Gather",
          "Parent Relationship": "Outer",
          "Parallel Aware": false,
          "Startup Cost": 379157.85,
          "Total Cost": 379158.46,
          "Plan Rows": 6,
          "Plan Width": 8,
          "Actual Startup Time": 1842.903,
          "Actual Total Time": 1913.729,
          "Actual Rows": 7,
          "Actual Loops": 1,
          "Workers Planned": 6,
          "Workers Launched": 6,
          "Single Copy": false,
          "Plans": [
            {
              "Node Type": "Aggregate",
              "Strategy": "Plain",
              "Partial Mode": "Partial",
              "Parent Relationship": "Outer",
              "Parallel Aware": false,
              "Startup Cost": 378157.85,
              "Total Cost": 378157.86,
              "Plan Rows": 1,
              "Plan Width": 8,
              "Actual Startup Time": 1832.175,
              "Actual Total Time": 1832.178,
              "Actual Rows": 1,
              "Actual Loops": 7,
              "Plans": [
                {
                  "Node Type": "Hash Join",
                  "Parent Relationship": "Outer",
                  "Parallel Aware": true,
                  "Join Type": "Inner",
                  "Startup Cost": 46771.62,
                  "Total Cost": 375688.42,
                  "Plan Rows": 987772,
                  "Plan Width": 0,
                  "Actual Startup Time": 110.167,
                  "Actual Total Time": 1785.535,
                  "Actual Rows": 786203,
                  "Actual Loops": 7,
                  "Inner Unique": true,
                  "Hash Cond": "(ci.movie_id = t.id)",
                  "Plans": [
                    {
                      "Node Type": "Seq Scan",
                      "Parent Relationship": "Outer",
                      "Parallel Aware": true,
                      "Relation Name": "cast_info",
                      "Alias": "ci",
                      "Startup Cost": 0.0,
                      "Total Cost": 313067.02,
                      "Plan Rows": 6038002,
                      "Plan Width": 4,
                      "Actual Startup Time": 0.026,
                      "Actual Total Time": 660.063,
                      "Actual Rows": 5177763,
                      "Actual Loops": 7
                    },
                    {
                      "Node Type": "Hash",
                      "Parent Relationship": "Inner",
                      "Parallel Aware": true,
                      "Startup Cost": 45479.1,
                      "Total Cost": 45479.1,
                      "Plan Rows": 103402,
                      "Plan Width": 4,
                      "Actual Startup Time": 107.656,
                      "Actual Total Time": 107.657,
                      "Actual Rows": 43319,
                      "Actual Loops": 7,
                      "Hash Buckets": 524288,
                      "Original Hash Buckets": 524288,
                      "Hash Batches": 1,
                      "Original Hash Batches": 1,
                      "Peak Memory Usage": 16064,
                      "Plans": [
                        {
                          "Node Type": "Seq Scan",
                          "Parent Relationship": "Outer",
                          "Parallel Aware": true,
                          "Relation Name": "title",
                          "Alias": "t",
                          "Startup Cost": 0.0,
                          "Total Cost": 45479.1,
                          "Plan Rows": 103402,
                          "Plan Width": 4,
                          "Actual Startup Time": 47.037,
                          "Actual Total Time": 88.165,
                          "Actual Rows": 43319,
                          "Actual Loops": 7,
                          "Filter": "((production_year > 1996) AND (kind_id = 1))",
                          "Rows Removed by Filter": 317868
                        }
                      ]
                    }
                  ]
                }
              ]
            }
          ]
        }
      ]
    },
    "Planning Time": 0.633,
    "Triggers": [],
    "Execution Time": 1913.834
  }
]