[
  {
    "Plan": {
      "Node Type": "Aggregate",
      "Strategy": "Plain",
      "Partial Mode": "Finalize",
      "Parallel Aware": false,
      "Startup Cost": 46851.59,
      "Total Cost": 46851.6,
      "Plan Rows": 1,
      "Plan Width": 8,
      "Actual Startup Time": 111.11,
      "Actual Total Time": 123.03,
      "Actual Rows": 1,
      "Actual Loops": 1,
      "Plans": [
        {
          "Node Type": "Gather",
          "Parent Relationship": "Outer",
          "Parallel Aware": false,
          "Startup Cost": 46851.17,
          "Total Cost": 46851.58,
          "Plan Rows": 4,
          "Plan Width": 8,
          "Actual Startup Time": 110.924,
          "Actual Total Time": 123.021,
          "Actual Rows": 5,
          "Actual Loops": 1,
          "Workers Planned": 4,
          "Workers Launched": 4,
          "Single Copy": false,
          "Plans": [
            {
              "Node Type": "Aggregate",
              "Strategy": "Plain",
              "Partial Mode": "Partial",
              "Parent Relationship": "Outer",
              "Parallel Aware": false,
              "Startup Cost": 45851.17,
              "Total Cost": 45851.18,
              "Plan Rows": 1,
              "Plan Width": 8,
              "Actual Startup Time": 101.868,
              "Actual Total Time": 101.87,
              "Actual Rows": 1,
              "Actual Loops": 5,
              "Plans": [
                {
                  "Node Type": "Seq Scan",
                  "Parent Relationship": "Outer",
                  "Parallel Aware": true,
                  "Relation Name": "title",
                  "Alias": "t",
                  "Startup Cost": 0.0,
                  "Total Cost": 45479.1,
                  "Plan Rows": 148830,
                  "Plan Width": 0,
                  "Actual Startup Time": 0.043,
                  "Actual Total Time": 95.371,
                  "Actual Rows": 94216,
                  "Actual Loops": 5,
                  "Filter": "((kind_id > 1) AND (production_year < 1995))",
                  "Rows Removed by Filter": 411447
                }
              ]
            }
          ]
        }
      ]
    },
    "Planning Time": 0.182,
    "Triggers": [],
    "Execution Time": 123.093
  }
]