[
  {
    "Plan": {
      "Node Type": "Aggregate",
      "Strategy": "Plain",
      "Partial Mode": "Finalize",
      "Parallel Aware": false,
      "Startup Cost": 605747.55,
      "Total Cost": 605747.56,
      "Plan Rows": 1,
      "Plan Width": 8,
      "Actual Startup Time": 2187.273,
      "Actual Total Time": 2277.5,
      "Actual Rows": 1,
      "Actual Loops": 1,
      "Plans": [
        {
          "Node Type": "Gather",
          "Parent Relationship": "Outer",
          "Parallel Aware": false,
          "Startup Cost": 605746.93,
          "Total Cost": 605747.54,
          "Plan Rows": 6,
          "Plan Width": 8,
          "Actual Startup Time": 2173.973,
          "Actual Total Time": 2277.487,
          "Actual Rows": 7,
          "Actual Loops": 1,
          "Workers Planned": 6,
          "Workers Launched": 6,
          "Single Copy": false,
          "Plans": [
            {
              "Node Type": "Aggregate",
              "Strategy": "Plain",
              "Partial Mode": "Partial",
              "Parent Relationship": "Outer",
              "Parallel Aware": false,
              "Startup Cost": 604746.93,
              "Total Cost": 604746.94,
              "Plan Rows": 1,
              "Plan Width": 8,
              "Actual Startup Time": 2152.023,
              "Actual Total Time": 2152.105,
              "Actual Rows": 1,
              "Actual Loops": 7,
              "Plans": [
                {
                  "Node Type": "Hash Join",
                  "Parent Relationship": "Outer",
                  "Parallel Aware": true,
                  "Join Type": "Inner",
                  "Startup Cost": 251966.49,
                  "Total Cost": 597518.95,
                  "Plan Rows": 2891191,
                  "Plan Width": 0,
                  "Actual Startup Time": 961.481,
                  "Actual Total Time": 2073.511,
                  "Actual Rows": 1882814,
                  "Actual Loops": 7,
                  "Inner Unique": false,
                  "Hash Cond": "(ci.movie_id = t.id)",
                  "Plans": [
                    {
                      "Node Type": "Seq Scan",
                      "Parent Relationship": "Outer",
                      "Parallel Aware": true,
                      "Relation Name": "cast_info",
                      "Alias": "ci",
                      "Startup Cost": 0.0,
                      "Total Cost": 328162.03,
                      "Plan Rows": 3095482,
                      "Plan Width": 4,
                      "Actual Startup Time": 176.08,
                      "Actual Total Time": 575.005,
                      "Actual Rows": 2648769,
                      "Actual Loops": 7,
                      "Filter": "(person_id > 1752892)",
                      "Rows Removed by Filter": 2528995
                    },
                    {
                      "Node Type": "Hash",
                      "Parent Relationship": "Inner",
                      "Parallel Aware": true,
                      "Startup Cost": 246062.9,
                      "Total Cost": 246062.9,
                      "Plan Rows": 472287,
                      "Plan Width": 8,
                      "Actual Startup Time": 778.623,
                      "Actual Total Time": 778.704,
                      "Actual Rows": 122251,
                      "Actual Loops": 7,
                      "Hash Buckets": 4194304,
                      "Original Hash Buckets": 4194304,
                      "Hash Batches": 1,
                      "Original Hash Batches": 1,
                      "Peak Memory Usage": 66368,
                      "Plans": [
                        {
                          "Node Type": "Hash Join",
                          "Parent Relationship": "Outer",
                          "Parallel Aware": true,
                          "Join Type": "Inner",
                          "Startup Cost": 46741.14,
                          "Total Cost": 246062.9,
                          "Plan Rows": 472287,
                          "Plan Width": 8,
                          "Actual Startup Time": 107.071,
                          "Actual Total Time": 709.038,
                          "Actual Rows": 122251,
                          "Actual Loops": 7,
                          "Inner Unique": true,
                          "Hash Cond": "(mi.movie_id = t.id)",
                          "Plans": [
                            {
                              "Node Type": "Seq Scan",
                              "Parent Relationship": "Outer",
                              "Parallel Aware": true,
                              "Relation Name": "movie_info",
                              "Alias": "mi",
                              "Startup Cost": 0.0,
                              "Total Cost": 191560.33,
                              "Plan Rows": 2956733,
                              "Plan Width": 4,
                              "Actual Startup Time": 0.032,
                              "Actual Total Time": 267.204,
                              "Actual Rows": 2119389,
                              "Actual Loops": 7
                            },
                            {
                              "Node Type": "Hash",
                              "Parent Relationship": "Inner",
                              "Parallel Aware": true,
                              "Startup Cost": 45479.1,
                              "Total Cost": 45479.1,
                              "Plan Rows": 100963,
                              "Plan Width": 4,
                              "Actual Startup Time": 105.412,
                              "Actual Total Time": 105.413,
                              "Actual Rows": 62031,
                              "Actual Loops": 7,
                              "Hash Buckets": 524288,
                              "Original Hash Buckets": 524288,
                              "Hash Batches": 1,
                              "Original Hash Batches": 1,
                              "Peak Memory Usage": 21184,
                              "Plans": [
                                {
                                  "Node Type": "Seq Scan",
                                  "Parent Relationship": "Outer",
                                  "Parallel Aware": true,
                                  "Relation Name": "title",
                                  "Alias": "t",
                                  "Startup Cost": 0.0,
                                  "Total Cost": 45479.1,
                                  "Plan Rows": 100963,
                                  "Plan Width": 4,
                                  "Actual Startup Time": 0.042,
                                  "Actual Total Time": 76.965,
                                  "Actual Rows": 62031,
                                  "Actual Loops": 7,
                                  "Filter": "((production_year > 2008) AND (kind_id = 7))",
                                  "Rows Removed by Filter": 299156
                                }
                              ]
                            }
                          ]
                        }
                      ]
                    }
                  ]
                }
              ]
            }
          ]
        }
      ]
    },
    "Planning Time": 1.494,
    "Triggers": [],
    "Execution Time": 2277.609
  }
]