[
  {
    "Plan": {
      "Node Type": "Aggregate",
      "Strategy": "Plain",
      "Partial Mode": "Finalize",
      "Parallel Aware": false,
      "Startup Cost": 45688.15,
      "Total Cost": 45688.16,
      "Plan Rows": 1,
      "Plan Width": 8,
      "Actual Startup Time": 159.879,
      "Actual Total Time": 166.943,
      "Actual Rows": 1,
      "Actual Loops": 1,
      "Plans": [
        {
          "Node Type": "Gather",
          "Parent Relationship": "Outer",
          "Parallel Aware": false,
          "Startup Cost": 45687.84,
          "Total Cost": 45688.15,
          "Plan Rows": 3,
          "Plan Width": 8,
          "Actual Startup Time": 159.75,
          "Actual Total Time": 166.935,
          "Actual Rows": 4,
          "Actual Loops": 1,
          "Workers Planned": 3,
          "Workers Launched": 3,
          "Single Copy": false,
          "Plans": [
            {
              "Node Type": "Aggregate",
              "Strategy": "Plain",
              "Partial Mode": "Partial",
              "Parent Relationship": "Outer",
              "Parallel Aware": false,
              "Startup Cost": 44687.84,
              "Total Cost": 44687.85,
              "Plan Rows": 1,
              "Plan Width": 8,
              "Actual Startup Time": 154.463,
              "Actual Total Time": 154.464,
              "Actual Rows": 1,
              "Actual Loops": 4,
              "Plans": [
                {
                  "Node Type": "Seq Scan",
                  "Parent Relationship": "Outer",
                  "Parallel Aware": true,
                  "Relation Name": "movie_keyword",
                  "Alias": "mk",
                  "Startup Cost": 0.0,
                  "Total Cost": 42695.65,
                  "Plan Rows": 796873,
                  "Plan Width": 0,
                  "Actual Startup Time": 0.039,
                  "Actual Total Time": 122.183,
                  "Actual Rows": 621168,
                  "Actual Loops": 4,
                  "Filter": "(keyword_id < 6039)",
                  "Rows Removed by Filter": 509814
                }
              ]
            }
          ]
        }
      ]
    },
    "Planning Time": 0.198,
    "Triggers": [],
    "Execution Time": 167.006
  }
]