[
  {
    "Plan": {
      "Node Type": "Aggregate",
      "Strategy": "Plain",
      "Partial Mode": "Finalize",
      "Parallel Aware": false,
      "Startup Cost": 44911.09,
      "Total Cost": 44911.1,
      "Plan Rows": 1,
      "Plan Width": 8,
      "Actual Startup Time": 131.675,
      "Actual Total Time": 141.181,
      "Actual Rows": 1,
      "Actual Loops": 1,
      "Plans": [
        {
          "Node Type": "Gather",
          "Parent Relationship": "Outer",
          "Parallel Aware": false,
          "Startup Cost": 44910.77,
          "Total Cost": 44911.08,
          "Plan Rows": 3,
          "Plan Width": 8,
          "Actual Startup Time": 131.521,
          "Actual Total Time": 141.172,
          "Actual Rows": 4,
          "Actual Loops": 1,
          "Workers Planned": 3,
          "Workers Launched": 3,
          "Single Copy": false,
          "Plans": [
            {
              "Node Type": "Aggregate",
              "Strategy": "Plain",
              "Partial Mode": "Partial",
              "Parent Relationship": "Outer",
              "Parallel Aware": false,
              "Startup Cost": 43910.77,
              "Total Cost": 43910.78,
              "Plan Rows": 1,
              "Plan Width": 8,
              "Actual Startup Time": 126.025,
              "Actual Total Time": 126.026,
              "Actual Rows": 1,
              "Actual Loops": 4,
              "Plans": [
                {
                  "Node Type": "Seq Scan",
                  "Parent Relationship": "Outer",
                  "Parallel Aware": true,
                  "Relation Name": "movie_keyword",
                  "Alias": "mk",
                  "Startup Cost": 0.0,
                  "Total Cost": 42695.65,
                  "Plan Rows": 486046,
                  "Plan Width": 0,
                  "Actual Startup Time": 0.685,
                  "Actual Total Time": 107.781,
                  "Actual Rows": 373112,
                  "Actual Loops": 4,
                  "Filter": "(keyword_id > 10889)",
                  "Rows Removed by Filter": 757871
                }
              ]
            }
          ]
        }
      ]
    },
    "Planning Time": 0.052,
    "Triggers": [],
    "Execution Time": 141.213
  }
]