[
  {
    "Plan": {
      "Node Type": "Aggregate",
      "Strategy": "Plain",
      "Partial Mode": "Finalize",
      "Parallel Aware": false,
      "Startup Cost": 93474.94,
      "Total Cost": 93474.95,
      "Plan Rows": 1,
      "Plan Width": 8,
      "Actual Startup Time": 363.001,
      "Actual Total Time": 376.509,
      "Actual Rows": 1,
      "Actual Loops": 1,
      "Plans": [
        {
          "Node Type": "Gather",
          "Parent Relationship": "Outer",
          "Parallel Aware": false,
          "Startup Cost": 93474.62,
          "Total Cost": 93474.93,
          "Plan Rows": 3,
          "Plan Width": 8,
          "Actual Startup Time": 359.387,
          "Actual Total Time": 376.5,
          "Actual Rows": 4,
          "Actual Loops": 1,
          "Workers Planned": 3,
          "Workers Launched": 3,
          "Single Copy": false,
          "Plans": [
            {
              "Node Type": "Aggregate",
              "Strategy": "Plain",
              "Partial Mode": "Partial",
              "Parent Relationship": "Outer",
              "Parallel Aware": false,
              "Startup Cost": 92474.62,
              "Total Cost": 92474.63,
              "Plan Rows": 1,
              "Plan Width": 8,
              "Actual Startup Time": 353.208,
              "Actual Total Time": 353.211,
              "Actual Rows": 1,
              "Actual Loops": 4,
              "Plans": [
                {
                  "Node Type": "Hash Join",
                  "Parent Relationship": "Outer",
                  "Parallel Aware": true,
                  "Join Type": "Inner",
                  "Startup Cost": 48666.71,
                  "Total Cost": 92165.93,
                  "Plan Rows": 123478,
                  "Plan Width": 0,
                  "Actual Startup Time": 207.852,
                  "Actual Total Time": 351.857,
                  "Actual Rows": 24923,
                  "Actual Loops": 4,
                  "Inner Unique": true,
                  "Hash Cond": "(mk.movie_id = t.id)",
                  "Plans": [
                    {
                      "Node Type": "Seq Scan",
                      "Parent Relationship": "Outer",
                      "Parallel Aware": true,
                      "Relation Name": "movie_keyword",
                      "Alias": "mk",
                      "Startup Cost": 0.0,
                      "Total Cost": 42695.65,
                      "Plan Rows": 306120,
                      "Plan Width": 4,
                      "Actual Startup Time": 1.62,
                      "Actual Total Time": 102.088,
                      "Actual Rows": 236782,
                      "Actual Loops": 4,
                      "Filter": "(keyword_id > 20033)",
                      "Rows Removed by Filter": 894200
                    },
                    {
                      "Node Type": "Hash",
                      "Parent Relationship": "Inner",
                      "Parallel Aware": true,
                      "Startup Cost": 45479.59,
                      "Total Cost": 45479.59,
                      "Plan Rows": 254970,
                      "Plan Width": 4,
                      "Actual Startup Time": 203.234,
                      "Actual Total Time": 203.235,
                      "Actual Rows": 240028,
                      "Actual Loops": 4,
                      "Hash Buckets": 1048576,
                      "Original Hash Buckets": 1048576,
                      "Hash Batches": 1,
                      "Original Hash Batches": 1,
                      "Peak Memory Usage": 45824,
                      "Plans": [
                        {
                          "Node Type": "Seq Scan",
                          "Parent Relationship": "Outer",
                          "Parallel Aware": true,
                          "Relation Name": "title",
                          "Alias": "t",
                          "Startup Cost": 0.0,
                          "Total Cost": 45479.59,
                          "Plan Rows": 254970,
                          "Plan Width": 4,
                          "Actual Startup Time": 0.03,
                          "Actual Total Time": 113.825,
                          "Actual Rows": 240028,
                          "Actual Loops": 4,
                          "Filter": "((production_year < 2008) AND (kind_id = 7))",
                          "Rows Removed by Filter": 392050
                        }
                      ]
                    }
                  ]
                }
              ]
            }
          ]
        }
      ]
    },
    "Planning Time": 0.599,
    "Triggers": [],
    "Execution Time": 376.545
  }
]