{
  "Plan": {
    "Node Type": "Aggregate",
    "Strategy": "Plain",
    "Partial Mode": "Finalize",
    "Parallel Aware": false,
    "Startup Cost": 432550.56,
    "Total Cost": 432550.57,
    "Plan Rows": 1,
    "Plan Width": 8,
    "Actual Startup Time": 980.281,
    "Actual Total Time": 999.587,
    "Actual Rows": 1,
    "Actual Loops": 1,
    "Plans": [
      {
        "Node Type": "Gather",
        "Parent Relationship": "Outer",
        "Parallel Aware": false,
        "Startup Cost": 432550.44,
        "Total Cost": 432550.55,
        "Plan Rows": 1,
        "Plan Width": 8,
        "Actual Startup Time": 976.674,
        "Actual Total Time": 999.578,
        "Actual Rows": 2,
        "Actual Loops": 1,
        "Workers Planned": 1,
        "Workers Launched": 1,
        "Single Copy": false,
        "Plans": [
          {
            "Node Type": "Aggregate",
            "Strategy": "Plain",
            "Partial Mode": "Partial",
            "Parent Relationship": "Outer",
            "Parallel Aware": false,
            "Startup Cost": 431550.44,
            "Total Cost": 431550.45,
            "Plan Rows": 1,
            "Plan Width": 8,
            "Actual Startup Time": 970.294,
            "Actual Total Time": 970.3,
            "Actual Rows": 1,
            "Actual Loops": 2,
            "Plans": [
              {
                "Node Type": "Hash Join",
                "Parent Relationship": "Outer",
                "Parallel Aware": true,
                "Join Type": "Inner",
                "Startup Cost": 161066.96,
                "Total Cost": 430972.4,
                "Plan Rows": 231219,
                "Plan Width": 0,
                "Actual Startup Time": 731.163,
                "Actual Total Time": 964.373,
                "Actual Rows": 131614,
                "Actual Loops": 2,
                "Inner Unique": false,
                "Hash Cond": "(ci.movie_id = t.id)",
                "Plans": [
                  {
                    "Node Type": "Bitmap Heap Scan",
                    "Parent Relationship": "Outer",
                    "Parallel Aware": true,
                    "Relation Name": "cast_info",
                    "Alias": "ci",
                    "Startup Cost": 36646.01,
                    "Total Cost": 301531.72,
                    "Plan Rows": 975897,
                    "Plan Width": 4,
                    "Actual Startup Time": 51.915,
                    "Actual Total Time": 157.566,
                    "Actual Rows": 805294,
                    "Actual Loops": 2,
                    "Recheck Cond": "(person_id > 3742833)",
                    "Rows Removed by Index Recheck": 0,
                    "Exact Heap Blocks": 11523,
                    "Lossy Heap Blocks": 0,
                    "Plans": [
                      {
                        "Node Type": "Bitmap Index Scan",
                        "Parent Relationship": "Outer",
                        "Parallel Aware": false,
                        "Index Name": "person_id_cast_info",
                        "Startup Cost": 0.0,
                        "Total Cost": 36231.25,
                        "Plan Rows": 1659025,
                        "Plan Width": 0,
                        "Actual Startup Time": 48.484,
                        "Actual Total Time": 48.485,
                        "Actual Rows": 1610589,
                        "Actual Loops": 1,
                        "Index Cond": "(person_id > 3742833)"
                      }
                    ]
                  },
                  {
                    "Node Type": "Hash",
                    "Parent Relationship": "Inner",
                    "Parallel Aware": true,
                    "Startup Cost": 120016.32,
                    "Total Cost": 120016.32,
                    "Plan Rows": 352370,
                    "Plan Width": 8,
                    "Actual Startup Time": 670.431,
                    "Actual Total Time": 670.435,
                    "Actual Rows": 61632,
                    "Actual Loops": 2,
                    "Hash Buckets": 1048576,
                    "Original Hash Buckets": 1048576,
                    "Hash Batches": 1,
                    "Original Hash Batches": 1,
                    "Peak Memory Usage": 13024,
                    "Plans": [
                      {
                        "Node Type": "Hash Join",
                        "Parent Relationship": "Outer",
                        "Parallel Aware": true,
                        "Join Type": "Inner",
                        "Startup Cost": 86794.62,
                        "Total Cost": 120016.32,
                        "Plan Rows": 352370,
                        "Plan Width": 8,
                        "Actual Startup Time": 454.21,
                        "Actual Total Time": 651.69,
                        "Actual Rows": 61632,
                        "Actual Loops": 2,
                        "Inner Unique": true,
                        "Hash Cond": "(mk.movie_id = t.id)",
                        "Plans": [
                          {
                            "Node Type": "Bitmap Heap Scan",
                            "Parent Relationship": "Outer",
                            "Parallel Aware": true,
                            "Relation Name": "movie_keyword",
                            "Alias": "mk",
                            "Startup Cost": 20905.76,
                            "Total Cost": 52605.79,
                            "Plan Rows": 579683,
                            "Plan Width": 4,
                            "Actual Startup Time": 53.967,
                            "Actual Total Time": 150.603,
                            "Actual Rows": 494404,
                            "Actual Loops": 2,
                            "Recheck Cond": "(keyword_id < 928)",
                            "Rows Removed by Index Recheck": 0,
                            "Exact Heap Blocks": 12271,
                            "Lossy Heap Blocks": 0,
                            "Plans": [
                              {
                                "Node Type": "Bitmap Index Scan",
                                "Parent Relationship": "Outer",
                                "Parallel Aware": false,
                                "Index Name": "keyword_id_movie_keyword",
                                "Startup Cost": 0.0,
                                "Total Cost": 20659.39,
                                "Plan Rows": 985461,
                                "Plan Width": 0,
                                "Actual Startup Time": 50.335,
                                "Actual Total Time": 50.336,
                                "Actual Rows": 988808,
                                "Actual Loops": 1,
                                "Index Cond": "(keyword_id < 928)"
                              }
                            ]
                          },
                          {
                            "Node Type": "Hash",
                            "Parent Relationship": "Inner",
                            "Parallel Aware": true,
                            "Startup Cost": 54588.39,
                            "Total Cost": 54588.39,
                            "Plan Rows": 904038,
                            "Plan Width": 4,
                            "Actual Startup Time": 390.942,
                            "Actual Total Time": 390.943,
                            "Actual Rows": 771632,
                            "Actual Loops": 2,
                            "Hash Buckets": 2097152,
                            "Original Hash Buckets": 2097152,
                            "Hash Batches": 1,
                            "Original Hash Batches": 1,
                            "Peak Memory Usage": 76768,
                            "Plans": [
                              {
                                "Node Type": "Seq Scan",
                                "Parent Relationship": "Outer",
                                "Parallel Aware": true,
                                "Relation Name": "title",
                                "Alias": "t",
                                "Startup Cost": 0.0,
                                "Total Cost": 54588.39,
                                "Plan Rows": 904038,
                                "Plan Width": 4,
                                "Actual Startup Time": 0.041,
                                "Actual Total Time": 157.184,
                                "Actual Rows": 771632,
                                "Actual Loops": 2,
                                "Filter": "(kind_id = 7)",
                                "Rows Removed by Filter": 492524
                              }
                            ]
                          }
                        ]
                      }
                    ]
                  }
                ]
              }
            ]
          }
        ]
      }
    ]
  },
  "Planning Time": 1.056,
  "Triggers": [],
  "Execution Time": 999.697
}