[
  {
    "Plan": {
      "Node Type": "Aggregate",
      "Strategy": "Plain",
      "Partial Mode": "Simple",
      "Parallel Aware": false,
      "Startup Cost": 8809.76,
      "Total Cost": 8809.77,
      "Plan Rows": 1,
      "Plan Width": 8,
      "Actual Startup Time": 4.48,
      "Actual Total Time": 4.481,
      "Actual Rows": 1,
      "Actual Loops": 1,
      "Plans": [
        {
          "Node Type": "Index Scan",
          "Parent Relationship": "Outer",
          "Parallel Aware": false,
          "Scan Direction": "Forward",
          "Index Name": "company_id_movie_companies",
          "Relation Name": "movie_companies",
          "Alias": "mc",
          "Startup Cost": 0.43,
          "Total Cost": 8805.09,
          "Plan Rows": 1867,
          "Plan Width": 0,
          "Actual Startup Time": 2.742,
          "Actual Total Time": 4.348,
          "Actual Rows": 1755,
          "Actual Loops": 1,
          "Index Cond": "(company_id = 474)",
          "Rows Removed by Index Recheck": 0,
          "Filter": "(company_type_id > 1)",
          "Rows Removed by Filter": 2166
        }
      ]
    },
    "Planning Time": 0.109,
    "Triggers": [],
    "Execution Time": 4.507
  }
]