{
  "Plan": {
    "Node Type": "Aggregate",
    "Strategy": "Plain",
    "Partial Mode": "Finalize",
    "Parallel Aware": false,
    "Startup Cost": 683510.77,
    "Total Cost": 683510.78,
    "Plan Rows": 1,
    "Plan Width": 96,
    "Actual Startup Time": 6348.424,
    "Actual Total Time": 6349.914,
    "Actual Rows": 1,
    "Actual Loops": 1,
    "Plans": [
      {
        "Node Type": "Gather",
        "Parent Relationship": "Outer",
        "Parallel Aware": false,
        "Startup Cost": 683510.65,
        "Total Cost": 683510.76,
        "Plan Rows": 1,
        "Plan Width": 96,
        "Actual Startup Time": 6348.415,
        "Actual Total Time": 6349.905,
        "Actual Rows": 1,
        "Actual Loops": 1,
        "Workers Planned": 1,
        "Workers Launched": 0,
        "Single Copy": false,
        "Plans": [
          {
            "Node Type": "Aggregate",
            "Strategy": "Plain",
            "Partial Mode": "Partial",
            "Parent Relationship": "Outer",
            "Parallel Aware": false,
            "Startup Cost": 682510.65,
            "Total Cost": 682510.66,
            "Plan Rows": 1,
            "Plan Width": 96,
            "Actual Startup Time": 6347.478,
            "Actual Total Time": 6347.487,
            "Actual Rows": 1,
            "Actual Loops": 1,
            "Plans": [
              {
                "Node Type": "Nested Loop",
                "Parent Relationship": "Outer",
                "Parallel Aware": false,
                "Join Type": "Inner",
                "Startup Cost": 613621.52,
                "Total Cost": 682510.62,
                "Plan Rows": 4,
                "Plan Width": 48,
                "Actual Startup Time": 5625.416,
                "Actual Total Time": 6347.238,
                "Actual Rows": 743,
                "Actual Loops": 1,
                "Inner Unique": true,
                "Plans": [
                  {
                    "Node Type": "Hash Join",
                    "Parent Relationship": "Outer",
                    "Parallel Aware": false,
                    "Join Type": "Inner",
                    "Startup Cost": 613621.09,
                    "Total Cost": 682507.44,
                    "Plan Rows": 7,
                    "Plan Width": 39,
                    "Actual Startup Time": 5625.377,
                    "Actual Total Time": 6341.037,
                    "Actual Rows": 1411,
                    "Actual Loops": 1,
                    "Inner Unique": true,
                    "Hash Cond": "(mk.keyword_id = k.id)",
                    "Plans": [
                      {
                        "Node Type": "Hash Join",
                        "Parent Relationship": "Outer",
                        "Parallel Aware": true,
                        "Join Type": "Inner",
                        "Startup Cost": 610994.95,
                        "Total Cost": 677461.63,
                        "Plan Rows": 921751,
                        "Plan Width": 27,
                        "Actual Startup Time": 5593.592,
                        "Actual Total Time": 6285.855,
                        "Actual Rows": 610164,
                        "Actual Loops": 1,
                        "Inner Unique": false,
                        "Hash Cond": "(mk.movie_id = ci.movie_id)",
                        "Plans": [
                          {
                            "Node Type": "Seq Scan",
                            "Parent Relationship": "Outer",
                            "Parallel Aware": true,
                            "Relation Name": "movie_keyword",
                            "Alias": "mk",
                            "Startup Cost": 0.0,
                            "Total Cost": 51065.35,
                            "Plan Rows": 2661135,
                            "Plan Width": 8,
                            "Actual Startup Time": 0.008,
                            "Actual Total Time": 298.73,
                            "Actual Rows": 4523930,
                            "Actual Loops": 1
                          },
                          {
                            "Node Type": "Hash",
                            "Parent Relationship": "Inner",
                            "Parallel Aware": true,
                            "Startup Cost": 608304.16,
                            "Total Cost": 608304.16,
                            "Plan Rows": 215263,
                            "Plan Width": 19,
                            "Actual Startup Time": 5587.481,
                            "Actual Total Time": 5587.486,
                            "Actual Rows": 81075,
                            "Actual Loops": 1,
                            "Hash Buckets": 524288,
                            "Original Hash Buckets": 524288,
                            "Hash Batches": 1,
                            "Original Hash Batches": 1,
                            "Peak Memory Usage": 8448,
                            "Plans": [
                              {
                                "Node Type": "Hash Join",
                                "Parent Relationship": "Outer",
                                "Parallel Aware": true,
                                "Join Type": "Inner",
                                "Startup Cost": 86563.89,
                                "Total Cost": 608304.16,
                                "Plan Rows": 215263,
                                "Plan Width": 19,
                                "Actual Startup Time": 498.848,
                                "Actual Total Time": 5558.737,
                                "Actual Rows": 81075,
                                "Actual Loops": 1,
                                "Inner Unique": true,
                                "Hash Cond": "(ci.person_id = n.id)",
                                "Plans": [
                                  {
                                    "Node Type": "Seq Scan",
                                    "Parent Relationship": "Outer",
                                    "Parallel Aware": true,
                                    "Relation Name": "cast_info",
                                    "Alias": "ci",
                                    "Startup Cost": 0.0,
                                    "Total Cost": 465798.46,
                                    "Plan Rows": 21311146,
                                    "Plan Width": 8,
                                    "Actual Startup Time": 0.006,
                                    "Actual Total Time": 2671.488,
                                    "Actual Rows": 36244344,
                                    "Actual Loops": 1
                                  },
                                  {
                                    "Node Type": "Hash",
                                    "Parent Relationship": "Inner",
                                    "Parallel Aware": true,
                                    "Startup Cost": 86254.38,
                                    "Total Cost": 86254.38,
                                    "Plan Rows": 24761,
                                    "Plan Width": 19,
                                    "Actual Startup Time": 498.4,
                                    "Actual Total Time": 498.402,
                                    "Actual Rows": 10382,
                                    "Actual Loops": 1,
                                    "Hash Buckets": 65536,
                                    "Original Hash Buckets": 65536,
                                    "Hash Batches": 1,
                                    "Original Hash Batches": 1,
                                    "Peak Memory Usage": 1088,
                                    "Plans": [
                                      {
                                        "Node Type": "Seq Scan",
                                        "Parent Relationship": "Outer",
                                        "Parallel Aware": true,
                                        "Relation Name": "name",
                                        "Alias": "n",
                                        "Startup Cost": 0.0,
                                        "Total Cost": 86254.38,
                                        "Plan Rows": 24761,
                                        "Plan Width": 19,
                                        "Actual Startup Time": 0.163,
                                        "Actual Total Time": 494.54,
                                        "Actual Rows": 10382,
                                        "Actual Loops": 1,
                                        "Filter": "(name ~~ '%Brown,%'::text)",
                                        "Rows Removed by Filter": 4157109
                                      }
                                    ]
                                  }
                                ]
                              }
                            ]
                          }
                        ]
                      },
                      {
                        "Node Type": "Hash",
                        "Parent Relationship": "Inner",
                        "Parallel Aware": false,
                        "Startup Cost": 2626.12,
                        "Total Cost": 2626.12,
                        "Plan Rows": 1,
                        "Plan Width": 20,
                        "Actual Startup Time": 24.628,
                        "Actual Total Time": 24.629,
                        "Actual Rows": 1,
                        "Actual Loops": 1,
                        "Hash Buckets": 1024,
                        "Original Hash Buckets": 1024,
                        "Hash Batches": 1,
                        "Original Hash Batches": 1,
                        "Peak Memory Usage": 9,
                        "Plans": [
                          {
                            "Node Type": "Seq Scan",
                            "Parent Relationship": "Outer",
                            "Parallel Aware": false,
                            "Relation Name": "keyword",
                            "Alias": "k",
                            "Startup Cost": 0.0,
                            "Total Cost": 2626.12,
                            "Plan Rows": 1,
                            "Plan Width": 20,
                            "Actual Startup Time": 1.395,
                            "Actual Total Time": 24.621,
                            "Actual Rows": 1,
                            "Actual Loops": 1,
                            "Filter": "(keyword = 'violence'::text)",
                            "Rows Removed by Filter": 134169
                          }
                        ]
                      }
                    ]
                  },
                  {
                    "Node Type": "Index Scan",
                    "Parent Relationship": "Inner",
                    "Parallel Aware": false,
                    "Scan Direction": "Forward",
                    "Index Name": "title_pkey",
                    "Relation Name": "title",
                    "Alias": "t",
                    "Startup Cost": 0.43,
                    "Total Cost": 0.45,
                    "Plan Rows": 1,
                    "Plan Width": 21,
                    "Actual Startup Time": 0.004,
                    "Actual Total Time": 0.004,
                    "Actual Rows": 1,
                    "Actual Loops": 1411,
                    "Index Cond": "(id = ci.movie_id)",
                    "Rows Removed by Index Recheck": 0,
                    "Filter": "(production_year > 1998)",
                    "Rows Removed by Filter": 0
                  }
                ]
              }
            ]
          }
        ]
      }
    ]
  },
  "Planning Time": 1.634,
  "Triggers": [],
  "Execution Time": 6350.046
}