{
    "Plan": {
        "Node Type": "Aggregate",
        "Strategy": "Plain",
        "Partial Mode": "Finalize",
        "Parallel Aware": false,
        "Startup Cost": 449660.67,
        "Total Cost": 449660.68,
        "Plan Rows": 1,
        "Plan Width": 8,
        "Actual Startup Time": 2123.37,
        "Actual Total Time": 2164.949,
        "Actual Rows": 1,
        "Actual Loops": 1,
        "Output": [
            "count(*)"
        ],
        "Plans": [
            {
                "Node Type": "Gather",
                "Parent Relationship": "Outer",
                "Parallel Aware": false,
                "Startup Cost": 449660.05,
                "Total Cost": 449660.66,
                "Plan Rows": 6,
                "Plan Width": 8,
                "Actual Startup Time": 2102.604,
                "Actual Total Time": 2164.935,
                "Actual Rows": 7,
                "Actual Loops": 1,
                "Output": [
                    "(PARTIAL count(*))"
                ],
                "Workers Planned": 6,
                "Workers Launched": 6,
                "Single Copy": false,
                "Plans": [
                    {
                        "Node Type": "Aggregate",
                        "Strategy": "Plain",
                        "Partial Mode": "Partial",
                        "Parent Relationship": "Outer",
                        "Parallel Aware": false,
                        "Startup Cost": 448660.05,
                        "Total Cost": 448660.06,
                        "Plan Rows": 1,
                        "Plan Width": 8,
                        "Actual Startup Time": 2089.954,
                        "Actual Total Time": 2090.254,
                        "Actual Rows": 1,
                        "Actual Loops": 7,
                        "Output": [
                            "PARTIAL count(*)"
                        ],
                        "Workers": [
                            {
                                "Worker Number": 0,
                                "Actual Startup Time": 2088.181,
                                "Actual Total Time": 2088.186,
                                "Actual Rows": 1,
                                "Actual Loops": 1
                            },
                            {
                                "Worker Number": 1,
                                "Actual Startup Time": 2092.43,
                                "Actual Total Time": 2092.436,
                                "Actual Rows": 1,
                                "Actual Loops": 1
                            },
                            {
                                "Worker Number": 2,
                                "Actual Startup Time": 2086.691,
                                "Actual Total Time": 2086.697,
                                "Actual Rows": 1,
                                "Actual Loops": 1
                            },
                            {
                                "Worker Number": 3,
                                "Actual Startup Time": 2087.07,
                                "Actual Total Time": 2087.076,
                                "Actual Rows": 1,
                                "Actual Loops": 1
                            },
                            {
                                "Worker Number": 4,
                                "Actual Startup Time": 2086.859,
                                "Actual Total Time": 2086.864,
                                "Actual Rows": 1,
                                "Actual Loops": 1
                            },
                            {
                                "Worker Number": 5,
                                "Actual Startup Time": 2086.843,
                                "Actual Total Time": 2086.848,
                                "Actual Rows": 1,
                                "Actual Loops": 1
                            }
                        ],
                        "Plans": [
                            {
                                "Node Type": "Hash Join",
                                "Parent Relationship": "Outer",
                                "Parallel Aware": true,
                                "Join Type": "Inner",
                                "Startup Cost": 94763.65,
                                "Total Cost": 446719.68,
                                "Plan Rows": 776147,
                                "Plan Width": 0,
                                "Actual Startup Time": 688.434,
                                "Actual Total Time": 1802.827,
                                "Actual Rows": 5652650,
                                "Actual Loops": 7,
                                "Inner Unique": false,
                                "Hash Cond": "(ci.movie_id = t.id)",
                                "Workers": [
                                    {
                                        "Worker Number": 0,
                                        "Actual Startup Time": 687.393,
                                        "Actual Total Time": 1785.665,
                                        "Actual Rows": 4591336,
                                        "Actual Loops": 1
                                    },
                                    {
                                        "Worker Number": 1,
                                        "Actual Startup Time": 686.055,
                                        "Actual Total Time": 1797.431,
                                        "Actual Rows": 4654101,
                                        "Actual Loops": 1
                                    },
                                    {
                                        "Worker Number": 2,
                                        "Actual Startup Time": 686.028,
                                        "Actual Total Time": 1791.355,
                                        "Actual Rows": 4642877,
                                        "Actual Loops": 1
                                    },
                                    {
                                        "Worker Number": 3,
                                        "Actual Startup Time": 686.279,
                                        "Actual Total Time": 1789.687,
                                        "Actual Rows": 4700180,
                                        "Actual Loops": 1
                                    },
                                    {
                                        "Worker Number": 4,
                                        "Actual Startup Time": 686.151,
                                        "Actual Total Time": 1817.438,
                                        "Actual Rows": 6877022,
                                        "Actual Loops": 1
                                    },
                                    {
                                        "Worker Number": 5,
                                        "Actual Startup Time": 686.186,
                                        "Actual Total Time": 1819.272,
                                        "Actual Rows": 6827572,
                                        "Actual Loops": 1
                                    }
                                ],
                                "Plans": [
                                    {
                                        "Node Type": "Index Scan",
                                        "Parent Relationship": "Outer",
                                        "Parallel Aware": true,
                                        "Scan Direction": "Forward",
                                        "Index Name": "role_id_cast_info",
                                        "Relation Name": "cast_info",
                                        "Schema": "public",
                                        "Alias": "ci",
                                        "Startup Cost": 0.56,
                                        "Total Cost": 342814.42,
                                        "Plan Rows": 1770258,
                                        "Plan Width": 4,
                                        "Actual Startup Time": 159.017,
                                        "Actual Total Time": 460.536,
                                        "Actual Rows": 1162541,
                                        "Actual Loops": 7,
                                        "Output": [
                                            "ci.id",
                                            "ci.person_id",
                                            "ci.movie_id",
                                            "ci.person_role_id",
                                            "ci.note",
                                            "ci.nr_order",
                                            "ci.role_id"
                                        ],
                                        "Index Cond": "(ci.role_id = 1)",
                                        "Rows Removed by Index Recheck": 0,
                                        "Filter": "(ci.person_id > 606980)",
                                        "Rows Removed by Filter": 647558,
                                        "Workers": [
                                            {
                                                "Worker Number": 0,
                                                "Actual Startup Time": 158.904,
                                                "Actual Total Time": 465.045,
                                                "Actual Rows": 929370,
                                                "Actual Loops": 1
                                            },
                                            {
                                                "Worker Number": 1,
                                                "Actual Startup Time": 158.921,
                                                "Actual Total Time": 470.135,
                                                "Actual Rows": 963734,
                                                "Actual Loops": 1
                                            },
                                            {
                                                "Worker Number": 2,
                                                "Actual Startup Time": 159.049,
                                                "Actual Total Time": 466.643,
                                                "Actual Rows": 931321,
                                                "Actual Loops": 1
                                            },
                                            {
                                                "Worker Number": 3,
                                                "Actual Startup Time": 159.103,
                                                "Actual Total Time": 468.157,
                                                "Actual Rows": 953940,
                                                "Actual Loops": 1
                                            },
                                            {
                                                "Worker Number": 4,
                                                "Actual Startup Time": 159.011,
                                                "Actual Total Time": 467.386,
                                                "Actual Rows": 1421550,
                                                "Actual Loops": 1
                                            },
                                            {
                                                "Worker Number": 5,
                                                "Actual Startup Time": 159.057,
                                                "Actual Total Time": 468.032,
                                                "Actual Rows": 1420380,
                                                "Actual Loops": 1
                                            }
                                        ]
                                    },
                                    {
                                        "Node Type": "Hash",
                                        "Parent Relationship": "Inner",
                                        "Parallel Aware": true,
                                        "Startup Cost": 90293.29,
                                        "Total Cost": 90293.29,
                                        "Plan Rows": 357584,
                                        "Plan Width": 8,
                                        "Actual Startup Time": 525.086,
                                        "Actual Total Time": 525.384,
                                        "Actual Rows": 389902,
                                        "Actual Loops": 7,
                                        "Output": [
                                            "t.id",
                                            "mk.movie_id"
                                        ],
                                        "Hash Buckets": 4194304,
                                        "Original Hash Buckets": 2097152,
                                        "Hash Batches": 1,
                                        "Original Hash Batches": 1,
                                        "Peak Memory Usage": 156032,
                                        "Workers": [
                                            {
                                                "Worker Number": 0,
                                                "Actual Startup Time": 527.994,
                                                "Actual Total Time": 527.997,
                                                "Actual Rows": 313640,
                                                "Actual Loops": 1
                                            },
                                            {
                                                "Worker Number": 1,
                                                "Actual Startup Time": 526.455,
                                                "Actual Total Time": 526.46,
                                                "Actual Rows": 305661,
                                                "Actual Loops": 1
                                            },
                                            {
                                                "Worker Number": 2,
                                                "Actual Startup Time": 526.564,
                                                "Actual Total Time": 526.568,
                                                "Actual Rows": 328308,
                                                "Actual Loops": 1
                                            },
                                            {
                                                "Worker Number": 3,
                                                "Actual Startup Time": 526.701,
                                                "Actual Total Time": 526.705,
                                                "Actual Rows": 328170,
                                                "Actual Loops": 1
                                            },
                                            {
                                                "Worker Number": 4,
                                                "Actual Startup Time": 526.635,
                                                "Actual Total Time": 526.638,
                                                "Actual Rows": 477547,
                                                "Actual Loops": 1
                                            },
                                            {
                                                "Worker Number": 5,
                                                "Actual Startup Time": 526.635,
                                                "Actual Total Time": 526.638,
                                                "Actual Rows": 458560,
                                                "Actual Loops": 1
                                            }
                                        ],
                                        "Plans": [
                                            {
                                                "Node Type": "Hash Join",
                                                "Parent Relationship": "Outer",
                                                "Parallel Aware": true,
                                                "Join Type": "Inner",
                                                "Startup Cost": 47415.21,
                                                "Total Cost": 90293.29,
                                                "Plan Rows": 357584,
                                                "Plan Width": 8,
                                                "Actual Startup Time": 146.361,
                                                "Actual Total Time": 315.682,
                                                "Actual Rows": 389902,
                                                "Actual Loops": 7,
                                                "Output": [
                                                    "t.id",
                                                    "mk.movie_id"
                                                ],
                                                "Inner Unique": true,
                                                "Hash Cond": "(mk.movie_id = t.id)",
                                                "Workers": [
                                                    {
                                                        "Worker Number": 0,
                                                        "Actual Startup Time": 146.376,
                                                        "Actual Total Time": 316.294,
                                                        "Actual Rows": 313640,
                                                        "Actual Loops": 1
                                                    },
                                                    {
                                                        "Worker Number": 1,
                                                        "Actual Startup Time": 146.357,
                                                        "Actual Total Time": 315.901,
                                                        "Actual Rows": 305661,
                                                        "Actual Loops": 1
                                                    },
                                                    {
                                                        "Worker Number": 2,
                                                        "Actual Startup Time": 146.362,
                                                        "Actual Total Time": 317.474,
                                                        "Actual Rows": 328308,
                                                        "Actual Loops": 1
                                                    },
                                                    {
                                                        "Worker Number": 3,
                                                        "Actual Startup Time": 146.349,
                                                        "Actual Total Time": 315.72,
                                                        "Actual Rows": 328170,
                                                        "Actual Loops": 1
                                                    },
                                                    {
                                                        "Worker Number": 4,
                                                        "Actual Startup Time": 146.333,
                                                        "Actual Total Time": 317.116,
                                                        "Actual Rows": 477547,
                                                        "Actual Loops": 1
                                                    },
                                                    {
                                                        "Worker Number": 5,
                                                        "Actual Startup Time": 146.315,
                                                        "Actual Total Time": 316.542,
                                                        "Actual Rows": 458560,
                                                        "Actual Loops": 1
                                                    }
                                                ],
                                                "Plans": [
                                                    {
                                                        "Node Type": "Seq Scan",
                                                        "Parent Relationship": "Outer",
                                                        "Parallel Aware": true,
                                                        "Relation Name": "movie_keyword",
                                                        "Schema": "public",
                                                        "Alias": "mk",
                                                        "Startup Cost": 0.0,
                                                        "Total Cost": 39047.32,
                                                        "Plan Rows": 1459332,
                                                        "Plan Width": 4,
                                                        "Actual Startup Time": 0.018,
                                                        "Actual Total Time": 82.34,
                                                        "Actual Rows": 646276,
                                                        "Actual Loops": 7,
                                                        "Output": [
                                                            "mk.id",
                                                            "mk.movie_id",
                                                            "mk.keyword_id"
                                                        ],
                                                        "Workers": [
                                                            {
                                                                "Worker Number": 0,
                                                                "Actual Startup Time": 0.027,
                                                                "Actual Total Time": 84.178,
                                                                "Actual Rows": 514670,
                                                                "Actual Loops": 1
                                                            },
                                                            {
                                                                "Worker Number": 1,
                                                                "Actual Startup Time": 0.029,
                                                                "Actual Total Time": 84.861,
                                                                "Actual Rows": 503570,
                                                                "Actual Loops": 1
                                                            },
                                                            {
                                                                "Worker Number": 2,
                                                                "Actual Startup Time": 0.019,
                                                                "Actual Total Time": 85.347,
                                                                "Actual Rows": 536870,
                                                                "Actual Loops": 1
                                                            },
                                                            {
                                                                "Worker Number": 3,
                                                                "Actual Startup Time": 0.009,
                                                                "Actual Total Time": 84.782,
                                                                "Actual Rows": 534650,
                                                                "Actual Loops": 1
                                                            },
                                                            {
                                                                "Worker Number": 4,
                                                                "Actual Startup Time": 0.013,
                                                                "Actual Total Time": 86.048,
                                                                "Actual Rows": 781010,
                                                                "Actual Loops": 1
                                                            },
                                                            {
                                                                "Worker Number": 5,
                                                                "Actual Startup Time": 0.024,
                                                                "Actual Total Time": 86.141,
                                                                "Actual Rows": 764050,
                                                                "Actual Loops": 1
                                                            }
                                                        ]
                                                    },
                                                    {
                                                        "Node Type": "Hash",
                                                        "Parent Relationship": "Inner",
                                                        "Parallel Aware": true,
                                                        "Startup Cost": 45479.21,
                                                        "Total Cost": 45479.21,
                                                        "Plan Rows": 154880,
                                                        "Plan Width": 4,
                                                        "Actual Startup Time": 115.245,
                                                        "Actual Total Time": 115.246,
                                                        "Actual Rows": 76198,
                                                        "Actual Loops": 7,
                                                        "Output": [
                                                            "t.id"
                                                        ],
                                                        "Hash Buckets": 1048576,
                                                        "Original Hash Buckets": 1048576,
                                                        "Hash Batches": 1,
                                                        "Original Hash Batches": 1,
                                                        "Peak Memory Usage": 29152,
                                                        "Workers": [
                                                            {
                                                                "Worker Number": 0,
                                                                "Actual Startup Time": 116.232,
                                                                "Actual Total Time": 116.234,
                                                                "Actual Rows": 64369,
                                                                "Actual Loops": 1
                                                            },
                                                            {
                                                                "Worker Number": 1,
                                                                "Actual Startup Time": 116.212,
                                                                "Actual Total Time": 116.214,
                                                                "Actual Rows": 64322,
                                                                "Actual Loops": 1
                                                            },
                                                            {
                                                                "Worker Number": 2,
                                                                "Actual Startup Time": 116.241,
                                                                "Actual Total Time": 116.242,
                                                                "Actual Rows": 63232,
                                                                "Actual Loops": 1
                                                            },
                                                            {
                                                                "Worker Number": 3,
                                                                "Actual Startup Time": 116.195,
                                                                "Actual Total Time": 116.197,
                                                                "Actual Rows": 63322,
                                                                "Actual Loops": 1
                                                            },
                                                            {
                                                                "Worker Number": 4,
                                                                "Actual Startup Time": 116.18,
                                                                "Actual Total Time": 116.181,
                                                                "Actual Rows": 85568,
                                                                "Actual Loops": 1
                                                            },
                                                            {
                                                                "Worker Number": 5,
                                                                "Actual Startup Time": 116.176,
                                                                "Actual Total Time": 116.177,
                                                                "Actual Rows": 86285,
                                                                "Actual Loops": 1
                                                            }
                                                        ],
                                                        "Plans": [
                                                            {
                                                                "Node Type": "Seq Scan",
                                                                "Parent Relationship": "Outer",
                                                                "Parallel Aware": true,
                                                                "Relation Name": "title",
                                                                "Schema": "public",
                                                                "Alias": "t",
                                                                "Startup Cost": 0.0,
                                                                "Total Cost": 45479.21,
                                                                "Plan Rows": 154880,
                                                                "Plan Width": 4,
                                                                "Actual Startup Time": 41.189,
                                                                "Actual Total Time": 79.286,
                                                                "Actual Rows": 76198,
                                                                "Actual Loops": 7,
                                                                "Output": [
                                                                    "t.id"
                                                                ],
                                                                "Filter": "((t.kind_id < 2) AND (t.production_year > 1932))",
                                                                "Rows Removed by Filter": 284989,
                                                                "Workers": [
                                                                    {
                                                                        "Worker Number": 0,
                                                                        "Actual Startup Time": 47.149,
                                                                        "Actual Total Time": 80.269,
                                                                        "Actual Rows": 64369,
                                                                        "Actual Loops": 1
                                                                    },
                                                                    {
                                                                        "Worker Number": 1,
                                                                        "Actual Startup Time": 47.357,
                                                                        "Actual Total Time": 80.509,
                                                                        "Actual Rows": 64322,
                                                                        "Actual Loops": 1
                                                                    },
                                                                    {
                                                                        "Worker Number": 2,
                                                                        "Actual Startup Time": 4.992,
                                                                        "Actual Total Time": 80.005,
                                                                        "Actual Rows": 63232,
                                                                        "Actual Loops": 1
                                                                    },
                                                                    {
                                                                        "Worker Number": 3,
                                                                        "Actual Startup Time": 47.197,
                                                                        "Actual Total Time": 79.934,
                                                                        "Actual Rows": 63322,
                                                                        "Actual Loops": 1
                                                                    },
                                                                    {
                                                                        "Worker Number": 4,
                                                                        "Actual Startup Time": 47.122,
                                                                        "Actual Total Time": 79.193,
                                                                        "Actual Rows": 85568,
                                                                        "Actual Loops": 1
                                                                    },
                                                                    {
                                                                        "Worker Number": 5,
                                                                        "Actual Startup Time": 47.198,
                                                                        "Actual Total Time": 79.689,
                                                                        "Actual Rows": 86285,
                                                                        "Actual Loops": 1
                                                                    }
                                                                ]
                                                            }
                                                        ]
                                                    }
                                                ]
                                            }
                                        ]
                                    }
                                ]
                            }
                        ]
                    }
                ]
            }
        ]
    },
    "Planning Time": 1.536,
    "Triggers": [],
    "Execution Time": 2165.047
}