[
  {
    "Plan": {
      "Node Type": "Aggregate",
      "Strategy": "Plain",
      "Partial Mode": "Finalize",
      "Parallel Aware": false,
      "Startup Cost": 33273.21,
      "Total Cost": 33273.22,
      "Plan Rows": 1,
      "Plan Width": 8,
      "Actual Startup Time": 95.401,
      "Actual Total Time": 103.132,
      "Actual Rows": 1,
      "Actual Loops": 1,
      "Plans": [
        {
          "Node Type": "Gather",
          "Parent Relationship": "Outer",
          "Parallel Aware": false,
          "Startup Cost": 33272.89,
          "Total Cost": 33273.2,
          "Plan Rows": 3,
          "Plan Width": 8,
          "Actual Startup Time": 95.329,
          "Actual Total Time": 103.124,
          "Actual Rows": 4,
          "Actual Loops": 1,
          "Workers Planned": 3,
          "Workers Launched": 3,
          "Single Copy": false,
          "Plans": [
            {
              "Node Type": "Aggregate",
              "Strategy": "Plain",
              "Partial Mode": "Partial",
              "Parent Relationship": "Outer",
              "Parallel Aware": false,
              "Startup Cost": 32272.89,
              "Total Cost": 32272.9,
              "Plan Rows": 1,
              "Plan Width": 8,
              "Actual Startup Time": 89.422,
              "Actual Total Time": 89.423,
              "Actual Rows": 1,
              "Actual Loops": 4,
              "Plans": [
                {
                  "Node Type": "Seq Scan",
                  "Parent Relationship": "Outer",
                  "Parallel Aware": true,
                  "Relation Name": "movie_companies",
                  "Alias": "mc",
                  "Startup Cost": 0.0,
                  "Total Cost": 31414.82,
                  "Plan Rows": 343228,
                  "Plan Width": 0,
                  "Actual Startup Time": 0.212,
                  "Actual Total Time": 77.715,
                  "Actual Rows": 234375,
                  "Actual Loops": 4,
                  "Filter": "((company_id > 338) AND (company_type_id < 2))",
                  "Rows Removed by Filter": 417907
                }
              ]
            }
          ]
        }
      ]
    },
    "Planning Time": 0.198,
    "Triggers": [],
    "Execution Time": 103.196
  }
]