{
    "Plan": {
        "Node Type": "Aggregate",
        "Strategy": "Plain",
        "Partial Mode": "Finalize",
        "Parallel Aware": false,
        "Startup Cost": 179075.61,
        "Total Cost": 179075.62,
        "Plan Rows": 1,
        "Plan Width": 8,
        "Actual Startup Time": 837.645,
        "Actual Total Time": 907.333,
        "Actual Rows": 1,
        "Actual Loops": 1,
        "Output": [
            "count(*)"
        ],
        "Plans": [
            {
                "Node Type": "Gather",
                "Parent Relationship": "Outer",
                "Parallel Aware": false,
                "Startup Cost": 179075.09,
                "Total Cost": 179075.6,
                "Plan Rows": 5,
                "Plan Width": 8,
                "Actual Startup Time": 837.338,
                "Actual Total Time": 907.323,
                "Actual Rows": 6,
                "Actual Loops": 1,
                "Output": [
                    "(PARTIAL count(*))"
                ],
                "Workers Planned": 5,
                "Workers Launched": 5,
                "Single Copy": false,
                "Plans": [
                    {
                        "Node Type": "Aggregate",
                        "Strategy": "Plain",
                        "Partial Mode": "Partial",
                        "Parent Relationship": "Outer",
                        "Parallel Aware": false,
                        "Startup Cost": 178075.09,
                        "Total Cost": 178075.1,
                        "Plan Rows": 1,
                        "Plan Width": 8,
                        "Actual Startup Time": 827.174,
                        "Actual Total Time": 827.176,
                        "Actual Rows": 1,
                        "Actual Loops": 6,
                        "Output": [
                            "PARTIAL count(*)"
                        ],
                        "Workers": [
                            {
                                "Worker Number": 0,
                                "Actual Startup Time": 821.895,
                                "Actual Total Time": 821.898,
                                "Actual Rows": 1,
                                "Actual Loops": 1
                            },
                            {
                                "Worker Number": 1,
                                "Actual Startup Time": 824.276,
                                "Actual Total Time": 824.278,
                                "Actual Rows": 1,
                                "Actual Loops": 1
                            },
                            {
                                "Worker Number": 2,
                                "Actual Startup Time": 824.346,
                                "Actual Total Time": 824.349,
                                "Actual Rows": 1,
                                "Actual Loops": 1
                            },
                            {
                                "Worker Number": 3,
                                "Actual Startup Time": 830.743,
                                "Actual Total Time": 830.745,
                                "Actual Rows": 1,
                                "Actual Loops": 1
                            },
                            {
                                "Worker Number": 4,
                                "Actual Startup Time": 825.391,
                                "Actual Total Time": 825.393,
                                "Actual Rows": 1,
                                "Actual Loops": 1
                            }
                        ],
                        "Plans": [
                            {
                                "Node Type": "Nested Loop",
                                "Parent Relationship": "Outer",
                                "Parallel Aware": false,
                                "Join Type": "Inner",
                                "Startup Cost": 78289.61,
                                "Total Cost": 178044.54,
                                "Plan Rows": 12217,
                                "Plan Width": 0,
                                "Actual Startup Time": 134.319,
                                "Actual Total Time": 825.67,
                                "Actual Rows": 16425,
                                "Actual Loops": 6,
                                "Inner Unique": false,
                                "Workers": [
                                    {
                                        "Worker Number": 0,
                                        "Actual Startup Time": 125.882,
                                        "Actual Total Time": 820.282,
                                        "Actual Rows": 10502,
                                        "Actual Loops": 1
                                    },
                                    {
                                        "Worker Number": 1,
                                        "Actual Startup Time": 134.488,
                                        "Actual Total Time": 822.907,
                                        "Actual Rows": 15571,
                                        "Actual Loops": 1
                                    },
                                    {
                                        "Worker Number": 2,
                                        "Actual Startup Time": 127.844,
                                        "Actual Total Time": 822.638,
                                        "Actual Rows": 11225,
                                        "Actual Loops": 1
                                    },
                                    {
                                        "Worker Number": 3,
                                        "Actual Startup Time": 146.444,
                                        "Actual Total Time": 829.293,
                                        "Actual Rows": 17291,
                                        "Actual Loops": 1
                                    },
                                    {
                                        "Worker Number": 4,
                                        "Actual Startup Time": 133.29,
                                        "Actual Total Time": 824.008,
                                        "Actual Rows": 15893,
                                        "Actual Loops": 1
                                    }
                                ],
                                "Plans": [
                                    {
                                        "Node Type": "Merge Join",
                                        "Parent Relationship": "Outer",
                                        "Parallel Aware": false,
                                        "Join Type": "Inner",
                                        "Startup Cost": 78289.05,
                                        "Total Cost": 169738.8,
                                        "Plan Rows": 4131,
                                        "Plan Width": 8,
                                        "Actual Startup Time": 132.655,
                                        "Actual Total Time": 559.355,
                                        "Actual Rows": 2767,
                                        "Actual Loops": 6,
                                        "Output": [
                                            "t.id",
                                            "mi.movie_id"
                                        ],
                                        "Inner Unique": false,
                                        "Merge Cond": "(t.id = mi.movie_id)",
                                        "Workers": [
                                            {
                                                "Worker Number": 0,
                                                "Actual Startup Time": 125.774,
                                                "Actual Total Time": 536.127,
                                                "Actual Rows": 1769,
                                                "Actual Loops": 1
                                            },
                                            {
                                                "Worker Number": 1,
                                                "Actual Startup Time": 133.999,
                                                "Actual Total Time": 545.702,
                                                "Actual Rows": 2719,
                                                "Actual Loops": 1
                                            },
                                            {
                                                "Worker Number": 2,
                                                "Actual Startup Time": 127.693,
                                                "Actual Total Time": 541.091,
                                                "Actual Rows": 1909,
                                                "Actual Loops": 1
                                            },
                                            {
                                                "Worker Number": 3,
                                                "Actual Startup Time": 138.52,
                                                "Actual Total Time": 553.204,
                                                "Actual Rows": 2714,
                                                "Actual Loops": 1
                                            },
                                            {
                                                "Worker Number": 4,
                                                "Actual Startup Time": 132.022,
                                                "Actual Total Time": 546.621,
                                                "Actual Rows": 2779,
                                                "Actual Loops": 1
                                            }
                                        ],
                                        "Plans": [
                                            {
                                                "Node Type": "Index Only Scan",
                                                "Parent Relationship": "Outer",
                                                "Parallel Aware": true,
                                                "Scan Direction": "Forward",
                                                "Index Name": "title_pkey",
                                                "Relation Name": "title",
                                                "Schema": "public",
                                                "Alias": "t",
                                                "Startup Cost": 0.43,
                                                "Total Cost": 90115.52,
                                                "Plan Rows": 505664,
                                                "Plan Width": 4,
                                                "Actual Startup Time": 0.156,
                                                "Actual Total Time": 400.22,
                                                "Actual Rows": 420933,
                                                "Actual Loops": 6,
                                                "Output": [
                                                    "t.id"
                                                ],
                                                "Heap Fetches": 2525597,
                                                "Workers": [
                                                    {
                                                        "Worker Number": 0,
                                                        "Actual Startup Time": 0.288,
                                                        "Actual Total Time": 385.019,
                                                        "Actual Rows": 279705,
                                                        "Actual Loops": 1
                                                    },
                                                    {
                                                        "Worker Number": 1,
                                                        "Actual Startup Time": 0.183,
                                                        "Actual Total Time": 390.662,
                                                        "Actual Rows": 438279,
                                                        "Actual Loops": 1
                                                    },
                                                    {
                                                        "Worker Number": 2,
                                                        "Actual Startup Time": 0.175,
                                                        "Actual Total Time": 382.674,
                                                        "Actual Rows": 337737,
                                                        "Actual Loops": 1
                                                    },
                                                    {
                                                        "Worker Number": 3,
                                                        "Actual Startup Time": 0.066,
                                                        "Actual Total Time": 392.237,
                                                        "Actual Rows": 435125,
                                                        "Actual Loops": 1
                                                    },
                                                    {
                                                        "Worker Number": 4,
                                                        "Actual Startup Time": 0.177,
                                                        "Actual Total Time": 390.714,
                                                        "Actual Rows": 434064,
                                                        "Actual Loops": 1
                                                    }
                                                ]
                                            },
                                            {
                                                "Node Type": "Sort",
                                                "Parent Relationship": "Inner",
                                                "Parallel Aware": false,
                                                "Startup Cost": 78286.27,
                                                "Total Cost": 78337.91,
                                                "Plan Rows": 20657,
                                                "Plan Width": 4,
                                                "Actual Startup Time": 126.379,
                                                "Actual Total Time": 130.082,
                                                "Actual Rows": 16603,
                                                "Actual Loops": 6,
                                                "Output": [
                                                    "mi.movie_id"
                                                ],
                                                "Sort Key": [
                                                    "mi.movie_id"
                                                ],
                                                "Sort Method": "quicksort",
                                                "Sort Space Used": 1547,
                                                "Sort Space Type": "Memory",
                                                "Workers": [
                                                    {
                                                        "Worker Number": 0,
                                                        "Actual Startup Time": 121.089,
                                                        "Actual Total Time": 125.198,
                                                        "Actual Rows": 16603,
                                                        "Actual Loops": 1
                                                    },
                                                    {
                                                        "Worker Number": 1,
                                                        "Actual Startup Time": 123.598,
                                                        "Actual Total Time": 127.109,
                                                        "Actual Rows": 16603,
                                                        "Actual Loops": 1
                                                    },
                                                    {
                                                        "Worker Number": 2,
                                                        "Actual Startup Time": 123.89,
                                                        "Actual Total Time": 127.863,
                                                        "Actual Rows": 16603,
                                                        "Actual Loops": 1
                                                    },
                                                    {
                                                        "Worker Number": 3,
                                                        "Actual Startup Time": 130.251,
                                                        "Actual Total Time": 133.88,
                                                        "Actual Rows": 16603,
                                                        "Actual Loops": 1
                                                    },
                                                    {
                                                        "Worker Number": 4,
                                                        "Actual Startup Time": 124.824,
                                                        "Actual Total Time": 128.348,
                                                        "Actual Rows": 16603,
                                                        "Actual Loops": 1
                                                    }
                                                ],
                                                "Plans": [
                                                    {
                                                        "Node Type": "Index Scan",
                                                        "Parent Relationship": "Outer",
                                                        "Parallel Aware": false,
                                                        "Scan Direction": "Forward",
                                                        "Index Name": "info_type_id_movie_info",
                                                        "Relation Name": "movie_info",
                                                        "Schema": "public",
                                                        "Alias": "mi",
                                                        "Startup Cost": 0.43,
                                                        "Total Cost": 76805.74,
                                                        "Plan Rows": 20657,
                                                        "Plan Width": 4,
                                                        "Actual Startup Time": 56.782,
                                                        "Actual Total Time": 114.083,
                                                        "Actual Rows": 16603,
                                                        "Actual Loops": 6,
                                                        "Output": [
                                                            "mi.movie_id"
                                                        ],
                                                        "Index Cond": "(mi.info_type_id = 102)",
                                                        "Rows Removed by Index Recheck": 0,
                                                        "Workers": [
                                                            {
                                                                "Worker Number": 0,
                                                                "Actual Startup Time": 51.751,
                                                                "Actual Total Time": 108.717,
                                                                "Actual Rows": 16603,
                                                                "Actual Loops": 1
                                                            },
                                                            {
                                                                "Worker Number": 1,
                                                                "Actual Startup Time": 53.838,
                                                                "Actual Total Time": 110.857,
                                                                "Actual Rows": 16603,
                                                                "Actual Loops": 1
                                                            },
                                                            {
                                                                "Worker Number": 2,
                                                                "Actual Startup Time": 53.918,
                                                                "Actual Total Time": 110.713,
                                                                "Actual Rows": 16603,
                                                                "Actual Loops": 1
                                                            },
                                                            {
                                                                "Worker Number": 3,
                                                                "Actual Startup Time": 60.689,
                                                                "Actual Total Time": 117.353,
                                                                "Actual Rows": 16603,
                                                                "Actual Loops": 1
                                                            },
                                                            {
                                                                "Worker Number": 4,
                                                                "Actual Startup Time": 54.861,
                                                                "Actual Total Time": 112.109,
                                                                "Actual Rows": 16603,
                                                                "Actual Loops": 1
                                                            }
                                                        ]
                                                    }
                                                ]
                                            }
                                        ]
                                    },
                                    {
                                        "Node Type": "Index Scan",
                                        "Parent Relationship": "Inner",
                                        "Parallel Aware": false,
                                        "Scan Direction": "Forward",
                                        "Index Name": "movie_id_cast_info",
                                        "Relation Name": "cast_info",
                                        "Schema": "public",
                                        "Alias": "ci",
                                        "Startup Cost": 0.56,
                                        "Total Cost": 1.93,
                                        "Plan Rows": 8,
                                        "Plan Width": 4,
                                        "Actual Startup Time": 0.047,
                                        "Actual Total Time": 0.095,
                                        "Actual Rows": 6,
                                        "Actual Loops": 16603,
                                        "Output": [
                                            "ci.id",
                                            "ci.person_id",
                                            "ci.movie_id",
                                            "ci.person_role_id",
                                            "ci.note",
                                            "ci.nr_order",
                                            "ci.role_id"
                                        ],
                                        "Index Cond": "(ci.movie_id = t.id)",
                                        "Rows Removed by Index Recheck": 0,
                                        "Filter": "(ci.role_id = 2)",
                                        "Rows Removed by Filter": 27,
                                        "Workers": [
                                            {
                                                "Worker Number": 0,
                                                "Actual Startup Time": 0.077,
                                                "Actual Total Time": 0.159,
                                                "Actual Rows": 6,
                                                "Actual Loops": 1769
                                            },
                                            {
                                                "Worker Number": 1,
                                                "Actual Startup Time": 0.05,
                                                "Actual Total Time": 0.101,
                                                "Actual Rows": 6,
                                                "Actual Loops": 2719
                                            },
                                            {
                                                "Worker Number": 2,
                                                "Actual Startup Time": 0.07,
                                                "Actual Total Time": 0.146,
                                                "Actual Rows": 6,
                                                "Actual Loops": 1909
                                            },
                                            {
                                                "Worker Number": 3,
                                                "Actual Startup Time": 0.05,
                                                "Actual Total Time": 0.101,
                                                "Actual Rows": 6,
                                                "Actual Loops": 2714
                                            },
                                            {
                                                "Worker Number": 4,
                                                "Actual Startup Time": 0.049,
                                                "Actual Total Time": 0.099,
                                                "Actual Rows": 6,
                                                "Actual Loops": 2779
                                            }
                                        ]
                                    }
                                ]
                            }
                        ]
                    }
                ]
            }
        ]
    },
    "Planning Time": 1.569,
    "Triggers": [],
    "Execution Time": 907.809
}