[
    {
        "Bao": {
            "Bao prediction": "NaN",
            "Bao recommended hint": "(no hint)"
        }
    },
    {
        "Plan": {
            "Node Type": "Aggregate",
            "Strategy": "Plain",
            "Partial Mode": "Finalize",
            "Parallel Aware": false,
            "Startup Cost": 306744.75,
            "Total Cost": 306744.76,
            "Plan Rows": 1,
            "Plan Width": 8,
            "Actual Startup Time": 4178.536,
            "Actual Total Time": 4211.236,
            "Actual Rows": 1,
            "Actual Loops": 1,
            "Output": [
                "count(*)"
            ],
            "Plans": [
                {
                    "Node Type": "Gather",
                    "Parent Relationship": "Outer",
                    "Parallel Aware": false,
                    "Startup Cost": 306744.22,
                    "Total Cost": 306744.73,
                    "Plan Rows": 5,
                    "Plan Width": 8,
                    "Actual Startup Time": 4149.649,
                    "Actual Total Time": 4211.225,
                    "Actual Rows": 6,
                    "Actual Loops": 1,
                    "Output": [
                        "(PARTIAL count(*))"
                    ],
                    "Workers Planned": 5,
                    "Workers Launched": 5,
                    "Single Copy": false,
                    "Plans": [
                        {
                            "Node Type": "Aggregate",
                            "Strategy": "Plain",
                            "Partial Mode": "Partial",
                            "Parent Relationship": "Outer",
                            "Parallel Aware": false,
                            "Startup Cost": 305744.22,
                            "Total Cost": 305744.23,
                            "Plan Rows": 1,
                            "Plan Width": 8,
                            "Actual Startup Time": 4140.865,
                            "Actual Total Time": 4141.691,
                            "Actual Rows": 1,
                            "Actual Loops": 6,
                            "Output": [
                                "PARTIAL count(*)"
                            ],
                            "Workers": [
                                {
                                    "Worker Number": 0,
                                    "Actual Startup Time": 4143.083,
                                    "Actual Total Time": 4143.087,
                                    "Actual Rows": 1,
                                    "Actual Loops": 1
                                },
                                {
                                    "Worker Number": 1,
                                    "Actual Startup Time": 4137.62,
                                    "Actual Total Time": 4137.625,
                                    "Actual Rows": 1,
                                    "Actual Loops": 1
                                },
                                {
                                    "Worker Number": 2,
                                    "Actual Startup Time": 4137.975,
                                    "Actual Total Time": 4137.979,
                                    "Actual Rows": 1,
                                    "Actual Loops": 1
                                },
                                {
                                    "Worker Number": 3,
                                    "Actual Startup Time": 4138.486,
                                    "Actual Total Time": 4138.491,
                                    "Actual Rows": 1,
                                    "Actual Loops": 1
                                },
                                {
                                    "Worker Number": 4,
                                    "Actual Startup Time": 4138.715,
                                    "Actual Total Time": 4138.72,
                                    "Actual Rows": 1,
                                    "Actual Loops": 1
                                }
                            ],
                            "Plans": [
                                {
                                    "Node Type": "Hash Join",
                                    "Parent Relationship": "Outer",
                                    "Parallel Aware": true,
                                    "Join Type": "Inner",
                                    "Startup Cost": 94907.83,
                                    "Total Cost": 303622.91,
                                    "Plan Rows": 848524,
                                    "Plan Width": 0,
                                    "Actual Startup Time": 496.371,
                                    "Actual Total Time": 2977.351,
                                    "Actual Rows": 29028839,
                                    "Actual Loops": 6,
                                    "Inner Unique": false,
                                    "Hash Cond": "(mi.movie_id = t.id)",
                                    "Workers": [
                                        {
                                            "Worker Number": 0,
                                            "Actual Startup Time": 493.732,
                                            "Actual Total Time": 2987.486,
                                            "Actual Rows": 30162912,
                                            "Actual Loops": 1
                                        },
                                        {
                                            "Worker Number": 1,
                                            "Actual Startup Time": 494.107,
                                            "Actual Total Time": 2976.579,
                                            "Actual Rows": 30073252,
                                            "Actual Loops": 1
                                        },
                                        {
                                            "Worker Number": 2,
                                            "Actual Startup Time": 494.458,
                                            "Actual Total Time": 2981.34,
                                            "Actual Rows": 30183544,
                                            "Actual Loops": 1
                                        },
                                        {
                                            "Worker Number": 3,
                                            "Actual Startup Time": 494.985,
                                            "Actual Total Time": 2968.436,
                                            "Actual Rows": 23946158,
                                            "Actual Loops": 1
                                        },
                                        {
                                            "Worker Number": 4,
                                            "Actual Startup Time": 495.176,
                                            "Actual Total Time": 2975.894,
                                            "Actual Rows": 30093978,
                                            "Actual Loops": 1
                                        }
                                    ],
                                    "Plans": [
                                        {
                                            "Node Type": "Seq Scan",
                                            "Parent Relationship": "Outer",
                                            "Parallel Aware": true,
                                            "Relation Name": "movie_info",
                                            "Schema": "public",
                                            "Alias": "mi",
                                            "Startup Cost": 0.0,
                                            "Total Cost": 198880.74,
                                            "Plan Rows": 1892579,
                                            "Plan Width": 4,
                                            "Actual Startup Time": 14.587,
                                            "Actual Total Time": 297.895,
                                            "Actual Rows": 1570867,
                                            "Actual Loops": 6,
                                            "Output": [
                                                "mi.id",
                                                "mi.movie_id",
                                                "mi.info_type_id",
                                                "mi.info",
                                                "mi.note"
                                            ],
                                            "Filter": "(mi.info_type_id > 5)",
                                            "Rows Removed by Filter": 901753,
                                            "Workers": [
                                                {
                                                    "Worker Number": 0,
                                                    "Actual Startup Time": 14.595,
                                                    "Actual Total Time": 309.759,
                                                    "Actual Rows": 1615685,
                                                    "Actual Loops": 1
                                                },
                                                {
                                                    "Worker Number": 1,
                                                    "Actual Startup Time": 14.542,
                                                    "Actual Total Time": 300.05,
                                                    "Actual Rows": 1629541,
                                                    "Actual Loops": 1
                                                },
                                                {
                                                    "Worker Number": 2,
                                                    "Actual Startup Time": 14.59,
                                                    "Actual Total Time": 309.617,
                                                    "Actual Rows": 1608215,
                                                    "Actual Loops": 1
                                                },
                                                {
                                                    "Worker Number": 3,
                                                    "Actual Startup Time": 14.603,
                                                    "Actual Total Time": 306.695,
                                                    "Actual Rows": 1243449,
                                                    "Actual Loops": 1
                                                },
                                                {
                                                    "Worker Number": 4,
                                                    "Actual Startup Time": 14.599,
                                                    "Actual Total Time": 299.282,
                                                    "Actual Rows": 1616631,
                                                    "Actual Loops": 1
                                                }
                                            ]
                                        },
                                        {
                                            "Node Type": "Hash",
                                            "Parent Relationship": "Inner",
                                            "Parallel Aware": true,
                                            "Startup Cost": 90337.04,
                                            "Total Cost": 90337.04,
                                            "Plan Rows": 365663,
                                            "Plan Width": 8,
                                            "Actual Startup Time": 465.185,
                                            "Actual Total Time": 466.009,
                                            "Actual Rows": 474825,
                                            "Actual Loops": 6,
                                            "Output": [
                                                "t.id",
                                                "mk.movie_id"
                                            ],
                                            "Hash Buckets": 4194304,
                                            "Original Hash Buckets": 2097152,
                                            "Hash Batches": 1,
                                            "Original Hash Batches": 1,
                                            "Peak Memory Usage": 160704,
                                            "Workers": [
                                                {
                                                    "Worker Number": 0,
                                                    "Actual Startup Time": 465.215,
                                                    "Actual Total Time": 465.219,
                                                    "Actual Rows": 493504,
                                                    "Actual Loops": 1
                                                },
                                                {
                                                    "Worker Number": 1,
                                                    "Actual Startup Time": 465.418,
                                                    "Actual Total Time": 465.422,
                                                    "Actual Rows": 496337,
                                                    "Actual Loops": 1
                                                },
                                                {
                                                    "Worker Number": 2,
                                                    "Actual Startup Time": 465.867,
                                                    "Actual Total Time": 465.87,
                                                    "Actual Rows": 505002,
                                                    "Actual Loops": 1
                                                },
                                                {
                                                    "Worker Number": 3,
                                                    "Actual Startup Time": 466.36,
                                                    "Actual Total Time": 466.364,
                                                    "Actual Rows": 331347,
                                                    "Actual Loops": 1
                                                },
                                                {
                                                    "Worker Number": 4,
                                                    "Actual Startup Time": 466.607,
                                                    "Actual Total Time": 466.611,
                                                    "Actual Rows": 501899,
                                                    "Actual Loops": 1
                                                }
                                            ],
                                            "Plans": [
                                                {
                                                    "Node Type": "Hash Join",
                                                    "Parent Relationship": "Outer",
                                                    "Parallel Aware": true,
                                                    "Join Type": "Inner",
                                                    "Startup Cost": 47458.96,
                                                    "Total Cost": 90337.04,
                                                    "Plan Rows": 365663,
                                                    "Plan Width": 8,
                                                    "Actual Startup Time": 147.722,
                                                    "Actual Total Time": 301.633,
                                                    "Actual Rows": 474825,
                                                    "Actual Loops": 6,
                                                    "Output": [
                                                        "t.id",
                                                        "mk.movie_id"
                                                    ],
                                                    "Inner Unique": true,
                                                    "Hash Cond": "(mk.movie_id = t.id)",
                                                    "Workers": [
                                                        {
                                                            "Worker Number": 0,
                                                            "Actual Startup Time": 147.696,
                                                            "Actual Total Time": 301.559,
                                                            "Actual Rows": 493504,
                                                            "Actual Loops": 1
                                                        },
                                                        {
                                                            "Worker Number": 1,
                                                            "Actual Startup Time": 147.735,
                                                            "Actual Total Time": 301.928,
                                                            "Actual Rows": 496337,
                                                            "Actual Loops": 1
                                                        },
                                                        {
                                                            "Worker Number": 2,
                                                            "Actual Startup Time": 147.713,
                                                            "Actual Total Time": 300.58,
                                                            "Actual Rows": 505002,
                                                            "Actual Loops": 1
                                                        },
                                                        {
                                                            "Worker Number": 3,
                                                            "Actual Startup Time": 147.677,
                                                            "Actual Total Time": 301.555,
                                                            "Actual Rows": 331347,
                                                            "Actual Loops": 1
                                                        },
                                                        {
                                                            "Worker Number": 4,
                                                            "Actual Startup Time": 147.663,
                                                            "Actual Total Time": 300.487,
                                                            "Actual Rows": 501899,
                                                            "Actual Loops": 1
                                                        }
                                                    ],
                                                    "Plans": [
                                                        {
                                                            "Node Type": "Seq Scan",
                                                            "Parent Relationship": "Outer",
                                                            "Parallel Aware": true,
                                                            "Relation Name": "movie_keyword",
                                                            "Schema": "public",
                                                            "Alias": "mk",
                                                            "Startup Cost": 0.0,
                                                            "Total Cost": 39047.32,
                                                            "Plan Rows": 1459332,
                                                            "Plan Width": 4,
                                                            "Actual Startup Time": 0.015,
                                                            "Actual Total Time": 64.333,
                                                            "Actual Rows": 753988,
                                                            "Actual Loops": 6,
                                                            "Output": [
                                                                "mk.id",
                                                                "mk.movie_id",
                                                                "mk.keyword_id"
                                                            ],
                                                            "Workers": [
                                                                {
                                                                    "Worker Number": 0,
                                                                    "Actual Startup Time": 0.02,
                                                                    "Actual Total Time": 65.646,
                                                                    "Actual Rows": 789150,
                                                                    "Actual Loops": 1
                                                                },
                                                                {
                                                                    "Worker Number": 1,
                                                                    "Actual Startup Time": 0.012,
                                                                    "Actual Total Time": 65.786,
                                                                    "Actual Rows": 789210,
                                                                    "Actual Loops": 1
                                                                },
                                                                {
                                                                    "Worker Number": 2,
                                                                    "Actual Startup Time": 0.019,
                                                                    "Actual Total Time": 65.557,
                                                                    "Actual Rows": 794945,
                                                                    "Actual Loops": 1
                                                                },
                                                                {
                                                                    "Worker Number": 3,
                                                                    "Actual Startup Time": 0.016,
                                                                    "Actual Total Time": 66.872,
                                                                    "Actual Rows": 520035,
                                                                    "Actual Loops": 1
                                                                },
                                                                {
                                                                    "Worker Number": 4,
                                                                    "Actual Startup Time": 0.016,
                                                                    "Actual Total Time": 65.239,
                                                                    "Actual Rows": 794205,
                                                                    "Actual Loops": 1
                                                                }
                                                            ]
                                                        },
                                                        {
                                                            "Node Type": "Hash",
                                                            "Parent Relationship": "Inner",
                                                            "Parallel Aware": true,
                                                            "Startup Cost": 45479.21,
                                                            "Total Cost": 45479.21,
                                                            "Plan Rows": 158380,
                                                            "Plan Width": 4,
                                                            "Actual Startup Time": 120.752,
                                                            "Actual Total Time": 120.753,
                                                            "Actual Rows": 105715,
                                                            "Actual Loops": 6,
                                                            "Output": [
                                                                "t.id"
                                                            ],
                                                            "Hash Buckets": 1048576,
                                                            "Original Hash Buckets": 1048576,
                                                            "Hash Batches": 1,
                                                            "Original Hash Batches": 1,
                                                            "Peak Memory Usage": 33088,
                                                            "Workers": [
                                                                {
                                                                    "Worker Number": 0,
                                                                    "Actual Startup Time": 121.585,
                                                                    "Actual Total Time": 121.586,
                                                                    "Actual Rows": 107973,
                                                                    "Actual Loops": 1
                                                                },
                                                                {
                                                                    "Worker Number": 1,
                                                                    "Actual Startup Time": 121.612,
                                                                    "Actual Total Time": 121.613,
                                                                    "Actual Rows": 108907,
                                                                    "Actual Loops": 1
                                                                },
                                                                {
                                                                    "Worker Number": 2,
                                                                    "Actual Startup Time": 121.713,
                                                                    "Actual Total Time": 121.714,
                                                                    "Actual Rows": 107964,
                                                                    "Actual Loops": 1
                                                                },
                                                                {
                                                                    "Worker Number": 3,
                                                                    "Actual Startup Time": 121.514,
                                                                    "Actual Total Time": 121.516,
                                                                    "Actual Rows": 74547,
                                                                    "Actual Loops": 1
                                                                },
                                                                {
                                                                    "Worker Number": 4,
                                                                    "Actual Startup Time": 121.641,
                                                                    "Actual Total Time": 121.643,
                                                                    "Actual Rows": 108180,
                                                                    "Actual Loops": 1
                                                                }
                                                            ],
                                                            "Plans": [
                                                                {
                                                                    "Node Type": "Seq Scan",
                                                                    "Parent Relationship": "Outer",
                                                                    "Parallel Aware": true,
                                                                    "Relation Name": "title",
                                                                    "Schema": "public",
                                                                    "Alias": "t",
                                                                    "Startup Cost": 0.0,
                                                                    "Total Cost": 45479.21,
                                                                    "Plan Rows": 158380,
                                                                    "Plan Width": 4,
                                                                    "Actual Startup Time": 42.83,
                                                                    "Actual Total Time": 82.011,
                                                                    "Actual Rows": 105715,
                                                                    "Actual Loops": 6,
                                                                    "Output": [
                                                                        "t.id"
                                                                    ],
                                                                    "Filter": "((t.production_year < 2013) AND (t.kind_id = 1))",
                                                                    "Rows Removed by Filter": 315670,
                                                                    "Workers": [
                                                                        {
                                                                            "Worker Number": 0,
                                                                            "Actual Startup Time": 50.385,
                                                                            "Actual Total Time": 82.602,
                                                                            "Actual Rows": 107973,
                                                                            "Actual Loops": 1
                                                                        },
                                                                        {
                                                                            "Worker Number": 1,
                                                                            "Actual Startup Time": 50.452,
                                                                            "Actual Total Time": 81.883,
                                                                            "Actual Rows": 108907,
                                                                            "Actual Loops": 1
                                                                        },
                                                                        {
                                                                            "Worker Number": 2,
                                                                            "Actual Startup Time": 50.415,
                                                                            "Actual Total Time": 82.57,
                                                                            "Actual Rows": 107964,
                                                                            "Actual Loops": 1
                                                                        },
                                                                        {
                                                                            "Worker Number": 3,
                                                                            "Actual Startup Time": 50.635,
                                                                            "Actual Total Time": 83.891,
                                                                            "Actual Rows": 74547,
                                                                            "Actual Loops": 1
                                                                        },
                                                                        {
                                                                            "Worker Number": 4,
                                                                            "Actual Startup Time": 50.409,
                                                                            "Actual Total Time": 82.112,
                                                                            "Actual Rows": 108180,
                                                                            "Actual Loops": 1
                                                                        }
                                                                    ]
                                                                }
                                                            ]
                                                        }
                                                    ]
                                                }
                                            ]
                                        }
                                    ]
                                }
                            ]
                        }
                    ]
                }
            ]
        },
        "Planning Time": 189.297,
        "Triggers": [],
        "Execution Time": 4211.297
    }
]