[
    {
        "Bao": {
            "Bao prediction": 457.206,
            "Bao recommended hint": "SET enable_mergejoin TO off; SET enable_indexscan TO off; "
        }
    },
    {
        "Plan": {
            "Node Type": "Aggregate",
            "Strategy": "Plain",
            "Partial Mode": "Finalize",
            "Parallel Aware": false,
            "Startup Cost": 346146.03,
            "Total Cost": 346146.04,
            "Plan Rows": 1,
            "Plan Width": 8,
            "Actual Startup Time": 846.263,
            "Actual Total Time": 878.428,
            "Actual Rows": 1,
            "Actual Loops": 1,
            "Output": [
                "count(*)"
            ],
            "Plans": [
                {
                    "Node Type": "Gather",
                    "Parent Relationship": "Outer",
                    "Parallel Aware": false,
                    "Startup Cost": 346145.41,
                    "Total Cost": 346146.02,
                    "Plan Rows": 6,
                    "Plan Width": 8,
                    "Actual Startup Time": 846.146,
                    "Actual Total Time": 878.419,
                    "Actual Rows": 7,
                    "Actual Loops": 1,
                    "Output": [
                        "(PARTIAL count(*))"
                    ],
                    "Workers Planned": 6,
                    "Workers Launched": 6,
                    "Single Copy": false,
                    "Plans": [
                        {
                            "Node Type": "Aggregate",
                            "Strategy": "Plain",
                            "Partial Mode": "Partial",
                            "Parent Relationship": "Outer",
                            "Parallel Aware": false,
                            "Startup Cost": 345145.41,
                            "Total Cost": 345145.42,
                            "Plan Rows": 1,
                            "Plan Width": 8,
                            "Actual Startup Time": 836.911,
                            "Actual Total Time": 836.912,
                            "Actual Rows": 1,
                            "Actual Loops": 7,
                            "Output": [
                                "PARTIAL count(*)"
                            ],
                            "Workers": [
                                {
                                    "Worker Number": 0,
                                    "Actual Startup Time": 834.893,
                                    "Actual Total Time": 834.894,
                                    "Actual Rows": 1,
                                    "Actual Loops": 1
                                },
                                {
                                    "Worker Number": 1,
                                    "Actual Startup Time": 835.004,
                                    "Actual Total Time": 835.005,
                                    "Actual Rows": 1,
                                    "Actual Loops": 1
                                },
                                {
                                    "Worker Number": 2,
                                    "Actual Startup Time": 835.527,
                                    "Actual Total Time": 835.528,
                                    "Actual Rows": 1,
                                    "Actual Loops": 1
                                },
                                {
                                    "Worker Number": 3,
                                    "Actual Startup Time": 835.52,
                                    "Actual Total Time": 835.522,
                                    "Actual Rows": 1,
                                    "Actual Loops": 1
                                },
                                {
                                    "Worker Number": 4,
                                    "Actual Startup Time": 835.963,
                                    "Actual Total Time": 835.964,
                                    "Actual Rows": 1,
                                    "Actual Loops": 1
                                },
                                {
                                    "Worker Number": 5,
                                    "Actual Startup Time": 836.173,
                                    "Actual Total Time": 836.174,
                                    "Actual Rows": 1,
                                    "Actual Loops": 1
                                }
                            ],
                            "Plans": [
                                {
                                    "Node Type": "Seq Scan",
                                    "Parent Relationship": "Outer",
                                    "Parallel Aware": true,
                                    "Relation Name": "cast_info",
                                    "Schema": "public",
                                    "Alias": "ci",
                                    "Startup Cost": 0.0,
                                    "Total Cost": 343318.94,
                                    "Plan Rows": 730586,
                                    "Plan Width": 0,
                                    "Actual Startup Time": 488.701,
                                    "Actual Total Time": 767.115,
                                    "Actual Rows": 1156306,
                                    "Actual Loops": 7,
                                    "Output": [
                                        "id",
                                        "person_id",
                                        "movie_id",
                                        "person_role_id",
                                        "note",
                                        "nr_order",
                                        "role_id"
                                    ],
                                    "Filter": "((ci.person_id > 2339295) AND (ci.role_id > 3))",
                                    "Rows Removed by Filter": 4021457,
                                    "Workers": [
                                        {
                                            "Worker Number": 0,
                                            "Actual Startup Time": 486.672,
                                            "Actual Total Time": 766.14,
                                            "Actual Rows": 1030242,
                                            "Actual Loops": 1
                                        },
                                        {
                                            "Worker Number": 1,
                                            "Actual Startup Time": 486.792,
                                            "Actual Total Time": 766.227,
                                            "Actual Rows": 1018285,
                                            "Actual Loops": 1
                                        },
                                        {
                                            "Worker Number": 2,
                                            "Actual Startup Time": 487.32,
                                            "Actual Total Time": 767.376,
                                            "Actual Rows": 1020345,
                                            "Actual Loops": 1
                                        },
                                        {
                                            "Worker Number": 3,
                                            "Actual Startup Time": 487.306,
                                            "Actual Total Time": 767.12,
                                            "Actual Rows": 1025966,
                                            "Actual Loops": 1
                                        },
                                        {
                                            "Worker Number": 4,
                                            "Actual Startup Time": 487.771,
                                            "Actual Total Time": 767.281,
                                            "Actual Rows": 1031050,
                                            "Actual Loops": 1
                                        },
                                        {
                                            "Worker Number": 5,
                                            "Actual Startup Time": 487.971,
                                            "Actual Total Time": 767.266,
                                            "Actual Rows": 1033758,
                                            "Actual Loops": 1
                                        }
                                    ]
                                }
                            ]
                        }
                    ]
                }
            ]
        },
        "Planning Time": 1228.991,
        "Triggers": [],
        "Execution Time": 878.518
    }
]