[
  {
    "Plan": {
      "Node Type": "Aggregate",
      "Strategy": "Plain",
      "Partial Mode": "Finalize",
      "Parallel Aware": false,
      "Startup Cost": 33230.06,
      "Total Cost": 33230.07,
      "Plan Rows": 1,
      "Plan Width": 8,
      "Actual Startup Time": 99.723,
      "Actual Total Time": 107.974,
      "Actual Rows": 1,
      "Actual Loops": 1,
      "Plans": [
        {
          "Node Type": "Gather",
          "Parent Relationship": "Outer",
          "Parallel Aware": false,
          "Startup Cost": 33229.74,
          "Total Cost": 33230.05,
          "Plan Rows": 3,
          "Plan Width": 8,
          "Actual Startup Time": 99.601,
          "Actual Total Time": 107.965,
          "Actual Rows": 4,
          "Actual Loops": 1,
          "Workers Planned": 3,
          "Workers Launched": 3,
          "Single Copy": false,
          "Plans": [
            {
              "Node Type": "Aggregate",
              "Strategy": "Plain",
              "Partial Mode": "Partial",
              "Parent Relationship": "Outer",
              "Parallel Aware": false,
              "Startup Cost": 32229.74,
              "Total Cost": 32229.75,
              "Plan Rows": 1,
              "Plan Width": 8,
              "Actual Startup Time": 92.013,
              "Actual Total Time": 92.015,
              "Actual Rows": 1,
              "Actual Loops": 4,
              "Plans": [
                {
                  "Node Type": "Seq Scan",
                  "Parent Relationship": "Outer",
                  "Parallel Aware": true,
                  "Relation Name": "movie_companies",
                  "Alias": "mc",
                  "Startup Cost": 0.0,
                  "Total Cost": 31414.82,
                  "Plan Rows": 325969,
                  "Plan Width": 0,
                  "Actual Startup Time": 0.236,
                  "Actual Total Time": 80.988,
                  "Actual Rows": 219562,
                  "Actual Loops": 4,
                  "Filter": "((company_id > 521) AND (company_type_id < 2))",
                  "Rows Removed by Filter": 432720
                }
              ]
            }
          ]
        }
      ]
    },
    "Planning Time": 0.184,
    "Triggers": [],
    "Execution Time": 108.019
  }
]