[
  {
    "Plan": {
      "Node Type": "Aggregate",
      "Strategy": "Plain",
      "Partial Mode": "Finalize",
      "Parallel Aware": false,
      "Startup Cost": 191700.5,
      "Total Cost": 191700.51,
      "Plan Rows": 1,
      "Plan Width": 8,
      "Actual Startup Time": 135.991,
      "Actual Total Time": 156.754,
      "Actual Rows": 1,
      "Actual Loops": 1,
      "Plans": [
        {
          "Node Type": "Gather",
          "Parent Relationship": "Outer",
          "Parallel Aware": false,
          "Startup Cost": 191700.08,
          "Total Cost": 191700.49,
          "Plan Rows": 4,
          "Plan Width": 8,
          "Actual Startup Time": 135.878,
          "Actual Total Time": 156.746,
          "Actual Rows": 5,
          "Actual Loops": 1,
          "Workers Planned": 4,
          "Workers Launched": 4,
          "Single Copy": false,
          "Plans": [
            {
              "Node Type": "Aggregate",
              "Strategy": "Plain",
              "Partial Mode": "Partial",
              "Parent Relationship": "Outer",
              "Parallel Aware": false,
              "Startup Cost": 190700.08,
              "Total Cost": 190700.09,
              "Plan Rows": 1,
              "Plan Width": 8,
              "Actual Startup Time": 126.143,
              "Actual Total Time": 126.145,
              "Actual Rows": 1,
              "Actual Loops": 5,
              "Plans": [
                {
                  "Node Type": "Nested Loop",
                  "Parent Relationship": "Outer",
                  "Parallel Aware": false,
                  "Join Type": "Inner",
                  "Startup Cost": 0.43,
                  "Total Cost": 190679.47,
                  "Plan Rows": 8244,
                  "Plan Width": 0,
                  "Actual Startup Time": 1.077,
                  "Actual Total Time": 124.999,
                  "Actual Rows": 14073,
                  "Actual Loops": 5,
                  "Inner Unique": false,
                  "Plans": [
                    {
                      "Node Type": "Seq Scan",
                      "Parent Relationship": "Outer",
                      "Parallel Aware": true,
                      "Relation Name": "title",
                      "Alias": "t",
                      "Startup Cost": 0.0,
                      "Total Cost": 45479.1,
                      "Plan Rows": 1454,
                      "Plan Width": 4,
                      "Actual Startup Time": 0.886,
                      "Actual Total Time": 77.019,
                      "Actual Rows": 1375,
                      "Actual Loops": 5,
                      "Filter": "((kind_id < 7) AND (production_year = 1982))",
                      "Rows Removed by Filter": 504287
                    },
                    {
                      "Node Type": "Index Scan",
                      "Parent Relationship": "Inner",
                      "Parallel Aware": false,
                      "Scan Direction": "Forward",
                      "Index Name": "movie_id_movie_info",
                      "Relation Name": "movie_info",
                      "Alias": "mi",
                      "Startup Cost": 0.43,
                      "Total Cost": 99.45,
                      "Plan Rows": 41,
                      "Plan Width": 4,
                      "Actual Startup Time": 0.013,
                      "Actual Total Time": 0.033,
                      "Actual Rows": 10,
                      "Actual Loops": 6875,
                      "Index Cond": "(movie_id = t.id)",
                      "Rows Removed by Index Recheck": 0,
                      "Filter": "(info_type_id < 105)",
                      "Rows Removed by Filter": 0
                    }
                  ]
                }
              ]
            }
          ]
        }
      ]
    },
    "Planning Time": 0.638,
    "Triggers": [],
    "Execution Time": 156.831
  }
]