{
    "Plan": {
        "Node Type": "Aggregate",
        "Strategy": "Plain",
        "Partial Mode": "Finalize",
        "Parallel Aware": false,
        "Startup Cost": 317107.35,
        "Total Cost": 317107.36,
        "Plan Rows": 1,
        "Plan Width": 8,
        "Actual Startup Time": 207.243,
        "Actual Total Time": 243.63,
        "Actual Rows": 1,
        "Actual Loops": 1,
        "Output": [
            "count(*)"
        ],
        "Plans": [
            {
                "Node Type": "Gather",
                "Parent Relationship": "Outer",
                "Parallel Aware": false,
                "Startup Cost": 317106.93,
                "Total Cost": 317107.34,
                "Plan Rows": 4,
                "Plan Width": 8,
                "Actual Startup Time": 207.109,
                "Actual Total Time": 243.621,
                "Actual Rows": 5,
                "Actual Loops": 1,
                "Output": [
                    "(PARTIAL count(*))"
                ],
                "Workers Planned": 4,
                "Workers Launched": 4,
                "Single Copy": false,
                "Plans": [
                    {
                        "Node Type": "Aggregate",
                        "Strategy": "Plain",
                        "Partial Mode": "Partial",
                        "Parent Relationship": "Outer",
                        "Parallel Aware": false,
                        "Startup Cost": 316106.93,
                        "Total Cost": 316106.94,
                        "Plan Rows": 1,
                        "Plan Width": 8,
                        "Actual Startup Time": 197.063,
                        "Actual Total Time": 197.065,
                        "Actual Rows": 1,
                        "Actual Loops": 5,
                        "Output": [
                            "PARTIAL count(*)"
                        ],
                        "Workers": [
                            {
                                "Worker Number": 0,
                                "Actual Startup Time": 194.104,
                                "Actual Total Time": 194.105,
                                "Actual Rows": 1,
                                "Actual Loops": 1
                            },
                            {
                                "Worker Number": 1,
                                "Actual Startup Time": 194.792,
                                "Actual Total Time": 194.793,
                                "Actual Rows": 1,
                                "Actual Loops": 1
                            },
                            {
                                "Worker Number": 2,
                                "Actual Startup Time": 195.002,
                                "Actual Total Time": 195.004,
                                "Actual Rows": 1,
                                "Actual Loops": 1
                            },
                            {
                                "Worker Number": 3,
                                "Actual Startup Time": 195.056,
                                "Actual Total Time": 195.058,
                                "Actual Rows": 1,
                                "Actual Loops": 1
                            }
                        ],
                        "Plans": [
                            {
                                "Node Type": "Nested Loop",
                                "Parent Relationship": "Outer",
                                "Parallel Aware": false,
                                "Join Type": "Inner",
                                "Startup Cost": 0.56,
                                "Total Cost": 316022.76,
                                "Plan Rows": 33669,
                                "Plan Width": 0,
                                "Actual Startup Time": 0.815,
                                "Actual Total Time": 195.478,
                                "Actual Rows": 17471,
                                "Actual Loops": 5,
                                "Inner Unique": false,
                                "Workers": [
                                    {
                                        "Worker Number": 0,
                                        "Actual Startup Time": 1.4,
                                        "Actual Total Time": 192.664,
                                        "Actual Rows": 12694,
                                        "Actual Loops": 1
                                    },
                                    {
                                        "Worker Number": 1,
                                        "Actual Startup Time": 0.537,
                                        "Actual Total Time": 193.268,
                                        "Actual Rows": 13512,
                                        "Actual Loops": 1
                                    },
                                    {
                                        "Worker Number": 2,
                                        "Actual Startup Time": 0.582,
                                        "Actual Total Time": 193.499,
                                        "Actual Rows": 13207,
                                        "Actual Loops": 1
                                    },
                                    {
                                        "Worker Number": 3,
                                        "Actual Startup Time": 1.091,
                                        "Actual Total Time": 193.622,
                                        "Actual Rows": 12651,
                                        "Actual Loops": 1
                                    }
                                ],
                                "Plans": [
                                    {
                                        "Node Type": "Seq Scan",
                                        "Parent Relationship": "Outer",
                                        "Parallel Aware": true,
                                        "Relation Name": "title",
                                        "Schema": "public",
                                        "Alias": "t",
                                        "Startup Cost": 0.0,
                                        "Total Cost": 43899.01,
                                        "Plan Rows": 3624,
                                        "Plan Width": 4,
                                        "Actual Startup Time": 0.213,
                                        "Actual Total Time": 67.707,
                                        "Actual Rows": 2613,
                                        "Actual Loops": 5,
                                        "Output": [
                                            "t.id",
                                            "t.title",
                                            "t.imdb_index",
                                            "t.kind_id",
                                            "t.production_year",
                                            "t.imdb_id",
                                            "t.phonetic_code",
                                            "t.episode_of_id",
                                            "t.season_nr",
                                            "t.episode_nr",
                                            "t.series_years",
                                            "t.md5sum"
                                        ],
                                        "Filter": "(t.production_year = 1965)",
                                        "Rows Removed by Filter": 503050,
                                        "Workers": [
                                            {
                                                "Worker Number": 0,
                                                "Actual Startup Time": 0.528,
                                                "Actual Total Time": 60.874,
                                                "Actual Rows": 1888,
                                                "Actual Loops": 1
                                            },
                                            {
                                                "Worker Number": 1,
                                                "Actual Startup Time": 0.071,
                                                "Actual Total Time": 59.431,
                                                "Actual Rows": 2027,
                                                "Actual Loops": 1
                                            },
                                            {
                                                "Worker Number": 2,
                                                "Actual Startup Time": 0.069,
                                                "Actual Total Time": 58.346,
                                                "Actual Rows": 1972,
                                                "Actual Loops": 1
                                            },
                                            {
                                                "Worker Number": 3,
                                                "Actual Startup Time": 0.075,
                                                "Actual Total Time": 58.914,
                                                "Actual Rows": 1955,
                                                "Actual Loops": 1
                                            }
                                        ]
                                    },
                                    {
                                        "Node Type": "Index Scan",
                                        "Parent Relationship": "Inner",
                                        "Parallel Aware": false,
                                        "Scan Direction": "Forward",
                                        "Index Name": "movie_id_cast_info",
                                        "Relation Name": "cast_info",
                                        "Schema": "public",
                                        "Alias": "ci",
                                        "Startup Cost": 0.56,
                                        "Total Cost": 74.84,
                                        "Plan Rows": 25,
                                        "Plan Width": 4,
                                        "Actual Startup Time": 0.029,
                                        "Actual Total Time": 0.048,
                                        "Actual Rows": 7,
                                        "Actual Loops": 13063,
                                        "Output": [
                                            "ci.id",
                                            "ci.person_id",
                                            "ci.movie_id",
                                            "ci.person_role_id",
                                            "ci.note",
                                            "ci.nr_order",
                                            "ci.role_id"
                                        ],
                                        "Index Cond": "(ci.movie_id = t.id)",
                                        "Rows Removed by Index Recheck": 0,
                                        "Filter": "(ci.role_id > 1)",
                                        "Rows Removed by Filter": 6,
                                        "Workers": [
                                            {
                                                "Worker Number": 0,
                                                "Actual Startup Time": 0.042,
                                                "Actual Total Time": 0.068,
                                                "Actual Rows": 7,
                                                "Actual Loops": 1888
                                            },
                                            {
                                                "Worker Number": 1,
                                                "Actual Startup Time": 0.04,
                                                "Actual Total Time": 0.065,
                                                "Actual Rows": 7,
                                                "Actual Loops": 2027
                                            },
                                            {
                                                "Worker Number": 2,
                                                "Actual Startup Time": 0.04,
                                                "Actual Total Time": 0.067,
                                                "Actual Rows": 7,
                                                "Actual Loops": 1972
                                            },
                                            {
                                                "Worker Number": 3,
                                                "Actual Startup Time": 0.042,
                                                "Actual Total Time": 0.068,
                                                "Actual Rows": 6,
                                                "Actual Loops": 1955
                                            }
                                        ]
                                    }
                                ]
                            }
                        ]
                    }
                ]
            }
        ]
    },
    "Planning Time": 0.727,
    "Triggers": [],
    "Execution Time": 243.713
}