[
  {
    "Plan": {
      "Node Type": "Aggregate",
      "Strategy": "Plain",
      "Partial Mode": "Finalize",
      "Parallel Aware": false,
      "Startup Cost": 342256.27,
      "Total Cost": 342256.28,
      "Plan Rows": 1,
      "Plan Width": 8,
      "Actual Startup Time": 810.52,
      "Actual Total Time": 838.001,
      "Actual Rows": 1,
      "Actual Loops": 1,
      "Plans": [
        {
          "Node Type": "Gather",
          "Parent Relationship": "Outer",
          "Parallel Aware": false,
          "Startup Cost": 342255.64,
          "Total Cost": 342256.25,
          "Plan Rows": 6,
          "Plan Width": 8,
          "Actual Startup Time": 810.437,
          "Actual Total Time": 837.994,
          "Actual Rows": 7,
          "Actual Loops": 1,
          "Workers Planned": 6,
          "Workers Launched": 6,
          "Single Copy": false,
          "Plans": [
            {
              "Node Type": "Aggregate",
              "Strategy": "Plain",
              "Partial Mode": "Partial",
              "Parent Relationship": "Outer",
              "Parallel Aware": false,
              "Startup Cost": 341255.64,
              "Total Cost": 341255.65,
              "Plan Rows": 1,
              "Plan Width": 8,
              "Actual Startup Time": 804.249,
              "Actual Total Time": 804.25,
              "Actual Rows": 1,
              "Actual Loops": 7,
              "Plans": [
                {
                  "Node Type": "Seq Scan",
                  "Parent Relationship": "Outer",
                  "Parallel Aware": true,
                  "Relation Name": "cast_info",
                  "Alias": "ci",
                  "Startup Cost": 0.0,
                  "Total Cost": 328213.62,
                  "Plan Rows": 5216811,
                  "Plan Width": 0,
                  "Actual Startup Time": 54.208,
                  "Actual Total Time": 599.978,
                  "Actual Rows": 4455464,
                  "Actual Loops": 7,
                  "Filter": "(person_id > 488793)",
                  "Rows Removed by Filter": 722299
                }
              ]
            }
          ]
        }
      ]
    },
    "Planning Time": 0.075,
    "Triggers": [],
    "Execution Time": 838.032
  }
]