[
  {
    "Plan": {
      "Node Type": "Aggregate",
      "Strategy": "Plain",
      "Partial Mode": "Finalize",
      "Parallel Aware": false,
      "Startup Cost": 342221.38,
      "Total Cost": 342221.39,
      "Plan Rows": 1,
      "Plan Width": 8,
      "Actual Startup Time": 911.62,
      "Actual Total Time": 968.562,
      "Actual Rows": 1,
      "Actual Loops": 1,
      "Plans": [
        {
          "Node Type": "Gather",
          "Parent Relationship": "Outer",
          "Parallel Aware": false,
          "Startup Cost": 342220.75,
          "Total Cost": 342221.36,
          "Plan Rows": 6,
          "Plan Width": 8,
          "Actual Startup Time": 911.532,
          "Actual Total Time": 968.545,
          "Actual Rows": 7,
          "Actual Loops": 1,
          "Workers Planned": 6,
          "Workers Launched": 6,
          "Single Copy": false,
          "Plans": [
            {
              "Node Type": "Aggregate",
              "Strategy": "Plain",
              "Partial Mode": "Partial",
              "Parent Relationship": "Outer",
              "Parallel Aware": false,
              "Startup Cost": 341220.75,
              "Total Cost": 341220.76,
              "Plan Rows": 1,
              "Plan Width": 8,
              "Actual Startup Time": 901.201,
              "Actual Total Time": 901.203,
              "Actual Rows": 1,
              "Actual Loops": 7,
              "Plans": [
                {
                  "Node Type": "Seq Scan",
                  "Parent Relationship": "Outer",
                  "Parallel Aware": true,
                  "Relation Name": "cast_info",
                  "Alias": "ci",
                  "Startup Cost": 0.0,
                  "Total Cost": 328162.03,
                  "Plan Rows": 5223490,
                  "Plan Width": 0,
                  "Actual Startup Time": 71.604,
                  "Actual Total Time": 692.427,
                  "Actual Rows": 4455464,
                  "Actual Loops": 7,
                  "Filter": "(person_id > 488793)",
                  "Rows Removed by Filter": 722299
                }
              ]
            }
          ]
        }
      ]
    },
    "Planning Time": 0.169,
    "Triggers": [],
    "Execution Time": 968.631
  }
]