[
  {
    "Plan": {
      "Node Type": "Aggregate",
      "Strategy": "Plain",
      "Partial Mode": "Finalize",
      "Parallel Aware": false,
      "Startup Cost": 46422.67,
      "Total Cost": 46422.68,
      "Plan Rows": 1,
      "Plan Width": 8,
      "Actual Startup Time": 128.021,
      "Actual Total Time": 138.033,
      "Actual Rows": 1,
      "Actual Loops": 1,
      "Plans": [
        {
          "Node Type": "Gather",
          "Parent Relationship": "Outer",
          "Parallel Aware": false,
          "Startup Cost": 46422.25,
          "Total Cost": 46422.66,
          "Plan Rows": 4,
          "Plan Width": 8,
          "Actual Startup Time": 127.846,
          "Actual Total Time": 138.022,
          "Actual Rows": 5,
          "Actual Loops": 1,
          "Workers Planned": 4,
          "Workers Launched": 4,
          "Single Copy": false,
          "Plans": [
            {
              "Node Type": "Aggregate",
              "Strategy": "Plain",
              "Partial Mode": "Partial",
              "Parent Relationship": "Outer",
              "Parallel Aware": false,
              "Startup Cost": 45422.25,
              "Total Cost": 45422.26,
              "Plan Rows": 1,
              "Plan Width": 8,
              "Actual Startup Time": 120.233,
              "Actual Total Time": 120.234,
              "Actual Rows": 1,
              "Actual Loops": 5,
              "Plans": [
                {
                  "Node Type": "Seq Scan",
                  "Parent Relationship": "Outer",
                  "Parallel Aware": true,
                  "Relation Name": "title",
                  "Alias": "t",
                  "Startup Cost": 0.0,
                  "Total Cost": 43899.32,
                  "Plan Rows": 609170,
                  "Plan Width": 0,
                  "Actual Startup Time": 0.039,
                  "Actual Total Time": 95.53,
                  "Actual Rows": 487568,
                  "Actual Loops": 5,
                  "Filter": "(production_year > 1907)",
                  "Rows Removed by Filter": 18095
                }
              ]
            }
          ]
        }
      ]
    },
    "Planning Time": 0.055,
    "Triggers": [],
    "Execution Time": 138.073
  }
]