[
  {
    "Plan": {
      "Node Type": "Aggregate",
      "Strategy": "Plain",
      "Partial Mode": "Finalize",
      "Parallel Aware": false,
      "Startup Cost": 46209.54,
      "Total Cost": 46209.55,
      "Plan Rows": 1,
      "Plan Width": 8,
      "Actual Startup Time": 202.893,
      "Actual Total Time": 215.829,
      "Actual Rows": 1,
      "Actual Loops": 1,
      "Plans": [
        {
          "Node Type": "Gather",
          "Parent Relationship": "Outer",
          "Parallel Aware": false,
          "Startup Cost": 46209.22,
          "Total Cost": 46209.53,
          "Plan Rows": 3,
          "Plan Width": 8,
          "Actual Startup Time": 202.775,
          "Actual Total Time": 215.82,
          "Actual Rows": 4,
          "Actual Loops": 1,
          "Workers Planned": 3,
          "Workers Launched": 3,
          "Single Copy": false,
          "Plans": [
            {
              "Node Type": "Aggregate",
              "Strategy": "Plain",
              "Partial Mode": "Partial",
              "Parent Relationship": "Outer",
              "Parallel Aware": false,
              "Startup Cost": 45209.22,
              "Total Cost": 45209.23,
              "Plan Rows": 1,
              "Plan Width": 8,
              "Actual Startup Time": 194.247,
              "Actual Total Time": 194.248,
              "Actual Rows": 1,
              "Actual Loops": 4,
              "Plans": [
                {
                  "Node Type": "Seq Scan",
                  "Parent Relationship": "Outer",
                  "Parallel Aware": true,
                  "Relation Name": "movie_keyword",
                  "Alias": "mk",
                  "Startup Cost": 0.0,
                  "Total Cost": 42695.65,
                  "Plan Rows": 1005426,
                  "Plan Width": 0,
                  "Actual Startup Time": 0.072,
                  "Actual Total Time": 150.12,
                  "Actual Rows": 778244,
                  "Actual Loops": 4,
                  "Filter": "(keyword_id < 11852)",
                  "Rows Removed by Filter": 352738
                }
              ]
            }
          ]
        }
      ]
    },
    "Planning Time": 0.203,
    "Triggers": [],
    "Execution Time": 215.886
  }
]