{
  "Plan": {
    "Node Type": "Aggregate",
    "Strategy": "Plain",
    "Partial Mode": "Finalize",
    "Parallel Aware": false,
    "Startup Cost": 103502.67,
    "Total Cost": 103502.68,
    "Plan Rows": 1,
    "Plan Width": 8,
    "Actual Startup Time": 381.23,
    "Actual Total Time": 390.224,
    "Actual Rows": 1,
    "Actual Loops": 1,
    "Plans": [
      {
        "Node Type": "Gather",
        "Parent Relationship": "Outer",
        "Parallel Aware": false,
        "Startup Cost": 103502.56,
        "Total Cost": 103502.67,
        "Plan Rows": 1,
        "Plan Width": 8,
        "Actual Startup Time": 380.96,
        "Actual Total Time": 390.216,
        "Actual Rows": 2,
        "Actual Loops": 1,
        "Workers Planned": 1,
        "Workers Launched": 1,
        "Single Copy": false,
        "Plans": [
          {
            "Node Type": "Aggregate",
            "Strategy": "Plain",
            "Partial Mode": "Partial",
            "Parent Relationship": "Outer",
            "Parallel Aware": false,
            "Startup Cost": 102502.56,
            "Total Cost": 102502.57,
            "Plan Rows": 1,
            "Plan Width": 8,
            "Actual Startup Time": 374.838,
            "Actual Total Time": 374.842,
            "Actual Rows": 1,
            "Actual Loops": 2,
            "Plans": [
              {
                "Node Type": "Hash Join",
                "Parent Relationship": "Outer",
                "Parallel Aware": true,
                "Join Type": "Inner",
                "Startup Cost": 38931.5,
                "Total Cost": 102442.76,
                "Plan Rows": 23921,
                "Plan Width": 0,
                "Actual Startup Time": 121.983,
                "Actual Total Time": 373.583,
                "Actual Rows": 27594,
                "Actual Loops": 2,
                "Inner Unique": true,
                "Hash Cond": "(mk.movie_id = t.id)",
                "Plans": [
                  {
                    "Node Type": "Seq Scan",
                    "Parent Relationship": "Outer",
                    "Parallel Aware": true,
                    "Relation Name": "movie_keyword",
                    "Alias": "mk",
                    "Startup Cost": 0.0,
                    "Total Cost": 57718.19,
                    "Plan Rows": 2206879,
                    "Plan Width": 4,
                    "Actual Startup Time": 0.051,
                    "Actual Total Time": 199.115,
                    "Actual Rows": 1866850,
                    "Actual Loops": 2,
                    "Filter": "(keyword_id > 750)",
                    "Rows Removed by Filter": 395115
                  },
                  {
                    "Node Type": "Hash",
                    "Parent Relationship": "Inner",
                    "Parallel Aware": true,
                    "Startup Cost": 38729.99,
                    "Total Cost": 38729.99,
                    "Plan Rows": 16121,
                    "Plan Width": 4,
                    "Actual Startup Time": 62.129,
                    "Actual Total Time": 62.131,
                    "Actual Rows": 17598,
                    "Actual Loops": 2,
                    "Hash Buckets": 65536,
                    "Original Hash Buckets": 32768,
                    "Hash Batches": 1,
                    "Original Hash Batches": 1,
                    "Peak Memory Usage": 2176,
                    "Plans": [
                      {
                        "Node Type": "Bitmap Heap Scan",
                        "Parent Relationship": "Outer",
                        "Parallel Aware": true,
                        "Relation Name": "title",
                        "Alias": "t",
                        "Startup Cost": 1829.98,
                        "Total Cost": 38729.99,
                        "Plan Rows": 16121,
                        "Plan Width": 4,
                        "Actual Startup Time": 15.049,
                        "Actual Total Time": 55.188,
                        "Actual Rows": 17598,
                        "Actual Loops": 2,
                        "Recheck Cond": "(kind_id = 3)",
                        "Rows Removed by Index Recheck": 0,
                        "Filter": "(production_year < 1990)",
                        "Rows Removed by Filter": 32670,
                        "Exact Heap Blocks": 10238,
                        "Lossy Heap Blocks": 0,
                        "Plans": [
                          {
                            "Node Type": "Bitmap Index Scan",
                            "Parent Relationship": "Outer",
                            "Parallel Aware": false,
                            "Index Name": "kind_id_title",
                            "Startup Cost": 0.0,
                            "Total Cost": 1823.13,
                            "Plan Rows": 102227,
                            "Plan Width": 0,
                            "Actual Startup Time": 15.694,
                            "Actual Total Time": 15.694,
                            "Actual Rows": 100537,
                            "Actual Loops": 1,
                            "Index Cond": "(kind_id = 3)"
                          }
                        ]
                      }
                    ]
                  }
                ]
              }
            ]
          }
        ]
      }
    ]
  },
  "Planning Time": 0.456,
  "Triggers": [],
  "Execution Time": 390.313
}