[
  {
    "Plan": {
      "Node Type": "Aggregate",
      "Strategy": "Plain",
      "Partial Mode": "Finalize",
      "Parallel Aware": false,
      "Startup Cost": 369639.16,
      "Total Cost": 369639.17,
      "Plan Rows": 1,
      "Plan Width": 8,
      "Actual Startup Time": 797.78,
      "Actual Total Time": 821.841,
      "Actual Rows": 1,
      "Actual Loops": 1,
      "Plans": [
        {
          "Node Type": "Gather",
          "Parent Relationship": "Outer",
          "Parallel Aware": false,
          "Startup Cost": 369638.54,
          "Total Cost": 369639.15,
          "Plan Rows": 6,
          "Plan Width": 8,
          "Actual Startup Time": 786.315,
          "Actual Total Time": 821.821,
          "Actual Rows": 7,
          "Actual Loops": 1,
          "Workers Planned": 6,
          "Workers Launched": 6,
          "Single Copy": false,
          "Plans": [
            {
              "Node Type": "Aggregate",
              "Strategy": "Plain",
              "Partial Mode": "Partial",
              "Parent Relationship": "Outer",
              "Parallel Aware": false,
              "Startup Cost": 368638.54,
              "Total Cost": 368638.55,
              "Plan Rows": 1,
              "Plan Width": 8,
              "Actual Startup Time": 769.7,
              "Actual Total Time": 769.704,
              "Actual Rows": 1,
              "Actual Loops": 7,
              "Plans": [
                {
                  "Node Type": "Hash Join",
                  "Parent Relationship": "Outer",
                  "Parallel Aware": true,
                  "Join Type": "Inner",
                  "Startup Cost": 108232.93,
                  "Total Cost": 367543.7,
                  "Plan Rows": 437935,
                  "Plan Width": 0,
                  "Actual Startup Time": 425.609,
                  "Actual Total Time": 746.324,
                  "Actual Rows": 390009,
                  "Actual Loops": 7,
                  "Inner Unique": true,
                  "Hash Cond": "(ci.movie_id = t.id)",
                  "Plans": [
                    {
                      "Node Type": "Bitmap Heap Scan",
                      "Parent Relationship": "Outer",
                      "Parallel Aware": true,
                      "Relation Name": "cast_info",
                      "Alias": "ci",
                      "Startup Cost": 58012.55,
                      "Total Cost": 316173.74,
                      "Plan Rows": 437935,
                      "Plan Width": 4,
                      "Actual Startup Time": 109.011,
                      "Actual Total Time": 198.433,
                      "Actual Rows": 390009,
                      "Actual Loops": 7,
                      "Recheck Cond": "(person_id < 261730)",
                      "Rows Removed by Index Recheck": 0,
                      "Exact Heap Blocks": 4461,
                      "Lossy Heap Blocks": 0,
                      "Plans": [
                        {
                          "Node Type": "Bitmap Index Scan",
                          "Parent Relationship": "Outer",
                          "Parallel Aware": false,
                          "Index Name": "person_id_cast_info",
                          "Startup Cost": 0.0,
                          "Total Cost": 57355.65,
                          "Plan Rows": 2627611,
                          "Plan Width": 0,
                          "Actual Startup Time": 103.635,
                          "Actual Total Time": 103.635,
                          "Actual Rows": 2730062,
                          "Actual Loops": 1,
                          "Index Cond": "(person_id < 261730)"
                        }
                      ]
                    },
                    {
                      "Node Type": "Hash",
                      "Parent Relationship": "Inner",
                      "Parallel Aware": true,
                      "Startup Cost": 42319.06,
                      "Total Cost": 42319.06,
                      "Plan Rows": 632106,
                      "Plan Width": 4,
                      "Actual Startup Time": 310.458,
                      "Actual Total Time": 310.459,
                      "Actual Rows": 361187,
                      "Actual Loops": 7,
                      "Hash Buckets": 4194304,
                      "Original Hash Buckets": 4194304,
                      "Hash Batches": 1,
                      "Original Hash Batches": 1,
                      "Peak Memory Usage": 131808,
                      "Plans": [
                        {
                          "Node Type": "Seq Scan",
                          "Parent Relationship": "Outer",
                          "Parallel Aware": true,
                          "Relation Name": "title",
                          "Alias": "t",
                          "Startup Cost": 0.0,
                          "Total Cost": 42319.06,
                          "Plan Rows": 632106,
                          "Plan Width": 4,
                          "Actual Startup Time": 0.051,
                          "Actual Total Time": 91.905,
                          "Actual Rows": 361187,
                          "Actual Loops": 7
                        }
                      ]
                    }
                  ]
                }
              ]
            }
          ]
        }
      ]
    },
    "Planning Time": 0.305,
    "Triggers": [],
    "Execution Time": 821.896
  }
]