[
  {
    "Plan": {
      "Node Type": "Aggregate",
      "Strategy": "Plain",
      "Partial Mode": "Finalize",
      "Parallel Aware": false,
      "Startup Cost": 505869.51,
      "Total Cost": 505869.52,
      "Plan Rows": 1,
      "Plan Width": 8,
      "Actual Startup Time": 1426.719,
      "Actual Total Time": 1459.83,
      "Actual Rows": 1,
      "Actual Loops": 1,
      "Plans": [
        {
          "Node Type": "Gather",
          "Parent Relationship": "Outer",
          "Parallel Aware": false,
          "Startup Cost": 505868.88,
          "Total Cost": 505869.49,
          "Plan Rows": 6,
          "Plan Width": 8,
          "Actual Startup Time": 1397.321,
          "Actual Total Time": 1459.815,
          "Actual Rows": 7,
          "Actual Loops": 1,
          "Workers Planned": 6,
          "Workers Launched": 6,
          "Single Copy": false,
          "Plans": [
            {
              "Node Type": "Aggregate",
              "Strategy": "Plain",
              "Partial Mode": "Partial",
              "Parent Relationship": "Outer",
              "Parallel Aware": false,
              "Startup Cost": 504868.88,
              "Total Cost": 504868.89,
              "Plan Rows": 1,
              "Plan Width": 8,
              "Actual Startup Time": 1381.104,
              "Actual Total Time": 1381.222,
              "Actual Rows": 1,
              "Actual Loops": 7,
              "Plans": [
                {
                  "Node Type": "Hash Join",
                  "Parent Relationship": "Outer",
                  "Parallel Aware": true,
                  "Join Type": "Inner",
                  "Startup Cost": 244016.68,
                  "Total Cost": 502764.2,
                  "Plan Rows": 841871,
                  "Plan Width": 0,
                  "Actual Startup Time": 520.225,
                  "Actual Total Time": 1307.382,
                  "Actual Rows": 1378645,
                  "Actual Loops": 7,
                  "Inner Unique": false,
                  "Hash Cond": "(ci.movie_id = t.id)",
                  "Plans": [
                    {
                      "Node Type": "Index Scan",
                      "Parent Relationship": "Outer",
                      "Parallel Aware": true,
                      "Scan Direction": "Forward",
                      "Index Name": "role_id_cast_info",
                      "Relation Name": "cast_info",
                      "Alias": "ci",
                      "Startup Cost": 0.56,
                      "Total Cost": 251131.25,
                      "Plan Rows": 1582158,
                      "Plan Width": 4,
                      "Actual Startup Time": 0.431,
                      "Actual Total Time": 265.646,
                      "Actual Rows": 1340672,
                      "Actual Loops": 7,
                      "Index Cond": "(role_id > 4)",
                      "Rows Removed by Index Recheck": 0
                    },
                    {
                      "Node Type": "Hash",
                      "Parent Relationship": "Inner",
                      "Parallel Aware": true,
                      "Startup Cost": 240652.83,
                      "Total Cost": 240652.83,
                      "Plan Rows": 269063,
                      "Plan Width": 8,
                      "Actual Startup Time": 514.988,
                      "Actual Total Time": 515.104,
                      "Actual Rows": 200272,
                      "Actual Loops": 7,
                      "Hash Buckets": 2097152,
                      "Original Hash Buckets": 2097152,
                      "Hash Batches": 1,
                      "Original Hash Batches": 1,
                      "Peak Memory Usage": 71360,
                      "Plans": [
                        {
                          "Node Type": "Hash Join",
                          "Parent Relationship": "Outer",
                          "Parallel Aware": true,
                          "Join Type": "Inner",
                          "Startup Cost": 74590.26,
                          "Total Cost": 240652.83,
                          "Plan Rows": 269063,
                          "Plan Width": 8,
                          "Actual Startup Time": 324.37,
                          "Actual Total Time": 434.234,
                          "Actual Rows": 200272,
                          "Actual Loops": 7,
                          "Inner Unique": true,
                          "Hash Cond": "(mi.movie_id = t.id)",
                          "Plans": [
                            {
                              "Node Type": "Bitmap Heap Scan",
                              "Parent Relationship": "Outer",
                              "Parallel Aware": true,
                              "Relation Name": "movie_info",
                              "Alias": "mi",
                              "Startup Cost": 24370.61,
                              "Total Cost": 189726.89,
                              "Plan Rows": 269063,
                              "Plan Width": 4,
                              "Actual Startup Time": 55.936,
                              "Actual Total Time": 89.762,
                              "Actual Rows": 200272,
                              "Actual Loops": 7,
                              "Recheck Cond": "(info_type_id = 7)",
                              "Rows Removed by Index Recheck": 0,
                              "Exact Heap Blocks": 1986,
                              "Lossy Heap Blocks": 0,
                              "Plans": [
                                {
                                  "Node Type": "Bitmap Index Scan",
                                  "Parent Relationship": "Outer",
                                  "Parallel Aware": false,
                                  "Index Name": "info_type_id_movie_info",
                                  "Startup Cost": 0.0,
                                  "Total Cost": 24034.28,
                                  "Plan Rows": 1345313,
                                  "Plan Width": 0,
                                  "Actual Startup Time": 54.275,
                                  "Actual Total Time": 54.275,
                                  "Actual Rows": 1401902,
                                  "Actual Loops": 1,
                                  "Index Cond": "(info_type_id = 7)"
                                }
                              ]
                            },
                            {
                              "Node Type": "Hash",
                              "Parent Relationship": "Inner",
                              "Parallel Aware": true,
                              "Startup Cost": 42318.73,
                              "Total Cost": 42318.73,
                              "Plan Rows": 632073,
                              "Plan Width": 4,
                              "Actual Startup Time": 264.477,
                              "Actual Total Time": 264.479,
                              "Actual Rows": 361187,
                              "Actual Loops": 7,
                              "Hash Buckets": 4194304,
                              "Original Hash Buckets": 4194304,
                              "Hash Batches": 1,
                              "Original Hash Batches": 1,
                              "Peak Memory Usage": 131808,
                              "Plans": [
                                {
                                  "Node Type": "Seq Scan",
                                  "Parent Relationship": "Outer",
                                  "Parallel Aware": true,
                                  "Relation Name": "title",
                                  "Alias": "t",
                                  "Startup Cost": 0.0,
                                  "Total Cost": 42318.73,
                                  "Plan Rows": 632073,
                                  "Plan Width": 4,
                                  "Actual Startup Time": 0.059,
                                  "Actual Total Time": 77.438,
                                  "Actual Rows": 361187,
                                  "Actual Loops": 7
                                }
                              ]
                            }
                          ]
                        }
                      ]
                    }
                  ]
                }
              ]
            }
          ]
        }
      ]
    },
    "Planning Time": 1.322,
    "Triggers": [],
    "Execution Time": 1459.945
  }
]