{
  "Plan": {
    "Node Type": "Aggregate",
    "Strategy": "Plain",
    "Partial Mode": "Finalize",
    "Parallel Aware": false,
    "Startup Cost": 1085535.71,
    "Total Cost": 1085535.72,
    "Plan Rows": 1,
    "Plan Width": 8,
    "Actual Startup Time": 10651.631,
    "Actual Total Time": 10742.9,
    "Actual Rows": 1,
    "Actual Loops": 1,
    "Plans": [
      {
        "Node Type": "Gather",
        "Parent Relationship": "Outer",
        "Parallel Aware": false,
        "Startup Cost": 1085535.6,
        "Total Cost": 1085535.71,
        "Plan Rows": 1,
        "Plan Width": 8,
        "Actual Startup Time": 10644.222,
        "Actual Total Time": 10742.885,
        "Actual Rows": 2,
        "Actual Loops": 1,
        "Workers Planned": 1,
        "Workers Launched": 1,
        "Single Copy": false,
        "Plans": [
          {
            "Node Type": "Aggregate",
            "Strategy": "Plain",
            "Partial Mode": "Partial",
            "Parent Relationship": "Outer",
            "Parallel Aware": false,
            "Startup Cost": 1084535.6,
            "Total Cost": 1084535.61,
            "Plan Rows": 1,
            "Plan Width": 8,
            "Actual Startup Time": 10633.052,
            "Actual Total Time": 10633.587,
            "Actual Rows": 1,
            "Actual Loops": 2,
            "Plans": [
              {
                "Node Type": "Hash Join",
                "Parent Relationship": "Outer",
                "Parallel Aware": true,
                "Join Type": "Inner",
                "Startup Cost": 695627.55,
                "Total Cost": 1063030.68,
                "Plan Rows": 8601966,
                "Plan Width": 0,
                "Actual Startup Time": 4693.107,
                "Actual Total Time": 9601.967,
                "Actual Rows": 26743042,
                "Actual Loops": 2,
                "Inner Unique": false,
                "Hash Cond": "(mi.movie_id = t.id)",
                "Plans": [
                  {
                    "Node Type": "Seq Scan",
                    "Parent Relationship": "Outer",
                    "Parallel Aware": true,
                    "Relation Name": "movie_info",
                    "Alias": "mi",
                    "Startup Cost": 0.0,
                    "Total Cost": 270696.42,
                    "Plan Rows": 5269362,
                    "Plan Width": 4,
                    "Actual Startup Time": 33.75,
                    "Actual Total Time": 740.223,
                    "Actual Rows": 4475378,
                    "Actual Loops": 2,
                    "Filter": "(info_type_id > 6)",
                    "Rows Removed by Filter": 2942482
                  },
                  {
                    "Node Type": "Hash",
                    "Parent Relationship": "Inner",
                    "Parallel Aware": true,
                    "Startup Cost": 665279.69,
                    "Total Cost": 665279.69,
                    "Plan Rows": 2427829,
                    "Plan Width": 8,
                    "Actual Startup Time": 4637.744,
                    "Actual Total Time": 4638.277,
                    "Actual Rows": 1785248,
                    "Actual Loops": 2,
                    "Hash Buckets": 4194304,
                    "Original Hash Buckets": 4194304,
                    "Hash Batches": 1,
                    "Original Hash Batches": 1,
                    "Peak Memory Usage": 172480,
                    "Plans": [
                      {
                        "Node Type": "Hash Join",
                        "Parent Relationship": "Outer",
                        "Parallel Aware": true,
                        "Join Type": "Inner",
                        "Startup Cost": 62155.92,
                        "Total Cost": 665279.69,
                        "Plan Rows": 2427829,
                        "Plan Width": 8,
                        "Actual Startup Time": 418.479,
                        "Actual Total Time": 4017.135,
                        "Actual Rows": 1785248,
                        "Actual Loops": 2,
                        "Inner Unique": true,
                        "Hash Cond": "(ci.movie_id = t.id)",
                        "Plans": [
                          {
                            "Node Type": "Seq Scan",
                            "Parent Relationship": "Outer",
                            "Parallel Aware": true,
                            "Relation Name": "cast_info",
                            "Alias": "ci",
                            "Startup Cost": 0.0,
                            "Total Cost": 572345.93,
                            "Plan Rows": 11724872,
                            "Plan Width": 4,
                            "Actual Startup Time": 196.282,
                            "Actual Total Time": 1935.985,
                            "Actual Rows": 9597018,
                            "Actual Loops": 2,
                            "Filter": "((person_id > 596325) AND (role_id < 4))",
                            "Rows Removed by Filter": 8525154
                          },
                          {
                            "Node Type": "Hash",
                            "Parent Relationship": "Inner",
                            "Parallel Aware": true,
                            "Startup Cost": 58306.47,
                            "Total Cost": 58306.47,
                            "Plan Rows": 307956,
                            "Plan Width": 4,
                            "Actual Startup Time": 220.681,
                            "Actual Total Time": 220.682,
                            "Actual Rows": 220459,
                            "Actual Loops": 2,
                            "Hash Buckets": 524288,
                            "Original Hash Buckets": 524288,
                            "Hash Batches": 1,
                            "Original Hash Batches": 1,
                            "Peak Memory Usage": 21376,
                            "Plans": [
                              {
                                "Node Type": "Seq Scan",
                                "Parent Relationship": "Outer",
                                "Parallel Aware": true,
                                "Relation Name": "title",
                                "Alias": "t",
                                "Startup Cost": 0.0,
                                "Total Cost": 58306.47,
                                "Plan Rows": 307956,
                                "Plan Width": 4,
                                "Actual Startup Time": 0.047,
                                "Actual Total Time": 154.941,
                                "Actual Rows": 220459,
                                "Actual Loops": 2,
                                "Filter": "((kind_id < 7) AND (production_year > 2001))",
                                "Rows Removed by Filter": 1043697
                              }
                            ]
                          }
                        ]
                      }
                    ]
                  }
                ]
              }
            ]
          }
        ]
      }
    ]
  },
  "Planning Time": 1.013,
  "Triggers": [],
  "Execution Time": 10743.01
}