[
  {
    "Plan": {
      "Node Type": "Aggregate",
      "Strategy": "Plain",
      "Partial Mode": "Finalize",
      "Parallel Aware": false,
      "Startup Cost": 33358.07,
      "Total Cost": 33358.08,
      "Plan Rows": 1,
      "Plan Width": 8,
      "Actual Startup Time": 113.225,
      "Actual Total Time": 124.34,
      "Actual Rows": 1,
      "Actual Loops": 1,
      "Plans": [
        {
          "Node Type": "Gather",
          "Parent Relationship": "Outer",
          "Parallel Aware": false,
          "Startup Cost": 33357.76,
          "Total Cost": 33358.07,
          "Plan Rows": 3,
          "Plan Width": 8,
          "Actual Startup Time": 113.009,
          "Actual Total Time": 124.329,
          "Actual Rows": 4,
          "Actual Loops": 1,
          "Workers Planned": 3,
          "Workers Launched": 3,
          "Single Copy": false,
          "Plans": [
            {
              "Node Type": "Aggregate",
              "Strategy": "Plain",
              "Partial Mode": "Partial",
              "Parent Relationship": "Outer",
              "Parallel Aware": false,
              "Startup Cost": 32357.76,
              "Total Cost": 32357.77,
              "Plan Rows": 1,
              "Plan Width": 8,
              "Actual Startup Time": 106.413,
              "Actual Total Time": 106.415,
              "Actual Rows": 1,
              "Actual Loops": 4,
              "Plans": [
                {
                  "Node Type": "Seq Scan",
                  "Parent Relationship": "Outer",
                  "Parallel Aware": true,
                  "Relation Name": "movie_companies",
                  "Alias": "mc",
                  "Startup Cost": 0.0,
                  "Total Cost": 31414.82,
                  "Plan Rows": 377175,
                  "Plan Width": 0,
                  "Actual Startup Time": 51.764,
                  "Actual Total Time": 93.583,
                  "Actual Rows": 252378,
                  "Actual Loops": 4,
                  "Filter": "((company_id < 91400) AND (company_type_id > 1))",
                  "Rows Removed by Filter": 399905
                }
              ]
            }
          ]
        }
      ]
    },
    "Planning Time": 0.197,
    "Triggers": [],
    "Execution Time": 124.394
  }
]