{
  "Plan": {
    "Node Type": "Aggregate",
    "Strategy": "Plain",
    "Partial Mode": "Finalize",
    "Parallel Aware": false,
    "Startup Cost": 104483.28,
    "Total Cost": 104483.29,
    "Plan Rows": 1,
    "Plan Width": 8,
    "Actual Startup Time": 724.2,
    "Actual Total Time": 743.818,
    "Actual Rows": 1,
    "Actual Loops": 1,
    "Plans": [
      {
        "Node Type": "Gather",
        "Parent Relationship": "Outer",
        "Parallel Aware": false,
        "Startup Cost": 104483.17,
        "Total Cost": 104483.28,
        "Plan Rows": 1,
        "Plan Width": 8,
        "Actual Startup Time": 721.01,
        "Actual Total Time": 743.81,
        "Actual Rows": 2,
        "Actual Loops": 1,
        "Workers Planned": 1,
        "Workers Launched": 1,
        "Single Copy": false,
        "Plans": [
          {
            "Node Type": "Aggregate",
            "Strategy": "Plain",
            "Partial Mode": "Partial",
            "Parent Relationship": "Outer",
            "Parallel Aware": false,
            "Startup Cost": 103483.17,
            "Total Cost": 103483.18,
            "Plan Rows": 1,
            "Plan Width": 8,
            "Actual Startup Time": 708.363,
            "Actual Total Time": 708.367,
            "Actual Rows": 1,
            "Actual Loops": 2,
            "Plans": [
              {
                "Node Type": "Hash Join",
                "Parent Relationship": "Outer",
                "Parallel Aware": true,
                "Join Type": "Inner",
                "Startup Cost": 75888.69,
                "Total Cost": 103037.71,
                "Plan Rows": 178183,
                "Plan Width": 0,
                "Actual Startup Time": 599.666,
                "Actual Total Time": 701.731,
                "Actual Rows": 148632,
                "Actual Loops": 2,
                "Inner Unique": true,
                "Hash Cond": "(mk.movie_id = t.id)",
                "Plans": [
                  {
                    "Node Type": "Bitmap Heap Scan",
                    "Parent Relationship": "Outer",
                    "Parallel Aware": true,
                    "Relation Name": "movie_keyword",
                    "Alias": "mk",
                    "Startup Cost": 6427.99,
                    "Total Cost": 33109.28,
                    "Plan Rows": 178183,
                    "Plan Width": 4,
                    "Actual Startup Time": 21.579,
                    "Actual Total Time": 79.352,
                    "Actual Rows": 148632,
                    "Actual Loops": 2,
                    "Recheck Cond": "(keyword_id > 54183)",
                    "Rows Removed by Index Recheck": 0,
                    "Exact Heap Blocks": 13270,
                    "Lossy Heap Blocks": 0,
                    "Plans": [
                      {
                        "Node Type": "Bitmap Index Scan",
                        "Parent Relationship": "Outer",
                        "Parallel Aware": false,
                        "Index Name": "keyword_id_movie_keyword",
                        "Startup Cost": 0.0,
                        "Total Cost": 6352.27,
                        "Plan Rows": 302911,
                        "Plan Width": 0,
                        "Actual Startup Time": 18.371,
                        "Actual Total Time": 18.371,
                        "Actual Rows": 297263,
                        "Actual Loops": 1,
                        "Index Cond": "(keyword_id > 54183)"
                      }
                    ]
                  },
                  {
                    "Node Type": "Hash",
                    "Parent Relationship": "Inner",
                    "Parallel Aware": true,
                    "Startup Cost": 50870.31,
                    "Total Cost": 50870.31,
                    "Plan Rows": 1487231,
                    "Plan Width": 4,
                    "Actual Startup Time": 556.052,
                    "Actual Total Time": 556.053,
                    "Actual Rows": 1264156,
                    "Actual Loops": 2,
                    "Hash Buckets": 4194304,
                    "Original Hash Buckets": 4194304,
                    "Hash Batches": 1,
                    "Original Hash Batches": 1,
                    "Peak Memory Usage": 131712,
                    "Plans": [
                      {
                        "Node Type": "Seq Scan",
                        "Parent Relationship": "Outer",
                        "Parallel Aware": true,
                        "Relation Name": "title",
                        "Alias": "t",
                        "Startup Cost": 0.0,
                        "Total Cost": 50870.31,
                        "Plan Rows": 1487231,
                        "Plan Width": 4,
                        "Actual Startup Time": 0.03,
                        "Actual Total Time": 156.2,
                        "Actual Rows": 1264156,
                        "Actual Loops": 2
                      }
                    ]
                  }
                ]
              }
            ]
          }
        ]
      }
    ]
  },
  "Planning Time": 0.644,
  "Triggers": [],
  "Execution Time": 743.905
}