[
  {
    "Plan": {
      "Node Type": "Aggregate",
      "Strategy": "Plain",
      "Partial Mode": "Finalize",
      "Parallel Aware": false,
      "Startup Cost": 428774.64,
      "Total Cost": 428774.65,
      "Plan Rows": 1,
      "Plan Width": 8,
      "Actual Startup Time": 2015.407,
      "Actual Total Time": 2079.307,
      "Actual Rows": 1,
      "Actual Loops": 1,
      "Plans": [
        {
          "Node Type": "Gather",
          "Parent Relationship": "Outer",
          "Parallel Aware": false,
          "Startup Cost": 428774.02,
          "Total Cost": 428774.63,
          "Plan Rows": 6,
          "Plan Width": 8,
          "Actual Startup Time": 1989.456,
          "Actual Total Time": 2079.296,
          "Actual Rows": 7,
          "Actual Loops": 1,
          "Workers Planned": 6,
          "Workers Launched": 6,
          "Single Copy": false,
          "Plans": [
            {
              "Node Type": "Aggregate",
              "Strategy": "Plain",
              "Partial Mode": "Partial",
              "Parent Relationship": "Outer",
              "Parallel Aware": false,
              "Startup Cost": 427774.02,
              "Total Cost": 427774.03,
              "Plan Rows": 1,
              "Plan Width": 8,
              "Actual Startup Time": 1973.987,
              "Actual Total Time": 1973.992,
              "Actual Rows": 1,
              "Actual Loops": 7,
              "Plans": [
                {
                  "Node Type": "Hash Join",
                  "Parent Relationship": "Outer",
                  "Parallel Aware": true,
                  "Join Type": "Inner",
                  "Startup Cost": 86274.67,
                  "Total Cost": 424712.48,
                  "Plan Rows": 1224614,
                  "Plan Width": 0,
                  "Actual Startup Time": 814.255,
                  "Actual Total Time": 1838.512,
                  "Actual Rows": 2879391,
                  "Actual Loops": 7,
                  "Inner Unique": false,
                  "Hash Cond": "(ci.movie_id = t.id)",
                  "Plans": [
                    {
                      "Node Type": "Seq Scan",
                      "Parent Relationship": "Outer",
                      "Parallel Aware": true,
                      "Relation Name": "cast_info",
                      "Alias": "ci",
                      "Startup Cost": 0.0,
                      "Total Cost": 328162.03,
                      "Plan Rows": 1686778,
                      "Plan Width": 4,
                      "Actual Startup Time": 297.755,
                      "Actual Total Time": 589.342,
                      "Actual Rows": 1432104,
                      "Actual Loops": 7,
                      "Filter": "(person_id > 2712918)",
                      "Rows Removed by Filter": 3745659
                    },
                    {
                      "Node Type": "Hash",
                      "Parent Relationship": "Inner",
                      "Parallel Aware": true,
                      "Startup Cost": 78873.22,
                      "Total Cost": 78873.22,
                      "Plan Rows": 592116,
                      "Plan Width": 8,
                      "Actual Startup Time": 512.06,
                      "Actual Total Time": 512.064,
                      "Actual Rows": 218979,
                      "Actual Loops": 7,
                      "Hash Buckets": 2097152,
                      "Original Hash Buckets": 2097152,
                      "Hash Batches": 1,
                      "Original Hash Batches": 1,
                      "Peak Memory Usage": 76448,
                      "Plans": [
                        {
                          "Node Type": "Hash Join",
                          "Parent Relationship": "Outer",
                          "Parallel Aware": true,
                          "Join Type": "Inner",
                          "Startup Cost": 49457.33,
                          "Total Cost": 78873.22,
                          "Plan Rows": 592116,
                          "Plan Width": 8,
                          "Actual Startup Time": 230.107,
                          "Actual Total Time": 413.512,
                          "Actual Rows": 218979,
                          "Actual Loops": 7,
                          "Inner Unique": true,
                          "Hash Cond": "(mc.movie_id = t.id)",
                          "Plans": [
                            {
                              "Node Type": "Seq Scan",
                              "Parent Relationship": "Outer",
                              "Parallel Aware": true,
                              "Relation Name": "movie_companies",
                              "Alias": "mc",
                              "Startup Cost": 0.0,
                              "Total Cost": 27206.55,
                              "Plan Rows": 841655,
                              "Plan Width": 4,
                              "Actual Startup Time": 0.026,
                              "Actual Total Time": 45.636,
                              "Actual Rows": 372733,
                              "Actual Loops": 7
                            },
                            {
                              "Node Type": "Hash",
                              "Parent Relationship": "Inner",
                              "Parallel Aware": true,
                              "Startup Cost": 43898.92,
                              "Total Cost": 43898.92,
                              "Plan Rows": 444673,
                              "Plan Width": 4,
                              "Actual Startup Time": 227.35,
                              "Actual Total Time": 227.352,
                              "Actual Rows": 253153,
                              "Actual Loops": 7,
                              "Hash Buckets": 2097152,
                              "Original Hash Buckets": 2097152,
                              "Hash Batches": 1,
                              "Original Hash Batches": 1,
                              "Peak Memory Usage": 85792,
                              "Plans": [
                                {
                                  "Node Type": "Seq Scan",
                                  "Parent Relationship": "Outer",
                                  "Parallel Aware": true,
                                  "Relation Name": "title",
                                  "Alias": "t",
                                  "Startup Cost": 0.0,
                                  "Total Cost": 43898.92,
                                  "Plan Rows": 444673,
                                  "Plan Width": 4,
                                  "Actual Startup Time": 0.049,
                                  "Actual Total Time": 93.839,
                                  "Actual Rows": 253153,
                                  "Actual Loops": 7,
                                  "Filter": "(production_year > 1989)",
                                  "Rows Removed by Filter": 108034
                                }
                              ]
                            }
                          ]
                        }
                      ]
                    }
                  ]
                }
              ]
            }
          ]
        }
      ]
    },
    "Planning Time": 1.377,
    "Triggers": [],
    "Execution Time": 2079.396
  }
]