[
  {
    "Plan": {
      "Node Type": "Aggregate",
      "Strategy": "Plain",
      "Partial Mode": "Finalize",
      "Parallel Aware": false,
      "Startup Cost": 27437.96,
      "Total Cost": 27437.97,
      "Plan Rows": 1,
      "Plan Width": 8,
      "Actual Startup Time": 74.905,
      "Actual Total Time": 77.343,
      "Actual Rows": 1,
      "Actual Loops": 1,
      "Plans": [
        {
          "Node Type": "Gather",
          "Parent Relationship": "Outer",
          "Parallel Aware": false,
          "Startup Cost": 27437.64,
          "Total Cost": 27437.95,
          "Plan Rows": 3,
          "Plan Width": 8,
          "Actual Startup Time": 74.763,
          "Actual Total Time": 77.334,
          "Actual Rows": 4,
          "Actual Loops": 1,
          "Workers Planned": 3,
          "Workers Launched": 3,
          "Single Copy": false,
          "Plans": [
            {
              "Node Type": "Aggregate",
              "Strategy": "Plain",
              "Partial Mode": "Partial",
              "Parent Relationship": "Outer",
              "Parallel Aware": false,
              "Startup Cost": 26437.64,
              "Total Cost": 26437.65,
              "Plan Rows": 1,
              "Plan Width": 8,
              "Actual Startup Time": 67.441,
              "Actual Total Time": 67.443,
              "Actual Rows": 1,
              "Actual Loops": 4,
              "Plans": [
                {
                  "Node Type": "Bitmap Heap Scan",
                  "Parent Relationship": "Outer",
                  "Parallel Aware": true,
                  "Relation Name": "movie_companies",
                  "Alias": "mc",
                  "Startup Cost": 6251.92,
                  "Total Cost": 26205.02,
                  "Plan Rows": 93048,
                  "Plan Width": 0,
                  "Actual Startup Time": 28.567,
                  "Actual Total Time": 60.947,
                  "Actual Rows": 71153,
                  "Actual Loops": 4,
                  "Recheck Cond": "(company_id > 95331)",
                  "Rows Removed by Index Recheck": 0,
                  "Exact Heap Blocks": 2074,
                  "Lossy Heap Blocks": 0,
                  "Plans": [
                    {
                      "Node Type": "Bitmap Index Scan",
                      "Parent Relationship": "Outer",
                      "Parallel Aware": false,
                      "Index Name": "company_id_movie_companies",
                      "Startup Cost": 0.0,
                      "Total Cost": 6179.81,
                      "Plan Rows": 288450,
                      "Plan Width": 0,
                      "Actual Startup Time": 33.761,
                      "Actual Total Time": 33.761,
                      "Actual Rows": 284612,
                      "Actual Loops": 1,
                      "Index Cond": "(company_id > 95331)"
                    }
                  ]
                }
              ]
            }
          ]
        }
      ]
    },
    "Planning Time": 0.245,
    "Triggers": [],
    "Execution Time": 77.431
  }
]