[
  {
    "Plan": {
      "Node Type": "Aggregate",
      "Strategy": "Plain",
      "Partial Mode": "Finalize",
      "Parallel Aware": false,
      "Startup Cost": 124526.17,
      "Total Cost": 124526.18,
      "Plan Rows": 1,
      "Plan Width": 8,
      "Actual Startup Time": 608.36,
      "Actual Total Time": 630.56,
      "Actual Rows": 1,
      "Actual Loops": 1,
      "Plans": [
        {
          "Node Type": "Gather",
          "Parent Relationship": "Outer",
          "Parallel Aware": false,
          "Startup Cost": 124525.85,
          "Total Cost": 124526.16,
          "Plan Rows": 3,
          "Plan Width": 8,
          "Actual Startup Time": 606.349,
          "Actual Total Time": 630.55,
          "Actual Rows": 4,
          "Actual Loops": 1,
          "Workers Planned": 3,
          "Workers Launched": 3,
          "Single Copy": false,
          "Plans": [
            {
              "Node Type": "Aggregate",
              "Strategy": "Plain",
              "Partial Mode": "Partial",
              "Parent Relationship": "Outer",
              "Parallel Aware": false,
              "Startup Cost": 123525.85,
              "Total Cost": 123525.86,
              "Plan Rows": 1,
              "Plan Width": 8,
              "Actual Startup Time": 596.179,
              "Actual Total Time": 596.286,
              "Actual Rows": 1,
              "Actual Loops": 4,
              "Plans": [
                {
                  "Node Type": "Hash Join",
                  "Parent Relationship": "Outer",
                  "Parallel Aware": true,
                  "Join Type": "Inner",
                  "Startup Cost": 78592.04,
                  "Total Cost": 123318.85,
                  "Plan Rows": 82799,
                  "Plan Width": 0,
                  "Actual Startup Time": 262.683,
                  "Actual Total Time": 538.117,
                  "Actual Rows": 1516271,
                  "Actual Loops": 4,
                  "Inner Unique": false,
                  "Hash Cond": "(mk.movie_id = t.id)",
                  "Plans": [
                    {
                      "Node Type": "Seq Scan",
                      "Parent Relationship": "Outer",
                      "Parallel Aware": true,
                      "Relation Name": "movie_keyword",
                      "Alias": "mk",
                      "Startup Cost": 0.0,
                      "Total Cost": 39047.32,
                      "Plan Rows": 1459332,
                      "Plan Width": 4,
                      "Actual Startup Time": 0.028,
                      "Actual Total Time": 81.831,
                      "Actual Rows": 1130982,
                      "Actual Loops": 4
                    },
                    {
                      "Node Type": "Hash",
                      "Parent Relationship": "Inner",
                      "Parallel Aware": true,
                      "Startup Cost": 78143.76,
                      "Total Cost": 78143.76,
                      "Plan Rows": 35862,
                      "Plan Width": 8,
                      "Actual Startup Time": 260.177,
                      "Actual Total Time": 260.283,
                      "Actual Rows": 60306,
                      "Actual Loops": 4,
                      "Hash Buckets": 262144,
                      "Original Hash Buckets": 262144,
                      "Hash Batches": 1,
                      "Original Hash Batches": 1,
                      "Peak Memory Usage": 11552,
                      "Plans": [
                        {
                          "Node Type": "Hash Join",
                          "Parent Relationship": "Outer",
                          "Parallel Aware": true,
                          "Join Type": "Inner",
                          "Startup Cost": 32889.88,
                          "Total Cost": 78143.76,
                          "Plan Rows": 35862,
                          "Plan Width": 8,
                          "Actual Startup Time": 108.217,
                          "Actual Total Time": 243.916,
                          "Actual Rows": 60306,
                          "Actual Loops": 4,
                          "Inner Unique": false,
                          "Hash Cond": "(t.id = mc.movie_id)",
                          "Plans": [
                            {
                              "Node Type": "Seq Scan",
                              "Parent Relationship": "Outer",
                              "Parallel Aware": true,
                              "Relation Name": "title",
                              "Alias": "t",
                              "Startup Cost": 0.0,
                              "Total Cost": 43898.92,
                              "Plan Rows": 247857,
                              "Plan Width": 4,
                              "Actual Startup Time": 0.011,
                              "Actual Total Time": 74.091,
                              "Actual Rows": 246262,
                              "Actual Loops": 4,
                              "Filter": "(kind_id < 7)",
                              "Rows Removed by Filter": 385816
                            },
                            {
                              "Node Type": "Hash",
                              "Parent Relationship": "Inner",
                              "Parallel Aware": true,
                              "Startup Cost": 31414.82,
                              "Total Cost": 31414.82,
                              "Plan Rows": 118005,
                              "Plan Width": 4,
                              "Actual Startup Time": 106.252,
                              "Actual Total Time": 106.253,
                              "Actual Rows": 130016,
                              "Actual Loops": 4,
                              "Hash Buckets": 524288,
                              "Original Hash Buckets": 524288,
                              "Hash Batches": 1,
                              "Original Hash Batches": 1,
                              "Peak Memory Usage": 24512,
                              "Plans": [
                                {
                                  "Node Type": "Seq Scan",
                                  "Parent Relationship": "Outer",
                                  "Parallel Aware": true,
                                  "Relation Name": "movie_companies",
                                  "Alias": "mc",
                                  "Startup Cost": 0.0,
                                  "Total Cost": 31414.82,
                                  "Plan Rows": 118005,
                                  "Plan Width": 4,
                                  "Actual Startup Time": 0.043,
                                  "Actual Total Time": 68.581,
                                  "Actual Rows": 130016,
                                  "Actual Loops": 4,
                                  "Filter": "((company_id < 1451) AND (company_type_id = 1))",
                                  "Rows Removed by Filter": 522266
                                }
                              ]
                            }
                          ]
                        }
                      ]
                    }
                  ]
                }
              ]
            }
          ]
        }
      ]
    },
    "Planning Time": 1.389,
    "Triggers": [],
    "Execution Time": 630.641
  }
]