[
  {
    "Plan": {
      "Node Type": "Aggregate",
      "Strategy": "Plain",
      "Partial Mode": "Finalize",
      "Parallel Aware": false,
      "Startup Cost": 129291.72,
      "Total Cost": 129291.73,
      "Plan Rows": 1,
      "Plan Width": 8,
      "Actual Startup Time": 778.558,
      "Actual Total Time": 800.391,
      "Actual Rows": 1,
      "Actual Loops": 1,
      "Plans": [
        {
          "Node Type": "Gather",
          "Parent Relationship": "Outer",
          "Parallel Aware": false,
          "Startup Cost": 129291.4,
          "Total Cost": 129291.71,
          "Plan Rows": 3,
          "Plan Width": 8,
          "Actual Startup Time": 775.933,
          "Actual Total Time": 800.378,
          "Actual Rows": 4,
          "Actual Loops": 1,
          "Workers Planned": 3,
          "Workers Launched": 3,
          "Single Copy": false,
          "Plans": [
            {
              "Node Type": "Aggregate",
              "Strategy": "Plain",
              "Partial Mode": "Partial",
              "Parent Relationship": "Outer",
              "Parallel Aware": false,
              "Startup Cost": 128291.4,
              "Total Cost": 128291.41,
              "Plan Rows": 1,
              "Plan Width": 8,
              "Actual Startup Time": 766.898,
              "Actual Total Time": 767.023,
              "Actual Rows": 1,
              "Actual Loops": 4,
              "Plans": [
                {
                  "Node Type": "Hash Join",
                  "Parent Relationship": "Outer",
                  "Parallel Aware": true,
                  "Join Type": "Inner",
                  "Startup Cost": 81942.14,
                  "Total Cost": 127376.68,
                  "Plan Rows": 365889,
                  "Plan Width": 0,
                  "Actual Startup Time": 373.404,
                  "Actual Total Time": 676.691,
                  "Actual Rows": 2350580,
                  "Actual Loops": 4,
                  "Inner Unique": false,
                  "Hash Cond": "(mk.movie_id = t.id)",
                  "Plans": [
                    {
                      "Node Type": "Seq Scan",
                      "Parent Relationship": "Outer",
                      "Parallel Aware": true,
                      "Relation Name": "movie_keyword",
                      "Alias": "mk",
                      "Startup Cost": 0.0,
                      "Total Cost": 39047.32,
                      "Plan Rows": 1459332,
                      "Plan Width": 4,
                      "Actual Startup Time": 0.031,
                      "Actual Total Time": 83.859,
                      "Actual Rows": 1130982,
                      "Actual Loops": 4
                    },
                    {
                      "Node Type": "Hash",
                      "Parent Relationship": "Inner",
                      "Parallel Aware": true,
                      "Startup Cost": 79961.19,
                      "Total Cost": 79961.19,
                      "Plan Rows": 158476,
                      "Plan Width": 8,
                      "Actual Startup Time": 333.788,
                      "Actual Total Time": 333.912,
                      "Actual Rows": 96675,
                      "Actual Loops": 4,
                      "Hash Buckets": 1048576,
                      "Original Hash Buckets": 1048576,
                      "Hash Batches": 1,
                      "Original Hash Batches": 1,
                      "Peak Memory Usage": 23392,
                      "Plans": [
                        {
                          "Node Type": "Hash Join",
                          "Parent Relationship": "Outer",
                          "Parallel Aware": true,
                          "Join Type": "Inner",
                          "Startup Cost": 33970.88,
                          "Total Cost": 79961.19,
                          "Plan Rows": 158476,
                          "Plan Width": 8,
                          "Actual Startup Time": 212.954,
                          "Actual Total Time": 302.112,
                          "Actual Rows": 96675,
                          "Actual Loops": 4,
                          "Inner Unique": false,
                          "Hash Cond": "(t.id = mc.movie_id)",
                          "Plans": [
                            {
                              "Node Type": "Seq Scan",
                              "Parent Relationship": "Outer",
                              "Parallel Aware": true,
                              "Relation Name": "title",
                              "Alias": "t",
                              "Startup Cost": 0.0,
                              "Total Cost": 42318.73,
                              "Plan Rows": 632073,
                              "Plan Width": 4,
                              "Actual Startup Time": 0.009,
                              "Actual Total Time": 70.655,
                              "Actual Rows": 632078,
                              "Actual Loops": 4
                            },
                            {
                              "Node Type": "Hash",
                              "Parent Relationship": "Inner",
                              "Parallel Aware": true,
                              "Startup Cost": 31414.82,
                              "Total Cost": 31414.82,
                              "Plan Rows": 204485,
                              "Plan Width": 4,
                              "Actual Startup Time": 112.629,
                              "Actual Total Time": 112.63,
                              "Actual Rows": 96675,
                              "Actual Loops": 4,
                              "Hash Buckets": 1048576,
                              "Original Hash Buckets": 1048576,
                              "Hash Batches": 1,
                              "Original Hash Batches": 1,
                              "Peak Memory Usage": 23392,
                              "Plans": [
                                {
                                  "Node Type": "Seq Scan",
                                  "Parent Relationship": "Outer",
                                  "Parallel Aware": true,
                                  "Relation Name": "movie_companies",
                                  "Alias": "mc",
                                  "Startup Cost": 0.0,
                                  "Total Cost": 31414.82,
                                  "Plan Rows": 204485,
                                  "Plan Width": 4,
                                  "Actual Startup Time": 20.442,
                                  "Actual Total Time": 77.306,
                                  "Actual Rows": 96675,
                                  "Actual Loops": 4,
                                  "Filter": "((company_id > 11369) AND (company_type_id = 1))",
                                  "Rows Removed by Filter": 555608
                                }
                              ]
                            }
                          ]
                        }
                      ]
                    }
                  ]
                }
              ]
            }
          ]
        }
      ]
    },
    "Planning Time": 1.47,
    "Triggers": [],
    "Execution Time": 800.478
  }
]