{
  "Plan": {
    "Node Type": "Aggregate",
    "Strategy": "Plain",
    "Partial Mode": "Finalize",
    "Parallel Aware": false,
    "Startup Cost": 139730.9,
    "Total Cost": 139730.91,
    "Plan Rows": 1,
    "Plan Width": 8,
    "Actual Startup Time": 585.259,
    "Actual Total Time": 608.309,
    "Actual Rows": 1,
    "Actual Loops": 1,
    "Plans": [
      {
        "Node Type": "Gather",
        "Parent Relationship": "Outer",
        "Parallel Aware": false,
        "Startup Cost": 139730.79,
        "Total Cost": 139730.9,
        "Plan Rows": 1,
        "Plan Width": 8,
        "Actual Startup Time": 584.948,
        "Actual Total Time": 608.302,
        "Actual Rows": 2,
        "Actual Loops": 1,
        "Workers Planned": 1,
        "Workers Launched": 1,
        "Single Copy": false,
        "Plans": [
          {
            "Node Type": "Aggregate",
            "Strategy": "Plain",
            "Partial Mode": "Partial",
            "Parent Relationship": "Outer",
            "Parallel Aware": false,
            "Startup Cost": 138730.79,
            "Total Cost": 138730.8,
            "Plan Rows": 1,
            "Plan Width": 8,
            "Actual Startup Time": 578.864,
            "Actual Total Time": 578.868,
            "Actual Rows": 1,
            "Actual Loops": 2,
            "Plans": [
              {
                "Node Type": "Nested Loop",
                "Parent Relationship": "Outer",
                "Parallel Aware": false,
                "Join Type": "Inner",
                "Startup Cost": 58677.96,
                "Total Cost": 138691.5,
                "Plan Rows": 15716,
                "Plan Width": 0,
                "Actual Startup Time": 144.177,
                "Actual Total Time": 573.429,
                "Actual Rows": 113322,
                "Actual Loops": 2,
                "Inner Unique": false,
                "Join Filter": "(t.id = mc.movie_id)",
                "Rows Removed by Join Filter": 0,
                "Plans": [
                  {
                    "Node Type": "Hash Join",
                    "Parent Relationship": "Outer",
                    "Parallel Aware": true,
                    "Join Type": "Inner",
                    "Startup Cost": 58677.53,
                    "Total Cost": 120340.34,
                    "Plan Rows": 29994,
                    "Plan Width": 8,
                    "Actual Startup Time": 144.124,
                    "Actual Total Time": 415.945,
                    "Actual Rows": 45390,
                    "Actual Loops": 2,
                    "Inner Unique": true,
                    "Hash Cond": "(mk.movie_id = t.id)",
                    "Plans": [
                      {
                        "Node Type": "Seq Scan",
                        "Parent Relationship": "Outer",
                        "Parallel Aware": true,
                        "Relation Name": "movie_keyword",
                        "Alias": "mk",
                        "Startup Cost": 0.0,
                        "Total Cost": 57718.19,
                        "Plan Rows": 1502706,
                        "Plan Width": 4,
                        "Actual Startup Time": 0.011,
                        "Actual Total Time": 181.728,
                        "Actual Rows": 1278269,
                        "Actual Loops": 2,
                        "Filter": "(keyword_id < 6438)",
                        "Rows Removed by Filter": 983696
                      },
                      {
                        "Node Type": "Hash",
                        "Parent Relationship": "Inner",
                        "Parallel Aware": true,
                        "Startup Cost": 58306.47,
                        "Total Cost": 58306.47,
                        "Plan Rows": 29685,
                        "Plan Width": 4,
                        "Actual Startup Time": 142.837,
                        "Actual Total Time": 142.838,
                        "Actual Rows": 22006,
                        "Actual Loops": 2,
                        "Hash Buckets": 65536,
                        "Original Hash Buckets": 65536,
                        "Hash Batches": 1,
                        "Original Hash Batches": 1,
                        "Peak Memory Usage": 2272,
                        "Plans": [
                          {
                            "Node Type": "Seq Scan",
                            "Parent Relationship": "Outer",
                            "Parallel Aware": true,
                            "Relation Name": "title",
                            "Alias": "t",
                            "Startup Cost": 0.0,
                            "Total Cost": 58306.47,
                            "Plan Rows": 29685,
                            "Plan Width": 4,
                            "Actual Startup Time": 0.363,
                            "Actual Total Time": 137.322,
                            "Actual Rows": 22006,
                            "Actual Loops": 2,
                            "Filter": "((kind_id < 7) AND (production_year = 2009))",
                            "Rows Removed by Filter": 1242150
                          }
                        ]
                      }
                    ]
                  },
                  {
                    "Node Type": "Index Scan",
                    "Parent Relationship": "Inner",
                    "Parallel Aware": false,
                    "Scan Direction": "Forward",
                    "Index Name": "movie_id_movie_companies",
                    "Relation Name": "movie_companies",
                    "Alias": "mc",
                    "Startup Cost": 0.43,
                    "Total Cost": 0.57,
                    "Plan Rows": 3,
                    "Plan Width": 4,
                    "Actual Startup Time": 0.003,
                    "Actual Total Time": 0.003,
                    "Actual Rows": 2,
                    "Actual Loops": 90781,
                    "Index Cond": "(movie_id = mk.movie_id)",
                    "Rows Removed by Index Recheck": 0,
                    "Filter": "(company_type_id > 1)",
                    "Rows Removed by Filter": 8
                  }
                ]
              }
            ]
          }
        ]
      }
    ]
  },
  "Planning Time": 0.987,
  "Triggers": [],
  "Execution Time": 608.395
}