[
  {
    "Plan": {
      "Node Type": "Aggregate",
      "Strategy": "Plain",
      "Partial Mode": "Finalize",
      "Parallel Aware": false,
      "Startup Cost": 94709.2,
      "Total Cost": 94709.21,
      "Plan Rows": 1,
      "Plan Width": 8,
      "Actual Startup Time": 376.769,
      "Actual Total Time": 392.083,
      "Actual Rows": 1,
      "Actual Loops": 1,
      "Plans": [
        {
          "Node Type": "Gather",
          "Parent Relationship": "Outer",
          "Parallel Aware": false,
          "Startup Cost": 94708.89,
          "Total Cost": 94709.2,
          "Plan Rows": 3,
          "Plan Width": 8,
          "Actual Startup Time": 374.023,
          "Actual Total Time": 392.069,
          "Actual Rows": 4,
          "Actual Loops": 1,
          "Workers Planned": 3,
          "Workers Launched": 3,
          "Single Copy": false,
          "Plans": [
            {
              "Node Type": "Aggregate",
              "Strategy": "Plain",
              "Partial Mode": "Partial",
              "Parent Relationship": "Outer",
              "Parallel Aware": false,
              "Startup Cost": 93708.89,
              "Total Cost": 93708.9,
              "Plan Rows": 1,
              "Plan Width": 8,
              "Actual Startup Time": 366.639,
              "Actual Total Time": 366.642,
              "Actual Rows": 1,
              "Actual Loops": 4,
              "Plans": [
                {
                  "Node Type": "Hash Join",
                  "Parent Relationship": "Outer",
                  "Parallel Aware": true,
                  "Join Type": "Inner",
                  "Startup Cost": 49646.05,
                  "Total Cost": 93251.82,
                  "Plan Rows": 182826,
                  "Plan Width": 0,
                  "Actual Startup Time": 216.147,
                  "Actual Total Time": 362.605,
                  "Actual Rows": 83283,
                  "Actual Loops": 4,
                  "Inner Unique": true,
                  "Hash Cond": "(mk.movie_id = t.id)",
                  "Plans": [
                    {
                      "Node Type": "Seq Scan",
                      "Parent Relationship": "Outer",
                      "Parallel Aware": true,
                      "Relation Name": "movie_keyword",
                      "Alias": "mk",
                      "Startup Cost": 0.0,
                      "Total Cost": 42695.65,
                      "Plan Rows": 346712,
                      "Plan Width": 4,
                      "Actual Startup Time": 0.024,
                      "Actual Total Time": 90.922,
                      "Actual Rows": 271134,
                      "Actual Loops": 4,
                      "Filter": "(keyword_id < 1096)",
                      "Rows Removed by Filter": 859849
                    },
                    {
                      "Node Type": "Hash",
                      "Parent Relationship": "Inner",
                      "Parallel Aware": true,
                      "Startup Cost": 45479.59,
                      "Total Cost": 45479.59,
                      "Plan Rows": 333317,
                      "Plan Width": 4,
                      "Actual Startup Time": 212.019,
                      "Actual Total Time": 212.02,
                      "Actual Rows": 361925,
                      "Actual Loops": 4,
                      "Hash Buckets": 2097152,
                      "Original Hash Buckets": 2097152,
                      "Hash Batches": 1,
                      "Original Hash Batches": 1,
                      "Peak Memory Usage": 73056,
                      "Plans": [
                        {
                          "Node Type": "Seq Scan",
                          "Parent Relationship": "Outer",
                          "Parallel Aware": true,
                          "Relation Name": "title",
                          "Alias": "t",
                          "Startup Cost": 0.0,
                          "Total Cost": 45479.59,
                          "Plan Rows": 333317,
                          "Plan Width": 4,
                          "Actual Startup Time": 0.022,
                          "Actual Total Time": 100.659,
                          "Actual Rows": 361925,
                          "Actual Loops": 4,
                          "Filter": "((kind_id > 1) AND (production_year > 1988))",
                          "Rows Removed by Filter": 270153
                        }
                      ]
                    }
                  ]
                }
              ]
            }
          ]
        }
      ]
    },
    "Planning Time": 0.247,
    "Triggers": [],
    "Execution Time": 392.129
  }
]