{
  "Plan": {
    "Node Type": "Aggregate",
    "Strategy": "Plain",
    "Partial Mode": "Finalize",
    "Parallel Aware": false,
    "Startup Cost": 798389.96,
    "Total Cost": 798389.97,
    "Plan Rows": 1,
    "Plan Width": 8,
    "Actual Startup Time": 9341.653,
    "Actual Total Time": 9472.82,
    "Actual Rows": 1,
    "Actual Loops": 1,
    "Plans": [
      {
        "Node Type": "Gather",
        "Parent Relationship": "Outer",
        "Parallel Aware": false,
        "Startup Cost": 798389.84,
        "Total Cost": 798389.95,
        "Plan Rows": 1,
        "Plan Width": 8,
        "Actual Startup Time": 9312.082,
        "Actual Total Time": 9472.809,
        "Actual Rows": 2,
        "Actual Loops": 1,
        "Workers Planned": 1,
        "Workers Launched": 1,
        "Single Copy": false,
        "Plans": [
          {
            "Node Type": "Aggregate",
            "Strategy": "Plain",
            "Partial Mode": "Partial",
            "Parent Relationship": "Outer",
            "Parallel Aware": false,
            "Startup Cost": 797389.84,
            "Total Cost": 797389.85,
            "Plan Rows": 1,
            "Plan Width": 8,
            "Actual Startup Time": 9287.95,
            "Actual Total Time": 9291.06,
            "Actual Rows": 1,
            "Actual Loops": 2,
            "Plans": [
              {
                "Node Type": "Hash Join",
                "Parent Relationship": "Outer",
                "Parallel Aware": true,
                "Join Type": "Inner",
                "Startup Cost": 734733.81,
                "Total Cost": 789825.01,
                "Plan Rows": 3025933,
                "Plan Width": 0,
                "Actual Startup Time": 7969.844,
                "Actual Total Time": 8944.004,
                "Actual Rows": 9039778,
                "Actual Loops": 2,
                "Inner Unique": false,
                "Hash Cond": "(mk.movie_id = t.id)",
                "Plans": [
                  {
                    "Node Type": "Bitmap Heap Scan",
                    "Parent Relationship": "Outer",
                    "Parallel Aware": true,
                    "Relation Name": "movie_keyword",
                    "Alias": "mk",
                    "Startup Cost": 16834.82,
                    "Total Cost": 47124.1,
                    "Plan Rows": 466822,
                    "Plan Width": 4,
                    "Actual Startup Time": 48.691,
                    "Actual Total Time": 131.993,
                    "Actual Rows": 393564,
                    "Actual Loops": 2,
                    "Recheck Cond": "(keyword_id > 23925)",
                    "Rows Removed by Index Recheck": 0,
                    "Exact Heap Blocks": 11747,
                    "Lossy Heap Blocks": 0,
                    "Plans": [
                      {
                        "Node Type": "Bitmap Index Scan",
                        "Parent Relationship": "Outer",
                        "Parallel Aware": false,
                        "Index Name": "keyword_id_movie_keyword",
                        "Startup Cost": 0.0,
                        "Total Cost": 16636.42,
                        "Plan Rows": 793598,
                        "Plan Width": 0,
                        "Actual Startup Time": 45.171,
                        "Actual Total Time": 45.171,
                        "Actual Rows": 787129,
                        "Actual Loops": 1,
                        "Index Cond": "(keyword_id > 23925)"
                      }
                    ]
                  },
                  {
                    "Node Type": "Hash",
                    "Parent Relationship": "Inner",
                    "Parallel Aware": true,
                    "Startup Cost": 597396.46,
                    "Total Cost": 597396.46,
                    "Plan Rows": 9640203,
                    "Plan Width": 8,
                    "Actual Startup Time": 7866.621,
                    "Actual Total Time": 7869.728,
                    "Actual Rows": 8060842,
                    "Actual Loops": 2,
                    "Hash Buckets": 16777216,
                    "Original Hash Buckets": 16777216,
                    "Hash Batches": 1,
                    "Original Hash Batches": 1,
                    "Peak Memory Usage": 761760,
                    "Plans": [
                      {
                        "Node Type": "Hash Join",
                        "Parent Relationship": "Outer",
                        "Parallel Aware": true,
                        "Join Type": "Inner",
                        "Startup Cost": 69461.26,
                        "Total Cost": 597396.46,
                        "Plan Rows": 9640203,
                        "Plan Width": 8,
                        "Actual Startup Time": 498.323,
                        "Actual Total Time": 5349.625,
                        "Actual Rows": 8060842,
                        "Actual Loops": 2,
                        "Inner Unique": true,
                        "Hash Cond": "(ci.movie_id = t.id)",
                        "Plans": [
                          {
                            "Node Type": "Index Scan",
                            "Parent Relationship": "Outer",
                            "Parallel Aware": true,
                            "Scan Direction": "Forward",
                            "Index Name": "role_id_cast_info",
                            "Relation Name": "cast_info",
                            "Alias": "ci",
                            "Startup Cost": 0.56,
                            "Total Cost": 502630.18,
                            "Plan Rows": 9640203,
                            "Plan Width": 4,
                            "Actual Startup Time": 0.048,
                            "Actual Total Time": 1209.725,
                            "Actual Rows": 8060842,
                            "Actual Loops": 2,
                            "Index Cond": "(role_id > 2)",
                            "Rows Removed by Index Recheck": 0
                          },
                          {
                            "Node Type": "Hash",
                            "Parent Relationship": "Inner",
                            "Parallel Aware": true,
                            "Startup Cost": 50870.31,
                            "Total Cost": 50870.31,
                            "Plan Rows": 1487231,
                            "Plan Width": 4,
                            "Actual Startup Time": 487.48,
                            "Actual Total Time": 487.482,
                            "Actual Rows": 1264156,
                            "Actual Loops": 2,
                            "Hash Buckets": 4194304,
                            "Original Hash Buckets": 4194304,
                            "Hash Batches": 1,
                            "Original Hash Batches": 1,
                            "Peak Memory Usage": 131680,
                            "Plans": [
                              {
                                "Node Type": "Seq Scan",
                                "Parent Relationship": "Outer",
                                "Parallel Aware": true,
                                "Relation Name": "title",
                                "Alias": "t",
                                "Startup Cost": 0.0,
                                "Total Cost": 50870.31,
                                "Plan Rows": 1487231,
                                "Plan Width": 4,
                                "Actual Startup Time": 0.04,
                                "Actual Total Time": 152.188,
                                "Actual Rows": 1264156,
                                "Actual Loops": 2
                              }
                            ]
                          }
                        ]
                      }
                    ]
                  }
                ]
              }
            ]
          }
        ]
      }
    ]
  },
  "Planning Time": 1.05,
  "Triggers": [],
  "Execution Time": 9472.935
}