[
  {
    "Plan": {
      "Node Type": "Aggregate",
      "Strategy": "Plain",
      "Partial Mode": "Finalize",
      "Parallel Aware": false,
      "Startup Cost": 463893.29,
      "Total Cost": 463893.3,
      "Plan Rows": 1,
      "Plan Width": 8,
      "Actual Startup Time": 1925.287,
      "Actual Total Time": 1991.603,
      "Actual Rows": 1,
      "Actual Loops": 1,
      "Plans": [
        {
          "Node Type": "Gather",
          "Parent Relationship": "Outer",
          "Parallel Aware": false,
          "Startup Cost": 463892.77,
          "Total Cost": 463893.28,
          "Plan Rows": 5,
          "Plan Width": 8,
          "Actual Startup Time": 1899.175,
          "Actual Total Time": 1991.575,
          "Actual Rows": 6,
          "Actual Loops": 1,
          "Workers Planned": 5,
          "Workers Launched": 5,
          "Single Copy": false,
          "Plans": [
            {
              "Node Type": "Aggregate",
              "Strategy": "Plain",
              "Partial Mode": "Partial",
              "Parent Relationship": "Outer",
              "Parallel Aware": false,
              "Startup Cost": 462892.77,
              "Total Cost": 462892.78,
              "Plan Rows": 1,
              "Plan Width": 8,
              "Actual Startup Time": 1884.995,
              "Actual Total Time": 1885.389,
              "Actual Rows": 1,
              "Actual Loops": 6,
              "Plans": [
                {
                  "Node Type": "Hash Join",
                  "Parent Relationship": "Outer",
                  "Parallel Aware": true,
                  "Join Type": "Inner",
                  "Startup Cost": 254149.28,
                  "Total Cost": 460426.62,
                  "Plan Rows": 986460,
                  "Plan Width": 0,
                  "Actual Startup Time": 1049.512,
                  "Actual Total Time": 1838.763,
                  "Actual Rows": 1065444,
                  "Actual Loops": 6,
                  "Inner Unique": false,
                  "Hash Cond": "(mi.movie_id = t.id)",
                  "Plans": [
                    {
                      "Node Type": "Seq Scan",
                      "Parent Relationship": "Outer",
                      "Parallel Aware": true,
                      "Relation Name": "movie_info",
                      "Alias": "mi",
                      "Startup Cost": 0.0,
                      "Total Cost": 199108.24,
                      "Plan Rows": 1473332,
                      "Plan Width": 4,
                      "Actual Startup Time": 0.027,
                      "Actual Total Time": 335.876,
                      "Actual Rows": 1214478,
                      "Actual Loops": 6,
                      "Filter": "(info_type_id < 8)",
                      "Rows Removed by Filter": 1258142
                    },
                    {
                      "Node Type": "Hash",
                      "Parent Relationship": "Inner",
                      "Parallel Aware": true,
                      "Startup Cost": 250622.43,
                      "Total Cost": 250622.43,
                      "Plan Rows": 282148,
                      "Plan Width": 8,
                      "Actual Startup Time": 1043.093,
                      "Actual Total Time": 1043.484,
                      "Actual Rows": 408670,
                      "Actual Loops": 6,
                      "Hash Buckets": 4194304,
                      "Original Hash Buckets": 2097152,
                      "Hash Batches": 1,
                      "Original Hash Batches": 1,
                      "Peak Memory Usage": 145152,
                      "Plans": [
                        {
                          "Node Type": "Hash Join",
                          "Parent Relationship": "Outer",
                          "Parallel Aware": true,
                          "Join Type": "Inner",
                          "Startup Cost": 46342.24,
                          "Total Cost": 250622.43,
                          "Plan Rows": 282148,
                          "Plan Width": 8,
                          "Actual Startup Time": 150.205,
                          "Actual Total Time": 795.83,
                          "Actual Rows": 408670,
                          "Actual Loops": 6,
                          "Inner Unique": true,
                          "Hash Cond": "(ci.movie_id = t.id)",
                          "Plans": [
                            {
                              "Node Type": "Index Scan",
                              "Parent Relationship": "Outer",
                              "Parallel Aware": true,
                              "Scan Direction": "Forward",
                              "Index Name": "role_id_cast_info",
                              "Relation Name": "cast_info",
                              "Alias": "ci",
                              "Startup Cost": 0.56,
                              "Total Cost": 201884.69,
                              "Plan Rows": 912788,
                              "Plan Width": 4,
                              "Actual Startup Time": 0.148,
                              "Actual Total Time": 276.466,
                              "Actual Rows": 1241718,
                              "Actual Loops": 6,
                              "Index Cond": "(role_id = 2)",
                              "Rows Removed by Index Recheck": 0,
                              "Filter": "(person_id > 973557)",
                              "Rows Removed by Filter": 277
                            },
                            {
                              "Node Type": "Hash",
                              "Parent Relationship": "Inner",
                              "Parallel Aware": true,
                              "Startup Cost": 43899.32,
                              "Total Cost": 43899.32,
                              "Plan Rows": 195388,
                              "Plan Width": 4,
                              "Actual Startup Time": 148.441,
                              "Actual Total Time": 148.443,
                              "Actual Rows": 130821,
                              "Actual Loops": 6,
                              "Hash Buckets": 1048576,
                              "Original Hash Buckets": 1048576,
                              "Hash Batches": 1,
                              "Original Hash Batches": 1,
                              "Peak Memory Usage": 39008,
                              "Plans": [
                                {
                                  "Node Type": "Seq Scan",
                                  "Parent Relationship": "Outer",
                                  "Parallel Aware": true,
                                  "Relation Name": "title",
                                  "Alias": "t",
                                  "Startup Cost": 0.0,
                                  "Total Cost": 43899.32,
                                  "Plan Rows": 195388,
                                  "Plan Width": 4,
                                  "Actual Startup Time": 0.057,
                                  "Actual Total Time": 85.594,
                                  "Actual Rows": 130821,
                                  "Actual Loops": 6,
                                  "Filter": "(production_year > 2007)",
                                  "Rows Removed by Filter": 290564
                                }
                              ]
                            }
                          ]
                        }
                      ]
                    }
                  ]
                }
              ]
            }
          ]
        }
      ]
    },
    "Planning Time": 1.331,
    "Triggers": [],
    "Execution Time": 1991.696
  }
]