[
  {
    "Plan": {
      "Node Type": "Aggregate",
      "Strategy": "Plain",
      "Partial Mode": "Finalize",
      "Parallel Aware": false,
      "Startup Cost": 119031.03,
      "Total Cost": 119031.04,
      "Plan Rows": 1,
      "Plan Width": 8,
      "Actual Startup Time": 480.304,
      "Actual Total Time": 498.514,
      "Actual Rows": 1,
      "Actual Loops": 1,
      "Plans": [
        {
          "Node Type": "Gather",
          "Parent Relationship": "Outer",
          "Parallel Aware": false,
          "Startup Cost": 119030.71,
          "Total Cost": 119031.02,
          "Plan Rows": 3,
          "Plan Width": 8,
          "Actual Startup Time": 473.361,
          "Actual Total Time": 498.504,
          "Actual Rows": 4,
          "Actual Loops": 1,
          "Workers Planned": 3,
          "Workers Launched": 3,
          "Single Copy": false,
          "Plans": [
            {
              "Node Type": "Aggregate",
              "Strategy": "Plain",
              "Partial Mode": "Partial",
              "Parent Relationship": "Outer",
              "Parallel Aware": false,
              "Startup Cost": 118030.71,
              "Total Cost": 118030.72,
              "Plan Rows": 1,
              "Plan Width": 8,
              "Actual Startup Time": 464.721,
              "Actual Total Time": 464.729,
              "Actual Rows": 1,
              "Actual Loops": 4,
              "Plans": [
                {
                  "Node Type": "Hash Join",
                  "Parent Relationship": "Outer",
                  "Parallel Aware": true,
                  "Join Type": "Inner",
                  "Startup Cost": 73263.75,
                  "Total Cost": 117975.28,
                  "Plan Rows": 22172,
                  "Plan Width": 0,
                  "Actual Startup Time": 311.25,
                  "Actual Total Time": 460.795,
                  "Actual Rows": 84331,
                  "Actual Loops": 4,
                  "Inner Unique": false,
                  "Hash Cond": "(mk.movie_id = t.id)",
                  "Plans": [
                    {
                      "Node Type": "Seq Scan",
                      "Parent Relationship": "Outer",
                      "Parallel Aware": true,
                      "Relation Name": "movie_keyword",
                      "Alias": "mk",
                      "Startup Cost": 0.0,
                      "Total Cost": 42695.65,
                      "Plan Rows": 518497,
                      "Plan Width": 4,
                      "Actual Startup Time": 0.07,
                      "Actual Total Time": 102.091,
                      "Actual Rows": 401547,
                      "Actual Loops": 4,
                      "Filter": "(keyword_id < 2488)",
                      "Rows Removed by Filter": 729435
                    },
                    {
                      "Node Type": "Hash",
                      "Parent Relationship": "Inner",
                      "Parallel Aware": true,
                      "Startup Cost": 72827.77,
                      "Total Cost": 72827.77,
                      "Plan Rows": 34878,
                      "Plan Width": 8,
                      "Actual Startup Time": 310.099,
                      "Actual Total Time": 310.105,
                      "Actual Rows": 40217,
                      "Actual Loops": 4,
                      "Hash Buckets": 262144,
                      "Original Hash Buckets": 131072,
                      "Hash Batches": 1,
                      "Original Hash Batches": 1,
                      "Peak Memory Usage": 9472,
                      "Plans": [
                        {
                          "Node Type": "Hash Join",
                          "Parent Relationship": "Outer",
                          "Parallel Aware": true,
                          "Join Type": "Inner",
                          "Startup Cost": 52786.83,
                          "Total Cost": 72827.77,
                          "Plan Rows": 34878,
                          "Plan Width": 8,
                          "Actual Startup Time": 231.22,
                          "Actual Total Time": 292.054,
                          "Actual Rows": 40217,
                          "Actual Loops": 4,
                          "Inner Unique": true,
                          "Hash Cond": "(mc.movie_id = t.id)",
                          "Plans": [
                            {
                              "Node Type": "Bitmap Heap Scan",
                              "Parent Relationship": "Outer",
                              "Parallel Aware": true,
                              "Relation Name": "movie_companies",
                              "Alias": "mc",
                              "Startup Cost": 5555.47,
                              "Total Cost": 25379.31,
                              "Plan Rows": 82707,
                              "Plan Width": 4,
                              "Actual Startup Time": 13.754,
                              "Actual Total Time": 44.209,
                              "Actual Rows": 62989,
                              "Actual Loops": 4,
                              "Recheck Cond": "(company_id < 122)",
                              "Rows Removed by Index Recheck": 0,
                              "Exact Heap Blocks": 6361,
                              "Lossy Heap Blocks": 0,
                              "Plans": [
                                {
                                  "Node Type": "Bitmap Index Scan",
                                  "Parent Relationship": "Outer",
                                  "Parallel Aware": false,
                                  "Index Name": "company_id_movie_companies",
                                  "Startup Cost": 0.0,
                                  "Total Cost": 5491.37,
                                  "Plan Rows": 256392,
                                  "Plan Width": 0,
                                  "Actual Startup Time": 11.195,
                                  "Actual Total Time": 11.195,
                                  "Actual Rows": 251956,
                                  "Actual Loops": 1,
                                  "Index Cond": "(company_id < 122)"
                                }
                              ]
                            },
                            {
                              "Node Type": "Hash",
                              "Parent Relationship": "Inner",
                              "Parallel Aware": true,
                              "Startup Cost": 43899.32,
                              "Total Cost": 43899.32,
                              "Plan Rows": 266563,
                              "Plan Width": 4,
                              "Actual Startup Time": 212.848,
                              "Actual Total Time": 212.849,
                              "Actual Rows": 268691,
                              "Actual Loops": 4,
                              "Hash Buckets": 2097152,
                              "Original Hash Buckets": 2097152,
                              "Hash Batches": 1,
                              "Original Hash Batches": 1,
                              "Peak Memory Usage": 58496,
                              "Plans": [
                                {
                                  "Node Type": "Seq Scan",
                                  "Parent Relationship": "Outer",
                                  "Parallel Aware": true,
                                  "Relation Name": "title",
                                  "Alias": "t",
                                  "Startup Cost": 0.0,
                                  "Total Cost": 43899.32,
                                  "Plan Rows": 266563,
                                  "Plan Width": 4,
                                  "Actual Startup Time": 0.043,
                                  "Actual Total Time": 107.703,
                                  "Actual Rows": 268691,
                                  "Actual Loops": 4,
                                  "Filter": "(production_year < 2001)",
                                  "Rows Removed by Filter": 363387
                                }
                              ]
                            }
                          ]
                        }
                      ]
                    }
                  ]
                }
              ]
            }
          ]
        }
      ]
    },
    "Planning Time": 0.671,
    "Triggers": [],
    "Execution Time": 498.58
  }
]