{
  "Plan": {
    "Node Type": "Aggregate",
    "Strategy": "Plain",
    "Partial Mode": "Finalize",
    "Parallel Aware": false,
    "Startup Cost": 95588.6,
    "Total Cost": 95588.61,
    "Plan Rows": 1,
    "Plan Width": 8,
    "Actual Startup Time": 452.268,
    "Actual Total Time": 464.602,
    "Actual Rows": 1,
    "Actual Loops": 1,
    "Plans": [
      {
        "Node Type": "Gather",
        "Parent Relationship": "Outer",
        "Parallel Aware": false,
        "Startup Cost": 95588.49,
        "Total Cost": 95588.6,
        "Plan Rows": 1,
        "Plan Width": 8,
        "Actual Startup Time": 450.84,
        "Actual Total Time": 464.595,
        "Actual Rows": 2,
        "Actual Loops": 1,
        "Workers Planned": 1,
        "Workers Launched": 1,
        "Single Copy": false,
        "Plans": [
          {
            "Node Type": "Aggregate",
            "Strategy": "Plain",
            "Partial Mode": "Partial",
            "Parent Relationship": "Outer",
            "Parallel Aware": false,
            "Startup Cost": 94588.49,
            "Total Cost": 94588.5,
            "Plan Rows": 1,
            "Plan Width": 8,
            "Actual Startup Time": 442.451,
            "Actual Total Time": 442.454,
            "Actual Rows": 1,
            "Actual Loops": 2,
            "Plans": [
              {
                "Node Type": "Hash Join",
                "Parent Relationship": "Outer",
                "Parallel Aware": true,
                "Join Type": "Inner",
                "Startup Cost": 69548.95,
                "Total Cost": 94524.85,
                "Plan Rows": 25454,
                "Plan Width": 0,
                "Actual Startup Time": 408.755,
                "Actual Total Time": 441.219,
                "Actual Rows": 25551,
                "Actual Loops": 2,
                "Inner Unique": true,
                "Hash Cond": "(mk.movie_id = t.id)",
                "Plans": [
                  {
                    "Node Type": "Bitmap Heap Scan",
                    "Parent Relationship": "Outer",
                    "Parallel Aware": true,
                    "Relation Name": "movie_keyword",
                    "Alias": "mk",
                    "Startup Cost": 1247.05,
                    "Total Cost": 26132.37,
                    "Plan Rows": 34506,
                    "Plan Width": 4,
                    "Actual Startup Time": 6.057,
                    "Actual Total Time": 24.5,
                    "Actual Rows": 29224,
                    "Actual Loops": 2,
                    "Recheck Cond": "(keyword_id = 16264)",
                    "Rows Removed by Index Recheck": 0,
                    "Exact Heap Blocks": 7561,
                    "Lossy Heap Blocks": 0,
                    "Plans": [
                      {
                        "Node Type": "Bitmap Index Scan",
                        "Parent Relationship": "Outer",
                        "Parallel Aware": false,
                        "Index Name": "keyword_id_movie_keyword",
                        "Startup Cost": 0.0,
                        "Total Cost": 1232.38,
                        "Plan Rows": 58660,
                        "Plan Width": 0,
                        "Actual Startup Time": 4.388,
                        "Actual Total Time": 4.389,
                        "Actual Rows": 58448,
                        "Actual Loops": 1,
                        "Index Cond": "(keyword_id = 16264)"
                      }
                    ]
                  },
                  {
                    "Node Type": "Hash",
                    "Parent Relationship": "Inner",
                    "Parallel Aware": true,
                    "Startup Cost": 54588.39,
                    "Total Cost": 54588.39,
                    "Plan Rows": 1097081,
                    "Plan Width": 4,
                    "Actual Startup Time": 388.133,
                    "Actual Total Time": 388.133,
                    "Actual Rows": 932744,
                    "Actual Loops": 2,
                    "Hash Buckets": 2097152,
                    "Original Hash Buckets": 2097152,
                    "Hash Batches": 1,
                    "Original Hash Batches": 1,
                    "Peak Memory Usage": 89408,
                    "Plans": [
                      {
                        "Node Type": "Seq Scan",
                        "Parent Relationship": "Outer",
                        "Parallel Aware": true,
                        "Relation Name": "title",
                        "Alias": "t",
                        "Startup Cost": 0.0,
                        "Total Cost": 54588.39,
                        "Plan Rows": 1097081,
                        "Plan Width": 4,
                        "Actual Startup Time": 0.028,
                        "Actual Total Time": 160.28,
                        "Actual Rows": 932744,
                        "Actual Loops": 2,
                        "Filter": "(kind_id > 1)",
                        "Rows Removed by Filter": 331412
                      }
                    ]
                  }
                ]
              }
            ]
          }
        ]
      }
    ]
  },
  "Planning Time": 0.601,
  "Triggers": [],
  "Execution Time": 464.691
}