[
    {
        "Bao": {
            "Bao prediction": "NaN",
            "Bao recommended hint": "(no hint)"
        }
    },
    {
        "Plan": {
            "Node Type": "Aggregate",
            "Strategy": "Plain",
            "Partial Mode": "Finalize",
            "Parallel Aware": false,
            "Startup Cost": 9923.3,
            "Total Cost": 9923.31,
            "Plan Rows": 1,
            "Plan Width": 8,
            "Actual Startup Time": 36.879,
            "Actual Total Time": 39.639,
            "Actual Rows": 1,
            "Actual Loops": 1,
            "Output": [
                "count(*)"
            ],
            "Plans": [
                {
                    "Node Type": "Gather",
                    "Parent Relationship": "Outer",
                    "Parallel Aware": false,
                    "Startup Cost": 9922.99,
                    "Total Cost": 9923.3,
                    "Plan Rows": 3,
                    "Plan Width": 8,
                    "Actual Startup Time": 36.749,
                    "Actual Total Time": 39.633,
                    "Actual Rows": 4,
                    "Actual Loops": 1,
                    "Output": [
                        "(PARTIAL count(*))"
                    ],
                    "Workers Planned": 3,
                    "Workers Launched": 3,
                    "Single Copy": false,
                    "Plans": [
                        {
                            "Node Type": "Aggregate",
                            "Strategy": "Plain",
                            "Partial Mode": "Partial",
                            "Parent Relationship": "Outer",
                            "Parallel Aware": false,
                            "Startup Cost": 8922.99,
                            "Total Cost": 8923.0,
                            "Plan Rows": 1,
                            "Plan Width": 8,
                            "Actual Startup Time": 28.273,
                            "Actual Total Time": 28.274,
                            "Actual Rows": 1,
                            "Actual Loops": 4,
                            "Output": [
                                "PARTIAL count(*)"
                            ],
                            "Workers": [
                                {
                                    "Worker Number": 0,
                                    "Actual Startup Time": 25.086,
                                    "Actual Total Time": 25.088,
                                    "Actual Rows": 1,
                                    "Actual Loops": 1
                                },
                                {
                                    "Worker Number": 1,
                                    "Actual Startup Time": 25.624,
                                    "Actual Total Time": 25.625,
                                    "Actual Rows": 1,
                                    "Actual Loops": 1
                                },
                                {
                                    "Worker Number": 2,
                                    "Actual Startup Time": 25.979,
                                    "Actual Total Time": 25.98,
                                    "Actual Rows": 1,
                                    "Actual Loops": 1
                                }
                            ],
                            "Plans": [
                                {
                                    "Node Type": "Index Scan",
                                    "Parent Relationship": "Outer",
                                    "Parallel Aware": true,
                                    "Scan Direction": "Forward",
                                    "Index Name": "role_id_cast_info",
                                    "Relation Name": "cast_info",
                                    "Schema": "public",
                                    "Alias": "ci",
                                    "Startup Cost": 0.56,
                                    "Total Cost": 8709.54,
                                    "Plan Rows": 85378,
                                    "Plan Width": 0,
                                    "Actual Startup Time": 0.116,
                                    "Actual Total Time": 25.748,
                                    "Actual Rows": 29018,
                                    "Actual Loops": 4,
                                    "Output": [
                                        "id",
                                        "person_id",
                                        "movie_id",
                                        "person_role_id",
                                        "note",
                                        "nr_order",
                                        "role_id"
                                    ],
                                    "Index Cond": "(ci.role_id > 10)",
                                    "Rows Removed by Index Recheck": 0,
                                    "Filter": "(ci.person_id < 3245793)",
                                    "Rows Removed by Filter": 50011,
                                    "Workers": [
                                        {
                                            "Worker Number": 0,
                                            "Actual Startup Time": 0.125,
                                            "Actual Total Time": 23.075,
                                            "Actual Rows": 16043,
                                            "Actual Loops": 1
                                        },
                                        {
                                            "Worker Number": 1,
                                            "Actual Startup Time": 0.127,
                                            "Actual Total Time": 23.421,
                                            "Actual Rows": 19700,
                                            "Actual Loops": 1
                                        },
                                        {
                                            "Worker Number": 2,
                                            "Actual Startup Time": 0.172,
                                            "Actual Total Time": 23.737,
                                            "Actual Rows": 20570,
                                            "Actual Loops": 1
                                        }
                                    ]
                                }
                            ]
                        }
                    ]
                }
            ]
        },
        "Planning Time": 283.146,
        "Triggers": [],
        "Execution Time": 39.688
    }
]