{
  "Plan": {
    "Node Type": "Aggregate",
    "Strategy": "Plain",
    "Partial Mode": "Finalize",
    "Parallel Aware": false,
    "Startup Cost": 122166.87,
    "Total Cost": 122166.88,
    "Plan Rows": 1,
    "Plan Width": 8,
    "Actual Startup Time": 450.693,
    "Actual Total Time": 467.856,
    "Actual Rows": 1,
    "Actual Loops": 1,
    "Plans": [
      {
        "Node Type": "Gather",
        "Parent Relationship": "Outer",
        "Parallel Aware": false,
        "Startup Cost": 122166.76,
        "Total Cost": 122166.87,
        "Plan Rows": 1,
        "Plan Width": 8,
        "Actual Startup Time": 449.607,
        "Actual Total Time": 467.846,
        "Actual Rows": 2,
        "Actual Loops": 1,
        "Workers Planned": 1,
        "Workers Launched": 1,
        "Single Copy": false,
        "Plans": [
          {
            "Node Type": "Aggregate",
            "Strategy": "Plain",
            "Partial Mode": "Partial",
            "Parent Relationship": "Outer",
            "Parallel Aware": false,
            "Startup Cost": 121166.76,
            "Total Cost": 121166.77,
            "Plan Rows": 1,
            "Plan Width": 8,
            "Actual Startup Time": 444.143,
            "Actual Total Time": 444.147,
            "Actual Rows": 1,
            "Actual Loops": 2,
            "Plans": [
              {
                "Node Type": "Hash Join",
                "Parent Relationship": "Outer",
                "Parallel Aware": true,
                "Join Type": "Inner",
                "Startup Cost": 86176.03,
                "Total Cost": 120848.01,
                "Plan Rows": 127498,
                "Plan Width": 0,
                "Actual Startup Time": 270.128,
                "Actual Total Time": 442.835,
                "Actual Rows": 22784,
                "Actual Loops": 2,
                "Inner Unique": true,
                "Hash Cond": "(mk.movie_id = t.id)",
                "Plans": [
                  {
                    "Node Type": "Bitmap Heap Scan",
                    "Parent Relationship": "Outer",
                    "Parallel Aware": true,
                    "Relation Name": "movie_keyword",
                    "Alias": "mk",
                    "Startup Cost": 24361.06,
                    "Total Cost": 57259.68,
                    "Plan Rows": 675569,
                    "Plan Width": 4,
                    "Actual Startup Time": 67.454,
                    "Actual Total Time": 164.293,
                    "Actual Rows": 578290,
                    "Actual Loops": 2,
                    "Recheck Cond": "(keyword_id < 1370)",
                    "Rows Removed by Index Recheck": 0,
                    "Exact Heap Blocks": 13805,
                    "Lossy Heap Blocks": 0,
                    "Plans": [
                      {
                        "Node Type": "Bitmap Index Scan",
                        "Parent Relationship": "Outer",
                        "Parallel Aware": false,
                        "Index Name": "keyword_id_movie_keyword",
                        "Startup Cost": 0.0,
                        "Total Cost": 24073.94,
                        "Plan Rows": 1148468,
                        "Plan Width": 0,
                        "Actual Startup Time": 63.723,
                        "Actual Total Time": 63.723,
                        "Actual Rows": 1156580,
                        "Actual Loops": 1,
                        "Index Cond": "(keyword_id < 1370)"
                      }
                    ]
                  },
                  {
                    "Node Type": "Hash",
                    "Parent Relationship": "Inner",
                    "Parallel Aware": true,
                    "Startup Cost": 58306.47,
                    "Total Cost": 58306.47,
                    "Plan Rows": 280680,
                    "Plan Width": 4,
                    "Actual Startup Time": 196.673,
                    "Actual Total Time": 196.673,
                    "Actual Rows": 182630,
                    "Actual Loops": 2,
                    "Hash Buckets": 524288,
                    "Original Hash Buckets": 524288,
                    "Hash Batches": 1,
                    "Original Hash Batches": 1,
                    "Peak Memory Usage": 18432,
                    "Plans": [
                      {
                        "Node Type": "Seq Scan",
                        "Parent Relationship": "Outer",
                        "Parallel Aware": true,
                        "Relation Name": "title",
                        "Alias": "t",
                        "Startup Cost": 0.0,
                        "Total Cost": 58306.47,
                        "Plan Rows": 280680,
                        "Plan Width": 4,
                        "Actual Startup Time": 0.032,
                        "Actual Total Time": 150.648,
                        "Actual Rows": 182630,
                        "Actual Loops": 2,
                        "Filter": "((kind_id > 4) AND (production_year < 1994))",
                        "Rows Removed by Filter": 1081526
                      }
                    ]
                  }
                ]
              }
            ]
          }
        ]
      }
    ]
  },
  "Planning Time": 0.619,
  "Triggers": [],
  "Execution Time": 467.945
}