[
  {
    "Plan": {
      "Node Type": "Aggregate",
      "Strategy": "Plain",
      "Partial Mode": "Finalize",
      "Parallel Aware": false,
      "Startup Cost": 92240.03,
      "Total Cost": 92240.04,
      "Plan Rows": 1,
      "Plan Width": 8,
      "Actual Startup Time": 211.999,
      "Actual Total Time": 234.28,
      "Actual Rows": 1,
      "Actual Loops": 1,
      "Plans": [
        {
          "Node Type": "Gather",
          "Parent Relationship": "Outer",
          "Parallel Aware": false,
          "Startup Cost": 92239.71,
          "Total Cost": 92240.02,
          "Plan Rows": 3,
          "Plan Width": 8,
          "Actual Startup Time": 211.211,
          "Actual Total Time": 234.271,
          "Actual Rows": 4,
          "Actual Loops": 1,
          "Workers Planned": 3,
          "Workers Launched": 3,
          "Single Copy": false,
          "Plans": [
            {
              "Node Type": "Aggregate",
              "Strategy": "Plain",
              "Partial Mode": "Partial",
              "Parent Relationship": "Outer",
              "Parallel Aware": false,
              "Startup Cost": 91239.71,
              "Total Cost": 91239.72,
              "Plan Rows": 1,
              "Plan Width": 8,
              "Actual Startup Time": 201.662,
              "Actual Total Time": 201.666,
              "Actual Rows": 1,
              "Actual Loops": 4,
              "Plans": [
                {
                  "Node Type": "Nested Loop",
                  "Parent Relationship": "Outer",
                  "Parallel Aware": false,
                  "Join Type": "Inner",
                  "Startup Cost": 47214.01,
                  "Total Cost": 91199.89,
                  "Plan Rows": 15930,
                  "Plan Width": 0,
                  "Actual Startup Time": 122.405,
                  "Actual Total Time": 198.217,
                  "Actual Rows": 73280,
                  "Actual Loops": 4,
                  "Inner Unique": false,
                  "Plans": [
                    {
                      "Node Type": "Hash Join",
                      "Parent Relationship": "Outer",
                      "Parallel Aware": true,
                      "Join Type": "Inner",
                      "Startup Cost": 47213.57,
                      "Total Cost": 72313.75,
                      "Plan Rows": 2724,
                      "Plan Width": 8,
                      "Actual Startup Time": 122.308,
                      "Actual Total Time": 150.727,
                      "Actual Rows": 1148,
                      "Actual Loops": 4,
                      "Inner Unique": true,
                      "Hash Cond": "(mk.movie_id = t.id)",
                      "Plans": [
                        {
                          "Node Type": "Bitmap Heap Scan",
                          "Parent Relationship": "Outer",
                          "Parallel Aware": true,
                          "Relation Name": "movie_keyword",
                          "Alias": "mk",
                          "Startup Cost": 2810.84,
                          "Total Cost": 27798.87,
                          "Plan Rows": 42723,
                          "Plan Width": 4,
                          "Actual Startup Time": 11.427,
                          "Actual Total Time": 33.471,
                          "Actual Rows": 32213,
                          "Actual Loops": 4,
                          "Recheck Cond": "(keyword_id > 76570)",
                          "Rows Removed by Index Recheck": 0,
                          "Exact Heap Blocks": 7134,
                          "Lossy Heap Blocks": 0,
                          "Plans": [
                            {
                              "Node Type": "Bitmap Index Scan",
                              "Parent Relationship": "Outer",
                              "Parallel Aware": false,
                              "Index Name": "keyword_id_movie_keyword",
                              "Startup Cost": 0.0,
                              "Total Cost": 2777.73,
                              "Plan Rows": 132440,
                              "Plan Width": 0,
                              "Actual Startup Time": 8.608,
                              "Actual Total Time": 8.609,
                              "Actual Rows": 128851,
                              "Actual Loops": 1,
                              "Index Cond": "(keyword_id > 76570)"
                            }
                          ]
                        },
                        {
                          "Node Type": "Hash",
                          "Parent Relationship": "Inner",
                          "Parallel Aware": true,
                          "Startup Cost": 43898.92,
                          "Total Cost": 43898.92,
                          "Plan Rows": 40305,
                          "Plan Width": 4,
                          "Actual Startup Time": 108.518,
                          "Actual Total Time": 108.518,
                          "Actual Rows": 40004,
                          "Actual Loops": 4,
                          "Hash Buckets": 262144,
                          "Original Hash Buckets": 262144,
                          "Hash Batches": 1,
                          "Original Hash Batches": 1,
                          "Peak Memory Usage": 8384,
                          "Plans": [
                            {
                              "Node Type": "Seq Scan",
                              "Parent Relationship": "Outer",
                              "Parallel Aware": true,
                              "Relation Name": "title",
                              "Alias": "t",
                              "Startup Cost": 0.0,
                              "Total Cost": 43898.92,
                              "Plan Rows": 40305,
                              "Plan Width": 4,
                              "Actual Startup Time": 0.043,
                              "Actual Total Time": 92.809,
                              "Actual Rows": 40004,
                              "Actual Loops": 4,
                              "Filter": "(production_year = 2011)",
                              "Rows Removed by Filter": 592074
                            }
                          ]
                        }
                      ]
                    },
                    {
                      "Node Type": "Index Only Scan",
                      "Parent Relationship": "Inner",
                      "Parallel Aware": false,
                      "Scan Direction": "Forward",
                      "Index Name": "movie_id_movie_info",
                      "Relation Name": "movie_info",
                      "Alias": "mi",
                      "Startup Cost": 0.43,
                      "Total Cost": 6.51,
                      "Plan Rows": 42,
                      "Plan Width": 4,
                      "Actual Startup Time": 0.009,
                      "Actual Total Time": 0.037,
                      "Actual Rows": 64,
                      "Actual Loops": 4594,
                      "Index Cond": "(movie_id = t.id)",
                      "Rows Removed by Index Recheck": 0,
                      "Heap Fetches": 293121
                    }
                  ]
                }
              ]
            }
          ]
        }
      ]
    },
    "Planning Time": 1.1,
    "Triggers": [],
    "Execution Time": 234.369
  }
]