[
    {
        "Bao": {
            "Bao prediction": "NaN",
            "Bao recommended hint": "(no hint)"
        }
    },
    {
        "Plan": {
            "Node Type": "Aggregate",
            "Strategy": "Plain",
            "Partial Mode": "Finalize",
            "Parallel Aware": false,
            "Startup Cost": 9935.83,
            "Total Cost": 9935.84,
            "Plan Rows": 1,
            "Plan Width": 8,
            "Actual Startup Time": 35.478,
            "Actual Total Time": 38.142,
            "Actual Rows": 1,
            "Actual Loops": 1,
            "Output": [
                "count(*)"
            ],
            "Plans": [
                {
                    "Node Type": "Gather",
                    "Parent Relationship": "Outer",
                    "Parallel Aware": false,
                    "Startup Cost": 9935.52,
                    "Total Cost": 9935.83,
                    "Plan Rows": 3,
                    "Plan Width": 8,
                    "Actual Startup Time": 35.359,
                    "Actual Total Time": 38.136,
                    "Actual Rows": 4,
                    "Actual Loops": 1,
                    "Output": [
                        "(PARTIAL count(*))"
                    ],
                    "Workers Planned": 3,
                    "Workers Launched": 3,
                    "Single Copy": false,
                    "Plans": [
                        {
                            "Node Type": "Aggregate",
                            "Strategy": "Plain",
                            "Partial Mode": "Partial",
                            "Parent Relationship": "Outer",
                            "Parallel Aware": false,
                            "Startup Cost": 8935.52,
                            "Total Cost": 8935.53,
                            "Plan Rows": 1,
                            "Plan Width": 8,
                            "Actual Startup Time": 26.756,
                            "Actual Total Time": 26.757,
                            "Actual Rows": 1,
                            "Actual Loops": 4,
                            "Output": [
                                "PARTIAL count(*)"
                            ],
                            "Workers": [
                                {
                                    "Worker Number": 0,
                                    "Actual Startup Time": 23.556,
                                    "Actual Total Time": 23.557,
                                    "Actual Rows": 1,
                                    "Actual Loops": 1
                                },
                                {
                                    "Worker Number": 1,
                                    "Actual Startup Time": 24.189,
                                    "Actual Total Time": 24.19,
                                    "Actual Rows": 1,
                                    "Actual Loops": 1
                                },
                                {
                                    "Worker Number": 2,
                                    "Actual Startup Time": 24.42,
                                    "Actual Total Time": 24.421,
                                    "Actual Rows": 1,
                                    "Actual Loops": 1
                                }
                            ],
                            "Plans": [
                                {
                                    "Node Type": "Index Scan",
                                    "Parent Relationship": "Outer",
                                    "Parallel Aware": true,
                                    "Scan Direction": "Forward",
                                    "Index Name": "role_id_cast_info",
                                    "Relation Name": "cast_info",
                                    "Schema": "public",
                                    "Alias": "ci",
                                    "Startup Cost": 0.56,
                                    "Total Cost": 8709.53,
                                    "Plan Rows": 90395,
                                    "Plan Width": 0,
                                    "Actual Startup Time": 0.106,
                                    "Actual Total Time": 24.035,
                                    "Actual Rows": 33827,
                                    "Actual Loops": 4,
                                    "Output": [
                                        "id",
                                        "person_id",
                                        "movie_id",
                                        "person_role_id",
                                        "note",
                                        "nr_order",
                                        "role_id"
                                    ],
                                    "Index Cond": "(ci.role_id = 11)",
                                    "Rows Removed by Index Recheck": 0,
                                    "Filter": "(ci.person_id < 3546342)",
                                    "Rows Removed by Filter": 45203,
                                    "Workers": [
                                        {
                                            "Worker Number": 0,
                                            "Actual Startup Time": 0.147,
                                            "Actual Total Time": 21.243,
                                            "Actual Rows": 19739,
                                            "Actual Loops": 1
                                        },
                                        {
                                            "Worker Number": 1,
                                            "Actual Startup Time": 0.118,
                                            "Actual Total Time": 21.918,
                                            "Actual Rows": 19703,
                                            "Actual Loops": 1
                                        },
                                        {
                                            "Worker Number": 2,
                                            "Actual Startup Time": 0.12,
                                            "Actual Total Time": 22.223,
                                            "Actual Rows": 19742,
                                            "Actual Loops": 1
                                        }
                                    ]
                                }
                            ]
                        }
                    ]
                }
            ]
        },
        "Planning Time": 178.005,
        "Triggers": [],
        "Execution Time": 38.229
    }
]