{
  "Plan": {
    "Node Type": "Aggregate",
    "Strategy": "Plain",
    "Partial Mode": "Finalize",
    "Parallel Aware": false,
    "Startup Cost": 398393.92,
    "Total Cost": 398393.93,
    "Plan Rows": 1,
    "Plan Width": 8,
    "Actual Startup Time": 7594.147,
    "Actual Total Time": 7652.813,
    "Actual Rows": 1,
    "Actual Loops": 1,
    "Plans": [
      {
        "Node Type": "Gather",
        "Parent Relationship": "Outer",
        "Parallel Aware": false,
        "Startup Cost": 398393.81,
        "Total Cost": 398393.92,
        "Plan Rows": 1,
        "Plan Width": 8,
        "Actual Startup Time": 7593.505,
        "Actual Total Time": 7652.806,
        "Actual Rows": 2,
        "Actual Loops": 1,
        "Workers Planned": 1,
        "Workers Launched": 1,
        "Single Copy": false,
        "Plans": [
          {
            "Node Type": "Aggregate",
            "Strategy": "Plain",
            "Partial Mode": "Partial",
            "Parent Relationship": "Outer",
            "Parallel Aware": false,
            "Startup Cost": 397393.81,
            "Total Cost": 397393.82,
            "Plan Rows": 1,
            "Plan Width": 8,
            "Actual Startup Time": 7587.187,
            "Actual Total Time": 7587.191,
            "Actual Rows": 1,
            "Actual Loops": 2,
            "Plans": [
              {
                "Node Type": "Nested Loop",
                "Parent Relationship": "Outer",
                "Parallel Aware": false,
                "Join Type": "Inner",
                "Startup Cost": 56034.76,
                "Total Cost": 393815.81,
                "Plan Rows": 1431201,
                "Plan Width": 0,
                "Actual Startup Time": 192.299,
                "Actual Total Time": 6997.222,
                "Actual Rows": 13960089,
                "Actual Loops": 2,
                "Inner Unique": false,
                "Join Filter": "(t.id = ci.movie_id)",
                "Rows Removed by Join Filter": 0,
                "Plans": [
                  {
                    "Node Type": "Hash Join",
                    "Parent Relationship": "Outer",
                    "Parallel Aware": true,
                    "Join Type": "Inner",
                    "Startup Cost": 56034.2,
                    "Total Cost": 115886.95,
                    "Plan Rows": 99881,
                    "Plan Width": 8,
                    "Actual Startup Time": 192.217,
                    "Actual Total Time": 454.691,
                    "Actual Rows": 288572,
                    "Actual Loops": 2,
                    "Inner Unique": true,
                    "Hash Cond": "(mk.movie_id = t.id)",
                    "Plans": [
                      {
                        "Node Type": "Seq Scan",
                        "Parent Relationship": "Outer",
                        "Parallel Aware": true,
                        "Relation Name": "movie_keyword",
                        "Alias": "mk",
                        "Startup Cost": 0.0,
                        "Total Cost": 57718.19,
                        "Plan Rows": 813165,
                        "Plan Width": 4,
                        "Actual Startup Time": 1.154,
                        "Actual Total Time": 174.426,
                        "Actual Rows": 693962,
                        "Actual Loops": 2,
                        "Filter": "(keyword_id > 12015)",
                        "Rows Removed by Filter": 1568003
                      },
                      {
                        "Node Type": "Hash",
                        "Parent Relationship": "Inner",
                        "Parallel Aware": true,
                        "Startup Cost": 53750.75,
                        "Total Cost": 53750.75,
                        "Plan Rows": 182676,
                        "Plan Width": 4,
                        "Actual Startup Time": 143.384,
                        "Actual Total Time": 143.385,
                        "Actual Rows": 200370,
                        "Actual Loops": 2,
                        "Hash Buckets": 524288,
                        "Original Hash Buckets": 524288,
                        "Hash Batches": 1,
                        "Original Hash Batches": 1,
                        "Peak Memory Usage": 19808,
                        "Plans": [
                          {
                            "Node Type": "Bitmap Heap Scan",
                            "Parent Relationship": "Outer",
                            "Parallel Aware": true,
                            "Relation Name": "title",
                            "Alias": "t",
                            "Startup Cost": 11900.49,
                            "Total Cost": 53750.75,
                            "Plan Rows": 182676,
                            "Plan Width": 4,
                            "Actual Startup Time": 35.818,
                            "Actual Total Time": 100.781,
                            "Actual Rows": 200370,
                            "Actual Loops": 2,
                            "Recheck Cond": "(kind_id = 1)",
                            "Rows Removed by Index Recheck": 0,
                            "Filter": "(production_year < 2003)",
                            "Rows Removed by Filter": 131042,
                            "Exact Heap Blocks": 8065,
                            "Lossy Heap Blocks": 0,
                            "Plans": [
                              {
                                "Node Type": "Bitmap Index Scan",
                                "Parent Relationship": "Outer",
                                "Parallel Aware": false,
                                "Index Name": "kind_id_title",
                                "Startup Cost": 0.0,
                                "Total Cost": 11822.85,
                                "Plan Rows": 663256,
                                "Plan Width": 0,
                                "Actual Startup Time": 34.231,
                                "Actual Total Time": 34.232,
                                "Actual Rows": 662825,
                                "Actual Loops": 1,
                                "Index Cond": "(kind_id = 1)"
                              }
                            ]
                          }
                        ]
                      }
                    ]
                  },
                  {
                    "Node Type": "Index Only Scan",
                    "Parent Relationship": "Inner",
                    "Parallel Aware": false,
                    "Scan Direction": "Forward",
                    "Index Name": "movie_id_cast_info",
                    "Relation Name": "cast_info",
                    "Alias": "ci",
                    "Startup Cost": 0.56,
                    "Total Cost": 2.32,
                    "Plan Rows": 37,
                    "Plan Width": 4,
                    "Actual Startup Time": 0.003,
                    "Actual Total Time": 0.019,
                    "Actual Rows": 48,
                    "Actual Loops": 577145,
                    "Index Cond": "(movie_id = mk.movie_id)",
                    "Rows Removed by Index Recheck": 0,
                    "Heap Fetches": 27920178
                  }
                ]
              }
            ]
          }
        ]
      }
    ]
  },
  "Planning Time": 0.968,
  "Triggers": [],
  "Execution Time": 7652.938
}