[
  {
    "Plan": {
      "Node Type": "Aggregate",
      "Strategy": "Plain",
      "Partial Mode": "Finalize",
      "Parallel Aware": false,
      "Startup Cost": 88920.93,
      "Total Cost": 88920.94,
      "Plan Rows": 1,
      "Plan Width": 8,
      "Actual Startup Time": 581.44,
      "Actual Total Time": 653.417,
      "Actual Rows": 1,
      "Actual Loops": 1,
      "Plans": [
        {
          "Node Type": "Gather",
          "Parent Relationship": "Outer",
          "Parallel Aware": false,
          "Startup Cost": 88920.72,
          "Total Cost": 88920.93,
          "Plan Rows": 2,
          "Plan Width": 8,
          "Actual Startup Time": 580.971,
          "Actual Total Time": 653.404,
          "Actual Rows": 3,
          "Actual Loops": 1,
          "Workers Planned": 2,
          "Workers Launched": 2,
          "Single Copy": false,
          "Plans": [
            {
              "Node Type": "Aggregate",
              "Strategy": "Plain",
              "Partial Mode": "Partial",
              "Parent Relationship": "Outer",
              "Parallel Aware": false,
              "Startup Cost": 87920.72,
              "Total Cost": 87920.73,
              "Plan Rows": 1,
              "Plan Width": 8,
              "Actual Startup Time": 572.778,
              "Actual Total Time": 572.784,
              "Actual Rows": 1,
              "Actual Loops": 3,
              "Plans": [
                {
                  "Node Type": "Nested Loop",
                  "Parent Relationship": "Outer",
                  "Parallel Aware": false,
                  "Join Type": "Inner",
                  "Startup Cost": 38204.53,
                  "Total Cost": 87766.3,
                  "Plan Rows": 61768,
                  "Plan Width": 0,
                  "Actual Startup Time": 85.858,
                  "Actual Total Time": 565.138,
                  "Actual Rows": 108458,
                  "Actual Loops": 3,
                  "Inner Unique": false,
                  "Join Filter": "(t.id = ci.movie_id)",
                  "Rows Removed by Join Filter": 0,
                  "Plans": [
                    {
                      "Node Type": "Hash Join",
                      "Parent Relationship": "Outer",
                      "Parallel Aware": true,
                      "Join Type": "Inner",
                      "Startup Cost": 38203.96,
                      "Total Cost": 53834.61,
                      "Plan Rows": 6940,
                      "Plan Width": 8,
                      "Actual Startup Time": 85.787,
                      "Actual Total Time": 162.681,
                      "Actual Rows": 12562,
                      "Actual Loops": 3,
                      "Inner Unique": true,
                      "Hash Cond": "(mi_idx.movie_id = t.id)",
                      "Plans": [
                        {
                          "Node Type": "Seq Scan",
                          "Parent Relationship": "Outer",
                          "Parallel Aware": true,
                          "Relation Name": "movie_info_idx",
                          "Alias": "mi_idx",
                          "Startup Cost": 0.0,
                          "Total Cost": 15122.68,
                          "Plan Rows": 193512,
                          "Plan Width": 4,
                          "Actual Startup Time": 0.025,
                          "Actual Total Time": 41.108,
                          "Actual Rows": 153308,
                          "Actual Loops": 3,
                          "Filter": "(info_type_id = 100)",
                          "Rows Removed by Filter": 306703
                        },
                        {
                          "Node Type": "Hash",
                          "Parent Relationship": "Inner",
                          "Parallel Aware": true,
                          "Startup Cost": 37920.59,
                          "Total Cost": 37920.59,
                          "Plan Rows": 22670,
                          "Plan Width": 4,
                          "Actual Startup Time": 83.963,
                          "Actual Total Time": 83.965,
                          "Actual Rows": 30284,
                          "Actual Loops": 3,
                          "Hash Buckets": 131072,
                          "Original Hash Buckets": 131072,
                          "Hash Batches": 1,
                          "Original Hash Batches": 1,
                          "Peak Memory Usage": 4608,
                          "Plans": [
                            {
                              "Node Type": "Bitmap Heap Scan",
                              "Parent Relationship": "Outer",
                              "Parallel Aware": true,
                              "Relation Name": "title",
                              "Alias": "t",
                              "Startup Cost": 1639.21,
                              "Total Cost": 37920.59,
                              "Plan Rows": 22670,
                              "Plan Width": 4,
                              "Actual Startup Time": 20.411,
                              "Actual Total Time": 72.4,
                              "Actual Rows": 30284,
                              "Actual Loops": 3,
                              "Recheck Cond": "(kind_id = 2)",
                              "Rows Removed by Index Recheck": 0,
                              "Exact Heap Blocks": 13051,
                              "Lossy Heap Blocks": 0,
                              "Plans": [
                                {
                                  "Node Type": "Bitmap Index Scan",
                                  "Parent Relationship": "Outer",
                                  "Parallel Aware": false,
                                  "Index Name": "kind_id_title",
                                  "Startup Cost": 0.0,
                                  "Total Cost": 1616.54,
                                  "Plan Rows": 90681,
                                  "Plan Width": 0,
                                  "Actual Startup Time": 17.946,
                                  "Actual Total Time": 17.947,
                                  "Actual Rows": 90852,
                                  "Actual Loops": 1,
                                  "Index Cond": "(kind_id = 2)"
                                }
                              ]
                            }
                          ]
                        }
                      ]
                    },
                    {
                      "Node Type": "Index Scan",
                      "Parent Relationship": "Inner",
                      "Parallel Aware": false,
                      "Scan Direction": "Forward",
                      "Index Name": "movie_id_cast_info",
                      "Relation Name": "cast_info",
                      "Alias": "ci",
                      "Startup Cost": 0.56,
                      "Total Cost": 4.6,
                      "Plan Rows": 23,
                      "Plan Width": 4,
                      "Actual Startup Time": 0.013,
                      "Actual Total Time": 0.031,
                      "Actual Rows": 9,
                      "Actual Loops": 37686,
                      "Index Cond": "(movie_id = mi_idx.movie_id)",
                      "Rows Removed by Index Recheck": 0,
                      "Filter": "(person_id > 1354281)",
                      "Rows Removed by Filter": 5
                    }
                  ]
                }
              ]
            }
          ]
        }
      ]
    },
    "Planning Time": 1.287,
    "Triggers": [],
    "Execution Time": 653.542
  }
]