[
  {
    "Plan": {
      "Node Type": "Aggregate",
      "Strategy": "Plain",
      "Partial Mode": "Finalize",
      "Parallel Aware": false,
      "Startup Cost": 334506.11,
      "Total Cost": 334506.12,
      "Plan Rows": 1,
      "Plan Width": 8,
      "Actual Startup Time": 6034.688,
      "Actual Total Time": 6088.544,
      "Actual Rows": 1,
      "Actual Loops": 1,
      "Plans": [
        {
          "Node Type": "Gather",
          "Parent Relationship": "Outer",
          "Parallel Aware": false,
          "Startup Cost": 334505.59,
          "Total Cost": 334506.1,
          "Plan Rows": 5,
          "Plan Width": 8,
          "Actual Startup Time": 6014.182,
          "Actual Total Time": 6088.531,
          "Actual Rows": 6,
          "Actual Loops": 1,
          "Workers Planned": 5,
          "Workers Launched": 5,
          "Single Copy": false,
          "Plans": [
            {
              "Node Type": "Aggregate",
              "Strategy": "Plain",
              "Partial Mode": "Partial",
              "Parent Relationship": "Outer",
              "Parallel Aware": false,
              "Startup Cost": 333505.59,
              "Total Cost": 333505.6,
              "Plan Rows": 1,
              "Plan Width": 8,
              "Actual Startup Time": 5974.534,
              "Actual Total Time": 5975.219,
              "Actual Rows": 1,
              "Actual Loops": 6,
              "Plans": [
                {
                  "Node Type": "Hash Join",
                  "Parent Relationship": "Outer",
                  "Parallel Aware": true,
                  "Join Type": "Inner",
                  "Startup Cost": 109470.76,
                  "Total Cost": 325850.26,
                  "Plan Rows": 3062131,
                  "Plan Width": 0,
                  "Actual Startup Time": 1171.089,
                  "Actual Total Time": 4470.095,
                  "Actual Rows": 31484368,
                  "Actual Loops": 6,
                  "Inner Unique": false,
                  "Hash Cond": "(mi.movie_id = t.id)",
                  "Plans": [
                    {
                      "Node Type": "Seq Scan",
                      "Parent Relationship": "Outer",
                      "Parallel Aware": true,
                      "Relation Name": "movie_info",
                      "Alias": "mi",
                      "Startup Cost": 0.0,
                      "Total Cost": 199108.24,
                      "Plan Rows": 1971577,
                      "Plan Width": 4,
                      "Actual Startup Time": 19.038,
                      "Actual Total Time": 388.151,
                      "Actual Rows": 1651959,
                      "Actual Loops": 6,
                      "Filter": "(info_type_id > 4)",
                      "Rows Removed by Filter": 820661
                    },
                    {
                      "Node Type": "Hash",
                      "Parent Relationship": "Inner",
                      "Parallel Aware": true,
                      "Startup Cost": 93636.13,
                      "Total Cost": 93636.13,
                      "Plan Rows": 1266771,
                      "Plan Width": 8,
                      "Actual Startup Time": 1141.188,
                      "Actual Total Time": 1141.87,
                      "Actual Rows": 619974,
                      "Actual Loops": 6,
                      "Hash Buckets": 4194304,
                      "Original Hash Buckets": 4194304,
                      "Hash Batches": 1,
                      "Original Hash Batches": 1,
                      "Peak Memory Usage": 178368,
                      "Plans": [
                        {
                          "Node Type": "Hash Join",
                          "Parent Relationship": "Outer",
                          "Parallel Aware": true,
                          "Join Type": "Inner",
                          "Startup Cost": 50758.05,
                          "Total Cost": 93636.13,
                          "Plan Rows": 1266771,
                          "Plan Width": 8,
                          "Actual Startup Time": 486.935,
                          "Actual Total Time": 768.337,
                          "Actual Rows": 619974,
                          "Actual Loops": 6,
                          "Inner Unique": true,
                          "Hash Cond": "(mk.movie_id = t.id)",
                          "Plans": [
                            {
                              "Node Type": "Seq Scan",
                              "Parent Relationship": "Outer",
                              "Parallel Aware": true,
                              "Relation Name": "movie_keyword",
                              "Alias": "mk",
                              "Startup Cost": 0.0,
                              "Total Cost": 39047.32,
                              "Plan Rows": 1459332,
                              "Plan Width": 4,
                              "Actual Startup Time": 0.022,
                              "Actual Total Time": 96.866,
                              "Actual Rows": 753988,
                              "Actual Loops": 6
                            },
                            {
                              "Node Type": "Hash",
                              "Parent Relationship": "Inner",
                              "Parallel Aware": true,
                              "Startup Cost": 43899.32,
                              "Total Cost": 43899.32,
                              "Plan Rows": 548698,
                              "Plan Width": 4,
                              "Actual Startup Time": 477.273,
                              "Actual Total Time": 477.275,
                              "Actual Rows": 363719,
                              "Actual Loops": 6,
                              "Hash Buckets": 4194304,
                              "Original Hash Buckets": 4194304,
                              "Hash Batches": 1,
                              "Original Hash Batches": 1,
                              "Peak Memory Usage": 118240,
                              "Plans": [
                                {
                                  "Node Type": "Seq Scan",
                                  "Parent Relationship": "Outer",
                                  "Parallel Aware": true,
                                  "Relation Name": "title",
                                  "Alias": "t",
                                  "Startup Cost": 0.0,
                                  "Total Cost": 43899.32,
                                  "Plan Rows": 548698,
                                  "Plan Width": 4,
                                  "Actual Startup Time": 0.07,
                                  "Actual Total Time": 125.678,
                                  "Actual Rows": 363719,
                                  "Actual Loops": 6,
                                  "Filter": "(production_year > 1962)",
                                  "Rows Removed by Filter": 57666
                                }
                              ]
                            }
                          ]
                        }
                      ]
                    }
                  ]
                }
              ]
            }
          ]
        }
      ]
    },
    "Planning Time": 0.516,
    "Triggers": [],
    "Execution Time": 6088.595
  }
]