[
  {
    "Plan": {
      "Node Type": "Aggregate",
      "Strategy": "Plain",
      "Partial Mode": "Finalize",
      "Parallel Aware": false,
      "Startup Cost": 105670.05,
      "Total Cost": 105670.06,
      "Plan Rows": 1,
      "Plan Width": 8,
      "Actual Startup Time": 255.426,
      "Actual Total Time": 275.747,
      "Actual Rows": 1,
      "Actual Loops": 1,
      "Plans": [
        {
          "Node Type": "Gather",
          "Parent Relationship": "Outer",
          "Parallel Aware": false,
          "Startup Cost": 105669.73,
          "Total Cost": 105670.04,
          "Plan Rows": 3,
          "Plan Width": 8,
          "Actual Startup Time": 254.679,
          "Actual Total Time": 275.737,
          "Actual Rows": 4,
          "Actual Loops": 1,
          "Workers Planned": 3,
          "Workers Launched": 3,
          "Single Copy": false,
          "Plans": [
            {
              "Node Type": "Aggregate",
              "Strategy": "Plain",
              "Partial Mode": "Partial",
              "Parent Relationship": "Outer",
              "Parallel Aware": false,
              "Startup Cost": 104669.73,
              "Total Cost": 104669.74,
              "Plan Rows": 1,
              "Plan Width": 8,
              "Actual Startup Time": 245.173,
              "Actual Total Time": 245.178,
              "Actual Rows": 1,
              "Actual Loops": 4,
              "Plans": [
                {
                  "Node Type": "Nested Loop",
                  "Parent Relationship": "Outer",
                  "Parallel Aware": false,
                  "Join Type": "Inner",
                  "Startup Cost": 58896.39,
                  "Total Cost": 104583.52,
                  "Plan Rows": 34485,
                  "Plan Width": 0,
                  "Actual Startup Time": 143.151,
                  "Actual Total Time": 244.327,
                  "Actual Rows": 11064,
                  "Actual Loops": 4,
                  "Inner Unique": false,
                  "Join Filter": "(t.id = mi.movie_id)",
                  "Rows Removed by Join Filter": 0,
                  "Plans": [
                    {
                      "Node Type": "Hash Join",
                      "Parent Relationship": "Outer",
                      "Parallel Aware": true,
                      "Join Type": "Inner",
                      "Startup Cost": 58895.96,
                      "Total Cost": 86381.86,
                      "Plan Rows": 5897,
                      "Plan Width": 8,
                      "Actual Startup Time": 143.022,
                      "Actual Total Time": 225.33,
                      "Actual Rows": 1268,
                      "Actual Loops": 4,
                      "Inner Unique": true,
                      "Hash Cond": "(mk.movie_id = t.id)",
                      "Plans": [
                        {
                          "Node Type": "Bitmap Heap Scan",
                          "Parent Relationship": "Outer",
                          "Parallel Aware": true,
                          "Relation Name": "movie_keyword",
                          "Alias": "mk",
                          "Startup Cost": 13184.41,
                          "Total Cost": 40144.12,
                          "Plan Rows": 200457,
                          "Plan Width": 4,
                          "Actual Startup Time": 37.844,
                          "Actual Total Time": 97.909,
                          "Actual Rows": 158212,
                          "Actual Loops": 4,
                          "Recheck Cond": "(keyword_id < 495)",
                          "Rows Removed by Index Recheck": 0,
                          "Exact Heap Blocks": 8404,
                          "Lossy Heap Blocks": 0,
                          "Plans": [
                            {
                              "Node Type": "Bitmap Index Scan",
                              "Parent Relationship": "Outer",
                              "Parallel Aware": false,
                              "Index Name": "keyword_id_movie_keyword",
                              "Startup Cost": 0.0,
                              "Total Cost": 13029.05,
                              "Plan Rows": 621416,
                              "Plan Width": 0,
                              "Actual Startup Time": 34.116,
                              "Actual Total Time": 34.117,
                              "Actual Rows": 632848,
                              "Actual Loops": 1,
                              "Index Cond": "(keyword_id < 495)"
                            }
                          ]
                        },
                        {
                          "Node Type": "Hash",
                          "Parent Relationship": "Inner",
                          "Parallel Aware": true,
                          "Startup Cost": 45479.1,
                          "Total Cost": 45479.1,
                          "Plan Rows": 18596,
                          "Plan Width": 4,
                          "Actual Startup Time": 103.37,
                          "Actual Total Time": 103.371,
                          "Actual Rows": 21027,
                          "Actual Loops": 4,
                          "Hash Buckets": 131072,
                          "Original Hash Buckets": 131072,
                          "Hash Batches": 1,
                          "Original Hash Batches": 1,
                          "Peak Memory Usage": 4384,
                          "Plans": [
                            {
                              "Node Type": "Seq Scan",
                              "Parent Relationship": "Outer",
                              "Parallel Aware": true,
                              "Relation Name": "title",
                              "Alias": "t",
                              "Startup Cost": 0.0,
                              "Total Cost": 45479.1,
                              "Plan Rows": 18596,
                              "Plan Width": 4,
                              "Actual Startup Time": 0.047,
                              "Actual Total Time": 94.716,
                              "Actual Rows": 21027,
                              "Actual Loops": 4,
                              "Filter": "((kind_id = 7) AND (production_year = 2008))",
                              "Rows Removed by Filter": 611051
                            }
                          ]
                        }
                      ]
                    },
                    {
                      "Node Type": "Index Only Scan",
                      "Parent Relationship": "Inner",
                      "Parallel Aware": false,
                      "Scan Direction": "Forward",
                      "Index Name": "movie_id_movie_info",
                      "Relation Name": "movie_info",
                      "Alias": "mi",
                      "Startup Cost": 0.43,
                      "Total Cost": 2.56,
                      "Plan Rows": 42,
                      "Plan Width": 4,
                      "Actual Startup Time": 0.006,
                      "Actual Total Time": 0.013,
                      "Actual Rows": 9,
                      "Actual Loops": 5072,
                      "Index Cond": "(movie_id = mk.movie_id)",
                      "Rows Removed by Index Recheck": 0,
                      "Heap Fetches": 44257
                    }
                  ]
                }
              ]
            }
          ]
        }
      ]
    },
    "Planning Time": 1.416,
    "Triggers": [],
    "Execution Time": 275.857
  }
]