[
  {
    "Plan": {
      "Node Type": "Aggregate",
      "Strategy": "Plain",
      "Partial Mode": "Finalize",
      "Parallel Aware": false,
      "Startup Cost": 199099.49,
      "Total Cost": 199099.5,
      "Plan Rows": 1,
      "Plan Width": 8,
      "Actual Startup Time": 684.336,
      "Actual Total Time": 708.034,
      "Actual Rows": 1,
      "Actual Loops": 1,
      "Plans": [
        {
          "Node Type": "Gather",
          "Parent Relationship": "Outer",
          "Parallel Aware": false,
          "Startup Cost": 199098.97,
          "Total Cost": 199099.48,
          "Plan Rows": 5,
          "Plan Width": 8,
          "Actual Startup Time": 680.001,
          "Actual Total Time": 708.019,
          "Actual Rows": 6,
          "Actual Loops": 1,
          "Workers Planned": 5,
          "Workers Launched": 5,
          "Single Copy": false,
          "Plans": [
            {
              "Node Type": "Aggregate",
              "Strategy": "Plain",
              "Partial Mode": "Partial",
              "Parent Relationship": "Outer",
              "Parallel Aware": false,
              "Startup Cost": 198098.97,
              "Total Cost": 198098.98,
              "Plan Rows": 1,
              "Plan Width": 8,
              "Actual Startup Time": 668.546,
              "Actual Total Time": 668.684,
              "Actual Rows": 1,
              "Actual Loops": 6,
              "Plans": [
                {
                  "Node Type": "Hash Join",
                  "Parent Relationship": "Outer",
                  "Parallel Aware": true,
                  "Join Type": "Inner",
                  "Startup Cost": 83865.18,
                  "Total Cost": 197497.95,
                  "Plan Rows": 240410,
                  "Plan Width": 0,
                  "Actual Startup Time": 344.06,
                  "Actual Total Time": 655.182,
                  "Actual Rows": 319200,
                  "Actual Loops": 6,
                  "Inner Unique": false,
                  "Hash Cond": "(ci.movie_id = t.id)",
                  "Plans": [
                    {
                      "Node Type": "Index Scan",
                      "Parent Relationship": "Outer",
                      "Parallel Aware": true,
                      "Scan Direction": "Forward",
                      "Index Name": "role_id_cast_info",
                      "Relation Name": "cast_info",
                      "Alias": "ci",
                      "Startup Cost": 0.56,
                      "Total Cost": 110428.26,
                      "Plan Rows": 694414,
                      "Plan Width": 4,
                      "Actual Startup Time": 0.279,
                      "Actual Total Time": 137.491,
                      "Actual Rows": 668006,
                      "Actual Loops": 6,
                      "Index Cond": "(role_id = 3)",
                      "Rows Removed by Index Recheck": 0,
                      "Filter": "(person_id < 3172493)",
                      "Rows Removed by Filter": 0
                    },
                    {
                      "Node Type": "Hash",
                      "Parent Relationship": "Inner",
                      "Parallel Aware": true,
                      "Startup Cost": 81129.28,
                      "Total Cost": 81129.28,
                      "Plan Rows": 218827,
                      "Plan Width": 8,
                      "Actual Startup Time": 339.99,
                      "Actual Total Time": 340.127,
                      "Actual Rows": 114664,
                      "Actual Loops": 6,
                      "Hash Buckets": 1048576,
                      "Original Hash Buckets": 1048576,
                      "Hash Batches": 1,
                      "Original Hash Batches": 1,
                      "Peak Memory Usage": 35200,
                      "Plans": [
                        {
                          "Node Type": "Hash Join",
                          "Parent Relationship": "Outer",
                          "Parallel Aware": true,
                          "Join Type": "Inner",
                          "Startup Cost": 34944.29,
                          "Total Cost": 81129.28,
                          "Plan Rows": 218827,
                          "Plan Width": 8,
                          "Actual Startup Time": 118.034,
                          "Actual Total Time": 295.344,
                          "Actual Rows": 114664,
                          "Actual Loops": 6,
                          "Inner Unique": false,
                          "Hash Cond": "(t.id = mc.movie_id)",
                          "Plans": [
                            {
                              "Node Type": "Seq Scan",
                              "Parent Relationship": "Outer",
                              "Parallel Aware": true,
                              "Relation Name": "title",
                              "Alias": "t",
                              "Startup Cost": 0.0,
                              "Total Cost": 42318.73,
                              "Plan Rows": 632073,
                              "Plan Width": 4,
                              "Actual Startup Time": 0.018,
                              "Actual Total Time": 61.377,
                              "Actual Rows": 421385,
                              "Actual Loops": 6
                            },
                            {
                              "Node Type": "Hash",
                              "Parent Relationship": "Inner",
                              "Parallel Aware": true,
                              "Startup Cost": 31414.82,
                              "Total Cost": 31414.82,
                              "Plan Rows": 282358,
                              "Plan Width": 4,
                              "Actual Startup Time": 115.941,
                              "Actual Total Time": 115.942,
                              "Actual Rows": 114664,
                              "Actual Loops": 6,
                              "Hash Buckets": 1048576,
                              "Original Hash Buckets": 1048576,
                              "Hash Batches": 1,
                              "Original Hash Batches": 1,
                              "Peak Memory Usage": 35232,
                              "Plans": [
                                {
                                  "Node Type": "Seq Scan",
                                  "Parent Relationship": "Outer",
                                  "Parallel Aware": true,
                                  "Relation Name": "movie_companies",
                                  "Alias": "mc",
                                  "Startup Cost": 0.0,
                                  "Total Cost": 31414.82,
                                  "Plan Rows": 282358,
                                  "Plan Width": 4,
                                  "Actual Startup Time": 1.319,
                                  "Actual Total Time": 64.509,
                                  "Actual Rows": 114664,
                                  "Actual Loops": 6,
                                  "Filter": "((company_id > 2031) AND (company_type_id = 1))",
                                  "Rows Removed by Filter": 320191
                                }
                              ]
                            }
                          ]
                        }
                      ]
                    }
                  ]
                }
              ]
            }
          ]
        }
      ]
    },
    "Planning Time": 1.598,
    "Triggers": [],
    "Execution Time": 708.133
  }
]