[
  {
    "Plan": {
      "Node Type": "Aggregate",
      "Strategy": "Plain",
      "Partial Mode": "Finalize",
      "Parallel Aware": false,
      "Startup Cost": 81817.54,
      "Total Cost": 81817.55,
      "Plan Rows": 1,
      "Plan Width": 8,
      "Actual Startup Time": 308.333,
      "Actual Total Time": 325.397,
      "Actual Rows": 1,
      "Actual Loops": 1,
      "Plans": [
        {
          "Node Type": "Gather",
          "Parent Relationship": "Outer",
          "Parallel Aware": false,
          "Startup Cost": 81817.12,
          "Total Cost": 81817.53,
          "Plan Rows": 4,
          "Plan Width": 8,
          "Actual Startup Time": 306.178,
          "Actual Total Time": 325.389,
          "Actual Rows": 5,
          "Actual Loops": 1,
          "Workers Planned": 4,
          "Workers Launched": 4,
          "Single Copy": false,
          "Plans": [
            {
              "Node Type": "Aggregate",
              "Strategy": "Plain",
              "Partial Mode": "Partial",
              "Parent Relationship": "Outer",
              "Parallel Aware": false,
              "Startup Cost": 80817.12,
              "Total Cost": 80817.13,
              "Plan Rows": 1,
              "Plan Width": 8,
              "Actual Startup Time": 296.076,
              "Actual Total Time": 296.078,
              "Actual Rows": 1,
              "Actual Loops": 5,
              "Plans": [
                {
                  "Node Type": "Hash Join",
                  "Parent Relationship": "Outer",
                  "Parallel Aware": true,
                  "Join Type": "Inner",
                  "Startup Cost": 34310.17,
                  "Total Cost": 80368.34,
                  "Plan Rows": 179512,
                  "Plan Width": 0,
                  "Actual Startup Time": 138.587,
                  "Actual Total Time": 291.775,
                  "Actual Rows": 100003,
                  "Actual Loops": 5,
                  "Inner Unique": false,
                  "Hash Cond": "(t.id = mc.movie_id)",
                  "Plans": [
                    {
                      "Node Type": "Seq Scan",
                      "Parent Relationship": "Outer",
                      "Parallel Aware": true,
                      "Relation Name": "title",
                      "Alias": "t",
                      "Startup Cost": 0.0,
                      "Total Cost": 42318.73,
                      "Plan Rows": 632073,
                      "Plan Width": 4,
                      "Actual Startup Time": 0.014,
                      "Actual Total Time": 64.832,
                      "Actual Rows": 505662,
                      "Actual Loops": 5
                    },
                    {
                      "Node Type": "Hash",
                      "Parent Relationship": "Inner",
                      "Parallel Aware": true,
                      "Startup Cost": 31414.82,
                      "Total Cost": 31414.82,
                      "Plan Rows": 231628,
                      "Plan Width": 4,
                      "Actual Startup Time": 111.721,
                      "Actual Total Time": 111.722,
                      "Actual Rows": 100003,
                      "Actual Loops": 5,
                      "Hash Buckets": 1048576,
                      "Original Hash Buckets": 1048576,
                      "Hash Batches": 1,
                      "Original Hash Batches": 1,
                      "Peak Memory Usage": 27808,
                      "Plans": [
                        {
                          "Node Type": "Seq Scan",
                          "Parent Relationship": "Outer",
                          "Parallel Aware": true,
                          "Relation Name": "movie_companies",
                          "Alias": "mc",
                          "Startup Cost": 0.0,
                          "Total Cost": 31414.82,
                          "Plan Rows": 231628,
                          "Plan Width": 4,
                          "Actual Startup Time": 15.167,
                          "Actual Total Time": 73.342,
                          "Actual Rows": 100003,
                          "Actual Loops": 5,
                          "Filter": "((company_id > 8929) AND (company_type_id = 1))",
                          "Rows Removed by Filter": 421823
                        }
                      ]
                    }
                  ]
                }
              ]
            }
          ]
        }
      ]
    },
    "Planning Time": 0.606,
    "Triggers": [],
    "Execution Time": 325.461
  }
]