[
  {
    "Plan": {
      "Node Type": "Aggregate",
      "Strategy": "Plain",
      "Partial Mode": "Finalize",
      "Parallel Aware": false,
      "Startup Cost": 346034.87,
      "Total Cost": 346034.88,
      "Plan Rows": 1,
      "Plan Width": 8,
      "Actual Startup Time": 508.199,
      "Actual Total Time": 539.626,
      "Actual Rows": 1,
      "Actual Loops": 1,
      "Plans": [
        {
          "Node Type": "Gather",
          "Parent Relationship": "Outer",
          "Parallel Aware": false,
          "Startup Cost": 346034.25,
          "Total Cost": 346034.86,
          "Plan Rows": 6,
          "Plan Width": 8,
          "Actual Startup Time": 508.061,
          "Actual Total Time": 539.616,
          "Actual Rows": 7,
          "Actual Loops": 1,
          "Workers Planned": 6,
          "Workers Launched": 6,
          "Single Copy": false,
          "Plans": [
            {
              "Node Type": "Aggregate",
              "Strategy": "Plain",
              "Partial Mode": "Partial",
              "Parent Relationship": "Outer",
              "Parallel Aware": false,
              "Startup Cost": 345034.25,
              "Total Cost": 345034.26,
              "Plan Rows": 1,
              "Plan Width": 8,
              "Actual Startup Time": 499.13,
              "Actual Total Time": 499.131,
              "Actual Rows": 1,
              "Actual Loops": 7,
              "Plans": [
                {
                  "Node Type": "Index Scan",
                  "Parent Relationship": "Outer",
                  "Parallel Aware": true,
                  "Scan Direction": "Forward",
                  "Index Name": "role_id_cast_info",
                  "Relation Name": "cast_info",
                  "Alias": "ci",
                  "Startup Cost": 0.56,
                  "Total Cost": 341155.22,
                  "Plan Rows": 1551612,
                  "Plan Width": 0,
                  "Actual Startup Time": 246.534,
                  "Actual Total Time": 452.189,
                  "Actual Rows": 808022,
                  "Actual Loops": 7,
                  "Index Cond": "(role_id = 1)",
                  "Rows Removed by Index Recheck": 0,
                  "Filter": "(person_id > 958816)",
                  "Rows Removed by Filter": 1002076
                }
              ]
            }
          ]
        }
      ]
    },
    "Planning Time": 0.094,
    "Triggers": [],
    "Execution Time": 539.662
  }
]