[
  {
    "Plan": {
      "Node Type": "Aggregate",
      "Strategy": "Plain",
      "Partial Mode": "Finalize",
      "Parallel Aware": false,
      "Startup Cost": 349413.43,
      "Total Cost": 349413.44,
      "Plan Rows": 1,
      "Plan Width": 8,
      "Actual Startup Time": 829.842,
      "Actual Total Time": 874.542,
      "Actual Rows": 1,
      "Actual Loops": 1,
      "Plans": [
        {
          "Node Type": "Gather",
          "Parent Relationship": "Outer",
          "Parallel Aware": false,
          "Startup Cost": 349412.8,
          "Total Cost": 349413.41,
          "Plan Rows": 6,
          "Plan Width": 8,
          "Actual Startup Time": 829.441,
          "Actual Total Time": 874.529,
          "Actual Rows": 7,
          "Actual Loops": 1,
          "Workers Planned": 6,
          "Workers Launched": 6,
          "Single Copy": false,
          "Plans": [
            {
              "Node Type": "Aggregate",
              "Strategy": "Plain",
              "Partial Mode": "Partial",
              "Parent Relationship": "Outer",
              "Parallel Aware": false,
              "Startup Cost": 348412.8,
              "Total Cost": 348412.81,
              "Plan Rows": 1,
              "Plan Width": 8,
              "Actual Startup Time": 821.786,
              "Actual Total Time": 821.787,
              "Actual Rows": 1,
              "Actual Loops": 7,
              "Plans": [
                {
                  "Node Type": "Seq Scan",
                  "Parent Relationship": "Outer",
                  "Parallel Aware": true,
                  "Relation Name": "cast_info",
                  "Alias": "ci",
                  "Startup Cost": 0.0,
                  "Total Cost": 343316.27,
                  "Plan Rows": 2038612,
                  "Plan Width": 0,
                  "Actual Startup Time": 0.047,
                  "Actual Total Time": 699.446,
                  "Actual Rows": 2388929,
                  "Actual Loops": 7,
                  "Filter": "((person_id < 2263246) AND (role_id < 3))",
                  "Rows Removed by Filter": 2788834
                }
              ]
            }
          ]
        }
      ]
    },
    "Planning Time": 0.328,
    "Triggers": [],
    "Execution Time": 874.603
  }
]