[
  {
    "Plan": {
      "Node Type": "Aggregate",
      "Strategy": "Plain",
      "Partial Mode": "Finalize",
      "Parallel Aware": false,
      "Startup Cost": 45496.06,
      "Total Cost": 45496.07,
      "Plan Rows": 1,
      "Plan Width": 8,
      "Actual Startup Time": 130.725,
      "Actual Total Time": 135.446,
      "Actual Rows": 1,
      "Actual Loops": 1,
      "Plans": [
        {
          "Node Type": "Gather",
          "Parent Relationship": "Outer",
          "Parallel Aware": false,
          "Startup Cost": 45495.74,
          "Total Cost": 45496.05,
          "Plan Rows": 3,
          "Plan Width": 8,
          "Actual Startup Time": 130.643,
          "Actual Total Time": 135.441,
          "Actual Rows": 4,
          "Actual Loops": 1,
          "Workers Planned": 3,
          "Workers Launched": 3,
          "Single Copy": false,
          "Plans": [
            {
              "Node Type": "Aggregate",
              "Strategy": "Plain",
              "Partial Mode": "Partial",
              "Parent Relationship": "Outer",
              "Parallel Aware": false,
              "Startup Cost": 44495.74,
              "Total Cost": 44495.75,
              "Plan Rows": 1,
              "Plan Width": 8,
              "Actual Startup Time": 127.573,
              "Actual Total Time": 127.574,
              "Actual Rows": 1,
              "Actual Loops": 4,
              "Plans": [
                {
                  "Node Type": "Seq Scan",
                  "Parent Relationship": "Outer",
                  "Parallel Aware": true,
                  "Relation Name": "movie_keyword",
                  "Alias": "mk",
                  "Startup Cost": 0.0,
                  "Total Cost": 42695.65,
                  "Plan Rows": 720034,
                  "Plan Width": 0,
                  "Actual Startup Time": 0.196,
                  "Actual Total Time": 101.87,
                  "Actual Rows": 556692,
                  "Actual Loops": 4,
                  "Filter": "(keyword_id > 4919)",
                  "Rows Removed by Filter": 574290
                }
              ]
            }
          ]
        }
      ]
    },
    "Planning Time": 0.049,
    "Triggers": [],
    "Execution Time": 135.464
  }
]