[
  {
    "Plan": {
      "Node Type": "Aggregate",
      "Strategy": "Plain",
      "Partial Mode": "Finalize",
      "Parallel Aware": false,
      "Startup Cost": 338234.65,
      "Total Cost": 338234.66,
      "Plan Rows": 1,
      "Plan Width": 8,
      "Actual Startup Time": 446.543,
      "Actual Total Time": 467.201,
      "Actual Rows": 1,
      "Actual Loops": 1,
      "Plans": [
        {
          "Node Type": "Gather",
          "Parent Relationship": "Outer",
          "Parallel Aware": false,
          "Startup Cost": 338234.02,
          "Total Cost": 338234.63,
          "Plan Rows": 6,
          "Plan Width": 8,
          "Actual Startup Time": 446.432,
          "Actual Total Time": 467.191,
          "Actual Rows": 7,
          "Actual Loops": 1,
          "Workers Planned": 6,
          "Workers Launched": 6,
          "Single Copy": false,
          "Plans": [
            {
              "Node Type": "Aggregate",
              "Strategy": "Plain",
              "Partial Mode": "Partial",
              "Parent Relationship": "Outer",
              "Parallel Aware": false,
              "Startup Cost": 337234.02,
              "Total Cost": 337234.03,
              "Plan Rows": 1,
              "Plan Width": 8,
              "Actual Startup Time": 437.574,
              "Actual Total Time": 437.576,
              "Actual Rows": 1,
              "Actual Loops": 7,
              "Plans": [
                {
                  "Node Type": "Index Scan",
                  "Parent Relationship": "Outer",
                  "Parallel Aware": true,
                  "Scan Direction": "Forward",
                  "Index Name": "role_id_cast_info",
                  "Relation Name": "cast_info",
                  "Alias": "ci",
                  "Startup Cost": 0.56,
                  "Total Cost": 335235.55,
                  "Plan Rows": 799389,
                  "Plan Width": 0,
                  "Actual Startup Time": 0.121,
                  "Actual Total Time": 373.106,
                  "Actual Rows": 1438924,
                  "Actual Loops": 7,
                  "Index Cond": "(role_id = 1)",
                  "Rows Removed by Index Recheck": 0,
                  "Filter": "(person_id < 1373610)",
                  "Rows Removed by Filter": 371174
                }
              ]
            }
          ]
        }
      ]
    },
    "Planning Time": 0.201,
    "Triggers": [],
    "Execution Time": 467.268
  }
]