[
  {
    "Plan": {
      "Node Type": "Aggregate",
      "Strategy": "Plain",
      "Partial Mode": "Finalize",
      "Parallel Aware": false,
      "Startup Cost": 146655.25,
      "Total Cost": 146655.26,
      "Plan Rows": 1,
      "Plan Width": 8,
      "Actual Startup Time": 1007.559,
      "Actual Total Time": 1063.231,
      "Actual Rows": 1,
      "Actual Loops": 1,
      "Plans": [
        {
          "Node Type": "Gather",
          "Parent Relationship": "Outer",
          "Parallel Aware": false,
          "Startup Cost": 146654.93,
          "Total Cost": 146655.24,
          "Plan Rows": 3,
          "Plan Width": 8,
          "Actual Startup Time": 1007.549,
          "Actual Total Time": 1063.224,
          "Actual Rows": 4,
          "Actual Loops": 1,
          "Workers Planned": 3,
          "Workers Launched": 3,
          "Single Copy": false,
          "Plans": [
            {
              "Node Type": "Aggregate",
              "Strategy": "Plain",
              "Partial Mode": "Partial",
              "Parent Relationship": "Outer",
              "Parallel Aware": false,
              "Startup Cost": 145654.93,
              "Total Cost": 145654.94,
              "Plan Rows": 1,
              "Plan Width": 8,
              "Actual Startup Time": 997.869,
              "Actual Total Time": 997.872,
              "Actual Rows": 1,
              "Actual Loops": 4,
              "Plans": [
                {
                  "Node Type": "Nested Loop",
                  "Parent Relationship": "Outer",
                  "Parallel Aware": false,
                  "Join Type": "Inner",
                  "Startup Cost": 45668.09,
                  "Total Cost": 145475.19,
                  "Plan Rows": 71895,
                  "Plan Width": 0,
                  "Actual Startup Time": 135.369,
                  "Actual Total Time": 988.199,
                  "Actual Rows": 199898,
                  "Actual Loops": 4,
                  "Inner Unique": false,
                  "Join Filter": "(t.id = ci.movie_id)",
                  "Rows Removed by Join Filter": 0,
                  "Plans": [
                    {
                      "Node Type": "Hash Join",
                      "Parent Relationship": "Outer",
                      "Parallel Aware": true,
                      "Join Type": "Inner",
                      "Startup Cost": 45667.52,
                      "Total Cost": 91516.03,
                      "Plan Rows": 28645,
                      "Plan Width": 8,
                      "Actual Startup Time": 135.17,
                      "Actual Total Time": 277.269,
                      "Actual Rows": 18172,
                      "Actual Loops": 4,
                      "Inner Unique": true,
                      "Hash Cond": "(mk.movie_id = t.id)",
                      "Plans": [
                        {
                          "Node Type": "Seq Scan",
                          "Parent Relationship": "Outer",
                          "Parallel Aware": true,
                          "Relation Name": "movie_keyword",
                          "Alias": "mk",
                          "Startup Cost": 0.0,
                          "Total Cost": 42695.65,
                          "Plan Rows": 1201087,
                          "Plan Width": 4,
                          "Actual Startup Time": 0.058,
                          "Actual Total Time": 106.013,
                          "Actual Rows": 928904,
                          "Actual Loops": 4,
                          "Filter": "(keyword_id > 782)",
                          "Rows Removed by Filter": 202078
                        },
                        {
                          "Node Type": "Hash",
                          "Parent Relationship": "Inner",
                          "Parallel Aware": true,
                          "Startup Cost": 45479.1,
                          "Total Cost": 45479.1,
                          "Plan Rows": 15074,
                          "Plan Width": 4,
                          "Actual Startup Time": 100.685,
                          "Actual Total Time": 100.686,
                          "Actual Rows": 15395,
                          "Actual Loops": 4,
                          "Hash Buckets": 65536,
                          "Original Hash Buckets": 65536,
                          "Hash Batches": 1,
                          "Original Hash Batches": 1,
                          "Peak Memory Usage": 3008,
                          "Plans": [
                            {
                              "Node Type": "Seq Scan",
                              "Parent Relationship": "Outer",
                              "Parallel Aware": true,
                              "Relation Name": "title",
                              "Alias": "t",
                              "Startup Cost": 0.0,
                              "Total Cost": 45479.1,
                              "Plan Rows": 15074,
                              "Plan Width": 4,
                              "Actual Startup Time": 46.88,
                              "Actual Total Time": 95.381,
                              "Actual Rows": 15395,
                              "Actual Loops": 4,
                              "Filter": "((production_year > 2011) AND (kind_id = 1))",
                              "Rows Removed by Filter": 616683
                            }
                          ]
                        }
                      ]
                    },
                    {
                      "Node Type": "Index Scan",
                      "Parent Relationship": "Inner",
                      "Parallel Aware": false,
                      "Scan Direction": "Forward",
                      "Index Name": "movie_id_cast_info",
                      "Relation Name": "cast_info",
                      "Alias": "ci",
                      "Startup Cost": 0.56,
                      "Total Cost": 1.81,
                      "Plan Rows": 6,
                      "Plan Width": 4,
                      "Actual Startup Time": 0.016,
                      "Actual Total Time": 0.038,
                      "Actual Rows": 11,
                      "Actual Loops": 72686,
                      "Index Cond": "(movie_id = mk.movie_id)",
                      "Rows Removed by Index Recheck": 0,
                      "Filter": "((person_id < 3192193) AND (role_id = 2))",
                      "Rows Removed by Filter": 65
                    }
                  ]
                }
              ]
            }
          ]
        }
      ]
    },
    "Planning Time": 1.423,
    "Triggers": [],
    "Execution Time": 1063.333
  }
]