[
  {
    "Plan": {
      "Node Type": "Aggregate",
      "Strategy": "Plain",
      "Partial Mode": "Finalize",
      "Parallel Aware": false,
      "Startup Cost": 346168.02,
      "Total Cost": 346168.03,
      "Plan Rows": 1,
      "Plan Width": 8,
      "Actual Startup Time": 682.246,
      "Actual Total Time": 726.469,
      "Actual Rows": 1,
      "Actual Loops": 1,
      "Plans": [
        {
          "Node Type": "Gather",
          "Parent Relationship": "Outer",
          "Parallel Aware": false,
          "Startup Cost": 346167.39,
          "Total Cost": 346168.0,
          "Plan Rows": 6,
          "Plan Width": 8,
          "Actual Startup Time": 682.058,
          "Actual Total Time": 726.456,
          "Actual Rows": 7,
          "Actual Loops": 1,
          "Workers Planned": 6,
          "Workers Launched": 6,
          "Single Copy": false,
          "Plans": [
            {
              "Node Type": "Aggregate",
              "Strategy": "Plain",
              "Partial Mode": "Partial",
              "Parent Relationship": "Outer",
              "Parallel Aware": false,
              "Startup Cost": 345167.39,
              "Total Cost": 345167.4,
              "Plan Rows": 1,
              "Plan Width": 8,
              "Actual Startup Time": 672.259,
              "Actual Total Time": 672.261,
              "Actual Rows": 1,
              "Actual Loops": 7,
              "Plans": [
                {
                  "Node Type": "Seq Scan",
                  "Parent Relationship": "Outer",
                  "Parallel Aware": true,
                  "Relation Name": "cast_info",
                  "Alias": "ci",
                  "Startup Cost": 0.0,
                  "Total Cost": 343316.27,
                  "Plan Rows": 740449,
                  "Plan Width": 0,
                  "Actual Startup Time": 0.067,
                  "Actual Total Time": 630.848,
                  "Actual Rows": 738162,
                  "Actual Loops": 7,
                  "Filter": "((person_id < 558227) AND (role_id < 8))",
                  "Rows Removed by Filter": 4439602
                }
              ]
            }
          ]
        }
      ]
    },
    "Planning Time": 0.158,
    "Triggers": [],
    "Execution Time": 726.521
  }
]