[
  {
    "Plan": {
      "Node Type": "Aggregate",
      "Strategy": "Plain",
      "Partial Mode": "Finalize",
      "Parallel Aware": false,
      "Startup Cost": 41909.92,
      "Total Cost": 41909.93,
      "Plan Rows": 1,
      "Plan Width": 8,
      "Actual Startup Time": 209.474,
      "Actual Total Time": 248.323,
      "Actual Rows": 1,
      "Actual Loops": 1,
      "Plans": [
        {
          "Node Type": "Gather",
          "Parent Relationship": "Outer",
          "Parallel Aware": false,
          "Startup Cost": 41909.6,
          "Total Cost": 41909.91,
          "Plan Rows": 3,
          "Plan Width": 8,
          "Actual Startup Time": 208.658,
          "Actual Total Time": 248.314,
          "Actual Rows": 4,
          "Actual Loops": 1,
          "Workers Planned": 3,
          "Workers Launched": 3,
          "Single Copy": false,
          "Plans": [
            {
              "Node Type": "Aggregate",
              "Strategy": "Plain",
              "Partial Mode": "Partial",
              "Parent Relationship": "Outer",
              "Parallel Aware": false,
              "Startup Cost": 40909.6,
              "Total Cost": 40909.61,
              "Plan Rows": 1,
              "Plan Width": 8,
              "Actual Startup Time": 199.281,
              "Actual Total Time": 199.285,
              "Actual Rows": 1,
              "Actual Loops": 4,
              "Plans": [
                {
                  "Node Type": "Nested Loop",
                  "Parent Relationship": "Outer",
                  "Parallel Aware": false,
                  "Join Type": "Inner",
                  "Startup Cost": 334.33,
                  "Total Cost": 40841.27,
                  "Plan Rows": 27332,
                  "Plan Width": 0,
                  "Actual Startup Time": 1.903,
                  "Actual Total Time": 194.271,
                  "Actual Rows": 66333,
                  "Actual Loops": 4,
                  "Inner Unique": false,
                  "Plans": [
                    {
                      "Node Type": "Nested Loop",
                      "Parent Relationship": "Outer",
                      "Parallel Aware": false,
                      "Join Type": "Inner",
                      "Startup Cost": 333.77,
                      "Total Cost": 36303.34,
                      "Plan Rows": 1907,
                      "Plan Width": 8,
                      "Actual Startup Time": 1.673,
                      "Actual Total Time": 15.008,
                      "Actual Rows": 2592,
                      "Actual Loops": 4,
                      "Inner Unique": true,
                      "Plans": [
                        {
                          "Node Type": "Bitmap Heap Scan",
                          "Parent Relationship": "Outer",
                          "Parallel Aware": true,
                          "Relation Name": "movie_companies",
                          "Alias": "mc",
                          "Startup Cost": 333.34,
                          "Total Cost": 19094.99,
                          "Plan Rows": 2511,
                          "Plan Width": 4,
                          "Actual Startup Time": 1.458,
                          "Actual Total Time": 3.063,
                          "Actual Rows": 3504,
                          "Actual Loops": 4,
                          "Recheck Cond": "(company_id > 221741)",
                          "Rows Removed by Index Recheck": 0,
                          "Filter": "(company_type_id = 2)",
                          "Rows Removed by Filter": 0,
                          "Exact Heap Blocks": 324,
                          "Lossy Heap Blocks": 0,
                          "Plans": [
                            {
                              "Node Type": "Bitmap Index Scan",
                              "Parent Relationship": "Outer",
                              "Parallel Aware": false,
                              "Index Name": "company_id_movie_companies",
                              "Startup Cost": 0.0,
                              "Total Cost": 331.39,
                              "Plan Rows": 15328,
                              "Plan Width": 0,
                              "Actual Startup Time": 5.044,
                              "Actual Total Time": 5.045,
                              "Actual Rows": 14018,
                              "Actual Loops": 1,
                              "Index Cond": "(company_id > 221741)"
                            }
                          ]
                        },
                        {
                          "Node Type": "Index Scan",
                          "Parent Relationship": "Inner",
                          "Parallel Aware": false,
                          "Scan Direction": "Forward",
                          "Index Name": "title_pkey",
                          "Relation Name": "title",
                          "Alias": "t",
                          "Startup Cost": 0.43,
                          "Total Cost": 6.85,
                          "Plan Rows": 1,
                          "Plan Width": 4,
                          "Actual Startup Time": 0.003,
                          "Actual Total Time": 0.003,
                          "Actual Rows": 1,
                          "Actual Loops": 14018,
                          "Index Cond": "(id = mc.movie_id)",
                          "Rows Removed by Index Recheck": 0,
                          "Filter": "(production_year < 2010)",
                          "Rows Removed by Filter": 0
                        }
                      ]
                    },
                    {
                      "Node Type": "Index Only Scan",
                      "Parent Relationship": "Inner",
                      "Parallel Aware": false,
                      "Scan Direction": "Forward",
                      "Index Name": "movie_id_cast_info",
                      "Relation Name": "cast_info",
                      "Alias": "ci",
                      "Startup Cost": 0.56,
                      "Total Cost": 2.01,
                      "Plan Rows": 37,
                      "Plan Width": 4,
                      "Actual Startup Time": 0.007,
                      "Actual Total Time": 0.066,
                      "Actual Rows": 26,
                      "Actual Loops": 10368,
                      "Index Cond": "(movie_id = t.id)",
                      "Rows Removed by Index Recheck": 0,
                      "Heap Fetches": 265331
                    }
                  ]
                }
              ]
            }
          ]
        }
      ]
    },
    "Planning Time": 1.455,
    "Triggers": [],
    "Execution Time": 248.437
  }
]