[
  {
    "Plan": {
      "Node Type": "Aggregate",
      "Strategy": "Plain",
      "Partial Mode": "Finalize",
      "Parallel Aware": false,
      "Startup Cost": 26113.33,
      "Total Cost": 26113.34,
      "Plan Rows": 1,
      "Plan Width": 8,
      "Actual Startup Time": 57.731,
      "Actual Total Time": 64.118,
      "Actual Rows": 1,
      "Actual Loops": 1,
      "Plans": [
        {
          "Node Type": "Gather",
          "Parent Relationship": "Outer",
          "Parallel Aware": false,
          "Startup Cost": 26113.01,
          "Total Cost": 26113.32,
          "Plan Rows": 3,
          "Plan Width": 8,
          "Actual Startup Time": 57.455,
          "Actual Total Time": 64.111,
          "Actual Rows": 4,
          "Actual Loops": 1,
          "Workers Planned": 3,
          "Workers Launched": 3,
          "Single Copy": false,
          "Plans": [
            {
              "Node Type": "Aggregate",
              "Strategy": "Plain",
              "Partial Mode": "Partial",
              "Parent Relationship": "Outer",
              "Parallel Aware": false,
              "Startup Cost": 25113.01,
              "Total Cost": 25113.02,
              "Plan Rows": 1,
              "Plan Width": 8,
              "Actual Startup Time": 54.126,
              "Actual Total Time": 54.127,
              "Actual Rows": 1,
              "Actual Loops": 4,
              "Plans": [
                {
                  "Node Type": "Bitmap Heap Scan",
                  "Parent Relationship": "Outer",
                  "Parallel Aware": true,
                  "Relation Name": "movie_companies",
                  "Alias": "mc",
                  "Startup Cost": 5168.91,
                  "Total Cost": 24920.66,
                  "Plan Rows": 76940,
                  "Plan Width": 0,
                  "Actual Startup Time": 15.752,
                  "Actual Total Time": 50.603,
                  "Actual Rows": 58166,
                  "Actual Loops": 4,
                  "Recheck Cond": "(company_id < 93)",
                  "Rows Removed by Index Recheck": 0,
                  "Exact Heap Blocks": 9387,
                  "Lossy Heap Blocks": 0,
                  "Plans": [
                    {
                      "Node Type": "Bitmap Index Scan",
                      "Parent Relationship": "Outer",
                      "Parallel Aware": false,
                      "Index Name": "company_id_movie_companies",
                      "Startup Cost": 0.0,
                      "Total Cost": 5109.28,
                      "Plan Rows": 238514,
                      "Plan Width": 0,
                      "Actual Startup Time": 15.615,
                      "Actual Total Time": 15.616,
                      "Actual Rows": 232665,
                      "Actual Loops": 1,
                      "Index Cond": "(company_id < 93)"
                    }
                  ]
                }
              ]
            }
          ]
        }
      ]
    },
    "Planning Time": 0.217,
    "Triggers": [],
    "Execution Time": 64.201
  }
]