[
  {
    "Plan": {
      "Node Type": "Aggregate",
      "Strategy": "Plain",
      "Partial Mode": "Finalize",
      "Parallel Aware": false,
      "Startup Cost": 25982.43,
      "Total Cost": 25982.44,
      "Plan Rows": 1,
      "Plan Width": 8,
      "Actual Startup Time": 80.627,
      "Actual Total Time": 86.517,
      "Actual Rows": 1,
      "Actual Loops": 1,
      "Plans": [
        {
          "Node Type": "Gather",
          "Parent Relationship": "Outer",
          "Parallel Aware": false,
          "Startup Cost": 25982.11,
          "Total Cost": 25982.42,
          "Plan Rows": 3,
          "Plan Width": 8,
          "Actual Startup Time": 80.306,
          "Actual Total Time": 86.509,
          "Actual Rows": 4,
          "Actual Loops": 1,
          "Workers Planned": 3,
          "Workers Launched": 3,
          "Single Copy": false,
          "Plans": [
            {
              "Node Type": "Aggregate",
              "Strategy": "Plain",
              "Partial Mode": "Partial",
              "Parent Relationship": "Outer",
              "Parallel Aware": false,
              "Startup Cost": 24982.11,
              "Total Cost": 24982.12,
              "Plan Rows": 1,
              "Plan Width": 8,
              "Actual Startup Time": 74.289,
              "Actual Total Time": 74.29,
              "Actual Rows": 1,
              "Actual Loops": 4,
              "Plans": [
                {
                  "Node Type": "Bitmap Heap Scan",
                  "Parent Relationship": "Outer",
                  "Parallel Aware": true,
                  "Relation Name": "movie_companies",
                  "Alias": "mc",
                  "Startup Cost": 5062.19,
                  "Total Cost": 24793.79,
                  "Plan Rows": 75328,
                  "Plan Width": 0,
                  "Actual Startup Time": 27.501,
                  "Actual Total Time": 69.782,
                  "Actual Rows": 58166,
                  "Actual Loops": 4,
                  "Recheck Cond": "(company_id < 93)",
                  "Rows Removed by Index Recheck": 0,
                  "Exact Heap Blocks": 11012,
                  "Lossy Heap Blocks": 0,
                  "Plans": [
                    {
                      "Node Type": "Bitmap Index Scan",
                      "Parent Relationship": "Outer",
                      "Parallel Aware": false,
                      "Index Name": "company_id_movie_companies",
                      "Startup Cost": 0.0,
                      "Total Cost": 5003.81,
                      "Plan Rows": 233517,
                      "Plan Width": 0,
                      "Actual Startup Time": 28.558,
                      "Actual Total Time": 28.558,
                      "Actual Rows": 232665,
                      "Actual Loops": 1,
                      "Index Cond": "(company_id < 93)"
                    }
                  ]
                }
              ]
            }
          ]
        }
      ]
    },
    "Planning Time": 0.196,
    "Triggers": [],
    "Execution Time": 86.606
  }
]