[
  {
    "Plan": {
      "Node Type": "Aggregate",
      "Strategy": "Plain",
      "Partial Mode": "Finalize",
      "Parallel Aware": false,
      "Startup Cost": 79717.3,
      "Total Cost": 79717.31,
      "Plan Rows": 1,
      "Plan Width": 8,
      "Actual Startup Time": 353.208,
      "Actual Total Time": 371.159,
      "Actual Rows": 1,
      "Actual Loops": 1,
      "Plans": [
        {
          "Node Type": "Gather",
          "Parent Relationship": "Outer",
          "Parallel Aware": false,
          "Startup Cost": 79716.98,
          "Total Cost": 79717.29,
          "Plan Rows": 3,
          "Plan Width": 8,
          "Actual Startup Time": 350.253,
          "Actual Total Time": 371.149,
          "Actual Rows": 4,
          "Actual Loops": 1,
          "Workers Planned": 3,
          "Workers Launched": 3,
          "Single Copy": false,
          "Plans": [
            {
              "Node Type": "Aggregate",
              "Strategy": "Plain",
              "Partial Mode": "Partial",
              "Parent Relationship": "Outer",
              "Parallel Aware": false,
              "Startup Cost": 78716.98,
              "Total Cost": 78716.99,
              "Plan Rows": 1,
              "Plan Width": 8,
              "Actual Startup Time": 342.919,
              "Actual Total Time": 342.923,
              "Actual Rows": 1,
              "Actual Loops": 4,
              "Plans": [
                {
                  "Node Type": "Hash Join",
                  "Parent Relationship": "Outer",
                  "Parallel Aware": true,
                  "Join Type": "Inner",
                  "Startup Cost": 47998.15,
                  "Total Cost": 78389.05,
                  "Plan Rows": 131171,
                  "Plan Width": 0,
                  "Actual Startup Time": 182.067,
                  "Actual Total Time": 333.244,
                  "Actual Rows": 219572,
                  "Actual Loops": 4,
                  "Inner Unique": true,
                  "Hash Cond": "(mc.movie_id = t.id)",
                  "Plans": [
                    {
                      "Node Type": "Seq Scan",
                      "Parent Relationship": "Outer",
                      "Parallel Aware": true,
                      "Relation Name": "movie_companies",
                      "Alias": "mc",
                      "Startup Cost": 0.0,
                      "Total Cost": 29310.68,
                      "Plan Rows": 411513,
                      "Plan Width": 4,
                      "Actual Startup Time": 0.011,
                      "Actual Total Time": 70.394,
                      "Actual Rows": 318562,
                      "Actual Loops": 4,
                      "Filter": "(company_type_id < 2)",
                      "Rows Removed by Filter": 333721
                    },
                    {
                      "Node Type": "Hash",
                      "Parent Relationship": "Inner",
                      "Parallel Aware": true,
                      "Startup Cost": 45479.59,
                      "Total Cost": 45479.59,
                      "Plan Rows": 201485,
                      "Plan Width": 4,
                      "Actual Startup Time": 178.653,
                      "Actual Total Time": 178.654,
                      "Actual Rows": 210754,
                      "Actual Loops": 4,
                      "Hash Buckets": 1048576,
                      "Original Hash Buckets": 1048576,
                      "Hash Batches": 1,
                      "Original Hash Batches": 1,
                      "Peak Memory Usage": 41248,
                      "Plans": [
                        {
                          "Node Type": "Seq Scan",
                          "Parent Relationship": "Outer",
                          "Parallel Aware": true,
                          "Relation Name": "title",
                          "Alias": "t",
                          "Startup Cost": 0.0,
                          "Total Cost": 45479.59,
                          "Plan Rows": 201485,
                          "Plan Width": 4,
                          "Actual Startup Time": 0.038,
                          "Actual Total Time": 107.959,
                          "Actual Rows": 210754,
                          "Actual Loops": 4,
                          "Filter": "((kind_id < 7) AND (production_year < 2011))",
                          "Rows Removed by Filter": 421324
                        }
                      ]
                    }
                  ]
                }
              ]
            }
          ]
        }
      ]
    },
    "Planning Time": 0.349,
    "Triggers": [],
    "Execution Time": 371.211
  }
]