{
  "Plan": {
    "Node Type": "Aggregate",
    "Strategy": "Plain",
    "Partial Mode": "Finalize",
    "Parallel Aware": false,
    "Startup Cost": 749998.91,
    "Total Cost": 749998.92,
    "Plan Rows": 1,
    "Plan Width": 8,
    "Actual Startup Time": 9083.465,
    "Actual Total Time": 9142.69,
    "Actual Rows": 1,
    "Actual Loops": 1,
    "Plans": [
      {
        "Node Type": "Gather",
        "Parent Relationship": "Outer",
        "Parallel Aware": false,
        "Startup Cost": 749998.79,
        "Total Cost": 749998.9,
        "Plan Rows": 1,
        "Plan Width": 8,
        "Actual Startup Time": 9077.968,
        "Actual Total Time": 9142.682,
        "Actual Rows": 2,
        "Actual Loops": 1,
        "Workers Planned": 1,
        "Workers Launched": 1,
        "Single Copy": false,
        "Plans": [
          {
            "Node Type": "Aggregate",
            "Strategy": "Plain",
            "Partial Mode": "Partial",
            "Parent Relationship": "Outer",
            "Parallel Aware": false,
            "Startup Cost": 748998.79,
            "Total Cost": 748998.8,
            "Plan Rows": 1,
            "Plan Width": 8,
            "Actual Startup Time": 9072.647,
            "Actual Total Time": 9072.653,
            "Actual Rows": 1,
            "Actual Loops": 2,
            "Plans": [
              {
                "Node Type": "Hash Join",
                "Parent Relationship": "Outer",
                "Parallel Aware": true,
                "Join Type": "Inner",
                "Startup Cost": 130571.18,
                "Total Cost": 735302.87,
                "Plan Rows": 5478369,
                "Plan Width": 0,
                "Actual Startup Time": 1187.882,
                "Actual Total Time": 7604.12,
                "Actual Rows": 35122800,
                "Actual Loops": 2,
                "Inner Unique": false,
                "Hash Cond": "(ci.movie_id = t.id)",
                "Plans": [
                  {
                    "Node Type": "Seq Scan",
                    "Parent Relationship": "Outer",
                    "Parallel Aware": true,
                    "Relation Name": "cast_info",
                    "Alias": "ci",
                    "Startup Cost": 0.0,
                    "Total Cost": 519069.44,
                    "Plan Rows": 14249744,
                    "Plan Width": 4,
                    "Actual Startup Time": 259.026,
                    "Actual Total Time": 1483.697,
                    "Actual Rows": 12130080,
                    "Actual Loops": 2,
                    "Filter": "(person_id > 1179515)",
                    "Rows Removed by Filter": 5992092
                  },
                  {
                    "Node Type": "Hash",
                    "Parent Relationship": "Inner",
                    "Parallel Aware": true,
                    "Startup Cost": 123424.03,
                    "Total Cost": 123424.03,
                    "Plan Rows": 571772,
                    "Plan Width": 8,
                    "Actual Startup Time": 919.905,
                    "Actual Total Time": 919.91,
                    "Actual Rows": 1052783,
                    "Actual Loops": 2,
                    "Hash Buckets": 4194304,
                    "Original Hash Buckets": 1048576,
                    "Hash Batches": 1,
                    "Original Hash Batches": 1,
                    "Peak Memory Usage": 139744,
                    "Plans": [
                      {
                        "Node Type": "Hash Join",
                        "Parent Relationship": "Outer",
                        "Parallel Aware": true,
                        "Join Type": "Inner",
                        "Startup Cost": 61878.3,
                        "Total Cost": 123424.03,
                        "Plan Rows": 571772,
                        "Plan Width": 8,
                        "Actual Startup Time": 259.093,
                        "Actual Total Time": 662.501,
                        "Actual Rows": 1052783,
                        "Actual Loops": 2,
                        "Inner Unique": true,
                        "Hash Cond": "(mk.movie_id = t.id)",
                        "Plans": [
                          {
                            "Node Type": "Seq Scan",
                            "Parent Relationship": "Outer",
                            "Parallel Aware": true,
                            "Relation Name": "movie_keyword",
                            "Alias": "mk",
                            "Startup Cost": 0.0,
                            "Total Cost": 57718.19,
                            "Plan Rows": 1458105,
                            "Plan Width": 4,
                            "Actual Startup Time": 0.325,
                            "Actual Total Time": 193.034,
                            "Actual Rows": 1240328,
                            "Actual Loops": 2,
                            "Filter": "(keyword_id > 3644)",
                            "Rows Removed by Filter": 1021637
                          },
                          {
                            "Node Type": "Hash",
                            "Parent Relationship": "Inner",
                            "Parallel Aware": true,
                            "Startup Cost": 54588.39,
                            "Total Cost": 54588.39,
                            "Plan Rows": 583193,
                            "Plan Width": 4,
                            "Actual Startup Time": 253.448,
                            "Actual Total Time": 253.45,
                            "Actual Rows": 492524,
                            "Actual Loops": 2,
                            "Hash Buckets": 1048576,
                            "Original Hash Buckets": 1048576,
                            "Hash Batches": 1,
                            "Original Hash Batches": 1,
                            "Peak Memory Usage": 46784,
                            "Plans": [
                              {
                                "Node Type": "Seq Scan",
                                "Parent Relationship": "Outer",
                                "Parallel Aware": true,
                                "Relation Name": "title",
                                "Alias": "t",
                                "Startup Cost": 0.0,
                                "Total Cost": 54588.39,
                                "Plan Rows": 583193,
                                "Plan Width": 4,
                                "Actual Startup Time": 0.03,
                                "Actual Total Time": 143.203,
                                "Actual Rows": 492524,
                                "Actual Loops": 2,
                                "Filter": "(kind_id < 7)",
                                "Rows Removed by Filter": 771632
                              }
                            ]
                          }
                        ]
                      }
                    ]
                  }
                ]
              }
            ]
          }
        ]
      }
    ]
  },
  "Planning Time": 0.82,
  "Triggers": [],
  "Execution Time": 9142.769
}