[
    {
        "Bao": {
            "Bao prediction": "NaN",
            "Bao recommended hint": "(no hint)"
        }
    },
    {
        "Plan": {
            "Node Type": "Aggregate",
            "Strategy": "Plain",
            "Partial Mode": "Finalize",
            "Parallel Aware": false,
            "Startup Cost": 349068.77,
            "Total Cost": 349068.78,
            "Plan Rows": 1,
            "Plan Width": 8,
            "Actual Startup Time": 500.18,
            "Actual Total Time": 518.384,
            "Actual Rows": 1,
            "Actual Loops": 1,
            "Output": [
                "count(*)"
            ],
            "Plans": [
                {
                    "Node Type": "Gather",
                    "Parent Relationship": "Outer",
                    "Parallel Aware": false,
                    "Startup Cost": 349068.14,
                    "Total Cost": 349068.75,
                    "Plan Rows": 6,
                    "Plan Width": 8,
                    "Actual Startup Time": 499.99,
                    "Actual Total Time": 518.363,
                    "Actual Rows": 7,
                    "Actual Loops": 1,
                    "Output": [
                        "(PARTIAL count(*))"
                    ],
                    "Workers Planned": 6,
                    "Workers Launched": 6,
                    "Single Copy": false,
                    "Plans": [
                        {
                            "Node Type": "Aggregate",
                            "Strategy": "Plain",
                            "Partial Mode": "Partial",
                            "Parent Relationship": "Outer",
                            "Parallel Aware": false,
                            "Startup Cost": 348068.14,
                            "Total Cost": 348068.15,
                            "Plan Rows": 1,
                            "Plan Width": 8,
                            "Actual Startup Time": 489.856,
                            "Actual Total Time": 489.857,
                            "Actual Rows": 1,
                            "Actual Loops": 7,
                            "Output": [
                                "PARTIAL count(*)"
                            ],
                            "Workers": [
                                {
                                    "Worker Number": 0,
                                    "Actual Startup Time": 487.525,
                                    "Actual Total Time": 487.526,
                                    "Actual Rows": 1,
                                    "Actual Loops": 1
                                },
                                {
                                    "Worker Number": 1,
                                    "Actual Startup Time": 487.941,
                                    "Actual Total Time": 487.942,
                                    "Actual Rows": 1,
                                    "Actual Loops": 1
                                },
                                {
                                    "Worker Number": 2,
                                    "Actual Startup Time": 488.202,
                                    "Actual Total Time": 488.204,
                                    "Actual Rows": 1,
                                    "Actual Loops": 1
                                },
                                {
                                    "Worker Number": 3,
                                    "Actual Startup Time": 488.016,
                                    "Actual Total Time": 488.018,
                                    "Actual Rows": 1,
                                    "Actual Loops": 1
                                },
                                {
                                    "Worker Number": 4,
                                    "Actual Startup Time": 488.86,
                                    "Actual Total Time": 488.861,
                                    "Actual Rows": 1,
                                    "Actual Loops": 1
                                },
                                {
                                    "Worker Number": 5,
                                    "Actual Startup Time": 488.81,
                                    "Actual Total Time": 488.811,
                                    "Actual Rows": 1,
                                    "Actual Loops": 1
                                }
                            ],
                            "Plans": [
                                {
                                    "Node Type": "Index Scan",
                                    "Parent Relationship": "Outer",
                                    "Parallel Aware": true,
                                    "Scan Direction": "Forward",
                                    "Index Name": "role_id_cast_info",
                                    "Relation Name": "cast_info",
                                    "Schema": "public",
                                    "Alias": "ci",
                                    "Startup Cost": 0.56,
                                    "Total Cost": 342814.42,
                                    "Plan Rows": 2101488,
                                    "Plan Width": 0,
                                    "Actual Startup Time": 0.144,
                                    "Actual Total Time": 402.665,
                                    "Actual Rows": 1810098,
                                    "Actual Loops": 7,
                                    "Output": [
                                        "id",
                                        "person_id",
                                        "movie_id",
                                        "person_role_id",
                                        "note",
                                        "nr_order",
                                        "role_id"
                                    ],
                                    "Index Cond": "(ci.role_id < 2)",
                                    "Rows Removed by Index Recheck": 0,
                                    "Filter": "(ci.person_id < 3974824)",
                                    "Rows Removed by Filter": 0,
                                    "Workers": [
                                        {
                                            "Worker Number": 0,
                                            "Actual Startup Time": 0.143,
                                            "Actual Total Time": 400.265,
                                            "Actual Rows": 1230841,
                                            "Actual Loops": 1
                                        },
                                        {
                                            "Worker Number": 1,
                                            "Actual Startup Time": 0.146,
                                            "Actual Total Time": 402.598,
                                            "Actual Rows": 1894231,
                                            "Actual Loops": 1
                                        },
                                        {
                                            "Worker Number": 2,
                                            "Actual Startup Time": 0.175,
                                            "Actual Total Time": 403.193,
                                            "Actual Rows": 1854841,
                                            "Actual Loops": 1
                                        },
                                        {
                                            "Worker Number": 3,
                                            "Actual Startup Time": 0.12,
                                            "Actual Total Time": 404.051,
                                            "Actual Rows": 1877071,
                                            "Actual Loops": 1
                                        },
                                        {
                                            "Worker Number": 4,
                                            "Actual Startup Time": 0.156,
                                            "Actual Total Time": 403.231,
                                            "Actual Rows": 1913340,
                                            "Actual Loops": 1
                                        },
                                        {
                                            "Worker Number": 5,
                                            "Actual Startup Time": 0.24,
                                            "Actual Total Time": 403.74,
                                            "Actual Rows": 1876680,
                                            "Actual Loops": 1
                                        }
                                    ]
                                }
                            ]
                        }
                    ]
                }
            ]
        },
        "Planning Time": 202.837,
        "Triggers": [],
        "Execution Time": 518.45
    }
]