[
    {
        "Bao": {
            "Bao prediction": "NaN",
            "Bao recommended hint": "(no hint)"
        }
    },
    {
        "Plan": {
            "Node Type": "Aggregate",
            "Strategy": "Plain",
            "Partial Mode": "Finalize",
            "Parallel Aware": false,
            "Startup Cost": 311490.65,
            "Total Cost": 311490.66,
            "Plan Rows": 1,
            "Plan Width": 8,
            "Actual Startup Time": 192.083,
            "Actual Total Time": 197.799,
            "Actual Rows": 1,
            "Actual Loops": 1,
            "Output": [
                "count(*)"
            ],
            "Plans": [
                {
                    "Node Type": "Gather",
                    "Parent Relationship": "Outer",
                    "Parallel Aware": false,
                    "Startup Cost": 311490.03,
                    "Total Cost": 311490.64,
                    "Plan Rows": 6,
                    "Plan Width": 8,
                    "Actual Startup Time": 191.553,
                    "Actual Total Time": 197.79,
                    "Actual Rows": 7,
                    "Actual Loops": 1,
                    "Output": [
                        "(PARTIAL count(*))"
                    ],
                    "Workers Planned": 6,
                    "Workers Launched": 6,
                    "Single Copy": false,
                    "Plans": [
                        {
                            "Node Type": "Aggregate",
                            "Strategy": "Plain",
                            "Partial Mode": "Partial",
                            "Parent Relationship": "Outer",
                            "Parallel Aware": false,
                            "Startup Cost": 310490.03,
                            "Total Cost": 310490.04,
                            "Plan Rows": 1,
                            "Plan Width": 8,
                            "Actual Startup Time": 181.331,
                            "Actual Total Time": 181.333,
                            "Actual Rows": 1,
                            "Actual Loops": 7,
                            "Output": [
                                "PARTIAL count(*)"
                            ],
                            "Workers": [
                                {
                                    "Worker Number": 0,
                                    "Actual Startup Time": 178.966,
                                    "Actual Total Time": 178.967,
                                    "Actual Rows": 1,
                                    "Actual Loops": 1
                                },
                                {
                                    "Worker Number": 1,
                                    "Actual Startup Time": 179.221,
                                    "Actual Total Time": 179.222,
                                    "Actual Rows": 1,
                                    "Actual Loops": 1
                                },
                                {
                                    "Worker Number": 2,
                                    "Actual Startup Time": 179.532,
                                    "Actual Total Time": 179.534,
                                    "Actual Rows": 1,
                                    "Actual Loops": 1
                                },
                                {
                                    "Worker Number": 3,
                                    "Actual Startup Time": 179.987,
                                    "Actual Total Time": 179.988,
                                    "Actual Rows": 1,
                                    "Actual Loops": 1
                                },
                                {
                                    "Worker Number": 4,
                                    "Actual Startup Time": 180.162,
                                    "Actual Total Time": 180.164,
                                    "Actual Rows": 1,
                                    "Actual Loops": 1
                                },
                                {
                                    "Worker Number": 5,
                                    "Actual Startup Time": 180.455,
                                    "Actual Total Time": 180.456,
                                    "Actual Rows": 1,
                                    "Actual Loops": 1
                                }
                            ],
                            "Plans": [
                                {
                                    "Node Type": "Bitmap Heap Scan",
                                    "Parent Relationship": "Outer",
                                    "Parallel Aware": true,
                                    "Relation Name": "cast_info",
                                    "Schema": "public",
                                    "Alias": "ci",
                                    "Startup Cost": 51923.4,
                                    "Total Cost": 309510.09,
                                    "Plan Rows": 391975,
                                    "Plan Width": 0,
                                    "Actual Startup Time": 81.133,
                                    "Actual Total Time": 161.581,
                                    "Actual Rows": 336490,
                                    "Actual Loops": 7,
                                    "Recheck Cond": "(ci.person_id < 229188)",
                                    "Rows Removed by Index Recheck": 0,
                                    "Exact Heap Blocks": 5820,
                                    "Lossy Heap Blocks": 0,
                                    "Workers": [
                                        {
                                            "Worker Number": 0,
                                            "Actual Startup Time": 78.825,
                                            "Actual Total Time": 159.113,
                                            "Actual Rows": 244092,
                                            "Actual Loops": 1
                                        },
                                        {
                                            "Worker Number": 1,
                                            "Actual Startup Time": 78.939,
                                            "Actual Total Time": 159.509,
                                            "Actual Rows": 237862,
                                            "Actual Loops": 1
                                        },
                                        {
                                            "Worker Number": 2,
                                            "Actual Startup Time": 79.259,
                                            "Actual Total Time": 160.919,
                                            "Actual Rows": 318371,
                                            "Actual Loops": 1
                                        },
                                        {
                                            "Worker Number": 3,
                                            "Actual Startup Time": 80.1,
                                            "Actual Total Time": 160.198,
                                            "Actual Rows": 328192,
                                            "Actual Loops": 1
                                        },
                                        {
                                            "Worker Number": 4,
                                            "Actual Startup Time": 80.426,
                                            "Actual Total Time": 160.388,
                                            "Actual Rows": 325324,
                                            "Actual Loops": 1
                                        },
                                        {
                                            "Worker Number": 5,
                                            "Actual Startup Time": 80.115,
                                            "Actual Total Time": 161.982,
                                            "Actual Rows": 316986,
                                            "Actual Loops": 1
                                        }
                                    ],
                                    "Plans": [
                                        {
                                            "Node Type": "Bitmap Index Scan",
                                            "Parent Relationship": "Outer",
                                            "Parallel Aware": false,
                                            "Index Name": "person_id_cast_info",
                                            "Startup Cost": 0.0,
                                            "Total Cost": 51335.44,
                                            "Plan Rows": 2351850,
                                            "Plan Width": 0,
                                            "Actual Startup Time": 86.696,
                                            "Actual Total Time": 86.697,
                                            "Actual Rows": 2355433,
                                            "Actual Loops": 1,
                                            "Index Cond": "(ci.person_id < 229188)"
                                        }
                                    ]
                                }
                            ]
                        }
                    ]
                }
            ]
        },
        "Planning Time": 183.75,
        "Triggers": [],
        "Execution Time": 197.906
    }
]