[
    {
        "Bao": {
            "Bao prediction": 442.417,
            "Bao recommended hint": "(no hint)"
        }
    },
    {
        "Plan": {
            "Node Type": "Aggregate",
            "Strategy": "Plain",
            "Partial Mode": "Finalize",
            "Parallel Aware": false,
            "Startup Cost": 32886.71,
            "Total Cost": 32886.72,
            "Plan Rows": 1,
            "Plan Width": 8,
            "Actual Startup Time": 101.563,
            "Actual Total Time": 106.071,
            "Actual Rows": 1,
            "Actual Loops": 1,
            "Output": [
                "count(*)"
            ],
            "Plans": [
                {
                    "Node Type": "Gather",
                    "Parent Relationship": "Outer",
                    "Parallel Aware": false,
                    "Startup Cost": 32886.4,
                    "Total Cost": 32886.71,
                    "Plan Rows": 3,
                    "Plan Width": 8,
                    "Actual Startup Time": 101.501,
                    "Actual Total Time": 106.064,
                    "Actual Rows": 4,
                    "Actual Loops": 1,
                    "Output": [
                        "(PARTIAL count(*))"
                    ],
                    "Workers Planned": 3,
                    "Workers Launched": 3,
                    "Single Copy": false,
                    "Plans": [
                        {
                            "Node Type": "Aggregate",
                            "Strategy": "Plain",
                            "Partial Mode": "Partial",
                            "Parent Relationship": "Outer",
                            "Parallel Aware": false,
                            "Startup Cost": 31886.4,
                            "Total Cost": 31886.41,
                            "Plan Rows": 1,
                            "Plan Width": 8,
                            "Actual Startup Time": 93.742,
                            "Actual Total Time": 93.743,
                            "Actual Rows": 1,
                            "Actual Loops": 4,
                            "Output": [
                                "PARTIAL count(*)"
                            ],
                            "Workers": [
                                {
                                    "Worker Number": 0,
                                    "Actual Startup Time": 91.12,
                                    "Actual Total Time": 91.121,
                                    "Actual Rows": 1,
                                    "Actual Loops": 1
                                },
                                {
                                    "Worker Number": 1,
                                    "Actual Startup Time": 91.478,
                                    "Actual Total Time": 91.479,
                                    "Actual Rows": 1,
                                    "Actual Loops": 1
                                },
                                {
                                    "Worker Number": 2,
                                    "Actual Startup Time": 91.496,
                                    "Actual Total Time": 91.497,
                                    "Actual Rows": 1,
                                    "Actual Loops": 1
                                }
                            ],
                            "Plans": [
                                {
                                    "Node Type": "Seq Scan",
                                    "Parent Relationship": "Outer",
                                    "Parallel Aware": true,
                                    "Relation Name": "movie_companies",
                                    "Schema": "public",
                                    "Alias": "mc",
                                    "Startup Cost": 0.0,
                                    "Total Cost": 31414.82,
                                    "Plan Rows": 188631,
                                    "Plan Width": 0,
                                    "Actual Startup Time": 48.887,
                                    "Actual Total Time": 83.95,
                                    "Actual Rows": 217121,
                                    "Actual Loops": 4,
                                    "Output": [
                                        "id",
                                        "movie_id",
                                        "company_id",
                                        "company_type_id",
                                        "note"
                                    ],
                                    "Filter": "((mc.company_id > 13053) AND (mc.company_type_id = 2))",
                                    "Rows Removed by Filter": 435162,
                                    "Workers": [
                                        {
                                            "Worker Number": 0,
                                            "Actual Startup Time": 46.263,
                                            "Actual Total Time": 81.824,
                                            "Actual Rows": 229264,
                                            "Actual Loops": 1
                                        },
                                        {
                                            "Worker Number": 1,
                                            "Actual Startup Time": 46.636,
                                            "Actual Total Time": 81.949,
                                            "Actual Rows": 234041,
                                            "Actual Loops": 1
                                        },
                                        {
                                            "Worker Number": 2,
                                            "Actual Startup Time": 46.637,
                                            "Actual Total Time": 81.967,
                                            "Actual Rows": 234048,
                                            "Actual Loops": 1
                                        }
                                    ]
                                }
                            ]
                        }
                    ]
                }
            ]
        },
        "Planning Time": 1305.729,
        "Triggers": [],
        "Execution Time": 106.19
    }
]