{
  "Plan": {
    "Node Type": "Aggregate",
    "Strategy": "Plain",
    "Partial Mode": "Finalize",
    "Parallel Aware": false,
    "Startup Cost": 307684.63,
    "Total Cost": 307684.64,
    "Plan Rows": 1,
    "Plan Width": 8,
    "Actual Startup Time": 2760.718,
    "Actual Total Time": 2778.69,
    "Actual Rows": 1,
    "Actual Loops": 1,
    "Plans": [
      {
        "Node Type": "Gather",
        "Parent Relationship": "Outer",
        "Parallel Aware": false,
        "Startup Cost": 307684.52,
        "Total Cost": 307684.63,
        "Plan Rows": 1,
        "Plan Width": 8,
        "Actual Startup Time": 2758.788,
        "Actual Total Time": 2778.682,
        "Actual Rows": 2,
        "Actual Loops": 1,
        "Workers Planned": 1,
        "Workers Launched": 1,
        "Single Copy": false,
        "Plans": [
          {
            "Node Type": "Aggregate",
            "Strategy": "Plain",
            "Partial Mode": "Partial",
            "Parent Relationship": "Outer",
            "Parallel Aware": false,
            "Startup Cost": 306684.52,
            "Total Cost": 306684.53,
            "Plan Rows": 1,
            "Plan Width": 8,
            "Actual Startup Time": 2752.864,
            "Actual Total Time": 2752.868,
            "Actual Rows": 1,
            "Actual Loops": 2,
            "Plans": [
              {
                "Node Type": "Nested Loop",
                "Parent Relationship": "Outer",
                "Parallel Aware": false,
                "Join Type": "Inner",
                "Startup Cost": 61514.77,
                "Total Cost": 306342.01,
                "Plan Rows": 137002,
                "Plan Width": 0,
                "Actual Startup Time": 231.011,
                "Actual Total Time": 2619.102,
                "Actual Rows": 3107648,
                "Actual Loops": 2,
                "Inner Unique": false,
                "Join Filter": "(t.id = mc.movie_id)",
                "Rows Removed by Join Filter": 0,
                "Plans": [
                  {
                    "Node Type": "Hash Join",
                    "Parent Relationship": "Outer",
                    "Parallel Aware": true,
                    "Join Type": "Inner",
                    "Startup Cost": 61514.34,
                    "Total Cost": 122006.73,
                    "Plan Rows": 298263,
                    "Plan Width": 8,
                    "Actual Startup Time": 230.941,
                    "Actual Total Time": 568.498,
                    "Actual Rows": 590939,
                    "Actual Loops": 2,
                    "Inner Unique": true,
                    "Hash Cond": "(mk.movie_id = t.id)",
                    "Plans": [
                      {
                        "Node Type": "Seq Scan",
                        "Parent Relationship": "Outer",
                        "Parallel Aware": true,
                        "Relation Name": "movie_keyword",
                        "Alias": "mk",
                        "Startup Cost": 0.0,
                        "Total Cost": 57718.19,
                        "Plan Rows": 1056838,
                        "Plan Width": 4,
                        "Actual Startup Time": 0.665,
                        "Actual Total Time": 180.704,
                        "Actual Rows": 902054,
                        "Actual Loops": 2,
                        "Filter": "(keyword_id > 7693)",
                        "Rows Removed by Filter": 1359912
                      },
                      {
                        "Node Type": "Hash",
                        "Parent Relationship": "Inner",
                        "Parallel Aware": true,
                        "Startup Cost": 56267.73,
                        "Total Cost": 56267.73,
                        "Plan Rows": 419729,
                        "Plan Width": 4,
                        "Actual Startup Time": 221.296,
                        "Actual Total Time": 221.297,
                        "Actual Rows": 339725,
                        "Actual Loops": 2,
                        "Hash Buckets": 1048576,
                        "Original Hash Buckets": 1048576,
                        "Hash Batches": 1,
                        "Original Hash Batches": 1,
                        "Peak Memory Usage": 34784,
                        "Plans": [
                          {
                            "Node Type": "Bitmap Heap Scan",
                            "Parent Relationship": "Outer",
                            "Parallel Aware": true,
                            "Relation Name": "title",
                            "Alias": "t",
                            "Startup Cost": 13617.34,
                            "Total Cost": 56267.73,
                            "Plan Rows": 419729,
                            "Plan Width": 4,
                            "Actual Startup Time": 43.258,
                            "Actual Total Time": 143.463,
                            "Actual Rows": 339725,
                            "Actual Loops": 2,
                            "Recheck Cond": "(kind_id < 3)",
                            "Rows Removed by Index Recheck": 0,
                            "Filter": "(production_year > 1915)",
                            "Rows Removed by Filter": 37114,
                            "Exact Heap Blocks": 25036,
                            "Lossy Heap Blocks": 0,
                            "Plans": [
                              {
                                "Node Type": "Bitmap Index Scan",
                                "Parent Relationship": "Outer",
                                "Parallel Aware": false,
                                "Index Name": "kind_id_title",
                                "Startup Cost": 0.0,
                                "Total Cost": 13438.96,
                                "Plan Rows": 753937,
                                "Plan Width": 0,
                                "Actual Startup Time": 37.559,
                                "Actual Total Time": 37.559,
                                "Actual Rows": 753677,
                                "Actual Loops": 1,
                                "Index Cond": "(kind_id < 3)"
                              }
                            ]
                          }
                        ]
                      }
                    ]
                  },
                  {
                    "Node Type": "Index Scan",
                    "Parent Relationship": "Inner",
                    "Parallel Aware": false,
                    "Scan Direction": "Forward",
                    "Index Name": "movie_id_movie_companies",
                    "Relation Name": "movie_companies",
                    "Alias": "mc",
                    "Startup Cost": 0.43,
                    "Total Cost": 0.59,
                    "Plan Rows": 2,
                    "Plan Width": 4,
                    "Actual Startup Time": 0.002,
                    "Actual Total Time": 0.003,
                    "Actual Rows": 5,
                    "Actual Loops": 1181878,
                    "Index Cond": "(movie_id = mk.movie_id)",
                    "Rows Removed by Index Recheck": 0,
                    "Filter": "(company_id < 9366)",
                    "Rows Removed by Filter": 5
                  }
                ]
              }
            ]
          }
        ]
      }
    ]
  },
  "Planning Time": 1.114,
  "Triggers": [],
  "Execution Time": 2778.795
}