[
  {
    "Plan": {
      "Node Type": "Aggregate",
      "Strategy": "Plain",
      "Partial Mode": "Finalize",
      "Parallel Aware": false,
      "Startup Cost": 89568.27,
      "Total Cost": 89568.28,
      "Plan Rows": 1,
      "Plan Width": 8,
      "Actual Startup Time": 8982.55,
      "Actual Total Time": 9002.838,
      "Actual Rows": 1,
      "Actual Loops": 1,
      "Plans": [
        {
          "Node Type": "Gather",
          "Parent Relationship": "Outer",
          "Parallel Aware": false,
          "Startup Cost": 89567.96,
          "Total Cost": 89568.27,
          "Plan Rows": 3,
          "Plan Width": 8,
          "Actual Startup Time": 8977.274,
          "Actual Total Time": 9002.825,
          "Actual Rows": 4,
          "Actual Loops": 1,
          "Workers Planned": 3,
          "Workers Launched": 3,
          "Single Copy": false,
          "Plans": [
            {
              "Node Type": "Aggregate",
              "Strategy": "Plain",
              "Partial Mode": "Partial",
              "Parent Relationship": "Outer",
              "Parallel Aware": false,
              "Startup Cost": 88567.96,
              "Total Cost": 88567.97,
              "Plan Rows": 1,
              "Plan Width": 8,
              "Actual Startup Time": 8967.958,
              "Actual Total Time": 8967.967,
              "Actual Rows": 1,
              "Actual Loops": 4,
              "Plans": [
                {
                  "Node Type": "Hash Join",
                  "Parent Relationship": "Outer",
                  "Parallel Aware": true,
                  "Join Type": "Inner",
                  "Startup Cost": 60546.62,
                  "Total Cost": 88448.35,
                  "Plan Rows": 47844,
                  "Plan Width": 0,
                  "Actual Startup Time": 8844.146,
                  "Actual Total Time": 8966.118,
                  "Actual Rows": 21231,
                  "Actual Loops": 4,
                  "Inner Unique": true,
                  "Hash Cond": "(mk.movie_id = t.id)",
                  "Plans": [
                    {
                      "Node Type": "Bitmap Heap Scan",
                      "Parent Relationship": "Outer",
                      "Parallel Aware": true,
                      "Relation Name": "movie_keyword",
                      "Alias": "mk",
                      "Startup Cost": 14988.91,
                      "Total Cost": 42292.27,
                      "Plan Rows": 227949,
                      "Plan Width": 4,
                      "Actual Startup Time": 8667.562,
                      "Actual Total Time": 8750.208,
                      "Actual Rows": 175732,
                      "Actual Loops": 4,
                      "Recheck Cond": "(keyword_id > 26823)",
                      "Rows Removed by Index Recheck": 0,
                      "Exact Heap Blocks": 8356,
                      "Lossy Heap Blocks": 0,
                      "Plans": [
                        {
                          "Node Type": "Bitmap Index Scan",
                          "Parent Relationship": "Outer",
                          "Parallel Aware": false,
                          "Index Name": "keyword_id_movie_keyword",
                          "Startup Cost": 0.0,
                          "Total Cost": 14812.25,
                          "Plan Rows": 706642,
                          "Plan Width": 0,
                          "Actual Startup Time": 8661.828,
                          "Actual Total Time": 8661.829,
                          "Actual Rows": 702927,
                          "Actual Loops": 1,
                          "Index Cond": "(keyword_id > 26823)"
                        }
                      ]
                    },
                    {
                      "Node Type": "Hash",
                      "Parent Relationship": "Inner",
                      "Parallel Aware": true,
                      "Startup Cost": 43899.32,
                      "Total Cost": 43899.32,
                      "Plan Rows": 132671,
                      "Plan Width": 4,
                      "Actual Startup Time": 170.719,
                      "Actual Total Time": 170.721,
                      "Actual Rows": 133342,
                      "Actual Loops": 4,
                      "Hash Buckets": 1048576,
                      "Original Hash Buckets": 1048576,
                      "Hash Batches": 1,
                      "Original Hash Batches": 1,
                      "Peak Memory Usage": 29120,
                      "Plans": [
                        {
                          "Node Type": "Seq Scan",
                          "Parent Relationship": "Outer",
                          "Parallel Aware": true,
                          "Relation Name": "title",
                          "Alias": "t",
                          "Startup Cost": 0.0,
                          "Total Cost": 43899.32,
                          "Plan Rows": 132671,
                          "Plan Width": 4,
                          "Actual Startup Time": 0.045,
                          "Actual Total Time": 111.056,
                          "Actual Rows": 133342,
                          "Actual Loops": 4,
                          "Filter": "(production_year > 2009)",
                          "Rows Removed by Filter": 498736
                        }
                      ]
                    }
                  ]
                }
              ]
            }
          ]
        }
      ]
    },
    "Planning Time": 0.624,
    "Triggers": [],
    "Execution Time": 9002.94
  }
]