[
  {
    "Plan": {
      "Node Type": "Aggregate",
      "Strategy": "Plain",
      "Partial Mode": "Finalize",
      "Parallel Aware": false,
      "Startup Cost": 91966.53,
      "Total Cost": 91966.54,
      "Plan Rows": 1,
      "Plan Width": 8,
      "Actual Startup Time": 281.958,
      "Actual Total Time": 297.629,
      "Actual Rows": 1,
      "Actual Loops": 1,
      "Plans": [
        {
          "Node Type": "Gather",
          "Parent Relationship": "Outer",
          "Parallel Aware": false,
          "Startup Cost": 91966.21,
          "Total Cost": 91966.52,
          "Plan Rows": 3,
          "Plan Width": 8,
          "Actual Startup Time": 279.107,
          "Actual Total Time": 297.621,
          "Actual Rows": 4,
          "Actual Loops": 1,
          "Workers Planned": 3,
          "Workers Launched": 3,
          "Single Copy": false,
          "Plans": [
            {
              "Node Type": "Aggregate",
              "Strategy": "Plain",
              "Partial Mode": "Partial",
              "Parent Relationship": "Outer",
              "Parallel Aware": false,
              "Startup Cost": 90966.21,
              "Total Cost": 90966.22,
              "Plan Rows": 1,
              "Plan Width": 8,
              "Actual Startup Time": 272.102,
              "Actual Total Time": 272.105,
              "Actual Rows": 1,
              "Actual Loops": 4,
              "Plans": [
                {
                  "Node Type": "Hash Join",
                  "Parent Relationship": "Outer",
                  "Parallel Aware": true,
                  "Join Type": "Inner",
                  "Startup Cost": 47222.59,
                  "Total Cost": 90784.27,
                  "Plan Rows": 72778,
                  "Plan Width": 0,
                  "Actual Startup Time": 140.548,
                  "Actual Total Time": 271.472,
                  "Actual Rows": 12364,
                  "Actual Loops": 4,
                  "Inner Unique": true,
                  "Hash Cond": "(mk.movie_id = t.id)",
                  "Plans": [
                    {
                      "Node Type": "Seq Scan",
                      "Parent Relationship": "Outer",
                      "Parallel Aware": true,
                      "Relation Name": "movie_keyword",
                      "Alias": "mk",
                      "Startup Cost": 0.0,
                      "Total Cost": 42695.65,
                      "Plan Rows": 329915,
                      "Plan Width": 4,
                      "Actual Startup Time": 0.031,
                      "Actual Total Time": 93.991,
                      "Actual Rows": 256039,
                      "Actual Loops": 4,
                      "Filter": "(keyword_id < 1002)",
                      "Rows Removed by Filter": 874944
                    },
                    {
                      "Node Type": "Hash",
                      "Parent Relationship": "Inner",
                      "Parallel Aware": true,
                      "Startup Cost": 45479.59,
                      "Total Cost": 45479.59,
                      "Plan Rows": 139440,
                      "Plan Width": 4,
                      "Actual Startup Time": 137.413,
                      "Actual Total Time": 137.414,
                      "Actual Rows": 115050,
                      "Actual Loops": 4,
                      "Hash Buckets": 1048576,
                      "Original Hash Buckets": 1048576,
                      "Hash Batches": 1,
                      "Original Hash Batches": 1,
                      "Peak Memory Usage": 26240,
                      "Plans": [
                        {
                          "Node Type": "Seq Scan",
                          "Parent Relationship": "Outer",
                          "Parallel Aware": true,
                          "Relation Name": "title",
                          "Alias": "t",
                          "Startup Cost": 0.0,
                          "Total Cost": 45479.59,
                          "Plan Rows": 139440,
                          "Plan Width": 4,
                          "Actual Startup Time": 0.028,
                          "Actual Total Time": 98.457,
                          "Actual Rows": 115050,
                          "Actual Loops": 4,
                          "Filter": "((kind_id > 4) AND (production_year < 1998))",
                          "Rows Removed by Filter": 517028
                        }
                      ]
                    }
                  ]
                }
              ]
            }
          ]
        }
      ]
    },
    "Planning Time": 0.271,
    "Triggers": [],
    "Execution Time": 297.676
  }
]