{
  "Plan": {
    "Node Type": "Aggregate",
    "Strategy": "Plain",
    "Partial Mode": "Simple",
    "Parallel Aware": false,
    "Startup Cost": 184321.16,
    "Total Cost": 184321.17,
    "Plan Rows": 1,
    "Plan Width": 64,
    "Actual Startup Time": 522.378,
    "Actual Total Time": 522.385,
    "Actual Rows": 1,
    "Actual Loops": 1,
    "Plans": [
      {
        "Node Type": "Nested Loop",
        "Parent Relationship": "Outer",
        "Parallel Aware": false,
        "Join Type": "Inner",
        "Startup Cost": 3900.84,
        "Total Cost": 184308.91,
        "Plan Rows": 2450,
        "Plan Width": 38,
        "Actual Startup Time": 116.982,
        "Actual Total Time": 520.854,
        "Actual Rows": 11516,
        "Actual Loops": 1,
        "Inner Unique": true,
        "Join Filter": "(mi.movie_id = t.id)",
        "Rows Removed by Join Filter": 0,
        "Plans": [
          {
            "Node Type": "Hash Join",
            "Parent Relationship": "Outer",
            "Parallel Aware": false,
            "Join Type": "Inner",
            "Startup Cost": 3900.41,
            "Total Cost": 183005.47,
            "Plan Rows": 2595,
            "Plan Width": 37,
            "Actual Startup Time": 116.965,
            "Actual Total Time": 504.629,
            "Actual Rows": 11557,
            "Actual Loops": 1,
            "Inner Unique": true,
            "Hash Cond": "(mc.company_type_id = ct.id)",
            "Plans": [
              {
                "Node Type": "Nested Loop",
                "Parent Relationship": "Outer",
                "Parallel Aware": false,
                "Join Type": "Inner",
                "Startup Cost": 3899.32,
                "Total Cost": 182990.35,
                "Plan Rows": 2595,
                "Plan Width": 41,
                "Actual Startup Time": 116.924,
                "Actual Total Time": 502.472,
                "Actual Rows": 11557,
                "Actual Loops": 1,
                "Inner Unique": true,
                "Plans": [
                  {
                    "Node Type": "Nested Loop",
                    "Parent Relationship": "Outer",
                    "Parallel Aware": false,
                    "Join Type": "Inner",
                    "Startup Cost": 3898.9,
                    "Total Cost": 179792.92,
                    "Plan Rows": 7170,
                    "Plan Width": 45,
                    "Actual Startup Time": 116.907,
                    "Actual Total Time": 449.015,
                    "Actual Rows": 40059,
                    "Actual Loops": 1,
                    "Inner Unique": false,
                    "Join Filter": "(mi.movie_id = mc.movie_id)",
                    "Rows Removed by Join Filter": 0,
                    "Plans": [
                      {
                        "Node Type": "Nested Loop",
                        "Parent Relationship": "Outer",
                        "Parallel Aware": false,
                        "Join Type": "Inner",
                        "Startup Cost": 3898.47,
                        "Total Cost": 178961.0,
                        "Plan Rows": 1375,
                        "Plan Width": 33,
                        "Actual Startup Time": 116.088,
                        "Actual Total Time": 428.533,
                        "Actual Rows": 6384,
                        "Actual Loops": 1,
                        "Inner Unique": true,
                        "Plans": [
                          {
                            "Node Type": "Nested Loop",
                            "Parent Relationship": "Outer",
                            "Parallel Aware": false,
                            "Join Type": "Inner",
                            "Startup Cost": 3898.05,
                            "Total Cost": 178357.67,
                            "Plan Rows": 1375,
                            "Plan Width": 37,
                            "Actual Startup Time": 116.071,
                            "Actual Total Time": 413.825,
                            "Actual Rows": 6384,
                            "Actual Loops": 1,
                            "Inner Unique": false,
                            "Join Filter": "(mi.movie_id = mk.movie_id)",
                            "Rows Removed by Join Filter": 0,
                            "Plans": [
                              {
                                "Node Type": "Nested Loop",
                                "Parent Relationship": "Outer",
                                "Parallel Aware": false,
                                "Join Type": "Inner",
                                "Startup Cost": 3897.62,
                                "Total Cost": 178104.12,
                                "Plan Rows": 108,
                                "Plan Width": 29,
                                "Actual Startup Time": 116.054,
                                "Actual Total Time": 406.985,
                                "Actual Rows": 591,
                                "Actual Loops": 1,
                                "Inner Unique": false,
                                "Plans": [
                                  {
                                    "Node Type": "Nested Loop",
                                    "Parent Relationship": "Outer",
                                    "Parallel Aware": false,
                                    "Join Type": "Inner",
                                    "Startup Cost": 3897.19,
                                    "Total Cost": 177789.75,
                                    "Plan Rows": 106,
                                    "Plan Width": 4,
                                    "Actual Startup Time": 115.925,
                                    "Actual Total Time": 390.059,
                                    "Actual Rows": 10679,
                                    "Actual Loops": 1,
                                    "Inner Unique": false,
                                    "Plans": [
                                      {
                                        "Node Type": "Seq Scan",
                                        "Parent Relationship": "Outer",
                                        "Parallel Aware": false,
                                        "Relation Name": "info_type",
                                        "Alias": "it1",
                                        "Startup Cost": 0.0,
                                        "Total Cost": 2.41,
                                        "Plan Rows": 1,
                                        "Plan Width": 4,
                                        "Actual Startup Time": 0.024,
                                        "Actual Total Time": 0.033,
                                        "Actual Rows": 1,
                                        "Actual Loops": 1,
                                        "Filter": "((info)::text = 'release dates'::text)",
                                        "Rows Removed by Filter": 112
                                      },
                                      {
                                        "Node Type": "Bitmap Heap Scan",
                                        "Parent Relationship": "Inner",
                                        "Parallel Aware": false,
                                        "Relation Name": "movie_info",
                                        "Alias": "mi",
                                        "Startup Cost": 3897.19,
                                        "Total Cost": 177785.58,
                                        "Plan Rows": 176,
                                        "Plan Width": 8,
                                        "Actual Startup Time": 115.89,
                                        "Actual Total Time": 389.228,
                                        "Actual Rows": 10679,
                                        "Actual Loops": 1,
                                        "Recheck Cond": "(info_type_id = it1.id)",
                                        "Rows Removed by Index Recheck": 0,
                                        "Filter": "(note ~~ '%internet%'::text)",
                                        "Rows Removed by Filter": 3026040,
                                        "Exact Heap Blocks": 25448,
                                        "Lossy Heap Blocks": 0,
                                        "Plans": [
                                          {
                                            "Node Type": "Bitmap Index Scan",
                                            "Parent Relationship": "Outer",
                                            "Parallel Aware": false,
                                            "Index Name": "info_type_id_movie_info",
                                            "Startup Cost": 0.0,
                                            "Total Cost": 3897.15,
                                            "Plan Rows": 218762,
                                            "Plan Width": 0,
                                            "Actual Startup Time": 112.567,
                                            "Actual Total Time": 112.568,
                                            "Actual Rows": 3036719,
                                            "Actual Loops": 1,
                                            "Index Cond": "(info_type_id = it1.id)"
                                          }
                                        ]
                                      }
                                    ]
                                  },
                                  {
                                    "Node Type": "Index Scan",
                                    "Parent Relationship": "Inner",
                                    "Parallel Aware": false,
                                    "Scan Direction": "Forward",
                                    "Index Name": "movie_id_aka_title",
                                    "Relation Name": "aka_title",
                                    "Alias": "at",
                                    "Startup Cost": 0.42,
                                    "Total Cost": 2.94,
                                    "Plan Rows": 3,
                                    "Plan Width": 25,
                                    "Actual Startup Time": 0.001,
                                    "Actual Total Time": 0.001,
                                    "Actual Rows": 0,
                                    "Actual Loops": 10679,
                                    "Index Cond": "(movie_id = mi.movie_id)",
                                    "Rows Removed by Index Recheck": 0
                                  }
                                ]
                              },
                              {
                                "Node Type": "Index Scan",
                                "Parent Relationship": "Inner",
                                "Parallel Aware": false,
                                "Scan Direction": "Forward",
                                "Index Name": "movie_id_movie_keyword",
                                "Relation Name": "movie_keyword",
                                "Alias": "mk",
                                "Startup Cost": 0.43,
                                "Total Cost": 1.76,
                                "Plan Rows": 47,
                                "Plan Width": 8,
                                "Actual Startup Time": 0.008,
                                "Actual Total Time": 0.01,
                                "Actual Rows": 11,
                                "Actual Loops": 591,
                                "Index Cond": "(movie_id = at.movie_id)",
                                "Rows Removed by Index Recheck": 0
                              }
                            ]
                          },
                          {
                            "Node Type": "Index Only Scan",
                            "Parent Relationship": "Inner",
                            "Parallel Aware": false,
                            "Scan Direction": "Forward",
                            "Index Name": "keyword_pkey",
                            "Relation Name": "keyword",
                            "Alias": "k",
                            "Startup Cost": 0.42,
                            "Total Cost": 0.44,
                            "Plan Rows": 1,
                            "Plan Width": 4,
                            "Actual Startup Time": 0.002,
                            "Actual Total Time": 0.002,
                            "Actual Rows": 1,
                            "Actual Loops": 6384,
                            "Index Cond": "(id = mk.keyword_id)",
                            "Rows Removed by Index Recheck": 0,
                            "Heap Fetches": 6384
                          }
                        ]
                      },
                      {
                        "Node Type": "Index Scan",
                        "Parent Relationship": "Inner",
                        "Parallel Aware": false,
                        "Scan Direction": "Forward",
                        "Index Name": "movie_id_movie_companies",
                        "Relation Name": "movie_companies",
                        "Alias": "mc",
                        "Startup Cost": 0.43,
                        "Total Cost": 0.54,
                        "Plan Rows": 5,
                        "Plan Width": 12,
                        "Actual Startup Time": 0.001,
                        "Actual Total Time": 0.002,
                        "Actual Rows": 6,
                        "Actual Loops": 6384,
                        "Index Cond": "(movie_id = mk.movie_id)",
                        "Rows Removed by Index Recheck": 0
                      }
                    ]
                  },
                  {
                    "Node Type": "Index Scan",
                    "Parent Relationship": "Inner",
                    "Parallel Aware": false,
                    "Scan Direction": "Forward",
                    "Index Name": "company_name_pkey",
                    "Relation Name": "company_name",
                    "Alias": "cn",
                    "Startup Cost": 0.42,
                    "Total Cost": 0.45,
                    "Plan Rows": 1,
                    "Plan Width": 4,
                    "Actual Startup Time": 0.001,
                    "Actual Total Time": 0.001,
                    "Actual Rows": 0,
                    "Actual Loops": 40059,
                    "Index Cond": "(id = mc.company_id)",
                    "Rows Removed by Index Recheck": 0,
                    "Filter": "((country_code)::text = '[us]'::text)",
                    "Rows Removed by Filter": 1
                  }
                ]
              },
              {
                "Node Type": "Hash",
                "Parent Relationship": "Inner",
                "Parallel Aware": false,
                "Startup Cost": 1.04,
                "Total Cost": 1.04,
                "Plan Rows": 4,
                "Plan Width": 4,
                "Actual Startup Time": 0.029,
                "Actual Total Time": 0.03,
                "Actual Rows": 4,
                "Actual Loops": 1,
                "Hash Buckets": 1024,
                "Original Hash Buckets": 1024,
                "Hash Batches": 1,
                "Original Hash Batches": 1,
                "Peak Memory Usage": 9,
                "Plans": [
                  {
                    "Node Type": "Seq Scan",
                    "Parent Relationship": "Outer",
                    "Parallel Aware": false,
                    "Relation Name": "company_type",
                    "Alias": "ct",
                    "Startup Cost": 0.0,
                    "Total Cost": 1.04,
                    "Plan Rows": 4,
                    "Plan Width": 4,
                    "Actual Startup Time": 0.018,
                    "Actual Total Time": 0.02,
                    "Actual Rows": 4,
                    "Actual Loops": 1
                  }
                ]
              }
            ]
          },
          {
            "Node Type": "Index Scan",
            "Parent Relationship": "Inner",
            "Parallel Aware": false,
            "Scan Direction": "Forward",
            "Index Name": "title_pkey",
            "Relation Name": "title",
            "Alias": "t",
            "Startup Cost": 0.43,
            "Total Cost": 0.49,
            "Plan Rows": 1,
            "Plan Width": 21,
            "Actual Startup Time": 0.001,
            "Actual Total Time": 0.001,
            "Actual Rows": 1,
            "Actual Loops": 11557,
            "Index Cond": "(id = mk.movie_id)",
            "Rows Removed by Index Recheck": 0,
            "Filter": "(production_year < 2013)",
            "Rows Removed by Filter": 0
          }
        ]
      }
    ]
  },
  "Planning Time": 2.631,
  "Triggers": [],
  "Execution Time": 522.557
}