{
  "Plan": {
    "Node Type": "Aggregate",
    "Strategy": "Plain",
    "Partial Mode": "Finalize",
    "Parallel Aware": false,
    "Startup Cost": 1261380.44,
    "Total Cost": 1261380.45,
    "Plan Rows": 1,
    "Plan Width": 8,
    "Actual Startup Time": 11063.526,
    "Actual Total Time": 11170.779,
    "Actual Rows": 1,
    "Actual Loops": 1,
    "Plans": [
      {
        "Node Type": "Gather",
        "Parent Relationship": "Outer",
        "Parallel Aware": false,
        "Startup Cost": 1261380.33,
        "Total Cost": 1261380.44,
        "Plan Rows": 1,
        "Plan Width": 8,
        "Actual Startup Time": 11057.694,
        "Actual Total Time": 11170.771,
        "Actual Rows": 2,
        "Actual Loops": 1,
        "Workers Planned": 1,
        "Workers Launched": 1,
        "Single Copy": false,
        "Plans": [
          {
            "Node Type": "Aggregate",
            "Strategy": "Plain",
            "Partial Mode": "Partial",
            "Parent Relationship": "Outer",
            "Parallel Aware": false,
            "Startup Cost": 1260380.33,
            "Total Cost": 1260380.34,
            "Plan Rows": 1,
            "Plan Width": 8,
            "Actual Startup Time": 11045.178,
            "Actual Total Time": 11045.183,
            "Actual Rows": 1,
            "Actual Loops": 2,
            "Plans": [
              {
                "Node Type": "Hash Join",
                "Parent Relationship": "Outer",
                "Parallel Aware": true,
                "Join Type": "Inner",
                "Startup Cost": 384278.42,
                "Total Cost": 1177731.18,
                "Plan Rows": 33059658,
                "Plan Width": 0,
                "Actual Startup Time": 2454.991,
                "Actual Total Time": 10175.144,
                "Actual Rows": 21108279,
                "Actual Loops": 2,
                "Inner Unique": false,
                "Hash Cond": "(ci.movie_id = t.id)",
                "Plans": [
                  {
                    "Node Type": "Seq Scan",
                    "Parent Relationship": "Outer",
                    "Parallel Aware": true,
                    "Relation Name": "cast_info",
                    "Alias": "ci",
                    "Startup Cost": 0.0,
                    "Total Cost": 465792.95,
                    "Plan Rows": 21310595,
                    "Plan Width": 4,
                    "Actual Startup Time": 0.019,
                    "Actual Total Time": 1360.964,
                    "Actual Rows": 18122172,
                    "Actual Loops": 2
                  },
                  {
                    "Node Type": "Hash",
                    "Parent Relationship": "Inner",
                    "Parallel Aware": true,
                    "Startup Cost": 355438.68,
                    "Total Cost": 355438.68,
                    "Plan Rows": 2307179,
                    "Plan Width": 8,
                    "Actual Startup Time": 2433.428,
                    "Actual Total Time": 2433.432,
                    "Actual Rows": 1075288,
                    "Actual Loops": 2,
                    "Hash Buckets": 4194304,
                    "Original Hash Buckets": 4194304,
                    "Hash Batches": 1,
                    "Original Hash Batches": 1,
                    "Peak Memory Usage": 116928,
                    "Plans": [
                      {
                        "Node Type": "Hash Join",
                        "Parent Relationship": "Outer",
                        "Parallel Aware": true,
                        "Join Type": "Inner",
                        "Startup Cost": 63642.57,
                        "Total Cost": 355438.68,
                        "Plan Rows": 2307179,
                        "Plan Width": 8,
                        "Actual Startup Time": 231.324,
                        "Actual Total Time": 2121.257,
                        "Actual Rows": 1075288,
                        "Actual Loops": 2,
                        "Inner Unique": true,
                        "Hash Cond": "(mi.movie_id = t.id)",
                        "Plans": [
                          {
                            "Node Type": "Seq Scan",
                            "Parent Relationship": "Outer",
                            "Parallel Aware": true,
                            "Relation Name": "movie_info",
                            "Alias": "mi",
                            "Startup Cost": 0.0,
                            "Total Cost": 270696.42,
                            "Plan Rows": 8037966,
                            "Plan Width": 4,
                            "Actual Startup Time": 0.011,
                            "Actual Total Time": 794.897,
                            "Actual Rows": 6881555,
                            "Actual Loops": 2,
                            "Filter": "(info_type_id < 75)",
                            "Rows Removed by Filter": 536305
                          },
                          {
                            "Node Type": "Hash",
                            "Parent Relationship": "Inner",
                            "Parallel Aware": true,
                            "Startup Cost": 58306.47,
                            "Total Cost": 58306.47,
                            "Plan Rows": 426888,
                            "Plan Width": 4,
                            "Actual Startup Time": 228.245,
                            "Actual Total Time": 228.246,
                            "Actual Rows": 323222,
                            "Actual Loops": 2,
                            "Hash Buckets": 1048576,
                            "Original Hash Buckets": 1048576,
                            "Hash Batches": 1,
                            "Original Hash Batches": 1,
                            "Peak Memory Usage": 33504,
                            "Plans": [
                              {
                                "Node Type": "Seq Scan",
                                "Parent Relationship": "Outer",
                                "Parallel Aware": true,
                                "Relation Name": "title",
                                "Alias": "t",
                                "Startup Cost": 0.0,
                                "Total Cost": 58306.47,
                                "Plan Rows": 426888,
                                "Plan Width": 4,
                                "Actual Startup Time": 0.029,
                                "Actual Total Time": 150.746,
                                "Actual Rows": 323222,
                                "Actual Loops": 2,
                                "Filter": "((kind_id > 4) AND (production_year < 2003))",
                                "Rows Removed by Filter": 940934
                              }
                            ]
                          }
                        ]
                      }
                    ]
                  }
                ]
              }
            ]
          }
        ]
      }
    ]
  },
  "Planning Time": 1.088,
  "Triggers": [],
  "Execution Time": 11170.881
}