{
    "Plan": {
        "Node Type": "Aggregate",
        "Strategy": "Plain",
        "Partial Mode": "Simple",
        "Parallel Aware": false,
        "Startup Cost": 70001196703.4,
        "Total Cost": 70001196703.41,
        "Plan Rows": 1,
        "Plan Width": 96,
        "Actual Startup Time": 4229.981,
        "Actual Total Time": 4263.787,
        "Actual Rows": 1,
        "Actual Loops": 1,
        "Output": [
            "min(chn.name)",
            "min(n.name)",
            "min(t.title)"
        ],
        "Plans": [
            {
                "Node Type": "Nested Loop",
                "Parent Relationship": "Outer",
                "Parallel Aware": false,
                "Join Type": "Inner",
                "Startup Cost": 70001056208.29,
                "Total Cost": 70001196703.39,
                "Plan Rows": 1,
                "Plan Width": 48,
                "Actual Startup Time": 3801.033,
                "Actual Total Time": 4263.757,
                "Actual Rows": 45,
                "Actual Loops": 1,
                "Output": [
                    "chn.name",
                    "n.name",
                    "t.title"
                ],
                "Inner Unique": true,
                "Join Filter": "(ci.person_id = n.id)",
                "Rows Removed by Join Filter": 0,
                "Plans": [
                    {
                        "Node Type": "Hash Join",
                        "Parent Relationship": "Outer",
                        "Parallel Aware": false,
                        "Join Type": "Inner",
                        "Startup Cost": 60001056207.79,
                        "Total Cost": 60001196698.86,
                        "Plan Rows": 1,
                        "Plan Width": 41,
                        "Actual Startup Time": 2811.07,
                        "Actual Total Time": 4262.875,
                        "Actual Rows": 107,
                        "Actual Loops": 1,
                        "Output": [
                            "an.person_id",
                            "ci.person_id",
                            "chn.name",
                            "t.title"
                        ],
                        "Inner Unique": false,
                        "Hash Cond": "(chn.id = ci.person_role_id)",
                        "Plans": [
                            {
                                "Node Type": "Index Scan",
                                "Parent Relationship": "Outer",
                                "Parallel Aware": false,
                                "Scan Direction": "Forward",
                                "Index Name": "char_name_pkey",
                                "Relation Name": "char_name",
                                "Schema": "public",
                                "Alias": "chn",
                                "Startup Cost": 0.43,
                                "Total Cost": 128715.63,
                                "Plan Rows": 3140227,
                                "Plan Width": 20,
                                "Actual Startup Time": 0.02,
                                "Actual Total Time": 1216.117,
                                "Actual Rows": 3140339,
                                "Actual Loops": 1,
                                "Output": [
                                    "chn.id",
                                    "chn.name",
                                    "chn.imdb_index",
                                    "chn.imdb_id",
                                    "chn.name_pcode_nf",
                                    "chn.surname_pcode",
                                    "chn.md5sum"
                                ]
                            },
                            {
                                "Node Type": "Hash",
                                "Parent Relationship": "Inner",
                                "Parallel Aware": false,
                                "Startup Cost": 60001056207.35,
                                "Total Cost": 60001056207.35,
                                "Plan Rows": 1,
                                "Plan Width": 29,
                                "Actual Startup Time": 2797.704,
                                "Actual Total Time": 2831.506,
                                "Actual Rows": 107,
                                "Actual Loops": 1,
                                "Output": [
                                    "an.person_id",
                                    "ci.person_id",
                                    "ci.person_role_id",
                                    "t.title"
                                ],
                                "Hash Buckets": 1024,
                                "Original Hash Buckets": 1024,
                                "Hash Batches": 1,
                                "Original Hash Batches": 1,
                                "Peak Memory Usage": 15,
                                "Plans": [
                                    {
                                        "Node Type": "Merge Join",
                                        "Parent Relationship": "Outer",
                                        "Parallel Aware": false,
                                        "Join Type": "Inner",
                                        "Startup Cost": 60001056207.31,
                                        "Total Cost": 60001056207.35,
                                        "Plan Rows": 1,
                                        "Plan Width": 29,
                                        "Actual Startup Time": 2797.481,
                                        "Actual Total Time": 2831.472,
                                        "Actual Rows": 108,
                                        "Actual Loops": 1,
                                        "Output": [
                                            "an.person_id",
                                            "ci.person_id",
                                            "ci.person_role_id",
                                            "t.title"
                                        ],
                                        "Inner Unique": false,
                                        "Merge Cond": "(k.id = mk.keyword_id)",
                                        "Plans": [
                                            {
                                                "Node Type": "Sort",
                                                "Parent Relationship": "Outer",
                                                "Parallel Aware": false,
                                                "Startup Cost": 2961.59,
                                                "Total Cost": 2961.6,
                                                "Plan Rows": 4,
                                                "Plan Width": 4,
                                                "Actual Startup Time": 22.564,
                                                "Actual Total Time": 22.567,
                                                "Actual Rows": 4,
                                                "Actual Loops": 1,
                                                "Output": [
                                                    "k.id"
                                                ],
                                                "Sort Key": [
                                                    "k.id"
                                                ],
                                                "Sort Method": "quicksort",
                                                "Sort Space Used": 25,
                                                "Sort Space Type": "Memory",
                                                "Plans": [
                                                    {
                                                        "Node Type": "Seq Scan",
                                                        "Parent Relationship": "Outer",
                                                        "Parallel Aware": false,
                                                        "Relation Name": "keyword",
                                                        "Schema": "public",
                                                        "Alias": "k",
                                                        "Startup Cost": 0.0,
                                                        "Total Cost": 2961.55,
                                                        "Plan Rows": 4,
                                                        "Plan Width": 4,
                                                        "Actual Startup Time": 0.052,
                                                        "Actual Total Time": 22.555,
                                                        "Actual Rows": 4,
                                                        "Actual Loops": 1,
                                                        "Output": [
                                                            "k.id"
                                                        ],
                                                        "Filter": "(k.keyword = ANY ('{violence,revenge,fight,martial-arts}'::text[]))",
                                                        "Rows Removed by Filter": 134166
                                                    }
                                                ]
                                            },
                                            {
                                                "Node Type": "Sort",
                                                "Parent Relationship": "Inner",
                                                "Parallel Aware": false,
                                                "Startup Cost": 60001053245.72,
                                                "Total Cost": 60001053245.73,
                                                "Plan Rows": 1,
                                                "Plan Width": 33,
                                                "Actual Startup Time": 2774.894,
                                                "Actual Total Time": 2808.766,
                                                "Actual Rows": 1255,
                                                "Actual Loops": 1,
                                                "Output": [
                                                    "an.person_id",
                                                    "ci.person_id",
                                                    "ci.person_role_id",
                                                    "mk.keyword_id",
                                                    "t.title"
                                                ],
                                                "Sort Key": [
                                                    "mk.keyword_id"
                                                ],
                                                "Sort Method": "quicksort",
                                                "Sort Space Used": 295,
                                                "Sort Space Type": "Memory",
                                                "Plans": [
                                                    {
                                                        "Node Type": "Merge Join",
                                                        "Parent Relationship": "Outer",
                                                        "Parallel Aware": false,
                                                        "Join Type": "Inner",
                                                        "Startup Cost": 60001053233.48,
                                                        "Total Cost": 60001053245.71,
                                                        "Plan Rows": 1,
                                                        "Plan Width": 33,
                                                        "Actual Startup Time": 2773.584,
                                                        "Actual Total Time": 2807.988,
                                                        "Actual Rows": 2386,
                                                        "Actual Loops": 1,
                                                        "Output": [
                                                            "an.person_id",
                                                            "ci.person_id",
                                                            "ci.person_role_id",
                                                            "mk.keyword_id",
                                                            "t.title"
                                                        ],
                                                        "Inner Unique": false,
                                                        "Merge Cond": "(rt.id = ci.role_id)",
                                                        "Plans": [
                                                            {
                                                                "Node Type": "Index Scan",
                                                                "Parent Relationship": "Outer",
                                                                "Parallel Aware": false,
                                                                "Scan Direction": "Forward",
                                                                "Index Name": "role_type_pkey",
                                                                "Relation Name": "role_type",
                                                                "Schema": "public",
                                                                "Alias": "rt",
                                                                "Startup Cost": 0.14,
                                                                "Total Cost": 12.35,
                                                                "Plan Rows": 1,
                                                                "Plan Width": 4,
                                                                "Actual Startup Time": 0.009,
                                                                "Actual Total Time": 0.021,
                                                                "Actual Rows": 1,
                                                                "Actual Loops": 1,
                                                                "Output": [
                                                                    "rt.id",
                                                                    "rt.role"
                                                                ],
                                                                "Filter": "((rt.role)::text = 'actress'::text)",
                                                                "Rows Removed by Filter": 11
                                                            },
                                                            {
                                                                "Node Type": "Sort",
                                                                "Parent Relationship": "Inner",
                                                                "Parallel Aware": false,
                                                                "Startup Cost": 60001053233.35,
                                                                "Total Cost": 60001053233.35,
                                                                "Plan Rows": 1,
                                                                "Plan Width": 37,
                                                                "Actual Startup Time": 2771.682,
                                                                "Actual Total Time": 2806.354,
                                                                "Actual Rows": 15140,
                                                                "Actual Loops": 1,
                                                                "Output": [
                                                                    "an.person_id",
                                                                    "ci.person_id",
                                                                    "ci.role_id",
                                                                    "ci.person_role_id",
                                                                    "mk.keyword_id",
                                                                    "t.title"
                                                                ],
                                                                "Sort Key": [
                                                                    "ci.role_id"
                                                                ],
                                                                "Sort Method": "quicksort",
                                                                "Sort Space Used": 1594,
                                                                "Sort Space Type": "Memory",
                                                                "Plans": [
                                                                    {
                                                                        "Node Type": "Gather",
                                                                        "Parent Relationship": "Outer",
                                                                        "Parallel Aware": false,
                                                                        "Startup Cost": 60001053232.57,
                                                                        "Total Cost": 60001053233.34,
                                                                        "Plan Rows": 1,
                                                                        "Plan Width": 37,
                                                                        "Actual Startup Time": 2739.109,
                                                                        "Actual Total Time": 2803.577,
                                                                        "Actual Rows": 15140,
                                                                        "Actual Loops": 1,
                                                                        "Output": [
                                                                            "an.person_id",
                                                                            "ci.person_id",
                                                                            "ci.role_id",
                                                                            "ci.person_role_id",
                                                                            "mk.keyword_id",
                                                                            "t.title"
                                                                        ],
                                                                        "Workers Planned": 4,
                                                                        "Workers Launched": 4,
                                                                        "Single Copy": false,
                                                                        "Plans": [
                                                                            {
                                                                                "Node Type": "Hash Join",
                                                                                "Parent Relationship": "Outer",
                                                                                "Parallel Aware": true,
                                                                                "Join Type": "Inner",
                                                                                "Startup Cost": 60001052232.57,
                                                                                "Total Cost": 60001052233.24,
                                                                                "Plan Rows": 1,
                                                                                "Plan Width": 37,
                                                                                "Actual Startup Time": 2713.924,
                                                                                "Actual Total Time": 2716.784,
                                                                                "Actual Rows": 3028,
                                                                                "Actual Loops": 5,
                                                                                "Output": [
                                                                                    "an.person_id",
                                                                                    "ci.person_id",
                                                                                    "ci.role_id",
                                                                                    "ci.person_role_id",
                                                                                    "mk.keyword_id",
                                                                                    "t.title"
                                                                                ],
                                                                                "Inner Unique": false,
                                                                                "Hash Cond": "(t.id = mk.movie_id)",
                                                                                "Workers": [
                                                                                    {
                                                                                        "Worker Number": 0,
                                                                                        "Actual Startup Time": 2707.764,
                                                                                        "Actual Total Time": 2707.772,
                                                                                        "Actual Rows": 0,
                                                                                        "Actual Loops": 1
                                                                                    },
                                                                                    {
                                                                                        "Worker Number": 1,
                                                                                        "Actual Startup Time": 2707.89,
                                                                                        "Actual Total Time": 2707.902,
                                                                                        "Actual Rows": 0,
                                                                                        "Actual Loops": 1
                                                                                    },
                                                                                    {
                                                                                        "Worker Number": 2,
                                                                                        "Actual Startup Time": 2707.865,
                                                                                        "Actual Total Time": 2722.115,
                                                                                        "Actual Rows": 15140,
                                                                                        "Actual Loops": 1
                                                                                    },
                                                                                    {
                                                                                        "Worker Number": 3,
                                                                                        "Actual Startup Time": 2707.817,
                                                                                        "Actual Total Time": 2707.829,
                                                                                        "Actual Rows": 0,
                                                                                        "Actual Loops": 1
                                                                                    }
                                                                                ],
                                                                                "Plans": [
                                                                                    {
                                                                                        "Node Type": "Nested Loop",
                                                                                        "Parent Relationship": "Outer",
                                                                                        "Parallel Aware": false,
                                                                                        "Join Type": "Inner",
                                                                                        "Startup Cost": 50000994943.59,
                                                                                        "Total Cost": 50000994943.76,
                                                                                        "Plan Rows": 1,
                                                                                        "Plan Width": 49,
                                                                                        "Actual Startup Time": 2214.225,
                                                                                        "Actual Total Time": 2214.997,
                                                                                        "Actual Rows": 77,
                                                                                        "Actual Loops": 5,
                                                                                        "Output": [
                                                                                            "an.person_id",
                                                                                            "ci.movie_id",
                                                                                            "ci.person_id",
                                                                                            "ci.role_id",
                                                                                            "ci.person_role_id",
                                                                                            "mc.movie_id",
                                                                                            "mi.movie_id",
                                                                                            "t.title",
                                                                                            "t.id"
                                                                                        ],
                                                                                        "Inner Unique": false,
                                                                                        "Workers": [
                                                                                            {
                                                                                                "Worker Number": 0,
                                                                                                "Actual Startup Time": 2214.229,
                                                                                                "Actual Total Time": 2214.235,
                                                                                                "Actual Rows": 0,
                                                                                                "Actual Loops": 1
                                                                                            },
                                                                                            {
                                                                                                "Worker Number": 1,
                                                                                                "Actual Startup Time": 2214.244,
                                                                                                "Actual Total Time": 2214.254,
                                                                                                "Actual Rows": 0,
                                                                                                "Actual Loops": 1
                                                                                            },
                                                                                            {
                                                                                                "Worker Number": 2,
                                                                                                "Actual Startup Time": 2214.332,
                                                                                                "Actual Total Time": 2218.149,
                                                                                                "Actual Rows": 385,
                                                                                                "Actual Loops": 1
                                                                                            },
                                                                                            {
                                                                                                "Worker Number": 3,
                                                                                                "Actual Startup Time": 2214.165,
                                                                                                "Actual Total Time": 2214.176,
                                                                                                "Actual Rows": 0,
                                                                                                "Actual Loops": 1
                                                                                            }
                                                                                        ],
                                                                                        "Plans": [
                                                                                            {
                                                                                                "Node Type": "Hash Join",
                                                                                                "Parent Relationship": "Outer",
                                                                                                "Parallel Aware": true,
                                                                                                "Join Type": "Inner",
                                                                                                "Startup Cost": 50000994943.17,
                                                                                                "Total Cost": 50000994943.21,
                                                                                                "Plan Rows": 1,
                                                                                                "Plan Width": 45,
                                                                                                "Actual Startup Time": 2214.206,
                                                                                                "Actual Total Time": 2214.631,
                                                                                                "Actual Rows": 29,
                                                                                                "Actual Loops": 5,
                                                                                                "Output": [
                                                                                                    "ci.movie_id",
                                                                                                    "ci.person_id",
                                                                                                    "ci.role_id",
                                                                                                    "ci.person_role_id",
                                                                                                    "mc.movie_id",
                                                                                                    "mi.movie_id",
                                                                                                    "t.title",
                                                                                                    "t.id"
                                                                                                ],
                                                                                                "Inner Unique": false,
                                                                                                "Hash Cond": "(t.id = ci.movie_id)",
                                                                                                "Workers": [
                                                                                                    {
                                                                                                        "Worker Number": 0,
                                                                                                        "Actual Startup Time": 2214.228,
                                                                                                        "Actual Total Time": 2214.233,
                                                                                                        "Actual Rows": 0,
                                                                                                        "Actual Loops": 1
                                                                                                    },
                                                                                                    {
                                                                                                        "Worker Number": 1,
                                                                                                        "Actual Startup Time": 2214.242,
                                                                                                        "Actual Total Time": 2214.251,
                                                                                                        "Actual Rows": 0,
                                                                                                        "Actual Loops": 1
                                                                                                    },
                                                                                                    {
                                                                                                        "Worker Number": 2,
                                                                                                        "Actual Startup Time": 2214.243,
                                                                                                        "Actual Total Time": 2216.336,
                                                                                                        "Actual Rows": 147,
                                                                                                        "Actual Loops": 1
                                                                                                    },
                                                                                                    {
                                                                                                        "Worker Number": 3,
                                                                                                        "Actual Startup Time": 2214.164,
                                                                                                        "Actual Total Time": 2214.173,
                                                                                                        "Actual Rows": 0,
                                                                                                        "Actual Loops": 1
                                                                                                    }
                                                                                                ],
                                                                                                "Plans": [
                                                                                                    {
                                                                                                        "Node Type": "Merge Join",
                                                                                                        "Parent Relationship": "Outer",
                                                                                                        "Parallel Aware": false,
                                                                                                        "Join Type": "Inner",
                                                                                                        "Startup Cost": 50000095012.57,
                                                                                                        "Total Cost": 50000095012.6,
                                                                                                        "Plan Rows": 1,
                                                                                                        "Plan Width": 29,
                                                                                                        "Actual Startup Time": 340.098,
                                                                                                        "Actual Total Time": 340.105,
                                                                                                        "Actual Rows": 1,
                                                                                                        "Actual Loops": 5,
                                                                                                        "Output": [
                                                                                                            "mc.movie_id",
                                                                                                            "mi.movie_id",
                                                                                                            "t.title",
                                                                                                            "t.id"
                                                                                                        ],
                                                                                                        "Inner Unique": false,
                                                                                                        "Merge Cond": "(mi.info_type_id = it.id)",
                                                                                                        "Workers": [
                                                                                                            {
                                                                                                                "Worker Number": 0,
                                                                                                                "Actual Startup Time": 340.118,
                                                                                                                "Actual Total Time": 340.122,
                                                                                                                "Actual Rows": 0,
                                                                                                                "Actual Loops": 1
                                                                                                            },
                                                                                                            {
                                                                                                                "Worker Number": 1,
                                                                                                                "Actual Startup Time": 340.105,
                                                                                                                "Actual Total Time": 340.113,
                                                                                                                "Actual Rows": 0,
                                                                                                                "Actual Loops": 1
                                                                                                            },
                                                                                                            {
                                                                                                                "Worker Number": 2,
                                                                                                                "Actual Startup Time": 340.117,
                                                                                                                "Actual Total Time": 340.129,
                                                                                                                "Actual Rows": 6,
                                                                                                                "Actual Loops": 1
                                                                                                            },
                                                                                                            {
                                                                                                                "Worker Number": 3,
                                                                                                                "Actual Startup Time": 340.019,
                                                                                                                "Actual Total Time": 340.026,
                                                                                                                "Actual Rows": 0,
                                                                                                                "Actual Loops": 1
                                                                                                            }
                                                                                                        ],
                                                                                                        "Plans": [
                                                                                                            {
                                                                                                                "Node Type": "Sort",
                                                                                                                "Parent Relationship": "Outer",
                                                                                                                "Parallel Aware": false,
                                                                                                                "Startup Cost": 40000095010.15,
                                                                                                                "Total Cost": 40000095010.15,
                                                                                                                "Plan Rows": 1,
                                                                                                                "Plan Width": 33,
                                                                                                                "Actual Startup Time": 340.081,
                                                                                                                "Actual Total Time": 340.087,
                                                                                                                "Actual Rows": 1,
                                                                                                                "Actual Loops": 5,
                                                                                                                "Output": [
                                                                                                                    "mc.movie_id",
                                                                                                                    "mi.movie_id",
                                                                                                                    "mi.info_type_id",
                                                                                                                    "t.title",
                                                                                                                    "t.id"
                                                                                                                ],
                                                                                                                "Sort Key": [
                                                                                                                    "mi.info_type_id"
                                                                                                                ],
                                                                                                                "Sort Method": "quicksort",
                                                                                                                "Sort Space Used": 25,
                                                                                                                "Sort Space Type": "Memory",
                                                                                                                "Workers": [
                                                                                                                    {
                                                                                                                        "Worker Number": 0,
                                                                                                                        "Actual Startup Time": 340.116,
                                                                                                                        "Actual Total Time": 340.12,
                                                                                                                        "Actual Rows": 0,
                                                                                                                        "Actual Loops": 1
                                                                                                                    },
                                                                                                                    {
                                                                                                                        "Worker Number": 1,
                                                                                                                        "Actual Startup Time": 340.104,
                                                                                                                        "Actual Total Time": 340.109,
                                                                                                                        "Actual Rows": 0,
                                                                                                                        "Actual Loops": 1
                                                                                                                    },
                                                                                                                    {
                                                                                                                        "Worker Number": 2,
                                                                                                                        "Actual Startup Time": 340.042,
                                                                                                                        "Actual Total Time": 340.048,
                                                                                                                        "Actual Rows": 6,
                                                                                                                        "Actual Loops": 1
                                                                                                                    },
                                                                                                                    {
                                                                                                                        "Worker Number": 3,
                                                                                                                        "Actual Startup Time": 340.017,
                                                                                                                        "Actual Total Time": 340.023,
                                                                                                                        "Actual Rows": 0,
                                                                                                                        "Actual Loops": 1
                                                                                                                    }
                                                                                                                ],
                                                                                                                "Plans": [
                                                                                                                    {
                                                                                                                        "Node Type": "Nested Loop",
                                                                                                                        "Parent Relationship": "Outer",
                                                                                                                        "Parallel Aware": false,
                                                                                                                        "Join Type": "Inner",
                                                                                                                        "Startup Cost": 40000000006.14,
                                                                                                                        "Total Cost": 40000095010.14,
                                                                                                                        "Plan Rows": 1,
                                                                                                                        "Plan Width": 33,
                                                                                                                        "Actual Startup Time": 327.275,
                                                                                                                        "Actual Total Time": 340.019,
                                                                                                                        "Actual Rows": 1,
                                                                                                                        "Actual Loops": 5,
                                                                                                                        "Output": [
                                                                                                                            "mc.movie_id",
                                                                                                                            "mi.movie_id",
                                                                                                                            "mi.info_type_id",
                                                                                                                            "t.title",
                                                                                                                            "t.id"
                                                                                                                        ],
                                                                                                                        "Inner Unique": false,
                                                                                                                        "Join Filter": "(t.id = mi.movie_id)",
                                                                                                                        "Rows Removed by Join Filter": 0,
                                                                                                                        "Workers": [
                                                                                                                            {
                                                                                                                                "Worker Number": 0,
                                                                                                                                "Actual Startup Time": 340.043,
                                                                                                                                "Actual Total Time": 340.047,
                                                                                                                                "Actual Rows": 0,
                                                                                                                                "Actual Loops": 1
                                                                                                                            },
                                                                                                                            {
                                                                                                                                "Worker Number": 1,
                                                                                                                                "Actual Startup Time": 340.015,
                                                                                                                                "Actual Total Time": 340.02,
                                                                                                                                "Actual Rows": 0,
                                                                                                                                "Actual Loops": 1
                                                                                                                            },
                                                                                                                            {
                                                                                                                                "Worker Number": 2,
                                                                                                                                "Actual Startup Time": 276.265,
                                                                                                                                "Actual Total Time": 339.965,
                                                                                                                                "Actual Rows": 6,
                                                                                                                                "Actual Loops": 1
                                                                                                                            },
                                                                                                                            {
                                                                                                                                "Worker Number": 3,
                                                                                                                                "Actual Startup Time": 339.936,
                                                                                                                                "Actual Total Time": 339.941,
                                                                                                                                "Actual Rows": 0,
                                                                                                                                "Actual Loops": 1
                                                                                                                            }
                                                                                                                        ],
                                                                                                                        "Plans": [
                                                                                                                            {
                                                                                                                                "Node Type": "Nested Loop",
                                                                                                                                "Parent Relationship": "Outer",
                                                                                                                                "Parallel Aware": false,
                                                                                                                                "Join Type": "Inner",
                                                                                                                                "Startup Cost": 30000000005.33,
                                                                                                                                "Total Cost": 30000095004.63,
                                                                                                                                "Plan Rows": 1,
                                                                                                                                "Plan Width": 25,
                                                                                                                                "Actual Startup Time": 279.785,
                                                                                                                                "Actual Total Time": 339.904,
                                                                                                                                "Actual Rows": 1,
                                                                                                                                "Actual Loops": 5,
                                                                                                                                "Output": [
                                                                                                                                    "mc.movie_id",
                                                                                                                                    "t.title",
                                                                                                                                    "t.id"
                                                                                                                                ],
                                                                                                                                "Inner Unique": true,
                                                                                                                                "Workers": [
                                                                                                                                    {
                                                                                                                                        "Worker Number": 0,
                                                                                                                                        "Actual Startup Time": 340.042,
                                                                                                                                        "Actual Total Time": 340.045,
                                                                                                                                        "Actual Rows": 0,
                                                                                                                                        "Actual Loops": 1
                                                                                                                                    },
                                                                                                                                    {
                                                                                                                                        "Worker Number": 1,
                                                                                                                                        "Actual Startup Time": 102.658,
                                                                                                                                        "Actual Total Time": 339.774,
                                                                                                                                        "Actual Rows": 1,
                                                                                                                                        "Actual Loops": 1
                                                                                                                                    },
                                                                                                                                    {
                                                                                                                                        "Worker Number": 2,
                                                                                                                                        "Actual Startup Time": 276.177,
                                                                                                                                        "Actual Total Time": 339.644,
                                                                                                                                        "Actual Rows": 4,
                                                                                                                                        "Actual Loops": 1
                                                                                                                                    },
                                                                                                                                    {
                                                                                                                                        "Worker Number": 3,
                                                                                                                                        "Actual Startup Time": 339.934,
                                                                                                                                        "Actual Total Time": 339.939,
                                                                                                                                        "Actual Rows": 0,
                                                                                                                                        "Actual Loops": 1
                                                                                                                                    }
                                                                                                                                ],
                                                                                                                                "Plans": [
                                                                                                                                    {
                                                                                                                                        "Node Type": "Nested Loop",
                                                                                                                                        "Parent Relationship": "Outer",
                                                                                                                                        "Parallel Aware": false,
                                                                                                                                        "Join Type": "Inner",
                                                                                                                                        "Startup Cost": 20000000004.9,
                                                                                                                                        "Total Cost": 20000094929.47,
                                                                                                                                        "Plan Rows": 16,
                                                                                                                                        "Plan Width": 29,
                                                                                                                                        "Actual Startup Time": 279.694,
                                                                                                                                        "Actual Total Time": 339.799,
                                                                                                                                        "Actual Rows": 8,
                                                                                                                                        "Actual Loops": 5,
                                                                                                                                        "Output": [
                                                                                                                                            "mc.movie_id",
                                                                                                                                            "mc.company_id",
                                                                                                                                            "t.title",
                                                                                                                                            "t.id"
                                                                                                                                        ],
                                                                                                                                        "Inner Unique": false,
                                                                                                                                        "Workers": [
                                                                                                                                            {
                                                                                                                                                "Worker Number": 0,
                                                                                                                                                "Actual Startup Time": 340.041,
                                                                                                                                                "Actual Total Time": 340.043,
                                                                                                                                                "Actual Rows": 0,
                                                                                                                                                "Actual Loops": 1
                                                                                                                                            },
                                                                                                                                            {
                                                                                                                                                "Worker Number": 1,
                                                                                                                                                "Actual Startup Time": 102.58,
                                                                                                                                                "Actual Total Time": 339.695,
                                                                                                                                                "Actual Rows": 4,
                                                                                                                                                "Actual Loops": 1
                                                                                                                                            },
                                                                                                                                            {
                                                                                                                                                "Worker Number": 2,
                                                                                                                                                "Actual Startup Time": 275.805,
                                                                                                                                                "Actual Total Time": 339.205,
                                                                                                                                                "Actual Rows": 34,
                                                                                                                                                "Actual Loops": 1
                                                                                                                                            },
                                                                                                                                            {
                                                                                                                                                "Worker Number": 3,
                                                                                                                                                "Actual Startup Time": 339.933,
                                                                                                                                                "Actual Total Time": 339.935,
                                                                                                                                                "Actual Rows": 0,
                                                                                                                                                "Actual Loops": 1
                                                                                                                                            }
                                                                                                                                        ],
                                                                                                                                        "Plans": [
                                                                                                                                            {
                                                                                                                                                "Node Type": "Index Scan",
                                                                                                                                                "Parent Relationship": "Outer",
                                                                                                                                                "Parallel Aware": true,
                                                                                                                                                "Scan Direction": "Forward",
                                                                                                                                                "Index Name": "title_pkey",
                                                                                                                                                "Relation Name": "title",
                                                                                                                                                "Schema": "public",
                                                                                                                                                "Alias": "t",
                                                                                                                                                "Startup Cost": 10000000000.43,
                                                                                                                                                "Total Cost": 10000094540.09,
                                                                                                                                                "Plan Rows": 16,
                                                                                                                                                "Plan Width": 21,
                                                                                                                                                "Actual Startup Time": 148.241,
                                                                                                                                                "Actual Total Time": 339.733,
                                                                                                                                                "Actual Rows": 2,
                                                                                                                                                "Actual Loops": 5,
                                                                                                                                                "Output": [
                                                                                                                                                    "t.id",
                                                                                                                                                    "t.title",
                                                                                                                                                    "t.imdb_index",
                                                                                                                                                    "t.kind_id",
                                                                                                                                                    "t.production_year",
                                                                                                                                                    "t.imdb_id",
                                                                                                                                                    "t.phonetic_code",
                                                                                                                                                    "t.episode_of_id",
                                                                                                                                                    "t.season_nr",
                                                                                                                                                    "t.episode_nr",
                                                                                                                                                    "t.series_years",
                                                                                                                                                    "t.md5sum"
                                                                                                                                                ],
                                                                                                                                                "Filter": "((t.title ~~ 'Kung Fu Panda%'::text) AND (t.production_year > 2008))",
                                                                                                                                                "Rows Removed by Filter": 505661,
                                                                                                                                                "Workers": [
                                                                                                                                                    {
                                                                                                                                                        "Worker Number": 0,
                                                                                                                                                        "Actual Startup Time": 97.035,
                                                                                                                                                        "Actual Total Time": 340.004,
                                                                                                                                                        "Actual Rows": 1,
                                                                                                                                                        "Actual Loops": 1
                                                                                                                                                    },
                                                                                                                                                    {
                                                                                                                                                        "Worker Number": 1,
                                                                                                                                                        "Actual Startup Time": 102.52,
                                                                                                                                                        "Actual Total Time": 339.623,
                                                                                                                                                        "Actual Rows": 1,
                                                                                                                                                        "Actual Loops": 1
                                                                                                                                                    },
                                                                                                                                                    {
                                                                                                                                                        "Worker Number": 2,
                                                                                                                                                        "Actual Startup Time": 275.744,
                                                                                                                                                        "Actual Total Time": 339.09,
                                                                                                                                                        "Actual Rows": 5,
                                                                                                                                                        "Actual Loops": 1
                                                                                                                                                    },
                                                                                                                                                    {
                                                                                                                                                        "Worker Number": 3,
                                                                                                                                                        "Actual Startup Time": 81.947,
                                                                                                                                                        "Actual Total Time": 339.864,
                                                                                                                                                        "Actual Rows": 1,
                                                                                                                                                        "Actual Loops": 1
                                                                                                                                                    }
                                                                                                                                                ]
                                                                                                                                            },
                                                                                                                                            {
                                                                                                                                                "Node Type": "Bitmap Heap Scan",
                                                                                                                                                "Parent Relationship": "Inner",
                                                                                                                                                "Parallel Aware": false,
                                                                                                                                                "Relation Name": "movie_companies",
                                                                                                                                                "Schema": "public",
                                                                                                                                                "Alias": "mc",
                                                                                                                                                "Startup Cost": 4.47,
                                                                                                                                                "Total Cost": 24.29,
                                                                                                                                                "Plan Rows": 5,
                                                                                                                                                "Plan Width": 8,
                                                                                                                                                "Actual Startup Time": 0.023,
                                                                                                                                                "Actual Total Time": 0.026,
                                                                                                                                                "Actual Rows": 4,
                                                                                                                                                "Actual Loops": 9,
                                                                                                                                                "Output": [
                                                                                                                                                    "mc.id",
                                                                                                                                                    "mc.movie_id",
                                                                                                                                                    "mc.company_id",
                                                                                                                                                    "mc.company_type_id",
                                                                                                                                                    "mc.note"
                                                                                                                                                ],
                                                                                                                                                "Recheck Cond": "(mc.movie_id = t.id)",
                                                                                                                                                "Rows Removed by Index Recheck": 0,
                                                                                                                                                "Exact Heap Blocks": 0,
                                                                                                                                                "Lossy Heap Blocks": 0,
                                                                                                                                                "Workers": [
                                                                                                                                                    {
                                                                                                                                                        "Worker Number": 0,
                                                                                                                                                        "Actual Startup Time": 0.026,
                                                                                                                                                        "Actual Total Time": 0.026,
                                                                                                                                                        "Actual Rows": 0,
                                                                                                                                                        "Actual Loops": 1
                                                                                                                                                    },
                                                                                                                                                    {
                                                                                                                                                        "Worker Number": 1,
                                                                                                                                                        "Actual Startup Time": 0.047,
                                                                                                                                                        "Actual Total Time": 0.058,
                                                                                                                                                        "Actual Rows": 4,
                                                                                                                                                        "Actual Loops": 1
                                                                                                                                                    },
                                                                                                                                                    {
                                                                                                                                                        "Worker Number": 2,
                                                                                                                                                        "Actual Startup Time": 0.012,
                                                                                                                                                        "Actual Total Time": 0.017,
                                                                                                                                                        "Actual Rows": 7,
                                                                                                                                                        "Actual Loops": 5
                                                                                                                                                    },
                                                                                                                                                    {
                                                                                                                                                        "Worker Number": 3,
                                                                                                                                                        "Actual Startup Time": 0.053,
                                                                                                                                                        "Actual Total Time": 0.054,
                                                                                                                                                        "Actual Rows": 0,
                                                                                                                                                        "Actual Loops": 1
                                                                                                                                                    }
                                                                                                                                                ],
                                                                                                                                                "Plans": [
                                                                                                                                                    {
                                                                                                                                                        "Node Type": "Bitmap Index Scan",
                                                                                                                                                        "Parent Relationship": "Outer",
                                                                                                                                                        "Parallel Aware": false,
                                                                                                                                                        "Index Name": "movie_id_movie_companies",
                                                                                                                                                        "Startup Cost": 0.0,
                                                                                                                                                        "Total Cost": 4.47,
                                                                                                                                                        "Plan Rows": 5,
                                                                                                                                                        "Plan Width": 0,
                                                                                                                                                        "Actual Startup Time": 0.019,
                                                                                                                                                        "Actual Total Time": 0.019,
                                                                                                                                                        "Actual Rows": 4,
                                                                                                                                                        "Actual Loops": 9,
                                                                                                                                                        "Index Cond": "(mc.movie_id = t.id)",
                                                                                                                                                        "Workers": [
                                                                                                                                                            {
                                                                                                                                                                "Worker Number": 0,
                                                                                                                                                                "Actual Startup Time": 0.022,
                                                                                                                                                                "Actual Total Time": 0.022,
                                                                                                                                                                "Actual Rows": 0,
                                                                                                                                                                "Actual Loops": 1
                                                                                                                                                            },
                                                                                                                                                            {
                                                                                                                                                                "Worker Number": 1,
                                                                                                                                                                "Actual Startup Time": 0.042,
                                                                                                                                                                "Actual Total Time": 0.042,
                                                                                                                                                                "Actual Rows": 4,
                                                                                                                                                                "Actual Loops": 1
                                                                                                                                                            },
                                                                                                                                                            {
                                                                                                                                                                "Worker Number": 2,
                                                                                                                                                                "Actual Startup Time": 0.01,
                                                                                                                                                                "Actual Total Time": 0.01,
                                                                                                                                                                "Actual Rows": 7,
                                                                                                                                                                "Actual Loops": 5
                                                                                                                                                            },
                                                                                                                                                            {
                                                                                                                                                                "Worker Number": 3,
                                                                                                                                                                "Actual Startup Time": 0.048,
                                                                                                                                                                "Actual Total Time": 0.049,
                                                                                                                                                                "Actual Rows": 0,
                                                                                                                                                                "Actual Loops": 1
                                                                                                                                                            }
                                                                                                                                                        ]
                                                                                                                                                    }
                                                                                                                                                ]
                                                                                                                                            }
                                                                                                                                        ]
                                                                                                                                    },
                                                                                                                                    {
                                                                                                                                        "Node Type": "Bitmap Heap Scan",
                                                                                                                                        "Parent Relationship": "Inner",
                                                                                                                                        "Parallel Aware": false,
                                                                                                                                        "Relation Name": "company_name",
                                                                                                                                        "Schema": "public",
                                                                                                                                        "Alias": "cn",
                                                                                                                                        "Startup Cost": 0.43,
                                                                                                                                        "Total Cost": 4.45,
                                                                                                                                        "Plan Rows": 1,
                                                                                                                                        "Plan Width": 4,
                                                                                                                                        "Actual Startup Time": 0.012,
                                                                                                                                        "Actual Total Time": 0.012,
                                                                                                                                        "Actual Rows": 0,
                                                                                                                                        "Actual Loops": 38,
                                                                                                                                        "Output": [
                                                                                                                                            "cn.id",
                                                                                                                                            "cn.name",
                                                                                                                                            "cn.country_code",
                                                                                                                                            "cn.imdb_id",
                                                                                                                                            "cn.name_pcode_nf",
                                                                                                                                            "cn.name_pcode_sf",
                                                                                                                                            "cn.md5sum"
                                                                                                                                        ],
                                                                                                                                        "Recheck Cond": "(cn.id = mc.company_id)",
                                                                                                                                        "Rows Removed by Index Recheck": 0,
                                                                                                                                        "Filter": "(((cn.country_code)::text = '[us]'::text) AND (cn.name = 'DreamWorks Animation'::text))",
                                                                                                                                        "Rows Removed by Filter": 1,
                                                                                                                                        "Exact Heap Blocks": 0,
                                                                                                                                        "Lossy Heap Blocks": 0,
                                                                                                                                        "Workers": [
                                                                                                                                            {
                                                                                                                                                "Worker Number": 1,
                                                                                                                                                "Actual Startup Time": 0.016,
                                                                                                                                                "Actual Total Time": 0.016,
                                                                                                                                                "Actual Rows": 0,
                                                                                                                                                "Actual Loops": 4
                                                                                                                                            },
                                                                                                                                            {
                                                                                                                                                "Worker Number": 2,
                                                                                                                                                "Actual Startup Time": 0.011,
                                                                                                                                                "Actual Total Time": 0.011,
                                                                                                                                                "Actual Rows": 0,
                                                                                                                                                "Actual Loops": 34
                                                                                                                                            }
                                                                                                                                        ],
                                                                                                                                        "Plans": [
                                                                                                                                            {
                                                                                                                                                "Node Type": "Bitmap Index Scan",
                                                                                                                                                "Parent Relationship": "Outer",
                                                                                                                                                "Parallel Aware": false,
                                                                                                                                                "Index Name": "company_name_pkey",
                                                                                                                                                "Startup Cost": 0.0,
                                                                                                                                                "Total Cost": 0.43,
                                                                                                                                                "Plan Rows": 1,
                                                                                                                                                "Plan Width": 0,
                                                                                                                                                "Actual Startup Time": 0.008,
                                                                                                                                                "Actual Total Time": 0.008,
                                                                                                                                                "Actual Rows": 1,
                                                                                                                                                "Actual Loops": 38,
                                                                                                                                                "Index Cond": "(cn.id = mc.company_id)",
                                                                                                                                                "Workers": [
                                                                                                                                                    {
                                                                                                                                                        "Worker Number": 1,
                                                                                                                                                        "Actual Startup Time": 0.012,
                                                                                                                                                        "Actual Total Time": 0.012,
                                                                                                                                                        "Actual Rows": 1,
                                                                                                                                                        "Actual Loops": 4
                                                                                                                                                    },
                                                                                                                                                    {
                                                                                                                                                        "Worker Number": 2,
                                                                                                                                                        "Actual Startup Time": 0.007,
                                                                                                                                                        "Actual Total Time": 0.007,
                                                                                                                                                        "Actual Rows": 1,
                                                                                                                                                        "Actual Loops": 34
                                                                                                                                                    }
                                                                                                                                                ]
                                                                                                                                            }
                                                                                                                                        ]
                                                                                                                                    }
                                                                                                                                ]
                                                                                                                            },
                                                                                                                            {
                                                                                                                                "Node Type": "Bitmap Heap Scan",
                                                                                                                                "Parent Relationship": "Inner",
                                                                                                                                "Parallel Aware": false,
                                                                                                                                "Relation Name": "movie_info",
                                                                                                                                "Schema": "public",
                                                                                                                                "Alias": "mi",
                                                                                                                                "Startup Cost": 0.81,
                                                                                                                                "Total Cost": 5.49,
                                                                                                                                "Plan Rows": 1,
                                                                                                                                "Plan Width": 8,
                                                                                                                                "Actual Startup Time": 0.071,
                                                                                                                                "Actual Total Time": 0.109,
                                                                                                                                "Actual Rows": 1,
                                                                                                                                "Actual Loops": 5,
                                                                                                                                "Output": [
                                                                                                                                    "mi.id",
                                                                                                                                    "mi.movie_id",
                                                                                                                                    "mi.info_type_id",
                                                                                                                                    "mi.info",
                                                                                                                                    "mi.note"
                                                                                                                                ],
                                                                                                                                "Recheck Cond": "(mi.movie_id = mc.movie_id)",
                                                                                                                                "Rows Removed by Index Recheck": 0,
                                                                                                                                "Filter": "((mi.info IS NOT NULL) AND ((mi.info ~~ 'Japan:%201%'::text) OR (mi.info ~~ 'USA:%201%'::text)))",
                                                                                                                                "Rows Removed by Filter": 61,
                                                                                                                                "Exact Heap Blocks": 0,
                                                                                                                                "Lossy Heap Blocks": 0,
                                                                                                                                "Workers": [
                                                                                                                                    {
                                                                                                                                        "Worker Number": 1,
                                                                                                                                        "Actual Startup Time": 0.24,
                                                                                                                                        "Actual Total Time": 0.24,
                                                                                                                                        "Actual Rows": 0,
                                                                                                                                        "Actual Loops": 1
                                                                                                                                    },
                                                                                                                                    {
                                                                                                                                        "Worker Number": 2,
                                                                                                                                        "Actual Startup Time": 0.029,
                                                                                                                                        "Actual Total Time": 0.076,
                                                                                                                                        "Actual Rows": 2,
                                                                                                                                        "Actual Loops": 4
                                                                                                                                    }
                                                                                                                                ],
                                                                                                                                "Plans": [
                                                                                                                                    {
                                                                                                                                        "Node Type": "Bitmap Index Scan",
                                                                                                                                        "Parent Relationship": "Outer",
                                                                                                                                        "Parallel Aware": false,
                                                                                                                                        "Index Name": "movie_id_movie_info",
                                                                                                                                        "Startup Cost": 0.0,
                                                                                                                                        "Total Cost": 0.81,
                                                                                                                                        "Plan Rows": 39,
                                                                                                                                        "Plan Width": 0,
                                                                                                                                        "Actual Startup Time": 0.029,
                                                                                                                                        "Actual Total Time": 0.029,
                                                                                                                                        "Actual Rows": 62,
                                                                                                                                        "Actual Loops": 5,
                                                                                                                                        "Index Cond": "(mi.movie_id = mc.movie_id)",
                                                                                                                                        "Workers": [
                                                                                                                                            {
                                                                                                                                                "Worker Number": 1,
                                                                                                                                                "Actual Startup Time": 0.103,
                                                                                                                                                "Actual Total Time": 0.103,
                                                                                                                                                "Actual Rows": 15,
                                                                                                                                                "Actual Loops": 1
                                                                                                                                            },
                                                                                                                                            {
                                                                                                                                                "Worker Number": 2,
                                                                                                                                                "Actual Startup Time": 0.011,
                                                                                                                                                "Actual Total Time": 0.011,
                                                                                                                                                "Actual Rows": 74,
                                                                                                                                                "Actual Loops": 4
                                                                                                                                            }
                                                                                                                                        ]
                                                                                                                                    }
                                                                                                                                ]
                                                                                                                            }
                                                                                                                        ]
                                                                                                                    }
                                                                                                                ]
                                                                                                            },
                                                                                                            {
                                                                                                                "Node Type": "Sort",
                                                                                                                "Parent Relationship": "Inner",
                                                                                                                "Parallel Aware": false,
                                                                                                                "Startup Cost": 10000000002.42,
                                                                                                                "Total Cost": 10000000002.43,
                                                                                                                "Plan Rows": 1,
                                                                                                                "Plan Width": 4,
                                                                                                                "Actual Startup Time": 0.068,
                                                                                                                "Actual Total Time": 0.069,
                                                                                                                "Actual Rows": 1,
                                                                                                                "Actual Loops": 1,
                                                                                                                "Output": [
                                                                                                                    "it.id"
                                                                                                                ],
                                                                                                                "Sort Key": [
                                                                                                                    "it.id"
                                                                                                                ],
                                                                                                                "Workers": [
                                                                                                                    {
                                                                                                                        "Worker Number": 2,
                                                                                                                        "Actual Startup Time": 0.068,
                                                                                                                        "Actual Total Time": 0.069,
                                                                                                                        "Actual Rows": 1,
                                                                                                                        "Actual Loops": 1
                                                                                                                    }
                                                                                                                ],
                                                                                                                "Plans": [
                                                                                                                    {
                                                                                                                        "Node Type": "Seq Scan",
                                                                                                                        "Parent Relationship": "Outer",
                                                                                                                        "Parallel Aware": false,
                                                                                                                        "Relation Name": "info_type",
                                                                                                                        "Schema": "public",
                                                                                                                        "Alias": "it",
                                                                                                                        "Startup Cost": 10000000000.0,
                                                                                                                        "Total Cost": 10000000002.41,
                                                                                                                        "Plan Rows": 1,
                                                                                                                        "Plan Width": 4,
                                                                                                                        "Actual Startup Time": 0.043,
                                                                                                                        "Actual Total Time": 0.048,
                                                                                                                        "Actual Rows": 1,
                                                                                                                        "Actual Loops": 1,
                                                                                                                        "Output": [
                                                                                                                            "it.id"
                                                                                                                        ],
                                                                                                                        "Filter": "((it.info)::text = 'release dates'::text)",
                                                                                                                        "Rows Removed by Filter": 112,
                                                                                                                        "Workers": [
                                                                                                                            {
                                                                                                                                "Worker Number": 2,
                                                                                                                                "Actual Startup Time": 0.043,
                                                                                                                                "Actual Total Time": 0.048,
                                                                                                                                "Actual Rows": 1,
                                                                                                                                "Actual Loops": 1
                                                                                                                            }
                                                                                                                        ]
                                                                                                                    }
                                                                                                                ]
                                                                                                            }
                                                                                                        ]
                                                                                                    },
                                                                                                    {
                                                                                                        "Node Type": "Hash",
                                                                                                        "Parent Relationship": "Inner",
                                                                                                        "Parallel Aware": true,
                                                                                                        "Startup Cost": 898178.39,
                                                                                                        "Total Cost": 898178.39,
                                                                                                        "Plan Rows": 140177,
                                                                                                        "Plan Width": 16,
                                                                                                        "Actual Startup Time": 1872.948,
                                                                                                        "Actual Total Time": 1872.948,
                                                                                                        "Actual Rows": 173495,
                                                                                                        "Actual Loops": 5,
                                                                                                        "Output": [
                                                                                                            "ci.movie_id",
                                                                                                            "ci.person_id",
                                                                                                            "ci.role_id",
                                                                                                            "ci.person_role_id"
                                                                                                        ],
                                                                                                        "Hash Buckets": 1048576,
                                                                                                        "Original Hash Buckets": 1048576,
                                                                                                        "Hash Batches": 1,
                                                                                                        "Original Hash Batches": 1,
                                                                                                        "Peak Memory Usage": 48960,
                                                                                                        "Workers": [
                                                                                                            {
                                                                                                                "Worker Number": 0,
                                                                                                                "Actual Startup Time": 1874.054,
                                                                                                                "Actual Total Time": 1874.055,
                                                                                                                "Actual Rows": 170769,
                                                                                                                "Actual Loops": 1
                                                                                                            },
                                                                                                            {
                                                                                                                "Worker Number": 1,
                                                                                                                "Actual Startup Time": 1868.548,
                                                                                                                "Actual Total Time": 1868.549,
                                                                                                                "Actual Rows": 168087,
                                                                                                                "Actual Loops": 1
                                                                                                            },
                                                                                                            {
                                                                                                                "Worker Number": 2,
                                                                                                                "Actual Startup Time": 1874.069,
                                                                                                                "Actual Total Time": 1874.07,
                                                                                                                "Actual Rows": 170407,
                                                                                                                "Actual Loops": 1
                                                                                                            },
                                                                                                            {
                                                                                                                "Worker Number": 3,
                                                                                                                "Actual Startup Time": 1874.084,
                                                                                                                "Actual Total Time": 1874.085,
                                                                                                                "Actual Rows": 168169,
                                                                                                                "Actual Loops": 1
                                                                                                            }
                                                                                                        ],
                                                                                                        "Plans": [
                                                                                                            {
                                                                                                                "Node Type": "Index Scan",
                                                                                                                "Parent Relationship": "Outer",
                                                                                                                "Parallel Aware": true,
                                                                                                                "Scan Direction": "Forward",
                                                                                                                "Index Name": "role_id_cast_info",
                                                                                                                "Relation Name": "cast_info",
                                                                                                                "Schema": "public",
                                                                                                                "Alias": "ci",
                                                                                                                "Startup Cost": 0.56,
                                                                                                                "Total Cost": 898178.39,
                                                                                                                "Plan Rows": 140177,
                                                                                                                "Plan Width": 16,
                                                                                                                "Actual Startup Time": 0.149,
                                                                                                                "Actual Total Time": 1771.931,
                                                                                                                "Actual Rows": 173495,
                                                                                                                "Actual Loops": 5,
                                                                                                                "Output": [
                                                                                                                    "ci.movie_id",
                                                                                                                    "ci.person_id",
                                                                                                                    "ci.role_id",
                                                                                                                    "ci.person_role_id"
                                                                                                                ],
                                                                                                                "Filter": "(ci.note = ANY ('{(voice),\"(voice: Japanese version)\",\"(voice) (uncredited)\",\"(voice: English version)\"}'::text[]))",
                                                                                                                "Rows Removed by Filter": 7075373,
                                                                                                                "Workers": [
                                                                                                                    {
                                                                                                                        "Worker Number": 0,
                                                                                                                        "Actual Startup Time": 0.091,
                                                                                                                        "Actual Total Time": 1771.221,
                                                                                                                        "Actual Rows": 170769,
                                                                                                                        "Actual Loops": 1
                                                                                                                    },
                                                                                                                    {
                                                                                                                        "Worker Number": 1,
                                                                                                                        "Actual Startup Time": 0.114,
                                                                                                                        "Actual Total Time": 1770.222,
                                                                                                                        "Actual Rows": 168087,
                                                                                                                        "Actual Loops": 1
                                                                                                                    },
                                                                                                                    {
                                                                                                                        "Worker Number": 2,
                                                                                                                        "Actual Startup Time": 0.158,
                                                                                                                        "Actual Total Time": 1771.911,
                                                                                                                        "Actual Rows": 170407,
                                                                                                                        "Actual Loops": 1
                                                                                                                    },
                                                                                                                    {
                                                                                                                        "Worker Number": 3,
                                                                                                                        "Actual Startup Time": 0.104,
                                                                                                                        "Actual Total Time": 1779.829,
                                                                                                                        "Actual Rows": 168169,
                                                                                                                        "Actual Loops": 1
                                                                                                                    }
                                                                                                                ]
                                                                                                            }
                                                                                                        ]
                                                                                                    }
                                                                                                ]
                                                                                            },
                                                                                            {
                                                                                                "Node Type": "Index Scan",
                                                                                                "Parent Relationship": "Inner",
                                                                                                "Parallel Aware": false,
                                                                                                "Scan Direction": "Forward",
                                                                                                "Index Name": "person_id_aka_name",
                                                                                                "Relation Name": "aka_name",
                                                                                                "Schema": "public",
                                                                                                "Alias": "an",
                                                                                                "Startup Cost": 0.42,
                                                                                                "Total Cost": 0.53,
                                                                                                "Plan Rows": 2,
                                                                                                "Plan Width": 4,
                                                                                                "Actual Startup Time": 0.009,
                                                                                                "Actual Total Time": 0.011,
                                                                                                "Actual Rows": 3,
                                                                                                "Actual Loops": 147,
                                                                                                "Output": [
                                                                                                    "an.id",
                                                                                                    "an.person_id",
                                                                                                    "an.name",
                                                                                                    "an.imdb_index",
                                                                                                    "an.name_pcode_cf",
                                                                                                    "an.name_pcode_nf",
                                                                                                    "an.surname_pcode",
                                                                                                    "an.md5sum"
                                                                                                ],
                                                                                                "Index Cond": "(an.person_id = ci.person_id)",
                                                                                                "Rows Removed by Index Recheck": 0,
                                                                                                "Workers": [
                                                                                                    {
                                                                                                        "Worker Number": 2,
                                                                                                        "Actual Startup Time": 0.009,
                                                                                                        "Actual Total Time": 0.011,
                                                                                                        "Actual Rows": 3,
                                                                                                        "Actual Loops": 147
                                                                                                    }
                                                                                                ]
                                                                                            }
                                                                                        ]
                                                                                    },
                                                                                    {
                                                                                        "Node Type": "Hash",
                                                                                        "Parent Relationship": "Inner",
                                                                                        "Parallel Aware": true,
                                                                                        "Startup Cost": 10000039047.32,
                                                                                        "Total Cost": 10000039047.32,
                                                                                        "Plan Rows": 1459332,
                                                                                        "Plan Width": 8,
                                                                                        "Actual Startup Time": 485.025,
                                                                                        "Actual Total Time": 485.025,
                                                                                        "Actual Rows": 904786,
                                                                                        "Actual Loops": 5,
                                                                                        "Output": [
                                                                                            "mk.movie_id",
                                                                                            "mk.keyword_id"
                                                                                        ],
                                                                                        "Hash Buckets": 8388608,
                                                                                        "Original Hash Buckets": 8388608,
                                                                                        "Hash Batches": 1,
                                                                                        "Original Hash Batches": 1,
                                                                                        "Peak Memory Usage": 242560,
                                                                                        "Workers": [
                                                                                            {
                                                                                                "Worker Number": 0,
                                                                                                "Actual Startup Time": 492.893,
                                                                                                "Actual Total Time": 492.893,
                                                                                                "Actual Rows": 886335,
                                                                                                "Actual Loops": 1
                                                                                            },
                                                                                            {
                                                                                                "Worker Number": 1,
                                                                                                "Actual Startup Time": 492.974,
                                                                                                "Actual Total Time": 492.974,
                                                                                                "Actual Rows": 866540,
                                                                                                "Actual Loops": 1
                                                                                            },
                                                                                            {
                                                                                                "Worker Number": 2,
                                                                                                "Actual Startup Time": 492.912,
                                                                                                "Actual Total Time": 492.913,
                                                                                                "Actual Rows": 878505,
                                                                                                "Actual Loops": 1
                                                                                            },
                                                                                            {
                                                                                                "Worker Number": 3,
                                                                                                "Actual Startup Time": 492.983,
                                                                                                "Actual Total Time": 492.983,
                                                                                                "Actual Rows": 863765,
                                                                                                "Actual Loops": 1
                                                                                            }
                                                                                        ],
                                                                                        "Plans": [
                                                                                            {
                                                                                                "Node Type": "Seq Scan",
                                                                                                "Parent Relationship": "Outer",
                                                                                                "Parallel Aware": true,
                                                                                                "Relation Name": "movie_keyword",
                                                                                                "Schema": "public",
                                                                                                "Alias": "mk",
                                                                                                "Startup Cost": 10000000000.0,
                                                                                                "Total Cost": 10000039047.32,
                                                                                                "Plan Rows": 1459332,
                                                                                                "Plan Width": 8,
                                                                                                "Actual Startup Time": 0.045,
                                                                                                "Actual Total Time": 157.646,
                                                                                                "Actual Rows": 904786,
                                                                                                "Actual Loops": 5,
                                                                                                "Output": [
                                                                                                    "mk.movie_id",
                                                                                                    "mk.keyword_id"
                                                                                                ],
                                                                                                "Workers": [
                                                                                                    {
                                                                                                        "Worker Number": 0,
                                                                                                        "Actual Startup Time": 0.058,
                                                                                                        "Actual Total Time": 159.611,
                                                                                                        "Actual Rows": 886335,
                                                                                                        "Actual Loops": 1
                                                                                                    },
                                                                                                    {
                                                                                                        "Worker Number": 1,
                                                                                                        "Actual Startup Time": 0.036,
                                                                                                        "Actual Total Time": 158.608,
                                                                                                        "Actual Rows": 866540,
                                                                                                        "Actual Loops": 1
                                                                                                    },
                                                                                                    {
                                                                                                        "Worker Number": 2,
                                                                                                        "Actual Startup Time": 0.066,
                                                                                                        "Actual Total Time": 158.331,
                                                                                                        "Actual Rows": 878505,
                                                                                                        "Actual Loops": 1
                                                                                                    },
                                                                                                    {
                                                                                                        "Worker Number": 3,
                                                                                                        "Actual Startup Time": 0.051,
                                                                                                        "Actual Total Time": 158.486,
                                                                                                        "Actual Rows": 863765,
                                                                                                        "Actual Loops": 1
                                                                                                    }
                                                                                                ]
                                                                                            }
                                                                                        ]
                                                                                    }
                                                                                ]
                                                                            }
                                                                        ]
                                                                    }
                                                                ]
                                                            }
                                                        ]
                                                    }
                                                ]
                                            }
                                        ]
                                    }
                                ]
                            }
                        ]
                    },
                    {
                        "Node Type": "Bitmap Heap Scan",
                        "Parent Relationship": "Inner",
                        "Parallel Aware": false,
                        "Relation Name": "name",
                        "Schema": "public",
                        "Alias": "n",
                        "Startup Cost": 0.5,
                        "Total Cost": 4.52,
                        "Plan Rows": 1,
                        "Plan Width": 19,
                        "Actual Startup Time": 0.005,
                        "Actual Total Time": 0.005,
                        "Actual Rows": 0,
                        "Actual Loops": 107,
                        "Output": [
                            "n.id",
                            "n.name",
                            "n.imdb_index",
                            "n.imdb_id",
                            "n.gender",
                            "n.name_pcode_cf",
                            "n.name_pcode_nf",
                            "n.surname_pcode",
                            "n.md5sum"
                        ],
                        "Recheck Cond": "(n.id = an.person_id)",
                        "Rows Removed by Index Recheck": 0,
                        "Filter": "((n.name ~~ '%An%'::text) AND ((n.gender)::text = 'f'::text))",
                        "Rows Removed by Filter": 1,
                        "Exact Heap Blocks": 107,
                        "Lossy Heap Blocks": 0,
                        "Plans": [
                            {
                                "Node Type": "Bitmap Index Scan",
                                "Parent Relationship": "Outer",
                                "Parallel Aware": false,
                                "Index Name": "name_pkey",
                                "Startup Cost": 0.0,
                                "Total Cost": 0.5,
                                "Plan Rows": 1,
                                "Plan Width": 0,
                                "Actual Startup Time": 0.003,
                                "Actual Total Time": 0.003,
                                "Actual Rows": 1,
                                "Actual Loops": 107,
                                "Index Cond": "(n.id = an.person_id)"
                            }
                        ]
                    }
                ]
            }
        ]
    },
    "Planning Time": 60.303,
    "Triggers": [],
    "Execution Time": 4264.031
}