[
  {
    "Plan": {
      "Node Type": "Aggregate",
      "Strategy": "Plain",
      "Partial Mode": "Finalize",
      "Parallel Aware": false,
      "Startup Cost": 339636.39,
      "Total Cost": 339636.4,
      "Plan Rows": 1,
      "Plan Width": 8,
      "Actual Startup Time": 404.319,
      "Actual Total Time": 425.575,
      "Actual Rows": 1,
      "Actual Loops": 1,
      "Plans": [
        {
          "Node Type": "Gather",
          "Parent Relationship": "Outer",
          "Parallel Aware": false,
          "Startup Cost": 339635.76,
          "Total Cost": 339636.37,
          "Plan Rows": 6,
          "Plan Width": 8,
          "Actual Startup Time": 404.196,
          "Actual Total Time": 425.566,
          "Actual Rows": 7,
          "Actual Loops": 1,
          "Workers Planned": 6,
          "Workers Launched": 6,
          "Single Copy": false,
          "Plans": [
            {
              "Node Type": "Aggregate",
              "Strategy": "Plain",
              "Partial Mode": "Partial",
              "Parent Relationship": "Outer",
              "Parallel Aware": false,
              "Startup Cost": 338635.76,
              "Total Cost": 338635.77,
              "Plan Rows": 1,
              "Plan Width": 8,
              "Actual Startup Time": 395.586,
              "Actual Total Time": 395.588,
              "Actual Rows": 1,
              "Actual Loops": 7,
              "Plans": [
                {
                  "Node Type": "Index Scan",
                  "Parent Relationship": "Outer",
                  "Parallel Aware": true,
                  "Scan Direction": "Forward",
                  "Index Name": "role_id_cast_info",
                  "Relation Name": "cast_info",
                  "Alias": "ci",
                  "Startup Cost": 0.56,
                  "Total Cost": 335235.55,
                  "Plan Rows": 1360086,
                  "Plan Width": 0,
                  "Actual Startup Time": 263.766,
                  "Actual Total Time": 372.089,
                  "Actual Rows": 516713,
                  "Actual Loops": 7,
                  "Index Cond": "(role_id < 2)",
                  "Rows Removed by Index Recheck": 0,
                  "Filter": "(person_id > 1234219)",
                  "Rows Removed by Filter": 1293385
                }
              ]
            }
          ]
        }
      ]
    },
    "Planning Time": 0.259,
    "Triggers": [],
    "Execution Time": 425.637
  }
]