[
  {
    "Plan": {
      "Node Type": "Aggregate",
      "Strategy": "Plain",
      "Partial Mode": "Finalize",
      "Parallel Aware": false,
      "Startup Cost": 73035.82,
      "Total Cost": 73035.83,
      "Plan Rows": 1,
      "Plan Width": 8,
      "Actual Startup Time": 114.662,
      "Actual Total Time": 129.509,
      "Actual Rows": 1,
      "Actual Loops": 1,
      "Plans": [
        {
          "Node Type": "Gather",
          "Parent Relationship": "Outer",
          "Parallel Aware": false,
          "Startup Cost": 73035.4,
          "Total Cost": 73035.81,
          "Plan Rows": 4,
          "Plan Width": 8,
          "Actual Startup Time": 114.548,
          "Actual Total Time": 129.501,
          "Actual Rows": 5,
          "Actual Loops": 1,
          "Workers Planned": 4,
          "Workers Launched": 4,
          "Single Copy": false,
          "Plans": [
            {
              "Node Type": "Aggregate",
              "Strategy": "Plain",
              "Partial Mode": "Partial",
              "Parent Relationship": "Outer",
              "Parallel Aware": false,
              "Startup Cost": 72035.4,
              "Total Cost": 72035.41,
              "Plan Rows": 1,
              "Plan Width": 8,
              "Actual Startup Time": 104.911,
              "Actual Total Time": 104.912,
              "Actual Rows": 1,
              "Actual Loops": 5,
              "Plans": [
                {
                  "Node Type": "Nested Loop",
                  "Parent Relationship": "Outer",
                  "Parallel Aware": false,
                  "Join Type": "Inner",
                  "Startup Cost": 0.43,
                  "Total Cost": 72033.84,
                  "Plan Rows": 624,
                  "Plan Width": 0,
                  "Actual Startup Time": 61.201,
                  "Actual Total Time": 104.879,
                  "Actual Rows": 173,
                  "Actual Loops": 5,
                  "Inner Unique": false,
                  "Plans": [
                    {
                      "Node Type": "Seq Scan",
                      "Parent Relationship": "Outer",
                      "Parallel Aware": true,
                      "Relation Name": "title",
                      "Alias": "t",
                      "Startup Cost": 0.0,
                      "Total Cost": 45479.1,
                      "Plan Rows": 3366,
                      "Plan Width": 4,
                      "Actual Startup Time": 60.413,
                      "Actual Total Time": 86.266,
                      "Actual Rows": 1620,
                      "Actual Loops": 5,
                      "Filter": "((kind_id = 1) AND (production_year = 2000))",
                      "Rows Removed by Filter": 504042
                    },
                    {
                      "Node Type": "Index Scan",
                      "Parent Relationship": "Inner",
                      "Parallel Aware": false,
                      "Scan Direction": "Forward",
                      "Index Name": "movie_id_movie_companies",
                      "Relation Name": "movie_companies",
                      "Alias": "mc",
                      "Startup Cost": 0.43,
                      "Total Cost": 7.88,
                      "Plan Rows": 1,
                      "Plan Width": 4,
                      "Actual Startup Time": 0.011,
                      "Actual Total Time": 0.011,
                      "Actual Rows": 0,
                      "Actual Loops": 8100,
                      "Index Cond": "(movie_id = t.id)",
                      "Rows Removed by Index Recheck": 0,
                      "Filter": "(company_id < 401)",
                      "Rows Removed by Filter": 2
                    }
                  ]
                }
              ]
            }
          ]
        }
      ]
    },
    "Planning Time": 0.761,
    "Triggers": [],
    "Execution Time": 129.584
  }
]