{
  "Plan": {
    "Node Type": "Aggregate",
    "Strategy": "Plain",
    "Partial Mode": "Finalize",
    "Parallel Aware": false,
    "Startup Cost": 111234.08,
    "Total Cost": 111234.09,
    "Plan Rows": 1,
    "Plan Width": 8,
    "Actual Startup Time": 839.03,
    "Actual Total Time": 897.988,
    "Actual Rows": 1,
    "Actual Loops": 1,
    "Plans": [
      {
        "Node Type": "Gather",
        "Parent Relationship": "Outer",
        "Parallel Aware": false,
        "Startup Cost": 111233.96,
        "Total Cost": 111234.07,
        "Plan Rows": 1,
        "Plan Width": 8,
        "Actual Startup Time": 838.198,
        "Actual Total Time": 897.977,
        "Actual Rows": 2,
        "Actual Loops": 1,
        "Workers Planned": 1,
        "Workers Launched": 1,
        "Single Copy": false,
        "Plans": [
          {
            "Node Type": "Aggregate",
            "Strategy": "Plain",
            "Partial Mode": "Partial",
            "Parent Relationship": "Outer",
            "Parallel Aware": false,
            "Startup Cost": 110233.96,
            "Total Cost": 110233.97,
            "Plan Rows": 1,
            "Plan Width": 8,
            "Actual Startup Time": 832.201,
            "Actual Total Time": 832.203,
            "Actual Rows": 1,
            "Actual Loops": 2,
            "Plans": [
              {
                "Node Type": "Nested Loop",
                "Parent Relationship": "Outer",
                "Parallel Aware": false,
                "Join Type": "Inner",
                "Startup Cost": 1.0,
                "Total Cost": 109962.34,
                "Plan Rows": 108648,
                "Plan Width": 0,
                "Actual Startup Time": 0.936,
                "Actual Total Time": 778.657,
                "Actual Rows": 1001422,
                "Actual Loops": 2,
                "Inner Unique": false,
                "Join Filter": "(t.id = ci.movie_id)",
                "Rows Removed by Join Filter": 0,
                "Plans": [
                  {
                    "Node Type": "Nested Loop",
                    "Parent Relationship": "Outer",
                    "Parallel Aware": false,
                    "Join Type": "Inner",
                    "Startup Cost": 0.43,
                    "Total Cost": 94696.37,
                    "Plan Rows": 7582,
                    "Plan Width": 8,
                    "Actual Startup Time": 0.739,
                    "Actual Total Time": 190.524,
                    "Actual Rows": 21952,
                    "Actual Loops": 2,
                    "Inner Unique": false,
                    "Plans": [
                      {
                        "Node Type": "Seq Scan",
                        "Parent Relationship": "Outer",
                        "Parallel Aware": true,
                        "Relation Name": "title",
                        "Alias": "t",
                        "Startup Cost": 0.0,
                        "Total Cost": 58306.47,
                        "Plan Rows": 4238,
                        "Plan Width": 4,
                        "Actual Startup Time": 0.048,
                        "Actual Total Time": 144.677,
                        "Actual Rows": 4063,
                        "Actual Loops": 2,
                        "Filter": "((kind_id < 7) AND (production_year = 1987))",
                        "Rows Removed by Filter": 1260093
                      },
                      {
                        "Node Type": "Index Only Scan",
                        "Parent Relationship": "Inner",
                        "Parallel Aware": false,
                        "Scan Direction": "Forward",
                        "Index Name": "movie_id_movie_keyword",
                        "Relation Name": "movie_keyword",
                        "Alias": "mk",
                        "Startup Cost": 0.43,
                        "Total Cost": 8.14,
                        "Plan Rows": 45,
                        "Plan Width": 4,
                        "Actual Startup Time": 0.009,
                        "Actual Total Time": 0.01,
                        "Actual Rows": 5,
                        "Actual Loops": 8126,
                        "Index Cond": "(movie_id = t.id)",
                        "Rows Removed by Index Recheck": 0,
                        "Heap Fetches": 43904
                      }
                    ]
                  },
                  {
                    "Node Type": "Index Only Scan",
                    "Parent Relationship": "Inner",
                    "Parallel Aware": false,
                    "Scan Direction": "Forward",
                    "Index Name": "movie_id_cast_info",
                    "Relation Name": "cast_info",
                    "Alias": "ci",
                    "Startup Cost": 0.56,
                    "Total Cost": 1.55,
                    "Plan Rows": 37,
                    "Plan Width": 4,
                    "Actual Startup Time": 0.004,
                    "Actual Total Time": 0.022,
                    "Actual Rows": 46,
                    "Actual Loops": 43904,
                    "Index Cond": "(movie_id = mk.movie_id)",
                    "Rows Removed by Index Recheck": 0,
                    "Heap Fetches": 2002843
                  }
                ]
              }
            ]
          }
        ]
      }
    ]
  },
  "Planning Time": 1.023,
  "Triggers": [],
  "Execution Time": 898.089
}