[
  {
    "Plan": {
      "Node Type": "Aggregate",
      "Strategy": "Plain",
      "Partial Mode": "Finalize",
      "Parallel Aware": false,
      "Startup Cost": 26847.86,
      "Total Cost": 26847.87,
      "Plan Rows": 1,
      "Plan Width": 8,
      "Actual Startup Time": 69.877,
      "Actual Total Time": 74.408,
      "Actual Rows": 1,
      "Actual Loops": 1,
      "Plans": [
        {
          "Node Type": "Gather",
          "Parent Relationship": "Outer",
          "Parallel Aware": false,
          "Startup Cost": 26847.44,
          "Total Cost": 26847.85,
          "Plan Rows": 4,
          "Plan Width": 8,
          "Actual Startup Time": 69.769,
          "Actual Total Time": 74.401,
          "Actual Rows": 5,
          "Actual Loops": 1,
          "Workers Planned": 4,
          "Workers Launched": 4,
          "Single Copy": false,
          "Plans": [
            {
              "Node Type": "Aggregate",
              "Strategy": "Plain",
              "Partial Mode": "Partial",
              "Parent Relationship": "Outer",
              "Parallel Aware": false,
              "Startup Cost": 25847.44,
              "Total Cost": 25847.45,
              "Plan Rows": 1,
              "Plan Width": 8,
              "Actual Startup Time": 61.664,
              "Actual Total Time": 61.668,
              "Actual Rows": 1,
              "Actual Loops": 5,
              "Plans": [
                {
                  "Node Type": "Index Scan",
                  "Parent Relationship": "Outer",
                  "Parallel Aware": true,
                  "Scan Direction": "Forward",
                  "Index Name": "role_id_cast_info",
                  "Relation Name": "cast_info",
                  "Alias": "ci",
                  "Startup Cost": 0.56,
                  "Total Cost": 25284.63,
                  "Plan Rows": 225127,
                  "Plan Width": 0,
                  "Actual Startup Time": 0.225,
                  "Actual Total Time": 50.964,
                  "Actual Rows": 179678,
                  "Actual Loops": 5,
                  "Index Cond": "(role_id = 5)",
                  "Rows Removed by Index Recheck": 0,
                  "Filter": "(person_id < 4024578)",
                  "Rows Removed by Filter": 0
                }
              ]
            }
          ]
        }
      ]
    },
    "Planning Time": 0.31,
    "Triggers": [],
    "Execution Time": 74.469
  }
]