[
  {
    "Plan": {
      "Node Type": "Aggregate",
      "Strategy": "Plain",
      "Partial Mode": "Finalize",
      "Parallel Aware": false,
      "Startup Cost": 45009.25,
      "Total Cost": 45009.26,
      "Plan Rows": 1,
      "Plan Width": 8,
      "Actual Startup Time": 133.619,
      "Actual Total Time": 143.674,
      "Actual Rows": 1,
      "Actual Loops": 1,
      "Plans": [
        {
          "Node Type": "Gather",
          "Parent Relationship": "Outer",
          "Parallel Aware": false,
          "Startup Cost": 45008.93,
          "Total Cost": 45009.24,
          "Plan Rows": 3,
          "Plan Width": 8,
          "Actual Startup Time": 133.491,
          "Actual Total Time": 143.664,
          "Actual Rows": 4,
          "Actual Loops": 1,
          "Workers Planned": 3,
          "Workers Launched": 3,
          "Single Copy": false,
          "Plans": [
            {
              "Node Type": "Aggregate",
              "Strategy": "Plain",
              "Partial Mode": "Partial",
              "Parent Relationship": "Outer",
              "Parallel Aware": false,
              "Startup Cost": 44008.93,
              "Total Cost": 44008.94,
              "Plan Rows": 1,
              "Plan Width": 8,
              "Actual Startup Time": 126.819,
              "Actual Total Time": 126.82,
              "Actual Rows": 1,
              "Actual Loops": 4,
              "Plans": [
                {
                  "Node Type": "Seq Scan",
                  "Parent Relationship": "Outer",
                  "Parallel Aware": true,
                  "Relation Name": "movie_keyword",
                  "Alias": "mk",
                  "Startup Cost": 0.0,
                  "Total Cost": 42695.65,
                  "Plan Rows": 525311,
                  "Plan Width": 0,
                  "Actual Startup Time": 1.364,
                  "Actual Total Time": 107.706,
                  "Actual Rows": 408386,
                  "Actual Loops": 4,
                  "Filter": "(keyword_id > 9083)",
                  "Rows Removed by Filter": 722597
                }
              ]
            }
          ]
        }
      ]
    },
    "Planning Time": 0.191,
    "Triggers": [],
    "Execution Time": 143.754
  }
]