{
  "Plan": {
    "Node Type": "Aggregate",
    "Strategy": "Plain",
    "Partial Mode": "Finalize",
    "Parallel Aware": false,
    "Startup Cost": 379415.45,
    "Total Cost": 379415.46,
    "Plan Rows": 1,
    "Plan Width": 8,
    "Actual Startup Time": 1532.753,
    "Actual Total Time": 1571.314,
    "Actual Rows": 1,
    "Actual Loops": 1,
    "Plans": [
      {
        "Node Type": "Gather",
        "Parent Relationship": "Outer",
        "Parallel Aware": false,
        "Startup Cost": 379415.34,
        "Total Cost": 379415.45,
        "Plan Rows": 1,
        "Plan Width": 8,
        "Actual Startup Time": 1529.988,
        "Actual Total Time": 1571.306,
        "Actual Rows": 2,
        "Actual Loops": 1,
        "Workers Planned": 1,
        "Workers Launched": 1,
        "Single Copy": false,
        "Plans": [
          {
            "Node Type": "Aggregate",
            "Strategy": "Plain",
            "Partial Mode": "Partial",
            "Parent Relationship": "Outer",
            "Parallel Aware": false,
            "Startup Cost": 378415.34,
            "Total Cost": 378415.35,
            "Plan Rows": 1,
            "Plan Width": 8,
            "Actual Startup Time": 1521.773,
            "Actual Total Time": 1521.78,
            "Actual Rows": 1,
            "Actual Loops": 2,
            "Plans": [
              {
                "Node Type": "Hash Join",
                "Parent Relationship": "Outer",
                "Parallel Aware": true,
                "Join Type": "Inner",
                "Startup Cost": 100365.86,
                "Total Cost": 378333.17,
                "Plan Rows": 32868,
                "Plan Width": 0,
                "Actual Startup Time": 618.4,
                "Actual Total Time": 1502.777,
                "Actual Rows": 371974,
                "Actual Loops": 2,
                "Inner Unique": false,
                "Hash Cond": "(ci.movie_id = t.id)",
                "Plans": [
                  {
                    "Node Type": "Index Scan",
                    "Parent Relationship": "Outer",
                    "Parallel Aware": true,
                    "Scan Direction": "Forward",
                    "Index Name": "role_id_cast_info",
                    "Relation Name": "cast_info",
                    "Alias": "ci",
                    "Startup Cost": 0.56,
                    "Total Cost": 276001.42,
                    "Plan Rows": 472828,
                    "Plan Width": 4,
                    "Actual Startup Time": 123.994,
                    "Actual Total Time": 687.34,
                    "Actual Rows": 1625512,
                    "Actual Loops": 2,
                    "Index Cond": "(role_id > 5)",
                    "Rows Removed by Index Recheck": 0,
                    "Filter": "(person_id > 3463445)",
                    "Rows Removed by Filter": 2617646
                  },
                  {
                    "Node Type": "Hash",
                    "Parent Relationship": "Inner",
                    "Parallel Aware": true,
                    "Startup Cost": 99073.0,
                    "Total Cost": 99073.0,
                    "Plan Rows": 103384,
                    "Plan Width": 8,
                    "Actual Startup Time": 490.742,
                    "Actual Total Time": 490.747,
                    "Actual Rows": 99349,
                    "Actual Loops": 2,
                    "Hash Buckets": 262144,
                    "Original Hash Buckets": 262144,
                    "Hash Batches": 1,
                    "Original Hash Batches": 1,
                    "Peak Memory Usage": 9856,
                    "Plans": [
                      {
                        "Node Type": "Hash Join",
                        "Parent Relationship": "Outer",
                        "Parallel Aware": true,
                        "Join Type": "Inner",
                        "Startup Cost": 75755.12,
                        "Total Cost": 99073.0,
                        "Plan Rows": 103384,
                        "Plan Width": 8,
                        "Actual Startup Time": 323.536,
                        "Actual Total Time": 465.583,
                        "Actual Rows": 99349,
                        "Actual Loops": 2,
                        "Inner Unique": true,
                        "Hash Cond": "(mc.movie_id = t.id)",
                        "Plans": [
                          {
                            "Node Type": "Bitmap Heap Scan",
                            "Parent Relationship": "Outer",
                            "Parallel Aware": true,
                            "Relation Name": "movie_companies",
                            "Alias": "mc",
                            "Startup Cost": 11028.54,
                            "Total Cost": 33560.59,
                            "Plan Rows": 299364,
                            "Plan Width": 4,
                            "Actual Startup Time": 20.416,
                            "Actual Total Time": 77.127,
                            "Actual Rows": 252773,
                            "Actual Loops": 2,
                            "Recheck Cond": "(company_id < 459)",
                            "Rows Removed by Index Recheck": 0,
                            "Exact Heap Blocks": 11630,
                            "Lossy Heap Blocks": 0,
                            "Plans": [
                              {
                                "Node Type": "Bitmap Index Scan",
                                "Parent Relationship": "Outer",
                                "Parallel Aware": false,
                                "Index Name": "company_id_movie_companies",
                                "Startup Cost": 0.0,
                                "Total Cost": 10901.32,
                                "Plan Rows": 508918,
                                "Plan Width": 0,
                                "Actual Startup Time": 17.679,
                                "Actual Total Time": 17.679,
                                "Actual Rows": 505546,
                                "Actual Loops": 1,
                                "Index Cond": "(company_id < 459)"
                              }
                            ]
                          },
                          {
                            "Node Type": "Hash",
                            "Parent Relationship": "Inner",
                            "Parallel Aware": true,
                            "Startup Cost": 58306.47,
                            "Total Cost": 58306.47,
                            "Plan Rows": 513609,
                            "Plan Width": 4,
                            "Actual Startup Time": 295.868,
                            "Actual Total Time": 295.87,
                            "Actual Rows": 448394,
                            "Actual Loops": 2,
                            "Hash Buckets": 1048576,
                            "Original Hash Buckets": 1048576,
                            "Hash Batches": 1,
                            "Original Hash Batches": 1,
                            "Peak Memory Usage": 43296,
                            "Plans": [
                              {
                                "Node Type": "Seq Scan",
                                "Parent Relationship": "Outer",
                                "Parallel Aware": true,
                                "Relation Name": "title",
                                "Alias": "t",
                                "Startup Cost": 0.0,
                                "Total Cost": 58306.47,
                                "Plan Rows": 513609,
                                "Plan Width": 4,
                                "Actual Startup Time": 0.051,
                                "Actual Total Time": 179.436,
                                "Actual Rows": 448394,
                                "Actual Loops": 2,
                                "Filter": "((kind_id < 7) AND (production_year < 2012))",
                                "Rows Removed by Filter": 815762
                              }
                            ]
                          }
                        ]
                      }
                    ]
                  }
                ]
              }
            ]
          }
        ]
      }
    ]
  },
  "Planning Time": 1.045,
  "Triggers": [],
  "Execution Time": 1571.425
}