{
    "Plan": {
        "Node Type": "Aggregate",
        "Strategy": "Plain",
        "Partial Mode": "Finalize",
        "Parallel Aware": false,
        "Startup Cost": 462542.86,
        "Total Cost": 462542.87,
        "Plan Rows": 1,
        "Plan Width": 8,
        "Actual Startup Time": 1591.365,
        "Actual Total Time": 1651.0,
        "Actual Rows": 1,
        "Actual Loops": 1,
        "Output": [
            "count(*)"
        ],
        "Plans": [
            {
                "Node Type": "Gather",
                "Parent Relationship": "Outer",
                "Parallel Aware": false,
                "Startup Cost": 462542.23,
                "Total Cost": 462542.84,
                "Plan Rows": 6,
                "Plan Width": 8,
                "Actual Startup Time": 1574.303,
                "Actual Total Time": 1650.986,
                "Actual Rows": 7,
                "Actual Loops": 1,
                "Output": [
                    "(PARTIAL count(*))"
                ],
                "Workers Planned": 6,
                "Workers Launched": 6,
                "Single Copy": false,
                "Plans": [
                    {
                        "Node Type": "Aggregate",
                        "Strategy": "Plain",
                        "Partial Mode": "Partial",
                        "Parent Relationship": "Outer",
                        "Parallel Aware": false,
                        "Startup Cost": 461542.23,
                        "Total Cost": 461542.24,
                        "Plan Rows": 1,
                        "Plan Width": 8,
                        "Actual Startup Time": 1558.598,
                        "Actual Total Time": 1558.848,
                        "Actual Rows": 1,
                        "Actual Loops": 7,
                        "Output": [
                            "PARTIAL count(*)"
                        ],
                        "Workers": [
                            {
                                "Worker Number": 0,
                                "Actual Startup Time": 1556.647,
                                "Actual Total Time": 1556.653,
                                "Actual Rows": 1,
                                "Actual Loops": 1
                            },
                            {
                                "Worker Number": 1,
                                "Actual Startup Time": 1556.681,
                                "Actual Total Time": 1556.688,
                                "Actual Rows": 1,
                                "Actual Loops": 1
                            },
                            {
                                "Worker Number": 2,
                                "Actual Startup Time": 1556.478,
                                "Actual Total Time": 1556.484,
                                "Actual Rows": 1,
                                "Actual Loops": 1
                            },
                            {
                                "Worker Number": 3,
                                "Actual Startup Time": 1556.329,
                                "Actual Total Time": 1556.335,
                                "Actual Rows": 1,
                                "Actual Loops": 1
                            },
                            {
                                "Worker Number": 4,
                                "Actual Startup Time": 1556.328,
                                "Actual Total Time": 1556.335,
                                "Actual Rows": 1,
                                "Actual Loops": 1
                            },
                            {
                                "Worker Number": 5,
                                "Actual Startup Time": 1557.154,
                                "Actual Total Time": 1557.159,
                                "Actual Rows": 1,
                                "Actual Loops": 1
                            }
                        ],
                        "Plans": [
                            {
                                "Node Type": "Hash Join",
                                "Parent Relationship": "Outer",
                                "Parallel Aware": true,
                                "Join Type": "Inner",
                                "Startup Cost": 100982.65,
                                "Total Cost": 457908.15,
                                "Plan Rows": 1453633,
                                "Plan Width": 0,
                                "Actual Startup Time": 631.679,
                                "Actual Total Time": 1523.942,
                                "Actual Rows": 616967,
                                "Actual Loops": 7,
                                "Inner Unique": false,
                                "Hash Cond": "(ci.movie_id = t.id)",
                                "Workers": [
                                    {
                                        "Worker Number": 0,
                                        "Actual Startup Time": 629.826,
                                        "Actual Total Time": 1521.375,
                                        "Actual Rows": 535851,
                                        "Actual Loops": 1
                                    },
                                    {
                                        "Worker Number": 1,
                                        "Actual Startup Time": 629.882,
                                        "Actual Total Time": 1525.204,
                                        "Actual Rows": 765143,
                                        "Actual Loops": 1
                                    },
                                    {
                                        "Worker Number": 2,
                                        "Actual Startup Time": 629.643,
                                        "Actual Total Time": 1521.485,
                                        "Actual Rows": 527394,
                                        "Actual Loops": 1
                                    },
                                    {
                                        "Worker Number": 3,
                                        "Actual Startup Time": 629.634,
                                        "Actual Total Time": 1525.334,
                                        "Actual Rows": 753007,
                                        "Actual Loops": 1
                                    },
                                    {
                                        "Worker Number": 4,
                                        "Actual Startup Time": 629.576,
                                        "Actual Total Time": 1520.26,
                                        "Actual Rows": 547078,
                                        "Actual Loops": 1
                                    },
                                    {
                                        "Worker Number": 5,
                                        "Actual Startup Time": 629.451,
                                        "Actual Total Time": 1519.651,
                                        "Actual Rows": 573027,
                                        "Actual Loops": 1
                                    }
                                ],
                                "Plans": [
                                    {
                                        "Node Type": "Seq Scan",
                                        "Parent Relationship": "Outer",
                                        "Parallel Aware": true,
                                        "Relation Name": "cast_info",
                                        "Schema": "public",
                                        "Alias": "ci",
                                        "Startup Cost": 0.0,
                                        "Total Cost": 343318.94,
                                        "Plan Rows": 2377979,
                                        "Plan Width": 4,
                                        "Actual Startup Time": 231.815,
                                        "Actual Total Time": 757.361,
                                        "Actual Rows": 1736772,
                                        "Actual Loops": 7,
                                        "Output": [
                                            "ci.id",
                                            "ci.person_id",
                                            "ci.movie_id",
                                            "ci.person_role_id",
                                            "ci.note",
                                            "ci.nr_order",
                                            "ci.role_id"
                                        ],
                                        "Filter": "((ci.person_id > 1674218) AND (ci.role_id < 5))",
                                        "Rows Removed by Filter": 3440992,
                                        "Workers": [
                                            {
                                                "Worker Number": 0,
                                                "Actual Startup Time": 231.842,
                                                "Actual Total Time": 765.28,
                                                "Actual Rows": 1555192,
                                                "Actual Loops": 1
                                            },
                                            {
                                                "Worker Number": 1,
                                                "Actual Startup Time": 231.821,
                                                "Actual Total Time": 750.756,
                                                "Actual Rows": 2129420,
                                                "Actual Loops": 1
                                            },
                                            {
                                                "Worker Number": 2,
                                                "Actual Startup Time": 231.813,
                                                "Actual Total Time": 765.278,
                                                "Actual Rows": 1520191,
                                                "Actual Loops": 1
                                            },
                                            {
                                                "Worker Number": 3,
                                                "Actual Startup Time": 231.834,
                                                "Actual Total Time": 751.602,
                                                "Actual Rows": 2142954,
                                                "Actual Loops": 1
                                            },
                                            {
                                                "Worker Number": 4,
                                                "Actual Startup Time": 231.744,
                                                "Actual Total Time": 766.332,
                                                "Actual Rows": 1511190,
                                                "Actual Loops": 1
                                            },
                                            {
                                                "Worker Number": 5,
                                                "Actual Startup Time": 231.823,
                                                "Actual Total Time": 761.739,
                                                "Actual Rows": 1537772,
                                                "Actual Loops": 1
                                            }
                                        ]
                                    },
                                    {
                                        "Node Type": "Hash",
                                        "Parent Relationship": "Inner",
                                        "Parallel Aware": true,
                                        "Startup Cost": 94750.65,
                                        "Total Cost": 94750.65,
                                        "Plan Rows": 498560,
                                        "Plan Width": 8,
                                        "Actual Startup Time": 395.382,
                                        "Actual Total Time": 395.629,
                                        "Actual Rows": 58265,
                                        "Actual Loops": 7,
                                        "Output": [
                                            "t.id",
                                            "mk.movie_id"
                                        ],
                                        "Hash Buckets": 2097152,
                                        "Original Hash Buckets": 2097152,
                                        "Hash Batches": 1,
                                        "Original Hash Batches": 1,
                                        "Peak Memory Usage": 32416,
                                        "Workers": [
                                            {
                                                "Worker Number": 0,
                                                "Actual Startup Time": 397.257,
                                                "Actual Total Time": 397.261,
                                                "Actual Rows": 50707,
                                                "Actual Loops": 1
                                            },
                                            {
                                                "Worker Number": 1,
                                                "Actual Startup Time": 397.383,
                                                "Actual Total Time": 397.387,
                                                "Actual Rows": 72492,
                                                "Actual Loops": 1
                                            },
                                            {
                                                "Worker Number": 2,
                                                "Actual Startup Time": 397.175,
                                                "Actual Total Time": 397.179,
                                                "Actual Rows": 49824,
                                                "Actual Loops": 1
                                            },
                                            {
                                                "Worker Number": 3,
                                                "Actual Startup Time": 396.887,
                                                "Actual Total Time": 396.891,
                                                "Actual Rows": 73022,
                                                "Actual Loops": 1
                                            },
                                            {
                                                "Worker Number": 4,
                                                "Actual Startup Time": 396.814,
                                                "Actual Total Time": 396.819,
                                                "Actual Rows": 49476,
                                                "Actual Loops": 1
                                            },
                                            {
                                                "Worker Number": 5,
                                                "Actual Startup Time": 396.919,
                                                "Actual Total Time": 396.923,
                                                "Actual Rows": 51156,
                                                "Actual Loops": 1
                                            }
                                        ],
                                        "Plans": [
                                            {
                                                "Node Type": "Hash Join",
                                                "Parent Relationship": "Outer",
                                                "Parallel Aware": true,
                                                "Join Type": "Inner",
                                                "Startup Cost": 49452.7,
                                                "Total Cost": 94750.65,
                                                "Plan Rows": 498560,
                                                "Plan Width": 8,
                                                "Actual Startup Time": 203.515,
                                                "Actual Total Time": 364.073,
                                                "Actual Rows": 58265,
                                                "Actual Loops": 7,
                                                "Output": [
                                                    "t.id",
                                                    "mk.movie_id"
                                                ],
                                                "Inner Unique": true,
                                                "Hash Cond": "(mk.movie_id = t.id)",
                                                "Workers": [
                                                    {
                                                        "Worker Number": 0,
                                                        "Actual Startup Time": 203.463,
                                                        "Actual Total Time": 363.444,
                                                        "Actual Rows": 50707,
                                                        "Actual Loops": 1
                                                    },
                                                    {
                                                        "Worker Number": 1,
                                                        "Actual Startup Time": 203.469,
                                                        "Actual Total Time": 363.929,
                                                        "Actual Rows": 72492,
                                                        "Actual Loops": 1
                                                    },
                                                    {
                                                        "Worker Number": 2,
                                                        "Actual Startup Time": 203.462,
                                                        "Actual Total Time": 363.475,
                                                        "Actual Rows": 49824,
                                                        "Actual Loops": 1
                                                    },
                                                    {
                                                        "Worker Number": 3,
                                                        "Actual Startup Time": 203.502,
                                                        "Actual Total Time": 363.826,
                                                        "Actual Rows": 73022,
                                                        "Actual Loops": 1
                                                    },
                                                    {
                                                        "Worker Number": 4,
                                                        "Actual Startup Time": 203.615,
                                                        "Actual Total Time": 364.748,
                                                        "Actual Rows": 49476,
                                                        "Actual Loops": 1
                                                    },
                                                    {
                                                        "Worker Number": 5,
                                                        "Actual Startup Time": 203.485,
                                                        "Actual Total Time": 363.459,
                                                        "Actual Rows": 51156,
                                                        "Actual Loops": 1
                                                    }
                                                ],
                                                "Plans": [
                                                    {
                                                        "Node Type": "Seq Scan",
                                                        "Parent Relationship": "Outer",
                                                        "Parallel Aware": true,
                                                        "Relation Name": "movie_keyword",
                                                        "Schema": "public",
                                                        "Alias": "mk",
                                                        "Startup Cost": 0.0,
                                                        "Total Cost": 42695.65,
                                                        "Plan Rows": 991353,
                                                        "Plan Width": 4,
                                                        "Actual Startup Time": 0.102,
                                                        "Actual Total Time": 96.046,
                                                        "Actual Rows": 439090,
                                                        "Actual Loops": 7,
                                                        "Output": [
                                                            "mk.id",
                                                            "mk.movie_id",
                                                            "mk.keyword_id"
                                                        ],
                                                        "Filter": "(mk.keyword_id > 2039)",
                                                        "Rows Removed by Filter": 207186,
                                                        "Workers": [
                                                            {
                                                                "Worker Number": 0,
                                                                "Actual Startup Time": 0.11,
                                                                "Actual Total Time": 98.148,
                                                                "Actual Rows": 384143,
                                                                "Actual Loops": 1
                                                            },
                                                            {
                                                                "Worker Number": 1,
                                                                "Actual Startup Time": 0.065,
                                                                "Actual Total Time": 96.61,
                                                                "Actual Rows": 541334,
                                                                "Actual Loops": 1
                                                            },
                                                            {
                                                                "Worker Number": 2,
                                                                "Actual Startup Time": 0.087,
                                                                "Actual Total Time": 97.565,
                                                                "Actual Rows": 377235,
                                                                "Actual Loops": 1
                                                            },
                                                            {
                                                                "Worker Number": 3,
                                                                "Actual Startup Time": 0.082,
                                                                "Actual Total Time": 96.499,
                                                                "Actual Rows": 543023,
                                                                "Actual Loops": 1
                                                            },
                                                            {
                                                                "Worker Number": 4,
                                                                "Actual Startup Time": 0.092,
                                                                "Actual Total Time": 98.036,
                                                                "Actual Rows": 378842,
                                                                "Actual Loops": 1
                                                            },
                                                            {
                                                                "Worker Number": 5,
                                                                "Actual Startup Time": 0.214,
                                                                "Actual Total Time": 97.844,
                                                                "Actual Rows": 383232,
                                                                "Actual Loops": 1
                                                            }
                                                        ]
                                                    },
                                                    {
                                                        "Node Type": "Hash",
                                                        "Parent Relationship": "Inner",
                                                        "Parallel Aware": true,
                                                        "Startup Cost": 45479.21,
                                                        "Total Cost": 45479.21,
                                                        "Plan Rows": 317879,
                                                        "Plan Width": 4,
                                                        "Actual Startup Time": 200.833,
                                                        "Actual Total Time": 200.835,
                                                        "Actual Rows": 195163,
                                                        "Actual Loops": 7,
                                                        "Output": [
                                                            "t.id"
                                                        ],
                                                        "Hash Buckets": 2097152,
                                                        "Original Hash Buckets": 2097152,
                                                        "Hash Batches": 1,
                                                        "Original Hash Batches": 1,
                                                        "Peak Memory Usage": 69920,
                                                        "Workers": [
                                                            {
                                                                "Worker Number": 0,
                                                                "Actual Startup Time": 203.083,
                                                                "Actual Total Time": 203.085,
                                                                "Actual Rows": 173414,
                                                                "Actual Loops": 1
                                                            },
                                                            {
                                                                "Worker Number": 1,
                                                                "Actual Startup Time": 203.145,
                                                                "Actual Total Time": 203.147,
                                                                "Actual Rows": 214485,
                                                                "Actual Loops": 1
                                                            },
                                                            {
                                                                "Worker Number": 2,
                                                                "Actual Startup Time": 203.088,
                                                                "Actual Total Time": 203.089,
                                                                "Actual Rows": 172049,
                                                                "Actual Loops": 1
                                                            },
                                                            {
                                                                "Worker Number": 3,
                                                                "Actual Startup Time": 203.127,
                                                                "Actual Total Time": 203.128,
                                                                "Actual Rows": 215281,
                                                                "Actual Loops": 1
                                                            },
                                                            {
                                                                "Worker Number": 4,
                                                                "Actual Startup Time": 203.12,
                                                                "Actual Total Time": 203.121,
                                                                "Actual Rows": 166675,
                                                                "Actual Loops": 1
                                                            },
                                                            {
                                                                "Worker Number": 5,
                                                                "Actual Startup Time": 203.171,
                                                                "Actual Total Time": 203.172,
                                                                "Actual Rows": 176465,
                                                                "Actual Loops": 1
                                                            }
                                                        ],
                                                        "Plans": [
                                                            {
                                                                "Node Type": "Seq Scan",
                                                                "Parent Relationship": "Outer",
                                                                "Parallel Aware": true,
                                                                "Relation Name": "title",
                                                                "Schema": "public",
                                                                "Alias": "t",
                                                                "Startup Cost": 0.0,
                                                                "Total Cost": 45479.21,
                                                                "Plan Rows": 317879,
                                                                "Plan Width": 4,
                                                                "Actual Startup Time": 0.065,
                                                                "Actual Total Time": 89.509,
                                                                "Actual Rows": 195163,
                                                                "Actual Loops": 7,
                                                                "Output": [
                                                                    "t.id"
                                                                ],
                                                                "Filter": "((t.production_year > 1968) AND (t.kind_id = 7))",
                                                                "Rows Removed by Filter": 166024,
                                                                "Workers": [
                                                                    {
                                                                        "Worker Number": 0,
                                                                        "Actual Startup Time": 0.069,
                                                                        "Actual Total Time": 91.818,
                                                                        "Actual Rows": 173414,
                                                                        "Actual Loops": 1
                                                                    },
                                                                    {
                                                                        "Worker Number": 1,
                                                                        "Actual Startup Time": 0.076,
                                                                        "Actual Total Time": 89.296,
                                                                        "Actual Rows": 214485,
                                                                        "Actual Loops": 1
                                                                    },
                                                                    {
                                                                        "Worker Number": 2,
                                                                        "Actual Startup Time": 0.068,
                                                                        "Actual Total Time": 92.336,
                                                                        "Actual Rows": 172049,
                                                                        "Actual Loops": 1
                                                                    },
                                                                    {
                                                                        "Worker Number": 3,
                                                                        "Actual Startup Time": 0.075,
                                                                        "Actual Total Time": 89.237,
                                                                        "Actual Rows": 215281,
                                                                        "Actual Loops": 1
                                                                    },
                                                                    {
                                                                        "Worker Number": 4,
                                                                        "Actual Startup Time": 0.075,
                                                                        "Actual Total Time": 91.923,
                                                                        "Actual Rows": 166675,
                                                                        "Actual Loops": 1
                                                                    },
                                                                    {
                                                                        "Worker Number": 5,
                                                                        "Actual Startup Time": 0.073,
                                                                        "Actual Total Time": 92.01,
                                                                        "Actual Rows": 176465,
                                                                        "Actual Loops": 1
                                                                    }
                                                                ]
                                                            }
                                                        ]
                                                    }
                                                ]
                                            }
                                        ]
                                    }
                                ]
                            }
                        ]
                    }
                ]
            }
        ]
    },
    "Planning Time": 1.482,
    "Triggers": [],
    "Execution Time": 1651.103
}