[
    {
        "Bao": {
            "Bao prediction": "NaN",
            "Bao recommended hint": "(no hint)"
        }
    },
    {
        "Plan": {
            "Node Type": "Aggregate",
            "Strategy": "Plain",
            "Partial Mode": "Finalize",
            "Parallel Aware": false,
            "Startup Cost": 77771.76,
            "Total Cost": 77771.77,
            "Plan Rows": 1,
            "Plan Width": 8,
            "Actual Startup Time": 265.795,
            "Actual Total Time": 275.007,
            "Actual Rows": 1,
            "Actual Loops": 1,
            "Output": [
                "count(*)"
            ],
            "Plans": [
                {
                    "Node Type": "Gather",
                    "Parent Relationship": "Outer",
                    "Parallel Aware": false,
                    "Startup Cost": 77771.34,
                    "Total Cost": 77771.75,
                    "Plan Rows": 4,
                    "Plan Width": 8,
                    "Actual Startup Time": 262.488,
                    "Actual Total Time": 274.996,
                    "Actual Rows": 5,
                    "Actual Loops": 1,
                    "Output": [
                        "(PARTIAL count(*))"
                    ],
                    "Workers Planned": 4,
                    "Workers Launched": 4,
                    "Single Copy": false,
                    "Plans": [
                        {
                            "Node Type": "Aggregate",
                            "Strategy": "Plain",
                            "Partial Mode": "Partial",
                            "Parent Relationship": "Outer",
                            "Parallel Aware": false,
                            "Startup Cost": 76771.34,
                            "Total Cost": 76771.35,
                            "Plan Rows": 1,
                            "Plan Width": 8,
                            "Actual Startup Time": 252.911,
                            "Actual Total Time": 252.915,
                            "Actual Rows": 1,
                            "Actual Loops": 5,
                            "Output": [
                                "PARTIAL count(*)"
                            ],
                            "Workers": [
                                {
                                    "Worker Number": 0,
                                    "Actual Startup Time": 250.267,
                                    "Actual Total Time": 250.27,
                                    "Actual Rows": 1,
                                    "Actual Loops": 1
                                },
                                {
                                    "Worker Number": 1,
                                    "Actual Startup Time": 250.795,
                                    "Actual Total Time": 250.798,
                                    "Actual Rows": 1,
                                    "Actual Loops": 1
                                },
                                {
                                    "Worker Number": 2,
                                    "Actual Startup Time": 250.137,
                                    "Actual Total Time": 250.141,
                                    "Actual Rows": 1,
                                    "Actual Loops": 1
                                },
                                {
                                    "Worker Number": 3,
                                    "Actual Startup Time": 251.386,
                                    "Actual Total Time": 251.39,
                                    "Actual Rows": 1,
                                    "Actual Loops": 1
                                }
                            ],
                            "Plans": [
                                {
                                    "Node Type": "Hash Join",
                                    "Parent Relationship": "Outer",
                                    "Parallel Aware": true,
                                    "Join Type": "Inner",
                                    "Startup Cost": 30717.95,
                                    "Total Cost": 76520.64,
                                    "Plan Rows": 100280,
                                    "Plan Width": 0,
                                    "Actual Startup Time": 90.275,
                                    "Actual Total Time": 248.889,
                                    "Actual Rows": 79531,
                                    "Actual Loops": 5,
                                    "Inner Unique": false,
                                    "Hash Cond": "(t.id = mc.movie_id)",
                                    "Workers": [
                                        {
                                            "Worker Number": 0,
                                            "Actual Startup Time": 87.674,
                                            "Actual Total Time": 246.308,
                                            "Actual Rows": 83400,
                                            "Actual Loops": 1
                                        },
                                        {
                                            "Worker Number": 1,
                                            "Actual Startup Time": 88.208,
                                            "Actual Total Time": 246.744,
                                            "Actual Rows": 85143,
                                            "Actual Loops": 1
                                        },
                                        {
                                            "Worker Number": 2,
                                            "Actual Startup Time": 87.575,
                                            "Actual Total Time": 246.561,
                                            "Actual Rows": 72334,
                                            "Actual Loops": 1
                                        },
                                        {
                                            "Worker Number": 3,
                                            "Actual Startup Time": 88.545,
                                            "Actual Total Time": 246.878,
                                            "Actual Rows": 56768,
                                            "Actual Loops": 1
                                        }
                                    ],
                                    "Plans": [
                                        {
                                            "Node Type": "Seq Scan",
                                            "Parent Relationship": "Outer",
                                            "Parallel Aware": true,
                                            "Relation Name": "title",
                                            "Schema": "public",
                                            "Alias": "t",
                                            "Startup Cost": 0.0,
                                            "Total Cost": 42318.81,
                                            "Plan Rows": 632080,
                                            "Plan Width": 4,
                                            "Actual Startup Time": 0.006,
                                            "Actual Total Time": 59.4,
                                            "Actual Rows": 505662,
                                            "Actual Loops": 5,
                                            "Output": [
                                                "t.id",
                                                "t.title",
                                                "t.imdb_index",
                                                "t.kind_id",
                                                "t.production_year",
                                                "t.imdb_id",
                                                "t.phonetic_code",
                                                "t.episode_of_id",
                                                "t.season_nr",
                                                "t.episode_nr",
                                                "t.series_years",
                                                "t.md5sum"
                                            ],
                                            "Workers": [
                                                {
                                                    "Worker Number": 0,
                                                    "Actual Startup Time": 0.005,
                                                    "Actual Total Time": 61.284,
                                                    "Actual Rows": 530281,
                                                    "Actual Loops": 1
                                                },
                                                {
                                                    "Worker Number": 1,
                                                    "Actual Startup Time": 0.006,
                                                    "Actual Total Time": 61.619,
                                                    "Actual Rows": 538319,
                                                    "Actual Loops": 1
                                                },
                                                {
                                                    "Worker Number": 2,
                                                    "Actual Startup Time": 0.007,
                                                    "Actual Total Time": 58.172,
                                                    "Actual Rows": 463716,
                                                    "Actual Loops": 1
                                                },
                                                {
                                                    "Worker Number": 3,
                                                    "Actual Startup Time": 0.007,
                                                    "Actual Total Time": 64.636,
                                                    "Actual Rows": 359718,
                                                    "Actual Loops": 1
                                                }
                                            ]
                                        },
                                        {
                                            "Node Type": "Hash",
                                            "Parent Relationship": "Inner",
                                            "Parallel Aware": true,
                                            "Startup Cost": 29100.53,
                                            "Total Cost": 29100.53,
                                            "Plan Rows": 129394,
                                            "Plan Width": 4,
                                            "Actual Startup Time": 88.797,
                                            "Actual Total Time": 88.8,
                                            "Actual Rows": 79531,
                                            "Actual Loops": 5,
                                            "Output": [
                                                "mc.movie_id"
                                            ],
                                            "Hash Buckets": 524288,
                                            "Original Hash Buckets": 524288,
                                            "Hash Batches": 1,
                                            "Original Hash Batches": 1,
                                            "Peak Memory Usage": 19744,
                                            "Workers": [
                                                {
                                                    "Worker Number": 0,
                                                    "Actual Startup Time": 87.28,
                                                    "Actual Total Time": 87.282,
                                                    "Actual Rows": 67521,
                                                    "Actual Loops": 1
                                                },
                                                {
                                                    "Worker Number": 1,
                                                    "Actual Startup Time": 87.799,
                                                    "Actual Total Time": 87.8,
                                                    "Actual Rows": 59903,
                                                    "Actual Loops": 1
                                                },
                                                {
                                                    "Worker Number": 2,
                                                    "Actual Startup Time": 87.128,
                                                    "Actual Total Time": 87.129,
                                                    "Actual Rows": 53464,
                                                    "Actual Loops": 1
                                                },
                                                {
                                                    "Worker Number": 3,
                                                    "Actual Startup Time": 88.068,
                                                    "Actual Total Time": 88.069,
                                                    "Actual Rows": 55412,
                                                    "Actual Loops": 1
                                                }
                                            ],
                                            "Plans": [
                                                {
                                                    "Node Type": "Bitmap Heap Scan",
                                                    "Parent Relationship": "Outer",
                                                    "Parallel Aware": true,
                                                    "Relation Name": "movie_companies",
                                                    "Schema": "public",
                                                    "Alias": "mc",
                                                    "Startup Cost": 8693.11,
                                                    "Total Cost": 29100.53,
                                                    "Plan Rows": 129394,
                                                    "Plan Width": 4,
                                                    "Actual Startup Time": 14.864,
                                                    "Actual Total Time": 59.372,
                                                    "Actual Rows": 79531,
                                                    "Actual Loops": 5,
                                                    "Output": [
                                                        "mc.movie_id"
                                                    ],
                                                    "Recheck Cond": "(mc.company_id < 250)",
                                                    "Rows Removed by Index Recheck": 0,
                                                    "Exact Heap Blocks": 6743,
                                                    "Lossy Heap Blocks": 0,
                                                    "Workers": [
                                                        {
                                                            "Worker Number": 0,
                                                            "Actual Startup Time": 13.375,
                                                            "Actual Total Time": 59.377,
                                                            "Actual Rows": 67521,
                                                            "Actual Loops": 1
                                                        },
                                                        {
                                                            "Worker Number": 1,
                                                            "Actual Startup Time": 13.881,
                                                            "Actual Total Time": 59.594,
                                                            "Actual Rows": 59903,
                                                            "Actual Loops": 1
                                                        },
                                                        {
                                                            "Worker Number": 2,
                                                            "Actual Startup Time": 13.327,
                                                            "Actual Total Time": 58.492,
                                                            "Actual Rows": 53464,
                                                            "Actual Loops": 1
                                                        },
                                                        {
                                                            "Worker Number": 3,
                                                            "Actual Startup Time": 14.121,
                                                            "Actual Total Time": 60.019,
                                                            "Actual Rows": 55412,
                                                            "Actual Loops": 1
                                                        }
                                                    ],
                                                    "Plans": [
                                                        {
                                                            "Node Type": "Bitmap Index Scan",
                                                            "Parent Relationship": "Outer",
                                                            "Parallel Aware": false,
                                                            "Index Name": "company_id_movie_companies",
                                                            "Startup Cost": 0.0,
                                                            "Total Cost": 8592.83,
                                                            "Plan Rows": 401120,
                                                            "Plan Width": 0,
                                                            "Actual Startup Time": 16.982,
                                                            "Actual Total Time": 16.986,
                                                            "Actual Rows": 397654,
                                                            "Actual Loops": 1,
                                                            "Index Cond": "(mc.company_id < 250)"
                                                        }
                                                    ]
                                                }
                                            ]
                                        }
                                    ]
                                }
                            ]
                        }
                    ]
                }
            ]
        },
        "Planning Time": 182.615,
        "Triggers": [],
        "Execution Time": 275.134
    }
]