[
    {
        "Bao": {
            "Bao prediction": "NaN",
            "Bao recommended hint": "(no hint)"
        }
    },
    {
        "Plan": {
            "Node Type": "Aggregate",
            "Strategy": "Plain",
            "Partial Mode": "Finalize",
            "Parallel Aware": false,
            "Startup Cost": 627279.03,
            "Total Cost": 627279.04,
            "Plan Rows": 1,
            "Plan Width": 8,
            "Actual Startup Time": 6322.497,
            "Actual Total Time": 6367.127,
            "Actual Rows": 1,
            "Actual Loops": 1,
            "Output": [
                "count(*)"
            ],
            "Plans": [
                {
                    "Node Type": "Gather",
                    "Parent Relationship": "Outer",
                    "Parallel Aware": false,
                    "Startup Cost": 627278.51,
                    "Total Cost": 627279.02,
                    "Plan Rows": 5,
                    "Plan Width": 8,
                    "Actual Startup Time": 6300.022,
                    "Actual Total Time": 6367.103,
                    "Actual Rows": 6,
                    "Actual Loops": 1,
                    "Output": [
                        "(PARTIAL count(*))"
                    ],
                    "Workers Planned": 5,
                    "Workers Launched": 5,
                    "Single Copy": false,
                    "Plans": [
                        {
                            "Node Type": "Aggregate",
                            "Strategy": "Plain",
                            "Partial Mode": "Partial",
                            "Parent Relationship": "Outer",
                            "Parallel Aware": false,
                            "Startup Cost": 626278.51,
                            "Total Cost": 626278.52,
                            "Plan Rows": 1,
                            "Plan Width": 8,
                            "Actual Startup Time": 6287.139,
                            "Actual Total Time": 6287.647,
                            "Actual Rows": 1,
                            "Actual Loops": 6,
                            "Output": [
                                "PARTIAL count(*)"
                            ],
                            "Workers": [
                                {
                                    "Worker Number": 0,
                                    "Actual Startup Time": 6283.953,
                                    "Actual Total Time": 6283.958,
                                    "Actual Rows": 1,
                                    "Actual Loops": 1
                                },
                                {
                                    "Worker Number": 1,
                                    "Actual Startup Time": 6283.951,
                                    "Actual Total Time": 6283.956,
                                    "Actual Rows": 1,
                                    "Actual Loops": 1
                                },
                                {
                                    "Worker Number": 2,
                                    "Actual Startup Time": 6283.949,
                                    "Actual Total Time": 6283.953,
                                    "Actual Rows": 1,
                                    "Actual Loops": 1
                                },
                                {
                                    "Worker Number": 3,
                                    "Actual Startup Time": 6283.966,
                                    "Actual Total Time": 6283.97,
                                    "Actual Rows": 1,
                                    "Actual Loops": 1
                                },
                                {
                                    "Worker Number": 4,
                                    "Actual Startup Time": 6287.6,
                                    "Actual Total Time": 6287.604,
                                    "Actual Rows": 1,
                                    "Actual Loops": 1
                                }
                            ],
                            "Plans": [
                                {
                                    "Node Type": "Hash Join",
                                    "Parent Relationship": "Outer",
                                    "Parallel Aware": true,
                                    "Join Type": "Inner",
                                    "Startup Cost": 405212.57,
                                    "Total Cost": 615180.65,
                                    "Plan Rows": 4439143,
                                    "Plan Width": 0,
                                    "Actual Startup Time": 1892.566,
                                    "Actual Total Time": 5296.159,
                                    "Actual Rows": 24627286,
                                    "Actual Loops": 6,
                                    "Inner Unique": false,
                                    "Hash Cond": "(mi.movie_id = t.id)",
                                    "Workers": [
                                        {
                                            "Worker Number": 0,
                                            "Actual Startup Time": 1889.986,
                                            "Actual Total Time": 5312.29,
                                            "Actual Rows": 24711927,
                                            "Actual Loops": 1
                                        },
                                        {
                                            "Worker Number": 1,
                                            "Actual Startup Time": 1889.963,
                                            "Actual Total Time": 5264.126,
                                            "Actual Rows": 22983734,
                                            "Actual Loops": 1
                                        },
                                        {
                                            "Worker Number": 2,
                                            "Actual Startup Time": 1889.988,
                                            "Actual Total Time": 5295.026,
                                            "Actual Rows": 24570498,
                                            "Actual Loops": 1
                                        },
                                        {
                                            "Worker Number": 3,
                                            "Actual Startup Time": 1889.966,
                                            "Actual Total Time": 5301.262,
                                            "Actual Rows": 25062432,
                                            "Actual Loops": 1
                                        },
                                        {
                                            "Worker Number": 4,
                                            "Actual Startup Time": 1890.061,
                                            "Actual Total Time": 5306.414,
                                            "Actual Rows": 25021990,
                                            "Actual Loops": 1
                                        }
                                    ],
                                    "Plans": [
                                        {
                                            "Node Type": "Seq Scan",
                                            "Parent Relationship": "Outer",
                                            "Parallel Aware": true,
                                            "Relation Name": "movie_info",
                                            "Schema": "public",
                                            "Alias": "mi",
                                            "Startup Cost": 0.0,
                                            "Total Cost": 191503.19,
                                            "Plan Rows": 2951019,
                                            "Plan Width": 4,
                                            "Actual Startup Time": 0.043,
                                            "Actual Total Time": 263.664,
                                            "Actual Rows": 2472620,
                                            "Actual Loops": 6,
                                            "Output": [
                                                "mi.id",
                                                "mi.movie_id",
                                                "mi.info_type_id",
                                                "mi.info",
                                                "mi.note"
                                            ],
                                            "Workers": [
                                                {
                                                    "Worker Number": 0,
                                                    "Actual Startup Time": 0.05,
                                                    "Actual Total Time": 275.892,
                                                    "Actual Rows": 2489245,
                                                    "Actual Loops": 1
                                                },
                                                {
                                                    "Worker Number": 1,
                                                    "Actual Startup Time": 0.033,
                                                    "Actual Total Time": 281.195,
                                                    "Actual Rows": 2202869,
                                                    "Actual Loops": 1
                                                },
                                                {
                                                    "Worker Number": 2,
                                                    "Actual Startup Time": 0.028,
                                                    "Actual Total Time": 268.038,
                                                    "Actual Rows": 2470419,
                                                    "Actual Loops": 1
                                                },
                                                {
                                                    "Worker Number": 3,
                                                    "Actual Startup Time": 0.068,
                                                    "Actual Total Time": 276.547,
                                                    "Actual Rows": 2501655,
                                                    "Actual Loops": 1
                                                },
                                                {
                                                    "Worker Number": 4,
                                                    "Actual Startup Time": 0.068,
                                                    "Actual Total Time": 277.57,
                                                    "Actual Rows": 2498073,
                                                    "Actual Loops": 1
                                                }
                                            ]
                                        },
                                        {
                                            "Node Type": "Hash",
                                            "Parent Relationship": "Inner",
                                            "Parallel Aware": true,
                                            "Startup Cost": 397289.04,
                                            "Total Cost": 397289.04,
                                            "Plan Rows": 633882,
                                            "Plan Width": 8,
                                            "Actual Startup Time": 1865.894,
                                            "Actual Total Time": 1866.401,
                                            "Actual Rows": 744779,
                                            "Actual Loops": 6,
                                            "Output": [
                                                "t.id",
                                                "ci.movie_id"
                                            ],
                                            "Hash Buckets": 8388608,
                                            "Original Hash Buckets": 4194304,
                                            "Hash Batches": 1,
                                            "Original Hash Batches": 1,
                                            "Peak Memory Usage": 273184,
                                            "Workers": [
                                                {
                                                    "Worker Number": 0,
                                                    "Actual Startup Time": 1867.771,
                                                    "Actual Total Time": 1867.774,
                                                    "Actual Rows": 583137,
                                                    "Actual Loops": 1
                                                },
                                                {
                                                    "Worker Number": 1,
                                                    "Actual Startup Time": 1867.666,
                                                    "Actual Total Time": 1867.67,
                                                    "Actual Rows": 584279,
                                                    "Actual Loops": 1
                                                },
                                                {
                                                    "Worker Number": 2,
                                                    "Actual Startup Time": 1867.768,
                                                    "Actual Total Time": 1867.771,
                                                    "Actual Rows": 812213,
                                                    "Actual Loops": 1
                                                },
                                                {
                                                    "Worker Number": 3,
                                                    "Actual Startup Time": 1867.848,
                                                    "Actual Total Time": 1867.851,
                                                    "Actual Rows": 817591,
                                                    "Actual Loops": 1
                                                },
                                                {
                                                    "Worker Number": 4,
                                                    "Actual Startup Time": 1868.106,
                                                    "Actual Total Time": 1868.109,
                                                    "Actual Rows": 818437,
                                                    "Actual Loops": 1
                                                }
                                            ],
                                            "Plans": [
                                                {
                                                    "Node Type": "Hash Join",
                                                    "Parent Relationship": "Outer",
                                                    "Parallel Aware": true,
                                                    "Join Type": "Inner",
                                                    "Startup Cost": 47516.26,
                                                    "Total Cost": 397289.04,
                                                    "Plan Rows": 633882,
                                                    "Plan Width": 8,
                                                    "Actual Startup Time": 481.65,
                                                    "Actual Total Time": 1433.832,
                                                    "Actual Rows": 744779,
                                                    "Actual Loops": 6,
                                                    "Output": [
                                                        "t.id",
                                                        "ci.movie_id"
                                                    ],
                                                    "Inner Unique": true,
                                                    "Hash Cond": "(ci.movie_id = t.id)",
                                                    "Workers": [
                                                        {
                                                            "Worker Number": 0,
                                                            "Actual Startup Time": 481.603,
                                                            "Actual Total Time": 1444.696,
                                                            "Actual Rows": 583137,
                                                            "Actual Loops": 1
                                                        },
                                                        {
                                                            "Worker Number": 1,
                                                            "Actual Startup Time": 481.596,
                                                            "Actual Total Time": 1446.04,
                                                            "Actual Rows": 584279,
                                                            "Actual Loops": 1
                                                        },
                                                        {
                                                            "Worker Number": 2,
                                                            "Actual Startup Time": 481.862,
                                                            "Actual Total Time": 1430.371,
                                                            "Actual Rows": 812213,
                                                            "Actual Loops": 1
                                                        },
                                                        {
                                                            "Worker Number": 3,
                                                            "Actual Startup Time": 481.575,
                                                            "Actual Total Time": 1429.522,
                                                            "Actual Rows": 817591,
                                                            "Actual Loops": 1
                                                        },
                                                        {
                                                            "Worker Number": 4,
                                                            "Actual Startup Time": 481.569,
                                                            "Actual Total Time": 1426.692,
                                                            "Actual Rows": 818437,
                                                            "Actual Loops": 1
                                                        }
                                                    ],
                                                    "Plans": [
                                                        {
                                                            "Node Type": "Seq Scan",
                                                            "Parent Relationship": "Outer",
                                                            "Parallel Aware": true,
                                                            "Relation Name": "cast_info",
                                                            "Schema": "public",
                                                            "Alias": "ci",
                                                            "Startup Cost": 0.0,
                                                            "Total Cost": 343318.94,
                                                            "Plan Rows": 2458603,
                                                            "Plan Width": 4,
                                                            "Actual Startup Time": 346.468,
                                                            "Actual Total Time": 734.114,
                                                            "Actual Rows": 2551138,
                                                            "Actual Loops": 6,
                                                            "Output": [
                                                                "ci.id",
                                                                "ci.person_id",
                                                                "ci.movie_id",
                                                                "ci.person_role_id",
                                                                "ci.note",
                                                                "ci.nr_order",
                                                                "ci.role_id"
                                                            ],
                                                            "Filter": "((ci.person_id > 282170) AND (ci.role_id > 2))",
                                                            "Rows Removed by Filter": 3489586,
                                                            "Workers": [
                                                                {
                                                                    "Worker Number": 0,
                                                                    "Actual Startup Time": 346.485,
                                                                    "Actual Total Time": 763.682,
                                                                    "Actual Rows": 1970021,
                                                                    "Actual Loops": 1
                                                                },
                                                                {
                                                                    "Worker Number": 1,
                                                                    "Actual Startup Time": 346.411,
                                                                    "Actual Total Time": 763.105,
                                                                    "Actual Rows": 1989021,
                                                                    "Actual Loops": 1
                                                                },
                                                                {
                                                                    "Worker Number": 2,
                                                                    "Actual Startup Time": 346.485,
                                                                    "Actual Total Time": 721.964,
                                                                    "Actual Rows": 2796456,
                                                                    "Actual Loops": 1
                                                                },
                                                                {
                                                                    "Worker Number": 3,
                                                                    "Actual Startup Time": 346.497,
                                                                    "Actual Total Time": 730.877,
                                                                    "Actual Rows": 2800449,
                                                                    "Actual Loops": 1
                                                                },
                                                                {
                                                                    "Worker Number": 4,
                                                                    "Actual Startup Time": 346.47,
                                                                    "Actual Total Time": 729.864,
                                                                    "Actual Rows": 2782115,
                                                                    "Actual Loops": 1
                                                                }
                                                            ]
                                                        },
                                                        {
                                                            "Node Type": "Hash",
                                                            "Parent Relationship": "Inner",
                                                            "Parallel Aware": true,
                                                            "Startup Cost": 45479.21,
                                                            "Total Cost": 45479.21,
                                                            "Plan Rows": 162964,
                                                            "Plan Width": 4,
                                                            "Actual Startup Time": 133.965,
                                                            "Actual Total Time": 133.966,
                                                            "Actual Rows": 109385,
                                                            "Actual Loops": 6,
                                                            "Output": [
                                                                "t.id"
                                                            ],
                                                            "Hash Buckets": 1048576,
                                                            "Original Hash Buckets": 1048576,
                                                            "Hash Batches": 1,
                                                            "Original Hash Batches": 1,
                                                            "Peak Memory Usage": 33920,
                                                            "Workers": [
                                                                {
                                                                    "Worker Number": 0,
                                                                    "Actual Startup Time": 134.863,
                                                                    "Actual Total Time": 134.864,
                                                                    "Actual Rows": 82605,
                                                                    "Actual Loops": 1
                                                                },
                                                                {
                                                                    "Worker Number": 1,
                                                                    "Actual Startup Time": 134.876,
                                                                    "Actual Total Time": 134.877,
                                                                    "Actual Rows": 81717,
                                                                    "Actual Loops": 1
                                                                },
                                                                {
                                                                    "Worker Number": 2,
                                                                    "Actual Startup Time": 135.024,
                                                                    "Actual Total Time": 135.025,
                                                                    "Actual Rows": 115127,
                                                                    "Actual Loops": 1
                                                                },
                                                                {
                                                                    "Worker Number": 3,
                                                                    "Actual Startup Time": 134.829,
                                                                    "Actual Total Time": 134.83,
                                                                    "Actual Rows": 120581,
                                                                    "Actual Loops": 1
                                                                },
                                                                {
                                                                    "Worker Number": 4,
                                                                    "Actual Startup Time": 134.847,
                                                                    "Actual Total Time": 134.849,
                                                                    "Actual Rows": 118164,
                                                                    "Actual Loops": 1
                                                                }
                                                            ],
                                                            "Plans": [
                                                                {
                                                                    "Node Type": "Seq Scan",
                                                                    "Parent Relationship": "Outer",
                                                                    "Parallel Aware": true,
                                                                    "Relation Name": "title",
                                                                    "Schema": "public",
                                                                    "Alias": "t",
                                                                    "Startup Cost": 0.0,
                                                                    "Total Cost": 45479.21,
                                                                    "Plan Rows": 162964,
                                                                    "Plan Width": 4,
                                                                    "Actual Startup Time": 43.947,
                                                                    "Actual Total Time": 85.668,
                                                                    "Actual Rows": 109385,
                                                                    "Actual Loops": 6,
                                                                    "Output": [
                                                                        "t.id"
                                                                    ],
                                                                    "Filter": "((t.production_year > 0) AND (t.kind_id = 1))",
                                                                    "Rows Removed by Filter": 312000,
                                                                    "Workers": [
                                                                        {
                                                                            "Worker Number": 0,
                                                                            "Actual Startup Time": 51.852,
                                                                            "Actual Total Time": 87.722,
                                                                            "Actual Rows": 82605,
                                                                            "Actual Loops": 1
                                                                        },
                                                                        {
                                                                            "Worker Number": 1,
                                                                            "Actual Startup Time": 51.858,
                                                                            "Actual Total Time": 87.454,
                                                                            "Actual Rows": 81717,
                                                                            "Actual Loops": 1
                                                                        },
                                                                        {
                                                                            "Worker Number": 2,
                                                                            "Actual Startup Time": 4.65,
                                                                            "Actual Total Time": 85.681,
                                                                            "Actual Rows": 115127,
                                                                            "Actual Loops": 1
                                                                        },
                                                                        {
                                                                            "Worker Number": 3,
                                                                            "Actual Startup Time": 51.796,
                                                                            "Actual Total Time": 85.574,
                                                                            "Actual Rows": 120581,
                                                                            "Actual Loops": 1
                                                                        },
                                                                        {
                                                                            "Worker Number": 4,
                                                                            "Actual Startup Time": 51.714,
                                                                            "Actual Total Time": 85.427,
                                                                            "Actual Rows": 118164,
                                                                            "Actual Loops": 1
                                                                        }
                                                                    ]
                                                                }
                                                            ]
                                                        }
                                                    ]
                                                }
                                            ]
                                        }
                                    ]
                                }
                            ]
                        }
                    ]
                }
            ]
        },
        "Planning Time": 185.77,
        "Triggers": [],
        "Execution Time": 6367.236
    }
]