[
  {
    "Plan": {
      "Node Type": "Aggregate",
      "Strategy": "Plain",
      "Partial Mode": "Finalize",
      "Parallel Aware": false,
      "Startup Cost": 250892.92,
      "Total Cost": 250892.93,
      "Plan Rows": 1,
      "Plan Width": 8,
      "Actual Startup Time": 597.825,
      "Actual Total Time": 643.832,
      "Actual Rows": 1,
      "Actual Loops": 1,
      "Plans": [
        {
          "Node Type": "Gather",
          "Parent Relationship": "Outer",
          "Parallel Aware": false,
          "Startup Cost": 250892.4,
          "Total Cost": 250892.91,
          "Plan Rows": 5,
          "Plan Width": 8,
          "Actual Startup Time": 596.705,
          "Actual Total Time": 643.797,
          "Actual Rows": 6,
          "Actual Loops": 1,
          "Workers Planned": 5,
          "Workers Launched": 5,
          "Single Copy": false,
          "Plans": [
            {
              "Node Type": "Aggregate",
              "Strategy": "Plain",
              "Partial Mode": "Partial",
              "Parent Relationship": "Outer",
              "Parallel Aware": false,
              "Startup Cost": 249892.4,
              "Total Cost": 249892.41,
              "Plan Rows": 1,
              "Plan Width": 8,
              "Actual Startup Time": 590.06,
              "Actual Total Time": 590.064,
              "Actual Rows": 1,
              "Actual Loops": 6,
              "Plans": [
                {
                  "Node Type": "Hash Join",
                  "Parent Relationship": "Outer",
                  "Parallel Aware": true,
                  "Join Type": "Inner",
                  "Startup Cost": 45728.89,
                  "Total Cost": 249744.93,
                  "Plan Rows": 58989,
                  "Plan Width": 0,
                  "Actual Startup Time": 98.951,
                  "Actual Total Time": 587.959,
                  "Actual Rows": 34174,
                  "Actual Loops": 6,
                  "Inner Unique": true,
                  "Hash Cond": "(mi.movie_id = t.id)",
                  "Plans": [
                    {
                      "Node Type": "Seq Scan",
                      "Parent Relationship": "Outer",
                      "Parallel Aware": true,
                      "Relation Name": "movie_info",
                      "Alias": "mi",
                      "Startup Cost": 0.0,
                      "Total Cost": 199108.24,
                      "Plan Rows": 1869633,
                      "Plan Width": 4,
                      "Actual Startup Time": 16.14,
                      "Actual Total Time": 337.309,
                      "Actual Rows": 1570867,
                      "Actual Loops": 6,
                      "Filter": "(info_type_id > 5)",
                      "Rows Removed by Filter": 901753
                    },
                    {
                      "Node Type": "Hash",
                      "Parent Relationship": "Inner",
                      "Parallel Aware": true,
                      "Startup Cost": 45479.59,
                      "Total Cost": 45479.59,
                      "Plan Rows": 19944,
                      "Plan Width": 4,
                      "Actual Startup Time": 81.736,
                      "Actual Total Time": 81.738,
                      "Actual Rows": 15385,
                      "Actual Loops": 6,
                      "Hash Buckets": 131072,
                      "Original Hash Buckets": 131072,
                      "Hash Batches": 1,
                      "Original Hash Batches": 1,
                      "Peak Memory Usage": 4704,
                      "Plans": [
                        {
                          "Node Type": "Seq Scan",
                          "Parent Relationship": "Outer",
                          "Parallel Aware": true,
                          "Relation Name": "title",
                          "Alias": "t",
                          "Startup Cost": 0.0,
                          "Total Cost": 45479.59,
                          "Plan Rows": 19944,
                          "Plan Width": 4,
                          "Actual Startup Time": 0.037,
                          "Actual Total Time": 74.962,
                          "Actual Rows": 15385,
                          "Actual Loops": 6,
                          "Filter": "((kind_id > 1) AND (production_year = 2006))",
                          "Rows Removed by Filter": 406000
                        }
                      ]
                    }
                  ]
                }
              ]
            }
          ]
        }
      ]
    },
    "Planning Time": 0.375,
    "Triggers": [],
    "Execution Time": 643.888
  }
]