[
  {
    "Plan": {
      "Node Type": "Aggregate",
      "Strategy": "Plain",
      "Partial Mode": "Finalize",
      "Parallel Aware": false,
      "Startup Cost": 31117.21,
      "Total Cost": 31117.22,
      "Plan Rows": 1,
      "Plan Width": 8,
      "Actual Startup Time": 105.374,
      "Actual Total Time": 113.162,
      "Actual Rows": 1,
      "Actual Loops": 1,
      "Plans": [
        {
          "Node Type": "Gather",
          "Parent Relationship": "Outer",
          "Parallel Aware": false,
          "Startup Cost": 31116.89,
          "Total Cost": 31117.2,
          "Plan Rows": 3,
          "Plan Width": 8,
          "Actual Startup Time": 105.022,
          "Actual Total Time": 113.144,
          "Actual Rows": 4,
          "Actual Loops": 1,
          "Workers Planned": 3,
          "Workers Launched": 3,
          "Single Copy": false,
          "Plans": [
            {
              "Node Type": "Aggregate",
              "Strategy": "Plain",
              "Partial Mode": "Partial",
              "Parent Relationship": "Outer",
              "Parallel Aware": false,
              "Startup Cost": 30116.89,
              "Total Cost": 30116.9,
              "Plan Rows": 1,
              "Plan Width": 8,
              "Actual Startup Time": 97.023,
              "Actual Total Time": 97.024,
              "Actual Rows": 1,
              "Actual Loops": 4,
              "Plans": [
                {
                  "Node Type": "Bitmap Heap Scan",
                  "Parent Relationship": "Outer",
                  "Parallel Aware": true,
                  "Relation Name": "movie_companies",
                  "Alias": "mc",
                  "Startup Cost": 9112.51,
                  "Total Cost": 29948.99,
                  "Plan Rows": 67161,
                  "Plan Width": 0,
                  "Actual Startup Time": 35.916,
                  "Actual Total Time": 91.337,
                  "Actual Rows": 80802,
                  "Actual Loops": 4,
                  "Recheck Cond": "(company_id < 302)",
                  "Rows Removed by Index Recheck": 0,
                  "Filter": "(company_type_id = 1)",
                  "Rows Removed by Filter": 24707,
                  "Exact Heap Blocks": 9338,
                  "Lossy Heap Blocks": 0,
                  "Plans": [
                    {
                      "Node Type": "Bitmap Index Scan",
                      "Parent Relationship": "Outer",
                      "Parallel Aware": false,
                      "Index Name": "company_id_movie_companies",
                      "Startup Cost": 0.0,
                      "Total Cost": 9060.47,
                      "Plan Rows": 422938,
                      "Plan Width": 0,
                      "Actual Startup Time": 39.701,
                      "Actual Total Time": 39.701,
                      "Actual Rows": 422035,
                      "Actual Loops": 1,
                      "Index Cond": "(company_id < 302)"
                    }
                  ]
                }
              ]
            }
          ]
        }
      ]
    },
    "Planning Time": 0.237,
    "Triggers": [],
    "Execution Time": 113.241
  }
]