[
    {
        "Bao": {
            "Bao prediction": "NaN",
            "Bao recommended hint": "(no hint)"
        }
    },
    {
        "Plan": {
            "Node Type": "Aggregate",
            "Strategy": "Plain",
            "Partial Mode": "Finalize",
            "Parallel Aware": false,
            "Startup Cost": 329523.21,
            "Total Cost": 329523.22,
            "Plan Rows": 1,
            "Plan Width": 8,
            "Actual Startup Time": 4033.646,
            "Actual Total Time": 4113.555,
            "Actual Rows": 1,
            "Actual Loops": 1,
            "Output": [
                "count(*)"
            ],
            "Plans": [
                {
                    "Node Type": "Gather",
                    "Parent Relationship": "Outer",
                    "Parallel Aware": false,
                    "Startup Cost": 329522.89,
                    "Total Cost": 329523.2,
                    "Plan Rows": 3,
                    "Plan Width": 8,
                    "Actual Startup Time": 3991.683,
                    "Actual Total Time": 4113.543,
                    "Actual Rows": 4,
                    "Actual Loops": 1,
                    "Output": [
                        "(PARTIAL count(*))"
                    ],
                    "Workers Planned": 3,
                    "Workers Launched": 3,
                    "Single Copy": false,
                    "Plans": [
                        {
                            "Node Type": "Aggregate",
                            "Strategy": "Plain",
                            "Partial Mode": "Partial",
                            "Parent Relationship": "Outer",
                            "Parallel Aware": false,
                            "Startup Cost": 328522.89,
                            "Total Cost": 328522.9,
                            "Plan Rows": 1,
                            "Plan Width": 8,
                            "Actual Startup Time": 3961.373,
                            "Actual Total Time": 3964.717,
                            "Actual Rows": 1,
                            "Actual Loops": 4,
                            "Output": [
                                "PARTIAL count(*)"
                            ],
                            "Workers": [
                                {
                                    "Worker Number": 0,
                                    "Actual Startup Time": 3949.802,
                                    "Actual Total Time": 3949.806,
                                    "Actual Rows": 1,
                                    "Actual Loops": 1
                                },
                                {
                                    "Worker Number": 1,
                                    "Actual Startup Time": 3949.786,
                                    "Actual Total Time": 3949.791,
                                    "Actual Rows": 1,
                                    "Actual Loops": 1
                                },
                                {
                                    "Worker Number": 2,
                                    "Actual Startup Time": 3954.927,
                                    "Actual Total Time": 3954.932,
                                    "Actual Rows": 1,
                                    "Actual Loops": 1
                                }
                            ],
                            "Plans": [
                                {
                                    "Node Type": "Hash Join",
                                    "Parent Relationship": "Outer",
                                    "Parallel Aware": true,
                                    "Join Type": "Inner",
                                    "Startup Cost": 267030.29,
                                    "Total Cost": 318339.22,
                                    "Plan Rows": 4073467,
                                    "Plan Width": 0,
                                    "Actual Startup Time": 2616.602,
                                    "Actual Total Time": 3584.95,
                                    "Actual Rows": 8931543,
                                    "Actual Loops": 4,
                                    "Inner Unique": false,
                                    "Hash Cond": "(mk.movie_id = t.id)",
                                    "Workers": [
                                        {
                                            "Worker Number": 0,
                                            "Actual Startup Time": 2606.218,
                                            "Actual Total Time": 3569.372,
                                            "Actual Rows": 8151589,
                                            "Actual Loops": 1
                                        },
                                        {
                                            "Worker Number": 1,
                                            "Actual Startup Time": 2606.318,
                                            "Actual Total Time": 3571.042,
                                            "Actual Rows": 8078597,
                                            "Actual Loops": 1
                                        },
                                        {
                                            "Worker Number": 2,
                                            "Actual Startup Time": 2606.418,
                                            "Actual Total Time": 3578.913,
                                            "Actual Rows": 9784415,
                                            "Actual Loops": 1
                                        }
                                    ],
                                    "Plans": [
                                        {
                                            "Node Type": "Seq Scan",
                                            "Parent Relationship": "Outer",
                                            "Parallel Aware": true,
                                            "Relation Name": "movie_keyword",
                                            "Schema": "public",
                                            "Alias": "mk",
                                            "Startup Cost": 0.0,
                                            "Total Cost": 39047.32,
                                            "Plan Rows": 1459332,
                                            "Plan Width": 4,
                                            "Actual Startup Time": 0.02,
                                            "Actual Total Time": 91.79,
                                            "Actual Rows": 1130982,
                                            "Actual Loops": 4,
                                            "Output": [
                                                "mk.id",
                                                "mk.movie_id",
                                                "mk.keyword_id"
                                            ],
                                            "Workers": [
                                                {
                                                    "Worker Number": 0,
                                                    "Actual Startup Time": 0.026,
                                                    "Actual Total Time": 94.434,
                                                    "Actual Rows": 1010410,
                                                    "Actual Loops": 1
                                                },
                                                {
                                                    "Worker Number": 1,
                                                    "Actual Startup Time": 0.024,
                                                    "Actual Total Time": 94.389,
                                                    "Actual Rows": 1001405,
                                                    "Actual Loops": 1
                                                },
                                                {
                                                    "Worker Number": 2,
                                                    "Actual Startup Time": 0.019,
                                                    "Actual Total Time": 97.296,
                                                    "Actual Rows": 1264475,
                                                    "Actual Loops": 1
                                                }
                                            ]
                                        },
                                        {
                                            "Node Type": "Hash",
                                            "Parent Relationship": "Inner",
                                            "Parallel Aware": true,
                                            "Startup Cost": 252327.46,
                                            "Total Cost": 252327.46,
                                            "Plan Rows": 1176227,
                                            "Plan Width": 8,
                                            "Actual Startup Time": 2593.651,
                                            "Actual Total Time": 2596.993,
                                            "Actual Rows": 1834958,
                                            "Actual Loops": 4,
                                            "Output": [
                                                "t.id",
                                                "ci.movie_id"
                                            ],
                                            "Hash Buckets": 8388608,
                                            "Original Hash Buckets": 8388608,
                                            "Hash Batches": 1,
                                            "Original Hash Batches": 1,
                                            "Peak Memory Usage": 352736,
                                            "Workers": [
                                                {
                                                    "Worker Number": 0,
                                                    "Actual Startup Time": 2605.677,
                                                    "Actual Total Time": 2605.68,
                                                    "Actual Rows": 1633242,
                                                    "Actual Loops": 1
                                                },
                                                {
                                                    "Worker Number": 1,
                                                    "Actual Startup Time": 2605.564,
                                                    "Actual Total Time": 2605.568,
                                                    "Actual Rows": 1615190,
                                                    "Actual Loops": 1
                                                },
                                                {
                                                    "Worker Number": 2,
                                                    "Actual Startup Time": 2605.957,
                                                    "Actual Total Time": 2605.96,
                                                    "Actual Rows": 2171102,
                                                    "Actual Loops": 1
                                                }
                                            ],
                                            "Plans": [
                                                {
                                                    "Node Type": "Hash Join",
                                                    "Parent Relationship": "Outer",
                                                    "Parallel Aware": true,
                                                    "Join Type": "Inner",
                                                    "Startup Cost": 51357.61,
                                                    "Total Cost": 252327.46,
                                                    "Plan Rows": 1176227,
                                                    "Plan Width": 8,
                                                    "Actual Startup Time": 432.949,
                                                    "Actual Total Time": 1820.252,
                                                    "Actual Rows": 1834958,
                                                    "Actual Loops": 4,
                                                    "Output": [
                                                        "t.id",
                                                        "ci.movie_id"
                                                    ],
                                                    "Inner Unique": true,
                                                    "Hash Cond": "(ci.movie_id = t.id)",
                                                    "Workers": [
                                                        {
                                                            "Worker Number": 0,
                                                            "Actual Startup Time": 432.987,
                                                            "Actual Total Time": 1821.271,
                                                            "Actual Rows": 1633242,
                                                            "Actual Loops": 1
                                                        },
                                                        {
                                                            "Worker Number": 1,
                                                            "Actual Startup Time": 432.915,
                                                            "Actual Total Time": 1824.906,
                                                            "Actual Rows": 1615190,
                                                            "Actual Loops": 1
                                                        },
                                                        {
                                                            "Worker Number": 2,
                                                            "Actual Startup Time": 432.82,
                                                            "Actual Total Time": 1812.582,
                                                            "Actual Rows": 2171102,
                                                            "Actual Loops": 1
                                                        }
                                                    ],
                                                    "Plans": [
                                                        {
                                                            "Node Type": "Index Scan",
                                                            "Parent Relationship": "Outer",
                                                            "Parallel Aware": true,
                                                            "Scan Direction": "Forward",
                                                            "Index Name": "role_id_cast_info",
                                                            "Relation Name": "cast_info",
                                                            "Schema": "public",
                                                            "Alias": "ci",
                                                            "Startup Cost": 0.56,
                                                            "Total Cost": 197699.43,
                                                            "Plan Rows": 1246088,
                                                            "Plan Width": 4,
                                                            "Actual Startup Time": 0.072,
                                                            "Actual Total Time": 380.558,
                                                            "Actual Rows": 1862993,
                                                            "Actual Loops": 4,
                                                            "Output": [
                                                                "ci.id",
                                                                "ci.person_id",
                                                                "ci.movie_id",
                                                                "ci.person_role_id",
                                                                "ci.note",
                                                                "ci.nr_order",
                                                                "ci.role_id"
                                                            ],
                                                            "Index Cond": "(ci.role_id = 2)",
                                                            "Rows Removed by Index Recheck": 0,
                                                            "Workers": [
                                                                {
                                                                    "Worker Number": 0,
                                                                    "Actual Startup Time": 0.098,
                                                                    "Actual Total Time": 406.521,
                                                                    "Actual Rows": 1657890,
                                                                    "Actual Loops": 1
                                                                },
                                                                {
                                                                    "Worker Number": 1,
                                                                    "Actual Startup Time": 0.08,
                                                                    "Actual Total Time": 403.112,
                                                                    "Actual Rows": 1639802,
                                                                    "Actual Loops": 1
                                                                },
                                                                {
                                                                    "Worker Number": 2,
                                                                    "Actual Startup Time": 0.051,
                                                                    "Actual Total Time": 363.3,
                                                                    "Actual Rows": 2205450,
                                                                    "Actual Loops": 1
                                                                }
                                                            ]
                                                        },
                                                        {
                                                            "Node Type": "Hash",
                                                            "Parent Relationship": "Inner",
                                                            "Parallel Aware": true,
                                                            "Startup Cost": 43899.01,
                                                            "Total Cost": 43899.01,
                                                            "Plan Rows": 596643,
                                                            "Plan Width": 4,
                                                            "Actual Startup Time": 422.229,
                                                            "Actual Total Time": 422.231,
                                                            "Actual Rows": 597175,
                                                            "Actual Loops": 4,
                                                            "Output": [
                                                                "t.id"
                                                            ],
                                                            "Hash Buckets": 4194304,
                                                            "Original Hash Buckets": 4194304,
                                                            "Hash Batches": 1,
                                                            "Original Hash Batches": 1,
                                                            "Peak Memory Usage": 126240,
                                                            "Workers": [
                                                                {
                                                                    "Worker Number": 0,
                                                                    "Actual Startup Time": 432.601,
                                                                    "Actual Total Time": 432.602,
                                                                    "Actual Rows": 525654,
                                                                    "Actual Loops": 1
                                                                },
                                                                {
                                                                    "Worker Number": 1,
                                                                    "Actual Startup Time": 432.54,
                                                                    "Actual Total Time": 432.541,
                                                                    "Actual Rows": 521869,
                                                                    "Actual Loops": 1
                                                                },
                                                                {
                                                                    "Worker Number": 2,
                                                                    "Actual Startup Time": 432.544,
                                                                    "Actual Total Time": 432.545,
                                                                    "Actual Rows": 716242,
                                                                    "Actual Loops": 1
                                                                }
                                                            ],
                                                            "Plans": [
                                                                {
                                                                    "Node Type": "Seq Scan",
                                                                    "Parent Relationship": "Outer",
                                                                    "Parallel Aware": true,
                                                                    "Relation Name": "title",
                                                                    "Schema": "public",
                                                                    "Alias": "t",
                                                                    "Startup Cost": 0.0,
                                                                    "Total Cost": 43899.01,
                                                                    "Plan Rows": 596643,
                                                                    "Plan Width": 4,
                                                                    "Actual Startup Time": 0.061,
                                                                    "Actual Total Time": 136.04,
                                                                    "Actual Rows": 597175,
                                                                    "Actual Loops": 4,
                                                                    "Output": [
                                                                        "t.id"
                                                                    ],
                                                                    "Filter": "(t.production_year > 1915)",
                                                                    "Rows Removed by Filter": 34903,
                                                                    "Workers": [
                                                                        {
                                                                            "Worker Number": 0,
                                                                            "Actual Startup Time": 0.05,
                                                                            "Actual Total Time": 140.648,
                                                                            "Actual Rows": 525654,
                                                                            "Actual Loops": 1
                                                                        },
                                                                        {
                                                                            "Worker Number": 1,
                                                                            "Actual Startup Time": 0.077,
                                                                            "Actual Total Time": 140.253,
                                                                            "Actual Rows": 521869,
                                                                            "Actual Loops": 1
                                                                        },
                                                                        {
                                                                            "Worker Number": 2,
                                                                            "Actual Startup Time": 0.091,
                                                                            "Actual Total Time": 133.784,
                                                                            "Actual Rows": 716242,
                                                                            "Actual Loops": 1
                                                                        }
                                                                    ]
                                                                }
                                                            ]
                                                        }
                                                    ]
                                                }
                                            ]
                                        }
                                    ]
                                }
                            ]
                        }
                    ]
                }
            ]
        },
        "Planning Time": 287.625,
        "Triggers": [],
        "Execution Time": 4113.729
    }
]