[
  {
    "Plan": {
      "Node Type": "Aggregate",
      "Strategy": "Plain",
      "Partial Mode": "Finalize",
      "Parallel Aware": false,
      "Startup Cost": 82248.39,
      "Total Cost": 82248.4,
      "Plan Rows": 1,
      "Plan Width": 8,
      "Actual Startup Time": 514.392,
      "Actual Total Time": 532.7,
      "Actual Rows": 1,
      "Actual Loops": 1,
      "Plans": [
        {
          "Node Type": "Gather",
          "Parent Relationship": "Outer",
          "Parallel Aware": false,
          "Startup Cost": 82248.07,
          "Total Cost": 82248.38,
          "Plan Rows": 3,
          "Plan Width": 8,
          "Actual Startup Time": 505.04,
          "Actual Total Time": 532.691,
          "Actual Rows": 4,
          "Actual Loops": 1,
          "Workers Planned": 3,
          "Workers Launched": 3,
          "Single Copy": false,
          "Plans": [
            {
              "Node Type": "Aggregate",
              "Strategy": "Plain",
              "Partial Mode": "Partial",
              "Parent Relationship": "Outer",
              "Parallel Aware": false,
              "Startup Cost": 81248.07,
              "Total Cost": 81248.08,
              "Plan Rows": 1,
              "Plan Width": 8,
              "Actual Startup Time": 494.556,
              "Actual Total Time": 494.56,
              "Actual Rows": 1,
              "Actual Loops": 4,
              "Plans": [
                {
                  "Node Type": "Hash Join",
                  "Parent Relationship": "Outer",
                  "Parallel Aware": true,
                  "Join Type": "Inner",
                  "Startup Cost": 59904.23,
                  "Total Cost": 81062.88,
                  "Plan Rows": 74077,
                  "Plan Width": 0,
                  "Actual Startup Time": 400.327,
                  "Actual Total Time": 488.296,
                  "Actual Rows": 111658,
                  "Actual Loops": 4,
                  "Inner Unique": true,
                  "Hash Cond": "(mc.movie_id = t.id)",
                  "Plans": [
                    {
                      "Node Type": "Bitmap Heap Scan",
                      "Parent Relationship": "Outer",
                      "Parallel Aware": true,
                      "Relation Name": "movie_companies",
                      "Alias": "mc",
                      "Startup Cost": 9683.84,
                      "Total Cost": 30648.04,
                      "Plan Rows": 74077,
                      "Plan Width": 4,
                      "Actual Startup Time": 50.005,
                      "Actual Total Time": 79.648,
                      "Actual Rows": 111658,
                      "Actual Loops": 4,
                      "Recheck Cond": "(company_id > 77546)",
                      "Rows Removed by Index Recheck": 0,
                      "Filter": "(company_type_id > 1)",
                      "Rows Removed by Filter": 0,
                      "Exact Heap Blocks": 1861,
                      "Lossy Heap Blocks": 0,
                      "Plans": [
                        {
                          "Node Type": "Bitmap Index Scan",
                          "Parent Relationship": "Outer",
                          "Parallel Aware": false,
                          "Index Name": "company_id_movie_companies",
                          "Startup Cost": 0.0,
                          "Total Cost": 9626.43,
                          "Plan Rows": 449334,
                          "Plan Width": 0,
                          "Actual Startup Time": 48.429,
                          "Actual Total Time": 48.43,
                          "Actual Rows": 446630,
                          "Actual Loops": 1,
                          "Index Cond": "(company_id > 77546)"
                        }
                      ]
                    },
                    {
                      "Node Type": "Hash",
                      "Parent Relationship": "Inner",
                      "Parallel Aware": true,
                      "Startup Cost": 42319.06,
                      "Total Cost": 42319.06,
                      "Plan Rows": 632106,
                      "Plan Width": 4,
                      "Actual Startup Time": 342.44,
                      "Actual Total Time": 342.44,
                      "Actual Rows": 632078,
                      "Actual Loops": 4,
                      "Hash Buckets": 4194304,
                      "Original Hash Buckets": 4194304,
                      "Hash Batches": 1,
                      "Original Hash Batches": 1,
                      "Peak Memory Usage": 131744,
                      "Plans": [
                        {
                          "Node Type": "Seq Scan",
                          "Parent Relationship": "Outer",
                          "Parallel Aware": true,
                          "Relation Name": "title",
                          "Alias": "t",
                          "Startup Cost": 0.0,
                          "Total Cost": 42319.06,
                          "Plan Rows": 632106,
                          "Plan Width": 4,
                          "Actual Startup Time": 0.031,
                          "Actual Total Time": 106.55,
                          "Actual Rows": 632078,
                          "Actual Loops": 4
                        }
                      ]
                    }
                  ]
                }
              ]
            }
          ]
        }
      ]
    },
    "Planning Time": 0.56,
    "Triggers": [],
    "Execution Time": 532.737
  }
]