[
  {
    "Plan": {
      "Node Type": "Aggregate",
      "Strategy": "Plain",
      "Partial Mode": "Finalize",
      "Parallel Aware": false,
      "Startup Cost": 496603.52,
      "Total Cost": 496603.53,
      "Plan Rows": 1,
      "Plan Width": 64,
      "Actual Startup Time": 3767.352,
      "Actual Total Time": 3855.005,
      "Actual Rows": 1,
      "Actual Loops": 1,
      "Plans": [
        {
          "Node Type": "Gather",
          "Parent Relationship": "Outer",
          "Parallel Aware": false,
          "Startup Cost": 496603.41,
          "Total Cost": 496603.52,
          "Plan Rows": 1,
          "Plan Width": 64,
          "Actual Startup Time": 3767.036,
          "Actual Total Time": 3854.995,
          "Actual Rows": 2,
          "Actual Loops": 1,
          "Workers Planned": 1,
          "Workers Launched": 1,
          "Single Copy": false,
          "Plans": [
            {
              "Node Type": "Aggregate",
              "Strategy": "Plain",
              "Partial Mode": "Partial",
              "Parent Relationship": "Outer",
              "Parallel Aware": false,
              "Startup Cost": 495603.41,
              "Total Cost": 495603.42,
              "Plan Rows": 1,
              "Plan Width": 64,
              "Actual Startup Time": 3759.601,
              "Actual Total Time": 3759.625,
              "Actual Rows": 1,
              "Actual Loops": 2,
              "Plans": [
                {
                  "Node Type": "Hash Join",
                  "Parent Relationship": "Outer",
                  "Parallel Aware": true,
                  "Join Type": "Inner",
                  "Startup Cost": 490866.03,
                  "Total Cost": 495603.4,
                  "Plan Rows": 1,
                  "Plan Width": 33,
                  "Actual Startup Time": 3736.9,
                  "Actual Total Time": 3759.603,
                  "Actual Rows": 31,
                  "Actual Loops": 2,
                  "Inner Unique": false,
                  "Hash Cond": "(cn.id = mc.company_id)",
                  "Plans": [
                    {
                      "Node Type": "Seq Scan",
                      "Parent Relationship": "Outer",
                      "Parallel Aware": true,
                      "Relation Name": "company_name",
                      "Alias": "cn",
                      "Startup Cost": 0.0,
                      "Total Cost": 4722.92,
                      "Plan Rows": 3852,
                      "Plan Width": 4,
                      "Actual Startup Time": 0.024,
                      "Actual Total Time": 22.896,
                      "Actual Rows": 3376,
                      "Actual Loops": 2,
                      "Filter": "((country_code)::text = '[jp]'::text)",
                      "Rows Removed by Filter": 114122
                    },
                    {
                      "Node Type": "Hash",
                      "Parent Relationship": "Inner",
                      "Parallel Aware": true,
                      "Startup Cost": 490866.02,
                      "Total Cost": 490866.02,
                      "Plan Rows": 1,
                      "Plan Width": 37,
                      "Actual Startup Time": 3735.105,
                      "Actual Total Time": 3735.127,
                      "Actual Rows": 32,
                      "Actual Loops": 2,
                      "Hash Buckets": 1024,
                      "Original Hash Buckets": 1024,
                      "Hash Batches": 1,
                      "Original Hash Batches": 1,
                      "Peak Memory Usage": 72,
                      "Plans": [
                        {
                          "Node Type": "Hash Join",
                          "Parent Relationship": "Outer",
                          "Parallel Aware": true,
                          "Join Type": "Inner",
                          "Startup Cost": 475780.86,
                          "Total Cost": 490866.02,
                          "Plan Rows": 1,
                          "Plan Width": 37,
                          "Actual Startup Time": 3688.653,
                          "Actual Total Time": 3735.0,
                          "Actual Rows": 32,
                          "Actual Loops": 2,
                          "Inner Unique": false,
                          "Hash Cond": "(an1.person_id = ci.person_id)",
                          "Plans": [
                            {
                              "Node Type": "Hash Join",
                              "Parent Relationship": "Outer",
                              "Parallel Aware": true,
                              "Join Type": "Inner",
                              "Startup Cost": 71372.36,
                              "Total Cost": 86439.15,
                              "Plan Rows": 2937,
                              "Plan Width": 24,
                              "Actual Startup Time": 456.582,
                              "Actual Total Time": 580.97,
                              "Actual Rows": 2016,
                              "Actual Loops": 2,
                              "Inner Unique": true,
                              "Hash Cond": "(an1.person_id = n1.id)",
                              "Plans": [
                                {
                                  "Node Type": "Seq Scan",
                                  "Parent Relationship": "Outer",
                                  "Parallel Aware": true,
                                  "Relation Name": "aka_name",
                                  "Alias": "an1",
                                  "Startup Cost": 0.0,
                                  "Total Cost": 14303.56,
                                  "Plan Rows": 290756,
                                  "Plan Width": 20,
                                  "Actual Startup Time": 0.018,
                                  "Actual Total Time": 77.344,
                                  "Actual Rows": 450672,
                                  "Actual Loops": 2
                                },
                                {
                                  "Node Type": "Hash",
                                  "Parent Relationship": "Inner",
                                  "Parallel Aware": true,
                                  "Startup Cost": 71240.82,
                                  "Total Cost": 71240.82,
                                  "Plan Rows": 10523,
                                  "Plan Width": 4,
                                  "Actual Startup Time": 456.21,
                                  "Actual Total Time": 456.212,
                                  "Actual Rows": 10456,
                                  "Actual Loops": 2,
                                  "Hash Buckets": 65536,
                                  "Original Hash Buckets": 65536,
                                  "Hash Batches": 1,
                                  "Original Hash Batches": 1,
                                  "Peak Memory Usage": 1344,
                                  "Plans": [
                                    {
                                      "Node Type": "Seq Scan",
                                      "Parent Relationship": "Outer",
                                      "Parallel Aware": true,
                                      "Relation Name": "name",
                                      "Alias": "n1",
                                      "Startup Cost": 0.0,
                                      "Total Cost": 71240.82,
                                      "Plan Rows": 10523,
                                      "Plan Width": 4,
                                      "Actual Startup Time": 0.063,
                                      "Actual Total Time": 450.94,
                                      "Actual Rows": 10456,
                                      "Actual Loops": 2,
                                      "Filter": "((name ~~ '%Yo%'::text) AND (name !~~ '%Yu%'::text))",
                                      "Rows Removed by Filter": 2073290
                                    }
                                  ]
                                }
                              ]
                            },
                            {
                              "Node Type": "Hash",
                              "Parent Relationship": "Inner",
                              "Parallel Aware": true,
                              "Startup Cost": 404408.32,
                              "Total Cost": 404408.32,
                              "Plan Rows": 14,
                              "Plan Width": 25,
                              "Actual Startup Time": 3153.422,
                              "Actual Total Time": 3153.436,
                              "Actual Rows": 3766,
                              "Actual Loops": 2,
                              "Hash Buckets": 8192,
                              "Original Hash Buckets": 1024,
                              "Hash Batches": 1,
                              "Original Hash Batches": 1,
                              "Peak Memory Usage": 632,
                              "Plans": [
                                {
                                  "Node Type": "Hash Join",
                                  "Parent Relationship": "Outer",
                                  "Parallel Aware": true,
                                  "Join Type": "Inner",
                                  "Startup Cost": 359719.42,
                                  "Total Cost": 404408.32,
                                  "Plan Rows": 14,
                                  "Plan Width": 25,
                                  "Actual Startup Time": 2756.622,
                                  "Actual Total Time": 3130.108,
                                  "Actual Rows": 3766,
                                  "Actual Loops": 2,
                                  "Inner Unique": false,
                                  "Hash Cond": "(t.id = ci.movie_id)",
                                  "Plans": [
                                    {
                                      "Node Type": "Seq Scan",
                                      "Parent Relationship": "Outer",
                                      "Parallel Aware": true,
                                      "Relation Name": "title",
                                      "Alias": "t",
                                      "Startup Cost": 0.0,
                                      "Total Cost": 42318.63,
                                      "Plan Rows": 632063,
                                      "Plan Width": 21,
                                      "Actual Startup Time": 0.017,
                                      "Actual Total Time": 267.729,
                                      "Actual Rows": 1264156,
                                      "Actual Loops": 2
                                    },
                                    {
                                      "Node Type": "Hash",
                                      "Parent Relationship": "Inner",
                                      "Parallel Aware": true,
                                      "Startup Cost": 359719.19,
                                      "Total Cost": 359719.19,
                                      "Plan Rows": 18,
                                      "Plan Width": 16,
                                      "Actual Startup Time": 2755.093,
                                      "Actual Total Time": 2755.101,
                                      "Actual Rows": 3766,
                                      "Actual Loops": 2,
                                      "Hash Buckets": 8192,
                                      "Original Hash Buckets": 1024,
                                      "Hash Batches": 1,
                                      "Original Hash Batches": 1,
                                      "Peak Memory Usage": 504,
                                      "Plans": [
                                        {
                                          "Node Type": "Hash Join",
                                          "Parent Relationship": "Outer",
                                          "Parallel Aware": true,
                                          "Join Type": "Inner",
                                          "Startup Cost": 328294.44,
                                          "Total Cost": 359719.19,
                                          "Plan Rows": 18,
                                          "Plan Width": 16,
                                          "Actual Startup Time": 2488.97,
                                          "Actual Total Time": 2726.767,
                                          "Actual Rows": 3766,
                                          "Actual Loops": 2,
                                          "Inner Unique": false,
                                          "Hash Cond": "(mc.movie_id = ci.movie_id)",
                                          "Plans": [
                                            {
                                              "Node Type": "Seq Scan",
                                              "Parent Relationship": "Outer",
                                              "Parallel Aware": true,
                                              "Relation Name": "movie_companies",
                                              "Alias": "mc",
                                              "Startup Cost": 0.0,
                                              "Total Cost": 31414.82,
                                              "Plan Rows": 2641,
                                              "Plan Width": 8,
                                              "Actual Startup Time": 0.068,
                                              "Actual Total Time": 230.275,
                                              "Actual Rows": 24448,
                                              "Actual Loops": 2,
                                              "Filter": "((note ~~ '%(Japan)%'::text) AND (note !~~ '%(USA)%'::text))",
                                              "Rows Removed by Filter": 1280116
                                            },
                                            {
                                              "Node Type": "Hash",
                                              "Parent Relationship": "Inner",
                                              "Parallel Aware": true,
                                              "Startup Cost": 328280.59,
                                              "Total Cost": 328280.59,
                                              "Plan Rows": 1108,
                                              "Plan Width": 8,
                                              "Actual Startup Time": 2488.805,
                                              "Actual Total Time": 2488.809,
                                              "Actual Rows": 17424,
                                              "Actual Loops": 2,
                                              "Hash Buckets": 65536,
                                              "Original Hash Buckets": 8192,
                                              "Hash Batches": 1,
                                              "Original Hash Batches": 1,
                                              "Peak Memory Usage": 2368,
                                              "Plans": [
                                                {
                                                  "Node Type": "Hash Join",
                                                  "Parent Relationship": "Outer",
                                                  "Parallel Aware": false,
                                                  "Join Type": "Inner",
                                                  "Startup Cost": 1.16,
                                                  "Total Cost": 328280.59,
                                                  "Plan Rows": 1108,
                                                  "Plan Width": 8,
                                                  "Actual Startup Time": 869.498,
                                                  "Actual Total Time": 2470.255,
                                                  "Actual Rows": 17424,
                                                  "Actual Loops": 2,
                                                  "Inner Unique": true,
                                                  "Hash Cond": "(ci.role_id = rt.id)",
                                                  "Plans": [
                                                    {
                                                      "Node Type": "Seq Scan",
                                                      "Parent Relationship": "Outer",
                                                      "Parallel Aware": true,
                                                      "Relation Name": "cast_info",
                                                      "Alias": "ci",
                                                      "Startup Cost": 0.0,
                                                      "Total Cost": 328232.2,
                                                      "Plan Rows": 13296,
                                                      "Plan Width": 12,
                                                      "Actual Startup Time": 1.226,
                                                      "Actual Total Time": 2463.794,
                                                      "Actual Rows": 46548,
                                                      "Actual Loops": 2,
                                                      "Filter": "(note = '(voice: English version)'::text)",
                                                      "Rows Removed by Filter": 18075624
                                                    },
                                                    {
                                                      "Node Type": "Hash",
                                                      "Parent Relationship": "Inner",
                                                      "Parallel Aware": false,
                                                      "Startup Cost": 1.15,
                                                      "Total Cost": 1.15,
                                                      "Plan Rows": 1,
                                                      "Plan Width": 4,
                                                      "Actual Startup Time": 0.102,
                                                      "Actual Total Time": 0.103,
                                                      "Actual Rows": 1,
                                                      "Actual Loops": 2,
                                                      "Hash Buckets": 1024,
                                                      "Original Hash Buckets": 1024,
                                                      "Hash Batches": 1,
                                                      "Original Hash Batches": 1,
                                                      "Peak Memory Usage": 9,
                                                      "Plans": [
                                                        {
                                                          "Node Type": "Seq Scan",
                                                          "Parent Relationship": "Outer",
                                                          "Parallel Aware": false,
                                                          "Relation Name": "role_type",
                                                          "Alias": "rt",
                                                          "Startup Cost": 0.0,
                                                          "Total Cost": 1.15,
                                                          "Plan Rows": 1,
                                                          "Plan Width": 4,
                                                          "Actual Startup Time": 0.058,
                                                          "Actual Total Time": 0.063,
                                                          "Actual Rows": 1,
                                                          "Actual Loops": 2,
                                                          "Filter": "((role)::text = 'actress'::text)",
                                                          "Rows Removed by Filter": 11
                                                        }
                                                      ]
                                                    }
                                                  ]
                                                }
                                              ]
                                            }
                                          ]
                                        }
                                      ]
                                    }
                                  ]
                                }
                              ]
                            }
                          ]
                        }
                      ]
                    }
                  ]
                }
              ]
            }
          ]
        }
      ]
    },
    "Planning Time": 9.282,
    "Triggers": [],
    "Execution Time": 3855.714
  }
]