[
    {
        "Bao": {
            "Bao prediction": 492.923,
            "Bao recommended hint": "(no hint)"
        }
    },
    {
        "Plan": {
            "Node Type": "Aggregate",
            "Strategy": "Plain",
            "Partial Mode": "Finalize",
            "Parallel Aware": false,
            "Startup Cost": 27543.58,
            "Total Cost": 27543.59,
            "Plan Rows": 1,
            "Plan Width": 8,
            "Actual Startup Time": 79.485,
            "Actual Total Time": 83.576,
            "Actual Rows": 1,
            "Actual Loops": 1,
            "Output": [
                "count(*)"
            ],
            "Plans": [
                {
                    "Node Type": "Gather",
                    "Parent Relationship": "Outer",
                    "Parallel Aware": false,
                    "Startup Cost": 27543.16,
                    "Total Cost": 27543.57,
                    "Plan Rows": 4,
                    "Plan Width": 8,
                    "Actual Startup Time": 79.356,
                    "Actual Total Time": 83.567,
                    "Actual Rows": 5,
                    "Actual Loops": 1,
                    "Output": [
                        "(PARTIAL count(*))"
                    ],
                    "Workers Planned": 4,
                    "Workers Launched": 4,
                    "Single Copy": false,
                    "Plans": [
                        {
                            "Node Type": "Aggregate",
                            "Strategy": "Plain",
                            "Partial Mode": "Partial",
                            "Parent Relationship": "Outer",
                            "Parallel Aware": false,
                            "Startup Cost": 26543.16,
                            "Total Cost": 26543.17,
                            "Plan Rows": 1,
                            "Plan Width": 8,
                            "Actual Startup Time": 70.293,
                            "Actual Total Time": 70.294,
                            "Actual Rows": 1,
                            "Actual Loops": 5,
                            "Output": [
                                "PARTIAL count(*)"
                            ],
                            "Workers": [
                                {
                                    "Worker Number": 0,
                                    "Actual Startup Time": 68.14,
                                    "Actual Total Time": 68.141,
                                    "Actual Rows": 1,
                                    "Actual Loops": 1
                                },
                                {
                                    "Worker Number": 1,
                                    "Actual Startup Time": 68.209,
                                    "Actual Total Time": 68.21,
                                    "Actual Rows": 1,
                                    "Actual Loops": 1
                                },
                                {
                                    "Worker Number": 2,
                                    "Actual Startup Time": 68.14,
                                    "Actual Total Time": 68.142,
                                    "Actual Rows": 1,
                                    "Actual Loops": 1
                                },
                                {
                                    "Worker Number": 3,
                                    "Actual Startup Time": 68.331,
                                    "Actual Total Time": 68.332,
                                    "Actual Rows": 1,
                                    "Actual Loops": 1
                                }
                            ],
                            "Plans": [
                                {
                                    "Node Type": "Index Scan",
                                    "Parent Relationship": "Outer",
                                    "Parallel Aware": true,
                                    "Scan Direction": "Forward",
                                    "Index Name": "role_id_cast_info",
                                    "Relation Name": "cast_info",
                                    "Schema": "public",
                                    "Alias": "ci",
                                    "Startup Cost": 0.56,
                                    "Total Cost": 26238.71,
                                    "Plan Rows": 121778,
                                    "Plan Width": 0,
                                    "Actual Startup Time": 0.17,
                                    "Actual Total Time": 59.268,
                                    "Actual Rows": 132364,
                                    "Actual Loops": 5,
                                    "Output": [
                                        "id",
                                        "person_id",
                                        "movie_id",
                                        "person_role_id",
                                        "note",
                                        "nr_order",
                                        "role_id"
                                    ],
                                    "Index Cond": "(ci.role_id = 5)",
                                    "Rows Removed by Index Recheck": 0,
                                    "Filter": "(ci.person_id > 1716888)",
                                    "Rows Removed by Filter": 47314,
                                    "Workers": [
                                        {
                                            "Worker Number": 0,
                                            "Actual Startup Time": 0.282,
                                            "Actual Total Time": 57.681,
                                            "Actual Rows": 125525,
                                            "Actual Loops": 1
                                        },
                                        {
                                            "Worker Number": 1,
                                            "Actual Startup Time": 0.161,
                                            "Actual Total Time": 57.709,
                                            "Actual Rows": 124363,
                                            "Actual Loops": 1
                                        },
                                        {
                                            "Worker Number": 2,
                                            "Actual Startup Time": 0.194,
                                            "Actual Total Time": 57.812,
                                            "Actual Rows": 123872,
                                            "Actual Loops": 1
                                        },
                                        {
                                            "Worker Number": 3,
                                            "Actual Startup Time": 0.112,
                                            "Actual Total Time": 57.84,
                                            "Actual Rows": 125964,
                                            "Actual Loops": 1
                                        }
                                    ]
                                }
                            ]
                        }
                    ]
                }
            ]
        },
        "Planning Time": 2204.097,
        "Triggers": [],
        "Execution Time": 83.687
    }
]