[
  {
    "Plan": {
      "Node Type": "Aggregate",
      "Strategy": "Plain",
      "Partial Mode": "Finalize",
      "Parallel Aware": false,
      "Startup Cost": 202949.99,
      "Total Cost": 202950.0,
      "Plan Rows": 1,
      "Plan Width": 8,
      "Actual Startup Time": 278.467,
      "Actual Total Time": 307.638,
      "Actual Rows": 1,
      "Actual Loops": 1,
      "Plans": [
        {
          "Node Type": "Gather",
          "Parent Relationship": "Outer",
          "Parallel Aware": false,
          "Startup Cost": 202949.36,
          "Total Cost": 202949.97,
          "Plan Rows": 6,
          "Plan Width": 8,
          "Actual Startup Time": 278.342,
          "Actual Total Time": 307.623,
          "Actual Rows": 7,
          "Actual Loops": 1,
          "Workers Planned": 6,
          "Workers Launched": 6,
          "Single Copy": false,
          "Plans": [
            {
              "Node Type": "Aggregate",
              "Strategy": "Plain",
              "Partial Mode": "Partial",
              "Parent Relationship": "Outer",
              "Parallel Aware": false,
              "Startup Cost": 201949.36,
              "Total Cost": 201949.37,
              "Plan Rows": 1,
              "Plan Width": 8,
              "Actual Startup Time": 268.87,
              "Actual Total Time": 268.871,
              "Actual Rows": 1,
              "Actual Loops": 7,
              "Plans": [
                {
                  "Node Type": "Index Scan",
                  "Parent Relationship": "Outer",
                  "Parallel Aware": true,
                  "Scan Direction": "Forward",
                  "Index Name": "role_id_cast_info",
                  "Relation Name": "cast_info",
                  "Alias": "ci",
                  "Startup Cost": 0.56,
                  "Total Cost": 201884.69,
                  "Plan Rows": 25869,
                  "Plan Width": 0,
                  "Actual Startup Time": 42.79,
                  "Actual Total Time": 268.857,
                  "Actual Rows": 21,
                  "Actual Loops": 7,
                  "Index Cond": "(role_id = 2)",
                  "Rows Removed by Index Recheck": 0,
                  "Filter": "(person_id < 81472)",
                  "Rows Removed by Filter": 1064546
                }
              ]
            }
          ]
        }
      ]
    },
    "Planning Time": 0.081,
    "Triggers": [],
    "Execution Time": 307.672
  }
]