[
  {
    "Plan": {
      "Node Type": "Aggregate",
      "Strategy": "Plain",
      "Partial Mode": "Finalize",
      "Parallel Aware": false,
      "Startup Cost": 32426.5,
      "Total Cost": 32426.51,
      "Plan Rows": 1,
      "Plan Width": 8,
      "Actual Startup Time": 37.571,
      "Actual Total Time": 42.832,
      "Actual Rows": 1,
      "Actual Loops": 1,
      "Plans": [
        {
          "Node Type": "Gather",
          "Parent Relationship": "Outer",
          "Parallel Aware": false,
          "Startup Cost": 32426.28,
          "Total Cost": 32426.49,
          "Plan Rows": 2,
          "Plan Width": 8,
          "Actual Startup Time": 37.393,
          "Actual Total Time": 42.825,
          "Actual Rows": 3,
          "Actual Loops": 1,
          "Workers Planned": 2,
          "Workers Launched": 2,
          "Single Copy": false,
          "Plans": [
            {
              "Node Type": "Aggregate",
              "Strategy": "Plain",
              "Partial Mode": "Partial",
              "Parent Relationship": "Outer",
              "Parallel Aware": false,
              "Startup Cost": 31426.28,
              "Total Cost": 31426.29,
              "Plan Rows": 1,
              "Plan Width": 8,
              "Actual Startup Time": 29.096,
              "Actual Total Time": 29.098,
              "Actual Rows": 1,
              "Actual Loops": 3,
              "Plans": [
                {
                  "Node Type": "Nested Loop",
                  "Parent Relationship": "Outer",
                  "Parallel Aware": false,
                  "Join Type": "Inner",
                  "Startup Cost": 124.43,
                  "Total Cost": 31419.98,
                  "Plan Rows": 2522,
                  "Plan Width": 0,
                  "Actual Startup Time": 5.352,
                  "Actual Total Time": 29.045,
                  "Actual Rows": 275,
                  "Actual Loops": 3,
                  "Inner Unique": false,
                  "Plans": [
                    {
                      "Node Type": "Nested Loop",
                      "Parent Relationship": "Outer",
                      "Parallel Aware": false,
                      "Join Type": "Inner",
                      "Startup Cost": 124.0,
                      "Total Cost": 28897.74,
                      "Plan Rows": 1410,
                      "Plan Width": 8,
                      "Actual Startup Time": 5.148,
                      "Actual Total Time": 28.261,
                      "Actual Rows": 74,
                      "Actual Loops": 3,
                      "Inner Unique": true,
                      "Plans": [
                        {
                          "Node Type": "Bitmap Heap Scan",
                          "Parent Relationship": "Outer",
                          "Parallel Aware": true,
                          "Relation Name": "movie_companies",
                          "Alias": "mc",
                          "Startup Cost": 123.57,
                          "Total Cost": 12156.98,
                          "Plan Rows": 2319,
                          "Plan Width": 4,
                          "Actual Startup Time": 1.748,
                          "Actual Total Time": 7.407,
                          "Actual Rows": 1892,
                          "Actual Loops": 3,
                          "Recheck Cond": "(company_id = 73)",
                          "Rows Removed by Index Recheck": 0,
                          "Exact Heap Blocks": 1980,
                          "Lossy Heap Blocks": 0,
                          "Plans": [
                            {
                              "Node Type": "Bitmap Index Scan",
                              "Parent Relationship": "Outer",
                              "Parallel Aware": false,
                              "Index Name": "company_id_movie_companies",
                              "Startup Cost": 0.0,
                              "Total Cost": 122.18,
                              "Plan Rows": 5566,
                              "Plan Width": 0,
                              "Actual Startup Time": 3.644,
                              "Actual Total Time": 3.645,
                              "Actual Rows": 5677,
                              "Actual Loops": 1,
                              "Index Cond": "(company_id = 73)"
                            }
                          ]
                        },
                        {
                          "Node Type": "Index Scan",
                          "Parent Relationship": "Inner",
                          "Parallel Aware": false,
                          "Scan Direction": "Forward",
                          "Index Name": "title_pkey",
                          "Relation Name": "title",
                          "Alias": "t",
                          "Startup Cost": 0.43,
                          "Total Cost": 7.22,
                          "Plan Rows": 1,
                          "Plan Width": 4,
                          "Actual Startup Time": 0.01,
                          "Actual Total Time": 0.01,
                          "Actual Rows": 0,
                          "Actual Loops": 5677,
                          "Index Cond": "(id = mc.movie_id)",
                          "Rows Removed by Index Recheck": 0,
                          "Filter": "(kind_id = 7)",
                          "Rows Removed by Filter": 1
                        }
                      ]
                    },
                    {
                      "Node Type": "Index Only Scan",
                      "Parent Relationship": "Inner",
                      "Parallel Aware": false,
                      "Scan Direction": "Forward",
                      "Index Name": "movie_id_movie_keyword",
                      "Relation Name": "movie_keyword",
                      "Alias": "mk",
                      "Startup Cost": 0.43,
                      "Total Cost": 1.34,
                      "Plan Rows": 45,
                      "Plan Width": 4,
                      "Actual Startup Time": 0.008,
                      "Actual Total Time": 0.009,
                      "Actual Rows": 4,
                      "Actual Loops": 223,
                      "Index Cond": "(movie_id = t.id)",
                      "Rows Removed by Index Recheck": 0,
                      "Heap Fetches": 824
                    }
                  ]
                }
              ]
            }
          ]
        }
      ]
    },
    "Planning Time": 1.453,
    "Triggers": [],
    "Execution Time": 42.929
  }
]