[
  {
    "Plan": {
      "Node Type": "Aggregate",
      "Strategy": "Plain",
      "Partial Mode": "Finalize",
      "Parallel Aware": false,
      "Startup Cost": 456099.76,
      "Total Cost": 456099.77,
      "Plan Rows": 1,
      "Plan Width": 8,
      "Actual Startup Time": 4254.3,
      "Actual Total Time": 4320.401,
      "Actual Rows": 1,
      "Actual Loops": 1,
      "Plans": [
        {
          "Node Type": "Gather",
          "Parent Relationship": "Outer",
          "Parallel Aware": false,
          "Startup Cost": 456099.14,
          "Total Cost": 456099.75,
          "Plan Rows": 6,
          "Plan Width": 8,
          "Actual Startup Time": 4226.471,
          "Actual Total Time": 4320.388,
          "Actual Rows": 7,
          "Actual Loops": 1,
          "Workers Planned": 6,
          "Workers Launched": 6,
          "Single Copy": false,
          "Plans": [
            {
              "Node Type": "Aggregate",
              "Strategy": "Plain",
              "Partial Mode": "Partial",
              "Parent Relationship": "Outer",
              "Parallel Aware": false,
              "Startup Cost": 455099.14,
              "Total Cost": 455099.15,
              "Plan Rows": 1,
              "Plan Width": 8,
              "Actual Startup Time": 4206.965,
              "Actual Total Time": 4206.972,
              "Actual Rows": 1,
              "Actual Loops": 7,
              "Plans": [
                {
                  "Node Type": "Hash Join",
                  "Parent Relationship": "Outer",
                  "Parallel Aware": true,
                  "Join Type": "Inner",
                  "Startup Cost": 90558.43,
                  "Total Cost": 442534.59,
                  "Plan Rows": 5025819,
                  "Plan Width": 0,
                  "Actual Startup Time": 590.887,
                  "Actual Total Time": 3725.452,
                  "Actual Rows": 9634506,
                  "Actual Loops": 7,
                  "Inner Unique": false,
                  "Hash Cond": "(ci.movie_id = t.id)",
                  "Plans": [
                    {
                      "Node Type": "Seq Scan",
                      "Parent Relationship": "Outer",
                      "Parallel Aware": true,
                      "Relation Name": "cast_info",
                      "Alias": "ci",
                      "Startup Cost": 0.0,
                      "Total Cost": 313106.51,
                      "Plan Rows": 6041951,
                      "Plan Width": 4,
                      "Actual Startup Time": 0.05,
                      "Actual Total Time": 576.696,
                      "Actual Rows": 5177763,
                      "Actual Loops": 7
                    },
                    {
                      "Node Type": "Hash",
                      "Parent Relationship": "Inner",
                      "Parallel Aware": true,
                      "Startup Cost": 82077.81,
                      "Total Cost": 82077.81,
                      "Plan Rows": 678450,
                      "Plan Width": 8,
                      "Actual Startup Time": 584.227,
                      "Actual Total Time": 584.233,
                      "Actual Rows": 272229,
                      "Actual Loops": 7,
                      "Hash Buckets": 4194304,
                      "Original Hash Buckets": 4194304,
                      "Hash Batches": 1,
                      "Original Hash Batches": 1,
                      "Peak Memory Usage": 107424,
                      "Plans": [
                        {
                          "Node Type": "Hash Join",
                          "Parent Relationship": "Outer",
                          "Parallel Aware": true,
                          "Join Type": "Inner",
                          "Startup Cost": 50697.07,
                          "Total Cost": 82077.81,
                          "Plan Rows": 678450,
                          "Plan Width": 8,
                          "Actual Startup Time": 266.485,
                          "Actual Total Time": 451.111,
                          "Actual Rows": 272229,
                          "Actual Loops": 7,
                          "Inner Unique": true,
                          "Hash Cond": "(mc.movie_id = t.id)",
                          "Plans": [
                            {
                              "Node Type": "Seq Scan",
                              "Parent Relationship": "Outer",
                              "Parallel Aware": true,
                              "Relation Name": "movie_companies",
                              "Alias": "mc",
                              "Startup Cost": 0.0,
                              "Total Cost": 29310.68,
                              "Plan Rows": 788592,
                              "Plan Width": 4,
                              "Actual Startup Time": 0.018,
                              "Actual Total Time": 57.032,
                              "Actual Rows": 349574,
                              "Actual Loops": 7,
                              "Filter": "(company_id > 27)",
                              "Rows Removed by Filter": 23159
                            },
                            {
                              "Node Type": "Hash",
                              "Parent Relationship": "Inner",
                              "Parallel Aware": true,
                              "Startup Cost": 43899.32,
                              "Total Cost": 43899.32,
                              "Plan Rows": 543820,
                              "Plan Width": 4,
                              "Actual Startup Time": 261.882,
                              "Actual Total Time": 261.884,
                              "Actual Rows": 308535,
                              "Actual Loops": 7,
                              "Hash Buckets": 4194304,
                              "Original Hash Buckets": 4194304,
                              "Hash Batches": 1,
                              "Original Hash Batches": 1,
                              "Peak Memory Usage": 117376,
                              "Plans": [
                                {
                                  "Node Type": "Seq Scan",
                                  "Parent Relationship": "Outer",
                                  "Parallel Aware": true,
                                  "Relation Name": "title",
                                  "Alias": "t",
                                  "Startup Cost": 0.0,
                                  "Total Cost": 43899.32,
                                  "Plan Rows": 543820,
                                  "Plan Width": 4,
                                  "Actual Startup Time": 0.061,
                                  "Actual Total Time": 87.801,
                                  "Actual Rows": 308535,
                                  "Actual Loops": 7,
                                  "Filter": "(production_year > 1964)",
                                  "Rows Removed by Filter": 52652
                                }
                              ]
                            }
                          ]
                        }
                      ]
                    }
                  ]
                }
              ]
            }
          ]
        }
      ]
    },
    "Planning Time": 1.145,
    "Triggers": [],
    "Execution Time": 4320.482
  }
]