[
  {
    "Plan": {
      "Node Type": "Aggregate",
      "Strategy": "Plain",
      "Partial Mode": "Finalize",
      "Parallel Aware": false,
      "Startup Cost": 47022.36,
      "Total Cost": 47022.37,
      "Plan Rows": 1,
      "Plan Width": 8,
      "Actual Startup Time": 103.357,
      "Actual Total Time": 115.299,
      "Actual Rows": 1,
      "Actual Loops": 1,
      "Plans": [
        {
          "Node Type": "Gather",
          "Parent Relationship": "Outer",
          "Parallel Aware": false,
          "Startup Cost": 47021.94,
          "Total Cost": 47022.35,
          "Plan Rows": 4,
          "Plan Width": 8,
          "Actual Startup Time": 103.098,
          "Actual Total Time": 115.291,
          "Actual Rows": 5,
          "Actual Loops": 1,
          "Workers Planned": 4,
          "Workers Launched": 4,
          "Single Copy": false,
          "Plans": [
            {
              "Node Type": "Aggregate",
              "Strategy": "Plain",
              "Partial Mode": "Partial",
              "Parent Relationship": "Outer",
              "Parallel Aware": false,
              "Startup Cost": 46021.94,
              "Total Cost": 46021.95,
              "Plan Rows": 1,
              "Plan Width": 8,
              "Actual Startup Time": 94.025,
              "Actual Total Time": 94.026,
              "Actual Rows": 1,
              "Actual Loops": 5,
              "Plans": [
                {
                  "Node Type": "Seq Scan",
                  "Parent Relationship": "Outer",
                  "Parallel Aware": true,
                  "Relation Name": "title",
                  "Alias": "t",
                  "Startup Cost": 0.0,
                  "Total Cost": 45479.1,
                  "Plan Rows": 217138,
                  "Plan Width": 0,
                  "Actual Startup Time": 0.052,
                  "Actual Total Time": 87.02,
                  "Actual Rows": 155737,
                  "Actual Loops": 5,
                  "Filter": "((kind_id < 7) AND (production_year > 1960))",
                  "Rows Removed by Filter": 349926
                }
              ]
            }
          ]
        }
      ]
    },
    "Planning Time": 0.123,
    "Triggers": [],
    "Execution Time": 115.342
  }
]