{
  "Plan": {
    "Node Type": "Aggregate",
    "Strategy": "Plain",
    "Partial Mode": "Finalize",
    "Parallel Aware": false,
    "Startup Cost": 585928.94,
    "Total Cost": 585928.95,
    "Plan Rows": 1,
    "Plan Width": 8,
    "Actual Startup Time": 4527.785,
    "Actual Total Time": 4586.743,
    "Actual Rows": 1,
    "Actual Loops": 1,
    "Plans": [
      {
        "Node Type": "Gather",
        "Parent Relationship": "Outer",
        "Parallel Aware": false,
        "Startup Cost": 585928.82,
        "Total Cost": 585928.93,
        "Plan Rows": 1,
        "Plan Width": 8,
        "Actual Startup Time": 4519.446,
        "Actual Total Time": 4586.733,
        "Actual Rows": 2,
        "Actual Loops": 1,
        "Workers Planned": 1,
        "Workers Launched": 1,
        "Single Copy": false,
        "Plans": [
          {
            "Node Type": "Aggregate",
            "Strategy": "Plain",
            "Partial Mode": "Partial",
            "Parent Relationship": "Outer",
            "Parallel Aware": false,
            "Startup Cost": 584928.82,
            "Total Cost": 584928.83,
            "Plan Rows": 1,
            "Plan Width": 8,
            "Actual Startup Time": 4510.366,
            "Actual Total Time": 4511.46,
            "Actual Rows": 1,
            "Actual Loops": 2,
            "Plans": [
              {
                "Node Type": "Hash Join",
                "Parent Relationship": "Outer",
                "Parallel Aware": true,
                "Join Type": "Inner",
                "Startup Cost": 232289.41,
                "Total Cost": 563731.71,
                "Plan Rows": 8478844,
                "Plan Width": 0,
                "Actual Startup Time": 1167.622,
                "Actual Total Time": 4026.466,
                "Actual Rows": 11908390,
                "Actual Loops": 2,
                "Inner Unique": false,
                "Hash Cond": "(mi.movie_id = t.id)",
                "Plans": [
                  {
                    "Node Type": "Seq Scan",
                    "Parent Relationship": "Outer",
                    "Parallel Aware": true,
                    "Relation Name": "movie_info",
                    "Alias": "mi",
                    "Startup Cost": 0.0,
                    "Total Cost": 248955.74,
                    "Plan Rows": 8696274,
                    "Plan Width": 4,
                    "Actual Startup Time": 0.016,
                    "Actual Total Time": 633.6,
                    "Actual Rows": 7417860,
                    "Actual Loops": 2
                  },
                  {
                    "Node Type": "Hash",
                    "Parent Relationship": "Inner",
                    "Parallel Aware": true,
                    "Startup Cost": 214163.84,
                    "Total Cost": 214163.84,
                    "Plan Rows": 1450046,
                    "Plan Width": 8,
                    "Actual Startup Time": 1150.041,
                    "Actual Total Time": 1151.132,
                    "Actual Rows": 393740,
                    "Actual Loops": 2,
                    "Hash Buckets": 4194304,
                    "Original Hash Buckets": 4194304,
                    "Hash Batches": 1,
                    "Original Hash Batches": 1,
                    "Peak Memory Usage": 63616,
                    "Plans": [
                      {
                        "Node Type": "Hash Join",
                        "Parent Relationship": "Outer",
                        "Parallel Aware": true,
                        "Join Type": "Inner",
                        "Startup Cost": 69461.26,
                        "Total Cost": 214163.84,
                        "Plan Rows": 1450046,
                        "Plan Width": 8,
                        "Actual Startup Time": 522.517,
                        "Actual Total Time": 1015.75,
                        "Actual Rows": 393740,
                        "Actual Loops": 2,
                        "Inner Unique": true,
                        "Hash Cond": "(ci.movie_id = t.id)",
                        "Plans": [
                          {
                            "Node Type": "Index Scan",
                            "Parent Relationship": "Outer",
                            "Parallel Aware": true,
                            "Scan Direction": "Forward",
                            "Index Name": "role_id_cast_info",
                            "Relation Name": "cast_info",
                            "Alias": "ci",
                            "Startup Cost": 0.56,
                            "Total Cost": 140896.75,
                            "Plan Rows": 1450046,
                            "Plan Width": 4,
                            "Actual Startup Time": 0.166,
                            "Actual Total Time": 291.94,
                            "Actual Rows": 393740,
                            "Actual Loops": 2,
                            "Index Cond": "(role_id = 10)",
                            "Rows Removed by Index Recheck": 0,
                            "Filter": "(person_id < 2051680)",
                            "Rows Removed by Filter": 1767770
                          },
                          {
                            "Node Type": "Hash",
                            "Parent Relationship": "Inner",
                            "Parallel Aware": true,
                            "Startup Cost": 50870.31,
                            "Total Cost": 50870.31,
                            "Plan Rows": 1487231,
                            "Plan Width": 4,
                            "Actual Startup Time": 510.01,
                            "Actual Total Time": 510.011,
                            "Actual Rows": 1264156,
                            "Actual Loops": 2,
                            "Hash Buckets": 4194304,
                            "Original Hash Buckets": 4194304,
                            "Hash Batches": 1,
                            "Original Hash Batches": 1,
                            "Peak Memory Usage": 131712,
                            "Plans": [
                              {
                                "Node Type": "Seq Scan",
                                "Parent Relationship": "Outer",
                                "Parallel Aware": true,
                                "Relation Name": "title",
                                "Alias": "t",
                                "Startup Cost": 0.0,
                                "Total Cost": 50870.31,
                                "Plan Rows": 1487231,
                                "Plan Width": 4,
                                "Actual Startup Time": 0.039,
                                "Actual Total Time": 154.602,
                                "Actual Rows": 1264156,
                                "Actual Loops": 2
                              }
                            ]
                          }
                        ]
                      }
                    ]
                  }
                ]
              }
            ]
          }
        ]
      }
    ]
  },
  "Planning Time": 0.601,
  "Triggers": [],
  "Execution Time": 4586.83
}