[
    {
        "Bao": {
            "Bao prediction": "NaN",
            "Bao recommended hint": "(no hint)"
        }
    },
    {
        "Plan": {
            "Node Type": "Aggregate",
            "Strategy": "Plain",
            "Partial Mode": "Finalize",
            "Parallel Aware": false,
            "Startup Cost": 413052.36,
            "Total Cost": 413052.37,
            "Plan Rows": 1,
            "Plan Width": 8,
            "Actual Startup Time": 1650.517,
            "Actual Total Time": 1700.783,
            "Actual Rows": 1,
            "Actual Loops": 1,
            "Output": [
                "count(*)"
            ],
            "Plans": [
                {
                    "Node Type": "Gather",
                    "Parent Relationship": "Outer",
                    "Parallel Aware": false,
                    "Startup Cost": 413051.74,
                    "Total Cost": 413052.35,
                    "Plan Rows": 6,
                    "Plan Width": 8,
                    "Actual Startup Time": 1631.928,
                    "Actual Total Time": 1700.77,
                    "Actual Rows": 7,
                    "Actual Loops": 1,
                    "Output": [
                        "(PARTIAL count(*))"
                    ],
                    "Workers Planned": 6,
                    "Workers Launched": 6,
                    "Single Copy": false,
                    "Plans": [
                        {
                            "Node Type": "Aggregate",
                            "Strategy": "Plain",
                            "Partial Mode": "Partial",
                            "Parent Relationship": "Outer",
                            "Parallel Aware": false,
                            "Startup Cost": 412051.74,
                            "Total Cost": 412051.75,
                            "Plan Rows": 1,
                            "Plan Width": 8,
                            "Actual Startup Time": 1621.757,
                            "Actual Total Time": 1621.931,
                            "Actual Rows": 1,
                            "Actual Loops": 7,
                            "Output": [
                                "PARTIAL count(*)"
                            ],
                            "Workers": [
                                {
                                    "Worker Number": 0,
                                    "Actual Startup Time": 1619.301,
                                    "Actual Total Time": 1619.308,
                                    "Actual Rows": 1,
                                    "Actual Loops": 1
                                },
                                {
                                    "Worker Number": 1,
                                    "Actual Startup Time": 1619.562,
                                    "Actual Total Time": 1619.566,
                                    "Actual Rows": 1,
                                    "Actual Loops": 1
                                },
                                {
                                    "Worker Number": 2,
                                    "Actual Startup Time": 1619.396,
                                    "Actual Total Time": 1619.401,
                                    "Actual Rows": 1,
                                    "Actual Loops": 1
                                },
                                {
                                    "Worker Number": 3,
                                    "Actual Startup Time": 1620.576,
                                    "Actual Total Time": 1620.583,
                                    "Actual Rows": 1,
                                    "Actual Loops": 1
                                },
                                {
                                    "Worker Number": 4,
                                    "Actual Startup Time": 1621.624,
                                    "Actual Total Time": 1621.631,
                                    "Actual Rows": 1,
                                    "Actual Loops": 1
                                },
                                {
                                    "Worker Number": 5,
                                    "Actual Startup Time": 1620.583,
                                    "Actual Total Time": 1620.589,
                                    "Actual Rows": 1,
                                    "Actual Loops": 1
                                }
                            ],
                            "Plans": [
                                {
                                    "Node Type": "Hash Join",
                                    "Parent Relationship": "Outer",
                                    "Parallel Aware": true,
                                    "Join Type": "Inner",
                                    "Startup Cost": 70175.7,
                                    "Total Cost": 409919.75,
                                    "Plan Rows": 852795,
                                    "Plan Width": 0,
                                    "Actual Startup Time": 376.065,
                                    "Actual Total Time": 1562.855,
                                    "Actual Rows": 997838,
                                    "Actual Loops": 7,
                                    "Inner Unique": false,
                                    "Hash Cond": "(ci.movie_id = t.id)",
                                    "Workers": [
                                        {
                                            "Worker Number": 0,
                                            "Actual Startup Time": 373.831,
                                            "Actual Total Time": 1559.689,
                                            "Actual Rows": 931554,
                                            "Actual Loops": 1
                                        },
                                        {
                                            "Worker Number": 1,
                                            "Actual Startup Time": 374.077,
                                            "Actual Total Time": 1559.254,
                                            "Actual Rows": 941967,
                                            "Actual Loops": 1
                                        },
                                        {
                                            "Worker Number": 2,
                                            "Actual Startup Time": 373.813,
                                            "Actual Total Time": 1563.154,
                                            "Actual Rows": 875208,
                                            "Actual Loops": 1
                                        },
                                        {
                                            "Worker Number": 3,
                                            "Actual Startup Time": 374.959,
                                            "Actual Total Time": 1560.925,
                                            "Actual Rows": 930042,
                                            "Actual Loops": 1
                                        },
                                        {
                                            "Worker Number": 4,
                                            "Actual Startup Time": 375.101,
                                            "Actual Total Time": 1560.702,
                                            "Actual Rows": 949137,
                                            "Actual Loops": 1
                                        },
                                        {
                                            "Worker Number": 5,
                                            "Actual Startup Time": 375.055,
                                            "Actual Total Time": 1564.837,
                                            "Actual Rows": 1380276,
                                            "Actual Loops": 1
                                        }
                                    ],
                                    "Plans": [
                                        {
                                            "Node Type": "Seq Scan",
                                            "Parent Relationship": "Outer",
                                            "Parallel Aware": true,
                                            "Relation Name": "cast_info",
                                            "Schema": "public",
                                            "Alias": "ci",
                                            "Startup Cost": 0.0,
                                            "Total Cost": 328213.62,
                                            "Plan Rows": 2127232,
                                            "Plan Width": 4,
                                            "Actual Startup Time": 0.035,
                                            "Actual Total Time": 738.48,
                                            "Actual Rows": 1810098,
                                            "Actual Loops": 7,
                                            "Output": [
                                                "ci.id",
                                                "ci.person_id",
                                                "ci.movie_id",
                                                "ci.person_role_id",
                                                "ci.note",
                                                "ci.nr_order",
                                                "ci.role_id"
                                            ],
                                            "Filter": "(ci.role_id = 1)",
                                            "Rows Removed by Filter": 3367665,
                                            "Workers": [
                                                {
                                                    "Worker Number": 0,
                                                    "Actual Startup Time": 0.038,
                                                    "Actual Total Time": 748.639,
                                                    "Actual Rows": 1706467,
                                                    "Actual Loops": 1
                                                },
                                                {
                                                    "Worker Number": 1,
                                                    "Actual Startup Time": 0.035,
                                                    "Actual Total Time": 747.422,
                                                    "Actual Rows": 1694594,
                                                    "Actual Loops": 1
                                                },
                                                {
                                                    "Worker Number": 2,
                                                    "Actual Startup Time": 0.05,
                                                    "Actual Total Time": 738.997,
                                                    "Actual Rows": 1591033,
                                                    "Actual Loops": 1
                                                },
                                                {
                                                    "Worker Number": 3,
                                                    "Actual Startup Time": 0.04,
                                                    "Actual Total Time": 745.633,
                                                    "Actual Rows": 1680966,
                                                    "Actual Loops": 1
                                                },
                                                {
                                                    "Worker Number": 4,
                                                    "Actual Startup Time": 0.031,
                                                    "Actual Total Time": 746.963,
                                                    "Actual Rows": 1695564,
                                                    "Actual Loops": 1
                                                },
                                                {
                                                    "Worker Number": 5,
                                                    "Actual Startup Time": 0.024,
                                                    "Actual Total Time": 729.53,
                                                    "Actual Rows": 2536210,
                                                    "Actual Loops": 1
                                                }
                                            ]
                                        },
                                        {
                                            "Node Type": "Hash",
                                            "Parent Relationship": "Inner",
                                            "Parallel Aware": true,
                                            "Startup Cost": 64896.59,
                                            "Total Cost": 64896.59,
                                            "Plan Rows": 422329,
                                            "Plan Width": 8,
                                            "Actual Startup Time": 373.162,
                                            "Actual Total Time": 373.334,
                                            "Actual Rows": 107162,
                                            "Actual Loops": 7,
                                            "Output": [
                                                "t.id",
                                                "mi_idx.movie_id"
                                            ],
                                            "Hash Buckets": 1048576,
                                            "Original Hash Buckets": 1048576,
                                            "Hash Batches": 1,
                                            "Original Hash Batches": 1,
                                            "Peak Memory Usage": 37696,
                                            "Workers": [
                                                {
                                                    "Worker Number": 0,
                                                    "Actual Startup Time": 372.758,
                                                    "Actual Total Time": 372.763,
                                                    "Actual Rows": 105764,
                                                    "Actual Loops": 1
                                                },
                                                {
                                                    "Worker Number": 1,
                                                    "Actual Startup Time": 373.144,
                                                    "Actual Total Time": 373.148,
                                                    "Actual Rows": 104736,
                                                    "Actual Loops": 1
                                                },
                                                {
                                                    "Worker Number": 2,
                                                    "Actual Startup Time": 372.979,
                                                    "Actual Total Time": 372.983,
                                                    "Actual Rows": 103428,
                                                    "Actual Loops": 1
                                                },
                                                {
                                                    "Worker Number": 3,
                                                    "Actual Startup Time": 374.073,
                                                    "Actual Total Time": 374.078,
                                                    "Actual Rows": 104846,
                                                    "Actual Loops": 1
                                                },
                                                {
                                                    "Worker Number": 4,
                                                    "Actual Startup Time": 374.073,
                                                    "Actual Total Time": 374.078,
                                                    "Actual Rows": 105552,
                                                    "Actual Loops": 1
                                                },
                                                {
                                                    "Worker Number": 5,
                                                    "Actual Startup Time": 374.115,
                                                    "Actual Total Time": 374.119,
                                                    "Actual Rows": 112429,
                                                    "Actual Loops": 1
                                                }
                                            ],
                                            "Plans": [
                                                {
                                                    "Node Type": "Hash Join",
                                                    "Parent Relationship": "Outer",
                                                    "Parallel Aware": true,
                                                    "Join Type": "Inner",
                                                    "Startup Cost": 49702.03,
                                                    "Total Cost": 64896.59,
                                                    "Plan Rows": 422329,
                                                    "Plan Width": 8,
                                                    "Actual Startup Time": 242.992,
                                                    "Actual Total Time": 330.923,
                                                    "Actual Rows": 107162,
                                                    "Actual Loops": 7,
                                                    "Output": [
                                                        "t.id",
                                                        "mi_idx.movie_id"
                                                    ],
                                                    "Inner Unique": true,
                                                    "Hash Cond": "(mi_idx.movie_id = t.id)",
                                                    "Workers": [
                                                        {
                                                            "Worker Number": 0,
                                                            "Actual Startup Time": 243.013,
                                                            "Actual Total Time": 331.772,
                                                            "Actual Rows": 105764,
                                                            "Actual Loops": 1
                                                        },
                                                        {
                                                            "Worker Number": 1,
                                                            "Actual Startup Time": 242.978,
                                                            "Actual Total Time": 330.744,
                                                            "Actual Rows": 104736,
                                                            "Actual Loops": 1
                                                        },
                                                        {
                                                            "Worker Number": 2,
                                                            "Actual Startup Time": 242.993,
                                                            "Actual Total Time": 330.377,
                                                            "Actual Rows": 103428,
                                                            "Actual Loops": 1
                                                        },
                                                        {
                                                            "Worker Number": 3,
                                                            "Actual Startup Time": 242.936,
                                                            "Actual Total Time": 330.827,
                                                            "Actual Rows": 104846,
                                                            "Actual Loops": 1
                                                        },
                                                        {
                                                            "Worker Number": 4,
                                                            "Actual Startup Time": 242.952,
                                                            "Actual Total Time": 330.814,
                                                            "Actual Rows": 105552,
                                                            "Actual Loops": 1
                                                        },
                                                        {
                                                            "Worker Number": 5,
                                                            "Actual Startup Time": 242.962,
                                                            "Actual Total Time": 330.613,
                                                            "Actual Rows": 112429,
                                                            "Actual Loops": 1
                                                        }
                                                    ],
                                                    "Plans": [
                                                        {
                                                            "Node Type": "Seq Scan",
                                                            "Parent Relationship": "Outer",
                                                            "Parallel Aware": true,
                                                            "Relation Name": "movie_info_idx",
                                                            "Schema": "public",
                                                            "Alias": "mi_idx",
                                                            "Startup Cost": 0.0,
                                                            "Total Cost": 13685.15,
                                                            "Plan Rows": 575015,
                                                            "Plan Width": 4,
                                                            "Actual Startup Time": 0.04,
                                                            "Actual Total Time": 25.753,
                                                            "Actual Rows": 197148,
                                                            "Actual Loops": 7,
                                                            "Output": [
                                                                "mi_idx.id",
                                                                "mi_idx.movie_id",
                                                                "mi_idx.info_type_id",
                                                                "mi_idx.info",
                                                                "mi_idx.note"
                                                            ],
                                                            "Workers": [
                                                                {
                                                                    "Worker Number": 0,
                                                                    "Actual Startup Time": 0.044,
                                                                    "Actual Total Time": 26.583,
                                                                    "Actual Rows": 190294,
                                                                    "Actual Loops": 1
                                                                },
                                                                {
                                                                    "Worker Number": 1,
                                                                    "Actual Startup Time": 0.043,
                                                                    "Actual Total Time": 26.656,
                                                                    "Actual Rows": 191658,
                                                                    "Actual Loops": 1
                                                                },
                                                                {
                                                                    "Worker Number": 2,
                                                                    "Actual Startup Time": 0.053,
                                                                    "Actual Total Time": 26.639,
                                                                    "Actual Rows": 186984,
                                                                    "Actual Loops": 1
                                                                },
                                                                {
                                                                    "Worker Number": 3,
                                                                    "Actual Startup Time": 0.051,
                                                                    "Actual Total Time": 26.562,
                                                                    "Actual Rows": 189584,
                                                                    "Actual Loops": 1
                                                                },
                                                                {
                                                                    "Worker Number": 4,
                                                                    "Actual Startup Time": 0.035,
                                                                    "Actual Total Time": 26.705,
                                                                    "Actual Rows": 191493,
                                                                    "Actual Loops": 1
                                                                },
                                                                {
                                                                    "Worker Number": 5,
                                                                    "Actual Startup Time": 0.045,
                                                                    "Actual Total Time": 25.756,
                                                                    "Actual Rows": 223857,
                                                                    "Actual Loops": 1
                                                                }
                                                            ]
                                                        },
                                                        {
                                                            "Node Type": "Hash",
                                                            "Parent Relationship": "Inner",
                                                            "Parallel Aware": true,
                                                            "Startup Cost": 43899.01,
                                                            "Total Cost": 43899.01,
                                                            "Plan Rows": 464242,
                                                            "Plan Width": 4,
                                                            "Actual Startup Time": 240.387,
                                                            "Actual Total Time": 240.389,
                                                            "Actual Rows": 266498,
                                                            "Actual Loops": 7,
                                                            "Output": [
                                                                "t.id"
                                                            ],
                                                            "Hash Buckets": 2097152,
                                                            "Original Hash Buckets": 2097152,
                                                            "Hash Batches": 1,
                                                            "Original Hash Batches": 1,
                                                            "Peak Memory Usage": 89504,
                                                            "Workers": [
                                                                {
                                                                    "Worker Number": 0,
                                                                    "Actual Startup Time": 242.88,
                                                                    "Actual Total Time": 242.882,
                                                                    "Actual Rows": 267536,
                                                                    "Actual Loops": 1
                                                                },
                                                                {
                                                                    "Worker Number": 1,
                                                                    "Actual Startup Time": 242.836,
                                                                    "Actual Total Time": 242.838,
                                                                    "Actual Rows": 264933,
                                                                    "Actual Loops": 1
                                                                },
                                                                {
                                                                    "Worker Number": 2,
                                                                    "Actual Startup Time": 242.824,
                                                                    "Actual Total Time": 242.826,
                                                                    "Actual Rows": 224054,
                                                                    "Actual Loops": 1
                                                                },
                                                                {
                                                                    "Worker Number": 3,
                                                                    "Actual Startup Time": 242.685,
                                                                    "Actual Total Time": 242.687,
                                                                    "Actual Rows": 257985,
                                                                    "Actual Loops": 1
                                                                },
                                                                {
                                                                    "Worker Number": 4,
                                                                    "Actual Startup Time": 242.796,
                                                                    "Actual Total Time": 242.798,
                                                                    "Actual Rows": 265989,
                                                                    "Actual Loops": 1
                                                                },
                                                                {
                                                                    "Worker Number": 5,
                                                                    "Actual Startup Time": 242.808,
                                                                    "Actual Total Time": 242.81,
                                                                    "Actual Rows": 235597,
                                                                    "Actual Loops": 1
                                                                }
                                                            ],
                                                            "Plans": [
                                                                {
                                                                    "Node Type": "Seq Scan",
                                                                    "Parent Relationship": "Outer",
                                                                    "Parallel Aware": true,
                                                                    "Relation Name": "title",
                                                                    "Schema": "public",
                                                                    "Alias": "t",
                                                                    "Startup Cost": 0.0,
                                                                    "Total Cost": 43899.01,
                                                                    "Plan Rows": 464242,
                                                                    "Plan Width": 4,
                                                                    "Actual Startup Time": 0.049,
                                                                    "Actual Total Time": 95.768,
                                                                    "Actual Rows": 266498,
                                                                    "Actual Loops": 7,
                                                                    "Output": [
                                                                        "t.id"
                                                                    ],
                                                                    "Filter": "(t.kind_id > 1)",
                                                                    "Rows Removed by Filter": 94689,
                                                                    "Workers": [
                                                                        {
                                                                            "Worker Number": 0,
                                                                            "Actual Startup Time": 0.057,
                                                                            "Actual Total Time": 97.654,
                                                                            "Actual Rows": 267536,
                                                                            "Actual Loops": 1
                                                                        },
                                                                        {
                                                                            "Worker Number": 1,
                                                                            "Actual Startup Time": 0.055,
                                                                            "Actual Total Time": 97.91,
                                                                            "Actual Rows": 264933,
                                                                            "Actual Loops": 1
                                                                        },
                                                                        {
                                                                            "Worker Number": 2,
                                                                            "Actual Startup Time": 0.051,
                                                                            "Actual Total Time": 101.305,
                                                                            "Actual Rows": 224054,
                                                                            "Actual Loops": 1
                                                                        },
                                                                        {
                                                                            "Worker Number": 3,
                                                                            "Actual Startup Time": 0.068,
                                                                            "Actual Total Time": 96.594,
                                                                            "Actual Rows": 257985,
                                                                            "Actual Loops": 1
                                                                        },
                                                                        {
                                                                            "Worker Number": 4,
                                                                            "Actual Startup Time": 0.035,
                                                                            "Actual Total Time": 97.474,
                                                                            "Actual Rows": 265989,
                                                                            "Actual Loops": 1
                                                                        },
                                                                        {
                                                                            "Worker Number": 5,
                                                                            "Actual Startup Time": 0.061,
                                                                            "Actual Total Time": 98.069,
                                                                            "Actual Rows": 235597,
                                                                            "Actual Loops": 1
                                                                        }
                                                                    ]
                                                                }
                                                            ]
                                                        }
                                                    ]
                                                }
                                            ]
                                        }
                                    ]
                                }
                            ]
                        }
                    ]
                }
            ]
        },
        "Planning Time": 274.102,
        "Triggers": [],
        "Execution Time": 1700.867
    }
]