[
  {
    "Plan": {
      "Node Type": "Aggregate",
      "Strategy": "Plain",
      "Partial Mode": "Finalize",
      "Parallel Aware": false,
      "Startup Cost": 47385.45,
      "Total Cost": 47385.46,
      "Plan Rows": 1,
      "Plan Width": 8,
      "Actual Startup Time": 118.445,
      "Actual Total Time": 130.039,
      "Actual Rows": 1,
      "Actual Loops": 1,
      "Plans": [
        {
          "Node Type": "Gather",
          "Parent Relationship": "Outer",
          "Parallel Aware": false,
          "Startup Cost": 47385.03,
          "Total Cost": 47385.44,
          "Plan Rows": 4,
          "Plan Width": 8,
          "Actual Startup Time": 118.304,
          "Actual Total Time": 130.03,
          "Actual Rows": 5,
          "Actual Loops": 1,
          "Workers Planned": 4,
          "Workers Launched": 4,
          "Single Copy": false,
          "Plans": [
            {
              "Node Type": "Aggregate",
              "Strategy": "Plain",
              "Partial Mode": "Partial",
              "Parent Relationship": "Outer",
              "Parallel Aware": false,
              "Startup Cost": 46385.03,
              "Total Cost": 46385.04,
              "Plan Rows": 1,
              "Plan Width": 8,
              "Actual Startup Time": 110.665,
              "Actual Total Time": 110.666,
              "Actual Rows": 1,
              "Actual Loops": 5,
              "Plans": [
                {
                  "Node Type": "Seq Scan",
                  "Parent Relationship": "Outer",
                  "Parallel Aware": true,
                  "Relation Name": "title",
                  "Alias": "t",
                  "Startup Cost": 0.0,
                  "Total Cost": 45479.1,
                  "Plan Rows": 362371,
                  "Plan Width": 0,
                  "Actual Startup Time": 0.035,
                  "Actual Total Time": 95.227,
                  "Actual Rows": 285956,
                  "Actual Loops": 5,
                  "Filter": "((kind_id > 2) AND (production_year < 2011))",
                  "Rows Removed by Filter": 219706
                }
              ]
            }
          ]
        }
      ]
    },
    "Planning Time": 0.189,
    "Triggers": [],
    "Execution Time": 130.096
  }
]