[
  {
    "Plan": {
      "Node Type": "Aggregate",
      "Strategy": "Plain",
      "Partial Mode": "Finalize",
      "Parallel Aware": false,
      "Startup Cost": 46539.0,
      "Total Cost": 46539.01,
      "Plan Rows": 1,
      "Plan Width": 8,
      "Actual Startup Time": 169.278,
      "Actual Total Time": 178.965,
      "Actual Rows": 1,
      "Actual Loops": 1,
      "Plans": [
        {
          "Node Type": "Gather",
          "Parent Relationship": "Outer",
          "Parallel Aware": false,
          "Startup Cost": 46538.69,
          "Total Cost": 46539.0,
          "Plan Rows": 3,
          "Plan Width": 8,
          "Actual Startup Time": 169.149,
          "Actual Total Time": 178.954,
          "Actual Rows": 4,
          "Actual Loops": 1,
          "Workers Planned": 3,
          "Workers Launched": 3,
          "Single Copy": false,
          "Plans": [
            {
              "Node Type": "Aggregate",
              "Strategy": "Plain",
              "Partial Mode": "Partial",
              "Parent Relationship": "Outer",
              "Parallel Aware": false,
              "Startup Cost": 45538.69,
              "Total Cost": 45538.7,
              "Plan Rows": 1,
              "Plan Width": 8,
              "Actual Startup Time": 160.502,
              "Actual Total Time": 160.503,
              "Actual Rows": 1,
              "Actual Loops": 4,
              "Plans": [
                {
                  "Node Type": "Seq Scan",
                  "Parent Relationship": "Outer",
                  "Parallel Aware": true,
                  "Relation Name": "movie_keyword",
                  "Alias": "mk",
                  "Startup Cost": 0.0,
                  "Total Cost": 42695.65,
                  "Plan Rows": 1137213,
                  "Plan Width": 0,
                  "Actual Startup Time": 0.21,
                  "Actual Total Time": 122.243,
                  "Actual Rows": 880726,
                  "Actual Loops": 4,
                  "Filter": "(keyword_id > 956)",
                  "Rows Removed by Filter": 250256
                }
              ]
            }
          ]
        }
      ]
    },
    "Planning Time": 0.184,
    "Triggers": [],
    "Execution Time": 179.028
  }
]