{
  "Plan": {
    "Node Type": "Aggregate",
    "Strategy": "Plain",
    "Partial Mode": "Finalize",
    "Parallel Aware": false,
    "Startup Cost": 100990.1,
    "Total Cost": 100990.11,
    "Plan Rows": 1,
    "Plan Width": 8,
    "Actual Startup Time": 386.039,
    "Actual Total Time": 402.761,
    "Actual Rows": 1,
    "Actual Loops": 1,
    "Plans": [
      {
        "Node Type": "Gather",
        "Parent Relationship": "Outer",
        "Parallel Aware": false,
        "Startup Cost": 100989.99,
        "Total Cost": 100990.1,
        "Plan Rows": 1,
        "Plan Width": 8,
        "Actual Startup Time": 385.797,
        "Actual Total Time": 402.753,
        "Actual Rows": 2,
        "Actual Loops": 1,
        "Workers Planned": 1,
        "Workers Launched": 1,
        "Single Copy": false,
        "Plans": [
          {
            "Node Type": "Aggregate",
            "Strategy": "Plain",
            "Partial Mode": "Partial",
            "Parent Relationship": "Outer",
            "Parallel Aware": false,
            "Startup Cost": 99989.99,
            "Total Cost": 99990.0,
            "Plan Rows": 1,
            "Plan Width": 8,
            "Actual Startup Time": 381.775,
            "Actual Total Time": 381.78,
            "Actual Rows": 1,
            "Actual Loops": 2,
            "Plans": [
              {
                "Node Type": "Hash Join",
                "Parent Relationship": "Outer",
                "Parallel Aware": true,
                "Join Type": "Inner",
                "Startup Cost": 80828.4,
                "Total Cost": 99970.74,
                "Plan Rows": 7699,
                "Plan Width": 0,
                "Actual Startup Time": 270.776,
                "Actual Total Time": 381.648,
                "Actual Rows": 2104,
                "Actual Loops": 2,
                "Inner Unique": false,
                "Hash Cond": "(mi_idx.movie_id = t.id)",
                "Plans": [
                  {
                    "Node Type": "Seq Scan",
                    "Parent Relationship": "Outer",
                    "Parallel Aware": true,
                    "Relation Name": "movie_info_idx",
                    "Alias": "mi_idx",
                    "Startup Cost": 0.0,
                    "Total Cost": 16052.85,
                    "Plan Rows": 811785,
                    "Plan Width": 4,
                    "Actual Startup Time": 0.021,
                    "Actual Total Time": 56.435,
                    "Actual Rows": 690018,
                    "Actual Loops": 2
                  },
                  {
                    "Node Type": "Hash",
                    "Parent Relationship": "Inner",
                    "Parallel Aware": true,
                    "Startup Cost": 80652.09,
                    "Total Cost": 80652.09,
                    "Plan Rows": 14105,
                    "Plan Width": 8,
                    "Actual Startup Time": 268.648,
                    "Actual Total Time": 268.652,
                    "Actual Rows": 2594,
                    "Actual Loops": 2,
                    "Hash Buckets": 32768,
                    "Original Hash Buckets": 32768,
                    "Hash Batches": 1,
                    "Original Hash Batches": 1,
                    "Peak Memory Usage": 512,
                    "Plans": [
                      {
                        "Node Type": "Hash Join",
                        "Parent Relationship": "Outer",
                        "Parallel Aware": true,
                        "Join Type": "Inner",
                        "Startup Cost": 20403.62,
                        "Total Cost": 80652.09,
                        "Plan Rows": 14105,
                        "Plan Width": 8,
                        "Actual Startup Time": 24.481,
                        "Actual Total Time": 267.407,
                        "Actual Rows": 2594,
                        "Actual Loops": 2,
                        "Inner Unique": false,
                        "Hash Cond": "(t.id = mc.movie_id)",
                        "Plans": [
                          {
                            "Node Type": "Seq Scan",
                            "Parent Relationship": "Outer",
                            "Parallel Aware": true,
                            "Relation Name": "title",
                            "Alias": "t",
                            "Startup Cost": 0.0,
                            "Total Cost": 50870.31,
                            "Plan Rows": 1487231,
                            "Plan Width": 4,
                            "Actual Startup Time": 0.012,
                            "Actual Total Time": 134.658,
                            "Actual Rows": 1264156,
                            "Actual Loops": 2
                          },
                          {
                            "Node Type": "Hash",
                            "Parent Relationship": "Inner",
                            "Parallel Aware": true,
                            "Startup Cost": 20227.3,
                            "Total Cost": 20227.3,
                            "Plan Rows": 14105,
                            "Plan Width": 4,
                            "Actual Startup Time": 24.056,
                            "Actual Total Time": 24.058,
                            "Actual Rows": 2594,
                            "Actual Loops": 2,
                            "Hash Buckets": 32768,
                            "Original Hash Buckets": 32768,
                            "Hash Batches": 1,
                            "Original Hash Batches": 1,
                            "Peak Memory Usage": 480,
                            "Plans": [
                              {
                                "Node Type": "Bitmap Heap Scan",
                                "Parent Relationship": "Outer",
                                "Parallel Aware": true,
                                "Relation Name": "movie_companies",
                                "Alias": "mc",
                                "Startup Cost": 1020.61,
                                "Total Cost": 20227.3,
                                "Plan Rows": 14105,
                                "Plan Width": 4,
                                "Actual Startup Time": 21.073,
                                "Actual Total Time": 23.236,
                                "Actual Rows": 2594,
                                "Actual Loops": 2,
                                "Recheck Cond": "(company_id = 19)",
                                "Rows Removed by Index Recheck": 0,
                                "Filter": "(company_type_id = 2)",
                                "Rows Removed by Filter": 21032,
                                "Exact Heap Blocks": 4317,
                                "Lossy Heap Blocks": 0,
                                "Plans": [
                                  {
                                    "Node Type": "Bitmap Index Scan",
                                    "Parent Relationship": "Outer",
                                    "Parallel Aware": false,
                                    "Index Name": "company_id_movie_companies",
                                    "Startup Cost": 0.0,
                                    "Total Cost": 1014.62,
                                    "Plan Rows": 47225,
                                    "Plan Width": 0,
                                    "Actual Startup Time": 6.831,
                                    "Actual Total Time": 6.832,
                                    "Actual Rows": 47252,
                                    "Actual Loops": 1,
                                    "Index Cond": "(company_id = 19)"
                                  }
                                ]
                              }
                            ]
                          }
                        ]
                      }
                    ]
                  }
                ]
              }
            ]
          }
        ]
      }
    ]
  },
  "Planning Time": 1.178,
  "Triggers": [],
  "Execution Time": 402.867
}