[
  {
    "Plan": {
      "Node Type": "Aggregate",
      "Strategy": "Plain",
      "Partial Mode": "Finalize",
      "Parallel Aware": false,
      "Startup Cost": 339785.6,
      "Total Cost": 339785.61,
      "Plan Rows": 1,
      "Plan Width": 8,
      "Actual Startup Time": 351.207,
      "Actual Total Time": 410.769,
      "Actual Rows": 1,
      "Actual Loops": 1,
      "Plans": [
        {
          "Node Type": "Gather",
          "Parent Relationship": "Outer",
          "Parallel Aware": false,
          "Startup Cost": 339785.18,
          "Total Cost": 339785.59,
          "Plan Rows": 4,
          "Plan Width": 8,
          "Actual Startup Time": 350.681,
          "Actual Total Time": 410.756,
          "Actual Rows": 5,
          "Actual Loops": 1,
          "Workers Planned": 4,
          "Workers Launched": 4,
          "Single Copy": false,
          "Plans": [
            {
              "Node Type": "Aggregate",
              "Strategy": "Plain",
              "Partial Mode": "Partial",
              "Parent Relationship": "Outer",
              "Parallel Aware": false,
              "Startup Cost": 338785.18,
              "Total Cost": 338785.19,
              "Plan Rows": 1,
              "Plan Width": 8,
              "Actual Startup Time": 342.266,
              "Actual Total Time": 342.269,
              "Actual Rows": 1,
              "Actual Loops": 5,
              "Plans": [
                {
                  "Node Type": "Nested Loop",
                  "Parent Relationship": "Outer",
                  "Parallel Aware": false,
                  "Join Type": "Inner",
                  "Startup Cost": 1707.52,
                  "Total Cost": 338444.45,
                  "Plan Rows": 136294,
                  "Plan Width": 0,
                  "Actual Startup Time": 17.111,
                  "Actual Total Time": 334.46,
                  "Actual Rows": 84141,
                  "Actual Loops": 5,
                  "Inner Unique": false,
                  "Plans": [
                    {
                      "Node Type": "Bitmap Heap Scan",
                      "Parent Relationship": "Outer",
                      "Parallel Aware": true,
                      "Relation Name": "title",
                      "Alias": "t",
                      "Startup Cost": 1706.95,
                      "Total Cost": 38061.46,
                      "Plan Rows": 9506,
                      "Plan Width": 4,
                      "Actual Startup Time": 16.85,
                      "Actual Total Time": 41.84,
                      "Actual Rows": 7825,
                      "Actual Loops": 5,
                      "Recheck Cond": "(kind_id = 2)",
                      "Rows Removed by Index Recheck": 0,
                      "Filter": "(production_year < 2000)",
                      "Rows Removed by Filter": 10345,
                      "Exact Heap Blocks": 10776,
                      "Lossy Heap Blocks": 0,
                      "Plans": [
                        {
                          "Node Type": "Bitmap Index Scan",
                          "Parent Relationship": "Outer",
                          "Parallel Aware": false,
                          "Index Name": "kind_id_title",
                          "Startup Cost": 0.0,
                          "Total Cost": 1697.45,
                          "Plan Rows": 95069,
                          "Plan Width": 0,
                          "Actual Startup Time": 17.459,
                          "Actual Total Time": 17.46,
                          "Actual Rows": 90852,
                          "Actual Loops": 1,
                          "Index Cond": "(kind_id = 2)"
                        }
                      ]
                    },
                    {
                      "Node Type": "Index Only Scan",
                      "Parent Relationship": "Inner",
                      "Parallel Aware": false,
                      "Scan Direction": "Forward",
                      "Index Name": "movie_id_cast_info",
                      "Relation Name": "cast_info",
                      "Alias": "ci",
                      "Startup Cost": 0.56,
                      "Total Cost": 31.25,
                      "Plan Rows": 35,
                      "Plan Width": 4,
                      "Actual Startup Time": 0.009,
                      "Actual Total Time": 0.036,
                      "Actual Rows": 11,
                      "Actual Loops": 39125,
                      "Index Cond": "(movie_id = t.id)",
                      "Rows Removed by Index Recheck": 0,
                      "Heap Fetches": 420704
                    }
                  ]
                }
              ]
            }
          ]
        }
      ]
    },
    "Planning Time": 0.39,
    "Triggers": [],
    "Execution Time": 410.861
  }
]