[
  {
    "Plan": {
      "Node Type": "Aggregate",
      "Strategy": "Plain",
      "Partial Mode": "Finalize",
      "Parallel Aware": false,
      "Startup Cost": 80625.04,
      "Total Cost": 80625.05,
      "Plan Rows": 1,
      "Plan Width": 8,
      "Actual Startup Time": 411.251,
      "Actual Total Time": 429.99,
      "Actual Rows": 1,
      "Actual Loops": 1,
      "Plans": [
        {
          "Node Type": "Gather",
          "Parent Relationship": "Outer",
          "Parallel Aware": false,
          "Startup Cost": 80624.72,
          "Total Cost": 80625.03,
          "Plan Rows": 3,
          "Plan Width": 8,
          "Actual Startup Time": 406.988,
          "Actual Total Time": 429.98,
          "Actual Rows": 4,
          "Actual Loops": 1,
          "Workers Planned": 3,
          "Workers Launched": 3,
          "Single Copy": false,
          "Plans": [
            {
              "Node Type": "Aggregate",
              "Strategy": "Plain",
              "Partial Mode": "Partial",
              "Parent Relationship": "Outer",
              "Parallel Aware": false,
              "Startup Cost": 79624.72,
              "Total Cost": 79624.73,
              "Plan Rows": 1,
              "Plan Width": 8,
              "Actual Startup Time": 394.017,
              "Actual Total Time": 394.024,
              "Actual Rows": 1,
              "Actual Loops": 4,
              "Plans": [
                {
                  "Node Type": "Hash Join",
                  "Parent Relationship": "Outer",
                  "Parallel Aware": true,
                  "Join Type": "Inner",
                  "Startup Cost": 58649.5,
                  "Total Cost": 79533.55,
                  "Plan Rows": 36469,
                  "Plan Width": 0,
                  "Actual Startup Time": 308.729,
                  "Actual Total Time": 391.058,
                  "Actual Rows": 49372,
                  "Actual Loops": 4,
                  "Inner Unique": true,
                  "Hash Cond": "(mc.movie_id = t.id)",
                  "Plans": [
                    {
                      "Node Type": "Bitmap Heap Scan",
                      "Parent Relationship": "Outer",
                      "Parallel Aware": true,
                      "Relation Name": "movie_companies",
                      "Alias": "mc",
                      "Startup Cost": 8587.11,
                      "Total Cost": 29306.11,
                      "Plan Rows": 62877,
                      "Plan Width": 4,
                      "Actual Startup Time": 25.741,
                      "Actual Total Time": 69.002,
                      "Actual Rows": 74684,
                      "Actual Loops": 4,
                      "Recheck Cond": "(company_id < 239)",
                      "Rows Removed by Index Recheck": 0,
                      "Filter": "(company_type_id = 1)",
                      "Rows Removed by Filter": 23216,
                      "Exact Heap Blocks": 7141,
                      "Lossy Heap Blocks": 0,
                      "Plans": [
                        {
                          "Node Type": "Bitmap Index Scan",
                          "Parent Relationship": "Outer",
                          "Parallel Aware": false,
                          "Index Name": "company_id_movie_companies",
                          "Startup Cost": 0.0,
                          "Total Cost": 8538.38,
                          "Plan Rows": 398660,
                          "Plan Width": 0,
                          "Actual Startup Time": 23.008,
                          "Actual Total Time": 23.009,
                          "Actual Rows": 391600,
                          "Actual Loops": 1,
                          "Index Cond": "(company_id < 239)"
                        }
                      ]
                    },
                    {
                      "Node Type": "Hash",
                      "Parent Relationship": "Inner",
                      "Parallel Aware": true,
                      "Startup Cost": 45479.59,
                      "Total Cost": 45479.59,
                      "Plan Rows": 366624,
                      "Plan Width": 4,
                      "Actual Startup Time": 274.935,
                      "Actual Total Time": 274.938,
                      "Actual Rows": 362616,
                      "Actual Loops": 4,
                      "Hash Buckets": 2097152,
                      "Original Hash Buckets": 2097152,
                      "Hash Batches": 1,
                      "Original Hash Batches": 1,
                      "Peak Memory Usage": 73184,
                      "Plans": [
                        {
                          "Node Type": "Seq Scan",
                          "Parent Relationship": "Outer",
                          "Parallel Aware": true,
                          "Relation Name": "title",
                          "Alias": "t",
                          "Startup Cost": 0.0,
                          "Total Cost": 45479.59,
                          "Plan Rows": 366624,
                          "Plan Width": 4,
                          "Actual Startup Time": 0.046,
                          "Actual Total Time": 126.26,
                          "Actual Rows": 362616,
                          "Actual Loops": 4,
                          "Filter": "((kind_id > 4) AND (production_year < 2013))",
                          "Rows Removed by Filter": 269462
                        }
                      ]
                    }
                  ]
                }
              ]
            }
          ]
        }
      ]
    },
    "Planning Time": 0.592,
    "Triggers": [],
    "Execution Time": 430.078
  }
]