[
  {
    "Plan": {
      "Node Type": "Aggregate",
      "Strategy": "Plain",
      "Partial Mode": "Finalize",
      "Parallel Aware": false,
      "Startup Cost": 78503.0,
      "Total Cost": 78503.01,
      "Plan Rows": 1,
      "Plan Width": 8,
      "Actual Startup Time": 257.344,
      "Actual Total Time": 273.984,
      "Actual Rows": 1,
      "Actual Loops": 1,
      "Plans": [
        {
          "Node Type": "Gather",
          "Parent Relationship": "Outer",
          "Parallel Aware": false,
          "Startup Cost": 78502.58,
          "Total Cost": 78502.99,
          "Plan Rows": 4,
          "Plan Width": 8,
          "Actual Startup Time": 255.807,
          "Actual Total Time": 273.975,
          "Actual Rows": 5,
          "Actual Loops": 1,
          "Workers Planned": 4,
          "Workers Launched": 4,
          "Single Copy": false,
          "Plans": [
            {
              "Node Type": "Aggregate",
              "Strategy": "Plain",
              "Partial Mode": "Partial",
              "Parent Relationship": "Outer",
              "Parallel Aware": false,
              "Startup Cost": 77502.58,
              "Total Cost": 77502.59,
              "Plan Rows": 1,
              "Plan Width": 8,
              "Actual Startup Time": 245.906,
              "Actual Total Time": 245.909,
              "Actual Rows": 1,
              "Actual Loops": 5,
              "Plans": [
                {
                  "Node Type": "Hash Join",
                  "Parent Relationship": "Outer",
                  "Parallel Aware": true,
                  "Join Type": "Inner",
                  "Startup Cost": 30032.18,
                  "Total Cost": 77431.99,
                  "Plan Rows": 28238,
                  "Plan Width": 0,
                  "Actual Startup Time": 110.819,
                  "Actual Total Time": 243.888,
                  "Actual Rows": 39497,
                  "Actual Loops": 5,
                  "Inner Unique": false,
                  "Hash Cond": "(t.id = mc.movie_id)",
                  "Plans": [
                    {
                      "Node Type": "Seq Scan",
                      "Parent Relationship": "Outer",
                      "Parallel Aware": true,
                      "Relation Name": "title",
                      "Alias": "t",
                      "Startup Cost": 0.0,
                      "Total Cost": 45479.1,
                      "Plan Rows": 365924,
                      "Plan Width": 4,
                      "Actual Startup Time": 0.014,
                      "Actual Total Time": 77.897,
                      "Actual Rows": 290093,
                      "Actual Loops": 5,
                      "Filter": "((kind_id > 4) AND (production_year < 2013))",
                      "Rows Removed by Filter": 215569
                    },
                    {
                      "Node Type": "Hash",
                      "Parent Relationship": "Inner",
                      "Parallel Aware": true,
                      "Startup Cost": 29245.48,
                      "Total Cost": 29245.48,
                      "Plan Rows": 62936,
                      "Plan Width": 4,
                      "Actual Startup Time": 109.162,
                      "Actual Total Time": 109.163,
                      "Actual Rows": 59747,
                      "Actual Loops": 5,
                      "Hash Buckets": 524288,
                      "Original Hash Buckets": 262144,
                      "Hash Batches": 1,
                      "Original Hash Batches": 1,
                      "Peak Memory Usage": 17920,
                      "Plans": [
                        {
                          "Node Type": "Bitmap Heap Scan",
                          "Parent Relationship": "Outer",
                          "Parallel Aware": true,
                          "Relation Name": "movie_companies",
                          "Alias": "mc",
                          "Startup Cost": 8537.73,
                          "Total Cost": 29245.48,
                          "Plan Rows": 62936,
                          "Plan Width": 4,
                          "Actual Startup Time": 30.353,
                          "Actual Total Time": 79.428,
                          "Actual Rows": 59747,
                          "Actual Loops": 5,
                          "Recheck Cond": "(company_id < 239)",
                          "Rows Removed by Index Recheck": 0,
                          "Filter": "(company_type_id = 1)",
                          "Rows Removed by Filter": 18573,
                          "Exact Heap Blocks": 6641,
                          "Lossy Heap Blocks": 0,
                          "Plans": [
                            {
                              "Node Type": "Bitmap Index Scan",
                              "Parent Relationship": "Outer",
                              "Parallel Aware": false,
                              "Index Name": "company_id_movie_companies",
                              "Startup Cost": 0.0,
                              "Total Cost": 8488.95,
                              "Plan Rows": 396336,
                              "Plan Width": 0,
                              "Actual Startup Time": 31.557,
                              "Actual Total Time": 31.558,
                              "Actual Rows": 391600,
                              "Actual Loops": 1,
                              "Index Cond": "(company_id < 239)"
                            }
                          ]
                        }
                      ]
                    }
                  ]
                }
              ]
            }
          ]
        }
      ]
    },
    "Planning Time": 0.645,
    "Triggers": [],
    "Execution Time": 274.082
  }
]