{
  "Plan": {
    "Node Type": "Aggregate",
    "Strategy": "Plain",
    "Partial Mode": "Finalize",
    "Parallel Aware": false,
    "Startup Cost": 349270.08,
    "Total Cost": 349270.09,
    "Plan Rows": 1,
    "Plan Width": 8,
    "Actual Startup Time": 1575.821,
    "Actual Total Time": 1624.746,
    "Actual Rows": 1,
    "Actual Loops": 1,
    "Plans": [
      {
        "Node Type": "Gather",
        "Parent Relationship": "Outer",
        "Parallel Aware": false,
        "Startup Cost": 349269.97,
        "Total Cost": 349270.08,
        "Plan Rows": 1,
        "Plan Width": 8,
        "Actual Startup Time": 1575.568,
        "Actual Total Time": 1624.735,
        "Actual Rows": 2,
        "Actual Loops": 1,
        "Workers Planned": 1,
        "Workers Launched": 1,
        "Single Copy": false,
        "Plans": [
          {
            "Node Type": "Aggregate",
            "Strategy": "Plain",
            "Partial Mode": "Partial",
            "Parent Relationship": "Outer",
            "Parallel Aware": false,
            "Startup Cost": 348269.97,
            "Total Cost": 348269.98,
            "Plan Rows": 1,
            "Plan Width": 8,
            "Actual Startup Time": 1572.787,
            "Actual Total Time": 1572.791,
            "Actual Rows": 1,
            "Actual Loops": 2,
            "Plans": [
              {
                "Node Type": "Hash Join",
                "Parent Relationship": "Outer",
                "Parallel Aware": true,
                "Join Type": "Inner",
                "Startup Cost": 54884.91,
                "Total Cost": 347930.46,
                "Plan Rows": 135803,
                "Plan Width": 0,
                "Actual Startup Time": 164.62,
                "Actual Total Time": 1563.15,
                "Actual Rows": 227444,
                "Actual Loops": 2,
                "Inner Unique": true,
                "Hash Cond": "(mi.movie_id = t.id)",
                "Plans": [
                  {
                    "Node Type": "Seq Scan",
                    "Parent Relationship": "Outer",
                    "Parallel Aware": true,
                    "Relation Name": "movie_info",
                    "Alias": "mi",
                    "Startup Cost": 0.0,
                    "Total Cost": 270696.42,
                    "Plan Rows": 8513942,
                    "Plan Width": 4,
                    "Actual Startup Time": 0.02,
                    "Actual Total Time": 827.006,
                    "Actual Rows": 7264466,
                    "Actual Loops": 2,
                    "Filter": "(info_type_id < 106)",
                    "Rows Removed by Filter": 153394
                  },
                  {
                    "Node Type": "Hash",
                    "Parent Relationship": "Inner",
                    "Parallel Aware": true,
                    "Startup Cost": 54588.39,
                    "Total Cost": 54588.39,
                    "Plan Rows": 23722,
                    "Plan Width": 4,
                    "Actual Startup Time": 142.011,
                    "Actual Total Time": 142.012,
                    "Actual Rows": 21410,
                    "Actual Loops": 2,
                    "Hash Buckets": 65536,
                    "Original Hash Buckets": 65536,
                    "Hash Batches": 1,
                    "Original Hash Batches": 1,
                    "Peak Memory Usage": 2208,
                    "Plans": [
                      {
                        "Node Type": "Seq Scan",
                        "Parent Relationship": "Outer",
                        "Parallel Aware": true,
                        "Relation Name": "title",
                        "Alias": "t",
                        "Startup Cost": 0.0,
                        "Total Cost": 54588.39,
                        "Plan Rows": 23722,
                        "Plan Width": 4,
                        "Actual Startup Time": 70.515,
                        "Actual Total Time": 135.719,
                        "Actual Rows": 21410,
                        "Actual Loops": 2,
                        "Filter": "(production_year < 1913)",
                        "Rows Removed by Filter": 1242746
                      }
                    ]
                  }
                ]
              }
            ]
          }
        ]
      }
    ]
  },
  "Planning Time": 0.308,
  "Triggers": [],
  "Execution Time": 1624.815
}