[
  {
    "Plan": {
      "Node Type": "Aggregate",
      "Strategy": "Plain",
      "Partial Mode": "Finalize",
      "Parallel Aware": false,
      "Startup Cost": 298650.6,
      "Total Cost": 298650.61,
      "Plan Rows": 1,
      "Plan Width": 8,
      "Actual Startup Time": 206.754,
      "Actual Total Time": 215.529,
      "Actual Rows": 1,
      "Actual Loops": 1,
      "Plans": [
        {
          "Node Type": "Gather",
          "Parent Relationship": "Outer",
          "Parallel Aware": false,
          "Startup Cost": 298649.98,
          "Total Cost": 298650.59,
          "Plan Rows": 6,
          "Plan Width": 8,
          "Actual Startup Time": 206.223,
          "Actual Total Time": 215.518,
          "Actual Rows": 7,
          "Actual Loops": 1,
          "Workers Planned": 6,
          "Workers Launched": 6,
          "Single Copy": false,
          "Plans": [
            {
              "Node Type": "Aggregate",
              "Strategy": "Plain",
              "Partial Mode": "Partial",
              "Parent Relationship": "Outer",
              "Parallel Aware": false,
              "Startup Cost": 297649.98,
              "Total Cost": 297649.99,
              "Plan Rows": 1,
              "Plan Width": 8,
              "Actual Startup Time": 196.096,
              "Actual Total Time": 196.097,
              "Actual Rows": 1,
              "Actual Loops": 7,
              "Plans": [
                {
                  "Node Type": "Bitmap Heap Scan",
                  "Parent Relationship": "Outer",
                  "Parallel Aware": true,
                  "Relation Name": "cast_info",
                  "Alias": "ci",
                  "Startup Cost": 40057.0,
                  "Total Cost": 297306.03,
                  "Plan Rows": 137580,
                  "Plan Width": 0,
                  "Actual Startup Time": 91.6,
                  "Actual Total Time": 181.836,
                  "Actual Rows": 252488,
                  "Actual Loops": 7,
                  "Recheck Cond": "(person_id > 3712291)",
                  "Rows Removed by Index Recheck": 0,
                  "Filter": "(role_id > 2)",
                  "Rows Removed by Filter": 0,
                  "Exact Heap Blocks": 4427,
                  "Lossy Heap Blocks": 0,
                  "Plans": [
                    {
                      "Node Type": "Bitmap Index Scan",
                      "Parent Relationship": "Outer",
                      "Parallel Aware": false,
                      "Index Name": "person_id_cast_info",
                      "Startup Cost": 0.0,
                      "Total Cost": 39850.63,
                      "Plan Rows": 1824809,
                      "Plan Width": 0,
                      "Actual Startup Time": 94.581,
                      "Actual Total Time": 94.582,
                      "Actual Rows": 1767417,
                      "Actual Loops": 1,
                      "Index Cond": "(person_id > 3712291)"
                    }
                  ]
                }
              ]
            }
          ]
        }
      ]
    },
    "Planning Time": 0.23,
    "Triggers": [],
    "Execution Time": 215.608
  }
]