[
  {
    "Plan": {
      "Node Type": "Aggregate",
      "Strategy": "Plain",
      "Partial Mode": "Finalize",
      "Parallel Aware": false,
      "Startup Cost": 32051.94,
      "Total Cost": 32051.95,
      "Plan Rows": 1,
      "Plan Width": 8,
      "Actual Startup Time": 123.069,
      "Actual Total Time": 131.21,
      "Actual Rows": 1,
      "Actual Loops": 1,
      "Plans": [
        {
          "Node Type": "Gather",
          "Parent Relationship": "Outer",
          "Parallel Aware": false,
          "Startup Cost": 32051.62,
          "Total Cost": 32051.93,
          "Plan Rows": 3,
          "Plan Width": 8,
          "Actual Startup Time": 122.878,
          "Actual Total Time": 131.201,
          "Actual Rows": 4,
          "Actual Loops": 1,
          "Workers Planned": 3,
          "Workers Launched": 3,
          "Single Copy": false,
          "Plans": [
            {
              "Node Type": "Aggregate",
              "Strategy": "Plain",
              "Partial Mode": "Partial",
              "Parent Relationship": "Outer",
              "Parallel Aware": false,
              "Startup Cost": 31051.62,
              "Total Cost": 31051.63,
              "Plan Rows": 1,
              "Plan Width": 8,
              "Actual Startup Time": 114.368,
              "Actual Total Time": 114.369,
              "Actual Rows": 1,
              "Actual Loops": 4,
              "Plans": [
                {
                  "Node Type": "Seq Scan",
                  "Parent Relationship": "Outer",
                  "Parallel Aware": true,
                  "Relation Name": "movie_companies",
                  "Alias": "mc",
                  "Startup Cost": 0.0,
                  "Total Cost": 29310.68,
                  "Plan Rows": 696376,
                  "Plan Width": 0,
                  "Actual Startup Time": 0.037,
                  "Actual Total Time": 87.026,
                  "Actual Rows": 540356,
                  "Actual Loops": 4,
                  "Filter": "(company_id < 77468)",
                  "Rows Removed by Filter": 111927
                }
              ]
            }
          ]
        }
      ]
    },
    "Planning Time": 0.169,
    "Triggers": [],
    "Execution Time": 131.262
  }
]