[
  {
    "Plan": {
      "Node Type": "Aggregate",
      "Strategy": "Plain",
      "Partial Mode": "Finalize",
      "Parallel Aware": false,
      "Startup Cost": 32060.73,
      "Total Cost": 32060.74,
      "Plan Rows": 1,
      "Plan Width": 8,
      "Actual Startup Time": 134.19,
      "Actual Total Time": 140.407,
      "Actual Rows": 1,
      "Actual Loops": 1,
      "Plans": [
        {
          "Node Type": "Gather",
          "Parent Relationship": "Outer",
          "Parallel Aware": false,
          "Startup Cost": 32060.41,
          "Total Cost": 32060.72,
          "Plan Rows": 3,
          "Plan Width": 8,
          "Actual Startup Time": 134.069,
          "Actual Total Time": 140.398,
          "Actual Rows": 4,
          "Actual Loops": 1,
          "Workers Planned": 3,
          "Workers Launched": 3,
          "Single Copy": false,
          "Plans": [
            {
              "Node Type": "Aggregate",
              "Strategy": "Plain",
              "Partial Mode": "Partial",
              "Parent Relationship": "Outer",
              "Parallel Aware": false,
              "Startup Cost": 31060.41,
              "Total Cost": 31060.42,
              "Plan Rows": 1,
              "Plan Width": 8,
              "Actual Startup Time": 126.032,
              "Actual Total Time": 126.033,
              "Actual Rows": 1,
              "Actual Loops": 4,
              "Plans": [
                {
                  "Node Type": "Seq Scan",
                  "Parent Relationship": "Outer",
                  "Parallel Aware": true,
                  "Relation Name": "movie_companies",
                  "Alias": "mc",
                  "Startup Cost": 0.0,
                  "Total Cost": 29310.68,
                  "Plan Rows": 699891,
                  "Plan Width": 0,
                  "Actual Startup Time": 0.045,
                  "Actual Total Time": 94.023,
                  "Actual Rows": 540356,
                  "Actual Loops": 4,
                  "Filter": "(company_id < 77468)",
                  "Rows Removed by Filter": 111927
                }
              ]
            }
          ]
        }
      ]
    },
    "Planning Time": 0.197,
    "Triggers": [],
    "Execution Time": 140.468
  }
]