[
  {
    "Plan": {
      "Node Type": "Aggregate",
      "Strategy": "Plain",
      "Partial Mode": "Finalize",
      "Parallel Aware": false,
      "Startup Cost": 33136.57,
      "Total Cost": 33136.58,
      "Plan Rows": 1,
      "Plan Width": 8,
      "Actual Startup Time": 107.719,
      "Actual Total Time": 116.011,
      "Actual Rows": 1,
      "Actual Loops": 1,
      "Plans": [
        {
          "Node Type": "Gather",
          "Parent Relationship": "Outer",
          "Parallel Aware": false,
          "Startup Cost": 33136.25,
          "Total Cost": 33136.56,
          "Plan Rows": 3,
          "Plan Width": 8,
          "Actual Startup Time": 107.576,
          "Actual Total Time": 116.002,
          "Actual Rows": 4,
          "Actual Loops": 1,
          "Workers Planned": 3,
          "Workers Launched": 3,
          "Single Copy": false,
          "Plans": [
            {
              "Node Type": "Aggregate",
              "Strategy": "Plain",
              "Partial Mode": "Partial",
              "Parent Relationship": "Outer",
              "Parallel Aware": false,
              "Startup Cost": 32136.25,
              "Total Cost": 32136.26,
              "Plan Rows": 1,
              "Plan Width": 8,
              "Actual Startup Time": 98.712,
              "Actual Total Time": 98.713,
              "Actual Rows": 1,
              "Actual Loops": 4,
              "Plans": [
                {
                  "Node Type": "Seq Scan",
                  "Parent Relationship": "Outer",
                  "Parallel Aware": true,
                  "Relation Name": "movie_companies",
                  "Alias": "mc",
                  "Startup Cost": 0.0,
                  "Total Cost": 31414.82,
                  "Plan Rows": 288573,
                  "Plan Width": 0,
                  "Actual Startup Time": 0.029,
                  "Actual Total Time": 81.48,
                  "Actual Rows": 303463,
                  "Actual Loops": 4,
                  "Filter": "((company_id < 33874) AND (company_type_id < 2))",
                  "Rows Removed by Filter": 348820
                }
              ]
            }
          ]
        }
      ]
    },
    "Planning Time": 0.184,
    "Triggers": [],
    "Execution Time": 116.06
  }
]