{
    "Plan": {
        "Node Type": "Aggregate",
        "Strategy": "Plain",
        "Partial Mode": "Simple",
        "Parallel Aware": false,
        "Startup Cost": 10000713715.3,
        "Total Cost": 10000713715.31,
        "Plan Rows": 1,
        "Plan Width": 8,
        "Actual Startup Time": 4266.969,
        "Actual Total Time": 4266.973,
        "Actual Rows": 1,
        "Actual Loops": 1,
        "Output": [
            "count(*)"
        ],
        "Plans": [
            {
                "Node Type": "Hash Join",
                "Parent Relationship": "Outer",
                "Parallel Aware": false,
                "Join Type": "Inner",
                "Startup Cost": 10000315313.85,
                "Total Cost": 10000713256.39,
                "Plan Rows": 183565,
                "Plan Width": 0,
                "Actual Startup Time": 1705.106,
                "Actual Total Time": 4244.345,
                "Actual Rows": 495705,
                "Actual Loops": 1,
                "Inner Unique": true,
                "Hash Cond": "(ci.movie_id = t.id)",
                "Plans": [
                    {
                        "Node Type": "Bitmap Heap Scan",
                        "Parent Relationship": "Outer",
                        "Parallel Aware": false,
                        "Relation Name": "cast_info",
                        "Schema": "public",
                        "Alias": "ci",
                        "Startup Cost": 197189.79,
                        "Total Cost": 584710.03,
                        "Plan Rows": 3970390,
                        "Plan Width": 4,
                        "Actual Startup Time": 367.712,
                        "Actual Total Time": 1786.169,
                        "Actual Rows": 8979430,
                        "Actual Loops": 1,
                        "Output": [
                            "ci.id",
                            "ci.person_id",
                            "ci.movie_id",
                            "ci.person_role_id",
                            "ci.note",
                            "ci.nr_order",
                            "ci.role_id"
                        ],
                        "Recheck Cond": "(ci.person_id > 2798341)",
                        "Rows Removed by Index Recheck": 0,
                        "Filter": "(ci.role_id > 2)",
                        "Rows Removed by Filter": 0,
                        "Exact Heap Blocks": 101579,
                        "Lossy Heap Blocks": 0,
                        "Plans": [
                            {
                                "Node Type": "Bitmap Index Scan",
                                "Parent Relationship": "Outer",
                                "Parallel Aware": false,
                                "Index Name": "person_id_cast_info",
                                "Startup Cost": 0.0,
                                "Total Cost": 196197.19,
                                "Plan Rows": 8988883,
                                "Plan Width": 0,
                                "Actual Startup Time": 352.502,
                                "Actual Total Time": 352.503,
                                "Actual Rows": 8979430,
                                "Actual Loops": 1,
                                "Index Cond": "(ci.person_id > 2798341)"
                            }
                        ]
                    },
                    {
                        "Node Type": "Hash",
                        "Parent Relationship": "Inner",
                        "Parallel Aware": false,
                        "Startup Cost": 10000116662.9,
                        "Total Cost": 10000116662.9,
                        "Plan Rows": 116893,
                        "Plan Width": 4,
                        "Actual Startup Time": 1336.843,
                        "Actual Total Time": 1336.844,
                        "Actual Rows": 119565,
                        "Actual Loops": 1,
                        "Output": [
                            "t.id"
                        ],
                        "Hash Buckets": 131072,
                        "Original Hash Buckets": 131072,
                        "Hash Batches": 1,
                        "Original Hash Batches": 1,
                        "Peak Memory Usage": 5228,
                        "Plans": [
                            {
                                "Node Type": "Index Scan",
                                "Parent Relationship": "Outer",
                                "Parallel Aware": false,
                                "Scan Direction": "Forward",
                                "Index Name": "title_pkey",
                                "Relation Name": "title",
                                "Schema": "public",
                                "Alias": "t",
                                "Startup Cost": 10000000000.43,
                                "Total Cost": 10000116662.9,
                                "Plan Rows": 116893,
                                "Plan Width": 4,
                                "Actual Startup Time": 2.122,
                                "Actual Total Time": 1304.853,
                                "Actual Rows": 119565,
                                "Actual Loops": 1,
                                "Output": [
                                    "t.id"
                                ],
                                "Filter": "(t.production_year = 2007)",
                                "Rows Removed by Filter": 2408747
                            }
                        ]
                    }
                ]
            }
        ]
    },
    "Planning Time": 2.727,
    "Triggers": [],
    "Execution Time": 4267.678
}