[
  {
    "Plan": {
      "Node Type": "Aggregate",
      "Strategy": "Plain",
      "Partial Mode": "Finalize",
      "Parallel Aware": false,
      "Startup Cost": 33097.95,
      "Total Cost": 33097.96,
      "Plan Rows": 1,
      "Plan Width": 8,
      "Actual Startup Time": 103.843,
      "Actual Total Time": 112.112,
      "Actual Rows": 1,
      "Actual Loops": 1,
      "Plans": [
        {
          "Node Type": "Gather",
          "Parent Relationship": "Outer",
          "Parallel Aware": false,
          "Startup Cost": 33097.63,
          "Total Cost": 33097.94,
          "Plan Rows": 3,
          "Plan Width": 8,
          "Actual Startup Time": 103.715,
          "Actual Total Time": 112.103,
          "Actual Rows": 4,
          "Actual Loops": 1,
          "Workers Planned": 3,
          "Workers Launched": 3,
          "Single Copy": false,
          "Plans": [
            {
              "Node Type": "Aggregate",
              "Strategy": "Plain",
              "Partial Mode": "Partial",
              "Parent Relationship": "Outer",
              "Parallel Aware": false,
              "Startup Cost": 32097.63,
              "Total Cost": 32097.64,
              "Plan Rows": 1,
              "Plan Width": 8,
              "Actual Startup Time": 95.346,
              "Actual Total Time": 95.347,
              "Actual Rows": 1,
              "Actual Loops": 4,
              "Plans": [
                {
                  "Node Type": "Seq Scan",
                  "Parent Relationship": "Outer",
                  "Parallel Aware": true,
                  "Relation Name": "movie_companies",
                  "Alias": "mc",
                  "Startup Cost": 0.0,
                  "Total Cost": 31414.82,
                  "Plan Rows": 273125,
                  "Plan Width": 0,
                  "Actual Startup Time": 0.044,
                  "Actual Total Time": 79.019,
                  "Actual Rows": 287921,
                  "Actual Loops": 4,
                  "Filter": "((company_id < 21218) AND (company_type_id = 1))",
                  "Rows Removed by Filter": 364361
                }
              ]
            }
          ]
        }
      ]
    },
    "Planning Time": 0.194,
    "Triggers": [],
    "Execution Time": 112.164
  }
]