{
  "Plan": {
    "Node Type": "Aggregate",
    "Strategy": "Plain",
    "Partial Mode": "Finalize",
    "Parallel Aware": false,
    "Startup Cost": 113215.2,
    "Total Cost": 113215.21,
    "Plan Rows": 1,
    "Plan Width": 8,
    "Actual Startup Time": 605.058,
    "Actual Total Time": 667.301,
    "Actual Rows": 1,
    "Actual Loops": 1,
    "Plans": [
      {
        "Node Type": "Gather",
        "Parent Relationship": "Outer",
        "Parallel Aware": false,
        "Startup Cost": 113215.09,
        "Total Cost": 113215.2,
        "Plan Rows": 1,
        "Plan Width": 8,
        "Actual Startup Time": 604.411,
        "Actual Total Time": 667.292,
        "Actual Rows": 2,
        "Actual Loops": 1,
        "Workers Planned": 1,
        "Workers Launched": 1,
        "Single Copy": false,
        "Plans": [
          {
            "Node Type": "Aggregate",
            "Strategy": "Plain",
            "Partial Mode": "Partial",
            "Parent Relationship": "Outer",
            "Parallel Aware": false,
            "Startup Cost": 112215.09,
            "Total Cost": 112215.1,
            "Plan Rows": 1,
            "Plan Width": 8,
            "Actual Startup Time": 598.421,
            "Actual Total Time": 598.426,
            "Actual Rows": 1,
            "Actual Loops": 2,
            "Plans": [
              {
                "Node Type": "Nested Loop",
                "Parent Relationship": "Outer",
                "Parallel Aware": false,
                "Join Type": "Inner",
                "Startup Cost": 56611.02,
                "Total Cost": 111955.38,
                "Plan Rows": 103885,
                "Plan Width": 0,
                "Actual Startup Time": 142.438,
                "Actual Total Time": 587.879,
                "Actual Rows": 159136,
                "Actual Loops": 2,
                "Inner Unique": false,
                "Join Filter": "(t.id = ci.movie_id)",
                "Rows Removed by Join Filter": 0,
                "Plans": [
                  {
                    "Node Type": "Hash Join",
                    "Parent Relationship": "Outer",
                    "Parallel Aware": true,
                    "Join Type": "Inner",
                    "Startup Cost": 56610.45,
                    "Total Cost": 75394.77,
                    "Plan Rows": 7250,
                    "Plan Width": 8,
                    "Actual Startup Time": 142.338,
                    "Actual Total Time": 240.817,
                    "Actual Rows": 5502,
                    "Actual Loops": 2,
                    "Inner Unique": true,
                    "Hash Cond": "(mi_idx.movie_id = t.id)",
                    "Plans": [
                      {
                        "Node Type": "Seq Scan",
                        "Parent Relationship": "Outer",
                        "Parallel Aware": true,
                        "Relation Name": "movie_info_idx",
                        "Alias": "mi_idx",
                        "Startup Cost": 0.0,
                        "Total Cost": 18082.32,
                        "Plan Rows": 267429,
                        "Plan Width": 4,
                        "Actual Startup Time": 0.034,
                        "Actual Total Time": 56.486,
                        "Actual Rows": 229962,
                        "Actual Loops": 2,
                        "Filter": "(info_type_id < 100)",
                        "Rows Removed by Filter": 460055
                      },
                      {
                        "Node Type": "Hash",
                        "Parent Relationship": "Inner",
                        "Parallel Aware": true,
                        "Startup Cost": 56106.48,
                        "Total Cost": 56106.48,
                        "Plan Rows": 40318,
                        "Plan Width": 4,
                        "Actual Startup Time": 141.226,
                        "Actual Total Time": 141.227,
                        "Actual Rows": 34716,
                        "Actual Loops": 2,
                        "Hash Buckets": 131072,
                        "Original Hash Buckets": 131072,
                        "Hash Batches": 1,
                        "Original Hash Batches": 1,
                        "Peak Memory Usage": 3776,
                        "Plans": [
                          {
                            "Node Type": "Bitmap Heap Scan",
                            "Parent Relationship": "Outer",
                            "Parallel Aware": true,
                            "Relation Name": "title",
                            "Alias": "t",
                            "Startup Cost": 13456.09,
                            "Total Cost": 56106.48,
                            "Plan Rows": 40318,
                            "Plan Width": 4,
                            "Actual Startup Time": 38.309,
                            "Actual Total Time": 131.733,
                            "Actual Rows": 34716,
                            "Actual Loops": 2,
                            "Recheck Cond": "(kind_id < 3)",
                            "Rows Removed by Index Recheck": 0,
                            "Filter": "(production_year > 2011)",
                            "Rows Removed by Filter": 342123,
                            "Exact Heap Blocks": 29148,
                            "Lossy Heap Blocks": 0,
                            "Plans": [
                              {
                                "Node Type": "Bitmap Index Scan",
                                "Parent Relationship": "Outer",
                                "Parallel Aware": false,
                                "Index Name": "kind_id_title",
                                "Startup Cost": 0.0,
                                "Total Cost": 13438.96,
                                "Plan Rows": 753937,
                                "Plan Width": 0,
                                "Actual Startup Time": 37.463,
                                "Actual Total Time": 37.464,
                                "Actual Rows": 753677,
                                "Actual Loops": 1,
                                "Index Cond": "(kind_id < 3)"
                              }
                            ]
                          }
                        ]
                      }
                    ]
                  },
                  {
                    "Node Type": "Index Only Scan",
                    "Parent Relationship": "Inner",
                    "Parallel Aware": false,
                    "Scan Direction": "Forward",
                    "Index Name": "movie_id_cast_info",
                    "Relation Name": "cast_info",
                    "Alias": "ci",
                    "Startup Cost": 0.56,
                    "Total Cost": 4.58,
                    "Plan Rows": 37,
                    "Plan Width": 4,
                    "Actual Startup Time": 0.01,
                    "Actual Total Time": 0.059,
                    "Actual Rows": 29,
                    "Actual Loops": 11005,
                    "Index Cond": "(movie_id = mi_idx.movie_id)",
                    "Rows Removed by Index Recheck": 0,
                    "Heap Fetches": 318273
                  }
                ]
              }
            ]
          }
        ]
      }
    ]
  },
  "Planning Time": 0.429,
  "Triggers": [],
  "Execution Time": 667.382
}