{
  "Plan": {
    "Node Type": "Aggregate",
    "Strategy": "Plain",
    "Partial Mode": "Finalize",
    "Parallel Aware": false,
    "Startup Cost": 161592.13,
    "Total Cost": 161592.14,
    "Plan Rows": 1,
    "Plan Width": 8,
    "Actual Startup Time": 813.54,
    "Actual Total Time": 834.08,
    "Actual Rows": 1,
    "Actual Loops": 1,
    "Plans": [
      {
        "Node Type": "Gather",
        "Parent Relationship": "Outer",
        "Parallel Aware": false,
        "Startup Cost": 161592.02,
        "Total Cost": 161592.13,
        "Plan Rows": 1,
        "Plan Width": 8,
        "Actual Startup Time": 812.209,
        "Actual Total Time": 834.071,
        "Actual Rows": 2,
        "Actual Loops": 1,
        "Workers Planned": 1,
        "Workers Launched": 1,
        "Single Copy": false,
        "Plans": [
          {
            "Node Type": "Aggregate",
            "Strategy": "Plain",
            "Partial Mode": "Partial",
            "Parent Relationship": "Outer",
            "Parallel Aware": false,
            "Startup Cost": 160592.02,
            "Total Cost": 160592.03,
            "Plan Rows": 1,
            "Plan Width": 8,
            "Actual Startup Time": 805.899,
            "Actual Total Time": 805.907,
            "Actual Rows": 1,
            "Actual Loops": 2,
            "Plans": [
              {
                "Node Type": "Hash Join",
                "Parent Relationship": "Outer",
                "Parallel Aware": true,
                "Join Type": "Inner",
                "Startup Cost": 92147.37,
                "Total Cost": 160312.82,
                "Plan Rows": 111679,
                "Plan Width": 0,
                "Actual Startup Time": 470.575,
                "Actual Total Time": 805.044,
                "Actual Rows": 17502,
                "Actual Loops": 2,
                "Inner Unique": false,
                "Hash Cond": "(mk.movie_id = t.id)",
                "Plans": [
                  {
                    "Node Type": "Seq Scan",
                    "Parent Relationship": "Outer",
                    "Parallel Aware": true,
                    "Relation Name": "movie_keyword",
                    "Alias": "mk",
                    "Startup Cost": 0.0,
                    "Total Cost": 57718.19,
                    "Plan Rows": 2610754,
                    "Plan Width": 4,
                    "Actual Startup Time": 0.019,
                    "Actual Total Time": 244.296,
                    "Actual Rows": 2214514,
                    "Actual Loops": 2,
                    "Filter": "(keyword_id > 84)",
                    "Rows Removed by Filter": 47451
                  },
                  {
                    "Node Type": "Hash",
                    "Parent Relationship": "Inner",
                    "Parallel Aware": true,
                    "Startup Cost": 91352.13,
                    "Total Cost": 91352.13,
                    "Plan Rows": 63619,
                    "Plan Width": 8,
                    "Actual Startup Time": 413.044,
                    "Actual Total Time": 413.05,
                    "Actual Rows": 8412,
                    "Actual Loops": 2,
                    "Hash Buckets": 131072,
                    "Original Hash Buckets": 131072,
                    "Hash Batches": 1,
                    "Original Hash Batches": 1,
                    "Peak Memory Usage": 1696,
                    "Plans": [
                      {
                        "Node Type": "Hash Join",
                        "Parent Relationship": "Outer",
                        "Parallel Aware": true,
                        "Join Type": "Inner",
                        "Startup Cost": 30739.27,
                        "Total Cost": 91352.13,
                        "Plan Rows": 63619,
                        "Plan Width": 8,
                        "Actual Startup Time": 180.396,
                        "Actual Total Time": 410.097,
                        "Actual Rows": 8412,
                        "Actual Loops": 2,
                        "Inner Unique": false,
                        "Hash Cond": "(t.id = mc.movie_id)",
                        "Plans": [
                          {
                            "Node Type": "Seq Scan",
                            "Parent Relationship": "Outer",
                            "Parallel Aware": true,
                            "Relation Name": "title",
                            "Alias": "t",
                            "Startup Cost": 0.0,
                            "Total Cost": 54588.39,
                            "Plan Rows": 904038,
                            "Plan Width": 4,
                            "Actual Startup Time": 0.013,
                            "Actual Total Time": 159.188,
                            "Actual Rows": 771632,
                            "Actual Loops": 2,
                            "Filter": "(kind_id = 7)",
                            "Rows Removed by Filter": 492524
                          },
                          {
                            "Node Type": "Hash",
                            "Parent Relationship": "Inner",
                            "Parallel Aware": true,
                            "Startup Cost": 29431.03,
                            "Total Cost": 29431.03,
                            "Plan Rows": 104659,
                            "Plan Width": 4,
                            "Actual Startup Time": 119.324,
                            "Actual Total Time": 119.327,
                            "Actual Rows": 176762,
                            "Actual Loops": 2,
                            "Hash Buckets": 524288,
                            "Original Hash Buckets": 262144,
                            "Hash Batches": 1,
                            "Original Hash Batches": 1,
                            "Peak Memory Usage": 20000,
                            "Plans": [
                              {
                                "Node Type": "Bitmap Heap Scan",
                                "Parent Relationship": "Outer",
                                "Parallel Aware": true,
                                "Relation Name": "movie_companies",
                                "Alias": "mc",
                                "Startup Cost": 7549.08,
                                "Total Cost": 29431.03,
                                "Plan Rows": 104659,
                                "Plan Width": 4,
                                "Actual Startup Time": 31.406,
                                "Actual Total Time": 75.927,
                                "Actual Rows": 176762,
                                "Actual Loops": 2,
                                "Recheck Cond": "(company_id > 87930)",
                                "Rows Removed by Index Recheck": 0,
                                "Filter": "(company_type_id > 1)",
                                "Rows Removed by Filter": 0,
                                "Exact Heap Blocks": 3859,
                                "Lossy Heap Blocks": 0,
                                "Plans": [
                                  {
                                    "Node Type": "Bitmap Index Scan",
                                    "Parent Relationship": "Outer",
                                    "Parallel Aware": false,
                                    "Index Name": "company_id_movie_companies",
                                    "Startup Cost": 0.0,
                                    "Total Cost": 7504.6,
                                    "Plan Rows": 350422,
                                    "Plan Width": 0,
                                    "Actual Startup Time": 32.147,
                                    "Actual Total Time": 32.148,
                                    "Actual Rows": 353524,
                                    "Actual Loops": 1,
                                    "Index Cond": "(company_id > 87930)"
                                  }
                                ]
                              }
                            ]
                          }
                        ]
                      }
                    ]
                  }
                ]
              }
            ]
          }
        ]
      }
    ]
  },
  "Planning Time": 1.113,
  "Triggers": [],
  "Execution Time": 834.189
}