[
  {
    "Plan": {
      "Node Type": "Aggregate",
      "Strategy": "Plain",
      "Partial Mode": "Finalize",
      "Parallel Aware": false,
      "Startup Cost": 338815.43,
      "Total Cost": 338815.44,
      "Plan Rows": 1,
      "Plan Width": 8,
      "Actual Startup Time": 786.513,
      "Actual Total Time": 844.467,
      "Actual Rows": 1,
      "Actual Loops": 1,
      "Plans": [
        {
          "Node Type": "Gather",
          "Parent Relationship": "Outer",
          "Parallel Aware": false,
          "Startup Cost": 338814.81,
          "Total Cost": 338815.42,
          "Plan Rows": 6,
          "Plan Width": 8,
          "Actual Startup Time": 786.357,
          "Actual Total Time": 844.457,
          "Actual Rows": 7,
          "Actual Loops": 1,
          "Workers Planned": 6,
          "Workers Launched": 6,
          "Single Copy": false,
          "Plans": [
            {
              "Node Type": "Aggregate",
              "Strategy": "Plain",
              "Partial Mode": "Partial",
              "Parent Relationship": "Outer",
              "Parallel Aware": false,
              "Startup Cost": 337814.81,
              "Total Cost": 337814.82,
              "Plan Rows": 1,
              "Plan Width": 8,
              "Actual Startup Time": 776.23,
              "Actual Total Time": 776.231,
              "Actual Rows": 1,
              "Actual Loops": 7,
              "Plans": [
                {
                  "Node Type": "Seq Scan",
                  "Parent Relationship": "Outer",
                  "Parallel Aware": true,
                  "Relation Name": "cast_info",
                  "Alias": "ci",
                  "Startup Cost": 0.0,
                  "Total Cost": 328162.03,
                  "Plan Rows": 3861113,
                  "Plan Width": 0,
                  "Actual Startup Time": 0.052,
                  "Actual Total Time": 625.278,
                  "Actual Rows": 3317090,
                  "Actual Loops": 7,
                  "Filter": "(person_id < 2374252)",
                  "Rows Removed by Filter": 1860674
                }
              ]
            }
          ]
        }
      ]
    },
    "Planning Time": 0.205,
    "Triggers": [],
    "Execution Time": 844.541
  }
]