{
  "Plan": {
    "Node Type": "Aggregate",
    "Strategy": "Plain",
    "Partial Mode": "Finalize",
    "Parallel Aware": false,
    "Startup Cost": 711747.18,
    "Total Cost": 711747.19,
    "Plan Rows": 1,
    "Plan Width": 8,
    "Actual Startup Time": 6840.547,
    "Actual Total Time": 6907.237,
    "Actual Rows": 1,
    "Actual Loops": 1,
    "Plans": [
      {
        "Node Type": "Gather",
        "Parent Relationship": "Outer",
        "Parallel Aware": false,
        "Startup Cost": 711747.07,
        "Total Cost": 711747.18,
        "Plan Rows": 1,
        "Plan Width": 8,
        "Actual Startup Time": 6836.237,
        "Actual Total Time": 6907.227,
        "Actual Rows": 2,
        "Actual Loops": 1,
        "Workers Planned": 1,
        "Workers Launched": 1,
        "Single Copy": false,
        "Plans": [
          {
            "Node Type": "Aggregate",
            "Strategy": "Plain",
            "Partial Mode": "Partial",
            "Parent Relationship": "Outer",
            "Parallel Aware": false,
            "Startup Cost": 710747.07,
            "Total Cost": 710747.08,
            "Plan Rows": 1,
            "Plan Width": 8,
            "Actual Startup Time": 6828.363,
            "Actual Total Time": 6828.368,
            "Actual Rows": 1,
            "Actual Loops": 2,
            "Plans": [
              {
                "Node Type": "Hash Join",
                "Parent Relationship": "Outer",
                "Parallel Aware": true,
                "Join Type": "Inner",
                "Startup Cost": 107595.28,
                "Total Cost": 706634.08,
                "Plan Rows": 1645195,
                "Plan Width": 0,
                "Actual Startup Time": 512.559,
                "Actual Total Time": 6433.963,
                "Actual Rows": 9246472,
                "Actual Loops": 2,
                "Inner Unique": false,
                "Hash Cond": "(t.id = mc.movie_id)",
                "Plans": [
                  {
                    "Node Type": "Hash Join",
                    "Parent Relationship": "Outer",
                    "Parallel Aware": true,
                    "Join Type": "Inner",
                    "Startup Cost": 57382.3,
                    "Total Cost": 624615.53,
                    "Plan Rows": 3540472,
                    "Plan Width": 8,
                    "Actual Startup Time": 240.528,
                    "Actual Total Time": 4564.558,
                    "Actual Rows": 2845730,
                    "Actual Loops": 2,
                    "Inner Unique": true,
                    "Hash Cond": "(ci.movie_id = t.id)",
                    "Plans": [
                      {
                        "Node Type": "Seq Scan",
                        "Parent Relationship": "Outer",
                        "Parallel Aware": true,
                        "Relation Name": "cast_info",
                        "Alias": "ci",
                        "Startup Cost": 0.0,
                        "Total Cost": 519069.44,
                        "Plan Rows": 18348081,
                        "Plan Width": 4,
                        "Actual Startup Time": 114.341,
                        "Actual Total Time": 1628.641,
                        "Actual Rows": 15522944,
                        "Actual Loops": 2,
                        "Filter": "(person_id > 502692)",
                        "Rows Removed by Filter": 2599228
                      },
                      {
                        "Node Type": "Hash",
                        "Parent Relationship": "Inner",
                        "Parallel Aware": true,
                        "Startup Cost": 53795.07,
                        "Total Cost": 53795.07,
                        "Plan Rows": 286978,
                        "Plan Width": 4,
                        "Actual Startup Time": 125.17,
                        "Actual Total Time": 125.172,
                        "Actual Rows": 179935,
                        "Actual Loops": 2,
                        "Hash Buckets": 524288,
                        "Original Hash Buckets": 524288,
                        "Hash Batches": 1,
                        "Original Hash Batches": 1,
                        "Peak Memory Usage": 18176,
                        "Plans": [
                          {
                            "Node Type": "Bitmap Heap Scan",
                            "Parent Relationship": "Outer",
                            "Parallel Aware": true,
                            "Relation Name": "title",
                            "Alias": "t",
                            "Startup Cost": 11944.82,
                            "Total Cost": 53795.07,
                            "Plan Rows": 286978,
                            "Plan Width": 4,
                            "Actual Startup Time": 23.934,
                            "Actual Total Time": 83.709,
                            "Actual Rows": 179935,
                            "Actual Loops": 2,
                            "Recheck Cond": "(kind_id = 1)",
                            "Rows Removed by Index Recheck": 0,
                            "Filter": "(production_year > 1985)",
                            "Rows Removed by Filter": 151478,
                            "Exact Heap Blocks": 6189,
                            "Lossy Heap Blocks": 0,
                            "Plans": [
                              {
                                "Node Type": "Bitmap Index Scan",
                                "Parent Relationship": "Outer",
                                "Parallel Aware": false,
                                "Index Name": "kind_id_title",
                                "Startup Cost": 0.0,
                                "Total Cost": 11822.85,
                                "Plan Rows": 663256,
                                "Plan Width": 0,
                                "Actual Startup Time": 22.111,
                                "Actual Total Time": 22.111,
                                "Actual Rows": 662825,
                                "Actual Loops": 1,
                                "Index Cond": "(kind_id = 1)"
                              }
                            ]
                          }
                        ]
                      }
                    ]
                  },
                  {
                    "Node Type": "Hash",
                    "Parent Relationship": "Inner",
                    "Parallel Aware": true,
                    "Startup Cost": 41574.35,
                    "Total Cost": 41574.35,
                    "Plan Rows": 691090,
                    "Plan Width": 4,
                    "Actual Startup Time": 257.993,
                    "Actual Total Time": 257.993,
                    "Actual Rows": 551092,
                    "Actual Loops": 2,
                    "Hash Buckets": 2097152,
                    "Original Hash Buckets": 2097152,
                    "Hash Batches": 1,
                    "Original Hash Batches": 1,
                    "Peak Memory Usage": 59520,
                    "Plans": [
                      {
                        "Node Type": "Index Scan",
                        "Parent Relationship": "Outer",
                        "Parallel Aware": true,
                        "Scan Direction": "Forward",
                        "Index Name": "company_type_id_movie_companies",
                        "Relation Name": "movie_companies",
                        "Alias": "mc",
                        "Startup Cost": 0.43,
                        "Total Cost": 41574.35,
                        "Plan Rows": 691090,
                        "Plan Width": 4,
                        "Actual Startup Time": 0.162,
                        "Actual Total Time": 130.655,
                        "Actual Rows": 551092,
                        "Actual Loops": 2,
                        "Index Cond": "(company_type_id < 2)",
                        "Rows Removed by Index Recheck": 0,
                        "Filter": "(company_id > 78)",
                        "Rows Removed by Filter": 86032
                      }
                    ]
                  }
                ]
              }
            ]
          }
        ]
      }
    ]
  },
  "Planning Time": 1.072,
  "Triggers": [],
  "Execution Time": 6907.366
}