[
  {
    "Plan": {
      "Node Type": "Aggregate",
      "Strategy": "Plain",
      "Partial Mode": "Finalize",
      "Parallel Aware": false,
      "Startup Cost": 603848.51,
      "Total Cost": 603848.52,
      "Plan Rows": 1,
      "Plan Width": 8,
      "Actual Startup Time": 2146.478,
      "Actual Total Time": 2216.377,
      "Actual Rows": 1,
      "Actual Loops": 1,
      "Plans": [
        {
          "Node Type": "Gather",
          "Parent Relationship": "Outer",
          "Parallel Aware": false,
          "Startup Cost": 603847.99,
          "Total Cost": 603848.5,
          "Plan Rows": 5,
          "Plan Width": 8,
          "Actual Startup Time": 2139.682,
          "Actual Total Time": 2216.362,
          "Actual Rows": 6,
          "Actual Loops": 1,
          "Workers Planned": 5,
          "Workers Launched": 5,
          "Single Copy": false,
          "Plans": [
            {
              "Node Type": "Aggregate",
              "Strategy": "Plain",
              "Partial Mode": "Partial",
              "Parent Relationship": "Outer",
              "Parallel Aware": false,
              "Startup Cost": 602847.99,
              "Total Cost": 602848.0,
              "Plan Rows": 1,
              "Plan Width": 8,
              "Actual Startup Time": 2130.486,
              "Actual Total Time": 2130.597,
              "Actual Rows": 1,
              "Actual Loops": 6,
              "Plans": [
                {
                  "Node Type": "Hash Join",
                  "Parent Relationship": "Outer",
                  "Parallel Aware": true,
                  "Join Type": "Inner",
                  "Startup Cost": 394046.36,
                  "Total Cost": 599258.88,
                  "Plan Rows": 1435646,
                  "Plan Width": 0,
                  "Actual Startup Time": 868.134,
                  "Actual Total Time": 1980.591,
                  "Actual Rows": 2538861,
                  "Actual Loops": 6,
                  "Inner Unique": false,
                  "Hash Cond": "(mi.movie_id = t.id)",
                  "Plans": [
                    {
                      "Node Type": "Seq Scan",
                      "Parent Relationship": "Outer",
                      "Parallel Aware": true,
                      "Relation Name": "movie_info",
                      "Alias": "mi",
                      "Startup Cost": 0.0,
                      "Total Cost": 191685.19,
                      "Plan Rows": 2969219,
                      "Plan Width": 4,
                      "Actual Startup Time": 0.03,
                      "Actual Total Time": 344.839,
                      "Actual Rows": 2472620,
                      "Actual Loops": 6
                    },
                    {
                      "Node Type": "Hash",
                      "Parent Relationship": "Inner",
                      "Parallel Aware": true,
                      "Startup Cost": 391499.45,
                      "Total Cost": 391499.45,
                      "Plan Rows": 203753,
                      "Plan Width": 8,
                      "Actual Startup Time": 849.676,
                      "Actual Total Time": 849.786,
                      "Actual Rows": 79527,
                      "Actual Loops": 6,
                      "Hash Buckets": 2097152,
                      "Original Hash Buckets": 2097152,
                      "Hash Batches": 1,
                      "Original Hash Batches": 1,
                      "Peak Memory Usage": 35168,
                      "Plans": [
                        {
                          "Node Type": "Hash Join",
                          "Parent Relationship": "Outer",
                          "Parallel Aware": true,
                          "Join Type": "Inner",
                          "Startup Cost": 46612.43,
                          "Total Cost": 391499.45,
                          "Plan Rows": 203753,
                          "Plan Width": 8,
                          "Actual Startup Time": 432.465,
                          "Actual Total Time": 801.812,
                          "Actual Rows": 79527,
                          "Actual Loops": 6,
                          "Inner Unique": true,
                          "Hash Cond": "(ci.movie_id = t.id)",
                          "Plans": [
                            {
                              "Node Type": "Index Scan",
                              "Parent Relationship": "Outer",
                              "Parallel Aware": true,
                              "Scan Direction": "Forward",
                              "Index Name": "role_id_cast_info",
                              "Relation Name": "cast_info",
                              "Alias": "ci",
                              "Startup Cost": 0.56,
                              "Total Cost": 341155.22,
                              "Plan Rows": 1421850,
                              "Plan Width": 4,
                              "Actual Startup Time": 316.069,
                              "Actual Total Time": 512.497,
                              "Actual Rows": 666197,
                              "Actual Loops": 6,
                              "Index Cond": "(role_id < 2)",
                              "Rows Removed by Index Recheck": 0,
                              "Filter": "(person_id > 1183108)",
                              "Rows Removed by Filter": 1445584
                            },
                            {
                              "Node Type": "Hash",
                              "Parent Relationship": "Inner",
                              "Parallel Aware": true,
                              "Startup Cost": 45479.59,
                              "Total Cost": 45479.59,
                              "Plan Rows": 90582,
                              "Plan Width": 4,
                              "Actual Startup Time": 115.419,
                              "Actual Total Time": 115.421,
                              "Actual Rows": 45669,
                              "Actual Loops": 6,
                              "Hash Buckets": 524288,
                              "Original Hash Buckets": 524288,
                              "Hash Batches": 1,
                              "Original Hash Batches": 1,
                              "Peak Memory Usage": 14880,
                              "Plans": [
                                {
                                  "Node Type": "Seq Scan",
                                  "Parent Relationship": "Outer",
                                  "Parallel Aware": true,
                                  "Relation Name": "title",
                                  "Alias": "t",
                                  "Startup Cost": 0.0,
                                  "Total Cost": 45479.59,
                                  "Plan Rows": 90582,
                                  "Plan Width": 4,
                                  "Actual Startup Time": 47.893,
                                  "Actual Total Time": 93.185,
                                  "Actual Rows": 45669,
                                  "Actual Loops": 6,
                                  "Filter": "((production_year > 2000) AND (kind_id = 1))",
                                  "Rows Removed by Filter": 375716
                                }
                              ]
                            }
                          ]
                        }
                      ]
                    }
                  ]
                }
              ]
            }
          ]
        }
      ]
    },
    "Planning Time": 0.596,
    "Triggers": [],
    "Execution Time": 2216.451
  }
]