[
  {
    "Plan": {
      "Node Type": "Aggregate",
      "Strategy": "Plain",
      "Partial Mode": "Finalize",
      "Parallel Aware": false,
      "Startup Cost": 247785.68,
      "Total Cost": 247785.69,
      "Plan Rows": 1,
      "Plan Width": 8,
      "Actual Startup Time": 607.451,
      "Actual Total Time": 660.663,
      "Actual Rows": 1,
      "Actual Loops": 1,
      "Plans": [
        {
          "Node Type": "Gather",
          "Parent Relationship": "Outer",
          "Parallel Aware": false,
          "Startup Cost": 247785.15,
          "Total Cost": 247785.66,
          "Plan Rows": 5,
          "Plan Width": 8,
          "Actual Startup Time": 606.045,
          "Actual Total Time": 660.641,
          "Actual Rows": 6,
          "Actual Loops": 1,
          "Workers Planned": 5,
          "Workers Launched": 5,
          "Single Copy": false,
          "Plans": [
            {
              "Node Type": "Aggregate",
              "Strategy": "Plain",
              "Partial Mode": "Partial",
              "Parent Relationship": "Outer",
              "Parallel Aware": false,
              "Startup Cost": 246785.15,
              "Total Cost": 246785.16,
              "Plan Rows": 1,
              "Plan Width": 8,
              "Actual Startup Time": 600.159,
              "Actual Total Time": 600.163,
              "Actual Rows": 1,
              "Actual Loops": 6,
              "Plans": [
                {
                  "Node Type": "Hash Join",
                  "Parent Relationship": "Outer",
                  "Parallel Aware": true,
                  "Join Type": "Inner",
                  "Startup Cost": 44290.17,
                  "Total Cost": 246632.78,
                  "Plan Rows": 60950,
                  "Plan Width": 0,
                  "Actual Startup Time": 112.572,
                  "Actual Total Time": 596.864,
                  "Actual Rows": 52273,
                  "Actual Loops": 6,
                  "Inner Unique": true,
                  "Hash Cond": "(mi.movie_id = t.id)",
                  "Plans": [
                    {
                      "Node Type": "Seq Scan",
                      "Parent Relationship": "Outer",
                      "Parallel Aware": true,
                      "Relation Name": "movie_info",
                      "Alias": "mi",
                      "Startup Cost": 0.0,
                      "Total Cost": 199108.24,
                      "Plan Rows": 1232139,
                      "Plan Width": 4,
                      "Actual Startup Time": 18.139,
                      "Actual Total Time": 363.872,
                      "Actual Rows": 1037249,
                      "Actual Loops": 6,
                      "Filter": "(info_type_id > 8)",
                      "Rows Removed by Filter": 1435371
                    },
                    {
                      "Node Type": "Hash",
                      "Parent Relationship": "Inner",
                      "Parallel Aware": true,
                      "Startup Cost": 43899.32,
                      "Total Cost": 43899.32,
                      "Plan Rows": 31268,
                      "Plan Width": 4,
                      "Actual Startup Time": 92.798,
                      "Actual Total Time": 92.799,
                      "Actual Rows": 20477,
                      "Actual Loops": 6,
                      "Hash Buckets": 131072,
                      "Original Hash Buckets": 131072,
                      "Hash Batches": 1,
                      "Original Hash Batches": 1,
                      "Peak Memory Usage": 5920,
                      "Plans": [
                        {
                          "Node Type": "Seq Scan",
                          "Parent Relationship": "Outer",
                          "Parallel Aware": true,
                          "Relation Name": "title",
                          "Alias": "t",
                          "Startup Cost": 0.0,
                          "Total Cost": 43899.32,
                          "Plan Rows": 31268,
                          "Plan Width": 4,
                          "Actual Startup Time": 0.029,
                          "Actual Total Time": 82.966,
                          "Actual Rows": 20477,
                          "Actual Loops": 6,
                          "Filter": "(production_year = 2008)",
                          "Rows Removed by Filter": 400908
                        }
                      ]
                    }
                  ]
                }
              ]
            }
          ]
        }
      ]
    },
    "Planning Time": 0.747,
    "Triggers": [],
    "Execution Time": 660.756
  }
]