[
  {
    "Plan": {
      "Node Type": "Aggregate",
      "Strategy": "Plain",
      "Partial Mode": "Finalize",
      "Parallel Aware": false,
      "Startup Cost": 332740.43,
      "Total Cost": 332740.45,
      "Plan Rows": 1,
      "Plan Width": 8,
      "Actual Startup Time": 630.449,
      "Actual Total Time": 687.188,
      "Actual Rows": 1,
      "Actual Loops": 1,
      "Plans": [
        {
          "Node Type": "Gather",
          "Parent Relationship": "Outer",
          "Parallel Aware": false,
          "Startup Cost": 332739.81,
          "Total Cost": 332740.42,
          "Plan Rows": 6,
          "Plan Width": 8,
          "Actual Startup Time": 630.3,
          "Actual Total Time": 687.176,
          "Actual Rows": 7,
          "Actual Loops": 1,
          "Workers Planned": 6,
          "Workers Launched": 6,
          "Single Copy": false,
          "Plans": [
            {
              "Node Type": "Aggregate",
              "Strategy": "Plain",
              "Partial Mode": "Partial",
              "Parent Relationship": "Outer",
              "Parallel Aware": false,
              "Startup Cost": 331739.81,
              "Total Cost": 331739.82,
              "Plan Rows": 1,
              "Plan Width": 8,
              "Actual Startup Time": 621.734,
              "Actual Total Time": 621.736,
              "Actual Rows": 1,
              "Actual Loops": 7,
              "Plans": [
                {
                  "Node Type": "Seq Scan",
                  "Parent Relationship": "Outer",
                  "Parallel Aware": true,
                  "Relation Name": "cast_info",
                  "Alias": "ci",
                  "Startup Cost": 0.0,
                  "Total Cost": 328162.03,
                  "Plan Rows": 1431114,
                  "Plan Width": 0,
                  "Actual Startup Time": 0.042,
                  "Actual Total Time": 562.927,
                  "Actual Rows": 1244571,
                  "Actual Loops": 7,
                  "Filter": "(person_id < 857898)",
                  "Rows Removed by Filter": 3933192
                }
              ]
            }
          ]
        }
      ]
    },
    "Planning Time": 0.201,
    "Triggers": [],
    "Execution Time": 687.262
  }
]