[
    {
        "Bao": {
            "Bao prediction": "NaN",
            "Bao recommended hint": "(no hint)"
        }
    },
    {
        "Plan": {
            "Node Type": "Aggregate",
            "Strategy": "Plain",
            "Partial Mode": "Finalize",
            "Parallel Aware": false,
            "Startup Cost": 47606.53,
            "Total Cost": 47606.54,
            "Plan Rows": 1,
            "Plan Width": 8,
            "Actual Startup Time": 113.862,
            "Actual Total Time": 120.542,
            "Actual Rows": 1,
            "Actual Loops": 1,
            "Output": [
                "count(*)"
            ],
            "Plans": [
                {
                    "Node Type": "Gather",
                    "Parent Relationship": "Outer",
                    "Parallel Aware": false,
                    "Startup Cost": 47606.11,
                    "Total Cost": 47606.52,
                    "Plan Rows": 4,
                    "Plan Width": 8,
                    "Actual Startup Time": 113.711,
                    "Actual Total Time": 120.533,
                    "Actual Rows": 5,
                    "Actual Loops": 1,
                    "Output": [
                        "(PARTIAL count(*))"
                    ],
                    "Workers Planned": 4,
                    "Workers Launched": 4,
                    "Single Copy": false,
                    "Plans": [
                        {
                            "Node Type": "Aggregate",
                            "Strategy": "Plain",
                            "Partial Mode": "Partial",
                            "Parent Relationship": "Outer",
                            "Parallel Aware": false,
                            "Startup Cost": 46606.11,
                            "Total Cost": 46606.12,
                            "Plan Rows": 1,
                            "Plan Width": 8,
                            "Actual Startup Time": 104.587,
                            "Actual Total Time": 104.588,
                            "Actual Rows": 1,
                            "Actual Loops": 5,
                            "Output": [
                                "PARTIAL count(*)"
                            ],
                            "Workers": [
                                {
                                    "Worker Number": 0,
                                    "Actual Startup Time": 101.846,
                                    "Actual Total Time": 101.846,
                                    "Actual Rows": 1,
                                    "Actual Loops": 1
                                },
                                {
                                    "Worker Number": 1,
                                    "Actual Startup Time": 102.306,
                                    "Actual Total Time": 102.307,
                                    "Actual Rows": 1,
                                    "Actual Loops": 1
                                },
                                {
                                    "Worker Number": 2,
                                    "Actual Startup Time": 102.353,
                                    "Actual Total Time": 102.355,
                                    "Actual Rows": 1,
                                    "Actual Loops": 1
                                },
                                {
                                    "Worker Number": 3,
                                    "Actual Startup Time": 103.089,
                                    "Actual Total Time": 103.091,
                                    "Actual Rows": 1,
                                    "Actual Loops": 1
                                }
                            ],
                            "Plans": [
                                {
                                    "Node Type": "Seq Scan",
                                    "Parent Relationship": "Outer",
                                    "Parallel Aware": true,
                                    "Relation Name": "title",
                                    "Schema": "public",
                                    "Alias": "t",
                                    "Startup Cost": 0.0,
                                    "Total Cost": 45479.21,
                                    "Plan Rows": 450760,
                                    "Plan Width": 0,
                                    "Actual Startup Time": 0.065,
                                    "Actual Total Time": 86.371,
                                    "Actual Rows": 359981,
                                    "Actual Loops": 5,
                                    "Output": [
                                        "id",
                                        "title",
                                        "imdb_index",
                                        "kind_id",
                                        "production_year",
                                        "imdb_id",
                                        "phonetic_code",
                                        "episode_of_id",
                                        "season_nr",
                                        "episode_nr",
                                        "series_years",
                                        "md5sum"
                                    ],
                                    "Filter": "((t.kind_id > 1) AND (t.production_year > 0))",
                                    "Rows Removed by Filter": 145681,
                                    "Workers": [
                                        {
                                            "Worker Number": 0,
                                            "Actual Startup Time": 0.112,
                                            "Actual Total Time": 84.991,
                                            "Actual Rows": 309297,
                                            "Actual Loops": 1
                                        },
                                        {
                                            "Worker Number": 1,
                                            "Actual Startup Time": 0.065,
                                            "Actual Total Time": 85.484,
                                            "Actual Rows": 296964,
                                            "Actual Loops": 1
                                        },
                                        {
                                            "Worker Number": 2,
                                            "Actual Startup Time": 0.056,
                                            "Actual Total Time": 85.696,
                                            "Actual Rows": 295813,
                                            "Actual Loops": 1
                                        },
                                        {
                                            "Worker Number": 3,
                                            "Actual Startup Time": 0.075,
                                            "Actual Total Time": 86.001,
                                            "Actual Rows": 300625,
                                            "Actual Loops": 1
                                        }
                                    ]
                                }
                            ]
                        }
                    ]
                }
            ]
        },
        "Planning Time": 225.518,
        "Triggers": [],
        "Execution Time": 120.603
    }
]