[
  {
    "Plan": {
      "Node Type": "Aggregate",
      "Strategy": "Plain",
      "Partial Mode": "Finalize",
      "Parallel Aware": false,
      "Startup Cost": 60016.21,
      "Total Cost": 60016.22,
      "Plan Rows": 1,
      "Plan Width": 8,
      "Actual Startup Time": 118.865,
      "Actual Total Time": 133.92,
      "Actual Rows": 1,
      "Actual Loops": 1,
      "Plans": [
        {
          "Node Type": "Gather",
          "Parent Relationship": "Outer",
          "Parallel Aware": false,
          "Startup Cost": 60015.79,
          "Total Cost": 60016.2,
          "Plan Rows": 4,
          "Plan Width": 8,
          "Actual Startup Time": 118.678,
          "Actual Total Time": 133.904,
          "Actual Rows": 5,
          "Actual Loops": 1,
          "Workers Planned": 4,
          "Workers Launched": 4,
          "Single Copy": false,
          "Plans": [
            {
              "Node Type": "Aggregate",
              "Strategy": "Plain",
              "Partial Mode": "Partial",
              "Parent Relationship": "Outer",
              "Parallel Aware": false,
              "Startup Cost": 59015.79,
              "Total Cost": 59015.8,
              "Plan Rows": 1,
              "Plan Width": 8,
              "Actual Startup Time": 111.85,
              "Actual Total Time": 111.853,
              "Actual Rows": 1,
              "Actual Loops": 5,
              "Plans": [
                {
                  "Node Type": "Nested Loop",
                  "Parent Relationship": "Outer",
                  "Parallel Aware": false,
                  "Join Type": "Inner",
                  "Startup Cost": 0.43,
                  "Total Cost": 59013.55,
                  "Plan Rows": 899,
                  "Plan Width": 0,
                  "Actual Startup Time": 1.193,
                  "Actual Total Time": 111.584,
                  "Actual Rows": 1905,
                  "Actual Loops": 5,
                  "Inner Unique": false,
                  "Plans": [
                    {
                      "Node Type": "Seq Scan",
                      "Parent Relationship": "Outer",
                      "Parallel Aware": true,
                      "Relation Name": "title",
                      "Alias": "t",
                      "Startup Cost": 0.0,
                      "Total Cost": 45479.59,
                      "Plan Rows": 872,
                      "Plan Width": 4,
                      "Actual Startup Time": 1.078,
                      "Actual Total Time": 94.819,
                      "Actual Rows": 992,
                      "Actual Loops": 5,
                      "Filter": "((kind_id < 7) AND (production_year = 1964))",
                      "Rows Removed by Filter": 504670
                    },
                    {
                      "Node Type": "Index Only Scan",
                      "Parent Relationship": "Inner",
                      "Parallel Aware": false,
                      "Scan Direction": "Forward",
                      "Index Name": "movie_id_movie_companies",
                      "Relation Name": "movie_companies",
                      "Alias": "mc",
                      "Startup Cost": 0.43,
                      "Total Cost": 15.47,
                      "Plan Rows": 5,
                      "Plan Width": 4,
                      "Actual Startup Time": 0.014,
                      "Actual Total Time": 0.016,
                      "Actual Rows": 2,
                      "Actual Loops": 4962,
                      "Index Cond": "(movie_id = t.id)",
                      "Rows Removed by Index Recheck": 0,
                      "Heap Fetches": 9524
                    }
                  ]
                }
              ]
            }
          ]
        }
      ]
    },
    "Planning Time": 0.696,
    "Triggers": [],
    "Execution Time": 133.996
  }
]