[
  {
    "Plan": {
      "Node Type": "Aggregate",
      "Strategy": "Plain",
      "Partial Mode": "Finalize",
      "Parallel Aware": false,
      "Startup Cost": 275636.03,
      "Total Cost": 275636.04,
      "Plan Rows": 1,
      "Plan Width": 8,
      "Actual Startup Time": 92.482,
      "Actual Total Time": 101.083,
      "Actual Rows": 1,
      "Actual Loops": 1,
      "Plans": [
        {
          "Node Type": "Gather",
          "Parent Relationship": "Outer",
          "Parallel Aware": false,
          "Startup Cost": 275635.4,
          "Total Cost": 275636.01,
          "Plan Rows": 6,
          "Plan Width": 8,
          "Actual Startup Time": 91.904,
          "Actual Total Time": 101.07,
          "Actual Rows": 7,
          "Actual Loops": 1,
          "Workers Planned": 6,
          "Workers Launched": 6,
          "Single Copy": false,
          "Plans": [
            {
              "Node Type": "Aggregate",
              "Strategy": "Plain",
              "Partial Mode": "Partial",
              "Parent Relationship": "Outer",
              "Parallel Aware": false,
              "Startup Cost": 274635.4,
              "Total Cost": 274635.41,
              "Plan Rows": 1,
              "Plan Width": 8,
              "Actual Startup Time": 81.839,
              "Actual Total Time": 81.841,
              "Actual Rows": 1,
              "Actual Loops": 7,
              "Plans": [
                {
                  "Node Type": "Bitmap Heap Scan",
                  "Parent Relationship": "Outer",
                  "Parallel Aware": true,
                  "Relation Name": "cast_info",
                  "Alias": "ci",
                  "Startup Cost": 19492.49,
                  "Total Cost": 274395.47,
                  "Plan Rows": 95972,
                  "Plan Width": 0,
                  "Actual Startup Time": 62.559,
                  "Actual Total Time": 79.676,
                  "Actual Rows": 34459,
                  "Actual Loops": 7,
                  "Recheck Cond": "(person_id < 95112)",
                  "Rows Removed by Index Recheck": 0,
                  "Filter": "(role_id > 1)",
                  "Rows Removed by Filter": 95850,
                  "Exact Heap Blocks": 2923,
                  "Lossy Heap Blocks": 0,
                  "Plans": [
                    {
                      "Node Type": "Bitmap Index Scan",
                      "Parent Relationship": "Outer",
                      "Parallel Aware": false,
                      "Index Name": "person_id_cast_info",
                      "Startup Cost": 0.0,
                      "Total Cost": 19348.53,
                      "Plan Rows": 886395,
                      "Plan Width": 0,
                      "Actual Startup Time": 35.201,
                      "Actual Total Time": 35.202,
                      "Actual Rows": 912164,
                      "Actual Loops": 1,
                      "Index Cond": "(person_id < 95112)"
                    }
                  ]
                }
              ]
            }
          ]
        }
      ]
    },
    "Planning Time": 0.105,
    "Triggers": [],
    "Execution Time": 101.123
  }
]