[
  {
    "Plan": {
      "Node Type": "Aggregate",
      "Strategy": "Plain",
      "Partial Mode": "Finalize",
      "Parallel Aware": false,
      "Startup Cost": 26092.7,
      "Total Cost": 26092.71,
      "Plan Rows": 1,
      "Plan Width": 8,
      "Actual Startup Time": 6.014,
      "Actual Total Time": 7.182,
      "Actual Rows": 1,
      "Actual Loops": 1,
      "Plans": [
        {
          "Node Type": "Gather",
          "Parent Relationship": "Outer",
          "Parallel Aware": false,
          "Startup Cost": 26092.48,
          "Total Cost": 26092.69,
          "Plan Rows": 2,
          "Plan Width": 8,
          "Actual Startup Time": 5.942,
          "Actual Total Time": 7.178,
          "Actual Rows": 3,
          "Actual Loops": 1,
          "Workers Planned": 2,
          "Workers Launched": 2,
          "Single Copy": false,
          "Plans": [
            {
              "Node Type": "Aggregate",
              "Strategy": "Plain",
              "Partial Mode": "Partial",
              "Parent Relationship": "Outer",
              "Parallel Aware": false,
              "Startup Cost": 25092.48,
              "Total Cost": 25092.49,
              "Plan Rows": 1,
              "Plan Width": 8,
              "Actual Startup Time": 2.751,
              "Actual Total Time": 2.752,
              "Actual Rows": 1,
              "Actual Loops": 3,
              "Plans": [
                {
                  "Node Type": "Nested Loop",
                  "Parent Relationship": "Outer",
                  "Parallel Aware": false,
                  "Join Type": "Inner",
                  "Startup Cost": 155.22,
                  "Total Cost": 25092.0,
                  "Plan Rows": 193,
                  "Plan Width": 0,
                  "Actual Startup Time": 1.427,
                  "Actual Total Time": 2.75,
                  "Actual Rows": 0,
                  "Actual Loops": 3,
                  "Inner Unique": true,
                  "Plans": [
                    {
                      "Node Type": "Bitmap Heap Scan",
                      "Parent Relationship": "Outer",
                      "Parallel Aware": true,
                      "Relation Name": "movie_companies",
                      "Alias": "mc",
                      "Startup Cost": 154.79,
                      "Total Cost": 14020.58,
                      "Plan Rows": 1453,
                      "Plan Width": 4,
                      "Actual Startup Time": 1.31,
                      "Actual Total Time": 2.068,
                      "Actual Rows": 138,
                      "Actual Loops": 3,
                      "Recheck Cond": "(company_id = 424)",
                      "Rows Removed by Index Recheck": 0,
                      "Filter": "(company_type_id = 1)",
                      "Rows Removed by Filter": 2607,
                      "Exact Heap Blocks": 851,
                      "Lossy Heap Blocks": 0,
                      "Plans": [
                        {
                          "Node Type": "Bitmap Index Scan",
                          "Parent Relationship": "Outer",
                          "Parallel Aware": false,
                          "Index Name": "company_id_movie_companies",
                          "Startup Cost": 0.0,
                          "Total Cost": 153.92,
                          "Plan Rows": 7132,
                          "Plan Width": 0,
                          "Actual Startup Time": 1.254,
                          "Actual Total Time": 1.254,
                          "Actual Rows": 8235,
                          "Actual Loops": 1,
                          "Index Cond": "(company_id = 424)"
                        }
                      ]
                    },
                    {
                      "Node Type": "Index Scan",
                      "Parent Relationship": "Inner",
                      "Parallel Aware": false,
                      "Scan Direction": "Forward",
                      "Index Name": "title_pkey",
                      "Relation Name": "title",
                      "Alias": "t",
                      "Startup Cost": 0.43,
                      "Total Cost": 7.62,
                      "Plan Rows": 1,
                      "Plan Width": 4,
                      "Actual Startup Time": 0.005,
                      "Actual Total Time": 0.005,
                      "Actual Rows": 0,
                      "Actual Loops": 413,
                      "Index Cond": "(id = mc.movie_id)",
                      "Rows Removed by Index Recheck": 0,
                      "Filter": "((production_year < 1984) AND (kind_id = 7))",
                      "Rows Removed by Filter": 1
                    }
                  ]
                }
              ]
            }
          ]
        }
      ]
    },
    "Planning Time": 0.276,
    "Triggers": [],
    "Execution Time": 7.22
  }
]