[
  {
    "Plan": {
      "Node Type": "Aggregate",
      "Strategy": "Plain",
      "Partial Mode": "Finalize",
      "Parallel Aware": false,
      "Startup Cost": 44883.21,
      "Total Cost": 44883.22,
      "Plan Rows": 1,
      "Plan Width": 8,
      "Actual Startup Time": 145.624,
      "Actual Total Time": 155.257,
      "Actual Rows": 1,
      "Actual Loops": 1,
      "Plans": [
        {
          "Node Type": "Gather",
          "Parent Relationship": "Outer",
          "Parallel Aware": false,
          "Startup Cost": 44882.89,
          "Total Cost": 44883.2,
          "Plan Rows": 3,
          "Plan Width": 8,
          "Actual Startup Time": 145.473,
          "Actual Total Time": 155.248,
          "Actual Rows": 4,
          "Actual Loops": 1,
          "Workers Planned": 3,
          "Workers Launched": 3,
          "Single Copy": false,
          "Plans": [
            {
              "Node Type": "Aggregate",
              "Strategy": "Plain",
              "Partial Mode": "Partial",
              "Parent Relationship": "Outer",
              "Parallel Aware": false,
              "Startup Cost": 43882.89,
              "Total Cost": 43882.9,
              "Plan Rows": 1,
              "Plan Width": 8,
              "Actual Startup Time": 137.223,
              "Actual Total Time": 137.224,
              "Actual Rows": 1,
              "Actual Loops": 4,
              "Plans": [
                {
                  "Node Type": "Seq Scan",
                  "Parent Relationship": "Outer",
                  "Parallel Aware": true,
                  "Relation Name": "movie_keyword",
                  "Alias": "mk",
                  "Startup Cost": 0.0,
                  "Total Cost": 42695.65,
                  "Plan Rows": 474895,
                  "Plan Width": 0,
                  "Actual Startup Time": 0.06,
                  "Actual Total Time": 117.446,
                  "Actual Rows": 371994,
                  "Actual Loops": 4,
                  "Filter": "(keyword_id < 2130)",
                  "Rows Removed by Filter": 758989
                }
              ]
            }
          ]
        }
      ]
    },
    "Planning Time": 0.161,
    "Triggers": [],
    "Execution Time": 155.31
  }
]