[
  {
    "Plan": {
      "Node Type": "Aggregate",
      "Strategy": "Plain",
      "Partial Mode": "Finalize",
      "Parallel Aware": false,
      "Startup Cost": 120457.4,
      "Total Cost": 120457.41,
      "Plan Rows": 1,
      "Plan Width": 8,
      "Actual Startup Time": 157.311,
      "Actual Total Time": 162.426,
      "Actual Rows": 1,
      "Actual Loops": 1,
      "Plans": [
        {
          "Node Type": "Gather",
          "Parent Relationship": "Outer",
          "Parallel Aware": false,
          "Startup Cost": 120457.19,
          "Total Cost": 120457.4,
          "Plan Rows": 2,
          "Plan Width": 8,
          "Actual Startup Time": 156.853,
          "Actual Total Time": 162.417,
          "Actual Rows": 3,
          "Actual Loops": 1,
          "Workers Planned": 2,
          "Workers Launched": 2,
          "Single Copy": false,
          "Plans": [
            {
              "Node Type": "Aggregate",
              "Strategy": "Plain",
              "Partial Mode": "Partial",
              "Parent Relationship": "Outer",
              "Parallel Aware": false,
              "Startup Cost": 119457.19,
              "Total Cost": 119457.2,
              "Plan Rows": 1,
              "Plan Width": 8,
              "Actual Startup Time": 148.813,
              "Actual Total Time": 148.817,
              "Actual Rows": 1,
              "Actual Loops": 3,
              "Plans": [
                {
                  "Node Type": "Nested Loop",
                  "Parent Relationship": "Outer",
                  "Parallel Aware": false,
                  "Join Type": "Inner",
                  "Startup Cost": 71310.0,
                  "Total Cost": 119445.87,
                  "Plan Rows": 4525,
                  "Plan Width": 0,
                  "Actual Startup Time": 118.313,
                  "Actual Total Time": 148.242,
                  "Actual Rows": 7806,
                  "Actual Loops": 3,
                  "Inner Unique": false,
                  "Plans": [
                    {
                      "Node Type": "Nested Loop",
                      "Parent Relationship": "Outer",
                      "Parallel Aware": false,
                      "Join Type": "Inner",
                      "Startup Cost": 71309.57,
                      "Total Cost": 114284.34,
                      "Plan Rows": 2798,
                      "Plan Width": 8,
                      "Actual Startup Time": 117.724,
                      "Actual Total Time": 134.554,
                      "Actual Rows": 1788,
                      "Actual Loops": 3,
                      "Inner Unique": true,
                      "Plans": [
                        {
                          "Node Type": "Bitmap Heap Scan",
                          "Parent Relationship": "Outer",
                          "Parallel Aware": true,
                          "Relation Name": "cast_info",
                          "Alias": "ci",
                          "Startup Cost": 71309.14,
                          "Total Cost": 94642.76,
                          "Plan Rows": 2798,
                          "Plan Width": 4,
                          "Actual Startup Time": 117.489,
                          "Actual Total Time": 118.214,
                          "Actual Rows": 1788,
                          "Actual Loops": 3,
                          "Recheck Cond": "((person_id < 7566) AND (role_id = 3))",
                          "Rows Removed by Index Recheck": 0,
                          "Exact Heap Blocks": 88,
                          "Lossy Heap Blocks": 0,
                          "Plans": [
                            {
                              "Node Type": "BitmapAnd",
                              "Parent Relationship": "Outer",
                              "Parallel Aware": false,
                              "Startup Cost": 71309.14,
                              "Total Cost": 71309.14,
                              "Plan Rows": 6716,
                              "Plan Width": 0,
                              "Actual Startup Time": 124.964,
                              "Actual Total Time": 124.967,
                              "Actual Rows": 0,
                              "Actual Loops": 1,
                              "Plans": [
                                {
                                  "Node Type": "Bitmap Index Scan",
                                  "Parent Relationship": "Member",
                                  "Parallel Aware": false,
                                  "Index Name": "person_id_cast_info",
                                  "Startup Cost": 0.0,
                                  "Total Cost": 1353.38,
                                  "Plan Rows": 61976,
                                  "Plan Width": 0,
                                  "Actual Startup Time": 3.385,
                                  "Actual Total Time": 3.385,
                                  "Actual Rows": 64727,
                                  "Actual Loops": 1,
                                  "Index Cond": "(person_id < 7566)"
                                },
                                {
                                  "Node Type": "Bitmap Index Scan",
                                  "Parent Relationship": "Member",
                                  "Parallel Aware": false,
                                  "Index Name": "role_id_cast_info",
                                  "Startup Cost": 0.0,
                                  "Total Cost": 69952.14,
                                  "Plan Rows": 3928477,
                                  "Plan Width": 0,
                                  "Actual Startup Time": 121.513,
                                  "Actual Total Time": 121.513,
                                  "Actual Rows": 4008037,
                                  "Actual Loops": 1,
                                  "Index Cond": "(role_id = 3)"
                                }
                              ]
                            }
                          ]
                        },
                        {
                          "Node Type": "Index Only Scan",
                          "Parent Relationship": "Inner",
                          "Parallel Aware": false,
                          "Scan Direction": "Forward",
                          "Index Name": "title_pkey",
                          "Relation Name": "title",
                          "Alias": "t",
                          "Startup Cost": 0.43,
                          "Total Cost": 7.02,
                          "Plan Rows": 1,
                          "Plan Width": 4,
                          "Actual Startup Time": 0.009,
                          "Actual Total Time": 0.009,
                          "Actual Rows": 1,
                          "Actual Loops": 5365,
                          "Index Cond": "(id = ci.movie_id)",
                          "Rows Removed by Index Recheck": 0,
                          "Heap Fetches": 5365
                        }
                      ]
                    },
                    {
                      "Node Type": "Index Scan",
                      "Parent Relationship": "Inner",
                      "Parallel Aware": false,
                      "Scan Direction": "Forward",
                      "Index Name": "movie_id_movie_keyword",
                      "Relation Name": "movie_keyword",
                      "Alias": "mk",
                      "Startup Cost": 0.43,
                      "Total Cost": 1.42,
                      "Plan Rows": 42,
                      "Plan Width": 4,
                      "Actual Startup Time": 0.006,
                      "Actual Total Time": 0.007,
                      "Actual Rows": 4,
                      "Actual Loops": 5365,
                      "Index Cond": "(movie_id = t.id)",
                      "Rows Removed by Index Recheck": 0,
                      "Filter": "(keyword_id > 335)",
                      "Rows Removed by Filter": 0
                    }
                  ]
                }
              ]
            }
          ]
        }
      ]
    },
    "Planning Time": 0.574,
    "Triggers": [],
    "Execution Time": 162.484
  }
]