[
  {
    "Plan": {
      "Node Type": "Aggregate",
      "Strategy": "Plain",
      "Partial Mode": "Finalize",
      "Parallel Aware": false,
      "Startup Cost": 124223.11,
      "Total Cost": 124223.12,
      "Plan Rows": 1,
      "Plan Width": 8,
      "Actual Startup Time": 165.046,
      "Actual Total Time": 170.409,
      "Actual Rows": 1,
      "Actual Loops": 1,
      "Plans": [
        {
          "Node Type": "Gather",
          "Parent Relationship": "Outer",
          "Parallel Aware": false,
          "Startup Cost": 124222.89,
          "Total Cost": 124223.1,
          "Plan Rows": 2,
          "Plan Width": 8,
          "Actual Startup Time": 164.096,
          "Actual Total Time": 170.401,
          "Actual Rows": 3,
          "Actual Loops": 1,
          "Workers Planned": 2,
          "Workers Launched": 2,
          "Single Copy": false,
          "Plans": [
            {
              "Node Type": "Aggregate",
              "Strategy": "Plain",
              "Partial Mode": "Partial",
              "Parent Relationship": "Outer",
              "Parallel Aware": false,
              "Startup Cost": 123222.89,
              "Total Cost": 123222.9,
              "Plan Rows": 1,
              "Plan Width": 8,
              "Actual Startup Time": 156.306,
              "Actual Total Time": 156.311,
              "Actual Rows": 1,
              "Actual Loops": 3,
              "Plans": [
                {
                  "Node Type": "Nested Loop",
                  "Parent Relationship": "Outer",
                  "Parallel Aware": false,
                  "Join Type": "Inner",
                  "Startup Cost": 73456.53,
                  "Total Cost": 123211.09,
                  "Plan Rows": 4720,
                  "Plan Width": 0,
                  "Actual Startup Time": 127.553,
                  "Actual Total Time": 155.788,
                  "Actual Rows": 7806,
                  "Actual Loops": 3,
                  "Inner Unique": false,
                  "Plans": [
                    {
                      "Node Type": "Nested Loop",
                      "Parent Relationship": "Outer",
                      "Parallel Aware": false,
                      "Join Type": "Inner",
                      "Startup Cost": 73456.1,
                      "Total Cost": 117932.05,
                      "Plan Rows": 2909,
                      "Plan Width": 8,
                      "Actual Startup Time": 127.07,
                      "Actual Total Time": 142.512,
                      "Actual Rows": 1788,
                      "Actual Loops": 3,
                      "Inner Unique": true,
                      "Plans": [
                        {
                          "Node Type": "Bitmap Heap Scan",
                          "Parent Relationship": "Outer",
                          "Parallel Aware": true,
                          "Relation Name": "cast_info",
                          "Alias": "ci",
                          "Startup Cost": 73455.67,
                          "Total Cost": 97636.36,
                          "Plan Rows": 2909,
                          "Plan Width": 4,
                          "Actual Startup Time": 126.851,
                          "Actual Total Time": 127.366,
                          "Actual Rows": 1788,
                          "Actual Loops": 3,
                          "Recheck Cond": "((person_id < 7566) AND (role_id = 3))",
                          "Rows Removed by Index Recheck": 0,
                          "Exact Heap Blocks": 87,
                          "Lossy Heap Blocks": 0,
                          "Plans": [
                            {
                              "Node Type": "BitmapAnd",
                              "Parent Relationship": "Outer",
                              "Parallel Aware": false,
                              "Startup Cost": 73455.67,
                              "Total Cost": 73455.67,
                              "Plan Rows": 6982,
                              "Plan Width": 0,
                              "Actual Startup Time": 134.079,
                              "Actual Total Time": 134.081,
                              "Actual Rows": 0,
                              "Actual Loops": 1,
                              "Plans": [
                                {
                                  "Node Type": "Bitmap Index Scan",
                                  "Parent Relationship": "Member",
                                  "Parallel Aware": false,
                                  "Index Name": "person_id_cast_info",
                                  "Startup Cost": 0.0,
                                  "Total Cost": 1369.35,
                                  "Plan Rows": 62504,
                                  "Plan Width": 0,
                                  "Actual Startup Time": 8.96,
                                  "Actual Total Time": 8.96,
                                  "Actual Rows": 64727,
                                  "Actual Loops": 1,
                                  "Index Cond": "(person_id < 7566)"
                                },
                                {
                                  "Node Type": "Bitmap Index Scan",
                                  "Parent Relationship": "Member",
                                  "Parallel Aware": false,
                                  "Index Name": "role_id_cast_info",
                                  "Startup Cost": 0.0,
                                  "Total Cost": 72082.58,
                                  "Plan Rows": 4046669,
                                  "Plan Width": 0,
                                  "Actual Startup Time": 125.064,
                                  "Actual Total Time": 125.065,
                                  "Actual Rows": 4008037,
                                  "Actual Loops": 1,
                                  "Index Cond": "(role_id = 3)"
                                }
                              ]
                            }
                          ]
                        },
                        {
                          "Node Type": "Index Only Scan",
                          "Parent Relationship": "Inner",
                          "Parallel Aware": false,
                          "Scan Direction": "Forward",
                          "Index Name": "title_pkey",
                          "Relation Name": "title",
                          "Alias": "t",
                          "Startup Cost": 0.43,
                          "Total Cost": 6.98,
                          "Plan Rows": 1,
                          "Plan Width": 4,
                          "Actual Startup Time": 0.008,
                          "Actual Total Time": 0.008,
                          "Actual Rows": 1,
                          "Actual Loops": 5365,
                          "Index Cond": "(id = ci.movie_id)",
                          "Rows Removed by Index Recheck": 0,
                          "Heap Fetches": 5365
                        }
                      ]
                    },
                    {
                      "Node Type": "Index Scan",
                      "Parent Relationship": "Inner",
                      "Parallel Aware": false,
                      "Scan Direction": "Forward",
                      "Index Name": "movie_id_movie_keyword",
                      "Relation Name": "movie_keyword",
                      "Alias": "mk",
                      "Startup Cost": 0.43,
                      "Total Cost": 1.4,
                      "Plan Rows": 41,
                      "Plan Width": 4,
                      "Actual Startup Time": 0.006,
                      "Actual Total Time": 0.007,
                      "Actual Rows": 4,
                      "Actual Loops": 5365,
                      "Index Cond": "(movie_id = t.id)",
                      "Rows Removed by Index Recheck": 0,
                      "Filter": "(keyword_id > 335)",
                      "Rows Removed by Filter": 0
                    }
                  ]
                }
              ]
            }
          ]
        }
      ]
    },
    "Planning Time": 1.438,
    "Triggers": [],
    "Execution Time": 170.509
  }
]