[
    {
        "Bao": {
            "Bao prediction": 1102.599,
            "Bao recommended hint": "SET enable_nestloop TO off; "
        }
    },
    {
        "Plan": {
            "Node Type": "Aggregate",
            "Strategy": "Plain",
            "Partial Mode": "Finalize",
            "Parallel Aware": false,
            "Startup Cost": 417446.3,
            "Total Cost": 417446.31,
            "Plan Rows": 1,
            "Plan Width": 8,
            "Actual Startup Time": 2161.86,
            "Actual Total Time": 2196.937,
            "Actual Rows": 1,
            "Actual Loops": 1,
            "Output": [
                "count(*)"
            ],
            "Plans": [
                {
                    "Node Type": "Gather",
                    "Parent Relationship": "Outer",
                    "Parallel Aware": false,
                    "Startup Cost": 417445.68,
                    "Total Cost": 417446.29,
                    "Plan Rows": 6,
                    "Plan Width": 8,
                    "Actual Startup Time": 2155.714,
                    "Actual Total Time": 2196.927,
                    "Actual Rows": 7,
                    "Actual Loops": 1,
                    "Output": [
                        "(PARTIAL count(*))"
                    ],
                    "Workers Planned": 6,
                    "Workers Launched": 6,
                    "Single Copy": false,
                    "Plans": [
                        {
                            "Node Type": "Aggregate",
                            "Strategy": "Plain",
                            "Partial Mode": "Partial",
                            "Parent Relationship": "Outer",
                            "Parallel Aware": false,
                            "Startup Cost": 416445.68,
                            "Total Cost": 416445.69,
                            "Plan Rows": 1,
                            "Plan Width": 8,
                            "Actual Startup Time": 2145.317,
                            "Actual Total Time": 2145.405,
                            "Actual Rows": 1,
                            "Actual Loops": 7,
                            "Output": [
                                "PARTIAL count(*)"
                            ],
                            "Workers": [
                                {
                                    "Worker Number": 0,
                                    "Actual Startup Time": 2143.173,
                                    "Actual Total Time": 2143.179,
                                    "Actual Rows": 1,
                                    "Actual Loops": 1
                                },
                                {
                                    "Worker Number": 1,
                                    "Actual Startup Time": 2143.22,
                                    "Actual Total Time": 2143.224,
                                    "Actual Rows": 1,
                                    "Actual Loops": 1
                                },
                                {
                                    "Worker Number": 2,
                                    "Actual Startup Time": 2143.535,
                                    "Actual Total Time": 2143.541,
                                    "Actual Rows": 1,
                                    "Actual Loops": 1
                                },
                                {
                                    "Worker Number": 3,
                                    "Actual Startup Time": 2144.091,
                                    "Actual Total Time": 2144.096,
                                    "Actual Rows": 1,
                                    "Actual Loops": 1
                                },
                                {
                                    "Worker Number": 4,
                                    "Actual Startup Time": 2144.098,
                                    "Actual Total Time": 2144.102,
                                    "Actual Rows": 1,
                                    "Actual Loops": 1
                                },
                                {
                                    "Worker Number": 5,
                                    "Actual Startup Time": 2144.417,
                                    "Actual Total Time": 2144.422,
                                    "Actual Rows": 1,
                                    "Actual Loops": 1
                                }
                            ],
                            "Plans": [
                                {
                                    "Node Type": "Hash Join",
                                    "Parent Relationship": "Outer",
                                    "Parallel Aware": true,
                                    "Join Type": "Inner",
                                    "Startup Cost": 76380.96,
                                    "Total Cost": 414296.46,
                                    "Plan Rows": 859687,
                                    "Plan Width": 0,
                                    "Actual Startup Time": 305.749,
                                    "Actual Total Time": 2055.044,
                                    "Actual Rows": 1480202,
                                    "Actual Loops": 7,
                                    "Inner Unique": false,
                                    "Hash Cond": "(ci.movie_id = t.id)",
                                    "Workers": [
                                        {
                                            "Worker Number": 0,
                                            "Actual Startup Time": 303.631,
                                            "Actual Total Time": 2051.221,
                                            "Actual Rows": 1291603,
                                            "Actual Loops": 1
                                        },
                                        {
                                            "Worker Number": 1,
                                            "Actual Startup Time": 303.665,
                                            "Actual Total Time": 2052.477,
                                            "Actual Rows": 1365838,
                                            "Actual Loops": 1
                                        },
                                        {
                                            "Worker Number": 2,
                                            "Actual Startup Time": 304.051,
                                            "Actual Total Time": 2053.793,
                                            "Actual Rows": 1495417,
                                            "Actual Loops": 1
                                        },
                                        {
                                            "Worker Number": 3,
                                            "Actual Startup Time": 304.242,
                                            "Actual Total Time": 2053.576,
                                            "Actual Rows": 1355980,
                                            "Actual Loops": 1
                                        },
                                        {
                                            "Worker Number": 4,
                                            "Actual Startup Time": 304.613,
                                            "Actual Total Time": 2053.095,
                                            "Actual Rows": 1346418,
                                            "Actual Loops": 1
                                        },
                                        {
                                            "Worker Number": 5,
                                            "Actual Startup Time": 304.926,
                                            "Actual Total Time": 2051.797,
                                            "Actual Rows": 1330002,
                                            "Actual Loops": 1
                                        }
                                    ],
                                    "Plans": [
                                        {
                                            "Node Type": "Seq Scan",
                                            "Parent Relationship": "Outer",
                                            "Parallel Aware": true,
                                            "Relation Name": "cast_info",
                                            "Schema": "public",
                                            "Alias": "ci",
                                            "Startup Cost": 0.0,
                                            "Total Cost": 313108.29,
                                            "Plan Rows": 6042129,
                                            "Plan Width": 4,
                                            "Actual Startup Time": 0.028,
                                            "Actual Total Time": 617.748,
                                            "Actual Rows": 5177763,
                                            "Actual Loops": 7,
                                            "Output": [
                                                "ci.id",
                                                "ci.person_id",
                                                "ci.movie_id",
                                                "ci.person_role_id",
                                                "ci.note",
                                                "ci.nr_order",
                                                "ci.role_id"
                                            ],
                                            "Workers": [
                                                {
                                                    "Worker Number": 0,
                                                    "Actual Startup Time": 0.042,
                                                    "Actual Total Time": 619.516,
                                                    "Actual Rows": 4516050,
                                                    "Actual Loops": 1
                                                },
                                                {
                                                    "Worker Number": 1,
                                                    "Actual Startup Time": 0.025,
                                                    "Actual Total Time": 622.103,
                                                    "Actual Rows": 4769313,
                                                    "Actual Loops": 1
                                                },
                                                {
                                                    "Worker Number": 2,
                                                    "Actual Startup Time": 0.034,
                                                    "Actual Total Time": 636.023,
                                                    "Actual Rows": 5059988,
                                                    "Actual Loops": 1
                                                },
                                                {
                                                    "Worker Number": 3,
                                                    "Actual Startup Time": 0.036,
                                                    "Actual Total Time": 637.293,
                                                    "Actual Rows": 4671445,
                                                    "Actual Loops": 1
                                                },
                                                {
                                                    "Worker Number": 4,
                                                    "Actual Startup Time": 0.025,
                                                    "Actual Total Time": 619.084,
                                                    "Actual Rows": 4699679,
                                                    "Actual Loops": 1
                                                },
                                                {
                                                    "Worker Number": 5,
                                                    "Actual Startup Time": 0.026,
                                                    "Actual Total Time": 622.285,
                                                    "Actual Rows": 4670248,
                                                    "Actual Loops": 1
                                                }
                                            ]
                                        },
                                        {
                                            "Node Type": "Hash",
                                            "Parent Relationship": "Inner",
                                            "Parallel Aware": true,
                                            "Startup Cost": 75256.79,
                                            "Total Cost": 75256.79,
                                            "Plan Rows": 89934,
                                            "Plan Width": 8,
                                            "Actual Startup Time": 303.517,
                                            "Actual Total Time": 303.604,
                                            "Actual Rows": 50214,
                                            "Actual Loops": 7,
                                            "Output": [
                                                "t.id",
                                                "mc.movie_id"
                                            ],
                                            "Hash Buckets": 524288,
                                            "Original Hash Buckets": 524288,
                                            "Hash Batches": 1,
                                            "Original Hash Batches": 1,
                                            "Peak Memory Usage": 17984,
                                            "Workers": [
                                                {
                                                    "Worker Number": 0,
                                                    "Actual Startup Time": 303.164,
                                                    "Actual Total Time": 303.168,
                                                    "Actual Rows": 46101,
                                                    "Actual Loops": 1
                                                },
                                                {
                                                    "Worker Number": 1,
                                                    "Actual Startup Time": 303.241,
                                                    "Actual Total Time": 303.244,
                                                    "Actual Rows": 46713,
                                                    "Actual Loops": 1
                                                },
                                                {
                                                    "Worker Number": 2,
                                                    "Actual Startup Time": 303.527,
                                                    "Actual Total Time": 303.531,
                                                    "Actual Rows": 44956,
                                                    "Actual Loops": 1
                                                },
                                                {
                                                    "Worker Number": 3,
                                                    "Actual Startup Time": 303.65,
                                                    "Actual Total Time": 303.654,
                                                    "Actual Rows": 45099,
                                                    "Actual Loops": 1
                                                },
                                                {
                                                    "Worker Number": 4,
                                                    "Actual Startup Time": 304.007,
                                                    "Actual Total Time": 304.01,
                                                    "Actual Rows": 45840,
                                                    "Actual Loops": 1
                                                },
                                                {
                                                    "Worker Number": 5,
                                                    "Actual Startup Time": 304.408,
                                                    "Actual Total Time": 304.412,
                                                    "Actual Rows": 47189,
                                                    "Actual Loops": 1
                                                }
                                            ],
                                            "Plans": [
                                                {
                                                    "Node Type": "Hash Join",
                                                    "Parent Relationship": "Outer",
                                                    "Parallel Aware": true,
                                                    "Join Type": "Inner",
                                                    "Startup Cost": 29487.47,
                                                    "Total Cost": 75256.79,
                                                    "Plan Rows": 89934,
                                                    "Plan Width": 8,
                                                    "Actual Startup Time": 128.1,
                                                    "Actual Total Time": 281.392,
                                                    "Actual Rows": 50214,
                                                    "Actual Loops": 7,
                                                    "Output": [
                                                        "t.id",
                                                        "mc.movie_id"
                                                    ],
                                                    "Inner Unique": false,
                                                    "Hash Cond": "(t.id = mc.movie_id)",
                                                    "Workers": [
                                                        {
                                                            "Worker Number": 0,
                                                            "Actual Startup Time": 128.03,
                                                            "Actual Total Time": 281.102,
                                                            "Actual Rows": 46101,
                                                            "Actual Loops": 1
                                                        },
                                                        {
                                                            "Worker Number": 1,
                                                            "Actual Startup Time": 128.043,
                                                            "Actual Total Time": 282.606,
                                                            "Actual Rows": 46713,
                                                            "Actual Loops": 1
                                                        },
                                                        {
                                                            "Worker Number": 2,
                                                            "Actual Startup Time": 128.164,
                                                            "Actual Total Time": 281.38,
                                                            "Actual Rows": 44956,
                                                            "Actual Loops": 1
                                                        },
                                                        {
                                                            "Worker Number": 3,
                                                            "Actual Startup Time": 128.127,
                                                            "Actual Total Time": 281.471,
                                                            "Actual Rows": 45099,
                                                            "Actual Loops": 1
                                                        },
                                                        {
                                                            "Worker Number": 4,
                                                            "Actual Startup Time": 128.061,
                                                            "Actual Total Time": 281.769,
                                                            "Actual Rows": 45840,
                                                            "Actual Loops": 1
                                                        },
                                                        {
                                                            "Worker Number": 5,
                                                            "Actual Startup Time": 128.101,
                                                            "Actual Total Time": 282.146,
                                                            "Actual Rows": 47189,
                                                            "Actual Loops": 1
                                                        }
                                                    ],
                                                    "Plans": [
                                                        {
                                                            "Node Type": "Seq Scan",
                                                            "Parent Relationship": "Outer",
                                                            "Parallel Aware": true,
                                                            "Relation Name": "title",
                                                            "Schema": "public",
                                                            "Alias": "t",
                                                            "Startup Cost": 0.0,
                                                            "Total Cost": 42318.81,
                                                            "Plan Rows": 632080,
                                                            "Plan Width": 4,
                                                            "Actual Startup Time": 0.009,
                                                            "Actual Total Time": 62.77,
                                                            "Actual Rows": 361187,
                                                            "Actual Loops": 7,
                                                            "Output": [
                                                                "t.id",
                                                                "t.title",
                                                                "t.imdb_index",
                                                                "t.kind_id",
                                                                "t.production_year",
                                                                "t.imdb_id",
                                                                "t.phonetic_code",
                                                                "t.episode_of_id",
                                                                "t.season_nr",
                                                                "t.episode_nr",
                                                                "t.series_years",
                                                                "t.md5sum"
                                                            ],
                                                            "Workers": [
                                                                {
                                                                    "Worker Number": 0,
                                                                    "Actual Startup Time": 0.007,
                                                                    "Actual Total Time": 65.179,
                                                                    "Actual Rows": 332380,
                                                                    "Actual Loops": 1
                                                                },
                                                                {
                                                                    "Worker Number": 1,
                                                                    "Actual Startup Time": 0.013,
                                                                    "Actual Total Time": 65.598,
                                                                    "Actual Rows": 335246,
                                                                    "Actual Loops": 1
                                                                },
                                                                {
                                                                    "Worker Number": 2,
                                                                    "Actual Startup Time": 0.007,
                                                                    "Actual Total Time": 64.881,
                                                                    "Actual Rows": 326229,
                                                                    "Actual Loops": 1
                                                                },
                                                                {
                                                                    "Worker Number": 3,
                                                                    "Actual Startup Time": 0.007,
                                                                    "Actual Total Time": 64.983,
                                                                    "Actual Rows": 323317,
                                                                    "Actual Loops": 1
                                                                },
                                                                {
                                                                    "Worker Number": 4,
                                                                    "Actual Startup Time": 0.007,
                                                                    "Actual Total Time": 65.259,
                                                                    "Actual Rows": 329969,
                                                                    "Actual Loops": 1
                                                                },
                                                                {
                                                                    "Worker Number": 5,
                                                                    "Actual Startup Time": 0.018,
                                                                    "Actual Total Time": 65.656,
                                                                    "Actual Rows": 335672,
                                                                    "Actual Loops": 1
                                                                }
                                                            ]
                                                        },
                                                        {
                                                            "Node Type": "Hash",
                                                            "Parent Relationship": "Inner",
                                                            "Parallel Aware": true,
                                                            "Startup Cost": 28036.92,
                                                            "Total Cost": 28036.92,
                                                            "Plan Rows": 116044,
                                                            "Plan Width": 4,
                                                            "Actual Startup Time": 127.047,
                                                            "Actual Total Time": 127.048,
                                                            "Actual Rows": 50214,
                                                            "Actual Loops": 7,
                                                            "Output": [
                                                                "mc.movie_id"
                                                            ],
                                                            "Hash Buckets": 524288,
                                                            "Original Hash Buckets": 524288,
                                                            "Hash Batches": 1,
                                                            "Original Hash Batches": 1,
                                                            "Peak Memory Usage": 17920,
                                                            "Workers": [
                                                                {
                                                                    "Worker Number": 0,
                                                                    "Actual Startup Time": 127.9,
                                                                    "Actual Total Time": 127.902,
                                                                    "Actual Rows": 42092,
                                                                    "Actual Loops": 1
                                                                },
                                                                {
                                                                    "Worker Number": 1,
                                                                    "Actual Startup Time": 127.91,
                                                                    "Actual Total Time": 127.911,
                                                                    "Actual Rows": 42332,
                                                                    "Actual Loops": 1
                                                                },
                                                                {
                                                                    "Worker Number": 2,
                                                                    "Actual Startup Time": 128.058,
                                                                    "Actual Total Time": 128.059,
                                                                    "Actual Rows": 69472,
                                                                    "Actual Loops": 1
                                                                },
                                                                {
                                                                    "Worker Number": 3,
                                                                    "Actual Startup Time": 128.022,
                                                                    "Actual Total Time": 128.024,
                                                                    "Actual Rows": 43181,
                                                                    "Actual Loops": 1
                                                                },
                                                                {
                                                                    "Worker Number": 4,
                                                                    "Actual Startup Time": 127.955,
                                                                    "Actual Total Time": 127.957,
                                                                    "Actual Rows": 42220,
                                                                    "Actual Loops": 1
                                                                },
                                                                {
                                                                    "Worker Number": 5,
                                                                    "Actual Startup Time": 127.955,
                                                                    "Actual Total Time": 127.957,
                                                                    "Actual Rows": 42840,
                                                                    "Actual Loops": 1
                                                                }
                                                            ],
                                                            "Plans": [
                                                                {
                                                                    "Node Type": "Bitmap Heap Scan",
                                                                    "Parent Relationship": "Outer",
                                                                    "Parallel Aware": true,
                                                                    "Relation Name": "movie_companies",
                                                                    "Schema": "public",
                                                                    "Alias": "mc",
                                                                    "Startup Cost": 7796.38,
                                                                    "Total Cost": 28036.92,
                                                                    "Plan Rows": 116044,
                                                                    "Plan Width": 4,
                                                                    "Actual Startup Time": 50.248,
                                                                    "Actual Total Time": 95.379,
                                                                    "Actual Rows": 50214,
                                                                    "Actual Loops": 7,
                                                                    "Output": [
                                                                        "mc.movie_id"
                                                                    ],
                                                                    "Recheck Cond": "(mc.company_id < 169)",
                                                                    "Rows Removed by Index Recheck": 0,
                                                                    "Exact Heap Blocks": 4540,
                                                                    "Lossy Heap Blocks": 0,
                                                                    "Workers": [
                                                                        {
                                                                            "Worker Number": 0,
                                                                            "Actual Startup Time": 50.379,
                                                                            "Actual Total Time": 96.398,
                                                                            "Actual Rows": 42092,
                                                                            "Actual Loops": 1
                                                                        },
                                                                        {
                                                                            "Worker Number": 1,
                                                                            "Actual Startup Time": 50.298,
                                                                            "Actual Total Time": 96.05,
                                                                            "Actual Rows": 42332,
                                                                            "Actual Loops": 1
                                                                        },
                                                                        {
                                                                            "Worker Number": 2,
                                                                            "Actual Startup Time": 49.945,
                                                                            "Actual Total Time": 95.037,
                                                                            "Actual Rows": 69472,
                                                                            "Actual Loops": 1
                                                                        },
                                                                        {
                                                                            "Worker Number": 3,
                                                                            "Actual Startup Time": 50.258,
                                                                            "Actual Total Time": 96.448,
                                                                            "Actual Rows": 43181,
                                                                            "Actual Loops": 1
                                                                        },
                                                                        {
                                                                            "Worker Number": 4,
                                                                            "Actual Startup Time": 50.212,
                                                                            "Actual Total Time": 95.895,
                                                                            "Actual Rows": 42220,
                                                                            "Actual Loops": 1
                                                                        },
                                                                        {
                                                                            "Worker Number": 5,
                                                                            "Actual Startup Time": 50.489,
                                                                            "Actual Total Time": 96.281,
                                                                            "Actual Rows": 42840,
                                                                            "Actual Loops": 1
                                                                        }
                                                                    ],
                                                                    "Plans": [
                                                                        {
                                                                            "Node Type": "Bitmap Index Scan",
                                                                            "Parent Relationship": "Outer",
                                                                            "Parallel Aware": false,
                                                                            "Index Name": "company_id_movie_companies",
                                                                            "Startup Cost": 0.0,
                                                                            "Total Cost": 7706.44,
                                                                            "Plan Rows": 359735,
                                                                            "Plan Width": 0,
                                                                            "Actual Startup Time": 45.732,
                                                                            "Actual Total Time": 45.733,
                                                                            "Actual Rows": 351495,
                                                                            "Actual Loops": 1,
                                                                            "Index Cond": "(mc.company_id < 169)",
                                                                            "Workers": [
                                                                                {
                                                                                    "Worker Number": 2,
                                                                                    "Actual Startup Time": 45.732,
                                                                                    "Actual Total Time": 45.733,
                                                                                    "Actual Rows": 351495,
                                                                                    "Actual Loops": 1
                                                                                }
                                                                            ]
                                                                        }
                                                                    ]
                                                                }
                                                            ]
                                                        }
                                                    ]
                                                }
                                            ]
                                        }
                                    ]
                                }
                            ]
                        }
                    ]
                }
            ]
        },
        "Planning Time": 1468.849,
        "Triggers": [],
        "Execution Time": 2197.097
    }
]