[
  {
    "Plan": {
      "Node Type": "Aggregate",
      "Strategy": "Plain",
      "Partial Mode": "Finalize",
      "Parallel Aware": false,
      "Startup Cost": 32741.9,
      "Total Cost": 32741.91,
      "Plan Rows": 1,
      "Plan Width": 8,
      "Actual Startup Time": 76.555,
      "Actual Total Time": 84.73,
      "Actual Rows": 1,
      "Actual Loops": 1,
      "Plans": [
        {
          "Node Type": "Gather",
          "Parent Relationship": "Outer",
          "Parallel Aware": false,
          "Startup Cost": 32741.58,
          "Total Cost": 32741.89,
          "Plan Rows": 3,
          "Plan Width": 8,
          "Actual Startup Time": 76.391,
          "Actual Total Time": 84.721,
          "Actual Rows": 4,
          "Actual Loops": 1,
          "Workers Planned": 3,
          "Workers Launched": 3,
          "Single Copy": false,
          "Plans": [
            {
              "Node Type": "Aggregate",
              "Strategy": "Plain",
              "Partial Mode": "Partial",
              "Parent Relationship": "Outer",
              "Parallel Aware": false,
              "Startup Cost": 31741.58,
              "Total Cost": 31741.59,
              "Plan Rows": 1,
              "Plan Width": 8,
              "Actual Startup Time": 71.848,
              "Actual Total Time": 71.849,
              "Actual Rows": 1,
              "Actual Loops": 4,
              "Plans": [
                {
                  "Node Type": "Seq Scan",
                  "Parent Relationship": "Outer",
                  "Parallel Aware": true,
                  "Relation Name": "movie_companies",
                  "Alias": "mc",
                  "Startup Cost": 0.0,
                  "Total Cost": 31414.82,
                  "Plan Rows": 130706,
                  "Plan Width": 0,
                  "Actual Startup Time": 18.456,
                  "Actual Total Time": 70.74,
                  "Actual Rows": 20033,
                  "Actual Loops": 4,
                  "Filter": "((company_id > 28339) AND (company_type_id < 2))",
                  "Rows Removed by Filter": 632249
                }
              ]
            }
          ]
        }
      ]
    },
    "Planning Time": 0.121,
    "Triggers": [],
    "Execution Time": 84.764
  }
]