[
  {
    "Plan": {
      "Node Type": "Aggregate",
      "Strategy": "Plain",
      "Partial Mode": "Finalize",
      "Parallel Aware": false,
      "Startup Cost": 32734.04,
      "Total Cost": 32734.05,
      "Plan Rows": 1,
      "Plan Width": 8,
      "Actual Startup Time": 80.691,
      "Actual Total Time": 86.185,
      "Actual Rows": 1,
      "Actual Loops": 1,
      "Plans": [
        {
          "Node Type": "Gather",
          "Parent Relationship": "Outer",
          "Parallel Aware": false,
          "Startup Cost": 32733.73,
          "Total Cost": 32734.04,
          "Plan Rows": 3,
          "Plan Width": 8,
          "Actual Startup Time": 80.599,
          "Actual Total Time": 86.177,
          "Actual Rows": 4,
          "Actual Loops": 1,
          "Workers Planned": 3,
          "Workers Launched": 3,
          "Single Copy": false,
          "Plans": [
            {
              "Node Type": "Aggregate",
              "Strategy": "Plain",
              "Partial Mode": "Partial",
              "Parent Relationship": "Outer",
              "Parallel Aware": false,
              "Startup Cost": 31733.73,
              "Total Cost": 31733.74,
              "Plan Rows": 1,
              "Plan Width": 8,
              "Actual Startup Time": 72.397,
              "Actual Total Time": 72.398,
              "Actual Rows": 1,
              "Actual Loops": 4,
              "Plans": [
                {
                  "Node Type": "Seq Scan",
                  "Parent Relationship": "Outer",
                  "Parallel Aware": true,
                  "Relation Name": "movie_companies",
                  "Alias": "mc",
                  "Startup Cost": 0.0,
                  "Total Cost": 31414.82,
                  "Plan Rows": 127563,
                  "Plan Width": 0,
                  "Actual Startup Time": 24.187,
                  "Actual Total Time": 71.333,
                  "Actual Rows": 20033,
                  "Actual Loops": 4,
                  "Filter": "((company_id > 28339) AND (company_type_id < 2))",
                  "Rows Removed by Filter": 632249
                }
              ]
            }
          ]
        }
      ]
    },
    "Planning Time": 0.193,
    "Triggers": [],
    "Execution Time": 86.247
  }
]