{
  "Plan": {
    "Node Type": "Aggregate",
    "Strategy": "Plain",
    "Partial Mode": "Simple",
    "Parallel Aware": false,
    "Startup Cost": 99900.31,
    "Total Cost": 99900.32,
    "Plan Rows": 1,
    "Plan Width": 8,
    "Actual Startup Time": 824.788,
    "Actual Total Time": 824.793,
    "Actual Rows": 1,
    "Actual Loops": 1,
    "Plans": [
      {
        "Node Type": "Hash Join",
        "Parent Relationship": "Outer",
        "Parallel Aware": false,
        "Join Type": "Inner",
        "Startup Cost": 98982.25,
        "Total Cost": 99900.21,
        "Plan Rows": 40,
        "Plan Width": 0,
        "Actual Startup Time": 820.06,
        "Actual Total Time": 824.65,
        "Actual Rows": 3391,
        "Actual Loops": 1,
        "Inner Unique": false,
        "Hash Cond": "(mk.movie_id = t.id)",
        "Plans": [
          {
            "Node Type": "Bitmap Heap Scan",
            "Parent Relationship": "Outer",
            "Parallel Aware": false,
            "Relation Name": "movie_keyword",
            "Alias": "mk",
            "Startup Cost": 6.35,
            "Total Cost": 922.98,
            "Plan Rows": 248,
            "Plan Width": 4,
            "Actual Startup Time": 2.045,
            "Actual Total Time": 5.712,
            "Actual Rows": 2667,
            "Actual Loops": 1,
            "Recheck Cond": "(keyword_id = 1415)",
            "Rows Removed by Index Recheck": 0,
            "Exact Heap Blocks": 2157,
            "Lossy Heap Blocks": 0,
            "Plans": [
              {
                "Node Type": "Bitmap Index Scan",
                "Parent Relationship": "Outer",
                "Parallel Aware": false,
                "Index Name": "keyword_id_movie_keyword",
                "Startup Cost": 0.0,
                "Total Cost": 6.29,
                "Plan Rows": 248,
                "Plan Width": 0,
                "Actual Startup Time": 1.088,
                "Actual Total Time": 1.089,
                "Actual Rows": 2667,
                "Actual Loops": 1,
                "Index Cond": "(keyword_id = 1415)"
              }
            ]
          },
          {
            "Node Type": "Hash",
            "Parent Relationship": "Inner",
            "Parallel Aware": false,
            "Startup Cost": 93831.82,
            "Total Cost": 93831.82,
            "Plan Rows": 411526,
            "Plan Width": 8,
            "Actual Startup Time": 816.933,
            "Actual Total Time": 816.935,
            "Actual Rows": 742958,
            "Actual Loops": 1,
            "Hash Buckets": 1048576,
            "Original Hash Buckets": 524288,
            "Hash Batches": 1,
            "Original Hash Batches": 1,
            "Peak Memory Usage": 37214,
            "Plans": [
              {
                "Node Type": "Hash Join",
                "Parent Relationship": "Outer",
                "Parallel Aware": false,
                "Join Type": "Inner",
                "Startup Cost": 68473.87,
                "Total Cost": 93831.82,
                "Plan Rows": 411526,
                "Plan Width": 8,
                "Actual Startup Time": 335.627,
                "Actual Total Time": 686.387,
                "Actual Rows": 742958,
                "Actual Loops": 1,
                "Inner Unique": true,
                "Hash Cond": "(mi_idx.movie_id = t.id)",
                "Plans": [
                  {
                    "Node Type": "Seq Scan",
                    "Parent Relationship": "Outer",
                    "Parallel Aware": false,
                    "Relation Name": "movie_info_idx",
                    "Alias": "mi_idx",
                    "Startup Cost": 0.0,
                    "Total Cost": 21735.35,
                    "Plan Rows": 1380035,
                    "Plan Width": 4,
                    "Actual Startup Time": 0.028,
                    "Actual Total Time": 93.532,
                    "Actual Rows": 1380035,
                    "Actual Loops": 1
                  },
                  {
                    "Node Type": "Hash",
                    "Parent Relationship": "Inner",
                    "Parallel Aware": false,
                    "Startup Cost": 59049.65,
                    "Total Cost": 59049.65,
                    "Plan Rows": 753937,
                    "Plan Width": 4,
                    "Actual Startup Time": 326.897,
                    "Actual Total Time": 326.898,
                    "Actual Rows": 753677,
                    "Actual Loops": 1,
                    "Hash Buckets": 1048576,
                    "Original Hash Buckets": 1048576,
                    "Hash Batches": 1,
                    "Original Hash Batches": 1,
                    "Peak Memory Usage": 34689,
                    "Plans": [
                      {
                        "Node Type": "Bitmap Heap Scan",
                        "Parent Relationship": "Outer",
                        "Parallel Aware": false,
                        "Relation Name": "title",
                        "Alias": "t",
                        "Startup Cost": 13627.44,
                        "Total Cost": 59049.65,
                        "Plan Rows": 753937,
                        "Plan Width": 4,
                        "Actual Startup Time": 45.253,
                        "Actual Total Time": 177.786,
                        "Actual Rows": 753677,
                        "Actual Loops": 1,
                        "Recheck Cond": "(kind_id < 3)",
                        "Rows Removed by Index Recheck": 0,
                        "Exact Heap Blocks": 35470,
                        "Lossy Heap Blocks": 0,
                        "Plans": [
                          {
                            "Node Type": "Bitmap Index Scan",
                            "Parent Relationship": "Outer",
                            "Parallel Aware": false,
                            "Index Name": "kind_id_title",
                            "Startup Cost": 0.0,
                            "Total Cost": 13438.96,
                            "Plan Rows": 753937,
                            "Plan Width": 0,
                            "Actual Startup Time": 40.422,
                            "Actual Total Time": 40.422,
                            "Actual Rows": 753677,
                            "Actual Loops": 1,
                            "Index Cond": "(kind_id < 3)"
                          }
                        ]
                      }
                    ]
                  }
                ]
              }
            ]
          }
        ]
      }
    ]
  },
  "Planning Time": 0.821,
  "Triggers": [],
  "Execution Time": 828.501
}