[
  {
    "Plan": {
      "Node Type": "Aggregate",
      "Strategy": "Plain",
      "Partial Mode": "Finalize",
      "Parallel Aware": false,
      "Startup Cost": 47146.16,
      "Total Cost": 47146.17,
      "Plan Rows": 1,
      "Plan Width": 8,
      "Actual Startup Time": 170.928,
      "Actual Total Time": 180.503,
      "Actual Rows": 1,
      "Actual Loops": 1,
      "Plans": [
        {
          "Node Type": "Gather",
          "Parent Relationship": "Outer",
          "Parallel Aware": false,
          "Startup Cost": 47145.84,
          "Total Cost": 47146.15,
          "Plan Rows": 3,
          "Plan Width": 8,
          "Actual Startup Time": 170.719,
          "Actual Total Time": 180.493,
          "Actual Rows": 4,
          "Actual Loops": 1,
          "Workers Planned": 3,
          "Workers Launched": 3,
          "Single Copy": false,
          "Plans": [
            {
              "Node Type": "Aggregate",
              "Strategy": "Plain",
              "Partial Mode": "Partial",
              "Parent Relationship": "Outer",
              "Parallel Aware": false,
              "Startup Cost": 46145.84,
              "Total Cost": 46145.85,
              "Plan Rows": 1,
              "Plan Width": 8,
              "Actual Startup Time": 165.356,
              "Actual Total Time": 165.357,
              "Actual Rows": 1,
              "Actual Loops": 4,
              "Plans": [
                {
                  "Node Type": "Seq Scan",
                  "Parent Relationship": "Outer",
                  "Parallel Aware": true,
                  "Relation Name": "movie_keyword",
                  "Alias": "mk",
                  "Startup Cost": 0.0,
                  "Total Cost": 42695.65,
                  "Plan Rows": 1380076,
                  "Plan Width": 0,
                  "Actual Startup Time": 0.042,
                  "Actual Total Time": 120.179,
                  "Actual Rows": 1072094,
                  "Actual Loops": 4,
                  "Filter": "(keyword_id < 62590)",
                  "Rows Removed by Filter": 58888
                }
              ]
            }
          ]
        }
      ]
    },
    "Planning Time": 0.18,
    "Triggers": [],
    "Execution Time": 180.567
  }
]