[
  {
    "Plan": {
      "Node Type": "Aggregate",
      "Strategy": "Plain",
      "Partial Mode": "Finalize",
      "Parallel Aware": false,
      "Startup Cost": 75738.49,
      "Total Cost": 75738.5,
      "Plan Rows": 1,
      "Plan Width": 8,
      "Actual Startup Time": 203.03,
      "Actual Total Time": 224.8,
      "Actual Rows": 1,
      "Actual Loops": 1,
      "Plans": [
        {
          "Node Type": "Gather",
          "Parent Relationship": "Outer",
          "Parallel Aware": false,
          "Startup Cost": 75738.17,
          "Total Cost": 75738.48,
          "Plan Rows": 3,
          "Plan Width": 8,
          "Actual Startup Time": 202.092,
          "Actual Total Time": 224.788,
          "Actual Rows": 4,
          "Actual Loops": 1,
          "Workers Planned": 3,
          "Workers Launched": 3,
          "Single Copy": false,
          "Plans": [
            {
              "Node Type": "Aggregate",
              "Strategy": "Plain",
              "Partial Mode": "Partial",
              "Parent Relationship": "Outer",
              "Parallel Aware": false,
              "Startup Cost": 74738.17,
              "Total Cost": 74738.18,
              "Plan Rows": 1,
              "Plan Width": 8,
              "Actual Startup Time": 192.436,
              "Actual Total Time": 192.44,
              "Actual Rows": 1,
              "Actual Loops": 4,
              "Plans": [
                {
                  "Node Type": "Nested Loop",
                  "Parent Relationship": "Outer",
                  "Parallel Aware": false,
                  "Join Type": "Inner",
                  "Startup Cost": 49902.7,
                  "Total Cost": 74731.11,
                  "Plan Rows": 2824,
                  "Plan Width": 0,
                  "Actual Startup Time": 144.254,
                  "Actual Total Time": 190.877,
                  "Actual Rows": 26473,
                  "Actual Loops": 4,
                  "Inner Unique": false,
                  "Join Filter": "(t.id = mi.movie_id)",
                  "Rows Removed by Join Filter": 0,
                  "Plans": [
                    {
                      "Node Type": "Hash Join",
                      "Parent Relationship": "Outer",
                      "Parallel Aware": true,
                      "Join Type": "Inner",
                      "Startup Cost": 49902.26,
                      "Total Cost": 69741.87,
                      "Plan Rows": 483,
                      "Plan Width": 8,
                      "Actual Startup Time": 144.174,
                      "Actual Total Time": 160.377,
                      "Actual Rows": 476,
                      "Actual Loops": 4,
                      "Inner Unique": true,
                      "Hash Cond": "(mc.movie_id = t.id)",
                      "Plans": [
                        {
                          "Node Type": "Bitmap Heap Scan",
                          "Parent Relationship": "Outer",
                          "Parallel Aware": true,
                          "Relation Name": "movie_companies",
                          "Alias": "mc",
                          "Startup Cost": 4302.86,
                          "Total Cost": 24059.22,
                          "Plan Rows": 31714,
                          "Plan Width": 4,
                          "Actual Startup Time": 12.717,
                          "Actual Total Time": 36.99,
                          "Actual Rows": 39414,
                          "Actual Loops": 4,
                          "Recheck Cond": "(company_id < 55)",
                          "Rows Removed by Index Recheck": 0,
                          "Filter": "(company_type_id = 1)",
                          "Rows Removed by Filter": 9792,
                          "Exact Heap Blocks": 4843,
                          "Lossy Heap Blocks": 0,
                          "Plans": [
                            {
                              "Node Type": "Bitmap Index Scan",
                              "Parent Relationship": "Outer",
                              "Parallel Aware": false,
                              "Index Name": "company_id_movie_companies",
                              "Startup Cost": 0.0,
                              "Total Cost": 4278.28,
                              "Plan Rows": 199714,
                              "Plan Width": 0,
                              "Actual Startup Time": 10.516,
                              "Actual Total Time": 10.516,
                              "Actual Rows": 196826,
                              "Actual Loops": 1,
                              "Index Cond": "(company_id < 55)"
                            }
                          ]
                        },
                        {
                          "Node Type": "Hash",
                          "Parent Relationship": "Inner",
                          "Parallel Aware": true,
                          "Startup Cost": 45479.1,
                          "Total Cost": 45479.1,
                          "Plan Rows": 9624,
                          "Plan Width": 4,
                          "Actual Startup Time": 113.552,
                          "Actual Total Time": 113.553,
                          "Actual Rows": 36840,
                          "Actual Loops": 4,
                          "Hash Buckets": 262144,
                          "Original Hash Buckets": 65536,
                          "Hash Batches": 1,
                          "Original Hash Batches": 1,
                          "Peak Memory Usage": 9408,
                          "Plans": [
                            {
                              "Node Type": "Seq Scan",
                              "Parent Relationship": "Outer",
                              "Parallel Aware": true,
                              "Relation Name": "title",
                              "Alias": "t",
                              "Startup Cost": 0.0,
                              "Total Cost": 45479.1,
                              "Plan Rows": 9624,
                              "Plan Width": 4,
                              "Actual Startup Time": 60.594,
                              "Actual Total Time": 97.041,
                              "Actual Rows": 36840,
                              "Actual Loops": 4,
                              "Filter": "((production_year < 1943) AND (kind_id = 1))",
                              "Rows Removed by Filter": 595238
                            }
                          ]
                        }
                      ]
                    },
                    {
                      "Node Type": "Index Only Scan",
                      "Parent Relationship": "Inner",
                      "Parallel Aware": false,
                      "Scan Direction": "Forward",
                      "Index Name": "movie_id_movie_info",
                      "Relation Name": "movie_info",
                      "Alias": "mi",
                      "Startup Cost": 0.43,
                      "Total Cost": 9.8,
                      "Plan Rows": 42,
                      "Plan Width": 4,
                      "Actual Startup Time": 0.014,
                      "Actual Total Time": 0.058,
                      "Actual Rows": 56,
                      "Actual Loops": 1903,
                      "Index Cond": "(movie_id = mc.movie_id)",
                      "Rows Removed by Index Recheck": 0,
                      "Heap Fetches": 105893
                    }
                  ]
                }
              ]
            }
          ]
        }
      ]
    },
    "Planning Time": 1.594,
    "Triggers": [],
    "Execution Time": 224.928
  }
]