{
  "Plan": {
    "Node Type": "Aggregate",
    "Strategy": "Plain",
    "Partial Mode": "Finalize",
    "Parallel Aware": false,
    "Startup Cost": 245189.9,
    "Total Cost": 245189.91,
    "Plan Rows": 1,
    "Plan Width": 8,
    "Actual Startup Time": 285.042,
    "Actual Total Time": 304.07,
    "Actual Rows": 1,
    "Actual Loops": 1,
    "Plans": [
      {
        "Node Type": "Gather",
        "Parent Relationship": "Outer",
        "Parallel Aware": false,
        "Startup Cost": 245189.79,
        "Total Cost": 245189.9,
        "Plan Rows": 1,
        "Plan Width": 8,
        "Actual Startup Time": 284.527,
        "Actual Total Time": 304.062,
        "Actual Rows": 2,
        "Actual Loops": 1,
        "Workers Planned": 1,
        "Workers Launched": 1,
        "Single Copy": false,
        "Plans": [
          {
            "Node Type": "Aggregate",
            "Strategy": "Plain",
            "Partial Mode": "Partial",
            "Parent Relationship": "Outer",
            "Parallel Aware": false,
            "Startup Cost": 244189.79,
            "Total Cost": 244189.8,
            "Plan Rows": 1,
            "Plan Width": 8,
            "Actual Startup Time": 277.996,
            "Actual Total Time": 278.0,
            "Actual Rows": 1,
            "Actual Loops": 2,
            "Plans": [
              {
                "Node Type": "Nested Loop",
                "Parent Relationship": "Outer",
                "Parallel Aware": false,
                "Join Type": "Inner",
                "Startup Cost": 69914.43,
                "Total Cost": 244177.94,
                "Plan Rows": 4740,
                "Plan Width": 0,
                "Actual Startup Time": 172.335,
                "Actual Total Time": 277.392,
                "Actual Rows": 11896,
                "Actual Loops": 2,
                "Inner Unique": false,
                "Join Filter": "(t.id = mc.movie_id)",
                "Rows Removed by Join Filter": 0,
                "Plans": [
                  {
                    "Node Type": "Hash Join",
                    "Parent Relationship": "Outer",
                    "Parallel Aware": true,
                    "Join Type": "Inner",
                    "Startup Cost": 69914.0,
                    "Total Cost": 237378.69,
                    "Plan Rows": 9046,
                    "Plan Width": 8,
                    "Actual Startup Time": 172.265,
                    "Actual Total Time": 253.537,
                    "Actual Rows": 3846,
                    "Actual Loops": 2,
                    "Inner Unique": true,
                    "Hash Cond": "(mi.movie_id = t.id)",
                    "Plans": [
                      {
                        "Node Type": "Bitmap Heap Scan",
                        "Parent Relationship": "Outer",
                        "Parallel Aware": true,
                        "Relation Name": "movie_info",
                        "Alias": "mi",
                        "Startup Cost": 11142.68,
                        "Total Cost": 177657.74,
                        "Plan Rows": 361765,
                        "Plan Width": 4,
                        "Actual Startup Time": 24.328,
                        "Actual Total Time": 78.876,
                        "Actual Rows": 299228,
                        "Actual Loops": 2,
                        "Recheck Cond": "(info_type_id = 15)",
                        "Rows Removed by Index Recheck": 0,
                        "Exact Heap Blocks": 11739,
                        "Lossy Heap Blocks": 0,
                        "Plans": [
                          {
                            "Node Type": "Bitmap Index Scan",
                            "Parent Relationship": "Outer",
                            "Parallel Aware": false,
                            "Index Name": "info_type_id_movie_info",
                            "Startup Cost": 0.0,
                            "Total Cost": 10988.93,
                            "Plan Rows": 615000,
                            "Plan Width": 0,
                            "Actual Startup Time": 21.144,
                            "Actual Total Time": 21.145,
                            "Actual Rows": 598457,
                            "Actual Loops": 1,
                            "Index Cond": "(info_type_id = 15)"
                          }
                        ]
                      },
                      {
                        "Node Type": "Hash",
                        "Parent Relationship": "Inner",
                        "Parallel Aware": true,
                        "Startup Cost": 58306.47,
                        "Total Cost": 58306.47,
                        "Plan Rows": 37188,
                        "Plan Width": 4,
                        "Actual Startup Time": 146.212,
                        "Actual Total Time": 146.212,
                        "Actual Rows": 26885,
                        "Actual Loops": 2,
                        "Hash Buckets": 65536,
                        "Original Hash Buckets": 65536,
                        "Hash Batches": 1,
                        "Original Hash Batches": 1,
                        "Peak Memory Usage": 2656,
                        "Plans": [
                          {
                            "Node Type": "Seq Scan",
                            "Parent Relationship": "Outer",
                            "Parallel Aware": true,
                            "Relation Name": "title",
                            "Alias": "t",
                            "Startup Cost": 0.0,
                            "Total Cost": 58306.47,
                            "Plan Rows": 37188,
                            "Plan Width": 4,
                            "Actual Startup Time": 0.076,
                            "Actual Total Time": 139.568,
                            "Actual Rows": 26885,
                            "Actual Loops": 2,
                            "Filter": "((kind_id < 7) AND (production_year = 2011))",
                            "Rows Removed by Filter": 1237271
                          }
                        ]
                      }
                    ]
                  },
                  {
                    "Node Type": "Index Scan",
                    "Parent Relationship": "Inner",
                    "Parallel Aware": false,
                    "Scan Direction": "Forward",
                    "Index Name": "movie_id_movie_companies",
                    "Relation Name": "movie_companies",
                    "Alias": "mc",
                    "Startup Cost": 0.43,
                    "Total Cost": 0.71,
                    "Plan Rows": 3,
                    "Plan Width": 4,
                    "Actual Startup Time": 0.005,
                    "Actual Total Time": 0.006,
                    "Actual Rows": 3,
                    "Actual Loops": 7691,
                    "Index Cond": "(movie_id = mi.movie_id)",
                    "Rows Removed by Index Recheck": 0,
                    "Filter": "(company_type_id = 2)",
                    "Rows Removed by Filter": 16
                  }
                ]
              }
            ]
          }
        ]
      }
    ]
  },
  "Planning Time": 1.044,
  "Triggers": [],
  "Execution Time": 304.182
}