[
  {
    "Plan": {
      "Node Type": "Aggregate",
      "Strategy": "Plain",
      "Partial Mode": "Finalize",
      "Parallel Aware": false,
      "Startup Cost": 248491.74,
      "Total Cost": 248491.75,
      "Plan Rows": 1,
      "Plan Width": 8,
      "Actual Startup Time": 553.833,
      "Actual Total Time": 599.586,
      "Actual Rows": 1,
      "Actual Loops": 1,
      "Plans": [
        {
          "Node Type": "Gather",
          "Parent Relationship": "Outer",
          "Parallel Aware": false,
          "Startup Cost": 248491.22,
          "Total Cost": 248491.73,
          "Plan Rows": 5,
          "Plan Width": 8,
          "Actual Startup Time": 551.428,
          "Actual Total Time": 599.569,
          "Actual Rows": 6,
          "Actual Loops": 1,
          "Workers Planned": 5,
          "Workers Launched": 5,
          "Single Copy": false,
          "Plans": [
            {
              "Node Type": "Aggregate",
              "Strategy": "Plain",
              "Partial Mode": "Partial",
              "Parent Relationship": "Outer",
              "Parallel Aware": false,
              "Startup Cost": 247491.22,
              "Total Cost": 247491.23,
              "Plan Rows": 1,
              "Plan Width": 8,
              "Actual Startup Time": 542.678,
              "Actual Total Time": 542.682,
              "Actual Rows": 1,
              "Actual Loops": 6,
              "Plans": [
                {
                  "Node Type": "Hash Join",
                  "Parent Relationship": "Outer",
                  "Parallel Aware": true,
                  "Join Type": "Inner",
                  "Startup Cost": 46580.0,
                  "Total Cost": 247280.08,
                  "Plan Rows": 84455,
                  "Plan Width": 0,
                  "Actual Startup Time": 189.52,
                  "Actual Total Time": 538.55,
                  "Actual Rows": 72317,
                  "Actual Loops": 6,
                  "Inner Unique": true,
                  "Hash Cond": "(mi.movie_id = t.id)",
                  "Plans": [
                    {
                      "Node Type": "Seq Scan",
                      "Parent Relationship": "Outer",
                      "Parallel Aware": true,
                      "Relation Name": "movie_info",
                      "Alias": "mi",
                      "Startup Cost": 0.0,
                      "Total Cost": 199108.24,
                      "Plan Rows": 606414,
                      "Plan Width": 4,
                      "Actual Startup Time": 80.472,
                      "Actual Total Time": 344.574,
                      "Actual Rows": 506120,
                      "Actual Loops": 6,
                      "Filter": "(info_type_id = 16)",
                      "Rows Removed by Filter": 1966500
                    },
                    {
                      "Node Type": "Hash",
                      "Parent Relationship": "Inner",
                      "Parallel Aware": true,
                      "Startup Cost": 45479.59,
                      "Total Cost": 45479.59,
                      "Plan Rows": 88033,
                      "Plan Width": 4,
                      "Actual Startup Time": 106.866,
                      "Actual Total Time": 106.868,
                      "Actual Rows": 50348,
                      "Actual Loops": 6,
                      "Hash Buckets": 524288,
                      "Original Hash Buckets": 524288,
                      "Hash Batches": 1,
                      "Original Hash Batches": 1,
                      "Peak Memory Usage": 16032,
                      "Plans": [
                        {
                          "Node Type": "Seq Scan",
                          "Parent Relationship": "Outer",
                          "Parallel Aware": true,
                          "Relation Name": "title",
                          "Alias": "t",
                          "Startup Cost": 0.0,
                          "Total Cost": 45479.59,
                          "Plan Rows": 88033,
                          "Plan Width": 4,
                          "Actual Startup Time": 0.076,
                          "Actual Total Time": 85.087,
                          "Actual Rows": 50348,
                          "Actual Loops": 6,
                          "Filter": "((kind_id < 7) AND (production_year > 2006))",
                          "Rows Removed by Filter": 371037
                        }
                      ]
                    }
                  ]
                }
              ]
            }
          ]
        }
      ]
    },
    "Planning Time": 0.389,
    "Triggers": [],
    "Execution Time": 599.648
  }
]