[
  {
    "Plan": {
      "Node Type": "Aggregate",
      "Strategy": "Plain",
      "Partial Mode": "Finalize",
      "Parallel Aware": false,
      "Startup Cost": 45610.97,
      "Total Cost": 45610.98,
      "Plan Rows": 1,
      "Plan Width": 8,
      "Actual Startup Time": 150.793,
      "Actual Total Time": 158.368,
      "Actual Rows": 1,
      "Actual Loops": 1,
      "Plans": [
        {
          "Node Type": "Gather",
          "Parent Relationship": "Outer",
          "Parallel Aware": false,
          "Startup Cost": 45610.65,
          "Total Cost": 45610.96,
          "Plan Rows": 3,
          "Plan Width": 8,
          "Actual Startup Time": 150.686,
          "Actual Total Time": 158.359,
          "Actual Rows": 4,
          "Actual Loops": 1,
          "Workers Planned": 3,
          "Workers Launched": 3,
          "Single Copy": false,
          "Plans": [
            {
              "Node Type": "Aggregate",
              "Strategy": "Plain",
              "Partial Mode": "Partial",
              "Parent Relationship": "Outer",
              "Parallel Aware": false,
              "Startup Cost": 44610.65,
              "Total Cost": 44610.66,
              "Plan Rows": 1,
              "Plan Width": 8,
              "Actual Startup Time": 143.861,
              "Actual Total Time": 143.862,
              "Actual Rows": 1,
              "Actual Loops": 4,
              "Plans": [
                {
                  "Node Type": "Seq Scan",
                  "Parent Relationship": "Outer",
                  "Parallel Aware": true,
                  "Relation Name": "movie_keyword",
                  "Alias": "mk",
                  "Startup Cost": 0.0,
                  "Total Cost": 42695.65,
                  "Plan Rows": 765998,
                  "Plan Width": 0,
                  "Actual Startup Time": 0.611,
                  "Actual Total Time": 116.285,
                  "Actual Rows": 592592,
                  "Actual Loops": 4,
                  "Filter": "(keyword_id > 4063)",
                  "Rows Removed by Filter": 538390
                }
              ]
            }
          ]
        }
      ]
    },
    "Planning Time": 0.18,
    "Triggers": [],
    "Execution Time": 158.432
  }
]