{
    "Plan": {
        "Node Type": "Aggregate",
        "Strategy": "Plain",
        "Partial Mode": "Finalize",
        "Parallel Aware": false,
        "Startup Cost": 229102.83,
        "Total Cost": 229102.84,
        "Plan Rows": 1,
        "Plan Width": 8,
        "Actual Startup Time": 586.497,
        "Actual Total Time": 637.702,
        "Actual Rows": 1,
        "Actual Loops": 1,
        "Output": [
            "count(*)"
        ],
        "Plans": [
            {
                "Node Type": "Gather",
                "Parent Relationship": "Outer",
                "Parallel Aware": false,
                "Startup Cost": 229102.41,
                "Total Cost": 229102.82,
                "Plan Rows": 4,
                "Plan Width": 8,
                "Actual Startup Time": 583.405,
                "Actual Total Time": 637.691,
                "Actual Rows": 5,
                "Actual Loops": 1,
                "Output": [
                    "(PARTIAL count(*))"
                ],
                "Workers Planned": 4,
                "Workers Launched": 4,
                "Single Copy": false,
                "Plans": [
                    {
                        "Node Type": "Aggregate",
                        "Strategy": "Plain",
                        "Partial Mode": "Partial",
                        "Parent Relationship": "Outer",
                        "Parallel Aware": false,
                        "Startup Cost": 228102.41,
                        "Total Cost": 228102.42,
                        "Plan Rows": 1,
                        "Plan Width": 8,
                        "Actual Startup Time": 573.87,
                        "Actual Total Time": 573.872,
                        "Actual Rows": 1,
                        "Actual Loops": 5,
                        "Output": [
                            "PARTIAL count(*)"
                        ],
                        "Workers": [
                            {
                                "Worker Number": 0,
                                "Actual Startup Time": 570.276,
                                "Actual Total Time": 570.279,
                                "Actual Rows": 1,
                                "Actual Loops": 1
                            },
                            {
                                "Worker Number": 1,
                                "Actual Startup Time": 571.603,
                                "Actual Total Time": 571.606,
                                "Actual Rows": 1,
                                "Actual Loops": 1
                            },
                            {
                                "Worker Number": 2,
                                "Actual Startup Time": 573.274,
                                "Actual Total Time": 573.276,
                                "Actual Rows": 1,
                                "Actual Loops": 1
                            },
                            {
                                "Worker Number": 3,
                                "Actual Startup Time": 571.713,
                                "Actual Total Time": 571.715,
                                "Actual Rows": 1,
                                "Actual Loops": 1
                            }
                        ],
                        "Plans": [
                            {
                                "Node Type": "Nested Loop",
                                "Parent Relationship": "Outer",
                                "Parallel Aware": false,
                                "Join Type": "Inner",
                                "Startup Cost": 1.0,
                                "Total Cost": 227998.47,
                                "Plan Rows": 41576,
                                "Plan Width": 0,
                                "Actual Startup Time": 60.021,
                                "Actual Total Time": 543.21,
                                "Actual Rows": 550698,
                                "Actual Loops": 5,
                                "Inner Unique": false,
                                "Join Filter": "(t.id = ci.movie_id)",
                                "Rows Removed by Join Filter": 0,
                                "Workers": [
                                    {
                                        "Worker Number": 0,
                                        "Actual Startup Time": 59.296,
                                        "Actual Total Time": 540.955,
                                        "Actual Rows": 405330,
                                        "Actual Loops": 1
                                    },
                                    {
                                        "Worker Number": 1,
                                        "Actual Startup Time": 59.561,
                                        "Actual Total Time": 542.693,
                                        "Actual Rows": 399083,
                                        "Actual Loops": 1
                                    },
                                    {
                                        "Worker Number": 2,
                                        "Actual Startup Time": 59.973,
                                        "Actual Total Time": 544.159,
                                        "Actual Rows": 399639,
                                        "Actual Loops": 1
                                    },
                                    {
                                        "Worker Number": 3,
                                        "Actual Startup Time": 54.53,
                                        "Actual Total Time": 542.647,
                                        "Actual Rows": 640308,
                                        "Actual Loops": 1
                                    }
                                ],
                                "Plans": [
                                    {
                                        "Node Type": "Nested Loop",
                                        "Parent Relationship": "Outer",
                                        "Parallel Aware": false,
                                        "Join Type": "Inner",
                                        "Startup Cost": 0.43,
                                        "Total Cost": 221061.42,
                                        "Plan Rows": 2900,
                                        "Plan Width": 8,
                                        "Actual Startup Time": 59.901,
                                        "Actual Total Time": 149.287,
                                        "Actual Rows": 6245,
                                        "Actual Loops": 5,
                                        "Output": [
                                            "t.id",
                                            "mi.movie_id"
                                        ],
                                        "Inner Unique": false,
                                        "Workers": [
                                            {
                                                "Worker Number": 0,
                                                "Actual Startup Time": 59.149,
                                                "Actual Total Time": 159.45,
                                                "Actual Rows": 5050,
                                                "Actual Loops": 1
                                            },
                                            {
                                                "Worker Number": 1,
                                                "Actual Startup Time": 59.411,
                                                "Actual Total Time": 153.301,
                                                "Actual Rows": 4439,
                                                "Actual Loops": 1
                                            },
                                            {
                                                "Worker Number": 2,
                                                "Actual Startup Time": 59.82,
                                                "Actual Total Time": 151.797,
                                                "Actual Rows": 4725,
                                                "Actual Loops": 1
                                            },
                                            {
                                                "Worker Number": 3,
                                                "Actual Startup Time": 54.398,
                                                "Actual Total Time": 149.797,
                                                "Actual Rows": 6756,
                                                "Actual Loops": 1
                                            }
                                        ],
                                        "Plans": [
                                            {
                                                "Node Type": "Seq Scan",
                                                "Parent Relationship": "Outer",
                                                "Parallel Aware": true,
                                                "Relation Name": "title",
                                                "Schema": "public",
                                                "Alias": "t",
                                                "Startup Cost": 0.0,
                                                "Total Cost": 45479.21,
                                                "Plan Rows": 3290,
                                                "Plan Width": 4,
                                                "Actual Startup Time": 59.608,
                                                "Actual Total Time": 89.921,
                                                "Actual Rows": 1516,
                                                "Actual Loops": 5,
                                                "Output": [
                                                    "t.id",
                                                    "t.title",
                                                    "t.imdb_index",
                                                    "t.kind_id",
                                                    "t.production_year",
                                                    "t.imdb_id",
                                                    "t.phonetic_code",
                                                    "t.episode_of_id",
                                                    "t.season_nr",
                                                    "t.episode_nr",
                                                    "t.series_years",
                                                    "t.md5sum"
                                                ],
                                                "Filter": "((t.kind_id = 1) AND (t.production_year = 1999))",
                                                "Rows Removed by Filter": 504147,
                                                "Workers": [
                                                    {
                                                        "Worker Number": 0,
                                                        "Actual Startup Time": 58.999,
                                                        "Actual Total Time": 89.611,
                                                        "Actual Rows": 1302,
                                                        "Actual Loops": 1
                                                    },
                                                    {
                                                        "Worker Number": 1,
                                                        "Actual Startup Time": 59.074,
                                                        "Actual Total Time": 87.306,
                                                        "Actual Rows": 1177,
                                                        "Actual Loops": 1
                                                    },
                                                    {
                                                        "Worker Number": 2,
                                                        "Actual Startup Time": 59.022,
                                                        "Actual Total Time": 87.232,
                                                        "Actual Rows": 1119,
                                                        "Actual Loops": 1
                                                    },
                                                    {
                                                        "Worker Number": 3,
                                                        "Actual Startup Time": 54.249,
                                                        "Actual Total Time": 87.068,
                                                        "Actual Rows": 1686,
                                                        "Actual Loops": 1
                                                    }
                                                ]
                                            },
                                            {
                                                "Node Type": "Index Scan",
                                                "Parent Relationship": "Inner",
                                                "Parallel Aware": false,
                                                "Scan Direction": "Forward",
                                                "Index Name": "movie_id_movie_info",
                                                "Relation Name": "movie_info",
                                                "Schema": "public",
                                                "Alias": "mi",
                                                "Startup Cost": 0.43,
                                                "Total Cost": 53.31,
                                                "Plan Rows": 6,
                                                "Plan Width": 4,
                                                "Actual Startup Time": 0.023,
                                                "Actual Total Time": 0.038,
                                                "Actual Rows": 4,
                                                "Actual Loops": 7578,
                                                "Output": [
                                                    "mi.id",
                                                    "mi.movie_id",
                                                    "mi.info_type_id",
                                                    "mi.info",
                                                    "mi.note"
                                                ],
                                                "Index Cond": "(mi.movie_id = t.id)",
                                                "Rows Removed by Index Recheck": 0,
                                                "Filter": "(mi.info_type_id > 16)",
                                                "Rows Removed by Filter": 11,
                                                "Workers": [
                                                    {
                                                        "Worker Number": 0,
                                                        "Actual Startup Time": 0.032,
                                                        "Actual Total Time": 0.052,
                                                        "Actual Rows": 4,
                                                        "Actual Loops": 1302
                                                    },
                                                    {
                                                        "Worker Number": 1,
                                                        "Actual Startup Time": 0.034,
                                                        "Actual Total Time": 0.055,
                                                        "Actual Rows": 4,
                                                        "Actual Loops": 1177
                                                    },
                                                    {
                                                        "Worker Number": 2,
                                                        "Actual Startup Time": 0.034,
                                                        "Actual Total Time": 0.056,
                                                        "Actual Rows": 4,
                                                        "Actual Loops": 1119
                                                    },
                                                    {
                                                        "Worker Number": 3,
                                                        "Actual Startup Time": 0.022,
                                                        "Actual Total Time": 0.036,
                                                        "Actual Rows": 4,
                                                        "Actual Loops": 1686
                                                    }
                                                ]
                                            }
                                        ]
                                    },
                                    {
                                        "Node Type": "Index Only Scan",
                                        "Parent Relationship": "Inner",
                                        "Parallel Aware": false,
                                        "Scan Direction": "Forward",
                                        "Index Name": "movie_id_cast_info",
                                        "Relation Name": "cast_info",
                                        "Schema": "public",
                                        "Alias": "ci",
                                        "Startup Cost": 0.56,
                                        "Total Cost": 1.92,
                                        "Plan Rows": 38,
                                        "Plan Width": 4,
                                        "Actual Startup Time": 0.007,
                                        "Actual Total Time": 0.053,
                                        "Actual Rows": 88,
                                        "Actual Loops": 31224,
                                        "Output": [
                                            "ci.movie_id"
                                        ],
                                        "Index Cond": "(ci.movie_id = mi.movie_id)",
                                        "Rows Removed by Index Recheck": 0,
                                        "Heap Fetches": 2753490,
                                        "Workers": [
                                            {
                                                "Worker Number": 0,
                                                "Actual Startup Time": 0.008,
                                                "Actual Total Time": 0.064,
                                                "Actual Rows": 80,
                                                "Actual Loops": 5050
                                            },
                                            {
                                                "Worker Number": 1,
                                                "Actual Startup Time": 0.009,
                                                "Actual Total Time": 0.075,
                                                "Actual Rows": 90,
                                                "Actual Loops": 4439
                                            },
                                            {
                                                "Worker Number": 2,
                                                "Actual Startup Time": 0.009,
                                                "Actual Total Time": 0.071,
                                                "Actual Rows": 85,
                                                "Actual Loops": 4725
                                            },
                                            {
                                                "Worker Number": 3,
                                                "Actual Startup Time": 0.006,
                                                "Actual Total Time": 0.05,
                                                "Actual Rows": 95,
                                                "Actual Loops": 6756
                                            }
                                        ]
                                    }
                                ]
                            }
                        ]
                    }
                ]
            }
        ]
    },
    "Planning Time": 1.516,
    "Triggers": [],
    "Execution Time": 637.82
}