[
  {
    "Plan": {
      "Node Type": "Aggregate",
      "Strategy": "Plain",
      "Partial Mode": "Finalize",
      "Parallel Aware": false,
      "Startup Cost": 477107.94,
      "Total Cost": 477107.95,
      "Plan Rows": 1,
      "Plan Width": 8,
      "Actual Startup Time": 2283.115,
      "Actual Total Time": 2349.621,
      "Actual Rows": 1,
      "Actual Loops": 1,
      "Plans": [
        {
          "Node Type": "Gather",
          "Parent Relationship": "Outer",
          "Parallel Aware": false,
          "Startup Cost": 477107.31,
          "Total Cost": 477107.92,
          "Plan Rows": 6,
          "Plan Width": 8,
          "Actual Startup Time": 2242.149,
          "Actual Total Time": 2349.607,
          "Actual Rows": 7,
          "Actual Loops": 1,
          "Workers Planned": 6,
          "Workers Launched": 6,
          "Single Copy": false,
          "Plans": [
            {
              "Node Type": "Aggregate",
              "Strategy": "Plain",
              "Partial Mode": "Partial",
              "Parent Relationship": "Outer",
              "Parallel Aware": false,
              "Startup Cost": 476107.31,
              "Total Cost": 476107.32,
              "Plan Rows": 1,
              "Plan Width": 8,
              "Actual Startup Time": 2220.598,
              "Actual Total Time": 2221.514,
              "Actual Rows": 1,
              "Actual Loops": 7,
              "Plans": [
                {
                  "Node Type": "Hash Join",
                  "Parent Relationship": "Outer",
                  "Parallel Aware": true,
                  "Join Type": "Inner",
                  "Startup Cost": 112746.54,
                  "Total Cost": 469888.97,
                  "Plan Rows": 2487336,
                  "Plan Width": 0,
                  "Actual Startup Time": 1066.389,
                  "Actual Total Time": 2013.557,
                  "Actual Rows": 4428875,
                  "Actual Loops": 7,
                  "Inner Unique": false,
                  "Hash Cond": "(ci.movie_id = t.id)",
                  "Plans": [
                    {
                      "Node Type": "Seq Scan",
                      "Parent Relationship": "Outer",
                      "Parallel Aware": true,
                      "Relation Name": "cast_info",
                      "Alias": "ci",
                      "Startup Cost": 0.0,
                      "Total Cost": 343316.27,
                      "Plan Rows": 1547334,
                      "Plan Width": 4,
                      "Actual Startup Time": 361.248,
                      "Actual Total Time": 668.57,
                      "Actual Rows": 767543,
                      "Actual Loops": 7,
                      "Filter": "((person_id < 2151909) AND (role_id > 2))",
                      "Rows Removed by Filter": 4410221
                    },
                    {
                      "Node Type": "Hash",
                      "Parent Relationship": "Inner",
                      "Parallel Aware": true,
                      "Startup Cost": 96357.7,
                      "Total Cost": 96357.7,
                      "Plan Rows": 1311107,
                      "Plan Width": 8,
                      "Actual Startup Time": 698.208,
                      "Actual Total Time": 699.121,
                      "Actual Rows": 580315,
                      "Actual Loops": 7,
                      "Hash Buckets": 4194304,
                      "Original Hash Buckets": 4194304,
                      "Hash Batches": 1,
                      "Original Hash Batches": 1,
                      "Peak Memory Usage": 191808,
                      "Plans": [
                        {
                          "Node Type": "Hash Join",
                          "Parent Relationship": "Outer",
                          "Parallel Aware": true,
                          "Join Type": "Inner",
                          "Startup Cost": 50220.38,
                          "Total Cost": 96357.7,
                          "Plan Rows": 1311107,
                          "Plan Width": 8,
                          "Actual Startup Time": 278.962,
                          "Actual Total Time": 496.194,
                          "Actual Rows": 580315,
                          "Actual Loops": 7,
                          "Inner Unique": true,
                          "Hash Cond": "(mk.movie_id = t.id)",
                          "Plans": [
                            {
                              "Node Type": "Seq Scan",
                              "Parent Relationship": "Outer",
                              "Parallel Aware": true,
                              "Relation Name": "movie_keyword",
                              "Alias": "mk",
                              "Startup Cost": 0.0,
                              "Total Cost": 42695.65,
                              "Plan Rows": 1311107,
                              "Plan Width": 4,
                              "Actual Startup Time": 0.032,
                              "Actual Total Time": 91.72,
                              "Actual Rows": 580315,
                              "Actual Loops": 7,
                              "Filter": "(keyword_id > 348)",
                              "Rows Removed by Filter": 65961
                            },
                            {
                              "Node Type": "Hash",
                              "Parent Relationship": "Inner",
                              "Parallel Aware": true,
                              "Startup Cost": 42319.06,
                              "Total Cost": 42319.06,
                              "Plan Rows": 632106,
                              "Plan Width": 4,
                              "Actual Startup Time": 274.972,
                              "Actual Total Time": 274.975,
                              "Actual Rows": 361187,
                              "Actual Loops": 7,
                              "Hash Buckets": 4194304,
                              "Original Hash Buckets": 4194304,
                              "Hash Batches": 1,
                              "Original Hash Batches": 1,
                              "Peak Memory Usage": 131808,
                              "Plans": [
                                {
                                  "Node Type": "Seq Scan",
                                  "Parent Relationship": "Outer",
                                  "Parallel Aware": true,
                                  "Relation Name": "title",
                                  "Alias": "t",
                                  "Startup Cost": 0.0,
                                  "Total Cost": 42319.06,
                                  "Plan Rows": 632106,
                                  "Plan Width": 4,
                                  "Actual Startup Time": 0.063,
                                  "Actual Total Time": 81.171,
                                  "Actual Rows": 361187,
                                  "Actual Loops": 7
                                }
                              ]
                            }
                          ]
                        }
                      ]
                    }
                  ]
                }
              ]
            }
          ]
        }
      ]
    },
    "Planning Time": 1.311,
    "Triggers": [],
    "Execution Time": 2349.711
  }
]