[
  {
    "Plan": {
      "Node Type": "Aggregate",
      "Strategy": "Plain",
      "Partial Mode": "Finalize",
      "Parallel Aware": false,
      "Startup Cost": 346897.45,
      "Total Cost": 346897.46,
      "Plan Rows": 1,
      "Plan Width": 8,
      "Actual Startup Time": 665.759,
      "Actual Total Time": 710.776,
      "Actual Rows": 1,
      "Actual Loops": 1,
      "Plans": [
        {
          "Node Type": "Gather",
          "Parent Relationship": "Outer",
          "Parallel Aware": false,
          "Startup Cost": 346896.82,
          "Total Cost": 346897.43,
          "Plan Rows": 6,
          "Plan Width": 8,
          "Actual Startup Time": 665.578,
          "Actual Total Time": 710.756,
          "Actual Rows": 7,
          "Actual Loops": 1,
          "Workers Planned": 6,
          "Workers Launched": 6,
          "Single Copy": false,
          "Plans": [
            {
              "Node Type": "Aggregate",
              "Strategy": "Plain",
              "Partial Mode": "Partial",
              "Parent Relationship": "Outer",
              "Parallel Aware": false,
              "Startup Cost": 345896.82,
              "Total Cost": 345896.83,
              "Plan Rows": 1,
              "Plan Width": 8,
              "Actual Startup Time": 658.311,
              "Actual Total Time": 658.314,
              "Actual Rows": 1,
              "Actual Loops": 7,
              "Plans": [
                {
                  "Node Type": "Seq Scan",
                  "Parent Relationship": "Outer",
                  "Parallel Aware": true,
                  "Relation Name": "cast_info",
                  "Alias": "ci",
                  "Startup Cost": 0.0,
                  "Total Cost": 343316.27,
                  "Plan Rows": 1032220,
                  "Plan Width": 0,
                  "Actual Startup Time": 0.044,
                  "Actual Total Time": 607.718,
                  "Actual Rows": 1010207,
                  "Actual Loops": 7,
                  "Filter": "((person_id < 725259) AND (role_id < 9))",
                  "Rows Removed by Filter": 4167557
                }
              ]
            }
          ]
        }
      ]
    },
    "Planning Time": 0.231,
    "Triggers": [],
    "Execution Time": 710.846
  }
]