[
  {
    "Plan": {
      "Node Type": "Aggregate",
      "Strategy": "Plain",
      "Partial Mode": "Finalize",
      "Parallel Aware": false,
      "Startup Cost": 349078.79,
      "Total Cost": 349078.8,
      "Plan Rows": 1,
      "Plan Width": 8,
      "Actual Startup Time": 752.638,
      "Actual Total Time": 811.262,
      "Actual Rows": 1,
      "Actual Loops": 1,
      "Plans": [
        {
          "Node Type": "Gather",
          "Parent Relationship": "Outer",
          "Parallel Aware": false,
          "Startup Cost": 349078.17,
          "Total Cost": 349078.78,
          "Plan Rows": 6,
          "Plan Width": 8,
          "Actual Startup Time": 752.493,
          "Actual Total Time": 811.253,
          "Actual Rows": 7,
          "Actual Loops": 1,
          "Workers Planned": 6,
          "Workers Launched": 6,
          "Single Copy": false,
          "Plans": [
            {
              "Node Type": "Aggregate",
              "Strategy": "Plain",
              "Partial Mode": "Partial",
              "Parent Relationship": "Outer",
              "Parallel Aware": false,
              "Startup Cost": 348078.17,
              "Total Cost": 348078.18,
              "Plan Rows": 1,
              "Plan Width": 8,
              "Actual Startup Time": 744.058,
              "Actual Total Time": 744.059,
              "Actual Rows": 1,
              "Actual Loops": 7,
              "Plans": [
                {
                  "Node Type": "Seq Scan",
                  "Parent Relationship": "Outer",
                  "Parallel Aware": true,
                  "Relation Name": "cast_info",
                  "Alias": "ci",
                  "Startup Cost": 0.0,
                  "Total Cost": 343257.03,
                  "Plan Rows": 1928456,
                  "Plan Width": 0,
                  "Actual Startup Time": 338.347,
                  "Actual Total Time": 660.76,
                  "Actual Rows": 1875659,
                  "Actual Loops": 7,
                  "Filter": "((person_id > 1048515) AND (role_id > 2))",
                  "Rows Removed by Filter": 3302104
                }
              ]
            }
          ]
        }
      ]
    },
    "Planning Time": 0.225,
    "Triggers": [],
    "Execution Time": 811.335
  }
]