[
  {
    "Plan": {
      "Node Type": "Aggregate",
      "Strategy": "Plain",
      "Partial Mode": "Finalize",
      "Parallel Aware": false,
      "Startup Cost": 282504.91,
      "Total Cost": 282504.92,
      "Plan Rows": 1,
      "Plan Width": 8,
      "Actual Startup Time": 1027.877,
      "Actual Total Time": 1062.871,
      "Actual Rows": 1,
      "Actual Loops": 1,
      "Plans": [
        {
          "Node Type": "Gather",
          "Parent Relationship": "Outer",
          "Parallel Aware": false,
          "Startup Cost": 282504.59,
          "Total Cost": 282504.9,
          "Plan Rows": 3,
          "Plan Width": 8,
          "Actual Startup Time": 995.215,
          "Actual Total Time": 1062.86,
          "Actual Rows": 4,
          "Actual Loops": 1,
          "Workers Planned": 3,
          "Workers Launched": 3,
          "Single Copy": false,
          "Plans": [
            {
              "Node Type": "Aggregate",
              "Strategy": "Plain",
              "Partial Mode": "Partial",
              "Parent Relationship": "Outer",
              "Parallel Aware": false,
              "Startup Cost": 281504.59,
              "Total Cost": 281504.6,
              "Plan Rows": 1,
              "Plan Width": 8,
              "Actual Startup Time": 987.339,
              "Actual Total Time": 987.52,
              "Actual Rows": 1,
              "Actual Loops": 4,
              "Plans": [
                {
                  "Node Type": "Hash Join",
                  "Parent Relationship": "Outer",
                  "Parallel Aware": true,
                  "Join Type": "Inner",
                  "Startup Cost": 248738.9,
                  "Total Cost": 280691.67,
                  "Plan Rows": 325170,
                  "Plan Width": 0,
                  "Actual Startup Time": 740.289,
                  "Actual Total Time": 963.083,
                  "Actual Rows": 536995,
                  "Actual Loops": 4,
                  "Inner Unique": false,
                  "Hash Cond": "(mc.movie_id = t.id)",
                  "Plans": [
                    {
                      "Node Type": "Seq Scan",
                      "Parent Relationship": "Outer",
                      "Parallel Aware": true,
                      "Relation Name": "movie_companies",
                      "Alias": "mc",
                      "Startup Cost": 0.0,
                      "Total Cost": 29310.68,
                      "Plan Rows": 531132,
                      "Plan Width": 4,
                      "Actual Startup Time": 0.015,
                      "Actual Total Time": 76.282,
                      "Actual Rows": 413929,
                      "Actual Loops": 4,
                      "Filter": "(company_id < 18431)",
                      "Rows Removed by Filter": 238353
                    },
                    {
                      "Node Type": "Hash",
                      "Parent Relationship": "Inner",
                      "Parallel Aware": true,
                      "Startup Cost": 244869.01,
                      "Total Cost": 244869.01,
                      "Plan Rows": 309591,
                      "Plan Width": 8,
                      "Actual Startup Time": 735.708,
                      "Actual Total Time": 735.887,
                      "Actual Rows": 383477,
                      "Actual Loops": 4,
                      "Hash Buckets": 2097152,
                      "Original Hash Buckets": 2097152,
                      "Hash Batches": 1,
                      "Original Hash Batches": 1,
                      "Peak Memory Usage": 76448,
                      "Plans": [
                        {
                          "Node Type": "Hash Join",
                          "Parent Relationship": "Outer",
                          "Parallel Aware": true,
                          "Join Type": "Inner",
                          "Startup Cost": 78193.45,
                          "Total Cost": 244869.01,
                          "Plan Rows": 309591,
                          "Plan Width": 8,
                          "Actual Startup Time": 411.651,
                          "Actual Total Time": 600.703,
                          "Actual Rows": 383477,
                          "Actual Loops": 4,
                          "Inner Unique": true,
                          "Hash Cond": "(mi.movie_id = t.id)",
                          "Plans": [
                            {
                              "Node Type": "Bitmap Heap Scan",
                              "Parent Relationship": "Outer",
                              "Parallel Aware": true,
                              "Relation Name": "movie_info",
                              "Alias": "mi",
                              "Startup Cost": 27973.07,
                              "Total Cost": 193835.95,
                              "Plan Rows": 309591,
                              "Plan Width": 4,
                              "Actual Startup Time": 46.811,
                              "Actual Total Time": 93.508,
                              "Actual Rows": 383477,
                              "Actual Loops": 4,
                              "Recheck Cond": "(info_type_id = 3)",
                              "Rows Removed by Index Recheck": 0,
                              "Exact Heap Blocks": 2903,
                              "Lossy Heap Blocks": 0,
                              "Plans": [
                                {
                                  "Node Type": "Bitmap Index Scan",
                                  "Parent Relationship": "Outer",
                                  "Parallel Aware": false,
                                  "Index Name": "info_type_id_movie_info",
                                  "Startup Cost": 0.0,
                                  "Total Cost": 27586.08,
                                  "Plan Rows": 1547953,
                                  "Plan Width": 0,
                                  "Actual Startup Time": 45.318,
                                  "Actual Total Time": 45.319,
                                  "Actual Rows": 1533909,
                                  "Actual Loops": 1,
                                  "Index Cond": "(info_type_id = 3)"
                                }
                              ]
                            },
                            {
                              "Node Type": "Hash",
                              "Parent Relationship": "Inner",
                              "Parallel Aware": true,
                              "Startup Cost": 42319.06,
                              "Total Cost": 42319.06,
                              "Plan Rows": 632106,
                              "Plan Width": 4,
                              "Actual Startup Time": 358.103,
                              "Actual Total Time": 358.104,
                              "Actual Rows": 632078,
                              "Actual Loops": 4,
                              "Hash Buckets": 4194304,
                              "Original Hash Buckets": 4194304,
                              "Hash Batches": 1,
                              "Original Hash Batches": 1,
                              "Peak Memory Usage": 131744,
                              "Plans": [
                                {
                                  "Node Type": "Seq Scan",
                                  "Parent Relationship": "Outer",
                                  "Parallel Aware": true,
                                  "Relation Name": "title",
                                  "Alias": "t",
                                  "Startup Cost": 0.0,
                                  "Total Cost": 42319.06,
                                  "Plan Rows": 632106,
                                  "Plan Width": 4,
                                  "Actual Startup Time": 0.052,
                                  "Actual Total Time": 104.294,
                                  "Actual Rows": 632078,
                                  "Actual Loops": 4
                                }
                              ]
                            }
                          ]
                        }
                      ]
                    }
                  ]
                }
              ]
            }
          ]
        }
      ]
    },
    "Planning Time": 0.443,
    "Triggers": [],
    "Execution Time": 1062.915
  }
]