{
  "Plan": {
    "Node Type": "Aggregate",
    "Strategy": "Plain",
    "Partial Mode": "Finalize",
    "Parallel Aware": false,
    "Startup Cost": 237957.51,
    "Total Cost": 237957.52,
    "Plan Rows": 1,
    "Plan Width": 8,
    "Actual Startup Time": 411.012,
    "Actual Total Time": 422.529,
    "Actual Rows": 1,
    "Actual Loops": 1,
    "Plans": [
      {
        "Node Type": "Gather",
        "Parent Relationship": "Outer",
        "Parallel Aware": false,
        "Startup Cost": 237957.4,
        "Total Cost": 237957.51,
        "Plan Rows": 1,
        "Plan Width": 8,
        "Actual Startup Time": 408.061,
        "Actual Total Time": 422.521,
        "Actual Rows": 2,
        "Actual Loops": 1,
        "Workers Planned": 1,
        "Workers Launched": 1,
        "Single Copy": false,
        "Plans": [
          {
            "Node Type": "Aggregate",
            "Strategy": "Plain",
            "Partial Mode": "Partial",
            "Parent Relationship": "Outer",
            "Parallel Aware": false,
            "Startup Cost": 236957.4,
            "Total Cost": 236957.41,
            "Plan Rows": 1,
            "Plan Width": 8,
            "Actual Startup Time": 400.392,
            "Actual Total Time": 400.396,
            "Actual Rows": 1,
            "Actual Loops": 2,
            "Plans": [
              {
                "Node Type": "Hash Join",
                "Parent Relationship": "Outer",
                "Parallel Aware": true,
                "Join Type": "Inner",
                "Startup Cost": 71782.0,
                "Total Cost": 236834.7,
                "Plan Rows": 49080,
                "Plan Width": 0,
                "Actual Startup Time": 370.979,
                "Actual Total Time": 400.292,
                "Actual Rows": 1654,
                "Actual Loops": 2,
                "Inner Unique": true,
                "Hash Cond": "(mi.movie_id = t.id)",
                "Plans": [
                  {
                    "Node Type": "Bitmap Heap Scan",
                    "Parent Relationship": "Outer",
                    "Parallel Aware": true,
                    "Relation Name": "movie_info",
                    "Alias": "mi",
                    "Startup Cost": 2584.16,
                    "Total Cost": 167416.95,
                    "Plan Rows": 83774,
                    "Plan Width": 4,
                    "Actual Startup Time": 7.976,
                    "Actual Total Time": 15.862,
                    "Actual Rows": 70032,
                    "Actual Loops": 2,
                    "Recheck Cond": "(info_type_id = 9)",
                    "Rows Removed by Index Recheck": 0,
                    "Exact Heap Blocks": 843,
                    "Lossy Heap Blocks": 0,
                    "Plans": [
                      {
                        "Node Type": "Bitmap Index Scan",
                        "Parent Relationship": "Outer",
                        "Parallel Aware": false,
                        "Index Name": "info_type_id_movie_info",
                        "Startup Cost": 0.0,
                        "Total Cost": 2548.55,
                        "Plan Rows": 142416,
                        "Plan Width": 0,
                        "Actual Startup Time": 7.706,
                        "Actual Total Time": 7.707,
                        "Actual Rows": 140065,
                        "Actual Loops": 1,
                        "Index Cond": "(info_type_id = 9)"
                      }
                    ]
                  },
                  {
                    "Node Type": "Hash",
                    "Parent Relationship": "Inner",
                    "Parallel Aware": true,
                    "Startup Cost": 58306.47,
                    "Total Cost": 58306.47,
                    "Plan Rows": 871310,
                    "Plan Width": 4,
                    "Actual Startup Time": 348.824,
                    "Actual Total Time": 348.825,
                    "Actual Rows": 745436,
                    "Actual Loops": 2,
                    "Hash Buckets": 2097152,
                    "Original Hash Buckets": 2097152,
                    "Hash Batches": 1,
                    "Original Hash Batches": 1,
                    "Peak Memory Usage": 74720,
                    "Plans": [
                      {
                        "Node Type": "Seq Scan",
                        "Parent Relationship": "Outer",
                        "Parallel Aware": true,
                        "Relation Name": "title",
                        "Alias": "t",
                        "Startup Cost": 0.0,
                        "Total Cost": 58306.47,
                        "Plan Rows": 871310,
                        "Plan Width": 4,
                        "Actual Startup Time": 0.029,
                        "Actual Total Time": 164.243,
                        "Actual Rows": 745436,
                        "Actual Loops": 2,
                        "Filter": "((kind_id > 4) AND (production_year > 1912))",
                        "Rows Removed by Filter": 518720
                      }
                    ]
                  }
                ]
              }
            ]
          }
        ]
      }
    ]
  },
  "Planning Time": 0.648,
  "Triggers": [],
  "Execution Time": 422.618
}