[
  {
    "Plan": {
      "Node Type": "Aggregate",
      "Strategy": "Plain",
      "Partial Mode": "Finalize",
      "Parallel Aware": false,
      "Startup Cost": 310975.91,
      "Total Cost": 310975.92,
      "Plan Rows": 1,
      "Plan Width": 8,
      "Actual Startup Time": 1318.135,
      "Actual Total Time": 1371.084,
      "Actual Rows": 1,
      "Actual Loops": 1,
      "Plans": [
        {
          "Node Type": "Gather",
          "Parent Relationship": "Outer",
          "Parallel Aware": false,
          "Startup Cost": 310975.39,
          "Total Cost": 310975.9,
          "Plan Rows": 5,
          "Plan Width": 8,
          "Actual Startup Time": 1299.689,
          "Actual Total Time": 1371.07,
          "Actual Rows": 6,
          "Actual Loops": 1,
          "Workers Planned": 5,
          "Workers Launched": 5,
          "Single Copy": false,
          "Plans": [
            {
              "Node Type": "Aggregate",
              "Strategy": "Plain",
              "Partial Mode": "Partial",
              "Parent Relationship": "Outer",
              "Parallel Aware": false,
              "Startup Cost": 309975.39,
              "Total Cost": 309975.4,
              "Plan Rows": 1,
              "Plan Width": 8,
              "Actual Startup Time": 1283.37,
              "Actual Total Time": 1283.702,
              "Actual Rows": 1,
              "Actual Loops": 6,
              "Plans": [
                {
                  "Node Type": "Hash Join",
                  "Parent Relationship": "Outer",
                  "Parallel Aware": true,
                  "Join Type": "Inner",
                  "Startup Cost": 103798.03,
                  "Total Cost": 308615.43,
                  "Plan Rows": 543983,
                  "Plan Width": 0,
                  "Actual Startup Time": 620.784,
                  "Actual Total Time": 1256.495,
                  "Actual Rows": 515626,
                  "Actual Loops": 6,
                  "Inner Unique": false,
                  "Hash Cond": "(mi.movie_id = t.id)",
                  "Plans": [
                    {
                      "Node Type": "Seq Scan",
                      "Parent Relationship": "Outer",
                      "Parallel Aware": true,
                      "Relation Name": "movie_info",
                      "Alias": "mi",
                      "Startup Cost": 0.0,
                      "Total Cost": 199108.24,
                      "Plan Rows": 1159785,
                      "Plan Width": 4,
                      "Actual Startup Time": 18.379,
                      "Actual Total Time": 369.355,
                      "Actual Rows": 978171,
                      "Actual Loops": 6,
                      "Filter": "(info_type_id > 13)",
                      "Rows Removed by Filter": 1494449
                    },
                    {
                      "Node Type": "Hash",
                      "Parent Relationship": "Inner",
                      "Parallel Aware": true,
                      "Startup Cost": 100092.01,
                      "Total Cost": 100092.01,
                      "Plan Rows": 296482,
                      "Plan Width": 8,
                      "Actual Startup Time": 596.566,
                      "Actual Total Time": 596.896,
                      "Actual Rows": 194686,
                      "Actual Loops": 6,
                      "Hash Buckets": 2097152,
                      "Original Hash Buckets": 2097152,
                      "Hash Batches": 1,
                      "Original Hash Batches": 1,
                      "Peak Memory Usage": 62176,
                      "Plans": [
                        {
                          "Node Type": "Hash Join",
                          "Parent Relationship": "Outer",
                          "Parallel Aware": true,
                          "Join Type": "Inner",
                          "Startup Cost": 50220.95,
                          "Total Cost": 100092.01,
                          "Plan Rows": 296482,
                          "Plan Width": 8,
                          "Actual Startup Time": 307.865,
                          "Actual Total Time": 499.872,
                          "Actual Rows": 194686,
                          "Actual Loops": 6,
                          "Inner Unique": true,
                          "Hash Cond": "(ci.movie_id = t.id)",
                          "Plans": [
                            {
                              "Node Type": "Index Scan",
                              "Parent Relationship": "Outer",
                              "Parallel Aware": true,
                              "Scan Direction": "Forward",
                              "Index Name": "role_id_cast_info",
                              "Relation Name": "cast_info",
                              "Alias": "ci",
                              "Startup Cost": 0.56,
                              "Total Cost": 49093.36,
                              "Plan Rows": 296482,
                              "Plan Width": 4,
                              "Actual Startup Time": 0.238,
                              "Actual Total Time": 75.808,
                              "Actual Rows": 194686,
                              "Actual Loops": 6,
                              "Index Cond": "(role_id = 8)",
                              "Rows Removed by Index Recheck": 0,
                              "Filter": "(person_id > 1173493)",
                              "Rows Removed by Filter": 89238
                            },
                            {
                              "Node Type": "Hash",
                              "Parent Relationship": "Inner",
                              "Parallel Aware": true,
                              "Startup Cost": 42319.06,
                              "Total Cost": 42319.06,
                              "Plan Rows": 632106,
                              "Plan Width": 4,
                              "Actual Startup Time": 301.51,
                              "Actual Total Time": 301.512,
                              "Actual Rows": 421385,
                              "Actual Loops": 6,
                              "Hash Buckets": 4194304,
                              "Original Hash Buckets": 4194304,
                              "Hash Batches": 1,
                              "Original Hash Batches": 1,
                              "Peak Memory Usage": 131776,
                              "Plans": [
                                {
                                  "Node Type": "Seq Scan",
                                  "Parent Relationship": "Outer",
                                  "Parallel Aware": true,
                                  "Relation Name": "title",
                                  "Alias": "t",
                                  "Startup Cost": 0.0,
                                  "Total Cost": 42319.06,
                                  "Plan Rows": 632106,
                                  "Plan Width": 4,
                                  "Actual Startup Time": 0.052,
                                  "Actual Total Time": 85.156,
                                  "Actual Rows": 421385,
                                  "Actual Loops": 6
                                }
                              ]
                            }
                          ]
                        }
                      ]
                    }
                  ]
                }
              ]
            }
          ]
        }
      ]
    },
    "Planning Time": 1.693,
    "Triggers": [],
    "Execution Time": 1371.184
  }
]