[
  {
    "Plan": {
      "Node Type": "Aggregate",
      "Strategy": "Plain",
      "Partial Mode": "Finalize",
      "Parallel Aware": false,
      "Startup Cost": 251550.01,
      "Total Cost": 251550.02,
      "Plan Rows": 1,
      "Plan Width": 8,
      "Actual Startup Time": 1198.933,
      "Actual Total Time": 1245.347,
      "Actual Rows": 1,
      "Actual Loops": 1,
      "Plans": [
        {
          "Node Type": "Gather",
          "Parent Relationship": "Outer",
          "Parallel Aware": false,
          "Startup Cost": 251549.48,
          "Total Cost": 251549.99,
          "Plan Rows": 5,
          "Plan Width": 8,
          "Actual Startup Time": 1195.578,
          "Actual Total Time": 1245.337,
          "Actual Rows": 6,
          "Actual Loops": 1,
          "Workers Planned": 5,
          "Workers Launched": 5,
          "Single Copy": false,
          "Plans": [
            {
              "Node Type": "Aggregate",
              "Strategy": "Plain",
              "Partial Mode": "Partial",
              "Parent Relationship": "Outer",
              "Parallel Aware": false,
              "Startup Cost": 250549.48,
              "Total Cost": 250549.49,
              "Plan Rows": 1,
              "Plan Width": 8,
              "Actual Startup Time": 1187.499,
              "Actual Total Time": 1187.503,
              "Actual Rows": 1,
              "Actual Loops": 6,
              "Plans": [
                {
                  "Node Type": "Hash Join",
                  "Parent Relationship": "Outer",
                  "Parallel Aware": true,
                  "Join Type": "Inner",
                  "Startup Cost": 48362.07,
                  "Total Cost": 247841.48,
                  "Plan Rows": 1083202,
                  "Plan Width": 0,
                  "Actual Startup Time": 153.547,
                  "Actual Total Time": 1111.869,
                  "Actual Rows": 1634477,
                  "Actual Loops": 6,
                  "Inner Unique": true,
                  "Hash Cond": "(mi.movie_id = t.id)",
                  "Plans": [
                    {
                      "Node Type": "Seq Scan",
                      "Parent Relationship": "Outer",
                      "Parallel Aware": true,
                      "Relation Name": "movie_info",
                      "Alias": "mi",
                      "Startup Cost": 0.0,
                      "Total Cost": 191685.19,
                      "Plan Rows": 2969219,
                      "Plan Width": 4,
                      "Actual Startup Time": 0.028,
                      "Actual Total Time": 306.87,
                      "Actual Rows": 2472620,
                      "Actual Loops": 6
                    },
                    {
                      "Node Type": "Hash",
                      "Parent Relationship": "Inner",
                      "Parallel Aware": true,
                      "Startup Cost": 45479.59,
                      "Total Cost": 45479.59,
                      "Plan Rows": 230599,
                      "Plan Width": 4,
                      "Actual Startup Time": 148.79,
                      "Actual Total Time": 148.79,
                      "Actual Rows": 146969,
                      "Actual Loops": 6,
                      "Hash Buckets": 1048576,
                      "Original Hash Buckets": 1048576,
                      "Hash Batches": 1,
                      "Original Hash Batches": 1,
                      "Peak Memory Usage": 42848,
                      "Plans": [
                        {
                          "Node Type": "Seq Scan",
                          "Parent Relationship": "Outer",
                          "Parallel Aware": true,
                          "Relation Name": "title",
                          "Alias": "t",
                          "Startup Cost": 0.0,
                          "Total Cost": 45479.59,
                          "Plan Rows": 230599,
                          "Plan Width": 4,
                          "Actual Startup Time": 0.041,
                          "Actual Total Time": 84.577,
                          "Actual Rows": 146969,
                          "Actual Loops": 6,
                          "Filter": "((kind_id < 7) AND (production_year > 1922))",
                          "Rows Removed by Filter": 274416
                        }
                      ]
                    }
                  ]
                }
              ]
            }
          ]
        }
      ]
    },
    "Planning Time": 0.312,
    "Triggers": [],
    "Execution Time": 1245.396
  }
]