[
  {
    "Plan": {
      "Node Type": "Aggregate",
      "Strategy": "Plain",
      "Partial Mode": "Finalize",
      "Parallel Aware": false,
      "Startup Cost": 45849.96,
      "Total Cost": 45849.97,
      "Plan Rows": 1,
      "Plan Width": 8,
      "Actual Startup Time": 146.621,
      "Actual Total Time": 155.264,
      "Actual Rows": 1,
      "Actual Loops": 1,
      "Plans": [
        {
          "Node Type": "Gather",
          "Parent Relationship": "Outer",
          "Parallel Aware": false,
          "Startup Cost": 45849.64,
          "Total Cost": 45849.95,
          "Plan Rows": 3,
          "Plan Width": 8,
          "Actual Startup Time": 146.447,
          "Actual Total Time": 155.256,
          "Actual Rows": 4,
          "Actual Loops": 1,
          "Workers Planned": 3,
          "Workers Launched": 3,
          "Single Copy": false,
          "Plans": [
            {
              "Node Type": "Aggregate",
              "Strategy": "Plain",
              "Partial Mode": "Partial",
              "Parent Relationship": "Outer",
              "Parallel Aware": false,
              "Startup Cost": 44849.64,
              "Total Cost": 44849.65,
              "Plan Rows": 1,
              "Plan Width": 8,
              "Actual Startup Time": 142.867,
              "Actual Total Time": 142.869,
              "Actual Rows": 1,
              "Actual Loops": 4,
              "Plans": [
                {
                  "Node Type": "Seq Scan",
                  "Parent Relationship": "Outer",
                  "Parallel Aware": true,
                  "Relation Name": "movie_keyword",
                  "Alias": "mk",
                  "Startup Cost": 0.0,
                  "Total Cost": 42695.65,
                  "Plan Rows": 861594,
                  "Plan Width": 0,
                  "Actual Startup Time": 0.147,
                  "Actual Total Time": 113.185,
                  "Actual Rows": 666245,
                  "Actual Loops": 4,
                  "Filter": "(keyword_id > 3101)",
                  "Rows Removed by Filter": 464737
                }
              ]
            }
          ]
        }
      ]
    },
    "Planning Time": 0.053,
    "Triggers": [],
    "Execution Time": 155.298
  }
]