[
  {
    "Plan": {
      "Node Type": "Aggregate",
      "Strategy": "Plain",
      "Partial Mode": "Finalize",
      "Parallel Aware": false,
      "Startup Cost": 151790.09,
      "Total Cost": 151790.1,
      "Plan Rows": 1,
      "Plan Width": 8,
      "Actual Startup Time": 765.995,
      "Actual Total Time": 810.246,
      "Actual Rows": 1,
      "Actual Loops": 1,
      "Plans": [
        {
          "Node Type": "Gather",
          "Parent Relationship": "Outer",
          "Parallel Aware": false,
          "Startup Cost": 151789.78,
          "Total Cost": 151790.09,
          "Plan Rows": 3,
          "Plan Width": 8,
          "Actual Startup Time": 764.887,
          "Actual Total Time": 810.238,
          "Actual Rows": 4,
          "Actual Loops": 1,
          "Workers Planned": 3,
          "Workers Launched": 3,
          "Single Copy": false,
          "Plans": [
            {
              "Node Type": "Aggregate",
              "Strategy": "Plain",
              "Partial Mode": "Partial",
              "Parent Relationship": "Outer",
              "Parallel Aware": false,
              "Startup Cost": 150789.78,
              "Total Cost": 150789.79,
              "Plan Rows": 1,
              "Plan Width": 8,
              "Actual Startup Time": 755.525,
              "Actual Total Time": 755.528,
              "Actual Rows": 1,
              "Actual Loops": 4,
              "Plans": [
                {
                  "Node Type": "Nested Loop",
                  "Parent Relationship": "Outer",
                  "Parallel Aware": false,
                  "Join Type": "Inner",
                  "Startup Cost": 60798.87,
                  "Total Cost": 150483.54,
                  "Plan Rows": 122496,
                  "Plan Width": 0,
                  "Actual Startup Time": 178.57,
                  "Actual Total Time": 706.366,
                  "Actual Rows": 1172901,
                  "Actual Loops": 4,
                  "Inner Unique": false,
                  "Join Filter": "(t.id = mi.movie_id)",
                  "Rows Removed by Join Filter": 0,
                  "Plans": [
                    {
                      "Node Type": "Hash Join",
                      "Parent Relationship": "Outer",
                      "Parallel Aware": true,
                      "Join Type": "Inner",
                      "Startup Cost": 60798.43,
                      "Total Cost": 88604.16,
                      "Plan Rows": 20949,
                      "Plan Width": 8,
                      "Actual Startup Time": 178.48,
                      "Actual Total Time": 242.524,
                      "Actual Rows": 18802,
                      "Actual Loops": 4,
                      "Inner Unique": true,
                      "Hash Cond": "(mk.movie_id = t.id)",
                      "Plans": [
                        {
                          "Node Type": "Bitmap Heap Scan",
                          "Parent Relationship": "Outer",
                          "Parallel Aware": true,
                          "Relation Name": "movie_keyword",
                          "Alias": "mk",
                          "Startup Cost": 14572.42,
                          "Total Cost": 41796.44,
                          "Plan Rows": 221602,
                          "Plan Width": 4,
                          "Actual Startup Time": 40.448,
                          "Actual Total Time": 93.659,
                          "Actual Rows": 173138,
                          "Actual Loops": 4,
                          "Recheck Cond": "(keyword_id < 574)",
                          "Rows Removed by Index Recheck": 0,
                          "Exact Heap Blocks": 7329,
                          "Lossy Heap Blocks": 0,
                          "Plans": [
                            {
                              "Node Type": "Bitmap Index Scan",
                              "Parent Relationship": "Outer",
                              "Parallel Aware": false,
                              "Index Name": "keyword_id_movie_keyword",
                              "Startup Cost": 0.0,
                              "Total Cost": 14400.68,
                              "Plan Rows": 686966,
                              "Plan Width": 0,
                              "Actual Startup Time": 36.722,
                              "Actual Total Time": 36.723,
                              "Actual Rows": 692553,
                              "Actual Loops": 1,
                              "Index Cond": "(keyword_id < 574)"
                            }
                          ]
                        },
                        {
                          "Node Type": "Hash",
                          "Parent Relationship": "Inner",
                          "Parallel Aware": true,
                          "Startup Cost": 45479.1,
                          "Total Cost": 45479.1,
                          "Plan Rows": 59753,
                          "Plan Width": 4,
                          "Actual Startup Time": 109.837,
                          "Actual Total Time": 109.837,
                          "Actual Rows": 50041,
                          "Actual Loops": 4,
                          "Hash Buckets": 262144,
                          "Original Hash Buckets": 262144,
                          "Hash Batches": 1,
                          "Original Hash Batches": 1,
                          "Peak Memory Usage": 9952,
                          "Plans": [
                            {
                              "Node Type": "Seq Scan",
                              "Parent Relationship": "Outer",
                              "Parallel Aware": true,
                              "Relation Name": "title",
                              "Alias": "t",
                              "Startup Cost": 0.0,
                              "Total Cost": 45479.1,
                              "Plan Rows": 59753,
                              "Plan Width": 4,
                              "Actual Startup Time": 46.688,
                              "Actual Total Time": 95.686,
                              "Actual Rows": 50041,
                              "Actual Loops": 4,
                              "Filter": "((production_year > 2006) AND (kind_id = 1))",
                              "Rows Removed by Filter": 582037
                            }
                          ]
                        }
                      ]
                    },
                    {
                      "Node Type": "Index Only Scan",
                      "Parent Relationship": "Inner",
                      "Parallel Aware": false,
                      "Scan Direction": "Forward",
                      "Index Name": "movie_id_movie_info",
                      "Relation Name": "movie_info",
                      "Alias": "mi",
                      "Startup Cost": 0.43,
                      "Total Cost": 2.43,
                      "Plan Rows": 42,
                      "Plan Width": 4,
                      "Actual Startup Time": 0.005,
                      "Actual Total Time": 0.019,
                      "Actual Rows": 62,
                      "Actual Loops": 75210,
                      "Index Cond": "(movie_id = mk.movie_id)",
                      "Rows Removed by Index Recheck": 0,
                      "Heap Fetches": 4691603
                    }
                  ]
                }
              ]
            }
          ]
        }
      ]
    },
    "Planning Time": 1.324,
    "Triggers": [],
    "Execution Time": 810.39
  }
]