{
  "Plan": {
    "Node Type": "Aggregate",
    "Strategy": "Plain",
    "Partial Mode": "Simple",
    "Parallel Aware": false,
    "Startup Cost": 573098.97,
    "Total Cost": 573098.98,
    "Plan Rows": 1,
    "Plan Width": 8,
    "Actual Startup Time": 8925.85,
    "Actual Total Time": 8925.852,
    "Actual Rows": 1,
    "Actual Loops": 1,
    "Plans": [
      {
        "Node Type": "Hash Join",
        "Parent Relationship": "Outer",
        "Parallel Aware": false,
        "Join Type": "Inner",
        "Startup Cost": 572032.91,
        "Total Cost": 573097.91,
        "Plan Rows": 425,
        "Plan Width": 0,
        "Actual Startup Time": 8925.832,
        "Actual Total Time": 8925.846,
        "Actual Rows": 22,
        "Actual Loops": 1,
        "Inner Unique": false,
        "Hash Cond": "(ci.movie_id = t.id)",
        "Plans": [
          {
            "Node Type": "Index Scan",
            "Parent Relationship": "Outer",
            "Parallel Aware": false,
            "Scan Direction": "Forward",
            "Index Name": "person_id_cast_info",
            "Relation Name": "cast_info",
            "Alias": "ci",
            "Startup Cost": 0.56,
            "Total Cost": 1059.67,
            "Plan Rows": 101,
            "Plan Width": 4,
            "Actual Startup Time": 0.719,
            "Actual Total Time": 0.723,
            "Actual Rows": 1,
            "Actual Loops": 1,
            "Index Cond": "(person_id = 2115207)",
            "Rows Removed by Index Recheck": 0,
            "Filter": "(role_id = 2)",
            "Rows Removed by Filter": 0
          },
          {
            "Node Type": "Hash",
            "Parent Relationship": "Inner",
            "Parallel Aware": false,
            "Startup Cost": 438991.12,
            "Total Cost": 438991.12,
            "Plan Rows": 10643298,
            "Plan Width": 8,
            "Actual Startup Time": 8843.399,
            "Actual Total Time": 8843.4,
            "Actual Rows": 9500454,
            "Actual Loops": 1,
            "Hash Buckets": 16777216,
            "Original Hash Buckets": 16777216,
            "Hash Batches": 1,
            "Original Hash Batches": 1,
            "Peak Memory Usage": 502184,
            "Plans": [
              {
                "Node Type": "Hash Join",
                "Parent Relationship": "Outer",
                "Parallel Aware": false,
                "Join Type": "Inner",
                "Startup Cost": 90354.29,
                "Total Cost": 438991.12,
                "Plan Rows": 10643298,
                "Plan Width": 8,
                "Actual Startup Time": 681.527,
                "Actual Total Time": 6460.259,
                "Actual Rows": 9500454,
                "Actual Loops": 1,
                "Inner Unique": true,
                "Hash Cond": "(mi.movie_id = t.id)",
                "Plans": [
                  {
                    "Node Type": "Seq Scan",
                    "Parent Relationship": "Outer",
                    "Parallel Aware": false,
                    "Relation Name": "movie_info",
                    "Alias": "mi",
                    "Startup Cost": 0.0,
                    "Total Cost": 309829.65,
                    "Plan Rows": 14783665,
                    "Plan Width": 4,
                    "Actual Startup Time": 0.018,
                    "Actual Total Time": 1110.715,
                    "Actual Rows": 14835720,
                    "Actual Loops": 1
                  },
                  {
                    "Node Type": "Hash",
                    "Parent Relationship": "Inner",
                    "Parallel Aware": false,
                    "Startup Cost": 67601.66,
                    "Total Cost": 67601.66,
                    "Plan Rows": 1820210,
                    "Plan Width": 4,
                    "Actual Startup Time": 679.087,
                    "Actual Total Time": 679.088,
                    "Actual Rows": 1813245,
                    "Actual Loops": 1,
                    "Hash Buckets": 2097152,
                    "Original Hash Buckets": 2097152,
                    "Hash Batches": 1,
                    "Original Hash Batches": 1,
                    "Peak Memory Usage": 80131,
                    "Plans": [
                      {
                        "Node Type": "Seq Scan",
                        "Parent Relationship": "Outer",
                        "Parallel Aware": false,
                        "Relation Name": "title",
                        "Alias": "t",
                        "Startup Cost": 0.0,
                        "Total Cost": 67601.66,
                        "Plan Rows": 1820210,
                        "Plan Width": 4,
                        "Actual Startup Time": 0.015,
                        "Actual Total Time": 312.954,
                        "Actual Rows": 1813245,
                        "Actual Loops": 1,
                        "Filter": "(production_year > 1987)",
                        "Rows Removed by Filter": 715067
                      }
                    ]
                  }
                ]
              }
            ]
          }
        ]
      }
    ]
  },
  "Planning Time": 0.902,
  "Triggers": [],
  "Execution Time": 8951.973
}