[
  {
    "Plan": {
      "Node Type": "Aggregate",
      "Strategy": "Plain",
      "Partial Mode": "Finalize",
      "Parallel Aware": false,
      "Startup Cost": 31234.31,
      "Total Cost": 31234.32,
      "Plan Rows": 1,
      "Plan Width": 8,
      "Actual Startup Time": 96.898,
      "Actual Total Time": 103.52,
      "Actual Rows": 1,
      "Actual Loops": 1,
      "Plans": [
        {
          "Node Type": "Gather",
          "Parent Relationship": "Outer",
          "Parallel Aware": false,
          "Startup Cost": 31233.99,
          "Total Cost": 31234.3,
          "Plan Rows": 3,
          "Plan Width": 8,
          "Actual Startup Time": 96.61,
          "Actual Total Time": 103.512,
          "Actual Rows": 4,
          "Actual Loops": 1,
          "Workers Planned": 3,
          "Workers Launched": 3,
          "Single Copy": false,
          "Plans": [
            {
              "Node Type": "Aggregate",
              "Strategy": "Plain",
              "Partial Mode": "Partial",
              "Parent Relationship": "Outer",
              "Parallel Aware": false,
              "Startup Cost": 30233.99,
              "Total Cost": 30234.0,
              "Plan Rows": 1,
              "Plan Width": 8,
              "Actual Startup Time": 89.2,
              "Actual Total Time": 89.202,
              "Actual Rows": 1,
              "Actual Loops": 4,
              "Plans": [
                {
                  "Node Type": "Bitmap Heap Scan",
                  "Parent Relationship": "Outer",
                  "Parallel Aware": true,
                  "Relation Name": "movie_companies",
                  "Alias": "mc",
                  "Startup Cost": 9201.72,
                  "Total Cost": 30057.99,
                  "Plan Rows": 70400,
                  "Plan Width": 0,
                  "Actual Startup Time": 73.119,
                  "Actual Total Time": 87.885,
                  "Actual Rows": 24676,
                  "Actual Loops": 4,
                  "Recheck Cond": "(company_id < 297)",
                  "Rows Removed by Index Recheck": 0,
                  "Filter": "(company_type_id > 1)",
                  "Rows Removed by Filter": 80599,
                  "Exact Heap Blocks": 9880,
                  "Lossy Heap Blocks": 0,
                  "Plans": [
                    {
                      "Node Type": "Bitmap Index Scan",
                      "Parent Relationship": "Outer",
                      "Parallel Aware": false,
                      "Index Name": "company_id_movie_companies",
                      "Startup Cost": 0.0,
                      "Total Cost": 9147.16,
                      "Plan Rows": 427030,
                      "Plan Width": 0,
                      "Actual Startup Time": 37.16,
                      "Actual Total Time": 37.16,
                      "Actual Rows": 421101,
                      "Actual Loops": 1,
                      "Index Cond": "(company_id < 297)"
                    }
                  ]
                }
              ]
            }
          ]
        }
      ]
    },
    "Planning Time": 0.233,
    "Triggers": [],
    "Execution Time": 103.59
  }
]