[
  {
    "Plan": {
      "Node Type": "Aggregate",
      "Strategy": "Plain",
      "Partial Mode": "Finalize",
      "Parallel Aware": false,
      "Startup Cost": 31095.62,
      "Total Cost": 31095.63,
      "Plan Rows": 1,
      "Plan Width": 8,
      "Actual Startup Time": 144.831,
      "Actual Total Time": 158.294,
      "Actual Rows": 1,
      "Actual Loops": 1,
      "Plans": [
        {
          "Node Type": "Gather",
          "Parent Relationship": "Outer",
          "Parallel Aware": false,
          "Startup Cost": 31095.3,
          "Total Cost": 31095.61,
          "Plan Rows": 3,
          "Plan Width": 8,
          "Actual Startup Time": 144.283,
          "Actual Total Time": 158.283,
          "Actual Rows": 4,
          "Actual Loops": 1,
          "Workers Planned": 3,
          "Workers Launched": 3,
          "Single Copy": false,
          "Plans": [
            {
              "Node Type": "Aggregate",
              "Strategy": "Plain",
              "Partial Mode": "Partial",
              "Parent Relationship": "Outer",
              "Parallel Aware": false,
              "Startup Cost": 30095.3,
              "Total Cost": 30095.31,
              "Plan Rows": 1,
              "Plan Width": 8,
              "Actual Startup Time": 135.427,
              "Actual Total Time": 135.429,
              "Actual Rows": 1,
              "Actual Loops": 4,
              "Plans": [
                {
                  "Node Type": "Bitmap Heap Scan",
                  "Parent Relationship": "Outer",
                  "Parallel Aware": true,
                  "Relation Name": "movie_companies",
                  "Alias": "mc",
                  "Startup Cost": 9090.74,
                  "Total Cost": 29922.52,
                  "Plan Rows": 69112,
                  "Plan Width": 0,
                  "Actual Startup Time": 109.102,
                  "Actual Total Time": 133.633,
                  "Actual Rows": 24676,
                  "Actual Loops": 4,
                  "Recheck Cond": "(company_id < 297)",
                  "Rows Removed by Index Recheck": 0,
                  "Filter": "(company_type_id > 1)",
                  "Rows Removed by Filter": 80599,
                  "Exact Heap Blocks": 8428,
                  "Lossy Heap Blocks": 0,
                  "Plans": [
                    {
                      "Node Type": "Bitmap Index Scan",
                      "Parent Relationship": "Outer",
                      "Parallel Aware": false,
                      "Index Name": "company_id_movie_companies",
                      "Startup Cost": 0.0,
                      "Total Cost": 9037.18,
                      "Plan Rows": 421967,
                      "Plan Width": 0,
                      "Actual Startup Time": 60.991,
                      "Actual Total Time": 60.991,
                      "Actual Rows": 421101,
                      "Actual Loops": 1,
                      "Index Cond": "(company_id < 297)"
                    }
                  ]
                }
              ]
            }
          ]
        }
      ]
    },
    "Planning Time": 0.196,
    "Triggers": [],
    "Execution Time": 158.374
  }
]