[
  {
    "Plan": {
      "Node Type": "Aggregate",
      "Strategy": "Plain",
      "Partial Mode": "Finalize",
      "Parallel Aware": false,
      "Startup Cost": 285530.89,
      "Total Cost": 285530.9,
      "Plan Rows": 1,
      "Plan Width": 8,
      "Actual Startup Time": 852.923,
      "Actual Total Time": 897.425,
      "Actual Rows": 1,
      "Actual Loops": 1,
      "Plans": [
        {
          "Node Type": "Gather",
          "Parent Relationship": "Outer",
          "Parallel Aware": false,
          "Startup Cost": 285530.37,
          "Total Cost": 285530.88,
          "Plan Rows": 5,
          "Plan Width": 8,
          "Actual Startup Time": 844.435,
          "Actual Total Time": 897.414,
          "Actual Rows": 6,
          "Actual Loops": 1,
          "Workers Planned": 5,
          "Workers Launched": 5,
          "Single Copy": false,
          "Plans": [
            {
              "Node Type": "Aggregate",
              "Strategy": "Plain",
              "Partial Mode": "Partial",
              "Parent Relationship": "Outer",
              "Parallel Aware": false,
              "Startup Cost": 284530.37,
              "Total Cost": 284530.38,
              "Plan Rows": 1,
              "Plan Width": 8,
              "Actual Startup Time": 833.359,
              "Actual Total Time": 833.783,
              "Actual Rows": 1,
              "Actual Loops": 6,
              "Plans": [
                {
                  "Node Type": "Hash Join",
                  "Parent Relationship": "Outer",
                  "Parallel Aware": true,
                  "Join Type": "Inner",
                  "Startup Cost": 83373.59,
                  "Total Cost": 284199.39,
                  "Plan Rows": 132390,
                  "Plan Width": 0,
                  "Actual Startup Time": 439.483,
                  "Actual Total Time": 822.511,
                  "Actual Rows": 268400,
                  "Actual Loops": 6,
                  "Inner Unique": false,
                  "Hash Cond": "(mi.movie_id = t.id)",
                  "Plans": [
                    {
                      "Node Type": "Seq Scan",
                      "Parent Relationship": "Outer",
                      "Parallel Aware": true,
                      "Relation Name": "movie_info",
                      "Alias": "mi",
                      "Startup Cost": 0.0,
                      "Total Cost": 198952.16,
                      "Plan Rows": 411380,
                      "Plan Width": 4,
                      "Actual Startup Time": 28.262,
                      "Actual Total Time": 283.746,
                      "Actual Rows": 348511,
                      "Actual Loops": 6,
                      "Filter": "(info_type_id < 3)",
                      "Rows Removed by Filter": 2124109
                    },
                    {
                      "Node Type": "Hash",
                      "Parent Relationship": "Inner",
                      "Parallel Aware": true,
                      "Startup Cost": 80830.94,
                      "Total Cost": 80830.94,
                      "Plan Rows": 203412,
                      "Plan Width": 8,
                      "Actual Startup Time": 407.18,
                      "Actual Total Time": 407.603,
                      "Actual Rows": 171860,
                      "Actual Loops": 6,
                      "Hash Buckets": 1048576,
                      "Original Hash Buckets": 1048576,
                      "Hash Batches": 1,
                      "Original Hash Batches": 1,
                      "Peak Memory Usage": 48640,
                      "Plans": [
                        {
                          "Node Type": "Hash Join",
                          "Parent Relationship": "Outer",
                          "Parallel Aware": true,
                          "Join Type": "Inner",
                          "Startup Cost": 34695.67,
                          "Total Cost": 80830.94,
                          "Plan Rows": 203412,
                          "Plan Width": 8,
                          "Actual Startup Time": 132.032,
                          "Actual Total Time": 344.804,
                          "Actual Rows": 171860,
                          "Actual Loops": 6,
                          "Inner Unique": false,
                          "Hash Cond": "(t.id = mc.movie_id)",
                          "Plans": [
                            {
                              "Node Type": "Seq Scan",
                              "Parent Relationship": "Outer",
                              "Parallel Aware": true,
                              "Relation Name": "title",
                              "Alias": "t",
                              "Startup Cost": 0.0,
                              "Total Cost": 42318.73,
                              "Plan Rows": 632073,
                              "Plan Width": 4,
                              "Actual Startup Time": 0.012,
                              "Actual Total Time": 58.827,
                              "Actual Rows": 421385,
                              "Actual Loops": 6
                            },
                            {
                              "Node Type": "Hash",
                              "Parent Relationship": "Inner",
                              "Parallel Aware": true,
                              "Startup Cost": 31414.82,
                              "Total Cost": 31414.82,
                              "Plan Rows": 262468,
                              "Plan Width": 4,
                              "Actual Startup Time": 129.96,
                              "Actual Total Time": 129.961,
                              "Actual Rows": 171860,
                              "Actual Loops": 6,
                              "Hash Buckets": 1048576,
                              "Original Hash Buckets": 1048576,
                              "Hash Batches": 1,
                              "Original Hash Batches": 1,
                              "Peak Memory Usage": 48608,
                              "Plans": [
                                {
                                  "Node Type": "Seq Scan",
                                  "Parent Relationship": "Outer",
                                  "Parallel Aware": true,
                                  "Relation Name": "movie_companies",
                                  "Alias": "mc",
                                  "Startup Cost": 0.0,
                                  "Total Cost": 31414.82,
                                  "Plan Rows": 262468,
                                  "Plan Width": 4,
                                  "Actual Startup Time": 41.264,
                                  "Actual Total Time": 71.13,
                                  "Actual Rows": 171860,
                                  "Actual Loops": 6,
                                  "Filter": "((company_id > 4803) AND (company_type_id = 2))",
                                  "Rows Removed by Filter": 262995
                                }
                              ]
                            }
                          ]
                        }
                      ]
                    }
                  ]
                }
              ]
            }
          ]
        }
      ]
    },
    "Planning Time": 1.621,
    "Triggers": [],
    "Execution Time": 897.525
  }
]