[
  {
    "Plan": {
      "Node Type": "Aggregate",
      "Strategy": "Plain",
      "Partial Mode": "Finalize",
      "Parallel Aware": false,
      "Startup Cost": 40979.78,
      "Total Cost": 40979.79,
      "Plan Rows": 1,
      "Plan Width": 8,
      "Actual Startup Time": 133.882,
      "Actual Total Time": 142.564,
      "Actual Rows": 1,
      "Actual Loops": 1,
      "Plans": [
        {
          "Node Type": "Gather",
          "Parent Relationship": "Outer",
          "Parallel Aware": false,
          "Startup Cost": 40979.47,
          "Total Cost": 40979.78,
          "Plan Rows": 3,
          "Plan Width": 8,
          "Actual Startup Time": 133.663,
          "Actual Total Time": 142.556,
          "Actual Rows": 4,
          "Actual Loops": 1,
          "Workers Planned": 3,
          "Workers Launched": 3,
          "Single Copy": false,
          "Plans": [
            {
              "Node Type": "Aggregate",
              "Strategy": "Plain",
              "Partial Mode": "Partial",
              "Parent Relationship": "Outer",
              "Parallel Aware": false,
              "Startup Cost": 39979.47,
              "Total Cost": 39979.48,
              "Plan Rows": 1,
              "Plan Width": 8,
              "Actual Startup Time": 128.171,
              "Actual Total Time": 128.173,
              "Actual Rows": 1,
              "Actual Loops": 4,
              "Plans": [
                {
                  "Node Type": "Bitmap Heap Scan",
                  "Parent Relationship": "Outer",
                  "Parallel Aware": true,
                  "Relation Name": "movie_keyword",
                  "Alias": "mk",
                  "Startup Cost": 12642.3,
                  "Total Cost": 39498.94,
                  "Plan Rows": 192211,
                  "Plan Width": 0,
                  "Actual Startup Time": 48.279,
                  "Actual Total Time": 120.309,
                  "Actual Rows": 145938,
                  "Actual Loops": 4,
                  "Recheck Cond": "(keyword_id > 31430)",
                  "Rows Removed by Index Recheck": 0,
                  "Exact Heap Blocks": 9527,
                  "Lossy Heap Blocks": 0,
                  "Plans": [
                    {
                      "Node Type": "Bitmap Index Scan",
                      "Parent Relationship": "Outer",
                      "Parallel Aware": false,
                      "Index Name": "keyword_id_movie_keyword",
                      "Startup Cost": 0.0,
                      "Total Cost": 12493.34,
                      "Plan Rows": 595854,
                      "Plan Width": 0,
                      "Actual Startup Time": 49.624,
                      "Actual Total Time": 49.625,
                      "Actual Rows": 583750,
                      "Actual Loops": 1,
                      "Index Cond": "(keyword_id > 31430)"
                    }
                  ]
                }
              ]
            }
          ]
        }
      ]
    },
    "Planning Time": 0.131,
    "Triggers": [],
    "Execution Time": 142.619
  }
]