[
    {
        "Bao": {
            "Bao prediction": "NaN",
            "Bao recommended hint": "(no hint)"
        }
    },
    {
        "Plan": {
            "Node Type": "Aggregate",
            "Strategy": "Plain",
            "Partial Mode": "Finalize",
            "Parallel Aware": false,
            "Startup Cost": 316974.08,
            "Total Cost": 316974.09,
            "Plan Rows": 1,
            "Plan Width": 8,
            "Actual Startup Time": 231.668,
            "Actual Total Time": 237.335,
            "Actual Rows": 1,
            "Actual Loops": 1,
            "Output": [
                "count(*)"
            ],
            "Plans": [
                {
                    "Node Type": "Gather",
                    "Parent Relationship": "Outer",
                    "Parallel Aware": false,
                    "Startup Cost": 316973.45,
                    "Total Cost": 316974.06,
                    "Plan Rows": 6,
                    "Plan Width": 8,
                    "Actual Startup Time": 231.135,
                    "Actual Total Time": 237.328,
                    "Actual Rows": 7,
                    "Actual Loops": 1,
                    "Output": [
                        "(PARTIAL count(*))"
                    ],
                    "Workers Planned": 6,
                    "Workers Launched": 6,
                    "Single Copy": false,
                    "Plans": [
                        {
                            "Node Type": "Aggregate",
                            "Strategy": "Plain",
                            "Partial Mode": "Partial",
                            "Parent Relationship": "Outer",
                            "Parallel Aware": false,
                            "Startup Cost": 315973.45,
                            "Total Cost": 315973.46,
                            "Plan Rows": 1,
                            "Plan Width": 8,
                            "Actual Startup Time": 221.071,
                            "Actual Total Time": 221.073,
                            "Actual Rows": 1,
                            "Actual Loops": 7,
                            "Output": [
                                "PARTIAL count(*)"
                            ],
                            "Workers": [
                                {
                                    "Worker Number": 0,
                                    "Actual Startup Time": 218.575,
                                    "Actual Total Time": 218.576,
                                    "Actual Rows": 1,
                                    "Actual Loops": 1
                                },
                                {
                                    "Worker Number": 1,
                                    "Actual Startup Time": 219.031,
                                    "Actual Total Time": 219.032,
                                    "Actual Rows": 1,
                                    "Actual Loops": 1
                                },
                                {
                                    "Worker Number": 2,
                                    "Actual Startup Time": 219.019,
                                    "Actual Total Time": 219.02,
                                    "Actual Rows": 1,
                                    "Actual Loops": 1
                                },
                                {
                                    "Worker Number": 3,
                                    "Actual Startup Time": 219.78,
                                    "Actual Total Time": 219.782,
                                    "Actual Rows": 1,
                                    "Actual Loops": 1
                                },
                                {
                                    "Worker Number": 4,
                                    "Actual Startup Time": 220.098,
                                    "Actual Total Time": 220.099,
                                    "Actual Rows": 1,
                                    "Actual Loops": 1
                                },
                                {
                                    "Worker Number": 5,
                                    "Actual Startup Time": 220.232,
                                    "Actual Total Time": 220.234,
                                    "Actual Rows": 1,
                                    "Actual Loops": 1
                                }
                            ],
                            "Plans": [
                                {
                                    "Node Type": "Bitmap Heap Scan",
                                    "Parent Relationship": "Outer",
                                    "Parallel Aware": true,
                                    "Relation Name": "cast_info",
                                    "Schema": "public",
                                    "Alias": "ci",
                                    "Startup Cost": 56467.2,
                                    "Total Cost": 315595.49,
                                    "Plan Rows": 151184,
                                    "Plan Width": 0,
                                    "Actual Startup Time": 101.71,
                                    "Actual Total Time": 204.439,
                                    "Actual Rows": 266900,
                                    "Actual Loops": 7,
                                    "Recheck Cond": "(ci.person_id < 250764)",
                                    "Rows Removed by Index Recheck": 0,
                                    "Filter": "(ci.role_id < 2)",
                                    "Rows Removed by Filter": 105226,
                                    "Exact Heap Blocks": 6666,
                                    "Lossy Heap Blocks": 0,
                                    "Workers": [
                                        {
                                            "Worker Number": 0,
                                            "Actual Startup Time": 99.161,
                                            "Actual Total Time": 202.325,
                                            "Actual Rows": 194607,
                                            "Actual Loops": 1
                                        },
                                        {
                                            "Worker Number": 1,
                                            "Actual Startup Time": 99.86,
                                            "Actual Total Time": 202.779,
                                            "Actual Rows": 195542,
                                            "Actual Loops": 1
                                        },
                                        {
                                            "Worker Number": 2,
                                            "Actual Startup Time": 99.749,
                                            "Actual Total Time": 202.698,
                                            "Actual Rows": 194304,
                                            "Actual Loops": 1
                                        },
                                        {
                                            "Worker Number": 3,
                                            "Actual Startup Time": 100.811,
                                            "Actual Total Time": 203.529,
                                            "Actual Rows": 273070,
                                            "Actual Loops": 1
                                        },
                                        {
                                            "Worker Number": 4,
                                            "Actual Startup Time": 100.665,
                                            "Actual Total Time": 203.693,
                                            "Actual Rows": 275141,
                                            "Actual Loops": 1
                                        },
                                        {
                                            "Worker Number": 5,
                                            "Actual Startup Time": 100.796,
                                            "Actual Total Time": 203.851,
                                            "Actual Rows": 274771,
                                            "Actual Loops": 1
                                        }
                                    ],
                                    "Plans": [
                                        {
                                            "Node Type": "Bitmap Index Scan",
                                            "Parent Relationship": "Outer",
                                            "Parallel Aware": false,
                                            "Index Name": "person_id_cast_info",
                                            "Startup Cost": 0.0,
                                            "Total Cost": 56240.43,
                                            "Plan Rows": 2576515,
                                            "Plan Width": 0,
                                            "Actual Startup Time": 106.96,
                                            "Actual Total Time": 106.96,
                                            "Actual Rows": 2604879,
                                            "Actual Loops": 1,
                                            "Index Cond": "(ci.person_id < 250764)"
                                        }
                                    ]
                                }
                            ]
                        }
                    ]
                }
            ]
        },
        "Planning Time": 177.95,
        "Triggers": [],
        "Execution Time": 237.385
    }
]