[
  {
    "Plan": {
      "Node Type": "Aggregate",
      "Strategy": "Plain",
      "Partial Mode": "Finalize",
      "Parallel Aware": false,
      "Startup Cost": 323056.43,
      "Total Cost": 323056.44,
      "Plan Rows": 1,
      "Plan Width": 8,
      "Actual Startup Time": 3097.167,
      "Actual Total Time": 3178.571,
      "Actual Rows": 1,
      "Actual Loops": 1,
      "Plans": [
        {
          "Node Type": "Gather",
          "Parent Relationship": "Outer",
          "Parallel Aware": false,
          "Startup Cost": 323055.91,
          "Total Cost": 323056.42,
          "Plan Rows": 5,
          "Plan Width": 8,
          "Actual Startup Time": 3094.063,
          "Actual Total Time": 3178.561,
          "Actual Rows": 6,
          "Actual Loops": 1,
          "Workers Planned": 5,
          "Workers Launched": 5,
          "Single Copy": false,
          "Plans": [
            {
              "Node Type": "Aggregate",
              "Strategy": "Plain",
              "Partial Mode": "Partial",
              "Parent Relationship": "Outer",
              "Parallel Aware": false,
              "Startup Cost": 322055.91,
              "Total Cost": 322055.92,
              "Plan Rows": 1,
              "Plan Width": 8,
              "Actual Startup Time": 3084.372,
              "Actual Total Time": 3084.375,
              "Actual Rows": 1,
              "Actual Loops": 6,
              "Plans": [
                {
                  "Node Type": "Nested Loop",
                  "Parent Relationship": "Outer",
                  "Parallel Aware": false,
                  "Join Type": "Inner",
                  "Startup Cost": 55177.66,
                  "Total Cost": 321101.83,
                  "Plan Rows": 381631,
                  "Plan Width": 0,
                  "Actual Startup Time": 178.001,
                  "Actual Total Time": 2885.801,
                  "Actual Rows": 3968744,
                  "Actual Loops": 6,
                  "Inner Unique": false,
                  "Plans": [
                    {
                      "Node Type": "Hash Join",
                      "Parent Relationship": "Outer",
                      "Parallel Aware": true,
                      "Join Type": "Inner",
                      "Startup Cost": 55177.09,
                      "Total Cost": 218711.98,
                      "Plan Rows": 26617,
                      "Plan Width": 8,
                      "Actual Startup Time": 177.844,
                      "Actual Total Time": 219.637,
                      "Actual Rows": 57708,
                      "Actual Loops": 6,
                      "Inner Unique": true,
                      "Hash Cond": "(mi.movie_id = t.id)",
                      "Plans": [
                        {
                          "Node Type": "Bitmap Heap Scan",
                          "Parent Relationship": "Outer",
                          "Parallel Aware": true,
                          "Relation Name": "movie_info",
                          "Alias": "mi",
                          "Startup Cost": 9214.73,
                          "Total Cost": 172482.02,
                          "Plan Rows": 101943,
                          "Plan Width": 4,
                          "Actual Startup Time": 27.787,
                          "Actual Total Time": 44.64,
                          "Actual Rows": 81092,
                          "Actual Loops": 6,
                          "Recheck Cond": "(info_type_id = 5)",
                          "Rows Removed by Index Recheck": 0,
                          "Exact Heap Blocks": 1107,
                          "Lossy Heap Blocks": 0,
                          "Plans": [
                            {
                              "Node Type": "Bitmap Index Scan",
                              "Parent Relationship": "Outer",
                              "Parallel Aware": false,
                              "Index Name": "info_type_id_movie_info",
                              "Startup Cost": 0.0,
                              "Total Cost": 9087.3,
                              "Plan Rows": 509716,
                              "Plan Width": 0,
                              "Actual Startup Time": 26.846,
                              "Actual Total Time": 26.847,
                              "Actual Rows": 486554,
                              "Actual Loops": 1,
                              "Index Cond": "(info_type_id = 5)"
                            }
                          ]
                        },
                        {
                          "Node Type": "Hash",
                          "Parent Relationship": "Inner",
                          "Parallel Aware": true,
                          "Startup Cost": 43899.32,
                          "Total Cost": 43899.32,
                          "Plan Rows": 165043,
                          "Plan Width": 4,
                          "Actual Startup Time": 134.68,
                          "Actual Total Time": 134.681,
                          "Actual Rows": 110471,
                          "Actual Loops": 6,
                          "Hash Buckets": 1048576,
                          "Original Hash Buckets": 1048576,
                          "Hash Batches": 1,
                          "Original Hash Batches": 1,
                          "Peak Memory Usage": 34208,
                          "Plans": [
                            {
                              "Node Type": "Seq Scan",
                              "Parent Relationship": "Outer",
                              "Parallel Aware": true,
                              "Relation Name": "title",
                              "Alias": "t",
                              "Startup Cost": 0.0,
                              "Total Cost": 43899.32,
                              "Plan Rows": 165043,
                              "Plan Width": 4,
                              "Actual Startup Time": 40.585,
                              "Actual Total Time": 83.152,
                              "Actual Rows": 110471,
                              "Actual Loops": 6,
                              "Filter": "(kind_id = 1)",
                              "Rows Removed by Filter": 310914
                            }
                          ]
                        }
                      ]
                    },
                    {
                      "Node Type": "Index Only Scan",
                      "Parent Relationship": "Inner",
                      "Parallel Aware": false,
                      "Scan Direction": "Forward",
                      "Index Name": "movie_id_cast_info",
                      "Relation Name": "cast_info",
                      "Alias": "ci",
                      "Startup Cost": 0.56,
                      "Total Cost": 3.5,
                      "Plan Rows": 35,
                      "Plan Width": 4,
                      "Actual Startup Time": 0.005,
                      "Actual Total Time": 0.041,
                      "Actual Rows": 69,
                      "Actual Loops": 346247,
                      "Index Cond": "(movie_id = t.id)",
                      "Rows Removed by Index Recheck": 0,
                      "Heap Fetches": 23812463
                    }
                  ]
                }
              ]
            }
          ]
        }
      ]
    },
    "Planning Time": 1.239,
    "Triggers": [],
    "Execution Time": 3178.703
  }
]