[
  {
    "Plan": {
      "Node Type": "Aggregate",
      "Strategy": "Plain",
      "Partial Mode": "Finalize",
      "Parallel Aware": false,
      "Startup Cost": 110717.29,
      "Total Cost": 110717.3,
      "Plan Rows": 1,
      "Plan Width": 8,
      "Actual Startup Time": 487.058,
      "Actual Total Time": 509.083,
      "Actual Rows": 1,
      "Actual Loops": 1,
      "Plans": [
        {
          "Node Type": "Gather",
          "Parent Relationship": "Outer",
          "Parallel Aware": false,
          "Startup Cost": 110716.97,
          "Total Cost": 110717.28,
          "Plan Rows": 3,
          "Plan Width": 8,
          "Actual Startup Time": 485.012,
          "Actual Total Time": 509.073,
          "Actual Rows": 4,
          "Actual Loops": 1,
          "Workers Planned": 3,
          "Workers Launched": 3,
          "Single Copy": false,
          "Plans": [
            {
              "Node Type": "Aggregate",
              "Strategy": "Plain",
              "Partial Mode": "Partial",
              "Parent Relationship": "Outer",
              "Parallel Aware": false,
              "Startup Cost": 109716.97,
              "Total Cost": 109716.98,
              "Plan Rows": 1,
              "Plan Width": 8,
              "Actual Startup Time": 480.14,
              "Actual Total Time": 480.258,
              "Actual Rows": 1,
              "Actual Loops": 4,
              "Plans": [
                {
                  "Node Type": "Hash Join",
                  "Parent Relationship": "Outer",
                  "Parallel Aware": true,
                  "Join Type": "Inner",
                  "Startup Cost": 62080.43,
                  "Total Cost": 109563.31,
                  "Plan Rows": 61465,
                  "Plan Width": 0,
                  "Actual Startup Time": 273.398,
                  "Actual Total Time": 465.262,
                  "Actual Rows": 299709,
                  "Actual Loops": 4,
                  "Inner Unique": false,
                  "Hash Cond": "(mk.movie_id = t.id)",
                  "Plans": [
                    {
                      "Node Type": "Seq Scan",
                      "Parent Relationship": "Outer",
                      "Parallel Aware": true,
                      "Relation Name": "movie_keyword",
                      "Alias": "mk",
                      "Startup Cost": 0.0,
                      "Total Cost": 42695.65,
                      "Plan Rows": 1208299,
                      "Plan Width": 4,
                      "Actual Startup Time": 0.06,
                      "Actual Total Time": 130.548,
                      "Actual Rows": 935591,
                      "Actual Loops": 4,
                      "Filter": "(keyword_id > 745)",
                      "Rows Removed by Filter": 195392
                    },
                    {
                      "Node Type": "Hash",
                      "Parent Relationship": "Inner",
                      "Parallel Aware": true,
                      "Startup Cost": 61410.55,
                      "Total Cost": 61410.55,
                      "Plan Rows": 53591,
                      "Plan Width": 8,
                      "Actual Startup Time": 232.559,
                      "Actual Total Time": 232.674,
                      "Actual Rows": 37904,
                      "Actual Loops": 4,
                      "Hash Buckets": 262144,
                      "Original Hash Buckets": 131072,
                      "Hash Batches": 1,
                      "Original Hash Batches": 1,
                      "Peak Memory Usage": 9056,
                      "Plans": [
                        {
                          "Node Type": "Hash Join",
                          "Parent Relationship": "Outer",
                          "Parallel Aware": true,
                          "Join Type": "Inner",
                          "Startup Cost": 46215.99,
                          "Total Cost": 61410.55,
                          "Plan Rows": 53591,
                          "Plan Width": 8,
                          "Actual Startup Time": 162.881,
                          "Actual Total Time": 216.993,
                          "Actual Rows": 37904,
                          "Actual Loops": 4,
                          "Inner Unique": true,
                          "Hash Cond": "(mi_idx.movie_id = t.id)",
                          "Plans": [
                            {
                              "Node Type": "Seq Scan",
                              "Parent Relationship": "Outer",
                              "Parallel Aware": true,
                              "Relation Name": "movie_info_idx",
                              "Alias": "mi_idx",
                              "Startup Cost": 0.0,
                              "Total Cost": 13685.15,
                              "Plan Rows": 575015,
                              "Plan Width": 4,
                              "Actual Startup Time": 0.012,
                              "Actual Total Time": 37.202,
                              "Actual Rows": 345009,
                              "Actual Loops": 4
                            },
                            {
                              "Node Type": "Hash",
                              "Parent Relationship": "Inner",
                              "Parallel Aware": true,
                              "Startup Cost": 45479.59,
                              "Total Cost": 45479.59,
                              "Plan Rows": 58912,
                              "Plan Width": 4,
                              "Actual Startup Time": 128.18,
                              "Actual Total Time": 128.181,
                              "Actual Rows": 50041,
                              "Actual Loops": 4,
                              "Hash Buckets": 262144,
                              "Original Hash Buckets": 262144,
                              "Hash Batches": 1,
                              "Original Hash Batches": 1,
                              "Peak Memory Usage": 9952,
                              "Plans": [
                                {
                                  "Node Type": "Seq Scan",
                                  "Parent Relationship": "Outer",
                                  "Parallel Aware": true,
                                  "Relation Name": "title",
                                  "Alias": "t",
                                  "Startup Cost": 0.0,
                                  "Total Cost": 45479.59,
                                  "Plan Rows": 58912,
                                  "Plan Width": 4,
                                  "Actual Startup Time": 48.523,
                                  "Actual Total Time": 108.386,
                                  "Actual Rows": 50041,
                                  "Actual Loops": 4,
                                  "Filter": "((production_year > 2006) AND (kind_id = 1))",
                                  "Rows Removed by Filter": 582037
                                }
                              ]
                            }
                          ]
                        }
                      ]
                    }
                  ]
                }
              ]
            }
          ]
        }
      ]
    },
    "Planning Time": 1.27,
    "Triggers": [],
    "Execution Time": 509.159
  }
]