[
  {
    "Plan": {
      "Node Type": "Aggregate",
      "Strategy": "Plain",
      "Partial Mode": "Finalize",
      "Parallel Aware": false,
      "Startup Cost": 45998.43,
      "Total Cost": 45998.44,
      "Plan Rows": 1,
      "Plan Width": 8,
      "Actual Startup Time": 153.844,
      "Actual Total Time": 163.747,
      "Actual Rows": 1,
      "Actual Loops": 1,
      "Plans": [
        {
          "Node Type": "Gather",
          "Parent Relationship": "Outer",
          "Parallel Aware": false,
          "Startup Cost": 45998.11,
          "Total Cost": 45998.42,
          "Plan Rows": 3,
          "Plan Width": 8,
          "Actual Startup Time": 153.669,
          "Actual Total Time": 163.737,
          "Actual Rows": 4,
          "Actual Loops": 1,
          "Workers Planned": 3,
          "Workers Launched": 3,
          "Single Copy": false,
          "Plans": [
            {
              "Node Type": "Aggregate",
              "Strategy": "Plain",
              "Partial Mode": "Partial",
              "Parent Relationship": "Outer",
              "Parallel Aware": false,
              "Startup Cost": 44998.11,
              "Total Cost": 44998.12,
              "Plan Rows": 1,
              "Plan Width": 8,
              "Actual Startup Time": 148.203,
              "Actual Total Time": 148.204,
              "Actual Rows": 1,
              "Actual Loops": 4,
              "Plans": [
                {
                  "Node Type": "Seq Scan",
                  "Parent Relationship": "Outer",
                  "Parallel Aware": true,
                  "Relation Name": "movie_keyword",
                  "Alias": "mk",
                  "Startup Cost": 0.0,
                  "Total Cost": 42695.65,
                  "Plan Rows": 920982,
                  "Plan Width": 0,
                  "Actual Startup Time": 0.276,
                  "Actual Total Time": 116.319,
                  "Actual Rows": 711718,
                  "Actual Loops": 4,
                  "Filter": "(keyword_id > 2573)",
                  "Rows Removed by Filter": 419265
                }
              ]
            }
          ]
        }
      ]
    },
    "Planning Time": 0.132,
    "Triggers": [],
    "Execution Time": 163.787
  }
]