[
  {
    "Plan": {
      "Node Type": "Aggregate",
      "Strategy": "Plain",
      "Partial Mode": "Finalize",
      "Parallel Aware": false,
      "Startup Cost": 627448.26,
      "Total Cost": 627448.27,
      "Plan Rows": 1,
      "Plan Width": 8,
      "Actual Startup Time": 3177.968,
      "Actual Total Time": 3261.222,
      "Actual Rows": 1,
      "Actual Loops": 1,
      "Plans": [
        {
          "Node Type": "Gather",
          "Parent Relationship": "Outer",
          "Parallel Aware": false,
          "Startup Cost": 627447.63,
          "Total Cost": 627448.24,
          "Plan Rows": 6,
          "Plan Width": 8,
          "Actual Startup Time": 3165.583,
          "Actual Total Time": 3261.168,
          "Actual Rows": 7,
          "Actual Loops": 1,
          "Workers Planned": 6,
          "Workers Launched": 6,
          "Single Copy": false,
          "Plans": [
            {
              "Node Type": "Aggregate",
              "Strategy": "Plain",
              "Partial Mode": "Partial",
              "Parent Relationship": "Outer",
              "Parallel Aware": false,
              "Startup Cost": 626447.63,
              "Total Cost": 626447.64,
              "Plan Rows": 1,
              "Plan Width": 8,
              "Actual Startup Time": 3151.937,
              "Actual Total Time": 3151.944,
              "Actual Rows": 1,
              "Actual Loops": 7,
              "Plans": [
                {
                  "Node Type": "Hash Join",
                  "Parent Relationship": "Outer",
                  "Parallel Aware": true,
                  "Join Type": "Inner",
                  "Startup Cost": 260221.96,
                  "Total Cost": 609524.38,
                  "Plan Rows": 6769300,
                  "Plan Width": 0,
                  "Actual Startup Time": 900.146,
                  "Actual Total Time": 2962.727,
                  "Actual Rows": 4288703,
                  "Actual Loops": 7,
                  "Inner Unique": false,
                  "Hash Cond": "(ci.movie_id = t.id)",
                  "Plans": [
                    {
                      "Node Type": "Seq Scan",
                      "Parent Relationship": "Outer",
                      "Parallel Aware": true,
                      "Relation Name": "cast_info",
                      "Alias": "ci",
                      "Startup Cost": 0.0,
                      "Total Cost": 313106.51,
                      "Plan Rows": 6041951,
                      "Plan Width": 4,
                      "Actual Startup Time": 0.025,
                      "Actual Total Time": 554.147,
                      "Actual Rows": 5177763,
                      "Actual Loops": 7
                    },
                    {
                      "Node Type": "Hash",
                      "Parent Relationship": "Inner",
                      "Parallel Aware": true,
                      "Startup Cost": 253139.96,
                      "Total Cost": 253139.96,
                      "Plan Rows": 566560,
                      "Plan Width": 8,
                      "Actual Startup Time": 895.663,
                      "Actual Total Time": 895.668,
                      "Actual Rows": 162975,
                      "Actual Loops": 7,
                      "Hash Buckets": 4194304,
                      "Original Hash Buckets": 4194304,
                      "Hash Batches": 1,
                      "Original Hash Batches": 1,
                      "Peak Memory Usage": 77536,
                      "Plans": [
                        {
                          "Node Type": "Hash Join",
                          "Parent Relationship": "Outer",
                          "Parallel Aware": true,
                          "Join Type": "Inner",
                          "Startup Cost": 47199.54,
                          "Total Cost": 253139.96,
                          "Plan Rows": 566560,
                          "Plan Width": 8,
                          "Actual Startup Time": 126.483,
                          "Actual Total Time": 808.961,
                          "Actual Rows": 162975,
                          "Actual Loops": 7,
                          "Inner Unique": true,
                          "Hash Cond": "(mi.movie_id = t.id)",
                          "Plans": [
                            {
                              "Node Type": "Seq Scan",
                              "Parent Relationship": "Outer",
                              "Parallel Aware": true,
                              "Relation Name": "movie_info",
                              "Alias": "mi",
                              "Startup Cost": 0.0,
                              "Total Cost": 199108.24,
                              "Plan Rows": 2602732,
                              "Plan Width": 4,
                              "Actual Startup Time": 0.041,
                              "Actual Total Time": 364.982,
                              "Actual Rows": 1852870,
                              "Actual Loops": 7,
                              "Filter": "(info_type_id < 18)",
                              "Rows Removed by Filter": 266519
                            },
                            {
                              "Node Type": "Hash",
                              "Parent Relationship": "Inner",
                              "Parallel Aware": true,
                              "Startup Cost": 45479.59,
                              "Total Cost": 45479.59,
                              "Plan Rows": 137596,
                              "Plan Width": 4,
                              "Actual Startup Time": 124.457,
                              "Actual Total Time": 124.459,
                              "Actual Rows": 86058,
                              "Actual Loops": 7,
                              "Hash Buckets": 1048576,
                              "Original Hash Buckets": 1048576,
                              "Hash Batches": 1,
                              "Original Hash Batches": 1,
                              "Peak Memory Usage": 31904,
                              "Plans": [
                                {
                                  "Node Type": "Seq Scan",
                                  "Parent Relationship": "Outer",
                                  "Parallel Aware": true,
                                  "Relation Name": "title",
                                  "Alias": "t",
                                  "Startup Cost": 0.0,
                                  "Total Cost": 45479.59,
                                  "Plan Rows": 137596,
                                  "Plan Width": 4,
                                  "Actual Startup Time": 0.039,
                                  "Actual Total Time": 80.756,
                                  "Actual Rows": 86058,
                                  "Actual Loops": 7,
                                  "Filter": "((production_year > 2006) AND (kind_id = 7))",
                                  "Rows Removed by Filter": 275130
                                }
                              ]
                            }
                          ]
                        }
                      ]
                    }
                  ]
                }
              ]
            }
          ]
        }
      ]
    },
    "Planning Time": 0.428,
    "Triggers": [],
    "Execution Time": 3261.282
  }
]