{
    "Plan": {
        "Node Type": "Aggregate",
        "Strategy": "Plain",
        "Partial Mode": "Finalize",
        "Parallel Aware": false,
        "Startup Cost": 396474.33,
        "Total Cost": 396474.34,
        "Plan Rows": 1,
        "Plan Width": 8,
        "Actual Startup Time": 1420.106,
        "Actual Total Time": 1470.183,
        "Actual Rows": 1,
        "Actual Loops": 1,
        "Output": [
            "count(*)"
        ],
        "Plans": [
            {
                "Node Type": "Gather",
                "Parent Relationship": "Outer",
                "Parallel Aware": false,
                "Startup Cost": 396473.7,
                "Total Cost": 396474.31,
                "Plan Rows": 6,
                "Plan Width": 8,
                "Actual Startup Time": 1408.622,
                "Actual Total Time": 1470.172,
                "Actual Rows": 7,
                "Actual Loops": 1,
                "Output": [
                    "(PARTIAL count(*))"
                ],
                "Workers Planned": 6,
                "Workers Launched": 6,
                "Single Copy": false,
                "Plans": [
                    {
                        "Node Type": "Aggregate",
                        "Strategy": "Plain",
                        "Partial Mode": "Partial",
                        "Parent Relationship": "Outer",
                        "Parallel Aware": false,
                        "Startup Cost": 395473.7,
                        "Total Cost": 395473.71,
                        "Plan Rows": 1,
                        "Plan Width": 8,
                        "Actual Startup Time": 1393.332,
                        "Actual Total Time": 1393.335,
                        "Actual Rows": 1,
                        "Actual Loops": 7,
                        "Output": [
                            "PARTIAL count(*)"
                        ],
                        "Workers": [
                            {
                                "Worker Number": 0,
                                "Actual Startup Time": 1390.782,
                                "Actual Total Time": 1390.784,
                                "Actual Rows": 1,
                                "Actual Loops": 1
                            },
                            {
                                "Worker Number": 1,
                                "Actual Startup Time": 1391.678,
                                "Actual Total Time": 1391.68,
                                "Actual Rows": 1,
                                "Actual Loops": 1
                            },
                            {
                                "Worker Number": 2,
                                "Actual Startup Time": 1390.856,
                                "Actual Total Time": 1390.858,
                                "Actual Rows": 1,
                                "Actual Loops": 1
                            },
                            {
                                "Worker Number": 3,
                                "Actual Startup Time": 1390.581,
                                "Actual Total Time": 1390.585,
                                "Actual Rows": 1,
                                "Actual Loops": 1
                            },
                            {
                                "Worker Number": 4,
                                "Actual Startup Time": 1390.909,
                                "Actual Total Time": 1390.912,
                                "Actual Rows": 1,
                                "Actual Loops": 1
                            },
                            {
                                "Worker Number": 5,
                                "Actual Startup Time": 1390.879,
                                "Actual Total Time": 1390.881,
                                "Actual Rows": 1,
                                "Actual Loops": 1
                            }
                        ],
                        "Plans": [
                            {
                                "Node Type": "Hash Join",
                                "Parent Relationship": "Outer",
                                "Parallel Aware": true,
                                "Join Type": "Inner",
                                "Startup Cost": 48743.13,
                                "Total Cost": 394216.01,
                                "Plan Rows": 503079,
                                "Plan Width": 0,
                                "Actual Startup Time": 513.858,
                                "Actual Total Time": 1358.312,
                                "Actual Rows": 762135,
                                "Actual Loops": 7,
                                "Inner Unique": true,
                                "Hash Cond": "(ci.movie_id = t.id)",
                                "Workers": [
                                    {
                                        "Worker Number": 0,
                                        "Actual Startup Time": 511.377,
                                        "Actual Total Time": 1357.342,
                                        "Actual Rows": 826731,
                                        "Actual Loops": 1
                                    },
                                    {
                                        "Worker Number": 1,
                                        "Actual Startup Time": 511.434,
                                        "Actual Total Time": 1358.661,
                                        "Actual Rows": 820880,
                                        "Actual Loops": 1
                                    },
                                    {
                                        "Worker Number": 2,
                                        "Actual Startup Time": 511.476,
                                        "Actual Total Time": 1357.945,
                                        "Actual Rows": 817662,
                                        "Actual Loops": 1
                                    },
                                    {
                                        "Worker Number": 3,
                                        "Actual Startup Time": 511.234,
                                        "Actual Total Time": 1355.047,
                                        "Actual Rows": 549263,
                                        "Actual Loops": 1
                                    },
                                    {
                                        "Worker Number": 4,
                                        "Actual Startup Time": 511.541,
                                        "Actual Total Time": 1351.598,
                                        "Actual Rows": 595501,
                                        "Actual Loops": 1
                                    },
                                    {
                                        "Worker Number": 5,
                                        "Actual Startup Time": 511.67,
                                        "Actual Total Time": 1357.634,
                                        "Actual Rows": 825884,
                                        "Actual Loops": 1
                                    }
                                ],
                                "Plans": [
                                    {
                                        "Node Type": "Seq Scan",
                                        "Parent Relationship": "Outer",
                                        "Parallel Aware": true,
                                        "Relation Name": "cast_info",
                                        "Schema": "public",
                                        "Alias": "ci",
                                        "Startup Cost": 0.0,
                                        "Total Cost": 343318.94,
                                        "Plan Rows": 820547,
                                        "Plan Width": 4,
                                        "Actual Startup Time": 322.111,
                                        "Actual Total Time": 630.018,
                                        "Actual Rows": 1468429,
                                        "Actual Loops": 7,
                                        "Output": [
                                            "ci.id",
                                            "ci.person_id",
                                            "ci.movie_id",
                                            "ci.person_role_id",
                                            "ci.note",
                                            "ci.nr_order",
                                            "ci.role_id"
                                        ],
                                        "Filter": "((ci.person_id > 2579246) AND (ci.role_id > 2))",
                                        "Rows Removed by Filter": 3709335,
                                        "Workers": [
                                            {
                                                "Worker Number": 0,
                                                "Actual Startup Time": 322.103,
                                                "Actual Total Time": 629.877,
                                                "Actual Rows": 1597286,
                                                "Actual Loops": 1
                                            },
                                            {
                                                "Worker Number": 1,
                                                "Actual Startup Time": 322.135,
                                                "Actual Total Time": 629.562,
                                                "Actual Rows": 1585846,
                                                "Actual Loops": 1
                                            },
                                            {
                                                "Worker Number": 2,
                                                "Actual Startup Time": 322.125,
                                                "Actual Total Time": 629.051,
                                                "Actual Rows": 1583893,
                                                "Actual Loops": 1
                                            },
                                            {
                                                "Worker Number": 3,
                                                "Actual Startup Time": 322.078,
                                                "Actual Total Time": 637.726,
                                                "Actual Rows": 1056101,
                                                "Actual Loops": 1
                                            },
                                            {
                                                "Worker Number": 4,
                                                "Actual Startup Time": 322.112,
                                                "Actual Total Time": 658.025,
                                                "Actual Rows": 1137732,
                                                "Actual Loops": 1
                                            },
                                            {
                                                "Worker Number": 5,
                                                "Actual Startup Time": 322.11,
                                                "Actual Total Time": 629.244,
                                                "Actual Rows": 1589679,
                                                "Actual Loops": 1
                                            }
                                        ]
                                    },
                                    {
                                        "Node Type": "Hash",
                                        "Parent Relationship": "Inner",
                                        "Parallel Aware": true,
                                        "Startup Cost": 43899.01,
                                        "Total Cost": 43899.01,
                                        "Plan Rows": 387530,
                                        "Plan Width": 4,
                                        "Actual Startup Time": 186.74,
                                        "Actual Total Time": 186.741,
                                        "Actual Rows": 221675,
                                        "Actual Loops": 7,
                                        "Output": [
                                            "t.id"
                                        ],
                                        "Hash Buckets": 2097152,
                                        "Original Hash Buckets": 2097152,
                                        "Hash Batches": 1,
                                        "Original Hash Batches": 1,
                                        "Peak Memory Usage": 77216,
                                        "Workers": [
                                            {
                                                "Worker Number": 0,
                                                "Actual Startup Time": 188.529,
                                                "Actual Total Time": 188.529,
                                                "Actual Rows": 224198,
                                                "Actual Loops": 1
                                            },
                                            {
                                                "Worker Number": 1,
                                                "Actual Startup Time": 188.554,
                                                "Actual Total Time": 188.555,
                                                "Actual Rows": 228995,
                                                "Actual Loops": 1
                                            },
                                            {
                                                "Worker Number": 2,
                                                "Actual Startup Time": 188.585,
                                                "Actual Total Time": 188.586,
                                                "Actual Rows": 225255,
                                                "Actual Loops": 1
                                            },
                                            {
                                                "Worker Number": 3,
                                                "Actual Startup Time": 188.358,
                                                "Actual Total Time": 188.359,
                                                "Actual Rows": 150714,
                                                "Actual Loops": 1
                                            },
                                            {
                                                "Worker Number": 4,
                                                "Actual Startup Time": 188.622,
                                                "Actual Total Time": 188.623,
                                                "Actual Rows": 169299,
                                                "Actual Loops": 1
                                            },
                                            {
                                                "Worker Number": 5,
                                                "Actual Startup Time": 188.739,
                                                "Actual Total Time": 188.74,
                                                "Actual Rows": 226058,
                                                "Actual Loops": 1
                                            }
                                        ],
                                        "Plans": [
                                            {
                                                "Node Type": "Seq Scan",
                                                "Parent Relationship": "Outer",
                                                "Parallel Aware": true,
                                                "Relation Name": "title",
                                                "Schema": "public",
                                                "Alias": "t",
                                                "Startup Cost": 0.0,
                                                "Total Cost": 43899.01,
                                                "Plan Rows": 387530,
                                                "Plan Width": 4,
                                                "Actual Startup Time": 0.061,
                                                "Actual Total Time": 78.796,
                                                "Actual Rows": 221675,
                                                "Actual Loops": 7,
                                                "Output": [
                                                    "t.id"
                                                ],
                                                "Filter": "(t.production_year < 2007)",
                                                "Rows Removed by Filter": 139512,
                                                "Workers": [
                                                    {
                                                        "Worker Number": 0,
                                                        "Actual Startup Time": 0.064,
                                                        "Actual Total Time": 79.817,
                                                        "Actual Rows": 224198,
                                                        "Actual Loops": 1
                                                    },
                                                    {
                                                        "Worker Number": 1,
                                                        "Actual Startup Time": 0.073,
                                                        "Actual Total Time": 80.461,
                                                        "Actual Rows": 228995,
                                                        "Actual Loops": 1
                                                    },
                                                    {
                                                        "Worker Number": 2,
                                                        "Actual Startup Time": 0.064,
                                                        "Actual Total Time": 80.187,
                                                        "Actual Rows": 225255,
                                                        "Actual Loops": 1
                                                    },
                                                    {
                                                        "Worker Number": 3,
                                                        "Actual Startup Time": 0.071,
                                                        "Actual Total Time": 80.382,
                                                        "Actual Rows": 150714,
                                                        "Actual Loops": 1
                                                    },
                                                    {
                                                        "Worker Number": 4,
                                                        "Actual Startup Time": 0.067,
                                                        "Actual Total Time": 83.109,
                                                        "Actual Rows": 169299,
                                                        "Actual Loops": 1
                                                    },
                                                    {
                                                        "Worker Number": 5,
                                                        "Actual Startup Time": 0.07,
                                                        "Actual Total Time": 79.884,
                                                        "Actual Rows": 226058,
                                                        "Actual Loops": 1
                                                    }
                                                ]
                                            }
                                        ]
                                    }
                                ]
                            }
                        ]
                    }
                ]
            }
        ]
    },
    "Planning Time": 0.717,
    "Triggers": [],
    "Execution Time": 1470.262
}