[
  {
    "Plan": {
      "Node Type": "Aggregate",
      "Strategy": "Plain",
      "Partial Mode": "Finalize",
      "Parallel Aware": false,
      "Startup Cost": 68199.28,
      "Total Cost": 68199.29,
      "Plan Rows": 1,
      "Plan Width": 8,
      "Actual Startup Time": 187.232,
      "Actual Total Time": 199.835,
      "Actual Rows": 1,
      "Actual Loops": 1,
      "Plans": [
        {
          "Node Type": "Gather",
          "Parent Relationship": "Outer",
          "Parallel Aware": false,
          "Startup Cost": 68198.86,
          "Total Cost": 68199.27,
          "Plan Rows": 4,
          "Plan Width": 8,
          "Actual Startup Time": 186.571,
          "Actual Total Time": 199.826,
          "Actual Rows": 5,
          "Actual Loops": 1,
          "Workers Planned": 4,
          "Workers Launched": 4,
          "Single Copy": false,
          "Plans": [
            {
              "Node Type": "Aggregate",
              "Strategy": "Plain",
              "Partial Mode": "Partial",
              "Parent Relationship": "Outer",
              "Parallel Aware": false,
              "Startup Cost": 67198.86,
              "Total Cost": 67198.87,
              "Plan Rows": 1,
              "Plan Width": 8,
              "Actual Startup Time": 176.383,
              "Actual Total Time": 176.389,
              "Actual Rows": 1,
              "Actual Loops": 5,
              "Plans": [
                {
                  "Node Type": "Hash Join",
                  "Parent Relationship": "Outer",
                  "Parallel Aware": true,
                  "Join Type": "Inner",
                  "Startup Cost": 21646.83,
                  "Total Cost": 67167.02,
                  "Plan Rows": 12738,
                  "Plan Width": 0,
                  "Actual Startup Time": 133.065,
                  "Actual Total Time": 175.544,
                  "Actual Rows": 18990,
                  "Actual Loops": 5,
                  "Inner Unique": false,
                  "Hash Cond": "(t.id = mc.movie_id)",
                  "Plans": [
                    {
                      "Node Type": "Seq Scan",
                      "Parent Relationship": "Outer",
                      "Parallel Aware": true,
                      "Relation Name": "title",
                      "Alias": "t",
                      "Startup Cost": 0.0,
                      "Total Cost": 42318.73,
                      "Plan Rows": 632073,
                      "Plan Width": 4,
                      "Actual Startup Time": 0.014,
                      "Actual Total Time": 66.722,
                      "Actual Rows": 505662,
                      "Actual Loops": 5
                    },
                    {
                      "Node Type": "Hash",
                      "Parent Relationship": "Inner",
                      "Parallel Aware": true,
                      "Startup Cost": 21441.38,
                      "Total Cost": 21441.38,
                      "Plan Rows": 16436,
                      "Plan Width": 4,
                      "Actual Startup Time": 38.483,
                      "Actual Total Time": 38.484,
                      "Actual Rows": 18990,
                      "Actual Loops": 5,
                      "Hash Buckets": 131072,
                      "Original Hash Buckets": 65536,
                      "Hash Batches": 1,
                      "Original Hash Batches": 1,
                      "Peak Memory Usage": 5312,
                      "Plans": [
                        {
                          "Node Type": "Bitmap Heap Scan",
                          "Parent Relationship": "Outer",
                          "Parallel Aware": true,
                          "Relation Name": "movie_companies",
                          "Alias": "mc",
                          "Startup Cost": 2165.81,
                          "Total Cost": 21441.38,
                          "Plan Rows": 16436,
                          "Plan Width": 4,
                          "Actual Startup Time": 6.786,
                          "Actual Total Time": 25.235,
                          "Actual Rows": 18990,
                          "Actual Loops": 5,
                          "Recheck Cond": "(company_id > 160620)",
                          "Rows Removed by Index Recheck": 0,
                          "Filter": "(company_type_id = 2)",
                          "Rows Removed by Filter": 0,
                          "Exact Heap Blocks": 1168,
                          "Lossy Heap Blocks": 0,
                          "Plans": [
                            {
                              "Node Type": "Bitmap Index Scan",
                              "Parent Relationship": "Outer",
                              "Parallel Aware": false,
                              "Index Name": "company_id_movie_companies",
                              "Startup Cost": 0.0,
                              "Total Cost": 2153.07,
                              "Plan Rows": 100352,
                              "Plan Width": 0,
                              "Actual Startup Time": 11.378,
                              "Actual Total Time": 11.378,
                              "Actual Rows": 94949,
                              "Actual Loops": 1,
                              "Index Cond": "(company_id > 160620)"
                            }
                          ]
                        }
                      ]
                    }
                  ]
                }
              ]
            }
          ]
        }
      ]
    },
    "Planning Time": 0.634,
    "Triggers": [],
    "Execution Time": 199.924
  }
]