[
  {
    "Plan": {
      "Node Type": "Aggregate",
      "Strategy": "Plain",
      "Partial Mode": "Finalize",
      "Parallel Aware": false,
      "Startup Cost": 397502.58,
      "Total Cost": 397502.59,
      "Plan Rows": 1,
      "Plan Width": 8,
      "Actual Startup Time": 1150.122,
      "Actual Total Time": 1215.273,
      "Actual Rows": 1,
      "Actual Loops": 1,
      "Plans": [
        {
          "Node Type": "Gather",
          "Parent Relationship": "Outer",
          "Parallel Aware": false,
          "Startup Cost": 397501.96,
          "Total Cost": 397502.57,
          "Plan Rows": 6,
          "Plan Width": 8,
          "Actual Startup Time": 1146.043,
          "Actual Total Time": 1215.261,
          "Actual Rows": 7,
          "Actual Loops": 1,
          "Workers Planned": 6,
          "Workers Launched": 6,
          "Single Copy": false,
          "Plans": [
            {
              "Node Type": "Aggregate",
              "Strategy": "Plain",
              "Partial Mode": "Partial",
              "Parent Relationship": "Outer",
              "Parallel Aware": false,
              "Startup Cost": 396501.96,
              "Total Cost": 396501.97,
              "Plan Rows": 1,
              "Plan Width": 8,
              "Actual Startup Time": 1135.536,
              "Actual Total Time": 1135.578,
              "Actual Rows": 1,
              "Actual Loops": 7,
              "Plans": [
                {
                  "Node Type": "Hash Join",
                  "Parent Relationship": "Outer",
                  "Parallel Aware": true,
                  "Join Type": "Inner",
                  "Startup Cost": 46073.82,
                  "Total Cost": 396022.26,
                  "Plan Rows": 191878,
                  "Plan Width": 0,
                  "Actual Startup Time": 324.903,
                  "Actual Total Time": 1123.554,
                  "Actual Rows": 217231,
                  "Actual Loops": 7,
                  "Inner Unique": true,
                  "Hash Cond": "(ci.movie_id = t.id)",
                  "Plans": [
                    {
                      "Node Type": "Seq Scan",
                      "Parent Relationship": "Outer",
                      "Parallel Aware": true,
                      "Relation Name": "cast_info",
                      "Alias": "ci",
                      "Startup Cost": 0.0,
                      "Total Cost": 343257.03,
                      "Plan Rows": 2549104,
                      "Plan Width": 4,
                      "Actual Startup Time": 221.523,
                      "Actual Total Time": 687.697,
                      "Actual Rows": 1957475,
                      "Actual Loops": 7,
                      "Filter": "((person_id > 1863110) AND (role_id < 10))",
                      "Rows Removed by Filter": 3220288
                    },
                    {
                      "Node Type": "Hash",
                      "Parent Relationship": "Inner",
                      "Parallel Aware": true,
                      "Startup Cost": 45479.1,
                      "Total Cost": 45479.1,
                      "Plan Rows": 47578,
                      "Plan Width": 4,
                      "Actual Startup Time": 101.467,
                      "Actual Total Time": 101.468,
                      "Actual Rows": 46576,
                      "Actual Loops": 7,
                      "Hash Buckets": 524288,
                      "Original Hash Buckets": 262144,
                      "Hash Batches": 1,
                      "Original Hash Batches": 1,
                      "Peak Memory Usage": 19008,
                      "Plans": [
                        {
                          "Node Type": "Seq Scan",
                          "Parent Relationship": "Outer",
                          "Parallel Aware": true,
                          "Relation Name": "title",
                          "Alias": "t",
                          "Startup Cost": 0.0,
                          "Total Cost": 45479.1,
                          "Plan Rows": 47578,
                          "Plan Width": 4,
                          "Actual Startup Time": 48.082,
                          "Actual Total Time": 77.154,
                          "Actual Rows": 46576,
                          "Actual Loops": 7,
                          "Filter": "((production_year < 1992) AND (kind_id = 1))",
                          "Rows Removed by Filter": 314611
                        }
                      ]
                    }
                  ]
                }
              ]
            }
          ]
        }
      ]
    },
    "Planning Time": 0.647,
    "Triggers": [],
    "Execution Time": 1215.361
  }
]