{
  "Plan": {
    "Node Type": "Aggregate",
    "Strategy": "Plain",
    "Partial Mode": "Finalize",
    "Parallel Aware": false,
    "Startup Cost": 696708.69,
    "Total Cost": 696708.7,
    "Plan Rows": 1,
    "Plan Width": 8,
    "Actual Startup Time": 3682.788,
    "Actual Total Time": 3733.601,
    "Actual Rows": 1,
    "Actual Loops": 1,
    "Plans": [
      {
        "Node Type": "Gather",
        "Parent Relationship": "Outer",
        "Parallel Aware": false,
        "Startup Cost": 696708.58,
        "Total Cost": 696708.69,
        "Plan Rows": 1,
        "Plan Width": 8,
        "Actual Startup Time": 3682.78,
        "Actual Total Time": 3733.595,
        "Actual Rows": 2,
        "Actual Loops": 1,
        "Workers Planned": 1,
        "Workers Launched": 1,
        "Single Copy": false,
        "Plans": [
          {
            "Node Type": "Aggregate",
            "Strategy": "Plain",
            "Partial Mode": "Partial",
            "Parent Relationship": "Outer",
            "Parallel Aware": false,
            "Startup Cost": 695708.58,
            "Total Cost": 695708.59,
            "Plan Rows": 1,
            "Plan Width": 8,
            "Actual Startup Time": 3666.939,
            "Actual Total Time": 3666.947,
            "Actual Rows": 1,
            "Actual Loops": 2,
            "Plans": [
              {
                "Node Type": "Merge Join",
                "Parent Relationship": "Outer",
                "Parallel Aware": false,
                "Join Type": "Inner",
                "Startup Cost": 674226.29,
                "Total Cost": 694098.71,
                "Plan Rows": 643948,
                "Plan Width": 0,
                "Actual Startup Time": 3086.298,
                "Actual Total Time": 3589.18,
                "Actual Rows": 1928760,
                "Actual Loops": 2,
                "Inner Unique": false,
                "Merge Cond": "(t.id = mc.movie_id)",
                "Plans": [
                  {
                    "Node Type": "Sort",
                    "Parent Relationship": "Outer",
                    "Parallel Aware": false,
                    "Startup Cost": 532681.87,
                    "Total Cost": 537099.5,
                    "Plan Rows": 1767052,
                    "Plan Width": 8,
                    "Actual Startup Time": 2727.432,
                    "Actual Total Time": 2811.674,
                    "Actual Rows": 2174768,
                    "Actual Loops": 2,
                    "Sort Key": [
                      "mi.movie_id"
                    ],
                    "Sort Method": "quicksort",
                    "Sort Space Used": 203727,
                    "Sort Space Type": "Memory",
                    "Workers": [
                      {
                        "Worker Number": 0,
                        "Sort Method": "quicksort",
                        "Sort Space Used": 196767,
                        "Sort Space Type": "Memory"
                      }
                    ],
                    "Plans": [
                      {
                        "Node Type": "Hash Join",
                        "Parent Relationship": "Outer",
                        "Parallel Aware": true,
                        "Join Type": "Inner",
                        "Startup Cost": 58976.41,
                        "Total Cost": 349324.49,
                        "Plan Rows": 1767052,
                        "Plan Width": 8,
                        "Actual Startup Time": 243.593,
                        "Actual Total Time": 2253.501,
                        "Actual Rows": 2174776,
                        "Actual Loops": 2,
                        "Inner Unique": true,
                        "Hash Cond": "(mi.movie_id = t.id)",
                        "Plans": [
                          {
                            "Node Type": "Seq Scan",
                            "Parent Relationship": "Outer",
                            "Parallel Aware": true,
                            "Relation Name": "movie_info",
                            "Alias": "mi",
                            "Startup Cost": 0.0,
                            "Total Cost": 270696.42,
                            "Plan Rows": 7486332,
                            "Plan Width": 4,
                            "Actual Startup Time": 0.011,
                            "Actual Total Time": 797.536,
                            "Actual Rows": 6372326,
                            "Actual Loops": 2,
                            "Filter": "(info_type_id > 2)",
                            "Rows Removed by Filter": 1045534
                          },
                          {
                            "Node Type": "Hash",
                            "Parent Relationship": "Inner",
                            "Parallel Aware": true,
                            "Startup Cost": 54588.39,
                            "Total Cost": 54588.39,
                            "Plan Rows": 351042,
                            "Plan Width": 4,
                            "Actual Startup Time": 234.327,
                            "Actual Total Time": 234.328,
                            "Actual Rows": 301706,
                            "Actual Loops": 2,
                            "Hash Buckets": 1048576,
                            "Original Hash Buckets": 1048576,
                            "Hash Batches": 1,
                            "Original Hash Batches": 1,
                            "Peak Memory Usage": 31808,
                            "Plans": [
                              {
                                "Node Type": "Seq Scan",
                                "Parent Relationship": "Outer",
                                "Parallel Aware": true,
                                "Relation Name": "title",
                                "Alias": "t",
                                "Startup Cost": 0.0,
                                "Total Cost": 54588.39,
                                "Plan Rows": 351042,
                                "Plan Width": 4,
                                "Actual Startup Time": 0.036,
                                "Actual Total Time": 150.481,
                                "Actual Rows": 301706,
                                "Actual Loops": 2,
                                "Filter": "(production_year < 1986)",
                                "Rows Removed by Filter": 962450
                              }
                            ]
                          }
                        ]
                      }
                    ]
                  },
                  {
                    "Node Type": "Sort",
                    "Parent Relationship": "Inner",
                    "Parallel Aware": false,
                    "Startup Cost": 141544.24,
                    "Total Cost": 143847.64,
                    "Plan Rows": 921359,
                    "Plan Width": 4,
                    "Actual Startup Time": 358.851,
                    "Actual Total Time": 446.202,
                    "Actual Rows": 2583802,
                    "Actual Loops": 2,
                    "Sort Key": [
                      "mc.movie_id"
                    ],
                    "Sort Method": "quicksort",
                    "Sort Space Used": 68273,
                    "Sort Space Type": "Memory",
                    "Workers": [
                      {
                        "Worker Number": 0,
                        "Sort Method": "quicksort",
                        "Sort Space Used": 68273,
                        "Sort Space Type": "Memory"
                      }
                    ],
                    "Plans": [
                      {
                        "Node Type": "Bitmap Heap Scan",
                        "Parent Relationship": "Outer",
                        "Parallel Aware": false,
                        "Relation Name": "movie_companies",
                        "Alias": "mc",
                        "Startup Cost": 19960.96,
                        "Total Cost": 50267.95,
                        "Plan Rows": 921359,
                        "Plan Width": 4,
                        "Actual Startup Time": 47.469,
                        "Actual Total Time": 168.315,
                        "Actual Rows": 932191,
                        "Actual Loops": 2,
                        "Recheck Cond": "(company_id > 19397)",
                        "Rows Removed by Index Recheck": 0,
                        "Exact Heap Blocks": 14707,
                        "Lossy Heap Blocks": 0,
                        "Plans": [
                          {
                            "Node Type": "Bitmap Index Scan",
                            "Parent Relationship": "Outer",
                            "Parallel Aware": false,
                            "Index Name": "company_id_movie_companies",
                            "Startup Cost": 0.0,
                            "Total Cost": 19730.62,
                            "Plan Rows": 921359,
                            "Plan Width": 0,
                            "Actual Startup Time": 45.597,
                            "Actual Total Time": 45.597,
                            "Actual Rows": 932191,
                            "Actual Loops": 2,
                            "Index Cond": "(company_id > 19397)"
                          }
                        ]
                      }
                    ]
                  }
                ]
              }
            ]
          }
        ]
      }
    ]
  },
  "Planning Time": 1.059,
  "Triggers": [],
  "Execution Time": 3758.725
}