[
  {
    "Plan": {
      "Node Type": "Aggregate",
      "Strategy": "Plain",
      "Partial Mode": "Finalize",
      "Parallel Aware": false,
      "Startup Cost": 80355.45,
      "Total Cost": 80355.46,
      "Plan Rows": 1,
      "Plan Width": 8,
      "Actual Startup Time": 229.135,
      "Actual Total Time": 247.101,
      "Actual Rows": 1,
      "Actual Loops": 1,
      "Plans": [
        {
          "Node Type": "Gather",
          "Parent Relationship": "Outer",
          "Parallel Aware": false,
          "Startup Cost": 80355.03,
          "Total Cost": 80355.44,
          "Plan Rows": 4,
          "Plan Width": 8,
          "Actual Startup Time": 228.0,
          "Actual Total Time": 247.092,
          "Actual Rows": 5,
          "Actual Loops": 1,
          "Workers Planned": 4,
          "Workers Launched": 4,
          "Single Copy": false,
          "Plans": [
            {
              "Node Type": "Aggregate",
              "Strategy": "Plain",
              "Partial Mode": "Partial",
              "Parent Relationship": "Outer",
              "Parallel Aware": false,
              "Startup Cost": 79355.03,
              "Total Cost": 79355.04,
              "Plan Rows": 1,
              "Plan Width": 8,
              "Actual Startup Time": 218.541,
              "Actual Total Time": 218.544,
              "Actual Rows": 1,
              "Actual Loops": 5,
              "Plans": [
                {
                  "Node Type": "Hash Join",
                  "Parent Relationship": "Outer",
                  "Parallel Aware": true,
                  "Join Type": "Inner",
                  "Startup Cost": 33231.14,
                  "Total Cost": 79073.5,
                  "Plan Rows": 112612,
                  "Plan Width": 0,
                  "Actual Startup Time": 163.045,
                  "Actual Total Time": 217.162,
                  "Actual Rows": 27043,
                  "Actual Loops": 5,
                  "Inner Unique": false,
                  "Hash Cond": "(t.id = mc.movie_id)",
                  "Plans": [
                    {
                      "Node Type": "Seq Scan",
                      "Parent Relationship": "Outer",
                      "Parallel Aware": true,
                      "Relation Name": "title",
                      "Alias": "t",
                      "Startup Cost": 0.0,
                      "Total Cost": 42318.73,
                      "Plan Rows": 632073,
                      "Plan Width": 4,
                      "Actual Startup Time": 0.014,
                      "Actual Total Time": 67.56,
                      "Actual Rows": 505662,
                      "Actual Loops": 5
                    },
                    {
                      "Node Type": "Hash",
                      "Parent Relationship": "Inner",
                      "Parallel Aware": true,
                      "Startup Cost": 31414.82,
                      "Total Cost": 31414.82,
                      "Plan Rows": 145306,
                      "Plan Width": 4,
                      "Actual Startup Time": 76.512,
                      "Actual Total Time": 76.513,
                      "Actual Rows": 27043,
                      "Actual Loops": 5,
                      "Hash Buckets": 524288,
                      "Original Hash Buckets": 524288,
                      "Hash Batches": 1,
                      "Original Hash Batches": 1,
                      "Peak Memory Usage": 9472,
                      "Plans": [
                        {
                          "Node Type": "Seq Scan",
                          "Parent Relationship": "Outer",
                          "Parallel Aware": true,
                          "Relation Name": "movie_companies",
                          "Alias": "mc",
                          "Startup Cost": 0.0,
                          "Total Cost": 31414.82,
                          "Plan Rows": 145306,
                          "Plan Width": 4,
                          "Actual Startup Time": 20.883,
                          "Actual Total Time": 66.959,
                          "Actual Rows": 27043,
                          "Actual Loops": 5,
                          "Filter": "((company_id > 19770) AND (company_type_id < 2))",
                          "Rows Removed by Filter": 494783
                        }
                      ]
                    }
                  ]
                }
              ]
            }
          ]
        }
      ]
    },
    "Planning Time": 0.707,
    "Triggers": [],
    "Execution Time": 247.173
  }
]