[
  {
    "Plan": {
      "Node Type": "Aggregate",
      "Strategy": "Plain",
      "Partial Mode": "Finalize",
      "Parallel Aware": false,
      "Startup Cost": 71279.07,
      "Total Cost": 71279.08,
      "Plan Rows": 1,
      "Plan Width": 8,
      "Actual Startup Time": 157.54,
      "Actual Total Time": 175.301,
      "Actual Rows": 1,
      "Actual Loops": 1,
      "Plans": [
        {
          "Node Type": "Gather",
          "Parent Relationship": "Outer",
          "Parallel Aware": false,
          "Startup Cost": 71278.75,
          "Total Cost": 71279.06,
          "Plan Rows": 3,
          "Plan Width": 8,
          "Actual Startup Time": 156.561,
          "Actual Total Time": 175.294,
          "Actual Rows": 4,
          "Actual Loops": 1,
          "Workers Planned": 3,
          "Workers Launched": 3,
          "Single Copy": false,
          "Plans": [
            {
              "Node Type": "Aggregate",
              "Strategy": "Plain",
              "Partial Mode": "Partial",
              "Parent Relationship": "Outer",
              "Parallel Aware": false,
              "Startup Cost": 70278.75,
              "Total Cost": 70278.76,
              "Plan Rows": 1,
              "Plan Width": 8,
              "Actual Startup Time": 147.359,
              "Actual Total Time": 147.363,
              "Actual Rows": 1,
              "Actual Loops": 4,
              "Plans": [
                {
                  "Node Type": "Hash Join",
                  "Parent Relationship": "Outer",
                  "Parallel Aware": true,
                  "Join Type": "Inner",
                  "Startup Cost": 45536.6,
                  "Total Cost": 70276.41,
                  "Plan Rows": 935,
                  "Plan Width": 0,
                  "Actual Startup Time": 117.278,
                  "Actual Total Time": 147.292,
                  "Actual Rows": 534,
                  "Actual Loops": 4,
                  "Inner Unique": true,
                  "Hash Cond": "(mk.movie_id = t.id)",
                  "Plans": [
                    {
                      "Node Type": "Bitmap Heap Scan",
                      "Parent Relationship": "Outer",
                      "Parallel Aware": true,
                      "Relation Name": "movie_keyword",
                      "Alias": "mk",
                      "Startup Cost": 1246.43,
                      "Total Cost": 25936.64,
                      "Plan Rows": 18897,
                      "Plan Width": 4,
                      "Actual Startup Time": 7.782,
                      "Actual Total Time": 32.862,
                      "Actual Rows": 13706,
                      "Actual Loops": 4,
                      "Recheck Cond": "(keyword_id < 55)",
                      "Rows Removed by Index Recheck": 0,
                      "Exact Heap Blocks": 7884,
                      "Lossy Heap Blocks": 0,
                      "Plans": [
                        {
                          "Node Type": "Bitmap Index Scan",
                          "Parent Relationship": "Outer",
                          "Parallel Aware": false,
                          "Index Name": "keyword_id_movie_keyword",
                          "Startup Cost": 0.0,
                          "Total Cost": 1231.78,
                          "Plan Rows": 58580,
                          "Plan Width": 0,
                          "Actual Startup Time": 5.397,
                          "Actual Total Time": 5.397,
                          "Actual Rows": 54826,
                          "Actual Loops": 1,
                          "Index Cond": "(keyword_id < 55)"
                        }
                      ]
                    },
                    {
                      "Node Type": "Hash",
                      "Parent Relationship": "Inner",
                      "Parallel Aware": true,
                      "Startup Cost": 43899.32,
                      "Total Cost": 43899.32,
                      "Plan Rows": 31268,
                      "Plan Width": 4,
                      "Actual Startup Time": 108.591,
                      "Actual Total Time": 108.591,
                      "Actual Rows": 30715,
                      "Actual Loops": 4,
                      "Hash Buckets": 131072,
                      "Original Hash Buckets": 131072,
                      "Hash Batches": 1,
                      "Original Hash Batches": 1,
                      "Peak Memory Usage": 5888,
                      "Plans": [
                        {
                          "Node Type": "Seq Scan",
                          "Parent Relationship": "Outer",
                          "Parallel Aware": true,
                          "Relation Name": "title",
                          "Alias": "t",
                          "Startup Cost": 0.0,
                          "Total Cost": 43899.32,
                          "Plan Rows": 31268,
                          "Plan Width": 4,
                          "Actual Startup Time": 0.051,
                          "Actual Total Time": 96.424,
                          "Actual Rows": 30715,
                          "Actual Loops": 4,
                          "Filter": "(production_year = 2008)",
                          "Rows Removed by Filter": 601363
                        }
                      ]
                    }
                  ]
                }
              ]
            }
          ]
        }
      ]
    },
    "Planning Time": 0.345,
    "Triggers": [],
    "Execution Time": 175.351
  }
]