[
  {
    "Plan": {
      "Node Type": "Aggregate",
      "Strategy": "Plain",
      "Partial Mode": "Finalize",
      "Parallel Aware": false,
      "Startup Cost": 31040.03,
      "Total Cost": 31040.04,
      "Plan Rows": 1,
      "Plan Width": 8,
      "Actual Startup Time": 87.851,
      "Actual Total Time": 96.216,
      "Actual Rows": 1,
      "Actual Loops": 1,
      "Plans": [
        {
          "Node Type": "Gather",
          "Parent Relationship": "Outer",
          "Parallel Aware": false,
          "Startup Cost": 31039.71,
          "Total Cost": 31040.02,
          "Plan Rows": 3,
          "Plan Width": 8,
          "Actual Startup Time": 87.697,
          "Actual Total Time": 96.208,
          "Actual Rows": 4,
          "Actual Loops": 1,
          "Workers Planned": 3,
          "Workers Launched": 3,
          "Single Copy": false,
          "Plans": [
            {
              "Node Type": "Aggregate",
              "Strategy": "Plain",
              "Partial Mode": "Partial",
              "Parent Relationship": "Outer",
              "Parallel Aware": false,
              "Startup Cost": 30039.71,
              "Total Cost": 30039.72,
              "Plan Rows": 1,
              "Plan Width": 8,
              "Actual Startup Time": 83.692,
              "Actual Total Time": 83.693,
              "Actual Rows": 1,
              "Actual Loops": 4,
              "Plans": [
                {
                  "Node Type": "Seq Scan",
                  "Parent Relationship": "Outer",
                  "Parallel Aware": true,
                  "Relation Name": "movie_companies",
                  "Alias": "mc",
                  "Startup Cost": 0.0,
                  "Total Cost": 29310.68,
                  "Plan Rows": 291611,
                  "Plan Width": 0,
                  "Actual Startup Time": 0.018,
                  "Actual Total Time": 71.662,
                  "Actual Rows": 225813,
                  "Actual Loops": 4,
                  "Filter": "(company_id < 2930)",
                  "Rows Removed by Filter": 426469
                }
              ]
            }
          ]
        }
      ]
    },
    "Planning Time": 0.192,
    "Triggers": [],
    "Execution Time": 96.256
  }
]