[
  {
    "Plan": {
      "Node Type": "Aggregate",
      "Strategy": "Plain",
      "Partial Mode": "Finalize",
      "Parallel Aware": false,
      "Startup Cost": 346893.66,
      "Total Cost": 346893.67,
      "Plan Rows": 1,
      "Plan Width": 8,
      "Actual Startup Time": 797.837,
      "Actual Total Time": 861.582,
      "Actual Rows": 1,
      "Actual Loops": 1,
      "Plans": [
        {
          "Node Type": "Gather",
          "Parent Relationship": "Outer",
          "Parallel Aware": false,
          "Startup Cost": 346893.03,
          "Total Cost": 346893.64,
          "Plan Rows": 6,
          "Plan Width": 8,
          "Actual Startup Time": 797.715,
          "Actual Total Time": 861.569,
          "Actual Rows": 7,
          "Actual Loops": 1,
          "Workers Planned": 6,
          "Workers Launched": 6,
          "Single Copy": false,
          "Plans": [
            {
              "Node Type": "Aggregate",
              "Strategy": "Plain",
              "Partial Mode": "Partial",
              "Parent Relationship": "Outer",
              "Parallel Aware": false,
              "Startup Cost": 345893.03,
              "Total Cost": 345893.04,
              "Plan Rows": 1,
              "Plan Width": 8,
              "Actual Startup Time": 786.983,
              "Actual Total Time": 786.984,
              "Actual Rows": 1,
              "Actual Loops": 7,
              "Plans": [
                {
                  "Node Type": "Seq Scan",
                  "Parent Relationship": "Outer",
                  "Parallel Aware": true,
                  "Relation Name": "cast_info",
                  "Alias": "ci",
                  "Startup Cost": 0.0,
                  "Total Cost": 343257.03,
                  "Plan Rows": 1054401,
                  "Plan Width": 0,
                  "Actual Startup Time": 367.226,
                  "Actual Total Time": 709.922,
                  "Actual Rows": 1517460,
                  "Actual Loops": 7,
                  "Filter": "((person_id > 2271212) AND (role_id > 2))",
                  "Rows Removed by Filter": 3660304
                }
              ]
            }
          ]
        }
      ]
    },
    "Planning Time": 0.238,
    "Triggers": [],
    "Execution Time": 861.665
  }
]