[
  {
    "Plan": {
      "Node Type": "Aggregate",
      "Strategy": "Plain",
      "Partial Mode": "Finalize",
      "Parallel Aware": false,
      "Startup Cost": 405008.56,
      "Total Cost": 405008.57,
      "Plan Rows": 1,
      "Plan Width": 8,
      "Actual Startup Time": 1528.302,
      "Actual Total Time": 1594.522,
      "Actual Rows": 1,
      "Actual Loops": 1,
      "Plans": [
        {
          "Node Type": "Gather",
          "Parent Relationship": "Outer",
          "Parallel Aware": false,
          "Startup Cost": 405007.94,
          "Total Cost": 405008.55,
          "Plan Rows": 6,
          "Plan Width": 8,
          "Actual Startup Time": 1523.214,
          "Actual Total Time": 1594.513,
          "Actual Rows": 7,
          "Actual Loops": 1,
          "Workers Planned": 6,
          "Workers Launched": 6,
          "Single Copy": false,
          "Plans": [
            {
              "Node Type": "Aggregate",
              "Strategy": "Plain",
              "Partial Mode": "Partial",
              "Parent Relationship": "Outer",
              "Parallel Aware": false,
              "Startup Cost": 404007.94,
              "Total Cost": 404007.95,
              "Plan Rows": 1,
              "Plan Width": 8,
              "Actual Startup Time": 1511.632,
              "Actual Total Time": 1511.634,
              "Actual Rows": 1,
              "Actual Loops": 7,
              "Plans": [
                {
                  "Node Type": "Hash Join",
                  "Parent Relationship": "Outer",
                  "Parallel Aware": true,
                  "Join Type": "Inner",
                  "Startup Cost": 47702.8,
                  "Total Cost": 401249.76,
                  "Plan Rows": 1103270,
                  "Plan Width": 0,
                  "Actual Startup Time": 337.499,
                  "Actual Total Time": 1472.374,
                  "Actual Rows": 961441,
                  "Actual Loops": 7,
                  "Inner Unique": true,
                  "Hash Cond": "(ci.movie_id = t.id)",
                  "Plans": [
                    {
                      "Node Type": "Seq Scan",
                      "Parent Relationship": "Outer",
                      "Parallel Aware": true,
                      "Relation Name": "cast_info",
                      "Alias": "ci",
                      "Startup Cost": 0.0,
                      "Total Cost": 343257.03,
                      "Plan Rows": 3919966,
                      "Plan Width": 4,
                      "Actual Startup Time": 214.139,
                      "Actual Total Time": 691.804,
                      "Actual Rows": 3317894,
                      "Actual Loops": 7,
                      "Filter": "((person_id < 3998089) AND (role_id > 1))",
                      "Rows Removed by Filter": 1859869
                    },
                    {
                      "Node Type": "Hash",
                      "Parent Relationship": "Inner",
                      "Parallel Aware": true,
                      "Startup Cost": 45479.1,
                      "Total Cost": 45479.1,
                      "Plan Rows": 177896,
                      "Plan Width": 4,
                      "Actual Startup Time": 119.918,
                      "Actual Total Time": 119.919,
                      "Actual Rows": 85971,
                      "Actual Loops": 7,
                      "Hash Buckets": 1048576,
                      "Original Hash Buckets": 1048576,
                      "Hash Batches": 1,
                      "Original Hash Batches": 1,
                      "Peak Memory Usage": 31840,
                      "Plans": [
                        {
                          "Node Type": "Seq Scan",
                          "Parent Relationship": "Outer",
                          "Parallel Aware": true,
                          "Relation Name": "title",
                          "Alias": "t",
                          "Startup Cost": 0.0,
                          "Total Cost": 45479.1,
                          "Plan Rows": 177896,
                          "Plan Width": 4,
                          "Actual Startup Time": 0.041,
                          "Actual Total Time": 78.76,
                          "Actual Rows": 85971,
                          "Actual Loops": 7,
                          "Filter": "((kind_id < 4) AND (production_year > 1969))",
                          "Rows Removed by Filter": 275217
                        }
                      ]
                    }
                  ]
                }
              ]
            }
          ]
        }
      ]
    },
    "Planning Time": 0.727,
    "Triggers": [],
    "Execution Time": 1594.619
  }
]