[
  {
    "Plan": {
      "Node Type": "Aggregate",
      "Strategy": "Plain",
      "Partial Mode": "Finalize",
      "Parallel Aware": false,
      "Startup Cost": 59444.65,
      "Total Cost": 59444.66,
      "Plan Rows": 1,
      "Plan Width": 8,
      "Actual Startup Time": 44.811,
      "Actual Total Time": 51.981,
      "Actual Rows": 1,
      "Actual Loops": 1,
      "Plans": [
        {
          "Node Type": "Gather",
          "Parent Relationship": "Outer",
          "Parallel Aware": false,
          "Startup Cost": 59444.34,
          "Total Cost": 59444.65,
          "Plan Rows": 3,
          "Plan Width": 8,
          "Actual Startup Time": 44.691,
          "Actual Total Time": 51.975,
          "Actual Rows": 4,
          "Actual Loops": 1,
          "Workers Planned": 3,
          "Workers Launched": 3,
          "Single Copy": false,
          "Plans": [
            {
              "Node Type": "Aggregate",
              "Strategy": "Plain",
              "Partial Mode": "Partial",
              "Parent Relationship": "Outer",
              "Parallel Aware": false,
              "Startup Cost": 58444.34,
              "Total Cost": 58444.35,
              "Plan Rows": 1,
              "Plan Width": 8,
              "Actual Startup Time": 37.649,
              "Actual Total Time": 37.656,
              "Actual Rows": 1,
              "Actual Loops": 4,
              "Plans": [
                {
                  "Node Type": "Nested Loop",
                  "Parent Relationship": "Outer",
                  "Parallel Aware": false,
                  "Join Type": "Inner",
                  "Startup Cost": 408.97,
                  "Total Cost": 58444.13,
                  "Plan Rows": 82,
                  "Plan Width": 0,
                  "Actual Startup Time": 2.225,
                  "Actual Total Time": 37.622,
                  "Actual Rows": 162,
                  "Actual Loops": 4,
                  "Inner Unique": true,
                  "Plans": [
                    {
                      "Node Type": "Bitmap Heap Scan",
                      "Parent Relationship": "Outer",
                      "Parallel Aware": true,
                      "Relation Name": "movie_keyword",
                      "Alias": "mk",
                      "Startup Cost": 408.54,
                      "Total Cost": 24549.14,
                      "Plan Rows": 6165,
                      "Plan Width": 4,
                      "Actual Startup Time": 0.943,
                      "Actual Total Time": 11.903,
                      "Actual Rows": 4446,
                      "Actual Loops": 4,
                      "Recheck Cond": "(keyword_id > 118965)",
                      "Rows Removed by Index Recheck": 0,
                      "Exact Heap Blocks": 3084,
                      "Lossy Heap Blocks": 0,
                      "Plans": [
                        {
                          "Node Type": "Bitmap Index Scan",
                          "Parent Relationship": "Outer",
                          "Parallel Aware": false,
                          "Index Name": "keyword_id_movie_keyword",
                          "Startup Cost": 0.0,
                          "Total Cost": 403.76,
                          "Plan Rows": 19111,
                          "Plan Width": 0,
                          "Actual Startup Time": 2.251,
                          "Actual Total Time": 2.274,
                          "Actual Rows": 17782,
                          "Actual Loops": 1,
                          "Index Cond": "(keyword_id > 118965)"
                        }
                      ]
                    },
                    {
                      "Node Type": "Index Scan",
                      "Parent Relationship": "Inner",
                      "Parallel Aware": false,
                      "Scan Direction": "Forward",
                      "Index Name": "title_pkey",
                      "Relation Name": "title",
                      "Alias": "t",
                      "Startup Cost": 0.43,
                      "Total Cost": 5.5,
                      "Plan Rows": 1,
                      "Plan Width": 4,
                      "Actual Startup Time": 0.005,
                      "Actual Total Time": 0.005,
                      "Actual Rows": 0,
                      "Actual Loops": 17782,
                      "Index Cond": "(id = mk.movie_id)",
                      "Rows Removed by Index Recheck": 0,
                      "Filter": "((kind_id < 7) AND (production_year = 2004))",
                      "Rows Removed by Filter": 1
                    }
                  ]
                }
              ]
            }
          ]
        }
      ]
    },
    "Planning Time": 0.348,
    "Triggers": [],
    "Execution Time": 52.029
  }
]