[
  {
    "Plan": {
      "Node Type": "Aggregate",
      "Strategy": "Plain",
      "Partial Mode": "Finalize",
      "Parallel Aware": false,
      "Startup Cost": 69202.49,
      "Total Cost": 69202.5,
      "Plan Rows": 1,
      "Plan Width": 8,
      "Actual Startup Time": 93.08,
      "Actual Total Time": 104.51,
      "Actual Rows": 1,
      "Actual Loops": 1,
      "Plans": [
        {
          "Node Type": "Gather",
          "Parent Relationship": "Outer",
          "Parallel Aware": false,
          "Startup Cost": 69202.07,
          "Total Cost": 69202.48,
          "Plan Rows": 4,
          "Plan Width": 8,
          "Actual Startup Time": 92.889,
          "Actual Total Time": 104.489,
          "Actual Rows": 5,
          "Actual Loops": 1,
          "Workers Planned": 4,
          "Workers Launched": 4,
          "Single Copy": false,
          "Plans": [
            {
              "Node Type": "Aggregate",
              "Strategy": "Plain",
              "Partial Mode": "Partial",
              "Parent Relationship": "Outer",
              "Parallel Aware": false,
              "Startup Cost": 68202.07,
              "Total Cost": 68202.08,
              "Plan Rows": 1,
              "Plan Width": 8,
              "Actual Startup Time": 87.544,
              "Actual Total Time": 87.546,
              "Actual Rows": 1,
              "Actual Loops": 5,
              "Plans": [
                {
                  "Node Type": "Nested Loop",
                  "Parent Relationship": "Outer",
                  "Parallel Aware": false,
                  "Join Type": "Inner",
                  "Startup Cost": 0.43,
                  "Total Cost": 68197.02,
                  "Plan Rows": 2020,
                  "Plan Width": 0,
                  "Actual Startup Time": 1.917,
                  "Actual Total Time": 87.504,
                  "Actual Rows": 377,
                  "Actual Loops": 5,
                  "Inner Unique": false,
                  "Plans": [
                    {
                      "Node Type": "Seq Scan",
                      "Parent Relationship": "Outer",
                      "Parallel Aware": true,
                      "Relation Name": "title",
                      "Alias": "t",
                      "Startup Cost": 0.0,
                      "Total Cost": 45479.59,
                      "Plan Rows": 2866,
                      "Plan Width": 4,
                      "Actual Startup Time": 0.127,
                      "Actual Total Time": 77.84,
                      "Actual Rows": 2123,
                      "Actual Loops": 5,
                      "Filter": "((kind_id = 7) AND (production_year = 1985))",
                      "Rows Removed by Filter": 503540
                    },
                    {
                      "Node Type": "Index Scan",
                      "Parent Relationship": "Inner",
                      "Parallel Aware": false,
                      "Scan Direction": "Forward",
                      "Index Name": "movie_id_movie_keyword",
                      "Relation Name": "movie_keyword",
                      "Alias": "mk",
                      "Startup Cost": 0.43,
                      "Total Cost": 7.75,
                      "Plan Rows": 18,
                      "Plan Width": 4,
                      "Actual Startup Time": 0.004,
                      "Actual Total Time": 0.004,
                      "Actual Rows": 0,
                      "Actual Loops": 10614,
                      "Index Cond": "(movie_id = t.id)",
                      "Rows Removed by Index Recheck": 0,
                      "Filter": "(keyword_id < 2891)",
                      "Rows Removed by Filter": 0
                    }
                  ]
                }
              ]
            }
          ]
        }
      ]
    },
    "Planning Time": 0.211,
    "Triggers": [],
    "Execution Time": 104.55
  }
]