{
    "Plan": {
        "Node Type": "Aggregate",
        "Strategy": "Plain",
        "Partial Mode": "Simple",
        "Parallel Aware": false,
        "Startup Cost": 50015697255.93,
        "Total Cost": 50015697255.94,
        "Plan Rows": 1,
        "Plan Width": 64,
        "Actual Startup Time": 21350.377,
        "Actual Total Time": 21350.386,
        "Actual Rows": 1,
        "Actual Loops": 1,
        "Output": [
            "min(chn.name)",
            "min(t.title)"
        ],
        "Plans": [
            {
                "Node Type": "Hash Join",
                "Parent Relationship": "Outer",
                "Parallel Aware": false,
                "Join Type": "Inner",
                "Startup Cost": 50015693754.0,
                "Total Cost": 50015696261.62,
                "Plan Rows": 198862,
                "Plan Width": 33,
                "Actual Startup Time": 21330.765,
                "Actual Total Time": 21341.414,
                "Actual Rows": 128526,
                "Actual Loops": 1,
                "Output": [
                    "chn.name",
                    "t.title"
                ],
                "Inner Unique": false,
                "Hash Cond": "(ct.id = mc.company_type_id)",
                "Plans": [
                    {
                        "Node Type": "Index Scan",
                        "Parent Relationship": "Outer",
                        "Parallel Aware": false,
                        "Scan Direction": "Forward",
                        "Index Name": "company_type_pkey",
                        "Relation Name": "company_type",
                        "Schema": "public",
                        "Alias": "ct",
                        "Startup Cost": 10000000000.13,
                        "Total Cost": 10000000012.19,
                        "Plan Rows": 4,
                        "Plan Width": 4,
                        "Actual Startup Time": 0.049,
                        "Actual Total Time": 0.055,
                        "Actual Rows": 4,
                        "Actual Loops": 1,
                        "Output": [
                            "ct.id",
                            "ct.kind"
                        ]
                    },
                    {
                        "Node Type": "Hash",
                        "Parent Relationship": "Inner",
                        "Parallel Aware": false,
                        "Startup Cost": 40015691268.09,
                        "Total Cost": 40015691268.09,
                        "Plan Rows": 198862,
                        "Plan Width": 37,
                        "Actual Startup Time": 21330.329,
                        "Actual Total Time": 21330.337,
                        "Actual Rows": 128526,
                        "Actual Loops": 1,
                        "Output": [
                            "chn.name",
                            "mc.company_type_id",
                            "t.title"
                        ],
                        "Hash Buckets": 262144,
                        "Original Hash Buckets": 262144,
                        "Hash Batches": 1,
                        "Original Hash Batches": 1,
                        "Peak Memory Usage": 11064,
                        "Plans": [
                            {
                                "Node Type": "Hash Join",
                                "Parent Relationship": "Outer",
                                "Parallel Aware": false,
                                "Join Type": "Inner",
                                "Startup Cost": 40015686295.39,
                                "Total Cost": 40015691268.09,
                                "Plan Rows": 198862,
                                "Plan Width": 37,
                                "Actual Startup Time": 21298.992,
                                "Actual Total Time": 21311.928,
                                "Actual Rows": 128526,
                                "Actual Loops": 1,
                                "Output": [
                                    "chn.name",
                                    "mc.company_type_id",
                                    "t.title"
                                ],
                                "Inner Unique": false,
                                "Hash Cond": "(rt.id = ci.role_id)",
                                "Plans": [
                                    {
                                        "Node Type": "Seq Scan",
                                        "Parent Relationship": "Outer",
                                        "Parallel Aware": false,
                                        "Relation Name": "role_type",
                                        "Schema": "public",
                                        "Alias": "rt",
                                        "Startup Cost": 10000000000.0,
                                        "Total Cost": 10000000001.12,
                                        "Plan Rows": 12,
                                        "Plan Width": 4,
                                        "Actual Startup Time": 0.022,
                                        "Actual Total Time": 0.027,
                                        "Actual Rows": 12,
                                        "Actual Loops": 1,
                                        "Output": [
                                            "rt.id",
                                            "rt.role"
                                        ]
                                    },
                                    {
                                        "Node Type": "Hash",
                                        "Parent Relationship": "Inner",
                                        "Parallel Aware": false,
                                        "Startup Cost": 30015683809.62,
                                        "Total Cost": 30015683809.62,
                                        "Plan Rows": 198862,
                                        "Plan Width": 41,
                                        "Actual Startup Time": 21298.473,
                                        "Actual Total Time": 21298.48,
                                        "Actual Rows": 128526,
                                        "Actual Loops": 1,
                                        "Output": [
                                            "chn.name",
                                            "ci.role_id",
                                            "mc.company_type_id",
                                            "t.title"
                                        ],
                                        "Hash Buckets": 262144,
                                        "Original Hash Buckets": 262144,
                                        "Hash Batches": 1,
                                        "Original Hash Batches": 1,
                                        "Peak Memory Usage": 11566,
                                        "Plans": [
                                            {
                                                "Node Type": "Hash Join",
                                                "Parent Relationship": "Outer",
                                                "Parallel Aware": false,
                                                "Join Type": "Inner",
                                                "Startup Cost": 30000883349.77,
                                                "Total Cost": 30015683809.62,
                                                "Plan Rows": 198862,
                                                "Plan Width": 41,
                                                "Actual Startup Time": 6003.782,
                                                "Actual Total Time": 21272.006,
                                                "Actual Rows": 128526,
                                                "Actual Loops": 1,
                                                "Output": [
                                                    "chn.name",
                                                    "ci.role_id",
                                                    "mc.company_type_id",
                                                    "t.title"
                                                ],
                                                "Inner Unique": true,
                                                "Hash Cond": "(ci.person_role_id = chn.id)",
                                                "Plans": [
                                                    {
                                                        "Node Type": "Hash Join",
                                                        "Parent Relationship": "Outer",
                                                        "Parallel Aware": false,
                                                        "Join Type": "Inner",
                                                        "Startup Cost": 30000715381.3,
                                                        "Total Cost": 30015515319.13,
                                                        "Plan Rows": 198862,
                                                        "Plan Width": 29,
                                                        "Actual Startup Time": 3169.981,
                                                        "Actual Total Time": 18370.728,
                                                        "Actual Rows": 137432,
                                                        "Actual Loops": 1,
                                                        "Output": [
                                                            "ci.person_role_id",
                                                            "ci.role_id",
                                                            "mc.company_type_id",
                                                            "t.title"
                                                        ],
                                                        "Inner Unique": false,
                                                        "Hash Cond": "(t.id = ci.movie_id)",
                                                        "Plans": [
                                                            {
                                                                "Node Type": "Nested Loop",
                                                                "Parent Relationship": "Outer",
                                                                "Parallel Aware": false,
                                                                "Join Type": "Inner",
                                                                "Startup Cost": 20000000001.31,
                                                                "Total Cost": 20014786893.97,
                                                                "Plan Rows": 246059,
                                                                "Plan Width": 29,
                                                                "Actual Startup Time": 0.085,
                                                                "Actual Total Time": 15043.863,
                                                                "Actual Rows": 218034,
                                                                "Actual Loops": 1,
                                                                "Output": [
                                                                    "mc.movie_id",
                                                                    "mc.company_type_id",
                                                                    "t.title",
                                                                    "t.id"
                                                                ],
                                                                "Inner Unique": true,
                                                                "Plans": [
                                                                    {
                                                                        "Node Type": "Nested Loop",
                                                                        "Parent Relationship": "Outer",
                                                                        "Parallel Aware": false,
                                                                        "Join Type": "Inner",
                                                                        "Startup Cost": 10000000000.88,
                                                                        "Total Cost": 10011738637.5,
                                                                        "Plan Rows": 685913,
                                                                        "Plan Width": 33,
                                                                        "Actual Startup Time": 0.063,
                                                                        "Actual Total Time": 12416.363,
                                                                        "Actual Rows": 524576,
                                                                        "Actual Loops": 1,
                                                                        "Output": [
                                                                            "mc.movie_id",
                                                                            "mc.company_id",
                                                                            "mc.company_type_id",
                                                                            "t.title",
                                                                            "t.id"
                                                                        ],
                                                                        "Inner Unique": true,
                                                                        "Plans": [
                                                                            {
                                                                                "Node Type": "Index Scan",
                                                                                "Parent Relationship": "Outer",
                                                                                "Parallel Aware": false,
                                                                                "Scan Direction": "Forward",
                                                                                "Index Name": "company_type_id_movie_companies",
                                                                                "Relation Name": "movie_companies",
                                                                                "Schema": "public",
                                                                                "Alias": "mc",
                                                                                "Startup Cost": 0.43,
                                                                                "Total Cost": 84830.36,
                                                                                "Plan Rows": 2609129,
                                                                                "Plan Width": 12,
                                                                                "Actual Startup Time": 0.024,
                                                                                "Actual Total Time": 723.961,
                                                                                "Actual Rows": 2609129,
                                                                                "Actual Loops": 1,
                                                                                "Output": [
                                                                                    "mc.id",
                                                                                    "mc.movie_id",
                                                                                    "mc.company_id",
                                                                                    "mc.company_type_id",
                                                                                    "mc.note"
                                                                                ]
                                                                            },
                                                                            {
                                                                                "Node Type": "Bitmap Heap Scan",
                                                                                "Parent Relationship": "Inner",
                                                                                "Parallel Aware": false,
                                                                                "Relation Name": "title",
                                                                                "Schema": "public",
                                                                                "Alias": "t",
                                                                                "Startup Cost": 0.45,
                                                                                "Total Cost": 4.47,
                                                                                "Plan Rows": 1,
                                                                                "Plan Width": 21,
                                                                                "Actual Startup Time": 0.003,
                                                                                "Actual Total Time": 0.003,
                                                                                "Actual Rows": 0,
                                                                                "Actual Loops": 2609129,
                                                                                "Output": [
                                                                                    "t.id",
                                                                                    "t.title",
                                                                                    "t.imdb_index",
                                                                                    "t.kind_id",
                                                                                    "t.production_year",
                                                                                    "t.imdb_id",
                                                                                    "t.phonetic_code",
                                                                                    "t.episode_of_id",
                                                                                    "t.season_nr",
                                                                                    "t.episode_nr",
                                                                                    "t.series_years",
                                                                                    "t.md5sum"
                                                                                ],
                                                                                "Recheck Cond": "(t.id = mc.movie_id)",
                                                                                "Rows Removed by Index Recheck": 0,
                                                                                "Filter": "(t.production_year > 2008)",
                                                                                "Rows Removed by Filter": 1,
                                                                                "Exact Heap Blocks": 2609129,
                                                                                "Lossy Heap Blocks": 0,
                                                                                "Plans": [
                                                                                    {
                                                                                        "Node Type": "Bitmap Index Scan",
                                                                                        "Parent Relationship": "Outer",
                                                                                        "Parallel Aware": false,
                                                                                        "Index Name": "title_pkey",
                                                                                        "Startup Cost": 0.0,
                                                                                        "Total Cost": 0.45,
                                                                                        "Plan Rows": 1,
                                                                                        "Plan Width": 0,
                                                                                        "Actual Startup Time": 0.002,
                                                                                        "Actual Total Time": 0.002,
                                                                                        "Actual Rows": 1,
                                                                                        "Actual Loops": 2609129,
                                                                                        "Index Cond": "(t.id = mc.movie_id)"
                                                                                    }
                                                                                ]
                                                                            }
                                                                        ]
                                                                    },
                                                                    {
                                                                        "Node Type": "Bitmap Heap Scan",
                                                                        "Parent Relationship": "Inner",
                                                                        "Parallel Aware": false,
                                                                        "Relation Name": "company_name",
                                                                        "Schema": "public",
                                                                        "Alias": "cn",
                                                                        "Startup Cost": 0.43,
                                                                        "Total Cost": 4.44,
                                                                        "Plan Rows": 1,
                                                                        "Plan Width": 4,
                                                                        "Actual Startup Time": 0.003,
                                                                        "Actual Total Time": 0.003,
                                                                        "Actual Rows": 0,
                                                                        "Actual Loops": 524576,
                                                                        "Output": [
                                                                            "cn.id",
                                                                            "cn.name",
                                                                            "cn.country_code",
                                                                            "cn.imdb_id",
                                                                            "cn.name_pcode_nf",
                                                                            "cn.name_pcode_sf",
                                                                            "cn.md5sum"
                                                                        ],
                                                                        "Recheck Cond": "(cn.id = mc.company_id)",
                                                                        "Rows Removed by Index Recheck": 0,
                                                                        "Filter": "((cn.country_code)::text = '[us]'::text)",
                                                                        "Rows Removed by Filter": 1,
                                                                        "Exact Heap Blocks": 524576,
                                                                        "Lossy Heap Blocks": 0,
                                                                        "Plans": [
                                                                            {
                                                                                "Node Type": "Bitmap Index Scan",
                                                                                "Parent Relationship": "Outer",
                                                                                "Parallel Aware": false,
                                                                                "Index Name": "company_name_pkey",
                                                                                "Startup Cost": 0.0,
                                                                                "Total Cost": 0.43,
                                                                                "Plan Rows": 1,
                                                                                "Plan Width": 0,
                                                                                "Actual Startup Time": 0.002,
                                                                                "Actual Total Time": 0.002,
                                                                                "Actual Rows": 1,
                                                                                "Actual Loops": 524576,
                                                                                "Index Cond": "(cn.id = mc.company_id)"
                                                                            }
                                                                        ]
                                                                    }
                                                                ]
                                                            },
                                                            {
                                                                "Node Type": "Hash",
                                                                "Parent Relationship": "Inner",
                                                                "Parallel Aware": false,
                                                                "Startup Cost": 10000705846.7,
                                                                "Total Cost": 10000705846.7,
                                                                "Plan Rows": 762663,
                                                                "Plan Width": 12,
                                                                "Actual Startup Time": 3168.513,
                                                                "Actual Total Time": 3168.514,
                                                                "Actual Rows": 790340,
                                                                "Actual Loops": 1,
                                                                "Output": [
                                                                    "ci.movie_id",
                                                                    "ci.person_role_id",
                                                                    "ci.role_id"
                                                                ],
                                                                "Hash Buckets": 1048576,
                                                                "Original Hash Buckets": 1048576,
                                                                "Hash Batches": 1,
                                                                "Original Hash Batches": 1,
                                                                "Peak Memory Usage": 41878,
                                                                "Plans": [
                                                                    {
                                                                        "Node Type": "Seq Scan",
                                                                        "Parent Relationship": "Outer",
                                                                        "Parallel Aware": false,
                                                                        "Relation Name": "cast_info",
                                                                        "Schema": "public",
                                                                        "Alias": "ci",
                                                                        "Startup Cost": 10000000000.0,
                                                                        "Total Cost": 10000705846.7,
                                                                        "Plan Rows": 762663,
                                                                        "Plan Width": 12,
                                                                        "Actual Startup Time": 0.024,
                                                                        "Actual Total Time": 3003.436,
                                                                        "Actual Rows": 790340,
                                                                        "Actual Loops": 1,
                                                                        "Output": [
                                                                            "ci.movie_id",
                                                                            "ci.person_role_id",
                                                                            "ci.role_id"
                                                                        ],
                                                                        "Filter": "(ci.note ~~ '%(voice)%'::text)",
                                                                        "Rows Removed by Filter": 35454004
                                                                    }
                                                                ]
                                                            }
                                                        ]
                                                    },
                                                    {
                                                        "Node Type": "Hash",
                                                        "Parent Relationship": "Inner",
                                                        "Parallel Aware": false,
                                                        "Startup Cost": 128715.63,
                                                        "Total Cost": 128715.63,
                                                        "Plan Rows": 3140227,
                                                        "Plan Width": 20,
                                                        "Actual Startup Time": 2827.547,
                                                        "Actual Total Time": 2827.547,
                                                        "Actual Rows": 3140339,
                                                        "Actual Loops": 1,
                                                        "Output": [
                                                            "chn.name",
                                                            "chn.id"
                                                        ],
                                                        "Hash Buckets": 4194304,
                                                        "Original Hash Buckets": 4194304,
                                                        "Hash Batches": 1,
                                                        "Original Hash Batches": 1,
                                                        "Peak Memory Usage": 198037,
                                                        "Plans": [
                                                            {
                                                                "Node Type": "Index Scan",
                                                                "Parent Relationship": "Outer",
                                                                "Parallel Aware": false,
                                                                "Scan Direction": "Forward",
                                                                "Index Name": "char_name_pkey",
                                                                "Relation Name": "char_name",
                                                                "Schema": "public",
                                                                "Alias": "chn",
                                                                "Startup Cost": 0.43,
                                                                "Total Cost": 128715.63,
                                                                "Plan Rows": 3140227,
                                                                "Plan Width": 20,
                                                                "Actual Startup Time": 0.044,
                                                                "Actual Total Time": 1765.031,
                                                                "Actual Rows": 3140339,
                                                                "Actual Loops": 1,
                                                                "Output": [
                                                                    "chn.name",
                                                                    "chn.id"
                                                                ]
                                                            }
                                                        ]
                                                    }
                                                ]
                                            }
                                        ]
                                    }
                                ]
                            }
                        ]
                    }
                ]
            }
        ]
    },
    "Planning Time": 3.585,
    "Triggers": [],
    "Execution Time": 21352.768
}