[
    {
        "Bao": {
            "Bao prediction": "NaN",
            "Bao recommended hint": "(no hint)"
        }
    },
    {
        "Plan": {
            "Node Type": "Aggregate",
            "Strategy": "Plain",
            "Partial Mode": "Finalize",
            "Parallel Aware": false,
            "Startup Cost": 33349.33,
            "Total Cost": 33349.34,
            "Plan Rows": 1,
            "Plan Width": 8,
            "Actual Startup Time": 101.751,
            "Actual Total Time": 107.656,
            "Actual Rows": 1,
            "Actual Loops": 1,
            "Output": [
                "count(*)"
            ],
            "Plans": [
                {
                    "Node Type": "Gather",
                    "Parent Relationship": "Outer",
                    "Parallel Aware": false,
                    "Startup Cost": 33349.01,
                    "Total Cost": 33349.32,
                    "Plan Rows": 3,
                    "Plan Width": 8,
                    "Actual Startup Time": 101.651,
                    "Actual Total Time": 107.65,
                    "Actual Rows": 4,
                    "Actual Loops": 1,
                    "Output": [
                        "(PARTIAL count(*))"
                    ],
                    "Workers Planned": 3,
                    "Workers Launched": 3,
                    "Single Copy": false,
                    "Plans": [
                        {
                            "Node Type": "Aggregate",
                            "Strategy": "Plain",
                            "Partial Mode": "Partial",
                            "Parent Relationship": "Outer",
                            "Parallel Aware": false,
                            "Startup Cost": 32349.01,
                            "Total Cost": 32349.02,
                            "Plan Rows": 1,
                            "Plan Width": 8,
                            "Actual Startup Time": 93.335,
                            "Actual Total Time": 93.336,
                            "Actual Rows": 1,
                            "Actual Loops": 4,
                            "Output": [
                                "PARTIAL count(*)"
                            ],
                            "Workers": [
                                {
                                    "Worker Number": 0,
                                    "Actual Startup Time": 90.599,
                                    "Actual Total Time": 90.6,
                                    "Actual Rows": 1,
                                    "Actual Loops": 1
                                },
                                {
                                    "Worker Number": 1,
                                    "Actual Startup Time": 90.596,
                                    "Actual Total Time": 90.597,
                                    "Actual Rows": 1,
                                    "Actual Loops": 1
                                },
                                {
                                    "Worker Number": 2,
                                    "Actual Startup Time": 91.025,
                                    "Actual Total Time": 91.026,
                                    "Actual Rows": 1,
                                    "Actual Loops": 1
                                }
                            ],
                            "Plans": [
                                {
                                    "Node Type": "Seq Scan",
                                    "Parent Relationship": "Outer",
                                    "Parallel Aware": true,
                                    "Relation Name": "movie_companies",
                                    "Schema": "public",
                                    "Alias": "mc",
                                    "Startup Cost": 0.0,
                                    "Total Cost": 31414.82,
                                    "Plan Rows": 373677,
                                    "Plan Width": 0,
                                    "Actual Startup Time": 45.956,
                                    "Actual Total Time": 80.84,
                                    "Actual Rows": 316443,
                                    "Actual Loops": 4,
                                    "Output": [
                                        "id",
                                        "movie_id",
                                        "company_id",
                                        "company_type_id",
                                        "note"
                                    ],
                                    "Filter": "((mc.company_id > 160) AND (mc.company_type_id > 1))",
                                    "Rows Removed by Filter": 335840,
                                    "Workers": [
                                        {
                                            "Worker Number": 0,
                                            "Actual Startup Time": 43.222,
                                            "Actual Total Time": 78.446,
                                            "Actual Rows": 300683,
                                            "Actual Loops": 1
                                        },
                                        {
                                            "Worker Number": 1,
                                            "Actual Startup Time": 43.22,
                                            "Actual Total Time": 78.461,
                                            "Actual Rows": 298799,
                                            "Actual Loops": 1
                                        },
                                        {
                                            "Worker Number": 2,
                                            "Actual Startup Time": 43.65,
                                            "Actual Total Time": 78.671,
                                            "Actual Rows": 305342,
                                            "Actual Loops": 1
                                        }
                                    ]
                                }
                            ]
                        }
                    ]
                }
            ]
        },
        "Planning Time": 205.116,
        "Triggers": [],
        "Execution Time": 107.729
    }
]