[
  {
    "Plan": {
      "Node Type": "Aggregate",
      "Strategy": "Plain",
      "Partial Mode": "Finalize",
      "Parallel Aware": false,
      "Startup Cost": 347700.75,
      "Total Cost": 347700.76,
      "Plan Rows": 1,
      "Plan Width": 8,
      "Actual Startup Time": 656.928,
      "Actual Total Time": 718.824,
      "Actual Rows": 1,
      "Actual Loops": 1,
      "Plans": [
        {
          "Node Type": "Gather",
          "Parent Relationship": "Outer",
          "Parallel Aware": false,
          "Startup Cost": 347700.12,
          "Total Cost": 347700.73,
          "Plan Rows": 6,
          "Plan Width": 8,
          "Actual Startup Time": 656.818,
          "Actual Total Time": 718.814,
          "Actual Rows": 7,
          "Actual Loops": 1,
          "Workers Planned": 6,
          "Workers Launched": 6,
          "Single Copy": false,
          "Plans": [
            {
              "Node Type": "Aggregate",
              "Strategy": "Plain",
              "Partial Mode": "Partial",
              "Parent Relationship": "Outer",
              "Parallel Aware": false,
              "Startup Cost": 346700.12,
              "Total Cost": 346700.13,
              "Plan Rows": 1,
              "Plan Width": 8,
              "Actual Startup Time": 645.784,
              "Actual Total Time": 645.785,
              "Actual Rows": 1,
              "Actual Loops": 7,
              "Plans": [
                {
                  "Node Type": "Seq Scan",
                  "Parent Relationship": "Outer",
                  "Parallel Aware": true,
                  "Relation Name": "cast_info",
                  "Alias": "ci",
                  "Startup Cost": 0.0,
                  "Total Cost": 343257.03,
                  "Plan Rows": 1377237,
                  "Plan Width": 0,
                  "Actual Startup Time": 233.765,
                  "Actual Total Time": 623.355,
                  "Actual Rows": 498413,
                  "Actual Loops": 7,
                  "Filter": "((person_id < 1242215) AND (role_id > 1))",
                  "Rows Removed by Filter": 4679351
                }
              ]
            }
          ]
        }
      ]
    },
    "Planning Time": 0.233,
    "Triggers": [],
    "Execution Time": 718.902
  }
]