[
  {
    "Plan": {
      "Node Type": "Aggregate",
      "Strategy": "Plain",
      "Partial Mode": "Finalize",
      "Parallel Aware": false,
      "Startup Cost": 24469.06,
      "Total Cost": 24469.07,
      "Plan Rows": 1,
      "Plan Width": 8,
      "Actual Startup Time": 11.501,
      "Actual Total Time": 13.984,
      "Actual Rows": 1,
      "Actual Loops": 1,
      "Plans": [
        {
          "Node Type": "Gather",
          "Parent Relationship": "Outer",
          "Parallel Aware": false,
          "Startup Cost": 24468.94,
          "Total Cost": 24469.05,
          "Plan Rows": 1,
          "Plan Width": 8,
          "Actual Startup Time": 11.411,
          "Actual Total Time": 13.977,
          "Actual Rows": 2,
          "Actual Loops": 1,
          "Workers Planned": 1,
          "Workers Launched": 1,
          "Single Copy": false,
          "Plans": [
            {
              "Node Type": "Aggregate",
              "Strategy": "Plain",
              "Partial Mode": "Partial",
              "Parent Relationship": "Outer",
              "Parallel Aware": false,
              "Startup Cost": 23468.94,
              "Total Cost": 23468.95,
              "Plan Rows": 1,
              "Plan Width": 8,
              "Actual Startup Time": 9.171,
              "Actual Total Time": 9.173,
              "Actual Rows": 1,
              "Actual Loops": 2,
              "Plans": [
                {
                  "Node Type": "Nested Loop",
                  "Parent Relationship": "Outer",
                  "Parallel Aware": false,
                  "Join Type": "Inner",
                  "Startup Cost": 74.47,
                  "Total Cost": 23466.65,
                  "Plan Rows": 919,
                  "Plan Width": 0,
                  "Actual Startup Time": 0.663,
                  "Actual Total Time": 9.113,
                  "Actual Rows": 302,
                  "Actual Loops": 2,
                  "Inner Unique": true,
                  "Plans": [
                    {
                      "Node Type": "Bitmap Heap Scan",
                      "Parent Relationship": "Outer",
                      "Parallel Aware": true,
                      "Relation Name": "movie_companies",
                      "Alias": "mc",
                      "Startup Cost": 74.04,
                      "Total Cost": 8585.64,
                      "Plan Rows": 1944,
                      "Plan Width": 4,
                      "Actual Startup Time": 0.566,
                      "Actual Total Time": 1.52,
                      "Actual Rows": 1124,
                      "Actual Loops": 2,
                      "Recheck Cond": "(company_id = 21)",
                      "Rows Removed by Index Recheck": 0,
                      "Exact Heap Blocks": 334,
                      "Lossy Heap Blocks": 0,
                      "Plans": [
                        {
                          "Node Type": "Bitmap Index Scan",
                          "Parent Relationship": "Outer",
                          "Parallel Aware": false,
                          "Index Name": "company_id_movie_companies",
                          "Startup Cost": 0.0,
                          "Total Cost": 73.22,
                          "Plan Rows": 3305,
                          "Plan Width": 0,
                          "Actual Startup Time": 1.015,
                          "Actual Total Time": 1.016,
                          "Actual Rows": 2248,
                          "Actual Loops": 1,
                          "Index Cond": "(company_id = 21)"
                        }
                      ]
                    },
                    {
                      "Node Type": "Index Scan",
                      "Parent Relationship": "Inner",
                      "Parallel Aware": false,
                      "Scan Direction": "Forward",
                      "Index Name": "title_pkey",
                      "Relation Name": "title",
                      "Alias": "t",
                      "Startup Cost": 0.43,
                      "Total Cost": 7.65,
                      "Plan Rows": 1,
                      "Plan Width": 4,
                      "Actual Startup Time": 0.006,
                      "Actual Total Time": 0.006,
                      "Actual Rows": 0,
                      "Actual Loops": 2248,
                      "Index Cond": "(id = mc.movie_id)",
                      "Rows Removed by Index Recheck": 0,
                      "Filter": "(production_year > 2003)",
                      "Rows Removed by Filter": 1
                    }
                  ]
                }
              ]
            }
          ]
        }
      ]
    },
    "Planning Time": 0.333,
    "Triggers": [],
    "Execution Time": 14.036
  }
]