[
  {
    "Plan": {
      "Node Type": "Aggregate",
      "Strategy": "Plain",
      "Partial Mode": "Finalize",
      "Parallel Aware": false,
      "Startup Cost": 31411.62,
      "Total Cost": 31411.63,
      "Plan Rows": 1,
      "Plan Width": 8,
      "Actual Startup Time": 105.575,
      "Actual Total Time": 113.556,
      "Actual Rows": 1,
      "Actual Loops": 1,
      "Plans": [
        {
          "Node Type": "Gather",
          "Parent Relationship": "Outer",
          "Parallel Aware": false,
          "Startup Cost": 31411.3,
          "Total Cost": 31411.61,
          "Plan Rows": 3,
          "Plan Width": 8,
          "Actual Startup Time": 105.456,
          "Actual Total Time": 113.548,
          "Actual Rows": 4,
          "Actual Loops": 1,
          "Workers Planned": 3,
          "Workers Launched": 3,
          "Single Copy": false,
          "Plans": [
            {
              "Node Type": "Aggregate",
              "Strategy": "Plain",
              "Partial Mode": "Partial",
              "Parent Relationship": "Outer",
              "Parallel Aware": false,
              "Startup Cost": 30411.3,
              "Total Cost": 30411.31,
              "Plan Rows": 1,
              "Plan Width": 8,
              "Actual Startup Time": 99.563,
              "Actual Total Time": 99.564,
              "Actual Rows": 1,
              "Actual Loops": 4,
              "Plans": [
                {
                  "Node Type": "Seq Scan",
                  "Parent Relationship": "Outer",
                  "Parallel Aware": true,
                  "Relation Name": "movie_companies",
                  "Alias": "mc",
                  "Startup Cost": 0.0,
                  "Total Cost": 29310.68,
                  "Plan Rows": 440247,
                  "Plan Width": 0,
                  "Actual Startup Time": 20.409,
                  "Actual Total Time": 83.717,
                  "Actual Rows": 343746,
                  "Actual Loops": 4,
                  "Filter": "(company_id > 11143)",
                  "Rows Removed by Filter": 308536
                }
              ]
            }
          ]
        }
      ]
    },
    "Planning Time": 0.198,
    "Triggers": [],
    "Execution Time": 113.618
  }
]