[
  {
    "Plan": {
      "Node Type": "Aggregate",
      "Strategy": "Plain",
      "Partial Mode": "Finalize",
      "Parallel Aware": false,
      "Startup Cost": 345378.83,
      "Total Cost": 345378.84,
      "Plan Rows": 1,
      "Plan Width": 8,
      "Actual Startup Time": 404.495,
      "Actual Total Time": 436.705,
      "Actual Rows": 1,
      "Actual Loops": 1,
      "Plans": [
        {
          "Node Type": "Gather",
          "Parent Relationship": "Outer",
          "Parallel Aware": false,
          "Startup Cost": 345378.2,
          "Total Cost": 345378.81,
          "Plan Rows": 6,
          "Plan Width": 8,
          "Actual Startup Time": 404.36,
          "Actual Total Time": 436.688,
          "Actual Rows": 7,
          "Actual Loops": 1,
          "Workers Planned": 6,
          "Workers Launched": 6,
          "Single Copy": false,
          "Plans": [
            {
              "Node Type": "Aggregate",
              "Strategy": "Plain",
              "Partial Mode": "Partial",
              "Parent Relationship": "Outer",
              "Parallel Aware": false,
              "Startup Cost": 344378.2,
              "Total Cost": 344378.21,
              "Plan Rows": 1,
              "Plan Width": 8,
              "Actual Startup Time": 396.767,
              "Actual Total Time": 396.769,
              "Actual Rows": 1,
              "Actual Loops": 7,
              "Plans": [
                {
                  "Node Type": "Index Scan",
                  "Parent Relationship": "Outer",
                  "Parallel Aware": true,
                  "Scan Direction": "Forward",
                  "Index Name": "role_id_cast_info",
                  "Relation Name": "cast_info",
                  "Alias": "ci",
                  "Startup Cost": 0.56,
                  "Total Cost": 341155.22,
                  "Plan Rows": 1289193,
                  "Plan Width": 0,
                  "Actual Startup Time": 307.182,
                  "Actual Total Time": 380.032,
                  "Actual Rows": 334265,
                  "Actual Loops": 7,
                  "Index Cond": "(role_id = 1)",
                  "Rows Removed by Index Recheck": 0,
                  "Filter": "(person_id > 1408992)",
                  "Rows Removed by Filter": 1475834
                }
              ]
            }
          ]
        }
      ]
    },
    "Planning Time": 0.192,
    "Triggers": [],
    "Execution Time": 436.771
  }
]