{
  "Plan": {
    "Node Type": "Aggregate",
    "Strategy": "Plain",
    "Partial Mode": "Finalize",
    "Parallel Aware": false,
    "Startup Cost": 380414.88,
    "Total Cost": 380414.89,
    "Plan Rows": 1,
    "Plan Width": 64,
    "Actual Startup Time": 15114.006,
    "Actual Total Time": 15159.671,
    "Actual Rows": 1,
    "Actual Loops": 1,
    "Plans": [
      {
        "Node Type": "Gather",
        "Parent Relationship": "Outer",
        "Parallel Aware": false,
        "Startup Cost": 380414.76,
        "Total Cost": 380414.87,
        "Plan Rows": 1,
        "Plan Width": 64,
        "Actual Startup Time": 15113.998,
        "Actual Total Time": 15159.663,
        "Actual Rows": 1,
        "Actual Loops": 1,
        "Workers Planned": 1,
        "Workers Launched": 0,
        "Single Copy": false,
        "Plans": [
          {
            "Node Type": "Aggregate",
            "Strategy": "Plain",
            "Partial Mode": "Partial",
            "Parent Relationship": "Outer",
            "Parallel Aware": false,
            "Startup Cost": 379414.76,
            "Total Cost": 379414.77,
            "Plan Rows": 1,
            "Plan Width": 64,
            "Actual Startup Time": 15112.993,
            "Actual Total Time": 15113.003,
            "Actual Rows": 1,
            "Actual Loops": 1,
            "Plans": [
              {
                "Node Type": "Nested Loop",
                "Parent Relationship": "Outer",
                "Parallel Aware": false,
                "Join Type": "Inner",
                "Startup Cost": 290115.22,
                "Total Cost": 379395.41,
                "Plan Rows": 3871,
                "Plan Width": 33,
                "Actual Startup Time": 5985.555,
                "Actual Total Time": 15011.144,
                "Actual Rows": 873088,
                "Actual Loops": 1,
                "Inner Unique": false,
                "Join Filter": "(n1.id = a1.person_id)",
                "Rows Removed by Join Filter": 0,
                "Plans": [
                  {
                    "Node Type": "Nested Loop",
                    "Parent Relationship": "Outer",
                    "Parallel Aware": false,
                    "Join Type": "Inner",
                    "Startup Cost": 290114.8,
                    "Total Cost": 370685.47,
                    "Plan Rows": 17899,
                    "Plan Width": 25,
                    "Actual Startup Time": 5985.529,
                    "Actual Total Time": 12773.335,
                    "Actual Rows": 1201113,
                    "Actual Loops": 1,
                    "Inner Unique": true,
                    "Plans": [
                      {
                        "Node Type": "Hash Join",
                        "Parent Relationship": "Outer",
                        "Parallel Aware": true,
                        "Join Type": "Inner",
                        "Startup Cost": 290114.37,
                        "Total Cost": 362536.1,
                        "Plan Rows": 17899,
                        "Plan Width": 21,
                        "Actual Startup Time": 5985.481,
                        "Actual Total Time": 9703.502,
                        "Actual Rows": 1201113,
                        "Actual Loops": 1,
                        "Inner Unique": true,
                        "Hash Cond": "(mc.company_id = cn.id)",
                        "Plans": [
                          {
                            "Node Type": "Hash Join",
                            "Parent Relationship": "Outer",
                            "Parallel Aware": true,
                            "Join Type": "Inner",
                            "Startup Cost": 285374.57,
                            "Total Cost": 352985.17,
                            "Plan Rows": 1832779,
                            "Plan Width": 25,
                            "Actual Startup Time": 5939.808,
                            "Actual Total Time": 8614.872,
                            "Actual Rows": 17728827,
                            "Actual Loops": 1,
                            "Inner Unique": false,
                            "Hash Cond": "(mc.movie_id = ci.movie_id)",
                            "Plans": [
                              {
                                "Node Type": "Seq Scan",
                                "Parent Relationship": "Outer",
                                "Parallel Aware": true,
                                "Relation Name": "movie_companies",
                                "Alias": "mc",
                                "Startup Cost": 0.0,
                                "Total Cost": 34137.82,
                                "Plan Rows": 1534782,
                                "Plan Width": 8,
                                "Actual Startup Time": 0.006,
                                "Actual Total Time": 194.757,
                                "Actual Rows": 2609129,
                                "Actual Loops": 1
                              },
                              {
                                "Node Type": "Hash",
                                "Parent Relationship": "Inner",
                                "Parallel Aware": true,
                                "Startup Cost": 263175.46,
                                "Total Cost": 263175.46,
                                "Plan Rows": 1775929,
                                "Plan Width": 29,
                                "Actual Startup Time": 5900.318,
                                "Actual Total Time": 5900.324,
                                "Actual Rows": 4323018,
                                "Actual Loops": 1,
                                "Hash Buckets": 8388608,
                                "Original Hash Buckets": 4194304,
                                "Hash Batches": 1,
                                "Original Hash Batches": 1,
                                "Peak Memory Usage": 380128,
                                "Plans": [
                                  {
                                    "Node Type": "Hash Join",
                                    "Parent Relationship": "Outer",
                                    "Parallel Aware": false,
                                    "Join Type": "Inner",
                                    "Startup Cost": 185251.58,
                                    "Total Cost": 263175.46,
                                    "Plan Rows": 1775929,
                                    "Plan Width": 29,
                                    "Actual Startup Time": 2055.62,
                                    "Actual Total Time": 4503.786,
                                    "Actual Rows": 4323018,
                                    "Actual Loops": 1,
                                    "Inner Unique": false,
                                    "Hash Cond": "(t.id = ci.movie_id)",
                                    "Plans": [
                                      {
                                        "Node Type": "Seq Scan",
                                        "Parent Relationship": "Outer",
                                        "Parallel Aware": true,
                                        "Relation Name": "title",
                                        "Alias": "t",
                                        "Startup Cost": 0.0,
                                        "Total Cost": 50869.75,
                                        "Plan Rows": 1487175,
                                        "Plan Width": 21,
                                        "Actual Startup Time": 0.018,
                                        "Actual Total Time": 258.844,
                                        "Actual Rows": 2528312,
                                        "Actual Loops": 1
                                      },
                                      {
                                        "Node Type": "Hash",
                                        "Parent Relationship": "Inner",
                                        "Parallel Aware": false,
                                        "Startup Cost": 147513.09,
                                        "Total Cost": 147513.09,
                                        "Plan Rows": 3019079,
                                        "Plan Width": 8,
                                        "Actual Startup Time": 2034.367,
                                        "Actual Total Time": 2034.37,
                                        "Actual Rows": 4323018,
                                        "Actual Loops": 1,
                                        "Hash Buckets": 8388608,
                                        "Original Hash Buckets": 4194304,
                                        "Hash Batches": 1,
                                        "Original Hash Batches": 1,
                                        "Peak Memory Usage": 234404,
                                        "Plans": [
                                          {
                                            "Node Type": "Nested Loop",
                                            "Parent Relationship": "Outer",
                                            "Parallel Aware": false,
                                            "Join Type": "Inner",
                                            "Startup Cost": 0.56,
                                            "Total Cost": 147513.09,
                                            "Plan Rows": 3019079,
                                            "Plan Width": 8,
                                            "Actual Startup Time": 0.095,
                                            "Actual Total Time": 943.172,
                                            "Actual Rows": 4323018,
                                            "Actual Loops": 1,
                                            "Inner Unique": false,
                                            "Plans": [
                                              {
                                                "Node Type": "Seq Scan",
                                                "Parent Relationship": "Outer",
                                                "Parallel Aware": false,
                                                "Relation Name": "role_type",
                                                "Alias": "rt",
                                                "Startup Cost": 0.0,
                                                "Total Cost": 1.15,
                                                "Plan Rows": 1,
                                                "Plan Width": 4,
                                                "Actual Startup Time": 0.024,
                                                "Actual Total Time": 0.031,
                                                "Actual Rows": 1,
                                                "Actual Loops": 1,
                                                "Filter": "((role)::text = 'miscellaneous crew'::text)",
                                                "Rows Removed by Filter": 11
                                              },
                                              {
                                                "Node Type": "Index Scan",
                                                "Parent Relationship": "Inner",
                                                "Parallel Aware": false,
                                                "Scan Direction": "Forward",
                                                "Index Name": "role_id_cast_info",
                                                "Relation Name": "cast_info",
                                                "Alias": "ci",
                                                "Startup Cost": 0.56,
                                                "Total Cost": 114576.53,
                                                "Plan Rows": 3293541,
                                                "Plan Width": 12,
                                                "Actual Startup Time": 0.058,
                                                "Actual Total Time": 582.381,
                                                "Actual Rows": 4323018,
                                                "Actual Loops": 1,
                                                "Index Cond": "(role_id = rt.id)",
                                                "Rows Removed by Index Recheck": 0
                                              }
                                            ]
                                          }
                                        ]
                                      }
                                    ]
                                  }
                                ]
                              }
                            ]
                          },
                          {
                            "Node Type": "Hash",
                            "Parent Relationship": "Inner",
                            "Parallel Aware": true,
                            "Startup Cost": 4722.92,
                            "Total Cost": 4722.92,
                            "Plan Rows": 1350,
                            "Plan Width": 4,
                            "Actual Startup Time": 44.686,
                            "Actual Total Time": 44.687,
                            "Actual Rows": 2340,
                            "Actual Loops": 1,
                            "Hash Buckets": 4096,
                            "Original Hash Buckets": 4096,
                            "Hash Batches": 1,
                            "Original Hash Batches": 1,
                            "Peak Memory Usage": 128,
                            "Plans": [
                              {
                                "Node Type": "Seq Scan",
                                "Parent Relationship": "Outer",
                                "Parallel Aware": true,
                                "Relation Name": "company_name",
                                "Alias": "cn",
                                "Startup Cost": 0.0,
                                "Total Cost": 4722.92,
                                "Plan Rows": 1350,
                                "Plan Width": 4,
                                "Actual Startup Time": 0.045,
                                "Actual Total Time": 43.74,
                                "Actual Rows": 2340,
                                "Actual Loops": 1,
                                "Filter": "((country_code)::text = '[nl]'::text)",
                                "Rows Removed by Filter": 232657
                              }
                            ]
                          }
                        ]
                      },
                      {
                        "Node Type": "Index Only Scan",
                        "Parent Relationship": "Inner",
                        "Parallel Aware": false,
                        "Scan Direction": "Forward",
                        "Index Name": "name_pkey",
                        "Relation Name": "name",
                        "Alias": "n1",
                        "Startup Cost": 0.43,
                        "Total Cost": 0.46,
                        "Plan Rows": 1,
                        "Plan Width": 4,
                        "Actual Startup Time": 0.002,
                        "Actual Total Time": 0.002,
                        "Actual Rows": 1,
                        "Actual Loops": 1201113,
                        "Index Cond": "(id = ci.person_id)",
                        "Rows Removed by Index Recheck": 0,
                        "Heap Fetches": 1201113
                      }
                    ]
                  },
                  {
                    "Node Type": "Index Scan",
                    "Parent Relationship": "Inner",
                    "Parallel Aware": false,
                    "Scan Direction": "Forward",
                    "Index Name": "person_id_aka_name",
                    "Relation Name": "aka_name",
                    "Alias": "a1",
                    "Startup Cost": 0.42,
                    "Total Cost": 0.46,
                    "Plan Rows": 2,
                    "Plan Width": 20,
                    "Actual Startup Time": 0.002,
                    "Actual Total Time": 0.002,
                    "Actual Rows": 1,
                    "Actual Loops": 1201113,
                    "Index Cond": "(person_id = ci.person_id)",
                    "Rows Removed by Index Recheck": 0
                  }
                ]
              }
            ]
          }
        ]
      }
    ]
  },
  "Planning Time": 1.746,
  "Triggers": [],
  "Execution Time": 15161.624
}