[
  {
    "Plan": {
      "Node Type": "Aggregate",
      "Strategy": "Plain",
      "Partial Mode": "Finalize",
      "Parallel Aware": false,
      "Startup Cost": 75980.62,
      "Total Cost": 75980.63,
      "Plan Rows": 1,
      "Plan Width": 8,
      "Actual Startup Time": 332.013,
      "Actual Total Time": 351.471,
      "Actual Rows": 1,
      "Actual Loops": 1,
      "Plans": [
        {
          "Node Type": "Gather",
          "Parent Relationship": "Outer",
          "Parallel Aware": false,
          "Startup Cost": 75980.3,
          "Total Cost": 75980.61,
          "Plan Rows": 3,
          "Plan Width": 8,
          "Actual Startup Time": 331.527,
          "Actual Total Time": 351.449,
          "Actual Rows": 4,
          "Actual Loops": 1,
          "Workers Planned": 3,
          "Workers Launched": 3,
          "Single Copy": false,
          "Plans": [
            {
              "Node Type": "Aggregate",
              "Strategy": "Plain",
              "Partial Mode": "Partial",
              "Parent Relationship": "Outer",
              "Parallel Aware": false,
              "Startup Cost": 74980.3,
              "Total Cost": 74980.31,
              "Plan Rows": 1,
              "Plan Width": 8,
              "Actual Startup Time": 322.674,
              "Actual Total Time": 322.677,
              "Actual Rows": 1,
              "Actual Loops": 4,
              "Plans": [
                {
                  "Node Type": "Hash Join",
                  "Parent Relationship": "Outer",
                  "Parallel Aware": true,
                  "Join Type": "Inner",
                  "Startup Cost": 45546.57,
                  "Total Cost": 74962.46,
                  "Plan Rows": 7135,
                  "Plan Width": 0,
                  "Actual Startup Time": 160.317,
                  "Actual Total Time": 319.513,
                  "Actual Rows": 32803,
                  "Actual Loops": 4,
                  "Inner Unique": true,
                  "Hash Cond": "(mc.movie_id = t.id)",
                  "Plans": [
                    {
                      "Node Type": "Seq Scan",
                      "Parent Relationship": "Outer",
                      "Parallel Aware": true,
                      "Relation Name": "movie_companies",
                      "Alias": "mc",
                      "Startup Cost": 0.0,
                      "Total Cost": 27206.55,
                      "Plan Rows": 841655,
                      "Plan Width": 4,
                      "Actual Startup Time": 0.028,
                      "Actual Total Time": 80.549,
                      "Actual Rows": 652282,
                      "Actual Loops": 4
                    },
                    {
                      "Node Type": "Hash",
                      "Parent Relationship": "Inner",
                      "Parallel Aware": true,
                      "Startup Cost": 45479.59,
                      "Total Cost": 45479.59,
                      "Plan Rows": 5359,
                      "Plan Width": 4,
                      "Actual Startup Time": 127.81,
                      "Actual Total Time": 127.811,
                      "Actual Rows": 16879,
                      "Actual Loops": 4,
                      "Hash Buckets": 65536,
                      "Original Hash Buckets": 32768,
                      "Hash Batches": 1,
                      "Original Hash Batches": 1,
                      "Peak Memory Usage": 3456,
                      "Plans": [
                        {
                          "Node Type": "Seq Scan",
                          "Parent Relationship": "Outer",
                          "Parallel Aware": true,
                          "Relation Name": "title",
                          "Alias": "t",
                          "Startup Cost": 0.0,
                          "Total Cost": 45479.59,
                          "Plan Rows": 5359,
                          "Plan Width": 4,
                          "Actual Startup Time": 74.148,
                          "Actual Total Time": 119.007,
                          "Actual Rows": 16879,
                          "Actual Loops": 4,
                          "Filter": "((kind_id < 4) AND (production_year < 1916))",
                          "Rows Removed by Filter": 615199
                        }
                      ]
                    }
                  ]
                }
              ]
            }
          ]
        }
      ]
    },
    "Planning Time": 0.599,
    "Triggers": [],
    "Execution Time": 351.541
  }
]