[
  {
    "Plan": {
      "Node Type": "Aggregate",
      "Strategy": "Plain",
      "Partial Mode": "Finalize",
      "Parallel Aware": false,
      "Startup Cost": 33165.08,
      "Total Cost": 33165.09,
      "Plan Rows": 1,
      "Plan Width": 8,
      "Actual Startup Time": 85.993,
      "Actual Total Time": 90.906,
      "Actual Rows": 1,
      "Actual Loops": 1,
      "Plans": [
        {
          "Node Type": "Gather",
          "Parent Relationship": "Outer",
          "Parallel Aware": false,
          "Startup Cost": 33164.77,
          "Total Cost": 33165.08,
          "Plan Rows": 3,
          "Plan Width": 8,
          "Actual Startup Time": 85.901,
          "Actual Total Time": 90.9,
          "Actual Rows": 4,
          "Actual Loops": 1,
          "Workers Planned": 3,
          "Workers Launched": 3,
          "Single Copy": false,
          "Plans": [
            {
              "Node Type": "Aggregate",
              "Strategy": "Plain",
              "Partial Mode": "Partial",
              "Parent Relationship": "Outer",
              "Parallel Aware": false,
              "Startup Cost": 32164.77,
              "Total Cost": 32164.78,
              "Plan Rows": 1,
              "Plan Width": 8,
              "Actual Startup Time": 79.529,
              "Actual Total Time": 79.53,
              "Actual Rows": 1,
              "Actual Loops": 4,
              "Plans": [
                {
                  "Node Type": "Seq Scan",
                  "Parent Relationship": "Outer",
                  "Parallel Aware": true,
                  "Relation Name": "movie_companies",
                  "Alias": "mc",
                  "Startup Cost": 0.0,
                  "Total Cost": 31414.82,
                  "Plan Rows": 299979,
                  "Plan Width": 0,
                  "Actual Startup Time": 41.329,
                  "Actual Total Time": 73.062,
                  "Actual Rows": 154813,
                  "Actual Loops": 4,
                  "Filter": "((company_id < 32672) AND (company_type_id > 1))",
                  "Rows Removed by Filter": 497469
                }
              ]
            }
          ]
        }
      ]
    },
    "Planning Time": 0.124,
    "Triggers": [],
    "Execution Time": 90.939
  }
]