[
  {
    "Plan": {
      "Node Type": "Aggregate",
      "Strategy": "Plain",
      "Partial Mode": "Finalize",
      "Parallel Aware": false,
      "Startup Cost": 33170.02,
      "Total Cost": 33170.03,
      "Plan Rows": 1,
      "Plan Width": 8,
      "Actual Startup Time": 102.856,
      "Actual Total Time": 110.796,
      "Actual Rows": 1,
      "Actual Loops": 1,
      "Plans": [
        {
          "Node Type": "Gather",
          "Parent Relationship": "Outer",
          "Parallel Aware": false,
          "Startup Cost": 33169.7,
          "Total Cost": 33170.01,
          "Plan Rows": 3,
          "Plan Width": 8,
          "Actual Startup Time": 102.572,
          "Actual Total Time": 110.788,
          "Actual Rows": 4,
          "Actual Loops": 1,
          "Workers Planned": 3,
          "Workers Launched": 3,
          "Single Copy": false,
          "Plans": [
            {
              "Node Type": "Aggregate",
              "Strategy": "Plain",
              "Partial Mode": "Partial",
              "Parent Relationship": "Outer",
              "Parallel Aware": false,
              "Startup Cost": 32169.7,
              "Total Cost": 32169.71,
              "Plan Rows": 1,
              "Plan Width": 8,
              "Actual Startup Time": 94.111,
              "Actual Total Time": 94.112,
              "Actual Rows": 1,
              "Actual Loops": 4,
              "Plans": [
                {
                  "Node Type": "Seq Scan",
                  "Parent Relationship": "Outer",
                  "Parallel Aware": true,
                  "Relation Name": "movie_companies",
                  "Alias": "mc",
                  "Startup Cost": 0.0,
                  "Total Cost": 31414.82,
                  "Plan Rows": 301954,
                  "Plan Width": 0,
                  "Actual Startup Time": 51.537,
                  "Actual Total Time": 87.085,
                  "Actual Rows": 154813,
                  "Actual Loops": 4,
                  "Filter": "((company_id < 32672) AND (company_type_id > 1))",
                  "Rows Removed by Filter": 497469
                }
              ]
            }
          ]
        }
      ]
    },
    "Planning Time": 0.153,
    "Triggers": [],
    "Execution Time": 110.844
  }
]