{
  "Plan": {
    "Node Type": "Aggregate",
    "Strategy": "Plain",
    "Partial Mode": "Finalize",
    "Parallel Aware": false,
    "Startup Cost": 679371.43,
    "Total Cost": 679371.44,
    "Plan Rows": 1,
    "Plan Width": 8,
    "Actual Startup Time": 2982.433,
    "Actual Total Time": 3022.188,
    "Actual Rows": 1,
    "Actual Loops": 1,
    "Plans": [
      {
        "Node Type": "Gather",
        "Parent Relationship": "Outer",
        "Parallel Aware": false,
        "Startup Cost": 679371.31,
        "Total Cost": 679371.42,
        "Plan Rows": 1,
        "Plan Width": 8,
        "Actual Startup Time": 2980.797,
        "Actual Total Time": 3022.181,
        "Actual Rows": 2,
        "Actual Loops": 1,
        "Workers Planned": 1,
        "Workers Launched": 1,
        "Single Copy": false,
        "Plans": [
          {
            "Node Type": "Aggregate",
            "Strategy": "Plain",
            "Partial Mode": "Partial",
            "Parent Relationship": "Outer",
            "Parallel Aware": false,
            "Startup Cost": 678371.31,
            "Total Cost": 678371.32,
            "Plan Rows": 1,
            "Plan Width": 8,
            "Actual Startup Time": 2974.382,
            "Actual Total Time": 2974.388,
            "Actual Rows": 1,
            "Actual Loops": 2,
            "Plans": [
              {
                "Node Type": "Hash Join",
                "Parent Relationship": "Outer",
                "Parallel Aware": true,
                "Join Type": "Inner",
                "Startup Cost": 378958.52,
                "Total Cost": 676047.05,
                "Plan Rows": 929707,
                "Plan Width": 0,
                "Actual Startup Time": 646.317,
                "Actual Total Time": 2645.287,
                "Actual Rows": 8324618,
                "Actual Loops": 2,
                "Inner Unique": false,
                "Hash Cond": "(mi.movie_id = t.id)",
                "Plans": [
                  {
                    "Node Type": "Seq Scan",
                    "Parent Relationship": "Outer",
                    "Parallel Aware": true,
                    "Relation Name": "movie_info",
                    "Alias": "mi",
                    "Startup Cost": 0.0,
                    "Total Cost": 270696.42,
                    "Plan Rows": 5579529,
                    "Plan Width": 4,
                    "Actual Startup Time": 0.016,
                    "Actual Total Time": 721.899,
                    "Actual Rows": 4782576,
                    "Actual Loops": 2,
                    "Filter": "(info_type_id < 16)",
                    "Rows Removed by Filter": 2635284
                  },
                  {
                    "Node Type": "Hash",
                    "Parent Relationship": "Inner",
                    "Parallel Aware": true,
                    "Startup Cost": 375860.84,
                    "Total Cost": 375860.84,
                    "Plan Rows": 247815,
                    "Plan Width": 8,
                    "Actual Startup Time": 608.466,
                    "Actual Total Time": 608.47,
                    "Actual Rows": 215236,
                    "Actual Loops": 2,
                    "Hash Buckets": 524288,
                    "Original Hash Buckets": 524288,
                    "Hash Batches": 1,
                    "Original Hash Batches": 1,
                    "Peak Memory Usage": 20992,
                    "Plans": [
                      {
                        "Node Type": "Hash Join",
                        "Parent Relationship": "Outer",
                        "Parallel Aware": true,
                        "Join Type": "Inner",
                        "Startup Cost": 104314.15,
                        "Total Cost": 375860.84,
                        "Plan Rows": 247815,
                        "Plan Width": 8,
                        "Actual Startup Time": 224.962,
                        "Actual Total Time": 555.584,
                        "Actual Rows": 215236,
                        "Actual Loops": 2,
                        "Inner Unique": true,
                        "Hash Cond": "(ci.movie_id = t.id)",
                        "Plans": [
                          {
                            "Node Type": "Bitmap Heap Scan",
                            "Parent Relationship": "Outer",
                            "Parallel Aware": true,
                            "Relation Name": "cast_info",
                            "Alias": "ci",
                            "Startup Cost": 46820.75,
                            "Total Cost": 315094.27,
                            "Plan Rows": 1246921,
                            "Plan Width": 4,
                            "Actual Startup Time": 80.966,
                            "Actual Total Time": 197.183,
                            "Actual Rows": 1017919,
                            "Actual Loops": 2,
                            "Recheck Cond": "(person_id > 3662721)",
                            "Rows Removed by Index Recheck": 0,
                            "Exact Heap Blocks": 16014,
                            "Lossy Heap Blocks": 0,
                            "Plans": [
                              {
                                "Node Type": "Bitmap Index Scan",
                                "Parent Relationship": "Outer",
                                "Parallel Aware": false,
                                "Index Name": "person_id_cast_info",
                                "Startup Cost": 0.0,
                                "Total Cost": 46290.81,
                                "Plan Rows": 2119766,
                                "Plan Width": 0,
                                "Actual Startup Time": 76.157,
                                "Actual Total Time": 76.157,
                                "Actual Rows": 2035838,
                                "Actual Loops": 1,
                                "Index Cond": "(person_id > 3662721)"
                              }
                            ]
                          },
                          {
                            "Node Type": "Hash",
                            "Parent Relationship": "Inner",
                            "Parallel Aware": true,
                            "Startup Cost": 53798.73,
                            "Total Cost": 53798.73,
                            "Plan Rows": 295574,
                            "Plan Width": 4,
                            "Actual Startup Time": 140.294,
                            "Actual Total Time": 140.295,
                            "Actual Rows": 186816,
                            "Actual Loops": 2,
                            "Hash Buckets": 524288,
                            "Original Hash Buckets": 524288,
                            "Hash Batches": 1,
                            "Original Hash Batches": 1,
                            "Peak Memory Usage": 18752,
                            "Plans": [
                              {
                                "Node Type": "Bitmap Heap Scan",
                                "Parent Relationship": "Outer",
                                "Parallel Aware": true,
                                "Relation Name": "title",
                                "Alias": "t",
                                "Startup Cost": 11948.47,
                                "Total Cost": 53798.73,
                                "Plan Rows": 295574,
                                "Plan Width": 4,
                                "Actual Startup Time": 31.342,
                                "Actual Total Time": 96.053,
                                "Actual Rows": 186816,
                                "Actual Loops": 2,
                                "Recheck Cond": "(kind_id = 1)",
                                "Rows Removed by Index Recheck": 0,
                                "Filter": "(production_year > 1982)",
                                "Rows Removed by Filter": 144596,
                                "Exact Heap Blocks": 8070,
                                "Lossy Heap Blocks": 0,
                                "Plans": [
                                  {
                                    "Node Type": "Bitmap Index Scan",
                                    "Parent Relationship": "Outer",
                                    "Parallel Aware": false,
                                    "Index Name": "kind_id_title",
                                    "Startup Cost": 0.0,
                                    "Total Cost": 11822.85,
                                    "Plan Rows": 663256,
                                    "Plan Width": 0,
                                    "Actual Startup Time": 29.53,
                                    "Actual Total Time": 29.53,
                                    "Actual Rows": 662825,
                                    "Actual Loops": 1,
                                    "Index Cond": "(kind_id = 1)"
                                  }
                                ]
                              }
                            ]
                          }
                        ]
                      }
                    ]
                  }
                ]
              }
            ]
          }
        ]
      }
    ]
  },
  "Planning Time": 0.954,
  "Triggers": [],
  "Execution Time": 3022.31
}