[
  {
    "Plan": {
      "Node Type": "Aggregate",
      "Strategy": "Plain",
      "Partial Mode": "Finalize",
      "Parallel Aware": false,
      "Startup Cost": 31574.15,
      "Total Cost": 31574.16,
      "Plan Rows": 1,
      "Plan Width": 8,
      "Actual Startup Time": 87.962,
      "Actual Total Time": 94.2,
      "Actual Rows": 1,
      "Actual Loops": 1,
      "Plans": [
        {
          "Node Type": "Gather",
          "Parent Relationship": "Outer",
          "Parallel Aware": false,
          "Startup Cost": 31573.83,
          "Total Cost": 31574.14,
          "Plan Rows": 3,
          "Plan Width": 8,
          "Actual Startup Time": 87.831,
          "Actual Total Time": 94.191,
          "Actual Rows": 4,
          "Actual Loops": 1,
          "Workers Planned": 3,
          "Workers Launched": 3,
          "Single Copy": false,
          "Plans": [
            {
              "Node Type": "Aggregate",
              "Strategy": "Plain",
              "Partial Mode": "Partial",
              "Parent Relationship": "Outer",
              "Parallel Aware": false,
              "Startup Cost": 30573.83,
              "Total Cost": 30573.84,
              "Plan Rows": 1,
              "Plan Width": 8,
              "Actual Startup Time": 84.871,
              "Actual Total Time": 84.872,
              "Actual Rows": 1,
              "Actual Loops": 4,
              "Plans": [
                {
                  "Node Type": "Seq Scan",
                  "Parent Relationship": "Outer",
                  "Parallel Aware": true,
                  "Relation Name": "movie_companies",
                  "Alias": "mc",
                  "Startup Cost": 0.0,
                  "Total Cost": 29310.68,
                  "Plan Rows": 505260,
                  "Plan Width": 0,
                  "Actual Startup Time": 0.02,
                  "Actual Total Time": 67.639,
                  "Actual Rows": 393101,
                  "Actual Loops": 4,
                  "Filter": "(company_id < 15347)",
                  "Rows Removed by Filter": 259181
                }
              ]
            }
          ]
        }
      ]
    },
    "Planning Time": 0.095,
    "Triggers": [],
    "Execution Time": 94.231
  }
]