[
  {
    "Plan": {
      "Node Type": "Aggregate",
      "Strategy": "Plain",
      "Partial Mode": "Finalize",
      "Parallel Aware": false,
      "Startup Cost": 439104.61,
      "Total Cost": 439104.62,
      "Plan Rows": 1,
      "Plan Width": 8,
      "Actual Startup Time": 1958.361,
      "Actual Total Time": 2026.38,
      "Actual Rows": 1,
      "Actual Loops": 1,
      "Plans": [
        {
          "Node Type": "Gather",
          "Parent Relationship": "Outer",
          "Parallel Aware": false,
          "Startup Cost": 439103.99,
          "Total Cost": 439104.6,
          "Plan Rows": 6,
          "Plan Width": 8,
          "Actual Startup Time": 1951.932,
          "Actual Total Time": 2026.368,
          "Actual Rows": 7,
          "Actual Loops": 1,
          "Workers Planned": 6,
          "Workers Launched": 6,
          "Single Copy": false,
          "Plans": [
            {
              "Node Type": "Aggregate",
              "Strategy": "Plain",
              "Partial Mode": "Partial",
              "Parent Relationship": "Outer",
              "Parallel Aware": false,
              "Startup Cost": 438103.99,
              "Total Cost": 438104.0,
              "Plan Rows": 1,
              "Plan Width": 8,
              "Actual Startup Time": 1936.432,
              "Actual Total Time": 1936.646,
              "Actual Rows": 1,
              "Actual Loops": 7,
              "Plans": [
                {
                  "Node Type": "Hash Join",
                  "Parent Relationship": "Outer",
                  "Parallel Aware": true,
                  "Join Type": "Inner",
                  "Startup Cost": 84938.14,
                  "Total Cost": 430482.22,
                  "Plan Rows": 3048709,
                  "Plan Width": 0,
                  "Actual Startup Time": 354.686,
                  "Actual Total Time": 1861.612,
                  "Actual Rows": 1748881,
                  "Actual Loops": 7,
                  "Inner Unique": false,
                  "Hash Cond": "(ci.movie_id = t.id)",
                  "Plans": [
                    {
                      "Node Type": "Seq Scan",
                      "Parent Relationship": "Outer",
                      "Parallel Aware": true,
                      "Relation Name": "cast_info",
                      "Alias": "ci",
                      "Startup Cost": 0.0,
                      "Total Cost": 313067.02,
                      "Plan Rows": 6038002,
                      "Plan Width": 4,
                      "Actual Startup Time": 0.026,
                      "Actual Total Time": 528.416,
                      "Actual Rows": 5177763,
                      "Actual Loops": 7
                    },
                    {
                      "Node Type": "Hash",
                      "Parent Relationship": "Inner",
                      "Parallel Aware": true,
                      "Startup Cost": 79790.61,
                      "Total Cost": 79790.61,
                      "Plan Rows": 411802,
                      "Plan Width": 8,
                      "Actual Startup Time": 349.871,
                      "Actual Total Time": 350.083,
                      "Actual Rows": 59790,
                      "Actual Loops": 7,
                      "Hash Buckets": 2097152,
                      "Original Hash Buckets": 2097152,
                      "Hash Batches": 1,
                      "Original Hash Batches": 1,
                      "Peak Memory Usage": 32896,
                      "Plans": [
                        {
                          "Node Type": "Hash Join",
                          "Parent Relationship": "Outer",
                          "Parallel Aware": true,
                          "Join Type": "Inner",
                          "Startup Cost": 48701.62,
                          "Total Cost": 79790.61,
                          "Plan Rows": 411802,
                          "Plan Width": 8,
                          "Actual Startup Time": 186.477,
                          "Actual Total Time": 316.811,
                          "Actual Rows": 59790,
                          "Actual Loops": 7,
                          "Inner Unique": true,
                          "Hash Cond": "(mc.movie_id = t.id)",
                          "Plans": [
                            {
                              "Node Type": "Seq Scan",
                              "Parent Relationship": "Outer",
                              "Parallel Aware": true,
                              "Relation Name": "movie_companies",
                              "Alias": "mc",
                              "Startup Cost": 0.0,
                              "Total Cost": 29310.68,
                              "Plan Rows": 677454,
                              "Plan Width": 4,
                              "Actual Startup Time": 0.071,
                              "Actual Total Time": 47.125,
                              "Actual Rows": 300435,
                              "Actual Loops": 7,
                              "Filter": "(company_id > 459)",
                              "Rows Removed by Filter": 72298
                            },
                            {
                              "Node Type": "Hash",
                              "Parent Relationship": "Inner",
                              "Parallel Aware": true,
                              "Startup Cost": 43898.92,
                              "Total Cost": 43898.92,
                              "Plan Rows": 384216,
                              "Plan Width": 4,
                              "Actual Startup Time": 184.194,
                              "Actual Total Time": 184.195,
                              "Actual Rows": 220466,
                              "Actual Loops": 7,
                              "Hash Buckets": 2097152,
                              "Original Hash Buckets": 2097152,
                              "Hash Batches": 1,
                              "Original Hash Batches": 1,
                              "Peak Memory Usage": 76864,
                              "Plans": [
                                {
                                  "Node Type": "Seq Scan",
                                  "Parent Relationship": "Outer",
                                  "Parallel Aware": true,
                                  "Relation Name": "title",
                                  "Alias": "t",
                                  "Startup Cost": 0.0,
                                  "Total Cost": 43898.92,
                                  "Plan Rows": 384216,
                                  "Plan Width": 4,
                                  "Actual Startup Time": 0.047,
                                  "Actual Total Time": 75.324,
                                  "Actual Rows": 220466,
                                  "Actual Loops": 7,
                                  "Filter": "(kind_id = 7)",
                                  "Rows Removed by Filter": 140721
                                }
                              ]
                            }
                          ]
                        }
                      ]
                    }
                  ]
                }
              ]
            }
          ]
        }
      ]
    },
    "Planning Time": 1.442,
    "Triggers": [],
    "Execution Time": 2026.481
  }
]