{
  "Plan": {
    "Node Type": "Aggregate",
    "Strategy": "Plain",
    "Partial Mode": "Finalize",
    "Parallel Aware": false,
    "Startup Cost": 98452.8,
    "Total Cost": 98452.81,
    "Plan Rows": 1,
    "Plan Width": 8,
    "Actual Startup Time": 541.605,
    "Actual Total Time": 556.57,
    "Actual Rows": 1,
    "Actual Loops": 1,
    "Plans": [
      {
        "Node Type": "Gather",
        "Parent Relationship": "Outer",
        "Parallel Aware": false,
        "Startup Cost": 98452.69,
        "Total Cost": 98452.8,
        "Plan Rows": 1,
        "Plan Width": 8,
        "Actual Startup Time": 539.172,
        "Actual Total Time": 556.563,
        "Actual Rows": 2,
        "Actual Loops": 1,
        "Workers Planned": 1,
        "Workers Launched": 1,
        "Single Copy": false,
        "Plans": [
          {
            "Node Type": "Aggregate",
            "Strategy": "Plain",
            "Partial Mode": "Partial",
            "Parent Relationship": "Outer",
            "Parallel Aware": false,
            "Startup Cost": 97452.69,
            "Total Cost": 97452.7,
            "Plan Rows": 1,
            "Plan Width": 8,
            "Actual Startup Time": 531.852,
            "Actual Total Time": 531.856,
            "Actual Rows": 1,
            "Actual Loops": 2,
            "Plans": [
              {
                "Node Type": "Hash Join",
                "Parent Relationship": "Outer",
                "Parallel Aware": true,
                "Join Type": "Inner",
                "Startup Cost": 70754.04,
                "Total Cost": 97247.75,
                "Plan Rows": 81975,
                "Plan Width": 0,
                "Actual Startup Time": 425.846,
                "Actual Total Time": 530.767,
                "Actual Rows": 17440,
                "Actual Loops": 2,
                "Inner Unique": true,
                "Hash Cond": "(mk.movie_id = t.id)",
                "Plans": [
                  {
                    "Node Type": "Bitmap Heap Scan",
                    "Parent Relationship": "Outer",
                    "Parallel Aware": true,
                    "Relation Name": "movie_keyword",
                    "Alias": "mk",
                    "Startup Cost": 4865.17,
                    "Total Cost": 31004.89,
                    "Plan Rows": 134857,
                    "Plan Width": 4,
                    "Actual Startup Time": 17.827,
                    "Actual Total Time": 79.462,
                    "Actual Rows": 117945,
                    "Actual Loops": 2,
                    "Recheck Cond": "(keyword_id < 196)",
                    "Rows Removed by Index Recheck": 0,
                    "Exact Heap Blocks": 14801,
                    "Lossy Heap Blocks": 0,
                    "Plans": [
                      {
                        "Node Type": "Bitmap Index Scan",
                        "Parent Relationship": "Outer",
                        "Parallel Aware": false,
                        "Index Name": "keyword_id_movie_keyword",
                        "Startup Cost": 0.0,
                        "Total Cost": 4807.86,
                        "Plan Rows": 229257,
                        "Plan Width": 0,
                        "Actual Startup Time": 14.286,
                        "Actual Total Time": 14.286,
                        "Actual Rows": 235890,
                        "Actual Loops": 1,
                        "Index Cond": "(keyword_id < 196)"
                      }
                    ]
                  },
                  {
                    "Node Type": "Hash",
                    "Parent Relationship": "Inner",
                    "Parallel Aware": true,
                    "Startup Cost": 54588.39,
                    "Total Cost": 54588.39,
                    "Plan Rows": 904038,
                    "Plan Width": 4,
                    "Actual Startup Time": 395.497,
                    "Actual Total Time": 395.498,
                    "Actual Rows": 771632,
                    "Actual Loops": 2,
                    "Hash Buckets": 2097152,
                    "Original Hash Buckets": 2097152,
                    "Hash Batches": 1,
                    "Original Hash Batches": 1,
                    "Peak Memory Usage": 76800,
                    "Plans": [
                      {
                        "Node Type": "Seq Scan",
                        "Parent Relationship": "Outer",
                        "Parallel Aware": true,
                        "Relation Name": "title",
                        "Alias": "t",
                        "Startup Cost": 0.0,
                        "Total Cost": 54588.39,
                        "Plan Rows": 904038,
                        "Plan Width": 4,
                        "Actual Startup Time": 0.032,
                        "Actual Total Time": 163.092,
                        "Actual Rows": 771632,
                        "Actual Loops": 2,
                        "Filter": "(kind_id = 7)",
                        "Rows Removed by Filter": 492524
                      }
                    ]
                  }
                ]
              }
            ]
          }
        ]
      }
    ]
  },
  "Planning Time": 0.386,
  "Triggers": [],
  "Execution Time": 556.633
}