{
  "Plan": {
    "Node Type": "Aggregate",
    "Strategy": "Plain",
    "Partial Mode": "Finalize",
    "Parallel Aware": false,
    "Startup Cost": 93874.21,
    "Total Cost": 93874.22,
    "Plan Rows": 1,
    "Plan Width": 8,
    "Actual Startup Time": 251.205,
    "Actual Total Time": 265.251,
    "Actual Rows": 1,
    "Actual Loops": 1,
    "Plans": [
      {
        "Node Type": "Gather",
        "Parent Relationship": "Outer",
        "Parallel Aware": false,
        "Startup Cost": 93874.1,
        "Total Cost": 93874.21,
        "Plan Rows": 1,
        "Plan Width": 8,
        "Actual Startup Time": 250.633,
        "Actual Total Time": 265.245,
        "Actual Rows": 2,
        "Actual Loops": 1,
        "Workers Planned": 1,
        "Workers Launched": 1,
        "Single Copy": false,
        "Plans": [
          {
            "Node Type": "Aggregate",
            "Strategy": "Plain",
            "Partial Mode": "Partial",
            "Parent Relationship": "Outer",
            "Parallel Aware": false,
            "Startup Cost": 92874.1,
            "Total Cost": 92874.11,
            "Plan Rows": 1,
            "Plan Width": 8,
            "Actual Startup Time": 244.241,
            "Actual Total Time": 244.245,
            "Actual Rows": 1,
            "Actual Loops": 2,
            "Plans": [
              {
                "Node Type": "Nested Loop",
                "Parent Relationship": "Outer",
                "Parallel Aware": false,
                "Join Type": "Inner",
                "Startup Cost": 25345.05,
                "Total Cost": 92858.15,
                "Plan Rows": 6378,
                "Plan Width": 0,
                "Actual Startup Time": 196.541,
                "Actual Total Time": 244.158,
                "Actual Rows": 1200,
                "Actual Loops": 2,
                "Inner Unique": false,
                "Plans": [
                  {
                    "Node Type": "Hash Join",
                    "Parent Relationship": "Outer",
                    "Parallel Aware": true,
                    "Join Type": "Inner",
                    "Startup Cost": 25344.63,
                    "Total Cost": 85612.38,
                    "Plan Rows": 11684,
                    "Plan Width": 8,
                    "Actual Startup Time": 196.37,
                    "Actual Total Time": 238.149,
                    "Actual Rows": 829,
                    "Actual Loops": 2,
                    "Inner Unique": false,
                    "Hash Cond": "(t.id = mc.movie_id)",
                    "Plans": [
                      {
                        "Node Type": "Seq Scan",
                        "Parent Relationship": "Outer",
                        "Parallel Aware": true,
                        "Relation Name": "title",
                        "Alias": "t",
                        "Startup Cost": 0.0,
                        "Total Cost": 58306.47,
                        "Plan Rows": 302809,
                        "Plan Width": 4,
                        "Actual Startup Time": 0.011,
                        "Actual Total Time": 130.804,
                        "Actual Rows": 188386,
                        "Actual Loops": 2,
                        "Filter": "((kind_id > 3) AND (production_year < 1994))",
                        "Rows Removed by Filter": 1075770
                      },
                      {
                        "Node Type": "Hash",
                        "Parent Relationship": "Inner",
                        "Parallel Aware": true,
                        "Startup Cost": 24627.29,
                        "Total Cost": 24627.29,
                        "Plan Rows": 57387,
                        "Plan Width": 4,
                        "Actual Startup Time": 72.708,
                        "Actual Total Time": 72.709,
                        "Actual Rows": 93411,
                        "Actual Loops": 2,
                        "Hash Buckets": 262144,
                        "Original Hash Buckets": 131072,
                        "Hash Batches": 1,
                        "Original Hash Batches": 1,
                        "Peak Memory Usage": 10400,
                        "Plans": [
                          {
                            "Node Type": "Bitmap Heap Scan",
                            "Parent Relationship": "Outer",
                            "Parallel Aware": true,
                            "Relation Name": "movie_companies",
                            "Alias": "mc",
                            "Startup Cost": 4141.9,
                            "Total Cost": 24627.29,
                            "Plan Rows": 57387,
                            "Plan Width": 4,
                            "Actual Startup Time": 17.42,
                            "Actual Total Time": 49.138,
                            "Actual Rows": 93411,
                            "Actual Loops": 2,
                            "Recheck Cond": "(company_id > 117829)",
                            "Rows Removed by Index Recheck": 0,
                            "Filter": "(company_type_id > 1)",
                            "Rows Removed by Filter": 0,
                            "Exact Heap Blocks": 3020,
                            "Lossy Heap Blocks": 0,
                            "Plans": [
                              {
                                "Node Type": "Bitmap Index Scan",
                                "Parent Relationship": "Outer",
                                "Parallel Aware": false,
                                "Index Name": "company_id_movie_companies",
                                "Startup Cost": 0.0,
                                "Total Cost": 4117.51,
                                "Plan Rows": 192144,
                                "Plan Width": 0,
                                "Actual Startup Time": 19.954,
                                "Actual Total Time": 19.955,
                                "Actual Rows": 186822,
                                "Actual Loops": 1,
                                "Index Cond": "(company_id > 117829)"
                              }
                            ]
                          }
                        ]
                      }
                    ]
                  },
                  {
                    "Node Type": "Index Only Scan",
                    "Parent Relationship": "Inner",
                    "Parallel Aware": false,
                    "Scan Direction": "Forward",
                    "Index Name": "movie_id_movie_info_idx",
                    "Relation Name": "movie_info_idx",
                    "Alias": "mi_idx",
                    "Startup Cost": 0.43,
                    "Total Cost": 0.59,
                    "Plan Rows": 3,
                    "Plan Width": 4,
                    "Actual Startup Time": 0.007,
                    "Actual Total Time": 0.007,
                    "Actual Rows": 1,
                    "Actual Loops": 1658,
                    "Index Cond": "(movie_id = t.id)",
                    "Rows Removed by Index Recheck": 0,
                    "Heap Fetches": 2400
                  }
                ]
              }
            ]
          }
        ]
      }
    ]
  },
  "Planning Time": 1.107,
  "Triggers": [],
  "Execution Time": 265.358
}