[
  {
    "Plan": {
      "Node Type": "Aggregate",
      "Strategy": "Plain",
      "Partial Mode": "Finalize",
      "Parallel Aware": false,
      "Startup Cost": 271992.92,
      "Total Cost": 271992.93,
      "Plan Rows": 1,
      "Plan Width": 8,
      "Actual Startup Time": 183.438,
      "Actual Total Time": 215.43,
      "Actual Rows": 1,
      "Actual Loops": 1,
      "Plans": [
        {
          "Node Type": "Gather",
          "Parent Relationship": "Outer",
          "Parallel Aware": false,
          "Startup Cost": 271992.5,
          "Total Cost": 271992.91,
          "Plan Rows": 4,
          "Plan Width": 8,
          "Actual Startup Time": 183.312,
          "Actual Total Time": 215.419,
          "Actual Rows": 5,
          "Actual Loops": 1,
          "Workers Planned": 4,
          "Workers Launched": 4,
          "Single Copy": false,
          "Plans": [
            {
              "Node Type": "Aggregate",
              "Strategy": "Plain",
              "Partial Mode": "Partial",
              "Parent Relationship": "Outer",
              "Parallel Aware": false,
              "Startup Cost": 270992.5,
              "Total Cost": 270992.51,
              "Plan Rows": 1,
              "Plan Width": 8,
              "Actual Startup Time": 177.387,
              "Actual Total Time": 177.389,
              "Actual Rows": 1,
              "Actual Loops": 5,
              "Plans": [
                {
                  "Node Type": "Nested Loop",
                  "Parent Relationship": "Outer",
                  "Parallel Aware": false,
                  "Join Type": "Inner",
                  "Startup Cost": 0.56,
                  "Total Cost": 270899.42,
                  "Plan Rows": 37231,
                  "Plan Width": 0,
                  "Actual Startup Time": 44.682,
                  "Actual Total Time": 174.801,
                  "Actual Rows": 26575,
                  "Actual Loops": 5,
                  "Inner Unique": false,
                  "Plans": [
                    {
                      "Node Type": "Seq Scan",
                      "Parent Relationship": "Outer",
                      "Parallel Aware": true,
                      "Relation Name": "title",
                      "Alias": "t",
                      "Startup Cost": 0.0,
                      "Total Cost": 45479.59,
                      "Plan Rows": 2597,
                      "Plan Width": 4,
                      "Actual Startup Time": 44.571,
                      "Actual Total Time": 65.822,
                      "Actual Rows": 1294,
                      "Actual Loops": 5,
                      "Filter": "((kind_id = 1) AND (production_year = 1997))",
                      "Rows Removed by Filter": 504369
                    },
                    {
                      "Node Type": "Index Only Scan",
                      "Parent Relationship": "Inner",
                      "Parallel Aware": false,
                      "Scan Direction": "Forward",
                      "Index Name": "movie_id_cast_info",
                      "Relation Name": "cast_info",
                      "Alias": "ci",
                      "Startup Cost": 0.56,
                      "Total Cost": 86.45,
                      "Plan Rows": 35,
                      "Plan Width": 4,
                      "Actual Startup Time": 0.012,
                      "Actual Total Time": 0.082,
                      "Actual Rows": 21,
                      "Actual Loops": 6468,
                      "Index Cond": "(movie_id = t.id)",
                      "Rows Removed by Index Recheck": 0,
                      "Heap Fetches": 132876
                    }
                  ]
                }
              ]
            }
          ]
        }
      ]
    },
    "Planning Time": 0.138,
    "Triggers": [],
    "Execution Time": 215.47
  }
]