[
  {
    "Plan": {
      "Node Type": "Aggregate",
      "Strategy": "Plain",
      "Partial Mode": "Finalize",
      "Parallel Aware": false,
      "Startup Cost": 276022.07,
      "Total Cost": 276022.08,
      "Plan Rows": 1,
      "Plan Width": 8,
      "Actual Startup Time": 210.3,
      "Actual Total Time": 247.553,
      "Actual Rows": 1,
      "Actual Loops": 1,
      "Plans": [
        {
          "Node Type": "Gather",
          "Parent Relationship": "Outer",
          "Parallel Aware": false,
          "Startup Cost": 276021.65,
          "Total Cost": 276022.06,
          "Plan Rows": 4,
          "Plan Width": 8,
          "Actual Startup Time": 210.179,
          "Actual Total Time": 247.544,
          "Actual Rows": 5,
          "Actual Loops": 1,
          "Workers Planned": 4,
          "Workers Launched": 4,
          "Single Copy": false,
          "Plans": [
            {
              "Node Type": "Aggregate",
              "Strategy": "Plain",
              "Partial Mode": "Partial",
              "Parent Relationship": "Outer",
              "Parallel Aware": false,
              "Startup Cost": 275021.65,
              "Total Cost": 275021.66,
              "Plan Rows": 1,
              "Plan Width": 8,
              "Actual Startup Time": 200.43,
              "Actual Total Time": 200.431,
              "Actual Rows": 1,
              "Actual Loops": 5,
              "Plans": [
                {
                  "Node Type": "Nested Loop",
                  "Parent Relationship": "Outer",
                  "Parallel Aware": false,
                  "Join Type": "Inner",
                  "Startup Cost": 0.56,
                  "Total Cost": 274930.57,
                  "Plan Rows": 36432,
                  "Plan Width": 0,
                  "Actual Startup Time": 60.562,
                  "Actual Total Time": 197.785,
                  "Actual Rows": 26575,
                  "Actual Loops": 5,
                  "Inner Unique": false,
                  "Plans": [
                    {
                      "Node Type": "Seq Scan",
                      "Parent Relationship": "Outer",
                      "Parallel Aware": true,
                      "Relation Name": "title",
                      "Alias": "t",
                      "Startup Cost": 0.0,
                      "Total Cost": 45479.1,
                      "Plan Rows": 2542,
                      "Plan Width": 4,
                      "Actual Startup Time": 60.456,
                      "Actual Total Time": 84.429,
                      "Actual Rows": 1294,
                      "Actual Loops": 5,
                      "Filter": "((kind_id = 1) AND (production_year = 1997))",
                      "Rows Removed by Filter": 504369
                    },
                    {
                      "Node Type": "Index Only Scan",
                      "Parent Relationship": "Inner",
                      "Parallel Aware": false,
                      "Scan Direction": "Forward",
                      "Index Name": "movie_id_cast_info",
                      "Relation Name": "cast_info",
                      "Alias": "ci",
                      "Startup Cost": 0.56,
                      "Total Cost": 89.89,
                      "Plan Rows": 37,
                      "Plan Width": 4,
                      "Actual Startup Time": 0.013,
                      "Actual Total Time": 0.085,
                      "Actual Rows": 21,
                      "Actual Loops": 6468,
                      "Index Cond": "(movie_id = t.id)",
                      "Rows Removed by Index Recheck": 0,
                      "Heap Fetches": 132876
                    }
                  ]
                }
              ]
            }
          ]
        }
      ]
    },
    "Planning Time": 0.611,
    "Triggers": [],
    "Execution Time": 247.637
  }
]