[
    {
        "Bao": {
            "Bao prediction": 1125.358,
            "Bao recommended hint": "SET enable_nestloop TO off; "
        }
    },
    {
        "Plan": {
            "Node Type": "Aggregate",
            "Strategy": "Plain",
            "Partial Mode": "Finalize",
            "Parallel Aware": false,
            "Startup Cost": 417344.31,
            "Total Cost": 417344.32,
            "Plan Rows": 1,
            "Plan Width": 8,
            "Actual Startup Time": 1302.574,
            "Actual Total Time": 1334.084,
            "Actual Rows": 1,
            "Actual Loops": 1,
            "Output": [
                "count(*)"
            ],
            "Plans": [
                {
                    "Node Type": "Gather",
                    "Parent Relationship": "Outer",
                    "Parallel Aware": false,
                    "Startup Cost": 417343.69,
                    "Total Cost": 417344.3,
                    "Plan Rows": 6,
                    "Plan Width": 8,
                    "Actual Startup Time": 1295.563,
                    "Actual Total Time": 1334.074,
                    "Actual Rows": 7,
                    "Actual Loops": 1,
                    "Output": [
                        "(PARTIAL count(*))"
                    ],
                    "Workers Planned": 6,
                    "Workers Launched": 6,
                    "Single Copy": false,
                    "Plans": [
                        {
                            "Node Type": "Aggregate",
                            "Strategy": "Plain",
                            "Partial Mode": "Partial",
                            "Parent Relationship": "Outer",
                            "Parallel Aware": false,
                            "Startup Cost": 416343.69,
                            "Total Cost": 416343.7,
                            "Plan Rows": 1,
                            "Plan Width": 8,
                            "Actual Startup Time": 1282.737,
                            "Actual Total Time": 1282.742,
                            "Actual Rows": 1,
                            "Actual Loops": 7,
                            "Output": [
                                "PARTIAL count(*)"
                            ],
                            "Workers": [
                                {
                                    "Worker Number": 0,
                                    "Actual Startup Time": 1280.691,
                                    "Actual Total Time": 1280.695,
                                    "Actual Rows": 1,
                                    "Actual Loops": 1
                                },
                                {
                                    "Worker Number": 1,
                                    "Actual Startup Time": 1280.68,
                                    "Actual Total Time": 1280.685,
                                    "Actual Rows": 1,
                                    "Actual Loops": 1
                                },
                                {
                                    "Worker Number": 2,
                                    "Actual Startup Time": 1280.847,
                                    "Actual Total Time": 1280.851,
                                    "Actual Rows": 1,
                                    "Actual Loops": 1
                                },
                                {
                                    "Worker Number": 3,
                                    "Actual Startup Time": 1280.899,
                                    "Actual Total Time": 1280.903,
                                    "Actual Rows": 1,
                                    "Actual Loops": 1
                                },
                                {
                                    "Worker Number": 4,
                                    "Actual Startup Time": 1280.886,
                                    "Actual Total Time": 1280.893,
                                    "Actual Rows": 1,
                                    "Actual Loops": 1
                                },
                                {
                                    "Worker Number": 5,
                                    "Actual Startup Time": 1280.691,
                                    "Actual Total Time": 1280.696,
                                    "Actual Rows": 1,
                                    "Actual Loops": 1
                                }
                            ],
                            "Plans": [
                                {
                                    "Node Type": "Hash Join",
                                    "Parent Relationship": "Outer",
                                    "Parallel Aware": true,
                                    "Join Type": "Inner",
                                    "Startup Cost": 79335.95,
                                    "Total Cost": 415801.64,
                                    "Plan Rows": 216818,
                                    "Plan Width": 0,
                                    "Actual Startup Time": 190.186,
                                    "Actual Total Time": 1266.512,
                                    "Actual Rows": 337395,
                                    "Actual Loops": 7,
                                    "Inner Unique": false,
                                    "Hash Cond": "(ci.movie_id = t.id)",
                                    "Workers": [
                                        {
                                            "Worker Number": 0,
                                            "Actual Startup Time": 188.213,
                                            "Actual Total Time": 1263.68,
                                            "Actual Rows": 225277,
                                            "Actual Loops": 1
                                        },
                                        {
                                            "Worker Number": 1,
                                            "Actual Startup Time": 188.187,
                                            "Actual Total Time": 1265.182,
                                            "Actual Rows": 340228,
                                            "Actual Loops": 1
                                        },
                                        {
                                            "Worker Number": 2,
                                            "Actual Startup Time": 188.178,
                                            "Actual Total Time": 1264.826,
                                            "Actual Rows": 339042,
                                            "Actual Loops": 1
                                        },
                                        {
                                            "Worker Number": 3,
                                            "Actual Startup Time": 188.338,
                                            "Actual Total Time": 1264.654,
                                            "Actual Rows": 345247,
                                            "Actual Loops": 1
                                        },
                                        {
                                            "Worker Number": 4,
                                            "Actual Startup Time": 188.272,
                                            "Actual Total Time": 1264.762,
                                            "Actual Rows": 343836,
                                            "Actual Loops": 1
                                        },
                                        {
                                            "Worker Number": 5,
                                            "Actual Startup Time": 188.422,
                                            "Actual Total Time": 1265.173,
                                            "Actual Rows": 339145,
                                            "Actual Loops": 1
                                        }
                                    ],
                                    "Plans": [
                                        {
                                            "Node Type": "Seq Scan",
                                            "Parent Relationship": "Outer",
                                            "Parallel Aware": true,
                                            "Relation Name": "cast_info",
                                            "Schema": "public",
                                            "Alias": "ci",
                                            "Startup Cost": 0.0,
                                            "Total Cost": 313108.29,
                                            "Plan Rows": 6042129,
                                            "Plan Width": 4,
                                            "Actual Startup Time": 0.042,
                                            "Actual Total Time": 469.765,
                                            "Actual Rows": 5177763,
                                            "Actual Loops": 7,
                                            "Output": [
                                                "ci.id",
                                                "ci.person_id",
                                                "ci.movie_id",
                                                "ci.person_role_id",
                                                "ci.note",
                                                "ci.nr_order",
                                                "ci.role_id"
                                            ],
                                            "Workers": [
                                                {
                                                    "Worker Number": 0,
                                                    "Actual Startup Time": 0.061,
                                                    "Actual Total Time": 472.194,
                                                    "Actual Rows": 3460695,
                                                    "Actual Loops": 1
                                                },
                                                {
                                                    "Worker Number": 1,
                                                    "Actual Startup Time": 0.055,
                                                    "Actual Total Time": 494.2,
                                                    "Actual Rows": 5232228,
                                                    "Actual Loops": 1
                                                },
                                                {
                                                    "Worker Number": 2,
                                                    "Actual Startup Time": 0.023,
                                                    "Actual Total Time": 471.697,
                                                    "Actual Rows": 5275728,
                                                    "Actual Loops": 1
                                                },
                                                {
                                                    "Worker Number": 3,
                                                    "Actual Startup Time": 0.027,
                                                    "Actual Total Time": 469.017,
                                                    "Actual Rows": 5263691,
                                                    "Actual Loops": 1
                                                },
                                                {
                                                    "Worker Number": 4,
                                                    "Actual Startup Time": 0.019,
                                                    "Actual Total Time": 469.111,
                                                    "Actual Rows": 5248973,
                                                    "Actual Loops": 1
                                                },
                                                {
                                                    "Worker Number": 5,
                                                    "Actual Startup Time": 0.091,
                                                    "Actual Total Time": 490.474,
                                                    "Actual Rows": 5162504,
                                                    "Actual Loops": 1
                                                }
                                            ]
                                        },
                                        {
                                            "Node Type": "Hash",
                                            "Parent Relationship": "Inner",
                                            "Parallel Aware": true,
                                            "Startup Cost": 78970.11,
                                            "Total Cost": 78970.11,
                                            "Plan Rows": 29267,
                                            "Plan Width": 8,
                                            "Actual Startup Time": 188.211,
                                            "Actual Total Time": 188.215,
                                            "Actual Rows": 9814,
                                            "Actual Loops": 7,
                                            "Output": [
                                                "t.id",
                                                "mc.movie_id"
                                            ],
                                            "Hash Buckets": 131072,
                                            "Original Hash Buckets": 131072,
                                            "Hash Batches": 1,
                                            "Original Hash Batches": 1,
                                            "Peak Memory Usage": 3872,
                                            "Workers": [
                                                {
                                                    "Worker Number": 0,
                                                    "Actual Startup Time": 186.876,
                                                    "Actual Total Time": 186.879,
                                                    "Actual Rows": 7026,
                                                    "Actual Loops": 1
                                                },
                                                {
                                                    "Worker Number": 1,
                                                    "Actual Startup Time": 187.042,
                                                    "Actual Total Time": 187.046,
                                                    "Actual Rows": 9847,
                                                    "Actual Loops": 1
                                                },
                                                {
                                                    "Worker Number": 2,
                                                    "Actual Startup Time": 187.026,
                                                    "Actual Total Time": 187.029,
                                                    "Actual Rows": 10699,
                                                    "Actual Loops": 1
                                                },
                                                {
                                                    "Worker Number": 3,
                                                    "Actual Startup Time": 187.057,
                                                    "Actual Total Time": 187.06,
                                                    "Actual Rows": 10297,
                                                    "Actual Loops": 1
                                                },
                                                {
                                                    "Worker Number": 4,
                                                    "Actual Startup Time": 187.146,
                                                    "Actual Total Time": 187.15,
                                                    "Actual Rows": 10819,
                                                    "Actual Loops": 1
                                                },
                                                {
                                                    "Worker Number": 5,
                                                    "Actual Startup Time": 187.062,
                                                    "Actual Total Time": 187.066,
                                                    "Actual Rows": 9178,
                                                    "Actual Loops": 1
                                                }
                                            ],
                                            "Plans": [
                                                {
                                                    "Node Type": "Hash Join",
                                                    "Parent Relationship": "Outer",
                                                    "Parallel Aware": true,
                                                    "Join Type": "Inner",
                                                    "Startup Cost": 47203.21,
                                                    "Total Cost": 78970.11,
                                                    "Plan Rows": 29267,
                                                    "Plan Width": 8,
                                                    "Actual Startup Time": 137.873,
                                                    "Actual Total Time": 182.82,
                                                    "Actual Rows": 9814,
                                                    "Actual Loops": 7,
                                                    "Output": [
                                                        "t.id",
                                                        "mc.movie_id"
                                                    ],
                                                    "Inner Unique": true,
                                                    "Hash Cond": "(mc.movie_id = t.id)",
                                                    "Workers": [
                                                        {
                                                            "Worker Number": 0,
                                                            "Actual Startup Time": 136.62,
                                                            "Actual Total Time": 183.057,
                                                            "Actual Rows": 7026,
                                                            "Actual Loops": 1
                                                        },
                                                        {
                                                            "Worker Number": 1,
                                                            "Actual Startup Time": 136.682,
                                                            "Actual Total Time": 181.292,
                                                            "Actual Rows": 9847,
                                                            "Actual Loops": 1
                                                        },
                                                        {
                                                            "Worker Number": 2,
                                                            "Actual Startup Time": 136.723,
                                                            "Actual Total Time": 181.218,
                                                            "Actual Rows": 10699,
                                                            "Actual Loops": 1
                                                        },
                                                        {
                                                            "Worker Number": 3,
                                                            "Actual Startup Time": 136.805,
                                                            "Actual Total Time": 181.525,
                                                            "Actual Rows": 10297,
                                                            "Actual Loops": 1
                                                        },
                                                        {
                                                            "Worker Number": 4,
                                                            "Actual Startup Time": 136.762,
                                                            "Actual Total Time": 181.601,
                                                            "Actual Rows": 10819,
                                                            "Actual Loops": 1
                                                        },
                                                        {
                                                            "Worker Number": 5,
                                                            "Actual Startup Time": 136.587,
                                                            "Actual Total Time": 181.216,
                                                            "Actual Rows": 9178,
                                                            "Actual Loops": 1
                                                        }
                                                    ],
                                                    "Plans": [
                                                        {
                                                            "Node Type": "Seq Scan",
                                                            "Parent Relationship": "Outer",
                                                            "Parallel Aware": true,
                                                            "Relation Name": "movie_companies",
                                                            "Schema": "public",
                                                            "Alias": "mc",
                                                            "Startup Cost": 0.0,
                                                            "Total Cost": 31414.82,
                                                            "Plan Rows": 134127,
                                                            "Plan Width": 4,
                                                            "Actual Startup Time": 19.292,
                                                            "Actual Total Time": 40.668,
                                                            "Actual Rows": 105487,
                                                            "Actual Loops": 7,
                                                            "Output": [
                                                                "mc.id",
                                                                "mc.movie_id",
                                                                "mc.company_id",
                                                                "mc.company_type_id",
                                                                "mc.note"
                                                            ],
                                                            "Filter": "((mc.company_id > 28339) AND (mc.company_type_id = 2))",
                                                            "Rows Removed by Filter": 267246,
                                                            "Workers": [
                                                                {
                                                                    "Worker Number": 0,
                                                                    "Actual Startup Time": 19.267,
                                                                    "Actual Total Time": 40.94,
                                                                    "Actual Rows": 64695,
                                                                    "Actual Loops": 1
                                                                },
                                                                {
                                                                    "Worker Number": 1,
                                                                    "Actual Startup Time": 19.375,
                                                                    "Actual Total Time": 40.486,
                                                                    "Actual Rows": 105298,
                                                                    "Actual Loops": 1
                                                                },
                                                                {
                                                                    "Worker Number": 2,
                                                                    "Actual Startup Time": 19.268,
                                                                    "Actual Total Time": 41.165,
                                                                    "Actual Rows": 112131,
                                                                    "Actual Loops": 1
                                                                },
                                                                {
                                                                    "Worker Number": 3,
                                                                    "Actual Startup Time": 19.271,
                                                                    "Actual Total Time": 41.314,
                                                                    "Actual Rows": 112046,
                                                                    "Actual Loops": 1
                                                                },
                                                                {
                                                                    "Worker Number": 4,
                                                                    "Actual Startup Time": 19.267,
                                                                    "Actual Total Time": 41.159,
                                                                    "Actual Rows": 111464,
                                                                    "Actual Loops": 1
                                                                },
                                                                {
                                                                    "Worker Number": 5,
                                                                    "Actual Startup Time": 19.314,
                                                                    "Actual Total Time": 40.259,
                                                                    "Actual Rows": 105047,
                                                                    "Actual Loops": 1
                                                                }
                                                            ]
                                                        },
                                                        {
                                                            "Node Type": "Hash",
                                                            "Parent Relationship": "Inner",
                                                            "Parallel Aware": true,
                                                            "Startup Cost": 45479.21,
                                                            "Total Cost": 45479.21,
                                                            "Plan Rows": 137920,
                                                            "Plan Width": 4,
                                                            "Actual Startup Time": 116.231,
                                                            "Actual Total Time": 116.232,
                                                            "Actual Rows": 86441,
                                                            "Actual Loops": 7,
                                                            "Output": [
                                                                "t.id"
                                                            ],
                                                            "Hash Buckets": 1048576,
                                                            "Original Hash Buckets": 1048576,
                                                            "Hash Batches": 1,
                                                            "Original Hash Batches": 1,
                                                            "Peak Memory Usage": 31968,
                                                            "Workers": [
                                                                {
                                                                    "Worker Number": 0,
                                                                    "Actual Startup Time": 116.988,
                                                                    "Actual Total Time": 116.99,
                                                                    "Actual Rows": 66998,
                                                                    "Actual Loops": 1
                                                                },
                                                                {
                                                                    "Worker Number": 1,
                                                                    "Actual Startup Time": 117.152,
                                                                    "Actual Total Time": 117.153,
                                                                    "Actual Rows": 69519,
                                                                    "Actual Loops": 1
                                                                },
                                                                {
                                                                    "Worker Number": 2,
                                                                    "Actual Startup Time": 117.113,
                                                                    "Actual Total Time": 117.114,
                                                                    "Actual Rows": 83013,
                                                                    "Actual Loops": 1
                                                                },
                                                                {
                                                                    "Worker Number": 3,
                                                                    "Actual Startup Time": 117.141,
                                                                    "Actual Total Time": 117.142,
                                                                    "Actual Rows": 85279,
                                                                    "Actual Loops": 1
                                                                },
                                                                {
                                                                    "Worker Number": 4,
                                                                    "Actual Startup Time": 117.234,
                                                                    "Actual Total Time": 117.236,
                                                                    "Actual Rows": 87279,
                                                                    "Actual Loops": 1
                                                                },
                                                                {
                                                                    "Worker Number": 5,
                                                                    "Actual Startup Time": 116.998,
                                                                    "Actual Total Time": 116.999,
                                                                    "Actual Rows": 72917,
                                                                    "Actual Loops": 1
                                                                }
                                                            ],
                                                            "Plans": [
                                                                {
                                                                    "Node Type": "Seq Scan",
                                                                    "Parent Relationship": "Outer",
                                                                    "Parallel Aware": true,
                                                                    "Relation Name": "title",
                                                                    "Schema": "public",
                                                                    "Alias": "t",
                                                                    "Startup Cost": 0.0,
                                                                    "Total Cost": 45479.21,
                                                                    "Plan Rows": 137920,
                                                                    "Plan Width": 4,
                                                                    "Actual Startup Time": 0.043,
                                                                    "Actual Total Time": 72.479,
                                                                    "Actual Rows": 86441,
                                                                    "Actual Loops": 7,
                                                                    "Output": [
                                                                        "t.id"
                                                                    ],
                                                                    "Filter": "((t.kind_id > 4) AND (t.production_year > 2006))",
                                                                    "Rows Removed by Filter": 274746,
                                                                    "Workers": [
                                                                        {
                                                                            "Worker Number": 0,
                                                                            "Actual Startup Time": 0.049,
                                                                            "Actual Total Time": 75.347,
                                                                            "Actual Rows": 66998,
                                                                            "Actual Loops": 1
                                                                        },
                                                                        {
                                                                            "Worker Number": 1,
                                                                            "Actual Startup Time": 0.054,
                                                                            "Actual Total Time": 72.352,
                                                                            "Actual Rows": 69519,
                                                                            "Actual Loops": 1
                                                                        },
                                                                        {
                                                                            "Worker Number": 2,
                                                                            "Actual Startup Time": 0.048,
                                                                            "Actual Total Time": 73.884,
                                                                            "Actual Rows": 83013,
                                                                            "Actual Loops": 1
                                                                        },
                                                                        {
                                                                            "Worker Number": 3,
                                                                            "Actual Startup Time": 0.051,
                                                                            "Actual Total Time": 74.007,
                                                                            "Actual Rows": 85279,
                                                                            "Actual Loops": 1
                                                                        },
                                                                        {
                                                                            "Worker Number": 4,
                                                                            "Actual Startup Time": 0.049,
                                                                            "Actual Total Time": 74.193,
                                                                            "Actual Rows": 87279,
                                                                            "Actual Loops": 1
                                                                        },
                                                                        {
                                                                            "Worker Number": 5,
                                                                            "Actual Startup Time": 0.03,
                                                                            "Actual Total Time": 71.327,
                                                                            "Actual Rows": 72917,
                                                                            "Actual Loops": 1
                                                                        }
                                                                    ]
                                                                }
                                                            ]
                                                        }
                                                    ]
                                                }
                                            ]
                                        }
                                    ]
                                }
                            ]
                        }
                    ]
                }
            ]
        },
        "Planning Time": 382.039,
        "Triggers": [],
        "Execution Time": 1334.298
    }
]