{
  "Plan": {
    "Node Type": "Aggregate",
    "Strategy": "Plain",
    "Partial Mode": "Finalize",
    "Parallel Aware": false,
    "Startup Cost": 241138.12,
    "Total Cost": 241138.13,
    "Plan Rows": 1,
    "Plan Width": 8,
    "Actual Startup Time": 1617.715,
    "Actual Total Time": 1657.879,
    "Actual Rows": 1,
    "Actual Loops": 1,
    "Plans": [
      {
        "Node Type": "Gather",
        "Parent Relationship": "Outer",
        "Parallel Aware": false,
        "Startup Cost": 241138.01,
        "Total Cost": 241138.12,
        "Plan Rows": 1,
        "Plan Width": 8,
        "Actual Startup Time": 1614.549,
        "Actual Total Time": 1657.872,
        "Actual Rows": 2,
        "Actual Loops": 1,
        "Workers Planned": 1,
        "Workers Launched": 1,
        "Single Copy": false,
        "Plans": [
          {
            "Node Type": "Aggregate",
            "Strategy": "Plain",
            "Partial Mode": "Partial",
            "Parent Relationship": "Outer",
            "Parallel Aware": false,
            "Startup Cost": 240138.01,
            "Total Cost": 240138.02,
            "Plan Rows": 1,
            "Plan Width": 8,
            "Actual Startup Time": 1601.522,
            "Actual Total Time": 1601.526,
            "Actual Rows": 1,
            "Actual Loops": 2,
            "Plans": [
              {
                "Node Type": "Nested Loop",
                "Parent Relationship": "Outer",
                "Parallel Aware": false,
                "Join Type": "Inner",
                "Startup Cost": 72548.32,
                "Total Cost": 240008.2,
                "Plan Rows": 51924,
                "Plan Width": 0,
                "Actual Startup Time": 540.883,
                "Actual Total Time": 1592.263,
                "Actual Rows": 168206,
                "Actual Loops": 2,
                "Inner Unique": false,
                "Plans": [
                  {
                    "Node Type": "Hash Join",
                    "Parent Relationship": "Outer",
                    "Parallel Aware": true,
                    "Join Type": "Inner",
                    "Startup Cost": 72547.89,
                    "Total Cost": 98295.41,
                    "Plan Rows": 85522,
                    "Plan Width": 8,
                    "Actual Startup Time": 540.75,
                    "Actual Total Time": 606.941,
                    "Actual Rows": 71806,
                    "Actual Loops": 2,
                    "Inner Unique": true,
                    "Hash Cond": "(mk.movie_id = t.id)",
                    "Plans": [
                      {
                        "Node Type": "Bitmap Heap Scan",
                        "Parent Relationship": "Outer",
                        "Parallel Aware": true,
                        "Relation Name": "movie_keyword",
                        "Alias": "mk",
                        "Startup Cost": 3087.19,
                        "Total Cost": 28610.22,
                        "Plan Rows": 85522,
                        "Plan Width": 4,
                        "Actual Startup Time": 11.165,
                        "Actual Total Time": 46.11,
                        "Actual Rows": 71806,
                        "Actual Loops": 2,
                        "Recheck Cond": "(keyword_id > 74541)",
                        "Rows Removed by Index Recheck": 0,
                        "Exact Heap Blocks": 10499,
                        "Lossy Heap Blocks": 0,
                        "Plans": [
                          {
                            "Node Type": "Bitmap Index Scan",
                            "Parent Relationship": "Outer",
                            "Parallel Aware": false,
                            "Index Name": "keyword_id_movie_keyword",
                            "Startup Cost": 0.0,
                            "Total Cost": 3050.84,
                            "Plan Rows": 145388,
                            "Plan Width": 0,
                            "Actual Startup Time": 8.371,
                            "Actual Total Time": 8.372,
                            "Actual Rows": 143611,
                            "Actual Loops": 1,
                            "Index Cond": "(keyword_id > 74541)"
                          }
                        ]
                      },
                      {
                        "Node Type": "Hash",
                        "Parent Relationship": "Inner",
                        "Parallel Aware": true,
                        "Startup Cost": 50870.31,
                        "Total Cost": 50870.31,
                        "Plan Rows": 1487231,
                        "Plan Width": 4,
                        "Actual Startup Time": 508.11,
                        "Actual Total Time": 508.11,
                        "Actual Rows": 1264156,
                        "Actual Loops": 2,
                        "Hash Buckets": 4194304,
                        "Original Hash Buckets": 4194304,
                        "Hash Batches": 1,
                        "Original Hash Batches": 1,
                        "Peak Memory Usage": 131712,
                        "Plans": [
                          {
                            "Node Type": "Seq Scan",
                            "Parent Relationship": "Outer",
                            "Parallel Aware": true,
                            "Relation Name": "title",
                            "Alias": "t",
                            "Startup Cost": 0.0,
                            "Total Cost": 50870.31,
                            "Plan Rows": 1487231,
                            "Plan Width": 4,
                            "Actual Startup Time": 0.019,
                            "Actual Total Time": 148.706,
                            "Actual Rows": 1264156,
                            "Actual Loops": 2
                          }
                        ]
                      }
                    ]
                  },
                  {
                    "Node Type": "Index Scan",
                    "Parent Relationship": "Inner",
                    "Parallel Aware": false,
                    "Scan Direction": "Forward",
                    "Index Name": "movie_id_movie_info",
                    "Relation Name": "movie_info",
                    "Alias": "mi",
                    "Startup Cost": 0.43,
                    "Total Cost": 1.62,
                    "Plan Rows": 4,
                    "Plan Width": 4,
                    "Actual Startup Time": 0.013,
                    "Actual Total Time": 0.013,
                    "Actual Rows": 2,
                    "Actual Loops": 143611,
                    "Index Cond": "(movie_id = t.id)",
                    "Rows Removed by Index Recheck": 0,
                    "Filter": "(info_type_id = 3)",
                    "Rows Removed by Filter": 65
                  }
                ]
              }
            ]
          }
        ]
      }
    ]
  },
  "Planning Time": 0.864,
  "Triggers": [],
  "Execution Time": 1657.986
}