[
  {
    "Plan": {
      "Node Type": "Aggregate",
      "Strategy": "Plain",
      "Partial Mode": "Finalize",
      "Parallel Aware": false,
      "Startup Cost": 32806.83,
      "Total Cost": 32806.84,
      "Plan Rows": 1,
      "Plan Width": 8,
      "Actual Startup Time": 94.418,
      "Actual Total Time": 102.617,
      "Actual Rows": 1,
      "Actual Loops": 1,
      "Plans": [
        {
          "Node Type": "Gather",
          "Parent Relationship": "Outer",
          "Parallel Aware": false,
          "Startup Cost": 32806.51,
          "Total Cost": 32806.82,
          "Plan Rows": 3,
          "Plan Width": 8,
          "Actual Startup Time": 94.261,
          "Actual Total Time": 102.605,
          "Actual Rows": 4,
          "Actual Loops": 1,
          "Workers Planned": 3,
          "Workers Launched": 3,
          "Single Copy": false,
          "Plans": [
            {
              "Node Type": "Aggregate",
              "Strategy": "Plain",
              "Partial Mode": "Partial",
              "Parent Relationship": "Outer",
              "Parallel Aware": false,
              "Startup Cost": 31806.51,
              "Total Cost": 31806.52,
              "Plan Rows": 1,
              "Plan Width": 8,
              "Actual Startup Time": 88.632,
              "Actual Total Time": 88.634,
              "Actual Rows": 1,
              "Actual Loops": 4,
              "Plans": [
                {
                  "Node Type": "Seq Scan",
                  "Parent Relationship": "Outer",
                  "Parallel Aware": true,
                  "Relation Name": "movie_companies",
                  "Alias": "mc",
                  "Startup Cost": 0.0,
                  "Total Cost": 31414.82,
                  "Plan Rows": 156676,
                  "Plan Width": 0,
                  "Actual Startup Time": 0.025,
                  "Actual Total Time": 78.117,
                  "Actual Rows": 174487,
                  "Actual Loops": 4,
                  "Filter": "((company_id < 4626) AND (company_type_id < 2))",
                  "Rows Removed by Filter": 477796
                }
              ]
            }
          ]
        }
      ]
    },
    "Planning Time": 0.228,
    "Triggers": [],
    "Execution Time": 102.677
  }
]