[
  {
    "Plan": {
      "Node Type": "Aggregate",
      "Strategy": "Plain",
      "Partial Mode": "Finalize",
      "Parallel Aware": false,
      "Startup Cost": 33055.93,
      "Total Cost": 33055.94,
      "Plan Rows": 1,
      "Plan Width": 8,
      "Actual Startup Time": 79.031,
      "Actual Total Time": 84.742,
      "Actual Rows": 1,
      "Actual Loops": 1,
      "Plans": [
        {
          "Node Type": "Gather",
          "Parent Relationship": "Outer",
          "Parallel Aware": false,
          "Startup Cost": 33055.61,
          "Total Cost": 33055.92,
          "Plan Rows": 3,
          "Plan Width": 8,
          "Actual Startup Time": 78.896,
          "Actual Total Time": 84.734,
          "Actual Rows": 4,
          "Actual Loops": 1,
          "Workers Planned": 3,
          "Workers Launched": 3,
          "Single Copy": false,
          "Plans": [
            {
              "Node Type": "Aggregate",
              "Strategy": "Plain",
              "Partial Mode": "Partial",
              "Parent Relationship": "Outer",
              "Parallel Aware": false,
              "Startup Cost": 32055.61,
              "Total Cost": 32055.62,
              "Plan Rows": 1,
              "Plan Width": 8,
              "Actual Startup Time": 74.267,
              "Actual Total Time": 74.268,
              "Actual Rows": 1,
              "Actual Loops": 4,
              "Plans": [
                {
                  "Node Type": "Seq Scan",
                  "Parent Relationship": "Outer",
                  "Parallel Aware": true,
                  "Relation Name": "movie_companies",
                  "Alias": "mc",
                  "Startup Cost": 0.0,
                  "Total Cost": 31414.82,
                  "Plan Rows": 256318,
                  "Plan Width": 0,
                  "Actual Startup Time": 36.489,
                  "Actual Total Time": 68.541,
                  "Actual Rows": 125229,
                  "Actual Loops": 4,
                  "Filter": "((company_id < 15038) AND (company_type_id > 1))",
                  "Rows Removed by Filter": 527054
                }
              ]
            }
          ]
        }
      ]
    },
    "Planning Time": 0.236,
    "Triggers": [],
    "Execution Time": 84.796
  }
]