[
  {
    "Plan": {
      "Node Type": "Aggregate",
      "Strategy": "Plain",
      "Partial Mode": "Finalize",
      "Parallel Aware": false,
      "Startup Cost": 31464.38,
      "Total Cost": 31464.39,
      "Plan Rows": 1,
      "Plan Width": 8,
      "Actual Startup Time": 118.422,
      "Actual Total Time": 126.295,
      "Actual Rows": 1,
      "Actual Loops": 1,
      "Plans": [
        {
          "Node Type": "Gather",
          "Parent Relationship": "Outer",
          "Parallel Aware": false,
          "Startup Cost": 31464.06,
          "Total Cost": 31464.37,
          "Plan Rows": 3,
          "Plan Width": 8,
          "Actual Startup Time": 118.262,
          "Actual Total Time": 126.277,
          "Actual Rows": 4,
          "Actual Loops": 1,
          "Workers Planned": 3,
          "Workers Launched": 3,
          "Single Copy": false,
          "Plans": [
            {
              "Node Type": "Aggregate",
              "Strategy": "Plain",
              "Partial Mode": "Partial",
              "Parent Relationship": "Outer",
              "Parallel Aware": false,
              "Startup Cost": 30464.06,
              "Total Cost": 30464.07,
              "Plan Rows": 1,
              "Plan Width": 8,
              "Actual Startup Time": 109.668,
              "Actual Total Time": 109.67,
              "Actual Rows": 1,
              "Actual Loops": 4,
              "Plans": [
                {
                  "Node Type": "Seq Scan",
                  "Parent Relationship": "Outer",
                  "Parallel Aware": true,
                  "Relation Name": "movie_companies",
                  "Alias": "mc",
                  "Startup Cost": 0.0,
                  "Total Cost": 29310.68,
                  "Plan Rows": 461352,
                  "Plan Width": 0,
                  "Actual Startup Time": 0.035,
                  "Actual Total Time": 87.612,
                  "Actual Rows": 359535,
                  "Actual Loops": 4,
                  "Filter": "(company_id < 12789)",
                  "Rows Removed by Filter": 292748
                }
              ]
            }
          ]
        }
      ]
    },
    "Planning Time": 0.2,
    "Triggers": [],
    "Execution Time": 126.351
  }
]