[
  {
    "Plan": {
      "Node Type": "Aggregate",
      "Strategy": "Plain",
      "Partial Mode": "Finalize",
      "Parallel Aware": false,
      "Startup Cost": 330702.83,
      "Total Cost": 330702.84,
      "Plan Rows": 1,
      "Plan Width": 8,
      "Actual Startup Time": 433.665,
      "Actual Total Time": 454.241,
      "Actual Rows": 1,
      "Actual Loops": 1,
      "Plans": [
        {
          "Node Type": "Gather",
          "Parent Relationship": "Outer",
          "Parallel Aware": false,
          "Startup Cost": 330702.21,
          "Total Cost": 330702.82,
          "Plan Rows": 6,
          "Plan Width": 8,
          "Actual Startup Time": 410.147,
          "Actual Total Time": 454.232,
          "Actual Rows": 7,
          "Actual Loops": 1,
          "Workers Planned": 6,
          "Workers Launched": 6,
          "Single Copy": false,
          "Plans": [
            {
              "Node Type": "Aggregate",
              "Strategy": "Plain",
              "Partial Mode": "Partial",
              "Parent Relationship": "Outer",
              "Parallel Aware": false,
              "Startup Cost": 329702.21,
              "Total Cost": 329702.22,
              "Plan Rows": 1,
              "Plan Width": 8,
              "Actual Startup Time": 386.389,
              "Actual Total Time": 386.394,
              "Actual Rows": 1,
              "Actual Loops": 7,
              "Plans": [
                {
                  "Node Type": "Hash Join",
                  "Parent Relationship": "Outer",
                  "Parallel Aware": true,
                  "Join Type": "Inner",
                  "Startup Cost": 73842.14,
                  "Total Cost": 329453.44,
                  "Plan Rows": 99508,
                  "Plan Width": 0,
                  "Actual Startup Time": 345.665,
                  "Actual Total Time": 384.574,
                  "Actual Rows": 36991,
                  "Actual Loops": 7,
                  "Inner Unique": true,
                  "Hash Cond": "(ci.movie_id = t.id)",
                  "Plans": [
                    {
                      "Node Type": "Bitmap Heap Scan",
                      "Parent Relationship": "Outer",
                      "Parallel Aware": true,
                      "Relation Name": "cast_info",
                      "Alias": "ci",
                      "Startup Cost": 23086.49,
                      "Total Cost": 278396.8,
                      "Plan Rows": 114662,
                      "Plan Width": 4,
                      "Actual Startup Time": 95.704,
                      "Actual Total Time": 108.694,
                      "Actual Rows": 40366,
                      "Actual Loops": 7,
                      "Recheck Cond": "(person_id < 107641)",
                      "Rows Removed by Index Recheck": 0,
                      "Filter": "(role_id > 1)",
                      "Rows Removed by Filter": 109731,
                      "Exact Heap Blocks": 1851,
                      "Lossy Heap Blocks": 0,
                      "Plans": [
                        {
                          "Node Type": "Bitmap Index Scan",
                          "Parent Relationship": "Outer",
                          "Parallel Aware": false,
                          "Index Name": "person_id_cast_info",
                          "Startup Cost": 0.0,
                          "Total Cost": 22914.49,
                          "Plan Rows": 1049324,
                          "Plan Width": 0,
                          "Actual Startup Time": 55.989,
                          "Actual Total Time": 55.989,
                          "Actual Rows": 1050683,
                          "Actual Loops": 1,
                          "Index Cond": "(person_id < 107641)"
                        }
                      ]
                    },
                    {
                      "Node Type": "Hash",
                      "Parent Relationship": "Inner",
                      "Parallel Aware": true,
                      "Startup Cost": 43898.92,
                      "Total Cost": 43898.92,
                      "Plan Rows": 548539,
                      "Plan Width": 4,
                      "Actual Startup Time": 242.91,
                      "Actual Total Time": 242.911,
                      "Actual Rows": 311759,
                      "Actual Loops": 7,
                      "Hash Buckets": 4194304,
                      "Original Hash Buckets": 4194304,
                      "Hash Batches": 1,
                      "Original Hash Batches": 1,
                      "Peak Memory Usage": 118272,
                      "Plans": [
                        {
                          "Node Type": "Seq Scan",
                          "Parent Relationship": "Outer",
                          "Parallel Aware": true,
                          "Relation Name": "title",
                          "Alias": "t",
                          "Startup Cost": 0.0,
                          "Total Cost": 43898.92,
                          "Plan Rows": 548539,
                          "Plan Width": 4,
                          "Actual Startup Time": 0.043,
                          "Actual Total Time": 82.739,
                          "Actual Rows": 311759,
                          "Actual Loops": 7,
                          "Filter": "(production_year > 1962)",
                          "Rows Removed by Filter": 49428
                        }
                      ]
                    }
                  ]
                }
              ]
            }
          ]
        }
      ]
    },
    "Planning Time": 0.699,
    "Triggers": [],
    "Execution Time": 454.343
  }
]