[
    {
        "Bao": {
            "Bao prediction": "NaN",
            "Bao recommended hint": "(no hint)"
        }
    },
    {
        "Plan": {
            "Node Type": "Aggregate",
            "Strategy": "Plain",
            "Partial Mode": "Finalize",
            "Parallel Aware": false,
            "Startup Cost": 31269.68,
            "Total Cost": 31269.69,
            "Plan Rows": 1,
            "Plan Width": 8,
            "Actual Startup Time": 98.028,
            "Actual Total Time": 103.757,
            "Actual Rows": 1,
            "Actual Loops": 1,
            "Output": [
                "count(*)"
            ],
            "Plans": [
                {
                    "Node Type": "Gather",
                    "Parent Relationship": "Outer",
                    "Parallel Aware": false,
                    "Startup Cost": 31269.36,
                    "Total Cost": 31269.67,
                    "Plan Rows": 3,
                    "Plan Width": 8,
                    "Actual Startup Time": 97.867,
                    "Actual Total Time": 103.75,
                    "Actual Rows": 4,
                    "Actual Loops": 1,
                    "Output": [
                        "(PARTIAL count(*))"
                    ],
                    "Workers Planned": 3,
                    "Workers Launched": 3,
                    "Single Copy": false,
                    "Plans": [
                        {
                            "Node Type": "Aggregate",
                            "Strategy": "Plain",
                            "Partial Mode": "Partial",
                            "Parent Relationship": "Outer",
                            "Parallel Aware": false,
                            "Startup Cost": 30269.36,
                            "Total Cost": 30269.37,
                            "Plan Rows": 1,
                            "Plan Width": 8,
                            "Actual Startup Time": 90.021,
                            "Actual Total Time": 90.022,
                            "Actual Rows": 1,
                            "Actual Loops": 4,
                            "Output": [
                                "PARTIAL count(*)"
                            ],
                            "Workers": [
                                {
                                    "Worker Number": 0,
                                    "Actual Startup Time": 87.193,
                                    "Actual Total Time": 87.194,
                                    "Actual Rows": 1,
                                    "Actual Loops": 1
                                },
                                {
                                    "Worker Number": 1,
                                    "Actual Startup Time": 87.378,
                                    "Actual Total Time": 87.379,
                                    "Actual Rows": 1,
                                    "Actual Loops": 1
                                },
                                {
                                    "Worker Number": 2,
                                    "Actual Startup Time": 87.92,
                                    "Actual Total Time": 87.921,
                                    "Actual Rows": 1,
                                    "Actual Loops": 1
                                }
                            ],
                            "Plans": [
                                {
                                    "Node Type": "Seq Scan",
                                    "Parent Relationship": "Outer",
                                    "Parallel Aware": true,
                                    "Relation Name": "movie_companies",
                                    "Schema": "public",
                                    "Alias": "mc",
                                    "Startup Cost": 0.0,
                                    "Total Cost": 29310.68,
                                    "Plan Rows": 383472,
                                    "Plan Width": 0,
                                    "Actual Startup Time": 15.145,
                                    "Actual Total Time": 75.744,
                                    "Actual Rows": 299034,
                                    "Actual Loops": 4,
                                    "Output": [
                                        "id",
                                        "movie_id",
                                        "company_id",
                                        "company_type_id",
                                        "note"
                                    ],
                                    "Filter": "(mc.company_id > 12390)",
                                    "Rows Removed by Filter": 353248,
                                    "Workers": [
                                        {
                                            "Worker Number": 0,
                                            "Actual Startup Time": 12.334,
                                            "Actual Total Time": 73.334,
                                            "Actual Rows": 296313,
                                            "Actual Loops": 1
                                        },
                                        {
                                            "Worker Number": 1,
                                            "Actual Startup Time": 12.49,
                                            "Actual Total Time": 73.513,
                                            "Actual Rows": 196307,
                                            "Actual Loops": 1
                                        },
                                        {
                                            "Worker Number": 2,
                                            "Actual Startup Time": 13.048,
                                            "Actual Total Time": 74.027,
                                            "Actual Rows": 296902,
                                            "Actual Loops": 1
                                        }
                                    ]
                                }
                            ]
                        }
                    ]
                }
            ]
        },
        "Planning Time": 191.855,
        "Triggers": [],
        "Execution Time": 103.799
    }
]