[
  {
    "Plan": {
      "Node Type": "Aggregate",
      "Strategy": "Plain",
      "Partial Mode": "Finalize",
      "Parallel Aware": false,
      "Startup Cost": 60206.89,
      "Total Cost": 60206.9,
      "Plan Rows": 1,
      "Plan Width": 8,
      "Actual Startup Time": 104.321,
      "Actual Total Time": 117.945,
      "Actual Rows": 1,
      "Actual Loops": 1,
      "Plans": [
        {
          "Node Type": "Gather",
          "Parent Relationship": "Outer",
          "Parallel Aware": false,
          "Startup Cost": 60206.47,
          "Total Cost": 60206.88,
          "Plan Rows": 4,
          "Plan Width": 8,
          "Actual Startup Time": 104.185,
          "Actual Total Time": 117.937,
          "Actual Rows": 5,
          "Actual Loops": 1,
          "Workers Planned": 4,
          "Workers Launched": 4,
          "Single Copy": false,
          "Plans": [
            {
              "Node Type": "Aggregate",
              "Strategy": "Plain",
              "Partial Mode": "Partial",
              "Parent Relationship": "Outer",
              "Parallel Aware": false,
              "Startup Cost": 59206.47,
              "Total Cost": 59206.48,
              "Plan Rows": 1,
              "Plan Width": 8,
              "Actual Startup Time": 94.473,
              "Actual Total Time": 94.474,
              "Actual Rows": 1,
              "Actual Loops": 5,
              "Plans": [
                {
                  "Node Type": "Nested Loop",
                  "Parent Relationship": "Outer",
                  "Parallel Aware": false,
                  "Join Type": "Inner",
                  "Startup Cost": 0.43,
                  "Total Cost": 59205.26,
                  "Plan Rows": 486,
                  "Plan Width": 0,
                  "Actual Startup Time": 59.218,
                  "Actual Total Time": 94.402,
                  "Actual Rows": 921,
                  "Actual Loops": 5,
                  "Inner Unique": false,
                  "Plans": [
                    {
                      "Node Type": "Seq Scan",
                      "Parent Relationship": "Outer",
                      "Parallel Aware": true,
                      "Relation Name": "title",
                      "Alias": "t",
                      "Startup Cost": 0.0,
                      "Total Cost": 45479.1,
                      "Plan Rows": 1630,
                      "Plan Width": 4,
                      "Actual Startup Time": 59.075,
                      "Actual Total Time": 82.577,
                      "Actual Rows": 1001,
                      "Actual Loops": 5,
                      "Filter": "((kind_id = 1) AND (production_year = 1991))",
                      "Rows Removed by Filter": 504661
                    },
                    {
                      "Node Type": "Index Scan",
                      "Parent Relationship": "Inner",
                      "Parallel Aware": false,
                      "Scan Direction": "Forward",
                      "Index Name": "movie_id_movie_keyword",
                      "Relation Name": "movie_keyword",
                      "Alias": "mk",
                      "Startup Cost": 0.43,
                      "Total Cost": 8.34,
                      "Plan Rows": 8,
                      "Plan Width": 4,
                      "Actual Startup Time": 0.011,
                      "Actual Total Time": 0.011,
                      "Actual Rows": 1,
                      "Actual Loops": 5006,
                      "Index Cond": "(movie_id = t.id)",
                      "Rows Removed by Index Recheck": 0,
                      "Filter": "(keyword_id < 712)",
                      "Rows Removed by Filter": 5
                    }
                  ]
                }
              ]
            }
          ]
        }
      ]
    },
    "Planning Time": 0.703,
    "Triggers": [],
    "Execution Time": 118.018
  }
]