[
  {
    "Plan": {
      "Node Type": "Aggregate",
      "Strategy": "Plain",
      "Partial Mode": "Finalize",
      "Parallel Aware": false,
      "Startup Cost": 62217.97,
      "Total Cost": 62217.98,
      "Plan Rows": 1,
      "Plan Width": 8,
      "Actual Startup Time": 205.205,
      "Actual Total Time": 218.527,
      "Actual Rows": 1,
      "Actual Loops": 1,
      "Plans": [
        {
          "Node Type": "Gather",
          "Parent Relationship": "Outer",
          "Parallel Aware": false,
          "Startup Cost": 62217.76,
          "Total Cost": 62217.97,
          "Plan Rows": 2,
          "Plan Width": 8,
          "Actual Startup Time": 204.674,
          "Actual Total Time": 218.519,
          "Actual Rows": 3,
          "Actual Loops": 1,
          "Workers Planned": 2,
          "Workers Launched": 2,
          "Single Copy": false,
          "Plans": [
            {
              "Node Type": "Aggregate",
              "Strategy": "Plain",
              "Partial Mode": "Partial",
              "Parent Relationship": "Outer",
              "Parallel Aware": false,
              "Startup Cost": 61217.76,
              "Total Cost": 61217.77,
              "Plan Rows": 1,
              "Plan Width": 8,
              "Actual Startup Time": 196.927,
              "Actual Total Time": 196.93,
              "Actual Rows": 1,
              "Actual Loops": 3,
              "Plans": [
                {
                  "Node Type": "Hash Join",
                  "Parent Relationship": "Outer",
                  "Parallel Aware": true,
                  "Join Type": "Inner",
                  "Startup Cost": 45584.47,
                  "Total Cost": 61211.35,
                  "Plan Rows": 2562,
                  "Plan Width": 0,
                  "Actual Startup Time": 158.927,
                  "Actual Total Time": 196.799,
                  "Actual Rows": 1873,
                  "Actual Loops": 3,
                  "Inner Unique": true,
                  "Hash Cond": "(mi_idx.movie_id = t.id)",
                  "Plans": [
                    {
                      "Node Type": "Seq Scan",
                      "Parent Relationship": "Outer",
                      "Parallel Aware": true,
                      "Relation Name": "movie_info_idx",
                      "Alias": "mi_idx",
                      "Startup Cost": 0.0,
                      "Total Cost": 15122.68,
                      "Plan Rows": 192074,
                      "Plan Width": 4,
                      "Actual Startup Time": 0.024,
                      "Actual Total Time": 41.386,
                      "Actual Rows": 153395,
                      "Actual Loops": 3,
                      "Filter": "(info_type_id > 100)",
                      "Rows Removed by Filter": 306617
                    },
                    {
                      "Node Type": "Hash",
                      "Parent Relationship": "Inner",
                      "Parallel Aware": true,
                      "Startup Cost": 45479.1,
                      "Total Cost": 45479.1,
                      "Plan Rows": 8430,
                      "Plan Width": 4,
                      "Actual Startup Time": 130.958,
                      "Actual Total Time": 130.959,
                      "Actual Rows": 29757,
                      "Actual Loops": 3,
                      "Hash Buckets": 131072,
                      "Original Hash Buckets": 65536,
                      "Hash Batches": 1,
                      "Original Hash Batches": 1,
                      "Peak Memory Usage": 5088,
                      "Plans": [
                        {
                          "Node Type": "Seq Scan",
                          "Parent Relationship": "Outer",
                          "Parallel Aware": true,
                          "Relation Name": "title",
                          "Alias": "t",
                          "Startup Cost": 0.0,
                          "Total Cost": 45479.1,
                          "Plan Rows": 8430,
                          "Plan Width": 4,
                          "Actual Startup Time": 76.416,
                          "Actual Total Time": 119.811,
                          "Actual Rows": 29757,
                          "Actual Loops": 3,
                          "Filter": "((kind_id < 7) AND (production_year < 1921))",
                          "Rows Removed by Filter": 813014
                        }
                      ]
                    }
                  ]
                }
              ]
            }
          ]
        }
      ]
    },
    "Planning Time": 0.61,
    "Triggers": [],
    "Execution Time": 218.597
  }
]