[
  {
    "Plan": {
      "Node Type": "Aggregate",
      "Strategy": "Plain",
      "Partial Mode": "Finalize",
      "Parallel Aware": false,
      "Startup Cost": 331554.26,
      "Total Cost": 331554.27,
      "Plan Rows": 1,
      "Plan Width": 8,
      "Actual Startup Time": 623.24,
      "Actual Total Time": 667.897,
      "Actual Rows": 1,
      "Actual Loops": 1,
      "Plans": [
        {
          "Node Type": "Gather",
          "Parent Relationship": "Outer",
          "Parallel Aware": false,
          "Startup Cost": 331553.64,
          "Total Cost": 331554.25,
          "Plan Rows": 6,
          "Plan Width": 8,
          "Actual Startup Time": 623.048,
          "Actual Total Time": 667.882,
          "Actual Rows": 7,
          "Actual Loops": 1,
          "Workers Planned": 6,
          "Workers Launched": 6,
          "Single Copy": false,
          "Plans": [
            {
              "Node Type": "Aggregate",
              "Strategy": "Plain",
              "Partial Mode": "Partial",
              "Parent Relationship": "Outer",
              "Parallel Aware": false,
              "Startup Cost": 330553.64,
              "Total Cost": 330553.65,
              "Plan Rows": 1,
              "Plan Width": 8,
              "Actual Startup Time": 615.769,
              "Actual Total Time": 615.77,
              "Actual Rows": 1,
              "Actual Loops": 7,
              "Plans": [
                {
                  "Node Type": "Seq Scan",
                  "Parent Relationship": "Outer",
                  "Parallel Aware": true,
                  "Relation Name": "cast_info",
                  "Alias": "ci",
                  "Startup Cost": 0.0,
                  "Total Cost": 328211.39,
                  "Plan Rows": 936899,
                  "Plan Width": 0,
                  "Actual Startup Time": 383.871,
                  "Actual Total Time": 574.719,
                  "Actual Rows": 795314,
                  "Actual Loops": 7,
                  "Filter": "(person_id > 3095782)",
                  "Rows Removed by Filter": 4382449
                }
              ]
            }
          ]
        }
      ]
    },
    "Planning Time": 0.165,
    "Triggers": [],
    "Execution Time": 667.96
  }
]