[
  {
    "Plan": {
      "Node Type": "Aggregate",
      "Strategy": "Plain",
      "Partial Mode": "Finalize",
      "Parallel Aware": false,
      "Startup Cost": 94984.29,
      "Total Cost": 94984.3,
      "Plan Rows": 1,
      "Plan Width": 8,
      "Actual Startup Time": 234.585,
      "Actual Total Time": 254.152,
      "Actual Rows": 1,
      "Actual Loops": 1,
      "Plans": [
        {
          "Node Type": "Gather",
          "Parent Relationship": "Outer",
          "Parallel Aware": false,
          "Startup Cost": 94983.87,
          "Total Cost": 94984.28,
          "Plan Rows": 4,
          "Plan Width": 8,
          "Actual Startup Time": 234.265,
          "Actual Total Time": 254.144,
          "Actual Rows": 5,
          "Actual Loops": 1,
          "Workers Planned": 4,
          "Workers Launched": 4,
          "Single Copy": false,
          "Plans": [
            {
              "Node Type": "Aggregate",
              "Strategy": "Plain",
              "Partial Mode": "Partial",
              "Parent Relationship": "Outer",
              "Parallel Aware": false,
              "Startup Cost": 93983.87,
              "Total Cost": 93983.88,
              "Plan Rows": 1,
              "Plan Width": 8,
              "Actual Startup Time": 223.803,
              "Actual Total Time": 223.807,
              "Actual Rows": 1,
              "Actual Loops": 5,
              "Plans": [
                {
                  "Node Type": "Hash Join",
                  "Parent Relationship": "Outer",
                  "Parallel Aware": true,
                  "Join Type": "Inner",
                  "Startup Cost": 43946.24,
                  "Total Cost": 93978.62,
                  "Plan Rows": 2100,
                  "Plan Width": 0,
                  "Actual Startup Time": 104.732,
                  "Actual Total Time": 223.632,
                  "Actual Rows": 1578,
                  "Actual Loops": 5,
                  "Inner Unique": true,
                  "Hash Cond": "(ci.movie_id = t.id)",
                  "Plans": [
                    {
                      "Node Type": "Index Scan",
                      "Parent Relationship": "Outer",
                      "Parallel Aware": true,
                      "Scan Direction": "Forward",
                      "Index Name": "role_id_cast_info",
                      "Relation Name": "cast_info",
                      "Alias": "ci",
                      "Startup Cost": 0.56,
                      "Total Cost": 49093.36,
                      "Plan Rows": 357939,
                      "Plan Width": 4,
                      "Actual Startup Time": 0.285,
                      "Actual Total Time": 80.929,
                      "Actual Rows": 277590,
                      "Actual Loops": 5,
                      "Index Cond": "(role_id = 8)",
                      "Rows Removed by Index Recheck": 0,
                      "Filter": "(person_id > 663667)",
                      "Rows Removed by Filter": 63118
                    },
                    {
                      "Node Type": "Hash",
                      "Parent Relationship": "Inner",
                      "Parallel Aware": true,
                      "Startup Cost": 43899.32,
                      "Total Cost": 43899.32,
                      "Plan Rows": 3708,
                      "Plan Width": 4,
                      "Actual Startup Time": 103.02,
                      "Actual Total Time": 103.021,
                      "Actual Rows": 2847,
                      "Actual Loops": 5,
                      "Hash Buckets": 16384,
                      "Original Hash Buckets": 16384,
                      "Hash Batches": 1,
                      "Original Hash Batches": 1,
                      "Peak Memory Usage": 736,
                      "Plans": [
                        {
                          "Node Type": "Seq Scan",
                          "Parent Relationship": "Outer",
                          "Parallel Aware": true,
                          "Relation Name": "title",
                          "Alias": "t",
                          "Startup Cost": 0.0,
                          "Total Cost": 43899.32,
                          "Plan Rows": 3708,
                          "Plan Width": 4,
                          "Actual Startup Time": 0.284,
                          "Actual Total Time": 100.912,
                          "Actual Rows": 2847,
                          "Actual Loops": 5,
                          "Filter": "(production_year = 1968)",
                          "Rows Removed by Filter": 502815
                        }
                      ]
                    }
                  ]
                }
              ]
            }
          ]
        }
      ]
    },
    "Planning Time": 0.658,
    "Triggers": [],
    "Execution Time": 254.231
  }
]