[
  {
    "Plan": {
      "Node Type": "Aggregate",
      "Strategy": "Plain",
      "Partial Mode": "Finalize",
      "Parallel Aware": false,
      "Startup Cost": 46939.75,
      "Total Cost": 46939.76,
      "Plan Rows": 1,
      "Plan Width": 8,
      "Actual Startup Time": 159.048,
      "Actual Total Time": 169.387,
      "Actual Rows": 1,
      "Actual Loops": 1,
      "Plans": [
        {
          "Node Type": "Gather",
          "Parent Relationship": "Outer",
          "Parallel Aware": false,
          "Startup Cost": 46939.43,
          "Total Cost": 46939.74,
          "Plan Rows": 3,
          "Plan Width": 8,
          "Actual Startup Time": 158.779,
          "Actual Total Time": 169.376,
          "Actual Rows": 4,
          "Actual Loops": 1,
          "Workers Planned": 3,
          "Workers Launched": 3,
          "Single Copy": false,
          "Plans": [
            {
              "Node Type": "Aggregate",
              "Strategy": "Plain",
              "Partial Mode": "Partial",
              "Parent Relationship": "Outer",
              "Parallel Aware": false,
              "Startup Cost": 45939.43,
              "Total Cost": 45939.44,
              "Plan Rows": 1,
              "Plan Width": 8,
              "Actual Startup Time": 154.84,
              "Actual Total Time": 154.841,
              "Actual Rows": 1,
              "Actual Loops": 4,
              "Plans": [
                {
                  "Node Type": "Seq Scan",
                  "Parent Relationship": "Outer",
                  "Parallel Aware": true,
                  "Relation Name": "movie_keyword",
                  "Alias": "mk",
                  "Startup Cost": 0.0,
                  "Total Cost": 42695.65,
                  "Plan Rows": 1297512,
                  "Plan Width": 0,
                  "Actual Startup Time": 0.05,
                  "Actual Total Time": 113.586,
                  "Actual Rows": 1005486,
                  "Actual Loops": 4,
                  "Filter": "(keyword_id > 359)",
                  "Rows Removed by Filter": 125496
                }
              ]
            }
          ]
        }
      ]
    },
    "Planning Time": 0.14,
    "Triggers": [],
    "Execution Time": 169.433
  }
]