[
  {
    "Plan": {
      "Node Type": "Aggregate",
      "Strategy": "Plain",
      "Partial Mode": "Finalize",
      "Parallel Aware": false,
      "Startup Cost": 118929.66,
      "Total Cost": 118929.67,
      "Plan Rows": 1,
      "Plan Width": 8,
      "Actual Startup Time": 703.676,
      "Actual Total Time": 722.881,
      "Actual Rows": 1,
      "Actual Loops": 1,
      "Plans": [
        {
          "Node Type": "Gather",
          "Parent Relationship": "Outer",
          "Parallel Aware": false,
          "Startup Cost": 118929.34,
          "Total Cost": 118929.65,
          "Plan Rows": 3,
          "Plan Width": 8,
          "Actual Startup Time": 697.809,
          "Actual Total Time": 722.874,
          "Actual Rows": 4,
          "Actual Loops": 1,
          "Workers Planned": 3,
          "Workers Launched": 3,
          "Single Copy": false,
          "Plans": [
            {
              "Node Type": "Aggregate",
              "Strategy": "Plain",
              "Partial Mode": "Partial",
              "Parent Relationship": "Outer",
              "Parallel Aware": false,
              "Startup Cost": 117929.34,
              "Total Cost": 117929.35,
              "Plan Rows": 1,
              "Plan Width": 8,
              "Actual Startup Time": 687.989,
              "Actual Total Time": 687.994,
              "Actual Rows": 1,
              "Actual Loops": 4,
              "Plans": [
                {
                  "Node Type": "Hash Join",
                  "Parent Relationship": "Outer",
                  "Parallel Aware": true,
                  "Join Type": "Inner",
                  "Startup Cost": 67061.04,
                  "Total Cost": 116891.0,
                  "Plan Rows": 415337,
                  "Plan Width": 0,
                  "Actual Startup Time": 386.259,
                  "Actual Total Time": 649.707,
                  "Actual Rows": 975762,
                  "Actual Loops": 4,
                  "Inner Unique": false,
                  "Hash Cond": "(mk.movie_id = t.id)",
                  "Plans": [
                    {
                      "Node Type": "Seq Scan",
                      "Parent Relationship": "Outer",
                      "Parallel Aware": true,
                      "Relation Name": "movie_keyword",
                      "Alias": "mk",
                      "Startup Cost": 0.0,
                      "Total Cost": 42695.65,
                      "Plan Rows": 1440993,
                      "Plan Width": 4,
                      "Actual Startup Time": 0.047,
                      "Actual Total Time": 111.018,
                      "Actual Rows": 1117361,
                      "Actual Loops": 4,
                      "Filter": "(keyword_id > 52)",
                      "Rows Removed by Filter": 13622
                    },
                    {
                      "Node Type": "Hash",
                      "Parent Relationship": "Inner",
                      "Parallel Aware": true,
                      "Startup Cost": 63265.56,
                      "Total Cost": 63265.56,
                      "Plan Rows": 303638,
                      "Plan Width": 8,
                      "Actual Startup Time": 380.801,
                      "Actual Total Time": 380.804,
                      "Actual Rows": 156640,
                      "Actual Loops": 4,
                      "Hash Buckets": 1048576,
                      "Original Hash Buckets": 1048576,
                      "Hash Batches": 1,
                      "Original Hash Batches": 1,
                      "Peak Memory Usage": 32800,
                      "Plans": [
                        {
                          "Node Type": "Hash Join",
                          "Parent Relationship": "Outer",
                          "Parallel Aware": true,
                          "Join Type": "Inner",
                          "Startup Cost": 48071.0,
                          "Total Cost": 63265.56,
                          "Plan Rows": 303638,
                          "Plan Width": 8,
                          "Actual Startup Time": 238.179,
                          "Actual Total Time": 336.901,
                          "Actual Rows": 156640,
                          "Actual Loops": 4,
                          "Inner Unique": true,
                          "Hash Cond": "(mi_idx.movie_id = t.id)",
                          "Plans": [
                            {
                              "Node Type": "Seq Scan",
                              "Parent Relationship": "Outer",
                              "Parallel Aware": true,
                              "Relation Name": "movie_info_idx",
                              "Alias": "mi_idx",
                              "Startup Cost": 0.0,
                              "Total Cost": 13685.15,
                              "Plan Rows": 575015,
                              "Plan Width": 4,
                              "Actual Startup Time": 0.024,
                              "Actual Total Time": 28.365,
                              "Actual Rows": 345009,
                              "Actual Loops": 4
                            },
                            {
                              "Node Type": "Hash",
                              "Parent Relationship": "Inner",
                              "Parallel Aware": true,
                              "Startup Cost": 43898.92,
                              "Total Cost": 43898.92,
                              "Plan Rows": 333767,
                              "Plan Width": 4,
                              "Actual Startup Time": 233.528,
                              "Actual Total Time": 233.529,
                              "Actual Rows": 330716,
                              "Actual Loops": 4,
                              "Hash Buckets": 2097152,
                              "Original Hash Buckets": 2097152,
                              "Hash Batches": 1,
                              "Original Hash Batches": 1,
                              "Peak Memory Usage": 68224,
                              "Plans": [
                                {
                                  "Node Type": "Seq Scan",
                                  "Parent Relationship": "Outer",
                                  "Parallel Aware": true,
                                  "Relation Name": "title",
                                  "Alias": "t",
                                  "Startup Cost": 0.0,
                                  "Total Cost": 43898.92,
                                  "Plan Rows": 333767,
                                  "Plan Width": 4,
                                  "Actual Startup Time": 0.046,
                                  "Actual Total Time": 105.853,
                                  "Actual Rows": 330716,
                                  "Actual Loops": 4,
                                  "Filter": "(production_year > 2001)",
                                  "Rows Removed by Filter": 301362
                                }
                              ]
                            }
                          ]
                        }
                      ]
                    }
                  ]
                }
              ]
            }
          ]
        }
      ]
    },
    "Planning Time": 1.298,
    "Triggers": [],
    "Execution Time": 722.984
  }
]