[
  {
    "Plan": {
      "Node Type": "Aggregate",
      "Strategy": "Plain",
      "Partial Mode": "Finalize",
      "Parallel Aware": false,
      "Startup Cost": 56845.72,
      "Total Cost": 56845.73,
      "Plan Rows": 1,
      "Plan Width": 8,
      "Actual Startup Time": 101.438,
      "Actual Total Time": 114.945,
      "Actual Rows": 1,
      "Actual Loops": 1,
      "Plans": [
        {
          "Node Type": "Gather",
          "Parent Relationship": "Outer",
          "Parallel Aware": false,
          "Startup Cost": 56845.3,
          "Total Cost": 56845.71,
          "Plan Rows": 4,
          "Plan Width": 8,
          "Actual Startup Time": 101.326,
          "Actual Total Time": 114.939,
          "Actual Rows": 5,
          "Actual Loops": 1,
          "Workers Planned": 4,
          "Workers Launched": 4,
          "Single Copy": false,
          "Plans": [
            {
              "Node Type": "Aggregate",
              "Strategy": "Plain",
              "Partial Mode": "Partial",
              "Parent Relationship": "Outer",
              "Parallel Aware": false,
              "Startup Cost": 55845.3,
              "Total Cost": 55845.31,
              "Plan Rows": 1,
              "Plan Width": 8,
              "Actual Startup Time": 91.657,
              "Actual Total Time": 91.659,
              "Actual Rows": 1,
              "Actual Loops": 5,
              "Plans": [
                {
                  "Node Type": "Nested Loop",
                  "Parent Relationship": "Outer",
                  "Parallel Aware": false,
                  "Join Type": "Inner",
                  "Startup Cost": 0.43,
                  "Total Cost": 55844.49,
                  "Plan Rows": 322,
                  "Plan Width": 0,
                  "Actual Startup Time": 0.789,
                  "Actual Total Time": 91.609,
                  "Actual Rows": 197,
                  "Actual Loops": 5,
                  "Inner Unique": false,
                  "Plans": [
                    {
                      "Node Type": "Seq Scan",
                      "Parent Relationship": "Outer",
                      "Parallel Aware": true,
                      "Relation Name": "title",
                      "Alias": "t",
                      "Startup Cost": 0.0,
                      "Total Cost": 45479.1,
                      "Plan Rows": 1787,
                      "Plan Width": 4,
                      "Actual Startup Time": 0.153,
                      "Actual Total Time": 83.143,
                      "Actual Rows": 1511,
                      "Actual Loops": 5,
                      "Filter": "((kind_id > 1) AND (production_year = 1959))",
                      "Rows Removed by Filter": 504151
                    },
                    {
                      "Node Type": "Index Scan",
                      "Parent Relationship": "Inner",
                      "Parallel Aware": false,
                      "Scan Direction": "Forward",
                      "Index Name": "movie_id_movie_info_idx",
                      "Relation Name": "movie_info_idx",
                      "Alias": "mi_idx",
                      "Startup Cost": 0.43,
                      "Total Cost": 5.79,
                      "Plan Rows": 1,
                      "Plan Width": 4,
                      "Actual Startup Time": 0.005,
                      "Actual Total Time": 0.005,
                      "Actual Rows": 0,
                      "Actual Loops": 7556,
                      "Index Cond": "(movie_id = t.id)",
                      "Rows Removed by Index Recheck": 0,
                      "Filter": "(info_type_id = 99)",
                      "Rows Removed by Filter": 0
                    }
                  ]
                }
              ]
            }
          ]
        }
      ]
    },
    "Planning Time": 0.653,
    "Triggers": [],
    "Execution Time": 115.016
  }
]