[
  {
    "Plan": {
      "Node Type": "Aggregate",
      "Strategy": "Plain",
      "Partial Mode": "Finalize",
      "Parallel Aware": false,
      "Startup Cost": 381847.63,
      "Total Cost": 381847.64,
      "Plan Rows": 1,
      "Plan Width": 8,
      "Actual Startup Time": 1111.334,
      "Actual Total Time": 1179.973,
      "Actual Rows": 1,
      "Actual Loops": 1,
      "Plans": [
        {
          "Node Type": "Gather",
          "Parent Relationship": "Outer",
          "Parallel Aware": false,
          "Startup Cost": 381847.0,
          "Total Cost": 381847.61,
          "Plan Rows": 6,
          "Plan Width": 8,
          "Actual Startup Time": 1107.555,
          "Actual Total Time": 1179.961,
          "Actual Rows": 7,
          "Actual Loops": 1,
          "Workers Planned": 6,
          "Workers Launched": 6,
          "Single Copy": false,
          "Plans": [
            {
              "Node Type": "Aggregate",
              "Strategy": "Plain",
              "Partial Mode": "Partial",
              "Parent Relationship": "Outer",
              "Parallel Aware": false,
              "Startup Cost": 380847.0,
              "Total Cost": 380847.01,
              "Plan Rows": 1,
              "Plan Width": 8,
              "Actual Startup Time": 1096.399,
              "Actual Total Time": 1096.439,
              "Actual Rows": 1,
              "Actual Loops": 7,
              "Plans": [
                {
                  "Node Type": "Hash Join",
                  "Parent Relationship": "Outer",
                  "Parallel Aware": true,
                  "Join Type": "Inner",
                  "Startup Cost": 46258.79,
                  "Total Cost": 380294.93,
                  "Plan Rows": 220830,
                  "Plan Width": 0,
                  "Actual Startup Time": 372.126,
                  "Actual Total Time": 1085.846,
                  "Actual Rows": 190376,
                  "Actual Loops": 7,
                  "Inner Unique": true,
                  "Hash Cond": "(ci.movie_id = t.id)",
                  "Plans": [
                    {
                      "Node Type": "Seq Scan",
                      "Parent Relationship": "Outer",
                      "Parallel Aware": true,
                      "Relation Name": "cast_info",
                      "Alias": "ci",
                      "Startup Cost": 0.0,
                      "Total Cost": 328162.03,
                      "Plan Rows": 2237754,
                      "Plan Width": 4,
                      "Actual Startup Time": 261.938,
                      "Actual Total Time": 615.496,
                      "Actual Rows": 1914544,
                      "Actual Loops": 7,
                      "Filter": "(person_id > 2332861)",
                      "Rows Removed by Filter": 3263220
                    },
                    {
                      "Node Type": "Hash",
                      "Parent Relationship": "Inner",
                      "Parallel Aware": true,
                      "Startup Cost": 45479.1,
                      "Total Cost": 45479.1,
                      "Plan Rows": 62375,
                      "Plan Width": 4,
                      "Actual Startup Time": 108.158,
                      "Actual Total Time": 108.159,
                      "Actual Rows": 52232,
                      "Actual Loops": 7,
                      "Hash Buckets": 524288,
                      "Original Hash Buckets": 262144,
                      "Hash Batches": 1,
                      "Original Hash Batches": 1,
                      "Peak Memory Usage": 20576,
                      "Plans": [
                        {
                          "Node Type": "Seq Scan",
                          "Parent Relationship": "Outer",
                          "Parallel Aware": true,
                          "Relation Name": "title",
                          "Alias": "t",
                          "Startup Cost": 0.0,
                          "Total Cost": 45479.1,
                          "Plan Rows": 62375,
                          "Plan Width": 4,
                          "Actual Startup Time": 0.056,
                          "Actual Total Time": 78.22,
                          "Actual Rows": 52232,
                          "Actual Loops": 7,
                          "Filter": "((kind_id < 7) AND (production_year < 1988))",
                          "Rows Removed by Filter": 308956
                        }
                      ]
                    }
                  ]
                }
              ]
            }
          ]
        }
      ]
    },
    "Planning Time": 0.631,
    "Triggers": [],
    "Execution Time": 1180.062
  }
]