{
  "Plan": {
    "Node Type": "Aggregate",
    "Strategy": "Plain",
    "Partial Mode": "Finalize",
    "Parallel Aware": false,
    "Startup Cost": 140302.58,
    "Total Cost": 140302.59,
    "Plan Rows": 1,
    "Plan Width": 8,
    "Actual Startup Time": 953.256,
    "Actual Total Time": 975.889,
    "Actual Rows": 1,
    "Actual Loops": 1,
    "Plans": [
      {
        "Node Type": "Gather",
        "Parent Relationship": "Outer",
        "Parallel Aware": false,
        "Startup Cost": 140302.47,
        "Total Cost": 140302.58,
        "Plan Rows": 1,
        "Plan Width": 8,
        "Actual Startup Time": 949.064,
        "Actual Total Time": 975.879,
        "Actual Rows": 2,
        "Actual Loops": 1,
        "Workers Planned": 1,
        "Workers Launched": 1,
        "Single Copy": false,
        "Plans": [
          {
            "Node Type": "Aggregate",
            "Strategy": "Plain",
            "Partial Mode": "Partial",
            "Parent Relationship": "Outer",
            "Parallel Aware": false,
            "Startup Cost": 139302.47,
            "Total Cost": 139302.48,
            "Plan Rows": 1,
            "Plan Width": 8,
            "Actual Startup Time": 936.289,
            "Actual Total Time": 936.295,
            "Actual Rows": 1,
            "Actual Loops": 2,
            "Plans": [
              {
                "Node Type": "Hash Join",
                "Parent Relationship": "Outer",
                "Parallel Aware": true,
                "Join Type": "Inner",
                "Startup Cost": 98752.52,
                "Total Cost": 139106.61,
                "Plan Rows": 78344,
                "Plan Width": 0,
                "Actual Startup Time": 678.921,
                "Actual Total Time": 912.489,
                "Actual Rows": 620246,
                "Actual Loops": 2,
                "Inner Unique": false,
                "Hash Cond": "(mc.movie_id = t.id)",
                "Plans": [
                  {
                    "Node Type": "Seq Scan",
                    "Parent Relationship": "Outer",
                    "Parallel Aware": true,
                    "Relation Name": "movie_companies",
                    "Alias": "mc",
                    "Startup Cost": 0.0,
                    "Total Cost": 34137.82,
                    "Plan Rows": 1534782,
                    "Plan Width": 4,
                    "Actual Startup Time": 0.015,
                    "Actual Total Time": 100.199,
                    "Actual Rows": 1304564,
                    "Actual Loops": 2
                  },
                  {
                    "Node Type": "Hash",
                    "Parent Relationship": "Inner",
                    "Parallel Aware": true,
                    "Startup Cost": 97803.57,
                    "Total Cost": 97803.57,
                    "Plan Rows": 75916,
                    "Plan Width": 8,
                    "Actual Startup Time": 633.781,
                    "Actual Total Time": 633.786,
                    "Actual Rows": 62716,
                    "Actual Loops": 2,
                    "Hash Buckets": 131072,
                    "Original Hash Buckets": 131072,
                    "Hash Batches": 1,
                    "Original Hash Batches": 1,
                    "Peak Memory Usage": 5984,
                    "Plans": [
                      {
                        "Node Type": "Hash Join",
                        "Parent Relationship": "Outer",
                        "Parallel Aware": true,
                        "Join Type": "Inner",
                        "Startup Cost": 72201.33,
                        "Total Cost": 97803.57,
                        "Plan Rows": 75916,
                        "Plan Width": 8,
                        "Actual Startup Time": 559.877,
                        "Actual Total Time": 620.753,
                        "Actual Rows": 62716,
                        "Actual Loops": 2,
                        "Inner Unique": true,
                        "Hash Cond": "(mk.movie_id = t.id)",
                        "Plans": [
                          {
                            "Node Type": "Bitmap Heap Scan",
                            "Parent Relationship": "Outer",
                            "Parallel Aware": true,
                            "Relation Name": "movie_keyword",
                            "Alias": "mk",
                            "Startup Cost": 2740.63,
                            "Total Cost": 28143.59,
                            "Plan Rows": 75916,
                            "Plan Width": 4,
                            "Actual Startup Time": 10.376,
                            "Actual Total Time": 49.056,
                            "Actual Rows": 62716,
                            "Actual Loops": 2,
                            "Recheck Cond": "(keyword_id > 77100)",
                            "Rows Removed by Index Recheck": 0,
                            "Exact Heap Blocks": 11108,
                            "Lossy Heap Blocks": 0,
                            "Plans": [
                              {
                                "Node Type": "Bitmap Index Scan",
                                "Parent Relationship": "Outer",
                                "Parallel Aware": false,
                                "Index Name": "keyword_id_movie_keyword",
                                "Startup Cost": 0.0,
                                "Total Cost": 2708.37,
                                "Plan Rows": 129058,
                                "Plan Width": 0,
                                "Actual Startup Time": 7.648,
                                "Actual Total Time": 7.648,
                                "Actual Rows": 125431,
                                "Actual Loops": 1,
                                "Index Cond": "(keyword_id > 77100)"
                              }
                            ]
                          },
                          {
                            "Node Type": "Hash",
                            "Parent Relationship": "Inner",
                            "Parallel Aware": true,
                            "Startup Cost": 50870.31,
                            "Total Cost": 50870.31,
                            "Plan Rows": 1487231,
                            "Plan Width": 4,
                            "Actual Startup Time": 530.243,
                            "Actual Total Time": 530.244,
                            "Actual Rows": 1264156,
                            "Actual Loops": 2,
                            "Hash Buckets": 4194304,
                            "Original Hash Buckets": 4194304,
                            "Hash Batches": 1,
                            "Original Hash Batches": 1,
                            "Peak Memory Usage": 131712,
                            "Plans": [
                              {
                                "Node Type": "Seq Scan",
                                "Parent Relationship": "Outer",
                                "Parallel Aware": true,
                                "Relation Name": "title",
                                "Alias": "t",
                                "Startup Cost": 0.0,
                                "Total Cost": 50870.31,
                                "Plan Rows": 1487231,
                                "Plan Width": 4,
                                "Actual Startup Time": 0.048,
                                "Actual Total Time": 158.484,
                                "Actual Rows": 1264156,
                                "Actual Loops": 2
                              }
                            ]
                          }
                        ]
                      }
                    ]
                  }
                ]
              }
            ]
          }
        ]
      }
    ]
  },
  "Planning Time": 1.107,
  "Triggers": [],
  "Execution Time": 975.998
}