[
  {
    "Plan": {
      "Node Type": "Aggregate",
      "Strategy": "Plain",
      "Partial Mode": "Finalize",
      "Parallel Aware": false,
      "Startup Cost": 335577.45,
      "Total Cost": 335577.46,
      "Plan Rows": 1,
      "Plan Width": 8,
      "Actual Startup Time": 392.029,
      "Actual Total Time": 405.188,
      "Actual Rows": 1,
      "Actual Loops": 1,
      "Plans": [
        {
          "Node Type": "Gather",
          "Parent Relationship": "Outer",
          "Parallel Aware": false,
          "Startup Cost": 335576.83,
          "Total Cost": 335577.43,
          "Plan Rows": 6,
          "Plan Width": 8,
          "Actual Startup Time": 391.492,
          "Actual Total Time": 405.172,
          "Actual Rows": 7,
          "Actual Loops": 1,
          "Workers Planned": 6,
          "Workers Launched": 6,
          "Single Copy": false,
          "Plans": [
            {
              "Node Type": "Aggregate",
              "Strategy": "Plain",
              "Partial Mode": "Partial",
              "Parent Relationship": "Outer",
              "Parallel Aware": false,
              "Startup Cost": 334576.83,
              "Total Cost": 334576.84,
              "Plan Rows": 1,
              "Plan Width": 8,
              "Actual Startup Time": 385.124,
              "Actual Total Time": 385.126,
              "Actual Rows": 1,
              "Actual Loops": 7,
              "Plans": [
                {
                  "Node Type": "Bitmap Heap Scan",
                  "Parent Relationship": "Outer",
                  "Parallel Aware": true,
                  "Relation Name": "cast_info",
                  "Alias": "ci",
                  "Startup Cost": 72595.27,
                  "Total Cost": 333524.76,
                  "Plan Rows": 420825,
                  "Plan Width": 0,
                  "Actual Startup Time": 208.65,
                  "Actual Total Time": 359.192,
                  "Actual Rows": 429392,
                  "Actual Loops": 7,
                  "Recheck Cond": "(person_id < 328177)",
                  "Rows Removed by Index Recheck": 0,
                  "Filter": "(role_id < 6)",
                  "Rows Removed by Filter": 58368,
                  "Exact Heap Blocks": 5963,
                  "Lossy Heap Blocks": 0,
                  "Plans": [
                    {
                      "Node Type": "Bitmap Index Scan",
                      "Parent Relationship": "Outer",
                      "Parallel Aware": false,
                      "Index Name": "person_id_cast_info",
                      "Startup Cost": 0.0,
                      "Total Cost": 71964.04,
                      "Plan Rows": 3296996,
                      "Plan Width": 0,
                      "Actual Startup Time": 204.568,
                      "Actual Total Time": 204.57,
                      "Actual Rows": 3414315,
                      "Actual Loops": 1,
                      "Index Cond": "(person_id < 328177)"
                    }
                  ]
                }
              ]
            }
          ]
        }
      ]
    },
    "Planning Time": 0.202,
    "Triggers": [],
    "Execution Time": 405.265
  }
]