[
  {
    "Plan": {
      "Node Type": "Aggregate",
      "Strategy": "Plain",
      "Partial Mode": "Simple",
      "Parallel Aware": false,
      "Startup Cost": 9379.51,
      "Total Cost": 9379.52,
      "Plan Rows": 1,
      "Plan Width": 8,
      "Actual Startup Time": 6.27,
      "Actual Total Time": 6.271,
      "Actual Rows": 1,
      "Actual Loops": 1,
      "Plans": [
        {
          "Node Type": "Index Scan",
          "Parent Relationship": "Outer",
          "Parallel Aware": false,
          "Scan Direction": "Forward",
          "Index Name": "company_id_movie_companies",
          "Relation Name": "movie_companies",
          "Alias": "mc",
          "Startup Cost": 0.43,
          "Total Cost": 9374.73,
          "Plan Rows": 1914,
          "Plan Width": 0,
          "Actual Startup Time": 0.493,
          "Actual Total Time": 6.067,
          "Actual Rows": 4136,
          "Actual Loops": 1,
          "Index Cond": "(company_id = 11138)",
          "Rows Removed by Index Recheck": 0,
          "Filter": "(company_type_id < 2)",
          "Rows Removed by Filter": 45
        }
      ]
    },
    "Planning Time": 0.088,
    "Triggers": [],
    "Execution Time": 6.291
  }
]