{
  "Plan": {
    "Node Type": "Aggregate",
    "Strategy": "Plain",
    "Partial Mode": "Finalize",
    "Parallel Aware": false,
    "Startup Cost": 441155.91,
    "Total Cost": 441155.92,
    "Plan Rows": 1,
    "Plan Width": 8,
    "Actual Startup Time": 1850.345,
    "Actual Total Time": 1879.599,
    "Actual Rows": 1,
    "Actual Loops": 1,
    "Plans": [
      {
        "Node Type": "Gather",
        "Parent Relationship": "Outer",
        "Parallel Aware": false,
        "Startup Cost": 441155.8,
        "Total Cost": 441155.91,
        "Plan Rows": 1,
        "Plan Width": 8,
        "Actual Startup Time": 1842.977,
        "Actual Total Time": 1879.589,
        "Actual Rows": 2,
        "Actual Loops": 1,
        "Workers Planned": 1,
        "Workers Launched": 1,
        "Single Copy": false,
        "Plans": [
          {
            "Node Type": "Aggregate",
            "Strategy": "Plain",
            "Partial Mode": "Partial",
            "Parent Relationship": "Outer",
            "Parallel Aware": false,
            "Startup Cost": 440155.8,
            "Total Cost": 440155.81,
            "Plan Rows": 1,
            "Plan Width": 8,
            "Actual Startup Time": 1837.16,
            "Actual Total Time": 1837.448,
            "Actual Rows": 1,
            "Actual Loops": 2,
            "Plans": [
              {
                "Node Type": "Hash Join",
                "Parent Relationship": "Outer",
                "Parallel Aware": true,
                "Join Type": "Inner",
                "Startup Cost": 395715.5,
                "Total Cost": 439387.41,
                "Plan Rows": 307358,
                "Plan Width": 0,
                "Actual Startup Time": 1379.696,
                "Actual Total Time": 1792.96,
                "Actual Rows": 1103824,
                "Actual Loops": 2,
                "Inner Unique": false,
                "Hash Cond": "(mc.movie_id = t.id)",
                "Plans": [
                  {
                    "Node Type": "Seq Scan",
                    "Parent Relationship": "Outer",
                    "Parallel Aware": true,
                    "Relation Name": "movie_companies",
                    "Alias": "mc",
                    "Startup Cost": 0.0,
                    "Total Cost": 37974.77,
                    "Plan Rows": 1037104,
                    "Plan Width": 4,
                    "Actual Startup Time": 0.905,
                    "Actual Total Time": 116.819,
                    "Actual Rows": 884118,
                    "Actual Loops": 2,
                    "Filter": "(company_id > 2215)",
                    "Rows Removed by Filter": 420446
                  },
                  {
                    "Node Type": "Hash",
                    "Parent Relationship": "Inner",
                    "Parallel Aware": true,
                    "Startup Cost": 390206.03,
                    "Total Cost": 390206.03,
                    "Plan Rows": 440758,
                    "Plan Width": 8,
                    "Actual Startup Time": 1369.78,
                    "Actual Total Time": 1370.065,
                    "Actual Rows": 774174,
                    "Actual Loops": 2,
                    "Hash Buckets": 2097152,
                    "Original Hash Buckets": 1048576,
                    "Hash Batches": 1,
                    "Original Hash Batches": 1,
                    "Peak Memory Usage": 85184,
                    "Plans": [
                      {
                        "Node Type": "Hash Join",
                        "Parent Relationship": "Outer",
                        "Parallel Aware": true,
                        "Join Type": "Inner",
                        "Startup Cost": 117163.42,
                        "Total Cost": 390206.03,
                        "Plan Rows": 440758,
                        "Plan Width": 8,
                        "Actual Startup Time": 640.242,
                        "Actual Total Time": 1156.38,
                        "Actual Rows": 774174,
                        "Actual Loops": 2,
                        "Inner Unique": true,
                        "Hash Cond": "(ci.movie_id = t.id)",
                        "Plans": [
                          {
                            "Node Type": "Bitmap Heap Scan",
                            "Parent Relationship": "Outer",
                            "Parallel Aware": true,
                            "Relation Name": "cast_info",
                            "Alias": "ci",
                            "Startup Cost": 47702.72,
                            "Total Cost": 319588.34,
                            "Plan Rows": 440758,
                            "Plan Width": 4,
                            "Actual Startup Time": 111.988,
                            "Actual Total Time": 258.815,
                            "Actual Rows": 774174,
                            "Actual Loops": 2,
                            "Recheck Cond": "(person_id < 212516)",
                            "Rows Removed by Index Recheck": 0,
                            "Filter": "(role_id = 1)",
                            "Rows Removed by Filter": 311388,
                            "Exact Heap Blocks": 12591,
                            "Lossy Heap Blocks": 0,
                            "Plans": [
                              {
                                "Node Type": "Bitmap Index Scan",
                                "Parent Relationship": "Outer",
                                "Parallel Aware": false,
                                "Index Name": "person_id_cast_info",
                                "Startup Cost": 0.0,
                                "Total Cost": 47515.4,
                                "Plan Rows": 2175844,
                                "Plan Width": 0,
                                "Actual Startup Time": 108.526,
                                "Actual Total Time": 108.526,
                                "Actual Rows": 2171123,
                                "Actual Loops": 1,
                                "Index Cond": "(person_id < 212516)"
                              }
                            ]
                          },
                          {
                            "Node Type": "Hash",
                            "Parent Relationship": "Inner",
                            "Parallel Aware": true,
                            "Startup Cost": 50870.31,
                            "Total Cost": 50870.31,
                            "Plan Rows": 1487231,
                            "Plan Width": 4,
                            "Actual Startup Time": 513.14,
                            "Actual Total Time": 513.141,
                            "Actual Rows": 1264156,
                            "Actual Loops": 2,
                            "Hash Buckets": 4194304,
                            "Original Hash Buckets": 4194304,
                            "Hash Batches": 1,
                            "Original Hash Batches": 1,
                            "Peak Memory Usage": 131712,
                            "Plans": [
                              {
                                "Node Type": "Seq Scan",
                                "Parent Relationship": "Outer",
                                "Parallel Aware": true,
                                "Relation Name": "title",
                                "Alias": "t",
                                "Startup Cost": 0.0,
                                "Total Cost": 50870.31,
                                "Plan Rows": 1487231,
                                "Plan Width": 4,
                                "Actual Startup Time": 0.031,
                                "Actual Total Time": 144.868,
                                "Actual Rows": 1264156,
                                "Actual Loops": 2
                              }
                            ]
                          }
                        ]
                      }
                    ]
                  }
                ]
              }
            ]
          }
        ]
      }
    ]
  },
  "Planning Time": 0.946,
  "Triggers": [],
  "Execution Time": 1879.728
}