[
    {
        "Bao": {
            "Bao prediction": "NaN",
            "Bao recommended hint": "(no hint)"
        }
    },
    {
        "Plan": {
            "Node Type": "Aggregate",
            "Strategy": "Plain",
            "Partial Mode": "Finalize",
            "Parallel Aware": false,
            "Startup Cost": 33116.78,
            "Total Cost": 33116.79,
            "Plan Rows": 1,
            "Plan Width": 8,
            "Actual Startup Time": 94.289,
            "Actual Total Time": 99.353,
            "Actual Rows": 1,
            "Actual Loops": 1,
            "Output": [
                "count(*)"
            ],
            "Plans": [
                {
                    "Node Type": "Gather",
                    "Parent Relationship": "Outer",
                    "Parallel Aware": false,
                    "Startup Cost": 33116.46,
                    "Total Cost": 33116.77,
                    "Plan Rows": 3,
                    "Plan Width": 8,
                    "Actual Startup Time": 94.205,
                    "Actual Total Time": 99.345,
                    "Actual Rows": 4,
                    "Actual Loops": 1,
                    "Output": [
                        "(PARTIAL count(*))"
                    ],
                    "Workers Planned": 3,
                    "Workers Launched": 3,
                    "Single Copy": false,
                    "Plans": [
                        {
                            "Node Type": "Aggregate",
                            "Strategy": "Plain",
                            "Partial Mode": "Partial",
                            "Parent Relationship": "Outer",
                            "Parallel Aware": false,
                            "Startup Cost": 32116.46,
                            "Total Cost": 32116.47,
                            "Plan Rows": 1,
                            "Plan Width": 8,
                            "Actual Startup Time": 86.453,
                            "Actual Total Time": 86.454,
                            "Actual Rows": 1,
                            "Actual Loops": 4,
                            "Output": [
                                "PARTIAL count(*)"
                            ],
                            "Workers": [
                                {
                                    "Worker Number": 0,
                                    "Actual Startup Time": 83.663,
                                    "Actual Total Time": 83.664,
                                    "Actual Rows": 1,
                                    "Actual Loops": 1
                                },
                                {
                                    "Worker Number": 1,
                                    "Actual Startup Time": 83.964,
                                    "Actual Total Time": 83.965,
                                    "Actual Rows": 1,
                                    "Actual Loops": 1
                                },
                                {
                                    "Worker Number": 2,
                                    "Actual Startup Time": 84.234,
                                    "Actual Total Time": 84.235,
                                    "Actual Rows": 1,
                                    "Actual Loops": 1
                                }
                            ],
                            "Plans": [
                                {
                                    "Node Type": "Seq Scan",
                                    "Parent Relationship": "Outer",
                                    "Parallel Aware": true,
                                    "Relation Name": "movie_companies",
                                    "Schema": "public",
                                    "Alias": "mc",
                                    "Startup Cost": 0.0,
                                    "Total Cost": 31414.82,
                                    "Plan Rows": 280657,
                                    "Plan Width": 0,
                                    "Actual Startup Time": 0.445,
                                    "Actual Total Time": 76.829,
                                    "Actual Rows": 171203,
                                    "Actual Loops": 4,
                                    "Output": [
                                        "id",
                                        "movie_id",
                                        "company_id",
                                        "company_type_id",
                                        "note"
                                    ],
                                    "Filter": "((mc.company_id > 2086) AND (mc.company_type_id < 2))",
                                    "Rows Removed by Filter": 481080,
                                    "Workers": [
                                        {
                                            "Worker Number": 0,
                                            "Actual Startup Time": 0.066,
                                            "Actual Total Time": 74.63,
                                            "Actual Rows": 135527,
                                            "Actual Loops": 1
                                        },
                                        {
                                            "Worker Number": 1,
                                            "Actual Startup Time": 0.119,
                                            "Actual Total Time": 74.717,
                                            "Actual Rows": 123837,
                                            "Actual Loops": 1
                                        },
                                        {
                                            "Worker Number": 2,
                                            "Actual Startup Time": 0.063,
                                            "Actual Total Time": 75.266,
                                            "Actual Rows": 154906,
                                            "Actual Loops": 1
                                        }
                                    ]
                                }
                            ]
                        }
                    ]
                }
            ]
        },
        "Planning Time": 196.467,
        "Triggers": [],
        "Execution Time": 99.395
    }
]