[
    {
        "Bao": {
            "Bao prediction": 773.455,
            "Bao recommended hint": "(no hint)"
        }
    },
    {
        "Plan": {
            "Node Type": "Aggregate",
            "Strategy": "Plain",
            "Partial Mode": "Finalize",
            "Parallel Aware": false,
            "Startup Cost": 249665.23,
            "Total Cost": 249665.24,
            "Plan Rows": 1,
            "Plan Width": 8,
            "Actual Startup Time": 1319.766,
            "Actual Total Time": 1346.363,
            "Actual Rows": 1,
            "Actual Loops": 1,
            "Output": [
                "count(*)"
            ],
            "Plans": [
                {
                    "Node Type": "Gather",
                    "Parent Relationship": "Outer",
                    "Parallel Aware": false,
                    "Startup Cost": 249664.71,
                    "Total Cost": 249665.22,
                    "Plan Rows": 5,
                    "Plan Width": 8,
                    "Actual Startup Time": 1314.689,
                    "Actual Total Time": 1346.339,
                    "Actual Rows": 6,
                    "Actual Loops": 1,
                    "Output": [
                        "(PARTIAL count(*))"
                    ],
                    "Workers Planned": 5,
                    "Workers Launched": 5,
                    "Single Copy": false,
                    "Plans": [
                        {
                            "Node Type": "Aggregate",
                            "Strategy": "Plain",
                            "Partial Mode": "Partial",
                            "Parent Relationship": "Outer",
                            "Parallel Aware": false,
                            "Startup Cost": 248664.71,
                            "Total Cost": 248664.72,
                            "Plan Rows": 1,
                            "Plan Width": 8,
                            "Actual Startup Time": 1305.101,
                            "Actual Total Time": 1305.104,
                            "Actual Rows": 1,
                            "Actual Loops": 6,
                            "Output": [
                                "PARTIAL count(*)"
                            ],
                            "Workers": [
                                {
                                    "Worker Number": 0,
                                    "Actual Startup Time": 1303.156,
                                    "Actual Total Time": 1303.159,
                                    "Actual Rows": 1,
                                    "Actual Loops": 1
                                },
                                {
                                    "Worker Number": 1,
                                    "Actual Startup Time": 1303.159,
                                    "Actual Total Time": 1303.162,
                                    "Actual Rows": 1,
                                    "Actual Loops": 1
                                },
                                {
                                    "Worker Number": 2,
                                    "Actual Startup Time": 1303.801,
                                    "Actual Total Time": 1303.805,
                                    "Actual Rows": 1,
                                    "Actual Loops": 1
                                },
                                {
                                    "Worker Number": 3,
                                    "Actual Startup Time": 1303.282,
                                    "Actual Total Time": 1303.284,
                                    "Actual Rows": 1,
                                    "Actual Loops": 1
                                },
                                {
                                    "Worker Number": 4,
                                    "Actual Startup Time": 1303.293,
                                    "Actual Total Time": 1303.296,
                                    "Actual Rows": 1,
                                    "Actual Loops": 1
                                }
                            ],
                            "Plans": [
                                {
                                    "Node Type": "Hash Join",
                                    "Parent Relationship": "Outer",
                                    "Parallel Aware": true,
                                    "Join Type": "Inner",
                                    "Startup Cost": 47514.57,
                                    "Total Cost": 246764.2,
                                    "Plan Rows": 760205,
                                    "Plan Width": 0,
                                    "Actual Startup Time": 163.441,
                                    "Actual Total Time": 1211.241,
                                    "Actual Rows": 1376103,
                                    "Actual Loops": 6,
                                    "Inner Unique": true,
                                    "Hash Cond": "(mi.movie_id = t.id)",
                                    "Workers": [
                                        {
                                            "Worker Number": 0,
                                            "Actual Startup Time": 161.573,
                                            "Actual Total Time": 1208.329,
                                            "Actual Rows": 1366820,
                                            "Actual Loops": 1
                                        },
                                        {
                                            "Worker Number": 1,
                                            "Actual Startup Time": 161.628,
                                            "Actual Total Time": 1207.983,
                                            "Actual Rows": 1367708,
                                            "Actual Loops": 1
                                        },
                                        {
                                            "Worker Number": 2,
                                            "Actual Startup Time": 161.621,
                                            "Actual Total Time": 1218.685,
                                            "Actual Rows": 1223193,
                                            "Actual Loops": 1
                                        },
                                        {
                                            "Worker Number": 3,
                                            "Actual Startup Time": 161.725,
                                            "Actual Total Time": 1208.403,
                                            "Actual Rows": 1364665,
                                            "Actual Loops": 1
                                        },
                                        {
                                            "Worker Number": 4,
                                            "Actual Startup Time": 161.736,
                                            "Actual Total Time": 1208.358,
                                            "Actual Rows": 1367419,
                                            "Actual Loops": 1
                                        }
                                    ],
                                    "Plans": [
                                        {
                                            "Node Type": "Seq Scan",
                                            "Parent Relationship": "Outer",
                                            "Parallel Aware": true,
                                            "Relation Name": "movie_info",
                                            "Schema": "public",
                                            "Alias": "mi",
                                            "Startup Cost": 0.0,
                                            "Total Cost": 191503.19,
                                            "Plan Rows": 2951019,
                                            "Plan Width": 4,
                                            "Actual Startup Time": 0.021,
                                            "Actual Total Time": 362.907,
                                            "Actual Rows": 2472620,
                                            "Actual Loops": 6,
                                            "Output": [
                                                "mi.id",
                                                "mi.movie_id",
                                                "mi.info_type_id",
                                                "mi.info",
                                                "mi.note"
                                            ],
                                            "Workers": [
                                                {
                                                    "Worker Number": 0,
                                                    "Actual Startup Time": 0.024,
                                                    "Actual Total Time": 375.273,
                                                    "Actual Rows": 2457775,
                                                    "Actual Loops": 1
                                                },
                                                {
                                                    "Worker Number": 1,
                                                    "Actual Startup Time": 0.022,
                                                    "Actual Total Time": 375.797,
                                                    "Actual Rows": 2454324,
                                                    "Actual Loops": 1
                                                },
                                                {
                                                    "Worker Number": 2,
                                                    "Actual Startup Time": 0.026,
                                                    "Actual Total Time": 365.909,
                                                    "Actual Rows": 2168338,
                                                    "Actual Loops": 1
                                                },
                                                {
                                                    "Worker Number": 3,
                                                    "Actual Startup Time": 0.023,
                                                    "Actual Total Time": 375.064,
                                                    "Actual Rows": 2448675,
                                                    "Actual Loops": 1
                                                },
                                                {
                                                    "Worker Number": 4,
                                                    "Actual Startup Time": 0.025,
                                                    "Actual Total Time": 374.443,
                                                    "Actual Rows": 2454290,
                                                    "Actual Loops": 1
                                                }
                                            ]
                                        },
                                        {
                                            "Node Type": "Hash",
                                            "Parent Relationship": "Inner",
                                            "Parallel Aware": true,
                                            "Startup Cost": 45479.21,
                                            "Total Cost": 45479.21,
                                            "Plan Rows": 162829,
                                            "Plan Width": 4,
                                            "Actual Startup Time": 144.545,
                                            "Actual Total Time": 144.546,
                                            "Actual Rows": 108994,
                                            "Actual Loops": 6,
                                            "Output": [
                                                "t.id"
                                            ],
                                            "Hash Buckets": 1048576,
                                            "Original Hash Buckets": 1048576,
                                            "Hash Batches": 1,
                                            "Original Hash Batches": 1,
                                            "Peak Memory Usage": 33856,
                                            "Workers": [
                                                {
                                                    "Worker Number": 0,
                                                    "Actual Startup Time": 145.575,
                                                    "Actual Total Time": 145.577,
                                                    "Actual Rows": 107525,
                                                    "Actual Loops": 1
                                                },
                                                {
                                                    "Worker Number": 1,
                                                    "Actual Startup Time": 145.597,
                                                    "Actual Total Time": 145.598,
                                                    "Actual Rows": 107947,
                                                    "Actual Loops": 1
                                                },
                                                {
                                                    "Worker Number": 2,
                                                    "Actual Startup Time": 145.757,
                                                    "Actual Total Time": 145.758,
                                                    "Actual Rows": 93926,
                                                    "Actual Loops": 1
                                                },
                                                {
                                                    "Worker Number": 3,
                                                    "Actual Startup Time": 145.898,
                                                    "Actual Total Time": 145.899,
                                                    "Actual Rows": 107549,
                                                    "Actual Loops": 1
                                                },
                                                {
                                                    "Worker Number": 4,
                                                    "Actual Startup Time": 145.931,
                                                    "Actual Total Time": 145.932,
                                                    "Actual Rows": 107204,
                                                    "Actual Loops": 1
                                                }
                                            ],
                                            "Plans": [
                                                {
                                                    "Node Type": "Seq Scan",
                                                    "Parent Relationship": "Outer",
                                                    "Parallel Aware": true,
                                                    "Relation Name": "title",
                                                    "Schema": "public",
                                                    "Alias": "t",
                                                    "Startup Cost": 0.0,
                                                    "Total Cost": 45479.21,
                                                    "Plan Rows": 162829,
                                                    "Plan Width": 4,
                                                    "Actual Startup Time": 46.877,
                                                    "Actual Total Time": 96.317,
                                                    "Actual Rows": 108994,
                                                    "Actual Loops": 6,
                                                    "Output": [
                                                        "t.id"
                                                    ],
                                                    "Filter": "((t.kind_id < 2) AND (t.production_year > 1897))",
                                                    "Rows Removed by Filter": 312391,
                                                    "Workers": [
                                                        {
                                                            "Worker Number": 0,
                                                            "Actual Startup Time": 55.093,
                                                            "Actual Total Time": 97.362,
                                                            "Actual Rows": 107525,
                                                            "Actual Loops": 1
                                                        },
                                                        {
                                                            "Worker Number": 1,
                                                            "Actual Startup Time": 55.059,
                                                            "Actual Total Time": 97.332,
                                                            "Actual Rows": 107947,
                                                            "Actual Loops": 1
                                                        },
                                                        {
                                                            "Worker Number": 2,
                                                            "Actual Startup Time": 54.94,
                                                            "Actual Total Time": 95.171,
                                                            "Actual Rows": 93926,
                                                            "Actual Loops": 1
                                                        },
                                                        {
                                                            "Worker Number": 3,
                                                            "Actual Startup Time": 55.199,
                                                            "Actual Total Time": 97.218,
                                                            "Actual Rows": 107549,
                                                            "Actual Loops": 1
                                                        },
                                                        {
                                                            "Worker Number": 4,
                                                            "Actual Startup Time": 54.866,
                                                            "Actual Total Time": 97.124,
                                                            "Actual Rows": 107204,
                                                            "Actual Loops": 1
                                                        }
                                                    ]
                                                }
                                            ]
                                        }
                                    ]
                                }
                            ]
                        }
                    ]
                }
            ]
        },
        "Planning Time": 1598.451,
        "Triggers": [],
        "Execution Time": 1346.466
    }
]