[
    {
        "Bao": {
            "Bao prediction": "NaN",
            "Bao recommended hint": "(no hint)"
        }
    },
    {
        "Plan": {
            "Node Type": "Aggregate",
            "Strategy": "Plain",
            "Partial Mode": "Finalize",
            "Parallel Aware": false,
            "Startup Cost": 276790.27,
            "Total Cost": 276790.28,
            "Plan Rows": 1,
            "Plan Width": 8,
            "Actual Startup Time": 92.159,
            "Actual Total Time": 96.672,
            "Actual Rows": 1,
            "Actual Loops": 1,
            "Output": [
                "count(*)"
            ],
            "Plans": [
                {
                    "Node Type": "Gather",
                    "Parent Relationship": "Outer",
                    "Parallel Aware": false,
                    "Startup Cost": 276789.64,
                    "Total Cost": 276790.25,
                    "Plan Rows": 6,
                    "Plan Width": 8,
                    "Actual Startup Time": 91.819,
                    "Actual Total Time": 96.664,
                    "Actual Rows": 7,
                    "Actual Loops": 1,
                    "Output": [
                        "(PARTIAL count(*))"
                    ],
                    "Workers Planned": 6,
                    "Workers Launched": 6,
                    "Single Copy": false,
                    "Plans": [
                        {
                            "Node Type": "Aggregate",
                            "Strategy": "Plain",
                            "Partial Mode": "Partial",
                            "Parent Relationship": "Outer",
                            "Parallel Aware": false,
                            "Startup Cost": 275789.64,
                            "Total Cost": 275789.65,
                            "Plan Rows": 1,
                            "Plan Width": 8,
                            "Actual Startup Time": 81.591,
                            "Actual Total Time": 81.592,
                            "Actual Rows": 1,
                            "Actual Loops": 7,
                            "Output": [
                                "PARTIAL count(*)"
                            ],
                            "Workers": [
                                {
                                    "Worker Number": 0,
                                    "Actual Startup Time": 79.182,
                                    "Actual Total Time": 79.184,
                                    "Actual Rows": 1,
                                    "Actual Loops": 1
                                },
                                {
                                    "Worker Number": 1,
                                    "Actual Startup Time": 79.45,
                                    "Actual Total Time": 79.451,
                                    "Actual Rows": 1,
                                    "Actual Loops": 1
                                },
                                {
                                    "Worker Number": 2,
                                    "Actual Startup Time": 79.791,
                                    "Actual Total Time": 79.793,
                                    "Actual Rows": 1,
                                    "Actual Loops": 1
                                },
                                {
                                    "Worker Number": 3,
                                    "Actual Startup Time": 79.815,
                                    "Actual Total Time": 79.817,
                                    "Actual Rows": 1,
                                    "Actual Loops": 1
                                },
                                {
                                    "Worker Number": 4,
                                    "Actual Startup Time": 80.481,
                                    "Actual Total Time": 80.482,
                                    "Actual Rows": 1,
                                    "Actual Loops": 1
                                },
                                {
                                    "Worker Number": 5,
                                    "Actual Startup Time": 80.944,
                                    "Actual Total Time": 80.945,
                                    "Actual Rows": 1,
                                    "Actual Loops": 1
                                }
                            ],
                            "Plans": [
                                {
                                    "Node Type": "Bitmap Heap Scan",
                                    "Parent Relationship": "Outer",
                                    "Parallel Aware": true,
                                    "Relation Name": "cast_info",
                                    "Schema": "public",
                                    "Alias": "ci",
                                    "Startup Cost": 20752.87,
                                    "Total Cost": 275398.01,
                                    "Plan Rows": 156652,
                                    "Plan Width": 0,
                                    "Actual Startup Time": 27.443,
                                    "Actual Total Time": 70.334,
                                    "Actual Rows": 137494,
                                    "Actual Loops": 7,
                                    "Recheck Cond": "(ci.person_id < 99610)",
                                    "Rows Removed by Index Recheck": 0,
                                    "Exact Heap Blocks": 3256,
                                    "Lossy Heap Blocks": 0,
                                    "Workers": [
                                        {
                                            "Worker Number": 0,
                                            "Actual Startup Time": 25.264,
                                            "Actual Total Time": 68.36,
                                            "Actual Rows": 110450,
                                            "Actual Loops": 1
                                        },
                                        {
                                            "Worker Number": 1,
                                            "Actual Startup Time": 25.458,
                                            "Actual Total Time": 68.555,
                                            "Actual Rows": 110909,
                                            "Actual Loops": 1
                                        },
                                        {
                                            "Worker Number": 2,
                                            "Actual Startup Time": 25.626,
                                            "Actual Total Time": 69.55,
                                            "Actual Rows": 101750,
                                            "Actual Loops": 1
                                        },
                                        {
                                            "Worker Number": 3,
                                            "Actual Startup Time": 25.602,
                                            "Actual Total Time": 69.596,
                                            "Actual Rows": 100095,
                                            "Actual Loops": 1
                                        },
                                        {
                                            "Worker Number": 4,
                                            "Actual Startup Time": 26.259,
                                            "Actual Total Time": 69.653,
                                            "Actual Rows": 109706,
                                            "Actual Loops": 1
                                        },
                                        {
                                            "Worker Number": 5,
                                            "Actual Startup Time": 26.869,
                                            "Actual Total Time": 69.922,
                                            "Actual Rows": 111366,
                                            "Actual Loops": 1
                                        }
                                    ],
                                    "Plans": [
                                        {
                                            "Node Type": "Bitmap Index Scan",
                                            "Parent Relationship": "Outer",
                                            "Parallel Aware": false,
                                            "Index Name": "person_id_cast_info",
                                            "Startup Cost": 0.0,
                                            "Total Cost": 20517.89,
                                            "Plan Rows": 939910,
                                            "Plan Width": 0,
                                            "Actual Startup Time": 35.513,
                                            "Actual Total Time": 35.514,
                                            "Actual Rows": 962460,
                                            "Actual Loops": 1,
                                            "Index Cond": "(ci.person_id < 99610)"
                                        }
                                    ]
                                }
                            ]
                        }
                    ]
                }
            ]
        },
        "Planning Time": 177.135,
        "Triggers": [],
        "Execution Time": 96.722
    }
]