{
  "Plan": {
    "Node Type": "Aggregate",
    "Strategy": "Plain",
    "Partial Mode": "Finalize",
    "Parallel Aware": false,
    "Startup Cost": 84091.42,
    "Total Cost": 84091.43,
    "Plan Rows": 1,
    "Plan Width": 8,
    "Actual Startup Time": 360.898,
    "Actual Total Time": 413.164,
    "Actual Rows": 1,
    "Actual Loops": 1,
    "Plans": [
      {
        "Node Type": "Gather",
        "Parent Relationship": "Outer",
        "Parallel Aware": false,
        "Startup Cost": 84091.31,
        "Total Cost": 84091.42,
        "Plan Rows": 1,
        "Plan Width": 8,
        "Actual Startup Time": 360.754,
        "Actual Total Time": 413.156,
        "Actual Rows": 2,
        "Actual Loops": 1,
        "Workers Planned": 1,
        "Workers Launched": 1,
        "Single Copy": false,
        "Plans": [
          {
            "Node Type": "Aggregate",
            "Strategy": "Plain",
            "Partial Mode": "Partial",
            "Parent Relationship": "Outer",
            "Parallel Aware": false,
            "Startup Cost": 83091.31,
            "Total Cost": 83091.32,
            "Plan Rows": 1,
            "Plan Width": 8,
            "Actual Startup Time": 354.569,
            "Actual Total Time": 354.573,
            "Actual Rows": 1,
            "Actual Loops": 2,
            "Plans": [
              {
                "Node Type": "Nested Loop",
                "Parent Relationship": "Outer",
                "Parallel Aware": false,
                "Join Type": "Inner",
                "Startup Cost": 58389.65,
                "Total Cost": 83072.22,
                "Plan Rows": 7634,
                "Plan Width": 0,
                "Actual Startup Time": 138.563,
                "Actual Total Time": 352.844,
                "Actual Rows": 27758,
                "Actual Loops": 2,
                "Inner Unique": false,
                "Join Filter": "(t.id = ci.movie_id)",
                "Rows Removed by Join Filter": 0,
                "Plans": [
                  {
                    "Node Type": "Hash Join",
                    "Parent Relationship": "Outer",
                    "Parallel Aware": true,
                    "Join Type": "Inner",
                    "Startup Cost": 58389.08,
                    "Total Cost": 77173.4,
                    "Plan Rows": 1188,
                    "Plan Width": 8,
                    "Actual Startup Time": 138.488,
                    "Actual Total Time": 206.884,
                    "Actual Rows": 2368,
                    "Actual Loops": 2,
                    "Inner Unique": true,
                    "Hash Cond": "(mi_idx.movie_id = t.id)",
                    "Plans": [
                      {
                        "Node Type": "Seq Scan",
                        "Parent Relationship": "Outer",
                        "Parallel Aware": true,
                        "Relation Name": "movie_info_idx",
                        "Alias": "mi_idx",
                        "Startup Cost": 0.0,
                        "Total Cost": 18082.32,
                        "Plan Rows": 267429,
                        "Plan Width": 4,
                        "Actual Startup Time": 0.018,
                        "Actual Total Time": 47.589,
                        "Actual Rows": 229962,
                        "Actual Loops": 2,
                        "Filter": "(info_type_id = 99)",
                        "Rows Removed by Filter": 460055
                      },
                      {
                        "Node Type": "Hash",
                        "Parent Relationship": "Inner",
                        "Parallel Aware": true,
                        "Startup Cost": 58306.47,
                        "Total Cost": 58306.47,
                        "Plan Rows": 6609,
                        "Plan Width": 4,
                        "Actual Startup Time": 137.141,
                        "Actual Total Time": 137.142,
                        "Actual Rows": 5570,
                        "Actual Loops": 2,
                        "Hash Buckets": 16384,
                        "Original Hash Buckets": 16384,
                        "Hash Batches": 1,
                        "Original Hash Batches": 1,
                        "Peak Memory Usage": 608,
                        "Plans": [
                          {
                            "Node Type": "Seq Scan",
                            "Parent Relationship": "Outer",
                            "Parallel Aware": true,
                            "Relation Name": "title",
                            "Alias": "t",
                            "Startup Cost": 0.0,
                            "Total Cost": 58306.47,
                            "Plan Rows": 6609,
                            "Plan Width": 4,
                            "Actual Startup Time": 0.331,
                            "Actual Total Time": 135.373,
                            "Actual Rows": 5570,
                            "Actual Loops": 2,
                            "Filter": "((kind_id < 7) AND (production_year = 1994))",
                            "Rows Removed by Filter": 1258586
                          }
                        ]
                      }
                    ]
                  },
                  {
                    "Node Type": "Index Scan",
                    "Parent Relationship": "Inner",
                    "Parallel Aware": false,
                    "Scan Direction": "Forward",
                    "Index Name": "movie_id_cast_info",
                    "Relation Name": "cast_info",
                    "Alias": "ci",
                    "Startup Cost": 0.56,
                    "Total Cost": 4.77,
                    "Plan Rows": 16,
                    "Plan Width": 4,
                    "Actual Startup Time": 0.039,
                    "Actual Total Time": 0.06,
                    "Actual Rows": 12,
                    "Actual Loops": 4737,
                    "Index Cond": "(movie_id = mi_idx.movie_id)",
                    "Rows Removed by Index Recheck": 0,
                    "Filter": "((person_id > 36969) AND (role_id > 2))",
                    "Rows Removed by Filter": 16
                  }
                ]
              }
            ]
          }
        ]
      }
    ]
  },
  "Planning Time": 1.04,
  "Triggers": [],
  "Execution Time": 413.271
}