[
  {
    "Plan": {
      "Node Type": "Aggregate",
      "Strategy": "Plain",
      "Partial Mode": "Finalize",
      "Parallel Aware": false,
      "Startup Cost": 69311.22,
      "Total Cost": 69311.23,
      "Plan Rows": 1,
      "Plan Width": 8,
      "Actual Startup Time": 137.652,
      "Actual Total Time": 151.798,
      "Actual Rows": 1,
      "Actual Loops": 1,
      "Plans": [
        {
          "Node Type": "Gather",
          "Parent Relationship": "Outer",
          "Parallel Aware": false,
          "Startup Cost": 69310.9,
          "Total Cost": 69311.21,
          "Plan Rows": 3,
          "Plan Width": 8,
          "Actual Startup Time": 137.075,
          "Actual Total Time": 151.79,
          "Actual Rows": 4,
          "Actual Loops": 1,
          "Workers Planned": 3,
          "Workers Launched": 3,
          "Single Copy": false,
          "Plans": [
            {
              "Node Type": "Aggregate",
              "Strategy": "Plain",
              "Partial Mode": "Partial",
              "Parent Relationship": "Outer",
              "Parallel Aware": false,
              "Startup Cost": 68310.9,
              "Total Cost": 68310.91,
              "Plan Rows": 1,
              "Plan Width": 8,
              "Actual Startup Time": 127.5,
              "Actual Total Time": 127.505,
              "Actual Rows": 1,
              "Actual Loops": 4,
              "Plans": [
                {
                  "Node Type": "Nested Loop",
                  "Parent Relationship": "Outer",
                  "Parallel Aware": false,
                  "Join Type": "Inner",
                  "Startup Cost": 46898.69,
                  "Total Cost": 68310.59,
                  "Plan Rows": 127,
                  "Plan Width": 0,
                  "Actual Startup Time": 122.343,
                  "Actual Total Time": 127.495,
                  "Actual Rows": 43,
                  "Actual Loops": 4,
                  "Inner Unique": false,
                  "Join Filter": "(t.id = mk.movie_id)",
                  "Rows Removed by Join Filter": 0,
                  "Plans": [
                    {
                      "Node Type": "Hash Join",
                      "Parent Relationship": "Outer",
                      "Parallel Aware": true,
                      "Join Type": "Inner",
                      "Startup Cost": 46898.26,
                      "Total Cost": 66379.22,
                      "Plan Rows": 464,
                      "Plan Width": 8,
                      "Actual Startup Time": 121.404,
                      "Actual Total Time": 126.651,
                      "Actual Rows": 65,
                      "Actual Loops": 4,
                      "Inner Unique": true,
                      "Hash Cond": "(mc.movie_id = t.id)",
                      "Plans": [
                        {
                          "Node Type": "Bitmap Heap Scan",
                          "Parent Relationship": "Outer",
                          "Parallel Aware": true,
                          "Relation Name": "movie_companies",
                          "Alias": "mc",
                          "Startup Cost": 2828.68,
                          "Total Cost": 22253.26,
                          "Plan Rows": 21480,
                          "Plan Width": 4,
                          "Actual Startup Time": 20.675,
                          "Actual Total Time": 24.648,
                          "Actual Rows": 5885,
                          "Actual Loops": 4,
                          "Recheck Cond": "(company_id < 27)",
                          "Rows Removed by Index Recheck": 0,
                          "Filter": "(company_type_id > 1)",
                          "Rows Removed by Filter": 27816,
                          "Exact Heap Blocks": 4867,
                          "Lossy Heap Blocks": 0,
                          "Plans": [
                            {
                              "Node Type": "Bitmap Index Scan",
                              "Parent Relationship": "Outer",
                              "Parallel Aware": false,
                              "Index Name": "company_id_movie_companies",
                              "Startup Cost": 0.0,
                              "Total Cost": 2812.03,
                              "Plan Rows": 131147,
                              "Plan Width": 0,
                              "Actual Startup Time": 5.681,
                              "Actual Total Time": 5.681,
                              "Actual Rows": 134807,
                              "Actual Loops": 1,
                              "Index Cond": "(company_id < 27)"
                            }
                          ]
                        },
                        {
                          "Node Type": "Hash",
                          "Parent Relationship": "Inner",
                          "Parallel Aware": true,
                          "Startup Cost": 43898.92,
                          "Total Cost": 43898.92,
                          "Plan Rows": 13653,
                          "Plan Width": 4,
                          "Actual Startup Time": 98.984,
                          "Actual Total Time": 98.986,
                          "Actual Rows": 12641,
                          "Actual Loops": 4,
                          "Hash Buckets": 65536,
                          "Original Hash Buckets": 65536,
                          "Hash Batches": 1,
                          "Original Hash Batches": 1,
                          "Peak Memory Usage": 2560,
                          "Plans": [
                            {
                              "Node Type": "Seq Scan",
                              "Parent Relationship": "Outer",
                              "Parallel Aware": true,
                              "Relation Name": "title",
                              "Alias": "t",
                              "Startup Cost": 0.0,
                              "Total Cost": 43898.92,
                              "Plan Rows": 13653,
                              "Plan Width": 4,
                              "Actual Startup Time": 0.06,
                              "Actual Total Time": 92.543,
                              "Actual Rows": 12641,
                              "Actual Loops": 4,
                              "Filter": "(production_year = 1999)",
                              "Rows Removed by Filter": 619437
                            }
                          ]
                        }
                      ]
                    },
                    {
                      "Node Type": "Index Scan",
                      "Parent Relationship": "Inner",
                      "Parallel Aware": false,
                      "Scan Direction": "Forward",
                      "Index Name": "movie_id_movie_keyword",
                      "Relation Name": "movie_keyword",
                      "Alias": "mk",
                      "Startup Cost": 0.43,
                      "Total Cost": 4.07,
                      "Plan Rows": 7,
                      "Plan Width": 4,
                      "Actual Startup Time": 0.012,
                      "Actual Total Time": 0.012,
                      "Actual Rows": 1,
                      "Actual Loops": 261,
                      "Index Cond": "(movie_id = mc.movie_id)",
                      "Rows Removed by Index Recheck": 0,
                      "Filter": "(keyword_id > 27549)",
                      "Rows Removed by Filter": 5
                    }
                  ]
                }
              ]
            }
          ]
        }
      ]
    },
    "Planning Time": 1.587,
    "Triggers": [],
    "Execution Time": 151.905
  }
]