{
  "Plan": {
    "Node Type": "Aggregate",
    "Strategy": "Plain",
    "Partial Mode": "Finalize",
    "Parallel Aware": false,
    "Startup Cost": 106825.13,
    "Total Cost": 106825.14,
    "Plan Rows": 1,
    "Plan Width": 8,
    "Actual Startup Time": 644.103,
    "Actual Total Time": 655.282,
    "Actual Rows": 1,
    "Actual Loops": 1,
    "Plans": [
      {
        "Node Type": "Gather",
        "Parent Relationship": "Outer",
        "Parallel Aware": false,
        "Startup Cost": 106825.02,
        "Total Cost": 106825.13,
        "Plan Rows": 1,
        "Plan Width": 8,
        "Actual Startup Time": 642.2,
        "Actual Total Time": 655.273,
        "Actual Rows": 2,
        "Actual Loops": 1,
        "Workers Planned": 1,
        "Workers Launched": 1,
        "Single Copy": false,
        "Plans": [
          {
            "Node Type": "Aggregate",
            "Strategy": "Plain",
            "Partial Mode": "Partial",
            "Parent Relationship": "Outer",
            "Parallel Aware": false,
            "Startup Cost": 105825.02,
            "Total Cost": 105825.03,
            "Plan Rows": 1,
            "Plan Width": 8,
            "Actual Startup Time": 636.419,
            "Actual Total Time": 636.694,
            "Actual Rows": 1,
            "Actual Loops": 2,
            "Plans": [
              {
                "Node Type": "Hash Join",
                "Parent Relationship": "Outer",
                "Parallel Aware": true,
                "Join Type": "Inner",
                "Startup Cost": 43821.86,
                "Total Cost": 105276.95,
                "Plan Rows": 219229,
                "Plan Width": 0,
                "Actual Startup Time": 201.444,
                "Actual Total Time": 622.231,
                "Actual Rows": 348668,
                "Actual Loops": 2,
                "Inner Unique": false,
                "Hash Cond": "(t.id = mc.movie_id)",
                "Plans": [
                  {
                    "Node Type": "Seq Scan",
                    "Parent Relationship": "Outer",
                    "Parallel Aware": true,
                    "Relation Name": "title",
                    "Alias": "t",
                    "Startup Cost": 0.0,
                    "Total Cost": 50870.31,
                    "Plan Rows": 1487231,
                    "Plan Width": 4,
                    "Actual Startup Time": 0.01,
                    "Actual Total Time": 112.362,
                    "Actual Rows": 1264156,
                    "Actual Loops": 2
                  },
                  {
                    "Node Type": "Hash",
                    "Parent Relationship": "Inner",
                    "Parallel Aware": true,
                    "Startup Cost": 41081.5,
                    "Total Cost": 41081.5,
                    "Plan Rows": 219229,
                    "Plan Width": 4,
                    "Actual Startup Time": 196.189,
                    "Actual Total Time": 196.191,
                    "Actual Rows": 348668,
                    "Actual Loops": 2,
                    "Hash Buckets": 1048576,
                    "Original Hash Buckets": 524288,
                    "Hash Batches": 1,
                    "Original Hash Batches": 1,
                    "Peak Memory Usage": 39616,
                    "Plans": [
                      {
                        "Node Type": "Bitmap Heap Scan",
                        "Parent Relationship": "Outer",
                        "Parallel Aware": true,
                        "Relation Name": "movie_companies",
                        "Alias": "mc",
                        "Startup Cost": 15814.8,
                        "Total Cost": 41081.5,
                        "Plan Rows": 219229,
                        "Plan Width": 4,
                        "Actual Startup Time": 61.876,
                        "Actual Total Time": 118.718,
                        "Actual Rows": 348668,
                        "Actual Loops": 2,
                        "Recheck Cond": "(company_id > 37295)",
                        "Rows Removed by Index Recheck": 0,
                        "Filter": "(company_type_id > 1)",
                        "Rows Removed by Filter": 25664,
                        "Exact Heap Blocks": 9688,
                        "Lossy Heap Blocks": 0,
                        "Plans": [
                          {
                            "Node Type": "Bitmap Index Scan",
                            "Parent Relationship": "Outer",
                            "Parallel Aware": false,
                            "Index Name": "company_id_movie_companies",
                            "Startup Cost": 0.0,
                            "Total Cost": 15721.62,
                            "Plan Rows": 734026,
                            "Plan Width": 0,
                            "Actual Startup Time": 45.708,
                            "Actual Total Time": 45.708,
                            "Actual Rows": 748662,
                            "Actual Loops": 1,
                            "Index Cond": "(company_id > 37295)"
                          }
                        ]
                      }
                    ]
                  }
                ]
              }
            ]
          }
        ]
      }
    ]
  },
  "Planning Time": 0.709,
  "Triggers": [],
  "Execution Time": 655.377
}