[
  {
    "Plan": {
      "Node Type": "Aggregate",
      "Strategy": "Plain",
      "Partial Mode": "Finalize",
      "Parallel Aware": false,
      "Startup Cost": 338962.32,
      "Total Cost": 338962.33,
      "Plan Rows": 1,
      "Plan Width": 8,
      "Actual Startup Time": 865.012,
      "Actual Total Time": 913.504,
      "Actual Rows": 1,
      "Actual Loops": 1,
      "Plans": [
        {
          "Node Type": "Gather",
          "Parent Relationship": "Outer",
          "Parallel Aware": false,
          "Startup Cost": 338961.69,
          "Total Cost": 338962.3,
          "Plan Rows": 6,
          "Plan Width": 8,
          "Actual Startup Time": 864.701,
          "Actual Total Time": 913.49,
          "Actual Rows": 7,
          "Actual Loops": 1,
          "Workers Planned": 6,
          "Workers Launched": 6,
          "Single Copy": false,
          "Plans": [
            {
              "Node Type": "Aggregate",
              "Strategy": "Plain",
              "Partial Mode": "Partial",
              "Parent Relationship": "Outer",
              "Parallel Aware": false,
              "Startup Cost": 337961.69,
              "Total Cost": 337961.7,
              "Plan Rows": 1,
              "Plan Width": 8,
              "Actual Startup Time": 856.393,
              "Actual Total Time": 856.394,
              "Actual Rows": 1,
              "Actual Loops": 7,
              "Plans": [
                {
                  "Node Type": "Seq Scan",
                  "Parent Relationship": "Outer",
                  "Parallel Aware": true,
                  "Relation Name": "cast_info",
                  "Alias": "ci",
                  "Startup Cost": 0.0,
                  "Total Cost": 328211.39,
                  "Plan Rows": 3900120,
                  "Plan Width": 0,
                  "Actual Startup Time": 0.06,
                  "Actual Total Time": 671.415,
                  "Actual Rows": 3364649,
                  "Actual Loops": 7,
                  "Filter": "(person_id < 2411362)",
                  "Rows Removed by Filter": 1813115
                }
              ]
            }
          ]
        }
      ]
    },
    "Planning Time": 0.2,
    "Triggers": [],
    "Execution Time": 913.571
  }
]