[
  {
    "Plan": {
      "Node Type": "Aggregate",
      "Strategy": "Plain",
      "Partial Mode": "Finalize",
      "Parallel Aware": false,
      "Startup Cost": 353064.45,
      "Total Cost": 353064.46,
      "Plan Rows": 1,
      "Plan Width": 8,
      "Actual Startup Time": 835.23,
      "Actual Total Time": 880.4,
      "Actual Rows": 1,
      "Actual Loops": 1,
      "Plans": [
        {
          "Node Type": "Gather",
          "Parent Relationship": "Outer",
          "Parallel Aware": false,
          "Startup Cost": 353063.82,
          "Total Cost": 353064.43,
          "Plan Rows": 6,
          "Plan Width": 8,
          "Actual Startup Time": 835.044,
          "Actual Total Time": 880.386,
          "Actual Rows": 7,
          "Actual Loops": 1,
          "Workers Planned": 6,
          "Workers Launched": 6,
          "Single Copy": false,
          "Plans": [
            {
              "Node Type": "Aggregate",
              "Strategy": "Plain",
              "Partial Mode": "Partial",
              "Parent Relationship": "Outer",
              "Parallel Aware": false,
              "Startup Cost": 352063.82,
              "Total Cost": 352063.83,
              "Plan Rows": 1,
              "Plan Width": 8,
              "Actual Startup Time": 827.505,
              "Actual Total Time": 827.506,
              "Actual Rows": 1,
              "Actual Loops": 7,
              "Plans": [
                {
                  "Node Type": "Seq Scan",
                  "Parent Relationship": "Outer",
                  "Parallel Aware": true,
                  "Relation Name": "cast_info",
                  "Alias": "ci",
                  "Startup Cost": 0.0,
                  "Total Cost": 343316.27,
                  "Plan Rows": 3499020,
                  "Plan Width": 0,
                  "Actual Startup Time": 123.692,
                  "Actual Total Time": 691.86,
                  "Actual Rows": 2848631,
                  "Actual Loops": 7,
                  "Filter": "((person_id > 970616) AND (role_id < 8))",
                  "Rows Removed by Filter": 2329133
                }
              ]
            }
          ]
        }
      ]
    },
    "Planning Time": 0.291,
    "Triggers": [],
    "Execution Time": 880.468
  }
]