[
  {
    "Plan": {
      "Node Type": "Aggregate",
      "Strategy": "Plain",
      "Partial Mode": "Finalize",
      "Parallel Aware": false,
      "Startup Cost": 45981.77,
      "Total Cost": 45981.78,
      "Plan Rows": 1,
      "Plan Width": 8,
      "Actual Startup Time": 162.3,
      "Actual Total Time": 173.008,
      "Actual Rows": 1,
      "Actual Loops": 1,
      "Plans": [
        {
          "Node Type": "Gather",
          "Parent Relationship": "Outer",
          "Parallel Aware": false,
          "Startup Cost": 45981.45,
          "Total Cost": 45981.76,
          "Plan Rows": 3,
          "Plan Width": 8,
          "Actual Startup Time": 162.151,
          "Actual Total Time": 172.999,
          "Actual Rows": 4,
          "Actual Loops": 1,
          "Workers Planned": 3,
          "Workers Launched": 3,
          "Single Copy": false,
          "Plans": [
            {
              "Node Type": "Aggregate",
              "Strategy": "Plain",
              "Partial Mode": "Partial",
              "Parent Relationship": "Outer",
              "Parallel Aware": false,
              "Startup Cost": 44981.45,
              "Total Cost": 44981.46,
              "Plan Rows": 1,
              "Plan Width": 8,
              "Actual Startup Time": 158.652,
              "Actual Total Time": 158.653,
              "Actual Rows": 1,
              "Actual Loops": 4,
              "Plans": [
                {
                  "Node Type": "Seq Scan",
                  "Parent Relationship": "Outer",
                  "Parallel Aware": true,
                  "Relation Name": "movie_keyword",
                  "Alias": "mk",
                  "Startup Cost": 0.0,
                  "Total Cost": 42695.65,
                  "Plan Rows": 914318,
                  "Plan Width": 0,
                  "Actual Startup Time": 0.031,
                  "Actual Total Time": 124.475,
                  "Actual Rows": 710876,
                  "Actual Loops": 4,
                  "Filter": "(keyword_id < 8654)",
                  "Rows Removed by Filter": 420106
                }
              ]
            }
          ]
        }
      ]
    },
    "Planning Time": 0.082,
    "Triggers": [],
    "Execution Time": 173.038
  }
]