[
  {
    "Plan": {
      "Node Type": "Aggregate",
      "Strategy": "Plain",
      "Partial Mode": "Finalize",
      "Parallel Aware": false,
      "Startup Cost": 45995.11,
      "Total Cost": 45995.12,
      "Plan Rows": 1,
      "Plan Width": 8,
      "Actual Startup Time": 184.038,
      "Actual Total Time": 193.933,
      "Actual Rows": 1,
      "Actual Loops": 1,
      "Plans": [
        {
          "Node Type": "Gather",
          "Parent Relationship": "Outer",
          "Parallel Aware": false,
          "Startup Cost": 45994.79,
          "Total Cost": 45995.1,
          "Plan Rows": 3,
          "Plan Width": 8,
          "Actual Startup Time": 183.918,
          "Actual Total Time": 193.923,
          "Actual Rows": 4,
          "Actual Loops": 1,
          "Workers Planned": 3,
          "Workers Launched": 3,
          "Single Copy": false,
          "Plans": [
            {
              "Node Type": "Aggregate",
              "Strategy": "Plain",
              "Partial Mode": "Partial",
              "Parent Relationship": "Outer",
              "Parallel Aware": false,
              "Startup Cost": 44994.79,
              "Total Cost": 44994.8,
              "Plan Rows": 1,
              "Plan Width": 8,
              "Actual Startup Time": 175.694,
              "Actual Total Time": 175.695,
              "Actual Rows": 1,
              "Actual Loops": 4,
              "Plans": [
                {
                  "Node Type": "Seq Scan",
                  "Parent Relationship": "Outer",
                  "Parallel Aware": true,
                  "Relation Name": "movie_keyword",
                  "Alias": "mk",
                  "Startup Cost": 0.0,
                  "Total Cost": 42695.65,
                  "Plan Rows": 919655,
                  "Plan Width": 0,
                  "Actual Startup Time": 0.059,
                  "Actual Total Time": 137.599,
                  "Actual Rows": 710876,
                  "Actual Loops": 4,
                  "Filter": "(keyword_id < 8654)",
                  "Rows Removed by Filter": 420106
                }
              ]
            }
          ]
        }
      ]
    },
    "Planning Time": 0.162,
    "Triggers": [],
    "Execution Time": 193.983
  }
]