{
    "Plan": {
        "Node Type": "Aggregate",
        "Strategy": "Plain",
        "Partial Mode": "Simple",
        "Parallel Aware": false,
        "Startup Cost": 10000118508.56,
        "Total Cost": 10000118508.57,
        "Plan Rows": 1,
        "Plan Width": 8,
        "Actual Startup Time": 1252.414,
        "Actual Total Time": 1252.418,
        "Actual Rows": 1,
        "Actual Loops": 1,
        "Output": [
            "count(*)"
        ],
        "Plans": [
            {
                "Node Type": "Nested Loop",
                "Parent Relationship": "Outer",
                "Parallel Aware": false,
                "Join Type": "Inner",
                "Startup Cost": 10000115994.98,
                "Total Cost": 10000118508.39,
                "Plan Rows": 67,
                "Plan Width": 0,
                "Actual Startup Time": 1251.493,
                "Actual Total Time": 1252.403,
                "Actual Rows": 3,
                "Actual Loops": 1,
                "Inner Unique": false,
                "Plans": [
                    {
                        "Node Type": "Hash Join",
                        "Parent Relationship": "Outer",
                        "Parallel Aware": false,
                        "Join Type": "Inner",
                        "Startup Cost": 115994.52,
                        "Total Cost": 117950.99,
                        "Plan Rows": 123,
                        "Plan Width": 8,
                        "Actual Startup Time": 1245.808,
                        "Actual Total Time": 1247.269,
                        "Actual Rows": 850,
                        "Actual Loops": 1,
                        "Output": [
                            "t.id",
                            "ci.movie_id"
                        ],
                        "Inner Unique": true,
                        "Hash Cond": "(ci.movie_id = t.id)",
                        "Plans": [
                            {
                                "Node Type": "Bitmap Heap Scan",
                                "Parent Relationship": "Outer",
                                "Parallel Aware": false,
                                "Relation Name": "cast_info",
                                "Schema": "public",
                                "Alias": "ci",
                                "Startup Cost": 12.39,
                                "Total Cost": 1968.42,
                                "Plan Rows": 167,
                                "Plan Width": 4,
                                "Actual Startup Time": 0.544,
                                "Actual Total Time": 0.998,
                                "Actual Rows": 850,
                                "Actual Loops": 1,
                                "Output": [
                                    "ci.id",
                                    "ci.person_id",
                                    "ci.movie_id",
                                    "ci.person_role_id",
                                    "ci.note",
                                    "ci.nr_order",
                                    "ci.role_id"
                                ],
                                "Recheck Cond": "(ci.person_id = 3705763)",
                                "Rows Removed by Index Recheck": 0,
                                "Filter": "(ci.role_id > 3)",
                                "Rows Removed by Filter": 0,
                                "Exact Heap Blocks": 10,
                                "Lossy Heap Blocks": 0,
                                "Plans": [
                                    {
                                        "Node Type": "Bitmap Index Scan",
                                        "Parent Relationship": "Outer",
                                        "Parallel Aware": false,
                                        "Index Name": "person_id_cast_info",
                                        "Startup Cost": 0.0,
                                        "Total Cost": 12.34,
                                        "Plan Rows": 504,
                                        "Plan Width": 0,
                                        "Actual Startup Time": 0.483,
                                        "Actual Total Time": 0.484,
                                        "Actual Rows": 850,
                                        "Actual Loops": 1,
                                        "Index Cond": "(ci.person_id = 3705763)"
                                    }
                                ]
                            },
                            {
                                "Node Type": "Hash",
                                "Parent Relationship": "Inner",
                                "Parallel Aware": false,
                                "Startup Cost": 92770.03,
                                "Total Cost": 92770.03,
                                "Plan Rows": 1856968,
                                "Plan Width": 4,
                                "Actual Startup Time": 1228.165,
                                "Actual Total Time": 1228.167,
                                "Actual Rows": 1865487,
                                "Actual Loops": 1,
                                "Output": [
                                    "t.id"
                                ],
                                "Hash Buckets": 2097152,
                                "Original Hash Buckets": 2097152,
                                "Hash Batches": 1,
                                "Original Hash Batches": 1,
                                "Peak Memory Usage": 81968,
                                "Plans": [
                                    {
                                        "Node Type": "Bitmap Heap Scan",
                                        "Parent Relationship": "Outer",
                                        "Parallel Aware": false,
                                        "Relation Name": "title",
                                        "Schema": "public",
                                        "Alias": "t",
                                        "Startup Cost": 33559.93,
                                        "Total Cost": 92770.03,
                                        "Plan Rows": 1856968,
                                        "Plan Width": 4,
                                        "Actual Startup Time": 108.024,
                                        "Actual Total Time": 612.1,
                                        "Actual Rows": 1865487,
                                        "Actual Loops": 1,
                                        "Output": [
                                            "t.id"
                                        ],
                                        "Recheck Cond": "(t.kind_id > 1)",
                                        "Rows Removed by Index Recheck": 0,
                                        "Exact Heap Blocks": 35995,
                                        "Lossy Heap Blocks": 0,
                                        "Plans": [
                                            {
                                                "Node Type": "Bitmap Index Scan",
                                                "Parent Relationship": "Outer",
                                                "Parallel Aware": false,
                                                "Index Name": "kind_id_title",
                                                "Startup Cost": 0.0,
                                                "Total Cost": 33095.69,
                                                "Plan Rows": 1856968,
                                                "Plan Width": 0,
                                                "Actual Startup Time": 100.064,
                                                "Actual Total Time": 100.065,
                                                "Actual Rows": 1865487,
                                                "Actual Loops": 1,
                                                "Index Cond": "(t.kind_id > 1)"
                                            }
                                        ]
                                    }
                                ]
                            }
                        ]
                    },
                    {
                        "Node Type": "Bitmap Heap Scan",
                        "Parent Relationship": "Inner",
                        "Parallel Aware": false,
                        "Relation Name": "movie_info_idx",
                        "Schema": "public",
                        "Alias": "mi_idx",
                        "Startup Cost": 0.46,
                        "Total Cost": 4.5,
                        "Plan Rows": 3,
                        "Plan Width": 4,
                        "Actual Startup Time": 0.004,
                        "Actual Total Time": 0.004,
                        "Actual Rows": 0,
                        "Actual Loops": 850,
                        "Output": [
                            "mi_idx.id",
                            "mi_idx.movie_id",
                            "mi_idx.info_type_id",
                            "mi_idx.info",
                            "mi_idx.note"
                        ],
                        "Recheck Cond": "(mi_idx.movie_id = t.id)",
                        "Rows Removed by Index Recheck": 0,
                        "Exact Heap Blocks": 1,
                        "Lossy Heap Blocks": 0,
                        "Plans": [
                            {
                                "Node Type": "Bitmap Index Scan",
                                "Parent Relationship": "Outer",
                                "Parallel Aware": false,
                                "Index Name": "movie_id_movie_info_idx",
                                "Startup Cost": 0.0,
                                "Total Cost": 0.46,
                                "Plan Rows": 3,
                                "Plan Width": 0,
                                "Actual Startup Time": 0.003,
                                "Actual Total Time": 0.003,
                                "Actual Rows": 0,
                                "Actual Loops": 850,
                                "Index Cond": "(mi_idx.movie_id = t.id)"
                            }
                        ]
                    }
                ]
            }
        ]
    },
    "Planning Time": 3.304,
    "Triggers": [],
    "Execution Time": 1255.314
}