[
  {
    "Plan": {
      "Node Type": "Aggregate",
      "Strategy": "Plain",
      "Partial Mode": "Finalize",
      "Parallel Aware": false,
      "Startup Cost": 126364.1,
      "Total Cost": 126364.11,
      "Plan Rows": 1,
      "Plan Width": 8,
      "Actual Startup Time": 1600.566,
      "Actual Total Time": 1619.904,
      "Actual Rows": 1,
      "Actual Loops": 1,
      "Plans": [
        {
          "Node Type": "Gather",
          "Parent Relationship": "Outer",
          "Parallel Aware": false,
          "Startup Cost": 126363.78,
          "Total Cost": 126364.09,
          "Plan Rows": 3,
          "Plan Width": 8,
          "Actual Startup Time": 1594.688,
          "Actual Total Time": 1619.893,
          "Actual Rows": 4,
          "Actual Loops": 1,
          "Workers Planned": 3,
          "Workers Launched": 3,
          "Single Copy": false,
          "Plans": [
            {
              "Node Type": "Aggregate",
              "Strategy": "Plain",
              "Partial Mode": "Partial",
              "Parent Relationship": "Outer",
              "Parallel Aware": false,
              "Startup Cost": 125363.78,
              "Total Cost": 125363.79,
              "Plan Rows": 1,
              "Plan Width": 8,
              "Actual Startup Time": 1585.768,
              "Actual Total Time": 1586.049,
              "Actual Rows": 1,
              "Actual Loops": 4,
              "Plans": [
                {
                  "Node Type": "Hash Join",
                  "Parent Relationship": "Outer",
                  "Parallel Aware": true,
                  "Join Type": "Inner",
                  "Startup Cost": 79104.16,
                  "Total Cost": 124604.15,
                  "Plan Rows": 303852,
                  "Plan Width": 0,
                  "Actual Startup Time": 533.115,
                  "Actual Total Time": 1263.745,
                  "Actual Rows": 6653805,
                  "Actual Loops": 4,
                  "Inner Unique": false,
                  "Hash Cond": "(mk.movie_id = t.id)",
                  "Plans": [
                    {
                      "Node Type": "Seq Scan",
                      "Parent Relationship": "Outer",
                      "Parallel Aware": true,
                      "Relation Name": "movie_keyword",
                      "Alias": "mk",
                      "Startup Cost": 0.0,
                      "Total Cost": 39047.32,
                      "Plan Rows": 1459332,
                      "Plan Width": 4,
                      "Actual Startup Time": 0.036,
                      "Actual Total Time": 102.847,
                      "Actual Rows": 1130982,
                      "Actual Loops": 4
                    },
                    {
                      "Node Type": "Hash",
                      "Parent Relationship": "Inner",
                      "Parallel Aware": true,
                      "Startup Cost": 76981.49,
                      "Total Cost": 76981.49,
                      "Plan Rows": 169814,
                      "Plan Width": 8,
                      "Actual Startup Time": 480.7,
                      "Actual Total Time": 480.979,
                      "Actual Rows": 243416,
                      "Actual Loops": 4,
                      "Hash Buckets": 1048576,
                      "Original Hash Buckets": 1048576,
                      "Hash Batches": 1,
                      "Original Hash Batches": 1,
                      "Peak Memory Usage": 46368,
                      "Plans": [
                        {
                          "Node Type": "Hash Join",
                          "Parent Relationship": "Outer",
                          "Parallel Aware": true,
                          "Join Type": "Inner",
                          "Startup Cost": 45971.59,
                          "Total Cost": 76981.49,
                          "Plan Rows": 169814,
                          "Plan Width": 8,
                          "Actual Startup Time": 214.94,
                          "Actual Total Time": 401.683,
                          "Actual Rows": 243416,
                          "Actual Loops": 4,
                          "Inner Unique": true,
                          "Hash Cond": "(mc.movie_id = t.id)",
                          "Plans": [
                            {
                              "Node Type": "Seq Scan",
                              "Parent Relationship": "Outer",
                              "Parallel Aware": true,
                              "Relation Name": "movie_companies",
                              "Alias": "mc",
                              "Startup Cost": 0.0,
                              "Total Cost": 29310.68,
                              "Plan Rows": 647321,
                              "Plan Width": 4,
                              "Actual Startup Time": 0.021,
                              "Actual Total Time": 88.128,
                              "Actual Rows": 498254,
                              "Actual Loops": 4,
                              "Filter": "(company_id < 63237)",
                              "Rows Removed by Filter": 154028
                            },
                            {
                              "Node Type": "Hash",
                              "Parent Relationship": "Inner",
                              "Parallel Aware": true,
                              "Startup Cost": 43898.92,
                              "Total Cost": 43898.92,
                              "Plan Rows": 165814,
                              "Plan Width": 4,
                              "Actual Startup Time": 176.211,
                              "Actual Total Time": 176.212,
                              "Actual Rows": 165706,
                              "Actual Loops": 4,
                              "Hash Buckets": 1048576,
                              "Original Hash Buckets": 1048576,
                              "Hash Batches": 1,
                              "Original Hash Batches": 1,
                              "Peak Memory Usage": 34176,
                              "Plans": [
                                {
                                  "Node Type": "Seq Scan",
                                  "Parent Relationship": "Outer",
                                  "Parallel Aware": true,
                                  "Relation Name": "title",
                                  "Alias": "t",
                                  "Startup Cost": 0.0,
                                  "Total Cost": 43898.92,
                                  "Plan Rows": 165814,
                                  "Plan Width": 4,
                                  "Actual Startup Time": 49.117,
                                  "Actual Total Time": 110.815,
                                  "Actual Rows": 165706,
                                  "Actual Loops": 4,
                                  "Filter": "(kind_id = 1)",
                                  "Rows Removed by Filter": 466372
                                }
                              ]
                            }
                          ]
                        }
                      ]
                    }
                  ]
                }
              ]
            }
          ]
        }
      ]
    },
    "Planning Time": 1.452,
    "Triggers": [],
    "Execution Time": 1619.989
  }
]