{
  "Plan": {
    "Node Type": "Aggregate",
    "Strategy": "Plain",
    "Partial Mode": "Finalize",
    "Parallel Aware": false,
    "Startup Cost": 3141015.33,
    "Total Cost": 3141015.34,
    "Plan Rows": 1,
    "Plan Width": 8,
    "Actual Startup Time": 20654.811,
    "Actual Total Time": 20768.701,
    "Actual Rows": 1,
    "Actual Loops": 1,
    "Plans": [
      {
        "Node Type": "Gather",
        "Parent Relationship": "Outer",
        "Parallel Aware": false,
        "Startup Cost": 3141015.22,
        "Total Cost": 3141015.33,
        "Plan Rows": 1,
        "Plan Width": 8,
        "Actual Startup Time": 20623.656,
        "Actual Total Time": 20768.692,
        "Actual Rows": 2,
        "Actual Loops": 1,
        "Workers Planned": 1,
        "Workers Launched": 1,
        "Single Copy": false,
        "Plans": [
          {
            "Node Type": "Aggregate",
            "Strategy": "Plain",
            "Partial Mode": "Partial",
            "Parent Relationship": "Outer",
            "Parallel Aware": false,
            "Startup Cost": 3140015.22,
            "Total Cost": 3140015.23,
            "Plan Rows": 1,
            "Plan Width": 8,
            "Actual Startup Time": 20617.789,
            "Actual Total Time": 20617.792,
            "Actual Rows": 1,
            "Actual Loops": 2,
            "Plans": [
              {
                "Node Type": "Merge Join",
                "Parent Relationship": "Outer",
                "Parallel Aware": false,
                "Join Type": "Inner",
                "Startup Cost": 1529589.02,
                "Total Cost": 3085170.34,
                "Plan Rows": 21937952,
                "Plan Width": 0,
                "Actual Startup Time": 3897.689,
                "Actual Total Time": 18278.251,
                "Actual Rows": 54230105,
                "Actual Loops": 2,
                "Inner Unique": false,
                "Merge Cond": "(t.id = mi.movie_id)",
                "Plans": [
                  {
                    "Node Type": "Merge Join",
                    "Parent Relationship": "Outer",
                    "Parallel Aware": false,
                    "Join Type": "Inner",
                    "Startup Cost": 1529586.35,
                    "Total Cost": 1626140.42,
                    "Plan Rows": 5594991,
                    "Plan Width": 8,
                    "Actual Startup Time": 3897.538,
                    "Actual Total Time": 6188.639,
                    "Actual Rows": 5431724,
                    "Actual Loops": 2,
                    "Inner Unique": true,
                    "Merge Cond": "(ci.movie_id = t.id)",
                    "Plans": [
                      {
                        "Node Type": "Sort",
                        "Parent Relationship": "Outer",
                        "Parallel Aware": false,
                        "Startup Cost": 1199424.25,
                        "Total Cost": 1213411.73,
                        "Plan Rows": 5594991,
                        "Plan Width": 4,
                        "Actual Startup Time": 2963.759,
                        "Actual Total Time": 3840.278,
                        "Actual Rows": 5431724,
                        "Actual Loops": 2,
                        "Sort Key": [
                          "ci.movie_id"
                        ],
                        "Sort Method": "quicksort",
                        "Sort Space Used": 458928,
                        "Sort Space Type": "Memory",
                        "Workers": [
                          {
                            "Worker Number": 0,
                            "Sort Method": "quicksort",
                            "Sort Space Used": 443513,
                            "Sort Space Type": "Memory"
                          }
                        ],
                        "Plans": [
                          {
                            "Node Type": "Seq Scan",
                            "Parent Relationship": "Outer",
                            "Parallel Aware": true,
                            "Relation Name": "cast_info",
                            "Alias": "ci",
                            "Startup Cost": 0.0,
                            "Total Cost": 572345.93,
                            "Plan Rows": 5594991,
                            "Plan Width": 4,
                            "Actual Startup Time": 0.038,
                            "Actual Total Time": 1616.304,
                            "Actual Rows": 5431724,
                            "Actual Loops": 2,
                            "Filter": "((person_id < 1190912) AND (role_id < 7))",
                            "Rows Removed by Filter": 12690448
                          }
                        ]
                      },
                      {
                        "Node Type": "Sort",
                        "Parent Relationship": "Inner",
                        "Parallel Aware": false,
                        "Startup Cost": 330161.51,
                        "Total Cost": 336482.24,
                        "Plan Rows": 2528293,
                        "Plan Width": 4,
                        "Actual Startup Time": 933.765,
                        "Actual Total Time": 1383.044,
                        "Actual Rows": 2525896,
                        "Actual Loops": 2,
                        "Sort Key": [
                          "t.id"
                        ],
                        "Sort Method": "quicksort",
                        "Sort Space Used": 216819,
                        "Sort Space Type": "Memory",
                        "Workers": [
                          {
                            "Worker Number": 0,
                            "Sort Method": "quicksort",
                            "Sort Space Used": 216819,
                            "Sort Space Type": "Memory"
                          }
                        ],
                        "Plans": [
                          {
                            "Node Type": "Seq Scan",
                            "Parent Relationship": "Outer",
                            "Parallel Aware": false,
                            "Relation Name": "title",
                            "Alias": "t",
                            "Startup Cost": 0.0,
                            "Total Cost": 61280.93,
                            "Plan Rows": 2528293,
                            "Plan Width": 4,
                            "Actual Startup Time": 0.045,
                            "Actual Total Time": 260.156,
                            "Actual Rows": 2528312,
                            "Actual Loops": 2
                          }
                        ]
                      }
                    ]
                  },
                  {
                    "Node Type": "Materialize",
                    "Parent Relationship": "Inner",
                    "Parallel Aware": false,
                    "Startup Cost": 0.43,
                    "Total Cost": 1140840.08,
                    "Plan Rows": 9913433,
                    "Plan Width": 4,
                    "Actual Startup Time": 0.052,
                    "Actual Total Time": 6713.866,
                    "Actual Rows": 56447309,
                    "Actual Loops": 2,
                    "Plans": [
                      {
                        "Node Type": "Index Scan",
                        "Parent Relationship": "Outer",
                        "Parallel Aware": false,
                        "Scan Direction": "Forward",
                        "Index Name": "movie_id_movie_info",
                        "Relation Name": "movie_info",
                        "Alias": "mi",
                        "Startup Cost": 0.43,
                        "Total Cost": 1116056.49,
                        "Plan Rows": 9913433,
                        "Plan Width": 4,
                        "Actual Startup Time": 0.049,
                        "Actual Total Time": 4067.546,
                        "Actual Rows": 9910970,
                        "Actual Loops": 2,
                        "Filter": "(info_type_id > 4)",
                        "Rows Removed by Filter": 4923934
                      }
                    ]
                  }
                ]
              }
            ]
          }
        ]
      }
    ]
  },
  "Planning Time": 1.046,
  "Triggers": [],
  "Execution Time": 20811.602
}