[
    {
        "Bao": {
            "Bao prediction": "NaN",
            "Bao recommended hint": "(no hint)"
        }
    },
    {
        "Plan": {
            "Node Type": "Aggregate",
            "Strategy": "Plain",
            "Partial Mode": "Finalize",
            "Parallel Aware": false,
            "Startup Cost": 77524.31,
            "Total Cost": 77524.32,
            "Plan Rows": 1,
            "Plan Width": 8,
            "Actual Startup Time": 196.159,
            "Actual Total Time": 203.432,
            "Actual Rows": 1,
            "Actual Loops": 1,
            "Output": [
                "count(*)"
            ],
            "Plans": [
                {
                    "Node Type": "Gather",
                    "Parent Relationship": "Outer",
                    "Parallel Aware": false,
                    "Startup Cost": 77524.0,
                    "Total Cost": 77524.31,
                    "Plan Rows": 3,
                    "Plan Width": 8,
                    "Actual Startup Time": 195.553,
                    "Actual Total Time": 203.423,
                    "Actual Rows": 4,
                    "Actual Loops": 1,
                    "Output": [
                        "(PARTIAL count(*))"
                    ],
                    "Workers Planned": 3,
                    "Workers Launched": 3,
                    "Single Copy": false,
                    "Plans": [
                        {
                            "Node Type": "Aggregate",
                            "Strategy": "Plain",
                            "Partial Mode": "Partial",
                            "Parent Relationship": "Outer",
                            "Parallel Aware": false,
                            "Startup Cost": 76524.0,
                            "Total Cost": 76524.01,
                            "Plan Rows": 1,
                            "Plan Width": 8,
                            "Actual Startup Time": 187.436,
                            "Actual Total Time": 187.439,
                            "Actual Rows": 1,
                            "Actual Loops": 4,
                            "Output": [
                                "PARTIAL count(*)"
                            ],
                            "Workers": [
                                {
                                    "Worker Number": 0,
                                    "Actual Startup Time": 184.456,
                                    "Actual Total Time": 184.459,
                                    "Actual Rows": 1,
                                    "Actual Loops": 1
                                },
                                {
                                    "Worker Number": 1,
                                    "Actual Startup Time": 184.871,
                                    "Actual Total Time": 184.873,
                                    "Actual Rows": 1,
                                    "Actual Loops": 1
                                },
                                {
                                    "Worker Number": 2,
                                    "Actual Startup Time": 185.177,
                                    "Actual Total Time": 185.179,
                                    "Actual Rows": 1,
                                    "Actual Loops": 1
                                }
                            ],
                            "Plans": [
                                {
                                    "Node Type": "Hash Join",
                                    "Parent Relationship": "Outer",
                                    "Parallel Aware": true,
                                    "Join Type": "Inner",
                                    "Startup Cost": 44392.97,
                                    "Total Cost": 76483.75,
                                    "Plan Rows": 16099,
                                    "Plan Width": 0,
                                    "Actual Startup Time": 119.094,
                                    "Actual Total Time": 185.773,
                                    "Actual Rows": 34328,
                                    "Actual Loops": 4,
                                    "Inner Unique": true,
                                    "Hash Cond": "(mc.movie_id = t.id)",
                                    "Workers": [
                                        {
                                            "Worker Number": 0,
                                            "Actual Startup Time": 115.381,
                                            "Actual Total Time": 182.886,
                                            "Actual Rows": 32204,
                                            "Actual Loops": 1
                                        },
                                        {
                                            "Worker Number": 1,
                                            "Actual Startup Time": 118.096,
                                            "Actual Total Time": 183.217,
                                            "Actual Rows": 33291,
                                            "Actual Loops": 1
                                        },
                                        {
                                            "Worker Number": 2,
                                            "Actual Startup Time": 116.049,
                                            "Actual Total Time": 183.554,
                                            "Actual Rows": 33177,
                                            "Actual Loops": 1
                                        }
                                    ],
                                    "Plans": [
                                        {
                                            "Node Type": "Seq Scan",
                                            "Parent Relationship": "Outer",
                                            "Parallel Aware": true,
                                            "Relation Name": "movie_companies",
                                            "Schema": "public",
                                            "Alias": "mc",
                                            "Startup Cost": 0.0,
                                            "Total Cost": 31414.82,
                                            "Plan Rows": 257509,
                                            "Plan Width": 4,
                                            "Actual Startup Time": 27.662,
                                            "Actual Total Time": 62.758,
                                            "Actual Rows": 253912,
                                            "Actual Loops": 4,
                                            "Output": [
                                                "mc.id",
                                                "mc.movie_id",
                                                "mc.company_id",
                                                "mc.company_type_id",
                                                "mc.note"
                                            ],
                                            "Filter": "((mc.company_id > 6012) AND (mc.company_type_id = 2))",
                                            "Rows Removed by Filter": 398370,
                                            "Workers": [
                                                {
                                                    "Worker Number": 0,
                                                    "Actual Startup Time": 27.66,
                                                    "Actual Total Time": 62.529,
                                                    "Actual Rows": 243412,
                                                    "Actual Loops": 1
                                                },
                                                {
                                                    "Worker Number": 1,
                                                    "Actual Startup Time": 27.64,
                                                    "Actual Total Time": 62.709,
                                                    "Actual Rows": 244292,
                                                    "Actual Loops": 1
                                                },
                                                {
                                                    "Worker Number": 2,
                                                    "Actual Startup Time": 27.668,
                                                    "Actual Total Time": 63.008,
                                                    "Actual Rows": 246993,
                                                    "Actual Loops": 1
                                                }
                                            ]
                                        },
                                        {
                                            "Node Type": "Hash",
                                            "Parent Relationship": "Inner",
                                            "Parallel Aware": true,
                                            "Startup Cost": 43899.01,
                                            "Total Cost": 43899.01,
                                            "Plan Rows": 39517,
                                            "Plan Width": 4,
                                            "Actual Startup Time": 88.575,
                                            "Actual Total Time": 88.576,
                                            "Actual Rows": 40084,
                                            "Actual Loops": 4,
                                            "Output": [
                                                "t.id"
                                            ],
                                            "Hash Buckets": 262144,
                                            "Original Hash Buckets": 262144,
                                            "Hash Batches": 1,
                                            "Original Hash Batches": 1,
                                            "Peak Memory Usage": 8384,
                                            "Workers": [
                                                {
                                                    "Worker Number": 0,
                                                    "Actual Startup Time": 86.178,
                                                    "Actual Total Time": 86.179,
                                                    "Actual Rows": 37544,
                                                    "Actual Loops": 1
                                                },
                                                {
                                                    "Worker Number": 1,
                                                    "Actual Startup Time": 86.603,
                                                    "Actual Total Time": 86.604,
                                                    "Actual Rows": 37271,
                                                    "Actual Loops": 1
                                                },
                                                {
                                                    "Worker Number": 2,
                                                    "Actual Startup Time": 86.801,
                                                    "Actual Total Time": 86.801,
                                                    "Actual Rows": 37760,
                                                    "Actual Loops": 1
                                                }
                                            ],
                                            "Plans": [
                                                {
                                                    "Node Type": "Seq Scan",
                                                    "Parent Relationship": "Outer",
                                                    "Parallel Aware": true,
                                                    "Relation Name": "title",
                                                    "Schema": "public",
                                                    "Alias": "t",
                                                    "Startup Cost": 0.0,
                                                    "Total Cost": 43899.01,
                                                    "Plan Rows": 39517,
                                                    "Plan Width": 4,
                                                    "Actual Startup Time": 1.294,
                                                    "Actual Total Time": 78.695,
                                                    "Actual Rows": 40084,
                                                    "Actual Loops": 4,
                                                    "Output": [
                                                        "t.id"
                                                    ],
                                                    "Filter": "(t.production_year < 1949)",
                                                    "Rows Removed by Filter": 591994,
                                                    "Workers": [
                                                        {
                                                            "Worker Number": 0,
                                                            "Actual Startup Time": 0.524,
                                                            "Actual Total Time": 76.872,
                                                            "Actual Rows": 37544,
                                                            "Actual Loops": 1
                                                        },
                                                        {
                                                            "Worker Number": 1,
                                                            "Actual Startup Time": 2.66,
                                                            "Actual Total Time": 76.936,
                                                            "Actual Rows": 37271,
                                                            "Actual Loops": 1
                                                        },
                                                        {
                                                            "Worker Number": 2,
                                                            "Actual Startup Time": 1.793,
                                                            "Actual Total Time": 77.075,
                                                            "Actual Rows": 37760,
                                                            "Actual Loops": 1
                                                        }
                                                    ]
                                                }
                                            ]
                                        }
                                    ]
                                }
                            ]
                        }
                    ]
                }
            ]
        },
        "Planning Time": 226.962,
        "Triggers": [],
        "Execution Time": 203.485
    }
]