[
  {
    "Plan": {
      "Node Type": "Aggregate",
      "Strategy": "Plain",
      "Partial Mode": "Finalize",
      "Parallel Aware": false,
      "Startup Cost": 413393.81,
      "Total Cost": 413393.82,
      "Plan Rows": 1,
      "Plan Width": 8,
      "Actual Startup Time": 1674.638,
      "Actual Total Time": 1726.567,
      "Actual Rows": 1,
      "Actual Loops": 1,
      "Plans": [
        {
          "Node Type": "Gather",
          "Parent Relationship": "Outer",
          "Parallel Aware": false,
          "Startup Cost": 413393.19,
          "Total Cost": 413393.8,
          "Plan Rows": 6,
          "Plan Width": 8,
          "Actual Startup Time": 1664.587,
          "Actual Total Time": 1726.551,
          "Actual Rows": 7,
          "Actual Loops": 1,
          "Workers Planned": 6,
          "Workers Launched": 6,
          "Single Copy": false,
          "Plans": [
            {
              "Node Type": "Aggregate",
              "Strategy": "Plain",
              "Partial Mode": "Partial",
              "Parent Relationship": "Outer",
              "Parallel Aware": false,
              "Startup Cost": 412393.19,
              "Total Cost": 412393.2,
              "Plan Rows": 1,
              "Plan Width": 8,
              "Actual Startup Time": 1653.435,
              "Actual Total Time": 1653.572,
              "Actual Rows": 1,
              "Actual Loops": 7,
              "Plans": [
                {
                  "Node Type": "Hash Join",
                  "Parent Relationship": "Outer",
                  "Parallel Aware": true,
                  "Join Type": "Inner",
                  "Startup Cost": 67167.87,
                  "Total Cost": 408845.13,
                  "Plan Rows": 1419223,
                  "Plan Width": 0,
                  "Actual Startup Time": 266.829,
                  "Actual Total Time": 1577.187,
                  "Actual Rows": 1758333,
                  "Actual Loops": 7,
                  "Inner Unique": false,
                  "Hash Cond": "(ci.movie_id = t.id)",
                  "Plans": [
                    {
                      "Node Type": "Seq Scan",
                      "Parent Relationship": "Outer",
                      "Parallel Aware": true,
                      "Relation Name": "cast_info",
                      "Alias": "ci",
                      "Startup Cost": 0.0,
                      "Total Cost": 313106.51,
                      "Plan Rows": 6041951,
                      "Plan Width": 4,
                      "Actual Startup Time": 0.049,
                      "Actual Total Time": 518.938,
                      "Actual Rows": 5177763,
                      "Actual Loops": 7
                    },
                    {
                      "Node Type": "Hash",
                      "Parent Relationship": "Inner",
                      "Parallel Aware": true,
                      "Startup Cost": 64074.57,
                      "Total Cost": 64074.57,
                      "Plan Rows": 247464,
                      "Plan Width": 8,
                      "Actual Startup Time": 263.505,
                      "Actual Total Time": 263.641,
                      "Actual Rows": 44998,
                      "Actual Loops": 7,
                      "Hash Buckets": 1048576,
                      "Original Hash Buckets": 1048576,
                      "Hash Batches": 1,
                      "Original Hash Batches": 1,
                      "Peak Memory Usage": 20640,
                      "Plans": [
                        {
                          "Node Type": "Hash Join",
                          "Parent Relationship": "Outer",
                          "Parallel Aware": true,
                          "Join Type": "Inner",
                          "Startup Cost": 48880.01,
                          "Total Cost": 64074.57,
                          "Plan Rows": 247464,
                          "Plan Width": 8,
                          "Actual Startup Time": 180.509,
                          "Actual Total Time": 239.241,
                          "Actual Rows": 44998,
                          "Actual Loops": 7,
                          "Inner Unique": true,
                          "Hash Cond": "(mi_idx.movie_id = t.id)",
                          "Plans": [
                            {
                              "Node Type": "Seq Scan",
                              "Parent Relationship": "Outer",
                              "Parallel Aware": true,
                              "Relation Name": "movie_info_idx",
                              "Alias": "mi_idx",
                              "Startup Cost": 0.0,
                              "Total Cost": 13685.15,
                              "Plan Rows": 575015,
                              "Plan Width": 4,
                              "Actual Startup Time": 0.018,
                              "Actual Total Time": 19.9,
                              "Actual Rows": 197148,
                              "Actual Loops": 7
                            },
                            {
                              "Node Type": "Hash",
                              "Parent Relationship": "Inner",
                              "Parallel Aware": true,
                              "Startup Cost": 45479.59,
                              "Total Cost": 45479.59,
                              "Plan Rows": 272034,
                              "Plan Width": 4,
                              "Actual Startup Time": 177.762,
                              "Actual Total Time": 177.763,
                              "Actual Rows": 168129,
                              "Actual Loops": 7,
                              "Hash Buckets": 2097152,
                              "Original Hash Buckets": 2097152,
                              "Hash Batches": 1,
                              "Original Hash Batches": 1,
                              "Peak Memory Usage": 62528,
                              "Plans": [
                                {
                                  "Node Type": "Seq Scan",
                                  "Parent Relationship": "Outer",
                                  "Parallel Aware": true,
                                  "Relation Name": "title",
                                  "Alias": "t",
                                  "Startup Cost": 0.0,
                                  "Total Cost": 45479.59,
                                  "Plan Rows": 272034,
                                  "Plan Width": 4,
                                  "Actual Startup Time": 0.079,
                                  "Actual Total Time": 83.013,
                                  "Actual Rows": 168129,
                                  "Actual Loops": 7,
                                  "Filter": "((production_year > 1989) AND (kind_id = 7))",
                                  "Rows Removed by Filter": 193058
                                }
                              ]
                            }
                          ]
                        }
                      ]
                    }
                  ]
                }
              ]
            }
          ]
        }
      ]
    },
    "Planning Time": 1.171,
    "Triggers": [],
    "Execution Time": 1726.652
  }
]