{
    "Plan": {
        "Node Type": "Aggregate",
        "Strategy": "Plain",
        "Partial Mode": "Finalize",
        "Parallel Aware": false,
        "Startup Cost": 383736.4,
        "Total Cost": 383736.41,
        "Plan Rows": 1,
        "Plan Width": 8,
        "Actual Startup Time": 1194.051,
        "Actual Total Time": 1247.024,
        "Actual Rows": 1,
        "Actual Loops": 1,
        "Output": [
            "count(*)"
        ],
        "Plans": [
            {
                "Node Type": "Gather",
                "Parent Relationship": "Outer",
                "Parallel Aware": false,
                "Startup Cost": 383735.77,
                "Total Cost": 383736.38,
                "Plan Rows": 6,
                "Plan Width": 8,
                "Actual Startup Time": 1191.917,
                "Actual Total Time": 1247.013,
                "Actual Rows": 7,
                "Actual Loops": 1,
                "Output": [
                    "(PARTIAL count(*))"
                ],
                "Workers Planned": 6,
                "Workers Launched": 6,
                "Single Copy": false,
                "Plans": [
                    {
                        "Node Type": "Aggregate",
                        "Strategy": "Plain",
                        "Partial Mode": "Partial",
                        "Parent Relationship": "Outer",
                        "Parallel Aware": false,
                        "Startup Cost": 382735.77,
                        "Total Cost": 382735.78,
                        "Plan Rows": 1,
                        "Plan Width": 8,
                        "Actual Startup Time": 1181.218,
                        "Actual Total Time": 1181.222,
                        "Actual Rows": 1,
                        "Actual Loops": 7,
                        "Output": [
                            "PARTIAL count(*)"
                        ],
                        "Workers": [
                            {
                                "Worker Number": 0,
                                "Actual Startup Time": 1178.918,
                                "Actual Total Time": 1178.921,
                                "Actual Rows": 1,
                                "Actual Loops": 1
                            },
                            {
                                "Worker Number": 1,
                                "Actual Startup Time": 1178.919,
                                "Actual Total Time": 1178.923,
                                "Actual Rows": 1,
                                "Actual Loops": 1
                            },
                            {
                                "Worker Number": 2,
                                "Actual Startup Time": 1179.32,
                                "Actual Total Time": 1179.323,
                                "Actual Rows": 1,
                                "Actual Loops": 1
                            },
                            {
                                "Worker Number": 3,
                                "Actual Startup Time": 1179.689,
                                "Actual Total Time": 1179.691,
                                "Actual Rows": 1,
                                "Actual Loops": 1
                            },
                            {
                                "Worker Number": 4,
                                "Actual Startup Time": 1180.116,
                                "Actual Total Time": 1180.119,
                                "Actual Rows": 1,
                                "Actual Loops": 1
                            },
                            {
                                "Worker Number": 5,
                                "Actual Startup Time": 1180.507,
                                "Actual Total Time": 1180.509,
                                "Actual Rows": 1,
                                "Actual Loops": 1
                            }
                        ],
                        "Plans": [
                            {
                                "Node Type": "Hash Join",
                                "Parent Relationship": "Outer",
                                "Parallel Aware": true,
                                "Join Type": "Inner",
                                "Startup Cost": 46627.28,
                                "Total Cost": 381776.03,
                                "Plan Rows": 383895,
                                "Plan Width": 0,
                                "Actual Startup Time": 346.09,
                                "Actual Total Time": 1172.126,
                                "Actual Rows": 148160,
                                "Actual Loops": 7,
                                "Inner Unique": true,
                                "Hash Cond": "(ci.movie_id = t.id)",
                                "Workers": [
                                    {
                                        "Worker Number": 0,
                                        "Actual Startup Time": 343.778,
                                        "Actual Total Time": 1169.548,
                                        "Actual Rows": 132656,
                                        "Actual Loops": 1
                                    },
                                    {
                                        "Worker Number": 1,
                                        "Actual Startup Time": 343.732,
                                        "Actual Total Time": 1169.578,
                                        "Actual Rows": 132503,
                                        "Actual Loops": 1
                                    },
                                    {
                                        "Worker Number": 2,
                                        "Actual Startup Time": 344.489,
                                        "Actual Total Time": 1170.578,
                                        "Actual Rows": 124550,
                                        "Actual Loops": 1
                                    },
                                    {
                                        "Worker Number": 3,
                                        "Actual Startup Time": 344.483,
                                        "Actual Total Time": 1171.013,
                                        "Actual Rows": 198674,
                                        "Actual Loops": 1
                                    },
                                    {
                                        "Worker Number": 4,
                                        "Actual Startup Time": 345.137,
                                        "Actual Total Time": 1171.292,
                                        "Actual Rows": 123961,
                                        "Actual Loops": 1
                                    },
                                    {
                                        "Worker Number": 5,
                                        "Actual Startup Time": 345.287,
                                        "Actual Total Time": 1172.497,
                                        "Actual Rows": 170337,
                                        "Actual Loops": 1
                                    }
                                ],
                                "Plans": [
                                    {
                                        "Node Type": "Seq Scan",
                                        "Parent Relationship": "Outer",
                                        "Parallel Aware": true,
                                        "Relation Name": "cast_info",
                                        "Schema": "public",
                                        "Alias": "ci",
                                        "Startup Cost": 0.0,
                                        "Total Cost": 328213.62,
                                        "Plan Rows": 2641952,
                                        "Plan Width": 4,
                                        "Actual Startup Time": 245.889,
                                        "Actual Total Time": 672.067,
                                        "Actual Rows": 2274773,
                                        "Actual Loops": 7,
                                        "Output": [
                                            "ci.id",
                                            "ci.person_id",
                                            "ci.movie_id",
                                            "ci.person_role_id",
                                            "ci.note",
                                            "ci.nr_order",
                                            "ci.role_id"
                                        ],
                                        "Filter": "(ci.person_id > 2042232)",
                                        "Rows Removed by Filter": 2902991,
                                        "Workers": [
                                            {
                                                "Worker Number": 0,
                                                "Actual Startup Time": 245.941,
                                                "Actual Total Time": 680.2,
                                                "Actual Rows": 2028154,
                                                "Actual Loops": 1
                                            },
                                            {
                                                "Worker Number": 1,
                                                "Actual Startup Time": 245.883,
                                                "Actual Total Time": 680.081,
                                                "Actual Rows": 2009679,
                                                "Actual Loops": 1
                                            },
                                            {
                                                "Worker Number": 2,
                                                "Actual Startup Time": 245.825,
                                                "Actual Total Time": 669.125,
                                                "Actual Rows": 1907459,
                                                "Actual Loops": 1
                                            },
                                            {
                                                "Worker Number": 3,
                                                "Actual Startup Time": 245.934,
                                                "Actual Total Time": 679.348,
                                                "Actual Rows": 3028060,
                                                "Actual Loops": 1
                                            },
                                            {
                                                "Worker Number": 4,
                                                "Actual Startup Time": 245.825,
                                                "Actual Total Time": 669.41,
                                                "Actual Rows": 1901397,
                                                "Actual Loops": 1
                                            },
                                            {
                                                "Worker Number": 5,
                                                "Actual Startup Time": 245.863,
                                                "Actual Total Time": 664.02,
                                                "Actual Rows": 2609867,
                                                "Actual Loops": 1
                                            }
                                        ]
                                    },
                                    {
                                        "Node Type": "Hash",
                                        "Parent Relationship": "Inner",
                                        "Parallel Aware": true,
                                        "Startup Cost": 45479.21,
                                        "Total Cost": 45479.21,
                                        "Plan Rows": 91846,
                                        "Plan Width": 4,
                                        "Actual Startup Time": 97.589,
                                        "Actual Total Time": 97.59,
                                        "Actual Rows": 36252,
                                        "Actual Loops": 7,
                                        "Output": [
                                            "t.id"
                                        ],
                                        "Hash Buckets": 524288,
                                        "Original Hash Buckets": 524288,
                                        "Hash Batches": 1,
                                        "Original Hash Batches": 1,
                                        "Peak Memory Usage": 14112,
                                        "Workers": [
                                            {
                                                "Worker Number": 0,
                                                "Actual Startup Time": 97.158,
                                                "Actual Total Time": 97.159,
                                                "Actual Rows": 32600,
                                                "Actual Loops": 1
                                            },
                                            {
                                                "Worker Number": 1,
                                                "Actual Startup Time": 96.964,
                                                "Actual Total Time": 96.965,
                                                "Actual Rows": 32576,
                                                "Actual Loops": 1
                                            },
                                            {
                                                "Worker Number": 2,
                                                "Actual Startup Time": 97.376,
                                                "Actual Total Time": 97.377,
                                                "Actual Rows": 31088,
                                                "Actual Loops": 1
                                            },
                                            {
                                                "Worker Number": 3,
                                                "Actual Startup Time": 97.857,
                                                "Actual Total Time": 97.858,
                                                "Actual Rows": 39903,
                                                "Actual Loops": 1
                                            },
                                            {
                                                "Worker Number": 4,
                                                "Actual Startup Time": 98.172,
                                                "Actual Total Time": 98.173,
                                                "Actual Rows": 29841,
                                                "Actual Loops": 1
                                            },
                                            {
                                                "Worker Number": 5,
                                                "Actual Startup Time": 98.562,
                                                "Actual Total Time": 98.563,
                                                "Actual Rows": 35513,
                                                "Actual Loops": 1
                                            }
                                        ],
                                        "Plans": [
                                            {
                                                "Node Type": "Seq Scan",
                                                "Parent Relationship": "Outer",
                                                "Parallel Aware": true,
                                                "Relation Name": "title",
                                                "Schema": "public",
                                                "Alias": "t",
                                                "Startup Cost": 0.0,
                                                "Total Cost": 45479.21,
                                                "Plan Rows": 91846,
                                                "Plan Width": 4,
                                                "Actual Startup Time": 0.062,
                                                "Actual Total Time": 78.919,
                                                "Actual Rows": 36252,
                                                "Actual Loops": 7,
                                                "Output": [
                                                    "t.id"
                                                ],
                                                "Filter": "((t.production_year < 1986) AND (t.kind_id = 7))",
                                                "Rows Removed by Filter": 324935,
                                                "Workers": [
                                                    {
                                                        "Worker Number": 0,
                                                        "Actual Startup Time": 0.065,
                                                        "Actual Total Time": 79.574,
                                                        "Actual Rows": 32600,
                                                        "Actual Loops": 1
                                                    },
                                                    {
                                                        "Worker Number": 1,
                                                        "Actual Startup Time": 0.064,
                                                        "Actual Total Time": 79.686,
                                                        "Actual Rows": 32576,
                                                        "Actual Loops": 1
                                                    },
                                                    {
                                                        "Worker Number": 2,
                                                        "Actual Startup Time": 0.065,
                                                        "Actual Total Time": 79.364,
                                                        "Actual Rows": 31088,
                                                        "Actual Loops": 1
                                                    },
                                                    {
                                                        "Worker Number": 3,
                                                        "Actual Startup Time": 0.084,
                                                        "Actual Total Time": 78.646,
                                                        "Actual Rows": 39903,
                                                        "Actual Loops": 1
                                                    },
                                                    {
                                                        "Worker Number": 4,
                                                        "Actual Startup Time": 0.075,
                                                        "Actual Total Time": 79.266,
                                                        "Actual Rows": 29841,
                                                        "Actual Loops": 1
                                                    },
                                                    {
                                                        "Worker Number": 5,
                                                        "Actual Startup Time": 0.065,
                                                        "Actual Total Time": 79.925,
                                                        "Actual Rows": 35513,
                                                        "Actual Loops": 1
                                                    }
                                                ]
                                            }
                                        ]
                                    }
                                ]
                            }
                        ]
                    }
                ]
            }
        ]
    },
    "Planning Time": 0.726,
    "Triggers": [],
    "Execution Time": 1247.11
}