[
  {
    "Plan": {
      "Node Type": "Aggregate",
      "Strategy": "Plain",
      "Partial Mode": "Finalize",
      "Parallel Aware": false,
      "Startup Cost": 332970.59,
      "Total Cost": 332970.6,
      "Plan Rows": 1,
      "Plan Width": 8,
      "Actual Startup Time": 624.52,
      "Actual Total Time": 675.969,
      "Actual Rows": 1,
      "Actual Loops": 1,
      "Plans": [
        {
          "Node Type": "Gather",
          "Parent Relationship": "Outer",
          "Parallel Aware": false,
          "Startup Cost": 332969.97,
          "Total Cost": 332970.58,
          "Plan Rows": 6,
          "Plan Width": 8,
          "Actual Startup Time": 624.396,
          "Actual Total Time": 675.96,
          "Actual Rows": 7,
          "Actual Loops": 1,
          "Workers Planned": 6,
          "Workers Launched": 6,
          "Single Copy": false,
          "Plans": [
            {
              "Node Type": "Aggregate",
              "Strategy": "Plain",
              "Partial Mode": "Partial",
              "Parent Relationship": "Outer",
              "Parallel Aware": false,
              "Startup Cost": 331969.97,
              "Total Cost": 331969.98,
              "Plan Rows": 1,
              "Plan Width": 8,
              "Actual Startup Time": 616.218,
              "Actual Total Time": 616.219,
              "Actual Rows": 1,
              "Actual Loops": 7,
              "Plans": [
                {
                  "Node Type": "Seq Scan",
                  "Parent Relationship": "Outer",
                  "Parallel Aware": true,
                  "Relation Name": "cast_info",
                  "Alias": "ci",
                  "Startup Cost": 0.0,
                  "Total Cost": 328162.03,
                  "Plan Rows": 1523177,
                  "Plan Width": 0,
                  "Actual Startup Time": 304.769,
                  "Actual Total Time": 559.192,
                  "Actual Rows": 1294823,
                  "Actual Loops": 7,
                  "Filter": "(person_id > 2790916)",
                  "Rows Removed by Filter": 3882940
                }
              ]
            }
          ]
        }
      ]
    },
    "Planning Time": 0.194,
    "Triggers": [],
    "Execution Time": 676.037
  }
]