[
  {
    "Plan": {
      "Node Type": "Aggregate",
      "Strategy": "Plain",
      "Partial Mode": "Finalize",
      "Parallel Aware": false,
      "Startup Cost": 46213.32,
      "Total Cost": 46213.33,
      "Plan Rows": 1,
      "Plan Width": 8,
      "Actual Startup Time": 139.396,
      "Actual Total Time": 149.399,
      "Actual Rows": 1,
      "Actual Loops": 1,
      "Plans": [
        {
          "Node Type": "Gather",
          "Parent Relationship": "Outer",
          "Parallel Aware": false,
          "Startup Cost": 46213.0,
          "Total Cost": 46213.31,
          "Plan Rows": 3,
          "Plan Width": 8,
          "Actual Startup Time": 139.269,
          "Actual Total Time": 149.391,
          "Actual Rows": 4,
          "Actual Loops": 1,
          "Workers Planned": 3,
          "Workers Launched": 3,
          "Single Copy": false,
          "Plans": [
            {
              "Node Type": "Aggregate",
              "Strategy": "Plain",
              "Partial Mode": "Partial",
              "Parent Relationship": "Outer",
              "Parallel Aware": false,
              "Startup Cost": 45213.0,
              "Total Cost": 45213.01,
              "Plan Rows": 1,
              "Plan Width": 8,
              "Actual Startup Time": 136.265,
              "Actual Total Time": 136.267,
              "Actual Rows": 1,
              "Actual Loops": 4,
              "Plans": [
                {
                  "Node Type": "Seq Scan",
                  "Parent Relationship": "Outer",
                  "Parallel Aware": true,
                  "Relation Name": "movie_keyword",
                  "Alias": "mk",
                  "Startup Cost": 0.0,
                  "Total Cost": 42695.65,
                  "Plan Rows": 1006940,
                  "Plan Width": 0,
                  "Actual Startup Time": 0.026,
                  "Actual Total Time": 105.136,
                  "Actual Rows": 781168,
                  "Actual Loops": 4,
                  "Filter": "(keyword_id < 11969)",
                  "Rows Removed by Filter": 349814
                }
              ]
            }
          ]
        }
      ]
    },
    "Planning Time": 0.082,
    "Triggers": [],
    "Execution Time": 149.428
  }
]