[
  {
    "Plan": {
      "Node Type": "Aggregate",
      "Strategy": "Plain",
      "Partial Mode": "Finalize",
      "Parallel Aware": false,
      "Startup Cost": 80832.66,
      "Total Cost": 80832.67,
      "Plan Rows": 1,
      "Plan Width": 8,
      "Actual Startup Time": 534.328,
      "Actual Total Time": 554.895,
      "Actual Rows": 1,
      "Actual Loops": 1,
      "Plans": [
        {
          "Node Type": "Gather",
          "Parent Relationship": "Outer",
          "Parallel Aware": false,
          "Startup Cost": 80832.34,
          "Total Cost": 80832.65,
          "Plan Rows": 3,
          "Plan Width": 8,
          "Actual Startup Time": 523.738,
          "Actual Total Time": 554.883,
          "Actual Rows": 4,
          "Actual Loops": 1,
          "Workers Planned": 3,
          "Workers Launched": 3,
          "Single Copy": false,
          "Plans": [
            {
              "Node Type": "Aggregate",
              "Strategy": "Plain",
              "Partial Mode": "Partial",
              "Parent Relationship": "Outer",
              "Parallel Aware": false,
              "Startup Cost": 79832.34,
              "Total Cost": 79832.35,
              "Plan Rows": 1,
              "Plan Width": 8,
              "Actual Startup Time": 504.363,
              "Actual Total Time": 504.367,
              "Actual Rows": 1,
              "Actual Loops": 4,
              "Plans": [
                {
                  "Node Type": "Hash Join",
                  "Parent Relationship": "Outer",
                  "Parallel Aware": true,
                  "Join Type": "Inner",
                  "Startup Cost": 58783.85,
                  "Total Cost": 79668.57,
                  "Plan Rows": 65510,
                  "Plan Width": 0,
                  "Actual Startup Time": 467.139,
                  "Actual Total Time": 502.757,
                  "Actual Rows": 23206,
                  "Actual Loops": 4,
                  "Inner Unique": true,
                  "Hash Cond": "(mc.movie_id = t.id)",
                  "Plans": [
                    {
                      "Node Type": "Bitmap Heap Scan",
                      "Parent Relationship": "Outer",
                      "Parallel Aware": true,
                      "Relation Name": "movie_companies",
                      "Alias": "mc",
                      "Startup Cost": 8563.47,
                      "Total Cost": 29276.22,
                      "Plan Rows": 65510,
                      "Plan Width": 4,
                      "Actual Startup Time": 50.724,
                      "Actual Total Time": 65.904,
                      "Actual Rows": 23206,
                      "Actual Loops": 4,
                      "Recheck Cond": "(company_id < 235)",
                      "Rows Removed by Index Recheck": 0,
                      "Filter": "(company_type_id > 1)",
                      "Rows Removed by Filter": 74544,
                      "Exact Heap Blocks": 5117,
                      "Lossy Heap Blocks": 0,
                      "Plans": [
                        {
                          "Node Type": "Bitmap Index Scan",
                          "Parent Relationship": "Outer",
                          "Parallel Aware": false,
                          "Index Name": "company_id_movie_companies",
                          "Startup Cost": 0.0,
                          "Total Cost": 8512.7,
                          "Plan Rows": 397369,
                          "Plan Width": 0,
                          "Actual Startup Time": 19.213,
                          "Actual Total Time": 19.213,
                          "Actual Rows": 390999,
                          "Actual Loops": 1,
                          "Index Cond": "(company_id < 235)"
                        }
                      ]
                    },
                    {
                      "Node Type": "Hash",
                      "Parent Relationship": "Inner",
                      "Parallel Aware": true,
                      "Startup Cost": 42319.06,
                      "Total Cost": 42319.06,
                      "Plan Rows": 632106,
                      "Plan Width": 4,
                      "Actual Startup Time": 404.115,
                      "Actual Total Time": 404.116,
                      "Actual Rows": 632078,
                      "Actual Loops": 4,
                      "Hash Buckets": 4194304,
                      "Original Hash Buckets": 4194304,
                      "Hash Batches": 1,
                      "Original Hash Batches": 1,
                      "Peak Memory Usage": 131744,
                      "Plans": [
                        {
                          "Node Type": "Seq Scan",
                          "Parent Relationship": "Outer",
                          "Parallel Aware": true,
                          "Relation Name": "title",
                          "Alias": "t",
                          "Startup Cost": 0.0,
                          "Total Cost": 42319.06,
                          "Plan Rows": 632106,
                          "Plan Width": 4,
                          "Actual Startup Time": 0.046,
                          "Actual Total Time": 121.064,
                          "Actual Rows": 632078,
                          "Actual Loops": 4
                        }
                      ]
                    }
                  ]
                }
              ]
            }
          ]
        }
      ]
    },
    "Planning Time": 0.68,
    "Triggers": [],
    "Execution Time": 554.992
  }
]