[
  {
    "Plan": {
      "Node Type": "Aggregate",
      "Strategy": "Plain",
      "Partial Mode": "Finalize",
      "Parallel Aware": false,
      "Startup Cost": 45061.01,
      "Total Cost": 45061.02,
      "Plan Rows": 1,
      "Plan Width": 8,
      "Actual Startup Time": 136.665,
      "Actual Total Time": 146.722,
      "Actual Rows": 1,
      "Actual Loops": 1,
      "Plans": [
        {
          "Node Type": "Gather",
          "Parent Relationship": "Outer",
          "Parallel Aware": false,
          "Startup Cost": 45060.69,
          "Total Cost": 45061.0,
          "Plan Rows": 3,
          "Plan Width": 8,
          "Actual Startup Time": 136.553,
          "Actual Total Time": 146.713,
          "Actual Rows": 4,
          "Actual Loops": 1,
          "Workers Planned": 3,
          "Workers Launched": 3,
          "Single Copy": false,
          "Plans": [
            {
              "Node Type": "Aggregate",
              "Strategy": "Plain",
              "Partial Mode": "Partial",
              "Parent Relationship": "Outer",
              "Parallel Aware": false,
              "Startup Cost": 44060.69,
              "Total Cost": 44060.7,
              "Plan Rows": 1,
              "Plan Width": 8,
              "Actual Startup Time": 131.493,
              "Actual Total Time": 131.494,
              "Actual Rows": 1,
              "Actual Loops": 4,
              "Plans": [
                {
                  "Node Type": "Seq Scan",
                  "Parent Relationship": "Outer",
                  "Parallel Aware": true,
                  "Relation Name": "movie_keyword",
                  "Alias": "mk",
                  "Startup Cost": 0.0,
                  "Total Cost": 42695.65,
                  "Plan Rows": 546015,
                  "Plan Width": 0,
                  "Actual Startup Time": 0.046,
                  "Actual Total Time": 111.78,
                  "Actual Rows": 427919,
                  "Actual Loops": 4,
                  "Filter": "(keyword_id < 2727)",
                  "Rows Removed by Filter": 703063
                }
              ]
            }
          ]
        }
      ]
    },
    "Planning Time": 0.186,
    "Triggers": [],
    "Execution Time": 146.782
  }
]