[
  {
    "Plan": {
      "Node Type": "Aggregate",
      "Strategy": "Plain",
      "Partial Mode": "Finalize",
      "Parallel Aware": false,
      "Startup Cost": 337826.56,
      "Total Cost": 337826.57,
      "Plan Rows": 1,
      "Plan Width": 8,
      "Actual Startup Time": 840.522,
      "Actual Total Time": 892.443,
      "Actual Rows": 1,
      "Actual Loops": 1,
      "Plans": [
        {
          "Node Type": "Gather",
          "Parent Relationship": "Outer",
          "Parallel Aware": false,
          "Startup Cost": 337825.93,
          "Total Cost": 337826.54,
          "Plan Rows": 6,
          "Plan Width": 8,
          "Actual Startup Time": 840.334,
          "Actual Total Time": 892.432,
          "Actual Rows": 7,
          "Actual Loops": 1,
          "Workers Planned": 6,
          "Workers Launched": 6,
          "Single Copy": false,
          "Plans": [
            {
              "Node Type": "Aggregate",
              "Strategy": "Plain",
              "Partial Mode": "Partial",
              "Parent Relationship": "Outer",
              "Parallel Aware": false,
              "Startup Cost": 336825.93,
              "Total Cost": 336825.94,
              "Plan Rows": 1,
              "Plan Width": 8,
              "Actual Startup Time": 833.653,
              "Actual Total Time": 833.655,
              "Actual Rows": 1,
              "Actual Loops": 7,
              "Plans": [
                {
                  "Node Type": "Seq Scan",
                  "Parent Relationship": "Outer",
                  "Parallel Aware": true,
                  "Relation Name": "cast_info",
                  "Alias": "ci",
                  "Startup Cost": 0.0,
                  "Total Cost": 328211.39,
                  "Plan Rows": 3445816,
                  "Plan Width": 0,
                  "Actual Startup Time": 192.066,
                  "Actual Total Time": 673.378,
                  "Actual Rows": 2929940,
                  "Actual Loops": 7,
                  "Filter": "(person_id > 1554127)",
                  "Rows Removed by Filter": 2247823
                }
              ]
            }
          ]
        }
      ]
    },
    "Planning Time": 0.108,
    "Triggers": [],
    "Execution Time": 892.489
  }
]