[
  {
    "Plan": {
      "Node Type": "Aggregate",
      "Strategy": "Plain",
      "Partial Mode": "Finalize",
      "Parallel Aware": false,
      "Startup Cost": 353638.0,
      "Total Cost": 353638.01,
      "Plan Rows": 1,
      "Plan Width": 8,
      "Actual Startup Time": 868.403,
      "Actual Total Time": 925.469,
      "Actual Rows": 1,
      "Actual Loops": 1,
      "Plans": [
        {
          "Node Type": "Gather",
          "Parent Relationship": "Outer",
          "Parallel Aware": false,
          "Startup Cost": 353637.38,
          "Total Cost": 353637.99,
          "Plan Rows": 6,
          "Plan Width": 8,
          "Actual Startup Time": 868.281,
          "Actual Total Time": 925.46,
          "Actual Rows": 7,
          "Actual Loops": 1,
          "Workers Planned": 6,
          "Workers Launched": 6,
          "Single Copy": false,
          "Plans": [
            {
              "Node Type": "Aggregate",
              "Strategy": "Plain",
              "Partial Mode": "Partial",
              "Parent Relationship": "Outer",
              "Parallel Aware": false,
              "Startup Cost": 352637.38,
              "Total Cost": 352637.39,
              "Plan Rows": 1,
              "Plan Width": 8,
              "Actual Startup Time": 860.154,
              "Actual Total Time": 860.155,
              "Actual Rows": 1,
              "Actual Loops": 7,
              "Plans": [
                {
                  "Node Type": "Seq Scan",
                  "Parent Relationship": "Outer",
                  "Parallel Aware": true,
                  "Relation Name": "cast_info",
                  "Alias": "ci",
                  "Startup Cost": 0.0,
                  "Total Cost": 343257.03,
                  "Plan Rows": 3752139,
                  "Plan Width": 0,
                  "Actual Startup Time": 228.444,
                  "Actual Total Time": 718.321,
                  "Actual Rows": 3290126,
                  "Actual Loops": 7,
                  "Filter": "((person_id > 187846) AND (role_id > 1))",
                  "Rows Removed by Filter": 1887637
                }
              ]
            }
          ]
        }
      ]
    },
    "Planning Time": 0.139,
    "Triggers": [],
    "Execution Time": 925.522
  }
]