[
  {
    "Plan": {
      "Node Type": "Aggregate",
      "Strategy": "Plain",
      "Partial Mode": "Finalize",
      "Parallel Aware": false,
      "Startup Cost": 673295.67,
      "Total Cost": 673295.68,
      "Plan Rows": 1,
      "Plan Width": 8,
      "Actual Startup Time": 4206.439,
      "Actual Total Time": 4251.689,
      "Actual Rows": 1,
      "Actual Loops": 1,
      "Plans": [
        {
          "Node Type": "Gather",
          "Parent Relationship": "Outer",
          "Parallel Aware": false,
          "Startup Cost": 673295.04,
          "Total Cost": 673295.65,
          "Plan Rows": 6,
          "Plan Width": 8,
          "Actual Startup Time": 4190.11,
          "Actual Total Time": 4251.681,
          "Actual Rows": 7,
          "Actual Loops": 1,
          "Workers Planned": 6,
          "Workers Launched": 6,
          "Single Copy": false,
          "Plans": [
            {
              "Node Type": "Aggregate",
              "Strategy": "Plain",
              "Partial Mode": "Partial",
              "Parent Relationship": "Outer",
              "Parallel Aware": false,
              "Startup Cost": 672295.04,
              "Total Cost": 672295.05,
              "Plan Rows": 1,
              "Plan Width": 8,
              "Actual Startup Time": 4170.4,
              "Actual Total Time": 4170.88,
              "Actual Rows": 1,
              "Actual Loops": 7,
              "Plans": [
                {
                  "Node Type": "Hash Join",
                  "Parent Relationship": "Outer",
                  "Parallel Aware": true,
                  "Join Type": "Inner",
                  "Startup Cost": 264936.75,
                  "Total Cost": 632521.7,
                  "Plan Rows": 15909335,
                  "Plan Width": 0,
                  "Actual Startup Time": 1036.68,
                  "Actual Total Time": 3749.985,
                  "Actual Rows": 10492883,
                  "Actual Loops": 7,
                  "Inner Unique": false,
                  "Hash Cond": "(ci.movie_id = t.id)",
                  "Plans": [
                    {
                      "Node Type": "Seq Scan",
                      "Parent Relationship": "Outer",
                      "Parallel Aware": true,
                      "Relation Name": "cast_info",
                      "Alias": "ci",
                      "Startup Cost": 0.0,
                      "Total Cost": 313108.29,
                      "Plan Rows": 6042129,
                      "Plan Width": 4,
                      "Actual Startup Time": 0.022,
                      "Actual Total Time": 454.329,
                      "Actual Rows": 5177763,
                      "Actual Loops": 7
                    },
                    {
                      "Node Type": "Hash",
                      "Parent Relationship": "Inner",
                      "Parallel Aware": true,
                      "Startup Cost": 248293.63,
                      "Total Cost": 248293.63,
                      "Plan Rows": 1331449,
                      "Plan Width": 8,
                      "Actual Startup Time": 1028.837,
                      "Actual Total Time": 1029.315,
                      "Actual Rows": 416099,
                      "Actual Loops": 7,
                      "Hash Buckets": 8388608,
                      "Original Hash Buckets": 8388608,
                      "Hash Batches": 1,
                      "Original Hash Batches": 1,
                      "Peak Memory Usage": 179584,
                      "Plans": [
                        {
                          "Node Type": "Hash Join",
                          "Parent Relationship": "Outer",
                          "Parallel Aware": true,
                          "Join Type": "Inner",
                          "Startup Cost": 49044.01,
                          "Total Cost": 248293.63,
                          "Plan Rows": 1331449,
                          "Plan Width": 8,
                          "Actual Startup Time": 151.44,
                          "Actual Total Time": 847.231,
                          "Actual Rows": 416099,
                          "Actual Loops": 7,
                          "Inner Unique": true,
                          "Hash Cond": "(mi.movie_id = t.id)",
                          "Plans": [
                            {
                              "Node Type": "Seq Scan",
                              "Parent Relationship": "Outer",
                              "Parallel Aware": true,
                              "Relation Name": "movie_info",
                              "Alias": "mi",
                              "Startup Cost": 0.0,
                              "Total Cost": 191503.19,
                              "Plan Rows": 2951019,
                              "Plan Width": 4,
                              "Actual Startup Time": 0.022,
                              "Actual Total Time": 253.676,
                              "Actual Rows": 2119389,
                              "Actual Loops": 7
                            },
                            {
                              "Node Type": "Hash",
                              "Parent Relationship": "Inner",
                              "Parallel Aware": true,
                              "Startup Cost": 45479.21,
                              "Total Cost": 45479.21,
                              "Plan Rows": 285184,
                              "Plan Width": 4,
                              "Actual Startup Time": 149.618,
                              "Actual Total Time": 149.619,
                              "Actual Rows": 177790,
                              "Actual Loops": 7,
                              "Hash Buckets": 2097152,
                              "Original Hash Buckets": 2097152,
                              "Hash Batches": 1,
                              "Original Hash Batches": 1,
                              "Peak Memory Usage": 65152,
                              "Plans": [
                                {
                                  "Node Type": "Seq Scan",
                                  "Parent Relationship": "Outer",
                                  "Parallel Aware": true,
                                  "Relation Name": "title",
                                  "Alias": "t",
                                  "Startup Cost": 0.0,
                                  "Total Cost": 45479.21,
                                  "Plan Rows": 285184,
                                  "Plan Width": 4,
                                  "Actual Startup Time": 0.048,
                                  "Actual Total Time": 71.73,
                                  "Actual Rows": 177790,
                                  "Actual Loops": 7,
                                  "Filter": "((production_year > 1983) AND (kind_id = 7))",
                                  "Rows Removed by Filter": 183397
                                }
                              ]
                            }
                          ]
                        }
                      ]
                    }
                  ]
                }
              ]
            }
          ]
        }
      ]
    },
    "Planning Time": 0.412,
    "Triggers": [],
    "Execution Time": 4251.726
  }
]