{
  "Plan": {
    "Node Type": "Aggregate",
    "Strategy": "Plain",
    "Partial Mode": "Finalize",
    "Parallel Aware": false,
    "Startup Cost": 114337.46,
    "Total Cost": 114337.47,
    "Plan Rows": 1,
    "Plan Width": 8,
    "Actual Startup Time": 816.329,
    "Actual Total Time": 829.052,
    "Actual Rows": 1,
    "Actual Loops": 1,
    "Plans": [
      {
        "Node Type": "Gather",
        "Parent Relationship": "Outer",
        "Parallel Aware": false,
        "Startup Cost": 114337.35,
        "Total Cost": 114337.46,
        "Plan Rows": 1,
        "Plan Width": 8,
        "Actual Startup Time": 813.752,
        "Actual Total Time": 829.046,
        "Actual Rows": 2,
        "Actual Loops": 1,
        "Workers Planned": 1,
        "Workers Launched": 1,
        "Single Copy": false,
        "Plans": [
          {
            "Node Type": "Aggregate",
            "Strategy": "Plain",
            "Partial Mode": "Partial",
            "Parent Relationship": "Outer",
            "Parallel Aware": false,
            "Startup Cost": 113337.35,
            "Total Cost": 113337.36,
            "Plan Rows": 1,
            "Plan Width": 8,
            "Actual Startup Time": 808.426,
            "Actual Total Time": 808.43,
            "Actual Rows": 1,
            "Actual Loops": 2,
            "Plans": [
              {
                "Node Type": "Hash Join",
                "Parent Relationship": "Outer",
                "Parallel Aware": true,
                "Join Type": "Inner",
                "Startup Cost": 48611.8,
                "Total Cost": 111977.34,
                "Plan Rows": 544006,
                "Plan Width": 0,
                "Actual Startup Time": 286.924,
                "Actual Total Time": 786.146,
                "Actual Rows": 552386,
                "Actual Loops": 2,
                "Inner Unique": false,
                "Hash Cond": "(t.id = mc.movie_id)",
                "Plans": [
                  {
                    "Node Type": "Seq Scan",
                    "Parent Relationship": "Outer",
                    "Parallel Aware": true,
                    "Relation Name": "title",
                    "Alias": "t",
                    "Startup Cost": 0.0,
                    "Total Cost": 50870.31,
                    "Plan Rows": 1487231,
                    "Plan Width": 4,
                    "Actual Startup Time": 0.01,
                    "Actual Total Time": 113.557,
                    "Actual Rows": 1264156,
                    "Actual Loops": 2
                  },
                  {
                    "Node Type": "Hash",
                    "Parent Relationship": "Inner",
                    "Parallel Aware": true,
                    "Startup Cost": 41811.73,
                    "Total Cost": 41811.73,
                    "Plan Rows": 544006,
                    "Plan Width": 4,
                    "Actual Startup Time": 277.875,
                    "Actual Total Time": 277.876,
                    "Actual Rows": 552386,
                    "Actual Loops": 2,
                    "Hash Buckets": 2097152,
                    "Original Hash Buckets": 1048576,
                    "Hash Batches": 1,
                    "Original Hash Batches": 1,
                    "Peak Memory Usage": 67840,
                    "Plans": [
                      {
                        "Node Type": "Seq Scan",
                        "Parent Relationship": "Outer",
                        "Parallel Aware": true,
                        "Relation Name": "movie_companies",
                        "Alias": "mc",
                        "Startup Cost": 0.0,
                        "Total Cost": 41811.73,
                        "Plan Rows": 544006,
                        "Plan Width": 4,
                        "Actual Startup Time": 67.802,
                        "Actual Total Time": 141.171,
                        "Actual Rows": 552386,
                        "Actual Loops": 2,
                        "Filter": "((company_id > 1677) AND (company_type_id > 1))",
                        "Rows Removed by Filter": 752179
                      }
                    ]
                  }
                ]
              }
            ]
          }
        ]
      }
    ]
  },
  "Planning Time": 0.705,
  "Triggers": [],
  "Execution Time": 829.123
}