[
  {
    "Plan": {
      "Node Type": "Aggregate",
      "Strategy": "Plain",
      "Partial Mode": "Finalize",
      "Parallel Aware": false,
      "Startup Cost": 32730.42,
      "Total Cost": 32730.43,
      "Plan Rows": 1,
      "Plan Width": 8,
      "Actual Startup Time": 101.78,
      "Actual Total Time": 112.26,
      "Actual Rows": 1,
      "Actual Loops": 1,
      "Plans": [
        {
          "Node Type": "Gather",
          "Parent Relationship": "Outer",
          "Parallel Aware": false,
          "Startup Cost": 32730.1,
          "Total Cost": 32730.41,
          "Plan Rows": 3,
          "Plan Width": 8,
          "Actual Startup Time": 101.636,
          "Actual Total Time": 112.249,
          "Actual Rows": 4,
          "Actual Loops": 1,
          "Workers Planned": 3,
          "Workers Launched": 3,
          "Single Copy": false,
          "Plans": [
            {
              "Node Type": "Aggregate",
              "Strategy": "Plain",
              "Partial Mode": "Partial",
              "Parent Relationship": "Outer",
              "Parallel Aware": false,
              "Startup Cost": 31730.1,
              "Total Cost": 31730.11,
              "Plan Rows": 1,
              "Plan Width": 8,
              "Actual Startup Time": 92.998,
              "Actual Total Time": 92.999,
              "Actual Rows": 1,
              "Actual Loops": 4,
              "Plans": [
                {
                  "Node Type": "Seq Scan",
                  "Parent Relationship": "Outer",
                  "Parallel Aware": true,
                  "Relation Name": "movie_companies",
                  "Alias": "mc",
                  "Startup Cost": 0.0,
                  "Total Cost": 31414.82,
                  "Plan Rows": 126112,
                  "Plan Width": 0,
                  "Actual Startup Time": 50.33,
                  "Actual Total Time": 89.429,
                  "Actual Rows": 56565,
                  "Actual Loops": 4,
                  "Filter": "((company_id < 1573) AND (company_type_id > 1))",
                  "Rows Removed by Filter": 595717
                }
              ]
            }
          ]
        }
      ]
    },
    "Planning Time": 0.223,
    "Triggers": [],
    "Execution Time": 112.296
  }
]