[
  {
    "Plan": {
      "Node Type": "Aggregate",
      "Strategy": "Plain",
      "Partial Mode": "Finalize",
      "Parallel Aware": false,
      "Startup Cost": 32730.96,
      "Total Cost": 32730.97,
      "Plan Rows": 1,
      "Plan Width": 8,
      "Actual Startup Time": 86.614,
      "Actual Total Time": 94.171,
      "Actual Rows": 1,
      "Actual Loops": 1,
      "Plans": [
        {
          "Node Type": "Gather",
          "Parent Relationship": "Outer",
          "Parallel Aware": false,
          "Startup Cost": 32730.64,
          "Total Cost": 32730.95,
          "Plan Rows": 3,
          "Plan Width": 8,
          "Actual Startup Time": 86.488,
          "Actual Total Time": 94.162,
          "Actual Rows": 4,
          "Actual Loops": 1,
          "Workers Planned": 3,
          "Workers Launched": 3,
          "Single Copy": false,
          "Plans": [
            {
              "Node Type": "Aggregate",
              "Strategy": "Plain",
              "Partial Mode": "Partial",
              "Parent Relationship": "Outer",
              "Parallel Aware": false,
              "Startup Cost": 31730.64,
              "Total Cost": 31730.65,
              "Plan Rows": 1,
              "Plan Width": 8,
              "Actual Startup Time": 78.064,
              "Actual Total Time": 78.065,
              "Actual Rows": 1,
              "Actual Loops": 4,
              "Plans": [
                {
                  "Node Type": "Seq Scan",
                  "Parent Relationship": "Outer",
                  "Parallel Aware": true,
                  "Relation Name": "movie_companies",
                  "Alias": "mc",
                  "Startup Cost": 0.0,
                  "Total Cost": 31414.82,
                  "Plan Rows": 126328,
                  "Plan Width": 0,
                  "Actual Startup Time": 48.175,
                  "Actual Total Time": 75.752,
                  "Actual Rows": 56565,
                  "Actual Loops": 4,
                  "Filter": "((company_id < 1573) AND (company_type_id > 1))",
                  "Rows Removed by Filter": 595717
                }
              ]
            }
          ]
        }
      ]
    },
    "Planning Time": 0.214,
    "Triggers": [],
    "Execution Time": 94.227
  }
]