[
  {
    "Plan": {
      "Node Type": "Aggregate",
      "Strategy": "Plain",
      "Partial Mode": "Finalize",
      "Parallel Aware": false,
      "Startup Cost": 525856.08,
      "Total Cost": 525856.09,
      "Plan Rows": 1,
      "Plan Width": 8,
      "Actual Startup Time": 3921.437,
      "Actual Total Time": 4002.496,
      "Actual Rows": 1,
      "Actual Loops": 1,
      "Plans": [
        {
          "Node Type": "Gather",
          "Parent Relationship": "Outer",
          "Parallel Aware": false,
          "Startup Cost": 525855.56,
          "Total Cost": 525856.07,
          "Plan Rows": 5,
          "Plan Width": 8,
          "Actual Startup Time": 3917.895,
          "Actual Total Time": 4002.488,
          "Actual Rows": 6,
          "Actual Loops": 1,
          "Workers Planned": 5,
          "Workers Launched": 5,
          "Single Copy": false,
          "Plans": [
            {
              "Node Type": "Aggregate",
              "Strategy": "Plain",
              "Partial Mode": "Partial",
              "Parent Relationship": "Outer",
              "Parallel Aware": false,
              "Startup Cost": 524855.56,
              "Total Cost": 524855.57,
              "Plan Rows": 1,
              "Plan Width": 8,
              "Actual Startup Time": 3904.53,
              "Actual Total Time": 3904.534,
              "Actual Rows": 1,
              "Actual Loops": 6,
              "Plans": [
                {
                  "Node Type": "Nested Loop",
                  "Parent Relationship": "Outer",
                  "Parallel Aware": false,
                  "Join Type": "Inner",
                  "Startup Cost": 69835.42,
                  "Total Cost": 521314.1,
                  "Plan Rows": 1416584,
                  "Plan Width": 0,
                  "Actual Startup Time": 211.565,
                  "Actual Total Time": 3786.106,
                  "Actual Rows": 2466876,
                  "Actual Loops": 6,
                  "Inner Unique": false,
                  "Join Filter": "(t.id = ci.movie_id)",
                  "Rows Removed by Join Filter": 0,
                  "Plans": [
                    {
                      "Node Type": "Hash Join",
                      "Parent Relationship": "Outer",
                      "Parallel Aware": true,
                      "Join Type": "Inner",
                      "Startup Cost": 69834.86,
                      "Total Cost": 235641.03,
                      "Plan Rows": 98861,
                      "Plan Width": 8,
                      "Actual Startup Time": 211.385,
                      "Actual Total Time": 381.749,
                      "Actual Rows": 156154,
                      "Actual Loops": 6,
                      "Inner Unique": true,
                      "Hash Cond": "(mi.movie_id = t.id)",
                      "Plans": [
                        {
                          "Node Type": "Bitmap Heap Scan",
                          "Parent Relationship": "Outer",
                          "Parallel Aware": true,
                          "Relation Name": "movie_info",
                          "Alias": "mi",
                          "Startup Cost": 22837.73,
                          "Total Cost": 187982.11,
                          "Plan Rows": 252111,
                          "Plan Width": 4,
                          "Actual Startup Time": 59.892,
                          "Actual Total Time": 89.737,
                          "Actual Rows": 214821,
                          "Actual Loops": 6,
                          "Recheck Cond": "(info_type_id = 2)",
                          "Rows Removed by Index Recheck": 0,
                          "Exact Heap Blocks": 1851,
                          "Lossy Heap Blocks": 0,
                          "Plans": [
                            {
                              "Node Type": "Bitmap Index Scan",
                              "Parent Relationship": "Outer",
                              "Parallel Aware": false,
                              "Index Name": "info_type_id_movie_info",
                              "Startup Cost": 0.0,
                              "Total Cost": 22522.59,
                              "Plan Rows": 1260554,
                              "Plan Width": 0,
                              "Actual Startup Time": 58.406,
                              "Actual Total Time": 58.407,
                              "Actual Rows": 1288928,
                              "Actual Loops": 1,
                              "Index Cond": "(info_type_id = 2)"
                            }
                          ]
                        },
                        {
                          "Node Type": "Hash",
                          "Parent Relationship": "Inner",
                          "Parallel Aware": true,
                          "Startup Cost": 43898.92,
                          "Total Cost": 43898.92,
                          "Plan Rows": 247857,
                          "Plan Width": 4,
                          "Actual Startup Time": 147.815,
                          "Actual Total Time": 147.815,
                          "Actual Rows": 164175,
                          "Actual Loops": 6,
                          "Hash Buckets": 1048576,
                          "Original Hash Buckets": 1048576,
                          "Hash Batches": 1,
                          "Original Hash Batches": 1,
                          "Peak Memory Usage": 46816,
                          "Plans": [
                            {
                              "Node Type": "Seq Scan",
                              "Parent Relationship": "Outer",
                              "Parallel Aware": true,
                              "Relation Name": "title",
                              "Alias": "t",
                              "Startup Cost": 0.0,
                              "Total Cost": 43898.92,
                              "Plan Rows": 247857,
                              "Plan Width": 4,
                              "Actual Startup Time": 0.041,
                              "Actual Total Time": 82.505,
                              "Actual Rows": 164175,
                              "Actual Loops": 6,
                              "Filter": "(kind_id < 7)",
                              "Rows Removed by Filter": 257211
                            }
                          ]
                        }
                      ]
                    },
                    {
                      "Node Type": "Index Only Scan",
                      "Parent Relationship": "Inner",
                      "Parallel Aware": false,
                      "Scan Direction": "Forward",
                      "Index Name": "movie_id_cast_info",
                      "Relation Name": "cast_info",
                      "Alias": "ci",
                      "Startup Cost": 0.56,
                      "Total Cost": 2.43,
                      "Plan Rows": 37,
                      "Plan Width": 4,
                      "Actual Startup Time": 0.004,
                      "Actual Total Time": 0.02,
                      "Actual Rows": 16,
                      "Actual Loops": 936925,
                      "Index Cond": "(movie_id = mi.movie_id)",
                      "Rows Removed by Index Recheck": 0,
                      "Heap Fetches": 14801258
                    }
                  ]
                }
              ]
            }
          ]
        }
      ]
    },
    "Planning Time": 1.306,
    "Triggers": [],
    "Execution Time": 4002.714
  }
]