[
  {
    "Plan": {
      "Node Type": "Aggregate",
      "Strategy": "Plain",
      "Partial Mode": "Finalize",
      "Parallel Aware": false,
      "Startup Cost": 298084.98,
      "Total Cost": 298084.99,
      "Plan Rows": 1,
      "Plan Width": 8,
      "Actual Startup Time": 3876.8,
      "Actual Total Time": 3977.561,
      "Actual Rows": 1,
      "Actual Loops": 1,
      "Plans": [
        {
          "Node Type": "Gather",
          "Parent Relationship": "Outer",
          "Parallel Aware": false,
          "Startup Cost": 298084.56,
          "Total Cost": 298084.97,
          "Plan Rows": 4,
          "Plan Width": 8,
          "Actual Startup Time": 3872.292,
          "Actual Total Time": 3977.55,
          "Actual Rows": 5,
          "Actual Loops": 1,
          "Workers Planned": 4,
          "Workers Launched": 4,
          "Single Copy": false,
          "Plans": [
            {
              "Node Type": "Aggregate",
              "Strategy": "Plain",
              "Partial Mode": "Partial",
              "Parent Relationship": "Outer",
              "Parallel Aware": false,
              "Startup Cost": 297084.56,
              "Total Cost": 297084.57,
              "Plan Rows": 1,
              "Plan Width": 8,
              "Actual Startup Time": 3862.456,
              "Actual Total Time": 3862.564,
              "Actual Rows": 1,
              "Actual Loops": 5,
              "Plans": [
                {
                  "Node Type": "Nested Loop",
                  "Parent Relationship": "Outer",
                  "Parallel Aware": false,
                  "Join Type": "Inner",
                  "Startup Cost": 33211.31,
                  "Total Cost": 295663.16,
                  "Plan Rows": 568559,
                  "Plan Width": 0,
                  "Actual Startup Time": 126.98,
                  "Actual Total Time": 3807.374,
                  "Actual Rows": 1153044,
                  "Actual Loops": 5,
                  "Inner Unique": false,
                  "Plans": [
                    {
                      "Node Type": "Hash Join",
                      "Parent Relationship": "Outer",
                      "Parallel Aware": true,
                      "Join Type": "Inner",
                      "Startup Cost": 33210.74,
                      "Total Cost": 80134.66,
                      "Plan Rows": 95701,
                      "Plan Width": 8,
                      "Actual Startup Time": 126.727,
                      "Actual Total Time": 399.856,
                      "Actual Rows": 105547,
                      "Actual Loops": 5,
                      "Inner Unique": false,
                      "Hash Cond": "(t.id = mc.movie_id)",
                      "Plans": [
                        {
                          "Node Type": "Seq Scan",
                          "Parent Relationship": "Outer",
                          "Parallel Aware": true,
                          "Relation Name": "title",
                          "Alias": "t",
                          "Startup Cost": 0.0,
                          "Total Cost": 43898.92,
                          "Plan Rows": 543258,
                          "Plan Width": 4,
                          "Actual Startup Time": 0.016,
                          "Actual Total Time": 84.47,
                          "Actual Rows": 431949,
                          "Actual Loops": 5,
                          "Filter": "(production_year > 1964)",
                          "Rows Removed by Filter": 73713
                        },
                        {
                          "Node Type": "Hash",
                          "Parent Relationship": "Inner",
                          "Parallel Aware": true,
                          "Startup Cost": 31414.82,
                          "Total Cost": 31414.82,
                          "Plan Rows": 143674,
                          "Plan Width": 4,
                          "Actual Startup Time": 123.954,
                          "Actual Total Time": 123.957,
                          "Actual Rows": 127798,
                          "Actual Loops": 5,
                          "Hash Buckets": 1048576,
                          "Original Hash Buckets": 524288,
                          "Hash Batches": 1,
                          "Original Hash Batches": 1,
                          "Peak Memory Usage": 37376,
                          "Plans": [
                            {
                              "Node Type": "Seq Scan",
                              "Parent Relationship": "Outer",
                              "Parallel Aware": true,
                              "Relation Name": "movie_companies",
                              "Alias": "mc",
                              "Startup Cost": 0.0,
                              "Total Cost": 31414.82,
                              "Plan Rows": 143674,
                              "Plan Width": 4,
                              "Actual Startup Time": 0.052,
                              "Actual Total Time": 65.657,
                              "Actual Rows": 127798,
                              "Actual Loops": 5,
                              "Filter": "((company_id < 2909) AND (company_type_id < 2))",
                              "Rows Removed by Filter": 394028
                            }
                          ]
                        }
                      ]
                    },
                    {
                      "Node Type": "Index Scan",
                      "Parent Relationship": "Inner",
                      "Parallel Aware": false,
                      "Scan Direction": "Forward",
                      "Index Name": "movie_id_cast_info",
                      "Relation Name": "cast_info",
                      "Alias": "ci",
                      "Startup Cost": 0.56,
                      "Total Cost": 2.1,
                      "Plan Rows": 15,
                      "Plan Width": 4,
                      "Actual Startup Time": 0.014,
                      "Actual Total Time": 0.031,
                      "Actual Rows": 11,
                      "Actual Loops": 527737,
                      "Index Cond": "(movie_id = t.id)",
                      "Rows Removed by Index Recheck": 0,
                      "Filter": "((person_id > 1828905) AND (role_id < 9))",
                      "Rows Removed by Filter": 30
                    }
                  ]
                }
              ]
            }
          ]
        }
      ]
    },
    "Planning Time": 1.425,
    "Triggers": [],
    "Execution Time": 3977.706
  }
]