[
    {
        "Bao": {
            "Bao prediction": 548.17,
            "Bao recommended hint": "(no hint)"
        }
    },
    {
        "Plan": {
            "Node Type": "Aggregate",
            "Strategy": "Plain",
            "Partial Mode": "Simple",
            "Parallel Aware": false,
            "Startup Cost": 61380.24,
            "Total Cost": 61380.25,
            "Plan Rows": 1,
            "Plan Width": 8,
            "Actual Startup Time": 18.114,
            "Actual Total Time": 18.116,
            "Actual Rows": 1,
            "Actual Loops": 1,
            "Output": [
                "count(*)"
            ],
            "Plans": [
                {
                    "Node Type": "Bitmap Heap Scan",
                    "Parent Relationship": "Outer",
                    "Parallel Aware": false,
                    "Relation Name": "movie_info",
                    "Schema": "public",
                    "Alias": "mi",
                    "Startup Cost": 403.97,
                    "Total Cost": 61324.91,
                    "Plan Rows": 22133,
                    "Plan Width": 0,
                    "Actual Startup Time": 3.603,
                    "Actual Total Time": 15.168,
                    "Actual Rows": 18539,
                    "Actual Loops": 1,
                    "Recheck Cond": "(mi.info_type_id = 90)",
                    "Rows Removed by Index Recheck": 0,
                    "Exact Heap Blocks": 2196,
                    "Lossy Heap Blocks": 0,
                    "Plans": [
                        {
                            "Node Type": "Bitmap Index Scan",
                            "Parent Relationship": "Outer",
                            "Parallel Aware": false,
                            "Index Name": "info_type_id_movie_info",
                            "Startup Cost": 0.0,
                            "Total Cost": 398.43,
                            "Plan Rows": 22133,
                            "Plan Width": 0,
                            "Actual Startup Time": 2.668,
                            "Actual Total Time": 2.669,
                            "Actual Rows": 18539,
                            "Actual Loops": 1,
                            "Index Cond": "(mi.info_type_id = 90)"
                        }
                    ]
                }
            ]
        },
        "Planning Time": 847.187,
        "Triggers": [],
        "Execution Time": 18.227
    }
]