[
    {
        "Bao": {
            "Bao prediction": 457.456,
            "Bao recommended hint": "SET enable_mergejoin TO off; SET enable_indexscan TO off; "
        }
    },
    {
        "Plan": {
            "Node Type": "Aggregate",
            "Strategy": "Plain",
            "Partial Mode": "Finalize",
            "Parallel Aware": false,
            "Startup Cost": 346183.09,
            "Total Cost": 346183.1,
            "Plan Rows": 1,
            "Plan Width": 8,
            "Actual Startup Time": 911.155,
            "Actual Total Time": 945.03,
            "Actual Rows": 1,
            "Actual Loops": 1,
            "Output": [
                "count(*)"
            ],
            "Plans": [
                {
                    "Node Type": "Gather",
                    "Parent Relationship": "Outer",
                    "Parallel Aware": false,
                    "Startup Cost": 346182.47,
                    "Total Cost": 346183.08,
                    "Plan Rows": 6,
                    "Plan Width": 8,
                    "Actual Startup Time": 911.069,
                    "Actual Total Time": 945.022,
                    "Actual Rows": 7,
                    "Actual Loops": 1,
                    "Output": [
                        "(PARTIAL count(*))"
                    ],
                    "Workers Planned": 6,
                    "Workers Launched": 6,
                    "Single Copy": false,
                    "Plans": [
                        {
                            "Node Type": "Aggregate",
                            "Strategy": "Plain",
                            "Partial Mode": "Partial",
                            "Parent Relationship": "Outer",
                            "Parallel Aware": false,
                            "Startup Cost": 345182.47,
                            "Total Cost": 345182.48,
                            "Plan Rows": 1,
                            "Plan Width": 8,
                            "Actual Startup Time": 901.611,
                            "Actual Total Time": 901.612,
                            "Actual Rows": 1,
                            "Actual Loops": 7,
                            "Output": [
                                "PARTIAL count(*)"
                            ],
                            "Workers": [
                                {
                                    "Worker Number": 0,
                                    "Actual Startup Time": 899.591,
                                    "Actual Total Time": 899.593,
                                    "Actual Rows": 1,
                                    "Actual Loops": 1
                                },
                                {
                                    "Worker Number": 1,
                                    "Actual Startup Time": 899.918,
                                    "Actual Total Time": 899.919,
                                    "Actual Rows": 1,
                                    "Actual Loops": 1
                                },
                                {
                                    "Worker Number": 2,
                                    "Actual Startup Time": 900.104,
                                    "Actual Total Time": 900.105,
                                    "Actual Rows": 1,
                                    "Actual Loops": 1
                                },
                                {
                                    "Worker Number": 3,
                                    "Actual Startup Time": 900.355,
                                    "Actual Total Time": 900.356,
                                    "Actual Rows": 1,
                                    "Actual Loops": 1
                                },
                                {
                                    "Worker Number": 4,
                                    "Actual Startup Time": 900.351,
                                    "Actual Total Time": 900.353,
                                    "Actual Rows": 1,
                                    "Actual Loops": 1
                                },
                                {
                                    "Worker Number": 5,
                                    "Actual Startup Time": 900.738,
                                    "Actual Total Time": 900.739,
                                    "Actual Rows": 1,
                                    "Actual Loops": 1
                                }
                            ],
                            "Plans": [
                                {
                                    "Node Type": "Seq Scan",
                                    "Parent Relationship": "Outer",
                                    "Parallel Aware": true,
                                    "Relation Name": "cast_info",
                                    "Schema": "public",
                                    "Alias": "ci",
                                    "Startup Cost": 0.0,
                                    "Total Cost": 343318.94,
                                    "Plan Rows": 745410,
                                    "Plan Width": 0,
                                    "Actual Startup Time": 525.814,
                                    "Actual Total Time": 825.547,
                                    "Actual Rows": 1159923,
                                    "Actual Loops": 7,
                                    "Output": [
                                        "id",
                                        "person_id",
                                        "movie_id",
                                        "person_role_id",
                                        "note",
                                        "nr_order",
                                        "role_id"
                                    ],
                                    "Filter": "((ci.person_id > 2309984) AND (ci.role_id > 3))",
                                    "Rows Removed by Filter": 4017840,
                                    "Workers": [
                                        {
                                            "Worker Number": 0,
                                            "Actual Startup Time": 523.807,
                                            "Actual Total Time": 825.574,
                                            "Actual Rows": 1111713,
                                            "Actual Loops": 1
                                        },
                                        {
                                            "Worker Number": 1,
                                            "Actual Startup Time": 524.11,
                                            "Actual Total Time": 825.086,
                                            "Actual Rows": 1117063,
                                            "Actual Loops": 1
                                        },
                                        {
                                            "Worker Number": 2,
                                            "Actual Startup Time": 524.325,
                                            "Actual Total Time": 825.832,
                                            "Actual Rows": 1113502,
                                            "Actual Loops": 1
                                        },
                                        {
                                            "Worker Number": 3,
                                            "Actual Startup Time": 524.551,
                                            "Actual Total Time": 824.907,
                                            "Actual Rows": 1130509,
                                            "Actual Loops": 1
                                        },
                                        {
                                            "Worker Number": 4,
                                            "Actual Startup Time": 524.569,
                                            "Actual Total Time": 825.105,
                                            "Actual Rows": 1127786,
                                            "Actual Loops": 1
                                        },
                                        {
                                            "Worker Number": 5,
                                            "Actual Startup Time": 524.922,
                                            "Actual Total Time": 826.555,
                                            "Actual Rows": 1113711,
                                            "Actual Loops": 1
                                        }
                                    ]
                                }
                            ]
                        }
                    ]
                }
            ]
        },
        "Planning Time": 406.321,
        "Triggers": [],
        "Execution Time": 945.145
    }
]