[
  {
    "Plan": {
      "Node Type": "Aggregate",
      "Strategy": "Plain",
      "Partial Mode": "Finalize",
      "Parallel Aware": false,
      "Startup Cost": 287923.93,
      "Total Cost": 287923.94,
      "Plan Rows": 1,
      "Plan Width": 8,
      "Actual Startup Time": 161.199,
      "Actual Total Time": 169.322,
      "Actual Rows": 1,
      "Actual Loops": 1,
      "Plans": [
        {
          "Node Type": "Gather",
          "Parent Relationship": "Outer",
          "Parallel Aware": false,
          "Startup Cost": 287923.31,
          "Total Cost": 287923.92,
          "Plan Rows": 6,
          "Plan Width": 8,
          "Actual Startup Time": 160.315,
          "Actual Total Time": 169.311,
          "Actual Rows": 7,
          "Actual Loops": 1,
          "Workers Planned": 6,
          "Workers Launched": 6,
          "Single Copy": false,
          "Plans": [
            {
              "Node Type": "Aggregate",
              "Strategy": "Plain",
              "Partial Mode": "Partial",
              "Parent Relationship": "Outer",
              "Parallel Aware": false,
              "Startup Cost": 286923.31,
              "Total Cost": 286923.32,
              "Plan Rows": 1,
              "Plan Width": 8,
              "Actual Startup Time": 152.412,
              "Actual Total Time": 152.414,
              "Actual Rows": 1,
              "Actual Loops": 7,
              "Plans": [
                {
                  "Node Type": "Bitmap Heap Scan",
                  "Parent Relationship": "Outer",
                  "Parallel Aware": true,
                  "Relation Name": "cast_info",
                  "Alias": "ci",
                  "Startup Cost": 30548.29,
                  "Total Cost": 286719.83,
                  "Plan Rows": 81391,
                  "Plan Width": 0,
                  "Actual Startup Time": 71.499,
                  "Actual Total Time": 142.499,
                  "Actual Rows": 146742,
                  "Actual Loops": 7,
                  "Recheck Cond": "(person_id < 143715)",
                  "Rows Removed by Index Recheck": 0,
                  "Filter": "(role_id = 1)",
                  "Rows Removed by Filter": 57576,
                  "Exact Heap Blocks": 4337,
                  "Lossy Heap Blocks": 0,
                  "Plans": [
                    {
                      "Node Type": "Bitmap Index Scan",
                      "Parent Relationship": "Outer",
                      "Parallel Aware": false,
                      "Index Name": "person_id_cast_info",
                      "Startup Cost": 0.0,
                      "Total Cost": 30426.2,
                      "Plan Rows": 1393818,
                      "Plan Width": 0,
                      "Actual Startup Time": 76.324,
                      "Actual Total Time": 76.324,
                      "Actual Rows": 1430228,
                      "Actual Loops": 1,
                      "Index Cond": "(person_id < 143715)"
                    }
                  ]
                }
              ]
            }
          ]
        }
      ]
    },
    "Planning Time": 0.125,
    "Triggers": [],
    "Execution Time": 169.366
  }
]