{
  "Plan": {
    "Node Type": "Aggregate",
    "Strategy": "Plain",
    "Partial Mode": "Finalize",
    "Parallel Aware": false,
    "Startup Cost": 283877.62,
    "Total Cost": 283877.63,
    "Plan Rows": 1,
    "Plan Width": 8,
    "Actual Startup Time": 1141.485,
    "Actual Total Time": 1169.778,
    "Actual Rows": 1,
    "Actual Loops": 1,
    "Plans": [
      {
        "Node Type": "Gather",
        "Parent Relationship": "Outer",
        "Parallel Aware": false,
        "Startup Cost": 283877.5,
        "Total Cost": 283877.61,
        "Plan Rows": 1,
        "Plan Width": 8,
        "Actual Startup Time": 1140.58,
        "Actual Total Time": 1169.769,
        "Actual Rows": 2,
        "Actual Loops": 1,
        "Workers Planned": 1,
        "Workers Launched": 1,
        "Single Copy": false,
        "Plans": [
          {
            "Node Type": "Aggregate",
            "Strategy": "Plain",
            "Partial Mode": "Partial",
            "Parent Relationship": "Outer",
            "Parallel Aware": false,
            "Startup Cost": 282877.5,
            "Total Cost": 282877.51,
            "Plan Rows": 1,
            "Plan Width": 8,
            "Actual Startup Time": 1134.616,
            "Actual Total Time": 1134.775,
            "Actual Rows": 1,
            "Actual Loops": 2,
            "Plans": [
              {
                "Node Type": "Hash Join",
                "Parent Relationship": "Outer",
                "Parallel Aware": true,
                "Join Type": "Inner",
                "Startup Cost": 241583.94,
                "Total Cost": 282732.68,
                "Plan Rows": 57928,
                "Plan Width": 0,
                "Actual Startup Time": 930.348,
                "Actual Total Time": 1122.681,
                "Actual Rows": 295387,
                "Actual Loops": 2,
                "Inner Unique": false,
                "Hash Cond": "(mc.movie_id = t.id)",
                "Plans": [
                  {
                    "Node Type": "Seq Scan",
                    "Parent Relationship": "Outer",
                    "Parallel Aware": true,
                    "Relation Name": "movie_companies",
                    "Alias": "mc",
                    "Startup Cost": 0.0,
                    "Total Cost": 37974.77,
                    "Plan Rows": 755522,
                    "Plan Width": 4,
                    "Actual Startup Time": 0.011,
                    "Actual Total Time": 107.283,
                    "Actual Rows": 637123,
                    "Actual Loops": 2,
                    "Filter": "(company_type_id < 2)",
                    "Rows Removed by Filter": 667442
                  },
                  {
                    "Node Type": "Hash",
                    "Parent Relationship": "Inner",
                    "Parallel Aware": true,
                    "Startup Cost": 240158.56,
                    "Total Cost": 240158.56,
                    "Plan Rows": 114031,
                    "Plan Width": 8,
                    "Actual Startup Time": 926.707,
                    "Actual Total Time": 926.864,
                    "Actual Rows": 97566,
                    "Actual Loops": 2,
                    "Hash Buckets": 262144,
                    "Original Hash Buckets": 262144,
                    "Hash Batches": 1,
                    "Original Hash Batches": 1,
                    "Peak Memory Usage": 9728,
                    "Plans": [
                      {
                        "Node Type": "Hash Join",
                        "Parent Relationship": "Outer",
                        "Parallel Aware": true,
                        "Join Type": "Inner",
                        "Startup Cost": 55216.69,
                        "Total Cost": 240158.56,
                        "Plan Rows": 114031,
                        "Plan Width": 8,
                        "Actual Startup Time": 147.089,
                        "Actual Total Time": 901.685,
                        "Actual Rows": 97566,
                        "Actual Loops": 2,
                        "Inner Unique": true,
                        "Hash Cond": "(ci.movie_id = t.id)",
                        "Plans": [
                          {
                            "Node Type": "Index Scan",
                            "Parent Relationship": "Outer",
                            "Parallel Aware": true,
                            "Scan Direction": "Forward",
                            "Index Name": "role_id_cast_info",
                            "Relation Name": "cast_info",
                            "Alias": "ci",
                            "Startup Cost": 0.56,
                            "Total Cost": 176077.74,
                            "Plan Rows": 3377019,
                            "Plan Width": 4,
                            "Actual Startup Time": 0.179,
                            "Actual Total Time": 390.246,
                            "Actual Rows": 2866347,
                            "Actual Loops": 2,
                            "Index Cond": "(role_id > 8)",
                            "Rows Removed by Index Recheck": 0
                          },
                          {
                            "Node Type": "Hash",
                            "Parent Relationship": "Inner",
                            "Parallel Aware": true,
                            "Startup Cost": 54588.39,
                            "Total Cost": 54588.39,
                            "Plan Rows": 50219,
                            "Plan Width": 4,
                            "Actual Startup Time": 145.647,
                            "Actual Total Time": 145.648,
                            "Actual Rows": 42296,
                            "Actual Loops": 2,
                            "Hash Buckets": 131072,
                            "Original Hash Buckets": 131072,
                            "Hash Batches": 1,
                            "Original Hash Batches": 1,
                            "Peak Memory Usage": 4352,
                            "Plans": [
                              {
                                "Node Type": "Seq Scan",
                                "Parent Relationship": "Outer",
                                "Parallel Aware": true,
                                "Relation Name": "title",
                                "Alias": "t",
                                "Startup Cost": 0.0,
                                "Total Cost": 54588.39,
                                "Plan Rows": 50219,
                                "Plan Width": 4,
                                "Actual Startup Time": 0.032,
                                "Actual Total Time": 133.421,
                                "Actual Rows": 42296,
                                "Actual Loops": 2,
                                "Filter": "(production_year = 2004)",
                                "Rows Removed by Filter": 1221860
                              }
                            ]
                          }
                        ]
                      }
                    ]
                  }
                ]
              }
            ]
          }
        ]
      }
    ]
  },
  "Planning Time": 0.964,
  "Triggers": [],
  "Execution Time": 1169.862
}