{
  "Plan": {
    "Node Type": "Aggregate",
    "Strategy": "Plain",
    "Partial Mode": "Finalize",
    "Parallel Aware": false,
    "Startup Cost": 82045.09,
    "Total Cost": 82045.1,
    "Plan Rows": 1,
    "Plan Width": 8,
    "Actual Startup Time": 195.76,
    "Actual Total Time": 207.983,
    "Actual Rows": 1,
    "Actual Loops": 1,
    "Plans": [
      {
        "Node Type": "Gather",
        "Parent Relationship": "Outer",
        "Parallel Aware": false,
        "Startup Cost": 82044.98,
        "Total Cost": 82045.09,
        "Plan Rows": 1,
        "Plan Width": 8,
        "Actual Startup Time": 195.45,
        "Actual Total Time": 207.976,
        "Actual Rows": 2,
        "Actual Loops": 1,
        "Workers Planned": 1,
        "Workers Launched": 1,
        "Single Copy": false,
        "Plans": [
          {
            "Node Type": "Aggregate",
            "Strategy": "Plain",
            "Partial Mode": "Partial",
            "Parent Relationship": "Outer",
            "Parallel Aware": false,
            "Startup Cost": 81044.98,
            "Total Cost": 81044.99,
            "Plan Rows": 1,
            "Plan Width": 8,
            "Actual Startup Time": 189.55,
            "Actual Total Time": 189.558,
            "Actual Rows": 1,
            "Actual Loops": 2,
            "Plans": [
              {
                "Node Type": "Hash Join",
                "Parent Relationship": "Outer",
                "Parallel Aware": true,
                "Join Type": "Inner",
                "Startup Cost": 20403.62,
                "Total Cost": 81036.23,
                "Plan Rows": 3498,
                "Plan Width": 0,
                "Actual Startup Time": 156.316,
                "Actual Total Time": 189.551,
                "Actual Rows": 0,
                "Actual Loops": 2,
                "Inner Unique": false,
                "Hash Cond": "(t.id = mc.movie_id)",
                "Plans": [
                  {
                    "Node Type": "Seq Scan",
                    "Parent Relationship": "Outer",
                    "Parallel Aware": true,
                    "Relation Name": "title",
                    "Alias": "t",
                    "Startup Cost": 0.0,
                    "Total Cost": 58306.47,
                    "Plan Rows": 368891,
                    "Plan Width": 4,
                    "Actual Startup Time": 0.012,
                    "Actual Total Time": 138.581,
                    "Actual Rows": 340030,
                    "Actual Loops": 2,
                    "Filter": "((kind_id > 4) AND (production_year > 2005))",
                    "Rows Removed by Filter": 924126
                  },
                  {
                    "Node Type": "Hash",
                    "Parent Relationship": "Inner",
                    "Parallel Aware": true,
                    "Startup Cost": 20227.3,
                    "Total Cost": 20227.3,
                    "Plan Rows": 14105,
                    "Plan Width": 4,
                    "Actual Startup Time": 23.378,
                    "Actual Total Time": 23.379,
                    "Actual Rows": 2594,
                    "Actual Loops": 2,
                    "Hash Buckets": 32768,
                    "Original Hash Buckets": 32768,
                    "Hash Batches": 1,
                    "Original Hash Batches": 1,
                    "Peak Memory Usage": 512,
                    "Plans": [
                      {
                        "Node Type": "Bitmap Heap Scan",
                        "Parent Relationship": "Outer",
                        "Parallel Aware": true,
                        "Relation Name": "movie_companies",
                        "Alias": "mc",
                        "Startup Cost": 1020.61,
                        "Total Cost": 20227.3,
                        "Plan Rows": 14105,
                        "Plan Width": 4,
                        "Actual Startup Time": 20.29,
                        "Actual Total Time": 22.564,
                        "Actual Rows": 2594,
                        "Actual Loops": 2,
                        "Recheck Cond": "(company_id = 19)",
                        "Rows Removed by Index Recheck": 0,
                        "Filter": "(company_type_id = 2)",
                        "Rows Removed by Filter": 21032,
                        "Exact Heap Blocks": 4179,
                        "Lossy Heap Blocks": 0,
                        "Plans": [
                          {
                            "Node Type": "Bitmap Index Scan",
                            "Parent Relationship": "Outer",
                            "Parallel Aware": false,
                            "Index Name": "company_id_movie_companies",
                            "Startup Cost": 0.0,
                            "Total Cost": 1014.62,
                            "Plan Rows": 47225,
                            "Plan Width": 0,
                            "Actual Startup Time": 7.7,
                            "Actual Total Time": 7.7,
                            "Actual Rows": 47252,
                            "Actual Loops": 1,
                            "Index Cond": "(company_id = 19)"
                          }
                        ]
                      }
                    ]
                  }
                ]
              }
            ]
          }
        ]
      }
    ]
  },
  "Planning Time": 0.676,
  "Triggers": [],
  "Execution Time": 208.088
}