[
  {
    "Plan": {
      "Node Type": "Aggregate",
      "Strategy": "Plain",
      "Partial Mode": "Finalize",
      "Parallel Aware": false,
      "Startup Cost": 284556.24,
      "Total Cost": 284556.25,
      "Plan Rows": 1,
      "Plan Width": 8,
      "Actual Startup Time": 575.464,
      "Actual Total Time": 594.626,
      "Actual Rows": 1,
      "Actual Loops": 1,
      "Plans": [
        {
          "Node Type": "Gather",
          "Parent Relationship": "Outer",
          "Parallel Aware": false,
          "Startup Cost": 284555.92,
          "Total Cost": 284556.23,
          "Plan Rows": 3,
          "Plan Width": 8,
          "Actual Startup Time": 572.404,
          "Actual Total Time": 594.619,
          "Actual Rows": 4,
          "Actual Loops": 1,
          "Workers Planned": 3,
          "Workers Launched": 3,
          "Single Copy": false,
          "Plans": [
            {
              "Node Type": "Aggregate",
              "Strategy": "Plain",
              "Partial Mode": "Partial",
              "Parent Relationship": "Outer",
              "Parallel Aware": false,
              "Startup Cost": 283555.92,
              "Total Cost": 283555.93,
              "Plan Rows": 1,
              "Plan Width": 8,
              "Actual Startup Time": 561.739,
              "Actual Total Time": 561.744,
              "Actual Rows": 1,
              "Actual Loops": 4,
              "Plans": [
                {
                  "Node Type": "Hash Join",
                  "Parent Relationship": "Outer",
                  "Parallel Aware": true,
                  "Join Type": "Inner",
                  "Startup Cost": 237323.01,
                  "Total Cost": 283370.46,
                  "Plan Rows": 74186,
                  "Plan Width": 0,
                  "Actual Startup Time": 356.611,
                  "Actual Total Time": 545.516,
                  "Actual Rows": 391787,
                  "Actual Loops": 4,
                  "Inner Unique": false,
                  "Hash Cond": "(mk.movie_id = t.id)",
                  "Plans": [
                    {
                      "Node Type": "Seq Scan",
                      "Parent Relationship": "Outer",
                      "Parallel Aware": true,
                      "Relation Name": "movie_keyword",
                      "Alias": "mk",
                      "Startup Cost": 0.0,
                      "Total Cost": 42695.65,
                      "Plan Rows": 854247,
                      "Plan Width": 4,
                      "Actual Startup Time": 0.023,
                      "Actual Total Time": 102.142,
                      "Actual Rows": 661427,
                      "Actual Loops": 4,
                      "Filter": "(keyword_id < 7301)",
                      "Rows Removed by Filter": 469555
                    },
                    {
                      "Node Type": "Hash",
                      "Parent Relationship": "Inner",
                      "Parallel Aware": true,
                      "Startup Cost": 236774.1,
                      "Total Cost": 236774.1,
                      "Plan Rows": 43913,
                      "Plan Width": 8,
                      "Actual Startup Time": 354.384,
                      "Actual Total Time": 354.387,
                      "Actual Rows": 135489,
                      "Actual Loops": 4,
                      "Hash Buckets": 1048576,
                      "Original Hash Buckets": 262144,
                      "Hash Batches": 1,
                      "Original Hash Batches": 1,
                      "Peak Memory Usage": 35616,
                      "Plans": [
                        {
                          "Node Type": "Hash Join",
                          "Parent Relationship": "Outer",
                          "Parallel Aware": true,
                          "Join Type": "Inner",
                          "Startup Cost": 70775.62,
                          "Total Cost": 236774.1,
                          "Plan Rows": 43913,
                          "Plan Width": 8,
                          "Actual Startup Time": 178.208,
                          "Actual Total Time": 306.62,
                          "Actual Rows": 135489,
                          "Actual Loops": 4,
                          "Inner Unique": true,
                          "Hash Cond": "(mi.movie_id = t.id)",
                          "Plans": [
                            {
                              "Node Type": "Bitmap Heap Scan",
                              "Parent Relationship": "Outer",
                              "Parallel Aware": true,
                              "Relation Name": "movie_info",
                              "Alias": "mi",
                              "Startup Cost": 23986.4,
                              "Total Cost": 189289.71,
                              "Plan Rows": 264825,
                              "Plan Width": 4,
                              "Actual Startup Time": 49.989,
                              "Actual Total Time": 87.939,
                              "Actual Rows": 331340,
                              "Actual Loops": 4,
                              "Recheck Cond": "(info_type_id = 8)",
                              "Rows Removed by Index Recheck": 0,
                              "Exact Heap Blocks": 1992,
                              "Lossy Heap Blocks": 0,
                              "Plans": [
                                {
                                  "Node Type": "Bitmap Index Scan",
                                  "Parent Relationship": "Outer",
                                  "Parallel Aware": false,
                                  "Index Name": "info_type_id_movie_info",
                                  "Startup Cost": 0.0,
                                  "Total Cost": 23655.37,
                                  "Plan Rows": 1324124,
                                  "Plan Width": 0,
                                  "Actual Startup Time": 48.653,
                                  "Actual Total Time": 48.654,
                                  "Actual Rows": 1325361,
                                  "Actual Loops": 1,
                                  "Index Cond": "(info_type_id = 8)"
                                }
                              ]
                            },
                            {
                              "Node Type": "Hash",
                              "Parent Relationship": "Inner",
                              "Parallel Aware": true,
                              "Startup Cost": 45479.1,
                              "Total Cost": 45479.1,
                              "Plan Rows": 104810,
                              "Plan Width": 4,
                              "Actual Startup Time": 126.148,
                              "Actual Total Time": 126.148,
                              "Actual Rows": 129492,
                              "Actual Loops": 4,
                              "Hash Buckets": 524288,
                              "Original Hash Buckets": 524288,
                              "Hash Batches": 1,
                              "Original Hash Batches": 1,
                              "Peak Memory Usage": 24416,
                              "Plans": [
                                {
                                  "Node Type": "Seq Scan",
                                  "Parent Relationship": "Outer",
                                  "Parallel Aware": true,
                                  "Relation Name": "title",
                                  "Alias": "t",
                                  "Startup Cost": 0.0,
                                  "Total Cost": 45479.1,
                                  "Plan Rows": 104810,
                                  "Plan Width": 4,
                                  "Actual Startup Time": 0.041,
                                  "Actual Total Time": 92.829,
                                  "Actual Rows": 129492,
                                  "Actual Loops": 4,
                                  "Filter": "((kind_id < 7) AND (production_year < 2001))",
                                  "Rows Removed by Filter": 502586
                                }
                              ]
                            }
                          ]
                        }
                      ]
                    }
                  ]
                }
              ]
            }
          ]
        }
      ]
    },
    "Planning Time": 1.405,
    "Triggers": [],
    "Execution Time": 594.732
  }
]