[
  {
    "Plan": {
      "Node Type": "Aggregate",
      "Strategy": "Plain",
      "Partial Mode": "Finalize",
      "Parallel Aware": false,
      "Startup Cost": 74840.53,
      "Total Cost": 74840.54,
      "Plan Rows": 1,
      "Plan Width": 8,
      "Actual Startup Time": 119.197,
      "Actual Total Time": 133.534,
      "Actual Rows": 1,
      "Actual Loops": 1,
      "Plans": [
        {
          "Node Type": "Gather",
          "Parent Relationship": "Outer",
          "Parallel Aware": false,
          "Startup Cost": 74840.01,
          "Total Cost": 74840.52,
          "Plan Rows": 5,
          "Plan Width": 8,
          "Actual Startup Time": 119.073,
          "Actual Total Time": 133.523,
          "Actual Rows": 6,
          "Actual Loops": 1,
          "Workers Planned": 5,
          "Workers Launched": 5,
          "Single Copy": false,
          "Plans": [
            {
              "Node Type": "Aggregate",
              "Strategy": "Plain",
              "Partial Mode": "Partial",
              "Parent Relationship": "Outer",
              "Parallel Aware": false,
              "Startup Cost": 73840.01,
              "Total Cost": 73840.02,
              "Plan Rows": 1,
              "Plan Width": 8,
              "Actual Startup Time": 114.639,
              "Actual Total Time": 114.641,
              "Actual Rows": 1,
              "Actual Loops": 6,
              "Plans": [
                {
                  "Node Type": "Index Scan",
                  "Parent Relationship": "Outer",
                  "Parallel Aware": true,
                  "Scan Direction": "Forward",
                  "Index Name": "role_id_cast_info",
                  "Relation Name": "cast_info",
                  "Alias": "ci",
                  "Startup Cost": 0.56,
                  "Total Cost": 72913.16,
                  "Plan Rows": 370740,
                  "Plan Width": 0,
                  "Actual Startup Time": 0.088,
                  "Actual Total Time": 99.975,
                  "Actual Rows": 322693,
                  "Actual Loops": 6,
                  "Index Cond": "(role_id = 4)",
                  "Rows Removed by Index Recheck": 0,
                  "Filter": "(person_id > 1099273)",
                  "Rows Removed by Filter": 132131
                }
              ]
            }
          ]
        }
      ]
    },
    "Planning Time": 0.203,
    "Triggers": [],
    "Execution Time": 133.578
  }
]