[
    {
        "Bao": {
            "Bao prediction": "NaN",
            "Bao recommended hint": "(no hint)"
        }
    },
    {
        "Plan": {
            "Node Type": "Aggregate",
            "Strategy": "Plain",
            "Partial Mode": "Finalize",
            "Parallel Aware": false,
            "Startup Cost": 342414.84,
            "Total Cost": 342414.85,
            "Plan Rows": 1,
            "Plan Width": 8,
            "Actual Startup Time": 896.434,
            "Actual Total Time": 926.511,
            "Actual Rows": 1,
            "Actual Loops": 1,
            "Output": [
                "count(*)"
            ],
            "Plans": [
                {
                    "Node Type": "Gather",
                    "Parent Relationship": "Outer",
                    "Parallel Aware": false,
                    "Startup Cost": 342414.22,
                    "Total Cost": 342414.83,
                    "Plan Rows": 6,
                    "Plan Width": 8,
                    "Actual Startup Time": 896.316,
                    "Actual Total Time": 926.503,
                    "Actual Rows": 7,
                    "Actual Loops": 1,
                    "Output": [
                        "(PARTIAL count(*))"
                    ],
                    "Workers Planned": 6,
                    "Workers Launched": 6,
                    "Single Copy": false,
                    "Plans": [
                        {
                            "Node Type": "Aggregate",
                            "Strategy": "Plain",
                            "Partial Mode": "Partial",
                            "Parent Relationship": "Outer",
                            "Parallel Aware": false,
                            "Startup Cost": 341414.22,
                            "Total Cost": 341414.23,
                            "Plan Rows": 1,
                            "Plan Width": 8,
                            "Actual Startup Time": 886.825,
                            "Actual Total Time": 886.826,
                            "Actual Rows": 1,
                            "Actual Loops": 7,
                            "Output": [
                                "PARTIAL count(*)"
                            ],
                            "Workers": [
                                {
                                    "Worker Number": 0,
                                    "Actual Startup Time": 884.607,
                                    "Actual Total Time": 884.609,
                                    "Actual Rows": 1,
                                    "Actual Loops": 1
                                },
                                {
                                    "Worker Number": 1,
                                    "Actual Startup Time": 885.083,
                                    "Actual Total Time": 885.084,
                                    "Actual Rows": 1,
                                    "Actual Loops": 1
                                },
                                {
                                    "Worker Number": 2,
                                    "Actual Startup Time": 885.112,
                                    "Actual Total Time": 885.113,
                                    "Actual Rows": 1,
                                    "Actual Loops": 1
                                },
                                {
                                    "Worker Number": 3,
                                    "Actual Startup Time": 885.237,
                                    "Actual Total Time": 885.239,
                                    "Actual Rows": 1,
                                    "Actual Loops": 1
                                },
                                {
                                    "Worker Number": 4,
                                    "Actual Startup Time": 885.613,
                                    "Actual Total Time": 885.614,
                                    "Actual Rows": 1,
                                    "Actual Loops": 1
                                },
                                {
                                    "Worker Number": 5,
                                    "Actual Startup Time": 886.109,
                                    "Actual Total Time": 886.11,
                                    "Actual Rows": 1,
                                    "Actual Loops": 1
                                }
                            ],
                            "Plans": [
                                {
                                    "Node Type": "Seq Scan",
                                    "Parent Relationship": "Outer",
                                    "Parallel Aware": true,
                                    "Relation Name": "cast_info",
                                    "Schema": "public",
                                    "Alias": "ci",
                                    "Startup Cost": 0.0,
                                    "Total Cost": 328213.62,
                                    "Plan Rows": 5280240,
                                    "Plan Width": 0,
                                    "Actual Startup Time": 57.303,
                                    "Actual Total Time": 655.261,
                                    "Actual Rows": 4512699,
                                    "Actual Loops": 7,
                                    "Output": [
                                        "id",
                                        "person_id",
                                        "movie_id",
                                        "person_role_id",
                                        "note",
                                        "nr_order",
                                        "role_id"
                                    ],
                                    "Filter": "(ci.person_id > 450508)",
                                    "Rows Removed by Filter": 665064,
                                    "Workers": [
                                        {
                                            "Worker Number": 0,
                                            "Actual Startup Time": 55.09,
                                            "Actual Total Time": 655.105,
                                            "Actual Rows": 3485419,
                                            "Actual Loops": 1
                                        },
                                        {
                                            "Worker Number": 1,
                                            "Actual Startup Time": 55.541,
                                            "Actual Total Time": 655.192,
                                            "Actual Rows": 3491203,
                                            "Actual Loops": 1
                                        },
                                        {
                                            "Worker Number": 2,
                                            "Actual Startup Time": 55.598,
                                            "Actual Total Time": 655.974,
                                            "Actual Rows": 3397543,
                                            "Actual Loops": 1
                                        },
                                        {
                                            "Worker Number": 3,
                                            "Actual Startup Time": 55.724,
                                            "Actual Total Time": 654.258,
                                            "Actual Rows": 5557121,
                                            "Actual Loops": 1
                                        },
                                        {
                                            "Worker Number": 4,
                                            "Actual Startup Time": 56.078,
                                            "Actual Total Time": 661.531,
                                            "Actual Rows": 3403329,
                                            "Actual Loops": 1
                                        },
                                        {
                                            "Worker Number": 5,
                                            "Actual Startup Time": 56.587,
                                            "Actual Total Time": 655.15,
                                            "Actual Rows": 5561919,
                                            "Actual Loops": 1
                                        }
                                    ]
                                }
                            ]
                        }
                    ]
                }
            ]
        },
        "Planning Time": 189.206,
        "Triggers": [],
        "Execution Time": 926.557
    }
]