[
  {
    "Plan": {
      "Node Type": "Aggregate",
      "Strategy": "Plain",
      "Partial Mode": "Finalize",
      "Parallel Aware": false,
      "Startup Cost": 116495.21,
      "Total Cost": 116495.22,
      "Plan Rows": 1,
      "Plan Width": 8,
      "Actual Startup Time": 781.525,
      "Actual Total Time": 801.139,
      "Actual Rows": 1,
      "Actual Loops": 1,
      "Plans": [
        {
          "Node Type": "Gather",
          "Parent Relationship": "Outer",
          "Parallel Aware": false,
          "Startup Cost": 116494.89,
          "Total Cost": 116495.2,
          "Plan Rows": 3,
          "Plan Width": 8,
          "Actual Startup Time": 770.289,
          "Actual Total Time": 801.129,
          "Actual Rows": 4,
          "Actual Loops": 1,
          "Workers Planned": 3,
          "Workers Launched": 3,
          "Single Copy": false,
          "Plans": [
            {
              "Node Type": "Aggregate",
              "Strategy": "Plain",
              "Partial Mode": "Partial",
              "Parent Relationship": "Outer",
              "Parallel Aware": false,
              "Startup Cost": 115494.89,
              "Total Cost": 115494.9,
              "Plan Rows": 1,
              "Plan Width": 8,
              "Actual Startup Time": 761.45,
              "Actual Total Time": 762.022,
              "Actual Rows": 1,
              "Actual Loops": 4,
              "Plans": [
                {
                  "Node Type": "Hash Join",
                  "Parent Relationship": "Outer",
                  "Parallel Aware": true,
                  "Join Type": "Inner",
                  "Startup Cost": 67648.51,
                  "Total Cost": 114809.36,
                  "Plan Rows": 274213,
                  "Plan Width": 0,
                  "Actual Startup Time": 437.713,
                  "Actual Total Time": 711.296,
                  "Actual Rows": 1192297,
                  "Actual Loops": 4,
                  "Inner Unique": false,
                  "Hash Cond": "(mk.movie_id = t.id)",
                  "Plans": [
                    {
                      "Node Type": "Seq Scan",
                      "Parent Relationship": "Outer",
                      "Parallel Aware": true,
                      "Relation Name": "movie_keyword",
                      "Alias": "mk",
                      "Startup Cost": 0.0,
                      "Total Cost": 42695.65,
                      "Plan Rows": 886037,
                      "Plan Width": 4,
                      "Actual Startup Time": 0.198,
                      "Actual Total Time": 112.876,
                      "Actual Rows": 683502,
                      "Actual Loops": 4,
                      "Filter": "(keyword_id > 2891)",
                      "Rows Removed by Filter": 447481
                    },
                    {
                      "Node Type": "Hash",
                      "Parent Relationship": "Inner",
                      "Parallel Aware": true,
                      "Startup Cost": 63573.19,
                      "Total Cost": 63573.19,
                      "Plan Rows": 326026,
                      "Plan Width": 8,
                      "Actual Startup Time": 432.279,
                      "Actual Total Time": 432.85,
                      "Actual Rows": 237277,
                      "Actual Loops": 4,
                      "Hash Buckets": 1048576,
                      "Original Hash Buckets": 1048576,
                      "Hash Batches": 1,
                      "Original Hash Batches": 1,
                      "Peak Memory Usage": 45376,
                      "Plans": [
                        {
                          "Node Type": "Hash Join",
                          "Parent Relationship": "Outer",
                          "Parallel Aware": true,
                          "Join Type": "Inner",
                          "Startup Cost": 48378.63,
                          "Total Cost": 63573.19,
                          "Plan Rows": 326026,
                          "Plan Width": 8,
                          "Actual Startup Time": 251.87,
                          "Actual Total Time": 366.453,
                          "Actual Rows": 237277,
                          "Actual Loops": 4,
                          "Inner Unique": true,
                          "Hash Cond": "(mi_idx.movie_id = t.id)",
                          "Plans": [
                            {
                              "Node Type": "Seq Scan",
                              "Parent Relationship": "Outer",
                              "Parallel Aware": true,
                              "Relation Name": "movie_info_idx",
                              "Alias": "mi_idx",
                              "Startup Cost": 0.0,
                              "Total Cost": 13685.15,
                              "Plan Rows": 575015,
                              "Plan Width": 4,
                              "Actual Startup Time": 0.034,
                              "Actual Total Time": 30.958,
                              "Actual Rows": 345009,
                              "Actual Loops": 4
                            },
                            {
                              "Node Type": "Hash",
                              "Parent Relationship": "Inner",
                              "Parallel Aware": true,
                              "Startup Cost": 43898.92,
                              "Total Cost": 43898.92,
                              "Plan Rows": 358377,
                              "Plan Width": 4,
                              "Actual Startup Time": 247.13,
                              "Actual Total Time": 247.131,
                              "Actual Rows": 360824,
                              "Actual Loops": 4,
                              "Hash Buckets": 2097152,
                              "Original Hash Buckets": 2097152,
                              "Hash Batches": 1,
                              "Original Hash Batches": 1,
                              "Peak Memory Usage": 72928,
                              "Plans": [
                                {
                                  "Node Type": "Seq Scan",
                                  "Parent Relationship": "Outer",
                                  "Parallel Aware": true,
                                  "Relation Name": "title",
                                  "Alias": "t",
                                  "Startup Cost": 0.0,
                                  "Total Cost": 43898.92,
                                  "Plan Rows": 358377,
                                  "Plan Width": 4,
                                  "Actual Startup Time": 0.045,
                                  "Actual Total Time": 111.126,
                                  "Actual Rows": 360824,
                                  "Actual Loops": 4,
                                  "Filter": "(production_year < 2006)",
                                  "Rows Removed by Filter": 271254
                                }
                              ]
                            }
                          ]
                        }
                      ]
                    }
                  ]
                }
              ]
            }
          ]
        }
      ]
    },
    "Planning Time": 1.236,
    "Triggers": [],
    "Execution Time": 801.215
  }
]