[
  {
    "Plan": {
      "Node Type": "Aggregate",
      "Strategy": "Plain",
      "Partial Mode": "Finalize",
      "Parallel Aware": false,
      "Startup Cost": 380522.49,
      "Total Cost": 380522.5,
      "Plan Rows": 1,
      "Plan Width": 8,
      "Actual Startup Time": 3356.353,
      "Actual Total Time": 3406.738,
      "Actual Rows": 1,
      "Actual Loops": 1,
      "Plans": [
        {
          "Node Type": "Gather",
          "Parent Relationship": "Outer",
          "Parallel Aware": false,
          "Startup Cost": 380521.96,
          "Total Cost": 380522.47,
          "Plan Rows": 5,
          "Plan Width": 8,
          "Actual Startup Time": 3346.515,
          "Actual Total Time": 3406.73,
          "Actual Rows": 6,
          "Actual Loops": 1,
          "Workers Planned": 5,
          "Workers Launched": 5,
          "Single Copy": false,
          "Plans": [
            {
              "Node Type": "Aggregate",
              "Strategy": "Plain",
              "Partial Mode": "Partial",
              "Parent Relationship": "Outer",
              "Parallel Aware": false,
              "Startup Cost": 379521.96,
              "Total Cost": 379521.97,
              "Plan Rows": 1,
              "Plan Width": 8,
              "Actual Startup Time": 3333.307,
              "Actual Total Time": 3333.311,
              "Actual Rows": 1,
              "Actual Loops": 6,
              "Plans": [
                {
                  "Node Type": "Nested Loop",
                  "Parent Relationship": "Outer",
                  "Parallel Aware": false,
                  "Join Type": "Inner",
                  "Startup Cost": 57365.44,
                  "Total Cost": 378939.58,
                  "Plan Rows": 232955,
                  "Plan Width": 0,
                  "Actual Startup Time": 267.102,
                  "Actual Total Time": 3285.995,
                  "Actual Rows": 865809,
                  "Actual Loops": 6,
                  "Inner Unique": false,
                  "Plans": [
                    {
                      "Node Type": "Hash Join",
                      "Parent Relationship": "Outer",
                      "Parallel Aware": true,
                      "Join Type": "Inner",
                      "Startup Cost": 57364.88,
                      "Total Cost": 220549.39,
                      "Plan Rows": 78778,
                      "Plan Width": 8,
                      "Actual Startup Time": 266.883,
                      "Actual Total Time": 312.8,
                      "Actual Rows": 71442,
                      "Actual Loops": 6,
                      "Inner Unique": true,
                      "Hash Cond": "(mi.movie_id = t.id)",
                      "Plans": [
                        {
                          "Node Type": "Bitmap Heap Scan",
                          "Parent Relationship": "Outer",
                          "Parallel Aware": true,
                          "Relation Name": "movie_info",
                          "Alias": "mi",
                          "Startup Cost": 7145.07,
                          "Total Cost": 170122.8,
                          "Plan Rows": 78778,
                          "Plan Width": 4,
                          "Actual Startup Time": 17.103,
                          "Actual Total Time": 29.188,
                          "Actual Rows": 71442,
                          "Actual Loops": 6,
                          "Recheck Cond": "(info_type_id > 104)",
                          "Rows Removed by Index Recheck": 0,
                          "Exact Heap Blocks": 1234,
                          "Lossy Heap Blocks": 0,
                          "Plans": [
                            {
                              "Node Type": "Bitmap Index Scan",
                              "Parent Relationship": "Outer",
                              "Parallel Aware": false,
                              "Index Name": "info_type_id_movie_info",
                              "Startup Cost": 0.0,
                              "Total Cost": 7046.6,
                              "Plan Rows": 393889,
                              "Plan Width": 0,
                              "Actual Startup Time": 16.005,
                              "Actual Total Time": 16.005,
                              "Actual Rows": 428651,
                              "Actual Loops": 1,
                              "Index Cond": "(info_type_id > 104)"
                            }
                          ]
                        },
                        {
                          "Node Type": "Hash",
                          "Parent Relationship": "Inner",
                          "Parallel Aware": true,
                          "Startup Cost": 42318.81,
                          "Total Cost": 42318.81,
                          "Plan Rows": 632080,
                          "Plan Width": 4,
                          "Actual Startup Time": 244.191,
                          "Actual Total Time": 244.192,
                          "Actual Rows": 421385,
                          "Actual Loops": 6,
                          "Hash Buckets": 4194304,
                          "Original Hash Buckets": 4194304,
                          "Hash Batches": 1,
                          "Original Hash Batches": 1,
                          "Peak Memory Usage": 131744,
                          "Plans": [
                            {
                              "Node Type": "Seq Scan",
                              "Parent Relationship": "Outer",
                              "Parallel Aware": true,
                              "Relation Name": "title",
                              "Alias": "t",
                              "Startup Cost": 0.0,
                              "Total Cost": 42318.81,
                              "Plan Rows": 632080,
                              "Plan Width": 4,
                              "Actual Startup Time": 0.032,
                              "Actual Total Time": 74.915,
                              "Actual Rows": 421385,
                              "Actual Loops": 6
                            }
                          ]
                        }
                      ]
                    },
                    {
                      "Node Type": "Index Scan",
                      "Parent Relationship": "Inner",
                      "Parallel Aware": false,
                      "Scan Direction": "Forward",
                      "Index Name": "movie_id_cast_info",
                      "Relation Name": "cast_info",
                      "Alias": "ci",
                      "Startup Cost": 0.56,
                      "Total Cost": 1.93,
                      "Plan Rows": 8,
                      "Plan Width": 4,
                      "Actual Startup Time": 0.016,
                      "Actual Total Time": 0.04,
                      "Actual Rows": 12,
                      "Actual Loops": 428651,
                      "Index Cond": "(movie_id = t.id)",
                      "Rows Removed by Index Recheck": 0,
                      "Filter": "(role_id = 2)",
                      "Rows Removed by Filter": 75
                    }
                  ]
                }
              ]
            }
          ]
        }
      ]
    },
    "Planning Time": 0.62,
    "Triggers": [],
    "Execution Time": 3406.803
  }
]