[
  {
    "Plan": {
      "Node Type": "Aggregate",
      "Strategy": "Plain",
      "Partial Mode": "Finalize",
      "Parallel Aware": false,
      "Startup Cost": 45463.49,
      "Total Cost": 45463.5,
      "Plan Rows": 1,
      "Plan Width": 8,
      "Actual Startup Time": 154.187,
      "Actual Total Time": 165.081,
      "Actual Rows": 1,
      "Actual Loops": 1,
      "Plans": [
        {
          "Node Type": "Gather",
          "Parent Relationship": "Outer",
          "Parallel Aware": false,
          "Startup Cost": 45463.17,
          "Total Cost": 45463.48,
          "Plan Rows": 3,
          "Plan Width": 8,
          "Actual Startup Time": 154.07,
          "Actual Total Time": 165.073,
          "Actual Rows": 4,
          "Actual Loops": 1,
          "Workers Planned": 3,
          "Workers Launched": 3,
          "Single Copy": false,
          "Plans": [
            {
              "Node Type": "Aggregate",
              "Strategy": "Plain",
              "Partial Mode": "Partial",
              "Parent Relationship": "Outer",
              "Parallel Aware": false,
              "Startup Cost": 44463.17,
              "Total Cost": 44463.18,
              "Plan Rows": 1,
              "Plan Width": 8,
              "Actual Startup Time": 146.831,
              "Actual Total Time": 146.832,
              "Actual Rows": 1,
              "Actual Loops": 4,
              "Plans": [
                {
                  "Node Type": "Seq Scan",
                  "Parent Relationship": "Outer",
                  "Parallel Aware": true,
                  "Relation Name": "movie_keyword",
                  "Alias": "mk",
                  "Startup Cost": 0.0,
                  "Total Cost": 42695.65,
                  "Plan Rows": 707006,
                  "Plan Width": 0,
                  "Actual Startup Time": 0.056,
                  "Actual Total Time": 120.321,
                  "Actual Rows": 548658,
                  "Actual Loops": 4,
                  "Filter": "(keyword_id < 4361)",
                  "Rows Removed by Filter": 582324
                }
              ]
            }
          ]
        }
      ]
    },
    "Planning Time": 0.182,
    "Triggers": [],
    "Execution Time": 165.136
  }
]