[
  {
    "Plan": {
      "Node Type": "Aggregate",
      "Strategy": "Plain",
      "Partial Mode": "Finalize",
      "Parallel Aware": false,
      "Startup Cost": 46082.96,
      "Total Cost": 46082.97,
      "Plan Rows": 1,
      "Plan Width": 8,
      "Actual Startup Time": 181.052,
      "Actual Total Time": 190.591,
      "Actual Rows": 1,
      "Actual Loops": 1,
      "Plans": [
        {
          "Node Type": "Gather",
          "Parent Relationship": "Outer",
          "Parallel Aware": false,
          "Startup Cost": 46082.64,
          "Total Cost": 46082.95,
          "Plan Rows": 3,
          "Plan Width": 8,
          "Actual Startup Time": 180.909,
          "Actual Total Time": 190.581,
          "Actual Rows": 4,
          "Actual Loops": 1,
          "Workers Planned": 3,
          "Workers Launched": 3,
          "Single Copy": false,
          "Plans": [
            {
              "Node Type": "Aggregate",
              "Strategy": "Plain",
              "Partial Mode": "Partial",
              "Parent Relationship": "Outer",
              "Parallel Aware": false,
              "Startup Cost": 45082.64,
              "Total Cost": 45082.65,
              "Plan Rows": 1,
              "Plan Width": 8,
              "Actual Startup Time": 174.219,
              "Actual Total Time": 174.22,
              "Actual Rows": 1,
              "Actual Loops": 4,
              "Plans": [
                {
                  "Node Type": "Seq Scan",
                  "Parent Relationship": "Outer",
                  "Parallel Aware": true,
                  "Relation Name": "movie_keyword",
                  "Alias": "mk",
                  "Startup Cost": 0.0,
                  "Total Cost": 42695.65,
                  "Plan Rows": 954796,
                  "Plan Width": 0,
                  "Actual Startup Time": 0.172,
                  "Actual Total Time": 134.436,
                  "Actual Rows": 741693,
                  "Actual Loops": 4,
                  "Filter": "(keyword_id > 2330)",
                  "Rows Removed by Filter": 389290
                }
              ]
            }
          ]
        }
      ]
    },
    "Planning Time": 0.09,
    "Triggers": [],
    "Execution Time": 190.622
  }
]