[
  {
    "Plan": {
      "Node Type": "Aggregate",
      "Strategy": "Plain",
      "Partial Mode": "Finalize",
      "Parallel Aware": false,
      "Startup Cost": 63818.57,
      "Total Cost": 63818.58,
      "Plan Rows": 1,
      "Plan Width": 8,
      "Actual Startup Time": 60.891,
      "Actual Total Time": 68.271,
      "Actual Rows": 1,
      "Actual Loops": 1,
      "Plans": [
        {
          "Node Type": "Gather",
          "Parent Relationship": "Outer",
          "Parallel Aware": false,
          "Startup Cost": 63818.25,
          "Total Cost": 63818.56,
          "Plan Rows": 3,
          "Plan Width": 8,
          "Actual Startup Time": 60.648,
          "Actual Total Time": 68.265,
          "Actual Rows": 4,
          "Actual Loops": 1,
          "Workers Planned": 3,
          "Workers Launched": 3,
          "Single Copy": false,
          "Plans": [
            {
              "Node Type": "Aggregate",
              "Strategy": "Plain",
              "Partial Mode": "Partial",
              "Parent Relationship": "Outer",
              "Parallel Aware": false,
              "Startup Cost": 62818.25,
              "Total Cost": 62818.26,
              "Plan Rows": 1,
              "Plan Width": 8,
              "Actual Startup Time": 50.632,
              "Actual Total Time": 50.634,
              "Actual Rows": 1,
              "Actual Loops": 4,
              "Plans": [
                {
                  "Node Type": "Nested Loop",
                  "Parent Relationship": "Outer",
                  "Parallel Aware": false,
                  "Join Type": "Inner",
                  "Startup Cost": 485.2,
                  "Total Cost": 62817.23,
                  "Plan Rows": 409,
                  "Plan Width": 0,
                  "Actual Startup Time": 32.619,
                  "Actual Total Time": 50.624,
                  "Actual Rows": 2,
                  "Actual Loops": 4,
                  "Inner Unique": true,
                  "Plans": [
                    {
                      "Node Type": "Bitmap Heap Scan",
                      "Parent Relationship": "Outer",
                      "Parallel Aware": true,
                      "Relation Name": "movie_keyword",
                      "Alias": "mk",
                      "Startup Cost": 484.77,
                      "Total Cost": 25567.94,
                      "Plan Rows": 7340,
                      "Plan Width": 4,
                      "Actual Startup Time": 4.632,
                      "Actual Total Time": 18.528,
                      "Actual Rows": 5432,
                      "Actual Loops": 4,
                      "Recheck Cond": "(keyword_id > 116067)",
                      "Rows Removed by Index Recheck": 0,
                      "Exact Heap Blocks": 3454,
                      "Lossy Heap Blocks": 0,
                      "Plans": [
                        {
                          "Node Type": "Bitmap Index Scan",
                          "Parent Relationship": "Outer",
                          "Parallel Aware": false,
                          "Index Name": "keyword_id_movie_keyword",
                          "Startup Cost": 0.0,
                          "Total Cost": 479.08,
                          "Plan Rows": 22753,
                          "Plan Width": 0,
                          "Actual Startup Time": 11.044,
                          "Actual Total Time": 11.045,
                          "Actual Rows": 21726,
                          "Actual Loops": 1,
                          "Index Cond": "(keyword_id > 116067)"
                        }
                      ]
                    },
                    {
                      "Node Type": "Index Scan",
                      "Parent Relationship": "Inner",
                      "Parallel Aware": false,
                      "Scan Direction": "Forward",
                      "Index Name": "title_pkey",
                      "Relation Name": "title",
                      "Alias": "t",
                      "Startup Cost": 0.43,
                      "Total Cost": 5.07,
                      "Plan Rows": 1,
                      "Plan Width": 4,
                      "Actual Startup Time": 0.005,
                      "Actual Total Time": 0.005,
                      "Actual Rows": 0,
                      "Actual Loops": 21726,
                      "Index Cond": "(id = mk.movie_id)",
                      "Rows Removed by Index Recheck": 0,
                      "Filter": "((kind_id > 4) AND (production_year > 2011))",
                      "Rows Removed by Filter": 1
                    }
                  ]
                }
              ]
            }
          ]
        }
      ]
    },
    "Planning Time": 0.723,
    "Triggers": [],
    "Execution Time": 68.361
  }
]