[
  {
    "Plan": {
      "Node Type": "Aggregate",
      "Strategy": "Plain",
      "Partial Mode": "Finalize",
      "Parallel Aware": false,
      "Startup Cost": 44505.08,
      "Total Cost": 44505.09,
      "Plan Rows": 1,
      "Plan Width": 8,
      "Actual Startup Time": 125.425,
      "Actual Total Time": 134.848,
      "Actual Rows": 1,
      "Actual Loops": 1,
      "Plans": [
        {
          "Node Type": "Gather",
          "Parent Relationship": "Outer",
          "Parallel Aware": false,
          "Startup Cost": 44504.76,
          "Total Cost": 44505.07,
          "Plan Rows": 3,
          "Plan Width": 8,
          "Actual Startup Time": 125.233,
          "Actual Total Time": 134.839,
          "Actual Rows": 4,
          "Actual Loops": 1,
          "Workers Planned": 3,
          "Workers Launched": 3,
          "Single Copy": false,
          "Plans": [
            {
              "Node Type": "Aggregate",
              "Strategy": "Plain",
              "Partial Mode": "Partial",
              "Parent Relationship": "Outer",
              "Parallel Aware": false,
              "Startup Cost": 43504.76,
              "Total Cost": 43504.77,
              "Plan Rows": 1,
              "Plan Width": 8,
              "Actual Startup Time": 116.398,
              "Actual Total Time": 116.4,
              "Actual Rows": 1,
              "Actual Loops": 4,
              "Plans": [
                {
                  "Node Type": "Seq Scan",
                  "Parent Relationship": "Outer",
                  "Parallel Aware": true,
                  "Relation Name": "movie_keyword",
                  "Alias": "mk",
                  "Startup Cost": 0.0,
                  "Total Cost": 42695.65,
                  "Plan Rows": 323643,
                  "Plan Width": 0,
                  "Actual Startup Time": 3.779,
                  "Actual Total Time": 103.791,
                  "Actual Rows": 251424,
                  "Actual Loops": 4,
                  "Filter": "(keyword_id > 18318)",
                  "Rows Removed by Filter": 879558
                }
              ]
            }
          ]
        }
      ]
    },
    "Planning Time": 0.153,
    "Triggers": [],
    "Execution Time": 134.897
  }
]