[
    {
        "Bao": {
            "Bao prediction": "NaN",
            "Bao recommended hint": "(no hint)"
        }
    },
    {
        "Plan": {
            "Node Type": "Aggregate",
            "Strategy": "Plain",
            "Partial Mode": "Finalize",
            "Parallel Aware": false,
            "Startup Cost": 26790.79,
            "Total Cost": 26790.8,
            "Plan Rows": 1,
            "Plan Width": 8,
            "Actual Startup Time": 62.483,
            "Actual Total Time": 66.868,
            "Actual Rows": 1,
            "Actual Loops": 1,
            "Output": [
                "count(*)"
            ],
            "Plans": [
                {
                    "Node Type": "Gather",
                    "Parent Relationship": "Outer",
                    "Parallel Aware": false,
                    "Startup Cost": 26790.48,
                    "Total Cost": 26790.79,
                    "Plan Rows": 3,
                    "Plan Width": 8,
                    "Actual Startup Time": 62.076,
                    "Actual Total Time": 66.862,
                    "Actual Rows": 4,
                    "Actual Loops": 1,
                    "Output": [
                        "(PARTIAL count(*))"
                    ],
                    "Workers Planned": 3,
                    "Workers Launched": 3,
                    "Single Copy": false,
                    "Plans": [
                        {
                            "Node Type": "Aggregate",
                            "Strategy": "Plain",
                            "Partial Mode": "Partial",
                            "Parent Relationship": "Outer",
                            "Parallel Aware": false,
                            "Startup Cost": 25790.48,
                            "Total Cost": 25790.49,
                            "Plan Rows": 1,
                            "Plan Width": 8,
                            "Actual Startup Time": 53.826,
                            "Actual Total Time": 53.827,
                            "Actual Rows": 1,
                            "Actual Loops": 4,
                            "Output": [
                                "PARTIAL count(*)"
                            ],
                            "Workers": [
                                {
                                    "Worker Number": 0,
                                    "Actual Startup Time": 50.984,
                                    "Actual Total Time": 50.985,
                                    "Actual Rows": 1,
                                    "Actual Loops": 1
                                },
                                {
                                    "Worker Number": 1,
                                    "Actual Startup Time": 50.738,
                                    "Actual Total Time": 50.74,
                                    "Actual Rows": 1,
                                    "Actual Loops": 1
                                },
                                {
                                    "Worker Number": 2,
                                    "Actual Startup Time": 51.77,
                                    "Actual Total Time": 51.771,
                                    "Actual Rows": 1,
                                    "Actual Loops": 1
                                }
                            ],
                            "Plans": [
                                {
                                    "Node Type": "Bitmap Heap Scan",
                                    "Parent Relationship": "Outer",
                                    "Parallel Aware": true,
                                    "Relation Name": "movie_companies",
                                    "Schema": "public",
                                    "Alias": "mc",
                                    "Startup Cost": 5629.01,
                                    "Total Cost": 25683.07,
                                    "Plan Rows": 42964,
                                    "Plan Width": 0,
                                    "Actual Startup Time": 40.527,
                                    "Actual Total Time": 52.92,
                                    "Actual Rows": 15075,
                                    "Actual Loops": 4,
                                    "Recheck Cond": "(mc.company_id < 133)",
                                    "Rows Removed by Index Recheck": 0,
                                    "Filter": "(mc.company_type_id > 1)",
                                    "Rows Removed by Filter": 49776,
                                    "Exact Heap Blocks": 10928,
                                    "Lossy Heap Blocks": 0,
                                    "Workers": [
                                        {
                                            "Worker Number": 0,
                                            "Actual Startup Time": 37.694,
                                            "Actual Total Time": 50.179,
                                            "Actual Rows": 9194,
                                            "Actual Loops": 1
                                        },
                                        {
                                            "Worker Number": 1,
                                            "Actual Startup Time": 37.443,
                                            "Actual Total Time": 49.934,
                                            "Actual Rows": 11975,
                                            "Actual Loops": 1
                                        },
                                        {
                                            "Worker Number": 2,
                                            "Actual Startup Time": 38.471,
                                            "Actual Total Time": 50.973,
                                            "Actual Rows": 10178,
                                            "Actual Loops": 1
                                        }
                                    ],
                                    "Plans": [
                                        {
                                            "Node Type": "Bitmap Index Scan",
                                            "Parent Relationship": "Outer",
                                            "Parallel Aware": false,
                                            "Index Name": "company_id_movie_companies",
                                            "Startup Cost": 0.0,
                                            "Total Cost": 5595.72,
                                            "Plan Rows": 261238,
                                            "Plan Width": 0,
                                            "Actual Startup Time": 14.169,
                                            "Actual Total Time": 14.169,
                                            "Actual Rows": 259406,
                                            "Actual Loops": 1,
                                            "Index Cond": "(mc.company_id < 133)"
                                        }
                                    ]
                                }
                            ]
                        }
                    ]
                }
            ]
        },
        "Planning Time": 202.39,
        "Triggers": [],
        "Execution Time": 66.915
    }
]