[
  {
    "Plan": {
      "Node Type": "Aggregate",
      "Strategy": "Plain",
      "Partial Mode": "Finalize",
      "Parallel Aware": false,
      "Startup Cost": 32987.49,
      "Total Cost": 32987.5,
      "Plan Rows": 1,
      "Plan Width": 8,
      "Actual Startup Time": 89.921,
      "Actual Total Time": 98.068,
      "Actual Rows": 1,
      "Actual Loops": 1,
      "Plans": [
        {
          "Node Type": "Gather",
          "Parent Relationship": "Outer",
          "Parallel Aware": false,
          "Startup Cost": 32987.17,
          "Total Cost": 32987.48,
          "Plan Rows": 3,
          "Plan Width": 8,
          "Actual Startup Time": 89.791,
          "Actual Total Time": 98.061,
          "Actual Rows": 4,
          "Actual Loops": 1,
          "Workers Planned": 3,
          "Workers Launched": 3,
          "Single Copy": false,
          "Plans": [
            {
              "Node Type": "Aggregate",
              "Strategy": "Plain",
              "Partial Mode": "Partial",
              "Parent Relationship": "Outer",
              "Parallel Aware": false,
              "Startup Cost": 31987.17,
              "Total Cost": 31987.18,
              "Plan Rows": 1,
              "Plan Width": 8,
              "Actual Startup Time": 83.405,
              "Actual Total Time": 83.406,
              "Actual Rows": 1,
              "Actual Loops": 4,
              "Plans": [
                {
                  "Node Type": "Seq Scan",
                  "Parent Relationship": "Outer",
                  "Parallel Aware": true,
                  "Relation Name": "movie_companies",
                  "Alias": "mc",
                  "Startup Cost": 0.0,
                  "Total Cost": 31414.82,
                  "Plan Rows": 228942,
                  "Plan Width": 0,
                  "Actual Startup Time": 47.794,
                  "Actual Total Time": 78.774,
                  "Actual Rows": 112321,
                  "Actual Loops": 4,
                  "Filter": "((company_id < 12118) AND (company_type_id > 1))",
                  "Rows Removed by Filter": 539961
                }
              ]
            }
          ]
        }
      ]
    },
    "Planning Time": 0.166,
    "Triggers": [],
    "Execution Time": 98.115
  }
]