{
    "Plan": {
        "Node Type": "Aggregate",
        "Strategy": "Plain",
        "Partial Mode": "Finalize",
        "Parallel Aware": false,
        "Startup Cost": 596969.98,
        "Total Cost": 596969.99,
        "Plan Rows": 1,
        "Plan Width": 8,
        "Actual Startup Time": 2902.144,
        "Actual Total Time": 2975.142,
        "Actual Rows": 1,
        "Actual Loops": 1,
        "Output": [
            "count(*)"
        ],
        "Plans": [
            {
                "Node Type": "Gather",
                "Parent Relationship": "Outer",
                "Parallel Aware": false,
                "Startup Cost": 596969.36,
                "Total Cost": 596969.97,
                "Plan Rows": 6,
                "Plan Width": 8,
                "Actual Startup Time": 2886.904,
                "Actual Total Time": 2975.131,
                "Actual Rows": 7,
                "Actual Loops": 1,
                "Output": [
                    "(PARTIAL count(*))"
                ],
                "Workers Planned": 6,
                "Workers Launched": 6,
                "Single Copy": false,
                "Plans": [
                    {
                        "Node Type": "Aggregate",
                        "Strategy": "Plain",
                        "Partial Mode": "Partial",
                        "Parent Relationship": "Outer",
                        "Parallel Aware": false,
                        "Startup Cost": 595969.36,
                        "Total Cost": 595969.37,
                        "Plan Rows": 1,
                        "Plan Width": 8,
                        "Actual Startup Time": 2869.245,
                        "Actual Total Time": 2869.251,
                        "Actual Rows": 1,
                        "Actual Loops": 7,
                        "Output": [
                            "PARTIAL count(*)"
                        ],
                        "Workers": [
                            {
                                "Worker Number": 0,
                                "Actual Startup Time": 2866.575,
                                "Actual Total Time": 2866.585,
                                "Actual Rows": 1,
                                "Actual Loops": 1
                            },
                            {
                                "Worker Number": 1,
                                "Actual Startup Time": 2866.356,
                                "Actual Total Time": 2866.361,
                                "Actual Rows": 1,
                                "Actual Loops": 1
                            },
                            {
                                "Worker Number": 2,
                                "Actual Startup Time": 2866.349,
                                "Actual Total Time": 2866.353,
                                "Actual Rows": 1,
                                "Actual Loops": 1
                            },
                            {
                                "Worker Number": 3,
                                "Actual Startup Time": 2866.496,
                                "Actual Total Time": 2866.501,
                                "Actual Rows": 1,
                                "Actual Loops": 1
                            },
                            {
                                "Worker Number": 4,
                                "Actual Startup Time": 2866.524,
                                "Actual Total Time": 2866.529,
                                "Actual Rows": 1,
                                "Actual Loops": 1
                            },
                            {
                                "Worker Number": 5,
                                "Actual Startup Time": 2866.569,
                                "Actual Total Time": 2866.575,
                                "Actual Rows": 1,
                                "Actual Loops": 1
                            }
                        ],
                        "Plans": [
                            {
                                "Node Type": "Hash Join",
                                "Parent Relationship": "Outer",
                                "Parallel Aware": true,
                                "Join Type": "Inner",
                                "Startup Cost": 253475.52,
                                "Total Cost": 592579.31,
                                "Plan Rows": 1356018,
                                "Plan Width": 0,
                                "Actual Startup Time": 1137.192,
                                "Actual Total Time": 2702.191,
                                "Actual Rows": 3990184,
                                "Actual Loops": 7,
                                "Inner Unique": false,
                                "Hash Cond": "(ci.movie_id = t.id)",
                                "Workers": [
                                    {
                                        "Worker Number": 0,
                                        "Actual Startup Time": 1134.857,
                                        "Actual Total Time": 2704.22,
                                        "Actual Rows": 4313130,
                                        "Actual Loops": 1
                                    },
                                    {
                                        "Worker Number": 1,
                                        "Actual Startup Time": 1134.648,
                                        "Actual Total Time": 2699.818,
                                        "Actual Rows": 3381214,
                                        "Actual Loops": 1
                                    },
                                    {
                                        "Worker Number": 2,
                                        "Actual Startup Time": 1134.645,
                                        "Actual Total Time": 2704.36,
                                        "Actual Rows": 4264262,
                                        "Actual Loops": 1
                                    },
                                    {
                                        "Worker Number": 3,
                                        "Actual Startup Time": 1134.885,
                                        "Actual Total Time": 2701.076,
                                        "Actual Rows": 4391881,
                                        "Actual Loops": 1
                                    },
                                    {
                                        "Worker Number": 4,
                                        "Actual Startup Time": 1134.837,
                                        "Actual Total Time": 2702.653,
                                        "Actual Rows": 4354839,
                                        "Actual Loops": 1
                                    },
                                    {
                                        "Worker Number": 5,
                                        "Actual Startup Time": 1134.938,
                                        "Actual Total Time": 2674.237,
                                        "Actual Rows": 3131676,
                                        "Actual Loops": 1
                                    }
                                ],
                                "Plans": [
                                    {
                                        "Node Type": "Seq Scan",
                                        "Parent Relationship": "Outer",
                                        "Parallel Aware": true,
                                        "Relation Name": "cast_info",
                                        "Schema": "public",
                                        "Alias": "ci",
                                        "Startup Cost": 0.0,
                                        "Total Cost": 328213.62,
                                        "Plan Rows": 2180837,
                                        "Plan Width": 4,
                                        "Actual Startup Time": 243.459,
                                        "Actual Total Time": 569.541,
                                        "Actual Rows": 1886009,
                                        "Actual Loops": 7,
                                        "Output": [
                                            "ci.id",
                                            "ci.person_id",
                                            "ci.movie_id",
                                            "ci.person_role_id",
                                            "ci.note",
                                            "ci.nr_order",
                                            "ci.role_id"
                                        ],
                                        "Filter": "(ci.person_id > 2354244)",
                                        "Rows Removed by Filter": 3291755,
                                        "Workers": [
                                            {
                                                "Worker Number": 0,
                                                "Actual Startup Time": 243.469,
                                                "Actual Total Time": 570.449,
                                                "Actual Rows": 2048473,
                                                "Actual Loops": 1
                                            },
                                            {
                                                "Worker Number": 1,
                                                "Actual Startup Time": 243.397,
                                                "Actual Total Time": 588.753,
                                                "Actual Rows": 1543809,
                                                "Actual Loops": 1
                                            },
                                            {
                                                "Worker Number": 2,
                                                "Actual Startup Time": 243.47,
                                                "Actual Total Time": 569.762,
                                                "Actual Rows": 2041684,
                                                "Actual Loops": 1
                                            },
                                            {
                                                "Worker Number": 3,
                                                "Actual Startup Time": 243.466,
                                                "Actual Total Time": 574.205,
                                                "Actual Rows": 2095467,
                                                "Actual Loops": 1
                                            },
                                            {
                                                "Worker Number": 4,
                                                "Actual Startup Time": 243.479,
                                                "Actual Total Time": 572.311,
                                                "Actual Rows": 2063680,
                                                "Actual Loops": 1
                                            },
                                            {
                                                "Worker Number": 5,
                                                "Actual Startup Time": 243.458,
                                                "Actual Total Time": 599.868,
                                                "Actual Rows": 1469306,
                                                "Actual Loops": 1
                                            }
                                        ]
                                    },
                                    {
                                        "Node Type": "Hash",
                                        "Parent Relationship": "Inner",
                                        "Parallel Aware": true,
                                        "Startup Cost": 249545.32,
                                        "Total Cost": 249545.32,
                                        "Plan Rows": 314416,
                                        "Plan Width": 8,
                                        "Actual Startup Time": 888.972,
                                        "Actual Total Time": 888.977,
                                        "Actual Rows": 417570,
                                        "Actual Loops": 7,
                                        "Output": [
                                            "t.id",
                                            "mi.movie_id"
                                        ],
                                        "Hash Buckets": 4194304,
                                        "Original Hash Buckets": 2097152,
                                        "Hash Batches": 1,
                                        "Original Hash Batches": 1,
                                        "Peak Memory Usage": 163584,
                                        "Workers": [
                                            {
                                                "Worker Number": 0,
                                                "Actual Startup Time": 890.812,
                                                "Actual Total Time": 890.82,
                                                "Actual Rows": 466473,
                                                "Actual Loops": 1
                                            },
                                            {
                                                "Worker Number": 1,
                                                "Actual Startup Time": 890.364,
                                                "Actual Total Time": 890.368,
                                                "Actual Rows": 309836,
                                                "Actual Loops": 1
                                            },
                                            {
                                                "Worker Number": 2,
                                                "Actual Startup Time": 890.581,
                                                "Actual Total Time": 890.585,
                                                "Actual Rows": 460363,
                                                "Actual Loops": 1
                                            },
                                            {
                                                "Worker Number": 3,
                                                "Actual Startup Time": 890.719,
                                                "Actual Total Time": 890.723,
                                                "Actual Rows": 470881,
                                                "Actual Loops": 1
                                            },
                                            {
                                                "Worker Number": 4,
                                                "Actual Startup Time": 890.725,
                                                "Actual Total Time": 890.729,
                                                "Actual Rows": 469252,
                                                "Actual Loops": 1
                                            },
                                            {
                                                "Worker Number": 5,
                                                "Actual Startup Time": 890.858,
                                                "Actual Total Time": 890.861,
                                                "Actual Rows": 311977,
                                                "Actual Loops": 1
                                            }
                                        ],
                                        "Plans": [
                                            {
                                                "Node Type": "Hash Join",
                                                "Parent Relationship": "Outer",
                                                "Parallel Aware": true,
                                                "Join Type": "Inner",
                                                "Startup Cost": 47623.58,
                                                "Total Cost": 249545.32,
                                                "Plan Rows": 314416,
                                                "Plan Width": 8,
                                                "Actual Startup Time": 133.465,
                                                "Actual Total Time": 670.875,
                                                "Actual Rows": 417570,
                                                "Actual Loops": 7,
                                                "Output": [
                                                    "t.id",
                                                    "mi.movie_id"
                                                ],
                                                "Inner Unique": true,
                                                "Hash Cond": "(mi.movie_id = t.id)",
                                                "Workers": [
                                                    {
                                                        "Worker Number": 0,
                                                        "Actual Startup Time": 133.478,
                                                        "Actual Total Time": 669.212,
                                                        "Actual Rows": 466473,
                                                        "Actual Loops": 1
                                                    },
                                                    {
                                                        "Worker Number": 1,
                                                        "Actual Startup Time": 133.461,
                                                        "Actual Total Time": 675.981,
                                                        "Actual Rows": 309836,
                                                        "Actual Loops": 1
                                                    },
                                                    {
                                                        "Worker Number": 2,
                                                        "Actual Startup Time": 133.36,
                                                        "Actual Total Time": 669.38,
                                                        "Actual Rows": 460363,
                                                        "Actual Loops": 1
                                                    },
                                                    {
                                                        "Worker Number": 3,
                                                        "Actual Startup Time": 133.335,
                                                        "Actual Total Time": 669.577,
                                                        "Actual Rows": 470881,
                                                        "Actual Loops": 1
                                                    },
                                                    {
                                                        "Worker Number": 4,
                                                        "Actual Startup Time": 133.377,
                                                        "Actual Total Time": 669.344,
                                                        "Actual Rows": 469252,
                                                        "Actual Loops": 1
                                                    },
                                                    {
                                                        "Worker Number": 5,
                                                        "Actual Startup Time": 133.719,
                                                        "Actual Total Time": 674.225,
                                                        "Actual Rows": 311977,
                                                        "Actual Loops": 1
                                                    }
                                                ],
                                                "Plans": [
                                                    {
                                                        "Node Type": "Seq Scan",
                                                        "Parent Relationship": "Outer",
                                                        "Parallel Aware": true,
                                                        "Relation Name": "movie_info",
                                                        "Schema": "public",
                                                        "Alias": "mi",
                                                        "Startup Cost": 0.0,
                                                        "Total Cost": 198880.74,
                                                        "Plan Rows": 1158476,
                                                        "Plan Width": 4,
                                                        "Actual Startup Time": 0.034,
                                                        "Actual Total Time": 306.949,
                                                        "Actual Rows": 840709,
                                                        "Actual Loops": 7,
                                                        "Output": [
                                                            "mi.id",
                                                            "mi.movie_id",
                                                            "mi.info_type_id",
                                                            "mi.info",
                                                            "mi.note"
                                                        ],
                                                        "Filter": "(mi.info_type_id < 7)",
                                                        "Rows Removed by Filter": 1278680,
                                                        "Workers": [
                                                            {
                                                                "Worker Number": 0,
                                                                "Actual Startup Time": 0.033,
                                                                "Actual Total Time": 305.914,
                                                                "Actual Rows": 934627,
                                                                "Actual Loops": 1
                                                            },
                                                            {
                                                                "Worker Number": 1,
                                                                "Actual Startup Time": 0.043,
                                                                "Actual Total Time": 316.295,
                                                                "Actual Rows": 623956,
                                                                "Actual Loops": 1
                                                            },
                                                            {
                                                                "Worker Number": 2,
                                                                "Actual Startup Time": 0.032,
                                                                "Actual Total Time": 306.262,
                                                                "Actual Rows": 925696,
                                                                "Actual Loops": 1
                                                            },
                                                            {
                                                                "Worker Number": 3,
                                                                "Actual Startup Time": 0.026,
                                                                "Actual Total Time": 306.924,
                                                                "Actual Rows": 954890,
                                                                "Actual Loops": 1
                                                            },
                                                            {
                                                                "Worker Number": 4,
                                                                "Actual Startup Time": 0.03,
                                                                "Actual Total Time": 306.112,
                                                                "Actual Rows": 945777,
                                                                "Actual Loops": 1
                                                            },
                                                            {
                                                                "Worker Number": 5,
                                                                "Actual Startup Time": 0.064,
                                                                "Actual Total Time": 317.39,
                                                                "Actual Rows": 619838,
                                                                "Actual Loops": 1
                                                            }
                                                        ]
                                                    },
                                                    {
                                                        "Node Type": "Hash",
                                                        "Parent Relationship": "Inner",
                                                        "Parallel Aware": true,
                                                        "Startup Cost": 45479.21,
                                                        "Total Cost": 45479.21,
                                                        "Plan Rows": 171550,
                                                        "Plan Width": 4,
                                                        "Actual Startup Time": 130.843,
                                                        "Actual Total Time": 130.844,
                                                        "Actual Rows": 83680,
                                                        "Actual Loops": 7,
                                                        "Output": [
                                                            "t.id"
                                                        ],
                                                        "Hash Buckets": 1048576,
                                                        "Original Hash Buckets": 1048576,
                                                        "Hash Batches": 1,
                                                        "Original Hash Batches": 1,
                                                        "Peak Memory Usage": 31168,
                                                        "Workers": [
                                                            {
                                                                "Worker Number": 0,
                                                                "Actual Startup Time": 131.976,
                                                                "Actual Total Time": 131.976,
                                                                "Actual Rows": 79073,
                                                                "Actual Loops": 1
                                                            },
                                                            {
                                                                "Worker Number": 1,
                                                                "Actual Startup Time": 131.92,
                                                                "Actual Total Time": 131.922,
                                                                "Actual Rows": 54753,
                                                                "Actual Loops": 1
                                                            },
                                                            {
                                                                "Worker Number": 2,
                                                                "Actual Startup Time": 131.977,
                                                                "Actual Total Time": 131.978,
                                                                "Actual Rows": 79653,
                                                                "Actual Loops": 1
                                                            },
                                                            {
                                                                "Worker Number": 3,
                                                                "Actual Startup Time": 131.924,
                                                                "Actual Total Time": 131.925,
                                                                "Actual Rows": 111229,
                                                                "Actual Loops": 1
                                                            },
                                                            {
                                                                "Worker Number": 4,
                                                                "Actual Startup Time": 131.893,
                                                                "Actual Total Time": 131.895,
                                                                "Actual Rows": 111123,
                                                                "Actual Loops": 1
                                                            },
                                                            {
                                                                "Worker Number": 5,
                                                                "Actual Startup Time": 131.933,
                                                                "Actual Total Time": 131.934,
                                                                "Actual Rows": 54697,
                                                                "Actual Loops": 1
                                                            }
                                                        ],
                                                        "Plans": [
                                                            {
                                                                "Node Type": "Seq Scan",
                                                                "Parent Relationship": "Outer",
                                                                "Parallel Aware": true,
                                                                "Relation Name": "title",
                                                                "Schema": "public",
                                                                "Alias": "t",
                                                                "Startup Cost": 0.0,
                                                                "Total Cost": 45479.21,
                                                                "Plan Rows": 171550,
                                                                "Plan Width": 4,
                                                                "Actual Startup Time": 0.069,
                                                                "Actual Total Time": 78.824,
                                                                "Actual Rows": 83680,
                                                                "Actual Loops": 7,
                                                                "Output": [
                                                                    "t.id"
                                                                ],
                                                                "Filter": "((t.kind_id < 7) AND (t.production_year > 1990))",
                                                                "Rows Removed by Filter": 277508,
                                                                "Workers": [
                                                                    {
                                                                        "Worker Number": 0,
                                                                        "Actual Startup Time": 0.073,
                                                                        "Actual Total Time": 76.711,
                                                                        "Actual Rows": 79073,
                                                                        "Actual Loops": 1
                                                                    },
                                                                    {
                                                                        "Worker Number": 1,
                                                                        "Actual Startup Time": 0.082,
                                                                        "Actual Total Time": 77.46,
                                                                        "Actual Rows": 54753,
                                                                        "Actual Loops": 1
                                                                    },
                                                                    {
                                                                        "Worker Number": 2,
                                                                        "Actual Startup Time": 0.079,
                                                                        "Actual Total Time": 76.098,
                                                                        "Actual Rows": 79653,
                                                                        "Actual Loops": 1
                                                                    },
                                                                    {
                                                                        "Worker Number": 3,
                                                                        "Actual Startup Time": 0.075,
                                                                        "Actual Total Time": 84.315,
                                                                        "Actual Rows": 111229,
                                                                        "Actual Loops": 1
                                                                    },
                                                                    {
                                                                        "Worker Number": 4,
                                                                        "Actual Startup Time": 0.08,
                                                                        "Actual Total Time": 84.086,
                                                                        "Actual Rows": 111123,
                                                                        "Actual Loops": 1
                                                                    },
                                                                    {
                                                                        "Worker Number": 5,
                                                                        "Actual Startup Time": 0.072,
                                                                        "Actual Total Time": 78.306,
                                                                        "Actual Rows": 54697,
                                                                        "Actual Loops": 1
                                                                    }
                                                                ]
                                                            }
                                                        ]
                                                    }
                                                ]
                                            }
                                        ]
                                    }
                                ]
                            }
                        ]
                    }
                ]
            }
        ]
    },
    "Planning Time": 1.672,
    "Triggers": [],
    "Execution Time": 2975.254
}