[
  {
    "Plan": {
      "Node Type": "Aggregate",
      "Strategy": "Plain",
      "Partial Mode": "Finalize",
      "Parallel Aware": false,
      "Startup Cost": 90182.15,
      "Total Cost": 90182.16,
      "Plan Rows": 1,
      "Plan Width": 8,
      "Actual Startup Time": 414.811,
      "Actual Total Time": 432.852,
      "Actual Rows": 1,
      "Actual Loops": 1,
      "Plans": [
        {
          "Node Type": "Gather",
          "Parent Relationship": "Outer",
          "Parallel Aware": false,
          "Startup Cost": 90181.84,
          "Total Cost": 90182.15,
          "Plan Rows": 3,
          "Plan Width": 8,
          "Actual Startup Time": 411.649,
          "Actual Total Time": 432.843,
          "Actual Rows": 4,
          "Actual Loops": 1,
          "Workers Planned": 3,
          "Workers Launched": 3,
          "Single Copy": false,
          "Plans": [
            {
              "Node Type": "Aggregate",
              "Strategy": "Plain",
              "Partial Mode": "Partial",
              "Parent Relationship": "Outer",
              "Parallel Aware": false,
              "Startup Cost": 89181.84,
              "Total Cost": 89181.85,
              "Plan Rows": 1,
              "Plan Width": 8,
              "Actual Startup Time": 404.011,
              "Actual Total Time": 404.016,
              "Actual Rows": 1,
              "Actual Loops": 4,
              "Plans": [
                {
                  "Node Type": "Nested Loop",
                  "Parent Relationship": "Outer",
                  "Parallel Aware": false,
                  "Join Type": "Inner",
                  "Startup Cost": 51660.72,
                  "Total Cost": 89176.73,
                  "Plan Rows": 2041,
                  "Plan Width": 0,
                  "Actual Startup Time": 380.602,
                  "Actual Total Time": 403.957,
                  "Actual Rows": 442,
                  "Actual Loops": 4,
                  "Inner Unique": false,
                  "Plans": [
                    {
                      "Node Type": "Hash Join",
                      "Parent Relationship": "Outer",
                      "Parallel Aware": true,
                      "Join Type": "Inner",
                      "Startup Cost": 51660.29,
                      "Total Cost": 76994.07,
                      "Plan Rows": 17335,
                      "Plan Width": 8,
                      "Actual Startup Time": 198.254,
                      "Actual Total Time": 249.441,
                      "Actual Rows": 30434,
                      "Actual Loops": 4,
                      "Inner Unique": true,
                      "Hash Cond": "(mk.movie_id = t.id)",
                      "Plans": [
                        {
                          "Node Type": "Bitmap Heap Scan",
                          "Parent Relationship": "Outer",
                          "Parallel Aware": true,
                          "Relation Name": "movie_keyword",
                          "Alias": "mk",
                          "Startup Cost": 3825.9,
                          "Total Cost": 29007.0,
                          "Plan Rows": 58167,
                          "Plan Width": 4,
                          "Actual Startup Time": 22.743,
                          "Actual Total Time": 53.897,
                          "Actual Rows": 46580,
                          "Actual Loops": 4,
                          "Recheck Cond": "(keyword_id > 71457)",
                          "Rows Removed by Index Recheck": 0,
                          "Exact Heap Blocks": 5498,
                          "Lossy Heap Blocks": 0,
                          "Plans": [
                            {
                              "Node Type": "Bitmap Index Scan",
                              "Parent Relationship": "Outer",
                              "Parallel Aware": false,
                              "Index Name": "keyword_id_movie_keyword",
                              "Startup Cost": 0.0,
                              "Total Cost": 3780.82,
                              "Plan Rows": 180319,
                              "Plan Width": 0,
                              "Actual Startup Time": 18.136,
                              "Actual Total Time": 18.136,
                              "Actual Rows": 186322,
                              "Actual Loops": 1,
                              "Index Cond": "(keyword_id > 71457)"
                            }
                          ]
                        },
                        {
                          "Node Type": "Hash",
                          "Parent Relationship": "Inner",
                          "Parallel Aware": true,
                          "Startup Cost": 45479.59,
                          "Total Cost": 45479.59,
                          "Plan Rows": 188384,
                          "Plan Width": 4,
                          "Actual Startup Time": 172.228,
                          "Actual Total Time": 172.228,
                          "Actual Rows": 164300,
                          "Actual Loops": 4,
                          "Hash Buckets": 1048576,
                          "Original Hash Buckets": 1048576,
                          "Hash Batches": 1,
                          "Original Hash Batches": 1,
                          "Peak Memory Usage": 33952,
                          "Plans": [
                            {
                              "Node Type": "Seq Scan",
                              "Parent Relationship": "Outer",
                              "Parallel Aware": true,
                              "Relation Name": "title",
                              "Alias": "t",
                              "Startup Cost": 0.0,
                              "Total Cost": 45479.59,
                              "Plan Rows": 188384,
                              "Plan Width": 4,
                              "Actual Startup Time": 0.037,
                              "Actual Total Time": 114.158,
                              "Actual Rows": 164300,
                              "Actual Loops": 4,
                              "Filter": "((kind_id < 7) AND (production_year > 1981))",
                              "Rows Removed by Filter": 467778
                            }
                          ]
                        }
                      ]
                    },
                    {
                      "Node Type": "Index Scan",
                      "Parent Relationship": "Inner",
                      "Parallel Aware": false,
                      "Scan Direction": "Forward",
                      "Index Name": "movie_id_movie_companies",
                      "Relation Name": "movie_companies",
                      "Alias": "mc",
                      "Startup Cost": 0.43,
                      "Total Cost": 0.69,
                      "Plan Rows": 1,
                      "Plan Width": 4,
                      "Actual Startup Time": 0.005,
                      "Actual Total Time": 0.005,
                      "Actual Rows": 0,
                      "Actual Loops": 121736,
                      "Index Cond": "(movie_id = t.id)",
                      "Rows Removed by Index Recheck": 0,
                      "Filter": "((company_id > 66583) AND (company_type_id = 1))",
                      "Rows Removed by Filter": 10
                    }
                  ]
                }
              ]
            }
          ]
        }
      ]
    },
    "Planning Time": 0.698,
    "Triggers": [],
    "Execution Time": 432.916
  }
]