[
  {
    "Plan": {
      "Node Type": "Aggregate",
      "Strategy": "Plain",
      "Partial Mode": "Finalize",
      "Parallel Aware": false,
      "Startup Cost": 46846.6,
      "Total Cost": 46846.61,
      "Plan Rows": 1,
      "Plan Width": 8,
      "Actual Startup Time": 165.093,
      "Actual Total Time": 174.868,
      "Actual Rows": 1,
      "Actual Loops": 1,
      "Plans": [
        {
          "Node Type": "Gather",
          "Parent Relationship": "Outer",
          "Parallel Aware": false,
          "Startup Cost": 46846.29,
          "Total Cost": 46846.6,
          "Plan Rows": 3,
          "Plan Width": 8,
          "Actual Startup Time": 164.838,
          "Actual Total Time": 174.858,
          "Actual Rows": 4,
          "Actual Loops": 1,
          "Workers Planned": 3,
          "Workers Launched": 3,
          "Single Copy": false,
          "Plans": [
            {
              "Node Type": "Aggregate",
              "Strategy": "Plain",
              "Partial Mode": "Partial",
              "Parent Relationship": "Outer",
              "Parallel Aware": false,
              "Startup Cost": 45846.29,
              "Total Cost": 45846.3,
              "Plan Rows": 1,
              "Plan Width": 8,
              "Actual Startup Time": 160.208,
              "Actual Total Time": 160.209,
              "Actual Rows": 1,
              "Actual Loops": 4,
              "Plans": [
                {
                  "Node Type": "Seq Scan",
                  "Parent Relationship": "Outer",
                  "Parallel Aware": true,
                  "Relation Name": "movie_keyword",
                  "Alias": "mk",
                  "Startup Cost": 0.0,
                  "Total Cost": 42695.65,
                  "Plan Rows": 1260253,
                  "Plan Width": 0,
                  "Actual Startup Time": 0.039,
                  "Actual Total Time": 118.597,
                  "Actual Rows": 979029,
                  "Actual Loops": 4,
                  "Filter": "(keyword_id < 30389)",
                  "Rows Removed by Filter": 151953
                }
              ]
            }
          ]
        }
      ]
    },
    "Planning Time": 0.186,
    "Triggers": [],
    "Execution Time": 174.933
  }
]