[
  {
    "Plan": {
      "Node Type": "Aggregate",
      "Strategy": "Plain",
      "Partial Mode": "Finalize",
      "Parallel Aware": false,
      "Startup Cost": 595539.04,
      "Total Cost": 595539.05,
      "Plan Rows": 1,
      "Plan Width": 8,
      "Actual Startup Time": 2078.983,
      "Actual Total Time": 2178.505,
      "Actual Rows": 1,
      "Actual Loops": 1,
      "Plans": [
        {
          "Node Type": "Gather",
          "Parent Relationship": "Outer",
          "Parallel Aware": false,
          "Startup Cost": 595538.52,
          "Total Cost": 595539.03,
          "Plan Rows": 5,
          "Plan Width": 8,
          "Actual Startup Time": 2071.242,
          "Actual Total Time": 2178.497,
          "Actual Rows": 6,
          "Actual Loops": 1,
          "Workers Planned": 5,
          "Workers Launched": 5,
          "Single Copy": false,
          "Plans": [
            {
              "Node Type": "Aggregate",
              "Strategy": "Plain",
              "Partial Mode": "Partial",
              "Parent Relationship": "Outer",
              "Parallel Aware": false,
              "Startup Cost": 594538.52,
              "Total Cost": 594538.53,
              "Plan Rows": 1,
              "Plan Width": 8,
              "Actual Startup Time": 2055.793,
              "Actual Total Time": 2055.798,
              "Actual Rows": 1,
              "Actual Loops": 6,
              "Plans": [
                {
                  "Node Type": "Hash Join",
                  "Parent Relationship": "Outer",
                  "Parallel Aware": true,
                  "Join Type": "Inner",
                  "Startup Cost": 379136.71,
                  "Total Cost": 591229.36,
                  "Plan Rows": 1323665,
                  "Plan Width": 0,
                  "Actual Startup Time": 1035.49,
                  "Actual Total Time": 1987.34,
                  "Actual Rows": 1515834,
                  "Actual Loops": 6,
                  "Inner Unique": false,
                  "Hash Cond": "(mi.movie_id = t.id)",
                  "Plans": [
                    {
                      "Node Type": "Seq Scan",
                      "Parent Relationship": "Outer",
                      "Parallel Aware": true,
                      "Relation Name": "movie_info",
                      "Alias": "mi",
                      "Startup Cost": 0.0,
                      "Total Cost": 198952.16,
                      "Plan Rows": 2915832,
                      "Plan Width": 4,
                      "Actual Startup Time": 0.034,
                      "Actual Total Time": 367.602,
                      "Actual Rows": 2439661,
                      "Actual Loops": 6,
                      "Filter": "(info_type_id < 107)",
                      "Rows Removed by Filter": 32959
                    },
                    {
                      "Node Type": "Hash",
                      "Parent Relationship": "Inner",
                      "Parallel Aware": true,
                      "Startup Cost": 376745.59,
                      "Total Cost": 376745.59,
                      "Plan Rows": 191290,
                      "Plan Width": 8,
                      "Actual Startup Time": 1028.704,
                      "Actual Total Time": 1028.708,
                      "Actual Rows": 109724,
                      "Actual Loops": 6,
                      "Hash Buckets": 2097152,
                      "Original Hash Buckets": 2097152,
                      "Hash Batches": 1,
                      "Original Hash Batches": 1,
                      "Peak Memory Usage": 42240,
                      "Plans": [
                        {
                          "Node Type": "Hash Join",
                          "Parent Relationship": "Outer",
                          "Parallel Aware": true,
                          "Join Type": "Inner",
                          "Startup Cost": 45008.7,
                          "Total Cost": 376745.59,
                          "Plan Rows": 191290,
                          "Plan Width": 8,
                          "Actual Startup Time": 446.425,
                          "Actual Total Time": 973.142,
                          "Actual Rows": 109724,
                          "Actual Loops": 6,
                          "Inner Unique": true,
                          "Hash Cond": "(ci.movie_id = t.id)",
                          "Plans": [
                            {
                              "Node Type": "Seq Scan",
                              "Parent Relationship": "Outer",
                              "Parallel Aware": true,
                              "Relation Name": "cast_info",
                              "Alias": "ci",
                              "Startup Cost": 0.0,
                              "Total Cost": 328162.03,
                              "Plan Rows": 1361847,
                              "Plan Width": 4,
                              "Actual Startup Time": 335.976,
                              "Actual Total Time": 602.65,
                              "Actual Rows": 1347276,
                              "Actual Loops": 6,
                              "Filter": "(person_id > 2872165)",
                              "Rows Removed by Filter": 4693448
                            },
                            {
                              "Node Type": "Hash",
                              "Parent Relationship": "Inner",
                              "Parallel Aware": true,
                              "Startup Cost": 43898.92,
                              "Total Cost": 43898.92,
                              "Plan Rows": 88783,
                              "Plan Width": 4,
                              "Actual Startup Time": 109.217,
                              "Actual Total Time": 109.218,
                              "Actual Rows": 61072,
                              "Actual Loops": 6,
                              "Hash Buckets": 524288,
                              "Original Hash Buckets": 524288,
                              "Hash Batches": 1,
                              "Original Hash Batches": 1,
                              "Peak Memory Usage": 18496,
                              "Plans": [
                                {
                                  "Node Type": "Seq Scan",
                                  "Parent Relationship": "Outer",
                                  "Parallel Aware": true,
                                  "Relation Name": "title",
                                  "Alias": "t",
                                  "Startup Cost": 0.0,
                                  "Total Cost": 43898.92,
                                  "Plan Rows": 88783,
                                  "Plan Width": 4,
                                  "Actual Startup Time": 0.043,
                                  "Actual Total Time": 81.311,
                                  "Actual Rows": 61072,
                                  "Actual Loops": 6,
                                  "Filter": "(production_year < 1970)",
                                  "Rows Removed by Filter": 360314
                                }
                              ]
                            }
                          ]
                        }
                      ]
                    }
                  ]
                }
              ]
            }
          ]
        }
      ]
    },
    "Planning Time": 1.423,
    "Triggers": [],
    "Execution Time": 2178.61
  }
]