[
  {
    "Plan": {
      "Node Type": "Aggregate",
      "Strategy": "Plain",
      "Partial Mode": "Finalize",
      "Parallel Aware": false,
      "Startup Cost": 34981.01,
      "Total Cost": 34981.02,
      "Plan Rows": 1,
      "Plan Width": 8,
      "Actual Startup Time": 114.025,
      "Actual Total Time": 125.391,
      "Actual Rows": 1,
      "Actual Loops": 1,
      "Plans": [
        {
          "Node Type": "Gather",
          "Parent Relationship": "Outer",
          "Parallel Aware": false,
          "Startup Cost": 34980.69,
          "Total Cost": 34981.0,
          "Plan Rows": 3,
          "Plan Width": 8,
          "Actual Startup Time": 113.673,
          "Actual Total Time": 125.381,
          "Actual Rows": 4,
          "Actual Loops": 1,
          "Workers Planned": 3,
          "Workers Launched": 3,
          "Single Copy": false,
          "Plans": [
            {
              "Node Type": "Aggregate",
              "Strategy": "Plain",
              "Partial Mode": "Partial",
              "Parent Relationship": "Outer",
              "Parallel Aware": false,
              "Startup Cost": 33980.69,
              "Total Cost": 33980.7,
              "Plan Rows": 1,
              "Plan Width": 8,
              "Actual Startup Time": 107.806,
              "Actual Total Time": 107.808,
              "Actual Rows": 1,
              "Actual Loops": 4,
              "Plans": [
                {
                  "Node Type": "Bitmap Heap Scan",
                  "Parent Relationship": "Outer",
                  "Parallel Aware": true,
                  "Relation Name": "movie_keyword",
                  "Alias": "mk",
                  "Startup Cost": 7757.72,
                  "Total Cost": 33685.86,
                  "Plan Rows": 117931,
                  "Plan Width": 0,
                  "Actual Startup Time": 30.255,
                  "Actual Total Time": 101.481,
                  "Actual Rows": 90923,
                  "Actual Loops": 4,
                  "Recheck Cond": "(keyword_id < 335)",
                  "Rows Removed by Index Recheck": 0,
                  "Exact Heap Blocks": 11916,
                  "Lossy Heap Blocks": 0,
                  "Plans": [
                    {
                      "Node Type": "Bitmap Index Scan",
                      "Parent Relationship": "Outer",
                      "Parallel Aware": false,
                      "Index Name": "keyword_id_movie_keyword",
                      "Startup Cost": 0.0,
                      "Total Cost": 7666.33,
                      "Plan Rows": 365586,
                      "Plan Width": 0,
                      "Actual Startup Time": 31.689,
                      "Actual Total Time": 31.69,
                      "Actual Rows": 363692,
                      "Actual Loops": 1,
                      "Index Cond": "(keyword_id < 335)"
                    }
                  ]
                }
              ]
            }
          ]
        }
      ]
    },
    "Planning Time": 0.105,
    "Triggers": [],
    "Execution Time": 125.433
  }
]