[
  {
    "Plan": {
      "Node Type": "Aggregate",
      "Strategy": "Plain",
      "Partial Mode": "Finalize",
      "Parallel Aware": false,
      "Startup Cost": 46660.96,
      "Total Cost": 46660.97,
      "Plan Rows": 1,
      "Plan Width": 8,
      "Actual Startup Time": 191.714,
      "Actual Total Time": 201.174,
      "Actual Rows": 1,
      "Actual Loops": 1,
      "Plans": [
        {
          "Node Type": "Gather",
          "Parent Relationship": "Outer",
          "Parallel Aware": false,
          "Startup Cost": 46660.64,
          "Total Cost": 46660.95,
          "Plan Rows": 3,
          "Plan Width": 8,
          "Actual Startup Time": 191.589,
          "Actual Total Time": 201.165,
          "Actual Rows": 4,
          "Actual Loops": 1,
          "Workers Planned": 3,
          "Workers Launched": 3,
          "Single Copy": false,
          "Plans": [
            {
              "Node Type": "Aggregate",
              "Strategy": "Plain",
              "Partial Mode": "Partial",
              "Parent Relationship": "Outer",
              "Parallel Aware": false,
              "Startup Cost": 45660.64,
              "Total Cost": 45660.65,
              "Plan Rows": 1,
              "Plan Width": 8,
              "Actual Startup Time": 182.807,
              "Actual Total Time": 182.808,
              "Actual Rows": 1,
              "Actual Loops": 4,
              "Plans": [
                {
                  "Node Type": "Seq Scan",
                  "Parent Relationship": "Outer",
                  "Parallel Aware": true,
                  "Relation Name": "movie_keyword",
                  "Alias": "mk",
                  "Startup Cost": 0.0,
                  "Total Cost": 42695.65,
                  "Plan Rows": 1185995,
                  "Plan Width": 0,
                  "Actual Startup Time": 0.045,
                  "Actual Total Time": 135.403,
                  "Actual Rows": 920864,
                  "Actual Loops": 4,
                  "Filter": "(keyword_id < 21833)",
                  "Rows Removed by Filter": 210118
                }
              ]
            }
          ]
        }
      ]
    },
    "Planning Time": 0.198,
    "Triggers": [],
    "Execution Time": 201.229
  }
]