{
  "Plan": {
    "Node Type": "Aggregate",
    "Strategy": "Plain",
    "Partial Mode": "Finalize",
    "Parallel Aware": false,
    "Startup Cost": 165453.9,
    "Total Cost": 165453.91,
    "Plan Rows": 1,
    "Plan Width": 8,
    "Actual Startup Time": 961.335,
    "Actual Total Time": 978.116,
    "Actual Rows": 1,
    "Actual Loops": 1,
    "Plans": [
      {
        "Node Type": "Gather",
        "Parent Relationship": "Outer",
        "Parallel Aware": false,
        "Startup Cost": 165453.78,
        "Total Cost": 165453.89,
        "Plan Rows": 1,
        "Plan Width": 8,
        "Actual Startup Time": 961.074,
        "Actual Total Time": 978.109,
        "Actual Rows": 2,
        "Actual Loops": 1,
        "Workers Planned": 1,
        "Workers Launched": 1,
        "Single Copy": false,
        "Plans": [
          {
            "Node Type": "Aggregate",
            "Strategy": "Plain",
            "Partial Mode": "Partial",
            "Parent Relationship": "Outer",
            "Parallel Aware": false,
            "Startup Cost": 164453.78,
            "Total Cost": 164453.79,
            "Plan Rows": 1,
            "Plan Width": 8,
            "Actual Startup Time": 957.705,
            "Actual Total Time": 957.707,
            "Actual Rows": 1,
            "Actual Loops": 2,
            "Plans": [
              {
                "Node Type": "Merge Join",
                "Parent Relationship": "Outer",
                "Parallel Aware": false,
                "Join Type": "Inner",
                "Startup Cost": 2.89,
                "Total Cost": 163891.44,
                "Plan Rows": 224938,
                "Plan Width": 0,
                "Actual Startup Time": 2.8,
                "Actual Total Time": 947.337,
                "Actual Rows": 234638,
                "Actual Loops": 2,
                "Inner Unique": false,
                "Merge Cond": "(t.id = mi_idx.movie_id)",
                "Plans": [
                  {
                    "Node Type": "Index Scan",
                    "Parent Relationship": "Outer",
                    "Parallel Aware": true,
                    "Scan Direction": "Forward",
                    "Index Name": "title_pkey",
                    "Relation Name": "title",
                    "Alias": "t",
                    "Startup Cost": 0.43,
                    "Total Cost": 103647.43,
                    "Plan Rows": 412098,
                    "Plan Width": 4,
                    "Actual Startup Time": 1.839,
                    "Actual Total Time": 598.289,
                    "Actual Rows": 353296,
                    "Actual Loops": 2,
                    "Filter": "(production_year < 1991)",
                    "Rows Removed by Filter": 909675
                  },
                  {
                    "Node Type": "Index Only Scan",
                    "Parent Relationship": "Inner",
                    "Parallel Aware": false,
                    "Scan Direction": "Forward",
                    "Index Name": "movie_id_movie_info_idx",
                    "Relation Name": "movie_info_idx",
                    "Alias": "mi_idx",
                    "Startup Cost": 0.43,
                    "Total Cost": 53620.22,
                    "Plan Rows": 1380035,
                    "Plan Width": 4,
                    "Actual Startup Time": 0.092,
                    "Actual Total Time": 250.443,
                    "Actual Rows": 1380035,
                    "Actual Loops": 2,
                    "Heap Fetches": 2760070
                  }
                ]
              }
            ]
          }
        ]
      }
    ]
  },
  "Planning Time": 0.39,
  "Triggers": [],
  "Execution Time": 978.169
}