[
  {
    "Plan": {
      "Node Type": "Aggregate",
      "Strategy": "Plain",
      "Partial Mode": "Finalize",
      "Parallel Aware": false,
      "Startup Cost": 67733.53,
      "Total Cost": 67733.54,
      "Plan Rows": 1,
      "Plan Width": 8,
      "Actual Startup Time": 104.507,
      "Actual Total Time": 118.336,
      "Actual Rows": 1,
      "Actual Loops": 1,
      "Plans": [
        {
          "Node Type": "Gather",
          "Parent Relationship": "Outer",
          "Parallel Aware": false,
          "Startup Cost": 67733.11,
          "Total Cost": 67733.52,
          "Plan Rows": 4,
          "Plan Width": 8,
          "Actual Startup Time": 104.374,
          "Actual Total Time": 118.327,
          "Actual Rows": 5,
          "Actual Loops": 1,
          "Workers Planned": 4,
          "Workers Launched": 4,
          "Single Copy": false,
          "Plans": [
            {
              "Node Type": "Aggregate",
              "Strategy": "Plain",
              "Partial Mode": "Partial",
              "Parent Relationship": "Outer",
              "Parallel Aware": false,
              "Startup Cost": 66733.11,
              "Total Cost": 66733.12,
              "Plan Rows": 1,
              "Plan Width": 8,
              "Actual Startup Time": 96.446,
              "Actual Total Time": 96.448,
              "Actual Rows": 1,
              "Actual Loops": 5,
              "Plans": [
                {
                  "Node Type": "Nested Loop",
                  "Parent Relationship": "Outer",
                  "Parallel Aware": false,
                  "Join Type": "Inner",
                  "Startup Cost": 0.43,
                  "Total Cost": 66720.48,
                  "Plan Rows": 5052,
                  "Plan Width": 0,
                  "Actual Startup Time": 0.84,
                  "Actual Total Time": 96.206,
                  "Actual Rows": 3908,
                  "Actual Loops": 5,
                  "Inner Unique": false,
                  "Plans": [
                    {
                      "Node Type": "Seq Scan",
                      "Parent Relationship": "Outer",
                      "Parallel Aware": true,
                      "Relation Name": "title",
                      "Alias": "t",
                      "Startup Cost": 0.0,
                      "Total Cost": 43898.92,
                      "Plan Rows": 2823,
                      "Plan Width": 4,
                      "Actual Startup Time": 0.125,
                      "Actual Total Time": 79.21,
                      "Actual Rows": 2224,
                      "Actual Loops": 5,
                      "Filter": "(production_year = 1960)",
                      "Rows Removed by Filter": 503438
                    },
                    {
                      "Node Type": "Index Only Scan",
                      "Parent Relationship": "Inner",
                      "Parallel Aware": false,
                      "Scan Direction": "Forward",
                      "Index Name": "movie_id_movie_keyword",
                      "Relation Name": "movie_keyword",
                      "Alias": "mk",
                      "Startup Cost": 0.43,
                      "Total Cost": 7.63,
                      "Plan Rows": 45,
                      "Plan Width": 4,
                      "Actual Startup Time": 0.007,
                      "Actual Total Time": 0.007,
                      "Actual Rows": 2,
                      "Actual Loops": 11121,
                      "Index Cond": "(movie_id = t.id)",
                      "Rows Removed by Index Recheck": 0,
                      "Heap Fetches": 19538
                    }
                  ]
                }
              ]
            }
          ]
        }
      ]
    },
    "Planning Time": 0.592,
    "Triggers": [],
    "Execution Time": 118.411
  }
]