{
  "Plan": {
    "Node Type": "Aggregate",
    "Strategy": "Plain",
    "Partial Mode": "Finalize",
    "Parallel Aware": false,
    "Startup Cost": 451567.87,
    "Total Cost": 451567.88,
    "Plan Rows": 1,
    "Plan Width": 8,
    "Actual Startup Time": 969.802,
    "Actual Total Time": 997.398,
    "Actual Rows": 1,
    "Actual Loops": 1,
    "Plans": [
      {
        "Node Type": "Gather",
        "Parent Relationship": "Outer",
        "Parallel Aware": false,
        "Startup Cost": 451567.76,
        "Total Cost": 451567.87,
        "Plan Rows": 1,
        "Plan Width": 8,
        "Actual Startup Time": 968.384,
        "Actual Total Time": 997.389,
        "Actual Rows": 2,
        "Actual Loops": 1,
        "Workers Planned": 1,
        "Workers Launched": 1,
        "Single Copy": false,
        "Plans": [
          {
            "Node Type": "Aggregate",
            "Strategy": "Plain",
            "Partial Mode": "Partial",
            "Parent Relationship": "Outer",
            "Parallel Aware": false,
            "Startup Cost": 450567.76,
            "Total Cost": 450567.77,
            "Plan Rows": 1,
            "Plan Width": 8,
            "Actual Startup Time": 964.584,
            "Actual Total Time": 964.588,
            "Actual Rows": 1,
            "Actual Loops": 2,
            "Plans": [
              {
                "Node Type": "Hash Join",
                "Parent Relationship": "Outer",
                "Parallel Aware": true,
                "Join Type": "Inner",
                "Startup Cost": 157867.86,
                "Total Cost": 449955.39,
                "Plan Rows": 244946,
                "Plan Width": 0,
                "Actual Startup Time": 366.177,
                "Actual Total Time": 951.15,
                "Actual Rows": 311556,
                "Actual Loops": 2,
                "Inner Unique": true,
                "Hash Cond": "(ci.movie_id = t.id)",
                "Plans": [
                  {
                    "Node Type": "Bitmap Heap Scan",
                    "Parent Relationship": "Outer",
                    "Parallel Aware": true,
                    "Relation Name": "cast_info",
                    "Alias": "ci",
                    "Startup Cost": 97813.35,
                    "Total Cost": 383062.76,
                    "Plan Rows": 2604993,
                    "Plan Width": 4,
                    "Actual Startup Time": 199.317,
                    "Actual Total Time": 437.265,
                    "Actual Rows": 2116607,
                    "Actual Loops": 2,
                    "Recheck Cond": "(person_id > 3284312)",
                    "Rows Removed by Index Recheck": 0,
                    "Exact Heap Blocks": 31819,
                    "Lossy Heap Blocks": 0,
                    "Plans": [
                      {
                        "Node Type": "Bitmap Index Scan",
                        "Parent Relationship": "Outer",
                        "Parallel Aware": false,
                        "Index Name": "person_id_cast_info",
                        "Startup Cost": 0.0,
                        "Total Cost": 96706.23,
                        "Plan Rows": 4428488,
                        "Plan Width": 0,
                        "Actual Startup Time": 188.947,
                        "Actual Total Time": 188.948,
                        "Actual Rows": 4233214,
                        "Actual Loops": 1,
                        "Index Cond": "(person_id > 3284312)"
                      }
                    ]
                  },
                  {
                    "Node Type": "Hash",
                    "Parent Relationship": "Inner",
                    "Parallel Aware": true,
                    "Startup Cost": 58306.47,
                    "Total Cost": 58306.47,
                    "Plan Rows": 139844,
                    "Plan Width": 4,
                    "Actual Startup Time": 163.661,
                    "Actual Total Time": 163.662,
                    "Actual Rows": 128453,
                    "Actual Loops": 2,
                    "Hash Buckets": 262144,
                    "Original Hash Buckets": 262144,
                    "Hash Batches": 1,
                    "Original Hash Batches": 1,
                    "Peak Memory Usage": 12128,
                    "Plans": [
                      {
                        "Node Type": "Seq Scan",
                        "Parent Relationship": "Outer",
                        "Parallel Aware": true,
                        "Relation Name": "title",
                        "Alias": "t",
                        "Startup Cost": 0.0,
                        "Total Cost": 58306.47,
                        "Plan Rows": 139844,
                        "Plan Width": 4,
                        "Actual Startup Time": 0.016,
                        "Actual Total Time": 135.352,
                        "Actual Rows": 128453,
                        "Actual Loops": 2,
                        "Filter": "((production_year > 2010) AND (kind_id = 7))",
                        "Rows Removed by Filter": 1135703
                      }
                    ]
                  }
                ]
              }
            ]
          }
        ]
      }
    ]
  },
  "Planning Time": 0.4,
  "Triggers": [],
  "Execution Time": 997.481
}