[
  {
    "Plan": {
      "Node Type": "Aggregate",
      "Strategy": "Plain",
      "Partial Mode": "Finalize",
      "Parallel Aware": false,
      "Startup Cost": 32216.38,
      "Total Cost": 32216.39,
      "Plan Rows": 1,
      "Plan Width": 8,
      "Actual Startup Time": 147.186,
      "Actual Total Time": 157.743,
      "Actual Rows": 1,
      "Actual Loops": 1,
      "Plans": [
        {
          "Node Type": "Gather",
          "Parent Relationship": "Outer",
          "Parallel Aware": false,
          "Startup Cost": 32216.06,
          "Total Cost": 32216.37,
          "Plan Rows": 3,
          "Plan Width": 8,
          "Actual Startup Time": 147.055,
          "Actual Total Time": 157.736,
          "Actual Rows": 4,
          "Actual Loops": 1,
          "Workers Planned": 3,
          "Workers Launched": 3,
          "Single Copy": false,
          "Plans": [
            {
              "Node Type": "Aggregate",
              "Strategy": "Plain",
              "Partial Mode": "Partial",
              "Parent Relationship": "Outer",
              "Parallel Aware": false,
              "Startup Cost": 31216.06,
              "Total Cost": 31216.07,
              "Plan Rows": 1,
              "Plan Width": 8,
              "Actual Startup Time": 139.668,
              "Actual Total Time": 139.669,
              "Actual Rows": 1,
              "Actual Loops": 4,
              "Plans": [
                {
                  "Node Type": "Seq Scan",
                  "Parent Relationship": "Outer",
                  "Parallel Aware": true,
                  "Relation Name": "movie_companies",
                  "Alias": "mc",
                  "Startup Cost": 0.0,
                  "Total Cost": 29310.68,
                  "Plan Rows": 762151,
                  "Plan Width": 0,
                  "Actual Startup Time": 0.036,
                  "Actual Total Time": 102.908,
                  "Actual Rows": 591684,
                  "Actual Loops": 4,
                  "Filter": "(company_id < 102565)",
                  "Rows Removed by Filter": 60598
                }
              ]
            }
          ]
        }
      ]
    },
    "Planning Time": 0.099,
    "Triggers": [],
    "Execution Time": 157.775
  }
]