[
  {
    "Plan": {
      "Node Type": "Aggregate",
      "Strategy": "Plain",
      "Partial Mode": "Finalize",
      "Parallel Aware": false,
      "Startup Cost": 32217.91,
      "Total Cost": 32217.92,
      "Plan Rows": 1,
      "Plan Width": 8,
      "Actual Startup Time": 123.797,
      "Actual Total Time": 131.716,
      "Actual Rows": 1,
      "Actual Loops": 1,
      "Plans": [
        {
          "Node Type": "Gather",
          "Parent Relationship": "Outer",
          "Parallel Aware": false,
          "Startup Cost": 32217.59,
          "Total Cost": 32217.9,
          "Plan Rows": 3,
          "Plan Width": 8,
          "Actual Startup Time": 123.703,
          "Actual Total Time": 131.708,
          "Actual Rows": 4,
          "Actual Loops": 1,
          "Workers Planned": 3,
          "Workers Launched": 3,
          "Single Copy": false,
          "Plans": [
            {
              "Node Type": "Aggregate",
              "Strategy": "Plain",
              "Partial Mode": "Partial",
              "Parent Relationship": "Outer",
              "Parallel Aware": false,
              "Startup Cost": 31217.59,
              "Total Cost": 31217.6,
              "Plan Rows": 1,
              "Plan Width": 8,
              "Actual Startup Time": 115.029,
              "Actual Total Time": 115.03,
              "Actual Rows": 1,
              "Actual Loops": 4,
              "Plans": [
                {
                  "Node Type": "Seq Scan",
                  "Parent Relationship": "Outer",
                  "Parallel Aware": true,
                  "Relation Name": "movie_companies",
                  "Alias": "mc",
                  "Startup Cost": 0.0,
                  "Total Cost": 29310.68,
                  "Plan Rows": 762763,
                  "Plan Width": 0,
                  "Actual Startup Time": 0.046,
                  "Actual Total Time": 86.206,
                  "Actual Rows": 591684,
                  "Actual Loops": 4,
                  "Filter": "(company_id < 102565)",
                  "Rows Removed by Filter": 60598
                }
              ]
            }
          ]
        }
      ]
    },
    "Planning Time": 0.172,
    "Triggers": [],
    "Execution Time": 131.768
  }
]