[
  {
    "Plan": {
      "Node Type": "Aggregate",
      "Strategy": "Plain",
      "Partial Mode": "Finalize",
      "Parallel Aware": false,
      "Startup Cost": 47057.3,
      "Total Cost": 47057.31,
      "Plan Rows": 1,
      "Plan Width": 8,
      "Actual Startup Time": 100.225,
      "Actual Total Time": 111.581,
      "Actual Rows": 1,
      "Actual Loops": 1,
      "Plans": [
        {
          "Node Type": "Gather",
          "Parent Relationship": "Outer",
          "Parallel Aware": false,
          "Startup Cost": 47056.88,
          "Total Cost": 47057.29,
          "Plan Rows": 4,
          "Plan Width": 8,
          "Actual Startup Time": 100.044,
          "Actual Total Time": 111.568,
          "Actual Rows": 5,
          "Actual Loops": 1,
          "Workers Planned": 4,
          "Workers Launched": 4,
          "Single Copy": false,
          "Plans": [
            {
              "Node Type": "Aggregate",
              "Strategy": "Plain",
              "Partial Mode": "Partial",
              "Parent Relationship": "Outer",
              "Parallel Aware": false,
              "Startup Cost": 46056.88,
              "Total Cost": 46056.89,
              "Plan Rows": 1,
              "Plan Width": 8,
              "Actual Startup Time": 94.905,
              "Actual Total Time": 94.906,
              "Actual Rows": 1,
              "Actual Loops": 5,
              "Plans": [
                {
                  "Node Type": "Seq Scan",
                  "Parent Relationship": "Outer",
                  "Parallel Aware": true,
                  "Relation Name": "title",
                  "Alias": "t",
                  "Startup Cost": 0.0,
                  "Total Cost": 45479.59,
                  "Plan Rows": 230916,
                  "Plan Width": 0,
                  "Actual Startup Time": 0.032,
                  "Actual Total Time": 85.838,
                  "Actual Rows": 177702,
                  "Actual Loops": 5,
                  "Filter": "((kind_id < 7) AND (production_year > 1920))",
                  "Rows Removed by Filter": 327961
                }
              ]
            }
          ]
        }
      ]
    },
    "Planning Time": 0.185,
    "Triggers": [],
    "Execution Time": 111.675
  }
]