{
  "Plan": {
    "Node Type": "Aggregate",
    "Strategy": "Plain",
    "Partial Mode": "Finalize",
    "Parallel Aware": false,
    "Startup Cost": 103326.13,
    "Total Cost": 103326.14,
    "Plan Rows": 1,
    "Plan Width": 8,
    "Actual Startup Time": 295.932,
    "Actual Total Time": 310.99,
    "Actual Rows": 1,
    "Actual Loops": 1,
    "Plans": [
      {
        "Node Type": "Gather",
        "Parent Relationship": "Outer",
        "Parallel Aware": false,
        "Startup Cost": 103326.02,
        "Total Cost": 103326.13,
        "Plan Rows": 1,
        "Plan Width": 8,
        "Actual Startup Time": 295.259,
        "Actual Total Time": 310.982,
        "Actual Rows": 2,
        "Actual Loops": 1,
        "Workers Planned": 1,
        "Workers Launched": 1,
        "Single Copy": false,
        "Plans": [
          {
            "Node Type": "Aggregate",
            "Strategy": "Plain",
            "Partial Mode": "Partial",
            "Parent Relationship": "Outer",
            "Parallel Aware": false,
            "Startup Cost": 102326.02,
            "Total Cost": 102326.03,
            "Plan Rows": 1,
            "Plan Width": 8,
            "Actual Startup Time": 292.213,
            "Actual Total Time": 292.216,
            "Actual Rows": 1,
            "Actual Loops": 2,
            "Plans": [
              {
                "Node Type": "Hash Join",
                "Parent Relationship": "Outer",
                "Parallel Aware": true,
                "Join Type": "Inner",
                "Startup Cost": 59424.64,
                "Total Cost": 102254.12,
                "Plan Rows": 28758,
                "Plan Width": 0,
                "Actual Startup Time": 164.883,
                "Actual Total Time": 292.046,
                "Actual Rows": 2344,
                "Actual Loops": 2,
                "Inner Unique": true,
                "Hash Cond": "(mc.movie_id = t.id)",
                "Plans": [
                  {
                    "Node Type": "Index Scan",
                    "Parent Relationship": "Outer",
                    "Parallel Aware": true,
                    "Scan Direction": "Forward",
                    "Index Name": "company_type_id_movie_companies",
                    "Relation Name": "movie_companies",
                    "Alias": "mc",
                    "Startup Cost": 0.43,
                    "Total Cost": 41574.35,
                    "Plan Rows": 478310,
                    "Plan Width": 4,
                    "Actual Startup Time": 4.163,
                    "Actual Total Time": 95.629,
                    "Actual Rows": 299938,
                    "Actual Loops": 2,
                    "Index Cond": "(company_type_id < 2)",
                    "Rows Removed by Index Recheck": 0,
                    "Filter": "(company_id > 3851)",
                    "Rows Removed by Filter": 337185
                  },
                  {
                    "Node Type": "Hash",
                    "Parent Relationship": "Inner",
                    "Parallel Aware": true,
                    "Startup Cost": 58306.47,
                    "Total Cost": 58306.47,
                    "Plan Rows": 89419,
                    "Plan Width": 4,
                    "Actual Startup Time": 157.362,
                    "Actual Total Time": 157.363,
                    "Actual Rows": 78761,
                    "Actual Loops": 2,
                    "Hash Buckets": 262144,
                    "Original Hash Buckets": 262144,
                    "Hash Batches": 1,
                    "Original Hash Batches": 1,
                    "Peak Memory Usage": 8224,
                    "Plans": [
                      {
                        "Node Type": "Seq Scan",
                        "Parent Relationship": "Outer",
                        "Parallel Aware": true,
                        "Relation Name": "title",
                        "Alias": "t",
                        "Startup Cost": 0.0,
                        "Total Cost": 58306.47,
                        "Plan Rows": 89419,
                        "Plan Width": 4,
                        "Actual Startup Time": 0.023,
                        "Actual Total Time": 136.493,
                        "Actual Rows": 78761,
                        "Actual Loops": 2,
                        "Filter": "((kind_id > 3) AND (production_year > 2011))",
                        "Rows Removed by Filter": 1185395
                      }
                    ]
                  }
                ]
              }
            ]
          }
        ]
      }
    ]
  },
  "Planning Time": 0.492,
  "Triggers": [],
  "Execution Time": 311.067
}