{
  "Plan": {
    "Node Type": "Aggregate",
    "Strategy": "Plain",
    "Partial Mode": "Finalize",
    "Parallel Aware": false,
    "Startup Cost": 138623.59,
    "Total Cost": 138623.6,
    "Plan Rows": 1,
    "Plan Width": 8,
    "Actual Startup Time": 1082.02,
    "Actual Total Time": 1138.191,
    "Actual Rows": 1,
    "Actual Loops": 1,
    "Plans": [
      {
        "Node Type": "Gather",
        "Parent Relationship": "Outer",
        "Parallel Aware": false,
        "Startup Cost": 138623.47,
        "Total Cost": 138623.58,
        "Plan Rows": 1,
        "Plan Width": 8,
        "Actual Startup Time": 1077.977,
        "Actual Total Time": 1138.183,
        "Actual Rows": 2,
        "Actual Loops": 1,
        "Workers Planned": 1,
        "Workers Launched": 1,
        "Single Copy": false,
        "Plans": [
          {
            "Node Type": "Aggregate",
            "Strategy": "Plain",
            "Partial Mode": "Partial",
            "Parent Relationship": "Outer",
            "Parallel Aware": false,
            "Startup Cost": 137623.47,
            "Total Cost": 137623.48,
            "Plan Rows": 1,
            "Plan Width": 8,
            "Actual Startup Time": 1064.957,
            "Actual Total Time": 1064.963,
            "Actual Rows": 1,
            "Actual Loops": 2,
            "Plans": [
              {
                "Node Type": "Nested Loop",
                "Parent Relationship": "Outer",
                "Parallel Aware": false,
                "Join Type": "Inner",
                "Startup Cost": 70375.27,
                "Total Cost": 137593.03,
                "Plan Rows": 12179,
                "Plan Width": 0,
                "Actual Startup Time": 657.715,
                "Actual Total Time": 1058.872,
                "Actual Rows": 109906,
                "Actual Loops": 2,
                "Inner Unique": false,
                "Plans": [
                  {
                    "Node Type": "Hash Join",
                    "Parent Relationship": "Outer",
                    "Parallel Aware": true,
                    "Join Type": "Inner",
                    "Startup Cost": 70374.83,
                    "Total Cost": 95876.97,
                    "Plan Rows": 25328,
                    "Plan Width": 8,
                    "Actual Startup Time": 657.35,
                    "Actual Total Time": 707.028,
                    "Actual Rows": 19446,
                    "Actual Loops": 2,
                    "Inner Unique": true,
                    "Hash Cond": "(mk.movie_id = t.id)",
                    "Plans": [
                      {
                        "Node Type": "Bitmap Heap Scan",
                        "Parent Relationship": "Outer",
                        "Parallel Aware": true,
                        "Relation Name": "movie_keyword",
                        "Alias": "mk",
                        "Startup Cost": 914.13,
                        "Total Cost": 26349.79,
                        "Plan Rows": 25328,
                        "Plan Width": 4,
                        "Actual Startup Time": 5.537,
                        "Actual Total Time": 33.895,
                        "Actual Rows": 19446,
                        "Actual Loops": 2,
                        "Recheck Cond": "(keyword_id < 47)",
                        "Rows Removed by Index Recheck": 0,
                        "Exact Heap Blocks": 10455,
                        "Lossy Heap Blocks": 0,
                        "Plans": [
                          {
                            "Node Type": "Bitmap Index Scan",
                            "Parent Relationship": "Outer",
                            "Parallel Aware": false,
                            "Index Name": "keyword_id_movie_keyword",
                            "Startup Cost": 0.0,
                            "Total Cost": 903.37,
                            "Plan Rows": 43058,
                            "Plan Width": 0,
                            "Actual Startup Time": 3.401,
                            "Actual Total Time": 3.402,
                            "Actual Rows": 38892,
                            "Actual Loops": 1,
                            "Index Cond": "(keyword_id < 47)"
                          }
                        ]
                      },
                      {
                        "Node Type": "Hash",
                        "Parent Relationship": "Inner",
                        "Parallel Aware": true,
                        "Startup Cost": 50870.31,
                        "Total Cost": 50870.31,
                        "Plan Rows": 1487231,
                        "Plan Width": 4,
                        "Actual Startup Time": 630.379,
                        "Actual Total Time": 630.38,
                        "Actual Rows": 1264156,
                        "Actual Loops": 2,
                        "Hash Buckets": 4194304,
                        "Original Hash Buckets": 4194304,
                        "Hash Batches": 1,
                        "Original Hash Batches": 1,
                        "Peak Memory Usage": 131712,
                        "Plans": [
                          {
                            "Node Type": "Seq Scan",
                            "Parent Relationship": "Outer",
                            "Parallel Aware": true,
                            "Relation Name": "title",
                            "Alias": "t",
                            "Startup Cost": 0.0,
                            "Total Cost": 50870.31,
                            "Plan Rows": 1487231,
                            "Plan Width": 4,
                            "Actual Startup Time": 0.051,
                            "Actual Total Time": 187.597,
                            "Actual Rows": 1264156,
                            "Actual Loops": 2
                          }
                        ]
                      }
                    ]
                  },
                  {
                    "Node Type": "Index Scan",
                    "Parent Relationship": "Inner",
                    "Parallel Aware": false,
                    "Scan Direction": "Forward",
                    "Index Name": "movie_id_movie_info",
                    "Relation Name": "movie_info",
                    "Alias": "mi",
                    "Startup Cost": 0.43,
                    "Total Cost": 1.62,
                    "Plan Rows": 3,
                    "Plan Width": 4,
                    "Actual Startup Time": 0.013,
                    "Actual Total Time": 0.017,
                    "Actual Rows": 6,
                    "Actual Loops": 38892,
                    "Index Cond": "(movie_id = t.id)",
                    "Rows Removed by Index Recheck": 0,
                    "Filter": "(info_type_id > 43)",
                    "Rows Removed by Filter": 22
                  }
                ]
              }
            ]
          }
        ]
      }
    ]
  },
  "Planning Time": 0.92,
  "Triggers": [],
  "Execution Time": 1138.336
}