[
  {
    "Plan": {
      "Node Type": "Aggregate",
      "Strategy": "Plain",
      "Partial Mode": "Finalize",
      "Parallel Aware": false,
      "Startup Cost": 47231.76,
      "Total Cost": 47231.77,
      "Plan Rows": 1,
      "Plan Width": 8,
      "Actual Startup Time": 164.527,
      "Actual Total Time": 174.273,
      "Actual Rows": 1,
      "Actual Loops": 1,
      "Plans": [
        {
          "Node Type": "Gather",
          "Parent Relationship": "Outer",
          "Parallel Aware": false,
          "Startup Cost": 47231.45,
          "Total Cost": 47231.76,
          "Plan Rows": 3,
          "Plan Width": 8,
          "Actual Startup Time": 164.402,
          "Actual Total Time": 174.263,
          "Actual Rows": 4,
          "Actual Loops": 1,
          "Workers Planned": 3,
          "Workers Launched": 3,
          "Single Copy": false,
          "Plans": [
            {
              "Node Type": "Aggregate",
              "Strategy": "Plain",
              "Partial Mode": "Partial",
              "Parent Relationship": "Outer",
              "Parallel Aware": false,
              "Startup Cost": 46231.45,
              "Total Cost": 46231.46,
              "Plan Rows": 1,
              "Plan Width": 8,
              "Actual Startup Time": 160.49,
              "Actual Total Time": 160.492,
              "Actual Rows": 1,
              "Actual Loops": 4,
              "Plans": [
                {
                  "Node Type": "Seq Scan",
                  "Parent Relationship": "Outer",
                  "Parallel Aware": true,
                  "Relation Name": "movie_keyword",
                  "Alias": "mk",
                  "Startup Cost": 0.0,
                  "Total Cost": 42695.65,
                  "Plan Rows": 1414317,
                  "Plan Width": 0,
                  "Actual Startup Time": 0.031,
                  "Actual Total Time": 114.884,
                  "Actual Rows": 1096475,
                  "Actual Loops": 4,
                  "Filter": "(keyword_id < 75292)",
                  "Rows Removed by Filter": 34507
                }
              ]
            }
          ]
        }
      ]
    },
    "Planning Time": 0.145,
    "Triggers": [],
    "Execution Time": 174.323
  }
]