[
  {
    "Plan": {
      "Node Type": "Aggregate",
      "Strategy": "Plain",
      "Partial Mode": "Finalize",
      "Parallel Aware": false,
      "Startup Cost": 31094.66,
      "Total Cost": 31094.67,
      "Plan Rows": 1,
      "Plan Width": 8,
      "Actual Startup Time": 90.142,
      "Actual Total Time": 94.436,
      "Actual Rows": 1,
      "Actual Loops": 1,
      "Plans": [
        {
          "Node Type": "Gather",
          "Parent Relationship": "Outer",
          "Parallel Aware": false,
          "Startup Cost": 31094.34,
          "Total Cost": 31094.65,
          "Plan Rows": 3,
          "Plan Width": 8,
          "Actual Startup Time": 89.949,
          "Actual Total Time": 94.429,
          "Actual Rows": 4,
          "Actual Loops": 1,
          "Workers Planned": 3,
          "Workers Launched": 3,
          "Single Copy": false,
          "Plans": [
            {
              "Node Type": "Aggregate",
              "Strategy": "Plain",
              "Partial Mode": "Partial",
              "Parent Relationship": "Outer",
              "Parallel Aware": false,
              "Startup Cost": 30094.34,
              "Total Cost": 30094.35,
              "Plan Rows": 1,
              "Plan Width": 8,
              "Actual Startup Time": 86.302,
              "Actual Total Time": 86.303,
              "Actual Rows": 1,
              "Actual Loops": 4,
              "Plans": [
                {
                  "Node Type": "Bitmap Heap Scan",
                  "Parent Relationship": "Outer",
                  "Parallel Aware": true,
                  "Relation Name": "movie_companies",
                  "Alias": "mc",
                  "Startup Cost": 9089.65,
                  "Total Cost": 29920.5,
                  "Plan Rows": 69534,
                  "Plan Width": 0,
                  "Actual Startup Time": 72.547,
                  "Actual Total Time": 85.041,
                  "Actual Rows": 24316,
                  "Actual Loops": 4,
                  "Recheck Cond": "(company_id < 288)",
                  "Rows Removed by Index Recheck": 0,
                  "Filter": "(company_type_id > 1)",
                  "Rows Removed by Filter": 79522,
                  "Exact Heap Blocks": 9774,
                  "Lossy Heap Blocks": 0,
                  "Plans": [
                    {
                      "Node Type": "Bitmap Index Scan",
                      "Parent Relationship": "Outer",
                      "Parallel Aware": false,
                      "Index Name": "company_id_movie_companies",
                      "Startup Cost": 0.0,
                      "Total Cost": 9035.76,
                      "Plan Rows": 421777,
                      "Plan Width": 0,
                      "Actual Startup Time": 38.008,
                      "Actual Total Time": 38.008,
                      "Actual Rows": 415354,
                      "Actual Loops": 1,
                      "Index Cond": "(company_id < 288)"
                    }
                  ]
                }
              ]
            }
          ]
        }
      ]
    },
    "Planning Time": 0.225,
    "Triggers": [],
    "Execution Time": 94.511
  }
]