[
  {
    "Plan": {
      "Node Type": "Aggregate",
      "Strategy": "Plain",
      "Partial Mode": "Finalize",
      "Parallel Aware": false,
      "Startup Cost": 335861.09,
      "Total Cost": 335861.1,
      "Plan Rows": 1,
      "Plan Width": 8,
      "Actual Startup Time": 1048.636,
      "Actual Total Time": 1102.412,
      "Actual Rows": 1,
      "Actual Loops": 1,
      "Plans": [
        {
          "Node Type": "Gather",
          "Parent Relationship": "Outer",
          "Parallel Aware": false,
          "Startup Cost": 335860.47,
          "Total Cost": 335861.08,
          "Plan Rows": 6,
          "Plan Width": 8,
          "Actual Startup Time": 1048.427,
          "Actual Total Time": 1102.395,
          "Actual Rows": 7,
          "Actual Loops": 1,
          "Workers Planned": 6,
          "Workers Launched": 6,
          "Single Copy": false,
          "Plans": [
            {
              "Node Type": "Aggregate",
              "Strategy": "Plain",
              "Partial Mode": "Partial",
              "Parent Relationship": "Outer",
              "Parallel Aware": false,
              "Startup Cost": 334860.47,
              "Total Cost": 334860.48,
              "Plan Rows": 1,
              "Plan Width": 8,
              "Actual Startup Time": 1038.561,
              "Actual Total Time": 1038.564,
              "Actual Rows": 1,
              "Actual Loops": 7,
              "Plans": [
                {
                  "Node Type": "Seq Scan",
                  "Parent Relationship": "Outer",
                  "Parallel Aware": true,
                  "Relation Name": "cast_info",
                  "Alias": "ci",
                  "Startup Cost": 0.0,
                  "Total Cost": 328211.39,
                  "Plan Rows": 2659630,
                  "Plan Width": 0,
                  "Actual Startup Time": 0.054,
                  "Actual Total Time": 881.16,
                  "Actual Rows": 2304271,
                  "Actual Loops": 7,
                  "Filter": "(person_id < 1598141)",
                  "Rows Removed by Filter": 2873493
                }
              ]
            }
          ]
        }
      ]
    },
    "Planning Time": 0.116,
    "Triggers": [],
    "Execution Time": 1102.458
  }
]