[
  {
    "Plan": {
      "Node Type": "Aggregate",
      "Strategy": "Plain",
      "Partial Mode": "Finalize",
      "Parallel Aware": false,
      "Startup Cost": 195080.01,
      "Total Cost": 195080.02,
      "Plan Rows": 1,
      "Plan Width": 8,
      "Actual Startup Time": 425.119,
      "Actual Total Time": 444.908,
      "Actual Rows": 1,
      "Actual Loops": 1,
      "Plans": [
        {
          "Node Type": "Gather",
          "Parent Relationship": "Outer",
          "Parallel Aware": false,
          "Startup Cost": 195079.59,
          "Total Cost": 195080.0,
          "Plan Rows": 4,
          "Plan Width": 8,
          "Actual Startup Time": 413.646,
          "Actual Total Time": 444.888,
          "Actual Rows": 5,
          "Actual Loops": 1,
          "Workers Planned": 4,
          "Workers Launched": 4,
          "Single Copy": false,
          "Plans": [
            {
              "Node Type": "Aggregate",
              "Strategy": "Plain",
              "Partial Mode": "Partial",
              "Parent Relationship": "Outer",
              "Parallel Aware": false,
              "Startup Cost": 194079.59,
              "Total Cost": 194079.6,
              "Plan Rows": 1,
              "Plan Width": 8,
              "Actual Startup Time": 396.133,
              "Actual Total Time": 396.137,
              "Actual Rows": 1,
              "Actual Loops": 5,
              "Plans": [
                {
                  "Node Type": "Nested Loop",
                  "Parent Relationship": "Outer",
                  "Parallel Aware": false,
                  "Join Type": "Inner",
                  "Startup Cost": 51568.24,
                  "Total Cost": 194056.11,
                  "Plan Rows": 9392,
                  "Plan Width": 0,
                  "Actual Startup Time": 288.62,
                  "Actual Total Time": 388.62,
                  "Actual Rows": 144965,
                  "Actual Loops": 5,
                  "Inner Unique": false,
                  "Plans": [
                    {
                      "Node Type": "Hash Join",
                      "Parent Relationship": "Outer",
                      "Parallel Aware": true,
                      "Join Type": "Inner",
                      "Startup Cost": 51567.81,
                      "Total Cost": 182827.0,
                      "Plan Rows": 18567,
                      "Plan Width": 8,
                      "Actual Startup Time": 288.569,
                      "Actual Total Time": 300.145,
                      "Actual Rows": 13605,
                      "Actual Loops": 5,
                      "Inner Unique": true,
                      "Hash Cond": "(mi.movie_id = t.id)",
                      "Plans": [
                        {
                          "Node Type": "Bitmap Heap Scan",
                          "Parent Relationship": "Outer",
                          "Parallel Aware": true,
                          "Relation Name": "movie_info",
                          "Alias": "mi",
                          "Startup Cost": 1348.0,
                          "Total Cost": 132558.45,
                          "Plan Rows": 18567,
                          "Plan Width": 4,
                          "Actual Startup Time": 3.762,
                          "Actual Total Time": 7.438,
                          "Actual Rows": 13605,
                          "Actual Loops": 5,
                          "Recheck Cond": "(info_type_id = 94)",
                          "Rows Removed by Index Recheck": 0,
                          "Exact Heap Blocks": 388,
                          "Lossy Heap Blocks": 0,
                          "Plans": [
                            {
                              "Node Type": "Bitmap Index Scan",
                              "Parent Relationship": "Outer",
                              "Parallel Aware": false,
                              "Index Name": "info_type_id_movie_info",
                              "Startup Cost": 0.0,
                              "Total Cost": 1329.44,
                              "Plan Rows": 74267,
                              "Plan Width": 0,
                              "Actual Startup Time": 3.39,
                              "Actual Total Time": 3.39,
                              "Actual Rows": 68025,
                              "Actual Loops": 1,
                              "Index Cond": "(info_type_id = 94)"
                            }
                          ]
                        },
                        {
                          "Node Type": "Hash",
                          "Parent Relationship": "Inner",
                          "Parallel Aware": true,
                          "Startup Cost": 42318.81,
                          "Total Cost": 42318.81,
                          "Plan Rows": 632080,
                          "Plan Width": 4,
                          "Actual Startup Time": 275.829,
                          "Actual Total Time": 275.83,
                          "Actual Rows": 505662,
                          "Actual Loops": 5,
                          "Hash Buckets": 4194304,
                          "Original Hash Buckets": 4194304,
                          "Hash Batches": 1,
                          "Original Hash Batches": 1,
                          "Peak Memory Usage": 131776,
                          "Plans": [
                            {
                              "Node Type": "Seq Scan",
                              "Parent Relationship": "Outer",
                              "Parallel Aware": true,
                              "Relation Name": "title",
                              "Alias": "t",
                              "Startup Cost": 0.0,
                              "Total Cost": 42318.81,
                              "Plan Rows": 632080,
                              "Plan Width": 4,
                              "Actual Startup Time": 0.032,
                              "Actual Total Time": 79.922,
                              "Actual Rows": 505662,
                              "Actual Loops": 5
                            }
                          ]
                        }
                      ]
                    },
                    {
                      "Node Type": "Index Scan",
                      "Parent Relationship": "Inner",
                      "Parallel Aware": false,
                      "Scan Direction": "Forward",
                      "Index Name": "movie_id_movie_companies",
                      "Relation Name": "movie_companies",
                      "Alias": "mc",
                      "Startup Cost": 0.43,
                      "Total Cost": 0.57,
                      "Plan Rows": 3,
                      "Plan Width": 4,
                      "Actual Startup Time": 0.003,
                      "Actual Total Time": 0.006,
                      "Actual Rows": 11,
                      "Actual Loops": 68025,
                      "Index Cond": "(movie_id = t.id)",
                      "Rows Removed by Index Recheck": 0,
                      "Filter": "(company_type_id = 1)",
                      "Rows Removed by Filter": 3
                    }
                  ]
                }
              ]
            }
          ]
        }
      ]
    },
    "Planning Time": 1.452,
    "Triggers": [],
    "Execution Time": 445.007
  }
]