[
  {
    "Plan": {
      "Node Type": "Aggregate",
      "Strategy": "Plain",
      "Partial Mode": "Finalize",
      "Parallel Aware": false,
      "Startup Cost": 46487.65,
      "Total Cost": 46487.66,
      "Plan Rows": 1,
      "Plan Width": 8,
      "Actual Startup Time": 87.138,
      "Actual Total Time": 97.5,
      "Actual Rows": 1,
      "Actual Loops": 1,
      "Plans": [
        {
          "Node Type": "Gather",
          "Parent Relationship": "Outer",
          "Parallel Aware": false,
          "Startup Cost": 46487.23,
          "Total Cost": 46487.64,
          "Plan Rows": 4,
          "Plan Width": 8,
          "Actual Startup Time": 86.825,
          "Actual Total Time": 97.491,
          "Actual Rows": 5,
          "Actual Loops": 1,
          "Workers Planned": 4,
          "Workers Launched": 4,
          "Single Copy": false,
          "Plans": [
            {
              "Node Type": "Aggregate",
              "Strategy": "Plain",
              "Partial Mode": "Partial",
              "Parent Relationship": "Outer",
              "Parallel Aware": false,
              "Startup Cost": 45487.23,
              "Total Cost": 45487.24,
              "Plan Rows": 1,
              "Plan Width": 8,
              "Actual Startup Time": 80.237,
              "Actual Total Time": 80.239,
              "Actual Rows": 1,
              "Actual Loops": 5,
              "Plans": [
                {
                  "Node Type": "Seq Scan",
                  "Parent Relationship": "Outer",
                  "Parallel Aware": true,
                  "Relation Name": "title",
                  "Alias": "t",
                  "Startup Cost": 0.0,
                  "Total Cost": 45479.59,
                  "Plan Rows": 3058,
                  "Plan Width": 0,
                  "Actual Startup Time": 0.108,
                  "Actual Total Time": 79.945,
                  "Actual Rows": 2529,
                  "Actual Loops": 5,
                  "Filter": "((kind_id = 7) AND (production_year = 1989))",
                  "Rows Removed by Filter": 503134
                }
              ]
            }
          ]
        }
      ]
    },
    "Planning Time": 0.112,
    "Triggers": [],
    "Execution Time": 97.535
  }
]