[
  {
    "Plan": {
      "Node Type": "Aggregate",
      "Strategy": "Plain",
      "Partial Mode": "Finalize",
      "Parallel Aware": false,
      "Startup Cost": 400122.62,
      "Total Cost": 400122.63,
      "Plan Rows": 1,
      "Plan Width": 8,
      "Actual Startup Time": 1302.315,
      "Actual Total Time": 1373.393,
      "Actual Rows": 1,
      "Actual Loops": 1,
      "Plans": [
        {
          "Node Type": "Gather",
          "Parent Relationship": "Outer",
          "Parallel Aware": false,
          "Startup Cost": 400121.99,
          "Total Cost": 400122.6,
          "Plan Rows": 6,
          "Plan Width": 8,
          "Actual Startup Time": 1297.761,
          "Actual Total Time": 1373.381,
          "Actual Rows": 7,
          "Actual Loops": 1,
          "Workers Planned": 6,
          "Workers Launched": 6,
          "Single Copy": false,
          "Plans": [
            {
              "Node Type": "Aggregate",
              "Strategy": "Plain",
              "Partial Mode": "Partial",
              "Parent Relationship": "Outer",
              "Parallel Aware": false,
              "Startup Cost": 399121.99,
              "Total Cost": 399122.0,
              "Plan Rows": 1,
              "Plan Width": 8,
              "Actual Startup Time": 1287.013,
              "Actual Total Time": 1287.016,
              "Actual Rows": 1,
              "Actual Loops": 7,
              "Plans": [
                {
                  "Node Type": "Hash Join",
                  "Parent Relationship": "Outer",
                  "Parallel Aware": true,
                  "Join Type": "Inner",
                  "Startup Cost": 47769.5,
                  "Total Cost": 397370.51,
                  "Plan Rows": 700591,
                  "Plan Width": 0,
                  "Actual Startup Time": 461.839,
                  "Actual Total Time": 1254.42,
                  "Actual Rows": 779803,
                  "Actual Loops": 7,
                  "Inner Unique": true,
                  "Hash Cond": "(ci.movie_id = t.id)",
                  "Plans": [
                    {
                      "Node Type": "Seq Scan",
                      "Parent Relationship": "Outer",
                      "Parallel Aware": true,
                      "Relation Name": "cast_info",
                      "Alias": "ci",
                      "Startup Cost": 0.0,
                      "Total Cost": 343257.03,
                      "Plan Rows": 2416752,
                      "Plan Width": 4,
                      "Actual Startup Time": 325.831,
                      "Actual Total Time": 654.106,
                      "Actual Rows": 2132752,
                      "Actual Loops": 7,
                      "Filter": "((person_id > 413234) AND (role_id > 2))",
                      "Rows Removed by Filter": 3045012
                    },
                    {
                      "Node Type": "Hash",
                      "Parent Relationship": "Inner",
                      "Parallel Aware": true,
                      "Startup Cost": 45479.1,
                      "Total Cost": 45479.1,
                      "Plan Rows": 183232,
                      "Plan Width": 4,
                      "Actual Startup Time": 132.393,
                      "Actual Total Time": 132.394,
                      "Actual Rows": 113737,
                      "Actual Loops": 7,
                      "Hash Buckets": 1048576,
                      "Original Hash Buckets": 1048576,
                      "Hash Batches": 1,
                      "Original Hash Batches": 1,
                      "Peak Memory Usage": 39456,
                      "Plans": [
                        {
                          "Node Type": "Seq Scan",
                          "Parent Relationship": "Outer",
                          "Parallel Aware": true,
                          "Relation Name": "title",
                          "Alias": "t",
                          "Startup Cost": 0.0,
                          "Total Cost": 45479.1,
                          "Plan Rows": 183232,
                          "Plan Width": 4,
                          "Actual Startup Time": 0.044,
                          "Actual Total Time": 77.964,
                          "Actual Rows": 113737,
                          "Actual Loops": 7,
                          "Filter": "((production_year > 2003) AND (kind_id = 7))",
                          "Rows Removed by Filter": 247450
                        }
                      ]
                    }
                  ]
                }
              ]
            }
          ]
        }
      ]
    },
    "Planning Time": 0.63,
    "Triggers": [],
    "Execution Time": 1373.48
  }
]