[
  {
    "Plan": {
      "Node Type": "Aggregate",
      "Strategy": "Plain",
      "Partial Mode": "Finalize",
      "Parallel Aware": false,
      "Startup Cost": 123874.57,
      "Total Cost": 123874.58,
      "Plan Rows": 1,
      "Plan Width": 8,
      "Actual Startup Time": 657.152,
      "Actual Total Time": 679.632,
      "Actual Rows": 1,
      "Actual Loops": 1,
      "Plans": [
        {
          "Node Type": "Gather",
          "Parent Relationship": "Outer",
          "Parallel Aware": false,
          "Startup Cost": 123874.26,
          "Total Cost": 123874.57,
          "Plan Rows": 3,
          "Plan Width": 8,
          "Actual Startup Time": 653.238,
          "Actual Total Time": 679.623,
          "Actual Rows": 4,
          "Actual Loops": 1,
          "Workers Planned": 3,
          "Workers Launched": 3,
          "Single Copy": false,
          "Plans": [
            {
              "Node Type": "Aggregate",
              "Strategy": "Plain",
              "Partial Mode": "Partial",
              "Parent Relationship": "Outer",
              "Parallel Aware": false,
              "Startup Cost": 122874.26,
              "Total Cost": 122874.27,
              "Plan Rows": 1,
              "Plan Width": 8,
              "Actual Startup Time": 642.91,
              "Actual Total Time": 643.131,
              "Actual Rows": 1,
              "Actual Loops": 4,
              "Plans": [
                {
                  "Node Type": "Hash Join",
                  "Parent Relationship": "Outer",
                  "Parallel Aware": true,
                  "Join Type": "Inner",
                  "Startup Cost": 77747.46,
                  "Total Cost": 122609.24,
                  "Plan Rows": 106007,
                  "Plan Width": 0,
                  "Actual Startup Time": 359.655,
                  "Actual Total Time": 598.47,
                  "Actual Rows": 1023767,
                  "Actual Loops": 4,
                  "Inner Unique": false,
                  "Hash Cond": "(mk.movie_id = t.id)",
                  "Plans": [
                    {
                      "Node Type": "Seq Scan",
                      "Parent Relationship": "Outer",
                      "Parallel Aware": true,
                      "Relation Name": "movie_keyword",
                      "Alias": "mk",
                      "Startup Cost": 0.0,
                      "Total Cost": 39047.32,
                      "Plan Rows": 1459332,
                      "Plan Width": 4,
                      "Actual Startup Time": 0.034,
                      "Actual Total Time": 93.24,
                      "Actual Rows": 1130982,
                      "Actual Loops": 4
                    },
                    {
                      "Node Type": "Hash",
                      "Parent Relationship": "Inner",
                      "Parallel Aware": true,
                      "Startup Cost": 77006.9,
                      "Total Cost": 77006.9,
                      "Plan Rows": 59245,
                      "Plan Width": 8,
                      "Actual Startup Time": 318.569,
                      "Actual Total Time": 318.789,
                      "Actual Rows": 104614,
                      "Actual Loops": 4,
                      "Hash Buckets": 524288,
                      "Original Hash Buckets": 262144,
                      "Hash Batches": 1,
                      "Original Hash Batches": 1,
                      "Peak Memory Usage": 22592,
                      "Plans": [
                        {
                          "Node Type": "Hash Join",
                          "Parent Relationship": "Outer",
                          "Parallel Aware": true,
                          "Join Type": "Inner",
                          "Startup Cost": 46574.46,
                          "Total Cost": 77006.9,
                          "Plan Rows": 59245,
                          "Plan Width": 8,
                          "Actual Startup Time": 209.756,
                          "Actual Total Time": 281.521,
                          "Actual Rows": 104614,
                          "Actual Loops": 4,
                          "Inner Unique": true,
                          "Hash Cond": "(mc.movie_id = t.id)",
                          "Plans": [
                            {
                              "Node Type": "Seq Scan",
                              "Parent Relationship": "Outer",
                              "Parallel Aware": true,
                              "Relation Name": "movie_companies",
                              "Alias": "mc",
                              "Startup Cost": 0.0,
                              "Total Cost": 29310.68,
                              "Plan Rows": 427336,
                              "Plan Width": 4,
                              "Actual Startup Time": 30.391,
                              "Actual Total Time": 70.688,
                              "Actual Rows": 333721,
                              "Actual Loops": 4,
                              "Filter": "(company_type_id = 2)",
                              "Rows Removed by Filter": 318562
                            },
                            {
                              "Node Type": "Hash",
                              "Parent Relationship": "Inner",
                              "Parallel Aware": true,
                              "Startup Cost": 45479.1,
                              "Total Cost": 45479.1,
                              "Plan Rows": 87629,
                              "Plan Width": 4,
                              "Actual Startup Time": 140.048,
                              "Actual Total Time": 140.049,
                              "Actual Rows": 106143,
                              "Actual Loops": 4,
                              "Hash Buckets": 524288,
                              "Original Hash Buckets": 524288,
                              "Hash Batches": 1,
                              "Original Hash Batches": 1,
                              "Peak Memory Usage": 20736,
                              "Plans": [
                                {
                                  "Node Type": "Seq Scan",
                                  "Parent Relationship": "Outer",
                                  "Parallel Aware": true,
                                  "Relation Name": "title",
                                  "Alias": "t",
                                  "Startup Cost": 0.0,
                                  "Total Cost": 45479.1,
                                  "Plan Rows": 87629,
                                  "Plan Width": 4,
                                  "Actual Startup Time": 63.015,
                                  "Actual Total Time": 106.725,
                                  "Actual Rows": 106143,
                                  "Actual Loops": 4,
                                  "Filter": "((production_year < 2005) AND (kind_id = 1))",
                                  "Rows Removed by Filter": 525935
                                }
                              ]
                            }
                          ]
                        }
                      ]
                    }
                  ]
                }
              ]
            }
          ]
        }
      ]
    },
    "Planning Time": 1.533,
    "Triggers": [],
    "Execution Time": 679.738
  }
]