[
  {
    "Plan": {
      "Node Type": "Aggregate",
      "Strategy": "Plain",
      "Partial Mode": "Finalize",
      "Parallel Aware": false,
      "Startup Cost": 58462.03,
      "Total Cost": 58462.04,
      "Plan Rows": 1,
      "Plan Width": 8,
      "Actual Startup Time": 98.563,
      "Actual Total Time": 111.688,
      "Actual Rows": 1,
      "Actual Loops": 1,
      "Plans": [
        {
          "Node Type": "Gather",
          "Parent Relationship": "Outer",
          "Parallel Aware": false,
          "Startup Cost": 58461.61,
          "Total Cost": 58462.02,
          "Plan Rows": 4,
          "Plan Width": 8,
          "Actual Startup Time": 98.251,
          "Actual Total Time": 111.68,
          "Actual Rows": 5,
          "Actual Loops": 1,
          "Workers Planned": 4,
          "Workers Launched": 4,
          "Single Copy": false,
          "Plans": [
            {
              "Node Type": "Aggregate",
              "Strategy": "Plain",
              "Partial Mode": "Partial",
              "Parent Relationship": "Outer",
              "Parallel Aware": false,
              "Startup Cost": 57461.61,
              "Total Cost": 57461.62,
              "Plan Rows": 1,
              "Plan Width": 8,
              "Actual Startup Time": 90.974,
              "Actual Total Time": 90.976,
              "Actual Rows": 1,
              "Actual Loops": 5,
              "Plans": [
                {
                  "Node Type": "Nested Loop",
                  "Parent Relationship": "Outer",
                  "Parallel Aware": false,
                  "Join Type": "Inner",
                  "Startup Cost": 0.43,
                  "Total Cost": 57460.59,
                  "Plan Rows": 408,
                  "Plan Width": 0,
                  "Actual Startup Time": 5.807,
                  "Actual Total Time": 90.906,
                  "Actual Rows": 497,
                  "Actual Loops": 5,
                  "Inner Unique": false,
                  "Plans": [
                    {
                      "Node Type": "Seq Scan",
                      "Parent Relationship": "Outer",
                      "Parallel Aware": true,
                      "Relation Name": "title",
                      "Alias": "t",
                      "Startup Cost": 0.0,
                      "Total Cost": 43899.32,
                      "Plan Rows": 875,
                      "Plan Width": 4,
                      "Actual Startup Time": 4.723,
                      "Actual Total Time": 81.596,
                      "Actual Rows": 703,
                      "Actual Loops": 5,
                      "Filter": "(production_year > 2013)",
                      "Rows Removed by Filter": 504959
                    },
                    {
                      "Node Type": "Index Scan",
                      "Parent Relationship": "Inner",
                      "Parallel Aware": false,
                      "Scan Direction": "Forward",
                      "Index Name": "movie_id_movie_companies",
                      "Relation Name": "movie_companies",
                      "Alias": "mc",
                      "Startup Cost": 0.43,
                      "Total Cost": 15.48,
                      "Plan Rows": 2,
                      "Plan Width": 4,
                      "Actual Startup Time": 0.012,
                      "Actual Total Time": 0.013,
                      "Actual Rows": 1,
                      "Actual Loops": 3515,
                      "Index Cond": "(movie_id = t.id)",
                      "Rows Removed by Index Recheck": 0,
                      "Filter": "((company_id < 94495) AND (company_type_id > 1))",
                      "Rows Removed by Filter": 1
                    }
                  ]
                }
              ]
            }
          ]
        }
      ]
    },
    "Planning Time": 0.415,
    "Triggers": [],
    "Execution Time": 111.739
  }
]