[
  {
    "Plan": {
      "Node Type": "Aggregate",
      "Strategy": "Plain",
      "Partial Mode": "Finalize",
      "Parallel Aware": false,
      "Startup Cost": 66555.05,
      "Total Cost": 66555.06,
      "Plan Rows": 1,
      "Plan Width": 8,
      "Actual Startup Time": 134.558,
      "Actual Total Time": 145.958,
      "Actual Rows": 1,
      "Actual Loops": 1,
      "Plans": [
        {
          "Node Type": "Gather",
          "Parent Relationship": "Outer",
          "Parallel Aware": false,
          "Startup Cost": 66554.63,
          "Total Cost": 66555.04,
          "Plan Rows": 4,
          "Plan Width": 8,
          "Actual Startup Time": 133.978,
          "Actual Total Time": 145.95,
          "Actual Rows": 5,
          "Actual Loops": 1,
          "Workers Planned": 4,
          "Workers Launched": 4,
          "Single Copy": false,
          "Plans": [
            {
              "Node Type": "Aggregate",
              "Strategy": "Plain",
              "Partial Mode": "Partial",
              "Parent Relationship": "Outer",
              "Parallel Aware": false,
              "Startup Cost": 65554.63,
              "Total Cost": 65554.64,
              "Plan Rows": 1,
              "Plan Width": 8,
              "Actual Startup Time": 122.236,
              "Actual Total Time": 122.239,
              "Actual Rows": 1,
              "Actual Loops": 5,
              "Plans": [
                {
                  "Node Type": "Hash Join",
                  "Parent Relationship": "Outer",
                  "Parallel Aware": true,
                  "Join Type": "Inner",
                  "Startup Cost": 20386.34,
                  "Total Cost": 65541.49,
                  "Plan Rows": 5256,
                  "Plan Width": 0,
                  "Actual Startup Time": 79.814,
                  "Actual Total Time": 121.775,
                  "Actual Rows": 10209,
                  "Actual Loops": 5,
                  "Inner Unique": false,
                  "Hash Cond": "(t.id = mc.movie_id)",
                  "Plans": [
                    {
                      "Node Type": "Seq Scan",
                      "Parent Relationship": "Outer",
                      "Parallel Aware": true,
                      "Relation Name": "title",
                      "Alias": "t",
                      "Startup Cost": 0.0,
                      "Total Cost": 43898.92,
                      "Plan Rows": 247857,
                      "Plan Width": 4,
                      "Actual Startup Time": 0.026,
                      "Actual Total Time": 75.488,
                      "Actual Rows": 197010,
                      "Actual Loops": 5,
                      "Filter": "(kind_id < 7)",
                      "Rows Removed by Filter": 308653
                    },
                    {
                      "Node Type": "Hash",
                      "Parent Relationship": "Inner",
                      "Parallel Aware": true,
                      "Startup Cost": 20170.15,
                      "Total Cost": 20170.15,
                      "Plan Rows": 17295,
                      "Plan Width": 4,
                      "Actual Startup Time": 19.72,
                      "Actual Total Time": 19.722,
                      "Actual Rows": 10209,
                      "Actual Loops": 5,
                      "Hash Buckets": 65536,
                      "Original Hash Buckets": 65536,
                      "Hash Batches": 1,
                      "Original Hash Batches": 1,
                      "Peak Memory Usage": 2592,
                      "Plans": [
                        {
                          "Node Type": "Bitmap Heap Scan",
                          "Parent Relationship": "Outer",
                          "Parallel Aware": true,
                          "Relation Name": "movie_companies",
                          "Alias": "mc",
                          "Startup Cost": 1163.95,
                          "Total Cost": 20170.15,
                          "Plan Rows": 17295,
                          "Plan Width": 4,
                          "Actual Startup Time": 1.763,
                          "Actual Total Time": 12.658,
                          "Actual Rows": 10209,
                          "Actual Loops": 5,
                          "Recheck Cond": "(company_id > 190648)",
                          "Rows Removed by Index Recheck": 0,
                          "Exact Heap Blocks": 717,
                          "Lossy Heap Blocks": 0,
                          "Plans": [
                            {
                              "Node Type": "Bitmap Index Scan",
                              "Parent Relationship": "Outer",
                              "Parallel Aware": false,
                              "Index Name": "company_id_movie_companies",
                              "Startup Cost": 0.0,
                              "Total Cost": 1150.55,
                              "Plan Rows": 53616,
                              "Plan Width": 0,
                              "Actual Startup Time": 7.097,
                              "Actual Total Time": 7.097,
                              "Actual Rows": 51043,
                              "Actual Loops": 1,
                              "Index Cond": "(company_id > 190648)"
                            }
                          ]
                        }
                      ]
                    }
                  ]
                }
              ]
            }
          ]
        }
      ]
    },
    "Planning Time": 0.553,
    "Triggers": [],
    "Execution Time": 146.036
  }
]