[
    {
        "Bao": {
            "Bao prediction": 442.219,
            "Bao recommended hint": "(no hint)"
        }
    },
    {
        "Plan": {
            "Node Type": "Aggregate",
            "Strategy": "Plain",
            "Partial Mode": "Finalize",
            "Parallel Aware": false,
            "Startup Cost": 32860.36,
            "Total Cost": 32860.37,
            "Plan Rows": 1,
            "Plan Width": 8,
            "Actual Startup Time": 111.737,
            "Actual Total Time": 119.635,
            "Actual Rows": 1,
            "Actual Loops": 1,
            "Output": [
                "count(*)"
            ],
            "Plans": [
                {
                    "Node Type": "Gather",
                    "Parent Relationship": "Outer",
                    "Parallel Aware": false,
                    "Startup Cost": 32860.05,
                    "Total Cost": 32860.36,
                    "Plan Rows": 3,
                    "Plan Width": 8,
                    "Actual Startup Time": 111.61,
                    "Actual Total Time": 119.628,
                    "Actual Rows": 4,
                    "Actual Loops": 1,
                    "Output": [
                        "(PARTIAL count(*))"
                    ],
                    "Workers Planned": 3,
                    "Workers Launched": 3,
                    "Single Copy": false,
                    "Plans": [
                        {
                            "Node Type": "Aggregate",
                            "Strategy": "Plain",
                            "Partial Mode": "Partial",
                            "Parent Relationship": "Outer",
                            "Parallel Aware": false,
                            "Startup Cost": 31860.05,
                            "Total Cost": 31860.06,
                            "Plan Rows": 1,
                            "Plan Width": 8,
                            "Actual Startup Time": 103.791,
                            "Actual Total Time": 103.792,
                            "Actual Rows": 1,
                            "Actual Loops": 4,
                            "Output": [
                                "PARTIAL count(*)"
                            ],
                            "Workers": [
                                {
                                    "Worker Number": 0,
                                    "Actual Startup Time": 101.267,
                                    "Actual Total Time": 101.268,
                                    "Actual Rows": 1,
                                    "Actual Loops": 1
                                },
                                {
                                    "Worker Number": 1,
                                    "Actual Startup Time": 101.438,
                                    "Actual Total Time": 101.439,
                                    "Actual Rows": 1,
                                    "Actual Loops": 1
                                },
                                {
                                    "Worker Number": 2,
                                    "Actual Startup Time": 101.471,
                                    "Actual Total Time": 101.472,
                                    "Actual Rows": 1,
                                    "Actual Loops": 1
                                }
                            ],
                            "Plans": [
                                {
                                    "Node Type": "Seq Scan",
                                    "Parent Relationship": "Outer",
                                    "Parallel Aware": true,
                                    "Relation Name": "movie_companies",
                                    "Schema": "public",
                                    "Alias": "mc",
                                    "Startup Cost": 0.0,
                                    "Total Cost": 31414.82,
                                    "Plan Rows": 178091,
                                    "Plan Width": 0,
                                    "Actual Startup Time": 49.492,
                                    "Actual Total Time": 92.136,
                                    "Actual Rows": 211779,
                                    "Actual Loops": 4,
                                    "Output": [
                                        "id",
                                        "movie_id",
                                        "company_id",
                                        "company_type_id",
                                        "note"
                                    ],
                                    "Filter": "((mc.company_id > 14282) AND (mc.company_type_id > 1))",
                                    "Rows Removed by Filter": 440504,
                                    "Workers": [
                                        {
                                            "Worker Number": 0,
                                            "Actual Startup Time": 46.962,
                                            "Actual Total Time": 89.874,
                                            "Actual Rows": 172853,
                                            "Actual Loops": 1
                                        },
                                        {
                                            "Worker Number": 1,
                                            "Actual Startup Time": 47.133,
                                            "Actual Total Time": 89.805,
                                            "Actual Rows": 176678,
                                            "Actual Loops": 1
                                        },
                                        {
                                            "Worker Number": 2,
                                            "Actual Startup Time": 47.184,
                                            "Actual Total Time": 89.936,
                                            "Actual Rows": 175170,
                                            "Actual Loops": 1
                                        }
                                    ]
                                }
                            ]
                        }
                    ]
                }
            ]
        },
        "Planning Time": 1267.3,
        "Triggers": [],
        "Execution Time": 119.729
    }
]