[
  {
    "Plan": {
      "Node Type": "Aggregate",
      "Strategy": "Plain",
      "Partial Mode": "Finalize",
      "Parallel Aware": false,
      "Startup Cost": 99914.92,
      "Total Cost": 99914.93,
      "Plan Rows": 1,
      "Plan Width": 8,
      "Actual Startup Time": 507.785,
      "Actual Total Time": 525.194,
      "Actual Rows": 1,
      "Actual Loops": 1,
      "Plans": [
        {
          "Node Type": "Gather",
          "Parent Relationship": "Outer",
          "Parallel Aware": false,
          "Startup Cost": 99914.7,
          "Total Cost": 99914.91,
          "Plan Rows": 2,
          "Plan Width": 8,
          "Actual Startup Time": 501.753,
          "Actual Total Time": 525.187,
          "Actual Rows": 3,
          "Actual Loops": 1,
          "Workers Planned": 2,
          "Workers Launched": 2,
          "Single Copy": false,
          "Plans": [
            {
              "Node Type": "Aggregate",
              "Strategy": "Plain",
              "Partial Mode": "Partial",
              "Parent Relationship": "Outer",
              "Parallel Aware": false,
              "Startup Cost": 98914.7,
              "Total Cost": 98914.71,
              "Plan Rows": 1,
              "Plan Width": 8,
              "Actual Startup Time": 487.915,
              "Actual Total Time": 487.923,
              "Actual Rows": 1,
              "Actual Loops": 3,
              "Plans": [
                {
                  "Node Type": "Hash Join",
                  "Parent Relationship": "Outer",
                  "Parallel Aware": true,
                  "Join Type": "Inner",
                  "Startup Cost": 82805.67,
                  "Total Cost": 98797.87,
                  "Plan Rows": 46733,
                  "Plan Width": 0,
                  "Actual Startup Time": 414.322,
                  "Actual Total Time": 486.966,
                  "Actual Rows": 23845,
                  "Actual Loops": 3,
                  "Inner Unique": false,
                  "Hash Cond": "(mi_idx.movie_id = t.id)",
                  "Plans": [
                    {
                      "Node Type": "Seq Scan",
                      "Parent Relationship": "Outer",
                      "Parallel Aware": true,
                      "Relation Name": "movie_info_idx",
                      "Alias": "mi_idx",
                      "Startup Cost": 0.0,
                      "Total Cost": 13685.15,
                      "Plan Rows": 575015,
                      "Plan Width": 4,
                      "Actual Startup Time": 0.027,
                      "Actual Total Time": 34.433,
                      "Actual Rows": 460012,
                      "Actual Loops": 3
                    },
                    {
                      "Node Type": "Hash",
                      "Parent Relationship": "Inner",
                      "Parallel Aware": true,
                      "Startup Cost": 81977.12,
                      "Total Cost": 81977.12,
                      "Plan Rows": 66284,
                      "Plan Width": 8,
                      "Actual Startup Time": 411.665,
                      "Actual Total Time": 411.669,
                      "Actual Rows": 17058,
                      "Actual Loops": 3,
                      "Hash Buckets": 262144,
                      "Original Hash Buckets": 262144,
                      "Hash Batches": 1,
                      "Original Hash Batches": 1,
                      "Peak Memory Usage": 4096,
                      "Plans": [
                        {
                          "Node Type": "Hash Join",
                          "Parent Relationship": "Outer",
                          "Parallel Aware": true,
                          "Join Type": "Inner",
                          "Startup Cost": 55873.83,
                          "Total Cost": 81977.12,
                          "Plan Rows": 66284,
                          "Plan Width": 8,
                          "Actual Startup Time": 314.355,
                          "Actual Total Time": 405.624,
                          "Actual Rows": 17058,
                          "Actual Loops": 3,
                          "Inner Unique": true,
                          "Hash Cond": "(mk.movie_id = t.id)",
                          "Plans": [
                            {
                              "Node Type": "Bitmap Heap Scan",
                              "Parent Relationship": "Outer",
                              "Parallel Aware": true,
                              "Relation Name": "movie_keyword",
                              "Alias": "mk",
                              "Startup Cost": 7172.21,
                              "Total Cost": 32989.26,
                              "Plan Rows": 109044,
                              "Plan Width": 4,
                              "Actual Startup Time": 22.983,
                              "Actual Total Time": 77.583,
                              "Actual Rows": 118275,
                              "Actual Loops": 3,
                              "Recheck Cond": "(keyword_id < 317)",
                              "Rows Removed by Index Recheck": 0,
                              "Exact Heap Blocks": 9890,
                              "Lossy Heap Blocks": 0,
                              "Plans": [
                                {
                                  "Node Type": "Bitmap Index Scan",
                                  "Parent Relationship": "Outer",
                                  "Parallel Aware": false,
                                  "Index Name": "keyword_id_movie_keyword",
                                  "Startup Cost": 0.0,
                                  "Total Cost": 7087.7,
                                  "Plan Rows": 338036,
                                  "Plan Width": 0,
                                  "Actual Startup Time": 19.404,
                                  "Actual Total Time": 19.405,
                                  "Actual Rows": 354824,
                                  "Actual Loops": 1,
                                  "Index Cond": "(keyword_id < 317)"
                                }
                              ]
                            },
                            {
                              "Node Type": "Hash",
                              "Parent Relationship": "Inner",
                              "Parallel Aware": true,
                              "Startup Cost": 43898.92,
                              "Total Cost": 43898.92,
                              "Plan Rows": 384216,
                              "Plan Width": 4,
                              "Actual Startup Time": 283.14,
                              "Actual Total Time": 283.141,
                              "Actual Rows": 514421,
                              "Actual Loops": 3,
                              "Hash Buckets": 2097152,
                              "Original Hash Buckets": 2097152,
                              "Hash Batches": 1,
                              "Original Hash Batches": 1,
                              "Peak Memory Usage": 76800,
                              "Plans": [
                                {
                                  "Node Type": "Seq Scan",
                                  "Parent Relationship": "Outer",
                                  "Parallel Aware": true,
                                  "Relation Name": "title",
                                  "Alias": "t",
                                  "Startup Cost": 0.0,
                                  "Total Cost": 43898.92,
                                  "Plan Rows": 384216,
                                  "Plan Width": 4,
                                  "Actual Startup Time": 0.04,
                                  "Actual Total Time": 120.035,
                                  "Actual Rows": 514421,
                                  "Actual Loops": 3,
                                  "Filter": "(kind_id = 7)",
                                  "Rows Removed by Filter": 328349
                                }
                              ]
                            }
                          ]
                        }
                      ]
                    }
                  ]
                }
              ]
            }
          ]
        }
      ]
    },
    "Planning Time": 1.342,
    "Triggers": [],
    "Execution Time": 525.297
  }
]