[
  {
    "Plan": {
      "Node Type": "Aggregate",
      "Strategy": "Plain",
      "Partial Mode": "Finalize",
      "Parallel Aware": false,
      "Startup Cost": 82116.74,
      "Total Cost": 82116.75,
      "Plan Rows": 1,
      "Plan Width": 8,
      "Actual Startup Time": 573.833,
      "Actual Total Time": 588.543,
      "Actual Rows": 1,
      "Actual Loops": 1,
      "Plans": [
        {
          "Node Type": "Gather",
          "Parent Relationship": "Outer",
          "Parallel Aware": false,
          "Startup Cost": 82116.42,
          "Total Cost": 82116.73,
          "Plan Rows": 3,
          "Plan Width": 8,
          "Actual Startup Time": 567.656,
          "Actual Total Time": 588.533,
          "Actual Rows": 4,
          "Actual Loops": 1,
          "Workers Planned": 3,
          "Workers Launched": 3,
          "Single Copy": false,
          "Plans": [
            {
              "Node Type": "Aggregate",
              "Strategy": "Plain",
              "Partial Mode": "Partial",
              "Parent Relationship": "Outer",
              "Parallel Aware": false,
              "Startup Cost": 81116.42,
              "Total Cost": 81116.43,
              "Plan Rows": 1,
              "Plan Width": 8,
              "Actual Startup Time": 555.8,
              "Actual Total Time": 555.803,
              "Actual Rows": 1,
              "Actual Loops": 4,
              "Plans": [
                {
                  "Node Type": "Hash Join",
                  "Parent Relationship": "Outer",
                  "Parallel Aware": true,
                  "Join Type": "Inner",
                  "Startup Cost": 50059.79,
                  "Total Cost": 79475.68,
                  "Plan Rows": 656295,
                  "Plan Width": 0,
                  "Actual Startup Time": 283.206,
                  "Actual Total Time": 537.256,
                  "Actual Rows": 440974,
                  "Actual Loops": 4,
                  "Inner Unique": true,
                  "Hash Cond": "(mc.movie_id = t.id)",
                  "Plans": [
                    {
                      "Node Type": "Seq Scan",
                      "Parent Relationship": "Outer",
                      "Parallel Aware": true,
                      "Relation Name": "movie_companies",
                      "Alias": "mc",
                      "Startup Cost": 0.0,
                      "Total Cost": 27206.55,
                      "Plan Rows": 841655,
                      "Plan Width": 4,
                      "Actual Startup Time": 0.018,
                      "Actual Total Time": 56.806,
                      "Actual Rows": 652282,
                      "Actual Loops": 4
                    },
                    {
                      "Node Type": "Hash",
                      "Parent Relationship": "Inner",
                      "Parallel Aware": true,
                      "Startup Cost": 43898.92,
                      "Total Cost": 43898.92,
                      "Plan Rows": 492870,
                      "Plan Width": 4,
                      "Actual Startup Time": 275.37,
                      "Actual Total Time": 275.371,
                      "Actual Rows": 490547,
                      "Actual Loops": 4,
                      "Hash Buckets": 2097152,
                      "Original Hash Buckets": 2097152,
                      "Hash Batches": 1,
                      "Original Hash Batches": 1,
                      "Peak Memory Usage": 93216,
                      "Plans": [
                        {
                          "Node Type": "Seq Scan",
                          "Parent Relationship": "Outer",
                          "Parallel Aware": true,
                          "Relation Name": "title",
                          "Alias": "t",
                          "Startup Cost": 0.0,
                          "Total Cost": 43898.92,
                          "Plan Rows": 492870,
                          "Plan Width": 4,
                          "Actual Startup Time": 0.041,
                          "Actual Total Time": 109.118,
                          "Actual Rows": 490547,
                          "Actual Loops": 4,
                          "Filter": "(production_year > 1978)",
                          "Rows Removed by Filter": 141531
                        }
                      ]
                    }
                  ]
                }
              ]
            }
          ]
        }
      ]
    },
    "Planning Time": 1.495,
    "Triggers": [],
    "Execution Time": 588.613
  }
]