{
    "Plan": {
        "Node Type": "Aggregate",
        "Strategy": "Plain",
        "Partial Mode": "Finalize",
        "Parallel Aware": false,
        "Startup Cost": 341722.53,
        "Total Cost": 341722.54,
        "Plan Rows": 1,
        "Plan Width": 8,
        "Actual Startup Time": 1119.221,
        "Actual Total Time": 1183.543,
        "Actual Rows": 1,
        "Actual Loops": 1,
        "Output": [
            "count(*)"
        ],
        "Plans": [
            {
                "Node Type": "Gather",
                "Parent Relationship": "Outer",
                "Parallel Aware": false,
                "Startup Cost": 341721.9,
                "Total Cost": 341722.51,
                "Plan Rows": 6,
                "Plan Width": 8,
                "Actual Startup Time": 1119.083,
                "Actual Total Time": 1183.52,
                "Actual Rows": 7,
                "Actual Loops": 1,
                "Output": [
                    "(PARTIAL count(*))"
                ],
                "Workers Planned": 6,
                "Workers Launched": 6,
                "Single Copy": false,
                "Plans": [
                    {
                        "Node Type": "Aggregate",
                        "Strategy": "Plain",
                        "Partial Mode": "Partial",
                        "Parent Relationship": "Outer",
                        "Parallel Aware": false,
                        "Startup Cost": 340721.9,
                        "Total Cost": 340721.91,
                        "Plan Rows": 1,
                        "Plan Width": 8,
                        "Actual Startup Time": 1108.032,
                        "Actual Total Time": 1108.034,
                        "Actual Rows": 1,
                        "Actual Loops": 7,
                        "Output": [
                            "PARTIAL count(*)"
                        ],
                        "Workers": [
                            {
                                "Worker Number": 0,
                                "Actual Startup Time": 1105.1,
                                "Actual Total Time": 1105.101,
                                "Actual Rows": 1,
                                "Actual Loops": 1
                            },
                            {
                                "Worker Number": 1,
                                "Actual Startup Time": 1105.66,
                                "Actual Total Time": 1105.661,
                                "Actual Rows": 1,
                                "Actual Loops": 1
                            },
                            {
                                "Worker Number": 2,
                                "Actual Startup Time": 1106.581,
                                "Actual Total Time": 1106.583,
                                "Actual Rows": 1,
                                "Actual Loops": 1
                            },
                            {
                                "Worker Number": 3,
                                "Actual Startup Time": 1106.619,
                                "Actual Total Time": 1106.621,
                                "Actual Rows": 1,
                                "Actual Loops": 1
                            },
                            {
                                "Worker Number": 4,
                                "Actual Startup Time": 1106.793,
                                "Actual Total Time": 1106.794,
                                "Actual Rows": 1,
                                "Actual Loops": 1
                            },
                            {
                                "Worker Number": 5,
                                "Actual Startup Time": 1107.465,
                                "Actual Total Time": 1107.466,
                                "Actual Rows": 1,
                                "Actual Loops": 1
                            }
                        ],
                        "Plans": [
                            {
                                "Node Type": "Seq Scan",
                                "Parent Relationship": "Outer",
                                "Parallel Aware": true,
                                "Relation Name": "cast_info",
                                "Schema": "public",
                                "Alias": "ci",
                                "Startup Cost": 0.0,
                                "Total Cost": 328213.62,
                                "Plan Rows": 5003314,
                                "Plan Width": 0,
                                "Actual Startup Time": 0.073,
                                "Actual Total Time": 857.998,
                                "Actual Rows": 4291356,
                                "Actual Loops": 7,
                                "Output": [
                                    "id",
                                    "person_id",
                                    "movie_id",
                                    "person_role_id",
                                    "note",
                                    "nr_order",
                                    "role_id"
                                ],
                                "Filter": "(ci.person_id < 3030609)",
                                "Rows Removed by Filter": 886407,
                                "Workers": [
                                    {
                                        "Worker Number": 0,
                                        "Actual Startup Time": 0.07,
                                        "Actual Total Time": 851.321,
                                        "Actual Rows": 4076306,
                                        "Actual Loops": 1
                                    },
                                    {
                                        "Worker Number": 1,
                                        "Actual Startup Time": 0.091,
                                        "Actual Total Time": 860.534,
                                        "Actual Rows": 3940472,
                                        "Actual Loops": 1
                                    },
                                    {
                                        "Worker Number": 2,
                                        "Actual Startup Time": 0.065,
                                        "Actual Total Time": 852.643,
                                        "Actual Rows": 4068406,
                                        "Actual Loops": 1
                                    },
                                    {
                                        "Worker Number": 3,
                                        "Actual Startup Time": 0.084,
                                        "Actual Total Time": 859.061,
                                        "Actual Rows": 3873397,
                                        "Actual Loops": 1
                                    },
                                    {
                                        "Worker Number": 4,
                                        "Actual Startup Time": 0.076,
                                        "Actual Total Time": 877.178,
                                        "Actual Rows": 5896890,
                                        "Actual Loops": 1
                                    },
                                    {
                                        "Worker Number": 5,
                                        "Actual Startup Time": 0.09,
                                        "Actual Total Time": 853.375,
                                        "Actual Rows": 4072291,
                                        "Actual Loops": 1
                                    }
                                ]
                            }
                        ]
                    }
                ]
            }
        ]
    },
    "Planning Time": 1.972,
    "Triggers": [],
    "Execution Time": 1183.885
}