[
  {
    "Plan": {
      "Node Type": "Aggregate",
      "Strategy": "Plain",
      "Partial Mode": "Finalize",
      "Parallel Aware": false,
      "Startup Cost": 84166.11,
      "Total Cost": 84166.12,
      "Plan Rows": 1,
      "Plan Width": 8,
      "Actual Startup Time": 475.866,
      "Actual Total Time": 499.117,
      "Actual Rows": 1,
      "Actual Loops": 1,
      "Plans": [
        {
          "Node Type": "Gather",
          "Parent Relationship": "Outer",
          "Parallel Aware": false,
          "Startup Cost": 84165.79,
          "Total Cost": 84166.1,
          "Plan Rows": 3,
          "Plan Width": 8,
          "Actual Startup Time": 462.791,
          "Actual Total Time": 499.105,
          "Actual Rows": 4,
          "Actual Loops": 1,
          "Workers Planned": 3,
          "Workers Launched": 3,
          "Single Copy": false,
          "Plans": [
            {
              "Node Type": "Aggregate",
              "Strategy": "Plain",
              "Partial Mode": "Partial",
              "Parent Relationship": "Outer",
              "Parallel Aware": false,
              "Startup Cost": 83165.79,
              "Total Cost": 83165.8,
              "Plan Rows": 1,
              "Plan Width": 8,
              "Actual Startup Time": 451.268,
              "Actual Total Time": 451.272,
              "Actual Rows": 1,
              "Actual Loops": 4,
              "Plans": [
                {
                  "Node Type": "Hash Join",
                  "Parent Relationship": "Outer",
                  "Parallel Aware": true,
                  "Join Type": "Inner",
                  "Startup Cost": 50821.15,
                  "Total Cost": 82742.87,
                  "Plan Rows": 169168,
                  "Plan Width": 0,
                  "Actual Startup Time": 359.38,
                  "Actual Total Time": 448.382,
                  "Actual Rows": 61280,
                  "Actual Loops": 4,
                  "Inner Unique": true,
                  "Hash Cond": "(mc.movie_id = t.id)",
                  "Plans": [
                    {
                      "Node Type": "Seq Scan",
                      "Parent Relationship": "Outer",
                      "Parallel Aware": true,
                      "Relation Name": "movie_companies",
                      "Alias": "mc",
                      "Startup Cost": 0.0,
                      "Total Cost": 31414.82,
                      "Plan Rows": 193107,
                      "Plan Width": 4,
                      "Actual Startup Time": 9.999,
                      "Actual Total Time": 66.014,
                      "Actual Rows": 82329,
                      "Actual Loops": 4,
                      "Filter": "((company_id > 12117) AND (company_type_id = 1))",
                      "Rows Removed by Filter": 569953
                    },
                    {
                      "Node Type": "Hash",
                      "Parent Relationship": "Inner",
                      "Parallel Aware": true,
                      "Startup Cost": 43899.32,
                      "Total Cost": 43899.32,
                      "Plan Rows": 553746,
                      "Plan Width": 4,
                      "Actual Startup Time": 341.05,
                      "Actual Total Time": 341.052,
                      "Actual Rows": 550924,
                      "Actual Loops": 4,
                      "Hash Buckets": 4194304,
                      "Original Hash Buckets": 4194304,
                      "Hash Batches": 1,
                      "Original Hash Batches": 1,
                      "Peak Memory Usage": 119040,
                      "Plans": [
                        {
                          "Node Type": "Seq Scan",
                          "Parent Relationship": "Outer",
                          "Parallel Aware": true,
                          "Relation Name": "title",
                          "Alias": "t",
                          "Startup Cost": 0.0,
                          "Total Cost": 43899.32,
                          "Plan Rows": 553746,
                          "Plan Width": 4,
                          "Actual Startup Time": 0.032,
                          "Actual Total Time": 120.97,
                          "Actual Rows": 550924,
                          "Actual Loops": 4,
                          "Filter": "(production_year > 1960)",
                          "Rows Removed by Filter": 81154
                        }
                      ]
                    }
                  ]
                }
              ]
            }
          ]
        }
      ]
    },
    "Planning Time": 0.29,
    "Triggers": [],
    "Execution Time": 499.17
  }
]