[
    {
        "Bao": {
            "Bao prediction": "NaN",
            "Bao recommended hint": "(no hint)"
        }
    },
    {
        "Plan": {
            "Node Type": "Aggregate",
            "Strategy": "Plain",
            "Partial Mode": "Finalize",
            "Parallel Aware": false,
            "Startup Cost": 32844.08,
            "Total Cost": 32844.09,
            "Plan Rows": 1,
            "Plan Width": 8,
            "Actual Startup Time": 93.219,
            "Actual Total Time": 98.369,
            "Actual Rows": 1,
            "Actual Loops": 1,
            "Output": [
                "count(*)"
            ],
            "Plans": [
                {
                    "Node Type": "Gather",
                    "Parent Relationship": "Outer",
                    "Parallel Aware": false,
                    "Startup Cost": 32843.76,
                    "Total Cost": 32844.07,
                    "Plan Rows": 3,
                    "Plan Width": 8,
                    "Actual Startup Time": 93.138,
                    "Actual Total Time": 98.36,
                    "Actual Rows": 4,
                    "Actual Loops": 1,
                    "Output": [
                        "(PARTIAL count(*))"
                    ],
                    "Workers Planned": 3,
                    "Workers Launched": 3,
                    "Single Copy": false,
                    "Plans": [
                        {
                            "Node Type": "Aggregate",
                            "Strategy": "Plain",
                            "Partial Mode": "Partial",
                            "Parent Relationship": "Outer",
                            "Parallel Aware": false,
                            "Startup Cost": 31843.76,
                            "Total Cost": 31843.77,
                            "Plan Rows": 1,
                            "Plan Width": 8,
                            "Actual Startup Time": 85.181,
                            "Actual Total Time": 85.182,
                            "Actual Rows": 1,
                            "Actual Loops": 4,
                            "Output": [
                                "PARTIAL count(*)"
                            ],
                            "Workers": [
                                {
                                    "Worker Number": 0,
                                    "Actual Startup Time": 82.17,
                                    "Actual Total Time": 82.171,
                                    "Actual Rows": 1,
                                    "Actual Loops": 1
                                },
                                {
                                    "Worker Number": 1,
                                    "Actual Startup Time": 82.704,
                                    "Actual Total Time": 82.705,
                                    "Actual Rows": 1,
                                    "Actual Loops": 1
                                },
                                {
                                    "Worker Number": 2,
                                    "Actual Startup Time": 83.039,
                                    "Actual Total Time": 83.041,
                                    "Actual Rows": 1,
                                    "Actual Loops": 1
                                }
                            ],
                            "Plans": [
                                {
                                    "Node Type": "Seq Scan",
                                    "Parent Relationship": "Outer",
                                    "Parallel Aware": true,
                                    "Relation Name": "movie_companies",
                                    "Schema": "public",
                                    "Alias": "mc",
                                    "Startup Cost": 0.0,
                                    "Total Cost": 31414.82,
                                    "Plan Rows": 171578,
                                    "Plan Width": 0,
                                    "Actual Startup Time": 47.06,
                                    "Actual Total Time": 80.982,
                                    "Actual Rows": 79808,
                                    "Actual Loops": 4,
                                    "Output": [
                                        "id",
                                        "movie_id",
                                        "company_id",
                                        "company_type_id",
                                        "note"
                                    ],
                                    "Filter": "((mc.company_id < 6012) AND (mc.company_type_id = 2))",
                                    "Rows Removed by Filter": 572474,
                                    "Workers": [
                                        {
                                            "Worker Number": 0,
                                            "Actual Startup Time": 44.051,
                                            "Actual Total Time": 78.195,
                                            "Actual Rows": 93068,
                                            "Actual Loops": 1
                                        },
                                        {
                                            "Worker Number": 1,
                                            "Actual Startup Time": 44.585,
                                            "Actual Total Time": 78.723,
                                            "Actual Rows": 94493,
                                            "Actual Loops": 1
                                        },
                                        {
                                            "Worker Number": 2,
                                            "Actual Startup Time": 44.916,
                                            "Actual Total Time": 79.047,
                                            "Actual Rows": 57837,
                                            "Actual Loops": 1
                                        }
                                    ]
                                }
                            ]
                        }
                    ]
                }
            ]
        },
        "Planning Time": 300.629,
        "Triggers": [],
        "Execution Time": 98.433
    }
]