[
  {
    "Plan": {
      "Node Type": "Aggregate",
      "Strategy": "Plain",
      "Partial Mode": "Finalize",
      "Parallel Aware": false,
      "Startup Cost": 276124.08,
      "Total Cost": 276124.09,
      "Plan Rows": 1,
      "Plan Width": 8,
      "Actual Startup Time": 1848.292,
      "Actual Total Time": 1897.868,
      "Actual Rows": 1,
      "Actual Loops": 1,
      "Plans": [
        {
          "Node Type": "Gather",
          "Parent Relationship": "Outer",
          "Parallel Aware": false,
          "Startup Cost": 276123.76,
          "Total Cost": 276124.07,
          "Plan Rows": 3,
          "Plan Width": 8,
          "Actual Startup Time": 1839.824,
          "Actual Total Time": 1897.858,
          "Actual Rows": 4,
          "Actual Loops": 1,
          "Workers Planned": 3,
          "Workers Launched": 3,
          "Single Copy": false,
          "Plans": [
            {
              "Node Type": "Aggregate",
              "Strategy": "Plain",
              "Partial Mode": "Partial",
              "Parent Relationship": "Outer",
              "Parallel Aware": false,
              "Startup Cost": 275123.76,
              "Total Cost": 275123.77,
              "Plan Rows": 1,
              "Plan Width": 8,
              "Actual Startup Time": 1826.515,
              "Actual Total Time": 1826.519,
              "Actual Rows": 1,
              "Actual Loops": 4,
              "Plans": [
                {
                  "Node Type": "Nested Loop",
                  "Parent Relationship": "Outer",
                  "Parallel Aware": false,
                  "Join Type": "Inner",
                  "Startup Cost": 58463.04,
                  "Total Cost": 273842.9,
                  "Plan Rows": 512345,
                  "Plan Width": 0,
                  "Actual Startup Time": 280.984,
                  "Actual Total Time": 1685.379,
                  "Actual Rows": 3423152,
                  "Actual Loops": 4,
                  "Inner Unique": false,
                  "Plans": [
                    {
                      "Node Type": "Hash Join",
                      "Parent Relationship": "Outer",
                      "Parallel Aware": true,
                      "Join Type": "Inner",
                      "Startup Cost": 58462.61,
                      "Total Cost": 85228.39,
                      "Plan Rows": 87257,
                      "Plan Width": 8,
                      "Actual Startup Time": 280.838,
                      "Actual Total Time": 374.782,
                      "Actual Rows": 86509,
                      "Actual Loops": 4,
                      "Inner Unique": true,
                      "Hash Cond": "(mk.movie_id = t.id)",
                      "Plans": [
                        {
                          "Node Type": "Bitmap Heap Scan",
                          "Parent Relationship": "Outer",
                          "Parallel Aware": true,
                          "Relation Name": "movie_keyword",
                          "Alias": "mk",
                          "Startup Cost": 10052.54,
                          "Total Cost": 36417.1,
                          "Plan Rows": 152845,
                          "Plan Width": 4,
                          "Actual Startup Time": 34.748,
                          "Actual Total Time": 77.162,
                          "Actual Rows": 118012,
                          "Actual Loops": 4,
                          "Recheck Cond": "(keyword_id < 358)",
                          "Rows Removed by Index Recheck": 0,
                          "Exact Heap Blocks": 6884,
                          "Lossy Heap Blocks": 0,
                          "Plans": [
                            {
                              "Node Type": "Bitmap Index Scan",
                              "Parent Relationship": "Outer",
                              "Parallel Aware": false,
                              "Index Name": "keyword_id_movie_keyword",
                              "Startup Cost": 0.0,
                              "Total Cost": 9934.08,
                              "Plan Rows": 473820,
                              "Plan Width": 0,
                              "Actual Startup Time": 31.062,
                              "Actual Total Time": 31.063,
                              "Actual Rows": 472050,
                              "Actual Loops": 1,
                              "Index Cond": "(keyword_id < 358)"
                            }
                          ]
                        },
                        {
                          "Node Type": "Hash",
                          "Parent Relationship": "Inner",
                          "Parallel Aware": true,
                          "Startup Cost": 43899.32,
                          "Total Cost": 43899.32,
                          "Plan Rows": 360860,
                          "Plan Width": 4,
                          "Actual Startup Time": 238.029,
                          "Actual Total Time": 238.03,
                          "Actual Rows": 360824,
                          "Actual Loops": 4,
                          "Hash Buckets": 2097152,
                          "Original Hash Buckets": 2097152,
                          "Hash Batches": 1,
                          "Original Hash Batches": 1,
                          "Peak Memory Usage": 72896,
                          "Plans": [
                            {
                              "Node Type": "Seq Scan",
                              "Parent Relationship": "Outer",
                              "Parallel Aware": true,
                              "Relation Name": "title",
                              "Alias": "t",
                              "Startup Cost": 0.0,
                              "Total Cost": 43899.32,
                              "Plan Rows": 360860,
                              "Plan Width": 4,
                              "Actual Startup Time": 0.055,
                              "Actual Total Time": 106.274,
                              "Actual Rows": 360824,
                              "Actual Loops": 4,
                              "Filter": "(production_year < 2006)",
                              "Rows Removed by Filter": 271254
                            }
                          ]
                        }
                      ]
                    },
                    {
                      "Node Type": "Index Only Scan",
                      "Parent Relationship": "Inner",
                      "Parallel Aware": false,
                      "Scan Direction": "Forward",
                      "Index Name": "movie_id_movie_info",
                      "Relation Name": "movie_info",
                      "Alias": "mi",
                      "Startup Cost": 0.43,
                      "Total Cost": 1.75,
                      "Plan Rows": 41,
                      "Plan Width": 4,
                      "Actual Startup Time": 0.003,
                      "Actual Total Time": 0.012,
                      "Actual Rows": 40,
                      "Actual Loops": 346035,
                      "Index Cond": "(movie_id = t.id)",
                      "Rows Removed by Index Recheck": 0,
                      "Heap Fetches": 13692608
                    }
                  ]
                }
              ]
            }
          ]
        }
      ]
    },
    "Planning Time": 1.528,
    "Triggers": [],
    "Execution Time": 1897.99
  }
]