{
  "Plan": {
    "Node Type": "Aggregate",
    "Strategy": "Plain",
    "Partial Mode": "Finalize",
    "Parallel Aware": false,
    "Startup Cost": 1016351.09,
    "Total Cost": 1016351.1,
    "Plan Rows": 1,
    "Plan Width": 8,
    "Actual Startup Time": 22070.802,
    "Actual Total Time": 22329.605,
    "Actual Rows": 1,
    "Actual Loops": 1,
    "Plans": [
      {
        "Node Type": "Gather",
        "Parent Relationship": "Outer",
        "Parallel Aware": false,
        "Startup Cost": 1016350.98,
        "Total Cost": 1016351.09,
        "Plan Rows": 1,
        "Plan Width": 8,
        "Actual Startup Time": 22029.641,
        "Actual Total Time": 22329.594,
        "Actual Rows": 2,
        "Actual Loops": 1,
        "Workers Planned": 1,
        "Workers Launched": 1,
        "Single Copy": false,
        "Plans": [
          {
            "Node Type": "Aggregate",
            "Strategy": "Plain",
            "Partial Mode": "Partial",
            "Parent Relationship": "Outer",
            "Parallel Aware": false,
            "Startup Cost": 1015350.98,
            "Total Cost": 1015350.99,
            "Plan Rows": 1,
            "Plan Width": 8,
            "Actual Startup Time": 21948.406,
            "Actual Total Time": 21948.414,
            "Actual Rows": 1,
            "Actual Loops": 2,
            "Plans": [
              {
                "Node Type": "Hash Join",
                "Parent Relationship": "Outer",
                "Parallel Aware": true,
                "Join Type": "Inner",
                "Startup Cost": 881929.99,
                "Total Cost": 991160.0,
                "Plan Rows": 9676392,
                "Plan Width": 0,
                "Actual Startup Time": 18136.928,
                "Actual Total Time": 20833.421,
                "Actual Rows": 26660346,
                "Actual Loops": 2,
                "Inner Unique": false,
                "Hash Cond": "(mk.movie_id = t.id)",
                "Plans": [
                  {
                    "Node Type": "Bitmap Heap Scan",
                    "Parent Relationship": "Outer",
                    "Parallel Aware": true,
                    "Relation Name": "movie_keyword",
                    "Alias": "mk",
                    "Startup Cost": 24353.5,
                    "Total Cost": 57248.74,
                    "Plan Rows": 675299,
                    "Plan Width": 4,
                    "Actual Startup Time": 88.319,
                    "Actual Total Time": 202.715,
                    "Actual Rows": 574432,
                    "Actual Loops": 2,
                    "Recheck Cond": "(keyword_id > 16203)",
                    "Rows Removed by Index Recheck": 0,
                    "Exact Heap Blocks": 11747,
                    "Lossy Heap Blocks": 0,
                    "Plans": [
                      {
                        "Node Type": "Bitmap Index Scan",
                        "Parent Relationship": "Outer",
                        "Parallel Aware": false,
                        "Index Name": "keyword_id_movie_keyword",
                        "Startup Cost": 0.0,
                        "Total Cost": 24066.5,
                        "Plan Rows": 1148009,
                        "Plan Width": 0,
                        "Actual Startup Time": 84.763,
                        "Actual Total Time": 84.763,
                        "Actual Rows": 1148865,
                        "Actual Loops": 1,
                        "Index Cond": "(keyword_id > 16203)"
                      }
                    ]
                  },
                  {
                    "Node Type": "Hash",
                    "Parent Relationship": "Inner",
                    "Parallel Aware": true,
                    "Startup Cost": 591194.05,
                    "Total Cost": 591194.05,
                    "Plan Rows": 21310595,
                    "Plan Width": 8,
                    "Actual Startup Time": 17862.212,
                    "Actual Total Time": 17862.217,
                    "Actual Rows": 18122172,
                    "Actual Loops": 2,
                    "Hash Buckets": 67108864,
                    "Original Hash Buckets": 67108864,
                    "Hash Batches": 1,
                    "Original Hash Batches": 1,
                    "Peak Memory Usage": 1942176,
                    "Plans": [
                      {
                        "Node Type": "Hash Join",
                        "Parent Relationship": "Outer",
                        "Parallel Aware": true,
                        "Join Type": "Inner",
                        "Startup Cost": 69460.7,
                        "Total Cost": 591194.05,
                        "Plan Rows": 21310595,
                        "Plan Width": 8,
                        "Actual Startup Time": 579.641,
                        "Actual Total Time": 11162.65,
                        "Actual Rows": 18122172,
                        "Actual Loops": 2,
                        "Inner Unique": true,
                        "Hash Cond": "(ci.movie_id = t.id)",
                        "Plans": [
                          {
                            "Node Type": "Seq Scan",
                            "Parent Relationship": "Outer",
                            "Parallel Aware": true,
                            "Relation Name": "cast_info",
                            "Alias": "ci",
                            "Startup Cost": 0.0,
                            "Total Cost": 465792.95,
                            "Plan Rows": 21310595,
                            "Plan Width": 4,
                            "Actual Startup Time": 0.014,
                            "Actual Total Time": 1456.11,
                            "Actual Rows": 18122172,
                            "Actual Loops": 2
                          },
                          {
                            "Node Type": "Hash",
                            "Parent Relationship": "Inner",
                            "Parallel Aware": true,
                            "Startup Cost": 50870.31,
                            "Total Cost": 50870.31,
                            "Plan Rows": 1487231,
                            "Plan Width": 4,
                            "Actual Startup Time": 568.247,
                            "Actual Total Time": 568.249,
                            "Actual Rows": 1264156,
                            "Actual Loops": 2,
                            "Hash Buckets": 4194304,
                            "Original Hash Buckets": 4194304,
                            "Hash Batches": 1,
                            "Original Hash Batches": 1,
                            "Peak Memory Usage": 131712,
                            "Plans": [
                              {
                                "Node Type": "Seq Scan",
                                "Parent Relationship": "Outer",
                                "Parallel Aware": true,
                                "Relation Name": "title",
                                "Alias": "t",
                                "Startup Cost": 0.0,
                                "Total Cost": 50870.31,
                                "Plan Rows": 1487231,
                                "Plan Width": 4,
                                "Actual Startup Time": 0.039,
                                "Actual Total Time": 174.91,
                                "Actual Rows": 1264156,
                                "Actual Loops": 2
                              }
                            ]
                          }
                        ]
                      }
                    ]
                  }
                ]
              }
            ]
          }
        ]
      }
    ]
  },
  "Planning Time": 1.0,
  "Triggers": [],
  "Execution Time": 22329.714
}