[
  {
    "Plan": {
      "Node Type": "Aggregate",
      "Strategy": "Plain",
      "Partial Mode": "Finalize",
      "Parallel Aware": false,
      "Startup Cost": 34851.67,
      "Total Cost": 34851.68,
      "Plan Rows": 1,
      "Plan Width": 8,
      "Actual Startup Time": 125.805,
      "Actual Total Time": 133.862,
      "Actual Rows": 1,
      "Actual Loops": 1,
      "Plans": [
        {
          "Node Type": "Gather",
          "Parent Relationship": "Outer",
          "Parallel Aware": false,
          "Startup Cost": 34851.36,
          "Total Cost": 34851.67,
          "Plan Rows": 3,
          "Plan Width": 8,
          "Actual Startup Time": 125.108,
          "Actual Total Time": 133.846,
          "Actual Rows": 4,
          "Actual Loops": 1,
          "Workers Planned": 3,
          "Workers Launched": 3,
          "Single Copy": false,
          "Plans": [
            {
              "Node Type": "Aggregate",
              "Strategy": "Plain",
              "Partial Mode": "Partial",
              "Parent Relationship": "Outer",
              "Parallel Aware": false,
              "Startup Cost": 33851.36,
              "Total Cost": 33851.37,
              "Plan Rows": 1,
              "Plan Width": 8,
              "Actual Startup Time": 117.656,
              "Actual Total Time": 117.66,
              "Actual Rows": 1,
              "Actual Loops": 4,
              "Plans": [
                {
                  "Node Type": "Bitmap Heap Scan",
                  "Parent Relationship": "Outer",
                  "Parallel Aware": true,
                  "Relation Name": "movie_keyword",
                  "Alias": "mk",
                  "Startup Cost": 7651.97,
                  "Total Cost": 33560.46,
                  "Plan Rows": 116359,
                  "Plan Width": 0,
                  "Actual Startup Time": 40.998,
                  "Actual Total Time": 111.219,
                  "Actual Rows": 89710,
                  "Actual Loops": 4,
                  "Recheck Cond": "(keyword_id > 46548)",
                  "Rows Removed by Index Recheck": 0,
                  "Exact Heap Blocks": 8521,
                  "Lossy Heap Blocks": 0,
                  "Plans": [
                    {
                      "Node Type": "Bitmap Index Scan",
                      "Parent Relationship": "Outer",
                      "Parallel Aware": false,
                      "Index Name": "keyword_id_movie_keyword",
                      "Startup Cost": 0.0,
                      "Total Cost": 7561.79,
                      "Plan Rows": 360714,
                      "Plan Width": 0,
                      "Actual Startup Time": 42.45,
                      "Actual Total Time": 42.451,
                      "Actual Rows": 358840,
                      "Actual Loops": 1,
                      "Index Cond": "(keyword_id > 46548)"
                    }
                  ]
                }
              ]
            }
          ]
        }
      ]
    },
    "Planning Time": 0.196,
    "Triggers": [],
    "Execution Time": 133.944
  }
]