{
  "Plan": {
    "Node Type": "Aggregate",
    "Strategy": "Plain",
    "Partial Mode": "Finalize",
    "Parallel Aware": false,
    "Startup Cost": 113447.36,
    "Total Cost": 113447.37,
    "Plan Rows": 1,
    "Plan Width": 8,
    "Actual Startup Time": 705.987,
    "Actual Total Time": 724.322,
    "Actual Rows": 1,
    "Actual Loops": 1,
    "Plans": [
      {
        "Node Type": "Gather",
        "Parent Relationship": "Outer",
        "Parallel Aware": false,
        "Startup Cost": 113447.25,
        "Total Cost": 113447.36,
        "Plan Rows": 1,
        "Plan Width": 8,
        "Actual Startup Time": 704.281,
        "Actual Total Time": 724.314,
        "Actual Rows": 2,
        "Actual Loops": 1,
        "Workers Planned": 1,
        "Workers Launched": 1,
        "Single Copy": false,
        "Plans": [
          {
            "Node Type": "Aggregate",
            "Strategy": "Plain",
            "Partial Mode": "Partial",
            "Parent Relationship": "Outer",
            "Parallel Aware": false,
            "Startup Cost": 112447.25,
            "Total Cost": 112447.26,
            "Plan Rows": 1,
            "Plan Width": 8,
            "Actual Startup Time": 697.965,
            "Actual Total Time": 697.971,
            "Actual Rows": 1,
            "Actual Loops": 2,
            "Plans": [
              {
                "Node Type": "Hash Join",
                "Parent Relationship": "Outer",
                "Parallel Aware": true,
                "Join Type": "Inner",
                "Startup Cost": 48078.99,
                "Total Cost": 111193.79,
                "Plan Rows": 501381,
                "Plan Width": 0,
                "Actual Startup Time": 234.823,
                "Actual Total Time": 684.102,
                "Actual Rows": 269112,
                "Actual Loops": 2,
                "Inner Unique": false,
                "Hash Cond": "(t.id = mc.movie_id)",
                "Plans": [
                  {
                    "Node Type": "Seq Scan",
                    "Parent Relationship": "Outer",
                    "Parallel Aware": true,
                    "Relation Name": "title",
                    "Alias": "t",
                    "Startup Cost": 0.0,
                    "Total Cost": 50870.31,
                    "Plan Rows": 1487231,
                    "Plan Width": 4,
                    "Actual Startup Time": 0.01,
                    "Actual Total Time": 139.47,
                    "Actual Rows": 1264156,
                    "Actual Loops": 2
                  },
                  {
                    "Node Type": "Hash",
                    "Parent Relationship": "Inner",
                    "Parallel Aware": true,
                    "Startup Cost": 41811.73,
                    "Total Cost": 41811.73,
                    "Plan Rows": 501381,
                    "Plan Width": 4,
                    "Actual Startup Time": 225.016,
                    "Actual Total Time": 225.017,
                    "Actual Rows": 269112,
                    "Actual Loops": 2,
                    "Hash Buckets": 1048576,
                    "Original Hash Buckets": 1048576,
                    "Hash Batches": 1,
                    "Original Hash Batches": 1,
                    "Peak Memory Usage": 29280,
                    "Plans": [
                      {
                        "Node Type": "Seq Scan",
                        "Parent Relationship": "Outer",
                        "Parallel Aware": true,
                        "Relation Name": "movie_companies",
                        "Alias": "mc",
                        "Startup Cost": 0.0,
                        "Total Cost": 41811.73,
                        "Plan Rows": 501381,
                        "Plan Width": 4,
                        "Actual Startup Time": 77.978,
                        "Actual Total Time": 154.543,
                        "Actual Rows": 269112,
                        "Actual Loops": 2,
                        "Filter": "((company_id < 18933) AND (company_type_id > 1))",
                        "Rows Removed by Filter": 1035452
                      }
                    ]
                  }
                ]
              }
            ]
          }
        ]
      }
    ]
  },
  "Planning Time": 0.707,
  "Triggers": [],
  "Execution Time": 724.391
}