[
  {
    "Plan": {
      "Node Type": "Aggregate",
      "Strategy": "Plain",
      "Partial Mode": "Finalize",
      "Parallel Aware": false,
      "Startup Cost": 144546.76,
      "Total Cost": 144546.77,
      "Plan Rows": 1,
      "Plan Width": 8,
      "Actual Startup Time": 713.832,
      "Actual Total Time": 751.184,
      "Actual Rows": 1,
      "Actual Loops": 1,
      "Plans": [
        {
          "Node Type": "Gather",
          "Parent Relationship": "Outer",
          "Parallel Aware": false,
          "Startup Cost": 144546.45,
          "Total Cost": 144546.76,
          "Plan Rows": 3,
          "Plan Width": 8,
          "Actual Startup Time": 712.112,
          "Actual Total Time": 751.176,
          "Actual Rows": 4,
          "Actual Loops": 1,
          "Workers Planned": 3,
          "Workers Launched": 3,
          "Single Copy": false,
          "Plans": [
            {
              "Node Type": "Aggregate",
              "Strategy": "Plain",
              "Partial Mode": "Partial",
              "Parent Relationship": "Outer",
              "Parallel Aware": false,
              "Startup Cost": 143546.45,
              "Total Cost": 143546.46,
              "Plan Rows": 1,
              "Plan Width": 8,
              "Actual Startup Time": 706.554,
              "Actual Total Time": 706.557,
              "Actual Rows": 1,
              "Actual Loops": 4,
              "Plans": [
                {
                  "Node Type": "Nested Loop",
                  "Parent Relationship": "Outer",
                  "Parallel Aware": false,
                  "Join Type": "Inner",
                  "Startup Cost": 46935.91,
                  "Total Cost": 143529.52,
                  "Plan Rows": 6769,
                  "Plan Width": 0,
                  "Actual Startup Time": 172.899,
                  "Actual Total Time": 702.478,
                  "Actual Rows": 47185,
                  "Actual Loops": 4,
                  "Inner Unique": false,
                  "Plans": [
                    {
                      "Node Type": "Hash Join",
                      "Parent Relationship": "Outer",
                      "Parallel Aware": true,
                      "Join Type": "Inner",
                      "Startup Cost": 46935.47,
                      "Total Cost": 78645.5,
                      "Plan Rows": 20722,
                      "Plan Width": 8,
                      "Actual Startup Time": 172.713,
                      "Actual Total Time": 239.454,
                      "Actual Rows": 52238,
                      "Actual Loops": 4,
                      "Inner Unique": true,
                      "Hash Cond": "(mc.movie_id = t.id)",
                      "Plans": [
                        {
                          "Node Type": "Seq Scan",
                          "Parent Relationship": "Outer",
                          "Parallel Aware": true,
                          "Relation Name": "movie_companies",
                          "Alias": "mc",
                          "Startup Cost": 0.0,
                          "Total Cost": 31414.82,
                          "Plan Rows": 112459,
                          "Plan Width": 4,
                          "Actual Startup Time": 29.357,
                          "Actual Total Time": 67.261,
                          "Actual Rows": 162261,
                          "Actual Loops": 4,
                          "Filter": "((company_id > 49249) AND (company_type_id > 1))",
                          "Rows Removed by Filter": 490022
                        },
                        {
                          "Node Type": "Hash",
                          "Parent Relationship": "Inner",
                          "Parallel Aware": true,
                          "Startup Cost": 45479.59,
                          "Total Cost": 45479.59,
                          "Plan Rows": 116471,
                          "Plan Width": 4,
                          "Actual Startup Time": 117.835,
                          "Actual Total Time": 117.836,
                          "Actual Rows": 85186,
                          "Actual Loops": 4,
                          "Hash Buckets": 524288,
                          "Original Hash Buckets": 524288,
                          "Hash Batches": 1,
                          "Original Hash Batches": 1,
                          "Peak Memory Usage": 17504,
                          "Plans": [
                            {
                              "Node Type": "Seq Scan",
                              "Parent Relationship": "Outer",
                              "Parallel Aware": true,
                              "Relation Name": "title",
                              "Alias": "t",
                              "Startup Cost": 0.0,
                              "Total Cost": 45479.59,
                              "Plan Rows": 116471,
                              "Plan Width": 4,
                              "Actual Startup Time": 41.461,
                              "Actual Total Time": 94.495,
                              "Actual Rows": 85186,
                              "Actual Loops": 4,
                              "Filter": "((production_year > 1989) AND (kind_id = 1))",
                              "Rows Removed by Filter": 546892
                            }
                          ]
                        }
                      ]
                    },
                    {
                      "Node Type": "Index Scan",
                      "Parent Relationship": "Inner",
                      "Parallel Aware": false,
                      "Scan Direction": "Forward",
                      "Index Name": "movie_id_movie_info",
                      "Relation Name": "movie_info",
                      "Alias": "mi",
                      "Startup Cost": 0.43,
                      "Total Cost": 3.11,
                      "Plan Rows": 2,
                      "Plan Width": 4,
                      "Actual Startup Time": 0.004,
                      "Actual Total Time": 0.009,
                      "Actual Rows": 1,
                      "Actual Loops": 208954,
                      "Index Cond": "(movie_id = t.id)",
                      "Rows Removed by Index Recheck": 0,
                      "Filter": "(info_type_id < 2)",
                      "Rows Removed by Filter": 23
                    }
                  ]
                }
              ]
            }
          ]
        }
      ]
    },
    "Planning Time": 0.634,
    "Triggers": [],
    "Execution Time": 751.246
  }
]