[
  {
    "Plan": {
      "Node Type": "Aggregate",
      "Strategy": "Plain",
      "Partial Mode": "Finalize",
      "Parallel Aware": false,
      "Startup Cost": 142893.45,
      "Total Cost": 142893.46,
      "Plan Rows": 1,
      "Plan Width": 8,
      "Actual Startup Time": 740.817,
      "Actual Total Time": 786.656,
      "Actual Rows": 1,
      "Actual Loops": 1,
      "Plans": [
        {
          "Node Type": "Gather",
          "Parent Relationship": "Outer",
          "Parallel Aware": false,
          "Startup Cost": 142893.13,
          "Total Cost": 142893.44,
          "Plan Rows": 3,
          "Plan Width": 8,
          "Actual Startup Time": 739.616,
          "Actual Total Time": 786.645,
          "Actual Rows": 4,
          "Actual Loops": 1,
          "Workers Planned": 3,
          "Workers Launched": 3,
          "Single Copy": false,
          "Plans": [
            {
              "Node Type": "Aggregate",
              "Strategy": "Plain",
              "Partial Mode": "Partial",
              "Parent Relationship": "Outer",
              "Parallel Aware": false,
              "Startup Cost": 141893.13,
              "Total Cost": 141893.14,
              "Plan Rows": 1,
              "Plan Width": 8,
              "Actual Startup Time": 730.251,
              "Actual Total Time": 730.255,
              "Actual Rows": 1,
              "Actual Loops": 4,
              "Plans": [
                {
                  "Node Type": "Nested Loop",
                  "Parent Relationship": "Outer",
                  "Parallel Aware": false,
                  "Join Type": "Inner",
                  "Startup Cost": 46937.68,
                  "Total Cost": 141877.31,
                  "Plan Rows": 6327,
                  "Plan Width": 0,
                  "Actual Startup Time": 186.421,
                  "Actual Total Time": 726.786,
                  "Actual Rows": 47185,
                  "Actual Loops": 4,
                  "Inner Unique": false,
                  "Plans": [
                    {
                      "Node Type": "Hash Join",
                      "Parent Relationship": "Outer",
                      "Parallel Aware": true,
                      "Join Type": "Inner",
                      "Startup Cost": 46937.25,
                      "Total Cost": 78637.77,
                      "Plan Rows": 20087,
                      "Plan Width": 8,
                      "Actual Startup Time": 186.314,
                      "Actual Total Time": 250.15,
                      "Actual Rows": 52238,
                      "Actual Loops": 4,
                      "Inner Unique": true,
                      "Hash Cond": "(mc.movie_id = t.id)",
                      "Plans": [
                        {
                          "Node Type": "Seq Scan",
                          "Parent Relationship": "Outer",
                          "Parallel Aware": true,
                          "Relation Name": "movie_companies",
                          "Alias": "mc",
                          "Startup Cost": 0.0,
                          "Total Cost": 31414.82,
                          "Plan Rows": 108838,
                          "Plan Width": 4,
                          "Actual Startup Time": 29.224,
                          "Actual Total Time": 63.648,
                          "Actual Rows": 162261,
                          "Actual Loops": 4,
                          "Filter": "((company_id > 49249) AND (company_type_id > 1))",
                          "Rows Removed by Filter": 490022
                        },
                        {
                          "Node Type": "Hash",
                          "Parent Relationship": "Inner",
                          "Parallel Aware": true,
                          "Startup Cost": 45479.1,
                          "Total Cost": 45479.1,
                          "Plan Rows": 116652,
                          "Plan Width": 4,
                          "Actual Startup Time": 129.599,
                          "Actual Total Time": 129.6,
                          "Actual Rows": 85186,
                          "Actual Loops": 4,
                          "Hash Buckets": 524288,
                          "Original Hash Buckets": 524288,
                          "Hash Batches": 1,
                          "Original Hash Batches": 1,
                          "Peak Memory Usage": 17472,
                          "Plans": [
                            {
                              "Node Type": "Seq Scan",
                              "Parent Relationship": "Outer",
                              "Parallel Aware": true,
                              "Relation Name": "title",
                              "Alias": "t",
                              "Startup Cost": 0.0,
                              "Total Cost": 45479.1,
                              "Plan Rows": 116652,
                              "Plan Width": 4,
                              "Actual Startup Time": 49.39,
                              "Actual Total Time": 103.011,
                              "Actual Rows": 85186,
                              "Actual Loops": 4,
                              "Filter": "((production_year > 1989) AND (kind_id = 1))",
                              "Rows Removed by Filter": 546892
                            }
                          ]
                        }
                      ]
                    },
                    {
                      "Node Type": "Index Scan",
                      "Parent Relationship": "Inner",
                      "Parallel Aware": false,
                      "Scan Direction": "Forward",
                      "Index Name": "movie_id_movie_info",
                      "Relation Name": "movie_info",
                      "Alias": "mi",
                      "Startup Cost": 0.43,
                      "Total Cost": 3.13,
                      "Plan Rows": 2,
                      "Plan Width": 4,
                      "Actual Startup Time": 0.004,
                      "Actual Total Time": 0.009,
                      "Actual Rows": 1,
                      "Actual Loops": 208954,
                      "Index Cond": "(movie_id = t.id)",
                      "Rows Removed by Index Recheck": 0,
                      "Filter": "(info_type_id < 2)",
                      "Rows Removed by Filter": 23
                    }
                  ]
                }
              ]
            }
          ]
        }
      ]
    },
    "Planning Time": 1.52,
    "Triggers": [],
    "Execution Time": 786.755
  }
]