[
  {
    "Plan": {
      "Node Type": "Aggregate",
      "Strategy": "Plain",
      "Partial Mode": "Finalize",
      "Parallel Aware": false,
      "Startup Cost": 46488.24,
      "Total Cost": 46488.25,
      "Plan Rows": 1,
      "Plan Width": 8,
      "Actual Startup Time": 95.481,
      "Actual Total Time": 110.589,
      "Actual Rows": 1,
      "Actual Loops": 1,
      "Plans": [
        {
          "Node Type": "Gather",
          "Parent Relationship": "Outer",
          "Parallel Aware": false,
          "Startup Cost": 46487.82,
          "Total Cost": 46488.23,
          "Plan Rows": 4,
          "Plan Width": 8,
          "Actual Startup Time": 95.279,
          "Actual Total Time": 110.571,
          "Actual Rows": 5,
          "Actual Loops": 1,
          "Workers Planned": 4,
          "Workers Launched": 4,
          "Single Copy": false,
          "Plans": [
            {
              "Node Type": "Aggregate",
              "Strategy": "Plain",
              "Partial Mode": "Partial",
              "Parent Relationship": "Outer",
              "Parallel Aware": false,
              "Startup Cost": 45487.82,
              "Total Cost": 45487.83,
              "Plan Rows": 1,
              "Plan Width": 8,
              "Actual Startup Time": 91.218,
              "Actual Total Time": 91.219,
              "Actual Rows": 1,
              "Actual Loops": 5,
              "Plans": [
                {
                  "Node Type": "Seq Scan",
                  "Parent Relationship": "Outer",
                  "Parallel Aware": true,
                  "Relation Name": "title",
                  "Alias": "t",
                  "Startup Cost": 0.0,
                  "Total Cost": 45479.59,
                  "Plan Rows": 3292,
                  "Plan Width": 0,
                  "Actual Startup Time": 55.597,
                  "Actual Total Time": 90.72,
                  "Actual Rows": 7010,
                  "Actual Loops": 5,
                  "Filter": "((kind_id < 7) AND (production_year < 1912))",
                  "Rows Removed by Filter": 498653
                }
              ]
            }
          ]
        }
      ]
    },
    "Planning Time": 0.126,
    "Triggers": [],
    "Execution Time": 110.623
  }
]