[
  {
    "Plan": {
      "Node Type": "Aggregate",
      "Strategy": "Plain",
      "Partial Mode": "Finalize",
      "Parallel Aware": false,
      "Startup Cost": 46487.17,
      "Total Cost": 46487.18,
      "Plan Rows": 1,
      "Plan Width": 8,
      "Actual Startup Time": 94.124,
      "Actual Total Time": 107.057,
      "Actual Rows": 1,
      "Actual Loops": 1,
      "Plans": [
        {
          "Node Type": "Gather",
          "Parent Relationship": "Outer",
          "Parallel Aware": false,
          "Startup Cost": 46486.75,
          "Total Cost": 46487.16,
          "Plan Rows": 4,
          "Plan Width": 8,
          "Actual Startup Time": 93.989,
          "Actual Total Time": 107.046,
          "Actual Rows": 5,
          "Actual Loops": 1,
          "Workers Planned": 4,
          "Workers Launched": 4,
          "Single Copy": false,
          "Plans": [
            {
              "Node Type": "Aggregate",
              "Strategy": "Plain",
              "Partial Mode": "Partial",
              "Parent Relationship": "Outer",
              "Parallel Aware": false,
              "Startup Cost": 45486.75,
              "Total Cost": 45486.76,
              "Plan Rows": 1,
              "Plan Width": 8,
              "Actual Startup Time": 86.254,
              "Actual Total Time": 86.255,
              "Actual Rows": 1,
              "Actual Loops": 5,
              "Plans": [
                {
                  "Node Type": "Seq Scan",
                  "Parent Relationship": "Outer",
                  "Parallel Aware": true,
                  "Relation Name": "title",
                  "Alias": "t",
                  "Startup Cost": 0.0,
                  "Total Cost": 45479.1,
                  "Plan Rows": 3059,
                  "Plan Width": 0,
                  "Actual Startup Time": 60.928,
                  "Actual Total Time": 85.794,
                  "Actual Rows": 7010,
                  "Actual Loops": 5,
                  "Filter": "((kind_id < 7) AND (production_year < 1912))",
                  "Rows Removed by Filter": 498653
                }
              ]
            }
          ]
        }
      ]
    },
    "Planning Time": 0.182,
    "Triggers": [],
    "Execution Time": 107.125
  }
]