[
  {
    "Plan": {
      "Node Type": "Aggregate",
      "Strategy": "Plain",
      "Partial Mode": "Finalize",
      "Parallel Aware": false,
      "Startup Cost": 80297.1,
      "Total Cost": 80297.11,
      "Plan Rows": 1,
      "Plan Width": 8,
      "Actual Startup Time": 248.712,
      "Actual Total Time": 262.906,
      "Actual Rows": 1,
      "Actual Loops": 1,
      "Plans": [
        {
          "Node Type": "Gather",
          "Parent Relationship": "Outer",
          "Parallel Aware": false,
          "Startup Cost": 80296.68,
          "Total Cost": 80297.09,
          "Plan Rows": 4,
          "Plan Width": 8,
          "Actual Startup Time": 246.564,
          "Actual Total Time": 262.897,
          "Actual Rows": 5,
          "Actual Loops": 1,
          "Workers Planned": 4,
          "Workers Launched": 4,
          "Single Copy": false,
          "Plans": [
            {
              "Node Type": "Aggregate",
              "Strategy": "Plain",
              "Partial Mode": "Partial",
              "Parent Relationship": "Outer",
              "Parallel Aware": false,
              "Startup Cost": 79296.68,
              "Total Cost": 79296.69,
              "Plan Rows": 1,
              "Plan Width": 8,
              "Actual Startup Time": 237.496,
              "Actual Total Time": 237.501,
              "Actual Rows": 1,
              "Actual Loops": 5,
              "Plans": [
                {
                  "Node Type": "Hash Join",
                  "Parent Relationship": "Outer",
                  "Parallel Aware": true,
                  "Join Type": "Inner",
                  "Startup Cost": 33188.08,
                  "Total Cost": 79021.83,
                  "Plan Rows": 109942,
                  "Plan Width": 0,
                  "Actual Startup Time": 88.32,
                  "Actual Total Time": 234.871,
                  "Actual Rows": 50413,
                  "Actual Loops": 5,
                  "Inner Unique": false,
                  "Hash Cond": "(t.id = mc.movie_id)",
                  "Plans": [
                    {
                      "Node Type": "Seq Scan",
                      "Parent Relationship": "Outer",
                      "Parallel Aware": true,
                      "Relation Name": "title",
                      "Alias": "t",
                      "Startup Cost": 0.0,
                      "Total Cost": 42318.73,
                      "Plan Rows": 632073,
                      "Plan Width": 4,
                      "Actual Startup Time": 0.013,
                      "Actual Total Time": 63.426,
                      "Actual Rows": 505662,
                      "Actual Loops": 5
                    },
                    {
                      "Node Type": "Hash",
                      "Parent Relationship": "Inner",
                      "Parallel Aware": true,
                      "Startup Cost": 31414.82,
                      "Total Cost": 31414.82,
                      "Plan Rows": 141861,
                      "Plan Width": 4,
                      "Actual Startup Time": 85.249,
                      "Actual Total Time": 85.25,
                      "Actual Rows": 50413,
                      "Actual Loops": 5,
                      "Hash Buckets": 524288,
                      "Original Hash Buckets": 524288,
                      "Hash Batches": 1,
                      "Original Hash Batches": 1,
                      "Peak Memory Usage": 14048,
                      "Plans": [
                        {
                          "Node Type": "Seq Scan",
                          "Parent Relationship": "Outer",
                          "Parallel Aware": true,
                          "Relation Name": "movie_companies",
                          "Alias": "mc",
                          "Startup Cost": 0.0,
                          "Total Cost": 31414.82,
                          "Plan Rows": 141861,
                          "Plan Width": 4,
                          "Actual Startup Time": 43.347,
                          "Actual Total Time": 68.071,
                          "Actual Rows": 50413,
                          "Actual Loops": 5,
                          "Filter": "((company_id < 2512) AND (company_type_id > 1))",
                          "Rows Removed by Filter": 471413
                        }
                      ]
                    }
                  ]
                }
              ]
            }
          ]
        }
      ]
    },
    "Planning Time": 0.722,
    "Triggers": [],
    "Execution Time": 262.981
  }
]