[
  {
    "Plan": {
      "Node Type": "Aggregate",
      "Strategy": "Plain",
      "Partial Mode": "Finalize",
      "Parallel Aware": false,
      "Startup Cost": 337314.87,
      "Total Cost": 337314.88,
      "Plan Rows": 1,
      "Plan Width": 8,
      "Actual Startup Time": 768.597,
      "Actual Total Time": 825.158,
      "Actual Rows": 1,
      "Actual Loops": 1,
      "Plans": [
        {
          "Node Type": "Gather",
          "Parent Relationship": "Outer",
          "Parallel Aware": false,
          "Startup Cost": 337314.24,
          "Total Cost": 337314.85,
          "Plan Rows": 6,
          "Plan Width": 8,
          "Actual Startup Time": 768.468,
          "Actual Total Time": 825.148,
          "Actual Rows": 7,
          "Actual Loops": 1,
          "Workers Planned": 6,
          "Workers Launched": 6,
          "Single Copy": false,
          "Plans": [
            {
              "Node Type": "Aggregate",
              "Strategy": "Plain",
              "Partial Mode": "Partial",
              "Parent Relationship": "Outer",
              "Parallel Aware": false,
              "Startup Cost": 336314.24,
              "Total Cost": 336314.26,
              "Plan Rows": 1,
              "Plan Width": 8,
              "Actual Startup Time": 758.375,
              "Actual Total Time": 758.376,
              "Actual Rows": 1,
              "Actual Loops": 7,
              "Plans": [
                {
                  "Node Type": "Seq Scan",
                  "Parent Relationship": "Outer",
                  "Parallel Aware": true,
                  "Relation Name": "cast_info",
                  "Alias": "ci",
                  "Startup Cost": 0.0,
                  "Total Cost": 328162.03,
                  "Plan Rows": 3260888,
                  "Plan Width": 0,
                  "Actual Startup Time": 189.746,
                  "Actual Total Time": 629.115,
                  "Actual Rows": 2797290,
                  "Actual Loops": 7,
                  "Filter": "(person_id > 1649771)",
                  "Rows Removed by Filter": 2380474
                }
              ]
            }
          ]
        }
      ]
    },
    "Planning Time": 0.197,
    "Triggers": [],
    "Execution Time": 825.225
  }
]