[
  {
    "Plan": {
      "Node Type": "Aggregate",
      "Strategy": "Plain",
      "Partial Mode": "Finalize",
      "Parallel Aware": false,
      "Startup Cost": 33397.95,
      "Total Cost": 33397.96,
      "Plan Rows": 1,
      "Plan Width": 8,
      "Actual Startup Time": 99.595,
      "Actual Total Time": 106.645,
      "Actual Rows": 1,
      "Actual Loops": 1,
      "Plans": [
        {
          "Node Type": "Gather",
          "Parent Relationship": "Outer",
          "Parallel Aware": false,
          "Startup Cost": 33397.64,
          "Total Cost": 33397.95,
          "Plan Rows": 3,
          "Plan Width": 8,
          "Actual Startup Time": 99.495,
          "Actual Total Time": 106.638,
          "Actual Rows": 4,
          "Actual Loops": 1,
          "Workers Planned": 3,
          "Workers Launched": 3,
          "Single Copy": false,
          "Plans": [
            {
              "Node Type": "Aggregate",
              "Strategy": "Plain",
              "Partial Mode": "Partial",
              "Parent Relationship": "Outer",
              "Parallel Aware": false,
              "Startup Cost": 32397.64,
              "Total Cost": 32397.65,
              "Plan Rows": 1,
              "Plan Width": 8,
              "Actual Startup Time": 93.136,
              "Actual Total Time": 93.137,
              "Actual Rows": 1,
              "Actual Loops": 4,
              "Plans": [
                {
                  "Node Type": "Seq Scan",
                  "Parent Relationship": "Outer",
                  "Parallel Aware": true,
                  "Relation Name": "movie_companies",
                  "Alias": "mc",
                  "Startup Cost": 0.0,
                  "Total Cost": 31414.82,
                  "Plan Rows": 393127,
                  "Plan Width": 0,
                  "Actual Startup Time": 46.497,
                  "Actual Total Time": 82.238,
                  "Actual Rows": 282832,
                  "Actual Loops": 4,
                  "Filter": "((company_id < 112396) AND (company_type_id = 2))",
                  "Rows Removed by Filter": 369450
                }
              ]
            }
          ]
        }
      ]
    },
    "Planning Time": 0.184,
    "Triggers": [],
    "Execution Time": 106.685
  }
]