[
  {
    "Plan": {
      "Node Type": "Aggregate",
      "Strategy": "Plain",
      "Partial Mode": "Finalize",
      "Parallel Aware": false,
      "Startup Cost": 50395.55,
      "Total Cost": 50395.56,
      "Plan Rows": 1,
      "Plan Width": 8,
      "Actual Startup Time": 94.477,
      "Actual Total Time": 106.528,
      "Actual Rows": 1,
      "Actual Loops": 1,
      "Plans": [
        {
          "Node Type": "Gather",
          "Parent Relationship": "Outer",
          "Parallel Aware": false,
          "Startup Cost": 50395.13,
          "Total Cost": 50395.54,
          "Plan Rows": 4,
          "Plan Width": 8,
          "Actual Startup Time": 94.278,
          "Actual Total Time": 106.519,
          "Actual Rows": 5,
          "Actual Loops": 1,
          "Workers Planned": 4,
          "Workers Launched": 4,
          "Single Copy": false,
          "Plans": [
            {
              "Node Type": "Aggregate",
              "Strategy": "Plain",
              "Partial Mode": "Partial",
              "Parent Relationship": "Outer",
              "Parallel Aware": false,
              "Startup Cost": 49395.13,
              "Total Cost": 49395.14,
              "Plan Rows": 1,
              "Plan Width": 8,
              "Actual Startup Time": 88.574,
              "Actual Total Time": 88.577,
              "Actual Rows": 1,
              "Actual Loops": 5,
              "Plans": [
                {
                  "Node Type": "Nested Loop",
                  "Parent Relationship": "Outer",
                  "Parallel Aware": false,
                  "Join Type": "Inner",
                  "Startup Cost": 0.43,
                  "Total Cost": 49394.78,
                  "Plan Rows": 140,
                  "Plan Width": 0,
                  "Actual Startup Time": 55.846,
                  "Actual Total Time": 88.527,
                  "Actual Rows": 217,
                  "Actual Loops": 5,
                  "Inner Unique": false,
                  "Plans": [
                    {
                      "Node Type": "Seq Scan",
                      "Parent Relationship": "Outer",
                      "Parallel Aware": true,
                      "Relation Name": "title",
                      "Alias": "t",
                      "Startup Cost": 0.0,
                      "Total Cost": 43899.32,
                      "Plan Rows": 780,
                      "Plan Width": 4,
                      "Actual Startup Time": 39.822,
                      "Actual Total Time": 81.146,
                      "Actual Rows": 559,
                      "Actual Loops": 5,
                      "Filter": "(production_year = 1937)",
                      "Rows Removed by Filter": 505103
                    },
                    {
                      "Node Type": "Index Scan",
                      "Parent Relationship": "Inner",
                      "Parallel Aware": false,
                      "Scan Direction": "Forward",
                      "Index Name": "movie_id_movie_info_idx",
                      "Relation Name": "movie_info_idx",
                      "Alias": "mi_idx",
                      "Startup Cost": 0.43,
                      "Total Cost": 7.04,
                      "Plan Rows": 1,
                      "Plan Width": 4,
                      "Actual Startup Time": 0.012,
                      "Actual Total Time": 0.013,
                      "Actual Rows": 0,
                      "Actual Loops": 2795,
                      "Index Cond": "(movie_id = t.id)",
                      "Rows Removed by Index Recheck": 0,
                      "Filter": "(info_type_id < 100)",
                      "Rows Removed by Filter": 1
                    }
                  ]
                }
              ]
            }
          ]
        }
      ]
    },
    "Planning Time": 0.484,
    "Triggers": [],
    "Execution Time": 106.588
  }
]