[
  {
    "Plan": {
      "Node Type": "Aggregate",
      "Strategy": "Plain",
      "Partial Mode": "Finalize",
      "Parallel Aware": false,
      "Startup Cost": 127107.19,
      "Total Cost": 127107.2,
      "Plan Rows": 1,
      "Plan Width": 8,
      "Actual Startup Time": 850.768,
      "Actual Total Time": 874.898,
      "Actual Rows": 1,
      "Actual Loops": 1,
      "Plans": [
        {
          "Node Type": "Gather",
          "Parent Relationship": "Outer",
          "Parallel Aware": false,
          "Startup Cost": 127106.87,
          "Total Cost": 127107.18,
          "Plan Rows": 3,
          "Plan Width": 8,
          "Actual Startup Time": 834.899,
          "Actual Total Time": 874.889,
          "Actual Rows": 4,
          "Actual Loops": 1,
          "Workers Planned": 3,
          "Workers Launched": 3,
          "Single Copy": false,
          "Plans": [
            {
              "Node Type": "Aggregate",
              "Strategy": "Plain",
              "Partial Mode": "Partial",
              "Parent Relationship": "Outer",
              "Parallel Aware": false,
              "Startup Cost": 126106.87,
              "Total Cost": 126106.88,
              "Plan Rows": 1,
              "Plan Width": 8,
              "Actual Startup Time": 825.606,
              "Actual Total Time": 825.738,
              "Actual Rows": 1,
              "Actual Loops": 4,
              "Plans": [
                {
                  "Node Type": "Hash Join",
                  "Parent Relationship": "Outer",
                  "Parallel Aware": true,
                  "Join Type": "Inner",
                  "Startup Cost": 94490.25,
                  "Total Cost": 125559.41,
                  "Plan Rows": 218985,
                  "Plan Width": 0,
                  "Actual Startup Time": 555.446,
                  "Actual Total Time": 785.445,
                  "Actual Rows": 1001612,
                  "Actual Loops": 4,
                  "Inner Unique": false,
                  "Hash Cond": "(mc.movie_id = t.id)",
                  "Plans": [
                    {
                      "Node Type": "Seq Scan",
                      "Parent Relationship": "Outer",
                      "Parallel Aware": true,
                      "Relation Name": "movie_companies",
                      "Alias": "mc",
                      "Startup Cost": 0.0,
                      "Total Cost": 27206.55,
                      "Plan Rows": 841655,
                      "Plan Width": 4,
                      "Actual Startup Time": 0.04,
                      "Actual Total Time": 55.624,
                      "Actual Rows": 652282,
                      "Actual Loops": 4
                    },
                    {
                      "Node Type": "Hash",
                      "Parent Relationship": "Inner",
                      "Parallel Aware": true,
                      "Startup Cost": 91837.73,
                      "Total Cost": 91837.73,
                      "Plan Rows": 212201,
                      "Plan Width": 8,
                      "Actual Startup Time": 550.236,
                      "Actual Total Time": 550.366,
                      "Actual Rows": 167416,
                      "Actual Loops": 4,
                      "Hash Buckets": 1048576,
                      "Original Hash Buckets": 1048576,
                      "Hash Batches": 1,
                      "Original Hash Batches": 1,
                      "Peak Memory Usage": 34432,
                      "Plans": [
                        {
                          "Node Type": "Hash Join",
                          "Parent Relationship": "Outer",
                          "Parallel Aware": true,
                          "Join Type": "Inner",
                          "Startup Cost": 64174.2,
                          "Total Cost": 91837.73,
                          "Plan Rows": 212201,
                          "Plan Width": 8,
                          "Actual Startup Time": 375.608,
                          "Actual Total Time": 494.144,
                          "Actual Rows": 167416,
                          "Actual Loops": 4,
                          "Inner Unique": true,
                          "Hash Cond": "(mk.movie_id = t.id)",
                          "Plans": [
                            {
                              "Node Type": "Bitmap Heap Scan",
                              "Parent Relationship": "Outer",
                              "Parallel Aware": true,
                              "Relation Name": "movie_keyword",
                              "Alias": "mk",
                              "Startup Cost": 13954.55,
                              "Total Cost": 41061.06,
                              "Plan Rows": 212201,
                              "Plan Width": 4,
                              "Actual Startup Time": 37.052,
                              "Actual Total Time": 93.327,
                              "Actual Rows": 167416,
                              "Actual Loops": 4,
                              "Recheck Cond": "(keyword_id < 527)",
                              "Rows Removed by Index Recheck": 0,
                              "Exact Heap Blocks": 7432,
                              "Lossy Heap Blocks": 0,
                              "Plans": [
                                {
                                  "Node Type": "Bitmap Index Scan",
                                  "Parent Relationship": "Outer",
                                  "Parallel Aware": false,
                                  "Index Name": "keyword_id_movie_keyword",
                                  "Startup Cost": 0.0,
                                  "Total Cost": 13790.1,
                                  "Plan Rows": 657822,
                                  "Plan Width": 0,
                                  "Actual Startup Time": 33.401,
                                  "Actual Total Time": 33.402,
                                  "Actual Rows": 669665,
                                  "Actual Loops": 1,
                                  "Index Cond": "(keyword_id < 527)"
                                }
                              ]
                            },
                            {
                              "Node Type": "Hash",
                              "Parent Relationship": "Inner",
                              "Parallel Aware": true,
                              "Startup Cost": 42318.73,
                              "Total Cost": 42318.73,
                              "Plan Rows": 632073,
                              "Plan Width": 4,
                              "Actual Startup Time": 330.788,
                              "Actual Total Time": 330.789,
                              "Actual Rows": 632078,
                              "Actual Loops": 4,
                              "Hash Buckets": 4194304,
                              "Original Hash Buckets": 4194304,
                              "Hash Batches": 1,
                              "Original Hash Batches": 1,
                              "Peak Memory Usage": 131744,
                              "Plans": [
                                {
                                  "Node Type": "Seq Scan",
                                  "Parent Relationship": "Outer",
                                  "Parallel Aware": true,
                                  "Relation Name": "title",
                                  "Alias": "t",
                                  "Startup Cost": 0.0,
                                  "Total Cost": 42318.73,
                                  "Plan Rows": 632073,
                                  "Plan Width": 4,
                                  "Actual Startup Time": 0.041,
                                  "Actual Total Time": 93.356,
                                  "Actual Rows": 632078,
                                  "Actual Loops": 4
                                }
                              ]
                            }
                          ]
                        }
                      ]
                    }
                  ]
                }
              ]
            }
          ]
        }
      ]
    },
    "Planning Time": 1.353,
    "Triggers": [],
    "Execution Time": 875.003
  }
]