[
  {
    "Plan": {
      "Node Type": "Aggregate",
      "Strategy": "Plain",
      "Partial Mode": "Finalize",
      "Parallel Aware": false,
      "Startup Cost": 396457.18,
      "Total Cost": 396457.19,
      "Plan Rows": 1,
      "Plan Width": 8,
      "Actual Startup Time": 2417.52,
      "Actual Total Time": 2484.825,
      "Actual Rows": 1,
      "Actual Loops": 1,
      "Plans": [
        {
          "Node Type": "Gather",
          "Parent Relationship": "Outer",
          "Parallel Aware": false,
          "Startup Cost": 396456.55,
          "Total Cost": 396457.16,
          "Plan Rows": 6,
          "Plan Width": 8,
          "Actual Startup Time": 2402.604,
          "Actual Total Time": 2484.811,
          "Actual Rows": 7,
          "Actual Loops": 1,
          "Workers Planned": 6,
          "Workers Launched": 6,
          "Single Copy": false,
          "Plans": [
            {
              "Node Type": "Aggregate",
              "Strategy": "Plain",
              "Partial Mode": "Partial",
              "Parent Relationship": "Outer",
              "Parallel Aware": false,
              "Startup Cost": 395456.55,
              "Total Cost": 395456.56,
              "Plan Rows": 1,
              "Plan Width": 8,
              "Actual Startup Time": 2380.018,
              "Actual Total Time": 2380.024,
              "Actual Rows": 1,
              "Actual Loops": 7,
              "Plans": [
                {
                  "Node Type": "Hash Join",
                  "Parent Relationship": "Outer",
                  "Parallel Aware": true,
                  "Join Type": "Inner",
                  "Startup Cost": 50606.32,
                  "Total Cost": 388018.46,
                  "Plan Rows": 2975238,
                  "Plan Width": 0,
                  "Actual Startup Time": 436.435,
                  "Actual Total Time": 2243.888,
                  "Actual Rows": 2718073,
                  "Actual Loops": 7,
                  "Inner Unique": true,
                  "Hash Cond": "(ci.movie_id = t.id)",
                  "Plans": [
                    {
                      "Node Type": "Seq Scan",
                      "Parent Relationship": "Outer",
                      "Parallel Aware": true,
                      "Relation Name": "cast_info",
                      "Alias": "ci",
                      "Startup Cost": 0.0,
                      "Total Cost": 328211.39,
                      "Plan Rows": 3505041,
                      "Plan Width": 4,
                      "Actual Startup Time": 169.225,
                      "Actual Total Time": 669.921,
                      "Actual Rows": 2984787,
                      "Actual Loops": 7,
                      "Filter": "(person_id > 1512932)",
                      "Rows Removed by Filter": 2192977
                    },
                    {
                      "Node Type": "Hash",
                      "Parent Relationship": "Inner",
                      "Parallel Aware": true,
                      "Startup Cost": 43899.32,
                      "Total Cost": 43899.32,
                      "Plan Rows": 536560,
                      "Plan Width": 4,
                      "Actual Startup Time": 260.07,
                      "Actual Total Time": 260.074,
                      "Actual Rows": 304710,
                      "Actual Loops": 7,
                      "Hash Buckets": 4194304,
                      "Original Hash Buckets": 4194304,
                      "Hash Batches": 1,
                      "Original Hash Batches": 1,
                      "Peak Memory Usage": 116320,
                      "Plans": [
                        {
                          "Node Type": "Seq Scan",
                          "Parent Relationship": "Outer",
                          "Parallel Aware": true,
                          "Relation Name": "title",
                          "Alias": "t",
                          "Startup Cost": 0.0,
                          "Total Cost": 43899.32,
                          "Plan Rows": 536560,
                          "Plan Width": 4,
                          "Actual Startup Time": 0.056,
                          "Actual Total Time": 89.973,
                          "Actual Rows": 304710,
                          "Actual Loops": 7,
                          "Filter": "(production_year > 1966)",
                          "Rows Removed by Filter": 56477
                        }
                      ]
                    }
                  ]
                }
              ]
            }
          ]
        }
      ]
    },
    "Planning Time": 0.686,
    "Triggers": [],
    "Execution Time": 2484.916
  }
]