[
  {
    "Plan": {
      "Node Type": "Aggregate",
      "Strategy": "Plain",
      "Partial Mode": "Finalize",
      "Parallel Aware": false,
      "Startup Cost": 396255.99,
      "Total Cost": 396256.0,
      "Plan Rows": 1,
      "Plan Width": 8,
      "Actual Startup Time": 2184.555,
      "Actual Total Time": 2246.69,
      "Actual Rows": 1,
      "Actual Loops": 1,
      "Plans": [
        {
          "Node Type": "Gather",
          "Parent Relationship": "Outer",
          "Parallel Aware": false,
          "Startup Cost": 396255.37,
          "Total Cost": 396255.98,
          "Plan Rows": 6,
          "Plan Width": 8,
          "Actual Startup Time": 2168.782,
          "Actual Total Time": 2246.681,
          "Actual Rows": 7,
          "Actual Loops": 1,
          "Workers Planned": 6,
          "Workers Launched": 6,
          "Single Copy": false,
          "Plans": [
            {
              "Node Type": "Aggregate",
              "Strategy": "Plain",
              "Partial Mode": "Partial",
              "Parent Relationship": "Outer",
              "Parallel Aware": false,
              "Startup Cost": 395255.37,
              "Total Cost": 395255.38,
              "Plan Rows": 1,
              "Plan Width": 8,
              "Actual Startup Time": 2148.879,
              "Actual Total Time": 2148.882,
              "Actual Rows": 1,
              "Actual Loops": 7,
              "Plans": [
                {
                  "Node Type": "Hash Join",
                  "Parent Relationship": "Outer",
                  "Parallel Aware": true,
                  "Join Type": "Inner",
                  "Startup Cost": 50607.04,
                  "Total Cost": 387884.57,
                  "Plan Rows": 2948318,
                  "Plan Width": 0,
                  "Actual Startup Time": 379.294,
                  "Actual Total Time": 2034.502,
                  "Actual Rows": 2718073,
                  "Actual Loops": 7,
                  "Inner Unique": true,
                  "Hash Cond": "(ci.movie_id = t.id)",
                  "Plans": [
                    {
                      "Node Type": "Seq Scan",
                      "Parent Relationship": "Outer",
                      "Parallel Aware": true,
                      "Relation Name": "cast_info",
                      "Alias": "ci",
                      "Startup Cost": 0.0,
                      "Total Cost": 328162.03,
                      "Plan Rows": 3472570,
                      "Plan Width": 4,
                      "Actual Startup Time": 148.942,
                      "Actual Total Time": 580.479,
                      "Actual Rows": 2984787,
                      "Actual Loops": 7,
                      "Filter": "(person_id > 1512932)",
                      "Rows Removed by Filter": 2192977
                    },
                    {
                      "Node Type": "Hash",
                      "Parent Relationship": "Inner",
                      "Parallel Aware": true,
                      "Startup Cost": 43898.92,
                      "Total Cost": 43898.92,
                      "Plan Rows": 536650,
                      "Plan Width": 4,
                      "Actual Startup Time": 224.015,
                      "Actual Total Time": 224.016,
                      "Actual Rows": 304710,
                      "Actual Loops": 7,
                      "Hash Buckets": 4194304,
                      "Original Hash Buckets": 4194304,
                      "Hash Batches": 1,
                      "Original Hash Batches": 1,
                      "Peak Memory Usage": 116320,
                      "Plans": [
                        {
                          "Node Type": "Seq Scan",
                          "Parent Relationship": "Outer",
                          "Parallel Aware": true,
                          "Relation Name": "title",
                          "Alias": "t",
                          "Startup Cost": 0.0,
                          "Total Cost": 43898.92,
                          "Plan Rows": 536650,
                          "Plan Width": 4,
                          "Actual Startup Time": 0.038,
                          "Actual Total Time": 79.464,
                          "Actual Rows": 304710,
                          "Actual Loops": 7,
                          "Filter": "(production_year > 1966)",
                          "Rows Removed by Filter": 56477
                        }
                      ]
                    }
                  ]
                }
              ]
            }
          ]
        }
      ]
    },
    "Planning Time": 0.478,
    "Triggers": [],
    "Execution Time": 2246.767
  }
]