[
  {
    "Bao": {
      "Bao prediction": 1396.421,
      "Bao recommended hint": "(no hint)"
    }
  },
  {
    "Plan": {
      "Node Type": "Aggregate",
      "Strategy": "Plain",
      "Partial Mode": "Simple",
      "Parallel Aware": false,
      "Startup Cost": 31953.11,
      "Total Cost": 31953.12,
      "Plan Rows": 1,
      "Plan Width": 96,
      "Actual Startup Time": 3310.805,
      "Actual Total Time": 3463.185,
      "Actual Rows": 1,
      "Actual Loops": 1,
      "Plans": [
        {
          "Node Type": "Nested Loop",
          "Parent Relationship": "Outer",
          "Parallel Aware": false,
          "Join Type": "Inner",
          "Startup Cost": 1006.71,
          "Total Cost": 31953.1,
          "Plan Rows": 1,
          "Plan Width": 66,
          "Actual Startup Time": 207.954,
          "Actual Total Time": 3462.903,
          "Actual Rows": 410,
          "Actual Loops": 1,
          "Inner Unique": true,
          "Plans": [
            {
              "Node Type": "Gather",
              "Parent Relationship": "Outer",
              "Parallel Aware": false,
              "Startup Cost": 1006.28,
              "Total Cost": 31952.64,
              "Plan Rows": 1,
              "Plan Width": 61,
              "Actual Startup Time": 207.899,
              "Actual Total Time": 3456.299,
              "Actual Rows": 410,
              "Actual Loops": 1,
              "Workers Planned": 2,
              "Workers Launched": 2,
              "Single Copy": false,
              "Plans": [
                {
                  "Node Type": "Nested Loop",
                  "Parent Relationship": "Outer",
                  "Parallel Aware": false,
                  "Join Type": "Inner",
                  "Startup Cost": 6.28,
                  "Total Cost": 30952.54,
                  "Plan Rows": 1,
                  "Plan Width": 61,
                  "Actual Startup Time": 143.452,
                  "Actual Total Time": 3298.067,
                  "Actual Rows": 137,
                  "Actual Loops": 3,
                  "Inner Unique": true,
                  "Plans": [
                    {
                      "Node Type": "Nested Loop",
                      "Parent Relationship": "Outer",
                      "Parallel Aware": false,
                      "Join Type": "Inner",
                      "Startup Cost": 5.85,
                      "Total Cost": 28973.92,
                      "Plan Rows": 3417,
                      "Plan Width": 65,
                      "Actual Startup Time": 4.326,
                      "Actual Total Time": 3038.851,
                      "Actual Rows": 35780,
                      "Actual Loops": 3,
                      "Inner Unique": false,
                      "Plans": [
                        {
                          "Node Type": "Hash Join",
                          "Parent Relationship": "Outer",
                          "Parallel Aware": false,
                          "Join Type": "Inner",
                          "Startup Cost": 5.29,
                          "Total Cost": 26853.38,
                          "Plan Rows": 1485,
                          "Plan Width": 57,
                          "Actual Startup Time": 1.801,
                          "Actual Total Time": 1948.46,
                          "Actual Rows": 15144,
                          "Actual Loops": 3,
                          "Inner Unique": true,
                          "Hash Cond": "(mi.info_type_id = it1.id)",
                          "Plans": [
                            {
                              "Node Type": "Nested Loop",
                              "Parent Relationship": "Outer",
                              "Parallel Aware": false,
                              "Join Type": "Inner",
                              "Startup Cost": 2.86,
                              "Total Cost": 26394.04,
                              "Plan Rows": 167768,
                              "Plan Width": 61,
                              "Actual Startup Time": 0.292,
                              "Actual Total Time": 1785.332,
                              "Actual Rows": 2310111,
                              "Actual Loops": 3,
                              "Inner Unique": false,
                              "Plans": [
                                {
                                  "Node Type": "Hash Join",
                                  "Parent Relationship": "Outer",
                                  "Parallel Aware": false,
                                  "Join Type": "Inner",
                                  "Startup Cost": 2.43,
                                  "Total Cost": 15253.6,
                                  "Plan Rows": 5089,
                                  "Plan Width": 10,
                                  "Actual Startup Time": 0.119,
                                  "Actual Total Time": 116.879,
                                  "Actual Rows": 153308,
                                  "Actual Loops": 3,
                                  "Inner Unique": true,
                                  "Hash Cond": "(mi_idx.info_type_id = it2.id)",
                                  "Plans": [
                                    {
                                      "Node Type": "Seq Scan",
                                      "Parent Relationship": "Outer",
                                      "Parallel Aware": true,
                                      "Relation Name": "movie_info_idx",
                                      "Alias": "mi_idx",
                                      "Startup Cost": 0.0,
                                      "Total Cost": 13685.15,
                                      "Plan Rows": 575015,
                                      "Plan Width": 14,
                                      "Actual Startup Time": 0.039,
                                      "Actual Total Time": 51.49,
                                      "Actual Rows": 460012,
                                      "Actual Loops": 3
                                    },
                                    {
                                      "Node Type": "Hash",
                                      "Parent Relationship": "Inner",
                                      "Parallel Aware": false,
                                      "Startup Cost": 2.41,
                                      "Total Cost": 2.41,
                                      "Plan Rows": 1,
                                      "Plan Width": 4,
                                      "Actual Startup Time": 0.036,
                                      "Actual Total Time": 0.037,
                                      "Actual Rows": 1,
                                      "Actual Loops": 3,
                                      "Hash Buckets": 1024,
                                      "Original Hash Buckets": 1024,
                                      "Hash Batches": 1,
                                      "Original Hash Batches": 1,
                                      "Peak Memory Usage": 9,
                                      "Plans": [
                                        {
                                          "Node Type": "Seq Scan",
                                          "Parent Relationship": "Outer",
                                          "Parallel Aware": false,
                                          "Relation Name": "info_type",
                                          "Alias": "it2",
                                          "Startup Cost": 0.0,
                                          "Total Cost": 2.41,
                                          "Plan Rows": 1,
                                          "Plan Width": 4,
                                          "Actual Startup Time": 0.021,
                                          "Actual Total Time": 0.024,
                                          "Actual Rows": 1,
                                          "Actual Loops": 3,
                                          "Filter": "((info)::text = 'votes'::text)",
                                          "Rows Removed by Filter": 112
                                        }
                                      ]
                                    }
                                  ]
                                },
                                {
                                  "Node Type": "Index Scan",
                                  "Parent Relationship": "Inner",
                                  "Parallel Aware": false,
                                  "Scan Direction": "Forward",
                                  "Index Name": "movie_id_movie_info",
                                  "Relation Name": "movie_info",
                                  "Alias": "mi",
                                  "Startup Cost": 0.43,
                                  "Total Cost": 1.78,
                                  "Plan Rows": 41,
                                  "Plan Width": 51,
                                  "Actual Startup Time": 0.003,
                                  "Actual Total Time": 0.009,
                                  "Actual Rows": 15,
                                  "Actual Loops": 459925,
                                  "Index Cond": "(movie_id = mi_idx.movie_id)",
                                  "Rows Removed by Index Recheck": 0
                                }
                              ]
                            },
                            {
                              "Node Type": "Hash",
                              "Parent Relationship": "Inner",
                              "Parallel Aware": false,
                              "Startup Cost": 2.41,
                              "Total Cost": 2.41,
                              "Plan Rows": 1,
                              "Plan Width": 4,
                              "Actual Startup Time": 0.081,
                              "Actual Total Time": 0.082,
                              "Actual Rows": 1,
                              "Actual Loops": 3,
                              "Hash Buckets": 1024,
                              "Original Hash Buckets": 1024,
                              "Hash Batches": 1,
                              "Original Hash Batches": 1,
                              "Peak Memory Usage": 9,
                              "Plans": [
                                {
                                  "Node Type": "Seq Scan",
                                  "Parent Relationship": "Outer",
                                  "Parallel Aware": false,
                                  "Relation Name": "info_type",
                                  "Alias": "it1",
                                  "Startup Cost": 0.0,
                                  "Total Cost": 2.41,
                                  "Plan Rows": 1,
                                  "Plan Width": 4,
                                  "Actual Startup Time": 0.059,
                                  "Actual Total Time": 0.062,
                                  "Actual Rows": 1,
                                  "Actual Loops": 3,
                                  "Filter": "((info)::text = 'budget'::text)",
                                  "Rows Removed by Filter": 112
                                }
                              ]
                            }
                          ]
                        },
                        {
                          "Node Type": "Index Scan",
                          "Parent Relationship": "Inner",
                          "Parallel Aware": false,
                          "Scan Direction": "Forward",
                          "Index Name": "movie_id_cast_info",
                          "Relation Name": "cast_info",
                          "Alias": "ci",
                          "Startup Cost": 0.56,
                          "Total Cost": 1.41,
                          "Plan Rows": 2,
                          "Plan Width": 8,
                          "Actual Startup Time": 0.045,
                          "Actual Total Time": 0.071,
                          "Actual Rows": 2,
                          "Actual Loops": 45431,
                          "Index Cond": "(movie_id = mi.movie_id)",
                          "Rows Removed by Index Recheck": 0,
                          "Filter": "(note = ANY ('{(producer),\"(executive producer)\"}'::text[]))",
                          "Rows Removed by Filter": 38
                        }
                      ]
                    },
                    {
                      "Node Type": "Index Scan",
                      "Parent Relationship": "Inner",
                      "Parallel Aware": false,
                      "Scan Direction": "Forward",
                      "Index Name": "name_pkey",
                      "Relation Name": "name",
                      "Alias": "n",
                      "Startup Cost": 0.43,
                      "Total Cost": 0.58,
                      "Plan Rows": 1,
                      "Plan Width": 4,
                      "Actual Startup Time": 0.007,
                      "Actual Total Time": 0.007,
                      "Actual Rows": 0,
                      "Actual Loops": 107339,
                      "Index Cond": "(id = ci.person_id)",
                      "Rows Removed by Index Recheck": 0,
                      "Filter": "((name ~~ '%Tim%'::text) AND ((gender)::text = 'm'::text))",
                      "Rows Removed by Filter": 1
                    }
                  ]
                }
              ]
            },
            {
              "Node Type": "Index Scan",
              "Parent Relationship": "Inner",
              "Parallel Aware": false,
              "Scan Direction": "Forward",
              "Index Name": "title_pkey",
              "Relation Name": "title",
              "Alias": "t",
              "Startup Cost": 0.43,
              "Total Cost": 0.46,
              "Plan Rows": 1,
              "Plan Width": 21,
              "Actual Startup Time": 0.015,
              "Actual Total Time": 0.015,
              "Actual Rows": 1,
              "Actual Loops": 410,
              "Index Cond": "(id = mi.movie_id)",
              "Rows Removed by Index Recheck": 0
            }
          ]
        }
      ]
    },
    "Planning Time": 419.763,
    "Triggers": [],
    "Execution Time": 3463.674
  }
]