[
  {
    "Plan": {
      "Node Type": "Aggregate",
      "Strategy": "Plain",
      "Partial Mode": "Finalize",
      "Parallel Aware": false,
      "Startup Cost": 273598.18,
      "Total Cost": 273598.19,
      "Plan Rows": 1,
      "Plan Width": 8,
      "Actual Startup Time": 252.151,
      "Actual Total Time": 266.662,
      "Actual Rows": 1,
      "Actual Loops": 1,
      "Plans": [
        {
          "Node Type": "Gather",
          "Parent Relationship": "Outer",
          "Parallel Aware": false,
          "Startup Cost": 273597.97,
          "Total Cost": 273598.18,
          "Plan Rows": 2,
          "Plan Width": 8,
          "Actual Startup Time": 250.123,
          "Actual Total Time": 266.653,
          "Actual Rows": 3,
          "Actual Loops": 1,
          "Workers Planned": 2,
          "Workers Launched": 2,
          "Single Copy": false,
          "Plans": [
            {
              "Node Type": "Aggregate",
              "Strategy": "Plain",
              "Partial Mode": "Partial",
              "Parent Relationship": "Outer",
              "Parallel Aware": false,
              "Startup Cost": 272597.97,
              "Total Cost": 272597.98,
              "Plan Rows": 1,
              "Plan Width": 8,
              "Actual Startup Time": 243.801,
              "Actual Total Time": 243.804,
              "Actual Rows": 1,
              "Actual Loops": 3,
              "Plans": [
                {
                  "Node Type": "Hash Join",
                  "Parent Relationship": "Outer",
                  "Parallel Aware": true,
                  "Join Type": "Inner",
                  "Startup Cost": 45962.92,
                  "Total Cost": 272580.78,
                  "Plan Rows": 6876,
                  "Plan Width": 0,
                  "Actual Startup Time": 224.786,
                  "Actual Total Time": 243.509,
                  "Actual Rows": 4388,
                  "Actual Loops": 3,
                  "Inner Unique": true,
                  "Hash Cond": "(ci.movie_id = t.id)",
                  "Plans": [
                    {
                      "Node Type": "Index Scan",
                      "Parent Relationship": "Outer",
                      "Parallel Aware": true,
                      "Scan Direction": "Forward",
                      "Index Name": "person_id_cast_info",
                      "Relation Name": "cast_info",
                      "Alias": "ci",
                      "Startup Cost": 0.56,
                      "Total Cost": 226549.29,
                      "Plan Rows": 26335,
                      "Plan Width": 4,
                      "Actual Startup Time": 0.107,
                      "Actual Total Time": 13.401,
                      "Actual Rows": 12128,
                      "Actual Loops": 3,
                      "Index Cond": "(person_id < 17444)",
                      "Rows Removed by Index Recheck": 0,
                      "Filter": "(role_id > 2)",
                      "Rows Removed by Filter": 35312
                    },
                    {
                      "Node Type": "Hash",
                      "Parent Relationship": "Inner",
                      "Parallel Aware": true,
                      "Startup Cost": 43899.32,
                      "Total Cost": 43899.32,
                      "Plan Rows": 165043,
                      "Plan Width": 4,
                      "Actual Startup Time": 218.347,
                      "Actual Total Time": 218.348,
                      "Actual Rows": 220942,
                      "Actual Loops": 3,
                      "Hash Buckets": 1048576,
                      "Original Hash Buckets": 1048576,
                      "Hash Batches": 1,
                      "Original Hash Batches": 1,
                      "Peak Memory Usage": 34176,
                      "Plans": [
                        {
                          "Node Type": "Seq Scan",
                          "Parent Relationship": "Outer",
                          "Parallel Aware": true,
                          "Relation Name": "title",
                          "Alias": "t",
                          "Startup Cost": 0.0,
                          "Total Cost": 43899.32,
                          "Plan Rows": 165043,
                          "Plan Width": 4,
                          "Actual Startup Time": 50.042,
                          "Actual Total Time": 136.318,
                          "Actual Rows": 220942,
                          "Actual Loops": 3,
                          "Filter": "(kind_id = 1)",
                          "Rows Removed by Filter": 621829
                        }
                      ]
                    }
                  ]
                }
              ]
            }
          ]
        }
      ]
    },
    "Planning Time": 0.719,
    "Triggers": [],
    "Execution Time": 266.74
  }
]