[
  {
    "Plan": {
      "Node Type": "Aggregate",
      "Strategy": "Plain",
      "Partial Mode": "Finalize",
      "Parallel Aware": false,
      "Startup Cost": 269494.01,
      "Total Cost": 269494.02,
      "Plan Rows": 1,
      "Plan Width": 8,
      "Actual Startup Time": 82.243,
      "Actual Total Time": 92.186,
      "Actual Rows": 1,
      "Actual Loops": 1,
      "Plans": [
        {
          "Node Type": "Gather",
          "Parent Relationship": "Outer",
          "Parallel Aware": false,
          "Startup Cost": 269493.49,
          "Total Cost": 269494.0,
          "Plan Rows": 5,
          "Plan Width": 8,
          "Actual Startup Time": 82.074,
          "Actual Total Time": 92.179,
          "Actual Rows": 6,
          "Actual Loops": 1,
          "Workers Planned": 5,
          "Workers Launched": 5,
          "Single Copy": false,
          "Plans": [
            {
              "Node Type": "Aggregate",
              "Strategy": "Plain",
              "Partial Mode": "Partial",
              "Parent Relationship": "Outer",
              "Parallel Aware": false,
              "Startup Cost": 268493.49,
              "Total Cost": 268493.5,
              "Plan Rows": 1,
              "Plan Width": 8,
              "Actual Startup Time": 71.66,
              "Actual Total Time": 71.662,
              "Actual Rows": 1,
              "Actual Loops": 6,
              "Plans": [
                {
                  "Node Type": "Nested Loop",
                  "Parent Relationship": "Outer",
                  "Parallel Aware": false,
                  "Join Type": "Inner",
                  "Startup Cost": 3166.18,
                  "Total Cost": 268484.93,
                  "Plan Rows": 3421,
                  "Plan Width": 0,
                  "Actual Startup Time": 16.601,
                  "Actual Total Time": 71.374,
                  "Actual Rows": 2194,
                  "Actual Loops": 6,
                  "Inner Unique": true,
                  "Plans": [
                    {
                      "Node Type": "Bitmap Heap Scan",
                      "Parent Relationship": "Outer",
                      "Parallel Aware": true,
                      "Relation Name": "cast_info",
                      "Alias": "ci",
                      "Startup Cost": 3165.75,
                      "Total Cost": 228043.25,
                      "Plan Rows": 13039,
                      "Plan Width": 4,
                      "Actual Startup Time": 16.408,
                      "Actual Total Time": 18.959,
                      "Actual Rows": 6064,
                      "Actual Loops": 6,
                      "Recheck Cond": "(person_id < 17444)",
                      "Rows Removed by Index Recheck": 0,
                      "Filter": "(role_id > 2)",
                      "Rows Removed by Filter": 17656,
                      "Exact Heap Blocks": 665,
                      "Lossy Heap Blocks": 0,
                      "Plans": [
                        {
                          "Node Type": "Bitmap Index Scan",
                          "Parent Relationship": "Outer",
                          "Parallel Aware": false,
                          "Index Name": "person_id_cast_info",
                          "Startup Cost": 0.0,
                          "Total Cost": 3149.45,
                          "Plan Rows": 144118,
                          "Plan Width": 0,
                          "Actual Startup Time": 17.322,
                          "Actual Total Time": 17.323,
                          "Actual Rows": 142320,
                          "Actual Loops": 1,
                          "Index Cond": "(person_id < 17444)"
                        }
                      ]
                    },
                    {
                      "Node Type": "Index Scan",
                      "Parent Relationship": "Inner",
                      "Parallel Aware": false,
                      "Scan Direction": "Forward",
                      "Index Name": "title_pkey",
                      "Relation Name": "title",
                      "Alias": "t",
                      "Startup Cost": 0.43,
                      "Total Cost": 3.1,
                      "Plan Rows": 1,
                      "Plan Width": 4,
                      "Actual Startup Time": 0.008,
                      "Actual Total Time": 0.008,
                      "Actual Rows": 0,
                      "Actual Loops": 36385,
                      "Index Cond": "(id = ci.movie_id)",
                      "Rows Removed by Index Recheck": 0,
                      "Filter": "(kind_id = 1)",
                      "Rows Removed by Filter": 1
                    }
                  ]
                }
              ]
            }
          ]
        }
      ]
    },
    "Planning Time": 0.696,
    "Triggers": [],
    "Execution Time": 92.28
  }
]