[
  {
    "Plan": {
      "Node Type": "Aggregate",
      "Strategy": "Plain",
      "Partial Mode": "Finalize",
      "Parallel Aware": false,
      "Startup Cost": 33246.88,
      "Total Cost": 33246.89,
      "Plan Rows": 1,
      "Plan Width": 8,
      "Actual Startup Time": 99.713,
      "Actual Total Time": 107.956,
      "Actual Rows": 1,
      "Actual Loops": 1,
      "Plans": [
        {
          "Node Type": "Gather",
          "Parent Relationship": "Outer",
          "Parallel Aware": false,
          "Startup Cost": 33246.57,
          "Total Cost": 33246.88,
          "Plan Rows": 3,
          "Plan Width": 8,
          "Actual Startup Time": 99.608,
          "Actual Total Time": 107.946,
          "Actual Rows": 4,
          "Actual Loops": 1,
          "Workers Planned": 3,
          "Workers Launched": 3,
          "Single Copy": false,
          "Plans": [
            {
              "Node Type": "Aggregate",
              "Strategy": "Plain",
              "Partial Mode": "Partial",
              "Parent Relationship": "Outer",
              "Parallel Aware": false,
              "Startup Cost": 32246.57,
              "Total Cost": 32246.58,
              "Plan Rows": 1,
              "Plan Width": 8,
              "Actual Startup Time": 94.813,
              "Actual Total Time": 94.815,
              "Actual Rows": 1,
              "Actual Loops": 4,
              "Plans": [
                {
                  "Node Type": "Seq Scan",
                  "Parent Relationship": "Outer",
                  "Parallel Aware": true,
                  "Relation Name": "movie_companies",
                  "Alias": "mc",
                  "Startup Cost": 0.0,
                  "Total Cost": 31414.82,
                  "Plan Rows": 332699,
                  "Plan Width": 0,
                  "Actual Startup Time": 0.025,
                  "Actual Total Time": 79.603,
                  "Actual Rows": 318562,
                  "Actual Loops": 4,
                  "Filter": "((company_id < 74347) AND (company_type_id < 2))",
                  "Rows Removed by Filter": 333721
                }
              ]
            }
          ]
        }
      ]
    },
    "Planning Time": 0.125,
    "Triggers": [],
    "Execution Time": 107.989
  }
]