[
  {
    "Plan": {
      "Node Type": "Aggregate",
      "Strategy": "Plain",
      "Partial Mode": "Finalize",
      "Parallel Aware": false,
      "Startup Cost": 284028.62,
      "Total Cost": 284028.63,
      "Plan Rows": 1,
      "Plan Width": 8,
      "Actual Startup Time": 125.09,
      "Actual Total Time": 134.167,
      "Actual Rows": 1,
      "Actual Loops": 1,
      "Plans": [
        {
          "Node Type": "Gather",
          "Parent Relationship": "Outer",
          "Parallel Aware": false,
          "Startup Cost": 284028.0,
          "Total Cost": 284028.61,
          "Plan Rows": 6,
          "Plan Width": 8,
          "Actual Startup Time": 124.621,
          "Actual Total Time": 134.151,
          "Actual Rows": 7,
          "Actual Loops": 1,
          "Workers Planned": 6,
          "Workers Launched": 6,
          "Single Copy": false,
          "Plans": [
            {
              "Node Type": "Aggregate",
              "Strategy": "Plain",
              "Partial Mode": "Partial",
              "Parent Relationship": "Outer",
              "Parallel Aware": false,
              "Startup Cost": 283028.0,
              "Total Cost": 283028.01,
              "Plan Rows": 1,
              "Plan Width": 8,
              "Actual Startup Time": 117.733,
              "Actual Total Time": 117.736,
              "Actual Rows": 1,
              "Actual Loops": 7,
              "Plans": [
                {
                  "Node Type": "Bitmap Heap Scan",
                  "Parent Relationship": "Outer",
                  "Parallel Aware": true,
                  "Relation Name": "cast_info",
                  "Alias": "ci",
                  "Startup Cost": 27072.7,
                  "Total Cost": 282847.68,
                  "Plan Rows": 72128,
                  "Plan Width": 0,
                  "Actual Startup Time": 41.46,
                  "Actual Total Time": 108.228,
                  "Actual Rows": 131648,
                  "Actual Loops": 7,
                  "Recheck Cond": "(person_id < 128485)",
                  "Rows Removed by Index Recheck": 0,
                  "Filter": "(role_id < 2)",
                  "Rows Removed by Filter": 50865,
                  "Exact Heap Blocks": 3946,
                  "Lossy Heap Blocks": 0,
                  "Plans": [
                    {
                      "Node Type": "Bitmap Index Scan",
                      "Parent Relationship": "Outer",
                      "Parallel Aware": false,
                      "Index Name": "person_id_cast_info",
                      "Startup Cost": 0.0,
                      "Total Cost": 26964.51,
                      "Plan Rows": 1235192,
                      "Plan Width": 0,
                      "Actual Startup Time": 45.658,
                      "Actual Total Time": 45.659,
                      "Actual Rows": 1277593,
                      "Actual Loops": 1,
                      "Index Cond": "(person_id < 128485)"
                    }
                  ]
                }
              ]
            }
          ]
        }
      ]
    },
    "Planning Time": 0.103,
    "Triggers": [],
    "Execution Time": 134.207
  }
]