[
  {
    "Plan": {
      "Node Type": "Aggregate",
      "Strategy": "Plain",
      "Partial Mode": "Finalize",
      "Parallel Aware": false,
      "Startup Cost": 284365.15,
      "Total Cost": 284365.16,
      "Plan Rows": 1,
      "Plan Width": 8,
      "Actual Startup Time": 130.738,
      "Actual Total Time": 136.202,
      "Actual Rows": 1,
      "Actual Loops": 1,
      "Plans": [
        {
          "Node Type": "Gather",
          "Parent Relationship": "Outer",
          "Parallel Aware": false,
          "Startup Cost": 284364.52,
          "Total Cost": 284365.13,
          "Plan Rows": 6,
          "Plan Width": 8,
          "Actual Startup Time": 130.44,
          "Actual Total Time": 136.193,
          "Actual Rows": 7,
          "Actual Loops": 1,
          "Workers Planned": 6,
          "Workers Launched": 6,
          "Single Copy": false,
          "Plans": [
            {
              "Node Type": "Aggregate",
              "Strategy": "Plain",
              "Partial Mode": "Partial",
              "Parent Relationship": "Outer",
              "Parallel Aware": false,
              "Startup Cost": 283364.52,
              "Total Cost": 283364.53,
              "Plan Rows": 1,
              "Plan Width": 8,
              "Actual Startup Time": 120.679,
              "Actual Total Time": 120.68,
              "Actual Rows": 1,
              "Actual Loops": 7,
              "Plans": [
                {
                  "Node Type": "Bitmap Heap Scan",
                  "Parent Relationship": "Outer",
                  "Parallel Aware": true,
                  "Relation Name": "cast_info",
                  "Alias": "ci",
                  "Startup Cost": 27376.79,
                  "Total Cost": 283185.36,
                  "Plan Rows": 71664,
                  "Plan Width": 0,
                  "Actual Startup Time": 58.705,
                  "Actual Total Time": 112.505,
                  "Actual Rows": 131648,
                  "Actual Loops": 7,
                  "Recheck Cond": "(person_id < 128485)",
                  "Rows Removed by Index Recheck": 0,
                  "Filter": "(role_id < 2)",
                  "Rows Removed by Filter": 50865,
                  "Exact Heap Blocks": 3537,
                  "Lossy Heap Blocks": 0,
                  "Plans": [
                    {
                      "Node Type": "Bitmap Index Scan",
                      "Parent Relationship": "Outer",
                      "Parallel Aware": false,
                      "Index Name": "person_id_cast_info",
                      "Startup Cost": 0.0,
                      "Total Cost": 27269.29,
                      "Plan Rows": 1248630,
                      "Plan Width": 0,
                      "Actual Startup Time": 65.218,
                      "Actual Total Time": 65.218,
                      "Actual Rows": 1277593,
                      "Actual Loops": 1,
                      "Index Cond": "(person_id < 128485)"
                    }
                  ]
                }
              ]
            }
          ]
        }
      ]
    },
    "Planning Time": 0.214,
    "Triggers": [],
    "Execution Time": 136.273
  }
]