[
  {
    "Plan": {
      "Node Type": "Aggregate",
      "Strategy": "Plain",
      "Partial Mode": "Finalize",
      "Parallel Aware": false,
      "Startup Cost": 328804.38,
      "Total Cost": 328804.39,
      "Plan Rows": 1,
      "Plan Width": 8,
      "Actual Startup Time": 2588.218,
      "Actual Total Time": 2686.623,
      "Actual Rows": 1,
      "Actual Loops": 1,
      "Plans": [
        {
          "Node Type": "Gather",
          "Parent Relationship": "Outer",
          "Parallel Aware": false,
          "Startup Cost": 328803.86,
          "Total Cost": 328804.37,
          "Plan Rows": 5,
          "Plan Width": 8,
          "Actual Startup Time": 2583.702,
          "Actual Total Time": 2686.612,
          "Actual Rows": 6,
          "Actual Loops": 1,
          "Workers Planned": 5,
          "Workers Launched": 5,
          "Single Copy": false,
          "Plans": [
            {
              "Node Type": "Aggregate",
              "Strategy": "Plain",
              "Partial Mode": "Partial",
              "Parent Relationship": "Outer",
              "Parallel Aware": false,
              "Startup Cost": 327803.86,
              "Total Cost": 327803.87,
              "Plan Rows": 1,
              "Plan Width": 8,
              "Actual Startup Time": 2575.337,
              "Actual Total Time": 2575.34,
              "Actual Rows": 1,
              "Actual Loops": 6,
              "Plans": [
                {
                  "Node Type": "Nested Loop",
                  "Parent Relationship": "Outer",
                  "Parallel Aware": false,
                  "Join Type": "Inner",
                  "Startup Cost": 69540.21,
                  "Total Cost": 327063.96,
                  "Plan Rows": 295960,
                  "Plan Width": 0,
                  "Actual Startup Time": 270.047,
                  "Actual Total Time": 2538.322,
                  "Actual Rows": 618200,
                  "Actual Loops": 6,
                  "Inner Unique": false,
                  "Plans": [
                    {
                      "Node Type": "Merge Join",
                      "Parent Relationship": "Outer",
                      "Parallel Aware": false,
                      "Join Type": "Inner",
                      "Startup Cost": 69539.65,
                      "Total Cost": 163634.53,
                      "Plan Rows": 79797,
                      "Plan Width": 8,
                      "Actual Startup Time": 269.842,
                      "Actual Total Time": 697.224,
                      "Actual Rows": 65507,
                      "Actual Loops": 6,
                      "Inner Unique": false,
                      "Merge Cond": "(t.id = mc.movie_id)",
                      "Plans": [
                        {
                          "Node Type": "Index Only Scan",
                          "Parent Relationship": "Outer",
                          "Parallel Aware": true,
                          "Scan Direction": "Forward",
                          "Index Name": "title_pkey",
                          "Relation Name": "title",
                          "Alias": "t",
                          "Startup Cost": 0.43,
                          "Total Cost": 90125.02,
                          "Plan Rows": 505685,
                          "Plan Width": 4,
                          "Actual Startup Time": 0.125,
                          "Actual Total Time": 338.459,
                          "Actual Rows": 420946,
                          "Actual Loops": 6,
                          "Heap Fetches": 2525673
                        },
                        {
                          "Node Type": "Sort",
                          "Parent Relationship": "Inner",
                          "Parallel Aware": false,
                          "Startup Cost": 69539.16,
                          "Total Cost": 70536.62,
                          "Plan Rows": 398983,
                          "Plan Width": 4,
                          "Actual Startup Time": 269.459,
                          "Actual Total Time": 294.939,
                          "Actual Rows": 393040,
                          "Actual Loops": 6,
                          "Sort Key": [
                            "mc.movie_id"
                          ],
                          "Sort Method": "quicksort",
                          "Sort Space Used": 30712,
                          "Sort Space Type": "Memory",
                          "Workers": [
                            {
                              "Worker Number": 0,
                              "Sort Method": "quicksort",
                              "Sort Space Used": 30712,
                              "Sort Space Type": "Memory"
                            },
                            {
                              "Worker Number": 1,
                              "Sort Method": "quicksort",
                              "Sort Space Used": 30712,
                              "Sort Space Type": "Memory"
                            },
                            {
                              "Worker Number": 2,
                              "Sort Method": "quicksort",
                              "Sort Space Used": 30712,
                              "Sort Space Type": "Memory"
                            },
                            {
                              "Worker Number": 3,
                              "Sort Method": "quicksort",
                              "Sort Space Used": 30712,
                              "Sort Space Type": "Memory"
                            },
                            {
                              "Worker Number": 4,
                              "Sort Method": "quicksort",
                              "Sort Space Used": 30712,
                              "Sort Space Type": "Memory"
                            }
                          ],
                          "Plans": [
                            {
                              "Node Type": "Bitmap Heap Scan",
                              "Parent Relationship": "Outer",
                              "Parallel Aware": false,
                              "Relation Name": "movie_companies",
                              "Alias": "mc",
                              "Startup Cost": 8644.55,
                              "Total Cost": 32421.84,
                              "Plan Rows": 398983,
                              "Plan Width": 4,
                              "Actual Startup Time": 35.634,
                              "Actual Total Time": 146.478,
                              "Actual Rows": 393040,
                              "Actual Loops": 6,
                              "Recheck Cond": "(company_id < 240)",
                              "Rows Removed by Index Recheck": 0,
                              "Exact Heap Blocks": 18001,
                              "Lossy Heap Blocks": 0,
                              "Plans": [
                                {
                                  "Node Type": "Bitmap Index Scan",
                                  "Parent Relationship": "Outer",
                                  "Parallel Aware": false,
                                  "Index Name": "company_id_movie_companies",
                                  "Startup Cost": 0.0,
                                  "Total Cost": 8544.8,
                                  "Plan Rows": 398983,
                                  "Plan Width": 0,
                                  "Actual Startup Time": 32.325,
                                  "Actual Total Time": 32.325,
                                  "Actual Rows": 393040,
                                  "Actual Loops": 6,
                                  "Index Cond": "(company_id < 240)"
                                }
                              ]
                            }
                          ]
                        }
                      ]
                    },
                    {
                      "Node Type": "Index Scan",
                      "Parent Relationship": "Inner",
                      "Parallel Aware": false,
                      "Scan Direction": "Forward",
                      "Index Name": "movie_id_cast_info",
                      "Relation Name": "cast_info",
                      "Alias": "ci",
                      "Startup Cost": 0.56,
                      "Total Cost": 1.96,
                      "Plan Rows": 9,
                      "Plan Width": 4,
                      "Actual Startup Time": 0.02,
                      "Actual Total Time": 0.027,
                      "Actual Rows": 9,
                      "Actual Loops": 393040,
                      "Index Cond": "(movie_id = t.id)",
                      "Rows Removed by Index Recheck": 0,
                      "Filter": "((person_id > 25721) AND (role_id > 4))",
                      "Rows Removed by Filter": 20
                    }
                  ]
                }
              ]
            }
          ]
        }
      ]
    },
    "Planning Time": 1.546,
    "Triggers": [],
    "Execution Time": 2692.831
  }
]