[
  {
    "Plan": {
      "Node Type": "Aggregate",
      "Strategy": "Plain",
      "Partial Mode": "Finalize",
      "Parallel Aware": false,
      "Startup Cost": 286833.1,
      "Total Cost": 286833.11,
      "Plan Rows": 1,
      "Plan Width": 8,
      "Actual Startup Time": 2943.929,
      "Actual Total Time": 3045.672,
      "Actual Rows": 1,
      "Actual Loops": 1,
      "Plans": [
        {
          "Node Type": "Gather",
          "Parent Relationship": "Outer",
          "Parallel Aware": false,
          "Startup Cost": 286832.68,
          "Total Cost": 286833.09,
          "Plan Rows": 4,
          "Plan Width": 8,
          "Actual Startup Time": 2941.906,
          "Actual Total Time": 3045.662,
          "Actual Rows": 5,
          "Actual Loops": 1,
          "Workers Planned": 4,
          "Workers Launched": 4,
          "Single Copy": false,
          "Plans": [
            {
              "Node Type": "Aggregate",
              "Strategy": "Plain",
              "Partial Mode": "Partial",
              "Parent Relationship": "Outer",
              "Parallel Aware": false,
              "Startup Cost": 285832.68,
              "Total Cost": 285832.69,
              "Plan Rows": 1,
              "Plan Width": 8,
              "Actual Startup Time": 2931.282,
              "Actual Total Time": 2931.286,
              "Actual Rows": 1,
              "Actual Loops": 5,
              "Plans": [
                {
                  "Node Type": "Nested Loop",
                  "Parent Relationship": "Outer",
                  "Parallel Aware": false,
                  "Join Type": "Inner",
                  "Startup Cost": 30583.12,
                  "Total Cost": 284907.66,
                  "Plan Rows": 370007,
                  "Plan Width": 0,
                  "Actual Startup Time": 119.171,
                  "Actual Total Time": 2889.358,
                  "Actual Rows": 741840,
                  "Actual Loops": 5,
                  "Inner Unique": false,
                  "Plans": [
                    {
                      "Node Type": "Hash Join",
                      "Parent Relationship": "Outer",
                      "Parallel Aware": true,
                      "Join Type": "Inner",
                      "Startup Cost": 30582.56,
                      "Total Cost": 76381.49,
                      "Plan Rows": 99152,
                      "Plan Width": 8,
                      "Actual Startup Time": 118.77,
                      "Actual Total Time": 411.928,
                      "Actual Rows": 78608,
                      "Actual Loops": 5,
                      "Inner Unique": false,
                      "Hash Cond": "(t.id = mc.movie_id)",
                      "Plans": [
                        {
                          "Node Type": "Seq Scan",
                          "Parent Relationship": "Outer",
                          "Parallel Aware": true,
                          "Relation Name": "title",
                          "Alias": "t",
                          "Startup Cost": 0.0,
                          "Total Cost": 42318.73,
                          "Plan Rows": 632073,
                          "Plan Width": 4,
                          "Actual Startup Time": 0.012,
                          "Actual Total Time": 71.769,
                          "Actual Rows": 505662,
                          "Actual Loops": 5
                        },
                        {
                          "Node Type": "Hash",
                          "Parent Relationship": "Inner",
                          "Parallel Aware": true,
                          "Startup Cost": 28983.34,
                          "Total Cost": 28983.34,
                          "Plan Rows": 127937,
                          "Plan Width": 4,
                          "Actual Startup Time": 115.981,
                          "Actual Total Time": 115.982,
                          "Actual Rows": 78608,
                          "Actual Loops": 5,
                          "Hash Buckets": 524288,
                          "Original Hash Buckets": 524288,
                          "Hash Batches": 1,
                          "Original Hash Batches": 1,
                          "Peak Memory Usage": 19552,
                          "Plans": [
                            {
                              "Node Type": "Bitmap Heap Scan",
                              "Parent Relationship": "Outer",
                              "Parallel Aware": true,
                              "Relation Name": "movie_companies",
                              "Alias": "mc",
                              "Startup Cost": 8594.13,
                              "Total Cost": 28983.34,
                              "Plan Rows": 127937,
                              "Plan Width": 4,
                              "Actual Startup Time": 32.321,
                              "Actual Total Time": 82.44,
                              "Actual Rows": 78608,
                              "Actual Loops": 5,
                              "Recheck Cond": "(company_id < 240)",
                              "Rows Removed by Index Recheck": 0,
                              "Exact Heap Blocks": 5133,
                              "Lossy Heap Blocks": 0,
                              "Plans": [
                                {
                                  "Node Type": "Bitmap Index Scan",
                                  "Parent Relationship": "Outer",
                                  "Parallel Aware": false,
                                  "Index Name": "company_id_movie_companies",
                                  "Startup Cost": 0.0,
                                  "Total Cost": 8494.98,
                                  "Plan Rows": 396606,
                                  "Plan Width": 0,
                                  "Actual Startup Time": 28.267,
                                  "Actual Total Time": 28.267,
                                  "Actual Rows": 393040,
                                  "Actual Loops": 1,
                                  "Index Cond": "(company_id < 240)"
                                }
                              ]
                            }
                          ]
                        }
                      ]
                    },
                    {
                      "Node Type": "Index Scan",
                      "Parent Relationship": "Inner",
                      "Parallel Aware": false,
                      "Scan Direction": "Forward",
                      "Index Name": "movie_id_cast_info",
                      "Relation Name": "cast_info",
                      "Alias": "ci",
                      "Startup Cost": 0.56,
                      "Total Cost": 2.0,
                      "Plan Rows": 10,
                      "Plan Width": 4,
                      "Actual Startup Time": 0.023,
                      "Actual Total Time": 0.03,
                      "Actual Rows": 9,
                      "Actual Loops": 393040,
                      "Index Cond": "(movie_id = t.id)",
                      "Rows Removed by Index Recheck": 0,
                      "Filter": "((person_id > 25721) AND (role_id > 4))",
                      "Rows Removed by Filter": 20
                    }
                  ]
                }
              ]
            }
          ]
        }
      ]
    },
    "Planning Time": 1.565,
    "Triggers": [],
    "Execution Time": 3045.825
  }
]