{
  "Plan": {
    "Node Type": "Aggregate",
    "Strategy": "Plain",
    "Partial Mode": "Finalize",
    "Parallel Aware": false,
    "Startup Cost": 320330.99,
    "Total Cost": 320331.0,
    "Plan Rows": 1,
    "Plan Width": 8,
    "Actual Startup Time": 3722.715,
    "Actual Total Time": 3737.022,
    "Actual Rows": 1,
    "Actual Loops": 1,
    "Plans": [
      {
        "Node Type": "Gather",
        "Parent Relationship": "Outer",
        "Parallel Aware": false,
        "Startup Cost": 320330.88,
        "Total Cost": 320330.99,
        "Plan Rows": 1,
        "Plan Width": 8,
        "Actual Startup Time": 3721.025,
        "Actual Total Time": 3737.013,
        "Actual Rows": 2,
        "Actual Loops": 1,
        "Workers Planned": 1,
        "Workers Launched": 1,
        "Single Copy": false,
        "Plans": [
          {
            "Node Type": "Aggregate",
            "Strategy": "Plain",
            "Partial Mode": "Partial",
            "Parent Relationship": "Outer",
            "Parallel Aware": false,
            "Startup Cost": 319330.88,
            "Total Cost": 319330.89,
            "Plan Rows": 1,
            "Plan Width": 8,
            "Actual Startup Time": 3715.018,
            "Actual Total Time": 3715.022,
            "Actual Rows": 1,
            "Actual Loops": 2,
            "Plans": [
              {
                "Node Type": "Nested Loop",
                "Parent Relationship": "Outer",
                "Parallel Aware": false,
                "Join Type": "Inner",
                "Startup Cost": 57925.63,
                "Total Cost": 318510.81,
                "Plan Rows": 328026,
                "Plan Width": 0,
                "Actual Startup Time": 233.376,
                "Actual Total Time": 3407.911,
                "Actual Rows": 6898327,
                "Actual Loops": 2,
                "Inner Unique": false,
                "Join Filter": "(t.id = mc.movie_id)",
                "Rows Removed by Join Filter": 0,
                "Plans": [
                  {
                    "Node Type": "Hash Join",
                    "Parent Relationship": "Outer",
                    "Parallel Aware": true,
                    "Join Type": "Inner",
                    "Startup Cost": 57925.2,
                    "Total Cost": 119415.43,
                    "Plan Rows": 317863,
                    "Plan Width": 8,
                    "Actual Startup Time": 233.278,
                    "Actual Total Time": 573.823,
                    "Actual Rows": 558188,
                    "Actual Loops": 2,
                    "Inner Unique": true,
                    "Hash Cond": "(mk.movie_id = t.id)",
                    "Plans": [
                      {
                        "Node Type": "Seq Scan",
                        "Parent Relationship": "Outer",
                        "Parallel Aware": true,
                        "Relation Name": "movie_keyword",
                        "Alias": "mk",
                        "Startup Cost": 0.0,
                        "Total Cost": 57718.19,
                        "Plan Rows": 1436962,
                        "Plan Width": 4,
                        "Actual Startup Time": 0.394,
                        "Actual Total Time": 216.579,
                        "Actual Rows": 1220142,
                        "Actual Loops": 2,
                        "Filter": "(keyword_id > 3709)",
                        "Rows Removed by Filter": 1041822
                      },
                      {
                        "Node Type": "Hash",
                        "Parent Relationship": "Inner",
                        "Parallel Aware": true,
                        "Startup Cost": 53812.93,
                        "Total Cost": 53812.93,
                        "Plan Rows": 328982,
                        "Plan Width": 4,
                        "Actual Startup Time": 163.245,
                        "Actual Total Time": 163.246,
                        "Actual Rows": 219357,
                        "Actual Loops": 2,
                        "Hash Buckets": 1048576,
                        "Original Hash Buckets": 1048576,
                        "Hash Batches": 1,
                        "Original Hash Batches": 1,
                        "Peak Memory Usage": 25408,
                        "Plans": [
                          {
                            "Node Type": "Bitmap Heap Scan",
                            "Parent Relationship": "Outer",
                            "Parallel Aware": true,
                            "Relation Name": "title",
                            "Alias": "t",
                            "Startup Cost": 11962.67,
                            "Total Cost": 53812.93,
                            "Plan Rows": 328982,
                            "Plan Width": 4,
                            "Actual Startup Time": 30.271,
                            "Actual Total Time": 102.694,
                            "Actual Rows": 219357,
                            "Actual Loops": 2,
                            "Recheck Cond": "(kind_id = 1)",
                            "Rows Removed by Index Recheck": 0,
                            "Filter": "(production_year > 1967)",
                            "Rows Removed by Filter": 112056,
                            "Exact Heap Blocks": 8784,
                            "Lossy Heap Blocks": 0,
                            "Plans": [
                              {
                                "Node Type": "Bitmap Index Scan",
                                "Parent Relationship": "Outer",
                                "Parallel Aware": false,
                                "Index Name": "kind_id_title",
                                "Startup Cost": 0.0,
                                "Total Cost": 11822.85,
                                "Plan Rows": 663256,
                                "Plan Width": 0,
                                "Actual Startup Time": 28.334,
                                "Actual Total Time": 28.334,
                                "Actual Rows": 662825,
                                "Actual Loops": 1,
                                "Index Cond": "(kind_id = 1)"
                              }
                            ]
                          }
                        ]
                      }
                    ]
                  },
                  {
                    "Node Type": "Index Only Scan",
                    "Parent Relationship": "Inner",
                    "Parallel Aware": false,
                    "Scan Direction": "Forward",
                    "Index Name": "movie_id_movie_companies",
                    "Relation Name": "movie_companies",
                    "Alias": "mc",
                    "Startup Cost": 0.43,
                    "Total Cost": 0.56,
                    "Plan Rows": 5,
                    "Plan Width": 4,
                    "Actual Startup Time": 0.002,
                    "Actual Total Time": 0.004,
                    "Actual Rows": 12,
                    "Actual Loops": 1116377,
                    "Index Cond": "(movie_id = mk.movie_id)",
                    "Rows Removed by Index Recheck": 0,
                    "Heap Fetches": 13796654
                  }
                ]
              }
            ]
          }
        ]
      }
    ]
  },
  "Planning Time": 1.164,
  "Triggers": [],
  "Execution Time": 3737.127
}