[
  {
    "Plan": {
      "Node Type": "Aggregate",
      "Strategy": "Plain",
      "Partial Mode": "Finalize",
      "Parallel Aware": false,
      "Startup Cost": 285410.76,
      "Total Cost": 285410.77,
      "Plan Rows": 1,
      "Plan Width": 8,
      "Actual Startup Time": 1080.376,
      "Actual Total Time": 1107.988,
      "Actual Rows": 1,
      "Actual Loops": 1,
      "Plans": [
        {
          "Node Type": "Gather",
          "Parent Relationship": "Outer",
          "Parallel Aware": false,
          "Startup Cost": 285410.44,
          "Total Cost": 285410.75,
          "Plan Rows": 3,
          "Plan Width": 8,
          "Actual Startup Time": 1068.198,
          "Actual Total Time": 1107.977,
          "Actual Rows": 4,
          "Actual Loops": 1,
          "Workers Planned": 3,
          "Workers Launched": 3,
          "Single Copy": false,
          "Plans": [
            {
              "Node Type": "Aggregate",
              "Strategy": "Plain",
              "Partial Mode": "Partial",
              "Parent Relationship": "Outer",
              "Parallel Aware": false,
              "Startup Cost": 284410.44,
              "Total Cost": 284410.45,
              "Plan Rows": 1,
              "Plan Width": 8,
              "Actual Startup Time": 1055.791,
              "Actual Total Time": 1055.92,
              "Actual Rows": 1,
              "Actual Loops": 4,
              "Plans": [
                {
                  "Node Type": "Hash Join",
                  "Parent Relationship": "Outer",
                  "Parallel Aware": true,
                  "Join Type": "Inner",
                  "Startup Cost": 239938.49,
                  "Total Cost": 284057.55,
                  "Plan Rows": 141157,
                  "Plan Width": 0,
                  "Actual Startup Time": 687.893,
                  "Actual Total Time": 970.548,
                  "Actual Rows": 2171055,
                  "Actual Loops": 4,
                  "Inner Unique": false,
                  "Hash Cond": "(mk.movie_id = t.id)",
                  "Plans": [
                    {
                      "Node Type": "Seq Scan",
                      "Parent Relationship": "Outer",
                      "Parallel Aware": true,
                      "Relation Name": "movie_keyword",
                      "Alias": "mk",
                      "Startup Cost": 0.0,
                      "Total Cost": 42695.65,
                      "Plan Rows": 304293,
                      "Plan Width": 4,
                      "Actual Startup Time": 0.026,
                      "Actual Total Time": 89.806,
                      "Actual Rows": 236581,
                      "Actual Loops": 4,
                      "Filter": "(keyword_id < 889)",
                      "Rows Removed by Filter": 894402
                    },
                    {
                      "Node Type": "Hash",
                      "Parent Relationship": "Inner",
                      "Parallel Aware": true,
                      "Startup Cost": 237006.4,
                      "Total Cost": 237006.4,
                      "Plan Rows": 234567,
                      "Plan Width": 8,
                      "Actual Startup Time": 680.492,
                      "Actual Total Time": 680.619,
                      "Actual Rows": 282146,
                      "Actual Loops": 4,
                      "Hash Buckets": 2097152,
                      "Original Hash Buckets": 2097152,
                      "Hash Batches": 1,
                      "Original Hash Batches": 1,
                      "Peak Memory Usage": 60576,
                      "Plans": [
                        {
                          "Node Type": "Hash Join",
                          "Parent Relationship": "Outer",
                          "Parallel Aware": true,
                          "Join Type": "Inner",
                          "Startup Cost": 71465.57,
                          "Total Cost": 237006.4,
                          "Plan Rows": 234567,
                          "Plan Width": 8,
                          "Actual Startup Time": 396.228,
                          "Actual Total Time": 585.987,
                          "Actual Rows": 282146,
                          "Actual Loops": 4,
                          "Inner Unique": true,
                          "Hash Cond": "(mi.movie_id = t.id)",
                          "Plans": [
                            {
                              "Node Type": "Bitmap Heap Scan",
                              "Parent Relationship": "Outer",
                              "Parallel Aware": true,
                              "Relation Name": "movie_info",
                              "Alias": "mi",
                              "Startup Cost": 21245.92,
                              "Total Cost": 186171.01,
                              "Plan Rows": 234567,
                              "Plan Width": 4,
                              "Actual Startup Time": 52.415,
                              "Actual Total Time": 132.038,
                              "Actual Rows": 282146,
                              "Actual Loops": 4,
                              "Recheck Cond": "(info_type_id > 61)",
                              "Rows Removed by Index Recheck": 0,
                              "Exact Heap Blocks": 9525,
                              "Lossy Heap Blocks": 0,
                              "Plans": [
                                {
                                  "Node Type": "Bitmap Index Scan",
                                  "Parent Relationship": "Outer",
                                  "Parallel Aware": false,
                                  "Index Name": "info_type_id_movie_info",
                                  "Startup Cost": 0.0,
                                  "Total Cost": 20952.71,
                                  "Plan Rows": 1172837,
                                  "Plan Width": 0,
                                  "Actual Startup Time": 46.341,
                                  "Actual Total Time": 46.342,
                                  "Actual Rows": 1128585,
                                  "Actual Loops": 1,
                                  "Index Cond": "(info_type_id > 61)"
                                }
                              ]
                            },
                            {
                              "Node Type": "Hash",
                              "Parent Relationship": "Inner",
                              "Parallel Aware": true,
                              "Startup Cost": 42318.73,
                              "Total Cost": 42318.73,
                              "Plan Rows": 632073,
                              "Plan Width": 4,
                              "Actual Startup Time": 337.547,
                              "Actual Total Time": 337.548,
                              "Actual Rows": 632078,
                              "Actual Loops": 4,
                              "Hash Buckets": 4194304,
                              "Original Hash Buckets": 4194304,
                              "Hash Batches": 1,
                              "Original Hash Batches": 1,
                              "Peak Memory Usage": 131744,
                              "Plans": [
                                {
                                  "Node Type": "Seq Scan",
                                  "Parent Relationship": "Outer",
                                  "Parallel Aware": true,
                                  "Relation Name": "title",
                                  "Alias": "t",
                                  "Startup Cost": 0.0,
                                  "Total Cost": 42318.73,
                                  "Plan Rows": 632073,
                                  "Plan Width": 4,
                                  "Actual Startup Time": 0.037,
                                  "Actual Total Time": 98.17,
                                  "Actual Rows": 632078,
                                  "Actual Loops": 4
                                }
                              ]
                            }
                          ]
                        }
                      ]
                    }
                  ]
                }
              ]
            }
          ]
        }
      ]
    },
    "Planning Time": 1.41,
    "Triggers": [],
    "Execution Time": 1108.105
  }
]