[
  {
    "Plan": {
      "Node Type": "Aggregate",
      "Strategy": "Plain",
      "Partial Mode": "Finalize",
      "Parallel Aware": false,
      "Startup Cost": 47260.08,
      "Total Cost": 47260.09,
      "Plan Rows": 1,
      "Plan Width": 8,
      "Actual Startup Time": 128.37,
      "Actual Total Time": 139.844,
      "Actual Rows": 1,
      "Actual Loops": 1,
      "Plans": [
        {
          "Node Type": "Gather",
          "Parent Relationship": "Outer",
          "Parallel Aware": false,
          "Startup Cost": 47259.66,
          "Total Cost": 47260.07,
          "Plan Rows": 4,
          "Plan Width": 8,
          "Actual Startup Time": 128.07,
          "Actual Total Time": 139.827,
          "Actual Rows": 5,
          "Actual Loops": 1,
          "Workers Planned": 4,
          "Workers Launched": 4,
          "Single Copy": false,
          "Plans": [
            {
              "Node Type": "Aggregate",
              "Strategy": "Plain",
              "Partial Mode": "Partial",
              "Parent Relationship": "Outer",
              "Parallel Aware": false,
              "Startup Cost": 46259.66,
              "Total Cost": 46259.67,
              "Plan Rows": 1,
              "Plan Width": 8,
              "Actual Startup Time": 118.17,
              "Actual Total Time": 118.172,
              "Actual Rows": 1,
              "Actual Loops": 5,
              "Plans": [
                {
                  "Node Type": "Seq Scan",
                  "Parent Relationship": "Outer",
                  "Parallel Aware": true,
                  "Relation Name": "title",
                  "Alias": "t",
                  "Startup Cost": 0.0,
                  "Total Cost": 45479.59,
                  "Plan Rows": 312029,
                  "Plan Width": 0,
                  "Actual Startup Time": 0.057,
                  "Actual Total Time": 101.732,
                  "Actual Rows": 270704,
                  "Actual Loops": 5,
                  "Filter": "((kind_id > 1) AND (production_year > 1993))",
                  "Rows Removed by Filter": 234958
                }
              ]
            }
          ]
        }
      ]
    },
    "Planning Time": 0.217,
    "Triggers": [],
    "Execution Time": 139.913
  }
]