[
  {
    "Plan": {
      "Node Type": "Aggregate",
      "Strategy": "Plain",
      "Partial Mode": "Finalize",
      "Parallel Aware": false,
      "Startup Cost": 46588.45,
      "Total Cost": 46588.46,
      "Plan Rows": 1,
      "Plan Width": 8,
      "Actual Startup Time": 92.805,
      "Actual Total Time": 103.403,
      "Actual Rows": 1,
      "Actual Loops": 1,
      "Plans": [
        {
          "Node Type": "Gather",
          "Parent Relationship": "Outer",
          "Parallel Aware": false,
          "Startup Cost": 46588.03,
          "Total Cost": 46588.44,
          "Plan Rows": 4,
          "Plan Width": 8,
          "Actual Startup Time": 92.548,
          "Actual Total Time": 103.395,
          "Actual Rows": 5,
          "Actual Loops": 1,
          "Workers Planned": 4,
          "Workers Launched": 4,
          "Single Copy": false,
          "Plans": [
            {
              "Node Type": "Aggregate",
              "Strategy": "Plain",
              "Partial Mode": "Partial",
              "Parent Relationship": "Outer",
              "Parallel Aware": false,
              "Startup Cost": 45588.03,
              "Total Cost": 45588.04,
              "Plan Rows": 1,
              "Plan Width": 8,
              "Actual Startup Time": 85.197,
              "Actual Total Time": 85.198,
              "Actual Rows": 1,
              "Actual Loops": 5,
              "Plans": [
                {
                  "Node Type": "Seq Scan",
                  "Parent Relationship": "Outer",
                  "Parallel Aware": true,
                  "Relation Name": "title",
                  "Alias": "t",
                  "Startup Cost": 0.0,
                  "Total Cost": 45479.1,
                  "Plan Rows": 43572,
                  "Plan Width": 0,
                  "Actual Startup Time": 42.438,
                  "Actual Total Time": 83.639,
                  "Actual Rows": 32057,
                  "Actual Loops": 5,
                  "Filter": "((kind_id < 2) AND (production_year > 2008))",
                  "Rows Removed by Filter": 473605
                }
              ]
            }
          ]
        }
      ]
    },
    "Planning Time": 0.178,
    "Triggers": [],
    "Execution Time": 103.463
  }
]