{
  "Plan": {
    "Node Type": "Aggregate",
    "Strategy": "Plain",
    "Partial Mode": "Finalize",
    "Parallel Aware": false,
    "Startup Cost": 102117.17,
    "Total Cost": 102117.18,
    "Plan Rows": 1,
    "Plan Width": 8,
    "Actual Startup Time": 619.649,
    "Actual Total Time": 637.826,
    "Actual Rows": 1,
    "Actual Loops": 1,
    "Plans": [
      {
        "Node Type": "Gather",
        "Parent Relationship": "Outer",
        "Parallel Aware": false,
        "Startup Cost": 102117.05,
        "Total Cost": 102117.16,
        "Plan Rows": 1,
        "Plan Width": 8,
        "Actual Startup Time": 618.163,
        "Actual Total Time": 637.817,
        "Actual Rows": 2,
        "Actual Loops": 1,
        "Workers Planned": 1,
        "Workers Launched": 1,
        "Single Copy": false,
        "Plans": [
          {
            "Node Type": "Aggregate",
            "Strategy": "Plain",
            "Partial Mode": "Partial",
            "Parent Relationship": "Outer",
            "Parallel Aware": false,
            "Startup Cost": 101117.05,
            "Total Cost": 101117.06,
            "Plan Rows": 1,
            "Plan Width": 8,
            "Actual Startup Time": 612.633,
            "Actual Total Time": 612.637,
            "Actual Rows": 1,
            "Actual Loops": 2,
            "Plans": [
              {
                "Node Type": "Hash Join",
                "Parent Relationship": "Outer",
                "Parallel Aware": true,
                "Join Type": "Inner",
                "Startup Cost": 62155.92,
                "Total Cost": 100322.55,
                "Plan Rows": 317802,
                "Plan Width": 0,
                "Actual Startup Time": 225.784,
                "Actual Total Time": 592.97,
                "Actual Rows": 392801,
                "Actual Loops": 2,
                "Inner Unique": true,
                "Hash Cond": "(mc.movie_id = t.id)",
                "Plans": [
                  {
                    "Node Type": "Seq Scan",
                    "Parent Relationship": "Outer",
                    "Parallel Aware": true,
                    "Relation Name": "movie_companies",
                    "Alias": "mc",
                    "Startup Cost": 0.0,
                    "Total Cost": 34137.82,
                    "Plan Rows": 1534782,
                    "Plan Width": 4,
                    "Actual Startup Time": 0.014,
                    "Actual Total Time": 114.667,
                    "Actual Rows": 1304564,
                    "Actual Loops": 2
                  },
                  {
                    "Node Type": "Hash",
                    "Parent Relationship": "Inner",
                    "Parallel Aware": true,
                    "Startup Cost": 58306.47,
                    "Total Cost": 58306.47,
                    "Plan Rows": 307956,
                    "Plan Width": 4,
                    "Actual Startup Time": 220.051,
                    "Actual Total Time": 220.052,
                    "Actual Rows": 220459,
                    "Actual Loops": 2,
                    "Hash Buckets": 524288,
                    "Original Hash Buckets": 524288,
                    "Hash Batches": 1,
                    "Original Hash Batches": 1,
                    "Peak Memory Usage": 21376,
                    "Plans": [
                      {
                        "Node Type": "Seq Scan",
                        "Parent Relationship": "Outer",
                        "Parallel Aware": true,
                        "Relation Name": "title",
                        "Alias": "t",
                        "Startup Cost": 0.0,
                        "Total Cost": 58306.47,
                        "Plan Rows": 307956,
                        "Plan Width": 4,
                        "Actual Startup Time": 0.05,
                        "Actual Total Time": 164.528,
                        "Actual Rows": 220459,
                        "Actual Loops": 2,
                        "Filter": "((kind_id < 7) AND (production_year > 2001))",
                        "Rows Removed by Filter": 1043697
                      }
                    ]
                  }
                ]
              }
            ]
          }
        ]
      }
    ]
  },
  "Planning Time": 0.736,
  "Triggers": [],
  "Execution Time": 637.919
}