{
  "Plan": {
    "Node Type": "Aggregate",
    "Strategy": "Plain",
    "Partial Mode": "Finalize",
    "Parallel Aware": false,
    "Startup Cost": 107200.2,
    "Total Cost": 107200.21,
    "Plan Rows": 1,
    "Plan Width": 8,
    "Actual Startup Time": 288.335,
    "Actual Total Time": 299.605,
    "Actual Rows": 1,
    "Actual Loops": 1,
    "Plans": [
      {
        "Node Type": "Gather",
        "Parent Relationship": "Outer",
        "Parallel Aware": false,
        "Startup Cost": 107200.08,
        "Total Cost": 107200.19,
        "Plan Rows": 1,
        "Plan Width": 8,
        "Actual Startup Time": 288.051,
        "Actual Total Time": 299.597,
        "Actual Rows": 2,
        "Actual Loops": 1,
        "Workers Planned": 1,
        "Workers Launched": 1,
        "Single Copy": false,
        "Plans": [
          {
            "Node Type": "Aggregate",
            "Strategy": "Plain",
            "Partial Mode": "Partial",
            "Parent Relationship": "Outer",
            "Parallel Aware": false,
            "Startup Cost": 106200.08,
            "Total Cost": 106200.09,
            "Plan Rows": 1,
            "Plan Width": 8,
            "Actual Startup Time": 282.094,
            "Actual Total Time": 282.098,
            "Actual Rows": 1,
            "Actual Loops": 2,
            "Plans": [
              {
                "Node Type": "Hash Join",
                "Parent Relationship": "Outer",
                "Parallel Aware": true,
                "Join Type": "Inner",
                "Startup Cost": 73481.4,
                "Total Cost": 106191.25,
                "Plan Rows": 3532,
                "Plan Width": 0,
                "Actual Startup Time": 183.337,
                "Actual Total Time": 281.731,
                "Actual Rows": 6648,
                "Actual Loops": 2,
                "Inner Unique": true,
                "Hash Cond": "(mk.movie_id = t.id)",
                "Plans": [
                  {
                    "Node Type": "Bitmap Heap Scan",
                    "Parent Relationship": "Outer",
                    "Parallel Aware": true,
                    "Relation Name": "movie_keyword",
                    "Alias": "mk",
                    "Startup Cost": 19683.9,
                    "Total Cost": 50960.92,
                    "Plan Rows": 545842,
                    "Plan Width": 4,
                    "Actual Startup Time": 53.927,
                    "Actual Total Time": 145.743,
                    "Actual Rows": 459131,
                    "Actual Loops": 2,
                    "Recheck Cond": "(keyword_id > 20329)",
                    "Rows Removed by Index Recheck": 0,
                    "Exact Heap Blocks": 14561,
                    "Lossy Heap Blocks": 0,
                    "Plans": [
                      {
                        "Node Type": "Bitmap Index Scan",
                        "Parent Relationship": "Outer",
                        "Parallel Aware": false,
                        "Index Name": "keyword_id_movie_keyword",
                        "Startup Cost": 0.0,
                        "Total Cost": 19451.91,
                        "Plan Rows": 927931,
                        "Plan Width": 0,
                        "Actual Startup Time": 48.267,
                        "Actual Total Time": 48.268,
                        "Actual Rows": 918262,
                        "Actual Loops": 1,
                        "Index Cond": "(keyword_id > 20329)"
                      }
                    ]
                  },
                  {
                    "Node Type": "Hash",
                    "Parent Relationship": "Inner",
                    "Parallel Aware": true,
                    "Startup Cost": 53677.2,
                    "Total Cost": 53677.2,
                    "Plan Rows": 9624,
                    "Plan Width": 4,
                    "Actual Startup Time": 96.658,
                    "Actual Total Time": 96.659,
                    "Actual Rows": 4852,
                    "Actual Loops": 2,
                    "Hash Buckets": 16384,
                    "Original Hash Buckets": 16384,
                    "Hash Batches": 1,
                    "Original Hash Batches": 1,
                    "Peak Memory Usage": 544,
                    "Plans": [
                      {
                        "Node Type": "Bitmap Heap Scan",
                        "Parent Relationship": "Outer",
                        "Parallel Aware": true,
                        "Relation Name": "title",
                        "Alias": "t",
                        "Startup Cost": 11826.94,
                        "Total Cost": 53677.2,
                        "Plan Rows": 9624,
                        "Plan Width": 4,
                        "Actual Startup Time": 38.475,
                        "Actual Total Time": 95.075,
                        "Actual Rows": 4852,
                        "Actual Loops": 2,
                        "Recheck Cond": "(kind_id = 1)",
                        "Rows Removed by Index Recheck": 0,
                        "Filter": "(production_year = 2002)",
                        "Rows Removed by Filter": 326560,
                        "Exact Heap Blocks": 9469,
                        "Lossy Heap Blocks": 0,
                        "Plans": [
                          {
                            "Node Type": "Bitmap Index Scan",
                            "Parent Relationship": "Outer",
                            "Parallel Aware": false,
                            "Index Name": "kind_id_title",
                            "Startup Cost": 0.0,
                            "Total Cost": 11822.85,
                            "Plan Rows": 663256,
                            "Plan Width": 0,
                            "Actual Startup Time": 40.962,
                            "Actual Total Time": 40.962,
                            "Actual Rows": 662825,
                            "Actual Loops": 1,
                            "Index Cond": "(kind_id = 1)"
                          }
                        ]
                      }
                    ]
                  }
                ]
              }
            ]
          }
        ]
      }
    ]
  },
  "Planning Time": 0.48,
  "Triggers": [],
  "Execution Time": 299.712
}