[
  {
    "Plan": {
      "Node Type": "Aggregate",
      "Strategy": "Plain",
      "Partial Mode": "Finalize",
      "Parallel Aware": false,
      "Startup Cost": 342119.18,
      "Total Cost": 342119.19,
      "Plan Rows": 1,
      "Plan Width": 8,
      "Actual Startup Time": 926.681,
      "Actual Total Time": 977.109,
      "Actual Rows": 1,
      "Actual Loops": 1,
      "Plans": [
        {
          "Node Type": "Gather",
          "Parent Relationship": "Outer",
          "Parallel Aware": false,
          "Startup Cost": 342118.55,
          "Total Cost": 342119.16,
          "Plan Rows": 6,
          "Plan Width": 8,
          "Actual Startup Time": 926.451,
          "Actual Total Time": 977.098,
          "Actual Rows": 7,
          "Actual Loops": 1,
          "Workers Planned": 6,
          "Workers Launched": 6,
          "Single Copy": false,
          "Plans": [
            {
              "Node Type": "Aggregate",
              "Strategy": "Plain",
              "Partial Mode": "Partial",
              "Parent Relationship": "Outer",
              "Parallel Aware": false,
              "Startup Cost": 341118.55,
              "Total Cost": 341118.56,
              "Plan Rows": 1,
              "Plan Width": 8,
              "Actual Startup Time": 915.822,
              "Actual Total Time": 915.823,
              "Actual Rows": 1,
              "Actual Loops": 7,
              "Plans": [
                {
                  "Node Type": "Seq Scan",
                  "Parent Relationship": "Outer",
                  "Parallel Aware": true,
                  "Relation Name": "cast_info",
                  "Alias": "ci",
                  "Startup Cost": 0.0,
                  "Total Cost": 328211.39,
                  "Plan Rows": 5162864,
                  "Plan Width": 0,
                  "Actual Startup Time": 81.016,
                  "Actual Total Time": 690.709,
                  "Actual Rows": 4399636,
                  "Actual Loops": 7,
                  "Filter": "(person_id > 525483)",
                  "Rows Removed by Filter": 778127
                }
              ]
            }
          ]
        }
      ]
    },
    "Planning Time": 0.213,
    "Triggers": [],
    "Execution Time": 977.181
  }
]