[
  {
    "Plan": {
      "Node Type": "Aggregate",
      "Strategy": "Plain",
      "Partial Mode": "Simple",
      "Parallel Aware": false,
      "Startup Cost": 22084.49,
      "Total Cost": 22084.5,
      "Plan Rows": 1,
      "Plan Width": 8,
      "Actual Startup Time": 27.058,
      "Actual Total Time": 27.059,
      "Actual Rows": 1,
      "Actual Loops": 1,
      "Plans": [
        {
          "Node Type": "Bitmap Heap Scan",
          "Parent Relationship": "Outer",
          "Parallel Aware": false,
          "Relation Name": "movie_keyword",
          "Alias": "mk",
          "Startup Cost": 294.79,
          "Total Cost": 22050.18,
          "Plan Rows": 13723,
          "Plan Width": 0,
          "Actual Startup Time": 7.666,
          "Actual Total Time": 25.354,
          "Actual Rows": 13753,
          "Actual Loops": 1,
          "Recheck Cond": "(keyword_id = 121)",
          "Rows Removed by Index Recheck": 0,
          "Exact Heap Blocks": 6829,
          "Lossy Heap Blocks": 0,
          "Plans": [
            {
              "Node Type": "Bitmap Index Scan",
              "Parent Relationship": "Outer",
              "Parallel Aware": false,
              "Index Name": "keyword_id_movie_keyword",
              "Startup Cost": 0.0,
              "Total Cost": 291.36,
              "Plan Rows": 13723,
              "Plan Width": 0,
              "Actual Startup Time": 4.316,
              "Actual Total Time": 4.317,
              "Actual Rows": 13753,
              "Actual Loops": 1,
              "Index Cond": "(keyword_id = 121)"
            }
          ]
        }
      ]
    },
    "Planning Time": 0.162,
    "Triggers": [],
    "Execution Time": 27.119
  }
]