[
  {
    "Plan": {
      "Node Type": "Aggregate",
      "Strategy": "Plain",
      "Partial Mode": "Finalize",
      "Parallel Aware": false,
      "Startup Cost": 31137.86,
      "Total Cost": 31137.87,
      "Plan Rows": 1,
      "Plan Width": 8,
      "Actual Startup Time": 96.916,
      "Actual Total Time": 104.999,
      "Actual Rows": 1,
      "Actual Loops": 1,
      "Plans": [
        {
          "Node Type": "Gather",
          "Parent Relationship": "Outer",
          "Parallel Aware": false,
          "Startup Cost": 31137.54,
          "Total Cost": 31137.85,
          "Plan Rows": 3,
          "Plan Width": 8,
          "Actual Startup Time": 96.799,
          "Actual Total Time": 104.991,
          "Actual Rows": 4,
          "Actual Loops": 1,
          "Workers Planned": 3,
          "Workers Launched": 3,
          "Single Copy": false,
          "Plans": [
            {
              "Node Type": "Aggregate",
              "Strategy": "Plain",
              "Partial Mode": "Partial",
              "Parent Relationship": "Outer",
              "Parallel Aware": false,
              "Startup Cost": 30137.54,
              "Total Cost": 30137.55,
              "Plan Rows": 1,
              "Plan Width": 8,
              "Actual Startup Time": 90.505,
              "Actual Total Time": 90.506,
              "Actual Rows": 1,
              "Actual Loops": 4,
              "Plans": [
                {
                  "Node Type": "Seq Scan",
                  "Parent Relationship": "Outer",
                  "Parallel Aware": true,
                  "Relation Name": "movie_companies",
                  "Alias": "mc",
                  "Startup Cost": 0.0,
                  "Total Cost": 29310.68,
                  "Plan Rows": 330744,
                  "Plan Width": 0,
                  "Actual Startup Time": 0.04,
                  "Actual Total Time": 75.241,
                  "Actual Rows": 256162,
                  "Actual Loops": 4,
                  "Filter": "(company_id < 5503)",
                  "Rows Removed by Filter": 396121
                }
              ]
            }
          ]
        }
      ]
    },
    "Planning Time": 0.152,
    "Triggers": [],
    "Execution Time": 105.055
  }
]