[
  {
    "Plan": {
      "Node Type": "Aggregate",
      "Strategy": "Plain",
      "Partial Mode": "Finalize",
      "Parallel Aware": false,
      "Startup Cost": 341688.84,
      "Total Cost": 341688.85,
      "Plan Rows": 1,
      "Plan Width": 8,
      "Actual Startup Time": 900.292,
      "Actual Total Time": 939.016,
      "Actual Rows": 1,
      "Actual Loops": 1,
      "Plans": [
        {
          "Node Type": "Gather",
          "Parent Relationship": "Outer",
          "Parallel Aware": false,
          "Startup Cost": 341688.21,
          "Total Cost": 341688.82,
          "Plan Rows": 6,
          "Plan Width": 8,
          "Actual Startup Time": 900.157,
          "Actual Total Time": 939.003,
          "Actual Rows": 7,
          "Actual Loops": 1,
          "Workers Planned": 6,
          "Workers Launched": 6,
          "Single Copy": false,
          "Plans": [
            {
              "Node Type": "Aggregate",
              "Strategy": "Plain",
              "Partial Mode": "Partial",
              "Parent Relationship": "Outer",
              "Parallel Aware": false,
              "Startup Cost": 340688.21,
              "Total Cost": 340688.22,
              "Plan Rows": 1,
              "Plan Width": 8,
              "Actual Startup Time": 890.39,
              "Actual Total Time": 890.392,
              "Actual Rows": 1,
              "Actual Loops": 7,
              "Plans": [
                {
                  "Node Type": "Seq Scan",
                  "Parent Relationship": "Outer",
                  "Parallel Aware": true,
                  "Relation Name": "cast_info",
                  "Alias": "ci",
                  "Startup Cost": 0.0,
                  "Total Cost": 328211.39,
                  "Plan Rows": 4990729,
                  "Plan Width": 0,
                  "Actual Startup Time": 0.055,
                  "Actual Total Time": 666.086,
                  "Actual Rows": 4286534,
                  "Actual Loops": 7,
                  "Filter": "(person_id < 3027516)",
                  "Rows Removed by Filter": 891230
                }
              ]
            }
          ]
        }
      ]
    },
    "Planning Time": 0.203,
    "Triggers": [],
    "Execution Time": 939.081
  }
]