[
  {
    "Plan": {
      "Node Type": "Aggregate",
      "Strategy": "Plain",
      "Partial Mode": "Finalize",
      "Parallel Aware": false,
      "Startup Cost": 44541.03,
      "Total Cost": 44541.04,
      "Plan Rows": 1,
      "Plan Width": 8,
      "Actual Startup Time": 123.031,
      "Actual Total Time": 128.905,
      "Actual Rows": 1,
      "Actual Loops": 1,
      "Plans": [
        {
          "Node Type": "Gather",
          "Parent Relationship": "Outer",
          "Parallel Aware": false,
          "Startup Cost": 44540.72,
          "Total Cost": 44541.03,
          "Plan Rows": 3,
          "Plan Width": 8,
          "Actual Startup Time": 122.972,
          "Actual Total Time": 128.899,
          "Actual Rows": 4,
          "Actual Loops": 1,
          "Workers Planned": 3,
          "Workers Launched": 3,
          "Single Copy": false,
          "Plans": [
            {
              "Node Type": "Aggregate",
              "Strategy": "Plain",
              "Partial Mode": "Partial",
              "Parent Relationship": "Outer",
              "Parallel Aware": false,
              "Startup Cost": 43540.72,
              "Total Cost": 43540.73,
              "Plan Rows": 1,
              "Plan Width": 8,
              "Actual Startup Time": 119.787,
              "Actual Total Time": 119.788,
              "Actual Rows": 1,
              "Actual Loops": 4,
              "Plans": [
                {
                  "Node Type": "Seq Scan",
                  "Parent Relationship": "Outer",
                  "Parallel Aware": true,
                  "Relation Name": "movie_keyword",
                  "Alias": "mk",
                  "Startup Cost": 0.0,
                  "Total Cost": 42695.65,
                  "Plan Rows": 338025,
                  "Plan Width": 0,
                  "Actual Startup Time": 0.021,
                  "Actual Total Time": 104.691,
                  "Actual Rows": 261449,
                  "Actual Loops": 4,
                  "Filter": "(keyword_id < 1043)",
                  "Rows Removed by Filter": 869534
                }
              ]
            }
          ]
        }
      ]
    },
    "Planning Time": 0.069,
    "Triggers": [],
    "Execution Time": 128.929
  }
]