[
    {
        "Bao": {
            "Bao prediction": "NaN",
            "Bao recommended hint": "(no hint)"
        }
    },
    {
        "Plan": {
            "Node Type": "Aggregate",
            "Strategy": "Plain",
            "Partial Mode": "Finalize",
            "Parallel Aware": false,
            "Startup Cost": 27165.39,
            "Total Cost": 27165.4,
            "Plan Rows": 1,
            "Plan Width": 8,
            "Actual Startup Time": 50.8,
            "Actual Total Time": 53.591,
            "Actual Rows": 1,
            "Actual Loops": 1,
            "Output": [
                "count(*)"
            ],
            "Plans": [
                {
                    "Node Type": "Gather",
                    "Parent Relationship": "Outer",
                    "Parallel Aware": false,
                    "Startup Cost": 27165.08,
                    "Total Cost": 27165.39,
                    "Plan Rows": 3,
                    "Plan Width": 8,
                    "Actual Startup Time": 50.661,
                    "Actual Total Time": 53.584,
                    "Actual Rows": 4,
                    "Actual Loops": 1,
                    "Output": [
                        "(PARTIAL count(*))"
                    ],
                    "Workers Planned": 3,
                    "Workers Launched": 3,
                    "Single Copy": false,
                    "Plans": [
                        {
                            "Node Type": "Aggregate",
                            "Strategy": "Plain",
                            "Partial Mode": "Partial",
                            "Parent Relationship": "Outer",
                            "Parallel Aware": false,
                            "Startup Cost": 26165.08,
                            "Total Cost": 26165.09,
                            "Plan Rows": 1,
                            "Plan Width": 8,
                            "Actual Startup Time": 42.579,
                            "Actual Total Time": 42.58,
                            "Actual Rows": 1,
                            "Actual Loops": 4,
                            "Output": [
                                "PARTIAL count(*)"
                            ],
                            "Workers": [
                                {
                                    "Worker Number": 0,
                                    "Actual Startup Time": 39.799,
                                    "Actual Total Time": 39.8,
                                    "Actual Rows": 1,
                                    "Actual Loops": 1
                                },
                                {
                                    "Worker Number": 1,
                                    "Actual Startup Time": 40.027,
                                    "Actual Total Time": 40.028,
                                    "Actual Rows": 1,
                                    "Actual Loops": 1
                                },
                                {
                                    "Worker Number": 2,
                                    "Actual Startup Time": 40.102,
                                    "Actual Total Time": 40.103,
                                    "Actual Rows": 1,
                                    "Actual Loops": 1
                                }
                            ],
                            "Plans": [
                                {
                                    "Node Type": "Bitmap Heap Scan",
                                    "Parent Relationship": "Outer",
                                    "Parallel Aware": true,
                                    "Relation Name": "movie_companies",
                                    "Schema": "public",
                                    "Alias": "mc",
                                    "Startup Cost": 6028.77,
                                    "Total Cost": 25940.69,
                                    "Plan Rows": 89754,
                                    "Plan Width": 0,
                                    "Actual Startup Time": 9.519,
                                    "Actual Total Time": 37.425,
                                    "Actual Rows": 70490,
                                    "Actual Loops": 4,
                                    "Recheck Cond": "(mc.company_id > 95692)",
                                    "Rows Removed by Index Recheck": 0,
                                    "Exact Heap Blocks": 2793,
                                    "Lossy Heap Blocks": 0,
                                    "Workers": [
                                        {
                                            "Worker Number": 0,
                                            "Actual Startup Time": 6.929,
                                            "Actual Total Time": 35.25,
                                            "Actual Rows": 37839,
                                            "Actual Loops": 1
                                        },
                                        {
                                            "Worker Number": 1,
                                            "Actual Startup Time": 7.054,
                                            "Actual Total Time": 35.474,
                                            "Actual Rows": 38437,
                                            "Actual Loops": 1
                                        },
                                        {
                                            "Worker Number": 2,
                                            "Actual Startup Time": 7.046,
                                            "Actual Total Time": 35.406,
                                            "Actual Rows": 39025,
                                            "Actual Loops": 1
                                        }
                                    ],
                                    "Plans": [
                                        {
                                            "Node Type": "Bitmap Index Scan",
                                            "Parent Relationship": "Outer",
                                            "Parallel Aware": false,
                                            "Index Name": "company_id_movie_companies",
                                            "Startup Cost": 0.0,
                                            "Total Cost": 5959.21,
                                            "Plan Rows": 278237,
                                            "Plan Width": 0,
                                            "Actual Startup Time": 16.324,
                                            "Actual Total Time": 16.324,
                                            "Actual Rows": 281959,
                                            "Actual Loops": 1,
                                            "Index Cond": "(mc.company_id > 95692)"
                                        }
                                    ]
                                }
                            ]
                        }
                    ]
                }
            ]
        },
        "Planning Time": 200.685,
        "Triggers": [],
        "Execution Time": 53.648
    }
]