[
  {
    "Plan": {
      "Node Type": "Aggregate",
      "Strategy": "Plain",
      "Partial Mode": "Finalize",
      "Parallel Aware": false,
      "Startup Cost": 124955.28,
      "Total Cost": 124955.29,
      "Plan Rows": 1,
      "Plan Width": 8,
      "Actual Startup Time": 546.805,
      "Actual Total Time": 566.136,
      "Actual Rows": 1,
      "Actual Loops": 1,
      "Plans": [
        {
          "Node Type": "Gather",
          "Parent Relationship": "Outer",
          "Parallel Aware": false,
          "Startup Cost": 124954.96,
          "Total Cost": 124955.27,
          "Plan Rows": 3,
          "Plan Width": 8,
          "Actual Startup Time": 536.68,
          "Actual Total Time": 566.127,
          "Actual Rows": 4,
          "Actual Loops": 1,
          "Workers Planned": 3,
          "Workers Launched": 3,
          "Single Copy": false,
          "Plans": [
            {
              "Node Type": "Aggregate",
              "Strategy": "Plain",
              "Partial Mode": "Partial",
              "Parent Relationship": "Outer",
              "Parallel Aware": false,
              "Startup Cost": 123954.96,
              "Total Cost": 123954.97,
              "Plan Rows": 1,
              "Plan Width": 8,
              "Actual Startup Time": 527.245,
              "Actual Total Time": 527.25,
              "Actual Rows": 1,
              "Actual Loops": 4,
              "Plans": [
                {
                  "Node Type": "Hash Join",
                  "Parent Relationship": "Outer",
                  "Parallel Aware": true,
                  "Join Type": "Inner",
                  "Startup Cost": 92795.07,
                  "Total Cost": 123606.91,
                  "Plan Rows": 139219,
                  "Plan Width": 0,
                  "Actual Startup Time": 405.82,
                  "Actual Total Time": 525.6,
                  "Actual Rows": 41204,
                  "Actual Loops": 4,
                  "Inner Unique": false,
                  "Hash Cond": "(mc.movie_id = t.id)",
                  "Plans": [
                    {
                      "Node Type": "Seq Scan",
                      "Parent Relationship": "Outer",
                      "Parallel Aware": true,
                      "Relation Name": "movie_companies",
                      "Alias": "mc",
                      "Startup Cost": 0.0,
                      "Total Cost": 27206.55,
                      "Plan Rows": 841655,
                      "Plan Width": 4,
                      "Actual Startup Time": 0.021,
                      "Actual Total Time": 55.395,
                      "Actual Rows": 652282,
                      "Actual Loops": 4
                    },
                    {
                      "Node Type": "Hash",
                      "Parent Relationship": "Inner",
                      "Parallel Aware": true,
                      "Startup Cost": 91108.75,
                      "Total Cost": 91108.75,
                      "Plan Rows": 134906,
                      "Plan Width": 8,
                      "Actual Startup Time": 402.426,
                      "Actual Total Time": 402.43,
                      "Actual Rows": 19524,
                      "Actual Loops": 4,
                      "Hash Buckets": 524288,
                      "Original Hash Buckets": 524288,
                      "Hash Batches": 1,
                      "Original Hash Batches": 1,
                      "Peak Memory Usage": 7232,
                      "Plans": [
                        {
                          "Node Type": "Hash Join",
                          "Parent Relationship": "Outer",
                          "Parallel Aware": true,
                          "Join Type": "Inner",
                          "Startup Cost": 63298.0,
                          "Total Cost": 91108.75,
                          "Plan Rows": 134906,
                          "Plan Width": 8,
                          "Actual Startup Time": 289.316,
                          "Actual Total Time": 394.859,
                          "Actual Rows": 19524,
                          "Actual Loops": 4,
                          "Inner Unique": true,
                          "Hash Cond": "(mk.movie_id = t.id)",
                          "Plans": [
                            {
                              "Node Type": "Bitmap Heap Scan",
                              "Parent Relationship": "Outer",
                              "Parallel Aware": true,
                              "Relation Name": "movie_keyword",
                              "Alias": "mk",
                              "Startup Cost": 14596.39,
                              "Total Cost": 41824.56,
                              "Plan Rows": 221934,
                              "Plan Width": 4,
                              "Actual Startup Time": 39.855,
                              "Actual Total Time": 97.864,
                              "Actual Rows": 173584,
                              "Actual Loops": 4,
                              "Recheck Cond": "(keyword_id < 576)",
                              "Rows Removed by Index Recheck": 0,
                              "Exact Heap Blocks": 6960,
                              "Lossy Heap Blocks": 0,
                              "Plans": [
                                {
                                  "Node Type": "Bitmap Index Scan",
                                  "Parent Relationship": "Outer",
                                  "Parallel Aware": false,
                                  "Index Name": "keyword_id_movie_keyword",
                                  "Startup Cost": 0.0,
                                  "Total Cost": 14424.39,
                                  "Plan Rows": 687994,
                                  "Plan Width": 0,
                                  "Actual Startup Time": 36.17,
                                  "Actual Total Time": 36.171,
                                  "Actual Rows": 694335,
                                  "Actual Loops": 1,
                                  "Index Cond": "(keyword_id < 576)"
                                }
                              ]
                            },
                            {
                              "Node Type": "Hash",
                              "Parent Relationship": "Inner",
                              "Parallel Aware": true,
                              "Startup Cost": 43898.92,
                              "Total Cost": 43898.92,
                              "Plan Rows": 384216,
                              "Plan Width": 4,
                              "Actual Startup Time": 243.805,
                              "Actual Total Time": 243.806,
                              "Actual Rows": 385816,
                              "Actual Loops": 4,
                              "Hash Buckets": 2097152,
                              "Original Hash Buckets": 2097152,
                              "Hash Batches": 1,
                              "Original Hash Batches": 1,
                              "Peak Memory Usage": 76800,
                              "Plans": [
                                {
                                  "Node Type": "Seq Scan",
                                  "Parent Relationship": "Outer",
                                  "Parallel Aware": true,
                                  "Relation Name": "title",
                                  "Alias": "t",
                                  "Startup Cost": 0.0,
                                  "Total Cost": 43898.92,
                                  "Plan Rows": 384216,
                                  "Plan Width": 4,
                                  "Actual Startup Time": 0.051,
                                  "Actual Total Time": 99.07,
                                  "Actual Rows": 385816,
                                  "Actual Loops": 4,
                                  "Filter": "(kind_id = 7)",
                                  "Rows Removed by Filter": 246262
                                }
                              ]
                            }
                          ]
                        }
                      ]
                    }
                  ]
                }
              ]
            }
          ]
        }
      ]
    },
    "Planning Time": 1.477,
    "Triggers": [],
    "Execution Time": 566.243
  }
]