[
  {
    "Plan": {
      "Node Type": "Aggregate",
      "Strategy": "Plain",
      "Partial Mode": "Finalize",
      "Parallel Aware": false,
      "Startup Cost": 33657.83,
      "Total Cost": 33657.84,
      "Plan Rows": 1,
      "Plan Width": 8,
      "Actual Startup Time": 121.328,
      "Actual Total Time": 131.489,
      "Actual Rows": 1,
      "Actual Loops": 1,
      "Plans": [
        {
          "Node Type": "Gather",
          "Parent Relationship": "Outer",
          "Parallel Aware": false,
          "Startup Cost": 33657.51,
          "Total Cost": 33657.82,
          "Plan Rows": 3,
          "Plan Width": 8,
          "Actual Startup Time": 120.925,
          "Actual Total Time": 131.475,
          "Actual Rows": 4,
          "Actual Loops": 1,
          "Workers Planned": 3,
          "Workers Launched": 3,
          "Single Copy": false,
          "Plans": [
            {
              "Node Type": "Aggregate",
              "Strategy": "Plain",
              "Partial Mode": "Partial",
              "Parent Relationship": "Outer",
              "Parallel Aware": false,
              "Startup Cost": 32657.51,
              "Total Cost": 32657.52,
              "Plan Rows": 1,
              "Plan Width": 8,
              "Actual Startup Time": 116.819,
              "Actual Total Time": 116.821,
              "Actual Rows": 1,
              "Actual Loops": 4,
              "Plans": [
                {
                  "Node Type": "Bitmap Heap Scan",
                  "Parent Relationship": "Outer",
                  "Parallel Aware": true,
                  "Relation Name": "movie_keyword",
                  "Alias": "mk",
                  "Startup Cost": 6680.23,
                  "Total Cost": 32403.63,
                  "Plan Rows": 101552,
                  "Plan Width": 0,
                  "Actual Startup Time": 40.86,
                  "Actual Total Time": 111.081,
                  "Actual Rows": 77872,
                  "Actual Loops": 4,
                  "Recheck Cond": "(keyword_id < 249)",
                  "Rows Removed by Index Recheck": 0,
                  "Exact Heap Blocks": 9014,
                  "Lossy Heap Blocks": 0,
                  "Plans": [
                    {
                      "Node Type": "Bitmap Index Scan",
                      "Parent Relationship": "Outer",
                      "Parallel Aware": false,
                      "Index Name": "keyword_id_movie_keyword",
                      "Startup Cost": 0.0,
                      "Total Cost": 6601.52,
                      "Plan Rows": 314812,
                      "Plan Width": 0,
                      "Actual Startup Time": 38.375,
                      "Actual Total Time": 38.376,
                      "Actual Rows": 311486,
                      "Actual Loops": 1,
                      "Index Cond": "(keyword_id < 249)"
                    }
                  ]
                }
              ]
            }
          ]
        }
      ]
    },
    "Planning Time": 0.205,
    "Triggers": [],
    "Execution Time": 131.571
  }
]