[
  {
    "Plan": {
      "Node Type": "Aggregate",
      "Strategy": "Plain",
      "Partial Mode": "Finalize",
      "Parallel Aware": false,
      "Startup Cost": 33185.49,
      "Total Cost": 33185.5,
      "Plan Rows": 1,
      "Plan Width": 8,
      "Actual Startup Time": 110.802,
      "Actual Total Time": 119.046,
      "Actual Rows": 1,
      "Actual Loops": 1,
      "Plans": [
        {
          "Node Type": "Gather",
          "Parent Relationship": "Outer",
          "Parallel Aware": false,
          "Startup Cost": 33185.17,
          "Total Cost": 33185.48,
          "Plan Rows": 3,
          "Plan Width": 8,
          "Actual Startup Time": 110.572,
          "Actual Total Time": 119.038,
          "Actual Rows": 4,
          "Actual Loops": 1,
          "Workers Planned": 3,
          "Workers Launched": 3,
          "Single Copy": false,
          "Plans": [
            {
              "Node Type": "Aggregate",
              "Strategy": "Plain",
              "Partial Mode": "Partial",
              "Parent Relationship": "Outer",
              "Parallel Aware": false,
              "Startup Cost": 32185.17,
              "Total Cost": 32185.18,
              "Plan Rows": 1,
              "Plan Width": 8,
              "Actual Startup Time": 101.421,
              "Actual Total Time": 101.422,
              "Actual Rows": 1,
              "Actual Loops": 4,
              "Plans": [
                {
                  "Node Type": "Bitmap Heap Scan",
                  "Parent Relationship": "Outer",
                  "Parallel Aware": true,
                  "Relation Name": "movie_keyword",
                  "Alias": "mk",
                  "Startup Cost": 6295.66,
                  "Total Cost": 31945.92,
                  "Plan Rows": 95701,
                  "Plan Width": 0,
                  "Actual Startup Time": 34.667,
                  "Actual Total Time": 96.527,
                  "Actual Rows": 77872,
                  "Actual Loops": 4,
                  "Recheck Cond": "(keyword_id < 249)",
                  "Rows Removed by Index Recheck": 0,
                  "Exact Heap Blocks": 12304,
                  "Lossy Heap Blocks": 0,
                  "Plans": [
                    {
                      "Node Type": "Bitmap Index Scan",
                      "Parent Relationship": "Outer",
                      "Parallel Aware": false,
                      "Index Name": "keyword_id_movie_keyword",
                      "Startup Cost": 0.0,
                      "Total Cost": 6221.49,
                      "Plan Rows": 296674,
                      "Plan Width": 0,
                      "Actual Startup Time": 38.554,
                      "Actual Total Time": 38.555,
                      "Actual Rows": 311486,
                      "Actual Loops": 1,
                      "Index Cond": "(keyword_id < 249)"
                    }
                  ]
                }
              ]
            }
          ]
        }
      ]
    },
    "Planning Time": 0.145,
    "Triggers": [],
    "Execution Time": 119.11
  }
]