{
  "Plan": {
    "Node Type": "Aggregate",
    "Strategy": "Plain",
    "Partial Mode": "Finalize",
    "Parallel Aware": false,
    "Startup Cost": 473952.98,
    "Total Cost": 473952.99,
    "Plan Rows": 1,
    "Plan Width": 8,
    "Actual Startup Time": 1774.872,
    "Actual Total Time": 1801.122,
    "Actual Rows": 1,
    "Actual Loops": 1,
    "Plans": [
      {
        "Node Type": "Gather",
        "Parent Relationship": "Outer",
        "Parallel Aware": false,
        "Startup Cost": 473952.86,
        "Total Cost": 473952.97,
        "Plan Rows": 1,
        "Plan Width": 8,
        "Actual Startup Time": 1767.597,
        "Actual Total Time": 1801.113,
        "Actual Rows": 2,
        "Actual Loops": 1,
        "Workers Planned": 1,
        "Workers Launched": 1,
        "Single Copy": false,
        "Plans": [
          {
            "Node Type": "Aggregate",
            "Strategy": "Plain",
            "Partial Mode": "Partial",
            "Parent Relationship": "Outer",
            "Parallel Aware": false,
            "Startup Cost": 472952.86,
            "Total Cost": 472952.87,
            "Plan Rows": 1,
            "Plan Width": 8,
            "Actual Startup Time": 1759.429,
            "Actual Total Time": 1759.714,
            "Actual Rows": 1,
            "Actual Loops": 2,
            "Plans": [
              {
                "Node Type": "Hash Join",
                "Parent Relationship": "Outer",
                "Parallel Aware": true,
                "Join Type": "Inner",
                "Startup Cost": 427645.37,
                "Total Cost": 471338.09,
                "Plan Rows": 645910,
                "Plan Width": 0,
                "Actual Startup Time": 1264.474,
                "Actual Total Time": 1717.334,
                "Actual Rows": 783568,
                "Actual Loops": 2,
                "Inner Unique": false,
                "Hash Cond": "(mc.movie_id = t.id)",
                "Plans": [
                  {
                    "Node Type": "Seq Scan",
                    "Parent Relationship": "Outer",
                    "Parallel Aware": true,
                    "Relation Name": "movie_companies",
                    "Alias": "mc",
                    "Startup Cost": 0.0,
                    "Total Cost": 34137.82,
                    "Plan Rows": 1534782,
                    "Plan Width": 4,
                    "Actual Startup Time": 0.017,
                    "Actual Total Time": 116.863,
                    "Actual Rows": 1304564,
                    "Actual Loops": 2
                  },
                  {
                    "Node Type": "Hash",
                    "Parent Relationship": "Inner",
                    "Parallel Aware": true,
                    "Startup Cost": 419821.64,
                    "Total Cost": 419821.64,
                    "Plan Rows": 625898,
                    "Plan Width": 8,
                    "Actual Startup Time": 1249.748,
                    "Actual Total Time": 1250.031,
                    "Actual Rows": 325760,
                    "Actual Loops": 2,
                    "Hash Buckets": 2097152,
                    "Original Hash Buckets": 2097152,
                    "Hash Batches": 1,
                    "Original Hash Batches": 1,
                    "Peak Memory Usage": 41920,
                    "Plans": [
                      {
                        "Node Type": "Hash Join",
                        "Parent Relationship": "Outer",
                        "Parallel Aware": true,
                        "Join Type": "Inner",
                        "Startup Cost": 137932.53,
                        "Total Cost": 419821.64,
                        "Plan Rows": 625898,
                        "Plan Width": 8,
                        "Actual Startup Time": 882.302,
                        "Actual Total Time": 1132.493,
                        "Actual Rows": 325760,
                        "Actual Loops": 2,
                        "Inner Unique": true,
                        "Hash Cond": "(ci.movie_id = t.id)",
                        "Plans": [
                          {
                            "Node Type": "Bitmap Heap Scan",
                            "Parent Relationship": "Outer",
                            "Parallel Aware": true,
                            "Relation Name": "cast_info",
                            "Alias": "ci",
                            "Startup Cost": 68471.83,
                            "Total Cost": 348717.96,
                            "Plan Rows": 625898,
                            "Plan Width": 4,
                            "Actual Startup Time": 261.454,
                            "Actual Total Time": 332.498,
                            "Actual Rows": 325760,
                            "Actual Loops": 2,
                            "Recheck Cond": "(person_id < 309258)",
                            "Rows Removed by Index Recheck": 0,
                            "Filter": "(role_id > 3)",
                            "Rows Removed by Filter": 1271324,
                            "Exact Heap Blocks": 21751,
                            "Lossy Heap Blocks": 0,
                            "Plans": [
                              {
                                "Node Type": "Bitmap Index Scan",
                                "Parent Relationship": "Outer",
                                "Parallel Aware": false,
                                "Index Name": "person_id_cast_info",
                                "Startup Cost": 0.0,
                                "Total Cost": 68205.82,
                                "Plan Rows": 3123368,
                                "Plan Width": 0,
                                "Actual Startup Time": 113.488,
                                "Actual Total Time": 113.489,
                                "Actual Rows": 3194168,
                                "Actual Loops": 1,
                                "Index Cond": "(person_id < 309258)"
                              }
                            ]
                          },
                          {
                            "Node Type": "Hash",
                            "Parent Relationship": "Inner",
                            "Parallel Aware": true,
                            "Startup Cost": 50870.31,
                            "Total Cost": 50870.31,
                            "Plan Rows": 1487231,
                            "Plan Width": 4,
                            "Actual Startup Time": 607.418,
                            "Actual Total Time": 607.419,
                            "Actual Rows": 1264156,
                            "Actual Loops": 2,
                            "Hash Buckets": 4194304,
                            "Original Hash Buckets": 4194304,
                            "Hash Batches": 1,
                            "Original Hash Batches": 1,
                            "Peak Memory Usage": 131712,
                            "Plans": [
                              {
                                "Node Type": "Seq Scan",
                                "Parent Relationship": "Outer",
                                "Parallel Aware": true,
                                "Relation Name": "title",
                                "Alias": "t",
                                "Startup Cost": 0.0,
                                "Total Cost": 50870.31,
                                "Plan Rows": 1487231,
                                "Plan Width": 4,
                                "Actual Startup Time": 0.026,
                                "Actual Total Time": 183.438,
                                "Actual Rows": 1264156,
                                "Actual Loops": 2
                              }
                            ]
                          }
                        ]
                      }
                    ]
                  }
                ]
              }
            ]
          }
        ]
      }
    ]
  },
  "Planning Time": 1.085,
  "Triggers": [],
  "Execution Time": 1801.228
}