{
    "Plan": {
        "Node Type": "Aggregate",
        "Strategy": "Plain",
        "Partial Mode": "Finalize",
        "Parallel Aware": false,
        "Startup Cost": 393472.9,
        "Total Cost": 393472.91,
        "Plan Rows": 1,
        "Plan Width": 8,
        "Actual Startup Time": 915.544,
        "Actual Total Time": 959.348,
        "Actual Rows": 1,
        "Actual Loops": 1,
        "Output": [
            "count(*)"
        ],
        "Plans": [
            {
                "Node Type": "Gather",
                "Parent Relationship": "Outer",
                "Parallel Aware": false,
                "Startup Cost": 393472.28,
                "Total Cost": 393472.89,
                "Plan Rows": 6,
                "Plan Width": 8,
                "Actual Startup Time": 914.263,
                "Actual Total Time": 959.338,
                "Actual Rows": 7,
                "Actual Loops": 1,
                "Output": [
                    "(PARTIAL count(*))"
                ],
                "Workers Planned": 6,
                "Workers Launched": 6,
                "Single Copy": false,
                "Plans": [
                    {
                        "Node Type": "Aggregate",
                        "Strategy": "Plain",
                        "Partial Mode": "Partial",
                        "Parent Relationship": "Outer",
                        "Parallel Aware": false,
                        "Startup Cost": 392472.28,
                        "Total Cost": 392472.29,
                        "Plan Rows": 1,
                        "Plan Width": 8,
                        "Actual Startup Time": 905.238,
                        "Actual Total Time": 905.242,
                        "Actual Rows": 1,
                        "Actual Loops": 7,
                        "Output": [
                            "PARTIAL count(*)"
                        ],
                        "Workers": [
                            {
                                "Worker Number": 0,
                                "Actual Startup Time": 900.758,
                                "Actual Total Time": 900.761,
                                "Actual Rows": 1,
                                "Actual Loops": 1
                            },
                            {
                                "Worker Number": 1,
                                "Actual Startup Time": 901.502,
                                "Actual Total Time": 901.506,
                                "Actual Rows": 1,
                                "Actual Loops": 1
                            },
                            {
                                "Worker Number": 2,
                                "Actual Startup Time": 901.709,
                                "Actual Total Time": 901.711,
                                "Actual Rows": 1,
                                "Actual Loops": 1
                            },
                            {
                                "Worker Number": 3,
                                "Actual Startup Time": 906.514,
                                "Actual Total Time": 906.517,
                                "Actual Rows": 1,
                                "Actual Loops": 1
                            },
                            {
                                "Worker Number": 4,
                                "Actual Startup Time": 906.292,
                                "Actual Total Time": 906.296,
                                "Actual Rows": 1,
                                "Actual Loops": 1
                            },
                            {
                                "Worker Number": 5,
                                "Actual Startup Time": 906.385,
                                "Actual Total Time": 906.389,
                                "Actual Rows": 1,
                                "Actual Loops": 1
                            }
                        ],
                        "Plans": [
                            {
                                "Node Type": "Hash Join",
                                "Parent Relationship": "Outer",
                                "Parallel Aware": true,
                                "Join Type": "Inner",
                                "Startup Cost": 44222.36,
                                "Total Cost": 392268.69,
                                "Plan Rows": 81434,
                                "Plan Width": 0,
                                "Actual Startup Time": 148.572,
                                "Actual Total Time": 903.371,
                                "Actual Rows": 23111,
                                "Actual Loops": 7,
                                "Inner Unique": true,
                                "Hash Cond": "(ci.movie_id = t.id)",
                                "Workers": [
                                    {
                                        "Worker Number": 0,
                                        "Actual Startup Time": 143.979,
                                        "Actual Total Time": 898.865,
                                        "Actual Rows": 21582,
                                        "Actual Loops": 1
                                    },
                                    {
                                        "Worker Number": 1,
                                        "Actual Startup Time": 144.265,
                                        "Actual Total Time": 899.725,
                                        "Actual Rows": 19911,
                                        "Actual Loops": 1
                                    },
                                    {
                                        "Worker Number": 2,
                                        "Actual Startup Time": 144.761,
                                        "Actual Total Time": 899.847,
                                        "Actual Rows": 21236,
                                        "Actual Loops": 1
                                    },
                                    {
                                        "Worker Number": 3,
                                        "Actual Startup Time": 149.852,
                                        "Actual Total Time": 904.705,
                                        "Actual Rows": 20313,
                                        "Actual Loops": 1
                                    },
                                    {
                                        "Worker Number": 4,
                                        "Actual Startup Time": 149.547,
                                        "Actual Total Time": 904.414,
                                        "Actual Rows": 21338,
                                        "Actual Loops": 1
                                    },
                                    {
                                        "Worker Number": 5,
                                        "Actual Startup Time": 149.417,
                                        "Actual Total Time": 904.563,
                                        "Actual Rows": 32695,
                                        "Actual Loops": 1
                                    }
                                ],
                                "Plans": [
                                    {
                                        "Node Type": "Index Scan",
                                        "Parent Relationship": "Outer",
                                        "Parallel Aware": true,
                                        "Scan Direction": "Forward",
                                        "Index Name": "role_id_cast_info",
                                        "Relation Name": "cast_info",
                                        "Schema": "public",
                                        "Alias": "ci",
                                        "Startup Cost": 0.56,
                                        "Total Cost": 342814.42,
                                        "Plan Rows": 1993320,
                                        "Plan Width": 4,
                                        "Actual Startup Time": 63.732,
                                        "Actual Total Time": 522.256,
                                        "Actual Rows": 1576557,
                                        "Actual Loops": 7,
                                        "Output": [
                                            "ci.id",
                                            "ci.person_id",
                                            "ci.movie_id",
                                            "ci.person_role_id",
                                            "ci.note",
                                            "ci.nr_order",
                                            "ci.role_id"
                                        ],
                                        "Index Cond": "(ci.role_id = 1)",
                                        "Rows Removed by Index Recheck": 0,
                                        "Filter": "(ci.person_id > 222649)",
                                        "Rows Removed by Filter": 233541,
                                        "Workers": [
                                            {
                                                "Worker Number": 0,
                                                "Actual Startup Time": 63.768,
                                                "Actual Total Time": 525.149,
                                                "Actual Rows": 1429740,
                                                "Actual Loops": 1
                                            },
                                            {
                                                "Worker Number": 1,
                                                "Actual Startup Time": 63.75,
                                                "Actual Total Time": 522.754,
                                                "Actual Rows": 1441925,
                                                "Actual Loops": 1
                                            },
                                            {
                                                "Worker Number": 2,
                                                "Actual Startup Time": 63.765,
                                                "Actual Total Time": 524.089,
                                                "Actual Rows": 1451193,
                                                "Actual Loops": 1
                                            },
                                            {
                                                "Worker Number": 3,
                                                "Actual Startup Time": 63.725,
                                                "Actual Total Time": 522.905,
                                                "Actual Rows": 1439853,
                                                "Actual Loops": 1
                                            },
                                            {
                                                "Worker Number": 4,
                                                "Actual Startup Time": 63.712,
                                                "Actual Total Time": 523.06,
                                                "Actual Rows": 1425060,
                                                "Actual Loops": 1
                                            },
                                            {
                                                "Worker Number": 5,
                                                "Actual Startup Time": 63.661,
                                                "Actual Total Time": 524.541,
                                                "Actual Rows": 2070120,
                                                "Actual Loops": 1
                                            }
                                        ]
                                    },
                                    {
                                        "Node Type": "Hash",
                                        "Parent Relationship": "Inner",
                                        "Parallel Aware": true,
                                        "Startup Cost": 43899.01,
                                        "Total Cost": 43899.01,
                                        "Plan Rows": 25823,
                                        "Plan Width": 4,
                                        "Actual Startup Time": 82.75,
                                        "Actual Total Time": 82.751,
                                        "Actual Rows": 14456,
                                        "Actual Loops": 7,
                                        "Output": [
                                            "t.id"
                                        ],
                                        "Hash Buckets": 131072,
                                        "Original Hash Buckets": 131072,
                                        "Hash Batches": 1,
                                        "Original Hash Batches": 1,
                                        "Peak Memory Usage": 5152,
                                        "Workers": [
                                            {
                                                "Worker Number": 0,
                                                "Actual Startup Time": 79.054,
                                                "Actual Total Time": 79.055,
                                                "Actual Rows": 12271,
                                                "Actual Loops": 1
                                            },
                                            {
                                                "Worker Number": 1,
                                                "Actual Startup Time": 79.889,
                                                "Actual Total Time": 79.89,
                                                "Actual Rows": 13122,
                                                "Actual Loops": 1
                                            },
                                            {
                                                "Worker Number": 2,
                                                "Actual Startup Time": 79.99,
                                                "Actual Total Time": 79.991,
                                                "Actual Rows": 13245,
                                                "Actual Loops": 1
                                            },
                                            {
                                                "Worker Number": 3,
                                                "Actual Startup Time": 84.711,
                                                "Actual Total Time": 84.712,
                                                "Actual Rows": 13126,
                                                "Actual Loops": 1
                                            },
                                            {
                                                "Worker Number": 4,
                                                "Actual Startup Time": 84.648,
                                                "Actual Total Time": 84.649,
                                                "Actual Rows": 12366,
                                                "Actual Loops": 1
                                            },
                                            {
                                                "Worker Number": 5,
                                                "Actual Startup Time": 84.754,
                                                "Actual Total Time": 84.755,
                                                "Actual Rows": 17477,
                                                "Actual Loops": 1
                                            }
                                        ],
                                        "Plans": [
                                            {
                                                "Node Type": "Seq Scan",
                                                "Parent Relationship": "Outer",
                                                "Parallel Aware": true,
                                                "Relation Name": "title",
                                                "Schema": "public",
                                                "Alias": "t",
                                                "Startup Cost": 0.0,
                                                "Total Cost": 43899.01,
                                                "Plan Rows": 25823,
                                                "Plan Width": 4,
                                                "Actual Startup Time": 42.397,
                                                "Actual Total Time": 76.312,
                                                "Actual Rows": 14456,
                                                "Actual Loops": 7,
                                                "Output": [
                                                    "t.id"
                                                ],
                                                "Filter": "(t.production_year < 1925)",
                                                "Rows Removed by Filter": 346731,
                                                "Workers": [
                                                    {
                                                        "Worker Number": 0,
                                                        "Actual Startup Time": 28.084,
                                                        "Actual Total Time": 72.645,
                                                        "Actual Rows": 12271,
                                                        "Actual Loops": 1
                                                    },
                                                    {
                                                        "Worker Number": 1,
                                                        "Actual Startup Time": 45.658,
                                                        "Actual Total Time": 73.767,
                                                        "Actual Rows": 13122,
                                                        "Actual Loops": 1
                                                    },
                                                    {
                                                        "Worker Number": 2,
                                                        "Actual Startup Time": 30.008,
                                                        "Actual Total Time": 74.416,
                                                        "Actual Rows": 13245,
                                                        "Actual Loops": 1
                                                    },
                                                    {
                                                        "Worker Number": 3,
                                                        "Actual Startup Time": 53.856,
                                                        "Actual Total Time": 78.194,
                                                        "Actual Rows": 13126,
                                                        "Actual Loops": 1
                                                    },
                                                    {
                                                        "Worker Number": 4,
                                                        "Actual Startup Time": 51.076,
                                                        "Actual Total Time": 77.904,
                                                        "Actual Rows": 12366,
                                                        "Actual Loops": 1
                                                    },
                                                    {
                                                        "Worker Number": 5,
                                                        "Actual Startup Time": 51.173,
                                                        "Actual Total Time": 77.842,
                                                        "Actual Rows": 17477,
                                                        "Actual Loops": 1
                                                    }
                                                ]
                                            }
                                        ]
                                    }
                                ]
                            }
                        ]
                    }
                ]
            }
        ]
    },
    "Planning Time": 0.6,
    "Triggers": [],
    "Execution Time": 959.428
}