{
  "Plan": {
    "Node Type": "Aggregate",
    "Strategy": "Plain",
    "Partial Mode": "Finalize",
    "Parallel Aware": false,
    "Startup Cost": 101952.33,
    "Total Cost": 101952.34,
    "Plan Rows": 1,
    "Plan Width": 8,
    "Actual Startup Time": 355.596,
    "Actual Total Time": 367.722,
    "Actual Rows": 1,
    "Actual Loops": 1,
    "Plans": [
      {
        "Node Type": "Gather",
        "Parent Relationship": "Outer",
        "Parallel Aware": false,
        "Startup Cost": 101952.22,
        "Total Cost": 101952.33,
        "Plan Rows": 1,
        "Plan Width": 8,
        "Actual Startup Time": 354.921,
        "Actual Total Time": 367.714,
        "Actual Rows": 2,
        "Actual Loops": 1,
        "Workers Planned": 1,
        "Workers Launched": 1,
        "Single Copy": false,
        "Plans": [
          {
            "Node Type": "Aggregate",
            "Strategy": "Plain",
            "Partial Mode": "Partial",
            "Parent Relationship": "Outer",
            "Parallel Aware": false,
            "Startup Cost": 100952.22,
            "Total Cost": 100952.23,
            "Plan Rows": 1,
            "Plan Width": 8,
            "Actual Startup Time": 350.858,
            "Actual Total Time": 350.861,
            "Actual Rows": 1,
            "Actual Loops": 2,
            "Plans": [
              {
                "Node Type": "Hash Join",
                "Parent Relationship": "Outer",
                "Parallel Aware": true,
                "Join Type": "Inner",
                "Startup Cost": 60658.41,
                "Total Cost": 100702.85,
                "Plan Rows": 99749,
                "Plan Width": 0,
                "Actual Startup Time": 160.744,
                "Actual Total Time": 347.408,
                "Actual Rows": 80924,
                "Actual Loops": 2,
                "Inner Unique": true,
                "Hash Cond": "(mc.movie_id = t.id)",
                "Plans": [
                  {
                    "Node Type": "Seq Scan",
                    "Parent Relationship": "Outer",
                    "Parallel Aware": true,
                    "Relation Name": "movie_companies",
                    "Alias": "mc",
                    "Startup Cost": 0.0,
                    "Total Cost": 37974.77,
                    "Plan Rows": 788445,
                    "Plan Width": 4,
                    "Actual Startup Time": 0.014,
                    "Actual Total Time": 106.528,
                    "Actual Rows": 670020,
                    "Actual Loops": 2,
                    "Filter": "(company_id < 11450)",
                    "Rows Removed by Filter": 634544
                  },
                  {
                    "Node Type": "Hash",
                    "Parent Relationship": "Inner",
                    "Parallel Aware": true,
                    "Startup Cost": 58306.47,
                    "Total Cost": 58306.47,
                    "Plan Rows": 188155,
                    "Plan Width": 4,
                    "Actual Startup Time": 156.92,
                    "Actual Total Time": 156.921,
                    "Actual Rows": 108806,
                    "Actual Loops": 2,
                    "Hash Buckets": 524288,
                    "Original Hash Buckets": 524288,
                    "Hash Batches": 1,
                    "Original Hash Batches": 1,
                    "Peak Memory Usage": 12640,
                    "Plans": [
                      {
                        "Node Type": "Seq Scan",
                        "Parent Relationship": "Outer",
                        "Parallel Aware": true,
                        "Relation Name": "title",
                        "Alias": "t",
                        "Startup Cost": 0.0,
                        "Total Cost": 58306.47,
                        "Plan Rows": 188155,
                        "Plan Width": 4,
                        "Actual Startup Time": 0.025,
                        "Actual Total Time": 129.712,
                        "Actual Rows": 108806,
                        "Actual Loops": 2,
                        "Filter": "((production_year < 1982) AND (kind_id = 7))",
                        "Rows Removed by Filter": 1155350
                      }
                    ]
                  }
                ]
              }
            ]
          }
        ]
      }
    ]
  },
  "Planning Time": 0.314,
  "Triggers": [],
  "Execution Time": 367.762
}