[
    {
        "Bao": {
            "Bao prediction": 491.184,
            "Bao recommended hint": "(no hint)"
        }
    },
    {
        "Plan": {
            "Node Type": "Aggregate",
            "Strategy": "Plain",
            "Partial Mode": "Finalize",
            "Parallel Aware": false,
            "Startup Cost": 45770.58,
            "Total Cost": 45770.59,
            "Plan Rows": 1,
            "Plan Width": 8,
            "Actual Startup Time": 208.222,
            "Actual Total Time": 214.548,
            "Actual Rows": 1,
            "Actual Loops": 1,
            "Output": [
                "count(*)"
            ],
            "Plans": [
                {
                    "Node Type": "Gather",
                    "Parent Relationship": "Outer",
                    "Parallel Aware": false,
                    "Startup Cost": 45770.26,
                    "Total Cost": 45770.57,
                    "Plan Rows": 3,
                    "Plan Width": 8,
                    "Actual Startup Time": 208.131,
                    "Actual Total Time": 214.541,
                    "Actual Rows": 4,
                    "Actual Loops": 1,
                    "Output": [
                        "(PARTIAL count(*))"
                    ],
                    "Workers Planned": 3,
                    "Workers Launched": 3,
                    "Single Copy": false,
                    "Plans": [
                        {
                            "Node Type": "Aggregate",
                            "Strategy": "Plain",
                            "Partial Mode": "Partial",
                            "Parent Relationship": "Outer",
                            "Parallel Aware": false,
                            "Startup Cost": 44770.26,
                            "Total Cost": 44770.27,
                            "Plan Rows": 1,
                            "Plan Width": 8,
                            "Actual Startup Time": 200.592,
                            "Actual Total Time": 200.593,
                            "Actual Rows": 1,
                            "Actual Loops": 4,
                            "Output": [
                                "PARTIAL count(*)"
                            ],
                            "Workers": [
                                {
                                    "Worker Number": 0,
                                    "Actual Startup Time": 198.192,
                                    "Actual Total Time": 198.193,
                                    "Actual Rows": 1,
                                    "Actual Loops": 1
                                },
                                {
                                    "Worker Number": 1,
                                    "Actual Startup Time": 198.304,
                                    "Actual Total Time": 198.305,
                                    "Actual Rows": 1,
                                    "Actual Loops": 1
                                },
                                {
                                    "Worker Number": 2,
                                    "Actual Startup Time": 198.308,
                                    "Actual Total Time": 198.309,
                                    "Actual Rows": 1,
                                    "Actual Loops": 1
                                }
                            ],
                            "Plans": [
                                {
                                    "Node Type": "Seq Scan",
                                    "Parent Relationship": "Outer",
                                    "Parallel Aware": true,
                                    "Relation Name": "movie_keyword",
                                    "Schema": "public",
                                    "Alias": "mk",
                                    "Startup Cost": 0.0,
                                    "Total Cost": 42695.65,
                                    "Plan Rows": 829843,
                                    "Plan Width": 0,
                                    "Actual Startup Time": 0.527,
                                    "Actual Total Time": 154.539,
                                    "Actual Rows": 643390,
                                    "Actual Loops": 4,
                                    "Output": [
                                        "id",
                                        "movie_id",
                                        "keyword_id"
                                    ],
                                    "Filter": "(mk.keyword_id > 3384)",
                                    "Rows Removed by Filter": 487593,
                                    "Workers": [
                                        {
                                            "Worker Number": 0,
                                            "Actual Startup Time": 0.056,
                                            "Actual Total Time": 153.549,
                                            "Actual Rows": 619245,
                                            "Actual Loops": 1
                                        },
                                        {
                                            "Worker Number": 1,
                                            "Actual Startup Time": 0.054,
                                            "Actual Total Time": 153.724,
                                            "Actual Rows": 618845,
                                            "Actual Loops": 1
                                        },
                                        {
                                            "Worker Number": 2,
                                            "Actual Startup Time": 0.056,
                                            "Actual Total Time": 153.663,
                                            "Actual Rows": 617894,
                                            "Actual Loops": 1
                                        }
                                    ]
                                }
                            ]
                        }
                    ]
                }
            ]
        },
        "Planning Time": 808.603,
        "Triggers": [],
        "Execution Time": 214.626
    }
]