[
  {
    "Plan": {
      "Node Type": "Aggregate",
      "Strategy": "Plain",
      "Partial Mode": "Finalize",
      "Parallel Aware": false,
      "Startup Cost": 30805.81,
      "Total Cost": 30805.82,
      "Plan Rows": 1,
      "Plan Width": 8,
      "Actual Startup Time": 94.191,
      "Actual Total Time": 101.832,
      "Actual Rows": 1,
      "Actual Loops": 1,
      "Plans": [
        {
          "Node Type": "Gather",
          "Parent Relationship": "Outer",
          "Parallel Aware": false,
          "Startup Cost": 30805.5,
          "Total Cost": 30805.81,
          "Plan Rows": 3,
          "Plan Width": 8,
          "Actual Startup Time": 94.061,
          "Actual Total Time": 101.818,
          "Actual Rows": 4,
          "Actual Loops": 1,
          "Workers Planned": 3,
          "Workers Launched": 3,
          "Single Copy": false,
          "Plans": [
            {
              "Node Type": "Aggregate",
              "Strategy": "Plain",
              "Partial Mode": "Partial",
              "Parent Relationship": "Outer",
              "Parallel Aware": false,
              "Startup Cost": 29805.5,
              "Total Cost": 29805.51,
              "Plan Rows": 1,
              "Plan Width": 8,
              "Actual Startup Time": 87.193,
              "Actual Total Time": 87.194,
              "Actual Rows": 1,
              "Actual Loops": 4,
              "Plans": [
                {
                  "Node Type": "Seq Scan",
                  "Parent Relationship": "Outer",
                  "Parallel Aware": true,
                  "Relation Name": "movie_companies",
                  "Alias": "mc",
                  "Startup Cost": 0.0,
                  "Total Cost": 29310.68,
                  "Plan Rows": 197926,
                  "Plan Width": 0,
                  "Actual Startup Time": 0.04,
                  "Actual Total Time": 76.291,
                  "Actual Rows": 152470,
                  "Actual Loops": 4,
                  "Filter": "(company_id < 711)",
                  "Rows Removed by Filter": 499812
                }
              ]
            }
          ]
        }
      ]
    },
    "Planning Time": 0.185,
    "Triggers": [],
    "Execution Time": 101.894
  }
]