[
  {
    "Plan": {
      "Node Type": "Aggregate",
      "Strategy": "Plain",
      "Partial Mode": "Finalize",
      "Parallel Aware": false,
      "Startup Cost": 46703.25,
      "Total Cost": 46703.26,
      "Plan Rows": 1,
      "Plan Width": 8,
      "Actual Startup Time": 129.388,
      "Actual Total Time": 149.032,
      "Actual Rows": 1,
      "Actual Loops": 1,
      "Plans": [
        {
          "Node Type": "Gather",
          "Parent Relationship": "Outer",
          "Parallel Aware": false,
          "Startup Cost": 46702.83,
          "Total Cost": 46703.24,
          "Plan Rows": 4,
          "Plan Width": 8,
          "Actual Startup Time": 129.088,
          "Actual Total Time": 149.019,
          "Actual Rows": 5,
          "Actual Loops": 1,
          "Workers Planned": 4,
          "Workers Launched": 4,
          "Single Copy": false,
          "Plans": [
            {
              "Node Type": "Aggregate",
              "Strategy": "Plain",
              "Partial Mode": "Partial",
              "Parent Relationship": "Outer",
              "Parallel Aware": false,
              "Startup Cost": 45702.83,
              "Total Cost": 45702.84,
              "Plan Rows": 1,
              "Plan Width": 8,
              "Actual Startup Time": 119.389,
              "Actual Total Time": 119.391,
              "Actual Rows": 1,
              "Actual Loops": 5,
              "Plans": [
                {
                  "Node Type": "Seq Scan",
                  "Parent Relationship": "Outer",
                  "Parallel Aware": true,
                  "Relation Name": "title",
                  "Alias": "t",
                  "Startup Cost": 0.0,
                  "Total Cost": 45479.59,
                  "Plan Rows": 89296,
                  "Plan Width": 0,
                  "Actual Startup Time": 0.09,
                  "Actual Total Time": 114.823,
                  "Actual Rows": 57120,
                  "Actual Loops": 5,
                  "Filter": "((kind_id < 3) AND (production_year > 2003))",
                  "Rows Removed by Filter": 448542
                }
              ]
            }
          ]
        }
      ]
    },
    "Planning Time": 0.194,
    "Triggers": [],
    "Execution Time": 149.097
  }
]