[
  {
    "Plan": {
      "Node Type": "Aggregate",
      "Strategy": "Plain",
      "Partial Mode": "Finalize",
      "Parallel Aware": false,
      "Startup Cost": 336916.46,
      "Total Cost": 336916.47,
      "Plan Rows": 1,
      "Plan Width": 8,
      "Actual Startup Time": 703.262,
      "Actual Total Time": 759.516,
      "Actual Rows": 1,
      "Actual Loops": 1,
      "Plans": [
        {
          "Node Type": "Gather",
          "Parent Relationship": "Outer",
          "Parallel Aware": false,
          "Startup Cost": 336915.84,
          "Total Cost": 336916.45,
          "Plan Rows": 6,
          "Plan Width": 8,
          "Actual Startup Time": 703.126,
          "Actual Total Time": 759.508,
          "Actual Rows": 7,
          "Actual Loops": 1,
          "Workers Planned": 6,
          "Workers Launched": 6,
          "Single Copy": false,
          "Plans": [
            {
              "Node Type": "Aggregate",
              "Strategy": "Plain",
              "Partial Mode": "Partial",
              "Parent Relationship": "Outer",
              "Parallel Aware": false,
              "Startup Cost": 335915.84,
              "Total Cost": 335915.85,
              "Plan Rows": 1,
              "Plan Width": 8,
              "Actual Startup Time": 694.742,
              "Actual Total Time": 694.744,
              "Actual Rows": 1,
              "Actual Loops": 7,
              "Plans": [
                {
                  "Node Type": "Seq Scan",
                  "Parent Relationship": "Outer",
                  "Parallel Aware": true,
                  "Relation Name": "cast_info",
                  "Alias": "ci",
                  "Startup Cost": 0.0,
                  "Total Cost": 328162.03,
                  "Plan Rows": 3101524,
                  "Plan Width": 0,
                  "Actual Startup Time": 0.054,
                  "Actual Total Time": 581.5,
                  "Actual Rows": 2663045,
                  "Actual Loops": 7,
                  "Filter": "(person_id < 1856420)",
                  "Rows Removed by Filter": 2514718
                }
              ]
            }
          ]
        }
      ]
    },
    "Planning Time": 0.091,
    "Triggers": [],
    "Execution Time": 759.625
  }
]