[
  {
    "Plan": {
      "Node Type": "Aggregate",
      "Strategy": "Plain",
      "Partial Mode": "Finalize",
      "Parallel Aware": false,
      "Startup Cost": 42202.78,
      "Total Cost": 42202.79,
      "Plan Rows": 1,
      "Plan Width": 8,
      "Actual Startup Time": 157.631,
      "Actual Total Time": 168.105,
      "Actual Rows": 1,
      "Actual Loops": 1,
      "Plans": [
        {
          "Node Type": "Gather",
          "Parent Relationship": "Outer",
          "Parallel Aware": false,
          "Startup Cost": 42202.47,
          "Total Cost": 42202.78,
          "Plan Rows": 3,
          "Plan Width": 8,
          "Actual Startup Time": 157.214,
          "Actual Total Time": 168.094,
          "Actual Rows": 4,
          "Actual Loops": 1,
          "Workers Planned": 3,
          "Workers Launched": 3,
          "Single Copy": false,
          "Plans": [
            {
              "Node Type": "Aggregate",
              "Strategy": "Plain",
              "Partial Mode": "Partial",
              "Parent Relationship": "Outer",
              "Parallel Aware": false,
              "Startup Cost": 41202.47,
              "Total Cost": 41202.48,
              "Plan Rows": 1,
              "Plan Width": 8,
              "Actual Startup Time": 152.588,
              "Actual Total Time": 152.59,
              "Actual Rows": 1,
              "Actual Loops": 4,
              "Plans": [
                {
                  "Node Type": "Bitmap Heap Scan",
                  "Parent Relationship": "Outer",
                  "Parallel Aware": true,
                  "Relation Name": "movie_keyword",
                  "Alias": "mk",
                  "Startup Cost": 13638.14,
                  "Total Cost": 40684.08,
                  "Plan Rows": 207355,
                  "Plan Width": 0,
                  "Actual Startup Time": 57.994,
                  "Actual Total Time": 142.234,
                  "Actual Rows": 162488,
                  "Actual Loops": 4,
                  "Recheck Cond": "(keyword_id > 28956)",
                  "Rows Removed by Index Recheck": 0,
                  "Exact Heap Blocks": 7493,
                  "Lossy Heap Blocks": 0,
                  "Plans": [
                    {
                      "Node Type": "Bitmap Index Scan",
                      "Parent Relationship": "Outer",
                      "Parallel Aware": false,
                      "Index Name": "keyword_id_movie_keyword",
                      "Startup Cost": 0.0,
                      "Total Cost": 13477.44,
                      "Plan Rows": 642801,
                      "Plan Width": 0,
                      "Actual Startup Time": 56.472,
                      "Actual Total Time": 56.473,
                      "Actual Rows": 649953,
                      "Actual Loops": 1,
                      "Index Cond": "(keyword_id > 28956)"
                    }
                  ]
                }
              ]
            }
          ]
        }
      ]
    },
    "Planning Time": 0.119,
    "Triggers": [],
    "Execution Time": 168.155
  }
]