[
    {
        "Bao": {
            "Bao prediction": 450.366,
            "Bao recommended hint": "(no hint)"
        }
    },
    {
        "Plan": {
            "Node Type": "Aggregate",
            "Strategy": "Plain",
            "Partial Mode": "Finalize",
            "Parallel Aware": false,
            "Startup Cost": 33086.72,
            "Total Cost": 33086.73,
            "Plan Rows": 1,
            "Plan Width": 8,
            "Actual Startup Time": 105.715,
            "Actual Total Time": 111.859,
            "Actual Rows": 1,
            "Actual Loops": 1,
            "Output": [
                "count(*)"
            ],
            "Plans": [
                {
                    "Node Type": "Gather",
                    "Parent Relationship": "Outer",
                    "Parallel Aware": false,
                    "Startup Cost": 33086.4,
                    "Total Cost": 33086.71,
                    "Plan Rows": 3,
                    "Plan Width": 8,
                    "Actual Startup Time": 105.623,
                    "Actual Total Time": 111.851,
                    "Actual Rows": 4,
                    "Actual Loops": 1,
                    "Output": [
                        "(PARTIAL count(*))"
                    ],
                    "Workers Planned": 3,
                    "Workers Launched": 3,
                    "Single Copy": false,
                    "Plans": [
                        {
                            "Node Type": "Aggregate",
                            "Strategy": "Plain",
                            "Partial Mode": "Partial",
                            "Parent Relationship": "Outer",
                            "Parallel Aware": false,
                            "Startup Cost": 32086.4,
                            "Total Cost": 32086.41,
                            "Plan Rows": 1,
                            "Plan Width": 8,
                            "Actual Startup Time": 98.02,
                            "Actual Total Time": 98.02,
                            "Actual Rows": 1,
                            "Actual Loops": 4,
                            "Output": [
                                "PARTIAL count(*)"
                            ],
                            "Workers": [
                                {
                                    "Worker Number": 0,
                                    "Actual Startup Time": 95.269,
                                    "Actual Total Time": 95.269,
                                    "Actual Rows": 1,
                                    "Actual Loops": 1
                                },
                                {
                                    "Worker Number": 1,
                                    "Actual Startup Time": 95.748,
                                    "Actual Total Time": 95.749,
                                    "Actual Rows": 1,
                                    "Actual Loops": 1
                                },
                                {
                                    "Worker Number": 2,
                                    "Actual Startup Time": 96.038,
                                    "Actual Total Time": 96.039,
                                    "Actual Rows": 1,
                                    "Actual Loops": 1
                                }
                            ],
                            "Plans": [
                                {
                                    "Node Type": "Seq Scan",
                                    "Parent Relationship": "Outer",
                                    "Parallel Aware": true,
                                    "Relation Name": "movie_companies",
                                    "Schema": "public",
                                    "Alias": "mc",
                                    "Startup Cost": 0.0,
                                    "Total Cost": 31414.82,
                                    "Plan Rows": 268633,
                                    "Plan Width": 0,
                                    "Actual Startup Time": 51.933,
                                    "Actual Total Time": 90.627,
                                    "Actual Rows": 131014,
                                    "Actual Loops": 4,
                                    "Output": [
                                        "id",
                                        "movie_id",
                                        "company_id",
                                        "company_type_id",
                                        "note"
                                    ],
                                    "Filter": "((mc.company_id < 17460) AND (mc.company_type_id = 2))",
                                    "Rows Removed by Filter": 521268,
                                    "Workers": [
                                        {
                                            "Worker Number": 0,
                                            "Actual Startup Time": 49.187,
                                            "Actual Total Time": 88.227,
                                            "Actual Rows": 104264,
                                            "Actual Loops": 1
                                        },
                                        {
                                            "Worker Number": 1,
                                            "Actual Startup Time": 49.652,
                                            "Actual Total Time": 88.434,
                                            "Actual Rows": 108656,
                                            "Actual Loops": 1
                                        },
                                        {
                                            "Worker Number": 2,
                                            "Actual Startup Time": 49.953,
                                            "Actual Total Time": 88.759,
                                            "Actual Rows": 107635,
                                            "Actual Loops": 1
                                        }
                                    ]
                                }
                            ]
                        }
                    ]
                }
            ]
        },
        "Planning Time": 682.077,
        "Triggers": [],
        "Execution Time": 111.935
    }
]