{
  "Plan": {
    "Node Type": "Aggregate",
    "Strategy": "Plain",
    "Partial Mode": "Finalize",
    "Parallel Aware": false,
    "Startup Cost": 65372.92,
    "Total Cost": 65372.93,
    "Plan Rows": 1,
    "Plan Width": 8,
    "Actual Startup Time": 136.501,
    "Actual Total Time": 145.279,
    "Actual Rows": 1,
    "Actual Loops": 1,
    "Plans": [
      {
        "Node Type": "Gather",
        "Parent Relationship": "Outer",
        "Parallel Aware": false,
        "Startup Cost": 65372.81,
        "Total Cost": 65372.92,
        "Plan Rows": 1,
        "Plan Width": 8,
        "Actual Startup Time": 136.404,
        "Actual Total Time": 145.271,
        "Actual Rows": 2,
        "Actual Loops": 1,
        "Workers Planned": 1,
        "Workers Launched": 1,
        "Single Copy": false,
        "Plans": [
          {
            "Node Type": "Aggregate",
            "Strategy": "Plain",
            "Partial Mode": "Partial",
            "Parent Relationship": "Outer",
            "Parallel Aware": false,
            "Startup Cost": 64372.81,
            "Total Cost": 64372.82,
            "Plan Rows": 1,
            "Plan Width": 8,
            "Actual Startup Time": 130.817,
            "Actual Total Time": 130.818,
            "Actual Rows": 1,
            "Actual Loops": 2,
            "Plans": [
              {
                "Node Type": "Nested Loop",
                "Parent Relationship": "Outer",
                "Parallel Aware": false,
                "Join Type": "Inner",
                "Startup Cost": 0.43,
                "Total Cost": 64371.93,
                "Plan Rows": 353,
                "Plan Width": 0,
                "Actual Startup Time": 100.025,
                "Actual Total Time": 130.812,
                "Actual Rows": 1,
                "Actual Loops": 2,
                "Inner Unique": false,
                "Plans": [
                  {
                    "Node Type": "Seq Scan",
                    "Parent Relationship": "Outer",
                    "Parallel Aware": true,
                    "Relation Name": "title",
                    "Alias": "t",
                    "Startup Cost": 0.0,
                    "Total Cost": 58306.47,
                    "Plan Rows": 647,
                    "Plan Width": 4,
                    "Actual Startup Time": 57.846,
                    "Actual Total Time": 130.697,
                    "Actual Rows": 6,
                    "Actual Loops": 2,
                    "Filter": "((kind_id = 7) AND (production_year = 1936))",
                    "Rows Removed by Filter": 1264150
                  },
                  {
                    "Node Type": "Index Scan",
                    "Parent Relationship": "Inner",
                    "Parallel Aware": false,
                    "Scan Direction": "Forward",
                    "Index Name": "movie_id_movie_keyword",
                    "Relation Name": "movie_keyword",
                    "Alias": "mk",
                    "Startup Cost": 0.43,
                    "Total Cost": 9.23,
                    "Plan Rows": 14,
                    "Plan Width": 4,
                    "Actual Startup Time": 0.018,
                    "Actual Total Time": 0.018,
                    "Actual Rows": 0,
                    "Actual Loops": 11,
                    "Index Cond": "(movie_id = t.id)",
                    "Rows Removed by Index Recheck": 0,
                    "Filter": "(keyword_id < 1876)",
                    "Rows Removed by Filter": 0
                  }
                ]
              }
            ]
          }
        ]
      }
    ]
  },
  "Planning Time": 0.247,
  "Triggers": [],
  "Execution Time": 145.322
}