[
  {
    "Plan": {
      "Node Type": "Aggregate",
      "Strategy": "Plain",
      "Partial Mode": "Finalize",
      "Parallel Aware": false,
      "Startup Cost": 477855.94,
      "Total Cost": 477855.95,
      "Plan Rows": 1,
      "Plan Width": 8,
      "Actual Startup Time": 2261.088,
      "Actual Total Time": 2317.572,
      "Actual Rows": 1,
      "Actual Loops": 1,
      "Plans": [
        {
          "Node Type": "Gather",
          "Parent Relationship": "Outer",
          "Parallel Aware": false,
          "Startup Cost": 477855.31,
          "Total Cost": 477855.92,
          "Plan Rows": 6,
          "Plan Width": 8,
          "Actual Startup Time": 2225.024,
          "Actual Total Time": 2317.557,
          "Actual Rows": 7,
          "Actual Loops": 1,
          "Workers Planned": 6,
          "Workers Launched": 6,
          "Single Copy": false,
          "Plans": [
            {
              "Node Type": "Aggregate",
              "Strategy": "Plain",
              "Partial Mode": "Partial",
              "Parent Relationship": "Outer",
              "Parallel Aware": false,
              "Startup Cost": 476855.31,
              "Total Cost": 476855.32,
              "Plan Rows": 1,
              "Plan Width": 8,
              "Actual Startup Time": 2203.859,
              "Actual Total Time": 2204.709,
              "Actual Rows": 1,
              "Actual Loops": 7,
              "Plans": [
                {
                  "Node Type": "Hash Join",
                  "Parent Relationship": "Outer",
                  "Parallel Aware": true,
                  "Join Type": "Inner",
                  "Startup Cost": 112812.62,
                  "Total Cost": 470400.68,
                  "Plan Rows": 2581854,
                  "Plan Width": 0,
                  "Actual Startup Time": 1051.594,
                  "Actual Total Time": 1996.255,
                  "Actual Rows": 4428875,
                  "Actual Loops": 7,
                  "Inner Unique": false,
                  "Hash Cond": "(ci.movie_id = t.id)",
                  "Plans": [
                    {
                      "Node Type": "Seq Scan",
                      "Parent Relationship": "Outer",
                      "Parallel Aware": true,
                      "Relation Name": "cast_info",
                      "Alias": "ci",
                      "Startup Cost": 0.0,
                      "Total Cost": 343257.03,
                      "Plan Rows": 1600657,
                      "Plan Width": 4,
                      "Actual Startup Time": 359.751,
                      "Actual Total Time": 655.253,
                      "Actual Rows": 767543,
                      "Actual Loops": 7,
                      "Filter": "((person_id < 2151909) AND (role_id > 2))",
                      "Rows Removed by Filter": 4410221
                    },
                    {
                      "Node Type": "Hash",
                      "Parent Relationship": "Inner",
                      "Parallel Aware": true,
                      "Startup Cost": 96368.56,
                      "Total Cost": 96368.56,
                      "Plan Rows": 1315525,
                      "Plan Width": 8,
                      "Actual Startup Time": 684.912,
                      "Actual Total Time": 685.761,
                      "Actual Rows": 580315,
                      "Actual Loops": 7,
                      "Hash Buckets": 4194304,
                      "Original Hash Buckets": 4194304,
                      "Hash Batches": 1,
                      "Original Hash Batches": 1,
                      "Peak Memory Usage": 191808,
                      "Plans": [
                        {
                          "Node Type": "Hash Join",
                          "Parent Relationship": "Outer",
                          "Parallel Aware": true,
                          "Join Type": "Inner",
                          "Startup Cost": 50219.64,
                          "Total Cost": 96368.56,
                          "Plan Rows": 1315525,
                          "Plan Width": 8,
                          "Actual Startup Time": 270.626,
                          "Actual Total Time": 491.788,
                          "Actual Rows": 580315,
                          "Actual Loops": 7,
                          "Inner Unique": true,
                          "Hash Cond": "(mk.movie_id = t.id)",
                          "Plans": [
                            {
                              "Node Type": "Seq Scan",
                              "Parent Relationship": "Outer",
                              "Parallel Aware": true,
                              "Relation Name": "movie_keyword",
                              "Alias": "mk",
                              "Startup Cost": 0.0,
                              "Total Cost": 42695.65,
                              "Plan Rows": 1315525,
                              "Plan Width": 4,
                              "Actual Startup Time": 0.04,
                              "Actual Total Time": 91.63,
                              "Actual Rows": 580315,
                              "Actual Loops": 7,
                              "Filter": "(keyword_id > 348)",
                              "Rows Removed by Filter": 65961
                            },
                            {
                              "Node Type": "Hash",
                              "Parent Relationship": "Inner",
                              "Parallel Aware": true,
                              "Startup Cost": 42318.73,
                              "Total Cost": 42318.73,
                              "Plan Rows": 632073,
                              "Plan Width": 4,
                              "Actual Startup Time": 266.883,
                              "Actual Total Time": 266.884,
                              "Actual Rows": 361187,
                              "Actual Loops": 7,
                              "Hash Buckets": 4194304,
                              "Original Hash Buckets": 4194304,
                              "Hash Batches": 1,
                              "Original Hash Batches": 1,
                              "Peak Memory Usage": 131776,
                              "Plans": [
                                {
                                  "Node Type": "Seq Scan",
                                  "Parent Relationship": "Outer",
                                  "Parallel Aware": true,
                                  "Relation Name": "title",
                                  "Alias": "t",
                                  "Startup Cost": 0.0,
                                  "Total Cost": 42318.73,
                                  "Plan Rows": 632073,
                                  "Plan Width": 4,
                                  "Actual Startup Time": 0.046,
                                  "Actual Total Time": 78.268,
                                  "Actual Rows": 361187,
                                  "Actual Loops": 7
                                }
                              ]
                            }
                          ]
                        }
                      ]
                    }
                  ]
                }
              ]
            }
          ]
        }
      ]
    },
    "Planning Time": 1.117,
    "Triggers": [],
    "Execution Time": 2317.658
  }
]