[
  {
    "Plan": {
      "Node Type": "Aggregate",
      "Strategy": "Plain",
      "Partial Mode": "Simple",
      "Parallel Aware": false,
      "Startup Cost": 3807.27,
      "Total Cost": 3807.28,
      "Plan Rows": 1,
      "Plan Width": 8,
      "Actual Startup Time": 0.577,
      "Actual Total Time": 0.579,
      "Actual Rows": 1,
      "Actual Loops": 1,
      "Plans": [
        {
          "Node Type": "Nested Loop",
          "Parent Relationship": "Outer",
          "Parallel Aware": false,
          "Join Type": "Inner",
          "Startup Cost": 0.99,
          "Total Cost": 3806.45,
          "Plan Rows": 328,
          "Plan Width": 0,
          "Actual Startup Time": 0.301,
          "Actual Total Time": 0.568,
          "Actual Rows": 15,
          "Actual Loops": 1,
          "Inner Unique": true,
          "Plans": [
            {
              "Node Type": "Index Scan",
              "Parent Relationship": "Outer",
              "Parallel Aware": false,
              "Scan Direction": "Forward",
              "Index Name": "person_id_cast_info",
              "Relation Name": "cast_info",
              "Alias": "ci",
              "Startup Cost": 0.56,
              "Total Cost": 1059.67,
              "Plan Rows": 328,
              "Plan Width": 4,
              "Actual Startup Time": 0.272,
              "Actual Total Time": 0.367,
              "Actual Rows": 15,
              "Actual Loops": 1,
              "Index Cond": "(person_id = 380620)",
              "Rows Removed by Index Recheck": 0,
              "Filter": "(role_id < 4)",
              "Rows Removed by Filter": 182
            },
            {
              "Node Type": "Index Only Scan",
              "Parent Relationship": "Inner",
              "Parallel Aware": false,
              "Scan Direction": "Forward",
              "Index Name": "title_pkey",
              "Relation Name": "title",
              "Alias": "t",
              "Startup Cost": 0.43,
              "Total Cost": 8.37,
              "Plan Rows": 1,
              "Plan Width": 4,
              "Actual Startup Time": 0.012,
              "Actual Total Time": 0.012,
              "Actual Rows": 1,
              "Actual Loops": 15,
              "Index Cond": "(id = ci.movie_id)",
              "Rows Removed by Index Recheck": 0,
              "Heap Fetches": 15
            }
          ]
        }
      ]
    },
    "Planning Time": 0.613,
    "Triggers": [],
    "Execution Time": 0.64
  }
]