[
  {
    "Plan": {
      "Node Type": "Aggregate",
      "Strategy": "Plain",
      "Partial Mode": "Finalize",
      "Parallel Aware": false,
      "Startup Cost": 43273.34,
      "Total Cost": 43273.35,
      "Plan Rows": 1,
      "Plan Width": 8,
      "Actual Startup Time": 145.299,
      "Actual Total Time": 154.789,
      "Actual Rows": 1,
      "Actual Loops": 1,
      "Plans": [
        {
          "Node Type": "Gather",
          "Parent Relationship": "Outer",
          "Parallel Aware": false,
          "Startup Cost": 43273.02,
          "Total Cost": 43273.33,
          "Plan Rows": 3,
          "Plan Width": 8,
          "Actual Startup Time": 145.017,
          "Actual Total Time": 154.78,
          "Actual Rows": 4,
          "Actual Loops": 1,
          "Workers Planned": 3,
          "Workers Launched": 3,
          "Single Copy": false,
          "Plans": [
            {
              "Node Type": "Aggregate",
              "Strategy": "Plain",
              "Partial Mode": "Partial",
              "Parent Relationship": "Outer",
              "Parallel Aware": false,
              "Startup Cost": 42273.02,
              "Total Cost": 42273.03,
              "Plan Rows": 1,
              "Plan Width": 8,
              "Actual Startup Time": 138.585,
              "Actual Total Time": 138.587,
              "Actual Rows": 1,
              "Actual Loops": 4,
              "Plans": [
                {
                  "Node Type": "Bitmap Heap Scan",
                  "Parent Relationship": "Outer",
                  "Parallel Aware": true,
                  "Relation Name": "movie_keyword",
                  "Alias": "mk",
                  "Startup Cost": 14509.38,
                  "Total Cost": 41721.41,
                  "Plan Rows": 220643,
                  "Plan Width": 0,
                  "Actual Startup Time": 50.04,
                  "Actual Total Time": 128.765,
                  "Actual Rows": 167708,
                  "Actual Loops": 4,
                  "Recheck Cond": "(keyword_id > 27954)",
                  "Rows Removed by Index Recheck": 0,
                  "Exact Heap Blocks": 11107,
                  "Lossy Heap Blocks": 0,
                  "Plans": [
                    {
                      "Node Type": "Bitmap Index Scan",
                      "Parent Relationship": "Outer",
                      "Parallel Aware": false,
                      "Index Name": "keyword_id_movie_keyword",
                      "Startup Cost": 0.0,
                      "Total Cost": 14338.38,
                      "Plan Rows": 683993,
                      "Plan Width": 0,
                      "Actual Startup Time": 52.119,
                      "Actual Total Time": 52.119,
                      "Actual Rows": 670832,
                      "Actual Loops": 1,
                      "Index Cond": "(keyword_id > 27954)"
                    }
                  ]
                }
              ]
            }
          ]
        }
      ]
    },
    "Planning Time": 0.149,
    "Triggers": [],
    "Execution Time": 154.852
  }
]