[
  {
    "Plan": {
      "Node Type": "Aggregate",
      "Strategy": "Plain",
      "Partial Mode": "Finalize",
      "Parallel Aware": false,
      "Startup Cost": 91800.73,
      "Total Cost": 91800.74,
      "Plan Rows": 1,
      "Plan Width": 8,
      "Actual Startup Time": 604.05,
      "Actual Total Time": 622.759,
      "Actual Rows": 1,
      "Actual Loops": 1,
      "Plans": [
        {
          "Node Type": "Gather",
          "Parent Relationship": "Outer",
          "Parallel Aware": false,
          "Startup Cost": 91800.41,
          "Total Cost": 91800.72,
          "Plan Rows": 3,
          "Plan Width": 8,
          "Actual Startup Time": 586.088,
          "Actual Total Time": 622.748,
          "Actual Rows": 4,
          "Actual Loops": 1,
          "Workers Planned": 3,
          "Workers Launched": 3,
          "Single Copy": false,
          "Plans": [
            {
              "Node Type": "Aggregate",
              "Strategy": "Plain",
              "Partial Mode": "Partial",
              "Parent Relationship": "Outer",
              "Parallel Aware": false,
              "Startup Cost": 90800.41,
              "Total Cost": 90800.42,
              "Plan Rows": 1,
              "Plan Width": 8,
              "Actual Startup Time": 570.744,
              "Actual Total Time": 570.748,
              "Actual Rows": 1,
              "Actual Loops": 4,
              "Plans": [
                {
                  "Node Type": "Hash Join",
                  "Parent Relationship": "Outer",
                  "Parallel Aware": true,
                  "Join Type": "Inner",
                  "Startup Cost": 62938.37,
                  "Total Cost": 90317.0,
                  "Plan Rows": 193364,
                  "Plan Width": 0,
                  "Actual Startup Time": 440.789,
                  "Actual Total Time": 561.614,
                  "Actual Rows": 150782,
                  "Actual Loops": 4,
                  "Inner Unique": true,
                  "Hash Cond": "(mk.movie_id = t.id)",
                  "Plans": [
                    {
                      "Node Type": "Bitmap Heap Scan",
                      "Parent Relationship": "Outer",
                      "Parallel Aware": true,
                      "Relation Name": "movie_keyword",
                      "Alias": "mk",
                      "Startup Cost": 12717.99,
                      "Total Cost": 39589.04,
                      "Plan Rows": 193364,
                      "Plan Width": 4,
                      "Actual Startup Time": 35.621,
                      "Actual Total Time": 102.443,
                      "Actual Rows": 150782,
                      "Actual Loops": 4,
                      "Recheck Cond": "(keyword_id > 30576)",
                      "Rows Removed by Index Recheck": 0,
                      "Exact Heap Blocks": 8702,
                      "Lossy Heap Blocks": 0,
                      "Plans": [
                        {
                          "Node Type": "Bitmap Index Scan",
                          "Parent Relationship": "Outer",
                          "Parallel Aware": false,
                          "Index Name": "keyword_id_movie_keyword",
                          "Startup Cost": 0.0,
                          "Total Cost": 12568.14,
                          "Plan Rows": 599427,
                          "Plan Width": 0,
                          "Actual Startup Time": 32.229,
                          "Actual Total Time": 32.23,
                          "Actual Rows": 603127,
                          "Actual Loops": 1,
                          "Index Cond": "(keyword_id > 30576)"
                        }
                      ]
                    },
                    {
                      "Node Type": "Hash",
                      "Parent Relationship": "Inner",
                      "Parallel Aware": true,
                      "Startup Cost": 42319.06,
                      "Total Cost": 42319.06,
                      "Plan Rows": 632106,
                      "Plan Width": 4,
                      "Actual Startup Time": 394.941,
                      "Actual Total Time": 394.943,
                      "Actual Rows": 632078,
                      "Actual Loops": 4,
                      "Hash Buckets": 4194304,
                      "Original Hash Buckets": 4194304,
                      "Hash Batches": 1,
                      "Original Hash Batches": 1,
                      "Peak Memory Usage": 131712,
                      "Plans": [
                        {
                          "Node Type": "Seq Scan",
                          "Parent Relationship": "Outer",
                          "Parallel Aware": true,
                          "Relation Name": "title",
                          "Alias": "t",
                          "Startup Cost": 0.0,
                          "Total Cost": 42319.06,
                          "Plan Rows": 632106,
                          "Plan Width": 4,
                          "Actual Startup Time": 0.037,
                          "Actual Total Time": 120.819,
                          "Actual Rows": 632078,
                          "Actual Loops": 4
                        }
                      ]
                    }
                  ]
                }
              ]
            }
          ]
        }
      ]
    },
    "Planning Time": 0.385,
    "Triggers": [],
    "Execution Time": 622.822
  }
]