[
  {
    "Plan": {
      "Node Type": "Aggregate",
      "Strategy": "Plain",
      "Partial Mode": "Finalize",
      "Parallel Aware": false,
      "Startup Cost": 92167.93,
      "Total Cost": 92167.94,
      "Plan Rows": 1,
      "Plan Width": 8,
      "Actual Startup Time": 525.192,
      "Actual Total Time": 540.484,
      "Actual Rows": 1,
      "Actual Loops": 1,
      "Plans": [
        {
          "Node Type": "Gather",
          "Parent Relationship": "Outer",
          "Parallel Aware": false,
          "Startup Cost": 92167.61,
          "Total Cost": 92167.92,
          "Plan Rows": 3,
          "Plan Width": 8,
          "Actual Startup Time": 516.742,
          "Actual Total Time": 540.473,
          "Actual Rows": 4,
          "Actual Loops": 1,
          "Workers Planned": 3,
          "Workers Launched": 3,
          "Single Copy": false,
          "Plans": [
            {
              "Node Type": "Aggregate",
              "Strategy": "Plain",
              "Partial Mode": "Partial",
              "Parent Relationship": "Outer",
              "Parallel Aware": false,
              "Startup Cost": 91167.61,
              "Total Cost": 91167.62,
              "Plan Rows": 1,
              "Plan Width": 8,
              "Actual Startup Time": 497.483,
              "Actual Total Time": 497.486,
              "Actual Rows": 1,
              "Actual Loops": 4,
              "Plans": [
                {
                  "Node Type": "Hash Join",
                  "Parent Relationship": "Outer",
                  "Parallel Aware": true,
                  "Join Type": "Inner",
                  "Startup Cost": 63227.74,
                  "Total Cost": 90673.16,
                  "Plan Rows": 197780,
                  "Plan Width": 0,
                  "Actual Startup Time": 384.324,
                  "Actual Total Time": 490.362,
                  "Actual Rows": 150782,
                  "Actual Loops": 4,
                  "Inner Unique": true,
                  "Hash Cond": "(mk.movie_id = t.id)",
                  "Plans": [
                    {
                      "Node Type": "Bitmap Heap Scan",
                      "Parent Relationship": "Outer",
                      "Parallel Aware": true,
                      "Relation Name": "movie_keyword",
                      "Alias": "mk",
                      "Startup Cost": 13008.1,
                      "Total Cost": 39934.35,
                      "Plan Rows": 197780,
                      "Plan Width": 4,
                      "Actual Startup Time": 41.949,
                      "Actual Total Time": 98.838,
                      "Actual Rows": 150782,
                      "Actual Loops": 4,
                      "Recheck Cond": "(keyword_id > 30576)",
                      "Rows Removed by Index Recheck": 0,
                      "Exact Heap Blocks": 6537,
                      "Lossy Heap Blocks": 0,
                      "Plans": [
                        {
                          "Node Type": "Bitmap Index Scan",
                          "Parent Relationship": "Outer",
                          "Parallel Aware": false,
                          "Index Name": "keyword_id_movie_keyword",
                          "Startup Cost": 0.0,
                          "Total Cost": 12854.82,
                          "Plan Rows": 613118,
                          "Plan Width": 0,
                          "Actual Startup Time": 38.499,
                          "Actual Total Time": 38.5,
                          "Actual Rows": 603127,
                          "Actual Loops": 1,
                          "Index Cond": "(keyword_id > 30576)"
                        }
                      ]
                    },
                    {
                      "Node Type": "Hash",
                      "Parent Relationship": "Inner",
                      "Parallel Aware": true,
                      "Startup Cost": 42318.73,
                      "Total Cost": 42318.73,
                      "Plan Rows": 632073,
                      "Plan Width": 4,
                      "Actual Startup Time": 330.918,
                      "Actual Total Time": 330.919,
                      "Actual Rows": 632078,
                      "Actual Loops": 4,
                      "Hash Buckets": 4194304,
                      "Original Hash Buckets": 4194304,
                      "Hash Batches": 1,
                      "Original Hash Batches": 1,
                      "Peak Memory Usage": 131744,
                      "Plans": [
                        {
                          "Node Type": "Seq Scan",
                          "Parent Relationship": "Outer",
                          "Parallel Aware": true,
                          "Relation Name": "title",
                          "Alias": "t",
                          "Startup Cost": 0.0,
                          "Total Cost": 42318.73,
                          "Plan Rows": 632073,
                          "Plan Width": 4,
                          "Actual Startup Time": 0.034,
                          "Actual Total Time": 97.013,
                          "Actual Rows": 632078,
                          "Actual Loops": 4
                        }
                      ]
                    }
                  ]
                }
              ]
            }
          ]
        }
      ]
    },
    "Planning Time": 0.576,
    "Triggers": [],
    "Execution Time": 540.572
  }
]