[
  {
    "Plan": {
      "Node Type": "Aggregate",
      "Strategy": "Plain",
      "Partial Mode": "Finalize",
      "Parallel Aware": false,
      "Startup Cost": 45274.12,
      "Total Cost": 45274.13,
      "Plan Rows": 1,
      "Plan Width": 8,
      "Actual Startup Time": 152.691,
      "Actual Total Time": 162.336,
      "Actual Rows": 1,
      "Actual Loops": 1,
      "Plans": [
        {
          "Node Type": "Gather",
          "Parent Relationship": "Outer",
          "Parallel Aware": false,
          "Startup Cost": 45273.8,
          "Total Cost": 45274.11,
          "Plan Rows": 3,
          "Plan Width": 8,
          "Actual Startup Time": 152.565,
          "Actual Total Time": 162.327,
          "Actual Rows": 4,
          "Actual Loops": 1,
          "Workers Planned": 3,
          "Workers Launched": 3,
          "Single Copy": false,
          "Plans": [
            {
              "Node Type": "Aggregate",
              "Strategy": "Plain",
              "Partial Mode": "Partial",
              "Parent Relationship": "Outer",
              "Parallel Aware": false,
              "Startup Cost": 44273.8,
              "Total Cost": 44273.81,
              "Plan Rows": 1,
              "Plan Width": 8,
              "Actual Startup Time": 144.063,
              "Actual Total Time": 144.064,
              "Actual Rows": 1,
              "Actual Loops": 4,
              "Plans": [
                {
                  "Node Type": "Seq Scan",
                  "Parent Relationship": "Outer",
                  "Parallel Aware": true,
                  "Relation Name": "movie_keyword",
                  "Alias": "mk",
                  "Startup Cost": 0.0,
                  "Total Cost": 42695.65,
                  "Plan Rows": 631259,
                  "Plan Width": 0,
                  "Actual Startup Time": 0.574,
                  "Actual Total Time": 118.171,
                  "Actual Rows": 486397,
                  "Actual Loops": 4,
                  "Filter": "(keyword_id > 6688)",
                  "Rows Removed by Filter": 644586
                }
              ]
            }
          ]
        }
      ]
    },
    "Planning Time": 0.086,
    "Triggers": [],
    "Execution Time": 162.367
  }
]