[
  {
    "Plan": {
      "Node Type": "Aggregate",
      "Strategy": "Plain",
      "Partial Mode": "Finalize",
      "Parallel Aware": false,
      "Startup Cost": 342710.11,
      "Total Cost": 342710.12,
      "Plan Rows": 1,
      "Plan Width": 8,
      "Actual Startup Time": 933.479,
      "Actual Total Time": 991.505,
      "Actual Rows": 1,
      "Actual Loops": 1,
      "Plans": [
        {
          "Node Type": "Gather",
          "Parent Relationship": "Outer",
          "Parallel Aware": false,
          "Startup Cost": 342709.48,
          "Total Cost": 342710.09,
          "Plan Rows": 6,
          "Plan Width": 8,
          "Actual Startup Time": 933.291,
          "Actual Total Time": 991.474,
          "Actual Rows": 7,
          "Actual Loops": 1,
          "Workers Planned": 6,
          "Workers Launched": 6,
          "Single Copy": false,
          "Plans": [
            {
              "Node Type": "Aggregate",
              "Strategy": "Plain",
              "Partial Mode": "Partial",
              "Parent Relationship": "Outer",
              "Parallel Aware": false,
              "Startup Cost": 341709.48,
              "Total Cost": 341709.49,
              "Plan Rows": 1,
              "Plan Width": 8,
              "Actual Startup Time": 924.415,
              "Actual Total Time": 924.417,
              "Actual Rows": 1,
              "Actual Loops": 7,
              "Plans": [
                {
                  "Node Type": "Seq Scan",
                  "Parent Relationship": "Outer",
                  "Parallel Aware": true,
                  "Relation Name": "cast_info",
                  "Alias": "ci",
                  "Startup Cost": 0.0,
                  "Total Cost": 328211.39,
                  "Plan Rows": 5399236,
                  "Plan Width": 0,
                  "Actual Startup Time": 52.687,
                  "Actual Total Time": 690.769,
                  "Actual Rows": 4604888,
                  "Actual Loops": 7,
                  "Filter": "(person_id > 384592)",
                  "Rows Removed by Filter": 572875
                }
              ]
            }
          ]
        }
      ]
    },
    "Planning Time": 0.187,
    "Triggers": [],
    "Execution Time": 991.576
  }
]