[
    {
        "Bao": {
            "Bao prediction": "NaN",
            "Bao recommended hint": "(no hint)"
        }
    },
    {
        "Plan": {
            "Node Type": "Aggregate",
            "Strategy": "Plain",
            "Partial Mode": "Finalize",
            "Parallel Aware": false,
            "Startup Cost": 221350.09,
            "Total Cost": 221350.1,
            "Plan Rows": 1,
            "Plan Width": 8,
            "Actual Startup Time": 230.534,
            "Actual Total Time": 241.239,
            "Actual Rows": 1,
            "Actual Loops": 1,
            "Output": [
                "count(*)"
            ],
            "Plans": [
                {
                    "Node Type": "Gather",
                    "Parent Relationship": "Outer",
                    "Parallel Aware": false,
                    "Startup Cost": 221349.57,
                    "Total Cost": 221350.08,
                    "Plan Rows": 5,
                    "Plan Width": 8,
                    "Actual Startup Time": 226.537,
                    "Actual Total Time": 241.23,
                    "Actual Rows": 6,
                    "Actual Loops": 1,
                    "Output": [
                        "(PARTIAL count(*))"
                    ],
                    "Workers Planned": 5,
                    "Workers Launched": 5,
                    "Single Copy": false,
                    "Plans": [
                        {
                            "Node Type": "Aggregate",
                            "Strategy": "Plain",
                            "Partial Mode": "Partial",
                            "Parent Relationship": "Outer",
                            "Parallel Aware": false,
                            "Startup Cost": 220349.57,
                            "Total Cost": 220349.58,
                            "Plan Rows": 1,
                            "Plan Width": 8,
                            "Actual Startup Time": 213.466,
                            "Actual Total Time": 213.47,
                            "Actual Rows": 1,
                            "Actual Loops": 6,
                            "Output": [
                                "PARTIAL count(*)"
                            ],
                            "Workers": [
                                {
                                    "Worker Number": 0,
                                    "Actual Startup Time": 211.073,
                                    "Actual Total Time": 211.077,
                                    "Actual Rows": 1,
                                    "Actual Loops": 1
                                },
                                {
                                    "Worker Number": 1,
                                    "Actual Startup Time": 211.08,
                                    "Actual Total Time": 211.083,
                                    "Actual Rows": 1,
                                    "Actual Loops": 1
                                },
                                {
                                    "Worker Number": 2,
                                    "Actual Startup Time": 210.314,
                                    "Actual Total Time": 210.318,
                                    "Actual Rows": 1,
                                    "Actual Loops": 1
                                },
                                {
                                    "Worker Number": 3,
                                    "Actual Startup Time": 211.131,
                                    "Actual Total Time": 211.134,
                                    "Actual Rows": 1,
                                    "Actual Loops": 1
                                },
                                {
                                    "Worker Number": 4,
                                    "Actual Startup Time": 211.568,
                                    "Actual Total Time": 211.571,
                                    "Actual Rows": 1,
                                    "Actual Loops": 1
                                }
                            ],
                            "Plans": [
                                {
                                    "Node Type": "Hash Join",
                                    "Parent Relationship": "Outer",
                                    "Parallel Aware": true,
                                    "Join Type": "Inner",
                                    "Startup Cost": 56722.14,
                                    "Total Cost": 220290.29,
                                    "Plan Rows": 23712,
                                    "Plan Width": 0,
                                    "Actual Startup Time": 171.332,
                                    "Actual Total Time": 213.232,
                                    "Actual Rows": 2252,
                                    "Actual Loops": 6,
                                    "Inner Unique": true,
                                    "Hash Cond": "(mi.movie_id = t.id)",
                                    "Workers": [
                                        {
                                            "Worker Number": 0,
                                            "Actual Startup Time": 170.642,
                                            "Actual Total Time": 210.824,
                                            "Actual Rows": 2334,
                                            "Actual Loops": 1
                                        },
                                        {
                                            "Worker Number": 1,
                                            "Actual Startup Time": 171.441,
                                            "Actual Total Time": 210.849,
                                            "Actual Rows": 2389,
                                            "Actual Loops": 1
                                        },
                                        {
                                            "Worker Number": 2,
                                            "Actual Startup Time": 167.963,
                                            "Actual Total Time": 210.083,
                                            "Actual Rows": 1834,
                                            "Actual Loops": 1
                                        },
                                        {
                                            "Worker Number": 3,
                                            "Actual Startup Time": 167.806,
                                            "Actual Total Time": 210.894,
                                            "Actual Rows": 2731,
                                            "Actual Loops": 1
                                        },
                                        {
                                            "Worker Number": 4,
                                            "Actual Startup Time": 167.877,
                                            "Actual Total Time": 211.329,
                                            "Actual Rows": 2174,
                                            "Actual Loops": 1
                                        }
                                    ],
                                    "Plans": [
                                        {
                                            "Node Type": "Bitmap Heap Scan",
                                            "Parent Relationship": "Outer",
                                            "Parallel Aware": true,
                                            "Relation Name": "movie_info",
                                            "Schema": "public",
                                            "Alias": "mi",
                                            "Startup Cost": 9443.95,
                                            "Total Cost": 172738.72,
                                            "Plan Rows": 104142,
                                            "Plan Width": 4,
                                            "Actual Startup Time": 32.882,
                                            "Actual Total Time": 55.506,
                                            "Actual Rows": 90561,
                                            "Actual Loops": 6,
                                            "Output": [
                                                "mi.id",
                                                "mi.movie_id",
                                                "mi.info_type_id",
                                                "mi.info",
                                                "mi.note"
                                            ],
                                            "Recheck Cond": "(mi.info_type_id > 98)",
                                            "Rows Removed by Index Recheck": 0,
                                            "Exact Heap Blocks": 939,
                                            "Lossy Heap Blocks": 0,
                                            "Workers": [
                                                {
                                                    "Worker Number": 0,
                                                    "Actual Startup Time": 32.901,
                                                    "Actual Total Time": 56.449,
                                                    "Actual Rows": 89662,
                                                    "Actual Loops": 1
                                                },
                                                {
                                                    "Worker Number": 1,
                                                    "Actual Startup Time": 32.794,
                                                    "Actual Total Time": 56.277,
                                                    "Actual Rows": 107935,
                                                    "Actual Loops": 1
                                                },
                                                {
                                                    "Worker Number": 2,
                                                    "Actual Startup Time": 33.057,
                                                    "Actual Total Time": 55.646,
                                                    "Actual Rows": 68353,
                                                    "Actual Loops": 1
                                                },
                                                {
                                                    "Worker Number": 3,
                                                    "Actual Startup Time": 32.89,
                                                    "Actual Total Time": 55.362,
                                                    "Actual Rows": 112979,
                                                    "Actual Loops": 1
                                                },
                                                {
                                                    "Worker Number": 4,
                                                    "Actual Startup Time": 32.829,
                                                    "Actual Total Time": 55.782,
                                                    "Actual Rows": 86239,
                                                    "Actual Loops": 1
                                                }
                                            ],
                                            "Plans": [
                                                {
                                                    "Node Type": "Bitmap Index Scan",
                                                    "Parent Relationship": "Outer",
                                                    "Parallel Aware": false,
                                                    "Index Name": "info_type_id_movie_info",
                                                    "Startup Cost": 0.0,
                                                    "Total Cost": 9313.77,
                                                    "Plan Rows": 520711,
                                                    "Plan Width": 0,
                                                    "Actual Startup Time": 31.53,
                                                    "Actual Total Time": 31.531,
                                                    "Actual Rows": 543367,
                                                    "Actual Loops": 1,
                                                    "Index Cond": "(mi.info_type_id > 98)",
                                                    "Workers": [
                                                        {
                                                            "Worker Number": 1,
                                                            "Actual Startup Time": 31.53,
                                                            "Actual Total Time": 31.531,
                                                            "Actual Rows": 543367,
                                                            "Actual Loops": 1
                                                        }
                                                    ]
                                                }
                                            ]
                                        },
                                        {
                                            "Node Type": "Hash",
                                            "Parent Relationship": "Inner",
                                            "Parallel Aware": true,
                                            "Startup Cost": 45479.21,
                                            "Total Cost": 45479.21,
                                            "Plan Rows": 143919,
                                            "Plan Width": 4,
                                            "Actual Startup Time": 131.668,
                                            "Actual Total Time": 131.668,
                                            "Actual Rows": 74398,
                                            "Actual Loops": 6,
                                            "Output": [
                                                "t.id"
                                            ],
                                            "Hash Buckets": 1048576,
                                            "Original Hash Buckets": 1048576,
                                            "Hash Batches": 1,
                                            "Original Hash Batches": 1,
                                            "Peak Memory Usage": 25760,
                                            "Workers": [
                                                {
                                                    "Worker Number": 0,
                                                    "Actual Startup Time": 133.072,
                                                    "Actual Total Time": 133.073,
                                                    "Actual Rows": 61720,
                                                    "Actual Loops": 1
                                                },
                                                {
                                                    "Worker Number": 1,
                                                    "Actual Startup Time": 133.106,
                                                    "Actual Total Time": 133.107,
                                                    "Actual Rows": 61340,
                                                    "Actual Loops": 1
                                                },
                                                {
                                                    "Worker Number": 2,
                                                    "Actual Startup Time": 132.185,
                                                    "Actual Total Time": 132.186,
                                                    "Actual Rows": 63492,
                                                    "Actual Loops": 1
                                                },
                                                {
                                                    "Worker Number": 3,
                                                    "Actual Startup Time": 133.166,
                                                    "Actual Total Time": 133.167,
                                                    "Actual Rows": 86797,
                                                    "Actual Loops": 1
                                                },
                                                {
                                                    "Worker Number": 4,
                                                    "Actual Startup Time": 133.218,
                                                    "Actual Total Time": 133.218,
                                                    "Actual Rows": 85981,
                                                    "Actual Loops": 1
                                                }
                                            ],
                                            "Plans": [
                                                {
                                                    "Node Type": "Seq Scan",
                                                    "Parent Relationship": "Outer",
                                                    "Parallel Aware": true,
                                                    "Relation Name": "title",
                                                    "Schema": "public",
                                                    "Alias": "t",
                                                    "Startup Cost": 0.0,
                                                    "Total Cost": 45479.21,
                                                    "Plan Rows": 143919,
                                                    "Plan Width": 4,
                                                    "Actual Startup Time": 0.041,
                                                    "Actual Total Time": 91.926,
                                                    "Actual Rows": 74398,
                                                    "Actual Loops": 6,
                                                    "Output": [
                                                        "t.id"
                                                    ],
                                                    "Filter": "((t.kind_id > 1) AND (t.production_year < 1994))",
                                                    "Rows Removed by Filter": 346988,
                                                    "Workers": [
                                                        {
                                                            "Worker Number": 0,
                                                            "Actual Startup Time": 0.04,
                                                            "Actual Total Time": 93.12,
                                                            "Actual Rows": 61720,
                                                            "Actual Loops": 1
                                                        },
                                                        {
                                                            "Worker Number": 1,
                                                            "Actual Startup Time": 0.041,
                                                            "Actual Total Time": 92.394,
                                                            "Actual Rows": 61340,
                                                            "Actual Loops": 1
                                                        },
                                                        {
                                                            "Worker Number": 2,
                                                            "Actual Startup Time": 0.039,
                                                            "Actual Total Time": 95.446,
                                                            "Actual Rows": 63492,
                                                            "Actual Loops": 1
                                                        },
                                                        {
                                                            "Worker Number": 3,
                                                            "Actual Startup Time": 0.056,
                                                            "Actual Total Time": 90.475,
                                                            "Actual Rows": 86797,
                                                            "Actual Loops": 1
                                                        },
                                                        {
                                                            "Worker Number": 4,
                                                            "Actual Startup Time": 0.048,
                                                            "Actual Total Time": 91.075,
                                                            "Actual Rows": 85981,
                                                            "Actual Loops": 1
                                                        }
                                                    ]
                                                }
                                            ]
                                        }
                                    ]
                                }
                            ]
                        }
                    ]
                }
            ]
        },
        "Planning Time": 276.956,
        "Triggers": [],
        "Execution Time": 241.359
    }
]