{
  "Plan": {
    "Node Type": "Aggregate",
    "Strategy": "Plain",
    "Partial Mode": "Finalize",
    "Parallel Aware": false,
    "Startup Cost": 104147.21,
    "Total Cost": 104147.22,
    "Plan Rows": 1,
    "Plan Width": 8,
    "Actual Startup Time": 721.963,
    "Actual Total Time": 741.856,
    "Actual Rows": 1,
    "Actual Loops": 1,
    "Plans": [
      {
        "Node Type": "Gather",
        "Parent Relationship": "Outer",
        "Parallel Aware": false,
        "Startup Cost": 104147.1,
        "Total Cost": 104147.21,
        "Plan Rows": 1,
        "Plan Width": 8,
        "Actual Startup Time": 716.499,
        "Actual Total Time": 741.844,
        "Actual Rows": 2,
        "Actual Loops": 1,
        "Workers Planned": 1,
        "Workers Launched": 1,
        "Single Copy": false,
        "Plans": [
          {
            "Node Type": "Aggregate",
            "Strategy": "Plain",
            "Partial Mode": "Partial",
            "Parent Relationship": "Outer",
            "Parallel Aware": false,
            "Startup Cost": 103147.1,
            "Total Cost": 103147.11,
            "Plan Rows": 1,
            "Plan Width": 8,
            "Actual Startup Time": 704.903,
            "Actual Total Time": 704.907,
            "Actual Rows": 1,
            "Actual Loops": 2,
            "Plans": [
              {
                "Node Type": "Hash Join",
                "Parent Relationship": "Outer",
                "Parallel Aware": true,
                "Join Type": "Inner",
                "Startup Cost": 75662.53,
                "Total Cost": 102717.23,
                "Plan Rows": 171947,
                "Plan Width": 0,
                "Actual Startup Time": 594.664,
                "Actual Total Time": 698.488,
                "Actual Rows": 144358,
                "Actual Loops": 2,
                "Inner Unique": true,
                "Hash Cond": "(mk.movie_id = t.id)",
                "Plans": [
                  {
                    "Node Type": "Bitmap Heap Scan",
                    "Parent Relationship": "Outer",
                    "Parallel Aware": true,
                    "Relation Name": "movie_keyword",
                    "Alias": "mk",
                    "Startup Cost": 6201.84,
                    "Total Cost": 32805.17,
                    "Plan Rows": 171947,
                    "Plan Width": 4,
                    "Actual Startup Time": 18.311,
                    "Actual Total Time": 78.634,
                    "Actual Rows": 144358,
                    "Actual Loops": 2,
                    "Recheck Cond": "(keyword_id > 55524)",
                    "Rows Removed by Index Recheck": 0,
                    "Exact Heap Blocks": 12552,
                    "Lossy Heap Blocks": 0,
                    "Plans": [
                      {
                        "Node Type": "Bitmap Index Scan",
                        "Parent Relationship": "Outer",
                        "Parallel Aware": false,
                        "Index Name": "keyword_id_movie_keyword",
                        "Startup Cost": 0.0,
                        "Total Cost": 6128.76,
                        "Plan Rows": 292310,
                        "Plan Width": 0,
                        "Actual Startup Time": 15.18,
                        "Actual Total Time": 15.181,
                        "Actual Rows": 288716,
                        "Actual Loops": 1,
                        "Index Cond": "(keyword_id > 55524)"
                      }
                    ]
                  },
                  {
                    "Node Type": "Hash",
                    "Parent Relationship": "Inner",
                    "Parallel Aware": true,
                    "Startup Cost": 50870.31,
                    "Total Cost": 50870.31,
                    "Plan Rows": 1487231,
                    "Plan Width": 4,
                    "Actual Startup Time": 554.277,
                    "Actual Total Time": 554.278,
                    "Actual Rows": 1264156,
                    "Actual Loops": 2,
                    "Hash Buckets": 4194304,
                    "Original Hash Buckets": 4194304,
                    "Hash Batches": 1,
                    "Original Hash Batches": 1,
                    "Peak Memory Usage": 131680,
                    "Plans": [
                      {
                        "Node Type": "Seq Scan",
                        "Parent Relationship": "Outer",
                        "Parallel Aware": true,
                        "Relation Name": "title",
                        "Alias": "t",
                        "Startup Cost": 0.0,
                        "Total Cost": 50870.31,
                        "Plan Rows": 1487231,
                        "Plan Width": 4,
                        "Actual Startup Time": 0.037,
                        "Actual Total Time": 156.575,
                        "Actual Rows": 1264156,
                        "Actual Loops": 2
                      }
                    ]
                  }
                ]
              }
            ]
          }
        ]
      }
    ]
  },
  "Planning Time": 0.672,
  "Triggers": [],
  "Execution Time": 741.945
}