[
  {
    "Plan": {
      "Node Type": "Aggregate",
      "Strategy": "Plain",
      "Partial Mode": "Finalize",
      "Parallel Aware": false,
      "Startup Cost": 187141.32,
      "Total Cost": 187141.33,
      "Plan Rows": 1,
      "Plan Width": 8,
      "Actual Startup Time": 921.442,
      "Actual Total Time": 961.477,
      "Actual Rows": 1,
      "Actual Loops": 1,
      "Plans": [
        {
          "Node Type": "Gather",
          "Parent Relationship": "Outer",
          "Parallel Aware": false,
          "Startup Cost": 187141.0,
          "Total Cost": 187141.31,
          "Plan Rows": 3,
          "Plan Width": 8,
          "Actual Startup Time": 915.133,
          "Actual Total Time": 961.469,
          "Actual Rows": 4,
          "Actual Loops": 1,
          "Workers Planned": 3,
          "Workers Launched": 3,
          "Single Copy": false,
          "Plans": [
            {
              "Node Type": "Aggregate",
              "Strategy": "Plain",
              "Partial Mode": "Partial",
              "Parent Relationship": "Outer",
              "Parallel Aware": false,
              "Startup Cost": 186141.0,
              "Total Cost": 186141.01,
              "Plan Rows": 1,
              "Plan Width": 8,
              "Actual Startup Time": 906.621,
              "Actual Total Time": 906.629,
              "Actual Rows": 1,
              "Actual Loops": 4,
              "Plans": [
                {
                  "Node Type": "Nested Loop",
                  "Parent Relationship": "Outer",
                  "Parallel Aware": false,
                  "Join Type": "Inner",
                  "Startup Cost": 54810.63,
                  "Total Cost": 185330.28,
                  "Plan Rows": 324287,
                  "Plan Width": 0,
                  "Actual Startup Time": 314.68,
                  "Actual Total Time": 868.661,
                  "Actual Rows": 788804,
                  "Actual Loops": 4,
                  "Inner Unique": false,
                  "Plans": [
                    {
                      "Node Type": "Hash Join",
                      "Parent Relationship": "Outer",
                      "Parallel Aware": true,
                      "Join Type": "Inner",
                      "Startup Cost": 54810.19,
                      "Total Cost": 74677.36,
                      "Plan Rows": 55229,
                      "Plan Width": 8,
                      "Actual Startup Time": 314.528,
                      "Actual Total Time": 364.137,
                      "Actual Rows": 42025,
                      "Actual Loops": 4,
                      "Inner Unique": true,
                      "Hash Cond": "(mc.movie_id = t.id)",
                      "Plans": [
                        {
                          "Node Type": "Bitmap Heap Scan",
                          "Parent Relationship": "Outer",
                          "Parallel Aware": true,
                          "Relation Name": "movie_companies",
                          "Alias": "mc",
                          "Startup Cost": 4783.44,
                          "Total Cost": 24463.67,
                          "Plan Rows": 71218,
                          "Plan Width": 4,
                          "Actual Startup Time": 11.346,
                          "Actual Total Time": 25.58,
                          "Actual Rows": 54603,
                          "Actual Loops": 4,
                          "Recheck Cond": "(company_id > 108363)",
                          "Rows Removed by Index Recheck": 0,
                          "Exact Heap Blocks": 1412,
                          "Lossy Heap Blocks": 0,
                          "Plans": [
                            {
                              "Node Type": "Bitmap Index Scan",
                              "Parent Relationship": "Outer",
                              "Parallel Aware": false,
                              "Index Name": "company_id_movie_companies",
                              "Startup Cost": 0.0,
                              "Total Cost": 4728.25,
                              "Plan Rows": 220776,
                              "Plan Width": 0,
                              "Actual Startup Time": 10.624,
                              "Actual Total Time": 10.625,
                              "Actual Rows": 218412,
                              "Actual Loops": 1,
                              "Index Cond": "(company_id > 108363)"
                            }
                          ]
                        },
                        {
                          "Node Type": "Hash",
                          "Parent Relationship": "Inner",
                          "Parallel Aware": true,
                          "Startup Cost": 43899.32,
                          "Total Cost": 43899.32,
                          "Plan Rows": 490194,
                          "Plan Width": 4,
                          "Actual Startup Time": 298.074,
                          "Actual Total Time": 298.076,
                          "Actual Rows": 486816,
                          "Actual Loops": 4,
                          "Hash Buckets": 2097152,
                          "Original Hash Buckets": 2097152,
                          "Hash Batches": 1,
                          "Original Hash Batches": 1,
                          "Peak Memory Usage": 92640,
                          "Plans": [
                            {
                              "Node Type": "Seq Scan",
                              "Parent Relationship": "Outer",
                              "Parallel Aware": true,
                              "Relation Name": "title",
                              "Alias": "t",
                              "Startup Cost": 0.0,
                              "Total Cost": 43899.32,
                              "Plan Rows": 490194,
                              "Plan Width": 4,
                              "Actual Startup Time": 0.043,
                              "Actual Total Time": 118.705,
                              "Actual Rows": 486816,
                              "Actual Loops": 4,
                              "Filter": "(production_year > 1979)",
                              "Rows Removed by Filter": 145262
                            }
                          ]
                        }
                      ]
                    },
                    {
                      "Node Type": "Index Only Scan",
                      "Parent Relationship": "Inner",
                      "Parallel Aware": false,
                      "Scan Direction": "Forward",
                      "Index Name": "movie_id_movie_info",
                      "Relation Name": "movie_info",
                      "Alias": "mi",
                      "Startup Cost": 0.43,
                      "Total Cost": 1.59,
                      "Plan Rows": 41,
                      "Plan Width": 4,
                      "Actual Startup Time": 0.003,
                      "Actual Total Time": 0.01,
                      "Actual Rows": 19,
                      "Actual Loops": 168099,
                      "Index Cond": "(movie_id = t.id)",
                      "Rows Removed by Index Recheck": 0,
                      "Heap Fetches": 3155214
                    }
                  ]
                }
              ]
            }
          ]
        }
      ]
    },
    "Planning Time": 0.805,
    "Triggers": [],
    "Execution Time": 961.531
  }
]