[
  {
    "Plan": {
      "Node Type": "Aggregate",
      "Strategy": "Plain",
      "Partial Mode": "Finalize",
      "Parallel Aware": false,
      "Startup Cost": 44942.61,
      "Total Cost": 44942.62,
      "Plan Rows": 1,
      "Plan Width": 8,
      "Actual Startup Time": 124.855,
      "Actual Total Time": 136.069,
      "Actual Rows": 1,
      "Actual Loops": 1,
      "Plans": [
        {
          "Node Type": "Gather",
          "Parent Relationship": "Outer",
          "Parallel Aware": false,
          "Startup Cost": 44942.29,
          "Total Cost": 44942.6,
          "Plan Rows": 3,
          "Plan Width": 8,
          "Actual Startup Time": 124.728,
          "Actual Total Time": 136.057,
          "Actual Rows": 4,
          "Actual Loops": 1,
          "Workers Planned": 3,
          "Workers Launched": 3,
          "Single Copy": false,
          "Plans": [
            {
              "Node Type": "Aggregate",
              "Strategy": "Plain",
              "Partial Mode": "Partial",
              "Parent Relationship": "Outer",
              "Parallel Aware": false,
              "Startup Cost": 43942.29,
              "Total Cost": 43942.3,
              "Plan Rows": 1,
              "Plan Width": 8,
              "Actual Startup Time": 121.384,
              "Actual Total Time": 121.386,
              "Actual Rows": 1,
              "Actual Loops": 4,
              "Plans": [
                {
                  "Node Type": "Seq Scan",
                  "Parent Relationship": "Outer",
                  "Parallel Aware": true,
                  "Relation Name": "movie_keyword",
                  "Alias": "mk",
                  "Startup Cost": 0.0,
                  "Total Cost": 42695.65,
                  "Plan Rows": 498655,
                  "Plan Width": 0,
                  "Actual Startup Time": 0.665,
                  "Actual Total Time": 103.51,
                  "Actual Rows": 383709,
                  "Actual Loops": 4,
                  "Filter": "(keyword_id > 10379)",
                  "Rows Removed by Filter": 747273
                }
              ]
            }
          ]
        }
      ]
    },
    "Planning Time": 0.098,
    "Triggers": [],
    "Execution Time": 136.108
  }
]