[
    {
        "Bao": {
            "Bao prediction": "NaN",
            "Bao recommended hint": "(no hint)"
        }
    },
    {
        "Plan": {
            "Node Type": "Aggregate",
            "Strategy": "Plain",
            "Partial Mode": "Finalize",
            "Parallel Aware": false,
            "Startup Cost": 29531.52,
            "Total Cost": 29531.53,
            "Plan Rows": 1,
            "Plan Width": 8,
            "Actual Startup Time": 74.729,
            "Actual Total Time": 81.352,
            "Actual Rows": 1,
            "Actual Loops": 1,
            "Output": [
                "count(*)"
            ],
            "Plans": [
                {
                    "Node Type": "Gather",
                    "Parent Relationship": "Outer",
                    "Parallel Aware": false,
                    "Startup Cost": 29531.21,
                    "Total Cost": 29531.52,
                    "Plan Rows": 3,
                    "Plan Width": 8,
                    "Actual Startup Time": 74.478,
                    "Actual Total Time": 81.345,
                    "Actual Rows": 4,
                    "Actual Loops": 1,
                    "Output": [
                        "(PARTIAL count(*))"
                    ],
                    "Workers Planned": 3,
                    "Workers Launched": 3,
                    "Single Copy": false,
                    "Plans": [
                        {
                            "Node Type": "Aggregate",
                            "Strategy": "Plain",
                            "Partial Mode": "Partial",
                            "Parent Relationship": "Outer",
                            "Parallel Aware": false,
                            "Startup Cost": 28531.21,
                            "Total Cost": 28531.22,
                            "Plan Rows": 1,
                            "Plan Width": 8,
                            "Actual Startup Time": 64.972,
                            "Actual Total Time": 64.973,
                            "Actual Rows": 1,
                            "Actual Loops": 4,
                            "Output": [
                                "PARTIAL count(*)"
                            ],
                            "Workers": [
                                {
                                    "Worker Number": 0,
                                    "Actual Startup Time": 62.107,
                                    "Actual Total Time": 62.109,
                                    "Actual Rows": 1,
                                    "Actual Loops": 1
                                },
                                {
                                    "Worker Number": 1,
                                    "Actual Startup Time": 60.942,
                                    "Actual Total Time": 60.943,
                                    "Actual Rows": 1,
                                    "Actual Loops": 1
                                },
                                {
                                    "Worker Number": 2,
                                    "Actual Startup Time": 62.63,
                                    "Actual Total Time": 62.631,
                                    "Actual Rows": 1,
                                    "Actual Loops": 1
                                }
                            ],
                            "Plans": [
                                {
                                    "Node Type": "Bitmap Heap Scan",
                                    "Parent Relationship": "Outer",
                                    "Parallel Aware": true,
                                    "Relation Name": "movie_companies",
                                    "Schema": "public",
                                    "Alias": "mc",
                                    "Startup Cost": 7832.93,
                                    "Total Cost": 28381.76,
                                    "Plan Rows": 59780,
                                    "Plan Width": 0,
                                    "Actual Startup Time": 49.399,
                                    "Actual Total Time": 63.8,
                                    "Actual Rows": 20185,
                                    "Actual Loops": 4,
                                    "Recheck Cond": "(mc.company_id < 181)",
                                    "Rows Removed by Index Recheck": 0,
                                    "Filter": "(mc.company_type_id = 2)",
                                    "Rows Removed by Filter": 69331,
                                    "Exact Heap Blocks": 10402,
                                    "Lossy Heap Blocks": 0,
                                    "Workers": [
                                        {
                                            "Worker Number": 0,
                                            "Actual Startup Time": 46.535,
                                            "Actual Total Time": 60.987,
                                            "Actual Rows": 14376,
                                            "Actual Loops": 1
                                        },
                                        {
                                            "Worker Number": 1,
                                            "Actual Startup Time": 45.369,
                                            "Actual Total Time": 59.891,
                                            "Actual Rows": 17559,
                                            "Actual Loops": 1
                                        },
                                        {
                                            "Worker Number": 2,
                                            "Actual Startup Time": 47.059,
                                            "Actual Total Time": 61.495,
                                            "Actual Rows": 14685,
                                            "Actual Loops": 1
                                        }
                                    ],
                                    "Plans": [
                                        {
                                            "Node Type": "Bitmap Index Scan",
                                            "Parent Relationship": "Outer",
                                            "Parallel Aware": false,
                                            "Index Name": "company_id_movie_companies",
                                            "Startup Cost": 0.0,
                                            "Total Cost": 7786.6,
                                            "Plan Rows": 363490,
                                            "Plan Width": 0,
                                            "Actual Startup Time": 19.181,
                                            "Actual Total Time": 19.181,
                                            "Actual Rows": 358065,
                                            "Actual Loops": 1,
                                            "Index Cond": "(mc.company_id < 181)"
                                        }
                                    ]
                                }
                            ]
                        }
                    ]
                }
            ]
        },
        "Planning Time": 206.449,
        "Triggers": [],
        "Execution Time": 81.407
    }
]