[
  {
    "Plan": {
      "Node Type": "Aggregate",
      "Strategy": "Plain",
      "Partial Mode": "Finalize",
      "Parallel Aware": false,
      "Startup Cost": 331839.74,
      "Total Cost": 331839.75,
      "Plan Rows": 1,
      "Plan Width": 8,
      "Actual Startup Time": 632.532,
      "Actual Total Time": 661.062,
      "Actual Rows": 1,
      "Actual Loops": 1,
      "Plans": [
        {
          "Node Type": "Gather",
          "Parent Relationship": "Outer",
          "Parallel Aware": false,
          "Startup Cost": 331839.11,
          "Total Cost": 331839.72,
          "Plan Rows": 6,
          "Plan Width": 8,
          "Actual Startup Time": 632.413,
          "Actual Total Time": 661.054,
          "Actual Rows": 7,
          "Actual Loops": 1,
          "Workers Planned": 6,
          "Workers Launched": 6,
          "Single Copy": false,
          "Plans": [
            {
              "Node Type": "Aggregate",
              "Strategy": "Plain",
              "Partial Mode": "Partial",
              "Parent Relationship": "Outer",
              "Parallel Aware": false,
              "Startup Cost": 330839.11,
              "Total Cost": 330839.12,
              "Plan Rows": 1,
              "Plan Width": 8,
              "Actual Startup Time": 627.242,
              "Actual Total Time": 627.243,
              "Actual Rows": 1,
              "Actual Loops": 7,
              "Plans": [
                {
                  "Node Type": "Seq Scan",
                  "Parent Relationship": "Outer",
                  "Parallel Aware": true,
                  "Relation Name": "cast_info",
                  "Alias": "ci",
                  "Startup Cost": 0.0,
                  "Total Cost": 328213.62,
                  "Plan Rows": 1050199,
                  "Plan Width": 0,
                  "Actual Startup Time": 0.032,
                  "Actual Total Time": 577.391,
                  "Actual Rows": 929196,
                  "Actual Loops": 7,
                  "Filter": "(person_id < 627991)",
                  "Rows Removed by Filter": 4248567
                }
              ]
            }
          ]
        }
      ]
    },
    "Planning Time": 0.161,
    "Triggers": [],
    "Execution Time": 661.113
  }
]