[
  {
    "Plan": {
      "Node Type": "Aggregate",
      "Strategy": "Plain",
      "Partial Mode": "Finalize",
      "Parallel Aware": false,
      "Startup Cost": 31672.2,
      "Total Cost": 31672.21,
      "Plan Rows": 1,
      "Plan Width": 8,
      "Actual Startup Time": 89.292,
      "Actual Total Time": 95.706,
      "Actual Rows": 1,
      "Actual Loops": 1,
      "Plans": [
        {
          "Node Type": "Gather",
          "Parent Relationship": "Outer",
          "Parallel Aware": false,
          "Startup Cost": 31671.89,
          "Total Cost": 31672.2,
          "Plan Rows": 3,
          "Plan Width": 8,
          "Actual Startup Time": 89.191,
          "Actual Total Time": 95.699,
          "Actual Rows": 4,
          "Actual Loops": 1,
          "Workers Planned": 3,
          "Workers Launched": 3,
          "Single Copy": false,
          "Plans": [
            {
              "Node Type": "Aggregate",
              "Strategy": "Plain",
              "Partial Mode": "Partial",
              "Parent Relationship": "Outer",
              "Parallel Aware": false,
              "Startup Cost": 30671.89,
              "Total Cost": 30671.9,
              "Plan Rows": 1,
              "Plan Width": 8,
              "Actual Startup Time": 86.081,
              "Actual Total Time": 86.082,
              "Actual Rows": 1,
              "Actual Loops": 4,
              "Plans": [
                {
                  "Node Type": "Seq Scan",
                  "Parent Relationship": "Outer",
                  "Parallel Aware": true,
                  "Relation Name": "movie_companies",
                  "Alias": "mc",
                  "Startup Cost": 0.0,
                  "Total Cost": 29310.68,
                  "Plan Rows": 544482,
                  "Plan Width": 0,
                  "Actual Startup Time": 0.015,
                  "Actual Total Time": 67.364,
                  "Actual Rows": 424152,
                  "Actual Loops": 4,
                  "Filter": "(company_id < 20633)",
                  "Rows Removed by Filter": 228130
                }
              ]
            }
          ]
        }
      ]
    },
    "Planning Time": 0.162,
    "Triggers": [],
    "Execution Time": 95.753
  }
]