[
  {
    "Plan": {
      "Node Type": "Aggregate",
      "Strategy": "Plain",
      "Partial Mode": "Finalize",
      "Parallel Aware": false,
      "Startup Cost": 34240.52,
      "Total Cost": 34240.53,
      "Plan Rows": 1,
      "Plan Width": 8,
      "Actual Startup Time": 118.182,
      "Actual Total Time": 127.428,
      "Actual Rows": 1,
      "Actual Loops": 1,
      "Plans": [
        {
          "Node Type": "Gather",
          "Parent Relationship": "Outer",
          "Parallel Aware": false,
          "Startup Cost": 34240.2,
          "Total Cost": 34240.51,
          "Plan Rows": 3,
          "Plan Width": 8,
          "Actual Startup Time": 117.898,
          "Actual Total Time": 127.419,
          "Actual Rows": 4,
          "Actual Loops": 1,
          "Workers Planned": 3,
          "Workers Launched": 3,
          "Single Copy": false,
          "Plans": [
            {
              "Node Type": "Aggregate",
              "Strategy": "Plain",
              "Partial Mode": "Partial",
              "Parent Relationship": "Outer",
              "Parallel Aware": false,
              "Startup Cost": 33240.2,
              "Total Cost": 33240.21,
              "Plan Rows": 1,
              "Plan Width": 8,
              "Actual Startup Time": 109.242,
              "Actual Total Time": 109.243,
              "Actual Rows": 1,
              "Actual Loops": 4,
              "Plans": [
                {
                  "Node Type": "Bitmap Heap Scan",
                  "Parent Relationship": "Outer",
                  "Parallel Aware": true,
                  "Relation Name": "movie_keyword",
                  "Alias": "mk",
                  "Startup Cost": 7154.26,
                  "Total Cost": 32968.21,
                  "Plan Rows": 108796,
                  "Plan Width": 0,
                  "Actual Startup Time": 37.157,
                  "Actual Total Time": 103.539,
                  "Actual Rows": 88495,
                  "Actual Loops": 4,
                  "Recheck Cond": "(keyword_id < 315)",
                  "Rows Removed by Index Recheck": 0,
                  "Exact Heap Blocks": 11790,
                  "Lossy Heap Blocks": 0,
                  "Plans": [
                    {
                      "Node Type": "Bitmap Index Scan",
                      "Parent Relationship": "Outer",
                      "Parallel Aware": false,
                      "Index Name": "keyword_id_movie_keyword",
                      "Startup Cost": 0.0,
                      "Total Cost": 7069.94,
                      "Plan Rows": 337268,
                      "Plan Width": 0,
                      "Actual Startup Time": 41.445,
                      "Actual Total Time": 41.446,
                      "Actual Rows": 353979,
                      "Actual Loops": 1,
                      "Index Cond": "(keyword_id < 315)"
                    }
                  ]
                }
              ]
            }
          ]
        }
      ]
    },
    "Planning Time": 0.182,
    "Triggers": [],
    "Execution Time": 127.503
  }
]