[
  {
    "Plan": {
      "Node Type": "Aggregate",
      "Strategy": "Plain",
      "Partial Mode": "Finalize",
      "Parallel Aware": false,
      "Startup Cost": 44715.65,
      "Total Cost": 44715.66,
      "Plan Rows": 1,
      "Plan Width": 8,
      "Actual Startup Time": 117.725,
      "Actual Total Time": 126.671,
      "Actual Rows": 1,
      "Actual Loops": 1,
      "Plans": [
        {
          "Node Type": "Gather",
          "Parent Relationship": "Outer",
          "Parallel Aware": false,
          "Startup Cost": 44715.34,
          "Total Cost": 44715.65,
          "Plan Rows": 3,
          "Plan Width": 8,
          "Actual Startup Time": 117.622,
          "Actual Total Time": 126.663,
          "Actual Rows": 4,
          "Actual Loops": 1,
          "Workers Planned": 3,
          "Workers Launched": 3,
          "Single Copy": false,
          "Plans": [
            {
              "Node Type": "Aggregate",
              "Strategy": "Plain",
              "Partial Mode": "Partial",
              "Parent Relationship": "Outer",
              "Parallel Aware": false,
              "Startup Cost": 43715.34,
              "Total Cost": 43715.35,
              "Plan Rows": 1,
              "Plan Width": 8,
              "Actual Startup Time": 112.211,
              "Actual Total Time": 112.212,
              "Actual Rows": 1,
              "Actual Loops": 4,
              "Plans": [
                {
                  "Node Type": "Seq Scan",
                  "Parent Relationship": "Outer",
                  "Parallel Aware": true,
                  "Relation Name": "movie_keyword",
                  "Alias": "mk",
                  "Startup Cost": 0.0,
                  "Total Cost": 42695.65,
                  "Plan Rows": 407873,
                  "Plan Width": 0,
                  "Actual Startup Time": 1.753,
                  "Actual Total Time": 97.684,
                  "Actual Rows": 316176,
                  "Actual Loops": 4,
                  "Filter": "(keyword_id > 14140)",
                  "Rows Removed by Filter": 814806
                }
              ]
            }
          ]
        }
      ]
    },
    "Planning Time": 0.213,
    "Triggers": [],
    "Execution Time": 126.725
  }
]