[
  {
    "Plan": {
      "Node Type": "Aggregate",
      "Strategy": "Plain",
      "Partial Mode": "Finalize",
      "Parallel Aware": false,
      "Startup Cost": 187595.33,
      "Total Cost": 187595.34,
      "Plan Rows": 1,
      "Plan Width": 8,
      "Actual Startup Time": 142.583,
      "Actual Total Time": 163.037,
      "Actual Rows": 1,
      "Actual Loops": 1,
      "Plans": [
        {
          "Node Type": "Gather",
          "Parent Relationship": "Outer",
          "Parallel Aware": false,
          "Startup Cost": 187594.91,
          "Total Cost": 187595.32,
          "Plan Rows": 4,
          "Plan Width": 8,
          "Actual Startup Time": 142.455,
          "Actual Total Time": 163.028,
          "Actual Rows": 5,
          "Actual Loops": 1,
          "Workers Planned": 4,
          "Workers Launched": 4,
          "Single Copy": false,
          "Plans": [
            {
              "Node Type": "Aggregate",
              "Strategy": "Plain",
              "Partial Mode": "Partial",
              "Parent Relationship": "Outer",
              "Parallel Aware": false,
              "Startup Cost": 186594.91,
              "Total Cost": 186594.92,
              "Plan Rows": 1,
              "Plan Width": 8,
              "Actual Startup Time": 132.731,
              "Actual Total Time": 132.732,
              "Actual Rows": 1,
              "Actual Loops": 5,
              "Plans": [
                {
                  "Node Type": "Nested Loop",
                  "Parent Relationship": "Outer",
                  "Parallel Aware": false,
                  "Join Type": "Inner",
                  "Startup Cost": 0.43,
                  "Total Cost": 186574.62,
                  "Plan Rows": 8116,
                  "Plan Width": 0,
                  "Actual Startup Time": 1.892,
                  "Actual Total Time": 131.59,
                  "Actual Rows": 11893,
                  "Actual Loops": 5,
                  "Inner Unique": false,
                  "Plans": [
                    {
                      "Node Type": "Seq Scan",
                      "Parent Relationship": "Outer",
                      "Parallel Aware": true,
                      "Relation Name": "title",
                      "Alias": "t",
                      "Startup Cost": 0.0,
                      "Total Cost": 45479.1,
                      "Plan Rows": 1388,
                      "Plan Width": 4,
                      "Actual Startup Time": 1.695,
                      "Actual Total Time": 84.705,
                      "Actual Rows": 1172,
                      "Actual Loops": 5,
                      "Filter": "((kind_id < 7) AND (production_year = 1969))",
                      "Rows Removed by Filter": 504490
                    },
                    {
                      "Node Type": "Index Only Scan",
                      "Parent Relationship": "Inner",
                      "Parallel Aware": false,
                      "Scan Direction": "Forward",
                      "Index Name": "movie_id_movie_info",
                      "Relation Name": "movie_info",
                      "Alias": "mi",
                      "Startup Cost": 0.43,
                      "Total Cost": 101.23,
                      "Plan Rows": 42,
                      "Plan Width": 4,
                      "Actual Startup Time": 0.015,
                      "Actual Total Time": 0.038,
                      "Actual Rows": 10,
                      "Actual Loops": 5861,
                      "Index Cond": "(movie_id = t.id)",
                      "Rows Removed by Index Recheck": 0,
                      "Heap Fetches": 59466
                    }
                  ]
                }
              ]
            }
          ]
        }
      ]
    },
    "Planning Time": 0.631,
    "Triggers": [],
    "Execution Time": 163.109
  }
]