{
  "Plan": {
    "Node Type": "Aggregate",
    "Strategy": "Plain",
    "Partial Mode": "Finalize",
    "Parallel Aware": false,
    "Startup Cost": 43044.92,
    "Total Cost": 43044.93,
    "Plan Rows": 1,
    "Plan Width": 8,
    "Actual Startup Time": 42.945,
    "Actual Total Time": 48.371,
    "Actual Rows": 1,
    "Actual Loops": 1,
    "Plans": [
      {
        "Node Type": "Gather",
        "Parent Relationship": "Outer",
        "Parallel Aware": false,
        "Startup Cost": 43044.81,
        "Total Cost": 43044.92,
        "Plan Rows": 1,
        "Plan Width": 8,
        "Actual Startup Time": 42.797,
        "Actual Total Time": 48.364,
        "Actual Rows": 2,
        "Actual Loops": 1,
        "Workers Planned": 1,
        "Workers Launched": 1,
        "Single Copy": false,
        "Plans": [
          {
            "Node Type": "Aggregate",
            "Strategy": "Plain",
            "Partial Mode": "Partial",
            "Parent Relationship": "Outer",
            "Parallel Aware": false,
            "Startup Cost": 42044.81,
            "Total Cost": 42044.82,
            "Plan Rows": 1,
            "Plan Width": 8,
            "Actual Startup Time": 36.638,
            "Actual Total Time": 36.64,
            "Actual Rows": 1,
            "Actual Loops": 2,
            "Plans": [
              {
                "Node Type": "Nested Loop",
                "Parent Relationship": "Outer",
                "Parallel Aware": false,
                "Join Type": "Inner",
                "Startup Cost": 246.86,
                "Total Cost": 42043.85,
                "Plan Rows": 382,
                "Plan Width": 0,
                "Actual Startup Time": 8.708,
                "Actual Total Time": 36.531,
                "Actual Rows": 937,
                "Actual Loops": 2,
                "Inner Unique": false,
                "Plans": [
                  {
                    "Node Type": "Nested Loop",
                    "Parent Relationship": "Outer",
                    "Parallel Aware": false,
                    "Join Type": "Inner",
                    "Startup Cost": 246.43,
                    "Total Cost": 41444.08,
                    "Plan Rows": 214,
                    "Plan Width": 8,
                    "Actual Startup Time": 8.473,
                    "Actual Total Time": 34.797,
                    "Actual Rows": 198,
                    "Actual Loops": 2,
                    "Inner Unique": true,
                    "Plans": [
                      {
                        "Node Type": "Bitmap Heap Scan",
                        "Parent Relationship": "Outer",
                        "Parallel Aware": true,
                        "Relation Name": "movie_companies",
                        "Alias": "mc",
                        "Startup Cost": 246.0,
                        "Total Cost": 17328.65,
                        "Plan Rows": 3351,
                        "Plan Width": 4,
                        "Actual Startup Time": 3.247,
                        "Actual Total Time": 6.423,
                        "Actual Rows": 4128,
                        "Actual Loops": 2,
                        "Recheck Cond": "(company_id = 11)",
                        "Rows Removed by Index Recheck": 0,
                        "Filter": "(company_type_id = 2)",
                        "Rows Removed by Filter": 1206,
                        "Exact Heap Blocks": 1121,
                        "Lossy Heap Blocks": 0,
                        "Plans": [
                          {
                            "Node Type": "Bitmap Index Scan",
                            "Parent Relationship": "Outer",
                            "Parallel Aware": false,
                            "Index Name": "company_id_movie_companies",
                            "Startup Cost": 0.0,
                            "Total Cost": 244.57,
                            "Plan Rows": 11219,
                            "Plan Width": 0,
                            "Actual Startup Time": 2.977,
                            "Actual Total Time": 2.977,
                            "Actual Rows": 10667,
                            "Actual Loops": 1,
                            "Index Cond": "(company_id = 11)"
                          }
                        ]
                      },
                      {
                        "Node Type": "Index Scan",
                        "Parent Relationship": "Inner",
                        "Parallel Aware": false,
                        "Scan Direction": "Forward",
                        "Index Name": "title_pkey",
                        "Relation Name": "title",
                        "Alias": "t",
                        "Startup Cost": 0.43,
                        "Total Cost": 7.2,
                        "Plan Rows": 1,
                        "Plan Width": 4,
                        "Actual Startup Time": 0.006,
                        "Actual Total Time": 0.006,
                        "Actual Rows": 0,
                        "Actual Loops": 8256,
                        "Index Cond": "(id = mc.movie_id)",
                        "Rows Removed by Index Recheck": 0,
                        "Filter": "(production_year = 2011)",
                        "Rows Removed by Filter": 1
                      }
                    ]
                  },
                  {
                    "Node Type": "Index Only Scan",
                    "Parent Relationship": "Inner",
                    "Parallel Aware": false,
                    "Scan Direction": "Forward",
                    "Index Name": "movie_id_movie_keyword",
                    "Relation Name": "movie_keyword",
                    "Alias": "mk",
                    "Startup Cost": 0.43,
                    "Total Cost": 2.35,
                    "Plan Rows": 45,
                    "Plan Width": 4,
                    "Actual Startup Time": 0.006,
                    "Actual Total Time": 0.008,
                    "Actual Rows": 5,
                    "Actual Loops": 395,
                    "Index Cond": "(movie_id = t.id)",
                    "Rows Removed by Index Recheck": 0,
                    "Heap Fetches": 1874
                  }
                ]
              }
            ]
          }
        ]
      }
    ]
  },
  "Planning Time": 0.963,
  "Triggers": [],
  "Execution Time": 48.466
}