[
  {
    "Plan": {
      "Node Type": "Aggregate",
      "Strategy": "Plain",
      "Partial Mode": "Finalize",
      "Parallel Aware": false,
      "Startup Cost": 64745.68,
      "Total Cost": 64745.69,
      "Plan Rows": 1,
      "Plan Width": 8,
      "Actual Startup Time": 335.853,
      "Actual Total Time": 352.226,
      "Actual Rows": 1,
      "Actual Loops": 1,
      "Plans": [
        {
          "Node Type": "Gather",
          "Parent Relationship": "Outer",
          "Parallel Aware": false,
          "Startup Cost": 64745.47,
          "Total Cost": 64745.68,
          "Plan Rows": 2,
          "Plan Width": 8,
          "Actual Startup Time": 333.367,
          "Actual Total Time": 352.218,
          "Actual Rows": 3,
          "Actual Loops": 1,
          "Workers Planned": 2,
          "Workers Launched": 2,
          "Single Copy": false,
          "Plans": [
            {
              "Node Type": "Aggregate",
              "Strategy": "Plain",
              "Partial Mode": "Partial",
              "Parent Relationship": "Outer",
              "Parallel Aware": false,
              "Startup Cost": 63745.47,
              "Total Cost": 63745.48,
              "Plan Rows": 1,
              "Plan Width": 8,
              "Actual Startup Time": 327.385,
              "Actual Total Time": 327.388,
              "Actual Rows": 1,
              "Actual Loops": 3,
              "Plans": [
                {
                  "Node Type": "Hash Join",
                  "Parent Relationship": "Outer",
                  "Parallel Aware": true,
                  "Join Type": "Inner",
                  "Startup Cost": 47390.32,
                  "Total Cost": 63514.75,
                  "Plan Rows": 92285,
                  "Plan Width": 0,
                  "Actual Startup Time": 237.974,
                  "Actual Total Time": 320.684,
                  "Actual Rows": 132455,
                  "Actual Loops": 3,
                  "Inner Unique": true,
                  "Hash Cond": "(mi_idx.movie_id = t.id)",
                  "Plans": [
                    {
                      "Node Type": "Seq Scan",
                      "Parent Relationship": "Outer",
                      "Parallel Aware": true,
                      "Relation Name": "movie_info_idx",
                      "Alias": "mi_idx",
                      "Startup Cost": 0.0,
                      "Total Cost": 15122.68,
                      "Plan Rows": 381618,
                      "Plan Width": 4,
                      "Actual Startup Time": 0.019,
                      "Actual Total Time": 54.943,
                      "Actual Rows": 306617,
                      "Actual Loops": 3,
                      "Filter": "(info_type_id < 101)",
                      "Rows Removed by Filter": 153395
                    },
                    {
                      "Node Type": "Hash",
                      "Parent Relationship": "Inner",
                      "Parallel Aware": true,
                      "Startup Cost": 45479.59,
                      "Total Cost": 45479.59,
                      "Plan Rows": 152859,
                      "Plan Width": 4,
                      "Actual Startup Time": 190.805,
                      "Actual Total Time": 190.806,
                      "Actual Rows": 177796,
                      "Actual Loops": 3,
                      "Hash Buckets": 1048576,
                      "Original Hash Buckets": 1048576,
                      "Hash Batches": 1,
                      "Original Hash Batches": 1,
                      "Peak Memory Usage": 29120,
                      "Plans": [
                        {
                          "Node Type": "Seq Scan",
                          "Parent Relationship": "Outer",
                          "Parallel Aware": true,
                          "Relation Name": "title",
                          "Alias": "t",
                          "Startup Cost": 0.0,
                          "Total Cost": 45479.59,
                          "Plan Rows": 152859,
                          "Plan Width": 4,
                          "Actual Startup Time": 45.431,
                          "Actual Total Time": 126.766,
                          "Actual Rows": 177796,
                          "Actual Loops": 3,
                          "Filter": "((production_year > 1932) AND (kind_id = 1))",
                          "Rows Removed by Filter": 664975
                        }
                      ]
                    }
                  ]
                }
              ]
            }
          ]
        }
      ]
    },
    "Planning Time": 0.251,
    "Triggers": [],
    "Execution Time": 352.265
  }
]