[
  {
    "Plan": {
      "Node Type": "Aggregate",
      "Strategy": "Plain",
      "Partial Mode": "Finalize",
      "Parallel Aware": false,
      "Startup Cost": 434367.64,
      "Total Cost": 434367.65,
      "Plan Rows": 1,
      "Plan Width": 8,
      "Actual Startup Time": 2604.504,
      "Actual Total Time": 2674.85,
      "Actual Rows": 1,
      "Actual Loops": 1,
      "Plans": [
        {
          "Node Type": "Gather",
          "Parent Relationship": "Outer",
          "Parallel Aware": false,
          "Startup Cost": 434367.01,
          "Total Cost": 434367.62,
          "Plan Rows": 6,
          "Plan Width": 8,
          "Actual Startup Time": 2595.47,
          "Actual Total Time": 2674.838,
          "Actual Rows": 7,
          "Actual Loops": 1,
          "Workers Planned": 6,
          "Workers Launched": 6,
          "Single Copy": false,
          "Plans": [
            {
              "Node Type": "Aggregate",
              "Strategy": "Plain",
              "Partial Mode": "Partial",
              "Parent Relationship": "Outer",
              "Parallel Aware": false,
              "Startup Cost": 433367.01,
              "Total Cost": 433367.02,
              "Plan Rows": 1,
              "Plan Width": 8,
              "Actual Startup Time": 2583.291,
              "Actual Total Time": 2583.296,
              "Actual Rows": 1,
              "Actual Loops": 7,
              "Plans": [
                {
                  "Node Type": "Hash Join",
                  "Parent Relationship": "Outer",
                  "Parallel Aware": true,
                  "Join Type": "Inner",
                  "Startup Cost": 85201.3,
                  "Total Cost": 427138.92,
                  "Plan Rows": 2491237,
                  "Plan Width": 0,
                  "Actual Startup Time": 363.536,
                  "Actual Total Time": 2457.899,
                  "Actual Rows": 2577491,
                  "Actual Loops": 7,
                  "Inner Unique": false,
                  "Hash Cond": "(ci.movie_id = t.id)",
                  "Plans": [
                    {
                      "Node Type": "Seq Scan",
                      "Parent Relationship": "Outer",
                      "Parallel Aware": true,
                      "Relation Name": "cast_info",
                      "Alias": "ci",
                      "Startup Cost": 0.0,
                      "Total Cost": 313067.02,
                      "Plan Rows": 6038002,
                      "Plan Width": 4,
                      "Actual Startup Time": 0.027,
                      "Actual Total Time": 587.953,
                      "Actual Rows": 5177763,
                      "Actual Loops": 7
                    },
                    {
                      "Node Type": "Hash",
                      "Parent Relationship": "Inner",
                      "Parallel Aware": true,
                      "Startup Cost": 81941.44,
                      "Total Cost": 81941.44,
                      "Plan Rows": 260789,
                      "Plan Width": 8,
                      "Actual Startup Time": 360.045,
                      "Actual Total Time": 360.049,
                      "Actual Rows": 109461,
                      "Actual Loops": 7,
                      "Hash Buckets": 1048576,
                      "Original Hash Buckets": 1048576,
                      "Hash Batches": 1,
                      "Original Hash Batches": 1,
                      "Peak Memory Usage": 38240,
                      "Plans": [
                        {
                          "Node Type": "Hash Join",
                          "Parent Relationship": "Outer",
                          "Parallel Aware": true,
                          "Join Type": "Inner",
                          "Startup Cost": 35621.09,
                          "Total Cost": 81941.44,
                          "Plan Rows": 260789,
                          "Plan Width": 8,
                          "Actual Startup Time": 120.896,
                          "Actual Total Time": 306.791,
                          "Actual Rows": 109461,
                          "Actual Loops": 7,
                          "Inner Unique": false,
                          "Hash Cond": "(t.id = mc.movie_id)",
                          "Plans": [
                            {
                              "Node Type": "Seq Scan",
                              "Parent Relationship": "Outer",
                              "Parallel Aware": true,
                              "Relation Name": "title",
                              "Alias": "t",
                              "Startup Cost": 0.0,
                              "Total Cost": 42318.73,
                              "Plan Rows": 632073,
                              "Plan Width": 4,
                              "Actual Startup Time": 0.014,
                              "Actual Total Time": 60.485,
                              "Actual Rows": 361187,
                              "Actual Loops": 7
                            },
                            {
                              "Node Type": "Hash",
                              "Parent Relationship": "Inner",
                              "Parallel Aware": true,
                              "Startup Cost": 31414.82,
                              "Total Cost": 31414.82,
                              "Plan Rows": 336502,
                              "Plan Width": 4,
                              "Actual Startup Time": 119.308,
                              "Actual Total Time": 119.31,
                              "Actual Rows": 109461,
                              "Actual Loops": 7,
                              "Hash Buckets": 1048576,
                              "Original Hash Buckets": 1048576,
                              "Hash Batches": 1,
                              "Original Hash Batches": 1,
                              "Peak Memory Usage": 38272,
                              "Plans": [
                                {
                                  "Node Type": "Seq Scan",
                                  "Parent Relationship": "Outer",
                                  "Parallel Aware": true,
                                  "Relation Name": "movie_companies",
                                  "Alias": "mc",
                                  "Startup Cost": 0.0,
                                  "Total Cost": 31414.82,
                                  "Plan Rows": 336502,
                                  "Plan Width": 4,
                                  "Actual Startup Time": 40.568,
                                  "Actual Total Time": 68.766,
                                  "Actual Rows": 109461,
                                  "Actual Loops": 7,
                                  "Filter": "((company_id < 71408) AND (company_type_id > 1))",
                                  "Rows Removed by Filter": 263271
                                }
                              ]
                            }
                          ]
                        }
                      ]
                    }
                  ]
                }
              ]
            }
          ]
        }
      ]
    },
    "Planning Time": 1.342,
    "Triggers": [],
    "Execution Time": 2674.952
  }
]