[
  {
    "Plan": {
      "Node Type": "Aggregate",
      "Strategy": "Plain",
      "Partial Mode": "Finalize",
      "Parallel Aware": false,
      "Startup Cost": 46454.35,
      "Total Cost": 46454.36,
      "Plan Rows": 1,
      "Plan Width": 8,
      "Actual Startup Time": 168.374,
      "Actual Total Time": 178.128,
      "Actual Rows": 1,
      "Actual Loops": 1,
      "Plans": [
        {
          "Node Type": "Gather",
          "Parent Relationship": "Outer",
          "Parallel Aware": false,
          "Startup Cost": 46454.03,
          "Total Cost": 46454.34,
          "Plan Rows": 3,
          "Plan Width": 8,
          "Actual Startup Time": 168.238,
          "Actual Total Time": 178.119,
          "Actual Rows": 4,
          "Actual Loops": 1,
          "Workers Planned": 3,
          "Workers Launched": 3,
          "Single Copy": false,
          "Plans": [
            {
              "Node Type": "Aggregate",
              "Strategy": "Plain",
              "Partial Mode": "Partial",
              "Parent Relationship": "Outer",
              "Parallel Aware": false,
              "Startup Cost": 45454.03,
              "Total Cost": 45454.04,
              "Plan Rows": 1,
              "Plan Width": 8,
              "Actual Startup Time": 159.624,
              "Actual Total Time": 159.625,
              "Actual Rows": 1,
              "Actual Loops": 4,
              "Plans": [
                {
                  "Node Type": "Seq Scan",
                  "Parent Relationship": "Outer",
                  "Parallel Aware": true,
                  "Relation Name": "movie_keyword",
                  "Alias": "mk",
                  "Startup Cost": 0.0,
                  "Total Cost": 42695.65,
                  "Plan Rows": 1103350,
                  "Plan Width": 0,
                  "Actual Startup Time": 0.169,
                  "Actual Total Time": 122.633,
                  "Actual Rows": 851896,
                  "Actual Loops": 4,
                  "Filter": "(keyword_id > 1164)",
                  "Rows Removed by Filter": 279087
                }
              ]
            }
          ]
        }
      ]
    },
    "Planning Time": 0.178,
    "Triggers": [],
    "Execution Time": 178.184
  }
]