{
  "Plan": {
    "Node Type": "Aggregate",
    "Strategy": "Plain",
    "Partial Mode": "Finalize",
    "Parallel Aware": false,
    "Startup Cost": 642848.34,
    "Total Cost": 642848.35,
    "Plan Rows": 1,
    "Plan Width": 8,
    "Actual Startup Time": 2639.517,
    "Actual Total Time": 2667.289,
    "Actual Rows": 1,
    "Actual Loops": 1,
    "Plans": [
      {
        "Node Type": "Gather",
        "Parent Relationship": "Outer",
        "Parallel Aware": false,
        "Startup Cost": 642848.23,
        "Total Cost": 642848.34,
        "Plan Rows": 1,
        "Plan Width": 8,
        "Actual Startup Time": 2636.133,
        "Actual Total Time": 2667.281,
        "Actual Rows": 2,
        "Actual Loops": 1,
        "Workers Planned": 1,
        "Workers Launched": 1,
        "Single Copy": false,
        "Plans": [
          {
            "Node Type": "Aggregate",
            "Strategy": "Plain",
            "Partial Mode": "Partial",
            "Parent Relationship": "Outer",
            "Parallel Aware": false,
            "Startup Cost": 641848.23,
            "Total Cost": 641848.24,
            "Plan Rows": 1,
            "Plan Width": 8,
            "Actual Startup Time": 2629.865,
            "Actual Total Time": 2629.871,
            "Actual Rows": 1,
            "Actual Loops": 2,
            "Plans": [
              {
                "Node Type": "Merge Join",
                "Parent Relationship": "Outer",
                "Parallel Aware": false,
                "Join Type": "Inner",
                "Startup Cost": 468724.89,
                "Total Cost": 640717.77,
                "Plan Rows": 452184,
                "Plan Width": 0,
                "Actual Startup Time": 1684.704,
                "Actual Total Time": 2558.354,
                "Actual Rows": 1820758,
                "Actual Loops": 2,
                "Inner Unique": false,
                "Merge Cond": "(mk.movie_id = t.id)",
                "Plans": [
                  {
                    "Node Type": "Index Only Scan",
                    "Parent Relationship": "Outer",
                    "Parallel Aware": true,
                    "Scan Direction": "Forward",
                    "Index Name": "movie_id_movie_keyword",
                    "Relation Name": "movie_keyword",
                    "Alias": "mk",
                    "Startup Cost": 0.43,
                    "Total Cost": 158560.11,
                    "Plan Rows": 2661135,
                    "Plan Width": 4,
                    "Actual Startup Time": 0.082,
                    "Actual Total Time": 447.405,
                    "Actual Rows": 2261962,
                    "Actual Loops": 2,
                    "Heap Fetches": 4523925
                  },
                  {
                    "Node Type": "Sort",
                    "Parent Relationship": "Inner",
                    "Parallel Aware": false,
                    "Startup Cost": 468724.21,
                    "Total Cost": 469798.24,
                    "Plan Rows": 429611,
                    "Plan Width": 8,
                    "Actual Startup Time": 1684.2,
                    "Actual Total Time": 1805.994,
                    "Actual Rows": 2370560,
                    "Actual Loops": 2,
                    "Sort Key": [
                      "ci.movie_id"
                    ],
                    "Sort Method": "quicksort",
                    "Sort Space Used": 53032,
                    "Sort Space Type": "Memory",
                    "Workers": [
                      {
                        "Worker Number": 0,
                        "Sort Method": "quicksort",
                        "Sort Space Used": 53032,
                        "Sort Space Type": "Memory"
                      }
                    ],
                    "Plans": [
                      {
                        "Node Type": "Hash Join",
                        "Parent Relationship": "Outer",
                        "Parallel Aware": false,
                        "Join Type": "Inner",
                        "Startup Cost": 133834.89,
                        "Total Cost": 428528.37,
                        "Plan Rows": 429611,
                        "Plan Width": 8,
                        "Actual Startup Time": 527.778,
                        "Actual Total Time": 1533.723,
                        "Actual Rows": 607060,
                        "Actual Loops": 2,
                        "Inner Unique": true,
                        "Hash Cond": "(ci.movie_id = t.id)",
                        "Plans": [
                          {
                            "Node Type": "Bitmap Heap Scan",
                            "Parent Relationship": "Outer",
                            "Parallel Aware": false,
                            "Relation Name": "cast_info",
                            "Alias": "ci",
                            "Startup Cost": 61344.54,
                            "Total Cost": 348747.63,
                            "Plan Rows": 2777287,
                            "Plan Width": 4,
                            "Actual Startup Time": 131.304,
                            "Actual Total Time": 468.005,
                            "Actual Rows": 2653761,
                            "Actual Loops": 2,
                            "Recheck Cond": "(person_id > 3550225)",
                            "Rows Removed by Index Recheck": 0,
                            "Exact Heap Blocks": 38114,
                            "Lossy Heap Blocks": 0,
                            "Plans": [
                              {
                                "Node Type": "Bitmap Index Scan",
                                "Parent Relationship": "Outer",
                                "Parallel Aware": false,
                                "Index Name": "person_id_cast_info",
                                "Startup Cost": 0.0,
                                "Total Cost": 60650.22,
                                "Plan Rows": 2777287,
                                "Plan Width": 0,
                                "Actual Startup Time": 124.54,
                                "Actual Total Time": 124.54,
                                "Actual Rows": 2653761,
                                "Actual Loops": 2,
                                "Index Cond": "(person_id > 3550225)"
                              }
                            ]
                          },
                          {
                            "Node Type": "Hash",
                            "Parent Relationship": "Inner",
                            "Parallel Aware": false,
                            "Startup Cost": 67601.66,
                            "Total Cost": 67601.66,
                            "Plan Rows": 391095,
                            "Plan Width": 4,
                            "Actual Startup Time": 394.718,
                            "Actual Total Time": 394.719,
                            "Actual Rows": 391666,
                            "Actual Loops": 2,
                            "Hash Buckets": 524288,
                            "Original Hash Buckets": 524288,
                            "Hash Batches": 1,
                            "Original Hash Batches": 1,
                            "Peak Memory Usage": 17866,
                            "Plans": [
                              {
                                "Node Type": "Seq Scan",
                                "Parent Relationship": "Outer",
                                "Parallel Aware": false,
                                "Relation Name": "title",
                                "Alias": "t",
                                "Startup Cost": 0.0,
                                "Total Cost": 67601.66,
                                "Plan Rows": 391095,
                                "Plan Width": 4,
                                "Actual Startup Time": 0.035,
                                "Actual Total Time": 296.565,
                                "Actual Rows": 391666,
                                "Actual Loops": 2,
                                "Filter": "(production_year > 2010)",
                                "Rows Removed by Filter": 2136646
                              }
                            ]
                          }
                        ]
                      }
                    ]
                  }
                ]
              }
            ]
          }
        ]
      }
    ]
  },
  "Planning Time": 1.216,
  "Triggers": [],
  "Execution Time": 2671.968
}