[
    {
        "Bao": {
            "Bao prediction": "NaN",
            "Bao recommended hint": "(no hint)"
        }
    },
    {
        "Plan": {
            "Node Type": "Aggregate",
            "Strategy": "Plain",
            "Partial Mode": "Finalize",
            "Parallel Aware": false,
            "Startup Cost": 72856.69,
            "Total Cost": 72856.7,
            "Plan Rows": 1,
            "Plan Width": 8,
            "Actual Startup Time": 198.857,
            "Actual Total Time": 205.544,
            "Actual Rows": 1,
            "Actual Loops": 1,
            "Output": [
                "count(*)"
            ],
            "Plans": [
                {
                    "Node Type": "Gather",
                    "Parent Relationship": "Outer",
                    "Parallel Aware": false,
                    "Startup Cost": 72856.38,
                    "Total Cost": 72856.69,
                    "Plan Rows": 3,
                    "Plan Width": 8,
                    "Actual Startup Time": 197.445,
                    "Actual Total Time": 205.534,
                    "Actual Rows": 4,
                    "Actual Loops": 1,
                    "Output": [
                        "(PARTIAL count(*))"
                    ],
                    "Workers Planned": 3,
                    "Workers Launched": 3,
                    "Single Copy": false,
                    "Plans": [
                        {
                            "Node Type": "Aggregate",
                            "Strategy": "Plain",
                            "Partial Mode": "Partial",
                            "Parent Relationship": "Outer",
                            "Parallel Aware": false,
                            "Startup Cost": 71856.38,
                            "Total Cost": 71856.39,
                            "Plan Rows": 1,
                            "Plan Width": 8,
                            "Actual Startup Time": 188.765,
                            "Actual Total Time": 188.773,
                            "Actual Rows": 1,
                            "Actual Loops": 4,
                            "Output": [
                                "PARTIAL count(*)"
                            ],
                            "Workers": [
                                {
                                    "Worker Number": 0,
                                    "Actual Startup Time": 185.854,
                                    "Actual Total Time": 185.857,
                                    "Actual Rows": 1,
                                    "Actual Loops": 1
                                },
                                {
                                    "Worker Number": 1,
                                    "Actual Startup Time": 186.233,
                                    "Actual Total Time": 186.236,
                                    "Actual Rows": 1,
                                    "Actual Loops": 1
                                },
                                {
                                    "Worker Number": 2,
                                    "Actual Startup Time": 186.009,
                                    "Actual Total Time": 186.012,
                                    "Actual Rows": 1,
                                    "Actual Loops": 1
                                }
                            ],
                            "Plans": [
                                {
                                    "Node Type": "Hash Join",
                                    "Parent Relationship": "Outer",
                                    "Parallel Aware": true,
                                    "Join Type": "Inner",
                                    "Startup Cost": 51564.59,
                                    "Total Cost": 71821.04,
                                    "Plan Rows": 14134,
                                    "Plan Width": 0,
                                    "Actual Startup Time": 134.746,
                                    "Actual Total Time": 187.519,
                                    "Actual Rows": 19128,
                                    "Actual Loops": 4,
                                    "Inner Unique": true,
                                    "Hash Cond": "(mc.movie_id = t.id)",
                                    "Workers": [
                                        {
                                            "Worker Number": 0,
                                            "Actual Startup Time": 131.978,
                                            "Actual Total Time": 184.596,
                                            "Actual Rows": 18701,
                                            "Actual Loops": 1
                                        },
                                        {
                                            "Worker Number": 1,
                                            "Actual Startup Time": 132.453,
                                            "Actual Total Time": 184.799,
                                            "Actual Rows": 15179,
                                            "Actual Loops": 1
                                        },
                                        {
                                            "Worker Number": 2,
                                            "Actual Startup Time": 131.761,
                                            "Actual Total Time": 184.703,
                                            "Actual Rows": 19443,
                                            "Actual Loops": 1
                                        }
                                    ],
                                    "Plans": [
                                        {
                                            "Node Type": "Bitmap Heap Scan",
                                            "Parent Relationship": "Outer",
                                            "Parallel Aware": true,
                                            "Relation Name": "movie_companies",
                                            "Schema": "public",
                                            "Alias": "mc",
                                            "Startup Cost": 6513.79,
                                            "Total Cost": 26515.73,
                                            "Plan Rows": 96955,
                                            "Plan Width": 4,
                                            "Actual Startup Time": 14.778,
                                            "Actual Total Time": 45.748,
                                            "Actual Rows": 73219,
                                            "Actual Loops": 4,
                                            "Output": [
                                                "mc.id",
                                                "mc.movie_id",
                                                "mc.company_id",
                                                "mc.company_type_id",
                                                "mc.note"
                                            ],
                                            "Recheck Cond": "(mc.company_id < 160)",
                                            "Rows Removed by Index Recheck": 0,
                                            "Exact Heap Blocks": 5933,
                                            "Lossy Heap Blocks": 0,
                                            "Workers": [
                                                {
                                                    "Worker Number": 0,
                                                    "Actual Startup Time": 14.825,
                                                    "Actual Total Time": 46.424,
                                                    "Actual Rows": 72361,
                                                    "Actual Loops": 1
                                                },
                                                {
                                                    "Worker Number": 1,
                                                    "Actual Startup Time": 14.85,
                                                    "Actual Total Time": 47.174,
                                                    "Actual Rows": 55055,
                                                    "Actual Loops": 1
                                                },
                                                {
                                                    "Worker Number": 2,
                                                    "Actual Startup Time": 14.809,
                                                    "Actual Total Time": 46.407,
                                                    "Actual Rows": 73041,
                                                    "Actual Loops": 1
                                                }
                                            ],
                                            "Plans": [
                                                {
                                                    "Node Type": "Bitmap Index Scan",
                                                    "Parent Relationship": "Outer",
                                                    "Parallel Aware": false,
                                                    "Index Name": "company_id_movie_companies",
                                                    "Startup Cost": 0.0,
                                                    "Total Cost": 6438.65,
                                                    "Plan Rows": 300562,
                                                    "Plan Width": 0,
                                                    "Actual Startup Time": 12.026,
                                                    "Actual Total Time": 12.027,
                                                    "Actual Rows": 292877,
                                                    "Actual Loops": 1,
                                                    "Index Cond": "(mc.company_id < 160)"
                                                }
                                            ]
                                        },
                                        {
                                            "Node Type": "Hash",
                                            "Parent Relationship": "Inner",
                                            "Parallel Aware": true,
                                            "Startup Cost": 43899.01,
                                            "Total Cost": 43899.01,
                                            "Plan Rows": 92144,
                                            "Plan Width": 4,
                                            "Actual Startup Time": 117.0,
                                            "Actual Total Time": 117.001,
                                            "Actual Rows": 91608,
                                            "Actual Loops": 4,
                                            "Output": [
                                                "t.id"
                                            ],
                                            "Hash Buckets": 524288,
                                            "Original Hash Buckets": 524288,
                                            "Hash Batches": 1,
                                            "Original Hash Batches": 1,
                                            "Peak Memory Usage": 18496,
                                            "Workers": [
                                                {
                                                    "Worker Number": 0,
                                                    "Actual Startup Time": 116.308,
                                                    "Actual Total Time": 116.309,
                                                    "Actual Rows": 86494,
                                                    "Actual Loops": 1
                                                },
                                                {
                                                    "Worker Number": 1,
                                                    "Actual Startup Time": 116.409,
                                                    "Actual Total Time": 116.41,
                                                    "Actual Rows": 86624,
                                                    "Actual Loops": 1
                                                },
                                                {
                                                    "Worker Number": 2,
                                                    "Actual Startup Time": 116.409,
                                                    "Actual Total Time": 116.41,
                                                    "Actual Rows": 87588,
                                                    "Actual Loops": 1
                                                }
                                            ],
                                            "Plans": [
                                                {
                                                    "Node Type": "Seq Scan",
                                                    "Parent Relationship": "Outer",
                                                    "Parallel Aware": true,
                                                    "Relation Name": "title",
                                                    "Schema": "public",
                                                    "Alias": "t",
                                                    "Startup Cost": 0.0,
                                                    "Total Cost": 43899.01,
                                                    "Plan Rows": 92144,
                                                    "Plan Width": 4,
                                                    "Actual Startup Time": 0.037,
                                                    "Actual Total Time": 85.861,
                                                    "Actual Rows": 91608,
                                                    "Actual Loops": 4,
                                                    "Output": [
                                                        "t.id"
                                                    ],
                                                    "Filter": "(t.production_year < 1970)",
                                                    "Rows Removed by Filter": 540470,
                                                    "Workers": [
                                                        {
                                                            "Worker Number": 0,
                                                            "Actual Startup Time": 0.039,
                                                            "Actual Total Time": 85.564,
                                                            "Actual Rows": 86494,
                                                            "Actual Loops": 1
                                                        },
                                                        {
                                                            "Worker Number": 1,
                                                            "Actual Startup Time": 0.046,
                                                            "Actual Total Time": 86.645,
                                                            "Actual Rows": 86624,
                                                            "Actual Loops": 1
                                                        },
                                                        {
                                                            "Worker Number": 2,
                                                            "Actual Startup Time": 0.042,
                                                            "Actual Total Time": 86.248,
                                                            "Actual Rows": 87588,
                                                            "Actual Loops": 1
                                                        }
                                                    ]
                                                }
                                            ]
                                        }
                                    ]
                                }
                            ]
                        }
                    ]
                }
            ]
        },
        "Planning Time": 211.998,
        "Triggers": [],
        "Execution Time": 205.63
    }
]