{
  "Plan": {
    "Node Type": "Aggregate",
    "Strategy": "Plain",
    "Partial Mode": "Finalize",
    "Parallel Aware": false,
    "Startup Cost": 446569.62,
    "Total Cost": 446569.63,
    "Plan Rows": 1,
    "Plan Width": 8,
    "Actual Startup Time": 6969.708,
    "Actual Total Time": 7025.058,
    "Actual Rows": 1,
    "Actual Loops": 1,
    "Plans": [
      {
        "Node Type": "Gather",
        "Parent Relationship": "Outer",
        "Parallel Aware": false,
        "Startup Cost": 446569.51,
        "Total Cost": 446569.62,
        "Plan Rows": 1,
        "Plan Width": 8,
        "Actual Startup Time": 6964.138,
        "Actual Total Time": 7025.048,
        "Actual Rows": 2,
        "Actual Loops": 1,
        "Workers Planned": 1,
        "Workers Launched": 1,
        "Single Copy": false,
        "Plans": [
          {
            "Node Type": "Aggregate",
            "Strategy": "Plain",
            "Partial Mode": "Partial",
            "Parent Relationship": "Outer",
            "Parallel Aware": false,
            "Startup Cost": 445569.51,
            "Total Cost": 445569.52,
            "Plan Rows": 1,
            "Plan Width": 8,
            "Actual Startup Time": 6956.99,
            "Actual Total Time": 6957.93,
            "Actual Rows": 1,
            "Actual Loops": 2,
            "Plans": [
              {
                "Node Type": "Hash Join",
                "Parent Relationship": "Outer",
                "Parallel Aware": true,
                "Join Type": "Inner",
                "Startup Cost": 131844.44,
                "Total Cost": 435978.44,
                "Plan Rows": 3836428,
                "Plan Width": 0,
                "Actual Startup Time": 960.838,
                "Actual Total Time": 5420.069,
                "Actual Rows": 36183966,
                "Actual Loops": 2,
                "Inner Unique": false,
                "Hash Cond": "(mi.movie_id = t.id)",
                "Plans": [
                  {
                    "Node Type": "Seq Scan",
                    "Parent Relationship": "Outer",
                    "Parallel Aware": true,
                    "Relation Name": "movie_info",
                    "Alias": "mi",
                    "Startup Cost": 0.0,
                    "Total Cost": 248955.74,
                    "Plan Rows": 8696274,
                    "Plan Width": 4,
                    "Actual Startup Time": 0.019,
                    "Actual Total Time": 688.457,
                    "Actual Rows": 7417860,
                    "Actual Loops": 2
                  },
                  {
                    "Node Type": "Hash",
                    "Parent Relationship": "Inner",
                    "Parallel Aware": true,
                    "Startup Cost": 123643.14,
                    "Total Cost": 123643.14,
                    "Plan Rows": 656104,
                    "Plan Width": 8,
                    "Actual Startup Time": 945.408,
                    "Actual Total Time": 946.345,
                    "Actual Rows": 778230,
                    "Actual Loops": 2,
                    "Hash Buckets": 2097152,
                    "Original Hash Buckets": 2097152,
                    "Hash Batches": 1,
                    "Original Hash Batches": 1,
                    "Peak Memory Usage": 77280,
                    "Plans": [
                      {
                        "Node Type": "Hash Join",
                        "Parent Relationship": "Outer",
                        "Parallel Aware": true,
                        "Join Type": "Inner",
                        "Startup Cost": 59922.63,
                        "Total Cost": 123643.14,
                        "Plan Rows": 656104,
                        "Plan Width": 8,
                        "Actual Startup Time": 282.181,
                        "Actual Total Time": 788.111,
                        "Actual Rows": 778230,
                        "Actual Loops": 2,
                        "Inner Unique": true,
                        "Hash Cond": "(mk.movie_id = t.id)",
                        "Plans": [
                          {
                            "Node Type": "Seq Scan",
                            "Parent Relationship": "Outer",
                            "Parallel Aware": true,
                            "Relation Name": "movie_keyword",
                            "Alias": "mk",
                            "Startup Cost": 0.0,
                            "Total Cost": 57718.19,
                            "Plan Rows": 2286593,
                            "Plan Width": 4,
                            "Actual Startup Time": 0.047,
                            "Actual Total Time": 246.743,
                            "Actual Rows": 1937939,
                            "Actual Loops": 2,
                            "Filter": "(keyword_id > 498)",
                            "Rows Removed by Filter": 324026
                          },
                          {
                            "Node Type": "Hash",
                            "Parent Relationship": "Inner",
                            "Parallel Aware": true,
                            "Startup Cost": 54588.39,
                            "Total Cost": 54588.39,
                            "Plan Rows": 426739,
                            "Plan Width": 4,
                            "Actual Startup Time": 278.076,
                            "Actual Total Time": 278.077,
                            "Actual Rows": 365492,
                            "Actual Loops": 2,
                            "Hash Buckets": 1048576,
                            "Original Hash Buckets": 1048576,
                            "Hash Batches": 1,
                            "Original Hash Batches": 1,
                            "Peak Memory Usage": 36832,
                            "Plans": [
                              {
                                "Node Type": "Seq Scan",
                                "Parent Relationship": "Outer",
                                "Parallel Aware": true,
                                "Relation Name": "title",
                                "Alias": "t",
                                "Startup Cost": 0.0,
                                "Total Cost": 54588.39,
                                "Plan Rows": 426739,
                                "Plan Width": 4,
                                "Actual Startup Time": 0.028,
                                "Actual Total Time": 168.916,
                                "Actual Rows": 365492,
                                "Actual Loops": 2,
                                "Filter": "(production_year < 1992)",
                                "Rows Removed by Filter": 898664
                              }
                            ]
                          }
                        ]
                      }
                    ]
                  }
                ]
              }
            ]
          }
        ]
      }
    ]
  },
  "Planning Time": 0.958,
  "Triggers": [],
  "Execution Time": 7025.146
}