[
  {
    "Plan": {
      "Node Type": "Aggregate",
      "Strategy": "Plain",
      "Partial Mode": "Finalize",
      "Parallel Aware": false,
      "Startup Cost": 128812.17,
      "Total Cost": 128812.18,
      "Plan Rows": 1,
      "Plan Width": 8,
      "Actual Startup Time": 710.579,
      "Actual Total Time": 731.62,
      "Actual Rows": 1,
      "Actual Loops": 1,
      "Plans": [
        {
          "Node Type": "Gather",
          "Parent Relationship": "Outer",
          "Parallel Aware": false,
          "Startup Cost": 128811.85,
          "Total Cost": 128812.16,
          "Plan Rows": 3,
          "Plan Width": 8,
          "Actual Startup Time": 707.523,
          "Actual Total Time": 731.611,
          "Actual Rows": 4,
          "Actual Loops": 1,
          "Workers Planned": 3,
          "Workers Launched": 3,
          "Single Copy": false,
          "Plans": [
            {
              "Node Type": "Aggregate",
              "Strategy": "Plain",
              "Partial Mode": "Partial",
              "Parent Relationship": "Outer",
              "Parallel Aware": false,
              "Startup Cost": 127811.85,
              "Total Cost": 127811.86,
              "Plan Rows": 1,
              "Plan Width": 8,
              "Actual Startup Time": 698.126,
              "Actual Total Time": 698.19,
              "Actual Rows": 1,
              "Actual Loops": 4,
              "Plans": [
                {
                  "Node Type": "Hash Join",
                  "Parent Relationship": "Outer",
                  "Parallel Aware": true,
                  "Join Type": "Inner",
                  "Startup Cost": 81590.15,
                  "Total Cost": 126960.91,
                  "Plan Rows": 340378,
                  "Plan Width": 0,
                  "Actual Startup Time": 372.815,
                  "Actual Total Time": 633.682,
                  "Actual Rows": 1694150,
                  "Actual Loops": 4,
                  "Inner Unique": false,
                  "Hash Cond": "(mk.movie_id = t.id)",
                  "Plans": [
                    {
                      "Node Type": "Seq Scan",
                      "Parent Relationship": "Outer",
                      "Parallel Aware": true,
                      "Relation Name": "movie_keyword",
                      "Alias": "mk",
                      "Startup Cost": 0.0,
                      "Total Cost": 39047.32,
                      "Plan Rows": 1459332,
                      "Plan Width": 4,
                      "Actual Startup Time": 0.043,
                      "Actual Total Time": 86.166,
                      "Actual Rows": 1130982,
                      "Actual Loops": 4
                    },
                    {
                      "Node Type": "Hash",
                      "Parent Relationship": "Inner",
                      "Parallel Aware": true,
                      "Startup Cost": 79747.32,
                      "Total Cost": 79747.32,
                      "Plan Rows": 147426,
                      "Plan Width": 8,
                      "Actual Startup Time": 331.603,
                      "Actual Total Time": 331.666,
                      "Actual Rows": 79230,
                      "Actual Loops": 4,
                      "Hash Buckets": 1048576,
                      "Original Hash Buckets": 1048576,
                      "Hash Batches": 1,
                      "Original Hash Batches": 1,
                      "Peak Memory Usage": 20672,
                      "Plans": [
                        {
                          "Node Type": "Hash Join",
                          "Parent Relationship": "Outer",
                          "Parallel Aware": true,
                          "Join Type": "Inner",
                          "Startup Cost": 33792.66,
                          "Total Cost": 79747.32,
                          "Plan Rows": 147426,
                          "Plan Width": 8,
                          "Actual Startup Time": 213.07,
                          "Actual Total Time": 302.524,
                          "Actual Rows": 79230,
                          "Actual Loops": 4,
                          "Inner Unique": false,
                          "Hash Cond": "(t.id = mc.movie_id)",
                          "Plans": [
                            {
                              "Node Type": "Seq Scan",
                              "Parent Relationship": "Outer",
                              "Parallel Aware": true,
                              "Relation Name": "title",
                              "Alias": "t",
                              "Startup Cost": 0.0,
                              "Total Cost": 42318.73,
                              "Plan Rows": 632073,
                              "Plan Width": 4,
                              "Actual Startup Time": 0.012,
                              "Actual Total Time": 73.941,
                              "Actual Rows": 632078,
                              "Actual Loops": 4
                            },
                            {
                              "Node Type": "Hash",
                              "Parent Relationship": "Inner",
                              "Parallel Aware": true,
                              "Startup Cost": 31414.82,
                              "Total Cost": 31414.82,
                              "Plan Rows": 190227,
                              "Plan Width": 4,
                              "Actual Startup Time": 110.045,
                              "Actual Total Time": 110.046,
                              "Actual Rows": 79230,
                              "Actual Loops": 4,
                              "Hash Buckets": 1048576,
                              "Original Hash Buckets": 1048576,
                              "Hash Batches": 1,
                              "Original Hash Batches": 1,
                              "Peak Memory Usage": 20640,
                              "Plans": [
                                {
                                  "Node Type": "Seq Scan",
                                  "Parent Relationship": "Outer",
                                  "Parallel Aware": true,
                                  "Relation Name": "movie_companies",
                                  "Alias": "mc",
                                  "Startup Cost": 0.0,
                                  "Total Cost": 31414.82,
                                  "Plan Rows": 190227,
                                  "Plan Width": 4,
                                  "Actual Startup Time": 19.998,
                                  "Actual Total Time": 77.71,
                                  "Actual Rows": 79230,
                                  "Actual Loops": 4,
                                  "Filter": "((company_id > 12323) AND (company_type_id = 1))",
                                  "Rows Removed by Filter": 573052
                                }
                              ]
                            }
                          ]
                        }
                      ]
                    }
                  ]
                }
              ]
            }
          ]
        }
      ]
    },
    "Planning Time": 1.41,
    "Triggers": [],
    "Execution Time": 731.701
  }
]