[
  {
    "Plan": {
      "Node Type": "Aggregate",
      "Strategy": "Plain",
      "Partial Mode": "Finalize",
      "Parallel Aware": false,
      "Startup Cost": 125271.87,
      "Total Cost": 125271.88,
      "Plan Rows": 1,
      "Plan Width": 8,
      "Actual Startup Time": 805.303,
      "Actual Total Time": 831.065,
      "Actual Rows": 1,
      "Actual Loops": 1,
      "Plans": [
        {
          "Node Type": "Gather",
          "Parent Relationship": "Outer",
          "Parallel Aware": false,
          "Startup Cost": 125271.55,
          "Total Cost": 125271.86,
          "Plan Rows": 3,
          "Plan Width": 8,
          "Actual Startup Time": 793.238,
          "Actual Total Time": 831.054,
          "Actual Rows": 4,
          "Actual Loops": 1,
          "Workers Planned": 3,
          "Workers Launched": 3,
          "Single Copy": false,
          "Plans": [
            {
              "Node Type": "Aggregate",
              "Strategy": "Plain",
              "Partial Mode": "Partial",
              "Parent Relationship": "Outer",
              "Parallel Aware": false,
              "Startup Cost": 124271.55,
              "Total Cost": 124271.56,
              "Plan Rows": 1,
              "Plan Width": 8,
              "Actual Startup Time": 782.872,
              "Actual Total Time": 782.878,
              "Actual Rows": 1,
              "Actual Loops": 4,
              "Plans": [
                {
                  "Node Type": "Hash Join",
                  "Parent Relationship": "Outer",
                  "Parallel Aware": true,
                  "Join Type": "Inner",
                  "Startup Cost": 79158.39,
                  "Total Cost": 124012.49,
                  "Plan Rows": 103626,
                  "Plan Width": 0,
                  "Actual Startup Time": 531.635,
                  "Actual Total Time": 751.064,
                  "Actual Rows": 714612,
                  "Actual Loops": 4,
                  "Inner Unique": false,
                  "Hash Cond": "(mk.movie_id = t.id)",
                  "Plans": [
                    {
                      "Node Type": "Seq Scan",
                      "Parent Relationship": "Outer",
                      "Parallel Aware": true,
                      "Relation Name": "movie_keyword",
                      "Alias": "mk",
                      "Startup Cost": 0.0,
                      "Total Cost": 39047.32,
                      "Plan Rows": 1459332,
                      "Plan Width": 4,
                      "Actual Startup Time": 0.032,
                      "Actual Total Time": 91.146,
                      "Actual Rows": 1130982,
                      "Actual Loops": 4
                    },
                    {
                      "Node Type": "Hash",
                      "Parent Relationship": "Inner",
                      "Parallel Aware": true,
                      "Startup Cost": 78434.43,
                      "Total Cost": 78434.43,
                      "Plan Rows": 57917,
                      "Plan Width": 8,
                      "Actual Startup Time": 499.883,
                      "Actual Total Time": 499.888,
                      "Actual Rows": 87619,
                      "Actual Loops": 4,
                      "Hash Buckets": 524288,
                      "Original Hash Buckets": 262144,
                      "Hash Batches": 1,
                      "Original Hash Batches": 1,
                      "Peak Memory Usage": 19904,
                      "Plans": [
                        {
                          "Node Type": "Hash Join",
                          "Parent Relationship": "Outer",
                          "Parallel Aware": true,
                          "Join Type": "Inner",
                          "Startup Cost": 57792.52,
                          "Total Cost": 78434.43,
                          "Plan Rows": 57917,
                          "Plan Width": 8,
                          "Actual Startup Time": 397.984,
                          "Actual Total Time": 462.118,
                          "Actual Rows": 87619,
                          "Actual Loops": 4,
                          "Inner Unique": true,
                          "Hash Cond": "(mc.movie_id = t.id)",
                          "Plans": [
                            {
                              "Node Type": "Bitmap Heap Scan",
                              "Parent Relationship": "Outer",
                              "Parallel Aware": true,
                              "Relation Name": "movie_companies",
                              "Alias": "mc",
                              "Startup Cost": 7572.13,
                              "Total Cost": 28062.02,
                              "Plan Rows": 57917,
                              "Plan Width": 4,
                              "Actual Startup Time": 19.109,
                              "Actual Total Time": 41.33,
                              "Actual Rows": 87619,
                              "Actual Loops": 4,
                              "Recheck Cond": "(company_id > 88222)",
                              "Rows Removed by Index Recheck": 0,
                              "Filter": "(company_type_id > 1)",
                              "Rows Removed by Filter": 0,
                              "Exact Heap Blocks": 1155,
                              "Lossy Heap Blocks": 0,
                              "Plans": [
                                {
                                  "Node Type": "Bitmap Index Scan",
                                  "Parent Relationship": "Outer",
                                  "Parallel Aware": false,
                                  "Index Name": "company_id_movie_companies",
                                  "Startup Cost": 0.0,
                                  "Total Cost": 7527.25,
                                  "Plan Rows": 351309,
                                  "Plan Width": 0,
                                  "Actual Startup Time": 18.276,
                                  "Actual Total Time": 18.276,
                                  "Actual Rows": 350477,
                                  "Actual Loops": 1,
                                  "Index Cond": "(company_id > 88222)"
                                }
                              ]
                            },
                            {
                              "Node Type": "Hash",
                              "Parent Relationship": "Inner",
                              "Parallel Aware": true,
                              "Startup Cost": 42319.06,
                              "Total Cost": 42319.06,
                              "Plan Rows": 632106,
                              "Plan Width": 4,
                              "Actual Startup Time": 370.035,
                              "Actual Total Time": 370.036,
                              "Actual Rows": 632078,
                              "Actual Loops": 4,
                              "Hash Buckets": 4194304,
                              "Original Hash Buckets": 4194304,
                              "Hash Batches": 1,
                              "Original Hash Batches": 1,
                              "Peak Memory Usage": 131776,
                              "Plans": [
                                {
                                  "Node Type": "Seq Scan",
                                  "Parent Relationship": "Outer",
                                  "Parallel Aware": true,
                                  "Relation Name": "title",
                                  "Alias": "t",
                                  "Startup Cost": 0.0,
                                  "Total Cost": 42319.06,
                                  "Plan Rows": 632106,
                                  "Plan Width": 4,
                                  "Actual Startup Time": 0.049,
                                  "Actual Total Time": 105.443,
                                  "Actual Rows": 632078,
                                  "Actual Loops": 4
                                }
                              ]
                            }
                          ]
                        }
                      ]
                    }
                  ]
                }
              ]
            }
          ]
        }
      ]
    },
    "Planning Time": 0.596,
    "Triggers": [],
    "Execution Time": 831.145
  }
]