[
  {
    "Plan": {
      "Node Type": "Aggregate",
      "Strategy": "Plain",
      "Partial Mode": "Finalize",
      "Parallel Aware": false,
      "Startup Cost": 120887.38,
      "Total Cost": 120887.39,
      "Plan Rows": 1,
      "Plan Width": 8,
      "Actual Startup Time": 654.982,
      "Actual Total Time": 673.831,
      "Actual Rows": 1,
      "Actual Loops": 1,
      "Plans": [
        {
          "Node Type": "Gather",
          "Parent Relationship": "Outer",
          "Parallel Aware": false,
          "Startup Cost": 120887.06,
          "Total Cost": 120887.37,
          "Plan Rows": 3,
          "Plan Width": 8,
          "Actual Startup Time": 651.167,
          "Actual Total Time": 673.814,
          "Actual Rows": 4,
          "Actual Loops": 1,
          "Workers Planned": 3,
          "Workers Launched": 3,
          "Single Copy": false,
          "Plans": [
            {
              "Node Type": "Aggregate",
              "Strategy": "Plain",
              "Partial Mode": "Partial",
              "Parent Relationship": "Outer",
              "Parallel Aware": false,
              "Startup Cost": 119887.06,
              "Total Cost": 119887.07,
              "Plan Rows": 1,
              "Plan Width": 8,
              "Actual Startup Time": 640.97,
              "Actual Total Time": 640.976,
              "Actual Rows": 1,
              "Actual Loops": 4,
              "Plans": [
                {
                  "Node Type": "Hash Join",
                  "Parent Relationship": "Outer",
                  "Parallel Aware": true,
                  "Join Type": "Inner",
                  "Startup Cost": 74857.42,
                  "Total Cost": 119632.15,
                  "Plan Rows": 101964,
                  "Plan Width": 0,
                  "Actual Startup Time": 383.629,
                  "Actual Total Time": 608.497,
                  "Actual Rows": 714612,
                  "Actual Loops": 4,
                  "Inner Unique": false,
                  "Hash Cond": "(mk.movie_id = t.id)",
                  "Plans": [
                    {
                      "Node Type": "Seq Scan",
                      "Parent Relationship": "Outer",
                      "Parallel Aware": true,
                      "Relation Name": "movie_keyword",
                      "Alias": "mk",
                      "Startup Cost": 0.0,
                      "Total Cost": 39047.32,
                      "Plan Rows": 1459332,
                      "Plan Width": 4,
                      "Actual Startup Time": 0.029,
                      "Actual Total Time": 94.781,
                      "Actual Rows": 1130982,
                      "Actual Loops": 4
                    },
                    {
                      "Node Type": "Hash",
                      "Parent Relationship": "Inner",
                      "Parallel Aware": true,
                      "Startup Cost": 74305.38,
                      "Total Cost": 74305.38,
                      "Plan Rows": 44163,
                      "Plan Width": 8,
                      "Actual Startup Time": 347.699,
                      "Actual Total Time": 347.703,
                      "Actual Rows": 87619,
                      "Actual Loops": 4,
                      "Hash Buckets": 524288,
                      "Original Hash Buckets": 262144,
                      "Hash Batches": 1,
                      "Original Hash Batches": 1,
                      "Peak Memory Usage": 19904,
                      "Plans": [
                        {
                          "Node Type": "Hash Join",
                          "Parent Relationship": "Outer",
                          "Parallel Aware": true,
                          "Join Type": "Inner",
                          "Startup Cost": 28683.83,
                          "Total Cost": 74305.38,
                          "Plan Rows": 44163,
                          "Plan Width": 8,
                          "Actual Startup Time": 125.248,
                          "Actual Total Time": 312.77,
                          "Actual Rows": 87619,
                          "Actual Loops": 4,
                          "Inner Unique": false,
                          "Hash Cond": "(t.id = mc.movie_id)",
                          "Plans": [
                            {
                              "Node Type": "Seq Scan",
                              "Parent Relationship": "Outer",
                              "Parallel Aware": true,
                              "Relation Name": "title",
                              "Alias": "t",
                              "Startup Cost": 0.0,
                              "Total Cost": 42318.73,
                              "Plan Rows": 632073,
                              "Plan Width": 4,
                              "Actual Startup Time": 0.01,
                              "Actual Total Time": 79.457,
                              "Actual Rows": 632078,
                              "Actual Loops": 4
                            },
                            {
                              "Node Type": "Hash",
                              "Parent Relationship": "Inner",
                              "Parallel Aware": true,
                              "Startup Cost": 27971.51,
                              "Total Cost": 27971.51,
                              "Plan Rows": 56985,
                              "Plan Width": 4,
                              "Actual Startup Time": 104.46,
                              "Actual Total Time": 104.461,
                              "Actual Rows": 87619,
                              "Actual Loops": 4,
                              "Hash Buckets": 524288,
                              "Original Hash Buckets": 262144,
                              "Hash Batches": 1,
                              "Original Hash Batches": 1,
                              "Peak Memory Usage": 19904,
                              "Plans": [
                                {
                                  "Node Type": "Bitmap Heap Scan",
                                  "Parent Relationship": "Outer",
                                  "Parallel Aware": true,
                                  "Relation Name": "movie_companies",
                                  "Alias": "mc",
                                  "Startup Cost": 7498.02,
                                  "Total Cost": 27971.51,
                                  "Plan Rows": 56985,
                                  "Plan Width": 4,
                                  "Actual Startup Time": 28.271,
                                  "Actual Total Time": 62.398,
                                  "Actual Rows": 87619,
                                  "Actual Loops": 4,
                                  "Recheck Cond": "(company_id > 88222)",
                                  "Rows Removed by Index Recheck": 0,
                                  "Filter": "(company_type_id > 1)",
                                  "Rows Removed by Filter": 0,
                                  "Exact Heap Blocks": 2329,
                                  "Lossy Heap Blocks": 0,
                                  "Plans": [
                                    {
                                      "Node Type": "Bitmap Index Scan",
                                      "Parent Relationship": "Outer",
                                      "Parallel Aware": false,
                                      "Index Name": "company_id_movie_companies",
                                      "Startup Cost": 0.0,
                                      "Total Cost": 7453.85,
                                      "Plan Rows": 347923,
                                      "Plan Width": 0,
                                      "Actual Startup Time": 27.323,
                                      "Actual Total Time": 27.323,
                                      "Actual Rows": 350477,
                                      "Actual Loops": 1,
                                      "Index Cond": "(company_id > 88222)"
                                    }
                                  ]
                                }
                              ]
                            }
                          ]
                        }
                      ]
                    }
                  ]
                }
              ]
            }
          ]
        }
      ]
    },
    "Planning Time": 1.382,
    "Triggers": [],
    "Execution Time": 673.929
  }
]