[
  {
    "Plan": {
      "Node Type": "Aggregate",
      "Strategy": "Plain",
      "Partial Mode": "Finalize",
      "Parallel Aware": false,
      "Startup Cost": 445750.03,
      "Total Cost": 445750.04,
      "Plan Rows": 1,
      "Plan Width": 8,
      "Actual Startup Time": 3893.549,
      "Actual Total Time": 3953.827,
      "Actual Rows": 1,
      "Actual Loops": 1,
      "Plans": [
        {
          "Node Type": "Gather",
          "Parent Relationship": "Outer",
          "Parallel Aware": false,
          "Startup Cost": 445749.41,
          "Total Cost": 445750.02,
          "Plan Rows": 6,
          "Plan Width": 8,
          "Actual Startup Time": 3886.451,
          "Actual Total Time": 3953.816,
          "Actual Rows": 7,
          "Actual Loops": 1,
          "Workers Planned": 6,
          "Workers Launched": 6,
          "Single Copy": false,
          "Plans": [
            {
              "Node Type": "Aggregate",
              "Strategy": "Plain",
              "Partial Mode": "Partial",
              "Parent Relationship": "Outer",
              "Parallel Aware": false,
              "Startup Cost": 444749.41,
              "Total Cost": 444749.42,
              "Plan Rows": 1,
              "Plan Width": 8,
              "Actual Startup Time": 3875.742,
              "Actual Total Time": 3875.866,
              "Actual Rows": 1,
              "Actual Loops": 7,
              "Plans": [
                {
                  "Node Type": "Hash Join",
                  "Parent Relationship": "Outer",
                  "Parallel Aware": true,
                  "Join Type": "Inner",
                  "Startup Cost": 96857.83,
                  "Total Cost": 439430.48,
                  "Plan Rows": 2127570,
                  "Plan Width": 0,
                  "Actual Startup Time": 354.15,
                  "Actual Total Time": 3184.614,
                  "Actual Rows": 17694033,
                  "Actual Loops": 7,
                  "Inner Unique": false,
                  "Hash Cond": "(ci.movie_id = t.id)",
                  "Plans": [
                    {
                      "Node Type": "Seq Scan",
                      "Parent Relationship": "Outer",
                      "Parallel Aware": true,
                      "Relation Name": "cast_info",
                      "Alias": "ci",
                      "Startup Cost": 0.0,
                      "Total Cost": 313067.02,
                      "Plan Rows": 6038002,
                      "Plan Width": 4,
                      "Actual Startup Time": 0.027,
                      "Actual Total Time": 501.791,
                      "Actual Rows": 5177763,
                      "Actual Loops": 7
                    },
                    {
                      "Node Type": "Hash",
                      "Parent Relationship": "Inner",
                      "Parallel Aware": true,
                      "Startup Cost": 93265.58,
                      "Total Cost": 93265.58,
                      "Plan Rows": 287380,
                      "Plan Width": 8,
                      "Actual Startup Time": 350.602,
                      "Actual Total Time": 350.723,
                      "Actual Rows": 267032,
                      "Actual Loops": 7,
                      "Hash Buckets": 2097152,
                      "Original Hash Buckets": 1048576,
                      "Hash Batches": 1,
                      "Original Hash Batches": 1,
                      "Peak Memory Usage": 97824,
                      "Plans": [
                        {
                          "Node Type": "Hash Join",
                          "Parent Relationship": "Outer",
                          "Parallel Aware": true,
                          "Join Type": "Inner",
                          "Startup Cost": 47304.17,
                          "Total Cost": 93265.58,
                          "Plan Rows": 287380,
                          "Plan Width": 8,
                          "Actual Startup Time": 135.067,
                          "Actual Total Time": 254.945,
                          "Actual Rows": 267032,
                          "Actual Loops": 7,
                          "Inner Unique": true,
                          "Hash Cond": "(mk.movie_id = t.id)",
                          "Plans": [
                            {
                              "Node Type": "Seq Scan",
                              "Parent Relationship": "Outer",
                              "Parallel Aware": true,
                              "Relation Name": "movie_keyword",
                              "Alias": "mk",
                              "Startup Cost": 0.0,
                              "Total Cost": 42695.65,
                              "Plan Rows": 1244095,
                              "Plan Width": 4,
                              "Actual Startup Time": 0.028,
                              "Actual Total Time": 72.59,
                              "Actual Rows": 552558,
                              "Actual Loops": 7,
                              "Filter": "(keyword_id < 28636)",
                              "Rows Removed by Filter": 93718
                            },
                            {
                              "Node Type": "Hash",
                              "Parent Relationship": "Inner",
                              "Parallel Aware": true,
                              "Startup Cost": 45479.1,
                              "Total Cost": 45479.1,
                              "Plan Rows": 146006,
                              "Plan Width": 4,
                              "Actual Startup Time": 111.542,
                              "Actual Total Time": 111.543,
                              "Actual Rows": 66734,
                              "Actual Loops": 7,
                              "Hash Buckets": 1048576,
                              "Original Hash Buckets": 1048576,
                              "Hash Batches": 1,
                              "Original Hash Batches": 1,
                              "Peak Memory Usage": 26560,
                              "Plans": [
                                {
                                  "Node Type": "Seq Scan",
                                  "Parent Relationship": "Outer",
                                  "Parallel Aware": true,
                                  "Relation Name": "title",
                                  "Alias": "t",
                                  "Startup Cost": 0.0,
                                  "Total Cost": 45479.1,
                                  "Plan Rows": 146006,
                                  "Plan Width": 4,
                                  "Actual Startup Time": 44.607,
                                  "Actual Total Time": 79.092,
                                  "Actual Rows": 66734,
                                  "Actual Loops": 7,
                                  "Filter": "((production_year > 1959) AND (kind_id = 1))",
                                  "Rows Removed by Filter": 294453
                                }
                              ]
                            }
                          ]
                        }
                      ]
                    }
                  ]
                }
              ]
            }
          ]
        }
      ]
    },
    "Planning Time": 1.343,
    "Triggers": [],
    "Execution Time": 3953.933
  }
]