[
  {
    "Plan": {
      "Node Type": "Aggregate",
      "Strategy": "Plain",
      "Partial Mode": "Finalize",
      "Parallel Aware": false,
      "Startup Cost": 69611.78,
      "Total Cost": 69611.79,
      "Plan Rows": 1,
      "Plan Width": 8,
      "Actual Startup Time": 136.835,
      "Actual Total Time": 146.934,
      "Actual Rows": 1,
      "Actual Loops": 1,
      "Plans": [
        {
          "Node Type": "Gather",
          "Parent Relationship": "Outer",
          "Parallel Aware": false,
          "Startup Cost": 69611.47,
          "Total Cost": 69611.78,
          "Plan Rows": 3,
          "Plan Width": 8,
          "Actual Startup Time": 136.504,
          "Actual Total Time": 146.925,
          "Actual Rows": 4,
          "Actual Loops": 1,
          "Workers Planned": 3,
          "Workers Launched": 3,
          "Single Copy": false,
          "Plans": [
            {
              "Node Type": "Aggregate",
              "Strategy": "Plain",
              "Partial Mode": "Partial",
              "Parent Relationship": "Outer",
              "Parallel Aware": false,
              "Startup Cost": 68611.47,
              "Total Cost": 68611.48,
              "Plan Rows": 1,
              "Plan Width": 8,
              "Actual Startup Time": 127.536,
              "Actual Total Time": 127.539,
              "Actual Rows": 1,
              "Actual Loops": 4,
              "Plans": [
                {
                  "Node Type": "Hash Join",
                  "Parent Relationship": "Outer",
                  "Parallel Aware": true,
                  "Join Type": "Inner",
                  "Startup Cost": 38820.12,
                  "Total Cost": 68601.85,
                  "Plan Rows": 3847,
                  "Plan Width": 0,
                  "Actual Startup Time": 75.129,
                  "Actual Total Time": 127.5,
                  "Actual Rows": 426,
                  "Actual Loops": 4,
                  "Inner Unique": true,
                  "Hash Cond": "(mc.movie_id = t.id)",
                  "Plans": [
                    {
                      "Node Type": "Seq Scan",
                      "Parent Relationship": "Outer",
                      "Parallel Aware": true,
                      "Relation Name": "movie_companies",
                      "Alias": "mc",
                      "Startup Cost": 0.0,
                      "Total Cost": 29310.68,
                      "Plan Rows": 179448,
                      "Plan Width": 4,
                      "Actual Startup Time": 0.019,
                      "Actual Total Time": 57.447,
                      "Actual Rows": 137410,
                      "Actual Loops": 4,
                      "Filter": "(company_id < 561)",
                      "Rows Removed by Filter": 514872
                    },
                    {
                      "Node Type": "Hash",
                      "Parent Relationship": "Inner",
                      "Parallel Aware": true,
                      "Startup Cost": 38650.74,
                      "Total Cost": 38650.74,
                      "Plan Rows": 13550,
                      "Plan Width": 4,
                      "Actual Startup Time": 54.615,
                      "Actual Total Time": 54.616,
                      "Actual Rows": 8651,
                      "Actual Loops": 4,
                      "Hash Buckets": 65536,
                      "Original Hash Buckets": 65536,
                      "Hash Batches": 1,
                      "Original Hash Batches": 1,
                      "Peak Memory Usage": 1920,
                      "Plans": [
                        {
                          "Node Type": "Bitmap Heap Scan",
                          "Parent Relationship": "Outer",
                          "Parallel Aware": true,
                          "Relation Name": "title",
                          "Alias": "t",
                          "Startup Cost": 2194.49,
                          "Total Cost": 38650.74,
                          "Plan Rows": 13550,
                          "Plan Width": 4,
                          "Actual Startup Time": 14.834,
                          "Actual Total Time": 50.722,
                          "Actual Rows": 8651,
                          "Actual Loops": 4,
                          "Recheck Cond": "(kind_id = 4)",
                          "Rows Removed by Index Recheck": 0,
                          "Filter": "(production_year < 2002)",
                          "Rows Removed by Filter": 20907,
                          "Exact Heap Blocks": 8173,
                          "Lossy Heap Blocks": 0,
                          "Plans": [
                            {
                              "Node Type": "Bitmap Index Scan",
                              "Parent Relationship": "Outer",
                              "Parallel Aware": false,
                              "Index Name": "kind_id_title",
                              "Startup Cost": 0.0,
                              "Total Cost": 2180.94,
                              "Plan Rows": 122201,
                              "Plan Width": 0,
                              "Actual Startup Time": 15.912,
                              "Actual Total Time": 15.912,
                              "Actual Rows": 118234,
                              "Actual Loops": 1,
                              "Index Cond": "(kind_id = 4)"
                            }
                          ]
                        }
                      ]
                    }
                  ]
                }
              ]
            }
          ]
        }
      ]
    },
    "Planning Time": 0.658,
    "Triggers": [],
    "Execution Time": 147.024
  }
]