[
  {
    "Plan": {
      "Node Type": "Aggregate",
      "Strategy": "Plain",
      "Partial Mode": "Finalize",
      "Parallel Aware": false,
      "Startup Cost": 46000.49,
      "Total Cost": 46000.5,
      "Plan Rows": 1,
      "Plan Width": 8,
      "Actual Startup Time": 160.483,
      "Actual Total Time": 170.778,
      "Actual Rows": 1,
      "Actual Loops": 1,
      "Plans": [
        {
          "Node Type": "Gather",
          "Parent Relationship": "Outer",
          "Parallel Aware": false,
          "Startup Cost": 46000.18,
          "Total Cost": 46000.49,
          "Plan Rows": 3,
          "Plan Width": 8,
          "Actual Startup Time": 160.38,
          "Actual Total Time": 170.769,
          "Actual Rows": 4,
          "Actual Loops": 1,
          "Workers Planned": 3,
          "Workers Launched": 3,
          "Single Copy": false,
          "Plans": [
            {
              "Node Type": "Aggregate",
              "Strategy": "Plain",
              "Partial Mode": "Partial",
              "Parent Relationship": "Outer",
              "Parallel Aware": false,
              "Startup Cost": 45000.18,
              "Total Cost": 45000.19,
              "Plan Rows": 1,
              "Plan Width": 8,
              "Actual Startup Time": 155.344,
              "Actual Total Time": 155.346,
              "Actual Rows": 1,
              "Actual Loops": 4,
              "Plans": [
                {
                  "Node Type": "Seq Scan",
                  "Parent Relationship": "Outer",
                  "Parallel Aware": true,
                  "Relation Name": "movie_keyword",
                  "Alias": "mk",
                  "Startup Cost": 0.0,
                  "Total Cost": 42695.65,
                  "Plan Rows": 921809,
                  "Plan Width": 0,
                  "Actual Startup Time": 0.19,
                  "Actual Total Time": 121.984,
                  "Actual Rows": 709909,
                  "Actual Loops": 4,
                  "Filter": "(keyword_id > 2615)",
                  "Rows Removed by Filter": 421073
                }
              ]
            }
          ]
        }
      ]
    },
    "Planning Time": 0.092,
    "Triggers": [],
    "Execution Time": 170.809
  }
]