[
  {
    "Plan": {
      "Node Type": "Aggregate",
      "Strategy": "Plain",
      "Partial Mode": "Finalize",
      "Parallel Aware": false,
      "Startup Cost": 46631.12,
      "Total Cost": 46631.13,
      "Plan Rows": 1,
      "Plan Width": 8,
      "Actual Startup Time": 195.152,
      "Actual Total Time": 205.269,
      "Actual Rows": 1,
      "Actual Loops": 1,
      "Plans": [
        {
          "Node Type": "Gather",
          "Parent Relationship": "Outer",
          "Parallel Aware": false,
          "Startup Cost": 46630.8,
          "Total Cost": 46631.11,
          "Plan Rows": 3,
          "Plan Width": 8,
          "Actual Startup Time": 195.046,
          "Actual Total Time": 205.261,
          "Actual Rows": 4,
          "Actual Loops": 1,
          "Workers Planned": 3,
          "Workers Launched": 3,
          "Single Copy": false,
          "Plans": [
            {
              "Node Type": "Aggregate",
              "Strategy": "Plain",
              "Partial Mode": "Partial",
              "Parent Relationship": "Outer",
              "Parallel Aware": false,
              "Startup Cost": 45630.8,
              "Total Cost": 45630.81,
              "Plan Rows": 1,
              "Plan Width": 8,
              "Actual Startup Time": 186.635,
              "Actual Total Time": 186.637,
              "Actual Rows": 1,
              "Actual Loops": 4,
              "Plans": [
                {
                  "Node Type": "Seq Scan",
                  "Parent Relationship": "Outer",
                  "Parallel Aware": true,
                  "Relation Name": "movie_keyword",
                  "Alias": "mk",
                  "Startup Cost": 0.0,
                  "Total Cost": 42695.65,
                  "Plan Rows": 1174059,
                  "Plan Width": 0,
                  "Actual Startup Time": 0.058,
                  "Actual Total Time": 139.573,
                  "Actual Rows": 910551,
                  "Actual Loops": 4,
                  "Filter": "(keyword_id < 20921)",
                  "Rows Removed by Filter": 220432
                }
              ]
            }
          ]
        }
      ]
    },
    "Planning Time": 0.18,
    "Triggers": [],
    "Execution Time": 205.326
  }
]