[
  {
    "Plan": {
      "Node Type": "Aggregate",
      "Strategy": "Plain",
      "Partial Mode": "Finalize",
      "Parallel Aware": false,
      "Startup Cost": 46194.36,
      "Total Cost": 46194.37,
      "Plan Rows": 1,
      "Plan Width": 8,
      "Actual Startup Time": 136.591,
      "Actual Total Time": 144.008,
      "Actual Rows": 1,
      "Actual Loops": 1,
      "Plans": [
        {
          "Node Type": "Gather",
          "Parent Relationship": "Outer",
          "Parallel Aware": false,
          "Startup Cost": 46194.04,
          "Total Cost": 46194.35,
          "Plan Rows": 3,
          "Plan Width": 8,
          "Actual Startup Time": 136.456,
          "Actual Total Time": 144.001,
          "Actual Rows": 4,
          "Actual Loops": 1,
          "Workers Planned": 3,
          "Workers Launched": 3,
          "Single Copy": false,
          "Plans": [
            {
              "Node Type": "Aggregate",
              "Strategy": "Plain",
              "Partial Mode": "Partial",
              "Parent Relationship": "Outer",
              "Parallel Aware": false,
              "Startup Cost": 45194.04,
              "Total Cost": 45194.05,
              "Plan Rows": 1,
              "Plan Width": 8,
              "Actual Startup Time": 133.148,
              "Actual Total Time": 133.149,
              "Actual Rows": 1,
              "Actual Loops": 4,
              "Plans": [
                {
                  "Node Type": "Seq Scan",
                  "Parent Relationship": "Outer",
                  "Parallel Aware": true,
                  "Relation Name": "movie_keyword",
                  "Alias": "mk",
                  "Startup Cost": 0.0,
                  "Total Cost": 42695.65,
                  "Plan Rows": 999355,
                  "Plan Width": 0,
                  "Actual Startup Time": 0.023,
                  "Actual Total Time": 101.952,
                  "Actual Rows": 775829,
                  "Actual Loops": 4,
                  "Filter": "(keyword_id < 11754)",
                  "Rows Removed by Filter": 355154
                }
              ]
            }
          ]
        }
      ]
    },
    "Planning Time": 0.194,
    "Triggers": [],
    "Execution Time": 144.041
  }
]