[
  {
    "Plan": {
      "Node Type": "Aggregate",
      "Strategy": "Plain",
      "Partial Mode": "Finalize",
      "Parallel Aware": false,
      "Startup Cost": 46202.0,
      "Total Cost": 46202.01,
      "Plan Rows": 1,
      "Plan Width": 8,
      "Actual Startup Time": 160.959,
      "Actual Total Time": 170.392,
      "Actual Rows": 1,
      "Actual Loops": 1,
      "Plans": [
        {
          "Node Type": "Gather",
          "Parent Relationship": "Outer",
          "Parallel Aware": false,
          "Startup Cost": 46201.69,
          "Total Cost": 46202.0,
          "Plan Rows": 3,
          "Plan Width": 8,
          "Actual Startup Time": 160.822,
          "Actual Total Time": 170.381,
          "Actual Rows": 4,
          "Actual Loops": 1,
          "Workers Planned": 3,
          "Workers Launched": 3,
          "Single Copy": false,
          "Plans": [
            {
              "Node Type": "Aggregate",
              "Strategy": "Plain",
              "Partial Mode": "Partial",
              "Parent Relationship": "Outer",
              "Parallel Aware": false,
              "Startup Cost": 45201.69,
              "Total Cost": 45201.7,
              "Plan Rows": 1,
              "Plan Width": 8,
              "Actual Startup Time": 155.038,
              "Actual Total Time": 155.039,
              "Actual Rows": 1,
              "Actual Loops": 4,
              "Plans": [
                {
                  "Node Type": "Seq Scan",
                  "Parent Relationship": "Outer",
                  "Parallel Aware": true,
                  "Relation Name": "movie_keyword",
                  "Alias": "mk",
                  "Startup Cost": 0.0,
                  "Total Cost": 42695.65,
                  "Plan Rows": 1002413,
                  "Plan Width": 0,
                  "Actual Startup Time": 0.053,
                  "Actual Total Time": 120.176,
                  "Actual Rows": 775829,
                  "Actual Loops": 4,
                  "Filter": "(keyword_id < 11754)",
                  "Rows Removed by Filter": 355154
                }
              ]
            }
          ]
        }
      ]
    },
    "Planning Time": 0.193,
    "Triggers": [],
    "Execution Time": 170.452
  }
]