[
  {
    "Plan": {
      "Node Type": "Aggregate",
      "Strategy": "Plain",
      "Partial Mode": "Finalize",
      "Parallel Aware": false,
      "Startup Cost": 347517.81,
      "Total Cost": 347517.82,
      "Plan Rows": 1,
      "Plan Width": 8,
      "Actual Startup Time": 800.624,
      "Actual Total Time": 860.529,
      "Actual Rows": 1,
      "Actual Loops": 1,
      "Plans": [
        {
          "Node Type": "Gather",
          "Parent Relationship": "Outer",
          "Parallel Aware": false,
          "Startup Cost": 347517.19,
          "Total Cost": 347517.8,
          "Plan Rows": 6,
          "Plan Width": 8,
          "Actual Startup Time": 800.483,
          "Actual Total Time": 860.518,
          "Actual Rows": 7,
          "Actual Loops": 1,
          "Workers Planned": 6,
          "Workers Launched": 6,
          "Single Copy": false,
          "Plans": [
            {
              "Node Type": "Aggregate",
              "Strategy": "Plain",
              "Partial Mode": "Partial",
              "Parent Relationship": "Outer",
              "Parallel Aware": false,
              "Startup Cost": 346517.19,
              "Total Cost": 346517.2,
              "Plan Rows": 1,
              "Plan Width": 8,
              "Actual Startup Time": 790.327,
              "Actual Total Time": 790.328,
              "Actual Rows": 1,
              "Actual Loops": 7,
              "Plans": [
                {
                  "Node Type": "Seq Scan",
                  "Parent Relationship": "Outer",
                  "Parallel Aware": true,
                  "Relation Name": "cast_info",
                  "Alias": "ci",
                  "Startup Cost": 0.0,
                  "Total Cost": 343257.03,
                  "Plan Rows": 1304063,
                  "Plan Width": 0,
                  "Actual Startup Time": 323.546,
                  "Actual Total Time": 702.795,
                  "Actual Rows": 1698946,
                  "Actual Loops": 7,
                  "Filter": "((person_id > 2501176) AND (role_id > 1))",
                  "Rows Removed by Filter": 3478818
                }
              ]
            }
          ]
        }
      ]
    },
    "Planning Time": 0.211,
    "Triggers": [],
    "Execution Time": 860.598
  }
]