[
  {
    "Plan": {
      "Node Type": "Aggregate",
      "Strategy": "Plain",
      "Partial Mode": "Finalize",
      "Parallel Aware": false,
      "Startup Cost": 96695.46,
      "Total Cost": 96695.47,
      "Plan Rows": 1,
      "Plan Width": 8,
      "Actual Startup Time": 513.382,
      "Actual Total Time": 533.867,
      "Actual Rows": 1,
      "Actual Loops": 1,
      "Plans": [
        {
          "Node Type": "Gather",
          "Parent Relationship": "Outer",
          "Parallel Aware": false,
          "Startup Cost": 96695.14,
          "Total Cost": 96695.45,
          "Plan Rows": 3,
          "Plan Width": 8,
          "Actual Startup Time": 509.848,
          "Actual Total Time": 533.858,
          "Actual Rows": 4,
          "Actual Loops": 1,
          "Workers Planned": 3,
          "Workers Launched": 3,
          "Single Copy": false,
          "Plans": [
            {
              "Node Type": "Aggregate",
              "Strategy": "Plain",
              "Partial Mode": "Partial",
              "Parent Relationship": "Outer",
              "Parallel Aware": false,
              "Startup Cost": 95695.14,
              "Total Cost": 95695.15,
              "Plan Rows": 1,
              "Plan Width": 8,
              "Actual Startup Time": 503.088,
              "Actual Total Time": 503.505,
              "Actual Rows": 1,
              "Actual Loops": 4,
              "Plans": [
                {
                  "Node Type": "Hash Join",
                  "Parent Relationship": "Outer",
                  "Parallel Aware": true,
                  "Join Type": "Inner",
                  "Startup Cost": 64817.03,
                  "Total Cost": 95501.88,
                  "Plan Rows": 77305,
                  "Plan Width": 0,
                  "Actual Startup Time": 318.19,
                  "Actual Total Time": 486.604,
                  "Actual Rows": 386541,
                  "Actual Loops": 4,
                  "Inner Unique": false,
                  "Hash Cond": "(mc.movie_id = t.id)",
                  "Plans": [
                    {
                      "Node Type": "Seq Scan",
                      "Parent Relationship": "Outer",
                      "Parallel Aware": true,
                      "Relation Name": "movie_companies",
                      "Alias": "mc",
                      "Startup Cost": 0.0,
                      "Total Cost": 27206.55,
                      "Plan Rows": 841655,
                      "Plan Width": 4,
                      "Actual Startup Time": 0.024,
                      "Actual Total Time": 60.189,
                      "Actual Rows": 652282,
                      "Actual Loops": 4
                    },
                    {
                      "Node Type": "Hash",
                      "Parent Relationship": "Inner",
                      "Parallel Aware": true,
                      "Startup Cost": 63607.49,
                      "Total Cost": 63607.49,
                      "Plan Rows": 96763,
                      "Plan Width": 8,
                      "Actual Startup Time": 287.655,
                      "Actual Total Time": 288.071,
                      "Actual Rows": 104940,
                      "Actual Loops": 4,
                      "Hash Buckets": 524288,
                      "Original Hash Buckets": 262144,
                      "Hash Batches": 1,
                      "Original Hash Batches": 1,
                      "Peak Memory Usage": 22592,
                      "Plans": [
                        {
                          "Node Type": "Hash Join",
                          "Parent Relationship": "Outer",
                          "Parallel Aware": true,
                          "Join Type": "Inner",
                          "Startup Cost": 47483.06,
                          "Total Cost": 63607.49,
                          "Plan Rows": 96763,
                          "Plan Width": 8,
                          "Actual Startup Time": 194.611,
                          "Actual Total Time": 254.428,
                          "Actual Rows": 104940,
                          "Actual Loops": 4,
                          "Inner Unique": true,
                          "Hash Cond": "(mi_idx.movie_id = t.id)",
                          "Plans": [
                            {
                              "Node Type": "Seq Scan",
                              "Parent Relationship": "Outer",
                              "Parallel Aware": true,
                              "Relation Name": "movie_info_idx",
                              "Alias": "mi_idx",
                              "Startup Cost": 0.0,
                              "Total Cost": 15122.68,
                              "Plan Rows": 381618,
                              "Plan Width": 4,
                              "Actual Startup Time": 0.014,
                              "Actual Total Time": 37.8,
                              "Actual Rows": 229962,
                              "Actual Loops": 4,
                              "Filter": "(info_type_id < 101)",
                              "Rows Removed by Filter": 115046
                            },
                            {
                              "Node Type": "Hash",
                              "Parent Relationship": "Inner",
                              "Parallel Aware": true,
                              "Startup Cost": 45479.59,
                              "Total Cost": 45479.59,
                              "Plan Rows": 160278,
                              "Plan Width": 4,
                              "Actual Startup Time": 163.838,
                              "Actual Total Time": 163.84,
                              "Actual Rows": 164078,
                              "Actual Loops": 4,
                              "Hash Buckets": 1048576,
                              "Original Hash Buckets": 1048576,
                              "Hash Batches": 1,
                              "Original Hash Batches": 1,
                              "Peak Memory Usage": 33920,
                              "Plans": [
                                {
                                  "Node Type": "Seq Scan",
                                  "Parent Relationship": "Outer",
                                  "Parallel Aware": true,
                                  "Relation Name": "title",
                                  "Alias": "t",
                                  "Startup Cost": 0.0,
                                  "Total Cost": 45479.59,
                                  "Plan Rows": 160278,
                                  "Plan Width": 4,
                                  "Actual Startup Time": 48.934,
                                  "Actual Total Time": 106.016,
                                  "Actual Rows": 164078,
                                  "Actual Loops": 4,
                                  "Filter": "((production_year > 0) AND (kind_id = 1))",
                                  "Rows Removed by Filter": 468000
                                }
                              ]
                            }
                          ]
                        }
                      ]
                    }
                  ]
                }
              ]
            }
          ]
        }
      ]
    },
    "Planning Time": 1.079,
    "Triggers": [],
    "Execution Time": 533.932
  }
]