{
  "Plan": {
    "Node Type": "Aggregate",
    "Strategy": "Plain",
    "Partial Mode": "Finalize",
    "Parallel Aware": false,
    "Startup Cost": 784345.76,
    "Total Cost": 784345.77,
    "Plan Rows": 1,
    "Plan Width": 8,
    "Actual Startup Time": 3713.791,
    "Actual Total Time": 3714.58,
    "Actual Rows": 1,
    "Actual Loops": 1,
    "Plans": [
      {
        "Node Type": "Gather",
        "Parent Relationship": "Outer",
        "Parallel Aware": false,
        "Startup Cost": 784345.64,
        "Total Cost": 784345.75,
        "Plan Rows": 1,
        "Plan Width": 8,
        "Actual Startup Time": 3713.781,
        "Actual Total Time": 3714.574,
        "Actual Rows": 2,
        "Actual Loops": 1,
        "Workers Planned": 1,
        "Workers Launched": 1,
        "Single Copy": false,
        "Plans": [
          {
            "Node Type": "Aggregate",
            "Strategy": "Plain",
            "Partial Mode": "Partial",
            "Parent Relationship": "Outer",
            "Parallel Aware": false,
            "Startup Cost": 783345.64,
            "Total Cost": 783345.65,
            "Plan Rows": 1,
            "Plan Width": 8,
            "Actual Startup Time": 3650.795,
            "Actual Total Time": 3650.801,
            "Actual Rows": 1,
            "Actual Loops": 2,
            "Plans": [
              {
                "Node Type": "Merge Join",
                "Parent Relationship": "Outer",
                "Parallel Aware": false,
                "Join Type": "Inner",
                "Startup Cost": 754021.04,
                "Total Cost": 780737.44,
                "Plan Rows": 1043282,
                "Plan Width": 0,
                "Actual Startup Time": 2385.541,
                "Actual Total Time": 3393.006,
                "Actual Rows": 6589538,
                "Actual Loops": 2,
                "Inner Unique": false,
                "Merge Cond": "(mi.movie_id = t.id)",
                "Plans": [
                  {
                    "Node Type": "Sort",
                    "Parent Relationship": "Outer",
                    "Parallel Aware": false,
                    "Startup Cost": 419893.44,
                    "Total Cost": 424279.26,
                    "Plan Rows": 1754328,
                    "Plan Width": 4,
                    "Actual Startup Time": 597.447,
                    "Actual Total Time": 650.76,
                    "Actual Rows": 1518353,
                    "Actual Loops": 2,
                    "Sort Key": [
                      "mi.movie_id"
                    ],
                    "Sort Method": "quicksort",
                    "Sort Space Used": 124448,
                    "Sort Space Type": "Memory",
                    "Workers": [
                      {
                        "Worker Number": 0,
                        "Sort Method": "quicksort",
                        "Sort Space Used": 116203,
                        "Sort Space Type": "Memory"
                      }
                    ],
                    "Plans": [
                      {
                        "Node Type": "Bitmap Heap Scan",
                        "Parent Relationship": "Outer",
                        "Parallel Aware": true,
                        "Relation Name": "movie_info",
                        "Alias": "mi",
                        "Startup Cost": 54025.71,
                        "Total Cost": 237947.81,
                        "Plan Rows": 1754328,
                        "Plan Width": 4,
                        "Actual Startup Time": 104.826,
                        "Actual Total Time": 291.002,
                        "Actual Rows": 1518360,
                        "Actual Loops": 2,
                        "Recheck Cond": "(info_type_id = 16)",
                        "Rows Removed by Index Recheck": 0,
                        "Exact Heap Blocks": 13434,
                        "Lossy Heap Blocks": 0,
                        "Plans": [
                          {
                            "Node Type": "Bitmap Index Scan",
                            "Parent Relationship": "Outer",
                            "Parallel Aware": false,
                            "Index Name": "info_type_id_movie_info",
                            "Startup Cost": 0.0,
                            "Total Cost": 53280.12,
                            "Plan Rows": 2982358,
                            "Plan Width": 0,
                            "Actual Startup Time": 106.33,
                            "Actual Total Time": 106.331,
                            "Actual Rows": 3036719,
                            "Actual Loops": 1,
                            "Index Cond": "(info_type_id = 16)"
                          }
                        ]
                      }
                    ]
                  },
                  {
                    "Node Type": "Sort",
                    "Parent Relationship": "Inner",
                    "Parallel Aware": false,
                    "Startup Cost": 334127.45,
                    "Total Cost": 337886.33,
                    "Plan Rows": 1503551,
                    "Plan Width": 8,
                    "Actual Startup Time": 1786.529,
                    "Actual Total Time": 2039.464,
                    "Actual Rows": 7393734,
                    "Actual Loops": 2,
                    "Sort Key": [
                      "mk.movie_id"
                    ],
                    "Sort Method": "quicksort",
                    "Sort Space Used": 123415,
                    "Sort Space Type": "Memory",
                    "Workers": [
                      {
                        "Worker Number": 0,
                        "Sort Method": "quicksort",
                        "Sort Space Used": 123415,
                        "Sort Space Type": "Memory"
                      }
                    ],
                    "Plans": [
                      {
                        "Node Type": "Hash Join",
                        "Parent Relationship": "Outer",
                        "Parallel Aware": false,
                        "Join Type": "Inner",
                        "Startup Cost": 131234.66,
                        "Total Cost": 179863.55,
                        "Plan Rows": 1503551,
                        "Plan Width": 8,
                        "Actual Startup Time": 961.061,
                        "Actual Total Time": 1467.161,
                        "Actual Rows": 1584264,
                        "Actual Loops": 2,
                        "Inner Unique": true,
                        "Hash Cond": "(mk.movie_id = t.id)",
                        "Plans": [
                          {
                            "Node Type": "Bitmap Heap Scan",
                            "Parent Relationship": "Outer",
                            "Parallel Aware": false,
                            "Relation Name": "movie_keyword",
                            "Alias": "mk",
                            "Startup Cost": 33903.56,
                            "Total Cost": 78336.8,
                            "Plan Rows": 1598339,
                            "Plan Width": 4,
                            "Actual Startup Time": 98.137,
                            "Actual Total Time": 289.125,
                            "Actual Rows": 1602686,
                            "Actual Loops": 2,
                            "Recheck Cond": "(keyword_id > 9536)",
                            "Rows Removed by Index Recheck": 0,
                            "Exact Heap Blocks": 24292,
                            "Lossy Heap Blocks": 0,
                            "Plans": [
                              {
                                "Node Type": "Bitmap Index Scan",
                                "Parent Relationship": "Outer",
                                "Parallel Aware": false,
                                "Index Name": "keyword_id_movie_keyword",
                                "Startup Cost": 0.0,
                                "Total Cost": 33503.97,
                                "Plan Rows": 1598339,
                                "Plan Width": 0,
                                "Actual Startup Time": 95.162,
                                "Actual Total Time": 95.162,
                                "Actual Rows": 1602686,
                                "Actual Loops": 2,
                                "Index Cond": "(keyword_id > 9536)"
                              }
                            ]
                          },
                          {
                            "Node Type": "Hash",
                            "Parent Relationship": "Inner",
                            "Parallel Aware": false,
                            "Startup Cost": 67601.66,
                            "Total Cost": 67601.66,
                            "Plan Rows": 2378355,
                            "Plan Width": 4,
                            "Actual Startup Time": 847.552,
                            "Actual Total Time": 847.553,
                            "Actual Rows": 2374571,
                            "Actual Loops": 2,
                            "Hash Buckets": 4194304,
                            "Original Hash Buckets": 4194304,
                            "Hash Batches": 1,
                            "Original Hash Batches": 1,
                            "Peak Memory Usage": 116250,
                            "Plans": [
                              {
                                "Node Type": "Seq Scan",
                                "Parent Relationship": "Outer",
                                "Parallel Aware": false,
                                "Relation Name": "title",
                                "Alias": "t",
                                "Startup Cost": 0.0,
                                "Total Cost": 67601.66,
                                "Plan Rows": 2378355,
                                "Plan Width": 4,
                                "Actual Startup Time": 0.033,
                                "Actual Total Time": 325.356,
                                "Actual Rows": 2374571,
                                "Actual Loops": 2,
                                "Filter": "(production_year > 1918)",
                                "Rows Removed by Filter": 153741
                              }
                            ]
                          }
                        ]
                      }
                    ]
                  }
                ]
              }
            ]
          }
        ]
      }
    ]
  },
  "Planning Time": 0.876,
  "Triggers": [],
  "Execution Time": 3736.239
}