[
    {
        "Bao": {
            "Bao prediction": "NaN",
            "Bao recommended hint": "(no hint)"
        }
    },
    {
        "Plan": {
            "Node Type": "Aggregate",
            "Strategy": "Plain",
            "Partial Mode": "Finalize",
            "Parallel Aware": false,
            "Startup Cost": 24594.09,
            "Total Cost": 24594.1,
            "Plan Rows": 1,
            "Plan Width": 8,
            "Actual Startup Time": 47.603,
            "Actual Total Time": 52.279,
            "Actual Rows": 1,
            "Actual Loops": 1,
            "Output": [
                "count(*)"
            ],
            "Plans": [
                {
                    "Node Type": "Gather",
                    "Parent Relationship": "Outer",
                    "Parallel Aware": false,
                    "Startup Cost": 24593.78,
                    "Total Cost": 24594.09,
                    "Plan Rows": 3,
                    "Plan Width": 8,
                    "Actual Startup Time": 47.417,
                    "Actual Total Time": 52.273,
                    "Actual Rows": 4,
                    "Actual Loops": 1,
                    "Output": [
                        "(PARTIAL count(*))"
                    ],
                    "Workers Planned": 3,
                    "Workers Launched": 3,
                    "Single Copy": false,
                    "Plans": [
                        {
                            "Node Type": "Aggregate",
                            "Strategy": "Plain",
                            "Partial Mode": "Partial",
                            "Parent Relationship": "Outer",
                            "Parallel Aware": false,
                            "Startup Cost": 23593.78,
                            "Total Cost": 23593.79,
                            "Plan Rows": 1,
                            "Plan Width": 8,
                            "Actual Startup Time": 38.984,
                            "Actual Total Time": 38.986,
                            "Actual Rows": 1,
                            "Actual Loops": 4,
                            "Output": [
                                "PARTIAL count(*)"
                            ],
                            "Workers": [
                                {
                                    "Worker Number": 0,
                                    "Actual Startup Time": 35.609,
                                    "Actual Total Time": 35.61,
                                    "Actual Rows": 1,
                                    "Actual Loops": 1
                                },
                                {
                                    "Worker Number": 1,
                                    "Actual Startup Time": 36.445,
                                    "Actual Total Time": 36.446,
                                    "Actual Rows": 1,
                                    "Actual Loops": 1
                                },
                                {
                                    "Worker Number": 2,
                                    "Actual Startup Time": 36.727,
                                    "Actual Total Time": 36.728,
                                    "Actual Rows": 1,
                                    "Actual Loops": 1
                                }
                            ],
                            "Plans": [
                                {
                                    "Node Type": "Bitmap Heap Scan",
                                    "Parent Relationship": "Outer",
                                    "Parallel Aware": true,
                                    "Relation Name": "movie_companies",
                                    "Schema": "public",
                                    "Alias": "mc",
                                    "Startup Cost": 3863.11,
                                    "Total Cost": 23520.11,
                                    "Plan Rows": 29468,
                                    "Plan Width": 0,
                                    "Actual Startup Time": 29.781,
                                    "Actual Total Time": 38.342,
                                    "Actual Rows": 9588,
                                    "Actual Loops": 4,
                                    "Recheck Cond": "(mc.company_id < 39)",
                                    "Rows Removed by Index Recheck": 0,
                                    "Filter": "(mc.company_type_id = 2)",
                                    "Rows Removed by Filter": 35710,
                                    "Exact Heap Blocks": 9522,
                                    "Lossy Heap Blocks": 0,
                                    "Workers": [
                                        {
                                            "Worker Number": 0,
                                            "Actual Startup Time": 26.404,
                                            "Actual Total Time": 35.04,
                                            "Actual Rows": 7090,
                                            "Actual Loops": 1
                                        },
                                        {
                                            "Worker Number": 1,
                                            "Actual Startup Time": 27.243,
                                            "Actual Total Time": 35.852,
                                            "Actual Rows": 6509,
                                            "Actual Loops": 1
                                        },
                                        {
                                            "Worker Number": 2,
                                            "Actual Startup Time": 27.532,
                                            "Actual Total Time": 36.117,
                                            "Actual Rows": 6399,
                                            "Actual Loops": 1
                                        }
                                    ],
                                    "Plans": [
                                        {
                                            "Node Type": "Bitmap Index Scan",
                                            "Parent Relationship": "Outer",
                                            "Parallel Aware": false,
                                            "Index Name": "company_id_movie_companies",
                                            "Startup Cost": 0.0,
                                            "Total Cost": 3840.27,
                                            "Plan Rows": 179179,
                                            "Plan Width": 0,
                                            "Actual Startup Time": 10.578,
                                            "Actual Total Time": 10.579,
                                            "Actual Rows": 181192,
                                            "Actual Loops": 1,
                                            "Index Cond": "(mc.company_id < 39)"
                                        }
                                    ]
                                }
                            ]
                        }
                    ]
                }
            ]
        },
        "Planning Time": 183.649,
        "Triggers": [],
        "Execution Time": 52.339
    }
]