[
  {
    "Plan": {
      "Node Type": "Aggregate",
      "Strategy": "Plain",
      "Partial Mode": "Finalize",
      "Parallel Aware": false,
      "Startup Cost": 31497.93,
      "Total Cost": 31497.94,
      "Plan Rows": 1,
      "Plan Width": 8,
      "Actual Startup Time": 105.957,
      "Actual Total Time": 114.123,
      "Actual Rows": 1,
      "Actual Loops": 1,
      "Plans": [
        {
          "Node Type": "Gather",
          "Parent Relationship": "Outer",
          "Parallel Aware": false,
          "Startup Cost": 31497.61,
          "Total Cost": 31497.92,
          "Plan Rows": 3,
          "Plan Width": 8,
          "Actual Startup Time": 105.841,
          "Actual Total Time": 114.116,
          "Actual Rows": 4,
          "Actual Loops": 1,
          "Workers Planned": 3,
          "Workers Launched": 3,
          "Single Copy": false,
          "Plans": [
            {
              "Node Type": "Aggregate",
              "Strategy": "Plain",
              "Partial Mode": "Partial",
              "Parent Relationship": "Outer",
              "Parallel Aware": false,
              "Startup Cost": 30497.61,
              "Total Cost": 30497.62,
              "Plan Rows": 1,
              "Plan Width": 8,
              "Actual Startup Time": 97.381,
              "Actual Total Time": 97.382,
              "Actual Rows": 1,
              "Actual Loops": 4,
              "Plans": [
                {
                  "Node Type": "Seq Scan",
                  "Parent Relationship": "Outer",
                  "Parallel Aware": true,
                  "Relation Name": "movie_companies",
                  "Alias": "mc",
                  "Startup Cost": 0.0,
                  "Total Cost": 29310.68,
                  "Plan Rows": 474771,
                  "Plan Width": 0,
                  "Actual Startup Time": 15.046,
                  "Actual Total Time": 81.942,
                  "Actual Rows": 368434,
                  "Actual Loops": 4,
                  "Filter": "(company_id > 8416)",
                  "Rows Removed by Filter": 283848
                }
              ]
            }
          ]
        }
      ]
    },
    "Planning Time": 0.165,
    "Triggers": [],
    "Execution Time": 114.173
  }
]