[
  {
    "Plan": {
      "Node Type": "Aggregate",
      "Strategy": "Plain",
      "Partial Mode": "Finalize",
      "Parallel Aware": false,
      "Startup Cost": 338955.62,
      "Total Cost": 338955.63,
      "Plan Rows": 1,
      "Plan Width": 8,
      "Actual Startup Time": 867.289,
      "Actual Total Time": 929.947,
      "Actual Rows": 1,
      "Actual Loops": 1,
      "Plans": [
        {
          "Node Type": "Gather",
          "Parent Relationship": "Outer",
          "Parallel Aware": false,
          "Startup Cost": 338954.99,
          "Total Cost": 338955.6,
          "Plan Rows": 6,
          "Plan Width": 8,
          "Actual Startup Time": 867.072,
          "Actual Total Time": 929.932,
          "Actual Rows": 7,
          "Actual Loops": 1,
          "Workers Planned": 6,
          "Workers Launched": 6,
          "Single Copy": false,
          "Plans": [
            {
              "Node Type": "Aggregate",
              "Strategy": "Plain",
              "Partial Mode": "Partial",
              "Parent Relationship": "Outer",
              "Parallel Aware": false,
              "Startup Cost": 337954.99,
              "Total Cost": 337955.0,
              "Plan Rows": 1,
              "Plan Width": 8,
              "Actual Startup Time": 859.249,
              "Actual Total Time": 859.25,
              "Actual Rows": 1,
              "Actual Loops": 7,
              "Plans": [
                {
                  "Node Type": "Seq Scan",
                  "Parent Relationship": "Outer",
                  "Parallel Aware": true,
                  "Relation Name": "cast_info",
                  "Alias": "ci",
                  "Startup Cost": 0.0,
                  "Total Cost": 328211.39,
                  "Plan Rows": 3897441,
                  "Plan Width": 0,
                  "Actual Startup Time": 152.071,
                  "Actual Total Time": 680.042,
                  "Actual Rows": 3326888,
                  "Actual Loops": 7,
                  "Filter": "(person_id > 1280064)",
                  "Rows Removed by Filter": 1850875
                }
              ]
            }
          ]
        }
      ]
    },
    "Planning Time": 0.201,
    "Triggers": [],
    "Execution Time": 930.016
  }
]