[
    {
        "Bao": {
            "Bao prediction": 500.269,
            "Bao recommended hint": "(no hint)"
        }
    },
    {
        "Plan": {
            "Node Type": "Aggregate",
            "Strategy": "Plain",
            "Partial Mode": "Finalize",
            "Parallel Aware": false,
            "Startup Cost": 46366.35,
            "Total Cost": 46366.36,
            "Plan Rows": 1,
            "Plan Width": 8,
            "Actual Startup Time": 227.318,
            "Actual Total Time": 234.401,
            "Actual Rows": 1,
            "Actual Loops": 1,
            "Output": [
                "count(*)"
            ],
            "Plans": [
                {
                    "Node Type": "Gather",
                    "Parent Relationship": "Outer",
                    "Parallel Aware": false,
                    "Startup Cost": 46366.03,
                    "Total Cost": 46366.34,
                    "Plan Rows": 3,
                    "Plan Width": 8,
                    "Actual Startup Time": 227.239,
                    "Actual Total Time": 234.392,
                    "Actual Rows": 4,
                    "Actual Loops": 1,
                    "Output": [
                        "(PARTIAL count(*))"
                    ],
                    "Workers Planned": 3,
                    "Workers Launched": 3,
                    "Single Copy": false,
                    "Plans": [
                        {
                            "Node Type": "Aggregate",
                            "Strategy": "Plain",
                            "Partial Mode": "Partial",
                            "Parent Relationship": "Outer",
                            "Parallel Aware": false,
                            "Startup Cost": 45366.03,
                            "Total Cost": 45366.04,
                            "Plan Rows": 1,
                            "Plan Width": 8,
                            "Actual Startup Time": 219.622,
                            "Actual Total Time": 219.623,
                            "Actual Rows": 1,
                            "Actual Loops": 4,
                            "Output": [
                                "PARTIAL count(*)"
                            ],
                            "Workers": [
                                {
                                    "Worker Number": 0,
                                    "Actual Startup Time": 217.225,
                                    "Actual Total Time": 217.226,
                                    "Actual Rows": 1,
                                    "Actual Loops": 1
                                },
                                {
                                    "Worker Number": 1,
                                    "Actual Startup Time": 217.252,
                                    "Actual Total Time": 217.253,
                                    "Actual Rows": 1,
                                    "Actual Loops": 1
                                },
                                {
                                    "Worker Number": 2,
                                    "Actual Startup Time": 217.344,
                                    "Actual Total Time": 217.345,
                                    "Actual Rows": 1,
                                    "Actual Loops": 1
                                }
                            ],
                            "Plans": [
                                {
                                    "Node Type": "Seq Scan",
                                    "Parent Relationship": "Outer",
                                    "Parallel Aware": true,
                                    "Relation Name": "movie_keyword",
                                    "Schema": "public",
                                    "Alias": "mk",
                                    "Startup Cost": 0.0,
                                    "Total Cost": 42695.65,
                                    "Plan Rows": 1068150,
                                    "Plan Width": 0,
                                    "Actual Startup Time": 0.05,
                                    "Actual Total Time": 160.156,
                                    "Actual Rows": 834032,
                                    "Actual Loops": 4,
                                    "Output": [
                                        "id",
                                        "movie_id",
                                        "keyword_id"
                                    ],
                                    "Filter": "(mk.keyword_id < 15609)",
                                    "Rows Removed by Filter": 296950,
                                    "Workers": [
                                        {
                                            "Worker Number": 0,
                                            "Actual Startup Time": 0.056,
                                            "Actual Total Time": 160.123,
                                            "Actual Rows": 804544,
                                            "Actual Loops": 1
                                        },
                                        {
                                            "Worker Number": 1,
                                            "Actual Startup Time": 0.049,
                                            "Actual Total Time": 160.131,
                                            "Actual Rows": 805266,
                                            "Actual Loops": 1
                                        },
                                        {
                                            "Worker Number": 2,
                                            "Actual Startup Time": 0.057,
                                            "Actual Total Time": 160.288,
                                            "Actual Rows": 795811,
                                            "Actual Loops": 1
                                        }
                                    ]
                                }
                            ]
                        }
                    ]
                }
            ]
        },
        "Planning Time": 3411.821,
        "Triggers": [],
        "Execution Time": 234.538
    }
]