{
  "Plan": {
    "Node Type": "Aggregate",
    "Strategy": "Plain",
    "Partial Mode": "Finalize",
    "Parallel Aware": false,
    "Startup Cost": 339555.93,
    "Total Cost": 339555.94,
    "Plan Rows": 1,
    "Plan Width": 8,
    "Actual Startup Time": 1273.28,
    "Actual Total Time": 1306.177,
    "Actual Rows": 1,
    "Actual Loops": 1,
    "Plans": [
      {
        "Node Type": "Gather",
        "Parent Relationship": "Outer",
        "Parallel Aware": false,
        "Startup Cost": 339555.81,
        "Total Cost": 339555.92,
        "Plan Rows": 1,
        "Plan Width": 8,
        "Actual Startup Time": 1267.751,
        "Actual Total Time": 1306.166,
        "Actual Rows": 2,
        "Actual Loops": 1,
        "Workers Planned": 1,
        "Workers Launched": 1,
        "Single Copy": false,
        "Plans": [
          {
            "Node Type": "Aggregate",
            "Strategy": "Plain",
            "Partial Mode": "Partial",
            "Parent Relationship": "Outer",
            "Parallel Aware": false,
            "Startup Cost": 338555.81,
            "Total Cost": 338555.82,
            "Plan Rows": 1,
            "Plan Width": 8,
            "Actual Startup Time": 1252.658,
            "Actual Total Time": 1252.664,
            "Actual Rows": 1,
            "Actual Loops": 2,
            "Plans": [
              {
                "Node Type": "Hash Join",
                "Parent Relationship": "Outer",
                "Parallel Aware": true,
                "Join Type": "Inner",
                "Startup Cost": 96782.59,
                "Total Cost": 338459.68,
                "Plan Rows": 38454,
                "Plan Width": 0,
                "Actual Startup Time": 1196.947,
                "Actual Total Time": 1252.212,
                "Actual Rows": 7883,
                "Actual Loops": 2,
                "Inner Unique": false,
                "Hash Cond": "(ci.movie_id = t.id)",
                "Plans": [
                  {
                    "Node Type": "Index Scan",
                    "Parent Relationship": "Outer",
                    "Parallel Aware": true,
                    "Scan Direction": "Forward",
                    "Index Name": "role_id_cast_info",
                    "Relation Name": "cast_info",
                    "Alias": "ci",
                    "Startup Cost": 0.56,
                    "Total Cost": 236682.84,
                    "Plan Rows": 1271630,
                    "Plan Width": 4,
                    "Actual Startup Time": 509.74,
                    "Actual Total Time": 540.525,
                    "Actual Rows": 161243,
                    "Actual Loops": 2,
                    "Index Cond": "(role_id = 2)",
                    "Rows Removed by Index Recheck": 0,
                    "Filter": "(person_id > 2657013)",
                    "Rows Removed by Filter": 3564744
                  },
                  {
                    "Node Type": "Hash",
                    "Parent Relationship": "Inner",
                    "Parallel Aware": true,
                    "Startup Cost": 96219.87,
                    "Total Cost": 96219.87,
                    "Plan Rows": 44973,
                    "Plan Width": 8,
                    "Actual Startup Time": 684.275,
                    "Actual Total Time": 684.28,
                    "Actual Rows": 36248,
                    "Actual Loops": 2,
                    "Hash Buckets": 131072,
                    "Original Hash Buckets": 131072,
                    "Hash Batches": 1,
                    "Original Hash Batches": 1,
                    "Peak Memory Usage": 3904,
                    "Plans": [
                      {
                        "Node Type": "Hash Join",
                        "Parent Relationship": "Outer",
                        "Parallel Aware": true,
                        "Join Type": "Inner",
                        "Startup Cost": 71085.65,
                        "Total Cost": 96219.87,
                        "Plan Rows": 44973,
                        "Plan Width": 8,
                        "Actual Startup Time": 623.668,
                        "Actual Total Time": 674.596,
                        "Actual Rows": 36248,
                        "Actual Loops": 2,
                        "Inner Unique": true,
                        "Hash Cond": "(mk.movie_id = t.id)",
                        "Plans": [
                          {
                            "Node Type": "Bitmap Heap Scan",
                            "Parent Relationship": "Outer",
                            "Parallel Aware": true,
                            "Relation Name": "movie_keyword",
                            "Alias": "mk",
                            "Startup Cost": 1624.95,
                            "Total Cost": 26641.11,
                            "Plan Rows": 44973,
                            "Plan Width": 4,
                            "Actual Startup Time": 10.482,
                            "Actual Total Time": 38.5,
                            "Actual Rows": 36248,
                            "Actual Loops": 2,
                            "Recheck Cond": "(keyword_id = 335)",
                            "Rows Removed by Index Recheck": 0,
                            "Exact Heap Blocks": 8338,
                            "Lossy Heap Blocks": 0,
                            "Plans": [
                              {
                                "Node Type": "Bitmap Index Scan",
                                "Parent Relationship": "Outer",
                                "Parallel Aware": false,
                                "Index Name": "keyword_id_movie_keyword",
                                "Startup Cost": 0.0,
                                "Total Cost": 1605.84,
                                "Plan Rows": 76454,
                                "Plan Width": 0,
                                "Actual Startup Time": 6.778,
                                "Actual Total Time": 6.779,
                                "Actual Rows": 72496,
                                "Actual Loops": 1,
                                "Index Cond": "(keyword_id = 335)"
                              }
                            ]
                          },
                          {
                            "Node Type": "Hash",
                            "Parent Relationship": "Inner",
                            "Parallel Aware": true,
                            "Startup Cost": 50870.31,
                            "Total Cost": 50870.31,
                            "Plan Rows": 1487231,
                            "Plan Width": 4,
                            "Actual Startup Time": 592.289,
                            "Actual Total Time": 592.29,
                            "Actual Rows": 1264156,
                            "Actual Loops": 2,
                            "Hash Buckets": 4194304,
                            "Original Hash Buckets": 4194304,
                            "Hash Batches": 1,
                            "Original Hash Batches": 1,
                            "Peak Memory Usage": 131712,
                            "Plans": [
                              {
                                "Node Type": "Seq Scan",
                                "Parent Relationship": "Outer",
                                "Parallel Aware": true,
                                "Relation Name": "title",
                                "Alias": "t",
                                "Startup Cost": 0.0,
                                "Total Cost": 50870.31,
                                "Plan Rows": 1487231,
                                "Plan Width": 4,
                                "Actual Startup Time": 0.029,
                                "Actual Total Time": 177.359,
                                "Actual Rows": 1264156,
                                "Actual Loops": 2
                              }
                            ]
                          }
                        ]
                      }
                    ]
                  }
                ]
              }
            ]
          }
        ]
      }
    ]
  },
  "Planning Time": 1.195,
  "Triggers": [],
  "Execution Time": 1306.298
}