[
  {
    "Plan": {
      "Node Type": "Aggregate",
      "Strategy": "Plain",
      "Partial Mode": "Finalize",
      "Parallel Aware": false,
      "Startup Cost": 257302.05,
      "Total Cost": 257302.06,
      "Plan Rows": 1,
      "Plan Width": 8,
      "Actual Startup Time": 319.169,
      "Actual Total Time": 342.797,
      "Actual Rows": 1,
      "Actual Loops": 1,
      "Plans": [
        {
          "Node Type": "Gather",
          "Parent Relationship": "Outer",
          "Parallel Aware": false,
          "Startup Cost": 257301.43,
          "Total Cost": 257302.04,
          "Plan Rows": 6,
          "Plan Width": 8,
          "Actual Startup Time": 319.031,
          "Actual Total Time": 342.779,
          "Actual Rows": 7,
          "Actual Loops": 1,
          "Workers Planned": 6,
          "Workers Launched": 6,
          "Single Copy": false,
          "Plans": [
            {
              "Node Type": "Aggregate",
              "Strategy": "Plain",
              "Partial Mode": "Partial",
              "Parent Relationship": "Outer",
              "Parallel Aware": false,
              "Startup Cost": 256301.43,
              "Total Cost": 256301.44,
              "Plan Rows": 1,
              "Plan Width": 8,
              "Actual Startup Time": 312.887,
              "Actual Total Time": 312.888,
              "Actual Rows": 1,
              "Actual Loops": 7,
              "Plans": [
                {
                  "Node Type": "Index Scan",
                  "Parent Relationship": "Outer",
                  "Parallel Aware": true,
                  "Scan Direction": "Forward",
                  "Index Name": "role_id_cast_info",
                  "Relation Name": "cast_info",
                  "Alias": "ci",
                  "Startup Cost": 0.56,
                  "Total Cost": 253362.23,
                  "Plan Rows": 1175680,
                  "Plan Width": 0,
                  "Actual Startup Time": 0.126,
                  "Actual Total Time": 290.304,
                  "Actual Rows": 466291,
                  "Actual Loops": 7,
                  "Index Cond": "(role_id > 4)",
                  "Rows Removed by Index Recheck": 0,
                  "Filter": "(person_id < 2794352)",
                  "Rows Removed by Filter": 874381
                }
              ]
            }
          ]
        }
      ]
    },
    "Planning Time": 0.096,
    "Triggers": [],
    "Execution Time": 342.832
  }
]