[
    {
        "Bao": {
            "Bao prediction": 587.065,
            "Bao recommended hint": "SET enable_nestloop TO off; "
        }
    },
    {
        "Plan": {
            "Node Type": "Aggregate",
            "Strategy": "Plain",
            "Partial Mode": "Finalize",
            "Parallel Aware": false,
            "Startup Cost": 76759.53,
            "Total Cost": 76759.54,
            "Plan Rows": 1,
            "Plan Width": 8,
            "Actual Startup Time": 164.13,
            "Actual Total Time": 173.614,
            "Actual Rows": 1,
            "Actual Loops": 1,
            "Output": [
                "count(*)"
            ],
            "Plans": [
                {
                    "Node Type": "Gather",
                    "Parent Relationship": "Outer",
                    "Parallel Aware": false,
                    "Startup Cost": 76759.11,
                    "Total Cost": 76759.52,
                    "Plan Rows": 4,
                    "Plan Width": 8,
                    "Actual Startup Time": 163.864,
                    "Actual Total Time": 173.606,
                    "Actual Rows": 5,
                    "Actual Loops": 1,
                    "Output": [
                        "(PARTIAL count(*))"
                    ],
                    "Workers Planned": 4,
                    "Workers Launched": 4,
                    "Single Copy": false,
                    "Plans": [
                        {
                            "Node Type": "Aggregate",
                            "Strategy": "Plain",
                            "Partial Mode": "Partial",
                            "Parent Relationship": "Outer",
                            "Parallel Aware": false,
                            "Startup Cost": 75759.11,
                            "Total Cost": 75759.12,
                            "Plan Rows": 1,
                            "Plan Width": 8,
                            "Actual Startup Time": 154.837,
                            "Actual Total Time": 154.839,
                            "Actual Rows": 1,
                            "Actual Loops": 5,
                            "Output": [
                                "PARTIAL count(*)"
                            ],
                            "Workers": [
                                {
                                    "Worker Number": 0,
                                    "Actual Startup Time": 152.497,
                                    "Actual Total Time": 152.499,
                                    "Actual Rows": 1,
                                    "Actual Loops": 1
                                },
                                {
                                    "Worker Number": 1,
                                    "Actual Startup Time": 152.907,
                                    "Actual Total Time": 152.909,
                                    "Actual Rows": 1,
                                    "Actual Loops": 1
                                },
                                {
                                    "Worker Number": 2,
                                    "Actual Startup Time": 152.613,
                                    "Actual Total Time": 152.616,
                                    "Actual Rows": 1,
                                    "Actual Loops": 1
                                },
                                {
                                    "Worker Number": 3,
                                    "Actual Startup Time": 153.054,
                                    "Actual Total Time": 153.056,
                                    "Actual Rows": 1,
                                    "Actual Loops": 1
                                }
                            ],
                            "Plans": [
                                {
                                    "Node Type": "Hash Join",
                                    "Parent Relationship": "Outer",
                                    "Parallel Aware": false,
                                    "Join Type": "Inner",
                                    "Startup Cost": 1044.63,
                                    "Total Cost": 75758.79,
                                    "Plan Rows": 126,
                                    "Plan Width": 0,
                                    "Actual Startup Time": 14.688,
                                    "Actual Total Time": 154.732,
                                    "Actual Rows": 917,
                                    "Actual Loops": 5,
                                    "Inner Unique": false,
                                    "Hash Cond": "(t.id = ci.movie_id)",
                                    "Workers": [
                                        {
                                            "Worker Number": 0,
                                            "Actual Startup Time": 18.698,
                                            "Actual Total Time": 152.389,
                                            "Actual Rows": 881,
                                            "Actual Loops": 1
                                        },
                                        {
                                            "Worker Number": 1,
                                            "Actual Startup Time": 6.389,
                                            "Actual Total Time": 152.796,
                                            "Actual Rows": 933,
                                            "Actual Loops": 1
                                        },
                                        {
                                            "Worker Number": 2,
                                            "Actual Startup Time": 22.025,
                                            "Actual Total Time": 152.511,
                                            "Actual Rows": 639,
                                            "Actual Loops": 1
                                        },
                                        {
                                            "Worker Number": 3,
                                            "Actual Startup Time": 17.021,
                                            "Actual Total Time": 152.947,
                                            "Actual Rows": 889,
                                            "Actual Loops": 1
                                        }
                                    ],
                                    "Plans": [
                                        {
                                            "Node Type": "Seq Scan",
                                            "Parent Relationship": "Outer",
                                            "Parallel Aware": true,
                                            "Relation Name": "title",
                                            "Schema": "public",
                                            "Alias": "t",
                                            "Startup Cost": 0.0,
                                            "Total Cost": 42318.81,
                                            "Plan Rows": 632080,
                                            "Plan Width": 4,
                                            "Actual Startup Time": 0.033,
                                            "Actual Total Time": 86.532,
                                            "Actual Rows": 505662,
                                            "Actual Loops": 5,
                                            "Output": [
                                                "t.id",
                                                "t.title",
                                                "t.imdb_index",
                                                "t.kind_id",
                                                "t.production_year",
                                                "t.imdb_id",
                                                "t.phonetic_code",
                                                "t.episode_of_id",
                                                "t.season_nr",
                                                "t.episode_nr",
                                                "t.series_years",
                                                "t.md5sum"
                                            ],
                                            "Workers": [
                                                {
                                                    "Worker Number": 0,
                                                    "Actual Startup Time": 0.032,
                                                    "Actual Total Time": 87.952,
                                                    "Actual Rows": 462436,
                                                    "Actual Loops": 1
                                                },
                                                {
                                                    "Worker Number": 1,
                                                    "Actual Startup Time": 0.045,
                                                    "Actual Total Time": 88.512,
                                                    "Actual Rows": 467629,
                                                    "Actual Loops": 1
                                                },
                                                {
                                                    "Worker Number": 2,
                                                    "Actual Startup Time": 0.039,
                                                    "Actual Total Time": 88.047,
                                                    "Actual Rows": 455387,
                                                    "Actual Loops": 1
                                                },
                                                {
                                                    "Worker Number": 3,
                                                    "Actual Startup Time": 0.032,
                                                    "Actual Total Time": 88.467,
                                                    "Actual Rows": 468286,
                                                    "Actual Loops": 1
                                                }
                                            ]
                                        },
                                        {
                                            "Node Type": "Hash",
                                            "Parent Relationship": "Inner",
                                            "Parallel Aware": false,
                                            "Startup Cost": 1038.33,
                                            "Total Cost": 1038.33,
                                            "Plan Rows": 504,
                                            "Plan Width": 4,
                                            "Actual Startup Time": 5.537,
                                            "Actual Total Time": 5.538,
                                            "Actual Rows": 4584,
                                            "Actual Loops": 5,
                                            "Output": [
                                                "ci.movie_id"
                                            ],
                                            "Hash Buckets": 8192,
                                            "Original Hash Buckets": 1024,
                                            "Hash Batches": 1,
                                            "Original Hash Batches": 1,
                                            "Peak Memory Usage": 226,
                                            "Workers": [
                                                {
                                                    "Worker Number": 0,
                                                    "Actual Startup Time": 5.817,
                                                    "Actual Total Time": 5.817,
                                                    "Actual Rows": 4584,
                                                    "Actual Loops": 1
                                                },
                                                {
                                                    "Worker Number": 1,
                                                    "Actual Startup Time": 5.268,
                                                    "Actual Total Time": 5.269,
                                                    "Actual Rows": 4584,
                                                    "Actual Loops": 1
                                                },
                                                {
                                                    "Worker Number": 2,
                                                    "Actual Startup Time": 6.379,
                                                    "Actual Total Time": 6.38,
                                                    "Actual Rows": 4584,
                                                    "Actual Loops": 1
                                                },
                                                {
                                                    "Worker Number": 3,
                                                    "Actual Startup Time": 5.492,
                                                    "Actual Total Time": 5.493,
                                                    "Actual Rows": 4584,
                                                    "Actual Loops": 1
                                                }
                                            ],
                                            "Plans": [
                                                {
                                                    "Node Type": "Index Scan",
                                                    "Parent Relationship": "Outer",
                                                    "Parallel Aware": false,
                                                    "Scan Direction": "Forward",
                                                    "Index Name": "person_id_cast_info",
                                                    "Relation Name": "cast_info",
                                                    "Schema": "public",
                                                    "Alias": "ci",
                                                    "Startup Cost": 0.56,
                                                    "Total Cost": 1038.33,
                                                    "Plan Rows": 504,
                                                    "Plan Width": 4,
                                                    "Actual Startup Time": 0.241,
                                                    "Actual Total Time": 3.498,
                                                    "Actual Rows": 4584,
                                                    "Actual Loops": 5,
                                                    "Output": [
                                                        "ci.movie_id"
                                                    ],
                                                    "Index Cond": "(ci.person_id = 1673250)",
                                                    "Rows Removed by Index Recheck": 0,
                                                    "Workers": [
                                                        {
                                                            "Worker Number": 0,
                                                            "Actual Startup Time": 0.283,
                                                            "Actual Total Time": 3.734,
                                                            "Actual Rows": 4584,
                                                            "Actual Loops": 1
                                                        },
                                                        {
                                                            "Worker Number": 1,
                                                            "Actual Startup Time": 0.277,
                                                            "Actual Total Time": 3.39,
                                                            "Actual Rows": 4584,
                                                            "Actual Loops": 1
                                                        },
                                                        {
                                                            "Worker Number": 2,
                                                            "Actual Startup Time": 0.297,
                                                            "Actual Total Time": 4.04,
                                                            "Actual Rows": 4584,
                                                            "Actual Loops": 1
                                                        },
                                                        {
                                                            "Worker Number": 3,
                                                            "Actual Startup Time": 0.295,
                                                            "Actual Total Time": 3.516,
                                                            "Actual Rows": 4584,
                                                            "Actual Loops": 1
                                                        }
                                                    ]
                                                }
                                            ]
                                        }
                                    ]
                                }
                            ]
                        }
                    ]
                }
            ]
        },
        "Planning Time": 862.968,
        "Triggers": [],
        "Execution Time": 173.717
    }
]