[
  {
    "Plan": {
      "Node Type": "Aggregate",
      "Strategy": "Plain",
      "Partial Mode": "Finalize",
      "Parallel Aware": false,
      "Startup Cost": 45667.52,
      "Total Cost": 45667.53,
      "Plan Rows": 1,
      "Plan Width": 8,
      "Actual Startup Time": 162.187,
      "Actual Total Time": 171.631,
      "Actual Rows": 1,
      "Actual Loops": 1,
      "Plans": [
        {
          "Node Type": "Gather",
          "Parent Relationship": "Outer",
          "Parallel Aware": false,
          "Startup Cost": 45667.2,
          "Total Cost": 45667.51,
          "Plan Rows": 3,
          "Plan Width": 8,
          "Actual Startup Time": 162.065,
          "Actual Total Time": 171.621,
          "Actual Rows": 4,
          "Actual Loops": 1,
          "Workers Planned": 3,
          "Workers Launched": 3,
          "Single Copy": false,
          "Plans": [
            {
              "Node Type": "Aggregate",
              "Strategy": "Plain",
              "Partial Mode": "Partial",
              "Parent Relationship": "Outer",
              "Parallel Aware": false,
              "Startup Cost": 44667.2,
              "Total Cost": 44667.21,
              "Plan Rows": 1,
              "Plan Width": 8,
              "Actual Startup Time": 154.2,
              "Actual Total Time": 154.201,
              "Actual Rows": 1,
              "Actual Loops": 4,
              "Plans": [
                {
                  "Node Type": "Seq Scan",
                  "Parent Relationship": "Outer",
                  "Parallel Aware": true,
                  "Relation Name": "movie_keyword",
                  "Alias": "mk",
                  "Startup Cost": 0.0,
                  "Total Cost": 42695.65,
                  "Plan Rows": 788619,
                  "Plan Width": 0,
                  "Actual Startup Time": 0.06,
                  "Actual Total Time": 124.424,
                  "Actual Rows": 612132,
                  "Actual Loops": 4,
                  "Filter": "(keyword_id < 5834)",
                  "Rows Removed by Filter": 518850
                }
              ]
            }
          ]
        }
      ]
    },
    "Planning Time": 0.191,
    "Triggers": [],
    "Execution Time": 171.719
  }
]