[
  {
    "Plan": {
      "Node Type": "Aggregate",
      "Strategy": "Plain",
      "Partial Mode": "Finalize",
      "Parallel Aware": false,
      "Startup Cost": 269741.36,
      "Total Cost": 269741.37,
      "Plan Rows": 1,
      "Plan Width": 8,
      "Actual Startup Time": 633.278,
      "Actual Total Time": 656.378,
      "Actual Rows": 1,
      "Actual Loops": 1,
      "Plans": [
        {
          "Node Type": "Gather",
          "Parent Relationship": "Outer",
          "Parallel Aware": false,
          "Startup Cost": 269740.74,
          "Total Cost": 269741.35,
          "Plan Rows": 6,
          "Plan Width": 8,
          "Actual Startup Time": 626.804,
          "Actual Total Time": 656.366,
          "Actual Rows": 7,
          "Actual Loops": 1,
          "Workers Planned": 6,
          "Workers Launched": 6,
          "Single Copy": false,
          "Plans": [
            {
              "Node Type": "Aggregate",
              "Strategy": "Plain",
              "Partial Mode": "Partial",
              "Parent Relationship": "Outer",
              "Parallel Aware": false,
              "Startup Cost": 268740.74,
              "Total Cost": 268740.75,
              "Plan Rows": 1,
              "Plan Width": 8,
              "Actual Startup Time": 615.257,
              "Actual Total Time": 615.338,
              "Actual Rows": 1,
              "Actual Loops": 7,
              "Plans": [
                {
                  "Node Type": "Hash Join",
                  "Parent Relationship": "Outer",
                  "Parallel Aware": true,
                  "Join Type": "Inner",
                  "Startup Cost": 65521.32,
                  "Total Cost": 268264.65,
                  "Plan Rows": 190435,
                  "Plan Width": 0,
                  "Actual Startup Time": 219.759,
                  "Actual Total Time": 607.288,
                  "Actual Rows": 169768,
                  "Actual Loops": 7,
                  "Inner Unique": false,
                  "Hash Cond": "(ci.movie_id = t.id)",
                  "Plans": [
                    {
                      "Node Type": "Index Scan",
                      "Parent Relationship": "Outer",
                      "Parallel Aware": true,
                      "Scan Direction": "Forward",
                      "Index Name": "role_id_cast_info",
                      "Relation Name": "cast_info",
                      "Alias": "ci",
                      "Startup Cost": 0.56,
                      "Total Cost": 197877.72,
                      "Plan Rows": 1086050,
                      "Plan Width": 4,
                      "Actual Startup Time": 0.296,
                      "Actual Total Time": 225.577,
                      "Actual Rows": 1064568,
                      "Actual Loops": 7,
                      "Index Cond": "(role_id = 2)",
                      "Rows Removed by Index Recheck": 0,
                      "Filter": "(person_id < 3333431)",
                      "Rows Removed by Filter": 0
                    },
                    {
                      "Node Type": "Hash",
                      "Parent Relationship": "Inner",
                      "Parallel Aware": true,
                      "Startup Cost": 63211.77,
                      "Total Cost": 63211.77,
                      "Plan Rows": 184719,
                      "Plan Width": 8,
                      "Actual Startup Time": 216.879,
                      "Actual Total Time": 216.958,
                      "Actual Rows": 35960,
                      "Actual Loops": 7,
                      "Hash Buckets": 524288,
                      "Original Hash Buckets": 524288,
                      "Hash Batches": 1,
                      "Original Hash Batches": 1,
                      "Peak Memory Usage": 14048,
                      "Plans": [
                        {
                          "Node Type": "Hash Join",
                          "Parent Relationship": "Outer",
                          "Parallel Aware": true,
                          "Join Type": "Inner",
                          "Startup Cost": 48017.21,
                          "Total Cost": 63211.77,
                          "Plan Rows": 184719,
                          "Plan Width": 8,
                          "Actual Startup Time": 146.107,
                          "Actual Total Time": 204.611,
                          "Actual Rows": 35960,
                          "Actual Loops": 7,
                          "Inner Unique": true,
                          "Hash Cond": "(mi_idx.movie_id = t.id)",
                          "Plans": [
                            {
                              "Node Type": "Seq Scan",
                              "Parent Relationship": "Outer",
                              "Parallel Aware": true,
                              "Relation Name": "movie_info_idx",
                              "Alias": "mi_idx",
                              "Startup Cost": 0.0,
                              "Total Cost": 13685.15,
                              "Plan Rows": 575015,
                              "Plan Width": 4,
                              "Actual Startup Time": 0.033,
                              "Actual Total Time": 20.238,
                              "Actual Rows": 197148,
                              "Actual Loops": 7
                            },
                            {
                              "Node Type": "Hash",
                              "Parent Relationship": "Inner",
                              "Parallel Aware": true,
                              "Startup Cost": 45479.1,
                              "Total Cost": 45479.1,
                              "Plan Rows": 203049,
                              "Plan Width": 4,
                              "Actual Startup Time": 144.031,
                              "Actual Total Time": 144.033,
                              "Actual Rows": 105537,
                              "Actual Loops": 7,
                              "Hash Buckets": 1048576,
                              "Original Hash Buckets": 1048576,
                              "Hash Batches": 1,
                              "Original Hash Batches": 1,
                              "Peak Memory Usage": 37248,
                              "Plans": [
                                {
                                  "Node Type": "Seq Scan",
                                  "Parent Relationship": "Outer",
                                  "Parallel Aware": true,
                                  "Relation Name": "title",
                                  "Alias": "t",
                                  "Startup Cost": 0.0,
                                  "Total Cost": 45479.1,
                                  "Plan Rows": 203049,
                                  "Plan Width": 4,
                                  "Actual Startup Time": 0.051,
                                  "Actual Total Time": 83.171,
                                  "Actual Rows": 105537,
                                  "Actual Loops": 7,
                                  "Filter": "((production_year < 2005) AND (kind_id = 7))",
                                  "Rows Removed by Filter": 255650
                                }
                              ]
                            }
                          ]
                        }
                      ]
                    }
                  ]
                }
              ]
            }
          ]
        }
      ]
    },
    "Planning Time": 1.111,
    "Triggers": [],
    "Execution Time": 656.471
  }
]