[
  {
    "Plan": {
      "Node Type": "Aggregate",
      "Strategy": "Plain",
      "Partial Mode": "Finalize",
      "Parallel Aware": false,
      "Startup Cost": 17339.36,
      "Total Cost": 17339.37,
      "Plan Rows": 1,
      "Plan Width": 8,
      "Actual Startup Time": 26.252,
      "Actual Total Time": 29.288,
      "Actual Rows": 1,
      "Actual Loops": 1,
      "Plans": [
        {
          "Node Type": "Gather",
          "Parent Relationship": "Outer",
          "Parallel Aware": false,
          "Startup Cost": 17339.14,
          "Total Cost": 17339.35,
          "Plan Rows": 2,
          "Plan Width": 8,
          "Actual Startup Time": 26.031,
          "Actual Total Time": 29.28,
          "Actual Rows": 3,
          "Actual Loops": 1,
          "Workers Planned": 2,
          "Workers Launched": 2,
          "Single Copy": false,
          "Plans": [
            {
              "Node Type": "Aggregate",
              "Strategy": "Plain",
              "Partial Mode": "Partial",
              "Parent Relationship": "Outer",
              "Parallel Aware": false,
              "Startup Cost": 16339.14,
              "Total Cost": 16339.15,
              "Plan Rows": 1,
              "Plan Width": 8,
              "Actual Startup Time": 17.981,
              "Actual Total Time": 17.983,
              "Actual Rows": 1,
              "Actual Loops": 3,
              "Plans": [
                {
                  "Node Type": "Nested Loop",
                  "Parent Relationship": "Outer",
                  "Parallel Aware": false,
                  "Join Type": "Inner",
                  "Startup Cost": 87.36,
                  "Total Cost": 16338.34,
                  "Plan Rows": 322,
                  "Plan Width": 0,
                  "Actual Startup Time": 2.042,
                  "Actual Total Time": 17.808,
                  "Actual Rows": 722,
                  "Actual Loops": 3,
                  "Inner Unique": true,
                  "Plans": [
                    {
                      "Node Type": "Bitmap Heap Scan",
                      "Parent Relationship": "Outer",
                      "Parallel Aware": true,
                      "Relation Name": "movie_companies",
                      "Alias": "mc",
                      "Startup Cost": 86.93,
                      "Total Cost": 9819.13,
                      "Plan Rows": 820,
                      "Plan Width": 4,
                      "Actual Startup Time": 1.893,
                      "Actual Total Time": 8.286,
                      "Actual Rows": 722,
                      "Actual Loops": 3,
                      "Recheck Cond": "(company_id = 474)",
                      "Rows Removed by Index Recheck": 0,
                      "Filter": "(company_type_id < 2)",
                      "Rows Removed by Filter": 585,
                      "Exact Heap Blocks": 2395,
                      "Lossy Heap Blocks": 0,
                      "Plans": [
                        {
                          "Node Type": "Bitmap Index Scan",
                          "Parent Relationship": "Outer",
                          "Parallel Aware": false,
                          "Index Name": "company_id_movie_companies",
                          "Startup Cost": 0.0,
                          "Total Cost": 86.44,
                          "Plan Rows": 4001,
                          "Plan Width": 0,
                          "Actual Startup Time": 3.87,
                          "Actual Total Time": 3.871,
                          "Actual Rows": 3921,
                          "Actual Loops": 1,
                          "Index Cond": "(company_id = 474)"
                        }
                      ]
                    },
                    {
                      "Node Type": "Index Scan",
                      "Parent Relationship": "Inner",
                      "Parallel Aware": false,
                      "Scan Direction": "Forward",
                      "Index Name": "title_pkey",
                      "Relation Name": "title",
                      "Alias": "t",
                      "Startup Cost": 0.43,
                      "Total Cost": 7.95,
                      "Plan Rows": 1,
                      "Plan Width": 4,
                      "Actual Startup Time": 0.012,
                      "Actual Total Time": 0.012,
                      "Actual Rows": 1,
                      "Actual Loops": 2166,
                      "Index Cond": "(id = mc.movie_id)",
                      "Rows Removed by Index Recheck": 0,
                      "Filter": "(kind_id < 7)",
                      "Rows Removed by Filter": 0
                    }
                  ]
                }
              ]
            }
          ]
        }
      ]
    },
    "Planning Time": 0.627,
    "Triggers": [],
    "Execution Time": 29.377
  }
]