[
  {
    "Plan": {
      "Node Type": "Aggregate",
      "Strategy": "Plain",
      "Partial Mode": "Finalize",
      "Parallel Aware": false,
      "Startup Cost": 32705.15,
      "Total Cost": 32705.16,
      "Plan Rows": 1,
      "Plan Width": 8,
      "Actual Startup Time": 88.446,
      "Actual Total Time": 98.17,
      "Actual Rows": 1,
      "Actual Loops": 1,
      "Plans": [
        {
          "Node Type": "Gather",
          "Parent Relationship": "Outer",
          "Parallel Aware": false,
          "Startup Cost": 32704.83,
          "Total Cost": 32705.14,
          "Plan Rows": 3,
          "Plan Width": 8,
          "Actual Startup Time": 88.259,
          "Actual Total Time": 98.16,
          "Actual Rows": 4,
          "Actual Loops": 1,
          "Workers Planned": 3,
          "Workers Launched": 3,
          "Single Copy": false,
          "Plans": [
            {
              "Node Type": "Aggregate",
              "Strategy": "Plain",
              "Partial Mode": "Partial",
              "Parent Relationship": "Outer",
              "Parallel Aware": false,
              "Startup Cost": 31704.83,
              "Total Cost": 31704.84,
              "Plan Rows": 1,
              "Plan Width": 8,
              "Actual Startup Time": 83.876,
              "Actual Total Time": 83.878,
              "Actual Rows": 1,
              "Actual Loops": 4,
              "Plans": [
                {
                  "Node Type": "Seq Scan",
                  "Parent Relationship": "Outer",
                  "Parallel Aware": true,
                  "Relation Name": "movie_companies",
                  "Alias": "mc",
                  "Startup Cost": 0.0,
                  "Total Cost": 31414.82,
                  "Plan Rows": 116004,
                  "Plan Width": 0,
                  "Actual Startup Time": 0.031,
                  "Actual Total Time": 75.823,
                  "Actual Rows": 129474,
                  "Actual Loops": 4,
                  "Filter": "((company_id < 1434) AND (company_type_id = 1))",
                  "Rows Removed by Filter": 522809
                }
              ]
            }
          ]
        }
      ]
    },
    "Planning Time": 0.092,
    "Triggers": [],
    "Execution Time": 98.21
  }
]