[
  {
    "Plan": {
      "Node Type": "Aggregate",
      "Strategy": "Plain",
      "Partial Mode": "Finalize",
      "Parallel Aware": false,
      "Startup Cost": 98143.5,
      "Total Cost": 98143.51,
      "Plan Rows": 1,
      "Plan Width": 8,
      "Actual Startup Time": 623.519,
      "Actual Total Time": 640.521,
      "Actual Rows": 1,
      "Actual Loops": 1,
      "Plans": [
        {
          "Node Type": "Gather",
          "Parent Relationship": "Outer",
          "Parallel Aware": false,
          "Startup Cost": 98143.19,
          "Total Cost": 98143.5,
          "Plan Rows": 3,
          "Plan Width": 8,
          "Actual Startup Time": 617.864,
          "Actual Total Time": 640.512,
          "Actual Rows": 4,
          "Actual Loops": 1,
          "Workers Planned": 3,
          "Workers Launched": 3,
          "Single Copy": false,
          "Plans": [
            {
              "Node Type": "Aggregate",
              "Strategy": "Plain",
              "Partial Mode": "Partial",
              "Parent Relationship": "Outer",
              "Parallel Aware": false,
              "Startup Cost": 97143.19,
              "Total Cost": 97143.2,
              "Plan Rows": 1,
              "Plan Width": 8,
              "Actual Startup Time": 606.313,
              "Actual Total Time": 606.317,
              "Actual Rows": 1,
              "Actual Loops": 4,
              "Plans": [
                {
                  "Node Type": "Hash Join",
                  "Parent Relationship": "Outer",
                  "Parallel Aware": true,
                  "Join Type": "Inner",
                  "Startup Cost": 50353.24,
                  "Total Cost": 95351.64,
                  "Plan Rows": 716620,
                  "Plan Width": 0,
                  "Actual Startup Time": 323.938,
                  "Actual Total Time": 577.398,
                  "Actual Rows": 632304,
                  "Actual Loops": 4,
                  "Inner Unique": true,
                  "Hash Cond": "(mk.movie_id = t.id)",
                  "Plans": [
                    {
                      "Node Type": "Seq Scan",
                      "Parent Relationship": "Outer",
                      "Parallel Aware": true,
                      "Relation Name": "movie_keyword",
                      "Alias": "mk",
                      "Startup Cost": 0.0,
                      "Total Cost": 42695.65,
                      "Plan Rows": 877235,
                      "Plan Width": 4,
                      "Actual Startup Time": 0.03,
                      "Actual Total Time": 119.485,
                      "Actual Rows": 678348,
                      "Actual Loops": 4,
                      "Filter": "(keyword_id < 7665)",
                      "Rows Removed by Filter": 452634
                    },
                    {
                      "Node Type": "Hash",
                      "Parent Relationship": "Inner",
                      "Parallel Aware": true,
                      "Startup Cost": 43898.92,
                      "Total Cost": 43898.92,
                      "Plan Rows": 516346,
                      "Plan Width": 4,
                      "Actual Startup Time": 316.282,
                      "Actual Total Time": 316.283,
                      "Actual Rows": 516138,
                      "Actual Loops": 4,
                      "Hash Buckets": 2097152,
                      "Original Hash Buckets": 2097152,
                      "Hash Batches": 1,
                      "Original Hash Batches": 1,
                      "Peak Memory Usage": 97216,
                      "Plans": [
                        {
                          "Node Type": "Seq Scan",
                          "Parent Relationship": "Outer",
                          "Parallel Aware": true,
                          "Relation Name": "title",
                          "Alias": "t",
                          "Startup Cost": 0.0,
                          "Total Cost": 43898.92,
                          "Plan Rows": 516346,
                          "Plan Width": 4,
                          "Actual Startup Time": 0.044,
                          "Actual Total Time": 124.288,
                          "Actual Rows": 516138,
                          "Actual Loops": 4,
                          "Filter": "(production_year < 2011)",
                          "Rows Removed by Filter": 115940
                        }
                      ]
                    }
                  ]
                }
              ]
            }
          ]
        }
      ]
    },
    "Planning Time": 0.54,
    "Triggers": [],
    "Execution Time": 640.584
  }
]