[
  {
    "Plan": {
      "Node Type": "Aggregate",
      "Strategy": "Plain",
      "Partial Mode": "Finalize",
      "Parallel Aware": false,
      "Startup Cost": 78159.23,
      "Total Cost": 78159.24,
      "Plan Rows": 1,
      "Plan Width": 8,
      "Actual Startup Time": 495.591,
      "Actual Total Time": 513.568,
      "Actual Rows": 1,
      "Actual Loops": 1,
      "Plans": [
        {
          "Node Type": "Gather",
          "Parent Relationship": "Outer",
          "Parallel Aware": false,
          "Startup Cost": 78158.91,
          "Total Cost": 78159.22,
          "Plan Rows": 3,
          "Plan Width": 8,
          "Actual Startup Time": 482.907,
          "Actual Total Time": 513.559,
          "Actual Rows": 4,
          "Actual Loops": 1,
          "Workers Planned": 3,
          "Workers Launched": 3,
          "Single Copy": false,
          "Plans": [
            {
              "Node Type": "Aggregate",
              "Strategy": "Plain",
              "Partial Mode": "Partial",
              "Parent Relationship": "Outer",
              "Parallel Aware": false,
              "Startup Cost": 77158.91,
              "Total Cost": 77158.92,
              "Plan Rows": 1,
              "Plan Width": 8,
              "Actual Startup Time": 464.147,
              "Actual Total Time": 464.152,
              "Actual Rows": 1,
              "Actual Loops": 4,
              "Plans": [
                {
                  "Node Type": "Hash Join",
                  "Parent Relationship": "Outer",
                  "Parallel Aware": true,
                  "Join Type": "Inner",
                  "Startup Cost": 56676.79,
                  "Total Cost": 77040.76,
                  "Plan Rows": 47261,
                  "Plan Width": 0,
                  "Actual Startup Time": 390.222,
                  "Actual Total Time": 461.222,
                  "Actual Rows": 56096,
                  "Actual Loops": 4,
                  "Inner Unique": true,
                  "Hash Cond": "(mc.movie_id = t.id)",
                  "Plans": [
                    {
                      "Node Type": "Bitmap Heap Scan",
                      "Parent Relationship": "Outer",
                      "Parallel Aware": true,
                      "Relation Name": "movie_companies",
                      "Alias": "mc",
                      "Startup Cost": 6456.41,
                      "Total Cost": 26696.31,
                      "Plan Rows": 47261,
                      "Plan Width": 4,
                      "Actual Startup Time": 15.853,
                      "Actual Total Time": 51.962,
                      "Actual Rows": 56096,
                      "Actual Loops": 4,
                      "Recheck Cond": "(company_id < 160)",
                      "Rows Removed by Index Recheck": 0,
                      "Filter": "(company_type_id = 1)",
                      "Rows Removed by Filter": 17123,
                      "Exact Heap Blocks": 6938,
                      "Lossy Heap Blocks": 0,
                      "Plans": [
                        {
                          "Node Type": "Bitmap Index Scan",
                          "Parent Relationship": "Outer",
                          "Parallel Aware": false,
                          "Index Name": "company_id_movie_companies",
                          "Startup Cost": 0.0,
                          "Total Cost": 6419.78,
                          "Plan Rows": 299647,
                          "Plan Width": 0,
                          "Actual Startup Time": 13.25,
                          "Actual Total Time": 13.25,
                          "Actual Rows": 292877,
                          "Actual Loops": 1,
                          "Index Cond": "(company_id < 160)"
                        }
                      ]
                    },
                    {
                      "Node Type": "Hash",
                      "Parent Relationship": "Inner",
                      "Parallel Aware": true,
                      "Startup Cost": 42319.06,
                      "Total Cost": 42319.06,
                      "Plan Rows": 632106,
                      "Plan Width": 4,
                      "Actual Startup Time": 362.879,
                      "Actual Total Time": 362.881,
                      "Actual Rows": 632078,
                      "Actual Loops": 4,
                      "Hash Buckets": 4194304,
                      "Original Hash Buckets": 4194304,
                      "Hash Batches": 1,
                      "Original Hash Batches": 1,
                      "Peak Memory Usage": 131744,
                      "Plans": [
                        {
                          "Node Type": "Seq Scan",
                          "Parent Relationship": "Outer",
                          "Parallel Aware": true,
                          "Relation Name": "title",
                          "Alias": "t",
                          "Startup Cost": 0.0,
                          "Total Cost": 42319.06,
                          "Plan Rows": 632106,
                          "Plan Width": 4,
                          "Actual Startup Time": 0.042,
                          "Actual Total Time": 106.881,
                          "Actual Rows": 632078,
                          "Actual Loops": 4
                        }
                      ]
                    }
                  ]
                }
              ]
            }
          ]
        }
      ]
    },
    "Planning Time": 0.549,
    "Triggers": [],
    "Execution Time": 513.697
  }
]