{
  "Plan": {
    "Node Type": "Aggregate",
    "Strategy": "Plain",
    "Partial Mode": "Finalize",
    "Parallel Aware": false,
    "Startup Cost": 949000.93,
    "Total Cost": 949000.94,
    "Plan Rows": 1,
    "Plan Width": 64,
    "Actual Startup Time": 8384.24,
    "Actual Total Time": 8384.378,
    "Actual Rows": 1,
    "Actual Loops": 1,
    "Plans": [
      {
        "Node Type": "Gather",
        "Parent Relationship": "Outer",
        "Parallel Aware": false,
        "Startup Cost": 949000.82,
        "Total Cost": 949000.93,
        "Plan Rows": 1,
        "Plan Width": 64,
        "Actual Startup Time": 8384.232,
        "Actual Total Time": 8384.37,
        "Actual Rows": 1,
        "Actual Loops": 1,
        "Workers Planned": 1,
        "Workers Launched": 0,
        "Single Copy": false,
        "Plans": [
          {
            "Node Type": "Aggregate",
            "Strategy": "Plain",
            "Partial Mode": "Partial",
            "Parent Relationship": "Outer",
            "Parallel Aware": false,
            "Startup Cost": 948000.82,
            "Total Cost": 948000.83,
            "Plan Rows": 1,
            "Plan Width": 64,
            "Actual Startup Time": 8383.256,
            "Actual Total Time": 8383.268,
            "Actual Rows": 1,
            "Actual Loops": 1,
            "Plans": [
              {
                "Node Type": "Hash Join",
                "Parent Relationship": "Outer",
                "Parallel Aware": false,
                "Join Type": "Inner",
                "Startup Cost": 854015.56,
                "Total Cost": 946446.18,
                "Plan Rows": 310928,
                "Plan Width": 33,
                "Actual Startup Time": 7486.261,
                "Actual Total Time": 8372.573,
                "Actual Rows": 136749,
                "Actual Loops": 1,
                "Inner Unique": false,
                "Hash Cond": "(n1.id = a1.person_id)",
                "Plans": [
                  {
                    "Node Type": "Seq Scan",
                    "Parent Relationship": "Outer",
                    "Parallel Aware": true,
                    "Relation Name": "name",
                    "Alias": "n1",
                    "Startup Cost": 0.0,
                    "Total Cost": 80128.16,
                    "Plan Rows": 2451516,
                    "Plan Width": 4,
                    "Actual Startup Time": 0.014,
                    "Actual Total Time": 369.552,
                    "Actual Rows": 4167491,
                    "Actual Loops": 1
                  },
                  {
                    "Node Type": "Hash",
                    "Parent Relationship": "Inner",
                    "Parallel Aware": false,
                    "Startup Cost": 847408.34,
                    "Total Cost": 847408.34,
                    "Plan Rows": 528577,
                    "Plan Width": 41,
                    "Actual Startup Time": 7483.145,
                    "Actual Total Time": 7483.155,
                    "Actual Rows": 136749,
                    "Actual Loops": 1,
                    "Hash Buckets": 1048576,
                    "Original Hash Buckets": 1048576,
                    "Hash Batches": 1,
                    "Original Hash Batches": 1,
                    "Peak Memory Usage": 18439,
                    "Plans": [
                      {
                        "Node Type": "Nested Loop",
                        "Parent Relationship": "Outer",
                        "Parallel Aware": false,
                        "Join Type": "Inner",
                        "Startup Cost": 592601.0,
                        "Total Cost": 847408.34,
                        "Plan Rows": 528577,
                        "Plan Width": 41,
                        "Actual Startup Time": 5594.49,
                        "Actual Total Time": 7452.955,
                        "Actual Rows": 136749,
                        "Actual Loops": 1,
                        "Inner Unique": false,
                        "Join Filter": "(ci.role_id = rt.id)",
                        "Rows Removed by Join Filter": 2049969,
                        "Plans": [
                          {
                            "Node Type": "Seq Scan",
                            "Parent Relationship": "Outer",
                            "Parallel Aware": false,
                            "Relation Name": "role_type",
                            "Alias": "rt",
                            "Startup Cost": 0.0,
                            "Total Cost": 1.15,
                            "Plan Rows": 1,
                            "Plan Width": 4,
                            "Actual Startup Time": 0.028,
                            "Actual Total Time": 0.035,
                            "Actual Rows": 1,
                            "Actual Loops": 1,
                            "Filter": "((role)::text = 'producer'::text)",
                            "Rows Removed by Filter": 11
                          },
                          {
                            "Node Type": "Hash Join",
                            "Parent Relationship": "Inner",
                            "Parallel Aware": false,
                            "Join Type": "Inner",
                            "Startup Cost": 592601.0,
                            "Total Cost": 768120.64,
                            "Plan Rows": 6342924,
                            "Plan Width": 45,
                            "Actual Startup Time": 5594.329,
                            "Actual Total Time": 7347.885,
                            "Actual Rows": 2186718,
                            "Actual Loops": 1,
                            "Inner Unique": true,
                            "Hash Cond": "(ci.movie_id = t.id)",
                            "Plans": [
                              {
                                "Node Type": "Merge Join",
                                "Parent Relationship": "Outer",
                                "Parallel Aware": false,
                                "Join Type": "Inner",
                                "Startup Cost": 499713.49,
                                "Total Cost": 658582.92,
                                "Plan Rows": 6342924,
                                "Plan Width": 36,
                                "Actual Startup Time": 4227.39,
                                "Actual Total Time": 5511.082,
                                "Actual Rows": 2186718,
                                "Actual Loops": 1,
                                "Inner Unique": false,
                                "Merge Cond": "(a1.person_id = ci.person_id)",
                                "Plans": [
                                  {
                                    "Node Type": "Index Scan",
                                    "Parent Relationship": "Outer",
                                    "Parallel Aware": false,
                                    "Scan Direction": "Forward",
                                    "Index Name": "person_id_aka_name",
                                    "Relation Name": "aka_name",
                                    "Alias": "a1",
                                    "Startup Cost": 0.42,
                                    "Total Cost": 71995.9,
                                    "Plan Rows": 901343,
                                    "Plan Width": 20,
                                    "Actual Startup Time": 0.025,
                                    "Actual Total Time": 296.921,
                                    "Actual Rows": 772582,
                                    "Actual Loops": 1
                                  },
                                  {
                                    "Node Type": "Sort",
                                    "Parent Relationship": "Inner",
                                    "Parallel Aware": false,
                                    "Startup Cost": 499711.17,
                                    "Total Cost": 506319.86,
                                    "Plan Rows": 2643479,
                                    "Plan Width": 16,
                                    "Actual Startup Time": 4227.349,
                                    "Actual Total Time": 4698.642,
                                    "Actual Rows": 3841765,
                                    "Actual Loops": 1,
                                    "Sort Key": [
                                      "ci.person_id"
                                    ],
                                    "Sort Method": "quicksort",
                                    "Sort Space Used": 223559,
                                    "Sort Space Type": "Memory",
                                    "Plans": [
                                      {
                                        "Node Type": "Nested Loop",
                                        "Parent Relationship": "Outer",
                                        "Parallel Aware": false,
                                        "Join Type": "Inner",
                                        "Startup Cost": 6018.21,
                                        "Total Cost": 217731.18,
                                        "Plan Rows": 2643479,
                                        "Plan Width": 16,
                                        "Actual Startup Time": 22.801,
                                        "Actual Total Time": 3198.622,
                                        "Actual Rows": 2672092,
                                        "Actual Loops": 1,
                                        "Inner Unique": false,
                                        "Plans": [
                                          {
                                            "Node Type": "Hash Join",
                                            "Parent Relationship": "Outer",
                                            "Parallel Aware": false,
                                            "Join Type": "Inner",
                                            "Startup Cost": 6017.65,
                                            "Total Cost": 57748.03,
                                            "Plan Rows": 75666,
                                            "Plan Width": 4,
                                            "Actual Startup Time": 22.755,
                                            "Actual Total Time": 466.215,
                                            "Actual Rows": 104995,
                                            "Actual Loops": 1,
                                            "Inner Unique": true,
                                            "Hash Cond": "(mc.company_id = cn.id)",
                                            "Plans": [
                                              {
                                                "Node Type": "Seq Scan",
                                                "Parent Relationship": "Outer",
                                                "Parallel Aware": false,
                                                "Relation Name": "movie_companies",
                                                "Alias": "mc",
                                                "Startup Cost": 0.0,
                                                "Total Cost": 44881.29,
                                                "Plan Rows": 2609129,
                                                "Plan Width": 8,
                                                "Actual Startup Time": 0.015,
                                                "Actual Total Time": 189.559,
                                                "Actual Rows": 2609129,
                                                "Actual Loops": 1
                                              },
                                              {
                                                "Node Type": "Hash",
                                                "Parent Relationship": "Inner",
                                                "Parallel Aware": false,
                                                "Startup Cost": 5932.46,
                                                "Total Cost": 5932.46,
                                                "Plan Rows": 6815,
                                                "Plan Width": 4,
                                                "Actual Startup Time": 22.55,
                                                "Actual Total Time": 22.551,
                                                "Actual Rows": 6752,
                                                "Actual Loops": 1,
                                                "Hash Buckets": 8192,
                                                "Original Hash Buckets": 8192,
                                                "Hash Batches": 1,
                                                "Original Hash Batches": 1,
                                                "Peak Memory Usage": 302,
                                                "Plans": [
                                                  {
                                                    "Node Type": "Seq Scan",
                                                    "Parent Relationship": "Outer",
                                                    "Parallel Aware": false,
                                                    "Relation Name": "company_name",
                                                    "Alias": "cn",
                                                    "Startup Cost": 0.0,
                                                    "Total Cost": 5932.46,
                                                    "Plan Rows": 6815,
                                                    "Plan Width": 4,
                                                    "Actual Startup Time": 0.024,
                                                    "Actual Total Time": 21.114,
                                                    "Actual Rows": 6752,
                                                    "Actual Loops": 1,
                                                    "Filter": "((country_code)::text = '[jp]'::text)",
                                                    "Rows Removed by Filter": 228245
                                                  }
                                                ]
                                              }
                                            ]
                                          },
                                          {
                                            "Node Type": "Index Scan",
                                            "Parent Relationship": "Inner",
                                            "Parallel Aware": false,
                                            "Scan Direction": "Forward",
                                            "Index Name": "movie_id_cast_info",
                                            "Relation Name": "cast_info",
                                            "Alias": "ci",
                                            "Startup Cost": 0.56,
                                            "Total Cost": 1.76,
                                            "Plan Rows": 35,
                                            "Plan Width": 12,
                                            "Actual Startup Time": 0.003,
                                            "Actual Total Time": 0.023,
                                            "Actual Rows": 25,
                                            "Actual Loops": 104995,
                                            "Index Cond": "(movie_id = mc.movie_id)",
                                            "Rows Removed by Index Recheck": 0
                                          }
                                        ]
                                      }
                                    ]
                                  }
                                ]
                              },
                              {
                                "Node Type": "Hash",
                                "Parent Relationship": "Inner",
                                "Parallel Aware": false,
                                "Startup Cost": 61282.23,
                                "Total Cost": 61282.23,
                                "Plan Rows": 2528423,
                                "Plan Width": 21,
                                "Actual Startup Time": 1304.61,
                                "Actual Total Time": 1304.611,
                                "Actual Rows": 2528312,
                                "Actual Loops": 1,
                                "Hash Buckets": 4194304,
                                "Original Hash Buckets": 4194304,
                                "Hash Batches": 1,
                                "Original Hash Batches": 1,
                                "Peak Memory Usage": 168637,
                                "Plans": [
                                  {
                                    "Node Type": "Seq Scan",
                                    "Parent Relationship": "Outer",
                                    "Parallel Aware": false,
                                    "Relation Name": "title",
                                    "Alias": "t",
                                    "Startup Cost": 0.0,
                                    "Total Cost": 61282.23,
                                    "Plan Rows": 2528423,
                                    "Plan Width": 21,
                                    "Actual Startup Time": 0.018,
                                    "Actual Total Time": 328.746,
                                    "Actual Rows": 2528312,
                                    "Actual Loops": 1
                                  }
                                ]
                              }
                            ]
                          }
                        ]
                      }
                    ]
                  }
                ]
              }
            ]
          }
        ]
      }
    ]
  },
  "Planning Time": 1.912,
  "Triggers": [],
  "Execution Time": 8392.401
}