[
  {
    "Plan": {
      "Node Type": "Aggregate",
      "Strategy": "Plain",
      "Partial Mode": "Finalize",
      "Parallel Aware": false,
      "Startup Cost": 506593.4,
      "Total Cost": 506593.41,
      "Plan Rows": 1,
      "Plan Width": 8,
      "Actual Startup Time": 6575.794,
      "Actual Total Time": 6637.307,
      "Actual Rows": 1,
      "Actual Loops": 1,
      "Plans": [
        {
          "Node Type": "Gather",
          "Parent Relationship": "Outer",
          "Parallel Aware": false,
          "Startup Cost": 506592.77,
          "Total Cost": 506593.38,
          "Plan Rows": 6,
          "Plan Width": 8,
          "Actual Startup Time": 6545.988,
          "Actual Total Time": 6637.283,
          "Actual Rows": 7,
          "Actual Loops": 1,
          "Workers Planned": 6,
          "Workers Launched": 6,
          "Single Copy": false,
          "Plans": [
            {
              "Node Type": "Aggregate",
              "Strategy": "Plain",
              "Partial Mode": "Partial",
              "Parent Relationship": "Outer",
              "Parallel Aware": false,
              "Startup Cost": 505592.77,
              "Total Cost": 505592.78,
              "Plan Rows": 1,
              "Plan Width": 8,
              "Actual Startup Time": 6519.019,
              "Actual Total Time": 6519.028,
              "Actual Rows": 1,
              "Actual Loops": 7,
              "Plans": [
                {
                  "Node Type": "Hash Join",
                  "Parent Relationship": "Outer",
                  "Parallel Aware": true,
                  "Join Type": "Inner",
                  "Startup Cost": 114205.36,
                  "Total Cost": 481306.42,
                  "Plan Rows": 9714543,
                  "Plan Width": 0,
                  "Actual Startup Time": 716.525,
                  "Actual Total Time": 5198.92,
                  "Actual Rows": 28458118,
                  "Actual Loops": 7,
                  "Inner Unique": false,
                  "Hash Cond": "(ci.movie_id = t.id)",
                  "Plans": [
                    {
                      "Node Type": "Seq Scan",
                      "Parent Relationship": "Outer",
                      "Parallel Aware": true,
                      "Relation Name": "cast_info",
                      "Alias": "ci",
                      "Startup Cost": 0.0,
                      "Total Cost": 313106.51,
                      "Plan Rows": 6041951,
                      "Plan Width": 4,
                      "Actual Startup Time": 0.052,
                      "Actual Total Time": 581.401,
                      "Actual Rows": 5177763,
                      "Actual Loops": 7
                    },
                    {
                      "Node Type": "Hash",
                      "Parent Relationship": "Inner",
                      "Parallel Aware": true,
                      "Startup Cost": 97812.93,
                      "Total Cost": 97812.93,
                      "Plan Rows": 1311394,
                      "Plan Width": 8,
                      "Actual Startup Time": 709.25,
                      "Actual Total Time": 709.256,
                      "Actual Rows": 595046,
                      "Actual Loops": 7,
                      "Hash Buckets": 4194304,
                      "Original Hash Buckets": 4194304,
                      "Hash Batches": 1,
                      "Original Hash Batches": 1,
                      "Peak Memory Usage": 195840,
                      "Plans": [
                        {
                          "Node Type": "Hash Join",
                          "Parent Relationship": "Outer",
                          "Parallel Aware": true,
                          "Join Type": "Inner",
                          "Startup Cost": 51572.51,
                          "Total Cost": 97812.93,
                          "Plan Rows": 1311394,
                          "Plan Width": 8,
                          "Actual Startup Time": 282.303,
                          "Actual Total Time": 502.461,
                          "Actual Rows": 595046,
                          "Actual Loops": 7,
                          "Inner Unique": true,
                          "Hash Cond": "(mk.movie_id = t.id)",
                          "Plans": [
                            {
                              "Node Type": "Seq Scan",
                              "Parent Relationship": "Outer",
                              "Parallel Aware": true,
                              "Relation Name": "movie_keyword",
                              "Alias": "mk",
                              "Startup Cost": 0.0,
                              "Total Cost": 42695.65,
                              "Plan Rows": 1350384,
                              "Plan Width": 4,
                              "Actual Startup Time": 0.024,
                              "Actual Total Time": 91.392,
                              "Actual Rows": 598211,
                              "Actual Loops": 7,
                              "Filter": "(keyword_id < 49065)",
                              "Rows Removed by Filter": 48065
                            },
                            {
                              "Node Type": "Hash",
                              "Parent Relationship": "Inner",
                              "Parallel Aware": true,
                              "Startup Cost": 43899.32,
                              "Total Cost": 43899.32,
                              "Plan Rows": 613855,
                              "Plan Width": 4,
                              "Actual Startup Time": 278.475,
                              "Actual Total Time": 278.476,
                              "Actual Rows": 350888,
                              "Actual Loops": 7,
                              "Hash Buckets": 4194304,
                              "Original Hash Buckets": 4194304,
                              "Hash Batches": 1,
                              "Original Hash Batches": 1,
                              "Peak Memory Usage": 128960,
                              "Plans": [
                                {
                                  "Node Type": "Seq Scan",
                                  "Parent Relationship": "Outer",
                                  "Parallel Aware": true,
                                  "Relation Name": "title",
                                  "Alias": "t",
                                  "Startup Cost": 0.0,
                                  "Total Cost": 43899.32,
                                  "Plan Rows": 613855,
                                  "Plan Width": 4,
                                  "Actual Startup Time": 0.075,
                                  "Actual Total Time": 92.072,
                                  "Actual Rows": 350888,
                                  "Actual Loops": 7,
                                  "Filter": "(production_year > 0)",
                                  "Rows Removed by Filter": 10299
                                }
                              ]
                            }
                          ]
                        }
                      ]
                    }
                  ]
                }
              ]
            }
          ]
        }
      ]
    },
    "Planning Time": 1.285,
    "Triggers": [],
    "Execution Time": 6637.412
  }
]