[
  {
    "Plan": {
      "Node Type": "Aggregate",
      "Strategy": "Plain",
      "Partial Mode": "Finalize",
      "Parallel Aware": false,
      "Startup Cost": 433173.34,
      "Total Cost": 433173.35,
      "Plan Rows": 1,
      "Plan Width": 8,
      "Actual Startup Time": 2610.792,
      "Actual Total Time": 2681.492,
      "Actual Rows": 1,
      "Actual Loops": 1,
      "Plans": [
        {
          "Node Type": "Gather",
          "Parent Relationship": "Outer",
          "Parallel Aware": false,
          "Startup Cost": 433172.72,
          "Total Cost": 433173.33,
          "Plan Rows": 6,
          "Plan Width": 8,
          "Actual Startup Time": 2598.427,
          "Actual Total Time": 2681.482,
          "Actual Rows": 7,
          "Actual Loops": 1,
          "Workers Planned": 6,
          "Workers Launched": 6,
          "Single Copy": false,
          "Plans": [
            {
              "Node Type": "Aggregate",
              "Strategy": "Plain",
              "Partial Mode": "Partial",
              "Parent Relationship": "Outer",
              "Parallel Aware": false,
              "Startup Cost": 432172.72,
              "Total Cost": 432172.73,
              "Plan Rows": 1,
              "Plan Width": 8,
              "Actual Startup Time": 2586.074,
              "Actual Total Time": 2586.079,
              "Actual Rows": 1,
              "Actual Loops": 7,
              "Plans": [
                {
                  "Node Type": "Hash Join",
                  "Parent Relationship": "Outer",
                  "Parallel Aware": true,
                  "Join Type": "Inner",
                  "Startup Cost": 85458.39,
                  "Total Cost": 427367.8,
                  "Plan Rows": 1921966,
                  "Plan Width": 0,
                  "Actual Startup Time": 389.053,
                  "Actual Total Time": 2448.348,
                  "Actual Rows": 3263175,
                  "Actual Loops": 7,
                  "Inner Unique": false,
                  "Hash Cond": "(ci.movie_id = t.id)",
                  "Plans": [
                    {
                      "Node Type": "Seq Scan",
                      "Parent Relationship": "Outer",
                      "Parallel Aware": true,
                      "Relation Name": "cast_info",
                      "Alias": "ci",
                      "Startup Cost": 0.0,
                      "Total Cost": 313067.02,
                      "Plan Rows": 6038002,
                      "Plan Width": 4,
                      "Actual Startup Time": 0.026,
                      "Actual Total Time": 530.731,
                      "Actual Rows": 5177763,
                      "Actual Loops": 7
                    },
                    {
                      "Node Type": "Hash",
                      "Parent Relationship": "Inner",
                      "Parallel Aware": true,
                      "Startup Cost": 82213.29,
                      "Total Cost": 82213.29,
                      "Plan Rows": 259608,
                      "Plan Width": 8,
                      "Actual Startup Time": 385.628,
                      "Actual Total Time": 385.632,
                      "Actual Rows": 137148,
                      "Actual Loops": 7,
                      "Hash Buckets": 1048576,
                      "Original Hash Buckets": 1048576,
                      "Hash Batches": 1,
                      "Original Hash Batches": 1,
                      "Peak Memory Usage": 45824,
                      "Plans": [
                        {
                          "Node Type": "Hash Join",
                          "Parent Relationship": "Outer",
                          "Parallel Aware": true,
                          "Join Type": "Inner",
                          "Startup Cost": 49901.48,
                          "Total Cost": 82213.29,
                          "Plan Rows": 259608,
                          "Plan Width": 8,
                          "Actual Startup Time": 239.286,
                          "Actual Total Time": 330.281,
                          "Actual Rows": 137148,
                          "Actual Loops": 7,
                          "Inner Unique": true,
                          "Hash Cond": "(mc.movie_id = t.id)",
                          "Plans": [
                            {
                              "Node Type": "Seq Scan",
                              "Parent Relationship": "Outer",
                              "Parallel Aware": true,
                              "Relation Name": "movie_companies",
                              "Alias": "mc",
                              "Startup Cost": 0.0,
                              "Total Cost": 31414.82,
                              "Plan Rows": 341711,
                              "Plan Width": 4,
                              "Actual Startup Time": 22.501,
                              "Actual Total Time": 48.776,
                              "Actual Rows": 170650,
                              "Actual Loops": 7,
                              "Filter": "((company_id > 475) AND (company_type_id = 2))",
                              "Rows Removed by Filter": 202083
                            },
                            {
                              "Node Type": "Hash",
                              "Parent Relationship": "Inner",
                              "Parallel Aware": true,
                              "Startup Cost": 43898.92,
                              "Total Cost": 43898.92,
                              "Plan Rows": 480205,
                              "Plan Width": 4,
                              "Actual Startup Time": 214.266,
                              "Actual Total Time": 214.267,
                              "Actual Rows": 274693,
                              "Actual Loops": 7,
                              "Hash Buckets": 2097152,
                              "Original Hash Buckets": 2097152,
                              "Hash Batches": 1,
                              "Original Hash Batches": 1,
                              "Peak Memory Usage": 91712,
                              "Plans": [
                                {
                                  "Node Type": "Seq Scan",
                                  "Parent Relationship": "Outer",
                                  "Parallel Aware": true,
                                  "Relation Name": "title",
                                  "Alias": "t",
                                  "Startup Cost": 0.0,
                                  "Total Cost": 43898.92,
                                  "Plan Rows": 480205,
                                  "Plan Width": 4,
                                  "Actual Startup Time": 0.05,
                                  "Actual Total Time": 79.745,
                                  "Actual Rows": 274693,
                                  "Actual Loops": 7,
                                  "Filter": "(production_year < 2010)",
                                  "Rows Removed by Filter": 86495
                                }
                              ]
                            }
                          ]
                        }
                      ]
                    }
                  ]
                }
              ]
            }
          ]
        }
      ]
    },
    "Planning Time": 1.472,
    "Triggers": [],
    "Execution Time": 2681.596
  }
]