[
    {
        "Bao": {
            "Bao prediction": "NaN",
            "Bao recommended hint": "(no hint)"
        }
    },
    {
        "Plan": {
            "Node Type": "Aggregate",
            "Strategy": "Plain",
            "Partial Mode": "Finalize",
            "Parallel Aware": false,
            "Startup Cost": 331347.02,
            "Total Cost": 331347.03,
            "Plan Rows": 1,
            "Plan Width": 8,
            "Actual Startup Time": 401.089,
            "Actual Total Time": 407.519,
            "Actual Rows": 1,
            "Actual Loops": 1,
            "Output": [
                "count(*)"
            ],
            "Plans": [
                {
                    "Node Type": "Gather",
                    "Parent Relationship": "Outer",
                    "Parallel Aware": false,
                    "Startup Cost": 331346.6,
                    "Total Cost": 331347.01,
                    "Plan Rows": 4,
                    "Plan Width": 8,
                    "Actual Startup Time": 397.159,
                    "Actual Total Time": 407.509,
                    "Actual Rows": 5,
                    "Actual Loops": 1,
                    "Output": [
                        "(PARTIAL count(*))"
                    ],
                    "Workers Planned": 4,
                    "Workers Launched": 4,
                    "Single Copy": false,
                    "Plans": [
                        {
                            "Node Type": "Aggregate",
                            "Strategy": "Plain",
                            "Partial Mode": "Partial",
                            "Parent Relationship": "Outer",
                            "Parallel Aware": false,
                            "Startup Cost": 330346.6,
                            "Total Cost": 330346.61,
                            "Plan Rows": 1,
                            "Plan Width": 8,
                            "Actual Startup Time": 387.966,
                            "Actual Total Time": 388.057,
                            "Actual Rows": 1,
                            "Actual Loops": 5,
                            "Output": [
                                "PARTIAL count(*)"
                            ],
                            "Workers": [
                                {
                                    "Worker Number": 0,
                                    "Actual Startup Time": 385.211,
                                    "Actual Total Time": 385.214,
                                    "Actual Rows": 1,
                                    "Actual Loops": 1
                                },
                                {
                                    "Worker Number": 1,
                                    "Actual Startup Time": 385.288,
                                    "Actual Total Time": 385.291,
                                    "Actual Rows": 1,
                                    "Actual Loops": 1
                                },
                                {
                                    "Worker Number": 2,
                                    "Actual Startup Time": 386.47,
                                    "Actual Total Time": 386.473,
                                    "Actual Rows": 1,
                                    "Actual Loops": 1
                                },
                                {
                                    "Worker Number": 3,
                                    "Actual Startup Time": 385.998,
                                    "Actual Total Time": 386.001,
                                    "Actual Rows": 1,
                                    "Actual Loops": 1
                                }
                            ],
                            "Plans": [
                                {
                                    "Node Type": "Hash Join",
                                    "Parent Relationship": "Outer",
                                    "Parallel Aware": true,
                                    "Join Type": "Inner",
                                    "Startup Cost": 281289.94,
                                    "Total Cost": 330096.37,
                                    "Plan Rows": 100094,
                                    "Plan Width": 0,
                                    "Actual Startup Time": 172.562,
                                    "Actual Total Time": 380.605,
                                    "Actual Rows": 168572,
                                    "Actual Loops": 5,
                                    "Inner Unique": false,
                                    "Hash Cond": "(t.id = ci.movie_id)",
                                    "Workers": [
                                        {
                                            "Worker Number": 0,
                                            "Actual Startup Time": 169.942,
                                            "Actual Total Time": 377.763,
                                            "Actual Rows": 166010,
                                            "Actual Loops": 1
                                        },
                                        {
                                            "Worker Number": 1,
                                            "Actual Startup Time": 170.015,
                                            "Actual Total Time": 377.976,
                                            "Actual Rows": 158176,
                                            "Actual Loops": 1
                                        },
                                        {
                                            "Worker Number": 2,
                                            "Actual Startup Time": 170.546,
                                            "Actual Total Time": 378.943,
                                            "Actual Rows": 166413,
                                            "Actual Loops": 1
                                        },
                                        {
                                            "Worker Number": 3,
                                            "Actual Startup Time": 170.732,
                                            "Actual Total Time": 378.434,
                                            "Actual Rows": 167034,
                                            "Actual Loops": 1
                                        }
                                    ],
                                    "Plans": [
                                        {
                                            "Node Type": "Seq Scan",
                                            "Parent Relationship": "Outer",
                                            "Parallel Aware": true,
                                            "Relation Name": "title",
                                            "Schema": "public",
                                            "Alias": "t",
                                            "Startup Cost": 0.0,
                                            "Total Cost": 42318.81,
                                            "Plan Rows": 632080,
                                            "Plan Width": 4,
                                            "Actual Startup Time": 0.008,
                                            "Actual Total Time": 57.931,
                                            "Actual Rows": 505662,
                                            "Actual Loops": 5,
                                            "Output": [
                                                "t.id",
                                                "t.title",
                                                "t.imdb_index",
                                                "t.kind_id",
                                                "t.production_year",
                                                "t.imdb_id",
                                                "t.phonetic_code",
                                                "t.episode_of_id",
                                                "t.season_nr",
                                                "t.episode_nr",
                                                "t.series_years",
                                                "t.md5sum"
                                            ],
                                            "Workers": [
                                                {
                                                    "Worker Number": 0,
                                                    "Actual Startup Time": 0.01,
                                                    "Actual Total Time": 60.625,
                                                    "Actual Rows": 498470,
                                                    "Actual Loops": 1
                                                },
                                                {
                                                    "Worker Number": 1,
                                                    "Actual Startup Time": 0.01,
                                                    "Actual Total Time": 61.009,
                                                    "Actual Rows": 476718,
                                                    "Actual Loops": 1
                                                },
                                                {
                                                    "Worker Number": 2,
                                                    "Actual Startup Time": 0.01,
                                                    "Actual Total Time": 60.831,
                                                    "Actual Rows": 497486,
                                                    "Actual Loops": 1
                                                },
                                                {
                                                    "Worker Number": 3,
                                                    "Actual Startup Time": 0.006,
                                                    "Actual Total Time": 60.812,
                                                    "Actual Rows": 498932,
                                                    "Actual Loops": 1
                                                }
                                            ]
                                        },
                                        {
                                            "Node Type": "Hash",
                                            "Parent Relationship": "Inner",
                                            "Parallel Aware": true,
                                            "Startup Cost": 280455.83,
                                            "Total Cost": 280455.83,
                                            "Plan Rows": 66729,
                                            "Plan Width": 4,
                                            "Actual Startup Time": 170.983,
                                            "Actual Total Time": 170.984,
                                            "Actual Rows": 168572,
                                            "Actual Loops": 5,
                                            "Output": [
                                                "ci.movie_id"
                                            ],
                                            "Hash Buckets": 1048576,
                                            "Original Hash Buckets": 524288,
                                            "Hash Batches": 1,
                                            "Original Hash Batches": 1,
                                            "Peak Memory Usage": 45312,
                                            "Workers": [
                                                {
                                                    "Worker Number": 0,
                                                    "Actual Startup Time": 169.541,
                                                    "Actual Total Time": 169.543,
                                                    "Actual Rows": 154895,
                                                    "Actual Loops": 1
                                                },
                                                {
                                                    "Worker Number": 1,
                                                    "Actual Startup Time": 169.596,
                                                    "Actual Total Time": 169.598,
                                                    "Actual Rows": 146233,
                                                    "Actual Loops": 1
                                                },
                                                {
                                                    "Worker Number": 2,
                                                    "Actual Startup Time": 170.134,
                                                    "Actual Total Time": 170.136,
                                                    "Actual Rows": 156035,
                                                    "Actual Loops": 1
                                                },
                                                {
                                                    "Worker Number": 3,
                                                    "Actual Startup Time": 170.271,
                                                    "Actual Total Time": 170.272,
                                                    "Actual Rows": 162746,
                                                    "Actual Loops": 1
                                                }
                                            ],
                                            "Plans": [
                                                {
                                                    "Node Type": "Bitmap Heap Scan",
                                                    "Parent Relationship": "Outer",
                                                    "Parallel Aware": true,
                                                    "Relation Name": "cast_info",
                                                    "Schema": "public",
                                                    "Alias": "ci",
                                                    "Startup Cost": 24925.79,
                                                    "Total Cost": 280455.83,
                                                    "Plan Rows": 66729,
                                                    "Plan Width": 4,
                                                    "Actual Startup Time": 48.687,
                                                    "Actual Total Time": 102.004,
                                                    "Actual Rows": 168572,
                                                    "Actual Loops": 5,
                                                    "Output": [
                                                        "ci.movie_id"
                                                    ],
                                                    "Recheck Cond": "(ci.person_id < 118283)",
                                                    "Rows Removed by Index Recheck": 0,
                                                    "Filter": "(ci.role_id = 1)",
                                                    "Rows Removed by Filter": 63241,
                                                    "Exact Heap Blocks": 3424,
                                                    "Lossy Heap Blocks": 0,
                                                    "Workers": [
                                                        {
                                                            "Worker Number": 0,
                                                            "Actual Startup Time": 47.362,
                                                            "Actual Total Time": 102.197,
                                                            "Actual Rows": 154895,
                                                            "Actual Loops": 1
                                                        },
                                                        {
                                                            "Worker Number": 1,
                                                            "Actual Startup Time": 47.3,
                                                            "Actual Total Time": 101.25,
                                                            "Actual Rows": 146233,
                                                            "Actual Loops": 1
                                                        },
                                                        {
                                                            "Worker Number": 2,
                                                            "Actual Startup Time": 48.018,
                                                            "Actual Total Time": 103.1,
                                                            "Actual Rows": 156035,
                                                            "Actual Loops": 1
                                                        },
                                                        {
                                                            "Worker Number": 3,
                                                            "Actual Startup Time": 47.984,
                                                            "Actual Total Time": 102.326,
                                                            "Actual Rows": 162746,
                                                            "Actual Loops": 1
                                                        }
                                                    ],
                                                    "Plans": [
                                                        {
                                                            "Node Type": "Bitmap Index Scan",
                                                            "Parent Relationship": "Outer",
                                                            "Parallel Aware": false,
                                                            "Index Name": "person_id_cast_info",
                                                            "Startup Cost": 0.0,
                                                            "Total Cost": 24825.69,
                                                            "Plan Rows": 1137217,
                                                            "Plan Width": 0,
                                                            "Actual Startup Time": 50.999,
                                                            "Actual Total Time": 50.999,
                                                            "Actual Rows": 1159063,
                                                            "Actual Loops": 1,
                                                            "Index Cond": "(ci.person_id < 118283)"
                                                        }
                                                    ]
                                                }
                                            ]
                                        }
                                    ]
                                }
                            ]
                        }
                    ]
                }
            ]
        },
        "Planning Time": 200.304,
        "Triggers": [],
        "Execution Time": 407.576
    }
]