[
  {
    "Plan": {
      "Node Type": "Aggregate",
      "Strategy": "Plain",
      "Partial Mode": "Finalize",
      "Parallel Aware": false,
      "Startup Cost": 44996.67,
      "Total Cost": 44996.68,
      "Plan Rows": 1,
      "Plan Width": 8,
      "Actual Startup Time": 116.3,
      "Actual Total Time": 123.798,
      "Actual Rows": 1,
      "Actual Loops": 1,
      "Plans": [
        {
          "Node Type": "Gather",
          "Parent Relationship": "Outer",
          "Parallel Aware": false,
          "Startup Cost": 44996.35,
          "Total Cost": 44996.66,
          "Plan Rows": 3,
          "Plan Width": 8,
          "Actual Startup Time": 116.193,
          "Actual Total Time": 123.793,
          "Actual Rows": 4,
          "Actual Loops": 1,
          "Workers Planned": 3,
          "Workers Launched": 3,
          "Single Copy": false,
          "Plans": [
            {
              "Node Type": "Aggregate",
              "Strategy": "Plain",
              "Partial Mode": "Partial",
              "Parent Relationship": "Outer",
              "Parallel Aware": false,
              "Startup Cost": 43996.35,
              "Total Cost": 43996.36,
              "Plan Rows": 1,
              "Plan Width": 8,
              "Actual Startup Time": 113.173,
              "Actual Total Time": 113.174,
              "Actual Rows": 1,
              "Actual Loops": 4,
              "Plans": [
                {
                  "Node Type": "Seq Scan",
                  "Parent Relationship": "Outer",
                  "Parallel Aware": true,
                  "Relation Name": "movie_keyword",
                  "Alias": "mk",
                  "Startup Cost": 0.0,
                  "Total Cost": 42695.65,
                  "Plan Rows": 520279,
                  "Plan Width": 0,
                  "Actual Startup Time": 0.427,
                  "Actual Total Time": 96.215,
                  "Actual Rows": 400549,
                  "Actual Loops": 4,
                  "Filter": "(keyword_id > 9539)",
                  "Rows Removed by Filter": 730434
                }
              ]
            }
          ]
        }
      ]
    },
    "Planning Time": 0.075,
    "Triggers": [],
    "Execution Time": 123.824
  }
]