[
  {
    "Plan": {
      "Node Type": "Aggregate",
      "Strategy": "Plain",
      "Partial Mode": "Finalize",
      "Parallel Aware": false,
      "Startup Cost": 44984.79,
      "Total Cost": 44984.8,
      "Plan Rows": 1,
      "Plan Width": 8,
      "Actual Startup Time": 134.091,
      "Actual Total Time": 143.126,
      "Actual Rows": 1,
      "Actual Loops": 1,
      "Plans": [
        {
          "Node Type": "Gather",
          "Parent Relationship": "Outer",
          "Parallel Aware": false,
          "Startup Cost": 44984.48,
          "Total Cost": 44984.79,
          "Plan Rows": 3,
          "Plan Width": 8,
          "Actual Startup Time": 133.977,
          "Actual Total Time": 143.118,
          "Actual Rows": 4,
          "Actual Loops": 1,
          "Workers Planned": 3,
          "Workers Launched": 3,
          "Single Copy": false,
          "Plans": [
            {
              "Node Type": "Aggregate",
              "Strategy": "Plain",
              "Partial Mode": "Partial",
              "Parent Relationship": "Outer",
              "Parallel Aware": false,
              "Startup Cost": 43984.48,
              "Total Cost": 43984.49,
              "Plan Rows": 1,
              "Plan Width": 8,
              "Actual Startup Time": 127.938,
              "Actual Total Time": 127.939,
              "Actual Rows": 1,
              "Actual Loops": 4,
              "Plans": [
                {
                  "Node Type": "Seq Scan",
                  "Parent Relationship": "Outer",
                  "Parallel Aware": true,
                  "Relation Name": "movie_keyword",
                  "Alias": "mk",
                  "Startup Cost": 0.0,
                  "Total Cost": 42695.65,
                  "Plan Rows": 515529,
                  "Plan Width": 0,
                  "Actual Startup Time": 0.973,
                  "Actual Total Time": 108.888,
                  "Actual Rows": 400549,
                  "Actual Loops": 4,
                  "Filter": "(keyword_id > 9539)",
                  "Rows Removed by Filter": 730434
                }
              ]
            }
          ]
        }
      ]
    },
    "Planning Time": 0.108,
    "Triggers": [],
    "Execution Time": 143.162
  }
]