[
  {
    "Plan": {
      "Node Type": "Aggregate",
      "Strategy": "Plain",
      "Partial Mode": "Finalize",
      "Parallel Aware": false,
      "Startup Cost": 64138.52,
      "Total Cost": 64138.53,
      "Plan Rows": 1,
      "Plan Width": 8,
      "Actual Startup Time": 43.887,
      "Actual Total Time": 52.032,
      "Actual Rows": 1,
      "Actual Loops": 1,
      "Plans": [
        {
          "Node Type": "Gather",
          "Parent Relationship": "Outer",
          "Parallel Aware": false,
          "Startup Cost": 64138.2,
          "Total Cost": 64138.51,
          "Plan Rows": 3,
          "Plan Width": 8,
          "Actual Startup Time": 43.744,
          "Actual Total Time": 52.024,
          "Actual Rows": 4,
          "Actual Loops": 1,
          "Workers Planned": 3,
          "Workers Launched": 3,
          "Single Copy": false,
          "Plans": [
            {
              "Node Type": "Aggregate",
              "Strategy": "Plain",
              "Partial Mode": "Partial",
              "Parent Relationship": "Outer",
              "Parallel Aware": false,
              "Startup Cost": 63138.2,
              "Total Cost": 63138.21,
              "Plan Rows": 1,
              "Plan Width": 8,
              "Actual Startup Time": 38.585,
              "Actual Total Time": 38.586,
              "Actual Rows": 1,
              "Actual Loops": 4,
              "Plans": [
                {
                  "Node Type": "Nested Loop",
                  "Parent Relationship": "Outer",
                  "Parallel Aware": false,
                  "Join Type": "Inner",
                  "Startup Cost": 224.75,
                  "Total Cost": 63138.08,
                  "Plan Rows": 47,
                  "Plan Width": 0,
                  "Actual Startup Time": 9.098,
                  "Actual Total Time": 38.573,
                  "Actual Rows": 26,
                  "Actual Loops": 4,
                  "Inner Unique": true,
                  "Plans": [
                    {
                      "Node Type": "Bitmap Heap Scan",
                      "Parent Relationship": "Outer",
                      "Parallel Aware": true,
                      "Relation Name": "movie_info",
                      "Alias": "mi",
                      "Startup Cost": 224.32,
                      "Total Cost": 38245.51,
                      "Plan Rows": 3991,
                      "Plan Width": 4,
                      "Actual Startup Time": 1.19,
                      "Actual Total Time": 5.484,
                      "Actual Rows": 4635,
                      "Actual Loops": 4,
                      "Recheck Cond": "(info_type_id = 90)",
                      "Rows Removed by Index Recheck": 0,
                      "Exact Heap Blocks": 1040,
                      "Lossy Heap Blocks": 0,
                      "Plans": [
                        {
                          "Node Type": "Bitmap Index Scan",
                          "Parent Relationship": "Outer",
                          "Parallel Aware": false,
                          "Index Name": "info_type_id_movie_info",
                          "Startup Cost": 0.0,
                          "Total Cost": 221.22,
                          "Plan Rows": 12372,
                          "Plan Width": 0,
                          "Actual Startup Time": 3.888,
                          "Actual Total Time": 3.889,
                          "Actual Rows": 18539,
                          "Actual Loops": 1,
                          "Index Cond": "(info_type_id = 90)"
                        }
                      ]
                    },
                    {
                      "Node Type": "Index Scan",
                      "Parent Relationship": "Inner",
                      "Parallel Aware": false,
                      "Scan Direction": "Forward",
                      "Index Name": "title_pkey",
                      "Relation Name": "title",
                      "Alias": "t",
                      "Startup Cost": 0.43,
                      "Total Cost": 6.24,
                      "Plan Rows": 1,
                      "Plan Width": 4,
                      "Actual Startup Time": 0.007,
                      "Actual Total Time": 0.007,
                      "Actual Rows": 0,
                      "Actual Loops": 18539,
                      "Index Cond": "(id = mi.movie_id)",
                      "Rows Removed by Index Recheck": 0,
                      "Filter": "((production_year > 2007) AND (kind_id = 3))",
                      "Rows Removed by Filter": 1
                    }
                  ]
                }
              ]
            }
          ]
        }
      ]
    },
    "Planning Time": 0.376,
    "Triggers": [],
    "Execution Time": 52.086
  }
]