[
  {
    "Plan": {
      "Node Type": "Aggregate",
      "Strategy": "Plain",
      "Partial Mode": "Simple",
      "Parallel Aware": false,
      "Startup Cost": 3185.56,
      "Total Cost": 3185.57,
      "Plan Rows": 1,
      "Plan Width": 8,
      "Actual Startup Time": 16.25,
      "Actual Total Time": 16.255,
      "Actual Rows": 1,
      "Actual Loops": 1,
      "Plans": [
        {
          "Node Type": "Nested Loop",
          "Parent Relationship": "Outer",
          "Parallel Aware": false,
          "Join Type": "Inner",
          "Startup Cost": 7.23,
          "Total Cost": 3185.38,
          "Plan Rows": 74,
          "Plan Width": 0,
          "Actual Startup Time": 8.838,
          "Actual Total Time": 16.037,
          "Actual Rows": 1040,
          "Actual Loops": 1,
          "Inner Unique": false,
          "Plans": [
            {
              "Node Type": "Nested Loop",
              "Parent Relationship": "Outer",
              "Parallel Aware": false,
              "Join Type": "Inner",
              "Startup Cost": 6.79,
              "Total Cost": 3019.22,
              "Plan Rows": 61,
              "Plan Width": 8,
              "Actual Startup Time": 8.797,
              "Actual Total Time": 10.406,
              "Actual Rows": 57,
              "Actual Loops": 1,
              "Inner Unique": true,
              "Plans": [
                {
                  "Node Type": "Bitmap Heap Scan",
                  "Parent Relationship": "Outer",
                  "Parallel Aware": false,
                  "Relation Name": "movie_keyword",
                  "Alias": "mk",
                  "Startup Cost": 6.36,
                  "Total Cost": 926.55,
                  "Plan Rows": 249,
                  "Plan Width": 4,
                  "Actual Startup Time": 8.54,
                  "Actual Total Time": 9.274,
                  "Actual Rows": 86,
                  "Actual Loops": 1,
                  "Recheck Cond": "(keyword_id = 3781)",
                  "Rows Removed by Index Recheck": 0,
                  "Exact Heap Blocks": 85,
                  "Lossy Heap Blocks": 0,
                  "Plans": [
                    {
                      "Node Type": "Bitmap Index Scan",
                      "Parent Relationship": "Outer",
                      "Parallel Aware": false,
                      "Index Name": "keyword_id_movie_keyword",
                      "Startup Cost": 0.0,
                      "Total Cost": 6.3,
                      "Plan Rows": 249,
                      "Plan Width": 0,
                      "Actual Startup Time": 8.499,
                      "Actual Total Time": 8.5,
                      "Actual Rows": 86,
                      "Actual Loops": 1,
                      "Index Cond": "(keyword_id = 3781)"
                    }
                  ]
                },
                {
                  "Node Type": "Index Scan",
                  "Parent Relationship": "Inner",
                  "Parallel Aware": false,
                  "Scan Direction": "Forward",
                  "Index Name": "title_pkey",
                  "Relation Name": "title",
                  "Alias": "t",
                  "Startup Cost": 0.43,
                  "Total Cost": 8.4,
                  "Plan Rows": 1,
                  "Plan Width": 4,
                  "Actual Startup Time": 0.012,
                  "Actual Total Time": 0.012,
                  "Actual Rows": 1,
                  "Actual Loops": 86,
                  "Index Cond": "(id = mk.movie_id)",
                  "Rows Removed by Index Recheck": 0,
                  "Filter": "((production_year < 2013) AND (kind_id = 1))",
                  "Rows Removed by Filter": 0
                }
              ]
            },
            {
              "Node Type": "Index Scan",
              "Parent Relationship": "Inner",
              "Parallel Aware": false,
              "Scan Direction": "Forward",
              "Index Name": "movie_id_movie_info",
              "Relation Name": "movie_info",
              "Alias": "mi",
              "Startup Cost": 0.43,
              "Total Cost": 2.64,
              "Plan Rows": 8,
              "Plan Width": 4,
              "Actual Startup Time": 0.035,
              "Actual Total Time": 0.093,
              "Actual Rows": 18,
              "Actual Loops": 57,
              "Index Cond": "(movie_id = t.id)",
              "Rows Removed by Index Recheck": 0,
              "Filter": "(info_type_id = 16)",
              "Rows Removed by Filter": 68
            }
          ]
        }
      ]
    },
    "Planning Time": 1.285,
    "Triggers": [],
    "Execution Time": 16.342
  }
]