[
  {
    "Plan": {
      "Node Type": "Aggregate",
      "Strategy": "Plain",
      "Partial Mode": "Finalize",
      "Parallel Aware": false,
      "Startup Cost": 198370.72,
      "Total Cost": 198370.73,
      "Plan Rows": 1,
      "Plan Width": 8,
      "Actual Startup Time": 142.686,
      "Actual Total Time": 164.857,
      "Actual Rows": 1,
      "Actual Loops": 1,
      "Plans": [
        {
          "Node Type": "Gather",
          "Parent Relationship": "Outer",
          "Parallel Aware": false,
          "Startup Cost": 198370.3,
          "Total Cost": 198370.71,
          "Plan Rows": 4,
          "Plan Width": 8,
          "Actual Startup Time": 142.489,
          "Actual Total Time": 164.847,
          "Actual Rows": 5,
          "Actual Loops": 1,
          "Workers Planned": 4,
          "Workers Launched": 4,
          "Single Copy": false,
          "Plans": [
            {
              "Node Type": "Aggregate",
              "Strategy": "Plain",
              "Partial Mode": "Partial",
              "Parent Relationship": "Outer",
              "Parallel Aware": false,
              "Startup Cost": 197370.3,
              "Total Cost": 197370.31,
              "Plan Rows": 1,
              "Plan Width": 8,
              "Actual Startup Time": 132.421,
              "Actual Total Time": 132.423,
              "Actual Rows": 1,
              "Actual Loops": 5,
              "Plans": [
                {
                  "Node Type": "Nested Loop",
                  "Parent Relationship": "Outer",
                  "Parallel Aware": false,
                  "Join Type": "Inner",
                  "Startup Cost": 0.43,
                  "Total Cost": 197346.8,
                  "Plan Rows": 9400,
                  "Plan Width": 0,
                  "Actual Startup Time": 63.738,
                  "Actual Total Time": 131.274,
                  "Actual Rows": 14231,
                  "Actual Loops": 5,
                  "Inner Unique": false,
                  "Plans": [
                    {
                      "Node Type": "Seq Scan",
                      "Parent Relationship": "Outer",
                      "Parallel Aware": true,
                      "Relation Name": "title",
                      "Alias": "t",
                      "Startup Cost": 0.0,
                      "Total Cost": 45479.59,
                      "Plan Rows": 1601,
                      "Plan Width": 4,
                      "Actual Startup Time": 63.606,
                      "Actual Total Time": 91.467,
                      "Actual Rows": 1014,
                      "Actual Loops": 5,
                      "Filter": "((kind_id = 1) AND (production_year = 1993))",
                      "Rows Removed by Filter": 504649
                    },
                    {
                      "Node Type": "Index Only Scan",
                      "Parent Relationship": "Inner",
                      "Parallel Aware": false,
                      "Scan Direction": "Forward",
                      "Index Name": "movie_id_movie_info",
                      "Relation Name": "movie_info",
                      "Alias": "mi",
                      "Startup Cost": 0.43,
                      "Total Cost": 94.45,
                      "Plan Rows": 41,
                      "Plan Width": 4,
                      "Actual Startup Time": 0.013,
                      "Actual Total Time": 0.037,
                      "Actual Rows": 14,
                      "Actual Loops": 5068,
                      "Index Cond": "(movie_id = t.id)",
                      "Rows Removed by Index Recheck": 0,
                      "Heap Fetches": 71153
                    }
                  ]
                }
              ]
            }
          ]
        }
      ]
    },
    "Planning Time": 0.555,
    "Triggers": [],
    "Execution Time": 164.923
  }
]