[
  {
    "Plan": {
      "Node Type": "Aggregate",
      "Strategy": "Plain",
      "Partial Mode": "Finalize",
      "Parallel Aware": false,
      "Startup Cost": 205038.34,
      "Total Cost": 205038.35,
      "Plan Rows": 1,
      "Plan Width": 8,
      "Actual Startup Time": 117.432,
      "Actual Total Time": 137.536,
      "Actual Rows": 1,
      "Actual Loops": 1,
      "Plans": [
        {
          "Node Type": "Gather",
          "Parent Relationship": "Outer",
          "Parallel Aware": false,
          "Startup Cost": 205037.92,
          "Total Cost": 205038.33,
          "Plan Rows": 4,
          "Plan Width": 8,
          "Actual Startup Time": 117.306,
          "Actual Total Time": 137.529,
          "Actual Rows": 5,
          "Actual Loops": 1,
          "Workers Planned": 4,
          "Workers Launched": 4,
          "Single Copy": false,
          "Plans": [
            {
              "Node Type": "Aggregate",
              "Strategy": "Plain",
              "Partial Mode": "Partial",
              "Parent Relationship": "Outer",
              "Parallel Aware": false,
              "Startup Cost": 204037.92,
              "Total Cost": 204037.93,
              "Plan Rows": 1,
              "Plan Width": 8,
              "Actual Startup Time": 110.985,
              "Actual Total Time": 110.987,
              "Actual Rows": 1,
              "Actual Loops": 5,
              "Plans": [
                {
                  "Node Type": "Nested Loop",
                  "Parent Relationship": "Outer",
                  "Parallel Aware": false,
                  "Join Type": "Inner",
                  "Startup Cost": 0.43,
                  "Total Cost": 204013.12,
                  "Plan Rows": 9922,
                  "Plan Width": 0,
                  "Actual Startup Time": 51.385,
                  "Actual Total Time": 109.998,
                  "Actual Rows": 14231,
                  "Actual Loops": 5,
                  "Inner Unique": false,
                  "Plans": [
                    {
                      "Node Type": "Seq Scan",
                      "Parent Relationship": "Outer",
                      "Parallel Aware": true,
                      "Relation Name": "title",
                      "Alias": "t",
                      "Startup Cost": 0.0,
                      "Total Cost": 45479.1,
                      "Plan Rows": 1697,
                      "Plan Width": 4,
                      "Actual Startup Time": 51.288,
                      "Actual Total Time": 75.326,
                      "Actual Rows": 1014,
                      "Actual Loops": 5,
                      "Filter": "((kind_id = 1) AND (production_year = 1993))",
                      "Rows Removed by Filter": 504649
                    },
                    {
                      "Node Type": "Index Only Scan",
                      "Parent Relationship": "Inner",
                      "Parallel Aware": false,
                      "Scan Direction": "Forward",
                      "Index Name": "movie_id_movie_info",
                      "Relation Name": "movie_info",
                      "Alias": "mi",
                      "Startup Cost": 0.43,
                      "Total Cost": 93.0,
                      "Plan Rows": 42,
                      "Plan Width": 4,
                      "Actual Startup Time": 0.012,
                      "Actual Total Time": 0.033,
                      "Actual Rows": 14,
                      "Actual Loops": 5068,
                      "Index Cond": "(movie_id = t.id)",
                      "Rows Removed by Index Recheck": 0,
                      "Heap Fetches": 71153
                    }
                  ]
                }
              ]
            }
          ]
        }
      ]
    },
    "Planning Time": 0.62,
    "Triggers": [],
    "Execution Time": 137.617
  }
]