{
  "Plan": {
    "Node Type": "Aggregate",
    "Strategy": "Plain",
    "Partial Mode": "Finalize",
    "Parallel Aware": false,
    "Startup Cost": 95319.54,
    "Total Cost": 95319.55,
    "Plan Rows": 1,
    "Plan Width": 8,
    "Actual Startup Time": 470.4,
    "Actual Total Time": 486.091,
    "Actual Rows": 1,
    "Actual Loops": 1,
    "Plans": [
      {
        "Node Type": "Gather",
        "Parent Relationship": "Outer",
        "Parallel Aware": false,
        "Startup Cost": 95319.43,
        "Total Cost": 95319.54,
        "Plan Rows": 1,
        "Plan Width": 8,
        "Actual Startup Time": 469.228,
        "Actual Total Time": 486.082,
        "Actual Rows": 2,
        "Actual Loops": 1,
        "Workers Planned": 1,
        "Workers Launched": 1,
        "Single Copy": false,
        "Plans": [
          {
            "Node Type": "Aggregate",
            "Strategy": "Plain",
            "Partial Mode": "Partial",
            "Parent Relationship": "Outer",
            "Parallel Aware": false,
            "Startup Cost": 94319.43,
            "Total Cost": 94319.44,
            "Plan Rows": 1,
            "Plan Width": 8,
            "Actual Startup Time": 465.457,
            "Actual Total Time": 465.461,
            "Actual Rows": 1,
            "Actual Loops": 2,
            "Plans": [
              {
                "Node Type": "Hash Join",
                "Parent Relationship": "Outer",
                "Parallel Aware": true,
                "Join Type": "Inner",
                "Startup Cost": 33129.7,
                "Total Cost": 94013.96,
                "Plan Rows": 122188,
                "Plan Width": 0,
                "Actual Startup Time": 125.483,
                "Actual Total Time": 458.634,
                "Actual Rows": 161198,
                "Actual Loops": 2,
                "Inner Unique": false,
                "Hash Cond": "(t.id = mc.movie_id)",
                "Plans": [
                  {
                    "Node Type": "Seq Scan",
                    "Parent Relationship": "Outer",
                    "Parallel Aware": true,
                    "Relation Name": "title",
                    "Alias": "t",
                    "Startup Cost": 0.0,
                    "Total Cost": 50870.31,
                    "Plan Rows": 1487231,
                    "Plan Width": 4,
                    "Actual Startup Time": 0.011,
                    "Actual Total Time": 115.864,
                    "Actual Rows": 1264156,
                    "Actual Loops": 2
                  },
                  {
                    "Node Type": "Hash",
                    "Parent Relationship": "Inner",
                    "Parallel Aware": true,
                    "Startup Cost": 31602.35,
                    "Total Cost": 31602.35,
                    "Plan Rows": 122188,
                    "Plan Width": 4,
                    "Actual Startup Time": 124.066,
                    "Actual Total Time": 124.068,
                    "Actual Rows": 161198,
                    "Actual Loops": 2,
                    "Hash Buckets": 524288,
                    "Original Hash Buckets": 262144,
                    "Hash Batches": 1,
                    "Original Hash Batches": 1,
                    "Peak Memory Usage": 18784,
                    "Plans": [
                      {
                        "Node Type": "Bitmap Heap Scan",
                        "Parent Relationship": "Outer",
                        "Parallel Aware": true,
                        "Relation Name": "movie_companies",
                        "Alias": "mc",
                        "Startup Cost": 9089.11,
                        "Total Cost": 31602.35,
                        "Plan Rows": 122188,
                        "Plan Width": 4,
                        "Actual Startup Time": 25.798,
                        "Actual Total Time": 85.533,
                        "Actual Rows": 161198,
                        "Actual Loops": 2,
                        "Recheck Cond": "(company_id < 297)",
                        "Rows Removed by Index Recheck": 0,
                        "Filter": "(company_type_id < 2)",
                        "Rows Removed by Filter": 49352,
                        "Exact Heap Blocks": 11706,
                        "Lossy Heap Blocks": 0,
                        "Plans": [
                          {
                            "Node Type": "Bitmap Index Scan",
                            "Parent Relationship": "Outer",
                            "Parallel Aware": false,
                            "Index Name": "company_id_movie_companies",
                            "Startup Cost": 0.0,
                            "Total Cost": 9037.18,
                            "Plan Rows": 421967,
                            "Plan Width": 0,
                            "Actual Startup Time": 25.575,
                            "Actual Total Time": 25.576,
                            "Actual Rows": 421101,
                            "Actual Loops": 1,
                            "Index Cond": "(company_id < 297)"
                          }
                        ]
                      }
                    ]
                  }
                ]
              }
            ]
          }
        ]
      }
    ]
  },
  "Planning Time": 0.354,
  "Triggers": [],
  "Execution Time": 486.146
}