[
  {
    "Plan": {
      "Node Type": "Aggregate",
      "Strategy": "Plain",
      "Partial Mode": "Finalize",
      "Parallel Aware": false,
      "Startup Cost": 46859.78,
      "Total Cost": 46859.79,
      "Plan Rows": 1,
      "Plan Width": 8,
      "Actual Startup Time": 182.922,
      "Actual Total Time": 196.05,
      "Actual Rows": 1,
      "Actual Loops": 1,
      "Plans": [
        {
          "Node Type": "Gather",
          "Parent Relationship": "Outer",
          "Parallel Aware": false,
          "Startup Cost": 46859.47,
          "Total Cost": 46859.78,
          "Plan Rows": 3,
          "Plan Width": 8,
          "Actual Startup Time": 182.769,
          "Actual Total Time": 196.038,
          "Actual Rows": 4,
          "Actual Loops": 1,
          "Workers Planned": 3,
          "Workers Launched": 3,
          "Single Copy": false,
          "Plans": [
            {
              "Node Type": "Aggregate",
              "Strategy": "Plain",
              "Partial Mode": "Partial",
              "Parent Relationship": "Outer",
              "Parallel Aware": false,
              "Startup Cost": 45859.47,
              "Total Cost": 45859.48,
              "Plan Rows": 1,
              "Plan Width": 8,
              "Actual Startup Time": 176.02,
              "Actual Total Time": 176.022,
              "Actual Rows": 1,
              "Actual Loops": 4,
              "Plans": [
                {
                  "Node Type": "Seq Scan",
                  "Parent Relationship": "Outer",
                  "Parallel Aware": true,
                  "Relation Name": "movie_keyword",
                  "Alias": "mk",
                  "Startup Cost": 0.0,
                  "Total Cost": 42695.65,
                  "Plan Rows": 1265525,
                  "Plan Width": 0,
                  "Actual Startup Time": 0.048,
                  "Actual Total Time": 128.932,
                  "Actual Rows": 979712,
                  "Actual Loops": 4,
                  "Filter": "(keyword_id < 30518)",
                  "Rows Removed by Filter": 151271
                }
              ]
            }
          ]
        }
      ]
    },
    "Planning Time": 0.213,
    "Triggers": [],
    "Execution Time": 196.106
  }
]