[
  {
    "Plan": {
      "Node Type": "Aggregate",
      "Strategy": "Plain",
      "Partial Mode": "Finalize",
      "Parallel Aware": false,
      "Startup Cost": 62193.98,
      "Total Cost": 62193.99,
      "Plan Rows": 1,
      "Plan Width": 8,
      "Actual Startup Time": 258.656,
      "Actual Total Time": 274.521,
      "Actual Rows": 1,
      "Actual Loops": 1,
      "Plans": [
        {
          "Node Type": "Gather",
          "Parent Relationship": "Outer",
          "Parallel Aware": false,
          "Startup Cost": 62193.77,
          "Total Cost": 62193.98,
          "Plan Rows": 2,
          "Plan Width": 8,
          "Actual Startup Time": 258.109,
          "Actual Total Time": 274.511,
          "Actual Rows": 3,
          "Actual Loops": 1,
          "Workers Planned": 2,
          "Workers Launched": 2,
          "Single Copy": false,
          "Plans": [
            {
              "Node Type": "Aggregate",
              "Strategy": "Plain",
              "Partial Mode": "Partial",
              "Parent Relationship": "Outer",
              "Parallel Aware": false,
              "Startup Cost": 61193.77,
              "Total Cost": 61193.78,
              "Plan Rows": 1,
              "Plan Width": 8,
              "Actual Startup Time": 250.28,
              "Actual Total Time": 250.283,
              "Actual Rows": 1,
              "Actual Loops": 3,
              "Plans": [
                {
                  "Node Type": "Hash Join",
                  "Parent Relationship": "Outer",
                  "Parallel Aware": true,
                  "Join Type": "Inner",
                  "Startup Cost": 45919.22,
                  "Total Cost": 61113.78,
                  "Plan Rows": 31994,
                  "Plan Width": 0,
                  "Actual Startup Time": 149.657,
                  "Actual Total Time": 250.095,
                  "Actual Rows": 2172,
                  "Actual Loops": 3,
                  "Inner Unique": true,
                  "Hash Cond": "(mi_idx.movie_id = t.id)",
                  "Plans": [
                    {
                      "Node Type": "Seq Scan",
                      "Parent Relationship": "Outer",
                      "Parallel Aware": true,
                      "Relation Name": "movie_info_idx",
                      "Alias": "mi_idx",
                      "Startup Cost": 0.0,
                      "Total Cost": 13685.15,
                      "Plan Rows": 575015,
                      "Plan Width": 4,
                      "Actual Startup Time": 0.034,
                      "Actual Total Time": 49.806,
                      "Actual Rows": 460012,
                      "Actual Loops": 3
                    },
                    {
                      "Node Type": "Hash",
                      "Parent Relationship": "Inner",
                      "Parallel Aware": true,
                      "Startup Cost": 45479.59,
                      "Total Cost": 45479.59,
                      "Plan Rows": 35171,
                      "Plan Width": 4,
                      "Actual Startup Time": 145.533,
                      "Actual Total Time": 145.533,
                      "Actual Rows": 9804,
                      "Actual Loops": 3,
                      "Hash Buckets": 262144,
                      "Original Hash Buckets": 262144,
                      "Hash Batches": 1,
                      "Original Hash Batches": 1,
                      "Peak Memory Usage": 3232,
                      "Plans": [
                        {
                          "Node Type": "Seq Scan",
                          "Parent Relationship": "Outer",
                          "Parallel Aware": true,
                          "Relation Name": "title",
                          "Alias": "t",
                          "Startup Cost": 0.0,
                          "Total Cost": 45479.59,
                          "Plan Rows": 35171,
                          "Plan Width": 4,
                          "Actual Startup Time": 0.116,
                          "Actual Total Time": 139.161,
                          "Actual Rows": 9804,
                          "Actual Loops": 3,
                          "Filter": "((kind_id > 2) AND (production_year < 1957))",
                          "Rows Removed by Filter": 832967
                        }
                      ]
                    }
                  ]
                }
              ]
            }
          ]
        }
      ]
    },
    "Planning Time": 0.583,
    "Triggers": [],
    "Execution Time": 274.59
  }
]