[
  {
    "Plan": {
      "Node Type": "Aggregate",
      "Strategy": "Plain",
      "Partial Mode": "Finalize",
      "Parallel Aware": false,
      "Startup Cost": 32893.33,
      "Total Cost": 32893.34,
      "Plan Rows": 1,
      "Plan Width": 8,
      "Actual Startup Time": 69.41,
      "Actual Total Time": 75.575,
      "Actual Rows": 1,
      "Actual Loops": 1,
      "Plans": [
        {
          "Node Type": "Gather",
          "Parent Relationship": "Outer",
          "Parallel Aware": false,
          "Startup Cost": 32893.01,
          "Total Cost": 32893.32,
          "Plan Rows": 3,
          "Plan Width": 8,
          "Actual Startup Time": 69.33,
          "Actual Total Time": 75.568,
          "Actual Rows": 4,
          "Actual Loops": 1,
          "Workers Planned": 3,
          "Workers Launched": 3,
          "Single Copy": false,
          "Plans": [
            {
              "Node Type": "Aggregate",
              "Strategy": "Plain",
              "Partial Mode": "Partial",
              "Parent Relationship": "Outer",
              "Parallel Aware": false,
              "Startup Cost": 31893.01,
              "Total Cost": 31893.02,
              "Plan Rows": 1,
              "Plan Width": 8,
              "Actual Startup Time": 66.729,
              "Actual Total Time": 66.73,
              "Actual Rows": 1,
              "Actual Loops": 4,
              "Plans": [
                {
                  "Node Type": "Seq Scan",
                  "Parent Relationship": "Outer",
                  "Parallel Aware": true,
                  "Relation Name": "movie_companies",
                  "Alias": "mc",
                  "Startup Cost": 0.0,
                  "Total Cost": 31414.82,
                  "Plan Rows": 191278,
                  "Plan Width": 0,
                  "Actual Startup Time": 10.825,
                  "Actual Total Time": 62.824,
                  "Actual Rows": 82920,
                  "Actual Loops": 4,
                  "Filter": "((company_id > 12079) AND (company_type_id < 2))",
                  "Rows Removed by Filter": 569362
                }
              ]
            }
          ]
        }
      ]
    },
    "Planning Time": 0.103,
    "Triggers": [],
    "Execution Time": 75.605
  }
]