[
  {
    "Plan": {
      "Node Type": "Aggregate",
      "Strategy": "Plain",
      "Partial Mode": "Finalize",
      "Parallel Aware": false,
      "Startup Cost": 32896.97,
      "Total Cost": 32896.98,
      "Plan Rows": 1,
      "Plan Width": 8,
      "Actual Startup Time": 88.088,
      "Actual Total Time": 93.198,
      "Actual Rows": 1,
      "Actual Loops": 1,
      "Plans": [
        {
          "Node Type": "Gather",
          "Parent Relationship": "Outer",
          "Parallel Aware": false,
          "Startup Cost": 32896.66,
          "Total Cost": 32896.97,
          "Plan Rows": 3,
          "Plan Width": 8,
          "Actual Startup Time": 87.862,
          "Actual Total Time": 93.19,
          "Actual Rows": 4,
          "Actual Loops": 1,
          "Workers Planned": 3,
          "Workers Launched": 3,
          "Single Copy": false,
          "Plans": [
            {
              "Node Type": "Aggregate",
              "Strategy": "Plain",
              "Partial Mode": "Partial",
              "Parent Relationship": "Outer",
              "Parallel Aware": false,
              "Startup Cost": 31896.66,
              "Total Cost": 31896.67,
              "Plan Rows": 1,
              "Plan Width": 8,
              "Actual Startup Time": 79.507,
              "Actual Total Time": 79.508,
              "Actual Rows": 1,
              "Actual Loops": 4,
              "Plans": [
                {
                  "Node Type": "Seq Scan",
                  "Parent Relationship": "Outer",
                  "Parallel Aware": true,
                  "Relation Name": "movie_companies",
                  "Alias": "mc",
                  "Startup Cost": 0.0,
                  "Total Cost": 31414.82,
                  "Plan Rows": 192735,
                  "Plan Width": 0,
                  "Actual Startup Time": 22.442,
                  "Actual Total Time": 75.528,
                  "Actual Rows": 82920,
                  "Actual Loops": 4,
                  "Filter": "((company_id > 12079) AND (company_type_id < 2))",
                  "Rows Removed by Filter": 569362
                }
              ]
            }
          ]
        }
      ]
    },
    "Planning Time": 0.185,
    "Triggers": [],
    "Execution Time": 93.247
  }
]