[
  {
    "Plan": {
      "Node Type": "Aggregate",
      "Strategy": "Plain",
      "Partial Mode": "Finalize",
      "Parallel Aware": false,
      "Startup Cost": 78994.11,
      "Total Cost": 78994.12,
      "Plan Rows": 1,
      "Plan Width": 8,
      "Actual Startup Time": 127.475,
      "Actual Total Time": 135.175,
      "Actual Rows": 1,
      "Actual Loops": 1,
      "Plans": [
        {
          "Node Type": "Gather",
          "Parent Relationship": "Outer",
          "Parallel Aware": false,
          "Startup Cost": 78993.59,
          "Total Cost": 78994.1,
          "Plan Rows": 5,
          "Plan Width": 8,
          "Actual Startup Time": 127.323,
          "Actual Total Time": 135.165,
          "Actual Rows": 6,
          "Actual Loops": 1,
          "Workers Planned": 5,
          "Workers Launched": 5,
          "Single Copy": false,
          "Plans": [
            {
              "Node Type": "Aggregate",
              "Strategy": "Plain",
              "Partial Mode": "Partial",
              "Parent Relationship": "Outer",
              "Parallel Aware": false,
              "Startup Cost": 77993.59,
              "Total Cost": 77993.6,
              "Plan Rows": 1,
              "Plan Width": 8,
              "Actual Startup Time": 117.695,
              "Actual Total Time": 117.696,
              "Actual Rows": 1,
              "Actual Loops": 6,
              "Plans": [
                {
                  "Node Type": "Index Scan",
                  "Parent Relationship": "Outer",
                  "Parallel Aware": true,
                  "Scan Direction": "Forward",
                  "Index Name": "role_id_cast_info",
                  "Relation Name": "cast_info",
                  "Alias": "ci",
                  "Startup Cost": 0.56,
                  "Total Cost": 77740.85,
                  "Plan Rows": 101094,
                  "Plan Width": 0,
                  "Actual Startup Time": 0.184,
                  "Actual Total Time": 112.595,
                  "Actual Rows": 76827,
                  "Actual Loops": 6,
                  "Index Cond": "(role_id = 4)",
                  "Rows Removed by Index Recheck": 0,
                  "Filter": "(person_id < 640231)",
                  "Rows Removed by Filter": 377997
                }
              ]
            }
          ]
        }
      ]
    },
    "Planning Time": 0.21,
    "Triggers": [],
    "Execution Time": 135.237
  }
]