[
    {
        "Bao": {
            "Bao prediction": "NaN",
            "Bao recommended hint": "(no hint)"
        }
    },
    {
        "Plan": {
            "Node Type": "Aggregate",
            "Strategy": "Plain",
            "Partial Mode": "Finalize",
            "Parallel Aware": false,
            "Startup Cost": 594512.73,
            "Total Cost": 594512.74,
            "Plan Rows": 1,
            "Plan Width": 8,
            "Actual Startup Time": 3329.774,
            "Actual Total Time": 3374.16,
            "Actual Rows": 1,
            "Actual Loops": 1,
            "Output": [
                "count(*)"
            ],
            "Plans": [
                {
                    "Node Type": "Gather",
                    "Parent Relationship": "Outer",
                    "Parallel Aware": false,
                    "Startup Cost": 594512.1,
                    "Total Cost": 594512.71,
                    "Plan Rows": 6,
                    "Plan Width": 8,
                    "Actual Startup Time": 3324.065,
                    "Actual Total Time": 3374.15,
                    "Actual Rows": 7,
                    "Actual Loops": 1,
                    "Output": [
                        "(PARTIAL count(*))"
                    ],
                    "Workers Planned": 6,
                    "Workers Launched": 6,
                    "Single Copy": false,
                    "Plans": [
                        {
                            "Node Type": "Aggregate",
                            "Strategy": "Plain",
                            "Partial Mode": "Partial",
                            "Parent Relationship": "Outer",
                            "Parallel Aware": false,
                            "Startup Cost": 593512.1,
                            "Total Cost": 593512.11,
                            "Plan Rows": 1,
                            "Plan Width": 8,
                            "Actual Startup Time": 3310.897,
                            "Actual Total Time": 3310.902,
                            "Actual Rows": 1,
                            "Actual Loops": 7,
                            "Output": [
                                "PARTIAL count(*)"
                            ],
                            "Workers": [
                                {
                                    "Worker Number": 0,
                                    "Actual Startup Time": 3307.991,
                                    "Actual Total Time": 3307.996,
                                    "Actual Rows": 1,
                                    "Actual Loops": 1
                                },
                                {
                                    "Worker Number": 1,
                                    "Actual Startup Time": 3308.622,
                                    "Actual Total Time": 3308.626,
                                    "Actual Rows": 1,
                                    "Actual Loops": 1
                                },
                                {
                                    "Worker Number": 2,
                                    "Actual Startup Time": 3308.883,
                                    "Actual Total Time": 3308.888,
                                    "Actual Rows": 1,
                                    "Actual Loops": 1
                                },
                                {
                                    "Worker Number": 3,
                                    "Actual Startup Time": 3308.823,
                                    "Actual Total Time": 3308.827,
                                    "Actual Rows": 1,
                                    "Actual Loops": 1
                                },
                                {
                                    "Worker Number": 4,
                                    "Actual Startup Time": 3308.777,
                                    "Actual Total Time": 3308.781,
                                    "Actual Rows": 1,
                                    "Actual Loops": 1
                                },
                                {
                                    "Worker Number": 5,
                                    "Actual Startup Time": 3310.18,
                                    "Actual Total Time": 3310.185,
                                    "Actual Rows": 1,
                                    "Actual Loops": 1
                                }
                            ],
                            "Plans": [
                                {
                                    "Node Type": "Hash Join",
                                    "Parent Relationship": "Outer",
                                    "Parallel Aware": true,
                                    "Join Type": "Inner",
                                    "Startup Cost": 249128.27,
                                    "Total Cost": 588724.57,
                                    "Plan Rows": 1915011,
                                    "Plan Width": 0,
                                    "Actual Startup Time": 669.536,
                                    "Actual Total Time": 2964.565,
                                    "Actual Rows": 6709957,
                                    "Actual Loops": 7,
                                    "Inner Unique": false,
                                    "Hash Cond": "(ci.movie_id = t.id)",
                                    "Workers": [
                                        {
                                            "Worker Number": 0,
                                            "Actual Startup Time": 666.856,
                                            "Actual Total Time": 2982.412,
                                            "Actual Rows": 8134339,
                                            "Actual Loops": 1
                                        },
                                        {
                                            "Worker Number": 1,
                                            "Actual Startup Time": 667.408,
                                            "Actual Total Time": 2944.835,
                                            "Actual Rows": 5607943,
                                            "Actual Loops": 1
                                        },
                                        {
                                            "Worker Number": 2,
                                            "Actual Startup Time": 667.619,
                                            "Actual Total Time": 2967.582,
                                            "Actual Rows": 6787100,
                                            "Actual Loops": 1
                                        },
                                        {
                                            "Worker Number": 3,
                                            "Actual Startup Time": 667.824,
                                            "Actual Total Time": 2967.662,
                                            "Actual Rows": 6713649,
                                            "Actual Loops": 1
                                        },
                                        {
                                            "Worker Number": 4,
                                            "Actual Startup Time": 667.846,
                                            "Actual Total Time": 2968.568,
                                            "Actual Rows": 6880272,
                                            "Actual Loops": 1
                                        },
                                        {
                                            "Worker Number": 5,
                                            "Actual Startup Time": 668.987,
                                            "Actual Total Time": 2965.595,
                                            "Actual Rows": 6925559,
                                            "Actual Loops": 1
                                        }
                                    ],
                                    "Plans": [
                                        {
                                            "Node Type": "Seq Scan",
                                            "Parent Relationship": "Outer",
                                            "Parallel Aware": true,
                                            "Relation Name": "cast_info",
                                            "Schema": "public",
                                            "Alias": "ci",
                                            "Startup Cost": 0.0,
                                            "Total Cost": 313108.29,
                                            "Plan Rows": 6042129,
                                            "Plan Width": 4,
                                            "Actual Startup Time": 0.042,
                                            "Actual Total Time": 554.678,
                                            "Actual Rows": 5177763,
                                            "Actual Loops": 7,
                                            "Output": [
                                                "ci.id",
                                                "ci.person_id",
                                                "ci.movie_id",
                                                "ci.person_role_id",
                                                "ci.note",
                                                "ci.nr_order",
                                                "ci.role_id"
                                            ],
                                            "Workers": [
                                                {
                                                    "Worker Number": 0,
                                                    "Actual Startup Time": 0.024,
                                                    "Actual Total Time": 546.592,
                                                    "Actual Rows": 6316636,
                                                    "Actual Loops": 1
                                                },
                                                {
                                                    "Worker Number": 1,
                                                    "Actual Startup Time": 0.073,
                                                    "Actual Total Time": 578.689,
                                                    "Actual Rows": 4236996,
                                                    "Actual Loops": 1
                                                },
                                                {
                                                    "Worker Number": 2,
                                                    "Actual Startup Time": 0.03,
                                                    "Actual Total Time": 564.277,
                                                    "Actual Rows": 5302535,
                                                    "Actual Loops": 1
                                                },
                                                {
                                                    "Worker Number": 3,
                                                    "Actual Startup Time": 0.058,
                                                    "Actual Total Time": 585.038,
                                                    "Actual Rows": 5186919,
                                                    "Actual Loops": 1
                                                },
                                                {
                                                    "Worker Number": 4,
                                                    "Actual Startup Time": 0.06,
                                                    "Actual Total Time": 581.607,
                                                    "Actual Rows": 5289571,
                                                    "Actual Loops": 1
                                                },
                                                {
                                                    "Worker Number": 5,
                                                    "Actual Startup Time": 0.035,
                                                    "Actual Total Time": 559.837,
                                                    "Actual Rows": 5303840,
                                                    "Actual Loops": 1
                                                }
                                            ]
                                        },
                                        {
                                            "Node Type": "Hash",
                                            "Parent Relationship": "Inner",
                                            "Parallel Aware": true,
                                            "Startup Cost": 247124.93,
                                            "Total Cost": 247124.93,
                                            "Plan Rows": 160267,
                                            "Plan Width": 8,
                                            "Actual Startup Time": 666.564,
                                            "Actual Total Time": 666.568,
                                            "Actual Rows": 130290,
                                            "Actual Loops": 7,
                                            "Output": [
                                                "t.id",
                                                "mi.movie_id"
                                            ],
                                            "Hash Buckets": 1048576,
                                            "Original Hash Buckets": 1048576,
                                            "Hash Batches": 1,
                                            "Original Hash Batches": 1,
                                            "Peak Memory Usage": 44000,
                                            "Workers": [
                                                {
                                                    "Worker Number": 0,
                                                    "Actual Startup Time": 665.784,
                                                    "Actual Total Time": 665.788,
                                                    "Actual Rows": 175569,
                                                    "Actual Loops": 1
                                                },
                                                {
                                                    "Worker Number": 1,
                                                    "Actual Startup Time": 666.431,
                                                    "Actual Total Time": 666.434,
                                                    "Actual Rows": 117956,
                                                    "Actual Loops": 1
                                                },
                                                {
                                                    "Worker Number": 2,
                                                    "Actual Startup Time": 666.526,
                                                    "Actual Total Time": 666.529,
                                                    "Actual Rows": 121147,
                                                    "Actual Loops": 1
                                                },
                                                {
                                                    "Worker Number": 3,
                                                    "Actual Startup Time": 666.631,
                                                    "Actual Total Time": 666.633,
                                                    "Actual Rows": 115838,
                                                    "Actual Loops": 1
                                                },
                                                {
                                                    "Worker Number": 4,
                                                    "Actual Startup Time": 666.618,
                                                    "Actual Total Time": 666.621,
                                                    "Actual Rows": 118361,
                                                    "Actual Loops": 1
                                                },
                                                {
                                                    "Worker Number": 5,
                                                    "Actual Startup Time": 667.845,
                                                    "Actual Total Time": 667.849,
                                                    "Actual Rows": 120748,
                                                    "Actual Loops": 1
                                                }
                                            ],
                                            "Plans": [
                                                {
                                                    "Node Type": "Hash Join",
                                                    "Parent Relationship": "Outer",
                                                    "Parallel Aware": true,
                                                    "Join Type": "Inner",
                                                    "Startup Cost": 47253.21,
                                                    "Total Cost": 247124.93,
                                                    "Plan Rows": 160267,
                                                    "Plan Width": 8,
                                                    "Actual Startup Time": 219.711,
                                                    "Actual Total Time": 614.372,
                                                    "Actual Rows": 130290,
                                                    "Actual Loops": 7,
                                                    "Output": [
                                                        "t.id",
                                                        "mi.movie_id"
                                                    ],
                                                    "Inner Unique": true,
                                                    "Hash Cond": "(mi.movie_id = t.id)",
                                                    "Workers": [
                                                        {
                                                            "Worker Number": 0,
                                                            "Actual Startup Time": 219.413,
                                                            "Actual Total Time": 613.931,
                                                            "Actual Rows": 175569,
                                                            "Actual Loops": 1
                                                        },
                                                        {
                                                            "Worker Number": 1,
                                                            "Actual Startup Time": 219.783,
                                                            "Actual Total Time": 614.98,
                                                            "Actual Rows": 117956,
                                                            "Actual Loops": 1
                                                        },
                                                        {
                                                            "Worker Number": 2,
                                                            "Actual Startup Time": 219.744,
                                                            "Actual Total Time": 615.32,
                                                            "Actual Rows": 121147,
                                                            "Actual Loops": 1
                                                        },
                                                        {
                                                            "Worker Number": 3,
                                                            "Actual Startup Time": 219.759,
                                                            "Actual Total Time": 615.451,
                                                            "Actual Rows": 115838,
                                                            "Actual Loops": 1
                                                        },
                                                        {
                                                            "Worker Number": 4,
                                                            "Actual Startup Time": 219.713,
                                                            "Actual Total Time": 614.799,
                                                            "Actual Rows": 118361,
                                                            "Actual Loops": 1
                                                        },
                                                        {
                                                            "Worker Number": 5,
                                                            "Actual Startup Time": 219.695,
                                                            "Actual Total Time": 615.942,
                                                            "Actual Rows": 120748,
                                                            "Actual Loops": 1
                                                        }
                                                    ],
                                                    "Plans": [
                                                        {
                                                            "Node Type": "Seq Scan",
                                                            "Parent Relationship": "Outer",
                                                            "Parallel Aware": true,
                                                            "Relation Name": "movie_info",
                                                            "Schema": "public",
                                                            "Alias": "mi",
                                                            "Startup Cost": 0.0,
                                                            "Total Cost": 198880.74,
                                                            "Plan Rows": 377518,
                                                            "Plan Width": 4,
                                                            "Actual Startup Time": 17.753,
                                                            "Actual Total Time": 331.818,
                                                            "Actual Rows": 266519,
                                                            "Actual Loops": 7,
                                                            "Output": [
                                                                "mi.id",
                                                                "mi.movie_id",
                                                                "mi.info_type_id",
                                                                "mi.info",
                                                                "mi.note"
                                                            ],
                                                            "Filter": "(mi.info_type_id > 17)",
                                                            "Rows Removed by Filter": 1852870,
                                                            "Workers": [
                                                                {
                                                                    "Worker Number": 0,
                                                                    "Actual Startup Time": 17.712,
                                                                    "Actual Total Time": 328.115,
                                                                    "Actual Rows": 357364,
                                                                    "Actual Loops": 1
                                                                },
                                                                {
                                                                    "Worker Number": 1,
                                                                    "Actual Startup Time": 17.75,
                                                                    "Actual Total Time": 336.293,
                                                                    "Actual Rows": 239317,
                                                                    "Actual Loops": 1
                                                                },
                                                                {
                                                                    "Worker Number": 2,
                                                                    "Actual Startup Time": 17.89,
                                                                    "Actual Total Time": 335.874,
                                                                    "Actual Rows": 246429,
                                                                    "Actual Loops": 1
                                                                },
                                                                {
                                                                    "Worker Number": 3,
                                                                    "Actual Startup Time": 17.756,
                                                                    "Actual Total Time": 336.604,
                                                                    "Actual Rows": 238654,
                                                                    "Actual Loops": 1
                                                                },
                                                                {
                                                                    "Worker Number": 4,
                                                                    "Actual Startup Time": 17.729,
                                                                    "Actual Total Time": 336.247,
                                                                    "Actual Rows": 239109,
                                                                    "Actual Loops": 1
                                                                },
                                                                {
                                                                    "Worker Number": 5,
                                                                    "Actual Startup Time": 17.739,
                                                                    "Actual Total Time": 335.972,
                                                                    "Actual Rows": 245376,
                                                                    "Actual Loops": 1
                                                                }
                                                            ]
                                                        },
                                                        {
                                                            "Node Type": "Hash",
                                                            "Parent Relationship": "Inner",
                                                            "Parallel Aware": true,
                                                            "Startup Cost": 43899.01,
                                                            "Total Cost": 43899.01,
                                                            "Plan Rows": 268336,
                                                            "Plan Width": 4,
                                                            "Actual Startup Time": 198.871,
                                                            "Actual Total Time": 198.872,
                                                            "Actual Rows": 153538,
                                                            "Actual Loops": 7,
                                                            "Output": [
                                                                "t.id"
                                                            ],
                                                            "Hash Buckets": 2097152,
                                                            "Original Hash Buckets": 2097152,
                                                            "Hash Batches": 1,
                                                            "Original Hash Batches": 1,
                                                            "Peak Memory Usage": 58592,
                                                            "Workers": [
                                                                {
                                                                    "Worker Number": 0,
                                                                    "Actual Startup Time": 201.428,
                                                                    "Actual Total Time": 201.429,
                                                                    "Actual Rows": 188541,
                                                                    "Actual Loops": 1
                                                                },
                                                                {
                                                                    "Worker Number": 1,
                                                                    "Actual Startup Time": 201.736,
                                                                    "Actual Total Time": 201.737,
                                                                    "Actual Rows": 133380,
                                                                    "Actual Loops": 1
                                                                },
                                                                {
                                                                    "Worker Number": 2,
                                                                    "Actual Startup Time": 201.629,
                                                                    "Actual Total Time": 201.63,
                                                                    "Actual Rows": 139290,
                                                                    "Actual Loops": 1
                                                                },
                                                                {
                                                                    "Worker Number": 3,
                                                                    "Actual Startup Time": 201.56,
                                                                    "Actual Total Time": 201.561,
                                                                    "Actual Rows": 135592,
                                                                    "Actual Loops": 1
                                                                },
                                                                {
                                                                    "Worker Number": 4,
                                                                    "Actual Startup Time": 201.577,
                                                                    "Actual Total Time": 201.578,
                                                                    "Actual Rows": 131059,
                                                                    "Actual Loops": 1
                                                                },
                                                                {
                                                                    "Worker Number": 5,
                                                                    "Actual Startup Time": 201.642,
                                                                    "Actual Total Time": 201.643,
                                                                    "Actual Rows": 141570,
                                                                    "Actual Loops": 1
                                                                }
                                                            ],
                                                            "Plans": [
                                                                {
                                                                    "Node Type": "Seq Scan",
                                                                    "Parent Relationship": "Outer",
                                                                    "Parallel Aware": true,
                                                                    "Relation Name": "title",
                                                                    "Schema": "public",
                                                                    "Alias": "t",
                                                                    "Startup Cost": 0.0,
                                                                    "Total Cost": 43899.01,
                                                                    "Plan Rows": 268336,
                                                                    "Plan Width": 4,
                                                                    "Actual Startup Time": 0.068,
                                                                    "Actual Total Time": 93.252,
                                                                    "Actual Rows": 153538,
                                                                    "Actual Loops": 7,
                                                                    "Output": [
                                                                        "t.id"
                                                                    ],
                                                                    "Filter": "(t.production_year < 2001)",
                                                                    "Rows Removed by Filter": 207650,
                                                                    "Workers": [
                                                                        {
                                                                            "Worker Number": 0,
                                                                            "Actual Startup Time": 0.07,
                                                                            "Actual Total Time": 91.155,
                                                                            "Actual Rows": 188541,
                                                                            "Actual Loops": 1
                                                                        },
                                                                        {
                                                                            "Worker Number": 1,
                                                                            "Actual Startup Time": 0.077,
                                                                            "Actual Total Time": 94.587,
                                                                            "Actual Rows": 133380,
                                                                            "Actual Loops": 1
                                                                        },
                                                                        {
                                                                            "Worker Number": 2,
                                                                            "Actual Startup Time": 0.071,
                                                                            "Actual Total Time": 96.357,
                                                                            "Actual Rows": 139290,
                                                                            "Actual Loops": 1
                                                                        },
                                                                        {
                                                                            "Worker Number": 3,
                                                                            "Actual Startup Time": 0.082,
                                                                            "Actual Total Time": 96.056,
                                                                            "Actual Rows": 135592,
                                                                            "Actual Loops": 1
                                                                        },
                                                                        {
                                                                            "Worker Number": 4,
                                                                            "Actual Startup Time": 0.07,
                                                                            "Actual Total Time": 94.013,
                                                                            "Actual Rows": 131059,
                                                                            "Actual Loops": 1
                                                                        },
                                                                        {
                                                                            "Worker Number": 5,
                                                                            "Actual Startup Time": 0.084,
                                                                            "Actual Total Time": 97.549,
                                                                            "Actual Rows": 141570,
                                                                            "Actual Loops": 1
                                                                        }
                                                                    ]
                                                                }
                                                            ]
                                                        }
                                                    ]
                                                }
                                            ]
                                        }
                                    ]
                                }
                            ]
                        }
                    ]
                }
            ]
        },
        "Planning Time": 289.91,
        "Triggers": [],
        "Execution Time": 3374.293
    }
]