[
  {
    "Plan": {
      "Node Type": "Aggregate",
      "Strategy": "Plain",
      "Partial Mode": "Finalize",
      "Parallel Aware": false,
      "Startup Cost": 68482.05,
      "Total Cost": 68482.06,
      "Plan Rows": 1,
      "Plan Width": 8,
      "Actual Startup Time": 182.288,
      "Actual Total Time": 194.962,
      "Actual Rows": 1,
      "Actual Loops": 1,
      "Plans": [
        {
          "Node Type": "Gather",
          "Parent Relationship": "Outer",
          "Parallel Aware": false,
          "Startup Cost": 68481.63,
          "Total Cost": 68482.04,
          "Plan Rows": 4,
          "Plan Width": 8,
          "Actual Startup Time": 181.509,
          "Actual Total Time": 194.955,
          "Actual Rows": 5,
          "Actual Loops": 1,
          "Workers Planned": 4,
          "Workers Launched": 4,
          "Single Copy": false,
          "Plans": [
            {
              "Node Type": "Aggregate",
              "Strategy": "Plain",
              "Partial Mode": "Partial",
              "Parent Relationship": "Outer",
              "Parallel Aware": false,
              "Startup Cost": 67481.63,
              "Total Cost": 67481.64,
              "Plan Rows": 1,
              "Plan Width": 8,
              "Actual Startup Time": 172.9,
              "Actual Total Time": 172.905,
              "Actual Rows": 1,
              "Actual Loops": 5,
              "Plans": [
                {
                  "Node Type": "Hash Join",
                  "Parent Relationship": "Outer",
                  "Parallel Aware": true,
                  "Join Type": "Inner",
                  "Startup Cost": 21437.81,
                  "Total Cost": 67445.35,
                  "Plan Rows": 14514,
                  "Plan Width": 0,
                  "Actual Startup Time": 132.854,
                  "Actual Total Time": 172.253,
                  "Actual Rows": 11668,
                  "Actual Loops": 5,
                  "Inner Unique": false,
                  "Hash Cond": "(t.id = mc.movie_id)",
                  "Plans": [
                    {
                      "Node Type": "Seq Scan",
                      "Parent Relationship": "Outer",
                      "Parallel Aware": true,
                      "Relation Name": "title",
                      "Alias": "t",
                      "Startup Cost": 0.0,
                      "Total Cost": 43898.92,
                      "Plan Rows": 412361,
                      "Plan Width": 4,
                      "Actual Startup Time": 0.023,
                      "Actual Total Time": 88.424,
                      "Actual Rows": 328703,
                      "Actual Loops": 5,
                      "Filter": "(production_year > 1994)",
                      "Rows Removed by Filter": 176960
                    },
                    {
                      "Node Type": "Hash",
                      "Parent Relationship": "Inner",
                      "Parallel Aware": true,
                      "Startup Cost": 21078.97,
                      "Total Cost": 21078.97,
                      "Plan Rows": 28707,
                      "Plan Width": 4,
                      "Actual Startup Time": 35.108,
                      "Actual Total Time": 35.111,
                      "Actual Rows": 16960,
                      "Actual Loops": 5,
                      "Hash Buckets": 131072,
                      "Original Hash Buckets": 131072,
                      "Hash Batches": 1,
                      "Original Hash Batches": 1,
                      "Peak Memory Usage": 4448,
                      "Plans": [
                        {
                          "Node Type": "Bitmap Heap Scan",
                          "Parent Relationship": "Outer",
                          "Parallel Aware": true,
                          "Relation Name": "movie_companies",
                          "Alias": "mc",
                          "Startup Cost": 1930.13,
                          "Total Cost": 21078.97,
                          "Plan Rows": 28707,
                          "Plan Width": 4,
                          "Actual Startup Time": 8.209,
                          "Actual Total Time": 25.343,
                          "Actual Rows": 16960,
                          "Actual Loops": 5,
                          "Recheck Cond": "(company_id > 166963)",
                          "Rows Removed by Index Recheck": 0,
                          "Exact Heap Blocks": 1184,
                          "Lossy Heap Blocks": 0,
                          "Plans": [
                            {
                              "Node Type": "Bitmap Index Scan",
                              "Parent Relationship": "Outer",
                              "Parallel Aware": false,
                              "Index Name": "company_id_movie_companies",
                              "Startup Cost": 0.0,
                              "Total Cost": 1907.88,
                              "Plan Rows": 88993,
                              "Plan Width": 0,
                              "Actual Startup Time": 10.907,
                              "Actual Total Time": 10.907,
                              "Actual Rows": 84799,
                              "Actual Loops": 1,
                              "Index Cond": "(company_id > 166963)"
                            }
                          ]
                        }
                      ]
                    }
                  ]
                }
              ]
            }
          ]
        }
      ]
    },
    "Planning Time": 0.607,
    "Triggers": [],
    "Execution Time": 195.051
  }
]