[
  {
    "Plan": {
      "Node Type": "Aggregate",
      "Strategy": "Plain",
      "Partial Mode": "Finalize",
      "Parallel Aware": false,
      "Startup Cost": 331396.45,
      "Total Cost": 331396.46,
      "Plan Rows": 1,
      "Plan Width": 8,
      "Actual Startup Time": 619.604,
      "Actual Total Time": 664.551,
      "Actual Rows": 1,
      "Actual Loops": 1,
      "Plans": [
        {
          "Node Type": "Gather",
          "Parent Relationship": "Outer",
          "Parallel Aware": false,
          "Startup Cost": 331395.83,
          "Total Cost": 331396.44,
          "Plan Rows": 6,
          "Plan Width": 8,
          "Actual Startup Time": 619.405,
          "Actual Total Time": 664.54,
          "Actual Rows": 7,
          "Actual Loops": 1,
          "Workers Planned": 6,
          "Workers Launched": 6,
          "Single Copy": false,
          "Plans": [
            {
              "Node Type": "Aggregate",
              "Strategy": "Plain",
              "Partial Mode": "Partial",
              "Parent Relationship": "Outer",
              "Parallel Aware": false,
              "Startup Cost": 330395.83,
              "Total Cost": 330395.84,
              "Plan Rows": 1,
              "Plan Width": 8,
              "Actual Startup Time": 611.626,
              "Actual Total Time": 611.627,
              "Actual Rows": 1,
              "Actual Loops": 7,
              "Plans": [
                {
                  "Node Type": "Seq Scan",
                  "Parent Relationship": "Outer",
                  "Parallel Aware": true,
                  "Relation Name": "cast_info",
                  "Alias": "ci",
                  "Startup Cost": 0.0,
                  "Total Cost": 328211.39,
                  "Plan Rows": 873775,
                  "Plan Width": 0,
                  "Actual Startup Time": 392.879,
                  "Actual Total Time": 572.607,
                  "Actual Rows": 742818,
                  "Actual Loops": 7,
                  "Filter": "(person_id > 3144127)",
                  "Rows Removed by Filter": 4434946
                }
              ]
            }
          ]
        }
      ]
    },
    "Planning Time": 0.071,
    "Triggers": [],
    "Execution Time": 664.593
  }
]