[
  {
    "Plan": {
      "Node Type": "Aggregate",
      "Strategy": "Plain",
      "Partial Mode": "Finalize",
      "Parallel Aware": false,
      "Startup Cost": 331389.51,
      "Total Cost": 331389.52,
      "Plan Rows": 1,
      "Plan Width": 8,
      "Actual Startup Time": 601.189,
      "Actual Total Time": 660.104,
      "Actual Rows": 1,
      "Actual Loops": 1,
      "Plans": [
        {
          "Node Type": "Gather",
          "Parent Relationship": "Outer",
          "Parallel Aware": false,
          "Startup Cost": 331388.89,
          "Total Cost": 331389.49,
          "Plan Rows": 6,
          "Plan Width": 8,
          "Actual Startup Time": 601.078,
          "Actual Total Time": 660.094,
          "Actual Rows": 7,
          "Actual Loops": 1,
          "Workers Planned": 6,
          "Workers Launched": 6,
          "Single Copy": false,
          "Plans": [
            {
              "Node Type": "Aggregate",
              "Strategy": "Plain",
              "Partial Mode": "Partial",
              "Parent Relationship": "Outer",
              "Parallel Aware": false,
              "Startup Cost": 330388.89,
              "Total Cost": 330388.9,
              "Plan Rows": 1,
              "Plan Width": 8,
              "Actual Startup Time": 593.488,
              "Actual Total Time": 593.489,
              "Actual Rows": 1,
              "Actual Loops": 7,
              "Plans": [
                {
                  "Node Type": "Seq Scan",
                  "Parent Relationship": "Outer",
                  "Parallel Aware": true,
                  "Relation Name": "cast_info",
                  "Alias": "ci",
                  "Startup Cost": 0.0,
                  "Total Cost": 328162.03,
                  "Plan Rows": 890744,
                  "Plan Width": 0,
                  "Actual Startup Time": 381.203,
                  "Actual Total Time": 558.664,
                  "Actual Rows": 742818,
                  "Actual Loops": 7,
                  "Filter": "(person_id > 3144127)",
                  "Rows Removed by Filter": 4434946
                }
              ]
            }
          ]
        }
      ]
    },
    "Planning Time": 0.136,
    "Triggers": [],
    "Execution Time": 660.159
  }
]