[
    {
        "Bao": {
            "Bao prediction": "NaN",
            "Bao recommended hint": "(no hint)"
        }
    },
    {
        "Plan": {
            "Node Type": "Aggregate",
            "Strategy": "Plain",
            "Partial Mode": "Finalize",
            "Parallel Aware": false,
            "Startup Cost": 345978.6,
            "Total Cost": 345978.61,
            "Plan Rows": 1,
            "Plan Width": 8,
            "Actual Startup Time": 589.828,
            "Actual Total Time": 617.555,
            "Actual Rows": 1,
            "Actual Loops": 1,
            "Output": [
                "count(*)"
            ],
            "Plans": [
                {
                    "Node Type": "Gather",
                    "Parent Relationship": "Outer",
                    "Parallel Aware": false,
                    "Startup Cost": 345977.98,
                    "Total Cost": 345978.59,
                    "Plan Rows": 6,
                    "Plan Width": 8,
                    "Actual Startup Time": 589.724,
                    "Actual Total Time": 617.547,
                    "Actual Rows": 7,
                    "Actual Loops": 1,
                    "Output": [
                        "(PARTIAL count(*))"
                    ],
                    "Workers Planned": 6,
                    "Workers Launched": 6,
                    "Single Copy": false,
                    "Plans": [
                        {
                            "Node Type": "Aggregate",
                            "Strategy": "Plain",
                            "Partial Mode": "Partial",
                            "Parent Relationship": "Outer",
                            "Parallel Aware": false,
                            "Startup Cost": 344977.98,
                            "Total Cost": 344977.99,
                            "Plan Rows": 1,
                            "Plan Width": 8,
                            "Actual Startup Time": 579.639,
                            "Actual Total Time": 579.64,
                            "Actual Rows": 1,
                            "Actual Loops": 7,
                            "Output": [
                                "PARTIAL count(*)"
                            ],
                            "Workers": [
                                {
                                    "Worker Number": 0,
                                    "Actual Startup Time": 577.433,
                                    "Actual Total Time": 577.434,
                                    "Actual Rows": 1,
                                    "Actual Loops": 1
                                },
                                {
                                    "Worker Number": 1,
                                    "Actual Startup Time": 577.635,
                                    "Actual Total Time": 577.637,
                                    "Actual Rows": 1,
                                    "Actual Loops": 1
                                },
                                {
                                    "Worker Number": 2,
                                    "Actual Startup Time": 578.154,
                                    "Actual Total Time": 578.155,
                                    "Actual Rows": 1,
                                    "Actual Loops": 1
                                },
                                {
                                    "Worker Number": 3,
                                    "Actual Startup Time": 578.219,
                                    "Actual Total Time": 578.22,
                                    "Actual Rows": 1,
                                    "Actual Loops": 1
                                },
                                {
                                    "Worker Number": 4,
                                    "Actual Startup Time": 578.185,
                                    "Actual Total Time": 578.186,
                                    "Actual Rows": 1,
                                    "Actual Loops": 1
                                },
                                {
                                    "Worker Number": 5,
                                    "Actual Startup Time": 578.655,
                                    "Actual Total Time": 578.656,
                                    "Actual Rows": 1,
                                    "Actual Loops": 1
                                }
                            ],
                            "Plans": [
                                {
                                    "Node Type": "Seq Scan",
                                    "Parent Relationship": "Outer",
                                    "Parallel Aware": true,
                                    "Relation Name": "cast_info",
                                    "Schema": "public",
                                    "Alias": "ci",
                                    "Startup Cost": 0.0,
                                    "Total Cost": 343318.94,
                                    "Plan Rows": 663616,
                                    "Plan Width": 0,
                                    "Actual Startup Time": 316.698,
                                    "Actual Total Time": 563.636,
                                    "Actual Rows": 362867,
                                    "Actual Loops": 7,
                                    "Output": [
                                        "id",
                                        "person_id",
                                        "movie_id",
                                        "person_role_id",
                                        "note",
                                        "nr_order",
                                        "role_id"
                                    ],
                                    "Filter": "((ci.person_id < 895739) AND (ci.role_id > 2))",
                                    "Rows Removed by Filter": 4814896,
                                    "Workers": [
                                        {
                                            "Worker Number": 0,
                                            "Actual Startup Time": 314.496,
                                            "Actual Total Time": 561.017,
                                            "Actual Rows": 238786,
                                            "Actual Loops": 1
                                        },
                                        {
                                            "Worker Number": 1,
                                            "Actual Startup Time": 314.695,
                                            "Actual Total Time": 562.335,
                                            "Actual Rows": 358906,
                                            "Actual Loops": 1
                                        },
                                        {
                                            "Worker Number": 2,
                                            "Actual Startup Time": 315.211,
                                            "Actual Total Time": 562.622,
                                            "Actual Rows": 368739,
                                            "Actual Loops": 1
                                        },
                                        {
                                            "Worker Number": 3,
                                            "Actual Startup Time": 315.274,
                                            "Actual Total Time": 562.839,
                                            "Actual Rows": 362628,
                                            "Actual Loops": 1
                                        },
                                        {
                                            "Worker Number": 4,
                                            "Actual Startup Time": 315.239,
                                            "Actual Total Time": 562.739,
                                            "Actual Rows": 362820,
                                            "Actual Loops": 1
                                        },
                                        {
                                            "Worker Number": 5,
                                            "Actual Startup Time": 315.715,
                                            "Actual Total Time": 563.047,
                                            "Actual Rows": 368848,
                                            "Actual Loops": 1
                                        }
                                    ]
                                }
                            ]
                        }
                    ]
                }
            ]
        },
        "Planning Time": 232.041,
        "Triggers": [],
        "Execution Time": 617.62
    }
]