[
  {
    "Plan": {
      "Node Type": "Aggregate",
      "Strategy": "Plain",
      "Partial Mode": "Finalize",
      "Parallel Aware": false,
      "Startup Cost": 49079.45,
      "Total Cost": 49079.46,
      "Plan Rows": 1,
      "Plan Width": 8,
      "Actual Startup Time": 91.171,
      "Actual Total Time": 103.625,
      "Actual Rows": 1,
      "Actual Loops": 1,
      "Plans": [
        {
          "Node Type": "Gather",
          "Parent Relationship": "Outer",
          "Parallel Aware": false,
          "Startup Cost": 49079.03,
          "Total Cost": 49079.44,
          "Plan Rows": 4,
          "Plan Width": 8,
          "Actual Startup Time": 91.02,
          "Actual Total Time": 103.616,
          "Actual Rows": 5,
          "Actual Loops": 1,
          "Workers Planned": 4,
          "Workers Launched": 4,
          "Single Copy": false,
          "Plans": [
            {
              "Node Type": "Aggregate",
              "Strategy": "Plain",
              "Partial Mode": "Partial",
              "Parent Relationship": "Outer",
              "Parallel Aware": false,
              "Startup Cost": 48079.03,
              "Total Cost": 48079.04,
              "Plan Rows": 1,
              "Plan Width": 8,
              "Actual Startup Time": 84.366,
              "Actual Total Time": 84.368,
              "Actual Rows": 1,
              "Actual Loops": 5,
              "Plans": [
                {
                  "Node Type": "Nested Loop",
                  "Parent Relationship": "Outer",
                  "Parallel Aware": false,
                  "Join Type": "Inner",
                  "Startup Cost": 0.43,
                  "Total Cost": 48077.82,
                  "Plan Rows": 485,
                  "Plan Width": 0,
                  "Actual Startup Time": 6.638,
                  "Actual Total Time": 84.122,
                  "Actual Rows": 4191,
                  "Actual Loops": 5,
                  "Inner Unique": false,
                  "Plans": [
                    {
                      "Node Type": "Seq Scan",
                      "Parent Relationship": "Outer",
                      "Parallel Aware": true,
                      "Relation Name": "title",
                      "Alias": "t",
                      "Startup Cost": 0.0,
                      "Total Cost": 45479.59,
                      "Plan Rows": 271,
                      "Plan Width": 4,
                      "Actual Startup Time": 6.451,
                      "Actual Total Time": 76.306,
                      "Actual Rows": 470,
                      "Actual Loops": 5,
                      "Filter": "((kind_id < 7) AND (production_year = 1948))",
                      "Rows Removed by Filter": 505192
                    },
                    {
                      "Node Type": "Index Only Scan",
                      "Parent Relationship": "Inner",
                      "Parallel Aware": false,
                      "Scan Direction": "Forward",
                      "Index Name": "movie_id_movie_keyword",
                      "Relation Name": "movie_keyword",
                      "Alias": "mk",
                      "Startup Cost": 0.43,
                      "Total Cost": 9.13,
                      "Plan Rows": 46,
                      "Plan Width": 4,
                      "Actual Startup Time": 0.014,
                      "Actual Total Time": 0.015,
                      "Actual Rows": 9,
                      "Actual Loops": 2352,
                      "Index Cond": "(movie_id = t.id)",
                      "Rows Removed by Index Recheck": 0,
                      "Heap Fetches": 20953
                    }
                  ]
                }
              ]
            }
          ]
        }
      ]
    },
    "Planning Time": 0.209,
    "Triggers": [],
    "Execution Time": 103.655
  }
]