{
  "Plan": {
    "Node Type": "Aggregate",
    "Strategy": "Plain",
    "Partial Mode": "Finalize",
    "Parallel Aware": false,
    "Startup Cost": 46367.3,
    "Total Cost": 46367.31,
    "Plan Rows": 1,
    "Plan Width": 8,
    "Actual Startup Time": 46.74,
    "Actual Total Time": 52.712,
    "Actual Rows": 1,
    "Actual Loops": 1,
    "Plans": [
      {
        "Node Type": "Gather",
        "Parent Relationship": "Outer",
        "Parallel Aware": false,
        "Startup Cost": 46367.19,
        "Total Cost": 46367.3,
        "Plan Rows": 1,
        "Plan Width": 8,
        "Actual Startup Time": 46.652,
        "Actual Total Time": 52.706,
        "Actual Rows": 2,
        "Actual Loops": 1,
        "Workers Planned": 1,
        "Workers Launched": 1,
        "Single Copy": false,
        "Plans": [
          {
            "Node Type": "Aggregate",
            "Strategy": "Plain",
            "Partial Mode": "Partial",
            "Parent Relationship": "Outer",
            "Parallel Aware": false,
            "Startup Cost": 45367.19,
            "Total Cost": 45367.2,
            "Plan Rows": 1,
            "Plan Width": 8,
            "Actual Startup Time": 40.8,
            "Actual Total Time": 40.801,
            "Actual Rows": 1,
            "Actual Loops": 2,
            "Plans": [
              {
                "Node Type": "Nested Loop",
                "Parent Relationship": "Outer",
                "Parallel Aware": false,
                "Join Type": "Inner",
                "Startup Cost": 156.96,
                "Total Cost": 45356.54,
                "Plan Rows": 4258,
                "Plan Width": 0,
                "Actual Startup Time": 3.54,
                "Actual Total Time": 40.274,
                "Actual Rows": 3748,
                "Actual Loops": 2,
                "Inner Unique": true,
                "Plans": [
                  {
                    "Node Type": "Bitmap Heap Scan",
                    "Parent Relationship": "Outer",
                    "Parallel Aware": true,
                    "Relation Name": "movie_keyword",
                    "Alias": "mk",
                    "Startup Cost": 156.53,
                    "Total Cost": 15825.27,
                    "Plan Rows": 4258,
                    "Plan Width": 4,
                    "Actual Startup Time": 3.402,
                    "Actual Total Time": 11.539,
                    "Actual Rows": 3748,
                    "Actual Loops": 2,
                    "Recheck Cond": "(keyword_id = 889)",
                    "Rows Removed by Index Recheck": 0,
                    "Exact Heap Blocks": 3587,
                    "Lossy Heap Blocks": 0,
                    "Plans": [
                      {
                        "Node Type": "Bitmap Index Scan",
                        "Parent Relationship": "Outer",
                        "Parallel Aware": false,
                        "Index Name": "keyword_id_movie_keyword",
                        "Startup Cost": 0.0,
                        "Total Cost": 154.72,
                        "Plan Rows": 7238,
                        "Plan Width": 0,
                        "Actual Startup Time": 4.366,
                        "Actual Total Time": 4.366,
                        "Actual Rows": 7495,
                        "Actual Loops": 1,
                        "Index Cond": "(keyword_id = 889)"
                      }
                    ]
                  },
                  {
                    "Node Type": "Index Only Scan",
                    "Parent Relationship": "Inner",
                    "Parallel Aware": false,
                    "Scan Direction": "Forward",
                    "Index Name": "title_pkey",
                    "Relation Name": "title",
                    "Alias": "t",
                    "Startup Cost": 0.43,
                    "Total Cost": 6.94,
                    "Plan Rows": 1,
                    "Plan Width": 4,
                    "Actual Startup Time": 0.007,
                    "Actual Total Time": 0.007,
                    "Actual Rows": 1,
                    "Actual Loops": 7495,
                    "Index Cond": "(id = mk.movie_id)",
                    "Rows Removed by Index Recheck": 0,
                    "Heap Fetches": 7495
                  }
                ]
              }
            ]
          }
        ]
      }
    ]
  },
  "Planning Time": 1.186,
  "Triggers": [],
  "Execution Time": 52.799
}