[
  {
    "Plan": {
      "Node Type": "Aggregate",
      "Strategy": "Plain",
      "Partial Mode": "Simple",
      "Parallel Aware": false,
      "Startup Cost": 35767.42,
      "Total Cost": 35767.43,
      "Plan Rows": 1,
      "Plan Width": 8,
      "Actual Startup Time": 7.608,
      "Actual Total Time": 7.609,
      "Actual Rows": 1,
      "Actual Loops": 1,
      "Plans": [
        {
          "Node Type": "Nested Loop",
          "Parent Relationship": "Outer",
          "Parallel Aware": false,
          "Join Type": "Inner",
          "Startup Cost": 1.42,
          "Total Cost": 35766.06,
          "Plan Rows": 545,
          "Plan Width": 0,
          "Actual Startup Time": 0.527,
          "Actual Total Time": 7.605,
          "Actual Rows": 3,
          "Actual Loops": 1,
          "Inner Unique": false,
          "Plans": [
            {
              "Node Type": "Nested Loop",
              "Parent Relationship": "Outer",
              "Parallel Aware": false,
              "Join Type": "Inner",
              "Startup Cost": 0.99,
              "Total Cost": 35211.63,
              "Plan Rows": 999,
              "Plan Width": 8,
              "Actual Startup Time": 0.514,
              "Actual Total Time": 7.59,
              "Actual Rows": 1,
              "Actual Loops": 1,
              "Inner Unique": true,
              "Plans": [
                {
                  "Node Type": "Index Scan",
                  "Parent Relationship": "Outer",
                  "Parallel Aware": false,
                  "Scan Direction": "Forward",
                  "Index Name": "person_id_cast_info",
                  "Relation Name": "cast_info",
                  "Alias": "ci",
                  "Startup Cost": 0.56,
                  "Total Cost": 19288.82,
                  "Plan Rows": 2004,
                  "Plan Width": 4,
                  "Actual Startup Time": 0.484,
                  "Actual Total Time": 7.56,
                  "Actual Rows": 2,
                  "Actual Loops": 1,
                  "Index Cond": "(person_id = 2536314)",
                  "Rows Removed by Index Recheck": 0,
                  "Filter": "(role_id = 2)",
                  "Rows Removed by Filter": 1922
                },
                {
                  "Node Type": "Index Scan",
                  "Parent Relationship": "Inner",
                  "Parallel Aware": false,
                  "Scan Direction": "Forward",
                  "Index Name": "title_pkey",
                  "Relation Name": "title",
                  "Alias": "t",
                  "Startup Cost": 0.43,
                  "Total Cost": 7.95,
                  "Plan Rows": 1,
                  "Plan Width": 4,
                  "Actual Startup Time": 0.013,
                  "Actual Total Time": 0.013,
                  "Actual Rows": 0,
                  "Actual Loops": 2,
                  "Index Cond": "(id = ci.movie_id)",
                  "Rows Removed by Index Recheck": 0,
                  "Filter": "((kind_id > 2) AND (production_year < 2009))",
                  "Rows Removed by Filter": 0
                }
              ]
            },
            {
              "Node Type": "Index Only Scan",
              "Parent Relationship": "Inner",
              "Parallel Aware": false,
              "Scan Direction": "Forward",
              "Index Name": "movie_id_movie_info_idx",
              "Relation Name": "movie_info_idx",
              "Alias": "mi_idx",
              "Startup Cost": 0.43,
              "Total Cost": 0.52,
              "Plan Rows": 3,
              "Plan Width": 4,
              "Actual Startup Time": 0.012,
              "Actual Total Time": 0.013,
              "Actual Rows": 3,
              "Actual Loops": 1,
              "Index Cond": "(movie_id = t.id)",
              "Rows Removed by Index Recheck": 0,
              "Heap Fetches": 3
            }
          ]
        }
      ]
    },
    "Planning Time": 0.553,
    "Triggers": [],
    "Execution Time": 7.641
  }
]