[
  {
    "Plan": {
      "Node Type": "Aggregate",
      "Strategy": "Plain",
      "Partial Mode": "Finalize",
      "Parallel Aware": false,
      "Startup Cost": 315372.84,
      "Total Cost": 315372.85,
      "Plan Rows": 1,
      "Plan Width": 8,
      "Actual Startup Time": 1859.757,
      "Actual Total Time": 1914.271,
      "Actual Rows": 1,
      "Actual Loops": 1,
      "Plans": [
        {
          "Node Type": "Gather",
          "Parent Relationship": "Outer",
          "Parallel Aware": false,
          "Startup Cost": 315372.52,
          "Total Cost": 315372.83,
          "Plan Rows": 3,
          "Plan Width": 8,
          "Actual Startup Time": 1840.452,
          "Actual Total Time": 1914.261,
          "Actual Rows": 4,
          "Actual Loops": 1,
          "Workers Planned": 3,
          "Workers Launched": 3,
          "Single Copy": false,
          "Plans": [
            {
              "Node Type": "Aggregate",
              "Strategy": "Plain",
              "Partial Mode": "Partial",
              "Parent Relationship": "Outer",
              "Parallel Aware": false,
              "Startup Cost": 314372.52,
              "Total Cost": 314372.53,
              "Plan Rows": 1,
              "Plan Width": 8,
              "Actual Startup Time": 1822.351,
              "Actual Total Time": 1823.192,
              "Actual Rows": 1,
              "Actual Loops": 4,
              "Plans": [
                {
                  "Node Type": "Hash Join",
                  "Parent Relationship": "Outer",
                  "Parallel Aware": true,
                  "Join Type": "Inner",
                  "Startup Cost": 260778.77,
                  "Total Cost": 309331.45,
                  "Plan Rows": 2016431,
                  "Plan Width": 0,
                  "Actual Startup Time": 1380.925,
                  "Actual Total Time": 1744.65,
                  "Actual Rows": 1829501,
                  "Actual Loops": 4,
                  "Inner Unique": false,
                  "Hash Cond": "(mk.movie_id = t.id)",
                  "Plans": [
                    {
                      "Node Type": "Seq Scan",
                      "Parent Relationship": "Outer",
                      "Parallel Aware": true,
                      "Relation Name": "movie_keyword",
                      "Alias": "mk",
                      "Startup Cost": 0.0,
                      "Total Cost": 39047.32,
                      "Plan Rows": 1459332,
                      "Plan Width": 4,
                      "Actual Startup Time": 0.023,
                      "Actual Total Time": 94.374,
                      "Actual Rows": 1130982,
                      "Actual Loops": 4
                    },
                    {
                      "Node Type": "Hash",
                      "Parent Relationship": "Inner",
                      "Parallel Aware": true,
                      "Startup Cost": 252045.11,
                      "Total Cost": 252045.11,
                      "Plan Rows": 698693,
                      "Plan Width": 8,
                      "Actual Startup Time": 1369.53,
                      "Actual Total Time": 1370.369,
                      "Actual Rows": 557214,
                      "Actual Loops": 4,
                      "Hash Buckets": 4194304,
                      "Original Hash Buckets": 4194304,
                      "Hash Batches": 1,
                      "Original Hash Batches": 1,
                      "Peak Memory Usage": 120064,
                      "Plans": [
                        {
                          "Node Type": "Hash Join",
                          "Parent Relationship": "Outer",
                          "Parallel Aware": true,
                          "Join Type": "Inner",
                          "Startup Cost": 49328.12,
                          "Total Cost": 252045.11,
                          "Plan Rows": 698693,
                          "Plan Width": 8,
                          "Actual Startup Time": 229.001,
                          "Actual Total Time": 1153.435,
                          "Actual Rows": 557214,
                          "Actual Loops": 4,
                          "Inner Unique": true,
                          "Hash Cond": "(mi.movie_id = t.id)",
                          "Plans": [
                            {
                              "Node Type": "Seq Scan",
                              "Parent Relationship": "Outer",
                              "Parallel Aware": true,
                              "Relation Name": "movie_info",
                              "Alias": "mi",
                              "Startup Cost": 0.0,
                              "Total Cost": 198952.16,
                              "Plan Rows": 1434213,
                              "Plan Width": 4,
                              "Actual Startup Time": 0.026,
                              "Actual Total Time": 455.3,
                              "Actual Rows": 1821716,
                              "Actual Loops": 4,
                              "Filter": "(info_type_id < 8)",
                              "Rows Removed by Filter": 1887214
                            },
                            {
                              "Node Type": "Hash",
                              "Parent Relationship": "Inner",
                              "Parallel Aware": true,
                              "Startup Cost": 45479.1,
                              "Total Cost": 45479.1,
                              "Plan Rows": 307922,
                              "Plan Width": 4,
                              "Actual Startup Time": 225.912,
                              "Actual Total Time": 225.913,
                              "Actual Rows": 299344,
                              "Actual Loops": 4,
                              "Hash Buckets": 2097152,
                              "Original Hash Buckets": 2097152,
                              "Hash Batches": 1,
                              "Original Hash Batches": 1,
                              "Peak Memory Usage": 63264,
                              "Plans": [
                                {
                                  "Node Type": "Seq Scan",
                                  "Parent Relationship": "Outer",
                                  "Parallel Aware": true,
                                  "Relation Name": "title",
                                  "Alias": "t",
                                  "Startup Cost": 0.0,
                                  "Total Cost": 45479.1,
                                  "Plan Rows": 307922,
                                  "Plan Width": 4,
                                  "Actual Startup Time": 0.038,
                                  "Actual Total Time": 111.715,
                                  "Actual Rows": 299344,
                                  "Actual Loops": 4,
                                  "Filter": "((kind_id > 1) AND (production_year < 2008))",
                                  "Rows Removed by Filter": 332734
                                }
                              ]
                            }
                          ]
                        }
                      ]
                    }
                  ]
                }
              ]
            }
          ]
        }
      ]
    },
    "Planning Time": 1.334,
    "Triggers": [],
    "Execution Time": 1914.356
  }
]