{
  "Plan": {
    "Node Type": "Aggregate",
    "Strategy": "Plain",
    "Partial Mode": "Finalize",
    "Parallel Aware": false,
    "Startup Cost": 107390.15,
    "Total Cost": 107390.16,
    "Plan Rows": 1,
    "Plan Width": 8,
    "Actual Startup Time": 298.853,
    "Actual Total Time": 317.21,
    "Actual Rows": 1,
    "Actual Loops": 1,
    "Plans": [
      {
        "Node Type": "Gather",
        "Parent Relationship": "Outer",
        "Parallel Aware": false,
        "Startup Cost": 107390.04,
        "Total Cost": 107390.15,
        "Plan Rows": 1,
        "Plan Width": 8,
        "Actual Startup Time": 298.316,
        "Actual Total Time": 317.201,
        "Actual Rows": 2,
        "Actual Loops": 1,
        "Workers Planned": 1,
        "Workers Launched": 1,
        "Single Copy": false,
        "Plans": [
          {
            "Node Type": "Aggregate",
            "Strategy": "Plain",
            "Partial Mode": "Partial",
            "Parent Relationship": "Outer",
            "Parallel Aware": false,
            "Startup Cost": 106390.04,
            "Total Cost": 106390.05,
            "Plan Rows": 1,
            "Plan Width": 8,
            "Actual Startup Time": 292.121,
            "Actual Total Time": 292.126,
            "Actual Rows": 1,
            "Actual Loops": 2,
            "Plans": [
              {
                "Node Type": "Nested Loop",
                "Parent Relationship": "Outer",
                "Parallel Aware": false,
                "Join Type": "Inner",
                "Startup Cost": 69037.02,
                "Total Cost": 106376.58,
                "Plan Rows": 5382,
                "Plan Width": 0,
                "Actual Startup Time": 192.229,
                "Actual Total Time": 291.815,
                "Actual Rows": 4121,
                "Actual Loops": 2,
                "Inner Unique": false,
                "Join Filter": "(t.id = mc.movie_id)",
                "Rows Removed by Join Filter": 0,
                "Plans": [
                  {
                    "Node Type": "Hash Join",
                    "Parent Relationship": "Outer",
                    "Parallel Aware": true,
                    "Join Type": "Inner",
                    "Startup Cost": 69036.59,
                    "Total Cost": 97688.96,
                    "Plan Rows": 10759,
                    "Plan Width": 8,
                    "Actual Startup Time": 192.157,
                    "Actual Total Time": 283.924,
                    "Actual Rows": 1957,
                    "Actual Loops": 2,
                    "Inner Unique": true,
                    "Hash Cond": "(mk.movie_id = t.id)",
                    "Plans": [
                      {
                        "Node Type": "Bitmap Heap Scan",
                        "Parent Relationship": "Outer",
                        "Parallel Aware": true,
                        "Relation Name": "movie_keyword",
                        "Alias": "mk",
                        "Startup Cost": 10009.53,
                        "Total Cost": 37933.25,
                        "Plan Rows": 277578,
                        "Plan Width": 4,
                        "Actual Startup Time": 32.808,
                        "Actual Total Time": 95.04,
                        "Actual Rows": 230375,
                        "Actual Loops": 2,
                        "Recheck Cond": "(keyword_id > 38549)",
                        "Rows Removed by Index Recheck": 0,
                        "Exact Heap Blocks": 12310,
                        "Lossy Heap Blocks": 0,
                        "Plans": [
                          {
                            "Node Type": "Bitmap Index Scan",
                            "Parent Relationship": "Outer",
                            "Parallel Aware": false,
                            "Index Name": "keyword_id_movie_keyword",
                            "Startup Cost": 0.0,
                            "Total Cost": 9891.56,
                            "Plan Rows": 471883,
                            "Plan Width": 0,
                            "Actual Startup Time": 29.364,
                            "Actual Total Time": 29.364,
                            "Actual Rows": 460750,
                            "Actual Loops": 1,
                            "Index Cond": "(keyword_id > 38549)"
                          }
                        ]
                      },
                      {
                        "Node Type": "Hash",
                        "Parent Relationship": "Inner",
                        "Parallel Aware": true,
                        "Startup Cost": 58306.47,
                        "Total Cost": 58306.47,
                        "Plan Rows": 57648,
                        "Plan Width": 4,
                        "Actual Startup Time": 156.966,
                        "Actual Total Time": 156.967,
                        "Actual Rows": 53124,
                        "Actual Loops": 2,
                        "Hash Buckets": 131072,
                        "Original Hash Buckets": 131072,
                        "Hash Batches": 1,
                        "Original Hash Batches": 1,
                        "Peak Memory Usage": 5216,
                        "Plans": [
                          {
                            "Node Type": "Seq Scan",
                            "Parent Relationship": "Outer",
                            "Parallel Aware": true,
                            "Relation Name": "title",
                            "Alias": "t",
                            "Startup Cost": 0.0,
                            "Total Cost": 58306.47,
                            "Plan Rows": 57648,
                            "Plan Width": 4,
                            "Actual Startup Time": 0.039,
                            "Actual Total Time": 142.915,
                            "Actual Rows": 53124,
                            "Actual Loops": 2,
                            "Filter": "((kind_id = 7) AND (production_year = 2011))",
                            "Rows Removed by Filter": 1211032
                          }
                        ]
                      }
                    ]
                  },
                  {
                    "Node Type": "Index Scan",
                    "Parent Relationship": "Inner",
                    "Parallel Aware": false,
                    "Scan Direction": "Forward",
                    "Index Name": "movie_id_movie_companies",
                    "Relation Name": "movie_companies",
                    "Alias": "mc",
                    "Startup Cost": 0.43,
                    "Total Cost": 0.77,
                    "Plan Rows": 3,
                    "Plan Width": 4,
                    "Actual Startup Time": 0.003,
                    "Actual Total Time": 0.004,
                    "Actual Rows": 2,
                    "Actual Loops": 3914,
                    "Index Cond": "(movie_id = mk.movie_id)",
                    "Rows Removed by Index Recheck": 0,
                    "Filter": "(company_id < 11163)",
                    "Rows Removed by Filter": 1
                  }
                ]
              }
            ]
          }
        ]
      }
    ]
  },
  "Planning Time": 1.121,
  "Triggers": [],
  "Execution Time": 317.323
}