[
  {
    "Plan": {
      "Node Type": "Aggregate",
      "Strategy": "Plain",
      "Partial Mode": "Finalize",
      "Parallel Aware": false,
      "Startup Cost": 31150.19,
      "Total Cost": 31150.2,
      "Plan Rows": 1,
      "Plan Width": 8,
      "Actual Startup Time": 88.255,
      "Actual Total Time": 96.176,
      "Actual Rows": 1,
      "Actual Loops": 1,
      "Plans": [
        {
          "Node Type": "Gather",
          "Parent Relationship": "Outer",
          "Parallel Aware": false,
          "Startup Cost": 31149.87,
          "Total Cost": 31150.18,
          "Plan Rows": 3,
          "Plan Width": 8,
          "Actual Startup Time": 88.037,
          "Actual Total Time": 96.163,
          "Actual Rows": 4,
          "Actual Loops": 1,
          "Workers Planned": 3,
          "Workers Launched": 3,
          "Single Copy": false,
          "Plans": [
            {
              "Node Type": "Aggregate",
              "Strategy": "Plain",
              "Partial Mode": "Partial",
              "Parent Relationship": "Outer",
              "Parallel Aware": false,
              "Startup Cost": 30149.87,
              "Total Cost": 30149.88,
              "Plan Rows": 1,
              "Plan Width": 8,
              "Actual Startup Time": 84.019,
              "Actual Total Time": 84.021,
              "Actual Rows": 1,
              "Actual Loops": 4,
              "Plans": [
                {
                  "Node Type": "Bitmap Heap Scan",
                  "Parent Relationship": "Outer",
                  "Parallel Aware": true,
                  "Relation Name": "movie_keyword",
                  "Alias": "mk",
                  "Startup Cost": 4638.3,
                  "Total Cost": 29973.61,
                  "Plan Rows": 70505,
                  "Plan Width": 0,
                  "Actual Startup Time": 25.498,
                  "Actual Total Time": 79.875,
                  "Actual Rows": 55816,
                  "Actual Loops": 4,
                  "Recheck Cond": "(keyword_id > 64187)",
                  "Rows Removed by Index Recheck": 0,
                  "Exact Heap Blocks": 8070,
                  "Lossy Heap Blocks": 0,
                  "Plans": [
                    {
                      "Node Type": "Bitmap Index Scan",
                      "Parent Relationship": "Outer",
                      "Parallel Aware": false,
                      "Index Name": "keyword_id_movie_keyword",
                      "Startup Cost": 0.0,
                      "Total Cost": 4583.66,
                      "Plan Rows": 218564,
                      "Plan Width": 0,
                      "Actual Startup Time": 24.155,
                      "Actual Total Time": 24.156,
                      "Actual Rows": 223264,
                      "Actual Loops": 1,
                      "Index Cond": "(keyword_id > 64187)"
                    }
                  ]
                }
              ]
            }
          ]
        }
      ]
    },
    "Planning Time": 0.122,
    "Triggers": [],
    "Execution Time": 96.226
  }
]