[
  {
    "Plan": {
      "Node Type": "Aggregate",
      "Strategy": "Plain",
      "Partial Mode": "Finalize",
      "Parallel Aware": false,
      "Startup Cost": 31559.53,
      "Total Cost": 31559.54,
      "Plan Rows": 1,
      "Plan Width": 8,
      "Actual Startup Time": 85.786,
      "Actual Total Time": 90.238,
      "Actual Rows": 1,
      "Actual Loops": 1,
      "Plans": [
        {
          "Node Type": "Gather",
          "Parent Relationship": "Outer",
          "Parallel Aware": false,
          "Startup Cost": 31559.21,
          "Total Cost": 31559.52,
          "Plan Rows": 3,
          "Plan Width": 8,
          "Actual Startup Time": 85.605,
          "Actual Total Time": 90.231,
          "Actual Rows": 4,
          "Actual Loops": 1,
          "Workers Planned": 3,
          "Workers Launched": 3,
          "Single Copy": false,
          "Plans": [
            {
              "Node Type": "Aggregate",
              "Strategy": "Plain",
              "Partial Mode": "Partial",
              "Parent Relationship": "Outer",
              "Parallel Aware": false,
              "Startup Cost": 30559.21,
              "Total Cost": 30559.22,
              "Plan Rows": 1,
              "Plan Width": 8,
              "Actual Startup Time": 79.909,
              "Actual Total Time": 79.911,
              "Actual Rows": 1,
              "Actual Loops": 4,
              "Plans": [
                {
                  "Node Type": "Bitmap Heap Scan",
                  "Parent Relationship": "Outer",
                  "Parallel Aware": true,
                  "Relation Name": "movie_keyword",
                  "Alias": "mk",
                  "Startup Cost": 4971.79,
                  "Total Cost": 30370.31,
                  "Plan Rows": 75561,
                  "Plan Width": 0,
                  "Actual Startup Time": 27.349,
                  "Actual Total Time": 76.199,
                  "Actual Rows": 55816,
                  "Actual Loops": 4,
                  "Recheck Cond": "(keyword_id > 64187)",
                  "Rows Removed by Index Recheck": 0,
                  "Exact Heap Blocks": 11223,
                  "Lossy Heap Blocks": 0,
                  "Plans": [
                    {
                      "Node Type": "Bitmap Index Scan",
                      "Parent Relationship": "Outer",
                      "Parallel Aware": false,
                      "Index Name": "keyword_id_movie_keyword",
                      "Startup Cost": 0.0,
                      "Total Cost": 4913.23,
                      "Plan Rows": 234240,
                      "Plan Width": 0,
                      "Actual Startup Time": 27.947,
                      "Actual Total Time": 27.948,
                      "Actual Rows": 223264,
                      "Actual Loops": 1,
                      "Index Cond": "(keyword_id > 64187)"
                    }
                  ]
                }
              ]
            }
          ]
        }
      ]
    },
    "Planning Time": 0.204,
    "Triggers": [],
    "Execution Time": 90.304
  }
]