{
  "Plan": {
    "Node Type": "Aggregate",
    "Strategy": "Plain",
    "Partial Mode": "Finalize",
    "Parallel Aware": false,
    "Startup Cost": 124420.44,
    "Total Cost": 124420.45,
    "Plan Rows": 1,
    "Plan Width": 8,
    "Actual Startup Time": 505.965,
    "Actual Total Time": 532.447,
    "Actual Rows": 1,
    "Actual Loops": 1,
    "Plans": [
      {
        "Node Type": "Gather",
        "Parent Relationship": "Outer",
        "Parallel Aware": false,
        "Startup Cost": 124420.33,
        "Total Cost": 124420.44,
        "Plan Rows": 1,
        "Plan Width": 8,
        "Actual Startup Time": 505.74,
        "Actual Total Time": 532.44,
        "Actual Rows": 2,
        "Actual Loops": 1,
        "Workers Planned": 1,
        "Workers Launched": 1,
        "Single Copy": false,
        "Plans": [
          {
            "Node Type": "Aggregate",
            "Strategy": "Plain",
            "Partial Mode": "Partial",
            "Parent Relationship": "Outer",
            "Parallel Aware": false,
            "Startup Cost": 123420.33,
            "Total Cost": 123420.34,
            "Plan Rows": 1,
            "Plan Width": 8,
            "Actual Startup Time": 499.417,
            "Actual Total Time": 499.421,
            "Actual Rows": 1,
            "Actual Loops": 2,
            "Plans": [
              {
                "Node Type": "Nested Loop",
                "Parent Relationship": "Outer",
                "Parallel Aware": false,
                "Join Type": "Inner",
                "Startup Cost": 70489.57,
                "Total Cost": 123309.23,
                "Plan Rows": 44439,
                "Plan Width": 0,
                "Actual Startup Time": 198.335,
                "Actual Total Time": 481.91,
                "Actual Rows": 429626,
                "Actual Loops": 2,
                "Inner Unique": false,
                "Join Filter": "(t.id = mi.movie_id)",
                "Rows Removed by Join Filter": 0,
                "Plans": [
                  {
                    "Node Type": "Hash Join",
                    "Parent Relationship": "Outer",
                    "Parallel Aware": true,
                    "Join Type": "Inner",
                    "Startup Cost": 70489.14,
                    "Total Cost": 101474.3,
                    "Plan Rows": 7600,
                    "Plan Width": 8,
                    "Actual Startup Time": 198.198,
                    "Actual Total Time": 311.041,
                    "Actual Rows": 6574,
                    "Actual Loops": 2,
                    "Inner Unique": true,
                    "Hash Cond": "(mk.movie_id = t.id)",
                    "Plans": [
                      {
                        "Node Type": "Bitmap Heap Scan",
                        "Parent Relationship": "Outer",
                        "Parallel Aware": true,
                        "Relation Name": "movie_keyword",
                        "Alias": "mk",
                        "Startup Cost": 15573.56,
                        "Total Cost": 45425.21,
                        "Plan Rows": 431812,
                        "Plan Width": 4,
                        "Actual Startup Time": 45.402,
                        "Actual Total Time": 121.938,
                        "Actual Rows": 361418,
                        "Actual Loops": 2,
                        "Recheck Cond": "(keyword_id > 25933)",
                        "Rows Removed by Index Recheck": 0,
                        "Exact Heap Blocks": 15567,
                        "Lossy Heap Blocks": 0,
                        "Plans": [
                          {
                            "Node Type": "Bitmap Index Scan",
                            "Parent Relationship": "Outer",
                            "Parallel Aware": false,
                            "Index Name": "keyword_id_movie_keyword",
                            "Startup Cost": 0.0,
                            "Total Cost": 15390.04,
                            "Plan Rows": 734081,
                            "Plan Width": 0,
                            "Actual Startup Time": 41.749,
                            "Actual Total Time": 41.75,
                            "Actual Rows": 722837,
                            "Actual Loops": 1,
                            "Index Cond": "(keyword_id > 25933)"
                          }
                        ]
                      },
                      {
                        "Node Type": "Hash",
                        "Parent Relationship": "Inner",
                        "Parallel Aware": true,
                        "Startup Cost": 54588.39,
                        "Total Cost": 54588.39,
                        "Plan Rows": 26175,
                        "Plan Width": 4,
                        "Actual Startup Time": 151.183,
                        "Actual Total Time": 151.184,
                        "Actual Rows": 23292,
                        "Actual Loops": 2,
                        "Hash Buckets": 65536,
                        "Original Hash Buckets": 65536,
                        "Hash Batches": 1,
                        "Original Hash Batches": 1,
                        "Peak Memory Usage": 2368,
                        "Plans": [
                          {
                            "Node Type": "Seq Scan",
                            "Parent Relationship": "Outer",
                            "Parallel Aware": true,
                            "Relation Name": "title",
                            "Alias": "t",
                            "Startup Cost": 0.0,
                            "Total Cost": 54588.39,
                            "Plan Rows": 26175,
                            "Plan Width": 4,
                            "Actual Startup Time": 0.057,
                            "Actual Total Time": 142.851,
                            "Actual Rows": 23292,
                            "Actual Loops": 2,
                            "Filter": "(production_year = 1998)",
                            "Rows Removed by Filter": 1240864
                          }
                        ]
                      }
                    ]
                  },
                  {
                    "Node Type": "Index Only Scan",
                    "Parent Relationship": "Inner",
                    "Parallel Aware": false,
                    "Scan Direction": "Forward",
                    "Index Name": "movie_id_movie_info",
                    "Relation Name": "movie_info",
                    "Alias": "mi",
                    "Startup Cost": 0.43,
                    "Total Cost": 2.35,
                    "Plan Rows": 42,
                    "Plan Width": 4,
                    "Actual Startup Time": 0.005,
                    "Actual Total Time": 0.02,
                    "Actual Rows": 65,
                    "Actual Loops": 13149,
                    "Index Cond": "(movie_id = mk.movie_id)",
                    "Rows Removed by Index Recheck": 0,
                    "Heap Fetches": 859253
                  }
                ]
              }
            ]
          }
        ]
      }
    ]
  },
  "Planning Time": 0.913,
  "Triggers": [],
  "Execution Time": 532.554
}