[
    {
        "Bao": {
            "Bao prediction": 442.288,
            "Bao recommended hint": "(no hint)"
        }
    },
    {
        "Plan": {
            "Node Type": "Aggregate",
            "Strategy": "Plain",
            "Partial Mode": "Finalize",
            "Parallel Aware": false,
            "Startup Cost": 32869.39,
            "Total Cost": 32869.4,
            "Plan Rows": 1,
            "Plan Width": 8,
            "Actual Startup Time": 107.937,
            "Actual Total Time": 120.824,
            "Actual Rows": 1,
            "Actual Loops": 1,
            "Output": [
                "count(*)"
            ],
            "Plans": [
                {
                    "Node Type": "Gather",
                    "Parent Relationship": "Outer",
                    "Parallel Aware": false,
                    "Startup Cost": 32869.07,
                    "Total Cost": 32869.38,
                    "Plan Rows": 3,
                    "Plan Width": 8,
                    "Actual Startup Time": 107.842,
                    "Actual Total Time": 120.817,
                    "Actual Rows": 4,
                    "Actual Loops": 1,
                    "Output": [
                        "(PARTIAL count(*))"
                    ],
                    "Workers Planned": 3,
                    "Workers Launched": 3,
                    "Single Copy": false,
                    "Plans": [
                        {
                            "Node Type": "Aggregate",
                            "Strategy": "Plain",
                            "Partial Mode": "Partial",
                            "Parent Relationship": "Outer",
                            "Parallel Aware": false,
                            "Startup Cost": 31869.07,
                            "Total Cost": 31869.08,
                            "Plan Rows": 1,
                            "Plan Width": 8,
                            "Actual Startup Time": 100.067,
                            "Actual Total Time": 100.067,
                            "Actual Rows": 1,
                            "Actual Loops": 4,
                            "Output": [
                                "PARTIAL count(*)"
                            ],
                            "Workers": [
                                {
                                    "Worker Number": 0,
                                    "Actual Startup Time": 97.474,
                                    "Actual Total Time": 97.475,
                                    "Actual Rows": 1,
                                    "Actual Loops": 1
                                },
                                {
                                    "Worker Number": 1,
                                    "Actual Startup Time": 97.478,
                                    "Actual Total Time": 97.479,
                                    "Actual Rows": 1,
                                    "Actual Loops": 1
                                },
                                {
                                    "Worker Number": 2,
                                    "Actual Startup Time": 98.099,
                                    "Actual Total Time": 98.1,
                                    "Actual Rows": 1,
                                    "Actual Loops": 1
                                }
                            ],
                            "Plans": [
                                {
                                    "Node Type": "Seq Scan",
                                    "Parent Relationship": "Outer",
                                    "Parallel Aware": true,
                                    "Relation Name": "movie_companies",
                                    "Schema": "public",
                                    "Alias": "mc",
                                    "Startup Cost": 0.0,
                                    "Total Cost": 31414.82,
                                    "Plan Rows": 181700,
                                    "Plan Width": 0,
                                    "Actual Startup Time": 52.971,
                                    "Actual Total Time": 94.205,
                                    "Actual Rows": 87762,
                                    "Actual Loops": 4,
                                    "Output": [
                                        "id",
                                        "movie_id",
                                        "company_id",
                                        "company_type_id",
                                        "note"
                                    ],
                                    "Filter": "((mc.company_id < 7613) AND (mc.company_type_id = 2))",
                                    "Rows Removed by Filter": 564520,
                                    "Workers": [
                                        {
                                            "Worker Number": 0,
                                            "Actual Startup Time": 50.373,
                                            "Actual Total Time": 91.776,
                                            "Actual Rows": 84400,
                                            "Actual Loops": 1
                                        },
                                        {
                                            "Worker Number": 1,
                                            "Actual Startup Time": 50.373,
                                            "Actual Total Time": 91.757,
                                            "Actual Rows": 84068,
                                            "Actual Loops": 1
                                        },
                                        {
                                            "Worker Number": 2,
                                            "Actual Startup Time": 51.022,
                                            "Actual Total Time": 92.473,
                                            "Actual Rows": 83072,
                                            "Actual Loops": 1
                                        }
                                    ]
                                }
                            ]
                        }
                    ]
                }
            ]
        },
        "Planning Time": 3350.177,
        "Triggers": [],
        "Execution Time": 120.914
    }
]