[
  {
    "Plan": {
      "Node Type": "Aggregate",
      "Strategy": "Plain",
      "Partial Mode": "Simple",
      "Parallel Aware": false,
      "Startup Cost": 804.94,
      "Total Cost": 804.95,
      "Plan Rows": 1,
      "Plan Width": 8,
      "Actual Startup Time": 2.607,
      "Actual Total Time": 2.61,
      "Actual Rows": 1,
      "Actual Loops": 1,
      "Plans": [
        {
          "Node Type": "Nested Loop",
          "Parent Relationship": "Outer",
          "Parallel Aware": false,
          "Join Type": "Inner",
          "Startup Cost": 1.29,
          "Total Cost": 804.7,
          "Plan Rows": 93,
          "Plan Width": 0,
          "Actual Startup Time": 0.285,
          "Actual Total Time": 2.506,
          "Actual Rows": 517,
          "Actual Loops": 1,
          "Inner Unique": false,
          "Plans": [
            {
              "Node Type": "Nested Loop",
              "Parent Relationship": "Outer",
              "Parallel Aware": false,
              "Join Type": "Inner",
              "Startup Cost": 0.86,
              "Total Cost": 712.68,
              "Plan Rows": 52,
              "Plan Width": 8,
              "Actual Startup Time": 0.217,
              "Actual Total Time": 1.289,
              "Actual Rows": 99,
              "Actual Loops": 1,
              "Inner Unique": true,
              "Plans": [
                {
                  "Node Type": "Index Scan",
                  "Parent Relationship": "Outer",
                  "Parallel Aware": false,
                  "Scan Direction": "Forward",
                  "Index Name": "company_id_movie_companies",
                  "Relation Name": "movie_companies",
                  "Alias": "mc",
                  "Startup Cost": 0.43,
                  "Total Cost": 273.41,
                  "Plan Rows": 52,
                  "Plan Width": 4,
                  "Actual Startup Time": 0.189,
                  "Actual Total Time": 0.343,
                  "Actual Rows": 99,
                  "Actual Loops": 1,
                  "Index Cond": "(company_id = 5840)",
                  "Rows Removed by Index Recheck": 0,
                  "Filter": "(company_type_id = 2)",
                  "Rows Removed by Filter": 2
                },
                {
                  "Node Type": "Index Only Scan",
                  "Parent Relationship": "Inner",
                  "Parallel Aware": false,
                  "Scan Direction": "Forward",
                  "Index Name": "title_pkey",
                  "Relation Name": "title",
                  "Alias": "t",
                  "Startup Cost": 0.43,
                  "Total Cost": 8.45,
                  "Plan Rows": 1,
                  "Plan Width": 4,
                  "Actual Startup Time": 0.009,
                  "Actual Total Time": 0.009,
                  "Actual Rows": 1,
                  "Actual Loops": 99,
                  "Index Cond": "(id = mc.movie_id)",
                  "Rows Removed by Index Recheck": 0,
                  "Heap Fetches": 99
                }
              ]
            },
            {
              "Node Type": "Index Only Scan",
              "Parent Relationship": "Inner",
              "Parallel Aware": false,
              "Scan Direction": "Forward",
              "Index Name": "movie_id_movie_keyword",
              "Relation Name": "movie_keyword",
              "Alias": "mk",
              "Startup Cost": 0.43,
              "Total Cost": 1.31,
              "Plan Rows": 46,
              "Plan Width": 4,
              "Actual Startup Time": 0.007,
              "Actual Total Time": 0.01,
              "Actual Rows": 5,
              "Actual Loops": 99,
              "Index Cond": "(movie_id = t.id)",
              "Rows Removed by Index Recheck": 0,
              "Heap Fetches": 517
            }
          ]
        }
      ]
    },
    "Planning Time": 1.504,
    "Triggers": [],
    "Execution Time": 2.683
  }
]