[
  {
    "Plan": {
      "Node Type": "Aggregate",
      "Strategy": "Plain",
      "Partial Mode": "Finalize",
      "Parallel Aware": false,
      "Startup Cost": 44430.68,
      "Total Cost": 44430.69,
      "Plan Rows": 1,
      "Plan Width": 8,
      "Actual Startup Time": 111.369,
      "Actual Total Time": 117.396,
      "Actual Rows": 1,
      "Actual Loops": 1,
      "Plans": [
        {
          "Node Type": "Gather",
          "Parent Relationship": "Outer",
          "Parallel Aware": false,
          "Startup Cost": 44430.37,
          "Total Cost": 44430.68,
          "Plan Rows": 3,
          "Plan Width": 8,
          "Actual Startup Time": 111.298,
          "Actual Total Time": 117.39,
          "Actual Rows": 4,
          "Actual Loops": 1,
          "Workers Planned": 3,
          "Workers Launched": 3,
          "Single Copy": false,
          "Plans": [
            {
              "Node Type": "Aggregate",
              "Strategy": "Plain",
              "Partial Mode": "Partial",
              "Parent Relationship": "Outer",
              "Parallel Aware": false,
              "Startup Cost": 43430.37,
              "Total Cost": 43430.38,
              "Plan Rows": 1,
              "Plan Width": 8,
              "Actual Startup Time": 107.821,
              "Actual Total Time": 107.822,
              "Actual Rows": 1,
              "Actual Loops": 4,
              "Plans": [
                {
                  "Node Type": "Seq Scan",
                  "Parent Relationship": "Outer",
                  "Parallel Aware": true,
                  "Relation Name": "movie_keyword",
                  "Alias": "mk",
                  "Startup Cost": 0.0,
                  "Total Cost": 42695.65,
                  "Plan Rows": 293885,
                  "Plan Width": 0,
                  "Actual Startup Time": 2.361,
                  "Actual Total Time": 96.194,
                  "Actual Rows": 221971,
                  "Actual Loops": 4,
                  "Filter": "(keyword_id > 20780)",
                  "Rows Removed by Filter": 909011
                }
              ]
            }
          ]
        }
      ]
    },
    "Planning Time": 0.085,
    "Triggers": [],
    "Execution Time": 117.427
  }
]