[
  {
    "Plan": {
      "Node Type": "Aggregate",
      "Strategy": "Plain",
      "Partial Mode": "Finalize",
      "Parallel Aware": false,
      "Startup Cost": 44413.47,
      "Total Cost": 44413.48,
      "Plan Rows": 1,
      "Plan Width": 8,
      "Actual Startup Time": 127.351,
      "Actual Total Time": 136.649,
      "Actual Rows": 1,
      "Actual Loops": 1,
      "Plans": [
        {
          "Node Type": "Gather",
          "Parent Relationship": "Outer",
          "Parallel Aware": false,
          "Startup Cost": 44413.15,
          "Total Cost": 44413.46,
          "Plan Rows": 3,
          "Plan Width": 8,
          "Actual Startup Time": 127.278,
          "Actual Total Time": 136.64,
          "Actual Rows": 4,
          "Actual Loops": 1,
          "Workers Planned": 3,
          "Workers Launched": 3,
          "Single Copy": false,
          "Plans": [
            {
              "Node Type": "Aggregate",
              "Strategy": "Plain",
              "Partial Mode": "Partial",
              "Parent Relationship": "Outer",
              "Parallel Aware": false,
              "Startup Cost": 43413.15,
              "Total Cost": 43413.16,
              "Plan Rows": 1,
              "Plan Width": 8,
              "Actual Startup Time": 120.936,
              "Actual Total Time": 120.937,
              "Actual Rows": 1,
              "Actual Loops": 4,
              "Plans": [
                {
                  "Node Type": "Seq Scan",
                  "Parent Relationship": "Outer",
                  "Parallel Aware": true,
                  "Relation Name": "movie_keyword",
                  "Alias": "mk",
                  "Startup Cost": 0.0,
                  "Total Cost": 42695.65,
                  "Plan Rows": 286998,
                  "Plan Width": 0,
                  "Actual Startup Time": 4.499,
                  "Actual Total Time": 108.808,
                  "Actual Rows": 221971,
                  "Actual Loops": 4,
                  "Filter": "(keyword_id > 20780)",
                  "Rows Removed by Filter": 909011
                }
              ]
            }
          ]
        }
      ]
    },
    "Planning Time": 0.18,
    "Triggers": [],
    "Execution Time": 136.704
  }
]