[
  {
    "Plan": {
      "Node Type": "Aggregate",
      "Strategy": "Plain",
      "Partial Mode": "Finalize",
      "Parallel Aware": false,
      "Startup Cost": 92946.96,
      "Total Cost": 92946.97,
      "Plan Rows": 1,
      "Plan Width": 8,
      "Actual Startup Time": 293.481,
      "Actual Total Time": 314.931,
      "Actual Rows": 1,
      "Actual Loops": 1,
      "Plans": [
        {
          "Node Type": "Gather",
          "Parent Relationship": "Outer",
          "Parallel Aware": false,
          "Startup Cost": 92946.64,
          "Total Cost": 92946.95,
          "Plan Rows": 3,
          "Plan Width": 8,
          "Actual Startup Time": 292.143,
          "Actual Total Time": 314.922,
          "Actual Rows": 4,
          "Actual Loops": 1,
          "Workers Planned": 3,
          "Workers Launched": 3,
          "Single Copy": false,
          "Plans": [
            {
              "Node Type": "Aggregate",
              "Strategy": "Plain",
              "Partial Mode": "Partial",
              "Parent Relationship": "Outer",
              "Parallel Aware": false,
              "Startup Cost": 91946.64,
              "Total Cost": 91946.65,
              "Plan Rows": 1,
              "Plan Width": 8,
              "Actual Startup Time": 287.727,
              "Actual Total Time": 287.731,
              "Actual Rows": 1,
              "Actual Loops": 4,
              "Plans": [
                {
                  "Node Type": "Nested Loop",
                  "Parent Relationship": "Outer",
                  "Parallel Aware": false,
                  "Join Type": "Inner",
                  "Startup Cost": 54290.54,
                  "Total Cost": 91923.05,
                  "Plan Rows": 9439,
                  "Plan Width": 0,
                  "Actual Startup Time": 163.269,
                  "Actual Total Time": 285.035,
                  "Actual Rows": 51928,
                  "Actual Loops": 4,
                  "Inner Unique": false,
                  "Plans": [
                    {
                      "Node Type": "Hash Join",
                      "Parent Relationship": "Outer",
                      "Parallel Aware": true,
                      "Join Type": "Inner",
                      "Startup Cost": 54290.11,
                      "Total Cost": 80499.92,
                      "Plan Rows": 17294,
                      "Plan Width": 8,
                      "Actual Startup Time": 163.163,
                      "Actual Total Time": 213.23,
                      "Actual Rows": 20012,
                      "Actual Loops": 4,
                      "Inner Unique": true,
                      "Hash Cond": "(mk.movie_id = t.id)",
                      "Plans": [
                        {
                          "Node Type": "Bitmap Heap Scan",
                          "Parent Relationship": "Outer",
                          "Parallel Aware": true,
                          "Relation Name": "movie_keyword",
                          "Alias": "mk",
                          "Startup Cost": 7633.4,
                          "Total Cost": 33538.48,
                          "Plan Rows": 116086,
                          "Plan Width": 4,
                          "Actual Startup Time": 24.218,
                          "Actual Total Time": 70.787,
                          "Actual Rows": 89800,
                          "Actual Loops": 4,
                          "Recheck Cond": "(keyword_id < 323)",
                          "Rows Removed by Index Recheck": 0,
                          "Exact Heap Blocks": 6830,
                          "Lossy Heap Blocks": 0,
                          "Plans": [
                            {
                              "Node Type": "Bitmap Index Scan",
                              "Parent Relationship": "Outer",
                              "Parallel Aware": false,
                              "Index Name": "keyword_id_movie_keyword",
                              "Startup Cost": 0.0,
                              "Total Cost": 7543.44,
                              "Plan Rows": 359867,
                              "Plan Width": 0,
                              "Actual Startup Time": 20.624,
                              "Actual Total Time": 20.624,
                              "Actual Rows": 359202,
                              "Actual Loops": 1,
                              "Index Cond": "(keyword_id < 323)"
                            }
                          ]
                        },
                        {
                          "Node Type": "Hash",
                          "Parent Relationship": "Inner",
                          "Parallel Aware": true,
                          "Startup Cost": 45479.59,
                          "Total Cost": 45479.59,
                          "Plan Rows": 94170,
                          "Plan Width": 4,
                          "Actual Startup Time": 118.162,
                          "Actual Total Time": 118.163,
                          "Actual Rows": 70529,
                          "Actual Loops": 4,
                          "Hash Buckets": 524288,
                          "Original Hash Buckets": 524288,
                          "Hash Batches": 1,
                          "Original Hash Batches": 1,
                          "Peak Memory Usage": 15168,
                          "Plans": [
                            {
                              "Node Type": "Seq Scan",
                              "Parent Relationship": "Outer",
                              "Parallel Aware": true,
                              "Relation Name": "title",
                              "Alias": "t",
                              "Startup Cost": 0.0,
                              "Total Cost": 45479.59,
                              "Plan Rows": 94170,
                              "Plan Width": 4,
                              "Actual Startup Time": 39.59,
                              "Actual Total Time": 92.326,
                              "Actual Rows": 70529,
                              "Actual Loops": 4,
                              "Filter": "((kind_id < 2) AND (production_year > 1999))",
                              "Rows Removed by Filter": 561549
                            }
                          ]
                        }
                      ]
                    },
                    {
                      "Node Type": "Index Only Scan",
                      "Parent Relationship": "Inner",
                      "Parallel Aware": false,
                      "Scan Direction": "Forward",
                      "Index Name": "movie_id_movie_info_idx",
                      "Relation Name": "movie_info_idx",
                      "Alias": "mi_idx",
                      "Startup Cost": 0.43,
                      "Total Cost": 0.63,
                      "Plan Rows": 3,
                      "Plan Width": 4,
                      "Actual Startup Time": 0.003,
                      "Actual Total Time": 0.003,
                      "Actual Rows": 3,
                      "Actual Loops": 80047,
                      "Index Cond": "(movie_id = t.id)",
                      "Rows Removed by Index Recheck": 0,
                      "Heap Fetches": 207713
                    }
                  ]
                }
              ]
            }
          ]
        }
      ]
    },
    "Planning Time": 0.672,
    "Triggers": [],
    "Execution Time": 315.007
  }
]