[
  {
    "Plan": {
      "Node Type": "Aggregate",
      "Strategy": "Plain",
      "Partial Mode": "Finalize",
      "Parallel Aware": false,
      "Startup Cost": 91838.37,
      "Total Cost": 91838.38,
      "Plan Rows": 1,
      "Plan Width": 8,
      "Actual Startup Time": 289.147,
      "Actual Total Time": 309.649,
      "Actual Rows": 1,
      "Actual Loops": 1,
      "Plans": [
        {
          "Node Type": "Gather",
          "Parent Relationship": "Outer",
          "Parallel Aware": false,
          "Startup Cost": 91838.05,
          "Total Cost": 91838.36,
          "Plan Rows": 3,
          "Plan Width": 8,
          "Actual Startup Time": 287.348,
          "Actual Total Time": 309.641,
          "Actual Rows": 4,
          "Actual Loops": 1,
          "Workers Planned": 3,
          "Workers Launched": 3,
          "Single Copy": false,
          "Plans": [
            {
              "Node Type": "Aggregate",
              "Strategy": "Plain",
              "Partial Mode": "Partial",
              "Parent Relationship": "Outer",
              "Parallel Aware": false,
              "Startup Cost": 90838.05,
              "Total Cost": 90838.06,
              "Plan Rows": 1,
              "Plan Width": 8,
              "Actual Startup Time": 277.837,
              "Actual Total Time": 277.841,
              "Actual Rows": 1,
              "Actual Loops": 4,
              "Plans": [
                {
                  "Node Type": "Nested Loop",
                  "Parent Relationship": "Outer",
                  "Parallel Aware": false,
                  "Join Type": "Inner",
                  "Startup Cost": 53881.05,
                  "Total Cost": 90815.68,
                  "Plan Rows": 8946,
                  "Plan Width": 0,
                  "Actual Startup Time": 161.878,
                  "Actual Total Time": 275.337,
                  "Actual Rows": 51928,
                  "Actual Loops": 4,
                  "Inner Unique": false,
                  "Plans": [
                    {
                      "Node Type": "Hash Join",
                      "Parent Relationship": "Outer",
                      "Parallel Aware": true,
                      "Join Type": "Inner",
                      "Startup Cost": 53880.62,
                      "Total Cost": 79995.16,
                      "Plan Rows": 16389,
                      "Plan Width": 8,
                      "Actual Startup Time": 161.76,
                      "Actual Total Time": 211.86,
                      "Actual Rows": 20012,
                      "Actual Loops": 4,
                      "Inner Unique": true,
                      "Hash Cond": "(mk.movie_id = t.id)",
                      "Plans": [
                        {
                          "Node Type": "Bitmap Heap Scan",
                          "Parent Relationship": "Outer",
                          "Parallel Aware": true,
                          "Relation Name": "movie_keyword",
                          "Alias": "mk",
                          "Startup Cost": 7222.08,
                          "Total Cost": 33048.43,
                          "Plan Rows": 109788,
                          "Plan Width": 4,
                          "Actual Startup Time": 23.035,
                          "Actual Total Time": 70.138,
                          "Actual Rows": 89800,
                          "Actual Loops": 4,
                          "Recheck Cond": "(keyword_id < 323)",
                          "Rows Removed by Index Recheck": 0,
                          "Exact Heap Blocks": 8227,
                          "Lossy Heap Blocks": 0,
                          "Plans": [
                            {
                              "Node Type": "Bitmap Index Scan",
                              "Parent Relationship": "Outer",
                              "Parallel Aware": false,
                              "Index Name": "keyword_id_movie_keyword",
                              "Startup Cost": 0.0,
                              "Total Cost": 7137.0,
                              "Plan Rows": 340342,
                              "Plan Width": 0,
                              "Actual Startup Time": 19.352,
                              "Actual Total Time": 19.352,
                              "Actual Rows": 359202,
                              "Actual Loops": 1,
                              "Index Cond": "(keyword_id < 323)"
                            }
                          ]
                        },
                        {
                          "Node Type": "Hash",
                          "Parent Relationship": "Inner",
                          "Parallel Aware": true,
                          "Startup Cost": 45479.1,
                          "Total Cost": 45479.1,
                          "Plan Rows": 94355,
                          "Plan Width": 4,
                          "Actual Startup Time": 116.922,
                          "Actual Total Time": 116.923,
                          "Actual Rows": 70529,
                          "Actual Loops": 4,
                          "Hash Buckets": 524288,
                          "Original Hash Buckets": 524288,
                          "Hash Batches": 1,
                          "Original Hash Batches": 1,
                          "Peak Memory Usage": 15200,
                          "Plans": [
                            {
                              "Node Type": "Seq Scan",
                              "Parent Relationship": "Outer",
                              "Parallel Aware": true,
                              "Relation Name": "title",
                              "Alias": "t",
                              "Startup Cost": 0.0,
                              "Total Cost": 45479.1,
                              "Plan Rows": 94355,
                              "Plan Width": 4,
                              "Actual Startup Time": 44.371,
                              "Actual Total Time": 95.341,
                              "Actual Rows": 70529,
                              "Actual Loops": 4,
                              "Filter": "((kind_id < 2) AND (production_year > 1999))",
                              "Rows Removed by Filter": 561549
                            }
                          ]
                        }
                      ]
                    },
                    {
                      "Node Type": "Index Only Scan",
                      "Parent Relationship": "Inner",
                      "Parallel Aware": false,
                      "Scan Direction": "Forward",
                      "Index Name": "movie_id_movie_info_idx",
                      "Relation Name": "movie_info_idx",
                      "Alias": "mi_idx",
                      "Startup Cost": 0.43,
                      "Total Cost": 0.63,
                      "Plan Rows": 3,
                      "Plan Width": 4,
                      "Actual Startup Time": 0.002,
                      "Actual Total Time": 0.003,
                      "Actual Rows": 3,
                      "Actual Loops": 80047,
                      "Index Cond": "(movie_id = t.id)",
                      "Rows Removed by Index Recheck": 0,
                      "Heap Fetches": 207713
                    }
                  ]
                }
              ]
            }
          ]
        }
      ]
    },
    "Planning Time": 1.428,
    "Triggers": [],
    "Execution Time": 309.764
  }
]