[
  {
    "Plan": {
      "Node Type": "Aggregate",
      "Strategy": "Plain",
      "Partial Mode": "Finalize",
      "Parallel Aware": false,
      "Startup Cost": 391461.55,
      "Total Cost": 391461.56,
      "Plan Rows": 1,
      "Plan Width": 8,
      "Actual Startup Time": 739.258,
      "Actual Total Time": 759.274,
      "Actual Rows": 1,
      "Actual Loops": 1,
      "Plans": [
        {
          "Node Type": "Gather",
          "Parent Relationship": "Outer",
          "Parallel Aware": false,
          "Startup Cost": 391461.23,
          "Total Cost": 391461.54,
          "Plan Rows": 3,
          "Plan Width": 8,
          "Actual Startup Time": 731.59,
          "Actual Total Time": 759.265,
          "Actual Rows": 4,
          "Actual Loops": 1,
          "Workers Planned": 3,
          "Workers Launched": 3,
          "Single Copy": false,
          "Plans": [
            {
              "Node Type": "Aggregate",
              "Strategy": "Plain",
              "Partial Mode": "Partial",
              "Parent Relationship": "Outer",
              "Parallel Aware": false,
              "Startup Cost": 390461.23,
              "Total Cost": 390461.24,
              "Plan Rows": 1,
              "Plan Width": 8,
              "Actual Startup Time": 722.503,
              "Actual Total Time": 722.614,
              "Actual Rows": 1,
              "Actual Loops": 4,
              "Plans": [
                {
                  "Node Type": "Hash Join",
                  "Parent Relationship": "Outer",
                  "Parallel Aware": true,
                  "Join Type": "Inner",
                  "Startup Cost": 345401.86,
                  "Total Cost": 390212.74,
                  "Plan Rows": 99396,
                  "Plan Width": 0,
                  "Actual Startup Time": 561.891,
                  "Actual Total Time": 720.431,
                  "Actual Rows": 40682,
                  "Actual Loops": 4,
                  "Inner Unique": false,
                  "Hash Cond": "(mk.movie_id = t.id)",
                  "Plans": [
                    {
                      "Node Type": "Seq Scan",
                      "Parent Relationship": "Outer",
                      "Parallel Aware": true,
                      "Relation Name": "movie_keyword",
                      "Alias": "mk",
                      "Startup Cost": 0.0,
                      "Total Cost": 42695.65,
                      "Plan Rows": 519884,
                      "Plan Width": 4,
                      "Actual Startup Time": 0.615,
                      "Actual Total Time": 110.923,
                      "Actual Rows": 404083,
                      "Actual Loops": 4,
                      "Filter": "(keyword_id > 9336)",
                      "Rows Removed by Filter": 726900
                    },
                    {
                      "Node Type": "Hash",
                      "Parent Relationship": "Inner",
                      "Parallel Aware": true,
                      "Startup Cost": 344394.81,
                      "Total Cost": 344394.81,
                      "Plan Rows": 80564,
                      "Plan Width": 8,
                      "Actual Startup Time": 557.895,
                      "Actual Total Time": 558.004,
                      "Actual Rows": 74160,
                      "Actual Loops": 4,
                      "Hash Buckets": 524288,
                      "Original Hash Buckets": 524288,
                      "Hash Batches": 1,
                      "Original Hash Batches": 1,
                      "Peak Memory Usage": 15776,
                      "Plans": [
                        {
                          "Node Type": "Hash Join",
                          "Parent Relationship": "Outer",
                          "Parallel Aware": true,
                          "Join Type": "Inner",
                          "Startup Cost": 87005.16,
                          "Total Cost": 344394.81,
                          "Plan Rows": 80564,
                          "Plan Width": 8,
                          "Actual Startup Time": 445.842,
                          "Actual Total Time": 532.76,
                          "Actual Rows": 74160,
                          "Actual Loops": 4,
                          "Inner Unique": true,
                          "Hash Cond": "(ci.movie_id = t.id)",
                          "Plans": [
                            {
                              "Node Type": "Bitmap Heap Scan",
                              "Parent Relationship": "Outer",
                              "Parallel Aware": true,
                              "Relation Name": "cast_info",
                              "Alias": "ci",
                              "Startup Cost": 38262.72,
                              "Total Cost": 295307.4,
                              "Plan Rows": 131418,
                              "Plan Width": 4,
                              "Actual Startup Time": 183.746,
                              "Actual Total Time": 214.862,
                              "Actual Rows": 124413,
                              "Actual Loops": 4,
                              "Recheck Cond": "(person_id < 175411)",
                              "Rows Removed by Index Recheck": 0,
                              "Filter": "(role_id > 2)",
                              "Rows Removed by Filter": 315412,
                              "Exact Heap Blocks": 5767,
                              "Lossy Heap Blocks": 0,
                              "Plans": [
                                {
                                  "Node Type": "Bitmap Index Scan",
                                  "Parent Relationship": "Outer",
                                  "Parallel Aware": false,
                                  "Index Name": "person_id_cast_info",
                                  "Startup Cost": 0.0,
                                  "Total Cost": 38065.6,
                                  "Plan Rows": 1743071,
                                  "Plan Width": 0,
                                  "Actual Startup Time": 121.308,
                                  "Actual Total Time": 121.308,
                                  "Actual Rows": 1759299,
                                  "Actual Loops": 1,
                                  "Index Cond": "(person_id < 175411)"
                                }
                              ]
                            },
                            {
                              "Node Type": "Hash",
                              "Parent Relationship": "Inner",
                              "Parallel Aware": true,
                              "Startup Cost": 43898.92,
                              "Total Cost": 43898.92,
                              "Plan Rows": 387482,
                              "Plan Width": 4,
                              "Actual Startup Time": 256.425,
                              "Actual Total Time": 256.426,
                              "Actual Rows": 388966,
                              "Actual Loops": 4,
                              "Hash Buckets": 2097152,
                              "Original Hash Buckets": 2097152,
                              "Hash Batches": 1,
                              "Original Hash Batches": 1,
                              "Peak Memory Usage": 77344,
                              "Plans": [
                                {
                                  "Node Type": "Seq Scan",
                                  "Parent Relationship": "Outer",
                                  "Parallel Aware": true,
                                  "Relation Name": "title",
                                  "Alias": "t",
                                  "Startup Cost": 0.0,
                                  "Total Cost": 43898.92,
                                  "Plan Rows": 387482,
                                  "Plan Width": 4,
                                  "Actual Startup Time": 0.05,
                                  "Actual Total Time": 111.841,
                                  "Actual Rows": 388966,
                                  "Actual Loops": 4,
                                  "Filter": "(kind_id > 4)",
                                  "Rows Removed by Filter": 243112
                                }
                              ]
                            }
                          ]
                        }
                      ]
                    }
                  ]
                }
              ]
            }
          ]
        }
      ]
    },
    "Planning Time": 1.42,
    "Triggers": [],
    "Execution Time": 759.384
  }
]