{
  "Plan": {
    "Node Type": "Aggregate",
    "Strategy": "Plain",
    "Partial Mode": "Finalize",
    "Parallel Aware": false,
    "Startup Cost": 159181.44,
    "Total Cost": 159181.45,
    "Plan Rows": 1,
    "Plan Width": 8,
    "Actual Startup Time": 784.98,
    "Actual Total Time": 798.244,
    "Actual Rows": 1,
    "Actual Loops": 1,
    "Plans": [
      {
        "Node Type": "Gather",
        "Parent Relationship": "Outer",
        "Parallel Aware": false,
        "Startup Cost": 159181.33,
        "Total Cost": 159181.44,
        "Plan Rows": 1,
        "Plan Width": 8,
        "Actual Startup Time": 784.974,
        "Actual Total Time": 798.239,
        "Actual Rows": 2,
        "Actual Loops": 1,
        "Workers Planned": 1,
        "Workers Launched": 1,
        "Single Copy": false,
        "Plans": [
          {
            "Node Type": "Aggregate",
            "Strategy": "Plain",
            "Partial Mode": "Partial",
            "Parent Relationship": "Outer",
            "Parallel Aware": false,
            "Startup Cost": 158181.33,
            "Total Cost": 158181.34,
            "Plan Rows": 1,
            "Plan Width": 8,
            "Actual Startup Time": 771.849,
            "Actual Total Time": 771.854,
            "Actual Rows": 1,
            "Actual Loops": 2,
            "Plans": [
              {
                "Node Type": "Merge Join",
                "Parent Relationship": "Outer",
                "Parallel Aware": false,
                "Join Type": "Inner",
                "Startup Cost": 156342.36,
                "Total Cost": 158181.18,
                "Plan Rows": 57,
                "Plan Width": 0,
                "Actual Startup Time": 771.843,
                "Actual Total Time": 771.849,
                "Actual Rows": 2,
                "Actual Loops": 2,
                "Inner Unique": false,
                "Merge Cond": "(t.id = ci.movie_id)",
                "Plans": [
                  {
                    "Node Type": "Sort",
                    "Parent Relationship": "Outer",
                    "Parallel Aware": false,
                    "Startup Cost": 155265.86,
                    "Total Cost": 156184.85,
                    "Plan Rows": 367598,
                    "Plan Width": 8,
                    "Actual Startup Time": 758.572,
                    "Actual Total Time": 764.113,
                    "Actual Rows": 162338,
                    "Actual Loops": 2,
                    "Sort Key": [
                      "t.id"
                    ],
                    "Sort Method": "quicksort",
                    "Sort Space Used": 26173,
                    "Sort Space Type": "Memory",
                    "Workers": [
                      {
                        "Worker Number": 0,
                        "Sort Method": "quicksort",
                        "Sort Space Used": 16387,
                        "Sort Space Type": "Memory"
                      }
                    ],
                    "Plans": [
                      {
                        "Node Type": "Hash Join",
                        "Parent Relationship": "Outer",
                        "Parallel Aware": true,
                        "Join Type": "Inner",
                        "Startup Cost": 87690.85,
                        "Total Cost": 121285.52,
                        "Plan Rows": 367598,
                        "Plan Width": 8,
                        "Actual Startup Time": 499.097,
                        "Actual Total Time": 709.719,
                        "Actual Rows": 257352,
                        "Actual Loops": 2,
                        "Inner Unique": true,
                        "Hash Cond": "(mk.movie_id = t.id)",
                        "Plans": [
                          {
                            "Node Type": "Bitmap Heap Scan",
                            "Parent Relationship": "Outer",
                            "Parallel Aware": true,
                            "Relation Name": "movie_keyword",
                            "Alias": "mk",
                            "Startup Cost": 21794.64,
                            "Total Cost": 53802.92,
                            "Plan Rows": 604342,
                            "Plan Width": 4,
                            "Actual Startup Time": 68.775,
                            "Actual Total Time": 176.46,
                            "Actual Rows": 511364,
                            "Actual Loops": 2,
                            "Recheck Cond": "(keyword_id > 17548)",
                            "Rows Removed by Index Recheck": 0,
                            "Exact Heap Blocks": 13696,
                            "Lossy Heap Blocks": 0,
                            "Plans": [
                              {
                                "Node Type": "Bitmap Index Scan",
                                "Parent Relationship": "Outer",
                                "Parallel Aware": false,
                                "Index Name": "keyword_id_movie_keyword",
                                "Startup Cost": 0.0,
                                "Total Cost": 21537.8,
                                "Plan Rows": 1027382,
                                "Plan Width": 0,
                                "Actual Startup Time": 65.104,
                                "Actual Total Time": 65.105,
                                "Actual Rows": 1022728,
                                "Actual Loops": 1,
                                "Index Cond": "(keyword_id > 17548)"
                              }
                            ]
                          },
                          {
                            "Node Type": "Hash",
                            "Parent Relationship": "Inner",
                            "Parallel Aware": true,
                            "Startup Cost": 54588.39,
                            "Total Cost": 54588.39,
                            "Plan Rows": 904625,
                            "Plan Width": 4,
                            "Actual Startup Time": 415.684,
                            "Actual Total Time": 415.685,
                            "Actual Rows": 765806,
                            "Actual Loops": 2,
                            "Hash Buckets": 2097152,
                            "Original Hash Buckets": 2097152,
                            "Hash Batches": 1,
                            "Original Hash Batches": 1,
                            "Peak Memory Usage": 76352,
                            "Plans": [
                              {
                                "Node Type": "Seq Scan",
                                "Parent Relationship": "Outer",
                                "Parallel Aware": true,
                                "Relation Name": "title",
                                "Alias": "t",
                                "Startup Cost": 0.0,
                                "Total Cost": 54588.39,
                                "Plan Rows": 904625,
                                "Plan Width": 4,
                                "Actual Startup Time": 0.046,
                                "Actual Total Time": 173.36,
                                "Actual Rows": 765806,
                                "Actual Loops": 2,
                                "Filter": "(production_year > 1997)",
                                "Rows Removed by Filter": 498350
                              }
                            ]
                          }
                        ]
                      }
                    ]
                  },
                  {
                    "Node Type": "Sort",
                    "Parent Relationship": "Inner",
                    "Parallel Aware": false,
                    "Startup Cost": 1076.51,
                    "Total Cost": 1077.48,
                    "Plan Rows": 391,
                    "Plan Width": 4,
                    "Actual Startup Time": 0.097,
                    "Actual Total Time": 0.098,
                    "Actual Rows": 3,
                    "Actual Loops": 2,
                    "Sort Key": [
                      "ci.movie_id"
                    ],
                    "Sort Method": "quicksort",
                    "Sort Space Used": 25,
                    "Sort Space Type": "Memory",
                    "Workers": [
                      {
                        "Worker Number": 0,
                        "Sort Method": "quicksort",
                        "Sort Space Used": 25,
                        "Sort Space Type": "Memory"
                      }
                    ],
                    "Plans": [
                      {
                        "Node Type": "Index Scan",
                        "Parent Relationship": "Outer",
                        "Parallel Aware": false,
                        "Scan Direction": "Forward",
                        "Index Name": "person_id_cast_info",
                        "Relation Name": "cast_info",
                        "Alias": "ci",
                        "Startup Cost": 0.56,
                        "Total Cost": 1059.67,
                        "Plan Rows": 391,
                        "Plan Width": 4,
                        "Actual Startup Time": 0.056,
                        "Actual Total Time": 0.081,
                        "Actual Rows": 3,
                        "Actual Loops": 2,
                        "Index Cond": "(person_id = 2989655)",
                        "Rows Removed by Index Recheck": 0,
                        "Filter": "(role_id < 7)",
                        "Rows Removed by Filter": 2
                      }
                    ]
                  }
                ]
              }
            ]
          }
        ]
      }
    ]
  },
  "Planning Time": 1.094,
  "Triggers": [],
  "Execution Time": 798.362
}