[
  {
    "Plan": {
      "Node Type": "Aggregate",
      "Strategy": "Plain",
      "Partial Mode": "Finalize",
      "Parallel Aware": false,
      "Startup Cost": 32917.1,
      "Total Cost": 32917.11,
      "Plan Rows": 1,
      "Plan Width": 8,
      "Actual Startup Time": 117.281,
      "Actual Total Time": 127.194,
      "Actual Rows": 1,
      "Actual Loops": 1,
      "Plans": [
        {
          "Node Type": "Gather",
          "Parent Relationship": "Outer",
          "Parallel Aware": false,
          "Startup Cost": 32916.78,
          "Total Cost": 32917.09,
          "Plan Rows": 3,
          "Plan Width": 8,
          "Actual Startup Time": 117.15,
          "Actual Total Time": 127.184,
          "Actual Rows": 4,
          "Actual Loops": 1,
          "Workers Planned": 3,
          "Workers Launched": 3,
          "Single Copy": false,
          "Plans": [
            {
              "Node Type": "Aggregate",
              "Strategy": "Plain",
              "Partial Mode": "Partial",
              "Parent Relationship": "Outer",
              "Parallel Aware": false,
              "Startup Cost": 31916.78,
              "Total Cost": 31916.79,
              "Plan Rows": 1,
              "Plan Width": 8,
              "Actual Startup Time": 108.255,
              "Actual Total Time": 108.257,
              "Actual Rows": 1,
              "Actual Loops": 4,
              "Plans": [
                {
                  "Node Type": "Seq Scan",
                  "Parent Relationship": "Outer",
                  "Parallel Aware": true,
                  "Relation Name": "movie_companies",
                  "Alias": "mc",
                  "Startup Cost": 0.0,
                  "Total Cost": 31414.82,
                  "Plan Rows": 200784,
                  "Plan Width": 0,
                  "Actual Startup Time": 54.518,
                  "Actual Total Time": 96.917,
                  "Actual Rows": 221069,
                  "Actual Loops": 4,
                  "Filter": "((company_id > 12209) AND (company_type_id > 1))",
                  "Rows Removed by Filter": 431213
                }
              ]
            }
          ]
        }
      ]
    },
    "Planning Time": 0.232,
    "Triggers": [],
    "Execution Time": 127.255
  }
]