[
  {
    "Plan": {
      "Node Type": "Aggregate",
      "Strategy": "Plain",
      "Partial Mode": "Finalize",
      "Parallel Aware": false,
      "Startup Cost": 388329.97,
      "Total Cost": 388329.98,
      "Plan Rows": 1,
      "Plan Width": 8,
      "Actual Startup Time": 1265.616,
      "Actual Total Time": 1331.027,
      "Actual Rows": 1,
      "Actual Loops": 1,
      "Plans": [
        {
          "Node Type": "Gather",
          "Parent Relationship": "Outer",
          "Parallel Aware": false,
          "Startup Cost": 388329.35,
          "Total Cost": 388329.96,
          "Plan Rows": 6,
          "Plan Width": 8,
          "Actual Startup Time": 1265.051,
          "Actual Total Time": 1331.015,
          "Actual Rows": 7,
          "Actual Loops": 1,
          "Workers Planned": 6,
          "Workers Launched": 6,
          "Single Copy": false,
          "Plans": [
            {
              "Node Type": "Aggregate",
              "Strategy": "Plain",
              "Partial Mode": "Partial",
              "Parent Relationship": "Outer",
              "Parallel Aware": false,
              "Startup Cost": 387329.35,
              "Total Cost": 387329.36,
              "Plan Rows": 1,
              "Plan Width": 8,
              "Actual Startup Time": 1254.535,
              "Actual Total Time": 1254.538,
              "Actual Rows": 1,
              "Actual Loops": 7,
              "Plans": [
                {
                  "Node Type": "Hash Join",
                  "Parent Relationship": "Outer",
                  "Parallel Aware": true,
                  "Join Type": "Inner",
                  "Startup Cost": 45812.27,
                  "Total Cost": 386813.7,
                  "Plan Rows": 206261,
                  "Plan Width": 0,
                  "Actual Startup Time": 82.563,
                  "Actual Total Time": 1244.991,
                  "Actual Rows": 193409,
                  "Actual Loops": 7,
                  "Inner Unique": true,
                  "Hash Cond": "(ci.movie_id = t.id)",
                  "Plans": [
                    {
                      "Node Type": "Seq Scan",
                      "Parent Relationship": "Outer",
                      "Parallel Aware": true,
                      "Relation Name": "cast_info",
                      "Alias": "ci",
                      "Startup Cost": 0.0,
                      "Total Cost": 328162.03,
                      "Plan Rows": 4891191,
                      "Plan Width": 4,
                      "Actual Startup Time": 0.023,
                      "Actual Total Time": 603.362,
                      "Actual Rows": 4216636,
                      "Actual Loops": 7,
                      "Filter": "(person_id < 2988382)",
                      "Rows Removed by Filter": 961128
                    },
                    {
                      "Node Type": "Hash",
                      "Parent Relationship": "Inner",
                      "Parallel Aware": true,
                      "Startup Cost": 45479.1,
                      "Total Cost": 45479.1,
                      "Plan Rows": 26654,
                      "Plan Width": 4,
                      "Actual Startup Time": 80.864,
                      "Actual Total Time": 80.865,
                      "Actual Rows": 15502,
                      "Actual Loops": 7,
                      "Hash Buckets": 131072,
                      "Original Hash Buckets": 131072,
                      "Hash Batches": 1,
                      "Original Hash Batches": 1,
                      "Peak Memory Usage": 5376,
                      "Plans": [
                        {
                          "Node Type": "Seq Scan",
                          "Parent Relationship": "Outer",
                          "Parallel Aware": true,
                          "Relation Name": "title",
                          "Alias": "t",
                          "Startup Cost": 0.0,
                          "Total Cost": 45479.1,
                          "Plan Rows": 26654,
                          "Plan Width": 4,
                          "Actual Startup Time": 0.046,
                          "Actual Total Time": 73.452,
                          "Actual Rows": 15502,
                          "Actual Loops": 7,
                          "Filter": "((kind_id > 1) AND (production_year = 2010))",
                          "Rows Removed by Filter": 345686
                        }
                      ]
                    }
                  ]
                }
              ]
            }
          ]
        }
      ]
    },
    "Planning Time": 0.648,
    "Triggers": [],
    "Execution Time": 1331.114
  }
]