[
  {
    "Plan": {
      "Node Type": "Aggregate",
      "Strategy": "Plain",
      "Partial Mode": "Finalize",
      "Parallel Aware": false,
      "Startup Cost": 331658.36,
      "Total Cost": 331658.37,
      "Plan Rows": 1,
      "Plan Width": 8,
      "Actual Startup Time": 555.296,
      "Actual Total Time": 582.706,
      "Actual Rows": 1,
      "Actual Loops": 1,
      "Plans": [
        {
          "Node Type": "Gather",
          "Parent Relationship": "Outer",
          "Parallel Aware": false,
          "Startup Cost": 331657.74,
          "Total Cost": 331658.35,
          "Plan Rows": 6,
          "Plan Width": 8,
          "Actual Startup Time": 555.221,
          "Actual Total Time": 582.698,
          "Actual Rows": 7,
          "Actual Loops": 1,
          "Workers Planned": 6,
          "Workers Launched": 6,
          "Single Copy": false,
          "Plans": [
            {
              "Node Type": "Aggregate",
              "Strategy": "Plain",
              "Partial Mode": "Partial",
              "Parent Relationship": "Outer",
              "Parallel Aware": false,
              "Startup Cost": 330657.74,
              "Total Cost": 330657.75,
              "Plan Rows": 1,
              "Plan Width": 8,
              "Actual Startup Time": 549.792,
              "Actual Total Time": 549.793,
              "Actual Rows": 1,
              "Actual Loops": 7,
              "Plans": [
                {
                  "Node Type": "Seq Scan",
                  "Parent Relationship": "Outer",
                  "Parallel Aware": true,
                  "Relation Name": "cast_info",
                  "Alias": "ci",
                  "Startup Cost": 0.0,
                  "Total Cost": 328213.62,
                  "Plan Rows": 977648,
                  "Plan Width": 0,
                  "Actual Startup Time": 330.465,
                  "Actual Total Time": 511.521,
                  "Actual Rows": 828148,
                  "Actual Loops": 7,
                  "Filter": "(person_id > 3064628)",
                  "Rows Removed by Filter": 4349615
                }
              ]
            }
          ]
        }
      ]
    },
    "Planning Time": 0.076,
    "Triggers": [],
    "Execution Time": 582.736
  }
]