[
  {
    "Plan": {
      "Node Type": "Aggregate",
      "Strategy": "Plain",
      "Partial Mode": "Finalize",
      "Parallel Aware": false,
      "Startup Cost": 313684.89,
      "Total Cost": 313684.9,
      "Plan Rows": 1,
      "Plan Width": 8,
      "Actual Startup Time": 223.441,
      "Actual Total Time": 235.274,
      "Actual Rows": 1,
      "Actual Loops": 1,
      "Plans": [
        {
          "Node Type": "Gather",
          "Parent Relationship": "Outer",
          "Parallel Aware": false,
          "Startup Cost": 313684.27,
          "Total Cost": 313684.88,
          "Plan Rows": 6,
          "Plan Width": 8,
          "Actual Startup Time": 222.211,
          "Actual Total Time": 235.263,
          "Actual Rows": 7,
          "Actual Loops": 1,
          "Workers Planned": 6,
          "Workers Launched": 6,
          "Single Copy": false,
          "Plans": [
            {
              "Node Type": "Aggregate",
              "Strategy": "Plain",
              "Partial Mode": "Partial",
              "Parent Relationship": "Outer",
              "Parallel Aware": false,
              "Startup Cost": 312684.27,
              "Total Cost": 312684.28,
              "Plan Rows": 1,
              "Plan Width": 8,
              "Actual Startup Time": 214.357,
              "Actual Total Time": 214.36,
              "Actual Rows": 1,
              "Actual Loops": 7,
              "Plans": [
                {
                  "Node Type": "Bitmap Heap Scan",
                  "Parent Relationship": "Outer",
                  "Parallel Aware": true,
                  "Relation Name": "cast_info",
                  "Alias": "ci",
                  "Startup Cost": 53894.66,
                  "Total Cost": 311667.16,
                  "Plan Rows": 406841,
                  "Plan Width": 0,
                  "Actual Startup Time": 84.557,
                  "Actual Total Time": 194.324,
                  "Actual Rows": 338618,
                  "Actual Loops": 7,
                  "Recheck Cond": "(person_id > 3599272)",
                  "Rows Removed by Index Recheck": 0,
                  "Exact Heap Blocks": 8151,
                  "Lossy Heap Blocks": 0,
                  "Plans": [
                    {
                      "Node Type": "Bitmap Index Scan",
                      "Parent Relationship": "Outer",
                      "Parallel Aware": false,
                      "Index Name": "person_id_cast_info",
                      "Startup Cost": 0.0,
                      "Total Cost": 53284.4,
                      "Plan Rows": 2441044,
                      "Plan Width": 0,
                      "Actual Startup Time": 85.895,
                      "Actual Total Time": 85.896,
                      "Actual Rows": 2370324,
                      "Actual Loops": 1,
                      "Index Cond": "(person_id > 3599272)"
                    }
                  ]
                }
              ]
            }
          ]
        }
      ]
    },
    "Planning Time": 0.113,
    "Triggers": [],
    "Execution Time": 235.321
  }
]