[
  {
    "Plan": {
      "Node Type": "Aggregate",
      "Strategy": "Plain",
      "Partial Mode": "Finalize",
      "Parallel Aware": false,
      "Startup Cost": 44988.72,
      "Total Cost": 44988.73,
      "Plan Rows": 1,
      "Plan Width": 8,
      "Actual Startup Time": 91.879,
      "Actual Total Time": 103.456,
      "Actual Rows": 1,
      "Actual Loops": 1,
      "Plans": [
        {
          "Node Type": "Gather",
          "Parent Relationship": "Outer",
          "Parallel Aware": false,
          "Startup Cost": 44988.3,
          "Total Cost": 44988.71,
          "Plan Rows": 4,
          "Plan Width": 8,
          "Actual Startup Time": 91.717,
          "Actual Total Time": 103.446,
          "Actual Rows": 5,
          "Actual Loops": 1,
          "Workers Planned": 4,
          "Workers Launched": 4,
          "Single Copy": false,
          "Plans": [
            {
              "Node Type": "Aggregate",
              "Strategy": "Plain",
              "Partial Mode": "Partial",
              "Parent Relationship": "Outer",
              "Parallel Aware": false,
              "Startup Cost": 43988.3,
              "Total Cost": 43988.31,
              "Plan Rows": 1,
              "Plan Width": 8,
              "Actual Startup Time": 84.174,
              "Actual Total Time": 84.175,
              "Actual Rows": 1,
              "Actual Loops": 5,
              "Plans": [
                {
                  "Node Type": "Seq Scan",
                  "Parent Relationship": "Outer",
                  "Parallel Aware": true,
                  "Relation Name": "title",
                  "Alias": "t",
                  "Startup Cost": 0.0,
                  "Total Cost": 43898.92,
                  "Plan Rows": 35754,
                  "Plan Width": 0,
                  "Actual Startup Time": 18.151,
                  "Actual Total Time": 82.818,
                  "Actual Rows": 29108,
                  "Actual Loops": 5,
                  "Filter": "(production_year < 1942)",
                  "Rows Removed by Filter": 476555
                }
              ]
            }
          ]
        }
      ]
    },
    "Planning Time": 0.15,
    "Triggers": [],
    "Execution Time": 103.513
  }
]