[
  {
    "Plan": {
      "Node Type": "Aggregate",
      "Strategy": "Plain",
      "Partial Mode": "Finalize",
      "Parallel Aware": false,
      "Startup Cost": 45635.13,
      "Total Cost": 45635.14,
      "Plan Rows": 1,
      "Plan Width": 8,
      "Actual Startup Time": 119.512,
      "Actual Total Time": 138.167,
      "Actual Rows": 1,
      "Actual Loops": 1,
      "Plans": [
        {
          "Node Type": "Gather",
          "Parent Relationship": "Outer",
          "Parallel Aware": false,
          "Startup Cost": 45634.92,
          "Total Cost": 45635.13,
          "Plan Rows": 2,
          "Plan Width": 8,
          "Actual Startup Time": 119.166,
          "Actual Total Time": 138.159,
          "Actual Rows": 3,
          "Actual Loops": 1,
          "Workers Planned": 2,
          "Workers Launched": 2,
          "Single Copy": false,
          "Plans": [
            {
              "Node Type": "Aggregate",
              "Strategy": "Plain",
              "Partial Mode": "Partial",
              "Parent Relationship": "Outer",
              "Parallel Aware": false,
              "Startup Cost": 44634.92,
              "Total Cost": 44634.93,
              "Plan Rows": 1,
              "Plan Width": 8,
              "Actual Startup Time": 111.015,
              "Actual Total Time": 111.017,
              "Actual Rows": 1,
              "Actual Loops": 3,
              "Plans": [
                {
                  "Node Type": "Nested Loop",
                  "Parent Relationship": "Outer",
                  "Parallel Aware": false,
                  "Join Type": "Inner",
                  "Startup Cost": 164.9,
                  "Total Cost": 44588.07,
                  "Plan Rows": 18738,
                  "Plan Width": 0,
                  "Actual Startup Time": 2.853,
                  "Actual Total Time": 106.468,
                  "Actual Rows": 65176,
                  "Actual Loops": 3,
                  "Inner Unique": false,
                  "Plans": [
                    {
                      "Node Type": "Nested Loop",
                      "Parent Relationship": "Outer",
                      "Parallel Aware": false,
                      "Join Type": "Inner",
                      "Startup Cost": 164.47,
                      "Total Cost": 38395.91,
                      "Plan Rows": 3205,
                      "Plan Width": 8,
                      "Actual Startup Time": 2.668,
                      "Actual Total Time": 25.928,
                      "Actual Rows": 2187,
                      "Actual Loops": 3,
                      "Inner Unique": true,
                      "Plans": [
                        {
                          "Node Type": "Bitmap Heap Scan",
                          "Parent Relationship": "Outer",
                          "Parallel Aware": true,
                          "Relation Name": "movie_keyword",
                          "Alias": "mk",
                          "Startup Cost": 164.04,
                          "Total Cost": 16394.0,
                          "Plan Rows": 3205,
                          "Plan Width": 4,
                          "Actual Startup Time": 2.482,
                          "Actual Total Time": 9.524,
                          "Actual Rows": 2187,
                          "Actual Loops": 3,
                          "Recheck Cond": "(keyword_id = 12015)",
                          "Rows Removed by Index Recheck": 0,
                          "Exact Heap Blocks": 2834,
                          "Lossy Heap Blocks": 0,
                          "Plans": [
                            {
                              "Node Type": "Bitmap Index Scan",
                              "Parent Relationship": "Outer",
                              "Parallel Aware": false,
                              "Index Name": "keyword_id_movie_keyword",
                              "Startup Cost": 0.0,
                              "Total Cost": 162.12,
                              "Plan Rows": 7691,
                              "Plan Width": 0,
                              "Actual Startup Time": 5.044,
                              "Actual Total Time": 5.044,
                              "Actual Rows": 6560,
                              "Actual Loops": 1,
                              "Index Cond": "(keyword_id = 12015)"
                            }
                          ]
                        },
                        {
                          "Node Type": "Index Only Scan",
                          "Parent Relationship": "Inner",
                          "Parallel Aware": false,
                          "Scan Direction": "Forward",
                          "Index Name": "title_pkey",
                          "Relation Name": "title",
                          "Alias": "t",
                          "Startup Cost": 0.43,
                          "Total Cost": 6.86,
                          "Plan Rows": 1,
                          "Plan Width": 4,
                          "Actual Startup Time": 0.007,
                          "Actual Total Time": 0.007,
                          "Actual Rows": 1,
                          "Actual Loops": 6560,
                          "Index Cond": "(id = mk.movie_id)",
                          "Rows Removed by Index Recheck": 0,
                          "Heap Fetches": 6560
                        }
                      ]
                    },
                    {
                      "Node Type": "Index Only Scan",
                      "Parent Relationship": "Inner",
                      "Parallel Aware": false,
                      "Scan Direction": "Forward",
                      "Index Name": "movie_id_movie_info",
                      "Relation Name": "movie_info",
                      "Alias": "mi",
                      "Startup Cost": 0.43,
                      "Total Cost": 1.51,
                      "Plan Rows": 42,
                      "Plan Width": 4,
                      "Actual Startup Time": 0.008,
                      "Actual Total Time": 0.034,
                      "Actual Rows": 30,
                      "Actual Loops": 6560,
                      "Index Cond": "(movie_id = t.id)",
                      "Rows Removed by Index Recheck": 0,
                      "Heap Fetches": 195528
                    }
                  ]
                }
              ]
            }
          ]
        }
      ]
    },
    "Planning Time": 1.278,
    "Triggers": [],
    "Execution Time": 138.261
  }
]