[
  {
    "Plan": {
      "Node Type": "Aggregate",
      "Strategy": "Plain",
      "Partial Mode": "Finalize",
      "Parallel Aware": false,
      "Startup Cost": 78185.06,
      "Total Cost": 78185.07,
      "Plan Rows": 1,
      "Plan Width": 8,
      "Actual Startup Time": 486.241,
      "Actual Total Time": 499.447,
      "Actual Rows": 1,
      "Actual Loops": 1,
      "Plans": [
        {
          "Node Type": "Gather",
          "Parent Relationship": "Outer",
          "Parallel Aware": false,
          "Startup Cost": 78184.74,
          "Total Cost": 78185.05,
          "Plan Rows": 3,
          "Plan Width": 8,
          "Actual Startup Time": 478.017,
          "Actual Total Time": 499.434,
          "Actual Rows": 4,
          "Actual Loops": 1,
          "Workers Planned": 3,
          "Workers Launched": 3,
          "Single Copy": false,
          "Plans": [
            {
              "Node Type": "Aggregate",
              "Strategy": "Plain",
              "Partial Mode": "Partial",
              "Parent Relationship": "Outer",
              "Parallel Aware": false,
              "Startup Cost": 77184.74,
              "Total Cost": 77184.75,
              "Plan Rows": 1,
              "Plan Width": 8,
              "Actual Startup Time": 460.671,
              "Actual Total Time": 460.677,
              "Actual Rows": 1,
              "Actual Loops": 4,
              "Plans": [
                {
                  "Node Type": "Hash Join",
                  "Parent Relationship": "Outer",
                  "Parallel Aware": true,
                  "Join Type": "Inner",
                  "Startup Cost": 56696.17,
                  "Total Cost": 76943.81,
                  "Plan Rows": 96373,
                  "Plan Width": 0,
                  "Actual Startup Time": 407.048,
                  "Actual Total Time": 457.032,
                  "Actual Rows": 73926,
                  "Actual Loops": 4,
                  "Inner Unique": true,
                  "Hash Cond": "(mc.movie_id = t.id)",
                  "Plans": [
                    {
                      "Node Type": "Bitmap Heap Scan",
                      "Parent Relationship": "Outer",
                      "Parallel Aware": true,
                      "Relation Name": "movie_companies",
                      "Alias": "mc",
                      "Startup Cost": 6475.79,
                      "Total Cost": 26470.45,
                      "Plan Rows": 96373,
                      "Plan Width": 4,
                      "Actual Startup Time": 13.228,
                      "Actual Total Time": 29.976,
                      "Actual Rows": 73926,
                      "Actual Loops": 4,
                      "Recheck Cond": "(company_id > 94756)",
                      "Rows Removed by Index Recheck": 0,
                      "Exact Heap Blocks": 1291,
                      "Lossy Heap Blocks": 0,
                      "Plans": [
                        {
                          "Node Type": "Bitmap Index Scan",
                          "Parent Relationship": "Outer",
                          "Parallel Aware": false,
                          "Index Name": "company_id_movie_companies",
                          "Startup Cost": 0.0,
                          "Total Cost": 6401.1,
                          "Plan Rows": 298756,
                          "Plan Width": 0,
                          "Actual Startup Time": 12.521,
                          "Actual Total Time": 12.521,
                          "Actual Rows": 295705,
                          "Actual Loops": 1,
                          "Index Cond": "(company_id > 94756)"
                        }
                      ]
                    },
                    {
                      "Node Type": "Hash",
                      "Parent Relationship": "Inner",
                      "Parallel Aware": true,
                      "Startup Cost": 42319.06,
                      "Total Cost": 42319.06,
                      "Plan Rows": 632106,
                      "Plan Width": 4,
                      "Actual Startup Time": 383.369,
                      "Actual Total Time": 383.371,
                      "Actual Rows": 632078,
                      "Actual Loops": 4,
                      "Hash Buckets": 4194304,
                      "Original Hash Buckets": 4194304,
                      "Hash Batches": 1,
                      "Original Hash Batches": 1,
                      "Peak Memory Usage": 131744,
                      "Plans": [
                        {
                          "Node Type": "Seq Scan",
                          "Parent Relationship": "Outer",
                          "Parallel Aware": true,
                          "Relation Name": "title",
                          "Alias": "t",
                          "Startup Cost": 0.0,
                          "Total Cost": 42319.06,
                          "Plan Rows": 632106,
                          "Plan Width": 4,
                          "Actual Startup Time": 0.043,
                          "Actual Total Time": 112.652,
                          "Actual Rows": 632078,
                          "Actual Loops": 4
                        }
                      ]
                    }
                  ]
                }
              ]
            }
          ]
        }
      ]
    },
    "Planning Time": 0.376,
    "Triggers": [],
    "Execution Time": 499.508
  }
]