[
    {
        "Bao": {
            "Bao prediction": 458.327,
            "Bao recommended hint": "SET enable_mergejoin TO off; SET enable_indexscan TO off; "
        }
    },
    {
        "Plan": {
            "Node Type": "Aggregate",
            "Strategy": "Plain",
            "Partial Mode": "Finalize",
            "Parallel Aware": false,
            "Startup Cost": 346318.13,
            "Total Cost": 346318.14,
            "Plan Rows": 1,
            "Plan Width": 8,
            "Actual Startup Time": 772.272,
            "Actual Total Time": 802.681,
            "Actual Rows": 1,
            "Actual Loops": 1,
            "Output": [
                "count(*)"
            ],
            "Plans": [
                {
                    "Node Type": "Gather",
                    "Parent Relationship": "Outer",
                    "Parallel Aware": false,
                    "Startup Cost": 346317.51,
                    "Total Cost": 346318.12,
                    "Plan Rows": 6,
                    "Plan Width": 8,
                    "Actual Startup Time": 772.162,
                    "Actual Total Time": 802.672,
                    "Actual Rows": 7,
                    "Actual Loops": 1,
                    "Output": [
                        "(PARTIAL count(*))"
                    ],
                    "Workers Planned": 6,
                    "Workers Launched": 6,
                    "Single Copy": false,
                    "Plans": [
                        {
                            "Node Type": "Aggregate",
                            "Strategy": "Plain",
                            "Partial Mode": "Partial",
                            "Parent Relationship": "Outer",
                            "Parallel Aware": false,
                            "Startup Cost": 345317.51,
                            "Total Cost": 345317.52,
                            "Plan Rows": 1,
                            "Plan Width": 8,
                            "Actual Startup Time": 762.915,
                            "Actual Total Time": 762.916,
                            "Actual Rows": 1,
                            "Actual Loops": 7,
                            "Output": [
                                "PARTIAL count(*)"
                            ],
                            "Workers": [
                                {
                                    "Worker Number": 0,
                                    "Actual Startup Time": 760.926,
                                    "Actual Total Time": 760.927,
                                    "Actual Rows": 1,
                                    "Actual Loops": 1
                                },
                                {
                                    "Worker Number": 1,
                                    "Actual Startup Time": 761.327,
                                    "Actual Total Time": 761.329,
                                    "Actual Rows": 1,
                                    "Actual Loops": 1
                                },
                                {
                                    "Worker Number": 2,
                                    "Actual Startup Time": 761.258,
                                    "Actual Total Time": 761.26,
                                    "Actual Rows": 1,
                                    "Actual Loops": 1
                                },
                                {
                                    "Worker Number": 3,
                                    "Actual Startup Time": 761.457,
                                    "Actual Total Time": 761.458,
                                    "Actual Rows": 1,
                                    "Actual Loops": 1
                                },
                                {
                                    "Worker Number": 4,
                                    "Actual Startup Time": 761.885,
                                    "Actual Total Time": 761.886,
                                    "Actual Rows": 1,
                                    "Actual Loops": 1
                                },
                                {
                                    "Worker Number": 5,
                                    "Actual Startup Time": 762.175,
                                    "Actual Total Time": 762.176,
                                    "Actual Rows": 1,
                                    "Actual Loops": 1
                                }
                            ],
                            "Plans": [
                                {
                                    "Node Type": "Seq Scan",
                                    "Parent Relationship": "Outer",
                                    "Parallel Aware": true,
                                    "Relation Name": "cast_info",
                                    "Schema": "public",
                                    "Alias": "ci",
                                    "Startup Cost": 0.0,
                                    "Total Cost": 343318.94,
                                    "Plan Rows": 799427,
                                    "Plan Width": 0,
                                    "Actual Startup Time": 239.604,
                                    "Actual Total Time": 704.345,
                                    "Actual Rows": 1064249,
                                    "Actual Loops": 7,
                                    "Output": [
                                        "id",
                                        "person_id",
                                        "movie_id",
                                        "person_role_id",
                                        "note",
                                        "nr_order",
                                        "role_id"
                                    ],
                                    "Filter": "((ci.person_id > 1282505) AND (ci.role_id = 2))",
                                    "Rows Removed by Filter": 4113514,
                                    "Workers": [
                                        {
                                            "Worker Number": 0,
                                            "Actual Startup Time": 237.621,
                                            "Actual Total Time": 702.965,
                                            "Actual Rows": 877994,
                                            "Actual Loops": 1
                                        },
                                        {
                                            "Worker Number": 1,
                                            "Actual Startup Time": 238.027,
                                            "Actual Total Time": 703.185,
                                            "Actual Rows": 882534,
                                            "Actual Loops": 1
                                        },
                                        {
                                            "Worker Number": 2,
                                            "Actual Startup Time": 237.952,
                                            "Actual Total Time": 703.199,
                                            "Actual Rows": 881446,
                                            "Actual Loops": 1
                                        },
                                        {
                                            "Worker Number": 3,
                                            "Actual Startup Time": 238.137,
                                            "Actual Total Time": 702.071,
                                            "Actual Rows": 1405254,
                                            "Actual Loops": 1
                                        },
                                        {
                                            "Worker Number": 4,
                                            "Actual Startup Time": 238.558,
                                            "Actual Total Time": 704.278,
                                            "Actual Rows": 875621,
                                            "Actual Loops": 1
                                        },
                                        {
                                            "Worker Number": 5,
                                            "Actual Startup Time": 238.876,
                                            "Actual Total Time": 703.995,
                                            "Actual Rows": 881486,
                                            "Actual Loops": 1
                                        }
                                    ]
                                }
                            ]
                        }
                    ]
                }
            ]
        },
        "Planning Time": 369.052,
        "Triggers": [],
        "Execution Time": 802.766
    }
]