{
  "Plan": {
    "Node Type": "Aggregate",
    "Strategy": "Plain",
    "Partial Mode": "Finalize",
    "Parallel Aware": false,
    "Startup Cost": 674713.81,
    "Total Cost": 674713.82,
    "Plan Rows": 1,
    "Plan Width": 8,
    "Actual Startup Time": 9080.699,
    "Actual Total Time": 9150.253,
    "Actual Rows": 1,
    "Actual Loops": 1,
    "Plans": [
      {
        "Node Type": "Gather",
        "Parent Relationship": "Outer",
        "Parallel Aware": false,
        "Startup Cost": 674713.69,
        "Total Cost": 674713.8,
        "Plan Rows": 1,
        "Plan Width": 8,
        "Actual Startup Time": 9073.871,
        "Actual Total Time": 9150.236,
        "Actual Rows": 2,
        "Actual Loops": 1,
        "Workers Planned": 1,
        "Workers Launched": 1,
        "Single Copy": false,
        "Plans": [
          {
            "Node Type": "Aggregate",
            "Strategy": "Plain",
            "Partial Mode": "Partial",
            "Parent Relationship": "Outer",
            "Parallel Aware": false,
            "Startup Cost": 673713.69,
            "Total Cost": 673713.7,
            "Plan Rows": 1,
            "Plan Width": 8,
            "Actual Startup Time": 9064.37,
            "Actual Total Time": 9064.376,
            "Actual Rows": 1,
            "Actual Loops": 2,
            "Plans": [
              {
                "Node Type": "Hash Join",
                "Parent Relationship": "Outer",
                "Parallel Aware": true,
                "Join Type": "Inner",
                "Startup Cost": 69460.7,
                "Total Cost": 632160.78,
                "Plan Rows": 16621166,
                "Plan Width": 0,
                "Actual Startup Time": 783.371,
                "Actual Total Time": 8470.65,
                "Actual Rows": 14059496,
                "Actual Loops": 2,
                "Inner Unique": true,
                "Hash Cond": "(ci.movie_id = t.id)",
                "Plans": [
                  {
                    "Node Type": "Seq Scan",
                    "Parent Relationship": "Outer",
                    "Parallel Aware": true,
                    "Relation Name": "cast_info",
                    "Alias": "ci",
                    "Startup Cost": 0.0,
                    "Total Cost": 519069.44,
                    "Plan Rows": 16621166,
                    "Plan Width": 4,
                    "Actual Startup Time": 212.686,
                    "Actual Total Time": 1784.54,
                    "Actual Rows": 14059496,
                    "Actual Loops": 2,
                    "Filter": "(person_id > 794707)",
                    "Rows Removed by Filter": 4062676
                  },
                  {
                    "Node Type": "Hash",
                    "Parent Relationship": "Inner",
                    "Parallel Aware": true,
                    "Startup Cost": 50870.31,
                    "Total Cost": 50870.31,
                    "Plan Rows": 1487231,
                    "Plan Width": 4,
                    "Actual Startup Time": 550.84,
                    "Actual Total Time": 550.841,
                    "Actual Rows": 1264156,
                    "Actual Loops": 2,
                    "Hash Buckets": 4194304,
                    "Original Hash Buckets": 4194304,
                    "Hash Batches": 1,
                    "Original Hash Batches": 1,
                    "Peak Memory Usage": 131712,
                    "Plans": [
                      {
                        "Node Type": "Seq Scan",
                        "Parent Relationship": "Outer",
                        "Parallel Aware": true,
                        "Relation Name": "title",
                        "Alias": "t",
                        "Startup Cost": 0.0,
                        "Total Cost": 50870.31,
                        "Plan Rows": 1487231,
                        "Plan Width": 4,
                        "Actual Startup Time": 0.044,
                        "Actual Total Time": 155.307,
                        "Actual Rows": 1264156,
                        "Actual Loops": 2
                      }
                    ]
                  }
                ]
              }
            ]
          }
        ]
      }
    ]
  },
  "Planning Time": 0.547,
  "Triggers": [],
  "Execution Time": 9150.329
}