[
  {
    "Plan": {
      "Node Type": "Aggregate",
      "Strategy": "Plain",
      "Partial Mode": "Finalize",
      "Parallel Aware": false,
      "Startup Cost": 461990.14,
      "Total Cost": 461990.15,
      "Plan Rows": 1,
      "Plan Width": 64,
      "Actual Startup Time": 1445.691,
      "Actual Total Time": 1517.782,
      "Actual Rows": 1,
      "Actual Loops": 1,
      "Plans": [
        {
          "Node Type": "Gather",
          "Parent Relationship": "Outer",
          "Parallel Aware": false,
          "Startup Cost": 461989.5,
          "Total Cost": 461990.11,
          "Plan Rows": 6,
          "Plan Width": 64,
          "Actual Startup Time": 1412.178,
          "Actual Total Time": 1517.765,
          "Actual Rows": 7,
          "Actual Loops": 1,
          "Workers Planned": 6,
          "Workers Launched": 6,
          "Single Copy": false,
          "Plans": [
            {
              "Node Type": "Aggregate",
              "Strategy": "Plain",
              "Partial Mode": "Partial",
              "Parent Relationship": "Outer",
              "Parallel Aware": false,
              "Startup Cost": 460989.5,
              "Total Cost": 460989.51,
              "Plan Rows": 1,
              "Plan Width": 64,
              "Actual Startup Time": 1393.91,
              "Actual Total Time": 1393.931,
              "Actual Rows": 1,
              "Actual Loops": 7,
              "Plans": [
                {
                  "Node Type": "Hash Join",
                  "Parent Relationship": "Outer",
                  "Parallel Aware": false,
                  "Join Type": "Inner",
                  "Startup Cost": 131423.41,
                  "Total Cost": 460886.38,
                  "Plan Rows": 20624,
                  "Plan Width": 33,
                  "Actual Startup Time": 1393.904,
                  "Actual Total Time": 1393.924,
                  "Actual Rows": 0,
                  "Actual Loops": 7,
                  "Inner Unique": true,
                  "Hash Cond": "(ci.role_id = rt.id)",
                  "Plans": [
                    {
                      "Node Type": "Hash Join",
                      "Parent Relationship": "Outer",
                      "Parallel Aware": false,
                      "Join Type": "Inner",
                      "Startup Cost": 131422.14,
                      "Total Cost": 460811.85,
                      "Plan Rows": 20624,
                      "Plan Width": 37,
                      "Actual Startup Time": 1393.404,
                      "Actual Total Time": 1393.422,
                      "Actual Rows": 0,
                      "Actual Loops": 7,
                      "Inner Unique": true,
                      "Hash Cond": "(mc.company_type_id = ct.id)",
                      "Plans": [
                        {
                          "Node Type": "Hash Join",
                          "Parent Relationship": "Outer",
                          "Parallel Aware": true,
                          "Join Type": "Inner",
                          "Startup Cost": 131421.05,
                          "Total Cost": 460699.26,
                          "Plan Rows": 20624,
                          "Plan Width": 41,
                          "Actual Startup Time": 1393.272,
                          "Actual Total Time": 1393.289,
                          "Actual Rows": 0,
                          "Actual Loops": 7,
                          "Inner Unique": true,
                          "Hash Cond": "(ci.person_role_id = chn.id)",
                          "Plans": [
                            {
                              "Node Type": "Hash Join",
                              "Parent Relationship": "Outer",
                              "Parallel Aware": true,
                              "Join Type": "Inner",
                              "Startup Cost": 77307.85,
                              "Total Cost": 406531.93,
                              "Plan Rows": 20624,
                              "Plan Width": 29,
                              "Actual Startup Time": 627.677,
                              "Actual Total Time": 1014.73,
                              "Actual Rows": 22485,
                              "Actual Loops": 7,
                              "Inner Unique": false,
                              "Hash Cond": "(ci.movie_id = t.id)",
                              "Plans": [
                                {
                                  "Node Type": "Seq Scan",
                                  "Parent Relationship": "Outer",
                                  "Parallel Aware": true,
                                  "Relation Name": "cast_info",
                                  "Alias": "ci",
                                  "Startup Cost": 0.0,
                                  "Total Cost": 328289.28,
                                  "Plan Rows": 241927,
                                  "Plan Width": 12,
                                  "Actual Startup Time": 92.721,
                                  "Actual Total Time": 676.617,
                                  "Actual Rows": 205063,
                                  "Actual Loops": 7,
                                  "Filter": "(note ~~ '%(producer)%'::text)",
                                  "Rows Removed by Filter": 4972701
                                },
                                {
                                  "Node Type": "Hash",
                                  "Parent Relationship": "Inner",
                                  "Parallel Aware": true,
                                  "Startup Cost": 76947.67,
                                  "Total Cost": 76947.67,
                                  "Plan Rows": 28814,
                                  "Plan Width": 29,
                                  "Actual Startup Time": 291.366,
                                  "Actual Total Time": 291.378,
                                  "Actual Rows": 39839,
                                  "Actual Loops": 7,
                                  "Hash Buckets": 524288,
                                  "Original Hash Buckets": 131072,
                                  "Hash Batches": 1,
                                  "Original Hash Batches": 1,
                                  "Peak Memory Usage": 25472,
                                  "Plans": [
                                    {
                                      "Node Type": "Hash Join",
                                      "Parent Relationship": "Outer",
                                      "Parallel Aware": true,
                                      "Join Type": "Inner",
                                      "Startup Cost": 47322.81,
                                      "Total Cost": 76947.67,
                                      "Plan Rows": 28814,
                                      "Plan Width": 29,
                                      "Actual Startup Time": 128.238,
                                      "Actual Total Time": 264.214,
                                      "Actual Rows": 39839,
                                      "Actual Loops": 7,
                                      "Inner Unique": true,
                                      "Hash Cond": "(mc.company_id = cn.id)",
                                      "Plans": [
                                        {
                                          "Node Type": "Hash Join",
                                          "Parent Relationship": "Outer",
                                          "Parallel Aware": true,
                                          "Join Type": "Inner",
                                          "Startup Cost": 41974.5,
                                          "Total Cost": 71390.39,
                                          "Plan Rows": 79610,
                                          "Plan Width": 33,
                                          "Actual Startup Time": 115.674,
                                          "Actual Total Time": 238.309,
                                          "Actual Rows": 68077,
                                          "Actual Loops": 7,
                                          "Inner Unique": true,
                                          "Hash Cond": "(mc.movie_id = t.id)",
                                          "Plans": [
                                            {
                                              "Node Type": "Seq Scan",
                                              "Parent Relationship": "Outer",
                                              "Parallel Aware": true,
                                              "Relation Name": "movie_companies",
                                              "Alias": "mc",
                                              "Startup Cost": 0.0,
                                              "Total Cost": 27206.55,
                                              "Plan Rows": 841655,
                                              "Plan Width": 12,
                                              "Actual Startup Time": 0.015,
                                              "Actual Total Time": 52.139,
                                              "Actual Rows": 372733,
                                              "Actual Loops": 7
                                            },
                                            {
                                              "Node Type": "Hash",
                                              "Parent Relationship": "Inner",
                                              "Parallel Aware": true,
                                              "Startup Cost": 41227.16,
                                              "Total Cost": 41227.16,
                                              "Plan Rows": 59787,
                                              "Plan Width": 21,
                                              "Actual Startup Time": 114.848,
                                              "Actual Total Time": 114.851,
                                              "Actual Rows": 34486,
                                              "Actual Loops": 7,
                                              "Hash Buckets": 262144,
                                              "Original Hash Buckets": 262144,
                                              "Hash Batches": 1,
                                              "Original Hash Batches": 1,
                                              "Peak Memory Usage": 16096,
                                              "Plans": [
                                                {
                                                  "Node Type": "Bitmap Heap Scan",
                                                  "Parent Relationship": "Outer",
                                                  "Parallel Aware": true,
                                                  "Relation Name": "title",
                                                  "Alias": "t",
                                                  "Startup Cost": 4481.83,
                                                  "Total Cost": 41227.16,
                                                  "Plan Rows": 59787,
                                                  "Plan Width": 21,
                                                  "Actual Startup Time": 24.398,
                                                  "Actual Total Time": 86.099,
                                                  "Actual Rows": 34486,
                                                  "Actual Loops": 7,
                                                  "Recheck Cond": "(production_year < 1960)",
                                                  "Rows Removed by Index Recheck": 0,
                                                  "Exact Heap Blocks": 4732,
                                                  "Lossy Heap Blocks": 0,
                                                  "Plans": [
                                                    {
                                                      "Node Type": "Bitmap Index Scan",
                                                      "Parent Relationship": "Outer",
                                                      "Parallel Aware": false,
                                                      "Index Name": "idx_title_production_year",
                                                      "Startup Cost": 0.0,
                                                      "Total Cost": 4422.04,
                                                      "Plan Rows": 239148,
                                                      "Plan Width": 0,
                                                      "Actual Startup Time": 19.222,
                                                      "Actual Total Time": 19.223,
                                                      "Actual Rows": 241400,
                                                      "Actual Loops": 1,
                                                      "Index Cond": "(production_year < 1960)"
                                                    }
                                                  ]
                                                }
                                              ]
                                            }
                                          ]
                                        },
                                        {
                                          "Node Type": "Hash",
                                          "Parent Relationship": "Inner",
                                          "Parallel Aware": true,
                                          "Startup Cost": 4722.92,
                                          "Total Cost": 4722.92,
                                          "Plan Rows": 50031,
                                          "Plan Width": 4,
                                          "Actual Startup Time": 12.066,
                                          "Actual Total Time": 12.067,
                                          "Actual Rows": 12120,
                                          "Actual Loops": 7,
                                          "Hash Buckets": 131072,
                                          "Original Hash Buckets": 131072,
                                          "Hash Batches": 1,
                                          "Original Hash Batches": 1,
                                          "Peak Memory Usage": 4416,
                                          "Plans": [
                                            {
                                              "Node Type": "Seq Scan",
                                              "Parent Relationship": "Outer",
                                              "Parallel Aware": true,
                                              "Relation Name": "company_name",
                                              "Alias": "cn",
                                              "Startup Cost": 0.0,
                                              "Total Cost": 4722.92,
                                              "Plan Rows": 50031,
                                              "Plan Width": 4,
                                              "Actual Startup Time": 0.037,
                                              "Actual Total Time": 7.885,
                                              "Actual Rows": 12120,
                                              "Actual Loops": 7,
                                              "Filter": "((country_code)::text = '[us]'::text)",
                                              "Rows Removed by Filter": 21451
                                            }
                                          ]
                                        }
                                      ]
                                    }
                                  ]
                                }
                              ]
                            },
                            {
                              "Node Type": "Hash",
                              "Parent Relationship": "Inner",
                              "Parallel Aware": true,
                              "Startup Cost": 44299.2,
                              "Total Cost": 44299.2,
                              "Plan Rows": 785120,
                              "Plan Width": 20,
                              "Actual Startup Time": 370.124,
                              "Actual Total Time": 370.126,
                              "Actual Rows": 448620,
                              "Actual Loops": 7,
                              "Hash Buckets": 4194304,
                              "Original Hash Buckets": 4194304,
                              "Hash Batches": 1,
                              "Original Hash Batches": 1,
                              "Peak Memory Usage": 205152,
                              "Plans": [
                                {
                                  "Node Type": "Seq Scan",
                                  "Parent Relationship": "Outer",
                                  "Parallel Aware": true,
                                  "Relation Name": "char_name",
                                  "Alias": "chn",
                                  "Startup Cost": 0.0,
                                  "Total Cost": 44299.2,
                                  "Plan Rows": 785120,
                                  "Plan Width": 20,
                                  "Actual Startup Time": 0.067,
                                  "Actual Total Time": 96.655,
                                  "Actual Rows": 448620,
                                  "Actual Loops": 7
                                }
                              ]
                            }
                          ]
                        },
                        {
                          "Node Type": "Hash",
                          "Parent Relationship": "Inner",
                          "Parallel Aware": false,
                          "Startup Cost": 1.04,
                          "Total Cost": 1.04,
                          "Plan Rows": 4,
                          "Plan Width": 4,
                          "Actual Startup Time": 0.081,
                          "Actual Total Time": 0.082,
                          "Actual Rows": 4,
                          "Actual Loops": 7,
                          "Hash Buckets": 1024,
                          "Original Hash Buckets": 1024,
                          "Hash Batches": 1,
                          "Original Hash Batches": 1,
                          "Peak Memory Usage": 9,
                          "Plans": [
                            {
                              "Node Type": "Seq Scan",
                              "Parent Relationship": "Outer",
                              "Parallel Aware": false,
                              "Relation Name": "company_type",
                              "Alias": "ct",
                              "Startup Cost": 0.0,
                              "Total Cost": 1.04,
                              "Plan Rows": 4,
                              "Plan Width": 4,
                              "Actual Startup Time": 0.059,
                              "Actual Total Time": 0.062,
                              "Actual Rows": 4,
                              "Actual Loops": 7
                            }
                          ]
                        }
                      ]
                    },
                    {
                      "Node Type": "Hash",
                      "Parent Relationship": "Inner",
                      "Parallel Aware": false,
                      "Startup Cost": 1.12,
                      "Total Cost": 1.12,
                      "Plan Rows": 12,
                      "Plan Width": 4,
                      "Actual Startup Time": 0.103,
                      "Actual Total Time": 0.105,
                      "Actual Rows": 12,
                      "Actual Loops": 7,
                      "Hash Buckets": 1024,
                      "Original Hash Buckets": 1024,
                      "Hash Batches": 1,
                      "Original Hash Batches": 1,
                      "Peak Memory Usage": 9,
                      "Plans": [
                        {
                          "Node Type": "Seq Scan",
                          "Parent Relationship": "Outer",
                          "Parallel Aware": false,
                          "Relation Name": "role_type",
                          "Alias": "rt",
                          "Startup Cost": 0.0,
                          "Total Cost": 1.12,
                          "Plan Rows": 12,
                          "Plan Width": 4,
                          "Actual Startup Time": 0.061,
                          "Actual Total Time": 0.067,
                          "Actual Rows": 12,
                          "Actual Loops": 7
                        }
                      ]
                    }
                  ]
                }
              ]
            }
          ]
        }
      ]
    },
    "Planning Time": 8.794,
    "Triggers": [],
    "Execution Time": 1518.379
  }
]