[
  {
    "Bao": {
      "Bao prediction": 1064.902,
      "Bao recommended hint": "SET enable_nestloop TO off; SET enable_hashjoin TO off; "
    }
  },
  {
    "Plan": {
      "Node Type": "Aggregate",
      "Strategy": "Plain",
      "Partial Mode": "Finalize",
      "Parallel Aware": false,
      "Startup Cost": 1631739.15,
      "Total Cost": 1631739.16,
      "Plan Rows": 1,
      "Plan Width": 64,
      "Actual Startup Time": 9349.111,
      "Actual Total Time": 9471.998,
      "Actual Rows": 1,
      "Actual Loops": 1,
      "Plans": [
        {
          "Node Type": "Gather",
          "Parent Relationship": "Outer",
          "Parallel Aware": false,
          "Startup Cost": 1631738.51,
          "Total Cost": 1631739.12,
          "Plan Rows": 6,
          "Plan Width": 64,
          "Actual Startup Time": 9340.105,
          "Actual Total Time": 9471.987,
          "Actual Rows": 7,
          "Actual Loops": 1,
          "Workers Planned": 6,
          "Workers Launched": 6,
          "Single Copy": false,
          "Plans": [
            {
              "Node Type": "Aggregate",
              "Strategy": "Plain",
              "Partial Mode": "Partial",
              "Parent Relationship": "Outer",
              "Parallel Aware": false,
              "Startup Cost": 1630738.51,
              "Total Cost": 1630738.52,
              "Plan Rows": 1,
              "Plan Width": 64,
              "Actual Startup Time": 9239.34,
              "Actual Total Time": 9239.349,
              "Actual Rows": 1,
              "Actual Loops": 7,
              "Plans": [
                {
                  "Node Type": "Merge Join",
                  "Parent Relationship": "Outer",
                  "Parallel Aware": false,
                  "Join Type": "Inner",
                  "Startup Cost": 1371718.98,
                  "Total Cost": 1624844.52,
                  "Plan Rows": 1178798,
                  "Plan Width": 33,
                  "Actual Startup Time": 6839.047,
                  "Actual Total Time": 9235.673,
                  "Actual Rows": 46144,
                  "Actual Loops": 7,
                  "Inner Unique": false,
                  "Merge Cond": "(ci.person_id = an1.person_id)",
                  "Plans": [
                    {
                      "Node Type": "Sort",
                      "Parent Relationship": "Outer",
                      "Parallel Aware": false,
                      "Startup Cost": 1371706.65,
                      "Total Cost": 1372945.17,
                      "Plan Rows": 495405,
                      "Plan Width": 21,
                      "Actual Startup Time": 6815.538,
                      "Actual Total Time": 6820.489,
                      "Actual Rows": 40791,
                      "Actual Loops": 7,
                      "Sort Key": [
                        "ci.person_id"
                      ],
                      "Sort Method": "quicksort",
                      "Sort Space Used": 4225,
                      "Sort Space Type": "Memory",
                      "Workers": [
                        {
                          "Worker Number": 0,
                          "Sort Method": "quicksort",
                          "Sort Space Used": 4197,
                          "Sort Space Type": "Memory"
                        },
                        {
                          "Worker Number": 1,
                          "Sort Method": "quicksort",
                          "Sort Space Used": 4575,
                          "Sort Space Type": "Memory"
                        },
                        {
                          "Worker Number": 2,
                          "Sort Method": "quicksort",
                          "Sort Space Used": 4539,
                          "Sort Space Type": "Memory"
                        },
                        {
                          "Worker Number": 3,
                          "Sort Method": "quicksort",
                          "Sort Space Used": 4318,
                          "Sort Space Type": "Memory"
                        },
                        {
                          "Worker Number": 4,
                          "Sort Method": "quicksort",
                          "Sort Space Used": 4379,
                          "Sort Space Type": "Memory"
                        },
                        {
                          "Worker Number": 5,
                          "Sort Method": "quicksort",
                          "Sort Space Used": 4160,
                          "Sort Space Type": "Memory"
                        }
                      ],
                      "Plans": [
                        {
                          "Node Type": "Merge Join",
                          "Parent Relationship": "Outer",
                          "Parallel Aware": false,
                          "Join Type": "Inner",
                          "Startup Cost": 1189850.62,
                          "Total Cost": 1324845.68,
                          "Plan Rows": 495405,
                          "Plan Width": 21,
                          "Actual Startup Time": 4857.319,
                          "Actual Total Time": 6803.584,
                          "Actual Rows": 40791,
                          "Actual Loops": 7,
                          "Inner Unique": true,
                          "Merge Cond": "(ci.movie_id = t.id)",
                          "Plans": [
                            {
                              "Node Type": "Merge Join",
                              "Parent Relationship": "Outer",
                              "Parallel Aware": false,
                              "Join Type": "Inner",
                              "Startup Cost": 1189847.42,
                              "Total Cost": 1202089.39,
                              "Plan Rows": 495405,
                              "Plan Width": 12,
                              "Actual Startup Time": 4855.429,
                              "Actual Total Time": 5064.008,
                              "Actual Rows": 40791,
                              "Actual Loops": 7,
                              "Inner Unique": false,
                              "Merge Cond": "(ci.movie_id = mc.movie_id)",
                              "Plans": [
                                {
                                  "Node Type": "Sort",
                                  "Parent Relationship": "Outer",
                                  "Parallel Aware": false,
                                  "Startup Cost": 935839.61,
                                  "Total Cost": 937098.56,
                                  "Plan Rows": 503581,
                                  "Plan Width": 8,
                                  "Actual Startup Time": 2434.449,
                                  "Actual Total Time": 2440.265,
                                  "Actual Rows": 39485,
                                  "Actual Loops": 7,
                                  "Sort Key": [
                                    "ci.movie_id"
                                  ],
                                  "Sort Method": "quicksort",
                                  "Sort Space Used": 3401,
                                  "Sort Space Type": "Memory",
                                  "Workers": [
                                    {
                                      "Worker Number": 0,
                                      "Sort Method": "quicksort",
                                      "Sort Space Used": 3401,
                                      "Sort Space Type": "Memory"
                                    },
                                    {
                                      "Worker Number": 1,
                                      "Sort Method": "quicksort",
                                      "Sort Space Used": 3328,
                                      "Sort Space Type": "Memory"
                                    },
                                    {
                                      "Worker Number": 2,
                                      "Sort Method": "quicksort",
                                      "Sort Space Used": 3328,
                                      "Sort Space Type": "Memory"
                                    },
                                    {
                                      "Worker Number": 3,
                                      "Sort Method": "quicksort",
                                      "Sort Space Used": 3438,
                                      "Sort Space Type": "Memory"
                                    },
                                    {
                                      "Worker Number": 4,
                                      "Sort Method": "quicksort",
                                      "Sort Space Used": 3401,
                                      "Sort Space Type": "Memory"
                                    },
                                    {
                                      "Worker Number": 5,
                                      "Sort Method": "quicksort",
                                      "Sort Space Used": 3414,
                                      "Sort Space Type": "Memory"
                                    }
                                  ],
                                  "Plans": [
                                    {
                                      "Node Type": "Merge Join",
                                      "Parent Relationship": "Outer",
                                      "Parallel Aware": false,
                                      "Join Type": "Inner",
                                      "Startup Cost": 1.72,
                                      "Total Cost": 888145.8,
                                      "Plan Rows": 503581,
                                      "Plan Width": 8,
                                      "Actual Startup Time": 2411.425,
                                      "Actual Total Time": 2425.012,
                                      "Actual Rows": 39486,
                                      "Actual Loops": 7,
                                      "Inner Unique": true,
                                      "Merge Cond": "(ci.role_id = rt.id)",
                                      "Plans": [
                                        {
                                          "Node Type": "Index Scan",
                                          "Parent Relationship": "Outer",
                                          "Parallel Aware": true,
                                          "Scan Direction": "Forward",
                                          "Index Name": "role_id_cast_info",
                                          "Relation Name": "cast_info",
                                          "Alias": "ci",
                                          "Startup Cost": 0.56,
                                          "Total Cost": 868001.39,
                                          "Plan Rows": 6042971,
                                          "Plan Width": 12,
                                          "Actual Startup Time": 0.318,
                                          "Actual Total Time": 1960.958,
                                          "Actual Rows": 4115445,
                                          "Actual Loops": 7
                                        },
                                        {
                                          "Node Type": "Sort",
                                          "Parent Relationship": "Inner",
                                          "Parallel Aware": false,
                                          "Startup Cost": 1.16,
                                          "Total Cost": 1.16,
                                          "Plan Rows": 1,
                                          "Plan Width": 4,
                                          "Actual Startup Time": 0.106,
                                          "Actual Total Time": 0.109,
                                          "Actual Rows": 1,
                                          "Actual Loops": 7,
                                          "Sort Key": [
                                            "rt.id"
                                          ],
                                          "Sort Method": "quicksort",
                                          "Sort Space Used": 25,
                                          "Sort Space Type": "Memory",
                                          "Workers": [
                                            {
                                              "Worker Number": 0,
                                              "Sort Method": "quicksort",
                                              "Sort Space Used": 25,
                                              "Sort Space Type": "Memory"
                                            },
                                            {
                                              "Worker Number": 1,
                                              "Sort Method": "quicksort",
                                              "Sort Space Used": 25,
                                              "Sort Space Type": "Memory"
                                            },
                                            {
                                              "Worker Number": 2,
                                              "Sort Method": "quicksort",
                                              "Sort Space Used": 25,
                                              "Sort Space Type": "Memory"
                                            },
                                            {
                                              "Worker Number": 3,
                                              "Sort Method": "quicksort",
                                              "Sort Space Used": 25,
                                              "Sort Space Type": "Memory"
                                            },
                                            {
                                              "Worker Number": 4,
                                              "Sort Method": "quicksort",
                                              "Sort Space Used": 25,
                                              "Sort Space Type": "Memory"
                                            },
                                            {
                                              "Worker Number": 5,
                                              "Sort Method": "quicksort",
                                              "Sort Space Used": 25,
                                              "Sort Space Type": "Memory"
                                            }
                                          ],
                                          "Plans": [
                                            {
                                              "Node Type": "Seq Scan",
                                              "Parent Relationship": "Outer",
                                              "Parallel Aware": false,
                                              "Relation Name": "role_type",
                                              "Alias": "rt",
                                              "Startup Cost": 0.0,
                                              "Total Cost": 1.15,
                                              "Plan Rows": 1,
                                              "Plan Width": 4,
                                              "Actual Startup Time": 0.067,
                                              "Actual Total Time": 0.069,
                                              "Actual Rows": 1,
                                              "Actual Loops": 7,
                                              "Filter": "((role)::text = 'costume designer'::text)",
                                              "Rows Removed by Filter": 11
                                            }
                                          ]
                                        }
                                      ]
                                    }
                                  ]
                                },
                                {
                                  "Node Type": "Sort",
                                  "Parent Relationship": "Inner",
                                  "Parallel Aware": false,
                                  "Startup Cost": 254007.76,
                                  "Total Cost": 256392.95,
                                  "Plan Rows": 954076,
                                  "Plan Width": 4,
                                  "Actual Startup Time": 2420.923,
                                  "Actual Total Time": 2537.78,
                                  "Actual Rows": 1154167,
                                  "Actual Loops": 7,
                                  "Sort Key": [
                                    "mc.movie_id"
                                  ],
                                  "Sort Method": "quicksort",
                                  "Sort Space Used": 103237,
                                  "Sort Space Type": "Memory",
                                  "Workers": [
                                    {
                                      "Worker Number": 0,
                                      "Sort Method": "quicksort",
                                      "Sort Space Used": 103237,
                                      "Sort Space Type": "Memory"
                                    },
                                    {
                                      "Worker Number": 1,
                                      "Sort Method": "quicksort",
                                      "Sort Space Used": 103237,
                                      "Sort Space Type": "Memory"
                                    },
                                    {
                                      "Worker Number": 2,
                                      "Sort Method": "quicksort",
                                      "Sort Space Used": 103237,
                                      "Sort Space Type": "Memory"
                                    },
                                    {
                                      "Worker Number": 3,
                                      "Sort Method": "quicksort",
                                      "Sort Space Used": 103237,
                                      "Sort Space Type": "Memory"
                                    },
                                    {
                                      "Worker Number": 4,
                                      "Sort Method": "quicksort",
                                      "Sort Space Used": 103237,
                                      "Sort Space Type": "Memory"
                                    },
                                    {
                                      "Worker Number": 5,
                                      "Sort Method": "quicksort",
                                      "Sort Space Used": 103237,
                                      "Sort Space Type": "Memory"
                                    }
                                  ],
                                  "Plans": [
                                    {
                                      "Node Type": "Merge Join",
                                      "Parent Relationship": "Outer",
                                      "Parallel Aware": false,
                                      "Join Type": "Inner",
                                      "Startup Cost": 4190.88,
                                      "Total Cost": 159250.15,
                                      "Plan Rows": 954076,
                                      "Plan Width": 4,
                                      "Actual Startup Time": 0.099,
                                      "Actual Total Time": 2054.747,
                                      "Actual Rows": 1153798,
                                      "Actual Loops": 7,
                                      "Inner Unique": false,
                                      "Merge Cond": "(cn.id = mc.company_id)",
                                      "Plans": [
                                        {
                                          "Node Type": "Index Scan",
                                          "Parent Relationship": "Outer",
                                          "Parallel Aware": false,
                                          "Scan Direction": "Forward",
                                          "Index Name": "company_name_pkey",
                                          "Relation Name": "company_name",
                                          "Alias": "cn",
                                          "Startup Cost": 0.42,
                                          "Total Cost": 12469.43,
                                          "Plan Rows": 85931,
                                          "Plan Width": 4,
                                          "Actual Startup Time": 0.047,
                                          "Actual Total Time": 207.344,
                                          "Actual Rows": 84843,
                                          "Actual Loops": 7,
                                          "Filter": "((country_code)::text = '[us]'::text)",
                                          "Rows Removed by Filter": 150154
                                        },
                                        {
                                          "Node Type": "Index Scan",
                                          "Parent Relationship": "Inner",
                                          "Parallel Aware": false,
                                          "Scan Direction": "Forward",
                                          "Index Name": "company_id_movie_companies",
                                          "Relation Name": "movie_companies",
                                          "Alias": "mc",
                                          "Startup Cost": 0.43,
                                          "Total Cost": 130510.28,
                                          "Plan Rows": 2609129,
                                          "Plan Width": 8,
                                          "Actual Startup Time": 0.049,
                                          "Actual Total Time": 1608.069,
                                          "Actual Rows": 2609129,
                                          "Actual Loops": 7
                                        }
                                      ]
                                    }
                                  ]
                                }
                              ]
                            },
                            {
                              "Node Type": "Index Scan",
                              "Parent Relationship": "Inner",
                              "Parallel Aware": false,
                              "Scan Direction": "Forward",
                              "Index Name": "title_pkey",
                              "Relation Name": "title",
                              "Alias": "t",
                              "Startup Cost": 0.43,
                              "Total Cost": 110359.06,
                              "Plan Rows": 2528509,
                              "Plan Width": 21,
                              "Actual Startup Time": 0.067,
                              "Actual Total Time": 1587.779,
                              "Actual Rows": 2525420,
                              "Actual Loops": 7
                            }
                          ]
                        }
                      ]
                    },
                    {
                      "Node Type": "Materialize",
                      "Parent Relationship": "Inner",
                      "Parallel Aware": false,
                      "Startup Cost": 12.17,
                      "Total Cost": 274134.58,
                      "Plan Rows": 901343,
                      "Plan Width": 24,
                      "Actual Startup Time": 0.084,
                      "Actual Total Time": 2350.156,
                      "Actual Rows": 733770,
                      "Actual Loops": 7,
                      "Plans": [
                        {
                          "Node Type": "Merge Join",
                          "Parent Relationship": "Outer",
                          "Parallel Aware": false,
                          "Join Type": "Inner",
                          "Startup Cost": 12.17,
                          "Total Cost": 271881.22,
                          "Plan Rows": 901343,
                          "Plan Width": 24,
                          "Actual Startup Time": 0.08,
                          "Actual Total Time": 2197.752,
                          "Actual Rows": 688818,
                          "Actual Loops": 7,
                          "Inner Unique": true,
                          "Merge Cond": "(an1.person_id = n1.id)",
                          "Plans": [
                            {
                              "Node Type": "Index Scan",
                              "Parent Relationship": "Outer",
                              "Parallel Aware": false,
                              "Scan Direction": "Forward",
                              "Index Name": "person_id_aka_name",
                              "Relation Name": "aka_name",
                              "Alias": "an1",
                              "Startup Cost": 0.42,
                              "Total Cost": 72027.93,
                              "Plan Rows": 901343,
                              "Plan Width": 20,
                              "Actual Startup Time": 0.025,
                              "Actual Total Time": 259.68,
                              "Actual Rows": 688818,
                              "Actual Loops": 7
                            },
                            {
                              "Node Type": "Index Only Scan",
                              "Parent Relationship": "Inner",
                              "Parallel Aware": false,
                              "Scan Direction": "Forward",
                              "Index Name": "name_pkey",
                              "Relation Name": "name",
                              "Alias": "n1",
                              "Startup Cost": 0.43,
                              "Total Cost": 178171.22,
                              "Plan Rows": 4167377,
                              "Plan Width": 4,
                              "Actual Startup Time": 0.048,
                              "Actual Total Time": 1663.381,
                              "Actual Rows": 3441741,
                              "Actual Loops": 7,
                              "Heap Fetches": 24092186
                            }
                          ]
                        }
                      ]
                    }
                  ]
                }
              ]
            }
          ]
        }
      ]
    },
    "Planning Time": 463.582,
    "Triggers": [],
    "Execution Time": 9488.389
  }
]