[
  {
    "Plan": {
      "Node Type": "Aggregate",
      "Strategy": "Plain",
      "Partial Mode": "Finalize",
      "Parallel Aware": false,
      "Startup Cost": 61444.23,
      "Total Cost": 61444.24,
      "Plan Rows": 1,
      "Plan Width": 8,
      "Actual Startup Time": 438.181,
      "Actual Total Time": 460.594,
      "Actual Rows": 1,
      "Actual Loops": 1,
      "Plans": [
        {
          "Node Type": "Gather",
          "Parent Relationship": "Outer",
          "Parallel Aware": false,
          "Startup Cost": 61443.81,
          "Total Cost": 61444.22,
          "Plan Rows": 4,
          "Plan Width": 8,
          "Actual Startup Time": 427.783,
          "Actual Total Time": 460.584,
          "Actual Rows": 5,
          "Actual Loops": 1,
          "Workers Planned": 4,
          "Workers Launched": 4,
          "Single Copy": false,
          "Plans": [
            {
              "Node Type": "Aggregate",
              "Strategy": "Plain",
              "Partial Mode": "Partial",
              "Parent Relationship": "Outer",
              "Parallel Aware": false,
              "Startup Cost": 60443.81,
              "Total Cost": 60443.82,
              "Plan Rows": 1,
              "Plan Width": 8,
              "Actual Startup Time": 418.525,
              "Actual Total Time": 418.529,
              "Actual Rows": 1,
              "Actual Loops": 5,
              "Plans": [
                {
                  "Node Type": "Nested Loop",
                  "Parent Relationship": "Outer",
                  "Parallel Aware": false,
                  "Join Type": "Inner",
                  "Startup Cost": 20873.83,
                  "Total Cost": 60414.36,
                  "Plan Rows": 11780,
                  "Plan Width": 0,
                  "Actual Startup Time": 161.152,
                  "Actual Total Time": 413.836,
                  "Actual Rows": 63002,
                  "Actual Loops": 5,
                  "Inner Unique": true,
                  "Join Filter": "(ci.movie_id = t.id)",
                  "Rows Removed by Join Filter": 0,
                  "Plans": [
                    {
                      "Node Type": "Hash Join",
                      "Parent Relationship": "Outer",
                      "Parallel Aware": true,
                      "Join Type": "Inner",
                      "Startup Cost": 20873.4,
                      "Total Cost": 43467.12,
                      "Plan Rows": 28703,
                      "Plan Width": 8,
                      "Actual Startup Time": 161.037,
                      "Actual Total Time": 221.306,
                      "Actual Rows": 63002,
                      "Actual Loops": 5,
                      "Inner Unique": false,
                      "Hash Cond": "(ci.movie_id = mi_idx.movie_id)",
                      "Plans": [
                        {
                          "Node Type": "Index Scan",
                          "Parent Relationship": "Outer",
                          "Parallel Aware": true,
                          "Scan Direction": "Forward",
                          "Index Name": "role_id_cast_info",
                          "Relation Name": "cast_info",
                          "Alias": "ci",
                          "Startup Cost": 0.56,
                          "Total Cost": 22393.76,
                          "Plan Rows": 21582,
                          "Plan Width": 4,
                          "Actual Startup Time": 13.352,
                          "Actual Total Time": 37.417,
                          "Actual Rows": 55066,
                          "Actual Loops": 5,
                          "Index Cond": "(role_id = 6)",
                          "Rows Removed by Index Recheck": 0,
                          "Filter": "(person_id > 3349635)",
                          "Rows Removed by Filter": 99669
                        },
                        {
                          "Node Type": "Hash",
                          "Parent Relationship": "Inner",
                          "Parallel Aware": true,
                          "Startup Cost": 13685.15,
                          "Total Cost": 13685.15,
                          "Plan Rows": 575015,
                          "Plan Width": 4,
                          "Actual Startup Time": 143.285,
                          "Actual Total Time": 143.286,
                          "Actual Rows": 276007,
                          "Actual Loops": 5,
                          "Hash Buckets": 2097152,
                          "Original Hash Buckets": 2097152,
                          "Hash Batches": 1,
                          "Original Hash Batches": 1,
                          "Peak Memory Usage": 70464,
                          "Plans": [
                            {
                              "Node Type": "Seq Scan",
                              "Parent Relationship": "Outer",
                              "Parallel Aware": true,
                              "Relation Name": "movie_info_idx",
                              "Alias": "mi_idx",
                              "Startup Cost": 0.0,
                              "Total Cost": 13685.15,
                              "Plan Rows": 575015,
                              "Plan Width": 4,
                              "Actual Startup Time": 0.045,
                              "Actual Total Time": 47.181,
                              "Actual Rows": 276007,
                              "Actual Loops": 5
                            }
                          ]
                        }
                      ]
                    },
                    {
                      "Node Type": "Index Only Scan",
                      "Parent Relationship": "Inner",
                      "Parallel Aware": false,
                      "Scan Direction": "Forward",
                      "Index Name": "title_pkey",
                      "Relation Name": "title",
                      "Alias": "t",
                      "Startup Cost": 0.43,
                      "Total Cost": 0.58,
                      "Plan Rows": 1,
                      "Plan Width": 4,
                      "Actual Startup Time": 0.003,
                      "Actual Total Time": 0.003,
                      "Actual Rows": 1,
                      "Actual Loops": 315010,
                      "Index Cond": "(id = mi_idx.movie_id)",
                      "Rows Removed by Index Recheck": 0,
                      "Heap Fetches": 315010
                    }
                  ]
                }
              ]
            }
          ]
        }
      ]
    },
    "Planning Time": 0.604,
    "Triggers": [],
    "Execution Time": 460.648
  }
]