[
  {
    "Plan": {
      "Node Type": "Aggregate",
      "Strategy": "Plain",
      "Partial Mode": "Finalize",
      "Parallel Aware": false,
      "Startup Cost": 32268.34,
      "Total Cost": 32268.35,
      "Plan Rows": 1,
      "Plan Width": 8,
      "Actual Startup Time": 129.405,
      "Actual Total Time": 137.339,
      "Actual Rows": 1,
      "Actual Loops": 1,
      "Plans": [
        {
          "Node Type": "Gather",
          "Parent Relationship": "Outer",
          "Parallel Aware": false,
          "Startup Cost": 32268.02,
          "Total Cost": 32268.33,
          "Plan Rows": 3,
          "Plan Width": 8,
          "Actual Startup Time": 129.26,
          "Actual Total Time": 137.326,
          "Actual Rows": 4,
          "Actual Loops": 1,
          "Workers Planned": 3,
          "Workers Launched": 3,
          "Single Copy": false,
          "Plans": [
            {
              "Node Type": "Aggregate",
              "Strategy": "Plain",
              "Partial Mode": "Partial",
              "Parent Relationship": "Outer",
              "Parallel Aware": false,
              "Startup Cost": 31268.02,
              "Total Cost": 31268.03,
              "Plan Rows": 1,
              "Plan Width": 8,
              "Actual Startup Time": 123.845,
              "Actual Total Time": 123.847,
              "Actual Rows": 1,
              "Actual Loops": 4,
              "Plans": [
                {
                  "Node Type": "Seq Scan",
                  "Parent Relationship": "Outer",
                  "Parallel Aware": true,
                  "Relation Name": "movie_companies",
                  "Alias": "mc",
                  "Startup Cost": 0.0,
                  "Total Cost": 29310.68,
                  "Plan Rows": 782937,
                  "Plan Width": 0,
                  "Actual Startup Time": 0.04,
                  "Actual Total Time": 91.057,
                  "Actual Rows": 607576,
                  "Actual Loops": 4,
                  "Filter": "(company_id < 120741)",
                  "Rows Removed by Filter": 44706
                }
              ]
            }
          ]
        }
      ]
    },
    "Planning Time": 0.213,
    "Triggers": [],
    "Execution Time": 137.417
  }
]