[
  {
    "Plan": {
      "Node Type": "Aggregate",
      "Strategy": "Plain",
      "Partial Mode": "Finalize",
      "Parallel Aware": false,
      "Startup Cost": 442354.57,
      "Total Cost": 442354.58,
      "Plan Rows": 1,
      "Plan Width": 8,
      "Actual Startup Time": 1576.97,
      "Actual Total Time": 1630.406,
      "Actual Rows": 1,
      "Actual Loops": 1,
      "Plans": [
        {
          "Node Type": "Gather",
          "Parent Relationship": "Outer",
          "Parallel Aware": false,
          "Startup Cost": 442353.95,
          "Total Cost": 442354.56,
          "Plan Rows": 6,
          "Plan Width": 8,
          "Actual Startup Time": 1541.472,
          "Actual Total Time": 1630.39,
          "Actual Rows": 7,
          "Actual Loops": 1,
          "Workers Planned": 6,
          "Workers Launched": 6,
          "Single Copy": false,
          "Plans": [
            {
              "Node Type": "Aggregate",
              "Strategy": "Plain",
              "Partial Mode": "Partial",
              "Parent Relationship": "Outer",
              "Parallel Aware": false,
              "Startup Cost": 441353.95,
              "Total Cost": 441353.96,
              "Plan Rows": 1,
              "Plan Width": 8,
              "Actual Startup Time": 1517.282,
              "Actual Total Time": 1517.936,
              "Actual Rows": 1,
              "Actual Loops": 7,
              "Plans": [
                {
                  "Node Type": "Hash Join",
                  "Parent Relationship": "Outer",
                  "Parallel Aware": true,
                  "Join Type": "Inner",
                  "Startup Cost": 90359.34,
                  "Total Cost": 439433.99,
                  "Plan Rows": 767984,
                  "Plan Width": 0,
                  "Actual Startup Time": 925.934,
                  "Actual Total Time": 1473.136,
                  "Actual Rows": 1010827,
                  "Actual Loops": 7,
                  "Inner Unique": false,
                  "Hash Cond": "(ci.movie_id = t.id)",
                  "Plans": [
                    {
                      "Node Type": "Seq Scan",
                      "Parent Relationship": "Outer",
                      "Parallel Aware": true,
                      "Relation Name": "cast_info",
                      "Alias": "ci",
                      "Startup Cost": 0.0,
                      "Total Cost": 343316.27,
                      "Plan Rows": 874936,
                      "Plan Width": 4,
                      "Actual Startup Time": 335.26,
                      "Actual Total Time": 602.23,
                      "Actual Rows": 475589,
                      "Actual Loops": 7,
                      "Filter": "((person_id < 1179399) AND (role_id > 2))",
                      "Rows Removed by Filter": 4702174
                    },
                    {
                      "Node Type": "Hash",
                      "Parent Relationship": "Inner",
                      "Parallel Aware": true,
                      "Startup Cost": 81410.35,
                      "Total Cost": 81410.35,
                      "Plan Rows": 715919,
                      "Plan Width": 8,
                      "Actual Startup Time": 583.14,
                      "Actual Total Time": 583.792,
                      "Actual Rows": 317221,
                      "Actual Loops": 7,
                      "Hash Buckets": 4194304,
                      "Original Hash Buckets": 4194304,
                      "Hash Batches": 1,
                      "Original Hash Batches": 1,
                      "Peak Memory Usage": 119776,
                      "Plans": [
                        {
                          "Node Type": "Hash Join",
                          "Parent Relationship": "Outer",
                          "Parallel Aware": true,
                          "Join Type": "Inner",
                          "Startup Cost": 50220.38,
                          "Total Cost": 81410.35,
                          "Plan Rows": 715919,
                          "Plan Width": 8,
                          "Actual Startup Time": 268.852,
                          "Actual Total Time": 448.501,
                          "Actual Rows": 317221,
                          "Actual Loops": 7,
                          "Inner Unique": true,
                          "Hash Cond": "(mc.movie_id = t.id)",
                          "Plans": [
                            {
                              "Node Type": "Seq Scan",
                              "Parent Relationship": "Outer",
                              "Parallel Aware": true,
                              "Relation Name": "movie_companies",
                              "Alias": "mc",
                              "Startup Cost": 0.0,
                              "Total Cost": 29310.68,
                              "Plan Rows": 715919,
                              "Plan Width": 4,
                              "Actual Startup Time": 0.017,
                              "Actual Total Time": 53.058,
                              "Actual Rows": 317221,
                              "Actual Loops": 7,
                              "Filter": "(company_id < 83386)",
                              "Rows Removed by Filter": 55512
                            },
                            {
                              "Node Type": "Hash",
                              "Parent Relationship": "Inner",
                              "Parallel Aware": true,
                              "Startup Cost": 42319.06,
                              "Total Cost": 42319.06,
                              "Plan Rows": 632106,
                              "Plan Width": 4,
                              "Actual Startup Time": 264.792,
                              "Actual Total Time": 264.793,
                              "Actual Rows": 361187,
                              "Actual Loops": 7,
                              "Hash Buckets": 4194304,
                              "Original Hash Buckets": 4194304,
                              "Hash Batches": 1,
                              "Original Hash Batches": 1,
                              "Peak Memory Usage": 131808,
                              "Plans": [
                                {
                                  "Node Type": "Seq Scan",
                                  "Parent Relationship": "Outer",
                                  "Parallel Aware": true,
                                  "Relation Name": "title",
                                  "Alias": "t",
                                  "Startup Cost": 0.0,
                                  "Total Cost": 42319.06,
                                  "Plan Rows": 632106,
                                  "Plan Width": 4,
                                  "Actual Startup Time": 0.057,
                                  "Actual Total Time": 73.674,
                                  "Actual Rows": 361187,
                                  "Actual Loops": 7
                                }
                              ]
                            }
                          ]
                        }
                      ]
                    }
                  ]
                }
              ]
            }
          ]
        }
      ]
    },
    "Planning Time": 1.489,
    "Triggers": [],
    "Execution Time": 1630.497
  }
]