[
  {
    "Plan": {
      "Node Type": "Aggregate",
      "Strategy": "Plain",
      "Partial Mode": "Finalize",
      "Parallel Aware": false,
      "Startup Cost": 442610.71,
      "Total Cost": 442610.72,
      "Plan Rows": 1,
      "Plan Width": 8,
      "Actual Startup Time": 1456.383,
      "Actual Total Time": 1522.07,
      "Actual Rows": 1,
      "Actual Loops": 1,
      "Plans": [
        {
          "Node Type": "Gather",
          "Parent Relationship": "Outer",
          "Parallel Aware": false,
          "Startup Cost": 442610.09,
          "Total Cost": 442610.7,
          "Plan Rows": 6,
          "Plan Width": 8,
          "Actual Startup Time": 1424.516,
          "Actual Total Time": 1522.056,
          "Actual Rows": 7,
          "Actual Loops": 1,
          "Workers Planned": 6,
          "Workers Launched": 6,
          "Single Copy": false,
          "Plans": [
            {
              "Node Type": "Aggregate",
              "Strategy": "Plain",
              "Partial Mode": "Partial",
              "Parent Relationship": "Outer",
              "Parallel Aware": false,
              "Startup Cost": 441610.09,
              "Total Cost": 441610.1,
              "Plan Rows": 1,
              "Plan Width": 8,
              "Actual Startup Time": 1401.361,
              "Actual Total Time": 1402.025,
              "Actual Rows": 1,
              "Actual Loops": 7,
              "Plans": [
                {
                  "Node Type": "Hash Join",
                  "Parent Relationship": "Outer",
                  "Parallel Aware": true,
                  "Join Type": "Inner",
                  "Startup Cost": 90396.1,
                  "Total Cost": 439617.48,
                  "Plan Rows": 797045,
                  "Plan Width": 0,
                  "Actual Startup Time": 849.439,
                  "Actual Total Time": 1360.005,
                  "Actual Rows": 1010827,
                  "Actual Loops": 7,
                  "Inner Unique": false,
                  "Hash Cond": "(ci.movie_id = t.id)",
                  "Plans": [
                    {
                      "Node Type": "Seq Scan",
                      "Parent Relationship": "Outer",
                      "Parallel Aware": true,
                      "Relation Name": "cast_info",
                      "Alias": "ci",
                      "Startup Cost": 0.0,
                      "Total Cost": 343257.03,
                      "Plan Rows": 904864,
                      "Plan Width": 4,
                      "Actual Startup Time": 305.122,
                      "Actual Total Time": 554.988,
                      "Actual Rows": 475589,
                      "Actual Loops": 7,
                      "Filter": "((person_id < 1179399) AND (role_id > 2))",
                      "Rows Removed by Filter": 4702174
                    },
                    {
                      "Node Type": "Hash",
                      "Parent Relationship": "Inner",
                      "Parallel Aware": true,
                      "Startup Cost": 81416.12,
                      "Total Cost": 81416.12,
                      "Plan Rows": 718398,
                      "Plan Width": 8,
                      "Actual Startup Time": 537.336,
                      "Actual Total Time": 537.998,
                      "Actual Rows": 317221,
                      "Actual Loops": 7,
                      "Hash Buckets": 4194304,
                      "Original Hash Buckets": 4194304,
                      "Hash Batches": 1,
                      "Original Hash Batches": 1,
                      "Peak Memory Usage": 119712,
                      "Plans": [
                        {
                          "Node Type": "Hash Join",
                          "Parent Relationship": "Outer",
                          "Parallel Aware": true,
                          "Join Type": "Inner",
                          "Startup Cost": 50219.64,
                          "Total Cost": 81416.12,
                          "Plan Rows": 718398,
                          "Plan Width": 8,
                          "Actual Startup Time": 244.331,
                          "Actual Total Time": 413.684,
                          "Actual Rows": 317221,
                          "Actual Loops": 7,
                          "Inner Unique": true,
                          "Hash Cond": "(mc.movie_id = t.id)",
                          "Plans": [
                            {
                              "Node Type": "Seq Scan",
                              "Parent Relationship": "Outer",
                              "Parallel Aware": true,
                              "Relation Name": "movie_companies",
                              "Alias": "mc",
                              "Startup Cost": 0.0,
                              "Total Cost": 29310.68,
                              "Plan Rows": 718398,
                              "Plan Width": 4,
                              "Actual Startup Time": 0.026,
                              "Actual Total Time": 50.157,
                              "Actual Rows": 317221,
                              "Actual Loops": 7,
                              "Filter": "(company_id < 83386)",
                              "Rows Removed by Filter": 55512
                            },
                            {
                              "Node Type": "Hash",
                              "Parent Relationship": "Inner",
                              "Parallel Aware": true,
                              "Startup Cost": 42318.73,
                              "Total Cost": 42318.73,
                              "Plan Rows": 632073,
                              "Plan Width": 4,
                              "Actual Startup Time": 240.531,
                              "Actual Total Time": 240.532,
                              "Actual Rows": 361187,
                              "Actual Loops": 7,
                              "Hash Buckets": 4194304,
                              "Original Hash Buckets": 4194304,
                              "Hash Batches": 1,
                              "Original Hash Batches": 1,
                              "Peak Memory Usage": 131776,
                              "Plans": [
                                {
                                  "Node Type": "Seq Scan",
                                  "Parent Relationship": "Outer",
                                  "Parallel Aware": true,
                                  "Relation Name": "title",
                                  "Alias": "t",
                                  "Startup Cost": 0.0,
                                  "Total Cost": 42318.73,
                                  "Plan Rows": 632073,
                                  "Plan Width": 4,
                                  "Actual Startup Time": 0.048,
                                  "Actual Total Time": 68.216,
                                  "Actual Rows": 361187,
                                  "Actual Loops": 7
                                }
                              ]
                            }
                          ]
                        }
                      ]
                    }
                  ]
                }
              ]
            }
          ]
        }
      ]
    },
    "Planning Time": 1.498,
    "Triggers": [],
    "Execution Time": 1522.162
  }
]