[
  {
    "Plan": {
      "Node Type": "Aggregate",
      "Strategy": "Plain",
      "Partial Mode": "Finalize",
      "Parallel Aware": false,
      "Startup Cost": 47114.4,
      "Total Cost": 47114.41,
      "Plan Rows": 1,
      "Plan Width": 8,
      "Actual Startup Time": 168.592,
      "Actual Total Time": 178.126,
      "Actual Rows": 1,
      "Actual Loops": 1,
      "Plans": [
        {
          "Node Type": "Gather",
          "Parent Relationship": "Outer",
          "Parallel Aware": false,
          "Startup Cost": 47114.08,
          "Total Cost": 47114.39,
          "Plan Rows": 3,
          "Plan Width": 8,
          "Actual Startup Time": 168.46,
          "Actual Total Time": 178.113,
          "Actual Rows": 4,
          "Actual Loops": 1,
          "Workers Planned": 3,
          "Workers Launched": 3,
          "Single Copy": false,
          "Plans": [
            {
              "Node Type": "Aggregate",
              "Strategy": "Plain",
              "Partial Mode": "Partial",
              "Parent Relationship": "Outer",
              "Parallel Aware": false,
              "Startup Cost": 46114.08,
              "Total Cost": 46114.09,
              "Plan Rows": 1,
              "Plan Width": 8,
              "Actual Startup Time": 160.215,
              "Actual Total Time": 160.217,
              "Actual Rows": 1,
              "Actual Loops": 4,
              "Plans": [
                {
                  "Node Type": "Seq Scan",
                  "Parent Relationship": "Outer",
                  "Parallel Aware": true,
                  "Relation Name": "movie_keyword",
                  "Alias": "mk",
                  "Startup Cost": 0.0,
                  "Total Cost": 42695.65,
                  "Plan Rows": 1367372,
                  "Plan Width": 0,
                  "Actual Startup Time": 0.063,
                  "Actual Total Time": 116.279,
                  "Actual Rows": 1058417,
                  "Actual Loops": 4,
                  "Filter": "(keyword_id < 55398)",
                  "Rows Removed by Filter": 72565
                }
              ]
            }
          ]
        }
      ]
    },
    "Planning Time": 0.077,
    "Triggers": [],
    "Execution Time": 178.16
  }
]