[
    {
        "Bao": {
            "Bao prediction": "NaN",
            "Bao recommended hint": "(no hint)"
        }
    },
    {
        "Plan": {
            "Node Type": "Aggregate",
            "Strategy": "Plain",
            "Partial Mode": "Finalize",
            "Parallel Aware": false,
            "Startup Cost": 74125.19,
            "Total Cost": 74125.2,
            "Plan Rows": 1,
            "Plan Width": 8,
            "Actual Startup Time": 274.372,
            "Actual Total Time": 283.629,
            "Actual Rows": 1,
            "Actual Loops": 1,
            "Output": [
                "count(*)"
            ],
            "Plans": [
                {
                    "Node Type": "Gather",
                    "Parent Relationship": "Outer",
                    "Parallel Aware": false,
                    "Startup Cost": 74124.77,
                    "Total Cost": 74125.18,
                    "Plan Rows": 4,
                    "Plan Width": 8,
                    "Actual Startup Time": 272.536,
                    "Actual Total Time": 283.604,
                    "Actual Rows": 5,
                    "Actual Loops": 1,
                    "Output": [
                        "(PARTIAL count(*))"
                    ],
                    "Workers Planned": 4,
                    "Workers Launched": 4,
                    "Single Copy": false,
                    "Plans": [
                        {
                            "Node Type": "Aggregate",
                            "Strategy": "Plain",
                            "Partial Mode": "Partial",
                            "Parent Relationship": "Outer",
                            "Parallel Aware": false,
                            "Startup Cost": 73124.77,
                            "Total Cost": 73124.78,
                            "Plan Rows": 1,
                            "Plan Width": 8,
                            "Actual Startup Time": 262.665,
                            "Actual Total Time": 262.669,
                            "Actual Rows": 1,
                            "Actual Loops": 5,
                            "Output": [
                                "PARTIAL count(*)"
                            ],
                            "Workers": [
                                {
                                    "Worker Number": 0,
                                    "Actual Startup Time": 259.562,
                                    "Actual Total Time": 259.565,
                                    "Actual Rows": 1,
                                    "Actual Loops": 1
                                },
                                {
                                    "Worker Number": 1,
                                    "Actual Startup Time": 260.336,
                                    "Actual Total Time": 260.339,
                                    "Actual Rows": 1,
                                    "Actual Loops": 1
                                },
                                {
                                    "Worker Number": 2,
                                    "Actual Startup Time": 260.655,
                                    "Actual Total Time": 260.658,
                                    "Actual Rows": 1,
                                    "Actual Loops": 1
                                },
                                {
                                    "Worker Number": 3,
                                    "Actual Startup Time": 260.896,
                                    "Actual Total Time": 260.899,
                                    "Actual Rows": 1,
                                    "Actual Loops": 1
                                }
                            ],
                            "Plans": [
                                {
                                    "Node Type": "Hash Join",
                                    "Parent Relationship": "Outer",
                                    "Parallel Aware": true,
                                    "Join Type": "Inner",
                                    "Startup Cost": 27238.93,
                                    "Total Cost": 72947.22,
                                    "Plan Rows": 71018,
                                    "Plan Width": 0,
                                    "Actual Startup Time": 100.487,
                                    "Actual Total Time": 259.488,
                                    "Actual Rows": 55571,
                                    "Actual Loops": 5,
                                    "Inner Unique": false,
                                    "Hash Cond": "(t.id = mc.movie_id)",
                                    "Workers": [
                                        {
                                            "Worker Number": 0,
                                            "Actual Startup Time": 97.425,
                                            "Actual Total Time": 256.788,
                                            "Actual Rows": 55072,
                                            "Actual Loops": 1
                                        },
                                        {
                                            "Worker Number": 1,
                                            "Actual Startup Time": 98.217,
                                            "Actual Total Time": 257.256,
                                            "Actual Rows": 63351,
                                            "Actual Loops": 1
                                        },
                                        {
                                            "Worker Number": 2,
                                            "Actual Startup Time": 98.504,
                                            "Actual Total Time": 257.557,
                                            "Actual Rows": 63429,
                                            "Actual Loops": 1
                                        },
                                        {
                                            "Worker Number": 3,
                                            "Actual Startup Time": 98.521,
                                            "Actual Total Time": 257.382,
                                            "Actual Rows": 42100,
                                            "Actual Loops": 1
                                        }
                                    ],
                                    "Plans": [
                                        {
                                            "Node Type": "Seq Scan",
                                            "Parent Relationship": "Outer",
                                            "Parallel Aware": true,
                                            "Relation Name": "title",
                                            "Schema": "public",
                                            "Alias": "t",
                                            "Startup Cost": 0.0,
                                            "Total Cost": 42318.81,
                                            "Plan Rows": 632080,
                                            "Plan Width": 4,
                                            "Actual Startup Time": 0.009,
                                            "Actual Total Time": 64.503,
                                            "Actual Rows": 505662,
                                            "Actual Loops": 5,
                                            "Output": [
                                                "t.id",
                                                "t.title",
                                                "t.imdb_index",
                                                "t.kind_id",
                                                "t.production_year",
                                                "t.imdb_id",
                                                "t.phonetic_code",
                                                "t.episode_of_id",
                                                "t.season_nr",
                                                "t.episode_nr",
                                                "t.series_years",
                                                "t.md5sum"
                                            ],
                                            "Workers": [
                                                {
                                                    "Worker Number": 0,
                                                    "Actual Startup Time": 0.006,
                                                    "Actual Total Time": 63.115,
                                                    "Actual Rows": 499496,
                                                    "Actual Loops": 1
                                                },
                                                {
                                                    "Worker Number": 1,
                                                    "Actual Startup Time": 0.007,
                                                    "Actual Total Time": 65.898,
                                                    "Actual Rows": 575268,
                                                    "Actual Loops": 1
                                                },
                                                {
                                                    "Worker Number": 2,
                                                    "Actual Startup Time": 0.013,
                                                    "Actual Total Time": 65.843,
                                                    "Actual Rows": 578784,
                                                    "Actual Loops": 1
                                                },
                                                {
                                                    "Worker Number": 3,
                                                    "Actual Startup Time": 0.012,
                                                    "Actual Total Time": 68.991,
                                                    "Actual Rows": 382711,
                                                    "Actual Loops": 1
                                                }
                                            ]
                                        },
                                        {
                                            "Node Type": "Hash",
                                            "Parent Relationship": "Inner",
                                            "Parallel Aware": true,
                                            "Startup Cost": 26093.46,
                                            "Total Cost": 26093.46,
                                            "Plan Rows": 91637,
                                            "Plan Width": 4,
                                            "Actual Startup Time": 97.635,
                                            "Actual Total Time": 97.636,
                                            "Actual Rows": 55571,
                                            "Actual Loops": 5,
                                            "Output": [
                                                "mc.movie_id"
                                            ],
                                            "Hash Buckets": 524288,
                                            "Original Hash Buckets": 524288,
                                            "Hash Batches": 1,
                                            "Original Hash Batches": 1,
                                            "Peak Memory Usage": 15008,
                                            "Workers": [
                                                {
                                                    "Worker Number": 0,
                                                    "Actual Startup Time": 96.974,
                                                    "Actual Total Time": 96.975,
                                                    "Actual Rows": 41645,
                                                    "Actual Loops": 1
                                                },
                                                {
                                                    "Worker Number": 1,
                                                    "Actual Startup Time": 97.805,
                                                    "Actual Total Time": 97.807,
                                                    "Actual Rows": 46602,
                                                    "Actual Loops": 1
                                                },
                                                {
                                                    "Worker Number": 2,
                                                    "Actual Startup Time": 98.02,
                                                    "Actual Total Time": 98.021,
                                                    "Actual Rows": 49643,
                                                    "Actual Loops": 1
                                                },
                                                {
                                                    "Worker Number": 3,
                                                    "Actual Startup Time": 98.023,
                                                    "Actual Total Time": 98.024,
                                                    "Actual Rows": 43530,
                                                    "Actual Loops": 1
                                                }
                                            ],
                                            "Plans": [
                                                {
                                                    "Node Type": "Bitmap Heap Scan",
                                                    "Parent Relationship": "Outer",
                                                    "Parallel Aware": true,
                                                    "Relation Name": "movie_companies",
                                                    "Schema": "public",
                                                    "Alias": "mc",
                                                    "Startup Cost": 6158.0,
                                                    "Total Cost": 26093.46,
                                                    "Plan Rows": 91637,
                                                    "Plan Width": 4,
                                                    "Actual Startup Time": 29.764,
                                                    "Actual Total Time": 71.844,
                                                    "Actual Rows": 55571,
                                                    "Actual Loops": 5,
                                                    "Output": [
                                                        "mc.movie_id"
                                                    ],
                                                    "Recheck Cond": "(mc.company_id < 149)",
                                                    "Rows Removed by Index Recheck": 0,
                                                    "Exact Heap Blocks": 5617,
                                                    "Lossy Heap Blocks": 0,
                                                    "Workers": [
                                                        {
                                                            "Worker Number": 0,
                                                            "Actual Startup Time": 29.61,
                                                            "Actual Total Time": 72.633,
                                                            "Actual Rows": 41645,
                                                            "Actual Loops": 1
                                                        },
                                                        {
                                                            "Worker Number": 1,
                                                            "Actual Startup Time": 29.87,
                                                            "Actual Total Time": 73.04,
                                                            "Actual Rows": 46602,
                                                            "Actual Loops": 1
                                                        },
                                                        {
                                                            "Worker Number": 2,
                                                            "Actual Startup Time": 29.885,
                                                            "Actual Total Time": 73.629,
                                                            "Actual Rows": 49643,
                                                            "Actual Loops": 1
                                                        },
                                                        {
                                                            "Worker Number": 3,
                                                            "Actual Startup Time": 29.831,
                                                            "Actual Total Time": 73.299,
                                                            "Actual Rows": 43530,
                                                            "Actual Loops": 1
                                                        }
                                                    ],
                                                    "Plans": [
                                                        {
                                                            "Node Type": "Bitmap Index Scan",
                                                            "Parent Relationship": "Outer",
                                                            "Parallel Aware": false,
                                                            "Index Name": "company_id_movie_companies",
                                                            "Startup Cost": 0.0,
                                                            "Total Cost": 6086.99,
                                                            "Plan Rows": 284074,
                                                            "Plan Width": 0,
                                                            "Actual Startup Time": 25.549,
                                                            "Actual Total Time": 25.55,
                                                            "Actual Rows": 277854,
                                                            "Actual Loops": 1,
                                                            "Index Cond": "(mc.company_id < 149)"
                                                        }
                                                    ]
                                                }
                                            ]
                                        }
                                    ]
                                }
                            ]
                        }
                    ]
                }
            ]
        },
        "Planning Time": 268.958,
        "Triggers": [],
        "Execution Time": 283.738
    }
]