[
  {
    "Plan": {
      "Node Type": "Aggregate",
      "Strategy": "Plain",
      "Partial Mode": "Finalize",
      "Parallel Aware": false,
      "Startup Cost": 76559.37,
      "Total Cost": 76559.38,
      "Plan Rows": 1,
      "Plan Width": 8,
      "Actual Startup Time": 426.413,
      "Actual Total Time": 443.339,
      "Actual Rows": 1,
      "Actual Loops": 1,
      "Plans": [
        {
          "Node Type": "Gather",
          "Parent Relationship": "Outer",
          "Parallel Aware": false,
          "Startup Cost": 76559.05,
          "Total Cost": 76559.36,
          "Plan Rows": 3,
          "Plan Width": 8,
          "Actual Startup Time": 418.05,
          "Actual Total Time": 443.324,
          "Actual Rows": 4,
          "Actual Loops": 1,
          "Workers Planned": 3,
          "Workers Launched": 3,
          "Single Copy": false,
          "Plans": [
            {
              "Node Type": "Aggregate",
              "Strategy": "Plain",
              "Partial Mode": "Partial",
              "Parent Relationship": "Outer",
              "Parallel Aware": false,
              "Startup Cost": 75559.05,
              "Total Cost": 75559.06,
              "Plan Rows": 1,
              "Plan Width": 8,
              "Actual Startup Time": 402.362,
              "Actual Total Time": 402.366,
              "Actual Rows": 1,
              "Actual Loops": 4,
              "Plans": [
                {
                  "Node Type": "Hash Join",
                  "Parent Relationship": "Outer",
                  "Parallel Aware": true,
                  "Join Type": "Inner",
                  "Startup Cost": 55408.04,
                  "Total Cost": 75366.0,
                  "Plan Rows": 77221,
                  "Plan Width": 0,
                  "Actual Startup Time": 360.143,
                  "Actual Total Time": 399.698,
                  "Actual Rows": 59208,
                  "Actual Loops": 4,
                  "Inner Unique": true,
                  "Hash Cond": "(mc.movie_id = t.id)",
                  "Plans": [
                    {
                      "Node Type": "Bitmap Heap Scan",
                      "Parent Relationship": "Outer",
                      "Parallel Aware": true,
                      "Relation Name": "movie_companies",
                      "Alias": "mc",
                      "Startup Cost": 5187.66,
                      "Total Cost": 24942.91,
                      "Plan Rows": 77221,
                      "Plan Width": 4,
                      "Actual Startup Time": 10.614,
                      "Actual Total Time": 24.259,
                      "Actual Rows": 59208,
                      "Actual Loops": 4,
                      "Recheck Cond": "(company_id > 103800)",
                      "Rows Removed by Index Recheck": 0,
                      "Exact Heap Blocks": 1206,
                      "Lossy Heap Blocks": 0,
                      "Plans": [
                        {
                          "Node Type": "Bitmap Index Scan",
                          "Parent Relationship": "Outer",
                          "Parallel Aware": false,
                          "Index Name": "company_id_movie_companies",
                          "Startup Cost": 0.0,
                          "Total Cost": 5127.81,
                          "Plan Rows": 239384,
                          "Plan Width": 0,
                          "Actual Startup Time": 9.942,
                          "Actual Total Time": 9.942,
                          "Actual Rows": 236832,
                          "Actual Loops": 1,
                          "Index Cond": "(company_id > 103800)"
                        }
                      ]
                    },
                    {
                      "Node Type": "Hash",
                      "Parent Relationship": "Inner",
                      "Parallel Aware": true,
                      "Startup Cost": 42319.06,
                      "Total Cost": 42319.06,
                      "Plan Rows": 632106,
                      "Plan Width": 4,
                      "Actual Startup Time": 338.631,
                      "Actual Total Time": 338.632,
                      "Actual Rows": 632078,
                      "Actual Loops": 4,
                      "Hash Buckets": 4194304,
                      "Original Hash Buckets": 4194304,
                      "Hash Batches": 1,
                      "Original Hash Batches": 1,
                      "Peak Memory Usage": 131744,
                      "Plans": [
                        {
                          "Node Type": "Seq Scan",
                          "Parent Relationship": "Outer",
                          "Parallel Aware": true,
                          "Relation Name": "title",
                          "Alias": "t",
                          "Startup Cost": 0.0,
                          "Total Cost": 42319.06,
                          "Plan Rows": 632106,
                          "Plan Width": 4,
                          "Actual Startup Time": 0.04,
                          "Actual Total Time": 98.304,
                          "Actual Rows": 632078,
                          "Actual Loops": 4
                        }
                      ]
                    }
                  ]
                }
              ]
            }
          ]
        }
      ]
    },
    "Planning Time": 0.436,
    "Triggers": [],
    "Execution Time": 443.399
  }
]