{
  "Plan": {
    "Node Type": "Aggregate",
    "Strategy": "Plain",
    "Partial Mode": "Finalize",
    "Parallel Aware": false,
    "Startup Cost": 2800979.91,
    "Total Cost": 2800979.92,
    "Plan Rows": 1,
    "Plan Width": 8,
    "Actual Startup Time": 28305.683,
    "Actual Total Time": 28468.933,
    "Actual Rows": 1,
    "Actual Loops": 1,
    "Plans": [
      {
        "Node Type": "Gather",
        "Parent Relationship": "Outer",
        "Parallel Aware": false,
        "Startup Cost": 2800979.8,
        "Total Cost": 2800979.91,
        "Plan Rows": 1,
        "Plan Width": 8,
        "Actual Startup Time": 28286.688,
        "Actual Total Time": 28468.924,
        "Actual Rows": 2,
        "Actual Loops": 1,
        "Workers Planned": 1,
        "Workers Launched": 1,
        "Single Copy": false,
        "Plans": [
          {
            "Node Type": "Aggregate",
            "Strategy": "Plain",
            "Partial Mode": "Partial",
            "Parent Relationship": "Outer",
            "Parallel Aware": false,
            "Startup Cost": 2799979.8,
            "Total Cost": 2799979.81,
            "Plan Rows": 1,
            "Plan Width": 8,
            "Actual Startup Time": 28238.136,
            "Actual Total Time": 28238.142,
            "Actual Rows": 1,
            "Actual Loops": 2,
            "Plans": [
              {
                "Node Type": "Hash Join",
                "Parent Relationship": "Outer",
                "Parallel Aware": true,
                "Join Type": "Inner",
                "Startup Cost": 2490487.4,
                "Total Cost": 2738778.5,
                "Plan Rows": 24480520,
                "Plan Width": 0,
                "Actual Startup Time": 20706.685,
                "Actual Total Time": 25647.993,
                "Actual Rows": 67929510,
                "Actual Loops": 2,
                "Inner Unique": false,
                "Hash Cond": "(mk.movie_id = t.id)",
                "Plans": [
                  {
                    "Node Type": "Seq Scan",
                    "Parent Relationship": "Outer",
                    "Parallel Aware": true,
                    "Relation Name": "movie_keyword",
                    "Alias": "mk",
                    "Startup Cost": 0.0,
                    "Total Cost": 51065.35,
                    "Plan Rows": 2661135,
                    "Plan Width": 4,
                    "Actual Startup Time": 0.011,
                    "Actual Total Time": 164.739,
                    "Actual Rows": 2261965,
                    "Actual Loops": 2
                  },
                  {
                    "Node Type": "Hash",
                    "Parent Relationship": "Inner",
                    "Parallel Aware": true,
                    "Startup Cost": 2319469.27,
                    "Total Cost": 2319469.27,
                    "Plan Rows": 13681451,
                    "Plan Width": 8,
                    "Actual Startup Time": 20607.855,
                    "Actual Total Time": 20607.857,
                    "Actual Rows": 11693011,
                    "Actual Loops": 2,
                    "Hash Buckets": 33554432,
                    "Original Hash Buckets": 33554432,
                    "Hash Batches": 1,
                    "Original Hash Batches": 1,
                    "Peak Memory Usage": 1177024,
                    "Plans": [
                      {
                        "Node Type": "Merge Join",
                        "Parent Relationship": "Outer",
                        "Parallel Aware": false,
                        "Join Type": "Inner",
                        "Startup Cost": 44.79,
                        "Total Cost": 2319469.27,
                        "Plan Rows": 13681451,
                        "Plan Width": 8,
                        "Actual Startup Time": 0.4,
                        "Actual Total Time": 18151.477,
                        "Actual Rows": 11693011,
                        "Actual Loops": 2,
                        "Inner Unique": true,
                        "Merge Cond": "(ci.movie_id = t.id)",
                        "Plans": [
                          {
                            "Node Type": "Index Scan",
                            "Parent Relationship": "Outer",
                            "Parallel Aware": true,
                            "Scan Direction": "Forward",
                            "Index Name": "movie_id_cast_info",
                            "Relation Name": "cast_info",
                            "Alias": "ci",
                            "Startup Cost": 0.56,
                            "Total Cost": 2031898.13,
                            "Plan Rows": 13681451,
                            "Plan Width": 4,
                            "Actual Startup Time": 0.14,
                            "Actual Total Time": 15174.512,
                            "Actual Rows": 11693011,
                            "Actual Loops": 2,
                            "Filter": "((person_id > 77473) AND (role_id > 1))",
                            "Rows Removed by Filter": 6429161
                          },
                          {
                            "Node Type": "Index Only Scan",
                            "Parent Relationship": "Inner",
                            "Parallel Aware": false,
                            "Scan Direction": "Forward",
                            "Index Name": "title_pkey",
                            "Relation Name": "title",
                            "Alias": "t",
                            "Startup Cost": 0.43,
                            "Total Cost": 110339.97,
                            "Plan Rows": 2528293,
                            "Plan Width": 4,
                            "Actual Startup Time": 0.152,
                            "Actual Total Time": 1629.642,
                            "Actual Rows": 2525963,
                            "Actual Loops": 2,
                            "Heap Fetches": 5051926
                          }
                        ]
                      }
                    ]
                  }
                ]
              }
            ]
          }
        ]
      }
    ]
  },
  "Planning Time": 1.02,
  "Triggers": [],
  "Execution Time": 28469.025
}