[
  {
    "Plan": {
      "Node Type": "Aggregate",
      "Strategy": "Plain",
      "Partial Mode": "Finalize",
      "Parallel Aware": false,
      "Startup Cost": 191144.68,
      "Total Cost": 191144.69,
      "Plan Rows": 1,
      "Plan Width": 8,
      "Actual Startup Time": 230.98,
      "Actual Total Time": 259.772,
      "Actual Rows": 1,
      "Actual Loops": 1,
      "Plans": [
        {
          "Node Type": "Gather",
          "Parent Relationship": "Outer",
          "Parallel Aware": false,
          "Startup Cost": 191144.26,
          "Total Cost": 191144.67,
          "Plan Rows": 4,
          "Plan Width": 8,
          "Actual Startup Time": 230.778,
          "Actual Total Time": 259.763,
          "Actual Rows": 5,
          "Actual Loops": 1,
          "Workers Planned": 4,
          "Workers Launched": 4,
          "Single Copy": false,
          "Plans": [
            {
              "Node Type": "Aggregate",
              "Strategy": "Plain",
              "Partial Mode": "Partial",
              "Parent Relationship": "Outer",
              "Parallel Aware": false,
              "Startup Cost": 190144.26,
              "Total Cost": 190144.27,
              "Plan Rows": 1,
              "Plan Width": 8,
              "Actual Startup Time": 222.446,
              "Actual Total Time": 222.447,
              "Actual Rows": 1,
              "Actual Loops": 5,
              "Plans": [
                {
                  "Node Type": "Nested Loop",
                  "Parent Relationship": "Outer",
                  "Parallel Aware": false,
                  "Join Type": "Inner",
                  "Startup Cost": 0.43,
                  "Total Cost": 190122.64,
                  "Plan Rows": 8649,
                  "Plan Width": 0,
                  "Actual Startup Time": 71.955,
                  "Actual Total Time": 218.343,
                  "Actual Rows": 48039,
                  "Actual Loops": 5,
                  "Inner Unique": false,
                  "Plans": [
                    {
                      "Node Type": "Seq Scan",
                      "Parent Relationship": "Outer",
                      "Parallel Aware": true,
                      "Relation Name": "title",
                      "Alias": "t",
                      "Startup Cost": 0.0,
                      "Total Cost": 45479.59,
                      "Plan Rows": 1473,
                      "Plan Width": 4,
                      "Actual Startup Time": 71.794,
                      "Actual Total Time": 101.76,
                      "Actual Rows": 4901,
                      "Actual Loops": 5,
                      "Filter": "((production_year < 1910) AND (kind_id = 1))",
                      "Rows Removed by Filter": 500761
                    },
                    {
                      "Node Type": "Index Only Scan",
                      "Parent Relationship": "Inner",
                      "Parallel Aware": false,
                      "Scan Direction": "Forward",
                      "Index Name": "movie_id_movie_info",
                      "Relation Name": "movie_info",
                      "Alias": "mi",
                      "Startup Cost": 0.43,
                      "Total Cost": 97.79,
                      "Plan Rows": 41,
                      "Plan Width": 4,
                      "Actual Startup Time": 0.009,
                      "Actual Total Time": 0.022,
                      "Actual Rows": 10,
                      "Actual Loops": 24507,
                      "Index Cond": "(movie_id = t.id)",
                      "Rows Removed by Index Recheck": 0,
                      "Heap Fetches": 240194
                    }
                  ]
                }
              ]
            }
          ]
        }
      ]
    },
    "Planning Time": 0.506,
    "Triggers": [],
    "Execution Time": 259.834
  }
]