[
  {
    "Plan": {
      "Node Type": "Aggregate",
      "Strategy": "Plain",
      "Partial Mode": "Finalize",
      "Parallel Aware": false,
      "Startup Cost": 482718.89,
      "Total Cost": 482718.9,
      "Plan Rows": 1,
      "Plan Width": 8,
      "Actual Startup Time": 3781.39,
      "Actual Total Time": 3881.329,
      "Actual Rows": 1,
      "Actual Loops": 1,
      "Plans": [
        {
          "Node Type": "Gather",
          "Parent Relationship": "Outer",
          "Parallel Aware": false,
          "Startup Cost": 482718.37,
          "Total Cost": 482718.88,
          "Plan Rows": 5,
          "Plan Width": 8,
          "Actual Startup Time": 3780.058,
          "Actual Total Time": 3881.303,
          "Actual Rows": 6,
          "Actual Loops": 1,
          "Workers Planned": 5,
          "Workers Launched": 5,
          "Single Copy": false,
          "Plans": [
            {
              "Node Type": "Aggregate",
              "Strategy": "Plain",
              "Partial Mode": "Partial",
              "Parent Relationship": "Outer",
              "Parallel Aware": false,
              "Startup Cost": 481718.37,
              "Total Cost": 481718.38,
              "Plan Rows": 1,
              "Plan Width": 8,
              "Actual Startup Time": 3769.451,
              "Actual Total Time": 3769.455,
              "Actual Rows": 1,
              "Actual Loops": 6,
              "Plans": [
                {
                  "Node Type": "Nested Loop",
                  "Parent Relationship": "Outer",
                  "Parallel Aware": false,
                  "Join Type": "Inner",
                  "Startup Cost": 44397.61,
                  "Total Cost": 477240.43,
                  "Plan Rows": 1791173,
                  "Plan Width": 0,
                  "Actual Startup Time": 104.365,
                  "Actual Total Time": 3620.75,
                  "Actual Rows": 3553974,
                  "Actual Loops": 6,
                  "Inner Unique": false,
                  "Join Filter": "(t.id = ci.movie_id)",
                  "Rows Removed by Join Filter": 0,
                  "Plans": [
                    {
                      "Node Type": "Hash Join",
                      "Parent Relationship": "Outer",
                      "Parallel Aware": true,
                      "Join Type": "Inner",
                      "Startup Cost": 44397.04,
                      "Total Cost": 248553.77,
                      "Plan Rows": 125003,
                      "Plan Width": 8,
                      "Actual Startup Time": 104.101,
                      "Actual Total Time": 674.02,
                      "Actual Rows": 221705,
                      "Actual Loops": 6,
                      "Inner Unique": true,
                      "Hash Cond": "(mi.movie_id = t.id)",
                      "Plans": [
                        {
                          "Node Type": "Seq Scan",
                          "Parent Relationship": "Outer",
                          "Parallel Aware": true,
                          "Relation Name": "movie_info",
                          "Alias": "mi",
                          "Startup Cost": 0.0,
                          "Total Cost": 198952.16,
                          "Plan Rows": 1982687,
                          "Plan Width": 4,
                          "Actual Startup Time": 15.785,
                          "Actual Total Time": 316.242,
                          "Actual Rows": 1651959,
                          "Actual Loops": 6,
                          "Filter": "(info_type_id > 4)",
                          "Rows Removed by Filter": 820661
                        },
                        {
                          "Node Type": "Hash",
                          "Parent Relationship": "Inner",
                          "Parallel Aware": true,
                          "Startup Cost": 43898.92,
                          "Total Cost": 43898.92,
                          "Plan Rows": 39850,
                          "Plan Width": 4,
                          "Actual Startup Time": 86.071,
                          "Actual Total Time": 86.072,
                          "Actual Rows": 27364,
                          "Actual Loops": 6,
                          "Hash Buckets": 262144,
                          "Original Hash Buckets": 262144,
                          "Hash Batches": 1,
                          "Original Hash Batches": 1,
                          "Peak Memory Usage": 8544,
                          "Plans": [
                            {
                              "Node Type": "Seq Scan",
                              "Parent Relationship": "Outer",
                              "Parallel Aware": true,
                              "Relation Name": "title",
                              "Alias": "t",
                              "Startup Cost": 0.0,
                              "Total Cost": 43898.92,
                              "Plan Rows": 39850,
                              "Plan Width": 4,
                              "Actual Startup Time": 0.398,
                              "Actual Total Time": 76.21,
                              "Actual Rows": 27364,
                              "Actual Loops": 6,
                              "Filter": "(production_year < 1950)",
                              "Rows Removed by Filter": 394021
                            }
                          ]
                        }
                      ]
                    },
                    {
                      "Node Type": "Index Only Scan",
                      "Parent Relationship": "Inner",
                      "Parallel Aware": false,
                      "Scan Direction": "Forward",
                      "Index Name": "movie_id_cast_info",
                      "Relation Name": "cast_info",
                      "Alias": "ci",
                      "Startup Cost": 0.56,
                      "Total Cost": 1.37,
                      "Plan Rows": 37,
                      "Plan Width": 4,
                      "Actual Startup Time": 0.003,
                      "Actual Total Time": 0.012,
                      "Actual Rows": 16,
                      "Actual Loops": 1330231,
                      "Index Cond": "(movie_id = mi.movie_id)",
                      "Rows Removed by Index Recheck": 0,
                      "Heap Fetches": 21323846
                    }
                  ]
                }
              ]
            }
          ]
        }
      ]
    },
    "Planning Time": 1.414,
    "Triggers": [],
    "Execution Time": 3881.436
  }
]