{
  "Plan": {
    "Node Type": "Aggregate",
    "Strategy": "Plain",
    "Partial Mode": "Finalize",
    "Parallel Aware": false,
    "Startup Cost": 323607.49,
    "Total Cost": 323607.5,
    "Plan Rows": 1,
    "Plan Width": 8,
    "Actual Startup Time": 1591.532,
    "Actual Total Time": 1611.621,
    "Actual Rows": 1,
    "Actual Loops": 1,
    "Plans": [
      {
        "Node Type": "Gather",
        "Parent Relationship": "Outer",
        "Parallel Aware": false,
        "Startup Cost": 323607.38,
        "Total Cost": 323607.49,
        "Plan Rows": 1,
        "Plan Width": 8,
        "Actual Startup Time": 1576.969,
        "Actual Total Time": 1611.612,
        "Actual Rows": 2,
        "Actual Loops": 1,
        "Workers Planned": 1,
        "Workers Launched": 1,
        "Single Copy": false,
        "Plans": [
          {
            "Node Type": "Aggregate",
            "Strategy": "Plain",
            "Partial Mode": "Partial",
            "Parent Relationship": "Outer",
            "Parallel Aware": false,
            "Startup Cost": 322607.38,
            "Total Cost": 322607.39,
            "Plan Rows": 1,
            "Plan Width": 8,
            "Actual Startup Time": 1573.739,
            "Actual Total Time": 1573.745,
            "Actual Rows": 1,
            "Actual Loops": 2,
            "Plans": [
              {
                "Node Type": "Merge Join",
                "Parent Relationship": "Outer",
                "Parallel Aware": false,
                "Join Type": "Inner",
                "Startup Cost": 313614.57,
                "Total Cost": 322163.52,
                "Plan Rows": 177544,
                "Plan Width": 0,
                "Actual Startup Time": 1404.931,
                "Actual Total Time": 1552.296,
                "Actual Rows": 551206,
                "Actual Loops": 2,
                "Inner Unique": false,
                "Merge Cond": "(mc.movie_id = t.id)",
                "Plans": [
                  {
                    "Node Type": "Sort",
                    "Parent Relationship": "Outer",
                    "Parallel Aware": false,
                    "Startup Cost": 114232.16,
                    "Total Cost": 116180.31,
                    "Plan Rows": 779260,
                    "Plan Width": 4,
                    "Actual Startup Time": 256.762,
                    "Actual Total Time": 279.599,
                    "Actual Rows": 667442,
                    "Actual Loops": 2,
                    "Sort Key": [
                      "mc.movie_id"
                    ],
                    "Sort Method": "quicksort",
                    "Sort Space Used": 59477,
                    "Sort Space Type": "Memory",
                    "Workers": [
                      {
                        "Worker Number": 0,
                        "Sort Method": "quicksort",
                        "Sort Space Used": 52249,
                        "Sort Space Type": "Memory"
                      }
                    ],
                    "Plans": [
                      {
                        "Node Type": "Seq Scan",
                        "Parent Relationship": "Outer",
                        "Parallel Aware": true,
                        "Relation Name": "movie_companies",
                        "Alias": "mc",
                        "Startup Cost": 0.0,
                        "Total Cost": 37974.77,
                        "Plan Rows": 779260,
                        "Plan Width": 4,
                        "Actual Startup Time": 66.721,
                        "Actual Total Time": 141.077,
                        "Actual Rows": 667442,
                        "Actual Loops": 2,
                        "Filter": "(company_type_id = 2)",
                        "Rows Removed by Filter": 637123
                      }
                    ]
                  },
                  {
                    "Node Type": "Sort",
                    "Parent Relationship": "Inner",
                    "Parallel Aware": false,
                    "Startup Cost": 199382.34,
                    "Total Cost": 200822.44,
                    "Plan Rows": 576037,
                    "Plan Width": 8,
                    "Actual Startup Time": 1146.82,
                    "Actual Total Time": 1175.259,
                    "Actual Rows": 839778,
                    "Actual Loops": 2,
                    "Sort Key": [
                      "mk.movie_id"
                    ],
                    "Sort Method": "quicksort",
                    "Sort Space Used": 34777,
                    "Sort Space Type": "Memory",
                    "Workers": [
                      {
                        "Worker Number": 0,
                        "Sort Method": "quicksort",
                        "Sort Space Used": 34777,
                        "Sort Space Type": "Memory"
                      }
                    ],
                    "Plans": [
                      {
                        "Node Type": "Hash Join",
                        "Parent Relationship": "Outer",
                        "Parallel Aware": false,
                        "Join Type": "Inner",
                        "Startup Cost": 107088.3,
                        "Total Cost": 144267.69,
                        "Plan Rows": 576037,
                        "Plan Width": 8,
                        "Actual Startup Time": 756.948,
                        "Actual Total Time": 1051.575,
                        "Actual Rows": 479750,
                        "Actual Loops": 2,
                        "Inner Unique": true,
                        "Hash Cond": "(mk.movie_id = t.id)",
                        "Plans": [
                          {
                            "Node Type": "Bitmap Heap Scan",
                            "Parent Relationship": "Outer",
                            "Parallel Aware": false,
                            "Relation Name": "movie_keyword",
                            "Alias": "mk",
                            "Startup Cost": 17848.88,
                            "Total Cost": 52819.73,
                            "Plan Rows": 841348,
                            "Plan Width": 4,
                            "Actual Startup Time": 45.677,
                            "Actual Total Time": 179.694,
                            "Actual Rows": 832110,
                            "Actual Loops": 2,
                            "Recheck Cond": "(keyword_id > 22122)",
                            "Rows Removed by Index Recheck": 0,
                            "Exact Heap Blocks": 23899,
                            "Lossy Heap Blocks": 0,
                            "Plans": [
                              {
                                "Node Type": "Bitmap Index Scan",
                                "Parent Relationship": "Outer",
                                "Parallel Aware": false,
                                "Index Name": "keyword_id_movie_keyword",
                                "Startup Cost": 0.0,
                                "Total Cost": 17638.54,
                                "Plan Rows": 841348,
                                "Plan Width": 0,
                                "Actual Startup Time": 42.708,
                                "Actual Total Time": 42.709,
                                "Actual Rows": 832110,
                                "Actual Loops": 2,
                                "Index Cond": "(keyword_id > 22122)"
                              }
                            ]
                          },
                          {
                            "Node Type": "Hash",
                            "Parent Relationship": "Inner",
                            "Parallel Aware": false,
                            "Startup Cost": 67601.66,
                            "Total Cost": 67601.66,
                            "Plan Rows": 1731021,
                            "Plan Width": 4,
                            "Actual Startup Time": 703.452,
                            "Actual Total Time": 703.453,
                            "Actual Rows": 1725233,
                            "Actual Loops": 2,
                            "Hash Buckets": 2097152,
                            "Original Hash Buckets": 2097152,
                            "Hash Batches": 1,
                            "Original Hash Batches": 1,
                            "Peak Memory Usage": 77037,
                            "Plans": [
                              {
                                "Node Type": "Seq Scan",
                                "Parent Relationship": "Outer",
                                "Parallel Aware": false,
                                "Relation Name": "title",
                                "Alias": "t",
                                "Startup Cost": 0.0,
                                "Total Cost": 67601.66,
                                "Plan Rows": 1731021,
                                "Plan Width": 4,
                                "Actual Startup Time": 0.03,
                                "Actual Total Time": 301.996,
                                "Actual Rows": 1725233,
                                "Actual Loops": 2,
                                "Filter": "(production_year > 1991)",
                                "Rows Removed by Filter": 803079
                              }
                            ]
                          }
                        ]
                      }
                    ]
                  }
                ]
              }
            ]
          }
        ]
      }
    ]
  },
  "Planning Time": 0.944,
  "Triggers": [],
  "Execution Time": 1621.576
}