[
  {
    "Plan": {
      "Node Type": "Aggregate",
      "Strategy": "Plain",
      "Partial Mode": "Finalize",
      "Parallel Aware": false,
      "Startup Cost": 434544.04,
      "Total Cost": 434544.05,
      "Plan Rows": 1,
      "Plan Width": 8,
      "Actual Startup Time": 8363.482,
      "Actual Total Time": 8480.962,
      "Actual Rows": 1,
      "Actual Loops": 1,
      "Plans": [
        {
          "Node Type": "Gather",
          "Parent Relationship": "Outer",
          "Parallel Aware": false,
          "Startup Cost": 434543.51,
          "Total Cost": 434544.02,
          "Plan Rows": 5,
          "Plan Width": 8,
          "Actual Startup Time": 8359.857,
          "Actual Total Time": 8480.948,
          "Actual Rows": 6,
          "Actual Loops": 1,
          "Workers Planned": 5,
          "Workers Launched": 5,
          "Single Copy": false,
          "Plans": [
            {
              "Node Type": "Aggregate",
              "Strategy": "Plain",
              "Partial Mode": "Partial",
              "Parent Relationship": "Outer",
              "Parallel Aware": false,
              "Startup Cost": 433543.51,
              "Total Cost": 433543.52,
              "Plan Rows": 1,
              "Plan Width": 8,
              "Actual Startup Time": 8348.503,
              "Actual Total Time": 8348.507,
              "Actual Rows": 1,
              "Actual Loops": 6,
              "Plans": [
                {
                  "Node Type": "Nested Loop",
                  "Parent Relationship": "Outer",
                  "Parallel Aware": false,
                  "Join Type": "Inner",
                  "Startup Cost": 47073.79,
                  "Total Cost": 433329.35,
                  "Plan Rows": 85667,
                  "Plan Width": 0,
                  "Actual Startup Time": 142.245,
                  "Actual Total Time": 8227.186,
                  "Actual Rows": 2734687,
                  "Actual Loops": 6,
                  "Inner Unique": false,
                  "Join Filter": "(t.id = ci.movie_id)",
                  "Rows Removed by Join Filter": 0,
                  "Plans": [
                    {
                      "Node Type": "Hash Join",
                      "Parent Relationship": "Outer",
                      "Parallel Aware": true,
                      "Join Type": "Inner",
                      "Startup Cost": 47073.22,
                      "Total Cost": 247241.34,
                      "Plan Rows": 93461,
                      "Plan Width": 8,
                      "Actual Startup Time": 141.107,
                      "Actual Total Time": 528.322,
                      "Actual Rows": 189220,
                      "Actual Loops": 6,
                      "Inner Unique": true,
                      "Hash Cond": "(mi.movie_id = t.id)",
                      "Plans": [
                        {
                          "Node Type": "Seq Scan",
                          "Parent Relationship": "Outer",
                          "Parallel Aware": true,
                          "Relation Name": "movie_info",
                          "Alias": "mi",
                          "Startup Cost": 0.0,
                          "Total Cost": 198952.16,
                          "Plan Rows": 463221,
                          "Plan Width": 4,
                          "Actual Startup Time": 17.436,
                          "Actual Total Time": 294.241,
                          "Actual Rows": 372308,
                          "Actual Loops": 6,
                          "Filter": "(info_type_id > 16)",
                          "Rows Removed by Filter": 2100312
                        },
                        {
                          "Node Type": "Hash",
                          "Parent Relationship": "Inner",
                          "Parallel Aware": true,
                          "Startup Cost": 45479.1,
                          "Total Cost": 45479.1,
                          "Plan Rows": 127530,
                          "Plan Width": 4,
                          "Actual Startup Time": 106.775,
                          "Actual Total Time": 106.776,
                          "Actual Rows": 63685,
                          "Actual Loops": 6,
                          "Hash Buckets": 524288,
                          "Original Hash Buckets": 524288,
                          "Hash Batches": 1,
                          "Original Hash Batches": 1,
                          "Peak Memory Usage": 19136,
                          "Plans": [
                            {
                              "Node Type": "Seq Scan",
                              "Parent Relationship": "Outer",
                              "Parallel Aware": true,
                              "Relation Name": "title",
                              "Alias": "t",
                              "Startup Cost": 0.0,
                              "Total Cost": 45479.1,
                              "Plan Rows": 127530,
                              "Plan Width": 4,
                              "Actual Startup Time": 43.033,
                              "Actual Total Time": 83.666,
                              "Actual Rows": 63685,
                              "Actual Loops": 6,
                              "Filter": "((production_year > 1980) AND (kind_id = 1))",
                              "Rows Removed by Filter": 357700
                            }
                          ]
                        }
                      ]
                    },
                    {
                      "Node Type": "Index Scan",
                      "Parent Relationship": "Inner",
                      "Parallel Aware": false,
                      "Scan Direction": "Forward",
                      "Index Name": "movie_id_cast_info",
                      "Relation Name": "cast_info",
                      "Alias": "ci",
                      "Startup Cost": 0.56,
                      "Total Cost": 1.97,
                      "Plan Rows": 2,
                      "Plan Width": 4,
                      "Actual Startup Time": 0.029,
                      "Actual Total Time": 0.039,
                      "Actual Rows": 14,
                      "Actual Loops": 1135322,
                      "Index Cond": "(movie_id = mi.movie_id)",
                      "Rows Removed by Index Recheck": 0,
                      "Filter": "(person_id > 3627375)",
                      "Rows Removed by Filter": 62
                    }
                  ]
                }
              ]
            }
          ]
        }
      ]
    },
    "Planning Time": 1.357,
    "Triggers": [],
    "Execution Time": 8481.076
  }
]