{
  "Plan": {
    "Node Type": "Aggregate",
    "Strategy": "Plain",
    "Partial Mode": "Finalize",
    "Parallel Aware": false,
    "Startup Cost": 554297.77,
    "Total Cost": 554297.78,
    "Plan Rows": 1,
    "Plan Width": 8,
    "Actual Startup Time": 5688.84,
    "Actual Total Time": 5744.275,
    "Actual Rows": 1,
    "Actual Loops": 1,
    "Plans": [
      {
        "Node Type": "Gather",
        "Parent Relationship": "Outer",
        "Parallel Aware": false,
        "Startup Cost": 554297.65,
        "Total Cost": 554297.76,
        "Plan Rows": 1,
        "Plan Width": 8,
        "Actual Startup Time": 5676.685,
        "Actual Total Time": 5744.264,
        "Actual Rows": 2,
        "Actual Loops": 1,
        "Workers Planned": 1,
        "Workers Launched": 1,
        "Single Copy": false,
        "Plans": [
          {
            "Node Type": "Aggregate",
            "Strategy": "Plain",
            "Partial Mode": "Partial",
            "Parent Relationship": "Outer",
            "Parallel Aware": false,
            "Startup Cost": 553297.65,
            "Total Cost": 553297.66,
            "Plan Rows": 1,
            "Plan Width": 8,
            "Actual Startup Time": 5668.076,
            "Actual Total Time": 5670.381,
            "Actual Rows": 1,
            "Actual Loops": 2,
            "Plans": [
              {
                "Node Type": "Hash Join",
                "Parent Relationship": "Outer",
                "Parallel Aware": true,
                "Join Type": "Inner",
                "Startup Cost": 230499.14,
                "Total Cost": 542455.49,
                "Plan Rows": 4336865,
                "Plan Width": 0,
                "Actual Startup Time": 2926.796,
                "Actual Total Time": 5444.906,
                "Actual Rows": 5509198,
                "Actual Loops": 2,
                "Inner Unique": false,
                "Hash Cond": "(mi.movie_id = t.id)",
                "Plans": [
                  {
                    "Node Type": "Seq Scan",
                    "Parent Relationship": "Outer",
                    "Parallel Aware": true,
                    "Relation Name": "movie_info",
                    "Alias": "mi",
                    "Startup Cost": 0.0,
                    "Total Cost": 270696.42,
                    "Plan Rows": 3149790,
                    "Plan Width": 4,
                    "Actual Startup Time": 0.02,
                    "Actual Total Time": 686.552,
                    "Actual Rows": 2705260,
                    "Actual Loops": 2,
                    "Filter": "(info_type_id < 6)",
                    "Rows Removed by Filter": 4712600
                  },
                  {
                    "Node Type": "Hash",
                    "Parent Relationship": "Inner",
                    "Parallel Aware": true,
                    "Startup Cost": 204902.51,
                    "Total Cost": 204902.51,
                    "Plan Rows": 2047731,
                    "Plan Width": 8,
                    "Actual Startup Time": 2909.112,
                    "Actual Total Time": 2911.415,
                    "Actual Rows": 2004018,
                    "Actual Loops": 2,
                    "Hash Buckets": 4194304,
                    "Original Hash Buckets": 4194304,
                    "Hash Batches": 1,
                    "Original Hash Batches": 1,
                    "Peak Memory Usage": 189568,
                    "Plans": [
                      {
                        "Node Type": "Hash Join",
                        "Parent Relationship": "Outer",
                        "Parallel Aware": true,
                        "Join Type": "Inner",
                        "Startup Cost": 69461.26,
                        "Total Cost": 204902.51,
                        "Plan Rows": 2047731,
                        "Plan Width": 8,
                        "Actual Startup Time": 638.25,
                        "Actual Total Time": 2199.73,
                        "Actual Rows": 2004018,
                        "Actual Loops": 2,
                        "Inner Unique": true,
                        "Hash Cond": "(ci.movie_id = t.id)",
                        "Plans": [
                          {
                            "Node Type": "Index Scan",
                            "Parent Relationship": "Outer",
                            "Parallel Aware": true,
                            "Scan Direction": "Forward",
                            "Index Name": "role_id_cast_info",
                            "Relation Name": "cast_info",
                            "Alias": "ci",
                            "Startup Cost": 0.56,
                            "Total Cost": 130066.5,
                            "Plan Rows": 2047731,
                            "Plan Width": 4,
                            "Actual Startup Time": 0.164,
                            "Actual Total Time": 416.658,
                            "Actual Rows": 2004018,
                            "Actual Loops": 2,
                            "Index Cond": "(role_id = 3)",
                            "Rows Removed by Index Recheck": 0,
                            "Filter": "(person_id < 3183967)",
                            "Rows Removed by Filter": 0
                          },
                          {
                            "Node Type": "Hash",
                            "Parent Relationship": "Inner",
                            "Parallel Aware": true,
                            "Startup Cost": 50870.31,
                            "Total Cost": 50870.31,
                            "Plan Rows": 1487231,
                            "Plan Width": 4,
                            "Actual Startup Time": 625.524,
                            "Actual Total Time": 625.525,
                            "Actual Rows": 1264156,
                            "Actual Loops": 2,
                            "Hash Buckets": 4194304,
                            "Original Hash Buckets": 4194304,
                            "Hash Batches": 1,
                            "Original Hash Batches": 1,
                            "Peak Memory Usage": 131680,
                            "Plans": [
                              {
                                "Node Type": "Seq Scan",
                                "Parent Relationship": "Outer",
                                "Parallel Aware": true,
                                "Relation Name": "title",
                                "Alias": "t",
                                "Startup Cost": 0.0,
                                "Total Cost": 50870.31,
                                "Plan Rows": 1487231,
                                "Plan Width": 4,
                                "Actual Startup Time": 0.04,
                                "Actual Total Time": 183.597,
                                "Actual Rows": 1264156,
                                "Actual Loops": 2
                              }
                            ]
                          }
                        ]
                      }
                    ]
                  }
                ]
              }
            ]
          }
        ]
      }
    ]
  },
  "Planning Time": 0.487,
  "Triggers": [],
  "Execution Time": 5744.341
}