{
  "Plan": {
    "Node Type": "Aggregate",
    "Strategy": "Plain",
    "Partial Mode": "Finalize",
    "Parallel Aware": false,
    "Startup Cost": 75800.94,
    "Total Cost": 75800.95,
    "Plan Rows": 1,
    "Plan Width": 8,
    "Actual Startup Time": 302.566,
    "Actual Total Time": 311.259,
    "Actual Rows": 1,
    "Actual Loops": 1,
    "Plans": [
      {
        "Node Type": "Gather",
        "Parent Relationship": "Outer",
        "Parallel Aware": false,
        "Startup Cost": 75800.83,
        "Total Cost": 75800.94,
        "Plan Rows": 1,
        "Plan Width": 8,
        "Actual Startup Time": 301.605,
        "Actual Total Time": 311.252,
        "Actual Rows": 2,
        "Actual Loops": 1,
        "Workers Planned": 1,
        "Workers Launched": 1,
        "Single Copy": false,
        "Plans": [
          {
            "Node Type": "Aggregate",
            "Strategy": "Plain",
            "Partial Mode": "Partial",
            "Parent Relationship": "Outer",
            "Parallel Aware": false,
            "Startup Cost": 74800.83,
            "Total Cost": 74800.84,
            "Plan Rows": 1,
            "Plan Width": 8,
            "Actual Startup Time": 295.461,
            "Actual Total Time": 295.465,
            "Actual Rows": 1,
            "Actual Loops": 2,
            "Plans": [
              {
                "Node Type": "Hash Join",
                "Parent Relationship": "Outer",
                "Parallel Aware": true,
                "Join Type": "Inner",
                "Startup Cost": 56335.9,
                "Total Cost": 74519.69,
                "Plan Rows": 112453,
                "Plan Width": 0,
                "Actual Startup Time": 197.236,
                "Actual Total Time": 289.351,
                "Actual Rows": 123214,
                "Actual Loops": 2,
                "Inner Unique": true,
                "Hash Cond": "(mi_idx.movie_id = t.id)",
                "Plans": [
                  {
                    "Node Type": "Seq Scan",
                    "Parent Relationship": "Outer",
                    "Parallel Aware": true,
                    "Relation Name": "movie_info_idx",
                    "Alias": "mi_idx",
                    "Startup Cost": 0.0,
                    "Total Cost": 16052.85,
                    "Plan Rows": 811785,
                    "Plan Width": 4,
                    "Actual Startup Time": 0.022,
                    "Actual Total Time": 57.585,
                    "Actual Rows": 690018,
                    "Actual Loops": 2
                  },
                  {
                    "Node Type": "Hash",
                    "Parent Relationship": "Inner",
                    "Parallel Aware": true,
                    "Startup Cost": 53760.67,
                    "Total Cost": 53760.67,
                    "Plan Rows": 206019,
                    "Plan Width": 4,
                    "Actual Startup Time": 138.874,
                    "Actual Total Time": 138.875,
                    "Actual Rows": 132638,
                    "Actual Loops": 2,
                    "Hash Buckets": 524288,
                    "Original Hash Buckets": 524288,
                    "Hash Batches": 1,
                    "Original Hash Batches": 1,
                    "Peak Memory Usage": 14496,
                    "Plans": [
                      {
                        "Node Type": "Bitmap Heap Scan",
                        "Parent Relationship": "Outer",
                        "Parallel Aware": true,
                        "Relation Name": "title",
                        "Alias": "t",
                        "Startup Cost": 11910.41,
                        "Total Cost": 53760.67,
                        "Plan Rows": 206019,
                        "Plan Width": 4,
                        "Actual Startup Time": 36.265,
                        "Actual Total Time": 105.982,
                        "Actual Rows": 132638,
                        "Actual Loops": 2,
                        "Recheck Cond": "(kind_id = 1)",
                        "Rows Removed by Index Recheck": 0,
                        "Filter": "(production_year > 2001)",
                        "Rows Removed by Filter": 198775,
                        "Exact Heap Blocks": 9132,
                        "Lossy Heap Blocks": 0,
                        "Plans": [
                          {
                            "Node Type": "Bitmap Index Scan",
                            "Parent Relationship": "Outer",
                            "Parallel Aware": false,
                            "Index Name": "kind_id_title",
                            "Startup Cost": 0.0,
                            "Total Cost": 11822.85,
                            "Plan Rows": 663256,
                            "Plan Width": 0,
                            "Actual Startup Time": 34.507,
                            "Actual Total Time": 34.507,
                            "Actual Rows": 662825,
                            "Actual Loops": 1,
                            "Index Cond": "(kind_id = 1)"
                          }
                        ]
                      }
                    ]
                  }
                ]
              }
            ]
          }
        ]
      }
    ]
  },
  "Planning Time": 0.5,
  "Triggers": [],
  "Execution Time": 311.351
}