[
  {
    "Plan": {
      "Node Type": "Aggregate",
      "Strategy": "Plain",
      "Partial Mode": "Finalize",
      "Parallel Aware": false,
      "Startup Cost": 125956.91,
      "Total Cost": 125956.92,
      "Plan Rows": 1,
      "Plan Width": 8,
      "Actual Startup Time": 124.001,
      "Actual Total Time": 143.138,
      "Actual Rows": 1,
      "Actual Loops": 1,
      "Plans": [
        {
          "Node Type": "Gather",
          "Parent Relationship": "Outer",
          "Parallel Aware": false,
          "Startup Cost": 125956.49,
          "Total Cost": 125956.9,
          "Plan Rows": 4,
          "Plan Width": 8,
          "Actual Startup Time": 123.674,
          "Actual Total Time": 143.126,
          "Actual Rows": 5,
          "Actual Loops": 1,
          "Workers Planned": 4,
          "Workers Launched": 4,
          "Single Copy": false,
          "Plans": [
            {
              "Node Type": "Aggregate",
              "Strategy": "Plain",
              "Partial Mode": "Partial",
              "Parent Relationship": "Outer",
              "Parallel Aware": false,
              "Startup Cost": 124956.49,
              "Total Cost": 124956.5,
              "Plan Rows": 1,
              "Plan Width": 8,
              "Actual Startup Time": 117.369,
              "Actual Total Time": 117.371,
              "Actual Rows": 1,
              "Actual Loops": 5,
              "Plans": [
                {
                  "Node Type": "Nested Loop",
                  "Parent Relationship": "Outer",
                  "Parallel Aware": false,
                  "Join Type": "Inner",
                  "Startup Cost": 0.43,
                  "Total Cost": 124947.21,
                  "Plan Rows": 3711,
                  "Plan Width": 0,
                  "Actual Startup Time": 60.777,
                  "Actual Total Time": 116.635,
                  "Actual Rows": 6322,
                  "Actual Loops": 5,
                  "Inner Unique": false,
                  "Plans": [
                    {
                      "Node Type": "Seq Scan",
                      "Parent Relationship": "Outer",
                      "Parallel Aware": true,
                      "Relation Name": "title",
                      "Alias": "t",
                      "Startup Cost": 0.0,
                      "Total Cost": 43899.32,
                      "Plan Rows": 632,
                      "Plan Width": 4,
                      "Actual Startup Time": 60.632,
                      "Actual Total Time": 88.431,
                      "Actual Rows": 513,
                      "Actual Loops": 5,
                      "Filter": "(production_year = 1932)",
                      "Rows Removed by Filter": 505149
                    },
                    {
                      "Node Type": "Index Only Scan",
                      "Parent Relationship": "Inner",
                      "Parallel Aware": false,
                      "Scan Direction": "Forward",
                      "Index Name": "movie_id_movie_info",
                      "Relation Name": "movie_info",
                      "Alias": "mi",
                      "Startup Cost": 0.43,
                      "Total Cost": 127.83,
                      "Plan Rows": 41,
                      "Plan Width": 4,
                      "Actual Startup Time": 0.017,
                      "Actual Total Time": 0.053,
                      "Actual Rows": 12,
                      "Actual Loops": 2567,
                      "Index Cond": "(movie_id = t.id)",
                      "Rows Removed by Index Recheck": 0,
                      "Heap Fetches": 31609
                    }
                  ]
                }
              ]
            }
          ]
        }
      ]
    },
    "Planning Time": 0.278,
    "Triggers": [],
    "Execution Time": 143.178
  }
]