[
  {
    "Plan": {
      "Node Type": "Aggregate",
      "Strategy": "Plain",
      "Partial Mode": "Finalize",
      "Parallel Aware": false,
      "Startup Cost": 49839.49,
      "Total Cost": 49839.5,
      "Plan Rows": 1,
      "Plan Width": 64,
      "Actual Startup Time": 2626.839,
      "Actual Total Time": 2921.293,
      "Actual Rows": 1,
      "Actual Loops": 1,
      "Plans": [
        {
          "Node Type": "Gather",
          "Parent Relationship": "Outer",
          "Parallel Aware": false,
          "Startup Cost": 49839.27,
          "Total Cost": 49839.48,
          "Plan Rows": 2,
          "Plan Width": 64,
          "Actual Startup Time": 2626.828,
          "Actual Total Time": 2921.282,
          "Actual Rows": 3,
          "Actual Loops": 1,
          "Workers Planned": 2,
          "Workers Launched": 2,
          "Single Copy": false,
          "Plans": [
            {
              "Node Type": "Aggregate",
              "Strategy": "Plain",
              "Partial Mode": "Partial",
              "Parent Relationship": "Outer",
              "Parallel Aware": false,
              "Startup Cost": 48839.27,
              "Total Cost": 48839.28,
              "Plan Rows": 1,
              "Plan Width": 64,
              "Actual Startup Time": 2617.25,
              "Actual Total Time": 2617.256,
              "Actual Rows": 1,
              "Actual Loops": 3,
              "Plans": [
                {
                  "Node Type": "Nested Loop",
                  "Parent Relationship": "Outer",
                  "Parallel Aware": false,
                  "Join Type": "Inner",
                  "Startup Cost": 6.72,
                  "Total Cost": 48839.08,
                  "Plan Rows": 38,
                  "Plan Width": 32,
                  "Actual Startup Time": 2.109,
                  "Actual Total Time": 2611.126,
                  "Actual Rows": 28545,
                  "Actual Loops": 3,
                  "Inner Unique": true,
                  "Plans": [
                    {
                      "Node Type": "Hash Join",
                      "Parent Relationship": "Outer",
                      "Parallel Aware": false,
                      "Join Type": "Inner",
                      "Startup Cost": 6.29,
                      "Total Cost": 48225.8,
                      "Plan Rows": 1347,
                      "Plan Width": 25,
                      "Actual Startup Time": 1.917,
                      "Actual Total Time": 2442.731,
                      "Actual Rows": 28545,
                      "Actual Loops": 3,
                      "Inner Unique": true,
                      "Hash Cond": "(pi.info_type_id = it2.id)",
                      "Plans": [
                        {
                          "Node Type": "Nested Loop",
                          "Parent Relationship": "Outer",
                          "Parallel Aware": false,
                          "Join Type": "Inner",
                          "Startup Cost": 3.85,
                          "Total Cost": 48016.16,
                          "Plan Rows": 76084,
                          "Plan Width": 29,
                          "Actual Startup Time": 1.506,
                          "Actual Total Time": 2417.257,
                          "Actual Rows": 289923,
                          "Actual Loops": 3,
                          "Inner Unique": false,
                          "Plans": [
                            {
                              "Node Type": "Nested Loop",
                              "Parent Relationship": "Outer",
                              "Parallel Aware": false,
                              "Join Type": "Inner",
                              "Startup Cost": 3.42,
                              "Total Cost": 23724.26,
                              "Plan Rows": 25115,
                              "Plan Width": 21,
                              "Actual Startup Time": 0.711,
                              "Actual Total Time": 739.255,
                              "Actual Rows": 188185,
                              "Actual Loops": 3,
                              "Inner Unique": false,
                              "Plans": [
                                {
                                  "Node Type": "Nested Loop",
                                  "Parent Relationship": "Outer",
                                  "Parallel Aware": false,
                                  "Join Type": "Inner",
                                  "Startup Cost": 2.86,
                                  "Total Cost": 19987.13,
                                  "Plan Rows": 1752,
                                  "Plan Width": 25,
                                  "Actual Startup Time": 0.561,
                                  "Actual Total Time": 236.435,
                                  "Actual Rows": 8530,
                                  "Actual Loops": 3,
                                  "Inner Unique": true,
                                  "Plans": [
                                    {
                                      "Node Type": "Hash Join",
                                      "Parent Relationship": "Outer",
                                      "Parallel Aware": false,
                                      "Join Type": "Inner",
                                      "Startup Cost": 2.43,
                                      "Total Cost": 18539.28,
                                      "Plan Rows": 1752,
                                      "Plan Width": 4,
                                      "Actual Startup Time": 0.41,
                                      "Actual Total Time": 183.203,
                                      "Actual Rows": 8530,
                                      "Actual Loops": 3,
                                      "Inner Unique": true,
                                      "Hash Cond": "(mii.info_type_id = it1.id)",
                                      "Plans": [
                                        {
                                          "Node Type": "Seq Scan",
                                          "Parent Relationship": "Outer",
                                          "Parallel Aware": true,
                                          "Relation Name": "movie_info_idx",
                                          "Alias": "mii",
                                          "Startup Cost": 0.0,
                                          "Total Cost": 17997.76,
                                          "Plan Rows": 197946,
                                          "Plan Width": 8,
                                          "Actual Startup Time": 0.041,
                                          "Actual Total Time": 170.572,
                                          "Actual Rows": 177692,
                                          "Actual Loops": 3,
                                          "Filter": "((info ~~* '0%'::text) OR (info ~~* '1%'::text) OR (info ~~* '2%'::text))",
                                          "Rows Removed by Filter": 282320
                                        },
                                        {
                                          "Node Type": "Hash",
                                          "Parent Relationship": "Inner",
                                          "Parallel Aware": false,
                                          "Startup Cost": 2.41,
                                          "Total Cost": 2.41,
                                          "Plan Rows": 1,
                                          "Plan Width": 4,
                                          "Actual Startup Time": 0.076,
                                          "Actual Total Time": 0.076,
                                          "Actual Rows": 1,
                                          "Actual Loops": 3,
                                          "Hash Buckets": 1024,
                                          "Original Hash Buckets": 1024,
                                          "Hash Batches": 1,
                                          "Original Hash Batches": 1,
                                          "Peak Memory Usage": 9,
                                          "Plans": [
                                            {
                                              "Node Type": "Seq Scan",
                                              "Parent Relationship": "Outer",
                                              "Parallel Aware": false,
                                              "Relation Name": "info_type",
                                              "Alias": "it1",
                                              "Startup Cost": 0.0,
                                              "Total Cost": 2.41,
                                              "Plan Rows": 1,
                                              "Plan Width": 4,
                                              "Actual Startup Time": 0.06,
                                              "Actual Total Time": 0.068,
                                              "Actual Rows": 1,
                                              "Actual Loops": 3,
                                              "Filter": "((info)::text ~~* 'rating'::text)",
                                              "Rows Removed by Filter": 112
                                            }
                                          ]
                                        }
                                      ]
                                    },
                                    {
                                      "Node Type": "Index Scan",
                                      "Parent Relationship": "Inner",
                                      "Parallel Aware": false,
                                      "Scan Direction": "Forward",
                                      "Index Name": "title_pkey",
                                      "Relation Name": "title",
                                      "Alias": "t",
                                      "Startup Cost": 0.43,
                                      "Total Cost": 0.83,
                                      "Plan Rows": 1,
                                      "Plan Width": 21,
                                      "Actual Startup Time": 0.006,
                                      "Actual Total Time": 0.006,
                                      "Actual Rows": 1,
                                      "Actual Loops": 25591,
                                      "Index Cond": "(id = mii.movie_id)",
                                      "Rows Removed by Index Recheck": 0
                                    }
                                  ]
                                },
                                {
                                  "Node Type": "Index Scan",
                                  "Parent Relationship": "Inner",
                                  "Parallel Aware": false,
                                  "Scan Direction": "Forward",
                                  "Index Name": "movie_id_cast_info",
                                  "Relation Name": "cast_info",
                                  "Alias": "ci",
                                  "Startup Cost": 0.56,
                                  "Total Cost": 1.78,
                                  "Plan Rows": 35,
                                  "Plan Width": 8,
                                  "Actual Startup Time": 0.011,
                                  "Actual Total Time": 0.056,
                                  "Actual Rows": 22,
                                  "Actual Loops": 25591,
                                  "Index Cond": "(movie_id = t.id)",
                                  "Rows Removed by Index Recheck": 0
                                }
                              ]
                            },
                            {
                              "Node Type": "Index Scan",
                              "Parent Relationship": "Inner",
                              "Parallel Aware": false,
                              "Scan Direction": "Forward",
                              "Index Name": "person_id_person_info",
                              "Relation Name": "person_info",
                              "Alias": "pi",
                              "Startup Cost": 0.43,
                              "Total Cost": 0.94,
                              "Plan Rows": 3,
                              "Plan Width": 8,
                              "Actual Startup Time": 0.005,
                              "Actual Total Time": 0.009,
                              "Actual Rows": 2,
                              "Actual Loops": 564555,
                              "Index Cond": "(person_id = ci.person_id)",
                              "Rows Removed by Index Recheck": 0,
                              "Filter": "(info ~~* '%USA%'::text)",
                              "Rows Removed by Filter": 6
                            }
                          ]
                        },
                        {
                          "Node Type": "Hash",
                          "Parent Relationship": "Inner",
                          "Parallel Aware": false,
                          "Startup Cost": 2.41,
                          "Total Cost": 2.41,
                          "Plan Rows": 2,
                          "Plan Width": 4,
                          "Actual Startup Time": 0.135,
                          "Actual Total Time": 0.136,
                          "Actual Rows": 3,
                          "Actual Loops": 3,
                          "Hash Buckets": 1024,
                          "Original Hash Buckets": 1024,
                          "Hash Batches": 1,
                          "Original Hash Batches": 1,
                          "Peak Memory Usage": 9,
                          "Plans": [
                            {
                              "Node Type": "Seq Scan",
                              "Parent Relationship": "Outer",
                              "Parallel Aware": false,
                              "Relation Name": "info_type",
                              "Alias": "it2",
                              "Startup Cost": 0.0,
                              "Total Cost": 2.41,
                              "Plan Rows": 2,
                              "Plan Width": 4,
                              "Actual Startup Time": 0.066,
                              "Actual Total Time": 0.12,
                              "Actual Rows": 3,
                              "Actual Loops": 3,
                              "Filter": "((info)::text ~~* '%birth%'::text)",
                              "Rows Removed by Filter": 110
                            }
                          ]
                        }
                      ]
                    },
                    {
                      "Node Type": "Index Scan",
                      "Parent Relationship": "Inner",
                      "Parallel Aware": false,
                      "Scan Direction": "Forward",
                      "Index Name": "name_pkey",
                      "Relation Name": "name",
                      "Alias": "n",
                      "Startup Cost": 0.43,
                      "Total Cost": 0.46,
                      "Plan Rows": 1,
                      "Plan Width": 19,
                      "Actual Startup Time": 0.006,
                      "Actual Total Time": 0.006,
                      "Actual Rows": 1,
                      "Actual Loops": 85634,
                      "Index Cond": "(id = ci.person_id)",
                      "Rows Removed by Index Recheck": 0
                    }
                  ]
                }
              ]
            }
          ]
        }
      ]
    },
    "Planning Time": 11.714,
    "Triggers": [],
    "Execution Time": 2921.922
  }
]