[
  {
    "Plan": {
      "Node Type": "Aggregate",
      "Strategy": "Plain",
      "Partial Mode": "Finalize",
      "Parallel Aware": false,
      "Startup Cost": 46104.89,
      "Total Cost": 46104.9,
      "Plan Rows": 1,
      "Plan Width": 8,
      "Actual Startup Time": 163.46,
      "Actual Total Time": 172.461,
      "Actual Rows": 1,
      "Actual Loops": 1,
      "Plans": [
        {
          "Node Type": "Gather",
          "Parent Relationship": "Outer",
          "Parallel Aware": false,
          "Startup Cost": 46104.57,
          "Total Cost": 46104.88,
          "Plan Rows": 3,
          "Plan Width": 8,
          "Actual Startup Time": 163.344,
          "Actual Total Time": 172.451,
          "Actual Rows": 4,
          "Actual Loops": 1,
          "Workers Planned": 3,
          "Workers Launched": 3,
          "Single Copy": false,
          "Plans": [
            {
              "Node Type": "Aggregate",
              "Strategy": "Plain",
              "Partial Mode": "Partial",
              "Parent Relationship": "Outer",
              "Parallel Aware": false,
              "Startup Cost": 45104.57,
              "Total Cost": 45104.58,
              "Plan Rows": 1,
              "Plan Width": 8,
              "Actual Startup Time": 156.34,
              "Actual Total Time": 156.341,
              "Actual Rows": 1,
              "Actual Loops": 4,
              "Plans": [
                {
                  "Node Type": "Seq Scan",
                  "Parent Relationship": "Outer",
                  "Parallel Aware": true,
                  "Relation Name": "movie_keyword",
                  "Alias": "mk",
                  "Startup Cost": 0.0,
                  "Total Cost": 42695.65,
                  "Plan Rows": 963567,
                  "Plan Width": 0,
                  "Actual Startup Time": 0.05,
                  "Actual Total Time": 122.345,
                  "Actual Rows": 745952,
                  "Actual Loops": 4,
                  "Filter": "(keyword_id < 10293)",
                  "Rows Removed by Filter": 385031
                }
              ]
            }
          ]
        }
      ]
    },
    "Planning Time": 0.224,
    "Triggers": [],
    "Execution Time": 172.517
  }
]