{
  "Plan": {
    "Node Type": "Aggregate",
    "Strategy": "Plain",
    "Partial Mode": "Finalize",
    "Parallel Aware": false,
    "Startup Cost": 113660.18,
    "Total Cost": 113660.19,
    "Plan Rows": 1,
    "Plan Width": 8,
    "Actual Startup Time": 302.57,
    "Actual Total Time": 317.222,
    "Actual Rows": 1,
    "Actual Loops": 1,
    "Plans": [
      {
        "Node Type": "Gather",
        "Parent Relationship": "Outer",
        "Parallel Aware": false,
        "Startup Cost": 113660.06,
        "Total Cost": 113660.17,
        "Plan Rows": 1,
        "Plan Width": 8,
        "Actual Startup Time": 302.381,
        "Actual Total Time": 317.216,
        "Actual Rows": 2,
        "Actual Loops": 1,
        "Workers Planned": 1,
        "Workers Launched": 1,
        "Single Copy": false,
        "Plans": [
          {
            "Node Type": "Aggregate",
            "Strategy": "Plain",
            "Partial Mode": "Partial",
            "Parent Relationship": "Outer",
            "Parallel Aware": false,
            "Startup Cost": 112660.06,
            "Total Cost": 112660.07,
            "Plan Rows": 1,
            "Plan Width": 8,
            "Actual Startup Time": 296.799,
            "Actual Total Time": 296.802,
            "Actual Rows": 1,
            "Actual Loops": 2,
            "Plans": [
              {
                "Node Type": "Nested Loop",
                "Parent Relationship": "Outer",
                "Parallel Aware": false,
                "Join Type": "Inner",
                "Startup Cost": 58480.18,
                "Total Cost": 112643.99,
                "Plan Rows": 6430,
                "Plan Width": 0,
                "Actual Startup Time": 178.774,
                "Actual Total Time": 296.657,
                "Actual Rows": 2003,
                "Actual Loops": 2,
                "Inner Unique": false,
                "Join Filter": "(t.id = mi.movie_id)",
                "Rows Removed by Join Filter": 0,
                "Plans": [
                  {
                    "Node Type": "Hash Join",
                    "Parent Relationship": "Outer",
                    "Parallel Aware": true,
                    "Join Type": "Inner",
                    "Startup Cost": 58479.74,
                    "Total Cost": 101566.07,
                    "Plan Rows": 4526,
                    "Plan Width": 8,
                    "Actual Startup Time": 178.676,
                    "Actual Total Time": 283.138,
                    "Actual Rows": 2056,
                    "Actual Loops": 2,
                    "Inner Unique": true,
                    "Hash Cond": "(mc.movie_id = t.id)",
                    "Plans": [
                      {
                        "Node Type": "Seq Scan",
                        "Parent Relationship": "Outer",
                        "Parallel Aware": true,
                        "Relation Name": "movie_companies",
                        "Alias": "mc",
                        "Startup Cost": 0.0,
                        "Total Cost": 41811.73,
                        "Plan Rows": 485561,
                        "Plan Width": 4,
                        "Actual Startup Time": 48.183,
                        "Actual Total Time": 110.378,
                        "Actual Rows": 521198,
                        "Actual Loops": 2,
                        "Filter": "((company_id > 4423) AND (company_type_id > 1))",
                        "Rows Removed by Filter": 783367
                      },
                      {
                        "Node Type": "Hash",
                        "Parent Relationship": "Inner",
                        "Parallel Aware": true,
                        "Startup Cost": 58306.47,
                        "Total Cost": 58306.47,
                        "Plan Rows": 13862,
                        "Plan Width": 4,
                        "Actual Startup Time": 129.37,
                        "Actual Total Time": 129.371,
                        "Actual Rows": 12993,
                        "Actual Loops": 2,
                        "Hash Buckets": 32768,
                        "Original Hash Buckets": 32768,
                        "Hash Batches": 1,
                        "Original Hash Batches": 1,
                        "Peak Memory Usage": 1312,
                        "Plans": [
                          {
                            "Node Type": "Seq Scan",
                            "Parent Relationship": "Outer",
                            "Parallel Aware": true,
                            "Relation Name": "title",
                            "Alias": "t",
                            "Startup Cost": 0.0,
                            "Total Cost": 58306.47,
                            "Plan Rows": 13862,
                            "Plan Width": 4,
                            "Actual Startup Time": 0.035,
                            "Actual Total Time": 125.512,
                            "Actual Rows": 12993,
                            "Actual Loops": 2,
                            "Filter": "((kind_id = 7) AND (production_year = 1997))",
                            "Rows Removed by Filter": 1251163
                          }
                        ]
                      }
                    ]
                  },
                  {
                    "Node Type": "Index Scan",
                    "Parent Relationship": "Inner",
                    "Parallel Aware": false,
                    "Scan Direction": "Forward",
                    "Index Name": "movie_id_movie_info",
                    "Relation Name": "movie_info",
                    "Alias": "mi",
                    "Startup Cost": 0.43,
                    "Total Cost": 2.32,
                    "Plan Rows": 10,
                    "Plan Width": 4,
                    "Actual Startup Time": 0.004,
                    "Actual Total Time": 0.006,
                    "Actual Rows": 1,
                    "Actual Loops": 4113,
                    "Index Cond": "(movie_id = mc.movie_id)",
                    "Rows Removed by Index Recheck": 0,
                    "Filter": "(info_type_id < 4)",
                    "Rows Removed by Filter": 6
                  }
                ]
              }
            ]
          }
        ]
      }
    ]
  },
  "Planning Time": 0.492,
  "Triggers": [],
  "Execution Time": 317.273
}