{
  "Plan": {
    "Node Type": "Aggregate",
    "Strategy": "Plain",
    "Partial Mode": "Finalize",
    "Parallel Aware": false,
    "Startup Cost": 124410.33,
    "Total Cost": 124410.34,
    "Plan Rows": 1,
    "Plan Width": 8,
    "Actual Startup Time": 526.347,
    "Actual Total Time": 540.455,
    "Actual Rows": 1,
    "Actual Loops": 1,
    "Plans": [
      {
        "Node Type": "Gather",
        "Parent Relationship": "Outer",
        "Parallel Aware": false,
        "Startup Cost": 124410.21,
        "Total Cost": 124410.32,
        "Plan Rows": 1,
        "Plan Width": 8,
        "Actual Startup Time": 525.899,
        "Actual Total Time": 540.445,
        "Actual Rows": 2,
        "Actual Loops": 1,
        "Workers Planned": 1,
        "Workers Launched": 1,
        "Single Copy": false,
        "Plans": [
          {
            "Node Type": "Aggregate",
            "Strategy": "Plain",
            "Partial Mode": "Partial",
            "Parent Relationship": "Outer",
            "Parallel Aware": false,
            "Startup Cost": 123410.21,
            "Total Cost": 123410.22,
            "Plan Rows": 1,
            "Plan Width": 8,
            "Actual Startup Time": 520.182,
            "Actual Total Time": 520.186,
            "Actual Rows": 1,
            "Actual Loops": 2,
            "Plans": [
              {
                "Node Type": "Hash Join",
                "Parent Relationship": "Outer",
                "Parallel Aware": true,
                "Join Type": "Inner",
                "Startup Cost": 59180.93,
                "Total Cost": 123131.03,
                "Plan Rows": 111672,
                "Plan Width": 0,
                "Actual Startup Time": 172.649,
                "Actual Total Time": 518.839,
                "Actual Rows": 31399,
                "Actual Loops": 2,
                "Inner Unique": true,
                "Hash Cond": "(mk.movie_id = t.id)",
                "Plans": [
                  {
                    "Node Type": "Seq Scan",
                    "Parent Relationship": "Outer",
                    "Parallel Aware": true,
                    "Relation Name": "movie_keyword",
                    "Alias": "mk",
                    "Startup Cost": 0.0,
                    "Total Cost": 57718.19,
                    "Plan Rows": 2374058,
                    "Plan Width": 4,
                    "Actual Startup Time": 0.027,
                    "Actual Total Time": 202.475,
                    "Actual Rows": 2010972,
                    "Actual Loops": 2,
                    "Filter": "(keyword_id > 359)",
                    "Rows Removed by Filter": 250992
                  },
                  {
                    "Node Type": "Hash",
                    "Parent Relationship": "Inner",
                    "Parallel Aware": true,
                    "Startup Cost": 58306.47,
                    "Total Cost": 58306.47,
                    "Plan Rows": 69957,
                    "Plan Width": 4,
                    "Actual Startup Time": 170.004,
                    "Actual Total Time": 170.005,
                    "Actual Rows": 61303,
                    "Actual Loops": 2,
                    "Hash Buckets": 131072,
                    "Original Hash Buckets": 131072,
                    "Hash Batches": 1,
                    "Original Hash Batches": 1,
                    "Peak Memory Usage": 5856,
                    "Plans": [
                      {
                        "Node Type": "Seq Scan",
                        "Parent Relationship": "Outer",
                        "Parallel Aware": true,
                        "Relation Name": "title",
                        "Alias": "t",
                        "Startup Cost": 0.0,
                        "Total Cost": 58306.47,
                        "Plan Rows": 69957,
                        "Plan Width": 4,
                        "Actual Startup Time": 0.038,
                        "Actual Total Time": 149.68,
                        "Actual Rows": 61303,
                        "Actual Loops": 2,
                        "Filter": "((kind_id > 1) AND (production_year = 2011))",
                        "Rows Removed by Filter": 1202853
                      }
                    ]
                  }
                ]
              }
            ]
          }
        ]
      }
    ]
  },
  "Planning Time": 0.466,
  "Triggers": [],
  "Execution Time": 540.531
}