[
    {
        "Bao": {
            "Bao prediction": 547.457,
            "Bao recommended hint": "(no hint)"
        }
    },
    {
        "Plan": {
            "Node Type": "Aggregate",
            "Strategy": "Plain",
            "Partial Mode": "Finalize",
            "Parallel Aware": false,
            "Startup Cost": 303897.04,
            "Total Cost": 303897.05,
            "Plan Rows": 1,
            "Plan Width": 8,
            "Actual Startup Time": 1021.704,
            "Actual Total Time": 1044.3,
            "Actual Rows": 1,
            "Actual Loops": 1,
            "Output": [
                "count(*)"
            ],
            "Plans": [
                {
                    "Node Type": "Gather",
                    "Parent Relationship": "Outer",
                    "Parallel Aware": false,
                    "Startup Cost": 303896.41,
                    "Total Cost": 303897.02,
                    "Plan Rows": 6,
                    "Plan Width": 8,
                    "Actual Startup Time": 998.458,
                    "Actual Total Time": 1044.291,
                    "Actual Rows": 7,
                    "Actual Loops": 1,
                    "Output": [
                        "(PARTIAL count(*))"
                    ],
                    "Workers Planned": 6,
                    "Workers Launched": 6,
                    "Single Copy": false,
                    "Plans": [
                        {
                            "Node Type": "Aggregate",
                            "Strategy": "Plain",
                            "Partial Mode": "Partial",
                            "Parent Relationship": "Outer",
                            "Parallel Aware": false,
                            "Startup Cost": 302896.41,
                            "Total Cost": 302896.42,
                            "Plan Rows": 1,
                            "Plan Width": 8,
                            "Actual Startup Time": 975.661,
                            "Actual Total Time": 975.665,
                            "Actual Rows": 1,
                            "Actual Loops": 7,
                            "Output": [
                                "PARTIAL count(*)"
                            ],
                            "Workers": [
                                {
                                    "Worker Number": 0,
                                    "Actual Startup Time": 971.649,
                                    "Actual Total Time": 971.652,
                                    "Actual Rows": 1,
                                    "Actual Loops": 1
                                },
                                {
                                    "Worker Number": 1,
                                    "Actual Startup Time": 971.666,
                                    "Actual Total Time": 971.669,
                                    "Actual Rows": 1,
                                    "Actual Loops": 1
                                },
                                {
                                    "Worker Number": 2,
                                    "Actual Startup Time": 973.555,
                                    "Actual Total Time": 973.558,
                                    "Actual Rows": 1,
                                    "Actual Loops": 1
                                },
                                {
                                    "Worker Number": 3,
                                    "Actual Startup Time": 971.763,
                                    "Actual Total Time": 971.766,
                                    "Actual Rows": 1,
                                    "Actual Loops": 1
                                },
                                {
                                    "Worker Number": 4,
                                    "Actual Startup Time": 971.718,
                                    "Actual Total Time": 971.722,
                                    "Actual Rows": 1,
                                    "Actual Loops": 1
                                },
                                {
                                    "Worker Number": 5,
                                    "Actual Startup Time": 971.81,
                                    "Actual Total Time": 971.814,
                                    "Actual Rows": 1,
                                    "Actual Loops": 1
                                }
                            ],
                            "Plans": [
                                {
                                    "Node Type": "Hash Join",
                                    "Parent Relationship": "Outer",
                                    "Parallel Aware": true,
                                    "Join Type": "Inner",
                                    "Startup Cost": 50220.37,
                                    "Total Cost": 302344.1,
                                    "Plan Rows": 220927,
                                    "Plan Width": 0,
                                    "Actual Startup Time": 268.694,
                                    "Actual Total Time": 930.561,
                                    "Actual Rows": 678891,
                                    "Actual Loops": 7,
                                    "Inner Unique": true,
                                    "Hash Cond": "(ci.movie_id = t.id)",
                                    "Workers": [
                                        {
                                            "Worker Number": 0,
                                            "Actual Startup Time": 265.046,
                                            "Actual Total Time": 925.034,
                                            "Actual Rows": 642642,
                                            "Actual Loops": 1
                                        },
                                        {
                                            "Worker Number": 1,
                                            "Actual Startup Time": 264.884,
                                            "Actual Total Time": 925.515,
                                            "Actual Rows": 629279,
                                            "Actual Loops": 1
                                        },
                                        {
                                            "Worker Number": 2,
                                            "Actual Startup Time": 265.111,
                                            "Actual Total Time": 927.198,
                                            "Actual Rows": 641751,
                                            "Actual Loops": 1
                                        },
                                        {
                                            "Worker Number": 3,
                                            "Actual Startup Time": 265.0,
                                            "Actual Total Time": 925.655,
                                            "Actual Rows": 636146,
                                            "Actual Loops": 1
                                        },
                                        {
                                            "Worker Number": 4,
                                            "Actual Startup Time": 264.96,
                                            "Actual Total Time": 925.057,
                                            "Actual Rows": 645236,
                                            "Actual Loops": 1
                                        },
                                        {
                                            "Worker Number": 5,
                                            "Actual Startup Time": 265.132,
                                            "Actual Total Time": 926.0,
                                            "Actual Rows": 632144,
                                            "Actual Loops": 1
                                        }
                                    ],
                                    "Plans": [
                                        {
                                            "Node Type": "Index Scan",
                                            "Parent Relationship": "Outer",
                                            "Parallel Aware": true,
                                            "Scan Direction": "Forward",
                                            "Index Name": "role_id_cast_info",
                                            "Relation Name": "cast_info",
                                            "Schema": "public",
                                            "Alias": "ci",
                                            "Startup Cost": 0.56,
                                            "Total Cost": 251544.36,
                                            "Plan Rows": 220927,
                                            "Plan Width": 4,
                                            "Actual Startup Time": 0.205,
                                            "Actual Total Time": 327.702,
                                            "Actual Rows": 678891,
                                            "Actual Loops": 7,
                                            "Output": [
                                                "ci.id",
                                                "ci.person_id",
                                                "ci.movie_id",
                                                "ci.person_role_id",
                                                "ci.note",
                                                "ci.nr_order",
                                                "ci.role_id"
                                            ],
                                            "Index Cond": "(ci.role_id > 4)",
                                            "Rows Removed by Index Recheck": 0,
                                            "Filter": "(ci.person_id > 3157314)",
                                            "Rows Removed by Filter": 661781,
                                            "Workers": [
                                                {
                                                    "Worker Number": 0,
                                                    "Actual Startup Time": 0.379,
                                                    "Actual Total Time": 333.826,
                                                    "Actual Rows": 642642,
                                                    "Actual Loops": 1
                                                },
                                                {
                                                    "Worker Number": 1,
                                                    "Actual Startup Time": 0.211,
                                                    "Actual Total Time": 330.282,
                                                    "Actual Rows": 629279,
                                                    "Actual Loops": 1
                                                },
                                                {
                                                    "Worker Number": 2,
                                                    "Actual Startup Time": 0.258,
                                                    "Actual Total Time": 332.787,
                                                    "Actual Rows": 641751,
                                                    "Actual Loops": 1
                                                },
                                                {
                                                    "Worker Number": 3,
                                                    "Actual Startup Time": 0.077,
                                                    "Actual Total Time": 331.133,
                                                    "Actual Rows": 636146,
                                                    "Actual Loops": 1
                                                },
                                                {
                                                    "Worker Number": 4,
                                                    "Actual Startup Time": 0.072,
                                                    "Actual Total Time": 336.291,
                                                    "Actual Rows": 645236,
                                                    "Actual Loops": 1
                                                },
                                                {
                                                    "Worker Number": 5,
                                                    "Actual Startup Time": 0.178,
                                                    "Actual Total Time": 331.688,
                                                    "Actual Rows": 632144,
                                                    "Actual Loops": 1
                                                }
                                            ]
                                        },
                                        {
                                            "Node Type": "Hash",
                                            "Parent Relationship": "Inner",
                                            "Parallel Aware": true,
                                            "Startup Cost": 42318.81,
                                            "Total Cost": 42318.81,
                                            "Plan Rows": 632080,
                                            "Plan Width": 4,
                                            "Actual Startup Time": 261.442,
                                            "Actual Total Time": 261.443,
                                            "Actual Rows": 361187,
                                            "Actual Loops": 7,
                                            "Output": [
                                                "t.id"
                                            ],
                                            "Hash Buckets": 4194304,
                                            "Original Hash Buckets": 4194304,
                                            "Hash Batches": 1,
                                            "Original Hash Batches": 1,
                                            "Peak Memory Usage": 131776,
                                            "Workers": [
                                                {
                                                    "Worker Number": 0,
                                                    "Actual Startup Time": 264.15,
                                                    "Actual Total Time": 264.151,
                                                    "Actual Rows": 323438,
                                                    "Actual Loops": 1
                                                },
                                                {
                                                    "Worker Number": 1,
                                                    "Actual Startup Time": 264.257,
                                                    "Actual Total Time": 264.258,
                                                    "Actual Rows": 324271,
                                                    "Actual Loops": 1
                                                },
                                                {
                                                    "Worker Number": 2,
                                                    "Actual Startup Time": 264.178,
                                                    "Actual Total Time": 264.179,
                                                    "Actual Rows": 322876,
                                                    "Actual Loops": 1
                                                },
                                                {
                                                    "Worker Number": 3,
                                                    "Actual Startup Time": 264.237,
                                                    "Actual Total Time": 264.238,
                                                    "Actual Rows": 326963,
                                                    "Actual Loops": 1
                                                },
                                                {
                                                    "Worker Number": 4,
                                                    "Actual Startup Time": 264.202,
                                                    "Actual Total Time": 264.203,
                                                    "Actual Rows": 324800,
                                                    "Actual Loops": 1
                                                },
                                                {
                                                    "Worker Number": 5,
                                                    "Actual Startup Time": 264.286,
                                                    "Actual Total Time": 264.287,
                                                    "Actual Rows": 327139,
                                                    "Actual Loops": 1
                                                }
                                            ],
                                            "Plans": [
                                                {
                                                    "Node Type": "Seq Scan",
                                                    "Parent Relationship": "Outer",
                                                    "Parallel Aware": true,
                                                    "Relation Name": "title",
                                                    "Schema": "public",
                                                    "Alias": "t",
                                                    "Startup Cost": 0.0,
                                                    "Total Cost": 42318.81,
                                                    "Plan Rows": 632080,
                                                    "Plan Width": 4,
                                                    "Actual Startup Time": 0.044,
                                                    "Actual Total Time": 79.485,
                                                    "Actual Rows": 361187,
                                                    "Actual Loops": 7,
                                                    "Output": [
                                                        "t.id"
                                                    ],
                                                    "Workers": [
                                                        {
                                                            "Worker Number": 0,
                                                            "Actual Startup Time": 0.025,
                                                            "Actual Total Time": 82.198,
                                                            "Actual Rows": 323438,
                                                            "Actual Loops": 1
                                                        },
                                                        {
                                                            "Worker Number": 1,
                                                            "Actual Startup Time": 0.044,
                                                            "Actual Total Time": 82.909,
                                                            "Actual Rows": 324271,
                                                            "Actual Loops": 1
                                                        },
                                                        {
                                                            "Worker Number": 2,
                                                            "Actual Startup Time": 0.072,
                                                            "Actual Total Time": 81.619,
                                                            "Actual Rows": 322876,
                                                            "Actual Loops": 1
                                                        },
                                                        {
                                                            "Worker Number": 3,
                                                            "Actual Startup Time": 0.052,
                                                            "Actual Total Time": 83.096,
                                                            "Actual Rows": 326963,
                                                            "Actual Loops": 1
                                                        },
                                                        {
                                                            "Worker Number": 4,
                                                            "Actual Startup Time": 0.047,
                                                            "Actual Total Time": 82.004,
                                                            "Actual Rows": 324800,
                                                            "Actual Loops": 1
                                                        },
                                                        {
                                                            "Worker Number": 5,
                                                            "Actual Startup Time": 0.059,
                                                            "Actual Total Time": 82.837,
                                                            "Actual Rows": 327139,
                                                            "Actual Loops": 1
                                                        }
                                                    ]
                                                }
                                            ]
                                        }
                                    ]
                                }
                            ]
                        }
                    ]
                }
            ]
        },
        "Planning Time": 1148.452,
        "Triggers": [],
        "Execution Time": 1044.404
    }
]