[
    {
        "Bao": {
            "Bao prediction": "NaN",
            "Bao recommended hint": "(no hint)"
        }
    },
    {
        "Plan": {
            "Node Type": "Aggregate",
            "Strategy": "Plain",
            "Partial Mode": "Finalize",
            "Parallel Aware": false,
            "Startup Cost": 67404.35,
            "Total Cost": 67404.36,
            "Plan Rows": 1,
            "Plan Width": 8,
            "Actual Startup Time": 109.43,
            "Actual Total Time": 116.724,
            "Actual Rows": 1,
            "Actual Loops": 1,
            "Output": [
                "count(*)"
            ],
            "Plans": [
                {
                    "Node Type": "Gather",
                    "Parent Relationship": "Outer",
                    "Parallel Aware": false,
                    "Startup Cost": 67404.03,
                    "Total Cost": 67404.34,
                    "Plan Rows": 3,
                    "Plan Width": 8,
                    "Actual Startup Time": 109.163,
                    "Actual Total Time": 116.718,
                    "Actual Rows": 4,
                    "Actual Loops": 1,
                    "Output": [
                        "(PARTIAL count(*))"
                    ],
                    "Workers Planned": 3,
                    "Workers Launched": 3,
                    "Single Copy": false,
                    "Plans": [
                        {
                            "Node Type": "Aggregate",
                            "Strategy": "Plain",
                            "Partial Mode": "Partial",
                            "Parent Relationship": "Outer",
                            "Parallel Aware": false,
                            "Startup Cost": 66404.03,
                            "Total Cost": 66404.04,
                            "Plan Rows": 1,
                            "Plan Width": 8,
                            "Actual Startup Time": 100.295,
                            "Actual Total Time": 100.298,
                            "Actual Rows": 1,
                            "Actual Loops": 4,
                            "Output": [
                                "PARTIAL count(*)"
                            ],
                            "Workers": [
                                {
                                    "Worker Number": 0,
                                    "Actual Startup Time": 97.113,
                                    "Actual Total Time": 97.116,
                                    "Actual Rows": 1,
                                    "Actual Loops": 1
                                },
                                {
                                    "Worker Number": 1,
                                    "Actual Startup Time": 97.305,
                                    "Actual Total Time": 97.308,
                                    "Actual Rows": 1,
                                    "Actual Loops": 1
                                },
                                {
                                    "Worker Number": 2,
                                    "Actual Startup Time": 97.856,
                                    "Actual Total Time": 97.859,
                                    "Actual Rows": 1,
                                    "Actual Loops": 1
                                }
                            ],
                            "Plans": [
                                {
                                    "Node Type": "Hash Join",
                                    "Parent Relationship": "Outer",
                                    "Parallel Aware": true,
                                    "Join Type": "Inner",
                                    "Startup Cost": 47199.39,
                                    "Total Cost": 66403.93,
                                    "Plan Rows": 39,
                                    "Plan Width": 0,
                                    "Actual Startup Time": 96.787,
                                    "Actual Total Time": 100.283,
                                    "Actual Rows": 129,
                                    "Actual Loops": 4,
                                    "Inner Unique": true,
                                    "Hash Cond": "(mc.movie_id = t.id)",
                                    "Workers": [
                                        {
                                            "Worker Number": 0,
                                            "Actual Startup Time": 93.719,
                                            "Actual Total Time": 97.101,
                                            "Actual Rows": 134,
                                            "Actual Loops": 1
                                        },
                                        {
                                            "Worker Number": 1,
                                            "Actual Startup Time": 93.923,
                                            "Actual Total Time": 97.293,
                                            "Actual Rows": 121,
                                            "Actual Loops": 1
                                        },
                                        {
                                            "Worker Number": 2,
                                            "Actual Startup Time": 94.227,
                                            "Actual Total Time": 97.845,
                                            "Actual Rows": 89,
                                            "Actual Loops": 1
                                        }
                                    ],
                                    "Plans": [
                                        {
                                            "Node Type": "Bitmap Heap Scan",
                                            "Parent Relationship": "Outer",
                                            "Parallel Aware": true,
                                            "Relation Name": "movie_companies",
                                            "Schema": "public",
                                            "Alias": "mc",
                                            "Startup Cost": 1696.36,
                                            "Total Cost": 20866.94,
                                            "Plan Rows": 12935,
                                            "Plan Width": 4,
                                            "Actual Startup Time": 14.761,
                                            "Actual Total Time": 17.711,
                                            "Actual Rows": 4388,
                                            "Actual Loops": 4,
                                            "Output": [
                                                "mc.id",
                                                "mc.movie_id",
                                                "mc.company_id",
                                                "mc.company_type_id",
                                                "mc.note"
                                            ],
                                            "Recheck Cond": "(mc.company_id < 19)",
                                            "Rows Removed by Index Recheck": 0,
                                            "Filter": "(mc.company_type_id > 1)",
                                            "Rows Removed by Filter": 16630,
                                            "Exact Heap Blocks": 3731,
                                            "Lossy Heap Blocks": 0,
                                            "Workers": [
                                                {
                                                    "Worker Number": 0,
                                                    "Actual Startup Time": 14.759,
                                                    "Actual Total Time": 17.729,
                                                    "Actual Rows": 3855,
                                                    "Actual Loops": 1
                                                },
                                                {
                                                    "Worker Number": 1,
                                                    "Actual Startup Time": 14.736,
                                                    "Actual Total Time": 17.784,
                                                    "Actual Rows": 3591,
                                                    "Actual Loops": 1
                                                },
                                                {
                                                    "Worker Number": 2,
                                                    "Actual Startup Time": 14.752,
                                                    "Actual Total Time": 17.74,
                                                    "Actual Rows": 3761,
                                                    "Actual Loops": 1
                                                }
                                            ],
                                            "Plans": [
                                                {
                                                    "Node Type": "Bitmap Index Scan",
                                                    "Parent Relationship": "Outer",
                                                    "Parallel Aware": false,
                                                    "Index Name": "company_id_movie_companies",
                                                    "Startup Cost": 0.0,
                                                    "Total Cost": 1686.34,
                                                    "Plan Rows": 78654,
                                                    "Plan Width": 0,
                                                    "Actual Startup Time": 4.14,
                                                    "Actual Total Time": 4.141,
                                                    "Actual Rows": 84071,
                                                    "Actual Loops": 1,
                                                    "Index Cond": "(mc.company_id < 19)"
                                                }
                                            ]
                                        },
                                        {
                                            "Node Type": "Hash",
                                            "Parent Relationship": "Inner",
                                            "Parallel Aware": true,
                                            "Startup Cost": 45479.21,
                                            "Total Cost": 45479.21,
                                            "Plan Rows": 1906,
                                            "Plan Width": 4,
                                            "Actual Startup Time": 81.422,
                                            "Actual Total Time": 81.423,
                                            "Actual Rows": 1684,
                                            "Actual Loops": 4,
                                            "Output": [
                                                "t.id"
                                            ],
                                            "Hash Buckets": 8192,
                                            "Original Hash Buckets": 8192,
                                            "Hash Batches": 1,
                                            "Original Hash Batches": 1,
                                            "Peak Memory Usage": 384,
                                            "Workers": [
                                                {
                                                    "Worker Number": 0,
                                                    "Actual Startup Time": 78.24,
                                                    "Actual Total Time": 78.241,
                                                    "Actual Rows": 1215,
                                                    "Actual Loops": 1
                                                },
                                                {
                                                    "Worker Number": 1,
                                                    "Actual Startup Time": 78.43,
                                                    "Actual Total Time": 78.431,
                                                    "Actual Rows": 1247,
                                                    "Actual Loops": 1
                                                },
                                                {
                                                    "Worker Number": 2,
                                                    "Actual Startup Time": 78.923,
                                                    "Actual Total Time": 78.924,
                                                    "Actual Rows": 1169,
                                                    "Actual Loops": 1
                                                }
                                            ],
                                            "Plans": [
                                                {
                                                    "Node Type": "Seq Scan",
                                                    "Parent Relationship": "Outer",
                                                    "Parallel Aware": true,
                                                    "Relation Name": "title",
                                                    "Schema": "public",
                                                    "Alias": "t",
                                                    "Startup Cost": 0.0,
                                                    "Total Cost": 45479.21,
                                                    "Plan Rows": 1906,
                                                    "Plan Width": 4,
                                                    "Actual Startup Time": 0.177,
                                                    "Actual Total Time": 80.533,
                                                    "Actual Rows": 1684,
                                                    "Actual Loops": 4,
                                                    "Output": [
                                                        "t.id"
                                                    ],
                                                    "Filter": "((t.kind_id > 4) AND (t.production_year = 1961))",
                                                    "Rows Removed by Filter": 630394,
                                                    "Workers": [
                                                        {
                                                            "Worker Number": 0,
                                                            "Actual Startup Time": 0.058,
                                                            "Actual Total Time": 77.353,
                                                            "Actual Rows": 1215,
                                                            "Actual Loops": 1
                                                        },
                                                        {
                                                            "Worker Number": 1,
                                                            "Actual Startup Time": 0.336,
                                                            "Actual Total Time": 77.548,
                                                            "Actual Rows": 1247,
                                                            "Actual Loops": 1
                                                        },
                                                        {
                                                            "Worker Number": 2,
                                                            "Actual Startup Time": 0.281,
                                                            "Actual Total Time": 78.047,
                                                            "Actual Rows": 1169,
                                                            "Actual Loops": 1
                                                        }
                                                    ]
                                                }
                                            ]
                                        }
                                    ]
                                }
                            ]
                        }
                    ]
                }
            ]
        },
        "Planning Time": 191.328,
        "Triggers": [],
        "Execution Time": 116.783
    }
]