[
  {
    "Plan": {
      "Node Type": "Aggregate",
      "Strategy": "Plain",
      "Partial Mode": "Finalize",
      "Parallel Aware": false,
      "Startup Cost": 80307.69,
      "Total Cost": 80307.7,
      "Plan Rows": 1,
      "Plan Width": 8,
      "Actual Startup Time": 285.677,
      "Actual Total Time": 302.267,
      "Actual Rows": 1,
      "Actual Loops": 1,
      "Plans": [
        {
          "Node Type": "Gather",
          "Parent Relationship": "Outer",
          "Parallel Aware": false,
          "Startup Cost": 80307.27,
          "Total Cost": 80307.68,
          "Plan Rows": 4,
          "Plan Width": 8,
          "Actual Startup Time": 283.585,
          "Actual Total Time": 302.258,
          "Actual Rows": 5,
          "Actual Loops": 1,
          "Workers Planned": 4,
          "Workers Launched": 4,
          "Single Copy": false,
          "Plans": [
            {
              "Node Type": "Aggregate",
              "Strategy": "Plain",
              "Partial Mode": "Partial",
              "Parent Relationship": "Outer",
              "Parallel Aware": false,
              "Startup Cost": 79307.27,
              "Total Cost": 79307.28,
              "Plan Rows": 1,
              "Plan Width": 8,
              "Actual Startup Time": 274.114,
              "Actual Total Time": 274.117,
              "Actual Rows": 1,
              "Actual Loops": 5,
              "Plans": [
                {
                  "Node Type": "Hash Join",
                  "Parent Relationship": "Outer",
                  "Parallel Aware": true,
                  "Join Type": "Inner",
                  "Startup Cost": 33195.89,
                  "Total Cost": 79031.2,
                  "Plan Rows": 110426,
                  "Plan Width": 0,
                  "Actual Startup Time": 96.368,
                  "Actual Total Time": 271.057,
                  "Actual Rows": 50592,
                  "Actual Loops": 5,
                  "Inner Unique": false,
                  "Hash Cond": "(t.id = mc.movie_id)",
                  "Plans": [
                    {
                      "Node Type": "Seq Scan",
                      "Parent Relationship": "Outer",
                      "Parallel Aware": true,
                      "Relation Name": "title",
                      "Alias": "t",
                      "Startup Cost": 0.0,
                      "Total Cost": 42318.73,
                      "Plan Rows": 632073,
                      "Plan Width": 4,
                      "Actual Startup Time": 0.016,
                      "Actual Total Time": 71.529,
                      "Actual Rows": 505662,
                      "Actual Loops": 5
                    },
                    {
                      "Node Type": "Hash",
                      "Parent Relationship": "Inner",
                      "Parallel Aware": true,
                      "Startup Cost": 31414.82,
                      "Total Cost": 31414.82,
                      "Plan Rows": 142486,
                      "Plan Width": 4,
                      "Actual Startup Time": 93.253,
                      "Actual Total Time": 93.254,
                      "Actual Rows": 50592,
                      "Actual Loops": 5,
                      "Hash Buckets": 524288,
                      "Original Hash Buckets": 524288,
                      "Hash Batches": 1,
                      "Original Hash Batches": 1,
                      "Peak Memory Usage": 14080,
                      "Plans": [
                        {
                          "Node Type": "Seq Scan",
                          "Parent Relationship": "Outer",
                          "Parallel Aware": true,
                          "Relation Name": "movie_companies",
                          "Alias": "mc",
                          "Startup Cost": 0.0,
                          "Total Cost": 31414.82,
                          "Plan Rows": 142486,
                          "Plan Width": 4,
                          "Actual Startup Time": 46.161,
                          "Actual Total Time": 74.545,
                          "Actual Rows": 50592,
                          "Actual Loops": 5,
                          "Filter": "((company_id < 2561) AND (company_type_id > 1))",
                          "Rows Removed by Filter": 471234
                        }
                      ]
                    }
                  ]
                }
              ]
            }
          ]
        }
      ]
    },
    "Planning Time": 0.615,
    "Triggers": [],
    "Execution Time": 302.339
  }
]