[
  {
    "Plan": {
      "Node Type": "Aggregate",
      "Strategy": "Plain",
      "Partial Mode": "Finalize",
      "Parallel Aware": false,
      "Startup Cost": 74466.84,
      "Total Cost": 74466.85,
      "Plan Rows": 1,
      "Plan Width": 8,
      "Actual Startup Time": 104.356,
      "Actual Total Time": 117.106,
      "Actual Rows": 1,
      "Actual Loops": 1,
      "Plans": [
        {
          "Node Type": "Gather",
          "Parent Relationship": "Outer",
          "Parallel Aware": false,
          "Startup Cost": 74466.52,
          "Total Cost": 74466.83,
          "Plan Rows": 3,
          "Plan Width": 8,
          "Actual Startup Time": 104.075,
          "Actual Total Time": 117.097,
          "Actual Rows": 4,
          "Actual Loops": 1,
          "Workers Planned": 3,
          "Workers Launched": 3,
          "Single Copy": false,
          "Plans": [
            {
              "Node Type": "Aggregate",
              "Strategy": "Plain",
              "Partial Mode": "Partial",
              "Parent Relationship": "Outer",
              "Parallel Aware": false,
              "Startup Cost": 73466.52,
              "Total Cost": 73466.53,
              "Plan Rows": 1,
              "Plan Width": 8,
              "Actual Startup Time": 94.869,
              "Actual Total Time": 94.871,
              "Actual Rows": 1,
              "Actual Loops": 4,
              "Plans": [
                {
                  "Node Type": "Nested Loop",
                  "Parent Relationship": "Outer",
                  "Parallel Aware": false,
                  "Join Type": "Inner",
                  "Startup Cost": 737.66,
                  "Total Cost": 73445.89,
                  "Plan Rows": 8253,
                  "Plan Width": 0,
                  "Actual Startup Time": 15.705,
                  "Actual Total Time": 94.707,
                  "Actual Rows": 1002,
                  "Actual Loops": 4,
                  "Inner Unique": true,
                  "Plans": [
                    {
                      "Node Type": "Bitmap Heap Scan",
                      "Parent Relationship": "Outer",
                      "Parallel Aware": true,
                      "Relation Name": "movie_keyword",
                      "Alias": "mk",
                      "Startup Cost": 737.23,
                      "Total Cost": 26590.89,
                      "Plan Rows": 11188,
                      "Plan Width": 4,
                      "Actual Startup Time": 15.529,
                      "Actual Total Time": 38.25,
                      "Actual Rows": 8678,
                      "Actual Loops": 4,
                      "Recheck Cond": "(keyword_id = 2488)",
                      "Rows Removed by Index Recheck": 0,
                      "Exact Heap Blocks": 6904,
                      "Lossy Heap Blocks": 0,
                      "Plans": [
                        {
                          "Node Type": "Bitmap Index Scan",
                          "Parent Relationship": "Outer",
                          "Parallel Aware": false,
                          "Index Name": "keyword_id_movie_keyword",
                          "Startup Cost": 0.0,
                          "Total Cost": 728.55,
                          "Plan Rows": 34683,
                          "Plan Width": 0,
                          "Actual Startup Time": 18.605,
                          "Actual Total Time": 18.606,
                          "Actual Rows": 34710,
                          "Actual Loops": 1,
                          "Index Cond": "(keyword_id = 2488)"
                        }
                      ]
                    },
                    {
                      "Node Type": "Index Scan",
                      "Parent Relationship": "Inner",
                      "Parallel Aware": false,
                      "Scan Direction": "Forward",
                      "Index Name": "title_pkey",
                      "Relation Name": "title",
                      "Alias": "t",
                      "Startup Cost": 0.43,
                      "Total Cost": 4.19,
                      "Plan Rows": 1,
                      "Plan Width": 4,
                      "Actual Startup Time": 0.006,
                      "Actual Total Time": 0.006,
                      "Actual Rows": 0,
                      "Actual Loops": 34710,
                      "Index Cond": "(id = mk.movie_id)",
                      "Rows Removed by Index Recheck": 0,
                      "Filter": "(kind_id > 1)",
                      "Rows Removed by Filter": 1
                    }
                  ]
                }
              ]
            }
          ]
        }
      ]
    },
    "Planning Time": 0.612,
    "Triggers": [],
    "Execution Time": 117.193
  }
]