[
  {
    "Plan": {
      "Node Type": "Aggregate",
      "Strategy": "Plain",
      "Partial Mode": "Finalize",
      "Parallel Aware": false,
      "Startup Cost": 21108.12,
      "Total Cost": 21108.13,
      "Plan Rows": 1,
      "Plan Width": 8,
      "Actual Startup Time": 25.148,
      "Actual Total Time": 28.225,
      "Actual Rows": 1,
      "Actual Loops": 1,
      "Plans": [
        {
          "Node Type": "Gather",
          "Parent Relationship": "Outer",
          "Parallel Aware": false,
          "Startup Cost": 21107.9,
          "Total Cost": 21108.11,
          "Plan Rows": 2,
          "Plan Width": 8,
          "Actual Startup Time": 24.812,
          "Actual Total Time": 28.214,
          "Actual Rows": 3,
          "Actual Loops": 1,
          "Workers Planned": 2,
          "Workers Launched": 2,
          "Single Copy": false,
          "Plans": [
            {
              "Node Type": "Aggregate",
              "Strategy": "Plain",
              "Partial Mode": "Partial",
              "Parent Relationship": "Outer",
              "Parallel Aware": false,
              "Startup Cost": 20107.9,
              "Total Cost": 20107.91,
              "Plan Rows": 1,
              "Plan Width": 8,
              "Actual Startup Time": 17.58,
              "Actual Total Time": 17.583,
              "Actual Rows": 1,
              "Actual Loops": 3,
              "Plans": [
                {
                  "Node Type": "Nested Loop",
                  "Parent Relationship": "Outer",
                  "Parallel Aware": false,
                  "Join Type": "Inner",
                  "Startup Cost": 80.25,
                  "Total Cost": 20107.77,
                  "Plan Rows": 51,
                  "Plan Width": 0,
                  "Actual Startup Time": 10.823,
                  "Actual Total Time": 17.566,
                  "Actual Rows": 64,
                  "Actual Loops": 3,
                  "Inner Unique": false,
                  "Plans": [
                    {
                      "Node Type": "Nested Loop",
                      "Parent Relationship": "Outer",
                      "Parallel Aware": false,
                      "Join Type": "Inner",
                      "Startup Cost": 79.82,
                      "Total Cost": 19954.4,
                      "Plan Rows": 29,
                      "Plan Width": 8,
                      "Actual Startup Time": 5.744,
                      "Actual Total Time": 17.198,
                      "Actual Rows": 16,
                      "Actual Loops": 3,
                      "Inner Unique": true,
                      "Plans": [
                        {
                          "Node Type": "Bitmap Heap Scan",
                          "Parent Relationship": "Outer",
                          "Parallel Aware": true,
                          "Relation Name": "movie_companies",
                          "Alias": "mc",
                          "Startup Cost": 79.39,
                          "Total Cost": 8903.62,
                          "Plan Rows": 1450,
                          "Plan Width": 4,
                          "Actual Startup Time": 1.279,
                          "Actual Total Time": 3.548,
                          "Actual Rows": 1227,
                          "Actual Loops": 3,
                          "Recheck Cond": "(company_id = 67)",
                          "Rows Removed by Index Recheck": 0,
                          "Exact Heap Blocks": 633,
                          "Lossy Heap Blocks": 0,
                          "Plans": [
                            {
                              "Node Type": "Bitmap Index Scan",
                              "Parent Relationship": "Outer",
                              "Parallel Aware": false,
                              "Index Name": "company_id_movie_companies",
                              "Startup Cost": 0.0,
                              "Total Cost": 78.52,
                              "Plan Rows": 3479,
                              "Plan Width": 0,
                              "Actual Startup Time": 3.212,
                              "Actual Total Time": 3.212,
                              "Actual Rows": 3681,
                              "Actual Loops": 1,
                              "Index Cond": "(company_id = 67)"
                            }
                          ]
                        },
                        {
                          "Node Type": "Index Scan",
                          "Parent Relationship": "Inner",
                          "Parallel Aware": false,
                          "Scan Direction": "Forward",
                          "Index Name": "title_pkey",
                          "Relation Name": "title",
                          "Alias": "t",
                          "Startup Cost": 0.43,
                          "Total Cost": 7.62,
                          "Plan Rows": 1,
                          "Plan Width": 4,
                          "Actual Startup Time": 0.01,
                          "Actual Total Time": 0.01,
                          "Actual Rows": 0,
                          "Actual Loops": 3681,
                          "Index Cond": "(id = mc.movie_id)",
                          "Rows Removed by Index Recheck": 0,
                          "Filter": "((kind_id < 7) AND (production_year = 2009))",
                          "Rows Removed by Filter": 1
                        }
                      ]
                    },
                    {
                      "Node Type": "Index Only Scan",
                      "Parent Relationship": "Inner",
                      "Parallel Aware": false,
                      "Scan Direction": "Forward",
                      "Index Name": "movie_id_movie_keyword",
                      "Relation Name": "movie_keyword",
                      "Alias": "mk",
                      "Startup Cost": 0.43,
                      "Total Cost": 4.84,
                      "Plan Rows": 45,
                      "Plan Width": 4,
                      "Actual Startup Time": 0.019,
                      "Actual Total Time": 0.021,
                      "Actual Rows": 4,
                      "Actual Loops": 49,
                      "Index Cond": "(movie_id = t.id)",
                      "Rows Removed by Index Recheck": 0,
                      "Heap Fetches": 192
                    }
                  ]
                }
              ]
            }
          ]
        }
      ]
    },
    "Planning Time": 1.506,
    "Triggers": [],
    "Execution Time": 28.326
  }
]