[
  {
    "Plan": {
      "Node Type": "Aggregate",
      "Strategy": "Plain",
      "Partial Mode": "Finalize",
      "Parallel Aware": false,
      "Startup Cost": 336538.41,
      "Total Cost": 336538.42,
      "Plan Rows": 1,
      "Plan Width": 8,
      "Actual Startup Time": 862.246,
      "Actual Total Time": 919.01,
      "Actual Rows": 1,
      "Actual Loops": 1,
      "Plans": [
        {
          "Node Type": "Gather",
          "Parent Relationship": "Outer",
          "Parallel Aware": false,
          "Startup Cost": 336537.78,
          "Total Cost": 336538.39,
          "Plan Rows": 6,
          "Plan Width": 8,
          "Actual Startup Time": 862.044,
          "Actual Total Time": 918.999,
          "Actual Rows": 7,
          "Actual Loops": 1,
          "Workers Planned": 6,
          "Workers Launched": 6,
          "Single Copy": false,
          "Plans": [
            {
              "Node Type": "Aggregate",
              "Strategy": "Plain",
              "Partial Mode": "Partial",
              "Parent Relationship": "Outer",
              "Parallel Aware": false,
              "Startup Cost": 335537.78,
              "Total Cost": 335537.79,
              "Plan Rows": 1,
              "Plan Width": 8,
              "Actual Startup Time": 853.563,
              "Actual Total Time": 853.564,
              "Actual Rows": 1,
              "Actual Loops": 7,
              "Plans": [
                {
                  "Node Type": "Seq Scan",
                  "Parent Relationship": "Outer",
                  "Parallel Aware": true,
                  "Relation Name": "cast_info",
                  "Alias": "ci",
                  "Startup Cost": 0.0,
                  "Total Cost": 328211.39,
                  "Plan Rows": 2930556,
                  "Plan Width": 0,
                  "Actual Startup Time": 0.043,
                  "Actual Total Time": 700.92,
                  "Actual Rows": 2530520,
                  "Actual Loops": 7,
                  "Filter": "(person_id < 1754345)",
                  "Rows Removed by Filter": 2647243
                }
              ]
            }
          ]
        }
      ]
    },
    "Planning Time": 0.106,
    "Triggers": [],
    "Execution Time": 919.062
  }
]