[
  {
    "Plan": {
      "Node Type": "Aggregate",
      "Strategy": "Plain",
      "Partial Mode": "Finalize",
      "Parallel Aware": false,
      "Startup Cost": 46560.08,
      "Total Cost": 46560.09,
      "Plan Rows": 1,
      "Plan Width": 8,
      "Actual Startup Time": 88.864,
      "Actual Total Time": 97.645,
      "Actual Rows": 1,
      "Actual Loops": 1,
      "Plans": [
        {
          "Node Type": "Gather",
          "Parent Relationship": "Outer",
          "Parallel Aware": false,
          "Startup Cost": 46559.66,
          "Total Cost": 46560.07,
          "Plan Rows": 4,
          "Plan Width": 8,
          "Actual Startup Time": 88.555,
          "Actual Total Time": 97.636,
          "Actual Rows": 5,
          "Actual Loops": 1,
          "Workers Planned": 4,
          "Workers Launched": 4,
          "Single Copy": false,
          "Plans": [
            {
              "Node Type": "Aggregate",
              "Strategy": "Plain",
              "Partial Mode": "Partial",
              "Parent Relationship": "Outer",
              "Parallel Aware": false,
              "Startup Cost": 45559.66,
              "Total Cost": 45559.67,
              "Plan Rows": 1,
              "Plan Width": 8,
              "Actual Startup Time": 80.863,
              "Actual Total Time": 80.864,
              "Actual Rows": 1,
              "Actual Loops": 5,
              "Plans": [
                {
                  "Node Type": "Seq Scan",
                  "Parent Relationship": "Outer",
                  "Parallel Aware": true,
                  "Relation Name": "title",
                  "Alias": "t",
                  "Startup Cost": 0.0,
                  "Total Cost": 45479.1,
                  "Plan Rows": 32226,
                  "Plan Width": 0,
                  "Actual Startup Time": 0.064,
                  "Actual Total Time": 80.22,
                  "Actual Rows": 6731,
                  "Actual Loops": 5,
                  "Filter": "((kind_id > 4) AND (production_year < 1958))",
                  "Rows Removed by Filter": 498932
                }
              ]
            }
          ]
        }
      ]
    },
    "Planning Time": 0.145,
    "Triggers": [],
    "Execution Time": 97.687
  }
]