[
  {
    "Plan": {
      "Node Type": "Aggregate",
      "Strategy": "Plain",
      "Partial Mode": "Finalize",
      "Parallel Aware": false,
      "Startup Cost": 251964.2,
      "Total Cost": 251964.21,
      "Plan Rows": 1,
      "Plan Width": 8,
      "Actual Startup Time": 765.558,
      "Actual Total Time": 791.007,
      "Actual Rows": 1,
      "Actual Loops": 1,
      "Plans": [
        {
          "Node Type": "Gather",
          "Parent Relationship": "Outer",
          "Parallel Aware": false,
          "Startup Cost": 251963.89,
          "Total Cost": 251964.2,
          "Plan Rows": 3,
          "Plan Width": 8,
          "Actual Startup Time": 740.948,
          "Actual Total Time": 790.997,
          "Actual Rows": 4,
          "Actual Loops": 1,
          "Workers Planned": 3,
          "Workers Launched": 3,
          "Single Copy": false,
          "Plans": [
            {
              "Node Type": "Aggregate",
              "Strategy": "Plain",
              "Partial Mode": "Partial",
              "Parent Relationship": "Outer",
              "Parallel Aware": false,
              "Startup Cost": 250963.89,
              "Total Cost": 250963.9,
              "Plan Rows": 1,
              "Plan Width": 8,
              "Actual Startup Time": 725.871,
              "Actual Total Time": 725.878,
              "Actual Rows": 1,
              "Actual Loops": 4,
              "Plans": [
                {
                  "Node Type": "Hash Join",
                  "Parent Relationship": "Outer",
                  "Parallel Aware": true,
                  "Join Type": "Inner",
                  "Startup Cost": 220352.69,
                  "Total Cost": 250862.25,
                  "Plan Rows": 40655,
                  "Plan Width": 0,
                  "Actual Startup Time": 594.729,
                  "Actual Total Time": 721.366,
                  "Actual Rows": 78178,
                  "Actual Loops": 4,
                  "Inner Unique": false,
                  "Hash Cond": "(mc.movie_id = t.id)",
                  "Plans": [
                    {
                      "Node Type": "Seq Scan",
                      "Parent Relationship": "Outer",
                      "Parallel Aware": true,
                      "Relation Name": "movie_companies",
                      "Alias": "mc",
                      "Startup Cost": 0.0,
                      "Total Cost": 29310.68,
                      "Plan Rows": 298019,
                      "Plan Width": 4,
                      "Actual Startup Time": 13.072,
                      "Actual Total Time": 82.04,
                      "Actual Rows": 228672,
                      "Actual Loops": 4,
                      "Filter": "(company_id > 20469)",
                      "Rows Removed by Filter": 423610
                    },
                    {
                      "Node Type": "Hash",
                      "Parent Relationship": "Inner",
                      "Parallel Aware": true,
                      "Startup Cost": 219490.37,
                      "Total Cost": 219490.37,
                      "Plan Rows": 68985,
                      "Plan Width": 8,
                      "Actual Startup Time": 579.811,
                      "Actual Total Time": 579.816,
                      "Actual Rows": 82214,
                      "Actual Loops": 4,
                      "Hash Buckets": 524288,
                      "Original Hash Buckets": 524288,
                      "Hash Batches": 1,
                      "Original Hash Batches": 1,
                      "Peak Memory Usage": 16992,
                      "Plans": [
                        {
                          "Node Type": "Hash Join",
                          "Parent Relationship": "Outer",
                          "Parallel Aware": true,
                          "Join Type": "Inner",
                          "Startup Cost": 56453.98,
                          "Total Cost": 219490.37,
                          "Plan Rows": 68985,
                          "Plan Width": 8,
                          "Actual Startup Time": 436.969,
                          "Actual Total Time": 544.53,
                          "Actual Rows": 82214,
                          "Actual Loops": 4,
                          "Inner Unique": true,
                          "Hash Cond": "(mi.movie_id = t.id)",
                          "Plans": [
                            {
                              "Node Type": "Bitmap Heap Scan",
                              "Parent Relationship": "Outer",
                              "Parallel Aware": true,
                              "Relation Name": "movie_info",
                              "Alias": "mi",
                              "Startup Cost": 6233.6,
                              "Total Cost": 169088.91,
                              "Plan Rows": 68985,
                              "Plan Width": 4,
                              "Actual Startup Time": 27.196,
                              "Actual Total Time": 75.533,
                              "Actual Rows": 82214,
                              "Actual Loops": 4,
                              "Recheck Cond": "(info_type_id = 98)",
                              "Rows Removed by Index Recheck": 0,
                              "Exact Heap Blocks": 8642,
                              "Lossy Heap Blocks": 0,
                              "Plans": [
                                {
                                  "Node Type": "Bitmap Index Scan",
                                  "Parent Relationship": "Outer",
                                  "Parallel Aware": false,
                                  "Index Name": "info_type_id_movie_info",
                                  "Startup Cost": 0.0,
                                  "Total Cost": 6147.37,
                                  "Plan Rows": 344924,
                                  "Plan Width": 0,
                                  "Actual Startup Time": 21.419,
                                  "Actual Total Time": 21.419,
                                  "Actual Rows": 328857,
                                  "Actual Loops": 1,
                                  "Index Cond": "(info_type_id = 98)"
                                }
                              ]
                            },
                            {
                              "Node Type": "Hash",
                              "Parent Relationship": "Inner",
                              "Parallel Aware": true,
                              "Startup Cost": 42319.06,
                              "Total Cost": 42319.06,
                              "Plan Rows": 632106,
                              "Plan Width": 4,
                              "Actual Startup Time": 402.555,
                              "Actual Total Time": 402.555,
                              "Actual Rows": 632078,
                              "Actual Loops": 4,
                              "Hash Buckets": 4194304,
                              "Original Hash Buckets": 4194304,
                              "Hash Batches": 1,
                              "Original Hash Batches": 1,
                              "Peak Memory Usage": 131744,
                              "Plans": [
                                {
                                  "Node Type": "Seq Scan",
                                  "Parent Relationship": "Outer",
                                  "Parallel Aware": true,
                                  "Relation Name": "title",
                                  "Alias": "t",
                                  "Startup Cost": 0.0,
                                  "Total Cost": 42319.06,
                                  "Plan Rows": 632106,
                                  "Plan Width": 4,
                                  "Actual Startup Time": 0.046,
                                  "Actual Total Time": 123.534,
                                  "Actual Rows": 632078,
                                  "Actual Loops": 4
                                }
                              ]
                            }
                          ]
                        }
                      ]
                    }
                  ]
                }
              ]
            }
          ]
        }
      ]
    },
    "Planning Time": 0.842,
    "Triggers": [],
    "Execution Time": 791.059
  }
]