[
  {
    "Plan": {
      "Node Type": "Aggregate",
      "Strategy": "Plain",
      "Partial Mode": "Finalize",
      "Parallel Aware": false,
      "Startup Cost": 352297.87,
      "Total Cost": 352297.88,
      "Plan Rows": 1,
      "Plan Width": 8,
      "Actual Startup Time": 894.39,
      "Actual Total Time": 938.102,
      "Actual Rows": 1,
      "Actual Loops": 1,
      "Plans": [
        {
          "Node Type": "Gather",
          "Parent Relationship": "Outer",
          "Parallel Aware": false,
          "Startup Cost": 352297.25,
          "Total Cost": 352297.86,
          "Plan Rows": 6,
          "Plan Width": 8,
          "Actual Startup Time": 894.186,
          "Actual Total Time": 938.084,
          "Actual Rows": 7,
          "Actual Loops": 1,
          "Workers Planned": 6,
          "Workers Launched": 6,
          "Single Copy": false,
          "Plans": [
            {
              "Node Type": "Aggregate",
              "Strategy": "Plain",
              "Partial Mode": "Partial",
              "Parent Relationship": "Outer",
              "Parallel Aware": false,
              "Startup Cost": 351297.25,
              "Total Cost": 351297.26,
              "Plan Rows": 1,
              "Plan Width": 8,
              "Actual Startup Time": 885.129,
              "Actual Total Time": 885.13,
              "Actual Rows": 1,
              "Actual Loops": 7,
              "Plans": [
                {
                  "Node Type": "Seq Scan",
                  "Parent Relationship": "Outer",
                  "Parallel Aware": true,
                  "Relation Name": "cast_info",
                  "Alias": "ci",
                  "Startup Cost": 0.0,
                  "Total Cost": 343316.27,
                  "Plan Rows": 3192391,
                  "Plan Width": 0,
                  "Actual Startup Time": 114.009,
                  "Actual Total Time": 747.76,
                  "Actual Rows": 2575980,
                  "Actual Loops": 7,
                  "Filter": "((person_id > 740452) AND (role_id < 4))",
                  "Rows Removed by Filter": 2601784
                }
              ]
            }
          ]
        }
      ]
    },
    "Planning Time": 0.224,
    "Triggers": [],
    "Execution Time": 938.163
  }
]