[
    {
        "Bao": {
            "Bao prediction": "NaN",
            "Bao recommended hint": "(no hint)"
        }
    },
    {
        "Plan": {
            "Node Type": "Aggregate",
            "Strategy": "Plain",
            "Partial Mode": "Finalize",
            "Parallel Aware": false,
            "Startup Cost": 293459.44,
            "Total Cost": 293459.45,
            "Plan Rows": 1,
            "Plan Width": 8,
            "Actual Startup Time": 194.798,
            "Actual Total Time": 200.043,
            "Actual Rows": 1,
            "Actual Loops": 1,
            "Output": [
                "count(*)"
            ],
            "Plans": [
                {
                    "Node Type": "Gather",
                    "Parent Relationship": "Outer",
                    "Parallel Aware": false,
                    "Startup Cost": 293458.82,
                    "Total Cost": 293459.43,
                    "Plan Rows": 6,
                    "Plan Width": 8,
                    "Actual Startup Time": 194.035,
                    "Actual Total Time": 200.033,
                    "Actual Rows": 7,
                    "Actual Loops": 1,
                    "Output": [
                        "(PARTIAL count(*))"
                    ],
                    "Workers Planned": 6,
                    "Workers Launched": 6,
                    "Single Copy": false,
                    "Plans": [
                        {
                            "Node Type": "Aggregate",
                            "Strategy": "Plain",
                            "Partial Mode": "Partial",
                            "Parent Relationship": "Outer",
                            "Parallel Aware": false,
                            "Startup Cost": 292458.82,
                            "Total Cost": 292458.83,
                            "Plan Rows": 1,
                            "Plan Width": 8,
                            "Actual Startup Time": 182.889,
                            "Actual Total Time": 182.891,
                            "Actual Rows": 1,
                            "Actual Loops": 7,
                            "Output": [
                                "PARTIAL count(*)"
                            ],
                            "Workers": [
                                {
                                    "Worker Number": 0,
                                    "Actual Startup Time": 180.373,
                                    "Actual Total Time": 180.375,
                                    "Actual Rows": 1,
                                    "Actual Loops": 1
                                },
                                {
                                    "Worker Number": 1,
                                    "Actual Startup Time": 180.327,
                                    "Actual Total Time": 180.328,
                                    "Actual Rows": 1,
                                    "Actual Loops": 1
                                },
                                {
                                    "Worker Number": 2,
                                    "Actual Startup Time": 181.539,
                                    "Actual Total Time": 181.541,
                                    "Actual Rows": 1,
                                    "Actual Loops": 1
                                },
                                {
                                    "Worker Number": 3,
                                    "Actual Startup Time": 180.345,
                                    "Actual Total Time": 180.347,
                                    "Actual Rows": 1,
                                    "Actual Loops": 1
                                },
                                {
                                    "Worker Number": 4,
                                    "Actual Startup Time": 182.052,
                                    "Actual Total Time": 182.054,
                                    "Actual Rows": 1,
                                    "Actual Loops": 1
                                },
                                {
                                    "Worker Number": 5,
                                    "Actual Startup Time": 182.124,
                                    "Actual Total Time": 182.126,
                                    "Actual Rows": 1,
                                    "Actual Loops": 1
                                }
                            ],
                            "Plans": [
                                {
                                    "Node Type": "Bitmap Heap Scan",
                                    "Parent Relationship": "Outer",
                                    "Parallel Aware": true,
                                    "Relation Name": "cast_info",
                                    "Schema": "public",
                                    "Alias": "ci",
                                    "Startup Cost": 35486.5,
                                    "Total Cost": 292221.3,
                                    "Plan Rows": 95006,
                                    "Plan Width": 0,
                                    "Actual Startup Time": 86.082,
                                    "Actual Total Time": 169.792,
                                    "Actual Rows": 167313,
                                    "Actual Loops": 7,
                                    "Recheck Cond": "(ci.person_id < 162744)",
                                    "Rows Removed by Index Recheck": 0,
                                    "Filter": "(ci.role_id < 2)",
                                    "Rows Removed by Filter": 65900,
                                    "Exact Heap Blocks": 3614,
                                    "Lossy Heap Blocks": 0,
                                    "Workers": [
                                        {
                                            "Worker Number": 0,
                                            "Actual Startup Time": 83.511,
                                            "Actual Total Time": 167.539,
                                            "Actual Rows": 201122,
                                            "Actual Loops": 1
                                        },
                                        {
                                            "Worker Number": 1,
                                            "Actual Startup Time": 83.543,
                                            "Actual Total Time": 167.898,
                                            "Actual Rows": 146790,
                                            "Actual Loops": 1
                                        },
                                        {
                                            "Worker Number": 2,
                                            "Actual Startup Time": 84.703,
                                            "Actual Total Time": 168.975,
                                            "Actual Rows": 144775,
                                            "Actual Loops": 1
                                        },
                                        {
                                            "Worker Number": 3,
                                            "Actual Startup Time": 83.692,
                                            "Actual Total Time": 167.586,
                                            "Actual Rows": 149618,
                                            "Actual Loops": 1
                                        },
                                        {
                                            "Worker Number": 4,
                                            "Actual Startup Time": 85.288,
                                            "Actual Total Time": 169.344,
                                            "Actual Rows": 145848,
                                            "Actual Loops": 1
                                        },
                                        {
                                            "Worker Number": 5,
                                            "Actual Startup Time": 85.667,
                                            "Actual Total Time": 169.374,
                                            "Actual Rows": 146127,
                                            "Actual Loops": 1
                                        }
                                    ],
                                    "Plans": [
                                        {
                                            "Node Type": "Bitmap Index Scan",
                                            "Parent Relationship": "Outer",
                                            "Parallel Aware": false,
                                            "Index Name": "person_id_cast_info",
                                            "Startup Cost": 0.0,
                                            "Total Cost": 35343.99,
                                            "Plan Rows": 1619123,
                                            "Plan Width": 0,
                                            "Actual Startup Time": 91.999,
                                            "Actual Total Time": 91.999,
                                            "Actual Rows": 1632492,
                                            "Actual Loops": 1,
                                            "Index Cond": "(ci.person_id < 162744)"
                                        }
                                    ]
                                }
                            ]
                        }
                    ]
                }
            ]
        },
        "Planning Time": 289.298,
        "Triggers": [],
        "Execution Time": 200.127
    }
]