[
  {
    "Plan": {
      "Node Type": "Aggregate",
      "Strategy": "Plain",
      "Partial Mode": "Finalize",
      "Parallel Aware": false,
      "Startup Cost": 31573.58,
      "Total Cost": 31573.59,
      "Plan Rows": 1,
      "Plan Width": 8,
      "Actual Startup Time": 100.659,
      "Actual Total Time": 108.018,
      "Actual Rows": 1,
      "Actual Loops": 1,
      "Plans": [
        {
          "Node Type": "Gather",
          "Parent Relationship": "Outer",
          "Parallel Aware": false,
          "Startup Cost": 31573.27,
          "Total Cost": 31573.58,
          "Plan Rows": 3,
          "Plan Width": 8,
          "Actual Startup Time": 100.468,
          "Actual Total Time": 108.011,
          "Actual Rows": 4,
          "Actual Loops": 1,
          "Workers Planned": 3,
          "Workers Launched": 3,
          "Single Copy": false,
          "Plans": [
            {
              "Node Type": "Aggregate",
              "Strategy": "Plain",
              "Partial Mode": "Partial",
              "Parent Relationship": "Outer",
              "Parallel Aware": false,
              "Startup Cost": 30573.27,
              "Total Cost": 30573.28,
              "Plan Rows": 1,
              "Plan Width": 8,
              "Actual Startup Time": 94.556,
              "Actual Total Time": 94.557,
              "Actual Rows": 1,
              "Actual Loops": 4,
              "Plans": [
                {
                  "Node Type": "Seq Scan",
                  "Parent Relationship": "Outer",
                  "Parallel Aware": true,
                  "Relation Name": "movie_companies",
                  "Alias": "mc",
                  "Startup Cost": 0.0,
                  "Total Cost": 29310.68,
                  "Plan Rows": 505034,
                  "Plan Width": 0,
                  "Actual Startup Time": 0.036,
                  "Actual Total Time": 74.963,
                  "Actual Rows": 388582,
                  "Actual Loops": 4,
                  "Filter": "(company_id < 14884)",
                  "Rows Removed by Filter": 263701
                }
              ]
            }
          ]
        }
      ]
    },
    "Planning Time": 0.12,
    "Triggers": [],
    "Execution Time": 108.056
  }
]