[
    {
        "Bao": {
            "Bao prediction": "NaN",
            "Bao recommended hint": "(no hint)"
        }
    },
    {
        "Plan": {
            "Node Type": "Aggregate",
            "Strategy": "Plain",
            "Partial Mode": "Finalize",
            "Parallel Aware": false,
            "Startup Cost": 43319.7,
            "Total Cost": 43319.71,
            "Plan Rows": 1,
            "Plan Width": 8,
            "Actual Startup Time": 167.523,
            "Actual Total Time": 174.149,
            "Actual Rows": 1,
            "Actual Loops": 1,
            "Output": [
                "count(*)"
            ],
            "Plans": [
                {
                    "Node Type": "Gather",
                    "Parent Relationship": "Outer",
                    "Parallel Aware": false,
                    "Startup Cost": 43319.38,
                    "Total Cost": 43319.69,
                    "Plan Rows": 3,
                    "Plan Width": 8,
                    "Actual Startup Time": 167.217,
                    "Actual Total Time": 174.14,
                    "Actual Rows": 4,
                    "Actual Loops": 1,
                    "Output": [
                        "(PARTIAL count(*))"
                    ],
                    "Workers Planned": 3,
                    "Workers Launched": 3,
                    "Single Copy": false,
                    "Plans": [
                        {
                            "Node Type": "Aggregate",
                            "Strategy": "Plain",
                            "Partial Mode": "Partial",
                            "Parent Relationship": "Outer",
                            "Parallel Aware": false,
                            "Startup Cost": 42319.38,
                            "Total Cost": 42319.39,
                            "Plan Rows": 1,
                            "Plan Width": 8,
                            "Actual Startup Time": 158.514,
                            "Actual Total Time": 158.516,
                            "Actual Rows": 1,
                            "Actual Loops": 4,
                            "Output": [
                                "PARTIAL count(*)"
                            ],
                            "Workers": [
                                {
                                    "Worker Number": 0,
                                    "Actual Startup Time": 155.316,
                                    "Actual Total Time": 155.318,
                                    "Actual Rows": 1,
                                    "Actual Loops": 1
                                },
                                {
                                    "Worker Number": 1,
                                    "Actual Startup Time": 155.748,
                                    "Actual Total Time": 155.749,
                                    "Actual Rows": 1,
                                    "Actual Loops": 1
                                },
                                {
                                    "Worker Number": 2,
                                    "Actual Startup Time": 156.096,
                                    "Actual Total Time": 156.098,
                                    "Actual Rows": 1,
                                    "Actual Loops": 1
                                }
                            ],
                            "Plans": [
                                {
                                    "Node Type": "Bitmap Heap Scan",
                                    "Parent Relationship": "Outer",
                                    "Parallel Aware": true,
                                    "Relation Name": "movie_keyword",
                                    "Schema": "public",
                                    "Alias": "mk",
                                    "Startup Cost": 14547.14,
                                    "Total Cost": 41766.34,
                                    "Plan Rows": 221216,
                                    "Plan Width": 0,
                                    "Actual Startup Time": 62.525,
                                    "Actual Total Time": 146.78,
                                    "Actual Rows": 167708,
                                    "Actual Loops": 4,
                                    "Recheck Cond": "(mk.keyword_id > 27954)",
                                    "Rows Removed by Index Recheck": 0,
                                    "Exact Heap Blocks": 8536,
                                    "Lossy Heap Blocks": 0,
                                    "Workers": [
                                        {
                                            "Worker Number": 0,
                                            "Actual Startup Time": 59.57,
                                            "Actual Total Time": 145.253,
                                            "Actual Rows": 117101,
                                            "Actual Loops": 1
                                        },
                                        {
                                            "Worker Number": 1,
                                            "Actual Startup Time": 59.826,
                                            "Actual Total Time": 145.24,
                                            "Actual Rows": 179070,
                                            "Actual Loops": 1
                                        },
                                        {
                                            "Worker Number": 2,
                                            "Actual Startup Time": 60.165,
                                            "Actual Total Time": 145.208,
                                            "Actual Rows": 129835,
                                            "Actual Loops": 1
                                        }
                                    ],
                                    "Plans": [
                                        {
                                            "Node Type": "Bitmap Index Scan",
                                            "Parent Relationship": "Outer",
                                            "Parallel Aware": false,
                                            "Index Name": "keyword_id_movie_keyword",
                                            "Startup Cost": 0.0,
                                            "Total Cost": 14375.7,
                                            "Plan Rows": 685769,
                                            "Plan Width": 0,
                                            "Actual Startup Time": 64.505,
                                            "Actual Total Time": 64.505,
                                            "Actual Rows": 670832,
                                            "Actual Loops": 1,
                                            "Index Cond": "(mk.keyword_id > 27954)"
                                        }
                                    ]
                                }
                            ]
                        }
                    ]
                }
            ]
        },
        "Planning Time": 270.553,
        "Triggers": [],
        "Execution Time": 174.224
    }
]