[
  {
    "Plan": {
      "Node Type": "Aggregate",
      "Strategy": "Plain",
      "Partial Mode": "Finalize",
      "Parallel Aware": false,
      "Startup Cost": 80262.65,
      "Total Cost": 80262.66,
      "Plan Rows": 1,
      "Plan Width": 8,
      "Actual Startup Time": 305.875,
      "Actual Total Time": 319.967,
      "Actual Rows": 1,
      "Actual Loops": 1,
      "Plans": [
        {
          "Node Type": "Gather",
          "Parent Relationship": "Outer",
          "Parallel Aware": false,
          "Startup Cost": 80262.33,
          "Total Cost": 80262.64,
          "Plan Rows": 3,
          "Plan Width": 8,
          "Actual Startup Time": 303.715,
          "Actual Total Time": 319.955,
          "Actual Rows": 4,
          "Actual Loops": 1,
          "Workers Planned": 3,
          "Workers Launched": 3,
          "Single Copy": false,
          "Plans": [
            {
              "Node Type": "Aggregate",
              "Strategy": "Plain",
              "Partial Mode": "Partial",
              "Parent Relationship": "Outer",
              "Parallel Aware": false,
              "Startup Cost": 79262.33,
              "Total Cost": 79262.34,
              "Plan Rows": 1,
              "Plan Width": 8,
              "Actual Startup Time": 294.938,
              "Actual Total Time": 294.942,
              "Actual Rows": 1,
              "Actual Loops": 4,
              "Plans": [
                {
                  "Node Type": "Hash Join",
                  "Parent Relationship": "Outer",
                  "Parallel Aware": true,
                  "Join Type": "Inner",
                  "Startup Cost": 47411.16,
                  "Total Cost": 79179.91,
                  "Plan Rows": 32971,
                  "Plan Width": 0,
                  "Actual Startup Time": 178.459,
                  "Actual Total Time": 292.701,
                  "Actual Rows": 38810,
                  "Actual Loops": 4,
                  "Inner Unique": true,
                  "Hash Cond": "(mc.movie_id = t.id)",
                  "Plans": [
                    {
                      "Node Type": "Seq Scan",
                      "Parent Relationship": "Outer",
                      "Parallel Aware": true,
                      "Relation Name": "movie_companies",
                      "Alias": "mc",
                      "Startup Cost": 0.0,
                      "Total Cost": 31414.82,
                      "Plan Rows": 134829,
                      "Plan Width": 4,
                      "Actual Startup Time": 0.021,
                      "Actual Total Time": 77.564,
                      "Actual Rows": 149159,
                      "Actual Loops": 4,
                      "Filter": "((company_id < 2261) AND (company_type_id < 2))",
                      "Rows Removed by Filter": 503124
                    },
                    {
                      "Node Type": "Hash",
                      "Parent Relationship": "Inner",
                      "Parallel Aware": true,
                      "Startup Cost": 45479.1,
                      "Total Cost": 45479.1,
                      "Plan Rows": 154565,
                      "Plan Width": 4,
                      "Actual Startup Time": 173.122,
                      "Actual Total Time": 173.123,
                      "Actual Rows": 130094,
                      "Actual Loops": 4,
                      "Hash Buckets": 1048576,
                      "Original Hash Buckets": 1048576,
                      "Hash Batches": 1,
                      "Original Hash Batches": 1,
                      "Peak Memory Usage": 28640,
                      "Plans": [
                        {
                          "Node Type": "Seq Scan",
                          "Parent Relationship": "Outer",
                          "Parallel Aware": true,
                          "Relation Name": "title",
                          "Alias": "t",
                          "Startup Cost": 0.0,
                          "Total Cost": 45479.1,
                          "Plan Rows": 154565,
                          "Plan Width": 4,
                          "Actual Startup Time": 0.042,
                          "Actual Total Time": 117.713,
                          "Actual Rows": 130094,
                          "Actual Loops": 4,
                          "Filter": "((kind_id < 7) AND (production_year > 1996))",
                          "Rows Removed by Filter": 501984
                        }
                      ]
                    }
                  ]
                }
              ]
            }
          ]
        }
      ]
    },
    "Planning Time": 0.609,
    "Triggers": [],
    "Execution Time": 320.034
  }
]