[
    {
        "Bao": {
            "Bao prediction": "NaN",
            "Bao recommended hint": "(no hint)"
        }
    },
    {
        "Plan": {
            "Node Type": "Aggregate",
            "Strategy": "Plain",
            "Partial Mode": "Finalize",
            "Parallel Aware": false,
            "Startup Cost": 32736.42,
            "Total Cost": 32736.43,
            "Plan Rows": 1,
            "Plan Width": 8,
            "Actual Startup Time": 80.75,
            "Actual Total Time": 84.768,
            "Actual Rows": 1,
            "Actual Loops": 1,
            "Output": [
                "count(*)"
            ],
            "Plans": [
                {
                    "Node Type": "Gather",
                    "Parent Relationship": "Outer",
                    "Parallel Aware": false,
                    "Startup Cost": 32736.1,
                    "Total Cost": 32736.41,
                    "Plan Rows": 3,
                    "Plan Width": 8,
                    "Actual Startup Time": 80.66,
                    "Actual Total Time": 84.759,
                    "Actual Rows": 4,
                    "Actual Loops": 1,
                    "Output": [
                        "(PARTIAL count(*))"
                    ],
                    "Workers Planned": 3,
                    "Workers Launched": 3,
                    "Single Copy": false,
                    "Plans": [
                        {
                            "Node Type": "Aggregate",
                            "Strategy": "Plain",
                            "Partial Mode": "Partial",
                            "Parent Relationship": "Outer",
                            "Parallel Aware": false,
                            "Startup Cost": 31736.1,
                            "Total Cost": 31736.11,
                            "Plan Rows": 1,
                            "Plan Width": 8,
                            "Actual Startup Time": 72.368,
                            "Actual Total Time": 72.37,
                            "Actual Rows": 1,
                            "Actual Loops": 4,
                            "Output": [
                                "PARTIAL count(*)"
                            ],
                            "Workers": [
                                {
                                    "Worker Number": 0,
                                    "Actual Startup Time": 69.807,
                                    "Actual Total Time": 69.809,
                                    "Actual Rows": 1,
                                    "Actual Loops": 1
                                },
                                {
                                    "Worker Number": 1,
                                    "Actual Startup Time": 69.826,
                                    "Actual Total Time": 69.827,
                                    "Actual Rows": 1,
                                    "Actual Loops": 1
                                },
                                {
                                    "Worker Number": 2,
                                    "Actual Startup Time": 69.82,
                                    "Actual Total Time": 69.821,
                                    "Actual Rows": 1,
                                    "Actual Loops": 1
                                }
                            ],
                            "Plans": [
                                {
                                    "Node Type": "Seq Scan",
                                    "Parent Relationship": "Outer",
                                    "Parallel Aware": true,
                                    "Relation Name": "movie_companies",
                                    "Schema": "public",
                                    "Alias": "mc",
                                    "Startup Cost": 0.0,
                                    "Total Cost": 31414.82,
                                    "Plan Rows": 128512,
                                    "Plan Width": 0,
                                    "Actual Startup Time": 27.313,
                                    "Actual Total Time": 71.319,
                                    "Actual Rows": 19664,
                                    "Actual Loops": 4,
                                    "Output": [
                                        "id",
                                        "movie_id",
                                        "company_id",
                                        "company_type_id",
                                        "note"
                                    ],
                                    "Filter": "((mc.company_id > 28662) AND (mc.company_type_id = 1))",
                                    "Rows Removed by Filter": 632619,
                                    "Workers": [
                                        {
                                            "Worker Number": 0,
                                            "Actual Startup Time": 24.755,
                                            "Actual Total Time": 68.806,
                                            "Actual Rows": 18138,
                                            "Actual Loops": 1
                                        },
                                        {
                                            "Worker Number": 1,
                                            "Actual Startup Time": 24.768,
                                            "Actual Total Time": 68.83,
                                            "Actual Rows": 18079,
                                            "Actual Loops": 1
                                        },
                                        {
                                            "Worker Number": 2,
                                            "Actual Startup Time": 24.768,
                                            "Actual Total Time": 68.802,
                                            "Actual Rows": 18391,
                                            "Actual Loops": 1
                                        }
                                    ]
                                }
                            ]
                        }
                    ]
                }
            ]
        },
        "Planning Time": 188.308,
        "Triggers": [],
        "Execution Time": 84.883
    }
]