[
  {
    "Plan": {
      "Node Type": "Aggregate",
      "Strategy": "Plain",
      "Partial Mode": "Finalize",
      "Parallel Aware": false,
      "Startup Cost": 332235.06,
      "Total Cost": 332235.07,
      "Plan Rows": 1,
      "Plan Width": 8,
      "Actual Startup Time": 596.485,
      "Actual Total Time": 658.592,
      "Actual Rows": 1,
      "Actual Loops": 1,
      "Plans": [
        {
          "Node Type": "Gather",
          "Parent Relationship": "Outer",
          "Parallel Aware": false,
          "Startup Cost": 332234.43,
          "Total Cost": 332235.04,
          "Plan Rows": 6,
          "Plan Width": 8,
          "Actual Startup Time": 596.339,
          "Actual Total Time": 658.581,
          "Actual Rows": 7,
          "Actual Loops": 1,
          "Workers Planned": 6,
          "Workers Launched": 6,
          "Single Copy": false,
          "Plans": [
            {
              "Node Type": "Aggregate",
              "Strategy": "Plain",
              "Partial Mode": "Partial",
              "Parent Relationship": "Outer",
              "Parallel Aware": false,
              "Startup Cost": 331234.43,
              "Total Cost": 331234.45,
              "Plan Rows": 1,
              "Plan Width": 8,
              "Actual Startup Time": 587.361,
              "Actual Total Time": 587.362,
              "Actual Rows": 1,
              "Actual Loops": 7,
              "Plans": [
                {
                  "Node Type": "Seq Scan",
                  "Parent Relationship": "Outer",
                  "Parallel Aware": true,
                  "Relation Name": "cast_info",
                  "Alias": "ci",
                  "Startup Cost": 0.0,
                  "Total Cost": 328162.03,
                  "Plan Rows": 1228964,
                  "Plan Width": 0,
                  "Actual Startup Time": 0.047,
                  "Actual Total Time": 538.757,
                  "Actual Rows": 1082770,
                  "Actual Loops": 7,
                  "Filter": "(person_id < 734420)",
                  "Rows Removed by Filter": 4094994
                }
              ]
            }
          ]
        }
      ]
    },
    "Planning Time": 0.168,
    "Triggers": [],
    "Execution Time": 658.656
  }
]