{
    "Plan": {
        "Node Type": "Aggregate",
        "Strategy": "Plain",
        "Partial Mode": "Simple",
        "Parallel Aware": false,
        "Startup Cost": 80000662818.11,
        "Total Cost": 80000662818.12,
        "Plan Rows": 1,
        "Plan Width": 64,
        "Actual Startup Time": 1799.539,
        "Actual Total Time": 1799.551,
        "Actual Rows": 1,
        "Actual Loops": 1,
        "Output": [
            "min(n.name)",
            "min(t.title)"
        ],
        "Plans": [
            {
                "Node Type": "Nested Loop",
                "Parent Relationship": "Outer",
                "Parallel Aware": false,
                "Join Type": "Inner",
                "Startup Cost": 80000662810.02,
                "Total Cost": 80000662818.11,
                "Plan Rows": 1,
                "Plan Width": 32,
                "Actual Startup Time": 1799.497,
                "Actual Total Time": 1799.539,
                "Actual Rows": 8,
                "Actual Loops": 1,
                "Output": [
                    "n.name",
                    "t.title"
                ],
                "Inner Unique": true,
                "Plans": [
                    {
                        "Node Type": "Merge Join",
                        "Parent Relationship": "Outer",
                        "Parallel Aware": false,
                        "Join Type": "Inner",
                        "Startup Cost": 70000662809.87,
                        "Total Cost": 70000662809.93,
                        "Plan Rows": 1,
                        "Plan Width": 36,
                        "Actual Startup Time": 1799.484,
                        "Actual Total Time": 1799.497,
                        "Actual Rows": 8,
                        "Actual Loops": 1,
                        "Output": [
                            "mi.info_type_id",
                            "n.name",
                            "t.title"
                        ],
                        "Inner Unique": false,
                        "Merge Cond": "(ci.role_id = rt.id)",
                        "Plans": [
                            {
                                "Node Type": "Sort",
                                "Parent Relationship": "Outer",
                                "Parallel Aware": false,
                                "Startup Cost": 70000662808.71,
                                "Total Cost": 70000662808.73,
                                "Plan Rows": 8,
                                "Plan Width": 40,
                                "Actual Startup Time": 1799.462,
                                "Actual Total Time": 1799.472,
                                "Actual Rows": 8,
                                "Actual Loops": 1,
                                "Output": [
                                    "ci.role_id",
                                    "mi.info_type_id",
                                    "n.name",
                                    "t.title"
                                ],
                                "Sort Key": [
                                    "ci.role_id"
                                ],
                                "Sort Method": "quicksort",
                                "Sort Space Used": 26,
                                "Sort Space Type": "Memory",
                                "Plans": [
                                    {
                                        "Node Type": "Hash Join",
                                        "Parent Relationship": "Outer",
                                        "Parallel Aware": false,
                                        "Join Type": "Inner",
                                        "Startup Cost": 70000503032.02,
                                        "Total Cost": 70000662808.59,
                                        "Plan Rows": 8,
                                        "Plan Width": 40,
                                        "Actual Startup Time": 1799.275,
                                        "Actual Total Time": 1799.462,
                                        "Actual Rows": 8,
                                        "Actual Loops": 1,
                                        "Output": [
                                            "ci.role_id",
                                            "mi.info_type_id",
                                            "n.name",
                                            "t.title"
                                        ],
                                        "Inner Unique": false,
                                        "Hash Cond": "(mc.company_id = cn.id)",
                                        "Plans": [
                                            {
                                                "Node Type": "Nested Loop",
                                                "Parent Relationship": "Outer",
                                                "Parallel Aware": false,
                                                "Join Type": "Inner",
                                                "Startup Cost": 60000496045.8,
                                                "Total Cost": 60000655822.21,
                                                "Plan Rows": 21,
                                                "Plan Width": 44,
                                                "Actual Startup Time": 1745.862,
                                                "Actual Total Time": 1746.046,
                                                "Actual Rows": 8,
                                                "Actual Loops": 1,
                                                "Output": [
                                                    "ci.role_id",
                                                    "mc.company_id",
                                                    "mi.info_type_id",
                                                    "n.name",
                                                    "t.title"
                                                ],
                                                "Inner Unique": false,
                                                "Join Filter": "(t.id = mi.movie_id)",
                                                "Rows Removed by Join Filter": 0,
                                                "Plans": [
                                                    {
                                                        "Node Type": "Merge Join",
                                                        "Parent Relationship": "Outer",
                                                        "Parallel Aware": false,
                                                        "Join Type": "Inner",
                                                        "Startup Cost": 50000496045.01,
                                                        "Total Cost": 50000655701.45,
                                                        "Plan Rows": 22,
                                                        "Plan Width": 52,
                                                        "Actual Startup Time": 1745.822,
                                                        "Actual Total Time": 1745.961,
                                                        "Actual Rows": 4,
                                                        "Actual Loops": 1,
                                                        "Output": [
                                                            "ci.movie_id",
                                                            "ci.role_id",
                                                            "mc.movie_id",
                                                            "mc.company_id",
                                                            "n.name",
                                                            "t.title",
                                                            "t.id"
                                                        ],
                                                        "Inner Unique": false,
                                                        "Merge Cond": "(mc.movie_id = t.id)",
                                                        "Plans": [
                                                            {
                                                                "Node Type": "Index Scan",
                                                                "Parent Relationship": "Outer",
                                                                "Parallel Aware": false,
                                                                "Scan Direction": "Forward",
                                                                "Index Name": "movie_id_movie_companies",
                                                                "Relation Name": "movie_companies",
                                                                "Schema": "public",
                                                                "Alias": "mc",
                                                                "Startup Cost": 0.43,
                                                                "Total Cost": 153895.57,
                                                                "Plan Rows": 292973,
                                                                "Plan Width": 8,
                                                                "Actual Startup Time": 0.024,
                                                                "Actual Total Time": 10.342,
                                                                "Actual Rows": 8835,
                                                                "Actual Loops": 1,
                                                                "Output": [
                                                                    "mc.id",
                                                                    "mc.movie_id",
                                                                    "mc.company_id",
                                                                    "mc.company_type_id",
                                                                    "mc.note"
                                                                ],
                                                                "Filter": "((mc.note IS NOT NULL) AND ((mc.note ~~ '%(USA)%'::text) OR (mc.note ~~ '%(worldwide)%'::text)))",
                                                                "Rows Removed by Filter": 27269
                                                            },
                                                            {
                                                                "Node Type": "Materialize",
                                                                "Parent Relationship": "Inner",
                                                                "Parallel Aware": false,
                                                                "Startup Cost": 50000496044.58,
                                                                "Total Cost": 50000501073.19,
                                                                "Plan Rows": 71,
                                                                "Plan Width": 44,
                                                                "Actual Startup Time": 1735.119,
                                                                "Actual Total Time": 1735.161,
                                                                "Actual Rows": 4,
                                                                "Actual Loops": 1,
                                                                "Output": [
                                                                    "ci.movie_id",
                                                                    "ci.role_id",
                                                                    "n.name",
                                                                    "t.title",
                                                                    "t.id"
                                                                ],
                                                                "Plans": [
                                                                    {
                                                                        "Node Type": "Merge Join",
                                                                        "Parent Relationship": "Outer",
                                                                        "Parallel Aware": false,
                                                                        "Join Type": "Inner",
                                                                        "Startup Cost": 50000496044.58,
                                                                        "Total Cost": 50000501073.01,
                                                                        "Plan Rows": 71,
                                                                        "Plan Width": 44,
                                                                        "Actual Startup Time": 1735.113,
                                                                        "Actual Total Time": 1735.152,
                                                                        "Actual Rows": 4,
                                                                        "Actual Loops": 1,
                                                                        "Output": [
                                                                            "ci.movie_id",
                                                                            "ci.role_id",
                                                                            "n.name",
                                                                            "t.title",
                                                                            "t.id"
                                                                        ],
                                                                        "Inner Unique": false,
                                                                        "Merge Cond": "(t.id = ci.movie_id)",
                                                                        "Plans": [
                                                                            {
                                                                                "Node Type": "Sort",
                                                                                "Parent Relationship": "Outer",
                                                                                "Parallel Aware": false,
                                                                                "Startup Cost": 10000174269.82,
                                                                                "Total Cost": 10000176785.94,
                                                                                "Plan Rows": 1006447,
                                                                                "Plan Width": 21,
                                                                                "Actual Startup Time": 828.78,
                                                                                "Actual Total Time": 833.649,
                                                                                "Actual Rows": 32755,
                                                                                "Actual Loops": 1,
                                                                                "Output": [
                                                                                    "t.title",
                                                                                    "t.id"
                                                                                ],
                                                                                "Sort Key": [
                                                                                    "t.id"
                                                                                ],
                                                                                "Sort Method": "quicksort",
                                                                                "Sort Space Used": 95020,
                                                                                "Sort Space Type": "Memory",
                                                                                "Plans": [
                                                                                    {
                                                                                        "Node Type": "Seq Scan",
                                                                                        "Parent Relationship": "Outer",
                                                                                        "Parallel Aware": false,
                                                                                        "Relation Name": "title",
                                                                                        "Schema": "public",
                                                                                        "Alias": "t",
                                                                                        "Startup Cost": 10000000000.0,
                                                                                        "Total Cost": 10000073922.83,
                                                                                        "Plan Rows": 1006447,
                                                                                        "Plan Width": 21,
                                                                                        "Actual Startup Time": 0.015,
                                                                                        "Actual Total Time": 418.836,
                                                                                        "Actual Rows": 1011476,
                                                                                        "Actual Loops": 1,
                                                                                        "Output": [
                                                                                            "t.title",
                                                                                            "t.id"
                                                                                        ],
                                                                                        "Filter": "((t.production_year >= 1994) AND (t.production_year <= 2008))",
                                                                                        "Rows Removed by Filter": 1516836
                                                                                    }
                                                                                ]
                                                                            },
                                                                            {
                                                                                "Node Type": "Sort",
                                                                                "Parent Relationship": "Inner",
                                                                                "Parallel Aware": false,
                                                                                "Startup Cost": 40000321774.25,
                                                                                "Total Cost": 40000321774.69,
                                                                                "Plan Rows": 178,
                                                                                "Plan Width": 23,
                                                                                "Actual Startup Time": 898.063,
                                                                                "Actual Total Time": 898.07,
                                                                                "Actual Rows": 4,
                                                                                "Actual Loops": 1,
                                                                                "Output": [
                                                                                    "ci.movie_id",
                                                                                    "ci.role_id",
                                                                                    "n.name"
                                                                                ],
                                                                                "Sort Key": [
                                                                                    "ci.movie_id"
                                                                                ],
                                                                                "Sort Method": "quicksort",
                                                                                "Sort Space Used": 25,
                                                                                "Sort Space Type": "Memory",
                                                                                "Plans": [
                                                                                    {
                                                                                        "Node Type": "Hash Join",
                                                                                        "Parent Relationship": "Outer",
                                                                                        "Parallel Aware": false,
                                                                                        "Join Type": "Inner",
                                                                                        "Startup Cost": 40000031689.07,
                                                                                        "Total Cost": 40000321767.6,
                                                                                        "Plan Rows": 178,
                                                                                        "Plan Width": 23,
                                                                                        "Actual Startup Time": 704.838,
                                                                                        "Actual Total Time": 898.046,
                                                                                        "Actual Rows": 4,
                                                                                        "Actual Loops": 1,
                                                                                        "Output": [
                                                                                            "ci.movie_id",
                                                                                            "ci.role_id",
                                                                                            "n.name"
                                                                                        ],
                                                                                        "Inner Unique": false,
                                                                                        "Hash Cond": "(n.id = an.person_id)",
                                                                                        "Plans": [
                                                                                            {
                                                                                                "Node Type": "Nested Loop",
                                                                                                "Parent Relationship": "Outer",
                                                                                                "Parallel Aware": false,
                                                                                                "Join Type": "Inner",
                                                                                                "Startup Cost": 30000000012.85,
                                                                                                "Total Cost": 30000290077.16,
                                                                                                "Plan Rows": 74,
                                                                                                "Plan Width": 31,
                                                                                                "Actual Startup Time": 396.273,
                                                                                                "Actual Total Time": 589.473,
                                                                                                "Actual Rows": 4,
                                                                                                "Actual Loops": 1,
                                                                                                "Output": [
                                                                                                    "ci.movie_id",
                                                                                                    "ci.person_id",
                                                                                                    "ci.role_id",
                                                                                                    "n.name",
                                                                                                    "n.id"
                                                                                                ],
                                                                                                "Inner Unique": true,
                                                                                                "Plans": [
                                                                                                    {
                                                                                                        "Node Type": "Nested Loop",
                                                                                                        "Parent Relationship": "Outer",
                                                                                                        "Parallel Aware": false,
                                                                                                        "Join Type": "Inner",
                                                                                                        "Startup Cost": 20000000012.4,
                                                                                                        "Total Cost": 20000289746.82,
                                                                                                        "Plan Rows": 74,
                                                                                                        "Plan Width": 35,
                                                                                                        "Actual Startup Time": 396.236,
                                                                                                        "Actual Total Time": 589.419,
                                                                                                        "Actual Rows": 4,
                                                                                                        "Actual Loops": 1,
                                                                                                        "Output": [
                                                                                                            "ci.movie_id",
                                                                                                            "ci.person_id",
                                                                                                            "ci.role_id",
                                                                                                            "ci.person_role_id",
                                                                                                            "n.name",
                                                                                                            "n.id"
                                                                                                        ],
                                                                                                        "Inner Unique": false,
                                                                                                        "Plans": [
                                                                                                            {
                                                                                                                "Node Type": "Seq Scan",
                                                                                                                "Parent Relationship": "Outer",
                                                                                                                "Parallel Aware": false,
                                                                                                                "Relation Name": "name",
                                                                                                                "Schema": "public",
                                                                                                                "Alias": "n",
                                                                                                                "Startup Cost": 10000000000.0,
                                                                                                                "Total Cost": 10000118126.24,
                                                                                                                "Plan Rows": 94,
                                                                                                                "Plan Width": 19,
                                                                                                                "Actual Startup Time": 396.177,
                                                                                                                "Actual Total Time": 589.354,
                                                                                                                "Actual Rows": 1,
                                                                                                                "Actual Loops": 1,
                                                                                                                "Output": [
                                                                                                                    "n.id",
                                                                                                                    "n.name",
                                                                                                                    "n.imdb_index",
                                                                                                                    "n.imdb_id",
                                                                                                                    "n.gender",
                                                                                                                    "n.name_pcode_cf",
                                                                                                                    "n.name_pcode_nf",
                                                                                                                    "n.surname_pcode",
                                                                                                                    "n.md5sum"
                                                                                                                ],
                                                                                                                "Filter": "((n.name ~~ '%Racey-Tabrizi,%'::text) AND ((n.gender)::text = 'f'::text))",
                                                                                                                "Rows Removed by Filter": 4167490
                                                                                                            },
                                                                                                            {
                                                                                                                "Node Type": "Bitmap Heap Scan",
                                                                                                                "Parent Relationship": "Inner",
                                                                                                                "Parallel Aware": false,
                                                                                                                "Relation Name": "cast_info",
                                                                                                                "Schema": "public",
                                                                                                                "Alias": "ci",
                                                                                                                "Startup Cost": 12.4,
                                                                                                                "Total Cost": 1825.29,
                                                                                                                "Plan Rows": 46,
                                                                                                                "Plan Width": 16,
                                                                                                                "Actual Startup Time": 0.043,
                                                                                                                "Actual Total Time": 0.047,
                                                                                                                "Actual Rows": 4,
                                                                                                                "Actual Loops": 1,
                                                                                                                "Output": [
                                                                                                                    "ci.id",
                                                                                                                    "ci.person_id",
                                                                                                                    "ci.movie_id",
                                                                                                                    "ci.person_role_id",
                                                                                                                    "ci.note",
                                                                                                                    "ci.nr_order",
                                                                                                                    "ci.role_id"
                                                                                                                ],
                                                                                                                "Recheck Cond": "(ci.person_id = n.id)",
                                                                                                                "Rows Removed by Index Recheck": 0,
                                                                                                                "Filter": "(ci.note = ANY ('{\"(executive producer)\",(producer),(voice),\"(archive footage)\"}'::text[]))",
                                                                                                                "Rows Removed by Filter": 8,
                                                                                                                "Exact Heap Blocks": 1,
                                                                                                                "Lossy Heap Blocks": 0,
                                                                                                                "Plans": [
                                                                                                                    {
                                                                                                                        "Node Type": "Bitmap Index Scan",
                                                                                                                        "Parent Relationship": "Outer",
                                                                                                                        "Parallel Aware": false,
                                                                                                                        "Index Name": "person_id_cast_info",
                                                                                                                        "Startup Cost": 0.0,
                                                                                                                        "Total Cost": 12.39,
                                                                                                                        "Plan Rows": 510,
                                                                                                                        "Plan Width": 0,
                                                                                                                        "Actual Startup Time": 0.03,
                                                                                                                        "Actual Total Time": 0.031,
                                                                                                                        "Actual Rows": 12,
                                                                                                                        "Actual Loops": 1,
                                                                                                                        "Index Cond": "(ci.person_id = n.id)"
                                                                                                                    }
                                                                                                                ]
                                                                                                            }
                                                                                                        ]
                                                                                                    },
                                                                                                    {
                                                                                                        "Node Type": "Bitmap Heap Scan",
                                                                                                        "Parent Relationship": "Inner",
                                                                                                        "Parallel Aware": false,
                                                                                                        "Relation Name": "char_name",
                                                                                                        "Schema": "public",
                                                                                                        "Alias": "chn",
                                                                                                        "Startup Cost": 0.45,
                                                                                                        "Total Cost": 4.46,
                                                                                                        "Plan Rows": 1,
                                                                                                        "Plan Width": 4,
                                                                                                        "Actual Startup Time": 0.01,
                                                                                                        "Actual Total Time": 0.01,
                                                                                                        "Actual Rows": 1,
                                                                                                        "Actual Loops": 4,
                                                                                                        "Output": [
                                                                                                            "chn.id",
                                                                                                            "chn.name",
                                                                                                            "chn.imdb_index",
                                                                                                            "chn.imdb_id",
                                                                                                            "chn.name_pcode_nf",
                                                                                                            "chn.surname_pcode",
                                                                                                            "chn.md5sum"
                                                                                                        ],
                                                                                                        "Recheck Cond": "(chn.id = ci.person_role_id)",
                                                                                                        "Rows Removed by Index Recheck": 0,
                                                                                                        "Exact Heap Blocks": 4,
                                                                                                        "Lossy Heap Blocks": 0,
                                                                                                        "Plans": [
                                                                                                            {
                                                                                                                "Node Type": "Bitmap Index Scan",
                                                                                                                "Parent Relationship": "Outer",
                                                                                                                "Parallel Aware": false,
                                                                                                                "Index Name": "char_name_pkey",
                                                                                                                "Startup Cost": 0.0,
                                                                                                                "Total Cost": 0.45,
                                                                                                                "Plan Rows": 1,
                                                                                                                "Plan Width": 0,
                                                                                                                "Actual Startup Time": 0.008,
                                                                                                                "Actual Total Time": 0.008,
                                                                                                                "Actual Rows": 1,
                                                                                                                "Actual Loops": 4,
                                                                                                                "Index Cond": "(chn.id = ci.person_role_id)"
                                                                                                            }
                                                                                                        ]
                                                                                                    }
                                                                                                ]
                                                                                            },
                                                                                            {
                                                                                                "Node Type": "Hash",
                                                                                                "Parent Relationship": "Inner",
                                                                                                "Parallel Aware": false,
                                                                                                "Startup Cost": 10000020409.43,
                                                                                                "Total Cost": 10000020409.43,
                                                                                                "Plan Rows": 901343,
                                                                                                "Plan Width": 4,
                                                                                                "Actual Startup Time": 307.33,
                                                                                                "Actual Total Time": 307.33,
                                                                                                "Actual Rows": 901343,
                                                                                                "Actual Loops": 1,
                                                                                                "Output": [
                                                                                                    "an.person_id"
                                                                                                ],
                                                                                                "Hash Buckets": 1048576,
                                                                                                "Original Hash Buckets": 1048576,
                                                                                                "Hash Batches": 1,
                                                                                                "Original Hash Batches": 1,
                                                                                                "Peak Memory Usage": 39880,
                                                                                                "Plans": [
                                                                                                    {
                                                                                                        "Node Type": "Seq Scan",
                                                                                                        "Parent Relationship": "Outer",
                                                                                                        "Parallel Aware": false,
                                                                                                        "Relation Name": "aka_name",
                                                                                                        "Schema": "public",
                                                                                                        "Alias": "an",
                                                                                                        "Startup Cost": 10000000000.0,
                                                                                                        "Total Cost": 10000020409.43,
                                                                                                        "Plan Rows": 901343,
                                                                                                        "Plan Width": 4,
                                                                                                        "Actual Startup Time": 0.023,
                                                                                                        "Actual Total Time": 136.252,
                                                                                                        "Actual Rows": 901343,
                                                                                                        "Actual Loops": 1,
                                                                                                        "Output": [
                                                                                                            "an.person_id"
                                                                                                        ]
                                                                                                    }
                                                                                                ]
                                                                                            }
                                                                                        ]
                                                                                    }
                                                                                ]
                                                                            }
                                                                        ]
                                                                    }
                                                                ]
                                                            }
                                                        ]
                                                    },
                                                    {
                                                        "Node Type": "Bitmap Heap Scan",
                                                        "Parent Relationship": "Inner",
                                                        "Parallel Aware": false,
                                                        "Relation Name": "movie_info",
                                                        "Schema": "public",
                                                        "Alias": "mi",
                                                        "Startup Cost": 0.79,
                                                        "Total Cost": 5.48,
                                                        "Plan Rows": 1,
                                                        "Plan Width": 8,
                                                        "Actual Startup Time": 0.013,
                                                        "Actual Total Time": 0.015,
                                                        "Actual Rows": 2,
                                                        "Actual Loops": 4,
                                                        "Output": [
                                                            "mi.id",
                                                            "mi.movie_id",
                                                            "mi.info_type_id",
                                                            "mi.info",
                                                            "mi.note"
                                                        ],
                                                        "Recheck Cond": "(mi.movie_id = ci.movie_id)",
                                                        "Rows Removed by Index Recheck": 0,
                                                        "Filter": "((mi.info IS NOT NULL) AND ((mi.info ~~ 'Japan:%200%'::text) OR (mi.info ~~ 'USA:%200%'::text)))",
                                                        "Rows Removed by Filter": 2,
                                                        "Exact Heap Blocks": 12,
                                                        "Lossy Heap Blocks": 0,
                                                        "Plans": [
                                                            {
                                                                "Node Type": "Bitmap Index Scan",
                                                                "Parent Relationship": "Outer",
                                                                "Parallel Aware": false,
                                                                "Index Name": "movie_id_movie_info",
                                                                "Startup Cost": 0.0,
                                                                "Total Cost": 0.79,
                                                                "Plan Rows": 39,
                                                                "Plan Width": 0,
                                                                "Actual Startup Time": 0.009,
                                                                "Actual Total Time": 0.009,
                                                                "Actual Rows": 4,
                                                                "Actual Loops": 4,
                                                                "Index Cond": "(mi.movie_id = ci.movie_id)"
                                                            }
                                                        ]
                                                    }
                                                ]
                                            },
                                            {
                                                "Node Type": "Hash",
                                                "Parent Relationship": "Inner",
                                                "Parallel Aware": false,
                                                "Startup Cost": 10000005932.46,
                                                "Total Cost": 10000005932.46,
                                                "Plan Rows": 84301,
                                                "Plan Width": 4,
                                                "Actual Startup Time": 53.248,
                                                "Actual Total Time": 53.249,
                                                "Actual Rows": 84843,
                                                "Actual Loops": 1,
                                                "Output": [
                                                    "cn.id"
                                                ],
                                                "Hash Buckets": 131072,
                                                "Original Hash Buckets": 131072,
                                                "Hash Batches": 1,
                                                "Original Hash Batches": 1,
                                                "Peak Memory Usage": 4007,
                                                "Plans": [
                                                    {
                                                        "Node Type": "Seq Scan",
                                                        "Parent Relationship": "Outer",
                                                        "Parallel Aware": false,
                                                        "Relation Name": "company_name",
                                                        "Schema": "public",
                                                        "Alias": "cn",
                                                        "Startup Cost": 10000000000.0,
                                                        "Total Cost": 10000005932.46,
                                                        "Plan Rows": 84301,
                                                        "Plan Width": 4,
                                                        "Actual Startup Time": 0.02,
                                                        "Actual Total Time": 38.418,
                                                        "Actual Rows": 84843,
                                                        "Actual Loops": 1,
                                                        "Output": [
                                                            "cn.id"
                                                        ],
                                                        "Filter": "((cn.country_code)::text = '[us]'::text)",
                                                        "Rows Removed by Filter": 150154
                                                    }
                                                ]
                                            }
                                        ]
                                    }
                                ]
                            },
                            {
                                "Node Type": "Sort",
                                "Parent Relationship": "Inner",
                                "Parallel Aware": false,
                                "Startup Cost": 1.16,
                                "Total Cost": 1.16,
                                "Plan Rows": 1,
                                "Plan Width": 4,
                                "Actual Startup Time": 0.019,
                                "Actual Total Time": 0.019,
                                "Actual Rows": 1,
                                "Actual Loops": 1,
                                "Output": [
                                    "rt.id"
                                ],
                                "Sort Key": [
                                    "rt.id"
                                ],
                                "Sort Method": "quicksort",
                                "Sort Space Used": 25,
                                "Sort Space Type": "Memory",
                                "Plans": [
                                    {
                                        "Node Type": "Seq Scan",
                                        "Parent Relationship": "Outer",
                                        "Parallel Aware": false,
                                        "Relation Name": "role_type",
                                        "Schema": "public",
                                        "Alias": "rt",
                                        "Startup Cost": 0.0,
                                        "Total Cost": 1.15,
                                        "Plan Rows": 1,
                                        "Plan Width": 4,
                                        "Actual Startup Time": 0.01,
                                        "Actual Total Time": 0.01,
                                        "Actual Rows": 1,
                                        "Actual Loops": 1,
                                        "Output": [
                                            "rt.id"
                                        ],
                                        "Filter": "((rt.role)::text = 'actress'::text)",
                                        "Rows Removed by Filter": 11
                                    }
                                ]
                            }
                        ]
                    },
                    {
                        "Node Type": "Bitmap Heap Scan",
                        "Parent Relationship": "Inner",
                        "Parallel Aware": false,
                        "Relation Name": "info_type",
                        "Schema": "public",
                        "Alias": "it",
                        "Startup Cost": 0.15,
                        "Total Cost": 4.17,
                        "Plan Rows": 1,
                        "Plan Width": 4,
                        "Actual Startup Time": 0.003,
                        "Actual Total Time": 0.003,
                        "Actual Rows": 1,
                        "Actual Loops": 8,
                        "Output": [
                            "it.id",
                            "it.info"
                        ],
                        "Recheck Cond": "(it.id = mi.info_type_id)",
                        "Rows Removed by Index Recheck": 0,
                        "Filter": "((it.info)::text = 'release dates'::text)",
                        "Rows Removed by Filter": 0,
                        "Exact Heap Blocks": 8,
                        "Lossy Heap Blocks": 0,
                        "Plans": [
                            {
                                "Node Type": "Bitmap Index Scan",
                                "Parent Relationship": "Outer",
                                "Parallel Aware": false,
                                "Index Name": "info_type_pkey",
                                "Startup Cost": 0.0,
                                "Total Cost": 0.15,
                                "Plan Rows": 1,
                                "Plan Width": 0,
                                "Actual Startup Time": 0.001,
                                "Actual Total Time": 0.001,
                                "Actual Rows": 1,
                                "Actual Loops": 8,
                                "Index Cond": "(it.id = mi.info_type_id)"
                            }
                        ]
                    }
                ]
            }
        ]
    },
    "Planning Time": 20.276,
    "Triggers": [],
    "Execution Time": 1800.171
}