[
    {
        "Bao": {
            "Bao prediction": "NaN",
            "Bao recommended hint": "(no hint)"
        }
    },
    {
        "Plan": {
            "Node Type": "Aggregate",
            "Strategy": "Plain",
            "Partial Mode": "Finalize",
            "Parallel Aware": false,
            "Startup Cost": 32639.42,
            "Total Cost": 32639.43,
            "Plan Rows": 1,
            "Plan Width": 8,
            "Actual Startup Time": 84.455,
            "Actual Total Time": 90.302,
            "Actual Rows": 1,
            "Actual Loops": 1,
            "Output": [
                "count(*)"
            ],
            "Plans": [
                {
                    "Node Type": "Gather",
                    "Parent Relationship": "Outer",
                    "Parallel Aware": false,
                    "Startup Cost": 32639.11,
                    "Total Cost": 32639.42,
                    "Plan Rows": 3,
                    "Plan Width": 8,
                    "Actual Startup Time": 84.359,
                    "Actual Total Time": 90.295,
                    "Actual Rows": 4,
                    "Actual Loops": 1,
                    "Output": [
                        "(PARTIAL count(*))"
                    ],
                    "Workers Planned": 3,
                    "Workers Launched": 3,
                    "Single Copy": false,
                    "Plans": [
                        {
                            "Node Type": "Aggregate",
                            "Strategy": "Plain",
                            "Partial Mode": "Partial",
                            "Parent Relationship": "Outer",
                            "Parallel Aware": false,
                            "Startup Cost": 31639.11,
                            "Total Cost": 31639.12,
                            "Plan Rows": 1,
                            "Plan Width": 8,
                            "Actual Startup Time": 76.061,
                            "Actual Total Time": 76.062,
                            "Actual Rows": 1,
                            "Actual Loops": 4,
                            "Output": [
                                "PARTIAL count(*)"
                            ],
                            "Workers": [
                                {
                                    "Worker Number": 0,
                                    "Actual Startup Time": 73.266,
                                    "Actual Total Time": 73.267,
                                    "Actual Rows": 1,
                                    "Actual Loops": 1
                                },
                                {
                                    "Worker Number": 1,
                                    "Actual Startup Time": 73.427,
                                    "Actual Total Time": 73.428,
                                    "Actual Rows": 1,
                                    "Actual Loops": 1
                                },
                                {
                                    "Worker Number": 2,
                                    "Actual Startup Time": 73.811,
                                    "Actual Total Time": 73.812,
                                    "Actual Rows": 1,
                                    "Actual Loops": 1
                                }
                            ],
                            "Plans": [
                                {
                                    "Node Type": "Seq Scan",
                                    "Parent Relationship": "Outer",
                                    "Parallel Aware": true,
                                    "Relation Name": "movie_companies",
                                    "Schema": "public",
                                    "Alias": "mc",
                                    "Startup Cost": 0.0,
                                    "Total Cost": 31414.82,
                                    "Plan Rows": 89715,
                                    "Plan Width": 0,
                                    "Actual Startup Time": 40.705,
                                    "Actual Total Time": 70.522,
                                    "Actual Rows": 136357,
                                    "Actual Loops": 4,
                                    "Output": [
                                        "id",
                                        "movie_id",
                                        "company_id",
                                        "company_type_id",
                                        "note"
                                    ],
                                    "Filter": "((mc.company_id > 72017) AND (mc.company_type_id > 1))",
                                    "Rows Removed by Filter": 515925,
                                    "Workers": [
                                        {
                                            "Worker Number": 0,
                                            "Actual Startup Time": 37.921,
                                            "Actual Total Time": 67.925,
                                            "Actual Rows": 128299,
                                            "Actual Loops": 1
                                        },
                                        {
                                            "Worker Number": 1,
                                            "Actual Startup Time": 38.049,
                                            "Actual Total Time": 68.05,
                                            "Actual Rows": 129595,
                                            "Actual Loops": 1
                                        },
                                        {
                                            "Worker Number": 2,
                                            "Actual Startup Time": 38.483,
                                            "Actual Total Time": 68.503,
                                            "Actual Rows": 127971,
                                            "Actual Loops": 1
                                        }
                                    ]
                                }
                            ]
                        }
                    ]
                }
            ]
        },
        "Planning Time": 191.389,
        "Triggers": [],
        "Execution Time": 90.383
    }
]