[
    {
        "Bao": {
            "Bao prediction": 648.04,
            "Bao recommended hint": "(no hint)"
        }
    },
    {
        "Plan": {
            "Node Type": "Aggregate",
            "Strategy": "Plain",
            "Partial Mode": "Finalize",
            "Parallel Aware": false,
            "Startup Cost": 269957.14,
            "Total Cost": 269957.15,
            "Plan Rows": 1,
            "Plan Width": 8,
            "Actual Startup Time": 91.266,
            "Actual Total Time": 94.656,
            "Actual Rows": 1,
            "Actual Loops": 1,
            "Output": [
                "count(*)"
            ],
            "Plans": [
                {
                    "Node Type": "Gather",
                    "Parent Relationship": "Outer",
                    "Parallel Aware": false,
                    "Startup Cost": 269956.51,
                    "Total Cost": 269957.12,
                    "Plan Rows": 6,
                    "Plan Width": 8,
                    "Actual Startup Time": 90.927,
                    "Actual Total Time": 94.649,
                    "Actual Rows": 7,
                    "Actual Loops": 1,
                    "Output": [
                        "(PARTIAL count(*))"
                    ],
                    "Workers Planned": 6,
                    "Workers Launched": 6,
                    "Single Copy": false,
                    "Plans": [
                        {
                            "Node Type": "Aggregate",
                            "Strategy": "Plain",
                            "Partial Mode": "Partial",
                            "Parent Relationship": "Outer",
                            "Parallel Aware": false,
                            "Startup Cost": 268956.51,
                            "Total Cost": 268956.52,
                            "Plan Rows": 1,
                            "Plan Width": 8,
                            "Actual Startup Time": 81.195,
                            "Actual Total Time": 81.198,
                            "Actual Rows": 1,
                            "Actual Loops": 7,
                            "Output": [
                                "PARTIAL count(*)"
                            ],
                            "Workers": [
                                {
                                    "Worker Number": 0,
                                    "Actual Startup Time": 78.909,
                                    "Actual Total Time": 78.91,
                                    "Actual Rows": 1,
                                    "Actual Loops": 1
                                },
                                {
                                    "Worker Number": 1,
                                    "Actual Startup Time": 79.452,
                                    "Actual Total Time": 79.461,
                                    "Actual Rows": 1,
                                    "Actual Loops": 1
                                },
                                {
                                    "Worker Number": 2,
                                    "Actual Startup Time": 79.682,
                                    "Actual Total Time": 79.683,
                                    "Actual Rows": 1,
                                    "Actual Loops": 1
                                },
                                {
                                    "Worker Number": 3,
                                    "Actual Startup Time": 79.694,
                                    "Actual Total Time": 79.695,
                                    "Actual Rows": 1,
                                    "Actual Loops": 1
                                },
                                {
                                    "Worker Number": 4,
                                    "Actual Startup Time": 80.015,
                                    "Actual Total Time": 80.016,
                                    "Actual Rows": 1,
                                    "Actual Loops": 1
                                },
                                {
                                    "Worker Number": 5,
                                    "Actual Startup Time": 80.461,
                                    "Actual Total Time": 80.463,
                                    "Actual Rows": 1,
                                    "Actual Loops": 1
                                }
                            ],
                            "Plans": [
                                {
                                    "Node Type": "Bitmap Heap Scan",
                                    "Parent Relationship": "Outer",
                                    "Parallel Aware": true,
                                    "Relation Name": "cast_info",
                                    "Schema": "public",
                                    "Alias": "ci",
                                    "Startup Cost": 14614.65,
                                    "Total Cost": 268680.7,
                                    "Plan Rows": 110324,
                                    "Plan Width": 0,
                                    "Actual Startup Time": 40.074,
                                    "Actual Total Time": 72.679,
                                    "Actual Rows": 97073,
                                    "Actual Loops": 7,
                                    "Recheck Cond": "(ci.person_id < 72465)",
                                    "Rows Removed by Index Recheck": 0,
                                    "Exact Heap Blocks": 2680,
                                    "Lossy Heap Blocks": 0,
                                    "Workers": [
                                        {
                                            "Worker Number": 0,
                                            "Actual Startup Time": 37.743,
                                            "Actual Total Time": 71.019,
                                            "Actual Rows": 68272,
                                            "Actual Loops": 1
                                        },
                                        {
                                            "Worker Number": 1,
                                            "Actual Startup Time": 38.553,
                                            "Actual Total Time": 71.196,
                                            "Actual Rows": 67776,
                                            "Actual Loops": 1
                                        },
                                        {
                                            "Worker Number": 2,
                                            "Actual Startup Time": 38.638,
                                            "Actual Total Time": 71.534,
                                            "Actual Rows": 71393,
                                            "Actual Loops": 1
                                        },
                                        {
                                            "Worker Number": 3,
                                            "Actual Startup Time": 38.705,
                                            "Actual Total Time": 71.425,
                                            "Actual Rows": 72019,
                                            "Actual Loops": 1
                                        },
                                        {
                                            "Worker Number": 4,
                                            "Actual Startup Time": 38.819,
                                            "Actual Total Time": 71.992,
                                            "Actual Rows": 69335,
                                            "Actual Loops": 1
                                        },
                                        {
                                            "Worker Number": 5,
                                            "Actual Startup Time": 39.34,
                                            "Actual Total Time": 72.378,
                                            "Actual Rows": 67464,
                                            "Actual Loops": 1
                                        }
                                    ],
                                    "Plans": [
                                        {
                                            "Node Type": "Bitmap Index Scan",
                                            "Parent Relationship": "Outer",
                                            "Parallel Aware": false,
                                            "Index Name": "person_id_cast_info",
                                            "Startup Cost": 0.0,
                                            "Total Cost": 14449.16,
                                            "Plan Rows": 661946,
                                            "Plan Width": 0,
                                            "Actual Startup Time": 47.473,
                                            "Actual Total Time": 47.474,
                                            "Actual Rows": 679512,
                                            "Actual Loops": 1,
                                            "Index Cond": "(ci.person_id < 72465)"
                                        }
                                    ]
                                }
                            ]
                        }
                    ]
                }
            ]
        },
        "Planning Time": 1726.55,
        "Triggers": [],
        "Execution Time": 94.766
    }
]