{
  "Plan": {
    "Node Type": "Aggregate",
    "Strategy": "Plain",
    "Partial Mode": "Finalize",
    "Parallel Aware": false,
    "Startup Cost": 142483.52,
    "Total Cost": 142483.53,
    "Plan Rows": 1,
    "Plan Width": 8,
    "Actual Startup Time": 1109.667,
    "Actual Total Time": 1127.61,
    "Actual Rows": 1,
    "Actual Loops": 1,
    "Plans": [
      {
        "Node Type": "Gather",
        "Parent Relationship": "Outer",
        "Parallel Aware": false,
        "Startup Cost": 142483.41,
        "Total Cost": 142483.52,
        "Plan Rows": 1,
        "Plan Width": 8,
        "Actual Startup Time": 1104.171,
        "Actual Total Time": 1127.602,
        "Actual Rows": 2,
        "Actual Loops": 1,
        "Workers Planned": 1,
        "Workers Launched": 1,
        "Single Copy": false,
        "Plans": [
          {
            "Node Type": "Aggregate",
            "Strategy": "Plain",
            "Partial Mode": "Partial",
            "Parent Relationship": "Outer",
            "Parallel Aware": false,
            "Startup Cost": 141483.41,
            "Total Cost": 141483.42,
            "Plan Rows": 1,
            "Plan Width": 8,
            "Actual Startup Time": 1092.974,
            "Actual Total Time": 1092.977,
            "Actual Rows": 1,
            "Actual Loops": 2,
            "Plans": [
              {
                "Node Type": "Hash Join",
                "Parent Relationship": "Outer",
                "Parallel Aware": true,
                "Join Type": "Inner",
                "Startup Cost": 72663.69,
                "Total Cost": 136145.94,
                "Plan Rows": 2134988,
                "Plan Width": 0,
                "Actual Startup Time": 550.499,
                "Actual Total Time": 1021.965,
                "Actual Rows": 1850604,
                "Actual Loops": 2,
                "Inner Unique": true,
                "Hash Cond": "(mk.movie_id = t.id)",
                "Plans": [
                  {
                    "Node Type": "Seq Scan",
                    "Parent Relationship": "Outer",
                    "Parallel Aware": true,
                    "Relation Name": "movie_keyword",
                    "Alias": "mk",
                    "Startup Cost": 0.0,
                    "Total Cost": 57718.19,
                    "Plan Rows": 2195828,
                    "Plan Width": 4,
                    "Actual Startup Time": 0.052,
                    "Actual Total Time": 192.846,
                    "Actual Rows": 1860278,
                    "Actual Loops": 2,
                    "Filter": "(keyword_id > 772)",
                    "Rows Removed by Filter": 401687
                  },
                  {
                    "Node Type": "Hash",
                    "Parent Relationship": "Inner",
                    "Parallel Aware": true,
                    "Startup Cost": 54588.39,
                    "Total Cost": 54588.39,
                    "Plan Rows": 1446024,
                    "Plan Width": 4,
                    "Actual Startup Time": 529.026,
                    "Actual Total Time": 529.027,
                    "Actual Rows": 1228109,
                    "Actual Loops": 2,
                    "Hash Buckets": 4194304,
                    "Original Hash Buckets": 4194304,
                    "Hash Batches": 1,
                    "Original Hash Batches": 1,
                    "Peak Memory Usage": 128896,
                    "Plans": [
                      {
                        "Node Type": "Seq Scan",
                        "Parent Relationship": "Outer",
                        "Parallel Aware": true,
                        "Relation Name": "title",
                        "Alias": "t",
                        "Startup Cost": 0.0,
                        "Total Cost": 54588.39,
                        "Plan Rows": 1446024,
                        "Plan Width": 4,
                        "Actual Startup Time": 0.026,
                        "Actual Total Time": 177.771,
                        "Actual Rows": 1228109,
                        "Actual Loops": 2,
                        "Filter": "(production_year > 0)",
                        "Rows Removed by Filter": 36047
                      }
                    ]
                  }
                ]
              }
            ]
          }
        ]
      }
    ]
  },
  "Planning Time": 0.657,
  "Triggers": [],
  "Execution Time": 1127.68
}