{
  "Plan": {
    "Node Type": "Aggregate",
    "Strategy": "Plain",
    "Partial Mode": "Finalize",
    "Parallel Aware": false,
    "Startup Cost": 809407.22,
    "Total Cost": 809407.23,
    "Plan Rows": 1,
    "Plan Width": 8,
    "Actual Startup Time": 2488.328,
    "Actual Total Time": 2517.861,
    "Actual Rows": 1,
    "Actual Loops": 1,
    "Plans": [
      {
        "Node Type": "Gather",
        "Parent Relationship": "Outer",
        "Parallel Aware": false,
        "Startup Cost": 809407.11,
        "Total Cost": 809407.22,
        "Plan Rows": 1,
        "Plan Width": 8,
        "Actual Startup Time": 2484.899,
        "Actual Total Time": 2517.853,
        "Actual Rows": 2,
        "Actual Loops": 1,
        "Workers Planned": 1,
        "Workers Launched": 1,
        "Single Copy": false,
        "Plans": [
          {
            "Node Type": "Aggregate",
            "Strategy": "Plain",
            "Partial Mode": "Partial",
            "Parent Relationship": "Outer",
            "Parallel Aware": false,
            "Startup Cost": 808407.11,
            "Total Cost": 808407.12,
            "Plan Rows": 1,
            "Plan Width": 8,
            "Actual Startup Time": 2477.789,
            "Actual Total Time": 2477.949,
            "Actual Rows": 1,
            "Actual Loops": 2,
            "Plans": [
              {
                "Node Type": "Hash Join",
                "Parent Relationship": "Outer",
                "Parallel Aware": true,
                "Join Type": "Inner",
                "Startup Cost": 641978.11,
                "Total Cost": 808139.15,
                "Plan Rows": 107181,
                "Plan Width": 0,
                "Actual Startup Time": 2400.098,
                "Actual Total Time": 2474.193,
                "Actual Rows": 84686,
                "Actual Loops": 2,
                "Inner Unique": false,
                "Hash Cond": "(mi.movie_id = t.id)",
                "Plans": [
                  {
                    "Node Type": "Bitmap Heap Scan",
                    "Parent Relationship": "Outer",
                    "Parallel Aware": true,
                    "Relation Name": "movie_info",
                    "Alias": "mi",
                    "Startup Cost": 6704.59,
                    "Total Cost": 171418.79,
                    "Plan Rows": 217696,
                    "Plan Width": 4,
                    "Actual Startup Time": 14.031,
                    "Actual Total Time": 45.169,
                    "Actual Rows": 184109,
                    "Actual Loops": 2,
                    "Recheck Cond": "(info_type_id = 17)",
                    "Rows Removed by Index Recheck": 0,
                    "Exact Heap Blocks": 5716,
                    "Lossy Heap Blocks": 0,
                    "Plans": [
                      {
                        "Node Type": "Bitmap Index Scan",
                        "Parent Relationship": "Outer",
                        "Parallel Aware": false,
                        "Index Name": "info_type_id_movie_info",
                        "Startup Cost": 0.0,
                        "Total Cost": 6612.07,
                        "Plan Rows": 370084,
                        "Plan Width": 0,
                        "Actual Startup Time": 12.529,
                        "Actual Total Time": 12.529,
                        "Actual Rows": 368218,
                        "Actual Loops": 1,
                        "Index Cond": "(info_type_id = 17)"
                      }
                    ]
                  },
                  {
                    "Node Type": "Hash",
                    "Parent Relationship": "Inner",
                    "Parallel Aware": true,
                    "Startup Cost": 626120.7,
                    "Total Cost": 626120.7,
                    "Plan Rows": 732226,
                    "Plan Width": 8,
                    "Actual Startup Time": 2373.001,
                    "Actual Total Time": 2373.159,
                    "Actual Rows": 516834,
                    "Actual Loops": 2,
                    "Hash Buckets": 2097152,
                    "Original Hash Buckets": 2097152,
                    "Hash Batches": 1,
                    "Original Hash Batches": 1,
                    "Peak Memory Usage": 56864,
                    "Plans": [
                      {
                        "Node Type": "Hash Join",
                        "Parent Relationship": "Outer",
                        "Parallel Aware": true,
                        "Join Type": "Inner",
                        "Startup Cost": 277189.44,
                        "Total Cost": 626120.7,
                        "Plan Rows": 732226,
                        "Plan Width": 8,
                        "Actual Startup Time": 742.258,
                        "Actual Total Time": 2203.515,
                        "Actual Rows": 516834,
                        "Actual Loops": 2,
                        "Inner Unique": true,
                        "Hash Cond": "(ci.movie_id = t.id)",
                        "Plans": [
                          {
                            "Node Type": "Bitmap Heap Scan",
                            "Parent Relationship": "Outer",
                            "Parallel Aware": true,
                            "Relation Name": "cast_info",
                            "Alias": "ci",
                            "Startup Cost": 215275.85,
                            "Total Cost": 554301.01,
                            "Plan Rows": 3773745,
                            "Plan Width": 4,
                            "Actual Startup Time": 553.963,
                            "Actual Total Time": 1208.651,
                            "Actual Rows": 4847067,
                            "Actual Loops": 2,
                            "Recheck Cond": "(person_id > 2739777)",
                            "Rows Removed by Index Recheck": 0,
                            "Filter": "(role_id > 1)",
                            "Rows Removed by Filter": 0,
                            "Exact Heap Blocks": 56572,
                            "Lossy Heap Blocks": 0,
                            "Plans": [
                              {
                                "Node Type": "Bitmap Index Scan",
                                "Parent Relationship": "Outer",
                                "Parallel Aware": false,
                                "Index Name": "person_id_cast_info",
                                "Startup Cost": 0.0,
                                "Total Cost": 213672.01,
                                "Plan Rows": 9784992,
                                "Plan Width": 0,
                                "Actual Startup Time": 532.6,
                                "Actual Total Time": 532.6,
                                "Actual Rows": 9694134,
                                "Actual Loops": 1,
                                "Index Cond": "(person_id > 2739777)"
                              }
                            ]
                          },
                          {
                            "Node Type": "Hash",
                            "Parent Relationship": "Inner",
                            "Parallel Aware": true,
                            "Startup Cost": 58306.47,
                            "Total Cost": 58306.47,
                            "Plan Rows": 288570,
                            "Plan Width": 4,
                            "Actual Startup Time": 186.107,
                            "Actual Total Time": 186.107,
                            "Actual Rows": 189672,
                            "Actual Loops": 2,
                            "Hash Buckets": 524288,
                            "Original Hash Buckets": 524288,
                            "Hash Batches": 1,
                            "Original Hash Batches": 1,
                            "Peak Memory Usage": 18976,
                            "Plans": [
                              {
                                "Node Type": "Seq Scan",
                                "Parent Relationship": "Outer",
                                "Parallel Aware": true,
                                "Relation Name": "title",
                                "Alias": "t",
                                "Startup Cost": 0.0,
                                "Total Cost": 58306.47,
                                "Plan Rows": 288570,
                                "Plan Width": 4,
                                "Actual Startup Time": 0.023,
                                "Actual Total Time": 140.192,
                                "Actual Rows": 189672,
                                "Actual Loops": 2,
                                "Filter": "((production_year < 1995) AND (kind_id = 7))",
                                "Rows Removed by Filter": 1074484
                              }
                            ]
                          }
                        ]
                      }
                    ]
                  }
                ]
              }
            ]
          }
        ]
      }
    ]
  },
  "Planning Time": 0.64,
  "Triggers": [],
  "Execution Time": 2517.941
}