{
  "Plan": {
    "Node Type": "Aggregate",
    "Strategy": "Plain",
    "Partial Mode": "Finalize",
    "Parallel Aware": false,
    "Startup Cost": 183288.06,
    "Total Cost": 183288.07,
    "Plan Rows": 1,
    "Plan Width": 8,
    "Actual Startup Time": 710.716,
    "Actual Total Time": 776.247,
    "Actual Rows": 1,
    "Actual Loops": 1,
    "Plans": [
      {
        "Node Type": "Gather",
        "Parent Relationship": "Outer",
        "Parallel Aware": false,
        "Startup Cost": 183287.95,
        "Total Cost": 183288.06,
        "Plan Rows": 1,
        "Plan Width": 8,
        "Actual Startup Time": 710.112,
        "Actual Total Time": 776.237,
        "Actual Rows": 2,
        "Actual Loops": 1,
        "Workers Planned": 1,
        "Workers Launched": 1,
        "Single Copy": false,
        "Plans": [
          {
            "Node Type": "Aggregate",
            "Strategy": "Plain",
            "Partial Mode": "Partial",
            "Parent Relationship": "Outer",
            "Parallel Aware": false,
            "Startup Cost": 182287.95,
            "Total Cost": 182287.96,
            "Plan Rows": 1,
            "Plan Width": 8,
            "Actual Startup Time": 703.686,
            "Actual Total Time": 703.691,
            "Actual Rows": 1,
            "Actual Loops": 2,
            "Plans": [
              {
                "Node Type": "Nested Loop",
                "Parent Relationship": "Outer",
                "Parallel Aware": false,
                "Join Type": "Inner",
                "Startup Cost": 81788.03,
                "Total Cost": 182082.41,
                "Plan Rows": 82214,
                "Plan Width": 0,
                "Actual Startup Time": 245.82,
                "Actual Total Time": 700.886,
                "Actual Rows": 42372,
                "Actual Loops": 2,
                "Inner Unique": false,
                "Join Filter": "(t.id = ci.movie_id)",
                "Rows Removed by Join Filter": 0,
                "Plans": [
                  {
                    "Node Type": "Hash Join",
                    "Parent Relationship": "Outer",
                    "Parallel Aware": true,
                    "Join Type": "Inner",
                    "Startup Cost": 81787.47,
                    "Total Cost": 115812.21,
                    "Plan Rows": 22592,
                    "Plan Width": 8,
                    "Actual Startup Time": 245.143,
                    "Actual Total Time": 422.993,
                    "Actual Rows": 10650,
                    "Actual Loops": 2,
                    "Inner Unique": true,
                    "Hash Cond": "(mk.movie_id = t.id)",
                    "Plans": [
                      {
                        "Node Type": "Bitmap Heap Scan",
                        "Parent Relationship": "Outer",
                        "Parallel Aware": true,
                        "Relation Name": "movie_keyword",
                        "Alias": "mk",
                        "Startup Cost": 22817.26,
                        "Total Cost": 55180.97,
                        "Plan Rows": 632776,
                        "Plan Width": 4,
                        "Actual Startup Time": 80.182,
                        "Actual Total Time": 191.933,
                        "Actual Rows": 537244,
                        "Actual Loops": 2,
                        "Recheck Cond": "(keyword_id > 16441)",
                        "Rows Removed by Index Recheck": 0,
                        "Exact Heap Blocks": 16858,
                        "Lossy Heap Blocks": 0,
                        "Plans": [
                          {
                            "Node Type": "Bitmap Index Scan",
                            "Parent Relationship": "Outer",
                            "Parallel Aware": false,
                            "Index Name": "keyword_id_movie_keyword",
                            "Startup Cost": 0.0,
                            "Total Cost": 22548.33,
                            "Plan Rows": 1075720,
                            "Plan Width": 0,
                            "Actual Startup Time": 76.565,
                            "Actual Total Time": 76.566,
                            "Actual Rows": 1074487,
                            "Actual Loops": 1,
                            "Index Cond": "(keyword_id > 16441)"
                          }
                        ]
                      },
                      {
                        "Node Type": "Hash",
                        "Parent Relationship": "Inner",
                        "Parallel Aware": true,
                        "Startup Cost": 58306.47,
                        "Total Cost": 58306.47,
                        "Plan Rows": 53099,
                        "Plan Width": 4,
                        "Actual Startup Time": 162.192,
                        "Actual Total Time": 162.193,
                        "Actual Rows": 50377,
                        "Actual Loops": 2,
                        "Hash Buckets": 131072,
                        "Original Hash Buckets": 131072,
                        "Hash Batches": 1,
                        "Original Hash Batches": 1,
                        "Peak Memory Usage": 4992,
                        "Plans": [
                          {
                            "Node Type": "Seq Scan",
                            "Parent Relationship": "Outer",
                            "Parallel Aware": true,
                            "Relation Name": "title",
                            "Alias": "t",
                            "Startup Cost": 0.0,
                            "Total Cost": 58306.47,
                            "Plan Rows": 53099,
                            "Plan Width": 4,
                            "Actual Startup Time": 0.042,
                            "Actual Total Time": 148.274,
                            "Actual Rows": 50377,
                            "Actual Loops": 2,
                            "Filter": "((kind_id > 1) AND (production_year = 2008))",
                            "Rows Removed by Filter": 1213779
                          }
                        ]
                      }
                    ]
                  },
                  {
                    "Node Type": "Index Scan",
                    "Parent Relationship": "Inner",
                    "Parallel Aware": false,
                    "Scan Direction": "Forward",
                    "Index Name": "movie_id_cast_info",
                    "Relation Name": "cast_info",
                    "Alias": "ci",
                    "Startup Cost": 0.56,
                    "Total Cost": 2.82,
                    "Plan Rows": 9,
                    "Plan Width": 4,
                    "Actual Startup Time": 0.017,
                    "Actual Total Time": 0.025,
                    "Actual Rows": 4,
                    "Actual Loops": 21299,
                    "Index Cond": "(movie_id = mk.movie_id)",
                    "Rows Removed by Index Recheck": 0,
                    "Filter": "((person_id < 1382816) AND (role_id > 1))",
                    "Rows Removed by Filter": 29
                  }
                ]
              }
            ]
          }
        ]
      }
    ]
  },
  "Planning Time": 1.127,
  "Triggers": [],
  "Execution Time": 776.379
}