[
  {
    "Plan": {
      "Node Type": "Aggregate",
      "Strategy": "Plain",
      "Partial Mode": "Finalize",
      "Parallel Aware": false,
      "Startup Cost": 394318.28,
      "Total Cost": 394318.29,
      "Plan Rows": 1,
      "Plan Width": 8,
      "Actual Startup Time": 940.852,
      "Actual Total Time": 977.878,
      "Actual Rows": 1,
      "Actual Loops": 1,
      "Plans": [
        {
          "Node Type": "Gather",
          "Parent Relationship": "Outer",
          "Parallel Aware": false,
          "Startup Cost": 394317.65,
          "Total Cost": 394318.26,
          "Plan Rows": 6,
          "Plan Width": 8,
          "Actual Startup Time": 939.049,
          "Actual Total Time": 977.867,
          "Actual Rows": 7,
          "Actual Loops": 1,
          "Workers Planned": 6,
          "Workers Launched": 6,
          "Single Copy": false,
          "Plans": [
            {
              "Node Type": "Aggregate",
              "Strategy": "Plain",
              "Partial Mode": "Partial",
              "Parent Relationship": "Outer",
              "Parallel Aware": false,
              "Startup Cost": 393317.65,
              "Total Cost": 393317.66,
              "Plan Rows": 1,
              "Plan Width": 8,
              "Actual Startup Time": 930.397,
              "Actual Total Time": 930.4,
              "Actual Rows": 1,
              "Actual Loops": 7,
              "Plans": [
                {
                  "Node Type": "Hash Join",
                  "Parent Relationship": "Outer",
                  "Parallel Aware": true,
                  "Join Type": "Inner",
                  "Startup Cost": 46661.6,
                  "Total Cost": 392631.89,
                  "Plan Rows": 274306,
                  "Plan Width": 0,
                  "Actual Startup Time": 102.551,
                  "Actual Total Time": 917.976,
                  "Actual Rows": 211395,
                  "Actual Loops": 7,
                  "Inner Unique": true,
                  "Hash Cond": "(ci.movie_id = t.id)",
                  "Plans": [
                    {
                      "Node Type": "Index Scan",
                      "Parent Relationship": "Outer",
                      "Parallel Aware": true,
                      "Scan Direction": "Forward",
                      "Index Name": "role_id_cast_info",
                      "Relation Name": "cast_info",
                      "Alias": "ci",
                      "Startup Cost": 0.56,
                      "Total Cost": 341155.22,
                      "Plan Rows": 1834522,
                      "Plan Width": 4,
                      "Actual Startup Time": 0.282,
                      "Actual Total Time": 461.009,
                      "Actual Rows": 1810098,
                      "Actual Loops": 7,
                      "Index Cond": "(role_id = 1)",
                      "Rows Removed by Index Recheck": 0,
                      "Filter": "(person_id < 3196620)",
                      "Rows Removed by Filter": 0
                    },
                    {
                      "Node Type": "Hash",
                      "Parent Relationship": "Inner",
                      "Parallel Aware": true,
                      "Startup Cost": 45479.59,
                      "Total Cost": 45479.59,
                      "Plan Rows": 94516,
                      "Plan Width": 4,
                      "Actual Startup Time": 100.844,
                      "Actual Total Time": 100.845,
                      "Actual Rows": 42777,
                      "Actual Loops": 7,
                      "Hash Buckets": 524288,
                      "Original Hash Buckets": 524288,
                      "Hash Batches": 1,
                      "Original Hash Batches": 1,
                      "Peak Memory Usage": 15968,
                      "Plans": [
                        {
                          "Node Type": "Seq Scan",
                          "Parent Relationship": "Outer",
                          "Parallel Aware": true,
                          "Relation Name": "title",
                          "Alias": "t",
                          "Startup Cost": 0.0,
                          "Total Cost": 45479.59,
                          "Plan Rows": 94516,
                          "Plan Width": 4,
                          "Actual Startup Time": 0.046,
                          "Actual Total Time": 79.166,
                          "Actual Rows": 42777,
                          "Actual Loops": 7,
                          "Filter": "((kind_id < 3) AND (production_year > 2002))",
                          "Rows Removed by Filter": 318410
                        }
                      ]
                    }
                  ]
                }
              ]
            }
          ]
        }
      ]
    },
    "Planning Time": 0.288,
    "Triggers": [],
    "Execution Time": 977.933
  }
]