[
  {
    "Plan": {
      "Node Type": "Aggregate",
      "Strategy": "Plain",
      "Partial Mode": "Finalize",
      "Parallel Aware": false,
      "Startup Cost": 337148.96,
      "Total Cost": 337148.97,
      "Plan Rows": 1,
      "Plan Width": 8,
      "Actual Startup Time": 806.403,
      "Actual Total Time": 866.89,
      "Actual Rows": 1,
      "Actual Loops": 1,
      "Plans": [
        {
          "Node Type": "Gather",
          "Parent Relationship": "Outer",
          "Parallel Aware": false,
          "Startup Cost": 337148.34,
          "Total Cost": 337148.95,
          "Plan Rows": 6,
          "Plan Width": 8,
          "Actual Startup Time": 806.213,
          "Actual Total Time": 866.872,
          "Actual Rows": 7,
          "Actual Loops": 1,
          "Workers Planned": 6,
          "Workers Launched": 6,
          "Single Copy": false,
          "Plans": [
            {
              "Node Type": "Aggregate",
              "Strategy": "Plain",
              "Partial Mode": "Partial",
              "Parent Relationship": "Outer",
              "Parallel Aware": false,
              "Startup Cost": 336148.34,
              "Total Cost": 336148.35,
              "Plan Rows": 1,
              "Plan Width": 8,
              "Actual Startup Time": 798.06,
              "Actual Total Time": 798.061,
              "Actual Rows": 1,
              "Actual Loops": 7,
              "Plans": [
                {
                  "Node Type": "Seq Scan",
                  "Parent Relationship": "Outer",
                  "Parallel Aware": true,
                  "Relation Name": "cast_info",
                  "Alias": "ci",
                  "Startup Cost": 0.0,
                  "Total Cost": 328211.39,
                  "Plan Rows": 3174778,
                  "Plan Width": 0,
                  "Actual Startup Time": 0.059,
                  "Actual Total Time": 658.348,
                  "Actual Rows": 2749809,
                  "Actual Loops": 7,
                  "Filter": "(person_id < 1923573)",
                  "Rows Removed by Filter": 2427955
                }
              ]
            }
          ]
        }
      ]
    },
    "Planning Time": 0.21,
    "Triggers": [],
    "Execution Time": 866.968
  }
]