[
  {
    "Plan": {
      "Node Type": "Aggregate",
      "Strategy": "Plain",
      "Partial Mode": "Finalize",
      "Parallel Aware": false,
      "Startup Cost": 117863.14,
      "Total Cost": 117863.15,
      "Plan Rows": 1,
      "Plan Width": 8,
      "Actual Startup Time": 520.583,
      "Actual Total Time": 582.345,
      "Actual Rows": 1,
      "Actual Loops": 1,
      "Plans": [
        {
          "Node Type": "Gather",
          "Parent Relationship": "Outer",
          "Parallel Aware": false,
          "Startup Cost": 117862.83,
          "Total Cost": 117863.14,
          "Plan Rows": 3,
          "Plan Width": 8,
          "Actual Startup Time": 504.93,
          "Actual Total Time": 582.33,
          "Actual Rows": 4,
          "Actual Loops": 1,
          "Workers Planned": 3,
          "Workers Launched": 3,
          "Single Copy": false,
          "Plans": [
            {
              "Node Type": "Aggregate",
              "Strategy": "Plain",
              "Partial Mode": "Partial",
              "Parent Relationship": "Outer",
              "Parallel Aware": false,
              "Startup Cost": 116862.83,
              "Total Cost": 116862.84,
              "Plan Rows": 1,
              "Plan Width": 8,
              "Actual Startup Time": 492.666,
              "Actual Total Time": 492.673,
              "Actual Rows": 1,
              "Actual Loops": 4,
              "Plans": [
                {
                  "Node Type": "Nested Loop",
                  "Parent Relationship": "Outer",
                  "Parallel Aware": false,
                  "Join Type": "Inner",
                  "Startup Cost": 50470.92,
                  "Total Cost": 116280.43,
                  "Plan Rows": 232960,
                  "Plan Width": 0,
                  "Actual Startup Time": 260.197,
                  "Actual Total Time": 486.372,
                  "Actual Rows": 103557,
                  "Actual Loops": 4,
                  "Inner Unique": false,
                  "Plans": [
                    {
                      "Node Type": "Hash Join",
                      "Parent Relationship": "Outer",
                      "Parallel Aware": true,
                      "Join Type": "Inner",
                      "Startup Cost": 50470.35,
                      "Total Cost": 75327.34,
                      "Plan Rows": 16248,
                      "Plan Width": 8,
                      "Actual Startup Time": 260.101,
                      "Actual Total Time": 310.364,
                      "Actual Rows": 3624,
                      "Actual Loops": 4,
                      "Inner Unique": true,
                      "Hash Cond": "(mk.movie_id = t.id)",
                      "Plans": [
                        {
                          "Node Type": "Bitmap Heap Scan",
                          "Parent Relationship": "Outer",
                          "Parallel Aware": true,
                          "Relation Name": "movie_keyword",
                          "Alias": "mk",
                          "Startup Cost": 1752.54,
                          "Total Cost": 26539.59,
                          "Plan Rows": 26644,
                          "Plan Width": 4,
                          "Actual Startup Time": 9.063,
                          "Actual Total Time": 44.189,
                          "Actual Rows": 20383,
                          "Actual Loops": 4,
                          "Recheck Cond": "(keyword_id < 71)",
                          "Rows Removed by Index Recheck": 0,
                          "Exact Heap Blocks": 9997,
                          "Lossy Heap Blocks": 0,
                          "Plans": [
                            {
                              "Node Type": "Bitmap Index Scan",
                              "Parent Relationship": "Outer",
                              "Parallel Aware": false,
                              "Index Name": "keyword_id_movie_keyword",
                              "Startup Cost": 0.0,
                              "Total Cost": 1731.89,
                              "Plan Rows": 82595,
                              "Plan Width": 0,
                              "Actual Startup Time": 6.08,
                              "Actual Total Time": 6.082,
                              "Actual Rows": 81533,
                              "Actual Loops": 1,
                              "Index Cond": "(keyword_id < 71)"
                            }
                          ]
                        },
                        {
                          "Node Type": "Hash",
                          "Parent Relationship": "Inner",
                          "Parallel Aware": true,
                          "Startup Cost": 43899.32,
                          "Total Cost": 43899.32,
                          "Plan Rows": 385479,
                          "Plan Width": 4,
                          "Actual Startup Time": 243.076,
                          "Actual Total Time": 243.077,
                          "Actual Rows": 385816,
                          "Actual Loops": 4,
                          "Hash Buckets": 2097152,
                          "Original Hash Buckets": 2097152,
                          "Hash Batches": 1,
                          "Original Hash Batches": 1,
                          "Peak Memory Usage": 76800,
                          "Plans": [
                            {
                              "Node Type": "Seq Scan",
                              "Parent Relationship": "Outer",
                              "Parallel Aware": true,
                              "Relation Name": "title",
                              "Alias": "t",
                              "Startup Cost": 0.0,
                              "Total Cost": 43899.32,
                              "Plan Rows": 385479,
                              "Plan Width": 4,
                              "Actual Startup Time": 0.044,
                              "Actual Total Time": 102.344,
                              "Actual Rows": 385816,
                              "Actual Loops": 4,
                              "Filter": "(kind_id = 7)",
                              "Rows Removed by Filter": 246262
                            }
                          ]
                        }
                      ]
                    },
                    {
                      "Node Type": "Index Only Scan",
                      "Parent Relationship": "Inner",
                      "Parallel Aware": false,
                      "Scan Direction": "Forward",
                      "Index Name": "movie_id_cast_info",
                      "Relation Name": "cast_info",
                      "Alias": "ci",
                      "Startup Cost": 0.56,
                      "Total Cost": 2.17,
                      "Plan Rows": 35,
                      "Plan Width": 4,
                      "Actual Startup Time": 0.006,
                      "Actual Total Time": 0.046,
                      "Actual Rows": 29,
                      "Actual Loops": 14497,
                      "Index Cond": "(movie_id = t.id)",
                      "Rows Removed by Index Recheck": 0,
                      "Heap Fetches": 414227
                    }
                  ]
                }
              ]
            }
          ]
        }
      ]
    },
    "Planning Time": 1.332,
    "Triggers": [],
    "Execution Time": 582.463
  }
]