[
  {
    "Plan": {
      "Node Type": "Aggregate",
      "Strategy": "Plain",
      "Partial Mode": "Finalize",
      "Parallel Aware": false,
      "Startup Cost": 117421.08,
      "Total Cost": 117421.09,
      "Plan Rows": 1,
      "Plan Width": 8,
      "Actual Startup Time": 513.001,
      "Actual Total Time": 562.429,
      "Actual Rows": 1,
      "Actual Loops": 1,
      "Plans": [
        {
          "Node Type": "Gather",
          "Parent Relationship": "Outer",
          "Parallel Aware": false,
          "Startup Cost": 117420.76,
          "Total Cost": 117421.07,
          "Plan Rows": 3,
          "Plan Width": 8,
          "Actual Startup Time": 503.909,
          "Actual Total Time": 562.418,
          "Actual Rows": 4,
          "Actual Loops": 1,
          "Workers Planned": 3,
          "Workers Launched": 3,
          "Single Copy": false,
          "Plans": [
            {
              "Node Type": "Aggregate",
              "Strategy": "Plain",
              "Partial Mode": "Partial",
              "Parent Relationship": "Outer",
              "Parallel Aware": false,
              "Startup Cost": 116420.76,
              "Total Cost": 116420.77,
              "Plan Rows": 1,
              "Plan Width": 8,
              "Actual Startup Time": 491.067,
              "Actual Total Time": 491.071,
              "Actual Rows": 1,
              "Actual Loops": 4,
              "Plans": [
                {
                  "Node Type": "Nested Loop",
                  "Parent Relationship": "Outer",
                  "Parallel Aware": false,
                  "Join Type": "Inner",
                  "Startup Cost": 50408.9,
                  "Total Cost": 115856.74,
                  "Plan Rows": 225607,
                  "Plan Width": 0,
                  "Actual Startup Time": 261.279,
                  "Actual Total Time": 484.302,
                  "Actual Rows": 103557,
                  "Actual Loops": 4,
                  "Inner Unique": false,
                  "Plans": [
                    {
                      "Node Type": "Hash Join",
                      "Parent Relationship": "Outer",
                      "Parallel Aware": true,
                      "Join Type": "Inner",
                      "Startup Cost": 50408.33,
                      "Total Cost": 75254.1,
                      "Plan Rows": 15745,
                      "Plan Width": 8,
                      "Actual Startup Time": 261.182,
                      "Actual Total Time": 301.996,
                      "Actual Rows": 3624,
                      "Actual Loops": 4,
                      "Inner Unique": true,
                      "Hash Cond": "(mk.movie_id = t.id)",
                      "Plans": [
                        {
                          "Node Type": "Bitmap Heap Scan",
                          "Parent Relationship": "Outer",
                          "Parallel Aware": true,
                          "Relation Name": "movie_keyword",
                          "Alias": "mk",
                          "Startup Cost": 1706.72,
                          "Total Cost": 26484.49,
                          "Plan Rows": 25902,
                          "Plan Width": 4,
                          "Actual Startup Time": 8.011,
                          "Actual Total Time": 34.826,
                          "Actual Rows": 20383,
                          "Actual Loops": 4,
                          "Recheck Cond": "(keyword_id < 71)",
                          "Rows Removed by Index Recheck": 0,
                          "Exact Heap Blocks": 10149,
                          "Lossy Heap Blocks": 0,
                          "Plans": [
                            {
                              "Node Type": "Bitmap Index Scan",
                              "Parent Relationship": "Outer",
                              "Parallel Aware": false,
                              "Index Name": "keyword_id_movie_keyword",
                              "Startup Cost": 0.0,
                              "Total Cost": 1686.64,
                              "Plan Rows": 80295,
                              "Plan Width": 0,
                              "Actual Startup Time": 4.968,
                              "Actual Total Time": 4.968,
                              "Actual Rows": 81533,
                              "Actual Loops": 1,
                              "Index Cond": "(keyword_id < 71)"
                            }
                          ]
                        },
                        {
                          "Node Type": "Hash",
                          "Parent Relationship": "Inner",
                          "Parallel Aware": true,
                          "Startup Cost": 43898.92,
                          "Total Cost": 43898.92,
                          "Plan Rows": 384216,
                          "Plan Width": 4,
                          "Actual Startup Time": 245.498,
                          "Actual Total Time": 245.499,
                          "Actual Rows": 385816,
                          "Actual Loops": 4,
                          "Hash Buckets": 2097152,
                          "Original Hash Buckets": 2097152,
                          "Hash Batches": 1,
                          "Original Hash Batches": 1,
                          "Peak Memory Usage": 76800,
                          "Plans": [
                            {
                              "Node Type": "Seq Scan",
                              "Parent Relationship": "Outer",
                              "Parallel Aware": true,
                              "Relation Name": "title",
                              "Alias": "t",
                              "Startup Cost": 0.0,
                              "Total Cost": 43898.92,
                              "Plan Rows": 384216,
                              "Plan Width": 4,
                              "Actual Startup Time": 0.036,
                              "Actual Total Time": 104.45,
                              "Actual Rows": 385816,
                              "Actual Loops": 4,
                              "Filter": "(kind_id = 7)",
                              "Rows Removed by Filter": 246262
                            }
                          ]
                        }
                      ]
                    },
                    {
                      "Node Type": "Index Only Scan",
                      "Parent Relationship": "Inner",
                      "Parallel Aware": false,
                      "Scan Direction": "Forward",
                      "Index Name": "movie_id_cast_info",
                      "Relation Name": "cast_info",
                      "Alias": "ci",
                      "Startup Cost": 0.56,
                      "Total Cost": 2.21,
                      "Plan Rows": 37,
                      "Plan Width": 4,
                      "Actual Startup Time": 0.007,
                      "Actual Total Time": 0.048,
                      "Actual Rows": 29,
                      "Actual Loops": 14497,
                      "Index Cond": "(movie_id = t.id)",
                      "Rows Removed by Index Recheck": 0,
                      "Heap Fetches": 414227
                    }
                  ]
                }
              ]
            }
          ]
        }
      ]
    },
    "Planning Time": 1.367,
    "Triggers": [],
    "Execution Time": 562.553
  }
]