[
  {
    "Plan": {
      "Node Type": "Aggregate",
      "Strategy": "Plain",
      "Partial Mode": "Finalize",
      "Parallel Aware": false,
      "Startup Cost": 35840.77,
      "Total Cost": 35840.78,
      "Plan Rows": 1,
      "Plan Width": 8,
      "Actual Startup Time": 113.524,
      "Actual Total Time": 120.98,
      "Actual Rows": 1,
      "Actual Loops": 1,
      "Plans": [
        {
          "Node Type": "Gather",
          "Parent Relationship": "Outer",
          "Parallel Aware": false,
          "Startup Cost": 35840.46,
          "Total Cost": 35840.77,
          "Plan Rows": 3,
          "Plan Width": 8,
          "Actual Startup Time": 113.276,
          "Actual Total Time": 120.972,
          "Actual Rows": 4,
          "Actual Loops": 1,
          "Workers Planned": 3,
          "Workers Launched": 3,
          "Single Copy": false,
          "Plans": [
            {
              "Node Type": "Aggregate",
              "Strategy": "Plain",
              "Partial Mode": "Partial",
              "Parent Relationship": "Outer",
              "Parallel Aware": false,
              "Startup Cost": 34840.46,
              "Total Cost": 34840.47,
              "Plan Rows": 1,
              "Plan Width": 8,
              "Actual Startup Time": 106.85,
              "Actual Total Time": 106.852,
              "Actual Rows": 1,
              "Actual Loops": 4,
              "Plans": [
                {
                  "Node Type": "Bitmap Heap Scan",
                  "Parent Relationship": "Outer",
                  "Parallel Aware": true,
                  "Relation Name": "movie_keyword",
                  "Alias": "mk",
                  "Startup Cost": 8457.68,
                  "Total Cost": 34518.99,
                  "Plan Rows": 128585,
                  "Plan Width": 0,
                  "Actual Startup Time": 36.762,
                  "Actual Total Time": 100.931,
                  "Actual Rows": 96948,
                  "Actual Loops": 4,
                  "Recheck Cond": "(keyword_id > 44351)",
                  "Rows Removed by Index Recheck": 0,
                  "Exact Heap Blocks": 11272,
                  "Lossy Heap Blocks": 0,
                  "Plans": [
                    {
                      "Node Type": "Bitmap Index Scan",
                      "Parent Relationship": "Outer",
                      "Parallel Aware": false,
                      "Index Name": "keyword_id_movie_keyword",
                      "Startup Cost": 0.0,
                      "Total Cost": 8358.03,
                      "Plan Rows": 398613,
                      "Plan Width": 0,
                      "Actual Startup Time": 38.929,
                      "Actual Total Time": 38.929,
                      "Actual Rows": 387793,
                      "Actual Loops": 1,
                      "Index Cond": "(keyword_id > 44351)"
                    }
                  ]
                }
              ]
            }
          ]
        }
      ]
    },
    "Planning Time": 0.136,
    "Triggers": [],
    "Execution Time": 121.042
  }
]