{
  "Plan": {
    "Node Type": "Aggregate",
    "Strategy": "Plain",
    "Partial Mode": "Finalize",
    "Parallel Aware": false,
    "Startup Cost": 77004.7,
    "Total Cost": 77004.71,
    "Plan Rows": 1,
    "Plan Width": 8,
    "Actual Startup Time": 166.33,
    "Actual Total Time": 180.108,
    "Actual Rows": 1,
    "Actual Loops": 1,
    "Plans": [
      {
        "Node Type": "Gather",
        "Parent Relationship": "Outer",
        "Parallel Aware": false,
        "Startup Cost": 77004.59,
        "Total Cost": 77004.7,
        "Plan Rows": 1,
        "Plan Width": 8,
        "Actual Startup Time": 166.049,
        "Actual Total Time": 180.099,
        "Actual Rows": 2,
        "Actual Loops": 1,
        "Workers Planned": 1,
        "Workers Launched": 1,
        "Single Copy": false,
        "Plans": [
          {
            "Node Type": "Aggregate",
            "Strategy": "Plain",
            "Partial Mode": "Partial",
            "Parent Relationship": "Outer",
            "Parallel Aware": false,
            "Startup Cost": 76004.59,
            "Total Cost": 76004.6,
            "Plan Rows": 1,
            "Plan Width": 8,
            "Actual Startup Time": 160.012,
            "Actual Total Time": 160.016,
            "Actual Rows": 1,
            "Actual Loops": 2,
            "Plans": [
              {
                "Node Type": "Hash Join",
                "Parent Relationship": "Outer",
                "Parallel Aware": true,
                "Join Type": "Inner",
                "Startup Cost": 56440.46,
                "Total Cost": 76004.23,
                "Plan Rows": 141,
                "Plan Width": 0,
                "Actual Startup Time": 141.827,
                "Actual Total Time": 159.98,
                "Actual Rows": 494,
                "Actual Loops": 2,
                "Inner Unique": true,
                "Hash Cond": "(mc.movie_id = t.id)",
                "Plans": [
                  {
                    "Node Type": "Bitmap Heap Scan",
                    "Parent Relationship": "Outer",
                    "Parallel Aware": true,
                    "Relation Name": "movie_companies",
                    "Alias": "mc",
                    "Startup Cost": 1739.91,
                    "Total Cost": 21242.31,
                    "Plan Rows": 23379,
                    "Plan Width": 4,
                    "Actual Startup Time": 6.245,
                    "Actual Total Time": 20.982,
                    "Actual Rows": 33260,
                    "Actual Loops": 2,
                    "Recheck Cond": "(company_id < 19)",
                    "Rows Removed by Index Recheck": 0,
                    "Filter": "(company_type_id < 2)",
                    "Rows Removed by Filter": 8776,
                    "Exact Heap Blocks": 6118,
                    "Lossy Heap Blocks": 0,
                    "Plans": [
                      {
                        "Node Type": "Bitmap Index Scan",
                        "Parent Relationship": "Outer",
                        "Parallel Aware": false,
                        "Index Name": "company_id_movie_companies",
                        "Startup Cost": 0.0,
                        "Total Cost": 1729.97,
                        "Plan Rows": 80739,
                        "Plan Width": 0,
                        "Actual Startup Time": 5.102,
                        "Actual Total Time": 5.103,
                        "Actual Rows": 84071,
                        "Actual Loops": 1,
                        "Index Cond": "(company_id < 19)"
                      }
                    ]
                  },
                  {
                    "Node Type": "Hash",
                    "Parent Relationship": "Inner",
                    "Parallel Aware": true,
                    "Startup Cost": 54588.39,
                    "Total Cost": 54588.39,
                    "Plan Rows": 8973,
                    "Plan Width": 4,
                    "Actual Startup Time": 134.289,
                    "Actual Total Time": 134.29,
                    "Actual Rows": 6997,
                    "Actual Loops": 2,
                    "Hash Buckets": 16384,
                    "Original Hash Buckets": 16384,
                    "Hash Batches": 1,
                    "Original Hash Batches": 1,
                    "Peak Memory Usage": 704,
                    "Plans": [
                      {
                        "Node Type": "Seq Scan",
                        "Parent Relationship": "Outer",
                        "Parallel Aware": true,
                        "Relation Name": "title",
                        "Alias": "t",
                        "Startup Cost": 0.0,
                        "Total Cost": 54588.39,
                        "Plan Rows": 8973,
                        "Plan Width": 4,
                        "Actual Startup Time": 0.069,
                        "Actual Total Time": 131.719,
                        "Actual Rows": 6997,
                        "Actual Loops": 2,
                        "Filter": "(production_year = 1976)",
                        "Rows Removed by Filter": 1257159
                      }
                    ]
                  }
                ]
              }
            ]
          }
        ]
      }
    ]
  },
  "Planning Time": 0.56,
  "Triggers": [],
  "Execution Time": 180.199
}