[
    {
        "Bao": {
            "Bao prediction": "NaN",
            "Bao recommended hint": "(no hint)"
        }
    },
    {
        "Plan": {
            "Node Type": "Aggregate",
            "Strategy": "Plain",
            "Partial Mode": "Simple",
            "Parallel Aware": false,
            "Startup Cost": 21347.58,
            "Total Cost": 21347.59,
            "Plan Rows": 1,
            "Plan Width": 8,
            "Actual Startup Time": 20.806,
            "Actual Total Time": 20.808,
            "Actual Rows": 1,
            "Actual Loops": 1,
            "Output": [
                "count(*)"
            ],
            "Plans": [
                {
                    "Node Type": "Bitmap Heap Scan",
                    "Parent Relationship": "Outer",
                    "Parallel Aware": false,
                    "Relation Name": "movie_companies",
                    "Schema": "public",
                    "Alias": "mc",
                    "Startup Cost": 1512.43,
                    "Total Cost": 21173.39,
                    "Plan Rows": 69677,
                    "Plan Width": 0,
                    "Actual Startup Time": 3.691,
                    "Actual Total Time": 17.509,
                    "Actual Rows": 71471,
                    "Actual Loops": 1,
                    "Recheck Cond": "(mc.company_id > 175702)",
                    "Rows Removed by Index Recheck": 0,
                    "Exact Heap Blocks": 2465,
                    "Lossy Heap Blocks": 0,
                    "Plans": [
                        {
                            "Node Type": "Bitmap Index Scan",
                            "Parent Relationship": "Outer",
                            "Parallel Aware": false,
                            "Index Name": "company_id_movie_companies",
                            "Startup Cost": 0.0,
                            "Total Cost": 1495.01,
                            "Plan Rows": 69677,
                            "Plan Width": 0,
                            "Actual Startup Time": 3.334,
                            "Actual Total Time": 3.335,
                            "Actual Rows": 71471,
                            "Actual Loops": 1,
                            "Index Cond": "(mc.company_id > 175702)"
                        }
                    ]
                }
            ]
        },
        "Planning Time": 192.18,
        "Triggers": [],
        "Execution Time": 20.848
    }
]