[
  {
    "Plan": {
      "Node Type": "Aggregate",
      "Strategy": "Plain",
      "Partial Mode": "Finalize",
      "Parallel Aware": false,
      "Startup Cost": 251114.54,
      "Total Cost": 251114.55,
      "Plan Rows": 1,
      "Plan Width": 8,
      "Actual Startup Time": 657.788,
      "Actual Total Time": 706.58,
      "Actual Rows": 1,
      "Actual Loops": 1,
      "Plans": [
        {
          "Node Type": "Gather",
          "Parent Relationship": "Outer",
          "Parallel Aware": false,
          "Startup Cost": 251114.02,
          "Total Cost": 251114.53,
          "Plan Rows": 5,
          "Plan Width": 8,
          "Actual Startup Time": 645.754,
          "Actual Total Time": 706.562,
          "Actual Rows": 6,
          "Actual Loops": 1,
          "Workers Planned": 5,
          "Workers Launched": 5,
          "Single Copy": false,
          "Plans": [
            {
              "Node Type": "Aggregate",
              "Strategy": "Plain",
              "Partial Mode": "Partial",
              "Parent Relationship": "Outer",
              "Parallel Aware": false,
              "Startup Cost": 250114.02,
              "Total Cost": 250114.03,
              "Plan Rows": 1,
              "Plan Width": 8,
              "Actual Startup Time": 635.461,
              "Actual Total Time": 635.465,
              "Actual Rows": 1,
              "Actual Loops": 6,
              "Plans": [
                {
                  "Node Type": "Hash Join",
                  "Parent Relationship": "Outer",
                  "Parallel Aware": true,
                  "Join Type": "Inner",
                  "Startup Cost": 49125.55,
                  "Total Cost": 249387.35,
                  "Plan Rows": 290668,
                  "Plan Width": 0,
                  "Actual Startup Time": 225.724,
                  "Actual Total Time": 623.885,
                  "Actual Rows": 277944,
                  "Actual Loops": 6,
                  "Inner Unique": true,
                  "Hash Cond": "(mi.movie_id = t.id)",
                  "Plans": [
                    {
                      "Node Type": "Seq Scan",
                      "Parent Relationship": "Outer",
                      "Parallel Aware": true,
                      "Relation Name": "movie_info",
                      "Alias": "mi",
                      "Startup Cost": 0.0,
                      "Total Cost": 199108.24,
                      "Plan Rows": 439450,
                      "Plan Width": 4,
                      "Actual Startup Time": 16.527,
                      "Actual Total Time": 311.016,
                      "Actual Rows": 372308,
                      "Actual Loops": 6,
                      "Filter": "(info_type_id > 16)",
                      "Rows Removed by Filter": 2100312
                    },
                    {
                      "Node Type": "Hash",
                      "Parent Relationship": "Inner",
                      "Parallel Aware": true,
                      "Startup Cost": 43899.32,
                      "Total Cost": 43899.32,
                      "Plan Rows": 418098,
                      "Plan Width": 4,
                      "Actual Startup Time": 205.221,
                      "Actual Total Time": 205.222,
                      "Actual Rows": 278549,
                      "Actual Loops": 6,
                      "Hash Buckets": 2097152,
                      "Original Hash Buckets": 2097152,
                      "Hash Batches": 1,
                      "Original Hash Batches": 1,
                      "Peak Memory Usage": 81856,
                      "Plans": [
                        {
                          "Node Type": "Seq Scan",
                          "Parent Relationship": "Outer",
                          "Parallel Aware": true,
                          "Relation Name": "title",
                          "Alias": "t",
                          "Startup Cost": 0.0,
                          "Total Cost": 43899.32,
                          "Plan Rows": 418098,
                          "Plan Width": 4,
                          "Actual Startup Time": 0.041,
                          "Actual Total Time": 86.425,
                          "Actual Rows": 278549,
                          "Actual Loops": 6,
                          "Filter": "(production_year < 2008)",
                          "Rows Removed by Filter": 142837
                        }
                      ]
                    }
                  ]
                }
              ]
            }
          ]
        }
      ]
    },
    "Planning Time": 0.32,
    "Triggers": [],
    "Execution Time": 706.627
  }
]