{
  "Plan": {
    "Node Type": "Aggregate",
    "Strategy": "Plain",
    "Partial Mode": "Finalize",
    "Parallel Aware": false,
    "Startup Cost": 751896.26,
    "Total Cost": 751896.27,
    "Plan Rows": 1,
    "Plan Width": 8,
    "Actual Startup Time": 2565.63,
    "Actual Total Time": 2590.65,
    "Actual Rows": 1,
    "Actual Loops": 1,
    "Plans": [
      {
        "Node Type": "Gather",
        "Parent Relationship": "Outer",
        "Parallel Aware": false,
        "Startup Cost": 751896.15,
        "Total Cost": 751896.26,
        "Plan Rows": 1,
        "Plan Width": 8,
        "Actual Startup Time": 2556.465,
        "Actual Total Time": 2590.643,
        "Actual Rows": 2,
        "Actual Loops": 1,
        "Workers Planned": 1,
        "Workers Launched": 1,
        "Single Copy": false,
        "Plans": [
          {
            "Node Type": "Aggregate",
            "Strategy": "Plain",
            "Partial Mode": "Partial",
            "Parent Relationship": "Outer",
            "Parallel Aware": false,
            "Startup Cost": 750896.15,
            "Total Cost": 750896.16,
            "Plan Rows": 1,
            "Plan Width": 8,
            "Actual Startup Time": 2548.659,
            "Actual Total Time": 2548.665,
            "Actual Rows": 1,
            "Actual Loops": 2,
            "Plans": [
              {
                "Node Type": "Merge Join",
                "Parent Relationship": "Outer",
                "Parallel Aware": false,
                "Join Type": "Inner",
                "Startup Cost": 731657.11,
                "Total Cost": 750114.66,
                "Plan Rows": 312598,
                "Plan Width": 0,
                "Actual Startup Time": 2086.038,
                "Actual Total Time": 2532.636,
                "Actual Rows": 387655,
                "Actual Loops": 2,
                "Inner Unique": false,
                "Merge Cond": "(ci.movie_id = t.id)",
                "Plans": [
                  {
                    "Node Type": "Sort",
                    "Parent Relationship": "Outer",
                    "Parallel Aware": false,
                    "Startup Cost": 438185.36,
                    "Total Cost": 445070.46,
                    "Plan Rows": 2754039,
                    "Plan Width": 4,
                    "Actual Startup Time": 1163.608,
                    "Actual Total Time": 1388.445,
                    "Actual Rows": 2319568,
                    "Actual Loops": 2,
                    "Sort Key": [
                      "ci.movie_id"
                    ],
                    "Sort Method": "quicksort",
                    "Sort Space Used": 233271,
                    "Sort Space Type": "Memory",
                    "Workers": [
                      {
                        "Worker Number": 0,
                        "Sort Method": "quicksort",
                        "Sort Space Used": 131646,
                        "Sort Space Type": "Memory"
                      }
                    ],
                    "Plans": [
                      {
                        "Node Type": "Index Scan",
                        "Parent Relationship": "Outer",
                        "Parallel Aware": true,
                        "Scan Direction": "Forward",
                        "Index Name": "role_id_cast_info",
                        "Relation Name": "cast_info",
                        "Alias": "ci",
                        "Startup Cost": 0.56,
                        "Total Cost": 143597.96,
                        "Plan Rows": 2754039,
                        "Plan Width": 4,
                        "Actual Startup Time": 0.14,
                        "Actual Total Time": 496.15,
                        "Actual Rows": 2319568,
                        "Actual Loops": 2,
                        "Index Cond": "(role_id > 9)",
                        "Rows Removed by Index Recheck": 0
                      }
                    ]
                  },
                  {
                    "Node Type": "Sort",
                    "Parent Relationship": "Inner",
                    "Parallel Aware": false,
                    "Startup Cost": 293471.46,
                    "Total Cost": 294188.89,
                    "Plan Rows": 286975,
                    "Plan Width": 8,
                    "Actual Startup Time": 922.39,
                    "Actual Total Time": 945.02,
                    "Actual Rows": 575517,
                    "Actual Loops": 2,
                    "Sort Key": [
                      "t.id"
                    ],
                    "Sort Method": "quicksort",
                    "Sort Space Used": 24748,
                    "Sort Space Type": "Memory",
                    "Workers": [
                      {
                        "Worker Number": 0,
                        "Sort Method": "quicksort",
                        "Sort Space Used": 24748,
                        "Sort Space Type": "Memory"
                      }
                    ],
                    "Plans": [
                      {
                        "Node Type": "Hash Join",
                        "Parent Relationship": "Outer",
                        "Parallel Aware": false,
                        "Join Type": "Inner",
                        "Startup Cost": 93418.61,
                        "Total Cost": 267456.36,
                        "Plan Rows": 286975,
                        "Plan Width": 8,
                        "Actual Startup Time": 567.799,
                        "Actual Total Time": 863.165,
                        "Actual Rows": 265807,
                        "Actual Loops": 2,
                        "Inner Unique": true,
                        "Hash Cond": "(mi.movie_id = t.id)",
                        "Plans": [
                          {
                            "Node Type": "Bitmap Heap Scan",
                            "Parent Relationship": "Outer",
                            "Parallel Aware": false,
                            "Relation Name": "movie_info",
                            "Alias": "mi",
                            "Startup Cost": 14428.12,
                            "Total Cost": 186375.46,
                            "Plan Rows": 796347,
                            "Plan Width": 4,
                            "Actual Startup Time": 29.279,
                            "Actual Total Time": 96.839,
                            "Actual Rows": 802140,
                            "Actual Loops": 2,
                            "Recheck Cond": "(info_type_id < 2)",
                            "Rows Removed by Index Recheck": 0,
                            "Exact Heap Blocks": 4868,
                            "Lossy Heap Blocks": 0,
                            "Plans": [
                              {
                                "Node Type": "Bitmap Index Scan",
                                "Parent Relationship": "Outer",
                                "Parallel Aware": false,
                                "Index Name": "info_type_id_movie_info",
                                "Startup Cost": 0.0,
                                "Total Cost": 14229.04,
                                "Plan Rows": 796347,
                                "Plan Width": 0,
                                "Actual Startup Time": 28.588,
                                "Actual Total Time": 28.589,
                                "Actual Rows": 802140,
                                "Actual Loops": 2,
                                "Index Cond": "(info_type_id < 2)"
                              }
                            ]
                          },
                          {
                            "Node Type": "Hash",
                            "Parent Relationship": "Inner",
                            "Parallel Aware": false,
                            "Startup Cost": 67601.66,
                            "Total Cost": 67601.66,
                            "Plan Rows": 911106,
                            "Plan Width": 4,
                            "Actual Startup Time": 533.596,
                            "Actual Total Time": 533.597,
                            "Actual Rows": 904491,
                            "Actual Loops": 2,
                            "Hash Buckets": 1048576,
                            "Original Hash Buckets": 1048576,
                            "Hash Batches": 1,
                            "Original Hash Batches": 1,
                            "Peak Memory Usage": 39991,
                            "Plans": [
                              {
                                "Node Type": "Seq Scan",
                                "Parent Relationship": "Outer",
                                "Parallel Aware": false,
                                "Relation Name": "title",
                                "Alias": "t",
                                "Startup Cost": 0.0,
                                "Total Cost": 67601.66,
                                "Plan Rows": 911106,
                                "Plan Width": 4,
                                "Actual Startup Time": 0.034,
                                "Actual Total Time": 316.487,
                                "Actual Rows": 904491,
                                "Actual Loops": 2,
                                "Filter": "(production_year > 2006)",
                                "Rows Removed by Filter": 1623821
                              }
                            ]
                          }
                        ]
                      }
                    ]
                  }
                ]
              }
            ]
          }
        ]
      }
    ]
  },
  "Planning Time": 1.107,
  "Triggers": [],
  "Execution Time": 2610.889
}