{
  "Plan": {
    "Node Type": "Aggregate",
    "Strategy": "Plain",
    "Partial Mode": "Finalize",
    "Parallel Aware": false,
    "Startup Cost": 613180.12,
    "Total Cost": 613180.13,
    "Plan Rows": 1,
    "Plan Width": 8,
    "Actual Startup Time": 3466.835,
    "Actual Total Time": 3492.833,
    "Actual Rows": 1,
    "Actual Loops": 1,
    "Plans": [
      {
        "Node Type": "Gather",
        "Parent Relationship": "Outer",
        "Parallel Aware": false,
        "Startup Cost": 613180.01,
        "Total Cost": 613180.12,
        "Plan Rows": 1,
        "Plan Width": 8,
        "Actual Startup Time": 3461.465,
        "Actual Total Time": 3492.825,
        "Actual Rows": 2,
        "Actual Loops": 1,
        "Workers Planned": 1,
        "Workers Launched": 1,
        "Single Copy": false,
        "Plans": [
          {
            "Node Type": "Aggregate",
            "Strategy": "Plain",
            "Partial Mode": "Partial",
            "Parent Relationship": "Outer",
            "Parallel Aware": false,
            "Startup Cost": 612180.01,
            "Total Cost": 612180.02,
            "Plan Rows": 1,
            "Plan Width": 8,
            "Actual Startup Time": 3449.313,
            "Actual Total Time": 3449.317,
            "Actual Rows": 1,
            "Actual Loops": 2,
            "Plans": [
              {
                "Node Type": "Hash Join",
                "Parent Relationship": "Outer",
                "Parallel Aware": true,
                "Join Type": "Inner",
                "Startup Cost": 266840.58,
                "Total Cost": 599037.82,
                "Plan Rows": 5256874,
                "Plan Width": 0,
                "Actual Startup Time": 845.864,
                "Actual Total Time": 3256.634,
                "Actual Rows": 4432804,
                "Actual Loops": 2,
                "Inner Unique": true,
                "Hash Cond": "(ci.movie_id = t.id)",
                "Plans": [
                  {
                    "Node Type": "Bitmap Heap Scan",
                    "Parent Relationship": "Outer",
                    "Parallel Aware": true,
                    "Relation Name": "cast_info",
                    "Alias": "ci",
                    "Startup Cost": 197379.88,
                    "Total Cost": 515777.81,
                    "Plan Rows": 5256874,
                    "Plan Width": 4,
                    "Actual Startup Time": 306.02,
                    "Actual Total Time": 757.847,
                    "Actual Rows": 4432804,
                    "Actual Loops": 2,
                    "Recheck Cond": "(person_id > 2806504)",
                    "Rows Removed by Index Recheck": 0,
                    "Exact Heap Blocks": 52248,
                    "Lossy Heap Blocks": 0,
                    "Plans": [
                      {
                        "Node Type": "Bitmap Index Scan",
                        "Parent Relationship": "Outer",
                        "Parallel Aware": false,
                        "Index Name": "person_id_cast_info",
                        "Startup Cost": 0.0,
                        "Total Cost": 195145.71,
                        "Plan Rows": 8936686,
                        "Plan Width": 0,
                        "Actual Startup Time": 288.727,
                        "Actual Total Time": 288.727,
                        "Actual Rows": 8865609,
                        "Actual Loops": 1,
                        "Index Cond": "(person_id > 2806504)"
                      }
                    ]
                  },
                  {
                    "Node Type": "Hash",
                    "Parent Relationship": "Inner",
                    "Parallel Aware": true,
                    "Startup Cost": 50870.31,
                    "Total Cost": 50870.31,
                    "Plan Rows": 1487231,
                    "Plan Width": 4,
                    "Actual Startup Time": 517.595,
                    "Actual Total Time": 517.595,
                    "Actual Rows": 1264156,
                    "Actual Loops": 2,
                    "Hash Buckets": 4194304,
                    "Original Hash Buckets": 4194304,
                    "Hash Batches": 1,
                    "Original Hash Batches": 1,
                    "Peak Memory Usage": 131680,
                    "Plans": [
                      {
                        "Node Type": "Seq Scan",
                        "Parent Relationship": "Outer",
                        "Parallel Aware": true,
                        "Relation Name": "title",
                        "Alias": "t",
                        "Startup Cost": 0.0,
                        "Total Cost": 50870.31,
                        "Plan Rows": 1487231,
                        "Plan Width": 4,
                        "Actual Startup Time": 0.024,
                        "Actual Total Time": 155.272,
                        "Actual Rows": 1264156,
                        "Actual Loops": 2
                      }
                    ]
                  }
                ]
              }
            ]
          }
        ]
      }
    ]
  },
  "Planning Time": 0.64,
  "Triggers": [],
  "Execution Time": 3492.922
}