[
  {
    "Plan": {
      "Node Type": "Aggregate",
      "Strategy": "Plain",
      "Partial Mode": "Finalize",
      "Parallel Aware": false,
      "Startup Cost": 46992.2,
      "Total Cost": 46992.21,
      "Plan Rows": 1,
      "Plan Width": 8,
      "Actual Startup Time": 185.214,
      "Actual Total Time": 194.739,
      "Actual Rows": 1,
      "Actual Loops": 1,
      "Plans": [
        {
          "Node Type": "Gather",
          "Parent Relationship": "Outer",
          "Parallel Aware": false,
          "Startup Cost": 46991.88,
          "Total Cost": 46992.19,
          "Plan Rows": 3,
          "Plan Width": 8,
          "Actual Startup Time": 185.067,
          "Actual Total Time": 194.73,
          "Actual Rows": 4,
          "Actual Loops": 1,
          "Workers Planned": 3,
          "Workers Launched": 3,
          "Single Copy": false,
          "Plans": [
            {
              "Node Type": "Aggregate",
              "Strategy": "Plain",
              "Partial Mode": "Partial",
              "Parent Relationship": "Outer",
              "Parallel Aware": false,
              "Startup Cost": 45991.88,
              "Total Cost": 45991.89,
              "Plan Rows": 1,
              "Plan Width": 8,
              "Actual Startup Time": 178.387,
              "Actual Total Time": 178.389,
              "Actual Rows": 1,
              "Actual Loops": 4,
              "Plans": [
                {
                  "Node Type": "Seq Scan",
                  "Parent Relationship": "Outer",
                  "Parallel Aware": true,
                  "Relation Name": "movie_keyword",
                  "Alias": "mk",
                  "Startup Cost": 0.0,
                  "Total Cost": 42695.65,
                  "Plan Rows": 1318492,
                  "Plan Width": 0,
                  "Actual Startup Time": 0.082,
                  "Actual Total Time": 128.678,
                  "Actual Rows": 1023196,
                  "Actual Loops": 4,
                  "Filter": "(keyword_id < 40608)",
                  "Rows Removed by Filter": 107786
                }
              ]
            }
          ]
        }
      ]
    },
    "Planning Time": 0.189,
    "Triggers": [],
    "Execution Time": 194.784
  }
]