[
  {
    "Plan": {
      "Node Type": "Aggregate",
      "Strategy": "Plain",
      "Partial Mode": "Finalize",
      "Parallel Aware": false,
      "Startup Cost": 32744.9,
      "Total Cost": 32744.91,
      "Plan Rows": 1,
      "Plan Width": 8,
      "Actual Startup Time": 78.55,
      "Actual Total Time": 86.42,
      "Actual Rows": 1,
      "Actual Loops": 1,
      "Plans": [
        {
          "Node Type": "Gather",
          "Parent Relationship": "Outer",
          "Parallel Aware": false,
          "Startup Cost": 32744.58,
          "Total Cost": 32744.89,
          "Plan Rows": 3,
          "Plan Width": 8,
          "Actual Startup Time": 78.432,
          "Actual Total Time": 86.411,
          "Actual Rows": 4,
          "Actual Loops": 1,
          "Workers Planned": 3,
          "Workers Launched": 3,
          "Single Copy": false,
          "Plans": [
            {
              "Node Type": "Aggregate",
              "Strategy": "Plain",
              "Partial Mode": "Partial",
              "Parent Relationship": "Outer",
              "Parallel Aware": false,
              "Startup Cost": 31744.58,
              "Total Cost": 31744.59,
              "Plan Rows": 1,
              "Plan Width": 8,
              "Actual Startup Time": 73.439,
              "Actual Total Time": 73.441,
              "Actual Rows": 1,
              "Actual Loops": 4,
              "Plans": [
                {
                  "Node Type": "Seq Scan",
                  "Parent Relationship": "Outer",
                  "Parallel Aware": true,
                  "Relation Name": "movie_companies",
                  "Alias": "mc",
                  "Startup Cost": 0.0,
                  "Total Cost": 31414.82,
                  "Plan Rows": 131905,
                  "Plan Width": 0,
                  "Actual Startup Time": 42.286,
                  "Actual Total Time": 70.947,
                  "Actual Rows": 57869,
                  "Actual Loops": 4,
                  "Filter": "((company_id < 1741) AND (company_type_id = 2))",
                  "Rows Removed by Filter": 594413
                }
              ]
            }
          ]
        }
      ]
    },
    "Planning Time": 0.195,
    "Triggers": [],
    "Execution Time": 86.472
  }
]