[
  {
    "Plan": {
      "Node Type": "Aggregate",
      "Strategy": "Plain",
      "Partial Mode": "Finalize",
      "Parallel Aware": false,
      "Startup Cost": 619555.01,
      "Total Cost": 619555.02,
      "Plan Rows": 1,
      "Plan Width": 8,
      "Actual Startup Time": 3229.044,
      "Actual Total Time": 3307.811,
      "Actual Rows": 1,
      "Actual Loops": 1,
      "Plans": [
        {
          "Node Type": "Gather",
          "Parent Relationship": "Outer",
          "Parallel Aware": false,
          "Startup Cost": 619554.49,
          "Total Cost": 619555.0,
          "Plan Rows": 5,
          "Plan Width": 8,
          "Actual Startup Time": 3206.28,
          "Actual Total Time": 3307.799,
          "Actual Rows": 6,
          "Actual Loops": 1,
          "Workers Planned": 5,
          "Workers Launched": 5,
          "Single Copy": false,
          "Plans": [
            {
              "Node Type": "Aggregate",
              "Strategy": "Plain",
              "Partial Mode": "Partial",
              "Parent Relationship": "Outer",
              "Parallel Aware": false,
              "Startup Cost": 618554.49,
              "Total Cost": 618554.5,
              "Plan Rows": 1,
              "Plan Width": 8,
              "Actual Startup Time": 3180.877,
              "Actual Total Time": 3181.224,
              "Actual Rows": 1,
              "Actual Loops": 6,
              "Plans": [
                {
                  "Node Type": "Hash Join",
                  "Parent Relationship": "Outer",
                  "Parallel Aware": true,
                  "Join Type": "Inner",
                  "Startup Cost": 392843.52,
                  "Total Cost": 604819.76,
                  "Plan Rows": 5493889,
                  "Plan Width": 0,
                  "Actual Startup Time": 1809.932,
                  "Actual Total Time": 3056.486,
                  "Actual Rows": 2813185,
                  "Actual Loops": 6,
                  "Inner Unique": false,
                  "Hash Cond": "(mi.movie_id = t.id)",
                  "Plans": [
                    {
                      "Node Type": "Seq Scan",
                      "Parent Relationship": "Outer",
                      "Parallel Aware": true,
                      "Relation Name": "movie_info",
                      "Alias": "mi",
                      "Startup Cost": 0.0,
                      "Total Cost": 191685.19,
                      "Plan Rows": 2969219,
                      "Plan Width": 4,
                      "Actual Startup Time": 0.025,
                      "Actual Total Time": 302.179,
                      "Actual Rows": 2472620,
                      "Actual Loops": 6
                    },
                    {
                      "Node Type": "Hash",
                      "Parent Relationship": "Inner",
                      "Parallel Aware": true,
                      "Startup Cost": 383097.08,
                      "Total Cost": 383097.08,
                      "Plan Rows": 779715,
                      "Plan Width": 8,
                      "Actual Startup Time": 1799.38,
                      "Actual Total Time": 1799.726,
                      "Actual Rows": 545435,
                      "Actual Loops": 6,
                      "Hash Buckets": 8388608,
                      "Original Hash Buckets": 8388608,
                      "Hash Batches": 1,
                      "Original Hash Batches": 1,
                      "Peak Memory Usage": 193664,
                      "Plans": [
                        {
                          "Node Type": "Hash Join",
                          "Parent Relationship": "Outer",
                          "Parallel Aware": true,
                          "Join Type": "Inner",
                          "Startup Cost": 47744.07,
                          "Total Cost": 383097.08,
                          "Plan Rows": 779715,
                          "Plan Width": 8,
                          "Actual Startup Time": 396.099,
                          "Actual Total Time": 1520.895,
                          "Actual Rows": 545435,
                          "Actual Loops": 6,
                          "Inner Unique": true,
                          "Hash Cond": "(ci.movie_id = t.id)",
                          "Plans": [
                            {
                              "Node Type": "Seq Scan",
                              "Parent Relationship": "Outer",
                              "Parallel Aware": true,
                              "Relation Name": "cast_info",
                              "Alias": "ci",
                              "Startup Cost": 0.0,
                              "Total Cost": 328211.39,
                              "Plan Rows": 2720611,
                              "Plan Width": 4,
                              "Actual Startup Time": 251.985,
                              "Actual Total Time": 725.394,
                              "Actual Rows": 2678780,
                              "Actual Loops": 6,
                              "Filter": "(person_id > 2026559)",
                              "Rows Removed by Filter": 3361944
                            },
                            {
                              "Node Type": "Hash",
                              "Parent Relationship": "Inner",
                              "Parallel Aware": true,
                              "Startup Cost": 45479.59,
                              "Total Cost": 45479.59,
                              "Plan Rows": 181159,
                              "Plan Width": 4,
                              "Actual Startup Time": 142.717,
                              "Actual Total Time": 142.719,
                              "Actual Rows": 106405,
                              "Actual Loops": 6,
                              "Hash Buckets": 1048576,
                              "Original Hash Buckets": 1048576,
                              "Hash Batches": 1,
                              "Original Hash Batches": 1,
                              "Peak Memory Usage": 33248,
                              "Plans": [
                                {
                                  "Node Type": "Seq Scan",
                                  "Parent Relationship": "Outer",
                                  "Parallel Aware": true,
                                  "Relation Name": "title",
                                  "Alias": "t",
                                  "Startup Cost": 0.0,
                                  "Total Cost": 45479.59,
                                  "Plan Rows": 181159,
                                  "Plan Width": 4,
                                  "Actual Startup Time": 0.056,
                                  "Actual Total Time": 91.441,
                                  "Actual Rows": 106405,
                                  "Actual Loops": 6,
                                  "Filter": "((production_year < 2003) AND (kind_id = 7))",
                                  "Rows Removed by Filter": 314980
                                }
                              ]
                            }
                          ]
                        }
                      ]
                    }
                  ]
                }
              ]
            }
          ]
        }
      ]
    },
    "Planning Time": 0.506,
    "Triggers": [],
    "Execution Time": 3307.869
  }
]