[
  {
    "Plan": {
      "Node Type": "Aggregate",
      "Strategy": "Plain",
      "Partial Mode": "Finalize",
      "Parallel Aware": false,
      "Startup Cost": 353561.25,
      "Total Cost": 353561.26,
      "Plan Rows": 1,
      "Plan Width": 8,
      "Actual Startup Time": 835.08,
      "Actual Total Time": 882.312,
      "Actual Rows": 1,
      "Actual Loops": 1,
      "Plans": [
        {
          "Node Type": "Gather",
          "Parent Relationship": "Outer",
          "Parallel Aware": false,
          "Startup Cost": 353560.63,
          "Total Cost": 353561.24,
          "Plan Rows": 6,
          "Plan Width": 8,
          "Actual Startup Time": 834.897,
          "Actual Total Time": 882.301,
          "Actual Rows": 7,
          "Actual Loops": 1,
          "Workers Planned": 6,
          "Workers Launched": 6,
          "Single Copy": false,
          "Plans": [
            {
              "Node Type": "Aggregate",
              "Strategy": "Plain",
              "Partial Mode": "Partial",
              "Parent Relationship": "Outer",
              "Parallel Aware": false,
              "Startup Cost": 352560.63,
              "Total Cost": 352560.64,
              "Plan Rows": 1,
              "Plan Width": 8,
              "Actual Startup Time": 827.744,
              "Actual Total Time": 827.747,
              "Actual Rows": 1,
              "Actual Loops": 7,
              "Plans": [
                {
                  "Node Type": "Seq Scan",
                  "Parent Relationship": "Outer",
                  "Parallel Aware": true,
                  "Relation Name": "cast_info",
                  "Alias": "ci",
                  "Startup Cost": 0.0,
                  "Total Cost": 343316.27,
                  "Plan Rows": 3697743,
                  "Plan Width": 0,
                  "Actual Startup Time": 225.148,
                  "Actual Total Time": 687.962,
                  "Actual Rows": 3077951,
                  "Actual Loops": 7,
                  "Filter": "((person_id < 3664221) AND (role_id > 1))",
                  "Rows Removed by Filter": 2099813
                }
              ]
            }
          ]
        }
      ]
    },
    "Planning Time": 0.109,
    "Triggers": [],
    "Execution Time": 882.36
  }
]