[
  {
    "Plan": {
      "Node Type": "Aggregate",
      "Strategy": "Plain",
      "Partial Mode": "Finalize",
      "Parallel Aware": false,
      "Startup Cost": 353577.67,
      "Total Cost": 353577.68,
      "Plan Rows": 1,
      "Plan Width": 8,
      "Actual Startup Time": 952.705,
      "Actual Total Time": 1019.111,
      "Actual Rows": 1,
      "Actual Loops": 1,
      "Plans": [
        {
          "Node Type": "Gather",
          "Parent Relationship": "Outer",
          "Parallel Aware": false,
          "Startup Cost": 353577.04,
          "Total Cost": 353577.65,
          "Plan Rows": 6,
          "Plan Width": 8,
          "Actual Startup Time": 952.608,
          "Actual Total Time": 1019.101,
          "Actual Rows": 7,
          "Actual Loops": 1,
          "Workers Planned": 6,
          "Workers Launched": 6,
          "Single Copy": false,
          "Plans": [
            {
              "Node Type": "Aggregate",
              "Strategy": "Plain",
              "Partial Mode": "Partial",
              "Parent Relationship": "Outer",
              "Parallel Aware": false,
              "Startup Cost": 352577.04,
              "Total Cost": 352577.05,
              "Plan Rows": 1,
              "Plan Width": 8,
              "Actual Startup Time": 942.957,
              "Actual Total Time": 942.958,
              "Actual Rows": 1,
              "Actual Loops": 7,
              "Plans": [
                {
                  "Node Type": "Seq Scan",
                  "Parent Relationship": "Outer",
                  "Parallel Aware": true,
                  "Relation Name": "cast_info",
                  "Alias": "ci",
                  "Startup Cost": 0.0,
                  "Total Cost": 343257.03,
                  "Plan Rows": 3728005,
                  "Plan Width": 0,
                  "Actual Startup Time": 251.497,
                  "Actual Total Time": 788.925,
                  "Actual Rows": 3077951,
                  "Actual Loops": 7,
                  "Filter": "((person_id < 3664221) AND (role_id > 1))",
                  "Rows Removed by Filter": 2099813
                }
              ]
            }
          ]
        }
      ]
    },
    "Planning Time": 0.186,
    "Triggers": [],
    "Execution Time": 1019.175
  }
]