[
  {
    "Plan": {
      "Node Type": "Aggregate",
      "Strategy": "Plain",
      "Partial Mode": "Finalize",
      "Parallel Aware": false,
      "Startup Cost": 29191.52,
      "Total Cost": 29191.53,
      "Plan Rows": 1,
      "Plan Width": 8,
      "Actual Startup Time": 75.865,
      "Actual Total Time": 82.212,
      "Actual Rows": 1,
      "Actual Loops": 1,
      "Plans": [
        {
          "Node Type": "Gather",
          "Parent Relationship": "Outer",
          "Parallel Aware": false,
          "Startup Cost": 29191.2,
          "Total Cost": 29191.51,
          "Plan Rows": 3,
          "Plan Width": 8,
          "Actual Startup Time": 75.648,
          "Actual Total Time": 82.203,
          "Actual Rows": 4,
          "Actual Loops": 1,
          "Workers Planned": 3,
          "Workers Launched": 3,
          "Single Copy": false,
          "Plans": [
            {
              "Node Type": "Aggregate",
              "Strategy": "Plain",
              "Partial Mode": "Partial",
              "Parent Relationship": "Outer",
              "Parallel Aware": false,
              "Startup Cost": 28191.2,
              "Total Cost": 28191.21,
              "Plan Rows": 1,
              "Plan Width": 8,
              "Actual Startup Time": 71.845,
              "Actual Total Time": 71.846,
              "Actual Rows": 1,
              "Actual Loops": 4,
              "Plans": [
                {
                  "Node Type": "Bitmap Heap Scan",
                  "Parent Relationship": "Outer",
                  "Parallel Aware": true,
                  "Relation Name": "movie_keyword",
                  "Alias": "mk",
                  "Startup Cost": 3043.5,
                  "Total Cost": 28075.58,
                  "Plan Rows": 46246,
                  "Plan Width": 0,
                  "Actual Startup Time": 28.928,
                  "Actual Total Time": 69.385,
                  "Actual Rows": 35650,
                  "Actual Loops": 4,
                  "Recheck Cond": "(keyword_id > 74642)",
                  "Rows Removed by Index Recheck": 0,
                  "Exact Heap Blocks": 10996,
                  "Lossy Heap Blocks": 0,
                  "Plans": [
                    {
                      "Node Type": "Bitmap Index Scan",
                      "Parent Relationship": "Outer",
                      "Parallel Aware": false,
                      "Index Name": "keyword_id_movie_keyword",
                      "Startup Cost": 0.0,
                      "Total Cost": 3007.66,
                      "Plan Rows": 143364,
                      "Plan Width": 0,
                      "Actual Startup Time": 26.599,
                      "Actual Total Time": 26.599,
                      "Actual Rows": 142602,
                      "Actual Loops": 1,
                      "Index Cond": "(keyword_id > 74642)"
                    }
                  ]
                }
              ]
            }
          ]
        }
      ]
    },
    "Planning Time": 0.183,
    "Triggers": [],
    "Execution Time": 82.286
  }
]