[
  {
    "Plan": {
      "Node Type": "Aggregate",
      "Strategy": "Plain",
      "Partial Mode": "Simple",
      "Parallel Aware": false,
      "Startup Cost": 21799.26,
      "Total Cost": 21799.27,
      "Plan Rows": 1,
      "Plan Width": 8,
      "Actual Startup Time": 37.122,
      "Actual Total Time": 37.123,
      "Actual Rows": 1,
      "Actual Loops": 1,
      "Plans": [
        {
          "Node Type": "Bitmap Heap Scan",
          "Parent Relationship": "Outer",
          "Parallel Aware": false,
          "Relation Name": "movie_companies",
          "Alias": "mc",
          "Startup Cost": 1715.11,
          "Total Cost": 21698.29,
          "Plan Rows": 40388,
          "Plan Width": 0,
          "Actual Startup Time": 31.315,
          "Actual Total Time": 36.329,
          "Actual Rows": 17180,
          "Actual Loops": 1,
          "Recheck Cond": "(company_id < 16)",
          "Rows Removed by Index Recheck": 0,
          "Filter": "(company_type_id = 2)",
          "Rows Removed by Filter": 65387,
          "Exact Heap Blocks": 7612,
          "Lossy Heap Blocks": 0,
          "Plans": [
            {
              "Node Type": "Bitmap Index Scan",
              "Parent Relationship": "Outer",
              "Parallel Aware": false,
              "Index Name": "company_id_movie_companies",
              "Startup Cost": 0.0,
              "Total Cost": 1705.02,
              "Plan Rows": 79545,
              "Plan Width": 0,
              "Actual Startup Time": 9.463,
              "Actual Total Time": 9.463,
              "Actual Rows": 82567,
              "Actual Loops": 1,
              "Index Cond": "(company_id < 16)"
            }
          ]
        }
      ]
    },
    "Planning Time": 0.199,
    "Triggers": [],
    "Execution Time": 37.162
  }
]