{
  "Plan": {
    "Node Type": "Aggregate",
    "Strategy": "Plain",
    "Partial Mode": "Finalize",
    "Parallel Aware": false,
    "Startup Cost": 147323.32,
    "Total Cost": 147323.33,
    "Plan Rows": 1,
    "Plan Width": 8,
    "Actual Startup Time": 1108.116,
    "Actual Total Time": 1130.201,
    "Actual Rows": 1,
    "Actual Loops": 1,
    "Plans": [
      {
        "Node Type": "Gather",
        "Parent Relationship": "Outer",
        "Parallel Aware": false,
        "Startup Cost": 147323.21,
        "Total Cost": 147323.32,
        "Plan Rows": 1,
        "Plan Width": 8,
        "Actual Startup Time": 1102.274,
        "Actual Total Time": 1130.192,
        "Actual Rows": 2,
        "Actual Loops": 1,
        "Workers Planned": 1,
        "Workers Launched": 1,
        "Single Copy": false,
        "Plans": [
          {
            "Node Type": "Aggregate",
            "Strategy": "Plain",
            "Partial Mode": "Partial",
            "Parent Relationship": "Outer",
            "Parallel Aware": false,
            "Startup Cost": 146323.21,
            "Total Cost": 146323.22,
            "Plan Rows": 1,
            "Plan Width": 8,
            "Actual Startup Time": 1085.508,
            "Actual Total Time": 1085.515,
            "Actual Rows": 1,
            "Actual Loops": 2,
            "Plans": [
              {
                "Node Type": "Hash Join",
                "Parent Relationship": "Outer",
                "Parallel Aware": true,
                "Join Type": "Inner",
                "Startup Cost": 102842.23,
                "Total Cost": 146037.44,
                "Plan Rows": 114309,
                "Plan Width": 0,
                "Actual Startup Time": 777.74,
                "Actual Total Time": 1049.314,
                "Actual Rows": 890218,
                "Actual Loops": 2,
                "Inner Unique": false,
                "Hash Cond": "(mc.movie_id = t.id)",
                "Plans": [
                  {
                    "Node Type": "Seq Scan",
                    "Parent Relationship": "Outer",
                    "Parallel Aware": true,
                    "Relation Name": "movie_companies",
                    "Alias": "mc",
                    "Startup Cost": 0.0,
                    "Total Cost": 37974.77,
                    "Plan Rows": 1212806,
                    "Plan Width": 4,
                    "Actual Startup Time": 0.026,
                    "Actual Total Time": 127.656,
                    "Actual Rows": 1024152,
                    "Actual Loops": 2,
                    "Filter": "(company_id < 71611)",
                    "Rows Removed by Filter": 280413
                  },
                  {
                    "Node Type": "Hash",
                    "Parent Relationship": "Inner",
                    "Parallel Aware": true,
                    "Startup Cost": 101090.06,
                    "Total Cost": 101090.06,
                    "Plan Rows": 140174,
                    "Plan Width": 8,
                    "Actual Startup Time": 735.567,
                    "Actual Total Time": 735.573,
                    "Actual Rows": 114284,
                    "Actual Loops": 2,
                    "Hash Buckets": 262144,
                    "Original Hash Buckets": 262144,
                    "Hash Batches": 1,
                    "Original Hash Batches": 1,
                    "Peak Memory Usage": 11040,
                    "Plans": [
                      {
                        "Node Type": "Hash Join",
                        "Parent Relationship": "Outer",
                        "Parallel Aware": true,
                        "Join Type": "Inner",
                        "Startup Cost": 74515.93,
                        "Total Cost": 101090.06,
                        "Plan Rows": 140174,
                        "Plan Width": 8,
                        "Actual Startup Time": 616.983,
                        "Actual Total Time": 707.389,
                        "Actual Rows": 114284,
                        "Actual Loops": 2,
                        "Inner Unique": true,
                        "Hash Cond": "(mk.movie_id = t.id)",
                        "Plans": [
                          {
                            "Node Type": "Bitmap Heap Scan",
                            "Parent Relationship": "Outer",
                            "Parallel Aware": true,
                            "Relation Name": "movie_keyword",
                            "Alias": "mk",
                            "Startup Cost": 5055.23,
                            "Total Cost": 31261.4,
                            "Plan Rows": 140174,
                            "Plan Width": 4,
                            "Actual Startup Time": 17.414,
                            "Actual Total Time": 69.872,
                            "Actual Rows": 114284,
                            "Actual Loops": 2,
                            "Recheck Cond": "(keyword_id > 63609)",
                            "Rows Removed by Index Recheck": 0,
                            "Exact Heap Blocks": 10960,
                            "Lossy Heap Blocks": 0,
                            "Plans": [
                              {
                                "Node Type": "Bitmap Index Scan",
                                "Parent Relationship": "Outer",
                                "Parallel Aware": false,
                                "Index Name": "keyword_id_movie_keyword",
                                "Startup Cost": 0.0,
                                "Total Cost": 4995.65,
                                "Plan Rows": 238296,
                                "Plan Width": 0,
                                "Actual Startup Time": 14.228,
                                "Actual Total Time": 14.228,
                                "Actual Rows": 228569,
                                "Actual Loops": 1,
                                "Index Cond": "(keyword_id > 63609)"
                              }
                            ]
                          },
                          {
                            "Node Type": "Hash",
                            "Parent Relationship": "Inner",
                            "Parallel Aware": true,
                            "Startup Cost": 50870.31,
                            "Total Cost": 50870.31,
                            "Plan Rows": 1487231,
                            "Plan Width": 4,
                            "Actual Startup Time": 577.888,
                            "Actual Total Time": 577.889,
                            "Actual Rows": 1264156,
                            "Actual Loops": 2,
                            "Hash Buckets": 4194304,
                            "Original Hash Buckets": 4194304,
                            "Hash Batches": 1,
                            "Original Hash Batches": 1,
                            "Peak Memory Usage": 131680,
                            "Plans": [
                              {
                                "Node Type": "Seq Scan",
                                "Parent Relationship": "Outer",
                                "Parallel Aware": true,
                                "Relation Name": "title",
                                "Alias": "t",
                                "Startup Cost": 0.0,
                                "Total Cost": 50870.31,
                                "Plan Rows": 1487231,
                                "Plan Width": 4,
                                "Actual Startup Time": 0.05,
                                "Actual Total Time": 163.413,
                                "Actual Rows": 1264156,
                                "Actual Loops": 2
                              }
                            ]
                          }
                        ]
                      }
                    ]
                  }
                ]
              }
            ]
          }
        ]
      }
    ]
  },
  "Planning Time": 1.212,
  "Triggers": [],
  "Execution Time": 1130.323
}