[
  {
    "Plan": {
      "Node Type": "Aggregate",
      "Strategy": "Plain",
      "Partial Mode": "Finalize",
      "Parallel Aware": false,
      "Startup Cost": 135121.58,
      "Total Cost": 135121.59,
      "Plan Rows": 1,
      "Plan Width": 8,
      "Actual Startup Time": 796.265,
      "Actual Total Time": 818.752,
      "Actual Rows": 1,
      "Actual Loops": 1,
      "Plans": [
        {
          "Node Type": "Gather",
          "Parent Relationship": "Outer",
          "Parallel Aware": false,
          "Startup Cost": 135121.26,
          "Total Cost": 135121.57,
          "Plan Rows": 3,
          "Plan Width": 8,
          "Actual Startup Time": 790.058,
          "Actual Total Time": 818.735,
          "Actual Rows": 4,
          "Actual Loops": 1,
          "Workers Planned": 3,
          "Workers Launched": 3,
          "Single Copy": false,
          "Plans": [
            {
              "Node Type": "Aggregate",
              "Strategy": "Plain",
              "Partial Mode": "Partial",
              "Parent Relationship": "Outer",
              "Parallel Aware": false,
              "Startup Cost": 134121.26,
              "Total Cost": 134121.27,
              "Plan Rows": 1,
              "Plan Width": 8,
              "Actual Startup Time": 781.129,
              "Actual Total Time": 781.416,
              "Actual Rows": 1,
              "Actual Loops": 4,
              "Plans": [
                {
                  "Node Type": "Hash Join",
                  "Parent Relationship": "Outer",
                  "Parallel Aware": true,
                  "Join Type": "Inner",
                  "Startup Cost": 83837.08,
                  "Total Cost": 132929.17,
                  "Plan Rows": 476836,
                  "Plan Width": 0,
                  "Actual Startup Time": 521.405,
                  "Actual Total Time": 772.14,
                  "Actual Rows": 171214,
                  "Actual Loops": 4,
                  "Inner Unique": false,
                  "Hash Cond": "(mk.movie_id = t.id)",
                  "Plans": [
                    {
                      "Node Type": "Seq Scan",
                      "Parent Relationship": "Outer",
                      "Parallel Aware": true,
                      "Relation Name": "movie_keyword",
                      "Alias": "mk",
                      "Startup Cost": 0.0,
                      "Total Cost": 42695.65,
                      "Plan Rows": 1295536,
                      "Plan Width": 4,
                      "Actual Startup Time": 0.053,
                      "Actual Total Time": 143.424,
                      "Actual Rows": 1001433,
                      "Actual Loops": 4,
                      "Filter": "(keyword_id > 377)",
                      "Rows Removed by Filter": 129550
                    },
                    {
                      "Node Type": "Hash",
                      "Parent Relationship": "Inner",
                      "Parallel Aware": true,
                      "Startup Cost": 80084.79,
                      "Total Cost": 80084.79,
                      "Plan Rows": 300183,
                      "Plan Width": 8,
                      "Actual Startup Time": 516.358,
                      "Actual Total Time": 516.643,
                      "Actual Rows": 70618,
                      "Actual Loops": 4,
                      "Hash Buckets": 1048576,
                      "Original Hash Buckets": 1048576,
                      "Hash Batches": 1,
                      "Original Hash Batches": 1,
                      "Peak Memory Usage": 19328,
                      "Plans": [
                        {
                          "Node Type": "Hash Join",
                          "Parent Relationship": "Outer",
                          "Parallel Aware": true,
                          "Join Type": "Inner",
                          "Startup Cost": 49011.77,
                          "Total Cost": 80084.79,
                          "Plan Rows": 300183,
                          "Plan Width": 8,
                          "Actual Startup Time": 249.955,
                          "Actual Total Time": 481.991,
                          "Actual Rows": 70618,
                          "Actual Loops": 4,
                          "Inner Unique": true,
                          "Hash Cond": "(mc.movie_id = t.id)",
                          "Plans": [
                            {
                              "Node Type": "Seq Scan",
                              "Parent Relationship": "Outer",
                              "Parallel Aware": true,
                              "Relation Name": "movie_companies",
                              "Alias": "mc",
                              "Startup Cost": 0.0,
                              "Total Cost": 29310.68,
                              "Plan Rows": 671367,
                              "Plan Width": 4,
                              "Actual Startup Time": 0.158,
                              "Actual Total Time": 90.935,
                              "Actual Rows": 520494,
                              "Actual Loops": 4,
                              "Filter": "(company_id > 483)",
                              "Rows Removed by Filter": 131788
                            },
                            {
                              "Node Type": "Hash",
                              "Parent Relationship": "Inner",
                              "Parallel Aware": true,
                              "Startup Cost": 45479.1,
                              "Total Cost": 45479.1,
                              "Plan Rows": 282614,
                              "Plan Width": 4,
                              "Actual Startup Time": 245.239,
                              "Actual Total Time": 245.24,
                              "Actual Rows": 306168,
                              "Actual Loops": 4,
                              "Hash Buckets": 2097152,
                              "Original Hash Buckets": 2097152,
                              "Hash Batches": 1,
                              "Original Hash Batches": 1,
                              "Peak Memory Usage": 64352,
                              "Plans": [
                                {
                                  "Node Type": "Seq Scan",
                                  "Parent Relationship": "Outer",
                                  "Parallel Aware": true,
                                  "Relation Name": "title",
                                  "Alias": "t",
                                  "Startup Cost": 0.0,
                                  "Total Cost": 45479.1,
                                  "Plan Rows": 282614,
                                  "Plan Width": 4,
                                  "Actual Startup Time": 0.043,
                                  "Actual Total Time": 117.843,
                                  "Actual Rows": 306168,
                                  "Actual Loops": 4,
                                  "Filter": "((production_year > 1985) AND (kind_id = 7))",
                                  "Rows Removed by Filter": 325910
                                }
                              ]
                            }
                          ]
                        }
                      ]
                    }
                  ]
                }
              ]
            }
          ]
        }
      ]
    },
    "Planning Time": 1.368,
    "Triggers": [],
    "Execution Time": 818.86
  }
]