[
  {
    "Plan": {
      "Node Type": "Aggregate",
      "Strategy": "Plain",
      "Partial Mode": "Finalize",
      "Parallel Aware": false,
      "Startup Cost": 331320.05,
      "Total Cost": 331320.06,
      "Plan Rows": 1,
      "Plan Width": 8,
      "Actual Startup Time": 678.536,
      "Actual Total Time": 738.909,
      "Actual Rows": 1,
      "Actual Loops": 1,
      "Plans": [
        {
          "Node Type": "Gather",
          "Parent Relationship": "Outer",
          "Parallel Aware": false,
          "Startup Cost": 331319.42,
          "Total Cost": 331320.03,
          "Plan Rows": 6,
          "Plan Width": 8,
          "Actual Startup Time": 678.404,
          "Actual Total Time": 738.898,
          "Actual Rows": 7,
          "Actual Loops": 1,
          "Workers Planned": 6,
          "Workers Launched": 6,
          "Single Copy": false,
          "Plans": [
            {
              "Node Type": "Aggregate",
              "Strategy": "Plain",
              "Partial Mode": "Partial",
              "Parent Relationship": "Outer",
              "Parallel Aware": false,
              "Startup Cost": 330319.42,
              "Total Cost": 330319.43,
              "Plan Rows": 1,
              "Plan Width": 8,
              "Actual Startup Time": 670.415,
              "Actual Total Time": 670.417,
              "Actual Rows": 1,
              "Actual Loops": 7,
              "Plans": [
                {
                  "Node Type": "Seq Scan",
                  "Parent Relationship": "Outer",
                  "Parallel Aware": true,
                  "Relation Name": "cast_info",
                  "Alias": "ci",
                  "Startup Cost": 0.0,
                  "Total Cost": 328162.03,
                  "Plan Rows": 862958,
                  "Plan Width": 0,
                  "Actual Startup Time": 0.043,
                  "Actual Total Time": 627.229,
                  "Actual Rows": 764467,
                  "Actual Loops": 7,
                  "Filter": "(person_id < 516551)",
                  "Rows Removed by Filter": 4413297
                }
              ]
            }
          ]
        }
      ]
    },
    "Planning Time": 0.102,
    "Triggers": [],
    "Execution Time": 738.959
  }
]