[
  {
    "Plan": {
      "Node Type": "Aggregate",
      "Strategy": "Plain",
      "Partial Mode": "Finalize",
      "Parallel Aware": false,
      "Startup Cost": 60842.28,
      "Total Cost": 60842.29,
      "Plan Rows": 1,
      "Plan Width": 8,
      "Actual Startup Time": 138.897,
      "Actual Total Time": 156.871,
      "Actual Rows": 1,
      "Actual Loops": 1,
      "Plans": [
        {
          "Node Type": "Gather",
          "Parent Relationship": "Outer",
          "Parallel Aware": false,
          "Startup Cost": 60841.86,
          "Total Cost": 60842.27,
          "Plan Rows": 4,
          "Plan Width": 8,
          "Actual Startup Time": 138.6,
          "Actual Total Time": 156.857,
          "Actual Rows": 5,
          "Actual Loops": 1,
          "Workers Planned": 4,
          "Workers Launched": 4,
          "Single Copy": false,
          "Plans": [
            {
              "Node Type": "Aggregate",
              "Strategy": "Plain",
              "Partial Mode": "Partial",
              "Parent Relationship": "Outer",
              "Parallel Aware": false,
              "Startup Cost": 59841.86,
              "Total Cost": 59841.87,
              "Plan Rows": 1,
              "Plan Width": 8,
              "Actual Startup Time": 131.721,
              "Actual Total Time": 131.724,
              "Actual Rows": 1,
              "Actual Loops": 5,
              "Plans": [
                {
                  "Node Type": "Nested Loop",
                  "Parent Relationship": "Outer",
                  "Parallel Aware": false,
                  "Join Type": "Inner",
                  "Startup Cost": 0.86,
                  "Total Cost": 59838.82,
                  "Plan Rows": 1216,
                  "Plan Width": 0,
                  "Actual Startup Time": 2.389,
                  "Actual Total Time": 130.644,
                  "Actual Rows": 17098,
                  "Actual Loops": 5,
                  "Inner Unique": false,
                  "Join Filter": "(t.id = mc.movie_id)",
                  "Rows Removed by Join Filter": 0,
                  "Plans": [
                    {
                      "Node Type": "Nested Loop",
                      "Parent Relationship": "Outer",
                      "Parallel Aware": false,
                      "Join Type": "Inner",
                      "Startup Cost": 0.43,
                      "Total Cost": 59084.54,
                      "Plan Rows": 1178,
                      "Plan Width": 8,
                      "Actual Startup Time": 2.276,
                      "Actual Total Time": 112.132,
                      "Actual Rows": 2391,
                      "Actual Loops": 5,
                      "Inner Unique": false,
                      "Plans": [
                        {
                          "Node Type": "Seq Scan",
                          "Parent Relationship": "Outer",
                          "Parallel Aware": true,
                          "Relation Name": "title",
                          "Alias": "t",
                          "Startup Cost": 0.0,
                          "Total Cost": 45479.59,
                          "Plan Rows": 1587,
                          "Plan Width": 4,
                          "Actual Startup Time": 1.25,
                          "Actual Total Time": 95.421,
                          "Actual Rows": 1266,
                          "Actual Loops": 5,
                          "Filter": "((kind_id < 7) AND (production_year = 1978))",
                          "Rows Removed by Filter": 504396
                        },
                        {
                          "Node Type": "Index Scan",
                          "Parent Relationship": "Inner",
                          "Parallel Aware": false,
                          "Scan Direction": "Forward",
                          "Index Name": "movie_id_movie_keyword",
                          "Relation Name": "movie_keyword",
                          "Alias": "mk",
                          "Startup Cost": 0.43,
                          "Total Cost": 8.38,
                          "Plan Rows": 19,
                          "Plan Width": 4,
                          "Actual Startup Time": 0.012,
                          "Actual Total Time": 0.012,
                          "Actual Rows": 2,
                          "Actual Loops": 6330,
                          "Index Cond": "(movie_id = t.id)",
                          "Rows Removed by Index Recheck": 0,
                          "Filter": "(keyword_id < 3199)",
                          "Rows Removed by Filter": 3
                        }
                      ]
                    },
                    {
                      "Node Type": "Index Only Scan",
                      "Parent Relationship": "Inner",
                      "Parallel Aware": false,
                      "Scan Direction": "Forward",
                      "Index Name": "movie_id_movie_companies",
                      "Relation Name": "movie_companies",
                      "Alias": "mc",
                      "Startup Cost": 0.43,
                      "Total Cost": 0.58,
                      "Plan Rows": 5,
                      "Plan Width": 4,
                      "Actual Startup Time": 0.005,
                      "Actual Total Time": 0.007,
                      "Actual Rows": 7,
                      "Actual Loops": 11955,
                      "Index Cond": "(movie_id = mk.movie_id)",
                      "Rows Removed by Index Recheck": 0,
                      "Heap Fetches": 85492
                    }
                  ]
                }
              ]
            }
          ]
        }
      ]
    },
    "Planning Time": 1.022,
    "Triggers": [],
    "Execution Time": 156.937
  }
]