[
  {
    "Plan": {
      "Node Type": "Aggregate",
      "Strategy": "Plain",
      "Partial Mode": "Simple",
      "Parallel Aware": false,
      "Startup Cost": 16400.22,
      "Total Cost": 16400.23,
      "Plan Rows": 1,
      "Plan Width": 96,
      "Actual Startup Time": 2253.163,
      "Actual Total Time": 2253.171,
      "Actual Rows": 1,
      "Actual Loops": 1,
      "Plans": [
        {
          "Node Type": "Nested Loop",
          "Parent Relationship": "Outer",
          "Parallel Aware": false,
          "Join Type": "Inner",
          "Startup Cost": 13.98,
          "Total Cost": 16400.21,
          "Plan Rows": 1,
          "Plan Width": 39,
          "Actual Startup Time": 16.707,
          "Actual Total Time": 2251.334,
          "Actual Rows": 4521,
          "Actual Loops": 1,
          "Inner Unique": true,
          "Plans": [
            {
              "Node Type": "Nested Loop",
              "Parent Relationship": "Outer",
              "Parallel Aware": false,
              "Join Type": "Inner",
              "Startup Cost": 13.54,
              "Total Cost": 16395.76,
              "Plan Rows": 1,
              "Plan Width": 43,
              "Actual Startup Time": 16.635,
              "Actual Total Time": 2194.833,
              "Actual Rows": 4521,
              "Actual Loops": 1,
              "Inner Unique": true,
              "Plans": [
                {
                  "Node Type": "Nested Loop",
                  "Parent Relationship": "Outer",
                  "Parallel Aware": false,
                  "Join Type": "Inner",
                  "Startup Cost": 13.1,
                  "Total Cost": 16391.31,
                  "Plan Rows": 1,
                  "Plan Width": 31,
                  "Actual Startup Time": 11.55,
                  "Actual Total Time": 1500.603,
                  "Actual Rows": 164155,
                  "Actual Loops": 1,
                  "Inner Unique": false,
                  "Join Filter": "(t.id = ci.movie_id)",
                  "Rows Removed by Join Filter": 0,
                  "Plans": [
                    {
                      "Node Type": "Nested Loop",
                      "Parent Relationship": "Outer",
                      "Parallel Aware": false,
                      "Join Type": "Inner",
                      "Startup Cost": 12.16,
                      "Total Cost": 16385.51,
                      "Plan Rows": 1,
                      "Plan Width": 39,
                      "Actual Startup Time": 11.485,
                      "Actual Total Time": 976.746,
                      "Actual Rows": 1093,
                      "Actual Loops": 1,
                      "Inner Unique": true,
                      "Join Filter": "(cc.status_id = cct2.id)",
                      "Rows Removed by Join Filter": 284,
                      "Plans": [
                        {
                          "Node Type": "Nested Loop",
                          "Parent Relationship": "Outer",
                          "Parallel Aware": false,
                          "Join Type": "Inner",
                          "Startup Cost": 12.16,
                          "Total Cost": 16384.45,
                          "Plan Rows": 1,
                          "Plan Width": 43,
                          "Actual Startup Time": 11.48,
                          "Actual Total Time": 973.895,
                          "Actual Rows": 1093,
                          "Actual Loops": 1,
                          "Inner Unique": true,
                          "Join Filter": "(cc.subject_id = cct1.id)",
                          "Rows Removed by Join Filter": 149,
                          "Plans": [
                            {
                              "Node Type": "Nested Loop",
                              "Parent Relationship": "Outer",
                              "Parallel Aware": false,
                              "Join Type": "Inner",
                              "Startup Cost": 12.16,
                              "Total Cost": 16383.39,
                              "Plan Rows": 1,
                              "Plan Width": 47,
                              "Actual Startup Time": 11.467,
                              "Actual Total Time": 970.24,
                              "Actual Rows": 1242,
                              "Actual Loops": 1,
                              "Inner Unique": false,
                              "Plans": [
                                {
                                  "Node Type": "Nested Loop",
                                  "Parent Relationship": "Outer",
                                  "Parallel Aware": false,
                                  "Join Type": "Inner",
                                  "Startup Cost": 11.72,
                                  "Total Cost": 16378.9,
                                  "Plan Rows": 1,
                                  "Plan Width": 35,
                                  "Actual Startup Time": 11.419,
                                  "Actual Total Time": 938.26,
                                  "Actual Rows": 5863,
                                  "Actual Loops": 1,
                                  "Inner Unique": false,
                                  "Join Filter": "(t.kind_id = kt.id)",
                                  "Rows Removed by Join Filter": 2781,
                                  "Plans": [
                                    {
                                      "Node Type": "Seq Scan",
                                      "Parent Relationship": "Outer",
                                      "Parallel Aware": false,
                                      "Relation Name": "kind_type",
                                      "Alias": "kt",
                                      "Startup Cost": 0.0,
                                      "Total Cost": 1.09,
                                      "Plan Rows": 1,
                                      "Plan Width": 4,
                                      "Actual Startup Time": 0.023,
                                      "Actual Total Time": 0.025,
                                      "Actual Rows": 1,
                                      "Actual Loops": 1,
                                      "Filter": "((kind)::text = 'movie'::text)",
                                      "Rows Removed by Filter": 6
                                    },
                                    {
                                      "Node Type": "Nested Loop",
                                      "Parent Relationship": "Inner",
                                      "Parallel Aware": false,
                                      "Join Type": "Inner",
                                      "Startup Cost": 11.72,
                                      "Total Cost": 16377.78,
                                      "Plan Rows": 3,
                                      "Plan Width": 39,
                                      "Actual Startup Time": 1.297,
                                      "Actual Total Time": 936.87,
                                      "Actual Rows": 8644,
                                      "Actual Loops": 1,
                                      "Inner Unique": true,
                                      "Plans": [
                                        {
                                          "Node Type": "Nested Loop",
                                          "Parent Relationship": "Outer",
                                          "Parallel Aware": false,
                                          "Join Type": "Inner",
                                          "Startup Cost": 11.28,
                                          "Total Cost": 16337.63,
                                          "Plan Rows": 9,
                                          "Plan Width": 14,
                                          "Actual Startup Time": 1.223,
                                          "Actual Total Time": 579.012,
                                          "Actual Rows": 46510,
                                          "Actual Loops": 1,
                                          "Inner Unique": false,
                                          "Join Filter": "(mi_idx.info_type_id = it2.id)",
                                          "Rows Removed by Join Filter": 93451,
                                          "Plans": [
                                            {
                                              "Node Type": "Seq Scan",
                                              "Parent Relationship": "Outer",
                                              "Parallel Aware": false,
                                              "Relation Name": "info_type",
                                              "Alias": "it2",
                                              "Startup Cost": 0.0,
                                              "Total Cost": 2.41,
                                              "Plan Rows": 1,
                                              "Plan Width": 4,
                                              "Actual Startup Time": 0.036,
                                              "Actual Total Time": 0.039,
                                              "Actual Rows": 1,
                                              "Actual Loops": 1,
                                              "Filter": "((info)::text = 'rating'::text)",
                                              "Rows Removed by Filter": 112
                                            },
                                            {
                                              "Node Type": "Nested Loop",
                                              "Parent Relationship": "Inner",
                                              "Parallel Aware": false,
                                              "Join Type": "Inner",
                                              "Startup Cost": 11.28,
                                              "Total Cost": 16322.41,
                                              "Plan Rows": 1025,
                                              "Plan Width": 18,
                                              "Actual Startup Time": 1.184,
                                              "Actual Total Time": 567.202,
                                              "Actual Rows": 139961,
                                              "Actual Loops": 1,
                                              "Inner Unique": false,
                                              "Plans": [
                                                {
                                                  "Node Type": "Nested Loop",
                                                  "Parent Relationship": "Outer",
                                                  "Parallel Aware": false,
                                                  "Join Type": "Inner",
                                                  "Startup Cost": 10.82,
                                                  "Total Cost": 14797.9,
                                                  "Plan Rows": 337,
                                                  "Plan Width": 4,
                                                  "Actual Startup Time": 1.074,
                                                  "Actual Total Time": 178.955,
                                                  "Actual Rows": 56724,
                                                  "Actual Loops": 1,
                                                  "Inner Unique": false,
                                                  "Plans": [
                                                    {
                                                      "Node Type": "Seq Scan",
                                                      "Parent Relationship": "Outer",
                                                      "Parallel Aware": false,
                                                      "Relation Name": "keyword",
                                                      "Alias": "k",
                                                      "Startup Cost": 0.0,
                                                      "Total Cost": 3967.82,
                                                      "Plan Rows": 10,
                                                      "Plan Width": 4,
                                                      "Actual Startup Time": 0.328,
                                                      "Actual Total Time": 26.516,
                                                      "Actual Rows": 8,
                                                      "Actual Loops": 1,
                                                      "Filter": "(keyword = ANY ('{violence,hospital,gore,hand-to-hand-combat,marvel-comics,sequel,fight,murder,violence,murder-in-title}'::text[]))",
                                                      "Rows Removed by Filter": 134162
                                                    },
                                                    {
                                                      "Node Type": "Bitmap Heap Scan",
                                                      "Parent Relationship": "Inner",
                                                      "Parallel Aware": false,
                                                      "Relation Name": "movie_keyword",
                                                      "Alias": "mk",
                                                      "Startup Cost": 10.82,
                                                      "Total Cost": 1079.93,
                                                      "Plan Rows": 308,
                                                      "Plan Width": 8,
                                                      "Actual Startup Time": 1.337,
                                                      "Actual Total Time": 18.105,
                                                      "Actual Rows": 7090,
                                                      "Actual Loops": 8,
                                                      "Recheck Cond": "(keyword_id = k.id)",
                                                      "Rows Removed by Index Recheck": 0,
                                                      "Exact Heap Blocks": 39494,
                                                      "Lossy Heap Blocks": 0,
                                                      "Plans": [
                                                        {
                                                          "Node Type": "Bitmap Index Scan",
                                                          "Parent Relationship": "Outer",
                                                          "Parallel Aware": false,
                                                          "Index Name": "keyword_id_movie_keyword",
                                                          "Startup Cost": 0.0,
                                                          "Total Cost": 10.74,
                                                          "Plan Rows": 308,
                                                          "Plan Width": 0,
                                                          "Actual Startup Time": 0.81,
                                                          "Actual Total Time": 0.81,
                                                          "Actual Rows": 7090,
                                                          "Actual Loops": 8,
                                                          "Index Cond": "(keyword_id = k.id)"
                                                        }
                                                      ]
                                                    }
                                                  ]
                                                },
                                                {
                                                  "Node Type": "Bitmap Heap Scan",
                                                  "Parent Relationship": "Inner",
                                                  "Parallel Aware": false,
                                                  "Relation Name": "movie_info_idx",
                                                  "Alias": "mi_idx",
                                                  "Startup Cost": 0.46,
                                                  "Total Cost": 4.49,
                                                  "Plan Rows": 3,
                                                  "Plan Width": 14,
                                                  "Actual Startup Time": 0.005,
                                                  "Actual Total Time": 0.005,
                                                  "Actual Rows": 2,
                                                  "Actual Loops": 56724,
                                                  "Recheck Cond": "(movie_id = mk.movie_id)",
                                                  "Rows Removed by Index Recheck": 0,
                                                  "Exact Heap Blocks": 47356,
                                                  "Lossy Heap Blocks": 0,
                                                  "Plans": [
                                                    {
                                                      "Node Type": "Bitmap Index Scan",
                                                      "Parent Relationship": "Outer",
                                                      "Parallel Aware": false,
                                                      "Index Name": "movie_id_movie_info_idx",
                                                      "Startup Cost": 0.0,
                                                      "Total Cost": 0.46,
                                                      "Plan Rows": 3,
                                                      "Plan Width": 0,
                                                      "Actual Startup Time": 0.003,
                                                      "Actual Total Time": 0.003,
                                                      "Actual Rows": 2,
                                                      "Actual Loops": 56724,
                                                      "Index Cond": "(movie_id = mk.movie_id)"
                                                    }
                                                  ]
                                                }
                                              ]
                                            }
                                          ]
                                        },
                                        {
                                          "Node Type": "Bitmap Heap Scan",
                                          "Parent Relationship": "Inner",
                                          "Parallel Aware": false,
                                          "Relation Name": "title",
                                          "Alias": "t",
                                          "Startup Cost": 0.45,
                                          "Total Cost": 4.46,
                                          "Plan Rows": 1,
                                          "Plan Width": 25,
                                          "Actual Startup Time": 0.006,
                                          "Actual Total Time": 0.006,
                                          "Actual Rows": 0,
                                          "Actual Loops": 46510,
                                          "Recheck Cond": "(id = mk.movie_id)",
                                          "Rows Removed by Index Recheck": 0,
                                          "Filter": "(production_year > 2006)",
                                          "Rows Removed by Filter": 1,
                                          "Exact Heap Blocks": 46510,
                                          "Lossy Heap Blocks": 0,
                                          "Plans": [
                                            {
                                              "Node Type": "Bitmap Index Scan",
                                              "Parent Relationship": "Outer",
                                              "Parallel Aware": false,
                                              "Index Name": "title_pkey",
                                              "Startup Cost": 0.0,
                                              "Total Cost": 0.45,
                                              "Plan Rows": 1,
                                              "Plan Width": 0,
                                              "Actual Startup Time": 0.003,
                                              "Actual Total Time": 0.003,
                                              "Actual Rows": 1,
                                              "Actual Loops": 46510,
                                              "Index Cond": "(id = mk.movie_id)"
                                            }
                                          ]
                                        }
                                      ]
                                    }
                                  ]
                                },
                                {
                                  "Node Type": "Bitmap Heap Scan",
                                  "Parent Relationship": "Inner",
                                  "Parallel Aware": false,
                                  "Relation Name": "complete_cast",
                                  "Alias": "cc",
                                  "Startup Cost": 0.44,
                                  "Total Cost": 4.46,
                                  "Plan Rows": 2,
                                  "Plan Width": 12,
                                  "Actual Startup Time": 0.004,
                                  "Actual Total Time": 0.004,
                                  "Actual Rows": 0,
                                  "Actual Loops": 5863,
                                  "Recheck Cond": "(movie_id = t.id)",
                                  "Rows Removed by Index Recheck": 0,
                                  "Exact Heap Blocks": 1242,
                                  "Lossy Heap Blocks": 0,
                                  "Plans": [
                                    {
                                      "Node Type": "Bitmap Index Scan",
                                      "Parent Relationship": "Outer",
                                      "Parallel Aware": false,
                                      "Index Name": "movie_id_complete_cast",
                                      "Startup Cost": 0.0,
                                      "Total Cost": 0.44,
                                      "Plan Rows": 2,
                                      "Plan Width": 0,
                                      "Actual Startup Time": 0.003,
                                      "Actual Total Time": 0.003,
                                      "Actual Rows": 0,
                                      "Actual Loops": 5863,
                                      "Index Cond": "(movie_id = t.id)"
                                    }
                                  ]
                                }
                              ]
                            },
                            {
                              "Node Type": "Seq Scan",
                              "Parent Relationship": "Inner",
                              "Parallel Aware": false,
                              "Relation Name": "comp_cast_type",
                              "Alias": "cct1",
                              "Startup Cost": 0.0,
                              "Total Cost": 1.05,
                              "Plan Rows": 1,
                              "Plan Width": 4,
                              "Actual Startup Time": 0.001,
                              "Actual Total Time": 0.001,
                              "Actual Rows": 1,
                              "Actual Loops": 1242,
                              "Filter": "((kind)::text = 'cast'::text)",
                              "Rows Removed by Filter": 0
                            }
                          ]
                        },
                        {
                          "Node Type": "Seq Scan",
                          "Parent Relationship": "Inner",
                          "Parallel Aware": false,
                          "Relation Name": "comp_cast_type",
                          "Alias": "cct2",
                          "Startup Cost": 0.0,
                          "Total Cost": 1.05,
                          "Plan Rows": 1,
                          "Plan Width": 4,
                          "Actual Startup Time": 0.001,
                          "Actual Total Time": 0.001,
                          "Actual Rows": 1,
                          "Actual Loops": 1093,
                          "Filter": "((kind)::text ~~ '%complete%'::text)",
                          "Rows Removed by Filter": 2
                        }
                      ]
                    },
                    {
                      "Node Type": "Bitmap Heap Scan",
                      "Parent Relationship": "Inner",
                      "Parallel Aware": false,
                      "Relation Name": "cast_info",
                      "Alias": "ci",
                      "Startup Cost": 0.94,
                      "Total Cost": 5.37,
                      "Plan Rows": 34,
                      "Plan Width": 12,
                      "Actual Startup Time": 0.03,
                      "Actual Total Time": 0.448,
                      "Actual Rows": 150,
                      "Actual Loops": 1093,
                      "Recheck Cond": "(movie_id = mk.movie_id)",
                      "Rows Removed by Index Recheck": 0,
                      "Exact Heap Blocks": 159617,
                      "Lossy Heap Blocks": 0,
                      "Plans": [
                        {
                          "Node Type": "Bitmap Index Scan",
                          "Parent Relationship": "Outer",
                          "Parallel Aware": false,
                          "Index Name": "movie_id_cast_info",
                          "Startup Cost": 0.0,
                          "Total Cost": 0.94,
                          "Plan Rows": 34,
                          "Plan Width": 0,
                          "Actual Startup Time": 0.017,
                          "Actual Total Time": 0.017,
                          "Actual Rows": 150,
                          "Actual Loops": 1093,
                          "Index Cond": "(movie_id = mk.movie_id)"
                        }
                      ]
                    }
                  ]
                },
                {
                  "Node Type": "Bitmap Heap Scan",
                  "Parent Relationship": "Inner",
                  "Parallel Aware": false,
                  "Relation Name": "char_name",
                  "Alias": "chn",
                  "Startup Cost": 0.44,
                  "Total Cost": 4.46,
                  "Plan Rows": 1,
                  "Plan Width": 20,
                  "Actual Startup Time": 0.003,
                  "Actual Total Time": 0.003,
                  "Actual Rows": 0,
                  "Actual Loops": 164155,
                  "Recheck Cond": "(id = ci.person_role_id)",
                  "Rows Removed by Index Recheck": 0,
                  "Filter": "((name IS NOT NULL) AND ((name ~~ '%man%'::text) OR (name ~~ '%Man%'::text)))",
                  "Rows Removed by Filter": 0,
                  "Exact Heap Blocks": 62389,
                  "Lossy Heap Blocks": 0,
                  "Plans": [
                    {
                      "Node Type": "Bitmap Index Scan",
                      "Parent Relationship": "Outer",
                      "Parallel Aware": false,
                      "Index Name": "char_name_pkey",
                      "Startup Cost": 0.0,
                      "Total Cost": 0.44,
                      "Plan Rows": 1,
                      "Plan Width": 0,
                      "Actual Startup Time": 0.002,
                      "Actual Total Time": 0.002,
                      "Actual Rows": 0,
                      "Actual Loops": 164155,
                      "Index Cond": "(id = ci.person_role_id)"
                    }
                  ]
                }
              ]
            },
            {
              "Node Type": "Bitmap Heap Scan",
              "Parent Relationship": "Inner",
              "Parallel Aware": false,
              "Relation Name": "name",
              "Alias": "n",
              "Startup Cost": 0.44,
              "Total Cost": 4.45,
              "Plan Rows": 1,
              "Plan Width": 4,
              "Actual Startup Time": 0.011,
              "Actual Total Time": 0.011,
              "Actual Rows": 1,
              "Actual Loops": 4521,
              "Recheck Cond": "(id = ci.person_id)",
              "Rows Removed by Index Recheck": 0,
              "Exact Heap Blocks": 4521,
              "Lossy Heap Blocks": 0,
              "Plans": [
                {
                  "Node Type": "Bitmap Index Scan",
                  "Parent Relationship": "Outer",
                  "Parallel Aware": false,
                  "Index Name": "name_pkey",
                  "Startup Cost": 0.0,
                  "Total Cost": 0.44,
                  "Plan Rows": 1,
                  "Plan Width": 0,
                  "Actual Startup Time": 0.007,
                  "Actual Total Time": 0.007,
                  "Actual Rows": 1,
                  "Actual Loops": 4521,
                  "Index Cond": "(id = ci.person_id)"
                }
              ]
            }
          ]
        }
      ]
    },
    "Planning Time": 41.988,
    "Triggers": [],
    "Execution Time": 2253.483
  }
]