{
  "Plan": {
    "Node Type": "Aggregate",
    "Strategy": "Plain",
    "Partial Mode": "Simple",
    "Parallel Aware": false,
    "Startup Cost": 406735.59,
    "Total Cost": 406735.6,
    "Plan Rows": 1,
    "Plan Width": 64,
    "Actual Startup Time": 4105.04,
    "Actual Total Time": 4161.816,
    "Actual Rows": 1,
    "Actual Loops": 1,
    "Plans": [
      {
        "Node Type": "Gather",
        "Parent Relationship": "Outer",
        "Parallel Aware": false,
        "Startup Cost": 406735.19,
        "Total Cost": 406735.58,
        "Plan Rows": 1,
        "Plan Width": 23,
        "Actual Startup Time": 4103.492,
        "Actual Total Time": 4161.424,
        "Actual Rows": 4700,
        "Actual Loops": 1,
        "Workers Planned": 1,
        "Workers Launched": 1,
        "Single Copy": false,
        "Plans": [
          {
            "Node Type": "Merge Join",
            "Parent Relationship": "Outer",
            "Parallel Aware": false,
            "Join Type": "Inner",
            "Startup Cost": 405735.19,
            "Total Cost": 405735.48,
            "Plan Rows": 1,
            "Plan Width": 23,
            "Actual Startup Time": 4096.297,
            "Actual Total Time": 4096.66,
            "Actual Rows": 2350,
            "Actual Loops": 2,
            "Inner Unique": true,
            "Merge Cond": "(mi_idx.info_type_id = it.id)",
            "Plans": [
              {
                "Node Type": "Sort",
                "Parent Relationship": "Outer",
                "Parallel Aware": false,
                "Startup Cost": 405732.76,
                "Total Cost": 405732.9,
                "Plan Rows": 57,
                "Plan Width": 27,
                "Actual Startup Time": 4095.976,
                "Actual Total Time": 4096.198,
                "Actual Rows": 4293,
                "Actual Loops": 2,
                "Sort Key": [
                  "mi_idx.info_type_id"
                ],
                "Sort Method": "quicksort",
                "Sort Space Used": 578,
                "Sort Space Type": "Memory",
                "Workers": [
                  {
                    "Worker Number": 0,
                    "Sort Method": "quicksort",
                    "Sort Space Used": 442,
                    "Sort Space Type": "Memory"
                  }
                ],
                "Plans": [
                  {
                    "Node Type": "Merge Join",
                    "Parent Relationship": "Outer",
                    "Parallel Aware": false,
                    "Join Type": "Inner",
                    "Startup Cost": 240523.42,
                    "Total Cost": 405731.1,
                    "Plan Rows": 57,
                    "Plan Width": 27,
                    "Actual Startup Time": 3178.937,
                    "Actual Total Time": 4094.614,
                    "Actual Rows": 4300,
                    "Actual Loops": 2,
                    "Inner Unique": false,
                    "Merge Cond": "(t.id = mi_idx.movie_id)",
                    "Plans": [
                      {
                        "Node Type": "Merge Join",
                        "Parent Relationship": "Outer",
                        "Parallel Aware": false,
                        "Join Type": "Inner",
                        "Startup Cost": 240522.99,
                        "Total Cost": 346652.11,
                        "Plan Rows": 179,
                        "Plan Width": 25,
                        "Actual Startup Time": 3178.626,
                        "Actual Total Time": 3826.885,
                        "Actual Rows": 3937,
                        "Actual Loops": 2,
                        "Inner Unique": false,
                        "Merge Cond": "(t.id = mk.movie_id)",
                        "Plans": [
                          {
                            "Node Type": "Index Scan",
                            "Parent Relationship": "Outer",
                            "Parallel Aware": true,
                            "Scan Direction": "Forward",
                            "Index Name": "title_pkey",
                            "Relation Name": "title",
                            "Alias": "t",
                            "Startup Cost": 0.43,
                            "Total Cost": 103665.95,
                            "Plan Rows": 1034542,
                            "Plan Width": 21,
                            "Actual Startup Time": 0.103,
                            "Actual Total Time": 606.979,
                            "Actual Rows": 874216,
                            "Actual Loops": 2,
                            "Filter": "(production_year > 1990)",
                            "Rows Removed by Filter": 388705
                          },
                          {
                            "Node Type": "Sort",
                            "Parent Relationship": "Inner",
                            "Parallel Aware": false,
                            "Startup Cost": 240510.55,
                            "Total Cost": 240511.64,
                            "Plan Rows": 438,
                            "Plan Width": 4,
                            "Actual Startup Time": 3176.832,
                            "Actual Total Time": 3178.055,
                            "Actual Rows": 12951,
                            "Actual Loops": 2,
                            "Sort Key": [
                              "mk.movie_id"
                            ],
                            "Sort Method": "quicksort",
                            "Sort Space Used": 992,
                            "Sort Space Type": "Memory",
                            "Workers": [
                              {
                                "Worker Number": 0,
                                "Sort Method": "quicksort",
                                "Sort Space Used": 992,
                                "Sort Space Type": "Memory"
                              }
                            ],
                            "Plans": [
                              {
                                "Node Type": "Merge Join",
                                "Parent Relationship": "Outer",
                                "Parallel Aware": false,
                                "Join Type": "Inner",
                                "Startup Cost": 3468.57,
                                "Total Cost": 240491.33,
                                "Plan Rows": 438,
                                "Plan Width": 4,
                                "Actual Startup Time": 340.723,
                                "Actual Total Time": 3174.465,
                                "Actual Rows": 12951,
                                "Actual Loops": 2,
                                "Inner Unique": true,
                                "Merge Cond": "(mk.keyword_id = k.id)",
                                "Plans": [
                                  {
                                    "Node Type": "Index Scan",
                                    "Parent Relationship": "Outer",
                                    "Parallel Aware": false,
                                    "Scan Direction": "Forward",
                                    "Index Name": "keyword_id_movie_keyword",
                                    "Relation Name": "movie_keyword",
                                    "Alias": "mk",
                                    "Startup Cost": 0.43,
                                    "Total Cost": 226550.7,
                                    "Plan Rows": 4523930,
                                    "Plan Width": 8,
                                    "Actual Startup Time": 0.082,
                                    "Actual Total Time": 2858.562,
                                    "Actual Rows": 4518173,
                                    "Actual Loops": 2
                                  },
                                  {
                                    "Node Type": "Sort",
                                    "Parent Relationship": "Inner",
                                    "Parallel Aware": false,
                                    "Startup Cost": 2626.37,
                                    "Total Cost": 2626.4,
                                    "Plan Rows": 13,
                                    "Plan Width": 4,
                                    "Actual Startup Time": 34.115,
                                    "Actual Total Time": 34.128,
                                    "Actual Rows": 30,
                                    "Actual Loops": 2,
                                    "Sort Key": [
                                      "k.id"
                                    ],
                                    "Sort Method": "quicksort",
                                    "Sort Space Used": 26,
                                    "Sort Space Type": "Memory",
                                    "Workers": [
                                      {
                                        "Worker Number": 0,
                                        "Sort Method": "quicksort",
                                        "Sort Space Used": 26,
                                        "Sort Space Type": "Memory"
                                      }
                                    ],
                                    "Plans": [
                                      {
                                        "Node Type": "Seq Scan",
                                        "Parent Relationship": "Outer",
                                        "Parallel Aware": false,
                                        "Relation Name": "keyword",
                                        "Alias": "k",
                                        "Startup Cost": 0.0,
                                        "Total Cost": 2626.12,
                                        "Plan Rows": 13,
                                        "Plan Width": 4,
                                        "Actual Startup Time": 2.92,
                                        "Actual Total Time": 34.077,
                                        "Actual Rows": 30,
                                        "Actual Loops": 2,
                                        "Filter": "(keyword ~~ '%sequel%'::text)",
                                        "Rows Removed by Filter": 134140
                                      }
                                    ]
                                  }
                                ]
                              }
                            ]
                          }
                        ]
                      },
                      {
                        "Node Type": "Index Scan",
                        "Parent Relationship": "Inner",
                        "Parallel Aware": false,
                        "Scan Direction": "Forward",
                        "Index Name": "movie_id_movie_info_idx",
                        "Relation Name": "movie_info_idx",
                        "Alias": "mi_idx",
                        "Startup Cost": 0.43,
                        "Total Cost": 57072.82,
                        "Plan Rows": 802057,
                        "Plan Width": 14,
                        "Actual Startup Time": 0.03,
                        "Actual Total Time": 230.133,
                        "Actual Rows": 807179,
                        "Actual Loops": 2,
                        "Filter": "(info > '2.0'::text)",
                        "Rows Removed by Filter": 574190
                      }
                    ]
                  }
                ]
              },
              {
                "Node Type": "Sort",
                "Parent Relationship": "Inner",
                "Parallel Aware": false,
                "Startup Cost": 2.42,
                "Total Cost": 2.43,
                "Plan Rows": 1,
                "Plan Width": 4,
                "Actual Startup Time": 0.041,
                "Actual Total Time": 0.041,
                "Actual Rows": 1,
                "Actual Loops": 2,
                "Sort Key": [
                  "it.id"
                ],
                "Sort Method": "quicksort",
                "Sort Space Used": 25,
                "Sort Space Type": "Memory",
                "Workers": [
                  {
                    "Worker Number": 0,
                    "Sort Method": "quicksort",
                    "Sort Space Used": 25,
                    "Sort Space Type": "Memory"
                  }
                ],
                "Plans": [
                  {
                    "Node Type": "Seq Scan",
                    "Parent Relationship": "Outer",
                    "Parallel Aware": false,
                    "Relation Name": "info_type",
                    "Alias": "it",
                    "Startup Cost": 0.0,
                    "Total Cost": 2.41,
                    "Plan Rows": 1,
                    "Plan Width": 4,
                    "Actual Startup Time": 0.031,
                    "Actual Total Time": 0.033,
                    "Actual Rows": 1,
                    "Actual Loops": 2,
                    "Filter": "((info)::text = 'rating'::text)",
                    "Rows Removed by Filter": 112
                  }
                ]
              }
            ]
          }
        ]
      }
    ]
  },
  "Planning Time": 1.672,
  "Triggers": [],
  "Execution Time": 4161.973
}