[
  {
    "Plan": {
      "Node Type": "Aggregate",
      "Strategy": "Plain",
      "Partial Mode": "Finalize",
      "Parallel Aware": false,
      "Startup Cost": 157720.52,
      "Total Cost": 157720.53,
      "Plan Rows": 1,
      "Plan Width": 8,
      "Actual Startup Time": 193.707,
      "Actual Total Time": 207.086,
      "Actual Rows": 1,
      "Actual Loops": 1,
      "Plans": [
        {
          "Node Type": "Gather",
          "Parent Relationship": "Outer",
          "Parallel Aware": false,
          "Startup Cost": 157719.99,
          "Total Cost": 157720.51,
          "Plan Rows": 5,
          "Plan Width": 8,
          "Actual Startup Time": 193.582,
          "Actual Total Time": 207.076,
          "Actual Rows": 6,
          "Actual Loops": 1,
          "Workers Planned": 5,
          "Workers Launched": 5,
          "Single Copy": false,
          "Plans": [
            {
              "Node Type": "Aggregate",
              "Strategy": "Plain",
              "Partial Mode": "Partial",
              "Parent Relationship": "Outer",
              "Parallel Aware": false,
              "Startup Cost": 156719.99,
              "Total Cost": 156720.01,
              "Plan Rows": 1,
              "Plan Width": 8,
              "Actual Startup Time": 187.984,
              "Actual Total Time": 187.985,
              "Actual Rows": 1,
              "Actual Loops": 6,
              "Plans": [
                {
                  "Node Type": "Index Scan",
                  "Parent Relationship": "Outer",
                  "Parallel Aware": true,
                  "Scan Direction": "Forward",
                  "Index Name": "role_id_cast_info",
                  "Relation Name": "cast_info",
                  "Alias": "ci",
                  "Startup Cost": 0.56,
                  "Total Cost": 156659.89,
                  "Plan Rows": 24044,
                  "Plan Width": 0,
                  "Actual Startup Time": 141.46,
                  "Actual Total Time": 182.679,
                  "Actual Rows": 121022,
                  "Actual Loops": 6,
                  "Index Cond": "(role_id > 8)",
                  "Rows Removed by Index Recheck": 0,
                  "Filter": "(person_id > 3922612)",
                  "Rows Removed by Filter": 834427
                }
              ]
            }
          ]
        }
      ]
    },
    "Planning Time": 0.229,
    "Triggers": [],
    "Execution Time": 207.149
  }
]