[
  {
    "Plan": {
      "Node Type": "Aggregate",
      "Strategy": "Plain",
      "Partial Mode": "Finalize",
      "Parallel Aware": false,
      "Startup Cost": 108074.41,
      "Total Cost": 108074.42,
      "Plan Rows": 1,
      "Plan Width": 8,
      "Actual Startup Time": 619.311,
      "Actual Total Time": 650.255,
      "Actual Rows": 1,
      "Actual Loops": 1,
      "Plans": [
        {
          "Node Type": "Gather",
          "Parent Relationship": "Outer",
          "Parallel Aware": false,
          "Startup Cost": 108074.1,
          "Total Cost": 108074.41,
          "Plan Rows": 3,
          "Plan Width": 8,
          "Actual Startup Time": 610.82,
          "Actual Total Time": 650.243,
          "Actual Rows": 4,
          "Actual Loops": 1,
          "Workers Planned": 3,
          "Workers Launched": 3,
          "Single Copy": false,
          "Plans": [
            {
              "Node Type": "Aggregate",
              "Strategy": "Plain",
              "Partial Mode": "Partial",
              "Parent Relationship": "Outer",
              "Parallel Aware": false,
              "Startup Cost": 107074.1,
              "Total Cost": 107074.11,
              "Plan Rows": 1,
              "Plan Width": 8,
              "Actual Startup Time": 594.736,
              "Actual Total Time": 594.741,
              "Actual Rows": 1,
              "Actual Loops": 4,
              "Plans": [
                {
                  "Node Type": "Nested Loop",
                  "Parent Relationship": "Outer",
                  "Parallel Aware": false,
                  "Join Type": "Inner",
                  "Startup Cost": 51708.63,
                  "Total Cost": 107040.24,
                  "Plan Rows": 13541,
                  "Plan Width": 0,
                  "Actual Startup Time": 381.375,
                  "Actual Total Time": 594.238,
                  "Actual Rows": 4562,
                  "Actual Loops": 4,
                  "Inner Unique": false,
                  "Plans": [
                    {
                      "Node Type": "Hash Join",
                      "Parent Relationship": "Outer",
                      "Parallel Aware": true,
                      "Join Type": "Inner",
                      "Startup Cost": 51708.2,
                      "Total Cost": 70832.73,
                      "Plan Rows": 22118,
                      "Plan Width": 8,
                      "Actual Startup Time": 381.159,
                      "Actual Total Time": 412.389,
                      "Actual Rows": 17482,
                      "Actual Loops": 4,
                      "Inner Unique": true,
                      "Hash Cond": "(mc.movie_id = t.id)",
                      "Plans": [
                        {
                          "Node Type": "Bitmap Heap Scan",
                          "Parent Relationship": "Outer",
                          "Parallel Aware": true,
                          "Relation Name": "movie_companies",
                          "Alias": "mc",
                          "Startup Cost": 1487.82,
                          "Total Cost": 20554.29,
                          "Plan Rows": 22118,
                          "Plan Width": 4,
                          "Actual Startup Time": 4.297,
                          "Actual Total Time": 15.262,
                          "Actual Rows": 17482,
                          "Actual Loops": 4,
                          "Recheck Cond": "(company_id < 11)",
                          "Rows Removed by Index Recheck": 0,
                          "Exact Heap Blocks": 2696,
                          "Lossy Heap Blocks": 0,
                          "Plans": [
                            {
                              "Node Type": "Bitmap Index Scan",
                              "Parent Relationship": "Outer",
                              "Parallel Aware": false,
                              "Index Name": "company_id_movie_companies",
                              "Startup Cost": 0.0,
                              "Total Cost": 1470.67,
                              "Plan Rows": 68566,
                              "Plan Width": 0,
                              "Actual Startup Time": 3.479,
                              "Actual Total Time": 3.48,
                              "Actual Rows": 69928,
                              "Actual Loops": 1,
                              "Index Cond": "(company_id < 11)"
                            }
                          ]
                        },
                        {
                          "Node Type": "Hash",
                          "Parent Relationship": "Inner",
                          "Parallel Aware": true,
                          "Startup Cost": 42319.06,
                          "Total Cost": 42319.06,
                          "Plan Rows": 632106,
                          "Plan Width": 4,
                          "Actual Startup Time": 367.012,
                          "Actual Total Time": 367.013,
                          "Actual Rows": 632078,
                          "Actual Loops": 4,
                          "Hash Buckets": 4194304,
                          "Original Hash Buckets": 4194304,
                          "Hash Batches": 1,
                          "Original Hash Batches": 1,
                          "Peak Memory Usage": 131744,
                          "Plans": [
                            {
                              "Node Type": "Seq Scan",
                              "Parent Relationship": "Outer",
                              "Parallel Aware": true,
                              "Relation Name": "title",
                              "Alias": "t",
                              "Startup Cost": 0.0,
                              "Total Cost": 42319.06,
                              "Plan Rows": 632106,
                              "Plan Width": 4,
                              "Actual Startup Time": 0.046,
                              "Actual Total Time": 108.743,
                              "Actual Rows": 632078,
                              "Actual Loops": 4
                            }
                          ]
                        }
                      ]
                    },
                    {
                      "Node Type": "Index Scan",
                      "Parent Relationship": "Inner",
                      "Parallel Aware": false,
                      "Scan Direction": "Forward",
                      "Index Name": "movie_id_movie_info",
                      "Relation Name": "movie_info",
                      "Alias": "mi",
                      "Startup Cost": 0.43,
                      "Total Cost": 1.6,
                      "Plan Rows": 4,
                      "Plan Width": 4,
                      "Actual Startup Time": 0.01,
                      "Actual Total Time": 0.01,
                      "Actual Rows": 0,
                      "Actual Loops": 69928,
                      "Index Cond": "(movie_id = t.id)",
                      "Rows Removed by Index Recheck": 0,
                      "Filter": "(info_type_id = 3)",
                      "Rows Removed by Filter": 12
                    }
                  ]
                }
              ]
            }
          ]
        }
      ]
    },
    "Planning Time": 1.232,
    "Triggers": [],
    "Execution Time": 650.352
  }
]