{
  "Plan": {
    "Node Type": "Aggregate",
    "Strategy": "Plain",
    "Partial Mode": "Finalize",
    "Parallel Aware": false,
    "Startup Cost": 84076.45,
    "Total Cost": 84076.46,
    "Plan Rows": 1,
    "Plan Width": 8,
    "Actual Startup Time": 430.453,
    "Actual Total Time": 443.443,
    "Actual Rows": 1,
    "Actual Loops": 1,
    "Plans": [
      {
        "Node Type": "Gather",
        "Parent Relationship": "Outer",
        "Parallel Aware": false,
        "Startup Cost": 84076.34,
        "Total Cost": 84076.45,
        "Plan Rows": 1,
        "Plan Width": 8,
        "Actual Startup Time": 428.6,
        "Actual Total Time": 443.434,
        "Actual Rows": 2,
        "Actual Loops": 1,
        "Workers Planned": 1,
        "Workers Launched": 1,
        "Single Copy": false,
        "Plans": [
          {
            "Node Type": "Aggregate",
            "Strategy": "Plain",
            "Partial Mode": "Partial",
            "Parent Relationship": "Outer",
            "Parallel Aware": false,
            "Startup Cost": 83076.34,
            "Total Cost": 83076.35,
            "Plan Rows": 1,
            "Plan Width": 8,
            "Actual Startup Time": 422.839,
            "Actual Total Time": 422.842,
            "Actual Rows": 1,
            "Actual Loops": 2,
            "Plans": [
              {
                "Node Type": "Hash Join",
                "Parent Relationship": "Outer",
                "Parallel Aware": true,
                "Join Type": "Inner",
                "Startup Cost": 64244.33,
                "Total Cost": 82428.12,
                "Plan Rows": 259288,
                "Plan Width": 0,
                "Actual Startup Time": 252.43,
                "Actual Total Time": 408.002,
                "Actual Rows": 379274,
                "Actual Loops": 2,
                "Inner Unique": true,
                "Hash Cond": "(mi_idx.movie_id = t.id)",
                "Plans": [
                  {
                    "Node Type": "Seq Scan",
                    "Parent Relationship": "Outer",
                    "Parallel Aware": true,
                    "Relation Name": "movie_info_idx",
                    "Alias": "mi_idx",
                    "Startup Cost": 0.0,
                    "Total Cost": 16052.85,
                    "Plan Rows": 811785,
                    "Plan Width": 4,
                    "Actual Startup Time": 0.025,
                    "Actual Total Time": 47.424,
                    "Actual Rows": 690018,
                    "Actual Loops": 2
                  },
                  {
                    "Node Type": "Hash",
                    "Parent Relationship": "Inner",
                    "Parallel Aware": true,
                    "Startup Cost": 58306.47,
                    "Total Cost": 58306.47,
                    "Plan Rows": 475029,
                    "Plan Width": 4,
                    "Actual Startup Time": 243.003,
                    "Actual Total Time": 243.004,
                    "Actual Rows": 356870,
                    "Actual Loops": 2,
                    "Hash Buckets": 1048576,
                    "Original Hash Buckets": 1048576,
                    "Hash Batches": 1,
                    "Original Hash Batches": 1,
                    "Peak Memory Usage": 36128,
                    "Plans": [
                      {
                        "Node Type": "Seq Scan",
                        "Parent Relationship": "Outer",
                        "Parallel Aware": true,
                        "Relation Name": "title",
                        "Alias": "t",
                        "Startup Cost": 0.0,
                        "Total Cost": 58306.47,
                        "Plan Rows": 475029,
                        "Plan Width": 4,
                        "Actual Startup Time": 0.041,
                        "Actual Total Time": 157.461,
                        "Actual Rows": 356870,
                        "Actual Loops": 2,
                        "Filter": "((kind_id < 7) AND (production_year > 1972))",
                        "Rows Removed by Filter": 907286
                      }
                    ]
                  }
                ]
              }
            ]
          }
        ]
      }
    ]
  },
  "Planning Time": 0.545,
  "Triggers": [],
  "Execution Time": 443.515
}