{
  "Plan": {
    "Node Type": "Aggregate",
    "Strategy": "Plain",
    "Partial Mode": "Finalize",
    "Parallel Aware": false,
    "Startup Cost": 782086.96,
    "Total Cost": 782086.97,
    "Plan Rows": 1,
    "Plan Width": 8,
    "Actual Startup Time": 8890.486,
    "Actual Total Time": 8949.684,
    "Actual Rows": 1,
    "Actual Loops": 1,
    "Plans": [
      {
        "Node Type": "Gather",
        "Parent Relationship": "Outer",
        "Parallel Aware": false,
        "Startup Cost": 782086.85,
        "Total Cost": 782086.96,
        "Plan Rows": 1,
        "Plan Width": 8,
        "Actual Startup Time": 8887.301,
        "Actual Total Time": 8949.676,
        "Actual Rows": 2,
        "Actual Loops": 1,
        "Workers Planned": 1,
        "Workers Launched": 1,
        "Single Copy": false,
        "Plans": [
          {
            "Node Type": "Aggregate",
            "Strategy": "Plain",
            "Partial Mode": "Partial",
            "Parent Relationship": "Outer",
            "Parallel Aware": false,
            "Startup Cost": 781086.85,
            "Total Cost": 781086.86,
            "Plan Rows": 1,
            "Plan Width": 8,
            "Actual Startup Time": 8880.855,
            "Actual Total Time": 8880.862,
            "Actual Rows": 1,
            "Actual Loops": 2,
            "Plans": [
              {
                "Node Type": "Hash Join",
                "Parent Relationship": "Outer",
                "Parallel Aware": true,
                "Join Type": "Inner",
                "Startup Cost": 133857.3,
                "Total Cost": 763617.71,
                "Plan Rows": 6987656,
                "Plan Width": 0,
                "Actual Startup Time": 814.688,
                "Actual Total Time": 7632.002,
                "Actual Rows": 30416816,
                "Actual Loops": 2,
                "Inner Unique": false,
                "Hash Cond": "(ci.movie_id = t.id)",
                "Plans": [
                  {
                    "Node Type": "Seq Scan",
                    "Parent Relationship": "Outer",
                    "Parallel Aware": true,
                    "Relation Name": "cast_info",
                    "Alias": "ci",
                    "Startup Cost": 0.0,
                    "Total Cost": 519069.44,
                    "Plan Rows": 18556556,
                    "Plan Width": 4,
                    "Actual Startup Time": 0.016,
                    "Actual Total Time": 1870.885,
                    "Actual Rows": 15802604,
                    "Actual Loops": 2,
                    "Filter": "(role_id < 10)",
                    "Rows Removed by Filter": 2319568
                  },
                  {
                    "Node Type": "Hash",
                    "Parent Relationship": "Inner",
                    "Parallel Aware": true,
                    "Startup Cost": 126856.9,
                    "Total Cost": 126856.9,
                    "Plan Rows": 560032,
                    "Plan Width": 8,
                    "Actual Startup Time": 805.345,
                    "Actual Total Time": 805.35,
                    "Actual Rows": 774098,
                    "Actual Loops": 2,
                    "Hash Buckets": 2097152,
                    "Original Hash Buckets": 1048576,
                    "Hash Batches": 1,
                    "Original Hash Batches": 1,
                    "Peak Memory Usage": 85152,
                    "Plans": [
                      {
                        "Node Type": "Hash Join",
                        "Parent Relationship": "Outer",
                        "Parallel Aware": true,
                        "Join Type": "Inner",
                        "Startup Cost": 62306.66,
                        "Total Cost": 126856.9,
                        "Plan Rows": 560032,
                        "Plan Width": 8,
                        "Actual Startup Time": 214.83,
                        "Actual Total Time": 648.268,
                        "Actual Rows": 774098,
                        "Actual Loops": 2,
                        "Inner Unique": true,
                        "Hash Cond": "(mk.movie_id = t.id)",
                        "Plans": [
                          {
                            "Node Type": "Seq Scan",
                            "Parent Relationship": "Outer",
                            "Parallel Aware": true,
                            "Relation Name": "movie_keyword",
                            "Alias": "mk",
                            "Startup Cost": 0.0,
                            "Total Cost": 57718.19,
                            "Plan Rows": 2602683,
                            "Plan Width": 4,
                            "Actual Startup Time": 0.013,
                            "Actual Total Time": 205.999,
                            "Actual Rows": 2213243,
                            "Actual Loops": 2,
                            "Filter": "(keyword_id < 82976)",
                            "Rows Removed by Filter": 48722
                          },
                          {
                            "Node Type": "Hash",
                            "Parent Relationship": "Inner",
                            "Parallel Aware": true,
                            "Startup Cost": 58306.47,
                            "Total Cost": 58306.47,
                            "Plan Rows": 320015,
                            "Plan Width": 4,
                            "Actual Startup Time": 209.072,
                            "Actual Total Time": 209.073,
                            "Actual Rows": 229905,
                            "Actual Loops": 2,
                            "Hash Buckets": 1048576,
                            "Original Hash Buckets": 1048576,
                            "Hash Batches": 1,
                            "Original Hash Batches": 1,
                            "Peak Memory Usage": 26208,
                            "Plans": [
                              {
                                "Node Type": "Seq Scan",
                                "Parent Relationship": "Outer",
                                "Parallel Aware": true,
                                "Relation Name": "title",
                                "Alias": "t",
                                "Startup Cost": 0.0,
                                "Total Cost": 58306.47,
                                "Plan Rows": 320015,
                                "Plan Width": 4,
                                "Actual Startup Time": 0.032,
                                "Actual Total Time": 145.443,
                                "Actual Rows": 229905,
                                "Actual Loops": 2,
                                "Filter": "((kind_id < 7) AND (production_year > 2000))",
                                "Rows Removed by Filter": 1034251
                              }
                            ]
                          }
                        ]
                      }
                    ]
                  }
                ]
              }
            ]
          }
        ]
      }
    ]
  },
  "Planning Time": 0.97,
  "Triggers": [],
  "Execution Time": 8949.776
}