{
  "Plan": {
    "Node Type": "Aggregate",
    "Strategy": "Plain",
    "Partial Mode": "Finalize",
    "Parallel Aware": false,
    "Startup Cost": 1422289.99,
    "Total Cost": 1422290.0,
    "Plan Rows": 1,
    "Plan Width": 8,
    "Actual Startup Time": 14556.543,
    "Actual Total Time": 14604.436,
    "Actual Rows": 1,
    "Actual Loops": 1,
    "Plans": [
      {
        "Node Type": "Gather",
        "Parent Relationship": "Outer",
        "Parallel Aware": false,
        "Startup Cost": 1422289.88,
        "Total Cost": 1422289.99,
        "Plan Rows": 1,
        "Plan Width": 8,
        "Actual Startup Time": 14521.027,
        "Actual Total Time": 14604.426,
        "Actual Rows": 2,
        "Actual Loops": 1,
        "Workers Planned": 1,
        "Workers Launched": 1,
        "Single Copy": false,
        "Plans": [
          {
            "Node Type": "Aggregate",
            "Strategy": "Plain",
            "Partial Mode": "Partial",
            "Parent Relationship": "Outer",
            "Parallel Aware": false,
            "Startup Cost": 1421289.88,
            "Total Cost": 1421289.89,
            "Plan Rows": 1,
            "Plan Width": 8,
            "Actual Startup Time": 14515.0,
            "Actual Total Time": 14515.005,
            "Actual Rows": 1,
            "Actual Loops": 2,
            "Plans": [
              {
                "Node Type": "Merge Join",
                "Parent Relationship": "Outer",
                "Parallel Aware": false,
                "Join Type": "Inner",
                "Startup Cost": 1142037.45,
                "Total Cost": 1404993.52,
                "Plan Rows": 6518543,
                "Plan Width": 0,
                "Actual Startup Time": 7731.682,
                "Actual Total Time": 13301.84,
                "Actual Rows": 29402136,
                "Actual Loops": 2,
                "Inner Unique": false,
                "Merge Cond": "(mk.movie_id = t.id)",
                "Plans": [
                  {
                    "Node Type": "Index Only Scan",
                    "Parent Relationship": "Outer",
                    "Parallel Aware": true,
                    "Scan Direction": "Forward",
                    "Index Name": "movie_id_movie_keyword",
                    "Relation Name": "movie_keyword",
                    "Alias": "mk",
                    "Startup Cost": 0.43,
                    "Total Cost": 158560.11,
                    "Plan Rows": 2661135,
                    "Plan Width": 4,
                    "Actual Startup Time": 0.1,
                    "Actual Total Time": 451.63,
                    "Actual Rows": 2261965,
                    "Actual Loops": 2,
                    "Heap Fetches": 4523930
                  },
                  {
                    "Node Type": "Sort",
                    "Parent Relationship": "Inner",
                    "Parallel Aware": false,
                    "Startup Cost": 1142033.53,
                    "Total Cost": 1157516.38,
                    "Plan Rows": 6193141,
                    "Plan Width": 8,
                    "Actual Startup Time": 7731.215,
                    "Actual Total Time": 9632.203,
                    "Actual Rows": 35291108,
                    "Actual Loops": 2,
                    "Sort Key": [
                      "ci.movie_id"
                    ],
                    "Sort Method": "quicksort",
                    "Sort Space Used": 521870,
                    "Sort Space Type": "Memory",
                    "Workers": [
                      {
                        "Worker Number": 0,
                        "Sort Method": "quicksort",
                        "Sort Space Used": 521870,
                        "Sort Space Type": "Memory"
                      }
                    ],
                    "Plans": [
                      {
                        "Node Type": "Hash Join",
                        "Parent Relationship": "Outer",
                        "Parallel Aware": false,
                        "Join Type": "Inner",
                        "Startup Cost": 88220.27,
                        "Total Cost": 443377.87,
                        "Plan Rows": 6193141,
                        "Plan Width": 8,
                        "Actual Startup Time": 837.971,
                        "Actual Total Time": 5970.691,
                        "Actual Rows": 6938907,
                        "Actual Loops": 2,
                        "Inner Unique": true,
                        "Hash Cond": "(ci.movie_id = t.id)",
                        "Plans": [
                          {
                            "Node Type": "Index Scan",
                            "Parent Relationship": "Outer",
                            "Parallel Aware": false,
                            "Scan Direction": "Forward",
                            "Index Name": "role_id_cast_info",
                            "Relation Name": "cast_info",
                            "Alias": "ci",
                            "Startup Cost": 0.56,
                            "Total Cost": 330239.14,
                            "Plan Rows": 9492947,
                            "Plan Width": 4,
                            "Actual Startup Time": 0.264,
                            "Actual Total Time": 1330.432,
                            "Actual Rows": 9384703,
                            "Actual Loops": 2,
                            "Index Cond": "(role_id > 4)",
                            "Rows Removed by Index Recheck": 0
                          },
                          {
                            "Node Type": "Hash",
                            "Parent Relationship": "Inner",
                            "Parallel Aware": false,
                            "Startup Cost": 67601.66,
                            "Total Cost": 67601.66,
                            "Plan Rows": 1649443,
                            "Plan Width": 4,
                            "Actual Startup Time": 821.396,
                            "Actual Total Time": 821.398,
                            "Actual Rows": 1643514,
                            "Actual Loops": 2,
                            "Hash Buckets": 2097152,
                            "Original Hash Buckets": 2097152,
                            "Hash Batches": 1,
                            "Original Hash Batches": 1,
                            "Peak Memory Usage": 74164,
                            "Plans": [
                              {
                                "Node Type": "Seq Scan",
                                "Parent Relationship": "Outer",
                                "Parallel Aware": false,
                                "Relation Name": "title",
                                "Alias": "t",
                                "Startup Cost": 0.0,
                                "Total Cost": 67601.66,
                                "Plan Rows": 1649443,
                                "Plan Width": 4,
                                "Actual Startup Time": 0.036,
                                "Actual Total Time": 385.942,
                                "Actual Rows": 1643514,
                                "Actual Loops": 2,
                                "Filter": "(production_year > 1994)",
                                "Rows Removed by Filter": 884798
                              }
                            ]
                          }
                        ]
                      }
                    ]
                  }
                ]
              }
            ]
          }
        ]
      }
    ]
  },
  "Planning Time": 1.005,
  "Triggers": [],
  "Execution Time": 14653.889
}