{
  "Plan": {
    "Node Type": "Aggregate",
    "Strategy": "Plain",
    "Partial Mode": "Finalize",
    "Parallel Aware": false,
    "Startup Cost": 117757.4,
    "Total Cost": 117757.41,
    "Plan Rows": 1,
    "Plan Width": 8,
    "Actual Startup Time": 454.12,
    "Actual Total Time": 467.45,
    "Actual Rows": 1,
    "Actual Loops": 1,
    "Plans": [
      {
        "Node Type": "Gather",
        "Parent Relationship": "Outer",
        "Parallel Aware": false,
        "Startup Cost": 117757.29,
        "Total Cost": 117757.4,
        "Plan Rows": 1,
        "Plan Width": 8,
        "Actual Startup Time": 453.977,
        "Actual Total Time": 467.443,
        "Actual Rows": 2,
        "Actual Loops": 1,
        "Workers Planned": 1,
        "Workers Launched": 1,
        "Single Copy": false,
        "Plans": [
          {
            "Node Type": "Aggregate",
            "Strategy": "Plain",
            "Partial Mode": "Partial",
            "Parent Relationship": "Outer",
            "Parallel Aware": false,
            "Startup Cost": 116757.29,
            "Total Cost": 116757.3,
            "Plan Rows": 1,
            "Plan Width": 8,
            "Actual Startup Time": 451.029,
            "Actual Total Time": 451.032,
            "Actual Rows": 1,
            "Actual Loops": 2,
            "Plans": [
              {
                "Node Type": "Hash Join",
                "Parent Relationship": "Outer",
                "Parallel Aware": true,
                "Join Type": "Inner",
                "Startup Cost": 58601.03,
                "Total Cost": 116651.87,
                "Plan Rows": 42166,
                "Plan Width": 0,
                "Actual Startup Time": 144.294,
                "Actual Total Time": 450.835,
                "Actual Rows": 4402,
                "Actual Loops": 2,
                "Inner Unique": true,
                "Hash Cond": "(mk.movie_id = t.id)",
                "Plans": [
                  {
                    "Node Type": "Seq Scan",
                    "Parent Relationship": "Outer",
                    "Parallel Aware": true,
                    "Relation Name": "movie_keyword",
                    "Alias": "mk",
                    "Startup Cost": 0.0,
                    "Total Cost": 51065.35,
                    "Plan Rows": 2661135,
                    "Plan Width": 4,
                    "Actual Startup Time": 0.012,
                    "Actual Total Time": 153.72,
                    "Actual Rows": 2261965,
                    "Actual Loops": 2
                  },
                  {
                    "Node Type": "Hash",
                    "Parent Relationship": "Inner",
                    "Parallel Aware": true,
                    "Startup Cost": 58306.47,
                    "Total Cost": 58306.47,
                    "Plan Rows": 23565,
                    "Plan Width": 4,
                    "Actual Startup Time": 142.468,
                    "Actual Total Time": 142.469,
                    "Actual Rows": 20060,
                    "Actual Loops": 2,
                    "Hash Buckets": 65536,
                    "Original Hash Buckets": 65536,
                    "Hash Batches": 1,
                    "Original Hash Batches": 1,
                    "Peak Memory Usage": 2112,
                    "Plans": [
                      {
                        "Node Type": "Seq Scan",
                        "Parent Relationship": "Outer",
                        "Parallel Aware": true,
                        "Relation Name": "title",
                        "Alias": "t",
                        "Startup Cost": 0.0,
                        "Total Cost": 58306.47,
                        "Plan Rows": 23565,
                        "Plan Width": 4,
                        "Actual Startup Time": 0.035,
                        "Actual Total Time": 135.282,
                        "Actual Rows": 20060,
                        "Actual Loops": 2,
                        "Filter": "((kind_id = 7) AND (production_year = 2013))",
                        "Rows Removed by Filter": 1244096
                      }
                    ]
                  }
                ]
              }
            ]
          }
        ]
      }
    ]
  },
  "Planning Time": 0.288,
  "Triggers": [],
  "Execution Time": 467.501
}