[
  {
    "Plan": {
      "Node Type": "Aggregate",
      "Strategy": "Plain",
      "Partial Mode": "Simple",
      "Parallel Aware": false,
      "Startup Cost": 14925.92,
      "Total Cost": 14925.93,
      "Plan Rows": 1,
      "Plan Width": 64,
      "Actual Startup Time": 3632.112,
      "Actual Total Time": 3632.118,
      "Actual Rows": 1,
      "Actual Loops": 1,
      "Plans": [
        {
          "Node Type": "Nested Loop",
          "Parent Relationship": "Outer",
          "Parallel Aware": false,
          "Join Type": "Inner",
          "Startup Cost": 13.07,
          "Total Cost": 14925.92,
          "Plan Rows": 1,
          "Plan Width": 32,
          "Actual Startup Time": 174.1,
          "Actual Total Time": 3632.08,
          "Actual Rows": 13,
          "Actual Loops": 1,
          "Inner Unique": true,
          "Plans": [
            {
              "Node Type": "Nested Loop",
              "Parent Relationship": "Outer",
              "Parallel Aware": false,
              "Join Type": "Inner",
              "Startup Cost": 12.64,
              "Total Cost": 14925.46,
              "Plan Rows": 1,
              "Plan Width": 21,
              "Actual Startup Time": 174.037,
              "Actual Total Time": 3631.541,
              "Actual Rows": 13,
              "Actual Loops": 1,
              "Inner Unique": true,
              "Plans": [
                {
                  "Node Type": "Nested Loop",
                  "Parent Relationship": "Outer",
                  "Parallel Aware": false,
                  "Join Type": "Inner",
                  "Startup Cost": 12.21,
                  "Total Cost": 14919.97,
                  "Plan Rows": 12,
                  "Plan Width": 25,
                  "Actual Startup Time": 8.723,
                  "Actual Total Time": 2093.534,
                  "Actual Rows": 756692,
                  "Actual Loops": 1,
                  "Inner Unique": false,
                  "Join Filter": "(t.id = ci.movie_id)",
                  "Rows Removed by Join Filter": 0,
                  "Plans": [
                    {
                      "Node Type": "Nested Loop",
                      "Parent Relationship": "Outer",
                      "Parallel Aware": false,
                      "Join Type": "Inner",
                      "Startup Cost": 11.65,
                      "Total Cost": 14912.16,
                      "Plan Rows": 4,
                      "Plan Width": 29,
                      "Actual Startup Time": 8.655,
                      "Actual Total Time": 557.92,
                      "Actual Rows": 8528,
                      "Actual Loops": 1,
                      "Inner Unique": false,
                      "Join Filter": "(t.kind_id = kt.id)",
                      "Rows Removed by Join Filter": 1896,
                      "Plans": [
                        {
                          "Node Type": "Seq Scan",
                          "Parent Relationship": "Outer",
                          "Parallel Aware": false,
                          "Relation Name": "kind_type",
                          "Alias": "kt",
                          "Startup Cost": 0.0,
                          "Total Cost": 1.09,
                          "Plan Rows": 1,
                          "Plan Width": 4,
                          "Actual Startup Time": 0.009,
                          "Actual Total Time": 0.011,
                          "Actual Rows": 1,
                          "Actual Loops": 1,
                          "Filter": "((kind)::text = 'movie'::text)",
                          "Rows Removed by Filter": 6
                        },
                        {
                          "Node Type": "Nested Loop",
                          "Parent Relationship": "Inner",
                          "Parallel Aware": false,
                          "Join Type": "Inner",
                          "Startup Cost": 11.65,
                          "Total Cost": 14910.74,
                          "Plan Rows": 26,
                          "Plan Width": 33,
                          "Actual Startup Time": 1.654,
                          "Actual Total Time": 555.716,
                          "Actual Rows": 10424,
                          "Actual Loops": 1,
                          "Inner Unique": true,
                          "Plans": [
                            {
                              "Node Type": "Nested Loop",
                              "Parent Relationship": "Outer",
                              "Parallel Aware": false,
                              "Join Type": "Inner",
                              "Startup Cost": 11.22,
                              "Total Cost": 14896.54,
                              "Plan Rows": 29,
                              "Plan Width": 8,
                              "Actual Startup Time": 1.582,
                              "Actual Total Time": 468.164,
                              "Actual Rows": 12765,
                              "Actual Loops": 1,
                              "Inner Unique": false,
                              "Join Filter": "(cc.status_id = cct2.id)",
                              "Rows Removed by Join Filter": 12765,
                              "Plans": [
                                {
                                  "Node Type": "Seq Scan",
                                  "Parent Relationship": "Outer",
                                  "Parallel Aware": false,
                                  "Relation Name": "comp_cast_type",
                                  "Alias": "cct2",
                                  "Startup Cost": 0.0,
                                  "Total Cost": 1.05,
                                  "Plan Rows": 1,
                                  "Plan Width": 4,
                                  "Actual Startup Time": 0.006,
                                  "Actual Total Time": 0.008,
                                  "Actual Rows": 2,
                                  "Actual Loops": 1,
                                  "Filter": "((kind)::text ~~ '%complete%'::text)",
                                  "Rows Removed by Filter": 2
                                },
                                {
                                  "Node Type": "Nested Loop",
                                  "Parent Relationship": "Inner",
                                  "Parallel Aware": false,
                                  "Join Type": "Inner",
                                  "Startup Cost": 11.22,
                                  "Total Cost": 14894.04,
                                  "Plan Rows": 116,
                                  "Plan Width": 12,
                                  "Actual Startup Time": 1.138,
                                  "Actual Total Time": 232.052,
                                  "Actual Rows": 12765,
                                  "Actual Loops": 2,
                                  "Inner Unique": false,
                                  "Join Filter": "(cc.subject_id = cct1.id)",
                                  "Rows Removed by Join Filter": 5754,
                                  "Plans": [
                                    {
                                      "Node Type": "Seq Scan",
                                      "Parent Relationship": "Outer",
                                      "Parallel Aware": false,
                                      "Relation Name": "comp_cast_type",
                                      "Alias": "cct1",
                                      "Startup Cost": 0.0,
                                      "Total Cost": 1.05,
                                      "Plan Rows": 1,
                                      "Plan Width": 4,
                                      "Actual Startup Time": 0.005,
                                      "Actual Total Time": 0.008,
                                      "Actual Rows": 1,
                                      "Actual Loops": 2,
                                      "Filter": "((kind)::text = 'cast'::text)",
                                      "Rows Removed by Filter": 3
                                    },
                                    {
                                      "Node Type": "Nested Loop",
                                      "Parent Relationship": "Inner",
                                      "Parallel Aware": false,
                                      "Join Type": "Inner",
                                      "Startup Cost": 11.22,
                                      "Total Cost": 14887.2,
                                      "Plan Rows": 463,
                                      "Plan Width": 16,
                                      "Actual Startup Time": 1.131,
                                      "Actual Total Time": 229.494,
                                      "Actual Rows": 18519,
                                      "Actual Loops": 2,
                                      "Inner Unique": false,
                                      "Plans": [
                                        {
                                          "Node Type": "Nested Loop",
                                          "Parent Relationship": "Outer",
                                          "Parallel Aware": false,
                                          "Join Type": "Inner",
                                          "Startup Cost": 10.8,
                                          "Total Cost": 14726.77,
                                          "Plan Rows": 337,
                                          "Plan Width": 4,
                                          "Actual Startup Time": 0.761,
                                          "Actual Total Time": 123.815,
                                          "Actual Rows": 55079,
                                          "Actual Loops": 2,
                                          "Inner Unique": false,
                                          "Plans": [
                                            {
                                              "Node Type": "Seq Scan",
                                              "Parent Relationship": "Outer",
                                              "Parallel Aware": false,
                                              "Relation Name": "keyword",
                                              "Alias": "k",
                                              "Startup Cost": 0.0,
                                              "Total Cost": 3967.82,
                                              "Plan Rows": 10,
                                              "Plan Width": 4,
                                              "Actual Startup Time": 0.153,
                                              "Actual Total Time": 31.805,
                                              "Actual Rows": 9,
                                              "Actual Loops": 2,
                                              "Filter": "(keyword = ANY ('{marvel-comics,fight,blood,\"10,000-mile-club\",violence,based-on-comic,based-on-comic,sequel,tv-special,number-in-title}'::text[]))",
                                              "Rows Removed by Filter": 134161
                                            },
                                            {
                                              "Node Type": "Bitmap Heap Scan",
                                              "Parent Relationship": "Inner",
                                              "Parallel Aware": false,
                                              "Relation Name": "movie_keyword",
                                              "Alias": "mk",
                                              "Startup Cost": 10.8,
                                              "Total Cost": 1072.84,
                                              "Plan Rows": 305,
                                              "Plan Width": 8,
                                              "Actual Startup Time": 1.284,
                                              "Actual Total Time": 9.453,
                                              "Actual Rows": 6120,
                                              "Actual Loops": 18,
                                              "Recheck Cond": "(keyword_id = k.id)",
                                              "Rows Removed by Index Recheck": 0,
                                              "Exact Heap Blocks": 66988,
                                              "Lossy Heap Blocks": 0,
                                              "Plans": [
                                                {
                                                  "Node Type": "Bitmap Index Scan",
                                                  "Parent Relationship": "Outer",
                                                  "Parallel Aware": false,
                                                  "Index Name": "keyword_id_movie_keyword",
                                                  "Startup Cost": 0.0,
                                                  "Total Cost": 10.72,
                                                  "Plan Rows": 305,
                                                  "Plan Width": 0,
                                                  "Actual Startup Time": 0.768,
                                                  "Actual Total Time": 0.768,
                                                  "Actual Rows": 6120,
                                                  "Actual Loops": 18,
                                                  "Index Cond": "(keyword_id = k.id)"
                                                }
                                              ]
                                            }
                                          ]
                                        },
                                        {
                                          "Node Type": "Index Scan",
                                          "Parent Relationship": "Inner",
                                          "Parallel Aware": false,
                                          "Scan Direction": "Forward",
                                          "Index Name": "movie_id_complete_cast",
                                          "Relation Name": "complete_cast",
                                          "Alias": "cc",
                                          "Startup Cost": 0.42,
                                          "Total Cost": 0.46,
                                          "Plan Rows": 2,
                                          "Plan Width": 12,
                                          "Actual Startup Time": 0.002,
                                          "Actual Total Time": 0.002,
                                          "Actual Rows": 0,
                                          "Actual Loops": 110158,
                                          "Index Cond": "(movie_id = mk.movie_id)",
                                          "Rows Removed by Index Recheck": 0
                                        }
                                      ]
                                    }
                                  ]
                                }
                              ]
                            },
                            {
                              "Node Type": "Index Scan",
                              "Parent Relationship": "Inner",
                              "Parallel Aware": false,
                              "Scan Direction": "Forward",
                              "Index Name": "title_pkey",
                              "Relation Name": "title",
                              "Alias": "t",
                              "Startup Cost": 0.43,
                              "Total Cost": 0.49,
                              "Plan Rows": 1,
                              "Plan Width": 25,
                              "Actual Startup Time": 0.006,
                              "Actual Total Time": 0.006,
                              "Actual Rows": 1,
                              "Actual Loops": 12765,
                              "Index Cond": "(id = mk.movie_id)",
                              "Rows Removed by Index Recheck": 0,
                              "Filter": "(production_year > 1958)",
                              "Rows Removed by Filter": 0
                            }
                          ]
                        }
                      ]
                    },
                    {
                      "Node Type": "Index Scan",
                      "Parent Relationship": "Inner",
                      "Parallel Aware": false,
                      "Scan Direction": "Forward",
                      "Index Name": "movie_id_cast_info",
                      "Relation Name": "cast_info",
                      "Alias": "ci",
                      "Startup Cost": 0.56,
                      "Total Cost": 1.52,
                      "Plan Rows": 35,
                      "Plan Width": 12,
                      "Actual Startup Time": 0.013,
                      "Actual Total Time": 0.164,
                      "Actual Rows": 89,
                      "Actual Loops": 8528,
                      "Index Cond": "(movie_id = mk.movie_id)",
                      "Rows Removed by Index Recheck": 0
                    }
                  ]
                },
                {
                  "Node Type": "Index Scan",
                  "Parent Relationship": "Inner",
                  "Parallel Aware": false,
                  "Scan Direction": "Forward",
                  "Index Name": "char_name_pkey",
                  "Relation Name": "char_name",
                  "Alias": "chn",
                  "Startup Cost": 0.43,
                  "Total Cost": 0.46,
                  "Plan Rows": 1,
                  "Plan Width": 4,
                  "Actual Startup Time": 0.002,
                  "Actual Total Time": 0.002,
                  "Actual Rows": 0,
                  "Actual Loops": 756692,
                  "Index Cond": "(id = ci.person_role_id)",
                  "Rows Removed by Index Recheck": 0,
                  "Filter": "((name IS NOT NULL) AND ((name ~~ '%Garc\u00eda%'::text) OR (name ~~ '%Lorente%'::text)))",
                  "Rows Removed by Filter": 0
                }
              ]
            },
            {
              "Node Type": "Index Scan",
              "Parent Relationship": "Inner",
              "Parallel Aware": false,
              "Scan Direction": "Forward",
              "Index Name": "name_pkey",
              "Relation Name": "name",
              "Alias": "n",
              "Startup Cost": 0.43,
              "Total Cost": 0.46,
              "Plan Rows": 1,
              "Plan Width": 19,
              "Actual Startup Time": 0.039,
              "Actual Total Time": 0.039,
              "Actual Rows": 1,
              "Actual Loops": 13,
              "Index Cond": "(id = ci.person_id)",
              "Rows Removed by Index Recheck": 0
            }
          ]
        }
      ]
    },
    "Planning Time": 30.621,
    "Triggers": [],
    "Execution Time": 3632.443
  }
]