[
  {
    "Plan": {
      "Node Type": "Aggregate",
      "Strategy": "Plain",
      "Partial Mode": "Finalize",
      "Parallel Aware": false,
      "Startup Cost": 33067.57,
      "Total Cost": 33067.58,
      "Plan Rows": 1,
      "Plan Width": 8,
      "Actual Startup Time": 99.434,
      "Actual Total Time": 105.916,
      "Actual Rows": 1,
      "Actual Loops": 1,
      "Plans": [
        {
          "Node Type": "Gather",
          "Parent Relationship": "Outer",
          "Parallel Aware": false,
          "Startup Cost": 33067.26,
          "Total Cost": 33067.57,
          "Plan Rows": 3,
          "Plan Width": 8,
          "Actual Startup Time": 99.301,
          "Actual Total Time": 105.908,
          "Actual Rows": 4,
          "Actual Loops": 1,
          "Workers Planned": 3,
          "Workers Launched": 3,
          "Single Copy": false,
          "Plans": [
            {
              "Node Type": "Aggregate",
              "Strategy": "Plain",
              "Partial Mode": "Partial",
              "Parent Relationship": "Outer",
              "Parallel Aware": false,
              "Startup Cost": 32067.26,
              "Total Cost": 32067.27,
              "Plan Rows": 1,
              "Plan Width": 8,
              "Actual Startup Time": 94.241,
              "Actual Total Time": 94.242,
              "Actual Rows": 1,
              "Actual Loops": 4,
              "Plans": [
                {
                  "Node Type": "Seq Scan",
                  "Parent Relationship": "Outer",
                  "Parallel Aware": true,
                  "Relation Name": "movie_companies",
                  "Alias": "mc",
                  "Startup Cost": 0.0,
                  "Total Cost": 31414.82,
                  "Plan Rows": 260975,
                  "Plan Width": 0,
                  "Actual Startup Time": 0.022,
                  "Actual Total Time": 79.281,
                  "Actual Rows": 281504,
                  "Actual Loops": 4,
                  "Filter": "((company_id < 18747) AND (company_type_id = 1))",
                  "Rows Removed by Filter": 370779
                }
              ]
            }
          ]
        }
      ]
    },
    "Planning Time": 0.186,
    "Triggers": [],
    "Execution Time": 105.961
  }
]