[
  {
    "Plan": {
      "Node Type": "Aggregate",
      "Strategy": "Plain",
      "Partial Mode": "Finalize",
      "Parallel Aware": false,
      "Startup Cost": 46482.74,
      "Total Cost": 46482.75,
      "Plan Rows": 1,
      "Plan Width": 8,
      "Actual Startup Time": 91.011,
      "Actual Total Time": 102.277,
      "Actual Rows": 1,
      "Actual Loops": 1,
      "Plans": [
        {
          "Node Type": "Gather",
          "Parent Relationship": "Outer",
          "Parallel Aware": false,
          "Startup Cost": 46482.32,
          "Total Cost": 46482.73,
          "Plan Rows": 4,
          "Plan Width": 8,
          "Actual Startup Time": 90.584,
          "Actual Total Time": 102.268,
          "Actual Rows": 5,
          "Actual Loops": 1,
          "Workers Planned": 4,
          "Workers Launched": 4,
          "Single Copy": false,
          "Plans": [
            {
              "Node Type": "Aggregate",
              "Strategy": "Plain",
              "Partial Mode": "Partial",
              "Parent Relationship": "Outer",
              "Parallel Aware": false,
              "Startup Cost": 45482.32,
              "Total Cost": 45482.33,
              "Plan Rows": 1,
              "Plan Width": 8,
              "Actual Startup Time": 84.854,
              "Actual Total Time": 84.856,
              "Actual Rows": 1,
              "Actual Loops": 5,
              "Plans": [
                {
                  "Node Type": "Seq Scan",
                  "Parent Relationship": "Outer",
                  "Parallel Aware": true,
                  "Relation Name": "title",
                  "Alias": "t",
                  "Startup Cost": 0.0,
                  "Total Cost": 45479.59,
                  "Plan Rows": 1095,
                  "Plan Width": 0,
                  "Actual Startup Time": 54.863,
                  "Actual Total Time": 84.756,
                  "Actual Rows": 903,
                  "Actual Loops": 5,
                  "Filter": "((kind_id = 1) AND (production_year = 1984))",
                  "Rows Removed by Filter": 504760
                }
              ]
            }
          ]
        }
      ]
    },
    "Planning Time": 0.201,
    "Triggers": [],
    "Execution Time": 102.336
  }
]