[
  {
    "Plan": {
      "Node Type": "Aggregate",
      "Strategy": "Plain",
      "Partial Mode": "Finalize",
      "Parallel Aware": false,
      "Startup Cost": 780743.74,
      "Total Cost": 780743.75,
      "Plan Rows": 1,
      "Plan Width": 8,
      "Actual Startup Time": 15529.051,
      "Actual Total Time": 15670.703,
      "Actual Rows": 1,
      "Actual Loops": 1,
      "Plans": [
        {
          "Node Type": "Gather",
          "Parent Relationship": "Outer",
          "Parallel Aware": false,
          "Startup Cost": 780743.12,
          "Total Cost": 780743.73,
          "Plan Rows": 6,
          "Plan Width": 8,
          "Actual Startup Time": 15431.177,
          "Actual Total Time": 15670.678,
          "Actual Rows": 7,
          "Actual Loops": 1,
          "Workers Planned": 6,
          "Workers Launched": 6,
          "Single Copy": false,
          "Plans": [
            {
              "Node Type": "Aggregate",
              "Strategy": "Plain",
              "Partial Mode": "Partial",
              "Parent Relationship": "Outer",
              "Parallel Aware": false,
              "Startup Cost": 779743.12,
              "Total Cost": 779743.13,
              "Plan Rows": 1,
              "Plan Width": 8,
              "Actual Startup Time": 15382.948,
              "Actual Total Time": 15384.405,
              "Actual Rows": 1,
              "Actual Loops": 7,
              "Plans": [
                {
                  "Node Type": "Hash Join",
                  "Parent Relationship": "Outer",
                  "Parallel Aware": true,
                  "Join Type": "Inner",
                  "Startup Cost": 286815.03,
                  "Total Cost": 705738.83,
                  "Plan Rows": 29601715,
                  "Plan Width": 0,
                  "Actual Startup Time": 2442.539,
                  "Actual Total Time": 13197.261,
                  "Actual Rows": 54115479,
                  "Actual Loops": 7,
                  "Inner Unique": false,
                  "Hash Cond": "(ci.movie_id = t.id)",
                  "Plans": [
                    {
                      "Node Type": "Seq Scan",
                      "Parent Relationship": "Outer",
                      "Parallel Aware": true,
                      "Relation Name": "cast_info",
                      "Alias": "ci",
                      "Startup Cost": 0.0,
                      "Total Cost": 328211.39,
                      "Plan Rows": 5041437,
                      "Plan Width": 4,
                      "Actual Startup Time": 63.303,
                      "Actual Total Time": 644.154,
                      "Actual Rows": 4292154,
                      "Actual Loops": 7,
                      "Filter": "(person_id > 597757)",
                      "Rows Removed by Filter": 885610
                    },
                    {
                      "Node Type": "Hash",
                      "Parent Relationship": "Inner",
                      "Parallel Aware": true,
                      "Startup Cost": 249699.79,
                      "Total Cost": 249699.79,
                      "Plan Rows": 2969219,
                      "Plan Width": 8,
                      "Actual Startup Time": 2361.501,
                      "Actual Total Time": 2362.955,
                      "Actual Rows": 2119389,
                      "Actual Loops": 7,
                      "Hash Buckets": 16777216,
                      "Original Hash Buckets": 16777216,
                      "Hash Batches": 1,
                      "Original Hash Batches": 1,
                      "Peak Memory Usage": 711520,
                      "Plans": [
                        {
                          "Node Type": "Hash Join",
                          "Parent Relationship": "Outer",
                          "Parallel Aware": true,
                          "Join Type": "Inner",
                          "Startup Cost": 50220.38,
                          "Total Cost": 249699.79,
                          "Plan Rows": 2969219,
                          "Plan Width": 8,
                          "Actual Startup Time": 262.012,
                          "Actual Total Time": 1372.834,
                          "Actual Rows": 2119389,
                          "Actual Loops": 7,
                          "Inner Unique": true,
                          "Hash Cond": "(mi.movie_id = t.id)",
                          "Plans": [
                            {
                              "Node Type": "Seq Scan",
                              "Parent Relationship": "Outer",
                              "Parallel Aware": true,
                              "Relation Name": "movie_info",
                              "Alias": "mi",
                              "Startup Cost": 0.0,
                              "Total Cost": 191685.19,
                              "Plan Rows": 2969219,
                              "Plan Width": 4,
                              "Actual Startup Time": 0.033,
                              "Actual Total Time": 281.338,
                              "Actual Rows": 2119389,
                              "Actual Loops": 7
                            },
                            {
                              "Node Type": "Hash",
                              "Parent Relationship": "Inner",
                              "Parallel Aware": true,
                              "Startup Cost": 42319.06,
                              "Total Cost": 42319.06,
                              "Plan Rows": 632106,
                              "Plan Width": 4,
                              "Actual Startup Time": 257.677,
                              "Actual Total Time": 257.679,
                              "Actual Rows": 361187,
                              "Actual Loops": 7,
                              "Hash Buckets": 4194304,
                              "Original Hash Buckets": 4194304,
                              "Hash Batches": 1,
                              "Original Hash Batches": 1,
                              "Peak Memory Usage": 131808,
                              "Plans": [
                                {
                                  "Node Type": "Seq Scan",
                                  "Parent Relationship": "Outer",
                                  "Parallel Aware": true,
                                  "Relation Name": "title",
                                  "Alias": "t",
                                  "Startup Cost": 0.0,
                                  "Total Cost": 42319.06,
                                  "Plan Rows": 632106,
                                  "Plan Width": 4,
                                  "Actual Startup Time": 0.067,
                                  "Actual Total Time": 73.058,
                                  "Actual Rows": 361187,
                                  "Actual Loops": 7
                                }
                              ]
                            }
                          ]
                        }
                      ]
                    }
                  ]
                }
              ]
            }
          ]
        }
      ]
    },
    "Planning Time": 0.758,
    "Triggers": [],
    "Execution Time": 15670.763
  }
]