[
  {
    "Plan": {
      "Node Type": "Aggregate",
      "Strategy": "Plain",
      "Partial Mode": "Finalize",
      "Parallel Aware": false,
      "Startup Cost": 124285.64,
      "Total Cost": 124285.65,
      "Plan Rows": 1,
      "Plan Width": 8,
      "Actual Startup Time": 737.676,
      "Actual Total Time": 757.121,
      "Actual Rows": 1,
      "Actual Loops": 1,
      "Plans": [
        {
          "Node Type": "Gather",
          "Parent Relationship": "Outer",
          "Parallel Aware": false,
          "Startup Cost": 124285.32,
          "Total Cost": 124285.63,
          "Plan Rows": 3,
          "Plan Width": 8,
          "Actual Startup Time": 734.935,
          "Actual Total Time": 757.112,
          "Actual Rows": 4,
          "Actual Loops": 1,
          "Workers Planned": 3,
          "Workers Launched": 3,
          "Single Copy": false,
          "Plans": [
            {
              "Node Type": "Aggregate",
              "Strategy": "Plain",
              "Partial Mode": "Partial",
              "Parent Relationship": "Outer",
              "Parallel Aware": false,
              "Startup Cost": 123285.32,
              "Total Cost": 123285.33,
              "Plan Rows": 1,
              "Plan Width": 8,
              "Actual Startup Time": 724.956,
              "Actual Total Time": 724.962,
              "Actual Rows": 1,
              "Actual Loops": 4,
              "Plans": [
                {
                  "Node Type": "Hash Join",
                  "Parent Relationship": "Outer",
                  "Parallel Aware": true,
                  "Join Type": "Inner",
                  "Startup Cost": 77620.89,
                  "Total Cost": 122713.02,
                  "Plan Rows": 228921,
                  "Plan Width": 0,
                  "Actual Startup Time": 414.097,
                  "Actual Total Time": 693.48,
                  "Actual Rows": 628985,
                  "Actual Loops": 4,
                  "Inner Unique": false,
                  "Hash Cond": "(mk.movie_id = t.id)",
                  "Plans": [
                    {
                      "Node Type": "Seq Scan",
                      "Parent Relationship": "Outer",
                      "Parallel Aware": true,
                      "Relation Name": "movie_keyword",
                      "Alias": "mk",
                      "Startup Cost": 0.0,
                      "Total Cost": 39047.32,
                      "Plan Rows": 1459332,
                      "Plan Width": 4,
                      "Actual Startup Time": 0.035,
                      "Actual Total Time": 104.435,
                      "Actual Rows": 1130982,
                      "Actual Loops": 4
                    },
                    {
                      "Node Type": "Hash",
                      "Parent Relationship": "Inner",
                      "Parallel Aware": true,
                      "Startup Cost": 76381.49,
                      "Total Cost": 76381.49,
                      "Plan Rows": 99152,
                      "Plan Width": 8,
                      "Actual Startup Time": 410.518,
                      "Actual Total Time": 410.522,
                      "Actual Rows": 98260,
                      "Actual Loops": 4,
                      "Hash Buckets": 524288,
                      "Original Hash Buckets": 524288,
                      "Hash Batches": 1,
                      "Original Hash Batches": 1,
                      "Peak Memory Usage": 19520,
                      "Plans": [
                        {
                          "Node Type": "Hash Join",
                          "Parent Relationship": "Outer",
                          "Parallel Aware": true,
                          "Join Type": "Inner",
                          "Startup Cost": 30582.56,
                          "Total Cost": 76381.49,
                          "Plan Rows": 99152,
                          "Plan Width": 8,
                          "Actual Startup Time": 130.64,
                          "Actual Total Time": 374.467,
                          "Actual Rows": 98260,
                          "Actual Loops": 4,
                          "Inner Unique": false,
                          "Hash Cond": "(t.id = mc.movie_id)",
                          "Plans": [
                            {
                              "Node Type": "Seq Scan",
                              "Parent Relationship": "Outer",
                              "Parallel Aware": true,
                              "Relation Name": "title",
                              "Alias": "t",
                              "Startup Cost": 0.0,
                              "Total Cost": 42318.73,
                              "Plan Rows": 632073,
                              "Plan Width": 4,
                              "Actual Startup Time": 0.015,
                              "Actual Total Time": 83.604,
                              "Actual Rows": 632078,
                              "Actual Loops": 4
                            },
                            {
                              "Node Type": "Hash",
                              "Parent Relationship": "Inner",
                              "Parallel Aware": true,
                              "Startup Cost": 28983.34,
                              "Total Cost": 28983.34,
                              "Plan Rows": 127937,
                              "Plan Width": 4,
                              "Actual Startup Time": 128.745,
                              "Actual Total Time": 128.747,
                              "Actual Rows": 98260,
                              "Actual Loops": 4,
                              "Hash Buckets": 524288,
                              "Original Hash Buckets": 524288,
                              "Hash Batches": 1,
                              "Original Hash Batches": 1,
                              "Peak Memory Usage": 19552,
                              "Plans": [
                                {
                                  "Node Type": "Bitmap Heap Scan",
                                  "Parent Relationship": "Outer",
                                  "Parallel Aware": true,
                                  "Relation Name": "movie_companies",
                                  "Alias": "mc",
                                  "Startup Cost": 8594.13,
                                  "Total Cost": 28983.34,
                                  "Plan Rows": 127937,
                                  "Plan Width": 4,
                                  "Actual Startup Time": 32.741,
                                  "Actual Total Time": 84.631,
                                  "Actual Rows": 98260,
                                  "Actual Loops": 4,
                                  "Recheck Cond": "(company_id < 240)",
                                  "Rows Removed by Index Recheck": 0,
                                  "Exact Heap Blocks": 5287,
                                  "Lossy Heap Blocks": 0,
                                  "Plans": [
                                    {
                                      "Node Type": "Bitmap Index Scan",
                                      "Parent Relationship": "Outer",
                                      "Parallel Aware": false,
                                      "Index Name": "company_id_movie_companies",
                                      "Startup Cost": 0.0,
                                      "Total Cost": 8494.98,
                                      "Plan Rows": 396606,
                                      "Plan Width": 0,
                                      "Actual Startup Time": 28.255,
                                      "Actual Total Time": 28.256,
                                      "Actual Rows": 393040,
                                      "Actual Loops": 1,
                                      "Index Cond": "(company_id < 240)"
                                    }
                                  ]
                                }
                              ]
                            }
                          ]
                        }
                      ]
                    }
                  ]
                }
              ]
            }
          ]
        }
      ]
    },
    "Planning Time": 1.422,
    "Triggers": [],
    "Execution Time": 757.231
  }
]