[
  {
    "Plan": {
      "Node Type": "Aggregate",
      "Strategy": "Plain",
      "Partial Mode": "Finalize",
      "Parallel Aware": false,
      "Startup Cost": 45802.22,
      "Total Cost": 45802.23,
      "Plan Rows": 1,
      "Plan Width": 8,
      "Actual Startup Time": 152.5,
      "Actual Total Time": 161.906,
      "Actual Rows": 1,
      "Actual Loops": 1,
      "Plans": [
        {
          "Node Type": "Gather",
          "Parent Relationship": "Outer",
          "Parallel Aware": false,
          "Startup Cost": 45801.9,
          "Total Cost": 45802.21,
          "Plan Rows": 3,
          "Plan Width": 8,
          "Actual Startup Time": 152.365,
          "Actual Total Time": 161.898,
          "Actual Rows": 4,
          "Actual Loops": 1,
          "Workers Planned": 3,
          "Workers Launched": 3,
          "Single Copy": false,
          "Plans": [
            {
              "Node Type": "Aggregate",
              "Strategy": "Plain",
              "Partial Mode": "Partial",
              "Parent Relationship": "Outer",
              "Parallel Aware": false,
              "Startup Cost": 44801.9,
              "Total Cost": 44801.91,
              "Plan Rows": 1,
              "Plan Width": 8,
              "Actual Startup Time": 145.749,
              "Actual Total Time": 145.75,
              "Actual Rows": 1,
              "Actual Loops": 4,
              "Plans": [
                {
                  "Node Type": "Seq Scan",
                  "Parent Relationship": "Outer",
                  "Parallel Aware": true,
                  "Relation Name": "movie_keyword",
                  "Alias": "mk",
                  "Startup Cost": 0.0,
                  "Total Cost": 42695.65,
                  "Plan Rows": 842500,
                  "Plan Width": 0,
                  "Actual Startup Time": 0.056,
                  "Actual Total Time": 116.417,
                  "Actual Rows": 651420,
                  "Actual Loops": 4,
                  "Filter": "(keyword_id < 7058)",
                  "Rows Removed by Filter": 479562
                }
              ]
            }
          ]
        }
      ]
    },
    "Planning Time": 0.191,
    "Triggers": [],
    "Execution Time": 161.966
  }
]