[
  {
    "Plan": {
      "Node Type": "Aggregate",
      "Strategy": "Plain",
      "Partial Mode": "Finalize",
      "Parallel Aware": false,
      "Startup Cost": 32133.83,
      "Total Cost": 32133.84,
      "Plan Rows": 1,
      "Plan Width": 8,
      "Actual Startup Time": 80.87,
      "Actual Total Time": 88.638,
      "Actual Rows": 1,
      "Actual Loops": 1,
      "Plans": [
        {
          "Node Type": "Gather",
          "Parent Relationship": "Outer",
          "Parallel Aware": false,
          "Startup Cost": 32133.51,
          "Total Cost": 32133.82,
          "Plan Rows": 3,
          "Plan Width": 8,
          "Actual Startup Time": 80.393,
          "Actual Total Time": 88.63,
          "Actual Rows": 4,
          "Actual Loops": 1,
          "Workers Planned": 3,
          "Workers Launched": 3,
          "Single Copy": false,
          "Plans": [
            {
              "Node Type": "Aggregate",
              "Strategy": "Plain",
              "Partial Mode": "Partial",
              "Parent Relationship": "Outer",
              "Parallel Aware": false,
              "Startup Cost": 31133.51,
              "Total Cost": 31133.52,
              "Plan Rows": 1,
              "Plan Width": 8,
              "Actual Startup Time": 76.668,
              "Actual Total Time": 76.669,
              "Actual Rows": 1,
              "Actual Loops": 4,
              "Plans": [
                {
                  "Node Type": "Bitmap Heap Scan",
                  "Parent Relationship": "Outer",
                  "Parallel Aware": true,
                  "Relation Name": "movie_keyword",
                  "Alias": "mk",
                  "Startup Cost": 5439.12,
                  "Total Cost": 30926.78,
                  "Plan Rows": 82693,
                  "Plan Width": 0,
                  "Actual Startup Time": 18.376,
                  "Actual Total Time": 72.943,
                  "Actual Rows": 62437,
                  "Actual Loops": 4,
                  "Recheck Cond": "(keyword_id < 214)",
                  "Rows Removed by Index Recheck": 0,
                  "Exact Heap Blocks": 10552,
                  "Lossy Heap Blocks": 0,
                  "Plans": [
                    {
                      "Node Type": "Bitmap Index Scan",
                      "Parent Relationship": "Outer",
                      "Parallel Aware": false,
                      "Index Name": "keyword_id_movie_keyword",
                      "Startup Cost": 0.0,
                      "Total Cost": 5375.03,
                      "Plan Rows": 256347,
                      "Plan Width": 0,
                      "Actual Startup Time": 18.176,
                      "Actual Total Time": 18.176,
                      "Actual Rows": 249747,
                      "Actual Loops": 1,
                      "Index Cond": "(keyword_id < 214)"
                    }
                  ]
                }
              ]
            }
          ]
        }
      ]
    },
    "Planning Time": 0.096,
    "Triggers": [],
    "Execution Time": 88.675
  }
]