{
  "Plan": {
    "Node Type": "Aggregate",
    "Strategy": "Plain",
    "Partial Mode": "Finalize",
    "Parallel Aware": false,
    "Startup Cost": 373147.02,
    "Total Cost": 373147.03,
    "Plan Rows": 1,
    "Plan Width": 8,
    "Actual Startup Time": 2832.071,
    "Actual Total Time": 2879.828,
    "Actual Rows": 1,
    "Actual Loops": 1,
    "Plans": [
      {
        "Node Type": "Gather",
        "Parent Relationship": "Outer",
        "Parallel Aware": false,
        "Startup Cost": 373146.91,
        "Total Cost": 373147.02,
        "Plan Rows": 1,
        "Plan Width": 8,
        "Actual Startup Time": 2829.138,
        "Actual Total Time": 2879.818,
        "Actual Rows": 2,
        "Actual Loops": 1,
        "Workers Planned": 1,
        "Workers Launched": 1,
        "Single Copy": false,
        "Plans": [
          {
            "Node Type": "Aggregate",
            "Strategy": "Plain",
            "Partial Mode": "Partial",
            "Parent Relationship": "Outer",
            "Parallel Aware": false,
            "Startup Cost": 372146.91,
            "Total Cost": 372146.92,
            "Plan Rows": 1,
            "Plan Width": 8,
            "Actual Startup Time": 2823.452,
            "Actual Total Time": 2823.749,
            "Actual Rows": 1,
            "Actual Loops": 2,
            "Plans": [
              {
                "Node Type": "Hash Join",
                "Parent Relationship": "Outer",
                "Parallel Aware": true,
                "Join Type": "Inner",
                "Startup Cost": 80240.23,
                "Total Cost": 369063.07,
                "Plan Rows": 1233534,
                "Plan Width": 0,
                "Actual Startup Time": 529.252,
                "Actual Total Time": 2638.57,
                "Actual Rows": 3657685,
                "Actual Loops": 2,
                "Inner Unique": false,
                "Hash Cond": "(mi.movie_id = t.id)",
                "Plans": [
                  {
                    "Node Type": "Seq Scan",
                    "Parent Relationship": "Outer",
                    "Parallel Aware": true,
                    "Relation Name": "movie_info",
                    "Alias": "mi",
                    "Startup Cost": 0.0,
                    "Total Cost": 248955.74,
                    "Plan Rows": 8696274,
                    "Plan Width": 4,
                    "Actual Startup Time": 0.018,
                    "Actual Total Time": 712.263,
                    "Actual Rows": 7417860,
                    "Actual Loops": 2
                  },
                  {
                    "Node Type": "Hash",
                    "Parent Relationship": "Inner",
                    "Parallel Aware": true,
                    "Startup Cost": 77603.25,
                    "Total Cost": 77603.25,
                    "Plan Rows": 210958,
                    "Plan Width": 8,
                    "Actual Startup Time": 522.231,
                    "Actual Total Time": 522.526,
                    "Actual Rows": 217640,
                    "Actual Loops": 2,
                    "Hash Buckets": 524288,
                    "Original Hash Buckets": 524288,
                    "Hash Batches": 1,
                    "Original Hash Batches": 1,
                    "Peak Memory Usage": 21184,
                    "Plans": [
                      {
                        "Node Type": "Hash Join",
                        "Parent Relationship": "Outer",
                        "Parallel Aware": true,
                        "Join Type": "Inner",
                        "Startup Cost": 59419.46,
                        "Total Cost": 77603.25,
                        "Plan Rows": 210958,
                        "Plan Width": 8,
                        "Actual Startup Time": 279.949,
                        "Actual Total Time": 473.11,
                        "Actual Rows": 217640,
                        "Actual Loops": 2,
                        "Inner Unique": true,
                        "Hash Cond": "(mi_idx.movie_id = t.id)",
                        "Plans": [
                          {
                            "Node Type": "Seq Scan",
                            "Parent Relationship": "Outer",
                            "Parallel Aware": true,
                            "Relation Name": "movie_info_idx",
                            "Alias": "mi_idx",
                            "Startup Cost": 0.0,
                            "Total Cost": 16052.85,
                            "Plan Rows": 811785,
                            "Plan Width": 4,
                            "Actual Startup Time": 0.021,
                            "Actual Total Time": 58.406,
                            "Actual Rows": 690018,
                            "Actual Loops": 2
                          },
                          {
                            "Node Type": "Hash",
                            "Parent Relationship": "Inner",
                            "Parallel Aware": true,
                            "Startup Cost": 54588.39,
                            "Total Cost": 54588.39,
                            "Plan Rows": 386486,
                            "Plan Width": 4,
                            "Actual Startup Time": 273.542,
                            "Actual Total Time": 273.543,
                            "Actual Rows": 331417,
                            "Actual Loops": 2,
                            "Hash Buckets": 1048576,
                            "Original Hash Buckets": 1048576,
                            "Hash Batches": 1,
                            "Original Hash Batches": 1,
                            "Peak Memory Usage": 34176,
                            "Plans": [
                              {
                                "Node Type": "Seq Scan",
                                "Parent Relationship": "Outer",
                                "Parallel Aware": true,
                                "Relation Name": "title",
                                "Alias": "t",
                                "Startup Cost": 0.0,
                                "Total Cost": 54588.39,
                                "Plan Rows": 386486,
                                "Plan Width": 4,
                                "Actual Startup Time": 0.043,
                                "Actual Total Time": 168.55,
                                "Actual Rows": 331417,
                                "Actual Loops": 2,
                                "Filter": "(production_year < 1989)",
                                "Rows Removed by Filter": 932739
                              }
                            ]
                          }
                        ]
                      }
                    ]
                  }
                ]
              }
            ]
          }
        ]
      }
    ]
  },
  "Planning Time": 0.879,
  "Triggers": [],
  "Execution Time": 2879.918
}