[
  {
    "Plan": {
      "Node Type": "Aggregate",
      "Strategy": "Plain",
      "Partial Mode": "Finalize",
      "Parallel Aware": false,
      "Startup Cost": 46481.58,
      "Total Cost": 46481.59,
      "Plan Rows": 1,
      "Plan Width": 8,
      "Actual Startup Time": 95.291,
      "Actual Total Time": 106.264,
      "Actual Rows": 1,
      "Actual Loops": 1,
      "Plans": [
        {
          "Node Type": "Gather",
          "Parent Relationship": "Outer",
          "Parallel Aware": false,
          "Startup Cost": 46481.16,
          "Total Cost": 46481.57,
          "Plan Rows": 4,
          "Plan Width": 8,
          "Actual Startup Time": 95.078,
          "Actual Total Time": 106.25,
          "Actual Rows": 5,
          "Actual Loops": 1,
          "Workers Planned": 4,
          "Workers Launched": 4,
          "Single Copy": false,
          "Plans": [
            {
              "Node Type": "Aggregate",
              "Strategy": "Plain",
              "Partial Mode": "Partial",
              "Parent Relationship": "Outer",
              "Parallel Aware": false,
              "Startup Cost": 45481.16,
              "Total Cost": 45481.17,
              "Plan Rows": 1,
              "Plan Width": 8,
              "Actual Startup Time": 88.709,
              "Actual Total Time": 88.712,
              "Actual Rows": 1,
              "Actual Loops": 5,
              "Plans": [
                {
                  "Node Type": "Seq Scan",
                  "Parent Relationship": "Outer",
                  "Parallel Aware": true,
                  "Relation Name": "title",
                  "Alias": "t",
                  "Startup Cost": 0.0,
                  "Total Cost": 45479.59,
                  "Plan Rows": 630,
                  "Plan Width": 0,
                  "Actual Startup Time": 0.443,
                  "Actual Total Time": 88.645,
                  "Actual Rows": 409,
                  "Actual Loops": 5,
                  "Filter": "((kind_id = 7) AND (production_year = 1950))",
                  "Rows Removed by Filter": 505254
                }
              ]
            }
          ]
        }
      ]
    },
    "Planning Time": 0.102,
    "Triggers": [],
    "Execution Time": 106.296
  }
]