[
  {
    "Plan": {
      "Node Type": "Aggregate",
      "Strategy": "Plain",
      "Partial Mode": "Finalize",
      "Parallel Aware": false,
      "Startup Cost": 101554.82,
      "Total Cost": 101554.83,
      "Plan Rows": 1,
      "Plan Width": 8,
      "Actual Startup Time": 457.062,
      "Actual Total Time": 477.264,
      "Actual Rows": 1,
      "Actual Loops": 1,
      "Plans": [
        {
          "Node Type": "Gather",
          "Parent Relationship": "Outer",
          "Parallel Aware": false,
          "Startup Cost": 101554.6,
          "Total Cost": 101554.81,
          "Plan Rows": 2,
          "Plan Width": 8,
          "Actual Startup Time": 453.661,
          "Actual Total Time": 477.254,
          "Actual Rows": 3,
          "Actual Loops": 1,
          "Workers Planned": 2,
          "Workers Launched": 2,
          "Single Copy": false,
          "Plans": [
            {
              "Node Type": "Aggregate",
              "Strategy": "Plain",
              "Partial Mode": "Partial",
              "Parent Relationship": "Outer",
              "Parallel Aware": false,
              "Startup Cost": 100554.6,
              "Total Cost": 100554.61,
              "Plan Rows": 1,
              "Plan Width": 8,
              "Actual Startup Time": 451.097,
              "Actual Total Time": 451.103,
              "Actual Rows": 1,
              "Actual Loops": 3,
              "Plans": [
                {
                  "Node Type": "Hash Join",
                  "Parent Relationship": "Outer",
                  "Parallel Aware": true,
                  "Join Type": "Inner",
                  "Startup Cost": 84536.32,
                  "Total Cost": 100477.4,
                  "Plan Rows": 30882,
                  "Plan Width": 0,
                  "Actual Startup Time": 375.414,
                  "Actual Total Time": 440.616,
                  "Actual Rows": 239482,
                  "Actual Loops": 3,
                  "Inner Unique": false,
                  "Hash Cond": "(mi_idx.movie_id = t.id)",
                  "Plans": [
                    {
                      "Node Type": "Seq Scan",
                      "Parent Relationship": "Outer",
                      "Parallel Aware": true,
                      "Relation Name": "movie_info_idx",
                      "Alias": "mi_idx",
                      "Startup Cost": 0.0,
                      "Total Cost": 13685.15,
                      "Plan Rows": 575015,
                      "Plan Width": 4,
                      "Actual Startup Time": 0.031,
                      "Actual Total Time": 35.278,
                      "Actual Rows": 460012,
                      "Actual Loops": 3
                    },
                    {
                      "Node Type": "Hash",
                      "Parent Relationship": "Inner",
                      "Parallel Aware": true,
                      "Startup Cost": 83988.79,
                      "Total Cost": 83988.79,
                      "Plan Rows": 43803,
                      "Plan Width": 8,
                      "Actual Startup Time": 343.691,
                      "Actual Total Time": 343.696,
                      "Actual Rows": 97630,
                      "Actual Loops": 3,
                      "Hash Buckets": 524288,
                      "Original Hash Buckets": 262144,
                      "Hash Batches": 1,
                      "Original Hash Batches": 1,
                      "Peak Memory Usage": 17664,
                      "Plans": [
                        {
                          "Node Type": "Hash Join",
                          "Parent Relationship": "Outer",
                          "Parallel Aware": true,
                          "Join Type": "Inner",
                          "Startup Cost": 56997.34,
                          "Total Cost": 83988.79,
                          "Plan Rows": 43803,
                          "Plan Width": 8,
                          "Actual Startup Time": 227.645,
                          "Actual Total Time": 314.746,
                          "Actual Rows": 97630,
                          "Actual Loops": 3,
                          "Inner Unique": true,
                          "Hash Cond": "(mk.movie_id = t.id)",
                          "Plans": [
                            {
                              "Node Type": "Bitmap Heap Scan",
                              "Parent Relationship": "Outer",
                              "Parallel Aware": true,
                              "Relation Name": "movie_keyword",
                              "Alias": "mk",
                              "Startup Cost": 11034.98,
                              "Total Cost": 37586.04,
                              "Plan Rows": 167765,
                              "Plan Width": 4,
                              "Actual Startup Time": 34.272,
                              "Actual Total Time": 95.782,
                              "Actual Rows": 173626,
                              "Actual Loops": 3,
                              "Recheck Cond": "(keyword_id < 382)",
                              "Rows Removed by Index Recheck": 0,
                              "Exact Heap Blocks": 8517,
                              "Lossy Heap Blocks": 0,
                              "Plans": [
                                {
                                  "Node Type": "Bitmap Index Scan",
                                  "Parent Relationship": "Outer",
                                  "Parallel Aware": false,
                                  "Index Name": "keyword_id_movie_keyword",
                                  "Startup Cost": 0.0,
                                  "Total Cost": 10904.97,
                                  "Plan Rows": 520071,
                                  "Plan Width": 0,
                                  "Actual Startup Time": 30.715,
                                  "Actual Total Time": 30.716,
                                  "Actual Rows": 520878,
                                  "Actual Loops": 1,
                                  "Index Cond": "(keyword_id < 382)"
                                }
                              ]
                            },
                            {
                              "Node Type": "Hash",
                              "Parent Relationship": "Inner",
                              "Parallel Aware": true,
                              "Startup Cost": 43899.32,
                              "Total Cost": 43899.32,
                              "Plan Rows": 165043,
                              "Plan Width": 4,
                              "Actual Startup Time": 162.096,
                              "Actual Total Time": 162.097,
                              "Actual Rows": 220942,
                              "Actual Loops": 3,
                              "Hash Buckets": 1048576,
                              "Original Hash Buckets": 1048576,
                              "Hash Batches": 1,
                              "Original Hash Batches": 1,
                              "Peak Memory Usage": 34176,
                              "Plans": [
                                {
                                  "Node Type": "Seq Scan",
                                  "Parent Relationship": "Outer",
                                  "Parallel Aware": true,
                                  "Relation Name": "title",
                                  "Alias": "t",
                                  "Startup Cost": 0.0,
                                  "Total Cost": 43899.32,
                                  "Plan Rows": 165043,
                                  "Plan Width": 4,
                                  "Actual Startup Time": 36.319,
                                  "Actual Total Time": 102.044,
                                  "Actual Rows": 220942,
                                  "Actual Loops": 3,
                                  "Filter": "(kind_id = 1)",
                                  "Rows Removed by Filter": 621829
                                }
                              ]
                            }
                          ]
                        }
                      ]
                    }
                  ]
                }
              ]
            }
          ]
        }
      ]
    },
    "Planning Time": 0.387,
    "Triggers": [],
    "Execution Time": 477.317
  }
]