{
    "Plan": {
        "Node Type": "Aggregate",
        "Strategy": "Plain",
        "Partial Mode": "Finalize",
        "Parallel Aware": false,
        "Startup Cost": 65425.06,
        "Total Cost": 65425.07,
        "Plan Rows": 1,
        "Plan Width": 8,
        "Actual Startup Time": 378.534,
        "Actual Total Time": 388.894,
        "Actual Rows": 1,
        "Actual Loops": 1,
        "Output": [
            "count(*)"
        ],
        "Plans": [
            {
                "Node Type": "Gather",
                "Parent Relationship": "Outer",
                "Parallel Aware": false,
                "Startup Cost": 65424.85,
                "Total Cost": 65425.06,
                "Plan Rows": 2,
                "Plan Width": 8,
                "Actual Startup Time": 374.606,
                "Actual Total Time": 388.883,
                "Actual Rows": 3,
                "Actual Loops": 1,
                "Output": [
                    "(PARTIAL count(*))"
                ],
                "Workers Planned": 2,
                "Workers Launched": 2,
                "Single Copy": false,
                "Plans": [
                    {
                        "Node Type": "Aggregate",
                        "Strategy": "Plain",
                        "Partial Mode": "Partial",
                        "Parent Relationship": "Outer",
                        "Parallel Aware": false,
                        "Startup Cost": 64424.85,
                        "Total Cost": 64424.86,
                        "Plan Rows": 1,
                        "Plan Width": 8,
                        "Actual Startup Time": 366.82,
                        "Actual Total Time": 366.824,
                        "Actual Rows": 1,
                        "Actual Loops": 3,
                        "Output": [
                            "PARTIAL count(*)"
                        ],
                        "Workers": [
                            {
                                "Worker Number": 0,
                                "Actual Startup Time": 364.134,
                                "Actual Total Time": 364.137,
                                "Actual Rows": 1,
                                "Actual Loops": 1
                            },
                            {
                                "Worker Number": 1,
                                "Actual Startup Time": 363.315,
                                "Actual Total Time": 363.318,
                                "Actual Rows": 1,
                                "Actual Loops": 1
                            }
                        ],
                        "Plans": [
                            {
                                "Node Type": "Hash Join",
                                "Parent Relationship": "Outer",
                                "Parallel Aware": true,
                                "Join Type": "Inner",
                                "Startup Cost": 47989.62,
                                "Total Cost": 64119.93,
                                "Plan Rows": 121965,
                                "Plan Width": 0,
                                "Actual Startup Time": 233.604,
                                "Actual Total Time": 358.439,
                                "Actual Rows": 184875,
                                "Actual Loops": 3,
                                "Inner Unique": true,
                                "Hash Cond": "(mi_idx.movie_id = t.id)",
                                "Workers": [
                                    {
                                        "Worker Number": 0,
                                        "Actual Startup Time": 230.483,
                                        "Actual Total Time": 355.485,
                                        "Actual Rows": 140071,
                                        "Actual Loops": 1
                                    },
                                    {
                                        "Worker Number": 1,
                                        "Actual Startup Time": 230.215,
                                        "Actual Total Time": 355.572,
                                        "Actual Rows": 198253,
                                        "Actual Loops": 1
                                    }
                                ],
                                "Plans": [
                                    {
                                        "Node Type": "Seq Scan",
                                        "Parent Relationship": "Outer",
                                        "Parallel Aware": true,
                                        "Relation Name": "movie_info_idx",
                                        "Schema": "public",
                                        "Alias": "mi_idx",
                                        "Startup Cost": 0.0,
                                        "Total Cost": 15122.68,
                                        "Plan Rows": 383860,
                                        "Plan Width": 4,
                                        "Actual Startup Time": 0.012,
                                        "Actual Total Time": 48.958,
                                        "Actual Rows": 306703,
                                        "Actual Loops": 3,
                                        "Output": [
                                            "mi_idx.id",
                                            "mi_idx.movie_id",
                                            "mi_idx.info_type_id",
                                            "mi_idx.info",
                                            "mi_idx.note"
                                        ],
                                        "Filter": "(mi_idx.info_type_id > 99)",
                                        "Rows Removed by Filter": 153308,
                                        "Workers": [
                                            {
                                                "Worker Number": 0,
                                                "Actual Startup Time": 0.011,
                                                "Actual Total Time": 51.866,
                                                "Actual Rows": 231848,
                                                "Actual Loops": 1
                                            },
                                            {
                                                "Worker Number": 1,
                                                "Actual Startup Time": 0.017,
                                                "Actual Total Time": 48.753,
                                                "Actual Rows": 325928,
                                                "Actual Loops": 1
                                            }
                                        ]
                                    },
                                    {
                                        "Node Type": "Hash",
                                        "Parent Relationship": "Inner",
                                        "Parallel Aware": true,
                                        "Startup Cost": 45479.21,
                                        "Total Cost": 45479.21,
                                        "Plan Rows": 200833,
                                        "Plan Width": 4,
                                        "Actual Startup Time": 227.461,
                                        "Actual Total Time": 227.462,
                                        "Actual Rows": 246867,
                                        "Actual Loops": 3,
                                        "Output": [
                                            "t.id"
                                        ],
                                        "Hash Buckets": 1048576,
                                        "Original Hash Buckets": 1048576,
                                        "Hash Batches": 1,
                                        "Original Hash Batches": 1,
                                        "Peak Memory Usage": 37216,
                                        "Workers": [
                                            {
                                                "Worker Number": 0,
                                                "Actual Startup Time": 229.821,
                                                "Actual Total Time": 229.822,
                                                "Actual Rows": 184190,
                                                "Actual Loops": 1
                                            },
                                            {
                                                "Worker Number": 1,
                                                "Actual Startup Time": 229.618,
                                                "Actual Total Time": 229.619,
                                                "Actual Rows": 255847,
                                                "Actual Loops": 1
                                            }
                                        ],
                                        "Plans": [
                                            {
                                                "Node Type": "Seq Scan",
                                                "Parent Relationship": "Outer",
                                                "Parallel Aware": true,
                                                "Relation Name": "title",
                                                "Schema": "public",
                                                "Alias": "t",
                                                "Startup Cost": 0.0,
                                                "Total Cost": 45479.21,
                                                "Plan Rows": 200833,
                                                "Plan Width": 4,
                                                "Actual Startup Time": 0.06,
                                                "Actual Total Time": 135.85,
                                                "Actual Rows": 246867,
                                                "Actual Loops": 3,
                                                "Output": [
                                                    "t.id"
                                                ],
                                                "Filter": "((t.kind_id < 4) AND (t.production_year > 1926))",
                                                "Rows Removed by Filter": 595904,
                                                "Workers": [
                                                    {
                                                        "Worker Number": 0,
                                                        "Actual Startup Time": 0.074,
                                                        "Actual Total Time": 140.008,
                                                        "Actual Rows": 184190,
                                                        "Actual Loops": 1
                                                    },
                                                    {
                                                        "Worker Number": 1,
                                                        "Actual Startup Time": 0.082,
                                                        "Actual Total Time": 136.411,
                                                        "Actual Rows": 255847,
                                                        "Actual Loops": 1
                                                    }
                                                ]
                                            }
                                        ]
                                    }
                                ]
                            }
                        ]
                    }
                ]
            }
        ]
    },
    "Planning Time": 0.686,
    "Triggers": [],
    "Execution Time": 388.963
}