[
  {
    "Plan": {
      "Node Type": "Aggregate",
      "Strategy": "Plain",
      "Partial Mode": "Finalize",
      "Parallel Aware": false,
      "Startup Cost": 34278.26,
      "Total Cost": 34278.27,
      "Plan Rows": 1,
      "Plan Width": 8,
      "Actual Startup Time": 111.466,
      "Actual Total Time": 119.141,
      "Actual Rows": 1,
      "Actual Loops": 1,
      "Plans": [
        {
          "Node Type": "Gather",
          "Parent Relationship": "Outer",
          "Parallel Aware": false,
          "Startup Cost": 34277.94,
          "Total Cost": 34278.25,
          "Plan Rows": 3,
          "Plan Width": 8,
          "Actual Startup Time": 111.187,
          "Actual Total Time": 119.133,
          "Actual Rows": 4,
          "Actual Loops": 1,
          "Workers Planned": 3,
          "Workers Launched": 3,
          "Single Copy": false,
          "Plans": [
            {
              "Node Type": "Aggregate",
              "Strategy": "Plain",
              "Partial Mode": "Partial",
              "Parent Relationship": "Outer",
              "Parallel Aware": false,
              "Startup Cost": 33277.94,
              "Total Cost": 33277.95,
              "Plan Rows": 1,
              "Plan Width": 8,
              "Actual Startup Time": 103.591,
              "Actual Total Time": 103.592,
              "Actual Rows": 1,
              "Actual Loops": 4,
              "Plans": [
                {
                  "Node Type": "Bitmap Heap Scan",
                  "Parent Relationship": "Outer",
                  "Parallel Aware": true,
                  "Relation Name": "movie_keyword",
                  "Alias": "mk",
                  "Startup Cost": 7185.18,
                  "Total Cost": 33004.81,
                  "Plan Rows": 109251,
                  "Plan Width": 0,
                  "Actual Startup Time": 38.985,
                  "Actual Total Time": 98.712,
                  "Actual Rows": 82750,
                  "Actual Loops": 4,
                  "Recheck Cond": "(keyword_id > 49903)",
                  "Rows Removed by Index Recheck": 0,
                  "Exact Heap Blocks": 11130,
                  "Lossy Heap Blocks": 0,
                  "Plans": [
                    {
                      "Node Type": "Bitmap Index Scan",
                      "Parent Relationship": "Outer",
                      "Parallel Aware": false,
                      "Index Name": "keyword_id_movie_keyword",
                      "Startup Cost": 0.0,
                      "Total Cost": 7100.51,
                      "Plan Rows": 338677,
                      "Plan Width": 0,
                      "Actual Startup Time": 41.715,
                      "Actual Total Time": 41.715,
                      "Actual Rows": 331002,
                      "Actual Loops": 1,
                      "Index Cond": "(keyword_id > 49903)"
                    }
                  ]
                }
              ]
            }
          ]
        }
      ]
    },
    "Planning Time": 0.181,
    "Triggers": [],
    "Execution Time": 119.226
  }
]