[
  {
    "Plan": {
      "Node Type": "Aggregate",
      "Strategy": "Plain",
      "Partial Mode": "Finalize",
      "Parallel Aware": false,
      "Startup Cost": 40734.98,
      "Total Cost": 40734.99,
      "Plan Rows": 1,
      "Plan Width": 8,
      "Actual Startup Time": 140.77,
      "Actual Total Time": 148.993,
      "Actual Rows": 1,
      "Actual Loops": 1,
      "Plans": [
        {
          "Node Type": "Gather",
          "Parent Relationship": "Outer",
          "Parallel Aware": false,
          "Startup Cost": 40734.67,
          "Total Cost": 40734.98,
          "Plan Rows": 3,
          "Plan Width": 8,
          "Actual Startup Time": 140.477,
          "Actual Total Time": 148.984,
          "Actual Rows": 4,
          "Actual Loops": 1,
          "Workers Planned": 3,
          "Workers Launched": 3,
          "Single Copy": false,
          "Plans": [
            {
              "Node Type": "Aggregate",
              "Strategy": "Plain",
              "Partial Mode": "Partial",
              "Parent Relationship": "Outer",
              "Parallel Aware": false,
              "Startup Cost": 39734.67,
              "Total Cost": 39734.68,
              "Plan Rows": 1,
              "Plan Width": 8,
              "Actual Startup Time": 133.388,
              "Actual Total Time": 133.389,
              "Actual Rows": 1,
              "Actual Loops": 4,
              "Plans": [
                {
                  "Node Type": "Bitmap Heap Scan",
                  "Parent Relationship": "Outer",
                  "Parallel Aware": true,
                  "Relation Name": "movie_keyword",
                  "Alias": "mk",
                  "Startup Cost": 12442.4,
                  "Total Cost": 39261.62,
                  "Plan Rows": 189218,
                  "Plan Width": 0,
                  "Actual Startup Time": 50.01,
                  "Actual Total Time": 125.19,
                  "Actual Rows": 143847,
                  "Actual Loops": 4,
                  "Recheck Cond": "(keyword_id > 31889)",
                  "Rows Removed by Index Recheck": 0,
                  "Exact Heap Blocks": 10704,
                  "Lossy Heap Blocks": 0,
                  "Plans": [
                    {
                      "Node Type": "Bitmap Index Scan",
                      "Parent Relationship": "Outer",
                      "Parallel Aware": false,
                      "Index Name": "keyword_id_movie_keyword",
                      "Startup Cost": 0.0,
                      "Total Cost": 12295.75,
                      "Plan Rows": 586576,
                      "Plan Width": 0,
                      "Actual Startup Time": 52.794,
                      "Actual Total Time": 52.794,
                      "Actual Rows": 575388,
                      "Actual Loops": 1,
                      "Index Cond": "(keyword_id > 31889)"
                    }
                  ]
                }
              ]
            }
          ]
        }
      ]
    },
    "Planning Time": 0.179,
    "Triggers": [],
    "Execution Time": 149.068
  }
]