[
  {
    "Plan": {
      "Node Type": "Aggregate",
      "Strategy": "Plain",
      "Partial Mode": "Finalize",
      "Parallel Aware": false,
      "Startup Cost": 28927.57,
      "Total Cost": 28927.58,
      "Plan Rows": 1,
      "Plan Width": 8,
      "Actual Startup Time": 36.139,
      "Actual Total Time": 40.851,
      "Actual Rows": 1,
      "Actual Loops": 1,
      "Plans": [
        {
          "Node Type": "Gather",
          "Parent Relationship": "Outer",
          "Parallel Aware": false,
          "Startup Cost": 28927.36,
          "Total Cost": 28927.57,
          "Plan Rows": 2,
          "Plan Width": 8,
          "Actual Startup Time": 35.948,
          "Actual Total Time": 40.843,
          "Actual Rows": 3,
          "Actual Loops": 1,
          "Workers Planned": 2,
          "Workers Launched": 2,
          "Single Copy": false,
          "Plans": [
            {
              "Node Type": "Aggregate",
              "Strategy": "Plain",
              "Partial Mode": "Partial",
              "Parent Relationship": "Outer",
              "Parallel Aware": false,
              "Startup Cost": 27927.36,
              "Total Cost": 27927.37,
              "Plan Rows": 1,
              "Plan Width": 8,
              "Actual Startup Time": 28.858,
              "Actual Total Time": 28.859,
              "Actual Rows": 1,
              "Actual Loops": 3,
              "Plans": [
                {
                  "Node Type": "Nested Loop",
                  "Parent Relationship": "Outer",
                  "Parallel Aware": false,
                  "Join Type": "Inner",
                  "Startup Cost": 112.38,
                  "Total Cost": 27924.49,
                  "Plan Rows": 1147,
                  "Plan Width": 0,
                  "Actual Startup Time": 1.509,
                  "Actual Total Time": 28.568,
                  "Actual Rows": 1951,
                  "Actual Loops": 3,
                  "Inner Unique": false,
                  "Plans": [
                    {
                      "Node Type": "Nested Loop",
                      "Parent Relationship": "Outer",
                      "Parallel Aware": false,
                      "Join Type": "Inner",
                      "Startup Cost": 111.95,
                      "Total Cost": 26805.33,
                      "Plan Rows": 2102,
                      "Plan Width": 8,
                      "Actual Startup Time": 1.301,
                      "Actual Total Time": 19.322,
                      "Actual Rows": 1716,
                      "Actual Loops": 3,
                      "Inner Unique": true,
                      "Plans": [
                        {
                          "Node Type": "Bitmap Heap Scan",
                          "Parent Relationship": "Outer",
                          "Parallel Aware": true,
                          "Relation Name": "movie_companies",
                          "Alias": "mc",
                          "Startup Cost": 111.52,
                          "Total Cost": 11437.4,
                          "Plan Rows": 2102,
                          "Plan Width": 4,
                          "Actual Startup Time": 1.121,
                          "Actual Total Time": 3.186,
                          "Actual Rows": 1716,
                          "Actual Loops": 3,
                          "Recheck Cond": "(company_id = 1427)",
                          "Rows Removed by Index Recheck": 0,
                          "Exact Heap Blocks": 794,
                          "Lossy Heap Blocks": 0,
                          "Plans": [
                            {
                              "Node Type": "Bitmap Index Scan",
                              "Parent Relationship": "Outer",
                              "Parallel Aware": false,
                              "Index Name": "company_id_movie_companies",
                              "Startup Cost": 0.0,
                              "Total Cost": 110.26,
                              "Plan Rows": 5044,
                              "Plan Width": 0,
                              "Actual Startup Time": 2.768,
                              "Actual Total Time": 2.768,
                              "Actual Rows": 5148,
                              "Actual Loops": 1,
                              "Index Cond": "(company_id = 1427)"
                            }
                          ]
                        },
                        {
                          "Node Type": "Index Only Scan",
                          "Parent Relationship": "Inner",
                          "Parallel Aware": false,
                          "Scan Direction": "Forward",
                          "Index Name": "title_pkey",
                          "Relation Name": "title",
                          "Alias": "t",
                          "Startup Cost": 0.43,
                          "Total Cost": 7.31,
                          "Plan Rows": 1,
                          "Plan Width": 4,
                          "Actual Startup Time": 0.009,
                          "Actual Total Time": 0.009,
                          "Actual Rows": 1,
                          "Actual Loops": 5148,
                          "Index Cond": "(id = mc.movie_id)",
                          "Rows Removed by Index Recheck": 0,
                          "Heap Fetches": 5148
                        }
                      ]
                    },
                    {
                      "Node Type": "Index Only Scan",
                      "Parent Relationship": "Inner",
                      "Parallel Aware": false,
                      "Scan Direction": "Forward",
                      "Index Name": "movie_id_movie_info_idx",
                      "Relation Name": "movie_info_idx",
                      "Alias": "mi_idx",
                      "Startup Cost": 0.43,
                      "Total Cost": 0.5,
                      "Plan Rows": 3,
                      "Plan Width": 4,
                      "Actual Startup Time": 0.004,
                      "Actual Total Time": 0.005,
                      "Actual Rows": 1,
                      "Actual Loops": 5148,
                      "Index Cond": "(movie_id = t.id)",
                      "Rows Removed by Index Recheck": 0,
                      "Heap Fetches": 5854
                    }
                  ]
                }
              ]
            }
          ]
        }
      ]
    },
    "Planning Time": 1.091,
    "Triggers": [],
    "Execution Time": 40.942
  }
]