[
  {
    "Plan": {
      "Node Type": "Aggregate",
      "Strategy": "Plain",
      "Partial Mode": "Finalize",
      "Parallel Aware": false,
      "Startup Cost": 46571.25,
      "Total Cost": 46571.26,
      "Plan Rows": 1,
      "Plan Width": 8,
      "Actual Startup Time": 88.017,
      "Actual Total Time": 97.995,
      "Actual Rows": 1,
      "Actual Loops": 1,
      "Plans": [
        {
          "Node Type": "Gather",
          "Parent Relationship": "Outer",
          "Parallel Aware": false,
          "Startup Cost": 46570.83,
          "Total Cost": 46571.24,
          "Plan Rows": 4,
          "Plan Width": 8,
          "Actual Startup Time": 87.698,
          "Actual Total Time": 97.987,
          "Actual Rows": 5,
          "Actual Loops": 1,
          "Workers Planned": 4,
          "Workers Launched": 4,
          "Single Copy": false,
          "Plans": [
            {
              "Node Type": "Aggregate",
              "Strategy": "Plain",
              "Partial Mode": "Partial",
              "Parent Relationship": "Outer",
              "Parallel Aware": false,
              "Startup Cost": 45570.83,
              "Total Cost": 45570.84,
              "Plan Rows": 1,
              "Plan Width": 8,
              "Actual Startup Time": 81.712,
              "Actual Total Time": 81.713,
              "Actual Rows": 1,
              "Actual Loops": 5,
              "Plans": [
                {
                  "Node Type": "Seq Scan",
                  "Parent Relationship": "Outer",
                  "Parallel Aware": true,
                  "Relation Name": "title",
                  "Alias": "t",
                  "Startup Cost": 0.0,
                  "Total Cost": 45479.1,
                  "Plan Rows": 36692,
                  "Plan Width": 0,
                  "Actual Startup Time": 50.533,
                  "Actual Total Time": 79.254,
                  "Actual Rows": 57427,
                  "Actual Loops": 5,
                  "Filter": "((production_year < 1984) AND (kind_id = 1))",
                  "Rows Removed by Filter": 448236
                }
              ]
            }
          ]
        }
      ]
    },
    "Planning Time": 0.189,
    "Triggers": [],
    "Execution Time": 98.054
  }
]