{
  "Plan": {
    "Node Type": "Aggregate",
    "Strategy": "Plain",
    "Partial Mode": "Finalize",
    "Parallel Aware": false,
    "Startup Cost": 125003.34,
    "Total Cost": 125003.35,
    "Plan Rows": 1,
    "Plan Width": 8,
    "Actual Startup Time": 483.311,
    "Actual Total Time": 500.572,
    "Actual Rows": 1,
    "Actual Loops": 1,
    "Plans": [
      {
        "Node Type": "Gather",
        "Parent Relationship": "Outer",
        "Parallel Aware": false,
        "Startup Cost": 125003.23,
        "Total Cost": 125003.34,
        "Plan Rows": 1,
        "Plan Width": 8,
        "Actual Startup Time": 482.484,
        "Actual Total Time": 500.565,
        "Actual Rows": 2,
        "Actual Loops": 1,
        "Workers Planned": 1,
        "Workers Launched": 1,
        "Single Copy": false,
        "Plans": [
          {
            "Node Type": "Aggregate",
            "Strategy": "Plain",
            "Partial Mode": "Partial",
            "Parent Relationship": "Outer",
            "Parallel Aware": false,
            "Startup Cost": 124003.23,
            "Total Cost": 124003.24,
            "Plan Rows": 1,
            "Plan Width": 8,
            "Actual Startup Time": 476.716,
            "Actual Total Time": 476.72,
            "Actual Rows": 1,
            "Actual Loops": 2,
            "Plans": [
              {
                "Node Type": "Hash Join",
                "Parent Relationship": "Outer",
                "Parallel Aware": true,
                "Join Type": "Inner",
                "Startup Cost": 61785.41,
                "Total Cost": 123322.59,
                "Plan Rows": 272255,
                "Plan Width": 0,
                "Actual Startup Time": 191.695,
                "Actual Total Time": 474.539,
                "Actual Rows": 56460,
                "Actual Loops": 2,
                "Inner Unique": true,
                "Hash Cond": "(mk.movie_id = t.id)",
                "Plans": [
                  {
                    "Node Type": "Seq Scan",
                    "Parent Relationship": "Outer",
                    "Parallel Aware": true,
                    "Relation Name": "movie_keyword",
                    "Alias": "mk",
                    "Startup Cost": 0.0,
                    "Total Cost": 57718.19,
                    "Plan Rows": 1454851,
                    "Plan Width": 4,
                    "Actual Startup Time": 0.331,
                    "Actual Total Time": 180.257,
                    "Actual Rows": 1238607,
                    "Actual Loops": 2,
                    "Filter": "(keyword_id > 3654)",
                    "Rows Removed by Filter": 1023358
                  },
                  {
                    "Node Type": "Hash",
                    "Parent Relationship": "Inner",
                    "Parallel Aware": true,
                    "Startup Cost": 58306.47,
                    "Total Cost": 58306.47,
                    "Plan Rows": 278315,
                    "Plan Width": 4,
                    "Actual Startup Time": 185.463,
                    "Actual Total Time": 185.464,
                    "Actual Rows": 180230,
                    "Actual Loops": 2,
                    "Hash Buckets": 524288,
                    "Original Hash Buckets": 524288,
                    "Hash Batches": 1,
                    "Original Hash Batches": 1,
                    "Peak Memory Usage": 18208,
                    "Plans": [
                      {
                        "Node Type": "Seq Scan",
                        "Parent Relationship": "Outer",
                        "Parallel Aware": true,
                        "Relation Name": "title",
                        "Alias": "t",
                        "Startup Cost": 0.0,
                        "Total Cost": 58306.47,
                        "Plan Rows": 278315,
                        "Plan Width": 4,
                        "Actual Startup Time": 0.035,
                        "Actual Total Time": 144.338,
                        "Actual Rows": 180230,
                        "Actual Loops": 2,
                        "Filter": "((production_year < 1994) AND (kind_id = 7))",
                        "Rows Removed by Filter": 1083926
                      }
                    ]
                  }
                ]
              }
            ]
          }
        ]
      }
    ]
  },
  "Planning Time": 0.613,
  "Triggers": [],
  "Execution Time": 500.64
}