{
  "Plan": {
    "Node Type": "Aggregate",
    "Strategy": "Plain",
    "Partial Mode": "Finalize",
    "Parallel Aware": false,
    "Startup Cost": 418832.95,
    "Total Cost": 418832.96,
    "Plan Rows": 1,
    "Plan Width": 8,
    "Actual Startup Time": 1965.213,
    "Actual Total Time": 1996.11,
    "Actual Rows": 1,
    "Actual Loops": 1,
    "Plans": [
      {
        "Node Type": "Gather",
        "Parent Relationship": "Outer",
        "Parallel Aware": false,
        "Startup Cost": 418832.84,
        "Total Cost": 418832.95,
        "Plan Rows": 1,
        "Plan Width": 8,
        "Actual Startup Time": 1959.258,
        "Actual Total Time": 1996.102,
        "Actual Rows": 2,
        "Actual Loops": 1,
        "Workers Planned": 1,
        "Workers Launched": 1,
        "Single Copy": false,
        "Plans": [
          {
            "Node Type": "Aggregate",
            "Strategy": "Plain",
            "Partial Mode": "Partial",
            "Parent Relationship": "Outer",
            "Parallel Aware": false,
            "Startup Cost": 417832.84,
            "Total Cost": 417832.85,
            "Plan Rows": 1,
            "Plan Width": 8,
            "Actual Startup Time": 1950.818,
            "Actual Total Time": 1950.824,
            "Actual Rows": 1,
            "Actual Loops": 2,
            "Plans": [
              {
                "Node Type": "Hash Join",
                "Parent Relationship": "Outer",
                "Parallel Aware": true,
                "Join Type": "Inner",
                "Startup Cost": 371402.21,
                "Total Cost": 415883.09,
                "Plan Rows": 779897,
                "Plan Width": 0,
                "Actual Startup Time": 1318.971,
                "Actual Total Time": 1891.553,
                "Actual Rows": 1438755,
                "Actual Loops": 2,
                "Inner Unique": false,
                "Hash Cond": "(mc.movie_id = t.id)",
                "Plans": [
                  {
                    "Node Type": "Seq Scan",
                    "Parent Relationship": "Outer",
                    "Parallel Aware": true,
                    "Relation Name": "movie_companies",
                    "Alias": "mc",
                    "Startup Cost": 0.0,
                    "Total Cost": 34137.82,
                    "Plan Rows": 1534782,
                    "Plan Width": 4,
                    "Actual Startup Time": 0.023,
                    "Actual Total Time": 104.562,
                    "Actual Rows": 1304564,
                    "Actual Loops": 2
                  },
                  {
                    "Node Type": "Hash",
                    "Parent Relationship": "Inner",
                    "Parallel Aware": true,
                    "Startup Cost": 361955.54,
                    "Total Cost": 361955.54,
                    "Plan Rows": 755734,
                    "Plan Width": 8,
                    "Actual Startup Time": 1304.414,
                    "Actual Total Time": 1304.419,
                    "Actual Rows": 662018,
                    "Actual Loops": 2,
                    "Hash Buckets": 2097152,
                    "Original Hash Buckets": 2097152,
                    "Hash Batches": 1,
                    "Original Hash Batches": 1,
                    "Peak Memory Usage": 68192,
                    "Plans": [
                      {
                        "Node Type": "Hash Join",
                        "Parent Relationship": "Outer",
                        "Parallel Aware": true,
                        "Join Type": "Inner",
                        "Startup Cost": 97838.06,
                        "Total Cost": 361955.54,
                        "Plan Rows": 755734,
                        "Plan Width": 8,
                        "Actual Startup Time": 648.222,
                        "Actual Total Time": 1085.415,
                        "Actual Rows": 662018,
                        "Actual Loops": 2,
                        "Inner Unique": true,
                        "Hash Cond": "(ci.movie_id = t.id)",
                        "Plans": [
                          {
                            "Node Type": "Bitmap Heap Scan",
                            "Parent Relationship": "Outer",
                            "Parallel Aware": true,
                            "Relation Name": "cast_info",
                            "Alias": "ci",
                            "Startup Cost": 28377.36,
                            "Total Cost": 290511.04,
                            "Plan Rows": 755734,
                            "Plan Width": 4,
                            "Actual Startup Time": 65.373,
                            "Actual Total Time": 143.269,
                            "Actual Rows": 662018,
                            "Actual Loops": 2,
                            "Recheck Cond": "(person_id < 132333)",
                            "Rows Removed by Index Recheck": 0,
                            "Exact Heap Blocks": 7126,
                            "Lossy Heap Blocks": 0,
                            "Plans": [
                              {
                                "Node Type": "Bitmap Index Scan",
                                "Parent Relationship": "Outer",
                                "Parallel Aware": false,
                                "Index Name": "person_id_cast_info",
                                "Startup Cost": 0.0,
                                "Total Cost": 28056.17,
                                "Plan Rows": 1284748,
                                "Plan Width": 0,
                                "Actual Startup Time": 63.217,
                                "Actual Total Time": 63.217,
                                "Actual Rows": 1324037,
                                "Actual Loops": 1,
                                "Index Cond": "(person_id < 132333)"
                              }
                            ]
                          },
                          {
                            "Node Type": "Hash",
                            "Parent Relationship": "Inner",
                            "Parallel Aware": true,
                            "Startup Cost": 50870.31,
                            "Total Cost": 50870.31,
                            "Plan Rows": 1487231,
                            "Plan Width": 4,
                            "Actual Startup Time": 569.199,
                            "Actual Total Time": 569.2,
                            "Actual Rows": 1264156,
                            "Actual Loops": 2,
                            "Hash Buckets": 4194304,
                            "Original Hash Buckets": 4194304,
                            "Hash Batches": 1,
                            "Original Hash Batches": 1,
                            "Peak Memory Usage": 131712,
                            "Plans": [
                              {
                                "Node Type": "Seq Scan",
                                "Parent Relationship": "Outer",
                                "Parallel Aware": true,
                                "Relation Name": "title",
                                "Alias": "t",
                                "Startup Cost": 0.0,
                                "Total Cost": 50870.31,
                                "Plan Rows": 1487231,
                                "Plan Width": 4,
                                "Actual Startup Time": 0.038,
                                "Actual Total Time": 160.257,
                                "Actual Rows": 1264156,
                                "Actual Loops": 2
                              }
                            ]
                          }
                        ]
                      }
                    ]
                  }
                ]
              }
            ]
          }
        ]
      }
    ]
  },
  "Planning Time": 1.114,
  "Triggers": [],
  "Execution Time": 1996.23
}