[
  {
    "Plan": {
      "Node Type": "Aggregate",
      "Strategy": "Plain",
      "Partial Mode": "Finalize",
      "Parallel Aware": false,
      "Startup Cost": 31563.92,
      "Total Cost": 31563.93,
      "Plan Rows": 1,
      "Plan Width": 8,
      "Actual Startup Time": 117.798,
      "Actual Total Time": 125.452,
      "Actual Rows": 1,
      "Actual Loops": 1,
      "Plans": [
        {
          "Node Type": "Gather",
          "Parent Relationship": "Outer",
          "Parallel Aware": false,
          "Startup Cost": 31563.6,
          "Total Cost": 31563.91,
          "Plan Rows": 3,
          "Plan Width": 8,
          "Actual Startup Time": 117.666,
          "Actual Total Time": 125.444,
          "Actual Rows": 4,
          "Actual Loops": 1,
          "Workers Planned": 3,
          "Workers Launched": 3,
          "Single Copy": false,
          "Plans": [
            {
              "Node Type": "Aggregate",
              "Strategy": "Plain",
              "Partial Mode": "Partial",
              "Parent Relationship": "Outer",
              "Parallel Aware": false,
              "Startup Cost": 30563.6,
              "Total Cost": 30563.61,
              "Plan Rows": 1,
              "Plan Width": 8,
              "Actual Startup Time": 109.032,
              "Actual Total Time": 109.033,
              "Actual Rows": 1,
              "Actual Loops": 4,
              "Plans": [
                {
                  "Node Type": "Seq Scan",
                  "Parent Relationship": "Outer",
                  "Parallel Aware": true,
                  "Relation Name": "movie_companies",
                  "Alias": "mc",
                  "Startup Cost": 0.0,
                  "Total Cost": 29310.68,
                  "Plan Rows": 501168,
                  "Plan Width": 0,
                  "Actual Startup Time": 8.916,
                  "Actual Total Time": 90.026,
                  "Actual Rows": 389038,
                  "Actual Loops": 4,
                  "Filter": "(company_id > 6198)",
                  "Rows Removed by Filter": 263244
                }
              ]
            }
          ]
        }
      ]
    },
    "Planning Time": 0.185,
    "Triggers": [],
    "Execution Time": 125.507
  }
]