[
  {
    "Plan": {
      "Node Type": "Aggregate",
      "Strategy": "Plain",
      "Partial Mode": "Finalize",
      "Parallel Aware": false,
      "Startup Cost": 261660.8,
      "Total Cost": 261660.81,
      "Plan Rows": 1,
      "Plan Width": 8,
      "Actual Startup Time": 351.42,
      "Actual Total Time": 366.971,
      "Actual Rows": 1,
      "Actual Loops": 1,
      "Plans": [
        {
          "Node Type": "Gather",
          "Parent Relationship": "Outer",
          "Parallel Aware": false,
          "Startup Cost": 261660.48,
          "Total Cost": 261660.79,
          "Plan Rows": 3,
          "Plan Width": 8,
          "Actual Startup Time": 350.764,
          "Actual Total Time": 366.964,
          "Actual Rows": 4,
          "Actual Loops": 1,
          "Workers Planned": 3,
          "Workers Launched": 3,
          "Single Copy": false,
          "Plans": [
            {
              "Node Type": "Aggregate",
              "Strategy": "Plain",
              "Partial Mode": "Partial",
              "Parent Relationship": "Outer",
              "Parallel Aware": false,
              "Startup Cost": 260660.48,
              "Total Cost": 260660.49,
              "Plan Rows": 1,
              "Plan Width": 8,
              "Actual Startup Time": 345.913,
              "Actual Total Time": 345.918,
              "Actual Rows": 1,
              "Actual Loops": 4,
              "Plans": [
                {
                  "Node Type": "Hash Join",
                  "Parent Relationship": "Outer",
                  "Parallel Aware": true,
                  "Join Type": "Inner",
                  "Startup Cost": 215163.84,
                  "Total Cost": 260563.18,
                  "Plan Rows": 38922,
                  "Plan Width": 0,
                  "Actual Startup Time": 156.601,
                  "Actual Total Time": 328.954,
                  "Actual Rows": 428310,
                  "Actual Loops": 4,
                  "Inner Unique": false,
                  "Hash Cond": "(mk.movie_id = t.id)",
                  "Plans": [
                    {
                      "Node Type": "Seq Scan",
                      "Parent Relationship": "Outer",
                      "Parallel Aware": true,
                      "Relation Name": "movie_keyword",
                      "Alias": "mk",
                      "Startup Cost": 0.0,
                      "Total Cost": 42695.65,
                      "Plan Rows": 700222,
                      "Plan Width": 4,
                      "Actual Startup Time": 0.028,
                      "Actual Total Time": 98.665,
                      "Actual Rows": 546064,
                      "Actual Loops": 4,
                      "Filter": "(keyword_id < 4333)",
                      "Rows Removed by Filter": 584918
                    },
                    {
                      "Node Type": "Hash",
                      "Parent Relationship": "Inner",
                      "Parallel Aware": true,
                      "Startup Cost": 214812.48,
                      "Total Cost": 214812.48,
                      "Plan Rows": 28109,
                      "Plan Width": 8,
                      "Actual Startup Time": 154.391,
                      "Actual Total Time": 154.394,
                      "Actual Rows": 35016,
                      "Actual Loops": 4,
                      "Hash Buckets": 262144,
                      "Original Hash Buckets": 262144,
                      "Hash Batches": 1,
                      "Original Hash Batches": 1,
                      "Peak Memory Usage": 7584,
                      "Plans": [
                        {
                          "Node Type": "Nested Loop",
                          "Parent Relationship": "Outer",
                          "Parallel Aware": false,
                          "Join Type": "Inner",
                          "Startup Cost": 2542.07,
                          "Total Cost": 214812.48,
                          "Plan Rows": 28109,
                          "Plan Width": 8,
                          "Actual Startup Time": 19.161,
                          "Actual Total Time": 140.737,
                          "Actual Rows": 35016,
                          "Actual Loops": 4,
                          "Inner Unique": true,
                          "Plans": [
                            {
                              "Node Type": "Bitmap Heap Scan",
                              "Parent Relationship": "Outer",
                              "Parallel Aware": true,
                              "Relation Name": "movie_info",
                              "Alias": "mi",
                              "Startup Cost": 2541.64,
                              "Total Cost": 166232.39,
                              "Plan Rows": 28109,
                              "Plan Width": 4,
                              "Actual Startup Time": 18.977,
                              "Actual Total Time": 24.621,
                              "Actual Rows": 35016,
                              "Actual Loops": 4,
                              "Recheck Cond": "(info_type_id = 9)",
                              "Rows Removed by Index Recheck": 0,
                              "Exact Heap Blocks": 527,
                              "Lossy Heap Blocks": 0,
                              "Plans": [
                                {
                                  "Node Type": "Bitmap Index Scan",
                                  "Parent Relationship": "Outer",
                                  "Parallel Aware": false,
                                  "Index Name": "info_type_id_movie_info",
                                  "Startup Cost": 0.0,
                                  "Total Cost": 2506.51,
                                  "Plan Rows": 140543,
                                  "Plan Width": 0,
                                  "Actual Startup Time": 18.502,
                                  "Actual Total Time": 18.503,
                                  "Actual Rows": 140065,
                                  "Actual Loops": 1,
                                  "Index Cond": "(info_type_id = 9)"
                                }
                              ]
                            },
                            {
                              "Node Type": "Index Only Scan",
                              "Parent Relationship": "Inner",
                              "Parallel Aware": false,
                              "Scan Direction": "Forward",
                              "Index Name": "title_pkey",
                              "Relation Name": "title",
                              "Alias": "t",
                              "Startup Cost": 0.43,
                              "Total Cost": 1.73,
                              "Plan Rows": 1,
                              "Plan Width": 4,
                              "Actual Startup Time": 0.003,
                              "Actual Total Time": 0.003,
                              "Actual Rows": 1,
                              "Actual Loops": 140065,
                              "Index Cond": "(id = mi.movie_id)",
                              "Rows Removed by Index Recheck": 0,
                              "Heap Fetches": 140065
                            }
                          ]
                        }
                      ]
                    }
                  ]
                }
              ]
            }
          ]
        }
      ]
    },
    "Planning Time": 1.369,
    "Triggers": [],
    "Execution Time": 367.079
  }
]