[
  {
    "Plan": {
      "Node Type": "Aggregate",
      "Strategy": "Plain",
      "Partial Mode": "Finalize",
      "Parallel Aware": false,
      "Startup Cost": 86354.32,
      "Total Cost": 86354.33,
      "Plan Rows": 1,
      "Plan Width": 8,
      "Actual Startup Time": 252.874,
      "Actual Total Time": 267.312,
      "Actual Rows": 1,
      "Actual Loops": 1,
      "Plans": [
        {
          "Node Type": "Gather",
          "Parent Relationship": "Outer",
          "Parallel Aware": false,
          "Startup Cost": 86353.9,
          "Total Cost": 86354.31,
          "Plan Rows": 4,
          "Plan Width": 8,
          "Actual Startup Time": 251.081,
          "Actual Total Time": 267.302,
          "Actual Rows": 5,
          "Actual Loops": 1,
          "Workers Planned": 4,
          "Workers Launched": 4,
          "Single Copy": false,
          "Plans": [
            {
              "Node Type": "Aggregate",
              "Strategy": "Plain",
              "Partial Mode": "Partial",
              "Parent Relationship": "Outer",
              "Parallel Aware": false,
              "Startup Cost": 85353.9,
              "Total Cost": 85353.91,
              "Plan Rows": 1,
              "Plan Width": 8,
              "Actual Startup Time": 240.671,
              "Actual Total Time": 240.675,
              "Actual Rows": 1,
              "Actual Loops": 5,
              "Plans": [
                {
                  "Node Type": "Nested Loop",
                  "Parent Relationship": "Outer",
                  "Parallel Aware": false,
                  "Join Type": "Inner",
                  "Startup Cost": 24814.4,
                  "Total Cost": 85342.64,
                  "Plan Rows": 4503,
                  "Plan Width": 0,
                  "Actual Startup Time": 81.743,
                  "Actual Total Time": 239.927,
                  "Actual Rows": 8980,
                  "Actual Loops": 5,
                  "Inner Unique": false,
                  "Plans": [
                    {
                      "Node Type": "Hash Join",
                      "Parent Relationship": "Outer",
                      "Parallel Aware": true,
                      "Join Type": "Inner",
                      "Startup Cost": 24813.97,
                      "Total Cost": 71914.72,
                      "Plan Rows": 24708,
                      "Plan Width": 8,
                      "Actual Startup Time": 81.564,
                      "Actual Total Time": 199.263,
                      "Actual Rows": 16872,
                      "Actual Loops": 5,
                      "Inner Unique": false,
                      "Hash Cond": "(t.id = mc.movie_id)",
                      "Plans": [
                        {
                          "Node Type": "Seq Scan",
                          "Parent Relationship": "Outer",
                          "Parallel Aware": true,
                          "Relation Name": "title",
                          "Alias": "t",
                          "Startup Cost": 0.0,
                          "Total Cost": 45479.1,
                          "Plan Rows": 308389,
                          "Plan Width": 4,
                          "Actual Startup Time": 0.018,
                          "Actual Total Time": 75.868,
                          "Actual Rows": 263351,
                          "Actual Loops": 5,
                          "Filter": "((production_year > 1974) AND (kind_id = 7))",
                          "Rows Removed by Filter": 242312
                        },
                        {
                          "Node Type": "Hash",
                          "Parent Relationship": "Inner",
                          "Parallel Aware": true,
                          "Startup Cost": 23997.16,
                          "Total Cost": 23997.16,
                          "Plan Rows": 65345,
                          "Plan Width": 4,
                          "Actual Startup Time": 79.456,
                          "Actual Total Time": 79.457,
                          "Actual Rows": 40314,
                          "Actual Loops": 5,
                          "Hash Buckets": 262144,
                          "Original Hash Buckets": 262144,
                          "Hash Batches": 1,
                          "Original Hash Batches": 1,
                          "Peak Memory Usage": 10016,
                          "Plans": [
                            {
                              "Node Type": "Bitmap Heap Scan",
                              "Parent Relationship": "Outer",
                              "Parallel Aware": true,
                              "Relation Name": "movie_companies",
                              "Alias": "mc",
                              "Startup Cost": 4390.35,
                              "Total Cost": 23997.16,
                              "Plan Rows": 65345,
                              "Plan Width": 4,
                              "Actual Startup Time": 22.135,
                              "Actual Total Time": 59.478,
                              "Actual Rows": 40314,
                              "Actual Loops": 5,
                              "Recheck Cond": "(company_id < 64)",
                              "Rows Removed by Index Recheck": 0,
                              "Exact Heap Blocks": 7646,
                              "Lossy Heap Blocks": 0,
                              "Plans": [
                                {
                                  "Node Type": "Bitmap Index Scan",
                                  "Parent Relationship": "Outer",
                                  "Parallel Aware": false,
                                  "Index Name": "company_id_movie_companies",
                                  "Startup Cost": 0.0,
                                  "Total Cost": 4339.7,
                                  "Plan Rows": 202570,
                                  "Plan Width": 0,
                                  "Actual Startup Time": 21.923,
                                  "Actual Total Time": 21.924,
                                  "Actual Rows": 201569,
                                  "Actual Loops": 1,
                                  "Index Cond": "(company_id < 64)"
                                }
                              ]
                            }
                          ]
                        }
                      ]
                    },
                    {
                      "Node Type": "Index Scan",
                      "Parent Relationship": "Inner",
                      "Parallel Aware": false,
                      "Scan Direction": "Forward",
                      "Index Name": "movie_id_movie_info_idx",
                      "Relation Name": "movie_info_idx",
                      "Alias": "mi_idx",
                      "Startup Cost": 0.43,
                      "Total Cost": 0.53,
                      "Plan Rows": 1,
                      "Plan Width": 4,
                      "Actual Startup Time": 0.002,
                      "Actual Total Time": 0.002,
                      "Actual Rows": 1,
                      "Actual Loops": 84361,
                      "Index Cond": "(movie_id = t.id)",
                      "Rows Removed by Index Recheck": 0,
                      "Filter": "(info_type_id = 101)",
                      "Rows Removed by Filter": 1
                    }
                  ]
                }
              ]
            }
          ]
        }
      ]
    },
    "Planning Time": 1.441,
    "Triggers": [],
    "Execution Time": 267.425
  }
]