{
  "Plan": {
    "Node Type": "Aggregate",
    "Strategy": "Plain",
    "Partial Mode": "Finalize",
    "Parallel Aware": false,
    "Startup Cost": 106104.89,
    "Total Cost": 106104.9,
    "Plan Rows": 1,
    "Plan Width": 8,
    "Actual Startup Time": 268.75,
    "Actual Total Time": 298.068,
    "Actual Rows": 1,
    "Actual Loops": 1,
    "Plans": [
      {
        "Node Type": "Gather",
        "Parent Relationship": "Outer",
        "Parallel Aware": false,
        "Startup Cost": 106104.78,
        "Total Cost": 106104.89,
        "Plan Rows": 1,
        "Plan Width": 8,
        "Actual Startup Time": 268.349,
        "Actual Total Time": 298.06,
        "Actual Rows": 2,
        "Actual Loops": 1,
        "Workers Planned": 1,
        "Workers Launched": 1,
        "Single Copy": false,
        "Plans": [
          {
            "Node Type": "Aggregate",
            "Strategy": "Plain",
            "Partial Mode": "Partial",
            "Parent Relationship": "Outer",
            "Parallel Aware": false,
            "Startup Cost": 105104.78,
            "Total Cost": 105104.79,
            "Plan Rows": 1,
            "Plan Width": 8,
            "Actual Startup Time": 262.015,
            "Actual Total Time": 262.023,
            "Actual Rows": 1,
            "Actual Loops": 2,
            "Plans": [
              {
                "Node Type": "Nested Loop",
                "Parent Relationship": "Outer",
                "Parallel Aware": false,
                "Join Type": "Inner",
                "Startup Cost": 64701.58,
                "Total Cost": 105070.76,
                "Plan Rows": 13605,
                "Plan Width": 0,
                "Actual Startup Time": 161.036,
                "Actual Total Time": 261.44,
                "Actual Rows": 9382,
                "Actual Loops": 2,
                "Inner Unique": false,
                "Join Filter": "(t.id = ci.movie_id)",
                "Rows Removed by Join Filter": 0,
                "Plans": [
                  {
                    "Node Type": "Hash Join",
                    "Parent Relationship": "Outer",
                    "Parallel Aware": true,
                    "Join Type": "Inner",
                    "Startup Cost": 64701.01,
                    "Total Cost": 85988.81,
                    "Plan Rows": 2757,
                    "Plan Width": 8,
                    "Actual Startup Time": 160.969,
                    "Actual Total Time": 212.284,
                    "Actual Rows": 926,
                    "Actual Loops": 2,
                    "Inner Unique": true,
                    "Hash Cond": "(mc.movie_id = t.id)",
                    "Plans": [
                      {
                        "Node Type": "Bitmap Heap Scan",
                        "Parent Relationship": "Outer",
                        "Parallel Aware": true,
                        "Relation Name": "movie_companies",
                        "Alias": "mc",
                        "Startup Cost": 6084.2,
                        "Total Cost": 26938.49,
                        "Plan Rows": 165144,
                        "Plan Width": 4,
                        "Actual Startup Time": 15.494,
                        "Actual Total Time": 48.919,
                        "Actual Rows": 139440,
                        "Actual Loops": 2,
                        "Recheck Cond": "(company_id < 150)",
                        "Rows Removed by Index Recheck": 0,
                        "Exact Heap Blocks": 11853,
                        "Lossy Heap Blocks": 0,
                        "Plans": [
                          {
                            "Node Type": "Bitmap Index Scan",
                            "Parent Relationship": "Outer",
                            "Parallel Aware": false,
                            "Index Name": "company_id_movie_companies",
                            "Startup Cost": 0.0,
                            "Total Cost": 6014.01,
                            "Plan Rows": 280744,
                            "Plan Width": 0,
                            "Actual Startup Time": 12.934,
                            "Actual Total Time": 12.935,
                            "Actual Rows": 278880,
                            "Actual Loops": 1,
                            "Index Cond": "(company_id < 150)"
                          }
                        ]
                      },
                      {
                        "Node Type": "Hash",
                        "Parent Relationship": "Inner",
                        "Parallel Aware": true,
                        "Startup Cost": 58306.47,
                        "Total Cost": 58306.47,
                        "Plan Rows": 24828,
                        "Plan Width": 4,
                        "Actual Startup Time": 143.722,
                        "Actual Total Time": 143.722,
                        "Actual Rows": 20204,
                        "Actual Loops": 2,
                        "Hash Buckets": 65536,
                        "Original Hash Buckets": 65536,
                        "Hash Batches": 1,
                        "Original Hash Batches": 1,
                        "Peak Memory Usage": 2112,
                        "Plans": [
                          {
                            "Node Type": "Seq Scan",
                            "Parent Relationship": "Outer",
                            "Parallel Aware": true,
                            "Relation Name": "title",
                            "Alias": "t",
                            "Startup Cost": 0.0,
                            "Total Cost": 58306.47,
                            "Plan Rows": 24828,
                            "Plan Width": 4,
                            "Actual Startup Time": 0.055,
                            "Actual Total Time": 137.515,
                            "Actual Rows": 20204,
                            "Actual Loops": 2,
                            "Filter": "((kind_id > 4) AND (production_year > 2012))",
                            "Rows Removed by Filter": 1243952
                          }
                        ]
                      }
                    ]
                  },
                  {
                    "Node Type": "Index Scan",
                    "Parent Relationship": "Inner",
                    "Parallel Aware": false,
                    "Scan Direction": "Forward",
                    "Index Name": "movie_id_cast_info",
                    "Relation Name": "cast_info",
                    "Alias": "ci",
                    "Startup Cost": 0.56,
                    "Total Cost": 6.76,
                    "Plan Rows": 13,
                    "Plan Width": 4,
                    "Actual Startup Time": 0.007,
                    "Actual Total Time": 0.052,
                    "Actual Rows": 10,
                    "Actual Loops": 1851,
                    "Index Cond": "(movie_id = mc.movie_id)",
                    "Rows Removed by Index Recheck": 0,
                    "Filter": "(role_id < 2)",
                    "Rows Removed by Filter": 28
                  }
                ]
              }
            ]
          }
        ]
      }
    ]
  },
  "Planning Time": 1.087,
  "Triggers": [],
  "Execution Time": 298.177
}