{
  "Plan": {
    "Node Type": "Aggregate",
    "Strategy": "Plain",
    "Partial Mode": "Finalize",
    "Parallel Aware": false,
    "Startup Cost": 52681.39,
    "Total Cost": 52681.4,
    "Plan Rows": 1,
    "Plan Width": 8,
    "Actual Startup Time": 165.024,
    "Actual Total Time": 189.578,
    "Actual Rows": 1,
    "Actual Loops": 1,
    "Plans": [
      {
        "Node Type": "Gather",
        "Parent Relationship": "Outer",
        "Parallel Aware": false,
        "Startup Cost": 52681.28,
        "Total Cost": 52681.39,
        "Plan Rows": 1,
        "Plan Width": 8,
        "Actual Startup Time": 164.867,
        "Actual Total Time": 189.571,
        "Actual Rows": 2,
        "Actual Loops": 1,
        "Workers Planned": 1,
        "Workers Launched": 1,
        "Single Copy": false,
        "Plans": [
          {
            "Node Type": "Aggregate",
            "Strategy": "Plain",
            "Partial Mode": "Partial",
            "Parent Relationship": "Outer",
            "Parallel Aware": false,
            "Startup Cost": 51681.28,
            "Total Cost": 51681.29,
            "Plan Rows": 1,
            "Plan Width": 8,
            "Actual Startup Time": 158.589,
            "Actual Total Time": 158.592,
            "Actual Rows": 1,
            "Actual Loops": 2,
            "Plans": [
              {
                "Node Type": "Nested Loop",
                "Parent Relationship": "Outer",
                "Parallel Aware": false,
                "Join Type": "Inner",
                "Startup Cost": 151.06,
                "Total Cost": 51623.39,
                "Plan Rows": 23155,
                "Plan Width": 0,
                "Actual Startup Time": 3.659,
                "Actual Total Time": 151.134,
                "Actual Rows": 146860,
                "Actual Loops": 2,
                "Inner Unique": false,
                "Plans": [
                  {
                    "Node Type": "Nested Loop",
                    "Parent Relationship": "Outer",
                    "Parallel Aware": false,
                    "Join Type": "Inner",
                    "Startup Cost": 150.62,
                    "Total Cost": 43931.28,
                    "Plan Rows": 3960,
                    "Plan Width": 8,
                    "Actual Startup Time": 3.558,
                    "Actual Total Time": 30.983,
                    "Actual Rows": 2949,
                    "Actual Loops": 2,
                    "Inner Unique": true,
                    "Plans": [
                      {
                        "Node Type": "Bitmap Heap Scan",
                        "Parent Relationship": "Outer",
                        "Parallel Aware": true,
                        "Relation Name": "movie_keyword",
                        "Alias": "mk",
                        "Startup Cost": 150.19,
                        "Total Cost": 15419.2,
                        "Plan Rows": 4081,
                        "Plan Width": 4,
                        "Actual Startup Time": 3.441,
                        "Actual Total Time": 11.929,
                        "Actual Rows": 2958,
                        "Actual Loops": 2,
                        "Recheck Cond": "(keyword_id = 807)",
                        "Rows Removed by Index Recheck": 0,
                        "Exact Heap Blocks": 3607,
                        "Lossy Heap Blocks": 0,
                        "Plans": [
                          {
                            "Node Type": "Bitmap Index Scan",
                            "Parent Relationship": "Outer",
                            "Parallel Aware": false,
                            "Index Name": "keyword_id_movie_keyword",
                            "Startup Cost": 0.0,
                            "Total Cost": 148.46,
                            "Plan Rows": 6937,
                            "Plan Width": 0,
                            "Actual Startup Time": 4.154,
                            "Actual Total Time": 4.154,
                            "Actual Rows": 5916,
                            "Actual Loops": 1,
                            "Index Cond": "(keyword_id = 807)"
                          }
                        ]
                      },
                      {
                        "Node Type": "Index Scan",
                        "Parent Relationship": "Inner",
                        "Parallel Aware": false,
                        "Scan Direction": "Forward",
                        "Index Name": "title_pkey",
                        "Relation Name": "title",
                        "Alias": "t",
                        "Startup Cost": 0.43,
                        "Total Cost": 6.99,
                        "Plan Rows": 1,
                        "Plan Width": 4,
                        "Actual Startup Time": 0.006,
                        "Actual Total Time": 0.006,
                        "Actual Rows": 1,
                        "Actual Loops": 5916,
                        "Index Cond": "(id = mk.movie_id)",
                        "Rows Removed by Index Recheck": 0,
                        "Filter": "(production_year < 2014)",
                        "Rows Removed by Filter": 0
                      }
                    ]
                  },
                  {
                    "Node Type": "Index Only Scan",
                    "Parent Relationship": "Inner",
                    "Parallel Aware": false,
                    "Scan Direction": "Forward",
                    "Index Name": "movie_id_movie_info",
                    "Relation Name": "movie_info",
                    "Alias": "mi",
                    "Startup Cost": 0.43,
                    "Total Cost": 1.52,
                    "Plan Rows": 42,
                    "Plan Width": 4,
                    "Actual Startup Time": 0.008,
                    "Actual Total Time": 0.037,
                    "Actual Rows": 50,
                    "Actual Loops": 5898,
                    "Index Cond": "(movie_id = t.id)",
                    "Rows Removed by Index Recheck": 0,
                    "Heap Fetches": 293719
                  }
                ]
              }
            ]
          }
        ]
      }
    ]
  },
  "Planning Time": 1.086,
  "Triggers": [],
  "Execution Time": 189.682
}