[
  {
    "Plan": {
      "Node Type": "Aggregate",
      "Strategy": "Plain",
      "Partial Mode": "Finalize",
      "Parallel Aware": false,
      "Startup Cost": 44396.53,
      "Total Cost": 44396.54,
      "Plan Rows": 1,
      "Plan Width": 8,
      "Actual Startup Time": 114.22,
      "Actual Total Time": 123.398,
      "Actual Rows": 1,
      "Actual Loops": 1,
      "Plans": [
        {
          "Node Type": "Gather",
          "Parent Relationship": "Outer",
          "Parallel Aware": false,
          "Startup Cost": 44396.21,
          "Total Cost": 44396.52,
          "Plan Rows": 3,
          "Plan Width": 8,
          "Actual Startup Time": 114.076,
          "Actual Total Time": 123.39,
          "Actual Rows": 4,
          "Actual Loops": 1,
          "Workers Planned": 3,
          "Workers Launched": 3,
          "Single Copy": false,
          "Plans": [
            {
              "Node Type": "Aggregate",
              "Strategy": "Plain",
              "Partial Mode": "Partial",
              "Parent Relationship": "Outer",
              "Parallel Aware": false,
              "Startup Cost": 43396.21,
              "Total Cost": 43396.22,
              "Plan Rows": 1,
              "Plan Width": 8,
              "Actual Startup Time": 107.539,
              "Actual Total Time": 107.541,
              "Actual Rows": 1,
              "Actual Loops": 4,
              "Plans": [
                {
                  "Node Type": "Seq Scan",
                  "Parent Relationship": "Outer",
                  "Parallel Aware": true,
                  "Relation Name": "movie_keyword",
                  "Alias": "mk",
                  "Startup Cost": 0.0,
                  "Total Cost": 42695.65,
                  "Plan Rows": 280222,
                  "Plan Width": 0,
                  "Actual Startup Time": 1.145,
                  "Actual Total Time": 97.029,
                  "Actual Rows": 215576,
                  "Actual Loops": 4,
                  "Filter": "(keyword_id > 21344)",
                  "Rows Removed by Filter": 915407
                }
              ]
            }
          ]
        }
      ]
    },
    "Planning Time": 0.174,
    "Triggers": [],
    "Execution Time": 123.449
  }
]