{
  "Plan": {
    "Node Type": "Aggregate",
    "Strategy": "Plain",
    "Partial Mode": "Finalize",
    "Parallel Aware": false,
    "Startup Cost": 91275.3,
    "Total Cost": 91275.31,
    "Plan Rows": 1,
    "Plan Width": 8,
    "Actual Startup Time": 161.017,
    "Actual Total Time": 175.622,
    "Actual Rows": 1,
    "Actual Loops": 1,
    "Plans": [
      {
        "Node Type": "Gather",
        "Parent Relationship": "Outer",
        "Parallel Aware": false,
        "Startup Cost": 91275.19,
        "Total Cost": 91275.3,
        "Plan Rows": 1,
        "Plan Width": 8,
        "Actual Startup Time": 160.922,
        "Actual Total Time": 175.613,
        "Actual Rows": 2,
        "Actual Loops": 1,
        "Workers Planned": 1,
        "Workers Launched": 1,
        "Single Copy": false,
        "Plans": [
          {
            "Node Type": "Aggregate",
            "Strategy": "Plain",
            "Partial Mode": "Partial",
            "Parent Relationship": "Outer",
            "Parallel Aware": false,
            "Startup Cost": 90275.19,
            "Total Cost": 90275.2,
            "Plan Rows": 1,
            "Plan Width": 8,
            "Actual Startup Time": 155.065,
            "Actual Total Time": 155.066,
            "Actual Rows": 1,
            "Actual Loops": 2,
            "Plans": [
              {
                "Node Type": "Nested Loop",
                "Parent Relationship": "Outer",
                "Parallel Aware": false,
                "Join Type": "Inner",
                "Startup Cost": 0.43,
                "Total Cost": 90270.56,
                "Plan Rows": 1853,
                "Plan Width": 0,
                "Actual Startup Time": 18.959,
                "Actual Total Time": 154.883,
                "Actual Rows": 2990,
                "Actual Loops": 2,
                "Inner Unique": false,
                "Plans": [
                  {
                    "Node Type": "Seq Scan",
                    "Parent Relationship": "Outer",
                    "Parallel Aware": true,
                    "Relation Name": "title",
                    "Alias": "t",
                    "Startup Cost": 0.0,
                    "Total Cost": 58306.47,
                    "Plan Rows": 3771,
                    "Plan Width": 4,
                    "Actual Startup Time": 0.583,
                    "Actual Total Time": 132.818,
                    "Actual Rows": 3045,
                    "Actual Loops": 2,
                    "Filter": "((kind_id < 7) AND (production_year = 1968))",
                    "Rows Removed by Filter": 1261111
                  },
                  {
                    "Node Type": "Index Scan",
                    "Parent Relationship": "Inner",
                    "Parallel Aware": false,
                    "Scan Direction": "Forward",
                    "Index Name": "movie_id_movie_keyword",
                    "Relation Name": "movie_keyword",
                    "Alias": "mk",
                    "Startup Cost": 0.43,
                    "Total Cost": 8.36,
                    "Plan Rows": 12,
                    "Plan Width": 4,
                    "Actual Startup Time": 0.007,
                    "Actual Total Time": 0.007,
                    "Actual Rows": 1,
                    "Actual Loops": 6090,
                    "Index Cond": "(movie_id = t.id)",
                    "Rows Removed by Index Recheck": 0,
                    "Filter": "(keyword_id > 14422)",
                    "Rows Removed by Filter": 3
                  }
                ]
              }
            ]
          }
        ]
      }
    ]
  },
  "Planning Time": 0.469,
  "Triggers": [],
  "Execution Time": 175.698
}