{
  "Plan": {
    "Node Type": "Aggregate",
    "Strategy": "Plain",
    "Partial Mode": "Finalize",
    "Parallel Aware": false,
    "Startup Cost": 161020.87,
    "Total Cost": 161020.88,
    "Plan Rows": 1,
    "Plan Width": 8,
    "Actual Startup Time": 773.42,
    "Actual Total Time": 791.59,
    "Actual Rows": 1,
    "Actual Loops": 1,
    "Plans": [
      {
        "Node Type": "Gather",
        "Parent Relationship": "Outer",
        "Parallel Aware": false,
        "Startup Cost": 161020.76,
        "Total Cost": 161020.87,
        "Plan Rows": 1,
        "Plan Width": 8,
        "Actual Startup Time": 771.833,
        "Actual Total Time": 791.582,
        "Actual Rows": 2,
        "Actual Loops": 1,
        "Workers Planned": 1,
        "Workers Launched": 1,
        "Single Copy": false,
        "Plans": [
          {
            "Node Type": "Aggregate",
            "Strategy": "Plain",
            "Partial Mode": "Partial",
            "Parent Relationship": "Outer",
            "Parallel Aware": false,
            "Startup Cost": 160020.76,
            "Total Cost": 160020.77,
            "Plan Rows": 1,
            "Plan Width": 8,
            "Actual Startup Time": 764.876,
            "Actual Total Time": 764.883,
            "Actual Rows": 1,
            "Actual Loops": 2,
            "Plans": [
              {
                "Node Type": "Hash Join",
                "Parent Relationship": "Outer",
                "Parallel Aware": true,
                "Join Type": "Inner",
                "Startup Cost": 96752.82,
                "Total Cost": 159357.66,
                "Plan Rows": 265238,
                "Plan Width": 0,
                "Actual Startup Time": 469.749,
                "Actual Total Time": 762.194,
                "Actual Rows": 67007,
                "Actual Loops": 2,
                "Inner Unique": false,
                "Hash Cond": "(mk.movie_id = t.id)",
                "Plans": [
                  {
                    "Node Type": "Seq Scan",
                    "Parent Relationship": "Outer",
                    "Parallel Aware": true,
                    "Relation Name": "movie_keyword",
                    "Alias": "mk",
                    "Startup Cost": 0.0,
                    "Total Cost": 51065.35,
                    "Plan Rows": 2661135,
                    "Plan Width": 4,
                    "Actual Startup Time": 0.013,
                    "Actual Total Time": 156.696,
                    "Actual Rows": 2261965,
                    "Actual Loops": 2
                  },
                  {
                    "Node Type": "Hash",
                    "Parent Relationship": "Inner",
                    "Parallel Aware": true,
                    "Startup Cost": 94899.9,
                    "Total Cost": 94899.9,
                    "Plan Rows": 148234,
                    "Plan Width": 8,
                    "Actual Startup Time": 441.511,
                    "Actual Total Time": 441.516,
                    "Actual Rows": 28838,
                    "Actual Loops": 2,
                    "Hash Buckets": 262144,
                    "Original Hash Buckets": 262144,
                    "Hash Batches": 1,
                    "Original Hash Batches": 1,
                    "Peak Memory Usage": 4352,
                    "Plans": [
                      {
                        "Node Type": "Hash Join",
                        "Parent Relationship": "Outer",
                        "Parallel Aware": true,
                        "Join Type": "Inner",
                        "Startup Cost": 33741.29,
                        "Total Cost": 94899.9,
                        "Plan Rows": 148234,
                        "Plan Width": 8,
                        "Actual Startup Time": 180.033,
                        "Actual Total Time": 431.404,
                        "Actual Rows": 28838,
                        "Actual Loops": 2,
                        "Inner Unique": false,
                        "Hash Cond": "(t.id = mc.movie_id)",
                        "Plans": [
                          {
                            "Node Type": "Seq Scan",
                            "Parent Relationship": "Outer",
                            "Parallel Aware": true,
                            "Relation Name": "title",
                            "Alias": "t",
                            "Startup Cost": 0.0,
                            "Total Cost": 54588.39,
                            "Plan Rows": 911722,
                            "Plan Width": 4,
                            "Actual Startup Time": 0.016,
                            "Actual Total Time": 145.335,
                            "Actual Rows": 777932,
                            "Actual Loops": 2,
                            "Filter": "(kind_id > 4)",
                            "Rows Removed by Filter": 486224
                          },
                          {
                            "Node Type": "Hash",
                            "Parent Relationship": "Inner",
                            "Parallel Aware": true,
                            "Startup Cost": 30718.74,
                            "Total Cost": 30718.74,
                            "Plan Rows": 241804,
                            "Plan Width": 4,
                            "Actual Startup Time": 130.794,
                            "Actual Total Time": 130.796,
                            "Actual Rows": 207580,
                            "Actual Loops": 2,
                            "Hash Buckets": 524288,
                            "Original Hash Buckets": 524288,
                            "Hash Batches": 1,
                            "Original Hash Batches": 1,
                            "Peak Memory Usage": 20384,
                            "Plans": [
                              {
                                "Node Type": "Bitmap Heap Scan",
                                "Parent Relationship": "Outer",
                                "Parallel Aware": true,
                                "Relation Name": "movie_companies",
                                "Alias": "mc",
                                "Startup Cost": 8906.19,
                                "Total Cost": 30718.74,
                                "Plan Rows": 241804,
                                "Plan Width": 4,
                                "Actual Startup Time": 33.829,
                                "Actual Total Time": 78.541,
                                "Actual Rows": 207580,
                                "Actual Loops": 2,
                                "Recheck Cond": "(company_id > 80476)",
                                "Rows Removed by Index Recheck": 0,
                                "Exact Heap Blocks": 4174,
                                "Lossy Heap Blocks": 0,
                                "Plans": [
                                  {
                                    "Node Type": "Bitmap Index Scan",
                                    "Parent Relationship": "Outer",
                                    "Parallel Aware": false,
                                    "Index Name": "company_id_movie_companies",
                                    "Startup Cost": 0.0,
                                    "Total Cost": 8803.42,
                                    "Plan Rows": 411066,
                                    "Plan Width": 0,
                                    "Actual Startup Time": 32.871,
                                    "Actual Total Time": 32.871,
                                    "Actual Rows": 415160,
                                    "Actual Loops": 1,
                                    "Index Cond": "(company_id > 80476)"
                                  }
                                ]
                              }
                            ]
                          }
                        ]
                      }
                    ]
                  }
                ]
              }
            ]
          }
        ]
      }
    ]
  },
  "Planning Time": 0.865,
  "Triggers": [],
  "Execution Time": 791.692
}