[
  {
    "Plan": {
      "Node Type": "Aggregate",
      "Strategy": "Plain",
      "Partial Mode": "Finalize",
      "Parallel Aware": false,
      "Startup Cost": 332910.41,
      "Total Cost": 332910.42,
      "Plan Rows": 1,
      "Plan Width": 8,
      "Actual Startup Time": 701.801,
      "Actual Total Time": 750.238,
      "Actual Rows": 1,
      "Actual Loops": 1,
      "Plans": [
        {
          "Node Type": "Gather",
          "Parent Relationship": "Outer",
          "Parallel Aware": false,
          "Startup Cost": 332909.79,
          "Total Cost": 332910.4,
          "Plan Rows": 6,
          "Plan Width": 8,
          "Actual Startup Time": 701.572,
          "Actual Total Time": 750.227,
          "Actual Rows": 7,
          "Actual Loops": 1,
          "Workers Planned": 6,
          "Workers Launched": 6,
          "Single Copy": false,
          "Plans": [
            {
              "Node Type": "Aggregate",
              "Strategy": "Plain",
              "Partial Mode": "Partial",
              "Parent Relationship": "Outer",
              "Parallel Aware": false,
              "Startup Cost": 331909.79,
              "Total Cost": 331909.8,
              "Plan Rows": 1,
              "Plan Width": 8,
              "Actual Startup Time": 691.742,
              "Actual Total Time": 691.744,
              "Actual Rows": 1,
              "Actual Loops": 7,
              "Plans": [
                {
                  "Node Type": "Seq Scan",
                  "Parent Relationship": "Outer",
                  "Parallel Aware": true,
                  "Relation Name": "cast_info",
                  "Alias": "ci",
                  "Startup Cost": 0.0,
                  "Total Cost": 328211.39,
                  "Plan Rows": 1479359,
                  "Plan Width": 0,
                  "Actual Startup Time": 350.782,
                  "Actual Total Time": 623.569,
                  "Actual Rows": 1250717,
                  "Actual Loops": 7,
                  "Filter": "(person_id > 2815662)",
                  "Rows Removed by Filter": 3927046
                }
              ]
            }
          ]
        }
      ]
    },
    "Planning Time": 0.21,
    "Triggers": [],
    "Execution Time": 750.315
  }
]