[
  {
    "Plan": {
      "Node Type": "Aggregate",
      "Strategy": "Plain",
      "Partial Mode": "Finalize",
      "Parallel Aware": false,
      "Startup Cost": 30726.14,
      "Total Cost": 30726.15,
      "Plan Rows": 1,
      "Plan Width": 8,
      "Actual Startup Time": 82.305,
      "Actual Total Time": 91.189,
      "Actual Rows": 1,
      "Actual Loops": 1,
      "Plans": [
        {
          "Node Type": "Gather",
          "Parent Relationship": "Outer",
          "Parallel Aware": false,
          "Startup Cost": 30725.82,
          "Total Cost": 30726.13,
          "Plan Rows": 3,
          "Plan Width": 8,
          "Actual Startup Time": 81.645,
          "Actual Total Time": 91.177,
          "Actual Rows": 4,
          "Actual Loops": 1,
          "Workers Planned": 3,
          "Workers Launched": 3,
          "Single Copy": false,
          "Plans": [
            {
              "Node Type": "Aggregate",
              "Strategy": "Plain",
              "Partial Mode": "Partial",
              "Parent Relationship": "Outer",
              "Parallel Aware": false,
              "Startup Cost": 29725.82,
              "Total Cost": 29725.83,
              "Plan Rows": 1,
              "Plan Width": 8,
              "Actual Startup Time": 77.609,
              "Actual Total Time": 77.611,
              "Actual Rows": 1,
              "Actual Loops": 4,
              "Plans": [
                {
                  "Node Type": "Bitmap Heap Scan",
                  "Parent Relationship": "Outer",
                  "Parallel Aware": true,
                  "Relation Name": "movie_keyword",
                  "Alias": "mk",
                  "Startup Cost": 4292.68,
                  "Total Cost": 29562.63,
                  "Plan Rows": 65276,
                  "Plan Width": 0,
                  "Actual Startup Time": 19.079,
                  "Actual Total Time": 73.962,
                  "Actual Rows": 51356,
                  "Actual Loops": 4,
                  "Recheck Cond": "(keyword_id > 67432)",
                  "Rows Removed by Index Recheck": 0,
                  "Exact Heap Blocks": 7981,
                  "Lossy Heap Blocks": 0,
                  "Plans": [
                    {
                      "Node Type": "Bitmap Index Scan",
                      "Parent Relationship": "Outer",
                      "Parallel Aware": false,
                      "Index Name": "keyword_id_movie_keyword",
                      "Startup Cost": 0.0,
                      "Total Cost": 4242.1,
                      "Plan Rows": 202355,
                      "Plan Width": 0,
                      "Actual Startup Time": 18.106,
                      "Actual Total Time": 18.106,
                      "Actual Rows": 205425,
                      "Actual Loops": 1,
                      "Index Cond": "(keyword_id > 67432)"
                    }
                  ]
                }
              ]
            }
          ]
        }
      ]
    },
    "Planning Time": 0.094,
    "Triggers": [],
    "Execution Time": 91.23
  }
]