[
  {
    "Plan": {
      "Node Type": "Aggregate",
      "Strategy": "Plain",
      "Partial Mode": "Finalize",
      "Parallel Aware": false,
      "Startup Cost": 80021.2,
      "Total Cost": 80021.21,
      "Plan Rows": 1,
      "Plan Width": 8,
      "Actual Startup Time": 357.496,
      "Actual Total Time": 372.068,
      "Actual Rows": 1,
      "Actual Loops": 1,
      "Plans": [
        {
          "Node Type": "Gather",
          "Parent Relationship": "Outer",
          "Parallel Aware": false,
          "Startup Cost": 80020.78,
          "Total Cost": 80021.19,
          "Plan Rows": 4,
          "Plan Width": 8,
          "Actual Startup Time": 351.767,
          "Actual Total Time": 372.058,
          "Actual Rows": 5,
          "Actual Loops": 1,
          "Workers Planned": 4,
          "Workers Launched": 4,
          "Single Copy": false,
          "Plans": [
            {
              "Node Type": "Aggregate",
              "Strategy": "Plain",
              "Partial Mode": "Partial",
              "Parent Relationship": "Outer",
              "Parallel Aware": false,
              "Startup Cost": 79020.78,
              "Total Cost": 79020.79,
              "Plan Rows": 1,
              "Plan Width": 8,
              "Actual Startup Time": 342.581,
              "Actual Total Time": 342.584,
              "Actual Rows": 1,
              "Actual Loops": 5,
              "Plans": [
                {
                  "Node Type": "Hash Join",
                  "Parent Relationship": "Outer",
                  "Parallel Aware": true,
                  "Join Type": "Inner",
                  "Startup Cost": 32433.19,
                  "Total Cost": 78536.79,
                  "Plan Rows": 193596,
                  "Plan Width": 0,
                  "Actual Startup Time": 131.58,
                  "Actual Total Time": 334.968,
                  "Actual Rows": 157609,
                  "Actual Loops": 5,
                  "Inner Unique": false,
                  "Hash Cond": "(t.id = mc.movie_id)",
                  "Plans": [
                    {
                      "Node Type": "Seq Scan",
                      "Parent Relationship": "Outer",
                      "Parallel Aware": true,
                      "Relation Name": "title",
                      "Alias": "t",
                      "Startup Cost": 0.0,
                      "Total Cost": 42318.73,
                      "Plan Rows": 632073,
                      "Plan Width": 4,
                      "Actual Startup Time": 0.01,
                      "Actual Total Time": 65.961,
                      "Actual Rows": 505662,
                      "Actual Loops": 5
                    },
                    {
                      "Node Type": "Hash",
                      "Parent Relationship": "Inner",
                      "Parallel Aware": true,
                      "Startup Cost": 29310.68,
                      "Total Cost": 29310.68,
                      "Plan Rows": 249801,
                      "Plan Width": 4,
                      "Actual Startup Time": 127.214,
                      "Actual Total Time": 127.215,
                      "Actual Rows": 157609,
                      "Actual Loops": 5,
                      "Hash Buckets": 1048576,
                      "Original Hash Buckets": 1048576,
                      "Hash Batches": 1,
                      "Original Hash Batches": 1,
                      "Peak Memory Usage": 39104,
                      "Plans": [
                        {
                          "Node Type": "Seq Scan",
                          "Parent Relationship": "Outer",
                          "Parallel Aware": true,
                          "Relation Name": "movie_companies",
                          "Alias": "mc",
                          "Startup Cost": 0.0,
                          "Total Cost": 29310.68,
                          "Plan Rows": 249801,
                          "Plan Width": 4,
                          "Actual Startup Time": 26.193,
                          "Actual Total Time": 75.479,
                          "Actual Rows": 157609,
                          "Actual Loops": 5,
                          "Filter": "(company_id > 31716)",
                          "Rows Removed by Filter": 364217
                        }
                      ]
                    }
                  ]
                }
              ]
            }
          ]
        }
      ]
    },
    "Planning Time": 0.598,
    "Triggers": [],
    "Execution Time": 372.137
  }
]