[
  {
    "Plan": {
      "Node Type": "Aggregate",
      "Strategy": "Plain",
      "Partial Mode": "Finalize",
      "Parallel Aware": false,
      "Startup Cost": 27501.94,
      "Total Cost": 27501.95,
      "Plan Rows": 1,
      "Plan Width": 8,
      "Actual Startup Time": 67.663,
      "Actual Total Time": 79.037,
      "Actual Rows": 1,
      "Actual Loops": 1,
      "Plans": [
        {
          "Node Type": "Gather",
          "Parent Relationship": "Outer",
          "Parallel Aware": false,
          "Startup Cost": 27501.72,
          "Total Cost": 27501.93,
          "Plan Rows": 2,
          "Plan Width": 8,
          "Actual Startup Time": 67.493,
          "Actual Total Time": 79.03,
          "Actual Rows": 3,
          "Actual Loops": 1,
          "Workers Planned": 2,
          "Workers Launched": 2,
          "Single Copy": false,
          "Plans": [
            {
              "Node Type": "Aggregate",
              "Strategy": "Plain",
              "Partial Mode": "Partial",
              "Parent Relationship": "Outer",
              "Parallel Aware": false,
              "Startup Cost": 26501.72,
              "Total Cost": 26501.73,
              "Plan Rows": 1,
              "Plan Width": 8,
              "Actual Startup Time": 59.118,
              "Actual Total Time": 59.121,
              "Actual Rows": 1,
              "Actual Loops": 3,
              "Plans": [
                {
                  "Node Type": "Nested Loop",
                  "Parent Relationship": "Outer",
                  "Parallel Aware": false,
                  "Join Type": "Inner",
                  "Startup Cost": 93.65,
                  "Total Cost": 26476.29,
                  "Plan Rows": 10172,
                  "Plan Width": 0,
                  "Actual Startup Time": 1.893,
                  "Actual Total Time": 57.559,
                  "Actual Rows": 17217,
                  "Actual Loops": 3,
                  "Inner Unique": false,
                  "Plans": [
                    {
                      "Node Type": "Nested Loop",
                      "Parent Relationship": "Outer",
                      "Parallel Aware": false,
                      "Join Type": "Inner",
                      "Startup Cost": 93.22,
                      "Total Cost": 23114.56,
                      "Plan Rows": 1740,
                      "Plan Width": 8,
                      "Actual Startup Time": 1.738,
                      "Actual Total Time": 18.583,
                      "Actual Rows": 1327,
                      "Actual Loops": 3,
                      "Inner Unique": true,
                      "Plans": [
                        {
                          "Node Type": "Bitmap Heap Scan",
                          "Parent Relationship": "Outer",
                          "Parallel Aware": true,
                          "Relation Name": "movie_companies",
                          "Alias": "mc",
                          "Startup Cost": 92.79,
                          "Total Cost": 10104.64,
                          "Plan Rows": 1740,
                          "Plan Width": 4,
                          "Actual Startup Time": 1.588,
                          "Actual Total Time": 5.227,
                          "Actual Rows": 1327,
                          "Actual Loops": 3,
                          "Recheck Cond": "(company_id = 312)",
                          "Rows Removed by Index Recheck": 0,
                          "Exact Heap Blocks": 1463,
                          "Lossy Heap Blocks": 0,
                          "Plans": [
                            {
                              "Node Type": "Bitmap Index Scan",
                              "Parent Relationship": "Outer",
                              "Parallel Aware": false,
                              "Index Name": "company_id_movie_companies",
                              "Startup Cost": 0.0,
                              "Total Cost": 91.74,
                              "Plan Rows": 4175,
                              "Plan Width": 0,
                              "Actual Startup Time": 3.542,
                              "Actual Total Time": 3.543,
                              "Actual Rows": 3982,
                              "Actual Loops": 1,
                              "Index Cond": "(company_id = 312)"
                            }
                          ]
                        },
                        {
                          "Node Type": "Index Only Scan",
                          "Parent Relationship": "Inner",
                          "Parallel Aware": false,
                          "Scan Direction": "Forward",
                          "Index Name": "title_pkey",
                          "Relation Name": "title",
                          "Alias": "t",
                          "Startup Cost": 0.43,
                          "Total Cost": 7.48,
                          "Plan Rows": 1,
                          "Plan Width": 4,
                          "Actual Startup Time": 0.009,
                          "Actual Total Time": 0.009,
                          "Actual Rows": 1,
                          "Actual Loops": 3982,
                          "Index Cond": "(id = mc.movie_id)",
                          "Rows Removed by Index Recheck": 0,
                          "Heap Fetches": 3982
                        }
                      ]
                    },
                    {
                      "Node Type": "Index Only Scan",
                      "Parent Relationship": "Inner",
                      "Parallel Aware": false,
                      "Scan Direction": "Forward",
                      "Index Name": "movie_id_movie_info",
                      "Relation Name": "movie_info",
                      "Alias": "mi",
                      "Startup Cost": 0.43,
                      "Total Cost": 1.51,
                      "Plan Rows": 42,
                      "Plan Width": 4,
                      "Actual Startup Time": 0.009,
                      "Actual Total Time": 0.027,
                      "Actual Rows": 13,
                      "Actual Loops": 3982,
                      "Index Cond": "(movie_id = t.id)",
                      "Rows Removed by Index Recheck": 0,
                      "Heap Fetches": 51650
                    }
                  ]
                }
              ]
            }
          ]
        }
      ]
    },
    "Planning Time": 1.409,
    "Triggers": [],
    "Execution Time": 79.131
  }
]