[
  {
    "Plan": {
      "Node Type": "Aggregate",
      "Strategy": "Plain",
      "Partial Mode": "Finalize",
      "Parallel Aware": false,
      "Startup Cost": 327005.71,
      "Total Cost": 327005.72,
      "Plan Rows": 1,
      "Plan Width": 8,
      "Actual Startup Time": 322.855,
      "Actual Total Time": 333.675,
      "Actual Rows": 1,
      "Actual Loops": 1,
      "Plans": [
        {
          "Node Type": "Gather",
          "Parent Relationship": "Outer",
          "Parallel Aware": false,
          "Startup Cost": 327005.08,
          "Total Cost": 327005.69,
          "Plan Rows": 6,
          "Plan Width": 8,
          "Actual Startup Time": 322.292,
          "Actual Total Time": 333.664,
          "Actual Rows": 7,
          "Actual Loops": 1,
          "Workers Planned": 6,
          "Workers Launched": 6,
          "Single Copy": false,
          "Plans": [
            {
              "Node Type": "Aggregate",
              "Strategy": "Plain",
              "Partial Mode": "Partial",
              "Parent Relationship": "Outer",
              "Parallel Aware": false,
              "Startup Cost": 326005.08,
              "Total Cost": 326005.09,
              "Plan Rows": 1,
              "Plan Width": 8,
              "Actual Startup Time": 311.699,
              "Actual Total Time": 311.701,
              "Actual Rows": 1,
              "Actual Loops": 7,
              "Plans": [
                {
                  "Node Type": "Bitmap Heap Scan",
                  "Parent Relationship": "Outer",
                  "Parallel Aware": true,
                  "Relation Name": "cast_info",
                  "Alias": "ci",
                  "Startup Cost": 65863.08,
                  "Total Cost": 324762.58,
                  "Plan Rows": 497000,
                  "Plan Width": 0,
                  "Actual Startup Time": 172.878,
                  "Actual Total Time": 286.439,
                  "Actual Rows": 434446,
                  "Actual Loops": 7,
                  "Recheck Cond": "(person_id < 295163)",
                  "Rows Removed by Index Recheck": 0,
                  "Exact Heap Blocks": 5215,
                  "Lossy Heap Blocks": 0,
                  "Plans": [
                    {
                      "Node Type": "Bitmap Index Scan",
                      "Parent Relationship": "Outer",
                      "Parallel Aware": false,
                      "Index Name": "person_id_cast_info",
                      "Startup Cost": 0.0,
                      "Total Cost": 65117.58,
                      "Plan Rows": 2982002,
                      "Plan Width": 0,
                      "Actual Startup Time": 173.919,
                      "Actual Total Time": 173.919,
                      "Actual Rows": 3041119,
                      "Actual Loops": 1,
                      "Index Cond": "(person_id < 295163)"
                    }
                  ]
                }
              ]
            }
          ]
        }
      ]
    },
    "Planning Time": 0.182,
    "Triggers": [],
    "Execution Time": 333.753
  }
]