{
  "Plan": {
    "Node Type": "Aggregate",
    "Strategy": "Plain",
    "Partial Mode": "Finalize",
    "Parallel Aware": false,
    "Startup Cost": 101098.72,
    "Total Cost": 101098.73,
    "Plan Rows": 1,
    "Plan Width": 8,
    "Actual Startup Time": 459.48,
    "Actual Total Time": 477.281,
    "Actual Rows": 1,
    "Actual Loops": 1,
    "Plans": [
      {
        "Node Type": "Gather",
        "Parent Relationship": "Outer",
        "Parallel Aware": false,
        "Startup Cost": 101098.61,
        "Total Cost": 101098.72,
        "Plan Rows": 1,
        "Plan Width": 8,
        "Actual Startup Time": 458.178,
        "Actual Total Time": 477.273,
        "Actual Rows": 2,
        "Actual Loops": 1,
        "Workers Planned": 1,
        "Workers Launched": 1,
        "Single Copy": false,
        "Plans": [
          {
            "Node Type": "Aggregate",
            "Strategy": "Plain",
            "Partial Mode": "Partial",
            "Parent Relationship": "Outer",
            "Parallel Aware": false,
            "Startup Cost": 100098.61,
            "Total Cost": 100098.62,
            "Plan Rows": 1,
            "Plan Width": 8,
            "Actual Startup Time": 451.973,
            "Actual Total Time": 451.978,
            "Actual Rows": 1,
            "Actual Loops": 2,
            "Plans": [
              {
                "Node Type": "Hash Join",
                "Parent Relationship": "Outer",
                "Parallel Aware": true,
                "Join Type": "Inner",
                "Startup Cost": 59971.43,
                "Total Cost": 99929.45,
                "Plan Rows": 67665,
                "Plan Width": 0,
                "Actual Startup Time": 217.479,
                "Actual Total Time": 442.741,
                "Actual Rows": 188193,
                "Actual Loops": 2,
                "Inner Unique": true,
                "Hash Cond": "(mc.movie_id = t.id)",
                "Plans": [
                  {
                    "Node Type": "Seq Scan",
                    "Parent Relationship": "Outer",
                    "Parallel Aware": true,
                    "Relation Name": "movie_companies",
                    "Alias": "mc",
                    "Startup Cost": 0.0,
                    "Total Cost": 37974.77,
                    "Plan Rows": 755522,
                    "Plan Width": 4,
                    "Actual Startup Time": 0.017,
                    "Actual Total Time": 128.254,
                    "Actual Rows": 637123,
                    "Actual Loops": 2,
                    "Filter": "(company_type_id = 1)",
                    "Rows Removed by Filter": 667442
                  },
                  {
                    "Node Type": "Hash",
                    "Parent Relationship": "Inner",
                    "Parallel Aware": true,
                    "Startup Cost": 58306.47,
                    "Total Cost": 58306.47,
                    "Plan Rows": 133197,
                    "Plan Width": 4,
                    "Actual Startup Time": 214.059,
                    "Actual Total Time": 214.06,
                    "Actual Rows": 170934,
                    "Actual Loops": 2,
                    "Hash Buckets": 524288,
                    "Original Hash Buckets": 262144,
                    "Hash Batches": 1,
                    "Original Hash Batches": 1,
                    "Peak Memory Usage": 19552,
                    "Plans": [
                      {
                        "Node Type": "Seq Scan",
                        "Parent Relationship": "Outer",
                        "Parallel Aware": true,
                        "Relation Name": "title",
                        "Alias": "t",
                        "Startup Cost": 0.0,
                        "Total Cost": 58306.47,
                        "Plan Rows": 133197,
                        "Plan Width": 4,
                        "Actual Startup Time": 0.084,
                        "Actual Total Time": 164.987,
                        "Actual Rows": 170934,
                        "Actual Loops": 2,
                        "Filter": "((kind_id < 7) AND (production_year < 1985))",
                        "Rows Removed by Filter": 1093222
                      }
                    ]
                  }
                ]
              }
            ]
          }
        ]
      }
    ]
  },
  "Planning Time": 0.621,
  "Triggers": [],
  "Execution Time": 477.345
}