[
  {
    "Plan": {
      "Node Type": "Aggregate",
      "Strategy": "Plain",
      "Partial Mode": "Finalize",
      "Parallel Aware": false,
      "Startup Cost": 343102.94,
      "Total Cost": 343102.95,
      "Plan Rows": 1,
      "Plan Width": 8,
      "Actual Startup Time": 962.895,
      "Actual Total Time": 1028.004,
      "Actual Rows": 1,
      "Actual Loops": 1,
      "Plans": [
        {
          "Node Type": "Gather",
          "Parent Relationship": "Outer",
          "Parallel Aware": false,
          "Startup Cost": 343102.32,
          "Total Cost": 343102.92,
          "Plan Rows": 6,
          "Plan Width": 8,
          "Actual Startup Time": 962.758,
          "Actual Total Time": 1027.995,
          "Actual Rows": 7,
          "Actual Loops": 1,
          "Workers Planned": 6,
          "Workers Launched": 6,
          "Single Copy": false,
          "Plans": [
            {
              "Node Type": "Aggregate",
              "Strategy": "Plain",
              "Partial Mode": "Partial",
              "Parent Relationship": "Outer",
              "Parallel Aware": false,
              "Startup Cost": 342102.32,
              "Total Cost": 342102.33,
              "Plan Rows": 1,
              "Plan Width": 8,
              "Actual Startup Time": 954.126,
              "Actual Total Time": 954.127,
              "Actual Rows": 1,
              "Actual Loops": 7,
              "Plans": [
                {
                  "Node Type": "Seq Scan",
                  "Parent Relationship": "Outer",
                  "Parallel Aware": true,
                  "Relation Name": "cast_info",
                  "Alias": "ci",
                  "Startup Cost": 0.0,
                  "Total Cost": 328162.03,
                  "Plan Rows": 5576116,
                  "Plan Width": 0,
                  "Actual Startup Time": 0.047,
                  "Actual Total Time": 719.068,
                  "Actual Rows": 4799698,
                  "Actual Loops": 7,
                  "Filter": "(person_id < 3551201)",
                  "Rows Removed by Filter": 378066
                }
              ]
            }
          ]
        }
      ]
    },
    "Planning Time": 0.194,
    "Triggers": [],
    "Execution Time": 1028.075
  }
]