[
  {
    "Plan": {
      "Node Type": "Aggregate",
      "Strategy": "Plain",
      "Partial Mode": "Finalize",
      "Parallel Aware": false,
      "Startup Cost": 82959.63,
      "Total Cost": 82959.64,
      "Plan Rows": 1,
      "Plan Width": 8,
      "Actual Startup Time": 302.603,
      "Actual Total Time": 316.301,
      "Actual Rows": 1,
      "Actual Loops": 1,
      "Plans": [
        {
          "Node Type": "Gather",
          "Parent Relationship": "Outer",
          "Parallel Aware": false,
          "Startup Cost": 82959.21,
          "Total Cost": 82959.62,
          "Plan Rows": 4,
          "Plan Width": 8,
          "Actual Startup Time": 299.841,
          "Actual Total Time": 316.291,
          "Actual Rows": 5,
          "Actual Loops": 1,
          "Workers Planned": 4,
          "Workers Launched": 4,
          "Single Copy": false,
          "Plans": [
            {
              "Node Type": "Aggregate",
              "Strategy": "Plain",
              "Partial Mode": "Partial",
              "Parent Relationship": "Outer",
              "Parallel Aware": false,
              "Startup Cost": 81959.21,
              "Total Cost": 81959.22,
              "Plan Rows": 1,
              "Plan Width": 8,
              "Actual Startup Time": 290.394,
              "Actual Total Time": 290.397,
              "Actual Rows": 1,
              "Actual Loops": 5,
              "Plans": [
                {
                  "Node Type": "Hash Join",
                  "Parent Relationship": "Outer",
                  "Parallel Aware": true,
                  "Join Type": "Inner",
                  "Startup Cost": 35153.04,
                  "Total Cost": 81379.78,
                  "Plan Rows": 231770,
                  "Plan Width": 0,
                  "Actual Startup Time": 113.582,
                  "Actual Total Time": 285.074,
                  "Actual Rows": 121581,
                  "Actual Loops": 5,
                  "Inner Unique": false,
                  "Hash Cond": "(t.id = mc.movie_id)",
                  "Plans": [
                    {
                      "Node Type": "Seq Scan",
                      "Parent Relationship": "Outer",
                      "Parallel Aware": true,
                      "Relation Name": "title",
                      "Alias": "t",
                      "Startup Cost": 0.0,
                      "Total Cost": 42318.73,
                      "Plan Rows": 632073,
                      "Plan Width": 4,
                      "Actual Startup Time": 0.012,
                      "Actual Total Time": 57.054,
                      "Actual Rows": 505662,
                      "Actual Loops": 5
                    },
                    {
                      "Node Type": "Hash",
                      "Parent Relationship": "Inner",
                      "Parallel Aware": true,
                      "Startup Cost": 31414.82,
                      "Total Cost": 31414.82,
                      "Plan Rows": 299058,
                      "Plan Width": 4,
                      "Actual Startup Time": 109.194,
                      "Actual Total Time": 109.195,
                      "Actual Rows": 121581,
                      "Actual Loops": 5,
                      "Hash Buckets": 1048576,
                      "Original Hash Buckets": 1048576,
                      "Hash Batches": 1,
                      "Original Hash Batches": 1,
                      "Peak Memory Usage": 32096,
                      "Plans": [
                        {
                          "Node Type": "Seq Scan",
                          "Parent Relationship": "Outer",
                          "Parallel Aware": true,
                          "Relation Name": "movie_companies",
                          "Alias": "mc",
                          "Startup Cost": 0.0,
                          "Total Cost": 31414.82,
                          "Plan Rows": 299058,
                          "Plan Width": 4,
                          "Actual Startup Time": 44.831,
                          "Actual Total Time": 72.668,
                          "Actual Rows": 121581,
                          "Actual Loops": 5,
                          "Filter": "((company_id < 30772) AND (company_type_id > 1))",
                          "Rows Removed by Filter": 400245
                        }
                      ]
                    }
                  ]
                }
              ]
            }
          ]
        }
      ]
    },
    "Planning Time": 0.643,
    "Triggers": [],
    "Execution Time": 316.412
  }
]