[
  {
    "Plan": {
      "Node Type": "Aggregate",
      "Strategy": "Plain",
      "Partial Mode": "Finalize",
      "Parallel Aware": false,
      "Startup Cost": 45735.51,
      "Total Cost": 45735.52,
      "Plan Rows": 1,
      "Plan Width": 8,
      "Actual Startup Time": 187.939,
      "Actual Total Time": 194.849,
      "Actual Rows": 1,
      "Actual Loops": 1,
      "Plans": [
        {
          "Node Type": "Gather",
          "Parent Relationship": "Outer",
          "Parallel Aware": false,
          "Startup Cost": 45735.2,
          "Total Cost": 45735.51,
          "Plan Rows": 3,
          "Plan Width": 8,
          "Actual Startup Time": 187.787,
          "Actual Total Time": 194.84,
          "Actual Rows": 4,
          "Actual Loops": 1,
          "Workers Planned": 3,
          "Workers Launched": 3,
          "Single Copy": false,
          "Plans": [
            {
              "Node Type": "Aggregate",
              "Strategy": "Plain",
              "Partial Mode": "Partial",
              "Parent Relationship": "Outer",
              "Parallel Aware": false,
              "Startup Cost": 44735.2,
              "Total Cost": 44735.21,
              "Plan Rows": 1,
              "Plan Width": 8,
              "Actual Startup Time": 179.785,
              "Actual Total Time": 179.787,
              "Actual Rows": 1,
              "Actual Loops": 4,
              "Plans": [
                {
                  "Node Type": "Seq Scan",
                  "Parent Relationship": "Outer",
                  "Parallel Aware": true,
                  "Relation Name": "movie_keyword",
                  "Alias": "mk",
                  "Startup Cost": 0.0,
                  "Total Cost": 42695.65,
                  "Plan Rows": 815817,
                  "Plan Width": 0,
                  "Actual Startup Time": 0.051,
                  "Actual Total Time": 143.395,
                  "Actual Rows": 634753,
                  "Actual Loops": 4,
                  "Filter": "(keyword_id < 6356)",
                  "Rows Removed by Filter": 496229
                }
              ]
            }
          ]
        }
      ]
    },
    "Planning Time": 0.066,
    "Triggers": [],
    "Execution Time": 194.883
  }
]