[
  {
    "Plan": {
      "Node Type": "Aggregate",
      "Strategy": "Plain",
      "Partial Mode": "Finalize",
      "Parallel Aware": false,
      "Startup Cost": 96475.62,
      "Total Cost": 96475.63,
      "Plan Rows": 1,
      "Plan Width": 8,
      "Actual Startup Time": 390.222,
      "Actual Total Time": 412.991,
      "Actual Rows": 1,
      "Actual Loops": 1,
      "Plans": [
        {
          "Node Type": "Gather",
          "Parent Relationship": "Outer",
          "Parallel Aware": false,
          "Startup Cost": 96475.41,
          "Total Cost": 96475.62,
          "Plan Rows": 2,
          "Plan Width": 8,
          "Actual Startup Time": 388.157,
          "Actual Total Time": 412.977,
          "Actual Rows": 3,
          "Actual Loops": 1,
          "Workers Planned": 2,
          "Workers Launched": 2,
          "Single Copy": false,
          "Plans": [
            {
              "Node Type": "Aggregate",
              "Strategy": "Plain",
              "Partial Mode": "Partial",
              "Parent Relationship": "Outer",
              "Parallel Aware": false,
              "Startup Cost": 95475.41,
              "Total Cost": 95475.42,
              "Plan Rows": 1,
              "Plan Width": 8,
              "Actual Startup Time": 382.559,
              "Actual Total Time": 382.661,
              "Actual Rows": 1,
              "Actual Loops": 3,
              "Plans": [
                {
                  "Node Type": "Hash Join",
                  "Parent Relationship": "Outer",
                  "Parallel Aware": true,
                  "Join Type": "Inner",
                  "Startup Cost": 79453.7,
                  "Total Cost": 95396.71,
                  "Plan Rows": 31480,
                  "Plan Width": 0,
                  "Actual Startup Time": 292.128,
                  "Actual Total Time": 381.198,
                  "Actual Rows": 29453,
                  "Actual Loops": 3,
                  "Inner Unique": false,
                  "Hash Cond": "(mi_idx.movie_id = t.id)",
                  "Plans": [
                    {
                      "Node Type": "Seq Scan",
                      "Parent Relationship": "Outer",
                      "Parallel Aware": true,
                      "Relation Name": "movie_info_idx",
                      "Alias": "mi_idx",
                      "Startup Cost": 0.0,
                      "Total Cost": 13685.15,
                      "Plan Rows": 575015,
                      "Plan Width": 4,
                      "Actual Startup Time": 0.021,
                      "Actual Total Time": 41.356,
                      "Actual Rows": 460012,
                      "Actual Loops": 3
                    },
                    {
                      "Node Type": "Hash",
                      "Parent Relationship": "Inner",
                      "Parallel Aware": true,
                      "Startup Cost": 78895.54,
                      "Total Cost": 78895.54,
                      "Plan Rows": 44653,
                      "Plan Width": 8,
                      "Actual Startup Time": 290.504,
                      "Actual Total Time": 290.604,
                      "Actual Rows": 33114,
                      "Actual Loops": 3,
                      "Hash Buckets": 262144,
                      "Original Hash Buckets": 262144,
                      "Hash Batches": 1,
                      "Original Hash Batches": 1,
                      "Peak Memory Usage": 5984,
                      "Plans": [
                        {
                          "Node Type": "Hash Join",
                          "Parent Relationship": "Outer",
                          "Parallel Aware": true,
                          "Join Type": "Inner",
                          "Startup Cost": 46754.0,
                          "Total Cost": 78895.54,
                          "Plan Rows": 44653,
                          "Plan Width": 8,
                          "Actual Startup Time": 193.901,
                          "Actual Total Time": 279.751,
                          "Actual Rows": 33114,
                          "Actual Loops": 3,
                          "Inner Unique": true,
                          "Hash Cond": "(mc.movie_id = t.id)",
                          "Plans": [
                            {
                              "Node Type": "Seq Scan",
                              "Parent Relationship": "Outer",
                              "Parallel Aware": true,
                              "Relation Name": "movie_companies",
                              "Alias": "mc",
                              "Startup Cost": 0.0,
                              "Total Cost": 31414.82,
                              "Plan Rows": 276848,
                              "Plan Width": 4,
                              "Actual Startup Time": 41.434,
                              "Actual Total Time": 87.513,
                              "Actual Rows": 182162,
                              "Actual Loops": 3,
                              "Filter": "((company_id < 20101) AND (company_type_id > 1))",
                              "Rows Removed by Filter": 687548
                            },
                            {
                              "Node Type": "Hash",
                              "Parent Relationship": "Inner",
                              "Parallel Aware": true,
                              "Startup Cost": 45479.59,
                              "Total Cost": 45479.59,
                              "Plan Rows": 101953,
                              "Plan Width": 4,
                              "Actual Startup Time": 150.75,
                              "Actual Total Time": 150.752,
                              "Actual Rows": 93772,
                              "Actual Loops": 3,
                              "Hash Buckets": 524288,
                              "Original Hash Buckets": 524288,
                              "Hash Batches": 1,
                              "Original Hash Batches": 1,
                              "Peak Memory Usage": 15136,
                              "Plans": [
                                {
                                  "Node Type": "Seq Scan",
                                  "Parent Relationship": "Outer",
                                  "Parallel Aware": true,
                                  "Relation Name": "title",
                                  "Alias": "t",
                                  "Startup Cost": 0.0,
                                  "Total Cost": 45479.59,
                                  "Plan Rows": 101953,
                                  "Plan Width": 4,
                                  "Actual Startup Time": 0.034,
                                  "Actual Total Time": 118.519,
                                  "Actual Rows": 93772,
                                  "Actual Loops": 3,
                                  "Filter": "((kind_id > 1) AND (production_year < 1984))",
                                  "Rows Removed by Filter": 748999
                                }
                              ]
                            }
                          ]
                        }
                      ]
                    }
                  ]
                }
              ]
            }
          ]
        }
      ]
    },
    "Planning Time": 0.515,
    "Triggers": [],
    "Execution Time": 413.035
  }
]