[
  {
    "Plan": {
      "Node Type": "Aggregate",
      "Strategy": "Plain",
      "Partial Mode": "Finalize",
      "Parallel Aware": false,
      "Startup Cost": 47097.47,
      "Total Cost": 47097.48,
      "Plan Rows": 1,
      "Plan Width": 8,
      "Actual Startup Time": 176.315,
      "Actual Total Time": 186.357,
      "Actual Rows": 1,
      "Actual Loops": 1,
      "Plans": [
        {
          "Node Type": "Gather",
          "Parent Relationship": "Outer",
          "Parallel Aware": false,
          "Startup Cost": 47097.15,
          "Total Cost": 47097.46,
          "Plan Rows": 3,
          "Plan Width": 8,
          "Actual Startup Time": 176.177,
          "Actual Total Time": 186.349,
          "Actual Rows": 4,
          "Actual Loops": 1,
          "Workers Planned": 3,
          "Workers Launched": 3,
          "Single Copy": false,
          "Plans": [
            {
              "Node Type": "Aggregate",
              "Strategy": "Plain",
              "Partial Mode": "Partial",
              "Parent Relationship": "Outer",
              "Parallel Aware": false,
              "Startup Cost": 46097.15,
              "Total Cost": 46097.16,
              "Plan Rows": 1,
              "Plan Width": 8,
              "Actual Startup Time": 170.403,
              "Actual Total Time": 170.404,
              "Actual Rows": 1,
              "Actual Loops": 4,
              "Plans": [
                {
                  "Node Type": "Seq Scan",
                  "Parent Relationship": "Outer",
                  "Parallel Aware": true,
                  "Relation Name": "movie_keyword",
                  "Alias": "mk",
                  "Startup Cost": 0.0,
                  "Total Cost": 42695.65,
                  "Plan Rows": 1360598,
                  "Plan Width": 0,
                  "Actual Startup Time": 0.041,
                  "Actual Total Time": 122.62,
                  "Actual Rows": 1053610,
                  "Actual Loops": 4,
                  "Filter": "(keyword_id < 52738)",
                  "Rows Removed by Filter": 77372
                }
              ]
            }
          ]
        }
      ]
    },
    "Planning Time": 0.081,
    "Triggers": [],
    "Execution Time": 186.382
  }
]