{
  "Plan": {
    "Node Type": "Aggregate",
    "Strategy": "Plain",
    "Partial Mode": "Finalize",
    "Parallel Aware": false,
    "Startup Cost": 17507.05,
    "Total Cost": 17507.06,
    "Plan Rows": 1,
    "Plan Width": 8,
    "Actual Startup Time": 25.684,
    "Actual Total Time": 29.094,
    "Actual Rows": 1,
    "Actual Loops": 1,
    "Plans": [
      {
        "Node Type": "Gather",
        "Parent Relationship": "Outer",
        "Parallel Aware": false,
        "Startup Cost": 17506.94,
        "Total Cost": 17507.05,
        "Plan Rows": 1,
        "Plan Width": 8,
        "Actual Startup Time": 25.518,
        "Actual Total Time": 29.086,
        "Actual Rows": 2,
        "Actual Loops": 1,
        "Workers Planned": 1,
        "Workers Launched": 1,
        "Single Copy": false,
        "Plans": [
          {
            "Node Type": "Aggregate",
            "Strategy": "Plain",
            "Partial Mode": "Partial",
            "Parent Relationship": "Outer",
            "Parallel Aware": false,
            "Startup Cost": 16506.94,
            "Total Cost": 16506.95,
            "Plan Rows": 1,
            "Plan Width": 8,
            "Actual Startup Time": 19.379,
            "Actual Total Time": 19.38,
            "Actual Rows": 1,
            "Actual Loops": 2,
            "Plans": [
              {
                "Node Type": "Nested Loop",
                "Parent Relationship": "Outer",
                "Parallel Aware": false,
                "Join Type": "Inner",
                "Startup Cost": 74.07,
                "Total Cost": 16506.85,
                "Plan Rows": 34,
                "Plan Width": 0,
                "Actual Startup Time": 3.617,
                "Actual Total Time": 19.347,
                "Actual Rows": 82,
                "Actual Loops": 2,
                "Inner Unique": true,
                "Plans": [
                  {
                    "Node Type": "Bitmap Heap Scan",
                    "Parent Relationship": "Outer",
                    "Parallel Aware": true,
                    "Relation Name": "movie_companies",
                    "Alias": "mc",
                    "Startup Cost": 73.64,
                    "Total Cost": 8590.09,
                    "Plan Rows": 987,
                    "Plan Width": 4,
                    "Actual Startup Time": 2.229,
                    "Actual Total Time": 6.33,
                    "Actual Rows": 1293,
                    "Actual Loops": 2,
                    "Recheck Cond": "(company_id = 677)",
                    "Rows Removed by Index Recheck": 0,
                    "Filter": "(company_type_id > 1)",
                    "Rows Removed by Filter": 170,
                    "Exact Heap Blocks": 1617,
                    "Lossy Heap Blocks": 0,
                    "Plans": [
                      {
                        "Node Type": "Bitmap Index Scan",
                        "Parent Relationship": "Outer",
                        "Parallel Aware": false,
                        "Index Name": "company_id_movie_companies",
                        "Startup Cost": 0.0,
                        "Total Cost": 73.22,
                        "Plan Rows": 3305,
                        "Plan Width": 0,
                        "Actual Startup Time": 2.52,
                        "Actual Total Time": 2.521,
                        "Actual Rows": 2926,
                        "Actual Loops": 1,
                        "Index Cond": "(company_id = 677)"
                      }
                    ]
                  },
                  {
                    "Node Type": "Index Scan",
                    "Parent Relationship": "Inner",
                    "Parallel Aware": false,
                    "Scan Direction": "Forward",
                    "Index Name": "title_pkey",
                    "Relation Name": "title",
                    "Alias": "t",
                    "Startup Cost": 0.43,
                    "Total Cost": 8.02,
                    "Plan Rows": 1,
                    "Plan Width": 4,
                    "Actual Startup Time": 0.009,
                    "Actual Total Time": 0.009,
                    "Actual Rows": 0,
                    "Actual Loops": 2586,
                    "Index Cond": "(id = mc.movie_id)",
                    "Rows Removed by Index Recheck": 0,
                    "Filter": "((production_year > 1968) AND (kind_id = 3))",
                    "Rows Removed by Filter": 1
                  }
                ]
              }
            ]
          }
        ]
      }
    ]
  },
  "Planning Time": 0.472,
  "Triggers": [],
  "Execution Time": 29.184
}