{
  "Plan": {
    "Node Type": "Aggregate",
    "Strategy": "Plain",
    "Partial Mode": "Finalize",
    "Parallel Aware": false,
    "Startup Cost": 95212.5,
    "Total Cost": 95212.51,
    "Plan Rows": 1,
    "Plan Width": 8,
    "Actual Startup Time": 501.801,
    "Actual Total Time": 512.114,
    "Actual Rows": 1,
    "Actual Loops": 1,
    "Plans": [
      {
        "Node Type": "Gather",
        "Parent Relationship": "Outer",
        "Parallel Aware": false,
        "Startup Cost": 95212.39,
        "Total Cost": 95212.5,
        "Plan Rows": 1,
        "Plan Width": 8,
        "Actual Startup Time": 500.705,
        "Actual Total Time": 512.106,
        "Actual Rows": 2,
        "Actual Loops": 1,
        "Workers Planned": 1,
        "Workers Launched": 1,
        "Single Copy": false,
        "Plans": [
          {
            "Node Type": "Aggregate",
            "Strategy": "Plain",
            "Partial Mode": "Partial",
            "Parent Relationship": "Outer",
            "Parallel Aware": false,
            "Startup Cost": 94212.39,
            "Total Cost": 94212.4,
            "Plan Rows": 1,
            "Plan Width": 8,
            "Actual Startup Time": 497.151,
            "Actual Total Time": 497.155,
            "Actual Rows": 1,
            "Actual Loops": 2,
            "Plans": [
              {
                "Node Type": "Hash Join",
                "Parent Relationship": "Outer",
                "Parallel Aware": true,
                "Join Type": "Inner",
                "Startup Cost": 32225.48,
                "Total Cost": 93669.16,
                "Plan Rows": 217290,
                "Plan Width": 0,
                "Actual Startup Time": 126.145,
                "Actual Total Time": 489.484,
                "Actual Rows": 185608,
                "Actual Loops": 2,
                "Inner Unique": false,
                "Hash Cond": "(t.id = mc.movie_id)",
                "Plans": [
                  {
                    "Node Type": "Seq Scan",
                    "Parent Relationship": "Outer",
                    "Parallel Aware": true,
                    "Relation Name": "title",
                    "Alias": "t",
                    "Startup Cost": 0.0,
                    "Total Cost": 50870.31,
                    "Plan Rows": 1487231,
                    "Plan Width": 4,
                    "Actual Startup Time": 0.01,
                    "Actual Total Time": 122.518,
                    "Actual Rows": 1264156,
                    "Actual Loops": 2
                  },
                  {
                    "Node Type": "Hash",
                    "Parent Relationship": "Inner",
                    "Parallel Aware": true,
                    "Startup Cost": 29509.35,
                    "Total Cost": 29509.35,
                    "Plan Rows": 217290,
                    "Plan Width": 4,
                    "Actual Startup Time": 112.798,
                    "Actual Total Time": 112.8,
                    "Actual Rows": 185608,
                    "Actual Loops": 2,
                    "Hash Buckets": 524288,
                    "Original Hash Buckets": 524288,
                    "Hash Batches": 1,
                    "Original Hash Batches": 1,
                    "Peak Memory Usage": 18656,
                    "Plans": [
                      {
                        "Node Type": "Bitmap Heap Scan",
                        "Parent Relationship": "Outer",
                        "Parallel Aware": true,
                        "Relation Name": "movie_companies",
                        "Alias": "mc",
                        "Startup Cost": 8003.23,
                        "Total Cost": 29509.35,
                        "Plan Rows": 217290,
                        "Plan Width": 4,
                        "Actual Startup Time": 23.41,
                        "Actual Total Time": 64.117,
                        "Actual Rows": 185608,
                        "Actual Loops": 2,
                        "Recheck Cond": "(company_id > 85283)",
                        "Rows Removed by Index Recheck": 0,
                        "Exact Heap Blocks": 3881,
                        "Lossy Heap Blocks": 0,
                        "Plans": [
                          {
                            "Node Type": "Bitmap Index Scan",
                            "Parent Relationship": "Outer",
                            "Parallel Aware": false,
                            "Index Name": "company_id_movie_companies",
                            "Startup Cost": 0.0,
                            "Total Cost": 7910.88,
                            "Plan Rows": 369393,
                            "Plan Width": 0,
                            "Actual Startup Time": 22.798,
                            "Actual Total Time": 22.799,
                            "Actual Rows": 371215,
                            "Actual Loops": 1,
                            "Index Cond": "(company_id > 85283)"
                          }
                        ]
                      }
                    ]
                  }
                ]
              }
            ]
          }
        ]
      }
    ]
  },
  "Planning Time": 0.301,
  "Triggers": [],
  "Execution Time": 512.165
}