[
  {
    "Plan": {
      "Node Type": "Aggregate",
      "Strategy": "Plain",
      "Partial Mode": "Finalize",
      "Parallel Aware": false,
      "Startup Cost": 33470.46,
      "Total Cost": 33470.47,
      "Plan Rows": 1,
      "Plan Width": 8,
      "Actual Startup Time": 112.871,
      "Actual Total Time": 120.8,
      "Actual Rows": 1,
      "Actual Loops": 1,
      "Plans": [
        {
          "Node Type": "Gather",
          "Parent Relationship": "Outer",
          "Parallel Aware": false,
          "Startup Cost": 33470.15,
          "Total Cost": 33470.46,
          "Plan Rows": 3,
          "Plan Width": 8,
          "Actual Startup Time": 112.792,
          "Actual Total Time": 120.792,
          "Actual Rows": 4,
          "Actual Loops": 1,
          "Workers Planned": 3,
          "Workers Launched": 3,
          "Single Copy": false,
          "Plans": [
            {
              "Node Type": "Aggregate",
              "Strategy": "Plain",
              "Partial Mode": "Partial",
              "Parent Relationship": "Outer",
              "Parallel Aware": false,
              "Startup Cost": 32470.15,
              "Total Cost": 32470.16,
              "Plan Rows": 1,
              "Plan Width": 8,
              "Actual Startup Time": 104.29,
              "Actual Total Time": 104.291,
              "Actual Rows": 1,
              "Actual Loops": 4,
              "Plans": [
                {
                  "Node Type": "Seq Scan",
                  "Parent Relationship": "Outer",
                  "Parallel Aware": true,
                  "Relation Name": "movie_companies",
                  "Alias": "mc",
                  "Startup Cost": 0.0,
                  "Total Cost": 31414.82,
                  "Plan Rows": 422131,
                  "Plan Width": 0,
                  "Actual Startup Time": 50.664,
                  "Actual Total Time": 90.001,
                  "Actual Rows": 326372,
                  "Actual Loops": 4,
                  "Filter": "((company_id < 208211) AND (company_type_id = 2))",
                  "Rows Removed by Filter": 325910
                }
              ]
            }
          ]
        }
      ]
    },
    "Planning Time": 0.283,
    "Triggers": [],
    "Execution Time": 120.86
  }
]