[
  {
    "Plan": {
      "Node Type": "Aggregate",
      "Strategy": "Plain",
      "Partial Mode": "Finalize",
      "Parallel Aware": false,
      "Startup Cost": 293037.43,
      "Total Cost": 293037.44,
      "Plan Rows": 1,
      "Plan Width": 8,
      "Actual Startup Time": 1091.694,
      "Actual Total Time": 1134.543,
      "Actual Rows": 1,
      "Actual Loops": 1,
      "Plans": [
        {
          "Node Type": "Gather",
          "Parent Relationship": "Outer",
          "Parallel Aware": false,
          "Startup Cost": 293036.91,
          "Total Cost": 293037.42,
          "Plan Rows": 5,
          "Plan Width": 8,
          "Actual Startup Time": 1077.317,
          "Actual Total Time": 1134.516,
          "Actual Rows": 6,
          "Actual Loops": 1,
          "Workers Planned": 5,
          "Workers Launched": 5,
          "Single Copy": false,
          "Plans": [
            {
              "Node Type": "Aggregate",
              "Strategy": "Plain",
              "Partial Mode": "Partial",
              "Parent Relationship": "Outer",
              "Parallel Aware": false,
              "Startup Cost": 292036.91,
              "Total Cost": 292036.92,
              "Plan Rows": 1,
              "Plan Width": 8,
              "Actual Startup Time": 1069.619,
              "Actual Total Time": 1069.967,
              "Actual Rows": 1,
              "Actual Loops": 6,
              "Plans": [
                {
                  "Node Type": "Hash Join",
                  "Parent Relationship": "Outer",
                  "Parallel Aware": true,
                  "Join Type": "Inner",
                  "Startup Cost": 85195.95,
                  "Total Cost": 290281.18,
                  "Plan Rows": 702292,
                  "Plan Width": 0,
                  "Actual Startup Time": 376.045,
                  "Actual Total Time": 1037.129,
                  "Actual Rows": 776588,
                  "Actual Loops": 6,
                  "Inner Unique": false,
                  "Hash Cond": "(mi.movie_id = t.id)",
                  "Plans": [
                    {
                      "Node Type": "Seq Scan",
                      "Parent Relationship": "Outer",
                      "Parallel Aware": true,
                      "Relation Name": "movie_info",
                      "Alias": "mi",
                      "Startup Cost": 0.0,
                      "Total Cost": 191685.19,
                      "Plan Rows": 2969219,
                      "Plan Width": 4,
                      "Actual Startup Time": 0.035,
                      "Actual Total Time": 276.952,
                      "Actual Rows": 2472620,
                      "Actual Loops": 6
                    },
                    {
                      "Node Type": "Hash",
                      "Parent Relationship": "Inner",
                      "Parallel Aware": true,
                      "Startup Cost": 82784.52,
                      "Total Cost": 82784.52,
                      "Plan Rows": 192914,
                      "Plan Width": 8,
                      "Actual Startup Time": 373.096,
                      "Actual Total Time": 373.442,
                      "Actual Rows": 59162,
                      "Actual Loops": 6,
                      "Hash Buckets": 1048576,
                      "Original Hash Buckets": 1048576,
                      "Hash Batches": 1,
                      "Original Hash Batches": 1,
                      "Peak Memory Usage": 22176,
                      "Plans": [
                        {
                          "Node Type": "Hash Join",
                          "Parent Relationship": "Outer",
                          "Parallel Aware": true,
                          "Join Type": "Inner",
                          "Startup Cost": 50788.95,
                          "Total Cost": 82784.52,
                          "Plan Rows": 192914,
                          "Plan Width": 8,
                          "Actual Startup Time": 289.978,
                          "Actual Total Time": 349.297,
                          "Actual Rows": 59162,
                          "Actual Loops": 6,
                          "Inner Unique": true,
                          "Hash Cond": "(mc.movie_id = t.id)",
                          "Plans": [
                            {
                              "Node Type": "Seq Scan",
                              "Parent Relationship": "Outer",
                              "Parallel Aware": true,
                              "Relation Name": "movie_companies",
                              "Alias": "mc",
                              "Startup Cost": 0.0,
                              "Total Cost": 31414.82,
                              "Plan Rows": 221242,
                              "Plan Width": 4,
                              "Actual Startup Time": 23.263,
                              "Actual Total Time": 45.511,
                              "Actual Rows": 73285,
                              "Actual Loops": 6,
                              "Filter": "((company_id < 11572) AND (company_type_id = 2))",
                              "Rows Removed by Filter": 361570
                            },
                            {
                              "Node Type": "Hash",
                              "Parent Relationship": "Inner",
                              "Parallel Aware": true,
                              "Startup Cost": 43899.32,
                              "Total Cost": 43899.32,
                              "Plan Rows": 551170,
                              "Plan Width": 4,
                              "Actual Startup Time": 261.893,
                              "Actual Total Time": 261.894,
                              "Actual Rows": 365437,
                              "Actual Loops": 6,
                              "Hash Buckets": 4194304,
                              "Original Hash Buckets": 4194304,
                              "Hash Batches": 1,
                              "Original Hash Batches": 1,
                              "Peak Memory Usage": 118688,
                              "Plans": [
                                {
                                  "Node Type": "Seq Scan",
                                  "Parent Relationship": "Outer",
                                  "Parallel Aware": true,
                                  "Relation Name": "title",
                                  "Alias": "t",
                                  "Startup Cost": 0.0,
                                  "Total Cost": 43899.32,
                                  "Plan Rows": 551170,
                                  "Plan Width": 4,
                                  "Actual Startup Time": 0.053,
                                  "Actual Total Time": 86.881,
                                  "Actual Rows": 365437,
                                  "Actual Loops": 6,
                                  "Filter": "(production_year > 1961)",
                                  "Rows Removed by Filter": 55948
                                }
                              ]
                            }
                          ]
                        }
                      ]
                    }
                  ]
                }
              ]
            }
          ]
        }
      ]
    },
    "Planning Time": 0.616,
    "Triggers": [],
    "Execution Time": 1134.594
  }
]