[
  {
    "Plan": {
      "Node Type": "Aggregate",
      "Strategy": "Plain",
      "Partial Mode": "Finalize",
      "Parallel Aware": false,
      "Startup Cost": 109005.42,
      "Total Cost": 109005.43,
      "Plan Rows": 1,
      "Plan Width": 8,
      "Actual Startup Time": 185.534,
      "Actual Total Time": 201.025,
      "Actual Rows": 1,
      "Actual Loops": 1,
      "Plans": [
        {
          "Node Type": "Gather",
          "Parent Relationship": "Outer",
          "Parallel Aware": false,
          "Startup Cost": 109004.9,
          "Total Cost": 109005.41,
          "Plan Rows": 5,
          "Plan Width": 8,
          "Actual Startup Time": 185.415,
          "Actual Total Time": 201.012,
          "Actual Rows": 6,
          "Actual Loops": 1,
          "Workers Planned": 5,
          "Workers Launched": 5,
          "Single Copy": false,
          "Plans": [
            {
              "Node Type": "Aggregate",
              "Strategy": "Plain",
              "Partial Mode": "Partial",
              "Parent Relationship": "Outer",
              "Parallel Aware": false,
              "Startup Cost": 108004.9,
              "Total Cost": 108004.91,
              "Plan Rows": 1,
              "Plan Width": 8,
              "Actual Startup Time": 176.142,
              "Actual Total Time": 176.143,
              "Actual Rows": 1,
              "Actual Loops": 6,
              "Plans": [
                {
                  "Node Type": "Index Scan",
                  "Parent Relationship": "Outer",
                  "Parallel Aware": true,
                  "Scan Direction": "Forward",
                  "Index Name": "role_id_cast_info",
                  "Relation Name": "cast_info",
                  "Alias": "ci",
                  "Startup Cost": 0.56,
                  "Total Cost": 107159.34,
                  "Plan Rows": 338225,
                  "Plan Width": 0,
                  "Actual Startup Time": 0.146,
                  "Actual Total Time": 154.571,
                  "Actual Rows": 420722,
                  "Actual Loops": 6,
                  "Index Cond": "(role_id = 3)",
                  "Rows Removed by Index Recheck": 0,
                  "Filter": "(person_id > 2110867)",
                  "Rows Removed by Filter": 247284
                }
              ]
            }
          ]
        }
      ]
    },
    "Planning Time": 0.21,
    "Triggers": [],
    "Execution Time": 201.094
  }
]