[
  {
    "Plan": {
      "Node Type": "Aggregate",
      "Strategy": "Plain",
      "Partial Mode": "Finalize",
      "Parallel Aware": false,
      "Startup Cost": 47119.22,
      "Total Cost": 47119.23,
      "Plan Rows": 1,
      "Plan Width": 8,
      "Actual Startup Time": 23.329,
      "Actual Total Time": 26.276,
      "Actual Rows": 1,
      "Actual Loops": 1,
      "Plans": [
        {
          "Node Type": "Gather",
          "Parent Relationship": "Outer",
          "Parallel Aware": false,
          "Startup Cost": 47119.01,
          "Total Cost": 47119.22,
          "Plan Rows": 2,
          "Plan Width": 8,
          "Actual Startup Time": 22.248,
          "Actual Total Time": 26.263,
          "Actual Rows": 3,
          "Actual Loops": 1,
          "Workers Planned": 2,
          "Workers Launched": 2,
          "Single Copy": false,
          "Plans": [
            {
              "Node Type": "Aggregate",
              "Strategy": "Plain",
              "Partial Mode": "Partial",
              "Parent Relationship": "Outer",
              "Parallel Aware": false,
              "Startup Cost": 46119.01,
              "Total Cost": 46119.02,
              "Plan Rows": 1,
              "Plan Width": 8,
              "Actual Startup Time": 14.477,
              "Actual Total Time": 14.479,
              "Actual Rows": 1,
              "Actual Loops": 3,
              "Plans": [
                {
                  "Node Type": "Nested Loop",
                  "Parent Relationship": "Outer",
                  "Parallel Aware": false,
                  "Join Type": "Inner",
                  "Startup Cost": 161.15,
                  "Total Cost": 46113.29,
                  "Plan Rows": 2288,
                  "Plan Width": 0,
                  "Actual Startup Time": 1.423,
                  "Actual Total Time": 14.138,
                  "Actual Rows": 1297,
                  "Actual Loops": 3,
                  "Inner Unique": true,
                  "Plans": [
                    {
                      "Node Type": "Bitmap Heap Scan",
                      "Parent Relationship": "Outer",
                      "Parallel Aware": true,
                      "Relation Name": "cast_info",
                      "Alias": "ci",
                      "Startup Cost": 160.72,
                      "Total Cost": 25170.82,
                      "Plan Rows": 3019,
                      "Plan Width": 4,
                      "Actual Startup Time": 1.254,
                      "Actual Total Time": 1.755,
                      "Actual Rows": 1298,
                      "Actual Loops": 3,
                      "Recheck Cond": "(person_id = 3005042)",
                      "Rows Removed by Index Recheck": 0,
                      "Exact Heap Blocks": 28,
                      "Lossy Heap Blocks": 0,
                      "Plans": [
                        {
                          "Node Type": "Bitmap Index Scan",
                          "Parent Relationship": "Outer",
                          "Parallel Aware": false,
                          "Index Name": "person_id_cast_info",
                          "Startup Cost": 0.0,
                          "Total Cost": 158.91,
                          "Plan Rows": 7246,
                          "Plan Width": 0,
                          "Actual Startup Time": 3.369,
                          "Actual Total Time": 3.37,
                          "Actual Rows": 3895,
                          "Actual Loops": 1,
                          "Index Cond": "(person_id = 3005042)"
                        }
                      ]
                    },
                    {
                      "Node Type": "Index Scan",
                      "Parent Relationship": "Inner",
                      "Parallel Aware": false,
                      "Scan Direction": "Forward",
                      "Index Name": "title_pkey",
                      "Relation Name": "title",
                      "Alias": "t",
                      "Startup Cost": 0.43,
                      "Total Cost": 6.94,
                      "Plan Rows": 1,
                      "Plan Width": 4,
                      "Actual Startup Time": 0.008,
                      "Actual Total Time": 0.008,
                      "Actual Rows": 1,
                      "Actual Loops": 3895,
                      "Index Cond": "(id = ci.movie_id)",
                      "Rows Removed by Index Recheck": 0,
                      "Filter": "(production_year > 1982)",
                      "Rows Removed by Filter": 0
                    }
                  ]
                }
              ]
            }
          ]
        }
      ]
    },
    "Planning Time": 0.641,
    "Triggers": [],
    "Execution Time": 26.366
  }
]