[
  {
    "Plan": {
      "Node Type": "Aggregate",
      "Strategy": "Plain",
      "Partial Mode": "Finalize",
      "Parallel Aware": false,
      "Startup Cost": 110623.28,
      "Total Cost": 110623.29,
      "Plan Rows": 1,
      "Plan Width": 8,
      "Actual Startup Time": 645.478,
      "Actual Total Time": 663.51,
      "Actual Rows": 1,
      "Actual Loops": 1,
      "Plans": [
        {
          "Node Type": "Gather",
          "Parent Relationship": "Outer",
          "Parallel Aware": false,
          "Startup Cost": 110622.97,
          "Total Cost": 110623.28,
          "Plan Rows": 3,
          "Plan Width": 8,
          "Actual Startup Time": 641.22,
          "Actual Total Time": 663.501,
          "Actual Rows": 4,
          "Actual Loops": 1,
          "Workers Planned": 3,
          "Workers Launched": 3,
          "Single Copy": false,
          "Plans": [
            {
              "Node Type": "Aggregate",
              "Strategy": "Plain",
              "Partial Mode": "Partial",
              "Parent Relationship": "Outer",
              "Parallel Aware": false,
              "Startup Cost": 109622.97,
              "Total Cost": 109622.98,
              "Plan Rows": 1,
              "Plan Width": 8,
              "Actual Startup Time": 628.766,
              "Actual Total Time": 628.772,
              "Actual Rows": 1,
              "Actual Loops": 4,
              "Plans": [
                {
                  "Node Type": "Hash Join",
                  "Parent Relationship": "Outer",
                  "Parallel Aware": true,
                  "Join Type": "Inner",
                  "Startup Cost": 64340.03,
                  "Total Cost": 109336.8,
                  "Plan Rows": 114468,
                  "Plan Width": 0,
                  "Actual Startup Time": 322.549,
                  "Actual Total Time": 574.924,
                  "Actual Rows": 1205607,
                  "Actual Loops": 4,
                  "Inner Unique": false,
                  "Hash Cond": "(mk.movie_id = t.id)",
                  "Plans": [
                    {
                      "Node Type": "Seq Scan",
                      "Parent Relationship": "Outer",
                      "Parallel Aware": true,
                      "Relation Name": "movie_keyword",
                      "Alias": "mk",
                      "Startup Cost": 0.0,
                      "Total Cost": 39047.32,
                      "Plan Rows": 1459332,
                      "Plan Width": 4,
                      "Actual Startup Time": 0.027,
                      "Actual Total Time": 93.248,
                      "Actual Rows": 1130982,
                      "Actual Loops": 4
                    },
                    {
                      "Node Type": "Hash",
                      "Parent Relationship": "Inner",
                      "Parallel Aware": true,
                      "Startup Cost": 63307.13,
                      "Total Cost": 63307.13,
                      "Plan Rows": 82632,
                      "Plan Width": 8,
                      "Actual Startup Time": 281.483,
                      "Actual Total Time": 281.488,
                      "Actual Rows": 96238,
                      "Actual Loops": 4,
                      "Hash Buckets": 524288,
                      "Original Hash Buckets": 262144,
                      "Hash Batches": 1,
                      "Original Hash Batches": 1,
                      "Peak Memory Usage": 21280,
                      "Plans": [
                        {
                          "Node Type": "Hash Join",
                          "Parent Relationship": "Outer",
                          "Parallel Aware": true,
                          "Join Type": "Inner",
                          "Startup Cost": 47172.29,
                          "Total Cost": 63307.13,
                          "Plan Rows": 82632,
                          "Plan Width": 8,
                          "Actual Startup Time": 192.668,
                          "Actual Total Time": 250.22,
                          "Actual Rows": 96238,
                          "Actual Loops": 4,
                          "Inner Unique": true,
                          "Hash Cond": "(mi_idx.movie_id = t.id)",
                          "Plans": [
                            {
                              "Node Type": "Seq Scan",
                              "Parent Relationship": "Outer",
                              "Parallel Aware": true,
                              "Relation Name": "movie_info_idx",
                              "Alias": "mi_idx",
                              "Startup Cost": 0.0,
                              "Total Cost": 15122.68,
                              "Plan Rows": 385585,
                              "Plan Width": 4,
                              "Actual Startup Time": 0.026,
                              "Actual Total Time": 37.228,
                              "Actual Rows": 230028,
                              "Actual Loops": 4,
                              "Filter": "(info_type_id > 99)",
                              "Rows Removed by Filter": 114981
                            },
                            {
                              "Node Type": "Hash",
                              "Parent Relationship": "Inner",
                              "Parallel Aware": true,
                              "Startup Cost": 45479.1,
                              "Total Cost": 45479.1,
                              "Plan Rows": 135455,
                              "Plan Width": 4,
                              "Actual Startup Time": 161.086,
                              "Actual Total Time": 161.087,
                              "Actual Rows": 139330,
                              "Actual Loops": 4,
                              "Hash Buckets": 1048576,
                              "Original Hash Buckets": 1048576,
                              "Hash Batches": 1,
                              "Original Hash Batches": 1,
                              "Peak Memory Usage": 30080,
                              "Plans": [
                                {
                                  "Node Type": "Seq Scan",
                                  "Parent Relationship": "Outer",
                                  "Parallel Aware": true,
                                  "Relation Name": "title",
                                  "Alias": "t",
                                  "Startup Cost": 0.0,
                                  "Total Cost": 45479.1,
                                  "Plan Rows": 135455,
                                  "Plan Width": 4,
                                  "Actual Startup Time": 64.953,
                                  "Actual Total Time": 110.215,
                                  "Actual Rows": 139330,
                                  "Actual Loops": 4,
                                  "Filter": "((kind_id < 2) AND (production_year < 2011))",
                                  "Rows Removed by Filter": 492748
                                }
                              ]
                            }
                          ]
                        }
                      ]
                    }
                  ]
                }
              ]
            }
          ]
        }
      ]
    },
    "Planning Time": 1.287,
    "Triggers": [],
    "Execution Time": 663.602
  }
]