{
  "Plan": {
    "Node Type": "Aggregate",
    "Strategy": "Plain",
    "Partial Mode": "Finalize",
    "Parallel Aware": false,
    "Startup Cost": 1043453.34,
    "Total Cost": 1043453.35,
    "Plan Rows": 1,
    "Plan Width": 8,
    "Actual Startup Time": 7331.003,
    "Actual Total Time": 7436.673,
    "Actual Rows": 1,
    "Actual Loops": 1,
    "Plans": [
      {
        "Node Type": "Gather",
        "Parent Relationship": "Outer",
        "Parallel Aware": false,
        "Startup Cost": 1043453.23,
        "Total Cost": 1043453.34,
        "Plan Rows": 1,
        "Plan Width": 8,
        "Actual Startup Time": 7319.131,
        "Actual Total Time": 7436.662,
        "Actual Rows": 2,
        "Actual Loops": 1,
        "Workers Planned": 1,
        "Workers Launched": 1,
        "Single Copy": false,
        "Plans": [
          {
            "Node Type": "Aggregate",
            "Strategy": "Plain",
            "Partial Mode": "Partial",
            "Parent Relationship": "Outer",
            "Parallel Aware": false,
            "Startup Cost": 1042453.23,
            "Total Cost": 1042453.24,
            "Plan Rows": 1,
            "Plan Width": 8,
            "Actual Startup Time": 7307.871,
            "Actual Total Time": 7308.456,
            "Actual Rows": 1,
            "Actual Loops": 2,
            "Plans": [
              {
                "Node Type": "Hash Join",
                "Parent Relationship": "Outer",
                "Parallel Aware": true,
                "Join Type": "Inner",
                "Startup Cost": 645181.37,
                "Total Cost": 1021343.36,
                "Plan Rows": 8443949,
                "Plan Width": 0,
                "Actual Startup Time": 4927.347,
                "Actual Total Time": 7151.671,
                "Actual Rows": 3955458,
                "Actual Loops": 2,
                "Inner Unique": false,
                "Hash Cond": "(mi.movie_id = t.id)",
                "Plans": [
                  {
                    "Node Type": "Seq Scan",
                    "Parent Relationship": "Outer",
                    "Parallel Aware": true,
                    "Relation Name": "movie_info",
                    "Alias": "mi",
                    "Startup Cost": 0.0,
                    "Total Cost": 270696.42,
                    "Plan Rows": 5579529,
                    "Plan Width": 4,
                    "Actual Startup Time": 0.018,
                    "Actual Total Time": 718.434,
                    "Actual Rows": 4782576,
                    "Actual Loops": 2,
                    "Filter": "(info_type_id < 16)",
                    "Rows Removed by Filter": 2635284
                  },
                  {
                    "Node Type": "Hash",
                    "Parent Relationship": "Inner",
                    "Parallel Aware": true,
                    "Startup Cost": 617047.05,
                    "Total Cost": 617047.05,
                    "Plan Rows": 2250746,
                    "Plan Width": 8,
                    "Actual Startup Time": 4903.899,
                    "Actual Total Time": 4904.482,
                    "Actual Rows": 2433609,
                    "Actual Loops": 2,
                    "Hash Buckets": 8388608,
                    "Original Hash Buckets": 4194304,
                    "Hash Batches": 1,
                    "Original Hash Batches": 1,
                    "Peak Memory Usage": 288736,
                    "Plans": [
                      {
                        "Node Type": "Hash Join",
                        "Parent Relationship": "Outer",
                        "Parallel Aware": true,
                        "Join Type": "Inner",
                        "Startup Cost": 61301.21,
                        "Total Cost": 617047.05,
                        "Plan Rows": 2250746,
                        "Plan Width": 8,
                        "Actual Startup Time": 699.027,
                        "Actual Total Time": 4081.734,
                        "Actual Rows": 2433609,
                        "Actual Loops": 2,
                        "Inner Unique": true,
                        "Hash Cond": "(ci.movie_id = t.id)",
                        "Plans": [
                          {
                            "Node Type": "Seq Scan",
                            "Parent Relationship": "Outer",
                            "Parallel Aware": true,
                            "Relation Name": "cast_info",
                            "Alias": "ci",
                            "Startup Cost": 0.0,
                            "Total Cost": 519069.44,
                            "Plan Rows": 13971936,
                            "Plan Width": 4,
                            "Actual Startup Time": 502.845,
                            "Actual Total Time": 1803.632,
                            "Actual Rows": 11786828,
                            "Actual Loops": 2,
                            "Filter": "(role_id > 1)",
                            "Rows Removed by Filter": 6335344
                          },
                          {
                            "Node Type": "Hash",
                            "Parent Relationship": "Inner",
                            "Parallel Aware": true,
                            "Startup Cost": 58306.47,
                            "Total Cost": 58306.47,
                            "Plan Rows": 239579,
                            "Plan Width": 4,
                            "Actual Startup Time": 194.586,
                            "Actual Total Time": 194.587,
                            "Actual Rows": 218014,
                            "Actual Loops": 2,
                            "Hash Buckets": 524288,
                            "Original Hash Buckets": 524288,
                            "Hash Batches": 1,
                            "Original Hash Batches": 1,
                            "Peak Memory Usage": 21184,
                            "Plans": [
                              {
                                "Node Type": "Seq Scan",
                                "Parent Relationship": "Outer",
                                "Parallel Aware": true,
                                "Relation Name": "title",
                                "Alias": "t",
                                "Startup Cost": 0.0,
                                "Total Cost": 58306.47,
                                "Plan Rows": 239579,
                                "Plan Width": 4,
                                "Actual Startup Time": 0.031,
                                "Actual Total Time": 145.708,
                                "Actual Rows": 218014,
                                "Actual Loops": 2,
                                "Filter": "((kind_id > 4) AND (production_year > 2008))",
                                "Rows Removed by Filter": 1046142
                              }
                            ]
                          }
                        ]
                      }
                    ]
                  }
                ]
              }
            ]
          }
        ]
      }
    ]
  },
  "Planning Time": 0.961,
  "Triggers": [],
  "Execution Time": 7436.776
}