[
  {
    "Plan": {
      "Node Type": "Aggregate",
      "Strategy": "Plain",
      "Partial Mode": "Finalize",
      "Parallel Aware": false,
      "Startup Cost": 353254.52,
      "Total Cost": 353254.53,
      "Plan Rows": 1,
      "Plan Width": 8,
      "Actual Startup Time": 849.806,
      "Actual Total Time": 909.388,
      "Actual Rows": 1,
      "Actual Loops": 1,
      "Plans": [
        {
          "Node Type": "Gather",
          "Parent Relationship": "Outer",
          "Parallel Aware": false,
          "Startup Cost": 353253.89,
          "Total Cost": 353254.5,
          "Plan Rows": 6,
          "Plan Width": 8,
          "Actual Startup Time": 849.676,
          "Actual Total Time": 909.379,
          "Actual Rows": 7,
          "Actual Loops": 1,
          "Workers Planned": 6,
          "Workers Launched": 6,
          "Single Copy": false,
          "Plans": [
            {
              "Node Type": "Aggregate",
              "Strategy": "Plain",
              "Partial Mode": "Partial",
              "Parent Relationship": "Outer",
              "Parallel Aware": false,
              "Startup Cost": 352253.89,
              "Total Cost": 352253.9,
              "Plan Rows": 1,
              "Plan Width": 8,
              "Actual Startup Time": 839.96,
              "Actual Total Time": 839.961,
              "Actual Rows": 1,
              "Actual Loops": 7,
              "Plans": [
                {
                  "Node Type": "Seq Scan",
                  "Parent Relationship": "Outer",
                  "Parallel Aware": true,
                  "Relation Name": "cast_info",
                  "Alias": "ci",
                  "Startup Cost": 0.0,
                  "Total Cost": 343257.03,
                  "Plan Rows": 3598746,
                  "Plan Width": 0,
                  "Actual Startup Time": 0.048,
                  "Actual Total Time": 694.817,
                  "Actual Rows": 3407156,
                  "Actual Loops": 7,
                  "Filter": "((person_id < 2563801) AND (role_id < 10))",
                  "Rows Removed by Filter": 1770607
                }
              ]
            }
          ]
        }
      ]
    },
    "Planning Time": 0.221,
    "Triggers": [],
    "Execution Time": 909.461
  }
]