[
  {
    "Plan": {
      "Node Type": "Aggregate",
      "Strategy": "Plain",
      "Partial Mode": "Finalize",
      "Parallel Aware": false,
      "Startup Cost": 306873.16,
      "Total Cost": 306873.17,
      "Plan Rows": 1,
      "Plan Width": 8,
      "Actual Startup Time": 193.925,
      "Actual Total Time": 207.677,
      "Actual Rows": 1,
      "Actual Loops": 1,
      "Plans": [
        {
          "Node Type": "Gather",
          "Parent Relationship": "Outer",
          "Parallel Aware": false,
          "Startup Cost": 306872.53,
          "Total Cost": 306873.14,
          "Plan Rows": 6,
          "Plan Width": 8,
          "Actual Startup Time": 193.586,
          "Actual Total Time": 207.66,
          "Actual Rows": 7,
          "Actual Loops": 1,
          "Workers Planned": 6,
          "Workers Launched": 6,
          "Single Copy": false,
          "Plans": [
            {
              "Node Type": "Aggregate",
              "Strategy": "Plain",
              "Partial Mode": "Partial",
              "Parent Relationship": "Outer",
              "Parallel Aware": false,
              "Startup Cost": 305872.53,
              "Total Cost": 305872.54,
              "Plan Rows": 1,
              "Plan Width": 8,
              "Actual Startup Time": 185.799,
              "Actual Total Time": 185.803,
              "Actual Rows": 1,
              "Actual Loops": 7,
              "Plans": [
                {
                  "Node Type": "Bitmap Heap Scan",
                  "Parent Relationship": "Outer",
                  "Parallel Aware": true,
                  "Relation Name": "cast_info",
                  "Alias": "ci",
                  "Startup Cost": 47775.54,
                  "Total Cost": 304970.87,
                  "Plan Rows": 360666,
                  "Plan Width": 0,
                  "Actual Startup Time": 80.602,
                  "Actual Total Time": 167.305,
                  "Actual Rows": 318387,
                  "Actual Loops": 7,
                  "Recheck Cond": "(person_id < 217291)",
                  "Rows Removed by Index Recheck": 0,
                  "Exact Heap Blocks": 5946,
                  "Lossy Heap Blocks": 0,
                  "Plans": [
                    {
                      "Node Type": "Bitmap Index Scan",
                      "Parent Relationship": "Outer",
                      "Parallel Aware": false,
                      "Index Name": "person_id_cast_info",
                      "Startup Cost": 0.0,
                      "Total Cost": 47234.54,
                      "Plan Rows": 2163997,
                      "Plan Width": 0,
                      "Actual Startup Time": 84.365,
                      "Actual Total Time": 84.366,
                      "Actual Rows": 2228710,
                      "Actual Loops": 1,
                      "Index Cond": "(person_id < 217291)"
                    }
                  ]
                }
              ]
            }
          ]
        }
      ]
    },
    "Planning Time": 0.085,
    "Triggers": [],
    "Execution Time": 207.714
  }
]