[
  {
    "Plan": {
      "Node Type": "Aggregate",
      "Strategy": "Plain",
      "Partial Mode": "Finalize",
      "Parallel Aware": false,
      "Startup Cost": 45872.0,
      "Total Cost": 45872.01,
      "Plan Rows": 1,
      "Plan Width": 8,
      "Actual Startup Time": 153.856,
      "Actual Total Time": 163.828,
      "Actual Rows": 1,
      "Actual Loops": 1,
      "Plans": [
        {
          "Node Type": "Gather",
          "Parent Relationship": "Outer",
          "Parallel Aware": false,
          "Startup Cost": 45871.69,
          "Total Cost": 45872.0,
          "Plan Rows": 3,
          "Plan Width": 8,
          "Actual Startup Time": 153.7,
          "Actual Total Time": 163.818,
          "Actual Rows": 4,
          "Actual Loops": 1,
          "Workers Planned": 3,
          "Workers Launched": 3,
          "Single Copy": false,
          "Plans": [
            {
              "Node Type": "Aggregate",
              "Strategy": "Plain",
              "Partial Mode": "Partial",
              "Parent Relationship": "Outer",
              "Parallel Aware": false,
              "Startup Cost": 44871.69,
              "Total Cost": 44871.7,
              "Plan Rows": 1,
              "Plan Width": 8,
              "Actual Startup Time": 146.247,
              "Actual Total Time": 146.248,
              "Actual Rows": 1,
              "Actual Loops": 4,
              "Plans": [
                {
                  "Node Type": "Seq Scan",
                  "Parent Relationship": "Outer",
                  "Parallel Aware": true,
                  "Relation Name": "movie_keyword",
                  "Alias": "mk",
                  "Startup Cost": 0.0,
                  "Total Cost": 42695.65,
                  "Plan Rows": 870413,
                  "Plan Width": 0,
                  "Actual Startup Time": 0.376,
                  "Actual Total Time": 115.609,
                  "Actual Rows": 674564,
                  "Actual Loops": 4,
                  "Filter": "(keyword_id > 2995)",
                  "Rows Removed by Filter": 456419
                }
              ]
            }
          ]
        }
      ]
    },
    "Planning Time": 0.13,
    "Triggers": [],
    "Execution Time": 163.871
  }
]