[
  {
    "Plan": {
      "Node Type": "Aggregate",
      "Strategy": "Plain",
      "Partial Mode": "Finalize",
      "Parallel Aware": false,
      "Startup Cost": 368499.06,
      "Total Cost": 368499.07,
      "Plan Rows": 1,
      "Plan Width": 8,
      "Actual Startup Time": 631.578,
      "Actual Total Time": 646.882,
      "Actual Rows": 1,
      "Actual Loops": 1,
      "Plans": [
        {
          "Node Type": "Gather",
          "Parent Relationship": "Outer",
          "Parallel Aware": false,
          "Startup Cost": 368498.43,
          "Total Cost": 368499.04,
          "Plan Rows": 6,
          "Plan Width": 8,
          "Actual Startup Time": 622.512,
          "Actual Total Time": 646.87,
          "Actual Rows": 7,
          "Actual Loops": 1,
          "Workers Planned": 6,
          "Workers Launched": 6,
          "Single Copy": false,
          "Plans": [
            {
              "Node Type": "Aggregate",
              "Strategy": "Plain",
              "Partial Mode": "Partial",
              "Parent Relationship": "Outer",
              "Parallel Aware": false,
              "Startup Cost": 367498.43,
              "Total Cost": 367498.44,
              "Plan Rows": 1,
              "Plan Width": 8,
              "Actual Startup Time": 599.692,
              "Actual Total Time": 599.695,
              "Actual Rows": 1,
              "Actual Loops": 7,
              "Plans": [
                {
                  "Node Type": "Hash Join",
                  "Parent Relationship": "Outer",
                  "Parallel Aware": true,
                  "Join Type": "Inner",
                  "Startup Cost": 106924.72,
                  "Total Cost": 366794.35,
                  "Plan Rows": 281632,
                  "Plan Width": 0,
                  "Actual Startup Time": 334.22,
                  "Actual Total Time": 583.533,
                  "Actual Rows": 353327,
                  "Actual Loops": 7,
                  "Inner Unique": true,
                  "Hash Cond": "(ci.movie_id = t.id)",
                  "Plans": [
                    {
                      "Node Type": "Bitmap Heap Scan",
                      "Parent Relationship": "Outer",
                      "Parallel Aware": true,
                      "Relation Name": "cast_info",
                      "Alias": "ci",
                      "Startup Cost": 56705.07,
                      "Total Cost": 315835.42,
                      "Plan Rows": 281632,
                      "Plan Width": 4,
                      "Actual Startup Time": 92.019,
                      "Actual Total Time": 181.907,
                      "Actual Rows": 353327,
                      "Actual Loops": 7,
                      "Recheck Cond": "(person_id > 3580409)",
                      "Rows Removed by Index Recheck": 0,
                      "Filter": "(role_id > 1)",
                      "Rows Removed by Filter": 0,
                      "Exact Heap Blocks": 5854,
                      "Lossy Heap Blocks": 0,
                      "Plans": [
                        {
                          "Node Type": "Bitmap Index Scan",
                          "Parent Relationship": "Outer",
                          "Parallel Aware": false,
                          "Index Name": "person_id_cast_info",
                          "Startup Cost": 0.0,
                          "Total Cost": 56282.62,
                          "Plan Rows": 2577341,
                          "Plan Width": 0,
                          "Actual Startup Time": 85.78,
                          "Actual Total Time": 85.781,
                          "Actual Rows": 2473287,
                          "Actual Loops": 1,
                          "Index Cond": "(person_id > 3580409)"
                        }
                      ]
                    },
                    {
                      "Node Type": "Hash",
                      "Parent Relationship": "Inner",
                      "Parallel Aware": true,
                      "Startup Cost": 42318.73,
                      "Total Cost": 42318.73,
                      "Plan Rows": 632073,
                      "Plan Width": 4,
                      "Actual Startup Time": 235.344,
                      "Actual Total Time": 235.345,
                      "Actual Rows": 361187,
                      "Actual Loops": 7,
                      "Hash Buckets": 4194304,
                      "Original Hash Buckets": 4194304,
                      "Hash Batches": 1,
                      "Original Hash Batches": 1,
                      "Peak Memory Usage": 131808,
                      "Plans": [
                        {
                          "Node Type": "Seq Scan",
                          "Parent Relationship": "Outer",
                          "Parallel Aware": true,
                          "Relation Name": "title",
                          "Alias": "t",
                          "Startup Cost": 0.0,
                          "Total Cost": 42318.73,
                          "Plan Rows": 632073,
                          "Plan Width": 4,
                          "Actual Startup Time": 0.037,
                          "Actual Total Time": 69.713,
                          "Actual Rows": 361187,
                          "Actual Loops": 7
                        }
                      ]
                    }
                  ]
                }
              ]
            }
          ]
        }
      ]
    },
    "Planning Time": 0.667,
    "Triggers": [],
    "Execution Time": 646.973
  }
]