[
  {
    "Plan": {
      "Node Type": "Aggregate",
      "Strategy": "Plain",
      "Partial Mode": "Finalize",
      "Parallel Aware": false,
      "Startup Cost": 76960.97,
      "Total Cost": 76960.98,
      "Plan Rows": 1,
      "Plan Width": 8,
      "Actual Startup Time": 234.86,
      "Actual Total Time": 251.343,
      "Actual Rows": 1,
      "Actual Loops": 1,
      "Plans": [
        {
          "Node Type": "Gather",
          "Parent Relationship": "Outer",
          "Parallel Aware": false,
          "Startup Cost": 76960.66,
          "Total Cost": 76960.97,
          "Plan Rows": 3,
          "Plan Width": 8,
          "Actual Startup Time": 234.603,
          "Actual Total Time": 251.33,
          "Actual Rows": 4,
          "Actual Loops": 1,
          "Workers Planned": 3,
          "Workers Launched": 3,
          "Single Copy": false,
          "Plans": [
            {
              "Node Type": "Aggregate",
              "Strategy": "Plain",
              "Partial Mode": "Partial",
              "Parent Relationship": "Outer",
              "Parallel Aware": false,
              "Startup Cost": 75960.66,
              "Total Cost": 75960.67,
              "Plan Rows": 1,
              "Plan Width": 8,
              "Actual Startup Time": 225.522,
              "Actual Total Time": 225.525,
              "Actual Rows": 1,
              "Actual Loops": 4,
              "Plans": [
                {
                  "Node Type": "Hash Join",
                  "Parent Relationship": "Outer",
                  "Parallel Aware": true,
                  "Join Type": "Inner",
                  "Startup Cost": 45552.74,
                  "Total Cost": 75951.0,
                  "Plan Rows": 3862,
                  "Plan Width": 0,
                  "Actual Startup Time": 113.985,
                  "Actual Total Time": 225.449,
                  "Actual Rows": 1012,
                  "Actual Loops": 4,
                  "Inner Unique": true,
                  "Hash Cond": "(mc.movie_id = t.id)",
                  "Plans": [
                    {
                      "Node Type": "Seq Scan",
                      "Parent Relationship": "Outer",
                      "Parallel Aware": true,
                      "Relation Name": "movie_companies",
                      "Alias": "mc",
                      "Startup Cost": 0.0,
                      "Total Cost": 29310.68,
                      "Plan Rows": 414318,
                      "Plan Width": 4,
                      "Actual Startup Time": 0.021,
                      "Actual Total Time": 78.773,
                      "Actual Rows": 318562,
                      "Actual Loops": 4,
                      "Filter": "(company_type_id < 2)",
                      "Rows Removed by Filter": 333721
                    },
                    {
                      "Node Type": "Hash",
                      "Parent Relationship": "Inner",
                      "Parallel Aware": true,
                      "Startup Cost": 45479.1,
                      "Total Cost": 45479.1,
                      "Plan Rows": 5891,
                      "Plan Width": 4,
                      "Actual Startup Time": 112.178,
                      "Actual Total Time": 112.179,
                      "Actual Rows": 6496,
                      "Actual Loops": 4,
                      "Hash Buckets": 32768,
                      "Original Hash Buckets": 32768,
                      "Hash Batches": 1,
                      "Original Hash Batches": 1,
                      "Peak Memory Usage": 1312,
                      "Plans": [
                        {
                          "Node Type": "Seq Scan",
                          "Parent Relationship": "Outer",
                          "Parallel Aware": true,
                          "Relation Name": "title",
                          "Alias": "t",
                          "Startup Cost": 0.0,
                          "Total Cost": 45479.1,
                          "Plan Rows": 5891,
                          "Plan Width": 4,
                          "Actual Startup Time": 0.098,
                          "Actual Total Time": 108.423,
                          "Actual Rows": 6496,
                          "Actual Loops": 4,
                          "Filter": "((kind_id = 7) AND (production_year = 1997))",
                          "Rows Removed by Filter": 625582
                        }
                      ]
                    }
                  ]
                }
              ]
            }
          ]
        }
      ]
    },
    "Planning Time": 0.664,
    "Triggers": [],
    "Execution Time": 251.425
  }
]