[
  {
    "Plan": {
      "Node Type": "Aggregate",
      "Strategy": "Plain",
      "Partial Mode": "Finalize",
      "Parallel Aware": false,
      "Startup Cost": 33086.42,
      "Total Cost": 33086.43,
      "Plan Rows": 1,
      "Plan Width": 8,
      "Actual Startup Time": 81.055,
      "Actual Total Time": 88.965,
      "Actual Rows": 1,
      "Actual Loops": 1,
      "Plans": [
        {
          "Node Type": "Gather",
          "Parent Relationship": "Outer",
          "Parallel Aware": false,
          "Startup Cost": 33086.1,
          "Total Cost": 33086.41,
          "Plan Rows": 3,
          "Plan Width": 8,
          "Actual Startup Time": 80.885,
          "Actual Total Time": 88.957,
          "Actual Rows": 4,
          "Actual Loops": 1,
          "Workers Planned": 3,
          "Workers Launched": 3,
          "Single Copy": false,
          "Plans": [
            {
              "Node Type": "Aggregate",
              "Strategy": "Plain",
              "Partial Mode": "Partial",
              "Parent Relationship": "Outer",
              "Parallel Aware": false,
              "Startup Cost": 32086.1,
              "Total Cost": 32086.11,
              "Plan Rows": 1,
              "Plan Width": 8,
              "Actual Startup Time": 77.4,
              "Actual Total Time": 77.401,
              "Actual Rows": 1,
              "Actual Loops": 4,
              "Plans": [
                {
                  "Node Type": "Seq Scan",
                  "Parent Relationship": "Outer",
                  "Parallel Aware": true,
                  "Relation Name": "movie_companies",
                  "Alias": "mc",
                  "Startup Cost": 0.0,
                  "Total Cost": 31414.82,
                  "Plan Rows": 268514,
                  "Plan Width": 0,
                  "Actual Startup Time": 37.493,
                  "Actual Total Time": 71.21,
                  "Actual Rows": 132192,
                  "Actual Loops": 4,
                  "Filter": "((company_id < 17690) AND (company_type_id = 2))",
                  "Rows Removed by Filter": 520090
                }
              ]
            }
          ]
        }
      ]
    },
    "Planning Time": 0.231,
    "Triggers": [],
    "Execution Time": 89.025
  }
]