[
  {
    "Plan": {
      "Node Type": "Aggregate",
      "Strategy": "Plain",
      "Partial Mode": "Finalize",
      "Parallel Aware": false,
      "Startup Cost": 40278.3,
      "Total Cost": 40278.31,
      "Plan Rows": 1,
      "Plan Width": 8,
      "Actual Startup Time": 20.871,
      "Actual Total Time": 24.397,
      "Actual Rows": 1,
      "Actual Loops": 1,
      "Plans": [
        {
          "Node Type": "Gather",
          "Parent Relationship": "Outer",
          "Parallel Aware": false,
          "Startup Cost": 40278.08,
          "Total Cost": 40278.29,
          "Plan Rows": 2,
          "Plan Width": 8,
          "Actual Startup Time": 20.245,
          "Actual Total Time": 24.387,
          "Actual Rows": 3,
          "Actual Loops": 1,
          "Workers Planned": 2,
          "Workers Launched": 2,
          "Single Copy": false,
          "Plans": [
            {
              "Node Type": "Aggregate",
              "Strategy": "Plain",
              "Partial Mode": "Partial",
              "Parent Relationship": "Outer",
              "Parallel Aware": false,
              "Startup Cost": 39278.08,
              "Total Cost": 39278.09,
              "Plan Rows": 1,
              "Plan Width": 8,
              "Actual Startup Time": 13.859,
              "Actual Total Time": 13.862,
              "Actual Rows": 1,
              "Actual Loops": 3,
              "Plans": [
                {
                  "Node Type": "Nested Loop",
                  "Parent Relationship": "Outer",
                  "Parallel Aware": false,
                  "Join Type": "Inner",
                  "Startup Cost": 254.19,
                  "Total Cost": 39276.77,
                  "Plan Rows": 527,
                  "Plan Width": 0,
                  "Actual Startup Time": 11.113,
                  "Actual Total Time": 13.852,
                  "Actual Rows": 12,
                  "Actual Loops": 3,
                  "Inner Unique": false,
                  "Plans": [
                    {
                      "Node Type": "Nested Loop",
                      "Parent Relationship": "Outer",
                      "Parallel Aware": false,
                      "Join Type": "Inner",
                      "Startup Cost": 253.75,
                      "Total Cost": 35288.15,
                      "Plan Rows": 2482,
                      "Plan Width": 8,
                      "Actual Startup Time": 10.665,
                      "Actual Total Time": 11.427,
                      "Actual Rows": 36,
                      "Actual Loops": 3,
                      "Inner Unique": true,
                      "Plans": [
                        {
                          "Node Type": "Bitmap Heap Scan",
                          "Parent Relationship": "Outer",
                          "Parallel Aware": true,
                          "Relation Name": "movie_companies",
                          "Alias": "mc",
                          "Startup Cost": 253.32,
                          "Total Cost": 17546.89,
                          "Plan Rows": 2482,
                          "Plan Width": 4,
                          "Actual Startup Time": 10.525,
                          "Actual Total Time": 10.704,
                          "Actual Rows": 36,
                          "Actual Loops": 3,
                          "Recheck Cond": "(company_id = 34)",
                          "Rows Removed by Index Recheck": 0,
                          "Filter": "(company_type_id > 1)",
                          "Rows Removed by Filter": 4262,
                          "Exact Heap Blocks": 3399,
                          "Lossy Heap Blocks": 0,
                          "Plans": [
                            {
                              "Node Type": "Bitmap Index Scan",
                              "Parent Relationship": "Outer",
                              "Parallel Aware": false,
                              "Index Name": "company_id_movie_companies",
                              "Startup Cost": 0.0,
                              "Total Cost": 251.84,
                              "Plan Rows": 11654,
                              "Plan Width": 0,
                              "Actual Startup Time": 3.301,
                              "Actual Total Time": 3.302,
                              "Actual Rows": 12894,
                              "Actual Loops": 1,
                              "Index Cond": "(company_id = 34)"
                            }
                          ]
                        },
                        {
                          "Node Type": "Index Only Scan",
                          "Parent Relationship": "Inner",
                          "Parallel Aware": false,
                          "Scan Direction": "Forward",
                          "Index Name": "title_pkey",
                          "Relation Name": "title",
                          "Alias": "t",
                          "Startup Cost": 0.43,
                          "Total Cost": 7.15,
                          "Plan Rows": 1,
                          "Plan Width": 4,
                          "Actual Startup Time": 0.019,
                          "Actual Total Time": 0.019,
                          "Actual Rows": 1,
                          "Actual Loops": 107,
                          "Index Cond": "(id = mc.movie_id)",
                          "Rows Removed by Index Recheck": 0,
                          "Heap Fetches": 107
                        }
                      ]
                    },
                    {
                      "Node Type": "Index Scan",
                      "Parent Relationship": "Inner",
                      "Parallel Aware": false,
                      "Scan Direction": "Forward",
                      "Index Name": "movie_id_movie_info",
                      "Relation Name": "movie_info",
                      "Alias": "mi",
                      "Startup Cost": 0.43,
                      "Total Cost": 1.6,
                      "Plan Rows": 1,
                      "Plan Width": 4,
                      "Actual Startup Time": 0.059,
                      "Actual Total Time": 0.067,
                      "Actual Rows": 0,
                      "Actual Loops": 107,
                      "Index Cond": "(movie_id = t.id)",
                      "Rows Removed by Index Recheck": 0,
                      "Filter": "(info_type_id > 98)",
                      "Rows Removed by Filter": 11
                    }
                  ]
                }
              ]
            }
          ]
        }
      ]
    },
    "Planning Time": 0.837,
    "Triggers": [],
    "Execution Time": 24.46
  }
]