[
  {
    "Plan": {
      "Node Type": "Aggregate",
      "Strategy": "Plain",
      "Partial Mode": "Finalize",
      "Parallel Aware": false,
      "Startup Cost": 698709.8,
      "Total Cost": 698709.81,
      "Plan Rows": 1,
      "Plan Width": 8,
      "Actual Startup Time": 10654.541,
      "Actual Total Time": 10767.316,
      "Actual Rows": 1,
      "Actual Loops": 1,
      "Plans": [
        {
          "Node Type": "Gather",
          "Parent Relationship": "Outer",
          "Parallel Aware": false,
          "Startup Cost": 698709.17,
          "Total Cost": 698709.78,
          "Plan Rows": 6,
          "Plan Width": 8,
          "Actual Startup Time": 10606.308,
          "Actual Total Time": 10767.302,
          "Actual Rows": 7,
          "Actual Loops": 1,
          "Workers Planned": 6,
          "Workers Launched": 6,
          "Single Copy": false,
          "Plans": [
            {
              "Node Type": "Aggregate",
              "Strategy": "Plain",
              "Partial Mode": "Partial",
              "Parent Relationship": "Outer",
              "Parallel Aware": false,
              "Startup Cost": 697709.17,
              "Total Cost": 697709.18,
              "Plan Rows": 1,
              "Plan Width": 8,
              "Actual Startup Time": 10572.324,
              "Actual Total Time": 10572.333,
              "Actual Rows": 1,
              "Actual Loops": 7,
              "Plans": [
                {
                  "Node Type": "Hash Join",
                  "Parent Relationship": "Outer",
                  "Parallel Aware": true,
                  "Join Type": "Inner",
                  "Startup Cost": 273114.02,
                  "Total Cost": 652554.23,
                  "Plan Rows": 18061976,
                  "Plan Width": 0,
                  "Actual Startup Time": 1552.061,
                  "Actual Total Time": 8851.096,
                  "Actual Rows": 39467095,
                  "Actual Loops": 7,
                  "Inner Unique": false,
                  "Hash Cond": "(ci.movie_id = t.id)",
                  "Plans": [
                    {
                      "Node Type": "Seq Scan",
                      "Parent Relationship": "Outer",
                      "Parallel Aware": true,
                      "Relation Name": "cast_info",
                      "Alias": "ci",
                      "Startup Cost": 0.0,
                      "Total Cost": 313106.51,
                      "Plan Rows": 6041951,
                      "Plan Width": 4,
                      "Actual Startup Time": 0.054,
                      "Actual Total Time": 579.105,
                      "Actual Rows": 5177763,
                      "Actual Loops": 7
                    },
                    {
                      "Node Type": "Hash",
                      "Parent Relationship": "Inner",
                      "Parallel Aware": true,
                      "Startup Cost": 254217.68,
                      "Total Cost": 254217.68,
                      "Plan Rows": 1511707,
                      "Plan Width": 8,
                      "Actual Startup Time": 1542.454,
                      "Actual Total Time": 1542.46,
                      "Actual Rows": 939102,
                      "Actual Loops": 7,
                      "Hash Buckets": 8388608,
                      "Original Hash Buckets": 8388608,
                      "Hash Batches": 1,
                      "Original Hash Batches": 1,
                      "Peak Memory Usage": 322816,
                      "Plans": [
                        {
                          "Node Type": "Hash Join",
                          "Parent Relationship": "Outer",
                          "Parallel Aware": true,
                          "Join Type": "Inner",
                          "Startup Cost": 49254.65,
                          "Total Cost": 254217.68,
                          "Plan Rows": 1511707,
                          "Plan Width": 8,
                          "Actual Startup Time": 212.625,
                          "Actual Total Time": 1101.666,
                          "Actual Rows": 939102,
                          "Actual Loops": 7,
                          "Inner Unique": true,
                          "Hash Cond": "(mi.movie_id = t.id)",
                          "Plans": [
                            {
                              "Node Type": "Seq Scan",
                              "Parent Relationship": "Outer",
                              "Parallel Aware": true,
                              "Relation Name": "movie_info",
                              "Alias": "mi",
                              "Startup Cost": 0.0,
                              "Total Cost": 199108.24,
                              "Plan Rows": 2230394,
                              "Plan Width": 4,
                              "Actual Startup Time": 0.047,
                              "Actual Total Time": 372.42,
                              "Actual Rows": 1601535,
                              "Actual Loops": 7,
                              "Filter": "(info_type_id > 3)",
                              "Rows Removed by Filter": 517854
                            },
                            {
                              "Node Type": "Hash",
                              "Parent Relationship": "Inner",
                              "Parallel Aware": true,
                              "Startup Cost": 43899.32,
                              "Total Cost": 43899.32,
                              "Plan Rows": 428426,
                              "Plan Width": 4,
                              "Actual Startup Time": 210.294,
                              "Actual Total Time": 210.296,
                              "Actual Rows": 242902,
                              "Actual Loops": 7,
                              "Hash Buckets": 2097152,
                              "Original Hash Buckets": 2097152,
                              "Hash Batches": 1,
                              "Original Hash Batches": 1,
                              "Peak Memory Usage": 83040,
                              "Plans": [
                                {
                                  "Node Type": "Seq Scan",
                                  "Parent Relationship": "Outer",
                                  "Parallel Aware": true,
                                  "Relation Name": "title",
                                  "Alias": "t",
                                  "Startup Cost": 0.0,
                                  "Total Cost": 43899.32,
                                  "Plan Rows": 428426,
                                  "Plan Width": 4,
                                  "Actual Startup Time": 0.059,
                                  "Actual Total Time": 87.722,
                                  "Actual Rows": 242902,
                                  "Actual Loops": 7,
                                  "Filter": "(production_year > 1992)",
                                  "Rows Removed by Filter": 118285
                                }
                              ]
                            }
                          ]
                        }
                      ]
                    }
                  ]
                }
              ]
            }
          ]
        }
      ]
    },
    "Planning Time": 0.596,
    "Triggers": [],
    "Execution Time": 10767.374
  }
]