[
  {
    "Plan": {
      "Node Type": "Aggregate",
      "Strategy": "Plain",
      "Partial Mode": "Finalize",
      "Parallel Aware": false,
      "Startup Cost": 304481.76,
      "Total Cost": 304481.77,
      "Plan Rows": 1,
      "Plan Width": 8,
      "Actual Startup Time": 1384.186,
      "Actual Total Time": 1421.998,
      "Actual Rows": 1,
      "Actual Loops": 1,
      "Plans": [
        {
          "Node Type": "Gather",
          "Parent Relationship": "Outer",
          "Parallel Aware": false,
          "Startup Cost": 304481.44,
          "Total Cost": 304481.75,
          "Plan Rows": 3,
          "Plan Width": 8,
          "Actual Startup Time": 1371.118,
          "Actual Total Time": 1421.99,
          "Actual Rows": 4,
          "Actual Loops": 1,
          "Workers Planned": 3,
          "Workers Launched": 3,
          "Single Copy": false,
          "Plans": [
            {
              "Node Type": "Aggregate",
              "Strategy": "Plain",
              "Partial Mode": "Partial",
              "Parent Relationship": "Outer",
              "Parallel Aware": false,
              "Startup Cost": 303481.44,
              "Total Cost": 303481.45,
              "Plan Rows": 1,
              "Plan Width": 8,
              "Actual Startup Time": 1361.119,
              "Actual Total Time": 1361.627,
              "Actual Rows": 1,
              "Actual Loops": 4,
              "Plans": [
                {
                  "Node Type": "Hash Join",
                  "Parent Relationship": "Outer",
                  "Parallel Aware": true,
                  "Join Type": "Inner",
                  "Startup Cost": 253695.28,
                  "Total Cost": 301655.87,
                  "Plan Rows": 730230,
                  "Plan Width": 0,
                  "Actual Startup Time": 1096.551,
                  "Actual Total Time": 1347.035,
                  "Actual Rows": 253046,
                  "Actual Loops": 4,
                  "Inner Unique": false,
                  "Hash Cond": "(mk.movie_id = t.id)",
                  "Plans": [
                    {
                      "Node Type": "Seq Scan",
                      "Parent Relationship": "Outer",
                      "Parallel Aware": true,
                      "Relation Name": "movie_keyword",
                      "Alias": "mk",
                      "Startup Cost": 0.0,
                      "Total Cost": 42695.65,
                      "Plan Rows": 1014528,
                      "Plan Width": 4,
                      "Actual Startup Time": 0.106,
                      "Actual Total Time": 133.614,
                      "Actual Rows": 786807,
                      "Actual Loops": 4,
                      "Filter": "(keyword_id > 1825)",
                      "Rows Removed by Filter": 344175
                    },
                    {
                      "Node Type": "Hash",
                      "Parent Relationship": "Inner",
                      "Parallel Aware": true,
                      "Startup Cost": 249145.74,
                      "Total Cost": 249145.74,
                      "Plan Rows": 363963,
                      "Plan Width": 8,
                      "Actual Startup Time": 1089.215,
                      "Actual Total Time": 1089.722,
                      "Actual Rows": 410451,
                      "Actual Loops": 4,
                      "Hash Buckets": 2097152,
                      "Original Hash Buckets": 2097152,
                      "Hash Batches": 1,
                      "Original Hash Batches": 1,
                      "Peak Memory Usage": 80672,
                      "Plans": [
                        {
                          "Node Type": "Hash Join",
                          "Parent Relationship": "Outer",
                          "Parallel Aware": true,
                          "Join Type": "Inner",
                          "Startup Cost": 48689.12,
                          "Total Cost": 249145.74,
                          "Plan Rows": 363963,
                          "Plan Width": 8,
                          "Actual Startup Time": 360.295,
                          "Actual Total Time": 934.544,
                          "Actual Rows": 410451,
                          "Actual Loops": 4,
                          "Inner Unique": true,
                          "Hash Cond": "(mi.movie_id = t.id)",
                          "Plans": [
                            {
                              "Node Type": "Seq Scan",
                              "Parent Relationship": "Outer",
                              "Parallel Aware": true,
                              "Relation Name": "movie_info",
                              "Alias": "mi",
                              "Startup Cost": 0.0,
                              "Total Cost": 198880.74,
                              "Plan Rows": 600336,
                              "Plan Width": 4,
                              "Actual Startup Time": 100.399,
                              "Actual Total Time": 431.471,
                              "Actual Rows": 759180,
                              "Actual Loops": 4,
                              "Filter": "(info_type_id = 16)",
                              "Rows Removed by Filter": 2949750
                            },
                            {
                              "Node Type": "Hash",
                              "Parent Relationship": "Inner",
                              "Parallel Aware": true,
                              "Startup Cost": 43899.01,
                              "Total Cost": 43899.01,
                              "Plan Rows": 383209,
                              "Plan Width": 4,
                              "Actual Startup Time": 256.323,
                              "Actual Total Time": 256.325,
                              "Actual Rows": 385816,
                              "Actual Loops": 4,
                              "Hash Buckets": 2097152,
                              "Original Hash Buckets": 2097152,
                              "Hash Batches": 1,
                              "Original Hash Batches": 1,
                              "Peak Memory Usage": 76800,
                              "Plans": [
                                {
                                  "Node Type": "Seq Scan",
                                  "Parent Relationship": "Outer",
                                  "Parallel Aware": true,
                                  "Relation Name": "title",
                                  "Alias": "t",
                                  "Startup Cost": 0.0,
                                  "Total Cost": 43899.01,
                                  "Plan Rows": 383209,
                                  "Plan Width": 4,
                                  "Actual Startup Time": 0.04,
                                  "Actual Total Time": 112.443,
                                  "Actual Rows": 385816,
                                  "Actual Loops": 4,
                                  "Filter": "(kind_id = 7)",
                                  "Rows Removed by Filter": 246262
                                }
                              ]
                            }
                          ]
                        }
                      ]
                    }
                  ]
                }
              ]
            }
          ]
        }
      ]
    },
    "Planning Time": 1.117,
    "Triggers": [],
    "Execution Time": 1422.065
  }
]