[
  {
    "Plan": {
      "Node Type": "Aggregate",
      "Strategy": "Plain",
      "Partial Mode": "Finalize",
      "Parallel Aware": false,
      "Startup Cost": 102806.4,
      "Total Cost": 102806.41,
      "Plan Rows": 1,
      "Plan Width": 8,
      "Actual Startup Time": 370.493,
      "Actual Total Time": 420.73,
      "Actual Rows": 1,
      "Actual Loops": 1,
      "Plans": [
        {
          "Node Type": "Gather",
          "Parent Relationship": "Outer",
          "Parallel Aware": false,
          "Startup Cost": 102806.08,
          "Total Cost": 102806.39,
          "Plan Rows": 3,
          "Plan Width": 8,
          "Actual Startup Time": 367.919,
          "Actual Total Time": 420.718,
          "Actual Rows": 4,
          "Actual Loops": 1,
          "Workers Planned": 3,
          "Workers Launched": 3,
          "Single Copy": false,
          "Plans": [
            {
              "Node Type": "Aggregate",
              "Strategy": "Plain",
              "Partial Mode": "Partial",
              "Parent Relationship": "Outer",
              "Parallel Aware": false,
              "Startup Cost": 101806.08,
              "Total Cost": 101806.09,
              "Plan Rows": 1,
              "Plan Width": 8,
              "Actual Startup Time": 362.34,
              "Actual Total Time": 362.345,
              "Actual Rows": 1,
              "Actual Loops": 4,
              "Plans": [
                {
                  "Node Type": "Nested Loop",
                  "Parent Relationship": "Outer",
                  "Parallel Aware": false,
                  "Join Type": "Inner",
                  "Startup Cost": 51571.71,
                  "Total Cost": 101769.03,
                  "Plan Rows": 14822,
                  "Plan Width": 0,
                  "Actual Startup Time": 196.41,
                  "Actual Total Time": 361.489,
                  "Actual Rows": 7553,
                  "Actual Loops": 4,
                  "Inner Unique": false,
                  "Plans": [
                    {
                      "Node Type": "Hash Join",
                      "Parent Relationship": "Outer",
                      "Parallel Aware": true,
                      "Join Type": "Inner",
                      "Startup Cost": 51571.14,
                      "Total Cost": 71602.6,
                      "Plan Rows": 4986,
                      "Plan Width": 8,
                      "Actual Startup Time": 196.262,
                      "Actual Total Time": 214.298,
                      "Actual Rows": 2720,
                      "Actual Loops": 4,
                      "Inner Unique": true,
                      "Hash Cond": "(mc.movie_id = t.id)",
                      "Plans": [
                        {
                          "Node Type": "Bitmap Heap Scan",
                          "Parent Relationship": "Outer",
                          "Parallel Aware": true,
                          "Relation Name": "movie_companies",
                          "Alias": "mc",
                          "Startup Cost": 5076.81,
                          "Total Cost": 25006.35,
                          "Plan Rows": 38825,
                          "Plan Width": 4,
                          "Actual Startup Time": 45.737,
                          "Actual Total Time": 54.806,
                          "Actual Rows": 13268,
                          "Actual Loops": 4,
                          "Recheck Cond": "(company_id < 92)",
                          "Rows Removed by Index Recheck": 0,
                          "Filter": "(company_type_id = 2)",
                          "Rows Removed by Filter": 44134,
                          "Exact Heap Blocks": 8087,
                          "Lossy Heap Blocks": 0,
                          "Plans": [
                            {
                              "Node Type": "Bitmap Index Scan",
                              "Parent Relationship": "Outer",
                              "Parallel Aware": false,
                              "Index Name": "company_id_movie_companies",
                              "Startup Cost": 0.0,
                              "Total Cost": 5046.72,
                              "Plan Rows": 235505,
                              "Plan Width": 0,
                              "Actual Startup Time": 17.55,
                              "Actual Total Time": 17.551,
                              "Actual Rows": 229604,
                              "Actual Loops": 1,
                              "Index Cond": "(company_id < 92)"
                            }
                          ]
                        },
                        {
                          "Node Type": "Hash",
                          "Parent Relationship": "Inner",
                          "Parallel Aware": true,
                          "Startup Cost": 45479.59,
                          "Total Cost": 45479.59,
                          "Plan Rows": 81180,
                          "Plan Width": 4,
                          "Actual Startup Time": 148.807,
                          "Actual Total Time": 148.809,
                          "Actual Rows": 111298,
                          "Actual Loops": 4,
                          "Hash Buckets": 524288,
                          "Original Hash Buckets": 524288,
                          "Hash Batches": 1,
                          "Original Hash Batches": 1,
                          "Peak Memory Usage": 21600,
                          "Plans": [
                            {
                              "Node Type": "Seq Scan",
                              "Parent Relationship": "Outer",
                              "Parallel Aware": true,
                              "Relation Name": "title",
                              "Alias": "t",
                              "Startup Cost": 0.0,
                              "Total Cost": 45479.59,
                              "Plan Rows": 81180,
                              "Plan Width": 4,
                              "Actual Startup Time": 0.067,
                              "Actual Total Time": 111.634,
                              "Actual Rows": 111298,
                              "Actual Loops": 4,
                              "Filter": "((kind_id < 7) AND (production_year < 1996))",
                              "Rows Removed by Filter": 520780
                            }
                          ]
                        }
                      ]
                    },
                    {
                      "Node Type": "Index Scan",
                      "Parent Relationship": "Inner",
                      "Parallel Aware": false,
                      "Scan Direction": "Forward",
                      "Index Name": "movie_id_cast_info",
                      "Relation Name": "cast_info",
                      "Alias": "ci",
                      "Startup Cost": 0.56,
                      "Total Cost": 5.98,
                      "Plan Rows": 7,
                      "Plan Width": 4,
                      "Actual Startup Time": 0.033,
                      "Actual Total Time": 0.053,
                      "Actual Rows": 3,
                      "Actual Loops": 10880,
                      "Index Cond": "(movie_id = t.id)",
                      "Rows Removed by Index Recheck": 0,
                      "Filter": "(role_id = 2)",
                      "Rows Removed by Filter": 11
                    }
                  ]
                }
              ]
            }
          ]
        }
      ]
    },
    "Planning Time": 0.58,
    "Triggers": [],
    "Execution Time": 420.815
  }
]