[
  {
    "Plan": {
      "Node Type": "Aggregate",
      "Strategy": "Plain",
      "Partial Mode": "Finalize",
      "Parallel Aware": false,
      "Startup Cost": 94849.26,
      "Total Cost": 94849.27,
      "Plan Rows": 1,
      "Plan Width": 8,
      "Actual Startup Time": 575.316,
      "Actual Total Time": 593.543,
      "Actual Rows": 1,
      "Actual Loops": 1,
      "Plans": [
        {
          "Node Type": "Gather",
          "Parent Relationship": "Outer",
          "Parallel Aware": false,
          "Startup Cost": 94849.05,
          "Total Cost": 94849.26,
          "Plan Rows": 2,
          "Plan Width": 8,
          "Actual Startup Time": 570.733,
          "Actual Total Time": 593.532,
          "Actual Rows": 3,
          "Actual Loops": 1,
          "Workers Planned": 2,
          "Workers Launched": 2,
          "Single Copy": false,
          "Plans": [
            {
              "Node Type": "Aggregate",
              "Strategy": "Plain",
              "Partial Mode": "Partial",
              "Parent Relationship": "Outer",
              "Parallel Aware": false,
              "Startup Cost": 93849.05,
              "Total Cost": 93849.06,
              "Plan Rows": 1,
              "Plan Width": 8,
              "Actual Startup Time": 562.923,
              "Actual Total Time": 563.26,
              "Actual Rows": 1,
              "Actual Loops": 3,
              "Plans": [
                {
                  "Node Type": "Hash Join",
                  "Parent Relationship": "Outer",
                  "Parallel Aware": true,
                  "Join Type": "Inner",
                  "Startup Cost": 77853.25,
                  "Total Cost": 93772.45,
                  "Plan Rows": 30640,
                  "Plan Width": 0,
                  "Actual Startup Time": 471.467,
                  "Actual Total Time": 559.958,
                  "Actual Rows": 64898,
                  "Actual Loops": 3,
                  "Inner Unique": false,
                  "Hash Cond": "(mi_idx.movie_id = t.id)",
                  "Plans": [
                    {
                      "Node Type": "Seq Scan",
                      "Parent Relationship": "Outer",
                      "Parallel Aware": true,
                      "Relation Name": "movie_info_idx",
                      "Alias": "mi_idx",
                      "Startup Cost": 0.0,
                      "Total Cost": 15122.68,
                      "Plan Rows": 191978,
                      "Plan Width": 4,
                      "Actual Startup Time": 0.036,
                      "Actual Total Time": 41.178,
                      "Actual Rows": 153308,
                      "Actual Loops": 3,
                      "Filter": "(info_type_id = 101)",
                      "Rows Removed by Filter": 306703
                    },
                    {
                      "Node Type": "Hash",
                      "Parent Relationship": "Inner",
                      "Parallel Aware": true,
                      "Startup Cost": 76592.27,
                      "Total Cost": 76592.27,
                      "Plan Rows": 100878,
                      "Plan Width": 8,
                      "Actual Startup Time": 467.628,
                      "Actual Total Time": 467.964,
                      "Actual Rows": 133804,
                      "Actual Loops": 3,
                      "Hash Buckets": 524288,
                      "Original Hash Buckets": 524288,
                      "Hash Batches": 1,
                      "Original Hash Batches": 1,
                      "Peak Memory Usage": 19872,
                      "Plans": [
                        {
                          "Node Type": "Hash Join",
                          "Parent Relationship": "Outer",
                          "Parallel Aware": true,
                          "Join Type": "Inner",
                          "Startup Cost": 30787.76,
                          "Total Cost": 76592.27,
                          "Plan Rows": 100878,
                          "Plan Width": 8,
                          "Actual Startup Time": 129.011,
                          "Actual Total Time": 425.607,
                          "Actual Rows": 133804,
                          "Actual Loops": 3,
                          "Inner Unique": false,
                          "Hash Cond": "(t.id = mc.movie_id)",
                          "Plans": [
                            {
                              "Node Type": "Seq Scan",
                              "Parent Relationship": "Outer",
                              "Parallel Aware": true,
                              "Relation Name": "title",
                              "Alias": "t",
                              "Startup Cost": 0.0,
                              "Total Cost": 42318.73,
                              "Plan Rows": 632073,
                              "Plan Width": 4,
                              "Actual Startup Time": 0.01,
                              "Actual Total Time": 100.95,
                              "Actual Rows": 842771,
                              "Actual Loops": 3
                            },
                            {
                              "Node Type": "Hash",
                              "Parent Relationship": "Inner",
                              "Parallel Aware": true,
                              "Startup Cost": 29160.7,
                              "Total Cost": 29160.7,
                              "Plan Rows": 130165,
                              "Plan Width": 4,
                              "Actual Startup Time": 126.615,
                              "Actual Total Time": 126.617,
                              "Actual Rows": 133804,
                              "Actual Loops": 3,
                              "Hash Buckets": 524288,
                              "Original Hash Buckets": 524288,
                              "Hash Batches": 1,
                              "Original Hash Batches": 1,
                              "Peak Memory Usage": 19872,
                              "Plans": [
                                {
                                  "Node Type": "Bitmap Heap Scan",
                                  "Parent Relationship": "Outer",
                                  "Parallel Aware": true,
                                  "Relation Name": "movie_companies",
                                  "Alias": "mc",
                                  "Startup Cost": 8743.64,
                                  "Total Cost": 29160.7,
                                  "Plan Rows": 130165,
                                  "Plan Width": 4,
                                  "Actual Startup Time": 27.776,
                                  "Actual Total Time": 82.907,
                                  "Actual Rows": 133804,
                                  "Actual Loops": 3,
                                  "Recheck Cond": "(company_id < 253)",
                                  "Rows Removed by Index Recheck": 0,
                                  "Exact Heap Blocks": 9454,
                                  "Lossy Heap Blocks": 0,
                                  "Plans": [
                                    {
                                      "Node Type": "Bitmap Index Scan",
                                      "Parent Relationship": "Outer",
                                      "Parallel Aware": false,
                                      "Index Name": "company_id_movie_companies",
                                      "Startup Cost": 0.0,
                                      "Total Cost": 8642.76,
                                      "Plan Rows": 403511,
                                      "Plan Width": 0,
                                      "Actual Startup Time": 24.691,
                                      "Actual Total Time": 24.692,
                                      "Actual Rows": 401412,
                                      "Actual Loops": 1,
                                      "Index Cond": "(company_id < 253)"
                                    }
                                  ]
                                }
                              ]
                            }
                          ]
                        }
                      ]
                    }
                  ]
                }
              ]
            }
          ]
        }
      ]
    },
    "Planning Time": 1.358,
    "Triggers": [],
    "Execution Time": 593.656
  }
]