{
  "Plan": {
    "Node Type": "Aggregate",
    "Strategy": "Plain",
    "Partial Mode": "Finalize",
    "Parallel Aware": false,
    "Startup Cost": 101786.78,
    "Total Cost": 101786.79,
    "Plan Rows": 1,
    "Plan Width": 8,
    "Actual Startup Time": 455.677,
    "Actual Total Time": 479.766,
    "Actual Rows": 1,
    "Actual Loops": 1,
    "Plans": [
      {
        "Node Type": "Gather",
        "Parent Relationship": "Outer",
        "Parallel Aware": false,
        "Startup Cost": 101786.66,
        "Total Cost": 101786.77,
        "Plan Rows": 1,
        "Plan Width": 8,
        "Actual Startup Time": 453.292,
        "Actual Total Time": 479.757,
        "Actual Rows": 2,
        "Actual Loops": 1,
        "Workers Planned": 1,
        "Workers Launched": 1,
        "Single Copy": false,
        "Plans": [
          {
            "Node Type": "Aggregate",
            "Strategy": "Plain",
            "Partial Mode": "Partial",
            "Parent Relationship": "Outer",
            "Parallel Aware": false,
            "Startup Cost": 100786.66,
            "Total Cost": 100786.67,
            "Plan Rows": 1,
            "Plan Width": 8,
            "Actual Startup Time": 447.193,
            "Actual Total Time": 447.197,
            "Actual Rows": 1,
            "Actual Loops": 2,
            "Plans": [
              {
                "Node Type": "Nested Loop",
                "Parent Relationship": "Outer",
                "Parallel Aware": false,
                "Join Type": "Inner",
                "Startup Cost": 65824.03,
                "Total Cost": 100760.26,
                "Plan Rows": 10563,
                "Plan Width": 0,
                "Actual Startup Time": 276.207,
                "Actual Total Time": 440.973,
                "Actual Rows": 126445,
                "Actual Loops": 2,
                "Inner Unique": false,
                "Plans": [
                  {
                    "Node Type": "Hash Join",
                    "Parent Relationship": "Outer",
                    "Parallel Aware": true,
                    "Join Type": "Inner",
                    "Startup Cost": 65823.6,
                    "Total Cost": 90931.4,
                    "Plan Rows": 13847,
                    "Plan Width": 8,
                    "Actual Startup Time": 276.134,
                    "Actual Total Time": 326.099,
                    "Actual Rows": 28630,
                    "Actual Loops": 2,
                    "Inner Unique": true,
                    "Hash Cond": "(mk.movie_id = t.id)",
                    "Plans": [
                      {
                        "Node Type": "Bitmap Heap Scan",
                        "Parent Relationship": "Outer",
                        "Parallel Aware": true,
                        "Relation Name": "movie_keyword",
                        "Alias": "mk",
                        "Startup Cost": 1561.94,
                        "Total Cost": 26556.27,
                        "Plan Rows": 43226,
                        "Plan Width": 4,
                        "Actual Startup Time": 10.796,
                        "Actual Total Time": 41.616,
                        "Actual Rows": 37504,
                        "Actual Loops": 2,
                        "Recheck Cond": "(keyword_id < 70)",
                        "Rows Removed by Index Recheck": 0,
                        "Exact Heap Blocks": 11469,
                        "Lossy Heap Blocks": 0,
                        "Plans": [
                          {
                            "Node Type": "Bitmap Index Scan",
                            "Parent Relationship": "Outer",
                            "Parallel Aware": false,
                            "Index Name": "keyword_id_movie_keyword",
                            "Startup Cost": 0.0,
                            "Total Cost": 1543.57,
                            "Plan Rows": 73485,
                            "Plan Width": 0,
                            "Actual Startup Time": 7.954,
                            "Actual Total Time": 7.955,
                            "Actual Rows": 75008,
                            "Actual Loops": 1,
                            "Index Cond": "(keyword_id < 70)"
                          }
                        ]
                      },
                      {
                        "Node Type": "Hash",
                        "Parent Relationship": "Inner",
                        "Parallel Aware": true,
                        "Startup Cost": 58306.47,
                        "Total Cost": 58306.47,
                        "Plan Rows": 476415,
                        "Plan Width": 4,
                        "Actual Startup Time": 256.319,
                        "Actual Total Time": 256.32,
                        "Actual Rows": 421509,
                        "Actual Loops": 2,
                        "Hash Buckets": 1048576,
                        "Original Hash Buckets": 1048576,
                        "Hash Batches": 1,
                        "Original Hash Batches": 1,
                        "Peak Memory Usage": 41184,
                        "Plans": [
                          {
                            "Node Type": "Seq Scan",
                            "Parent Relationship": "Outer",
                            "Parallel Aware": true,
                            "Relation Name": "title",
                            "Alias": "t",
                            "Startup Cost": 0.0,
                            "Total Cost": 58306.47,
                            "Plan Rows": 476415,
                            "Plan Width": 4,
                            "Actual Startup Time": 0.039,
                            "Actual Total Time": 159.127,
                            "Actual Rows": 421509,
                            "Actual Loops": 2,
                            "Filter": "((kind_id < 7) AND (production_year < 2011))",
                            "Rows Removed by Filter": 842647
                          }
                        ]
                      }
                    ]
                  },
                  {
                    "Node Type": "Index Scan",
                    "Parent Relationship": "Inner",
                    "Parallel Aware": false,
                    "Scan Direction": "Forward",
                    "Index Name": "movie_id_movie_companies",
                    "Relation Name": "movie_companies",
                    "Alias": "mc",
                    "Startup Cost": 0.43,
                    "Total Cost": 0.67,
                    "Plan Rows": 4,
                    "Plan Width": 4,
                    "Actual Startup Time": 0.002,
                    "Actual Total Time": 0.003,
                    "Actual Rows": 4,
                    "Actual Loops": 57260,
                    "Index Cond": "(movie_id = t.id)",
                    "Rows Removed by Index Recheck": 0,
                    "Filter": "(company_id > 1102)",
                    "Rows Removed by Filter": 1
                  }
                ]
              }
            ]
          }
        ]
      }
    ]
  },
  "Planning Time": 1.187,
  "Triggers": [],
  "Execution Time": 479.873
}