[
  {
    "Plan": {
      "Node Type": "Aggregate",
      "Strategy": "Plain",
      "Partial Mode": "Finalize",
      "Parallel Aware": false,
      "Startup Cost": 45988.14,
      "Total Cost": 45988.15,
      "Plan Rows": 1,
      "Plan Width": 8,
      "Actual Startup Time": 166.945,
      "Actual Total Time": 176.912,
      "Actual Rows": 1,
      "Actual Loops": 1,
      "Plans": [
        {
          "Node Type": "Gather",
          "Parent Relationship": "Outer",
          "Parallel Aware": false,
          "Startup Cost": 45987.82,
          "Total Cost": 45988.13,
          "Plan Rows": 3,
          "Plan Width": 8,
          "Actual Startup Time": 166.792,
          "Actual Total Time": 176.902,
          "Actual Rows": 4,
          "Actual Loops": 1,
          "Workers Planned": 3,
          "Workers Launched": 3,
          "Single Copy": false,
          "Plans": [
            {
              "Node Type": "Aggregate",
              "Strategy": "Plain",
              "Partial Mode": "Partial",
              "Parent Relationship": "Outer",
              "Parallel Aware": false,
              "Startup Cost": 44987.82,
              "Total Cost": 44987.83,
              "Plan Rows": 1,
              "Plan Width": 8,
              "Actual Startup Time": 161.524,
              "Actual Total Time": 161.526,
              "Actual Rows": 1,
              "Actual Loops": 4,
              "Plans": [
                {
                  "Node Type": "Seq Scan",
                  "Parent Relationship": "Outer",
                  "Parallel Aware": true,
                  "Relation Name": "movie_keyword",
                  "Alias": "mk",
                  "Startup Cost": 0.0,
                  "Total Cost": 42695.65,
                  "Plan Rows": 916866,
                  "Plan Width": 0,
                  "Actual Startup Time": 0.047,
                  "Actual Total Time": 126.708,
                  "Actual Rows": 708908,
                  "Actual Loops": 4,
                  "Filter": "(keyword_id < 8582)",
                  "Rows Removed by Filter": 422075
                }
              ]
            }
          ]
        }
      ]
    },
    "Planning Time": 0.18,
    "Triggers": [],
    "Execution Time": 176.974
  }
]