{
  "Plan": {
    "Node Type": "Aggregate",
    "Strategy": "Plain",
    "Partial Mode": "Finalize",
    "Parallel Aware": false,
    "Startup Cost": 263389.93,
    "Total Cost": 263389.94,
    "Plan Rows": 1,
    "Plan Width": 8,
    "Actual Startup Time": 375.962,
    "Actual Total Time": 391.966,
    "Actual Rows": 1,
    "Actual Loops": 1,
    "Plans": [
      {
        "Node Type": "Gather",
        "Parent Relationship": "Outer",
        "Parallel Aware": false,
        "Startup Cost": 263389.82,
        "Total Cost": 263389.93,
        "Plan Rows": 1,
        "Plan Width": 8,
        "Actual Startup Time": 375.635,
        "Actual Total Time": 391.959,
        "Actual Rows": 2,
        "Actual Loops": 1,
        "Workers Planned": 1,
        "Workers Launched": 1,
        "Single Copy": false,
        "Plans": [
          {
            "Node Type": "Aggregate",
            "Strategy": "Plain",
            "Partial Mode": "Partial",
            "Parent Relationship": "Outer",
            "Parallel Aware": false,
            "Startup Cost": 262389.82,
            "Total Cost": 262389.83,
            "Plan Rows": 1,
            "Plan Width": 8,
            "Actual Startup Time": 369.231,
            "Actual Total Time": 369.235,
            "Actual Rows": 1,
            "Actual Loops": 2,
            "Plans": [
              {
                "Node Type": "Nested Loop",
                "Parent Relationship": "Outer",
                "Parallel Aware": false,
                "Join Type": "Inner",
                "Startup Cost": 81558.78,
                "Total Cost": 262374.89,
                "Plan Rows": 5972,
                "Plan Width": 0,
                "Actual Startup Time": 224.566,
                "Actual Total Time": 369.097,
                "Actual Rows": 1792,
                "Actual Loops": 2,
                "Inner Unique": false,
                "Join Filter": "(t.id = mk.movie_id)",
                "Rows Removed by Join Filter": 0,
                "Plans": [
                  {
                    "Node Type": "Hash Join",
                    "Parent Relationship": "Outer",
                    "Parallel Aware": true,
                    "Join Type": "Inner",
                    "Startup Cost": 81558.34,
                    "Total Cost": 254924.4,
                    "Plan Rows": 3748,
                    "Plan Width": 8,
                    "Actual Startup Time": 223.464,
                    "Actual Total Time": 362.884,
                    "Actual Rows": 2093,
                    "Actual Loops": 2,
                    "Inner Unique": true,
                    "Hash Cond": "(mi.movie_id = t.id)",
                    "Plans": [
                      {
                        "Node Type": "Bitmap Heap Scan",
                        "Parent Relationship": "Outer",
                        "Parallel Aware": true,
                        "Relation Name": "movie_info",
                        "Alias": "mi",
                        "Startup Cost": 23159.21,
                        "Total Cost": 194551.43,
                        "Plan Rows": 751938,
                        "Plan Width": 4,
                        "Actual Startup Time": 64.974,
                        "Actual Total Time": 135.455,
                        "Actual Rows": 649494,
                        "Actual Loops": 2,
                        "Recheck Cond": "(info_type_id = 4)",
                        "Rows Removed by Index Recheck": 0,
                        "Exact Heap Blocks": 5631,
                        "Lossy Heap Blocks": 0,
                        "Plans": [
                          {
                            "Node Type": "Bitmap Index Scan",
                            "Parent Relationship": "Outer",
                            "Parallel Aware": false,
                            "Index Name": "info_type_id_movie_info",
                            "Startup Cost": 0.0,
                            "Total Cost": 22839.64,
                            "Plan Rows": 1278294,
                            "Plan Width": 0,
                            "Actual Startup Time": 63.627,
                            "Actual Total Time": 63.627,
                            "Actual Rows": 1298989,
                            "Actual Loops": 1,
                            "Index Cond": "(info_type_id = 4)"
                          }
                        ]
                      },
                      {
                        "Node Type": "Hash",
                        "Parent Relationship": "Inner",
                        "Parallel Aware": true,
                        "Startup Cost": 58306.47,
                        "Total Cost": 58306.47,
                        "Plan Rows": 7413,
                        "Plan Width": 4,
                        "Actual Startup Time": 156.364,
                        "Actual Total Time": 156.365,
                        "Actual Rows": 6322,
                        "Actual Loops": 2,
                        "Hash Buckets": 16384,
                        "Original Hash Buckets": 16384,
                        "Hash Batches": 1,
                        "Original Hash Batches": 1,
                        "Peak Memory Usage": 640,
                        "Plans": [
                          {
                            "Node Type": "Seq Scan",
                            "Parent Relationship": "Outer",
                            "Parallel Aware": true,
                            "Relation Name": "title",
                            "Alias": "t",
                            "Startup Cost": 0.0,
                            "Total Cost": 58306.47,
                            "Plan Rows": 7413,
                            "Plan Width": 4,
                            "Actual Startup Time": 0.099,
                            "Actual Total Time": 153.71,
                            "Actual Rows": 6322,
                            "Actual Loops": 2,
                            "Filter": "((kind_id = 7) AND (production_year = 1989))",
                            "Rows Removed by Filter": 1257834
                          }
                        ]
                      }
                    ]
                  },
                  {
                    "Node Type": "Index Scan",
                    "Parent Relationship": "Inner",
                    "Parallel Aware": false,
                    "Scan Direction": "Forward",
                    "Index Name": "movie_id_movie_keyword",
                    "Relation Name": "movie_keyword",
                    "Alias": "mk",
                    "Startup Cost": 0.43,
                    "Total Cost": 1.48,
                    "Plan Rows": 41,
                    "Plan Width": 4,
                    "Actual Startup Time": 0.002,
                    "Actual Total Time": 0.003,
                    "Actual Rows": 1,
                    "Actual Loops": 4186,
                    "Index Cond": "(movie_id = mi.movie_id)",
                    "Rows Removed by Index Recheck": 0,
                    "Filter": "(keyword_id > 365)",
                    "Rows Removed by Filter": 0
                  }
                ]
              }
            ]
          }
        ]
      }
    ]
  },
  "Planning Time": 1.002,
  "Triggers": [],
  "Execution Time": 392.07
}