[
  {
    "Plan": {
      "Node Type": "Aggregate",
      "Strategy": "Plain",
      "Partial Mode": "Finalize",
      "Parallel Aware": false,
      "Startup Cost": 30731.96,
      "Total Cost": 30731.97,
      "Plan Rows": 1,
      "Plan Width": 8,
      "Actual Startup Time": 80.648,
      "Actual Total Time": 88.789,
      "Actual Rows": 1,
      "Actual Loops": 1,
      "Plans": [
        {
          "Node Type": "Gather",
          "Parent Relationship": "Outer",
          "Parallel Aware": false,
          "Startup Cost": 30731.64,
          "Total Cost": 30731.95,
          "Plan Rows": 3,
          "Plan Width": 8,
          "Actual Startup Time": 80.533,
          "Actual Total Time": 88.779,
          "Actual Rows": 4,
          "Actual Loops": 1,
          "Workers Planned": 3,
          "Workers Launched": 3,
          "Single Copy": false,
          "Plans": [
            {
              "Node Type": "Aggregate",
              "Strategy": "Plain",
              "Partial Mode": "Partial",
              "Parent Relationship": "Outer",
              "Parallel Aware": false,
              "Startup Cost": 29731.64,
              "Total Cost": 29731.65,
              "Plan Rows": 1,
              "Plan Width": 8,
              "Actual Startup Time": 75.464,
              "Actual Total Time": 75.466,
              "Actual Rows": 1,
              "Actual Loops": 4,
              "Plans": [
                {
                  "Node Type": "Seq Scan",
                  "Parent Relationship": "Outer",
                  "Parallel Aware": true,
                  "Relation Name": "movie_companies",
                  "Alias": "mc",
                  "Startup Cost": 0.0,
                  "Total Cost": 29310.68,
                  "Plan Rows": 168385,
                  "Plan Width": 0,
                  "Actual Startup Time": 0.025,
                  "Actual Total Time": 68.776,
                  "Actual Rows": 129182,
                  "Actual Loops": 4,
                  "Filter": "(company_id < 475)",
                  "Rows Removed by Filter": 523100
                }
              ]
            }
          ]
        }
      ]
    },
    "Planning Time": 0.091,
    "Triggers": [],
    "Execution Time": 88.819
  }
]