[
  {
    "Plan": {
      "Node Type": "Aggregate",
      "Strategy": "Plain",
      "Partial Mode": "Finalize",
      "Parallel Aware": false,
      "Startup Cost": 47408.0,
      "Total Cost": 47408.01,
      "Plan Rows": 1,
      "Plan Width": 8,
      "Actual Startup Time": 112.19,
      "Actual Total Time": 122.555,
      "Actual Rows": 1,
      "Actual Loops": 1,
      "Plans": [
        {
          "Node Type": "Gather",
          "Parent Relationship": "Outer",
          "Parallel Aware": false,
          "Startup Cost": 47407.58,
          "Total Cost": 47407.99,
          "Plan Rows": 4,
          "Plan Width": 8,
          "Actual Startup Time": 112.052,
          "Actual Total Time": 122.548,
          "Actual Rows": 5,
          "Actual Loops": 1,
          "Workers Planned": 4,
          "Workers Launched": 4,
          "Single Copy": false,
          "Plans": [
            {
              "Node Type": "Aggregate",
              "Strategy": "Plain",
              "Partial Mode": "Partial",
              "Parent Relationship": "Outer",
              "Parallel Aware": false,
              "Startup Cost": 46407.58,
              "Total Cost": 46407.59,
              "Plan Rows": 1,
              "Plan Width": 8,
              "Actual Startup Time": 103.139,
              "Actual Total Time": 103.14,
              "Actual Rows": 1,
              "Actual Loops": 5,
              "Plans": [
                {
                  "Node Type": "Seq Scan",
                  "Parent Relationship": "Outer",
                  "Parallel Aware": true,
                  "Relation Name": "title",
                  "Alias": "t",
                  "Startup Cost": 0.0,
                  "Total Cost": 45479.1,
                  "Plan Rows": 371392,
                  "Plan Width": 0,
                  "Actual Startup Time": 0.035,
                  "Actual Total Time": 86.21,
                  "Actual Rows": 315028,
                  "Actual Loops": 5,
                  "Filter": "((kind_id > 3) AND (production_year > 1957))",
                  "Rows Removed by Filter": 190635
                }
              ]
            }
          ]
        }
      ]
    },
    "Planning Time": 0.165,
    "Triggers": [],
    "Execution Time": 122.621
  }
]