[
  {
    "Plan": {
      "Node Type": "Aggregate",
      "Strategy": "Plain",
      "Partial Mode": "Finalize",
      "Parallel Aware": false,
      "Startup Cost": 33268.55,
      "Total Cost": 33268.56,
      "Plan Rows": 1,
      "Plan Width": 8,
      "Actual Startup Time": 107.316,
      "Actual Total Time": 116.074,
      "Actual Rows": 1,
      "Actual Loops": 1,
      "Plans": [
        {
          "Node Type": "Gather",
          "Parent Relationship": "Outer",
          "Parallel Aware": false,
          "Startup Cost": 33268.23,
          "Total Cost": 33268.54,
          "Plan Rows": 3,
          "Plan Width": 8,
          "Actual Startup Time": 107.162,
          "Actual Total Time": 116.066,
          "Actual Rows": 4,
          "Actual Loops": 1,
          "Workers Planned": 3,
          "Workers Launched": 3,
          "Single Copy": false,
          "Plans": [
            {
              "Node Type": "Aggregate",
              "Strategy": "Plain",
              "Partial Mode": "Partial",
              "Parent Relationship": "Outer",
              "Parallel Aware": false,
              "Startup Cost": 32268.23,
              "Total Cost": 32268.24,
              "Plan Rows": 1,
              "Plan Width": 8,
              "Actual Startup Time": 102.854,
              "Actual Total Time": 102.855,
              "Actual Rows": 1,
              "Actual Loops": 4,
              "Plans": [
                {
                  "Node Type": "Seq Scan",
                  "Parent Relationship": "Outer",
                  "Parallel Aware": true,
                  "Relation Name": "movie_companies",
                  "Alias": "mc",
                  "Startup Cost": 0.0,
                  "Total Cost": 31414.82,
                  "Plan Rows": 341365,
                  "Plan Width": 0,
                  "Actual Startup Time": 47.461,
                  "Actual Total Time": 91.522,
                  "Actual Rows": 199492,
                  "Actual Loops": 4,
                  "Filter": "((company_id < 72343) AND (company_type_id > 1))",
                  "Rows Removed by Filter": 452790
                }
              ]
            }
          ]
        }
      ]
    },
    "Planning Time": 0.224,
    "Triggers": [],
    "Execution Time": 116.129
  }
]