{
  "Plan": {
    "Node Type": "Aggregate",
    "Strategy": "Plain",
    "Partial Mode": "Finalize",
    "Parallel Aware": false,
    "Startup Cost": 261807.98,
    "Total Cost": 261807.99,
    "Plan Rows": 1,
    "Plan Width": 8,
    "Actual Startup Time": 1988.153,
    "Actual Total Time": 2032.208,
    "Actual Rows": 1,
    "Actual Loops": 1,
    "Plans": [
      {
        "Node Type": "Gather",
        "Parent Relationship": "Outer",
        "Parallel Aware": false,
        "Startup Cost": 261807.87,
        "Total Cost": 261807.98,
        "Plan Rows": 1,
        "Plan Width": 8,
        "Actual Startup Time": 1982.25,
        "Actual Total Time": 2032.198,
        "Actual Rows": 2,
        "Actual Loops": 1,
        "Workers Planned": 1,
        "Workers Launched": 1,
        "Single Copy": false,
        "Plans": [
          {
            "Node Type": "Aggregate",
            "Strategy": "Plain",
            "Partial Mode": "Partial",
            "Parent Relationship": "Outer",
            "Parallel Aware": false,
            "Startup Cost": 260807.87,
            "Total Cost": 260807.88,
            "Plan Rows": 1,
            "Plan Width": 8,
            "Actual Startup Time": 1972.325,
            "Actual Total Time": 1972.33,
            "Actual Rows": 1,
            "Actual Loops": 2,
            "Plans": [
              {
                "Node Type": "Nested Loop",
                "Parent Relationship": "Outer",
                "Parallel Aware": false,
                "Join Type": "Inner",
                "Startup Cost": 72901.17,
                "Total Cost": 260526.82,
                "Plan Rows": 112417,
                "Plan Width": 0,
                "Actual Startup Time": 595.403,
                "Actual Total Time": 1935.57,
                "Actual Rows": 831100,
                "Actual Loops": 2,
                "Inner Unique": false,
                "Plans": [
                  {
                    "Node Type": "Hash Join",
                    "Parent Relationship": "Outer",
                    "Parallel Aware": true,
                    "Join Type": "Inner",
                    "Startup Cost": 72900.73,
                    "Total Cost": 98796.17,
                    "Plan Rows": 95302,
                    "Plan Width": 8,
                    "Actual Startup Time": 595.294,
                    "Actual Total Time": 676.481,
                    "Actual Rows": 77644,
                    "Actual Loops": 2,
                    "Inner Unique": true,
                    "Hash Cond": "(mk.movie_id = t.id)",
                    "Plans": [
                      {
                        "Node Type": "Bitmap Heap Scan",
                        "Parent Relationship": "Outer",
                        "Parallel Aware": true,
                        "Relation Name": "movie_keyword",
                        "Alias": "mk",
                        "Startup Cost": 3440.03,
                        "Total Cost": 29085.31,
                        "Plan Rows": 95302,
                        "Plan Width": 4,
                        "Actual Startup Time": 12.647,
                        "Actual Total Time": 57.289,
                        "Actual Rows": 77644,
                        "Actual Loops": 2,
                        "Recheck Cond": "(keyword_id > 73287)",
                        "Rows Removed by Index Recheck": 0,
                        "Exact Heap Blocks": 10077,
                        "Lossy Heap Blocks": 0,
                        "Plans": [
                          {
                            "Node Type": "Bitmap Index Scan",
                            "Parent Relationship": "Outer",
                            "Parallel Aware": false,
                            "Index Name": "keyword_id_movie_keyword",
                            "Startup Cost": 0.0,
                            "Total Cost": 3399.53,
                            "Plan Rows": 162013,
                            "Plan Width": 0,
                            "Actual Startup Time": 9.834,
                            "Actual Total Time": 9.834,
                            "Actual Rows": 155289,
                            "Actual Loops": 1,
                            "Index Cond": "(keyword_id > 73287)"
                          }
                        ]
                      },
                      {
                        "Node Type": "Hash",
                        "Parent Relationship": "Inner",
                        "Parallel Aware": true,
                        "Startup Cost": 50870.31,
                        "Total Cost": 50870.31,
                        "Plan Rows": 1487231,
                        "Plan Width": 4,
                        "Actual Startup Time": 563.465,
                        "Actual Total Time": 563.466,
                        "Actual Rows": 1264156,
                        "Actual Loops": 2,
                        "Hash Buckets": 4194304,
                        "Original Hash Buckets": 4194304,
                        "Hash Batches": 1,
                        "Original Hash Batches": 1,
                        "Peak Memory Usage": 131712,
                        "Plans": [
                          {
                            "Node Type": "Seq Scan",
                            "Parent Relationship": "Outer",
                            "Parallel Aware": true,
                            "Relation Name": "title",
                            "Alias": "t",
                            "Startup Cost": 0.0,
                            "Total Cost": 50870.31,
                            "Plan Rows": 1487231,
                            "Plan Width": 4,
                            "Actual Startup Time": 0.026,
                            "Actual Total Time": 158.281,
                            "Actual Rows": 1264156,
                            "Actual Loops": 2
                          }
                        ]
                      }
                    ]
                  },
                  {
                    "Node Type": "Index Scan",
                    "Parent Relationship": "Inner",
                    "Parallel Aware": false,
                    "Scan Direction": "Forward",
                    "Index Name": "movie_id_movie_info",
                    "Relation Name": "movie_info",
                    "Alias": "mi",
                    "Startup Cost": 0.43,
                    "Total Cost": 1.62,
                    "Plan Rows": 8,
                    "Plan Width": 4,
                    "Actual Startup Time": 0.006,
                    "Actual Total Time": 0.015,
                    "Actual Rows": 11,
                    "Actual Loops": 155289,
                    "Index Cond": "(movie_id = t.id)",
                    "Rows Removed by Index Recheck": 0,
                    "Filter": "(info_type_id = 16)",
                    "Rows Removed by Filter": 55
                  }
                ]
              }
            ]
          }
        ]
      }
    ]
  },
  "Planning Time": 0.812,
  "Triggers": [],
  "Execution Time": 2032.305
}