[
  {
    "Plan": {
      "Node Type": "Aggregate",
      "Strategy": "Plain",
      "Partial Mode": "Finalize",
      "Parallel Aware": false,
      "Startup Cost": 64663.36,
      "Total Cost": 64663.37,
      "Plan Rows": 1,
      "Plan Width": 8,
      "Actual Startup Time": 102.165,
      "Actual Total Time": 115.553,
      "Actual Rows": 1,
      "Actual Loops": 1,
      "Plans": [
        {
          "Node Type": "Gather",
          "Parent Relationship": "Outer",
          "Parallel Aware": false,
          "Startup Cost": 64662.94,
          "Total Cost": 64663.35,
          "Plan Rows": 4,
          "Plan Width": 8,
          "Actual Startup Time": 101.849,
          "Actual Total Time": 115.545,
          "Actual Rows": 5,
          "Actual Loops": 1,
          "Workers Planned": 4,
          "Workers Launched": 4,
          "Single Copy": false,
          "Plans": [
            {
              "Node Type": "Aggregate",
              "Strategy": "Plain",
              "Partial Mode": "Partial",
              "Parent Relationship": "Outer",
              "Parallel Aware": false,
              "Startup Cost": 63662.94,
              "Total Cost": 63662.95,
              "Plan Rows": 1,
              "Plan Width": 8,
              "Actual Startup Time": 92.699,
              "Actual Total Time": 92.7,
              "Actual Rows": 1,
              "Actual Loops": 5,
              "Plans": [
                {
                  "Node Type": "Nested Loop",
                  "Parent Relationship": "Outer",
                  "Parallel Aware": false,
                  "Join Type": "Inner",
                  "Startup Cost": 0.43,
                  "Total Cost": 63653.25,
                  "Plan Rows": 3873,
                  "Plan Width": 0,
                  "Actual Startup Time": 2.481,
                  "Actual Total Time": 92.629,
                  "Actual Rows": 759,
                  "Actual Loops": 5,
                  "Inner Unique": false,
                  "Plans": [
                    {
                      "Node Type": "Seq Scan",
                      "Parent Relationship": "Outer",
                      "Parallel Aware": true,
                      "Relation Name": "title",
                      "Alias": "t",
                      "Startup Cost": 0.0,
                      "Total Cost": 45479.1,
                      "Plan Rows": 2164,
                      "Plan Width": 4,
                      "Actual Startup Time": 0.113,
                      "Actual Total Time": 83.755,
                      "Actual Rows": 1561,
                      "Actual Loops": 5,
                      "Filter": "((kind_id = 7) AND (production_year = 1981))",
                      "Rows Removed by Filter": 504101
                    },
                    {
                      "Node Type": "Index Only Scan",
                      "Parent Relationship": "Inner",
                      "Parallel Aware": false,
                      "Scan Direction": "Forward",
                      "Index Name": "movie_id_movie_keyword",
                      "Relation Name": "movie_keyword",
                      "Alias": "mk",
                      "Startup Cost": 0.43,
                      "Total Cost": 7.95,
                      "Plan Rows": 45,
                      "Plan Width": 4,
                      "Actual Startup Time": 0.005,
                      "Actual Total Time": 0.005,
                      "Actual Rows": 0,
                      "Actual Loops": 7806,
                      "Index Cond": "(movie_id = t.id)",
                      "Rows Removed by Index Recheck": 0,
                      "Heap Fetches": 3795
                    }
                  ]
                }
              ]
            }
          ]
        }
      ]
    },
    "Planning Time": 0.615,
    "Triggers": [],
    "Execution Time": 115.635
  }
]