{
  "Plan": {
    "Node Type": "Aggregate",
    "Strategy": "Plain",
    "Partial Mode": "Finalize",
    "Parallel Aware": false,
    "Startup Cost": 124938.05,
    "Total Cost": 124938.06,
    "Plan Rows": 1,
    "Plan Width": 8,
    "Actual Startup Time": 657.85,
    "Actual Total Time": 679.961,
    "Actual Rows": 1,
    "Actual Loops": 1,
    "Plans": [
      {
        "Node Type": "Gather",
        "Parent Relationship": "Outer",
        "Parallel Aware": false,
        "Startup Cost": 124937.94,
        "Total Cost": 124938.05,
        "Plan Rows": 1,
        "Plan Width": 8,
        "Actual Startup Time": 657.012,
        "Actual Total Time": 679.951,
        "Actual Rows": 2,
        "Actual Loops": 1,
        "Workers Planned": 1,
        "Workers Launched": 1,
        "Single Copy": false,
        "Plans": [
          {
            "Node Type": "Aggregate",
            "Strategy": "Plain",
            "Partial Mode": "Partial",
            "Parent Relationship": "Outer",
            "Parallel Aware": false,
            "Startup Cost": 123937.94,
            "Total Cost": 123937.95,
            "Plan Rows": 1,
            "Plan Width": 8,
            "Actual Startup Time": 651.405,
            "Actual Total Time": 651.409,
            "Actual Rows": 1,
            "Actual Loops": 2,
            "Plans": [
              {
                "Node Type": "Hash Join",
                "Parent Relationship": "Outer",
                "Parallel Aware": true,
                "Join Type": "Inner",
                "Startup Cost": 60222.08,
                "Total Cost": 123401.95,
                "Plan Rows": 214395,
                "Plan Width": 0,
                "Actual Startup Time": 202.725,
                "Actual Total Time": 640.152,
                "Actual Rows": 201634,
                "Actual Loops": 2,
                "Inner Unique": true,
                "Hash Cond": "(mk.movie_id = t.id)",
                "Plans": [
                  {
                    "Node Type": "Seq Scan",
                    "Parent Relationship": "Outer",
                    "Parallel Aware": true,
                    "Relation Name": "movie_keyword",
                    "Alias": "mk",
                    "Startup Cost": 0.0,
                    "Total Cost": 57718.19,
                    "Plan Rows": 2080635,
                    "Plan Width": 4,
                    "Actual Startup Time": 0.101,
                    "Actual Total Time": 259.181,
                    "Actual Rows": 1766210,
                    "Actual Loops": 2,
                    "Filter": "(keyword_id > 930)",
                    "Rows Removed by Filter": 495755
                  },
                  {
                    "Node Type": "Hash",
                    "Parent Relationship": "Inner",
                    "Parallel Aware": true,
                    "Startup Cost": 58306.47,
                    "Total Cost": 58306.47,
                    "Plan Rows": 153249,
                    "Plan Width": 4,
                    "Actual Startup Time": 198.89,
                    "Actual Total Time": 198.891,
                    "Actual Rows": 113924,
                    "Actual Loops": 2,
                    "Hash Buckets": 262144,
                    "Original Hash Buckets": 262144,
                    "Hash Batches": 1,
                    "Original Hash Batches": 1,
                    "Peak Memory Usage": 11008,
                    "Plans": [
                      {
                        "Node Type": "Seq Scan",
                        "Parent Relationship": "Outer",
                        "Parallel Aware": true,
                        "Relation Name": "title",
                        "Alias": "t",
                        "Startup Cost": 0.0,
                        "Total Cost": 58306.47,
                        "Plan Rows": 153249,
                        "Plan Width": 4,
                        "Actual Startup Time": 0.115,
                        "Actual Total Time": 169.898,
                        "Actual Rows": 113924,
                        "Actual Loops": 2,
                        "Filter": "((kind_id < 7) AND (production_year > 2008))",
                        "Rows Removed by Filter": 1150232
                      }
                    ]
                  }
                ]
              }
            ]
          }
        ]
      }
    ]
  },
  "Planning Time": 0.475,
  "Triggers": [],
  "Execution Time": 680.043
}