[
  {
    "Plan": {
      "Node Type": "Aggregate",
      "Strategy": "Plain",
      "Partial Mode": "Finalize",
      "Parallel Aware": false,
      "Startup Cost": 46776.93,
      "Total Cost": 46776.94,
      "Plan Rows": 1,
      "Plan Width": 8,
      "Actual Startup Time": 209.434,
      "Actual Total Time": 217.351,
      "Actual Rows": 1,
      "Actual Loops": 1,
      "Plans": [
        {
          "Node Type": "Gather",
          "Parent Relationship": "Outer",
          "Parallel Aware": false,
          "Startup Cost": 46776.62,
          "Total Cost": 46776.93,
          "Plan Rows": 3,
          "Plan Width": 8,
          "Actual Startup Time": 209.349,
          "Actual Total Time": 217.343,
          "Actual Rows": 4,
          "Actual Loops": 1,
          "Workers Planned": 3,
          "Workers Launched": 3,
          "Single Copy": false,
          "Plans": [
            {
              "Node Type": "Aggregate",
              "Strategy": "Plain",
              "Partial Mode": "Partial",
              "Parent Relationship": "Outer",
              "Parallel Aware": false,
              "Startup Cost": 45776.62,
              "Total Cost": 45776.63,
              "Plan Rows": 1,
              "Plan Width": 8,
              "Actual Startup Time": 202.142,
              "Actual Total Time": 202.143,
              "Actual Rows": 1,
              "Actual Loops": 4,
              "Plans": [
                {
                  "Node Type": "Seq Scan",
                  "Parent Relationship": "Outer",
                  "Parallel Aware": true,
                  "Relation Name": "movie_keyword",
                  "Alias": "mk",
                  "Startup Cost": 0.0,
                  "Total Cost": 42695.65,
                  "Plan Rows": 1232385,
                  "Plan Width": 0,
                  "Actual Startup Time": 0.114,
                  "Actual Total Time": 148.171,
                  "Actual Rows": 953239,
                  "Actual Loops": 4,
                  "Filter": "(keyword_id > 611)",
                  "Rows Removed by Filter": 177744
                }
              ]
            }
          ]
        }
      ]
    },
    "Planning Time": 0.243,
    "Triggers": [],
    "Execution Time": 217.419
  }
]