[
  {
    "Plan": {
      "Node Type": "Aggregate",
      "Strategy": "Plain",
      "Partial Mode": "Finalize",
      "Parallel Aware": false,
      "Startup Cost": 44516.18,
      "Total Cost": 44516.19,
      "Plan Rows": 1,
      "Plan Width": 8,
      "Actual Startup Time": 122.243,
      "Actual Total Time": 132.792,
      "Actual Rows": 1,
      "Actual Loops": 1,
      "Plans": [
        {
          "Node Type": "Gather",
          "Parent Relationship": "Outer",
          "Parallel Aware": false,
          "Startup Cost": 44515.87,
          "Total Cost": 44516.18,
          "Plan Rows": 3,
          "Plan Width": 8,
          "Actual Startup Time": 122.081,
          "Actual Total Time": 132.782,
          "Actual Rows": 4,
          "Actual Loops": 1,
          "Workers Planned": 3,
          "Workers Launched": 3,
          "Single Copy": false,
          "Plans": [
            {
              "Node Type": "Aggregate",
              "Strategy": "Plain",
              "Partial Mode": "Partial",
              "Parent Relationship": "Outer",
              "Parallel Aware": false,
              "Startup Cost": 43515.87,
              "Total Cost": 43515.88,
              "Plan Rows": 1,
              "Plan Width": 8,
              "Actual Startup Time": 116.664,
              "Actual Total Time": 116.665,
              "Actual Rows": 1,
              "Actual Loops": 4,
              "Plans": [
                {
                  "Node Type": "Seq Scan",
                  "Parent Relationship": "Outer",
                  "Parallel Aware": true,
                  "Relation Name": "movie_keyword",
                  "Alias": "mk",
                  "Startup Cost": 0.0,
                  "Total Cost": 42695.65,
                  "Plan Rows": 328085,
                  "Plan Width": 0,
                  "Actual Startup Time": 2.029,
                  "Actual Total Time": 103.724,
                  "Actual Rows": 254079,
                  "Actual Loops": 4,
                  "Filter": "(keyword_id > 17759)",
                  "Rows Removed by Filter": 876904
                }
              ]
            }
          ]
        }
      ]
    },
    "Planning Time": 0.185,
    "Triggers": [],
    "Execution Time": 132.847
  }
]