[
  {
    "Plan": {
      "Node Type": "Aggregate",
      "Strategy": "Plain",
      "Partial Mode": "Finalize",
      "Parallel Aware": false,
      "Startup Cost": 44520.03,
      "Total Cost": 44520.04,
      "Plan Rows": 1,
      "Plan Width": 8,
      "Actual Startup Time": 123.578,
      "Actual Total Time": 133.254,
      "Actual Rows": 1,
      "Actual Loops": 1,
      "Plans": [
        {
          "Node Type": "Gather",
          "Parent Relationship": "Outer",
          "Parallel Aware": false,
          "Startup Cost": 44519.71,
          "Total Cost": 44520.02,
          "Plan Rows": 3,
          "Plan Width": 8,
          "Actual Startup Time": 123.454,
          "Actual Total Time": 133.245,
          "Actual Rows": 4,
          "Actual Loops": 1,
          "Workers Planned": 3,
          "Workers Launched": 3,
          "Single Copy": false,
          "Plans": [
            {
              "Node Type": "Aggregate",
              "Strategy": "Plain",
              "Partial Mode": "Partial",
              "Parent Relationship": "Outer",
              "Parallel Aware": false,
              "Startup Cost": 43519.71,
              "Total Cost": 43519.72,
              "Plan Rows": 1,
              "Plan Width": 8,
              "Actual Startup Time": 116.416,
              "Actual Total Time": 116.418,
              "Actual Rows": 1,
              "Actual Loops": 4,
              "Plans": [
                {
                  "Node Type": "Seq Scan",
                  "Parent Relationship": "Outer",
                  "Parallel Aware": true,
                  "Relation Name": "movie_keyword",
                  "Alias": "mk",
                  "Startup Cost": 0.0,
                  "Total Cost": 42695.65,
                  "Plan Rows": 329623,
                  "Plan Width": 0,
                  "Actual Startup Time": 3.682,
                  "Actual Total Time": 103.983,
                  "Actual Rows": 254079,
                  "Actual Loops": 4,
                  "Filter": "(keyword_id > 17759)",
                  "Rows Removed by Filter": 876904
                }
              ]
            }
          ]
        }
      ]
    },
    "Planning Time": 0.223,
    "Triggers": [],
    "Execution Time": 133.313
  }
]