{
  "Plan": {
    "Node Type": "Aggregate",
    "Strategy": "Plain",
    "Partial Mode": "Finalize",
    "Parallel Aware": false,
    "Startup Cost": 631389.48,
    "Total Cost": 631389.49,
    "Plan Rows": 1,
    "Plan Width": 8,
    "Actual Startup Time": 5960.369,
    "Actual Total Time": 6027.878,
    "Actual Rows": 1,
    "Actual Loops": 1,
    "Plans": [
      {
        "Node Type": "Gather",
        "Parent Relationship": "Outer",
        "Parallel Aware": false,
        "Startup Cost": 631389.37,
        "Total Cost": 631389.48,
        "Plan Rows": 1,
        "Plan Width": 8,
        "Actual Startup Time": 5956.439,
        "Actual Total Time": 6027.867,
        "Actual Rows": 2,
        "Actual Loops": 1,
        "Workers Planned": 1,
        "Workers Launched": 1,
        "Single Copy": false,
        "Plans": [
          {
            "Node Type": "Aggregate",
            "Strategy": "Plain",
            "Partial Mode": "Partial",
            "Parent Relationship": "Outer",
            "Parallel Aware": false,
            "Startup Cost": 630389.37,
            "Total Cost": 630389.38,
            "Plan Rows": 1,
            "Plan Width": 8,
            "Actual Startup Time": 5949.068,
            "Actual Total Time": 5949.071,
            "Actual Rows": 1,
            "Actual Loops": 2,
            "Plans": [
              {
                "Node Type": "Hash Join",
                "Parent Relationship": "Outer",
                "Parallel Aware": true,
                "Join Type": "Inner",
                "Startup Cost": 66716.65,
                "Total Cost": 613296.45,
                "Plan Rows": 6837166,
                "Plan Width": 0,
                "Actual Startup Time": 965.171,
                "Actual Total Time": 5651.284,
                "Actual Rows": 6581476,
                "Actual Loops": 2,
                "Inner Unique": true,
                "Hash Cond": "(ci.movie_id = t.id)",
                "Plans": [
                  {
                    "Node Type": "Seq Scan",
                    "Parent Relationship": "Outer",
                    "Parallel Aware": true,
                    "Relation Name": "cast_info",
                    "Alias": "ci",
                    "Startup Cost": 0.0,
                    "Total Cost": 519069.44,
                    "Plan Rows": 10480119,
                    "Plan Width": 4,
                    "Actual Startup Time": 478.349,
                    "Actual Total Time": 1542.253,
                    "Actual Rows": 8905182,
                    "Actual Loops": 2,
                    "Filter": "(person_id > 1832721)",
                    "Rows Removed by Filter": 9216990
                  },
                  {
                    "Node Type": "Hash",
                    "Parent Relationship": "Inner",
                    "Parallel Aware": true,
                    "Startup Cost": 54588.39,
                    "Total Cost": 54588.39,
                    "Plan Rows": 970261,
                    "Plan Width": 4,
                    "Actual Startup Time": 472.38,
                    "Actual Total Time": 472.381,
                    "Actual Rows": 821757,
                    "Actual Loops": 2,
                    "Hash Buckets": 2097152,
                    "Original Hash Buckets": 2097152,
                    "Hash Batches": 1,
                    "Original Hash Batches": 1,
                    "Peak Memory Usage": 80704,
                    "Plans": [
                      {
                        "Node Type": "Seq Scan",
                        "Parent Relationship": "Outer",
                        "Parallel Aware": true,
                        "Relation Name": "title",
                        "Alias": "t",
                        "Startup Cost": 0.0,
                        "Total Cost": 54588.39,
                        "Plan Rows": 970261,
                        "Plan Width": 4,
                        "Actual Startup Time": 0.027,
                        "Actual Total Time": 203.849,
                        "Actual Rows": 821757,
                        "Actual Loops": 2,
                        "Filter": "(production_year > 1994)",
                        "Rows Removed by Filter": 442399
                      }
                    ]
                  }
                ]
              }
            ]
          }
        ]
      }
    ]
  },
  "Planning Time": 0.713,
  "Triggers": [],
  "Execution Time": 6027.964
}