[
  {
    "Plan": {
      "Node Type": "Aggregate",
      "Strategy": "Plain",
      "Partial Mode": "Finalize",
      "Parallel Aware": false,
      "Startup Cost": 247943.92,
      "Total Cost": 247943.93,
      "Plan Rows": 1,
      "Plan Width": 8,
      "Actual Startup Time": 761.293,
      "Actual Total Time": 806.02,
      "Actual Rows": 1,
      "Actual Loops": 1,
      "Plans": [
        {
          "Node Type": "Gather",
          "Parent Relationship": "Outer",
          "Parallel Aware": false,
          "Startup Cost": 247943.4,
          "Total Cost": 247943.91,
          "Plan Rows": 5,
          "Plan Width": 8,
          "Actual Startup Time": 759.604,
          "Actual Total Time": 805.995,
          "Actual Rows": 6,
          "Actual Loops": 1,
          "Workers Planned": 5,
          "Workers Launched": 5,
          "Single Copy": false,
          "Plans": [
            {
              "Node Type": "Aggregate",
              "Strategy": "Plain",
              "Partial Mode": "Partial",
              "Parent Relationship": "Outer",
              "Parallel Aware": false,
              "Startup Cost": 246943.4,
              "Total Cost": 246943.41,
              "Plan Rows": 1,
              "Plan Width": 8,
              "Actual Startup Time": 749.609,
              "Actual Total Time": 749.612,
              "Actual Rows": 1,
              "Actual Loops": 6,
              "Plans": [
                {
                  "Node Type": "Hash Join",
                  "Parent Relationship": "Outer",
                  "Parallel Aware": true,
                  "Join Type": "Inner",
                  "Startup Cost": 46502.76,
                  "Total Cost": 245982.17,
                  "Plan Rows": 384494,
                  "Plan Width": 0,
                  "Actual Startup Time": 106.232,
                  "Actual Total Time": 741.517,
                  "Actual Rows": 165889,
                  "Actual Loops": 6,
                  "Inner Unique": true,
                  "Hash Cond": "(mi.movie_id = t.id)",
                  "Plans": [
                    {
                      "Node Type": "Seq Scan",
                      "Parent Relationship": "Outer",
                      "Parallel Aware": true,
                      "Relation Name": "movie_info",
                      "Alias": "mi",
                      "Startup Cost": 0.0,
                      "Total Cost": 191685.19,
                      "Plan Rows": 2969219,
                      "Plan Width": 4,
                      "Actual Startup Time": 0.032,
                      "Actual Total Time": 305.827,
                      "Actual Rows": 2472620,
                      "Actual Loops": 6
                    },
                    {
                      "Node Type": "Hash",
                      "Parent Relationship": "Inner",
                      "Parallel Aware": true,
                      "Startup Cost": 45479.59,
                      "Total Cost": 45479.59,
                      "Plan Rows": 81854,
                      "Plan Width": 4,
                      "Actual Startup Time": 103.006,
                      "Actual Total Time": 103.007,
                      "Actual Rows": 37584,
                      "Actual Loops": 6,
                      "Hash Buckets": 524288,
                      "Original Hash Buckets": 524288,
                      "Hash Batches": 1,
                      "Original Hash Batches": 1,
                      "Peak Memory Usage": 12992,
                      "Plans": [
                        {
                          "Node Type": "Seq Scan",
                          "Parent Relationship": "Outer",
                          "Parallel Aware": true,
                          "Relation Name": "title",
                          "Alias": "t",
                          "Startup Cost": 0.0,
                          "Total Cost": 45479.59,
                          "Plan Rows": 81854,
                          "Plan Width": 4,
                          "Actual Startup Time": 0.055,
                          "Actual Total Time": 84.944,
                          "Actual Rows": 37584,
                          "Actual Loops": 6,
                          "Filter": "((production_year < 1983) AND (kind_id = 7))",
                          "Rows Removed by Filter": 383801
                        }
                      ]
                    }
                  ]
                }
              ]
            }
          ]
        }
      ]
    },
    "Planning Time": 0.319,
    "Triggers": [],
    "Execution Time": 806.082
  }
]