[
    {
        "Bao": {
            "Bao prediction": "NaN",
            "Bao recommended hint": "(no hint)"
        }
    },
    {
        "Plan": {
            "Node Type": "Aggregate",
            "Strategy": "Plain",
            "Partial Mode": "Finalize",
            "Parallel Aware": false,
            "Startup Cost": 340575.53,
            "Total Cost": 340575.54,
            "Plan Rows": 1,
            "Plan Width": 8,
            "Actual Startup Time": 783.092,
            "Actual Total Time": 816.243,
            "Actual Rows": 1,
            "Actual Loops": 1,
            "Output": [
                "count(*)"
            ],
            "Plans": [
                {
                    "Node Type": "Gather",
                    "Parent Relationship": "Outer",
                    "Parallel Aware": false,
                    "Startup Cost": 340574.91,
                    "Total Cost": 340575.52,
                    "Plan Rows": 6,
                    "Plan Width": 8,
                    "Actual Startup Time": 782.952,
                    "Actual Total Time": 816.234,
                    "Actual Rows": 7,
                    "Actual Loops": 1,
                    "Output": [
                        "(PARTIAL count(*))"
                    ],
                    "Workers Planned": 6,
                    "Workers Launched": 6,
                    "Single Copy": false,
                    "Plans": [
                        {
                            "Node Type": "Aggregate",
                            "Strategy": "Plain",
                            "Partial Mode": "Partial",
                            "Parent Relationship": "Outer",
                            "Parallel Aware": false,
                            "Startup Cost": 339574.91,
                            "Total Cost": 339574.92,
                            "Plan Rows": 1,
                            "Plan Width": 8,
                            "Actual Startup Time": 773.427,
                            "Actual Total Time": 773.428,
                            "Actual Rows": 1,
                            "Actual Loops": 7,
                            "Output": [
                                "PARTIAL count(*)"
                            ],
                            "Workers": [
                                {
                                    "Worker Number": 0,
                                    "Actual Startup Time": 770.805,
                                    "Actual Total Time": 770.806,
                                    "Actual Rows": 1,
                                    "Actual Loops": 1
                                },
                                {
                                    "Worker Number": 1,
                                    "Actual Startup Time": 771.533,
                                    "Actual Total Time": 771.533,
                                    "Actual Rows": 1,
                                    "Actual Loops": 1
                                },
                                {
                                    "Worker Number": 2,
                                    "Actual Startup Time": 771.736,
                                    "Actual Total Time": 771.737,
                                    "Actual Rows": 1,
                                    "Actual Loops": 1
                                },
                                {
                                    "Worker Number": 3,
                                    "Actual Startup Time": 772.136,
                                    "Actual Total Time": 772.137,
                                    "Actual Rows": 1,
                                    "Actual Loops": 1
                                },
                                {
                                    "Worker Number": 4,
                                    "Actual Startup Time": 772.427,
                                    "Actual Total Time": 772.428,
                                    "Actual Rows": 1,
                                    "Actual Loops": 1
                                },
                                {
                                    "Worker Number": 5,
                                    "Actual Startup Time": 772.721,
                                    "Actual Total Time": 772.721,
                                    "Actual Rows": 1,
                                    "Actual Loops": 1
                                }
                            ],
                            "Plans": [
                                {
                                    "Node Type": "Seq Scan",
                                    "Parent Relationship": "Outer",
                                    "Parallel Aware": true,
                                    "Relation Name": "cast_info",
                                    "Schema": "public",
                                    "Alias": "ci",
                                    "Startup Cost": 0.0,
                                    "Total Cost": 328213.62,
                                    "Plan Rows": 4544517,
                                    "Plan Width": 0,
                                    "Actual Startup Time": 96.525,
                                    "Actual Total Time": 590.271,
                                    "Actual Rows": 3882174,
                                    "Actual Loops": 7,
                                    "Output": [
                                        "id",
                                        "person_id",
                                        "movie_id",
                                        "person_role_id",
                                        "note",
                                        "nr_order",
                                        "role_id"
                                    ],
                                    "Filter": "(ci.person_id > 893153)",
                                    "Rows Removed by Filter": 1295590,
                                    "Workers": [
                                        {
                                            "Worker Number": 0,
                                            "Actual Startup Time": 93.899,
                                            "Actual Total Time": 593.215,
                                            "Actual Rows": 2695182,
                                            "Actual Loops": 1
                                        },
                                        {
                                            "Worker Number": 1,
                                            "Actual Startup Time": 94.63,
                                            "Actual Total Time": 588.976,
                                            "Actual Rows": 2773934,
                                            "Actual Loops": 1
                                        },
                                        {
                                            "Worker Number": 2,
                                            "Actual Startup Time": 94.837,
                                            "Actual Total Time": 591.526,
                                            "Actual Rows": 3661119,
                                            "Actual Loops": 1
                                        },
                                        {
                                            "Worker Number": 3,
                                            "Actual Startup Time": 95.243,
                                            "Actual Total Time": 592.133,
                                            "Actual Rows": 4297646,
                                            "Actual Loops": 1
                                        },
                                        {
                                            "Worker Number": 4,
                                            "Actual Startup Time": 95.523,
                                            "Actual Total Time": 592.705,
                                            "Actual Rows": 4291672,
                                            "Actual Loops": 1
                                        },
                                        {
                                            "Worker Number": 5,
                                            "Actual Startup Time": 95.818,
                                            "Actual Total Time": 593.246,
                                            "Actual Rows": 4286638,
                                            "Actual Loops": 1
                                        }
                                    ]
                                }
                            ]
                        }
                    ]
                }
            ]
        },
        "Planning Time": 244.034,
        "Triggers": [],
        "Execution Time": 816.285
    }
]