{
  "Plan": {
    "Node Type": "Aggregate",
    "Strategy": "Plain",
    "Partial Mode": "Finalize",
    "Parallel Aware": false,
    "Startup Cost": 738212.36,
    "Total Cost": 738212.37,
    "Plan Rows": 1,
    "Plan Width": 8,
    "Actual Startup Time": 1969.009,
    "Actual Total Time": 2029.936,
    "Actual Rows": 1,
    "Actual Loops": 1,
    "Plans": [
      {
        "Node Type": "Gather",
        "Parent Relationship": "Outer",
        "Parallel Aware": false,
        "Startup Cost": 738212.25,
        "Total Cost": 738212.36,
        "Plan Rows": 1,
        "Plan Width": 8,
        "Actual Startup Time": 1966.921,
        "Actual Total Time": 2029.929,
        "Actual Rows": 2,
        "Actual Loops": 1,
        "Workers Planned": 1,
        "Workers Launched": 1,
        "Single Copy": false,
        "Plans": [
          {
            "Node Type": "Aggregate",
            "Strategy": "Plain",
            "Partial Mode": "Partial",
            "Parent Relationship": "Outer",
            "Parallel Aware": false,
            "Startup Cost": 737212.25,
            "Total Cost": 737212.26,
            "Plan Rows": 1,
            "Plan Width": 8,
            "Actual Startup Time": 1961.056,
            "Actual Total Time": 1961.062,
            "Actual Rows": 1,
            "Actual Loops": 2,
            "Plans": [
              {
                "Node Type": "Hash Join",
                "Parent Relationship": "Outer",
                "Parallel Aware": true,
                "Join Type": "Inner",
                "Startup Cost": 428358.75,
                "Total Cost": 733195.04,
                "Plan Rows": 1606882,
                "Plan Width": 0,
                "Actual Startup Time": 667.073,
                "Actual Total Time": 1938.524,
                "Actual Rows": 526340,
                "Actual Loops": 2,
                "Inner Unique": false,
                "Hash Cond": "(mi.movie_id = t.id)",
                "Plans": [
                  {
                    "Node Type": "Seq Scan",
                    "Parent Relationship": "Outer",
                    "Parallel Aware": true,
                    "Relation Name": "movie_info",
                    "Alias": "mi",
                    "Startup Cost": 0.0,
                    "Total Cost": 270696.42,
                    "Plan Rows": 6583369,
                    "Plan Width": 4,
                    "Actual Startup Time": 0.02,
                    "Actual Total Time": 720.64,
                    "Actual Rows": 5605372,
                    "Actual Loops": 2,
                    "Filter": "(info_type_id > 3)",
                    "Rows Removed by Filter": 1812488
                  },
                  {
                    "Node Type": "Hash",
                    "Parent Relationship": "Inner",
                    "Parallel Aware": true,
                    "Startup Cost": 423821.17,
                    "Total Cost": 423821.17,
                    "Plan Rows": 363006,
                    "Plan Width": 8,
                    "Actual Startup Time": 657.097,
                    "Actual Total Time": 657.102,
                    "Actual Rows": 55553,
                    "Actual Loops": 2,
                    "Hash Buckets": 1048576,
                    "Original Hash Buckets": 1048576,
                    "Hash Batches": 1,
                    "Original Hash Batches": 1,
                    "Peak Memory Usage": 12576,
                    "Plans": [
                      {
                        "Node Type": "Hash Join",
                        "Parent Relationship": "Outer",
                        "Parallel Aware": true,
                        "Join Type": "Inner",
                        "Startup Cost": 135545.42,
                        "Total Cost": 423821.17,
                        "Plan Rows": 363006,
                        "Plan Width": 8,
                        "Actual Startup Time": 347.699,
                        "Actual Total Time": 636.571,
                        "Actual Rows": 55553,
                        "Actual Loops": 2,
                        "Inner Unique": true,
                        "Hash Cond": "(ci.movie_id = t.id)",
                        "Plans": [
                          {
                            "Node Type": "Bitmap Heap Scan",
                            "Parent Relationship": "Outer",
                            "Parallel Aware": true,
                            "Relation Name": "cast_info",
                            "Alias": "ci",
                            "Startup Cost": 77192.79,
                            "Total Cost": 360762.5,
                            "Plan Rows": 1792775,
                            "Plan Width": 4,
                            "Actual Startup Time": 138.87,
                            "Actual Total Time": 341.6,
                            "Actual Rows": 363836,
                            "Actual Loops": 2,
                            "Recheck Cond": "(person_id > 3447372)",
                            "Rows Removed by Index Recheck": 0,
                            "Filter": "(role_id < 10)",
                            "Rows Removed by Filter": 1307522,
                            "Exact Heap Blocks": 28624,
                            "Lossy Heap Blocks": 0,
                            "Plans": [
                              {
                                "Node Type": "Bitmap Index Scan",
                                "Parent Relationship": "Outer",
                                "Parallel Aware": false,
                                "Index Name": "person_id_cast_info",
                                "Startup Cost": 0.0,
                                "Total Cost": 76430.87,
                                "Plan Rows": 3500040,
                                "Plan Width": 0,
                                "Actual Startup Time": 130.757,
                                "Actual Total Time": 130.758,
                                "Actual Rows": 3342716,
                                "Actual Loops": 1,
                                "Index Cond": "(person_id > 3447372)"
                              }
                            ]
                          },
                          {
                            "Node Type": "Hash",
                            "Parent Relationship": "Inner",
                            "Parallel Aware": true,
                            "Startup Cost": 54588.39,
                            "Total Cost": 54588.39,
                            "Plan Rows": 301139,
                            "Plan Width": 4,
                            "Actual Startup Time": 205.494,
                            "Actual Total Time": 205.495,
                            "Actual Rows": 261867,
                            "Actual Loops": 2,
                            "Hash Buckets": 524288,
                            "Original Hash Buckets": 524288,
                            "Hash Batches": 1,
                            "Original Hash Batches": 1,
                            "Peak Memory Usage": 24608,
                            "Plans": [
                              {
                                "Node Type": "Seq Scan",
                                "Parent Relationship": "Outer",
                                "Parallel Aware": true,
                                "Relation Name": "title",
                                "Alias": "t",
                                "Startup Cost": 0.0,
                                "Total Cost": 54588.39,
                                "Plan Rows": 301139,
                                "Plan Width": 4,
                                "Actual Startup Time": 0.034,
                                "Actual Total Time": 144.404,
                                "Actual Rows": 261867,
                                "Actual Loops": 2,
                                "Filter": "(production_year < 1981)",
                                "Rows Removed by Filter": 1002289
                              }
                            ]
                          }
                        ]
                      }
                    ]
                  }
                ]
              }
            ]
          }
        ]
      }
    ]
  },
  "Planning Time": 1.085,
  "Triggers": [],
  "Execution Time": 2030.06
}