{
    "Plan": {
        "Node Type": "Aggregate",
        "Strategy": "Plain",
        "Partial Mode": "Simple",
        "Parallel Aware": false,
        "Startup Cost": 10000107478.17,
        "Total Cost": 10000107478.18,
        "Plan Rows": 1,
        "Plan Width": 8,
        "Actual Startup Time": 324.5,
        "Actual Total Time": 324.503,
        "Actual Rows": 1,
        "Actual Loops": 1,
        "Output": [
            "count(*)"
        ],
        "Plans": [
            {
                "Node Type": "Hash Join",
                "Parent Relationship": "Outer",
                "Parallel Aware": false,
                "Join Type": "Inner",
                "Startup Cost": 10000046100.94,
                "Total Cost": 10000107475.9,
                "Plan Rows": 911,
                "Plan Width": 0,
                "Actual Startup Time": 273.848,
                "Actual Total Time": 323.971,
                "Actual Rows": 9237,
                "Actual Loops": 1,
                "Inner Unique": false,
                "Hash Cond": "(t.id = mk.movie_id)",
                "Plans": [
                    {
                        "Node Type": "Nested Loop",
                        "Parent Relationship": "Outer",
                        "Parallel Aware": false,
                        "Join Type": "Inner",
                        "Startup Cost": 10000000214.3,
                        "Total Cost": 10000054081.49,
                        "Plan Rows": 4966,
                        "Plan Width": 8,
                        "Actual Startup Time": 15.006,
                        "Actual Total Time": 62.009,
                        "Actual Rows": 3656,
                        "Actual Loops": 1,
                        "Output": [
                            "t.id",
                            "mc.movie_id"
                        ],
                        "Inner Unique": true,
                        "Plans": [
                            {
                                "Node Type": "Bitmap Heap Scan",
                                "Parent Relationship": "Outer",
                                "Parallel Aware": false,
                                "Relation Name": "movie_companies",
                                "Schema": "public",
                                "Alias": "mc",
                                "Startup Cost": 210.73,
                                "Total Cost": 16409.55,
                                "Plan Rows": 4966,
                                "Plan Width": 4,
                                "Actual Startup Time": 14.944,
                                "Actual Total Time": 19.852,
                                "Actual Rows": 3656,
                                "Actual Loops": 1,
                                "Output": [
                                    "mc.id",
                                    "mc.movie_id",
                                    "mc.company_id",
                                    "mc.company_type_id",
                                    "mc.note"
                                ],
                                "Recheck Cond": "(mc.company_id = 1451)",
                                "Rows Removed by Index Recheck": 0,
                                "Filter": "(mc.company_type_id > 1)",
                                "Rows Removed by Filter": 5810,
                                "Exact Heap Blocks": 5155,
                                "Lossy Heap Blocks": 0,
                                "Plans": [
                                    {
                                        "Node Type": "Bitmap Index Scan",
                                        "Parent Relationship": "Outer",
                                        "Parallel Aware": false,
                                        "Index Name": "company_id_movie_companies",
                                        "Startup Cost": 0.0,
                                        "Total Cost": 209.49,
                                        "Plan Rows": 9741,
                                        "Plan Width": 0,
                                        "Actual Startup Time": 1.14,
                                        "Actual Total Time": 1.141,
                                        "Actual Rows": 9466,
                                        "Actual Loops": 1,
                                        "Index Cond": "(mc.company_id = 1451)"
                                    }
                                ]
                            },
                            {
                                "Node Type": "Bitmap Heap Scan",
                                "Parent Relationship": "Inner",
                                "Parallel Aware": false,
                                "Relation Name": "title",
                                "Schema": "public",
                                "Alias": "t",
                                "Startup Cost": 3.57,
                                "Total Cost": 7.59,
                                "Plan Rows": 1,
                                "Plan Width": 4,
                                "Actual Startup Time": 0.01,
                                "Actual Total Time": 0.01,
                                "Actual Rows": 1,
                                "Actual Loops": 3656,
                                "Output": [
                                    "t.id",
                                    "t.title",
                                    "t.imdb_index",
                                    "t.kind_id",
                                    "t.production_year",
                                    "t.imdb_id",
                                    "t.phonetic_code",
                                    "t.episode_of_id",
                                    "t.season_nr",
                                    "t.episode_nr",
                                    "t.series_years",
                                    "t.md5sum"
                                ],
                                "Recheck Cond": "(t.id = mc.movie_id)",
                                "Rows Removed by Index Recheck": 0,
                                "Exact Heap Blocks": 3656,
                                "Lossy Heap Blocks": 0,
                                "Plans": [
                                    {
                                        "Node Type": "Bitmap Index Scan",
                                        "Parent Relationship": "Outer",
                                        "Parallel Aware": false,
                                        "Index Name": "title_pkey",
                                        "Startup Cost": 0.0,
                                        "Total Cost": 3.57,
                                        "Plan Rows": 1,
                                        "Plan Width": 0,
                                        "Actual Startup Time": 0.005,
                                        "Actual Total Time": 0.005,
                                        "Actual Rows": 1,
                                        "Actual Loops": 3656,
                                        "Index Cond": "(t.id = mc.movie_id)"
                                    }
                                ]
                            }
                        ]
                    },
                    {
                        "Node Type": "Hash",
                        "Parent Relationship": "Inner",
                        "Parallel Aware": false,
                        "Startup Cost": 40089.61,
                        "Total Cost": 40089.61,
                        "Plan Rows": 463762,
                        "Plan Width": 4,
                        "Actual Startup Time": 253.858,
                        "Actual Total Time": 253.859,
                        "Actual Rows": 455012,
                        "Actual Loops": 1,
                        "Output": [
                            "mk.movie_id"
                        ],
                        "Hash Buckets": 524288,
                        "Original Hash Buckets": 524288,
                        "Hash Batches": 1,
                        "Original Hash Batches": 1,
                        "Peak Memory Usage": 20093,
                        "Plans": [
                            {
                                "Node Type": "Bitmap Heap Scan",
                                "Parent Relationship": "Outer",
                                "Parallel Aware": false,
                                "Relation Name": "movie_keyword",
                                "Schema": "public",
                                "Alias": "mk",
                                "Startup Cost": 9838.59,
                                "Total Cost": 40089.61,
                                "Plan Rows": 463762,
                                "Plan Width": 4,
                                "Actual Startup Time": 45.711,
                                "Actual Total Time": 182.518,
                                "Actual Rows": 455012,
                                "Actual Loops": 1,
                                "Output": [
                                    "mk.movie_id"
                                ],
                                "Recheck Cond": "(mk.keyword_id > 38936)",
                                "Rows Removed by Index Recheck": 0,
                                "Exact Heap Blocks": 22803,
                                "Lossy Heap Blocks": 0,
                                "Plans": [
                                    {
                                        "Node Type": "Bitmap Index Scan",
                                        "Parent Relationship": "Outer",
                                        "Parallel Aware": false,
                                        "Index Name": "keyword_id_movie_keyword",
                                        "Startup Cost": 0.0,
                                        "Total Cost": 9722.65,
                                        "Plan Rows": 463762,
                                        "Plan Width": 0,
                                        "Actual Startup Time": 42.888,
                                        "Actual Total Time": 42.888,
                                        "Actual Rows": 455012,
                                        "Actual Loops": 1,
                                        "Index Cond": "(mk.keyword_id > 38936)"
                                    }
                                ]
                            }
                        ]
                    }
                ]
            }
        ]
    },
    "Planning Time": 3.928,
    "Triggers": [],
    "Execution Time": 325.492
}