[
  {
    "Plan": {
      "Node Type": "Aggregate",
      "Strategy": "Plain",
      "Partial Mode": "Finalize",
      "Parallel Aware": false,
      "Startup Cost": 189247.5,
      "Total Cost": 189247.51,
      "Plan Rows": 1,
      "Plan Width": 8,
      "Actual Startup Time": 157.074,
      "Actual Total Time": 167.082,
      "Actual Rows": 1,
      "Actual Loops": 1,
      "Plans": [
        {
          "Node Type": "Gather",
          "Parent Relationship": "Outer",
          "Parallel Aware": false,
          "Startup Cost": 189246.97,
          "Total Cost": 189247.48,
          "Plan Rows": 5,
          "Plan Width": 8,
          "Actual Startup Time": 156.085,
          "Actual Total Time": 167.074,
          "Actual Rows": 6,
          "Actual Loops": 1,
          "Workers Planned": 5,
          "Workers Launched": 5,
          "Single Copy": false,
          "Plans": [
            {
              "Node Type": "Aggregate",
              "Strategy": "Plain",
              "Partial Mode": "Partial",
              "Parent Relationship": "Outer",
              "Parallel Aware": false,
              "Startup Cost": 188246.97,
              "Total Cost": 188246.98,
              "Plan Rows": 1,
              "Plan Width": 8,
              "Actual Startup Time": 147.352,
              "Actual Total Time": 147.353,
              "Actual Rows": 1,
              "Actual Loops": 6,
              "Plans": [
                {
                  "Node Type": "Bitmap Heap Scan",
                  "Parent Relationship": "Outer",
                  "Parallel Aware": true,
                  "Relation Name": "movie_info",
                  "Alias": "mi",
                  "Startup Cost": 22524.06,
                  "Total Cost": 187625.32,
                  "Plan Rows": 248661,
                  "Plan Width": 0,
                  "Actual Startup Time": 56.768,
                  "Actual Total Time": 135.668,
                  "Actual Rows": 200785,
                  "Actual Loops": 6,
                  "Recheck Cond": "(info_type_id > 18)",
                  "Rows Removed by Index Recheck": 0,
                  "Exact Heap Blocks": 10846,
                  "Lossy Heap Blocks": 0,
                  "Plans": [
                    {
                      "Node Type": "Bitmap Index Scan",
                      "Parent Relationship": "Outer",
                      "Parallel Aware": false,
                      "Index Name": "info_type_id_movie_info",
                      "Startup Cost": 0.0,
                      "Total Cost": 22213.23,
                      "Plan Rows": 1243306,
                      "Plan Width": 0,
                      "Actual Startup Time": 59.064,
                      "Actual Total Time": 59.064,
                      "Actual Rows": 1204709,
                      "Actual Loops": 1,
                      "Index Cond": "(info_type_id > 18)"
                    }
                  ]
                }
              ]
            }
          ]
        }
      ]
    },
    "Planning Time": 0.15,
    "Triggers": [],
    "Execution Time": 167.146
  }
]