[
  {
    "Plan": {
      "Node Type": "Aggregate",
      "Strategy": "Plain",
      "Partial Mode": "Simple",
      "Parallel Aware": false,
      "Startup Cost": 7501.62,
      "Total Cost": 7501.63,
      "Plan Rows": 1,
      "Plan Width": 64,
      "Actual Startup Time": 891.463,
      "Actual Total Time": 891.469,
      "Actual Rows": 1,
      "Actual Loops": 1,
      "Output": [
        "min(mi_idx.info)",
        "min(t.title)"
      ],
      "Plans": [
        {
          "Node Type": "Nested Loop",
          "Parent Relationship": "Outer",
          "Parallel Aware": false,
          "Join Type": "Inner",
          "Startup Cost": 12.1,
          "Total Cost": 7501.62,
          "Plan Rows": 1,
          "Plan Width": 22,
          "Actual Startup Time": 35.118,
          "Actual Total Time": 891.174,
          "Actual Rows": 544,
          "Actual Loops": 1,
          "Output": [
            "mi_idx.info",
            "t.title"
          ],
          "Inner Unique": true,
          "Join Filter": "(t.kind_id = kt.id)",
          "Rows Removed by Join Filter": 3476,
          "Plans": [
            {
              "Node Type": "Nested Loop",
              "Parent Relationship": "Outer",
              "Parallel Aware": false,
              "Join Type": "Inner",
              "Startup Cost": 12.1,
              "Total Cost": 7500.5,
              "Plan Rows": 1,
              "Plan Width": 26,
              "Actual Startup Time": 22.067,
              "Actual Total Time": 881.786,
              "Actual Rows": 2020,
              "Actual Loops": 1,
              "Output": [
                "mi_idx.info",
                "t.title",
                "t.kind_id"
              ],
              "Inner Unique": true,
              "Join Filter": "(mi.info_type_id = it1.id)",
              "Rows Removed by Join Filter": 2543,
              "Plans": [
                {
                  "Node Type": "Nested Loop",
                  "Parent Relationship": "Outer",
                  "Parallel Aware": false,
                  "Join Type": "Inner",
                  "Startup Cost": 12.1,
                  "Total Cost": 7498.08,
                  "Plan Rows": 0,
                  "Plan Width": 30,
                  "Actual Startup Time": 15.941,
                  "Actual Total Time": 835.573,
                  "Actual Rows": 4563,
                  "Actual Loops": 1,
                  "Output": [
                    "mi_idx.info",
                    "mi.info_type_id",
                    "t.title",
                    "t.kind_id"
                  ],
                  "Inner Unique": false,
                  "Join Filter": "(t.id = mi.movie_id)",
                  "Rows Removed by Join Filter": 0,
                  "Plans": [
                    {
                      "Node Type": "Nested Loop",
                      "Parent Relationship": "Outer",
                      "Parallel Aware": false,
                      "Join Type": "Inner",
                      "Startup Cost": 11.66,
                      "Total Cost": 7496.13,
                      "Plan Rows": 1,
                      "Plan Width": 38,
                      "Actual Startup Time": 8.843,
                      "Actual Total Time": 476.117,
                      "Actual Rows": 2833,
                      "Actual Loops": 1,
                      "Output": [
                        "mi_idx.info",
                        "mi_idx.movie_id",
                        "mk.movie_id",
                        "t.title",
                        "t.kind_id",
                        "t.id"
                      ],
                      "Inner Unique": true,
                      "Plans": [
                        {
                          "Node Type": "Nested Loop",
                          "Parent Relationship": "Outer",
                          "Parallel Aware": false,
                          "Join Type": "Inner",
                          "Startup Cost": 11.23,
                          "Total Cost": 7495.15,
                          "Plan Rows": 2,
                          "Plan Width": 13,
                          "Actual Startup Time": 8.638,
                          "Actual Total Time": 400.081,
                          "Actual Rows": 6448,
                          "Actual Loops": 1,
                          "Output": [
                            "mi_idx.info",
                            "mi_idx.movie_id",
                            "mk.movie_id"
                          ],
                          "Inner Unique": false,
                          "Join Filter": "(mi_idx.info_type_id = it2.id)",
                          "Rows Removed by Join Filter": 49795,
                          "Plans": [
                            {
                              "Node Type": "Seq Scan",
                              "Parent Relationship": "Outer",
                              "Parallel Aware": false,
                              "Relation Name": "info_type",
                              "Schema": "public",
                              "Alias": "it2",
                              "Startup Cost": 0.0,
                              "Total Cost": 2.41,
                              "Plan Rows": 1,
                              "Plan Width": 4,
                              "Actual Startup Time": 0.057,
                              "Actual Total Time": 0.059,
                              "Actual Rows": 1,
                              "Actual Loops": 1,
                              "Output": [
                                "it2.id",
                                "it2.info"
                              ],
                              "Filter": "((it2.info)::text = 'rating'::text)",
                              "Rows Removed by Filter": 112
                            },
                            {
                              "Node Type": "Nested Loop",
                              "Parent Relationship": "Inner",
                              "Parallel Aware": false,
                              "Join Type": "Inner",
                              "Startup Cost": 11.23,
                              "Total Cost": 7489.76,
                              "Plan Rows": 238,
                              "Plan Width": 17,
                              "Actual Startup Time": 2.959,
                              "Actual Total Time": 393.617,
                              "Actual Rows": 56243,
                              "Actual Loops": 1,
                              "Output": [
                                "mk.movie_id",
                                "mi_idx.info",
                                "mi_idx.movie_id",
                                "mi_idx.info_type_id"
                              ],
                              "Inner Unique": false,
                              "Plans": [
                                {
                                  "Node Type": "Nested Loop",
                                  "Parent Relationship": "Outer",
                                  "Parallel Aware": false,
                                  "Join Type": "Inner",
                                  "Startup Cost": 10.8,
                                  "Total Cost": 7419.56,
                                  "Plan Rows": 135,
                                  "Plan Width": 4,
                                  "Actual Startup Time": 2.89,
                                  "Actual Total Time": 202.832,
                                  "Actual Rows": 34395,
                                  "Actual Loops": 1,
                                  "Output": [
                                    "mk.movie_id"
                                  ],
                                  "Inner Unique": false,
                                  "Plans": [
                                    {
                                      "Node Type": "Seq Scan",
                                      "Parent Relationship": "Outer",
                                      "Parallel Aware": false,
                                      "Relation Name": "keyword",
                                      "Schema": "public",
                                      "Alias": "k",
                                      "Startup Cost": 0.0,
                                      "Total Cost": 2961.55,
                                      "Plan Rows": 4,
                                      "Plan Width": 4,
                                      "Actual Startup Time": 1.088,
                                      "Actual Total Time": 24.903,
                                      "Actual Rows": 4,
                                      "Actual Loops": 1,
                                      "Output": [
                                        "k.id",
                                        "k.keyword",
                                        "k.phonetic_code"
                                      ],
                                      "Filter": "((k.keyword IS NOT NULL) AND (k.keyword = ANY ('{blood,murder,fight,europe}'::text[])))",
                                      "Rows Removed by Filter": 134166
                                    },
                                    {
                                      "Node Type": "Bitmap Heap Scan",
                                      "Parent Relationship": "Inner",
                                      "Parallel Aware": false,
                                      "Relation Name": "movie_keyword",
                                      "Schema": "public",
                                      "Alias": "mk",
                                      "Startup Cost": 10.8,
                                      "Total Cost": 1111.44,
                                      "Plan Rows": 306,
                                      "Plan Width": 8,
                                      "Actual Startup Time": 2.76,
                                      "Actual Total Time": 42.609,
                                      "Actual Rows": 8599,
                                      "Actual Loops": 4,
                                      "Output": [
                                        "mk.id",
                                        "mk.movie_id",
                                        "mk.keyword_id"
                                      ],
                                      "Recheck Cond": "(mk.keyword_id = k.id)",
                                      "Rows Removed by Index Recheck": 0,
                                      "Exact Heap Blocks": 24536,
                                      "Lossy Heap Blocks": 0,
                                      "Plans": [
                                        {
                                          "Node Type": "Bitmap Index Scan",
                                          "Parent Relationship": "Outer",
                                          "Parallel Aware": false,
                                          "Index Name": "keyword_id_movie_keyword",
                                          "Startup Cost": 0.0,
                                          "Total Cost": 10.73,
                                          "Plan Rows": 306,
                                          "Plan Width": 0,
                                          "Actual Startup Time": 1.663,
                                          "Actual Total Time": 1.663,
                                          "Actual Rows": 8599,
                                          "Actual Loops": 4,
                                          "Index Cond": "(mk.keyword_id = k.id)"
                                        }
                                      ]
                                    }
                                  ]
                                },
                                {
                                  "Node Type": "Index Scan",
                                  "Parent Relationship": "Inner",
                                  "Parallel Aware": false,
                                  "Scan Direction": "Forward",
                                  "Index Name": "movie_id_movie_info_idx",
                                  "Relation Name": "movie_info_idx",
                                  "Schema": "public",
                                  "Alias": "mi_idx",
                                  "Startup Cost": 0.43,
                                  "Total Cost": 0.5,
                                  "Plan Rows": 2,
                                  "Plan Width": 13,
                                  "Actual Startup Time": 0.004,
                                  "Actual Total Time": 0.005,
                                  "Actual Rows": 2,
                                  "Actual Loops": 34395,
                                  "Output": [
                                    "mi_idx.id",
                                    "mi_idx.movie_id",
                                    "mi_idx.info_type_id",
                                    "mi_idx.info",
                                    "mi_idx.note"
                                  ],
                                  "Index Cond": "(mi_idx.movie_id = mk.movie_id)",
                                  "Rows Removed by Index Recheck": 0,
                                  "Filter": "(mi_idx.info < '5'::text)",
                                  "Rows Removed by Filter": 1
                                }
                              ]
                            }
                          ]
                        },
                        {
                          "Node Type": "Index Scan",
                          "Parent Relationship": "Inner",
                          "Parallel Aware": false,
                          "Scan Direction": "Forward",
                          "Index Name": "title_pkey",
                          "Relation Name": "title",
                          "Schema": "public",
                          "Alias": "t",
                          "Startup Cost": 0.43,
                          "Total Cost": 0.49,
                          "Plan Rows": 1,
                          "Plan Width": 25,
                          "Actual Startup Time": 0.011,
                          "Actual Total Time": 0.011,
                          "Actual Rows": 0,
                          "Actual Loops": 6448,
                          "Output": [
                            "t.id",
                            "t.title",
                            "t.imdb_index",
                            "t.kind_id",
                            "t.production_year",
                            "t.imdb_id",
                            "t.phonetic_code",
                            "t.episode_of_id",
                            "t.season_nr",
                            "t.episode_nr",
                            "t.series_years",
                            "t.md5sum"
                          ],
                          "Index Cond": "(t.id = mk.movie_id)",
                          "Rows Removed by Index Recheck": 0,
                          "Filter": "(t.production_year > 2000)",
                          "Rows Removed by Filter": 1
                        }
                      ]
                    },
                    {
                      "Node Type": "Index Scan",
                      "Parent Relationship": "Inner",
                      "Parallel Aware": false,
                      "Scan Direction": "Forward",
                      "Index Name": "movie_id_movie_info",
                      "Relation Name": "movie_info",
                      "Schema": "public",
                      "Alias": "mi",
                      "Startup Cost": 0.43,
                      "Total Cost": 1.89,
                      "Plan Rows": 5,
                      "Plan Width": 8,
                      "Actual Startup Time": 0.042,
                      "Actual Total Time": 0.126,
                      "Actual Rows": 2,
                      "Actual Loops": 2833,
                      "Output": [
                        "mi.id",
                        "mi.movie_id",
                        "mi.info_type_id",
                        "mi.info",
                        "mi.note"
                      ],
                      "Index Cond": "(mi.movie_id = mk.movie_id)",
                      "Rows Removed by Index Recheck": 0,
                      "Filter": "(mi.info = ANY ('{American,Bulgaria,Danish,Norway,Denmark,America,English,USA,Swedish,USA}'::text[]))",
                      "Rows Removed by Filter": 30
                    }
                  ]
                },
                {
                  "Node Type": "Seq Scan",
                  "Parent Relationship": "Inner",
                  "Parallel Aware": false,
                  "Relation Name": "info_type",
                  "Schema": "public",
                  "Alias": "it1",
                  "Startup Cost": 0.0,
                  "Total Cost": 2.41,
                  "Plan Rows": 1,
                  "Plan Width": 4,
                  "Actual Startup Time": 0.004,
                  "Actual Total Time": 0.008,
                  "Actual Rows": 1,
                  "Actual Loops": 4563,
                  "Output": [
                    "it1.id",
                    "it1.info"
                  ],
                  "Filter": "((it1.info)::text = 'countries'::text)",
                  "Rows Removed by Filter": 66
                }
              ]
            },
            {
              "Node Type": "Seq Scan",
              "Parent Relationship": "Inner",
              "Parallel Aware": false,
              "Relation Name": "kind_type",
              "Schema": "public",
              "Alias": "kt",
              "Startup Cost": 0.0,
              "Total Cost": 1.09,
              "Plan Rows": 2,
              "Plan Width": 4,
              "Actual Startup Time": 0.002,
              "Actual Total Time": 0.002,
              "Actual Rows": 2,
              "Actual Loops": 2020,
              "Output": [
                "kt.id",
                "kt.kind"
              ],
              "Filter": "((kt.kind)::text = ANY ('{\"video movie\",\"tv series\"}'::text[]))",
              "Rows Removed by Filter": 4
            }
          ]
        }
      ]
    },
    "Planning Time": 59678.929,
    "Triggers": [],
    "Execution Time": 891.921
  }
]