[
    {
        "Bao": {
            "Bao prediction": 795.232,
            "Bao recommended hint": "(no hint)"
        }
    },
    {
        "Plan": {
            "Node Type": "Aggregate",
            "Strategy": "Plain",
            "Partial Mode": "Finalize",
            "Parallel Aware": false,
            "Startup Cost": 262004.49,
            "Total Cost": 262004.5,
            "Plan Rows": 1,
            "Plan Width": 8,
            "Actual Startup Time": 964.062,
            "Actual Total Time": 1017.074,
            "Actual Rows": 1,
            "Actual Loops": 1,
            "Output": [
                "count(*)"
            ],
            "Plans": [
                {
                    "Node Type": "Gather",
                    "Parent Relationship": "Outer",
                    "Parallel Aware": false,
                    "Startup Cost": 262003.97,
                    "Total Cost": 262004.48,
                    "Plan Rows": 5,
                    "Plan Width": 8,
                    "Actual Startup Time": 961.817,
                    "Actual Total Time": 1017.065,
                    "Actual Rows": 6,
                    "Actual Loops": 1,
                    "Output": [
                        "(PARTIAL count(*))"
                    ],
                    "Workers Planned": 5,
                    "Workers Launched": 5,
                    "Single Copy": false,
                    "Plans": [
                        {
                            "Node Type": "Aggregate",
                            "Strategy": "Plain",
                            "Partial Mode": "Partial",
                            "Parent Relationship": "Outer",
                            "Parallel Aware": false,
                            "Startup Cost": 261003.97,
                            "Total Cost": 261003.98,
                            "Plan Rows": 1,
                            "Plan Width": 8,
                            "Actual Startup Time": 951.051,
                            "Actual Total Time": 951.055,
                            "Actual Rows": 1,
                            "Actual Loops": 6,
                            "Output": [
                                "PARTIAL count(*)"
                            ],
                            "Workers": [
                                {
                                    "Worker Number": 0,
                                    "Actual Startup Time": 948.379,
                                    "Actual Total Time": 948.383,
                                    "Actual Rows": 1,
                                    "Actual Loops": 1
                                },
                                {
                                    "Worker Number": 1,
                                    "Actual Startup Time": 948.703,
                                    "Actual Total Time": 948.707,
                                    "Actual Rows": 1,
                                    "Actual Loops": 1
                                },
                                {
                                    "Worker Number": 2,
                                    "Actual Startup Time": 949.335,
                                    "Actual Total Time": 949.338,
                                    "Actual Rows": 1,
                                    "Actual Loops": 1
                                },
                                {
                                    "Worker Number": 3,
                                    "Actual Startup Time": 949.605,
                                    "Actual Total Time": 949.608,
                                    "Actual Rows": 1,
                                    "Actual Loops": 1
                                },
                                {
                                    "Worker Number": 4,
                                    "Actual Startup Time": 949.509,
                                    "Actual Total Time": 949.513,
                                    "Actual Rows": 1,
                                    "Actual Loops": 1
                                }
                            ],
                            "Plans": [
                                {
                                    "Node Type": "Nested Loop",
                                    "Parent Relationship": "Outer",
                                    "Parallel Aware": false,
                                    "Join Type": "Inner",
                                    "Startup Cost": 59609.9,
                                    "Total Cost": 260840.52,
                                    "Plan Rows": 65380,
                                    "Plan Width": 0,
                                    "Actual Startup Time": 169.409,
                                    "Actual Total Time": 937.308,
                                    "Actual Rows": 148240,
                                    "Actual Loops": 6,
                                    "Inner Unique": false,
                                    "Join Filter": "(t.id = ci.movie_id)",
                                    "Rows Removed by Join Filter": 0,
                                    "Workers": [
                                        {
                                            "Worker Number": 0,
                                            "Actual Startup Time": 167.107,
                                            "Actual Total Time": 934.348,
                                            "Actual Rows": 145488,
                                            "Actual Loops": 1
                                        },
                                        {
                                            "Worker Number": 1,
                                            "Actual Startup Time": 167.371,
                                            "Actual Total Time": 935.893,
                                            "Actual Rows": 132195,
                                            "Actual Loops": 1
                                        },
                                        {
                                            "Worker Number": 2,
                                            "Actual Startup Time": 168.063,
                                            "Actual Total Time": 935.317,
                                            "Actual Rows": 145230,
                                            "Actual Loops": 1
                                        },
                                        {
                                            "Worker Number": 3,
                                            "Actual Startup Time": 168.36,
                                            "Actual Total Time": 935.706,
                                            "Actual Rows": 145859,
                                            "Actual Loops": 1
                                        },
                                        {
                                            "Worker Number": 4,
                                            "Actual Startup Time": 167.224,
                                            "Actual Total Time": 935.524,
                                            "Actual Rows": 147104,
                                            "Actual Loops": 1
                                        }
                                    ],
                                    "Plans": [
                                        {
                                            "Node Type": "Hash Join",
                                            "Parent Relationship": "Outer",
                                            "Parallel Aware": true,
                                            "Join Type": "Inner",
                                            "Startup Cost": 59609.34,
                                            "Total Cost": 223868.26,
                                            "Plan Rows": 10323,
                                            "Plan Width": 8,
                                            "Actual Startup Time": 168.905,
                                            "Actual Total Time": 245.461,
                                            "Actual Rows": 21768,
                                            "Actual Loops": 6,
                                            "Output": [
                                                "t.id",
                                                "mi.movie_id"
                                            ],
                                            "Inner Unique": true,
                                            "Hash Cond": "(mi.movie_id = t.id)",
                                            "Workers": [
                                                {
                                                    "Worker Number": 0,
                                                    "Actual Startup Time": 166.431,
                                                    "Actual Total Time": 236.565,
                                                    "Actual Rows": 20983,
                                                    "Actual Loops": 1
                                                },
                                                {
                                                    "Worker Number": 1,
                                                    "Actual Startup Time": 166.72,
                                                    "Actual Total Time": 236.497,
                                                    "Actual Rows": 19256,
                                                    "Actual Loops": 1
                                                },
                                                {
                                                    "Worker Number": 2,
                                                    "Actual Startup Time": 167.281,
                                                    "Actual Total Time": 237.874,
                                                    "Actual Rows": 21241,
                                                    "Actual Loops": 1
                                                },
                                                {
                                                    "Worker Number": 3,
                                                    "Actual Startup Time": 167.609,
                                                    "Actual Total Time": 241.976,
                                                    "Actual Rows": 21639,
                                                    "Actual Loops": 1
                                                },
                                                {
                                                    "Worker Number": 4,
                                                    "Actual Startup Time": 167.137,
                                                    "Actual Total Time": 243.189,
                                                    "Actual Rows": 21808,
                                                    "Actual Loops": 1
                                                }
                                            ],
                                            "Plans": [
                                                {
                                                    "Node Type": "Bitmap Heap Scan",
                                                    "Parent Relationship": "Outer",
                                                    "Parallel Aware": true,
                                                    "Relation Name": "movie_info",
                                                    "Schema": "public",
                                                    "Alias": "mi",
                                                    "Startup Cost": 13585.7,
                                                    "Total Cost": 177451.37,
                                                    "Plan Rows": 149813,
                                                    "Plan Width": 4,
                                                    "Actual Startup Time": 46.45,
                                                    "Actual Total Time": 67.155,
                                                    "Actual Rows": 133690,
                                                    "Actual Loops": 6,
                                                    "Output": [
                                                        "mi.id",
                                                        "mi.movie_id",
                                                        "mi.info_type_id",
                                                        "mi.info",
                                                        "mi.note"
                                                    ],
                                                    "Recheck Cond": "(mi.info_type_id = 1)",
                                                    "Rows Removed by Index Recheck": 0,
                                                    "Exact Heap Blocks": 1083,
                                                    "Lossy Heap Blocks": 0,
                                                    "Workers": [
                                                        {
                                                            "Worker Number": 0,
                                                            "Actual Startup Time": 46.465,
                                                            "Actual Total Time": 65.355,
                                                            "Actual Rows": 121404,
                                                            "Actual Loops": 1
                                                        },
                                                        {
                                                            "Worker Number": 1,
                                                            "Actual Startup Time": 46.475,
                                                            "Actual Total Time": 65.88,
                                                            "Actual Rows": 115672,
                                                            "Actual Loops": 1
                                                        },
                                                        {
                                                            "Worker Number": 2,
                                                            "Actual Startup Time": 46.603,
                                                            "Actual Total Time": 65.721,
                                                            "Actual Rows": 121136,
                                                            "Actual Loops": 1
                                                        },
                                                        {
                                                            "Worker Number": 3,
                                                            "Actual Startup Time": 46.553,
                                                            "Actual Total Time": 67.048,
                                                            "Actual Rows": 127605,
                                                            "Actual Loops": 1
                                                        },
                                                        {
                                                            "Worker Number": 4,
                                                            "Actual Startup Time": 46.227,
                                                            "Actual Total Time": 66.793,
                                                            "Actual Rows": 138769,
                                                            "Actual Loops": 1
                                                        }
                                                    ],
                                                    "Plans": [
                                                        {
                                                            "Node Type": "Bitmap Index Scan",
                                                            "Parent Relationship": "Outer",
                                                            "Parallel Aware": false,
                                                            "Index Name": "info_type_id_movie_info",
                                                            "Startup Cost": 0.0,
                                                            "Total Cost": 13398.44,
                                                            "Plan Rows": 749067,
                                                            "Plan Width": 0,
                                                            "Actual Startup Time": 45.138,
                                                            "Actual Total Time": 45.138,
                                                            "Actual Rows": 802140,
                                                            "Actual Loops": 1,
                                                            "Index Cond": "(mi.info_type_id = 1)",
                                                            "Workers": [
                                                                {
                                                                    "Worker Number": 4,
                                                                    "Actual Startup Time": 45.138,
                                                                    "Actual Total Time": 45.138,
                                                                    "Actual Rows": 802140,
                                                                    "Actual Loops": 1
                                                                }
                                                            ]
                                                        }
                                                    ]
                                                },
                                                {
                                                    "Node Type": "Hash",
                                                    "Parent Relationship": "Inner",
                                                    "Parallel Aware": true,
                                                    "Startup Cost": 45479.21,
                                                    "Total Cost": 45479.21,
                                                    "Plan Rows": 43554,
                                                    "Plan Width": 4,
                                                    "Actual Startup Time": 120.492,
                                                    "Actual Total Time": 120.493,
                                                    "Actual Rows": 45972,
                                                    "Actual Loops": 6,
                                                    "Output": [
                                                        "t.id"
                                                    ],
                                                    "Hash Buckets": 524288,
                                                    "Original Hash Buckets": 262144,
                                                    "Hash Batches": 1,
                                                    "Original Hash Batches": 1,
                                                    "Peak Memory Usage": 16992,
                                                    "Workers": [
                                                        {
                                                            "Worker Number": 0,
                                                            "Actual Startup Time": 119.533,
                                                            "Actual Total Time": 119.534,
                                                            "Actual Rows": 44822,
                                                            "Actual Loops": 1
                                                        },
                                                        {
                                                            "Worker Number": 1,
                                                            "Actual Startup Time": 119.668,
                                                            "Actual Total Time": 119.67,
                                                            "Actual Rows": 41437,
                                                            "Actual Loops": 1
                                                        },
                                                        {
                                                            "Worker Number": 2,
                                                            "Actual Startup Time": 120.046,
                                                            "Actual Total Time": 120.047,
                                                            "Actual Rows": 44841,
                                                            "Actual Loops": 1
                                                        },
                                                        {
                                                            "Worker Number": 3,
                                                            "Actual Startup Time": 120.326,
                                                            "Actual Total Time": 120.326,
                                                            "Actual Rows": 44838,
                                                            "Actual Loops": 1
                                                        },
                                                        {
                                                            "Worker Number": 4,
                                                            "Actual Startup Time": 120.305,
                                                            "Actual Total Time": 120.305,
                                                            "Actual Rows": 44790,
                                                            "Actual Loops": 1
                                                        }
                                                    ],
                                                    "Plans": [
                                                        {
                                                            "Node Type": "Seq Scan",
                                                            "Parent Relationship": "Outer",
                                                            "Parallel Aware": true,
                                                            "Relation Name": "title",
                                                            "Schema": "public",
                                                            "Alias": "t",
                                                            "Startup Cost": 0.0,
                                                            "Total Cost": 45479.21,
                                                            "Plan Rows": 43554,
                                                            "Plan Width": 4,
                                                            "Actual Startup Time": 0.089,
                                                            "Actual Total Time": 92.374,
                                                            "Actual Rows": 45972,
                                                            "Actual Loops": 6,
                                                            "Output": [
                                                                "t.id"
                                                            ],
                                                            "Filter": "((t.kind_id < 7) AND (t.production_year < 1975))",
                                                            "Rows Removed by Filter": 375414,
                                                            "Workers": [
                                                                {
                                                                    "Worker Number": 0,
                                                                    "Actual Startup Time": 0.094,
                                                                    "Actual Total Time": 92.023,
                                                                    "Actual Rows": 44822,
                                                                    "Actual Loops": 1
                                                                },
                                                                {
                                                                    "Worker Number": 1,
                                                                    "Actual Startup Time": 0.096,
                                                                    "Actual Total Time": 91.789,
                                                                    "Actual Rows": 41437,
                                                                    "Actual Loops": 1
                                                                },
                                                                {
                                                                    "Worker Number": 2,
                                                                    "Actual Startup Time": 0.046,
                                                                    "Actual Total Time": 92.308,
                                                                    "Actual Rows": 44841,
                                                                    "Actual Loops": 1
                                                                },
                                                                {
                                                                    "Worker Number": 3,
                                                                    "Actual Startup Time": 0.048,
                                                                    "Actual Total Time": 92.966,
                                                                    "Actual Rows": 44838,
                                                                    "Actual Loops": 1
                                                                },
                                                                {
                                                                    "Worker Number": 4,
                                                                    "Actual Startup Time": 0.095,
                                                                    "Actual Total Time": 92.672,
                                                                    "Actual Rows": 44790,
                                                                    "Actual Loops": 1
                                                                }
                                                            ]
                                                        }
                                                    ]
                                                }
                                            ]
                                        },
                                        {
                                            "Node Type": "Index Scan",
                                            "Parent Relationship": "Inner",
                                            "Parallel Aware": false,
                                            "Scan Direction": "Forward",
                                            "Index Name": "movie_id_cast_info",
                                            "Relation Name": "cast_info",
                                            "Schema": "public",
                                            "Alias": "ci",
                                            "Startup Cost": 0.56,
                                            "Total Cost": 3.37,
                                            "Plan Rows": 17,
                                            "Plan Width": 4,
                                            "Actual Startup Time": 0.023,
                                            "Actual Total Time": 0.03,
                                            "Actual Rows": 7,
                                            "Actual Loops": 130606,
                                            "Output": [
                                                "ci.id",
                                                "ci.person_id",
                                                "ci.movie_id",
                                                "ci.person_role_id",
                                                "ci.note",
                                                "ci.nr_order",
                                                "ci.role_id"
                                            ],
                                            "Index Cond": "(ci.movie_id = mi.movie_id)",
                                            "Rows Removed by Index Recheck": 0,
                                            "Filter": "(ci.role_id > 2)",
                                            "Rows Removed by Filter": 14,
                                            "Workers": [
                                                {
                                                    "Worker Number": 0,
                                                    "Actual Startup Time": 0.024,
                                                    "Actual Total Time": 0.032,
                                                    "Actual Rows": 7,
                                                    "Actual Loops": 20983
                                                },
                                                {
                                                    "Worker Number": 1,
                                                    "Actual Startup Time": 0.026,
                                                    "Actual Total Time": 0.035,
                                                    "Actual Rows": 7,
                                                    "Actual Loops": 19256
                                                },
                                                {
                                                    "Worker Number": 2,
                                                    "Actual Startup Time": 0.023,
                                                    "Actual Total Time": 0.031,
                                                    "Actual Rows": 7,
                                                    "Actual Loops": 21241
                                                },
                                                {
                                                    "Worker Number": 3,
                                                    "Actual Startup Time": 0.023,
                                                    "Actual Total Time": 0.031,
                                                    "Actual Rows": 7,
                                                    "Actual Loops": 21639
                                                },
                                                {
                                                    "Worker Number": 4,
                                                    "Actual Startup Time": 0.023,
                                                    "Actual Total Time": 0.03,
                                                    "Actual Rows": 7,
                                                    "Actual Loops": 21808
                                                }
                                            ]
                                        }
                                    ]
                                }
                            ]
                        }
                    ]
                }
            ]
        },
        "Planning Time": 1687.264,
        "Triggers": [],
        "Execution Time": 1017.249
    }
]