[
  {
    "Plan": {
      "Node Type": "Aggregate",
      "Strategy": "Plain",
      "Partial Mode": "Finalize",
      "Parallel Aware": false,
      "Startup Cost": 216217.43,
      "Total Cost": 216217.44,
      "Plan Rows": 1,
      "Plan Width": 8,
      "Actual Startup Time": 142.985,
      "Actual Total Time": 164.926,
      "Actual Rows": 1,
      "Actual Loops": 1,
      "Plans": [
        {
          "Node Type": "Gather",
          "Parent Relationship": "Outer",
          "Parallel Aware": false,
          "Startup Cost": 216217.01,
          "Total Cost": 216217.42,
          "Plan Rows": 4,
          "Plan Width": 8,
          "Actual Startup Time": 142.862,
          "Actual Total Time": 164.916,
          "Actual Rows": 5,
          "Actual Loops": 1,
          "Workers Planned": 4,
          "Workers Launched": 4,
          "Single Copy": false,
          "Plans": [
            {
              "Node Type": "Aggregate",
              "Strategy": "Plain",
              "Partial Mode": "Partial",
              "Parent Relationship": "Outer",
              "Parallel Aware": false,
              "Startup Cost": 215217.01,
              "Total Cost": 215217.02,
              "Plan Rows": 1,
              "Plan Width": 8,
              "Actual Startup Time": 133.185,
              "Actual Total Time": 133.186,
              "Actual Rows": 1,
              "Actual Loops": 5,
              "Plans": [
                {
                  "Node Type": "Nested Loop",
                  "Parent Relationship": "Outer",
                  "Parallel Aware": false,
                  "Join Type": "Inner",
                  "Startup Cost": 0.43,
                  "Total Cost": 215215.92,
                  "Plan Rows": 436,
                  "Plan Width": 0,
                  "Actual Startup Time": 61.344,
                  "Actual Total Time": 132.913,
                  "Actual Rows": 1834,
                  "Actual Loops": 5,
                  "Inner Unique": false,
                  "Plans": [
                    {
                      "Node Type": "Seq Scan",
                      "Parent Relationship": "Outer",
                      "Parallel Aware": true,
                      "Relation Name": "title",
                      "Alias": "t",
                      "Startup Cost": 0.0,
                      "Total Cost": 43898.92,
                      "Plan Rows": 2340,
                      "Plan Width": 4,
                      "Actual Startup Time": 56.679,
                      "Actual Total Time": 85.723,
                      "Actual Rows": 1887,
                      "Actual Loops": 5,
                      "Filter": "(production_year < 1902)",
                      "Rows Removed by Filter": 503775
                    },
                    {
                      "Node Type": "Index Scan",
                      "Parent Relationship": "Inner",
                      "Parallel Aware": false,
                      "Scan Direction": "Forward",
                      "Index Name": "movie_id_movie_info",
                      "Relation Name": "movie_info",
                      "Alias": "mi",
                      "Startup Cost": 0.43,
                      "Total Cost": 73.2,
                      "Plan Rows": 1,
                      "Plan Width": 4,
                      "Actual Startup Time": 0.013,
                      "Actual Total Time": 0.024,
                      "Actual Rows": 1,
                      "Actual Loops": 9435,
                      "Index Cond": "(movie_id = t.id)",
                      "Rows Removed by Index Recheck": 0,
                      "Filter": "(info_type_id = 6)",
                      "Rows Removed by Filter": 7
                    }
                  ]
                }
              ]
            }
          ]
        }
      ]
    },
    "Planning Time": 0.689,
    "Triggers": [],
    "Execution Time": 165.008
  }
]