[
  {
    "Plan": {
      "Node Type": "Aggregate",
      "Strategy": "Plain",
      "Partial Mode": "Finalize",
      "Parallel Aware": false,
      "Startup Cost": 77881.37,
      "Total Cost": 77881.38,
      "Plan Rows": 1,
      "Plan Width": 8,
      "Actual Startup Time": 138.106,
      "Actual Total Time": 155.95,
      "Actual Rows": 1,
      "Actual Loops": 1,
      "Plans": [
        {
          "Node Type": "Gather",
          "Parent Relationship": "Outer",
          "Parallel Aware": false,
          "Startup Cost": 77880.95,
          "Total Cost": 77881.36,
          "Plan Rows": 4,
          "Plan Width": 8,
          "Actual Startup Time": 137.854,
          "Actual Total Time": 155.94,
          "Actual Rows": 5,
          "Actual Loops": 1,
          "Workers Planned": 4,
          "Workers Launched": 4,
          "Single Copy": false,
          "Plans": [
            {
              "Node Type": "Aggregate",
              "Strategy": "Plain",
              "Partial Mode": "Partial",
              "Parent Relationship": "Outer",
              "Parallel Aware": false,
              "Startup Cost": 76880.95,
              "Total Cost": 76880.96,
              "Plan Rows": 1,
              "Plan Width": 8,
              "Actual Startup Time": 128.067,
              "Actual Total Time": 128.068,
              "Actual Rows": 1,
              "Actual Loops": 5,
              "Plans": [
                {
                  "Node Type": "Nested Loop",
                  "Parent Relationship": "Outer",
                  "Parallel Aware": false,
                  "Join Type": "Inner",
                  "Startup Cost": 0.43,
                  "Total Cost": 76864.44,
                  "Plan Rows": 6602,
                  "Plan Width": 0,
                  "Actual Startup Time": 0.649,
                  "Actual Total Time": 127.127,
                  "Actual Rows": 10207,
                  "Actual Loops": 5,
                  "Inner Unique": false,
                  "Plans": [
                    {
                      "Node Type": "Seq Scan",
                      "Parent Relationship": "Outer",
                      "Parallel Aware": true,
                      "Relation Name": "title",
                      "Alias": "t",
                      "Startup Cost": 0.0,
                      "Total Cost": 45479.1,
                      "Plan Rows": 6560,
                      "Plan Width": 4,
                      "Actual Startup Time": 0.477,
                      "Actual Total Time": 84.538,
                      "Actual Rows": 4785,
                      "Actual Loops": 5,
                      "Filter": "((kind_id < 7) AND (production_year = 2003))",
                      "Rows Removed by Filter": 500877
                    },
                    {
                      "Node Type": "Index Scan",
                      "Parent Relationship": "Inner",
                      "Parallel Aware": false,
                      "Scan Direction": "Forward",
                      "Index Name": "movie_id_movie_companies",
                      "Relation Name": "movie_companies",
                      "Alias": "mc",
                      "Startup Cost": 0.43,
                      "Total Cost": 4.73,
                      "Plan Rows": 5,
                      "Plan Width": 4,
                      "Actual Startup Time": 0.007,
                      "Actual Total Time": 0.008,
                      "Actual Rows": 2,
                      "Actual Loops": 23926,
                      "Index Cond": "(movie_id = t.id)",
                      "Rows Removed by Index Recheck": 0,
                      "Filter": "(company_id > 6)",
                      "Rows Removed by Filter": 0
                    }
                  ]
                }
              ]
            }
          ]
        }
      ]
    },
    "Planning Time": 0.69,
    "Triggers": [],
    "Execution Time": 156.02
  }
]