[
  {
    "Plan": {
      "Node Type": "Aggregate",
      "Strategy": "Plain",
      "Partial Mode": "Finalize",
      "Parallel Aware": false,
      "Startup Cost": 232976.64,
      "Total Cost": 232976.65,
      "Plan Rows": 1,
      "Plan Width": 8,
      "Actual Startup Time": 168.972,
      "Actual Total Time": 196.901,
      "Actual Rows": 1,
      "Actual Loops": 1,
      "Plans": [
        {
          "Node Type": "Gather",
          "Parent Relationship": "Outer",
          "Parallel Aware": false,
          "Startup Cost": 232976.22,
          "Total Cost": 232976.63,
          "Plan Rows": 4,
          "Plan Width": 8,
          "Actual Startup Time": 168.689,
          "Actual Total Time": 196.892,
          "Actual Rows": 5,
          "Actual Loops": 1,
          "Workers Planned": 4,
          "Workers Launched": 4,
          "Single Copy": false,
          "Plans": [
            {
              "Node Type": "Aggregate",
              "Strategy": "Plain",
              "Partial Mode": "Partial",
              "Parent Relationship": "Outer",
              "Parallel Aware": false,
              "Startup Cost": 231976.22,
              "Total Cost": 231976.23,
              "Plan Rows": 1,
              "Plan Width": 8,
              "Actual Startup Time": 158.701,
              "Actual Total Time": 158.703,
              "Actual Rows": 1,
              "Actual Loops": 5,
              "Plans": [
                {
                  "Node Type": "Nested Loop",
                  "Parent Relationship": "Outer",
                  "Parallel Aware": false,
                  "Join Type": "Inner",
                  "Startup Cost": 0.43,
                  "Total Cost": 231955.74,
                  "Plan Rows": 8194,
                  "Plan Width": 0,
                  "Actual Startup Time": 60.359,
                  "Actual Total Time": 157.883,
                  "Actual Rows": 9430,
                  "Actual Loops": 5,
                  "Inner Unique": false,
                  "Plans": [
                    {
                      "Node Type": "Seq Scan",
                      "Parent Relationship": "Outer",
                      "Parallel Aware": true,
                      "Relation Name": "title",
                      "Alias": "t",
                      "Startup Cost": 0.0,
                      "Total Cost": 45479.59,
                      "Plan Rows": 5617,
                      "Plan Width": 4,
                      "Actual Startup Time": 60.224,
                      "Actual Total Time": 84.449,
                      "Actual Rows": 2610,
                      "Actual Loops": 5,
                      "Filter": "((kind_id = 1) AND (production_year = 2004))",
                      "Rows Removed by Filter": 503052
                    },
                    {
                      "Node Type": "Index Scan",
                      "Parent Relationship": "Inner",
                      "Parallel Aware": false,
                      "Scan Direction": "Forward",
                      "Index Name": "movie_id_movie_info",
                      "Relation Name": "movie_info",
                      "Alias": "mi",
                      "Startup Cost": 0.43,
                      "Total Cost": 33.1,
                      "Plan Rows": 10,
                      "Plan Width": 4,
                      "Actual Startup Time": 0.013,
                      "Actual Total Time": 0.027,
                      "Actual Rows": 4,
                      "Actual Loops": 13050,
                      "Index Cond": "(movie_id = t.id)",
                      "Rows Removed by Index Recheck": 0,
                      "Filter": "(info_type_id < 4)",
                      "Rows Removed by Filter": 13
                    }
                  ]
                }
              ]
            }
          ]
        }
      ]
    },
    "Planning Time": 0.687,
    "Triggers": [],
    "Execution Time": 196.984
  }
]