[
  {
    "Plan": {
      "Node Type": "Aggregate",
      "Strategy": "Plain",
      "Partial Mode": "Simple",
      "Parallel Aware": false,
      "Startup Cost": 19868.52,
      "Total Cost": 19868.53,
      "Plan Rows": 1,
      "Plan Width": 8,
      "Actual Startup Time": 27.82,
      "Actual Total Time": 27.821,
      "Actual Rows": 1,
      "Actual Loops": 1,
      "Plans": [
        {
          "Node Type": "Bitmap Heap Scan",
          "Parent Relationship": "Outer",
          "Parallel Aware": false,
          "Relation Name": "movie_keyword",
          "Alias": "mk",
          "Startup Cost": 232.57,
          "Total Cost": 19841.37,
          "Plan Rows": 10857,
          "Plan Width": 0,
          "Actual Startup Time": 7.85,
          "Actual Total Time": 26.424,
          "Actual Rows": 10799,
          "Actual Loops": 1,
          "Recheck Cond": "(keyword_id = 347)",
          "Rows Removed by Index Recheck": 0,
          "Exact Heap Blocks": 7684,
          "Lossy Heap Blocks": 0,
          "Plans": [
            {
              "Node Type": "Bitmap Index Scan",
              "Parent Relationship": "Outer",
              "Parallel Aware": false,
              "Index Name": "keyword_id_movie_keyword",
              "Startup Cost": 0.0,
              "Total Cost": 229.86,
              "Plan Rows": 10857,
              "Plan Width": 0,
              "Actual Startup Time": 4.03,
              "Actual Total Time": 4.031,
              "Actual Rows": 10799,
              "Actual Loops": 1,
              "Index Cond": "(keyword_id = 347)"
            }
          ]
        }
      ]
    },
    "Planning Time": 0.167,
    "Triggers": [],
    "Execution Time": 27.883
  }
]