[
  {
    "Plan": {
      "Node Type": "Aggregate",
      "Strategy": "Plain",
      "Partial Mode": "Finalize",
      "Parallel Aware": false,
      "Startup Cost": 311512.71,
      "Total Cost": 311512.72,
      "Plan Rows": 1,
      "Plan Width": 8,
      "Actual Startup Time": 796.422,
      "Actual Total Time": 805.615,
      "Actual Rows": 1,
      "Actual Loops": 1,
      "Plans": [
        {
          "Node Type": "Gather",
          "Parent Relationship": "Outer",
          "Parallel Aware": false,
          "Startup Cost": 311512.08,
          "Total Cost": 311512.69,
          "Plan Rows": 6,
          "Plan Width": 8,
          "Actual Startup Time": 795.864,
          "Actual Total Time": 805.608,
          "Actual Rows": 7,
          "Actual Loops": 1,
          "Workers Planned": 6,
          "Workers Launched": 6,
          "Single Copy": false,
          "Plans": [
            {
              "Node Type": "Aggregate",
              "Strategy": "Plain",
              "Partial Mode": "Partial",
              "Parent Relationship": "Outer",
              "Parallel Aware": false,
              "Startup Cost": 310512.08,
              "Total Cost": 310512.09,
              "Plan Rows": 1,
              "Plan Width": 8,
              "Actual Startup Time": 789.189,
              "Actual Total Time": 789.191,
              "Actual Rows": 1,
              "Actual Loops": 7,
              "Plans": [
                {
                  "Node Type": "Bitmap Heap Scan",
                  "Parent Relationship": "Outer",
                  "Parallel Aware": true,
                  "Relation Name": "cast_info",
                  "Alias": "ci",
                  "Startup Cost": 51354.68,
                  "Total Cost": 309879.96,
                  "Plan Rows": 252850,
                  "Plan Width": 0,
                  "Actual Startup Time": 752.688,
                  "Actual Total Time": 784.962,
                  "Actual Rows": 97663,
                  "Actual Loops": 7,
                  "Recheck Cond": "(person_id < 233881)",
                  "Rows Removed by Index Recheck": 0,
                  "Filter": "(role_id > 1)",
                  "Rows Removed by Filter": 245775,
                  "Exact Heap Blocks": 5976,
                  "Lossy Heap Blocks": 0,
                  "Plans": [
                    {
                      "Node Type": "Bitmap Index Scan",
                      "Parent Relationship": "Outer",
                      "Parallel Aware": false,
                      "Index Name": "person_id_cast_info",
                      "Startup Cost": 0.0,
                      "Total Cost": 50975.4,
                      "Plan Rows": 2335312,
                      "Plan Width": 0,
                      "Actual Startup Time": 686.713,
                      "Actual Total Time": 686.714,
                      "Actual Rows": 2404064,
                      "Actual Loops": 1,
                      "Index Cond": "(person_id < 233881)"
                    }
                  ]
                }
              ]
            }
          ]
        }
      ]
    },
    "Planning Time": 0.231,
    "Triggers": [],
    "Execution Time": 805.691
  }
]