[
  {
    "Plan": {
      "Node Type": "Aggregate",
      "Strategy": "Plain",
      "Partial Mode": "Finalize",
      "Parallel Aware": false,
      "Startup Cost": 134179.59,
      "Total Cost": 134179.6,
      "Plan Rows": 1,
      "Plan Width": 8,
      "Actual Startup Time": 105.702,
      "Actual Total Time": 121.289,
      "Actual Rows": 1,
      "Actual Loops": 1,
      "Plans": [
        {
          "Node Type": "Gather",
          "Parent Relationship": "Outer",
          "Parallel Aware": false,
          "Startup Cost": 134179.17,
          "Total Cost": 134179.58,
          "Plan Rows": 4,
          "Plan Width": 8,
          "Actual Startup Time": 105.433,
          "Actual Total Time": 121.277,
          "Actual Rows": 5,
          "Actual Loops": 1,
          "Workers Planned": 4,
          "Workers Launched": 4,
          "Single Copy": false,
          "Plans": [
            {
              "Node Type": "Aggregate",
              "Strategy": "Plain",
              "Partial Mode": "Partial",
              "Parent Relationship": "Outer",
              "Parallel Aware": false,
              "Startup Cost": 133179.17,
              "Total Cost": 133179.18,
              "Plan Rows": 1,
              "Plan Width": 8,
              "Actual Startup Time": 99.709,
              "Actual Total Time": 99.712,
              "Actual Rows": 1,
              "Actual Loops": 5,
              "Plans": [
                {
                  "Node Type": "Nested Loop",
                  "Parent Relationship": "Outer",
                  "Parallel Aware": false,
                  "Join Type": "Inner",
                  "Startup Cost": 0.56,
                  "Total Cost": 133153.46,
                  "Plan Rows": 10284,
                  "Plan Width": 0,
                  "Actual Startup Time": 52.636,
                  "Actual Total Time": 99.457,
                  "Actual Rows": 2461,
                  "Actual Loops": 5,
                  "Inner Unique": false,
                  "Plans": [
                    {
                      "Node Type": "Seq Scan",
                      "Parent Relationship": "Outer",
                      "Parallel Aware": true,
                      "Relation Name": "title",
                      "Alias": "t",
                      "Startup Cost": 0.0,
                      "Total Cost": 45479.59,
                      "Plan Rows": 717,
                      "Plan Width": 4,
                      "Actual Startup Time": 52.463,
                      "Actual Total Time": 76.42,
                      "Actual Rows": 2247,
                      "Actual Loops": 5,
                      "Filter": "((production_year < 1903) AND (kind_id = 1))",
                      "Rows Removed by Filter": 503416
                    },
                    {
                      "Node Type": "Index Only Scan",
                      "Parent Relationship": "Inner",
                      "Parallel Aware": false,
                      "Scan Direction": "Forward",
                      "Index Name": "movie_id_cast_info",
                      "Relation Name": "cast_info",
                      "Alias": "ci",
                      "Startup Cost": 0.56,
                      "Total Cost": 121.93,
                      "Plan Rows": 35,
                      "Plan Width": 4,
                      "Actual Startup Time": 0.009,
                      "Actual Total Time": 0.01,
                      "Actual Rows": 1,
                      "Actual Loops": 11233,
                      "Index Cond": "(movie_id = t.id)",
                      "Rows Removed by Index Recheck": 0,
                      "Heap Fetches": 12304
                    }
                  ]
                }
              ]
            }
          ]
        }
      ]
    },
    "Planning Time": 0.276,
    "Triggers": [],
    "Execution Time": 121.33
  }
]