[
  {
    "Plan": {
      "Node Type": "Aggregate",
      "Strategy": "Plain",
      "Partial Mode": "Finalize",
      "Parallel Aware": false,
      "Startup Cost": 140198.12,
      "Total Cost": 140198.13,
      "Plan Rows": 1,
      "Plan Width": 8,
      "Actual Startup Time": 106.465,
      "Actual Total Time": 121.594,
      "Actual Rows": 1,
      "Actual Loops": 1,
      "Plans": [
        {
          "Node Type": "Gather",
          "Parent Relationship": "Outer",
          "Parallel Aware": false,
          "Startup Cost": 140197.7,
          "Total Cost": 140198.11,
          "Plan Rows": 4,
          "Plan Width": 8,
          "Actual Startup Time": 106.355,
          "Actual Total Time": 121.587,
          "Actual Rows": 5,
          "Actual Loops": 1,
          "Workers Planned": 4,
          "Workers Launched": 4,
          "Single Copy": false,
          "Plans": [
            {
              "Node Type": "Aggregate",
              "Strategy": "Plain",
              "Partial Mode": "Partial",
              "Parent Relationship": "Outer",
              "Parallel Aware": false,
              "Startup Cost": 139197.7,
              "Total Cost": 139197.71,
              "Plan Rows": 1,
              "Plan Width": 8,
              "Actual Startup Time": 96.932,
              "Actual Total Time": 96.934,
              "Actual Rows": 1,
              "Actual Loops": 5,
              "Plans": [
                {
                  "Node Type": "Nested Loop",
                  "Parent Relationship": "Outer",
                  "Parallel Aware": false,
                  "Join Type": "Inner",
                  "Startup Cost": 0.56,
                  "Total Cost": 139171.34,
                  "Plan Rows": 10542,
                  "Plan Width": 0,
                  "Actual Startup Time": 55.587,
                  "Actual Total Time": 96.699,
                  "Actual Rows": 2461,
                  "Actual Loops": 5,
                  "Inner Unique": false,
                  "Plans": [
                    {
                      "Node Type": "Seq Scan",
                      "Parent Relationship": "Outer",
                      "Parallel Aware": true,
                      "Relation Name": "title",
                      "Alias": "t",
                      "Startup Cost": 0.0,
                      "Total Cost": 45479.1,
                      "Plan Rows": 736,
                      "Plan Width": 4,
                      "Actual Startup Time": 55.47,
                      "Actual Total Time": 77.014,
                      "Actual Rows": 2247,
                      "Actual Loops": 5,
                      "Filter": "((production_year < 1903) AND (kind_id = 1))",
                      "Rows Removed by Filter": 503416
                    },
                    {
                      "Node Type": "Index Only Scan",
                      "Parent Relationship": "Inner",
                      "Parallel Aware": false,
                      "Scan Direction": "Forward",
                      "Index Name": "movie_id_cast_info",
                      "Relation Name": "cast_info",
                      "Alias": "ci",
                      "Startup Cost": 0.56,
                      "Total Cost": 126.93,
                      "Plan Rows": 37,
                      "Plan Width": 4,
                      "Actual Startup Time": 0.007,
                      "Actual Total Time": 0.008,
                      "Actual Rows": 1,
                      "Actual Loops": 11233,
                      "Index Cond": "(movie_id = t.id)",
                      "Rows Removed by Index Recheck": 0,
                      "Heap Fetches": 12304
                    }
                  ]
                }
              ]
            }
          ]
        }
      ]
    },
    "Planning Time": 0.351,
    "Triggers": [],
    "Execution Time": 121.641
  }
]