[
  {
    "Plan": {
      "Node Type": "Aggregate",
      "Strategy": "Plain",
      "Partial Mode": "Finalize",
      "Parallel Aware": false,
      "Startup Cost": 343866.96,
      "Total Cost": 343866.97,
      "Plan Rows": 1,
      "Plan Width": 8,
      "Actual Startup Time": 915.694,
      "Actual Total Time": 970.329,
      "Actual Rows": 1,
      "Actual Loops": 1,
      "Plans": [
        {
          "Node Type": "Gather",
          "Parent Relationship": "Outer",
          "Parallel Aware": false,
          "Startup Cost": 343866.33,
          "Total Cost": 343866.94,
          "Plan Rows": 6,
          "Plan Width": 8,
          "Actual Startup Time": 915.477,
          "Actual Total Time": 970.315,
          "Actual Rows": 7,
          "Actual Loops": 1,
          "Workers Planned": 6,
          "Workers Launched": 6,
          "Single Copy": false,
          "Plans": [
            {
              "Node Type": "Aggregate",
              "Strategy": "Plain",
              "Partial Mode": "Partial",
              "Parent Relationship": "Outer",
              "Parallel Aware": false,
              "Startup Cost": 342866.33,
              "Total Cost": 342866.34,
              "Plan Rows": 1,
              "Plan Width": 8,
              "Actual Startup Time": 908.548,
              "Actual Total Time": 908.549,
              "Actual Rows": 1,
              "Actual Loops": 7,
              "Plans": [
                {
                  "Node Type": "Seq Scan",
                  "Parent Relationship": "Outer",
                  "Parallel Aware": true,
                  "Relation Name": "cast_info",
                  "Alias": "ci",
                  "Startup Cost": 0.0,
                  "Total Cost": 328211.39,
                  "Plan Rows": 5861976,
                  "Plan Width": 0,
                  "Actual Startup Time": 13.254,
                  "Actual Total Time": 664.934,
                  "Actual Rows": 5018314,
                  "Actual Loops": 7,
                  "Filter": "(person_id > 114218)",
                  "Rows Removed by Filter": 159449
                }
              ]
            }
          ]
        }
      ]
    },
    "Planning Time": 0.116,
    "Triggers": [],
    "Execution Time": 970.377
  }
]