{
  "Plan": {
    "Node Type": "Aggregate",
    "Strategy": "Plain",
    "Partial Mode": "Finalize",
    "Parallel Aware": false,
    "Startup Cost": 114680.2,
    "Total Cost": 114680.21,
    "Plan Rows": 1,
    "Plan Width": 8,
    "Actual Startup Time": 425.081,
    "Actual Total Time": 438.036,
    "Actual Rows": 1,
    "Actual Loops": 1,
    "Plans": [
      {
        "Node Type": "Gather",
        "Parent Relationship": "Outer",
        "Parallel Aware": false,
        "Startup Cost": 114680.09,
        "Total Cost": 114680.2,
        "Plan Rows": 1,
        "Plan Width": 8,
        "Actual Startup Time": 424.009,
        "Actual Total Time": 438.023,
        "Actual Rows": 2,
        "Actual Loops": 1,
        "Workers Planned": 1,
        "Workers Launched": 1,
        "Single Copy": false,
        "Plans": [
          {
            "Node Type": "Aggregate",
            "Strategy": "Plain",
            "Partial Mode": "Partial",
            "Parent Relationship": "Outer",
            "Parallel Aware": false,
            "Startup Cost": 113680.09,
            "Total Cost": 113680.1,
            "Plan Rows": 1,
            "Plan Width": 8,
            "Actual Startup Time": 418.671,
            "Actual Total Time": 418.686,
            "Actual Rows": 1,
            "Actual Loops": 2,
            "Plans": [
              {
                "Node Type": "Hash Join",
                "Parent Relationship": "Outer",
                "Parallel Aware": true,
                "Join Type": "Inner",
                "Startup Cost": 78912.61,
                "Total Cost": 113607.68,
                "Plan Rows": 28966,
                "Plan Width": 0,
                "Actual Startup Time": 264.639,
                "Actual Total Time": 413.882,
                "Actual Rows": 119860,
                "Actual Loops": 2,
                "Inner Unique": true,
                "Hash Cond": "(mk.movie_id = t.id)",
                "Plans": [
                  {
                    "Node Type": "Bitmap Heap Scan",
                    "Parent Relationship": "Outer",
                    "Parallel Aware": true,
                    "Relation Name": "movie_keyword",
                    "Alias": "mk",
                    "Startup Cost": 24417.16,
                    "Total Cost": 57334.85,
                    "Plan Rows": 677095,
                    "Plan Width": 4,
                    "Actual Startup Time": 75.868,
                    "Actual Total Time": 185.367,
                    "Actual Rows": 577038,
                    "Actual Loops": 2,
                    "Recheck Cond": "(keyword_id > 16154)",
                    "Rows Removed by Index Recheck": 0,
                    "Exact Heap Blocks": 11555,
                    "Lossy Heap Blocks": 0,
                    "Plans": [
                      {
                        "Node Type": "Bitmap Index Scan",
                        "Parent Relationship": "Outer",
                        "Parallel Aware": false,
                        "Index Name": "keyword_id_movie_keyword",
                        "Startup Cost": 0.0,
                        "Total Cost": 24129.4,
                        "Plan Rows": 1151062,
                        "Plan Width": 0,
                        "Actual Startup Time": 72.229,
                        "Actual Total Time": 72.23,
                        "Actual Rows": 1154076,
                        "Actual Loops": 1,
                        "Index Cond": "(keyword_id > 16154)"
                      }
                    ]
                  },
                  {
                    "Node Type": "Hash",
                    "Parent Relationship": "Inner",
                    "Parallel Aware": true,
                    "Startup Cost": 53700.15,
                    "Total Cost": 53700.15,
                    "Plan Rows": 63624,
                    "Plan Width": 4,
                    "Actual Startup Time": 144.488,
                    "Actual Total Time": 144.489,
                    "Actual Rows": 122020,
                    "Actual Loops": 2,
                    "Hash Buckets": 262144,
                    "Original Hash Buckets": 131072,
                    "Hash Batches": 1,
                    "Original Hash Batches": 1,
                    "Peak Memory Usage": 12672,
                    "Plans": [
                      {
                        "Node Type": "Bitmap Heap Scan",
                        "Parent Relationship": "Outer",
                        "Parallel Aware": true,
                        "Relation Name": "title",
                        "Alias": "t",
                        "Startup Cost": 11849.89,
                        "Total Cost": 53700.15,
                        "Plan Rows": 63624,
                        "Plan Width": 4,
                        "Actual Startup Time": 38.476,
                        "Actual Total Time": 108.043,
                        "Actual Rows": 122020,
                        "Actual Loops": 2,
                        "Recheck Cond": "(kind_id = 1)",
                        "Rows Removed by Index Recheck": 0,
                        "Filter": "(production_year < 1974)",
                        "Rows Removed by Filter": 209392,
                        "Exact Heap Blocks": 8129,
                        "Lossy Heap Blocks": 0,
                        "Plans": [
                          {
                            "Node Type": "Bitmap Index Scan",
                            "Parent Relationship": "Outer",
                            "Parallel Aware": false,
                            "Index Name": "kind_id_title",
                            "Startup Cost": 0.0,
                            "Total Cost": 11822.85,
                            "Plan Rows": 663256,
                            "Plan Width": 0,
                            "Actual Startup Time": 39.297,
                            "Actual Total Time": 39.297,
                            "Actual Rows": 662825,
                            "Actual Loops": 1,
                            "Index Cond": "(kind_id = 1)"
                          }
                        ]
                      }
                    ]
                  }
                ]
              }
            ]
          }
        ]
      }
    ]
  },
  "Planning Time": 0.579,
  "Triggers": [],
  "Execution Time": 438.155
}