[
  {
    "Plan": {
      "Node Type": "Aggregate",
      "Strategy": "Plain",
      "Partial Mode": "Finalize",
      "Parallel Aware": false,
      "Startup Cost": 33643.38,
      "Total Cost": 33643.39,
      "Plan Rows": 1,
      "Plan Width": 8,
      "Actual Startup Time": 100.574,
      "Actual Total Time": 107.473,
      "Actual Rows": 1,
      "Actual Loops": 1,
      "Plans": [
        {
          "Node Type": "Gather",
          "Parent Relationship": "Outer",
          "Parallel Aware": false,
          "Startup Cost": 33643.17,
          "Total Cost": 33643.38,
          "Plan Rows": 2,
          "Plan Width": 8,
          "Actual Startup Time": 100.367,
          "Actual Total Time": 107.467,
          "Actual Rows": 3,
          "Actual Loops": 1,
          "Workers Planned": 2,
          "Workers Launched": 2,
          "Single Copy": false,
          "Plans": [
            {
              "Node Type": "Aggregate",
              "Strategy": "Plain",
              "Partial Mode": "Partial",
              "Parent Relationship": "Outer",
              "Parallel Aware": false,
              "Startup Cost": 32643.17,
              "Total Cost": 32643.18,
              "Plan Rows": 1,
              "Plan Width": 8,
              "Actual Startup Time": 92.199,
              "Actual Total Time": 92.2,
              "Actual Rows": 1,
              "Actual Loops": 3,
              "Plans": [
                {
                  "Node Type": "Nested Loop",
                  "Parent Relationship": "Outer",
                  "Parallel Aware": false,
                  "Join Type": "Inner",
                  "Startup Cost": 132.78,
                  "Total Cost": 32641.65,
                  "Plan Rows": 608,
                  "Plan Width": 0,
                  "Actual Startup Time": 54.938,
                  "Actual Total Time": 91.994,
                  "Actual Rows": 893,
                  "Actual Loops": 3,
                  "Inner Unique": true,
                  "Plans": [
                    {
                      "Node Type": "Bitmap Heap Scan",
                      "Parent Relationship": "Outer",
                      "Parallel Aware": true,
                      "Relation Name": "movie_keyword",
                      "Alias": "mk",
                      "Startup Cost": 132.35,
                      "Total Cost": 14320.78,
                      "Plan Rows": 2576,
                      "Plan Width": 4,
                      "Actual Startup Time": 54.657,
                      "Actual Total Time": 66.039,
                      "Actual Rows": 1816,
                      "Actual Loops": 3,
                      "Recheck Cond": "(keyword_id = 1559)",
                      "Rows Removed by Index Recheck": 0,
                      "Exact Heap Blocks": 3612,
                      "Lossy Heap Blocks": 0,
                      "Plans": [
                        {
                          "Node Type": "Bitmap Index Scan",
                          "Parent Relationship": "Outer",
                          "Parallel Aware": false,
                          "Index Name": "keyword_id_movie_keyword",
                          "Startup Cost": 0.0,
                          "Total Cost": 130.81,
                          "Plan Rows": 6183,
                          "Plan Width": 0,
                          "Actual Startup Time": 59.198,
                          "Actual Total Time": 59.198,
                          "Actual Rows": 5449,
                          "Actual Loops": 1,
                          "Index Cond": "(keyword_id = 1559)"
                        }
                      ]
                    },
                    {
                      "Node Type": "Index Scan",
                      "Parent Relationship": "Inner",
                      "Parallel Aware": false,
                      "Scan Direction": "Forward",
                      "Index Name": "title_pkey",
                      "Relation Name": "title",
                      "Alias": "t",
                      "Startup Cost": 0.43,
                      "Total Cost": 7.11,
                      "Plan Rows": 1,
                      "Plan Width": 4,
                      "Actual Startup Time": 0.013,
                      "Actual Total Time": 0.013,
                      "Actual Rows": 0,
                      "Actual Loops": 5449,
                      "Index Cond": "(id = mk.movie_id)",
                      "Rows Removed by Index Recheck": 0,
                      "Filter": "(production_year < 1986)",
                      "Rows Removed by Filter": 1
                    }
                  ]
                }
              ]
            }
          ]
        }
      ]
    },
    "Planning Time": 0.62,
    "Triggers": [],
    "Execution Time": 107.559
  }
]