[
  {
    "Plan": {
      "Node Type": "Aggregate",
      "Strategy": "Plain",
      "Partial Mode": "Finalize",
      "Parallel Aware": false,
      "Startup Cost": 55396.94,
      "Total Cost": 55396.95,
      "Plan Rows": 1,
      "Plan Width": 8,
      "Actual Startup Time": 129.805,
      "Actual Total Time": 141.87,
      "Actual Rows": 1,
      "Actual Loops": 1,
      "Plans": [
        {
          "Node Type": "Gather",
          "Parent Relationship": "Outer",
          "Parallel Aware": false,
          "Startup Cost": 55396.72,
          "Total Cost": 55396.93,
          "Plan Rows": 2,
          "Plan Width": 8,
          "Actual Startup Time": 129.419,
          "Actual Total Time": 141.863,
          "Actual Rows": 3,
          "Actual Loops": 1,
          "Workers Planned": 2,
          "Workers Launched": 2,
          "Single Copy": false,
          "Plans": [
            {
              "Node Type": "Aggregate",
              "Strategy": "Plain",
              "Partial Mode": "Partial",
              "Parent Relationship": "Outer",
              "Parallel Aware": false,
              "Startup Cost": 54396.72,
              "Total Cost": 54396.73,
              "Plan Rows": 1,
              "Plan Width": 8,
              "Actual Startup Time": 121.442,
              "Actual Total Time": 121.446,
              "Actual Rows": 1,
              "Actual Loops": 3,
              "Plans": [
                {
                  "Node Type": "Hash Join",
                  "Parent Relationship": "Outer",
                  "Parallel Aware": true,
                  "Join Type": "Inner",
                  "Startup Cost": 38767.76,
                  "Total Cost": 54388.55,
                  "Plan Rows": 3270,
                  "Plan Width": 0,
                  "Actual Startup Time": 80.647,
                  "Actual Total Time": 121.247,
                  "Actual Rows": 2511,
                  "Actual Loops": 3,
                  "Inner Unique": true,
                  "Hash Cond": "(mi_idx.movie_id = t.id)",
                  "Plans": [
                    {
                      "Node Type": "Seq Scan",
                      "Parent Relationship": "Outer",
                      "Parallel Aware": true,
                      "Relation Name": "movie_info_idx",
                      "Alias": "mi_idx",
                      "Startup Cost": 0.0,
                      "Total Cost": 15122.68,
                      "Plan Rows": 189755,
                      "Plan Width": 4,
                      "Actual Startup Time": 0.016,
                      "Actual Total Time": 48.01,
                      "Actual Rows": 153308,
                      "Actual Loops": 3,
                      "Filter": "(info_type_id < 100)",
                      "Rows Removed by Filter": 306703
                    },
                    {
                      "Node Type": "Hash",
                      "Parent Relationship": "Inner",
                      "Parallel Aware": true,
                      "Startup Cost": 38631.62,
                      "Total Cost": 38631.62,
                      "Plan Rows": 10891,
                      "Plan Width": 4,
                      "Actual Startup Time": 54.175,
                      "Actual Total Time": 54.176,
                      "Actual Rows": 6951,
                      "Actual Loops": 3,
                      "Hash Buckets": 65536,
                      "Original Hash Buckets": 65536,
                      "Hash Batches": 1,
                      "Original Hash Batches": 1,
                      "Peak Memory Usage": 1408,
                      "Plans": [
                        {
                          "Node Type": "Bitmap Heap Scan",
                          "Parent Relationship": "Outer",
                          "Parallel Aware": true,
                          "Relation Name": "title",
                          "Alias": "t",
                          "Startup Cost": 2178.19,
                          "Total Cost": 38631.62,
                          "Plan Rows": 10891,
                          "Plan Width": 4,
                          "Actual Startup Time": 15.531,
                          "Actual Total Time": 51.27,
                          "Actual Rows": 6951,
                          "Actual Loops": 3,
                          "Recheck Cond": "(kind_id = 4)",
                          "Rows Removed by Index Recheck": 0,
                          "Filter": "(production_year < 1998)",
                          "Rows Removed by Filter": 32460,
                          "Exact Heap Blocks": 9821,
                          "Lossy Heap Blocks": 0,
                          "Plans": [
                            {
                              "Node Type": "Bitmap Index Scan",
                              "Parent Relationship": "Outer",
                              "Parallel Aware": false,
                              "Index Name": "kind_id_title",
                              "Startup Cost": 0.0,
                              "Total Cost": 2167.3,
                              "Plan Rows": 121449,
                              "Plan Width": 0,
                              "Actual Startup Time": 16.857,
                              "Actual Total Time": 16.858,
                              "Actual Rows": 118234,
                              "Actual Loops": 1,
                              "Index Cond": "(kind_id = 4)"
                            }
                          ]
                        }
                      ]
                    }
                  ]
                }
              ]
            }
          ]
        }
      ]
    },
    "Planning Time": 0.515,
    "Triggers": [],
    "Execution Time": 141.951
  }
]