[
  {
    "Plan": {
      "Node Type": "Aggregate",
      "Strategy": "Plain",
      "Partial Mode": "Finalize",
      "Parallel Aware": false,
      "Startup Cost": 31731.03,
      "Total Cost": 31731.04,
      "Plan Rows": 1,
      "Plan Width": 8,
      "Actual Startup Time": 123.132,
      "Actual Total Time": 131.667,
      "Actual Rows": 1,
      "Actual Loops": 1,
      "Plans": [
        {
          "Node Type": "Gather",
          "Parent Relationship": "Outer",
          "Parallel Aware": false,
          "Startup Cost": 31730.71,
          "Total Cost": 31731.02,
          "Plan Rows": 3,
          "Plan Width": 8,
          "Actual Startup Time": 123.056,
          "Actual Total Time": 131.659,
          "Actual Rows": 4,
          "Actual Loops": 1,
          "Workers Planned": 3,
          "Workers Launched": 3,
          "Single Copy": false,
          "Plans": [
            {
              "Node Type": "Aggregate",
              "Strategy": "Plain",
              "Partial Mode": "Partial",
              "Parent Relationship": "Outer",
              "Parallel Aware": false,
              "Startup Cost": 30730.71,
              "Total Cost": 30730.72,
              "Plan Rows": 1,
              "Plan Width": 8,
              "Actual Startup Time": 116.354,
              "Actual Total Time": 116.355,
              "Actual Rows": 1,
              "Actual Loops": 4,
              "Plans": [
                {
                  "Node Type": "Seq Scan",
                  "Parent Relationship": "Outer",
                  "Parallel Aware": true,
                  "Relation Name": "movie_companies",
                  "Alias": "mc",
                  "Startup Cost": 0.0,
                  "Total Cost": 29310.68,
                  "Plan Rows": 568013,
                  "Plan Width": 0,
                  "Actual Startup Time": 1.541,
                  "Actual Total Time": 92.714,
                  "Actual Rows": 441535,
                  "Actual Loops": 4,
                  "Filter": "(company_id > 2248)",
                  "Rows Removed by Filter": 210748
                }
              ]
            }
          ]
        }
      ]
    },
    "Planning Time": 0.188,
    "Triggers": [],
    "Execution Time": 131.73
  }
]