[
    {
        "Bao": {
            "Bao prediction": "NaN",
            "Bao recommended hint": "(no hint)"
        }
    },
    {
        "Plan": {
            "Node Type": "Aggregate",
            "Strategy": "Plain",
            "Partial Mode": "Finalize",
            "Parallel Aware": false,
            "Startup Cost": 42746.54,
            "Total Cost": 42746.55,
            "Plan Rows": 1,
            "Plan Width": 8,
            "Actual Startup Time": 135.666,
            "Actual Total Time": 142.944,
            "Actual Rows": 1,
            "Actual Loops": 1,
            "Output": [
                "count(*)"
            ],
            "Plans": [
                {
                    "Node Type": "Gather",
                    "Parent Relationship": "Outer",
                    "Parallel Aware": false,
                    "Startup Cost": 42746.23,
                    "Total Cost": 42746.54,
                    "Plan Rows": 3,
                    "Plan Width": 8,
                    "Actual Startup Time": 135.305,
                    "Actual Total Time": 142.936,
                    "Actual Rows": 4,
                    "Actual Loops": 1,
                    "Output": [
                        "(PARTIAL count(*))"
                    ],
                    "Workers Planned": 3,
                    "Workers Launched": 3,
                    "Single Copy": false,
                    "Plans": [
                        {
                            "Node Type": "Aggregate",
                            "Strategy": "Plain",
                            "Partial Mode": "Partial",
                            "Parent Relationship": "Outer",
                            "Parallel Aware": false,
                            "Startup Cost": 41746.23,
                            "Total Cost": 41746.24,
                            "Plan Rows": 1,
                            "Plan Width": 8,
                            "Actual Startup Time": 126.775,
                            "Actual Total Time": 126.776,
                            "Actual Rows": 1,
                            "Actual Loops": 4,
                            "Output": [
                                "PARTIAL count(*)"
                            ],
                            "Workers": [
                                {
                                    "Worker Number": 0,
                                    "Actual Startup Time": 123.661,
                                    "Actual Total Time": 123.663,
                                    "Actual Rows": 1,
                                    "Actual Loops": 1
                                },
                                {
                                    "Worker Number": 1,
                                    "Actual Startup Time": 123.963,
                                    "Actual Total Time": 123.965,
                                    "Actual Rows": 1,
                                    "Actual Loops": 1
                                },
                                {
                                    "Worker Number": 2,
                                    "Actual Startup Time": 124.412,
                                    "Actual Total Time": 124.414,
                                    "Actual Rows": 1,
                                    "Actual Loops": 1
                                }
                            ],
                            "Plans": [
                                {
                                    "Node Type": "Bitmap Heap Scan",
                                    "Parent Relationship": "Outer",
                                    "Parallel Aware": true,
                                    "Relation Name": "movie_keyword",
                                    "Schema": "public",
                                    "Alias": "mk",
                                    "Startup Cost": 14080.52,
                                    "Total Cost": 41210.94,
                                    "Plan Rows": 214114,
                                    "Plan Width": 0,
                                    "Actual Startup Time": 33.261,
                                    "Actual Total Time": 116.291,
                                    "Actual Rows": 162922,
                                    "Actual Loops": 4,
                                    "Recheck Cond": "(mk.keyword_id > 28839)",
                                    "Rows Removed by Index Recheck": 0,
                                    "Exact Heap Blocks": 11174,
                                    "Lossy Heap Blocks": 0,
                                    "Workers": [
                                        {
                                            "Worker Number": 0,
                                            "Actual Startup Time": 30.221,
                                            "Actual Total Time": 114.109,
                                            "Actual Rows": 113850,
                                            "Actual Loops": 1
                                        },
                                        {
                                            "Worker Number": 1,
                                            "Actual Startup Time": 30.641,
                                            "Actual Total Time": 114.534,
                                            "Actual Rows": 112148,
                                            "Actual Loops": 1
                                        },
                                        {
                                            "Worker Number": 2,
                                            "Actual Startup Time": 30.965,
                                            "Actual Total Time": 114.762,
                                            "Actual Rows": 114012,
                                            "Actual Loops": 1
                                        }
                                    ],
                                    "Plans": [
                                        {
                                            "Node Type": "Bitmap Index Scan",
                                            "Parent Relationship": "Outer",
                                            "Parallel Aware": false,
                                            "Index Name": "keyword_id_movie_keyword",
                                            "Startup Cost": 0.0,
                                            "Total Cost": 13914.58,
                                            "Plan Rows": 663753,
                                            "Plan Width": 0,
                                            "Actual Startup Time": 37.788,
                                            "Actual Total Time": 37.788,
                                            "Actual Rows": 651688,
                                            "Actual Loops": 1,
                                            "Index Cond": "(mk.keyword_id > 28839)"
                                        }
                                    ]
                                }
                            ]
                        }
                    ]
                }
            ]
        },
        "Planning Time": 182.297,
        "Triggers": [],
        "Execution Time": 142.989
    }
]