[
  {
    "Plan": {
      "Node Type": "Aggregate",
      "Strategy": "Plain",
      "Partial Mode": "Finalize",
      "Parallel Aware": false,
      "Startup Cost": 24922.26,
      "Total Cost": 24922.27,
      "Plan Rows": 1,
      "Plan Width": 8,
      "Actual Startup Time": 58.507,
      "Actual Total Time": 64.237,
      "Actual Rows": 1,
      "Actual Loops": 1,
      "Plans": [
        {
          "Node Type": "Gather",
          "Parent Relationship": "Outer",
          "Parallel Aware": false,
          "Startup Cost": 24921.95,
          "Total Cost": 24922.26,
          "Plan Rows": 3,
          "Plan Width": 8,
          "Actual Startup Time": 58.106,
          "Actual Total Time": 64.229,
          "Actual Rows": 4,
          "Actual Loops": 1,
          "Workers Planned": 3,
          "Workers Launched": 3,
          "Single Copy": false,
          "Plans": [
            {
              "Node Type": "Aggregate",
              "Strategy": "Plain",
              "Partial Mode": "Partial",
              "Parent Relationship": "Outer",
              "Parallel Aware": false,
              "Startup Cost": 23921.95,
              "Total Cost": 23921.96,
              "Plan Rows": 1,
              "Plan Width": 8,
              "Actual Startup Time": 54.206,
              "Actual Total Time": 54.207,
              "Actual Rows": 1,
              "Actual Loops": 4,
              "Plans": [
                {
                  "Node Type": "Bitmap Heap Scan",
                  "Parent Relationship": "Outer",
                  "Parallel Aware": true,
                  "Relation Name": "movie_companies",
                  "Alias": "mc",
                  "Startup Cost": 4129.12,
                  "Total Cost": 23846.38,
                  "Plan Rows": 30225,
                  "Plan Width": 0,
                  "Actual Startup Time": 18.869,
                  "Actual Total Time": 51.555,
                  "Actual Rows": 36733,
                  "Actual Loops": 4,
                  "Recheck Cond": "(company_id < 49)",
                  "Rows Removed by Index Recheck": 0,
                  "Filter": "(company_type_id < 2)",
                  "Rows Removed by Filter": 9778,
                  "Exact Heap Blocks": 7838,
                  "Lossy Heap Blocks": 0,
                  "Plans": [
                    {
                      "Node Type": "Bitmap Index Scan",
                      "Parent Relationship": "Outer",
                      "Parallel Aware": false,
                      "Index Name": "company_id_movie_companies",
                      "Startup Cost": 0.0,
                      "Total Cost": 4105.69,
                      "Plan Rows": 191635,
                      "Plan Width": 0,
                      "Actual Startup Time": 18.734,
                      "Actual Total Time": 18.734,
                      "Actual Rows": 186044,
                      "Actual Loops": 1,
                      "Index Cond": "(company_id < 49)"
                    }
                  ]
                }
              ]
            }
          ]
        }
      ]
    },
    "Planning Time": 0.368,
    "Triggers": [],
    "Execution Time": 64.327
  }
]