[
  {
    "Plan": {
      "Node Type": "Aggregate",
      "Strategy": "Plain",
      "Partial Mode": "Finalize",
      "Parallel Aware": false,
      "Startup Cost": 346745.67,
      "Total Cost": 346745.68,
      "Plan Rows": 1,
      "Plan Width": 8,
      "Actual Startup Time": 641.187,
      "Actual Total Time": 686.509,
      "Actual Rows": 1,
      "Actual Loops": 1,
      "Plans": [
        {
          "Node Type": "Gather",
          "Parent Relationship": "Outer",
          "Parallel Aware": false,
          "Startup Cost": 346745.04,
          "Total Cost": 346745.65,
          "Plan Rows": 6,
          "Plan Width": 8,
          "Actual Startup Time": 640.971,
          "Actual Total Time": 686.481,
          "Actual Rows": 7,
          "Actual Loops": 1,
          "Workers Planned": 6,
          "Workers Launched": 6,
          "Single Copy": false,
          "Plans": [
            {
              "Node Type": "Aggregate",
              "Strategy": "Plain",
              "Partial Mode": "Partial",
              "Parent Relationship": "Outer",
              "Parallel Aware": false,
              "Startup Cost": 345745.04,
              "Total Cost": 345745.05,
              "Plan Rows": 1,
              "Plan Width": 8,
              "Actual Startup Time": 630.345,
              "Actual Total Time": 630.347,
              "Actual Rows": 1,
              "Actual Loops": 7,
              "Plans": [
                {
                  "Node Type": "Seq Scan",
                  "Parent Relationship": "Outer",
                  "Parallel Aware": true,
                  "Relation Name": "cast_info",
                  "Alias": "ci",
                  "Startup Cost": 0.0,
                  "Total Cost": 343316.27,
                  "Plan Rows": 971509,
                  "Plan Width": 0,
                  "Actual Startup Time": 232.34,
                  "Actual Total Time": 612.498,
                  "Actual Rows": 359342,
                  "Actual Loops": 7,
                  "Filter": "((person_id < 886245) AND (role_id > 1))",
                  "Rows Removed by Filter": 4818421
                }
              ]
            }
          ]
        }
      ]
    },
    "Planning Time": 0.266,
    "Triggers": [],
    "Execution Time": 686.578
  }
]