[
  {
    "Plan": {
      "Node Type": "Aggregate",
      "Strategy": "Plain",
      "Partial Mode": "Finalize",
      "Parallel Aware": false,
      "Startup Cost": 74480.43,
      "Total Cost": 74480.44,
      "Plan Rows": 1,
      "Plan Width": 8,
      "Actual Startup Time": 182.997,
      "Actual Total Time": 197.205,
      "Actual Rows": 1,
      "Actual Loops": 1,
      "Plans": [
        {
          "Node Type": "Gather",
          "Parent Relationship": "Outer",
          "Parallel Aware": false,
          "Startup Cost": 74480.01,
          "Total Cost": 74480.42,
          "Plan Rows": 4,
          "Plan Width": 8,
          "Actual Startup Time": 181.447,
          "Actual Total Time": 197.186,
          "Actual Rows": 5,
          "Actual Loops": 1,
          "Workers Planned": 4,
          "Workers Launched": 4,
          "Single Copy": false,
          "Plans": [
            {
              "Node Type": "Aggregate",
              "Strategy": "Plain",
              "Partial Mode": "Partial",
              "Parent Relationship": "Outer",
              "Parallel Aware": false,
              "Startup Cost": 73480.01,
              "Total Cost": 73480.02,
              "Plan Rows": 1,
              "Plan Width": 8,
              "Actual Startup Time": 171.706,
              "Actual Total Time": 171.788,
              "Actual Rows": 1,
              "Actual Loops": 5,
              "Plans": [
                {
                  "Node Type": "Nested Loop",
                  "Parent Relationship": "Outer",
                  "Parallel Aware": false,
                  "Join Type": "Inner",
                  "Startup Cost": 24255.43,
                  "Total Cost": 73473.23,
                  "Plan Rows": 2710,
                  "Plan Width": 0,
                  "Actual Startup Time": 143.529,
                  "Actual Total Time": 171.736,
                  "Actual Rows": 480,
                  "Actual Loops": 5,
                  "Inner Unique": false,
                  "Plans": [
                    {
                      "Node Type": "Hash Join",
                      "Parent Relationship": "Outer",
                      "Parallel Aware": true,
                      "Join Type": "Inner",
                      "Startup Cost": 24255.0,
                      "Total Cost": 70393.59,
                      "Plan Rows": 4966,
                      "Plan Width": 8,
                      "Actual Startup Time": 143.365,
                      "Actual Total Time": 168.295,
                      "Actual Rows": 332,
                      "Actual Loops": 5,
                      "Inner Unique": false,
                      "Hash Cond": "(t.id = mc.movie_id)",
                      "Plans": [
                        {
                          "Node Type": "Seq Scan",
                          "Parent Relationship": "Outer",
                          "Parallel Aware": true,
                          "Relation Name": "title",
                          "Alias": "t",
                          "Startup Cost": 0.0,
                          "Total Cost": 45479.1,
                          "Plan Rows": 128694,
                          "Plan Width": 4,
                          "Actual Startup Time": 0.016,
                          "Actual Total Time": 79.969,
                          "Actual Rows": 75354,
                          "Actual Loops": 5,
                          "Filter": "((kind_id > 3) AND (production_year < 1994))",
                          "Rows Removed by Filter": 430308
                        },
                        {
                          "Node Type": "Hash",
                          "Parent Relationship": "Inner",
                          "Parallel Aware": true,
                          "Startup Cost": 23861.63,
                          "Total Cost": 23861.63,
                          "Plan Rows": 31470,
                          "Plan Width": 4,
                          "Actual Startup Time": 67.625,
                          "Actual Total Time": 67.626,
                          "Actual Rows": 37364,
                          "Actual Loops": 5,
                          "Hash Buckets": 262144,
                          "Original Hash Buckets": 131072,
                          "Hash Batches": 1,
                          "Original Hash Batches": 1,
                          "Peak Memory Usage": 10432,
                          "Plans": [
                            {
                              "Node Type": "Bitmap Heap Scan",
                              "Parent Relationship": "Outer",
                              "Parallel Aware": true,
                              "Relation Name": "movie_companies",
                              "Alias": "mc",
                              "Startup Cost": 4141.9,
                              "Total Cost": 23861.63,
                              "Plan Rows": 31470,
                              "Plan Width": 4,
                              "Actual Startup Time": 18.468,
                              "Actual Total Time": 45.134,
                              "Actual Rows": 37364,
                              "Actual Loops": 5,
                              "Recheck Cond": "(company_id > 117829)",
                              "Rows Removed by Index Recheck": 0,
                              "Filter": "(company_type_id > 1)",
                              "Rows Removed by Filter": 0,
                              "Exact Heap Blocks": 1501,
                              "Lossy Heap Blocks": 0,
                              "Plans": [
                                {
                                  "Node Type": "Bitmap Index Scan",
                                  "Parent Relationship": "Outer",
                                  "Parallel Aware": false,
                                  "Index Name": "company_id_movie_companies",
                                  "Startup Cost": 0.0,
                                  "Total Cost": 4117.51,
                                  "Plan Rows": 192144,
                                  "Plan Width": 0,
                                  "Actual Startup Time": 21.811,
                                  "Actual Total Time": 21.812,
                                  "Actual Rows": 186822,
                                  "Actual Loops": 1,
                                  "Index Cond": "(company_id > 117829)"
                                }
                              ]
                            }
                          ]
                        }
                      ]
                    },
                    {
                      "Node Type": "Index Only Scan",
                      "Parent Relationship": "Inner",
                      "Parallel Aware": false,
                      "Scan Direction": "Forward",
                      "Index Name": "movie_id_movie_info_idx",
                      "Relation Name": "movie_info_idx",
                      "Alias": "mi_idx",
                      "Startup Cost": 0.43,
                      "Total Cost": 0.59,
                      "Plan Rows": 3,
                      "Plan Width": 4,
                      "Actual Startup Time": 0.009,
                      "Actual Total Time": 0.01,
                      "Actual Rows": 1,
                      "Actual Loops": 1658,
                      "Index Cond": "(movie_id = t.id)",
                      "Rows Removed by Index Recheck": 0,
                      "Heap Fetches": 2400
                    }
                  ]
                }
              ]
            }
          ]
        }
      ]
    },
    "Planning Time": 1.499,
    "Triggers": [],
    "Execution Time": 197.314
  }
]