{
  "Plan": {
    "Node Type": "Aggregate",
    "Strategy": "Plain",
    "Partial Mode": "Finalize",
    "Parallel Aware": false,
    "Startup Cost": 119703.0,
    "Total Cost": 119703.01,
    "Plan Rows": 1,
    "Plan Width": 8,
    "Actual Startup Time": 501.131,
    "Actual Total Time": 518.356,
    "Actual Rows": 1,
    "Actual Loops": 1,
    "Plans": [
      {
        "Node Type": "Gather",
        "Parent Relationship": "Outer",
        "Parallel Aware": false,
        "Startup Cost": 119702.89,
        "Total Cost": 119703.0,
        "Plan Rows": 1,
        "Plan Width": 8,
        "Actual Startup Time": 500.113,
        "Actual Total Time": 518.348,
        "Actual Rows": 2,
        "Actual Loops": 1,
        "Workers Planned": 1,
        "Workers Launched": 1,
        "Single Copy": false,
        "Plans": [
          {
            "Node Type": "Aggregate",
            "Strategy": "Plain",
            "Partial Mode": "Partial",
            "Parent Relationship": "Outer",
            "Parallel Aware": false,
            "Startup Cost": 118702.89,
            "Total Cost": 118702.9,
            "Plan Rows": 1,
            "Plan Width": 8,
            "Actual Startup Time": 495.344,
            "Actual Total Time": 495.347,
            "Actual Rows": 1,
            "Actual Loops": 2,
            "Plans": [
              {
                "Node Type": "Hash Join",
                "Parent Relationship": "Outer",
                "Parallel Aware": true,
                "Join Type": "Inner",
                "Startup Cost": 57508.25,
                "Total Cost": 118250.54,
                "Plan Rows": 180942,
                "Plan Width": 0,
                "Actual Startup Time": 198.911,
                "Actual Total Time": 486.877,
                "Actual Rows": 219070,
                "Actual Loops": 2,
                "Inner Unique": true,
                "Hash Cond": "(mk.movie_id = t.id)",
                "Plans": [
                  {
                    "Node Type": "Seq Scan",
                    "Parent Relationship": "Outer",
                    "Parallel Aware": true,
                    "Relation Name": "movie_keyword",
                    "Alias": "mk",
                    "Startup Cost": 0.0,
                    "Total Cost": 57718.19,
                    "Plan Rows": 1152035,
                    "Plan Width": 4,
                    "Actual Startup Time": 0.014,
                    "Actual Total Time": 175.206,
                    "Actual Rows": 984742,
                    "Actual Loops": 2,
                    "Filter": "(keyword_id < 3444)",
                    "Rows Removed by Filter": 1277222
                  },
                  {
                    "Node Type": "Hash",
                    "Parent Relationship": "Inner",
                    "Parallel Aware": true,
                    "Startup Cost": 54588.39,
                    "Total Cost": 54588.39,
                    "Plan Rows": 233589,
                    "Plan Width": 4,
                    "Actual Startup Time": 193.097,
                    "Actual Total Time": 193.098,
                    "Actual Rows": 204748,
                    "Actual Loops": 2,
                    "Hash Buckets": 524288,
                    "Original Hash Buckets": 524288,
                    "Hash Batches": 1,
                    "Original Hash Batches": 1,
                    "Peak Memory Usage": 20160,
                    "Plans": [
                      {
                        "Node Type": "Seq Scan",
                        "Parent Relationship": "Outer",
                        "Parallel Aware": true,
                        "Relation Name": "title",
                        "Alias": "t",
                        "Startup Cost": 0.0,
                        "Total Cost": 54588.39,
                        "Plan Rows": 233589,
                        "Plan Width": 4,
                        "Actual Startup Time": 0.031,
                        "Actual Total Time": 142.048,
                        "Actual Rows": 204748,
                        "Actual Loops": 2,
                        "Filter": "(production_year < 1973)",
                        "Rows Removed by Filter": 1059408
                      }
                    ]
                  }
                ]
              }
            ]
          }
        ]
      }
    ]
  },
  "Planning Time": 0.363,
  "Triggers": [],
  "Execution Time": 518.414
}