[
  {
    "Plan": {
      "Node Type": "Aggregate",
      "Strategy": "Plain",
      "Partial Mode": "Finalize",
      "Parallel Aware": false,
      "Startup Cost": 24846.05,
      "Total Cost": 24846.06,
      "Plan Rows": 1,
      "Plan Width": 8,
      "Actual Startup Time": 38.176,
      "Actual Total Time": 43.513,
      "Actual Rows": 1,
      "Actual Loops": 1,
      "Plans": [
        {
          "Node Type": "Gather",
          "Parent Relationship": "Outer",
          "Parallel Aware": false,
          "Startup Cost": 24845.84,
          "Total Cost": 24846.05,
          "Plan Rows": 2,
          "Plan Width": 8,
          "Actual Startup Time": 38.026,
          "Actual Total Time": 43.507,
          "Actual Rows": 3,
          "Actual Loops": 1,
          "Workers Planned": 2,
          "Workers Launched": 2,
          "Single Copy": false,
          "Plans": [
            {
              "Node Type": "Aggregate",
              "Strategy": "Plain",
              "Partial Mode": "Partial",
              "Parent Relationship": "Outer",
              "Parallel Aware": false,
              "Startup Cost": 23845.84,
              "Total Cost": 23845.85,
              "Plan Rows": 1,
              "Plan Width": 8,
              "Actual Startup Time": 31.218,
              "Actual Total Time": 31.22,
              "Actual Rows": 1,
              "Actual Loops": 3,
              "Plans": [
                {
                  "Node Type": "Nested Loop",
                  "Parent Relationship": "Outer",
                  "Parallel Aware": false,
                  "Join Type": "Inner",
                  "Startup Cost": 143.25,
                  "Total Cost": 23844.67,
                  "Plan Rows": 468,
                  "Plan Width": 0,
                  "Actual Startup Time": 1.772,
                  "Actual Total Time": 30.999,
                  "Actual Rows": 1035,
                  "Actual Loops": 3,
                  "Inner Unique": true,
                  "Plans": [
                    {
                      "Node Type": "Bitmap Heap Scan",
                      "Parent Relationship": "Outer",
                      "Parallel Aware": true,
                      "Relation Name": "movie_companies",
                      "Alias": "mc",
                      "Startup Cost": 142.82,
                      "Total Cost": 13446.54,
                      "Plan Rows": 1356,
                      "Plan Width": 4,
                      "Actual Startup Time": 1.611,
                      "Actual Total Time": 7.019,
                      "Actual Rows": 1863,
                      "Actual Loops": 3,
                      "Recheck Cond": "(company_id = 93)",
                      "Rows Removed by Index Recheck": 0,
                      "Filter": "(company_type_id < 2)",
                      "Rows Removed by Filter": 159,
                      "Exact Heap Blocks": 1572,
                      "Lossy Heap Blocks": 0,
                      "Plans": [
                        {
                          "Node Type": "Bitmap Index Scan",
                          "Parent Relationship": "Outer",
                          "Parallel Aware": false,
                          "Index Name": "company_id_movie_companies",
                          "Startup Cost": 0.0,
                          "Total Cost": 142.0,
                          "Plan Rows": 6610,
                          "Plan Width": 0,
                          "Actual Startup Time": 3.478,
                          "Actual Total Time": 3.478,
                          "Actual Rows": 6067,
                          "Actual Loops": 1,
                          "Index Cond": "(company_id = 93)"
                        }
                      ]
                    },
                    {
                      "Node Type": "Index Scan",
                      "Parent Relationship": "Inner",
                      "Parallel Aware": false,
                      "Scan Direction": "Forward",
                      "Index Name": "title_pkey",
                      "Relation Name": "title",
                      "Alias": "t",
                      "Startup Cost": 0.43,
                      "Total Cost": 7.67,
                      "Plan Rows": 1,
                      "Plan Width": 4,
                      "Actual Startup Time": 0.012,
                      "Actual Total Time": 0.012,
                      "Actual Rows": 1,
                      "Actual Loops": 5589,
                      "Index Cond": "(id = mc.movie_id)",
                      "Rows Removed by Index Recheck": 0,
                      "Filter": "((kind_id < 7) AND (production_year < 2012))",
                      "Rows Removed by Filter": 0
                    }
                  ]
                }
              ]
            }
          ]
        }
      ]
    },
    "Planning Time": 0.68,
    "Triggers": [],
    "Execution Time": 43.604
  }
]