{
  "Plan": {
    "Node Type": "Aggregate",
    "Strategy": "Plain",
    "Partial Mode": "Finalize",
    "Parallel Aware": false,
    "Startup Cost": 113313.92,
    "Total Cost": 113313.93,
    "Plan Rows": 1,
    "Plan Width": 8,
    "Actual Startup Time": 564.077,
    "Actual Total Time": 585.274,
    "Actual Rows": 1,
    "Actual Loops": 1,
    "Plans": [
      {
        "Node Type": "Gather",
        "Parent Relationship": "Outer",
        "Parallel Aware": false,
        "Startup Cost": 113313.81,
        "Total Cost": 113313.92,
        "Plan Rows": 1,
        "Plan Width": 8,
        "Actual Startup Time": 561.235,
        "Actual Total Time": 585.264,
        "Actual Rows": 2,
        "Actual Loops": 1,
        "Workers Planned": 1,
        "Workers Launched": 1,
        "Single Copy": false,
        "Plans": [
          {
            "Node Type": "Aggregate",
            "Strategy": "Plain",
            "Partial Mode": "Partial",
            "Parent Relationship": "Outer",
            "Parallel Aware": false,
            "Startup Cost": 112313.81,
            "Total Cost": 112313.82,
            "Plan Rows": 1,
            "Plan Width": 8,
            "Actual Startup Time": 555.589,
            "Actual Total Time": 555.593,
            "Actual Rows": 1,
            "Actual Loops": 2,
            "Plans": [
              {
                "Node Type": "Hash Join",
                "Parent Relationship": "Outer",
                "Parallel Aware": true,
                "Join Type": "Inner",
                "Startup Cost": 79579.0,
                "Total Cost": 111874.88,
                "Plan Rows": 175572,
                "Plan Width": 0,
                "Actual Startup Time": 339.205,
                "Actual Total Time": 539.705,
                "Actual Rows": 326170,
                "Actual Loops": 2,
                "Inner Unique": true,
                "Hash Cond": "(mk.movie_id = t.id)",
                "Plans": [
                  {
                    "Node Type": "Bitmap Heap Scan",
                    "Parent Relationship": "Outer",
                    "Parallel Aware": true,
                    "Relation Name": "movie_keyword",
                    "Alias": "mk",
                    "Startup Cost": 18695.29,
                    "Total Cost": 49630.18,
                    "Plan Rows": 518471,
                    "Plan Width": 4,
                    "Actual Startup Time": 52.463,
                    "Actual Total Time": 153.888,
                    "Actual Rows": 439334,
                    "Actual Loops": 2,
                    "Recheck Cond": "(keyword_id > 20989)",
                    "Rows Removed by Index Recheck": 0,
                    "Exact Heap Blocks": 15900,
                    "Lossy Heap Blocks": 0,
                    "Plans": [
                      {
                        "Node Type": "Bitmap Index Scan",
                        "Parent Relationship": "Outer",
                        "Parallel Aware": false,
                        "Index Name": "keyword_id_movie_keyword",
                        "Startup Cost": 0.0,
                        "Total Cost": 18474.94,
                        "Plan Rows": 881401,
                        "Plan Width": 0,
                        "Actual Startup Time": 48.83,
                        "Actual Total Time": 48.83,
                        "Actual Rows": 878668,
                        "Actual Loops": 1,
                        "Index Cond": "(keyword_id > 20989)"
                      }
                    ]
                  },
                  {
                    "Node Type": "Hash",
                    "Parent Relationship": "Inner",
                    "Parallel Aware": true,
                    "Startup Cost": 54588.39,
                    "Total Cost": 54588.39,
                    "Plan Rows": 503626,
                    "Plan Width": 4,
                    "Actual Startup Time": 277.771,
                    "Actual Total Time": 277.771,
                    "Actual Rows": 427107,
                    "Actual Loops": 2,
                    "Hash Buckets": 1048576,
                    "Original Hash Buckets": 1048576,
                    "Hash Batches": 1,
                    "Original Hash Batches": 1,
                    "Peak Memory Usage": 41632,
                    "Plans": [
                      {
                        "Node Type": "Seq Scan",
                        "Parent Relationship": "Outer",
                        "Parallel Aware": true,
                        "Relation Name": "title",
                        "Alias": "t",
                        "Startup Cost": 0.0,
                        "Total Cost": 54588.39,
                        "Plan Rows": 503626,
                        "Plan Width": 4,
                        "Actual Startup Time": 0.05,
                        "Actual Total Time": 167.482,
                        "Actual Rows": 427107,
                        "Actual Loops": 2,
                        "Filter": "(kind_id < 4)",
                        "Rows Removed by Filter": 837049
                      }
                    ]
                  }
                ]
              }
            ]
          }
        ]
      }
    ]
  },
  "Planning Time": 0.468,
  "Triggers": [],
  "Execution Time": 585.368
}