[
  {
    "Plan": {
      "Node Type": "Aggregate",
      "Strategy": "Plain",
      "Partial Mode": "Finalize",
      "Parallel Aware": false,
      "Startup Cost": 234543.77,
      "Total Cost": 234543.78,
      "Plan Rows": 1,
      "Plan Width": 8,
      "Actual Startup Time": 205.432,
      "Actual Total Time": 217.319,
      "Actual Rows": 1,
      "Actual Loops": 1,
      "Plans": [
        {
          "Node Type": "Gather",
          "Parent Relationship": "Outer",
          "Parallel Aware": false,
          "Startup Cost": 234543.24,
          "Total Cost": 234543.75,
          "Plan Rows": 5,
          "Plan Width": 8,
          "Actual Startup Time": 204.159,
          "Actual Total Time": 217.312,
          "Actual Rows": 6,
          "Actual Loops": 1,
          "Workers Planned": 5,
          "Workers Launched": 5,
          "Single Copy": false,
          "Plans": [
            {
              "Node Type": "Aggregate",
              "Strategy": "Plain",
              "Partial Mode": "Partial",
              "Parent Relationship": "Outer",
              "Parallel Aware": false,
              "Startup Cost": 233543.24,
              "Total Cost": 233543.25,
              "Plan Rows": 1,
              "Plan Width": 8,
              "Actual Startup Time": 200.462,
              "Actual Total Time": 200.465,
              "Actual Rows": 1,
              "Actual Loops": 6,
              "Plans": [
                {
                  "Node Type": "Hash Join",
                  "Parent Relationship": "Outer",
                  "Parallel Aware": true,
                  "Join Type": "Inner",
                  "Startup Cost": 67831.48,
                  "Total Cost": 233535.06,
                  "Plan Rows": 3272,
                  "Plan Width": 0,
                  "Actual Startup Time": 147.629,
                  "Actual Total Time": 199.773,
                  "Actual Rows": 11365,
                  "Actual Loops": 6,
                  "Inner Unique": true,
                  "Hash Cond": "(mi.movie_id = t.id)",
                  "Plans": [
                    {
                      "Node Type": "Bitmap Heap Scan",
                      "Parent Relationship": "Outer",
                      "Parallel Aware": true,
                      "Relation Name": "movie_info",
                      "Alias": "mi",
                      "Startup Cost": 22246.9,
                      "Total Cost": 187306.49,
                      "Plan Rows": 245328,
                      "Plan Width": 4,
                      "Actual Startup Time": 55.017,
                      "Actual Total Time": 89.824,
                      "Actual Rows": 216498,
                      "Actual Loops": 6,
                      "Recheck Cond": "(info_type_id = 4)",
                      "Rows Removed by Index Recheck": 0,
                      "Exact Heap Blocks": 1442,
                      "Lossy Heap Blocks": 0,
                      "Plans": [
                        {
                          "Node Type": "Bitmap Index Scan",
                          "Parent Relationship": "Outer",
                          "Parallel Aware": false,
                          "Index Name": "info_type_id_movie_info",
                          "Startup Cost": 0.0,
                          "Total Cost": 21940.24,
                          "Plan Rows": 1226640,
                          "Plan Width": 0,
                          "Actual Startup Time": 53.405,
                          "Actual Total Time": 53.406,
                          "Actual Rows": 1298989,
                          "Actual Loops": 1,
                          "Index Cond": "(info_type_id = 4)"
                        }
                      ]
                    },
                    {
                      "Node Type": "Hash",
                      "Parent Relationship": "Inner",
                      "Parallel Aware": true,
                      "Startup Cost": 45479.21,
                      "Total Cost": 45479.21,
                      "Plan Rows": 8430,
                      "Plan Width": 4,
                      "Actual Startup Time": 70.337,
                      "Actual Total Time": 70.338,
                      "Actual Rows": 18290,
                      "Actual Loops": 6,
                      "Hash Buckets": 131072,
                      "Original Hash Buckets": 65536,
                      "Hash Batches": 1,
                      "Original Hash Batches": 1,
                      "Peak Memory Usage": 5952,
                      "Plans": [
                        {
                          "Node Type": "Seq Scan",
                          "Parent Relationship": "Outer",
                          "Parallel Aware": true,
                          "Relation Name": "title",
                          "Alias": "t",
                          "Startup Cost": 0.0,
                          "Total Cost": 45479.21,
                          "Plan Rows": 8430,
                          "Plan Width": 4,
                          "Actual Startup Time": 37.342,
                          "Actual Total Time": 62.203,
                          "Actual Rows": 18290,
                          "Actual Loops": 6,
                          "Filter": "((kind_id < 3) AND (production_year < 1928))",
                          "Rows Removed by Filter": 403096
                        }
                      ]
                    }
                  ]
                }
              ]
            }
          ]
        }
      ]
    },
    "Planning Time": 0.155,
    "Triggers": [],
    "Execution Time": 217.354
  }
]