{
  "Plan": {
    "Node Type": "Aggregate",
    "Strategy": "Plain",
    "Partial Mode": "Finalize",
    "Parallel Aware": false,
    "Startup Cost": 599619.51,
    "Total Cost": 599619.52,
    "Plan Rows": 1,
    "Plan Width": 8,
    "Actual Startup Time": 5872.077,
    "Actual Total Time": 5938.724,
    "Actual Rows": 1,
    "Actual Loops": 1,
    "Plans": [
      {
        "Node Type": "Gather",
        "Parent Relationship": "Outer",
        "Parallel Aware": false,
        "Startup Cost": 599619.4,
        "Total Cost": 599619.51,
        "Plan Rows": 1,
        "Plan Width": 8,
        "Actual Startup Time": 5869.894,
        "Actual Total Time": 5938.713,
        "Actual Rows": 2,
        "Actual Loops": 1,
        "Workers Planned": 1,
        "Workers Launched": 1,
        "Single Copy": false,
        "Plans": [
          {
            "Node Type": "Aggregate",
            "Strategy": "Plain",
            "Partial Mode": "Partial",
            "Parent Relationship": "Outer",
            "Parallel Aware": false,
            "Startup Cost": 598619.4,
            "Total Cost": 598619.41,
            "Plan Rows": 1,
            "Plan Width": 8,
            "Actual Startup Time": 5863.905,
            "Actual Total Time": 5863.909,
            "Actual Rows": 1,
            "Actual Loops": 2,
            "Plans": [
              {
                "Node Type": "Hash Join",
                "Parent Relationship": "Outer",
                "Parallel Aware": true,
                "Join Type": "Inner",
                "Startup Cost": 61603.41,
                "Total Cost": 583336.76,
                "Plan Rows": 6113055,
                "Plan Width": 0,
                "Actual Startup Time": 257.337,
                "Actual Total Time": 5618.991,
                "Actual Rows": 5601048,
                "Actual Loops": 2,
                "Inner Unique": true,
                "Hash Cond": "(ci.movie_id = t.id)",
                "Plans": [
                  {
                    "Node Type": "Seq Scan",
                    "Parent Relationship": "Outer",
                    "Parallel Aware": true,
                    "Relation Name": "cast_info",
                    "Alias": "ci",
                    "Startup Cost": 0.0,
                    "Total Cost": 465792.95,
                    "Plan Rows": 21310595,
                    "Plan Width": 4,
                    "Actual Startup Time": 0.017,
                    "Actual Total Time": 1402.676,
                    "Actual Rows": 18122172,
                    "Actual Loops": 2
                  },
                  {
                    "Node Type": "Hash",
                    "Parent Relationship": "Inner",
                    "Parallel Aware": true,
                    "Startup Cost": 56270.66,
                    "Total Cost": 56270.66,
                    "Plan Rows": 426620,
                    "Plan Width": 4,
                    "Actual Startup Time": 247.83,
                    "Actual Total Time": 247.831,
                    "Actual Rows": 358931,
                    "Actual Loops": 2,
                    "Hash Buckets": 1048576,
                    "Original Hash Buckets": 1048576,
                    "Hash Batches": 1,
                    "Original Hash Batches": 1,
                    "Peak Memory Usage": 36320,
                    "Plans": [
                      {
                        "Node Type": "Bitmap Heap Scan",
                        "Parent Relationship": "Outer",
                        "Parallel Aware": true,
                        "Relation Name": "title",
                        "Alias": "t",
                        "Startup Cost": 13620.27,
                        "Total Cost": 56270.66,
                        "Plan Rows": 426620,
                        "Plan Width": 4,
                        "Actual Startup Time": 42.13,
                        "Actual Total Time": 156.373,
                        "Actual Rows": 358931,
                        "Actual Loops": 2,
                        "Recheck Cond": "(kind_id < 3)",
                        "Rows Removed by Index Recheck": 0,
                        "Filter": "(production_year > 1910)",
                        "Rows Removed by Filter": 17908,
                        "Exact Heap Blocks": 27376,
                        "Lossy Heap Blocks": 0,
                        "Plans": [
                          {
                            "Node Type": "Bitmap Index Scan",
                            "Parent Relationship": "Outer",
                            "Parallel Aware": false,
                            "Index Name": "kind_id_title",
                            "Startup Cost": 0.0,
                            "Total Cost": 13438.96,
                            "Plan Rows": 753937,
                            "Plan Width": 0,
                            "Actual Startup Time": 36.335,
                            "Actual Total Time": 36.335,
                            "Actual Rows": 753677,
                            "Actual Loops": 1,
                            "Index Cond": "(kind_id < 3)"
                          }
                        ]
                      }
                    ]
                  }
                ]
              }
            ]
          }
        ]
      }
    ]
  },
  "Planning Time": 0.52,
  "Triggers": [],
  "Execution Time": 5938.837
}