[
    {
        "Bao": {
            "Bao prediction": "NaN",
            "Bao recommended hint": "(no hint)"
        }
    },
    {
        "Plan": {
            "Node Type": "Aggregate",
            "Strategy": "Plain",
            "Partial Mode": "Simple",
            "Parallel Aware": false,
            "Startup Cost": 6669.53,
            "Total Cost": 6669.54,
            "Plan Rows": 1,
            "Plan Width": 8,
            "Actual Startup Time": 1.934,
            "Actual Total Time": 1.935,
            "Actual Rows": 1,
            "Actual Loops": 1,
            "Output": [
                "count(*)"
            ],
            "Plans": [
                {
                    "Node Type": "Index Only Scan",
                    "Parent Relationship": "Outer",
                    "Parallel Aware": false,
                    "Scan Direction": "Forward",
                    "Index Name": "company_id_movie_companies",
                    "Relation Name": "movie_companies",
                    "Schema": "public",
                    "Alias": "mc",
                    "Startup Cost": 0.43,
                    "Total Cost": 6662.79,
                    "Plan Rows": 2696,
                    "Plan Width": 0,
                    "Actual Startup Time": 0.082,
                    "Actual Total Time": 1.798,
                    "Actual Rows": 2500,
                    "Actual Loops": 1,
                    "Output": [
                        "company_id"
                    ],
                    "Index Cond": "(mc.company_id = 14490)",
                    "Rows Removed by Index Recheck": 0,
                    "Heap Fetches": 2500
                }
            ]
        },
        "Planning Time": 233.139,
        "Triggers": [],
        "Execution Time": 2.004
    }
]