[
    {
        "Bao": {
            "Bao prediction": "NaN",
            "Bao recommended hint": "(no hint)"
        }
    },
    {
        "Plan": {
            "Node Type": "Aggregate",
            "Strategy": "Plain",
            "Partial Mode": "Finalize",
            "Parallel Aware": false,
            "Startup Cost": 40112.69,
            "Total Cost": 40112.7,
            "Plan Rows": 1,
            "Plan Width": 8,
            "Actual Startup Time": 121.969,
            "Actual Total Time": 126.472,
            "Actual Rows": 1,
            "Actual Loops": 1,
            "Output": [
                "count(*)"
            ],
            "Plans": [
                {
                    "Node Type": "Gather",
                    "Parent Relationship": "Outer",
                    "Parallel Aware": false,
                    "Startup Cost": 40112.37,
                    "Total Cost": 40112.68,
                    "Plan Rows": 3,
                    "Plan Width": 8,
                    "Actual Startup Time": 121.796,
                    "Actual Total Time": 126.463,
                    "Actual Rows": 4,
                    "Actual Loops": 1,
                    "Output": [
                        "(PARTIAL count(*))"
                    ],
                    "Workers Planned": 3,
                    "Workers Launched": 3,
                    "Single Copy": false,
                    "Plans": [
                        {
                            "Node Type": "Aggregate",
                            "Strategy": "Plain",
                            "Partial Mode": "Partial",
                            "Parent Relationship": "Outer",
                            "Parallel Aware": false,
                            "Startup Cost": 39112.37,
                            "Total Cost": 39112.38,
                            "Plan Rows": 1,
                            "Plan Width": 8,
                            "Actual Startup Time": 113.02,
                            "Actual Total Time": 113.022,
                            "Actual Rows": 1,
                            "Actual Loops": 4,
                            "Output": [
                                "PARTIAL count(*)"
                            ],
                            "Workers": [
                                {
                                    "Worker Number": 0,
                                    "Actual Startup Time": 109.904,
                                    "Actual Total Time": 109.905,
                                    "Actual Rows": 1,
                                    "Actual Loops": 1
                                },
                                {
                                    "Worker Number": 1,
                                    "Actual Startup Time": 109.94,
                                    "Actual Total Time": 109.942,
                                    "Actual Rows": 1,
                                    "Actual Loops": 1
                                },
                                {
                                    "Worker Number": 2,
                                    "Actual Startup Time": 110.966,
                                    "Actual Total Time": 110.967,
                                    "Actual Rows": 1,
                                    "Actual Loops": 1
                                }
                            ],
                            "Plans": [
                                {
                                    "Node Type": "Bitmap Heap Scan",
                                    "Parent Relationship": "Outer",
                                    "Parallel Aware": true,
                                    "Relation Name": "movie_keyword",
                                    "Schema": "public",
                                    "Alias": "mk",
                                    "Startup Cost": 11936.3,
                                    "Total Cost": 38658.69,
                                    "Plan Rows": 181472,
                                    "Plan Width": 0,
                                    "Actual Startup Time": 42.547,
                                    "Actual Total Time": 105.265,
                                    "Actual Rows": 139343,
                                    "Actual Loops": 4,
                                    "Recheck Cond": "(mk.keyword_id > 32958)",
                                    "Rows Removed by Index Recheck": 0,
                                    "Exact Heap Blocks": 9825,
                                    "Lossy Heap Blocks": 0,
                                    "Workers": [
                                        {
                                            "Worker Number": 0,
                                            "Actual Startup Time": 39.459,
                                            "Actual Total Time": 102.9,
                                            "Actual Rows": 105277,
                                            "Actual Loops": 1
                                        },
                                        {
                                            "Worker Number": 1,
                                            "Actual Startup Time": 39.619,
                                            "Actual Total Time": 102.83,
                                            "Actual Rows": 108304,
                                            "Actual Loops": 1
                                        },
                                        {
                                            "Worker Number": 2,
                                            "Actual Startup Time": 40.535,
                                            "Actual Total Time": 103.782,
                                            "Actual Rows": 108981,
                                            "Actual Loops": 1
                                        }
                                    ],
                                    "Plans": [
                                        {
                                            "Node Type": "Bitmap Index Scan",
                                            "Parent Relationship": "Outer",
                                            "Parallel Aware": false,
                                            "Index Name": "keyword_id_movie_keyword",
                                            "Startup Cost": 0.0,
                                            "Total Cost": 11795.66,
                                            "Plan Rows": 562563,
                                            "Plan Width": 0,
                                            "Actual Startup Time": 47.041,
                                            "Actual Total Time": 47.042,
                                            "Actual Rows": 557372,
                                            "Actual Loops": 1,
                                            "Index Cond": "(mk.keyword_id > 32958)"
                                        }
                                    ]
                                }
                            ]
                        }
                    ]
                }
            ]
        },
        "Planning Time": 195.211,
        "Triggers": [],
        "Execution Time": 126.552
    }
]