[
  {
    "Plan": {
      "Node Type": "Aggregate",
      "Strategy": "Plain",
      "Partial Mode": "Finalize",
      "Parallel Aware": false,
      "Startup Cost": 75744.01,
      "Total Cost": 75744.02,
      "Plan Rows": 1,
      "Plan Width": 8,
      "Actual Startup Time": 357.108,
      "Actual Total Time": 371.232,
      "Actual Rows": 1,
      "Actual Loops": 1,
      "Plans": [
        {
          "Node Type": "Gather",
          "Parent Relationship": "Outer",
          "Parallel Aware": false,
          "Startup Cost": 75743.7,
          "Total Cost": 75744.01,
          "Plan Rows": 3,
          "Plan Width": 8,
          "Actual Startup Time": 350.814,
          "Actual Total Time": 371.217,
          "Actual Rows": 4,
          "Actual Loops": 1,
          "Workers Planned": 3,
          "Workers Launched": 3,
          "Single Copy": false,
          "Plans": [
            {
              "Node Type": "Aggregate",
              "Strategy": "Plain",
              "Partial Mode": "Partial",
              "Parent Relationship": "Outer",
              "Parallel Aware": false,
              "Startup Cost": 74743.7,
              "Total Cost": 74743.71,
              "Plan Rows": 1,
              "Plan Width": 8,
              "Actual Startup Time": 338.657,
              "Actual Total Time": 338.662,
              "Actual Rows": 1,
              "Actual Loops": 4,
              "Plans": [
                {
                  "Node Type": "Hash Join",
                  "Parent Relationship": "Outer",
                  "Parallel Aware": true,
                  "Join Type": "Inner",
                  "Startup Cost": 49972.27,
                  "Total Cost": 74714.63,
                  "Plan Rows": 11626,
                  "Plan Width": 0,
                  "Actual Startup Time": 300.326,
                  "Actual Total Time": 338.405,
                  "Actual Rows": 3000,
                  "Actual Loops": 4,
                  "Inner Unique": true,
                  "Hash Cond": "(mk.movie_id = t.id)",
                  "Plans": [
                    {
                      "Node Type": "Bitmap Heap Scan",
                      "Parent Relationship": "Outer",
                      "Parallel Aware": true,
                      "Relation Name": "movie_keyword",
                      "Alias": "mk",
                      "Startup Cost": 1254.47,
                      "Total Cost": 25946.78,
                      "Plan Rows": 19065,
                      "Plan Width": 4,
                      "Actual Startup Time": 11.499,
                      "Actual Total Time": 37.519,
                      "Actual Rows": 14401,
                      "Actual Loops": 4,
                      "Recheck Cond": "(keyword_id < 56)",
                      "Rows Removed by Index Recheck": 0,
                      "Exact Heap Blocks": 7530,
                      "Lossy Heap Blocks": 0,
                      "Plans": [
                        {
                          "Node Type": "Bitmap Index Scan",
                          "Parent Relationship": "Outer",
                          "Parallel Aware": false,
                          "Index Name": "keyword_id_movie_keyword",
                          "Startup Cost": 0.0,
                          "Total Cost": 1239.69,
                          "Plan Rows": 59101,
                          "Plan Width": 0,
                          "Actual Startup Time": 7.516,
                          "Actual Total Time": 7.517,
                          "Actual Rows": 57603,
                          "Actual Loops": 1,
                          "Index Cond": "(keyword_id < 56)"
                        }
                      ]
                    },
                    {
                      "Node Type": "Hash",
                      "Parent Relationship": "Inner",
                      "Parallel Aware": true,
                      "Startup Cost": 43899.32,
                      "Total Cost": 43899.32,
                      "Plan Rows": 385479,
                      "Plan Width": 4,
                      "Actual Startup Time": 280.75,
                      "Actual Total Time": 280.751,
                      "Actual Rows": 385816,
                      "Actual Loops": 4,
                      "Hash Buckets": 2097152,
                      "Original Hash Buckets": 2097152,
                      "Hash Batches": 1,
                      "Original Hash Batches": 1,
                      "Peak Memory Usage": 76832,
                      "Plans": [
                        {
                          "Node Type": "Seq Scan",
                          "Parent Relationship": "Outer",
                          "Parallel Aware": true,
                          "Relation Name": "title",
                          "Alias": "t",
                          "Startup Cost": 0.0,
                          "Total Cost": 43899.32,
                          "Plan Rows": 385479,
                          "Plan Width": 4,
                          "Actual Startup Time": 0.056,
                          "Actual Total Time": 116.716,
                          "Actual Rows": 385816,
                          "Actual Loops": 4,
                          "Filter": "(kind_id = 7)",
                          "Rows Removed by Filter": 246262
                        }
                      ]
                    }
                  ]
                }
              ]
            }
          ]
        }
      ]
    },
    "Planning Time": 0.573,
    "Triggers": [],
    "Execution Time": 371.322
  }
]