[
    {
        "Bao": {
            "Bao prediction": "NaN",
            "Bao recommended hint": "(no hint)"
        }
    },
    {
        "Plan": {
            "Node Type": "Aggregate",
            "Strategy": "Plain",
            "Partial Mode": "Finalize",
            "Parallel Aware": false,
            "Startup Cost": 32688.13,
            "Total Cost": 32688.14,
            "Plan Rows": 1,
            "Plan Width": 8,
            "Actual Startup Time": 91.519,
            "Actual Total Time": 96.631,
            "Actual Rows": 1,
            "Actual Loops": 1,
            "Output": [
                "count(*)"
            ],
            "Plans": [
                {
                    "Node Type": "Gather",
                    "Parent Relationship": "Outer",
                    "Parallel Aware": false,
                    "Startup Cost": 32687.82,
                    "Total Cost": 32688.13,
                    "Plan Rows": 3,
                    "Plan Width": 8,
                    "Actual Startup Time": 91.434,
                    "Actual Total Time": 96.623,
                    "Actual Rows": 4,
                    "Actual Loops": 1,
                    "Output": [
                        "(PARTIAL count(*))"
                    ],
                    "Workers Planned": 3,
                    "Workers Launched": 3,
                    "Single Copy": false,
                    "Plans": [
                        {
                            "Node Type": "Aggregate",
                            "Strategy": "Plain",
                            "Partial Mode": "Partial",
                            "Parent Relationship": "Outer",
                            "Parallel Aware": false,
                            "Startup Cost": 31687.82,
                            "Total Cost": 31687.83,
                            "Plan Rows": 1,
                            "Plan Width": 8,
                            "Actual Startup Time": 83.471,
                            "Actual Total Time": 83.472,
                            "Actual Rows": 1,
                            "Actual Loops": 4,
                            "Output": [
                                "PARTIAL count(*)"
                            ],
                            "Workers": [
                                {
                                    "Worker Number": 0,
                                    "Actual Startup Time": 80.555,
                                    "Actual Total Time": 80.556,
                                    "Actual Rows": 1,
                                    "Actual Loops": 1
                                },
                                {
                                    "Worker Number": 1,
                                    "Actual Startup Time": 80.883,
                                    "Actual Total Time": 80.885,
                                    "Actual Rows": 1,
                                    "Actual Loops": 1
                                },
                                {
                                    "Worker Number": 2,
                                    "Actual Startup Time": 81.304,
                                    "Actual Total Time": 81.305,
                                    "Actual Rows": 1,
                                    "Actual Loops": 1
                                }
                            ],
                            "Plans": [
                                {
                                    "Node Type": "Seq Scan",
                                    "Parent Relationship": "Outer",
                                    "Parallel Aware": true,
                                    "Relation Name": "movie_companies",
                                    "Schema": "public",
                                    "Alias": "mc",
                                    "Startup Cost": 0.0,
                                    "Total Cost": 31414.82,
                                    "Plan Rows": 109199,
                                    "Plan Width": 0,
                                    "Actual Startup Time": 40.406,
                                    "Actual Total Time": 75.884,
                                    "Actual Rows": 159628,
                                    "Actual Loops": 4,
                                    "Output": [
                                        "id",
                                        "movie_id",
                                        "company_id",
                                        "company_type_id",
                                        "note"
                                    ],
                                    "Filter": "((mc.company_id > 52223) AND (mc.company_type_id > 1))",
                                    "Rows Removed by Filter": 492654,
                                    "Workers": [
                                        {
                                            "Worker Number": 0,
                                            "Actual Startup Time": 37.487,
                                            "Actual Total Time": 73.067,
                                            "Actual Rows": 112175,
                                            "Actual Loops": 1
                                        },
                                        {
                                            "Worker Number": 1,
                                            "Actual Startup Time": 37.825,
                                            "Actual Total Time": 73.722,
                                            "Actual Rows": 160402,
                                            "Actual Loops": 1
                                        },
                                        {
                                            "Worker Number": 2,
                                            "Actual Startup Time": 38.231,
                                            "Actual Total Time": 73.858,
                                            "Actual Rows": 167759,
                                            "Actual Loops": 1
                                        }
                                    ]
                                }
                            ]
                        }
                    ]
                }
            ]
        },
        "Planning Time": 232.292,
        "Triggers": [],
        "Execution Time": 96.687
    }
]