{
    "Plan": {
        "Node Type": "Aggregate",
        "Strategy": "Plain",
        "Partial Mode": "Simple",
        "Parallel Aware": false,
        "Startup Cost": 10000978034.03,
        "Total Cost": 10000978034.04,
        "Plan Rows": 1,
        "Plan Width": 8,
        "Actual Startup Time": 7643.948,
        "Actual Total Time": 7643.951,
        "Actual Rows": 1,
        "Actual Loops": 1,
        "Output": [
            "count(*)"
        ],
        "Plans": [
            {
                "Node Type": "Hash Join",
                "Parent Relationship": "Outer",
                "Parallel Aware": false,
                "Join Type": "Inner",
                "Startup Cost": 10000429761.17,
                "Total Cost": 10000951013.03,
                "Plan Rows": 10808400,
                "Plan Width": 0,
                "Actual Startup Time": 3638.84,
                "Actual Total Time": 7404.097,
                "Actual Rows": 5753800,
                "Actual Loops": 1,
                "Inner Unique": true,
                "Hash Cond": "(ci.movie_id = t.id)",
                "Plans": [
                    {
                        "Node Type": "Bitmap Heap Scan",
                        "Parent Relationship": "Outer",
                        "Parallel Aware": false,
                        "Relation Name": "cast_info",
                        "Schema": "public",
                        "Alias": "ci",
                        "Startup Cost": 287815.05,
                        "Total Cost": 780694.81,
                        "Plan Rows": 10808400,
                        "Plan Width": 4,
                        "Actual Startup Time": 864.098,
                        "Actual Total Time": 2528.775,
                        "Actual Rows": 5753800,
                        "Actual Loops": 1,
                        "Output": [
                            "ci.id",
                            "ci.person_id",
                            "ci.movie_id",
                            "ci.person_role_id",
                            "ci.note",
                            "ci.nr_order",
                            "ci.role_id"
                        ],
                        "Recheck Cond": "(ci.role_id > 2)",
                        "Rows Removed by Index Recheck": 0,
                        "Filter": "(ci.person_id < 2500247)",
                        "Rows Removed by Filter": 10367883,
                        "Exact Heap Blocks": 119419,
                        "Lossy Heap Blocks": 0,
                        "Plans": [
                            {
                                "Node Type": "Bitmap Index Scan",
                                "Parent Relationship": "Outer",
                                "Parallel Aware": false,
                                "Index Name": "role_id_cast_info",
                                "Startup Cost": 0.0,
                                "Total Cost": 285112.95,
                                "Plan Rows": 16012851,
                                "Plan Width": 0,
                                "Actual Startup Time": 831.203,
                                "Actual Total Time": 831.204,
                                "Actual Rows": 16121683,
                                "Actual Loops": 1,
                                "Index Cond": "(ci.role_id > 2)"
                            }
                        ]
                    },
                    {
                        "Node Type": "Hash",
                        "Parent Relationship": "Inner",
                        "Parallel Aware": false,
                        "Startup Cost": 10000110342.1,
                        "Total Cost": 10000110342.1,
                        "Plan Rows": 2528322,
                        "Plan Width": 4,
                        "Actual Startup Time": 2750.478,
                        "Actual Total Time": 2750.479,
                        "Actual Rows": 2528312,
                        "Actual Loops": 1,
                        "Output": [
                            "t.id"
                        ],
                        "Hash Buckets": 4194304,
                        "Original Hash Buckets": 4194304,
                        "Hash Batches": 1,
                        "Original Hash Batches": 1,
                        "Peak Memory Usage": 121654,
                        "Plans": [
                            {
                                "Node Type": "Index Scan",
                                "Parent Relationship": "Outer",
                                "Parallel Aware": false,
                                "Scan Direction": "Forward",
                                "Index Name": "title_pkey",
                                "Relation Name": "title",
                                "Schema": "public",
                                "Alias": "t",
                                "Startup Cost": 10000000000.43,
                                "Total Cost": 10000110342.1,
                                "Plan Rows": 2528322,
                                "Plan Width": 4,
                                "Actual Startup Time": 0.043,
                                "Actual Total Time": 1913.566,
                                "Actual Rows": 2528312,
                                "Actual Loops": 1,
                                "Output": [
                                    "t.id"
                                ]
                            }
                        ]
                    }
                ]
            }
        ]
    },
    "Planning Time": 3.165,
    "Triggers": [],
    "Execution Time": 7647.854
}