[
  {
    "Plan": {
      "Node Type": "Aggregate",
      "Strategy": "Plain",
      "Partial Mode": "Finalize",
      "Parallel Aware": false,
      "Startup Cost": 122366.28,
      "Total Cost": 122366.29,
      "Plan Rows": 1,
      "Plan Width": 8,
      "Actual Startup Time": 1079.755,
      "Actual Total Time": 1108.702,
      "Actual Rows": 1,
      "Actual Loops": 1,
      "Plans": [
        {
          "Node Type": "Gather",
          "Parent Relationship": "Outer",
          "Parallel Aware": false,
          "Startup Cost": 122365.96,
          "Total Cost": 122366.27,
          "Plan Rows": 3,
          "Plan Width": 8,
          "Actual Startup Time": 1058.684,
          "Actual Total Time": 1108.688,
          "Actual Rows": 4,
          "Actual Loops": 1,
          "Workers Planned": 3,
          "Workers Launched": 3,
          "Single Copy": false,
          "Plans": [
            {
              "Node Type": "Aggregate",
              "Strategy": "Plain",
              "Partial Mode": "Partial",
              "Parent Relationship": "Outer",
              "Parallel Aware": false,
              "Startup Cost": 121365.96,
              "Total Cost": 121365.97,
              "Plan Rows": 1,
              "Plan Width": 8,
              "Actual Startup Time": 1049.453,
              "Actual Total Time": 1049.652,
              "Actual Rows": 1,
              "Actual Loops": 4,
              "Plans": [
                {
                  "Node Type": "Hash Join",
                  "Parent Relationship": "Outer",
                  "Parallel Aware": true,
                  "Join Type": "Inner",
                  "Startup Cost": 90031.54,
                  "Total Cost": 120941.71,
                  "Plan Rows": 169700,
                  "Plan Width": 0,
                  "Actual Startup Time": 686.674,
                  "Actual Total Time": 999.301,
                  "Actual Rows": 773464,
                  "Actual Loops": 4,
                  "Inner Unique": false,
                  "Hash Cond": "(mc.movie_id = t.id)",
                  "Plans": [
                    {
                      "Node Type": "Seq Scan",
                      "Parent Relationship": "Outer",
                      "Parallel Aware": true,
                      "Relation Name": "movie_companies",
                      "Alias": "mc",
                      "Startup Cost": 0.0,
                      "Total Cost": 27206.55,
                      "Plan Rows": 841655,
                      "Plan Width": 4,
                      "Actual Startup Time": 0.026,
                      "Actual Total Time": 81.735,
                      "Actual Rows": 652282,
                      "Actual Loops": 4
                    },
                    {
                      "Node Type": "Hash",
                      "Parent Relationship": "Inner",
                      "Parallel Aware": true,
                      "Startup Cost": 87976.01,
                      "Total Cost": 87976.01,
                      "Plan Rows": 164443,
                      "Plan Width": 8,
                      "Actual Startup Time": 683.382,
                      "Actual Total Time": 683.579,
                      "Actual Rows": 130220,
                      "Actual Loops": 4,
                      "Hash Buckets": 524288,
                      "Original Hash Buckets": 524288,
                      "Hash Batches": 1,
                      "Original Hash Batches": 1,
                      "Peak Memory Usage": 24512,
                      "Plans": [
                        {
                          "Node Type": "Hash Join",
                          "Parent Relationship": "Outer",
                          "Parallel Aware": true,
                          "Join Type": "Inner",
                          "Startup Cost": 61034.81,
                          "Total Cost": 87976.01,
                          "Plan Rows": 164443,
                          "Plan Width": 8,
                          "Actual Startup Time": 493.789,
                          "Actual Total Time": 635.606,
                          "Actual Rows": 130220,
                          "Actual Loops": 4,
                          "Inner Unique": true,
                          "Hash Cond": "(mk.movie_id = t.id)",
                          "Plans": [
                            {
                              "Node Type": "Bitmap Heap Scan",
                              "Parent Relationship": "Outer",
                              "Parallel Aware": true,
                              "Relation Name": "movie_keyword",
                              "Alias": "mk",
                              "Startup Cost": 10815.17,
                              "Total Cost": 37324.7,
                              "Plan Rows": 164443,
                              "Plan Width": 4,
                              "Actual Startup Time": 45.695,
                              "Actual Total Time": 116.008,
                              "Actual Rows": 130220,
                              "Actual Loops": 4,
                              "Recheck Cond": "(keyword_id < 382)",
                              "Rows Removed by Index Recheck": 0,
                              "Exact Heap Blocks": 6853,
                              "Lossy Heap Blocks": 0,
                              "Plans": [
                                {
                                  "Node Type": "Bitmap Index Scan",
                                  "Parent Relationship": "Outer",
                                  "Parallel Aware": false,
                                  "Index Name": "keyword_id_movie_keyword",
                                  "Startup Cost": 0.0,
                                  "Total Cost": 10687.72,
                                  "Plan Rows": 509772,
                                  "Plan Width": 0,
                                  "Actual Startup Time": 39.902,
                                  "Actual Total Time": 39.903,
                                  "Actual Rows": 520878,
                                  "Actual Loops": 1,
                                  "Index Cond": "(keyword_id < 382)"
                                }
                              ]
                            },
                            {
                              "Node Type": "Hash",
                              "Parent Relationship": "Inner",
                              "Parallel Aware": true,
                              "Startup Cost": 42318.73,
                              "Total Cost": 42318.73,
                              "Plan Rows": 632073,
                              "Plan Width": 4,
                              "Actual Startup Time": 438.413,
                              "Actual Total Time": 438.414,
                              "Actual Rows": 632078,
                              "Actual Loops": 4,
                              "Hash Buckets": 4194304,
                              "Original Hash Buckets": 4194304,
                              "Hash Batches": 1,
                              "Original Hash Batches": 1,
                              "Peak Memory Usage": 131712,
                              "Plans": [
                                {
                                  "Node Type": "Seq Scan",
                                  "Parent Relationship": "Outer",
                                  "Parallel Aware": true,
                                  "Relation Name": "title",
                                  "Alias": "t",
                                  "Startup Cost": 0.0,
                                  "Total Cost": 42318.73,
                                  "Plan Rows": 632073,
                                  "Plan Width": 4,
                                  "Actual Startup Time": 0.045,
                                  "Actual Total Time": 130.552,
                                  "Actual Rows": 632078,
                                  "Actual Loops": 4
                                }
                              ]
                            }
                          ]
                        }
                      ]
                    }
                  ]
                }
              ]
            }
          ]
        }
      ]
    },
    "Planning Time": 1.402,
    "Triggers": [],
    "Execution Time": 1108.81
  }
]