{
  "Plan": {
    "Node Type": "Aggregate",
    "Strategy": "Plain",
    "Partial Mode": "Finalize",
    "Parallel Aware": false,
    "Startup Cost": 95045.85,
    "Total Cost": 95045.86,
    "Plan Rows": 1,
    "Plan Width": 8,
    "Actual Startup Time": 279.878,
    "Actual Total Time": 314.148,
    "Actual Rows": 1,
    "Actual Loops": 1,
    "Plans": [
      {
        "Node Type": "Gather",
        "Parent Relationship": "Outer",
        "Parallel Aware": false,
        "Startup Cost": 95045.74,
        "Total Cost": 95045.85,
        "Plan Rows": 1,
        "Plan Width": 8,
        "Actual Startup Time": 279.649,
        "Actual Total Time": 314.14,
        "Actual Rows": 2,
        "Actual Loops": 1,
        "Workers Planned": 1,
        "Workers Launched": 1,
        "Single Copy": false,
        "Plans": [
          {
            "Node Type": "Aggregate",
            "Strategy": "Plain",
            "Partial Mode": "Partial",
            "Parent Relationship": "Outer",
            "Parallel Aware": false,
            "Startup Cost": 94045.74,
            "Total Cost": 94045.75,
            "Plan Rows": 1,
            "Plan Width": 8,
            "Actual Startup Time": 273.528,
            "Actual Total Time": 273.53,
            "Actual Rows": 1,
            "Actual Loops": 2,
            "Plans": [
              {
                "Node Type": "Nested Loop",
                "Parent Relationship": "Outer",
                "Parallel Aware": false,
                "Join Type": "Inner",
                "Startup Cost": 1.0,
                "Total Cost": 94027.24,
                "Plan Rows": 7398,
                "Plan Width": 0,
                "Actual Startup Time": 18.483,
                "Actual Total Time": 271.588,
                "Actual Rows": 36318,
                "Actual Loops": 2,
                "Inner Unique": false,
                "Join Filter": "(t.id = ci.movie_id)",
                "Rows Removed by Join Filter": 0,
                "Plans": [
                  {
                    "Node Type": "Nested Loop",
                    "Parent Relationship": "Outer",
                    "Parallel Aware": false,
                    "Join Type": "Inner",
                    "Startup Cost": 0.43,
                    "Total Cost": 88785.57,
                    "Plan Rows": 2178,
                    "Plan Width": 8,
                    "Actual Startup Time": 5.865,
                    "Actual Total Time": 162.97,
                    "Actual Rows": 5574,
                    "Actual Loops": 2,
                    "Inner Unique": false,
                    "Plans": [
                      {
                        "Node Type": "Seq Scan",
                        "Parent Relationship": "Outer",
                        "Parallel Aware": true,
                        "Relation Name": "title",
                        "Alias": "t",
                        "Startup Cost": 0.0,
                        "Total Cost": 58306.47,
                        "Plan Rows": 3558,
                        "Plan Width": 4,
                        "Actual Startup Time": 1.201,
                        "Actual Total Time": 138.061,
                        "Actual Rows": 3086,
                        "Actual Loops": 2,
                        "Filter": "((kind_id < 7) AND (production_year = 1971))",
                        "Rows Removed by Filter": 1261070
                      },
                      {
                        "Node Type": "Index Scan",
                        "Parent Relationship": "Inner",
                        "Parallel Aware": false,
                        "Scan Direction": "Forward",
                        "Index Name": "movie_id_movie_keyword",
                        "Relation Name": "movie_keyword",
                        "Alias": "mk",
                        "Startup Cost": 0.43,
                        "Total Cost": 8.41,
                        "Plan Rows": 16,
                        "Plan Width": 4,
                        "Actual Startup Time": 0.007,
                        "Actual Total Time": 0.008,
                        "Actual Rows": 2,
                        "Actual Loops": 6173,
                        "Index Cond": "(movie_id = t.id)",
                        "Rows Removed by Index Recheck": 0,
                        "Filter": "(keyword_id > 10149)",
                        "Rows Removed by Filter": 3
                      }
                    ]
                  },
                  {
                    "Node Type": "Index Scan",
                    "Parent Relationship": "Inner",
                    "Parallel Aware": false,
                    "Scan Direction": "Forward",
                    "Index Name": "movie_id_cast_info",
                    "Relation Name": "cast_info",
                    "Alias": "ci",
                    "Startup Cost": 0.56,
                    "Total Cost": 2.29,
                    "Plan Rows": 9,
                    "Plan Width": 4,
                    "Actual Startup Time": 0.016,
                    "Actual Total Time": 0.019,
                    "Actual Rows": 7,
                    "Actual Loops": 11148,
                    "Index Cond": "(movie_id = mk.movie_id)",
                    "Rows Removed by Index Recheck": 0,
                    "Filter": "(role_id > 5)",
                    "Rows Removed by Filter": 27
                  }
                ]
              }
            ]
          }
        ]
      }
    ]
  },
  "Planning Time": 1.03,
  "Triggers": [],
  "Execution Time": 314.236
}