[
  {
    "Plan": {
      "Node Type": "Aggregate",
      "Strategy": "Plain",
      "Partial Mode": "Finalize",
      "Parallel Aware": false,
      "Startup Cost": 349094.03,
      "Total Cost": 349094.04,
      "Plan Rows": 1,
      "Plan Width": 8,
      "Actual Startup Time": 725.96,
      "Actual Total Time": 774.595,
      "Actual Rows": 1,
      "Actual Loops": 1,
      "Plans": [
        {
          "Node Type": "Gather",
          "Parent Relationship": "Outer",
          "Parallel Aware": false,
          "Startup Cost": 349093.4,
          "Total Cost": 349094.01,
          "Plan Rows": 6,
          "Plan Width": 8,
          "Actual Startup Time": 725.567,
          "Actual Total Time": 774.582,
          "Actual Rows": 7,
          "Actual Loops": 1,
          "Workers Planned": 6,
          "Workers Launched": 6,
          "Single Copy": false,
          "Plans": [
            {
              "Node Type": "Aggregate",
              "Strategy": "Plain",
              "Partial Mode": "Partial",
              "Parent Relationship": "Outer",
              "Parallel Aware": false,
              "Startup Cost": 348093.4,
              "Total Cost": 348093.41,
              "Plan Rows": 1,
              "Plan Width": 8,
              "Actual Startup Time": 717.912,
              "Actual Total Time": 717.913,
              "Actual Rows": 1,
              "Actual Loops": 7,
              "Plans": [
                {
                  "Node Type": "Seq Scan",
                  "Parent Relationship": "Outer",
                  "Parallel Aware": true,
                  "Relation Name": "cast_info",
                  "Alias": "ci",
                  "Startup Cost": 0.0,
                  "Total Cost": 343316.27,
                  "Plan Rows": 1910853,
                  "Plan Width": 0,
                  "Actual Startup Time": 249.878,
                  "Actual Total Time": 677.38,
                  "Actual Rows": 730548,
                  "Actual Loops": 7,
                  "Filter": "((person_id < 1761988) AND (role_id > 1))",
                  "Rows Removed by Filter": 4447215
                }
              ]
            }
          ]
        }
      ]
    },
    "Planning Time": 0.23,
    "Triggers": [],
    "Execution Time": 774.673
  }
]