{
  "Plan": {
    "Node Type": "Aggregate",
    "Strategy": "Plain",
    "Partial Mode": "Finalize",
    "Parallel Aware": false,
    "Startup Cost": 139382.93,
    "Total Cost": 139382.94,
    "Plan Rows": 1,
    "Plan Width": 8,
    "Actual Startup Time": 265.735,
    "Actual Total Time": 275.51,
    "Actual Rows": 1,
    "Actual Loops": 1,
    "Plans": [
      {
        "Node Type": "Gather",
        "Parent Relationship": "Outer",
        "Parallel Aware": false,
        "Startup Cost": 139382.81,
        "Total Cost": 139382.92,
        "Plan Rows": 1,
        "Plan Width": 8,
        "Actual Startup Time": 265.039,
        "Actual Total Time": 275.5,
        "Actual Rows": 2,
        "Actual Loops": 1,
        "Workers Planned": 1,
        "Workers Launched": 1,
        "Single Copy": false,
        "Plans": [
          {
            "Node Type": "Aggregate",
            "Strategy": "Plain",
            "Partial Mode": "Partial",
            "Parent Relationship": "Outer",
            "Parallel Aware": false,
            "Startup Cost": 138382.81,
            "Total Cost": 138382.82,
            "Plan Rows": 1,
            "Plan Width": 8,
            "Actual Startup Time": 258.218,
            "Actual Total Time": 258.222,
            "Actual Rows": 1,
            "Actual Loops": 2,
            "Plans": [
              {
                "Node Type": "Hash Join",
                "Parent Relationship": "Outer",
                "Parallel Aware": true,
                "Join Type": "Inner",
                "Startup Cost": 62082.17,
                "Total Cost": 138375.13,
                "Plan Rows": 3072,
                "Plan Width": 0,
                "Actual Startup Time": 250.864,
                "Actual Total Time": 258.018,
                "Actual Rows": 3152,
                "Actual Loops": 2,
                "Inner Unique": true,
                "Hash Cond": "(mi.movie_id = t.id)",
                "Plans": [
                  {
                    "Node Type": "Bitmap Heap Scan",
                    "Parent Relationship": "Outer",
                    "Parallel Aware": true,
                    "Relation Name": "movie_info",
                    "Alias": "mi",
                    "Startup Cost": 545.4,
                    "Total Cost": 76791.95,
                    "Plan Rows": 17682,
                    "Plan Width": 4,
                    "Actual Startup Time": 2.261,
                    "Actual Total Time": 9.726,
                    "Actual Rows": 15090,
                    "Actual Loops": 2,
                    "Recheck Cond": "(info_type_id = 110)",
                    "Rows Removed by Index Recheck": 0,
                    "Exact Heap Blocks": 1834,
                    "Lossy Heap Blocks": 0,
                    "Plans": [
                      {
                        "Node Type": "Bitmap Index Scan",
                        "Parent Relationship": "Outer",
                        "Parallel Aware": false,
                        "Index Name": "info_type_id_movie_info",
                        "Startup Cost": 0.0,
                        "Total Cost": 537.88,
                        "Plan Rows": 30060,
                        "Plan Width": 0,
                        "Actual Startup Time": 1.723,
                        "Actual Total Time": 1.723,
                        "Actual Rows": 30180,
                        "Actual Loops": 1,
                        "Index Cond": "(info_type_id = 110)"
                      }
                    ]
                  },
                  {
                    "Node Type": "Hash",
                    "Parent Relationship": "Inner",
                    "Parallel Aware": true,
                    "Startup Cost": 58306.47,
                    "Total Cost": 58306.47,
                    "Plan Rows": 258424,
                    "Plan Width": 4,
                    "Actual Startup Time": 238.749,
                    "Actual Total Time": 238.75,
                    "Actual Rows": 184123,
                    "Actual Loops": 2,
                    "Hash Buckets": 524288,
                    "Original Hash Buckets": 524288,
                    "Hash Batches": 1,
                    "Original Hash Batches": 1,
                    "Peak Memory Usage": 18528,
                    "Plans": [
                      {
                        "Node Type": "Seq Scan",
                        "Parent Relationship": "Outer",
                        "Parallel Aware": true,
                        "Relation Name": "title",
                        "Alias": "t",
                        "Startup Cost": 0.0,
                        "Total Cost": 58306.47,
                        "Plan Rows": 258424,
                        "Plan Width": 4,
                        "Actual Startup Time": 0.081,
                        "Actual Total Time": 186.419,
                        "Actual Rows": 184123,
                        "Actual Loops": 2,
                        "Filter": "((kind_id < 7) AND (production_year > 2004))",
                        "Rows Removed by Filter": 1080033
                      }
                    ]
                  }
                ]
              }
            ]
          }
        ]
      }
    ]
  },
  "Planning Time": 0.532,
  "Triggers": [],
  "Execution Time": 275.63
}