[
  {
    "Plan": {
      "Node Type": "Aggregate",
      "Strategy": "Plain",
      "Partial Mode": "Finalize",
      "Parallel Aware": false,
      "Startup Cost": 338083.7,
      "Total Cost": 338083.71,
      "Plan Rows": 1,
      "Plan Width": 8,
      "Actual Startup Time": 521.779,
      "Actual Total Time": 547.742,
      "Actual Rows": 1,
      "Actual Loops": 1,
      "Plans": [
        {
          "Node Type": "Gather",
          "Parent Relationship": "Outer",
          "Parallel Aware": false,
          "Startup Cost": 338083.07,
          "Total Cost": 338083.68,
          "Plan Rows": 6,
          "Plan Width": 8,
          "Actual Startup Time": 521.647,
          "Actual Total Time": 547.731,
          "Actual Rows": 7,
          "Actual Loops": 1,
          "Workers Planned": 6,
          "Workers Launched": 6,
          "Single Copy": false,
          "Plans": [
            {
              "Node Type": "Aggregate",
              "Strategy": "Plain",
              "Partial Mode": "Partial",
              "Parent Relationship": "Outer",
              "Parallel Aware": false,
              "Startup Cost": 337083.07,
              "Total Cost": 337083.08,
              "Plan Rows": 1,
              "Plan Width": 8,
              "Actual Startup Time": 512.034,
              "Actual Total Time": 512.035,
              "Actual Rows": 1,
              "Actual Loops": 7,
              "Plans": [
                {
                  "Node Type": "Index Scan",
                  "Parent Relationship": "Outer",
                  "Parallel Aware": true,
                  "Scan Direction": "Forward",
                  "Index Name": "role_id_cast_info",
                  "Relation Name": "cast_info",
                  "Alias": "ci",
                  "Startup Cost": 0.56,
                  "Total Cost": 335235.55,
                  "Plan Rows": 739009,
                  "Plan Width": 0,
                  "Actual Startup Time": 0.116,
                  "Actual Total Time": 437.744,
                  "Actual Rows": 1329570,
                  "Actual Loops": 7,
                  "Index Cond": "(role_id = 1)",
                  "Rows Removed by Index Recheck": 0,
                  "Filter": "(person_id < 1271002)",
                  "Rows Removed by Filter": 480529
                }
              ]
            }
          ]
        }
      ]
    },
    "Planning Time": 0.225,
    "Triggers": [],
    "Execution Time": 547.808
  }
]