[
  {
    "Plan": {
      "Node Type": "Aggregate",
      "Strategy": "Plain",
      "Partial Mode": "Finalize",
      "Parallel Aware": false,
      "Startup Cost": 46189.83,
      "Total Cost": 46189.84,
      "Plan Rows": 1,
      "Plan Width": 8,
      "Actual Startup Time": 168.65,
      "Actual Total Time": 178.034,
      "Actual Rows": 1,
      "Actual Loops": 1,
      "Plans": [
        {
          "Node Type": "Gather",
          "Parent Relationship": "Outer",
          "Parallel Aware": false,
          "Startup Cost": 46189.51,
          "Total Cost": 46189.82,
          "Plan Rows": 3,
          "Plan Width": 8,
          "Actual Startup Time": 168.559,
          "Actual Total Time": 178.027,
          "Actual Rows": 4,
          "Actual Loops": 1,
          "Workers Planned": 3,
          "Workers Launched": 3,
          "Single Copy": false,
          "Plans": [
            {
              "Node Type": "Aggregate",
              "Strategy": "Plain",
              "Partial Mode": "Partial",
              "Parent Relationship": "Outer",
              "Parallel Aware": false,
              "Startup Cost": 45189.51,
              "Total Cost": 45189.52,
              "Plan Rows": 1,
              "Plan Width": 8,
              "Actual Startup Time": 165.282,
              "Actual Total Time": 165.283,
              "Actual Rows": 1,
              "Actual Loops": 4,
              "Plans": [
                {
                  "Node Type": "Seq Scan",
                  "Parent Relationship": "Outer",
                  "Parallel Aware": true,
                  "Relation Name": "movie_keyword",
                  "Alias": "mk",
                  "Startup Cost": 0.0,
                  "Total Cost": 42695.65,
                  "Plan Rows": 997542,
                  "Plan Width": 0,
                  "Actual Startup Time": 0.019,
                  "Actual Total Time": 124.227,
                  "Actual Rows": 779320,
                  "Actual Loops": 4,
                  "Filter": "(keyword_id < 11901)",
                  "Rows Removed by Filter": 351662
                }
              ]
            }
          ]
        }
      ]
    },
    "Planning Time": 0.069,
    "Triggers": [],
    "Execution Time": 178.07
  }
]