[
  {
    "Plan": {
      "Node Type": "Aggregate",
      "Strategy": "Plain",
      "Partial Mode": "Finalize",
      "Parallel Aware": false,
      "Startup Cost": 495423.76,
      "Total Cost": 495423.77,
      "Plan Rows": 1,
      "Plan Width": 8,
      "Actual Startup Time": 2790.927,
      "Actual Total Time": 2839.929,
      "Actual Rows": 1,
      "Actual Loops": 1,
      "Plans": [
        {
          "Node Type": "Gather",
          "Parent Relationship": "Outer",
          "Parallel Aware": false,
          "Startup Cost": 495423.13,
          "Total Cost": 495423.74,
          "Plan Rows": 6,
          "Plan Width": 8,
          "Actual Startup Time": 2788.096,
          "Actual Total Time": 2839.919,
          "Actual Rows": 7,
          "Actual Loops": 1,
          "Workers Planned": 6,
          "Workers Launched": 6,
          "Single Copy": false,
          "Plans": [
            {
              "Node Type": "Aggregate",
              "Strategy": "Plain",
              "Partial Mode": "Partial",
              "Parent Relationship": "Outer",
              "Parallel Aware": false,
              "Startup Cost": 494423.13,
              "Total Cost": 494423.14,
              "Plan Rows": 1,
              "Plan Width": 8,
              "Actual Startup Time": 2776.788,
              "Actual Total Time": 2776.791,
              "Actual Rows": 1,
              "Actual Loops": 7,
              "Plans": [
                {
                  "Node Type": "Nested Loop",
                  "Parent Relationship": "Outer",
                  "Parallel Aware": false,
                  "Join Type": "Inner",
                  "Startup Cost": 93870.52,
                  "Total Cost": 493764.59,
                  "Plan Rows": 263417,
                  "Plan Width": 0,
                  "Actual Startup Time": 188.937,
                  "Actual Total Time": 2677.339,
                  "Actual Rows": 2378462,
                  "Actual Loops": 7,
                  "Inner Unique": false,
                  "Join Filter": "(t.id = mi.movie_id)",
                  "Rows Removed by Join Filter": 0,
                  "Plans": [
                    {
                      "Node Type": "Hash Join",
                      "Parent Relationship": "Outer",
                      "Parallel Aware": true,
                      "Join Type": "Inner",
                      "Startup Cost": 93870.09,
                      "Total Cost": 351900.66,
                      "Plan Rows": 70214,
                      "Plan Width": 8,
                      "Actual Startup Time": 188.766,
                      "Actual Total Time": 369.808,
                      "Actual Rows": 61496,
                      "Actual Loops": 7,
                      "Inner Unique": true,
                      "Hash Cond": "(ci.movie_id = t.id)",
                      "Plans": [
                        {
                          "Node Type": "Bitmap Heap Scan",
                          "Parent Relationship": "Outer",
                          "Parallel Aware": true,
                          "Relation Name": "cast_info",
                          "Alias": "ci",
                          "Startup Cost": 46820.75,
                          "Total Cost": 303923.93,
                          "Plan Rows": 353294,
                          "Plan Width": 4,
                          "Actual Startup Time": 87.424,
                          "Actual Total Time": 139.098,
                          "Actual Rows": 290834,
                          "Actual Loops": 7,
                          "Recheck Cond": "(person_id > 3662721)",
                          "Rows Removed by Index Recheck": 0,
                          "Exact Heap Blocks": 4654,
                          "Lossy Heap Blocks": 0,
                          "Plans": [
                            {
                              "Node Type": "Bitmap Index Scan",
                              "Parent Relationship": "Outer",
                              "Parallel Aware": false,
                              "Index Name": "person_id_cast_info",
                              "Startup Cost": 0.0,
                              "Total Cost": 46290.81,
                              "Plan Rows": 2119766,
                              "Plan Width": 0,
                              "Actual Startup Time": 82.03,
                              "Actual Total Time": 82.03,
                              "Actual Rows": 2035838,
                              "Actual Loops": 1,
                              "Index Cond": "(person_id > 3662721)"
                            }
                          ]
                        },
                        {
                          "Node Type": "Hash",
                          "Parent Relationship": "Inner",
                          "Parallel Aware": true,
                          "Startup Cost": 45479.1,
                          "Total Cost": 45479.1,
                          "Plan Rows": 125619,
                          "Plan Width": 4,
                          "Actual Startup Time": 99.073,
                          "Actual Total Time": 99.073,
                          "Actual Rows": 53376,
                          "Actual Loops": 7,
                          "Hash Buckets": 524288,
                          "Original Hash Buckets": 524288,
                          "Hash Batches": 1,
                          "Original Hash Batches": 1,
                          "Peak Memory Usage": 18848,
                          "Plans": [
                            {
                              "Node Type": "Seq Scan",
                              "Parent Relationship": "Outer",
                              "Parallel Aware": true,
                              "Relation Name": "title",
                              "Alias": "t",
                              "Startup Cost": 0.0,
                              "Total Cost": 45479.1,
                              "Plan Rows": 125619,
                              "Plan Width": 4,
                              "Actual Startup Time": 42.276,
                              "Actual Total Time": 78.488,
                              "Actual Rows": 53376,
                              "Actual Loops": 7,
                              "Filter": "((production_year > 1982) AND (kind_id = 1))",
                              "Rows Removed by Filter": 307811
                            }
                          ]
                        }
                      ]
                    },
                    {
                      "Node Type": "Index Scan",
                      "Parent Relationship": "Inner",
                      "Parallel Aware": false,
                      "Scan Direction": "Forward",
                      "Index Name": "movie_id_movie_info",
                      "Relation Name": "movie_info",
                      "Alias": "mi",
                      "Startup Cost": 0.43,
                      "Total Cost": 1.68,
                      "Plan Rows": 27,
                      "Plan Width": 4,
                      "Actual Startup Time": 0.007,
                      "Actual Total Time": 0.034,
                      "Actual Rows": 39,
                      "Actual Loops": 430473,
                      "Index Cond": "(movie_id = ci.movie_id)",
                      "Rows Removed by Index Recheck": 0,
                      "Filter": "(info_type_id < 16)",
                      "Rows Removed by Filter": 49
                    }
                  ]
                }
              ]
            }
          ]
        }
      ]
    },
    "Planning Time": 1.462,
    "Triggers": [],
    "Execution Time": 2840.058
  }
]