{
  "Plan": {
    "Node Type": "Aggregate",
    "Strategy": "Plain",
    "Partial Mode": "Finalize",
    "Parallel Aware": false,
    "Startup Cost": 696009.07,
    "Total Cost": 696009.08,
    "Plan Rows": 1,
    "Plan Width": 8,
    "Actual Startup Time": 2682.368,
    "Actual Total Time": 2710.328,
    "Actual Rows": 1,
    "Actual Loops": 1,
    "Plans": [
      {
        "Node Type": "Gather",
        "Parent Relationship": "Outer",
        "Parallel Aware": false,
        "Startup Cost": 696008.96,
        "Total Cost": 696009.07,
        "Plan Rows": 1,
        "Plan Width": 8,
        "Actual Startup Time": 2679.114,
        "Actual Total Time": 2710.32,
        "Actual Rows": 2,
        "Actual Loops": 1,
        "Workers Planned": 1,
        "Workers Launched": 1,
        "Single Copy": false,
        "Plans": [
          {
            "Node Type": "Aggregate",
            "Strategy": "Plain",
            "Partial Mode": "Partial",
            "Parent Relationship": "Outer",
            "Parallel Aware": false,
            "Startup Cost": 695008.96,
            "Total Cost": 695008.97,
            "Plan Rows": 1,
            "Plan Width": 8,
            "Actual Startup Time": 2672.537,
            "Actual Total Time": 2672.543,
            "Actual Rows": 1,
            "Actual Loops": 2,
            "Plans": [
              {
                "Node Type": "Merge Join",
                "Parent Relationship": "Outer",
                "Parallel Aware": false,
                "Join Type": "Inner",
                "Startup Cost": 547804.19,
                "Total Cost": 693314.13,
                "Plan Rows": 677932,
                "Plan Width": 0,
                "Actual Startup Time": 2060.472,
                "Actual Total Time": 2642.745,
                "Actual Rows": 721754,
                "Actual Loops": 2,
                "Inner Unique": false,
                "Merge Cond": "(mc.movie_id = t.id)",
                "Plans": [
                  {
                    "Node Type": "Index Only Scan",
                    "Parent Relationship": "Outer",
                    "Parallel Aware": true,
                    "Scan Direction": "Forward",
                    "Index Name": "movie_id_movie_companies",
                    "Relation Name": "movie_companies",
                    "Alias": "mc",
                    "Startup Cost": 0.43,
                    "Total Cost": 129315.97,
                    "Plan Rows": 1534782,
                    "Plan Width": 4,
                    "Actual Startup Time": 0.116,
                    "Actual Total Time": 384.077,
                    "Actual Rows": 1304564,
                    "Actual Loops": 2,
                    "Heap Fetches": 2609129
                  },
                  {
                    "Node Type": "Sort",
                    "Parent Relationship": "Inner",
                    "Parallel Aware": false,
                    "Startup Cost": 547803.65,
                    "Total Cost": 550595.59,
                    "Plan Rows": 1116778,
                    "Plan Width": 8,
                    "Actual Startup Time": 2057.584,
                    "Actual Total Time": 2100.604,
                    "Actual Rows": 1084418,
                    "Actual Loops": 2,
                    "Sort Key": [
                      "mi.movie_id"
                    ],
                    "Sort Method": "quicksort",
                    "Sort Space Used": 55556,
                    "Sort Space Type": "Memory",
                    "Workers": [
                      {
                        "Worker Number": 0,
                        "Sort Method": "quicksort",
                        "Sort Space Used": 55556,
                        "Sort Space Type": "Memory"
                      }
                    ],
                    "Plans": [
                      {
                        "Node Type": "Hash Join",
                        "Parent Relationship": "Outer",
                        "Parallel Aware": false,
                        "Join Type": "Inner",
                        "Startup Cost": 185510.72,
                        "Total Cost": 435618.21,
                        "Plan Rows": 1116778,
                        "Plan Width": 8,
                        "Actual Startup Time": 520.684,
                        "Actual Total Time": 1906.739,
                        "Actual Rows": 660890,
                        "Actual Loops": 2,
                        "Inner Unique": true,
                        "Hash Cond": "(mi.movie_id = t.id)",
                        "Plans": [
                          {
                            "Node Type": "Bitmap Heap Scan",
                            "Parent Relationship": "Outer",
                            "Parallel Aware": false,
                            "Relation Name": "movie_info",
                            "Alias": "mi",
                            "Startup Cost": 105530.0,
                            "Total Cost": 340344.87,
                            "Plan Rows": 5825750,
                            "Plan Width": 4,
                            "Actual Startup Time": 177.604,
                            "Actual Total Time": 649.585,
                            "Actual Rows": 5884963,
                            "Actual Loops": 2,
                            "Recheck Cond": "(info_type_id < 7)",
                            "Rows Removed by Index Recheck": 0,
                            "Exact Heap Blocks": 39951,
                            "Lossy Heap Blocks": 0,
                            "Plans": [
                              {
                                "Node Type": "Bitmap Index Scan",
                                "Parent Relationship": "Outer",
                                "Parallel Aware": false,
                                "Index Name": "info_type_id_movie_info",
                                "Startup Cost": 0.0,
                                "Total Cost": 104073.56,
                                "Plan Rows": 5825750,
                                "Plan Width": 0,
                                "Actual Startup Time": 172.158,
                                "Actual Total Time": 172.158,
                                "Actual Rows": 5884963,
                                "Actual Loops": 2,
                                "Index Cond": "(info_type_id < 7)"
                              }
                            ]
                          },
                          {
                            "Node Type": "Hash",
                            "Parent Relationship": "Inner",
                            "Parallel Aware": false,
                            "Startup Cost": 73922.39,
                            "Total Cost": 73922.39,
                            "Plan Rows": 484666,
                            "Plan Width": 4,
                            "Actual Startup Time": 336.498,
                            "Actual Total Time": 336.5,
                            "Actual Rows": 352208,
                            "Actual Loops": 2,
                            "Hash Buckets": 524288,
                            "Original Hash Buckets": 524288,
                            "Hash Batches": 1,
                            "Original Hash Batches": 1,
                            "Peak Memory Usage": 16479,
                            "Plans": [
                              {
                                "Node Type": "Seq Scan",
                                "Parent Relationship": "Outer",
                                "Parallel Aware": false,
                                "Relation Name": "title",
                                "Alias": "t",
                                "Startup Cost": 0.0,
                                "Total Cost": 73922.39,
                                "Plan Rows": 484666,
                                "Plan Width": 4,
                                "Actual Startup Time": 0.052,
                                "Actual Total Time": 258.091,
                                "Actual Rows": 352208,
                                "Actual Loops": 2,
                                "Filter": "((kind_id > 1) AND (production_year < 1989))",
                                "Rows Removed by Filter": 2176104
                              }
                            ]
                          }
                        ]
                      }
                    ]
                  }
                ]
              }
            ]
          }
        ]
      }
    ]
  },
  "Planning Time": 1.116,
  "Triggers": [],
  "Execution Time": 2717.412
}