[
  {
    "Plan": {
      "Node Type": "Aggregate",
      "Strategy": "Plain",
      "Partial Mode": "Finalize",
      "Parallel Aware": false,
      "Startup Cost": 45505.09,
      "Total Cost": 45505.1,
      "Plan Rows": 1,
      "Plan Width": 8,
      "Actual Startup Time": 148.002,
      "Actual Total Time": 157.457,
      "Actual Rows": 1,
      "Actual Loops": 1,
      "Plans": [
        {
          "Node Type": "Gather",
          "Parent Relationship": "Outer",
          "Parallel Aware": false,
          "Startup Cost": 45504.77,
          "Total Cost": 45505.08,
          "Plan Rows": 3,
          "Plan Width": 8,
          "Actual Startup Time": 147.892,
          "Actual Total Time": 157.45,
          "Actual Rows": 4,
          "Actual Loops": 1,
          "Workers Planned": 3,
          "Workers Launched": 3,
          "Single Copy": false,
          "Plans": [
            {
              "Node Type": "Aggregate",
              "Strategy": "Plain",
              "Partial Mode": "Partial",
              "Parent Relationship": "Outer",
              "Parallel Aware": false,
              "Startup Cost": 44504.77,
              "Total Cost": 44504.78,
              "Plan Rows": 1,
              "Plan Width": 8,
              "Actual Startup Time": 140.982,
              "Actual Total Time": 140.984,
              "Actual Rows": 1,
              "Actual Loops": 4,
              "Plans": [
                {
                  "Node Type": "Seq Scan",
                  "Parent Relationship": "Outer",
                  "Parallel Aware": true,
                  "Relation Name": "movie_keyword",
                  "Alias": "mk",
                  "Startup Cost": 0.0,
                  "Total Cost": 42695.65,
                  "Plan Rows": 723646,
                  "Plan Width": 0,
                  "Actual Startup Time": 0.722,
                  "Actual Total Time": 115.081,
                  "Actual Rows": 561259,
                  "Actual Loops": 4,
                  "Filter": "(keyword_id > 4830)",
                  "Rows Removed by Filter": 569723
                }
              ]
            }
          ]
        }
      ]
    },
    "Planning Time": 0.188,
    "Triggers": [],
    "Execution Time": 157.514
  }
]