[
  {
    "Plan": {
      "Node Type": "Aggregate",
      "Strategy": "Plain",
      "Partial Mode": "Finalize",
      "Parallel Aware": false,
      "Startup Cost": 390917.67,
      "Total Cost": 390917.68,
      "Plan Rows": 1,
      "Plan Width": 8,
      "Actual Startup Time": 1182.176,
      "Actual Total Time": 1249.749,
      "Actual Rows": 1,
      "Actual Loops": 1,
      "Plans": [
        {
          "Node Type": "Gather",
          "Parent Relationship": "Outer",
          "Parallel Aware": false,
          "Startup Cost": 390917.04,
          "Total Cost": 390917.65,
          "Plan Rows": 6,
          "Plan Width": 8,
          "Actual Startup Time": 1181.057,
          "Actual Total Time": 1249.736,
          "Actual Rows": 7,
          "Actual Loops": 1,
          "Workers Planned": 6,
          "Workers Launched": 6,
          "Single Copy": false,
          "Plans": [
            {
              "Node Type": "Aggregate",
              "Strategy": "Plain",
              "Partial Mode": "Partial",
              "Parent Relationship": "Outer",
              "Parallel Aware": false,
              "Startup Cost": 389917.04,
              "Total Cost": 389917.05,
              "Plan Rows": 1,
              "Plan Width": 8,
              "Actual Startup Time": 1170.598,
              "Actual Total Time": 1170.601,
              "Actual Rows": 1,
              "Actual Loops": 7,
              "Plans": [
                {
                  "Node Type": "Hash Join",
                  "Parent Relationship": "Outer",
                  "Parallel Aware": true,
                  "Join Type": "Inner",
                  "Startup Cost": 38485.61,
                  "Total Cost": 389613.94,
                  "Plan Rows": 121242,
                  "Plan Width": 0,
                  "Actual Startup Time": 217.871,
                  "Actual Total Time": 1162.486,
                  "Actual Rows": 125368,
                  "Actual Loops": 7,
                  "Inner Unique": true,
                  "Hash Cond": "(ci.movie_id = t.id)",
                  "Plans": [
                    {
                      "Node Type": "Seq Scan",
                      "Parent Relationship": "Outer",
                      "Parallel Aware": true,
                      "Relation Name": "cast_info",
                      "Alias": "ci",
                      "Startup Cost": 0.0,
                      "Total Cost": 343257.03,
                      "Plan Rows": 2998584,
                      "Plan Width": 4,
                      "Actual Startup Time": 162.978,
                      "Actual Total Time": 759.738,
                      "Actual Rows": 2373216,
                      "Actual Loops": 7,
                      "Filter": "((person_id > 1246879) AND (role_id < 6))",
                      "Rows Removed by Filter": 2804547
                    },
                    {
                      "Node Type": "Hash",
                      "Parent Relationship": "Inner",
                      "Parallel Aware": true,
                      "Startup Cost": 38166.15,
                      "Total Cost": 38166.15,
                      "Plan Rows": 25557,
                      "Plan Width": 4,
                      "Actual Startup Time": 53.526,
                      "Actual Total Time": 53.527,
                      "Actual Rows": 14362,
                      "Actual Loops": 7,
                      "Hash Buckets": 131072,
                      "Original Hash Buckets": 131072,
                      "Hash Batches": 1,
                      "Original Hash Batches": 1,
                      "Peak Memory Usage": 5056,
                      "Plans": [
                        {
                          "Node Type": "Bitmap Heap Scan",
                          "Parent Relationship": "Outer",
                          "Parallel Aware": true,
                          "Relation Name": "title",
                          "Alias": "t",
                          "Startup Cost": 1848.69,
                          "Total Cost": 38166.15,
                          "Plan Rows": 25557,
                          "Plan Width": 4,
                          "Actual Startup Time": 12.451,
                          "Actual Total Time": 45.59,
                          "Actual Rows": 14362,
                          "Actual Loops": 7,
                          "Recheck Cond": "(kind_id = 3)",
                          "Rows Removed by Index Recheck": 0,
                          "Exact Heap Blocks": 5175,
                          "Lossy Heap Blocks": 0,
                          "Plans": [
                            {
                              "Node Type": "Bitmap Index Scan",
                              "Parent Relationship": "Outer",
                              "Parallel Aware": false,
                              "Index Name": "kind_id_title",
                              "Startup Cost": 0.0,
                              "Total Cost": 1823.13,
                              "Plan Rows": 102227,
                              "Plan Width": 0,
                              "Actual Startup Time": 12.84,
                              "Actual Total Time": 12.84,
                              "Actual Rows": 100537,
                              "Actual Loops": 1,
                              "Index Cond": "(kind_id = 3)"
                            }
                          ]
                        }
                      ]
                    }
                  ]
                }
              ]
            }
          ]
        }
      ]
    },
    "Planning Time": 0.662,
    "Triggers": [],
    "Execution Time": 1249.865
  }
]