[
  {
    "Plan": {
      "Node Type": "Aggregate",
      "Strategy": "Plain",
      "Partial Mode": "Finalize",
      "Parallel Aware": false,
      "Startup Cost": 89019.6,
      "Total Cost": 89019.61,
      "Plan Rows": 1,
      "Plan Width": 8,
      "Actual Startup Time": 424.443,
      "Actual Total Time": 439.439,
      "Actual Rows": 1,
      "Actual Loops": 1,
      "Plans": [
        {
          "Node Type": "Gather",
          "Parent Relationship": "Outer",
          "Parallel Aware": false,
          "Startup Cost": 89019.18,
          "Total Cost": 89019.59,
          "Plan Rows": 4,
          "Plan Width": 8,
          "Actual Startup Time": 420.796,
          "Actual Total Time": 439.43,
          "Actual Rows": 5,
          "Actual Loops": 1,
          "Workers Planned": 4,
          "Workers Launched": 4,
          "Single Copy": false,
          "Plans": [
            {
              "Node Type": "Aggregate",
              "Strategy": "Plain",
              "Partial Mode": "Partial",
              "Parent Relationship": "Outer",
              "Parallel Aware": false,
              "Startup Cost": 88019.18,
              "Total Cost": 88019.19,
              "Plan Rows": 1,
              "Plan Width": 8,
              "Actual Startup Time": 410.256,
              "Actual Total Time": 410.306,
              "Actual Rows": 1,
              "Actual Loops": 5,
              "Plans": [
                {
                  "Node Type": "Nested Loop",
                  "Parent Relationship": "Outer",
                  "Parallel Aware": false,
                  "Join Type": "Inner",
                  "Startup Cost": 30973.14,
                  "Total Cost": 88009.59,
                  "Plan Rows": 3835,
                  "Plan Width": 0,
                  "Actual Startup Time": 116.087,
                  "Actual Total Time": 408.016,
                  "Actual Rows": 35085,
                  "Actual Loops": 5,
                  "Inner Unique": false,
                  "Plans": [
                    {
                      "Node Type": "Hash Join",
                      "Parent Relationship": "Outer",
                      "Parallel Aware": true,
                      "Join Type": "Inner",
                      "Startup Cost": 30972.71,
                      "Total Cost": 76179.71,
                      "Plan Rows": 21327,
                      "Plan Width": 8,
                      "Actual Startup Time": 112.301,
                      "Actual Total Time": 240.38,
                      "Actual Rows": 74157,
                      "Actual Loops": 5,
                      "Inner Unique": false,
                      "Hash Cond": "(t.id = mc.movie_id)",
                      "Plans": [
                        {
                          "Node Type": "Seq Scan",
                          "Parent Relationship": "Outer",
                          "Parallel Aware": true,
                          "Relation Name": "title",
                          "Alias": "t",
                          "Startup Cost": 0.0,
                          "Total Cost": 43898.92,
                          "Plan Rows": 247857,
                          "Plan Width": 4,
                          "Actual Startup Time": 0.013,
                          "Actual Total Time": 69.699,
                          "Actual Rows": 197010,
                          "Actual Loops": 5,
                          "Filter": "(kind_id < 7)",
                          "Rows Removed by Filter": 308653
                        },
                        {
                          "Node Type": "Hash",
                          "Parent Relationship": "Inner",
                          "Parallel Aware": true,
                          "Startup Cost": 30095.51,
                          "Total Cost": 30095.51,
                          "Plan Rows": 70176,
                          "Plan Width": 4,
                          "Actual Startup Time": 104.342,
                          "Actual Total Time": 104.343,
                          "Actual Rows": 87284,
                          "Actual Loops": 5,
                          "Hash Buckets": 524288,
                          "Original Hash Buckets": 262144,
                          "Hash Batches": 1,
                          "Original Hash Batches": 1,
                          "Peak Memory Usage": 23296,
                          "Plans": [
                            {
                              "Node Type": "Bitmap Heap Scan",
                              "Parent Relationship": "Outer",
                              "Parallel Aware": true,
                              "Relation Name": "movie_companies",
                              "Alias": "mc",
                              "Startup Cost": 9232.3,
                              "Total Cost": 30095.51,
                              "Plan Rows": 70176,
                              "Plan Width": 4,
                              "Actual Startup Time": 33.904,
                              "Actual Total Time": 68.47,
                              "Actual Rows": 87284,
                              "Actual Loops": 5,
                              "Recheck Cond": "(company_id > 78589)",
                              "Rows Removed by Index Recheck": 0,
                              "Filter": "(company_type_id = 2)",
                              "Rows Removed by Filter": 0,
                              "Exact Heap Blocks": 2646,
                              "Lossy Heap Blocks": 0,
                              "Plans": [
                                {
                                  "Node Type": "Bitmap Index Scan",
                                  "Parent Relationship": "Outer",
                                  "Parallel Aware": false,
                                  "Index Name": "company_id_movie_companies",
                                  "Startup Cost": 0.0,
                                  "Total Cost": 9177.91,
                                  "Plan Rows": 428464,
                                  "Plan Width": 0,
                                  "Actual Startup Time": 36.15,
                                  "Actual Total Time": 36.15,
                                  "Actual Rows": 436418,
                                  "Actual Loops": 1,
                                  "Index Cond": "(company_id > 78589)"
                                }
                              ]
                            }
                          ]
                        }
                      ]
                    },
                    {
                      "Node Type": "Index Scan",
                      "Parent Relationship": "Inner",
                      "Parallel Aware": false,
                      "Scan Direction": "Forward",
                      "Index Name": "movie_id_movie_info_idx",
                      "Relation Name": "movie_info_idx",
                      "Alias": "mi_idx",
                      "Startup Cost": 0.43,
                      "Total Cost": 0.54,
                      "Plan Rows": 1,
                      "Plan Width": 4,
                      "Actual Startup Time": 0.002,
                      "Actual Total Time": 0.002,
                      "Actual Rows": 0,
                      "Actual Loops": 370786,
                      "Index Cond": "(movie_id = t.id)",
                      "Rows Removed by Index Recheck": 0,
                      "Filter": "(info_type_id = 99)",
                      "Rows Removed by Filter": 1
                    }
                  ]
                }
              ]
            }
          ]
        }
      ]
    },
    "Planning Time": 1.422,
    "Triggers": [],
    "Execution Time": 439.544
  }
]