[
  {
    "Plan": {
      "Node Type": "Aggregate",
      "Strategy": "Plain",
      "Partial Mode": "Finalize",
      "Parallel Aware": false,
      "Startup Cost": 32868.79,
      "Total Cost": 32868.8,
      "Plan Rows": 1,
      "Plan Width": 8,
      "Actual Startup Time": 96.996,
      "Actual Total Time": 104.883,
      "Actual Rows": 1,
      "Actual Loops": 1,
      "Plans": [
        {
          "Node Type": "Gather",
          "Parent Relationship": "Outer",
          "Parallel Aware": false,
          "Startup Cost": 32868.47,
          "Total Cost": 32868.78,
          "Plan Rows": 3,
          "Plan Width": 8,
          "Actual Startup Time": 96.895,
          "Actual Total Time": 104.876,
          "Actual Rows": 4,
          "Actual Loops": 1,
          "Workers Planned": 3,
          "Workers Launched": 3,
          "Single Copy": false,
          "Plans": [
            {
              "Node Type": "Aggregate",
              "Strategy": "Plain",
              "Partial Mode": "Partial",
              "Parent Relationship": "Outer",
              "Parallel Aware": false,
              "Startup Cost": 31868.47,
              "Total Cost": 31868.48,
              "Plan Rows": 1,
              "Plan Width": 8,
              "Actual Startup Time": 88.643,
              "Actual Total Time": 88.644,
              "Actual Rows": 1,
              "Actual Loops": 4,
              "Plans": [
                {
                  "Node Type": "Seq Scan",
                  "Parent Relationship": "Outer",
                  "Parallel Aware": true,
                  "Relation Name": "movie_companies",
                  "Alias": "mc",
                  "Startup Cost": 0.0,
                  "Total Cost": 31414.82,
                  "Plan Rows": 181461,
                  "Plan Width": 0,
                  "Actual Startup Time": 47.61,
                  "Actual Total Time": 80.329,
                  "Actual Rows": 214432,
                  "Actual Loops": 4,
                  "Filter": "((company_id > 13873) AND (company_type_id > 1))",
                  "Rows Removed by Filter": 437850
                }
              ]
            }
          ]
        }
      ]
    },
    "Planning Time": 0.193,
    "Triggers": [],
    "Execution Time": 104.935
  }
]