[
  {
    "Plan": {
      "Node Type": "Aggregate",
      "Strategy": "Plain",
      "Partial Mode": "Finalize",
      "Parallel Aware": false,
      "Startup Cost": 341388.96,
      "Total Cost": 341388.97,
      "Plan Rows": 1,
      "Plan Width": 8,
      "Actual Startup Time": 822.799,
      "Actual Total Time": 876.123,
      "Actual Rows": 1,
      "Actual Loops": 1,
      "Plans": [
        {
          "Node Type": "Gather",
          "Parent Relationship": "Outer",
          "Parallel Aware": false,
          "Startup Cost": 341388.34,
          "Total Cost": 341388.95,
          "Plan Rows": 6,
          "Plan Width": 8,
          "Actual Startup Time": 822.683,
          "Actual Total Time": 876.114,
          "Actual Rows": 7,
          "Actual Loops": 1,
          "Workers Planned": 6,
          "Workers Launched": 6,
          "Single Copy": false,
          "Plans": [
            {
              "Node Type": "Aggregate",
              "Strategy": "Plain",
              "Partial Mode": "Partial",
              "Parent Relationship": "Outer",
              "Parallel Aware": false,
              "Startup Cost": 340388.34,
              "Total Cost": 340388.35,
              "Plan Rows": 1,
              "Plan Width": 8,
              "Actual Startup Time": 814.861,
              "Actual Total Time": 814.862,
              "Actual Rows": 1,
              "Actual Loops": 7,
              "Plans": [
                {
                  "Node Type": "Seq Scan",
                  "Parent Relationship": "Outer",
                  "Parallel Aware": true,
                  "Relation Name": "cast_info",
                  "Alias": "ci",
                  "Startup Cost": 0.0,
                  "Total Cost": 328162.03,
                  "Plan Rows": 4890524,
                  "Plan Width": 0,
                  "Actual Startup Time": 84.089,
                  "Actual Total Time": 635.867,
                  "Actual Rows": 4168070,
                  "Actual Loops": 7,
                  "Filter": "(person_id > 682601)",
                  "Rows Removed by Filter": 1009693
                }
              ]
            }
          ]
        }
      ]
    },
    "Planning Time": 0.158,
    "Triggers": [],
    "Execution Time": 876.187
  }
]