[
  {
    "Plan": {
      "Node Type": "Aggregate",
      "Strategy": "Plain",
      "Partial Mode": "Finalize",
      "Parallel Aware": false,
      "Startup Cost": 388426.94,
      "Total Cost": 388426.95,
      "Plan Rows": 1,
      "Plan Width": 8,
      "Actual Startup Time": 515.35,
      "Actual Total Time": 532.893,
      "Actual Rows": 1,
      "Actual Loops": 1,
      "Plans": [
        {
          "Node Type": "Gather",
          "Parent Relationship": "Outer",
          "Parallel Aware": false,
          "Startup Cost": 388426.31,
          "Total Cost": 388426.92,
          "Plan Rows": 6,
          "Plan Width": 8,
          "Actual Startup Time": 508.416,
          "Actual Total Time": 532.883,
          "Actual Rows": 7,
          "Actual Loops": 1,
          "Workers Planned": 6,
          "Workers Launched": 6,
          "Single Copy": false,
          "Plans": [
            {
              "Node Type": "Aggregate",
              "Strategy": "Plain",
              "Partial Mode": "Partial",
              "Parent Relationship": "Outer",
              "Parallel Aware": false,
              "Startup Cost": 387426.31,
              "Total Cost": 387426.32,
              "Plan Rows": 1,
              "Plan Width": 8,
              "Actual Startup Time": 497.012,
              "Actual Total Time": 497.016,
              "Actual Rows": 1,
              "Actual Loops": 7,
              "Plans": [
                {
                  "Node Type": "Hash Join",
                  "Parent Relationship": "Outer",
                  "Parallel Aware": true,
                  "Join Type": "Inner",
                  "Startup Cost": 124708.44,
                  "Total Cost": 387211.83,
                  "Plan Rows": 85794,
                  "Plan Width": 0,
                  "Actual Startup Time": 283.1,
                  "Actual Total Time": 491.47,
                  "Actual Rows": 113467,
                  "Actual Loops": 7,
                  "Inner Unique": true,
                  "Hash Cond": "(ci.movie_id = t.id)",
                  "Plans": [
                    {
                      "Node Type": "Bitmap Heap Scan",
                      "Parent Relationship": "Outer",
                      "Parallel Aware": true,
                      "Relation Name": "cast_info",
                      "Alias": "ci",
                      "Startup Cost": 78736.84,
                      "Total Cost": 340381.75,
                      "Plan Rows": 327043,
                      "Plan Width": 4,
                      "Actual Startup Time": 167.889,
                      "Actual Total Time": 282.914,
                      "Actual Rows": 381059,
                      "Actual Loops": 7,
                      "Recheck Cond": "(person_id < 355016)",
                      "Rows Removed by Index Recheck": 0,
                      "Filter": "(role_id < 3)",
                      "Rows Removed by Filter": 147828,
                      "Exact Heap Blocks": 7667,
                      "Lossy Heap Blocks": 0,
                      "Plans": [
                        {
                          "Node Type": "Bitmap Index Scan",
                          "Parent Relationship": "Outer",
                          "Parallel Aware": false,
                          "Index Name": "person_id_cast_info",
                          "Startup Cost": 0.0,
                          "Total Cost": 78246.28,
                          "Plan Rows": 3583162,
                          "Plan Width": 0,
                          "Actual Startup Time": 161.358,
                          "Actual Total Time": 161.359,
                          "Actual Rows": 3702211,
                          "Actual Loops": 1,
                          "Index Cond": "(person_id < 355016)"
                        }
                      ]
                    },
                    {
                      "Node Type": "Hash",
                      "Parent Relationship": "Inner",
                      "Parallel Aware": true,
                      "Startup Cost": 43898.92,
                      "Total Cost": 43898.92,
                      "Plan Rows": 165814,
                      "Plan Width": 4,
                      "Actual Startup Time": 111.962,
                      "Actual Total Time": 111.963,
                      "Actual Rows": 94689,
                      "Actual Loops": 7,
                      "Hash Buckets": 1048576,
                      "Original Hash Buckets": 1048576,
                      "Hash Batches": 1,
                      "Original Hash Batches": 1,
                      "Peak Memory Usage": 34240,
                      "Plans": [
                        {
                          "Node Type": "Seq Scan",
                          "Parent Relationship": "Outer",
                          "Parallel Aware": true,
                          "Relation Name": "title",
                          "Alias": "t",
                          "Startup Cost": 0.0,
                          "Total Cost": 43898.92,
                          "Plan Rows": 165814,
                          "Plan Width": 4,
                          "Actual Startup Time": 41.012,
                          "Actual Total Time": 74.65,
                          "Actual Rows": 94689,
                          "Actual Loops": 7,
                          "Filter": "(kind_id = 1)",
                          "Rows Removed by Filter": 266498
                        }
                      ]
                    }
                  ]
                }
              ]
            }
          ]
        }
      ]
    },
    "Planning Time": 0.632,
    "Triggers": [],
    "Execution Time": 532.985
  }
]