{
  "Plan": {
    "Node Type": "Aggregate",
    "Strategy": "Plain",
    "Partial Mode": "Finalize",
    "Parallel Aware": false,
    "Startup Cost": 114089.35,
    "Total Cost": 114089.36,
    "Plan Rows": 1,
    "Plan Width": 8,
    "Actual Startup Time": 517.522,
    "Actual Total Time": 532.496,
    "Actual Rows": 1,
    "Actual Loops": 1,
    "Plans": [
      {
        "Node Type": "Gather",
        "Parent Relationship": "Outer",
        "Parallel Aware": false,
        "Startup Cost": 114089.24,
        "Total Cost": 114089.35,
        "Plan Rows": 1,
        "Plan Width": 8,
        "Actual Startup Time": 516.376,
        "Actual Total Time": 532.487,
        "Actual Rows": 2,
        "Actual Loops": 1,
        "Workers Planned": 1,
        "Workers Launched": 1,
        "Single Copy": false,
        "Plans": [
          {
            "Node Type": "Aggregate",
            "Strategy": "Plain",
            "Partial Mode": "Partial",
            "Parent Relationship": "Outer",
            "Parallel Aware": false,
            "Startup Cost": 113089.24,
            "Total Cost": 113089.25,
            "Plan Rows": 1,
            "Plan Width": 8,
            "Actual Startup Time": 511.521,
            "Actual Total Time": 511.674,
            "Actual Rows": 1,
            "Actual Loops": 2,
            "Plans": [
              {
                "Node Type": "Hash Join",
                "Parent Relationship": "Outer",
                "Parallel Aware": true,
                "Join Type": "Inner",
                "Startup Cost": 93598.31,
                "Total Cost": 112971.76,
                "Plan Rows": 46989,
                "Plan Width": 0,
                "Actual Startup Time": 389.223,
                "Actual Total Time": 507.54,
                "Actual Rows": 101344,
                "Actual Loops": 2,
                "Inner Unique": false,
                "Hash Cond": "(mi_idx.movie_id = t.id)",
                "Plans": [
                  {
                    "Node Type": "Seq Scan",
                    "Parent Relationship": "Outer",
                    "Parallel Aware": true,
                    "Relation Name": "movie_info_idx",
                    "Alias": "mi_idx",
                    "Startup Cost": 0.0,
                    "Total Cost": 16052.85,
                    "Plan Rows": 811785,
                    "Plan Width": 4,
                    "Actual Startup Time": 0.024,
                    "Actual Total Time": 46.174,
                    "Actual Rows": 690018,
                    "Actual Loops": 2
                  },
                  {
                    "Node Type": "Hash",
                    "Parent Relationship": "Inner",
                    "Parallel Aware": true,
                    "Startup Cost": 92522.22,
                    "Total Cost": 92522.22,
                    "Plan Rows": 86087,
                    "Plan Width": 8,
                    "Actual Startup Time": 386.68,
                    "Actual Total Time": 386.832,
                    "Actual Rows": 82698,
                    "Actual Loops": 2,
                    "Hash Buckets": 262144,
                    "Original Hash Buckets": 262144,
                    "Hash Batches": 1,
                    "Original Hash Batches": 1,
                    "Peak Memory Usage": 8544,
                    "Plans": [
                      {
                        "Node Type": "Hash Join",
                        "Parent Relationship": "Outer",
                        "Parallel Aware": true,
                        "Join Type": "Inner",
                        "Startup Cost": 28733.28,
                        "Total Cost": 92522.22,
                        "Plan Rows": 86087,
                        "Plan Width": 8,
                        "Actual Startup Time": 106.385,
                        "Actual Total Time": 365.455,
                        "Actual Rows": 82698,
                        "Actual Loops": 2,
                        "Inner Unique": false,
                        "Hash Cond": "(t.id = mc.movie_id)",
                        "Plans": [
                          {
                            "Node Type": "Seq Scan",
                            "Parent Relationship": "Outer",
                            "Parallel Aware": true,
                            "Relation Name": "title",
                            "Alias": "t",
                            "Startup Cost": 0.0,
                            "Total Cost": 58306.47,
                            "Plan Rows": 796173,
                            "Plan Width": 4,
                            "Actual Startup Time": 0.013,
                            "Actual Total Time": 141.606,
                            "Actual Rows": 663890,
                            "Actual Loops": 2,
                            "Filter": "((production_year < 2012) AND (kind_id = 7))",
                            "Rows Removed by Filter": 600266
                          },
                          {
                            "Node Type": "Hash",
                            "Parent Relationship": "Inner",
                            "Parallel Aware": true,
                            "Startup Cost": 26723.18,
                            "Total Cost": 26723.18,
                            "Plan Rows": 160808,
                            "Plan Width": 4,
                            "Actual Startup Time": 102.606,
                            "Actual Total Time": 102.608,
                            "Actual Rows": 135716,
                            "Actual Loops": 2,
                            "Hash Buckets": 524288,
                            "Original Hash Buckets": 524288,
                            "Hash Batches": 1,
                            "Original Hash Batches": 1,
                            "Peak Memory Usage": 14720,
                            "Plans": [
                              {
                                "Node Type": "Bitmap Heap Scan",
                                "Parent Relationship": "Outer",
                                "Parallel Aware": true,
                                "Relation Name": "movie_companies",
                                "Alias": "mc",
                                "Startup Cost": 5923.08,
                                "Total Cost": 26723.18,
                                "Plan Rows": 160808,
                                "Plan Width": 4,
                                "Actual Startup Time": 24.472,
                                "Actual Total Time": 70.456,
                                "Actual Rows": 135716,
                                "Actual Loops": 2,
                                "Recheck Cond": "(company_id < 145)",
                                "Rows Removed by Index Recheck": 0,
                                "Exact Heap Blocks": 11674,
                                "Lossy Heap Blocks": 0,
                                "Plans": [
                                  {
                                    "Node Type": "Bitmap Index Scan",
                                    "Parent Relationship": "Outer",
                                    "Parallel Aware": false,
                                    "Index Name": "company_id_movie_companies",
                                    "Startup Cost": 0.0,
                                    "Total Cost": 5854.74,
                                    "Plan Rows": 273374,
                                    "Plan Width": 0,
                                    "Actual Startup Time": 21.29,
                                    "Actual Total Time": 21.291,
                                    "Actual Rows": 271432,
                                    "Actual Loops": 1,
                                    "Index Cond": "(company_id < 145)"
                                  }
                                ]
                              }
                            ]
                          }
                        ]
                      }
                    ]
                  }
                ]
              }
            ]
          }
        ]
      }
    ]
  },
  "Planning Time": 0.637,
  "Triggers": [],
  "Execution Time": 532.575
}