{
  "Plan": {
    "Node Type": "Aggregate",
    "Strategy": "Plain",
    "Partial Mode": "Finalize",
    "Parallel Aware": false,
    "Startup Cost": 611830.98,
    "Total Cost": 611830.99,
    "Plan Rows": 1,
    "Plan Width": 8,
    "Actual Startup Time": 11026.196,
    "Actual Total Time": 11102.312,
    "Actual Rows": 1,
    "Actual Loops": 1,
    "Plans": [
      {
        "Node Type": "Gather",
        "Parent Relationship": "Outer",
        "Parallel Aware": false,
        "Startup Cost": 611830.87,
        "Total Cost": 611830.98,
        "Plan Rows": 1,
        "Plan Width": 8,
        "Actual Startup Time": 11025.854,
        "Actual Total Time": 11102.305,
        "Actual Rows": 2,
        "Actual Loops": 1,
        "Workers Planned": 1,
        "Workers Launched": 1,
        "Single Copy": false,
        "Plans": [
          {
            "Node Type": "Aggregate",
            "Strategy": "Plain",
            "Partial Mode": "Partial",
            "Parent Relationship": "Outer",
            "Parallel Aware": false,
            "Startup Cost": 610830.87,
            "Total Cost": 610830.88,
            "Plan Rows": 1,
            "Plan Width": 8,
            "Actual Startup Time": 11019.408,
            "Actual Total Time": 11019.412,
            "Actual Rows": 1,
            "Actual Loops": 2,
            "Plans": [
              {
                "Node Type": "Nested Loop",
                "Parent Relationship": "Outer",
                "Parallel Aware": false,
                "Join Type": "Inner",
                "Startup Cost": 56078.51,
                "Total Cost": 602880.4,
                "Plan Rows": 3180187,
                "Plan Width": 0,
                "Actual Startup Time": 190.709,
                "Actual Total Time": 10079.857,
                "Actual Rows": 21993564,
                "Actual Loops": 2,
                "Inner Unique": false,
                "Join Filter": "(t.id = ci.movie_id)",
                "Rows Removed by Join Filter": 0,
                "Plans": [
                  {
                    "Node Type": "Hash Join",
                    "Parent Relationship": "Outer",
                    "Parallel Aware": true,
                    "Join Type": "Inner",
                    "Startup Cost": 56077.95,
                    "Total Cost": 118452.95,
                    "Plan Rows": 221940,
                    "Plan Width": 8,
                    "Actual Startup Time": 190.621,
                    "Actual Total Time": 513.205,
                    "Actual Rows": 279823,
                    "Actual Loops": 2,
                    "Inner Unique": true,
                    "Hash Cond": "(mk.movie_id = t.id)",
                    "Plans": [
                      {
                        "Node Type": "Seq Scan",
                        "Parent Relationship": "Outer",
                        "Parallel Aware": true,
                        "Relation Name": "movie_keyword",
                        "Alias": "mk",
                        "Startup Cost": 0.0,
                        "Total Cost": 57718.19,
                        "Plan Rows": 1774018,
                        "Plan Width": 4,
                        "Actual Startup Time": 0.017,
                        "Actual Total Time": 200.209,
                        "Actual Rows": 1501944,
                        "Actual Loops": 2,
                        "Filter": "(keyword_id < 10636)",
                        "Rows Removed by Filter": 760020
                      },
                      {
                        "Node Type": "Hash",
                        "Parent Relationship": "Inner",
                        "Parallel Aware": true,
                        "Startup Cost": 53752.18,
                        "Total Cost": 53752.18,
                        "Plan Rows": 186061,
                        "Plan Width": 4,
                        "Actual Startup Time": 128.42,
                        "Actual Total Time": 128.422,
                        "Actual Rows": 122394,
                        "Actual Loops": 2,
                        "Hash Buckets": 524288,
                        "Original Hash Buckets": 524288,
                        "Hash Batches": 1,
                        "Original Hash Batches": 1,
                        "Peak Memory Usage": 13696,
                        "Plans": [
                          {
                            "Node Type": "Bitmap Heap Scan",
                            "Parent Relationship": "Outer",
                            "Parallel Aware": true,
                            "Relation Name": "title",
                            "Alias": "t",
                            "Startup Cost": 11901.93,
                            "Total Cost": 53752.18,
                            "Plan Rows": 186061,
                            "Plan Width": 4,
                            "Actual Startup Time": 35.633,
                            "Actual Total Time": 98.309,
                            "Actual Rows": 122394,
                            "Actual Loops": 2,
                            "Recheck Cond": "(kind_id = 1)",
                            "Rows Removed by Index Recheck": 0,
                            "Filter": "(production_year > 2003)",
                            "Rows Removed by Filter": 209018,
                            "Exact Heap Blocks": 8279,
                            "Lossy Heap Blocks": 0,
                            "Plans": [
                              {
                                "Node Type": "Bitmap Index Scan",
                                "Parent Relationship": "Outer",
                                "Parallel Aware": false,
                                "Index Name": "kind_id_title",
                                "Startup Cost": 0.0,
                                "Total Cost": 11822.85,
                                "Plan Rows": 663256,
                                "Plan Width": 0,
                                "Actual Startup Time": 34.069,
                                "Actual Total Time": 34.07,
                                "Actual Rows": 662825,
                                "Actual Loops": 1,
                                "Index Cond": "(kind_id = 1)"
                              }
                            ]
                          }
                        ]
                      }
                    ]
                  },
                  {
                    "Node Type": "Index Only Scan",
                    "Parent Relationship": "Inner",
                    "Parallel Aware": false,
                    "Scan Direction": "Forward",
                    "Index Name": "movie_id_cast_info",
                    "Relation Name": "cast_info",
                    "Alias": "ci",
                    "Startup Cost": 0.56,
                    "Total Cost": 1.72,
                    "Plan Rows": 37,
                    "Plan Width": 4,
                    "Actual Startup Time": 0.004,
                    "Actual Total Time": 0.028,
                    "Actual Rows": 79,
                    "Actual Loops": 559646,
                    "Index Cond": "(movie_id = mk.movie_id)",
                    "Rows Removed by Index Recheck": 0,
                    "Heap Fetches": 43987128
                  }
                ]
              }
            ]
          }
        ]
      }
    ]
  },
  "Planning Time": 0.947,
  "Triggers": [],
  "Execution Time": 11102.44
}