[
  {
    "Plan": {
      "Node Type": "Aggregate",
      "Strategy": "Plain",
      "Partial Mode": "Finalize",
      "Parallel Aware": false,
      "Startup Cost": 46247.35,
      "Total Cost": 46247.36,
      "Plan Rows": 1,
      "Plan Width": 8,
      "Actual Startup Time": 172.557,
      "Actual Total Time": 181.865,
      "Actual Rows": 1,
      "Actual Loops": 1,
      "Plans": [
        {
          "Node Type": "Gather",
          "Parent Relationship": "Outer",
          "Parallel Aware": false,
          "Startup Cost": 46247.04,
          "Total Cost": 46247.35,
          "Plan Rows": 3,
          "Plan Width": 8,
          "Actual Startup Time": 172.464,
          "Actual Total Time": 181.856,
          "Actual Rows": 4,
          "Actual Loops": 1,
          "Workers Planned": 3,
          "Workers Launched": 3,
          "Single Copy": false,
          "Plans": [
            {
              "Node Type": "Aggregate",
              "Strategy": "Plain",
              "Partial Mode": "Partial",
              "Parent Relationship": "Outer",
              "Parallel Aware": false,
              "Startup Cost": 45247.04,
              "Total Cost": 45247.05,
              "Plan Rows": 1,
              "Plan Width": 8,
              "Actual Startup Time": 165.825,
              "Actual Total Time": 165.826,
              "Actual Rows": 1,
              "Actual Loops": 4,
              "Plans": [
                {
                  "Node Type": "Seq Scan",
                  "Parent Relationship": "Outer",
                  "Parallel Aware": true,
                  "Relation Name": "movie_keyword",
                  "Alias": "mk",
                  "Startup Cost": 0.0,
                  "Total Cost": 42695.65,
                  "Plan Rows": 1020553,
                  "Plan Width": 0,
                  "Actual Startup Time": 0.29,
                  "Actual Total Time": 127.749,
                  "Actual Rows": 787939,
                  "Actual Loops": 4,
                  "Filter": "(keyword_id > 1806)",
                  "Rows Removed by Filter": 343044
                }
              ]
            }
          ]
        }
      ]
    },
    "Planning Time": 0.217,
    "Triggers": [],
    "Execution Time": 181.923
  }
]