{
    "Plan": {
        "Node Type": "Aggregate",
        "Strategy": "Plain",
        "Partial Mode": "Finalize",
        "Parallel Aware": false,
        "Startup Cost": 392649.58,
        "Total Cost": 392649.59,
        "Plan Rows": 1,
        "Plan Width": 8,
        "Actual Startup Time": 975.964,
        "Actual Total Time": 1016.579,
        "Actual Rows": 1,
        "Actual Loops": 1,
        "Output": [
            "count(*)"
        ],
        "Plans": [
            {
                "Node Type": "Gather",
                "Parent Relationship": "Outer",
                "Parallel Aware": false,
                "Startup Cost": 392648.96,
                "Total Cost": 392649.57,
                "Plan Rows": 6,
                "Plan Width": 8,
                "Actual Startup Time": 968.099,
                "Actual Total Time": 1016.566,
                "Actual Rows": 7,
                "Actual Loops": 1,
                "Output": [
                    "(PARTIAL count(*))"
                ],
                "Workers Planned": 6,
                "Workers Launched": 6,
                "Single Copy": false,
                "Plans": [
                    {
                        "Node Type": "Aggregate",
                        "Strategy": "Plain",
                        "Partial Mode": "Partial",
                        "Parent Relationship": "Outer",
                        "Parallel Aware": false,
                        "Startup Cost": 391648.96,
                        "Total Cost": 391648.97,
                        "Plan Rows": 1,
                        "Plan Width": 8,
                        "Actual Startup Time": 958.601,
                        "Actual Total Time": 958.605,
                        "Actual Rows": 1,
                        "Actual Loops": 7,
                        "Output": [
                            "PARTIAL count(*)"
                        ],
                        "Workers": [
                            {
                                "Worker Number": 0,
                                "Actual Startup Time": 958.852,
                                "Actual Total Time": 958.855,
                                "Actual Rows": 1,
                                "Actual Loops": 1
                            },
                            {
                                "Worker Number": 1,
                                "Actual Startup Time": 955.548,
                                "Actual Total Time": 955.551,
                                "Actual Rows": 1,
                                "Actual Loops": 1
                            },
                            {
                                "Worker Number": 2,
                                "Actual Startup Time": 955.983,
                                "Actual Total Time": 955.988,
                                "Actual Rows": 1,
                                "Actual Loops": 1
                            },
                            {
                                "Worker Number": 3,
                                "Actual Startup Time": 956.142,
                                "Actual Total Time": 956.145,
                                "Actual Rows": 1,
                                "Actual Loops": 1
                            },
                            {
                                "Worker Number": 4,
                                "Actual Startup Time": 958.085,
                                "Actual Total Time": 958.089,
                                "Actual Rows": 1,
                                "Actual Loops": 1
                            },
                            {
                                "Worker Number": 5,
                                "Actual Startup Time": 958.038,
                                "Actual Total Time": 958.042,
                                "Actual Rows": 1,
                                "Actual Loops": 1
                            }
                        ],
                        "Plans": [
                            {
                                "Node Type": "Hash Join",
                                "Parent Relationship": "Outer",
                                "Parallel Aware": true,
                                "Join Type": "Inner",
                                "Startup Cost": 46603.3,
                                "Total Cost": 391100.38,
                                "Plan Rows": 219429,
                                "Plan Width": 0,
                                "Actual Startup Time": 136.122,
                                "Actual Total Time": 935.281,
                                "Actual Rows": 433141,
                                "Actual Loops": 7,
                                "Inner Unique": true,
                                "Hash Cond": "(ci.movie_id = t.id)",
                                "Workers": [
                                    {
                                        "Worker Number": 0,
                                        "Actual Startup Time": 135.744,
                                        "Actual Total Time": 934.058,
                                        "Actual Rows": 343519,
                                        "Actual Loops": 1
                                    },
                                    {
                                        "Worker Number": 1,
                                        "Actual Startup Time": 133.13,
                                        "Actual Total Time": 933.539,
                                        "Actual Rows": 495627,
                                        "Actual Loops": 1
                                    },
                                    {
                                        "Worker Number": 2,
                                        "Actual Startup Time": 133.499,
                                        "Actual Total Time": 935.104,
                                        "Actual Rows": 460284,
                                        "Actual Loops": 1
                                    },
                                    {
                                        "Worker Number": 3,
                                        "Actual Startup Time": 133.884,
                                        "Actual Total Time": 934.854,
                                        "Actual Rows": 468881,
                                        "Actual Loops": 1
                                    },
                                    {
                                        "Worker Number": 4,
                                        "Actual Startup Time": 135.554,
                                        "Actual Total Time": 933.046,
                                        "Actual Rows": 348332,
                                        "Actual Loops": 1
                                    },
                                    {
                                        "Worker Number": 5,
                                        "Actual Startup Time": 135.702,
                                        "Actual Total Time": 933.347,
                                        "Actual Rows": 343826,
                                        "Actual Loops": 1
                                    }
                                ],
                                "Plans": [
                                    {
                                        "Node Type": "Index Scan",
                                        "Parent Relationship": "Outer",
                                        "Parallel Aware": true,
                                        "Scan Direction": "Forward",
                                        "Index Name": "role_id_cast_info",
                                        "Relation Name": "cast_info",
                                        "Schema": "public",
                                        "Alias": "ci",
                                        "Startup Cost": 0.56,
                                        "Total Cost": 342814.42,
                                        "Plan Rows": 641230,
                                        "Plan Width": 4,
                                        "Actual Startup Time": 0.283,
                                        "Actual Total Time": 437.853,
                                        "Actual Rows": 1126329,
                                        "Actual Loops": 7,
                                        "Output": [
                                            "ci.id",
                                            "ci.person_id",
                                            "ci.movie_id",
                                            "ci.person_role_id",
                                            "ci.note",
                                            "ci.nr_order",
                                            "ci.role_id"
                                        ],
                                        "Index Cond": "(ci.role_id = 1)",
                                        "Rows Removed by Index Recheck": 0,
                                        "Filter": "(ci.person_id < 1076011)",
                                        "Rows Removed by Filter": 683770,
                                        "Workers": [
                                            {
                                                "Worker Number": 0,
                                                "Actual Startup Time": 0.379,
                                                "Actual Total Time": 456.511,
                                                "Actual Rows": 908367,
                                                "Actual Loops": 1
                                            },
                                            {
                                                "Worker Number": 1,
                                                "Actual Startup Time": 0.255,
                                                "Actual Total Time": 439.813,
                                                "Actual Rows": 1297920,
                                                "Actual Loops": 1
                                            },
                                            {
                                                "Worker Number": 2,
                                                "Actual Startup Time": 0.208,
                                                "Actual Total Time": 431.225,
                                                "Actual Rows": 1212510,
                                                "Actual Loops": 1
                                            },
                                            {
                                                "Worker Number": 3,
                                                "Actual Startup Time": 0.3,
                                                "Actual Total Time": 431.263,
                                                "Actual Rows": 1205881,
                                                "Actual Loops": 1
                                            },
                                            {
                                                "Worker Number": 4,
                                                "Actual Startup Time": 0.162,
                                                "Actual Total Time": 454.551,
                                                "Actual Rows": 900511,
                                                "Actual Loops": 1
                                            },
                                            {
                                                "Worker Number": 5,
                                                "Actual Startup Time": 0.32,
                                                "Actual Total Time": 450.86,
                                                "Actual Rows": 880620,
                                                "Actual Loops": 1
                                            }
                                        ]
                                    },
                                    {
                                        "Node Type": "Hash",
                                        "Parent Relationship": "Inner",
                                        "Parallel Aware": true,
                                        "Startup Cost": 43899.01,
                                        "Total Cost": 43899.01,
                                        "Plan Rows": 216298,
                                        "Plan Width": 4,
                                        "Actual Startup Time": 132.979,
                                        "Actual Total Time": 132.98,
                                        "Actual Rows": 122031,
                                        "Actual Loops": 7,
                                        "Output": [
                                            "t.id"
                                        ],
                                        "Hash Buckets": 1048576,
                                        "Original Hash Buckets": 1048576,
                                        "Hash Batches": 1,
                                        "Original Hash Batches": 1,
                                        "Peak Memory Usage": 41728,
                                        "Workers": [
                                            {
                                                "Worker Number": 0,
                                                "Actual Startup Time": 134.797,
                                                "Actual Total Time": 134.799,
                                                "Actual Rows": 97961,
                                                "Actual Loops": 1
                                            },
                                            {
                                                "Worker Number": 1,
                                                "Actual Startup Time": 132.451,
                                                "Actual Total Time": 132.452,
                                                "Actual Rows": 138211,
                                                "Actual Loops": 1
                                            },
                                            {
                                                "Worker Number": 2,
                                                "Actual Startup Time": 132.862,
                                                "Actual Total Time": 132.864,
                                                "Actual Rows": 126863,
                                                "Actual Loops": 1
                                            },
                                            {
                                                "Worker Number": 3,
                                                "Actual Startup Time": 133.014,
                                                "Actual Total Time": 133.015,
                                                "Actual Rows": 127205,
                                                "Actual Loops": 1
                                            },
                                            {
                                                "Worker Number": 4,
                                                "Actual Startup Time": 135.13,
                                                "Actual Total Time": 135.132,
                                                "Actual Rows": 98584,
                                                "Actual Loops": 1
                                            },
                                            {
                                                "Worker Number": 5,
                                                "Actual Startup Time": 134.839,
                                                "Actual Total Time": 134.841,
                                                "Actual Rows": 94251,
                                                "Actual Loops": 1
                                            }
                                        ],
                                        "Plans": [
                                            {
                                                "Node Type": "Seq Scan",
                                                "Parent Relationship": "Outer",
                                                "Parallel Aware": true,
                                                "Relation Name": "title",
                                                "Schema": "public",
                                                "Alias": "t",
                                                "Startup Cost": 0.0,
                                                "Total Cost": 43899.01,
                                                "Plan Rows": 216298,
                                                "Plan Width": 4,
                                                "Actual Startup Time": 0.06,
                                                "Actual Total Time": 77.073,
                                                "Actual Rows": 122031,
                                                "Actual Loops": 7,
                                                "Output": [
                                                    "t.id"
                                                ],
                                                "Filter": "(t.kind_id < 4)",
                                                "Rows Removed by Filter": 239157,
                                                "Workers": [
                                                    {
                                                        "Worker Number": 0,
                                                        "Actual Startup Time": 0.06,
                                                        "Actual Total Time": 79.228,
                                                        "Actual Rows": 97961,
                                                        "Actual Loops": 1
                                                    },
                                                    {
                                                        "Worker Number": 1,
                                                        "Actual Startup Time": 0.066,
                                                        "Actual Total Time": 77.603,
                                                        "Actual Rows": 138211,
                                                        "Actual Loops": 1
                                                    },
                                                    {
                                                        "Worker Number": 2,
                                                        "Actual Startup Time": 0.07,
                                                        "Actual Total Time": 76.344,
                                                        "Actual Rows": 126863,
                                                        "Actual Loops": 1
                                                    },
                                                    {
                                                        "Worker Number": 3,
                                                        "Actual Startup Time": 0.092,
                                                        "Actual Total Time": 76.294,
                                                        "Actual Rows": 127205,
                                                        "Actual Loops": 1
                                                    },
                                                    {
                                                        "Worker Number": 4,
                                                        "Actual Startup Time": 0.056,
                                                        "Actual Total Time": 78.965,
                                                        "Actual Rows": 98584,
                                                        "Actual Loops": 1
                                                    },
                                                    {
                                                        "Worker Number": 5,
                                                        "Actual Startup Time": 0.058,
                                                        "Actual Total Time": 78.503,
                                                        "Actual Rows": 94251,
                                                        "Actual Loops": 1
                                                    }
                                                ]
                                            }
                                        ]
                                    }
                                ]
                            }
                        ]
                    }
                ]
            }
        ]
    },
    "Planning Time": 0.524,
    "Triggers": [],
    "Execution Time": 1016.649
}