{
  "Plan": {
    "Node Type": "Aggregate",
    "Strategy": "Plain",
    "Partial Mode": "Finalize",
    "Parallel Aware": false,
    "Startup Cost": 119219.58,
    "Total Cost": 119219.59,
    "Plan Rows": 1,
    "Plan Width": 8,
    "Actual Startup Time": 789.94,
    "Actual Total Time": 811.778,
    "Actual Rows": 1,
    "Actual Loops": 1,
    "Plans": [
      {
        "Node Type": "Gather",
        "Parent Relationship": "Outer",
        "Parallel Aware": false,
        "Startup Cost": 119219.47,
        "Total Cost": 119219.58,
        "Plan Rows": 1,
        "Plan Width": 8,
        "Actual Startup Time": 784.883,
        "Actual Total Time": 811.77,
        "Actual Rows": 2,
        "Actual Loops": 1,
        "Workers Planned": 1,
        "Workers Launched": 1,
        "Single Copy": false,
        "Plans": [
          {
            "Node Type": "Aggregate",
            "Strategy": "Plain",
            "Partial Mode": "Partial",
            "Parent Relationship": "Outer",
            "Parallel Aware": false,
            "Startup Cost": 118219.47,
            "Total Cost": 118219.48,
            "Plan Rows": 1,
            "Plan Width": 8,
            "Actual Startup Time": 771.696,
            "Actual Total Time": 771.7,
            "Actual Rows": 1,
            "Actual Loops": 2,
            "Plans": [
              {
                "Node Type": "Hash Join",
                "Parent Relationship": "Outer",
                "Parallel Aware": true,
                "Join Type": "Inner",
                "Startup Cost": 85785.96,
                "Total Cost": 117087.62,
                "Plan Rows": 452738,
                "Plan Width": 0,
                "Actual Startup Time": 566.078,
                "Actual Total Time": 754.441,
                "Actual Rows": 389690,
                "Actual Loops": 2,
                "Inner Unique": true,
                "Hash Cond": "(mk.movie_id = t.id)",
                "Plans": [
                  {
                    "Node Type": "Bitmap Heap Scan",
                    "Parent Relationship": "Outer",
                    "Parallel Aware": true,
                    "Relation Name": "movie_keyword",
                    "Alias": "mk",
                    "Startup Cost": 16325.26,
                    "Total Cost": 46438.49,
                    "Plan Rows": 452738,
                    "Plan Width": 4,
                    "Actual Startup Time": 42.943,
                    "Actual Total Time": 121.015,
                    "Actual Rows": 389690,
                    "Actual Loops": 2,
                    "Recheck Cond": "(keyword_id < 745)",
                    "Rows Removed by Index Recheck": 0,
                    "Exact Heap Blocks": 12358,
                    "Lossy Heap Blocks": 0,
                    "Plans": [
                      {
                        "Node Type": "Bitmap Index Scan",
                        "Parent Relationship": "Outer",
                        "Parallel Aware": false,
                        "Index Name": "keyword_id_movie_keyword",
                        "Startup Cost": 0.0,
                        "Total Cost": 16132.84,
                        "Plan Rows": 769655,
                        "Plan Width": 0,
                        "Actual Startup Time": 39.37,
                        "Actual Total Time": 39.371,
                        "Actual Rows": 779380,
                        "Actual Loops": 1,
                        "Index Cond": "(keyword_id < 745)"
                      }
                    ]
                  },
                  {
                    "Node Type": "Hash",
                    "Parent Relationship": "Inner",
                    "Parallel Aware": true,
                    "Startup Cost": 50870.31,
                    "Total Cost": 50870.31,
                    "Plan Rows": 1487231,
                    "Plan Width": 4,
                    "Actual Startup Time": 500.384,
                    "Actual Total Time": 500.385,
                    "Actual Rows": 1264156,
                    "Actual Loops": 2,
                    "Hash Buckets": 4194304,
                    "Original Hash Buckets": 4194304,
                    "Hash Batches": 1,
                    "Original Hash Batches": 1,
                    "Peak Memory Usage": 131712,
                    "Plans": [
                      {
                        "Node Type": "Seq Scan",
                        "Parent Relationship": "Outer",
                        "Parallel Aware": true,
                        "Relation Name": "title",
                        "Alias": "t",
                        "Startup Cost": 0.0,
                        "Total Cost": 50870.31,
                        "Plan Rows": 1487231,
                        "Plan Width": 4,
                        "Actual Startup Time": 0.025,
                        "Actual Total Time": 151.655,
                        "Actual Rows": 1264156,
                        "Actual Loops": 2
                      }
                    ]
                  }
                ]
              }
            ]
          }
        ]
      }
    ]
  },
  "Planning Time": 0.577,
  "Triggers": [],
  "Execution Time": 811.864
}