{
  "Plan": {
    "Node Type": "Aggregate",
    "Strategy": "Plain",
    "Partial Mode": "Finalize",
    "Parallel Aware": false,
    "Startup Cost": 99663.8,
    "Total Cost": 99663.81,
    "Plan Rows": 1,
    "Plan Width": 8,
    "Actual Startup Time": 307.902,
    "Actual Total Time": 325.668,
    "Actual Rows": 1,
    "Actual Loops": 1,
    "Plans": [
      {
        "Node Type": "Gather",
        "Parent Relationship": "Outer",
        "Parallel Aware": false,
        "Startup Cost": 99663.69,
        "Total Cost": 99663.8,
        "Plan Rows": 1,
        "Plan Width": 8,
        "Actual Startup Time": 307.577,
        "Actual Total Time": 325.651,
        "Actual Rows": 2,
        "Actual Loops": 1,
        "Workers Planned": 1,
        "Workers Launched": 1,
        "Single Copy": false,
        "Plans": [
          {
            "Node Type": "Aggregate",
            "Strategy": "Plain",
            "Partial Mode": "Partial",
            "Parent Relationship": "Outer",
            "Parallel Aware": false,
            "Startup Cost": 98663.69,
            "Total Cost": 98663.7,
            "Plan Rows": 1,
            "Plan Width": 8,
            "Actual Startup Time": 301.406,
            "Actual Total Time": 301.409,
            "Actual Rows": 1,
            "Actual Loops": 2,
            "Plans": [
              {
                "Node Type": "Hash Join",
                "Parent Relationship": "Outer",
                "Parallel Aware": true,
                "Join Type": "Inner",
                "Startup Cost": 68435.67,
                "Total Cost": 98659.11,
                "Plan Rows": 1831,
                "Plan Width": 0,
                "Actual Startup Time": 182.218,
                "Actual Total Time": 301.196,
                "Actual Rows": 2442,
                "Actual Loops": 2,
                "Inner Unique": true,
                "Hash Cond": "(mk.movie_id = t.id)",
                "Plans": [
                  {
                    "Node Type": "Bitmap Heap Scan",
                    "Parent Relationship": "Outer",
                    "Parallel Aware": true,
                    "Relation Name": "movie_keyword",
                    "Alias": "mk",
                    "Startup Cost": 13758.04,
                    "Total Cost": 42980.18,
                    "Plan Rows": 381451,
                    "Plan Width": 4,
                    "Actual Startup Time": 39.222,
                    "Actual Total Time": 123.474,
                    "Actual Rows": 327966,
                    "Actual Loops": 2,
                    "Recheck Cond": "(keyword_id < 508)",
                    "Rows Removed by Index Recheck": 0,
                    "Exact Heap Blocks": 11420,
                    "Lossy Heap Blocks": 0,
                    "Plans": [
                      {
                        "Node Type": "Bitmap Index Scan",
                        "Parent Relationship": "Outer",
                        "Parallel Aware": false,
                        "Index Name": "keyword_id_movie_keyword",
                        "Startup Cost": 0.0,
                        "Total Cost": 13595.93,
                        "Plan Rows": 648466,
                        "Plan Width": 0,
                        "Actual Startup Time": 35.617,
                        "Actual Total Time": 35.618,
                        "Actual Rows": 655932,
                        "Actual Loops": 1,
                        "Index Cond": "(keyword_id < 508)"
                      }
                    ]
                  },
                  {
                    "Node Type": "Hash",
                    "Parent Relationship": "Inner",
                    "Parallel Aware": true,
                    "Startup Cost": 54588.39,
                    "Total Cost": 54588.39,
                    "Plan Rows": 7139,
                    "Plan Width": 4,
                    "Actual Startup Time": 141.644,
                    "Actual Total Time": 141.645,
                    "Actual Rows": 6812,
                    "Actual Loops": 2,
                    "Hash Buckets": 16384,
                    "Original Hash Buckets": 16384,
                    "Hash Batches": 1,
                    "Original Hash Batches": 1,
                    "Peak Memory Usage": 704,
                    "Plans": [
                      {
                        "Node Type": "Seq Scan",
                        "Parent Relationship": "Outer",
                        "Parallel Aware": true,
                        "Relation Name": "title",
                        "Alias": "t",
                        "Startup Cost": 0.0,
                        "Total Cost": 54588.39,
                        "Plan Rows": 7139,
                        "Plan Width": 4,
                        "Actual Startup Time": 0.077,
                        "Actual Total Time": 139.043,
                        "Actual Rows": 6812,
                        "Actual Loops": 2,
                        "Filter": "(production_year = 1972)",
                        "Rows Removed by Filter": 1257344
                      }
                    ]
                  }
                ]
              }
            ]
          }
        ]
      }
    ]
  },
  "Planning Time": 0.473,
  "Triggers": [],
  "Execution Time": 325.759
}