[
  {
    "Plan": {
      "Node Type": "Aggregate",
      "Strategy": "Plain",
      "Partial Mode": "Finalize",
      "Parallel Aware": false,
      "Startup Cost": 381622.36,
      "Total Cost": 381622.37,
      "Plan Rows": 1,
      "Plan Width": 8,
      "Actual Startup Time": 1264.051,
      "Actual Total Time": 1352.056,
      "Actual Rows": 1,
      "Actual Loops": 1,
      "Plans": [
        {
          "Node Type": "Gather",
          "Parent Relationship": "Outer",
          "Parallel Aware": false,
          "Startup Cost": 381621.73,
          "Total Cost": 381622.34,
          "Plan Rows": 6,
          "Plan Width": 8,
          "Actual Startup Time": 1259.416,
          "Actual Total Time": 1352.036,
          "Actual Rows": 7,
          "Actual Loops": 1,
          "Workers Planned": 6,
          "Workers Launched": 6,
          "Single Copy": false,
          "Plans": [
            {
              "Node Type": "Aggregate",
              "Strategy": "Plain",
              "Partial Mode": "Partial",
              "Parent Relationship": "Outer",
              "Parallel Aware": false,
              "Startup Cost": 380621.73,
              "Total Cost": 380621.74,
              "Plan Rows": 1,
              "Plan Width": 8,
              "Actual Startup Time": 1249.864,
              "Actual Total Time": 1249.869,
              "Actual Rows": 1,
              "Actual Loops": 7,
              "Plans": [
                {
                  "Node Type": "Hash Join",
                  "Parent Relationship": "Outer",
                  "Parallel Aware": true,
                  "Join Type": "Inner",
                  "Startup Cost": 46341.67,
                  "Total Cost": 379241.52,
                  "Plan Rows": 552086,
                  "Plan Width": 0,
                  "Actual Startup Time": 129.087,
                  "Actual Total Time": 1224.267,
                  "Actual Rows": 468534,
                  "Actual Loops": 7,
                  "Inner Unique": true,
                  "Hash Cond": "(ci.movie_id = t.id)",
                  "Plans": [
                    {
                      "Node Type": "Seq Scan",
                      "Parent Relationship": "Outer",
                      "Parallel Aware": true,
                      "Relation Name": "cast_info",
                      "Alias": "ci",
                      "Startup Cost": 0.0,
                      "Total Cost": 328211.39,
                      "Plan Rows": 1786074,
                      "Plan Width": 4,
                      "Actual Startup Time": 0.018,
                      "Actual Total Time": 649.522,
                      "Actual Rows": 1536363,
                      "Actual Loops": 7,
                      "Filter": "(person_id < 1055420)",
                      "Rows Removed by Filter": 3641400
                    },
                    {
                      "Node Type": "Hash",
                      "Parent Relationship": "Inner",
                      "Parallel Aware": true,
                      "Startup Cost": 43899.32,
                      "Total Cost": 43899.32,
                      "Plan Rows": 195388,
                      "Plan Width": 4,
                      "Actual Startup Time": 126.291,
                      "Actual Total Time": 126.292,
                      "Actual Rows": 112132,
                      "Actual Loops": 7,
                      "Hash Buckets": 1048576,
                      "Original Hash Buckets": 1048576,
                      "Hash Batches": 1,
                      "Original Hash Batches": 1,
                      "Peak Memory Usage": 39008,
                      "Plans": [
                        {
                          "Node Type": "Seq Scan",
                          "Parent Relationship": "Outer",
                          "Parallel Aware": true,
                          "Relation Name": "title",
                          "Alias": "t",
                          "Startup Cost": 0.0,
                          "Total Cost": 43899.32,
                          "Plan Rows": 195388,
                          "Plan Width": 4,
                          "Actual Startup Time": 0.085,
                          "Actual Total Time": 73.289,
                          "Actual Rows": 112132,
                          "Actual Loops": 7,
                          "Filter": "(production_year > 2007)",
                          "Rows Removed by Filter": 249055
                        }
                      ]
                    }
                  ]
                }
              ]
            }
          ]
        }
      ]
    },
    "Planning Time": 0.399,
    "Triggers": [],
    "Execution Time": 1352.147
  }
]