[
  {
    "Plan": {
      "Node Type": "Aggregate",
      "Strategy": "Plain",
      "Partial Mode": "Finalize",
      "Parallel Aware": false,
      "Startup Cost": 46652.36,
      "Total Cost": 46652.37,
      "Plan Rows": 1,
      "Plan Width": 8,
      "Actual Startup Time": 81.383,
      "Actual Total Time": 93.532,
      "Actual Rows": 1,
      "Actual Loops": 1,
      "Plans": [
        {
          "Node Type": "Gather",
          "Parent Relationship": "Outer",
          "Parallel Aware": false,
          "Startup Cost": 46651.94,
          "Total Cost": 46652.35,
          "Plan Rows": 4,
          "Plan Width": 8,
          "Actual Startup Time": 81.125,
          "Actual Total Time": 93.524,
          "Actual Rows": 5,
          "Actual Loops": 1,
          "Workers Planned": 4,
          "Workers Launched": 4,
          "Single Copy": false,
          "Plans": [
            {
              "Node Type": "Aggregate",
              "Strategy": "Plain",
              "Partial Mode": "Partial",
              "Parent Relationship": "Outer",
              "Parallel Aware": false,
              "Startup Cost": 45651.94,
              "Total Cost": 45651.95,
              "Plan Rows": 1,
              "Plan Width": 8,
              "Actual Startup Time": 76.442,
              "Actual Total Time": 76.444,
              "Actual Rows": 1,
              "Actual Loops": 5,
              "Plans": [
                {
                  "Node Type": "Seq Scan",
                  "Parent Relationship": "Outer",
                  "Parallel Aware": true,
                  "Relation Name": "title",
                  "Alias": "t",
                  "Startup Cost": 0.0,
                  "Total Cost": 45479.59,
                  "Plan Rows": 68942,
                  "Plan Width": 0,
                  "Actual Startup Time": 0.027,
                  "Actual Total Time": 74.483,
                  "Actual Rows": 35552,
                  "Actual Loops": 5,
                  "Filter": "((kind_id > 4) AND (production_year < 1977))",
                  "Rows Removed by Filter": 470110
                }
              ]
            }
          ]
        }
      ]
    },
    "Planning Time": 0.075,
    "Triggers": [],
    "Execution Time": 93.558
  }
]