{
  "Plan": {
    "Node Type": "Aggregate",
    "Strategy": "Plain",
    "Partial Mode": "Finalize",
    "Parallel Aware": false,
    "Startup Cost": 822906.55,
    "Total Cost": 822906.56,
    "Plan Rows": 1,
    "Plan Width": 8,
    "Actual Startup Time": 3115.476,
    "Actual Total Time": 3116.233,
    "Actual Rows": 1,
    "Actual Loops": 1,
    "Plans": [
      {
        "Node Type": "Gather",
        "Parent Relationship": "Outer",
        "Parallel Aware": false,
        "Startup Cost": 822906.43,
        "Total Cost": 822906.54,
        "Plan Rows": 1,
        "Plan Width": 8,
        "Actual Startup Time": 3115.466,
        "Actual Total Time": 3116.228,
        "Actual Rows": 2,
        "Actual Loops": 1,
        "Workers Planned": 1,
        "Workers Launched": 1,
        "Single Copy": false,
        "Plans": [
          {
            "Node Type": "Aggregate",
            "Strategy": "Plain",
            "Partial Mode": "Partial",
            "Parent Relationship": "Outer",
            "Parallel Aware": false,
            "Startup Cost": 821906.43,
            "Total Cost": 821906.44,
            "Plan Rows": 1,
            "Plan Width": 8,
            "Actual Startup Time": 3062.184,
            "Actual Total Time": 3062.189,
            "Actual Rows": 1,
            "Actual Loops": 2,
            "Plans": [
              {
                "Node Type": "Merge Join",
                "Parent Relationship": "Outer",
                "Parallel Aware": false,
                "Join Type": "Inner",
                "Startup Cost": 800105.75,
                "Total Cost": 820448.86,
                "Plan Rows": 583030,
                "Plan Width": 0,
                "Actual Startup Time": 2390.943,
                "Actual Total Time": 3003.401,
                "Actual Rows": 1513932,
                "Actual Loops": 2,
                "Inner Unique": false,
                "Merge Cond": "(ci.movie_id = t.id)",
                "Plans": [
                  {
                    "Node Type": "Sort",
                    "Parent Relationship": "Outer",
                    "Parallel Aware": false,
                    "Startup Cost": 602243.82,
                    "Total Cost": 607862.02,
                    "Plan Rows": 2247281,
                    "Plan Width": 4,
                    "Actual Startup Time": 929.277,
                    "Actual Total Time": 1153.001,
                    "Actual Rows": 1976701,
                    "Actual Loops": 2,
                    "Sort Key": [
                      "ci.movie_id"
                    ],
                    "Sort Method": "quicksort",
                    "Sort Space Used": 199423,
                    "Sort Space Type": "Memory",
                    "Workers": [
                      {
                        "Worker Number": 0,
                        "Sort Method": "quicksort",
                        "Sort Space Used": 133354,
                        "Sort Space Type": "Memory"
                      }
                    ],
                    "Plans": [
                      {
                        "Node Type": "Bitmap Heap Scan",
                        "Parent Relationship": "Outer",
                        "Parallel Aware": true,
                        "Relation Name": "cast_info",
                        "Alias": "ci",
                        "Startup Cost": 84380.49,
                        "Total Cost": 365158.49,
                        "Plan Rows": 2247281,
                        "Plan Width": 4,
                        "Actual Startup Time": 190.717,
                        "Actual Total Time": 442.921,
                        "Actual Rows": 1976746,
                        "Actual Loops": 2,
                        "Recheck Cond": "(person_id < 378807)",
                        "Rows Removed by Index Recheck": 0,
                        "Exact Heap Blocks": 22636,
                        "Lossy Heap Blocks": 0,
                        "Plans": [
                          {
                            "Node Type": "Bitmap Index Scan",
                            "Parent Relationship": "Outer",
                            "Parallel Aware": false,
                            "Index Name": "person_id_cast_info",
                            "Startup Cost": 0.0,
                            "Total Cost": 83425.39,
                            "Plan Rows": 3820377,
                            "Plan Width": 0,
                            "Actual Startup Time": 188.477,
                            "Actual Total Time": 188.478,
                            "Actual Rows": 3953493,
                            "Actual Loops": 1,
                            "Index Cond": "(person_id < 378807)"
                          }
                        ]
                      }
                    ]
                  },
                  {
                    "Node Type": "Sort",
                    "Parent Relationship": "Inner",
                    "Parallel Aware": false,
                    "Startup Cost": 197861.69,
                    "Total Cost": 199501.53,
                    "Plan Rows": 655935,
                    "Plan Width": 8,
                    "Actual Startup Time": 1461.626,
                    "Actual Total Time": 1542.25,
                    "Actual Rows": 1930252,
                    "Actual Loops": 2,
                    "Sort Key": [
                      "t.id"
                    ],
                    "Sort Method": "quicksort",
                    "Sort Space Used": 69598,
                    "Sort Space Type": "Memory",
                    "Workers": [
                      {
                        "Worker Number": 0,
                        "Sort Method": "quicksort",
                        "Sort Space Used": 69598,
                        "Sort Space Type": "Memory"
                      }
                    ],
                    "Plans": [
                      {
                        "Node Type": "Hash Join",
                        "Parent Relationship": "Outer",
                        "Parallel Aware": false,
                        "Join Type": "Inner",
                        "Startup Cost": 77689.59,
                        "Total Cost": 134487.89,
                        "Plan Rows": 655935,
                        "Plan Width": 8,
                        "Actual Startup Time": 448.922,
                        "Actual Total Time": 1242.814,
                        "Actual Rows": 960461,
                        "Actual Loops": 2,
                        "Inner Unique": true,
                        "Hash Cond": "(mc.movie_id = t.id)",
                        "Plans": [
                          {
                            "Node Type": "Seq Scan",
                            "Parent Relationship": "Outer",
                            "Parallel Aware": false,
                            "Relation Name": "movie_companies",
                            "Alias": "mc",
                            "Startup Cost": 0.0,
                            "Total Cost": 51404.11,
                            "Plan Rows": 2054927,
                            "Plan Width": 4,
                            "Actual Startup Time": 0.035,
                            "Actual Total Time": 234.711,
                            "Actual Rows": 2040656,
                            "Actual Loops": 2,
                            "Filter": "(company_id < 71419)",
                            "Rows Removed by Filter": 568473
                          },
                          {
                            "Node Type": "Hash",
                            "Parent Relationship": "Inner",
                            "Parallel Aware": false,
                            "Startup Cost": 67601.66,
                            "Total Cost": 67601.66,
                            "Plan Rows": 807034,
                            "Plan Width": 4,
                            "Actual Startup Time": 444.172,
                            "Actual Total Time": 444.173,
                            "Actual Rows": 812704,
                            "Actual Loops": 2,
                            "Hash Buckets": 1048576,
                            "Original Hash Buckets": 1048576,
                            "Hash Batches": 1,
                            "Original Hash Batches": 1,
                            "Peak Memory Usage": 36764,
                            "Plans": [
                              {
                                "Node Type": "Seq Scan",
                                "Parent Relationship": "Outer",
                                "Parallel Aware": false,
                                "Relation Name": "title",
                                "Alias": "t",
                                "Startup Cost": 0.0,
                                "Total Cost": 67601.66,
                                "Plan Rows": 807034,
                                "Plan Width": 4,
                                "Actual Startup Time": 0.024,
                                "Actual Total Time": 252.343,
                                "Actual Rows": 812704,
                                "Actual Loops": 2,
                                "Filter": "(production_year < 1995)",
                                "Rows Removed by Filter": 1715608
                              }
                            ]
                          }
                        ]
                      }
                    ]
                  }
                ]
              }
            ]
          }
        ]
      }
    ]
  },
  "Planning Time": 0.647,
  "Triggers": [],
  "Execution Time": 3124.47
}