{
  "Plan": {
    "Node Type": "Aggregate",
    "Strategy": "Plain",
    "Partial Mode": "Finalize",
    "Parallel Aware": false,
    "Startup Cost": 23108.69,
    "Total Cost": 23108.7,
    "Plan Rows": 1,
    "Plan Width": 8,
    "Actual Startup Time": 84.656,
    "Actual Total Time": 89.503,
    "Actual Rows": 1,
    "Actual Loops": 1,
    "Plans": [
      {
        "Node Type": "Gather",
        "Parent Relationship": "Outer",
        "Parallel Aware": false,
        "Startup Cost": 23108.58,
        "Total Cost": 23108.69,
        "Plan Rows": 1,
        "Plan Width": 8,
        "Actual Startup Time": 84.551,
        "Actual Total Time": 89.496,
        "Actual Rows": 2,
        "Actual Loops": 1,
        "Workers Planned": 1,
        "Workers Launched": 1,
        "Single Copy": false,
        "Plans": [
          {
            "Node Type": "Aggregate",
            "Strategy": "Plain",
            "Partial Mode": "Partial",
            "Parent Relationship": "Outer",
            "Parallel Aware": false,
            "Startup Cost": 22108.58,
            "Total Cost": 22108.59,
            "Plan Rows": 1,
            "Plan Width": 8,
            "Actual Startup Time": 80.356,
            "Actual Total Time": 80.36,
            "Actual Rows": 1,
            "Actual Loops": 2,
            "Plans": [
              {
                "Node Type": "Hash Join",
                "Parent Relationship": "Outer",
                "Parallel Aware": false,
                "Join Type": "Inner",
                "Startup Cost": 3009.12,
                "Total Cost": 22108.52,
                "Plan Rows": 22,
                "Plan Width": 0,
                "Actual Startup Time": 31.927,
                "Actual Total Time": 80.351,
                "Actual Rows": 8,
                "Actual Loops": 2,
                "Inner Unique": false,
                "Hash Cond": "(mi_idx.movie_id = t.id)",
                "Plans": [
                  {
                    "Node Type": "Seq Scan",
                    "Parent Relationship": "Outer",
                    "Parallel Aware": true,
                    "Relation Name": "movie_info_idx",
                    "Alias": "mi_idx",
                    "Startup Cost": 0.0,
                    "Total Cost": 18082.32,
                    "Plan Rows": 271164,
                    "Plan Width": 4,
                    "Actual Startup Time": 0.039,
                    "Actual Total Time": 63.786,
                    "Actual Rows": 230092,
                    "Actual Loops": 2,
                    "Filter": "(info_type_id > 100)",
                    "Rows Removed by Filter": 459925
                  },
                  {
                    "Node Type": "Hash",
                    "Parent Relationship": "Inner",
                    "Parallel Aware": false,
                    "Startup Cost": 3006.58,
                    "Total Cost": 3006.58,
                    "Plan Rows": 203,
                    "Plan Width": 8,
                    "Actual Startup Time": 1.633,
                    "Actual Total Time": 1.635,
                    "Actual Rows": 18,
                    "Actual Loops": 2,
                    "Hash Buckets": 1024,
                    "Original Hash Buckets": 1024,
                    "Hash Batches": 1,
                    "Original Hash Batches": 1,
                    "Peak Memory Usage": 9,
                    "Plans": [
                      {
                        "Node Type": "Nested Loop",
                        "Parent Relationship": "Outer",
                        "Parallel Aware": false,
                        "Join Type": "Inner",
                        "Startup Cost": 6.78,
                        "Total Cost": 3006.58,
                        "Plan Rows": 203,
                        "Plan Width": 8,
                        "Actual Startup Time": 0.289,
                        "Actual Total Time": 1.609,
                        "Actual Rows": 18,
                        "Actual Loops": 2,
                        "Inner Unique": true,
                        "Plans": [
                          {
                            "Node Type": "Bitmap Heap Scan",
                            "Parent Relationship": "Outer",
                            "Parallel Aware": false,
                            "Relation Name": "movie_keyword",
                            "Alias": "mk",
                            "Startup Cost": 6.35,
                            "Total Cost": 922.98,
                            "Plan Rows": 248,
                            "Plan Width": 4,
                            "Actual Startup Time": 0.187,
                            "Actual Total Time": 0.571,
                            "Actual Rows": 21,
                            "Actual Loops": 2,
                            "Recheck Cond": "(keyword_id = 31900)",
                            "Rows Removed by Index Recheck": 0,
                            "Exact Heap Blocks": 21,
                            "Lossy Heap Blocks": 0,
                            "Plans": [
                              {
                                "Node Type": "Bitmap Index Scan",
                                "Parent Relationship": "Outer",
                                "Parallel Aware": false,
                                "Index Name": "keyword_id_movie_keyword",
                                "Startup Cost": 0.0,
                                "Total Cost": 6.29,
                                "Plan Rows": 248,
                                "Plan Width": 0,
                                "Actual Startup Time": 0.138,
                                "Actual Total Time": 0.138,
                                "Actual Rows": 21,
                                "Actual Loops": 2,
                                "Index Cond": "(keyword_id = 31900)"
                              }
                            ]
                          },
                          {
                            "Node Type": "Index Scan",
                            "Parent Relationship": "Inner",
                            "Parallel Aware": false,
                            "Scan Direction": "Forward",
                            "Index Name": "title_pkey",
                            "Relation Name": "title",
                            "Alias": "t",
                            "Startup Cost": 0.43,
                            "Total Cost": 8.4,
                            "Plan Rows": 1,
                            "Plan Width": 4,
                            "Actual Startup Time": 0.047,
                            "Actual Total Time": 0.047,
                            "Actual Rows": 1,
                            "Actual Loops": 42,
                            "Index Cond": "(id = mk.movie_id)",
                            "Rows Removed by Index Recheck": 0,
                            "Filter": "(production_year < 2011)",
                            "Rows Removed by Filter": 0
                          }
                        ]
                      }
                    ]
                  }
                ]
              }
            ]
          }
        ]
      }
    ]
  },
  "Planning Time": 1.065,
  "Triggers": [],
  "Execution Time": 89.61
}