[
  {
    "Plan": {
      "Node Type": "Aggregate",
      "Strategy": "Plain",
      "Partial Mode": "Finalize",
      "Parallel Aware": false,
      "Startup Cost": 343594.01,
      "Total Cost": 343594.02,
      "Plan Rows": 1,
      "Plan Width": 8,
      "Actual Startup Time": 996.541,
      "Actual Total Time": 1043.913,
      "Actual Rows": 1,
      "Actual Loops": 1,
      "Plans": [
        {
          "Node Type": "Gather",
          "Parent Relationship": "Outer",
          "Parallel Aware": false,
          "Startup Cost": 343593.38,
          "Total Cost": 343593.99,
          "Plan Rows": 6,
          "Plan Width": 8,
          "Actual Startup Time": 996.437,
          "Actual Total Time": 1043.905,
          "Actual Rows": 7,
          "Actual Loops": 1,
          "Workers Planned": 6,
          "Workers Launched": 6,
          "Single Copy": false,
          "Plans": [
            {
              "Node Type": "Aggregate",
              "Strategy": "Plain",
              "Partial Mode": "Partial",
              "Parent Relationship": "Outer",
              "Parallel Aware": false,
              "Startup Cost": 342593.38,
              "Total Cost": 342593.39,
              "Plan Rows": 1,
              "Plan Width": 8,
              "Actual Startup Time": 990.086,
              "Actual Total Time": 990.09,
              "Actual Rows": 1,
              "Actual Loops": 7,
              "Plans": [
                {
                  "Node Type": "Seq Scan",
                  "Parent Relationship": "Outer",
                  "Parallel Aware": true,
                  "Relation Name": "cast_info",
                  "Alias": "ci",
                  "Startup Cost": 0.0,
                  "Total Cost": 328211.39,
                  "Plan Rows": 5752796,
                  "Plan Width": 0,
                  "Actual Startup Time": 0.041,
                  "Actual Total Time": 716.174,
                  "Actual Rows": 4941554,
                  "Actual Loops": 7,
                  "Filter": "(person_id < 3734516)",
                  "Rows Removed by Filter": 236210
                }
              ]
            }
          ]
        }
      ]
    },
    "Planning Time": 0.103,
    "Triggers": [],
    "Execution Time": 1043.954
  }
]