[
  {
    "Plan": {
      "Node Type": "Aggregate",
      "Strategy": "Plain",
      "Partial Mode": "Finalize",
      "Parallel Aware": false,
      "Startup Cost": 343547.8,
      "Total Cost": 343547.81,
      "Plan Rows": 1,
      "Plan Width": 8,
      "Actual Startup Time": 846.675,
      "Actual Total Time": 901.283,
      "Actual Rows": 1,
      "Actual Loops": 1,
      "Plans": [
        {
          "Node Type": "Gather",
          "Parent Relationship": "Outer",
          "Parallel Aware": false,
          "Startup Cost": 343547.18,
          "Total Cost": 343547.79,
          "Plan Rows": 6,
          "Plan Width": 8,
          "Actual Startup Time": 846.543,
          "Actual Total Time": 901.274,
          "Actual Rows": 7,
          "Actual Loops": 1,
          "Workers Planned": 6,
          "Workers Launched": 6,
          "Single Copy": false,
          "Plans": [
            {
              "Node Type": "Aggregate",
              "Strategy": "Plain",
              "Partial Mode": "Partial",
              "Parent Relationship": "Outer",
              "Parallel Aware": false,
              "Startup Cost": 342547.18,
              "Total Cost": 342547.19,
              "Plan Rows": 1,
              "Plan Width": 8,
              "Actual Startup Time": 836.365,
              "Actual Total Time": 836.366,
              "Actual Rows": 1,
              "Actual Loops": 7,
              "Plans": [
                {
                  "Node Type": "Seq Scan",
                  "Parent Relationship": "Outer",
                  "Parallel Aware": true,
                  "Relation Name": "cast_info",
                  "Alias": "ci",
                  "Startup Cost": 0.0,
                  "Total Cost": 328162.03,
                  "Plan Rows": 5754061,
                  "Plan Width": 0,
                  "Actual Startup Time": 0.054,
                  "Actual Total Time": 629.579,
                  "Actual Rows": 4941554,
                  "Actual Loops": 7,
                  "Filter": "(person_id < 3734516)",
                  "Rows Removed by Filter": 236210
                }
              ]
            }
          ]
        }
      ]
    },
    "Planning Time": 0.172,
    "Triggers": [],
    "Execution Time": 901.349
  }
]