[
  {
    "Plan": {
      "Node Type": "Aggregate",
      "Strategy": "Plain",
      "Partial Mode": "Finalize",
      "Parallel Aware": false,
      "Startup Cost": 25710.59,
      "Total Cost": 25710.6,
      "Plan Rows": 1,
      "Plan Width": 8,
      "Actual Startup Time": 55.809,
      "Actual Total Time": 58.93,
      "Actual Rows": 1,
      "Actual Loops": 1,
      "Plans": [
        {
          "Node Type": "Gather",
          "Parent Relationship": "Outer",
          "Parallel Aware": false,
          "Startup Cost": 25710.27,
          "Total Cost": 25710.58,
          "Plan Rows": 3,
          "Plan Width": 8,
          "Actual Startup Time": 55.659,
          "Actual Total Time": 58.923,
          "Actual Rows": 4,
          "Actual Loops": 1,
          "Workers Planned": 3,
          "Workers Launched": 3,
          "Single Copy": false,
          "Plans": [
            {
              "Node Type": "Aggregate",
              "Strategy": "Plain",
              "Partial Mode": "Partial",
              "Parent Relationship": "Outer",
              "Parallel Aware": false,
              "Startup Cost": 24710.27,
              "Total Cost": 24710.28,
              "Plan Rows": 1,
              "Plan Width": 8,
              "Actual Startup Time": 48.338,
              "Actual Total Time": 48.339,
              "Actual Rows": 1,
              "Actual Loops": 4,
              "Plans": [
                {
                  "Node Type": "Bitmap Heap Scan",
                  "Parent Relationship": "Outer",
                  "Parallel Aware": true,
                  "Relation Name": "movie_companies",
                  "Alias": "mc",
                  "Startup Cost": 4839.49,
                  "Total Cost": 24530.14,
                  "Plan Rows": 72052,
                  "Plan Width": 0,
                  "Actual Startup Time": 16.3,
                  "Actual Total Time": 43.793,
                  "Actual Rows": 55145,
                  "Actual Loops": 4,
                  "Recheck Cond": "(company_id > 107795)",
                  "Rows Removed by Index Recheck": 0,
                  "Exact Heap Blocks": 2653,
                  "Lossy Heap Blocks": 0,
                  "Plans": [
                    {
                      "Node Type": "Bitmap Index Scan",
                      "Parent Relationship": "Outer",
                      "Parallel Aware": false,
                      "Index Name": "company_id_movie_companies",
                      "Startup Cost": 0.0,
                      "Total Cost": 4783.65,
                      "Plan Rows": 223362,
                      "Plan Width": 0,
                      "Actual Startup Time": 21.932,
                      "Actual Total Time": 21.932,
                      "Actual Rows": 220580,
                      "Actual Loops": 1,
                      "Index Cond": "(company_id > 107795)"
                    }
                  ]
                }
              ]
            }
          ]
        }
      ]
    },
    "Planning Time": 0.161,
    "Triggers": [],
    "Execution Time": 58.995
  }
]