[
  {
    "Plan": {
      "Node Type": "Aggregate",
      "Strategy": "Plain",
      "Partial Mode": "Finalize",
      "Parallel Aware": false,
      "Startup Cost": 335356.61,
      "Total Cost": 335356.62,
      "Plan Rows": 1,
      "Plan Width": 8,
      "Actual Startup Time": 701.454,
      "Actual Total Time": 748.257,
      "Actual Rows": 1,
      "Actual Loops": 1,
      "Plans": [
        {
          "Node Type": "Gather",
          "Parent Relationship": "Outer",
          "Parallel Aware": false,
          "Startup Cost": 335355.98,
          "Total Cost": 335356.59,
          "Plan Rows": 6,
          "Plan Width": 8,
          "Actual Startup Time": 701.193,
          "Actual Total Time": 748.245,
          "Actual Rows": 7,
          "Actual Loops": 1,
          "Workers Planned": 6,
          "Workers Launched": 6,
          "Single Copy": false,
          "Plans": [
            {
              "Node Type": "Aggregate",
              "Strategy": "Plain",
              "Partial Mode": "Partial",
              "Parent Relationship": "Outer",
              "Parallel Aware": false,
              "Startup Cost": 334355.98,
              "Total Cost": 334355.99,
              "Plan Rows": 1,
              "Plan Width": 8,
              "Actual Startup Time": 692.755,
              "Actual Total Time": 692.756,
              "Actual Rows": 1,
              "Actual Loops": 7,
              "Plans": [
                {
                  "Node Type": "Seq Scan",
                  "Parent Relationship": "Outer",
                  "Parallel Aware": true,
                  "Relation Name": "cast_info",
                  "Alias": "ci",
                  "Startup Cost": 0.0,
                  "Total Cost": 328211.39,
                  "Plan Rows": 2457837,
                  "Plan Width": 0,
                  "Actual Startup Time": 250.626,
                  "Actual Total Time": 591.226,
                  "Actual Rows": 2071234,
                  "Actual Loops": 7,
                  "Filter": "(person_id > 2210243)",
                  "Rows Removed by Filter": 3106529
                }
              ]
            }
          ]
        }
      ]
    },
    "Planning Time": 0.245,
    "Triggers": [],
    "Execution Time": 748.341
  }
]