[
  {
    "Plan": {
      "Node Type": "Aggregate",
      "Strategy": "Plain",
      "Partial Mode": "Finalize",
      "Parallel Aware": false,
      "Startup Cost": 45050.3,
      "Total Cost": 45050.31,
      "Plan Rows": 1,
      "Plan Width": 8,
      "Actual Startup Time": 102.746,
      "Actual Total Time": 117.724,
      "Actual Rows": 1,
      "Actual Loops": 1,
      "Plans": [
        {
          "Node Type": "Gather",
          "Parent Relationship": "Outer",
          "Parallel Aware": false,
          "Startup Cost": 45049.88,
          "Total Cost": 45050.29,
          "Plan Rows": 4,
          "Plan Width": 8,
          "Actual Startup Time": 102.606,
          "Actual Total Time": 117.713,
          "Actual Rows": 5,
          "Actual Loops": 1,
          "Workers Planned": 4,
          "Workers Launched": 4,
          "Single Copy": false,
          "Plans": [
            {
              "Node Type": "Aggregate",
              "Strategy": "Plain",
              "Partial Mode": "Partial",
              "Parent Relationship": "Outer",
              "Parallel Aware": false,
              "Startup Cost": 44049.88,
              "Total Cost": 44049.89,
              "Plan Rows": 1,
              "Plan Width": 8,
              "Actual Startup Time": 94.952,
              "Actual Total Time": 94.953,
              "Actual Rows": 1,
              "Actual Loops": 5,
              "Plans": [
                {
                  "Node Type": "Seq Scan",
                  "Parent Relationship": "Outer",
                  "Parallel Aware": true,
                  "Relation Name": "title",
                  "Alias": "t",
                  "Startup Cost": 0.0,
                  "Total Cost": 43898.92,
                  "Plan Rows": 60384,
                  "Plan Width": 0,
                  "Actual Startup Time": 0.046,
                  "Actual Total Time": 91.597,
                  "Actual Rows": 50504,
                  "Actual Loops": 5,
                  "Filter": "(production_year < 1961)",
                  "Rows Removed by Filter": 455158
                }
              ]
            }
          ]
        }
      ]
    },
    "Planning Time": 0.101,
    "Triggers": [],
    "Execution Time": 117.788
  }
]