[
  {
    "Plan": {
      "Node Type": "Aggregate",
      "Strategy": "Plain",
      "Partial Mode": "Finalize",
      "Parallel Aware": false,
      "Startup Cost": 46766.85,
      "Total Cost": 46766.86,
      "Plan Rows": 1,
      "Plan Width": 8,
      "Actual Startup Time": 176.386,
      "Actual Total Time": 185.947,
      "Actual Rows": 1,
      "Actual Loops": 1,
      "Plans": [
        {
          "Node Type": "Gather",
          "Parent Relationship": "Outer",
          "Parallel Aware": false,
          "Startup Cost": 46766.53,
          "Total Cost": 46766.84,
          "Plan Rows": 3,
          "Plan Width": 8,
          "Actual Startup Time": 176.277,
          "Actual Total Time": 185.938,
          "Actual Rows": 4,
          "Actual Loops": 1,
          "Workers Planned": 3,
          "Workers Launched": 3,
          "Single Copy": false,
          "Plans": [
            {
              "Node Type": "Aggregate",
              "Strategy": "Plain",
              "Partial Mode": "Partial",
              "Parent Relationship": "Outer",
              "Parallel Aware": false,
              "Startup Cost": 45766.53,
              "Total Cost": 45766.54,
              "Plan Rows": 1,
              "Plan Width": 8,
              "Actual Startup Time": 170.897,
              "Actual Total Time": 170.899,
              "Actual Rows": 1,
              "Actual Loops": 4,
              "Plans": [
                {
                  "Node Type": "Seq Scan",
                  "Parent Relationship": "Outer",
                  "Parallel Aware": true,
                  "Relation Name": "movie_keyword",
                  "Alias": "mk",
                  "Startup Cost": 0.0,
                  "Total Cost": 42695.65,
                  "Plan Rows": 1228352,
                  "Plan Width": 0,
                  "Actual Startup Time": 0.039,
                  "Actual Total Time": 126.182,
                  "Actual Rows": 953969,
                  "Actual Loops": 4,
                  "Filter": "(keyword_id < 26675)",
                  "Rows Removed by Filter": 177014
                }
              ]
            }
          ]
        }
      ]
    },
    "Planning Time": 0.12,
    "Triggers": [],
    "Execution Time": 185.986
  }
]