[
  {
    "Plan": {
      "Node Type": "Aggregate",
      "Strategy": "Plain",
      "Partial Mode": "Finalize",
      "Parallel Aware": false,
      "Startup Cost": 357218.29,
      "Total Cost": 357218.3,
      "Plan Rows": 1,
      "Plan Width": 8,
      "Actual Startup Time": 991.835,
      "Actual Total Time": 1054.649,
      "Actual Rows": 1,
      "Actual Loops": 1,
      "Plans": [
        {
          "Node Type": "Gather",
          "Parent Relationship": "Outer",
          "Parallel Aware": false,
          "Startup Cost": 357217.66,
          "Total Cost": 357218.27,
          "Plan Rows": 6,
          "Plan Width": 8,
          "Actual Startup Time": 991.666,
          "Actual Total Time": 1054.631,
          "Actual Rows": 7,
          "Actual Loops": 1,
          "Workers Planned": 6,
          "Workers Launched": 6,
          "Single Copy": false,
          "Plans": [
            {
              "Node Type": "Aggregate",
              "Strategy": "Plain",
              "Partial Mode": "Partial",
              "Parent Relationship": "Outer",
              "Parallel Aware": false,
              "Startup Cost": 356217.66,
              "Total Cost": 356217.67,
              "Plan Rows": 1,
              "Plan Width": 8,
              "Actual Startup Time": 980.976,
              "Actual Total Time": 980.977,
              "Actual Rows": 1,
              "Actual Loops": 7,
              "Plans": [
                {
                  "Node Type": "Seq Scan",
                  "Parent Relationship": "Outer",
                  "Parallel Aware": true,
                  "Relation Name": "cast_info",
                  "Alias": "ci",
                  "Startup Cost": 0.0,
                  "Total Cost": 343316.27,
                  "Plan Rows": 5160557,
                  "Plan Width": 0,
                  "Actual Startup Time": 22.567,
                  "Actual Total Time": 787.474,
                  "Actual Rows": 4411317,
                  "Actual Loops": 7,
                  "Filter": "((person_id > 80492) AND (role_id < 10))",
                  "Rows Removed by Filter": 766447
                }
              ]
            }
          ]
        }
      ]
    },
    "Planning Time": 0.24,
    "Triggers": [],
    "Execution Time": 1054.725
  }
]