[
  {
    "Bao": {
      "Bao prediction": 430.785,
      "Bao recommended hint": "SET enable_nestloop TO off; SET enable_mergejoin TO off; SET enable_indexscan TO off; "
    }
  },
  {
    "Plan": {
      "Node Type": "Aggregate",
      "Strategy": "Plain",
      "Partial Mode": "Simple",
      "Parallel Aware": false,
      "Startup Cost": 127323.58,
      "Total Cost": 127323.59,
      "Plan Rows": 1,
      "Plan Width": 96,
      "Actual Startup Time": 561.616,
      "Actual Total Time": 580.877,
      "Actual Rows": 1,
      "Actual Loops": 1,
      "Plans": [
        {
          "Node Type": "Hash Join",
          "Parent Relationship": "Outer",
          "Parallel Aware": false,
          "Join Type": "Inner",
          "Startup Cost": 81281.5,
          "Total Cost": 127323.57,
          "Plan Rows": 1,
          "Plan Width": 60,
          "Actual Startup Time": 507.939,
          "Actual Total Time": 579.566,
          "Actual Rows": 6946,
          "Actual Loops": 1,
          "Inner Unique": true,
          "Hash Cond": "(ml.link_type_id = lt.id)",
          "Plans": [
            {
              "Node Type": "Hash Join",
              "Parent Relationship": "Outer",
              "Parallel Aware": false,
              "Join Type": "Inner",
              "Startup Cost": 81280.09,
              "Total Cost": 127322.16,
              "Plan Rows": 1,
              "Plan Width": 64,
              "Actual Startup Time": 507.855,
              "Actual Total Time": 578.15,
              "Actual Rows": 6946,
              "Actual Loops": 1,
              "Inner Unique": false,
              "Hash Cond": "(t.id = ml.movie_id)",
              "Plans": [
                {
                  "Node Type": "Hash Join",
                  "Parent Relationship": "Outer",
                  "Parallel Aware": false,
                  "Join Type": "Inner",
                  "Startup Cost": 80442.16,
                  "Total Cost": 126483.5,
                  "Plan Rows": 1,
                  "Plan Width": 72,
                  "Actual Startup Time": 492.844,
                  "Actual Total Time": 561.71,
                  "Actual Rows": 4137,
                  "Actual Loops": 1,
                  "Inner Unique": true,
                  "Hash Cond": "(mc.company_type_id = ct.id)",
                  "Plans": [
                    {
                      "Node Type": "Gather",
                      "Parent Relationship": "Outer",
                      "Parallel Aware": false,
                      "Startup Cost": 80441.07,
                      "Total Cost": 126482.41,
                      "Plan Rows": 1,
                      "Plan Width": 76,
                      "Actual Startup Time": 492.796,
                      "Actual Total Time": 560.57,
                      "Actual Rows": 4279,
                      "Actual Loops": 1,
                      "Workers Planned": 4,
                      "Workers Launched": 4,
                      "Single Copy": false,
                      "Plans": [
                        {
                          "Node Type": "Hash Join",
                          "Parent Relationship": "Outer",
                          "Parallel Aware": true,
                          "Join Type": "Inner",
                          "Startup Cost": 79441.07,
                          "Total Cost": 125482.31,
                          "Plan Rows": 1,
                          "Plan Width": 76,
                          "Actual Startup Time": 410.859,
                          "Actual Total Time": 532.745,
                          "Actual Rows": 856,
                          "Actual Loops": 5,
                          "Inner Unique": false,
                          "Hash Cond": "(t.id = mk.movie_id)",
                          "Plans": [
                            {
                              "Node Type": "Seq Scan",
                              "Parent Relationship": "Outer",
                              "Parallel Aware": true,
                              "Relation Name": "title",
                              "Alias": "t",
                              "Startup Cost": 0.0,
                              "Total Cost": 43897.41,
                              "Plan Rows": 571686,
                              "Plan Width": 21,
                              "Actual Startup Time": 0.021,
                              "Actual Total Time": 101.307,
                              "Actual Rows": 457454,
                              "Actual Loops": 5,
                              "Filter": "(production_year > 1950)",
                              "Rows Removed by Filter": 48208
                            },
                            {
                              "Node Type": "Hash",
                              "Parent Relationship": "Inner",
                              "Parallel Aware": true,
                              "Startup Cost": 79441.06,
                              "Total Cost": 79441.06,
                              "Plan Rows": 1,
                              "Plan Width": 55,
                              "Actual Startup Time": 383.33,
                              "Actual Total Time": 383.338,
                              "Actual Rows": 984,
                              "Actual Loops": 5,
                              "Hash Buckets": 8192,
                              "Original Hash Buckets": 1024,
                              "Hash Batches": 1,
                              "Original Hash Batches": 1,
                              "Peak Memory Usage": 728,
                              "Plans": [
                                {
                                  "Node Type": "Hash Join",
                                  "Parent Relationship": "Outer",
                                  "Parallel Aware": true,
                                  "Join Type": "Inner",
                                  "Startup Cost": 51086.88,
                                  "Total Cost": 79441.06,
                                  "Plan Rows": 1,
                                  "Plan Width": 55,
                                  "Actual Startup Time": 269.069,
                                  "Actual Total Time": 354.645,
                                  "Actual Rows": 984,
                                  "Actual Loops": 5,
                                  "Inner Unique": false,
                                  "Hash Cond": "(mc.movie_id = mk.movie_id)",
                                  "Plans": [
                                    {
                                      "Node Type": "Hash Join",
                                      "Parent Relationship": "Outer",
                                      "Parallel Aware": true,
                                      "Join Type": "Inner",
                                      "Startup Cost": 5414.4,
                                      "Total Cost": 33768.28,
                                      "Plan Rows": 78,
                                      "Plan Width": 51,
                                      "Actual Startup Time": 11.688,
                                      "Actual Total Time": 100.559,
                                      "Actual Rows": 2779,
                                      "Actual Loops": 5,
                                      "Inner Unique": true,
                                      "Hash Cond": "(mc.company_id = cn.id)",
                                      "Plans": [
                                        {
                                          "Node Type": "Seq Scan",
                                          "Parent Relationship": "Outer",
                                          "Parallel Aware": true,
                                          "Relation Name": "movie_companies",
                                          "Alias": "mc",
                                          "Startup Cost": 0.0,
                                          "Total Cost": 27206.55,
                                          "Plan Rows": 437071,
                                          "Plan Width": 36,
                                          "Actual Startup Time": 0.025,
                                          "Actual Total Time": 67.676,
                                          "Actual Rows": 267428,
                                          "Actual Loops": 5,
                                          "Filter": "(note IS NOT NULL)",
                                          "Rows Removed by Filter": 254398
                                        },
                                        {
                                          "Node Type": "Hash",
                                          "Parent Relationship": "Inner",
                                          "Parallel Aware": true,
                                          "Startup Cost": 5414.09,
                                          "Total Cost": 5414.09,
                                          "Plan Rows": 25,
                                          "Plan Width": 23,
                                          "Actual Startup Time": 11.447,
                                          "Actual Total Time": 11.448,
                                          "Actual Rows": 18,
                                          "Actual Loops": 5,
                                          "Hash Buckets": 1024,
                                          "Original Hash Buckets": 1024,
                                          "Hash Batches": 1,
                                          "Original Hash Batches": 1,
                                          "Peak Memory Usage": 168,
                                          "Plans": [
                                            {
                                              "Node Type": "Seq Scan",
                                              "Parent Relationship": "Outer",
                                              "Parallel Aware": true,
                                              "Relation Name": "company_name",
                                              "Alias": "cn",
                                              "Startup Cost": 0.0,
                                              "Total Cost": 5414.09,
                                              "Plan Rows": 25,
                                              "Plan Width": 23,
                                              "Actual Startup Time": 0.285,
                                              "Actual Total Time": 11.363,
                                              "Actual Rows": 18,
                                              "Actual Loops": 5,
                                              "Filter": "(((country_code)::text <> '[pl]'::text) AND ((name ~~ '20th Century Fox%'::text) OR (name ~~ 'Twentieth Century Fox%'::text)))",
                                              "Rows Removed by Filter": 46982
                                            }
                                          ]
                                        }
                                      ]
                                    },
                                    {
                                      "Node Type": "Hash",
                                      "Parent Relationship": "Inner",
                                      "Parallel Aware": true,
                                      "Startup Cost": 45672.07,
                                      "Total Cost": 45672.07,
                                      "Plan Rows": 33,
                                      "Plan Width": 4,
                                      "Actual Startup Time": 253.059,
                                      "Actual Total Time": 253.062,
                                      "Actual Rows": 9481,
                                      "Actual Loops": 5,
                                      "Hash Buckets": 65536,
                                      "Original Hash Buckets": 1024,
                                      "Hash Batches": 1,
                                      "Original Hash Batches": 1,
                                      "Peak Memory Usage": 2968,
                                      "Plans": [
                                        {
                                          "Node Type": "Hash Join",
                                          "Parent Relationship": "Outer",
                                          "Parallel Aware": false,
                                          "Join Type": "Inner",
                                          "Startup Cost": 2793.88,
                                          "Total Cost": 45672.07,
                                          "Plan Rows": 33,
                                          "Plan Width": 4,
                                          "Actual Startup Time": 32.395,
                                          "Actual Total Time": 221.989,
                                          "Actual Rows": 9481,
                                          "Actual Loops": 5,
                                          "Inner Unique": true,
                                          "Hash Cond": "(mk.keyword_id = k.id)",
                                          "Plans": [
                                            {
                                              "Node Type": "Seq Scan",
                                              "Parent Relationship": "Outer",
                                              "Parallel Aware": true,
                                              "Relation Name": "movie_keyword",
                                              "Alias": "mk",
                                              "Startup Cost": 0.0,
                                              "Total Cost": 39047.32,
                                              "Plan Rows": 1459332,
                                              "Plan Width": 8,
                                              "Actual Startup Time": 0.045,
                                              "Actual Total Time": 104.427,
                                              "Actual Rows": 904786,
                                              "Actual Loops": 5
                                            },
                                            {
                                              "Node Type": "Hash",
                                              "Parent Relationship": "Inner",
                                              "Parallel Aware": false,
                                              "Startup Cost": 2793.84,
                                              "Total Cost": 2793.84,
                                              "Plan Rows": 3,
                                              "Plan Width": 4,
                                              "Actual Startup Time": 32.198,
                                              "Actual Total Time": 32.198,
                                              "Actual Rows": 3,
                                              "Actual Loops": 5,
                                              "Hash Buckets": 1024,
                                              "Original Hash Buckets": 1024,
                                              "Hash Batches": 1,
                                              "Original Hash Batches": 1,
                                              "Peak Memory Usage": 9,
                                              "Plans": [
                                                {
                                                  "Node Type": "Seq Scan",
                                                  "Parent Relationship": "Outer",
                                                  "Parallel Aware": false,
                                                  "Relation Name": "keyword",
                                                  "Alias": "k",
                                                  "Startup Cost": 0.0,
                                                  "Total Cost": 2793.84,
                                                  "Plan Rows": 3,
                                                  "Plan Width": 4,
                                                  "Actual Startup Time": 2.173,
                                                  "Actual Total Time": 32.175,
                                                  "Actual Rows": 3,
                                                  "Actual Loops": 5,
                                                  "Filter": "(keyword = ANY ('{sequel,revenge,based-on-novel}'::text[]))",
                                                  "Rows Removed by Filter": 134167
                                                }
                                              ]
                                            }
                                          ]
                                        }
                                      ]
                                    }
                                  ]
                                }
                              ]
                            }
                          ]
                        }
                      ]
                    },
                    {
                      "Node Type": "Hash",
                      "Parent Relationship": "Inner",
                      "Parallel Aware": false,
                      "Startup Cost": 1.05,
                      "Total Cost": 1.05,
                      "Plan Rows": 3,
                      "Plan Width": 4,
                      "Actual Startup Time": 0.017,
                      "Actual Total Time": 0.018,
                      "Actual Rows": 3,
                      "Actual Loops": 1,
                      "Hash Buckets": 1024,
                      "Original Hash Buckets": 1024,
                      "Hash Batches": 1,
                      "Original Hash Batches": 1,
                      "Peak Memory Usage": 9,
                      "Plans": [
                        {
                          "Node Type": "Seq Scan",
                          "Parent Relationship": "Outer",
                          "Parallel Aware": false,
                          "Relation Name": "company_type",
                          "Alias": "ct",
                          "Startup Cost": 0.0,
                          "Total Cost": 1.05,
                          "Plan Rows": 3,
                          "Plan Width": 4,
                          "Actual Startup Time": 0.01,
                          "Actual Total Time": 0.012,
                          "Actual Rows": 3,
                          "Actual Loops": 1,
                          "Filter": "((kind IS NOT NULL) AND ((kind)::text <> 'production companies'::text))",
                          "Rows Removed by Filter": 1
                        }
                      ]
                    }
                  ]
                },
                {
                  "Node Type": "Hash",
                  "Parent Relationship": "Inner",
                  "Parallel Aware": false,
                  "Startup Cost": 462.97,
                  "Total Cost": 462.97,
                  "Plan Rows": 29997,
                  "Plan Width": 8,
                  "Actual Startup Time": 14.741,
                  "Actual Total Time": 14.741,
                  "Actual Rows": 29997,
                  "Actual Loops": 1,
                  "Hash Buckets": 32768,
                  "Original Hash Buckets": 32768,
                  "Hash Batches": 1,
                  "Original Hash Batches": 1,
                  "Peak Memory Usage": 1428,
                  "Plans": [
                    {
                      "Node Type": "Seq Scan",
                      "Parent Relationship": "Outer",
                      "Parallel Aware": false,
                      "Relation Name": "movie_link",
                      "Alias": "ml",
                      "Startup Cost": 0.0,
                      "Total Cost": 462.97,
                      "Plan Rows": 29997,
                      "Plan Width": 8,
                      "Actual Startup Time": 0.014,
                      "Actual Total Time": 7.47,
                      "Actual Rows": 29997,
                      "Actual Loops": 1
                    }
                  ]
                }
              ]
            },
            {
              "Node Type": "Hash",
              "Parent Relationship": "Inner",
              "Parallel Aware": false,
              "Startup Cost": 1.18,
              "Total Cost": 1.18,
              "Plan Rows": 18,
              "Plan Width": 4,
              "Actual Startup Time": 0.029,
              "Actual Total Time": 0.03,
              "Actual Rows": 18,
              "Actual Loops": 1,
              "Hash Buckets": 1024,
              "Original Hash Buckets": 1024,
              "Hash Batches": 1,
              "Original Hash Batches": 1,
              "Peak Memory Usage": 9,
              "Plans": [
                {
                  "Node Type": "Seq Scan",
                  "Parent Relationship": "Outer",
                  "Parallel Aware": false,
                  "Relation Name": "link_type",
                  "Alias": "lt",
                  "Startup Cost": 0.0,
                  "Total Cost": 1.18,
                  "Plan Rows": 18,
                  "Plan Width": 4,
                  "Actual Startup Time": 0.012,
                  "Actual Total Time": 0.014,
                  "Actual Rows": 18,
                  "Actual Loops": 1
                }
              ]
            }
          ]
        }
      ]
    },
    "Planning Time": 557.935,
    "Triggers": [],
    "Execution Time": 581.427
  }
]