[
  {
    "Plan": {
      "Node Type": "Aggregate",
      "Strategy": "Plain",
      "Partial Mode": "Finalize",
      "Parallel Aware": false,
      "Startup Cost": 33297.41,
      "Total Cost": 33297.42,
      "Plan Rows": 1,
      "Plan Width": 8,
      "Actual Startup Time": 100.387,
      "Actual Total Time": 108.503,
      "Actual Rows": 1,
      "Actual Loops": 1,
      "Plans": [
        {
          "Node Type": "Gather",
          "Parent Relationship": "Outer",
          "Parallel Aware": false,
          "Startup Cost": 33297.09,
          "Total Cost": 33297.4,
          "Plan Rows": 3,
          "Plan Width": 8,
          "Actual Startup Time": 100.277,
          "Actual Total Time": 108.494,
          "Actual Rows": 4,
          "Actual Loops": 1,
          "Workers Planned": 3,
          "Workers Launched": 3,
          "Single Copy": false,
          "Plans": [
            {
              "Node Type": "Aggregate",
              "Strategy": "Plain",
              "Partial Mode": "Partial",
              "Parent Relationship": "Outer",
              "Parallel Aware": false,
              "Startup Cost": 32297.09,
              "Total Cost": 32297.1,
              "Plan Rows": 1,
              "Plan Width": 8,
              "Actual Startup Time": 93.543,
              "Actual Total Time": 93.544,
              "Actual Rows": 1,
              "Actual Loops": 4,
              "Plans": [
                {
                  "Node Type": "Seq Scan",
                  "Parent Relationship": "Outer",
                  "Parallel Aware": true,
                  "Relation Name": "movie_companies",
                  "Alias": "mc",
                  "Startup Cost": 0.0,
                  "Total Cost": 31414.82,
                  "Plan Rows": 352908,
                  "Plan Width": 0,
                  "Actual Startup Time": 47.688,
                  "Actual Total Time": 84.01,
                  "Actual Rows": 218337,
                  "Actual Loops": 4,
                  "Filter": "((company_id < 76508) AND (company_type_id = 2))",
                  "Rows Removed by Filter": 433945
                }
              ]
            }
          ]
        }
      ]
    },
    "Planning Time": 0.179,
    "Triggers": [],
    "Execution Time": 108.553
  }
]