[
  {
    "Plan": {
      "Node Type": "Aggregate",
      "Strategy": "Plain",
      "Partial Mode": "Finalize",
      "Parallel Aware": false,
      "Startup Cost": 348711.09,
      "Total Cost": 348711.1,
      "Plan Rows": 1,
      "Plan Width": 8,
      "Actual Startup Time": 696.415,
      "Actual Total Time": 750.904,
      "Actual Rows": 1,
      "Actual Loops": 1,
      "Plans": [
        {
          "Node Type": "Gather",
          "Parent Relationship": "Outer",
          "Parallel Aware": false,
          "Startup Cost": 348710.47,
          "Total Cost": 348711.08,
          "Plan Rows": 6,
          "Plan Width": 8,
          "Actual Startup Time": 696.303,
          "Actual Total Time": 750.894,
          "Actual Rows": 7,
          "Actual Loops": 1,
          "Workers Planned": 6,
          "Workers Launched": 6,
          "Single Copy": false,
          "Plans": [
            {
              "Node Type": "Aggregate",
              "Strategy": "Plain",
              "Partial Mode": "Partial",
              "Parent Relationship": "Outer",
              "Parallel Aware": false,
              "Startup Cost": 347710.47,
              "Total Cost": 347710.48,
              "Plan Rows": 1,
              "Plan Width": 8,
              "Actual Startup Time": 686.085,
              "Actual Total Time": 686.086,
              "Actual Rows": 1,
              "Actual Loops": 7,
              "Plans": [
                {
                  "Node Type": "Seq Scan",
                  "Parent Relationship": "Outer",
                  "Parallel Aware": true,
                  "Relation Name": "cast_info",
                  "Alias": "ci",
                  "Startup Cost": 0.0,
                  "Total Cost": 343257.03,
                  "Plan Rows": 1781375,
                  "Plan Width": 0,
                  "Actual Startup Time": 241.149,
                  "Actual Total Time": 654.817,
                  "Actual Rows": 649603,
                  "Actual Loops": 7,
                  "Filter": "((person_id < 1614523) AND (role_id > 1))",
                  "Rows Removed by Filter": 4528161
                }
              ]
            }
          ]
        }
      ]
    },
    "Planning Time": 0.208,
    "Triggers": [],
    "Execution Time": 750.972
  }
]