{
  "Plan": {
    "Node Type": "Aggregate",
    "Strategy": "Plain",
    "Partial Mode": "Finalize",
    "Parallel Aware": false,
    "Startup Cost": 261425.76,
    "Total Cost": 261425.77,
    "Plan Rows": 1,
    "Plan Width": 8,
    "Actual Startup Time": 2071.65,
    "Actual Total Time": 2091.409,
    "Actual Rows": 1,
    "Actual Loops": 1,
    "Plans": [
      {
        "Node Type": "Gather",
        "Parent Relationship": "Outer",
        "Parallel Aware": false,
        "Startup Cost": 261425.65,
        "Total Cost": 261425.76,
        "Plan Rows": 1,
        "Plan Width": 8,
        "Actual Startup Time": 2069.492,
        "Actual Total Time": 2091.401,
        "Actual Rows": 2,
        "Actual Loops": 1,
        "Workers Planned": 1,
        "Workers Launched": 1,
        "Single Copy": false,
        "Plans": [
          {
            "Node Type": "Aggregate",
            "Strategy": "Plain",
            "Partial Mode": "Partial",
            "Parent Relationship": "Outer",
            "Parallel Aware": false,
            "Startup Cost": 260425.65,
            "Total Cost": 260425.66,
            "Plan Rows": 1,
            "Plan Width": 8,
            "Actual Startup Time": 2063.495,
            "Actual Total Time": 2063.499,
            "Actual Rows": 1,
            "Actual Loops": 2,
            "Plans": [
              {
                "Node Type": "Nested Loop",
                "Parent Relationship": "Outer",
                "Parallel Aware": false,
                "Join Type": "Inner",
                "Startup Cost": 87091.19,
                "Total Cost": 260079.21,
                "Plan Rows": 138576,
                "Plan Width": 0,
                "Actual Startup Time": 325.625,
                "Actual Total Time": 1961.824,
                "Actual Rows": 2255464,
                "Actual Loops": 2,
                "Inner Unique": false,
                "Join Filter": "(t.id = mc.movie_id)",
                "Rows Removed by Join Filter": 0,
                "Plans": [
                  {
                    "Node Type": "Hash Join",
                    "Parent Relationship": "Outer",
                    "Parallel Aware": true,
                    "Join Type": "Inner",
                    "Startup Cost": 87090.76,
                    "Total Cost": 121119.92,
                    "Plan Rows": 202795,
                    "Plan Width": 8,
                    "Actual Startup Time": 325.486,
                    "Actual Total Time": 569.304,
                    "Actual Rows": 450012,
                    "Actual Loops": 2,
                    "Inner Unique": true,
                    "Hash Cond": "(mk.movie_id = t.id)",
                    "Plans": [
                      {
                        "Node Type": "Bitmap Heap Scan",
                        "Parent Relationship": "Outer",
                        "Parallel Aware": true,
                        "Relation Name": "movie_keyword",
                        "Alias": "mk",
                        "Startup Cost": 22829.11,
                        "Total Cost": 55196.46,
                        "Plan Rows": 633068,
                        "Plan Width": 4,
                        "Actual Startup Time": 64.054,
                        "Actual Total Time": 157.49,
                        "Actual Rows": 544098,
                        "Actual Loops": 2,
                        "Recheck Cond": "(keyword_id < 1114)",
                        "Rows Removed by Index Recheck": 0,
                        "Exact Heap Blocks": 12698,
                        "Lossy Heap Blocks": 0,
                        "Plans": [
                          {
                            "Node Type": "Bitmap Index Scan",
                            "Parent Relationship": "Outer",
                            "Parallel Aware": false,
                            "Index Name": "keyword_id_movie_keyword",
                            "Startup Cost": 0.0,
                            "Total Cost": 22560.05,
                            "Plan Rows": 1076216,
                            "Plan Width": 0,
                            "Actual Startup Time": 60.362,
                            "Actual Total Time": 60.362,
                            "Actual Rows": 1088196,
                            "Actual Loops": 1,
                            "Index Cond": "(keyword_id < 1114)"
                          }
                        ]
                      },
                      {
                        "Node Type": "Hash",
                        "Parent Relationship": "Inner",
                        "Parallel Aware": true,
                        "Startup Cost": 58306.47,
                        "Total Cost": 58306.47,
                        "Plan Rows": 476415,
                        "Plan Width": 4,
                        "Actual Startup Time": 252.68,
                        "Actual Total Time": 252.681,
                        "Actual Rows": 421509,
                        "Actual Loops": 2,
                        "Hash Buckets": 1048576,
                        "Original Hash Buckets": 1048576,
                        "Hash Batches": 1,
                        "Original Hash Batches": 1,
                        "Peak Memory Usage": 41216,
                        "Plans": [
                          {
                            "Node Type": "Seq Scan",
                            "Parent Relationship": "Outer",
                            "Parallel Aware": true,
                            "Relation Name": "title",
                            "Alias": "t",
                            "Startup Cost": 0.0,
                            "Total Cost": 58306.47,
                            "Plan Rows": 476415,
                            "Plan Width": 4,
                            "Actual Startup Time": 0.04,
                            "Actual Total Time": 152.764,
                            "Actual Rows": 421509,
                            "Actual Loops": 2,
                            "Filter": "((kind_id < 7) AND (production_year < 2011))",
                            "Rows Removed by Filter": 842647
                          }
                        ]
                      }
                    ]
                  },
                  {
                    "Node Type": "Index Scan",
                    "Parent Relationship": "Inner",
                    "Parallel Aware": false,
                    "Scan Direction": "Forward",
                    "Index Name": "movie_id_movie_companies",
                    "Relation Name": "movie_companies",
                    "Alias": "mc",
                    "Startup Cost": 0.43,
                    "Total Cost": 0.64,
                    "Plan Rows": 4,
                    "Plan Width": 4,
                    "Actual Startup Time": 0.002,
                    "Actual Total Time": 0.003,
                    "Actual Rows": 5,
                    "Actual Loops": 900023,
                    "Index Cond": "(movie_id = mk.movie_id)",
                    "Rows Removed by Index Recheck": 0,
                    "Filter": "(company_id > 2580)",
                    "Rows Removed by Filter": 2
                  }
                ]
              }
            ]
          }
        ]
      }
    ]
  },
  "Planning Time": 1.086,
  "Triggers": [],
  "Execution Time": 2091.519
}