{
  "Plan": {
    "Node Type": "Aggregate",
    "Strategy": "Plain",
    "Partial Mode": "Finalize",
    "Parallel Aware": false,
    "Startup Cost": 1448508.48,
    "Total Cost": 1448508.49,
    "Plan Rows": 1,
    "Plan Width": 8,
    "Actual Startup Time": 9735.229,
    "Actual Total Time": 9809.146,
    "Actual Rows": 1,
    "Actual Loops": 1,
    "Plans": [
      {
        "Node Type": "Gather",
        "Parent Relationship": "Outer",
        "Parallel Aware": false,
        "Startup Cost": 1448508.37,
        "Total Cost": 1448508.48,
        "Plan Rows": 1,
        "Plan Width": 8,
        "Actual Startup Time": 9734.938,
        "Actual Total Time": 9809.139,
        "Actual Rows": 2,
        "Actual Loops": 1,
        "Workers Planned": 1,
        "Workers Launched": 1,
        "Single Copy": false,
        "Plans": [
          {
            "Node Type": "Aggregate",
            "Strategy": "Plain",
            "Partial Mode": "Partial",
            "Parent Relationship": "Outer",
            "Parallel Aware": false,
            "Startup Cost": 1447508.37,
            "Total Cost": 1447508.38,
            "Plan Rows": 1,
            "Plan Width": 8,
            "Actual Startup Time": 9728.616,
            "Actual Total Time": 9728.618,
            "Actual Rows": 1,
            "Actual Loops": 2,
            "Plans": [
              {
                "Node Type": "Merge Join",
                "Parent Relationship": "Outer",
                "Parallel Aware": false,
                "Join Type": "Inner",
                "Startup Cost": 9.87,
                "Total Cost": 1430379.36,
                "Plan Rows": 6851605,
                "Plan Width": 0,
                "Actual Startup Time": 7.018,
                "Actual Total Time": 8716.818,
                "Actual Rows": 24850938,
                "Actual Loops": 2,
                "Inner Unique": false,
                "Merge Cond": "(mi.movie_id = t.id)",
                "Plans": [
                  {
                    "Node Type": "Index Only Scan",
                    "Parent Relationship": "Outer",
                    "Parallel Aware": true,
                    "Scan Direction": "Forward",
                    "Index Name": "movie_id_movie_info",
                    "Relation Name": "movie_info",
                    "Alias": "mi",
                    "Startup Cost": 0.43,
                    "Total Cost": 1018223.42,
                    "Plan Rows": 8696274,
                    "Plan Width": 4,
                    "Actual Startup Time": 0.119,
                    "Actual Total Time": 2441.619,
                    "Actual Rows": 7417233,
                    "Actual Loops": 2,
                    "Heap Fetches": 14834466
                  },
                  {
                    "Node Type": "Materialize",
                    "Parent Relationship": "Inner",
                    "Parallel Aware": false,
                    "Startup Cost": 3.31,
                    "Total Cost": 292845.56,
                    "Plan Rows": 1991987,
                    "Plan Width": 8,
                    "Actual Startup Time": 0.286,
                    "Actual Total Time": 3570.532,
                    "Actual Rows": 25700160,
                    "Actual Loops": 2,
                    "Plans": [
                      {
                        "Node Type": "Merge Join",
                        "Parent Relationship": "Outer",
                        "Parallel Aware": false,
                        "Join Type": "Inner",
                        "Startup Cost": 3.31,
                        "Total Cost": 287865.6,
                        "Plan Rows": 1991987,
                        "Plan Width": 8,
                        "Actual Startup Time": 0.276,
                        "Actual Total Time": 2494.072,
                        "Actual Rows": 1708226,
                        "Actual Loops": 2,
                        "Inner Unique": true,
                        "Merge Cond": "(mc.movie_id = t.id)",
                        "Plans": [
                          {
                            "Node Type": "Index Only Scan",
                            "Parent Relationship": "Outer",
                            "Parallel Aware": false,
                            "Scan Direction": "Forward",
                            "Index Name": "movie_id_movie_companies",
                            "Relation Name": "movie_companies",
                            "Alias": "mc",
                            "Startup Cost": 0.43,
                            "Total Cost": 140059.44,
                            "Plan Rows": 2609129,
                            "Plan Width": 4,
                            "Actual Startup Time": 0.15,
                            "Actual Total Time": 717.245,
                            "Actual Rows": 2609129,
                            "Actual Loops": 2,
                            "Heap Fetches": 5218258
                          },
                          {
                            "Node Type": "Index Scan",
                            "Parent Relationship": "Inner",
                            "Parallel Aware": false,
                            "Scan Direction": "Forward",
                            "Index Name": "title_pkey",
                            "Relation Name": "title",
                            "Alias": "t",
                            "Startup Cost": 0.43,
                            "Total Cost": 116660.7,
                            "Plan Rows": 1930271,
                            "Plan Width": 4,
                            "Actual Startup Time": 0.101,
                            "Actual Total Time": 1387.208,
                            "Actual Rows": 1917276,
                            "Actual Loops": 2,
                            "Filter": "(production_year > 1981)",
                            "Rows Removed by Filter": 608469
                          }
                        ]
                      }
                    ]
                  }
                ]
              }
            ]
          }
        ]
      }
    ]
  },
  "Planning Time": 1.018,
  "Triggers": [],
  "Execution Time": 9809.297
}