[
  {
    "Plan": {
      "Node Type": "Aggregate",
      "Strategy": "Plain",
      "Partial Mode": "Finalize",
      "Parallel Aware": false,
      "Startup Cost": 174354.67,
      "Total Cost": 174354.68,
      "Plan Rows": 1,
      "Plan Width": 8,
      "Actual Startup Time": 126.0,
      "Actual Total Time": 144.324,
      "Actual Rows": 1,
      "Actual Loops": 1,
      "Plans": [
        {
          "Node Type": "Gather",
          "Parent Relationship": "Outer",
          "Parallel Aware": false,
          "Startup Cost": 174354.25,
          "Total Cost": 174354.66,
          "Plan Rows": 4,
          "Plan Width": 8,
          "Actual Startup Time": 125.897,
          "Actual Total Time": 144.317,
          "Actual Rows": 5,
          "Actual Loops": 1,
          "Workers Planned": 4,
          "Workers Launched": 4,
          "Single Copy": false,
          "Plans": [
            {
              "Node Type": "Aggregate",
              "Strategy": "Plain",
              "Partial Mode": "Partial",
              "Parent Relationship": "Outer",
              "Parallel Aware": false,
              "Startup Cost": 173354.25,
              "Total Cost": 173354.26,
              "Plan Rows": 1,
              "Plan Width": 8,
              "Actual Startup Time": 115.945,
              "Actual Total Time": 115.946,
              "Actual Rows": 1,
              "Actual Loops": 5,
              "Plans": [
                {
                  "Node Type": "Nested Loop",
                  "Parent Relationship": "Outer",
                  "Parallel Aware": false,
                  "Join Type": "Inner",
                  "Startup Cost": 0.43,
                  "Total Cost": 173350.75,
                  "Plan Rows": 1401,
                  "Plan Width": 0,
                  "Actual Startup Time": 1.665,
                  "Actual Total Time": 115.809,
                  "Actual Rows": 1285,
                  "Actual Loops": 5,
                  "Inner Unique": false,
                  "Plans": [
                    {
                      "Node Type": "Seq Scan",
                      "Parent Relationship": "Outer",
                      "Parallel Aware": true,
                      "Relation Name": "title",
                      "Alias": "t",
                      "Startup Cost": 0.0,
                      "Total Cost": 45479.1,
                      "Plan Rows": 1188,
                      "Plan Width": 4,
                      "Actual Startup Time": 0.713,
                      "Actual Total Time": 79.342,
                      "Actual Rows": 962,
                      "Actual Loops": 5,
                      "Filter": "((kind_id < 3) AND (production_year = 1977))",
                      "Rows Removed by Filter": 504701
                    },
                    {
                      "Node Type": "Index Scan",
                      "Parent Relationship": "Inner",
                      "Parallel Aware": false,
                      "Scan Direction": "Forward",
                      "Index Name": "movie_id_movie_info",
                      "Relation Name": "movie_info",
                      "Alias": "mi",
                      "Startup Cost": 0.43,
                      "Total Cost": 107.56,
                      "Plan Rows": 8,
                      "Plan Width": 4,
                      "Actual Startup Time": 0.026,
                      "Actual Total Time": 0.037,
                      "Actual Rows": 1,
                      "Actual Loops": 4808,
                      "Index Cond": "(movie_id = t.id)",
                      "Rows Removed by Index Recheck": 0,
                      "Filter": "(info_type_id = 16)",
                      "Rows Removed by Filter": 10
                    }
                  ]
                }
              ]
            }
          ]
        }
      ]
    },
    "Planning Time": 0.589,
    "Triggers": [],
    "Execution Time": 144.394
  }
]