[
  {
    "Plan": {
      "Node Type": "Aggregate",
      "Strategy": "Plain",
      "Partial Mode": "Simple",
      "Parallel Aware": false,
      "Startup Cost": 31225.09,
      "Total Cost": 31225.1,
      "Plan Rows": 1,
      "Plan Width": 96,
      "Actual Startup Time": 2856.92,
      "Actual Total Time": 3108.12,
      "Actual Rows": 1,
      "Actual Loops": 1,
      "Plans": [
        {
          "Node Type": "Nested Loop",
          "Parent Relationship": "Outer",
          "Parallel Aware": false,
          "Join Type": "Inner",
          "Startup Cost": 1006.71,
          "Total Cost": 31225.08,
          "Plan Rows": 1,
          "Plan Width": 65,
          "Actual Startup Time": 331.946,
          "Actual Total Time": 3107.876,
          "Actual Rows": 460,
          "Actual Loops": 1,
          "Inner Unique": true,
          "Plans": [
            {
              "Node Type": "Gather",
              "Parent Relationship": "Outer",
              "Parallel Aware": false,
              "Startup Cost": 1006.28,
              "Total Cost": 31224.62,
              "Plan Rows": 1,
              "Plan Width": 60,
              "Actual Startup Time": 331.879,
              "Actual Total Time": 3102.16,
              "Actual Rows": 460,
              "Actual Loops": 1,
              "Workers Planned": 2,
              "Workers Launched": 2,
              "Single Copy": false,
              "Plans": [
                {
                  "Node Type": "Nested Loop",
                  "Parent Relationship": "Outer",
                  "Parallel Aware": false,
                  "Join Type": "Inner",
                  "Startup Cost": 6.28,
                  "Total Cost": 30224.52,
                  "Plan Rows": 1,
                  "Plan Width": 60,
                  "Actual Startup Time": 312.634,
                  "Actual Total Time": 2847.879,
                  "Actual Rows": 153,
                  "Actual Loops": 3,
                  "Inner Unique": true,
                  "Plans": [
                    {
                      "Node Type": "Nested Loop",
                      "Parent Relationship": "Outer",
                      "Parallel Aware": false,
                      "Join Type": "Inner",
                      "Startup Cost": 5.85,
                      "Total Cost": 28917.03,
                      "Plan Rows": 1990,
                      "Plan Width": 64,
                      "Actual Startup Time": 15.052,
                      "Actual Total Time": 2616.192,
                      "Actual Rows": 40422,
                      "Actual Loops": 3,
                      "Inner Unique": false,
                      "Plans": [
                        {
                          "Node Type": "Hash Join",
                          "Parent Relationship": "Outer",
                          "Parallel Aware": false,
                          "Join Type": "Inner",
                          "Startup Cost": 5.29,
                          "Total Cost": 26856.72,
                          "Plan Rows": 1495,
                          "Plan Width": 56,
                          "Actual Startup Time": 2.325,
                          "Actual Total Time": 1618.131,
                          "Actual Rows": 15144,
                          "Actual Loops": 3,
                          "Inner Unique": true,
                          "Hash Cond": "(mi.info_type_id = it1.id)",
                          "Plans": [
                            {
                              "Node Type": "Nested Loop",
                              "Parent Relationship": "Outer",
                              "Parallel Aware": false,
                              "Join Type": "Inner",
                              "Startup Cost": 2.86,
                              "Total Cost": 26394.04,
                              "Plan Rows": 168994,
                              "Plan Width": 60,
                              "Actual Startup Time": 0.308,
                              "Actual Total Time": 1479.072,
                              "Actual Rows": 2310111,
                              "Actual Loops": 3,
                              "Inner Unique": false,
                              "Plans": [
                                {
                                  "Node Type": "Hash Join",
                                  "Parent Relationship": "Outer",
                                  "Parallel Aware": false,
                                  "Join Type": "Inner",
                                  "Startup Cost": 2.43,
                                  "Total Cost": 15253.6,
                                  "Plan Rows": 5089,
                                  "Plan Width": 9,
                                  "Actual Startup Time": 0.152,
                                  "Actual Total Time": 96.235,
                                  "Actual Rows": 153308,
                                  "Actual Loops": 3,
                                  "Inner Unique": true,
                                  "Hash Cond": "(mi_idx.info_type_id = it2.id)",
                                  "Plans": [
                                    {
                                      "Node Type": "Seq Scan",
                                      "Parent Relationship": "Outer",
                                      "Parallel Aware": true,
                                      "Relation Name": "movie_info_idx",
                                      "Alias": "mi_idx",
                                      "Startup Cost": 0.0,
                                      "Total Cost": 13685.15,
                                      "Plan Rows": 575015,
                                      "Plan Width": 13,
                                      "Actual Startup Time": 0.05,
                                      "Actual Total Time": 41.883,
                                      "Actual Rows": 460012,
                                      "Actual Loops": 3
                                    },
                                    {
                                      "Node Type": "Hash",
                                      "Parent Relationship": "Inner",
                                      "Parallel Aware": false,
                                      "Startup Cost": 2.41,
                                      "Total Cost": 2.41,
                                      "Plan Rows": 1,
                                      "Plan Width": 4,
                                      "Actual Startup Time": 0.045,
                                      "Actual Total Time": 0.046,
                                      "Actual Rows": 1,
                                      "Actual Loops": 3,
                                      "Hash Buckets": 1024,
                                      "Original Hash Buckets": 1024,
                                      "Hash Batches": 1,
                                      "Original Hash Batches": 1,
                                      "Peak Memory Usage": 9,
                                      "Plans": [
                                        {
                                          "Node Type": "Seq Scan",
                                          "Parent Relationship": "Outer",
                                          "Parallel Aware": false,
                                          "Relation Name": "info_type",
                                          "Alias": "it2",
                                          "Startup Cost": 0.0,
                                          "Total Cost": 2.41,
                                          "Plan Rows": 1,
                                          "Plan Width": 4,
                                          "Actual Startup Time": 0.029,
                                          "Actual Total Time": 0.033,
                                          "Actual Rows": 1,
                                          "Actual Loops": 3,
                                          "Filter": "((info)::text = 'votes'::text)",
                                          "Rows Removed by Filter": 112
                                        }
                                      ]
                                    }
                                  ]
                                },
                                {
                                  "Node Type": "Index Scan",
                                  "Parent Relationship": "Inner",
                                  "Parallel Aware": false,
                                  "Scan Direction": "Forward",
                                  "Index Name": "movie_id_movie_info",
                                  "Relation Name": "movie_info",
                                  "Alias": "mi",
                                  "Startup Cost": 0.43,
                                  "Total Cost": 1.78,
                                  "Plan Rows": 41,
                                  "Plan Width": 51,
                                  "Actual Startup Time": 0.002,
                                  "Actual Total Time": 0.007,
                                  "Actual Rows": 15,
                                  "Actual Loops": 459925,
                                  "Index Cond": "(movie_id = mi_idx.movie_id)",
                                  "Rows Removed by Index Recheck": 0
                                }
                              ]
                            },
                            {
                              "Node Type": "Hash",
                              "Parent Relationship": "Inner",
                              "Parallel Aware": false,
                              "Startup Cost": 2.41,
                              "Total Cost": 2.41,
                              "Plan Rows": 1,
                              "Plan Width": 4,
                              "Actual Startup Time": 0.07,
                              "Actual Total Time": 0.07,
                              "Actual Rows": 1,
                              "Actual Loops": 3,
                              "Hash Buckets": 1024,
                              "Original Hash Buckets": 1024,
                              "Hash Batches": 1,
                              "Original Hash Batches": 1,
                              "Peak Memory Usage": 9,
                              "Plans": [
                                {
                                  "Node Type": "Seq Scan",
                                  "Parent Relationship": "Outer",
                                  "Parallel Aware": false,
                                  "Relation Name": "info_type",
                                  "Alias": "it1",
                                  "Startup Cost": 0.0,
                                  "Total Cost": 2.41,
                                  "Plan Rows": 1,
                                  "Plan Width": 4,
                                  "Actual Startup Time": 0.05,
                                  "Actual Total Time": 0.053,
                                  "Actual Rows": 1,
                                  "Actual Loops": 3,
                                  "Filter": "((info)::text = 'budget'::text)",
                                  "Rows Removed by Filter": 112
                                }
                              ]
                            }
                          ]
                        },
                        {
                          "Node Type": "Index Scan",
                          "Parent Relationship": "Inner",
                          "Parallel Aware": false,
                          "Scan Direction": "Forward",
                          "Index Name": "movie_id_cast_info",
                          "Relation Name": "cast_info",
                          "Alias": "ci",
                          "Startup Cost": 0.56,
                          "Total Cost": 1.37,
                          "Plan Rows": 1,
                          "Plan Width": 8,
                          "Actual Startup Time": 0.037,
                          "Actual Total Time": 0.065,
                          "Actual Rows": 3,
                          "Actual Loops": 45431,
                          "Index Cond": "(movie_id = mi.movie_id)",
                          "Rows Removed by Index Recheck": 0,
                          "Filter": "(note = ANY ('{(voice),(uncredited)}'::text[]))",
                          "Rows Removed by Filter": 38
                        }
                      ]
                    },
                    {
                      "Node Type": "Index Scan",
                      "Parent Relationship": "Inner",
                      "Parallel Aware": false,
                      "Scan Direction": "Forward",
                      "Index Name": "name_pkey",
                      "Relation Name": "name",
                      "Alias": "n",
                      "Startup Cost": 0.43,
                      "Total Cost": 0.66,
                      "Plan Rows": 1,
                      "Plan Width": 4,
                      "Actual Startup Time": 0.006,
                      "Actual Total Time": 0.006,
                      "Actual Rows": 0,
                      "Actual Loops": 121266,
                      "Index Cond": "(id = ci.person_id)",
                      "Rows Removed by Index Recheck": 0,
                      "Filter": "((name ~~ '%Smith,%'::text) AND ((gender)::text = 'm'::text))",
                      "Rows Removed by Filter": 1
                    }
                  ]
                }
              ]
            },
            {
              "Node Type": "Index Scan",
              "Parent Relationship": "Inner",
              "Parallel Aware": false,
              "Scan Direction": "Forward",
              "Index Name": "title_pkey",
              "Relation Name": "title",
              "Alias": "t",
              "Startup Cost": 0.43,
              "Total Cost": 0.46,
              "Plan Rows": 1,
              "Plan Width": 21,
              "Actual Startup Time": 0.012,
              "Actual Total Time": 0.012,
              "Actual Rows": 1,
              "Actual Loops": 460,
              "Index Cond": "(id = mi.movie_id)",
              "Rows Removed by Index Recheck": 0
            }
          ]
        }
      ]
    },
    "Planning Time": 13.756,
    "Triggers": [],
    "Execution Time": 3108.683
  }
]