[
  {
    "Plan": {
      "Node Type": "Aggregate",
      "Strategy": "Plain",
      "Partial Mode": "Finalize",
      "Parallel Aware": false,
      "Startup Cost": 99675.37,
      "Total Cost": 99675.38,
      "Plan Rows": 1,
      "Plan Width": 8,
      "Actual Startup Time": 813.948,
      "Actual Total Time": 829.852,
      "Actual Rows": 1,
      "Actual Loops": 1,
      "Plans": [
        {
          "Node Type": "Gather",
          "Parent Relationship": "Outer",
          "Parallel Aware": false,
          "Startup Cost": 99675.16,
          "Total Cost": 99675.37,
          "Plan Rows": 2,
          "Plan Width": 8,
          "Actual Startup Time": 806.713,
          "Actual Total Time": 829.844,
          "Actual Rows": 3,
          "Actual Loops": 1,
          "Workers Planned": 2,
          "Workers Launched": 2,
          "Single Copy": false,
          "Plans": [
            {
              "Node Type": "Aggregate",
              "Strategy": "Plain",
              "Partial Mode": "Partial",
              "Parent Relationship": "Outer",
              "Parallel Aware": false,
              "Startup Cost": 98675.16,
              "Total Cost": 98675.17,
              "Plan Rows": 1,
              "Plan Width": 8,
              "Actual Startup Time": 799.595,
              "Actual Total Time": 800.096,
              "Actual Rows": 1,
              "Actual Loops": 3,
              "Plans": [
                {
                  "Node Type": "Hash Join",
                  "Parent Relationship": "Outer",
                  "Parallel Aware": true,
                  "Join Type": "Inner",
                  "Startup Cost": 81828.61,
                  "Total Cost": 98172.61,
                  "Plan Rows": 201019,
                  "Plan Width": 0,
                  "Actual Startup Time": 639.77,
                  "Actual Total Time": 783.951,
                  "Actual Rows": 420318,
                  "Actual Loops": 3,
                  "Inner Unique": false,
                  "Hash Cond": "(mi_idx.movie_id = t.id)",
                  "Plans": [
                    {
                      "Node Type": "Seq Scan",
                      "Parent Relationship": "Outer",
                      "Parallel Aware": true,
                      "Relation Name": "movie_info_idx",
                      "Alias": "mi_idx",
                      "Startup Cost": 0.0,
                      "Total Cost": 13685.15,
                      "Plan Rows": 575015,
                      "Plan Width": 4,
                      "Actual Startup Time": 0.029,
                      "Actual Total Time": 34.952,
                      "Actual Rows": 460012,
                      "Actual Loops": 3
                    },
                    {
                      "Node Type": "Hash",
                      "Parent Relationship": "Inner",
                      "Parallel Aware": true,
                      "Startup Cost": 79066.53,
                      "Total Cost": 79066.53,
                      "Plan Rows": 220966,
                      "Plan Width": 8,
                      "Actual Startup Time": 633.112,
                      "Actual Total Time": 633.612,
                      "Actual Rows": 299465,
                      "Actual Loops": 3,
                      "Hash Buckets": 1048576,
                      "Original Hash Buckets": 1048576,
                      "Hash Batches": 1,
                      "Original Hash Batches": 1,
                      "Peak Memory Usage": 43392,
                      "Plans": [
                        {
                          "Node Type": "Hash Join",
                          "Parent Relationship": "Outer",
                          "Parallel Aware": true,
                          "Join Type": "Inner",
                          "Startup Cost": 32874.64,
                          "Total Cost": 79066.53,
                          "Plan Rows": 220966,
                          "Plan Width": 8,
                          "Actual Startup Time": 186.327,
                          "Actual Total Time": 545.047,
                          "Actual Rows": 299465,
                          "Actual Loops": 3,
                          "Inner Unique": false,
                          "Hash Cond": "(t.id = mc.movie_id)",
                          "Plans": [
                            {
                              "Node Type": "Seq Scan",
                              "Parent Relationship": "Outer",
                              "Parallel Aware": true,
                              "Relation Name": "title",
                              "Alias": "t",
                              "Startup Cost": 0.0,
                              "Total Cost": 42318.73,
                              "Plan Rows": 632073,
                              "Plan Width": 4,
                              "Actual Startup Time": 0.009,
                              "Actual Total Time": 91.94,
                              "Actual Rows": 842771,
                              "Actual Loops": 3
                            },
                            {
                              "Node Type": "Hash",
                              "Parent Relationship": "Inner",
                              "Parallel Aware": true,
                              "Startup Cost": 29310.68,
                              "Total Cost": 29310.68,
                              "Plan Rows": 285117,
                              "Plan Width": 4,
                              "Actual Startup Time": 182.66,
                              "Actual Total Time": 182.661,
                              "Actual Rows": 299465,
                              "Actual Loops": 3,
                              "Hash Buckets": 1048576,
                              "Original Hash Buckets": 1048576,
                              "Hash Batches": 1,
                              "Original Hash Batches": 1,
                              "Peak Memory Usage": 43392,
                              "Plans": [
                                {
                                  "Node Type": "Seq Scan",
                                  "Parent Relationship": "Outer",
                                  "Parallel Aware": true,
                                  "Relation Name": "movie_companies",
                                  "Alias": "mc",
                                  "Startup Cost": 0.0,
                                  "Total Cost": 29310.68,
                                  "Plan Rows": 285117,
                                  "Plan Width": 4,
                                  "Actual Startup Time": 24.028,
                                  "Actual Total Time": 96.893,
                                  "Actual Rows": 299465,
                                  "Actual Loops": 3,
                                  "Filter": "(company_id > 21524)",
                                  "Rows Removed by Filter": 570245
                                }
                              ]
                            }
                          ]
                        }
                      ]
                    }
                  ]
                }
              ]
            }
          ]
        }
      ]
    },
    "Planning Time": 1.339,
    "Triggers": [],
    "Execution Time": 829.933
  }
]