[
  {
    "Plan": {
      "Node Type": "Aggregate",
      "Strategy": "Plain",
      "Partial Mode": "Finalize",
      "Parallel Aware": false,
      "Startup Cost": 338836.27,
      "Total Cost": 338836.28,
      "Plan Rows": 1,
      "Plan Width": 8,
      "Actual Startup Time": 3467.672,
      "Actual Total Time": 3564.065,
      "Actual Rows": 1,
      "Actual Loops": 1,
      "Plans": [
        {
          "Node Type": "Gather",
          "Parent Relationship": "Outer",
          "Parallel Aware": false,
          "Startup Cost": 338835.85,
          "Total Cost": 338836.26,
          "Plan Rows": 4,
          "Plan Width": 8,
          "Actual Startup Time": 3464.525,
          "Actual Total Time": 3564.054,
          "Actual Rows": 5,
          "Actual Loops": 1,
          "Workers Planned": 4,
          "Workers Launched": 4,
          "Single Copy": false,
          "Plans": [
            {
              "Node Type": "Aggregate",
              "Strategy": "Plain",
              "Partial Mode": "Partial",
              "Parent Relationship": "Outer",
              "Parallel Aware": false,
              "Startup Cost": 337835.85,
              "Total Cost": 337835.86,
              "Plan Rows": 1,
              "Plan Width": 8,
              "Actual Startup Time": 3454.718,
              "Actual Total Time": 3454.722,
              "Actual Rows": 1,
              "Actual Loops": 5,
              "Plans": [
                {
                  "Node Type": "Nested Loop",
                  "Parent Relationship": "Outer",
                  "Parallel Aware": false,
                  "Join Type": "Inner",
                  "Startup Cost": 31301.18,
                  "Total Cost": 336649.27,
                  "Plan Rows": 474630,
                  "Plan Width": 0,
                  "Actual Startup Time": 103.262,
                  "Actual Total Time": 3410.525,
                  "Actual Rows": 862930,
                  "Actual Loops": 5,
                  "Inner Unique": false,
                  "Plans": [
                    {
                      "Node Type": "Hash Join",
                      "Parent Relationship": "Outer",
                      "Parallel Aware": true,
                      "Join Type": "Inner",
                      "Startup Cost": 31300.62,
                      "Total Cost": 77177.71,
                      "Plan Rows": 123376,
                      "Plan Width": 8,
                      "Actual Startup Time": 102.905,
                      "Actual Total Time": 408.585,
                      "Actual Rows": 100172,
                      "Actual Loops": 5,
                      "Inner Unique": false,
                      "Hash Cond": "(t.id = mc.movie_id)",
                      "Plans": [
                        {
                          "Node Type": "Seq Scan",
                          "Parent Relationship": "Outer",
                          "Parallel Aware": true,
                          "Relation Name": "title",
                          "Alias": "t",
                          "Startup Cost": 0.0,
                          "Total Cost": 42318.73,
                          "Plan Rows": 632073,
                          "Plan Width": 4,
                          "Actual Startup Time": 0.013,
                          "Actual Total Time": 69.607,
                          "Actual Rows": 505662,
                          "Actual Loops": 5
                        },
                        {
                          "Node Type": "Hash",
                          "Parent Relationship": "Inner",
                          "Parallel Aware": true,
                          "Startup Cost": 29310.68,
                          "Total Cost": 29310.68,
                          "Plan Rows": 159195,
                          "Plan Width": 4,
                          "Actual Startup Time": 99.978,
                          "Actual Total Time": 99.979,
                          "Actual Rows": 100172,
                          "Actual Loops": 5,
                          "Hash Buckets": 524288,
                          "Original Hash Buckets": 524288,
                          "Hash Batches": 1,
                          "Original Hash Batches": 1,
                          "Peak Memory Usage": 23776,
                          "Plans": [
                            {
                              "Node Type": "Seq Scan",
                              "Parent Relationship": "Outer",
                              "Parallel Aware": true,
                              "Relation Name": "movie_companies",
                              "Alias": "mc",
                              "Startup Cost": 0.0,
                              "Total Cost": 29310.68,
                              "Plan Rows": 159195,
                              "Plan Width": 4,
                              "Actual Startup Time": 41.4,
                              "Actual Total Time": 70.0,
                              "Actual Rows": 100172,
                              "Actual Loops": 5,
                              "Filter": "(company_id > 74156)",
                              "Rows Removed by Filter": 421654
                            }
                          ]
                        }
                      ]
                    },
                    {
                      "Node Type": "Index Scan",
                      "Parent Relationship": "Inner",
                      "Parallel Aware": false,
                      "Scan Direction": "Forward",
                      "Index Name": "movie_id_cast_info",
                      "Relation Name": "cast_info",
                      "Alias": "ci",
                      "Startup Cost": 0.56,
                      "Total Cost": 2.0,
                      "Plan Rows": 10,
                      "Plan Width": 4,
                      "Actual Startup Time": 0.021,
                      "Actual Total Time": 0.029,
                      "Actual Rows": 9,
                      "Actual Loops": 500861,
                      "Index Cond": "(movie_id = t.id)",
                      "Rows Removed by Index Recheck": 0,
                      "Filter": "((person_id > 766186) AND (role_id > 3))",
                      "Rows Removed by Filter": 17
                    }
                  ]
                }
              ]
            }
          ]
        }
      ]
    },
    "Planning Time": 1.407,
    "Triggers": [],
    "Execution Time": 3564.17
  }
]