[
  {
    "Plan": {
      "Node Type": "Aggregate",
      "Strategy": "Plain",
      "Partial Mode": "Finalize",
      "Parallel Aware": false,
      "Startup Cost": 337370.12,
      "Total Cost": 337370.13,
      "Plan Rows": 1,
      "Plan Width": 8,
      "Actual Startup Time": 727.181,
      "Actual Total Time": 778.128,
      "Actual Rows": 1,
      "Actual Loops": 1,
      "Plans": [
        {
          "Node Type": "Gather",
          "Parent Relationship": "Outer",
          "Parallel Aware": false,
          "Startup Cost": 337369.49,
          "Total Cost": 337370.1,
          "Plan Rows": 6,
          "Plan Width": 8,
          "Actual Startup Time": 726.853,
          "Actual Total Time": 778.115,
          "Actual Rows": 7,
          "Actual Loops": 1,
          "Workers Planned": 6,
          "Workers Launched": 6,
          "Single Copy": false,
          "Plans": [
            {
              "Node Type": "Aggregate",
              "Strategy": "Plain",
              "Partial Mode": "Partial",
              "Parent Relationship": "Outer",
              "Parallel Aware": false,
              "Startup Cost": 336369.49,
              "Total Cost": 336369.5,
              "Plan Rows": 1,
              "Plan Width": 8,
              "Actual Startup Time": 719.736,
              "Actual Total Time": 719.737,
              "Actual Rows": 1,
              "Actual Loops": 7,
              "Plans": [
                {
                  "Node Type": "Seq Scan",
                  "Parent Relationship": "Outer",
                  "Parallel Aware": true,
                  "Relation Name": "cast_info",
                  "Alias": "ci",
                  "Startup Cost": 0.0,
                  "Total Cost": 328211.39,
                  "Plan Rows": 3263240,
                  "Plan Width": 0,
                  "Actual Startup Time": 191.158,
                  "Actual Total Time": 595.255,
                  "Actual Rows": 2767905,
                  "Actual Loops": 7,
                  "Filter": "(person_id > 1667397)",
                  "Rows Removed by Filter": 2409859
                }
              ]
            }
          ]
        }
      ]
    },
    "Planning Time": 0.213,
    "Triggers": [],
    "Execution Time": 778.232
  }
]