{
  "Plan": {
    "Node Type": "Aggregate",
    "Strategy": "Plain",
    "Partial Mode": "Finalize",
    "Parallel Aware": false,
    "Startup Cost": 245179.67,
    "Total Cost": 245179.68,
    "Plan Rows": 1,
    "Plan Width": 8,
    "Actual Startup Time": 1701.056,
    "Actual Total Time": 1753.558,
    "Actual Rows": 1,
    "Actual Loops": 1,
    "Plans": [
      {
        "Node Type": "Gather",
        "Parent Relationship": "Outer",
        "Parallel Aware": false,
        "Startup Cost": 245179.55,
        "Total Cost": 245179.66,
        "Plan Rows": 1,
        "Plan Width": 8,
        "Actual Startup Time": 1696.855,
        "Actual Total Time": 1753.551,
        "Actual Rows": 2,
        "Actual Loops": 1,
        "Workers Planned": 1,
        "Workers Launched": 1,
        "Single Copy": false,
        "Plans": [
          {
            "Node Type": "Aggregate",
            "Strategy": "Plain",
            "Partial Mode": "Partial",
            "Parent Relationship": "Outer",
            "Parallel Aware": false,
            "Startup Cost": 244179.55,
            "Total Cost": 244179.56,
            "Plan Rows": 1,
            "Plan Width": 8,
            "Actual Startup Time": 1683.551,
            "Actual Total Time": 1683.555,
            "Actual Rows": 1,
            "Actual Loops": 2,
            "Plans": [
              {
                "Node Type": "Nested Loop",
                "Parent Relationship": "Outer",
                "Parallel Aware": false,
                "Join Type": "Inner",
                "Startup Cost": 72556.08,
                "Total Cost": 243926.51,
                "Plan Rows": 101218,
                "Plan Width": 0,
                "Actual Startup Time": 527.818,
                "Actual Total Time": 1650.569,
                "Actual Rows": 789948,
                "Actual Loops": 2,
                "Inner Unique": false,
                "Plans": [
                  {
                    "Node Type": "Hash Join",
                    "Parent Relationship": "Outer",
                    "Parallel Aware": true,
                    "Join Type": "Inner",
                    "Startup Cost": 72555.65,
                    "Total Cost": 98307.49,
                    "Plan Rows": 85808,
                    "Plan Width": 8,
                    "Actual Startup Time": 527.659,
                    "Actual Total Time": 595.658,
                    "Actual Rows": 72062,
                    "Actual Loops": 2,
                    "Inner Unique": true,
                    "Hash Cond": "(mk.movie_id = t.id)",
                    "Plans": [
                      {
                        "Node Type": "Bitmap Heap Scan",
                        "Parent Relationship": "Outer",
                        "Parallel Aware": true,
                        "Relation Name": "movie_keyword",
                        "Alias": "mk",
                        "Startup Cost": 3094.95,
                        "Total Cost": 28621.54,
                        "Plan Rows": 85808,
                        "Plan Width": 4,
                        "Actual Startup Time": 10.709,
                        "Actual Total Time": 46.832,
                        "Actual Rows": 72062,
                        "Actual Loops": 2,
                        "Recheck Cond": "(keyword_id > 74465)",
                        "Rows Removed by Index Recheck": 0,
                        "Exact Heap Blocks": 10440,
                        "Lossy Heap Blocks": 0,
                        "Plans": [
                          {
                            "Node Type": "Bitmap Index Scan",
                            "Parent Relationship": "Outer",
                            "Parallel Aware": false,
                            "Index Name": "keyword_id_movie_keyword",
                            "Startup Cost": 0.0,
                            "Total Cost": 3058.48,
                            "Plan Rows": 145873,
                            "Plan Width": 0,
                            "Actual Startup Time": 7.924,
                            "Actual Total Time": 7.925,
                            "Actual Rows": 144125,
                            "Actual Loops": 1,
                            "Index Cond": "(keyword_id > 74465)"
                          }
                        ]
                      },
                      {
                        "Node Type": "Hash",
                        "Parent Relationship": "Inner",
                        "Parallel Aware": true,
                        "Startup Cost": 50870.31,
                        "Total Cost": 50870.31,
                        "Plan Rows": 1487231,
                        "Plan Width": 4,
                        "Actual Startup Time": 494.681,
                        "Actual Total Time": 494.682,
                        "Actual Rows": 1264156,
                        "Actual Loops": 2,
                        "Hash Buckets": 4194304,
                        "Original Hash Buckets": 4194304,
                        "Hash Batches": 1,
                        "Original Hash Batches": 1,
                        "Peak Memory Usage": 131712,
                        "Plans": [
                          {
                            "Node Type": "Seq Scan",
                            "Parent Relationship": "Outer",
                            "Parallel Aware": true,
                            "Relation Name": "title",
                            "Alias": "t",
                            "Startup Cost": 0.0,
                            "Total Cost": 50870.31,
                            "Plan Rows": 1487231,
                            "Plan Width": 4,
                            "Actual Startup Time": 0.025,
                            "Actual Total Time": 148.207,
                            "Actual Rows": 1264156,
                            "Actual Loops": 2
                          }
                        ]
                      }
                    ]
                  },
                  {
                    "Node Type": "Index Scan",
                    "Parent Relationship": "Inner",
                    "Parallel Aware": false,
                    "Scan Direction": "Forward",
                    "Index Name": "movie_id_movie_info",
                    "Relation Name": "movie_info",
                    "Alias": "mi",
                    "Startup Cost": 0.43,
                    "Total Cost": 1.62,
                    "Plan Rows": 8,
                    "Plan Width": 4,
                    "Actual Startup Time": 0.005,
                    "Actual Total Time": 0.014,
                    "Actual Rows": 11,
                    "Actual Loops": 144125,
                    "Index Cond": "(movie_id = t.id)",
                    "Rows Removed by Index Recheck": 0,
                    "Filter": "(info_type_id = 16)",
                    "Rows Removed by Filter": 56
                  }
                ]
              }
            ]
          }
        ]
      }
    ]
  },
  "Planning Time": 0.943,
  "Triggers": [],
  "Execution Time": 1753.67
}