[
    {
        "Bao": {
            "Bao prediction": "NaN",
            "Bao recommended hint": "(no hint)"
        }
    },
    {
        "Plan": {
            "Node Type": "Aggregate",
            "Strategy": "Plain",
            "Partial Mode": "Finalize",
            "Parallel Aware": false,
            "Startup Cost": 33211.35,
            "Total Cost": 33211.36,
            "Plan Rows": 1,
            "Plan Width": 8,
            "Actual Startup Time": 97.898,
            "Actual Total Time": 103.14,
            "Actual Rows": 1,
            "Actual Loops": 1,
            "Output": [
                "count(*)"
            ],
            "Plans": [
                {
                    "Node Type": "Gather",
                    "Parent Relationship": "Outer",
                    "Parallel Aware": false,
                    "Startup Cost": 33211.04,
                    "Total Cost": 33211.35,
                    "Plan Rows": 3,
                    "Plan Width": 8,
                    "Actual Startup Time": 97.768,
                    "Actual Total Time": 103.132,
                    "Actual Rows": 4,
                    "Actual Loops": 1,
                    "Output": [
                        "(PARTIAL count(*))"
                    ],
                    "Workers Planned": 3,
                    "Workers Launched": 3,
                    "Single Copy": false,
                    "Plans": [
                        {
                            "Node Type": "Aggregate",
                            "Strategy": "Plain",
                            "Partial Mode": "Partial",
                            "Parent Relationship": "Outer",
                            "Parallel Aware": false,
                            "Startup Cost": 32211.04,
                            "Total Cost": 32211.05,
                            "Plan Rows": 1,
                            "Plan Width": 8,
                            "Actual Startup Time": 89.311,
                            "Actual Total Time": 89.312,
                            "Actual Rows": 1,
                            "Actual Loops": 4,
                            "Output": [
                                "PARTIAL count(*)"
                            ],
                            "Workers": [
                                {
                                    "Worker Number": 0,
                                    "Actual Startup Time": 86.572,
                                    "Actual Total Time": 86.574,
                                    "Actual Rows": 1,
                                    "Actual Loops": 1
                                },
                                {
                                    "Worker Number": 1,
                                    "Actual Startup Time": 86.627,
                                    "Actual Total Time": 86.628,
                                    "Actual Rows": 1,
                                    "Actual Loops": 1
                                },
                                {
                                    "Worker Number": 2,
                                    "Actual Startup Time": 86.778,
                                    "Actual Total Time": 86.779,
                                    "Actual Rows": 1,
                                    "Actual Loops": 1
                                }
                            ],
                            "Plans": [
                                {
                                    "Node Type": "Seq Scan",
                                    "Parent Relationship": "Outer",
                                    "Parallel Aware": true,
                                    "Relation Name": "movie_companies",
                                    "Schema": "public",
                                    "Alias": "mc",
                                    "Startup Cost": 0.0,
                                    "Total Cost": 31414.82,
                                    "Plan Rows": 318487,
                                    "Plan Width": 0,
                                    "Actual Startup Time": 42.765,
                                    "Actual Total Time": 80.646,
                                    "Actual Rows": 172666,
                                    "Actual Loops": 4,
                                    "Output": [
                                        "id",
                                        "movie_id",
                                        "company_id",
                                        "company_type_id",
                                        "note"
                                    ],
                                    "Filter": "((mc.company_id < 50728) AND (mc.company_type_id > 1))",
                                    "Rows Removed by Filter": 479617,
                                    "Workers": [
                                        {
                                            "Worker Number": 0,
                                            "Actual Startup Time": 40.031,
                                            "Actual Total Time": 78.154,
                                            "Actual Rows": 126423,
                                            "Actual Loops": 1
                                        },
                                        {
                                            "Worker Number": 1,
                                            "Actual Startup Time": 40.08,
                                            "Actual Total Time": 78.154,
                                            "Actual Rows": 206887,
                                            "Actual Loops": 1
                                        },
                                        {
                                            "Worker Number": 2,
                                            "Actual Startup Time": 40.233,
                                            "Actual Total Time": 78.447,
                                            "Actual Rows": 124474,
                                            "Actual Loops": 1
                                        }
                                    ]
                                }
                            ]
                        }
                    ]
                }
            ]
        },
        "Planning Time": 179.79,
        "Triggers": [],
        "Execution Time": 103.218
    }
]