[
  {
    "Plan": {
      "Node Type": "Aggregate",
      "Strategy": "Plain",
      "Partial Mode": "Finalize",
      "Parallel Aware": false,
      "Startup Cost": 31979.9,
      "Total Cost": 31979.91,
      "Plan Rows": 1,
      "Plan Width": 8,
      "Actual Startup Time": 109.03,
      "Actual Total Time": 116.829,
      "Actual Rows": 1,
      "Actual Loops": 1,
      "Plans": [
        {
          "Node Type": "Gather",
          "Parent Relationship": "Outer",
          "Parallel Aware": false,
          "Startup Cost": 31979.58,
          "Total Cost": 31979.89,
          "Plan Rows": 3,
          "Plan Width": 8,
          "Actual Startup Time": 108.909,
          "Actual Total Time": 116.822,
          "Actual Rows": 4,
          "Actual Loops": 1,
          "Workers Planned": 3,
          "Workers Launched": 3,
          "Single Copy": false,
          "Plans": [
            {
              "Node Type": "Aggregate",
              "Strategy": "Plain",
              "Partial Mode": "Partial",
              "Parent Relationship": "Outer",
              "Parallel Aware": false,
              "Startup Cost": 30979.58,
              "Total Cost": 30979.59,
              "Plan Rows": 1,
              "Plan Width": 8,
              "Actual Startup Time": 103.598,
              "Actual Total Time": 103.599,
              "Actual Rows": 1,
              "Actual Loops": 4,
              "Plans": [
                {
                  "Node Type": "Seq Scan",
                  "Parent Relationship": "Outer",
                  "Parallel Aware": true,
                  "Relation Name": "movie_companies",
                  "Alias": "mc",
                  "Startup Cost": 0.0,
                  "Total Cost": 29310.68,
                  "Plan Rows": 667561,
                  "Plan Width": 0,
                  "Actual Startup Time": 0.033,
                  "Actual Total Time": 79.528,
                  "Actual Rows": 514293,
                  "Actual Loops": 4,
                  "Filter": "(company_id < 71831)",
                  "Rows Removed by Filter": 137989
                }
              ]
            }
          ]
        }
      ]
    },
    "Planning Time": 0.183,
    "Triggers": [],
    "Execution Time": 116.886
  }
]