[
    {
        "Bao": {
            "Bao prediction": "NaN",
            "Bao recommended hint": "(no hint)"
        }
    },
    {
        "Plan": {
            "Node Type": "Aggregate",
            "Strategy": "Plain",
            "Partial Mode": "Finalize",
            "Parallel Aware": false,
            "Startup Cost": 113289.55,
            "Total Cost": 113289.56,
            "Plan Rows": 1,
            "Plan Width": 8,
            "Actual Startup Time": 601.751,
            "Actual Total Time": 614.669,
            "Actual Rows": 1,
            "Actual Loops": 1,
            "Output": [
                "count(*)"
            ],
            "Plans": [
                {
                    "Node Type": "Gather",
                    "Parent Relationship": "Outer",
                    "Parallel Aware": false,
                    "Startup Cost": 113289.23,
                    "Total Cost": 113289.54,
                    "Plan Rows": 3,
                    "Plan Width": 8,
                    "Actual Startup Time": 593.701,
                    "Actual Total Time": 614.66,
                    "Actual Rows": 4,
                    "Actual Loops": 1,
                    "Output": [
                        "(PARTIAL count(*))"
                    ],
                    "Workers Planned": 3,
                    "Workers Launched": 3,
                    "Single Copy": false,
                    "Plans": [
                        {
                            "Node Type": "Aggregate",
                            "Strategy": "Plain",
                            "Partial Mode": "Partial",
                            "Parent Relationship": "Outer",
                            "Parallel Aware": false,
                            "Startup Cost": 112289.23,
                            "Total Cost": 112289.24,
                            "Plan Rows": 1,
                            "Plan Width": 8,
                            "Actual Startup Time": 585.663,
                            "Actual Total Time": 586.011,
                            "Actual Rows": 1,
                            "Actual Loops": 4,
                            "Output": [
                                "PARTIAL count(*)"
                            ],
                            "Workers": [
                                {
                                    "Worker Number": 0,
                                    "Actual Startup Time": 582.543,
                                    "Actual Total Time": 582.547,
                                    "Actual Rows": 1,
                                    "Actual Loops": 1
                                },
                                {
                                    "Worker Number": 1,
                                    "Actual Startup Time": 582.702,
                                    "Actual Total Time": 582.707,
                                    "Actual Rows": 1,
                                    "Actual Loops": 1
                                },
                                {
                                    "Worker Number": 2,
                                    "Actual Startup Time": 584.048,
                                    "Actual Total Time": 584.052,
                                    "Actual Rows": 1,
                                    "Actual Loops": 1
                                }
                            ],
                            "Plans": [
                                {
                                    "Node Type": "Hash Join",
                                    "Parent Relationship": "Outer",
                                    "Parallel Aware": true,
                                    "Join Type": "Inner",
                                    "Startup Cost": 65499.14,
                                    "Total Cost": 111841.26,
                                    "Plan Rows": 179187,
                                    "Plan Width": 0,
                                    "Actual Startup Time": 342.019,
                                    "Actual Total Time": 553.058,
                                    "Actual Rows": 837832,
                                    "Actual Loops": 4,
                                    "Inner Unique": false,
                                    "Hash Cond": "(mk.movie_id = t.id)",
                                    "Workers": [
                                        {
                                            "Worker Number": 0,
                                            "Actual Startup Time": 339.086,
                                            "Actual Total Time": 549.895,
                                            "Actual Rows": 836683,
                                            "Actual Loops": 1
                                        },
                                        {
                                            "Worker Number": 1,
                                            "Actual Startup Time": 339.299,
                                            "Actual Total Time": 550.231,
                                            "Actual Rows": 822924,
                                            "Actual Loops": 1
                                        },
                                        {
                                            "Worker Number": 2,
                                            "Actual Startup Time": 339.792,
                                            "Actual Total Time": 551.37,
                                            "Actual Rows": 838520,
                                            "Actual Loops": 1
                                        }
                                    ],
                                    "Plans": [
                                        {
                                            "Node Type": "Seq Scan",
                                            "Parent Relationship": "Outer",
                                            "Parallel Aware": true,
                                            "Relation Name": "movie_keyword",
                                            "Schema": "public",
                                            "Alias": "mk",
                                            "Startup Cost": 0.0,
                                            "Total Cost": 42695.65,
                                            "Plan Rows": 773293,
                                            "Plan Width": 4,
                                            "Actual Startup Time": 0.272,
                                            "Actual Total Time": 97.563,
                                            "Actual Rows": 599907,
                                            "Actual Loops": 4,
                                            "Output": [
                                                "mk.id",
                                                "mk.movie_id",
                                                "mk.keyword_id"
                                            ],
                                            "Filter": "(mk.keyword_id > 3910)",
                                            "Rows Removed by Filter": 531076,
                                            "Workers": [
                                                {
                                                    "Worker Number": 0,
                                                    "Actual Startup Time": 0.329,
                                                    "Actual Total Time": 100.346,
                                                    "Actual Rows": 597290,
                                                    "Actual Loops": 1
                                                },
                                                {
                                                    "Worker Number": 1,
                                                    "Actual Startup Time": 0.288,
                                                    "Actual Total Time": 100.886,
                                                    "Actual Rows": 596309,
                                                    "Actual Loops": 1
                                                },
                                                {
                                                    "Worker Number": 2,
                                                    "Actual Startup Time": 0.256,
                                                    "Actual Total Time": 100.275,
                                                    "Actual Rows": 597166,
                                                    "Actual Loops": 1
                                                }
                                            ]
                                        },
                                        {
                                            "Node Type": "Hash",
                                            "Parent Relationship": "Inner",
                                            "Parallel Aware": true,
                                            "Startup Cost": 62447.77,
                                            "Total Cost": 62447.77,
                                            "Plan Rows": 244110,
                                            "Plan Width": 8,
                                            "Actual Startup Time": 338.312,
                                            "Actual Total Time": 338.657,
                                            "Actual Rows": 178960,
                                            "Actual Loops": 4,
                                            "Output": [
                                                "t.id",
                                                "mi_idx.movie_id"
                                            ],
                                            "Hash Buckets": 1048576,
                                            "Original Hash Buckets": 1048576,
                                            "Hash Batches": 1,
                                            "Original Hash Batches": 1,
                                            "Peak Memory Usage": 36256,
                                            "Workers": [
                                                {
                                                    "Worker Number": 0,
                                                    "Actual Startup Time": 338.01,
                                                    "Actual Total Time": 338.013,
                                                    "Actual Rows": 177052,
                                                    "Actual Loops": 1
                                                },
                                                {
                                                    "Worker Number": 1,
                                                    "Actual Startup Time": 338.04,
                                                    "Actual Total Time": 338.044,
                                                    "Actual Rows": 175288,
                                                    "Actual Loops": 1
                                                },
                                                {
                                                    "Worker Number": 2,
                                                    "Actual Startup Time": 338.601,
                                                    "Actual Total Time": 338.604,
                                                    "Actual Rows": 179890,
                                                    "Actual Loops": 1
                                                }
                                            ],
                                            "Plans": [
                                                {
                                                    "Node Type": "Hash Join",
                                                    "Parent Relationship": "Outer",
                                                    "Parallel Aware": true,
                                                    "Join Type": "Inner",
                                                    "Startup Cost": 47253.21,
                                                    "Total Cost": 62447.77,
                                                    "Plan Rows": 244110,
                                                    "Plan Width": 8,
                                                    "Actual Startup Time": 203.693,
                                                    "Actual Total Time": 298.858,
                                                    "Actual Rows": 178960,
                                                    "Actual Loops": 4,
                                                    "Output": [
                                                        "t.id",
                                                        "mi_idx.movie_id"
                                                    ],
                                                    "Inner Unique": true,
                                                    "Hash Cond": "(mi_idx.movie_id = t.id)",
                                                    "Workers": [
                                                        {
                                                            "Worker Number": 0,
                                                            "Actual Startup Time": 203.3,
                                                            "Actual Total Time": 298.232,
                                                            "Actual Rows": 177052,
                                                            "Actual Loops": 1
                                                        },
                                                        {
                                                            "Worker Number": 1,
                                                            "Actual Startup Time": 203.408,
                                                            "Actual Total Time": 298.181,
                                                            "Actual Rows": 175288,
                                                            "Actual Loops": 1
                                                        },
                                                        {
                                                            "Worker Number": 2,
                                                            "Actual Startup Time": 203.89,
                                                            "Actual Total Time": 298.741,
                                                            "Actual Rows": 179890,
                                                            "Actual Loops": 1
                                                        }
                                                    ],
                                                    "Plans": [
                                                        {
                                                            "Node Type": "Seq Scan",
                                                            "Parent Relationship": "Outer",
                                                            "Parallel Aware": true,
                                                            "Relation Name": "movie_info_idx",
                                                            "Schema": "public",
                                                            "Alias": "mi_idx",
                                                            "Startup Cost": 0.0,
                                                            "Total Cost": 13685.15,
                                                            "Plan Rows": 575015,
                                                            "Plan Width": 4,
                                                            "Actual Startup Time": 0.018,
                                                            "Actual Total Time": 27.887,
                                                            "Actual Rows": 345009,
                                                            "Actual Loops": 4,
                                                            "Output": [
                                                                "mi_idx.id",
                                                                "mi_idx.movie_id",
                                                                "mi_idx.info_type_id",
                                                                "mi_idx.info",
                                                                "mi_idx.note"
                                                            ],
                                                            "Workers": [
                                                                {
                                                                    "Worker Number": 0,
                                                                    "Actual Startup Time": 0.026,
                                                                    "Actual Total Time": 28.972,
                                                                    "Actual Rows": 341956,
                                                                    "Actual Loops": 1
                                                                },
                                                                {
                                                                    "Worker Number": 1,
                                                                    "Actual Startup Time": 0.022,
                                                                    "Actual Total Time": 29.201,
                                                                    "Actual Rows": 339584,
                                                                    "Actual Loops": 1
                                                                },
                                                                {
                                                                    "Worker Number": 2,
                                                                    "Actual Startup Time": 0.018,
                                                                    "Actual Total Time": 28.912,
                                                                    "Actual Rows": 343163,
                                                                    "Actual Loops": 1
                                                                }
                                                            ]
                                                        },
                                                        {
                                                            "Node Type": "Hash",
                                                            "Parent Relationship": "Inner",
                                                            "Parallel Aware": true,
                                                            "Startup Cost": 43899.01,
                                                            "Total Cost": 43899.01,
                                                            "Plan Rows": 268336,
                                                            "Plan Width": 4,
                                                            "Actual Startup Time": 199.955,
                                                            "Actual Total Time": 199.956,
                                                            "Actual Rows": 268691,
                                                            "Actual Loops": 4,
                                                            "Output": [
                                                                "t.id"
                                                            ],
                                                            "Hash Buckets": 2097152,
                                                            "Original Hash Buckets": 2097152,
                                                            "Hash Batches": 1,
                                                            "Original Hash Batches": 1,
                                                            "Peak Memory Usage": 58496,
                                                            "Workers": [
                                                                {
                                                                    "Worker Number": 0,
                                                                    "Actual Startup Time": 203.168,
                                                                    "Actual Total Time": 203.169,
                                                                    "Actual Rows": 243494,
                                                                    "Actual Loops": 1
                                                                },
                                                                {
                                                                    "Worker Number": 1,
                                                                    "Actual Startup Time": 203.315,
                                                                    "Actual Total Time": 203.317,
                                                                    "Actual Rows": 246264,
                                                                    "Actual Loops": 1
                                                                },
                                                                {
                                                                    "Worker Number": 2,
                                                                    "Actual Startup Time": 203.796,
                                                                    "Actual Total Time": 203.797,
                                                                    "Actual Rows": 245823,
                                                                    "Actual Loops": 1
                                                                }
                                                            ],
                                                            "Plans": [
                                                                {
                                                                    "Node Type": "Seq Scan",
                                                                    "Parent Relationship": "Outer",
                                                                    "Parallel Aware": true,
                                                                    "Relation Name": "title",
                                                                    "Schema": "public",
                                                                    "Alias": "t",
                                                                    "Startup Cost": 0.0,
                                                                    "Total Cost": 43899.01,
                                                                    "Plan Rows": 268336,
                                                                    "Plan Width": 4,
                                                                    "Actual Startup Time": 0.06,
                                                                    "Actual Total Time": 96.028,
                                                                    "Actual Rows": 268691,
                                                                    "Actual Loops": 4,
                                                                    "Output": [
                                                                        "t.id"
                                                                    ],
                                                                    "Filter": "(t.production_year < 2001)",
                                                                    "Rows Removed by Filter": 363387,
                                                                    "Workers": [
                                                                        {
                                                                            "Worker Number": 0,
                                                                            "Actual Startup Time": 0.066,
                                                                            "Actual Total Time": 98.183,
                                                                            "Actual Rows": 243494,
                                                                            "Actual Loops": 1
                                                                        },
                                                                        {
                                                                            "Worker Number": 1,
                                                                            "Actual Startup Time": 0.066,
                                                                            "Actual Total Time": 98.099,
                                                                            "Actual Rows": 246264,
                                                                            "Actual Loops": 1
                                                                        },
                                                                        {
                                                                            "Worker Number": 2,
                                                                            "Actual Startup Time": 0.096,
                                                                            "Actual Total Time": 98.023,
                                                                            "Actual Rows": 245823,
                                                                            "Actual Loops": 1
                                                                        }
                                                                    ]
                                                                }
                                                            ]
                                                        }
                                                    ]
                                                }
                                            ]
                                        }
                                    ]
                                }
                            ]
                        }
                    ]
                }
            ]
        },
        "Planning Time": 196.752,
        "Triggers": [],
        "Execution Time": 614.738
    }
]