{
    "Plan": {
        "Node Type": "Aggregate",
        "Strategy": "Plain",
        "Partial Mode": "Simple",
        "Parallel Aware": false,
        "Startup Cost": 10001005231.74,
        "Total Cost": 10001005231.75,
        "Plan Rows": 1,
        "Plan Width": 96,
        "Actual Startup Time": 3973.831,
        "Actual Total Time": 3974.334,
        "Actual Rows": 1,
        "Actual Loops": 1,
        "Output": [
            "min(k.keyword)",
            "min(n.name)",
            "min(t.title)"
        ],
        "Plans": [
            {
                "Node Type": "Nested Loop",
                "Parent Relationship": "Outer",
                "Parallel Aware": false,
                "Join Type": "Inner",
                "Startup Cost": 10000998875.94,
                "Total Cost": 10001005231.73,
                "Plan Rows": 1,
                "Plan Width": 48,
                "Actual Startup Time": 3894.296,
                "Actual Total Time": 3973.564,
                "Actual Rows": 1566,
                "Actual Loops": 1,
                "Output": [
                    "k.keyword",
                    "n.name",
                    "t.title"
                ],
                "Inner Unique": true,
                "Join Filter": "(mk.movie_id = t.id)",
                "Rows Removed by Join Filter": 0,
                "Plans": [
                    {
                        "Node Type": "Hash Join",
                        "Parent Relationship": "Outer",
                        "Parallel Aware": false,
                        "Join Type": "Inner",
                        "Startup Cost": 998875.5,
                        "Total Cost": 1005227.27,
                        "Plan Rows": 1,
                        "Plan Width": 39,
                        "Actual Startup Time": 3894.249,
                        "Actual Total Time": 3954.856,
                        "Actual Rows": 2599,
                        "Actual Loops": 1,
                        "Output": [
                            "ci.movie_id",
                            "mk.movie_id",
                            "k.keyword",
                            "n.name"
                        ],
                        "Inner Unique": false,
                        "Hash Cond": "(k.id = mk.keyword_id)",
                        "Plans": [
                            {
                                "Node Type": "Index Scan",
                                "Parent Relationship": "Outer",
                                "Parallel Aware": false,
                                "Scan Direction": "Forward",
                                "Index Name": "keyword_pkey",
                                "Relation Name": "keyword",
                                "Schema": "public",
                                "Alias": "k",
                                "Startup Cost": 0.42,
                                "Total Cost": 6349.2,
                                "Plan Rows": 8,
                                "Plan Width": 20,
                                "Actual Startup Time": 0.688,
                                "Actual Total Time": 59.893,
                                "Actual Rows": 5,
                                "Actual Loops": 1,
                                "Output": [
                                    "k.id",
                                    "k.keyword",
                                    "k.phonetic_code"
                                ],
                                "Filter": "(k.keyword = ANY ('{web,sequel,computer-animated-movie,superhero,superhero,sequel,hand-to-hand-combat,marvel-comics}'::text[]))",
                                "Rows Removed by Filter": 134165
                            },
                            {
                                "Node Type": "Hash",
                                "Parent Relationship": "Inner",
                                "Parallel Aware": false,
                                "Startup Cost": 998657.7,
                                "Total Cost": 998657.7,
                                "Plan Rows": 17390,
                                "Plan Width": 27,
                                "Actual Startup Time": 3893.3,
                                "Actual Total Time": 3893.798,
                                "Actual Rows": 974696,
                                "Actual Loops": 1,
                                "Output": [
                                    "ci.movie_id",
                                    "mk.keyword_id",
                                    "mk.movie_id",
                                    "n.name"
                                ],
                                "Hash Buckets": 1048576,
                                "Original Hash Buckets": 32768,
                                "Hash Batches": 1,
                                "Original Hash Batches": 1,
                                "Peak Memory Usage": 64510,
                                "Plans": [
                                    {
                                        "Node Type": "Merge Join",
                                        "Parent Relationship": "Outer",
                                        "Parallel Aware": false,
                                        "Join Type": "Inner",
                                        "Startup Cost": 975777.26,
                                        "Total Cost": 998657.7,
                                        "Plan Rows": 17390,
                                        "Plan Width": 27,
                                        "Actual Startup Time": 3064.55,
                                        "Actual Total Time": 3716.55,
                                        "Actual Rows": 974696,
                                        "Actual Loops": 1,
                                        "Output": [
                                            "ci.movie_id",
                                            "mk.keyword_id",
                                            "mk.movie_id",
                                            "n.name"
                                        ],
                                        "Inner Unique": false,
                                        "Merge Cond": "(mk.movie_id = ci.movie_id)",
                                        "Plans": [
                                            {
                                                "Node Type": "Sort",
                                                "Parent Relationship": "Outer",
                                                "Parallel Aware": false,
                                                "Startup Cost": 569794.43,
                                                "Total Cost": 581104.25,
                                                "Plan Rows": 4523930,
                                                "Plan Width": 8,
                                                "Actual Startup Time": 1318.186,
                                                "Actual Total Time": 1524.974,
                                                "Actual Rows": 4523914,
                                                "Actual Loops": 1,
                                                "Output": [
                                                    "mk.keyword_id",
                                                    "mk.movie_id"
                                                ],
                                                "Sort Key": [
                                                    "mk.movie_id"
                                                ],
                                                "Sort Method": "quicksort",
                                                "Sort Space Used": 408668,
                                                "Sort Space Type": "Memory",
                                                "Plans": [
                                                    {
                                                        "Node Type": "Seq Scan",
                                                        "Parent Relationship": "Outer",
                                                        "Parallel Aware": false,
                                                        "Relation Name": "movie_keyword",
                                                        "Schema": "public",
                                                        "Alias": "mk",
                                                        "Startup Cost": 0.0,
                                                        "Total Cost": 69693.3,
                                                        "Plan Rows": 4523930,
                                                        "Plan Width": 8,
                                                        "Actual Startup Time": 0.024,
                                                        "Actual Total Time": 459.111,
                                                        "Actual Rows": 4523930,
                                                        "Actual Loops": 1,
                                                        "Output": [
                                                            "mk.keyword_id",
                                                            "mk.movie_id"
                                                        ]
                                                    }
                                                ]
                                            },
                                            {
                                                "Node Type": "Sort",
                                                "Parent Relationship": "Inner",
                                                "Parallel Aware": false,
                                                "Startup Cost": 405982.82,
                                                "Total Cost": 405991.88,
                                                "Plan Rows": 3627,
                                                "Plan Width": 19,
                                                "Actual Startup Time": 1746.35,
                                                "Actual Total Time": 1803.879,
                                                "Actual Rows": 1065779,
                                                "Actual Loops": 1,
                                                "Output": [
                                                    "ci.movie_id",
                                                    "n.name"
                                                ],
                                                "Sort Key": [
                                                    "ci.movie_id"
                                                ],
                                                "Sort Method": "quicksort",
                                                "Sort Space Used": 15860,
                                                "Sort Space Type": "Memory",
                                                "Plans": [
                                                    {
                                                        "Node Type": "Gather",
                                                        "Parent Relationship": "Outer",
                                                        "Parallel Aware": false,
                                                        "Startup Cost": 69637.89,
                                                        "Total Cost": 405768.38,
                                                        "Plan Rows": 3627,
                                                        "Plan Width": 19,
                                                        "Actual Startup Time": 223.432,
                                                        "Actual Total Time": 1716.43,
                                                        "Actual Rows": 135548,
                                                        "Actual Loops": 1,
                                                        "Output": [
                                                            "ci.movie_id",
                                                            "n.name"
                                                        ],
                                                        "Workers Planned": 6,
                                                        "Workers Launched": 6,
                                                        "Single Copy": false,
                                                        "Plans": [
                                                            {
                                                                "Node Type": "Hash Join",
                                                                "Parent Relationship": "Outer",
                                                                "Parallel Aware": true,
                                                                "Join Type": "Inner",
                                                                "Startup Cost": 68637.89,
                                                                "Total Cost": 404405.68,
                                                                "Plan Rows": 604,
                                                                "Plan Width": 19,
                                                                "Actual Startup Time": 234.42,
                                                                "Actual Total Time": 1705.931,
                                                                "Actual Rows": 19364,
                                                                "Actual Loops": 7,
                                                                "Output": [
                                                                    "ci.movie_id",
                                                                    "n.name"
                                                                ],
                                                                "Inner Unique": false,
                                                                "Hash Cond": "(ci.person_id = n.id)",
                                                                "Workers": [
                                                                    {
                                                                        "Worker Number": 0,
                                                                        "Actual Startup Time": 266.654,
                                                                        "Actual Total Time": 1703.308,
                                                                        "Actual Rows": 22837,
                                                                        "Actual Loops": 1
                                                                    },
                                                                    {
                                                                        "Worker Number": 1,
                                                                        "Actual Startup Time": 260.346,
                                                                        "Actual Total Time": 1703.516,
                                                                        "Actual Rows": 21546,
                                                                        "Actual Loops": 1
                                                                    },
                                                                    {
                                                                        "Worker Number": 2,
                                                                        "Actual Startup Time": 210.953,
                                                                        "Actual Total Time": 1707.649,
                                                                        "Actual Rows": 23724,
                                                                        "Actual Loops": 1
                                                                    },
                                                                    {
                                                                        "Worker Number": 3,
                                                                        "Actual Startup Time": 240.823,
                                                                        "Actual Total Time": 1707.743,
                                                                        "Actual Rows": 20192,
                                                                        "Actual Loops": 1
                                                                    },
                                                                    {
                                                                        "Worker Number": 4,
                                                                        "Actual Startup Time": 222.543,
                                                                        "Actual Total Time": 1708.723,
                                                                        "Actual Rows": 22140,
                                                                        "Actual Loops": 1
                                                                    },
                                                                    {
                                                                        "Worker Number": 5,
                                                                        "Actual Startup Time": 216.634,
                                                                        "Actual Total Time": 1708.93,
                                                                        "Actual Rows": 22133,
                                                                        "Actual Loops": 1
                                                                    }
                                                                ],
                                                                "Plans": [
                                                                    {
                                                                        "Node Type": "Seq Scan",
                                                                        "Parent Relationship": "Outer",
                                                                        "Parallel Aware": true,
                                                                        "Relation Name": "cast_info",
                                                                        "Schema": "public",
                                                                        "Alias": "ci",
                                                                        "Startup Cost": 0.0,
                                                                        "Total Cost": 313108.29,
                                                                        "Plan Rows": 6042129,
                                                                        "Plan Width": 8,
                                                                        "Actual Startup Time": 0.046,
                                                                        "Actual Total Time": 910.669,
                                                                        "Actual Rows": 5177763,
                                                                        "Actual Loops": 7,
                                                                        "Output": [
                                                                            "ci.id",
                                                                            "ci.person_id",
                                                                            "ci.movie_id",
                                                                            "ci.person_role_id",
                                                                            "ci.note",
                                                                            "ci.nr_order",
                                                                            "ci.role_id"
                                                                        ],
                                                                        "Workers": [
                                                                            {
                                                                                "Worker Number": 0,
                                                                                "Actual Startup Time": 0.059,
                                                                                "Actual Total Time": 904.024,
                                                                                "Actual Rows": 4680670,
                                                                                "Actual Loops": 1
                                                                            },
                                                                            {
                                                                                "Worker Number": 1,
                                                                                "Actual Startup Time": 0.031,
                                                                                "Actual Total Time": 908.728,
                                                                                "Actual Rows": 4894074,
                                                                                "Actual Loops": 1
                                                                            },
                                                                            {
                                                                                "Worker Number": 2,
                                                                                "Actual Startup Time": 0.039,
                                                                                "Actual Total Time": 940.436,
                                                                                "Actual Rows": 5497271,
                                                                                "Actual Loops": 1
                                                                            },
                                                                            {
                                                                                "Worker Number": 3,
                                                                                "Actual Startup Time": 0.061,
                                                                                "Actual Total Time": 947.807,
                                                                                "Actual Rows": 4489430,
                                                                                "Actual Loops": 1
                                                                            },
                                                                            {
                                                                                "Worker Number": 4,
                                                                                "Actual Startup Time": 0.048,
                                                                                "Actual Total Time": 902.506,
                                                                                "Actual Rows": 4706459,
                                                                                "Actual Loops": 1
                                                                            },
                                                                            {
                                                                                "Worker Number": 5,
                                                                                "Actual Startup Time": 0.053,
                                                                                "Actual Total Time": 907.401,
                                                                                "Actual Rows": 4840230,
                                                                                "Actual Loops": 1
                                                                            }
                                                                        ]
                                                                    },
                                                                    {
                                                                        "Node Type": "Hash",
                                                                        "Parent Relationship": "Inner",
                                                                        "Parallel Aware": true,
                                                                        "Startup Cost": 68636.59,
                                                                        "Total Cost": 68636.59,
                                                                        "Plan Rows": 104,
                                                                        "Plan Width": 19,
                                                                        "Actual Startup Time": 210.016,
                                                                        "Actual Total Time": 210.017,
                                                                        "Actual Rows": 2422,
                                                                        "Actual Loops": 7,
                                                                        "Output": [
                                                                            "n.name",
                                                                            "n.id"
                                                                        ],
                                                                        "Hash Buckets": 16384,
                                                                        "Original Hash Buckets": 1024,
                                                                        "Hash Batches": 1,
                                                                        "Original Hash Batches": 1,
                                                                        "Peak Memory Usage": 1336,
                                                                        "Workers": [
                                                                            {
                                                                                "Worker Number": 0,
                                                                                "Actual Startup Time": 204.547,
                                                                                "Actual Total Time": 204.548,
                                                                                "Actual Rows": 1903,
                                                                                "Actual Loops": 1
                                                                            },
                                                                            {
                                                                                "Worker Number": 1,
                                                                                "Actual Startup Time": 204.507,
                                                                                "Actual Total Time": 204.508,
                                                                                "Actual Rows": 1817,
                                                                                "Actual Loops": 1
                                                                            },
                                                                            {
                                                                                "Worker Number": 2,
                                                                                "Actual Startup Time": 209.848,
                                                                                "Actual Total Time": 209.849,
                                                                                "Actual Rows": 2651,
                                                                                "Actual Loops": 1
                                                                            },
                                                                            {
                                                                                "Worker Number": 3,
                                                                                "Actual Startup Time": 209.57,
                                                                                "Actual Total Time": 209.571,
                                                                                "Actual Rows": 1839,
                                                                                "Actual Loops": 1
                                                                            },
                                                                            {
                                                                                "Worker Number": 4,
                                                                                "Actual Startup Time": 210.098,
                                                                                "Actual Total Time": 210.099,
                                                                                "Actual Rows": 2494,
                                                                                "Actual Loops": 1
                                                                            },
                                                                            {
                                                                                "Worker Number": 5,
                                                                                "Actual Startup Time": 210.58,
                                                                                "Actual Total Time": 210.581,
                                                                                "Actual Rows": 1961,
                                                                                "Actual Loops": 1
                                                                            }
                                                                        ],
                                                                        "Plans": [
                                                                            {
                                                                                "Node Type": "Seq Scan",
                                                                                "Parent Relationship": "Outer",
                                                                                "Parallel Aware": true,
                                                                                "Relation Name": "name",
                                                                                "Schema": "public",
                                                                                "Alias": "n",
                                                                                "Startup Cost": 0.0,
                                                                                "Total Cost": 68636.59,
                                                                                "Plan Rows": 104,
                                                                                "Plan Width": 19,
                                                                                "Actual Startup Time": 4.145,
                                                                                "Actual Total Time": 205.067,
                                                                                "Actual Rows": 2422,
                                                                                "Actual Loops": 7,
                                                                                "Output": [
                                                                                    "n.name",
                                                                                    "n.id"
                                                                                ],
                                                                                "Filter": "(n.name ~~ '%Smith,%'::text)",
                                                                                "Rows Removed by Filter": 592933,
                                                                                "Workers": [
                                                                                    {
                                                                                        "Worker Number": 0,
                                                                                        "Actual Startup Time": 5.158,
                                                                                        "Actual Total Time": 199.451,
                                                                                        "Actual Rows": 1903,
                                                                                        "Actual Loops": 1
                                                                                    },
                                                                                    {
                                                                                        "Worker Number": 1,
                                                                                        "Actual Startup Time": 7.807,
                                                                                        "Actual Total Time": 199.443,
                                                                                        "Actual Rows": 1817,
                                                                                        "Actual Loops": 1
                                                                                    },
                                                                                    {
                                                                                        "Worker Number": 2,
                                                                                        "Actual Startup Time": 4.367,
                                                                                        "Actual Total Time": 205.273,
                                                                                        "Actual Rows": 2651,
                                                                                        "Actual Loops": 1
                                                                                    },
                                                                                    {
                                                                                        "Worker Number": 3,
                                                                                        "Actual Startup Time": 4.278,
                                                                                        "Actual Total Time": 204.172,
                                                                                        "Actual Rows": 1839,
                                                                                        "Actual Loops": 1
                                                                                    },
                                                                                    {
                                                                                        "Worker Number": 4,
                                                                                        "Actual Startup Time": 5.579,
                                                                                        "Actual Total Time": 205.292,
                                                                                        "Actual Rows": 2494,
                                                                                        "Actual Loops": 1
                                                                                    },
                                                                                    {
                                                                                        "Worker Number": 5,
                                                                                        "Actual Startup Time": 1.588,
                                                                                        "Actual Total Time": 205.625,
                                                                                        "Actual Rows": 1961,
                                                                                        "Actual Loops": 1
                                                                                    }
                                                                                ]
                                                                            }
                                                                        ]
                                                                    }
                                                                ]
                                                            }
                                                        ]
                                                    }
                                                ]
                                            }
                                        ]
                                    }
                                ]
                            }
                        ]
                    },
                    {
                        "Node Type": "Bitmap Heap Scan",
                        "Parent Relationship": "Inner",
                        "Parallel Aware": false,
                        "Relation Name": "title",
                        "Schema": "public",
                        "Alias": "t",
                        "Startup Cost": 0.44,
                        "Total Cost": 4.45,
                        "Plan Rows": 1,
                        "Plan Width": 21,
                        "Actual Startup Time": 0.005,
                        "Actual Total Time": 0.005,
                        "Actual Rows": 1,
                        "Actual Loops": 2599,
                        "Output": [
                            "t.id",
                            "t.title",
                            "t.imdb_index",
                            "t.kind_id",
                            "t.production_year",
                            "t.imdb_id",
                            "t.phonetic_code",
                            "t.episode_of_id",
                            "t.season_nr",
                            "t.episode_nr",
                            "t.series_years",
                            "t.md5sum"
                        ],
                        "Recheck Cond": "(t.id = ci.movie_id)",
                        "Rows Removed by Index Recheck": 0,
                        "Filter": "(t.production_year > 1996)",
                        "Rows Removed by Filter": 0,
                        "Exact Heap Blocks": 2599,
                        "Lossy Heap Blocks": 0,
                        "Plans": [
                            {
                                "Node Type": "Bitmap Index Scan",
                                "Parent Relationship": "Outer",
                                "Parallel Aware": false,
                                "Index Name": "title_pkey",
                                "Startup Cost": 0.0,
                                "Total Cost": 0.44,
                                "Plan Rows": 1,
                                "Plan Width": 0,
                                "Actual Startup Time": 0.003,
                                "Actual Total Time": 0.003,
                                "Actual Rows": 1,
                                "Actual Loops": 2599,
                                "Index Cond": "(t.id = ci.movie_id)"
                            }
                        ]
                    }
                ]
            }
        ]
    },
    "Planning Time": 1.823,
    "Triggers": [],
    "Execution Time": 3975.076
}