[
  {
    "Plan": {
      "Node Type": "Aggregate",
      "Strategy": "Plain",
      "Partial Mode": "Finalize",
      "Parallel Aware": false,
      "Startup Cost": 345844.68,
      "Total Cost": 345844.69,
      "Plan Rows": 1,
      "Plan Width": 8,
      "Actual Startup Time": 609.034,
      "Actual Total Time": 661.886,
      "Actual Rows": 1,
      "Actual Loops": 1,
      "Plans": [
        {
          "Node Type": "Gather",
          "Parent Relationship": "Outer",
          "Parallel Aware": false,
          "Startup Cost": 345844.05,
          "Total Cost": 345844.66,
          "Plan Rows": 6,
          "Plan Width": 8,
          "Actual Startup Time": 608.922,
          "Actual Total Time": 661.877,
          "Actual Rows": 7,
          "Actual Loops": 1,
          "Workers Planned": 6,
          "Workers Launched": 6,
          "Single Copy": false,
          "Plans": [
            {
              "Node Type": "Aggregate",
              "Strategy": "Plain",
              "Partial Mode": "Partial",
              "Parent Relationship": "Outer",
              "Parallel Aware": false,
              "Startup Cost": 344844.05,
              "Total Cost": 344844.06,
              "Plan Rows": 1,
              "Plan Width": 8,
              "Actual Startup Time": 600.581,
              "Actual Total Time": 600.582,
              "Actual Rows": 1,
              "Actual Loops": 7,
              "Plans": [
                {
                  "Node Type": "Seq Scan",
                  "Parent Relationship": "Outer",
                  "Parallel Aware": true,
                  "Relation Name": "cast_info",
                  "Alias": "ci",
                  "Startup Cost": 0.0,
                  "Total Cost": 343257.03,
                  "Plan Rows": 634809,
                  "Plan Width": 0,
                  "Actual Startup Time": 217.677,
                  "Actual Total Time": 590.669,
                  "Actual Rows": 235811,
                  "Actual Loops": 7,
                  "Filter": "((person_id < 576792) AND (role_id > 1))",
                  "Rows Removed by Filter": 4941953
                }
              ]
            }
          ]
        }
      ]
    },
    "Planning Time": 0.103,
    "Triggers": [],
    "Execution Time": 661.931
  }
]