[
  {
    "Plan": {
      "Node Type": "Aggregate",
      "Strategy": "Plain",
      "Partial Mode": "Simple",
      "Parallel Aware": false,
      "Startup Cost": 3043.5,
      "Total Cost": 3043.51,
      "Plan Rows": 1,
      "Plan Width": 8,
      "Actual Startup Time": 21.321,
      "Actual Total Time": 21.325,
      "Actual Rows": 1,
      "Actual Loops": 1,
      "Plans": [
        {
          "Node Type": "Nested Loop",
          "Parent Relationship": "Outer",
          "Parallel Aware": false,
          "Join Type": "Inner",
          "Startup Cost": 7.22,
          "Total Cost": 3043.44,
          "Plan Rows": 24,
          "Plan Width": 0,
          "Actual Startup Time": 11.918,
          "Actual Total Time": 20.987,
          "Actual Rows": 1841,
          "Actual Loops": 1,
          "Inner Unique": false,
          "Plans": [
            {
              "Node Type": "Nested Loop",
              "Parent Relationship": "Outer",
              "Parallel Aware": false,
              "Join Type": "Inner",
              "Startup Cost": 6.79,
              "Total Cost": 3019.22,
              "Plan Rows": 23,
              "Plan Width": 8,
              "Actual Startup Time": 11.895,
              "Actual Total Time": 16.813,
              "Actual Rows": 230,
              "Actual Loops": 1,
              "Inner Unique": true,
              "Plans": [
                {
                  "Node Type": "Bitmap Heap Scan",
                  "Parent Relationship": "Outer",
                  "Parallel Aware": false,
                  "Relation Name": "movie_keyword",
                  "Alias": "mk",
                  "Startup Cost": 6.36,
                  "Total Cost": 926.55,
                  "Plan Rows": 249,
                  "Plan Width": 4,
                  "Actual Startup Time": 11.857,
                  "Actual Total Time": 13.083,
                  "Actual Rows": 381,
                  "Actual Loops": 1,
                  "Recheck Cond": "(keyword_id = 6502)",
                  "Rows Removed by Index Recheck": 0,
                  "Exact Heap Blocks": 370,
                  "Lossy Heap Blocks": 0,
                  "Plans": [
                    {
                      "Node Type": "Bitmap Index Scan",
                      "Parent Relationship": "Outer",
                      "Parallel Aware": false,
                      "Index Name": "keyword_id_movie_keyword",
                      "Startup Cost": 0.0,
                      "Total Cost": 6.3,
                      "Plan Rows": 249,
                      "Plan Width": 0,
                      "Actual Startup Time": 11.725,
                      "Actual Total Time": 11.726,
                      "Actual Rows": 381,
                      "Actual Loops": 1,
                      "Index Cond": "(keyword_id = 6502)"
                    }
                  ]
                },
                {
                  "Node Type": "Index Scan",
                  "Parent Relationship": "Inner",
                  "Parallel Aware": false,
                  "Scan Direction": "Forward",
                  "Index Name": "title_pkey",
                  "Relation Name": "title",
                  "Alias": "t",
                  "Startup Cost": 0.43,
                  "Total Cost": 8.4,
                  "Plan Rows": 1,
                  "Plan Width": 4,
                  "Actual Startup Time": 0.009,
                  "Actual Total Time": 0.009,
                  "Actual Rows": 1,
                  "Actual Loops": 381,
                  "Index Cond": "(id = mk.movie_id)",
                  "Rows Removed by Index Recheck": 0,
                  "Filter": "((kind_id < 4) AND (production_year < 1991))",
                  "Rows Removed by Filter": 0
                }
              ]
            },
            {
              "Node Type": "Index Only Scan",
              "Parent Relationship": "Inner",
              "Parallel Aware": false,
              "Scan Direction": "Forward",
              "Index Name": "movie_id_movie_companies",
              "Relation Name": "movie_companies",
              "Alias": "mc",
              "Startup Cost": 0.43,
              "Total Cost": 1.0,
              "Plan Rows": 5,
              "Plan Width": 4,
              "Actual Startup Time": 0.009,
              "Actual Total Time": 0.015,
              "Actual Rows": 8,
              "Actual Loops": 230,
              "Index Cond": "(movie_id = t.id)",
              "Rows Removed by Index Recheck": 0,
              "Heap Fetches": 1841
            }
          ]
        }
      ]
    },
    "Planning Time": 0.949,
    "Triggers": [],
    "Execution Time": 21.392
  }
]