[
  {
    "Plan": {
      "Node Type": "Aggregate",
      "Strategy": "Plain",
      "Partial Mode": "Finalize",
      "Parallel Aware": false,
      "Startup Cost": 104592.11,
      "Total Cost": 104592.12,
      "Plan Rows": 1,
      "Plan Width": 8,
      "Actual Startup Time": 831.458,
      "Actual Total Time": 853.252,
      "Actual Rows": 1,
      "Actual Loops": 1,
      "Plans": [
        {
          "Node Type": "Gather",
          "Parent Relationship": "Outer",
          "Parallel Aware": false,
          "Startup Cost": 104591.89,
          "Total Cost": 104592.1,
          "Plan Rows": 2,
          "Plan Width": 8,
          "Actual Startup Time": 819.338,
          "Actual Total Time": 853.242,
          "Actual Rows": 3,
          "Actual Loops": 1,
          "Workers Planned": 2,
          "Workers Launched": 2,
          "Single Copy": false,
          "Plans": [
            {
              "Node Type": "Aggregate",
              "Strategy": "Plain",
              "Partial Mode": "Partial",
              "Parent Relationship": "Outer",
              "Parallel Aware": false,
              "Startup Cost": 103591.89,
              "Total Cost": 103591.9,
              "Plan Rows": 1,
              "Plan Width": 8,
              "Actual Startup Time": 814.483,
              "Actual Total Time": 815.191,
              "Actual Rows": 1,
              "Actual Loops": 3,
              "Plans": [
                {
                  "Node Type": "Hash Join",
                  "Parent Relationship": "Outer",
                  "Parallel Aware": true,
                  "Join Type": "Inner",
                  "Startup Cost": 86572.21,
                  "Total Cost": 103077.46,
                  "Plan Rows": 205774,
                  "Plan Width": 0,
                  "Actual Startup Time": 677.835,
                  "Actual Total Time": 802.819,
                  "Actual Rows": 298218,
                  "Actual Loops": 3,
                  "Inner Unique": false,
                  "Hash Cond": "(mi_idx.movie_id = t.id)",
                  "Plans": [
                    {
                      "Node Type": "Seq Scan",
                      "Parent Relationship": "Outer",
                      "Parallel Aware": true,
                      "Relation Name": "movie_info_idx",
                      "Alias": "mi_idx",
                      "Startup Cost": 0.0,
                      "Total Cost": 13685.15,
                      "Plan Rows": 575015,
                      "Plan Width": 4,
                      "Actual Startup Time": 0.025,
                      "Actual Total Time": 38.503,
                      "Actual Rows": 460012,
                      "Actual Loops": 3
                    },
                    {
                      "Node Type": "Hash",
                      "Parent Relationship": "Inner",
                      "Parallel Aware": true,
                      "Startup Cost": 82923.75,
                      "Total Cost": 82923.75,
                      "Plan Rows": 291877,
                      "Plan Width": 8,
                      "Actual Startup Time": 673.084,
                      "Actual Total Time": 673.79,
                      "Actual Rows": 206043,
                      "Actual Loops": 3,
                      "Hash Buckets": 1048576,
                      "Original Hash Buckets": 1048576,
                      "Hash Batches": 1,
                      "Original Hash Batches": 1,
                      "Peak Memory Usage": 32448,
                      "Plans": [
                        {
                          "Node Type": "Hash Join",
                          "Parent Relationship": "Outer",
                          "Parallel Aware": true,
                          "Join Type": "Inner",
                          "Startup Cost": 50606.32,
                          "Total Cost": 82923.75,
                          "Plan Rows": 291877,
                          "Plan Width": 8,
                          "Actual Startup Time": 448.234,
                          "Actual Total Time": 605.686,
                          "Actual Rows": 206043,
                          "Actual Loops": 3,
                          "Inner Unique": true,
                          "Hash Cond": "(mc.movie_id = t.id)",
                          "Plans": [
                            {
                              "Node Type": "Seq Scan",
                              "Parent Relationship": "Outer",
                              "Parallel Aware": true,
                              "Relation Name": "movie_companies",
                              "Alias": "mc",
                              "Startup Cost": 0.0,
                              "Total Cost": 31414.82,
                              "Plan Rows": 343852,
                              "Plan Width": 4,
                              "Actual Startup Time": 38.121,
                              "Actual Total Time": 85.765,
                              "Actual Rows": 271145,
                              "Actual Loops": 3,
                              "Filter": "((company_id < 73263) AND (company_type_id > 1))",
                              "Rows Removed by Filter": 598565
                            },
                            {
                              "Node Type": "Hash",
                              "Parent Relationship": "Inner",
                              "Parallel Aware": true,
                              "Startup Cost": 43899.32,
                              "Total Cost": 43899.32,
                              "Plan Rows": 536560,
                              "Plan Width": 4,
                              "Actual Startup Time": 400.239,
                              "Actual Total Time": 400.24,
                              "Actual Rows": 710991,
                              "Actual Loops": 3,
                              "Hash Buckets": 4194304,
                              "Original Hash Buckets": 4194304,
                              "Hash Batches": 1,
                              "Original Hash Batches": 1,
                              "Peak Memory Usage": 116224,
                              "Plans": [
                                {
                                  "Node Type": "Seq Scan",
                                  "Parent Relationship": "Outer",
                                  "Parallel Aware": true,
                                  "Relation Name": "title",
                                  "Alias": "t",
                                  "Startup Cost": 0.0,
                                  "Total Cost": 43899.32,
                                  "Plan Rows": 536560,
                                  "Plan Width": 4,
                                  "Actual Startup Time": 0.046,
                                  "Actual Total Time": 136.128,
                                  "Actual Rows": 710991,
                                  "Actual Loops": 3,
                                  "Filter": "(production_year > 1966)",
                                  "Rows Removed by Filter": 131780
                                }
                              ]
                            }
                          ]
                        }
                      ]
                    }
                  ]
                }
              ]
            }
          ]
        }
      ]
    },
    "Planning Time": 1.063,
    "Triggers": [],
    "Execution Time": 853.31
  }
]