[
    {
        "Bao": {
            "Bao prediction": "NaN",
            "Bao recommended hint": "(no hint)"
        }
    },
    {
        "Plan": {
            "Node Type": "Aggregate",
            "Strategy": "Plain",
            "Partial Mode": "Finalize",
            "Parallel Aware": false,
            "Startup Cost": 226558.88,
            "Total Cost": 226558.89,
            "Plan Rows": 1,
            "Plan Width": 8,
            "Actual Startup Time": 1924.809,
            "Actual Total Time": 1993.235,
            "Actual Rows": 1,
            "Actual Loops": 1,
            "Output": [
                "count(*)"
            ],
            "Plans": [
                {
                    "Node Type": "Gather",
                    "Parent Relationship": "Outer",
                    "Parallel Aware": false,
                    "Startup Cost": 226558.46,
                    "Total Cost": 226558.87,
                    "Plan Rows": 4,
                    "Plan Width": 8,
                    "Actual Startup Time": 1922.505,
                    "Actual Total Time": 1993.223,
                    "Actual Rows": 5,
                    "Actual Loops": 1,
                    "Output": [
                        "(PARTIAL count(*))"
                    ],
                    "Workers Planned": 4,
                    "Workers Launched": 4,
                    "Single Copy": false,
                    "Plans": [
                        {
                            "Node Type": "Aggregate",
                            "Strategy": "Plain",
                            "Partial Mode": "Partial",
                            "Parent Relationship": "Outer",
                            "Parallel Aware": false,
                            "Startup Cost": 225558.46,
                            "Total Cost": 225558.47,
                            "Plan Rows": 1,
                            "Plan Width": 8,
                            "Actual Startup Time": 1912.973,
                            "Actual Total Time": 1912.976,
                            "Actual Rows": 1,
                            "Actual Loops": 5,
                            "Output": [
                                "PARTIAL count(*)"
                            ],
                            "Workers": [
                                {
                                    "Worker Number": 0,
                                    "Actual Startup Time": 1910.6,
                                    "Actual Total Time": 1910.603,
                                    "Actual Rows": 1,
                                    "Actual Loops": 1
                                },
                                {
                                    "Worker Number": 1,
                                    "Actual Startup Time": 1910.662,
                                    "Actual Total Time": 1910.666,
                                    "Actual Rows": 1,
                                    "Actual Loops": 1
                                },
                                {
                                    "Worker Number": 2,
                                    "Actual Startup Time": 1910.626,
                                    "Actual Total Time": 1910.629,
                                    "Actual Rows": 1,
                                    "Actual Loops": 1
                                },
                                {
                                    "Worker Number": 3,
                                    "Actual Startup Time": 1910.898,
                                    "Actual Total Time": 1910.901,
                                    "Actual Rows": 1,
                                    "Actual Loops": 1
                                }
                            ],
                            "Plans": [
                                {
                                    "Node Type": "Nested Loop",
                                    "Parent Relationship": "Outer",
                                    "Parallel Aware": false,
                                    "Join Type": "Inner",
                                    "Startup Cost": 17512.67,
                                    "Total Cost": 225535.62,
                                    "Plan Rows": 9135,
                                    "Plan Width": 0,
                                    "Actual Startup Time": 787.154,
                                    "Actual Total Time": 1912.963,
                                    "Actual Rows": 3,
                                    "Actual Loops": 5,
                                    "Inner Unique": false,
                                    "Workers": [
                                        {
                                            "Worker Number": 0,
                                            "Actual Startup Time": 748.95,
                                            "Actual Total Time": 1910.592,
                                            "Actual Rows": 1,
                                            "Actual Loops": 1
                                        },
                                        {
                                            "Worker Number": 1,
                                            "Actual Startup Time": 1343.42,
                                            "Actual Total Time": 1910.653,
                                            "Actual Rows": 2,
                                            "Actual Loops": 1
                                        },
                                        {
                                            "Worker Number": 2,
                                            "Actual Startup Time": 231.834,
                                            "Actual Total Time": 1910.617,
                                            "Actual Rows": 2,
                                            "Actual Loops": 1
                                        },
                                        {
                                            "Worker Number": 3,
                                            "Actual Startup Time": 1441.587,
                                            "Actual Total Time": 1910.882,
                                            "Actual Rows": 6,
                                            "Actual Loops": 1
                                        }
                                    ],
                                    "Plans": [
                                        {
                                            "Node Type": "Hash Join",
                                            "Parent Relationship": "Outer",
                                            "Parallel Aware": true,
                                            "Join Type": "Inner",
                                            "Startup Cost": 17512.11,
                                            "Total Cost": 64580.26,
                                            "Plan Rows": 63985,
                                            "Plan Width": 8,
                                            "Actual Startup Time": 75.267,
                                            "Actual Total Time": 308.172,
                                            "Actual Rows": 42458,
                                            "Actual Loops": 5,
                                            "Output": [
                                                "t.id",
                                                "mi_idx.movie_id"
                                            ],
                                            "Inner Unique": false,
                                            "Hash Cond": "(t.id = mi_idx.movie_id)",
                                            "Workers": [
                                                {
                                                    "Worker Number": 0,
                                                    "Actual Startup Time": 72.896,
                                                    "Actual Total Time": 303.212,
                                                    "Actual Rows": 37636,
                                                    "Actual Loops": 1
                                                },
                                                {
                                                    "Worker Number": 1,
                                                    "Actual Startup Time": 72.973,
                                                    "Actual Total Time": 304.192,
                                                    "Actual Rows": 36565,
                                                    "Actual Loops": 1
                                                },
                                                {
                                                    "Worker Number": 2,
                                                    "Actual Startup Time": 73.007,
                                                    "Actual Total Time": 297.027,
                                                    "Actual Rows": 39737,
                                                    "Actual Loops": 1
                                                },
                                                {
                                                    "Worker Number": 3,
                                                    "Actual Startup Time": 73.077,
                                                    "Actual Total Time": 302.484,
                                                    "Actual Rows": 38364,
                                                    "Actual Loops": 1
                                                }
                                            ],
                                            "Plans": [
                                                {
                                                    "Node Type": "Seq Scan",
                                                    "Parent Relationship": "Outer",
                                                    "Parallel Aware": true,
                                                    "Relation Name": "title",
                                                    "Schema": "public",
                                                    "Alias": "t",
                                                    "Startup Cost": 0.0,
                                                    "Total Cost": 45479.21,
                                                    "Plan Rows": 352626,
                                                    "Plan Width": 4,
                                                    "Actual Startup Time": 0.016,
                                                    "Actual Total Time": 91.372,
                                                    "Actual Rows": 279744,
                                                    "Actual Loops": 5,
                                                    "Output": [
                                                        "t.id",
                                                        "t.title",
                                                        "t.imdb_index",
                                                        "t.kind_id",
                                                        "t.production_year",
                                                        "t.imdb_id",
                                                        "t.phonetic_code",
                                                        "t.episode_of_id",
                                                        "t.season_nr",
                                                        "t.episode_nr",
                                                        "t.series_years",
                                                        "t.md5sum"
                                                    ],
                                                    "Filter": "((t.kind_id > 1) AND (t.production_year < 2010))",
                                                    "Rows Removed by Filter": 225918,
                                                    "Workers": [
                                                        {
                                                            "Worker Number": 0,
                                                            "Actual Startup Time": 0.015,
                                                            "Actual Total Time": 96.054,
                                                            "Actual Rows": 246086,
                                                            "Actual Loops": 1
                                                        },
                                                        {
                                                            "Worker Number": 1,
                                                            "Actual Startup Time": 0.015,
                                                            "Actual Total Time": 95.861,
                                                            "Actual Rows": 243693,
                                                            "Actual Loops": 1
                                                        },
                                                        {
                                                            "Worker Number": 2,
                                                            "Actual Startup Time": 0.019,
                                                            "Actual Total Time": 91.199,
                                                            "Actual Rows": 252493,
                                                            "Actual Loops": 1
                                                        },
                                                        {
                                                            "Worker Number": 3,
                                                            "Actual Startup Time": 0.026,
                                                            "Actual Total Time": 94.453,
                                                            "Actual Rows": 250179,
                                                            "Actual Loops": 1
                                                        }
                                                    ]
                                                },
                                                {
                                                    "Node Type": "Hash",
                                                    "Parent Relationship": "Inner",
                                                    "Parallel Aware": true,
                                                    "Startup Cost": 15122.68,
                                                    "Total Cost": 15122.68,
                                                    "Plan Rows": 191154,
                                                    "Plan Width": 4,
                                                    "Actual Startup Time": 73.599,
                                                    "Actual Total Time": 73.6,
                                                    "Actual Rows": 91985,
                                                    "Actual Loops": 5,
                                                    "Output": [
                                                        "mi_idx.movie_id"
                                                    ],
                                                    "Hash Buckets": 524288,
                                                    "Original Hash Buckets": 524288,
                                                    "Hash Batches": 1,
                                                    "Original Hash Batches": 1,
                                                    "Peak Memory Usage": 22176,
                                                    "Workers": [
                                                        {
                                                            "Worker Number": 0,
                                                            "Actual Startup Time": 72.469,
                                                            "Actual Total Time": 72.47,
                                                            "Actual Rows": 82911,
                                                            "Actual Loops": 1
                                                        },
                                                        {
                                                            "Worker Number": 1,
                                                            "Actual Startup Time": 72.564,
                                                            "Actual Total Time": 72.565,
                                                            "Actual Rows": 81345,
                                                            "Actual Loops": 1
                                                        },
                                                        {
                                                            "Worker Number": 2,
                                                            "Actual Startup Time": 72.47,
                                                            "Actual Total Time": 72.471,
                                                            "Actual Rows": 76423,
                                                            "Actual Loops": 1
                                                        },
                                                        {
                                                            "Worker Number": 3,
                                                            "Actual Startup Time": 72.457,
                                                            "Actual Total Time": 72.458,
                                                            "Actual Rows": 74143,
                                                            "Actual Loops": 1
                                                        }
                                                    ],
                                                    "Plans": [
                                                        {
                                                            "Node Type": "Seq Scan",
                                                            "Parent Relationship": "Outer",
                                                            "Parallel Aware": true,
                                                            "Relation Name": "movie_info_idx",
                                                            "Schema": "public",
                                                            "Alias": "mi_idx",
                                                            "Startup Cost": 0.0,
                                                            "Total Cost": 15122.68,
                                                            "Plan Rows": 191154,
                                                            "Plan Width": 4,
                                                            "Actual Startup Time": 0.048,
                                                            "Actual Total Time": 42.498,
                                                            "Actual Rows": 91985,
                                                            "Actual Loops": 5,
                                                            "Output": [
                                                                "mi_idx.movie_id"
                                                            ],
                                                            "Filter": "(mi_idx.info_type_id < 100)",
                                                            "Rows Removed by Filter": 184022,
                                                            "Workers": [
                                                                {
                                                                    "Worker Number": 0,
                                                                    "Actual Startup Time": 0.059,
                                                                    "Actual Total Time": 42.842,
                                                                    "Actual Rows": 82911,
                                                                    "Actual Loops": 1
                                                                },
                                                                {
                                                                    "Worker Number": 1,
                                                                    "Actual Startup Time": 0.057,
                                                                    "Actual Total Time": 42.334,
                                                                    "Actual Rows": 81345,
                                                                    "Actual Loops": 1
                                                                },
                                                                {
                                                                    "Worker Number": 2,
                                                                    "Actual Startup Time": 0.05,
                                                                    "Actual Total Time": 43.041,
                                                                    "Actual Rows": 76423,
                                                                    "Actual Loops": 1
                                                                },
                                                                {
                                                                    "Worker Number": 3,
                                                                    "Actual Startup Time": 0.058,
                                                                    "Actual Total Time": 42.212,
                                                                    "Actual Rows": 74143,
                                                                    "Actual Loops": 1
                                                                }
                                                            ]
                                                        }
                                                    ]
                                                }
                                            ]
                                        },
                                        {
                                            "Node Type": "Index Scan",
                                            "Parent Relationship": "Inner",
                                            "Parallel Aware": false,
                                            "Scan Direction": "Forward",
                                            "Index Name": "movie_id_cast_info",
                                            "Relation Name": "cast_info",
                                            "Schema": "public",
                                            "Alias": "ci",
                                            "Startup Cost": 0.56,
                                            "Total Cost": 2.51,
                                            "Plan Rows": 1,
                                            "Plan Width": 4,
                                            "Actual Startup Time": 0.037,
                                            "Actual Total Time": 0.037,
                                            "Actual Rows": 0,
                                            "Actual Loops": 212290,
                                            "Output": [
                                                "ci.id",
                                                "ci.person_id",
                                                "ci.movie_id",
                                                "ci.person_role_id",
                                                "ci.note",
                                                "ci.nr_order",
                                                "ci.role_id"
                                            ],
                                            "Index Cond": "(ci.movie_id = t.id)",
                                            "Rows Removed by Index Recheck": 0,
                                            "Filter": "((ci.person_id < 175411) AND (ci.role_id = 2))",
                                            "Rows Removed by Filter": 29,
                                            "Workers": [
                                                {
                                                    "Worker Number": 0,
                                                    "Actual Startup Time": 0.042,
                                                    "Actual Total Time": 0.042,
                                                    "Actual Rows": 0,
                                                    "Actual Loops": 37636
                                                },
                                                {
                                                    "Worker Number": 1,
                                                    "Actual Startup Time": 0.043,
                                                    "Actual Total Time": 0.043,
                                                    "Actual Rows": 0,
                                                    "Actual Loops": 36565
                                                },
                                                {
                                                    "Worker Number": 2,
                                                    "Actual Startup Time": 0.04,
                                                    "Actual Total Time": 0.04,
                                                    "Actual Rows": 0,
                                                    "Actual Loops": 39737
                                                },
                                                {
                                                    "Worker Number": 3,
                                                    "Actual Startup Time": 0.041,
                                                    "Actual Total Time": 0.041,
                                                    "Actual Rows": 0,
                                                    "Actual Loops": 38364
                                                }
                                            ]
                                        }
                                    ]
                                }
                            ]
                        }
                    ]
                }
            ]
        },
        "Planning Time": 173.913,
        "Triggers": [],
        "Execution Time": 1993.473
    }
]