[
  {
    "Plan": {
      "Node Type": "Aggregate",
      "Strategy": "Plain",
      "Partial Mode": "Finalize",
      "Parallel Aware": false,
      "Startup Cost": 328722.28,
      "Total Cost": 328722.29,
      "Plan Rows": 1,
      "Plan Width": 8,
      "Actual Startup Time": 215.838,
      "Actual Total Time": 233.437,
      "Actual Rows": 1,
      "Actual Loops": 1,
      "Plans": [
        {
          "Node Type": "Gather",
          "Parent Relationship": "Outer",
          "Parallel Aware": false,
          "Startup Cost": 328721.66,
          "Total Cost": 328722.27,
          "Plan Rows": 6,
          "Plan Width": 8,
          "Actual Startup Time": 215.308,
          "Actual Total Time": 233.43,
          "Actual Rows": 7,
          "Actual Loops": 1,
          "Workers Planned": 6,
          "Workers Launched": 6,
          "Single Copy": false,
          "Plans": [
            {
              "Node Type": "Aggregate",
              "Strategy": "Plain",
              "Partial Mode": "Partial",
              "Parent Relationship": "Outer",
              "Parallel Aware": false,
              "Startup Cost": 327721.66,
              "Total Cost": 327721.67,
              "Plan Rows": 1,
              "Plan Width": 8,
              "Actual Startup Time": 203.978,
              "Actual Total Time": 203.983,
              "Actual Rows": 1,
              "Actual Loops": 7,
              "Plans": [
                {
                  "Node Type": "Hash Join",
                  "Parent Relationship": "Outer",
                  "Parallel Aware": true,
                  "Join Type": "Inner",
                  "Startup Cost": 71551.86,
                  "Total Cost": 327712.41,
                  "Plan Rows": 3700,
                  "Plan Width": 0,
                  "Actual Startup Time": 177.133,
                  "Actual Total Time": 203.865,
                  "Actual Rows": 1420,
                  "Actual Loops": 7,
                  "Inner Unique": true,
                  "Hash Cond": "(ci.movie_id = t.id)",
                  "Plans": [
                    {
                      "Node Type": "Bitmap Heap Scan",
                      "Parent Relationship": "Outer",
                      "Parallel Aware": true,
                      "Relation Name": "cast_info",
                      "Alias": "ci",
                      "Startup Cost": 27436.09,
                      "Total Cost": 283242.05,
                      "Plan Rows": 135079,
                      "Plan Width": 4,
                      "Actual Startup Time": 92.258,
                      "Actual Total Time": 110.817,
                      "Actual Rows": 51426,
                      "Actual Loops": 7,
                      "Recheck Cond": "(person_id < 129675)",
                      "Rows Removed by Index Recheck": 0,
                      "Filter": "(role_id > 1)",
                      "Rows Removed by Filter": 133181,
                      "Exact Heap Blocks": 3915,
                      "Lossy Heap Blocks": 0,
                      "Plans": [
                        {
                          "Node Type": "Bitmap Index Scan",
                          "Parent Relationship": "Outer",
                          "Parallel Aware": false,
                          "Index Name": "person_id_cast_info",
                          "Startup Cost": 0.0,
                          "Total Cost": 27233.47,
                          "Plan Rows": 1247587,
                          "Plan Width": 0,
                          "Actual Startup Time": 51.181,
                          "Actual Total Time": 51.182,
                          "Actual Rows": 1292251,
                          "Actual Loops": 1,
                          "Index Cond": "(person_id < 129675)"
                        }
                      ]
                    },
                    {
                      "Node Type": "Hash",
                      "Parent Relationship": "Inner",
                      "Parallel Aware": true,
                      "Startup Cost": 43899.32,
                      "Total Cost": 43899.32,
                      "Plan Rows": 17316,
                      "Plan Width": 4,
                      "Actual Startup Time": 83.274,
                      "Actual Total Time": 83.274,
                      "Actual Rows": 9620,
                      "Actual Loops": 7,
                      "Hash Buckets": 131072,
                      "Original Hash Buckets": 131072,
                      "Hash Batches": 1,
                      "Original Hash Batches": 1,
                      "Peak Memory Usage": 3776,
                      "Plans": [
                        {
                          "Node Type": "Seq Scan",
                          "Parent Relationship": "Outer",
                          "Parallel Aware": true,
                          "Relation Name": "title",
                          "Alias": "t",
                          "Startup Cost": 0.0,
                          "Total Cost": 43899.32,
                          "Plan Rows": 17316,
                          "Plan Width": 4,
                          "Actual Startup Time": 0.068,
                          "Actual Total Time": 77.388,
                          "Actual Rows": 9620,
                          "Actual Loops": 7,
                          "Filter": "(production_year > 2012)",
                          "Rows Removed by Filter": 351567
                        }
                      ]
                    }
                  ]
                }
              ]
            }
          ]
        }
      ]
    },
    "Planning Time": 0.525,
    "Triggers": [],
    "Execution Time": 233.521
  }
]