{
  "Plan": {
    "Node Type": "Aggregate",
    "Strategy": "Plain",
    "Partial Mode": "Finalize",
    "Parallel Aware": false,
    "Startup Cost": 260480.19,
    "Total Cost": 260480.2,
    "Plan Rows": 1,
    "Plan Width": 8,
    "Actual Startup Time": 706.15,
    "Actual Total Time": 745.389,
    "Actual Rows": 1,
    "Actual Loops": 1,
    "Plans": [
      {
        "Node Type": "Gather",
        "Parent Relationship": "Outer",
        "Parallel Aware": false,
        "Startup Cost": 260480.07,
        "Total Cost": 260480.18,
        "Plan Rows": 1,
        "Plan Width": 8,
        "Actual Startup Time": 705.544,
        "Actual Total Time": 745.381,
        "Actual Rows": 2,
        "Actual Loops": 1,
        "Workers Planned": 1,
        "Workers Launched": 1,
        "Single Copy": false,
        "Plans": [
          {
            "Node Type": "Aggregate",
            "Strategy": "Plain",
            "Partial Mode": "Partial",
            "Parent Relationship": "Outer",
            "Parallel Aware": false,
            "Startup Cost": 259480.07,
            "Total Cost": 259480.08,
            "Plan Rows": 1,
            "Plan Width": 8,
            "Actual Startup Time": 699.475,
            "Actual Total Time": 699.478,
            "Actual Rows": 1,
            "Actual Loops": 2,
            "Plans": [
              {
                "Node Type": "Nested Loop",
                "Parent Relationship": "Outer",
                "Parallel Aware": false,
                "Join Type": "Inner",
                "Startup Cost": 61983.23,
                "Total Cost": 258696.58,
                "Plan Rows": 313398,
                "Plan Width": 0,
                "Actual Startup Time": 225.95,
                "Actual Total Time": 679.422,
                "Actual Rows": 326103,
                "Actual Loops": 2,
                "Inner Unique": false,
                "Plans": [
                  {
                    "Node Type": "Hash Join",
                    "Parent Relationship": "Outer",
                    "Parallel Aware": true,
                    "Join Type": "Inner",
                    "Startup Cost": 61982.79,
                    "Total Cost": 80776.56,
                    "Plan Rows": 53597,
                    "Plan Width": 8,
                    "Actual Startup Time": 225.891,
                    "Actual Total Time": 367.734,
                    "Actual Rows": 29198,
                    "Actual Loops": 2,
                    "Inner Unique": true,
                    "Hash Cond": "(mi_idx.movie_id = t.id)",
                    "Plans": [
                      {
                        "Node Type": "Seq Scan",
                        "Parent Relationship": "Outer",
                        "Parallel Aware": true,
                        "Relation Name": "movie_info_idx",
                        "Alias": "mi_idx",
                        "Startup Cost": 0.0,
                        "Total Cost": 18082.32,
                        "Plan Rows": 271028,
                        "Plan Width": 4,
                        "Actual Startup Time": 0.019,
                        "Actual Total Time": 63.814,
                        "Actual Rows": 229962,
                        "Actual Loops": 2,
                        "Filter": "(info_type_id = 101)",
                        "Rows Removed by Filter": 460055
                      },
                      {
                        "Node Type": "Hash",
                        "Parent Relationship": "Inner",
                        "Parallel Aware": true,
                        "Startup Cost": 58306.47,
                        "Total Cost": 58306.47,
                        "Plan Rows": 294106,
                        "Plan Width": 4,
                        "Actual Startup Time": 220.308,
                        "Actual Total Time": 220.308,
                        "Actual Rows": 184290,
                        "Actual Loops": 2,
                        "Hash Buckets": 524288,
                        "Original Hash Buckets": 524288,
                        "Hash Batches": 1,
                        "Original Hash Batches": 1,
                        "Peak Memory Usage": 18528,
                        "Plans": [
                          {
                            "Node Type": "Seq Scan",
                            "Parent Relationship": "Outer",
                            "Parallel Aware": true,
                            "Relation Name": "title",
                            "Alias": "t",
                            "Startup Cost": 0.0,
                            "Total Cost": 58306.47,
                            "Plan Rows": 294106,
                            "Plan Width": 4,
                            "Actual Startup Time": 0.027,
                            "Actual Total Time": 166.675,
                            "Actual Rows": 184290,
                            "Actual Loops": 2,
                            "Filter": "((kind_id > 1) AND (production_year < 1990))",
                            "Rows Removed by Filter": 1079866
                          }
                        ]
                      }
                    ]
                  },
                  {
                    "Node Type": "Index Only Scan",
                    "Parent Relationship": "Inner",
                    "Parallel Aware": false,
                    "Scan Direction": "Forward",
                    "Index Name": "movie_id_movie_info",
                    "Relation Name": "movie_info",
                    "Alias": "mi",
                    "Startup Cost": 0.43,
                    "Total Cost": 2.9,
                    "Plan Rows": 42,
                    "Plan Width": 4,
                    "Actual Startup Time": 0.004,
                    "Actual Total Time": 0.009,
                    "Actual Rows": 11,
                    "Actual Loops": 58395,
                    "Index Cond": "(movie_id = t.id)",
                    "Rows Removed by Index Recheck": 0,
                    "Heap Fetches": 652206
                  }
                ]
              }
            ]
          }
        ]
      }
    ]
  },
  "Planning Time": 0.98,
  "Triggers": [],
  "Execution Time": 745.483
}