[
  {
    "Plan": {
      "Node Type": "Aggregate",
      "Strategy": "Plain",
      "Partial Mode": "Finalize",
      "Parallel Aware": false,
      "Startup Cost": 353909.12,
      "Total Cost": 353909.13,
      "Plan Rows": 1,
      "Plan Width": 8,
      "Actual Startup Time": 1021.609,
      "Actual Total Time": 1069.736,
      "Actual Rows": 1,
      "Actual Loops": 1,
      "Plans": [
        {
          "Node Type": "Gather",
          "Parent Relationship": "Outer",
          "Parallel Aware": false,
          "Startup Cost": 353908.49,
          "Total Cost": 353909.1,
          "Plan Rows": 6,
          "Plan Width": 8,
          "Actual Startup Time": 1021.432,
          "Actual Total Time": 1069.722,
          "Actual Rows": 7,
          "Actual Loops": 1,
          "Workers Planned": 6,
          "Workers Launched": 6,
          "Single Copy": false,
          "Plans": [
            {
              "Node Type": "Aggregate",
              "Strategy": "Plain",
              "Partial Mode": "Partial",
              "Parent Relationship": "Outer",
              "Parallel Aware": false,
              "Startup Cost": 352908.49,
              "Total Cost": 352908.5,
              "Plan Rows": 1,
              "Plan Width": 8,
              "Actual Startup Time": 1013.423,
              "Actual Total Time": 1013.425,
              "Actual Rows": 1,
              "Actual Loops": 7,
              "Plans": [
                {
                  "Node Type": "Seq Scan",
                  "Parent Relationship": "Outer",
                  "Parallel Aware": true,
                  "Relation Name": "cast_info",
                  "Alias": "ci",
                  "Startup Cost": 0.0,
                  "Total Cost": 343316.27,
                  "Plan Rows": 3836889,
                  "Plan Width": 0,
                  "Actual Startup Time": 0.054,
                  "Actual Total Time": 818.76,
                  "Actual Rows": 3447243,
                  "Actual Loops": 7,
                  "Filter": "((person_id < 3744455) AND (role_id < 4))",
                  "Rows Removed by Filter": 1730521
                }
              ]
            }
          ]
        }
      ]
    },
    "Planning Time": 0.163,
    "Triggers": [],
    "Execution Time": 1069.797
  }
]