{
  "Plan": {
    "Node Type": "Aggregate",
    "Strategy": "Plain",
    "Partial Mode": "Finalize",
    "Parallel Aware": false,
    "Startup Cost": 246718.16,
    "Total Cost": 246718.17,
    "Plan Rows": 1,
    "Plan Width": 8,
    "Actual Startup Time": 495.455,
    "Actual Total Time": 519.249,
    "Actual Rows": 1,
    "Actual Loops": 1,
    "Plans": [
      {
        "Node Type": "Gather",
        "Parent Relationship": "Outer",
        "Parallel Aware": false,
        "Startup Cost": 246718.05,
        "Total Cost": 246718.16,
        "Plan Rows": 1,
        "Plan Width": 8,
        "Actual Startup Time": 495.165,
        "Actual Total Time": 519.239,
        "Actual Rows": 2,
        "Actual Loops": 1,
        "Workers Planned": 1,
        "Workers Launched": 1,
        "Single Copy": false,
        "Plans": [
          {
            "Node Type": "Aggregate",
            "Strategy": "Plain",
            "Partial Mode": "Partial",
            "Parent Relationship": "Outer",
            "Parallel Aware": false,
            "Startup Cost": 245718.05,
            "Total Cost": 245718.06,
            "Plan Rows": 1,
            "Plan Width": 8,
            "Actual Startup Time": 488.784,
            "Actual Total Time": 488.788,
            "Actual Rows": 1,
            "Actual Loops": 2,
            "Plans": [
              {
                "Node Type": "Nested Loop",
                "Parent Relationship": "Outer",
                "Parallel Aware": false,
                "Join Type": "Inner",
                "Startup Cost": 54949.26,
                "Total Cost": 245708.35,
                "Plan Rows": 3881,
                "Plan Width": 0,
                "Actual Startup Time": 349.824,
                "Actual Total Time": 488.78,
                "Actual Rows": 15,
                "Actual Loops": 2,
                "Inner Unique": false,
                "Join Filter": "(t.id = mk.movie_id)",
                "Rows Removed by Join Filter": 0,
                "Plans": [
                  {
                    "Node Type": "Hash Join",
                    "Parent Relationship": "Outer",
                    "Parallel Aware": true,
                    "Join Type": "Inner",
                    "Startup Cost": 54948.83,
                    "Total Cost": 239762.68,
                    "Plan Rows": 2169,
                    "Plan Width": 8,
                    "Actual Startup Time": 349.771,
                    "Actual Total Time": 488.722,
                    "Actual Rows": 0,
                    "Actual Loops": 2,
                    "Inner Unique": true,
                    "Hash Cond": "(ci.movie_id = t.id)",
                    "Plans": [
                      {
                        "Node Type": "Index Scan",
                        "Parent Relationship": "Outer",
                        "Parallel Aware": true,
                        "Scan Direction": "Forward",
                        "Index Name": "role_id_cast_info",
                        "Relation Name": "cast_info",
                        "Alias": "ci",
                        "Startup Cost": 0.56,
                        "Total Cost": 184520.29,
                        "Plan Rows": 112046,
                        "Plan Width": 4,
                        "Actual Startup Time": 0.18,
                        "Actual Total Time": 337.616,
                        "Actual Rows": 32826,
                        "Actual Loops": 2,
                        "Index Cond": "(role_id > 8)",
                        "Rows Removed by Index Recheck": 0,
                        "Filter": "(person_id < 123518)",
                        "Rows Removed by Filter": 2833521
                      },
                      {
                        "Node Type": "Hash",
                        "Parent Relationship": "Inner",
                        "Parallel Aware": true,
                        "Startup Cost": 54588.39,
                        "Total Cost": 54588.39,
                        "Plan Rows": 28790,
                        "Plan Width": 4,
                        "Actual Startup Time": 143.663,
                        "Actual Total Time": 143.664,
                        "Actual Rows": 25861,
                        "Actual Loops": 2,
                        "Hash Buckets": 65536,
                        "Original Hash Buckets": 65536,
                        "Hash Batches": 1,
                        "Original Hash Batches": 1,
                        "Peak Memory Usage": 2560,
                        "Plans": [
                          {
                            "Node Type": "Seq Scan",
                            "Parent Relationship": "Outer",
                            "Parallel Aware": true,
                            "Relation Name": "title",
                            "Alias": "t",
                            "Startup Cost": 0.0,
                            "Total Cost": 54588.39,
                            "Plan Rows": 28790,
                            "Plan Width": 4,
                            "Actual Startup Time": 76.4,
                            "Actual Total Time": 138.092,
                            "Actual Rows": 25861,
                            "Actual Loops": 2,
                            "Filter": "(production_year < 1914)",
                            "Rows Removed by Filter": 1238295
                          }
                        ]
                      }
                    ]
                  },
                  {
                    "Node Type": "Index Only Scan",
                    "Parent Relationship": "Inner",
                    "Parallel Aware": false,
                    "Scan Direction": "Forward",
                    "Index Name": "movie_id_movie_keyword",
                    "Relation Name": "movie_keyword",
                    "Alias": "mk",
                    "Startup Cost": 0.43,
                    "Total Cost": 2.18,
                    "Plan Rows": 45,
                    "Plan Width": 4,
                    "Actual Startup Time": 0.093,
                    "Actual Total Time": 0.1,
                    "Actual Rows": 30,
                    "Actual Loops": 1,
                    "Index Cond": "(movie_id = ci.movie_id)",
                    "Rows Removed by Index Recheck": 0,
                    "Heap Fetches": 30
                  }
                ]
              }
            ]
          }
        ]
      }
    ]
  },
  "Planning Time": 0.941,
  "Triggers": [],
  "Execution Time": 519.336
}