[
  {
    "Plan": {
      "Node Type": "Aggregate",
      "Strategy": "Plain",
      "Partial Mode": "Finalize",
      "Parallel Aware": false,
      "Startup Cost": 296984.74,
      "Total Cost": 296984.75,
      "Plan Rows": 1,
      "Plan Width": 8,
      "Actual Startup Time": 1408.019,
      "Actual Total Time": 1459.751,
      "Actual Rows": 1,
      "Actual Loops": 1,
      "Plans": [
        {
          "Node Type": "Gather",
          "Parent Relationship": "Outer",
          "Parallel Aware": false,
          "Startup Cost": 296984.22,
          "Total Cost": 296984.73,
          "Plan Rows": 5,
          "Plan Width": 8,
          "Actual Startup Time": 1382.508,
          "Actual Total Time": 1459.738,
          "Actual Rows": 6,
          "Actual Loops": 1,
          "Workers Planned": 5,
          "Workers Launched": 5,
          "Single Copy": false,
          "Plans": [
            {
              "Node Type": "Aggregate",
              "Strategy": "Plain",
              "Partial Mode": "Partial",
              "Parent Relationship": "Outer",
              "Parallel Aware": false,
              "Startup Cost": 295984.22,
              "Total Cost": 295984.23,
              "Plan Rows": 1,
              "Plan Width": 8,
              "Actual Startup Time": 1371.313,
              "Actual Total Time": 1371.835,
              "Actual Rows": 1,
              "Actual Loops": 6,
              "Plans": [
                {
                  "Node Type": "Hash Join",
                  "Parent Relationship": "Outer",
                  "Parallel Aware": true,
                  "Join Type": "Inner",
                  "Startup Cost": 87851.23,
                  "Total Cost": 293999.82,
                  "Plan Rows": 793761,
                  "Plan Width": 0,
                  "Actual Startup Time": 548.128,
                  "Actual Total Time": 1293.791,
                  "Actual Rows": 1636684,
                  "Actual Loops": 6,
                  "Inner Unique": false,
                  "Hash Cond": "(mi.movie_id = t.id)",
                  "Plans": [
                    {
                      "Node Type": "Seq Scan",
                      "Parent Relationship": "Outer",
                      "Parallel Aware": true,
                      "Relation Name": "movie_info",
                      "Alias": "mi",
                      "Startup Cost": 0.0,
                      "Total Cost": 199108.24,
                      "Plan Rows": 1194621,
                      "Plan Width": 4,
                      "Actual Startup Time": 0.041,
                      "Actual Total Time": 381.124,
                      "Actual Rows": 980827,
                      "Actual Loops": 6,
                      "Filter": "(info_type_id < 7)",
                      "Rows Removed by Filter": 1491793
                    },
                    {
                      "Node Type": "Hash",
                      "Parent Relationship": "Inner",
                      "Parallel Aware": true,
                      "Startup Cost": 81077.04,
                      "Total Cost": 81077.04,
                      "Plan Rows": 541935,
                      "Plan Width": 8,
                      "Actual Startup Time": 542.65,
                      "Actual Total Time": 543.17,
                      "Actual Rows": 237749,
                      "Actual Loops": 6,
                      "Hash Buckets": 2097152,
                      "Original Hash Buckets": 2097152,
                      "Hash Batches": 1,
                      "Original Hash Batches": 1,
                      "Peak Memory Usage": 72256,
                      "Plans": [
                        {
                          "Node Type": "Hash Join",
                          "Parent Relationship": "Outer",
                          "Parallel Aware": true,
                          "Join Type": "Inner",
                          "Startup Cost": 49890.1,
                          "Total Cost": 81077.04,
                          "Plan Rows": 541935,
                          "Plan Width": 8,
                          "Actual Startup Time": 253.545,
                          "Actual Total Time": 446.221,
                          "Actual Rows": 237749,
                          "Actual Loops": 6,
                          "Inner Unique": true,
                          "Hash Cond": "(mc.movie_id = t.id)",
                          "Plans": [
                            {
                              "Node Type": "Seq Scan",
                              "Parent Relationship": "Outer",
                              "Parallel Aware": true,
                              "Relation Name": "movie_companies",
                              "Alias": "mc",
                              "Startup Cost": 0.0,
                              "Total Cost": 29310.68,
                              "Plan Rows": 714766,
                              "Plan Width": 4,
                              "Actual Startup Time": 0.036,
                              "Actual Total Time": 62.002,
                              "Actual Rows": 369350,
                              "Actual Loops": 6,
                              "Filter": "(company_id < 83025)",
                              "Rows Removed by Filter": 65505
                            },
                            {
                              "Node Type": "Hash",
                              "Parent Relationship": "Inner",
                              "Parallel Aware": true,
                              "Startup Cost": 43899.32,
                              "Total Cost": 43899.32,
                              "Plan Rows": 479262,
                              "Plan Width": 4,
                              "Actual Startup Time": 250.861,
                              "Actual Total Time": 250.864,
                              "Actual Rows": 317210,
                              "Actual Loops": 6,
                              "Hash Buckets": 2097152,
                              "Original Hash Buckets": 2097152,
                              "Hash Batches": 1,
                              "Original Hash Batches": 1,
                              "Peak Memory Usage": 90944,
                              "Plans": [
                                {
                                  "Node Type": "Seq Scan",
                                  "Parent Relationship": "Outer",
                                  "Parallel Aware": true,
                                  "Relation Name": "title",
                                  "Alias": "t",
                                  "Startup Cost": 0.0,
                                  "Total Cost": 43899.32,
                                  "Plan Rows": 479262,
                                  "Plan Width": 4,
                                  "Actual Startup Time": 0.089,
                                  "Actual Total Time": 98.002,
                                  "Actual Rows": 317210,
                                  "Actual Loops": 6,
                                  "Filter": "(production_year > 1982)",
                                  "Rows Removed by Filter": 104176
                                }
                              ]
                            }
                          ]
                        }
                      ]
                    }
                  ]
                }
              ]
            }
          ]
        }
      ]
    },
    "Planning Time": 0.706,
    "Triggers": [],
    "Execution Time": 1459.817
  }
]