[
    {
        "Bao": {
            "Bao prediction": 458.659,
            "Bao recommended hint": "(no hint)"
        }
    },
    {
        "Plan": {
            "Node Type": "Aggregate",
            "Strategy": "Plain",
            "Partial Mode": "Finalize",
            "Parallel Aware": false,
            "Startup Cost": 346369.15,
            "Total Cost": 346369.16,
            "Plan Rows": 1,
            "Plan Width": 8,
            "Actual Startup Time": 629.198,
            "Actual Total Time": 659.536,
            "Actual Rows": 1,
            "Actual Loops": 1,
            "Output": [
                "count(*)"
            ],
            "Plans": [
                {
                    "Node Type": "Gather",
                    "Parent Relationship": "Outer",
                    "Parallel Aware": false,
                    "Startup Cost": 346368.52,
                    "Total Cost": 346369.13,
                    "Plan Rows": 6,
                    "Plan Width": 8,
                    "Actual Startup Time": 629.119,
                    "Actual Total Time": 659.528,
                    "Actual Rows": 7,
                    "Actual Loops": 1,
                    "Output": [
                        "(PARTIAL count(*))"
                    ],
                    "Workers Planned": 6,
                    "Workers Launched": 6,
                    "Single Copy": false,
                    "Plans": [
                        {
                            "Node Type": "Aggregate",
                            "Strategy": "Plain",
                            "Partial Mode": "Partial",
                            "Parent Relationship": "Outer",
                            "Parallel Aware": false,
                            "Startup Cost": 345368.52,
                            "Total Cost": 345368.53,
                            "Plan Rows": 1,
                            "Plan Width": 8,
                            "Actual Startup Time": 619.796,
                            "Actual Total Time": 619.797,
                            "Actual Rows": 1,
                            "Actual Loops": 7,
                            "Output": [
                                "PARTIAL count(*)"
                            ],
                            "Workers": [
                                {
                                    "Worker Number": 0,
                                    "Actual Startup Time": 617.693,
                                    "Actual Total Time": 617.694,
                                    "Actual Rows": 1,
                                    "Actual Loops": 1
                                },
                                {
                                    "Worker Number": 1,
                                    "Actual Startup Time": 618.039,
                                    "Actual Total Time": 618.04,
                                    "Actual Rows": 1,
                                    "Actual Loops": 1
                                },
                                {
                                    "Worker Number": 2,
                                    "Actual Startup Time": 618.331,
                                    "Actual Total Time": 618.332,
                                    "Actual Rows": 1,
                                    "Actual Loops": 1
                                },
                                {
                                    "Worker Number": 3,
                                    "Actual Startup Time": 618.424,
                                    "Actual Total Time": 618.426,
                                    "Actual Rows": 1,
                                    "Actual Loops": 1
                                },
                                {
                                    "Worker Number": 4,
                                    "Actual Startup Time": 618.86,
                                    "Actual Total Time": 618.86,
                                    "Actual Rows": 1,
                                    "Actual Loops": 1
                                },
                                {
                                    "Worker Number": 5,
                                    "Actual Startup Time": 618.889,
                                    "Actual Total Time": 618.891,
                                    "Actual Rows": 1,
                                    "Actual Loops": 1
                                }
                            ],
                            "Plans": [
                                {
                                    "Node Type": "Seq Scan",
                                    "Parent Relationship": "Outer",
                                    "Parallel Aware": true,
                                    "Relation Name": "cast_info",
                                    "Schema": "public",
                                    "Alias": "ci",
                                    "Startup Cost": 0.0,
                                    "Total Cost": 343318.94,
                                    "Plan Rows": 819832,
                                    "Plan Width": 0,
                                    "Actual Startup Time": 401.829,
                                    "Actual Total Time": 599.764,
                                    "Actual Rows": 398890,
                                    "Actual Loops": 7,
                                    "Output": [
                                        "id",
                                        "person_id",
                                        "movie_id",
                                        "person_role_id",
                                        "note",
                                        "nr_order",
                                        "role_id"
                                    ],
                                    "Filter": "((ci.person_id > 3093428) AND (ci.role_id < 10))",
                                    "Rows Removed by Filter": 4778874,
                                    "Workers": [
                                        {
                                            "Worker Number": 0,
                                            "Actual Startup Time": 399.721,
                                            "Actual Total Time": 597.765,
                                            "Actual Rows": 294180,
                                            "Actual Loops": 1
                                        },
                                        {
                                            "Worker Number": 1,
                                            "Actual Startup Time": 400.105,
                                            "Actual Total Time": 598.319,
                                            "Actual Rows": 292099,
                                            "Actual Loops": 1
                                        },
                                        {
                                            "Worker Number": 2,
                                            "Actual Startup Time": 400.349,
                                            "Actual Total Time": 598.084,
                                            "Actual Rows": 299823,
                                            "Actual Loops": 1
                                        },
                                        {
                                            "Worker Number": 3,
                                            "Actual Startup Time": 400.454,
                                            "Actual Total Time": 598.735,
                                            "Actual Rows": 438250,
                                            "Actual Loops": 1
                                        },
                                        {
                                            "Worker Number": 4,
                                            "Actual Startup Time": 400.88,
                                            "Actual Total Time": 599.827,
                                            "Actual Rows": 459514,
                                            "Actual Loops": 1
                                        },
                                        {
                                            "Worker Number": 5,
                                            "Actual Startup Time": 400.941,
                                            "Actual Total Time": 600.041,
                                            "Actual Rows": 453406,
                                            "Actual Loops": 1
                                        }
                                    ]
                                }
                            ]
                        }
                    ]
                }
            ]
        },
        "Planning Time": 492.891,
        "Triggers": [],
        "Execution Time": 659.62
    }
]