[
  {
    "Plan": {
      "Node Type": "Aggregate",
      "Strategy": "Plain",
      "Partial Mode": "Finalize",
      "Parallel Aware": false,
      "Startup Cost": 186667.81,
      "Total Cost": 186667.82,
      "Plan Rows": 1,
      "Plan Width": 8,
      "Actual Startup Time": 201.386,
      "Actual Total Time": 230.677,
      "Actual Rows": 1,
      "Actual Loops": 1,
      "Plans": [
        {
          "Node Type": "Gather",
          "Parent Relationship": "Outer",
          "Parallel Aware": false,
          "Startup Cost": 186667.39,
          "Total Cost": 186667.8,
          "Plan Rows": 4,
          "Plan Width": 8,
          "Actual Startup Time": 201.229,
          "Actual Total Time": 230.665,
          "Actual Rows": 5,
          "Actual Loops": 1,
          "Workers Planned": 4,
          "Workers Launched": 4,
          "Single Copy": false,
          "Plans": [
            {
              "Node Type": "Aggregate",
              "Strategy": "Plain",
              "Partial Mode": "Partial",
              "Parent Relationship": "Outer",
              "Parallel Aware": false,
              "Startup Cost": 185667.39,
              "Total Cost": 185667.4,
              "Plan Rows": 1,
              "Plan Width": 8,
              "Actual Startup Time": 192.197,
              "Actual Total Time": 192.199,
              "Actual Rows": 1,
              "Actual Loops": 5,
              "Plans": [
                {
                  "Node Type": "Nested Loop",
                  "Parent Relationship": "Outer",
                  "Parallel Aware": false,
                  "Join Type": "Inner",
                  "Startup Cost": 0.56,
                  "Total Cost": 185644.64,
                  "Plan Rows": 9098,
                  "Plan Width": 0,
                  "Actual Startup Time": 1.35,
                  "Actual Total Time": 190.721,
                  "Actual Rows": 12299,
                  "Actual Loops": 5,
                  "Inner Unique": false,
                  "Plans": [
                    {
                      "Node Type": "Seq Scan",
                      "Parent Relationship": "Outer",
                      "Parallel Aware": true,
                      "Relation Name": "title",
                      "Alias": "t",
                      "Startup Cost": 0.0,
                      "Total Cost": 45479.59,
                      "Plan Rows": 1291,
                      "Plan Width": 4,
                      "Actual Startup Time": 0.72,
                      "Actual Total Time": 89.059,
                      "Actual Rows": 1198,
                      "Actual Loops": 5,
                      "Filter": "((kind_id < 7) AND (production_year = 1972))",
                      "Rows Removed by Filter": 504465
                    },
                    {
                      "Node Type": "Index Scan",
                      "Parent Relationship": "Inner",
                      "Parallel Aware": false,
                      "Scan Direction": "Forward",
                      "Index Name": "movie_id_cast_info",
                      "Relation Name": "cast_info",
                      "Alias": "ci",
                      "Startup Cost": 0.56,
                      "Total Cost": 108.4,
                      "Plan Rows": 17,
                      "Plan Width": 4,
                      "Actual Startup Time": 0.018,
                      "Actual Total Time": 0.083,
                      "Actual Rows": 10,
                      "Actual Loops": 5989,
                      "Index Cond": "(movie_id = t.id)",
                      "Rows Removed by Index Recheck": 0,
                      "Filter": "((person_id < 2764123) AND (role_id < 4))",
                      "Rows Removed by Filter": 5
                    }
                  ]
                }
              ]
            }
          ]
        }
      ]
    },
    "Planning Time": 0.594,
    "Triggers": [],
    "Execution Time": 230.758
  }
]