[
    {
        "Bao": {
            "Bao prediction": "NaN",
            "Bao recommended hint": "(no hint)"
        }
    },
    {
        "Plan": {
            "Node Type": "Aggregate",
            "Strategy": "Plain",
            "Partial Mode": "Finalize",
            "Parallel Aware": false,
            "Startup Cost": 276636.95,
            "Total Cost": 276636.96,
            "Plan Rows": 1,
            "Plan Width": 8,
            "Actual Startup Time": 721.595,
            "Actual Total Time": 739.328,
            "Actual Rows": 1,
            "Actual Loops": 1,
            "Output": [
                "count(*)"
            ],
            "Plans": [
                {
                    "Node Type": "Gather",
                    "Parent Relationship": "Outer",
                    "Parallel Aware": false,
                    "Startup Cost": 276636.32,
                    "Total Cost": 276636.93,
                    "Plan Rows": 6,
                    "Plan Width": 8,
                    "Actual Startup Time": 715.311,
                    "Actual Total Time": 739.32,
                    "Actual Rows": 7,
                    "Actual Loops": 1,
                    "Output": [
                        "(PARTIAL count(*))"
                    ],
                    "Workers Planned": 6,
                    "Workers Launched": 6,
                    "Single Copy": false,
                    "Plans": [
                        {
                            "Node Type": "Aggregate",
                            "Strategy": "Plain",
                            "Partial Mode": "Partial",
                            "Parent Relationship": "Outer",
                            "Parallel Aware": false,
                            "Startup Cost": 275636.32,
                            "Total Cost": 275636.33,
                            "Plan Rows": 1,
                            "Plan Width": 8,
                            "Actual Startup Time": 705.168,
                            "Actual Total Time": 705.172,
                            "Actual Rows": 1,
                            "Actual Loops": 7,
                            "Output": [
                                "PARTIAL count(*)"
                            ],
                            "Workers": [
                                {
                                    "Worker Number": 0,
                                    "Actual Startup Time": 702.785,
                                    "Actual Total Time": 702.788,
                                    "Actual Rows": 1,
                                    "Actual Loops": 1
                                },
                                {
                                    "Worker Number": 1,
                                    "Actual Startup Time": 702.641,
                                    "Actual Total Time": 702.644,
                                    "Actual Rows": 1,
                                    "Actual Loops": 1
                                },
                                {
                                    "Worker Number": 2,
                                    "Actual Startup Time": 703.777,
                                    "Actual Total Time": 703.78,
                                    "Actual Rows": 1,
                                    "Actual Loops": 1
                                },
                                {
                                    "Worker Number": 3,
                                    "Actual Startup Time": 703.967,
                                    "Actual Total Time": 703.969,
                                    "Actual Rows": 1,
                                    "Actual Loops": 1
                                },
                                {
                                    "Worker Number": 4,
                                    "Actual Startup Time": 704.062,
                                    "Actual Total Time": 704.065,
                                    "Actual Rows": 1,
                                    "Actual Loops": 1
                                },
                                {
                                    "Worker Number": 5,
                                    "Actual Startup Time": 704.029,
                                    "Actual Total Time": 704.033,
                                    "Actual Rows": 1,
                                    "Actual Loops": 1
                                }
                            ],
                            "Plans": [
                                {
                                    "Node Type": "Hash Join",
                                    "Parent Relationship": "Outer",
                                    "Parallel Aware": true,
                                    "Join Type": "Inner",
                                    "Startup Cost": 48033.27,
                                    "Total Cost": 274501.78,
                                    "Plan Rows": 453816,
                                    "Plan Width": 0,
                                    "Actual Startup Time": 128.064,
                                    "Actual Total Time": 689.301,
                                    "Actual Rows": 269816,
                                    "Actual Loops": 7,
                                    "Inner Unique": true,
                                    "Hash Cond": "(ci.movie_id = t.id)",
                                    "Workers": [
                                        {
                                            "Worker Number": 0,
                                            "Actual Startup Time": 125.517,
                                            "Actual Total Time": 685.671,
                                            "Actual Rows": 230829,
                                            "Actual Loops": 1
                                        },
                                        {
                                            "Worker Number": 1,
                                            "Actual Startup Time": 125.807,
                                            "Actual Total Time": 685.757,
                                            "Actual Rows": 227143,
                                            "Actual Loops": 1
                                        },
                                        {
                                            "Worker Number": 2,
                                            "Actual Startup Time": 126.662,
                                            "Actual Total Time": 687.266,
                                            "Actual Rows": 221594,
                                            "Actual Loops": 1
                                        },
                                        {
                                            "Worker Number": 3,
                                            "Actual Startup Time": 126.81,
                                            "Actual Total Time": 687.412,
                                            "Actual Rows": 223664,
                                            "Actual Loops": 1
                                        },
                                        {
                                            "Worker Number": 4,
                                            "Actual Startup Time": 127.148,
                                            "Actual Total Time": 689.157,
                                            "Actual Rows": 318899,
                                            "Actual Loops": 1
                                        },
                                        {
                                            "Worker Number": 5,
                                            "Actual Startup Time": 126.88,
                                            "Actual Total Time": 688.959,
                                            "Actual Rows": 320282,
                                            "Actual Loops": 1
                                        }
                                    ],
                                    "Plans": [
                                        {
                                            "Node Type": "Index Scan",
                                            "Parent Relationship": "Outer",
                                            "Parallel Aware": true,
                                            "Scan Direction": "Forward",
                                            "Index Name": "role_id_cast_info",
                                            "Relation Name": "cast_info",
                                            "Schema": "public",
                                            "Alias": "ci",
                                            "Startup Cost": 0.56,
                                            "Total Cost": 222783.06,
                                            "Plan Rows": 1404191,
                                            "Plan Width": 4,
                                            "Actual Startup Time": 0.215,
                                            "Actual Total Time": 242.094,
                                            "Actual Rows": 1212331,
                                            "Actual Loops": 7,
                                            "Output": [
                                                "ci.id",
                                                "ci.person_id",
                                                "ci.movie_id",
                                                "ci.person_role_id",
                                                "ci.note",
                                                "ci.nr_order",
                                                "ci.role_id"
                                            ],
                                            "Index Cond": "(ci.role_id > 5)",
                                            "Rows Removed by Index Recheck": 0,
                                            "Workers": [
                                                {
                                                    "Worker Number": 0,
                                                    "Actual Startup Time": 0.104,
                                                    "Actual Total Time": 250.878,
                                                    "Actual Rows": 1022884,
                                                    "Actual Loops": 1
                                                },
                                                {
                                                    "Worker Number": 1,
                                                    "Actual Startup Time": 0.285,
                                                    "Actual Total Time": 250.512,
                                                    "Actual Rows": 1015573,
                                                    "Actual Loops": 1
                                                },
                                                {
                                                    "Worker Number": 2,
                                                    "Actual Startup Time": 0.55,
                                                    "Actual Total Time": 250.721,
                                                    "Actual Rows": 1001141,
                                                    "Actual Loops": 1
                                                },
                                                {
                                                    "Worker Number": 3,
                                                    "Actual Startup Time": 0.064,
                                                    "Actual Total Time": 246.869,
                                                    "Actual Rows": 1011415,
                                                    "Actual Loops": 1
                                                },
                                                {
                                                    "Worker Number": 4,
                                                    "Actual Startup Time": 0.422,
                                                    "Actual Total Time": 236.832,
                                                    "Actual Rows": 1437195,
                                                    "Actual Loops": 1
                                                },
                                                {
                                                    "Worker Number": 5,
                                                    "Actual Startup Time": 0.052,
                                                    "Actual Total Time": 235.63,
                                                    "Actual Rows": 1413600,
                                                    "Actual Loops": 1
                                                }
                                            ]
                                        },
                                        {
                                            "Node Type": "Hash",
                                            "Parent Relationship": "Inner",
                                            "Parallel Aware": true,
                                            "Startup Cost": 45479.21,
                                            "Total Cost": 45479.21,
                                            "Plan Rows": 204280,
                                            "Plan Width": 4,
                                            "Actual Startup Time": 125.781,
                                            "Actual Total Time": 125.782,
                                            "Actual Rows": 105537,
                                            "Actual Loops": 7,
                                            "Output": [
                                                "t.id"
                                            ],
                                            "Hash Buckets": 1048576,
                                            "Original Hash Buckets": 1048576,
                                            "Hash Batches": 1,
                                            "Original Hash Batches": 1,
                                            "Peak Memory Usage": 37152,
                                            "Workers": [
                                                {
                                                    "Worker Number": 0,
                                                    "Actual Startup Time": 124.91,
                                                    "Actual Total Time": 124.911,
                                                    "Actual Rows": 84963,
                                                    "Actual Loops": 1
                                                },
                                                {
                                                    "Worker Number": 1,
                                                    "Actual Startup Time": 124.764,
                                                    "Actual Total Time": 124.766,
                                                    "Actual Rows": 84968,
                                                    "Actual Loops": 1
                                                },
                                                {
                                                    "Worker Number": 2,
                                                    "Actual Startup Time": 125.16,
                                                    "Actual Total Time": 125.161,
                                                    "Actual Rows": 83280,
                                                    "Actual Loops": 1
                                                },
                                                {
                                                    "Worker Number": 3,
                                                    "Actual Startup Time": 126.058,
                                                    "Actual Total Time": 126.059,
                                                    "Actual Rows": 81775,
                                                    "Actual Loops": 1
                                                },
                                                {
                                                    "Worker Number": 4,
                                                    "Actual Startup Time": 126.192,
                                                    "Actual Total Time": 126.193,
                                                    "Actual Rows": 110257,
                                                    "Actual Loops": 1
                                                },
                                                {
                                                    "Worker Number": 5,
                                                    "Actual Startup Time": 126.181,
                                                    "Actual Total Time": 126.182,
                                                    "Actual Rows": 105373,
                                                    "Actual Loops": 1
                                                }
                                            ],
                                            "Plans": [
                                                {
                                                    "Node Type": "Seq Scan",
                                                    "Parent Relationship": "Outer",
                                                    "Parallel Aware": true,
                                                    "Relation Name": "title",
                                                    "Schema": "public",
                                                    "Alias": "t",
                                                    "Startup Cost": 0.0,
                                                    "Total Cost": 45479.21,
                                                    "Plan Rows": 204280,
                                                    "Plan Width": 4,
                                                    "Actual Startup Time": 0.041,
                                                    "Actual Total Time": 78.881,
                                                    "Actual Rows": 105537,
                                                    "Actual Loops": 7,
                                                    "Output": [
                                                        "t.id"
                                                    ],
                                                    "Filter": "((t.production_year < 2005) AND (t.kind_id = 7))",
                                                    "Rows Removed by Filter": 255650,
                                                    "Workers": [
                                                        {
                                                            "Worker Number": 0,
                                                            "Actual Startup Time": 0.044,
                                                            "Actual Total Time": 80.933,
                                                            "Actual Rows": 84963,
                                                            "Actual Loops": 1
                                                        },
                                                        {
                                                            "Worker Number": 1,
                                                            "Actual Startup Time": 0.044,
                                                            "Actual Total Time": 80.94,
                                                            "Actual Rows": 84968,
                                                            "Actual Loops": 1
                                                        },
                                                        {
                                                            "Worker Number": 2,
                                                            "Actual Startup Time": 0.038,
                                                            "Actual Total Time": 80.725,
                                                            "Actual Rows": 83280,
                                                            "Actual Loops": 1
                                                        },
                                                        {
                                                            "Worker Number": 3,
                                                            "Actual Startup Time": 0.066,
                                                            "Actual Total Time": 80.594,
                                                            "Actual Rows": 81775,
                                                            "Actual Loops": 1
                                                        },
                                                        {
                                                            "Worker Number": 4,
                                                            "Actual Startup Time": 0.046,
                                                            "Actual Total Time": 78.454,
                                                            "Actual Rows": 110257,
                                                            "Actual Loops": 1
                                                        },
                                                        {
                                                            "Worker Number": 5,
                                                            "Actual Startup Time": 0.036,
                                                            "Actual Total Time": 78.538,
                                                            "Actual Rows": 105373,
                                                            "Actual Loops": 1
                                                        }
                                                    ]
                                                }
                                            ]
                                        }
                                    ]
                                }
                            ]
                        }
                    ]
                }
            ]
        },
        "Planning Time": 184.256,
        "Triggers": [],
        "Execution Time": 739.391
    }
]