[
  {
    "Plan": {
      "Node Type": "Aggregate",
      "Strategy": "Plain",
      "Partial Mode": "Finalize",
      "Parallel Aware": false,
      "Startup Cost": 32243.03,
      "Total Cost": 32243.04,
      "Plan Rows": 1,
      "Plan Width": 8,
      "Actual Startup Time": 83.268,
      "Actual Total Time": 90.709,
      "Actual Rows": 1,
      "Actual Loops": 1,
      "Plans": [
        {
          "Node Type": "Gather",
          "Parent Relationship": "Outer",
          "Parallel Aware": false,
          "Startup Cost": 32242.72,
          "Total Cost": 32243.03,
          "Plan Rows": 3,
          "Plan Width": 8,
          "Actual Startup Time": 83.0,
          "Actual Total Time": 90.701,
          "Actual Rows": 4,
          "Actual Loops": 1,
          "Workers Planned": 3,
          "Workers Launched": 3,
          "Single Copy": false,
          "Plans": [
            {
              "Node Type": "Aggregate",
              "Strategy": "Plain",
              "Partial Mode": "Partial",
              "Parent Relationship": "Outer",
              "Parallel Aware": false,
              "Startup Cost": 31242.72,
              "Total Cost": 31242.73,
              "Plan Rows": 1,
              "Plan Width": 8,
              "Actual Startup Time": 73.861,
              "Actual Total Time": 73.863,
              "Actual Rows": 1,
              "Actual Loops": 4,
              "Plans": [
                {
                  "Node Type": "Bitmap Heap Scan",
                  "Parent Relationship": "Outer",
                  "Parallel Aware": true,
                  "Relation Name": "movie_companies",
                  "Alias": "mc",
                  "Startup Cost": 10012.81,
                  "Total Cost": 31051.2,
                  "Plan Rows": 76605,
                  "Plan Width": 0,
                  "Actual Startup Time": 56.16,
                  "Actual Total Time": 72.318,
                  "Actual Rows": 28343,
                  "Actual Loops": 4,
                  "Recheck Cond": "(company_id < 394)",
                  "Rows Removed by Index Recheck": 0,
                  "Filter": "(company_type_id > 1)",
                  "Rows Removed by Filter": 86177,
                  "Exact Heap Blocks": 9737,
                  "Lossy Heap Blocks": 0,
                  "Plans": [
                    {
                      "Node Type": "Bitmap Index Scan",
                      "Parent Relationship": "Outer",
                      "Parallel Aware": false,
                      "Index Name": "company_id_movie_companies",
                      "Startup Cost": 0.0,
                      "Total Cost": 9953.44,
                      "Plan Rows": 464668,
                      "Plan Width": 0,
                      "Actual Startup Time": 21.308,
                      "Actual Total Time": 21.309,
                      "Actual Rows": 458080,
                      "Actual Loops": 1,
                      "Index Cond": "(company_id < 394)"
                    }
                  ]
                }
              ]
            }
          ]
        }
      ]
    },
    "Planning Time": 0.214,
    "Triggers": [],
    "Execution Time": 90.786
  }
]