[
  {
    "Plan": {
      "Node Type": "Aggregate",
      "Strategy": "Plain",
      "Partial Mode": "Finalize",
      "Parallel Aware": false,
      "Startup Cost": 339542.66,
      "Total Cost": 339542.67,
      "Plan Rows": 1,
      "Plan Width": 8,
      "Actual Startup Time": 735.52,
      "Actual Total Time": 777.243,
      "Actual Rows": 1,
      "Actual Loops": 1,
      "Plans": [
        {
          "Node Type": "Gather",
          "Parent Relationship": "Outer",
          "Parallel Aware": false,
          "Startup Cost": 339542.03,
          "Total Cost": 339542.64,
          "Plan Rows": 6,
          "Plan Width": 8,
          "Actual Startup Time": 735.187,
          "Actual Total Time": 777.23,
          "Actual Rows": 7,
          "Actual Loops": 1,
          "Workers Planned": 6,
          "Workers Launched": 6,
          "Single Copy": false,
          "Plans": [
            {
              "Node Type": "Aggregate",
              "Strategy": "Plain",
              "Partial Mode": "Partial",
              "Parent Relationship": "Outer",
              "Parallel Aware": false,
              "Startup Cost": 338542.03,
              "Total Cost": 338542.04,
              "Plan Rows": 1,
              "Plan Width": 8,
              "Actual Startup Time": 728.499,
              "Actual Total Time": 728.5,
              "Actual Rows": 1,
              "Actual Loops": 7,
              "Plans": [
                {
                  "Node Type": "Seq Scan",
                  "Parent Relationship": "Outer",
                  "Parallel Aware": true,
                  "Relation Name": "cast_info",
                  "Alias": "ci",
                  "Startup Cost": 0.0,
                  "Total Cost": 328211.39,
                  "Plan Rows": 4132257,
                  "Plan Width": 0,
                  "Actual Startup Time": 123.57,
                  "Actual Total Time": 578.163,
                  "Actual Rows": 3530215,
                  "Actual Loops": 7,
                  "Filter": "(person_id > 1135161)",
                  "Rows Removed by Filter": 1647549
                }
              ]
            }
          ]
        }
      ]
    },
    "Planning Time": 0.08,
    "Triggers": [],
    "Execution Time": 777.281
  }
]