[
  {
    "Plan": {
      "Node Type": "Aggregate",
      "Strategy": "Plain",
      "Partial Mode": "Finalize",
      "Parallel Aware": false,
      "Startup Cost": 263644.18,
      "Total Cost": 263644.19,
      "Plan Rows": 1,
      "Plan Width": 8,
      "Actual Startup Time": 453.682,
      "Actual Total Time": 509.481,
      "Actual Rows": 1,
      "Actual Loops": 1,
      "Plans": [
        {
          "Node Type": "Gather",
          "Parent Relationship": "Outer",
          "Parallel Aware": false,
          "Startup Cost": 263643.66,
          "Total Cost": 263644.17,
          "Plan Rows": 5,
          "Plan Width": 8,
          "Actual Startup Time": 452.795,
          "Actual Total Time": 509.472,
          "Actual Rows": 6,
          "Actual Loops": 1,
          "Workers Planned": 5,
          "Workers Launched": 5,
          "Single Copy": false,
          "Plans": [
            {
              "Node Type": "Aggregate",
              "Strategy": "Plain",
              "Partial Mode": "Partial",
              "Parent Relationship": "Outer",
              "Parallel Aware": false,
              "Startup Cost": 262643.66,
              "Total Cost": 262643.67,
              "Plan Rows": 1,
              "Plan Width": 8,
              "Actual Startup Time": 444.875,
              "Actual Total Time": 444.879,
              "Actual Rows": 1,
              "Actual Loops": 6,
              "Plans": [
                {
                  "Node Type": "Nested Loop",
                  "Parent Relationship": "Outer",
                  "Parallel Aware": false,
                  "Join Type": "Inner",
                  "Startup Cost": 69497.83,
                  "Total Cost": 262297.79,
                  "Plan Rows": 138347,
                  "Plan Width": 0,
                  "Actual Startup Time": 124.215,
                  "Actual Total Time": 437.103,
                  "Actual Rows": 115466,
                  "Actual Loops": 6,
                  "Inner Unique": false,
                  "Join Filter": "(t.id = ci.movie_id)",
                  "Rows Removed by Join Filter": 0,
                  "Plans": [
                    {
                      "Node Type": "Hash Join",
                      "Parent Relationship": "Outer",
                      "Parallel Aware": true,
                      "Join Type": "Inner",
                      "Startup Cost": 69497.27,
                      "Total Cost": 235461.76,
                      "Plan Rows": 9649,
                      "Plan Width": 8,
                      "Actual Startup Time": 124.063,
                      "Actual Total Time": 185.936,
                      "Actual Rows": 5360,
                      "Actual Loops": 6,
                      "Inner Unique": true,
                      "Hash Cond": "(mi.movie_id = t.id)",
                      "Plans": [
                        {
                          "Node Type": "Bitmap Heap Scan",
                          "Parent Relationship": "Outer",
                          "Parallel Aware": true,
                          "Relation Name": "movie_info",
                          "Alias": "mi",
                          "Startup Cost": 23727.33,
                          "Total Cost": 189002.56,
                          "Plan Rows": 262578,
                          "Plan Width": 4,
                          "Actual Startup Time": 38.452,
                          "Actual Total Time": 62.115,
                          "Actual Rows": 220894,
                          "Actual Loops": 6,
                          "Recheck Cond": "(info_type_id = 8)",
                          "Rows Removed by Index Recheck": 0,
                          "Exact Heap Blocks": 2359,
                          "Lossy Heap Blocks": 0,
                          "Plans": [
                            {
                              "Node Type": "Bitmap Index Scan",
                              "Parent Relationship": "Outer",
                              "Parallel Aware": false,
                              "Index Name": "info_type_id_movie_info",
                              "Startup Cost": 0.0,
                              "Total Cost": 23399.11,
                              "Plan Rows": 1312890,
                              "Plan Width": 0,
                              "Actual Startup Time": 37.185,
                              "Actual Total Time": 37.186,
                              "Actual Rows": 1325361,
                              "Actual Loops": 1,
                              "Index Cond": "(info_type_id = 8)"
                            }
                          ]
                        },
                        {
                          "Node Type": "Hash",
                          "Parent Relationship": "Inner",
                          "Parallel Aware": true,
                          "Startup Cost": 45479.59,
                          "Total Cost": 45479.59,
                          "Plan Rows": 23228,
                          "Plan Width": 4,
                          "Actual Startup Time": 84.833,
                          "Actual Total Time": 84.833,
                          "Actual Rows": 16765,
                          "Actual Loops": 6,
                          "Hash Buckets": 131072,
                          "Original Hash Buckets": 131072,
                          "Hash Batches": 1,
                          "Original Hash Batches": 1,
                          "Peak Memory Usage": 5024,
                          "Plans": [
                            {
                              "Node Type": "Seq Scan",
                              "Parent Relationship": "Outer",
                              "Parallel Aware": true,
                              "Relation Name": "title",
                              "Alias": "t",
                              "Startup Cost": 0.0,
                              "Total Cost": 45479.59,
                              "Plan Rows": 23228,
                              "Plan Width": 4,
                              "Actual Startup Time": 0.043,
                              "Actual Total Time": 77.241,
                              "Actual Rows": 16765,
                              "Actual Loops": 6,
                              "Filter": "((kind_id > 1) AND (production_year = 2009))",
                              "Rows Removed by Filter": 404620
                            }
                          ]
                        }
                      ]
                    },
                    {
                      "Node Type": "Index Only Scan",
                      "Parent Relationship": "Inner",
                      "Parallel Aware": false,
                      "Scan Direction": "Forward",
                      "Index Name": "movie_id_cast_info",
                      "Relation Name": "cast_info",
                      "Alias": "ci",
                      "Startup Cost": 0.56,
                      "Total Cost": 2.34,
                      "Plan Rows": 35,
                      "Plan Width": 4,
                      "Actual Startup Time": 0.008,
                      "Actual Total Time": 0.044,
                      "Actual Rows": 22,
                      "Actual Loops": 32162,
                      "Index Cond": "(movie_id = mi.movie_id)",
                      "Rows Removed by Index Recheck": 0,
                      "Heap Fetches": 692793
                    }
                  ]
                }
              ]
            }
          ]
        }
      ]
    },
    "Planning Time": 0.502,
    "Triggers": [],
    "Execution Time": 509.559
  }
]