[
  {
    "Plan": {
      "Node Type": "Aggregate",
      "Strategy": "Plain",
      "Partial Mode": "Finalize",
      "Parallel Aware": false,
      "Startup Cost": 254013.84,
      "Total Cost": 254013.85,
      "Plan Rows": 1,
      "Plan Width": 8,
      "Actual Startup Time": 1026.504,
      "Actual Total Time": 1094.799,
      "Actual Rows": 1,
      "Actual Loops": 1,
      "Plans": [
        {
          "Node Type": "Gather",
          "Parent Relationship": "Outer",
          "Parallel Aware": false,
          "Startup Cost": 254013.32,
          "Total Cost": 254013.83,
          "Plan Rows": 5,
          "Plan Width": 8,
          "Actual Startup Time": 1023.588,
          "Actual Total Time": 1094.785,
          "Actual Rows": 6,
          "Actual Loops": 1,
          "Workers Planned": 5,
          "Workers Launched": 5,
          "Single Copy": false,
          "Plans": [
            {
              "Node Type": "Aggregate",
              "Strategy": "Plain",
              "Partial Mode": "Partial",
              "Parent Relationship": "Outer",
              "Parallel Aware": false,
              "Startup Cost": 253013.32,
              "Total Cost": 253013.33,
              "Plan Rows": 1,
              "Plan Width": 8,
              "Actual Startup Time": 1014.133,
              "Actual Total Time": 1014.191,
              "Actual Rows": 1,
              "Actual Loops": 6,
              "Plans": [
                {
                  "Node Type": "Hash Join",
                  "Parent Relationship": "Outer",
                  "Parallel Aware": true,
                  "Join Type": "Inner",
                  "Startup Cost": 46062.16,
                  "Total Cost": 252498.72,
                  "Plan Rows": 205837,
                  "Plan Width": 0,
                  "Actual Startup Time": 136.775,
                  "Actual Total Time": 982.785,
                  "Actual Rows": 552748,
                  "Actual Loops": 6,
                  "Inner Unique": true,
                  "Hash Cond": "(mi.movie_id = t.id)",
                  "Plans": [
                    {
                      "Node Type": "Seq Scan",
                      "Parent Relationship": "Outer",
                      "Parallel Aware": true,
                      "Relation Name": "movie_info",
                      "Alias": "mi",
                      "Startup Cost": 0.0,
                      "Total Cost": 199108.24,
                      "Plan Rows": 2791737,
                      "Plan Width": 4,
                      "Actual Startup Time": 0.045,
                      "Actual Total Time": 443.349,
                      "Actual Rows": 2327249,
                      "Actual Loops": 6,
                      "Filter": "(info_type_id < 98)",
                      "Rows Removed by Filter": 145371
                    },
                    {
                      "Node Type": "Hash",
                      "Parent Relationship": "Inner",
                      "Parallel Aware": true,
                      "Startup Cost": 45479.59,
                      "Total Cost": 45479.59,
                      "Plan Rows": 46606,
                      "Plan Width": 4,
                      "Actual Startup Time": 133.655,
                      "Actual Total Time": 133.656,
                      "Actual Rows": 50108,
                      "Actual Loops": 6,
                      "Hash Buckets": 524288,
                      "Original Hash Buckets": 262144,
                      "Hash Batches": 1,
                      "Original Hash Batches": 1,
                      "Peak Memory Usage": 17984,
                      "Plans": [
                        {
                          "Node Type": "Seq Scan",
                          "Parent Relationship": "Outer",
                          "Parallel Aware": true,
                          "Relation Name": "title",
                          "Alias": "t",
                          "Startup Cost": 0.0,
                          "Total Cost": 45479.59,
                          "Plan Rows": 46606,
                          "Plan Width": 4,
                          "Actual Startup Time": 0.104,
                          "Actual Total Time": 99.004,
                          "Actual Rows": 50108,
                          "Actual Loops": 6,
                          "Filter": "((kind_id < 7) AND (production_year < 1979))",
                          "Rows Removed by Filter": 371278
                        }
                      ]
                    }
                  ]
                }
              ]
            }
          ]
        }
      ]
    },
    "Planning Time": 0.82,
    "Triggers": [],
    "Execution Time": 1094.883
  }
]