{
    "Plan": {
        "Node Type": "Aggregate",
        "Strategy": "Plain",
        "Partial Mode": "Simple",
        "Parallel Aware": false,
        "Startup Cost": 20025846350.04,
        "Total Cost": 20025846350.05,
        "Plan Rows": 1,
        "Plan Width": 8,
        "Actual Startup Time": 32500.657,
        "Actual Total Time": 32500.662,
        "Actual Rows": 1,
        "Actual Loops": 1,
        "Output": [
            "count(*)"
        ],
        "Plans": [
            {
                "Node Type": "Hash Join",
                "Parent Relationship": "Outer",
                "Parallel Aware": false,
                "Join Type": "Inner",
                "Startup Cost": 20000225082.98,
                "Total Cost": 20025790777.11,
                "Plan Rows": 22229175,
                "Plan Width": 0,
                "Actual Startup Time": 2032.415,
                "Actual Total Time": 30094.463,
                "Actual Rows": 61114119,
                "Actual Loops": 1,
                "Inner Unique": false,
                "Hash Cond": "(t.id = mk.movie_id)",
                "Plans": [
                    {
                        "Node Type": "Nested Loop",
                        "Parent Relationship": "Outer",
                        "Parallel Aware": false,
                        "Join Type": "Inner",
                        "Startup Cost": 20000000001.87,
                        "Total Cost": 20005796180.93,
                        "Plan Rows": 12945181,
                        "Plan Width": 8,
                        "Actual Startup Time": 0.284,
                        "Actual Total Time": 22988.39,
                        "Actual Rows": 14326172,
                        "Actual Loops": 1,
                        "Output": [
                            "t.id",
                            "ci.movie_id"
                        ],
                        "Inner Unique": false,
                        "Plans": [
                            {
                                "Node Type": "Index Scan",
                                "Parent Relationship": "Outer",
                                "Parallel Aware": false,
                                "Scan Direction": "Forward",
                                "Index Name": "title_pkey",
                                "Relation Name": "title",
                                "Schema": "public",
                                "Alias": "t",
                                "Startup Cost": 10000000000.43,
                                "Total Cost": 10000116662.9,
                                "Plan Rows": 902816,
                                "Plan Width": 4,
                                "Actual Startup Time": 0.199,
                                "Actual Total Time": 1960.539,
                                "Actual Rows": 904491,
                                "Actual Loops": 1,
                                "Output": [
                                    "t.id",
                                    "t.title",
                                    "t.imdb_index",
                                    "t.kind_id",
                                    "t.production_year",
                                    "t.imdb_id",
                                    "t.phonetic_code",
                                    "t.episode_of_id",
                                    "t.season_nr",
                                    "t.episode_nr",
                                    "t.series_years",
                                    "t.md5sum"
                                ],
                                "Filter": "(t.production_year > 2006)",
                                "Rows Removed by Filter": 1623821
                            },
                            {
                                "Node Type": "Bitmap Heap Scan",
                                "Parent Relationship": "Inner",
                                "Parallel Aware": false,
                                "Relation Name": "cast_info",
                                "Schema": "public",
                                "Alias": "ci",
                                "Startup Cost": 1.44,
                                "Total Cost": 5.91,
                                "Plan Rows": 38,
                                "Plan Width": 4,
                                "Actual Startup Time": 0.006,
                                "Actual Total Time": 0.02,
                                "Actual Rows": 16,
                                "Actual Loops": 904491,
                                "Output": [
                                    "ci.id",
                                    "ci.person_id",
                                    "ci.movie_id",
                                    "ci.person_role_id",
                                    "ci.note",
                                    "ci.nr_order",
                                    "ci.role_id"
                                ],
                                "Recheck Cond": "(ci.movie_id = t.id)",
                                "Rows Removed by Index Recheck": 0,
                                "Exact Heap Blocks": 13990964,
                                "Lossy Heap Blocks": 0,
                                "Plans": [
                                    {
                                        "Node Type": "Bitmap Index Scan",
                                        "Parent Relationship": "Outer",
                                        "Parallel Aware": false,
                                        "Index Name": "movie_id_cast_info",
                                        "Startup Cost": 0.0,
                                        "Total Cost": 1.43,
                                        "Plan Rows": 38,
                                        "Plan Width": 0,
                                        "Actual Startup Time": 0.004,
                                        "Actual Total Time": 0.004,
                                        "Actual Rows": 16,
                                        "Actual Loops": 904491,
                                        "Index Cond": "(ci.movie_id = t.id)"
                                    }
                                ]
                            }
                        ]
                    },
                    {
                        "Node Type": "Hash",
                        "Parent Relationship": "Inner",
                        "Parallel Aware": false,
                        "Startup Cost": 170811.39,
                        "Total Cost": 170811.39,
                        "Plan Rows": 4341578,
                        "Plan Width": 4,
                        "Actual Startup Time": 1967.313,
                        "Actual Total Time": 1967.314,
                        "Actual Rows": 4346368,
                        "Actual Loops": 1,
                        "Output": [
                            "mk.movie_id"
                        ],
                        "Hash Buckets": 8388608,
                        "Original Hash Buckets": 8388608,
                        "Hash Batches": 1,
                        "Original Hash Batches": 1,
                        "Peak Memory Usage": 218338,
                        "Plans": [
                            {
                                "Node Type": "Bitmap Heap Scan",
                                "Parent Relationship": "Outer",
                                "Parallel Aware": false,
                                "Relation Name": "movie_keyword",
                                "Schema": "public",
                                "Alias": "mk",
                                "Startup Cost": 92087.66,
                                "Total Cost": 170811.39,
                                "Plan Rows": 4341578,
                                "Plan Width": 4,
                                "Actual Startup Time": 379.135,
                                "Actual Total Time": 1094.483,
                                "Actual Rows": 4346368,
                                "Actual Loops": 1,
                                "Output": [
                                    "mk.movie_id"
                                ],
                                "Recheck Cond": "(mk.keyword_id > 121)",
                                "Rows Removed by Index Recheck": 0,
                                "Exact Heap Blocks": 24452,
                                "Lossy Heap Blocks": 0,
                                "Plans": [
                                    {
                                        "Node Type": "Bitmap Index Scan",
                                        "Parent Relationship": "Outer",
                                        "Parallel Aware": false,
                                        "Index Name": "keyword_id_movie_keyword",
                                        "Startup Cost": 0.0,
                                        "Total Cost": 91002.27,
                                        "Plan Rows": 4341578,
                                        "Plan Width": 0,
                                        "Actual Startup Time": 374.234,
                                        "Actual Total Time": 374.234,
                                        "Actual Rows": 4346368,
                                        "Actual Loops": 1,
                                        "Index Cond": "(mk.keyword_id > 121)"
                                    }
                                ]
                            }
                        ]
                    }
                ]
            }
        ]
    },
    "Planning Time": 3.674,
    "Triggers": [],
    "Execution Time": 32508.628
}