[
  {
    "Plan": {
      "Node Type": "Aggregate",
      "Strategy": "Plain",
      "Partial Mode": "Finalize",
      "Parallel Aware": false,
      "Startup Cost": 31260.33,
      "Total Cost": 31260.34,
      "Plan Rows": 1,
      "Plan Width": 8,
      "Actual Startup Time": 99.988,
      "Actual Total Time": 107.838,
      "Actual Rows": 1,
      "Actual Loops": 1,
      "Plans": [
        {
          "Node Type": "Gather",
          "Parent Relationship": "Outer",
          "Parallel Aware": false,
          "Startup Cost": 31260.02,
          "Total Cost": 31260.33,
          "Plan Rows": 3,
          "Plan Width": 8,
          "Actual Startup Time": 99.829,
          "Actual Total Time": 107.827,
          "Actual Rows": 4,
          "Actual Loops": 1,
          "Workers Planned": 3,
          "Workers Launched": 3,
          "Single Copy": false,
          "Plans": [
            {
              "Node Type": "Aggregate",
              "Strategy": "Plain",
              "Partial Mode": "Partial",
              "Parent Relationship": "Outer",
              "Parallel Aware": false,
              "Startup Cost": 30260.02,
              "Total Cost": 30260.03,
              "Plan Rows": 1,
              "Plan Width": 8,
              "Actual Startup Time": 94.638,
              "Actual Total Time": 94.639,
              "Actual Rows": 1,
              "Actual Loops": 4,
              "Plans": [
                {
                  "Node Type": "Seq Scan",
                  "Parent Relationship": "Outer",
                  "Parallel Aware": true,
                  "Relation Name": "movie_companies",
                  "Alias": "mc",
                  "Startup Cost": 0.0,
                  "Total Cost": 29310.68,
                  "Plan Rows": 379734,
                  "Plan Width": 0,
                  "Actual Startup Time": 13.751,
                  "Actual Total Time": 79.555,
                  "Actual Rows": 292330,
                  "Actual Loops": 4,
                  "Filter": "(company_id > 12823)",
                  "Rows Removed by Filter": 359952
                }
              ]
            }
          ]
        }
      ]
    },
    "Planning Time": 0.105,
    "Triggers": [],
    "Execution Time": 107.87
  }
]