{
  "Plan": {
    "Node Type": "Aggregate",
    "Strategy": "Plain",
    "Partial Mode": "Simple",
    "Parallel Aware": false,
    "Startup Cost": 287497.27,
    "Total Cost": 287497.28,
    "Plan Rows": 1,
    "Plan Width": 128,
    "Actual Startup Time": 1864.023,
    "Actual Total Time": 1864.033,
    "Actual Rows": 1,
    "Actual Loops": 1,
    "Plans": [
      {
        "Node Type": "Nested Loop",
        "Parent Relationship": "Outer",
        "Parallel Aware": false,
        "Join Type": "Inner",
        "Startup Cost": 3468.56,
        "Total Cost": 287497.26,
        "Plan Rows": 1,
        "Plan Width": 81,
        "Actual Startup Time": 37.536,
        "Actual Total Time": 1862.127,
        "Actual Rows": 8024,
        "Actual Loops": 1,
        "Inner Unique": true,
        "Join Filter": "(mi.movie_id = t.id)",
        "Rows Removed by Join Filter": 0,
        "Plans": [
          {
            "Node Type": "Hash Join",
            "Parent Relationship": "Outer",
            "Parallel Aware": false,
            "Join Type": "Inner",
            "Startup Cost": 3468.13,
            "Total Cost": 287496.76,
            "Plan Rows": 1,
            "Plan Width": 84,
            "Actual Startup Time": 37.521,
            "Actual Total Time": 1846.204,
            "Actual Rows": 8024,
            "Actual Loops": 1,
            "Inner Unique": true,
            "Hash Cond": "(mk.keyword_id = k.id)",
            "Plans": [
              {
                "Node Type": "Nested Loop",
                "Parent Relationship": "Outer",
                "Parallel Aware": false,
                "Join Type": "Inner",
                "Startup Cost": 3.35,
                "Total Cost": 284031.95,
                "Plan Rows": 13,
                "Plan Width": 88,
                "Actual Startup Time": 0.772,
                "Actual Total Time": 1790.161,
                "Actual Rows": 338545,
                "Actual Loops": 1,
                "Inner Unique": false,
                "Join Filter": "(mi.movie_id = mk.movie_id)",
                "Rows Removed by Join Filter": 0,
                "Plans": [
                  {
                    "Node Type": "Nested Loop",
                    "Parent Relationship": "Outer",
                    "Parallel Aware": false,
                    "Join Type": "Inner",
                    "Startup Cost": 2.92,
                    "Total Cost": 284030.01,
                    "Plan Rows": 1,
                    "Plan Width": 80,
                    "Actual Startup Time": 0.74,
                    "Actual Total Time": 1694.849,
                    "Actual Rows": 4385,
                    "Actual Loops": 1,
                    "Inner Unique": true,
                    "Plans": [
                      {
                        "Node Type": "Nested Loop",
                        "Parent Relationship": "Outer",
                        "Parallel Aware": false,
                        "Join Type": "Inner",
                        "Startup Cost": 2.49,
                        "Total Cost": 284029.32,
                        "Plan Rows": 1,
                        "Plan Width": 69,
                        "Actual Startup Time": 0.719,
                        "Actual Total Time": 1664.048,
                        "Actual Rows": 7247,
                        "Actual Loops": 1,
                        "Inner Unique": false,
                        "Join Filter": "(mi.info_type_id = it1.id)",
                        "Rows Removed by Join Filter": 1503,
                        "Plans": [
                          {
                            "Node Type": "Seq Scan",
                            "Parent Relationship": "Outer",
                            "Parallel Aware": false,
                            "Relation Name": "info_type",
                            "Alias": "it1",
                            "Startup Cost": 0.0,
                            "Total Cost": 2.41,
                            "Plan Rows": 1,
                            "Plan Width": 4,
                            "Actual Startup Time": 0.028,
                            "Actual Total Time": 0.034,
                            "Actual Rows": 1,
                            "Actual Loops": 1,
                            "Filter": "((info)::text = 'genres'::text)",
                            "Rows Removed by Filter": 112
                          },
                          {
                            "Node Type": "Nested Loop",
                            "Parent Relationship": "Inner",
                            "Parallel Aware": false,
                            "Join Type": "Inner",
                            "Startup Cost": 2.49,
                            "Total Cost": 284025.11,
                            "Plan Rows": 144,
                            "Plan Width": 73,
                            "Actual Startup Time": 0.688,
                            "Actual Total Time": 1662.835,
                            "Actual Rows": 8750,
                            "Actual Loops": 1,
                            "Inner Unique": false,
                            "Join Filter": "(cc.subject_id = cct1.id)",
                            "Rows Removed by Join Filter": 2125,
                            "Plans": [
                              {
                                "Node Type": "Seq Scan",
                                "Parent Relationship": "Outer",
                                "Parallel Aware": false,
                                "Relation Name": "comp_cast_type",
                                "Alias": "cct1",
                                "Startup Cost": 0.0,
                                "Total Cost": 1.05,
                                "Plan Rows": 1,
                                "Plan Width": 4,
                                "Actual Startup Time": 0.013,
                                "Actual Total Time": 0.015,
                                "Actual Rows": 1,
                                "Actual Loops": 1,
                                "Filter": "((kind)::text = 'cast'::text)",
                                "Rows Removed by Filter": 3
                              },
                              {
                                "Node Type": "Nested Loop",
                                "Parent Relationship": "Inner",
                                "Parallel Aware": false,
                                "Join Type": "Inner",
                                "Startup Cost": 2.49,
                                "Total Cost": 284016.84,
                                "Plan Rows": 577,
                                "Plan Width": 77,
                                "Actual Startup Time": 0.672,
                                "Actual Total Time": 1661.245,
                                "Actual Rows": 10875,
                                "Actual Loops": 1,
                                "Inner Unique": false,
                                "Join Filter": "(mi.movie_id = ci.movie_id)",
                                "Rows Removed by Join Filter": 0,
                                "Plans": [
                                  {
                                    "Node Type": "Nested Loop",
                                    "Parent Relationship": "Outer",
                                    "Parallel Aware": false,
                                    "Join Type": "Inner",
                                    "Startup Cost": 1.93,
                                    "Total Cost": 282787.86,
                                    "Plan Rows": 479,
                                    "Plan Width": 69,
                                    "Actual Startup Time": 0.475,
                                    "Actual Total Time": 786.133,
                                    "Actual Rows": 15827,
                                    "Actual Loops": 1,
                                    "Inner Unique": false,
                                    "Join Filter": "(mi_idx.info_type_id = it2.id)",
                                    "Rows Removed by Join Filter": 32258,
                                    "Plans": [
                                      {
                                        "Node Type": "Seq Scan",
                                        "Parent Relationship": "Outer",
                                        "Parallel Aware": false,
                                        "Relation Name": "info_type",
                                        "Alias": "it2",
                                        "Startup Cost": 0.0,
                                        "Total Cost": 2.41,
                                        "Plan Rows": 1,
                                        "Plan Width": 4,
                                        "Actual Startup Time": 0.032,
                                        "Actual Total Time": 0.035,
                                        "Actual Rows": 1,
                                        "Actual Loops": 1,
                                        "Filter": "((info)::text = 'votes'::text)",
                                        "Rows Removed by Filter": 112
                                      },
                                      {
                                        "Node Type": "Nested Loop",
                                        "Parent Relationship": "Inner",
                                        "Parallel Aware": false,
                                        "Join Type": "Inner",
                                        "Startup Cost": 1.93,
                                        "Total Cost": 282108.46,
                                        "Plan Rows": 54159,
                                        "Plan Width": 73,
                                        "Actual Startup Time": 0.437,
                                        "Actual Total Time": 782.03,
                                        "Actual Rows": 48085,
                                        "Actual Loops": 1,
                                        "Inner Unique": false,
                                        "Plans": [
                                          {
                                            "Node Type": "Nested Loop",
                                            "Parent Relationship": "Outer",
                                            "Parallel Aware": false,
                                            "Join Type": "Inner",
                                            "Startup Cost": 1.5,
                                            "Total Cost": 267778.1,
                                            "Plan Rows": 17699,
                                            "Plan Width": 59,
                                            "Actual Startup Time": 0.419,
                                            "Actual Total Time": 731.051,
                                            "Actual Rows": 15868,
                                            "Actual Loops": 1,
                                            "Inner Unique": false,
                                            "Plans": [
                                              {
                                                "Node Type": "Hash Join",
                                                "Parent Relationship": "Outer",
                                                "Parallel Aware": false,
                                                "Join Type": "Inner",
                                                "Startup Cost": 1.06,
                                                "Total Cost": 2813.24,
                                                "Plan Rows": 33772,
                                                "Plan Width": 8,
                                                "Actual Startup Time": 0.054,
                                                "Actual Total Time": 23.115,
                                                "Actual Rows": 24592,
                                                "Actual Loops": 1,
                                                "Inner Unique": true,
                                                "Hash Cond": "(cc.status_id = cct2.id)",
                                                "Plans": [
                                                  {
                                                    "Node Type": "Seq Scan",
                                                    "Parent Relationship": "Outer",
                                                    "Parallel Aware": false,
                                                    "Relation Name": "complete_cast",
                                                    "Alias": "cc",
                                                    "Startup Cost": 0.0,
                                                    "Total Cost": 2081.86,
                                                    "Plan Rows": 135086,
                                                    "Plan Width": 12,
                                                    "Actual Startup Time": 0.019,
                                                    "Actual Total Time": 9.847,
                                                    "Actual Rows": 135086,
                                                    "Actual Loops": 1
                                                  },
                                                  {
                                                    "Node Type": "Hash",
                                                    "Parent Relationship": "Inner",
                                                    "Parallel Aware": false,
                                                    "Startup Cost": 1.05,
                                                    "Total Cost": 1.05,
                                                    "Plan Rows": 1,
                                                    "Plan Width": 4,
                                                    "Actual Startup Time": 0.02,
                                                    "Actual Total Time": 0.021,
                                                    "Actual Rows": 1,
                                                    "Actual Loops": 1,
                                                    "Hash Buckets": 1024,
                                                    "Original Hash Buckets": 1024,
                                                    "Hash Batches": 1,
                                                    "Original Hash Batches": 1,
                                                    "Peak Memory Usage": 9,
                                                    "Plans": [
                                                      {
                                                        "Node Type": "Seq Scan",
                                                        "Parent Relationship": "Outer",
                                                        "Parallel Aware": false,
                                                        "Relation Name": "comp_cast_type",
                                                        "Alias": "cct2",
                                                        "Startup Cost": 0.0,
                                                        "Total Cost": 1.05,
                                                        "Plan Rows": 1,
                                                        "Plan Width": 4,
                                                        "Actual Startup Time": 0.013,
                                                        "Actual Total Time": 0.014,
                                                        "Actual Rows": 1,
                                                        "Actual Loops": 1,
                                                        "Filter": "((kind)::text = 'complete+verified'::text)",
                                                        "Rows Removed by Filter": 3
                                                      }
                                                    ]
                                                  }
                                                ]
                                              },
                                              {
                                                "Node Type": "Index Scan",
                                                "Parent Relationship": "Inner",
                                                "Parallel Aware": false,
                                                "Scan Direction": "Forward",
                                                "Index Name": "movie_id_movie_info",
                                                "Relation Name": "movie_info",
                                                "Alias": "mi",
                                                "Startup Cost": 0.43,
                                                "Total Cost": 7.84,
                                                "Plan Rows": 1,
                                                "Plan Width": 51,
                                                "Actual Startup Time": 0.027,
                                                "Actual Total Time": 0.029,
                                                "Actual Rows": 1,
                                                "Actual Loops": 24592,
                                                "Index Cond": "(movie_id = cc.movie_id)",
                                                "Rows Removed by Index Recheck": 0,
                                                "Filter": "(info = ANY ('{Horror,Action,Sci-Fi,Thriller,Crime,War}'::text[]))",
                                                "Rows Removed by Filter": 68
                                              }
                                            ]
                                          },
                                          {
                                            "Node Type": "Index Scan",
                                            "Parent Relationship": "Inner",
                                            "Parallel Aware": false,
                                            "Scan Direction": "Forward",
                                            "Index Name": "movie_id_movie_info_idx",
                                            "Relation Name": "movie_info_idx",
                                            "Alias": "mi_idx",
                                            "Startup Cost": 0.43,
                                            "Total Cost": 0.78,
                                            "Plan Rows": 3,
                                            "Plan Width": 14,
                                            "Actual Startup Time": 0.002,
                                            "Actual Total Time": 0.003,
                                            "Actual Rows": 3,
                                            "Actual Loops": 15868,
                                            "Index Cond": "(movie_id = mi.movie_id)",
                                            "Rows Removed by Index Recheck": 0
                                          }
                                        ]
                                      }
                                    ]
                                  },
                                  {
                                    "Node Type": "Index Scan",
                                    "Parent Relationship": "Inner",
                                    "Parallel Aware": false,
                                    "Scan Direction": "Forward",
                                    "Index Name": "movie_id_cast_info",
                                    "Relation Name": "cast_info",
                                    "Alias": "ci",
                                    "Startup Cost": 0.56,
                                    "Total Cost": 2.55,
                                    "Plan Rows": 1,
                                    "Plan Width": 8,
                                    "Actual Startup Time": 0.044,
                                    "Actual Total Time": 0.055,
                                    "Actual Rows": 1,
                                    "Actual Loops": 15827,
                                    "Index Cond": "(movie_id = mi_idx.movie_id)",
                                    "Rows Removed by Index Recheck": 0,
                                    "Filter": "(note = ANY ('{(writer),\"(head writer)\",\"(written by)\",(story),\"(story editor)\"}'::text[]))",
                                    "Rows Removed by Filter": 69
                                  }
                                ]
                              }
                            ]
                          }
                        ]
                      },
                      {
                        "Node Type": "Index Scan",
                        "Parent Relationship": "Inner",
                        "Parallel Aware": false,
                        "Scan Direction": "Forward",
                        "Index Name": "name_pkey",
                        "Relation Name": "name",
                        "Alias": "n",
                        "Startup Cost": 0.43,
                        "Total Cost": 0.69,
                        "Plan Rows": 1,
                        "Plan Width": 19,
                        "Actual Startup Time": 0.004,
                        "Actual Total Time": 0.004,
                        "Actual Rows": 1,
                        "Actual Loops": 7247,
                        "Index Cond": "(id = ci.person_id)",
                        "Rows Removed by Index Recheck": 0,
                        "Filter": "((gender)::text = 'm'::text)",
                        "Rows Removed by Filter": 0
                      }
                    ]
                  },
                  {
                    "Node Type": "Index Scan",
                    "Parent Relationship": "Inner",
                    "Parallel Aware": false,
                    "Scan Direction": "Forward",
                    "Index Name": "movie_id_movie_keyword",
                    "Relation Name": "movie_keyword",
                    "Alias": "mk",
                    "Startup Cost": 0.43,
                    "Total Cost": 1.37,
                    "Plan Rows": 46,
                    "Plan Width": 8,
                    "Actual Startup Time": 0.005,
                    "Actual Total Time": 0.013,
                    "Actual Rows": 77,
                    "Actual Loops": 4385,
                    "Index Cond": "(movie_id = mi_idx.movie_id)",
                    "Rows Removed by Index Recheck": 0
                  }
                ]
              },
              {
                "Node Type": "Hash",
                "Parent Relationship": "Inner",
                "Parallel Aware": false,
                "Startup Cost": 3464.69,
                "Total Cost": 3464.69,
                "Plan Rows": 7,
                "Plan Width": 4,
                "Actual Startup Time": 36.731,
                "Actual Total Time": 36.731,
                "Actual Rows": 7,
                "Actual Loops": 1,
                "Hash Buckets": 1024,
                "Original Hash Buckets": 1024,
                "Hash Batches": 1,
                "Original Hash Batches": 1,
                "Peak Memory Usage": 9,
                "Plans": [
                  {
                    "Node Type": "Seq Scan",
                    "Parent Relationship": "Outer",
                    "Parallel Aware": false,
                    "Relation Name": "keyword",
                    "Alias": "k",
                    "Startup Cost": 0.0,
                    "Total Cost": 3464.69,
                    "Plan Rows": 7,
                    "Plan Width": 4,
                    "Actual Startup Time": 2.013,
                    "Actual Total Time": 36.723,
                    "Actual Rows": 7,
                    "Actual Loops": 1,
                    "Filter": "(keyword = ANY ('{murder,violence,blood,gore,death,female-nudity,hospital}'::text[]))",
                    "Rows Removed by Filter": 134163
                  }
                ]
              }
            ]
          },
          {
            "Node Type": "Index Scan",
            "Parent Relationship": "Inner",
            "Parallel Aware": false,
            "Scan Direction": "Forward",
            "Index Name": "title_pkey",
            "Relation Name": "title",
            "Alias": "t",
            "Startup Cost": 0.43,
            "Total Cost": 0.49,
            "Plan Rows": 1,
            "Plan Width": 21,
            "Actual Startup Time": 0.002,
            "Actual Total Time": 0.002,
            "Actual Rows": 1,
            "Actual Loops": 8024,
            "Index Cond": "(id = mk.movie_id)",
            "Rows Removed by Index Recheck": 0
          }
        ]
      }
    ]
  },
  "Planning Time": 3.389,
  "Triggers": [],
  "Execution Time": 1864.224
}