[
  {
    "Plan": {
      "Node Type": "Aggregate",
      "Strategy": "Plain",
      "Partial Mode": "Finalize",
      "Parallel Aware": false,
      "Startup Cost": 94863.49,
      "Total Cost": 94863.5,
      "Plan Rows": 1,
      "Plan Width": 8,
      "Actual Startup Time": 470.619,
      "Actual Total Time": 486.447,
      "Actual Rows": 1,
      "Actual Loops": 1,
      "Plans": [
        {
          "Node Type": "Gather",
          "Parent Relationship": "Outer",
          "Parallel Aware": false,
          "Startup Cost": 94863.17,
          "Total Cost": 94863.48,
          "Plan Rows": 3,
          "Plan Width": 8,
          "Actual Startup Time": 462.502,
          "Actual Total Time": 486.437,
          "Actual Rows": 4,
          "Actual Loops": 1,
          "Workers Planned": 3,
          "Workers Launched": 3,
          "Single Copy": false,
          "Plans": [
            {
              "Node Type": "Aggregate",
              "Strategy": "Plain",
              "Partial Mode": "Partial",
              "Parent Relationship": "Outer",
              "Parallel Aware": false,
              "Startup Cost": 93863.17,
              "Total Cost": 93863.18,
              "Plan Rows": 1,
              "Plan Width": 8,
              "Actual Startup Time": 451.078,
              "Actual Total Time": 451.081,
              "Actual Rows": 1,
              "Actual Loops": 4,
              "Plans": [
                {
                  "Node Type": "Hash Join",
                  "Parent Relationship": "Outer",
                  "Parallel Aware": true,
                  "Join Type": "Inner",
                  "Startup Cost": 48044.05,
                  "Total Cost": 92822.6,
                  "Plan Rows": 416231,
                  "Plan Width": 0,
                  "Actual Startup Time": 244.115,
                  "Actual Total Time": 440.391,
                  "Actual Rows": 248868,
                  "Actual Loops": 4,
                  "Inner Unique": true,
                  "Hash Cond": "(mk.movie_id = t.id)",
                  "Plans": [
                    {
                      "Node Type": "Seq Scan",
                      "Parent Relationship": "Outer",
                      "Parallel Aware": true,
                      "Relation Name": "movie_keyword",
                      "Alias": "mk",
                      "Startup Cost": 0.0,
                      "Total Cost": 42695.65,
                      "Plan Rows": 793484,
                      "Plan Width": 4,
                      "Actual Startup Time": 0.24,
                      "Actual Total Time": 108.493,
                      "Actual Rows": 611394,
                      "Actual Loops": 4,
                      "Filter": "(keyword_id > 3673)",
                      "Rows Removed by Filter": 519588
                    },
                    {
                      "Node Type": "Hash",
                      "Parent Relationship": "Inner",
                      "Parallel Aware": true,
                      "Startup Cost": 43899.32,
                      "Total Cost": 43899.32,
                      "Plan Rows": 331578,
                      "Plan Width": 4,
                      "Actual Startup Time": 236.184,
                      "Actual Total Time": 236.185,
                      "Actual Rows": 330716,
                      "Actual Loops": 4,
                      "Hash Buckets": 2097152,
                      "Original Hash Buckets": 2097152,
                      "Hash Batches": 1,
                      "Original Hash Batches": 1,
                      "Peak Memory Usage": 68224,
                      "Plans": [
                        {
                          "Node Type": "Seq Scan",
                          "Parent Relationship": "Outer",
                          "Parallel Aware": true,
                          "Relation Name": "title",
                          "Alias": "t",
                          "Startup Cost": 0.0,
                          "Total Cost": 43899.32,
                          "Plan Rows": 331578,
                          "Plan Width": 4,
                          "Actual Startup Time": 0.042,
                          "Actual Total Time": 106.002,
                          "Actual Rows": 330716,
                          "Actual Loops": 4,
                          "Filter": "(production_year > 2001)",
                          "Rows Removed by Filter": 301362
                        }
                      ]
                    }
                  ]
                }
              ]
            }
          ]
        }
      ]
    },
    "Planning Time": 0.606,
    "Triggers": [],
    "Execution Time": 486.518
  }
]