{
  "Plan": {
    "Node Type": "Aggregate",
    "Strategy": "Plain",
    "Partial Mode": "Simple",
    "Parallel Aware": false,
    "Startup Cost": 88857.18,
    "Total Cost": 88857.19,
    "Plan Rows": 1,
    "Plan Width": 96,
    "Actual Startup Time": 1861.42,
    "Actual Total Time": 1957.572,
    "Actual Rows": 1,
    "Actual Loops": 1,
    "Plans": [
      {
        "Node Type": "Gather",
        "Parent Relationship": "Outer",
        "Parallel Aware": false,
        "Startup Cost": 22925.28,
        "Total Cost": 88857.18,
        "Plan Rows": 1,
        "Plan Width": 66,
        "Actual Startup Time": 291.056,
        "Actual Total Time": 1957.187,
        "Actual Rows": 1277,
        "Actual Loops": 1,
        "Workers Planned": 1,
        "Workers Launched": 1,
        "Single Copy": false,
        "Plans": [
          {
            "Node Type": "Nested Loop",
            "Parent Relationship": "Outer",
            "Parallel Aware": false,
            "Join Type": "Inner",
            "Startup Cost": 21925.28,
            "Total Cost": 87857.08,
            "Plan Rows": 1,
            "Plan Width": 66,
            "Actual Startup Time": 312.648,
            "Actual Total Time": 1850.753,
            "Actual Rows": 638,
            "Actual Loops": 2,
            "Inner Unique": true,
            "Plans": [
              {
                "Node Type": "Hash Join",
                "Parent Relationship": "Outer",
                "Parallel Aware": false,
                "Join Type": "Inner",
                "Startup Cost": 21924.85,
                "Total Cost": 87856.56,
                "Plan Rows": 1,
                "Plan Width": 70,
                "Actual Startup Time": 237.388,
                "Actual Total Time": 1803.707,
                "Actual Rows": 4858,
                "Actual Loops": 2,
                "Inner Unique": true,
                "Hash Cond": "(mi.info_type_id = it1.id)",
                "Plans": [
                  {
                    "Node Type": "Nested Loop",
                    "Parent Relationship": "Outer",
                    "Parallel Aware": false,
                    "Join Type": "Inner",
                    "Startup Cost": 21922.43,
                    "Total Cost": 87854.07,
                    "Plan Rows": 26,
                    "Plan Width": 74,
                    "Actual Startup Time": 236.999,
                    "Actual Total Time": 1801.423,
                    "Actual Rows": 4858,
                    "Actual Loops": 2,
                    "Inner Unique": false,
                    "Plans": [
                      {
                        "Node Type": "Nested Loop",
                        "Parent Relationship": "Outer",
                        "Parallel Aware": false,
                        "Join Type": "Inner",
                        "Startup Cost": 21921.86,
                        "Total Cost": 87814.6,
                        "Plan Rows": 15,
                        "Plan Width": 82,
                        "Actual Startup Time": 231.376,
                        "Actual Total Time": 1662.179,
                        "Actual Rows": 864,
                        "Actual Loops": 2,
                        "Inner Unique": false,
                        "Plans": [
                          {
                            "Node Type": "Hash Join",
                            "Parent Relationship": "Outer",
                            "Parallel Aware": false,
                            "Join Type": "Inner",
                            "Startup Cost": 21921.43,
                            "Total Cost": 85233.25,
                            "Plan Rows": 1349,
                            "Plan Width": 31,
                            "Actual Startup Time": 217.126,
                            "Actual Total Time": 676.251,
                            "Actual Rows": 73379,
                            "Actual Loops": 2,
                            "Inner Unique": true,
                            "Hash Cond": "(mi_idx.info_type_id = it2.id)",
                            "Plans": [
                              {
                                "Node Type": "Hash Join",
                                "Parent Relationship": "Outer",
                                "Parallel Aware": true,
                                "Join Type": "Inner",
                                "Startup Cost": 21919.0,
                                "Total Cost": 84815.56,
                                "Plan Rows": 152479,
                                "Plan Width": 35,
                                "Actual Startup Time": 217.047,
                                "Actual Total Time": 658.545,
                                "Actual Rows": 109710,
                                "Actual Loops": 2,
                                "Inner Unique": false,
                                "Hash Cond": "(t.id = mi_idx.movie_id)",
                                "Plans": [
                                  {
                                    "Node Type": "Seq Scan",
                                    "Parent Relationship": "Outer",
                                    "Parallel Aware": true,
                                    "Relation Name": "title",
                                    "Alias": "t",
                                    "Startup Cost": 0.0,
                                    "Total Cost": 58305.62,
                                    "Plan Rows": 738799,
                                    "Plan Width": 21,
                                    "Actual Startup Time": 0.015,
                                    "Actual Total Time": 190.646,
                                    "Actual Rows": 628390,
                                    "Actual Loops": 2,
                                    "Filter": "((production_year >= 2003) AND (production_year <= 2013))",
                                    "Rows Removed by Filter": 635766
                                  },
                                  {
                                    "Node Type": "Hash",
                                    "Parent Relationship": "Inner",
                                    "Parallel Aware": true,
                                    "Startup Cost": 18082.32,
                                    "Total Cost": 18082.32,
                                    "Plan Rows": 306935,
                                    "Plan Width": 14,
                                    "Actual Startup Time": 211.718,
                                    "Actual Total Time": 211.719,
                                    "Actual Rows": 263138,
                                    "Actual Loops": 2,
                                    "Hash Buckets": 1048576,
                                    "Original Hash Buckets": 524288,
                                    "Hash Batches": 1,
                                    "Original Hash Batches": 1,
                                    "Peak Memory Usage": 37088,
                                    "Plans": [
                                      {
                                        "Node Type": "Seq Scan",
                                        "Parent Relationship": "Outer",
                                        "Parallel Aware": true,
                                        "Relation Name": "movie_info_idx",
                                        "Alias": "mi_idx",
                                        "Startup Cost": 0.0,
                                        "Total Cost": 18082.32,
                                        "Plan Rows": 306935,
                                        "Plan Width": 14,
                                        "Actual Startup Time": 0.05,
                                        "Actual Total Time": 103.218,
                                        "Actual Rows": 263138,
                                        "Actual Loops": 2,
                                        "Filter": "(info > '5'::text)",
                                        "Rows Removed by Filter": 426880
                                      }
                                    ]
                                  }
                                ]
                              },
                              {
                                "Node Type": "Hash",
                                "Parent Relationship": "Inner",
                                "Parallel Aware": false,
                                "Startup Cost": 2.41,
                                "Total Cost": 2.41,
                                "Plan Rows": 1,
                                "Plan Width": 4,
                                "Actual Startup Time": 0.045,
                                "Actual Total Time": 0.046,
                                "Actual Rows": 1,
                                "Actual Loops": 2,
                                "Hash Buckets": 1024,
                                "Original Hash Buckets": 1024,
                                "Hash Batches": 1,
                                "Original Hash Batches": 1,
                                "Peak Memory Usage": 9,
                                "Plans": [
                                  {
                                    "Node Type": "Seq Scan",
                                    "Parent Relationship": "Outer",
                                    "Parallel Aware": false,
                                    "Relation Name": "info_type",
                                    "Alias": "it2",
                                    "Startup Cost": 0.0,
                                    "Total Cost": 2.41,
                                    "Plan Rows": 1,
                                    "Plan Width": 4,
                                    "Actual Startup Time": 0.033,
                                    "Actual Total Time": 0.038,
                                    "Actual Rows": 1,
                                    "Actual Loops": 2,
                                    "Filter": "((info)::text = 'rating'::text)",
                                    "Rows Removed by Filter": 112
                                  }
                                ]
                              }
                            ]
                          },
                          {
                            "Node Type": "Index Scan",
                            "Parent Relationship": "Inner",
                            "Parallel Aware": false,
                            "Scan Direction": "Forward",
                            "Index Name": "movie_id_movie_info",
                            "Relation Name": "movie_info",
                            "Alias": "mi",
                            "Startup Cost": 0.43,
                            "Total Cost": 1.9,
                            "Plan Rows": 1,
                            "Plan Width": 51,
                            "Actual Startup Time": 0.013,
                            "Actual Total Time": 0.013,
                            "Actual Rows": 0,
                            "Actual Loops": 146758,
                            "Index Cond": "(movie_id = t.id)",
                            "Rows Removed by Index Recheck": 0,
                            "Filter": "((note IS NULL) AND (info = ANY ('{Western,War}'::text[])))",
                            "Rows Removed by Filter": 15
                          }
                        ]
                      },
                      {
                        "Node Type": "Index Scan",
                        "Parent Relationship": "Inner",
                        "Parallel Aware": false,
                        "Scan Direction": "Forward",
                        "Index Name": "movie_id_cast_info",
                        "Relation Name": "cast_info",
                        "Alias": "ci",
                        "Startup Cost": 0.56,
                        "Total Cost": 2.59,
                        "Plan Rows": 4,
                        "Plan Width": 8,
                        "Actual Startup Time": 0.061,
                        "Actual Total Time": 0.16,
                        "Actual Rows": 6,
                        "Actual Loops": 1728,
                        "Index Cond": "(movie_id = t.id)",
                        "Rows Removed by Index Recheck": 0,
                        "Filter": "(note = ANY ('{(voice),(uncredited),(writer),(producer),\"(executive producer)\"}'::text[]))",
                        "Rows Removed by Filter": 41
                      }
                    ]
                  },
                  {
                    "Node Type": "Hash",
                    "Parent Relationship": "Inner",
                    "Parallel Aware": false,
                    "Startup Cost": 2.41,
                    "Total Cost": 2.41,
                    "Plan Rows": 1,
                    "Plan Width": 4,
                    "Actual Startup Time": 0.089,
                    "Actual Total Time": 0.09,
                    "Actual Rows": 1,
                    "Actual Loops": 2,
                    "Hash Buckets": 1024,
                    "Original Hash Buckets": 1024,
                    "Hash Batches": 1,
                    "Original Hash Batches": 1,
                    "Peak Memory Usage": 9,
                    "Plans": [
                      {
                        "Node Type": "Seq Scan",
                        "Parent Relationship": "Outer",
                        "Parallel Aware": false,
                        "Relation Name": "info_type",
                        "Alias": "it1",
                        "Startup Cost": 0.0,
                        "Total Cost": 2.41,
                        "Plan Rows": 1,
                        "Plan Width": 4,
                        "Actual Startup Time": 0.05,
                        "Actual Total Time": 0.073,
                        "Actual Rows": 1,
                        "Actual Loops": 2,
                        "Filter": "((info)::text = 'genres'::text)",
                        "Rows Removed by Filter": 112
                      }
                    ]
                  }
                ]
              },
              {
                "Node Type": "Index Scan",
                "Parent Relationship": "Inner",
                "Parallel Aware": false,
                "Scan Direction": "Forward",
                "Index Name": "name_pkey",
                "Relation Name": "name",
                "Alias": "n",
                "Startup Cost": 0.43,
                "Total Cost": 0.51,
                "Plan Rows": 1,
                "Plan Width": 4,
                "Actual Startup Time": 0.009,
                "Actual Total Time": 0.009,
                "Actual Rows": 0,
                "Actual Loops": 9715,
                "Index Cond": "(id = ci.person_id)",
                "Rows Removed by Index Recheck": 0,
                "Filter": "((gender IS NOT NULL) AND ((gender)::text = 'f'::text))",
                "Rows Removed by Filter": 1
              }
            ]
          }
        ]
      }
    ]
  },
  "Planning Time": 2.674,
  "Triggers": [],
  "Execution Time": 1957.743
}