[
    {
        "Bao": {
            "Bao prediction": 502.854,
            "Bao recommended hint": "(no hint)"
        }
    },
    {
        "Plan": {
            "Node Type": "Aggregate",
            "Strategy": "Plain",
            "Partial Mode": "Finalize",
            "Parallel Aware": false,
            "Startup Cost": 352206.97,
            "Total Cost": 352206.98,
            "Plan Rows": 1,
            "Plan Width": 8,
            "Actual Startup Time": 1049.655,
            "Actual Total Time": 1081.212,
            "Actual Rows": 1,
            "Actual Loops": 1,
            "Output": [
                "count(*)"
            ],
            "Plans": [
                {
                    "Node Type": "Gather",
                    "Parent Relationship": "Outer",
                    "Parallel Aware": false,
                    "Startup Cost": 352206.35,
                    "Total Cost": 352206.96,
                    "Plan Rows": 6,
                    "Plan Width": 8,
                    "Actual Startup Time": 1049.545,
                    "Actual Total Time": 1081.202,
                    "Actual Rows": 7,
                    "Actual Loops": 1,
                    "Output": [
                        "(PARTIAL count(*))"
                    ],
                    "Workers Planned": 6,
                    "Workers Launched": 6,
                    "Single Copy": false,
                    "Plans": [
                        {
                            "Node Type": "Aggregate",
                            "Strategy": "Plain",
                            "Partial Mode": "Partial",
                            "Parent Relationship": "Outer",
                            "Parallel Aware": false,
                            "Startup Cost": 351206.35,
                            "Total Cost": 351206.36,
                            "Plan Rows": 1,
                            "Plan Width": 8,
                            "Actual Startup Time": 1039.979,
                            "Actual Total Time": 1039.98,
                            "Actual Rows": 1,
                            "Actual Loops": 7,
                            "Output": [
                                "PARTIAL count(*)"
                            ],
                            "Workers": [
                                {
                                    "Worker Number": 0,
                                    "Actual Startup Time": 1037.761,
                                    "Actual Total Time": 1037.762,
                                    "Actual Rows": 1,
                                    "Actual Loops": 1
                                },
                                {
                                    "Worker Number": 1,
                                    "Actual Startup Time": 1038.02,
                                    "Actual Total Time": 1038.021,
                                    "Actual Rows": 1,
                                    "Actual Loops": 1
                                },
                                {
                                    "Worker Number": 2,
                                    "Actual Startup Time": 1038.447,
                                    "Actual Total Time": 1038.448,
                                    "Actual Rows": 1,
                                    "Actual Loops": 1
                                },
                                {
                                    "Worker Number": 3,
                                    "Actual Startup Time": 1038.659,
                                    "Actual Total Time": 1038.66,
                                    "Actual Rows": 1,
                                    "Actual Loops": 1
                                },
                                {
                                    "Worker Number": 4,
                                    "Actual Startup Time": 1038.665,
                                    "Actual Total Time": 1038.666,
                                    "Actual Rows": 1,
                                    "Actual Loops": 1
                                },
                                {
                                    "Worker Number": 5,
                                    "Actual Startup Time": 1039.579,
                                    "Actual Total Time": 1039.581,
                                    "Actual Rows": 1,
                                    "Actual Loops": 1
                                }
                            ],
                            "Plans": [
                                {
                                    "Node Type": "Seq Scan",
                                    "Parent Relationship": "Outer",
                                    "Parallel Aware": true,
                                    "Relation Name": "cast_info",
                                    "Schema": "public",
                                    "Alias": "ci",
                                    "Startup Cost": 0.0,
                                    "Total Cost": 343318.94,
                                    "Plan Rows": 3154963,
                                    "Plan Width": 0,
                                    "Actual Startup Time": 45.532,
                                    "Actual Total Time": 869.206,
                                    "Actual Rows": 2634470,
                                    "Actual Loops": 7,
                                    "Output": [
                                        "id",
                                        "person_id",
                                        "movie_id",
                                        "person_role_id",
                                        "note",
                                        "nr_order",
                                        "role_id"
                                    ],
                                    "Filter": "((ci.person_id > 228659) AND (ci.role_id < 3))",
                                    "Rows Removed by Filter": 2543293,
                                    "Workers": [
                                        {
                                            "Worker Number": 0,
                                            "Actual Startup Time": 43.32,
                                            "Actual Total Time": 868.821,
                                            "Actual Rows": 2565887,
                                            "Actual Loops": 1
                                        },
                                        {
                                            "Worker Number": 1,
                                            "Actual Startup Time": 43.57,
                                            "Actual Total Time": 868.98,
                                            "Actual Rows": 2570436,
                                            "Actual Loops": 1
                                        },
                                        {
                                            "Worker Number": 2,
                                            "Actual Startup Time": 43.999,
                                            "Actual Total Time": 869.738,
                                            "Actual Rows": 2565791,
                                            "Actual Loops": 1
                                        },
                                        {
                                            "Worker Number": 3,
                                            "Actual Startup Time": 44.217,
                                            "Actual Total Time": 869.602,
                                            "Actual Rows": 2567959,
                                            "Actual Loops": 1
                                        },
                                        {
                                            "Worker Number": 4,
                                            "Actual Startup Time": 44.211,
                                            "Actual Total Time": 871.61,
                                            "Actual Rows": 2535200,
                                            "Actual Loops": 1
                                        },
                                        {
                                            "Worker Number": 5,
                                            "Actual Startup Time": 45.14,
                                            "Actual Total Time": 870.474,
                                            "Actual Rows": 2569797,
                                            "Actual Loops": 1
                                        }
                                    ]
                                }
                            ]
                        }
                    ]
                }
            ]
        },
        "Planning Time": 3069.306,
        "Triggers": [],
        "Execution Time": 1081.339
    }
]