{
    "Plan": {
        "Node Type": "Aggregate",
        "Strategy": "Plain",
        "Partial Mode": "Finalize",
        "Parallel Aware": false,
        "Startup Cost": 246173.97,
        "Total Cost": 246173.98,
        "Plan Rows": 1,
        "Plan Width": 8,
        "Actual Startup Time": 457.461,
        "Actual Total Time": 503.501,
        "Actual Rows": 1,
        "Actual Loops": 1,
        "Output": [
            "count(*)"
        ],
        "Plans": [
            {
                "Node Type": "Gather",
                "Parent Relationship": "Outer",
                "Parallel Aware": false,
                "Startup Cost": 246173.45,
                "Total Cost": 246173.96,
                "Plan Rows": 5,
                "Plan Width": 8,
                "Actual Startup Time": 455.74,
                "Actual Total Time": 503.489,
                "Actual Rows": 6,
                "Actual Loops": 1,
                "Output": [
                    "(PARTIAL count(*))"
                ],
                "Workers Planned": 5,
                "Workers Launched": 5,
                "Single Copy": false,
                "Plans": [
                    {
                        "Node Type": "Aggregate",
                        "Strategy": "Plain",
                        "Partial Mode": "Partial",
                        "Parent Relationship": "Outer",
                        "Parallel Aware": false,
                        "Startup Cost": 245173.45,
                        "Total Cost": 245173.46,
                        "Plan Rows": 1,
                        "Plan Width": 8,
                        "Actual Startup Time": 446.679,
                        "Actual Total Time": 446.725,
                        "Actual Rows": 1,
                        "Actual Loops": 6,
                        "Output": [
                            "PARTIAL count(*)"
                        ],
                        "Workers": [
                            {
                                "Worker Number": 0,
                                "Actual Startup Time": 449.735,
                                "Actual Total Time": 449.738,
                                "Actual Rows": 1,
                                "Actual Loops": 1
                            },
                            {
                                "Worker Number": 1,
                                "Actual Startup Time": 443.564,
                                "Actual Total Time": 443.567,
                                "Actual Rows": 1,
                                "Actual Loops": 1
                            },
                            {
                                "Worker Number": 2,
                                "Actual Startup Time": 443.288,
                                "Actual Total Time": 443.292,
                                "Actual Rows": 1,
                                "Actual Loops": 1
                            },
                            {
                                "Worker Number": 3,
                                "Actual Startup Time": 443.967,
                                "Actual Total Time": 443.971,
                                "Actual Rows": 1,
                                "Actual Loops": 1
                            },
                            {
                                "Worker Number": 4,
                                "Actual Startup Time": 444.643,
                                "Actual Total Time": 444.646,
                                "Actual Rows": 1,
                                "Actual Loops": 1
                            }
                        ],
                        "Plans": [
                            {
                                "Node Type": "Hash Join",
                                "Parent Relationship": "Outer",
                                "Parallel Aware": true,
                                "Join Type": "Inner",
                                "Startup Cost": 45880.43,
                                "Total Cost": 245154.43,
                                "Plan Rows": 7608,
                                "Plan Width": 0,
                                "Actual Startup Time": 128.657,
                                "Actual Total Time": 445.884,
                                "Actual Rows": 15925,
                                "Actual Loops": 6,
                                "Inner Unique": true,
                                "Hash Cond": "(mi.movie_id = t.id)",
                                "Workers": [
                                    {
                                        "Worker Number": 0,
                                        "Actual Startup Time": 131.771,
                                        "Actual Total Time": 448.928,
                                        "Actual Rows": 18847,
                                        "Actual Loops": 1
                                    },
                                    {
                                        "Worker Number": 1,
                                        "Actual Startup Time": 125.597,
                                        "Actual Total Time": 442.663,
                                        "Actual Rows": 12947,
                                        "Actual Loops": 1
                                    },
                                    {
                                        "Worker Number": 2,
                                        "Actual Startup Time": 125.292,
                                        "Actual Total Time": 442.497,
                                        "Actual Rows": 11117,
                                        "Actual Loops": 1
                                    },
                                    {
                                        "Worker Number": 3,
                                        "Actual Startup Time": 125.47,
                                        "Actual Total Time": 443.18,
                                        "Actual Rows": 11166,
                                        "Actual Loops": 1
                                    },
                                    {
                                        "Worker Number": 4,
                                        "Actual Startup Time": 126.897,
                                        "Actual Total Time": 443.835,
                                        "Actual Rows": 19139,
                                        "Actual Loops": 1
                                    }
                                ],
                                "Plans": [
                                    {
                                        "Node Type": "Seq Scan",
                                        "Parent Relationship": "Outer",
                                        "Parallel Aware": true,
                                        "Relation Name": "movie_info",
                                        "Schema": "public",
                                        "Alias": "mi",
                                        "Startup Cost": 0.0,
                                        "Total Cost": 198880.74,
                                        "Plan Rows": 149814,
                                        "Plan Width": 4,
                                        "Actual Startup Time": 32.138,
                                        "Actual Total Time": 323.925,
                                        "Actual Rows": 133690,
                                        "Actual Loops": 6,
                                        "Output": [
                                            "mi.id",
                                            "mi.movie_id",
                                            "mi.info_type_id",
                                            "mi.info",
                                            "mi.note"
                                        ],
                                        "Filter": "(mi.info_type_id < 2)",
                                        "Rows Removed by Filter": 2338930,
                                        "Workers": [
                                            {
                                                "Worker Number": 0,
                                                "Actual Startup Time": 32.135,
                                                "Actual Total Time": 323.833,
                                                "Actual Rows": 159325,
                                                "Actual Loops": 1
                                            },
                                            {
                                                "Worker Number": 1,
                                                "Actual Startup Time": 32.14,
                                                "Actual Total Time": 324.96,
                                                "Actual Rows": 107760,
                                                "Actual Loops": 1
                                            },
                                            {
                                                "Worker Number": 2,
                                                "Actual Startup Time": 32.147,
                                                "Actual Total Time": 323.972,
                                                "Actual Rows": 95858,
                                                "Actual Loops": 1
                                            },
                                            {
                                                "Worker Number": 3,
                                                "Actual Startup Time": 32.149,
                                                "Actual Total Time": 323.914,
                                                "Actual Rows": 95028,
                                                "Actual Loops": 1
                                            },
                                            {
                                                "Worker Number": 4,
                                                "Actual Startup Time": 32.121,
                                                "Actual Total Time": 323.707,
                                                "Actual Rows": 159941,
                                                "Actual Loops": 1
                                            }
                                        ]
                                    },
                                    {
                                        "Node Type": "Hash",
                                        "Parent Relationship": "Inner",
                                        "Parallel Aware": true,
                                        "Startup Cost": 45479.21,
                                        "Total Cost": 45479.21,
                                        "Plan Rows": 32098,
                                        "Plan Width": 4,
                                        "Actual Startup Time": 94.87,
                                        "Actual Total Time": 94.871,
                                        "Actual Rows": 37985,
                                        "Actual Loops": 6,
                                        "Output": [
                                            "t.id"
                                        ],
                                        "Hash Buckets": 262144,
                                        "Original Hash Buckets": 131072,
                                        "Hash Batches": 1,
                                        "Original Hash Batches": 1,
                                        "Peak Memory Usage": 12064,
                                        "Workers": [
                                            {
                                                "Worker Number": 0,
                                                "Actual Startup Time": 99.25,
                                                "Actual Total Time": 99.251,
                                                "Actual Rows": 45456,
                                                "Actual Loops": 1
                                            },
                                            {
                                                "Worker Number": 1,
                                                "Actual Startup Time": 92.678,
                                                "Actual Total Time": 92.679,
                                                "Actual Rows": 30234,
                                                "Actual Loops": 1
                                            },
                                            {
                                                "Worker Number": 2,
                                                "Actual Startup Time": 92.349,
                                                "Actual Total Time": 92.35,
                                                "Actual Rows": 27290,
                                                "Actual Loops": 1
                                            },
                                            {
                                                "Worker Number": 3,
                                                "Actual Startup Time": 92.329,
                                                "Actual Total Time": 92.33,
                                                "Actual Rows": 26761,
                                                "Actual Loops": 1
                                            },
                                            {
                                                "Worker Number": 4,
                                                "Actual Startup Time": 93.809,
                                                "Actual Total Time": 93.809,
                                                "Actual Rows": 43483,
                                                "Actual Loops": 1
                                            }
                                        ],
                                        "Plans": [
                                            {
                                                "Node Type": "Seq Scan",
                                                "Parent Relationship": "Outer",
                                                "Parallel Aware": true,
                                                "Relation Name": "title",
                                                "Schema": "public",
                                                "Alias": "t",
                                                "Startup Cost": 0.0,
                                                "Total Cost": 45479.21,
                                                "Plan Rows": 32098,
                                                "Plan Width": 4,
                                                "Actual Startup Time": 0.194,
                                                "Actual Total Time": 77.438,
                                                "Actual Rows": 37985,
                                                "Actual Loops": 6,
                                                "Output": [
                                                    "t.id"
                                                ],
                                                "Filter": "((t.kind_id < 7) AND (t.production_year < 1967))",
                                                "Rows Removed by Filter": 383400,
                                                "Workers": [
                                                    {
                                                        "Worker Number": 0,
                                                        "Actual Startup Time": 0.148,
                                                        "Actual Total Time": 81.644,
                                                        "Actual Rows": 45456,
                                                        "Actual Loops": 1
                                                    },
                                                    {
                                                        "Worker Number": 1,
                                                        "Actual Startup Time": 0.32,
                                                        "Actual Total Time": 76.477,
                                                        "Actual Rows": 30234,
                                                        "Actual Loops": 1
                                                    },
                                                    {
                                                        "Worker Number": 2,
                                                        "Actual Startup Time": 0.134,
                                                        "Actual Total Time": 74.872,
                                                        "Actual Rows": 27290,
                                                        "Actual Loops": 1
                                                    },
                                                    {
                                                        "Worker Number": 3,
                                                        "Actual Startup Time": 0.078,
                                                        "Actual Total Time": 74.707,
                                                        "Actual Rows": 26761,
                                                        "Actual Loops": 1
                                                    },
                                                    {
                                                        "Worker Number": 4,
                                                        "Actual Startup Time": 0.188,
                                                        "Actual Total Time": 76.84,
                                                        "Actual Rows": 43483,
                                                        "Actual Loops": 1
                                                    }
                                                ]
                                            }
                                        ]
                                    }
                                ]
                            }
                        ]
                    }
                ]
            }
        ]
    },
    "Planning Time": 0.764,
    "Triggers": [],
    "Execution Time": 503.581
}