[
  {
    "Plan": {
      "Node Type": "Aggregate",
      "Strategy": "Plain",
      "Partial Mode": "Finalize",
      "Parallel Aware": false,
      "Startup Cost": 33111.21,
      "Total Cost": 33111.22,
      "Plan Rows": 1,
      "Plan Width": 8,
      "Actual Startup Time": 88.136,
      "Actual Total Time": 93.482,
      "Actual Rows": 1,
      "Actual Loops": 1,
      "Plans": [
        {
          "Node Type": "Gather",
          "Parent Relationship": "Outer",
          "Parallel Aware": false,
          "Startup Cost": 33110.9,
          "Total Cost": 33111.21,
          "Plan Rows": 3,
          "Plan Width": 8,
          "Actual Startup Time": 87.98,
          "Actual Total Time": 93.472,
          "Actual Rows": 4,
          "Actual Loops": 1,
          "Workers Planned": 3,
          "Workers Launched": 3,
          "Single Copy": false,
          "Plans": [
            {
              "Node Type": "Aggregate",
              "Strategy": "Plain",
              "Partial Mode": "Partial",
              "Parent Relationship": "Outer",
              "Parallel Aware": false,
              "Startup Cost": 32110.9,
              "Total Cost": 32110.91,
              "Plan Rows": 1,
              "Plan Width": 8,
              "Actual Startup Time": 83.111,
              "Actual Total Time": 83.112,
              "Actual Rows": 1,
              "Actual Loops": 4,
              "Plans": [
                {
                  "Node Type": "Seq Scan",
                  "Parent Relationship": "Outer",
                  "Parallel Aware": true,
                  "Relation Name": "movie_companies",
                  "Alias": "mc",
                  "Startup Cost": 0.0,
                  "Total Cost": 31414.82,
                  "Plan Rows": 278431,
                  "Plan Width": 0,
                  "Actual Startup Time": 0.728,
                  "Actual Total Time": 74.373,
                  "Actual Rows": 169434,
                  "Actual Loops": 4,
                  "Filter": "((company_id > 2248) AND (company_type_id < 2))",
                  "Rows Removed by Filter": 482848
                }
              ]
            }
          ]
        }
      ]
    },
    "Planning Time": 0.115,
    "Triggers": [],
    "Execution Time": 93.515
  }
]