[
  {
    "Plan": {
      "Node Type": "Aggregate",
      "Strategy": "Plain",
      "Partial Mode": "Finalize",
      "Parallel Aware": false,
      "Startup Cost": 47126.82,
      "Total Cost": 47126.83,
      "Plan Rows": 1,
      "Plan Width": 8,
      "Actual Startup Time": 176.714,
      "Actual Total Time": 185.69,
      "Actual Rows": 1,
      "Actual Loops": 1,
      "Plans": [
        {
          "Node Type": "Gather",
          "Parent Relationship": "Outer",
          "Parallel Aware": false,
          "Startup Cost": 47126.5,
          "Total Cost": 47126.81,
          "Plan Rows": 3,
          "Plan Width": 8,
          "Actual Startup Time": 176.589,
          "Actual Total Time": 185.682,
          "Actual Rows": 4,
          "Actual Loops": 1,
          "Workers Planned": 3,
          "Workers Launched": 3,
          "Single Copy": false,
          "Plans": [
            {
              "Node Type": "Aggregate",
              "Strategy": "Plain",
              "Partial Mode": "Partial",
              "Parent Relationship": "Outer",
              "Parallel Aware": false,
              "Startup Cost": 46126.5,
              "Total Cost": 46126.51,
              "Plan Rows": 1,
              "Plan Width": 8,
              "Actual Startup Time": 168.181,
              "Actual Total Time": 168.182,
              "Actual Rows": 1,
              "Actual Loops": 4,
              "Plans": [
                {
                  "Node Type": "Seq Scan",
                  "Parent Relationship": "Outer",
                  "Parallel Aware": true,
                  "Relation Name": "movie_keyword",
                  "Alias": "mk",
                  "Startup Cost": 0.0,
                  "Total Cost": 42695.65,
                  "Plan Rows": 1372340,
                  "Plan Width": 0,
                  "Actual Startup Time": 0.086,
                  "Actual Total Time": 122.388,
                  "Actual Rows": 1060021,
                  "Actual Loops": 4,
                  "Filter": "(keyword_id > 235)",
                  "Rows Removed by Filter": 70962
                }
              ]
            }
          ]
        }
      ]
    },
    "Planning Time": 0.161,
    "Triggers": [],
    "Execution Time": 185.751
  }
]