{
  "Plan": {
    "Node Type": "Aggregate",
    "Strategy": "Plain",
    "Partial Mode": "Finalize",
    "Parallel Aware": false,
    "Startup Cost": 513637.29,
    "Total Cost": 513637.3,
    "Plan Rows": 1,
    "Plan Width": 8,
    "Actual Startup Time": 1983.629,
    "Actual Total Time": 2008.932,
    "Actual Rows": 1,
    "Actual Loops": 1,
    "Plans": [
      {
        "Node Type": "Gather",
        "Parent Relationship": "Outer",
        "Parallel Aware": false,
        "Startup Cost": 513637.18,
        "Total Cost": 513637.29,
        "Plan Rows": 1,
        "Plan Width": 8,
        "Actual Startup Time": 1977.521,
        "Actual Total Time": 2008.924,
        "Actual Rows": 2,
        "Actual Loops": 1,
        "Workers Planned": 1,
        "Workers Launched": 1,
        "Single Copy": false,
        "Plans": [
          {
            "Node Type": "Aggregate",
            "Strategy": "Plain",
            "Partial Mode": "Partial",
            "Parent Relationship": "Outer",
            "Parallel Aware": false,
            "Startup Cost": 512637.18,
            "Total Cost": 512637.19,
            "Plan Rows": 1,
            "Plan Width": 8,
            "Actual Startup Time": 1969.984,
            "Actual Total Time": 1970.28,
            "Actual Rows": 1,
            "Actual Loops": 2,
            "Plans": [
              {
                "Node Type": "Hash Join",
                "Parent Relationship": "Outer",
                "Parallel Aware": true,
                "Join Type": "Inner",
                "Startup Cost": 463400.36,
                "Total Cost": 509850.5,
                "Plan Rows": 1114672,
                "Plan Width": 0,
                "Actual Startup Time": 1407.807,
                "Actual Total Time": 1914.22,
                "Actual Rows": 1391166,
                "Actual Loops": 2,
                "Inner Unique": false,
                "Hash Cond": "(mc.movie_id = t.id)",
                "Plans": [
                  {
                    "Node Type": "Seq Scan",
                    "Parent Relationship": "Outer",
                    "Parallel Aware": true,
                    "Relation Name": "movie_companies",
                    "Alias": "mc",
                    "Startup Cost": 0.0,
                    "Total Cost": 34137.82,
                    "Plan Rows": 1534782,
                    "Plan Width": 4,
                    "Actual Startup Time": 0.016,
                    "Actual Total Time": 95.645,
                    "Actual Rows": 1304564,
                    "Actual Loops": 2
                  },
                  {
                    "Node Type": "Hash",
                    "Parent Relationship": "Inner",
                    "Parallel Aware": true,
                    "Startup Cost": 449898.65,
                    "Total Cost": 449898.65,
                    "Plan Rows": 1080137,
                    "Plan Width": 8,
                    "Actual Startup Time": 1393.976,
                    "Actual Total Time": 1394.271,
                    "Actual Rows": 581813,
                    "Actual Loops": 2,
                    "Hash Buckets": 2097152,
                    "Original Hash Buckets": 2097152,
                    "Hash Batches": 1,
                    "Original Hash Batches": 1,
                    "Peak Memory Usage": 61952,
                    "Plans": [
                      {
                        "Node Type": "Hash Join",
                        "Parent Relationship": "Outer",
                        "Parallel Aware": true,
                        "Join Type": "Inner",
                        "Startup Cost": 158560.09,
                        "Total Cost": 449898.65,
                        "Plan Rows": 1080137,
                        "Plan Width": 8,
                        "Actual Startup Time": 822.958,
                        "Actual Total Time": 1222.456,
                        "Actual Rows": 581813,
                        "Actual Loops": 2,
                        "Inner Unique": true,
                        "Hash Cond": "(ci.movie_id = t.id)",
                        "Plans": [
                          {
                            "Node Type": "Bitmap Heap Scan",
                            "Parent Relationship": "Outer",
                            "Parallel Aware": true,
                            "Relation Name": "cast_info",
                            "Alias": "ci",
                            "Startup Cost": 89099.39,
                            "Total Cost": 377602.59,
                            "Plan Rows": 1080137,
                            "Plan Width": 4,
                            "Actual Startup Time": 285.375,
                            "Actual Total Time": 387.511,
                            "Actual Rows": 581813,
                            "Actual Loops": 2,
                            "Recheck Cond": "(person_id < 403347)",
                            "Rows Removed by Index Recheck": 0,
                            "Filter": "(role_id > 2)",
                            "Rows Removed by Filter": 1512124,
                            "Exact Heap Blocks": 23728,
                            "Lossy Heap Blocks": 0,
                            "Plans": [
                              {
                                "Node Type": "Bitmap Index Scan",
                                "Parent Relationship": "Outer",
                                "Parallel Aware": false,
                                "Index Name": "person_id_cast_info",
                                "Startup Cost": 0.0,
                                "Total Cost": 88640.33,
                                "Plan Rows": 4059169,
                                "Plan Width": 0,
                                "Actual Startup Time": 139.133,
                                "Actual Total Time": 139.134,
                                "Actual Rows": 4187875,
                                "Actual Loops": 1,
                                "Index Cond": "(person_id < 403347)"
                              }
                            ]
                          },
                          {
                            "Node Type": "Hash",
                            "Parent Relationship": "Inner",
                            "Parallel Aware": true,
                            "Startup Cost": 50870.31,
                            "Total Cost": 50870.31,
                            "Plan Rows": 1487231,
                            "Plan Width": 4,
                            "Actual Startup Time": 524.636,
                            "Actual Total Time": 524.637,
                            "Actual Rows": 1264156,
                            "Actual Loops": 2,
                            "Hash Buckets": 4194304,
                            "Original Hash Buckets": 4194304,
                            "Hash Batches": 1,
                            "Original Hash Batches": 1,
                            "Peak Memory Usage": 131712,
                            "Plans": [
                              {
                                "Node Type": "Seq Scan",
                                "Parent Relationship": "Outer",
                                "Parallel Aware": true,
                                "Relation Name": "title",
                                "Alias": "t",
                                "Startup Cost": 0.0,
                                "Total Cost": 50870.31,
                                "Plan Rows": 1487231,
                                "Plan Width": 4,
                                "Actual Startup Time": 0.028,
                                "Actual Total Time": 148.264,
                                "Actual Rows": 1264156,
                                "Actual Loops": 2
                              }
                            ]
                          }
                        ]
                      }
                    ]
                  }
                ]
              }
            ]
          }
        ]
      }
    ]
  },
  "Planning Time": 1.076,
  "Triggers": [],
  "Execution Time": 2009.037
}