{
  "Plan": {
    "Node Type": "Aggregate",
    "Strategy": "Plain",
    "Partial Mode": "Finalize",
    "Parallel Aware": false,
    "Startup Cost": 49868.32,
    "Total Cost": 49868.33,
    "Plan Rows": 1,
    "Plan Width": 8,
    "Actual Startup Time": 45.397,
    "Actual Total Time": 51.196,
    "Actual Rows": 1,
    "Actual Loops": 1,
    "Plans": [
      {
        "Node Type": "Gather",
        "Parent Relationship": "Outer",
        "Parallel Aware": false,
        "Startup Cost": 49868.21,
        "Total Cost": 49868.32,
        "Plan Rows": 1,
        "Plan Width": 8,
        "Actual Startup Time": 45.158,
        "Actual Total Time": 51.19,
        "Actual Rows": 2,
        "Actual Loops": 1,
        "Workers Planned": 1,
        "Workers Launched": 1,
        "Single Copy": false,
        "Plans": [
          {
            "Node Type": "Aggregate",
            "Strategy": "Plain",
            "Partial Mode": "Partial",
            "Parent Relationship": "Outer",
            "Parallel Aware": false,
            "Startup Cost": 48868.21,
            "Total Cost": 48868.22,
            "Plan Rows": 1,
            "Plan Width": 8,
            "Actual Startup Time": 39.08,
            "Actual Total Time": 39.081,
            "Actual Rows": 1,
            "Actual Loops": 2,
            "Plans": [
              {
                "Node Type": "Nested Loop",
                "Parent Relationship": "Outer",
                "Parallel Aware": false,
                "Join Type": "Inner",
                "Startup Cost": 170.8,
                "Total Cost": 48864.16,
                "Plan Rows": 1620,
                "Plan Width": 0,
                "Actual Startup Time": 20.405,
                "Actual Total Time": 39.072,
                "Actual Rows": 8,
                "Actual Loops": 2,
                "Inner Unique": true,
                "Plans": [
                  {
                    "Node Type": "Bitmap Heap Scan",
                    "Parent Relationship": "Outer",
                    "Parallel Aware": true,
                    "Relation Name": "movie_keyword",
                    "Alias": "mk",
                    "Startup Cost": 170.37,
                    "Total Cost": 16785.14,
                    "Plan Rows": 4701,
                    "Plan Width": 4,
                    "Actual Startup Time": 3.655,
                    "Actual Total Time": 12.815,
                    "Actual Rows": 3820,
                    "Actual Loops": 2,
                    "Recheck Cond": "(keyword_id = 3660)",
                    "Rows Removed by Index Recheck": 0,
                    "Exact Heap Blocks": 3701,
                    "Lossy Heap Blocks": 0,
                    "Plans": [
                      {
                        "Node Type": "Bitmap Index Scan",
                        "Parent Relationship": "Outer",
                        "Parallel Aware": false,
                        "Index Name": "keyword_id_movie_keyword",
                        "Startup Cost": 0.0,
                        "Total Cost": 168.37,
                        "Plan Rows": 7992,
                        "Plan Width": 0,
                        "Actual Startup Time": 4.856,
                        "Actual Total Time": 4.856,
                        "Actual Rows": 7640,
                        "Actual Loops": 1,
                        "Index Cond": "(keyword_id = 3660)"
                      }
                    ]
                  },
                  {
                    "Node Type": "Index Scan",
                    "Parent Relationship": "Inner",
                    "Parallel Aware": false,
                    "Scan Direction": "Forward",
                    "Index Name": "title_pkey",
                    "Relation Name": "title",
                    "Alias": "t",
                    "Startup Cost": 0.43,
                    "Total Cost": 6.82,
                    "Plan Rows": 1,
                    "Plan Width": 4,
                    "Actual Startup Time": 0.006,
                    "Actual Total Time": 0.006,
                    "Actual Rows": 0,
                    "Actual Loops": 7640,
                    "Index Cond": "(id = mk.movie_id)",
                    "Rows Removed by Index Recheck": 0,
                    "Filter": "((kind_id > 6) AND (production_year < 2006))",
                    "Rows Removed by Filter": 1
                  }
                ]
              }
            ]
          }
        ]
      }
    ]
  },
  "Planning Time": 0.654,
  "Triggers": [],
  "Execution Time": 51.281
}