[
  {
    "Plan": {
      "Node Type": "Aggregate",
      "Strategy": "Plain",
      "Partial Mode": "Finalize",
      "Parallel Aware": false,
      "Startup Cost": 32057.85,
      "Total Cost": 32057.86,
      "Plan Rows": 1,
      "Plan Width": 8,
      "Actual Startup Time": 155.896,
      "Actual Total Time": 166.081,
      "Actual Rows": 1,
      "Actual Loops": 1,
      "Plans": [
        {
          "Node Type": "Gather",
          "Parent Relationship": "Outer",
          "Parallel Aware": false,
          "Startup Cost": 32057.53,
          "Total Cost": 32057.84,
          "Plan Rows": 3,
          "Plan Width": 8,
          "Actual Startup Time": 155.574,
          "Actual Total Time": 166.065,
          "Actual Rows": 4,
          "Actual Loops": 1,
          "Workers Planned": 3,
          "Workers Launched": 3,
          "Single Copy": false,
          "Plans": [
            {
              "Node Type": "Aggregate",
              "Strategy": "Plain",
              "Partial Mode": "Partial",
              "Parent Relationship": "Outer",
              "Parallel Aware": false,
              "Startup Cost": 31057.53,
              "Total Cost": 31057.54,
              "Plan Rows": 1,
              "Plan Width": 8,
              "Actual Startup Time": 147.772,
              "Actual Total Time": 147.774,
              "Actual Rows": 1,
              "Actual Loops": 4,
              "Plans": [
                {
                  "Node Type": "Seq Scan",
                  "Parent Relationship": "Outer",
                  "Parallel Aware": true,
                  "Relation Name": "movie_companies",
                  "Alias": "mc",
                  "Startup Cost": 0.0,
                  "Total Cost": 29310.68,
                  "Plan Rows": 698741,
                  "Plan Width": 0,
                  "Actual Startup Time": 0.081,
                  "Actual Total Time": 111.813,
                  "Actual Rows": 543464,
                  "Actual Loops": 4,
                  "Filter": "(company_id > 312)",
                  "Rows Removed by Filter": 108818
                }
              ]
            }
          ]
        }
      ]
    },
    "Planning Time": 0.076,
    "Triggers": [],
    "Execution Time": 166.121
  }
]