[
  {
    "Plan": {
      "Node Type": "Aggregate",
      "Strategy": "Plain",
      "Partial Mode": "Finalize",
      "Parallel Aware": false,
      "Startup Cost": 32060.62,
      "Total Cost": 32060.63,
      "Plan Rows": 1,
      "Plan Width": 8,
      "Actual Startup Time": 120.155,
      "Actual Total Time": 128.104,
      "Actual Rows": 1,
      "Actual Loops": 1,
      "Plans": [
        {
          "Node Type": "Gather",
          "Parent Relationship": "Outer",
          "Parallel Aware": false,
          "Startup Cost": 32060.31,
          "Total Cost": 32060.62,
          "Plan Rows": 3,
          "Plan Width": 8,
          "Actual Startup Time": 120.02,
          "Actual Total Time": 128.095,
          "Actual Rows": 4,
          "Actual Loops": 1,
          "Workers Planned": 3,
          "Workers Launched": 3,
          "Single Copy": false,
          "Plans": [
            {
              "Node Type": "Aggregate",
              "Strategy": "Plain",
              "Partial Mode": "Partial",
              "Parent Relationship": "Outer",
              "Parallel Aware": false,
              "Startup Cost": 31060.31,
              "Total Cost": 31060.32,
              "Plan Rows": 1,
              "Plan Width": 8,
              "Actual Startup Time": 112.212,
              "Actual Total Time": 112.213,
              "Actual Rows": 1,
              "Actual Loops": 4,
              "Plans": [
                {
                  "Node Type": "Seq Scan",
                  "Parent Relationship": "Outer",
                  "Parallel Aware": true,
                  "Relation Name": "movie_companies",
                  "Alias": "mc",
                  "Startup Cost": 0.0,
                  "Total Cost": 29310.68,
                  "Plan Rows": 699850,
                  "Plan Width": 0,
                  "Actual Startup Time": 0.211,
                  "Actual Total Time": 87.734,
                  "Actual Rows": 543464,
                  "Actual Loops": 4,
                  "Filter": "(company_id > 312)",
                  "Rows Removed by Filter": 108818
                }
              ]
            }
          ]
        }
      ]
    },
    "Planning Time": 0.194,
    "Triggers": [],
    "Execution Time": 128.16
  }
]