[
  {
    "Plan": {
      "Node Type": "Aggregate",
      "Strategy": "Plain",
      "Partial Mode": "Finalize",
      "Parallel Aware": false,
      "Startup Cost": 250076.12,
      "Total Cost": 250076.13,
      "Plan Rows": 1,
      "Plan Width": 8,
      "Actual Startup Time": 248.859,
      "Actual Total Time": 281.535,
      "Actual Rows": 1,
      "Actual Loops": 1,
      "Plans": [
        {
          "Node Type": "Gather",
          "Parent Relationship": "Outer",
          "Parallel Aware": false,
          "Startup Cost": 250075.7,
          "Total Cost": 250076.11,
          "Plan Rows": 4,
          "Plan Width": 8,
          "Actual Startup Time": 248.721,
          "Actual Total Time": 281.523,
          "Actual Rows": 5,
          "Actual Loops": 1,
          "Workers Planned": 4,
          "Workers Launched": 4,
          "Single Copy": false,
          "Plans": [
            {
              "Node Type": "Aggregate",
              "Strategy": "Plain",
              "Partial Mode": "Partial",
              "Parent Relationship": "Outer",
              "Parallel Aware": false,
              "Startup Cost": 249075.7,
              "Total Cost": 249075.71,
              "Plan Rows": 1,
              "Plan Width": 8,
              "Actual Startup Time": 240.177,
              "Actual Total Time": 240.179,
              "Actual Rows": 1,
              "Actual Loops": 5,
              "Plans": [
                {
                  "Node Type": "Nested Loop",
                  "Parent Relationship": "Outer",
                  "Parallel Aware": false,
                  "Join Type": "Inner",
                  "Startup Cost": 0.43,
                  "Total Cost": 248942.07,
                  "Plan Rows": 53452,
                  "Plan Width": 0,
                  "Actual Startup Time": 55.323,
                  "Actual Total Time": 234.859,
                  "Actual Rows": 72993,
                  "Actual Loops": 5,
                  "Inner Unique": false,
                  "Plans": [
                    {
                      "Node Type": "Seq Scan",
                      "Parent Relationship": "Outer",
                      "Parallel Aware": true,
                      "Relation Name": "title",
                      "Alias": "t",
                      "Startup Cost": 0.0,
                      "Total Cost": 45479.59,
                      "Plan Rows": 9292,
                      "Plan Width": 4,
                      "Actual Startup Time": 55.212,
                      "Actual Total Time": 87.268,
                      "Actual Rows": 6638,
                      "Actual Loops": 5,
                      "Filter": "((kind_id = 1) AND (production_year = 2010))",
                      "Rows Removed by Filter": 499024
                    },
                    {
                      "Node Type": "Index Scan",
                      "Parent Relationship": "Inner",
                      "Parallel Aware": false,
                      "Scan Direction": "Forward",
                      "Index Name": "movie_id_movie_info",
                      "Relation Name": "movie_info",
                      "Alias": "mi",
                      "Startup Cost": 0.43,
                      "Total Cost": 21.5,
                      "Plan Rows": 40,
                      "Plan Width": 4,
                      "Actual Startup Time": 0.008,
                      "Actual Total Time": 0.021,
                      "Actual Rows": 11,
                      "Actual Loops": 33190,
                      "Index Cond": "(movie_id = t.id)",
                      "Rows Removed by Index Recheck": 0,
                      "Filter": "(info_type_id < 106)",
                      "Rows Removed by Filter": 0
                    }
                  ]
                }
              ]
            }
          ]
        }
      ]
    },
    "Planning Time": 0.451,
    "Triggers": [],
    "Execution Time": 281.591
  }
]