[
    {
        "Bao": {
            "Bao prediction": 1841.467,
            "Bao recommended hint": "SET enable_nestloop TO off; "
        }
    },
    {
        "Plan": {
            "Node Type": "Aggregate",
            "Strategy": "Plain",
            "Partial Mode": "Finalize",
            "Parallel Aware": false,
            "Startup Cost": 303741.99,
            "Total Cost": 303742.0,
            "Plan Rows": 1,
            "Plan Width": 64,
            "Actual Startup Time": 1161.64,
            "Actual Total Time": 1206.348,
            "Actual Rows": 1,
            "Actual Loops": 1,
            "Output": [
                "min(mi_idx.info)",
                "min(t.title)"
            ],
            "Plans": [
                {
                    "Node Type": "Gather",
                    "Parent Relationship": "Outer",
                    "Parallel Aware": false,
                    "Startup Cost": 303741.67,
                    "Total Cost": 303741.98,
                    "Plan Rows": 3,
                    "Plan Width": 64,
                    "Actual Startup Time": 1157.223,
                    "Actual Total Time": 1206.332,
                    "Actual Rows": 4,
                    "Actual Loops": 1,
                    "Output": [
                        "(PARTIAL min(mi_idx.info))",
                        "(PARTIAL min(t.title))"
                    ],
                    "Workers Planned": 3,
                    "Workers Launched": 3,
                    "Single Copy": false,
                    "Plans": [
                        {
                            "Node Type": "Aggregate",
                            "Strategy": "Plain",
                            "Partial Mode": "Partial",
                            "Parent Relationship": "Outer",
                            "Parallel Aware": false,
                            "Startup Cost": 302741.67,
                            "Total Cost": 302741.68,
                            "Plan Rows": 1,
                            "Plan Width": 64,
                            "Actual Startup Time": 1147.652,
                            "Actual Total Time": 1148.004,
                            "Actual Rows": 1,
                            "Actual Loops": 4,
                            "Output": [
                                "PARTIAL min(mi_idx.info)",
                                "PARTIAL min(t.title)"
                            ],
                            "Workers": [
                                {
                                    "Worker Number": 0,
                                    "Actual Startup Time": 1145.232,
                                    "Actual Total Time": 1145.24,
                                    "Actual Rows": 1,
                                    "Actual Loops": 1
                                },
                                {
                                    "Worker Number": 1,
                                    "Actual Startup Time": 1144.426,
                                    "Actual Total Time": 1144.435,
                                    "Actual Rows": 1,
                                    "Actual Loops": 1
                                },
                                {
                                    "Worker Number": 2,
                                    "Actual Startup Time": 1144.376,
                                    "Actual Total Time": 1144.385,
                                    "Actual Rows": 1,
                                    "Actual Loops": 1
                                }
                            ],
                            "Plans": [
                                {
                                    "Node Type": "Hash Join",
                                    "Parent Relationship": "Outer",
                                    "Parallel Aware": true,
                                    "Join Type": "Inner",
                                    "Startup Cost": 271258.63,
                                    "Total Cost": 301782.14,
                                    "Plan Rows": 191906,
                                    "Plan Width": 22,
                                    "Actual Startup Time": 995.074,
                                    "Actual Total Time": 1143.199,
                                    "Actual Rows": 41230,
                                    "Actual Loops": 4,
                                    "Output": [
                                        "mi_idx.info",
                                        "t.title"
                                    ],
                                    "Inner Unique": false,
                                    "Hash Cond": "(mc.movie_id = t.id)",
                                    "Workers": [
                                        {
                                            "Worker Number": 0,
                                            "Actual Startup Time": 992.061,
                                            "Actual Total Time": 1140.275,
                                            "Actual Rows": 32772,
                                            "Actual Loops": 1
                                        },
                                        {
                                            "Worker Number": 1,
                                            "Actual Startup Time": 992.133,
                                            "Actual Total Time": 1139.426,
                                            "Actual Rows": 34437,
                                            "Actual Loops": 1
                                        },
                                        {
                                            "Worker Number": 2,
                                            "Actual Startup Time": 991.993,
                                            "Actual Total Time": 1139.709,
                                            "Actual Rows": 50187,
                                            "Actual Loops": 1
                                        }
                                    ],
                                    "Plans": [
                                        {
                                            "Node Type": "Seq Scan",
                                            "Parent Relationship": "Outer",
                                            "Parallel Aware": true,
                                            "Relation Name": "movie_companies",
                                            "Schema": "public",
                                            "Alias": "mc",
                                            "Startup Cost": 0.0,
                                            "Total Cost": 27206.55,
                                            "Plan Rows": 841655,
                                            "Plan Width": 4,
                                            "Actual Startup Time": 0.027,
                                            "Actual Total Time": 68.611,
                                            "Actual Rows": 652282,
                                            "Actual Loops": 4,
                                            "Output": [
                                                "mc.id",
                                                "mc.movie_id",
                                                "mc.company_id",
                                                "mc.company_type_id",
                                                "mc.note"
                                            ],
                                            "Workers": [
                                                {
                                                    "Worker Number": 0,
                                                    "Actual Startup Time": 0.031,
                                                    "Actual Total Time": 67.914,
                                                    "Actual Rows": 527695,
                                                    "Actual Loops": 1
                                                },
                                                {
                                                    "Worker Number": 1,
                                                    "Actual Startup Time": 0.037,
                                                    "Actual Total Time": 67.906,
                                                    "Actual Rows": 532056,
                                                    "Actual Loops": 1
                                                },
                                                {
                                                    "Worker Number": 2,
                                                    "Actual Startup Time": 0.031,
                                                    "Actual Total Time": 68.16,
                                                    "Actual Rows": 788252,
                                                    "Actual Loops": 1
                                                }
                                            ]
                                        },
                                        {
                                            "Node Type": "Hash",
                                            "Parent Relationship": "Inner",
                                            "Parallel Aware": true,
                                            "Startup Cost": 270654.96,
                                            "Total Cost": 270654.96,
                                            "Plan Rows": 48293,
                                            "Plan Width": 34,
                                            "Actual Startup Time": 993.95,
                                            "Actual Total Time": 994.3,
                                            "Actual Rows": 8685,
                                            "Actual Loops": 4,
                                            "Output": [
                                                "mi.movie_id",
                                                "mi_idx.info",
                                                "mi_idx.movie_id",
                                                "t.title",
                                                "t.id"
                                            ],
                                            "Hash Buckets": 131072,
                                            "Original Hash Buckets": 131072,
                                            "Hash Batches": 1,
                                            "Original Hash Batches": 1,
                                            "Peak Memory Usage": 3392,
                                            "Workers": [
                                                {
                                                    "Worker Number": 0,
                                                    "Actual Startup Time": 991.126,
                                                    "Actual Total Time": 991.133,
                                                    "Actual Rows": 6986,
                                                    "Actual Loops": 1
                                                },
                                                {
                                                    "Worker Number": 1,
                                                    "Actual Startup Time": 991.278,
                                                    "Actual Total Time": 991.285,
                                                    "Actual Rows": 6860,
                                                    "Actual Loops": 1
                                                },
                                                {
                                                    "Worker Number": 2,
                                                    "Actual Startup Time": 991.264,
                                                    "Actual Total Time": 991.271,
                                                    "Actual Rows": 10480,
                                                    "Actual Loops": 1
                                                }
                                            ],
                                            "Plans": [
                                                {
                                                    "Node Type": "Hash Join",
                                                    "Parent Relationship": "Outer",
                                                    "Parallel Aware": true,
                                                    "Join Type": "Inner",
                                                    "Startup Cost": 254701.27,
                                                    "Total Cost": 270654.96,
                                                    "Plan Rows": 48293,
                                                    "Plan Width": 34,
                                                    "Actual Startup Time": 924.728,
                                                    "Actual Total Time": 990.395,
                                                    "Actual Rows": 8685,
                                                    "Actual Loops": 4,
                                                    "Output": [
                                                        "mi.movie_id",
                                                        "mi_idx.info",
                                                        "mi_idx.movie_id",
                                                        "t.title",
                                                        "t.id"
                                                    ],
                                                    "Inner Unique": false,
                                                    "Hash Cond": "(mi_idx.movie_id = t.id)",
                                                    "Workers": [
                                                        {
                                                            "Worker Number": 0,
                                                            "Actual Startup Time": 921.835,
                                                            "Actual Total Time": 987.435,
                                                            "Actual Rows": 6986,
                                                            "Actual Loops": 1
                                                        },
                                                        {
                                                            "Worker Number": 1,
                                                            "Actual Startup Time": 922.008,
                                                            "Actual Total Time": 987.386,
                                                            "Actual Rows": 6860,
                                                            "Actual Loops": 1
                                                        },
                                                        {
                                                            "Worker Number": 2,
                                                            "Actual Startup Time": 921.991,
                                                            "Actual Total Time": 987.101,
                                                            "Actual Rows": 10480,
                                                            "Actual Loops": 1
                                                        }
                                                    ],
                                                    "Plans": [
                                                        {
                                                            "Node Type": "Seq Scan",
                                                            "Parent Relationship": "Outer",
                                                            "Parallel Aware": true,
                                                            "Relation Name": "movie_info_idx",
                                                            "Schema": "public",
                                                            "Alias": "mi_idx",
                                                            "Startup Cost": 0.0,
                                                            "Total Cost": 15122.68,
                                                            "Plan Rows": 217048,
                                                            "Plan Width": 9,
                                                            "Actual Startup Time": 0.034,
                                                            "Actual Total Time": 44.566,
                                                            "Actual Rows": 129420,
                                                            "Actual Loops": 4,
                                                            "Output": [
                                                                "mi_idx.id",
                                                                "mi_idx.movie_id",
                                                                "mi_idx.info_type_id",
                                                                "mi_idx.info",
                                                                "mi_idx.note"
                                                            ],
                                                            "Filter": "(mi_idx.info > '5.0'::text)",
                                                            "Rows Removed by Filter": 215588,
                                                            "Workers": [
                                                                {
                                                                    "Worker Number": 0,
                                                                    "Actual Startup Time": 0.048,
                                                                    "Actual Total Time": 44.839,
                                                                    "Actual Rows": 104746,
                                                                    "Actual Loops": 1
                                                                },
                                                                {
                                                                    "Worker Number": 1,
                                                                    "Actual Startup Time": 0.034,
                                                                    "Actual Total Time": 44.991,
                                                                    "Actual Rows": 105763,
                                                                    "Actual Loops": 1
                                                                },
                                                                {
                                                                    "Worker Number": 2,
                                                                    "Actual Startup Time": 0.036,
                                                                    "Actual Total Time": 44.1,
                                                                    "Actual Rows": 153526,
                                                                    "Actual Loops": 1
                                                                }
                                                            ]
                                                        },
                                                        {
                                                            "Node Type": "Hash",
                                                            "Parent Relationship": "Inner",
                                                            "Parallel Aware": true,
                                                            "Startup Cost": 254452.61,
                                                            "Total Cost": 254452.61,
                                                            "Plan Rows": 19893,
                                                            "Plan Width": 25,
                                                            "Actual Startup Time": 924.081,
                                                            "Actual Total Time": 924.429,
                                                            "Actual Rows": 20251,
                                                            "Actual Loops": 4,
                                                            "Output": [
                                                                "mi.movie_id",
                                                                "t.title",
                                                                "t.id"
                                                            ],
                                                            "Hash Buckets": 131072,
                                                            "Original Hash Buckets": 131072,
                                                            "Hash Batches": 1,
                                                            "Original Hash Batches": 1,
                                                            "Peak Memory Usage": 5792,
                                                            "Workers": [
                                                                {
                                                                    "Worker Number": 0,
                                                                    "Actual Startup Time": 921.682,
                                                                    "Actual Total Time": 921.687,
                                                                    "Actual Rows": 16709,
                                                                    "Actual Loops": 1
                                                                },
                                                                {
                                                                    "Worker Number": 1,
                                                                    "Actual Startup Time": 921.57,
                                                                    "Actual Total Time": 921.575,
                                                                    "Actual Rows": 17127,
                                                                    "Actual Loops": 1
                                                                },
                                                                {
                                                                    "Worker Number": 2,
                                                                    "Actual Startup Time": 921.706,
                                                                    "Actual Total Time": 921.711,
                                                                    "Actual Rows": 23568,
                                                                    "Actual Loops": 1
                                                                }
                                                            ],
                                                            "Plans": [
                                                                {
                                                                    "Node Type": "Hash Join",
                                                                    "Parent Relationship": "Outer",
                                                                    "Parallel Aware": true,
                                                                    "Join Type": "Inner",
                                                                    "Startup Cost": 47738.67,
                                                                    "Total Cost": 254452.61,
                                                                    "Plan Rows": 19893,
                                                                    "Plan Width": 25,
                                                                    "Actual Startup Time": 801.99,
                                                                    "Actual Total Time": 916.248,
                                                                    "Actual Rows": 20251,
                                                                    "Actual Loops": 4,
                                                                    "Output": [
                                                                        "mi.movie_id",
                                                                        "t.title",
                                                                        "t.id"
                                                                    ],
                                                                    "Inner Unique": true,
                                                                    "Hash Cond": "(mi.movie_id = t.id)",
                                                                    "Workers": [
                                                                        {
                                                                            "Worker Number": 0,
                                                                            "Actual Startup Time": 799.592,
                                                                            "Actual Total Time": 913.258,
                                                                            "Actual Rows": 16709,
                                                                            "Actual Loops": 1
                                                                        },
                                                                        {
                                                                            "Worker Number": 1,
                                                                            "Actual Startup Time": 799.581,
                                                                            "Actual Total Time": 913.868,
                                                                            "Actual Rows": 17127,
                                                                            "Actual Loops": 1
                                                                        },
                                                                        {
                                                                            "Worker Number": 2,
                                                                            "Actual Startup Time": 799.543,
                                                                            "Actual Total Time": 913.383,
                                                                            "Actual Rows": 23568,
                                                                            "Actual Loops": 1
                                                                        }
                                                                    ],
                                                                    "Plans": [
                                                                        {
                                                                            "Node Type": "Seq Scan",
                                                                            "Parent Relationship": "Outer",
                                                                            "Parallel Aware": true,
                                                                            "Relation Name": "movie_info",
                                                                            "Schema": "public",
                                                                            "Alias": "mi",
                                                                            "Startup Cost": 0.0,
                                                                            "Total Cost": 206531.29,
                                                                            "Plan Rows": 69579,
                                                                            "Plan Width": 4,
                                                                            "Actual Startup Time": 412.662,
                                                                            "Actual Total Time": 666.969,
                                                                            "Actual Rows": 81828,
                                                                            "Actual Loops": 4,
                                                                            "Output": [
                                                                                "mi.id",
                                                                                "mi.movie_id",
                                                                                "mi.info_type_id",
                                                                                "mi.info",
                                                                                "mi.note"
                                                                            ],
                                                                            "Filter": "(mi.info = ANY ('{Drama,Horror,Western,Family}'::text[]))",
                                                                            "Rows Removed by Filter": 3627102,
                                                                            "Workers": [
                                                                                {
                                                                                    "Worker Number": 0,
                                                                                    "Actual Startup Time": 412.887,
                                                                                    "Actual Total Time": 668.795,
                                                                                    "Actual Rows": 68226,
                                                                                    "Actual Loops": 1
                                                                                },
                                                                                {
                                                                                    "Worker Number": 1,
                                                                                    "Actual Startup Time": 412.48,
                                                                                    "Actual Total Time": 668.678,
                                                                                    "Actual Rows": 69151,
                                                                                    "Actual Loops": 1
                                                                                },
                                                                                {
                                                                                    "Worker Number": 2,
                                                                                    "Actual Startup Time": 412.439,
                                                                                    "Actual Total Time": 665.289,
                                                                                    "Actual Rows": 95007,
                                                                                    "Actual Loops": 1
                                                                                }
                                                                            ]
                                                                        },
                                                                        {
                                                                            "Node Type": "Hash",
                                                                            "Parent Relationship": "Inner",
                                                                            "Parallel Aware": true,
                                                                            "Startup Cost": 45479.59,
                                                                            "Total Cost": 45479.59,
                                                                            "Plan Rows": 180727,
                                                                            "Plan Width": 21,
                                                                            "Actual Startup Time": 210.577,
                                                                            "Actual Total Time": 210.579,
                                                                            "Actual Rows": 179065,
                                                                            "Actual Loops": 4,
                                                                            "Output": [
                                                                                "t.title",
                                                                                "t.id"
                                                                            ],
                                                                            "Hash Buckets": 1048576,
                                                                            "Original Hash Buckets": 1048576,
                                                                            "Hash Batches": 1,
                                                                            "Original Hash Batches": 1,
                                                                            "Peak Memory Usage": 48256,
                                                                            "Workers": [
                                                                                {
                                                                                    "Worker Number": 0,
                                                                                    "Actual Startup Time": 210.309,
                                                                                    "Actual Total Time": 210.311,
                                                                                    "Actual Rows": 148857,
                                                                                    "Actual Loops": 1
                                                                                },
                                                                                {
                                                                                    "Worker Number": 1,
                                                                                    "Actual Startup Time": 210.327,
                                                                                    "Actual Total Time": 210.328,
                                                                                    "Actual Rows": 151384,
                                                                                    "Actual Loops": 1
                                                                                },
                                                                                {
                                                                                    "Worker Number": 2,
                                                                                    "Actual Startup Time": 210.316,
                                                                                    "Actual Total Time": 210.317,
                                                                                    "Actual Rows": 197483,
                                                                                    "Actual Loops": 1
                                                                                }
                                                                            ],
                                                                            "Plans": [
                                                                                {
                                                                                    "Node Type": "Seq Scan",
                                                                                    "Parent Relationship": "Outer",
                                                                                    "Parallel Aware": true,
                                                                                    "Relation Name": "title",
                                                                                    "Schema": "public",
                                                                                    "Alias": "t",
                                                                                    "Startup Cost": 0.0,
                                                                                    "Total Cost": 45479.59,
                                                                                    "Plan Rows": 180727,
                                                                                    "Plan Width": 21,
                                                                                    "Actual Startup Time": 0.057,
                                                                                    "Actual Total Time": 121.779,
                                                                                    "Actual Rows": 179065,
                                                                                    "Actual Loops": 4,
                                                                                    "Output": [
                                                                                        "t.title",
                                                                                        "t.id"
                                                                                    ],
                                                                                    "Filter": "((t.production_year >= 2005) AND (t.production_year <= 2010))",
                                                                                    "Rows Removed by Filter": 453013,
                                                                                    "Workers": [
                                                                                        {
                                                                                            "Worker Number": 0,
                                                                                            "Actual Startup Time": 0.067,
                                                                                            "Actual Total Time": 122.447,
                                                                                            "Actual Rows": 148857,
                                                                                            "Actual Loops": 1
                                                                                        },
                                                                                        {
                                                                                            "Worker Number": 1,
                                                                                            "Actual Startup Time": 0.071,
                                                                                            "Actual Total Time": 122.897,
                                                                                            "Actual Rows": 151384,
                                                                                            "Actual Loops": 1
                                                                                        },
                                                                                        {
                                                                                            "Worker Number": 2,
                                                                                            "Actual Startup Time": 0.068,
                                                                                            "Actual Total Time": 120.355,
                                                                                            "Actual Rows": 197483,
                                                                                            "Actual Loops": 1
                                                                                        }
                                                                                    ]
                                                                                }
                                                                            ]
                                                                        }
                                                                    ]
                                                                }
                                                            ]
                                                        }
                                                    ]
                                                }
                                            ]
                                        }
                                    ]
                                }
                            ]
                        }
                    ]
                }
            ]
        },
        "Planning Time": 246.107,
        "Triggers": [],
        "Execution Time": 1206.607
    }
]