[
  {
    "Plan": {
      "Node Type": "Aggregate",
      "Strategy": "Plain",
      "Partial Mode": "Finalize",
      "Parallel Aware": false,
      "Startup Cost": 113058.98,
      "Total Cost": 113058.99,
      "Plan Rows": 1,
      "Plan Width": 8,
      "Actual Startup Time": 742.828,
      "Actual Total Time": 763.905,
      "Actual Rows": 1,
      "Actual Loops": 1,
      "Plans": [
        {
          "Node Type": "Gather",
          "Parent Relationship": "Outer",
          "Parallel Aware": false,
          "Startup Cost": 113058.66,
          "Total Cost": 113058.97,
          "Plan Rows": 3,
          "Plan Width": 8,
          "Actual Startup Time": 733.209,
          "Actual Total Time": 763.89,
          "Actual Rows": 4,
          "Actual Loops": 1,
          "Workers Planned": 3,
          "Workers Launched": 3,
          "Single Copy": false,
          "Plans": [
            {
              "Node Type": "Aggregate",
              "Strategy": "Plain",
              "Partial Mode": "Partial",
              "Parent Relationship": "Outer",
              "Parallel Aware": false,
              "Startup Cost": 112058.66,
              "Total Cost": 112058.67,
              "Plan Rows": 1,
              "Plan Width": 8,
              "Actual Startup Time": 722.378,
              "Actual Total Time": 722.389,
              "Actual Rows": 1,
              "Actual Loops": 4,
              "Plans": [
                {
                  "Node Type": "Hash Join",
                  "Parent Relationship": "Outer",
                  "Parallel Aware": true,
                  "Join Type": "Inner",
                  "Startup Cost": 81278.21,
                  "Total Cost": 111876.29,
                  "Plan Rows": 72951,
                  "Plan Width": 0,
                  "Actual Startup Time": 525.586,
                  "Actual Total Time": 697.802,
                  "Actual Rows": 493903,
                  "Actual Loops": 4,
                  "Inner Unique": false,
                  "Hash Cond": "(mc.movie_id = t.id)",
                  "Plans": [
                    {
                      "Node Type": "Seq Scan",
                      "Parent Relationship": "Outer",
                      "Parallel Aware": true,
                      "Relation Name": "movie_companies",
                      "Alias": "mc",
                      "Startup Cost": 0.0,
                      "Total Cost": 27206.55,
                      "Plan Rows": 841655,
                      "Plan Width": 4,
                      "Actual Startup Time": 0.015,
                      "Actual Total Time": 63.072,
                      "Actual Rows": 652282,
                      "Actual Loops": 4
                    },
                    {
                      "Node Type": "Hash",
                      "Parent Relationship": "Inner",
                      "Parallel Aware": true,
                      "Startup Cost": 80394.52,
                      "Total Cost": 80394.52,
                      "Plan Rows": 70695,
                      "Plan Width": 8,
                      "Actual Startup Time": 501.133,
                      "Actual Total Time": 501.138,
                      "Actual Rows": 56228,
                      "Actual Loops": 4,
                      "Hash Buckets": 262144,
                      "Original Hash Buckets": 262144,
                      "Hash Batches": 1,
                      "Original Hash Batches": 1,
                      "Peak Memory Usage": 10880,
                      "Plans": [
                        {
                          "Node Type": "Hash Join",
                          "Parent Relationship": "Outer",
                          "Parallel Aware": true,
                          "Join Type": "Inner",
                          "Startup Cost": 54871.26,
                          "Total Cost": 80394.52,
                          "Plan Rows": 70695,
                          "Plan Width": 8,
                          "Actual Startup Time": 414.536,
                          "Actual Total Time": 478.591,
                          "Actual Rows": 56228,
                          "Actual Loops": 4,
                          "Inner Unique": true,
                          "Hash Cond": "(mk.movie_id = t.id)",
                          "Plans": [
                            {
                              "Node Type": "Bitmap Heap Scan",
                              "Parent Relationship": "Outer",
                              "Parallel Aware": true,
                              "Relation Name": "movie_keyword",
                              "Alias": "mk",
                              "Startup Cost": 4650.88,
                              "Total Cost": 29988.56,
                              "Plan Rows": 70695,
                              "Plan Width": 4,
                              "Actual Startup Time": 19.07,
                              "Actual Total Time": 58.63,
                              "Actual Rows": 56228,
                              "Actual Loops": 4,
                              "Recheck Cond": "(keyword_id > 64069)",
                              "Rows Removed by Index Recheck": 0,
                              "Exact Heap Blocks": 6059,
                              "Lossy Heap Blocks": 0,
                              "Plans": [
                                {
                                  "Node Type": "Bitmap Index Scan",
                                  "Parent Relationship": "Outer",
                                  "Parallel Aware": false,
                                  "Index Name": "keyword_id_movie_keyword",
                                  "Startup Cost": 0.0,
                                  "Total Cost": 4596.09,
                                  "Plan Rows": 219154,
                                  "Plan Width": 0,
                                  "Actual Startup Time": 16.017,
                                  "Actual Total Time": 16.018,
                                  "Actual Rows": 224911,
                                  "Actual Loops": 1,
                                  "Index Cond": "(keyword_id > 64069)"
                                }
                              ]
                            },
                            {
                              "Node Type": "Hash",
                              "Parent Relationship": "Inner",
                              "Parallel Aware": true,
                              "Startup Cost": 42319.06,
                              "Total Cost": 42319.06,
                              "Plan Rows": 632106,
                              "Plan Width": 4,
                              "Actual Startup Time": 385.666,
                              "Actual Total Time": 385.667,
                              "Actual Rows": 632078,
                              "Actual Loops": 4,
                              "Hash Buckets": 4194304,
                              "Original Hash Buckets": 4194304,
                              "Hash Batches": 1,
                              "Original Hash Batches": 1,
                              "Peak Memory Usage": 131776,
                              "Plans": [
                                {
                                  "Node Type": "Seq Scan",
                                  "Parent Relationship": "Outer",
                                  "Parallel Aware": true,
                                  "Relation Name": "title",
                                  "Alias": "t",
                                  "Startup Cost": 0.0,
                                  "Total Cost": 42319.06,
                                  "Plan Rows": 632106,
                                  "Plan Width": 4,
                                  "Actual Startup Time": 0.058,
                                  "Actual Total Time": 110.832,
                                  "Actual Rows": 632078,
                                  "Actual Loops": 4
                                }
                              ]
                            }
                          ]
                        }
                      ]
                    }
                  ]
                }
              ]
            }
          ]
        }
      ]
    },
    "Planning Time": 1.514,
    "Triggers": [],
    "Execution Time": 764.026
  }
]