{
  "Plan": {
    "Node Type": "Aggregate",
    "Strategy": "Plain",
    "Partial Mode": "Finalize",
    "Parallel Aware": false,
    "Startup Cost": 606793.45,
    "Total Cost": 606793.46,
    "Plan Rows": 1,
    "Plan Width": 8,
    "Actual Startup Time": 1355.424,
    "Actual Total Time": 1413.194,
    "Actual Rows": 1,
    "Actual Loops": 1,
    "Plans": [
      {
        "Node Type": "Gather",
        "Parent Relationship": "Outer",
        "Parallel Aware": false,
        "Startup Cost": 606793.34,
        "Total Cost": 606793.45,
        "Plan Rows": 1,
        "Plan Width": 8,
        "Actual Startup Time": 1353.873,
        "Actual Total Time": 1413.184,
        "Actual Rows": 2,
        "Actual Loops": 1,
        "Workers Planned": 1,
        "Workers Launched": 1,
        "Single Copy": false,
        "Plans": [
          {
            "Node Type": "Aggregate",
            "Strategy": "Plain",
            "Partial Mode": "Partial",
            "Parent Relationship": "Outer",
            "Parallel Aware": false,
            "Startup Cost": 605793.34,
            "Total Cost": 605793.35,
            "Plan Rows": 1,
            "Plan Width": 8,
            "Actual Startup Time": 1345.844,
            "Actual Total Time": 1345.849,
            "Actual Rows": 1,
            "Actual Loops": 2,
            "Plans": [
              {
                "Node Type": "Nested Loop",
                "Parent Relationship": "Outer",
                "Parallel Aware": false,
                "Join Type": "Inner",
                "Startup Cost": 80032.64,
                "Total Cost": 599922.65,
                "Plan Rows": 2348277,
                "Plan Width": 0,
                "Actual Startup Time": 431.14,
                "Actual Total Time": 1294.106,
                "Actual Rows": 921572,
                "Actual Loops": 2,
                "Inner Unique": false,
                "Plans": [
                  {
                    "Node Type": "Hash Join",
                    "Parent Relationship": "Outer",
                    "Parallel Aware": true,
                    "Join Type": "Inner",
                    "Startup Cost": 80032.07,
                    "Total Cost": 110238.94,
                    "Plan Rows": 163882,
                    "Plan Width": 8,
                    "Actual Startup Time": 430.97,
                    "Actual Total Time": 573.617,
                    "Actual Rows": 29300,
                    "Actual Loops": 2,
                    "Inner Unique": true,
                    "Hash Cond": "(mk.movie_id = t.id)",
                    "Plans": [
                      {
                        "Node Type": "Bitmap Heap Scan",
                        "Parent Relationship": "Outer",
                        "Parallel Aware": true,
                        "Relation Name": "movie_keyword",
                        "Alias": "mk",
                        "Startup Cost": 13715.61,
                        "Total Cost": 42924.04,
                        "Plan Rows": 380355,
                        "Plan Width": 4,
                        "Actual Startup Time": 56.122,
                        "Actual Total Time": 135.417,
                        "Actual Rows": 315540,
                        "Actual Loops": 2,
                        "Recheck Cond": "(keyword_id > 29076)",
                        "Rows Removed by Index Recheck": 0,
                        "Exact Heap Blocks": 10424,
                        "Lossy Heap Blocks": 0,
                        "Plans": [
                          {
                            "Node Type": "Bitmap Index Scan",
                            "Parent Relationship": "Outer",
                            "Parallel Aware": false,
                            "Index Name": "keyword_id_movie_keyword",
                            "Startup Cost": 0.0,
                            "Total Cost": 13553.95,
                            "Plan Rows": 646603,
                            "Plan Width": 0,
                            "Actual Startup Time": 50.565,
                            "Actual Total Time": 50.566,
                            "Actual Rows": 631081,
                            "Actual Loops": 1,
                            "Index Cond": "(keyword_id > 29076)"
                          }
                        ]
                      },
                      {
                        "Node Type": "Hash",
                        "Parent Relationship": "Inner",
                        "Parallel Aware": true,
                        "Startup Cost": 58306.47,
                        "Total Cost": 58306.47,
                        "Plan Rows": 640800,
                        "Plan Width": 4,
                        "Actual Startup Time": 360.613,
                        "Actual Total Time": 360.614,
                        "Actual Rows": 522111,
                        "Actual Loops": 2,
                        "Hash Buckets": 2097152,
                        "Original Hash Buckets": 2097152,
                        "Hash Batches": 1,
                        "Original Hash Batches": 1,
                        "Peak Memory Usage": 57280,
                        "Plans": [
                          {
                            "Node Type": "Seq Scan",
                            "Parent Relationship": "Outer",
                            "Parallel Aware": true,
                            "Relation Name": "title",
                            "Alias": "t",
                            "Startup Cost": 0.0,
                            "Total Cost": 58306.47,
                            "Plan Rows": 640800,
                            "Plan Width": 4,
                            "Actual Startup Time": 0.023,
                            "Actual Total Time": 184.393,
                            "Actual Rows": 522111,
                            "Actual Loops": 2,
                            "Filter": "((production_year < 2009) AND (kind_id = 7))",
                            "Rows Removed by Filter": 742045
                          }
                        ]
                      }
                    ]
                  },
                  {
                    "Node Type": "Index Only Scan",
                    "Parent Relationship": "Inner",
                    "Parallel Aware": false,
                    "Scan Direction": "Forward",
                    "Index Name": "movie_id_cast_info",
                    "Relation Name": "cast_info",
                    "Alias": "ci",
                    "Startup Cost": 0.56,
                    "Total Cost": 2.62,
                    "Plan Rows": 37,
                    "Plan Width": 4,
                    "Actual Startup Time": 0.004,
                    "Actual Total Time": 0.022,
                    "Actual Rows": 31,
                    "Actual Loops": 58600,
                    "Index Cond": "(movie_id = t.id)",
                    "Rows Removed by Index Recheck": 0,
                    "Heap Fetches": 1843143
                  }
                ]
              }
            ]
          }
        ]
      }
    ]
  },
  "Planning Time": 0.978,
  "Triggers": [],
  "Execution Time": 1413.322
}