{
    "Plan": {
        "Node Type": "Aggregate",
        "Strategy": "Plain",
        "Partial Mode": "Simple",
        "Parallel Aware": false,
        "Startup Cost": 70005405428.26,
        "Total Cost": 70005405428.27,
        "Plan Rows": 1,
        "Plan Width": 8,
        "Actual Startup Time": 16710.414,
        "Actual Total Time": 16719.311,
        "Actual Rows": 1,
        "Actual Loops": 1,
        "Output": [
            "count(*)"
        ],
        "Plans": [
            {
                "Node Type": "Hash Join",
                "Parent Relationship": "Outer",
                "Parallel Aware": false,
                "Join Type": "Inner",
                "Startup Cost": 70005405416.17,
                "Total Cost": 70005405428.26,
                "Plan Rows": 1,
                "Plan Width": 0,
                "Actual Startup Time": 16710.387,
                "Actual Total Time": 16719.287,
                "Actual Rows": 15,
                "Actual Loops": 1,
                "Inner Unique": false,
                "Hash Cond": "(cct1.id = cc.subject_id)",
                "Plans": [
                    {
                        "Node Type": "Index Scan",
                        "Parent Relationship": "Outer",
                        "Parallel Aware": false,
                        "Scan Direction": "Forward",
                        "Index Name": "comp_cast_type_pkey",
                        "Relation Name": "comp_cast_type",
                        "Schema": "public",
                        "Alias": "cct1",
                        "Startup Cost": 0.13,
                        "Total Cost": 12.2,
                        "Plan Rows": 1,
                        "Plan Width": 4,
                        "Actual Startup Time": 0.091,
                        "Actual Total Time": 0.094,
                        "Actual Rows": 1,
                        "Actual Loops": 1,
                        "Output": [
                            "cct1.id",
                            "cct1.kind"
                        ],
                        "Filter": "((cct1.kind)::text = 'cast'::text)",
                        "Rows Removed by Filter": 3
                    },
                    {
                        "Node Type": "Hash",
                        "Parent Relationship": "Inner",
                        "Parallel Aware": false,
                        "Startup Cost": 70005405416.03,
                        "Total Cost": 70005405416.03,
                        "Plan Rows": 1,
                        "Plan Width": 4,
                        "Actual Startup Time": 16710.283,
                        "Actual Total Time": 16719.178,
                        "Actual Rows": 15,
                        "Actual Loops": 1,
                        "Output": [
                            "cc.subject_id"
                        ],
                        "Hash Buckets": 1024,
                        "Original Hash Buckets": 1024,
                        "Hash Batches": 1,
                        "Original Hash Batches": 1,
                        "Peak Memory Usage": 9,
                        "Plans": [
                            {
                                "Node Type": "Nested Loop",
                                "Parent Relationship": "Outer",
                                "Parallel Aware": false,
                                "Join Type": "Inner",
                                "Startup Cost": 70005405415.98,
                                "Total Cost": 70005405416.03,
                                "Plan Rows": 1,
                                "Plan Width": 4,
                                "Actual Startup Time": 16710.157,
                                "Actual Total Time": 16719.164,
                                "Actual Rows": 15,
                                "Actual Loops": 1,
                                "Output": [
                                    "cc.subject_id"
                                ],
                                "Inner Unique": true,
                                "Plans": [
                                    {
                                        "Node Type": "Merge Join",
                                        "Parent Relationship": "Outer",
                                        "Parallel Aware": false,
                                        "Join Type": "Inner",
                                        "Startup Cost": 70005405415.56,
                                        "Total Cost": 70005405415.58,
                                        "Plan Rows": 1,
                                        "Plan Width": 8,
                                        "Actual Startup Time": 16709.898,
                                        "Actual Total Time": 16718.818,
                                        "Actual Rows": 66,
                                        "Actual Loops": 1,
                                        "Output": [
                                            "cc.subject_id",
                                            "mc.company_id"
                                        ],
                                        "Inner Unique": false,
                                        "Merge Cond": "(cc.status_id = cct2.id)",
                                        "Plans": [
                                            {
                                                "Node Type": "Sort",
                                                "Parent Relationship": "Outer",
                                                "Parallel Aware": false,
                                                "Startup Cost": 60005405414.5,
                                                "Total Cost": 60005405414.5,
                                                "Plan Rows": 1,
                                                "Plan Width": 12,
                                                "Actual Startup Time": 16709.86,
                                                "Actual Total Time": 16718.754,
                                                "Actual Rows": 66,
                                                "Actual Loops": 1,
                                                "Output": [
                                                    "cc.subject_id",
                                                    "cc.status_id",
                                                    "mc.company_id"
                                                ],
                                                "Sort Key": [
                                                    "cc.status_id"
                                                ],
                                                "Sort Method": "quicksort",
                                                "Sort Space Used": 28,
                                                "Sort Space Type": "Memory",
                                                "Plans": [
                                                    {
                                                        "Node Type": "Merge Join",
                                                        "Parent Relationship": "Outer",
                                                        "Parallel Aware": false,
                                                        "Join Type": "Inner",
                                                        "Startup Cost": 60005392370.13,
                                                        "Total Cost": 60005405414.49,
                                                        "Plan Rows": 1,
                                                        "Plan Width": 12,
                                                        "Actual Startup Time": 16709.798,
                                                        "Actual Total Time": 16718.709,
                                                        "Actual Rows": 66,
                                                        "Actual Loops": 1,
                                                        "Output": [
                                                            "cc.subject_id",
                                                            "cc.status_id",
                                                            "mc.company_id"
                                                        ],
                                                        "Inner Unique": false,
                                                        "Merge Cond": "(mc.movie_id = t.id)",
                                                        "Plans": [
                                                            {
                                                                "Node Type": "Sort",
                                                                "Parent Relationship": "Outer",
                                                                "Parallel Aware": false,
                                                                "Startup Cost": 322951.0,
                                                                "Total Cost": 329473.82,
                                                                "Plan Rows": 2609129,
                                                                "Plan Width": 8,
                                                                "Actual Startup Time": 748.333,
                                                                "Actual Total Time": 869.823,
                                                                "Actual Rows": 2122642,
                                                                "Actual Loops": 1,
                                                                "Output": [
                                                                    "mc.movie_id",
                                                                    "mc.company_id"
                                                                ],
                                                                "Sort Key": [
                                                                    "mc.movie_id"
                                                                ],
                                                                "Sort Method": "quicksort",
                                                                "Sort Space Used": 220607,
                                                                "Sort Space Type": "Memory",
                                                                "Plans": [
                                                                    {
                                                                        "Node Type": "Seq Scan",
                                                                        "Parent Relationship": "Outer",
                                                                        "Parallel Aware": false,
                                                                        "Relation Name": "movie_companies",
                                                                        "Schema": "public",
                                                                        "Alias": "mc",
                                                                        "Startup Cost": 0.0,
                                                                        "Total Cost": 44881.29,
                                                                        "Plan Rows": 2609129,
                                                                        "Plan Width": 8,
                                                                        "Actual Startup Time": 0.018,
                                                                        "Actual Total Time": 299.232,
                                                                        "Actual Rows": 2609129,
                                                                        "Actual Loops": 1,
                                                                        "Output": [
                                                                            "mc.movie_id",
                                                                            "mc.company_id"
                                                                        ]
                                                                    }
                                                                ]
                                                            },
                                                            {
                                                                "Node Type": "Sort",
                                                                "Parent Relationship": "Inner",
                                                                "Parallel Aware": false,
                                                                "Startup Cost": 60005069417.83,
                                                                "Total Cost": 60005069417.83,
                                                                "Plan Rows": 1,
                                                                "Plan Width": 28,
                                                                "Actual Startup Time": 15675.743,
                                                                "Actual Total Time": 15684.636,
                                                                "Actual Rows": 45,
                                                                "Actual Loops": 1,
                                                                "Output": [
                                                                    "ci.movie_id",
                                                                    "cc.movie_id",
                                                                    "cc.subject_id",
                                                                    "cc.status_id",
                                                                    "mi.movie_id",
                                                                    "mk.movie_id",
                                                                    "t.id"
                                                                ],
                                                                "Sort Key": [
                                                                    "ci.movie_id"
                                                                ],
                                                                "Sort Method": "quicksort",
                                                                "Sort Space Used": 25,
                                                                "Sort Space Type": "Memory",
                                                                "Plans": [
                                                                    {
                                                                        "Node Type": "Hash Join",
                                                                        "Parent Relationship": "Outer",
                                                                        "Parallel Aware": false,
                                                                        "Join Type": "Inner",
                                                                        "Startup Cost": 60005067116.37,
                                                                        "Total Cost": 60005069417.82,
                                                                        "Plan Rows": 1,
                                                                        "Plan Width": 28,
                                                                        "Actual Startup Time": 15675.676,
                                                                        "Actual Total Time": 15684.592,
                                                                        "Actual Rows": 3,
                                                                        "Actual Loops": 1,
                                                                        "Output": [
                                                                            "ci.movie_id",
                                                                            "cc.movie_id",
                                                                            "cc.subject_id",
                                                                            "cc.status_id",
                                                                            "mi.movie_id",
                                                                            "mk.movie_id",
                                                                            "t.id"
                                                                        ],
                                                                        "Inner Unique": false,
                                                                        "Hash Cond": "(t.id = cc.movie_id)",
                                                                        "Plans": [
                                                                            {
                                                                                "Node Type": "Nested Loop",
                                                                                "Parent Relationship": "Outer",
                                                                                "Parallel Aware": false,
                                                                                "Join Type": "Inner",
                                                                                "Startup Cost": 60005063345.94,
                                                                                "Total Cost": 60005065647.37,
                                                                                "Plan Rows": 1,
                                                                                "Plan Width": 16,
                                                                                "Actual Startup Time": 15635.642,
                                                                                "Actual Total Time": 15644.553,
                                                                                "Actual Rows": 3,
                                                                                "Actual Loops": 1,
                                                                                "Output": [
                                                                                    "ci.movie_id",
                                                                                    "mi.movie_id",
                                                                                    "mk.movie_id",
                                                                                    "t.id"
                                                                                ],
                                                                                "Inner Unique": true,
                                                                                "Plans": [
                                                                                    {
                                                                                        "Node Type": "Hash Join",
                                                                                        "Parent Relationship": "Outer",
                                                                                        "Parallel Aware": false,
                                                                                        "Join Type": "Inner",
                                                                                        "Startup Cost": 50005063345.79,
                                                                                        "Total Cost": 50005065639.19,
                                                                                        "Plan Rows": 1,
                                                                                        "Plan Width": 20,
                                                                                        "Actual Startup Time": 15635.609,
                                                                                        "Actual Total Time": 15644.502,
                                                                                        "Actual Rows": 3,
                                                                                        "Actual Loops": 1,
                                                                                        "Output": [
                                                                                            "ci.movie_id",
                                                                                            "mi.movie_id",
                                                                                            "mi.info_type_id",
                                                                                            "mk.movie_id",
                                                                                            "t.id"
                                                                                        ],
                                                                                        "Inner Unique": false,
                                                                                        "Hash Cond": "(ci.person_role_id = chn.id)",
                                                                                        "Plans": [
                                                                                            {
                                                                                                "Node Type": "Merge Join",
                                                                                                "Parent Relationship": "Outer",
                                                                                                "Parallel Aware": false,
                                                                                                "Join Type": "Inner",
                                                                                                "Startup Cost": 50005016084.46,
                                                                                                "Total Cost": 50005018377.85,
                                                                                                "Plan Rows": 1,
                                                                                                "Plan Width": 24,
                                                                                                "Actual Startup Time": 15437.494,
                                                                                                "Actual Total Time": 15446.314,
                                                                                                "Actual Rows": 3,
                                                                                                "Actual Loops": 1,
                                                                                                "Output": [
                                                                                                    "ci.movie_id",
                                                                                                    "ci.person_role_id",
                                                                                                    "mi.movie_id",
                                                                                                    "mi.info_type_id",
                                                                                                    "mk.movie_id",
                                                                                                    "t.id"
                                                                                                ],
                                                                                                "Inner Unique": false,
                                                                                                "Merge Cond": "(mi.movie_id = t.id)",
                                                                                                "Plans": [
                                                                                                    {
                                                                                                        "Node Type": "Sort",
                                                                                                        "Parent Relationship": "Outer",
                                                                                                        "Parallel Aware": false,
                                                                                                        "Startup Cost": 10000389568.01,
                                                                                                        "Total Cost": 10000390714.81,
                                                                                                        "Plan Rows": 458720,
                                                                                                        "Plan Width": 8,
                                                                                                        "Actual Startup Time": 2841.01,
                                                                                                        "Actual Total Time": 2859.457,
                                                                                                        "Actual Rows": 338857,
                                                                                                        "Actual Loops": 1,
                                                                                                        "Output": [
                                                                                                            "mi.movie_id",
                                                                                                            "mi.info_type_id"
                                                                                                        ],
                                                                                                        "Sort Key": [
                                                                                                            "mi.movie_id"
                                                                                                        ],
                                                                                                        "Sort Method": "quicksort",
                                                                                                        "Sort Space Used": 30461,
                                                                                                        "Sort Space Type": "Memory",
                                                                                                        "Plans": [
                                                                                                            {
                                                                                                                "Node Type": "Seq Scan",
                                                                                                                "Parent Relationship": "Outer",
                                                                                                                "Parallel Aware": false,
                                                                                                                "Relation Name": "movie_info",
                                                                                                                "Schema": "public",
                                                                                                                "Alias": "mi",
                                                                                                                "Startup Cost": 10000000000.0,
                                                                                                                "Total Cost": 10000346431.69,
                                                                                                                "Plan Rows": 458720,
                                                                                                                "Plan Width": 8,
                                                                                                                "Actual Startup Time": 288.491,
                                                                                                                "Actual Total Time": 2776.731,
                                                                                                                "Actual Rows": 387683,
                                                                                                                "Actual Loops": 1,
                                                                                                                "Output": [
                                                                                                                    "mi.movie_id",
                                                                                                                    "mi.info_type_id"
                                                                                                                ],
                                                                                                                "Filter": "(mi.info ~~ 'USA:%200%'::text)",
                                                                                                                "Rows Removed by Filter": 14448037
                                                                                                            }
                                                                                                        ]
                                                                                                    },
                                                                                                    {
                                                                                                        "Node Type": "Sort",
                                                                                                        "Parent Relationship": "Inner",
                                                                                                        "Parallel Aware": false,
                                                                                                        "Startup Cost": 40004626516.23,
                                                                                                        "Total Cost": 40004626516.23,
                                                                                                        "Plan Rows": 1,
                                                                                                        "Plan Width": 16,
                                                                                                        "Actual Startup Time": 12552.224,
                                                                                                        "Actual Total Time": 12561.033,
                                                                                                        "Actual Rows": 3,
                                                                                                        "Actual Loops": 1,
                                                                                                        "Output": [
                                                                                                            "ci.movie_id",
                                                                                                            "ci.person_role_id",
                                                                                                            "mk.movie_id",
                                                                                                            "t.id"
                                                                                                        ],
                                                                                                        "Sort Key": [
                                                                                                            "ci.movie_id"
                                                                                                        ],
                                                                                                        "Sort Method": "quicksort",
                                                                                                        "Sort Space Used": 25,
                                                                                                        "Sort Space Type": "Memory",
                                                                                                        "Plans": [
                                                                                                            {
                                                                                                                "Node Type": "Merge Join",
                                                                                                                "Parent Relationship": "Outer",
                                                                                                                "Parallel Aware": false,
                                                                                                                "Join Type": "Inner",
                                                                                                                "Startup Cost": 40004626516.19,
                                                                                                                "Total Cost": 40004626516.22,
                                                                                                                "Plan Rows": 1,
                                                                                                                "Plan Width": 16,
                                                                                                                "Actual Startup Time": 12552.201,
                                                                                                                "Actual Total Time": 12561.01,
                                                                                                                "Actual Rows": 3,
                                                                                                                "Actual Loops": 1,
                                                                                                                "Output": [
                                                                                                                    "ci.movie_id",
                                                                                                                    "ci.person_role_id",
                                                                                                                    "mk.movie_id",
                                                                                                                    "t.id"
                                                                                                                ],
                                                                                                                "Inner Unique": false,
                                                                                                                "Merge Cond": "(mk.keyword_id = k.id)",
                                                                                                                "Plans": [
                                                                                                                    {
                                                                                                                        "Node Type": "Sort",
                                                                                                                        "Parent Relationship": "Outer",
                                                                                                                        "Parallel Aware": false,
                                                                                                                        "Startup Cost": 40004623890.06,
                                                                                                                        "Total Cost": 40004623890.06,
                                                                                                                        "Plan Rows": 1,
                                                                                                                        "Plan Width": 20,
                                                                                                                        "Actual Startup Time": 12539.314,
                                                                                                                        "Actual Total Time": 12548.137,
                                                                                                                        "Actual Rows": 187,
                                                                                                                        "Actual Loops": 1,
                                                                                                                        "Output": [
                                                                                                                            "ci.movie_id",
                                                                                                                            "ci.person_role_id",
                                                                                                                            "mk.movie_id",
                                                                                                                            "mk.keyword_id",
                                                                                                                            "t.id"
                                                                                                                        ],
                                                                                                                        "Sort Key": [
                                                                                                                            "mk.keyword_id"
                                                                                                                        ],
                                                                                                                        "Sort Method": "quicksort",
                                                                                                                        "Sort Space Used": 50,
                                                                                                                        "Sort Space Type": "Memory",
                                                                                                                        "Plans": [
                                                                                                                            {
                                                                                                                                "Node Type": "Merge Join",
                                                                                                                                "Parent Relationship": "Outer",
                                                                                                                                "Parallel Aware": false,
                                                                                                                                "Join Type": "Inner",
                                                                                                                                "Startup Cost": 40004549624.94,
                                                                                                                                "Total Cost": 40004623890.05,
                                                                                                                                "Plan Rows": 1,
                                                                                                                                "Plan Width": 20,
                                                                                                                                "Actual Startup Time": 12539.027,
                                                                                                                                "Actual Total Time": 12548.011,
                                                                                                                                "Actual Rows": 324,
                                                                                                                                "Actual Loops": 1,
                                                                                                                                "Output": [
                                                                                                                                    "ci.movie_id",
                                                                                                                                    "ci.person_role_id",
                                                                                                                                    "mk.movie_id",
                                                                                                                                    "mk.keyword_id",
                                                                                                                                    "t.id"
                                                                                                                                ],
                                                                                                                                "Inner Unique": false,
                                                                                                                                "Merge Cond": "(n.id = an.person_id)",
                                                                                                                                "Plans": [
                                                                                                                                    {
                                                                                                                                        "Node Type": "Sort",
                                                                                                                                        "Parent Relationship": "Outer",
                                                                                                                                        "Parallel Aware": false,
                                                                                                                                        "Startup Cost": 40004549624.51,
                                                                                                                                        "Total Cost": 40004549624.52,
                                                                                                                                        "Plan Rows": 1,
                                                                                                                                        "Plan Width": 32,
                                                                                                                                        "Actual Startup Time": 12323.098,
                                                                                                                                        "Actual Total Time": 12331.911,
                                                                                                                                        "Actual Rows": 108,
                                                                                                                                        "Actual Loops": 1,
                                                                                                                                        "Output": [
                                                                                                                                            "ci.movie_id",
                                                                                                                                            "ci.person_id",
                                                                                                                                            "ci.person_role_id",
                                                                                                                                            "mk.movie_id",
                                                                                                                                            "mk.keyword_id",
                                                                                                                                            "n.id",
                                                                                                                                            "pi.person_id",
                                                                                                                                            "t.id"
                                                                                                                                        ],
                                                                                                                                        "Sort Key": [
                                                                                                                                            "ci.person_id"
                                                                                                                                        ],
                                                                                                                                        "Sort Method": "quicksort",
                                                                                                                                        "Sort Space Used": 33,
                                                                                                                                        "Sort Space Type": "Memory",
                                                                                                                                        "Plans": [
                                                                                                                                            {
                                                                                                                                                "Node Type": "Hash Join",
                                                                                                                                                "Parent Relationship": "Outer",
                                                                                                                                                "Parallel Aware": false,
                                                                                                                                                "Join Type": "Inner",
                                                                                                                                                "Startup Cost": 40004474460.6,
                                                                                                                                                "Total Cost": 40004549624.5,
                                                                                                                                                "Plan Rows": 1,
                                                                                                                                                "Plan Width": 32,
                                                                                                                                                "Actual Startup Time": 12192.657,
                                                                                                                                                "Actual Total Time": 12331.846,
                                                                                                                                                "Actual Rows": 108,
                                                                                                                                                "Actual Loops": 1,
                                                                                                                                                "Output": [
                                                                                                                                                    "ci.movie_id",
                                                                                                                                                    "ci.person_id",
                                                                                                                                                    "ci.person_role_id",
                                                                                                                                                    "mk.movie_id",
                                                                                                                                                    "mk.keyword_id",
                                                                                                                                                    "n.id",
                                                                                                                                                    "pi.person_id",
                                                                                                                                                    "t.id"
                                                                                                                                                ],
                                                                                                                                                "Inner Unique": false,
                                                                                                                                                "Hash Cond": "(n.id = ci.person_id)",
                                                                                                                                                "Plans": [
                                                                                                                                                    {
                                                                                                                                                        "Node Type": "Gather",
                                                                                                                                                        "Parent Relationship": "Outer",
                                                                                                                                                        "Parallel Aware": false,
                                                                                                                                                        "Startup Cost": 1000.0,
                                                                                                                                                        "Total Cost": 76022.11,
                                                                                                                                                        "Plan Rows": 37808,
                                                                                                                                                        "Plan Width": 4,
                                                                                                                                                        "Actual Startup Time": 88.716,
                                                                                                                                                        "Actual Total Time": 214.543,
                                                                                                                                                        "Actual Rows": 50011,
                                                                                                                                                        "Actual Loops": 1,
                                                                                                                                                        "Output": [
                                                                                                                                                            "n.id"
                                                                                                                                                        ],
                                                                                                                                                        "Workers Planned": 4,
                                                                                                                                                        "Workers Launched": 4,
                                                                                                                                                        "Single Copy": false,
                                                                                                                                                        "Plans": [
                                                                                                                                                            {
                                                                                                                                                                "Node Type": "Seq Scan",
                                                                                                                                                                "Parent Relationship": "Outer",
                                                                                                                                                                "Parallel Aware": true,
                                                                                                                                                                "Relation Name": "name",
                                                                                                                                                                "Schema": "public",
                                                                                                                                                                "Alias": "n",
                                                                                                                                                                "Startup Cost": 0.0,
                                                                                                                                                                "Total Cost": 71241.31,
                                                                                                                                                                "Plan Rows": 9452,
                                                                                                                                                                "Plan Width": 4,
                                                                                                                                                                "Actual Startup Time": 79.739,
                                                                                                                                                                "Actual Total Time": 204.984,
                                                                                                                                                                "Actual Rows": 10002,
                                                                                                                                                                "Actual Loops": 5,
                                                                                                                                                                "Output": [
                                                                                                                                                                    "n.id"
                                                                                                                                                                ],
                                                                                                                                                                "Filter": "((n.name ~~ '%An%'::text) AND ((n.gender)::text = 'f'::text))",
                                                                                                                                                                "Rows Removed by Filter": 823496,
                                                                                                                                                                "Workers": [
                                                                                                                                                                    {
                                                                                                                                                                        "Worker Number": 0,
                                                                                                                                                                        "Actual Startup Time": 77.271,
                                                                                                                                                                        "Actual Total Time": 205.17,
                                                                                                                                                                        "Actual Rows": 10152,
                                                                                                                                                                        "Actual Loops": 1
                                                                                                                                                                    },
                                                                                                                                                                    {
                                                                                                                                                                        "Worker Number": 1,
                                                                                                                                                                        "Actual Startup Time": 77.155,
                                                                                                                                                                        "Actual Total Time": 204.887,
                                                                                                                                                                        "Actual Rows": 9689,
                                                                                                                                                                        "Actual Loops": 1
                                                                                                                                                                    },
                                                                                                                                                                    {
                                                                                                                                                                        "Worker Number": 2,
                                                                                                                                                                        "Actual Startup Time": 77.937,
                                                                                                                                                                        "Actual Total Time": 205.35,
                                                                                                                                                                        "Actual Rows": 9490,
                                                                                                                                                                        "Actual Loops": 1
                                                                                                                                                                    },
                                                                                                                                                                    {
                                                                                                                                                                        "Worker Number": 3,
                                                                                                                                                                        "Actual Startup Time": 77.976,
                                                                                                                                                                        "Actual Total Time": 205.339,
                                                                                                                                                                        "Actual Rows": 9156,
                                                                                                                                                                        "Actual Loops": 1
                                                                                                                                                                    }
                                                                                                                                                                ]
                                                                                                                                                            }
                                                                                                                                                        ]
                                                                                                                                                    },
                                                                                                                                                    {
                                                                                                                                                        "Node Type": "Hash",
                                                                                                                                                        "Parent Relationship": "Inner",
                                                                                                                                                        "Parallel Aware": false,
                                                                                                                                                        "Startup Cost": 40004473460.59,
                                                                                                                                                        "Total Cost": 40004473460.59,
                                                                                                                                                        "Plan Rows": 1,
                                                                                                                                                        "Plan Width": 28,
                                                                                                                                                        "Actual Startup Time": 12103.343,
                                                                                                                                                        "Actual Total Time": 12112.013,
                                                                                                                                                        "Actual Rows": 684,
                                                                                                                                                        "Actual Loops": 1,
                                                                                                                                                        "Output": [
                                                                                                                                                            "ci.movie_id",
                                                                                                                                                            "ci.person_id",
                                                                                                                                                            "ci.person_role_id",
                                                                                                                                                            "mk.movie_id",
                                                                                                                                                            "mk.keyword_id",
                                                                                                                                                            "pi.person_id",
                                                                                                                                                            "t.id"
                                                                                                                                                        ],
                                                                                                                                                        "Hash Buckets": 1024,
                                                                                                                                                        "Original Hash Buckets": 1024,
                                                                                                                                                        "Hash Batches": 1,
                                                                                                                                                        "Original Hash Batches": 1,
                                                                                                                                                        "Peak Memory Usage": 49,
                                                                                                                                                        "Plans": [
                                                                                                                                                            {
                                                                                                                                                                "Node Type": "Hash Join",
                                                                                                                                                                "Parent Relationship": "Outer",
                                                                                                                                                                "Parallel Aware": false,
                                                                                                                                                                "Join Type": "Inner",
                                                                                                                                                                "Startup Cost": 40004304489.91,
                                                                                                                                                                "Total Cost": 40004473460.59,
                                                                                                                                                                "Plan Rows": 1,
                                                                                                                                                                "Plan Width": 28,
                                                                                                                                                                "Actual Startup Time": 11963.08,
                                                                                                                                                                "Actual Total Time": 12111.853,
                                                                                                                                                                "Actual Rows": 684,
                                                                                                                                                                "Actual Loops": 1,
                                                                                                                                                                "Output": [
                                                                                                                                                                    "ci.movie_id",
                                                                                                                                                                    "ci.person_id",
                                                                                                                                                                    "ci.person_role_id",
                                                                                                                                                                    "mk.movie_id",
                                                                                                                                                                    "mk.keyword_id",
                                                                                                                                                                    "pi.person_id",
                                                                                                                                                                    "t.id"
                                                                                                                                                                ],
                                                                                                                                                                "Inner Unique": false,
                                                                                                                                                                "Hash Cond": "(ci.role_id = rt.id)",
                                                                                                                                                                "Plans": [
                                                                                                                                                                    {
                                                                                                                                                                        "Node Type": "Merge Join",
                                                                                                                                                                        "Parent Relationship": "Outer",
                                                                                                                                                                        "Parallel Aware": false,
                                                                                                                                                                        "Join Type": "Inner",
                                                                                                                                                                        "Startup Cost": 30004304488.74,
                                                                                                                                                                        "Total Cost": 30004473459.41,
                                                                                                                                                                        "Plan Rows": 3,
                                                                                                                                                                        "Plan Width": 32,
                                                                                                                                                                        "Actual Startup Time": 11963.024,
                                                                                                                                                                        "Actual Total Time": 12111.537,
                                                                                                                                                                        "Actual Rows": 1852,
                                                                                                                                                                        "Actual Loops": 1,
                                                                                                                                                                        "Output": [
                                                                                                                                                                            "ci.movie_id",
                                                                                                                                                                            "ci.person_id",
                                                                                                                                                                            "ci.role_id",
                                                                                                                                                                            "ci.person_role_id",
                                                                                                                                                                            "mk.movie_id",
                                                                                                                                                                            "mk.keyword_id",
                                                                                                                                                                            "pi.person_id",
                                                                                                                                                                            "t.id"
                                                                                                                                                                        ],
                                                                                                                                                                        "Inner Unique": false,
                                                                                                                                                                        "Merge Cond": "(t.id = ci.movie_id)",
                                                                                                                                                                        "Plans": [
                                                                                                                                                                            {
                                                                                                                                                                                "Node Type": "Index Scan",
                                                                                                                                                                                "Parent Relationship": "Outer",
                                                                                                                                                                                "Parallel Aware": false,
                                                                                                                                                                                "Scan Direction": "Forward",
                                                                                                                                                                                "Index Name": "title_pkey",
                                                                                                                                                                                "Relation Name": "title",
                                                                                                                                                                                "Schema": "public",
                                                                                                                                                                                "Alias": "t",
                                                                                                                                                                                "Startup Cost": 10000000000.43,
                                                                                                                                                                                "Total Cost": 10000129304.51,
                                                                                                                                                                                "Plan Rows": 10,
                                                                                                                                                                                "Plan Width": 4,
                                                                                                                                                                                "Actual Startup Time": 11.78,
                                                                                                                                                                                "Actual Total Time": 1494.104,
                                                                                                                                                                                "Actual Rows": 3,
                                                                                                                                                                                "Actual Loops": 1,
                                                                                                                                                                                "Output": [
                                                                                                                                                                                    "t.id",
                                                                                                                                                                                    "t.title",
                                                                                                                                                                                    "t.imdb_index",
                                                                                                                                                                                    "t.kind_id",
                                                                                                                                                                                    "t.production_year",
                                                                                                                                                                                    "t.imdb_id",
                                                                                                                                                                                    "t.phonetic_code",
                                                                                                                                                                                    "t.episode_of_id",
                                                                                                                                                                                    "t.season_nr",
                                                                                                                                                                                    "t.episode_nr",
                                                                                                                                                                                    "t.series_years",
                                                                                                                                                                                    "t.md5sum"
                                                                                                                                                                                ],
                                                                                                                                                                                "Filter": "((t.production_year >= 1997) AND (t.production_year <= 2012) AND (t.title = 'Shrek 2'::text))",
                                                                                                                                                                                "Rows Removed by Filter": 2528309
                                                                                                                                                                            },
                                                                                                                                                                            {
                                                                                                                                                                                "Node Type": "Materialize",
                                                                                                                                                                                "Parent Relationship": "Inner",
                                                                                                                                                                                "Parallel Aware": false,
                                                                                                                                                                                "Startup Cost": 20004304484.57,
                                                                                                                                                                                "Total Cost": 20004342023.42,
                                                                                                                                                                                "Plan Rows": 852568,
                                                                                                                                                                                "Plan Width": 28,
                                                                                                                                                                                "Actual Startup Time": 9274.372,
                                                                                                                                                                                "Actual Total Time": 10487.68,
                                                                                                                                                                                "Actual Rows": 1225609,
                                                                                                                                                                                "Actual Loops": 1,
                                                                                                                                                                                "Output": [
                                                                                                                                                                                    "ci.movie_id",
                                                                                                                                                                                    "ci.person_id",
                                                                                                                                                                                    "ci.role_id",
                                                                                                                                                                                    "ci.person_role_id",
                                                                                                                                                                                    "mk.movie_id",
                                                                                                                                                                                    "mk.keyword_id",
                                                                                                                                                                                    "pi.person_id"
                                                                                                                                                                                ],
                                                                                                                                                                                "Plans": [
                                                                                                                                                                                    {
                                                                                                                                                                                        "Node Type": "Merge Join",
                                                                                                                                                                                        "Parent Relationship": "Outer",
                                                                                                                                                                                        "Parallel Aware": false,
                                                                                                                                                                                        "Join Type": "Inner",
                                                                                                                                                                                        "Startup Cost": 20004304484.57,
                                                                                                                                                                                        "Total Cost": 20004339892.0,
                                                                                                                                                                                        "Plan Rows": 852568,
                                                                                                                                                                                        "Plan Width": 28,
                                                                                                                                                                                        "Actual Startup Time": 9274.364,
                                                                                                                                                                                        "Actual Total Time": 10078.719,
                                                                                                                                                                                        "Actual Rows": 1225609,
                                                                                                                                                                                        "Actual Loops": 1,
                                                                                                                                                                                        "Output": [
                                                                                                                                                                                            "ci.movie_id",
                                                                                                                                                                                            "ci.person_id",
                                                                                                                                                                                            "ci.role_id",
                                                                                                                                                                                            "ci.person_role_id",
                                                                                                                                                                                            "mk.movie_id",
                                                                                                                                                                                            "mk.keyword_id",
                                                                                                                                                                                            "pi.person_id"
                                                                                                                                                                                        ],
                                                                                                                                                                                        "Inner Unique": false,
                                                                                                                                                                                        "Merge Cond": "(mk.movie_id = ci.movie_id)",
                                                                                                                                                                                        "Plans": [
                                                                                                                                                                                            {
                                                                                                                                                                                                "Node Type": "Sort",
                                                                                                                                                                                                "Parent Relationship": "Outer",
                                                                                                                                                                                                "Parallel Aware": false,
                                                                                                                                                                                                "Startup Cost": 10000569794.43,
                                                                                                                                                                                                "Total Cost": 10000581104.25,
                                                                                                                                                                                                "Plan Rows": 4523930,
                                                                                                                                                                                                "Plan Width": 8,
                                                                                                                                                                                                "Actual Startup Time": 1033.813,
                                                                                                                                                                                                "Actual Total Time": 1230.239,
                                                                                                                                                                                                "Actual Rows": 3383649,
                                                                                                                                                                                                "Actual Loops": 1,
                                                                                                                                                                                                "Output": [
                                                                                                                                                                                                    "mk.movie_id",
                                                                                                                                                                                                    "mk.keyword_id"
                                                                                                                                                                                                ],
                                                                                                                                                                                                "Sort Key": [
                                                                                                                                                                                                    "mk.movie_id"
                                                                                                                                                                                                ],
                                                                                                                                                                                                "Sort Method": "quicksort",
                                                                                                                                                                                                "Sort Space Used": 408668,
                                                                                                                                                                                                "Sort Space Type": "Memory",
                                                                                                                                                                                                "Plans": [
                                                                                                                                                                                                    {
                                                                                                                                                                                                        "Node Type": "Seq Scan",
                                                                                                                                                                                                        "Parent Relationship": "Outer",
                                                                                                                                                                                                        "Parallel Aware": false,
                                                                                                                                                                                                        "Relation Name": "movie_keyword",
                                                                                                                                                                                                        "Schema": "public",
                                                                                                                                                                                                        "Alias": "mk",
                                                                                                                                                                                                        "Startup Cost": 10000000000.0,
                                                                                                                                                                                                        "Total Cost": 10000069693.3,
                                                                                                                                                                                                        "Plan Rows": 4523930,
                                                                                                                                                                                                        "Plan Width": 8,
                                                                                                                                                                                                        "Actual Startup Time": 0.012,
                                                                                                                                                                                                        "Actual Total Time": 374.928,
                                                                                                                                                                                                        "Actual Rows": 4523930,
                                                                                                                                                                                                        "Actual Loops": 1,
                                                                                                                                                                                                        "Output": [
                                                                                                                                                                                                            "mk.movie_id",
                                                                                                                                                                                                            "mk.keyword_id"
                                                                                                                                                                                                        ]
                                                                                                                                                                                                    }
                                                                                                                                                                                                ]
                                                                                                                                                                                            },
                                                                                                                                                                                            {
                                                                                                                                                                                                "Node Type": "Sort",
                                                                                                                                                                                                "Parent Relationship": "Inner",
                                                                                                                                                                                                "Parallel Aware": false,
                                                                                                                                                                                                "Startup Cost": 10003734689.77,
                                                                                                                                                                                                "Total Cost": 10003735134.37,
                                                                                                                                                                                                "Plan Rows": 177841,
                                                                                                                                                                                                "Plan Width": 20,
                                                                                                                                                                                                "Actual Startup Time": 8240.48,
                                                                                                                                                                                                "Actual Total Time": 8349.973,
                                                                                                                                                                                                "Actual Rows": 1406388,
                                                                                                                                                                                                "Actual Loops": 1,
                                                                                                                                                                                                "Output": [
                                                                                                                                                                                                    "ci.movie_id",
                                                                                                                                                                                                    "ci.person_id",
                                                                                                                                                                                                    "ci.role_id",
                                                                                                                                                                                                    "ci.person_role_id",
                                                                                                                                                                                                    "pi.person_id"
                                                                                                                                                                                                ],
                                                                                                                                                                                                "Sort Key": [
                                                                                                                                                                                                    "ci.movie_id"
                                                                                                                                                                                                ],
                                                                                                                                                                                                "Sort Method": "quicksort",
                                                                                                                                                                                                "Sort Space Used": 33930,
                                                                                                                                                                                                "Sort Space Type": "Memory",
                                                                                                                                                                                                "Plans": [
                                                                                                                                                                                                    {
                                                                                                                                                                                                        "Node Type": "Gather",
                                                                                                                                                                                                        "Parent Relationship": "Outer",
                                                                                                                                                                                                        "Parallel Aware": false,
                                                                                                                                                                                                        "Startup Cost": 10000338433.48,
                                                                                                                                                                                                        "Total Cost": 10003719181.83,
                                                                                                                                                                                                        "Plan Rows": 177841,
                                                                                                                                                                                                        "Plan Width": 20,
                                                                                                                                                                                                        "Actual Startup Time": 1388.134,
                                                                                                                                                                                                        "Actual Total Time": 8162.393,
                                                                                                                                                                                                        "Actual Rows": 281727,
                                                                                                                                                                                                        "Actual Loops": 1,
                                                                                                                                                                                                        "Output": [
                                                                                                                                                                                                            "ci.movie_id",
                                                                                                                                                                                                            "ci.person_id",
                                                                                                                                                                                                            "ci.role_id",
                                                                                                                                                                                                            "ci.person_role_id",
                                                                                                                                                                                                            "pi.person_id"
                                                                                                                                                                                                        ],
                                                                                                                                                                                                        "Workers Planned": 4,
                                                                                                                                                                                                        "Workers Launched": 3,
                                                                                                                                                                                                        "Single Copy": false,
                                                                                                                                                                                                        "Plans": [
                                                                                                                                                                                                            {
                                                                                                                                                                                                                "Node Type": "Hash Join",
                                                                                                                                                                                                                "Parent Relationship": "Outer",
                                                                                                                                                                                                                "Parallel Aware": true,
                                                                                                                                                                                                                "Join Type": "Inner",
                                                                                                                                                                                                                "Startup Cost": 10000337433.48,
                                                                                                                                                                                                                "Total Cost": 10003700397.73,
                                                                                                                                                                                                                "Plan Rows": 44460,
                                                                                                                                                                                                                "Plan Width": 20,
                                                                                                                                                                                                                "Actual Startup Time": 1379.406,
                                                                                                                                                                                                                "Actual Total Time": 7273.05,
                                                                                                                                                                                                                "Actual Rows": 70432,
                                                                                                                                                                                                                "Actual Loops": 4,
                                                                                                                                                                                                                "Output": [
                                                                                                                                                                                                                    "ci.movie_id",
                                                                                                                                                                                                                    "ci.person_id",
                                                                                                                                                                                                                    "ci.role_id",
                                                                                                                                                                                                                    "ci.person_role_id",
                                                                                                                                                                                                                    "pi.person_id"
                                                                                                                                                                                                                ],
                                                                                                                                                                                                                "Inner Unique": false,
                                                                                                                                                                                                                "Hash Cond": "(pi.person_id = ci.person_id)",
                                                                                                                                                                                                                "Workers": [
                                                                                                                                                                                                                    {
                                                                                                                                                                                                                        "Worker Number": 0,
                                                                                                                                                                                                                        "Actual Startup Time": 1378.299,
                                                                                                                                                                                                                        "Actual Total Time": 4714.481,
                                                                                                                                                                                                                        "Actual Rows": 84424,
                                                                                                                                                                                                                        "Actual Loops": 1
                                                                                                                                                                                                                    },
                                                                                                                                                                                                                    {
                                                                                                                                                                                                                        "Worker Number": 1,
                                                                                                                                                                                                                        "Actual Startup Time": 1375.327,
                                                                                                                                                                                                                        "Actual Total Time": 8130.09,
                                                                                                                                                                                                                        "Actual Rows": 82132,
                                                                                                                                                                                                                        "Actual Loops": 1
                                                                                                                                                                                                                    },
                                                                                                                                                                                                                    {
                                                                                                                                                                                                                        "Worker Number": 2,
                                                                                                                                                                                                                        "Actual Startup Time": 1376.294,
                                                                                                                                                                                                                        "Actual Total Time": 8137.782,
                                                                                                                                                                                                                        "Actual Rows": 62343,
                                                                                                                                                                                                                        "Actual Loops": 1
                                                                                                                                                                                                                    }
                                                                                                                                                                                                                ],
                                                                                                                                                                                                                "Plans": [
                                                                                                                                                                                                                    {
                                                                                                                                                                                                                        "Node Type": "Nested Loop",
                                                                                                                                                                                                                        "Parent Relationship": "Outer",
                                                                                                                                                                                                                        "Parallel Aware": false,
                                                                                                                                                                                                                        "Join Type": "Inner",
                                                                                                                                                                                                                        "Startup Cost": 10000000000.58,
                                                                                                                                                                                                                        "Total Cost": 10003344722.41,
                                                                                                                                                                                                                        "Plan Rows": 6556,
                                                                                                                                                                                                                        "Plan Width": 4,
                                                                                                                                                                                                                        "Actual Startup Time": 0.919,
                                                                                                                                                                                                                        "Actual Total Time": 5862.371,
                                                                                                                                                                                                                        "Actual Rows": 35586,
                                                                                                                                                                                                                        "Actual Loops": 4,
                                                                                                                                                                                                                        "Output": [
                                                                                                                                                                                                                            "pi.person_id"
                                                                                                                                                                                                                        ],
                                                                                                                                                                                                                        "Inner Unique": true,
                                                                                                                                                                                                                        "Workers": [
                                                                                                                                                                                                                            {
                                                                                                                                                                                                                                "Worker Number": 0,
                                                                                                                                                                                                                                "Actual Startup Time": 1.067,
                                                                                                                                                                                                                                "Actual Total Time": 3308.403,
                                                                                                                                                                                                                                "Actual Rows": 35619,
                                                                                                                                                                                                                                "Actual Loops": 1
                                                                                                                                                                                                                            },
                                                                                                                                                                                                                            {
                                                                                                                                                                                                                                "Worker Number": 1,
                                                                                                                                                                                                                                "Actual Startup Time": 0.469,
                                                                                                                                                                                                                                "Actual Total Time": 6720.358,
                                                                                                                                                                                                                                "Actual Rows": 36417,
                                                                                                                                                                                                                                "Actual Loops": 1
                                                                                                                                                                                                                            },
                                                                                                                                                                                                                            {
                                                                                                                                                                                                                                "Worker Number": 2,
                                                                                                                                                                                                                                "Actual Startup Time": 1.124,
                                                                                                                                                                                                                                "Actual Total Time": 6731.183,
                                                                                                                                                                                                                                "Actual Rows": 35570,
                                                                                                                                                                                                                                "Actual Loops": 1
                                                                                                                                                                                                                            }
                                                                                                                                                                                                                        ],
                                                                                                                                                                                                                        "Plans": [
                                                                                                                                                                                                                            {
                                                                                                                                                                                                                                "Node Type": "Index Scan",
                                                                                                                                                                                                                                "Parent Relationship": "Outer",
                                                                                                                                                                                                                                "Parallel Aware": true,
                                                                                                                                                                                                                                "Scan Direction": "Forward",
                                                                                                                                                                                                                                "Index Name": "person_id_person_info",
                                                                                                                                                                                                                                "Relation Name": "person_info",
                                                                                                                                                                                                                                "Schema": "public",
                                                                                                                                                                                                                                "Alias": "pi",
                                                                                                                                                                                                                                "Startup Cost": 0.43,
                                                                                                                                                                                                                                "Total Cost": 258704.43,
                                                                                                                                                                                                                                "Plan Rows": 740880,
                                                                                                                                                                                                                                "Plan Width": 8,
                                                                                                                                                                                                                                "Actual Startup Time": 0.519,
                                                                                                                                                                                                                                "Actual Total Time": 2093.236,
                                                                                                                                                                                                                                "Actual Rows": 740916,
                                                                                                                                                                                                                                "Actual Loops": 4,
                                                                                                                                                                                                                                "Output": [
                                                                                                                                                                                                                                    "pi.id",
                                                                                                                                                                                                                                    "pi.person_id",
                                                                                                                                                                                                                                    "pi.info_type_id",
                                                                                                                                                                                                                                    "pi.info",
                                                                                                                                                                                                                                    "pi.note"
                                                                                                                                                                                                                                ],
                                                                                                                                                                                                                                "Workers": [
                                                                                                                                                                                                                                    {
                                                                                                                                                                                                                                        "Worker Number": 0,
                                                                                                                                                                                                                                        "Actual Startup Time": 0.593,
                                                                                                                                                                                                                                        "Actual Total Time": 685.323,
                                                                                                                                                                                                                                        "Actual Rows": 713163,
                                                                                                                                                                                                                                        "Actual Loops": 1
                                                                                                                                                                                                                                    },
                                                                                                                                                                                                                                    {
                                                                                                                                                                                                                                        "Worker Number": 1,
                                                                                                                                                                                                                                        "Actual Startup Time": 0.295,
                                                                                                                                                                                                                                        "Actual Total Time": 2596.146,
                                                                                                                                                                                                                                        "Actual Rows": 762824,
                                                                                                                                                                                                                                        "Actual Loops": 1
                                                                                                                                                                                                                                    },
                                                                                                                                                                                                                                    {
                                                                                                                                                                                                                                        "Worker Number": 2,
                                                                                                                                                                                                                                        "Actual Startup Time": 0.765,
                                                                                                                                                                                                                                        "Actual Total Time": 2587.792,
                                                                                                                                                                                                                                        "Actual Rows": 757144,
                                                                                                                                                                                                                                        "Actual Loops": 1
                                                                                                                                                                                                                                    }
                                                                                                                                                                                                                                ]
                                                                                                                                                                                                                            },
                                                                                                                                                                                                                            {
                                                                                                                                                                                                                                "Node Type": "Bitmap Heap Scan",
                                                                                                                                                                                                                                "Parent Relationship": "Inner",
                                                                                                                                                                                                                                "Parallel Aware": false,
                                                                                                                                                                                                                                "Relation Name": "info_type",
                                                                                                                                                                                                                                "Schema": "public",
                                                                                                                                                                                                                                "Alias": "it3",
                                                                                                                                                                                                                                "Startup Cost": 0.15,
                                                                                                                                                                                                                                "Total Cost": 4.17,
                                                                                                                                                                                                                                "Plan Rows": 1,
                                                                                                                                                                                                                                "Plan Width": 4,
                                                                                                                                                                                                                                "Actual Startup Time": 0.003,
                                                                                                                                                                                                                                "Actual Total Time": 0.003,
                                                                                                                                                                                                                                "Actual Rows": 0,
                                                                                                                                                                                                                                "Actual Loops": 2963664,
                                                                                                                                                                                                                                "Output": [
                                                                                                                                                                                                                                    "it3.id",
                                                                                                                                                                                                                                    "it3.info"
                                                                                                                                                                                                                                ],
                                                                                                                                                                                                                                "Recheck Cond": "(it3.id = pi.info_type_id)",
                                                                                                                                                                                                                                "Rows Removed by Index Recheck": 0,
                                                                                                                                                                                                                                "Filter": "((it3.info)::text = 'height'::text)",
                                                                                                                                                                                                                                "Rows Removed by Filter": 1,
                                                                                                                                                                                                                                "Exact Heap Blocks": 730533,
                                                                                                                                                                                                                                "Lossy Heap Blocks": 0,
                                                                                                                                                                                                                                "Workers": [
                                                                                                                                                                                                                                    {
                                                                                                                                                                                                                                        "Worker Number": 0,
                                                                                                                                                                                                                                        "Actual Startup Time": 0.002,
                                                                                                                                                                                                                                        "Actual Total Time": 0.002,
                                                                                                                                                                                                                                        "Actual Rows": 0,
                                                                                                                                                                                                                                        "Actual Loops": 713163
                                                                                                                                                                                                                                    },
                                                                                                                                                                                                                                    {
                                                                                                                                                                                                                                        "Worker Number": 1,
                                                                                                                                                                                                                                        "Actual Startup Time": 0.003,
                                                                                                                                                                                                                                        "Actual Total Time": 0.003,
                                                                                                                                                                                                                                        "Actual Rows": 0,
                                                                                                                                                                                                                                        "Actual Loops": 762824
                                                                                                                                                                                                                                    },
                                                                                                                                                                                                                                    {
                                                                                                                                                                                                                                        "Worker Number": 2,
                                                                                                                                                                                                                                        "Actual Startup Time": 0.003,
                                                                                                                                                                                                                                        "Actual Total Time": 0.003,
                                                                                                                                                                                                                                        "Actual Rows": 0,
                                                                                                                                                                                                                                        "Actual Loops": 757144
                                                                                                                                                                                                                                    }
                                                                                                                                                                                                                                ],
                                                                                                                                                                                                                                "Plans": [
                                                                                                                                                                                                                                    {
                                                                                                                                                                                                                                        "Node Type": "Bitmap Index Scan",
                                                                                                                                                                                                                                        "Parent Relationship": "Outer",
                                                                                                                                                                                                                                        "Parallel Aware": false,
                                                                                                                                                                                                                                        "Index Name": "info_type_pkey",
                                                                                                                                                                                                                                        "Startup Cost": 0.0,
                                                                                                                                                                                                                                        "Total Cost": 0.15,
                                                                                                                                                                                                                                        "Plan Rows": 1,
                                                                                                                                                                                                                                        "Plan Width": 0,
                                                                                                                                                                                                                                        "Actual Startup Time": 0.001,
                                                                                                                                                                                                                                        "Actual Total Time": 0.001,
                                                                                                                                                                                                                                        "Actual Rows": 1,
                                                                                                                                                                                                                                        "Actual Loops": 2963664,
                                                                                                                                                                                                                                        "Index Cond": "(it3.id = pi.info_type_id)",
                                                                                                                                                                                                                                        "Workers": [
                                                                                                                                                                                                                                            {
                                                                                                                                                                                                                                                "Worker Number": 0,
                                                                                                                                                                                                                                                "Actual Startup Time": 0.001,
                                                                                                                                                                                                                                                "Actual Total Time": 0.001,
                                                                                                                                                                                                                                                "Actual Rows": 1,
                                                                                                                                                                                                                                                "Actual Loops": 713163
                                                                                                                                                                                                                                            },
                                                                                                                                                                                                                                            {
                                                                                                                                                                                                                                                "Worker Number": 1,
                                                                                                                                                                                                                                                "Actual Startup Time": 0.002,
                                                                                                                                                                                                                                                "Actual Total Time": 0.002,
                                                                                                                                                                                                                                                "Actual Rows": 1,
                                                                                                                                                                                                                                                "Actual Loops": 762824
                                                                                                                                                                                                                                            },
                                                                                                                                                                                                                                            {
                                                                                                                                                                                                                                                "Worker Number": 2,
                                                                                                                                                                                                                                                "Actual Startup Time": 0.002,
                                                                                                                                                                                                                                                "Actual Total Time": 0.002,
                                                                                                                                                                                                                                                "Actual Rows": 1,
                                                                                                                                                                                                                                                "Actual Loops": 757144
                                                                                                                                                                                                                                            }
                                                                                                                                                                                                                                        ]
                                                                                                                                                                                                                                    }
                                                                                                                                                                                                                                ]
                                                                                                                                                                                                                            }
                                                                                                                                                                                                                        ]
                                                                                                                                                                                                                    },
                                                                                                                                                                                                                    {
                                                                                                                                                                                                                        "Node Type": "Hash",
                                                                                                                                                                                                                        "Parent Relationship": "Inner",
                                                                                                                                                                                                                        "Parallel Aware": true,
                                                                                                                                                                                                                        "Startup Cost": 335766.28,
                                                                                                                                                                                                                        "Total Cost": 335766.28,
                                                                                                                                                                                                                        "Plan Rows": 133330,
                                                                                                                                                                                                                        "Plan Width": 16,
                                                                                                                                                                                                                        "Actual Startup Time": 1375.295,
                                                                                                                                                                                                                        "Actual Total Time": 1375.296,
                                                                                                                                                                                                                        "Actual Rows": 209175,
                                                                                                                                                                                                                        "Actual Loops": 4,
                                                                                                                                                                                                                        "Output": [
                                                                                                                                                                                                                            "ci.movie_id",
                                                                                                                                                                                                                            "ci.person_id",
                                                                                                                                                                                                                            "ci.role_id",
                                                                                                                                                                                                                            "ci.person_role_id"
                                                                                                                                                                                                                        ],
                                                                                                                                                                                                                        "Hash Buckets": 1048576,
                                                                                                                                                                                                                        "Original Hash Buckets": 1048576,
                                                                                                                                                                                                                        "Hash Batches": 1,
                                                                                                                                                                                                                        "Original Hash Batches": 1,
                                                                                                                                                                                                                        "Peak Memory Usage": 47520,
                                                                                                                                                                                                                        "Workers": [
                                                                                                                                                                                                                            {
                                                                                                                                                                                                                                "Worker Number": 0,
                                                                                                                                                                                                                                "Actual Startup Time": 1374.311,
                                                                                                                                                                                                                                "Actual Total Time": 1374.313,
                                                                                                                                                                                                                                "Actual Rows": 185162,
                                                                                                                                                                                                                                "Actual Loops": 1
                                                                                                                                                                                                                            },
                                                                                                                                                                                                                            {
                                                                                                                                                                                                                                "Worker Number": 1,
                                                                                                                                                                                                                                "Actual Startup Time": 1374.377,
                                                                                                                                                                                                                                "Actual Total Time": 1374.378,
                                                                                                                                                                                                                                "Actual Rows": 177563,
                                                                                                                                                                                                                                "Actual Loops": 1
                                                                                                                                                                                                                            },
                                                                                                                                                                                                                            {
                                                                                                                                                                                                                                "Worker Number": 2,
                                                                                                                                                                                                                                "Actual Startup Time": 1374.639,
                                                                                                                                                                                                                                "Actual Total Time": 1374.64,
                                                                                                                                                                                                                                "Actual Rows": 183159,
                                                                                                                                                                                                                                "Actual Loops": 1
                                                                                                                                                                                                                            }
                                                                                                                                                                                                                        ],
                                                                                                                                                                                                                        "Plans": [
                                                                                                                                                                                                                            {
                                                                                                                                                                                                                                "Node Type": "Seq Scan",
                                                                                                                                                                                                                                "Parent Relationship": "Outer",
                                                                                                                                                                                                                                "Parallel Aware": true,
                                                                                                                                                                                                                                "Relation Name": "cast_info",
                                                                                                                                                                                                                                "Schema": "public",
                                                                                                                                                                                                                                "Alias": "ci",
                                                                                                                                                                                                                                "Startup Cost": 0.0,
                                                                                                                                                                                                                                "Total Cost": 335766.28,
                                                                                                                                                                                                                                "Plan Rows": 133330,
                                                                                                                                                                                                                                "Plan Width": 16,
                                                                                                                                                                                                                                "Actual Startup Time": 0.14,
                                                                                                                                                                                                                                "Actual Total Time": 1299.606,
                                                                                                                                                                                                                                "Actual Rows": 209175,
                                                                                                                                                                                                                                "Actual Loops": 4,
                                                                                                                                                                                                                                "Output": [
                                                                                                                                                                                                                                    "ci.movie_id",
                                                                                                                                                                                                                                    "ci.person_id",
                                                                                                                                                                                                                                    "ci.role_id",
                                                                                                                                                                                                                                    "ci.person_role_id"
                                                                                                                                                                                                                                ],
                                                                                                                                                                                                                                "Filter": "(ci.note = ANY ('{(voice),\"(voice) (uncredited)\",\"(voice: English version)\"}'::text[]))",
                                                                                                                                                                                                                                "Rows Removed by Filter": 8851911,
                                                                                                                                                                                                                                "Workers": [
                                                                                                                                                                                                                                    {
                                                                                                                                                                                                                                        "Worker Number": 0,
                                                                                                                                                                                                                                        "Actual Startup Time": 0.103,
                                                                                                                                                                                                                                        "Actual Total Time": 1301.654,
                                                                                                                                                                                                                                        "Actual Rows": 185162,
                                                                                                                                                                                                                                        "Actual Loops": 1
                                                                                                                                                                                                                                    },
                                                                                                                                                                                                                                    {
                                                                                                                                                                                                                                        "Worker Number": 1,
                                                                                                                                                                                                                                        "Actual Startup Time": 0.073,
                                                                                                                                                                                                                                        "Actual Total Time": 1297.821,
                                                                                                                                                                                                                                        "Actual Rows": 177563,
                                                                                                                                                                                                                                        "Actual Loops": 1
                                                                                                                                                                                                                                    },
                                                                                                                                                                                                                                    {
                                                                                                                                                                                                                                        "Worker Number": 2,
                                                                                                                                                                                                                                        "Actual Startup Time": 0.364,
                                                                                                                                                                                                                                        "Actual Total Time": 1299.015,
                                                                                                                                                                                                                                        "Actual Rows": 183159,
                                                                                                                                                                                                                                        "Actual Loops": 1
                                                                                                                                                                                                                                    }
                                                                                                                                                                                                                                ]
                                                                                                                                                                                                                            }
                                                                                                                                                                                                                        ]
                                                                                                                                                                                                                    }
                                                                                                                                                                                                                ]
                                                                                                                                                                                                            }
                                                                                                                                                                                                        ]
                                                                                                                                                                                                    }
                                                                                                                                                                                                ]
                                                                                                                                                                                            }
                                                                                                                                                                                        ]
                                                                                                                                                                                    }
                                                                                                                                                                                ]
                                                                                                                                                                            }
                                                                                                                                                                        ]
                                                                                                                                                                    },
                                                                                                                                                                    {
                                                                                                                                                                        "Node Type": "Hash",
                                                                                                                                                                        "Parent Relationship": "Inner",
                                                                                                                                                                        "Parallel Aware": false,
                                                                                                                                                                        "Startup Cost": 10000000001.15,
                                                                                                                                                                        "Total Cost": 10000000001.15,
                                                                                                                                                                        "Plan Rows": 1,
                                                                                                                                                                        "Plan Width": 4,
                                                                                                                                                                        "Actual Startup Time": 0.026,
                                                                                                                                                                        "Actual Total Time": 0.027,
                                                                                                                                                                        "Actual Rows": 1,
                                                                                                                                                                        "Actual Loops": 1,
                                                                                                                                                                        "Output": [
                                                                                                                                                                            "rt.id"
                                                                                                                                                                        ],
                                                                                                                                                                        "Hash Buckets": 1024,
                                                                                                                                                                        "Original Hash Buckets": 1024,
                                                                                                                                                                        "Hash Batches": 1,
                                                                                                                                                                        "Original Hash Batches": 1,
                                                                                                                                                                        "Peak Memory Usage": 9,
                                                                                                                                                                        "Plans": [
                                                                                                                                                                            {
                                                                                                                                                                                "Node Type": "Seq Scan",
                                                                                                                                                                                "Parent Relationship": "Outer",
                                                                                                                                                                                "Parallel Aware": false,
                                                                                                                                                                                "Relation Name": "role_type",
                                                                                                                                                                                "Schema": "public",
                                                                                                                                                                                "Alias": "rt",
                                                                                                                                                                                "Startup Cost": 10000000000.0,
                                                                                                                                                                                "Total Cost": 10000000001.15,
                                                                                                                                                                                "Plan Rows": 1,
                                                                                                                                                                                "Plan Width": 4,
                                                                                                                                                                                "Actual Startup Time": 0.022,
                                                                                                                                                                                "Actual Total Time": 0.023,
                                                                                                                                                                                "Actual Rows": 1,
                                                                                                                                                                                "Actual Loops": 1,
                                                                                                                                                                                "Output": [
                                                                                                                                                                                    "rt.id"
                                                                                                                                                                                ],
                                                                                                                                                                                "Filter": "((rt.role)::text = 'actress'::text)",
                                                                                                                                                                                "Rows Removed by Filter": 11
                                                                                                                                                                            }
                                                                                                                                                                        ]
                                                                                                                                                                    }
                                                                                                                                                                ]
                                                                                                                                                            }
                                                                                                                                                        ]
                                                                                                                                                    }
                                                                                                                                                ]
                                                                                                                                            }
                                                                                                                                        ]
                                                                                                                                    },
                                                                                                                                    {
                                                                                                                                        "Node Type": "Index Scan",
                                                                                                                                        "Parent Relationship": "Inner",
                                                                                                                                        "Parallel Aware": false,
                                                                                                                                        "Scan Direction": "Forward",
                                                                                                                                        "Index Name": "person_id_aka_name",
                                                                                                                                        "Relation Name": "aka_name",
                                                                                                                                        "Schema": "public",
                                                                                                                                        "Alias": "an",
                                                                                                                                        "Startup Cost": 0.42,
                                                                                                                                        "Total Cost": 72012.16,
                                                                                                                                        "Plan Rows": 901343,
                                                                                                                                        "Plan Width": 4,
                                                                                                                                        "Actual Startup Time": 0.028,
                                                                                                                                        "Actual Total Time": 175.237,
                                                                                                                                        "Actual Rows": 390582,
                                                                                                                                        "Actual Loops": 1,
                                                                                                                                        "Output": [
                                                                                                                                            "an.id",
                                                                                                                                            "an.person_id",
                                                                                                                                            "an.name",
                                                                                                                                            "an.imdb_index",
                                                                                                                                            "an.name_pcode_cf",
                                                                                                                                            "an.name_pcode_nf",
                                                                                                                                            "an.surname_pcode",
                                                                                                                                            "an.md5sum"
                                                                                                                                        ]
                                                                                                                                    }
                                                                                                                                ]
                                                                                                                            }
                                                                                                                        ]
                                                                                                                    },
                                                                                                                    {
                                                                                                                        "Node Type": "Sort",
                                                                                                                        "Parent Relationship": "Inner",
                                                                                                                        "Parallel Aware": false,
                                                                                                                        "Startup Cost": 2626.14,
                                                                                                                        "Total Cost": 2626.14,
                                                                                                                        "Plan Rows": 1,
                                                                                                                        "Plan Width": 4,
                                                                                                                        "Actual Startup Time": 12.835,
                                                                                                                        "Actual Total Time": 12.836,
                                                                                                                        "Actual Rows": 1,
                                                                                                                        "Actual Loops": 1,
                                                                                                                        "Output": [
                                                                                                                            "k.id"
                                                                                                                        ],
                                                                                                                        "Sort Key": [
                                                                                                                            "k.id"
                                                                                                                        ],
                                                                                                                        "Sort Method": "quicksort",
                                                                                                                        "Sort Space Used": 25,
                                                                                                                        "Sort Space Type": "Memory",
                                                                                                                        "Plans": [
                                                                                                                            {
                                                                                                                                "Node Type": "Seq Scan",
                                                                                                                                "Parent Relationship": "Outer",
                                                                                                                                "Parallel Aware": false,
                                                                                                                                "Relation Name": "keyword",
                                                                                                                                "Schema": "public",
                                                                                                                                "Alias": "k",
                                                                                                                                "Startup Cost": 0.0,
                                                                                                                                "Total Cost": 2626.12,
                                                                                                                                "Plan Rows": 1,
                                                                                                                                "Plan Width": 4,
                                                                                                                                "Actual Startup Time": 0.053,
                                                                                                                                "Actual Total Time": 12.815,
                                                                                                                                "Actual Rows": 1,
                                                                                                                                "Actual Loops": 1,
                                                                                                                                "Output": [
                                                                                                                                    "k.id"
                                                                                                                                ],
                                                                                                                                "Filter": "(k.keyword = 'computer-animation'::text)",
                                                                                                                                "Rows Removed by Filter": 134169
                                                                                                                            }
                                                                                                                        ]
                                                                                                                    }
                                                                                                                ]
                                                                                                            }
                                                                                                        ]
                                                                                                    }
                                                                                                ]
                                                                                            },
                                                                                            {
                                                                                                "Node Type": "Hash",
                                                                                                "Parent Relationship": "Inner",
                                                                                                "Parallel Aware": false,
                                                                                                "Startup Cost": 47261.31,
                                                                                                "Total Cost": 47261.31,
                                                                                                "Plan Rows": 1,
                                                                                                "Plan Width": 4,
                                                                                                "Actual Startup Time": 198.097,
                                                                                                "Actual Total Time": 198.167,
                                                                                                "Actual Rows": 1,
                                                                                                "Actual Loops": 1,
                                                                                                "Output": [
                                                                                                    "chn.id"
                                                                                                ],
                                                                                                "Hash Buckets": 1024,
                                                                                                "Original Hash Buckets": 1024,
                                                                                                "Hash Batches": 1,
                                                                                                "Original Hash Batches": 1,
                                                                                                "Peak Memory Usage": 9,
                                                                                                "Plans": [
                                                                                                    {
                                                                                                        "Node Type": "Gather",
                                                                                                        "Parent Relationship": "Outer",
                                                                                                        "Parallel Aware": false,
                                                                                                        "Startup Cost": 1000.0,
                                                                                                        "Total Cost": 47261.31,
                                                                                                        "Plan Rows": 1,
                                                                                                        "Plan Width": 4,
                                                                                                        "Actual Startup Time": 24.015,
                                                                                                        "Actual Total Time": 198.16,
                                                                                                        "Actual Rows": 1,
                                                                                                        "Actual Loops": 1,
                                                                                                        "Output": [
                                                                                                            "chn.id"
                                                                                                        ],
                                                                                                        "Workers Planned": 4,
                                                                                                        "Workers Launched": 4,
                                                                                                        "Single Copy": false,
                                                                                                        "Plans": [
                                                                                                            {
                                                                                                                "Node Type": "Seq Scan",
                                                                                                                "Parent Relationship": "Outer",
                                                                                                                "Parallel Aware": true,
                                                                                                                "Relation Name": "char_name",
                                                                                                                "Schema": "public",
                                                                                                                "Alias": "chn",
                                                                                                                "Startup Cost": 0.0,
                                                                                                                "Total Cost": 46261.21,
                                                                                                                "Plan Rows": 1,
                                                                                                                "Plan Width": 4,
                                                                                                                "Actual Startup Time": 154.367,
                                                                                                                "Actual Total Time": 189.156,
                                                                                                                "Actual Rows": 0,
                                                                                                                "Actual Loops": 5,
                                                                                                                "Output": [
                                                                                                                    "chn.id"
                                                                                                                ],
                                                                                                                "Filter": "(chn.name = 'Queen'::text)",
                                                                                                                "Rows Removed by Filter": 628068,
                                                                                                                "Workers": [
                                                                                                                    {
                                                                                                                        "Worker Number": 0,
                                                                                                                        "Actual Startup Time": 186.683,
                                                                                                                        "Actual Total Time": 186.684,
                                                                                                                        "Actual Rows": 0,
                                                                                                                        "Actual Loops": 1
                                                                                                                    },
                                                                                                                    {
                                                                                                                        "Worker Number": 1,
                                                                                                                        "Actual Startup Time": 187.077,
                                                                                                                        "Actual Total Time": 187.078,
                                                                                                                        "Actual Rows": 0,
                                                                                                                        "Actual Loops": 1
                                                                                                                    },
                                                                                                                    {
                                                                                                                        "Worker Number": 2,
                                                                                                                        "Actual Startup Time": 187.177,
                                                                                                                        "Actual Total Time": 187.178,
                                                                                                                        "Actual Rows": 0,
                                                                                                                        "Actual Loops": 1
                                                                                                                    },
                                                                                                                    {
                                                                                                                        "Worker Number": 3,
                                                                                                                        "Actual Startup Time": 187.242,
                                                                                                                        "Actual Total Time": 187.242,
                                                                                                                        "Actual Rows": 0,
                                                                                                                        "Actual Loops": 1
                                                                                                                    }
                                                                                                                ]
                                                                                                            }
                                                                                                        ]
                                                                                                    }
                                                                                                ]
                                                                                            }
                                                                                        ]
                                                                                    },
                                                                                    {
                                                                                        "Node Type": "Bitmap Heap Scan",
                                                                                        "Parent Relationship": "Inner",
                                                                                        "Parallel Aware": false,
                                                                                        "Relation Name": "info_type",
                                                                                        "Schema": "public",
                                                                                        "Alias": "it",
                                                                                        "Startup Cost": 0.15,
                                                                                        "Total Cost": 4.17,
                                                                                        "Plan Rows": 1,
                                                                                        "Plan Width": 4,
                                                                                        "Actual Startup Time": 0.009,
                                                                                        "Actual Total Time": 0.009,
                                                                                        "Actual Rows": 1,
                                                                                        "Actual Loops": 3,
                                                                                        "Output": [
                                                                                            "it.id",
                                                                                            "it.info"
                                                                                        ],
                                                                                        "Recheck Cond": "(it.id = mi.info_type_id)",
                                                                                        "Rows Removed by Index Recheck": 0,
                                                                                        "Filter": "((it.info)::text = 'release dates'::text)",
                                                                                        "Rows Removed by Filter": 0,
                                                                                        "Exact Heap Blocks": 3,
                                                                                        "Lossy Heap Blocks": 0,
                                                                                        "Plans": [
                                                                                            {
                                                                                                "Node Type": "Bitmap Index Scan",
                                                                                                "Parent Relationship": "Outer",
                                                                                                "Parallel Aware": false,
                                                                                                "Index Name": "info_type_pkey",
                                                                                                "Startup Cost": 0.0,
                                                                                                "Total Cost": 0.15,
                                                                                                "Plan Rows": 1,
                                                                                                "Plan Width": 0,
                                                                                                "Actual Startup Time": 0.004,
                                                                                                "Actual Total Time": 0.005,
                                                                                                "Actual Rows": 1,
                                                                                                "Actual Loops": 3,
                                                                                                "Index Cond": "(it.id = mi.info_type_id)"
                                                                                            }
                                                                                        ]
                                                                                    }
                                                                                ]
                                                                            },
                                                                            {
                                                                                "Node Type": "Hash",
                                                                                "Parent Relationship": "Inner",
                                                                                "Parallel Aware": false,
                                                                                "Startup Cost": 2081.86,
                                                                                "Total Cost": 2081.86,
                                                                                "Plan Rows": 135086,
                                                                                "Plan Width": 12,
                                                                                "Actual Startup Time": 39.761,
                                                                                "Actual Total Time": 39.761,
                                                                                "Actual Rows": 135086,
                                                                                "Actual Loops": 1,
                                                                                "Output": [
                                                                                    "cc.movie_id",
                                                                                    "cc.subject_id",
                                                                                    "cc.status_id"
                                                                                ],
                                                                                "Hash Buckets": 262144,
                                                                                "Original Hash Buckets": 262144,
                                                                                "Hash Batches": 1,
                                                                                "Original Hash Batches": 1,
                                                                                "Peak Memory Usage": 7853,
                                                                                "Plans": [
                                                                                    {
                                                                                        "Node Type": "Seq Scan",
                                                                                        "Parent Relationship": "Outer",
                                                                                        "Parallel Aware": false,
                                                                                        "Relation Name": "complete_cast",
                                                                                        "Schema": "public",
                                                                                        "Alias": "cc",
                                                                                        "Startup Cost": 0.0,
                                                                                        "Total Cost": 2081.86,
                                                                                        "Plan Rows": 135086,
                                                                                        "Plan Width": 12,
                                                                                        "Actual Startup Time": 0.051,
                                                                                        "Actual Total Time": 23.494,
                                                                                        "Actual Rows": 135086,
                                                                                        "Actual Loops": 1,
                                                                                        "Output": [
                                                                                            "cc.movie_id",
                                                                                            "cc.subject_id",
                                                                                            "cc.status_id"
                                                                                        ]
                                                                                    }
                                                                                ]
                                                                            }
                                                                        ]
                                                                    }
                                                                ]
                                                            }
                                                        ]
                                                    }
                                                ]
                                            },
                                            {
                                                "Node Type": "Sort",
                                                "Parent Relationship": "Inner",
                                                "Parallel Aware": false,
                                                "Startup Cost": 10000000001.06,
                                                "Total Cost": 10000000001.06,
                                                "Plan Rows": 1,
                                                "Plan Width": 4,
                                                "Actual Startup Time": 0.035,
                                                "Actual Total Time": 0.04,
                                                "Actual Rows": 1,
                                                "Actual Loops": 1,
                                                "Output": [
                                                    "cct2.id"
                                                ],
                                                "Sort Key": [
                                                    "cct2.id"
                                                ],
                                                "Sort Method": "quicksort",
                                                "Sort Space Used": 25,
                                                "Sort Space Type": "Memory",
                                                "Plans": [
                                                    {
                                                        "Node Type": "Seq Scan",
                                                        "Parent Relationship": "Outer",
                                                        "Parallel Aware": false,
                                                        "Relation Name": "comp_cast_type",
                                                        "Schema": "public",
                                                        "Alias": "cct2",
                                                        "Startup Cost": 10000000000.0,
                                                        "Total Cost": 10000000001.05,
                                                        "Plan Rows": 1,
                                                        "Plan Width": 4,
                                                        "Actual Startup Time": 0.023,
                                                        "Actual Total Time": 0.024,
                                                        "Actual Rows": 1,
                                                        "Actual Loops": 1,
                                                        "Output": [
                                                            "cct2.id"
                                                        ],
                                                        "Filter": "((cct2.kind)::text = 'complete+verified'::text)",
                                                        "Rows Removed by Filter": 3
                                                    }
                                                ]
                                            }
                                        ]
                                    },
                                    {
                                        "Node Type": "Index Scan",
                                        "Parent Relationship": "Inner",
                                        "Parallel Aware": false,
                                        "Scan Direction": "Forward",
                                        "Index Name": "company_name_pkey",
                                        "Relation Name": "company_name",
                                        "Schema": "public",
                                        "Alias": "cn",
                                        "Startup Cost": 0.42,
                                        "Total Cost": 0.45,
                                        "Plan Rows": 1,
                                        "Plan Width": 4,
                                        "Actual Startup Time": 0.005,
                                        "Actual Total Time": 0.005,
                                        "Actual Rows": 0,
                                        "Actual Loops": 66,
                                        "Output": [
                                            "cn.id",
                                            "cn.name",
                                            "cn.country_code",
                                            "cn.imdb_id",
                                            "cn.name_pcode_nf",
                                            "cn.name_pcode_sf",
                                            "cn.md5sum"
                                        ],
                                        "Index Cond": "(cn.id = mc.company_id)",
                                        "Rows Removed by Index Recheck": 0,
                                        "Filter": "((cn.country_code)::text = '[us]'::text)",
                                        "Rows Removed by Filter": 1
                                    }
                                ]
                            }
                        ]
                    }
                ]
            }
        ]
    },
    "Planning Time": 1779.141,
    "Triggers": [],
    "Execution Time": 16719.694
}