[
  {
    "Plan": {
      "Node Type": "Aggregate",
      "Strategy": "Plain",
      "Partial Mode": "Finalize",
      "Parallel Aware": false,
      "Startup Cost": 343048.69,
      "Total Cost": 343048.7,
      "Plan Rows": 1,
      "Plan Width": 8,
      "Actual Startup Time": 855.441,
      "Actual Total Time": 913.658,
      "Actual Rows": 1,
      "Actual Loops": 1,
      "Plans": [
        {
          "Node Type": "Gather",
          "Parent Relationship": "Outer",
          "Parallel Aware": false,
          "Startup Cost": 343048.06,
          "Total Cost": 343048.67,
          "Plan Rows": 6,
          "Plan Width": 8,
          "Actual Startup Time": 855.334,
          "Actual Total Time": 913.648,
          "Actual Rows": 7,
          "Actual Loops": 1,
          "Workers Planned": 6,
          "Workers Launched": 6,
          "Single Copy": false,
          "Plans": [
            {
              "Node Type": "Aggregate",
              "Strategy": "Plain",
              "Partial Mode": "Partial",
              "Parent Relationship": "Outer",
              "Parallel Aware": false,
              "Startup Cost": 342048.06,
              "Total Cost": 342048.07,
              "Plan Rows": 1,
              "Plan Width": 8,
              "Actual Startup Time": 846.712,
              "Actual Total Time": 846.713,
              "Actual Rows": 1,
              "Actual Loops": 7,
              "Plans": [
                {
                  "Node Type": "Seq Scan",
                  "Parent Relationship": "Outer",
                  "Parallel Aware": true,
                  "Relation Name": "cast_info",
                  "Alias": "ci",
                  "Startup Cost": 0.0,
                  "Total Cost": 328162.03,
                  "Plan Rows": 5554415,
                  "Plan Width": 0,
                  "Actual Startup Time": 43.676,
                  "Actual Total Time": 646.084,
                  "Actual Rows": 4757553,
                  "Actual Loops": 7,
                  "Filter": "(person_id > 286421)",
                  "Rows Removed by Filter": 420211
                }
              ]
            }
          ]
        }
      ]
    },
    "Planning Time": 0.21,
    "Triggers": [],
    "Execution Time": 913.731
  }
]