{
  "Plan": {
    "Node Type": "Aggregate",
    "Strategy": "Plain",
    "Partial Mode": "Simple",
    "Parallel Aware": false,
    "Startup Cost": 6027.33,
    "Total Cost": 6027.34,
    "Plan Rows": 1,
    "Plan Width": 8,
    "Actual Startup Time": 6.982,
    "Actual Total Time": 6.985,
    "Actual Rows": 1,
    "Actual Loops": 1,
    "Plans": [
      {
        "Node Type": "Nested Loop",
        "Parent Relationship": "Outer",
        "Parallel Aware": false,
        "Join Type": "Inner",
        "Startup Cost": 1.43,
        "Total Cost": 6026.32,
        "Plan Rows": 404,
        "Plan Width": 0,
        "Actual Startup Time": 0.232,
        "Actual Total Time": 6.934,
        "Actual Rows": 147,
        "Actual Loops": 1,
        "Inner Unique": false,
        "Plans": [
          {
            "Node Type": "Nested Loop",
            "Parent Relationship": "Outer",
            "Parallel Aware": false,
            "Join Type": "Inner",
            "Startup Cost": 0.99,
            "Total Cost": 5192.84,
            "Plan Rows": 497,
            "Plan Width": 8,
            "Actual Startup Time": 0.199,
            "Actual Total Time": 1.609,
            "Actual Rows": 108,
            "Actual Loops": 1,
            "Inner Unique": true,
            "Plans": [
              {
                "Node Type": "Index Scan",
                "Parent Relationship": "Outer",
                "Parallel Aware": false,
                "Scan Direction": "Forward",
                "Index Name": "person_id_cast_info",
                "Relation Name": "cast_info",
                "Alias": "ci",
                "Startup Cost": 0.56,
                "Total Cost": 1058.43,
                "Plan Rows": 497,
                "Plan Width": 4,
                "Actual Startup Time": 0.16,
                "Actual Total Time": 0.222,
                "Actual Rows": 108,
                "Actual Loops": 1,
                "Index Cond": "(person_id = 1225713)",
                "Rows Removed by Index Recheck": 0
              },
              {
                "Node Type": "Index Only Scan",
                "Parent Relationship": "Inner",
                "Parallel Aware": false,
                "Scan Direction": "Forward",
                "Index Name": "title_pkey",
                "Relation Name": "title",
                "Alias": "t",
                "Startup Cost": 0.43,
                "Total Cost": 8.32,
                "Plan Rows": 1,
                "Plan Width": 4,
                "Actual Startup Time": 0.012,
                "Actual Total Time": 0.012,
                "Actual Rows": 1,
                "Actual Loops": 108,
                "Index Cond": "(id = ci.movie_id)",
                "Rows Removed by Index Recheck": 0,
                "Heap Fetches": 108
              }
            ]
          },
          {
            "Node Type": "Index Scan",
            "Parent Relationship": "Inner",
            "Parallel Aware": false,
            "Scan Direction": "Forward",
            "Index Name": "movie_id_movie_info",
            "Relation Name": "movie_info",
            "Alias": "mi",
            "Startup Cost": 0.43,
            "Total Cost": 1.62,
            "Plan Rows": 6,
            "Plan Width": 4,
            "Actual Startup Time": 0.021,
            "Actual Total Time": 0.048,
            "Actual Rows": 1,
            "Actual Loops": 108,
            "Index Cond": "(movie_id = t.id)",
            "Rows Removed by Index Recheck": 0,
            "Filter": "(info_type_id < 3)",
            "Rows Removed by Filter": 31
          }
        ]
      }
    ]
  },
  "Planning Time": 0.796,
  "Triggers": [],
  "Execution Time": 7.055
}