[
  {
    "Plan": {
      "Node Type": "Aggregate",
      "Strategy": "Plain",
      "Partial Mode": "Simple",
      "Parallel Aware": false,
      "Startup Cost": 3145.37,
      "Total Cost": 3145.38,
      "Plan Rows": 1,
      "Plan Width": 8,
      "Actual Startup Time": 53.282,
      "Actual Total Time": 53.284,
      "Actual Rows": 1,
      "Actual Loops": 1,
      "Plans": [
        {
          "Node Type": "Nested Loop",
          "Parent Relationship": "Outer",
          "Parallel Aware": false,
          "Join Type": "Inner",
          "Startup Cost": 7.23,
          "Total Cost": 3144.98,
          "Plan Rows": 153,
          "Plan Width": 0,
          "Actual Startup Time": 21.932,
          "Actual Total Time": 51.909,
          "Actual Rows": 11963,
          "Actual Loops": 1,
          "Inner Unique": false,
          "Plans": [
            {
              "Node Type": "Nested Loop",
              "Parent Relationship": "Outer",
              "Parallel Aware": false,
              "Join Type": "Inner",
              "Startup Cost": 6.79,
              "Total Cost": 3019.22,
              "Plan Rows": 26,
              "Plan Width": 8,
              "Actual Startup Time": 21.901,
              "Actual Total Time": 37.768,
              "Actual Rows": 185,
              "Actual Loops": 1,
              "Inner Unique": true,
              "Plans": [
                {
                  "Node Type": "Bitmap Heap Scan",
                  "Parent Relationship": "Outer",
                  "Parallel Aware": false,
                  "Relation Name": "movie_keyword",
                  "Alias": "mk",
                  "Startup Cost": 6.36,
                  "Total Cost": 926.55,
                  "Plan Rows": 249,
                  "Plan Width": 4,
                  "Actual Startup Time": 19.02,
                  "Actual Total Time": 23.603,
                  "Actual Rows": 1922,
                  "Actual Loops": 1,
                  "Recheck Cond": "(keyword_id = 3338)",
                  "Rows Removed by Index Recheck": 0,
                  "Exact Heap Blocks": 1819,
                  "Lossy Heap Blocks": 0,
                  "Plans": [
                    {
                      "Node Type": "Bitmap Index Scan",
                      "Parent Relationship": "Outer",
                      "Parallel Aware": false,
                      "Index Name": "keyword_id_movie_keyword",
                      "Startup Cost": 0.0,
                      "Total Cost": 6.3,
                      "Plan Rows": 249,
                      "Plan Width": 0,
                      "Actual Startup Time": 18.269,
                      "Actual Total Time": 18.27,
                      "Actual Rows": 1922,
                      "Actual Loops": 1,
                      "Index Cond": "(keyword_id = 3338)"
                    }
                  ]
                },
                {
                  "Node Type": "Index Scan",
                  "Parent Relationship": "Inner",
                  "Parallel Aware": false,
                  "Scan Direction": "Forward",
                  "Index Name": "title_pkey",
                  "Relation Name": "title",
                  "Alias": "t",
                  "Startup Cost": 0.43,
                  "Total Cost": 8.4,
                  "Plan Rows": 1,
                  "Plan Width": 4,
                  "Actual Startup Time": 0.007,
                  "Actual Total Time": 0.007,
                  "Actual Rows": 0,
                  "Actual Loops": 1922,
                  "Index Cond": "(id = mk.movie_id)",
                  "Rows Removed by Index Recheck": 0,
                  "Filter": "((production_year > 2005) AND (kind_id = 1))",
                  "Rows Removed by Filter": 1
                }
              ]
            },
            {
              "Node Type": "Index Only Scan",
              "Parent Relationship": "Inner",
              "Parallel Aware": false,
              "Scan Direction": "Forward",
              "Index Name": "movie_id_movie_info",
              "Relation Name": "movie_info",
              "Alias": "mi",
              "Startup Cost": 0.43,
              "Total Cost": 4.43,
              "Plan Rows": 41,
              "Plan Width": 4,
              "Actual Startup Time": 0.015,
              "Actual Total Time": 0.065,
              "Actual Rows": 65,
              "Actual Loops": 185,
              "Index Cond": "(movie_id = t.id)",
              "Rows Removed by Index Recheck": 0,
              "Heap Fetches": 11963
            }
          ]
        }
      ]
    },
    "Planning Time": 1.135,
    "Triggers": [],
    "Execution Time": 53.355
  }
]