[
  {
    "Plan": {
      "Node Type": "Aggregate",
      "Strategy": "Plain",
      "Partial Mode": "Finalize",
      "Parallel Aware": false,
      "Startup Cost": 45146.82,
      "Total Cost": 45146.83,
      "Plan Rows": 1,
      "Plan Width": 8,
      "Actual Startup Time": 143.368,
      "Actual Total Time": 152.718,
      "Actual Rows": 1,
      "Actual Loops": 1,
      "Plans": [
        {
          "Node Type": "Gather",
          "Parent Relationship": "Outer",
          "Parallel Aware": false,
          "Startup Cost": 45146.5,
          "Total Cost": 45146.81,
          "Plan Rows": 3,
          "Plan Width": 8,
          "Actual Startup Time": 143.276,
          "Actual Total Time": 152.71,
          "Actual Rows": 4,
          "Actual Loops": 1,
          "Workers Planned": 3,
          "Workers Launched": 3,
          "Single Copy": false,
          "Plans": [
            {
              "Node Type": "Aggregate",
              "Strategy": "Plain",
              "Partial Mode": "Partial",
              "Parent Relationship": "Outer",
              "Parallel Aware": false,
              "Startup Cost": 44146.5,
              "Total Cost": 44146.51,
              "Plan Rows": 1,
              "Plan Width": 8,
              "Actual Startup Time": 138.016,
              "Actual Total Time": 138.017,
              "Actual Rows": 1,
              "Actual Loops": 4,
              "Plans": [
                {
                  "Node Type": "Seq Scan",
                  "Parent Relationship": "Outer",
                  "Parallel Aware": true,
                  "Relation Name": "movie_keyword",
                  "Alias": "mk",
                  "Startup Cost": 0.0,
                  "Total Cost": 42695.65,
                  "Plan Rows": 580340,
                  "Plan Width": 0,
                  "Actual Startup Time": 0.489,
                  "Actual Total Time": 115.243,
                  "Actual Rows": 446497,
                  "Actual Loops": 4,
                  "Filter": "(keyword_id > 7771)",
                  "Rows Removed by Filter": 684486
                }
              ]
            }
          ]
        }
      ]
    },
    "Planning Time": 0.102,
    "Triggers": [],
    "Execution Time": 152.764
  }
]