{
  "Plan": {
    "Node Type": "Aggregate",
    "Strategy": "Plain",
    "Partial Mode": "Finalize",
    "Parallel Aware": false,
    "Startup Cost": 381992.38,
    "Total Cost": 381992.39,
    "Plan Rows": 1,
    "Plan Width": 8,
    "Actual Startup Time": 3402.395,
    "Actual Total Time": 3430.186,
    "Actual Rows": 1,
    "Actual Loops": 1,
    "Plans": [
      {
        "Node Type": "Gather",
        "Parent Relationship": "Outer",
        "Parallel Aware": false,
        "Startup Cost": 381992.27,
        "Total Cost": 381992.38,
        "Plan Rows": 1,
        "Plan Width": 8,
        "Actual Startup Time": 3397.532,
        "Actual Total Time": 3430.177,
        "Actual Rows": 2,
        "Actual Loops": 1,
        "Workers Planned": 1,
        "Workers Launched": 1,
        "Single Copy": false,
        "Plans": [
          {
            "Node Type": "Aggregate",
            "Strategy": "Plain",
            "Partial Mode": "Partial",
            "Parent Relationship": "Outer",
            "Parallel Aware": false,
            "Startup Cost": 380992.27,
            "Total Cost": 380992.28,
            "Plan Rows": 1,
            "Plan Width": 8,
            "Actual Startup Time": 3388.933,
            "Actual Total Time": 3389.244,
            "Actual Rows": 1,
            "Actual Loops": 2,
            "Plans": [
              {
                "Node Type": "Hash Join",
                "Parent Relationship": "Outer",
                "Parallel Aware": true,
                "Join Type": "Inner",
                "Startup Cost": 304540.19,
                "Total Cost": 377389.15,
                "Plan Rows": 1441248,
                "Plan Width": 0,
                "Actual Startup Time": 1806.994,
                "Actual Total Time": 2929.392,
                "Actual Rows": 11392186,
                "Actual Loops": 2,
                "Inner Unique": false,
                "Hash Cond": "(mk.movie_id = t.id)",
                "Plans": [
                  {
                    "Node Type": "Seq Scan",
                    "Parent Relationship": "Outer",
                    "Parallel Aware": true,
                    "Relation Name": "movie_keyword",
                    "Alias": "mk",
                    "Startup Cost": 0.0,
                    "Total Cost": 51065.35,
                    "Plan Rows": 2661135,
                    "Plan Width": 4,
                    "Actual Startup Time": 0.016,
                    "Actual Total Time": 157.385,
                    "Actual Rows": 2261965,
                    "Actual Loops": 2
                  },
                  {
                    "Node Type": "Hash",
                    "Parent Relationship": "Inner",
                    "Parallel Aware": true,
                    "Startup Cost": 294471.79,
                    "Total Cost": 294471.79,
                    "Plan Rows": 805472,
                    "Plan Width": 8,
                    "Actual Startup Time": 1713.877,
                    "Actual Total Time": 1714.187,
                    "Actual Rows": 711214,
                    "Actual Loops": 2,
                    "Hash Buckets": 2097152,
                    "Original Hash Buckets": 2097152,
                    "Hash Batches": 1,
                    "Original Hash Batches": 1,
                    "Peak Memory Usage": 72064,
                    "Plans": [
                      {
                        "Node Type": "Hash Join",
                        "Parent Relationship": "Outer",
                        "Parallel Aware": true,
                        "Join Type": "Inner",
                        "Startup Cost": 57248.03,
                        "Total Cost": 294471.79,
                        "Plan Rows": 805472,
                        "Plan Width": 8,
                        "Actual Startup Time": 155.184,
                        "Actual Total Time": 1496.849,
                        "Actual Rows": 711214,
                        "Actual Loops": 2,
                        "Inner Unique": true,
                        "Hash Cond": "(ci.movie_id = t.id)",
                        "Plans": [
                          {
                            "Node Type": "Index Scan",
                            "Parent Relationship": "Outer",
                            "Parallel Aware": true,
                            "Scan Direction": "Forward",
                            "Index Name": "role_id_cast_info",
                            "Relation Name": "cast_info",
                            "Alias": "ci",
                            "Startup Cost": 0.56,
                            "Total Cost": 225853.5,
                            "Plan Rows": 4331734,
                            "Plan Width": 4,
                            "Actual Startup Time": 0.055,
                            "Actual Total Time": 525.226,
                            "Actual Rows": 3725986,
                            "Actual Loops": 2,
                            "Index Cond": "(role_id = 2)",
                            "Rows Removed by Index Recheck": 0
                          },
                          {
                            "Node Type": "Hash",
                            "Parent Relationship": "Inner",
                            "Parallel Aware": true,
                            "Startup Cost": 53790.64,
                            "Total Cost": 53790.64,
                            "Plan Rows": 276546,
                            "Plan Width": 4,
                            "Actual Startup Time": 152.523,
                            "Actual Total Time": 152.524,
                            "Actual Rows": 248012,
                            "Actual Loops": 2,
                            "Hash Buckets": 524288,
                            "Original Hash Buckets": 524288,
                            "Hash Batches": 1,
                            "Original Hash Batches": 1,
                            "Peak Memory Usage": 23520,
                            "Plans": [
                              {
                                "Node Type": "Bitmap Heap Scan",
                                "Parent Relationship": "Outer",
                                "Parallel Aware": true,
                                "Relation Name": "title",
                                "Alias": "t",
                                "Startup Cost": 11940.38,
                                "Total Cost": 53790.64,
                                "Plan Rows": 276546,
                                "Plan Width": 4,
                                "Actual Startup Time": 28.385,
                                "Actual Total Time": 99.443,
                                "Actual Rows": 248012,
                                "Actual Loops": 2,
                                "Recheck Cond": "(kind_id = 1)",
                                "Rows Removed by Index Recheck": 0,
                                "Filter": "(production_year < 2009)",
                                "Rows Removed by Filter": 83400,
                                "Exact Heap Blocks": 7584,
                                "Lossy Heap Blocks": 0,
                                "Plans": [
                                  {
                                    "Node Type": "Bitmap Index Scan",
                                    "Parent Relationship": "Outer",
                                    "Parallel Aware": false,
                                    "Index Name": "kind_id_title",
                                    "Startup Cost": 0.0,
                                    "Total Cost": 11822.85,
                                    "Plan Rows": 663256,
                                    "Plan Width": 0,
                                    "Actual Startup Time": 26.422,
                                    "Actual Total Time": 26.422,
                                    "Actual Rows": 662825,
                                    "Actual Loops": 1,
                                    "Index Cond": "(kind_id = 1)"
                                  }
                                ]
                              }
                            ]
                          }
                        ]
                      }
                    ]
                  }
                ]
              }
            ]
          }
        ]
      }
    ]
  },
  "Planning Time": 1.052,
  "Triggers": [],
  "Execution Time": 3430.291
}