[
  {
    "Plan": {
      "Node Type": "Aggregate",
      "Strategy": "Plain",
      "Partial Mode": "Finalize",
      "Parallel Aware": false,
      "Startup Cost": 353009.75,
      "Total Cost": 353009.76,
      "Plan Rows": 1,
      "Plan Width": 8,
      "Actual Startup Time": 930.962,
      "Actual Total Time": 978.585,
      "Actual Rows": 1,
      "Actual Loops": 1,
      "Plans": [
        {
          "Node Type": "Gather",
          "Parent Relationship": "Outer",
          "Parallel Aware": false,
          "Startup Cost": 353009.13,
          "Total Cost": 353009.74,
          "Plan Rows": 6,
          "Plan Width": 8,
          "Actual Startup Time": 930.775,
          "Actual Total Time": 978.573,
          "Actual Rows": 7,
          "Actual Loops": 1,
          "Workers Planned": 6,
          "Workers Launched": 6,
          "Single Copy": false,
          "Plans": [
            {
              "Node Type": "Aggregate",
              "Strategy": "Plain",
              "Partial Mode": "Partial",
              "Parent Relationship": "Outer",
              "Parallel Aware": false,
              "Startup Cost": 352009.13,
              "Total Cost": 352009.14,
              "Plan Rows": 1,
              "Plan Width": 8,
              "Actual Startup Time": 925.862,
              "Actual Total Time": 925.864,
              "Actual Rows": 1,
              "Actual Loops": 7,
              "Plans": [
                {
                  "Node Type": "Seq Scan",
                  "Parent Relationship": "Outer",
                  "Parallel Aware": true,
                  "Relation Name": "cast_info",
                  "Alias": "ci",
                  "Startup Cost": 0.0,
                  "Total Cost": 343316.27,
                  "Plan Rows": 3477143,
                  "Plan Width": 0,
                  "Actual Startup Time": 250.418,
                  "Actual Total Time": 775.256,
                  "Actual Rows": 2784354,
                  "Actual Loops": 7,
                  "Filter": "((person_id < 3308539) AND (role_id > 1))",
                  "Rows Removed by Filter": 2393409
                }
              ]
            }
          ]
        }
      ]
    },
    "Planning Time": 0.143,
    "Triggers": [],
    "Execution Time": 978.639
  }
]