[
  {
    "Plan": {
      "Node Type": "Aggregate",
      "Strategy": "Plain",
      "Partial Mode": "Finalize",
      "Parallel Aware": false,
      "Startup Cost": 26548.87,
      "Total Cost": 26548.88,
      "Plan Rows": 1,
      "Plan Width": 8,
      "Actual Startup Time": 33.025,
      "Actual Total Time": 37.791,
      "Actual Rows": 1,
      "Actual Loops": 1,
      "Plans": [
        {
          "Node Type": "Gather",
          "Parent Relationship": "Outer",
          "Parallel Aware": false,
          "Startup Cost": 26548.65,
          "Total Cost": 26548.86,
          "Plan Rows": 2,
          "Plan Width": 8,
          "Actual Startup Time": 32.88,
          "Actual Total Time": 37.784,
          "Actual Rows": 3,
          "Actual Loops": 1,
          "Workers Planned": 2,
          "Workers Launched": 2,
          "Single Copy": false,
          "Plans": [
            {
              "Node Type": "Aggregate",
              "Strategy": "Plain",
              "Partial Mode": "Partial",
              "Parent Relationship": "Outer",
              "Parallel Aware": false,
              "Startup Cost": 25548.65,
              "Total Cost": 25548.66,
              "Plan Rows": 1,
              "Plan Width": 8,
              "Actual Startup Time": 24.938,
              "Actual Total Time": 24.94,
              "Actual Rows": 1,
              "Actual Loops": 3,
              "Plans": [
                {
                  "Node Type": "Nested Loop",
                  "Parent Relationship": "Outer",
                  "Parallel Aware": false,
                  "Join Type": "Inner",
                  "Startup Cost": 99.92,
                  "Total Cost": 25544.82,
                  "Plan Rows": 1535,
                  "Plan Width": 0,
                  "Actual Startup Time": 2.023,
                  "Actual Total Time": 24.694,
                  "Actual Rows": 1061,
                  "Actual Loops": 3,
                  "Inner Unique": true,
                  "Plans": [
                    {
                      "Node Type": "Bitmap Heap Scan",
                      "Parent Relationship": "Outer",
                      "Parallel Aware": true,
                      "Relation Name": "movie_keyword",
                      "Alias": "mk",
                      "Startup Cost": 99.49,
                      "Total Cost": 11574.9,
                      "Plan Rows": 1885,
                      "Plan Width": 4,
                      "Actual Startup Time": 1.853,
                      "Actual Total Time": 8.956,
                      "Actual Rows": 1221,
                      "Actual Loops": 3,
                      "Recheck Cond": "(keyword_id = 3518)",
                      "Rows Removed by Index Recheck": 0,
                      "Exact Heap Blocks": 2750,
                      "Lossy Heap Blocks": 0,
                      "Plans": [
                        {
                          "Node Type": "Bitmap Index Scan",
                          "Parent Relationship": "Outer",
                          "Parallel Aware": false,
                          "Index Name": "keyword_id_movie_keyword",
                          "Startup Cost": 0.0,
                          "Total Cost": 98.36,
                          "Plan Rows": 4524,
                          "Plan Width": 0,
                          "Actual Startup Time": 3.61,
                          "Actual Total Time": 3.61,
                          "Actual Rows": 3664,
                          "Actual Loops": 1,
                          "Index Cond": "(keyword_id = 3518)"
                        }
                      ]
                    },
                    {
                      "Node Type": "Index Scan",
                      "Parent Relationship": "Inner",
                      "Parallel Aware": false,
                      "Scan Direction": "Forward",
                      "Index Name": "title_pkey",
                      "Relation Name": "title",
                      "Alias": "t",
                      "Startup Cost": 0.43,
                      "Total Cost": 7.41,
                      "Plan Rows": 1,
                      "Plan Width": 4,
                      "Actual Startup Time": 0.012,
                      "Actual Total Time": 0.012,
                      "Actual Rows": 1,
                      "Actual Loops": 3664,
                      "Index Cond": "(id = mk.movie_id)",
                      "Rows Removed by Index Recheck": 0,
                      "Filter": "(production_year > 1972)",
                      "Rows Removed by Filter": 0
                    }
                  ]
                }
              ]
            }
          ]
        }
      ]
    },
    "Planning Time": 0.556,
    "Triggers": [],
    "Execution Time": 37.873
  }
]