{
    "Plan": {
        "Node Type": "Aggregate",
        "Strategy": "Plain",
        "Partial Mode": "Finalize",
        "Parallel Aware": false,
        "Startup Cost": 399575.64,
        "Total Cost": 399575.65,
        "Plan Rows": 1,
        "Plan Width": 8,
        "Actual Startup Time": 1704.83,
        "Actual Total Time": 1755.429,
        "Actual Rows": 1,
        "Actual Loops": 1,
        "Output": [
            "count(*)"
        ],
        "Plans": [
            {
                "Node Type": "Gather",
                "Parent Relationship": "Outer",
                "Parallel Aware": false,
                "Startup Cost": 399575.02,
                "Total Cost": 399575.63,
                "Plan Rows": 6,
                "Plan Width": 8,
                "Actual Startup Time": 1698.681,
                "Actual Total Time": 1755.419,
                "Actual Rows": 7,
                "Actual Loops": 1,
                "Output": [
                    "(PARTIAL count(*))"
                ],
                "Workers Planned": 6,
                "Workers Launched": 6,
                "Single Copy": false,
                "Plans": [
                    {
                        "Node Type": "Aggregate",
                        "Strategy": "Plain",
                        "Partial Mode": "Partial",
                        "Parent Relationship": "Outer",
                        "Parallel Aware": false,
                        "Startup Cost": 398575.02,
                        "Total Cost": 398575.03,
                        "Plan Rows": 1,
                        "Plan Width": 8,
                        "Actual Startup Time": 1688.398,
                        "Actual Total Time": 1688.401,
                        "Actual Rows": 1,
                        "Actual Loops": 7,
                        "Output": [
                            "PARTIAL count(*)"
                        ],
                        "Workers": [
                            {
                                "Worker Number": 0,
                                "Actual Startup Time": 1685.679,
                                "Actual Total Time": 1685.682,
                                "Actual Rows": 1,
                                "Actual Loops": 1
                            },
                            {
                                "Worker Number": 1,
                                "Actual Startup Time": 1685.926,
                                "Actual Total Time": 1685.929,
                                "Actual Rows": 1,
                                "Actual Loops": 1
                            },
                            {
                                "Worker Number": 2,
                                "Actual Startup Time": 1686.547,
                                "Actual Total Time": 1686.55,
                                "Actual Rows": 1,
                                "Actual Loops": 1
                            },
                            {
                                "Worker Number": 3,
                                "Actual Startup Time": 1686.652,
                                "Actual Total Time": 1686.654,
                                "Actual Rows": 1,
                                "Actual Loops": 1
                            },
                            {
                                "Worker Number": 4,
                                "Actual Startup Time": 1687.752,
                                "Actual Total Time": 1687.754,
                                "Actual Rows": 1,
                                "Actual Loops": 1
                            },
                            {
                                "Worker Number": 5,
                                "Actual Startup Time": 1688.291,
                                "Actual Total Time": 1688.294,
                                "Actual Rows": 1,
                                "Actual Loops": 1
                            }
                        ],
                        "Plans": [
                            {
                                "Node Type": "Hash Join",
                                "Parent Relationship": "Outer",
                                "Parallel Aware": true,
                                "Join Type": "Inner",
                                "Startup Cost": 46354.92,
                                "Total Cost": 396541.86,
                                "Plan Rows": 813263,
                                "Plan Width": 0,
                                "Actual Startup Time": 355.41,
                                "Actual Total Time": 1635.921,
                                "Actual Rows": 1085429,
                                "Actual Loops": 7,
                                "Inner Unique": true,
                                "Hash Cond": "(ci.movie_id = t.id)",
                                "Workers": [
                                    {
                                        "Worker Number": 0,
                                        "Actual Startup Time": 352.839,
                                        "Actual Total Time": 1628.837,
                                        "Actual Rows": 875747,
                                        "Actual Loops": 1
                                    },
                                    {
                                        "Worker Number": 1,
                                        "Actual Startup Time": 352.968,
                                        "Actual Total Time": 1639.015,
                                        "Actual Rows": 1170634,
                                        "Actual Loops": 1
                                    },
                                    {
                                        "Worker Number": 2,
                                        "Actual Startup Time": 353.763,
                                        "Actual Total Time": 1630.221,
                                        "Actual Rows": 855272,
                                        "Actual Loops": 1
                                    },
                                    {
                                        "Worker Number": 3,
                                        "Actual Startup Time": 353.676,
                                        "Actual Total Time": 1640.074,
                                        "Actual Rows": 1152643,
                                        "Actual Loops": 1
                                    },
                                    {
                                        "Worker Number": 4,
                                        "Actual Startup Time": 354.817,
                                        "Actual Total Time": 1637.889,
                                        "Actual Rows": 1235279,
                                        "Actual Loops": 1
                                    },
                                    {
                                        "Worker Number": 5,
                                        "Actual Startup Time": 354.832,
                                        "Actual Total Time": 1633.457,
                                        "Actual Rows": 974262,
                                        "Actual Loops": 1
                                    }
                                ],
                                "Plans": [
                                    {
                                        "Node Type": "Seq Scan",
                                        "Parent Relationship": "Outer",
                                        "Parallel Aware": true,
                                        "Relation Name": "cast_info",
                                        "Schema": "public",
                                        "Alias": "ci",
                                        "Startup Cost": 0.0,
                                        "Total Cost": 343318.94,
                                        "Plan Rows": 2616378,
                                        "Plan Width": 4,
                                        "Actual Startup Time": 221.947,
                                        "Actual Total Time": 735.561,
                                        "Actual Rows": 2888652,
                                        "Actual Loops": 7,
                                        "Output": [
                                            "ci.id",
                                            "ci.person_id",
                                            "ci.movie_id",
                                            "ci.person_role_id",
                                            "ci.note",
                                            "ci.nr_order",
                                            "ci.role_id"
                                        ],
                                        "Filter": "((ci.person_id > 1188916) AND (ci.role_id > 1))",
                                        "Rows Removed by Filter": 2289112,
                                        "Workers": [
                                            {
                                                "Worker Number": 0,
                                                "Actual Startup Time": 221.942,
                                                "Actual Total Time": 763.501,
                                                "Actual Rows": 2323765,
                                                "Actual Loops": 1
                                            },
                                            {
                                                "Worker Number": 1,
                                                "Actual Startup Time": 221.944,
                                                "Actual Total Time": 724.198,
                                                "Actual Rows": 3107530,
                                                "Actual Loops": 1
                                            },
                                            {
                                                "Worker Number": 2,
                                                "Actual Startup Time": 221.905,
                                                "Actual Total Time": 763.433,
                                                "Actual Rows": 2294411,
                                                "Actual Loops": 1
                                            },
                                            {
                                                "Worker Number": 3,
                                                "Actual Startup Time": 222.014,
                                                "Actual Total Time": 723.705,
                                                "Actual Rows": 3088619,
                                                "Actual Loops": 1
                                            },
                                            {
                                                "Worker Number": 4,
                                                "Actual Startup Time": 222.028,
                                                "Actual Total Time": 731.925,
                                                "Actual Rows": 3283154,
                                                "Actual Loops": 1
                                            },
                                            {
                                                "Worker Number": 5,
                                                "Actual Startup Time": 221.881,
                                                "Actual Total Time": 757.627,
                                                "Actual Rows": 2553002,
                                                "Actual Loops": 1
                                            }
                                        ]
                                    },
                                    {
                                        "Node Type": "Hash",
                                        "Parent Relationship": "Inner",
                                        "Parallel Aware": true,
                                        "Startup Cost": 43899.01,
                                        "Total Cost": 43899.01,
                                        "Plan Rows": 196473,
                                        "Plan Width": 4,
                                        "Actual Startup Time": 130.301,
                                        "Actual Total Time": 130.302,
                                        "Actual Rows": 112132,
                                        "Actual Loops": 7,
                                        "Output": [
                                            "t.id"
                                        ],
                                        "Hash Buckets": 1048576,
                                        "Original Hash Buckets": 1048576,
                                        "Hash Batches": 1,
                                        "Original Hash Batches": 1,
                                        "Peak Memory Usage": 39040,
                                        "Workers": [
                                            {
                                                "Worker Number": 0,
                                                "Actual Startup Time": 129.958,
                                                "Actual Total Time": 129.958,
                                                "Actual Rows": 89197,
                                                "Actual Loops": 1
                                            },
                                            {
                                                "Worker Number": 1,
                                                "Actual Startup Time": 130.209,
                                                "Actual Total Time": 130.21,
                                                "Actual Rows": 105617,
                                                "Actual Loops": 1
                                            },
                                            {
                                                "Worker Number": 2,
                                                "Actual Startup Time": 130.844,
                                                "Actual Total Time": 130.845,
                                                "Actual Rows": 88690,
                                                "Actual Loops": 1
                                            },
                                            {
                                                "Worker Number": 3,
                                                "Actual Startup Time": 131.015,
                                                "Actual Total Time": 131.016,
                                                "Actual Rows": 108335,
                                                "Actual Loops": 1
                                            },
                                            {
                                                "Worker Number": 4,
                                                "Actual Startup Time": 131.955,
                                                "Actual Total Time": 131.956,
                                                "Actual Rows": 119227,
                                                "Actual Loops": 1
                                            },
                                            {
                                                "Worker Number": 5,
                                                "Actual Startup Time": 132.001,
                                                "Actual Total Time": 132.002,
                                                "Actual Rows": 90021,
                                                "Actual Loops": 1
                                            }
                                        ],
                                        "Plans": [
                                            {
                                                "Node Type": "Seq Scan",
                                                "Parent Relationship": "Outer",
                                                "Parallel Aware": true,
                                                "Relation Name": "title",
                                                "Schema": "public",
                                                "Alias": "t",
                                                "Startup Cost": 0.0,
                                                "Total Cost": 43899.01,
                                                "Plan Rows": 196473,
                                                "Plan Width": 4,
                                                "Actual Startup Time": 0.068,
                                                "Actual Total Time": 76.872,
                                                "Actual Rows": 112132,
                                                "Actual Loops": 7,
                                                "Output": [
                                                    "t.id"
                                                ],
                                                "Filter": "(t.production_year > 2007)",
                                                "Rows Removed by Filter": 249055,
                                                "Workers": [
                                                    {
                                                        "Worker Number": 0,
                                                        "Actual Startup Time": 0.077,
                                                        "Actual Total Time": 79.238,
                                                        "Actual Rows": 89197,
                                                        "Actual Loops": 1
                                                    },
                                                    {
                                                        "Worker Number": 1,
                                                        "Actual Startup Time": 0.083,
                                                        "Actual Total Time": 76.745,
                                                        "Actual Rows": 105617,
                                                        "Actual Loops": 1
                                                    },
                                                    {
                                                        "Worker Number": 2,
                                                        "Actual Startup Time": 0.084,
                                                        "Actual Total Time": 79.298,
                                                        "Actual Rows": 88690,
                                                        "Actual Loops": 1
                                                    },
                                                    {
                                                        "Worker Number": 3,
                                                        "Actual Startup Time": 0.083,
                                                        "Actual Total Time": 77.392,
                                                        "Actual Rows": 108335,
                                                        "Actual Loops": 1
                                                    },
                                                    {
                                                        "Worker Number": 4,
                                                        "Actual Startup Time": 0.071,
                                                        "Actual Total Time": 77.588,
                                                        "Actual Rows": 119227,
                                                        "Actual Loops": 1
                                                    },
                                                    {
                                                        "Worker Number": 5,
                                                        "Actual Startup Time": 0.062,
                                                        "Actual Total Time": 79.814,
                                                        "Actual Rows": 90021,
                                                        "Actual Loops": 1
                                                    }
                                                ]
                                            }
                                        ]
                                    }
                                ]
                            }
                        ]
                    }
                ]
            }
        ]
    },
    "Planning Time": 0.589,
    "Triggers": [],
    "Execution Time": 1755.506
}