{
  "Plan": {
    "Node Type": "Aggregate",
    "Strategy": "Plain",
    "Partial Mode": "Simple",
    "Parallel Aware": false,
    "Startup Cost": 1006579.69,
    "Total Cost": 1006579.7,
    "Plan Rows": 1,
    "Plan Width": 64,
    "Actual Startup Time": 8500.798,
    "Actual Total Time": 8792.001,
    "Actual Rows": 1,
    "Actual Loops": 1,
    "Plans": [
      {
        "Node Type": "Nested Loop",
        "Parent Relationship": "Outer",
        "Parallel Aware": false,
        "Join Type": "Inner",
        "Startup Cost": 747293.77,
        "Total Cost": 1006556.88,
        "Plan Rows": 4562,
        "Plan Width": 38,
        "Actual Startup Time": 7932.052,
        "Actual Total Time": 8791.458,
        "Actual Rows": 5024,
        "Actual Loops": 1,
        "Inner Unique": true,
        "Plans": [
          {
            "Node Type": "Nested Loop",
            "Parent Relationship": "Outer",
            "Parallel Aware": false,
            "Join Type": "Inner",
            "Startup Cost": 747293.35,
            "Total Cost": 1004555.15,
            "Plan Rows": 4562,
            "Plan Width": 42,
            "Actual Startup Time": 7932.001,
            "Actual Total Time": 8781.941,
            "Actual Rows": 5024,
            "Actual Loops": 1,
            "Inner Unique": false,
            "Join Filter": "(mi.info_type_id = it1.id)",
            "Rows Removed by Join Filter": 23223,
            "Plans": [
              {
                "Node Type": "Seq Scan",
                "Parent Relationship": "Outer",
                "Parallel Aware": false,
                "Relation Name": "info_type",
                "Alias": "it1",
                "Startup Cost": 0.0,
                "Total Cost": 2.41,
                "Plan Rows": 1,
                "Plan Width": 4,
                "Actual Startup Time": 0.016,
                "Actual Total Time": 0.048,
                "Actual Rows": 1,
                "Actual Loops": 1,
                "Filter": "((info)::text = 'release dates'::text)",
                "Rows Removed by Filter": 112
              },
              {
                "Node Type": "Gather",
                "Parent Relationship": "Inner",
                "Parallel Aware": false,
                "Startup Cost": 747293.35,
                "Total Cost": 998105.24,
                "Plan Rows": 515800,
                "Plan Width": 46,
                "Actual Startup Time": 7931.981,
                "Actual Total Time": 8780.078,
                "Actual Rows": 28247,
                "Actual Loops": 1,
                "Workers Planned": 5,
                "Workers Launched": 5,
                "Single Copy": false,
                "Plans": [
                  {
                    "Node Type": "Hash Join",
                    "Parent Relationship": "Outer",
                    "Parallel Aware": true,
                    "Join Type": "Inner",
                    "Startup Cost": 746293.35,
                    "Total Cost": 945525.24,
                    "Plan Rows": 103160,
                    "Plan Width": 46,
                    "Actual Startup Time": 7860.444,
                    "Actual Total Time": 8215.264,
                    "Actual Rows": 4708,
                    "Actual Loops": 6,
                    "Inner Unique": false,
                    "Hash Cond": "(mi.movie_id = t.id)",
                    "Plans": [
                      {
                        "Node Type": "Seq Scan",
                        "Parent Relationship": "Outer",
                        "Parallel Aware": true,
                        "Relation Name": "movie_info",
                        "Alias": "mi",
                        "Startup Cost": 0.0,
                        "Total Cost": 199164.27,
                        "Plan Rows": 2297,
                        "Plan Width": 8,
                        "Actual Startup Time": 16.198,
                        "Actual Total Time": 388.351,
                        "Actual Rows": 1802,
                        "Actual Loops": 6,
                        "Filter": "(note ~~ '%internet%'::text)",
                        "Rows Removed by Filter": 2470818
                      },
                      {
                        "Node Type": "Hash",
                        "Parent Relationship": "Inner",
                        "Parallel Aware": true,
                        "Startup Cost": 680908.71,
                        "Total Cost": 680908.71,
                        "Plan Rows": 5230771,
                        "Plan Width": 58,
                        "Actual Startup Time": 7768.338,
                        "Actual Total Time": 7776.247,
                        "Actual Rows": 4709762,
                        "Actual Loops": 6,
                        "Hash Buckets": 33554432,
                        "Original Hash Buckets": 16777216,
                        "Hash Batches": 1,
                        "Original Hash Batches": 1,
                        "Peak Memory Usage": 3092960,
                        "Plans": [
                          {
                            "Node Type": "Hash Join",
                            "Parent Relationship": "Outer",
                            "Parallel Aware": true,
                            "Join Type": "Inner",
                            "Startup Cost": 635664.39,
                            "Total Cost": 680908.71,
                            "Plan Rows": 5230771,
                            "Plan Width": 58,
                            "Actual Startup Time": 3413.387,
                            "Actual Total Time": 4213.449,
                            "Actual Rows": 4709762,
                            "Actual Loops": 6,
                            "Inner Unique": false,
                            "Hash Cond": "(mk.movie_id = t.id)",
                            "Plans": [
                              {
                                "Node Type": "Seq Scan",
                                "Parent Relationship": "Outer",
                                "Parallel Aware": true,
                                "Relation Name": "movie_keyword",
                                "Alias": "mk",
                                "Startup Cost": 0.0,
                                "Total Cost": 39047.32,
                                "Plan Rows": 1459332,
                                "Plan Width": 8,
                                "Actual Startup Time": 0.056,
                                "Actual Total Time": 95.385,
                                "Actual Rows": 753988,
                                "Actual Loops": 6
                              },
                              {
                                "Node Type": "Hash",
                                "Parent Relationship": "Inner",
                                "Parallel Aware": true,
                                "Startup Cost": 634095.24,
                                "Total Cost": 634095.24,
                                "Plan Rows": 125532,
                                "Plan Width": 50,
                                "Actual Startup Time": 3411.935,
                                "Actual Total Time": 3411.952,
                                "Actual Rows": 100207,
                                "Actual Loops": 6,
                                "Hash Buckets": 1048576,
                                "Original Hash Buckets": 524288,
                                "Hash Batches": 1,
                                "Original Hash Batches": 1,
                                "Peak Memory Usage": 65408,
                                "Plans": [
                                  {
                                    "Node Type": "Merge Join",
                                    "Parent Relationship": "Outer",
                                    "Parallel Aware": false,
                                    "Join Type": "Inner",
                                    "Startup Cost": 627137.32,
                                    "Total Cost": 634095.24,
                                    "Plan Rows": 125532,
                                    "Plan Width": 50,
                                    "Actual Startup Time": 3104.261,
                                    "Actual Total Time": 3255.196,
                                    "Actual Rows": 100207,
                                    "Actual Loops": 6,
                                    "Inner Unique": false,
                                    "Merge Cond": "(t.id = at.movie_id)",
                                    "Plans": [
                                      {
                                        "Node Type": "Sort",
                                        "Parent Relationship": "Outer",
                                        "Parallel Aware": false,
                                        "Startup Cost": 89204.47,
                                        "Total Cost": 90404.73,
                                        "Plan Rows": 480103,
                                        "Plan Width": 21,
                                        "Actual Startup Time": 316.207,
                                        "Actual Total Time": 356.941,
                                        "Actual Rows": 320302,
                                        "Actual Loops": 6,
                                        "Sort Key": [
                                          "t.id"
                                        ],
                                        "Sort Method": "quicksort",
                                        "Sort Space Used": 36478,
                                        "Sort Space Type": "Memory",
                                        "Workers": [
                                          {
                                            "Worker Number": 0,
                                            "Sort Method": "quicksort",
                                            "Sort Space Used": 34736,
                                            "Sort Space Type": "Memory"
                                          },
                                          {
                                            "Worker Number": 1,
                                            "Sort Method": "quicksort",
                                            "Sort Space Used": 34811,
                                            "Sort Space Type": "Memory"
                                          },
                                          {
                                            "Worker Number": 2,
                                            "Sort Method": "quicksort",
                                            "Sort Space Used": 34161,
                                            "Sort Space Type": "Memory"
                                          },
                                          {
                                            "Worker Number": 3,
                                            "Sort Method": "quicksort",
                                            "Sort Space Used": 33672,
                                            "Sort Space Type": "Memory"
                                          },
                                          {
                                            "Worker Number": 4,
                                            "Sort Method": "quicksort",
                                            "Sort Space Used": 34813,
                                            "Sort Space Type": "Memory"
                                          }
                                        ],
                                        "Plans": [
                                          {
                                            "Node Type": "Seq Scan",
                                            "Parent Relationship": "Outer",
                                            "Parallel Aware": true,
                                            "Relation Name": "title",
                                            "Alias": "t",
                                            "Startup Cost": 0.0,
                                            "Total Cost": 43899.59,
                                            "Plan Rows": 480103,
                                            "Plan Width": 21,
                                            "Actual Startup Time": 0.08,
                                            "Actual Total Time": 149.974,
                                            "Actual Rows": 320475,
                                            "Actual Loops": 6,
                                            "Filter": "(production_year < 2010)",
                                            "Rows Removed by Filter": 100910
                                          }
                                        ]
                                      },
                                      {
                                        "Node Type": "Sort",
                                        "Parent Relationship": "Inner",
                                        "Parallel Aware": false,
                                        "Startup Cost": 537931.96,
                                        "Total Cost": 539584.78,
                                        "Plan Rows": 661128,
                                        "Plan Width": 29,
                                        "Actual Startup Time": 2787.985,
                                        "Actual Total Time": 2823.375,
                                        "Actual Rows": 627946,
                                        "Actual Loops": 6,
                                        "Sort Key": [
                                          "at.movie_id"
                                        ],
                                        "Sort Method": "quicksort",
                                        "Sort Space Used": 75054,
                                        "Sort Space Type": "Memory",
                                        "Workers": [
                                          {
                                            "Worker Number": 0,
                                            "Sort Method": "quicksort",
                                            "Sort Space Used": 75054,
                                            "Sort Space Type": "Memory"
                                          },
                                          {
                                            "Worker Number": 1,
                                            "Sort Method": "quicksort",
                                            "Sort Space Used": 75054,
                                            "Sort Space Type": "Memory"
                                          },
                                          {
                                            "Worker Number": 2,
                                            "Sort Method": "quicksort",
                                            "Sort Space Used": 75054,
                                            "Sort Space Type": "Memory"
                                          },
                                          {
                                            "Worker Number": 3,
                                            "Sort Method": "quicksort",
                                            "Sort Space Used": 75054,
                                            "Sort Space Type": "Memory"
                                          },
                                          {
                                            "Worker Number": 4,
                                            "Sort Method": "quicksort",
                                            "Sort Space Used": 75054,
                                            "Sort Space Type": "Memory"
                                          }
                                        ],
                                        "Plans": [
                                          {
                                            "Node Type": "Hash Join",
                                            "Parent Relationship": "Outer",
                                            "Parallel Aware": false,
                                            "Join Type": "Inner",
                                            "Startup Cost": 98827.12,
                                            "Total Cost": 474018.84,
                                            "Plan Rows": 661128,
                                            "Plan Width": 29,
                                            "Actual Startup Time": 1330.626,
                                            "Actual Total Time": 2578.232,
                                            "Actual Rows": 627946,
                                            "Actual Loops": 6,
                                            "Inner Unique": true,
                                            "Hash Cond": "(mc.company_id = cn.id)",
                                            "Plans": [
                                              {
                                                "Node Type": "Hash Join",
                                                "Parent Relationship": "Outer",
                                                "Parallel Aware": false,
                                                "Join Type": "Inner",
                                                "Startup Cost": 91820.52,
                                                "Total Cost": 462266.15,
                                                "Plan Rows": 1807997,
                                                "Plan Width": 33,
                                                "Actual Startup Time": 1262.166,
                                                "Actual Total Time": 2244.69,
                                                "Actual Rows": 1946320,
                                                "Actual Loops": 6,
                                                "Inner Unique": false,
                                                "Hash Cond": "(mc.movie_id = at.movie_id)",
                                                "Plans": [
                                                  {
                                                    "Node Type": "Hash Join",
                                                    "Parent Relationship": "Outer",
                                                    "Parallel Aware": false,
                                                    "Join Type": "Inner",
                                                    "Startup Cost": 77495.4,
                                                    "Total Cost": 110242.76,
                                                    "Plan Rows": 2609129,
                                                    "Plan Width": 8,
                                                    "Actual Startup Time": 1059.62,
                                                    "Actual Total Time": 1284.552,
                                                    "Actual Rows": 2609129,
                                                    "Actual Loops": 6,
                                                    "Inner Unique": false,
                                                    "Hash Cond": "(ct.id = mc.company_type_id)",
                                                    "Plans": [
                                                      {
                                                        "Node Type": "Seq Scan",
                                                        "Parent Relationship": "Outer",
                                                        "Parallel Aware": false,
                                                        "Relation Name": "company_type",
                                                        "Alias": "ct",
                                                        "Startup Cost": 0.0,
                                                        "Total Cost": 1.04,
                                                        "Plan Rows": 4,
                                                        "Plan Width": 4,
                                                        "Actual Startup Time": 0.066,
                                                        "Actual Total Time": 0.074,
                                                        "Actual Rows": 4,
                                                        "Actual Loops": 6
                                                      },
                                                      {
                                                        "Node Type": "Hash",
                                                        "Parent Relationship": "Inner",
                                                        "Parallel Aware": false,
                                                        "Startup Cost": 44881.29,
                                                        "Total Cost": 44881.29,
                                                        "Plan Rows": 2609129,
                                                        "Plan Width": 12,
                                                        "Actual Startup Time": 1001.091,
                                                        "Actual Total Time": 1001.093,
                                                        "Actual Rows": 2609129,
                                                        "Actual Loops": 6,
                                                        "Hash Buckets": 4194304,
                                                        "Original Hash Buckets": 4194304,
                                                        "Hash Batches": 1,
                                                        "Original Hash Batches": 1,
                                                        "Peak Memory Usage": 144880,
                                                        "Plans": [
                                                          {
                                                            "Node Type": "Seq Scan",
                                                            "Parent Relationship": "Outer",
                                                            "Parallel Aware": false,
                                                            "Relation Name": "movie_companies",
                                                            "Alias": "mc",
                                                            "Startup Cost": 0.0,
                                                            "Total Cost": 44881.29,
                                                            "Plan Rows": 2609129,
                                                            "Plan Width": 12,
                                                            "Actual Startup Time": 0.077,
                                                            "Actual Total Time": 465.909,
                                                            "Actual Rows": 2609129,
                                                            "Actual Loops": 6
                                                          }
                                                        ]
                                                      }
                                                    ]
                                                  },
                                                  {
                                                    "Node Type": "Hash",
                                                    "Parent Relationship": "Inner",
                                                    "Parallel Aware": false,
                                                    "Startup Cost": 9806.72,
                                                    "Total Cost": 9806.72,
                                                    "Plan Rows": 361472,
                                                    "Plan Width": 25,
                                                    "Actual Startup Time": 196.166,
                                                    "Actual Total Time": 196.168,
                                                    "Actual Rows": 361472,
                                                    "Actual Loops": 6,
                                                    "Hash Buckets": 524288,
                                                    "Original Hash Buckets": 524288,
                                                    "Hash Batches": 1,
                                                    "Original Hash Batches": 1,
                                                    "Peak Memory Usage": 25054,
                                                    "Plans": [
                                                      {
                                                        "Node Type": "Seq Scan",
                                                        "Parent Relationship": "Outer",
                                                        "Parallel Aware": false,
                                                        "Relation Name": "aka_title",
                                                        "Alias": "at",
                                                        "Startup Cost": 0.0,
                                                        "Total Cost": 9806.72,
                                                        "Plan Rows": 361472,
                                                        "Plan Width": 25,
                                                        "Actual Startup Time": 0.117,
                                                        "Actual Total Time": 74.885,
                                                        "Actual Rows": 361472,
                                                        "Actual Loops": 6
                                                      }
                                                    ]
                                                  }
                                                ]
                                              },
                                              {
                                                "Node Type": "Hash",
                                                "Parent Relationship": "Inner",
                                                "Parallel Aware": false,
                                                "Startup Cost": 5932.46,
                                                "Total Cost": 5932.46,
                                                "Plan Rows": 85931,
                                                "Plan Width": 4,
                                                "Actual Startup Time": 67.548,
                                                "Actual Total Time": 67.549,
                                                "Actual Rows": 84843,
                                                "Actual Loops": 6,
                                                "Hash Buckets": 131072,
                                                "Original Hash Buckets": 131072,
                                                "Hash Batches": 1,
                                                "Original Hash Batches": 1,
                                                "Peak Memory Usage": 4007,
                                                "Plans": [
                                                  {
                                                    "Node Type": "Seq Scan",
                                                    "Parent Relationship": "Outer",
                                                    "Parallel Aware": false,
                                                    "Relation Name": "company_name",
                                                    "Alias": "cn",
                                                    "Startup Cost": 0.0,
                                                    "Total Cost": 5932.46,
                                                    "Plan Rows": 85931,
                                                    "Plan Width": 4,
                                                    "Actual Startup Time": 0.076,
                                                    "Actual Total Time": 46.234,
                                                    "Actual Rows": 84843,
                                                    "Actual Loops": 6,
                                                    "Filter": "((country_code)::text = '[us]'::text)",
                                                    "Rows Removed by Filter": 150154
                                                  }
                                                ]
                                              }
                                            ]
                                          }
                                        ]
                                      }
                                    ]
                                  }
                                ]
                              }
                            ]
                          }
                        ]
                      }
                    ]
                  }
                ]
              }
            ]
          },
          {
            "Node Type": "Index Only Scan",
            "Parent Relationship": "Inner",
            "Parallel Aware": false,
            "Scan Direction": "Forward",
            "Index Name": "keyword_pkey",
            "Relation Name": "keyword",
            "Alias": "k",
            "Startup Cost": 0.42,
            "Total Cost": 0.44,
            "Plan Rows": 1,
            "Plan Width": 4,
            "Actual Startup Time": 0.002,
            "Actual Total Time": 0.002,
            "Actual Rows": 1,
            "Actual Loops": 5024,
            "Index Cond": "(id = mk.keyword_id)",
            "Rows Removed by Index Recheck": 0,
            "Heap Fetches": 5024
          }
        ]
      }
    ]
  },
  "Planning Time": 24.342,
  "Triggers": [],
  "Execution Time": 8804.502
}