[
  {
    "Plan": {
      "Node Type": "Aggregate",
      "Strategy": "Plain",
      "Partial Mode": "Finalize",
      "Parallel Aware": false,
      "Startup Cost": 249708.21,
      "Total Cost": 249708.22,
      "Plan Rows": 1,
      "Plan Width": 8,
      "Actual Startup Time": 576.844,
      "Actual Total Time": 623.42,
      "Actual Rows": 1,
      "Actual Loops": 1,
      "Plans": [
        {
          "Node Type": "Gather",
          "Parent Relationship": "Outer",
          "Parallel Aware": false,
          "Startup Cost": 249707.69,
          "Total Cost": 249708.2,
          "Plan Rows": 5,
          "Plan Width": 8,
          "Actual Startup Time": 574.245,
          "Actual Total Time": 623.406,
          "Actual Rows": 6,
          "Actual Loops": 1,
          "Workers Planned": 5,
          "Workers Launched": 5,
          "Single Copy": false,
          "Plans": [
            {
              "Node Type": "Aggregate",
              "Strategy": "Plain",
              "Partial Mode": "Partial",
              "Parent Relationship": "Outer",
              "Parallel Aware": false,
              "Startup Cost": 248707.69,
              "Total Cost": 248707.7,
              "Plan Rows": 1,
              "Plan Width": 8,
              "Actual Startup Time": 567.288,
              "Actual Total Time": 567.291,
              "Actual Rows": 1,
              "Actual Loops": 6,
              "Plans": [
                {
                  "Node Type": "Hash Join",
                  "Parent Relationship": "Outer",
                  "Parallel Aware": true,
                  "Join Type": "Inner",
                  "Startup Cost": 46512.31,
                  "Total Cost": 248365.95,
                  "Plan Rows": 136697,
                  "Plan Width": 0,
                  "Actual Startup Time": 127.941,
                  "Actual Total Time": 558.519,
                  "Actual Rows": 191969,
                  "Actual Loops": 6,
                  "Inner Unique": true,
                  "Hash Cond": "(mi.movie_id = t.id)",
                  "Plans": [
                    {
                      "Node Type": "Seq Scan",
                      "Parent Relationship": "Outer",
                      "Parallel Aware": true,
                      "Relation Name": "movie_info",
                      "Alias": "mi",
                      "Startup Cost": 0.0,
                      "Total Cost": 199108.24,
                      "Plan Rows": 1045865,
                      "Plan Width": 4,
                      "Actual Startup Time": 16.796,
                      "Actual Total Time": 331.345,
                      "Actual Rows": 878428,
                      "Actual Loops": 6,
                      "Filter": "(info_type_id > 15)",
                      "Rows Removed by Filter": 1594192
                    },
                    {
                      "Node Type": "Hash",
                      "Parent Relationship": "Inner",
                      "Parallel Aware": true,
                      "Startup Cost": 45479.59,
                      "Total Cost": 45479.59,
                      "Plan Rows": 82618,
                      "Plan Width": 4,
                      "Actual Startup Time": 96.308,
                      "Actual Total Time": 96.309,
                      "Actual Rows": 42595,
                      "Actual Loops": 6,
                      "Hash Buckets": 524288,
                      "Original Hash Buckets": 524288,
                      "Hash Batches": 1,
                      "Original Hash Batches": 1,
                      "Peak Memory Usage": 14272,
                      "Plans": [
                        {
                          "Node Type": "Seq Scan",
                          "Parent Relationship": "Outer",
                          "Parallel Aware": true,
                          "Relation Name": "title",
                          "Alias": "t",
                          "Startup Cost": 0.0,
                          "Total Cost": 45479.59,
                          "Plan Rows": 82618,
                          "Plan Width": 4,
                          "Actual Startup Time": 37.746,
                          "Actual Total Time": 76.778,
                          "Actual Rows": 42595,
                          "Actual Loops": 6,
                          "Filter": "((kind_id < 2) AND (production_year > 2002))",
                          "Rows Removed by Filter": 378790
                        }
                      ]
                    }
                  ]
                }
              ]
            }
          ]
        }
      ]
    },
    "Planning Time": 0.279,
    "Triggers": [],
    "Execution Time": 623.467
  }
]