[
  {
    "Plan": {
      "Node Type": "Aggregate",
      "Strategy": "Plain",
      "Partial Mode": "Simple",
      "Parallel Aware": false,
      "Startup Cost": 28273.85,
      "Total Cost": 28273.86,
      "Plan Rows": 1,
      "Plan Width": 8,
      "Actual Startup Time": 55.524,
      "Actual Total Time": 55.525,
      "Actual Rows": 1,
      "Actual Loops": 1,
      "Plans": [
        {
          "Node Type": "Bitmap Heap Scan",
          "Parent Relationship": "Outer",
          "Parallel Aware": false,
          "Relation Name": "movie_keyword",
          "Alias": "mk",
          "Startup Cost": 2237.82,
          "Total Cost": 28010.18,
          "Plan Rows": 105469,
          "Plan Width": 0,
          "Actual Startup Time": 11.825,
          "Actual Total Time": 50.984,
          "Actual Rows": 104802,
          "Actual Loops": 1,
          "Recheck Cond": "(keyword_id > 81193)",
          "Rows Removed by Index Recheck": 0,
          "Exact Heap Blocks": 17583,
          "Lossy Heap Blocks": 0,
          "Plans": [
            {
              "Node Type": "Bitmap Index Scan",
              "Parent Relationship": "Outer",
              "Parallel Aware": false,
              "Index Name": "keyword_id_movie_keyword",
              "Startup Cost": 0.0,
              "Total Cost": 2211.45,
              "Plan Rows": 105469,
              "Plan Width": 0,
              "Actual Startup Time": 8.293,
              "Actual Total Time": 8.293,
              "Actual Rows": 104802,
              "Actual Loops": 1,
              "Index Cond": "(keyword_id > 81193)"
            }
          ]
        }
      ]
    },
    "Planning Time": 0.081,
    "Triggers": [],
    "Execution Time": 55.557
  }
]