[
  {
    "Plan": {
      "Node Type": "Aggregate",
      "Strategy": "Plain",
      "Partial Mode": "Finalize",
      "Parallel Aware": false,
      "Startup Cost": 381856.61,
      "Total Cost": 381856.62,
      "Plan Rows": 1,
      "Plan Width": 8,
      "Actual Startup Time": 891.93,
      "Actual Total Time": 920.871,
      "Actual Rows": 1,
      "Actual Loops": 1,
      "Plans": [
        {
          "Node Type": "Gather",
          "Parent Relationship": "Outer",
          "Parallel Aware": false,
          "Startup Cost": 381855.99,
          "Total Cost": 381856.6,
          "Plan Rows": 6,
          "Plan Width": 8,
          "Actual Startup Time": 877.562,
          "Actual Total Time": 920.85,
          "Actual Rows": 7,
          "Actual Loops": 1,
          "Workers Planned": 6,
          "Workers Launched": 6,
          "Single Copy": false,
          "Plans": [
            {
              "Node Type": "Aggregate",
              "Strategy": "Plain",
              "Partial Mode": "Partial",
              "Parent Relationship": "Outer",
              "Parallel Aware": false,
              "Startup Cost": 380855.99,
              "Total Cost": 380856.0,
              "Plan Rows": 1,
              "Plan Width": 8,
              "Actual Startup Time": 857.552,
              "Actual Total Time": 857.561,
              "Actual Rows": 1,
              "Actual Loops": 7,
              "Plans": [
                {
                  "Node Type": "Hash Join",
                  "Parent Relationship": "Outer",
                  "Parallel Aware": true,
                  "Join Type": "Inner",
                  "Startup Cost": 119340.12,
                  "Total Cost": 380395.55,
                  "Plan Rows": 184175,
                  "Plan Width": 0,
                  "Actual Startup Time": 524.66,
                  "Actual Total Time": 838.557,
                  "Actual Rows": 335430,
                  "Actual Loops": 7,
                  "Inner Unique": true,
                  "Hash Cond": "(ci.movie_id = t.id)",
                  "Plans": [
                    {
                      "Node Type": "Bitmap Heap Scan",
                      "Parent Relationship": "Outer",
                      "Parallel Aware": true,
                      "Relation Name": "cast_info",
                      "Alias": "ci",
                      "Startup Cost": 69119.74,
                      "Total Cost": 329691.71,
                      "Plan Rows": 184175,
                      "Plan Width": 4,
                      "Actual Startup Time": 222.931,
                      "Actual Total Time": 351.559,
                      "Actual Rows": 335430,
                      "Actual Loops": 7,
                      "Recheck Cond": "(person_id < 314803)",
                      "Rows Removed by Index Recheck": 0,
                      "Filter": "(role_id = 1)",
                      "Rows Removed by Filter": 130607,
                      "Exact Heap Blocks": 7101,
                      "Lossy Heap Blocks": 0,
                      "Plans": [
                        {
                          "Node Type": "Bitmap Index Scan",
                          "Parent Relationship": "Outer",
                          "Parallel Aware": false,
                          "Index Name": "person_id_cast_info",
                          "Startup Cost": 0.0,
                          "Total Cost": 68843.48,
                          "Plan Rows": 3153988,
                          "Plan Width": 0,
                          "Actual Startup Time": 213.869,
                          "Actual Total Time": 213.87,
                          "Actual Rows": 3262255,
                          "Actual Loops": 1,
                          "Index Cond": "(person_id < 314803)"
                        }
                      ]
                    },
                    {
                      "Node Type": "Hash",
                      "Parent Relationship": "Inner",
                      "Parallel Aware": true,
                      "Startup Cost": 42319.06,
                      "Total Cost": 42319.06,
                      "Plan Rows": 632106,
                      "Plan Width": 4,
                      "Actual Startup Time": 295.345,
                      "Actual Total Time": 295.348,
                      "Actual Rows": 361187,
                      "Actual Loops": 7,
                      "Hash Buckets": 4194304,
                      "Original Hash Buckets": 4194304,
                      "Hash Batches": 1,
                      "Original Hash Batches": 1,
                      "Peak Memory Usage": 131744,
                      "Plans": [
                        {
                          "Node Type": "Seq Scan",
                          "Parent Relationship": "Outer",
                          "Parallel Aware": true,
                          "Relation Name": "title",
                          "Alias": "t",
                          "Startup Cost": 0.0,
                          "Total Cost": 42319.06,
                          "Plan Rows": 632106,
                          "Plan Width": 4,
                          "Actual Startup Time": 0.045,
                          "Actual Total Time": 91.77,
                          "Actual Rows": 361187,
                          "Actual Loops": 7
                        }
                      ]
                    }
                  ]
                }
              ]
            }
          ]
        }
      ]
    },
    "Planning Time": 0.491,
    "Triggers": [],
    "Execution Time": 920.95
  }
]