[
    {
        "Bao": {
            "Bao prediction": 496.425,
            "Bao recommended hint": "(no hint)"
        }
    },
    {
        "Plan": {
            "Node Type": "Aggregate",
            "Strategy": "Plain",
            "Partial Mode": "Finalize",
            "Parallel Aware": false,
            "Startup Cost": 46092.01,
            "Total Cost": 46092.02,
            "Plan Rows": 1,
            "Plan Width": 8,
            "Actual Startup Time": 182.9,
            "Actual Total Time": 189.059,
            "Actual Rows": 1,
            "Actual Loops": 1,
            "Output": [
                "count(*)"
            ],
            "Plans": [
                {
                    "Node Type": "Gather",
                    "Parent Relationship": "Outer",
                    "Parallel Aware": false,
                    "Startup Cost": 46091.69,
                    "Total Cost": 46092.0,
                    "Plan Rows": 3,
                    "Plan Width": 8,
                    "Actual Startup Time": 182.821,
                    "Actual Total Time": 189.05,
                    "Actual Rows": 4,
                    "Actual Loops": 1,
                    "Output": [
                        "(PARTIAL count(*))"
                    ],
                    "Workers Planned": 3,
                    "Workers Launched": 3,
                    "Single Copy": false,
                    "Plans": [
                        {
                            "Node Type": "Aggregate",
                            "Strategy": "Plain",
                            "Partial Mode": "Partial",
                            "Parent Relationship": "Outer",
                            "Parallel Aware": false,
                            "Startup Cost": 45091.69,
                            "Total Cost": 45091.7,
                            "Plan Rows": 1,
                            "Plan Width": 8,
                            "Actual Startup Time": 174.849,
                            "Actual Total Time": 174.85,
                            "Actual Rows": 1,
                            "Actual Loops": 4,
                            "Output": [
                                "PARTIAL count(*)"
                            ],
                            "Workers": [
                                {
                                    "Worker Number": 0,
                                    "Actual Startup Time": 172.989,
                                    "Actual Total Time": 172.99,
                                    "Actual Rows": 1,
                                    "Actual Loops": 1
                                },
                                {
                                    "Worker Number": 1,
                                    "Actual Startup Time": 172.694,
                                    "Actual Total Time": 172.695,
                                    "Actual Rows": 1,
                                    "Actual Loops": 1
                                },
                                {
                                    "Worker Number": 2,
                                    "Actual Startup Time": 172.648,
                                    "Actual Total Time": 172.649,
                                    "Actual Rows": 1,
                                    "Actual Loops": 1
                                }
                            ],
                            "Plans": [
                                {
                                    "Node Type": "Seq Scan",
                                    "Parent Relationship": "Outer",
                                    "Parallel Aware": true,
                                    "Relation Name": "movie_keyword",
                                    "Schema": "public",
                                    "Alias": "mk",
                                    "Startup Cost": 0.0,
                                    "Total Cost": 42695.65,
                                    "Plan Rows": 958415,
                                    "Plan Width": 0,
                                    "Actual Startup Time": 0.043,
                                    "Actual Total Time": 132.097,
                                    "Actual Rows": 747601,
                                    "Actual Loops": 4,
                                    "Output": [
                                        "id",
                                        "movie_id",
                                        "keyword_id"
                                    ],
                                    "Filter": "(mk.keyword_id < 10419)",
                                    "Rows Removed by Filter": 383381,
                                    "Workers": [
                                        {
                                            "Worker Number": 0,
                                            "Actual Startup Time": 0.049,
                                            "Actual Total Time": 131.961,
                                            "Actual Rows": 856040,
                                            "Actual Loops": 1
                                        },
                                        {
                                            "Worker Number": 1,
                                            "Actual Startup Time": 0.047,
                                            "Actual Total Time": 131.826,
                                            "Actual Rows": 865416,
                                            "Actual Loops": 1
                                        },
                                        {
                                            "Worker Number": 2,
                                            "Actual Startup Time": 0.048,
                                            "Actual Total Time": 131.749,
                                            "Actual Rows": 564977,
                                            "Actual Loops": 1
                                        }
                                    ]
                                }
                            ]
                        }
                    ]
                }
            ]
        },
        "Planning Time": 772.566,
        "Triggers": [],
        "Execution Time": 189.145
    }
]