[
  {
    "Plan": {
      "Node Type": "Aggregate",
      "Strategy": "Plain",
      "Partial Mode": "Finalize",
      "Parallel Aware": false,
      "Startup Cost": 87059.16,
      "Total Cost": 87059.17,
      "Plan Rows": 1,
      "Plan Width": 8,
      "Actual Startup Time": 295.268,
      "Actual Total Time": 327.001,
      "Actual Rows": 1,
      "Actual Loops": 1,
      "Plans": [
        {
          "Node Type": "Gather",
          "Parent Relationship": "Outer",
          "Parallel Aware": false,
          "Startup Cost": 87058.84,
          "Total Cost": 87059.15,
          "Plan Rows": 3,
          "Plan Width": 8,
          "Actual Startup Time": 294.781,
          "Actual Total Time": 326.992,
          "Actual Rows": 4,
          "Actual Loops": 1,
          "Workers Planned": 3,
          "Workers Launched": 3,
          "Single Copy": false,
          "Plans": [
            {
              "Node Type": "Aggregate",
              "Strategy": "Plain",
              "Partial Mode": "Partial",
              "Parent Relationship": "Outer",
              "Parallel Aware": false,
              "Startup Cost": 86058.84,
              "Total Cost": 86058.85,
              "Plan Rows": 1,
              "Plan Width": 8,
              "Actual Startup Time": 286.625,
              "Actual Total Time": 286.629,
              "Actual Rows": 1,
              "Actual Loops": 4,
              "Plans": [
                {
                  "Node Type": "Nested Loop",
                  "Parent Relationship": "Outer",
                  "Parallel Aware": false,
                  "Join Type": "Inner",
                  "Startup Cost": 51753.58,
                  "Total Cost": 86032.33,
                  "Plan Rows": 10603,
                  "Plan Width": 0,
                  "Actual Startup Time": 133.281,
                  "Actual Total Time": 280.651,
                  "Actual Rows": 101794,
                  "Actual Loops": 4,
                  "Inner Unique": false,
                  "Join Filter": "(t.id = mi.movie_id)",
                  "Rows Removed by Join Filter": 0,
                  "Plans": [
                    {
                      "Node Type": "Hash Join",
                      "Parent Relationship": "Outer",
                      "Parallel Aware": true,
                      "Join Type": "Inner",
                      "Startup Cost": 51753.15,
                      "Total Cost": 77614.71,
                      "Plan Rows": 1806,
                      "Plan Width": 8,
                      "Actual Startup Time": 133.17,
                      "Actual Total Time": 184.128,
                      "Actual Rows": 1896,
                      "Actual Loops": 4,
                      "Inner Unique": true,
                      "Hash Cond": "(mk.movie_id = t.id)",
                      "Plans": [
                        {
                          "Node Type": "Bitmap Heap Scan",
                          "Parent Relationship": "Outer",
                          "Parallel Aware": true,
                          "Relation Name": "movie_keyword",
                          "Alias": "mk",
                          "Startup Cost": 6120.24,
                          "Total Cost": 31737.51,
                          "Plan Rows": 93062,
                          "Plan Width": 4,
                          "Actual Startup Time": 22.324,
                          "Actual Total Time": 60.105,
                          "Actual Rows": 70962,
                          "Actual Loops": 4,
                          "Recheck Cond": "(keyword_id < 236)",
                          "Rows Removed by Index Recheck": 0,
                          "Exact Heap Blocks": 7723,
                          "Lossy Heap Blocks": 0,
                          "Plans": [
                            {
                              "Node Type": "Bitmap Index Scan",
                              "Parent Relationship": "Outer",
                              "Parallel Aware": false,
                              "Index Name": "keyword_id_movie_keyword",
                              "Startup Cost": 0.0,
                              "Total Cost": 6048.11,
                              "Plan Rows": 288491,
                              "Plan Width": 0,
                              "Actual Startup Time": 18.587,
                              "Actual Total Time": 18.588,
                              "Actual Rows": 283847,
                              "Actual Loops": 1,
                              "Index Cond": "(keyword_id < 236)"
                            }
                          ]
                        },
                        {
                          "Node Type": "Hash",
                          "Parent Relationship": "Inner",
                          "Parallel Aware": true,
                          "Startup Cost": 45479.59,
                          "Total Cost": 45479.59,
                          "Plan Rows": 12266,
                          "Plan Width": 4,
                          "Actual Startup Time": 109.7,
                          "Actual Total Time": 109.701,
                          "Actual Rows": 11003,
                          "Actual Loops": 4,
                          "Hash Buckets": 65536,
                          "Original Hash Buckets": 65536,
                          "Hash Batches": 1,
                          "Original Hash Batches": 1,
                          "Peak Memory Usage": 2272,
                          "Plans": [
                            {
                              "Node Type": "Seq Scan",
                              "Parent Relationship": "Outer",
                              "Parallel Aware": true,
                              "Relation Name": "title",
                              "Alias": "t",
                              "Startup Cost": 0.0,
                              "Total Cost": 45479.59,
                              "Plan Rows": 12266,
                              "Plan Width": 4,
                              "Actual Startup Time": 0.161,
                              "Actual Total Time": 104.661,
                              "Actual Rows": 11003,
                              "Actual Loops": 4,
                              "Filter": "((kind_id < 7) AND (production_year = 2009))",
                              "Rows Removed by Filter": 621075
                            }
                          ]
                        }
                      ]
                    },
                    {
                      "Node Type": "Index Only Scan",
                      "Parent Relationship": "Inner",
                      "Parallel Aware": false,
                      "Scan Direction": "Forward",
                      "Index Name": "movie_id_movie_info",
                      "Relation Name": "movie_info",
                      "Alias": "mi",
                      "Startup Cost": 0.43,
                      "Total Cost": 4.15,
                      "Plan Rows": 41,
                      "Plan Width": 4,
                      "Actual Startup Time": 0.012,
                      "Actual Total Time": 0.044,
                      "Actual Rows": 54,
                      "Actual Loops": 7585,
                      "Index Cond": "(movie_id = mk.movie_id)",
                      "Rows Removed by Index Recheck": 0,
                      "Heap Fetches": 407177
                    }
                  ]
                }
              ]
            }
          ]
        }
      ]
    },
    "Planning Time": 1.123,
    "Triggers": [],
    "Execution Time": 327.106
  }
]