[
  {
    "Plan": {
      "Node Type": "Aggregate",
      "Strategy": "Plain",
      "Partial Mode": "Finalize",
      "Parallel Aware": false,
      "Startup Cost": 31008.39,
      "Total Cost": 31008.4,
      "Plan Rows": 1,
      "Plan Width": 8,
      "Actual Startup Time": 88.268,
      "Actual Total Time": 93.518,
      "Actual Rows": 1,
      "Actual Loops": 1,
      "Plans": [
        {
          "Node Type": "Gather",
          "Parent Relationship": "Outer",
          "Parallel Aware": false,
          "Startup Cost": 31008.07,
          "Total Cost": 31008.38,
          "Plan Rows": 3,
          "Plan Width": 8,
          "Actual Startup Time": 88.202,
          "Actual Total Time": 93.514,
          "Actual Rows": 4,
          "Actual Loops": 1,
          "Workers Planned": 3,
          "Workers Launched": 3,
          "Single Copy": false,
          "Plans": [
            {
              "Node Type": "Aggregate",
              "Strategy": "Plain",
              "Partial Mode": "Partial",
              "Parent Relationship": "Outer",
              "Parallel Aware": false,
              "Startup Cost": 30008.07,
              "Total Cost": 30008.08,
              "Plan Rows": 1,
              "Plan Width": 8,
              "Actual Startup Time": 81.04,
              "Actual Total Time": 81.041,
              "Actual Rows": 1,
              "Actual Loops": 4,
              "Plans": [
                {
                  "Node Type": "Seq Scan",
                  "Parent Relationship": "Outer",
                  "Parallel Aware": true,
                  "Relation Name": "movie_companies",
                  "Alias": "mc",
                  "Startup Cost": 0.0,
                  "Total Cost": 29310.68,
                  "Plan Rows": 278957,
                  "Plan Width": 0,
                  "Actual Startup Time": 0.049,
                  "Actual Total Time": 68.523,
                  "Actual Rows": 215450,
                  "Actual Loops": 4,
                  "Filter": "(company_id < 2516)",
                  "Rows Removed by Filter": 436832
                }
              ]
            }
          ]
        }
      ]
    },
    "Planning Time": 0.083,
    "Triggers": [],
    "Execution Time": 93.544
  }
]