[
  {
    "Plan": {
      "Node Type": "Aggregate",
      "Strategy": "Plain",
      "Partial Mode": "Finalize",
      "Parallel Aware": false,
      "Startup Cost": 44764.5,
      "Total Cost": 44764.51,
      "Plan Rows": 1,
      "Plan Width": 8,
      "Actual Startup Time": 116.521,
      "Actual Total Time": 126.258,
      "Actual Rows": 1,
      "Actual Loops": 1,
      "Plans": [
        {
          "Node Type": "Gather",
          "Parent Relationship": "Outer",
          "Parallel Aware": false,
          "Startup Cost": 44764.18,
          "Total Cost": 44764.49,
          "Plan Rows": 3,
          "Plan Width": 8,
          "Actual Startup Time": 116.399,
          "Actual Total Time": 126.25,
          "Actual Rows": 4,
          "Actual Loops": 1,
          "Workers Planned": 3,
          "Workers Launched": 3,
          "Single Copy": false,
          "Plans": [
            {
              "Node Type": "Aggregate",
              "Strategy": "Plain",
              "Partial Mode": "Partial",
              "Parent Relationship": "Outer",
              "Parallel Aware": false,
              "Startup Cost": 43764.18,
              "Total Cost": 43764.19,
              "Plan Rows": 1,
              "Plan Width": 8,
              "Actual Startup Time": 112.379,
              "Actual Total Time": 112.38,
              "Actual Rows": 1,
              "Actual Loops": 4,
              "Plans": [
                {
                  "Node Type": "Seq Scan",
                  "Parent Relationship": "Outer",
                  "Parallel Aware": true,
                  "Relation Name": "movie_keyword",
                  "Alias": "mk",
                  "Startup Cost": 0.0,
                  "Total Cost": 42695.65,
                  "Plan Rows": 427410,
                  "Plan Width": 0,
                  "Actual Startup Time": 1.296,
                  "Actual Total Time": 97.513,
                  "Actual Rows": 330858,
                  "Actual Loops": 4,
                  "Filter": "(keyword_id > 13075)",
                  "Rows Removed by Filter": 800124
                }
              ]
            }
          ]
        }
      ]
    },
    "Planning Time": 0.139,
    "Triggers": [],
    "Execution Time": 126.295
  }
]