[
  {
    "Plan": {
      "Node Type": "Aggregate",
      "Strategy": "Plain",
      "Partial Mode": "Finalize",
      "Parallel Aware": false,
      "Startup Cost": 31626.4,
      "Total Cost": 31626.41,
      "Plan Rows": 1,
      "Plan Width": 8,
      "Actual Startup Time": 120.862,
      "Actual Total Time": 128.359,
      "Actual Rows": 1,
      "Actual Loops": 1,
      "Plans": [
        {
          "Node Type": "Gather",
          "Parent Relationship": "Outer",
          "Parallel Aware": false,
          "Startup Cost": 31626.08,
          "Total Cost": 31626.39,
          "Plan Rows": 3,
          "Plan Width": 8,
          "Actual Startup Time": 120.724,
          "Actual Total Time": 128.353,
          "Actual Rows": 4,
          "Actual Loops": 1,
          "Workers Planned": 3,
          "Workers Launched": 3,
          "Single Copy": false,
          "Plans": [
            {
              "Node Type": "Aggregate",
              "Strategy": "Plain",
              "Partial Mode": "Partial",
              "Parent Relationship": "Outer",
              "Parallel Aware": false,
              "Startup Cost": 30626.08,
              "Total Cost": 30626.09,
              "Plan Rows": 1,
              "Plan Width": 8,
              "Actual Startup Time": 115.418,
              "Actual Total Time": 115.419,
              "Actual Rows": 1,
              "Actual Loops": 4,
              "Plans": [
                {
                  "Node Type": "Seq Scan",
                  "Parent Relationship": "Outer",
                  "Parallel Aware": true,
                  "Relation Name": "movie_companies",
                  "Alias": "mc",
                  "Startup Cost": 0.0,
                  "Total Cost": 29310.68,
                  "Plan Rows": 526160,
                  "Plan Width": 0,
                  "Actual Startup Time": 0.031,
                  "Actual Total Time": 90.662,
                  "Actual Rows": 410246,
                  "Actual Loops": 4,
                  "Filter": "(company_id < 17790)",
                  "Rows Removed by Filter": 242036
                }
              ]
            }
          ]
        }
      ]
    },
    "Planning Time": 0.191,
    "Triggers": [],
    "Execution Time": 128.412
  }
]