[
  {
    "Plan": {
      "Node Type": "Aggregate",
      "Strategy": "Plain",
      "Partial Mode": "Simple",
      "Parallel Aware": false,
      "Startup Cost": 28324.22,
      "Total Cost": 28324.23,
      "Plan Rows": 1,
      "Plan Width": 8,
      "Actual Startup Time": 67.689,
      "Actual Total Time": 67.691,
      "Actual Rows": 1,
      "Actual Loops": 1,
      "Plans": [
        {
          "Node Type": "Bitmap Heap Scan",
          "Parent Relationship": "Outer",
          "Parallel Aware": false,
          "Relation Name": "movie_keyword",
          "Alias": "mk",
          "Startup Cost": 2268.16,
          "Total Cost": 28057.21,
          "Plan Rows": 106804,
          "Plan Width": 0,
          "Actual Startup Time": 23.455,
          "Actual Total Time": 62.785,
          "Actual Rows": 106191,
          "Actual Loops": 1,
          "Recheck Cond": "(keyword_id > 80897)",
          "Rows Removed by Index Recheck": 0,
          "Exact Heap Blocks": 17652,
          "Lossy Heap Blocks": 0,
          "Plans": [
            {
              "Node Type": "Bitmap Index Scan",
              "Parent Relationship": "Outer",
              "Parallel Aware": false,
              "Index Name": "keyword_id_movie_keyword",
              "Startup Cost": 0.0,
              "Total Cost": 2241.46,
              "Plan Rows": 106804,
              "Plan Width": 0,
              "Actual Startup Time": 18.263,
              "Actual Total Time": 18.263,
              "Actual Rows": 106191,
              "Actual Loops": 1,
              "Index Cond": "(keyword_id > 80897)"
            }
          ]
        }
      ]
    },
    "Planning Time": 0.139,
    "Triggers": [],
    "Execution Time": 67.741
  }
]