{
  "Plan": {
    "Node Type": "Aggregate",
    "Strategy": "Plain",
    "Partial Mode": "Finalize",
    "Parallel Aware": false,
    "Startup Cost": 704968.84,
    "Total Cost": 704968.85,
    "Plan Rows": 1,
    "Plan Width": 8,
    "Actual Startup Time": 5071.672,
    "Actual Total Time": 5128.104,
    "Actual Rows": 1,
    "Actual Loops": 1,
    "Plans": [
      {
        "Node Type": "Gather",
        "Parent Relationship": "Outer",
        "Parallel Aware": false,
        "Startup Cost": 704968.72,
        "Total Cost": 704968.83,
        "Plan Rows": 1,
        "Plan Width": 8,
        "Actual Startup Time": 5068.208,
        "Actual Total Time": 5128.096,
        "Actual Rows": 2,
        "Actual Loops": 1,
        "Workers Planned": 1,
        "Workers Launched": 1,
        "Single Copy": false,
        "Plans": [
          {
            "Node Type": "Aggregate",
            "Strategy": "Plain",
            "Partial Mode": "Partial",
            "Parent Relationship": "Outer",
            "Parallel Aware": false,
            "Startup Cost": 703968.72,
            "Total Cost": 703968.73,
            "Plan Rows": 1,
            "Plan Width": 8,
            "Actual Startup Time": 5054.407,
            "Actual Total Time": 5054.412,
            "Actual Rows": 1,
            "Actual Loops": 2,
            "Plans": [
              {
                "Node Type": "Hash Join",
                "Parent Relationship": "Outer",
                "Parallel Aware": true,
                "Join Type": "Inner",
                "Startup Cost": 116237.6,
                "Total Cost": 699553.29,
                "Plan Rows": 1766175,
                "Plan Width": 0,
                "Actual Startup Time": 687.273,
                "Actual Total Time": 4985.412,
                "Actual Rows": 1602563,
                "Actual Loops": 2,
                "Inner Unique": false,
                "Hash Cond": "(t.id = mc.movie_id)",
                "Plans": [
                  {
                    "Node Type": "Hash Join",
                    "Parent Relationship": "Outer",
                    "Parallel Aware": true,
                    "Join Type": "Inner",
                    "Startup Cost": 60427.78,
                    "Total Cost": 621848.11,
                    "Plan Rows": 1840975,
                    "Plan Width": 8,
                    "Actual Startup Time": 188.199,
                    "Actual Total Time": 3785.225,
                    "Actual Rows": 1506058,
                    "Actual Loops": 2,
                    "Inner Unique": true,
                    "Hash Cond": "(ci.movie_id = t.id)",
                    "Plans": [
                      {
                        "Node Type": "Seq Scan",
                        "Parent Relationship": "Outer",
                        "Parallel Aware": true,
                        "Relation Name": "cast_info",
                        "Alias": "ci",
                        "Startup Cost": 0.0,
                        "Total Cost": 519069.44,
                        "Plan Rows": 16133647,
                        "Plan Width": 4,
                        "Actual Startup Time": 0.013,
                        "Actual Total Time": 1622.87,
                        "Actual Rows": 13758862,
                        "Actual Loops": 2,
                        "Filter": "(person_id < 2817796)",
                        "Rows Removed by Filter": 4363310
                      },
                      {
                        "Node Type": "Hash",
                        "Parent Relationship": "Inner",
                        "Parallel Aware": true,
                        "Startup Cost": 58306.47,
                        "Total Cost": 58306.47,
                        "Plan Rows": 169705,
                        "Plan Width": 4,
                        "Actual Startup Time": 187.22,
                        "Actual Total Time": 187.221,
                        "Actual Rows": 146337,
                        "Actual Loops": 2,
                        "Hash Buckets": 524288,
                        "Original Hash Buckets": 524288,
                        "Hash Batches": 1,
                        "Original Hash Batches": 1,
                        "Peak Memory Usage": 15584,
                        "Plans": [
                          {
                            "Node Type": "Seq Scan",
                            "Parent Relationship": "Outer",
                            "Parallel Aware": true,
                            "Relation Name": "title",
                            "Alias": "t",
                            "Startup Cost": 0.0,
                            "Total Cost": 58306.47,
                            "Plan Rows": 169705,
                            "Plan Width": 4,
                            "Actual Startup Time": 0.019,
                            "Actual Total Time": 143.272,
                            "Actual Rows": 146337,
                            "Actual Loops": 2,
                            "Filter": "((kind_id > 1) AND (production_year > 2010))",
                            "Rows Removed by Filter": 1117819
                          }
                        ]
                      }
                    ]
                  },
                  {
                    "Node Type": "Hash",
                    "Parent Relationship": "Inner",
                    "Parallel Aware": true,
                    "Startup Cost": 37974.77,
                    "Total Cost": 37974.77,
                    "Plan Rows": 1426804,
                    "Plan Width": 4,
                    "Actual Startup Time": 475.981,
                    "Actual Total Time": 475.982,
                    "Actual Rows": 1214990,
                    "Actual Loops": 2,
                    "Hash Buckets": 4194304,
                    "Original Hash Buckets": 4194304,
                    "Hash Batches": 1,
                    "Original Hash Batches": 1,
                    "Peak Memory Usage": 127840,
                    "Plans": [
                      {
                        "Node Type": "Seq Scan",
                        "Parent Relationship": "Outer",
                        "Parallel Aware": true,
                        "Relation Name": "movie_companies",
                        "Alias": "mc",
                        "Startup Cost": 0.0,
                        "Total Cost": 37974.77,
                        "Plan Rows": 1426804,
                        "Plan Width": 4,
                        "Actual Startup Time": 0.054,
                        "Actual Total Time": 159.281,
                        "Actual Rows": 1214990,
                        "Actual Loops": 2,
                        "Filter": "(company_id < 120635)",
                        "Rows Removed by Filter": 89575
                      }
                    ]
                  }
                ]
              }
            ]
          }
        ]
      }
    ]
  },
  "Planning Time": 1.05,
  "Triggers": [],
  "Execution Time": 5128.192
}