[
    {
        "Bao": {
            "Bao prediction": 504.532,
            "Bao recommended hint": "(no hint)"
        }
    },
    {
        "Plan": {
            "Node Type": "Aggregate",
            "Strategy": "Plain",
            "Partial Mode": "Finalize",
            "Parallel Aware": false,
            "Startup Cost": 337410.09,
            "Total Cost": 337410.1,
            "Plan Rows": 1,
            "Plan Width": 8,
            "Actual Startup Time": 973.895,
            "Actual Total Time": 1009.739,
            "Actual Rows": 1,
            "Actual Loops": 1,
            "Output": [
                "count(*)"
            ],
            "Plans": [
                {
                    "Node Type": "Gather",
                    "Parent Relationship": "Outer",
                    "Parallel Aware": false,
                    "Startup Cost": 337409.46,
                    "Total Cost": 337410.07,
                    "Plan Rows": 6,
                    "Plan Width": 8,
                    "Actual Startup Time": 973.808,
                    "Actual Total Time": 1009.73,
                    "Actual Rows": 7,
                    "Actual Loops": 1,
                    "Output": [
                        "(PARTIAL count(*))"
                    ],
                    "Workers Planned": 6,
                    "Workers Launched": 6,
                    "Single Copy": false,
                    "Plans": [
                        {
                            "Node Type": "Aggregate",
                            "Strategy": "Plain",
                            "Partial Mode": "Partial",
                            "Parent Relationship": "Outer",
                            "Parallel Aware": false,
                            "Startup Cost": 336409.46,
                            "Total Cost": 336409.47,
                            "Plan Rows": 1,
                            "Plan Width": 8,
                            "Actual Startup Time": 964.141,
                            "Actual Total Time": 964.142,
                            "Actual Rows": 1,
                            "Actual Loops": 7,
                            "Output": [
                                "PARTIAL count(*)"
                            ],
                            "Workers": [
                                {
                                    "Worker Number": 0,
                                    "Actual Startup Time": 962.101,
                                    "Actual Total Time": 962.102,
                                    "Actual Rows": 1,
                                    "Actual Loops": 1
                                },
                                {
                                    "Worker Number": 1,
                                    "Actual Startup Time": 962.099,
                                    "Actual Total Time": 962.1,
                                    "Actual Rows": 1,
                                    "Actual Loops": 1
                                },
                                {
                                    "Worker Number": 2,
                                    "Actual Startup Time": 962.751,
                                    "Actual Total Time": 962.752,
                                    "Actual Rows": 1,
                                    "Actual Loops": 1
                                },
                                {
                                    "Worker Number": 3,
                                    "Actual Startup Time": 962.729,
                                    "Actual Total Time": 962.73,
                                    "Actual Rows": 1,
                                    "Actual Loops": 1
                                },
                                {
                                    "Worker Number": 4,
                                    "Actual Startup Time": 963.103,
                                    "Actual Total Time": 963.104,
                                    "Actual Rows": 1,
                                    "Actual Loops": 1
                                },
                                {
                                    "Worker Number": 5,
                                    "Actual Startup Time": 963.227,
                                    "Actual Total Time": 963.228,
                                    "Actual Rows": 1,
                                    "Actual Loops": 1
                                }
                            ],
                            "Plans": [
                                {
                                    "Node Type": "Seq Scan",
                                    "Parent Relationship": "Outer",
                                    "Parallel Aware": true,
                                    "Relation Name": "cast_info",
                                    "Schema": "public",
                                    "Alias": "ci",
                                    "Startup Cost": 0.0,
                                    "Total Cost": 328213.62,
                                    "Plan Rows": 3278338,
                                    "Plan Width": 0,
                                    "Actual Startup Time": 232.494,
                                    "Actual Total Time": 777.188,
                                    "Actual Rows": 2818036,
                                    "Actual Loops": 7,
                                    "Output": [
                                        "id",
                                        "person_id",
                                        "movie_id",
                                        "person_role_id",
                                        "note",
                                        "nr_order",
                                        "role_id"
                                    ],
                                    "Filter": "(ci.person_id > 1635477)",
                                    "Rows Removed by Filter": 2359727,
                                    "Workers": [
                                        {
                                            "Worker Number": 0,
                                            "Actual Startup Time": 230.461,
                                            "Actual Total Time": 782.094,
                                            "Actual Rows": 2735444,
                                            "Actual Loops": 1
                                        },
                                        {
                                            "Worker Number": 1,
                                            "Actual Startup Time": 230.457,
                                            "Actual Total Time": 783.087,
                                            "Actual Rows": 2692916,
                                            "Actual Loops": 1
                                        },
                                        {
                                            "Worker Number": 2,
                                            "Actual Startup Time": 231.099,
                                            "Actual Total Time": 781.663,
                                            "Actual Rows": 2748078,
                                            "Actual Loops": 1
                                        },
                                        {
                                            "Worker Number": 3,
                                            "Actual Startup Time": 231.103,
                                            "Actual Total Time": 781.383,
                                            "Actual Rows": 2754826,
                                            "Actual Loops": 1
                                        },
                                        {
                                            "Worker Number": 4,
                                            "Actual Startup Time": 231.463,
                                            "Actual Total Time": 782.64,
                                            "Actual Rows": 2737880,
                                            "Actual Loops": 1
                                        },
                                        {
                                            "Worker Number": 5,
                                            "Actual Startup Time": 231.55,
                                            "Actual Total Time": 782.815,
                                            "Actual Rows": 2742448,
                                            "Actual Loops": 1
                                        }
                                    ]
                                }
                            ]
                        }
                    ]
                }
            ]
        },
        "Planning Time": 2020.085,
        "Triggers": [],
        "Execution Time": 1009.859
    }
]