[
    {
        "Bao": {
            "Bao prediction": "NaN",
            "Bao recommended hint": "(no hint)"
        }
    },
    {
        "Plan": {
            "Node Type": "Aggregate",
            "Strategy": "Plain",
            "Partial Mode": "Finalize",
            "Parallel Aware": false,
            "Startup Cost": 40828.3,
            "Total Cost": 40828.31,
            "Plan Rows": 1,
            "Plan Width": 8,
            "Actual Startup Time": 129.538,
            "Actual Total Time": 136.662,
            "Actual Rows": 1,
            "Actual Loops": 1,
            "Output": [
                "count(*)"
            ],
            "Plans": [
                {
                    "Node Type": "Gather",
                    "Parent Relationship": "Outer",
                    "Parallel Aware": false,
                    "Startup Cost": 40827.99,
                    "Total Cost": 40828.3,
                    "Plan Rows": 3,
                    "Plan Width": 8,
                    "Actual Startup Time": 129.331,
                    "Actual Total Time": 136.655,
                    "Actual Rows": 4,
                    "Actual Loops": 1,
                    "Output": [
                        "(PARTIAL count(*))"
                    ],
                    "Workers Planned": 3,
                    "Workers Launched": 3,
                    "Single Copy": false,
                    "Plans": [
                        {
                            "Node Type": "Aggregate",
                            "Strategy": "Plain",
                            "Partial Mode": "Partial",
                            "Parent Relationship": "Outer",
                            "Parallel Aware": false,
                            "Startup Cost": 39827.99,
                            "Total Cost": 39828.0,
                            "Plan Rows": 1,
                            "Plan Width": 8,
                            "Actual Startup Time": 121.019,
                            "Actual Total Time": 121.02,
                            "Actual Rows": 1,
                            "Actual Loops": 4,
                            "Output": [
                                "PARTIAL count(*)"
                            ],
                            "Workers": [
                                {
                                    "Worker Number": 0,
                                    "Actual Startup Time": 118.133,
                                    "Actual Total Time": 118.135,
                                    "Actual Rows": 1,
                                    "Actual Loops": 1
                                },
                                {
                                    "Worker Number": 1,
                                    "Actual Startup Time": 118.26,
                                    "Actual Total Time": 118.262,
                                    "Actual Rows": 1,
                                    "Actual Loops": 1
                                },
                                {
                                    "Worker Number": 2,
                                    "Actual Startup Time": 118.673,
                                    "Actual Total Time": 118.675,
                                    "Actual Rows": 1,
                                    "Actual Loops": 1
                                }
                            ],
                            "Plans": [
                                {
                                    "Node Type": "Bitmap Heap Scan",
                                    "Parent Relationship": "Outer",
                                    "Parallel Aware": true,
                                    "Relation Name": "movie_keyword",
                                    "Schema": "public",
                                    "Alias": "mk",
                                    "Startup Cost": 12518.3,
                                    "Total Cost": 39352.04,
                                    "Plan Rows": 190379,
                                    "Plan Width": 0,
                                    "Actual Startup Time": 41.087,
                                    "Actual Total Time": 113.088,
                                    "Actual Rows": 146071,
                                    "Actual Loops": 4,
                                    "Recheck Cond": "(mk.keyword_id > 31406)",
                                    "Rows Removed by Index Recheck": 0,
                                    "Exact Heap Blocks": 10007,
                                    "Lossy Heap Blocks": 0,
                                    "Workers": [
                                        {
                                            "Worker Number": 0,
                                            "Actual Startup Time": 38.431,
                                            "Actual Total Time": 110.87,
                                            "Actual Rows": 113368,
                                            "Actual Loops": 1
                                        },
                                        {
                                            "Worker Number": 1,
                                            "Actual Startup Time": 38.754,
                                            "Actual Total Time": 111.171,
                                            "Actual Rows": 113010,
                                            "Actual Loops": 1
                                        },
                                        {
                                            "Worker Number": 2,
                                            "Actual Startup Time": 38.618,
                                            "Actual Total Time": 111.685,
                                            "Actual Rows": 106504,
                                            "Actual Loops": 1
                                        }
                                    ],
                                    "Plans": [
                                        {
                                            "Node Type": "Bitmap Index Scan",
                                            "Parent Relationship": "Outer",
                                            "Parallel Aware": false,
                                            "Index Name": "keyword_id_movie_keyword",
                                            "Startup Cost": 0.0,
                                            "Total Cost": 12370.75,
                                            "Plan Rows": 590176,
                                            "Plan Width": 0,
                                            "Actual Startup Time": 45.143,
                                            "Actual Total Time": 45.144,
                                            "Actual Rows": 584285,
                                            "Actual Loops": 1,
                                            "Index Cond": "(mk.keyword_id > 31406)"
                                        }
                                    ]
                                }
                            ]
                        }
                    ]
                }
            ]
        },
        "Planning Time": 184.315,
        "Triggers": [],
        "Execution Time": 136.729
    }
]