[
  {
    "Plan": {
      "Node Type": "Aggregate",
      "Strategy": "Plain",
      "Partial Mode": "Finalize",
      "Parallel Aware": false,
      "Startup Cost": 332870.43,
      "Total Cost": 332870.44,
      "Plan Rows": 1,
      "Plan Width": 8,
      "Actual Startup Time": 629.467,
      "Actual Total Time": 675.623,
      "Actual Rows": 1,
      "Actual Loops": 1,
      "Plans": [
        {
          "Node Type": "Gather",
          "Parent Relationship": "Outer",
          "Parallel Aware": false,
          "Startup Cost": 332869.81,
          "Total Cost": 332870.42,
          "Plan Rows": 6,
          "Plan Width": 8,
          "Actual Startup Time": 629.234,
          "Actual Total Time": 675.602,
          "Actual Rows": 7,
          "Actual Loops": 1,
          "Workers Planned": 6,
          "Workers Launched": 6,
          "Single Copy": false,
          "Plans": [
            {
              "Node Type": "Aggregate",
              "Strategy": "Plain",
              "Partial Mode": "Partial",
              "Parent Relationship": "Outer",
              "Parallel Aware": false,
              "Startup Cost": 331869.81,
              "Total Cost": 331869.82,
              "Plan Rows": 1,
              "Plan Width": 8,
              "Actual Startup Time": 619.634,
              "Actual Total Time": 619.636,
              "Actual Rows": 1,
              "Actual Loops": 7,
              "Plans": [
                {
                  "Node Type": "Seq Scan",
                  "Parent Relationship": "Outer",
                  "Parallel Aware": true,
                  "Relation Name": "cast_info",
                  "Alias": "ci",
                  "Startup Cost": 0.0,
                  "Total Cost": 328211.39,
                  "Plan Rows": 1463367,
                  "Plan Width": 0,
                  "Actual Startup Time": 0.062,
                  "Actual Total Time": 558.379,
                  "Actual Rows": 1262696,
                  "Actual Loops": 7,
                  "Filter": "(person_id < 869769)",
                  "Rows Removed by Filter": 3915067
                }
              ]
            }
          ]
        }
      ]
    },
    "Planning Time": 0.201,
    "Triggers": [],
    "Execution Time": 675.691
  }
]