[
    {
        "Bao": {
            "Bao prediction": 450.329,
            "Bao recommended hint": "(no hint)"
        }
    },
    {
        "Plan": {
            "Node Type": "Aggregate",
            "Strategy": "Plain",
            "Partial Mode": "Finalize",
            "Parallel Aware": false,
            "Startup Cost": 33086.24,
            "Total Cost": 33086.25,
            "Plan Rows": 1,
            "Plan Width": 8,
            "Actual Startup Time": 126.726,
            "Actual Total Time": 135.025,
            "Actual Rows": 1,
            "Actual Loops": 1,
            "Output": [
                "count(*)"
            ],
            "Plans": [
                {
                    "Node Type": "Gather",
                    "Parent Relationship": "Outer",
                    "Parallel Aware": false,
                    "Startup Cost": 33085.92,
                    "Total Cost": 33086.23,
                    "Plan Rows": 3,
                    "Plan Width": 8,
                    "Actual Startup Time": 126.628,
                    "Actual Total Time": 135.017,
                    "Actual Rows": 4,
                    "Actual Loops": 1,
                    "Output": [
                        "(PARTIAL count(*))"
                    ],
                    "Workers Planned": 3,
                    "Workers Launched": 3,
                    "Single Copy": false,
                    "Plans": [
                        {
                            "Node Type": "Aggregate",
                            "Strategy": "Plain",
                            "Partial Mode": "Partial",
                            "Parent Relationship": "Outer",
                            "Parallel Aware": false,
                            "Startup Cost": 32085.92,
                            "Total Cost": 32085.93,
                            "Plan Rows": 1,
                            "Plan Width": 8,
                            "Actual Startup Time": 119.037,
                            "Actual Total Time": 119.038,
                            "Actual Rows": 1,
                            "Actual Loops": 4,
                            "Output": [
                                "PARTIAL count(*)"
                            ],
                            "Workers": [
                                {
                                    "Worker Number": 0,
                                    "Actual Startup Time": 116.601,
                                    "Actual Total Time": 116.602,
                                    "Actual Rows": 1,
                                    "Actual Loops": 1
                                },
                                {
                                    "Worker Number": 1,
                                    "Actual Startup Time": 116.684,
                                    "Actual Total Time": 116.685,
                                    "Actual Rows": 1,
                                    "Actual Loops": 1
                                },
                                {
                                    "Worker Number": 2,
                                    "Actual Startup Time": 116.799,
                                    "Actual Total Time": 116.8,
                                    "Actual Rows": 1,
                                    "Actual Loops": 1
                                }
                            ],
                            "Plans": [
                                {
                                    "Node Type": "Seq Scan",
                                    "Parent Relationship": "Outer",
                                    "Parallel Aware": true,
                                    "Relation Name": "movie_companies",
                                    "Schema": "public",
                                    "Alias": "mc",
                                    "Startup Cost": 0.0,
                                    "Total Cost": 31414.82,
                                    "Plan Rows": 268442,
                                    "Plan Width": 0,
                                    "Actual Startup Time": 56.948,
                                    "Actual Total Time": 109.61,
                                    "Actual Rows": 130934,
                                    "Actual Loops": 4,
                                    "Output": [
                                        "id",
                                        "movie_id",
                                        "company_id",
                                        "company_type_id",
                                        "note"
                                    ],
                                    "Filter": "((mc.company_id < 17419) AND (mc.company_type_id > 1))",
                                    "Rows Removed by Filter": 521348,
                                    "Workers": [
                                        {
                                            "Worker Number": 0,
                                            "Actual Startup Time": 54.509,
                                            "Actual Total Time": 107.633,
                                            "Actual Rows": 90200,
                                            "Actual Loops": 1
                                        },
                                        {
                                            "Worker Number": 1,
                                            "Actual Startup Time": 54.599,
                                            "Actual Total Time": 107.169,
                                            "Actual Rows": 140710,
                                            "Actual Loops": 1
                                        },
                                        {
                                            "Worker Number": 2,
                                            "Actual Startup Time": 54.712,
                                            "Actual Total Time": 107.188,
                                            "Actual Rows": 142687,
                                            "Actual Loops": 1
                                        }
                                    ]
                                }
                            ]
                        }
                    ]
                }
            ]
        },
        "Planning Time": 2557.482,
        "Triggers": [],
        "Execution Time": 135.109
    }
]