{
    "Plan": {
        "Node Type": "Aggregate",
        "Strategy": "Plain",
        "Partial Mode": "Finalize",
        "Parallel Aware": false,
        "Startup Cost": 230020.46,
        "Total Cost": 230020.47,
        "Plan Rows": 1,
        "Plan Width": 8,
        "Actual Startup Time": 1202.753,
        "Actual Total Time": 1255.118,
        "Actual Rows": 1,
        "Actual Loops": 1,
        "Output": [
            "count(*)"
        ],
        "Plans": [
            {
                "Node Type": "Gather",
                "Parent Relationship": "Outer",
                "Parallel Aware": false,
                "Startup Cost": 230020.04,
                "Total Cost": 230020.45,
                "Plan Rows": 4,
                "Plan Width": 8,
                "Actual Startup Time": 1200.584,
                "Actual Total Time": 1255.108,
                "Actual Rows": 5,
                "Actual Loops": 1,
                "Output": [
                    "(PARTIAL count(*))"
                ],
                "Workers Planned": 4,
                "Workers Launched": 4,
                "Single Copy": false,
                "Plans": [
                    {
                        "Node Type": "Aggregate",
                        "Strategy": "Plain",
                        "Partial Mode": "Partial",
                        "Parent Relationship": "Outer",
                        "Parallel Aware": false,
                        "Startup Cost": 229020.04,
                        "Total Cost": 229020.05,
                        "Plan Rows": 1,
                        "Plan Width": 8,
                        "Actual Startup Time": 1190.418,
                        "Actual Total Time": 1190.421,
                        "Actual Rows": 1,
                        "Actual Loops": 5,
                        "Output": [
                            "PARTIAL count(*)"
                        ],
                        "Workers": [
                            {
                                "Worker Number": 0,
                                "Actual Startup Time": 1187.74,
                                "Actual Total Time": 1187.743,
                                "Actual Rows": 1,
                                "Actual Loops": 1
                            },
                            {
                                "Worker Number": 1,
                                "Actual Startup Time": 1187.698,
                                "Actual Total Time": 1187.701,
                                "Actual Rows": 1,
                                "Actual Loops": 1
                            },
                            {
                                "Worker Number": 2,
                                "Actual Startup Time": 1188.118,
                                "Actual Total Time": 1188.12,
                                "Actual Rows": 1,
                                "Actual Loops": 1
                            },
                            {
                                "Worker Number": 3,
                                "Actual Startup Time": 1188.761,
                                "Actual Total Time": 1188.764,
                                "Actual Rows": 1,
                                "Actual Loops": 1
                            }
                        ],
                        "Plans": [
                            {
                                "Node Type": "Nested Loop",
                                "Parent Relationship": "Outer",
                                "Parallel Aware": false,
                                "Join Type": "Inner",
                                "Startup Cost": 17512.54,
                                "Total Cost": 227809.22,
                                "Plan Rows": 484328,
                                "Plan Width": 0,
                                "Actual Startup Time": 75.821,
                                "Actual Total Time": 1148.665,
                                "Actual Rows": 932818,
                                "Actual Loops": 5,
                                "Inner Unique": false,
                                "Workers": [
                                    {
                                        "Worker Number": 0,
                                        "Actual Startup Time": 73.332,
                                        "Actual Total Time": 1148.196,
                                        "Actual Rows": 872522,
                                        "Actual Loops": 1
                                    },
                                    {
                                        "Worker Number": 1,
                                        "Actual Startup Time": 73.217,
                                        "Actual Total Time": 1147.002,
                                        "Actual Rows": 890030,
                                        "Actual Loops": 1
                                    },
                                    {
                                        "Worker Number": 2,
                                        "Actual Startup Time": 73.189,
                                        "Actual Total Time": 1147.966,
                                        "Actual Rows": 881231,
                                        "Actual Loops": 1
                                    },
                                    {
                                        "Worker Number": 3,
                                        "Actual Startup Time": 74.247,
                                        "Actual Total Time": 1147.187,
                                        "Actual Rows": 926875,
                                        "Actual Loops": 1
                                    }
                                ],
                                "Plans": [
                                    {
                                        "Node Type": "Hash Join",
                                        "Parent Relationship": "Outer",
                                        "Parallel Aware": true,
                                        "Join Type": "Inner",
                                        "Startup Cost": 17512.11,
                                        "Total Cost": 63472.04,
                                        "Plan Rows": 82991,
                                        "Plan Width": 8,
                                        "Actual Startup Time": 75.717,
                                        "Actual Total Time": 306.914,
                                        "Actual Rows": 65007,
                                        "Actual Loops": 5,
                                        "Output": [
                                            "t.id",
                                            "mi_idx.movie_id"
                                        ],
                                        "Inner Unique": false,
                                        "Hash Cond": "(t.id = mi_idx.movie_id)",
                                        "Workers": [
                                            {
                                                "Worker Number": 0,
                                                "Actual Startup Time": 73.2,
                                                "Actual Total Time": 302.733,
                                                "Actual Rows": 60541,
                                                "Actual Loops": 1
                                            },
                                            {
                                                "Worker Number": 1,
                                                "Actual Startup Time": 73.114,
                                                "Actual Total Time": 306.054,
                                                "Actual Rows": 61211,
                                                "Actual Loops": 1
                                            },
                                            {
                                                "Worker Number": 2,
                                                "Actual Startup Time": 73.059,
                                                "Actual Total Time": 308.491,
                                                "Actual Rows": 61882,
                                                "Actual Loops": 1
                                            },
                                            {
                                                "Worker Number": 3,
                                                "Actual Startup Time": 74.117,
                                                "Actual Total Time": 299.162,
                                                "Actual Rows": 64343,
                                                "Actual Loops": 1
                                            }
                                        ],
                                        "Plans": [
                                            {
                                                "Node Type": "Seq Scan",
                                                "Parent Relationship": "Outer",
                                                "Parallel Aware": true,
                                                "Relation Name": "title",
                                                "Schema": "public",
                                                "Alias": "t",
                                                "Startup Cost": 0.0,
                                                "Total Cost": 43899.01,
                                                "Plan Rows": 457370,
                                                "Plan Width": 4,
                                                "Actual Startup Time": 0.025,
                                                "Actual Total Time": 85.141,
                                                "Actual Rows": 366673,
                                                "Actual Loops": 5,
                                                "Output": [
                                                    "t.id",
                                                    "t.title",
                                                    "t.imdb_index",
                                                    "t.kind_id",
                                                    "t.production_year",
                                                    "t.imdb_id",
                                                    "t.phonetic_code",
                                                    "t.episode_of_id",
                                                    "t.season_nr",
                                                    "t.episode_nr",
                                                    "t.series_years",
                                                    "t.md5sum"
                                                ],
                                                "Filter": "(t.production_year > 1986)",
                                                "Rows Removed by Filter": 138989,
                                                "Workers": [
                                                    {
                                                        "Worker Number": 0,
                                                        "Actual Startup Time": 0.031,
                                                        "Actual Total Time": 88.066,
                                                        "Actual Rows": 339605,
                                                        "Actual Loops": 1
                                                    },
                                                    {
                                                        "Worker Number": 1,
                                                        "Actual Startup Time": 0.032,
                                                        "Actual Total Time": 87.902,
                                                        "Actual Rows": 343750,
                                                        "Actual Loops": 1
                                                    },
                                                    {
                                                        "Worker Number": 2,
                                                        "Actual Startup Time": 0.025,
                                                        "Actual Total Time": 88.824,
                                                        "Actual Rows": 349325,
                                                        "Actual Loops": 1
                                                    },
                                                    {
                                                        "Worker Number": 3,
                                                        "Actual Startup Time": 0.03,
                                                        "Actual Total Time": 87.639,
                                                        "Actual Rows": 361168,
                                                        "Actual Loops": 1
                                                    }
                                                ]
                                            },
                                            {
                                                "Node Type": "Hash",
                                                "Parent Relationship": "Inner",
                                                "Parallel Aware": true,
                                                "Startup Cost": 15122.68,
                                                "Total Cost": 15122.68,
                                                "Plan Rows": 191154,
                                                "Plan Width": 4,
                                                "Actual Startup Time": 72.962,
                                                "Actual Total Time": 72.963,
                                                "Actual Rows": 91985,
                                                "Actual Loops": 5,
                                                "Output": [
                                                    "mi_idx.movie_id"
                                                ],
                                                "Hash Buckets": 524288,
                                                "Original Hash Buckets": 524288,
                                                "Hash Batches": 1,
                                                "Original Hash Batches": 1,
                                                "Peak Memory Usage": 22176,
                                                "Workers": [
                                                    {
                                                        "Worker Number": 0,
                                                        "Actual Startup Time": 72.641,
                                                        "Actual Total Time": 72.642,
                                                        "Actual Rows": 86037,
                                                        "Actual Loops": 1
                                                    },
                                                    {
                                                        "Worker Number": 1,
                                                        "Actual Startup Time": 72.623,
                                                        "Actual Total Time": 72.624,
                                                        "Actual Rows": 85298,
                                                        "Actual Loops": 1
                                                    },
                                                    {
                                                        "Worker Number": 2,
                                                        "Actual Startup Time": 72.596,
                                                        "Actual Total Time": 72.597,
                                                        "Actual Rows": 87347,
                                                        "Actual Loops": 1
                                                    },
                                                    {
                                                        "Worker Number": 3,
                                                        "Actual Startup Time": 73.665,
                                                        "Actual Total Time": 73.666,
                                                        "Actual Rows": 84765,
                                                        "Actual Loops": 1
                                                    }
                                                ],
                                                "Plans": [
                                                    {
                                                        "Node Type": "Seq Scan",
                                                        "Parent Relationship": "Outer",
                                                        "Parallel Aware": true,
                                                        "Relation Name": "movie_info_idx",
                                                        "Schema": "public",
                                                        "Alias": "mi_idx",
                                                        "Startup Cost": 0.0,
                                                        "Total Cost": 15122.68,
                                                        "Plan Rows": 191154,
                                                        "Plan Width": 4,
                                                        "Actual Startup Time": 0.037,
                                                        "Actual Total Time": 37.521,
                                                        "Actual Rows": 91985,
                                                        "Actual Loops": 5,
                                                        "Output": [
                                                            "mi_idx.movie_id"
                                                        ],
                                                        "Filter": "(mi_idx.info_type_id < 100)",
                                                        "Rows Removed by Filter": 184022,
                                                        "Workers": [
                                                            {
                                                                "Worker Number": 0,
                                                                "Actual Startup Time": 0.044,
                                                                "Actual Total Time": 38.188,
                                                                "Actual Rows": 86037,
                                                                "Actual Loops": 1
                                                            },
                                                            {
                                                                "Worker Number": 1,
                                                                "Actual Startup Time": 0.032,
                                                                "Actual Total Time": 38.13,
                                                                "Actual Rows": 85298,
                                                                "Actual Loops": 1
                                                            },
                                                            {
                                                                "Worker Number": 2,
                                                                "Actual Startup Time": 0.042,
                                                                "Actual Total Time": 38.358,
                                                                "Actual Rows": 87347,
                                                                "Actual Loops": 1
                                                            },
                                                            {
                                                                "Worker Number": 3,
                                                                "Actual Startup Time": 0.044,
                                                                "Actual Total Time": 38.511,
                                                                "Actual Rows": 84765,
                                                                "Actual Loops": 1
                                                            }
                                                        ]
                                                    }
                                                ]
                                            }
                                        ]
                                    },
                                    {
                                        "Node Type": "Index Only Scan",
                                        "Parent Relationship": "Inner",
                                        "Parallel Aware": false,
                                        "Scan Direction": "Forward",
                                        "Index Name": "movie_id_movie_info",
                                        "Relation Name": "movie_info",
                                        "Schema": "public",
                                        "Alias": "mi",
                                        "Startup Cost": 0.43,
                                        "Total Cost": 1.59,
                                        "Plan Rows": 39,
                                        "Plan Width": 4,
                                        "Actual Startup Time": 0.004,
                                        "Actual Total Time": 0.012,
                                        "Actual Rows": 14,
                                        "Actual Loops": 325034,
                                        "Output": [
                                            "mi.movie_id"
                                        ],
                                        "Index Cond": "(mi.movie_id = t.id)",
                                        "Rows Removed by Index Recheck": 0,
                                        "Heap Fetches": 4664088,
                                        "Workers": [
                                            {
                                                "Worker Number": 0,
                                                "Actual Startup Time": 0.004,
                                                "Actual Total Time": 0.013,
                                                "Actual Rows": 14,
                                                "Actual Loops": 60541
                                            },
                                            {
                                                "Worker Number": 1,
                                                "Actual Startup Time": 0.004,
                                                "Actual Total Time": 0.013,
                                                "Actual Rows": 15,
                                                "Actual Loops": 61211
                                            },
                                            {
                                                "Worker Number": 2,
                                                "Actual Startup Time": 0.004,
                                                "Actual Total Time": 0.012,
                                                "Actual Rows": 14,
                                                "Actual Loops": 61882
                                            },
                                            {
                                                "Worker Number": 3,
                                                "Actual Startup Time": 0.004,
                                                "Actual Total Time": 0.012,
                                                "Actual Rows": 14,
                                                "Actual Loops": 64343
                                            }
                                        ]
                                    }
                                ]
                            }
                        ]
                    }
                ]
            }
        ]
    },
    "Planning Time": 1.5,
    "Triggers": [],
    "Execution Time": 1255.221
}