[
  {
    "Plan": {
      "Node Type": "Aggregate",
      "Strategy": "Plain",
      "Partial Mode": "Finalize",
      "Parallel Aware": false,
      "Startup Cost": 75692.8,
      "Total Cost": 75692.81,
      "Plan Rows": 1,
      "Plan Width": 8,
      "Actual Startup Time": 207.759,
      "Actual Total Time": 223.375,
      "Actual Rows": 1,
      "Actual Loops": 1,
      "Plans": [
        {
          "Node Type": "Gather",
          "Parent Relationship": "Outer",
          "Parallel Aware": false,
          "Startup Cost": 75692.49,
          "Total Cost": 75692.8,
          "Plan Rows": 3,
          "Plan Width": 8,
          "Actual Startup Time": 207.285,
          "Actual Total Time": 223.367,
          "Actual Rows": 4,
          "Actual Loops": 1,
          "Workers Planned": 3,
          "Workers Launched": 3,
          "Single Copy": false,
          "Plans": [
            {
              "Node Type": "Aggregate",
              "Strategy": "Plain",
              "Partial Mode": "Partial",
              "Parent Relationship": "Outer",
              "Parallel Aware": false,
              "Startup Cost": 74692.49,
              "Total Cost": 74692.5,
              "Plan Rows": 1,
              "Plan Width": 8,
              "Actual Startup Time": 198.547,
              "Actual Total Time": 198.55,
              "Actual Rows": 1,
              "Actual Loops": 4,
              "Plans": [
                {
                  "Node Type": "Hash Join",
                  "Parent Relationship": "Outer",
                  "Parallel Aware": true,
                  "Join Type": "Inner",
                  "Startup Cost": 44248.4,
                  "Total Cost": 74646.67,
                  "Plan Rows": 18327,
                  "Plan Width": 0,
                  "Actual Startup Time": 102.906,
                  "Actual Total Time": 197.944,
                  "Actual Rows": 12626,
                  "Actual Loops": 4,
                  "Inner Unique": true,
                  "Hash Cond": "(mc.movie_id = t.id)",
                  "Plans": [
                    {
                      "Node Type": "Seq Scan",
                      "Parent Relationship": "Outer",
                      "Parallel Aware": true,
                      "Relation Name": "movie_companies",
                      "Alias": "mc",
                      "Startup Cost": 0.0,
                      "Total Cost": 29310.68,
                      "Plan Rows": 414318,
                      "Plan Width": 4,
                      "Actual Startup Time": 0.017,
                      "Actual Total Time": 61.036,
                      "Actual Rows": 318562,
                      "Actual Loops": 4,
                      "Filter": "(company_type_id < 2)",
                      "Rows Removed by Filter": 333721
                    },
                    {
                      "Node Type": "Hash",
                      "Parent Relationship": "Inner",
                      "Parallel Aware": true,
                      "Startup Cost": 43898.92,
                      "Total Cost": 43898.92,
                      "Plan Rows": 27959,
                      "Plan Width": 4,
                      "Actual Startup Time": 100.928,
                      "Actual Total Time": 100.929,
                      "Actual Rows": 27107,
                      "Actual Loops": 4,
                      "Hash Buckets": 131072,
                      "Original Hash Buckets": 131072,
                      "Hash Batches": 1,
                      "Original Hash Batches": 1,
                      "Peak Memory Usage": 5312,
                      "Plans": [
                        {
                          "Node Type": "Seq Scan",
                          "Parent Relationship": "Outer",
                          "Parallel Aware": true,
                          "Relation Name": "title",
                          "Alias": "t",
                          "Startup Cost": 0.0,
                          "Total Cost": 43898.92,
                          "Plan Rows": 27959,
                          "Plan Width": 4,
                          "Actual Startup Time": 0.045,
                          "Actual Total Time": 90.838,
                          "Actual Rows": 27107,
                          "Actual Loops": 4,
                          "Filter": "(production_year = 2006)",
                          "Rows Removed by Filter": 604971
                        }
                      ]
                    }
                  ]
                }
              ]
            }
          ]
        }
      ]
    },
    "Planning Time": 0.574,
    "Triggers": [],
    "Execution Time": 223.44
  }
]