[
  {
    "Plan": {
      "Node Type": "Aggregate",
      "Strategy": "Plain",
      "Partial Mode": "Finalize",
      "Parallel Aware": false,
      "Startup Cost": 40386.15,
      "Total Cost": 40386.16,
      "Plan Rows": 1,
      "Plan Width": 8,
      "Actual Startup Time": 135.175,
      "Actual Total Time": 145.597,
      "Actual Rows": 1,
      "Actual Loops": 1,
      "Plans": [
        {
          "Node Type": "Gather",
          "Parent Relationship": "Outer",
          "Parallel Aware": false,
          "Startup Cost": 40385.83,
          "Total Cost": 40386.14,
          "Plan Rows": 3,
          "Plan Width": 8,
          "Actual Startup Time": 134.85,
          "Actual Total Time": 145.589,
          "Actual Rows": 4,
          "Actual Loops": 1,
          "Workers Planned": 3,
          "Workers Launched": 3,
          "Single Copy": false,
          "Plans": [
            {
              "Node Type": "Aggregate",
              "Strategy": "Plain",
              "Partial Mode": "Partial",
              "Parent Relationship": "Outer",
              "Parallel Aware": false,
              "Startup Cost": 39385.83,
              "Total Cost": 39385.84,
              "Plan Rows": 1,
              "Plan Width": 8,
              "Actual Startup Time": 127.439,
              "Actual Total Time": 127.44,
              "Actual Rows": 1,
              "Actual Loops": 4,
              "Plans": [
                {
                  "Node Type": "Bitmap Heap Scan",
                  "Parent Relationship": "Outer",
                  "Parallel Aware": true,
                  "Relation Name": "movie_keyword",
                  "Alias": "mk",
                  "Startup Cost": 12158.45,
                  "Total Cost": 38923.6,
                  "Plan Rows": 184892,
                  "Plan Width": 0,
                  "Actual Startup Time": 39.834,
                  "Actual Total Time": 118.441,
                  "Actual Rows": 143299,
                  "Actual Loops": 4,
                  "Recheck Cond": "(keyword_id > 32069)",
                  "Rows Removed by Index Recheck": 0,
                  "Exact Heap Blocks": 11596,
                  "Lossy Heap Blocks": 0,
                  "Plans": [
                    {
                      "Node Type": "Bitmap Index Scan",
                      "Parent Relationship": "Outer",
                      "Parallel Aware": false,
                      "Index Name": "keyword_id_movie_keyword",
                      "Startup Cost": 0.0,
                      "Total Cost": 12015.16,
                      "Plan Rows": 573164,
                      "Plan Width": 0,
                      "Actual Startup Time": 43.207,
                      "Actual Total Time": 43.208,
                      "Actual Rows": 573197,
                      "Actual Loops": 1,
                      "Index Cond": "(keyword_id > 32069)"
                    }
                  ]
                }
              ]
            }
          ]
        }
      ]
    },
    "Planning Time": 0.112,
    "Triggers": [],
    "Execution Time": 145.645
  }
]