{
  "Plan": {
    "Node Type": "Aggregate",
    "Strategy": "Plain",
    "Partial Mode": "Simple",
    "Parallel Aware": false,
    "Startup Cost": 1044769.57,
    "Total Cost": 1044769.58,
    "Plan Rows": 1,
    "Plan Width": 128,
    "Actual Startup Time": 8230.385,
    "Actual Total Time": 8230.574,
    "Actual Rows": 1,
    "Actual Loops": 1,
    "Plans": [
      {
        "Node Type": "Merge Join",
        "Parent Relationship": "Outer",
        "Parallel Aware": false,
        "Join Type": "Inner",
        "Startup Cost": 1044736.45,
        "Total Cost": 1044765.43,
        "Plan Rows": 414,
        "Plan Width": 64,
        "Actual Startup Time": 8228.147,
        "Actual Total Time": 8229.621,
        "Actual Rows": 8144,
        "Actual Loops": 1,
        "Inner Unique": true,
        "Merge Cond": "(ci.role_id = rt.id)",
        "Plans": [
          {
            "Node Type": "Sort",
            "Parent Relationship": "Outer",
            "Parallel Aware": false,
            "Startup Cost": 1044735.29,
            "Total Cost": 1044747.71,
            "Plan Rows": 4965,
            "Plan Width": 68,
            "Actual Startup Time": 8228.107,
            "Actual Total Time": 8228.567,
            "Actual Rows": 8144,
            "Actual Loops": 1,
            "Sort Key": [
              "ci.role_id"
            ],
            "Sort Method": "quicksort",
            "Sort Space Used": 1326,
            "Sort Space Type": "Memory",
            "Plans": [
              {
                "Node Type": "Merge Join",
                "Parent Relationship": "Outer",
                "Parallel Aware": false,
                "Join Type": "Inner",
                "Startup Cost": 907829.38,
                "Total Cost": 1044430.5,
                "Plan Rows": 4965,
                "Plan Width": 68,
                "Actual Startup Time": 6539.926,
                "Actual Total Time": 8224.774,
                "Actual Rows": 8144,
                "Actual Loops": 1,
                "Inner Unique": false,
                "Merge Cond": "(chn.id = ci.person_role_id)",
                "Plans": [
                  {
                    "Node Type": "Index Scan",
                    "Parent Relationship": "Outer",
                    "Parallel Aware": false,
                    "Scan Direction": "Forward",
                    "Index Name": "char_name_pkey",
                    "Relation Name": "char_name",
                    "Alias": "chn",
                    "Startup Cost": 0.43,
                    "Total Cost": 128715.58,
                    "Plan Rows": 3140252,
                    "Plan Width": 20,
                    "Actual Startup Time": 0.02,
                    "Actual Total Time": 1495.151,
                    "Actual Rows": 3133145,
                    "Actual Loops": 1
                  },
                  {
                    "Node Type": "Sort",
                    "Parent Relationship": "Inner",
                    "Parallel Aware": false,
                    "Startup Cost": 907827.98,
                    "Total Cost": 907840.39,
                    "Plan Rows": 4965,
                    "Plan Width": 56,
                    "Actual Startup Time": 6539.681,
                    "Actual Total Time": 6541.031,
                    "Actual Rows": 8145,
                    "Actual Loops": 1,
                    "Sort Key": [
                      "ci.person_role_id"
                    ],
                    "Sort Method": "quicksort",
                    "Sort Space Used": 1528,
                    "Sort Space Type": "Memory",
                    "Plans": [
                      {
                        "Node Type": "Gather",
                        "Parent Relationship": "Outer",
                        "Parallel Aware": false,
                        "Startup Cost": 906578.05,
                        "Total Cost": 907523.19,
                        "Plan Rows": 4965,
                        "Plan Width": 56,
                        "Actual Startup Time": 6491.082,
                        "Actual Total Time": 6537.46,
                        "Actual Rows": 8514,
                        "Actual Loops": 1,
                        "Workers Planned": 6,
                        "Workers Launched": 6,
                        "Single Copy": false,
                        "Plans": [
                          {
                            "Node Type": "Merge Join",
                            "Parent Relationship": "Outer",
                            "Parallel Aware": false,
                            "Join Type": "Inner",
                            "Startup Cost": 905578.05,
                            "Total Cost": 906026.69,
                            "Plan Rows": 828,
                            "Plan Width": 56,
                            "Actual Startup Time": 6305.624,
                            "Actual Total Time": 6321.935,
                            "Actual Rows": 1216,
                            "Actual Loops": 7,
                            "Inner Unique": true,
                            "Merge Cond": "(mc.company_id = cn.id)",
                            "Plans": [
                              {
                                "Node Type": "Sort",
                                "Parent Relationship": "Outer",
                                "Parallel Aware": false,
                                "Startup Cost": 892602.82,
                                "Total Cost": 892608.47,
                                "Plan Rows": 2263,
                                "Plan Width": 60,
                                "Actual Startup Time": 6258.349,
                                "Actual Total Time": 6258.719,
                                "Actual Rows": 2794,
                                "Actual Loops": 7,
                                "Sort Key": [
                                  "mc.company_id"
                                ],
                                "Sort Method": "quicksort",
                                "Sort Space Used": 472,
                                "Sort Space Type": "Memory",
                                "Workers": [
                                  {
                                    "Worker Number": 0,
                                    "Sort Method": "quicksort",
                                    "Sort Space Used": 265,
                                    "Sort Space Type": "Memory"
                                  },
                                  {
                                    "Worker Number": 1,
                                    "Sort Method": "quicksort",
                                    "Sort Space Used": 403,
                                    "Sort Space Type": "Memory"
                                  },
                                  {
                                    "Worker Number": 2,
                                    "Sort Method": "quicksort",
                                    "Sort Space Used": 525,
                                    "Sort Space Type": "Memory"
                                  },
                                  {
                                    "Worker Number": 3,
                                    "Sort Method": "quicksort",
                                    "Sort Space Used": 227,
                                    "Sort Space Type": "Memory"
                                  },
                                  {
                                    "Worker Number": 4,
                                    "Sort Method": "quicksort",
                                    "Sort Space Used": 755,
                                    "Sort Space Type": "Memory"
                                  },
                                  {
                                    "Worker Number": 5,
                                    "Sort Method": "quicksort",
                                    "Sort Space Used": 806,
                                    "Sort Space Type": "Memory"
                                  }
                                ],
                                "Plans": [
                                  {
                                    "Node Type": "Merge Join",
                                    "Parent Relationship": "Outer",
                                    "Parallel Aware": false,
                                    "Join Type": "Inner",
                                    "Startup Cost": 887963.19,
                                    "Total Cost": 892476.72,
                                    "Plan Rows": 2263,
                                    "Plan Width": 60,
                                    "Actual Startup Time": 6223.407,
                                    "Actual Total Time": 6257.23,
                                    "Actual Rows": 2794,
                                    "Actual Loops": 7,
                                    "Inner Unique": false,
                                    "Merge Cond": "(n.id = an.person_id)",
                                    "Plans": [
                                      {
                                        "Node Type": "Sort",
                                        "Parent Relationship": "Outer",
                                        "Parallel Aware": false,
                                        "Startup Cost": 778403.2,
                                        "Total Cost": 778405.58,
                                        "Plan Rows": 951,
                                        "Plan Width": 52,
                                        "Actual Startup Time": 5770.157,
                                        "Actual Total Time": 5770.374,
                                        "Actual Rows": 2079,
                                        "Actual Loops": 7,
                                        "Sort Key": [
                                          "ci.person_id"
                                        ],
                                        "Sort Method": "quicksort",
                                        "Sort Space Used": 278,
                                        "Sort Space Type": "Memory",
                                        "Workers": [
                                          {
                                            "Worker Number": 0,
                                            "Sort Method": "quicksort",
                                            "Sort Space Used": 239,
                                            "Sort Space Type": "Memory"
                                          },
                                          {
                                            "Worker Number": 1,
                                            "Sort Method": "quicksort",
                                            "Sort Space Used": 303,
                                            "Sort Space Type": "Memory"
                                          },
                                          {
                                            "Worker Number": 2,
                                            "Sort Method": "quicksort",
                                            "Sort Space Used": 398,
                                            "Sort Space Type": "Memory"
                                          },
                                          {
                                            "Worker Number": 3,
                                            "Sort Method": "quicksort",
                                            "Sort Space Used": 238,
                                            "Sort Space Type": "Memory"
                                          },
                                          {
                                            "Worker Number": 4,
                                            "Sort Method": "quicksort",
                                            "Sort Space Used": 443,
                                            "Sort Space Type": "Memory"
                                          },
                                          {
                                            "Worker Number": 5,
                                            "Sort Method": "quicksort",
                                            "Sort Space Used": 420,
                                            "Sort Space Type": "Memory"
                                          }
                                        ],
                                        "Plans": [
                                          {
                                            "Node Type": "Merge Join",
                                            "Parent Relationship": "Outer",
                                            "Parallel Aware": false,
                                            "Join Type": "Inner",
                                            "Startup Cost": 476042.22,
                                            "Total Cost": 778356.16,
                                            "Plan Rows": 951,
                                            "Plan Width": 52,
                                            "Actual Startup Time": 1835.759,
                                            "Actual Total Time": 5769.114,
                                            "Actual Rows": 2079,
                                            "Actual Loops": 7,
                                            "Inner Unique": false,
                                            "Merge Cond": "(ci.movie_id = t.id)",
                                            "Plans": [
                                              {
                                                "Node Type": "Sort",
                                                "Parent Relationship": "Outer",
                                                "Parallel Aware": false,
                                                "Startup Cost": 476031.6,
                                                "Total Cost": 476032.49,
                                                "Plan Rows": 354,
                                                "Plan Width": 35,
                                                "Actual Startup Time": 1780.243,
                                                "Actual Total Time": 1780.497,
                                                "Actual Rows": 936,
                                                "Actual Loops": 7,
                                                "Sort Key": [
                                                  "ci.movie_id"
                                                ],
                                                "Sort Method": "quicksort",
                                                "Sort Space Used": 83,
                                                "Sort Space Type": "Memory",
                                                "Workers": [
                                                  {
                                                    "Worker Number": 0,
                                                    "Sort Method": "quicksort",
                                                    "Sort Space Used": 86,
                                                    "Sort Space Type": "Memory"
                                                  },
                                                  {
                                                    "Worker Number": 1,
                                                    "Sort Method": "quicksort",
                                                    "Sort Space Used": 81,
                                                    "Sort Space Type": "Memory"
                                                  },
                                                  {
                                                    "Worker Number": 2,
                                                    "Sort Method": "quicksort",
                                                    "Sort Space Used": 144,
                                                    "Sort Space Type": "Memory"
                                                  },
                                                  {
                                                    "Worker Number": 3,
                                                    "Sort Method": "quicksort",
                                                    "Sort Space Used": 93,
                                                    "Sort Space Type": "Memory"
                                                  },
                                                  {
                                                    "Worker Number": 4,
                                                    "Sort Method": "quicksort",
                                                    "Sort Space Used": 129,
                                                    "Sort Space Type": "Memory"
                                                  },
                                                  {
                                                    "Worker Number": 5,
                                                    "Sort Method": "quicksort",
                                                    "Sort Space Used": 139,
                                                    "Sort Space Type": "Memory"
                                                  }
                                                ],
                                                "Plans": [
                                                  {
                                                    "Node Type": "Merge Join",
                                                    "Parent Relationship": "Outer",
                                                    "Parallel Aware": false,
                                                    "Join Type": "Inner",
                                                    "Startup Cost": 475204.54,
                                                    "Total Cost": 476016.61,
                                                    "Plan Rows": 354,
                                                    "Plan Width": 35,
                                                    "Actual Startup Time": 1769.225,
                                                    "Actual Total Time": 1779.954,
                                                    "Actual Rows": 936,
                                                    "Actual Loops": 7,
                                                    "Inner Unique": true,
                                                    "Merge Cond": "(ci.person_id = n.id)",
                                                    "Plans": [
                                                      {
                                                        "Node Type": "Sort",
                                                        "Parent Relationship": "Outer",
                                                        "Parallel Aware": false,
                                                        "Startup Cost": 356440.38,
                                                        "Total Cost": 356821.09,
                                                        "Plan Rows": 152283,
                                                        "Plan Width": 16,
                                                        "Actual Startup Time": 992.761,
                                                        "Actual Total Time": 997.943,
                                                        "Actual Rows": 123911,
                                                        "Actual Loops": 7,
                                                        "Sort Key": [
                                                          "ci.person_id"
                                                        ],
                                                        "Sort Method": "quicksort",
                                                        "Sort Space Used": 8408,
                                                        "Sort Space Type": "Memory",
                                                        "Workers": [
                                                          {
                                                            "Worker Number": 0,
                                                            "Sort Method": "quicksort",
                                                            "Sort Space Used": 8212,
                                                            "Sort Space Type": "Memory"
                                                          },
                                                          {
                                                            "Worker Number": 1,
                                                            "Sort Method": "quicksort",
                                                            "Sort Space Used": 8404,
                                                            "Sort Space Type": "Memory"
                                                          },
                                                          {
                                                            "Worker Number": 2,
                                                            "Sort Method": "quicksort",
                                                            "Sort Space Used": 8142,
                                                            "Sort Space Type": "Memory"
                                                          },
                                                          {
                                                            "Worker Number": 3,
                                                            "Sort Method": "quicksort",
                                                            "Sort Space Used": 8287,
                                                            "Sort Space Type": "Memory"
                                                          },
                                                          {
                                                            "Worker Number": 4,
                                                            "Sort Method": "quicksort",
                                                            "Sort Space Used": 13414,
                                                            "Sort Space Type": "Memory"
                                                          },
                                                          {
                                                            "Worker Number": 5,
                                                            "Sort Method": "quicksort",
                                                            "Sort Space Used": 13447,
                                                            "Sort Space Type": "Memory"
                                                          }
                                                        ],
                                                        "Plans": [
                                                          {
                                                            "Node Type": "Seq Scan",
                                                            "Parent Relationship": "Outer",
                                                            "Parallel Aware": true,
                                                            "Relation Name": "cast_info",
                                                            "Alias": "ci",
                                                            "Startup Cost": 0.0,
                                                            "Total Cost": 343331.56,
                                                            "Plan Rows": 152283,
                                                            "Plan Width": 16,
                                                            "Actual Startup Time": 0.122,
                                                            "Actual Total Time": 951.855,
                                                            "Actual Rows": 123925,
                                                            "Actual Loops": 7,
                                                            "Filter": "(note = ANY ('{(voice),\"(voice: Japanese version)\",\"(voice) (uncredited)\",\"(voice: English version)\"}'::text[]))",
                                                            "Rows Removed by Filter": 5053838
                                                          }
                                                        ]
                                                      },
                                                      {
                                                        "Node Type": "Sort",
                                                        "Parent Relationship": "Inner",
                                                        "Parallel Aware": false,
                                                        "Startup Cost": 118764.14,
                                                        "Total Cost": 118788.33,
                                                        "Plan Rows": 9675,
                                                        "Plan Width": 19,
                                                        "Actual Startup Time": 767.213,
                                                        "Actual Total Time": 770.65,
                                                        "Actual Rows": 50011,
                                                        "Actual Loops": 7,
                                                        "Sort Key": [
                                                          "n.id"
                                                        ],
                                                        "Sort Method": "quicksort",
                                                        "Sort Space Used": 5246,
                                                        "Sort Space Type": "Memory",
                                                        "Workers": [
                                                          {
                                                            "Worker Number": 0,
                                                            "Sort Method": "quicksort",
                                                            "Sort Space Used": 5246,
                                                            "Sort Space Type": "Memory"
                                                          },
                                                          {
                                                            "Worker Number": 1,
                                                            "Sort Method": "quicksort",
                                                            "Sort Space Used": 5246,
                                                            "Sort Space Type": "Memory"
                                                          },
                                                          {
                                                            "Worker Number": 2,
                                                            "Sort Method": "quicksort",
                                                            "Sort Space Used": 5246,
                                                            "Sort Space Type": "Memory"
                                                          },
                                                          {
                                                            "Worker Number": 3,
                                                            "Sort Method": "quicksort",
                                                            "Sort Space Used": 5246,
                                                            "Sort Space Type": "Memory"
                                                          },
                                                          {
                                                            "Worker Number": 4,
                                                            "Sort Method": "quicksort",
                                                            "Sort Space Used": 5246,
                                                            "Sort Space Type": "Memory"
                                                          },
                                                          {
                                                            "Worker Number": 5,
                                                            "Sort Method": "quicksort",
                                                            "Sort Space Used": 5246,
                                                            "Sort Space Type": "Memory"
                                                          }
                                                        ],
                                                        "Plans": [
                                                          {
                                                            "Node Type": "Seq Scan",
                                                            "Parent Relationship": "Outer",
                                                            "Parallel Aware": false,
                                                            "Relation Name": "name",
                                                            "Alias": "n",
                                                            "Startup Cost": 0.0,
                                                            "Total Cost": 118123.65,
                                                            "Plan Rows": 9675,
                                                            "Plan Width": 19,
                                                            "Actual Startup Time": 329.751,
                                                            "Actual Total Time": 746.138,
                                                            "Actual Rows": 50011,
                                                            "Actual Loops": 7,
                                                            "Filter": "((name ~~ '%An%'::text) AND ((gender)::text = 'f'::text))",
                                                            "Rows Removed by Filter": 4117480
                                                          }
                                                        ]
                                                      }
                                                    ]
                                                  }
                                                ]
                                              },
                                              {
                                                "Node Type": "Materialize",
                                                "Parent Relationship": "Inner",
                                                "Parallel Aware": false,
                                                "Startup Cost": 3.58,
                                                "Total Cost": 296098.69,
                                                "Plan Rows": 2609129,
                                                "Plan Width": 29,
                                                "Actual Startup Time": 0.07,
                                                "Actual Total Time": 3765.217,
                                                "Actual Rows": 2603378,
                                                "Actual Loops": 7,
                                                "Plans": [
                                                  {
                                                    "Node Type": "Merge Join",
                                                    "Parent Relationship": "Outer",
                                                    "Parallel Aware": false,
                                                    "Join Type": "Inner",
                                                    "Startup Cost": 3.58,
                                                    "Total Cost": 289575.86,
                                                    "Plan Rows": 2609129,
                                                    "Plan Width": 29,
                                                    "Actual Startup Time": 0.067,
                                                    "Actual Total Time": 3135.314,
                                                    "Actual Rows": 2603118,
                                                    "Actual Loops": 7,
                                                    "Inner Unique": false,
                                                    "Merge Cond": "(t.id = mc.movie_id)",
                                                    "Plans": [
                                                      {
                                                        "Node Type": "Index Scan",
                                                        "Parent Relationship": "Outer",
                                                        "Parallel Aware": false,
                                                        "Scan Direction": "Forward",
                                                        "Index Name": "title_pkey",
                                                        "Relation Name": "title",
                                                        "Alias": "t",
                                                        "Startup Cost": 0.43,
                                                        "Total Cost": 110359.06,
                                                        "Plan Rows": 2528509,
                                                        "Plan Width": 21,
                                                        "Actual Startup Time": 0.035,
                                                        "Actual Total Time": 1550.762,
                                                        "Actual Rows": 2522474,
                                                        "Actual Loops": 7
                                                      },
                                                      {
                                                        "Node Type": "Index Scan",
                                                        "Parent Relationship": "Inner",
                                                        "Parallel Aware": false,
                                                        "Scan Direction": "Forward",
                                                        "Index Name": "movie_id_movie_companies",
                                                        "Relation Name": "movie_companies",
                                                        "Alias": "mc",
                                                        "Startup Cost": 0.43,
                                                        "Total Cost": 140404.76,
                                                        "Plan Rows": 2609129,
                                                        "Plan Width": 8,
                                                        "Actual Startup Time": 0.024,
                                                        "Actual Total Time": 996.669,
                                                        "Actual Rows": 2603118,
                                                        "Actual Loops": 7
                                                      }
                                                    ]
                                                  }
                                                ]
                                              }
                                            ]
                                          }
                                        ]
                                      },
                                      {
                                        "Node Type": "Sort",
                                        "Parent Relationship": "Inner",
                                        "Parallel Aware": false,
                                        "Startup Cost": 109559.99,
                                        "Total Cost": 111813.35,
                                        "Plan Rows": 901343,
                                        "Plan Width": 20,
                                        "Actual Startup Time": 402.088,
                                        "Actual Total Time": 447.271,
                                        "Actual Rows": 579450,
                                        "Actual Loops": 7,
                                        "Sort Key": [
                                          "an.person_id"
                                        ],
                                        "Sort Method": "quicksort",
                                        "Sort Space Used": 89764,
                                        "Sort Space Type": "Memory",
                                        "Workers": [
                                          {
                                            "Worker Number": 0,
                                            "Sort Method": "quicksort",
                                            "Sort Space Used": 89764,
                                            "Sort Space Type": "Memory"
                                          },
                                          {
                                            "Worker Number": 1,
                                            "Sort Method": "quicksort",
                                            "Sort Space Used": 89764,
                                            "Sort Space Type": "Memory"
                                          },
                                          {
                                            "Worker Number": 2,
                                            "Sort Method": "quicksort",
                                            "Sort Space Used": 89764,
                                            "Sort Space Type": "Memory"
                                          },
                                          {
                                            "Worker Number": 3,
                                            "Sort Method": "quicksort",
                                            "Sort Space Used": 89764,
                                            "Sort Space Type": "Memory"
                                          },
                                          {
                                            "Worker Number": 4,
                                            "Sort Method": "quicksort",
                                            "Sort Space Used": 89764,
                                            "Sort Space Type": "Memory"
                                          },
                                          {
                                            "Worker Number": 5,
                                            "Sort Method": "quicksort",
                                            "Sort Space Used": 89764,
                                            "Sort Space Type": "Memory"
                                          }
                                        ],
                                        "Plans": [
                                          {
                                            "Node Type": "Seq Scan",
                                            "Parent Relationship": "Outer",
                                            "Parallel Aware": false,
                                            "Relation Name": "aka_name",
                                            "Alias": "an",
                                            "Startup Cost": 0.0,
                                            "Total Cost": 20409.43,
                                            "Plan Rows": 901343,
                                            "Plan Width": 20,
                                            "Actual Startup Time": 0.035,
                                            "Actual Total Time": 114.195,
                                            "Actual Rows": 901343,
                                            "Actual Loops": 7
                                          }
                                        ]
                                      }
                                    ]
                                  }
                                ]
                              },
                              {
                                "Node Type": "Sort",
                                "Parent Relationship": "Inner",
                                "Parallel Aware": false,
                                "Startup Cost": 12974.89,
                                "Total Cost": 13189.72,
                                "Plan Rows": 85931,
                                "Plan Width": 4,
                                "Actual Startup Time": 47.264,
                                "Actual Total Time": 56.254,
                                "Actual Rows": 82548,
                                "Actual Loops": 7,
                                "Sort Key": [
                                  "cn.id"
                                ],
                                "Sort Method": "quicksort",
                                "Sort Space Used": 7050,
                                "Sort Space Type": "Memory",
                                "Workers": [
                                  {
                                    "Worker Number": 0,
                                    "Sort Method": "quicksort",
                                    "Sort Space Used": 7050,
                                    "Sort Space Type": "Memory"
                                  },
                                  {
                                    "Worker Number": 1,
                                    "Sort Method": "quicksort",
                                    "Sort Space Used": 7050,
                                    "Sort Space Type": "Memory"
                                  },
                                  {
                                    "Worker Number": 2,
                                    "Sort Method": "quicksort",
                                    "Sort Space Used": 7050,
                                    "Sort Space Type": "Memory"
                                  },
                                  {
                                    "Worker Number": 3,
                                    "Sort Method": "quicksort",
                                    "Sort Space Used": 7050,
                                    "Sort Space Type": "Memory"
                                  },
                                  {
                                    "Worker Number": 4,
                                    "Sort Method": "quicksort",
                                    "Sort Space Used": 7050,
                                    "Sort Space Type": "Memory"
                                  },
                                  {
                                    "Worker Number": 5,
                                    "Sort Method": "quicksort",
                                    "Sort Space Used": 7050,
                                    "Sort Space Type": "Memory"
                                  }
                                ],
                                "Plans": [
                                  {
                                    "Node Type": "Seq Scan",
                                    "Parent Relationship": "Outer",
                                    "Parallel Aware": false,
                                    "Relation Name": "company_name",
                                    "Alias": "cn",
                                    "Startup Cost": 0.0,
                                    "Total Cost": 5932.46,
                                    "Plan Rows": 85931,
                                    "Plan Width": 4,
                                    "Actual Startup Time": 0.059,
                                    "Actual Total Time": 26.725,
                                    "Actual Rows": 84843,
                                    "Actual Loops": 7,
                                    "Filter": "((country_code)::text = '[us]'::text)",
                                    "Rows Removed by Filter": 150154
                                  }
                                ]
                              }
                            ]
                          }
                        ]
                      }
                    ]
                  }
                ]
              }
            ]
          },
          {
            "Node Type": "Sort",
            "Parent Relationship": "Inner",
            "Parallel Aware": false,
            "Startup Cost": 1.16,
            "Total Cost": 1.16,
            "Plan Rows": 1,
            "Plan Width": 4,
            "Actual Startup Time": 0.037,
            "Actual Total Time": 0.037,
            "Actual Rows": 1,
            "Actual Loops": 1,
            "Sort Key": [
              "rt.id"
            ],
            "Sort Method": "quicksort",
            "Sort Space Used": 25,
            "Sort Space Type": "Memory",
            "Plans": [
              {
                "Node Type": "Seq Scan",
                "Parent Relationship": "Outer",
                "Parallel Aware": false,
                "Relation Name": "role_type",
                "Alias": "rt",
                "Startup Cost": 0.0,
                "Total Cost": 1.15,
                "Plan Rows": 1,
                "Plan Width": 4,
                "Actual Startup Time": 0.026,
                "Actual Total Time": 0.027,
                "Actual Rows": 1,
                "Actual Loops": 1,
                "Filter": "((role)::text = 'actress'::text)",
                "Rows Removed by Filter": 11
              }
            ]
          }
        ]
      }
    ]
  },
  "Planning Time": 17.524,
  "Triggers": [],
  "Execution Time": 8239.425
}