[
    {
        "Bao": {
            "Bao prediction": "NaN",
            "Bao recommended hint": "(no hint)"
        }
    },
    {
        "Plan": {
            "Node Type": "Aggregate",
            "Strategy": "Plain",
            "Partial Mode": "Finalize",
            "Parallel Aware": false,
            "Startup Cost": 24452.3,
            "Total Cost": 24452.31,
            "Plan Rows": 1,
            "Plan Width": 8,
            "Actual Startup Time": 23.517,
            "Actual Total Time": 27.017,
            "Actual Rows": 1,
            "Actual Loops": 1,
            "Output": [
                "count(*)"
            ],
            "Plans": [
                {
                    "Node Type": "Gather",
                    "Parent Relationship": "Outer",
                    "Parallel Aware": false,
                    "Startup Cost": 24452.09,
                    "Total Cost": 24452.3,
                    "Plan Rows": 2,
                    "Plan Width": 8,
                    "Actual Startup Time": 23.252,
                    "Actual Total Time": 27.011,
                    "Actual Rows": 3,
                    "Actual Loops": 1,
                    "Output": [
                        "(PARTIAL count(*))"
                    ],
                    "Workers Planned": 2,
                    "Workers Launched": 2,
                    "Single Copy": false,
                    "Plans": [
                        {
                            "Node Type": "Aggregate",
                            "Strategy": "Plain",
                            "Partial Mode": "Partial",
                            "Parent Relationship": "Outer",
                            "Parallel Aware": false,
                            "Startup Cost": 23452.09,
                            "Total Cost": 23452.1,
                            "Plan Rows": 1,
                            "Plan Width": 8,
                            "Actual Startup Time": 15.522,
                            "Actual Total Time": 15.524,
                            "Actual Rows": 1,
                            "Actual Loops": 3,
                            "Output": [
                                "PARTIAL count(*)"
                            ],
                            "Workers": [
                                {
                                    "Worker Number": 0,
                                    "Actual Startup Time": 11.615,
                                    "Actual Total Time": 11.617,
                                    "Actual Rows": 1,
                                    "Actual Loops": 1
                                },
                                {
                                    "Worker Number": 1,
                                    "Actual Startup Time": 11.968,
                                    "Actual Total Time": 11.97,
                                    "Actual Rows": 1,
                                    "Actual Loops": 1
                                }
                            ],
                            "Plans": [
                                {
                                    "Node Type": "Nested Loop",
                                    "Parent Relationship": "Outer",
                                    "Parallel Aware": false,
                                    "Join Type": "Inner",
                                    "Startup Cost": 88.42,
                                    "Total Cost": 23447.84,
                                    "Plan Rows": 1697,
                                    "Plan Width": 0,
                                    "Actual Startup Time": 0.768,
                                    "Actual Total Time": 15.384,
                                    "Actual Rows": 1117,
                                    "Actual Loops": 3,
                                    "Inner Unique": true,
                                    "Workers": [
                                        {
                                            "Worker Number": 0,
                                            "Actual Startup Time": 0.388,
                                            "Actual Total Time": 11.534,
                                            "Actual Rows": 142,
                                            "Actual Loops": 1
                                        },
                                        {
                                            "Worker Number": 1,
                                            "Actual Startup Time": 0.325,
                                            "Actual Total Time": 11.889,
                                            "Actual Rows": 141,
                                            "Actual Loops": 1
                                        }
                                    ],
                                    "Plans": [
                                        {
                                            "Node Type": "Bitmap Heap Scan",
                                            "Parent Relationship": "Outer",
                                            "Parallel Aware": true,
                                            "Relation Name": "movie_keyword",
                                            "Schema": "public",
                                            "Alias": "mk",
                                            "Startup Cost": 87.99,
                                            "Total Cost": 10726.09,
                                            "Plan Rows": 1697,
                                            "Plan Width": 4,
                                            "Actual Startup Time": 0.608,
                                            "Actual Total Time": 4.959,
                                            "Actual Rows": 1117,
                                            "Actual Loops": 3,
                                            "Output": [
                                                "mk.id",
                                                "mk.movie_id",
                                                "mk.keyword_id"
                                            ],
                                            "Recheck Cond": "(mk.keyword_id = 571)",
                                            "Rows Removed by Index Recheck": 0,
                                            "Exact Heap Blocks": 2882,
                                            "Lossy Heap Blocks": 0,
                                            "Workers": [
                                                {
                                                    "Worker Number": 0,
                                                    "Actual Startup Time": 0.147,
                                                    "Actual Total Time": 3.881,
                                                    "Actual Rows": 142,
                                                    "Actual Loops": 1
                                                },
                                                {
                                                    "Worker Number": 1,
                                                    "Actual Startup Time": 0.127,
                                                    "Actual Total Time": 4.025,
                                                    "Actual Rows": 141,
                                                    "Actual Loops": 1
                                                }
                                            ],
                                            "Plans": [
                                                {
                                                    "Node Type": "Bitmap Index Scan",
                                                    "Parent Relationship": "Outer",
                                                    "Parallel Aware": false,
                                                    "Index Name": "keyword_id_movie_keyword",
                                                    "Startup Cost": 0.0,
                                                    "Total Cost": 86.97,
                                                    "Plan Rows": 4072,
                                                    "Plan Width": 0,
                                                    "Actual Startup Time": 1.057,
                                                    "Actual Total Time": 1.057,
                                                    "Actual Rows": 3351,
                                                    "Actual Loops": 1,
                                                    "Index Cond": "(mk.keyword_id = 571)"
                                                }
                                            ]
                                        },
                                        {
                                            "Node Type": "Index Only Scan",
                                            "Parent Relationship": "Inner",
                                            "Parallel Aware": false,
                                            "Scan Direction": "Forward",
                                            "Index Name": "title_pkey",
                                            "Relation Name": "title",
                                            "Schema": "public",
                                            "Alias": "t",
                                            "Startup Cost": 0.43,
                                            "Total Cost": 7.5,
                                            "Plan Rows": 1,
                                            "Plan Width": 4,
                                            "Actual Startup Time": 0.009,
                                            "Actual Total Time": 0.009,
                                            "Actual Rows": 1,
                                            "Actual Loops": 3351,
                                            "Output": [
                                                "t.id"
                                            ],
                                            "Index Cond": "(t.id = mk.movie_id)",
                                            "Rows Removed by Index Recheck": 0,
                                            "Heap Fetches": 3351,
                                            "Workers": [
                                                {
                                                    "Worker Number": 0,
                                                    "Actual Startup Time": 0.051,
                                                    "Actual Total Time": 0.051,
                                                    "Actual Rows": 1,
                                                    "Actual Loops": 142
                                                },
                                                {
                                                    "Worker Number": 1,
                                                    "Actual Startup Time": 0.053,
                                                    "Actual Total Time": 0.053,
                                                    "Actual Rows": 1,
                                                    "Actual Loops": 141
                                                }
                                            ]
                                        }
                                    ]
                                }
                            ]
                        }
                    ]
                }
            ]
        },
        "Planning Time": 208.021,
        "Triggers": [],
        "Execution Time": 27.077
    }
]