[
  {
    "Plan": {
      "Node Type": "Aggregate",
      "Strategy": "Plain",
      "Partial Mode": "Finalize",
      "Parallel Aware": false,
      "Startup Cost": 33341.13,
      "Total Cost": 33341.14,
      "Plan Rows": 1,
      "Plan Width": 8,
      "Actual Startup Time": 93.122,
      "Actual Total Time": 100.638,
      "Actual Rows": 1,
      "Actual Loops": 1,
      "Plans": [
        {
          "Node Type": "Gather",
          "Parent Relationship": "Outer",
          "Parallel Aware": false,
          "Startup Cost": 33340.82,
          "Total Cost": 33341.13,
          "Plan Rows": 3,
          "Plan Width": 8,
          "Actual Startup Time": 92.974,
          "Actual Total Time": 100.63,
          "Actual Rows": 4,
          "Actual Loops": 1,
          "Workers Planned": 3,
          "Workers Launched": 3,
          "Single Copy": false,
          "Plans": [
            {
              "Node Type": "Aggregate",
              "Strategy": "Plain",
              "Partial Mode": "Partial",
              "Parent Relationship": "Outer",
              "Parallel Aware": false,
              "Startup Cost": 32340.82,
              "Total Cost": 32340.83,
              "Plan Rows": 1,
              "Plan Width": 8,
              "Actual Startup Time": 87.627,
              "Actual Total Time": 87.628,
              "Actual Rows": 1,
              "Actual Loops": 4,
              "Plans": [
                {
                  "Node Type": "Seq Scan",
                  "Parent Relationship": "Outer",
                  "Parallel Aware": true,
                  "Relation Name": "movie_companies",
                  "Alias": "mc",
                  "Startup Cost": 0.0,
                  "Total Cost": 31414.82,
                  "Plan Rows": 370399,
                  "Plan Width": 0,
                  "Actual Startup Time": 38.154,
                  "Actual Total Time": 74.975,
                  "Actual Rows": 313536,
                  "Actual Loops": 4,
                  "Filter": "((company_id > 180) AND (company_type_id = 2))",
                  "Rows Removed by Filter": 338747
                }
              ]
            }
          ]
        }
      ]
    },
    "Planning Time": 0.106,
    "Triggers": [],
    "Execution Time": 100.667
  }
]