[
  {
    "Plan": {
      "Node Type": "Aggregate",
      "Strategy": "Plain",
      "Partial Mode": "Finalize",
      "Parallel Aware": false,
      "Startup Cost": 33334.63,
      "Total Cost": 33334.64,
      "Plan Rows": 1,
      "Plan Width": 8,
      "Actual Startup Time": 105.862,
      "Actual Total Time": 114.037,
      "Actual Rows": 1,
      "Actual Loops": 1,
      "Plans": [
        {
          "Node Type": "Gather",
          "Parent Relationship": "Outer",
          "Parallel Aware": false,
          "Startup Cost": 33334.31,
          "Total Cost": 33334.62,
          "Plan Rows": 3,
          "Plan Width": 8,
          "Actual Startup Time": 105.726,
          "Actual Total Time": 114.029,
          "Actual Rows": 4,
          "Actual Loops": 1,
          "Workers Planned": 3,
          "Workers Launched": 3,
          "Single Copy": false,
          "Plans": [
            {
              "Node Type": "Aggregate",
              "Strategy": "Plain",
              "Partial Mode": "Partial",
              "Parent Relationship": "Outer",
              "Parallel Aware": false,
              "Startup Cost": 32334.31,
              "Total Cost": 32334.32,
              "Plan Rows": 1,
              "Plan Width": 8,
              "Actual Startup Time": 96.916,
              "Actual Total Time": 96.917,
              "Actual Rows": 1,
              "Actual Loops": 4,
              "Plans": [
                {
                  "Node Type": "Seq Scan",
                  "Parent Relationship": "Outer",
                  "Parallel Aware": true,
                  "Relation Name": "movie_companies",
                  "Alias": "mc",
                  "Startup Cost": 0.0,
                  "Total Cost": 31414.82,
                  "Plan Rows": 367798,
                  "Plan Width": 0,
                  "Actual Startup Time": 49.06,
                  "Actual Total Time": 85.17,
                  "Actual Rows": 313536,
                  "Actual Loops": 4,
                  "Filter": "((company_id > 180) AND (company_type_id = 2))",
                  "Rows Removed by Filter": 338747
                }
              ]
            }
          ]
        }
      ]
    },
    "Planning Time": 0.2,
    "Triggers": [],
    "Execution Time": 114.089
  }
]