[
    {
        "Bao": {
            "Bao prediction": "NaN",
            "Bao recommended hint": "(no hint)"
        }
    },
    {
        "Plan": {
            "Node Type": "Aggregate",
            "Strategy": "Plain",
            "Partial Mode": "Finalize",
            "Parallel Aware": false,
            "Startup Cost": 276637.07,
            "Total Cost": 276637.08,
            "Plan Rows": 1,
            "Plan Width": 8,
            "Actual Startup Time": 86.487,
            "Actual Total Time": 89.891,
            "Actual Rows": 1,
            "Actual Loops": 1,
            "Output": [
                "count(*)"
            ],
            "Plans": [
                {
                    "Node Type": "Gather",
                    "Parent Relationship": "Outer",
                    "Parallel Aware": false,
                    "Startup Cost": 276636.44,
                    "Total Cost": 276637.05,
                    "Plan Rows": 6,
                    "Plan Width": 8,
                    "Actual Startup Time": 86.179,
                    "Actual Total Time": 89.884,
                    "Actual Rows": 7,
                    "Actual Loops": 1,
                    "Output": [
                        "(PARTIAL count(*))"
                    ],
                    "Workers Planned": 6,
                    "Workers Launched": 6,
                    "Single Copy": false,
                    "Plans": [
                        {
                            "Node Type": "Aggregate",
                            "Strategy": "Plain",
                            "Partial Mode": "Partial",
                            "Parent Relationship": "Outer",
                            "Parallel Aware": false,
                            "Startup Cost": 275636.44,
                            "Total Cost": 275636.45,
                            "Plan Rows": 1,
                            "Plan Width": 8,
                            "Actual Startup Time": 75.776,
                            "Actual Total Time": 75.777,
                            "Actual Rows": 1,
                            "Actual Loops": 7,
                            "Output": [
                                "PARTIAL count(*)"
                            ],
                            "Workers": [
                                {
                                    "Worker Number": 0,
                                    "Actual Startup Time": 73.208,
                                    "Actual Total Time": 73.209,
                                    "Actual Rows": 1,
                                    "Actual Loops": 1
                                },
                                {
                                    "Worker Number": 1,
                                    "Actual Startup Time": 73.549,
                                    "Actual Total Time": 73.55,
                                    "Actual Rows": 1,
                                    "Actual Loops": 1
                                },
                                {
                                    "Worker Number": 2,
                                    "Actual Startup Time": 73.898,
                                    "Actual Total Time": 73.898,
                                    "Actual Rows": 1,
                                    "Actual Loops": 1
                                },
                                {
                                    "Worker Number": 3,
                                    "Actual Startup Time": 74.37,
                                    "Actual Total Time": 74.372,
                                    "Actual Rows": 1,
                                    "Actual Loops": 1
                                },
                                {
                                    "Worker Number": 4,
                                    "Actual Startup Time": 74.608,
                                    "Actual Total Time": 74.609,
                                    "Actual Rows": 1,
                                    "Actual Loops": 1
                                },
                                {
                                    "Worker Number": 5,
                                    "Actual Startup Time": 74.956,
                                    "Actual Total Time": 74.957,
                                    "Actual Rows": 1,
                                    "Actual Loops": 1
                                }
                            ],
                            "Plans": [
                                {
                                    "Node Type": "Bitmap Heap Scan",
                                    "Parent Relationship": "Outer",
                                    "Parallel Aware": true,
                                    "Relation Name": "cast_info",
                                    "Schema": "public",
                                    "Alias": "ci",
                                    "Startup Cost": 20382.09,
                                    "Total Cost": 275386.22,
                                    "Plan Rows": 100090,
                                    "Plan Width": 0,
                                    "Actual Startup Time": 58.915,
                                    "Actual Total Time": 73.684,
                                    "Actual Rows": 36086,
                                    "Actual Loops": 7,
                                    "Recheck Cond": "(ci.person_id < 98301)",
                                    "Rows Removed by Index Recheck": 0,
                                    "Filter": "(ci.role_id > 1)",
                                    "Rows Removed by Filter": 99451,
                                    "Exact Heap Blocks": 3323,
                                    "Lossy Heap Blocks": 0,
                                    "Workers": [
                                        {
                                            "Worker Number": 0,
                                            "Actual Startup Time": 56.342,
                                            "Actual Total Time": 71.18,
                                            "Actual Rows": 27866,
                                            "Actual Loops": 1
                                        },
                                        {
                                            "Worker Number": 1,
                                            "Actual Startup Time": 56.685,
                                            "Actual Total Time": 71.5,
                                            "Actual Rows": 32427,
                                            "Actual Loops": 1
                                        },
                                        {
                                            "Worker Number": 2,
                                            "Actual Startup Time": 57.011,
                                            "Actual Total Time": 71.948,
                                            "Actual Rows": 34518,
                                            "Actual Loops": 1
                                        },
                                        {
                                            "Worker Number": 3,
                                            "Actual Startup Time": 57.547,
                                            "Actual Total Time": 72.373,
                                            "Actual Rows": 31978,
                                            "Actual Loops": 1
                                        },
                                        {
                                            "Worker Number": 4,
                                            "Actual Startup Time": 57.788,
                                            "Actual Total Time": 72.646,
                                            "Actual Rows": 32612,
                                            "Actual Loops": 1
                                        },
                                        {
                                            "Worker Number": 5,
                                            "Actual Startup Time": 58.083,
                                            "Actual Total Time": 72.944,
                                            "Actual Rows": 32061,
                                            "Actual Loops": 1
                                        }
                                    ],
                                    "Plans": [
                                        {
                                            "Node Type": "Bitmap Index Scan",
                                            "Parent Relationship": "Outer",
                                            "Parallel Aware": false,
                                            "Index Name": "person_id_cast_info",
                                            "Startup Cost": 0.0,
                                            "Total Cost": 20231.95,
                                            "Plan Rows": 926852,
                                            "Plan Width": 0,
                                            "Actual Startup Time": 35.727,
                                            "Actual Total Time": 35.728,
                                            "Actual Rows": 948764,
                                            "Actual Loops": 1,
                                            "Index Cond": "(ci.person_id < 98301)"
                                        }
                                    ]
                                }
                            ]
                        }
                    ]
                }
            ]
        },
        "Planning Time": 180.446,
        "Triggers": [],
        "Execution Time": 89.944
    }
]