[
  {
    "Plan": {
      "Node Type": "Aggregate",
      "Strategy": "Plain",
      "Partial Mode": "Simple",
      "Parallel Aware": false,
      "Startup Cost": 424429.51,
      "Total Cost": 424429.52,
      "Plan Rows": 1,
      "Plan Width": 32,
      "Actual Startup Time": 4434.179,
      "Actual Total Time": 4434.316,
      "Actual Rows": 1,
      "Actual Loops": 1,
      "Plans": [
        {
          "Node Type": "Merge Join",
          "Parent Relationship": "Outer",
          "Parallel Aware": false,
          "Join Type": "Inner",
          "Startup Cost": 307877.66,
          "Total Cost": 424429.51,
          "Plan Rows": 2,
          "Plan Width": 17,
          "Actual Startup Time": 2766.237,
          "Actual Total Time": 4433.381,
          "Actual Rows": 5228,
          "Actual Loops": 1,
          "Inner Unique": false,
          "Merge Cond": "(t.id = mc.movie_id)",
          "Plans": [
            {
              "Node Type": "Index Scan",
              "Parent Relationship": "Outer",
              "Parallel Aware": false,
              "Scan Direction": "Forward",
              "Index Name": "title_pkey",
              "Relation Name": "title",
              "Alias": "t",
              "Startup Cost": 0.43,
              "Total Cost": 110348.87,
              "Plan Rows": 2528252,
              "Plan Width": 21,
              "Actual Startup Time": 0.012,
              "Actual Total Time": 1568.307,
              "Actual Rows": 2524106,
              "Actual Loops": 1
            },
            {
              "Node Type": "Sort",
              "Parent Relationship": "Inner",
              "Parallel Aware": false,
              "Startup Cost": 307874.74,
              "Total Cost": 307874.74,
              "Plan Rows": 2,
              "Plan Width": 8,
              "Actual Startup Time": 2698.554,
              "Actual Total Time": 2699.937,
              "Actual Rows": 5228,
              "Actual Loops": 1,
              "Sort Key": [
                "mc.movie_id"
              ],
              "Sort Method": "quicksort",
              "Sort Space Used": 438,
              "Sort Space Type": "Memory",
              "Plans": [
                {
                  "Node Type": "Gather",
                  "Parent Relationship": "Outer",
                  "Parallel Aware": false,
                  "Startup Cost": 307471.39,
                  "Total Cost": 307874.73,
                  "Plan Rows": 2,
                  "Plan Width": 8,
                  "Actual Startup Time": 2604.717,
                  "Actual Total Time": 2694.47,
                  "Actual Rows": 5228,
                  "Actual Loops": 1,
                  "Workers Planned": 3,
                  "Workers Launched": 3,
                  "Single Copy": false,
                  "Plans": [
                    {
                      "Node Type": "Merge Join",
                      "Parent Relationship": "Outer",
                      "Parallel Aware": false,
                      "Join Type": "Inner",
                      "Startup Cost": 306471.39,
                      "Total Cost": 306874.53,
                      "Plan Rows": 1,
                      "Plan Width": 8,
                      "Actual Startup Time": 2641.933,
                      "Actual Total Time": 2642.386,
                      "Actual Rows": 1307,
                      "Actual Loops": 4,
                      "Inner Unique": true,
                      "Merge Cond": "(mk.keyword_id = k.id)",
                      "Plans": [
                        {
                          "Node Type": "Sort",
                          "Parent Relationship": "Outer",
                          "Parallel Aware": false,
                          "Startup Cost": 303844.16,
                          "Total Cost": 304046.27,
                          "Plan Rows": 80844,
                          "Plan Width": 12,
                          "Actual Startup Time": 2622.062,
                          "Actual Total Time": 2624.427,
                          "Actual Rows": 11971,
                          "Actual Loops": 4,
                          "Sort Key": [
                            "mk.keyword_id"
                          ],
                          "Sort Method": "quicksort",
                          "Sort Space Used": 13197,
                          "Sort Space Type": "Memory",
                          "Workers": [
                            {
                              "Worker Number": 0,
                              "Sort Method": "quicksort",
                              "Sort Space Used": 30106,
                              "Sort Space Type": "Memory"
                            },
                            {
                              "Worker Number": 1,
                              "Sort Method": "quicksort",
                              "Sort Space Used": 66615,
                              "Sort Space Type": "Memory"
                            },
                            {
                              "Worker Number": 2,
                              "Sort Method": "quicksort",
                              "Sort Space Used": 60749,
                              "Sort Space Type": "Memory"
                            }
                          ],
                          "Plans": [
                            {
                              "Node Type": "Merge Join",
                              "Parent Relationship": "Outer",
                              "Parallel Aware": false,
                              "Join Type": "Inner",
                              "Startup Cost": 145911.78,
                              "Total Cost": 297254.22,
                              "Plan Rows": 80844,
                              "Plan Width": 12,
                              "Actual Startup Time": 2043.048,
                              "Actual Total Time": 2479.993,
                              "Actual Rows": 549764,
                              "Actual Loops": 4,
                              "Inner Unique": false,
                              "Merge Cond": "(mk.movie_id = mc.movie_id)",
                              "Plans": [
                                {
                                  "Node Type": "Index Scan",
                                  "Parent Relationship": "Outer",
                                  "Parallel Aware": true,
                                  "Scan Direction": "Forward",
                                  "Index Name": "movie_id_movie_keyword",
                                  "Relation Name": "movie_keyword",
                                  "Alias": "mk",
                                  "Startup Cost": 0.43,
                                  "Total Cost": 146510.84,
                                  "Plan Rows": 1459332,
                                  "Plan Width": 8,
                                  "Actual Startup Time": 0.203,
                                  "Actual Total Time": 267.092,
                                  "Actual Rows": 1130967,
                                  "Actual Loops": 4
                                },
                                {
                                  "Node Type": "Sort",
                                  "Parent Relationship": "Inner",
                                  "Parallel Aware": false,
                                  "Startup Cost": 145911.32,
                                  "Total Cost": 145978.71,
                                  "Plan Rows": 26958,
                                  "Plan Width": 4,
                                  "Actual Startup Time": 2042.367,
                                  "Actual Total Time": 2069.721,
                                  "Actual Rows": 596296,
                                  "Actual Loops": 4,
                                  "Sort Key": [
                                    "mc.movie_id"
                                  ],
                                  "Sort Method": "quicksort",
                                  "Sort Space Used": 4181,
                                  "Sort Space Type": "Memory",
                                  "Workers": [
                                    {
                                      "Worker Number": 0,
                                      "Sort Method": "quicksort",
                                      "Sort Space Used": 4181,
                                      "Sort Space Type": "Memory"
                                    },
                                    {
                                      "Worker Number": 1,
                                      "Sort Method": "quicksort",
                                      "Sort Space Used": 4181,
                                      "Sort Space Type": "Memory"
                                    },
                                    {
                                      "Worker Number": 2,
                                      "Sort Method": "quicksort",
                                      "Sort Space Used": 4181,
                                      "Sort Space Type": "Memory"
                                    }
                                  ],
                                  "Plans": [
                                    {
                                      "Node Type": "Merge Join",
                                      "Parent Relationship": "Outer",
                                      "Parallel Aware": false,
                                      "Join Type": "Inner",
                                      "Startup Cost": 6118.29,
                                      "Total Cost": 143927.42,
                                      "Plan Rows": 26958,
                                      "Plan Width": 4,
                                      "Actual Startup Time": 136.395,
                                      "Actual Total Time": 2026.02,
                                      "Actual Rows": 56410,
                                      "Actual Loops": 4,
                                      "Inner Unique": true,
                                      "Merge Cond": "(mc.company_id = cn.id)",
                                      "Plans": [
                                        {
                                          "Node Type": "Index Scan",
                                          "Parent Relationship": "Outer",
                                          "Parallel Aware": false,
                                          "Scan Direction": "Forward",
                                          "Index Name": "company_id_movie_companies",
                                          "Relation Name": "movie_companies",
                                          "Alias": "mc",
                                          "Startup Cost": 0.43,
                                          "Total Cost": 131053.9,
                                          "Plan Rows": 2609129,
                                          "Plan Width": 8,
                                          "Actual Startup Time": 0.135,
                                          "Actual Total Time": 1725.94,
                                          "Actual Rows": 2608824,
                                          "Actual Loops": 4
                                        },
                                        {
                                          "Node Type": "Sort",
                                          "Parent Relationship": "Inner",
                                          "Parallel Aware": false,
                                          "Startup Cost": 6068.98,
                                          "Total Cost": 6075.05,
                                          "Plan Rows": 2428,
                                          "Plan Width": 4,
                                          "Actual Startup Time": 68.173,
                                          "Actual Total Time": 68.867,
                                          "Actual Rows": 2340,
                                          "Actual Loops": 4,
                                          "Sort Key": [
                                            "cn.id"
                                          ],
                                          "Sort Method": "quicksort",
                                          "Sort Space Used": 206,
                                          "Sort Space Type": "Memory",
                                          "Workers": [
                                            {
                                              "Worker Number": 0,
                                              "Sort Method": "quicksort",
                                              "Sort Space Used": 206,
                                              "Sort Space Type": "Memory"
                                            },
                                            {
                                              "Worker Number": 1,
                                              "Sort Method": "quicksort",
                                              "Sort Space Used": 206,
                                              "Sort Space Type": "Memory"
                                            },
                                            {
                                              "Worker Number": 2,
                                              "Sort Method": "quicksort",
                                              "Sort Space Used": 206,
                                              "Sort Space Type": "Memory"
                                            }
                                          ],
                                          "Plans": [
                                            {
                                              "Node Type": "Seq Scan",
                                              "Parent Relationship": "Outer",
                                              "Parallel Aware": false,
                                              "Relation Name": "company_name",
                                              "Alias": "cn",
                                              "Startup Cost": 0.0,
                                              "Total Cost": 5932.46,
                                              "Plan Rows": 2428,
                                              "Plan Width": 4,
                                              "Actual Startup Time": 0.109,
                                              "Actual Total Time": 66.601,
                                              "Actual Rows": 2340,
                                              "Actual Loops": 4,
                                              "Filter": "((country_code)::text = '[nl]'::text)",
                                              "Rows Removed by Filter": 232657
                                            }
                                          ]
                                        }
                                      ]
                                    }
                                  ]
                                }
                              ]
                            }
                          ]
                        },
                        {
                          "Node Type": "Sort",
                          "Parent Relationship": "Inner",
                          "Parallel Aware": false,
                          "Startup Cost": 2626.14,
                          "Total Cost": 2626.14,
                          "Plan Rows": 1,
                          "Plan Width": 4,
                          "Actual Startup Time": 16.833,
                          "Actual Total Time": 16.834,
                          "Actual Rows": 1,
                          "Actual Loops": 4,
                          "Sort Key": [
                            "k.id"
                          ],
                          "Sort Method": "quicksort",
                          "Sort Space Used": 25,
                          "Sort Space Type": "Memory",
                          "Workers": [
                            {
                              "Worker Number": 0,
                              "Sort Method": "quicksort",
                              "Sort Space Used": 25,
                              "Sort Space Type": "Memory"
                            },
                            {
                              "Worker Number": 1,
                              "Sort Method": "quicksort",
                              "Sort Space Used": 25,
                              "Sort Space Type": "Memory"
                            },
                            {
                              "Worker Number": 2,
                              "Sort Method": "quicksort",
                              "Sort Space Used": 25,
                              "Sort Space Type": "Memory"
                            }
                          ],
                          "Plans": [
                            {
                              "Node Type": "Seq Scan",
                              "Parent Relationship": "Outer",
                              "Parallel Aware": false,
                              "Relation Name": "keyword",
                              "Alias": "k",
                              "Startup Cost": 0.0,
                              "Total Cost": 2626.12,
                              "Plan Rows": 1,
                              "Plan Width": 4,
                              "Actual Startup Time": 0.802,
                              "Actual Total Time": 16.81,
                              "Actual Rows": 1,
                              "Actual Loops": 4,
                              "Filter": "(keyword = 'character-name-in-title'::text)",
                              "Rows Removed by Filter": 134169
                            }
                          ]
                        }
                      ]
                    }
                  ]
                }
              ]
            }
          ]
        }
      ]
    },
    "Planning Time": 7.89,
    "Triggers": [],
    "Execution Time": 4436.089
  }
]