[
    {
        "Bao": {
            "Bao prediction": "NaN",
            "Bao recommended hint": "(no hint)"
        }
    },
    {
        "Plan": {
            "Node Type": "Aggregate",
            "Strategy": "Plain",
            "Partial Mode": "Finalize",
            "Parallel Aware": false,
            "Startup Cost": 345893.58,
            "Total Cost": 345893.59,
            "Plan Rows": 1,
            "Plan Width": 8,
            "Actual Startup Time": 659.96,
            "Actual Total Time": 692.578,
            "Actual Rows": 1,
            "Actual Loops": 1,
            "Output": [
                "count(*)"
            ],
            "Plans": [
                {
                    "Node Type": "Gather",
                    "Parent Relationship": "Outer",
                    "Parallel Aware": false,
                    "Startup Cost": 345892.95,
                    "Total Cost": 345893.56,
                    "Plan Rows": 6,
                    "Plan Width": 8,
                    "Actual Startup Time": 659.844,
                    "Actual Total Time": 692.568,
                    "Actual Rows": 7,
                    "Actual Loops": 1,
                    "Output": [
                        "(PARTIAL count(*))"
                    ],
                    "Workers Planned": 6,
                    "Workers Launched": 6,
                    "Single Copy": false,
                    "Plans": [
                        {
                            "Node Type": "Aggregate",
                            "Strategy": "Plain",
                            "Partial Mode": "Partial",
                            "Parent Relationship": "Outer",
                            "Parallel Aware": false,
                            "Startup Cost": 344892.95,
                            "Total Cost": 344892.96,
                            "Plan Rows": 1,
                            "Plan Width": 8,
                            "Actual Startup Time": 650.189,
                            "Actual Total Time": 650.19,
                            "Actual Rows": 1,
                            "Actual Loops": 7,
                            "Output": [
                                "PARTIAL count(*)"
                            ],
                            "Workers": [
                                {
                                    "Worker Number": 0,
                                    "Actual Startup Time": 647.778,
                                    "Actual Total Time": 647.778,
                                    "Actual Rows": 1,
                                    "Actual Loops": 1
                                },
                                {
                                    "Worker Number": 1,
                                    "Actual Startup Time": 648.011,
                                    "Actual Total Time": 648.012,
                                    "Actual Rows": 1,
                                    "Actual Loops": 1
                                },
                                {
                                    "Worker Number": 2,
                                    "Actual Startup Time": 648.628,
                                    "Actual Total Time": 648.629,
                                    "Actual Rows": 1,
                                    "Actual Loops": 1
                                },
                                {
                                    "Worker Number": 3,
                                    "Actual Startup Time": 649.007,
                                    "Actual Total Time": 649.008,
                                    "Actual Rows": 1,
                                    "Actual Loops": 1
                                },
                                {
                                    "Worker Number": 4,
                                    "Actual Startup Time": 649.045,
                                    "Actual Total Time": 649.046,
                                    "Actual Rows": 1,
                                    "Actual Loops": 1
                                },
                                {
                                    "Worker Number": 5,
                                    "Actual Startup Time": 649.39,
                                    "Actual Total Time": 649.392,
                                    "Actual Rows": 1,
                                    "Actual Loops": 1
                                }
                            ],
                            "Plans": [
                                {
                                    "Node Type": "Seq Scan",
                                    "Parent Relationship": "Outer",
                                    "Parallel Aware": true,
                                    "Relation Name": "cast_info",
                                    "Schema": "public",
                                    "Alias": "ci",
                                    "Startup Cost": 0.0,
                                    "Total Cost": 343318.94,
                                    "Plan Rows": 629605,
                                    "Plan Width": 0,
                                    "Actual Startup Time": 336.952,
                                    "Actual Total Time": 594.371,
                                    "Actual Rows": 1216819,
                                    "Actual Loops": 7,
                                    "Output": [
                                        "id",
                                        "person_id",
                                        "movie_id",
                                        "person_role_id",
                                        "note",
                                        "nr_order",
                                        "role_id"
                                    ],
                                    "Filter": "((ci.person_id > 2834711) AND (ci.role_id > 2))",
                                    "Rows Removed by Filter": 3960945,
                                    "Workers": [
                                        {
                                            "Worker Number": 0,
                                            "Actual Startup Time": 334.527,
                                            "Actual Total Time": 591.792,
                                            "Actual Rows": 835314,
                                            "Actual Loops": 1
                                        },
                                        {
                                            "Worker Number": 1,
                                            "Actual Startup Time": 334.765,
                                            "Actual Total Time": 593.557,
                                            "Actual Rows": 1311125,
                                            "Actual Loops": 1
                                        },
                                        {
                                            "Worker Number": 2,
                                            "Actual Startup Time": 335.397,
                                            "Actual Total Time": 595.034,
                                            "Actual Rows": 1297732,
                                            "Actual Loops": 1
                                        },
                                        {
                                            "Worker Number": 3,
                                            "Actual Startup Time": 335.765,
                                            "Actual Total Time": 595.366,
                                            "Actual Rows": 1295880,
                                            "Actual Loops": 1
                                        },
                                        {
                                            "Worker Number": 4,
                                            "Actual Startup Time": 335.815,
                                            "Actual Total Time": 595.603,
                                            "Actual Rows": 1282163,
                                            "Actual Loops": 1
                                        },
                                        {
                                            "Worker Number": 5,
                                            "Actual Startup Time": 336.162,
                                            "Actual Total Time": 593.059,
                                            "Actual Rows": 842510,
                                            "Actual Loops": 1
                                        }
                                    ]
                                }
                            ]
                        }
                    ]
                }
            ]
        },
        "Planning Time": 184.909,
        "Triggers": [],
        "Execution Time": 692.628
    }
]