[
  {
    "Plan": {
      "Node Type": "Aggregate",
      "Strategy": "Plain",
      "Partial Mode": "Finalize",
      "Parallel Aware": false,
      "Startup Cost": 61613.54,
      "Total Cost": 61613.55,
      "Plan Rows": 1,
      "Plan Width": 8,
      "Actual Startup Time": 187.649,
      "Actual Total Time": 195.147,
      "Actual Rows": 1,
      "Actual Loops": 1,
      "Plans": [
        {
          "Node Type": "Gather",
          "Parent Relationship": "Outer",
          "Parallel Aware": false,
          "Startup Cost": 61613.32,
          "Total Cost": 61613.53,
          "Plan Rows": 2,
          "Plan Width": 8,
          "Actual Startup Time": 186.908,
          "Actual Total Time": 195.141,
          "Actual Rows": 3,
          "Actual Loops": 1,
          "Workers Planned": 2,
          "Workers Launched": 2,
          "Single Copy": false,
          "Plans": [
            {
              "Node Type": "Aggregate",
              "Strategy": "Plain",
              "Partial Mode": "Partial",
              "Parent Relationship": "Outer",
              "Parallel Aware": false,
              "Startup Cost": 60613.32,
              "Total Cost": 60613.33,
              "Plan Rows": 1,
              "Plan Width": 8,
              "Actual Startup Time": 182.74,
              "Actual Total Time": 182.743,
              "Actual Rows": 1,
              "Actual Loops": 3,
              "Plans": [
                {
                  "Node Type": "Hash Join",
                  "Parent Relationship": "Outer",
                  "Parallel Aware": true,
                  "Join Type": "Inner",
                  "Startup Cost": 44419.76,
                  "Total Cost": 60550.07,
                  "Plan Rows": 25300,
                  "Plan Width": 0,
                  "Actual Startup Time": 109.312,
                  "Actual Total Time": 181.808,
                  "Actual Rows": 19250,
                  "Actual Loops": 3,
                  "Inner Unique": true,
                  "Hash Cond": "(mi_idx.movie_id = t.id)",
                  "Plans": [
                    {
                      "Node Type": "Seq Scan",
                      "Parent Relationship": "Outer",
                      "Parallel Aware": true,
                      "Relation Name": "movie_info_idx",
                      "Alias": "mi_idx",
                      "Startup Cost": 0.0,
                      "Total Cost": 15122.68,
                      "Plan Rows": 383860,
                      "Plan Width": 4,
                      "Actual Startup Time": 0.016,
                      "Actual Total Time": 40.682,
                      "Actual Rows": 306617,
                      "Actual Loops": 3,
                      "Filter": "(info_type_id < 101)",
                      "Rows Removed by Filter": 153395
                    },
                    {
                      "Node Type": "Hash",
                      "Parent Relationship": "Inner",
                      "Parallel Aware": true,
                      "Startup Cost": 43899.01,
                      "Total Cost": 43899.01,
                      "Plan Rows": 41660,
                      "Plan Width": 4,
                      "Actual Startup Time": 107.35,
                      "Actual Total Time": 107.351,
                      "Actual Rows": 56316,
                      "Actual Loops": 3,
                      "Hash Buckets": 262144,
                      "Original Hash Buckets": 262144,
                      "Hash Batches": 1,
                      "Original Hash Batches": 1,
                      "Peak Memory Usage": 8704,
                      "Plans": [
                        {
                          "Node Type": "Seq Scan",
                          "Parent Relationship": "Outer",
                          "Parallel Aware": true,
                          "Relation Name": "title",
                          "Alias": "t",
                          "Startup Cost": 0.0,
                          "Total Cost": 43899.01,
                          "Plan Rows": 41660,
                          "Plan Width": 4,
                          "Actual Startup Time": 0.332,
                          "Actual Total Time": 91.317,
                          "Actual Rows": 56316,
                          "Actual Loops": 3,
                          "Filter": "(production_year < 1951)",
                          "Rows Removed by Filter": 786455
                        }
                      ]
                    }
                  ]
                }
              ]
            }
          ]
        }
      ]
    },
    "Planning Time": 0.176,
    "Triggers": [],
    "Execution Time": 195.175
  }
]