[
  {
    "Bao": {
      "Bao prediction": 1718.243,
      "Bao recommended hint": "SET enable_nestloop TO off; SET enable_mergejoin TO off; SET enable_indexscan TO off; "
    }
  },
  {
    "Plan": {
      "Node Type": "Aggregate",
      "Strategy": "Plain",
      "Partial Mode": "Finalize",
      "Parallel Aware": false,
      "Startup Cost": 696834.21,
      "Total Cost": 696834.22,
      "Plan Rows": 1,
      "Plan Width": 96,
      "Actual Startup Time": 2219.458,
      "Actual Total Time": 2303.82,
      "Actual Rows": 1,
      "Actual Loops": 1,
      "Plans": [
        {
          "Node Type": "Gather",
          "Parent Relationship": "Outer",
          "Parallel Aware": false,
          "Startup Cost": 696833.77,
          "Total Cost": 696834.18,
          "Plan Rows": 4,
          "Plan Width": 96,
          "Actual Startup Time": 2217.626,
          "Actual Total Time": 2303.779,
          "Actual Rows": 5,
          "Actual Loops": 1,
          "Workers Planned": 4,
          "Workers Launched": 4,
          "Single Copy": false,
          "Plans": [
            {
              "Node Type": "Aggregate",
              "Strategy": "Plain",
              "Partial Mode": "Partial",
              "Parent Relationship": "Outer",
              "Parallel Aware": false,
              "Startup Cost": 695833.77,
              "Total Cost": 695833.78,
              "Plan Rows": 1,
              "Plan Width": 96,
              "Actual Startup Time": 2206.727,
              "Actual Total Time": 2206.85,
              "Actual Rows": 1,
              "Actual Loops": 5,
              "Plans": [
                {
                  "Node Type": "Hash Join",
                  "Parent Relationship": "Outer",
                  "Parallel Aware": true,
                  "Join Type": "Inner",
                  "Startup Cost": 651146.37,
                  "Total Cost": 695833.73,
                  "Plan Rows": 5,
                  "Plan Width": 66,
                  "Actual Startup Time": 2060.767,
                  "Actual Total Time": 2205.427,
                  "Actual Rows": 5615,
                  "Actual Loops": 5,
                  "Inner Unique": false,
                  "Hash Cond": "(t.id = mi.movie_id)",
                  "Plans": [
                    {
                      "Node Type": "Seq Scan",
                      "Parent Relationship": "Outer",
                      "Parallel Aware": true,
                      "Relation Name": "title",
                      "Alias": "t",
                      "Startup Cost": 0.0,
                      "Total Cost": 42317.53,
                      "Plan Rows": 631953,
                      "Plan Width": 21,
                      "Actual Startup Time": 0.015,
                      "Actual Total Time": 72.567,
                      "Actual Rows": 505662,
                      "Actual Loops": 5
                    },
                    {
                      "Node Type": "Hash",
                      "Parent Relationship": "Inner",
                      "Parallel Aware": true,
                      "Startup Cost": 651146.31,
                      "Total Cost": 651146.31,
                      "Plan Rows": 5,
                      "Plan Width": 61,
                      "Actual Startup Time": 2059.248,
                      "Actual Total Time": 2059.37,
                      "Actual Rows": 5615,
                      "Actual Loops": 5,
                      "Hash Buckets": 32768,
                      "Original Hash Buckets": 1024,
                      "Hash Batches": 1,
                      "Original Hash Batches": 1,
                      "Peak Memory Usage": 2200,
                      "Plans": [
                        {
                          "Node Type": "Hash Join",
                          "Parent Relationship": "Outer",
                          "Parallel Aware": true,
                          "Join Type": "Inner",
                          "Startup Cost": 580893.35,
                          "Total Cost": 651146.31,
                          "Plan Rows": 5,
                          "Plan Width": 61,
                          "Actual Startup Time": 1837.911,
                          "Actual Total Time": 2028.381,
                          "Actual Rows": 5615,
                          "Actual Loops": 5,
                          "Inner Unique": false,
                          "Hash Cond": "(n.id = ci.person_id)",
                          "Plans": [
                            {
                              "Node Type": "Seq Scan",
                              "Parent Relationship": "Outer",
                              "Parallel Aware": true,
                              "Relation Name": "name",
                              "Alias": "n",
                              "Startup Cost": 0.0,
                              "Total Cost": 68636.13,
                              "Plan Rows": 431152,
                              "Plan Width": 4,
                              "Actual Startup Time": 0.027,
                              "Actual Total Time": 139.94,
                              "Actual Rows": 347916,
                              "Actual Loops": 5,
                              "Filter": "((gender)::text = 'm'::text)",
                              "Rows Removed by Filter": 485582
                            },
                            {
                              "Node Type": "Hash",
                              "Parent Relationship": "Inner",
                              "Parallel Aware": true,
                              "Startup Cost": 580893.25,
                              "Total Cost": 580893.25,
                              "Plan Rows": 8,
                              "Plan Width": 65,
                              "Actual Startup Time": 1837.269,
                              "Actual Total Time": 1837.388,
                              "Actual Rows": 10831,
                              "Actual Loops": 5,
                              "Hash Buckets": 65536,
                              "Original Hash Buckets": 1024,
                              "Hash Batches": 1,
                              "Original Hash Batches": 1,
                              "Peak Memory Usage": 4472,
                              "Plans": [
                                {
                                  "Node Type": "Hash Join",
                                  "Parent Relationship": "Outer",
                                  "Parallel Aware": true,
                                  "Join Type": "Inner",
                                  "Startup Cost": 229260.55,
                                  "Total Cost": 580893.25,
                                  "Plan Rows": 8,
                                  "Plan Width": 65,
                                  "Actual Startup Time": 1289.559,
                                  "Actual Total Time": 1809.167,
                                  "Actual Rows": 10831,
                                  "Actual Loops": 5,
                                  "Inner Unique": false,
                                  "Hash Cond": "(ci.movie_id = mi.movie_id)",
                                  "Plans": [
                                    {
                                      "Node Type": "Seq Scan",
                                      "Parent Relationship": "Outer",
                                      "Parallel Aware": true,
                                      "Relation Name": "cast_info",
                                      "Alias": "ci",
                                      "Startup Cost": 0.0,
                                      "Total Cost": 350893.1,
                                      "Plan Rows": 197218,
                                      "Plan Width": 8,
                                      "Actual Startup Time": 80.832,
                                      "Actual Total Time": 977.435,
                                      "Actual Rows": 248943,
                                      "Actual Loops": 5,
                                      "Filter": "(note = ANY ('{(writer),\"(head writer)\",\"(written by)\",(story),\"(story editor)\"}'::text[]))",
                                      "Rows Removed by Filter": 6999926
                                    },
                                    {
                                      "Node Type": "Hash",
                                      "Parent Relationship": "Inner",
                                      "Parallel Aware": true,
                                      "Startup Cost": 229260.34,
                                      "Total Cost": 229260.34,
                                      "Plan Rows": 17,
                                      "Plan Width": 57,
                                      "Actual Startup Time": 785.178,
                                      "Actual Total Time": 785.294,
                                      "Actual Rows": 20503,
                                      "Actual Loops": 5,
                                      "Hash Buckets": 131072,
                                      "Original Hash Buckets": 1024,
                                      "Hash Batches": 1,
                                      "Original Hash Batches": 1,
                                      "Peak Memory Usage": 7736,
                                      "Plans": [
                                        {
                                          "Node Type": "Hash Join",
                                          "Parent Relationship": "Outer",
                                          "Parallel Aware": true,
                                          "Join Type": "Inner",
                                          "Startup Cost": 213958.25,
                                          "Total Cost": 229260.34,
                                          "Plan Rows": 17,
                                          "Plan Width": 57,
                                          "Actual Startup Time": 667.262,
                                          "Actual Total Time": 753.209,
                                          "Actual Rows": 20503,
                                          "Actual Loops": 5,
                                          "Inner Unique": false,
                                          "Hash Cond": "(mi_idx.movie_id = mi.movie_id)",
                                          "Plans": [
                                            {
                                              "Node Type": "Hash Join",
                                              "Parent Relationship": "Outer",
                                              "Parallel Aware": false,
                                              "Join Type": "Inner",
                                              "Startup Cost": 2.43,
                                              "Total Cost": 15253.6,
                                              "Plan Rows": 5089,
                                              "Plan Width": 10,
                                              "Actual Startup Time": 0.088,
                                              "Actual Total Time": 64.913,
                                              "Actual Rows": 91985,
                                              "Actual Loops": 5,
                                              "Inner Unique": true,
                                              "Hash Cond": "(mi_idx.info_type_id = it2.id)",
                                              "Plans": [
                                                {
                                                  "Node Type": "Seq Scan",
                                                  "Parent Relationship": "Outer",
                                                  "Parallel Aware": true,
                                                  "Relation Name": "movie_info_idx",
                                                  "Alias": "mi_idx",
                                                  "Startup Cost": 0.0,
                                                  "Total Cost": 13685.15,
                                                  "Plan Rows": 575015,
                                                  "Plan Width": 14,
                                                  "Actual Startup Time": 0.015,
                                                  "Actual Total Time": 29.291,
                                                  "Actual Rows": 276007,
                                                  "Actual Loops": 5
                                                },
                                                {
                                                  "Node Type": "Hash",
                                                  "Parent Relationship": "Inner",
                                                  "Parallel Aware": false,
                                                  "Startup Cost": 2.41,
                                                  "Total Cost": 2.41,
                                                  "Plan Rows": 1,
                                                  "Plan Width": 4,
                                                  "Actual Startup Time": 0.031,
                                                  "Actual Total Time": 0.032,
                                                  "Actual Rows": 1,
                                                  "Actual Loops": 5,
                                                  "Hash Buckets": 1024,
                                                  "Original Hash Buckets": 1024,
                                                  "Hash Batches": 1,
                                                  "Original Hash Batches": 1,
                                                  "Peak Memory Usage": 9,
                                                  "Plans": [
                                                    {
                                                      "Node Type": "Seq Scan",
                                                      "Parent Relationship": "Outer",
                                                      "Parallel Aware": false,
                                                      "Relation Name": "info_type",
                                                      "Alias": "it2",
                                                      "Startup Cost": 0.0,
                                                      "Total Cost": 2.41,
                                                      "Plan Rows": 1,
                                                      "Plan Width": 4,
                                                      "Actual Startup Time": 0.019,
                                                      "Actual Total Time": 0.021,
                                                      "Actual Rows": 1,
                                                      "Actual Loops": 5,
                                                      "Filter": "((info)::text = 'votes'::text)",
                                                      "Rows Removed by Filter": 112
                                                    }
                                                  ]
                                                }
                                              ]
                                            },
                                            {
                                              "Node Type": "Hash",
                                              "Parent Relationship": "Inner",
                                              "Parallel Aware": true,
                                              "Startup Cost": 213951.82,
                                              "Total Cost": 213951.82,
                                              "Plan Rows": 320,
                                              "Plan Width": 47,
                                              "Actual Startup Time": 667.054,
                                              "Actual Total Time": 667.056,
                                              "Actual Rows": 37319,
                                              "Actual Loops": 5,
                                              "Hash Buckets": 262144,
                                              "Original Hash Buckets": 2048,
                                              "Hash Batches": 1,
                                              "Original Hash Batches": 1,
                                              "Peak Memory Usage": 12848,
                                              "Plans": [
                                                {
                                                  "Node Type": "Hash Join",
                                                  "Parent Relationship": "Outer",
                                                  "Parallel Aware": false,
                                                  "Join Type": "Inner",
                                                  "Startup Cost": 2.43,
                                                  "Total Cost": 213951.82,
                                                  "Plan Rows": 320,
                                                  "Plan Width": 47,
                                                  "Actual Startup Time": 565.0,
                                                  "Actual Total Time": 644.865,
                                                  "Actual Rows": 37319,
                                                  "Actual Loops": 5,
                                                  "Inner Unique": true,
                                                  "Hash Cond": "(mi.info_type_id = it1.id)",
                                                  "Plans": [
                                                    {
                                                      "Node Type": "Seq Scan",
                                                      "Parent Relationship": "Outer",
                                                      "Parallel Aware": true,
                                                      "Relation Name": "movie_info",
                                                      "Alias": "mi",
                                                      "Startup Cost": 0.0,
                                                      "Total Cost": 213851.0,
                                                      "Plan Rows": 36129,
                                                      "Plan Width": 51,
                                                      "Actual Startup Time": 378.78,
                                                      "Actual Total Time": 637.999,
                                                      "Actual Rows": 37794,
                                                      "Actual Loops": 5,
                                                      "Filter": "(info = ANY ('{Horror,Action,Sci-Fi,Thriller,Crime,War}'::text[]))",
                                                      "Rows Removed by Filter": 2929350
                                                    },
                                                    {
                                                      "Node Type": "Hash",
                                                      "Parent Relationship": "Inner",
                                                      "Parallel Aware": false,
                                                      "Startup Cost": 2.41,
                                                      "Total Cost": 2.41,
                                                      "Plan Rows": 1,
                                                      "Plan Width": 4,
                                                      "Actual Startup Time": 0.058,
                                                      "Actual Total Time": 0.059,
                                                      "Actual Rows": 1,
                                                      "Actual Loops": 5,
                                                      "Hash Buckets": 1024,
                                                      "Original Hash Buckets": 1024,
                                                      "Hash Batches": 1,
                                                      "Original Hash Batches": 1,
                                                      "Peak Memory Usage": 9,
                                                      "Plans": [
                                                        {
                                                          "Node Type": "Seq Scan",
                                                          "Parent Relationship": "Outer",
                                                          "Parallel Aware": false,
                                                          "Relation Name": "info_type",
                                                          "Alias": "it1",
                                                          "Startup Cost": 0.0,
                                                          "Total Cost": 2.41,
                                                          "Plan Rows": 1,
                                                          "Plan Width": 4,
                                                          "Actual Startup Time": 0.04,
                                                          "Actual Total Time": 0.047,
                                                          "Actual Rows": 1,
                                                          "Actual Loops": 5,
                                                          "Filter": "((info)::text = 'genres'::text)",
                                                          "Rows Removed by Filter": 112
                                                        }
                                                      ]
                                                    }
                                                  ]
                                                }
                                              ]
                                            }
                                          ]
                                        }
                                      ]
                                    }
                                  ]
                                }
                              ]
                            }
                          ]
                        }
                      ]
                    }
                  ]
                }
              ]
            }
          ]
        }
      ]
    },
    "Planning Time": 329.539,
    "Triggers": [],
    "Execution Time": 2304.281
  }
]