[
  {
    "Plan": {
      "Node Type": "Aggregate",
      "Strategy": "Plain",
      "Partial Mode": "Finalize",
      "Parallel Aware": false,
      "Startup Cost": 109712.49,
      "Total Cost": 109712.5,
      "Plan Rows": 1,
      "Plan Width": 8,
      "Actual Startup Time": 81.688,
      "Actual Total Time": 92.917,
      "Actual Rows": 1,
      "Actual Loops": 1,
      "Plans": [
        {
          "Node Type": "Gather",
          "Parent Relationship": "Outer",
          "Parallel Aware": false,
          "Startup Cost": 109712.07,
          "Total Cost": 109712.48,
          "Plan Rows": 4,
          "Plan Width": 8,
          "Actual Startup Time": 81.599,
          "Actual Total Time": 92.911,
          "Actual Rows": 5,
          "Actual Loops": 1,
          "Workers Planned": 4,
          "Workers Launched": 4,
          "Single Copy": false,
          "Plans": [
            {
              "Node Type": "Aggregate",
              "Strategy": "Plain",
              "Partial Mode": "Partial",
              "Parent Relationship": "Outer",
              "Parallel Aware": false,
              "Startup Cost": 108712.07,
              "Total Cost": 108712.08,
              "Plan Rows": 1,
              "Plan Width": 8,
              "Actual Startup Time": 76.842,
              "Actual Total Time": 76.843,
              "Actual Rows": 1,
              "Actual Loops": 5,
              "Plans": [
                {
                  "Node Type": "Nested Loop",
                  "Parent Relationship": "Outer",
                  "Parallel Aware": false,
                  "Join Type": "Inner",
                  "Startup Cost": 0.43,
                  "Total Cost": 108711.05,
                  "Plan Rows": 410,
                  "Plan Width": 0,
                  "Actual Startup Time": 42.31,
                  "Actual Total Time": 76.781,
                  "Actual Rows": 548,
                  "Actual Loops": 5,
                  "Inner Unique": false,
                  "Plans": [
                    {
                      "Node Type": "Seq Scan",
                      "Parent Relationship": "Outer",
                      "Parallel Aware": true,
                      "Relation Name": "title",
                      "Alias": "t",
                      "Startup Cost": 0.0,
                      "Total Cost": 43899.01,
                      "Plan Rows": 503,
                      "Plan Width": 4,
                      "Actual Startup Time": 42.2,
                      "Actual Total Time": 61.986,
                      "Actual Rows": 524,
                      "Actual Loops": 5,
                      "Filter": "(production_year = 1903)",
                      "Rows Removed by Filter": 505139
                    },
                    {
                      "Node Type": "Index Scan",
                      "Parent Relationship": "Inner",
                      "Parallel Aware": false,
                      "Scan Direction": "Forward",
                      "Index Name": "movie_id_movie_info",
                      "Relation Name": "movie_info",
                      "Alias": "mi",
                      "Startup Cost": 0.43,
                      "Total Cost": 128.8,
                      "Plan Rows": 5,
                      "Plan Width": 4,
                      "Actual Startup Time": 0.022,
                      "Actual Total Time": 0.028,
                      "Actual Rows": 1,
                      "Actual Loops": 2618,
                      "Index Cond": "(movie_id = t.id)",
                      "Rows Removed by Index Recheck": 0,
                      "Filter": "(info_type_id < 3)",
                      "Rows Removed by Filter": 10
                    }
                  ]
                }
              ]
            }
          ]
        }
      ]
    },
    "Planning Time": 0.197,
    "Triggers": [],
    "Execution Time": 92.956
  }
]