[
  {
    "Plan": {
      "Node Type": "Aggregate",
      "Strategy": "Plain",
      "Partial Mode": "Finalize",
      "Parallel Aware": false,
      "Startup Cost": 230328.76,
      "Total Cost": 230328.77,
      "Plan Rows": 1,
      "Plan Width": 8,
      "Actual Startup Time": 146.297,
      "Actual Total Time": 166.977,
      "Actual Rows": 1,
      "Actual Loops": 1,
      "Plans": [
        {
          "Node Type": "Gather",
          "Parent Relationship": "Outer",
          "Parallel Aware": false,
          "Startup Cost": 230328.34,
          "Total Cost": 230328.75,
          "Plan Rows": 4,
          "Plan Width": 8,
          "Actual Startup Time": 146.179,
          "Actual Total Time": 166.968,
          "Actual Rows": 5,
          "Actual Loops": 1,
          "Workers Planned": 4,
          "Workers Launched": 4,
          "Single Copy": false,
          "Plans": [
            {
              "Node Type": "Aggregate",
              "Strategy": "Plain",
              "Partial Mode": "Partial",
              "Parent Relationship": "Outer",
              "Parallel Aware": false,
              "Startup Cost": 229328.34,
              "Total Cost": 229328.35,
              "Plan Rows": 1,
              "Plan Width": 8,
              "Actual Startup Time": 136.557,
              "Actual Total Time": 136.558,
              "Actual Rows": 1,
              "Actual Loops": 5,
              "Plans": [
                {
                  "Node Type": "Nested Loop",
                  "Parent Relationship": "Outer",
                  "Parallel Aware": false,
                  "Join Type": "Inner",
                  "Startup Cost": 0.43,
                  "Total Cost": 229299.69,
                  "Plan Rows": 11460,
                  "Plan Width": 0,
                  "Actual Startup Time": 0.65,
                  "Actual Total Time": 135.803,
                  "Actual Rows": 6572,
                  "Actual Loops": 5,
                  "Inner Unique": false,
                  "Plans": [
                    {
                      "Node Type": "Seq Scan",
                      "Parent Relationship": "Outer",
                      "Parallel Aware": true,
                      "Relation Name": "title",
                      "Alias": "t",
                      "Startup Cost": 0.0,
                      "Total Cost": 45479.1,
                      "Plan Rows": 4974,
                      "Plan Width": 4,
                      "Actual Startup Time": 0.1,
                      "Actual Total Time": 72.621,
                      "Actual Rows": 3945,
                      "Actual Loops": 5,
                      "Filter": "((kind_id > 1) AND (production_year = 1992))",
                      "Rows Removed by Filter": 501717
                    },
                    {
                      "Node Type": "Index Scan",
                      "Parent Relationship": "Inner",
                      "Parallel Aware": false,
                      "Scan Direction": "Forward",
                      "Index Name": "movie_id_movie_info",
                      "Relation Name": "movie_info",
                      "Alias": "mi",
                      "Startup Cost": 0.43,
                      "Total Cost": 36.79,
                      "Plan Rows": 17,
                      "Plan Width": 4,
                      "Actual Startup Time": 0.009,
                      "Actual Total Time": 0.015,
                      "Actual Rows": 2,
                      "Actual Loops": 19727,
                      "Index Cond": "(movie_id = t.id)",
                      "Rows Removed by Index Recheck": 0,
                      "Filter": "(info_type_id < 7)",
                      "Rows Removed by Filter": 2
                    }
                  ]
                }
              ]
            }
          ]
        }
      ]
    },
    "Planning Time": 0.631,
    "Triggers": [],
    "Execution Time": 167.057
  }
]