[
  {
    "Plan": {
      "Node Type": "Aggregate",
      "Strategy": "Plain",
      "Partial Mode": "Finalize",
      "Parallel Aware": false,
      "Startup Cost": 25830.46,
      "Total Cost": 25830.47,
      "Plan Rows": 1,
      "Plan Width": 8,
      "Actual Startup Time": 63.151,
      "Actual Total Time": 67.364,
      "Actual Rows": 1,
      "Actual Loops": 1,
      "Plans": [
        {
          "Node Type": "Gather",
          "Parent Relationship": "Outer",
          "Parallel Aware": false,
          "Startup Cost": 25830.14,
          "Total Cost": 25830.45,
          "Plan Rows": 3,
          "Plan Width": 8,
          "Actual Startup Time": 62.922,
          "Actual Total Time": 67.357,
          "Actual Rows": 4,
          "Actual Loops": 1,
          "Workers Planned": 3,
          "Workers Launched": 3,
          "Single Copy": false,
          "Plans": [
            {
              "Node Type": "Aggregate",
              "Strategy": "Plain",
              "Partial Mode": "Partial",
              "Parent Relationship": "Outer",
              "Parallel Aware": false,
              "Startup Cost": 24830.14,
              "Total Cost": 24830.15,
              "Plan Rows": 1,
              "Plan Width": 8,
              "Actual Startup Time": 56.385,
              "Actual Total Time": 56.386,
              "Actual Rows": 1,
              "Actual Loops": 4,
              "Plans": [
                {
                  "Node Type": "Bitmap Heap Scan",
                  "Parent Relationship": "Outer",
                  "Parallel Aware": true,
                  "Relation Name": "movie_companies",
                  "Alias": "mc",
                  "Startup Cost": 4937.88,
                  "Total Cost": 24646.43,
                  "Plan Rows": 73484,
                  "Plan Width": 0,
                  "Actual Startup Time": 21.643,
                  "Actual Total Time": 51.633,
                  "Actual Rows": 56294,
                  "Actual Loops": 4,
                  "Recheck Cond": "(company_id > 106615)",
                  "Rows Removed by Index Recheck": 0,
                  "Exact Heap Blocks": 2573,
                  "Lossy Heap Blocks": 0,
                  "Plans": [
                    {
                      "Node Type": "Bitmap Index Scan",
                      "Parent Relationship": "Outer",
                      "Parallel Aware": false,
                      "Index Name": "company_id_movie_companies",
                      "Startup Cost": 0.0,
                      "Total Cost": 4880.93,
                      "Plan Rows": 227800,
                      "Plan Width": 0,
                      "Actual Startup Time": 26.269,
                      "Actual Total Time": 26.269,
                      "Actual Rows": 225176,
                      "Actual Loops": 1,
                      "Index Cond": "(company_id > 106615)"
                    }
                  ]
                }
              ]
            }
          ]
        }
      ]
    },
    "Planning Time": 0.168,
    "Triggers": [],
    "Execution Time": 67.425
  }
]