[
  {
    "Plan": {
      "Node Type": "Aggregate",
      "Strategy": "Plain",
      "Partial Mode": "Finalize",
      "Parallel Aware": false,
      "Startup Cost": 342897.14,
      "Total Cost": 342897.15,
      "Plan Rows": 1,
      "Plan Width": 8,
      "Actual Startup Time": 813.303,
      "Actual Total Time": 875.041,
      "Actual Rows": 1,
      "Actual Loops": 1,
      "Plans": [
        {
          "Node Type": "Gather",
          "Parent Relationship": "Outer",
          "Parallel Aware": false,
          "Startup Cost": 342896.51,
          "Total Cost": 342897.12,
          "Plan Rows": 6,
          "Plan Width": 8,
          "Actual Startup Time": 813.193,
          "Actual Total Time": 875.03,
          "Actual Rows": 7,
          "Actual Loops": 1,
          "Workers Planned": 6,
          "Workers Launched": 6,
          "Single Copy": false,
          "Plans": [
            {
              "Node Type": "Aggregate",
              "Strategy": "Plain",
              "Partial Mode": "Partial",
              "Parent Relationship": "Outer",
              "Parallel Aware": false,
              "Startup Cost": 341896.51,
              "Total Cost": 341896.52,
              "Plan Rows": 1,
              "Plan Width": 8,
              "Actual Startup Time": 805.898,
              "Actual Total Time": 805.899,
              "Actual Rows": 1,
              "Actual Loops": 7,
              "Plans": [
                {
                  "Node Type": "Seq Scan",
                  "Parent Relationship": "Outer",
                  "Parallel Aware": true,
                  "Relation Name": "cast_info",
                  "Alias": "ci",
                  "Startup Cost": 0.0,
                  "Total Cost": 328162.03,
                  "Plan Rows": 5493795,
                  "Plan Width": 0,
                  "Actual Startup Time": 47.391,
                  "Actual Total Time": 619.819,
                  "Actual Rows": 4697568,
                  "Actual Loops": 7,
                  "Filter": "(person_id > 323354)",
                  "Rows Removed by Filter": 480195
                }
              ]
            }
          ]
        }
      ]
    },
    "Planning Time": 0.197,
    "Triggers": [],
    "Execution Time": 875.113
  }
]