[
  {
    "Plan": {
      "Node Type": "Aggregate",
      "Strategy": "Plain",
      "Partial Mode": "Finalize",
      "Parallel Aware": false,
      "Startup Cost": 80283.53,
      "Total Cost": 80283.54,
      "Plan Rows": 1,
      "Plan Width": 8,
      "Actual Startup Time": 256.682,
      "Actual Total Time": 272.262,
      "Actual Rows": 1,
      "Actual Loops": 1,
      "Plans": [
        {
          "Node Type": "Gather",
          "Parent Relationship": "Outer",
          "Parallel Aware": false,
          "Startup Cost": 80283.11,
          "Total Cost": 80283.52,
          "Plan Rows": 4,
          "Plan Width": 8,
          "Actual Startup Time": 253.984,
          "Actual Total Time": 272.251,
          "Actual Rows": 5,
          "Actual Loops": 1,
          "Workers Planned": 4,
          "Workers Launched": 4,
          "Single Copy": false,
          "Plans": [
            {
              "Node Type": "Aggregate",
              "Strategy": "Plain",
              "Partial Mode": "Partial",
              "Parent Relationship": "Outer",
              "Parallel Aware": false,
              "Startup Cost": 79283.11,
              "Total Cost": 79283.12,
              "Plan Rows": 1,
              "Plan Width": 8,
              "Actual Startup Time": 244.45,
              "Actual Total Time": 244.454,
              "Actual Rows": 1,
              "Actual Loops": 5,
              "Plans": [
                {
                  "Node Type": "Hash Join",
                  "Parent Relationship": "Outer",
                  "Parallel Aware": true,
                  "Join Type": "Inner",
                  "Startup Cost": 33178.06,
                  "Total Cost": 79009.8,
                  "Plan Rows": 109321,
                  "Plan Width": 0,
                  "Actual Startup Time": 87.791,
                  "Actual Total Time": 241.641,
                  "Actual Rows": 50134,
                  "Actual Loops": 5,
                  "Inner Unique": false,
                  "Hash Cond": "(t.id = mc.movie_id)",
                  "Plans": [
                    {
                      "Node Type": "Seq Scan",
                      "Parent Relationship": "Outer",
                      "Parallel Aware": true,
                      "Relation Name": "title",
                      "Alias": "t",
                      "Startup Cost": 0.0,
                      "Total Cost": 42318.73,
                      "Plan Rows": 632073,
                      "Plan Width": 4,
                      "Actual Startup Time": 0.012,
                      "Actual Total Time": 65.11,
                      "Actual Rows": 505662,
                      "Actual Loops": 5
                    },
                    {
                      "Node Type": "Hash",
                      "Parent Relationship": "Inner",
                      "Parallel Aware": true,
                      "Startup Cost": 31414.82,
                      "Total Cost": 31414.82,
                      "Plan Rows": 141059,
                      "Plan Width": 4,
                      "Actual Startup Time": 84.678,
                      "Actual Total Time": 84.68,
                      "Actual Rows": 50134,
                      "Actual Loops": 5,
                      "Hash Buckets": 524288,
                      "Original Hash Buckets": 524288,
                      "Hash Batches": 1,
                      "Original Hash Batches": 1,
                      "Peak Memory Usage": 13952,
                      "Plans": [
                        {
                          "Node Type": "Seq Scan",
                          "Parent Relationship": "Outer",
                          "Parallel Aware": true,
                          "Relation Name": "movie_companies",
                          "Alias": "mc",
                          "Startup Cost": 0.0,
                          "Total Cost": 31414.82,
                          "Plan Rows": 141059,
                          "Plan Width": 4,
                          "Actual Startup Time": 42.908,
                          "Actual Total Time": 69.01,
                          "Actual Rows": 50134,
                          "Actual Loops": 5,
                          "Filter": "((company_id < 2440) AND (company_type_id > 1))",
                          "Rows Removed by Filter": 471691
                        }
                      ]
                    }
                  ]
                }
              ]
            }
          ]
        }
      ]
    },
    "Planning Time": 0.622,
    "Triggers": [],
    "Execution Time": 272.329
  }
]