[
  {
    "Plan": {
      "Node Type": "Aggregate",
      "Strategy": "Plain",
      "Partial Mode": "Finalize",
      "Parallel Aware": false,
      "Startup Cost": 334604.23,
      "Total Cost": 334604.24,
      "Plan Rows": 1,
      "Plan Width": 8,
      "Actual Startup Time": 775.777,
      "Actual Total Time": 824.452,
      "Actual Rows": 1,
      "Actual Loops": 1,
      "Plans": [
        {
          "Node Type": "Gather",
          "Parent Relationship": "Outer",
          "Parallel Aware": false,
          "Startup Cost": 334603.61,
          "Total Cost": 334604.22,
          "Plan Rows": 6,
          "Plan Width": 8,
          "Actual Startup Time": 775.618,
          "Actual Total Time": 824.437,
          "Actual Rows": 7,
          "Actual Loops": 1,
          "Workers Planned": 6,
          "Workers Launched": 6,
          "Single Copy": false,
          "Plans": [
            {
              "Node Type": "Aggregate",
              "Strategy": "Plain",
              "Partial Mode": "Partial",
              "Parent Relationship": "Outer",
              "Parallel Aware": false,
              "Startup Cost": 333603.61,
              "Total Cost": 333603.62,
              "Plan Rows": 1,
              "Plan Width": 8,
              "Actual Startup Time": 767.865,
              "Actual Total Time": 767.867,
              "Actual Rows": 1,
              "Actual Loops": 7,
              "Plans": [
                {
                  "Node Type": "Seq Scan",
                  "Parent Relationship": "Outer",
                  "Parallel Aware": true,
                  "Relation Name": "cast_info",
                  "Alias": "ci",
                  "Startup Cost": 0.0,
                  "Total Cost": 328211.39,
                  "Plan Rows": 2156886,
                  "Plan Width": 0,
                  "Actual Startup Time": 0.051,
                  "Actual Total Time": 655.823,
                  "Actual Rows": 1860582,
                  "Actual Loops": 7,
                  "Filter": "(person_id < 1286822)",
                  "Rows Removed by Filter": 3317182
                }
              ]
            }
          ]
        }
      ]
    },
    "Planning Time": 0.162,
    "Triggers": [],
    "Execution Time": 824.519
  }
]