[
  {
    "Plan": {
      "Node Type": "Aggregate",
      "Strategy": "Plain",
      "Partial Mode": "Finalize",
      "Parallel Aware": false,
      "Startup Cost": 113494.77,
      "Total Cost": 113494.78,
      "Plan Rows": 1,
      "Plan Width": 8,
      "Actual Startup Time": 404.55,
      "Actual Total Time": 413.673,
      "Actual Rows": 1,
      "Actual Loops": 1,
      "Plans": [
        {
          "Node Type": "Gather",
          "Parent Relationship": "Outer",
          "Parallel Aware": false,
          "Startup Cost": 113494.45,
          "Total Cost": 113494.76,
          "Plan Rows": 3,
          "Plan Width": 8,
          "Actual Startup Time": 403.463,
          "Actual Total Time": 413.664,
          "Actual Rows": 4,
          "Actual Loops": 1,
          "Workers Planned": 3,
          "Workers Launched": 3,
          "Single Copy": false,
          "Plans": [
            {
              "Node Type": "Aggregate",
              "Strategy": "Plain",
              "Partial Mode": "Partial",
              "Parent Relationship": "Outer",
              "Parallel Aware": false,
              "Startup Cost": 112494.45,
              "Total Cost": 112494.46,
              "Plan Rows": 1,
              "Plan Width": 8,
              "Actual Startup Time": 400.263,
              "Actual Total Time": 400.361,
              "Actual Rows": 1,
              "Actual Loops": 4,
              "Plans": [
                {
                  "Node Type": "Hash Join",
                  "Parent Relationship": "Outer",
                  "Parallel Aware": true,
                  "Join Type": "Inner",
                  "Startup Cost": 81814.38,
                  "Total Cost": 112355.9,
                  "Plan Rows": 55420,
                  "Plan Width": 0,
                  "Actual Startup Time": 247.348,
                  "Actual Total Time": 388.75,
                  "Actual Rows": 249139,
                  "Actual Loops": 4,
                  "Inner Unique": false,
                  "Hash Cond": "(mc.movie_id = t.id)",
                  "Plans": [
                    {
                      "Node Type": "Seq Scan",
                      "Parent Relationship": "Outer",
                      "Parallel Aware": true,
                      "Relation Name": "movie_companies",
                      "Alias": "mc",
                      "Startup Cost": 0.0,
                      "Total Cost": 27206.55,
                      "Plan Rows": 841655,
                      "Plan Width": 4,
                      "Actual Startup Time": 0.019,
                      "Actual Total Time": 55.703,
                      "Actual Rows": 652282,
                      "Actual Loops": 4
                    },
                    {
                      "Node Type": "Hash",
                      "Parent Relationship": "Inner",
                      "Parallel Aware": true,
                      "Startup Cost": 81143.09,
                      "Total Cost": 81143.09,
                      "Plan Rows": 53703,
                      "Plan Width": 8,
                      "Actual Startup Time": 246.265,
                      "Actual Total Time": 246.362,
                      "Actual Rows": 45782,
                      "Actual Loops": 4,
                      "Hash Buckets": 262144,
                      "Original Hash Buckets": 262144,
                      "Hash Batches": 1,
                      "Original Hash Batches": 1,
                      "Peak Memory Usage": 9312,
                      "Plans": [
                        {
                          "Node Type": "Hash Join",
                          "Parent Relationship": "Outer",
                          "Parallel Aware": true,
                          "Join Type": "Inner",
                          "Startup Cost": 38265.01,
                          "Total Cost": 81143.09,
                          "Plan Rows": 53703,
                          "Plan Width": 8,
                          "Actual Startup Time": 60.319,
                          "Actual Total Time": 237.81,
                          "Actual Rows": 45782,
                          "Actual Loops": 4,
                          "Inner Unique": true,
                          "Hash Cond": "(mk.movie_id = t.id)",
                          "Plans": [
                            {
                              "Node Type": "Seq Scan",
                              "Parent Relationship": "Outer",
                              "Parallel Aware": true,
                              "Relation Name": "movie_keyword",
                              "Alias": "mk",
                              "Startup Cost": 0.0,
                              "Total Cost": 39047.32,
                              "Plan Rows": 1459332,
                              "Plan Width": 4,
                              "Actual Startup Time": 0.01,
                              "Actual Total Time": 85.548,
                              "Actual Rows": 1130982,
                              "Actual Loops": 4
                            },
                            {
                              "Node Type": "Hash",
                              "Parent Relationship": "Inner",
                              "Parallel Aware": true,
                              "Startup Cost": 37974.26,
                              "Total Cost": 37974.26,
                              "Plan Rows": 23260,
                              "Plan Width": 4,
                              "Actual Startup Time": 59.965,
                              "Actual Total Time": 59.966,
                              "Actual Rows": 22713,
                              "Actual Loops": 4,
                              "Hash Buckets": 131072,
                              "Original Hash Buckets": 131072,
                              "Hash Batches": 1,
                              "Original Hash Batches": 1,
                              "Peak Memory Usage": 4640,
                              "Plans": [
                                {
                                  "Node Type": "Bitmap Heap Scan",
                                  "Parent Relationship": "Outer",
                                  "Parallel Aware": true,
                                  "Relation Name": "title",
                                  "Alias": "t",
                                  "Startup Cost": 1685.51,
                                  "Total Cost": 37974.26,
                                  "Plan Rows": 23260,
                                  "Plan Width": 4,
                                  "Actual Startup Time": 15.174,
                                  "Actual Total Time": 51.506,
                                  "Actual Rows": 22713,
                                  "Actual Loops": 4,
                                  "Recheck Cond": "(kind_id = 2)",
                                  "Rows Removed by Index Recheck": 0,
                                  "Exact Heap Blocks": 9238,
                                  "Lossy Heap Blocks": 0,
                                  "Plans": [
                                    {
                                      "Node Type": "Bitmap Index Scan",
                                      "Parent Relationship": "Outer",
                                      "Parallel Aware": false,
                                      "Index Name": "kind_id_title",
                                      "Startup Cost": 0.0,
                                      "Total Cost": 1662.25,
                                      "Plan Rows": 93042,
                                      "Plan Width": 0,
                                      "Actual Startup Time": 9.608,
                                      "Actual Total Time": 9.608,
                                      "Actual Rows": 90852,
                                      "Actual Loops": 1,
                                      "Index Cond": "(kind_id = 2)"
                                    }
                                  ]
                                }
                              ]
                            }
                          ]
                        }
                      ]
                    }
                  ]
                }
              ]
            }
          ]
        }
      ]
    },
    "Planning Time": 0.543,
    "Triggers": [],
    "Execution Time": 413.723
  }
]