{
    "Plan": {
        "Node Type": "Aggregate",
        "Strategy": "Plain",
        "Partial Mode": "Finalize",
        "Parallel Aware": false,
        "Startup Cost": 90621.62,
        "Total Cost": 90621.63,
        "Plan Rows": 1,
        "Plan Width": 8,
        "Actual Startup Time": 254.593,
        "Actual Total Time": 276.073,
        "Actual Rows": 1,
        "Actual Loops": 1,
        "Output": [
            "count(*)"
        ],
        "Plans": [
            {
                "Node Type": "Gather",
                "Parent Relationship": "Outer",
                "Parallel Aware": false,
                "Startup Cost": 90621.3,
                "Total Cost": 90621.61,
                "Plan Rows": 3,
                "Plan Width": 8,
                "Actual Startup Time": 253.462,
                "Actual Total Time": 276.064,
                "Actual Rows": 4,
                "Actual Loops": 1,
                "Output": [
                    "(PARTIAL count(*))"
                ],
                "Workers Planned": 3,
                "Workers Launched": 3,
                "Single Copy": false,
                "Plans": [
                    {
                        "Node Type": "Aggregate",
                        "Strategy": "Plain",
                        "Partial Mode": "Partial",
                        "Parent Relationship": "Outer",
                        "Parallel Aware": false,
                        "Startup Cost": 89621.3,
                        "Total Cost": 89621.31,
                        "Plan Rows": 1,
                        "Plan Width": 8,
                        "Actual Startup Time": 247.858,
                        "Actual Total Time": 247.914,
                        "Actual Rows": 1,
                        "Actual Loops": 4,
                        "Output": [
                            "PARTIAL count(*)"
                        ],
                        "Workers": [
                            {
                                "Worker Number": 0,
                                "Actual Startup Time": 245.977,
                                "Actual Total Time": 245.979,
                                "Actual Rows": 1,
                                "Actual Loops": 1
                            },
                            {
                                "Worker Number": 1,
                                "Actual Startup Time": 246.132,
                                "Actual Total Time": 246.135,
                                "Actual Rows": 1,
                                "Actual Loops": 1
                            },
                            {
                                "Worker Number": 2,
                                "Actual Startup Time": 246.534,
                                "Actual Total Time": 246.537,
                                "Actual Rows": 1,
                                "Actual Loops": 1
                            }
                        ],
                        "Plans": [
                            {
                                "Node Type": "Hash Join",
                                "Parent Relationship": "Outer",
                                "Parallel Aware": true,
                                "Join Type": "Inner",
                                "Startup Cost": 46216.18,
                                "Total Cost": 89563.42,
                                "Plan Rows": 23153,
                                "Plan Width": 0,
                                "Actual Startup Time": 142.931,
                                "Actual Total Time": 244.864,
                                "Actual Rows": 70013,
                                "Actual Loops": 4,
                                "Inner Unique": true,
                                "Hash Cond": "(mk.movie_id = t.id)",
                                "Workers": [
                                    {
                                        "Worker Number": 0,
                                        "Actual Startup Time": 141.097,
                                        "Actual Total Time": 243.113,
                                        "Actual Rows": 64774,
                                        "Actual Loops": 1
                                    },
                                    {
                                        "Worker Number": 1,
                                        "Actual Startup Time": 141.284,
                                        "Actual Total Time": 243.251,
                                        "Actual Rows": 64954,
                                        "Actual Loops": 1
                                    },
                                    {
                                        "Worker Number": 2,
                                        "Actual Startup Time": 141.428,
                                        "Actual Total Time": 243.639,
                                        "Actual Rows": 65115,
                                        "Actual Loops": 1
                                    }
                                ],
                                "Plans": [
                                    {
                                        "Node Type": "Seq Scan",
                                        "Parent Relationship": "Outer",
                                        "Parallel Aware": true,
                                        "Relation Name": "movie_keyword",
                                        "Schema": "public",
                                        "Alias": "mk",
                                        "Startup Cost": 0.0,
                                        "Total Cost": 42695.65,
                                        "Plan Rows": 248223,
                                        "Plan Width": 4,
                                        "Actual Startup Time": 1.723,
                                        "Actual Total Time": 95.992,
                                        "Actual Rows": 188162,
                                        "Actual Loops": 4,
                                        "Output": [
                                            "mk.id",
                                            "mk.movie_id",
                                            "mk.keyword_id"
                                        ],
                                        "Filter": "(mk.keyword_id > 24852)",
                                        "Rows Removed by Filter": 942821,
                                        "Workers": [
                                            {
                                                "Worker Number": 0,
                                                "Actual Startup Time": 1.731,
                                                "Actual Total Time": 97.573,
                                                "Actual Rows": 173400,
                                                "Actual Loops": 1
                                            },
                                            {
                                                "Worker Number": 1,
                                                "Actual Startup Time": 1.718,
                                                "Actual Total Time": 97.586,
                                                "Actual Rows": 174572,
                                                "Actual Loops": 1
                                            },
                                            {
                                                "Worker Number": 2,
                                                "Actual Startup Time": 1.724,
                                                "Actual Total Time": 97.67,
                                                "Actual Rows": 172594,
                                                "Actual Loops": 1
                                            }
                                        ]
                                    },
                                    {
                                        "Node Type": "Hash",
                                        "Parent Relationship": "Inner",
                                        "Parallel Aware": true,
                                        "Startup Cost": 45479.21,
                                        "Total Cost": 45479.21,
                                        "Plan Rows": 58958,
                                        "Plan Width": 4,
                                        "Actual Startup Time": 117.966,
                                        "Actual Total Time": 117.967,
                                        "Actual Rows": 88269,
                                        "Actual Loops": 4,
                                        "Output": [
                                            "t.id"
                                        ],
                                        "Hash Buckets": 524288,
                                        "Original Hash Buckets": 262144,
                                        "Hash Batches": 1,
                                        "Original Hash Batches": 1,
                                        "Peak Memory Usage": 20000,
                                        "Workers": [
                                            {
                                                "Worker Number": 0,
                                                "Actual Startup Time": 117.869,
                                                "Actual Total Time": 117.869,
                                                "Actual Rows": 84243,
                                                "Actual Loops": 1
                                            },
                                            {
                                                "Worker Number": 1,
                                                "Actual Startup Time": 118.04,
                                                "Actual Total Time": 118.041,
                                                "Actual Rows": 84562,
                                                "Actual Loops": 1
                                            },
                                            {
                                                "Worker Number": 2,
                                                "Actual Startup Time": 118.185,
                                                "Actual Total Time": 118.186,
                                                "Actual Rows": 84963,
                                                "Actual Loops": 1
                                            }
                                        ],
                                        "Plans": [
                                            {
                                                "Node Type": "Seq Scan",
                                                "Parent Relationship": "Outer",
                                                "Parallel Aware": true,
                                                "Relation Name": "title",
                                                "Schema": "public",
                                                "Alias": "t",
                                                "Startup Cost": 0.0,
                                                "Total Cost": 45479.21,
                                                "Plan Rows": 58958,
                                                "Plan Width": 4,
                                                "Actual Startup Time": 55.393,
                                                "Actual Total Time": 93.561,
                                                "Actual Rows": 88269,
                                                "Actual Loops": 4,
                                                "Output": [
                                                    "t.id"
                                                ],
                                                "Filter": "((t.production_year < 1997) AND (t.kind_id = 1))",
                                                "Rows Removed by Filter": 543809,
                                                "Workers": [
                                                    {
                                                        "Worker Number": 0,
                                                        "Actual Startup Time": 55.369,
                                                        "Actual Total Time": 94.095,
                                                        "Actual Rows": 84243,
                                                        "Actual Loops": 1
                                                    },
                                                    {
                                                        "Worker Number": 1,
                                                        "Actual Startup Time": 55.464,
                                                        "Actual Total Time": 93.937,
                                                        "Actual Rows": 84562,
                                                        "Actual Loops": 1
                                                    },
                                                    {
                                                        "Worker Number": 2,
                                                        "Actual Startup Time": 55.361,
                                                        "Actual Total Time": 94.16,
                                                        "Actual Rows": 84963,
                                                        "Actual Loops": 1
                                                    }
                                                ]
                                            }
                                        ]
                                    }
                                ]
                            }
                        ]
                    }
                ]
            }
        ]
    },
    "Planning Time": 0.761,
    "Triggers": [],
    "Execution Time": 276.148
}