[
  {
    "Plan": {
      "Node Type": "Aggregate",
      "Strategy": "Plain",
      "Partial Mode": "Finalize",
      "Parallel Aware": false,
      "Startup Cost": 283189.81,
      "Total Cost": 283189.82,
      "Plan Rows": 1,
      "Plan Width": 8,
      "Actual Startup Time": 783.492,
      "Actual Total Time": 808.128,
      "Actual Rows": 1,
      "Actual Loops": 1,
      "Plans": [
        {
          "Node Type": "Gather",
          "Parent Relationship": "Outer",
          "Parallel Aware": false,
          "Startup Cost": 283189.19,
          "Total Cost": 283189.8,
          "Plan Rows": 6,
          "Plan Width": 8,
          "Actual Startup Time": 761.239,
          "Actual Total Time": 808.113,
          "Actual Rows": 7,
          "Actual Loops": 1,
          "Workers Planned": 6,
          "Workers Launched": 6,
          "Single Copy": false,
          "Plans": [
            {
              "Node Type": "Aggregate",
              "Strategy": "Plain",
              "Partial Mode": "Partial",
              "Parent Relationship": "Outer",
              "Parallel Aware": false,
              "Startup Cost": 282189.19,
              "Total Cost": 282189.2,
              "Plan Rows": 1,
              "Plan Width": 8,
              "Actual Startup Time": 737.429,
              "Actual Total Time": 737.433,
              "Actual Rows": 1,
              "Actual Loops": 7,
              "Plans": [
                {
                  "Node Type": "Hash Join",
                  "Parent Relationship": "Outer",
                  "Parallel Aware": true,
                  "Join Type": "Inner",
                  "Startup Cost": 50220.95,
                  "Total Cost": 280258.51,
                  "Plan Rows": 772269,
                  "Plan Width": 0,
                  "Actual Startup Time": 283.436,
                  "Actual Total Time": 721.055,
                  "Actual Rows": 318942,
                  "Actual Loops": 7,
                  "Inner Unique": true,
                  "Hash Cond": "(ci.movie_id = t.id)",
                  "Plans": [
                    {
                      "Node Type": "Index Scan",
                      "Parent Relationship": "Outer",
                      "Parallel Aware": true,
                      "Scan Direction": "Forward",
                      "Index Name": "role_id_cast_info",
                      "Relation Name": "cast_info",
                      "Alias": "ci",
                      "Startup Cost": 0.56,
                      "Total Cost": 228010.93,
                      "Plan Rows": 772269,
                      "Plan Width": 4,
                      "Actual Startup Time": 0.199,
                      "Actual Total Time": 255.292,
                      "Actual Rows": 318942,
                      "Actual Loops": 7,
                      "Index Cond": "(role_id > 5)",
                      "Rows Removed by Index Recheck": 0,
                      "Filter": "(person_id < 2011532)",
                      "Rows Removed by Filter": 893389
                    },
                    {
                      "Node Type": "Hash",
                      "Parent Relationship": "Inner",
                      "Parallel Aware": true,
                      "Startup Cost": 42319.06,
                      "Total Cost": 42319.06,
                      "Plan Rows": 632106,
                      "Plan Width": 4,
                      "Actual Startup Time": 276.107,
                      "Actual Total Time": 276.109,
                      "Actual Rows": 361187,
                      "Actual Loops": 7,
                      "Hash Buckets": 4194304,
                      "Original Hash Buckets": 4194304,
                      "Hash Batches": 1,
                      "Original Hash Batches": 1,
                      "Peak Memory Usage": 131808,
                      "Plans": [
                        {
                          "Node Type": "Seq Scan",
                          "Parent Relationship": "Outer",
                          "Parallel Aware": true,
                          "Relation Name": "title",
                          "Alias": "t",
                          "Startup Cost": 0.0,
                          "Total Cost": 42319.06,
                          "Plan Rows": 632106,
                          "Plan Width": 4,
                          "Actual Startup Time": 0.053,
                          "Actual Total Time": 84.294,
                          "Actual Rows": 361187,
                          "Actual Loops": 7
                        }
                      ]
                    }
                  ]
                }
              ]
            }
          ]
        }
      ]
    },
    "Planning Time": 0.649,
    "Triggers": [],
    "Execution Time": 808.213
  }
]