[
  {
    "Plan": {
      "Node Type": "Aggregate",
      "Strategy": "Plain",
      "Partial Mode": "Finalize",
      "Parallel Aware": false,
      "Startup Cost": 350113.55,
      "Total Cost": 350113.56,
      "Plan Rows": 1,
      "Plan Width": 8,
      "Actual Startup Time": 779.86,
      "Actual Total Time": 843.022,
      "Actual Rows": 1,
      "Actual Loops": 1,
      "Plans": [
        {
          "Node Type": "Gather",
          "Parent Relationship": "Outer",
          "Parallel Aware": false,
          "Startup Cost": 350112.93,
          "Total Cost": 350113.54,
          "Plan Rows": 6,
          "Plan Width": 8,
          "Actual Startup Time": 779.707,
          "Actual Total Time": 843.011,
          "Actual Rows": 7,
          "Actual Loops": 1,
          "Workers Planned": 6,
          "Workers Launched": 6,
          "Single Copy": false,
          "Plans": [
            {
              "Node Type": "Aggregate",
              "Strategy": "Plain",
              "Partial Mode": "Partial",
              "Parent Relationship": "Outer",
              "Parallel Aware": false,
              "Startup Cost": 349112.93,
              "Total Cost": 349112.94,
              "Plan Rows": 1,
              "Plan Width": 8,
              "Actual Startup Time": 770.734,
              "Actual Total Time": 770.736,
              "Actual Rows": 1,
              "Actual Loops": 7,
              "Plans": [
                {
                  "Node Type": "Seq Scan",
                  "Parent Relationship": "Outer",
                  "Parallel Aware": true,
                  "Relation Name": "cast_info",
                  "Alias": "ci",
                  "Startup Cost": 0.0,
                  "Total Cost": 343257.03,
                  "Plan Rows": 2342359,
                  "Plan Width": 0,
                  "Actual Startup Time": 0.047,
                  "Actual Total Time": 656.189,
                  "Actual Rows": 2837391,
                  "Actual Loops": 7,
                  "Filter": "((person_id < 2665147) AND (role_id < 3))",
                  "Rows Removed by Filter": 2340373
                }
              ]
            }
          ]
        }
      ]
    },
    "Planning Time": 0.232,
    "Triggers": [],
    "Execution Time": 843.098
  }
]