[
  {
    "Plan": {
      "Node Type": "Aggregate",
      "Strategy": "Plain",
      "Partial Mode": "Finalize",
      "Parallel Aware": false,
      "Startup Cost": 33078.48,
      "Total Cost": 33078.49,
      "Plan Rows": 1,
      "Plan Width": 8,
      "Actual Startup Time": 83.646,
      "Actual Total Time": 89.848,
      "Actual Rows": 1,
      "Actual Loops": 1,
      "Plans": [
        {
          "Node Type": "Gather",
          "Parent Relationship": "Outer",
          "Parallel Aware": false,
          "Startup Cost": 33078.16,
          "Total Cost": 33078.47,
          "Plan Rows": 3,
          "Plan Width": 8,
          "Actual Startup Time": 83.517,
          "Actual Total Time": 89.838,
          "Actual Rows": 4,
          "Actual Loops": 1,
          "Workers Planned": 3,
          "Workers Launched": 3,
          "Single Copy": false,
          "Plans": [
            {
              "Node Type": "Aggregate",
              "Strategy": "Plain",
              "Partial Mode": "Partial",
              "Parent Relationship": "Outer",
              "Parallel Aware": false,
              "Startup Cost": 32078.16,
              "Total Cost": 32078.17,
              "Plan Rows": 1,
              "Plan Width": 8,
              "Actual Startup Time": 78.251,
              "Actual Total Time": 78.252,
              "Actual Rows": 1,
              "Actual Loops": 4,
              "Plans": [
                {
                  "Node Type": "Seq Scan",
                  "Parent Relationship": "Outer",
                  "Parallel Aware": true,
                  "Relation Name": "movie_companies",
                  "Alias": "mc",
                  "Startup Cost": 0.0,
                  "Total Cost": 31414.82,
                  "Plan Rows": 265337,
                  "Plan Width": 0,
                  "Actual Startup Time": 2.877,
                  "Actual Total Time": 71.28,
                  "Actual Rows": 152800,
                  "Actual Loops": 4,
                  "Filter": "((company_id > 3458) AND (company_type_id = 1))",
                  "Rows Removed by Filter": 499482
                }
              ]
            }
          ]
        }
      ]
    },
    "Planning Time": 0.185,
    "Triggers": [],
    "Execution Time": 89.896
  }
]