[
    {
        "Bao": {
            "Bao prediction": "NaN",
            "Bao recommended hint": "(no hint)"
        }
    },
    {
        "Plan": {
            "Node Type": "Aggregate",
            "Strategy": "Plain",
            "Partial Mode": "Finalize",
            "Parallel Aware": false,
            "Startup Cost": 234980.65,
            "Total Cost": 234980.66,
            "Plan Rows": 1,
            "Plan Width": 8,
            "Actual Startup Time": 502.525,
            "Actual Total Time": 523.878,
            "Actual Rows": 1,
            "Actual Loops": 1,
            "Output": [
                "count(*)"
            ],
            "Plans": [
                {
                    "Node Type": "Gather",
                    "Parent Relationship": "Outer",
                    "Parallel Aware": false,
                    "Startup Cost": 234980.13,
                    "Total Cost": 234980.64,
                    "Plan Rows": 5,
                    "Plan Width": 8,
                    "Actual Startup Time": 483.062,
                    "Actual Total Time": 523.867,
                    "Actual Rows": 6,
                    "Actual Loops": 1,
                    "Output": [
                        "(PARTIAL count(*))"
                    ],
                    "Workers Planned": 5,
                    "Workers Launched": 5,
                    "Single Copy": false,
                    "Plans": [
                        {
                            "Node Type": "Aggregate",
                            "Strategy": "Plain",
                            "Partial Mode": "Partial",
                            "Parent Relationship": "Outer",
                            "Parallel Aware": false,
                            "Startup Cost": 233980.13,
                            "Total Cost": 233980.14,
                            "Plan Rows": 1,
                            "Plan Width": 8,
                            "Actual Startup Time": 469.708,
                            "Actual Total Time": 469.712,
                            "Actual Rows": 1,
                            "Actual Loops": 6,
                            "Output": [
                                "PARTIAL count(*)"
                            ],
                            "Workers": [
                                {
                                    "Worker Number": 0,
                                    "Actual Startup Time": 466.74,
                                    "Actual Total Time": 466.744,
                                    "Actual Rows": 1,
                                    "Actual Loops": 1
                                },
                                {
                                    "Worker Number": 1,
                                    "Actual Startup Time": 466.724,
                                    "Actual Total Time": 466.726,
                                    "Actual Rows": 1,
                                    "Actual Loops": 1
                                },
                                {
                                    "Worker Number": 2,
                                    "Actual Startup Time": 468.05,
                                    "Actual Total Time": 468.053,
                                    "Actual Rows": 1,
                                    "Actual Loops": 1
                                },
                                {
                                    "Worker Number": 3,
                                    "Actual Startup Time": 466.958,
                                    "Actual Total Time": 466.961,
                                    "Actual Rows": 1,
                                    "Actual Loops": 1
                                },
                                {
                                    "Worker Number": 4,
                                    "Actual Startup Time": 467.066,
                                    "Actual Total Time": 467.069,
                                    "Actual Rows": 1,
                                    "Actual Loops": 1
                                }
                            ],
                            "Plans": [
                                {
                                    "Node Type": "Hash Join",
                                    "Parent Relationship": "Outer",
                                    "Parallel Aware": true,
                                    "Join Type": "Inner",
                                    "Startup Cost": 68444.66,
                                    "Total Cost": 233477.65,
                                    "Plan Rows": 200991,
                                    "Plan Width": 0,
                                    "Actual Startup Time": 327.211,
                                    "Actual Total Time": 459.049,
                                    "Actual Rows": 166732,
                                    "Actual Loops": 6,
                                    "Inner Unique": true,
                                    "Hash Cond": "(mi.movie_id = t.id)",
                                    "Workers": [
                                        {
                                            "Worker Number": 0,
                                            "Actual Startup Time": 324.057,
                                            "Actual Total Time": 455.378,
                                            "Actual Rows": 154487,
                                            "Actual Loops": 1
                                        },
                                        {
                                            "Worker Number": 1,
                                            "Actual Startup Time": 324.897,
                                            "Actual Total Time": 456.311,
                                            "Actual Rows": 175515,
                                            "Actual Loops": 1
                                        },
                                        {
                                            "Worker Number": 2,
                                            "Actual Startup Time": 324.416,
                                            "Actual Total Time": 458.472,
                                            "Actual Rows": 159952,
                                            "Actual Loops": 1
                                        },
                                        {
                                            "Worker Number": 3,
                                            "Actual Startup Time": 324.938,
                                            "Actual Total Time": 455.693,
                                            "Actual Rows": 133123,
                                            "Actual Loops": 1
                                        },
                                        {
                                            "Worker Number": 4,
                                            "Actual Startup Time": 324.661,
                                            "Actual Total Time": 456.658,
                                            "Actual Rows": 175162,
                                            "Actual Loops": 1
                                        }
                                    ],
                                    "Plans": [
                                        {
                                            "Node Type": "Bitmap Heap Scan",
                                            "Parent Relationship": "Outer",
                                            "Parallel Aware": true,
                                            "Relation Name": "movie_info",
                                            "Schema": "public",
                                            "Alias": "mi",
                                            "Startup Cost": 18224.85,
                                            "Total Cost": 182730.24,
                                            "Plan Rows": 200991,
                                            "Plan Width": 4,
                                            "Actual Startup Time": 73.178,
                                            "Actual Total Time": 131.583,
                                            "Actual Rows": 166732,
                                            "Actual Loops": 6,
                                            "Output": [
                                                "mi.id",
                                                "mi.movie_id",
                                                "mi.info_type_id",
                                                "mi.info",
                                                "mi.note"
                                            ],
                                            "Recheck Cond": "(mi.info_type_id > 88)",
                                            "Rows Removed by Index Recheck": 0,
                                            "Exact Heap Blocks": 7361,
                                            "Lossy Heap Blocks": 0,
                                            "Workers": [
                                                {
                                                    "Worker Number": 0,
                                                    "Actual Startup Time": 72.852,
                                                    "Actual Total Time": 134.209,
                                                    "Actual Rows": 154487,
                                                    "Actual Loops": 1
                                                },
                                                {
                                                    "Worker Number": 1,
                                                    "Actual Startup Time": 73.549,
                                                    "Actual Total Time": 132.671,
                                                    "Actual Rows": 175515,
                                                    "Actual Loops": 1
                                                },
                                                {
                                                    "Worker Number": 2,
                                                    "Actual Startup Time": 73.234,
                                                    "Actual Total Time": 134.025,
                                                    "Actual Rows": 159952,
                                                    "Actual Loops": 1
                                                },
                                                {
                                                    "Worker Number": 3,
                                                    "Actual Startup Time": 73.345,
                                                    "Actual Total Time": 134.161,
                                                    "Actual Rows": 133123,
                                                    "Actual Loops": 1
                                                },
                                                {
                                                    "Worker Number": 4,
                                                    "Actual Startup Time": 73.113,
                                                    "Actual Total Time": 132.342,
                                                    "Actual Rows": 175162,
                                                    "Actual Loops": 1
                                                }
                                            ],
                                            "Plans": [
                                                {
                                                    "Node Type": "Bitmap Index Scan",
                                                    "Parent Relationship": "Outer",
                                                    "Parallel Aware": false,
                                                    "Index Name": "info_type_id_movie_info",
                                                    "Startup Cost": 0.0,
                                                    "Total Cost": 17973.61,
                                                    "Plan Rows": 1004957,
                                                    "Plan Width": 0,
                                                    "Actual Startup Time": 64.244,
                                                    "Actual Total Time": 64.245,
                                                    "Actual Rows": 1000392,
                                                    "Actual Loops": 1,
                                                    "Index Cond": "(mi.info_type_id > 88)",
                                                    "Workers": [
                                                        {
                                                            "Worker Number": 0,
                                                            "Actual Startup Time": 64.244,
                                                            "Actual Total Time": 64.245,
                                                            "Actual Rows": 1000392,
                                                            "Actual Loops": 1
                                                        }
                                                    ]
                                                }
                                            ]
                                        },
                                        {
                                            "Node Type": "Hash",
                                            "Parent Relationship": "Inner",
                                            "Parallel Aware": true,
                                            "Startup Cost": 42318.81,
                                            "Total Cost": 42318.81,
                                            "Plan Rows": 632080,
                                            "Plan Width": 4,
                                            "Actual Startup Time": 248.827,
                                            "Actual Total Time": 248.828,
                                            "Actual Rows": 421385,
                                            "Actual Loops": 6,
                                            "Output": [
                                                "t.id"
                                            ],
                                            "Hash Buckets": 4194304,
                                            "Original Hash Buckets": 4194304,
                                            "Hash Batches": 1,
                                            "Original Hash Batches": 1,
                                            "Peak Memory Usage": 131808,
                                            "Workers": [
                                                {
                                                    "Worker Number": 0,
                                                    "Actual Startup Time": 250.8,
                                                    "Actual Total Time": 250.801,
                                                    "Actual Rows": 328106,
                                                    "Actual Loops": 1
                                                },
                                                {
                                                    "Worker Number": 1,
                                                    "Actual Startup Time": 250.763,
                                                    "Actual Total Time": 250.764,
                                                    "Actual Rows": 445117,
                                                    "Actual Loops": 1
                                                },
                                                {
                                                    "Worker Number": 2,
                                                    "Actual Startup Time": 250.704,
                                                    "Actual Total Time": 250.705,
                                                    "Actual Rows": 397965,
                                                    "Actual Loops": 1
                                                },
                                                {
                                                    "Worker Number": 3,
                                                    "Actual Startup Time": 250.967,
                                                    "Actual Total Time": 250.968,
                                                    "Actual Rows": 321626,
                                                    "Actual Loops": 1
                                                },
                                                {
                                                    "Worker Number": 4,
                                                    "Actual Startup Time": 251.067,
                                                    "Actual Total Time": 251.068,
                                                    "Actual Rows": 449434,
                                                    "Actual Loops": 1
                                                }
                                            ],
                                            "Plans": [
                                                {
                                                    "Node Type": "Seq Scan",
                                                    "Parent Relationship": "Outer",
                                                    "Parallel Aware": true,
                                                    "Relation Name": "title",
                                                    "Schema": "public",
                                                    "Alias": "t",
                                                    "Startup Cost": 0.0,
                                                    "Total Cost": 42318.81,
                                                    "Plan Rows": 632080,
                                                    "Plan Width": 4,
                                                    "Actual Startup Time": 0.036,
                                                    "Actual Total Time": 73.393,
                                                    "Actual Rows": 421385,
                                                    "Actual Loops": 6,
                                                    "Output": [
                                                        "t.id"
                                                    ],
                                                    "Workers": [
                                                        {
                                                            "Worker Number": 0,
                                                            "Actual Startup Time": 0.048,
                                                            "Actual Total Time": 80.344,
                                                            "Actual Rows": 328106,
                                                            "Actual Loops": 1
                                                        },
                                                        {
                                                            "Worker Number": 1,
                                                            "Actual Startup Time": 0.024,
                                                            "Actual Total Time": 73.989,
                                                            "Actual Rows": 445117,
                                                            "Actual Loops": 1
                                                        },
                                                        {
                                                            "Worker Number": 2,
                                                            "Actual Startup Time": 0.051,
                                                            "Actual Total Time": 70.664,
                                                            "Actual Rows": 397965,
                                                            "Actual Loops": 1
                                                        },
                                                        {
                                                            "Worker Number": 3,
                                                            "Actual Startup Time": 0.042,
                                                            "Actual Total Time": 79.72,
                                                            "Actual Rows": 321626,
                                                            "Actual Loops": 1
                                                        },
                                                        {
                                                            "Worker Number": 4,
                                                            "Actual Startup Time": 0.04,
                                                            "Actual Total Time": 74.391,
                                                            "Actual Rows": 449434,
                                                            "Actual Loops": 1
                                                        }
                                                    ]
                                                }
                                            ]
                                        }
                                    ]
                                }
                            ]
                        }
                    ]
                }
            ]
        },
        "Planning Time": 196.202,
        "Triggers": [],
        "Execution Time": 523.946
    }
]