[
  {
    "Plan": {
      "Node Type": "Aggregate",
      "Strategy": "Plain",
      "Partial Mode": "Finalize",
      "Parallel Aware": false,
      "Startup Cost": 44442.11,
      "Total Cost": 44442.12,
      "Plan Rows": 1,
      "Plan Width": 8,
      "Actual Startup Time": 131.397,
      "Actual Total Time": 144.231,
      "Actual Rows": 1,
      "Actual Loops": 1,
      "Plans": [
        {
          "Node Type": "Gather",
          "Parent Relationship": "Outer",
          "Parallel Aware": false,
          "Startup Cost": 44441.79,
          "Total Cost": 44442.1,
          "Plan Rows": 3,
          "Plan Width": 8,
          "Actual Startup Time": 131.243,
          "Actual Total Time": 144.222,
          "Actual Rows": 4,
          "Actual Loops": 1,
          "Workers Planned": 3,
          "Workers Launched": 3,
          "Single Copy": false,
          "Plans": [
            {
              "Node Type": "Aggregate",
              "Strategy": "Plain",
              "Partial Mode": "Partial",
              "Parent Relationship": "Outer",
              "Parallel Aware": false,
              "Startup Cost": 43441.79,
              "Total Cost": 43441.8,
              "Plan Rows": 1,
              "Plan Width": 8,
              "Actual Startup Time": 125.32,
              "Actual Total Time": 125.321,
              "Actual Rows": 1,
              "Actual Loops": 4,
              "Plans": [
                {
                  "Node Type": "Seq Scan",
                  "Parent Relationship": "Outer",
                  "Parallel Aware": true,
                  "Relation Name": "movie_keyword",
                  "Alias": "mk",
                  "Startup Cost": 0.0,
                  "Total Cost": 42695.65,
                  "Plan Rows": 298456,
                  "Plan Width": 0,
                  "Actual Startup Time": 0.043,
                  "Actual Total Time": 111.913,
                  "Actual Rows": 233589,
                  "Actual Loops": 4,
                  "Filter": "(keyword_id < 875)",
                  "Rows Removed by Filter": 897394
                }
              ]
            }
          ]
        }
      ]
    },
    "Planning Time": 0.185,
    "Triggers": [],
    "Execution Time": 144.286
  }
]