[
  {
    "Plan": {
      "Node Type": "Aggregate",
      "Strategy": "Plain",
      "Partial Mode": "Finalize",
      "Parallel Aware": false,
      "Startup Cost": 46511.79,
      "Total Cost": 46511.8,
      "Plan Rows": 1,
      "Plan Width": 8,
      "Actual Startup Time": 71.73,
      "Actual Total Time": 77.97,
      "Actual Rows": 1,
      "Actual Loops": 1,
      "Plans": [
        {
          "Node Type": "Gather",
          "Parent Relationship": "Outer",
          "Parallel Aware": false,
          "Startup Cost": 46511.37,
          "Total Cost": 46511.78,
          "Plan Rows": 4,
          "Plan Width": 8,
          "Actual Startup Time": 71.624,
          "Actual Total Time": 77.964,
          "Actual Rows": 5,
          "Actual Loops": 1,
          "Workers Planned": 4,
          "Workers Launched": 4,
          "Single Copy": false,
          "Plans": [
            {
              "Node Type": "Aggregate",
              "Strategy": "Plain",
              "Partial Mode": "Partial",
              "Parent Relationship": "Outer",
              "Parallel Aware": false,
              "Startup Cost": 45511.37,
              "Total Cost": 45511.38,
              "Plan Rows": 1,
              "Plan Width": 8,
              "Actual Startup Time": 68.414,
              "Actual Total Time": 68.415,
              "Actual Rows": 1,
              "Actual Loops": 5,
              "Plans": [
                {
                  "Node Type": "Seq Scan",
                  "Parent Relationship": "Outer",
                  "Parallel Aware": true,
                  "Relation Name": "title",
                  "Alias": "t",
                  "Startup Cost": 0.0,
                  "Total Cost": 45479.21,
                  "Plan Rows": 12866,
                  "Plan Width": 0,
                  "Actual Startup Time": 38.578,
                  "Actual Total Time": 66.759,
                  "Actual Rows": 34880,
                  "Actual Loops": 5,
                  "Filter": "((production_year < 1955) AND (kind_id = 1))",
                  "Rows Removed by Filter": 470783
                }
              ]
            }
          ]
        }
      ]
    },
    "Planning Time": 0.077,
    "Triggers": [],
    "Execution Time": 77.996
  }
]