[
    {
        "Bao": {
            "Bao prediction": "NaN",
            "Bao recommended hint": "(no hint)"
        }
    },
    {
        "Plan": {
            "Node Type": "Aggregate",
            "Strategy": "Plain",
            "Partial Mode": "Finalize",
            "Parallel Aware": false,
            "Startup Cost": 20556.81,
            "Total Cost": 20556.82,
            "Plan Rows": 1,
            "Plan Width": 8,
            "Actual Startup Time": 19.285,
            "Actual Total Time": 22.168,
            "Actual Rows": 1,
            "Actual Loops": 1,
            "Output": [
                "count(*)"
            ],
            "Plans": [
                {
                    "Node Type": "Gather",
                    "Parent Relationship": "Outer",
                    "Parallel Aware": false,
                    "Startup Cost": 20556.6,
                    "Total Cost": 20556.81,
                    "Plan Rows": 2,
                    "Plan Width": 8,
                    "Actual Startup Time": 18.943,
                    "Actual Total Time": 22.16,
                    "Actual Rows": 3,
                    "Actual Loops": 1,
                    "Output": [
                        "(PARTIAL count(*))"
                    ],
                    "Workers Planned": 2,
                    "Workers Launched": 2,
                    "Single Copy": false,
                    "Plans": [
                        {
                            "Node Type": "Aggregate",
                            "Strategy": "Plain",
                            "Partial Mode": "Partial",
                            "Parent Relationship": "Outer",
                            "Parallel Aware": false,
                            "Startup Cost": 19556.6,
                            "Total Cost": 19556.61,
                            "Plan Rows": 1,
                            "Plan Width": 8,
                            "Actual Startup Time": 11.374,
                            "Actual Total Time": 11.376,
                            "Actual Rows": 1,
                            "Actual Loops": 3,
                            "Output": [
                                "PARTIAL count(*)"
                            ],
                            "Workers": [
                                {
                                    "Worker Number": 0,
                                    "Actual Startup Time": 7.624,
                                    "Actual Total Time": 7.626,
                                    "Actual Rows": 1,
                                    "Actual Loops": 1
                                },
                                {
                                    "Worker Number": 1,
                                    "Actual Startup Time": 7.879,
                                    "Actual Total Time": 7.882,
                                    "Actual Rows": 1,
                                    "Actual Loops": 1
                                }
                            ],
                            "Plans": [
                                {
                                    "Node Type": "Nested Loop",
                                    "Parent Relationship": "Outer",
                                    "Parallel Aware": false,
                                    "Join Type": "Inner",
                                    "Startup Cost": 110.67,
                                    "Total Cost": 19553.97,
                                    "Plan Rows": 1053,
                                    "Plan Width": 0,
                                    "Actual Startup Time": 1.907,
                                    "Actual Total Time": 11.258,
                                    "Actual Rows": 808,
                                    "Actual Loops": 3,
                                    "Inner Unique": true,
                                    "Workers": [
                                        {
                                            "Worker Number": 0,
                                            "Actual Startup Time": 0.359,
                                            "Actual Total Time": 7.561,
                                            "Actual Rows": 117,
                                            "Actual Loops": 1
                                        },
                                        {
                                            "Worker Number": 1,
                                            "Actual Startup Time": 0.353,
                                            "Actual Total Time": 7.808,
                                            "Actual Rows": 113,
                                            "Actual Loops": 1
                                        }
                                    ],
                                    "Plans": [
                                        {
                                            "Node Type": "Bitmap Heap Scan",
                                            "Parent Relationship": "Outer",
                                            "Parallel Aware": true,
                                            "Relation Name": "movie_companies",
                                            "Schema": "public",
                                            "Alias": "mc",
                                            "Startup Cost": 110.24,
                                            "Total Cost": 11317.13,
                                            "Plan Rows": 1053,
                                            "Plan Width": 4,
                                            "Actual Startup Time": 1.741,
                                            "Actual Total Time": 3.892,
                                            "Actual Rows": 808,
                                            "Actual Loops": 3,
                                            "Output": [
                                                "mc.id",
                                                "mc.movie_id",
                                                "mc.company_id",
                                                "mc.company_type_id",
                                                "mc.note"
                                            ],
                                            "Recheck Cond": "(mc.company_id = 73)",
                                            "Rows Removed by Index Recheck": 0,
                                            "Filter": "(mc.company_type_id = 2)",
                                            "Rows Removed by Filter": 1085,
                                            "Exact Heap Blocks": 2423,
                                            "Lossy Heap Blocks": 0,
                                            "Workers": [
                                                {
                                                    "Worker Number": 0,
                                                    "Actual Startup Time": 0.123,
                                                    "Actual Total Time": 2.115,
                                                    "Actual Rows": 117,
                                                    "Actual Loops": 1
                                                },
                                                {
                                                    "Worker Number": 1,
                                                    "Actual Startup Time": 0.114,
                                                    "Actual Total Time": 1.821,
                                                    "Actual Rows": 113,
                                                    "Actual Loops": 1
                                                }
                                            ],
                                            "Plans": [
                                                {
                                                    "Node Type": "Bitmap Index Scan",
                                                    "Parent Relationship": "Outer",
                                                    "Parallel Aware": false,
                                                    "Index Name": "company_id_movie_companies",
                                                    "Startup Cost": 0.0,
                                                    "Total Cost": 109.61,
                                                    "Plan Rows": 4957,
                                                    "Plan Width": 0,
                                                    "Actual Startup Time": 1.211,
                                                    "Actual Total Time": 1.211,
                                                    "Actual Rows": 5677,
                                                    "Actual Loops": 1,
                                                    "Index Cond": "(mc.company_id = 73)"
                                                }
                                            ]
                                        },
                                        {
                                            "Node Type": "Index Only Scan",
                                            "Parent Relationship": "Inner",
                                            "Parallel Aware": false,
                                            "Scan Direction": "Forward",
                                            "Index Name": "title_pkey",
                                            "Relation Name": "title",
                                            "Schema": "public",
                                            "Alias": "t",
                                            "Startup Cost": 0.43,
                                            "Total Cost": 7.82,
                                            "Plan Rows": 1,
                                            "Plan Width": 4,
                                            "Actual Startup Time": 0.008,
                                            "Actual Total Time": 0.008,
                                            "Actual Rows": 1,
                                            "Actual Loops": 2423,
                                            "Output": [
                                                "t.id"
                                            ],
                                            "Index Cond": "(t.id = mc.movie_id)",
                                            "Rows Removed by Index Recheck": 0,
                                            "Heap Fetches": 2423,
                                            "Workers": [
                                                {
                                                    "Worker Number": 0,
                                                    "Actual Startup Time": 0.045,
                                                    "Actual Total Time": 0.045,
                                                    "Actual Rows": 1,
                                                    "Actual Loops": 117
                                                },
                                                {
                                                    "Worker Number": 1,
                                                    "Actual Startup Time": 0.051,
                                                    "Actual Total Time": 0.051,
                                                    "Actual Rows": 1,
                                                    "Actual Loops": 113
                                                }
                                            ]
                                        }
                                    ]
                                }
                            ]
                        }
                    ]
                }
            ]
        },
        "Planning Time": 224.008,
        "Triggers": [],
        "Execution Time": 22.238
    }
]