{
    "Plan": {
        "Node Type": "Aggregate",
        "Strategy": "Plain",
        "Partial Mode": "Simple",
        "Parallel Aware": false,
        "Startup Cost": 20000006628.57,
        "Total Cost": 20000006628.58,
        "Plan Rows": 1,
        "Plan Width": 8,
        "Actual Startup Time": 1.568,
        "Actual Total Time": 1.57,
        "Actual Rows": 1,
        "Actual Loops": 1,
        "Output": [
            "count(*)"
        ],
        "Plans": [
            {
                "Node Type": "Nested Loop",
                "Parent Relationship": "Outer",
                "Parallel Aware": false,
                "Join Type": "Inner",
                "Startup Cost": 20000000017.63,
                "Total Cost": 20000006627.11,
                "Plan Rows": 585,
                "Plan Width": 0,
                "Actual Startup Time": 0.501,
                "Actual Total Time": 1.506,
                "Actual Rows": 491,
                "Actual Loops": 1,
                "Inner Unique": false,
                "Plans": [
                    {
                        "Node Type": "Nested Loop",
                        "Parent Relationship": "Outer",
                        "Parallel Aware": false,
                        "Join Type": "Inner",
                        "Startup Cost": 10000000016.8,
                        "Total Cost": 10000004711.69,
                        "Plan Rows": 327,
                        "Plan Width": 8,
                        "Actual Startup Time": 0.346,
                        "Actual Total Time": 0.731,
                        "Actual Rows": 5,
                        "Actual Loops": 1,
                        "Output": [
                            "t.id",
                            "ci.movie_id"
                        ],
                        "Inner Unique": true,
                        "Plans": [
                            {
                                "Node Type": "Bitmap Heap Scan",
                                "Parent Relationship": "Outer",
                                "Parallel Aware": false,
                                "Relation Name": "cast_info",
                                "Schema": "public",
                                "Alias": "ci",
                                "Startup Cost": 12.43,
                                "Total Cost": 1968.46,
                                "Plan Rows": 327,
                                "Plan Width": 4,
                                "Actual Startup Time": 0.224,
                                "Actual Total Time": 0.273,
                                "Actual Rows": 5,
                                "Actual Loops": 1,
                                "Output": [
                                    "ci.id",
                                    "ci.person_id",
                                    "ci.movie_id",
                                    "ci.person_role_id",
                                    "ci.note",
                                    "ci.nr_order",
                                    "ci.role_id"
                                ],
                                "Recheck Cond": "(ci.person_id = 2787150)",
                                "Rows Removed by Index Recheck": 0,
                                "Filter": "(ci.role_id > 1)",
                                "Rows Removed by Filter": 0,
                                "Exact Heap Blocks": 2,
                                "Lossy Heap Blocks": 0,
                                "Plans": [
                                    {
                                        "Node Type": "Bitmap Index Scan",
                                        "Parent Relationship": "Outer",
                                        "Parallel Aware": false,
                                        "Index Name": "person_id_cast_info",
                                        "Startup Cost": 0.0,
                                        "Total Cost": 12.34,
                                        "Plan Rows": 504,
                                        "Plan Width": 0,
                                        "Actual Startup Time": 0.166,
                                        "Actual Total Time": 0.166,
                                        "Actual Rows": 5,
                                        "Actual Loops": 1,
                                        "Index Cond": "(ci.person_id = 2787150)"
                                    }
                                ]
                            },
                            {
                                "Node Type": "Bitmap Heap Scan",
                                "Parent Relationship": "Inner",
                                "Parallel Aware": false,
                                "Relation Name": "title",
                                "Schema": "public",
                                "Alias": "t",
                                "Startup Cost": 4.38,
                                "Total Cost": 8.39,
                                "Plan Rows": 1,
                                "Plan Width": 4,
                                "Actual Startup Time": 0.084,
                                "Actual Total Time": 0.084,
                                "Actual Rows": 1,
                                "Actual Loops": 5,
                                "Output": [
                                    "t.id",
                                    "t.title",
                                    "t.imdb_index",
                                    "t.kind_id",
                                    "t.production_year",
                                    "t.imdb_id",
                                    "t.phonetic_code",
                                    "t.episode_of_id",
                                    "t.season_nr",
                                    "t.episode_nr",
                                    "t.series_years",
                                    "t.md5sum"
                                ],
                                "Recheck Cond": "(t.id = ci.movie_id)",
                                "Rows Removed by Index Recheck": 0,
                                "Exact Heap Blocks": 5,
                                "Lossy Heap Blocks": 0,
                                "Plans": [
                                    {
                                        "Node Type": "Bitmap Index Scan",
                                        "Parent Relationship": "Outer",
                                        "Parallel Aware": false,
                                        "Index Name": "title_pkey",
                                        "Startup Cost": 0.0,
                                        "Total Cost": 4.38,
                                        "Plan Rows": 1,
                                        "Plan Width": 0,
                                        "Actual Startup Time": 0.054,
                                        "Actual Total Time": 0.055,
                                        "Actual Rows": 1,
                                        "Actual Loops": 5,
                                        "Index Cond": "(t.id = ci.movie_id)"
                                    }
                                ]
                            }
                        ]
                    },
                    {
                        "Node Type": "Bitmap Heap Scan",
                        "Parent Relationship": "Inner",
                        "Parallel Aware": false,
                        "Relation Name": "movie_keyword",
                        "Schema": "public",
                        "Alias": "mk",
                        "Startup Cost": 0.82,
                        "Total Cost": 5.4,
                        "Plan Rows": 46,
                        "Plan Width": 4,
                        "Actual Startup Time": 0.109,
                        "Actual Total Time": 0.13,
                        "Actual Rows": 98,
                        "Actual Loops": 5,
                        "Output": [
                            "mk.id",
                            "mk.movie_id",
                            "mk.keyword_id"
                        ],
                        "Recheck Cond": "(mk.movie_id = t.id)",
                        "Rows Removed by Index Recheck": 0,
                        "Exact Heap Blocks": 8,
                        "Lossy Heap Blocks": 0,
                        "Plans": [
                            {
                                "Node Type": "Bitmap Index Scan",
                                "Parent Relationship": "Outer",
                                "Parallel Aware": false,
                                "Index Name": "movie_id_movie_keyword",
                                "Startup Cost": 0.0,
                                "Total Cost": 0.81,
                                "Plan Rows": 46,
                                "Plan Width": 0,
                                "Actual Startup Time": 0.077,
                                "Actual Total Time": 0.077,
                                "Actual Rows": 98,
                                "Actual Loops": 5,
                                "Index Cond": "(mk.movie_id = t.id)"
                            }
                        ]
                    }
                ]
            }
        ]
    },
    "Planning Time": 3.977,
    "Triggers": [],
    "Execution Time": 2.018
}