[
  {
    "Plan": {
      "Node Type": "Aggregate",
      "Strategy": "Plain",
      "Partial Mode": "Finalize",
      "Parallel Aware": false,
      "Startup Cost": 217347.89,
      "Total Cost": 217347.9,
      "Plan Rows": 1,
      "Plan Width": 8,
      "Actual Startup Time": 4190.325,
      "Actual Total Time": 4284.176,
      "Actual Rows": 1,
      "Actual Loops": 1,
      "Plans": [
        {
          "Node Type": "Gather",
          "Parent Relationship": "Outer",
          "Parallel Aware": false,
          "Startup Cost": 217347.57,
          "Total Cost": 217347.88,
          "Plan Rows": 3,
          "Plan Width": 8,
          "Actual Startup Time": 4188.871,
          "Actual Total Time": 4284.166,
          "Actual Rows": 4,
          "Actual Loops": 1,
          "Workers Planned": 3,
          "Workers Launched": 3,
          "Single Copy": false,
          "Plans": [
            {
              "Node Type": "Aggregate",
              "Strategy": "Plain",
              "Partial Mode": "Partial",
              "Parent Relationship": "Outer",
              "Parallel Aware": false,
              "Startup Cost": 216347.57,
              "Total Cost": 216347.58,
              "Plan Rows": 1,
              "Plan Width": 8,
              "Actual Startup Time": 4179.494,
              "Actual Total Time": 4179.558,
              "Actual Rows": 1,
              "Actual Loops": 4,
              "Plans": [
                {
                  "Node Type": "Nested Loop",
                  "Parent Relationship": "Outer",
                  "Parallel Aware": false,
                  "Join Type": "Inner",
                  "Startup Cost": 46141.26,
                  "Total Cost": 216289.41,
                  "Plan Rows": 23263,
                  "Plan Width": 0,
                  "Actual Startup Time": 173.643,
                  "Actual Total Time": 4160.001,
                  "Actual Rows": 285450,
                  "Actual Loops": 4,
                  "Inner Unique": false,
                  "Join Filter": "(t.id = ci.movie_id)",
                  "Rows Removed by Join Filter": 0,
                  "Plans": [
                    {
                      "Node Type": "Hash Join",
                      "Parent Relationship": "Outer",
                      "Parallel Aware": true,
                      "Join Type": "Inner",
                      "Startup Cost": 46140.7,
                      "Total Cost": 75556.59,
                      "Plan Rows": 70478,
                      "Plan Width": 8,
                      "Actual Startup Time": 173.139,
                      "Actual Total Time": 425.331,
                      "Actual Rows": 179069,
                      "Actual Loops": 4,
                      "Inner Unique": true,
                      "Hash Cond": "(mc.movie_id = t.id)",
                      "Plans": [
                        {
                          "Node Type": "Seq Scan",
                          "Parent Relationship": "Outer",
                          "Parallel Aware": true,
                          "Relation Name": "movie_companies",
                          "Alias": "mc",
                          "Startup Cost": 0.0,
                          "Total Cost": 27206.55,
                          "Plan Rows": 841655,
                          "Plan Width": 4,
                          "Actual Startup Time": 0.016,
                          "Actual Total Time": 71.07,
                          "Actual Rows": 652282,
                          "Actual Loops": 4
                        },
                        {
                          "Node Type": "Hash",
                          "Parent Relationship": "Inner",
                          "Parallel Aware": true,
                          "Startup Cost": 45479.1,
                          "Total Cost": 45479.1,
                          "Plan Rows": 52928,
                          "Plan Width": 4,
                          "Actual Startup Time": 140.998,
                          "Actual Total Time": 140.998,
                          "Actual Rows": 85406,
                          "Actual Loops": 4,
                          "Hash Buckets": 524288,
                          "Original Hash Buckets": 262144,
                          "Hash Batches": 1,
                          "Original Hash Batches": 1,
                          "Peak Memory Usage": 19552,
                          "Plans": [
                            {
                              "Node Type": "Seq Scan",
                              "Parent Relationship": "Outer",
                              "Parallel Aware": true,
                              "Relation Name": "title",
                              "Alias": "t",
                              "Startup Cost": 0.0,
                              "Total Cost": 45479.1,
                              "Plan Rows": 52928,
                              "Plan Width": 4,
                              "Actual Startup Time": 61.897,
                              "Actual Total Time": 107.003,
                              "Actual Rows": 85406,
                              "Actual Loops": 4,
                              "Filter": "((kind_id < 2) AND (production_year < 1995))",
                              "Rows Removed by Filter": 546672
                            }
                          ]
                        }
                      ]
                    },
                    {
                      "Node Type": "Index Scan",
                      "Parent Relationship": "Inner",
                      "Parallel Aware": false,
                      "Scan Direction": "Forward",
                      "Index Name": "movie_id_cast_info",
                      "Relation Name": "cast_info",
                      "Alias": "ci",
                      "Startup Cost": 0.56,
                      "Total Cost": 1.98,
                      "Plan Rows": 1,
                      "Plan Width": 4,
                      "Actual Startup Time": 0.007,
                      "Actual Total Time": 0.02,
                      "Actual Rows": 2,
                      "Actual Loops": 716275,
                      "Index Cond": "(movie_id = mc.movie_id)",
                      "Rows Removed by Index Recheck": 0,
                      "Filter": "((person_id < 237757) AND (role_id < 2))",
                      "Rows Removed by Filter": 24
                    }
                  ]
                }
              ]
            }
          ]
        }
      ]
    },
    "Planning Time": 1.535,
    "Triggers": [],
    "Execution Time": 4284.292
  }
]