{
  "Plan": {
    "Node Type": "Aggregate",
    "Strategy": "Plain",
    "Partial Mode": "Finalize",
    "Parallel Aware": false,
    "Startup Cost": 311060.42,
    "Total Cost": 311060.43,
    "Plan Rows": 1,
    "Plan Width": 64,
    "Actual Startup Time": 907.826,
    "Actual Total Time": 973.933,
    "Actual Rows": 1,
    "Actual Loops": 1,
    "Plans": [
      {
        "Node Type": "Gather",
        "Parent Relationship": "Outer",
        "Parallel Aware": false,
        "Startup Cost": 311059.99,
        "Total Cost": 311060.4,
        "Plan Rows": 4,
        "Plan Width": 64,
        "Actual Startup Time": 907.473,
        "Actual Total Time": 973.919,
        "Actual Rows": 5,
        "Actual Loops": 1,
        "Workers Planned": 4,
        "Workers Launched": 4,
        "Single Copy": false,
        "Plans": [
          {
            "Node Type": "Aggregate",
            "Strategy": "Plain",
            "Partial Mode": "Partial",
            "Parent Relationship": "Outer",
            "Parallel Aware": false,
            "Startup Cost": 310059.99,
            "Total Cost": 310060.0,
            "Plan Rows": 1,
            "Plan Width": 64,
            "Actual Startup Time": 895.835,
            "Actual Total Time": 895.857,
            "Actual Rows": 1,
            "Actual Loops": 5,
            "Plans": [
              {
                "Node Type": "Hash Join",
                "Parent Relationship": "Outer",
                "Parallel Aware": true,
                "Join Type": "Inner",
                "Startup Cost": 263911.85,
                "Total Cost": 310059.95,
                "Plan Rows": 8,
                "Plan Width": 60,
                "Actual Startup Time": 827.66,
                "Actual Total Time": 895.824,
                "Actual Rows": 96,
                "Actual Loops": 5,
                "Inner Unique": false,
                "Hash Cond": "(t.id = at.movie_id)",
                "Plans": [
                  {
                    "Node Type": "Seq Scan",
                    "Parent Relationship": "Outer",
                    "Parallel Aware": true,
                    "Relation Name": "title",
                    "Alias": "t",
                    "Startup Cost": 0.0,
                    "Total Cost": 43899.59,
                    "Plan Rows": 599594,
                    "Plan Width": 21,
                    "Actual Startup Time": 0.036,
                    "Actual Total Time": 130.968,
                    "Actual Rows": 477775,
                    "Actual Loops": 5,
                    "Filter": "(production_year < 2013)",
                    "Rows Removed by Filter": 27887
                  },
                  {
                    "Node Type": "Hash",
                    "Parent Relationship": "Inner",
                    "Parallel Aware": true,
                    "Startup Cost": 263911.69,
                    "Total Cost": 263911.69,
                    "Plan Rows": 13,
                    "Plan Width": 59,
                    "Actual Startup Time": 724.351,
                    "Actual Total Time": 724.371,
                    "Actual Rows": 96,
                    "Actual Loops": 5,
                    "Hash Buckets": 1024,
                    "Original Hash Buckets": 1024,
                    "Hash Batches": 1,
                    "Original Hash Batches": 1,
                    "Peak Memory Usage": 168,
                    "Plans": [
                      {
                        "Node Type": "Hash Join",
                        "Parent Relationship": "Outer",
                        "Parallel Aware": true,
                        "Join Type": "Inner",
                        "Startup Cost": 259407.46,
                        "Total Cost": 263911.69,
                        "Plan Rows": 13,
                        "Plan Width": 59,
                        "Actual Startup Time": 704.198,
                        "Actual Total Time": 724.116,
                        "Actual Rows": 96,
                        "Actual Loops": 5,
                        "Inner Unique": false,
                        "Hash Cond": "(k.id = mk.keyword_id)",
                        "Plans": [
                          {
                            "Node Type": "Index Only Scan",
                            "Parent Relationship": "Outer",
                            "Parallel Aware": true,
                            "Scan Direction": "Forward",
                            "Index Name": "keyword_pkey",
                            "Relation Name": "keyword",
                            "Alias": "k",
                            "Startup Cost": 0.42,
                            "Total Cost": 4225.09,
                            "Plan Rows": 55904,
                            "Plan Width": 4,
                            "Actual Startup Time": 0.229,
                            "Actual Total Time": 17.608,
                            "Actual Rows": 26834,
                            "Actual Loops": 5,
                            "Heap Fetches": 134170
                          },
                          {
                            "Node Type": "Hash",
                            "Parent Relationship": "Inner",
                            "Parallel Aware": true,
                            "Startup Cost": 259406.92,
                            "Total Cost": 259406.92,
                            "Plan Rows": 10,
                            "Plan Width": 63,
                            "Actual Startup Time": 703.765,
                            "Actual Total Time": 703.782,
                            "Actual Rows": 96,
                            "Actual Loops": 5,
                            "Hash Buckets": 1024,
                            "Original Hash Buckets": 1024,
                            "Hash Batches": 1,
                            "Original Hash Batches": 1,
                            "Peak Memory Usage": 168,
                            "Plans": [
                              {
                                "Node Type": "Hash Join",
                                "Parent Relationship": "Outer",
                                "Parallel Aware": false,
                                "Join Type": "Inner",
                                "Startup Cost": 214886.95,
                                "Total Cost": 259406.92,
                                "Plan Rows": 10,
                                "Plan Width": 63,
                                "Actual Startup Time": 591.02,
                                "Actual Total Time": 703.657,
                                "Actual Rows": 96,
                                "Actual Loops": 5,
                                "Inner Unique": true,
                                "Hash Cond": "(mc.company_type_id = ct.id)",
                                "Plans": [
                                  {
                                    "Node Type": "Hash Join",
                                    "Parent Relationship": "Outer",
                                    "Parallel Aware": true,
                                    "Join Type": "Inner",
                                    "Startup Cost": 214885.86,
                                    "Total Cost": 259405.78,
                                    "Plan Rows": 10,
                                    "Plan Width": 67,
                                    "Actual Startup Time": 590.866,
                                    "Actual Total Time": 703.476,
                                    "Actual Rows": 96,
                                    "Actual Loops": 5,
                                    "Inner Unique": false,
                                    "Hash Cond": "(mk.movie_id = at.movie_id)",
                                    "Plans": [
                                      {
                                        "Node Type": "Seq Scan",
                                        "Parent Relationship": "Outer",
                                        "Parallel Aware": true,
                                        "Relation Name": "movie_keyword",
                                        "Alias": "mk",
                                        "Startup Cost": 0.0,
                                        "Total Cost": 39047.32,
                                        "Plan Rows": 1459332,
                                        "Plan Width": 8,
                                        "Actual Startup Time": 0.032,
                                        "Actual Total Time": 99.045,
                                        "Actual Rows": 904786,
                                        "Actual Loops": 5
                                      },
                                      {
                                        "Node Type": "Hash",
                                        "Parent Relationship": "Inner",
                                        "Parallel Aware": true,
                                        "Startup Cost": 214885.85,
                                        "Total Cost": 214885.85,
                                        "Plan Rows": 1,
                                        "Plan Width": 59,
                                        "Actual Startup Time": 527.768,
                                        "Actual Total Time": 527.779,
                                        "Actual Rows": 14,
                                        "Actual Loops": 5,
                                        "Hash Buckets": 1024,
                                        "Original Hash Buckets": 1024,
                                        "Hash Batches": 1,
                                        "Original Hash Batches": 1,
                                        "Peak Memory Usage": 168,
                                        "Plans": [
                                          {
                                            "Node Type": "Nested Loop",
                                            "Parent Relationship": "Outer",
                                            "Parallel Aware": false,
                                            "Join Type": "Inner",
                                            "Startup Cost": 206622.04,
                                            "Total Cost": 214885.85,
                                            "Plan Rows": 1,
                                            "Plan Width": 59,
                                            "Actual Startup Time": 506.345,
                                            "Actual Total Time": 527.651,
                                            "Actual Rows": 14,
                                            "Actual Loops": 5,
                                            "Inner Unique": true,
                                            "Plans": [
                                              {
                                                "Node Type": "Hash Join",
                                                "Parent Relationship": "Outer",
                                                "Parallel Aware": true,
                                                "Join Type": "Inner",
                                                "Startup Cost": 206621.62,
                                                "Total Cost": 214884.56,
                                                "Plan Rows": 1,
                                                "Plan Width": 63,
                                                "Actual Startup Time": 506.267,
                                                "Actual Total Time": 527.289,
                                                "Actual Rows": 15,
                                                "Actual Loops": 5,
                                                "Inner Unique": false,
                                                "Hash Cond": "(at.movie_id = mi.movie_id)",
                                                "Plans": [
                                                  {
                                                    "Node Type": "Seq Scan",
                                                    "Parent Relationship": "Outer",
                                                    "Parallel Aware": true,
                                                    "Relation Name": "aka_title",
                                                    "Alias": "at",
                                                    "Startup Cost": 0.0,
                                                    "Total Cost": 7698.13,
                                                    "Plan Rows": 150613,
                                                    "Plan Width": 4,
                                                    "Actual Startup Time": 0.03,
                                                    "Actual Total Time": 13.498,
                                                    "Actual Rows": 72294,
                                                    "Actual Loops": 5
                                                  },
                                                  {
                                                    "Node Type": "Hash",
                                                    "Parent Relationship": "Inner",
                                                    "Parallel Aware": true,
                                                    "Startup Cost": 206621.61,
                                                    "Total Cost": 206621.61,
                                                    "Plan Rows": 1,
                                                    "Plan Width": 59,
                                                    "Actual Startup Time": 505.379,
                                                    "Actual Total Time": 505.385,
                                                    "Actual Rows": 140,
                                                    "Actual Loops": 5,
                                                    "Hash Buckets": 1024,
                                                    "Original Hash Buckets": 1024,
                                                    "Hash Batches": 1,
                                                    "Original Hash Batches": 1,
                                                    "Peak Memory Usage": 168,
                                                    "Plans": [
                                                      {
                                                        "Node Type": "Nested Loop",
                                                        "Parent Relationship": "Outer",
                                                        "Parallel Aware": false,
                                                        "Join Type": "Inner",
                                                        "Startup Cost": 2.86,
                                                        "Total Cost": 206621.61,
                                                        "Plan Rows": 1,
                                                        "Plan Width": 59,
                                                        "Actual Startup Time": 135.369,
                                                        "Actual Total Time": 505.192,
                                                        "Actual Rows": 140,
                                                        "Actual Loops": 5,
                                                        "Inner Unique": false,
                                                        "Plans": [
                                                          {
                                                            "Node Type": "Hash Join",
                                                            "Parent Relationship": "Outer",
                                                            "Parallel Aware": false,
                                                            "Join Type": "Inner",
                                                            "Startup Cost": 2.43,
                                                            "Total Cost": 206601.11,
                                                            "Plan Rows": 1,
                                                            "Plan Width": 47,
                                                            "Actual Startup Time": 135.141,
                                                            "Actual Total Time": 495.89,
                                                            "Actual Rows": 354,
                                                            "Actual Loops": 5,
                                                            "Inner Unique": true,
                                                            "Hash Cond": "(mi.info_type_id = it1.id)",
                                                            "Plans": [
                                                              {
                                                                "Node Type": "Seq Scan",
                                                                "Parent Relationship": "Outer",
                                                                "Parallel Aware": true,
                                                                "Relation Name": "movie_info",
                                                                "Alias": "mi",
                                                                "Startup Cost": 0.0,
                                                                "Total Cost": 206598.52,
                                                                "Plan Rows": 60,
                                                                "Plan Width": 51,
                                                                "Actual Startup Time": 135.04,
                                                                "Actual Total Time": 495.554,
                                                                "Actual Rows": 354,
                                                                "Actual Loops": 5,
                                                                "Filter": "((note ~~ '%internet%'::text) AND (info ~~ 'USA:% 200%'::text))",
                                                                "Rows Removed by Filter": 2966790
                                                              },
                                                              {
                                                                "Node Type": "Hash",
                                                                "Parent Relationship": "Inner",
                                                                "Parallel Aware": false,
                                                                "Startup Cost": 2.41,
                                                                "Total Cost": 2.41,
                                                                "Plan Rows": 1,
                                                                "Plan Width": 4,
                                                                "Actual Startup Time": 0.056,
                                                                "Actual Total Time": 0.057,
                                                                "Actual Rows": 1,
                                                                "Actual Loops": 5,
                                                                "Hash Buckets": 1024,
                                                                "Original Hash Buckets": 1024,
                                                                "Hash Batches": 1,
                                                                "Original Hash Batches": 1,
                                                                "Peak Memory Usage": 9,
                                                                "Plans": [
                                                                  {
                                                                    "Node Type": "Seq Scan",
                                                                    "Parent Relationship": "Outer",
                                                                    "Parallel Aware": false,
                                                                    "Relation Name": "info_type",
                                                                    "Alias": "it1",
                                                                    "Startup Cost": 0.0,
                                                                    "Total Cost": 2.41,
                                                                    "Plan Rows": 1,
                                                                    "Plan Width": 4,
                                                                    "Actual Startup Time": 0.038,
                                                                    "Actual Total Time": 0.046,
                                                                    "Actual Rows": 1,
                                                                    "Actual Loops": 5,
                                                                    "Filter": "((info)::text = 'release dates'::text)",
                                                                    "Rows Removed by Filter": 112
                                                                  }
                                                                ]
                                                              }
                                                            ]
                                                          },
                                                          {
                                                            "Node Type": "Index Scan",
                                                            "Parent Relationship": "Inner",
                                                            "Parallel Aware": false,
                                                            "Scan Direction": "Forward",
                                                            "Index Name": "movie_id_movie_companies",
                                                            "Relation Name": "movie_companies",
                                                            "Alias": "mc",
                                                            "Startup Cost": 0.43,
                                                            "Total Cost": 20.49,
                                                            "Plan Rows": 1,
                                                            "Plan Width": 12,
                                                            "Actual Startup Time": 0.023,
                                                            "Actual Total Time": 0.025,
                                                            "Actual Rows": 0,
                                                            "Actual Loops": 1771,
                                                            "Index Cond": "(movie_id = mi.movie_id)",
                                                            "Rows Removed by Index Recheck": 0,
                                                            "Filter": "((note ~~ '%(200%)%'::text) AND (note ~~ '%(worldwide)%'::text))",
                                                            "Rows Removed by Filter": 1
                                                          }
                                                        ]
                                                      }
                                                    ]
                                                  }
                                                ]
                                              },
                                              {
                                                "Node Type": "Index Scan",
                                                "Parent Relationship": "Inner",
                                                "Parallel Aware": false,
                                                "Scan Direction": "Forward",
                                                "Index Name": "company_name_pkey",
                                                "Relation Name": "company_name",
                                                "Alias": "cn",
                                                "Startup Cost": 0.42,
                                                "Total Cost": 1.28,
                                                "Plan Rows": 1,
                                                "Plan Width": 4,
                                                "Actual Startup Time": 0.022,
                                                "Actual Total Time": 0.022,
                                                "Actual Rows": 1,
                                                "Actual Loops": 76,
                                                "Index Cond": "(id = mc.company_id)",
                                                "Rows Removed by Index Recheck": 0,
                                                "Filter": "((country_code)::text = '[us]'::text)",
                                                "Rows Removed by Filter": 0
                                              }
                                            ]
                                          }
                                        ]
                                      }
                                    ]
                                  },
                                  {
                                    "Node Type": "Hash",
                                    "Parent Relationship": "Inner",
                                    "Parallel Aware": false,
                                    "Startup Cost": 1.04,
                                    "Total Cost": 1.04,
                                    "Plan Rows": 4,
                                    "Plan Width": 4,
                                    "Actual Startup Time": 0.106,
                                    "Actual Total Time": 0.107,
                                    "Actual Rows": 4,
                                    "Actual Loops": 5,
                                    "Hash Buckets": 1024,
                                    "Original Hash Buckets": 1024,
                                    "Hash Batches": 1,
                                    "Original Hash Batches": 1,
                                    "Peak Memory Usage": 9,
                                    "Plans": [
                                      {
                                        "Node Type": "Seq Scan",
                                        "Parent Relationship": "Outer",
                                        "Parallel Aware": false,
                                        "Relation Name": "company_type",
                                        "Alias": "ct",
                                        "Startup Cost": 0.0,
                                        "Total Cost": 1.04,
                                        "Plan Rows": 4,
                                        "Plan Width": 4,
                                        "Actual Startup Time": 0.072,
                                        "Actual Total Time": 0.075,
                                        "Actual Rows": 4,
                                        "Actual Loops": 5
                                      }
                                    ]
                                  }
                                ]
                              }
                            ]
                          }
                        ]
                      }
                    ]
                  }
                ]
              }
            ]
          }
        ]
      }
    ]
  },
  "Planning Time": 23.983,
  "Triggers": [],
  "Execution Time": 974.555
}