[
  {
    "Plan": {
      "Node Type": "Aggregate",
      "Strategy": "Plain",
      "Partial Mode": "Finalize",
      "Parallel Aware": false,
      "Startup Cost": 388326.7,
      "Total Cost": 388326.71,
      "Plan Rows": 1,
      "Plan Width": 8,
      "Actual Startup Time": 2622.74,
      "Actual Total Time": 2674.25,
      "Actual Rows": 1,
      "Actual Loops": 1,
      "Plans": [
        {
          "Node Type": "Gather",
          "Parent Relationship": "Outer",
          "Parallel Aware": false,
          "Startup Cost": 388326.18,
          "Total Cost": 388326.69,
          "Plan Rows": 5,
          "Plan Width": 8,
          "Actual Startup Time": 2593.748,
          "Actual Total Time": 2674.242,
          "Actual Rows": 6,
          "Actual Loops": 1,
          "Workers Planned": 5,
          "Workers Launched": 5,
          "Single Copy": false,
          "Plans": [
            {
              "Node Type": "Aggregate",
              "Strategy": "Plain",
              "Partial Mode": "Partial",
              "Parent Relationship": "Outer",
              "Parallel Aware": false,
              "Startup Cost": 387326.18,
              "Total Cost": 387326.19,
              "Plan Rows": 1,
              "Plan Width": 8,
              "Actual Startup Time": 2568.115,
              "Actual Total Time": 2568.12,
              "Actual Rows": 1,
              "Actual Loops": 6,
              "Plans": [
                {
                  "Node Type": "Hash Join",
                  "Parent Relationship": "Outer",
                  "Parallel Aware": true,
                  "Join Type": "Inner",
                  "Startup Cost": 176626.1,
                  "Total Cost": 382939.09,
                  "Plan Rows": 1754835,
                  "Plan Width": 0,
                  "Actual Startup Time": 946.989,
                  "Actual Total Time": 2173.737,
                  "Actual Rows": 9688447,
                  "Actual Loops": 6,
                  "Inner Unique": false,
                  "Hash Cond": "(mi.movie_id = t.id)",
                  "Plans": [
                    {
                      "Node Type": "Seq Scan",
                      "Parent Relationship": "Outer",
                      "Parallel Aware": true,
                      "Relation Name": "movie_info",
                      "Alias": "mi",
                      "Startup Cost": 0.0,
                      "Total Cost": 198880.74,
                      "Plan Rows": 1046023,
                      "Plan Width": 4,
                      "Actual Startup Time": 13.634,
                      "Actual Total Time": 267.342,
                      "Actual Rows": 878428,
                      "Actual Loops": 6,
                      "Filter": "(info_type_id > 15)",
                      "Rows Removed by Filter": 1594192
                    },
                    {
                      "Node Type": "Hash",
                      "Parent Relationship": "Inner",
                      "Parallel Aware": true,
                      "Startup Cost": 166022.16,
                      "Total Cost": 166022.16,
                      "Plan Rows": 848315,
                      "Plan Width": 8,
                      "Actual Startup Time": 923.649,
                      "Actual Total Time": 923.653,
                      "Actual Rows": 720503,
                      "Actual Loops": 6,
                      "Hash Buckets": 8388608,
                      "Original Hash Buckets": 8388608,
                      "Hash Batches": 1,
                      "Original Hash Batches": 1,
                      "Peak Memory Usage": 234784,
                      "Plans": [
                        {
                          "Node Type": "Hash Join",
                          "Parent Relationship": "Outer",
                          "Parallel Aware": true,
                          "Join Type": "Inner",
                          "Startup Cost": 50220.37,
                          "Total Cost": 166022.16,
                          "Plan Rows": 848315,
                          "Plan Width": 8,
                          "Actual Startup Time": 234.551,
                          "Actual Total Time": 649.135,
                          "Actual Rows": 720503,
                          "Actual Loops": 6,
                          "Inner Unique": true,
                          "Hash Cond": "(ci.movie_id = t.id)",
                          "Plans": [
                            {
                              "Node Type": "Index Scan",
                              "Parent Relationship": "Outer",
                              "Parallel Aware": true,
                              "Scan Direction": "Forward",
                              "Index Name": "role_id_cast_info",
                              "Relation Name": "cast_info",
                              "Alias": "ci",
                              "Startup Cost": 0.56,
                              "Total Cost": 113575.53,
                              "Plan Rows": 848315,
                              "Plan Width": 4,
                              "Actual Startup Time": 0.079,
                              "Actual Total Time": 123.156,
                              "Actual Rows": 720503,
                              "Actual Loops": 6,
                              "Index Cond": "(role_id = 10)",
                              "Rows Removed by Index Recheck": 0
                            },
                            {
                              "Node Type": "Hash",
                              "Parent Relationship": "Inner",
                              "Parallel Aware": true,
                              "Startup Cost": 42318.81,
                              "Total Cost": 42318.81,
                              "Plan Rows": 632080,
                              "Plan Width": 4,
                              "Actual Startup Time": 230.606,
                              "Actual Total Time": 230.607,
                              "Actual Rows": 421385,
                              "Actual Loops": 6,
                              "Hash Buckets": 4194304,
                              "Original Hash Buckets": 4194304,
                              "Hash Batches": 1,
                              "Original Hash Batches": 1,
                              "Peak Memory Usage": 131744,
                              "Plans": [
                                {
                                  "Node Type": "Seq Scan",
                                  "Parent Relationship": "Outer",
                                  "Parallel Aware": true,
                                  "Relation Name": "title",
                                  "Alias": "t",
                                  "Startup Cost": 0.0,
                                  "Total Cost": 42318.81,
                                  "Plan Rows": 632080,
                                  "Plan Width": 4,
                                  "Actual Startup Time": 0.065,
                                  "Actual Total Time": 66.865,
                                  "Actual Rows": 421385,
                                  "Actual Loops": 6
                                }
                              ]
                            }
                          ]
                        }
                      ]
                    }
                  ]
                }
              ]
            }
          ]
        }
      ]
    },
    "Planning Time": 0.591,
    "Triggers": [],
    "Execution Time": 2674.304
  }
]