[
    {
        "Bao": {
            "Bao prediction": "NaN",
            "Bao recommended hint": "(no hint)"
        }
    },
    {
        "Plan": {
            "Node Type": "Aggregate",
            "Strategy": "Plain",
            "Partial Mode": "Finalize",
            "Parallel Aware": false,
            "Startup Cost": 412934.64,
            "Total Cost": 412934.65,
            "Plan Rows": 1,
            "Plan Width": 8,
            "Actual Startup Time": 1833.263,
            "Actual Total Time": 1870.768,
            "Actual Rows": 1,
            "Actual Loops": 1,
            "Output": [
                "count(*)"
            ],
            "Plans": [
                {
                    "Node Type": "Gather",
                    "Parent Relationship": "Outer",
                    "Parallel Aware": false,
                    "Startup Cost": 412934.01,
                    "Total Cost": 412934.62,
                    "Plan Rows": 6,
                    "Plan Width": 8,
                    "Actual Startup Time": 1824.77,
                    "Actual Total Time": 1870.756,
                    "Actual Rows": 7,
                    "Actual Loops": 1,
                    "Output": [
                        "(PARTIAL count(*))"
                    ],
                    "Workers Planned": 6,
                    "Workers Launched": 6,
                    "Single Copy": false,
                    "Plans": [
                        {
                            "Node Type": "Aggregate",
                            "Strategy": "Plain",
                            "Partial Mode": "Partial",
                            "Parent Relationship": "Outer",
                            "Parallel Aware": false,
                            "Startup Cost": 411934.01,
                            "Total Cost": 411934.02,
                            "Plan Rows": 1,
                            "Plan Width": 8,
                            "Actual Startup Time": 1814.736,
                            "Actual Total Time": 1814.879,
                            "Actual Rows": 1,
                            "Actual Loops": 7,
                            "Output": [
                                "PARTIAL count(*)"
                            ],
                            "Workers": [
                                {
                                    "Worker Number": 0,
                                    "Actual Startup Time": 1812.849,
                                    "Actual Total Time": 1812.855,
                                    "Actual Rows": 1,
                                    "Actual Loops": 1
                                },
                                {
                                    "Worker Number": 1,
                                    "Actual Startup Time": 1813.476,
                                    "Actual Total Time": 1813.481,
                                    "Actual Rows": 1,
                                    "Actual Loops": 1
                                },
                                {
                                    "Worker Number": 2,
                                    "Actual Startup Time": 1812.894,
                                    "Actual Total Time": 1812.899,
                                    "Actual Rows": 1,
                                    "Actual Loops": 1
                                },
                                {
                                    "Worker Number": 3,
                                    "Actual Startup Time": 1812.853,
                                    "Actual Total Time": 1812.857,
                                    "Actual Rows": 1,
                                    "Actual Loops": 1
                                },
                                {
                                    "Worker Number": 4,
                                    "Actual Startup Time": 1813.167,
                                    "Actual Total Time": 1813.173,
                                    "Actual Rows": 1,
                                    "Actual Loops": 1
                                },
                                {
                                    "Worker Number": 5,
                                    "Actual Startup Time": 1813.507,
                                    "Actual Total Time": 1813.511,
                                    "Actual Rows": 1,
                                    "Actual Loops": 1
                                }
                            ],
                            "Plans": [
                                {
                                    "Node Type": "Hash Join",
                                    "Parent Relationship": "Outer",
                                    "Parallel Aware": true,
                                    "Join Type": "Inner",
                                    "Startup Cost": 66979.43,
                                    "Total Cost": 408488.4,
                                    "Plan Rows": 1378247,
                                    "Plan Width": 0,
                                    "Actual Startup Time": 253.463,
                                    "Actual Total Time": 1725.975,
                                    "Actual Rows": 1731453,
                                    "Actual Loops": 7,
                                    "Inner Unique": false,
                                    "Hash Cond": "(ci.movie_id = t.id)",
                                    "Workers": [
                                        {
                                            "Worker Number": 0,
                                            "Actual Startup Time": 251.103,
                                            "Actual Total Time": 1722.472,
                                            "Actual Rows": 1381608,
                                            "Actual Loops": 1
                                        },
                                        {
                                            "Worker Number": 1,
                                            "Actual Startup Time": 252.281,
                                            "Actual Total Time": 1728.198,
                                            "Actual Rows": 2117832,
                                            "Actual Loops": 1
                                        },
                                        {
                                            "Worker Number": 2,
                                            "Actual Startup Time": 251.748,
                                            "Actual Total Time": 1721.483,
                                            "Actual Rows": 1400205,
                                            "Actual Loops": 1
                                        },
                                        {
                                            "Worker Number": 3,
                                            "Actual Startup Time": 251.622,
                                            "Actual Total Time": 1721.761,
                                            "Actual Rows": 1372221,
                                            "Actual Loops": 1
                                        },
                                        {
                                            "Worker Number": 4,
                                            "Actual Startup Time": 251.923,
                                            "Actual Total Time": 1724.785,
                                            "Actual Rows": 1348005,
                                            "Actual Loops": 1
                                        },
                                        {
                                            "Worker Number": 5,
                                            "Actual Startup Time": 252.313,
                                            "Actual Total Time": 1727.842,
                                            "Actual Rows": 2133012,
                                            "Actual Loops": 1
                                        }
                                    ],
                                    "Plans": [
                                        {
                                            "Node Type": "Seq Scan",
                                            "Parent Relationship": "Outer",
                                            "Parallel Aware": true,
                                            "Relation Name": "cast_info",
                                            "Schema": "public",
                                            "Alias": "ci",
                                            "Startup Cost": 0.0,
                                            "Total Cost": 313108.29,
                                            "Plan Rows": 6042129,
                                            "Plan Width": 4,
                                            "Actual Startup Time": 0.028,
                                            "Actual Total Time": 579.85,
                                            "Actual Rows": 5177763,
                                            "Actual Loops": 7,
                                            "Output": [
                                                "ci.id",
                                                "ci.person_id",
                                                "ci.movie_id",
                                                "ci.person_role_id",
                                                "ci.note",
                                                "ci.nr_order",
                                                "ci.role_id"
                                            ],
                                            "Workers": [
                                                {
                                                    "Worker Number": 0,
                                                    "Actual Startup Time": 0.036,
                                                    "Actual Total Time": 584.279,
                                                    "Actual Rows": 4055017,
                                                    "Actual Loops": 1
                                                },
                                                {
                                                    "Worker Number": 1,
                                                    "Actual Startup Time": 0.025,
                                                    "Actual Total Time": 580.887,
                                                    "Actual Rows": 6355683,
                                                    "Actual Loops": 1
                                                },
                                                {
                                                    "Worker Number": 2,
                                                    "Actual Startup Time": 0.037,
                                                    "Actual Total Time": 595.683,
                                                    "Actual Rows": 4173808,
                                                    "Actual Loops": 1
                                                },
                                                {
                                                    "Worker Number": 3,
                                                    "Actual Startup Time": 0.03,
                                                    "Actual Total Time": 594.975,
                                                    "Actual Rows": 4089160,
                                                    "Actual Loops": 1
                                                },
                                                {
                                                    "Worker Number": 4,
                                                    "Actual Startup Time": 0.032,
                                                    "Actual Total Time": 584.186,
                                                    "Actual Rows": 4032935,
                                                    "Actual Loops": 1
                                                },
                                                {
                                                    "Worker Number": 5,
                                                    "Actual Startup Time": 0.03,
                                                    "Actual Total Time": 584.531,
                                                    "Actual Rows": 6401666,
                                                    "Actual Loops": 1
                                                }
                                            ]
                                        },
                                        {
                                            "Node Type": "Hash",
                                            "Parent Relationship": "Inner",
                                            "Parallel Aware": true,
                                            "Startup Cost": 63975.66,
                                            "Total Cost": 63975.66,
                                            "Plan Rows": 240302,
                                            "Plan Width": 8,
                                            "Actual Startup Time": 251.222,
                                            "Actual Total Time": 251.363,
                                            "Actual Rows": 44211,
                                            "Actual Loops": 7,
                                            "Output": [
                                                "t.id",
                                                "mi_idx.movie_id"
                                            ],
                                            "Hash Buckets": 1048576,
                                            "Original Hash Buckets": 1048576,
                                            "Hash Batches": 1,
                                            "Original Hash Batches": 1,
                                            "Peak Memory Usage": 20384,
                                            "Workers": [
                                                {
                                                    "Worker Number": 0,
                                                    "Actual Startup Time": 250.143,
                                                    "Actual Total Time": 250.146,
                                                    "Actual Rows": 34616,
                                                    "Actual Loops": 1
                                                },
                                                {
                                                    "Worker Number": 1,
                                                    "Actual Startup Time": 251.898,
                                                    "Actual Total Time": 251.9,
                                                    "Actual Rows": 55351,
                                                    "Actual Loops": 1
                                                },
                                                {
                                                    "Worker Number": 2,
                                                    "Actual Startup Time": 250.944,
                                                    "Actual Total Time": 250.947,
                                                    "Actual Rows": 36778,
                                                    "Actual Loops": 1
                                                },
                                                {
                                                    "Worker Number": 3,
                                                    "Actual Startup Time": 250.87,
                                                    "Actual Total Time": 250.874,
                                                    "Actual Rows": 35126,
                                                    "Actual Loops": 1
                                                },
                                                {
                                                    "Worker Number": 4,
                                                    "Actual Startup Time": 251.127,
                                                    "Actual Total Time": 251.131,
                                                    "Actual Rows": 34255,
                                                    "Actual Loops": 1
                                                },
                                                {
                                                    "Worker Number": 5,
                                                    "Actual Startup Time": 251.566,
                                                    "Actual Total Time": 251.569,
                                                    "Actual Rows": 55234,
                                                    "Actual Loops": 1
                                                }
                                            ],
                                            "Plans": [
                                                {
                                                    "Node Type": "Hash Join",
                                                    "Parent Relationship": "Outer",
                                                    "Parallel Aware": true,
                                                    "Join Type": "Inner",
                                                    "Startup Cost": 48781.1,
                                                    "Total Cost": 63975.66,
                                                    "Plan Rows": 240302,
                                                    "Plan Width": 8,
                                                    "Actual Startup Time": 174.552,
                                                    "Actual Total Time": 237.79,
                                                    "Actual Rows": 44211,
                                                    "Actual Loops": 7,
                                                    "Output": [
                                                        "t.id",
                                                        "mi_idx.movie_id"
                                                    ],
                                                    "Inner Unique": true,
                                                    "Hash Cond": "(mi_idx.movie_id = t.id)",
                                                    "Workers": [
                                                        {
                                                            "Worker Number": 0,
                                                            "Actual Startup Time": 173.452,
                                                            "Actual Total Time": 236.214,
                                                            "Actual Rows": 34616,
                                                            "Actual Loops": 1
                                                        },
                                                        {
                                                            "Worker Number": 1,
                                                            "Actual Startup Time": 175.228,
                                                            "Actual Total Time": 238.569,
                                                            "Actual Rows": 55351,
                                                            "Actual Loops": 1
                                                        },
                                                        {
                                                            "Worker Number": 2,
                                                            "Actual Startup Time": 174.168,
                                                            "Actual Total Time": 237.523,
                                                            "Actual Rows": 36778,
                                                            "Actual Loops": 1
                                                        },
                                                        {
                                                            "Worker Number": 3,
                                                            "Actual Startup Time": 174.21,
                                                            "Actual Total Time": 237.045,
                                                            "Actual Rows": 35126,
                                                            "Actual Loops": 1
                                                        },
                                                        {
                                                            "Worker Number": 4,
                                                            "Actual Startup Time": 174.4,
                                                            "Actual Total Time": 237.08,
                                                            "Actual Rows": 34255,
                                                            "Actual Loops": 1
                                                        },
                                                        {
                                                            "Worker Number": 5,
                                                            "Actual Startup Time": 174.933,
                                                            "Actual Total Time": 238.149,
                                                            "Actual Rows": 55234,
                                                            "Actual Loops": 1
                                                        }
                                                    ],
                                                    "Plans": [
                                                        {
                                                            "Node Type": "Seq Scan",
                                                            "Parent Relationship": "Outer",
                                                            "Parallel Aware": true,
                                                            "Relation Name": "movie_info_idx",
                                                            "Schema": "public",
                                                            "Alias": "mi_idx",
                                                            "Startup Cost": 0.0,
                                                            "Total Cost": 13685.15,
                                                            "Plan Rows": 575015,
                                                            "Plan Width": 4,
                                                            "Actual Startup Time": 0.03,
                                                            "Actual Total Time": 22.025,
                                                            "Actual Rows": 197148,
                                                            "Actual Loops": 7,
                                                            "Output": [
                                                                "mi_idx.id",
                                                                "mi_idx.movie_id",
                                                                "mi_idx.info_type_id",
                                                                "mi_idx.info",
                                                                "mi_idx.note"
                                                            ],
                                                            "Workers": [
                                                                {
                                                                    "Worker Number": 0,
                                                                    "Actual Startup Time": 0.036,
                                                                    "Actual Total Time": 23.197,
                                                                    "Actual Rows": 156708,
                                                                    "Actual Loops": 1
                                                                },
                                                                {
                                                                    "Worker Number": 1,
                                                                    "Actual Startup Time": 0.027,
                                                                    "Actual Total Time": 21.733,
                                                                    "Actual Rows": 238274,
                                                                    "Actual Loops": 1
                                                                },
                                                                {
                                                                    "Worker Number": 2,
                                                                    "Actual Startup Time": 0.038,
                                                                    "Actual Total Time": 23.318,
                                                                    "Actual Rows": 164867,
                                                                    "Actual Loops": 1
                                                                },
                                                                {
                                                                    "Worker Number": 3,
                                                                    "Actual Startup Time": 0.035,
                                                                    "Actual Total Time": 23.206,
                                                                    "Actual Rows": 160123,
                                                                    "Actual Loops": 1
                                                                },
                                                                {
                                                                    "Worker Number": 4,
                                                                    "Actual Startup Time": 0.036,
                                                                    "Actual Total Time": 22.9,
                                                                    "Actual Rows": 155661,
                                                                    "Actual Loops": 1
                                                                },
                                                                {
                                                                    "Worker Number": 5,
                                                                    "Actual Startup Time": 0.026,
                                                                    "Actual Total Time": 21.745,
                                                                    "Actual Rows": 238639,
                                                                    "Actual Loops": 1
                                                                }
                                                            ]
                                                        },
                                                        {
                                                            "Node Type": "Hash",
                                                            "Parent Relationship": "Inner",
                                                            "Parallel Aware": true,
                                                            "Startup Cost": 45479.21,
                                                            "Total Cost": 45479.21,
                                                            "Plan Rows": 264151,
                                                            "Plan Width": 4,
                                                            "Actual Startup Time": 172.526,
                                                            "Actual Total Time": 172.527,
                                                            "Actual Rows": 166182,
                                                            "Actual Loops": 7,
                                                            "Output": [
                                                                "t.id"
                                                            ],
                                                            "Hash Buckets": 2097152,
                                                            "Original Hash Buckets": 2097152,
                                                            "Hash Batches": 1,
                                                            "Original Hash Batches": 1,
                                                            "Peak Memory Usage": 62016,
                                                            "Workers": [
                                                                {
                                                                    "Worker Number": 0,
                                                                    "Actual Startup Time": 173.187,
                                                                    "Actual Total Time": 173.189,
                                                                    "Actual Rows": 123163,
                                                                    "Actual Loops": 1
                                                                },
                                                                {
                                                                    "Worker Number": 1,
                                                                    "Actual Startup Time": 174.94,
                                                                    "Actual Total Time": 174.941,
                                                                    "Actual Rows": 211076,
                                                                    "Actual Loops": 1
                                                                },
                                                                {
                                                                    "Worker Number": 2,
                                                                    "Actual Startup Time": 174.027,
                                                                    "Actual Total Time": 174.028,
                                                                    "Actual Rows": 133946,
                                                                    "Actual Loops": 1
                                                                },
                                                                {
                                                                    "Worker Number": 3,
                                                                    "Actual Startup Time": 173.881,
                                                                    "Actual Total Time": 173.882,
                                                                    "Actual Rows": 123070,
                                                                    "Actual Loops": 1
                                                                },
                                                                {
                                                                    "Worker Number": 4,
                                                                    "Actual Startup Time": 174.12,
                                                                    "Actual Total Time": 174.121,
                                                                    "Actual Rows": 122745,
                                                                    "Actual Loops": 1
                                                                },
                                                                {
                                                                    "Worker Number": 5,
                                                                    "Actual Startup Time": 174.667,
                                                                    "Actual Total Time": 174.668,
                                                                    "Actual Rows": 177351,
                                                                    "Actual Loops": 1
                                                                }
                                                            ],
                                                            "Plans": [
                                                                {
                                                                    "Node Type": "Seq Scan",
                                                                    "Parent Relationship": "Outer",
                                                                    "Parallel Aware": true,
                                                                    "Relation Name": "title",
                                                                    "Schema": "public",
                                                                    "Alias": "t",
                                                                    "Startup Cost": 0.0,
                                                                    "Total Cost": 45479.21,
                                                                    "Plan Rows": 264151,
                                                                    "Plan Width": 4,
                                                                    "Actual Startup Time": 0.052,
                                                                    "Actual Total Time": 81.275,
                                                                    "Actual Rows": 166182,
                                                                    "Actual Loops": 7,
                                                                    "Output": [
                                                                        "t.id"
                                                                    ],
                                                                    "Filter": "((t.production_year > 1990) AND (t.kind_id = 7))",
                                                                    "Rows Removed by Filter": 195006,
                                                                    "Workers": [
                                                                        {
                                                                            "Worker Number": 0,
                                                                            "Actual Startup Time": 0.051,
                                                                            "Actual Total Time": 84.067,
                                                                            "Actual Rows": 123163,
                                                                            "Actual Loops": 1
                                                                        },
                                                                        {
                                                                            "Worker Number": 1,
                                                                            "Actual Startup Time": 0.033,
                                                                            "Actual Total Time": 79.191,
                                                                            "Actual Rows": 211076,
                                                                            "Actual Loops": 1
                                                                        },
                                                                        {
                                                                            "Worker Number": 2,
                                                                            "Actual Startup Time": 0.065,
                                                                            "Actual Total Time": 82.324,
                                                                            "Actual Rows": 133946,
                                                                            "Actual Loops": 1
                                                                        },
                                                                        {
                                                                            "Worker Number": 3,
                                                                            "Actual Startup Time": 0.07,
                                                                            "Actual Total Time": 82.49,
                                                                            "Actual Rows": 123070,
                                                                            "Actual Loops": 1
                                                                        },
                                                                        {
                                                                            "Worker Number": 4,
                                                                            "Actual Startup Time": 0.06,
                                                                            "Actual Total Time": 83.69,
                                                                            "Actual Rows": 122745,
                                                                            "Actual Loops": 1
                                                                        },
                                                                        {
                                                                            "Worker Number": 5,
                                                                            "Actual Startup Time": 0.07,
                                                                            "Actual Total Time": 82.838,
                                                                            "Actual Rows": 177351,
                                                                            "Actual Loops": 1
                                                                        }
                                                                    ]
                                                                }
                                                            ]
                                                        }
                                                    ]
                                                }
                                            ]
                                        }
                                    ]
                                }
                            ]
                        }
                    ]
                }
            ]
        },
        "Planning Time": 224.338,
        "Triggers": [],
        "Execution Time": 1870.839
    }
]