[
  {
    "Plan": {
      "Node Type": "Aggregate",
      "Strategy": "Plain",
      "Partial Mode": "Finalize",
      "Parallel Aware": false,
      "Startup Cost": 352903.74,
      "Total Cost": 352903.75,
      "Plan Rows": 1,
      "Plan Width": 8,
      "Actual Startup Time": 990.931,
      "Actual Total Time": 1053.842,
      "Actual Rows": 1,
      "Actual Loops": 1,
      "Plans": [
        {
          "Node Type": "Gather",
          "Parent Relationship": "Outer",
          "Parallel Aware": false,
          "Startup Cost": 352903.11,
          "Total Cost": 352903.72,
          "Plan Rows": 6,
          "Plan Width": 8,
          "Actual Startup Time": 990.812,
          "Actual Total Time": 1053.831,
          "Actual Rows": 7,
          "Actual Loops": 1,
          "Workers Planned": 6,
          "Workers Launched": 6,
          "Single Copy": false,
          "Plans": [
            {
              "Node Type": "Aggregate",
              "Strategy": "Plain",
              "Partial Mode": "Partial",
              "Parent Relationship": "Outer",
              "Parallel Aware": false,
              "Startup Cost": 351903.11,
              "Total Cost": 351903.12,
              "Plan Rows": 1,
              "Plan Width": 8,
              "Actual Startup Time": 981.979,
              "Actual Total Time": 981.98,
              "Actual Rows": 1,
              "Actual Loops": 7,
              "Plans": [
                {
                  "Node Type": "Seq Scan",
                  "Parent Relationship": "Outer",
                  "Parallel Aware": true,
                  "Relation Name": "cast_info",
                  "Alias": "ci",
                  "Startup Cost": 0.0,
                  "Total Cost": 343257.03,
                  "Plan Rows": 3458434,
                  "Plan Width": 0,
                  "Actual Startup Time": 268.238,
                  "Actual Total Time": 834.927,
                  "Actual Rows": 2741466,
                  "Actual Loops": 7,
                  "Filter": "((person_id < 3260177) AND (role_id > 1))",
                  "Rows Removed by Filter": 2436298
                }
              ]
            }
          ]
        }
      ]
    },
    "Planning Time": 0.228,
    "Triggers": [],
    "Execution Time": 1053.919
  }
]