{
  "Plan": {
    "Node Type": "Aggregate",
    "Strategy": "Plain",
    "Partial Mode": "Finalize",
    "Parallel Aware": false,
    "Startup Cost": 40439.75,
    "Total Cost": 40439.76,
    "Plan Rows": 1,
    "Plan Width": 8,
    "Actual Startup Time": 50.659,
    "Actual Total Time": 56.907,
    "Actual Rows": 1,
    "Actual Loops": 1,
    "Plans": [
      {
        "Node Type": "Gather",
        "Parent Relationship": "Outer",
        "Parallel Aware": false,
        "Startup Cost": 40439.64,
        "Total Cost": 40439.75,
        "Plan Rows": 1,
        "Plan Width": 8,
        "Actual Startup Time": 50.579,
        "Actual Total Time": 56.902,
        "Actual Rows": 2,
        "Actual Loops": 1,
        "Workers Planned": 1,
        "Workers Launched": 1,
        "Single Copy": false,
        "Plans": [
          {
            "Node Type": "Aggregate",
            "Strategy": "Plain",
            "Partial Mode": "Partial",
            "Parent Relationship": "Outer",
            "Parallel Aware": false,
            "Startup Cost": 39439.64,
            "Total Cost": 39439.65,
            "Plan Rows": 1,
            "Plan Width": 8,
            "Actual Startup Time": 44.671,
            "Actual Total Time": 44.672,
            "Actual Rows": 1,
            "Actual Loops": 2,
            "Plans": [
              {
                "Node Type": "Nested Loop",
                "Parent Relationship": "Outer",
                "Parallel Aware": false,
                "Join Type": "Inner",
                "Startup Cost": 131.61,
                "Total Cost": 39439.52,
                "Plan Rows": 47,
                "Plan Width": 0,
                "Actual Startup Time": 6.543,
                "Actual Total Time": 44.635,
                "Actual Rows": 122,
                "Actual Loops": 2,
                "Inner Unique": true,
                "Plans": [
                  {
                    "Node Type": "Bitmap Heap Scan",
                    "Parent Relationship": "Outer",
                    "Parallel Aware": true,
                    "Relation Name": "movie_keyword",
                    "Alias": "mk",
                    "Startup Cost": 131.18,
                    "Total Cost": 14106.22,
                    "Plan Rows": 3548,
                    "Plan Width": 4,
                    "Actual Startup Time": 3.859,
                    "Actual Total Time": 15.111,
                    "Actual Rows": 3834,
                    "Actual Loops": 2,
                    "Recheck Cond": "(keyword_id = 231)",
                    "Rows Removed by Index Recheck": 0,
                    "Exact Heap Blocks": 5261,
                    "Lossy Heap Blocks": 0,
                    "Plans": [
                      {
                        "Node Type": "Bitmap Index Scan",
                        "Parent Relationship": "Outer",
                        "Parallel Aware": false,
                        "Index Name": "keyword_id_movie_keyword",
                        "Startup Cost": 0.0,
                        "Total Cost": 129.67,
                        "Plan Rows": 6032,
                        "Plan Width": 0,
                        "Actual Startup Time": 4.471,
                        "Actual Total Time": 4.471,
                        "Actual Rows": 7668,
                        "Actual Loops": 1,
                        "Index Cond": "(keyword_id = 231)"
                      }
                    ]
                  },
                  {
                    "Node Type": "Index Scan",
                    "Parent Relationship": "Inner",
                    "Parallel Aware": false,
                    "Scan Direction": "Forward",
                    "Index Name": "title_pkey",
                    "Relation Name": "title",
                    "Alias": "t",
                    "Startup Cost": 0.43,
                    "Total Cost": 7.14,
                    "Plan Rows": 1,
                    "Plan Width": 4,
                    "Actual Startup Time": 0.007,
                    "Actual Total Time": 0.007,
                    "Actual Rows": 0,
                    "Actual Loops": 7668,
                    "Index Cond": "(id = mk.movie_id)",
                    "Rows Removed by Index Recheck": 0,
                    "Filter": "((kind_id < 7) AND (production_year = 2004))",
                    "Rows Removed by Filter": 1
                  }
                ]
              }
            ]
          }
        ]
      }
    ]
  },
  "Planning Time": 0.48,
  "Triggers": [],
  "Execution Time": 56.997
}