[
    {
        "Bao": {
            "Bao prediction": 1663.195,
            "Bao recommended hint": "SET enable_nestloop TO off; "
        }
    },
    {
        "Plan": {
            "Node Type": "Aggregate",
            "Strategy": "Plain",
            "Partial Mode": "Finalize",
            "Parallel Aware": false,
            "Startup Cost": 524059.77,
            "Total Cost": 524059.78,
            "Plan Rows": 1,
            "Plan Width": 32,
            "Actual Startup Time": 2814.278,
            "Actual Total Time": 3030.417,
            "Actual Rows": 1,
            "Actual Loops": 1,
            "Output": [
                "min(n.name)"
            ],
            "Plans": [
                {
                    "Node Type": "Gather",
                    "Parent Relationship": "Outer",
                    "Parallel Aware": false,
                    "Startup Cost": 524059.35,
                    "Total Cost": 524059.76,
                    "Plan Rows": 4,
                    "Plan Width": 32,
                    "Actual Startup Time": 2813.402,
                    "Actual Total Time": 3030.391,
                    "Actual Rows": 5,
                    "Actual Loops": 1,
                    "Output": [
                        "(PARTIAL min(n.name))"
                    ],
                    "Workers Planned": 4,
                    "Workers Launched": 4,
                    "Single Copy": false,
                    "Plans": [
                        {
                            "Node Type": "Aggregate",
                            "Strategy": "Plain",
                            "Partial Mode": "Partial",
                            "Parent Relationship": "Outer",
                            "Parallel Aware": false,
                            "Startup Cost": 523059.35,
                            "Total Cost": 523059.36,
                            "Plan Rows": 1,
                            "Plan Width": 32,
                            "Actual Startup Time": 2800.973,
                            "Actual Total Time": 2801.035,
                            "Actual Rows": 1,
                            "Actual Loops": 5,
                            "Output": [
                                "PARTIAL min(n.name)"
                            ],
                            "Workers": [
                                {
                                    "Worker Number": 0,
                                    "Actual Startup Time": 2797.861,
                                    "Actual Total Time": 2797.878,
                                    "Actual Rows": 1,
                                    "Actual Loops": 1
                                },
                                {
                                    "Worker Number": 1,
                                    "Actual Startup Time": 2798.339,
                                    "Actual Total Time": 2798.356,
                                    "Actual Rows": 1,
                                    "Actual Loops": 1
                                },
                                {
                                    "Worker Number": 2,
                                    "Actual Startup Time": 2798.511,
                                    "Actual Total Time": 2798.526,
                                    "Actual Rows": 1,
                                    "Actual Loops": 1
                                },
                                {
                                    "Worker Number": 3,
                                    "Actual Startup Time": 2798.809,
                                    "Actual Total Time": 2798.827,
                                    "Actual Rows": 1,
                                    "Actual Loops": 1
                                }
                            ],
                            "Plans": [
                                {
                                    "Node Type": "Hash Join",
                                    "Parent Relationship": "Outer",
                                    "Parallel Aware": true,
                                    "Join Type": "Inner",
                                    "Startup Cost": 478369.89,
                                    "Total Cost": 523059.35,
                                    "Plan Rows": 1,
                                    "Plan Width": 15,
                                    "Actual Startup Time": 2625.63,
                                    "Actual Total Time": 2800.546,
                                    "Actual Rows": 3905,
                                    "Actual Loops": 5,
                                    "Output": [
                                        "n.name"
                                    ],
                                    "Inner Unique": false,
                                    "Hash Cond": "(t.id = ci.movie_id)",
                                    "Workers": [
                                        {
                                            "Worker Number": 0,
                                            "Actual Startup Time": 2620.957,
                                            "Actual Total Time": 2797.357,
                                            "Actual Rows": 4222,
                                            "Actual Loops": 1
                                        },
                                        {
                                            "Worker Number": 1,
                                            "Actual Startup Time": 2625.988,
                                            "Actual Total Time": 2797.926,
                                            "Actual Rows": 3263,
                                            "Actual Loops": 1
                                        },
                                        {
                                            "Worker Number": 2,
                                            "Actual Startup Time": 2624.054,
                                            "Actual Total Time": 2797.987,
                                            "Actual Rows": 4485,
                                            "Actual Loops": 1
                                        },
                                        {
                                            "Worker Number": 3,
                                            "Actual Startup Time": 2622.271,
                                            "Actual Total Time": 2798.375,
                                            "Actual Rows": 3661,
                                            "Actual Loops": 1
                                        }
                                    ],
                                    "Plans": [
                                        {
                                            "Node Type": "Seq Scan",
                                            "Parent Relationship": "Outer",
                                            "Parallel Aware": true,
                                            "Relation Name": "title",
                                            "Schema": "public",
                                            "Alias": "t",
                                            "Startup Cost": 0.0,
                                            "Total Cost": 42319.06,
                                            "Plan Rows": 632106,
                                            "Plan Width": 4,
                                            "Actual Startup Time": 0.026,
                                            "Actual Total Time": 99.265,
                                            "Actual Rows": 505662,
                                            "Actual Loops": 5,
                                            "Output": [
                                                "t.id",
                                                "t.title",
                                                "t.imdb_index",
                                                "t.kind_id",
                                                "t.production_year",
                                                "t.imdb_id",
                                                "t.phonetic_code",
                                                "t.episode_of_id",
                                                "t.season_nr",
                                                "t.episode_nr",
                                                "t.series_years",
                                                "t.md5sum"
                                            ],
                                            "Workers": [
                                                {
                                                    "Worker Number": 0,
                                                    "Actual Startup Time": 0.027,
                                                    "Actual Total Time": 101.568,
                                                    "Actual Rows": 494640,
                                                    "Actual Loops": 1
                                                },
                                                {
                                                    "Worker Number": 1,
                                                    "Actual Startup Time": 0.026,
                                                    "Actual Total Time": 100.233,
                                                    "Actual Rows": 506809,
                                                    "Actual Loops": 1
                                                },
                                                {
                                                    "Worker Number": 2,
                                                    "Actual Startup Time": 0.038,
                                                    "Actual Total Time": 98.867,
                                                    "Actual Rows": 517558,
                                                    "Actual Loops": 1
                                                },
                                                {
                                                    "Worker Number": 3,
                                                    "Actual Startup Time": 0.034,
                                                    "Actual Total Time": 99.779,
                                                    "Actual Rows": 507832,
                                                    "Actual Loops": 1
                                                }
                                            ]
                                        },
                                        {
                                            "Node Type": "Hash",
                                            "Parent Relationship": "Inner",
                                            "Parallel Aware": true,
                                            "Startup Cost": 478369.87,
                                            "Total Cost": 478369.87,
                                            "Plan Rows": 1,
                                            "Plan Width": 27,
                                            "Actual Startup Time": 2622.385,
                                            "Actual Total Time": 2622.446,
                                            "Actual Rows": 3905,
                                            "Actual Loops": 5,
                                            "Output": [
                                                "ci.movie_id",
                                                "mc.movie_id",
                                                "mk.movie_id",
                                                "n.name"
                                            ],
                                            "Hash Buckets": 32768,
                                            "Original Hash Buckets": 1024,
                                            "Hash Batches": 1,
                                            "Original Hash Batches": 1,
                                            "Peak Memory Usage": 1848,
                                            "Workers": [
                                                {
                                                    "Worker Number": 0,
                                                    "Actual Startup Time": 2620.055,
                                                    "Actual Total Time": 2620.07,
                                                    "Actual Rows": 4192,
                                                    "Actual Loops": 1
                                                },
                                                {
                                                    "Worker Number": 1,
                                                    "Actual Startup Time": 2620.49,
                                                    "Actual Total Time": 2620.504,
                                                    "Actual Rows": 3693,
                                                    "Actual Loops": 1
                                                },
                                                {
                                                    "Worker Number": 2,
                                                    "Actual Startup Time": 2620.468,
                                                    "Actual Total Time": 2620.481,
                                                    "Actual Rows": 3149,
                                                    "Actual Loops": 1
                                                },
                                                {
                                                    "Worker Number": 3,
                                                    "Actual Startup Time": 2620.905,
                                                    "Actual Total Time": 2620.922,
                                                    "Actual Rows": 3730,
                                                    "Actual Loops": 1
                                                }
                                            ],
                                            "Plans": [
                                                {
                                                    "Node Type": "Hash Join",
                                                    "Parent Relationship": "Outer",
                                                    "Parallel Aware": true,
                                                    "Join Type": "Inner",
                                                    "Startup Cost": 473474.15,
                                                    "Total Cost": 478369.87,
                                                    "Plan Rows": 1,
                                                    "Plan Width": 27,
                                                    "Actual Startup Time": 2595.352,
                                                    "Actual Total Time": 2613.207,
                                                    "Actual Rows": 3905,
                                                    "Actual Loops": 5,
                                                    "Output": [
                                                        "ci.movie_id",
                                                        "mc.movie_id",
                                                        "mk.movie_id",
                                                        "n.name"
                                                    ],
                                                    "Inner Unique": false,
                                                    "Hash Cond": "(cn.id = mc.company_id)",
                                                    "Workers": [
                                                        {
                                                            "Worker Number": 0,
                                                            "Actual Startup Time": 2592.992,
                                                            "Actual Total Time": 2611.772,
                                                            "Actual Rows": 4192,
                                                            "Actual Loops": 1
                                                        },
                                                        {
                                                            "Worker Number": 1,
                                                            "Actual Startup Time": 2593.421,
                                                            "Actual Total Time": 2613.613,
                                                            "Actual Rows": 3693,
                                                            "Actual Loops": 1
                                                        },
                                                        {
                                                            "Worker Number": 2,
                                                            "Actual Startup Time": 2593.454,
                                                            "Actual Total Time": 2606.718,
                                                            "Actual Rows": 3149,
                                                            "Actual Loops": 1
                                                        },
                                                        {
                                                            "Worker Number": 3,
                                                            "Actual Startup Time": 2593.861,
                                                            "Actual Total Time": 2610.061,
                                                            "Actual Rows": 3730,
                                                            "Actual Loops": 1
                                                        }
                                                    ],
                                                    "Plans": [
                                                        {
                                                            "Node Type": "Seq Scan",
                                                            "Parent Relationship": "Outer",
                                                            "Parallel Aware": true,
                                                            "Relation Name": "company_name",
                                                            "Schema": "public",
                                                            "Alias": "cn",
                                                            "Startup Cost": 0.0,
                                                            "Total Cost": 4377.34,
                                                            "Plan Rows": 138234,
                                                            "Plan Width": 4,
                                                            "Actual Startup Time": 0.023,
                                                            "Actual Total Time": 8.824,
                                                            "Actual Rows": 46999,
                                                            "Actual Loops": 5,
                                                            "Output": [
                                                                "cn.id",
                                                                "cn.name",
                                                                "cn.country_code",
                                                                "cn.imdb_id",
                                                                "cn.name_pcode_nf",
                                                                "cn.name_pcode_sf",
                                                                "cn.md5sum"
                                                            ],
                                                            "Workers": [
                                                                {
                                                                    "Worker Number": 0,
                                                                    "Actual Startup Time": 0.022,
                                                                    "Actual Total Time": 9.503,
                                                                    "Actual Rows": 48484,
                                                                    "Actual Loops": 1
                                                                },
                                                                {
                                                                    "Worker Number": 1,
                                                                    "Actual Startup Time": 0.031,
                                                                    "Actual Total Time": 10.284,
                                                                    "Actual Rows": 54531,
                                                                    "Actual Loops": 1
                                                                },
                                                                {
                                                                    "Worker Number": 2,
                                                                    "Actual Startup Time": 0.029,
                                                                    "Actual Total Time": 6.423,
                                                                    "Actual Rows": 28035,
                                                                    "Actual Loops": 1
                                                                },
                                                                {
                                                                    "Worker Number": 3,
                                                                    "Actual Startup Time": 0.027,
                                                                    "Actual Total Time": 7.922,
                                                                    "Actual Rows": 43561,
                                                                    "Actual Loops": 1
                                                                }
                                                            ]
                                                        },
                                                        {
                                                            "Node Type": "Hash",
                                                            "Parent Relationship": "Inner",
                                                            "Parallel Aware": true,
                                                            "Startup Cost": 473474.14,
                                                            "Total Cost": 473474.14,
                                                            "Plan Rows": 1,
                                                            "Plan Width": 31,
                                                            "Actual Startup Time": 2595.23,
                                                            "Actual Total Time": 2595.289,
                                                            "Actual Rows": 3905,
                                                            "Actual Loops": 5,
                                                            "Output": [
                                                                "ci.movie_id",
                                                                "mc.movie_id",
                                                                "mc.company_id",
                                                                "mk.movie_id",
                                                                "n.name"
                                                            ],
                                                            "Hash Buckets": 32768,
                                                            "Original Hash Buckets": 1024,
                                                            "Hash Batches": 1,
                                                            "Original Hash Batches": 1,
                                                            "Peak Memory Usage": 1880,
                                                            "Workers": [
                                                                {
                                                                    "Worker Number": 0,
                                                                    "Actual Startup Time": 2592.889,
                                                                    "Actual Total Time": 2592.902,
                                                                    "Actual Rows": 3713,
                                                                    "Actual Loops": 1
                                                                },
                                                                {
                                                                    "Worker Number": 1,
                                                                    "Actual Startup Time": 2593.291,
                                                                    "Actual Total Time": 2593.304,
                                                                    "Actual Rows": 4013,
                                                                    "Actual Loops": 1
                                                                },
                                                                {
                                                                    "Worker Number": 2,
                                                                    "Actual Startup Time": 2593.319,
                                                                    "Actual Total Time": 2593.33,
                                                                    "Actual Rows": 4032,
                                                                    "Actual Loops": 1
                                                                },
                                                                {
                                                                    "Worker Number": 3,
                                                                    "Actual Startup Time": 2593.739,
                                                                    "Actual Total Time": 2593.754,
                                                                    "Actual Rows": 3582,
                                                                    "Actual Loops": 1
                                                                }
                                                            ],
                                                            "Plans": [
                                                                {
                                                                    "Node Type": "Hash Join",
                                                                    "Parent Relationship": "Outer",
                                                                    "Parallel Aware": true,
                                                                    "Join Type": "Inner",
                                                                    "Startup Cost": 443111.38,
                                                                    "Total Cost": 473474.14,
                                                                    "Plan Rows": 1,
                                                                    "Plan Width": 31,
                                                                    "Actual Startup Time": 2393.526,
                                                                    "Actual Total Time": 2548.375,
                                                                    "Actual Rows": 3905,
                                                                    "Actual Loops": 5,
                                                                    "Output": [
                                                                        "ci.movie_id",
                                                                        "mc.movie_id",
                                                                        "mc.company_id",
                                                                        "mk.movie_id",
                                                                        "n.name"
                                                                    ],
                                                                    "Inner Unique": false,
                                                                    "Hash Cond": "(mc.movie_id = ci.movie_id)",
                                                                    "Workers": [
                                                                        {
                                                                            "Worker Number": 0,
                                                                            "Actual Startup Time": 2391.136,
                                                                            "Actual Total Time": 2544.913,
                                                                            "Actual Rows": 3713,
                                                                            "Actual Loops": 1
                                                                        },
                                                                        {
                                                                            "Worker Number": 1,
                                                                            "Actual Startup Time": 2391.509,
                                                                            "Actual Total Time": 2542.641,
                                                                            "Actual Rows": 4013,
                                                                            "Actual Loops": 1
                                                                        },
                                                                        {
                                                                            "Worker Number": 2,
                                                                            "Actual Startup Time": 2391.597,
                                                                            "Actual Total Time": 2543.279,
                                                                            "Actual Rows": 4032,
                                                                            "Actual Loops": 1
                                                                        },
                                                                        {
                                                                            "Worker Number": 3,
                                                                            "Actual Startup Time": 2391.52,
                                                                            "Actual Total Time": 2536.125,
                                                                            "Actual Rows": 3582,
                                                                            "Actual Loops": 1
                                                                        }
                                                                    ],
                                                                    "Plans": [
                                                                        {
                                                                            "Node Type": "Seq Scan",
                                                                            "Parent Relationship": "Outer",
                                                                            "Parallel Aware": true,
                                                                            "Relation Name": "movie_companies",
                                                                            "Schema": "public",
                                                                            "Alias": "mc",
                                                                            "Startup Cost": 0.0,
                                                                            "Total Cost": 27206.55,
                                                                            "Plan Rows": 841655,
                                                                            "Plan Width": 8,
                                                                            "Actual Startup Time": 0.031,
                                                                            "Actual Total Time": 72.083,
                                                                            "Actual Rows": 521826,
                                                                            "Actual Loops": 5,
                                                                            "Output": [
                                                                                "mc.id",
                                                                                "mc.movie_id",
                                                                                "mc.company_id",
                                                                                "mc.company_type_id",
                                                                                "mc.note"
                                                                            ],
                                                                            "Workers": [
                                                                                {
                                                                                    "Worker Number": 0,
                                                                                    "Actual Startup Time": 0.033,
                                                                                    "Actual Total Time": 74.564,
                                                                                    "Actual Rows": 523347,
                                                                                    "Actual Loops": 1
                                                                                },
                                                                                {
                                                                                    "Worker Number": 1,
                                                                                    "Actual Startup Time": 0.037,
                                                                                    "Actual Total Time": 72.412,
                                                                                    "Actual Rows": 504632,
                                                                                    "Actual Loops": 1
                                                                                },
                                                                                {
                                                                                    "Worker Number": 2,
                                                                                    "Actual Startup Time": 0.031,
                                                                                    "Actual Total Time": 68.97,
                                                                                    "Actual Rows": 538174,
                                                                                    "Actual Loops": 1
                                                                                },
                                                                                {
                                                                                    "Worker Number": 3,
                                                                                    "Actual Startup Time": 0.043,
                                                                                    "Actual Total Time": 66.839,
                                                                                    "Actual Rows": 490332,
                                                                                    "Actual Loops": 1
                                                                                }
                                                                            ]
                                                                        },
                                                                        {
                                                                            "Node Type": "Hash",
                                                                            "Parent Relationship": "Inner",
                                                                            "Parallel Aware": true,
                                                                            "Startup Cost": 443111.37,
                                                                            "Total Cost": 443111.37,
                                                                            "Plan Rows": 1,
                                                                            "Plan Width": 23,
                                                                            "Actual Startup Time": 2392.635,
                                                                            "Actual Total Time": 2392.691,
                                                                            "Actual Rows": 501,
                                                                            "Actual Loops": 5,
                                                                            "Output": [
                                                                                "ci.movie_id",
                                                                                "mk.movie_id",
                                                                                "n.name"
                                                                            ],
                                                                            "Hash Buckets": 1024,
                                                                            "Original Hash Buckets": 1024,
                                                                            "Hash Batches": 1,
                                                                            "Original Hash Batches": 1,
                                                                            "Peak Memory Usage": 200,
                                                                            "Workers": [
                                                                                {
                                                                                    "Worker Number": 0,
                                                                                    "Actual Startup Time": 2390.198,
                                                                                    "Actual Total Time": 2390.208,
                                                                                    "Actual Rows": 437,
                                                                                    "Actual Loops": 1
                                                                                },
                                                                                {
                                                                                    "Worker Number": 1,
                                                                                    "Actual Startup Time": 2390.807,
                                                                                    "Actual Total Time": 2390.816,
                                                                                    "Actual Rows": 517,
                                                                                    "Actual Loops": 1
                                                                                },
                                                                                {
                                                                                    "Worker Number": 2,
                                                                                    "Actual Startup Time": 2390.641,
                                                                                    "Actual Total Time": 2390.649,
                                                                                    "Actual Rows": 458,
                                                                                    "Actual Loops": 1
                                                                                },
                                                                                {
                                                                                    "Worker Number": 3,
                                                                                    "Actual Startup Time": 2391.168,
                                                                                    "Actual Total Time": 2391.179,
                                                                                    "Actual Rows": 525,
                                                                                    "Actual Loops": 1
                                                                                }
                                                                            ],
                                                                            "Plans": [
                                                                                {
                                                                                    "Node Type": "Hash Join",
                                                                                    "Parent Relationship": "Outer",
                                                                                    "Parallel Aware": true,
                                                                                    "Join Type": "Inner",
                                                                                    "Startup Cost": 114142.44,
                                                                                    "Total Cost": 443111.37,
                                                                                    "Plan Rows": 1,
                                                                                    "Plan Width": 23,
                                                                                    "Actual Startup Time": 553.824,
                                                                                    "Actual Total Time": 2392.028,
                                                                                    "Actual Rows": 501,
                                                                                    "Actual Loops": 5,
                                                                                    "Output": [
                                                                                        "ci.movie_id",
                                                                                        "mk.movie_id",
                                                                                        "n.name"
                                                                                    ],
                                                                                    "Inner Unique": false,
                                                                                    "Hash Cond": "(ci.movie_id = mk.movie_id)",
                                                                                    "Workers": [
                                                                                        {
                                                                                            "Worker Number": 0,
                                                                                            "Actual Startup Time": 547.443,
                                                                                            "Actual Total Time": 2389.773,
                                                                                            "Actual Rows": 437,
                                                                                            "Actual Loops": 1
                                                                                        },
                                                                                        {
                                                                                            "Worker Number": 1,
                                                                                            "Actual Startup Time": 556.952,
                                                                                            "Actual Total Time": 2390.043,
                                                                                            "Actual Rows": 517,
                                                                                            "Actual Loops": 1
                                                                                        },
                                                                                        {
                                                                                            "Worker Number": 2,
                                                                                            "Actual Startup Time": 540.803,
                                                                                            "Actual Total Time": 2390.078,
                                                                                            "Actual Rows": 458,
                                                                                            "Actual Loops": 1
                                                                                        },
                                                                                        {
                                                                                            "Worker Number": 3,
                                                                                            "Actual Startup Time": 557.343,
                                                                                            "Actual Total Time": 2390.433,
                                                                                            "Actual Rows": 525,
                                                                                            "Actual Loops": 1
                                                                                        }
                                                                                    ],
                                                                                    "Plans": [
                                                                                        {
                                                                                            "Node Type": "Hash Join",
                                                                                            "Parent Relationship": "Outer",
                                                                                            "Parallel Aware": true,
                                                                                            "Join Type": "Inner",
                                                                                            "Startup Cost": 68637.98,
                                                                                            "Total Cost": 397604.62,
                                                                                            "Plan Rows": 604,
                                                                                            "Plan Width": 19,
                                                                                            "Actual Startup Time": 270.096,
                                                                                            "Actual Total Time": 2110.522,
                                                                                            "Actual Rows": 17938,
                                                                                            "Actual Loops": 5,
                                                                                            "Output": [
                                                                                                "ci.movie_id",
                                                                                                "n.name"
                                                                                            ],
                                                                                            "Inner Unique": true,
                                                                                            "Hash Cond": "(ci.person_id = n.id)",
                                                                                            "Workers": [
                                                                                                {
                                                                                                    "Worker Number": 0,
                                                                                                    "Actual Startup Time": 269.734,
                                                                                                    "Actual Total Time": 2110.608,
                                                                                                    "Actual Rows": 16665,
                                                                                                    "Actual Loops": 1
                                                                                                },
                                                                                                {
                                                                                                    "Worker Number": 1,
                                                                                                    "Actual Startup Time": 271.091,
                                                                                                    "Actual Total Time": 2110.906,
                                                                                                    "Actual Rows": 17922,
                                                                                                    "Actual Loops": 1
                                                                                                },
                                                                                                {
                                                                                                    "Worker Number": 2,
                                                                                                    "Actual Startup Time": 269.246,
                                                                                                    "Actual Total Time": 2111.161,
                                                                                                    "Actual Rows": 17551,
                                                                                                    "Actual Loops": 1
                                                                                                },
                                                                                                {
                                                                                                    "Worker Number": 3,
                                                                                                    "Actual Startup Time": 269.186,
                                                                                                    "Actual Total Time": 2109.615,
                                                                                                    "Actual Rows": 17779,
                                                                                                    "Actual Loops": 1
                                                                                                }
                                                                                            ],
                                                                                            "Plans": [
                                                                                                {
                                                                                                    "Node Type": "Seq Scan",
                                                                                                    "Parent Relationship": "Outer",
                                                                                                    "Parallel Aware": true,
                                                                                                    "Relation Name": "cast_info",
                                                                                                    "Schema": "public",
                                                                                                    "Alias": "ci",
                                                                                                    "Startup Cost": 0.0,
                                                                                                    "Total Cost": 313106.51,
                                                                                                    "Plan Rows": 6041951,
                                                                                                    "Plan Width": 8,
                                                                                                    "Actual Startup Time": 0.01,
                                                                                                    "Actual Total Time": 1019.943,
                                                                                                    "Actual Rows": 7248869,
                                                                                                    "Actual Loops": 5,
                                                                                                    "Output": [
                                                                                                        "ci.id",
                                                                                                        "ci.person_id",
                                                                                                        "ci.movie_id",
                                                                                                        "ci.person_role_id",
                                                                                                        "ci.note",
                                                                                                        "ci.nr_order",
                                                                                                        "ci.role_id"
                                                                                                    ],
                                                                                                    "Workers": [
                                                                                                        {
                                                                                                            "Worker Number": 0,
                                                                                                            "Actual Startup Time": 0.009,
                                                                                                            "Actual Total Time": 1035.248,
                                                                                                            "Actual Rows": 7059511,
                                                                                                            "Actual Loops": 1
                                                                                                        },
                                                                                                        {
                                                                                                            "Worker Number": 1,
                                                                                                            "Actual Startup Time": 0.011,
                                                                                                            "Actual Total Time": 1022.234,
                                                                                                            "Actual Rows": 7191200,
                                                                                                            "Actual Loops": 1
                                                                                                        },
                                                                                                        {
                                                                                                            "Worker Number": 2,
                                                                                                            "Actual Startup Time": 0.01,
                                                                                                            "Actual Total Time": 1020.421,
                                                                                                            "Actual Rows": 7279268,
                                                                                                            "Actual Loops": 1
                                                                                                        },
                                                                                                        {
                                                                                                            "Worker Number": 3,
                                                                                                            "Actual Startup Time": 0.014,
                                                                                                            "Actual Total Time": 1030.657,
                                                                                                            "Actual Rows": 7106309,
                                                                                                            "Actual Loops": 1
                                                                                                        }
                                                                                                    ]
                                                                                                },
                                                                                                {
                                                                                                    "Node Type": "Hash",
                                                                                                    "Parent Relationship": "Inner",
                                                                                                    "Parallel Aware": true,
                                                                                                    "Startup Cost": 68636.68,
                                                                                                    "Total Cost": 68636.68,
                                                                                                    "Plan Rows": 104,
                                                                                                    "Plan Width": 19,
                                                                                                    "Actual Startup Time": 269.097,
                                                                                                    "Actual Total Time": 269.098,
                                                                                                    "Actual Rows": 2444,
                                                                                                    "Actual Loops": 5,
                                                                                                    "Output": [
                                                                                                        "n.name",
                                                                                                        "n.id"
                                                                                                    ],
                                                                                                    "Hash Buckets": 16384,
                                                                                                    "Original Hash Buckets": 1024,
                                                                                                    "Hash Batches": 1,
                                                                                                    "Original Hash Batches": 1,
                                                                                                    "Peak Memory Usage": 1016,
                                                                                                    "Workers": [
                                                                                                        {
                                                                                                            "Worker Number": 0,
                                                                                                            "Actual Startup Time": 269.11,
                                                                                                            "Actual Total Time": 269.111,
                                                                                                            "Actual Rows": 2573,
                                                                                                            "Actual Loops": 1
                                                                                                        },
                                                                                                        {
                                                                                                            "Worker Number": 1,
                                                                                                            "Actual Startup Time": 269.133,
                                                                                                            "Actual Total Time": 269.134,
                                                                                                            "Actual Rows": 2000,
                                                                                                            "Actual Loops": 1
                                                                                                        },
                                                                                                        {
                                                                                                            "Worker Number": 2,
                                                                                                            "Actual Startup Time": 269.12,
                                                                                                            "Actual Total Time": 269.121,
                                                                                                            "Actual Rows": 3152,
                                                                                                            "Actual Loops": 1
                                                                                                        },
                                                                                                        {
                                                                                                            "Worker Number": 3,
                                                                                                            "Actual Startup Time": 268.991,
                                                                                                            "Actual Total Time": 268.992,
                                                                                                            "Actual Rows": 2547,
                                                                                                            "Actual Loops": 1
                                                                                                        }
                                                                                                    ],
                                                                                                    "Plans": [
                                                                                                        {
                                                                                                            "Node Type": "Seq Scan",
                                                                                                            "Parent Relationship": "Outer",
                                                                                                            "Parallel Aware": true,
                                                                                                            "Relation Name": "name",
                                                                                                            "Schema": "public",
                                                                                                            "Alias": "n",
                                                                                                            "Startup Cost": 0.0,
                                                                                                            "Total Cost": 68636.68,
                                                                                                            "Plan Rows": 104,
                                                                                                            "Plan Width": 19,
                                                                                                            "Actual Startup Time": 0.232,
                                                                                                            "Actual Total Time": 208.099,
                                                                                                            "Actual Rows": 2444,
                                                                                                            "Actual Loops": 5,
                                                                                                            "Output": [
                                                                                                                "n.name",
                                                                                                                "n.id"
                                                                                                            ],
                                                                                                            "Filter": "(n.name ~~ '%Angel%'::text)",
                                                                                                            "Rows Removed by Filter": 831054,
                                                                                                            "Workers": [
                                                                                                                {
                                                                                                                    "Worker Number": 0,
                                                                                                                    "Actual Startup Time": 0.16,
                                                                                                                    "Actual Total Time": 219.717,
                                                                                                                    "Actual Rows": 2573,
                                                                                                                    "Actual Loops": 1
                                                                                                                },
                                                                                                                {
                                                                                                                    "Worker Number": 1,
                                                                                                                    "Actual Startup Time": 0.652,
                                                                                                                    "Actual Total Time": 190.794,
                                                                                                                    "Actual Rows": 2000,
                                                                                                                    "Actual Loops": 1
                                                                                                                },
                                                                                                                {
                                                                                                                    "Worker Number": 2,
                                                                                                                    "Actual Startup Time": 0.047,
                                                                                                                    "Actual Total Time": 220.575,
                                                                                                                    "Actual Rows": 3152,
                                                                                                                    "Actual Loops": 1
                                                                                                                },
                                                                                                                {
                                                                                                                    "Worker Number": 3,
                                                                                                                    "Actual Startup Time": 0.172,
                                                                                                                    "Actual Total Time": 219.181,
                                                                                                                    "Actual Rows": 2547,
                                                                                                                    "Actual Loops": 1
                                                                                                                }
                                                                                                            ]
                                                                                                        }
                                                                                                    ]
                                                                                                }
                                                                                            ]
                                                                                        },
                                                                                        {
                                                                                            "Node Type": "Hash",
                                                                                            "Parent Relationship": "Inner",
                                                                                            "Parallel Aware": true,
                                                                                            "Startup Cost": 45504.33,
                                                                                            "Total Cost": 45504.33,
                                                                                            "Plan Rows": 11,
                                                                                            "Plan Width": 4,
                                                                                            "Actual Startup Time": 273.347,
                                                                                            "Actual Total Time": 273.35,
                                                                                            "Actual Rows": 8368,
                                                                                            "Actual Loops": 5,
                                                                                            "Output": [
                                                                                                "mk.movie_id"
                                                                                            ],
                                                                                            "Hash Buckets": 65536,
                                                                                            "Original Hash Buckets": 1024,
                                                                                            "Hash Batches": 1,
                                                                                            "Original Hash Batches": 1,
                                                                                            "Peak Memory Usage": 2776,
                                                                                            "Workers": [
                                                                                                {
                                                                                                    "Worker Number": 0,
                                                                                                    "Actual Startup Time": 271.001,
                                                                                                    "Actual Total Time": 271.005,
                                                                                                    "Actual Rows": 8287,
                                                                                                    "Actual Loops": 1
                                                                                                },
                                                                                                {
                                                                                                    "Worker Number": 1,
                                                                                                    "Actual Startup Time": 271.433,
                                                                                                    "Actual Total Time": 271.436,
                                                                                                    "Actual Rows": 8356,
                                                                                                    "Actual Loops": 1
                                                                                                },
                                                                                                {
                                                                                                    "Worker Number": 2,
                                                                                                    "Actual Startup Time": 271.427,
                                                                                                    "Actual Total Time": 271.43,
                                                                                                    "Actual Rows": 8382,
                                                                                                    "Actual Loops": 1
                                                                                                },
                                                                                                {
                                                                                                    "Worker Number": 3,
                                                                                                    "Actual Startup Time": 271.853,
                                                                                                    "Actual Total Time": 271.858,
                                                                                                    "Actual Rows": 8401,
                                                                                                    "Actual Loops": 1
                                                                                                }
                                                                                            ],
                                                                                            "Plans": [
                                                                                                {
                                                                                                    "Node Type": "Hash Join",
                                                                                                    "Parent Relationship": "Outer",
                                                                                                    "Parallel Aware": false,
                                                                                                    "Join Type": "Inner",
                                                                                                    "Startup Cost": 2626.14,
                                                                                                    "Total Cost": 45504.33,
                                                                                                    "Plan Rows": 11,
                                                                                                    "Plan Width": 4,
                                                                                                    "Actual Startup Time": 25.674,
                                                                                                    "Actual Total Time": 231.002,
                                                                                                    "Actual Rows": 8368,
                                                                                                    "Actual Loops": 5,
                                                                                                    "Output": [
                                                                                                        "mk.movie_id"
                                                                                                    ],
                                                                                                    "Inner Unique": true,
                                                                                                    "Hash Cond": "(mk.keyword_id = k.id)",
                                                                                                    "Workers": [
                                                                                                        {
                                                                                                            "Worker Number": 0,
                                                                                                            "Actual Startup Time": 25.023,
                                                                                                            "Actual Total Time": 232.197,
                                                                                                            "Actual Rows": 8287,
                                                                                                            "Actual Loops": 1
                                                                                                        },
                                                                                                        {
                                                                                                            "Worker Number": 1,
                                                                                                            "Actual Startup Time": 24.935,
                                                                                                            "Actual Total Time": 229.836,
                                                                                                            "Actual Rows": 8356,
                                                                                                            "Actual Loops": 1
                                                                                                        },
                                                                                                        {
                                                                                                            "Worker Number": 2,
                                                                                                            "Actual Startup Time": 24.938,
                                                                                                            "Actual Total Time": 225.85,
                                                                                                            "Actual Rows": 8382,
                                                                                                            "Actual Loops": 1
                                                                                                        },
                                                                                                        {
                                                                                                            "Worker Number": 3,
                                                                                                            "Actual Startup Time": 25.225,
                                                                                                            "Actual Total Time": 231.269,
                                                                                                            "Actual Rows": 8401,
                                                                                                            "Actual Loops": 1
                                                                                                        }
                                                                                                    ],
                                                                                                    "Plans": [
                                                                                                        {
                                                                                                            "Node Type": "Seq Scan",
                                                                                                            "Parent Relationship": "Outer",
                                                                                                            "Parallel Aware": true,
                                                                                                            "Relation Name": "movie_keyword",
                                                                                                            "Schema": "public",
                                                                                                            "Alias": "mk",
                                                                                                            "Startup Cost": 0.0,
                                                                                                            "Total Cost": 39047.32,
                                                                                                            "Plan Rows": 1459332,
                                                                                                            "Plan Width": 8,
                                                                                                            "Actual Startup Time": 0.056,
                                                                                                            "Actual Total Time": 113.071,
                                                                                                            "Actual Rows": 904786,
                                                                                                            "Actual Loops": 5,
                                                                                                            "Output": [
                                                                                                                "mk.id",
                                                                                                                "mk.movie_id",
                                                                                                                "mk.keyword_id"
                                                                                                            ],
                                                                                                            "Workers": [
                                                                                                                {
                                                                                                                    "Worker Number": 0,
                                                                                                                    "Actual Startup Time": 0.064,
                                                                                                                    "Actual Total Time": 114.884,
                                                                                                                    "Actual Rows": 907980,
                                                                                                                    "Actual Loops": 1
                                                                                                                },
                                                                                                                {
                                                                                                                    "Worker Number": 1,
                                                                                                                    "Actual Startup Time": 0.062,
                                                                                                                    "Actual Total Time": 112.883,
                                                                                                                    "Actual Rows": 902060,
                                                                                                                    "Actual Loops": 1
                                                                                                                },
                                                                                                                {
                                                                                                                    "Worker Number": 2,
                                                                                                                    "Actual Startup Time": 0.065,
                                                                                                                    "Actual Total Time": 111.002,
                                                                                                                    "Actual Rows": 900580,
                                                                                                                    "Actual Loops": 1
                                                                                                                },
                                                                                                                {
                                                                                                                    "Worker Number": 3,
                                                                                                                    "Actual Startup Time": 0.063,
                                                                                                                    "Actual Total Time": 113.645,
                                                                                                                    "Actual Rows": 881710,
                                                                                                                    "Actual Loops": 1
                                                                                                                }
                                                                                                            ]
                                                                                                        },
                                                                                                        {
                                                                                                            "Node Type": "Hash",
                                                                                                            "Parent Relationship": "Inner",
                                                                                                            "Parallel Aware": false,
                                                                                                            "Startup Cost": 2626.12,
                                                                                                            "Total Cost": 2626.12,
                                                                                                            "Plan Rows": 1,
                                                                                                            "Plan Width": 4,
                                                                                                            "Actual Startup Time": 25.447,
                                                                                                            "Actual Total Time": 25.448,
                                                                                                            "Actual Rows": 1,
                                                                                                            "Actual Loops": 5,
                                                                                                            "Output": [
                                                                                                                "k.id"
                                                                                                            ],
                                                                                                            "Hash Buckets": 1024,
                                                                                                            "Original Hash Buckets": 1024,
                                                                                                            "Hash Batches": 1,
                                                                                                            "Original Hash Batches": 1,
                                                                                                            "Peak Memory Usage": 9,
                                                                                                            "Workers": [
                                                                                                                {
                                                                                                                    "Worker Number": 0,
                                                                                                                    "Actual Startup Time": 24.467,
                                                                                                                    "Actual Total Time": 24.468,
                                                                                                                    "Actual Rows": 1,
                                                                                                                    "Actual Loops": 1
                                                                                                                },
                                                                                                                {
                                                                                                                    "Worker Number": 1,
                                                                                                                    "Actual Startup Time": 24.806,
                                                                                                                    "Actual Total Time": 24.807,
                                                                                                                    "Actual Rows": 1,
                                                                                                                    "Actual Loops": 1
                                                                                                                },
                                                                                                                {
                                                                                                                    "Worker Number": 2,
                                                                                                                    "Actual Startup Time": 24.79,
                                                                                                                    "Actual Total Time": 24.791,
                                                                                                                    "Actual Rows": 1,
                                                                                                                    "Actual Loops": 1
                                                                                                                },
                                                                                                                {
                                                                                                                    "Worker Number": 3,
                                                                                                                    "Actual Startup Time": 25.034,
                                                                                                                    "Actual Total Time": 25.035,
                                                                                                                    "Actual Rows": 1,
                                                                                                                    "Actual Loops": 1
                                                                                                                }
                                                                                                            ],
                                                                                                            "Plans": [
                                                                                                                {
                                                                                                                    "Node Type": "Seq Scan",
                                                                                                                    "Parent Relationship": "Outer",
                                                                                                                    "Parallel Aware": false,
                                                                                                                    "Relation Name": "keyword",
                                                                                                                    "Schema": "public",
                                                                                                                    "Alias": "k",
                                                                                                                    "Startup Cost": 0.0,
                                                                                                                    "Total Cost": 2626.12,
                                                                                                                    "Plan Rows": 1,
                                                                                                                    "Plan Width": 4,
                                                                                                                    "Actual Startup Time": 2.15,
                                                                                                                    "Actual Total Time": 25.426,
                                                                                                                    "Actual Rows": 1,
                                                                                                                    "Actual Loops": 5,
                                                                                                                    "Output": [
                                                                                                                        "k.id"
                                                                                                                    ],
                                                                                                                    "Filter": "(k.keyword = 'character-name-in-title'::text)",
                                                                                                                    "Rows Removed by Filter": 134169,
                                                                                                                    "Workers": [
                                                                                                                        {
                                                                                                                            "Worker Number": 0,
                                                                                                                            "Actual Startup Time": 2.162,
                                                                                                                            "Actual Total Time": 24.443,
                                                                                                                            "Actual Rows": 1,
                                                                                                                            "Actual Loops": 1
                                                                                                                        },
                                                                                                                        {
                                                                                                                            "Worker Number": 1,
                                                                                                                            "Actual Startup Time": 2.241,
                                                                                                                            "Actual Total Time": 24.788,
                                                                                                                            "Actual Rows": 1,
                                                                                                                            "Actual Loops": 1
                                                                                                                        },
                                                                                                                        {
                                                                                                                            "Worker Number": 2,
                                                                                                                            "Actual Startup Time": 2.233,
                                                                                                                            "Actual Total Time": 24.773,
                                                                                                                            "Actual Rows": 1,
                                                                                                                            "Actual Loops": 1
                                                                                                                        },
                                                                                                                        {
                                                                                                                            "Worker Number": 3,
                                                                                                                            "Actual Startup Time": 2.121,
                                                                                                                            "Actual Total Time": 25.011,
                                                                                                                            "Actual Rows": 1,
                                                                                                                            "Actual Loops": 1
                                                                                                                        }
                                                                                                                    ]
                                                                                                                }
                                                                                                            ]
                                                                                                        }
                                                                                                    ]
                                                                                                }
                                                                                            ]
                                                                                        }
                                                                                    ]
                                                                                }
                                                                            ]
                                                                        }
                                                                    ]
                                                                }
                                                            ]
                                                        }
                                                    ]
                                                }
                                            ]
                                        }
                                    ]
                                }
                            ]
                        }
                    ]
                }
            ]
        },
        "Planning Time": 647.521,
        "Triggers": [],
        "Execution Time": 3031.498
    }
]