[
  {
    "Plan": {
      "Node Type": "Aggregate",
      "Strategy": "Plain",
      "Partial Mode": "Finalize",
      "Parallel Aware": false,
      "Startup Cost": 63636.61,
      "Total Cost": 63636.62,
      "Plan Rows": 1,
      "Plan Width": 8,
      "Actual Startup Time": 292.829,
      "Actual Total Time": 308.899,
      "Actual Rows": 1,
      "Actual Loops": 1,
      "Plans": [
        {
          "Node Type": "Gather",
          "Parent Relationship": "Outer",
          "Parallel Aware": false,
          "Startup Cost": 63636.4,
          "Total Cost": 63636.61,
          "Plan Rows": 2,
          "Plan Width": 8,
          "Actual Startup Time": 291.548,
          "Actual Total Time": 308.892,
          "Actual Rows": 3,
          "Actual Loops": 1,
          "Workers Planned": 2,
          "Workers Launched": 2,
          "Single Copy": false,
          "Plans": [
            {
              "Node Type": "Aggregate",
              "Strategy": "Plain",
              "Partial Mode": "Partial",
              "Parent Relationship": "Outer",
              "Parallel Aware": false,
              "Startup Cost": 62636.4,
              "Total Cost": 62636.41,
              "Plan Rows": 1,
              "Plan Width": 8,
              "Actual Startup Time": 285.969,
              "Actual Total Time": 285.972,
              "Actual Rows": 1,
              "Actual Loops": 3,
              "Plans": [
                {
                  "Node Type": "Hash Join",
                  "Parent Relationship": "Outer",
                  "Parallel Aware": true,
                  "Join Type": "Inner",
                  "Startup Cost": 47139.79,
                  "Total Cost": 62334.35,
                  "Plan Rows": 120821,
                  "Plan Width": 0,
                  "Actual Startup Time": 211.147,
                  "Actual Total Time": 279.889,
                  "Actual Rows": 147379,
                  "Actual Loops": 3,
                  "Inner Unique": true,
                  "Hash Cond": "(mi_idx.movie_id = t.id)",
                  "Plans": [
                    {
                      "Node Type": "Seq Scan",
                      "Parent Relationship": "Outer",
                      "Parallel Aware": true,
                      "Relation Name": "movie_info_idx",
                      "Alias": "mi_idx",
                      "Startup Cost": 0.0,
                      "Total Cost": 13685.15,
                      "Plan Rows": 575015,
                      "Plan Width": 4,
                      "Actual Startup Time": 0.012,
                      "Actual Total Time": 37.585,
                      "Actual Rows": 460012,
                      "Actual Loops": 3
                    },
                    {
                      "Node Type": "Hash",
                      "Parent Relationship": "Inner",
                      "Parallel Aware": true,
                      "Startup Cost": 45479.59,
                      "Total Cost": 45479.59,
                      "Plan Rows": 132816,
                      "Plan Width": 4,
                      "Actual Startup Time": 169.581,
                      "Actual Total Time": 169.582,
                      "Actual Rows": 136034,
                      "Actual Loops": 3,
                      "Hash Buckets": 1048576,
                      "Original Hash Buckets": 1048576,
                      "Hash Batches": 1,
                      "Original Hash Batches": 1,
                      "Peak Memory Usage": 24192,
                      "Plans": [
                        {
                          "Node Type": "Seq Scan",
                          "Parent Relationship": "Outer",
                          "Parallel Aware": true,
                          "Relation Name": "title",
                          "Alias": "t",
                          "Startup Cost": 0.0,
                          "Total Cost": 45479.59,
                          "Plan Rows": 132816,
                          "Plan Width": 4,
                          "Actual Startup Time": 48.933,
                          "Actual Total Time": 121.527,
                          "Actual Rows": 136034,
                          "Actual Loops": 3,
                          "Filter": "((production_year > 1974) AND (kind_id = 1))",
                          "Rows Removed by Filter": 706737
                        }
                      ]
                    }
                  ]
                }
              ]
            }
          ]
        }
      ]
    },
    "Planning Time": 0.462,
    "Triggers": [],
    "Execution Time": 308.944
  }
]