{
    "Plan": {
        "Node Type": "Aggregate",
        "Strategy": "Plain",
        "Partial Mode": "Finalize",
        "Parallel Aware": false,
        "Startup Cost": 94635.76,
        "Total Cost": 94635.77,
        "Plan Rows": 1,
        "Plan Width": 8,
        "Actual Startup Time": 258.665,
        "Actual Total Time": 275.759,
        "Actual Rows": 1,
        "Actual Loops": 1,
        "Output": [
            "count(*)"
        ],
        "Plans": [
            {
                "Node Type": "Gather",
                "Parent Relationship": "Outer",
                "Parallel Aware": false,
                "Startup Cost": 94635.34,
                "Total Cost": 94635.75,
                "Plan Rows": 4,
                "Plan Width": 8,
                "Actual Startup Time": 253.34,
                "Actual Total Time": 275.747,
                "Actual Rows": 5,
                "Actual Loops": 1,
                "Output": [
                    "(PARTIAL count(*))"
                ],
                "Workers Planned": 4,
                "Workers Launched": 4,
                "Single Copy": false,
                "Plans": [
                    {
                        "Node Type": "Aggregate",
                        "Strategy": "Plain",
                        "Partial Mode": "Partial",
                        "Parent Relationship": "Outer",
                        "Parallel Aware": false,
                        "Startup Cost": 93635.34,
                        "Total Cost": 93635.35,
                        "Plan Rows": 1,
                        "Plan Width": 8,
                        "Actual Startup Time": 243.124,
                        "Actual Total Time": 243.128,
                        "Actual Rows": 1,
                        "Actual Loops": 5,
                        "Output": [
                            "PARTIAL count(*)"
                        ],
                        "Workers": [
                            {
                                "Worker Number": 0,
                                "Actual Startup Time": 240.846,
                                "Actual Total Time": 240.849,
                                "Actual Rows": 1,
                                "Actual Loops": 1
                            },
                            {
                                "Worker Number": 1,
                                "Actual Startup Time": 240.489,
                                "Actual Total Time": 240.493,
                                "Actual Rows": 1,
                                "Actual Loops": 1
                            },
                            {
                                "Worker Number": 2,
                                "Actual Startup Time": 240.429,
                                "Actual Total Time": 240.433,
                                "Actual Rows": 1,
                                "Actual Loops": 1
                            },
                            {
                                "Worker Number": 3,
                                "Actual Startup Time": 241.362,
                                "Actual Total Time": 241.365,
                                "Actual Rows": 1,
                                "Actual Loops": 1
                            }
                        ],
                        "Plans": [
                            {
                                "Node Type": "Hash Join",
                                "Parent Relationship": "Outer",
                                "Parallel Aware": true,
                                "Join Type": "Inner",
                                "Startup Cost": 47710.29,
                                "Total Cost": 93606.74,
                                "Plan Rows": 11441,
                                "Plan Width": 0,
                                "Actual Startup Time": 156.014,
                                "Actual Total Time": 242.536,
                                "Actual Rows": 10459,
                                "Actual Loops": 5,
                                "Inner Unique": true,
                                "Hash Cond": "(ci.movie_id = t.id)",
                                "Workers": [
                                    {
                                        "Worker Number": 0,
                                        "Actual Startup Time": 153.612,
                                        "Actual Total Time": 240.299,
                                        "Actual Rows": 10242,
                                        "Actual Loops": 1
                                    },
                                    {
                                        "Worker Number": 1,
                                        "Actual Startup Time": 153.51,
                                        "Actual Total Time": 239.922,
                                        "Actual Rows": 10999,
                                        "Actual Loops": 1
                                    },
                                    {
                                        "Worker Number": 2,
                                        "Actual Startup Time": 153.483,
                                        "Actual Total Time": 239.893,
                                        "Actual Rows": 10140,
                                        "Actual Loops": 1
                                    },
                                    {
                                        "Worker Number": 3,
                                        "Actual Startup Time": 154.259,
                                        "Actual Total Time": 240.775,
                                        "Actual Rows": 11552,
                                        "Actual Loops": 1
                                    }
                                ],
                                "Plans": [
                                    {
                                        "Node Type": "Index Scan",
                                        "Parent Relationship": "Outer",
                                        "Parallel Aware": true,
                                        "Scan Direction": "Forward",
                                        "Index Name": "role_id_cast_info",
                                        "Relation Name": "cast_info",
                                        "Schema": "public",
                                        "Alias": "ci",
                                        "Startup Cost": 0.56,
                                        "Total Cost": 45790.64,
                                        "Plan Rows": 40526,
                                        "Plan Width": 4,
                                        "Actual Startup Time": 0.13,
                                        "Actual Total Time": 66.588,
                                        "Actual Rows": 45068,
                                        "Actual Loops": 5,
                                        "Output": [
                                            "ci.id",
                                            "ci.person_id",
                                            "ci.movie_id",
                                            "ci.person_role_id",
                                            "ci.note",
                                            "ci.nr_order",
                                            "ci.role_id"
                                        ],
                                        "Index Cond": "(ci.role_id = 8)",
                                        "Rows Removed by Index Recheck": 0,
                                        "Filter": "(ci.person_id > 3405747)",
                                        "Rows Removed by Filter": 295641,
                                        "Workers": [
                                            {
                                                "Worker Number": 0,
                                                "Actual Startup Time": 0.177,
                                                "Actual Total Time": 66.884,
                                                "Actual Rows": 45576,
                                                "Actual Loops": 1
                                            },
                                            {
                                                "Worker Number": 1,
                                                "Actual Startup Time": 0.129,
                                                "Actual Total Time": 65.977,
                                                "Actual Rows": 47548,
                                                "Actual Loops": 1
                                            },
                                            {
                                                "Worker Number": 2,
                                                "Actual Startup Time": 0.195,
                                                "Actual Total Time": 66.784,
                                                "Actual Rows": 44281,
                                                "Actual Loops": 1
                                            },
                                            {
                                                "Worker Number": 3,
                                                "Actual Startup Time": 0.081,
                                                "Actual Total Time": 67.354,
                                                "Actual Rows": 45841,
                                                "Actual Loops": 1
                                            }
                                        ]
                                    },
                                    {
                                        "Node Type": "Hash",
                                        "Parent Relationship": "Inner",
                                        "Parallel Aware": true,
                                        "Startup Cost": 45479.21,
                                        "Total Cost": 45479.21,
                                        "Plan Rows": 178441,
                                        "Plan Width": 4,
                                        "Actual Startup Time": 151.539,
                                        "Actual Total Time": 151.54,
                                        "Actual Rows": 120914,
                                        "Actual Loops": 5,
                                        "Output": [
                                            "t.id"
                                        ],
                                        "Hash Buckets": 1048576,
                                        "Original Hash Buckets": 1048576,
                                        "Hash Batches": 1,
                                        "Original Hash Batches": 1,
                                        "Peak Memory Usage": 31936,
                                        "Workers": [
                                            {
                                                "Worker Number": 0,
                                                "Actual Startup Time": 152.683,
                                                "Actual Total Time": 152.684,
                                                "Actual Rows": 118899,
                                                "Actual Loops": 1
                                            },
                                            {
                                                "Worker Number": 1,
                                                "Actual Startup Time": 152.726,
                                                "Actual Total Time": 152.727,
                                                "Actual Rows": 117190,
                                                "Actual Loops": 1
                                            },
                                            {
                                                "Worker Number": 2,
                                                "Actual Startup Time": 152.735,
                                                "Actual Total Time": 152.736,
                                                "Actual Rows": 117680,
                                                "Actual Loops": 1
                                            },
                                            {
                                                "Worker Number": 3,
                                                "Actual Startup Time": 153.605,
                                                "Actual Total Time": 153.606,
                                                "Actual Rows": 116516,
                                                "Actual Loops": 1
                                            }
                                        ],
                                        "Plans": [
                                            {
                                                "Node Type": "Seq Scan",
                                                "Parent Relationship": "Outer",
                                                "Parallel Aware": true,
                                                "Relation Name": "title",
                                                "Schema": "public",
                                                "Alias": "t",
                                                "Startup Cost": 0.0,
                                                "Total Cost": 45479.21,
                                                "Plan Rows": 178441,
                                                "Plan Width": 4,
                                                "Actual Startup Time": 0.068,
                                                "Actual Total Time": 94.981,
                                                "Actual Rows": 120914,
                                                "Actual Loops": 5,
                                                "Output": [
                                                    "t.id"
                                                ],
                                                "Filter": "((t.kind_id > 1) AND (t.production_year < 1999))",
                                                "Rows Removed by Filter": 384748,
                                                "Workers": [
                                                    {
                                                        "Worker Number": 0,
                                                        "Actual Startup Time": 0.078,
                                                        "Actual Total Time": 96.81,
                                                        "Actual Rows": 118899,
                                                        "Actual Loops": 1
                                                    },
                                                    {
                                                        "Worker Number": 1,
                                                        "Actual Startup Time": 0.087,
                                                        "Actual Total Time": 95.972,
                                                        "Actual Rows": 117190,
                                                        "Actual Loops": 1
                                                    },
                                                    {
                                                        "Worker Number": 2,
                                                        "Actual Startup Time": 0.07,
                                                        "Actual Total Time": 96.651,
                                                        "Actual Rows": 117680,
                                                        "Actual Loops": 1
                                                    },
                                                    {
                                                        "Worker Number": 3,
                                                        "Actual Startup Time": 0.086,
                                                        "Actual Total Time": 96.608,
                                                        "Actual Rows": 116516,
                                                        "Actual Loops": 1
                                                    }
                                                ]
                                            }
                                        ]
                                    }
                                ]
                            }
                        ]
                    }
                ]
            }
        ]
    },
    "Planning Time": 0.744,
    "Triggers": [],
    "Execution Time": 275.841
}