{
  "Plan": {
    "Node Type": "Aggregate",
    "Strategy": "Plain",
    "Partial Mode": "Finalize",
    "Parallel Aware": false,
    "Startup Cost": 2238540.44,
    "Total Cost": 2238540.45,
    "Plan Rows": 1,
    "Plan Width": 8,
    "Actual Startup Time": 15982.646,
    "Actual Total Time": 16084.328,
    "Actual Rows": 1,
    "Actual Loops": 1,
    "Plans": [
      {
        "Node Type": "Gather",
        "Parent Relationship": "Outer",
        "Parallel Aware": false,
        "Startup Cost": 2238540.33,
        "Total Cost": 2238540.44,
        "Plan Rows": 1,
        "Plan Width": 8,
        "Actual Startup Time": 15982.394,
        "Actual Total Time": 16084.316,
        "Actual Rows": 2,
        "Actual Loops": 1,
        "Workers Planned": 1,
        "Workers Launched": 1,
        "Single Copy": false,
        "Plans": [
          {
            "Node Type": "Aggregate",
            "Strategy": "Plain",
            "Partial Mode": "Partial",
            "Parent Relationship": "Outer",
            "Parallel Aware": false,
            "Startup Cost": 2237540.33,
            "Total Cost": 2237540.34,
            "Plan Rows": 1,
            "Plan Width": 8,
            "Actual Startup Time": 15976.591,
            "Actual Total Time": 15976.593,
            "Actual Rows": 1,
            "Actual Loops": 2,
            "Plans": [
              {
                "Node Type": "Merge Join",
                "Parent Relationship": "Outer",
                "Parallel Aware": false,
                "Join Type": "Inner",
                "Startup Cost": 43.72,
                "Total Cost": 2217021.22,
                "Plan Rows": 8207644,
                "Plan Width": 0,
                "Actual Startup Time": 5.635,
                "Actual Total Time": 15654.941,
                "Actual Rows": 7152728,
                "Actual Loops": 2,
                "Inner Unique": true,
                "Merge Cond": "(ci.movie_id = t.id)",
                "Plans": [
                  {
                    "Node Type": "Index Scan",
                    "Parent Relationship": "Outer",
                    "Parallel Aware": true,
                    "Scan Direction": "Forward",
                    "Index Name": "movie_id_cast_info",
                    "Relation Name": "cast_info",
                    "Alias": "ci",
                    "Startup Cost": 0.56,
                    "Total Cost": 1978621.64,
                    "Plan Rows": 14475896,
                    "Plan Width": 4,
                    "Actual Startup Time": 0.084,
                    "Actual Total Time": 13033.187,
                    "Actual Rows": 12344122,
                    "Actual Loops": 2,
                    "Filter": "(person_id < 2540538)",
                    "Rows Removed by Filter": 5778050
                  },
                  {
                    "Node Type": "Index Scan",
                    "Parent Relationship": "Inner",
                    "Parallel Aware": false,
                    "Scan Direction": "Forward",
                    "Index Name": "title_pkey",
                    "Relation Name": "title",
                    "Alias": "t",
                    "Startup Cost": 0.43,
                    "Total Cost": 116660.7,
                    "Plan Rows": 1433509,
                    "Plan Width": 4,
                    "Actual Startup Time": 0.077,
                    "Actual Total Time": 1458.907,
                    "Actual Rows": 1442394,
                    "Actual Loops": 2,
                    "Filter": "(production_year < 2006)",
                    "Rows Removed by Filter": 1083691
                  }
                ]
              }
            ]
          }
        ]
      }
    ]
  },
  "Planning Time": 0.542,
  "Triggers": [],
  "Execution Time": 16084.4
}