[
  {
    "Plan": {
      "Node Type": "Aggregate",
      "Strategy": "Plain",
      "Partial Mode": "Finalize",
      "Parallel Aware": false,
      "Startup Cost": 46380.35,
      "Total Cost": 46380.36,
      "Plan Rows": 1,
      "Plan Width": 8,
      "Actual Startup Time": 158.336,
      "Actual Total Time": 168.114,
      "Actual Rows": 1,
      "Actual Loops": 1,
      "Plans": [
        {
          "Node Type": "Gather",
          "Parent Relationship": "Outer",
          "Parallel Aware": false,
          "Startup Cost": 46380.03,
          "Total Cost": 46380.34,
          "Plan Rows": 3,
          "Plan Width": 8,
          "Actual Startup Time": 158.225,
          "Actual Total Time": 168.106,
          "Actual Rows": 4,
          "Actual Loops": 1,
          "Workers Planned": 3,
          "Workers Launched": 3,
          "Single Copy": false,
          "Plans": [
            {
              "Node Type": "Aggregate",
              "Strategy": "Plain",
              "Partial Mode": "Partial",
              "Parent Relationship": "Outer",
              "Parallel Aware": false,
              "Startup Cost": 45380.03,
              "Total Cost": 45380.04,
              "Plan Rows": 1,
              "Plan Width": 8,
              "Actual Startup Time": 153.573,
              "Actual Total Time": 153.574,
              "Actual Rows": 1,
              "Actual Loops": 4,
              "Plans": [
                {
                  "Node Type": "Seq Scan",
                  "Parent Relationship": "Outer",
                  "Parallel Aware": true,
                  "Relation Name": "movie_keyword",
                  "Alias": "mk",
                  "Startup Cost": 0.0,
                  "Total Cost": 42695.65,
                  "Plan Rows": 1073750,
                  "Plan Width": 0,
                  "Actual Startup Time": 0.191,
                  "Actual Total Time": 116.93,
                  "Actual Rows": 830272,
                  "Actual Loops": 4,
                  "Filter": "(keyword_id > 1500)",
                  "Rows Removed by Filter": 300710
                }
              ]
            }
          ]
        }
      ]
    },
    "Planning Time": 0.187,
    "Triggers": [],
    "Execution Time": 168.171
  }
]