[
  {
    "Plan": {
      "Node Type": "Aggregate",
      "Strategy": "Plain",
      "Partial Mode": "Finalize",
      "Parallel Aware": false,
      "Startup Cost": 418535.59,
      "Total Cost": 418535.6,
      "Plan Rows": 1,
      "Plan Width": 8,
      "Actual Startup Time": 1993.226,
      "Actual Total Time": 2057.439,
      "Actual Rows": 1,
      "Actual Loops": 1,
      "Plans": [
        {
          "Node Type": "Gather",
          "Parent Relationship": "Outer",
          "Parallel Aware": false,
          "Startup Cost": 418534.97,
          "Total Cost": 418535.58,
          "Plan Rows": 6,
          "Plan Width": 8,
          "Actual Startup Time": 1984.302,
          "Actual Total Time": 2057.425,
          "Actual Rows": 7,
          "Actual Loops": 1,
          "Workers Planned": 6,
          "Workers Launched": 6,
          "Single Copy": false,
          "Plans": [
            {
              "Node Type": "Aggregate",
              "Strategy": "Plain",
              "Partial Mode": "Partial",
              "Parent Relationship": "Outer",
              "Parallel Aware": false,
              "Startup Cost": 417534.97,
              "Total Cost": 417534.98,
              "Plan Rows": 1,
              "Plan Width": 8,
              "Actual Startup Time": 1971.303,
              "Actual Total Time": 1971.598,
              "Actual Rows": 1,
              "Actual Loops": 7,
              "Plans": [
                {
                  "Node Type": "Hash Join",
                  "Parent Relationship": "Outer",
                  "Parallel Aware": true,
                  "Join Type": "Inner",
                  "Startup Cost": 69285.31,
                  "Total Cost": 412832.42,
                  "Plan Rows": 1881021,
                  "Plan Width": 0,
                  "Actual Startup Time": 289.98,
                  "Actual Total Time": 1867.459,
                  "Actual Rows": 2163715,
                  "Actual Loops": 7,
                  "Inner Unique": false,
                  "Hash Cond": "(ci.movie_id = t.id)",
                  "Plans": [
                    {
                      "Node Type": "Seq Scan",
                      "Parent Relationship": "Outer",
                      "Parallel Aware": true,
                      "Relation Name": "cast_info",
                      "Alias": "ci",
                      "Startup Cost": 0.0,
                      "Total Cost": 313067.02,
                      "Plan Rows": 6038002,
                      "Plan Width": 4,
                      "Actual Startup Time": 0.025,
                      "Actual Total Time": 564.673,
                      "Actual Rows": 5177763,
                      "Actual Loops": 7
                    },
                    {
                      "Node Type": "Hash",
                      "Parent Relationship": "Inner",
                      "Parallel Aware": true,
                      "Startup Cost": 65183.02,
                      "Total Cost": 65183.02,
                      "Plan Rows": 328183,
                      "Plan Width": 8,
                      "Actual Startup Time": 286.241,
                      "Actual Total Time": 286.534,
                      "Actual Rows": 60795,
                      "Actual Loops": 7,
                      "Hash Buckets": 1048576,
                      "Original Hash Buckets": 1048576,
                      "Hash Batches": 1,
                      "Original Hash Batches": 1,
                      "Peak Memory Usage": 24928,
                      "Plans": [
                        {
                          "Node Type": "Hash Join",
                          "Parent Relationship": "Outer",
                          "Parallel Aware": true,
                          "Join Type": "Inner",
                          "Startup Cost": 49988.46,
                          "Total Cost": 65183.02,
                          "Plan Rows": 328183,
                          "Plan Width": 8,
                          "Actual Startup Time": 194.377,
                          "Actual Total Time": 261.012,
                          "Actual Rows": 60795,
                          "Actual Loops": 7,
                          "Inner Unique": true,
                          "Hash Cond": "(mi_idx.movie_id = t.id)",
                          "Plans": [
                            {
                              "Node Type": "Seq Scan",
                              "Parent Relationship": "Outer",
                              "Parallel Aware": true,
                              "Relation Name": "movie_info_idx",
                              "Alias": "mi_idx",
                              "Startup Cost": 0.0,
                              "Total Cost": 13685.15,
                              "Plan Rows": 575015,
                              "Plan Width": 4,
                              "Actual Startup Time": 0.033,
                              "Actual Total Time": 20.397,
                              "Actual Rows": 197148,
                              "Actual Loops": 7
                            },
                            {
                              "Node Type": "Hash",
                              "Parent Relationship": "Inner",
                              "Parallel Aware": true,
                              "Startup Cost": 45479.1,
                              "Total Cost": 45479.1,
                              "Plan Rows": 360749,
                              "Plan Width": 4,
                              "Actual Startup Time": 191.475,
                              "Actual Total Time": 191.476,
                              "Actual Rows": 211205,
                              "Actual Loops": 7,
                              "Hash Buckets": 2097152,
                              "Original Hash Buckets": 2097152,
                              "Hash Batches": 1,
                              "Original Hash Batches": 1,
                              "Peak Memory Usage": 74336,
                              "Plans": [
                                {
                                  "Node Type": "Seq Scan",
                                  "Parent Relationship": "Outer",
                                  "Parallel Aware": true,
                                  "Relation Name": "title",
                                  "Alias": "t",
                                  "Startup Cost": 0.0,
                                  "Total Cost": 45479.1,
                                  "Plan Rows": 360749,
                                  "Plan Width": 4,
                                  "Actual Startup Time": 0.051,
                                  "Actual Total Time": 82.544,
                                  "Actual Rows": 211205,
                                  "Actual Loops": 7,
                                  "Filter": "((production_year > 1919) AND (kind_id = 7))",
                                  "Rows Removed by Filter": 149982
                                }
                              ]
                            }
                          ]
                        }
                      ]
                    }
                  ]
                }
              ]
            }
          ]
        }
      ]
    },
    "Planning Time": 1.32,
    "Triggers": [],
    "Execution Time": 2057.541
  }
]