[
  {
    "Plan": {
      "Node Type": "Aggregate",
      "Strategy": "Plain",
      "Partial Mode": "Finalize",
      "Parallel Aware": false,
      "Startup Cost": 47218.69,
      "Total Cost": 47218.7,
      "Plan Rows": 1,
      "Plan Width": 8,
      "Actual Startup Time": 178.469,
      "Actual Total Time": 188.914,
      "Actual Rows": 1,
      "Actual Loops": 1,
      "Plans": [
        {
          "Node Type": "Gather",
          "Parent Relationship": "Outer",
          "Parallel Aware": false,
          "Startup Cost": 47218.37,
          "Total Cost": 47218.68,
          "Plan Rows": 3,
          "Plan Width": 8,
          "Actual Startup Time": 178.359,
          "Actual Total Time": 188.906,
          "Actual Rows": 4,
          "Actual Loops": 1,
          "Workers Planned": 3,
          "Workers Launched": 3,
          "Single Copy": false,
          "Plans": [
            {
              "Node Type": "Aggregate",
              "Strategy": "Plain",
              "Partial Mode": "Partial",
              "Parent Relationship": "Outer",
              "Parallel Aware": false,
              "Startup Cost": 46218.37,
              "Total Cost": 46218.38,
              "Plan Rows": 1,
              "Plan Width": 8,
              "Actual Startup Time": 170.192,
              "Actual Total Time": 170.193,
              "Actual Rows": 1,
              "Actual Loops": 4,
              "Plans": [
                {
                  "Node Type": "Seq Scan",
                  "Parent Relationship": "Outer",
                  "Parallel Aware": true,
                  "Relation Name": "movie_keyword",
                  "Alias": "mk",
                  "Startup Cost": 0.0,
                  "Total Cost": 42695.65,
                  "Plan Rows": 1409087,
                  "Plan Width": 0,
                  "Actual Startup Time": 0.06,
                  "Actual Total Time": 123.314,
                  "Actual Rows": 1093168,
                  "Actual Loops": 4,
                  "Filter": "(keyword_id < 73756)",
                  "Rows Removed by Filter": 37814
                }
              ]
            }
          ]
        }
      ]
    },
    "Planning Time": 0.105,
    "Triggers": [],
    "Execution Time": 188.948
  }
]