{
  "Plan": {
    "Node Type": "Aggregate",
    "Strategy": "Plain",
    "Partial Mode": "Simple",
    "Parallel Aware": false,
    "Startup Cost": 16726.74,
    "Total Cost": 16726.75,
    "Plan Rows": 1,
    "Plan Width": 64,
    "Actual Startup Time": 107.874,
    "Actual Total Time": 107.876,
    "Actual Rows": 1,
    "Actual Loops": 1,
    "Plans": [
      {
        "Node Type": "Nested Loop",
        "Parent Relationship": "Outer",
        "Parallel Aware": false,
        "Join Type": "Inner",
        "Startup Cost": 11.65,
        "Total Cost": 16726.74,
        "Plan Rows": 1,
        "Plan Width": 22,
        "Actual Startup Time": 8.027,
        "Actual Total Time": 106.971,
        "Actual Rows": 5559,
        "Actual Loops": 1,
        "Inner Unique": false,
        "Join Filter": "(mi_idx.info_type_id = it.id)",
        "Rows Removed by Join Filter": 2474,
        "Plans": [
          {
            "Node Type": "Seq Scan",
            "Parent Relationship": "Outer",
            "Parallel Aware": false,
            "Relation Name": "info_type",
            "Alias": "it",
            "Startup Cost": 0.0,
            "Total Cost": 2.41,
            "Plan Rows": 1,
            "Plan Width": 4,
            "Actual Startup Time": 0.042,
            "Actual Total Time": 0.044,
            "Actual Rows": 1,
            "Actual Loops": 1,
            "Filter": "((info)::text = 'rating'::text)",
            "Rows Removed by Filter": 112
          },
          {
            "Node Type": "Nested Loop",
            "Parent Relationship": "Inner",
            "Parallel Aware": false,
            "Join Type": "Inner",
            "Startup Cost": 11.65,
            "Total Cost": 16723.46,
            "Plan Rows": 69,
            "Plan Width": 26,
            "Actual Startup Time": 7.98,
            "Actual Total Time": 105.917,
            "Actual Rows": 8033,
            "Actual Loops": 1,
            "Inner Unique": false,
            "Join Filter": "(t.id = mi_idx.movie_id)",
            "Rows Removed by Join Filter": 0,
            "Plans": [
              {
                "Node Type": "Nested Loop",
                "Parent Relationship": "Outer",
                "Parallel Aware": false,
                "Join Type": "Inner",
                "Startup Cost": 11.22,
                "Total Cost": 16552.79,
                "Plan Rows": 333,
                "Plan Width": 25,
                "Actual Startup Time": 7.956,
                "Actual Total Time": 73.058,
                "Actual Rows": 12172,
                "Actual Loops": 1,
                "Inner Unique": true,
                "Plans": [
                  {
                    "Node Type": "Nested Loop",
                    "Parent Relationship": "Outer",
                    "Parallel Aware": false,
                    "Join Type": "Inner",
                    "Startup Cost": 10.79,
                    "Total Cost": 16338.26,
                    "Plan Rows": 438,
                    "Plan Width": 4,
                    "Actual Startup Time": 7.926,
                    "Actual Total Time": 35.14,
                    "Actual Rows": 12951,
                    "Actual Loops": 1,
                    "Inner Unique": false,
                    "Plans": [
                      {
                        "Node Type": "Seq Scan",
                        "Parent Relationship": "Outer",
                        "Parallel Aware": false,
                        "Relation Name": "keyword",
                        "Alias": "k",
                        "Startup Cost": 0.0,
                        "Total Cost": 2626.12,
                        "Plan Rows": 13,
                        "Plan Width": 4,
                        "Actual Startup Time": 2.952,
                        "Actual Total Time": 17.586,
                        "Actual Rows": 30,
                        "Actual Loops": 1,
                        "Filter": "(keyword ~~ '%sequel%'::text)",
                        "Rows Removed by Filter": 134140
                      },
                      {
                        "Node Type": "Bitmap Heap Scan",
                        "Parent Relationship": "Inner",
                        "Parallel Aware": false,
                        "Relation Name": "movie_keyword",
                        "Alias": "mk",
                        "Startup Cost": 10.79,
                        "Total Cost": 1051.74,
                        "Plan Rows": 304,
                        "Plan Width": 8,
                        "Actual Startup Time": 0.182,
                        "Actual Total Time": 0.538,
                        "Actual Rows": 432,
                        "Actual Loops": 30,
                        "Recheck Cond": "(keyword_id = k.id)",
                        "Rows Removed by Index Recheck": 0,
                        "Exact Heap Blocks": 6979,
                        "Lossy Heap Blocks": 0,
                        "Plans": [
                          {
                            "Node Type": "Bitmap Index Scan",
                            "Parent Relationship": "Outer",
                            "Parallel Aware": false,
                            "Index Name": "keyword_id_movie_keyword",
                            "Startup Cost": 0.0,
                            "Total Cost": 10.71,
                            "Plan Rows": 304,
                            "Plan Width": 0,
                            "Actual Startup Time": 0.093,
                            "Actual Total Time": 0.093,
                            "Actual Rows": 432,
                            "Actual Loops": 30,
                            "Index Cond": "(keyword_id = k.id)"
                          }
                        ]
                      }
                    ]
                  },
                  {
                    "Node Type": "Index Scan",
                    "Parent Relationship": "Inner",
                    "Parallel Aware": false,
                    "Scan Direction": "Forward",
                    "Index Name": "title_pkey",
                    "Relation Name": "title",
                    "Alias": "t",
                    "Startup Cost": 0.43,
                    "Total Cost": 0.49,
                    "Plan Rows": 1,
                    "Plan Width": 21,
                    "Actual Startup Time": 0.003,
                    "Actual Total Time": 0.003,
                    "Actual Rows": 1,
                    "Actual Loops": 12951,
                    "Index Cond": "(id = mk.movie_id)",
                    "Rows Removed by Index Recheck": 0,
                    "Filter": "(production_year < 2010)",
                    "Rows Removed by Filter": 0
                  }
                ]
              },
              {
                "Node Type": "Index Scan",
                "Parent Relationship": "Inner",
                "Parallel Aware": false,
                "Scan Direction": "Forward",
                "Index Name": "movie_id_movie_info_idx",
                "Relation Name": "movie_info_idx",
                "Alias": "mi_idx",
                "Startup Cost": 0.43,
                "Total Cost": 0.5,
                "Plan Rows": 1,
                "Plan Width": 13,
                "Actual Startup Time": 0.002,
                "Actual Total Time": 0.002,
                "Actual Rows": 1,
                "Actual Loops": 12172,
                "Index Cond": "(movie_id = mk.movie_id)",
                "Rows Removed by Index Recheck": 0,
                "Filter": "(info > '5.0'::text)",
                "Rows Removed by Filter": 1
              }
            ]
          }
        ]
      }
    ]
  },
  "Planning Time": 1.588,
  "Triggers": [],
  "Execution Time": 107.98
}