[
  {
    "Plan": {
      "Node Type": "Aggregate",
      "Strategy": "Plain",
      "Partial Mode": "Finalize",
      "Parallel Aware": false,
      "Startup Cost": 400915.48,
      "Total Cost": 400915.49,
      "Plan Rows": 1,
      "Plan Width": 8,
      "Actual Startup Time": 1271.225,
      "Actual Total Time": 1319.849,
      "Actual Rows": 1,
      "Actual Loops": 1,
      "Plans": [
        {
          "Node Type": "Gather",
          "Parent Relationship": "Outer",
          "Parallel Aware": false,
          "Startup Cost": 400914.85,
          "Total Cost": 400915.46,
          "Plan Rows": 6,
          "Plan Width": 8,
          "Actual Startup Time": 1269.896,
          "Actual Total Time": 1319.829,
          "Actual Rows": 7,
          "Actual Loops": 1,
          "Workers Planned": 6,
          "Workers Launched": 6,
          "Single Copy": false,
          "Plans": [
            {
              "Node Type": "Aggregate",
              "Strategy": "Plain",
              "Partial Mode": "Partial",
              "Parent Relationship": "Outer",
              "Parallel Aware": false,
              "Startup Cost": 399914.85,
              "Total Cost": 399914.86,
              "Plan Rows": 1,
              "Plan Width": 8,
              "Actual Startup Time": 1262.182,
              "Actual Total Time": 1262.186,
              "Actual Rows": 1,
              "Actual Loops": 7,
              "Plans": [
                {
                  "Node Type": "Hash Join",
                  "Parent Relationship": "Outer",
                  "Parallel Aware": true,
                  "Join Type": "Inner",
                  "Startup Cost": 46010.64,
                  "Total Cost": 399277.88,
                  "Plan Rows": 254787,
                  "Plan Width": 0,
                  "Actual Startup Time": 75.382,
                  "Actual Total Time": 1257.111,
                  "Actual Rows": 87566,
                  "Actual Loops": 7,
                  "Inner Unique": true,
                  "Hash Cond": "(ci.movie_id = t.id)",
                  "Plans": [
                    {
                      "Node Type": "Seq Scan",
                      "Parent Relationship": "Outer",
                      "Parallel Aware": true,
                      "Relation Name": "cast_info",
                      "Alias": "ci",
                      "Startup Cost": 0.0,
                      "Total Cost": 343316.27,
                      "Plan Rows": 3790844,
                      "Plan Width": 4,
                      "Actual Startup Time": 0.039,
                      "Actual Total Time": 762.552,
                      "Actual Rows": 3664865,
                      "Actual Loops": 7,
                      "Filter": "((person_id < 2918977) AND (role_id < 8))",
                      "Rows Removed by Filter": 1512898
                    },
                    {
                      "Node Type": "Hash",
                      "Parent Relationship": "Inner",
                      "Parallel Aware": true,
                      "Startup Cost": 45479.59,
                      "Total Cost": 45479.59,
                      "Plan Rows": 42484,
                      "Plan Width": 4,
                      "Actual Startup Time": 73.767,
                      "Actual Total Time": 73.768,
                      "Actual Rows": 11299,
                      "Actual Loops": 7,
                      "Hash Buckets": 262144,
                      "Original Hash Buckets": 262144,
                      "Hash Batches": 1,
                      "Original Hash Batches": 1,
                      "Peak Memory Usage": 5216,
                      "Plans": [
                        {
                          "Node Type": "Seq Scan",
                          "Parent Relationship": "Outer",
                          "Parallel Aware": true,
                          "Relation Name": "title",
                          "Alias": "t",
                          "Startup Cost": 0.0,
                          "Total Cost": 45479.59,
                          "Plan Rows": 42484,
                          "Plan Width": 4,
                          "Actual Startup Time": 0.05,
                          "Actual Total Time": 67.735,
                          "Actual Rows": 11299,
                          "Actual Loops": 7,
                          "Filter": "((production_year < 1965) AND (kind_id = 7))",
                          "Rows Removed by Filter": 349889
                        }
                      ]
                    }
                  ]
                }
              ]
            }
          ]
        }
      ]
    },
    "Planning Time": 0.278,
    "Triggers": [],
    "Execution Time": 1319.9
  }
]