[
  {
    "Plan": {
      "Node Type": "Aggregate",
      "Strategy": "Plain",
      "Partial Mode": "Finalize",
      "Parallel Aware": false,
      "Startup Cost": 338363.04,
      "Total Cost": 338363.05,
      "Plan Rows": 1,
      "Plan Width": 8,
      "Actual Startup Time": 825.178,
      "Actual Total Time": 872.294,
      "Actual Rows": 1,
      "Actual Loops": 1,
      "Plans": [
        {
          "Node Type": "Gather",
          "Parent Relationship": "Outer",
          "Parallel Aware": false,
          "Startup Cost": 338362.41,
          "Total Cost": 338363.02,
          "Plan Rows": 6,
          "Plan Width": 8,
          "Actual Startup Time": 824.864,
          "Actual Total Time": 872.277,
          "Actual Rows": 7,
          "Actual Loops": 1,
          "Workers Planned": 6,
          "Workers Launched": 6,
          "Single Copy": false,
          "Plans": [
            {
              "Node Type": "Aggregate",
              "Strategy": "Plain",
              "Partial Mode": "Partial",
              "Parent Relationship": "Outer",
              "Parallel Aware": false,
              "Startup Cost": 337362.41,
              "Total Cost": 337362.42,
              "Plan Rows": 1,
              "Plan Width": 8,
              "Actual Startup Time": 817.548,
              "Actual Total Time": 817.549,
              "Actual Rows": 1,
              "Actual Loops": 7,
              "Plans": [
                {
                  "Node Type": "Seq Scan",
                  "Parent Relationship": "Outer",
                  "Parallel Aware": true,
                  "Relation Name": "cast_info",
                  "Alias": "ci",
                  "Startup Cost": 0.0,
                  "Total Cost": 328211.39,
                  "Plan Rows": 3660408,
                  "Plan Width": 0,
                  "Actual Startup Time": 0.046,
                  "Actual Total Time": 652.486,
                  "Actual Rows": 3176582,
                  "Actual Loops": 7,
                  "Filter": "(person_id < 2265759)",
                  "Rows Removed by Filter": 2001181
                }
              ]
            }
          ]
        }
      ]
    },
    "Planning Time": 0.097,
    "Triggers": [],
    "Execution Time": 872.334
  }
]