[
  {
    "Plan": {
      "Node Type": "Aggregate",
      "Strategy": "Plain",
      "Partial Mode": "Finalize",
      "Parallel Aware": false,
      "Startup Cost": 63511.98,
      "Total Cost": 63511.99,
      "Plan Rows": 1,
      "Plan Width": 8,
      "Actual Startup Time": 279.316,
      "Actual Total Time": 292.243,
      "Actual Rows": 1,
      "Actual Loops": 1,
      "Plans": [
        {
          "Node Type": "Gather",
          "Parent Relationship": "Outer",
          "Parallel Aware": false,
          "Startup Cost": 63511.76,
          "Total Cost": 63511.97,
          "Plan Rows": 2,
          "Plan Width": 8,
          "Actual Startup Time": 277.72,
          "Actual Total Time": 292.233,
          "Actual Rows": 3,
          "Actual Loops": 1,
          "Workers Planned": 2,
          "Workers Launched": 2,
          "Single Copy": false,
          "Plans": [
            {
              "Node Type": "Aggregate",
              "Strategy": "Plain",
              "Partial Mode": "Partial",
              "Parent Relationship": "Outer",
              "Parallel Aware": false,
              "Startup Cost": 62511.76,
              "Total Cost": 62511.77,
              "Plan Rows": 1,
              "Plan Width": 8,
              "Actual Startup Time": 270.698,
              "Actual Total Time": 270.701,
              "Actual Rows": 1,
              "Actual Loops": 3,
              "Plans": [
                {
                  "Node Type": "Hash Join",
                  "Parent Relationship": "Outer",
                  "Parallel Aware": true,
                  "Join Type": "Inner",
                  "Startup Cost": 47034.25,
                  "Total Cost": 62228.81,
                  "Plan Rows": 113181,
                  "Plan Width": 0,
                  "Actual Startup Time": 198.835,
                  "Actual Total Time": 265.529,
                  "Actual Rows": 130832,
                  "Actual Loops": 3,
                  "Inner Unique": true,
                  "Hash Cond": "(mi_idx.movie_id = t.id)",
                  "Plans": [
                    {
                      "Node Type": "Seq Scan",
                      "Parent Relationship": "Outer",
                      "Parallel Aware": true,
                      "Relation Name": "movie_info_idx",
                      "Alias": "mi_idx",
                      "Startup Cost": 0.0,
                      "Total Cost": 13685.15,
                      "Plan Rows": 575015,
                      "Plan Width": 4,
                      "Actual Startup Time": 0.023,
                      "Actual Total Time": 34.777,
                      "Actual Rows": 460012,
                      "Actual Loops": 3
                    },
                    {
                      "Node Type": "Hash",
                      "Parent Relationship": "Inner",
                      "Parallel Aware": true,
                      "Startup Cost": 45479.1,
                      "Total Cost": 45479.1,
                      "Plan Rows": 124412,
                      "Plan Width": 4,
                      "Actual Startup Time": 157.807,
                      "Actual Total Time": 157.808,
                      "Actual Rows": 123059,
                      "Actual Loops": 3,
                      "Hash Buckets": 524288,
                      "Original Hash Buckets": 524288,
                      "Hash Batches": 1,
                      "Original Hash Batches": 1,
                      "Peak Memory Usage": 18560,
                      "Plans": [
                        {
                          "Node Type": "Seq Scan",
                          "Parent Relationship": "Outer",
                          "Parallel Aware": true,
                          "Relation Name": "title",
                          "Alias": "t",
                          "Startup Cost": 0.0,
                          "Total Cost": 45479.1,
                          "Plan Rows": 124412,
                          "Plan Width": 4,
                          "Actual Startup Time": 50.777,
                          "Actual Total Time": 121.568,
                          "Actual Rows": 123059,
                          "Actual Loops": 3,
                          "Filter": "((production_year > 1983) AND (kind_id = 1))",
                          "Rows Removed by Filter": 719712
                        }
                      ]
                    }
                  ]
                }
              ]
            }
          ]
        }
      ]
    },
    "Planning Time": 0.59,
    "Triggers": [],
    "Execution Time": 292.363
  }
]