[
  {
    "Plan": {
      "Node Type": "Aggregate",
      "Strategy": "Plain",
      "Partial Mode": "Finalize",
      "Parallel Aware": false,
      "Startup Cost": 330611.47,
      "Total Cost": 330611.48,
      "Plan Rows": 1,
      "Plan Width": 8,
      "Actual Startup Time": 495.705,
      "Actual Total Time": 517.129,
      "Actual Rows": 1,
      "Actual Loops": 1,
      "Plans": [
        {
          "Node Type": "Gather",
          "Parent Relationship": "Outer",
          "Parallel Aware": false,
          "Startup Cost": 330610.84,
          "Total Cost": 330611.45,
          "Plan Rows": 6,
          "Plan Width": 8,
          "Actual Startup Time": 495.628,
          "Actual Total Time": 517.124,
          "Actual Rows": 7,
          "Actual Loops": 1,
          "Workers Planned": 6,
          "Workers Launched": 6,
          "Single Copy": false,
          "Plans": [
            {
              "Node Type": "Aggregate",
              "Strategy": "Plain",
              "Partial Mode": "Partial",
              "Parent Relationship": "Outer",
              "Parallel Aware": false,
              "Startup Cost": 329610.84,
              "Total Cost": 329610.85,
              "Plan Rows": 1,
              "Plan Width": 8,
              "Actual Startup Time": 488.826,
              "Actual Total Time": 488.827,
              "Actual Rows": 1,
              "Actual Loops": 7,
              "Plans": [
                {
                  "Node Type": "Seq Scan",
                  "Parent Relationship": "Outer",
                  "Parallel Aware": true,
                  "Relation Name": "cast_info",
                  "Alias": "ci",
                  "Startup Cost": 0.0,
                  "Total Cost": 328213.62,
                  "Plan Rows": 558890,
                  "Plan Width": 0,
                  "Actual Startup Time": 0.04,
                  "Actual Total Time": 465.45,
                  "Actual Rows": 485680,
                  "Actual Loops": 7,
                  "Filter": "(person_id < 326775)",
                  "Rows Removed by Filter": 4692084
                }
              ]
            }
          ]
        }
      ]
    },
    "Planning Time": 0.078,
    "Triggers": [],
    "Execution Time": 517.157
  }
]