[
  {
    "Plan": {
      "Node Type": "Aggregate",
      "Strategy": "Plain",
      "Partial Mode": "Finalize",
      "Parallel Aware": false,
      "Startup Cost": 31003.32,
      "Total Cost": 31003.33,
      "Plan Rows": 1,
      "Plan Width": 8,
      "Actual Startup Time": 100.321,
      "Actual Total Time": 108.297,
      "Actual Rows": 1,
      "Actual Loops": 1,
      "Plans": [
        {
          "Node Type": "Gather",
          "Parent Relationship": "Outer",
          "Parallel Aware": false,
          "Startup Cost": 31003.0,
          "Total Cost": 31003.31,
          "Plan Rows": 3,
          "Plan Width": 8,
          "Actual Startup Time": 100.236,
          "Actual Total Time": 108.289,
          "Actual Rows": 4,
          "Actual Loops": 1,
          "Workers Planned": 3,
          "Workers Launched": 3,
          "Single Copy": false,
          "Plans": [
            {
              "Node Type": "Aggregate",
              "Strategy": "Plain",
              "Partial Mode": "Partial",
              "Parent Relationship": "Outer",
              "Parallel Aware": false,
              "Startup Cost": 30003.0,
              "Total Cost": 30003.01,
              "Plan Rows": 1,
              "Plan Width": 8,
              "Actual Startup Time": 91.69,
              "Actual Total Time": 91.692,
              "Actual Rows": 1,
              "Actual Loops": 4,
              "Plans": [
                {
                  "Node Type": "Seq Scan",
                  "Parent Relationship": "Outer",
                  "Parallel Aware": true,
                  "Relation Name": "movie_companies",
                  "Alias": "mc",
                  "Startup Cost": 0.0,
                  "Total Cost": 29310.68,
                  "Plan Rows": 276928,
                  "Plan Width": 0,
                  "Actual Startup Time": 26.017,
                  "Actual Total Time": 82.244,
                  "Actual Rows": 218154,
                  "Actual Loops": 4,
                  "Filter": "(company_id > 23446)",
                  "Rows Removed by Filter": 434129
                }
              ]
            }
          ]
        }
      ]
    },
    "Planning Time": 0.172,
    "Triggers": [],
    "Execution Time": 108.351
  }
]