[
    {
        "Bao": {
            "Bao prediction": 413.549,
            "Bao recommended hint": "(no hint)"
        }
    },
    {
        "Plan": {
            "Node Type": "Aggregate",
            "Strategy": "Plain",
            "Partial Mode": "Finalize",
            "Parallel Aware": false,
            "Startup Cost": 46494.77,
            "Total Cost": 46494.78,
            "Plan Rows": 1,
            "Plan Width": 8,
            "Actual Startup Time": 87.211,
            "Actual Total Time": 92.05,
            "Actual Rows": 1,
            "Actual Loops": 1,
            "Output": [
                "count(*)"
            ],
            "Plans": [
                {
                    "Node Type": "Gather",
                    "Parent Relationship": "Outer",
                    "Parallel Aware": false,
                    "Startup Cost": 46494.35,
                    "Total Cost": 46494.76,
                    "Plan Rows": 4,
                    "Plan Width": 8,
                    "Actual Startup Time": 87.099,
                    "Actual Total Time": 92.043,
                    "Actual Rows": 5,
                    "Actual Loops": 1,
                    "Output": [
                        "(PARTIAL count(*))"
                    ],
                    "Workers Planned": 4,
                    "Workers Launched": 4,
                    "Single Copy": false,
                    "Plans": [
                        {
                            "Node Type": "Aggregate",
                            "Strategy": "Plain",
                            "Partial Mode": "Partial",
                            "Parent Relationship": "Outer",
                            "Parallel Aware": false,
                            "Startup Cost": 45494.35,
                            "Total Cost": 45494.36,
                            "Plan Rows": 1,
                            "Plan Width": 8,
                            "Actual Startup Time": 78.891,
                            "Actual Total Time": 78.892,
                            "Actual Rows": 1,
                            "Actual Loops": 5,
                            "Output": [
                                "PARTIAL count(*)"
                            ],
                            "Workers": [
                                {
                                    "Worker Number": 0,
                                    "Actual Startup Time": 76.766,
                                    "Actual Total Time": 76.767,
                                    "Actual Rows": 1,
                                    "Actual Loops": 1
                                },
                                {
                                    "Worker Number": 1,
                                    "Actual Startup Time": 77.021,
                                    "Actual Total Time": 77.022,
                                    "Actual Rows": 1,
                                    "Actual Loops": 1
                                },
                                {
                                    "Worker Number": 2,
                                    "Actual Startup Time": 77.119,
                                    "Actual Total Time": 77.119,
                                    "Actual Rows": 1,
                                    "Actual Loops": 1
                                },
                                {
                                    "Worker Number": 3,
                                    "Actual Startup Time": 77.12,
                                    "Actual Total Time": 77.121,
                                    "Actual Rows": 1,
                                    "Actual Loops": 1
                                }
                            ],
                            "Plans": [
                                {
                                    "Node Type": "Seq Scan",
                                    "Parent Relationship": "Outer",
                                    "Parallel Aware": true,
                                    "Relation Name": "title",
                                    "Schema": "public",
                                    "Alias": "t",
                                    "Startup Cost": 0.0,
                                    "Total Cost": 45479.21,
                                    "Plan Rows": 6055,
                                    "Plan Width": 0,
                                    "Actual Startup Time": 0.067,
                                    "Actual Total Time": 78.267,
                                    "Actual Rows": 4920,
                                    "Actual Loops": 5,
                                    "Output": [
                                        "id",
                                        "title",
                                        "imdb_index",
                                        "kind_id",
                                        "production_year",
                                        "imdb_id",
                                        "phonetic_code",
                                        "episode_of_id",
                                        "season_nr",
                                        "episode_nr",
                                        "series_years",
                                        "md5sum"
                                    ],
                                    "Filter": "((t.kind_id = 7) AND (t.production_year = 1995))",
                                    "Rows Removed by Filter": 500742,
                                    "Workers": [
                                        {
                                            "Worker Number": 0,
                                            "Actual Startup Time": 0.073,
                                            "Actual Total Time": 76.12,
                                            "Actual Rows": 4671,
                                            "Actual Loops": 1
                                        },
                                        {
                                            "Worker Number": 1,
                                            "Actual Startup Time": 0.048,
                                            "Actual Total Time": 76.378,
                                            "Actual Rows": 4626,
                                            "Actual Loops": 1
                                        },
                                        {
                                            "Worker Number": 2,
                                            "Actual Startup Time": 0.048,
                                            "Actual Total Time": 76.485,
                                            "Actual Rows": 4565,
                                            "Actual Loops": 1
                                        },
                                        {
                                            "Worker Number": 3,
                                            "Actual Startup Time": 0.139,
                                            "Actual Total Time": 76.496,
                                            "Actual Rows": 4641,
                                            "Actual Loops": 1
                                        }
                                    ]
                                }
                            ]
                        }
                    ]
                }
            ]
        },
        "Planning Time": 301.213,
        "Triggers": [],
        "Execution Time": 92.133
    }
]