[
  {
    "Plan": {
      "Node Type": "Aggregate",
      "Strategy": "Plain",
      "Partial Mode": "Finalize",
      "Parallel Aware": false,
      "Startup Cost": 230301.38,
      "Total Cost": 230301.39,
      "Plan Rows": 1,
      "Plan Width": 8,
      "Actual Startup Time": 1506.443,
      "Actual Total Time": 1541.746,
      "Actual Rows": 1,
      "Actual Loops": 1,
      "Plans": [
        {
          "Node Type": "Gather",
          "Parent Relationship": "Outer",
          "Parallel Aware": false,
          "Startup Cost": 230301.06,
          "Total Cost": 230301.37,
          "Plan Rows": 3,
          "Plan Width": 8,
          "Actual Startup Time": 1496.968,
          "Actual Total Time": 1541.739,
          "Actual Rows": 4,
          "Actual Loops": 1,
          "Workers Planned": 3,
          "Workers Launched": 3,
          "Single Copy": false,
          "Plans": [
            {
              "Node Type": "Aggregate",
              "Strategy": "Plain",
              "Partial Mode": "Partial",
              "Parent Relationship": "Outer",
              "Parallel Aware": false,
              "Startup Cost": 229301.06,
              "Total Cost": 229301.07,
              "Plan Rows": 1,
              "Plan Width": 8,
              "Actual Startup Time": 1487.162,
              "Actual Total Time": 1487.166,
              "Actual Rows": 1,
              "Actual Loops": 4,
              "Plans": [
                {
                  "Node Type": "Nested Loop",
                  "Parent Relationship": "Outer",
                  "Parallel Aware": false,
                  "Join Type": "Inner",
                  "Startup Cost": 56314.47,
                  "Total Cost": 229199.62,
                  "Plan Rows": 40577,
                  "Plan Width": 0,
                  "Actual Startup Time": 316.436,
                  "Actual Total Time": 1443.088,
                  "Actual Rows": 958200,
                  "Actual Loops": 4,
                  "Inner Unique": false,
                  "Plans": [
                    {
                      "Node Type": "Hash Join",
                      "Parent Relationship": "Outer",
                      "Parallel Aware": true,
                      "Join Type": "Inner",
                      "Startup Cost": 56314.04,
                      "Total Cost": 82169.3,
                      "Plan Rows": 92645,
                      "Plan Width": 8,
                      "Actual Startup Time": 316.28,
                      "Actual Total Time": 375.273,
                      "Actual Rows": 71248,
                      "Actual Loops": 4,
                      "Inner Unique": true,
                      "Hash Cond": "(mk.movie_id = t.id)",
                      "Plans": [
                        {
                          "Node Type": "Bitmap Heap Scan",
                          "Parent Relationship": "Outer",
                          "Parallel Aware": true,
                          "Relation Name": "movie_keyword",
                          "Alias": "mk",
                          "Startup Cost": 6094.23,
                          "Total Cost": 31706.3,
                          "Plan Rows": 92645,
                          "Plan Width": 4,
                          "Actual Startup Time": 25.488,
                          "Actual Total Time": 55.511,
                          "Actual Rows": 71248,
                          "Actual Loops": 4,
                          "Recheck Cond": "(keyword_id > 56126)",
                          "Rows Removed by Index Recheck": 0,
                          "Exact Heap Blocks": 6100,
                          "Lossy Heap Blocks": 0,
                          "Plans": [
                            {
                              "Node Type": "Bitmap Index Scan",
                              "Parent Relationship": "Outer",
                              "Parallel Aware": false,
                              "Index Name": "keyword_id_movie_keyword",
                              "Startup Cost": 0.0,
                              "Total Cost": 6022.43,
                              "Plan Rows": 287200,
                              "Plan Width": 0,
                              "Actual Startup Time": 22.25,
                              "Actual Total Time": 22.25,
                              "Actual Rows": 284990,
                              "Actual Loops": 1,
                              "Index Cond": "(keyword_id > 56126)"
                            }
                          ]
                        },
                        {
                          "Node Type": "Hash",
                          "Parent Relationship": "Inner",
                          "Parallel Aware": true,
                          "Startup Cost": 42318.81,
                          "Total Cost": 42318.81,
                          "Plan Rows": 632080,
                          "Plan Width": 4,
                          "Actual Startup Time": 284.312,
                          "Actual Total Time": 284.313,
                          "Actual Rows": 632078,
                          "Actual Loops": 4,
                          "Hash Buckets": 4194304,
                          "Original Hash Buckets": 4194304,
                          "Hash Batches": 1,
                          "Original Hash Batches": 1,
                          "Peak Memory Usage": 131744,
                          "Plans": [
                            {
                              "Node Type": "Seq Scan",
                              "Parent Relationship": "Outer",
                              "Parallel Aware": true,
                              "Relation Name": "title",
                              "Alias": "t",
                              "Startup Cost": 0.0,
                              "Total Cost": 42318.81,
                              "Plan Rows": 632080,
                              "Plan Width": 4,
                              "Actual Startup Time": 0.015,
                              "Actual Total Time": 82.122,
                              "Actual Rows": 632078,
                              "Actual Loops": 4
                            }
                          ]
                        }
                      ]
                    },
                    {
                      "Node Type": "Index Scan",
                      "Parent Relationship": "Inner",
                      "Parallel Aware": false,
                      "Scan Direction": "Forward",
                      "Index Name": "movie_id_movie_info",
                      "Relation Name": "movie_info",
                      "Alias": "mi",
                      "Startup Cost": 0.43,
                      "Total Cost": 1.56,
                      "Plan Rows": 3,
                      "Plan Width": 4,
                      "Actual Startup Time": 0.01,
                      "Actual Total Time": 0.014,
                      "Actual Rows": 13,
                      "Actual Loops": 284990,
                      "Index Cond": "(movie_id = t.id)",
                      "Rows Removed by Index Recheck": 0,
                      "Filter": "(info_type_id > 62)",
                      "Rows Removed by Filter": 45
                    }
                  ]
                }
              ]
            }
          ]
        }
      ]
    },
    "Planning Time": 0.418,
    "Triggers": [],
    "Execution Time": 1541.793
  }
]