[
  {
    "Plan": {
      "Node Type": "Aggregate",
      "Strategy": "Plain",
      "Partial Mode": "Finalize",
      "Parallel Aware": false,
      "Startup Cost": 236501.18,
      "Total Cost": 236501.19,
      "Plan Rows": 1,
      "Plan Width": 8,
      "Actual Startup Time": 1634.165,
      "Actual Total Time": 1682.697,
      "Actual Rows": 1,
      "Actual Loops": 1,
      "Plans": [
        {
          "Node Type": "Gather",
          "Parent Relationship": "Outer",
          "Parallel Aware": false,
          "Startup Cost": 236500.86,
          "Total Cost": 236501.17,
          "Plan Rows": 3,
          "Plan Width": 8,
          "Actual Startup Time": 1626.464,
          "Actual Total Time": 1682.687,
          "Actual Rows": 4,
          "Actual Loops": 1,
          "Workers Planned": 3,
          "Workers Launched": 3,
          "Single Copy": false,
          "Plans": [
            {
              "Node Type": "Aggregate",
              "Strategy": "Plain",
              "Partial Mode": "Partial",
              "Parent Relationship": "Outer",
              "Parallel Aware": false,
              "Startup Cost": 235500.86,
              "Total Cost": 235500.87,
              "Plan Rows": 1,
              "Plan Width": 8,
              "Actual Startup Time": 1607.607,
              "Actual Total Time": 1607.612,
              "Actual Rows": 1,
              "Actual Loops": 4,
              "Plans": [
                {
                  "Node Type": "Nested Loop",
                  "Parent Relationship": "Outer",
                  "Parallel Aware": false,
                  "Join Type": "Inner",
                  "Startup Cost": 56339.13,
                  "Total Cost": 235393.35,
                  "Plan Rows": 43002,
                  "Plan Width": 0,
                  "Actual Startup Time": 357.349,
                  "Actual Total Time": 1563.871,
                  "Actual Rows": 958200,
                  "Actual Loops": 4,
                  "Inner Unique": false,
                  "Plans": [
                    {
                      "Node Type": "Hash Join",
                      "Parent Relationship": "Outer",
                      "Parallel Aware": true,
                      "Join Type": "Inner",
                      "Startup Cost": 56338.7,
                      "Total Cost": 82199.51,
                      "Plan Rows": 93012,
                      "Plan Width": 8,
                      "Actual Startup Time": 357.139,
                      "Actual Total Time": 429.837,
                      "Actual Rows": 71248,
                      "Actual Loops": 4,
                      "Inner Unique": true,
                      "Hash Cond": "(mk.movie_id = t.id)",
                      "Plans": [
                        {
                          "Node Type": "Bitmap Heap Scan",
                          "Parent Relationship": "Outer",
                          "Parallel Aware": true,
                          "Relation Name": "movie_keyword",
                          "Alias": "mk",
                          "Startup Cost": 6119.05,
                          "Total Cost": 31735.71,
                          "Plan Rows": 93012,
                          "Plan Width": 4,
                          "Actual Startup Time": 18.15,
                          "Actual Total Time": 55.583,
                          "Actual Rows": 71248,
                          "Actual Loops": 4,
                          "Recheck Cond": "(keyword_id > 56126)",
                          "Rows Removed by Index Recheck": 0,
                          "Exact Heap Blocks": 5881,
                          "Lossy Heap Blocks": 0,
                          "Plans": [
                            {
                              "Node Type": "Bitmap Index Scan",
                              "Parent Relationship": "Outer",
                              "Parallel Aware": false,
                              "Index Name": "keyword_id_movie_keyword",
                              "Startup Cost": 0.0,
                              "Total Cost": 6046.97,
                              "Plan Rows": 288338,
                              "Plan Width": 0,
                              "Actual Startup Time": 14.914,
                              "Actual Total Time": 14.915,
                              "Actual Rows": 284990,
                              "Actual Loops": 1,
                              "Index Cond": "(keyword_id > 56126)"
                            }
                          ]
                        },
                        {
                          "Node Type": "Hash",
                          "Parent Relationship": "Inner",
                          "Parallel Aware": true,
                          "Startup Cost": 42318.73,
                          "Total Cost": 42318.73,
                          "Plan Rows": 632073,
                          "Plan Width": 4,
                          "Actual Startup Time": 327.915,
                          "Actual Total Time": 327.916,
                          "Actual Rows": 632078,
                          "Actual Loops": 4,
                          "Hash Buckets": 4194304,
                          "Original Hash Buckets": 4194304,
                          "Hash Batches": 1,
                          "Original Hash Batches": 1,
                          "Peak Memory Usage": 131744,
                          "Plans": [
                            {
                              "Node Type": "Seq Scan",
                              "Parent Relationship": "Outer",
                              "Parallel Aware": true,
                              "Relation Name": "title",
                              "Alias": "t",
                              "Startup Cost": 0.0,
                              "Total Cost": 42318.73,
                              "Plan Rows": 632073,
                              "Plan Width": 4,
                              "Actual Startup Time": 0.041,
                              "Actual Total Time": 93.969,
                              "Actual Rows": 632078,
                              "Actual Loops": 4
                            }
                          ]
                        }
                      ]
                    },
                    {
                      "Node Type": "Index Scan",
                      "Parent Relationship": "Inner",
                      "Parallel Aware": false,
                      "Scan Direction": "Forward",
                      "Index Name": "movie_id_movie_info",
                      "Relation Name": "movie_info",
                      "Alias": "mi",
                      "Startup Cost": 0.43,
                      "Total Cost": 1.62,
                      "Plan Rows": 3,
                      "Plan Width": 4,
                      "Actual Startup Time": 0.01,
                      "Actual Total Time": 0.015,
                      "Actual Rows": 13,
                      "Actual Loops": 284990,
                      "Index Cond": "(movie_id = t.id)",
                      "Rows Removed by Index Recheck": 0,
                      "Filter": "(info_type_id > 62)",
                      "Rows Removed by Filter": 45
                    }
                  ]
                }
              ]
            }
          ]
        }
      ]
    },
    "Planning Time": 1.424,
    "Triggers": [],
    "Execution Time": 1682.827
  }
]