[
  {
    "Plan": {
      "Node Type": "Aggregate",
      "Strategy": "Plain",
      "Partial Mode": "Finalize",
      "Parallel Aware": false,
      "Startup Cost": 346527.95,
      "Total Cost": 346527.96,
      "Plan Rows": 1,
      "Plan Width": 8,
      "Actual Startup Time": 823.95,
      "Actual Total Time": 889.17,
      "Actual Rows": 1,
      "Actual Loops": 1,
      "Plans": [
        {
          "Node Type": "Gather",
          "Parent Relationship": "Outer",
          "Parallel Aware": false,
          "Startup Cost": 346527.32,
          "Total Cost": 346527.93,
          "Plan Rows": 6,
          "Plan Width": 8,
          "Actual Startup Time": 823.833,
          "Actual Total Time": 889.159,
          "Actual Rows": 7,
          "Actual Loops": 1,
          "Workers Planned": 6,
          "Workers Launched": 6,
          "Single Copy": false,
          "Plans": [
            {
              "Node Type": "Aggregate",
              "Strategy": "Plain",
              "Partial Mode": "Partial",
              "Parent Relationship": "Outer",
              "Parallel Aware": false,
              "Startup Cost": 345527.32,
              "Total Cost": 345527.33,
              "Plan Rows": 1,
              "Plan Width": 8,
              "Actual Startup Time": 801.04,
              "Actual Total Time": 801.041,
              "Actual Rows": 1,
              "Actual Loops": 7,
              "Plans": [
                {
                  "Node Type": "Seq Scan",
                  "Parent Relationship": "Outer",
                  "Parallel Aware": true,
                  "Relation Name": "cast_info",
                  "Alias": "ci",
                  "Startup Cost": 0.0,
                  "Total Cost": 343257.03,
                  "Plan Rows": 908117,
                  "Plan Width": 0,
                  "Actual Startup Time": 420.911,
                  "Actual Total Time": 738.291,
                  "Actual Rows": 1174497,
                  "Actual Loops": 7,
                  "Filter": "((person_id > 2860291) AND (role_id > 1))",
                  "Rows Removed by Filter": 4003266
                }
              ]
            }
          ]
        }
      ]
    },
    "Planning Time": 0.225,
    "Triggers": [],
    "Execution Time": 889.25
  }
]