[
  {
    "Plan": {
      "Node Type": "Aggregate",
      "Strategy": "Plain",
      "Partial Mode": "Finalize",
      "Parallel Aware": false,
      "Startup Cost": 95802.58,
      "Total Cost": 95802.59,
      "Plan Rows": 1,
      "Plan Width": 8,
      "Actual Startup Time": 552.426,
      "Actual Total Time": 569.418,
      "Actual Rows": 1,
      "Actual Loops": 1,
      "Plans": [
        {
          "Node Type": "Gather",
          "Parent Relationship": "Outer",
          "Parallel Aware": false,
          "Startup Cost": 95802.26,
          "Total Cost": 95802.57,
          "Plan Rows": 3,
          "Plan Width": 8,
          "Actual Startup Time": 546.905,
          "Actual Total Time": 569.409,
          "Actual Rows": 4,
          "Actual Loops": 1,
          "Workers Planned": 3,
          "Workers Launched": 3,
          "Single Copy": false,
          "Plans": [
            {
              "Node Type": "Aggregate",
              "Strategy": "Plain",
              "Partial Mode": "Partial",
              "Parent Relationship": "Outer",
              "Parallel Aware": false,
              "Startup Cost": 94802.26,
              "Total Cost": 94802.27,
              "Plan Rows": 1,
              "Plan Width": 8,
              "Actual Startup Time": 538.167,
              "Actual Total Time": 538.28,
              "Actual Rows": 1,
              "Actual Loops": 4,
              "Plans": [
                {
                  "Node Type": "Hash Join",
                  "Parent Relationship": "Outer",
                  "Parallel Aware": true,
                  "Join Type": "Inner",
                  "Startup Cost": 63827.08,
                  "Total Cost": 94572.6,
                  "Plan Rows": 91864,
                  "Plan Width": 0,
                  "Actual Startup Time": 313.02,
                  "Actual Total Time": 518.817,
                  "Actual Rows": 443624,
                  "Actual Loops": 4,
                  "Inner Unique": false,
                  "Hash Cond": "(mc.movie_id = t.id)",
                  "Plans": [
                    {
                      "Node Type": "Seq Scan",
                      "Parent Relationship": "Outer",
                      "Parallel Aware": true,
                      "Relation Name": "movie_companies",
                      "Alias": "mc",
                      "Startup Cost": 0.0,
                      "Total Cost": 27206.55,
                      "Plan Rows": 841655,
                      "Plan Width": 4,
                      "Actual Startup Time": 0.023,
                      "Actual Total Time": 62.295,
                      "Actual Rows": 652282,
                      "Actual Loops": 4
                    },
                    {
                      "Node Type": "Hash",
                      "Parent Relationship": "Inner",
                      "Parallel Aware": true,
                      "Startup Cost": 62389.81,
                      "Total Cost": 62389.81,
                      "Plan Rows": 114982,
                      "Plan Width": 8,
                      "Actual Startup Time": 309.338,
                      "Actual Total Time": 309.45,
                      "Actual Rows": 123848,
                      "Actual Loops": 4,
                      "Hash Buckets": 524288,
                      "Original Hash Buckets": 524288,
                      "Hash Batches": 1,
                      "Original Hash Batches": 1,
                      "Peak Memory Usage": 23552,
                      "Plans": [
                        {
                          "Node Type": "Hash Join",
                          "Parent Relationship": "Outer",
                          "Parallel Aware": true,
                          "Join Type": "Inner",
                          "Startup Cost": 46254.97,
                          "Total Cost": 62389.81,
                          "Plan Rows": 114982,
                          "Plan Width": 8,
                          "Actual Startup Time": 180.227,
                          "Actual Total Time": 276.069,
                          "Actual Rows": 123848,
                          "Actual Loops": 4,
                          "Inner Unique": true,
                          "Hash Cond": "(mi_idx.movie_id = t.id)",
                          "Plans": [
                            {
                              "Node Type": "Seq Scan",
                              "Parent Relationship": "Outer",
                              "Parallel Aware": true,
                              "Relation Name": "movie_info_idx",
                              "Alias": "mi_idx",
                              "Startup Cost": 0.0,
                              "Total Cost": 15122.68,
                              "Plan Rows": 385585,
                              "Plan Width": 4,
                              "Actual Startup Time": 0.026,
                              "Actual Total Time": 38.571,
                              "Actual Rows": 230028,
                              "Actual Loops": 4,
                              "Filter": "(info_type_id > 99)",
                              "Rows Removed by Filter": 114981
                            },
                            {
                              "Node Type": "Hash",
                              "Parent Relationship": "Inner",
                              "Parallel Aware": true,
                              "Startup Cost": 43898.92,
                              "Total Cost": 43898.92,
                              "Plan Rows": 188484,
                              "Plan Width": 4,
                              "Actual Startup Time": 176.876,
                              "Actual Total Time": 176.877,
                              "Actual Rows": 188419,
                              "Actual Loops": 4,
                              "Hash Buckets": 1048576,
                              "Original Hash Buckets": 1048576,
                              "Hash Batches": 1,
                              "Original Hash Batches": 1,
                              "Peak Memory Usage": 37728,
                              "Plans": [
                                {
                                  "Node Type": "Seq Scan",
                                  "Parent Relationship": "Outer",
                                  "Parallel Aware": true,
                                  "Relation Name": "title",
                                  "Alias": "t",
                                  "Startup Cost": 0.0,
                                  "Total Cost": 43898.92,
                                  "Plan Rows": 188484,
                                  "Plan Width": 4,
                                  "Actual Startup Time": 0.054,
                                  "Actual Total Time": 104.06,
                                  "Actual Rows": 188419,
                                  "Actual Loops": 4,
                                  "Filter": "(kind_id < 3)",
                                  "Rows Removed by Filter": 443659
                                }
                              ]
                            }
                          ]
                        }
                      ]
                    }
                  ]
                }
              ]
            }
          ]
        }
      ]
    },
    "Planning Time": 1.355,
    "Triggers": [],
    "Execution Time": 569.498
  }
]