{
  "Plan": {
    "Node Type": "Aggregate",
    "Strategy": "Plain",
    "Partial Mode": "Finalize",
    "Parallel Aware": false,
    "Startup Cost": 313935.83,
    "Total Cost": 313935.84,
    "Plan Rows": 1,
    "Plan Width": 8,
    "Actual Startup Time": 1339.591,
    "Actual Total Time": 1370.911,
    "Actual Rows": 1,
    "Actual Loops": 1,
    "Plans": [
      {
        "Node Type": "Gather",
        "Parent Relationship": "Outer",
        "Parallel Aware": false,
        "Startup Cost": 313935.72,
        "Total Cost": 313935.83,
        "Plan Rows": 1,
        "Plan Width": 8,
        "Actual Startup Time": 1336.402,
        "Actual Total Time": 1370.901,
        "Actual Rows": 2,
        "Actual Loops": 1,
        "Workers Planned": 1,
        "Workers Launched": 1,
        "Single Copy": false,
        "Plans": [
          {
            "Node Type": "Aggregate",
            "Strategy": "Plain",
            "Partial Mode": "Partial",
            "Parent Relationship": "Outer",
            "Parallel Aware": false,
            "Startup Cost": 312935.72,
            "Total Cost": 312935.73,
            "Plan Rows": 1,
            "Plan Width": 8,
            "Actual Startup Time": 1330.469,
            "Actual Total Time": 1331.08,
            "Actual Rows": 1,
            "Actual Loops": 2,
            "Plans": [
              {
                "Node Type": "Hash Join",
                "Parent Relationship": "Outer",
                "Parallel Aware": true,
                "Join Type": "Inner",
                "Startup Cost": 126721.23,
                "Total Cost": 312314.71,
                "Plan Rows": 248406,
                "Plan Width": 0,
                "Actual Startup Time": 821.633,
                "Actual Total Time": 1290.003,
                "Actual Rows": 825602,
                "Actual Loops": 2,
                "Inner Unique": false,
                "Hash Cond": "(mi.movie_id = t.id)",
                "Plans": [
                  {
                    "Node Type": "Bitmap Heap Scan",
                    "Parent Relationship": "Outer",
                    "Parallel Aware": true,
                    "Relation Name": "movie_info",
                    "Alias": "mi",
                    "Startup Cost": 41958.26,
                    "Total Cost": 220981.46,
                    "Plan Rows": 1362416,
                    "Plan Width": 4,
                    "Actual Startup Time": 148.655,
                    "Actual Total Time": 328.151,
                    "Actual Rows": 1116925,
                    "Actual Loops": 2,
                    "Recheck Cond": "(info_type_id > 16)",
                    "Rows Removed by Index Recheck": 0,
                    "Exact Heap Blocks": 32876,
                    "Lossy Heap Blocks": 0,
                    "Plans": [
                      {
                        "Node Type": "Bitmap Index Scan",
                        "Parent Relationship": "Outer",
                        "Parallel Aware": false,
                        "Index Name": "info_type_id_movie_info",
                        "Startup Cost": 0.0,
                        "Total Cost": 41379.24,
                        "Plan Rows": 2316107,
                        "Plan Width": 0,
                        "Actual Startup Time": 135.641,
                        "Actual Total Time": 135.642,
                        "Actual Rows": 2233850,
                        "Actual Loops": 1,
                        "Index Cond": "(info_type_id > 16)"
                      }
                    ]
                  },
                  {
                    "Node Type": "Hash",
                    "Parent Relationship": "Inner",
                    "Parallel Aware": true,
                    "Startup Cost": 81373.41,
                    "Total Cost": 81373.41,
                    "Plan Rows": 271164,
                    "Plan Width": 8,
                    "Actual Startup Time": 667.2,
                    "Actual Total Time": 667.808,
                    "Actual Rows": 230092,
                    "Actual Loops": 2,
                    "Hash Buckets": 524288,
                    "Original Hash Buckets": 524288,
                    "Hash Batches": 1,
                    "Original Hash Batches": 1,
                    "Peak Memory Usage": 22144,
                    "Plans": [
                      {
                        "Node Type": "Hash Join",
                        "Parent Relationship": "Outer",
                        "Parallel Aware": true,
                        "Join Type": "Inner",
                        "Startup Cost": 21471.87,
                        "Total Cost": 81373.41,
                        "Plan Rows": 271164,
                        "Plan Width": 8,
                        "Actual Startup Time": 138.533,
                        "Actual Total Time": 597.616,
                        "Actual Rows": 230092,
                        "Actual Loops": 2,
                        "Inner Unique": false,
                        "Hash Cond": "(t.id = mi_idx.movie_id)",
                        "Plans": [
                          {
                            "Node Type": "Seq Scan",
                            "Parent Relationship": "Outer",
                            "Parallel Aware": true,
                            "Relation Name": "title",
                            "Alias": "t",
                            "Startup Cost": 0.0,
                            "Total Cost": 50870.31,
                            "Plan Rows": 1487231,
                            "Plan Width": 4,
                            "Actual Startup Time": 0.016,
                            "Actual Total Time": 147.103,
                            "Actual Rows": 1264156,
                            "Actual Loops": 2
                          },
                          {
                            "Node Type": "Hash",
                            "Parent Relationship": "Inner",
                            "Parallel Aware": true,
                            "Startup Cost": 18082.32,
                            "Total Cost": 18082.32,
                            "Plan Rows": 271164,
                            "Plan Width": 4,
                            "Actual Startup Time": 134.812,
                            "Actual Total Time": 134.813,
                            "Actual Rows": 230092,
                            "Actual Loops": 2,
                            "Hash Buckets": 524288,
                            "Original Hash Buckets": 524288,
                            "Hash Batches": 1,
                            "Original Hash Batches": 1,
                            "Peak Memory Usage": 22112,
                            "Plans": [
                              {
                                "Node Type": "Seq Scan",
                                "Parent Relationship": "Outer",
                                "Parallel Aware": true,
                                "Relation Name": "movie_info_idx",
                                "Alias": "mi_idx",
                                "Startup Cost": 0.0,
                                "Total Cost": 18082.32,
                                "Plan Rows": 271164,
                                "Plan Width": 4,
                                "Actual Startup Time": 0.066,
                                "Actual Total Time": 75.728,
                                "Actual Rows": 230092,
                                "Actual Loops": 2,
                                "Filter": "(info_type_id > 100)",
                                "Rows Removed by Filter": 459925
                              }
                            ]
                          }
                        ]
                      }
                    ]
                  }
                ]
              }
            ]
          }
        ]
      }
    ]
  },
  "Planning Time": 0.844,
  "Triggers": [],
  "Execution Time": 1371.011
}