[
  {
    "Plan": {
      "Node Type": "Aggregate",
      "Strategy": "Plain",
      "Partial Mode": "Finalize",
      "Parallel Aware": false,
      "Startup Cost": 31203.09,
      "Total Cost": 31203.1,
      "Plan Rows": 1,
      "Plan Width": 8,
      "Actual Startup Time": 105.241,
      "Actual Total Time": 113.481,
      "Actual Rows": 1,
      "Actual Loops": 1,
      "Plans": [
        {
          "Node Type": "Gather",
          "Parent Relationship": "Outer",
          "Parallel Aware": false,
          "Startup Cost": 31202.77,
          "Total Cost": 31203.08,
          "Plan Rows": 3,
          "Plan Width": 8,
          "Actual Startup Time": 105.123,
          "Actual Total Time": 113.472,
          "Actual Rows": 4,
          "Actual Loops": 1,
          "Workers Planned": 3,
          "Workers Launched": 3,
          "Single Copy": false,
          "Plans": [
            {
              "Node Type": "Aggregate",
              "Strategy": "Plain",
              "Partial Mode": "Partial",
              "Parent Relationship": "Outer",
              "Parallel Aware": false,
              "Startup Cost": 30202.77,
              "Total Cost": 30202.78,
              "Plan Rows": 1,
              "Plan Width": 8,
              "Actual Startup Time": 96.338,
              "Actual Total Time": 96.34,
              "Actual Rows": 1,
              "Actual Loops": 4,
              "Plans": [
                {
                  "Node Type": "Seq Scan",
                  "Parent Relationship": "Outer",
                  "Parallel Aware": true,
                  "Relation Name": "movie_companies",
                  "Alias": "mc",
                  "Startup Cost": 0.0,
                  "Total Cost": 29310.68,
                  "Plan Rows": 356835,
                  "Plan Width": 0,
                  "Actual Startup Time": 23.337,
                  "Actual Total Time": 83.505,
                  "Actual Rows": 274947,
                  "Actual Loops": 4,
                  "Filter": "(company_id > 14060)",
                  "Rows Removed by Filter": 377336
                }
              ]
            }
          ]
        }
      ]
    },
    "Planning Time": 0.197,
    "Triggers": [],
    "Execution Time": 113.541
  }
]