[
  {
    "Plan": {
      "Node Type": "Aggregate",
      "Strategy": "Plain",
      "Partial Mode": "Finalize",
      "Parallel Aware": false,
      "Startup Cost": 46487.43,
      "Total Cost": 46487.44,
      "Plan Rows": 1,
      "Plan Width": 8,
      "Actual Startup Time": 81.693,
      "Actual Total Time": 92.033,
      "Actual Rows": 1,
      "Actual Loops": 1,
      "Plans": [
        {
          "Node Type": "Gather",
          "Parent Relationship": "Outer",
          "Parallel Aware": false,
          "Startup Cost": 46487.01,
          "Total Cost": 46487.42,
          "Plan Rows": 4,
          "Plan Width": 8,
          "Actual Startup Time": 81.444,
          "Actual Total Time": 92.024,
          "Actual Rows": 5,
          "Actual Loops": 1,
          "Workers Planned": 4,
          "Workers Launched": 4,
          "Single Copy": false,
          "Plans": [
            {
              "Node Type": "Aggregate",
              "Strategy": "Plain",
              "Partial Mode": "Partial",
              "Parent Relationship": "Outer",
              "Parallel Aware": false,
              "Startup Cost": 45487.01,
              "Total Cost": 45487.02,
              "Plan Rows": 1,
              "Plan Width": 8,
              "Actual Startup Time": 75.296,
              "Actual Total Time": 75.297,
              "Actual Rows": 1,
              "Actual Loops": 5,
              "Plans": [
                {
                  "Node Type": "Seq Scan",
                  "Parent Relationship": "Outer",
                  "Parallel Aware": true,
                  "Relation Name": "title",
                  "Alias": "t",
                  "Startup Cost": 0.0,
                  "Total Cost": 45479.59,
                  "Plan Rows": 2970,
                  "Plan Width": 0,
                  "Actual Startup Time": 0.238,
                  "Actual Total Time": 75.127,
                  "Actual Rows": 1659,
                  "Actual Loops": 5,
                  "Filter": "((kind_id < 3) AND (production_year = 1997))",
                  "Rows Removed by Filter": 504004
                }
              ]
            }
          ]
        }
      ]
    },
    "Planning Time": 0.053,
    "Triggers": [],
    "Execution Time": 92.066
  }
]