{
  "Plan": {
    "Node Type": "Aggregate",
    "Strategy": "Plain",
    "Partial Mode": "Finalize",
    "Parallel Aware": false,
    "Startup Cost": 103688.6,
    "Total Cost": 103688.61,
    "Plan Rows": 1,
    "Plan Width": 8,
    "Actual Startup Time": 414.66,
    "Actual Total Time": 430.224,
    "Actual Rows": 1,
    "Actual Loops": 1,
    "Plans": [
      {
        "Node Type": "Gather",
        "Parent Relationship": "Outer",
        "Parallel Aware": false,
        "Startup Cost": 103688.48,
        "Total Cost": 103688.59,
        "Plan Rows": 1,
        "Plan Width": 8,
        "Actual Startup Time": 414.029,
        "Actual Total Time": 430.214,
        "Actual Rows": 2,
        "Actual Loops": 1,
        "Workers Planned": 1,
        "Workers Launched": 1,
        "Single Copy": false,
        "Plans": [
          {
            "Node Type": "Aggregate",
            "Strategy": "Plain",
            "Partial Mode": "Partial",
            "Parent Relationship": "Outer",
            "Parallel Aware": false,
            "Startup Cost": 102688.48,
            "Total Cost": 102688.49,
            "Plan Rows": 1,
            "Plan Width": 8,
            "Actual Startup Time": 408.901,
            "Actual Total Time": 408.905,
            "Actual Rows": 1,
            "Actual Loops": 2,
            "Plans": [
              {
                "Node Type": "Hash Join",
                "Parent Relationship": "Outer",
                "Parallel Aware": true,
                "Join Type": "Inner",
                "Startup Cost": 40899.9,
                "Total Cost": 102204.41,
                "Plan Rows": 193630,
                "Plan Width": 0,
                "Actual Startup Time": 126.776,
                "Actual Total Time": 405.058,
                "Actual Rows": 91110,
                "Actual Loops": 2,
                "Inner Unique": false,
                "Hash Cond": "(t.id = mc.movie_id)",
                "Plans": [
                  {
                    "Node Type": "Seq Scan",
                    "Parent Relationship": "Outer",
                    "Parallel Aware": true,
                    "Relation Name": "title",
                    "Alias": "t",
                    "Startup Cost": 0.0,
                    "Total Cost": 50870.31,
                    "Plan Rows": 1487231,
                    "Plan Width": 4,
                    "Actual Startup Time": 0.013,
                    "Actual Total Time": 114.438,
                    "Actual Rows": 1264156,
                    "Actual Loops": 2
                  },
                  {
                    "Node Type": "Hash",
                    "Parent Relationship": "Inner",
                    "Parallel Aware": true,
                    "Startup Cost": 38479.53,
                    "Total Cost": 38479.53,
                    "Plan Rows": 193630,
                    "Plan Width": 4,
                    "Actual Startup Time": 123.028,
                    "Actual Total Time": 123.029,
                    "Actual Rows": 91110,
                    "Actual Loops": 2,
                    "Hash Buckets": 524288,
                    "Original Hash Buckets": 524288,
                    "Hash Batches": 1,
                    "Original Hash Batches": 1,
                    "Peak Memory Usage": 11232,
                    "Plans": [
                      {
                        "Node Type": "Bitmap Heap Scan",
                        "Parent Relationship": "Outer",
                        "Parallel Aware": true,
                        "Relation Name": "movie_companies",
                        "Alias": "mc",
                        "Startup Cost": 13969.09,
                        "Total Cost": 38479.53,
                        "Plan Rows": 193630,
                        "Plan Width": 4,
                        "Actual Startup Time": 81.127,
                        "Actual Total Time": 104.493,
                        "Actual Rows": 91110,
                        "Actual Loops": 2,
                        "Recheck Cond": "(company_id < 862)",
                        "Rows Removed by Index Recheck": 0,
                        "Filter": "(company_type_id = 2)",
                        "Rows Removed by Filter": 230667,
                        "Exact Heap Blocks": 12959,
                        "Lossy Heap Blocks": 0,
                        "Plans": [
                          {
                            "Node Type": "Bitmap Index Scan",
                            "Parent Relationship": "Outer",
                            "Parallel Aware": false,
                            "Index Name": "company_id_movie_companies",
                            "Startup Cost": 0.0,
                            "Total Cost": 13886.8,
                            "Plan Rows": 648316,
                            "Plan Width": 0,
                            "Actual Startup Time": 34.057,
                            "Actual Total Time": 34.057,
                            "Actual Rows": 643553,
                            "Actual Loops": 1,
                            "Index Cond": "(company_id < 862)"
                          }
                        ]
                      }
                    ]
                  }
                ]
              }
            ]
          }
        ]
      }
    ]
  },
  "Planning Time": 0.496,
  "Triggers": [],
  "Execution Time": 430.293
}