[
  {
    "Plan": {
      "Node Type": "Aggregate",
      "Strategy": "Plain",
      "Partial Mode": "Finalize",
      "Parallel Aware": false,
      "Startup Cost": 171348.62,
      "Total Cost": 171348.63,
      "Plan Rows": 1,
      "Plan Width": 8,
      "Actual Startup Time": 1105.746,
      "Actual Total Time": 1150.223,
      "Actual Rows": 1,
      "Actual Loops": 1,
      "Plans": [
        {
          "Node Type": "Gather",
          "Parent Relationship": "Outer",
          "Parallel Aware": false,
          "Startup Cost": 171348.3,
          "Total Cost": 171348.61,
          "Plan Rows": 3,
          "Plan Width": 8,
          "Actual Startup Time": 1104.911,
          "Actual Total Time": 1150.211,
          "Actual Rows": 4,
          "Actual Loops": 1,
          "Workers Planned": 3,
          "Workers Launched": 3,
          "Single Copy": false,
          "Plans": [
            {
              "Node Type": "Aggregate",
              "Strategy": "Plain",
              "Partial Mode": "Partial",
              "Parent Relationship": "Outer",
              "Parallel Aware": false,
              "Startup Cost": 170348.3,
              "Total Cost": 170348.31,
              "Plan Rows": 1,
              "Plan Width": 8,
              "Actual Startup Time": 1098.67,
              "Actual Total Time": 1098.675,
              "Actual Rows": 1,
              "Actual Loops": 4,
              "Plans": [
                {
                  "Node Type": "Nested Loop",
                  "Parent Relationship": "Outer",
                  "Parallel Aware": false,
                  "Join Type": "Inner",
                  "Startup Cost": 46015.65,
                  "Total Cost": 170224.35,
                  "Plan Rows": 49582,
                  "Plan Width": 0,
                  "Actual Startup Time": 136.602,
                  "Actual Total Time": 1064.499,
                  "Actual Rows": 657691,
                  "Actual Loops": 4,
                  "Inner Unique": false,
                  "Join Filter": "(t.id = mi.movie_id)",
                  "Rows Removed by Join Filter": 0,
                  "Plans": [
                    {
                      "Node Type": "Hash Join",
                      "Parent Relationship": "Outer",
                      "Parallel Aware": true,
                      "Join Type": "Inner",
                      "Startup Cost": 46015.21,
                      "Total Cost": 75431.1,
                      "Plan Rows": 57055,
                      "Plan Width": 8,
                      "Actual Startup Time": 136.475,
                      "Actual Total Time": 293.0,
                      "Actual Rows": 56426,
                      "Actual Loops": 4,
                      "Inner Unique": true,
                      "Hash Cond": "(mc.movie_id = t.id)",
                      "Plans": [
                        {
                          "Node Type": "Seq Scan",
                          "Parent Relationship": "Outer",
                          "Parallel Aware": true,
                          "Relation Name": "movie_companies",
                          "Alias": "mc",
                          "Startup Cost": 0.0,
                          "Total Cost": 27206.55,
                          "Plan Rows": 841655,
                          "Plan Width": 4,
                          "Actual Startup Time": 0.007,
                          "Actual Total Time": 64.019,
                          "Actual Rows": 652282,
                          "Actual Loops": 4
                        },
                        {
                          "Node Type": "Hash",
                          "Parent Relationship": "Inner",
                          "Parallel Aware": true,
                          "Startup Cost": 45479.59,
                          "Total Cost": 45479.59,
                          "Plan Rows": 42850,
                          "Plan Width": 4,
                          "Actual Startup Time": 107.944,
                          "Actual Total Time": 107.945,
                          "Actual Rows": 40072,
                          "Actual Loops": 4,
                          "Hash Buckets": 262144,
                          "Original Hash Buckets": 262144,
                          "Hash Batches": 1,
                          "Original Hash Batches": 1,
                          "Peak Memory Usage": 8384,
                          "Plans": [
                            {
                              "Node Type": "Seq Scan",
                              "Parent Relationship": "Outer",
                              "Parallel Aware": true,
                              "Relation Name": "title",
                              "Alias": "t",
                              "Startup Cost": 0.0,
                              "Total Cost": 45479.59,
                              "Plan Rows": 42850,
                              "Plan Width": 4,
                              "Actual Startup Time": 39.611,
                              "Actual Total Time": 94.506,
                              "Actual Rows": 40072,
                              "Actual Loops": 4,
                              "Filter": "((kind_id < 2) AND (production_year > 2008))",
                              "Rows Removed by Filter": 592006
                            }
                          ]
                        }
                      ]
                    },
                    {
                      "Node Type": "Index Scan",
                      "Parent Relationship": "Inner",
                      "Parallel Aware": false,
                      "Scan Direction": "Forward",
                      "Index Name": "movie_id_movie_info",
                      "Relation Name": "movie_info",
                      "Alias": "mi",
                      "Startup Cost": 0.43,
                      "Total Cost": 1.59,
                      "Plan Rows": 6,
                      "Plan Width": 4,
                      "Actual Startup Time": 0.005,
                      "Actual Total Time": 0.012,
                      "Actual Rows": 12,
                      "Actual Loops": 225706,
                      "Index Cond": "(movie_id = mc.movie_id)",
                      "Rows Removed by Index Recheck": 0,
                      "Filter": "(info_type_id > 16)",
                      "Rows Removed by Filter": 26
                    }
                  ]
                }
              ]
            }
          ]
        }
      ]
    },
    "Planning Time": 0.465,
    "Triggers": [],
    "Execution Time": 1150.276
  }
]