[
  {
    "Plan": {
      "Node Type": "Aggregate",
      "Strategy": "Plain",
      "Partial Mode": "Finalize",
      "Parallel Aware": false,
      "Startup Cost": 45321.62,
      "Total Cost": 45321.63,
      "Plan Rows": 1,
      "Plan Width": 8,
      "Actual Startup Time": 125.735,
      "Actual Total Time": 132.807,
      "Actual Rows": 1,
      "Actual Loops": 1,
      "Plans": [
        {
          "Node Type": "Gather",
          "Parent Relationship": "Outer",
          "Parallel Aware": false,
          "Startup Cost": 45321.3,
          "Total Cost": 45321.61,
          "Plan Rows": 3,
          "Plan Width": 8,
          "Actual Startup Time": 125.628,
          "Actual Total Time": 132.799,
          "Actual Rows": 4,
          "Actual Loops": 1,
          "Workers Planned": 3,
          "Workers Launched": 3,
          "Single Copy": false,
          "Plans": [
            {
              "Node Type": "Aggregate",
              "Strategy": "Plain",
              "Partial Mode": "Partial",
              "Parent Relationship": "Outer",
              "Parallel Aware": false,
              "Startup Cost": 44321.3,
              "Total Cost": 44321.31,
              "Plan Rows": 1,
              "Plan Width": 8,
              "Actual Startup Time": 121.186,
              "Actual Total Time": 121.188,
              "Actual Rows": 1,
              "Actual Loops": 4,
              "Plans": [
                {
                  "Node Type": "Seq Scan",
                  "Parent Relationship": "Outer",
                  "Parallel Aware": true,
                  "Relation Name": "movie_keyword",
                  "Alias": "mk",
                  "Startup Cost": 0.0,
                  "Total Cost": 42695.65,
                  "Plan Rows": 650259,
                  "Plan Width": 0,
                  "Actual Startup Time": 0.444,
                  "Actual Total Time": 99.508,
                  "Actual Rows": 500666,
                  "Actual Loops": 4,
                  "Filter": "(keyword_id > 6246)",
                  "Rows Removed by Filter": 630316
                }
              ]
            }
          ]
        }
      ]
    },
    "Planning Time": 0.111,
    "Triggers": [],
    "Execution Time": 132.841
  }
]