{
  "Plan": {
    "Node Type": "Aggregate",
    "Strategy": "Plain",
    "Partial Mode": "Finalize",
    "Parallel Aware": false,
    "Startup Cost": 19107.48,
    "Total Cost": 19107.49,
    "Plan Rows": 1,
    "Plan Width": 8,
    "Actual Startup Time": 44.671,
    "Actual Total Time": 49.846,
    "Actual Rows": 1,
    "Actual Loops": 1,
    "Plans": [
      {
        "Node Type": "Gather",
        "Parent Relationship": "Outer",
        "Parallel Aware": false,
        "Startup Cost": 19107.37,
        "Total Cost": 19107.48,
        "Plan Rows": 1,
        "Plan Width": 8,
        "Actual Startup Time": 44.578,
        "Actual Total Time": 49.84,
        "Actual Rows": 2,
        "Actual Loops": 1,
        "Workers Planned": 1,
        "Workers Launched": 1,
        "Single Copy": false,
        "Plans": [
          {
            "Node Type": "Aggregate",
            "Strategy": "Plain",
            "Partial Mode": "Partial",
            "Parent Relationship": "Outer",
            "Parallel Aware": false,
            "Startup Cost": 18107.37,
            "Total Cost": 18107.38,
            "Plan Rows": 1,
            "Plan Width": 8,
            "Actual Startup Time": 40.597,
            "Actual Total Time": 40.599,
            "Actual Rows": 1,
            "Actual Loops": 2,
            "Plans": [
              {
                "Node Type": "Nested Loop",
                "Parent Relationship": "Outer",
                "Parallel Aware": false,
                "Join Type": "Inner",
                "Startup Cost": 50.82,
                "Total Cost": 18100.78,
                "Plan Rows": 2635,
                "Plan Width": 0,
                "Actual Startup Time": 1.833,
                "Actual Total Time": 39.244,
                "Actual Rows": 12127,
                "Actual Loops": 2,
                "Inner Unique": false,
                "Plans": [
                  {
                    "Node Type": "Nested Loop",
                    "Parent Relationship": "Outer",
                    "Parallel Aware": false,
                    "Join Type": "Inner",
                    "Startup Cost": 50.38,
                    "Total Cost": 16928.16,
                    "Plan Rows": 451,
                    "Plan Width": 8,
                    "Actual Startup Time": 1.729,
                    "Actual Total Time": 11.959,
                    "Actual Rows": 970,
                    "Actual Loops": 2,
                    "Inner Unique": true,
                    "Plans": [
                      {
                        "Node Type": "Bitmap Heap Scan",
                        "Parent Relationship": "Outer",
                        "Parallel Aware": true,
                        "Relation Name": "movie_companies",
                        "Alias": "mc",
                        "Startup Cost": 49.95,
                        "Total Cost": 6442.6,
                        "Plan Rows": 1330,
                        "Plan Width": 4,
                        "Actual Startup Time": 1.612,
                        "Actual Total Time": 4.143,
                        "Actual Rows": 970,
                        "Actual Loops": 2,
                        "Recheck Cond": "(company_id = 11151)",
                        "Rows Removed by Index Recheck": 0,
                        "Exact Heap Blocks": 870,
                        "Lossy Heap Blocks": 0,
                        "Plans": [
                          {
                            "Node Type": "Bitmap Index Scan",
                            "Parent Relationship": "Outer",
                            "Parallel Aware": false,
                            "Index Name": "company_id_movie_companies",
                            "Startup Cost": 0.0,
                            "Total Cost": 49.39,
                            "Plan Rows": 2261,
                            "Plan Width": 0,
                            "Actual Startup Time": 2.574,
                            "Actual Total Time": 2.575,
                            "Actual Rows": 1939,
                            "Actual Loops": 1,
                            "Index Cond": "(company_id = 11151)"
                          }
                        ]
                      },
                      {
                        "Node Type": "Index Scan",
                        "Parent Relationship": "Inner",
                        "Parallel Aware": false,
                        "Scan Direction": "Forward",
                        "Index Name": "title_pkey",
                        "Relation Name": "title",
                        "Alias": "t",
                        "Startup Cost": 0.43,
                        "Total Cost": 7.88,
                        "Plan Rows": 1,
                        "Plan Width": 4,
                        "Actual Startup Time": 0.007,
                        "Actual Total Time": 0.007,
                        "Actual Rows": 1,
                        "Actual Loops": 1939,
                        "Index Cond": "(id = mc.movie_id)",
                        "Rows Removed by Index Recheck": 0,
                        "Filter": "(kind_id < 4)",
                        "Rows Removed by Filter": 0
                      }
                    ]
                  },
                  {
                    "Node Type": "Index Only Scan",
                    "Parent Relationship": "Inner",
                    "Parallel Aware": false,
                    "Scan Direction": "Forward",
                    "Index Name": "movie_id_movie_info",
                    "Relation Name": "movie_info",
                    "Alias": "mi",
                    "Startup Cost": 0.43,
                    "Total Cost": 2.18,
                    "Plan Rows": 42,
                    "Plan Width": 4,
                    "Actual Startup Time": 0.01,
                    "Actual Total Time": 0.026,
                    "Actual Rows": 13,
                    "Actual Loops": 1939,
                    "Index Cond": "(movie_id = t.id)",
                    "Rows Removed by Index Recheck": 0,
                    "Heap Fetches": 24254
                  }
                ]
              }
            ]
          }
        ]
      }
    ]
  },
  "Planning Time": 1.068,
  "Triggers": [],
  "Execution Time": 49.942
}