{
  "Plan": {
    "Node Type": "Aggregate",
    "Strategy": "Plain",
    "Partial Mode": "Finalize",
    "Parallel Aware": false,
    "Startup Cost": 237521.12,
    "Total Cost": 237521.13,
    "Plan Rows": 1,
    "Plan Width": 8,
    "Actual Startup Time": 302.534,
    "Actual Total Time": 317.806,
    "Actual Rows": 1,
    "Actual Loops": 1,
    "Plans": [
      {
        "Node Type": "Gather",
        "Parent Relationship": "Outer",
        "Parallel Aware": false,
        "Startup Cost": 237521.0,
        "Total Cost": 237521.11,
        "Plan Rows": 1,
        "Plan Width": 8,
        "Actual Startup Time": 302.164,
        "Actual Total Time": 317.799,
        "Actual Rows": 2,
        "Actual Loops": 1,
        "Workers Planned": 1,
        "Workers Launched": 1,
        "Single Copy": false,
        "Plans": [
          {
            "Node Type": "Aggregate",
            "Strategy": "Plain",
            "Partial Mode": "Partial",
            "Parent Relationship": "Outer",
            "Parallel Aware": false,
            "Startup Cost": 236521.0,
            "Total Cost": 236521.01,
            "Plan Rows": 1,
            "Plan Width": 8,
            "Actual Startup Time": 295.967,
            "Actual Total Time": 295.971,
            "Actual Rows": 1,
            "Actual Loops": 2,
            "Plans": [
              {
                "Node Type": "Nested Loop",
                "Parent Relationship": "Outer",
                "Parallel Aware": false,
                "Join Type": "Inner",
                "Startup Cost": 58108.19,
                "Total Cost": 236505.91,
                "Plan Rows": 6036,
                "Plan Width": 0,
                "Actual Startup Time": 163.947,
                "Actual Total Time": 279.117,
                "Actual Rows": 412250,
                "Actual Loops": 2,
                "Inner Unique": false,
                "Join Filter": "(t.id = mk.movie_id)",
                "Rows Removed by Join Filter": 0,
                "Plans": [
                  {
                    "Node Type": "Hash Join",
                    "Parent Relationship": "Outer",
                    "Parallel Aware": true,
                    "Join Type": "Inner",
                    "Startup Cost": 58107.75,
                    "Total Cost": 225774.38,
                    "Plan Rows": 3504,
                    "Plan Width": 8,
                    "Actual Startup Time": 163.886,
                    "Actual Total Time": 177.902,
                    "Actual Rows": 4136,
                    "Actual Loops": 2,
                    "Inner Unique": true,
                    "Hash Cond": "(mi.movie_id = t.id)",
                    "Plans": [
                      {
                        "Node Type": "Bitmap Heap Scan",
                        "Parent Relationship": "Outer",
                        "Parallel Aware": true,
                        "Relation Name": "movie_info",
                        "Alias": "mi",
                        "Startup Cost": 2803.64,
                        "Total Cost": 170231.34,
                        "Plan Rows": 91021,
                        "Plan Width": 4,
                        "Actual Startup Time": 6.546,
                        "Actual Total Time": 18.707,
                        "Actual Rows": 73744,
                        "Actual Loops": 2,
                        "Recheck Cond": "(info_type_id = 107)",
                        "Rows Removed by Index Recheck": 0,
                        "Exact Heap Blocks": 2423,
                        "Lossy Heap Blocks": 0,
                        "Plans": [
                          {
                            "Node Type": "Bitmap Index Scan",
                            "Parent Relationship": "Outer",
                            "Parallel Aware": false,
                            "Index Name": "info_type_id_movie_info",
                            "Startup Cost": 0.0,
                            "Total Cost": 2764.95,
                            "Plan Rows": 154736,
                            "Plan Width": 0,
                            "Actual Startup Time": 5.891,
                            "Actual Total Time": 5.892,
                            "Actual Rows": 147487,
                            "Actual Loops": 1,
                            "Index Cond": "(info_type_id = 107)"
                          }
                        ]
                      },
                      {
                        "Node Type": "Hash",
                        "Parent Relationship": "Inner",
                        "Parallel Aware": true,
                        "Startup Cost": 54588.39,
                        "Total Cost": 54588.39,
                        "Plan Rows": 57258,
                        "Plan Width": 4,
                        "Actual Startup Time": 149.784,
                        "Actual Total Time": 149.785,
                        "Actual Rows": 47502,
                        "Actual Loops": 2,
                        "Hash Buckets": 131072,
                        "Original Hash Buckets": 131072,
                        "Hash Batches": 1,
                        "Original Hash Batches": 1,
                        "Peak Memory Usage": 4768,
                        "Plans": [
                          {
                            "Node Type": "Seq Scan",
                            "Parent Relationship": "Outer",
                            "Parallel Aware": true,
                            "Relation Name": "title",
                            "Alias": "t",
                            "Startup Cost": 0.0,
                            "Total Cost": 54588.39,
                            "Plan Rows": 57258,
                            "Plan Width": 4,
                            "Actual Startup Time": 0.036,
                            "Actual Total Time": 136.712,
                            "Actual Rows": 47502,
                            "Actual Loops": 2,
                            "Filter": "(production_year = 2005)",
                            "Rows Removed by Filter": 1216654
                          }
                        ]
                      }
                    ]
                  },
                  {
                    "Node Type": "Index Scan",
                    "Parent Relationship": "Inner",
                    "Parallel Aware": false,
                    "Scan Direction": "Forward",
                    "Index Name": "movie_id_movie_keyword",
                    "Relation Name": "movie_keyword",
                    "Alias": "mk",
                    "Startup Cost": 0.43,
                    "Total Cost": 2.51,
                    "Plan Rows": 44,
                    "Plan Width": 4,
                    "Actual Startup Time": 0.003,
                    "Actual Total Time": 0.017,
                    "Actual Rows": 100,
                    "Actual Loops": 8273,
                    "Index Cond": "(movie_id = mi.movie_id)",
                    "Rows Removed by Index Recheck": 0,
                    "Filter": "(keyword_id < 72816)",
                    "Rows Removed by Filter": 6
                  }
                ]
              }
            ]
          }
        ]
      }
    ]
  },
  "Planning Time": 0.951,
  "Triggers": [],
  "Execution Time": 317.911
}