{
  "Plan": {
    "Node Type": "Aggregate",
    "Strategy": "Plain",
    "Partial Mode": "Finalize",
    "Parallel Aware": false,
    "Startup Cost": 78905.45,
    "Total Cost": 78905.46,
    "Plan Rows": 1,
    "Plan Width": 8,
    "Actual Startup Time": 211.595,
    "Actual Total Time": 224.432,
    "Actual Rows": 1,
    "Actual Loops": 1,
    "Plans": [
      {
        "Node Type": "Gather",
        "Parent Relationship": "Outer",
        "Parallel Aware": false,
        "Startup Cost": 78905.34,
        "Total Cost": 78905.45,
        "Plan Rows": 1,
        "Plan Width": 8,
        "Actual Startup Time": 211.355,
        "Actual Total Time": 224.425,
        "Actual Rows": 2,
        "Actual Loops": 1,
        "Workers Planned": 1,
        "Workers Launched": 1,
        "Single Copy": false,
        "Plans": [
          {
            "Node Type": "Aggregate",
            "Strategy": "Plain",
            "Partial Mode": "Partial",
            "Parent Relationship": "Outer",
            "Parallel Aware": false,
            "Startup Cost": 77905.34,
            "Total Cost": 77905.35,
            "Plan Rows": 1,
            "Plan Width": 8,
            "Actual Startup Time": 207.458,
            "Actual Total Time": 207.461,
            "Actual Rows": 1,
            "Actual Loops": 2,
            "Plans": [
              {
                "Node Type": "Hash Join",
                "Parent Relationship": "Outer",
                "Parallel Aware": true,
                "Join Type": "Inner",
                "Startup Cost": 59082.91,
                "Total Cost": 77877.03,
                "Plan Rows": 11325,
                "Plan Width": 0,
                "Actual Startup Time": 165.83,
                "Actual Total Time": 207.445,
                "Actual Rows": 16,
                "Actual Loops": 2,
                "Inner Unique": true,
                "Hash Cond": "(mi_idx.movie_id = t.id)",
                "Plans": [
                  {
                    "Node Type": "Seq Scan",
                    "Parent Relationship": "Outer",
                    "Parallel Aware": true,
                    "Relation Name": "movie_info_idx",
                    "Alias": "mi_idx",
                    "Startup Cost": 0.0,
                    "Total Cost": 18082.32,
                    "Plan Rows": 271164,
                    "Plan Width": 4,
                    "Actual Startup Time": 0.02,
                    "Actual Total Time": 48.757,
                    "Actual Rows": 230092,
                    "Actual Loops": 2,
                    "Filter": "(info_type_id > 100)",
                    "Rows Removed by Filter": 459925
                  },
                  {
                    "Node Type": "Hash",
                    "Parent Relationship": "Inner",
                    "Parallel Aware": true,
                    "Startup Cost": 58306.47,
                    "Total Cost": 58306.47,
                    "Plan Rows": 62115,
                    "Plan Width": 4,
                    "Actual Startup Time": 139.059,
                    "Actual Total Time": 139.06,
                    "Actual Rows": 184,
                    "Actual Loops": 2,
                    "Hash Buckets": 131072,
                    "Original Hash Buckets": 131072,
                    "Hash Batches": 1,
                    "Original Hash Batches": 1,
                    "Peak Memory Usage": 1088,
                    "Plans": [
                      {
                        "Node Type": "Seq Scan",
                        "Parent Relationship": "Outer",
                        "Parallel Aware": true,
                        "Relation Name": "title",
                        "Alias": "t",
                        "Startup Cost": 0.0,
                        "Total Cost": 58306.47,
                        "Plan Rows": 62115,
                        "Plan Width": 4,
                        "Actual Startup Time": 38.853,
                        "Actual Total Time": 138.773,
                        "Actual Rows": 184,
                        "Actual Loops": 2,
                        "Filter": "((kind_id > 2) AND (production_year < 1946))",
                        "Rows Removed by Filter": 1263972
                      }
                    ]
                  }
                ]
              }
            ]
          }
        ]
      }
    ]
  },
  "Planning Time": 0.455,
  "Triggers": [],
  "Execution Time": 224.504
}