[
  {
    "Plan": {
      "Node Type": "Aggregate",
      "Strategy": "Plain",
      "Partial Mode": "Finalize",
      "Parallel Aware": false,
      "Startup Cost": 270397.4,
      "Total Cost": 270397.41,
      "Plan Rows": 1,
      "Plan Width": 8,
      "Actual Startup Time": 3231.676,
      "Actual Total Time": 3328.864,
      "Actual Rows": 1,
      "Actual Loops": 1,
      "Plans": [
        {
          "Node Type": "Gather",
          "Parent Relationship": "Outer",
          "Parallel Aware": false,
          "Startup Cost": 270396.98,
          "Total Cost": 270397.39,
          "Plan Rows": 4,
          "Plan Width": 8,
          "Actual Startup Time": 3184.772,
          "Actual Total Time": 3328.843,
          "Actual Rows": 5,
          "Actual Loops": 1,
          "Workers Planned": 4,
          "Workers Launched": 4,
          "Single Copy": false,
          "Plans": [
            {
              "Node Type": "Aggregate",
              "Strategy": "Plain",
              "Partial Mode": "Partial",
              "Parent Relationship": "Outer",
              "Parallel Aware": false,
              "Startup Cost": 269396.98,
              "Total Cost": 269396.99,
              "Plan Rows": 1,
              "Plan Width": 8,
              "Actual Startup Time": 3068.781,
              "Actual Total Time": 3068.785,
              "Actual Rows": 1,
              "Actual Loops": 5,
              "Plans": [
                {
                  "Node Type": "Nested Loop",
                  "Parent Relationship": "Outer",
                  "Parallel Aware": false,
                  "Join Type": "Inner",
                  "Startup Cost": 130935.19,
                  "Total Cost": 267891.63,
                  "Plan Rows": 602142,
                  "Plan Width": 0,
                  "Actual Startup Time": 355.332,
                  "Actual Total Time": 2981.306,
                  "Actual Rows": 1710178,
                  "Actual Loops": 5,
                  "Inner Unique": false,
                  "Plans": [
                    {
                      "Node Type": "Merge Join",
                      "Parent Relationship": "Outer",
                      "Parallel Aware": false,
                      "Join Type": "Inner",
                      "Startup Cost": 130934.63,
                      "Total Cost": 134796.11,
                      "Plan Rows": 41997,
                      "Plan Width": 8,
                      "Actual Startup Time": 355.238,
                      "Actual Total Time": 486.047,
                      "Actual Rows": 62690,
                      "Actual Loops": 5,
                      "Inner Unique": false,
                      "Merge Cond": "(t.id = mi_idx.movie_id)",
                      "Plans": [
                        {
                          "Node Type": "Sort",
                          "Parent Relationship": "Outer",
                          "Parallel Aware": false,
                          "Startup Cost": 66267.5,
                          "Total Cost": 66850.41,
                          "Plan Rows": 233166,
                          "Plan Width": 4,
                          "Actual Startup Time": 149.241,
                          "Actual Total Time": 188.878,
                          "Actual Rows": 181822,
                          "Actual Loops": 5,
                          "Sort Key": [
                            "t.id"
                          ],
                          "Sort Method": "quicksort",
                          "Sort Space Used": 16607,
                          "Sort Space Type": "Memory",
                          "Workers": [
                            {
                              "Worker Number": 0,
                              "Sort Method": "quicksort",
                              "Sort Space Used": 8118,
                              "Sort Space Type": "Memory"
                            },
                            {
                              "Worker Number": 1,
                              "Sort Method": "quicksort",
                              "Sort Space Used": 15228,
                              "Sort Space Type": "Memory"
                            },
                            {
                              "Worker Number": 2,
                              "Sort Method": "quicksort",
                              "Sort Space Used": 15111,
                              "Sort Space Type": "Memory"
                            },
                            {
                              "Worker Number": 3,
                              "Sort Method": "quicksort",
                              "Sort Space Used": 15255,
                              "Sort Space Type": "Memory"
                            }
                          ],
                          "Plans": [
                            {
                              "Node Type": "Seq Scan",
                              "Parent Relationship": "Outer",
                              "Parallel Aware": true,
                              "Relation Name": "title",
                              "Alias": "t",
                              "Startup Cost": 0.0,
                              "Total Cost": 45479.59,
                              "Plan Rows": 233166,
                              "Plan Width": 4,
                              "Actual Startup Time": 0.031,
                              "Actual Total Time": 95.091,
                              "Actual Rows": 182052,
                              "Actual Loops": 5,
                              "Filter": "((kind_id < 7) AND (production_year > 1915))",
                              "Rows Removed by Filter": 323610
                            }
                          ]
                        },
                        {
                          "Node Type": "Sort",
                          "Parent Relationship": "Inner",
                          "Parallel Aware": false,
                          "Startup Cost": 64666.99,
                          "Total Cost": 65805.52,
                          "Plan Rows": 455412,
                          "Plan Width": 4,
                          "Actual Startup Time": 205.98,
                          "Actual Total Time": 238.066,
                          "Actual Rows": 459925,
                          "Actual Loops": 5,
                          "Sort Key": [
                            "mi_idx.movie_id"
                          ],
                          "Sort Method": "quicksort",
                          "Sort Space Used": 33847,
                          "Sort Space Type": "Memory",
                          "Workers": [
                            {
                              "Worker Number": 0,
                              "Sort Method": "quicksort",
                              "Sort Space Used": 33847,
                              "Sort Space Type": "Memory"
                            },
                            {
                              "Worker Number": 1,
                              "Sort Method": "quicksort",
                              "Sort Space Used": 33847,
                              "Sort Space Type": "Memory"
                            },
                            {
                              "Worker Number": 2,
                              "Sort Method": "quicksort",
                              "Sort Space Used": 33847,
                              "Sort Space Type": "Memory"
                            },
                            {
                              "Worker Number": 3,
                              "Sort Method": "quicksort",
                              "Sort Space Used": 33847,
                              "Sort Space Type": "Memory"
                            }
                          ],
                          "Plans": [
                            {
                              "Node Type": "Bitmap Heap Scan",
                              "Parent Relationship": "Outer",
                              "Parallel Aware": false,
                              "Relation Name": "movie_info_idx",
                              "Alias": "mi_idx",
                              "Startup Cost": 8237.87,
                              "Total Cost": 21865.52,
                              "Plan Rows": 455412,
                              "Plan Width": 4,
                              "Actual Startup Time": 17.66,
                              "Actual Total Time": 90.05,
                              "Actual Rows": 459925,
                              "Actual Loops": 5,
                              "Recheck Cond": "(info_type_id = 99)",
                              "Rows Removed by Index Recheck": 0,
                              "Exact Heap Blocks": 7934,
                              "Lossy Heap Blocks": 0,
                              "Plans": [
                                {
                                  "Node Type": "Bitmap Index Scan",
                                  "Parent Relationship": "Outer",
                                  "Parallel Aware": false,
                                  "Index Name": "info_type_id_movie_info_idx",
                                  "Startup Cost": 0.0,
                                  "Total Cost": 8124.02,
                                  "Plan Rows": 455412,
                                  "Plan Width": 0,
                                  "Actual Startup Time": 16.631,
                                  "Actual Total Time": 16.631,
                                  "Actual Rows": 459925,
                                  "Actual Loops": 5,
                                  "Index Cond": "(info_type_id = 99)"
                                }
                              ]
                            }
                          ]
                        }
                      ]
                    },
                    {
                      "Node Type": "Index Only Scan",
                      "Parent Relationship": "Inner",
                      "Parallel Aware": false,
                      "Scan Direction": "Forward",
                      "Index Name": "movie_id_cast_info",
                      "Relation Name": "cast_info",
                      "Alias": "ci",
                      "Startup Cost": 0.56,
                      "Total Cost": 2.82,
                      "Plan Rows": 35,
                      "Plan Width": 4,
                      "Actual Startup Time": 0.006,
                      "Actual Total Time": 0.038,
                      "Actual Rows": 27,
                      "Actual Loops": 313448,
                      "Index Cond": "(movie_id = t.id)",
                      "Rows Removed by Index Recheck": 0,
                      "Heap Fetches": 8550892
                    }
                  ]
                }
              ]
            }
          ]
        }
      ]
    },
    "Planning Time": 0.721,
    "Triggers": [],
    "Execution Time": 3337.533
  }
]