[
  {
    "Plan": {
      "Node Type": "Aggregate",
      "Strategy": "Plain",
      "Partial Mode": "Finalize",
      "Parallel Aware": false,
      "Startup Cost": 77682.3,
      "Total Cost": 77682.31,
      "Plan Rows": 1,
      "Plan Width": 8,
      "Actual Startup Time": 235.335,
      "Actual Total Time": 249.343,
      "Actual Rows": 1,
      "Actual Loops": 1,
      "Plans": [
        {
          "Node Type": "Gather",
          "Parent Relationship": "Outer",
          "Parallel Aware": false,
          "Startup Cost": 77681.98,
          "Total Cost": 77682.29,
          "Plan Rows": 3,
          "Plan Width": 8,
          "Actual Startup Time": 233.772,
          "Actual Total Time": 249.331,
          "Actual Rows": 4,
          "Actual Loops": 1,
          "Workers Planned": 3,
          "Workers Launched": 3,
          "Single Copy": false,
          "Plans": [
            {
              "Node Type": "Aggregate",
              "Strategy": "Plain",
              "Partial Mode": "Partial",
              "Parent Relationship": "Outer",
              "Parallel Aware": false,
              "Startup Cost": 76681.98,
              "Total Cost": 76681.99,
              "Plan Rows": 1,
              "Plan Width": 8,
              "Actual Startup Time": 224.696,
              "Actual Total Time": 224.7,
              "Actual Rows": 1,
              "Actual Loops": 4,
              "Plans": [
                {
                  "Node Type": "Hash Join",
                  "Parent Relationship": "Outer",
                  "Parallel Aware": true,
                  "Join Type": "Inner",
                  "Startup Cost": 51221.04,
                  "Total Cost": 76651.45,
                  "Plan Rows": 12212,
                  "Plan Width": 0,
                  "Actual Startup Time": 172.572,
                  "Actual Total Time": 224.666,
                  "Actual Rows": 249,
                  "Actual Loops": 4,
                  "Inner Unique": true,
                  "Hash Cond": "(mk.movie_id = t.id)",
                  "Plans": [
                    {
                      "Node Type": "Bitmap Heap Scan",
                      "Parent Relationship": "Outer",
                      "Parallel Aware": true,
                      "Relation Name": "movie_keyword",
                      "Alias": "mk",
                      "Startup Cost": 4247.4,
                      "Total Cost": 29508.36,
                      "Plan Rows": 64556,
                      "Plan Width": 4,
                      "Actual Startup Time": 24.875,
                      "Actual Total Time": 62.66,
                      "Actual Rows": 49506,
                      "Actual Loops": 4,
                      "Recheck Cond": "(keyword_id > 69179)",
                      "Rows Removed by Index Recheck": 0,
                      "Exact Heap Blocks": 6694,
                      "Lossy Heap Blocks": 0,
                      "Plans": [
                        {
                          "Node Type": "Bitmap Index Scan",
                          "Parent Relationship": "Outer",
                          "Parallel Aware": false,
                          "Index Name": "keyword_id_movie_keyword",
                          "Startup Cost": 0.0,
                          "Total Cost": 4197.37,
                          "Plan Rows": 200125,
                          "Plan Width": 0,
                          "Actual Startup Time": 19.99,
                          "Actual Total Time": 19.991,
                          "Actual Rows": 198022,
                          "Actual Loops": 1,
                          "Index Cond": "(keyword_id > 69179)"
                        }
                      ]
                    },
                    {
                      "Node Type": "Hash",
                      "Parent Relationship": "Inner",
                      "Parallel Aware": true,
                      "Startup Cost": 45479.1,
                      "Total Cost": 45479.1,
                      "Plan Rows": 119563,
                      "Plan Width": 4,
                      "Actual Startup Time": 144.88,
                      "Actual Total Time": 144.881,
                      "Actual Rows": 129582,
                      "Actual Loops": 4,
                      "Hash Buckets": 524288,
                      "Original Hash Buckets": 524288,
                      "Hash Batches": 1,
                      "Original Hash Batches": 1,
                      "Peak Memory Usage": 24480,
                      "Plans": [
                        {
                          "Node Type": "Seq Scan",
                          "Parent Relationship": "Outer",
                          "Parallel Aware": true,
                          "Relation Name": "title",
                          "Alias": "t",
                          "Startup Cost": 0.0,
                          "Total Cost": 45479.1,
                          "Plan Rows": 119563,
                          "Plan Width": 4,
                          "Actual Startup Time": 0.035,
                          "Actual Total Time": 105.754,
                          "Actual Rows": 129582,
                          "Actual Loops": 4,
                          "Filter": "((production_year > 2007) AND (kind_id = 7))",
                          "Rows Removed by Filter": 502496
                        }
                      ]
                    }
                  ]
                }
              ]
            }
          ]
        }
      ]
    },
    "Planning Time": 0.64,
    "Triggers": [],
    "Execution Time": 249.47
  }
]