{
  "Plan": {
    "Node Type": "Aggregate",
    "Strategy": "Plain",
    "Partial Mode": "Finalize",
    "Parallel Aware": false,
    "Startup Cost": 102645.17,
    "Total Cost": 102645.18,
    "Plan Rows": 1,
    "Plan Width": 8,
    "Actual Startup Time": 382.416,
    "Actual Total Time": 400.584,
    "Actual Rows": 1,
    "Actual Loops": 1,
    "Plans": [
      {
        "Node Type": "Gather",
        "Parent Relationship": "Outer",
        "Parallel Aware": false,
        "Startup Cost": 102645.06,
        "Total Cost": 102645.17,
        "Plan Rows": 1,
        "Plan Width": 8,
        "Actual Startup Time": 382.182,
        "Actual Total Time": 400.564,
        "Actual Rows": 2,
        "Actual Loops": 1,
        "Workers Planned": 1,
        "Workers Launched": 1,
        "Single Copy": false,
        "Plans": [
          {
            "Node Type": "Aggregate",
            "Strategy": "Plain",
            "Partial Mode": "Partial",
            "Parent Relationship": "Outer",
            "Parallel Aware": false,
            "Startup Cost": 101645.06,
            "Total Cost": 101645.07,
            "Plan Rows": 1,
            "Plan Width": 8,
            "Actual Startup Time": 376.703,
            "Actual Total Time": 376.706,
            "Actual Rows": 1,
            "Actual Loops": 2,
            "Plans": [
              {
                "Node Type": "Hash Join",
                "Parent Relationship": "Outer",
                "Parallel Aware": true,
                "Join Type": "Inner",
                "Startup Cost": 58587.13,
                "Total Cost": 101627.4,
                "Plan Rows": 7066,
                "Plan Width": 0,
                "Actual Startup Time": 260.058,
                "Actual Total Time": 376.317,
                "Actual Rows": 4314,
                "Actual Loops": 2,
                "Inner Unique": true,
                "Hash Cond": "(mc.movie_id = t.id)",
                "Plans": [
                  {
                    "Node Type": "Seq Scan",
                    "Parent Relationship": "Outer",
                    "Parallel Aware": true,
                    "Relation Name": "movie_companies",
                    "Alias": "mc",
                    "Startup Cost": 0.0,
                    "Total Cost": 41811.73,
                    "Plan Rows": 468015,
                    "Plan Width": 4,
                    "Actual Startup Time": 72.945,
                    "Actual Total Time": 155.04,
                    "Actual Rows": 249992,
                    "Actual Loops": 2,
                    "Filter": "((company_id < 14919) AND (company_type_id = 2))",
                    "Rows Removed by Filter": 1054573
                  },
                  {
                    "Node Type": "Hash",
                    "Parent Relationship": "Inner",
                    "Parallel Aware": true,
                    "Startup Cost": 58306.47,
                    "Total Cost": 58306.47,
                    "Plan Rows": 22453,
                    "Plan Width": 4,
                    "Actual Startup Time": 185.391,
                    "Actual Total Time": 185.392,
                    "Actual Rows": 16126,
                    "Actual Loops": 2,
                    "Hash Buckets": 65536,
                    "Original Hash Buckets": 65536,
                    "Hash Batches": 1,
                    "Original Hash Batches": 1,
                    "Peak Memory Usage": 1792,
                    "Plans": [
                      {
                        "Node Type": "Seq Scan",
                        "Parent Relationship": "Outer",
                        "Parallel Aware": true,
                        "Relation Name": "title",
                        "Alias": "t",
                        "Startup Cost": 0.0,
                        "Total Cost": 58306.47,
                        "Plan Rows": 22453,
                        "Plan Width": 4,
                        "Actual Startup Time": 0.144,
                        "Actual Total Time": 178.934,
                        "Actual Rows": 16126,
                        "Actual Loops": 2,
                        "Filter": "((kind_id < 7) AND (production_year = 2005))",
                        "Rows Removed by Filter": 1248030
                      }
                    ]
                  }
                ]
              }
            ]
          }
        ]
      }
    ]
  },
  "Planning Time": 0.49,
  "Triggers": [],
  "Execution Time": 400.658
}