[
  {
    "Plan": {
      "Node Type": "Aggregate",
      "Strategy": "Plain",
      "Partial Mode": "Finalize",
      "Parallel Aware": false,
      "Startup Cost": 45702.24,
      "Total Cost": 45702.25,
      "Plan Rows": 1,
      "Plan Width": 8,
      "Actual Startup Time": 154.271,
      "Actual Total Time": 163.612,
      "Actual Rows": 1,
      "Actual Loops": 1,
      "Plans": [
        {
          "Node Type": "Gather",
          "Parent Relationship": "Outer",
          "Parallel Aware": false,
          "Startup Cost": 45701.92,
          "Total Cost": 45702.23,
          "Plan Rows": 3,
          "Plan Width": 8,
          "Actual Startup Time": 154.149,
          "Actual Total Time": 163.604,
          "Actual Rows": 4,
          "Actual Loops": 1,
          "Workers Planned": 3,
          "Workers Launched": 3,
          "Single Copy": false,
          "Plans": [
            {
              "Node Type": "Aggregate",
              "Strategy": "Plain",
              "Partial Mode": "Partial",
              "Parent Relationship": "Outer",
              "Parallel Aware": false,
              "Startup Cost": 44701.92,
              "Total Cost": 44701.93,
              "Plan Rows": 1,
              "Plan Width": 8,
              "Actual Startup Time": 146.68,
              "Actual Total Time": 146.681,
              "Actual Rows": 1,
              "Actual Loops": 4,
              "Plans": [
                {
                  "Node Type": "Seq Scan",
                  "Parent Relationship": "Outer",
                  "Parallel Aware": true,
                  "Relation Name": "movie_keyword",
                  "Alias": "mk",
                  "Startup Cost": 0.0,
                  "Total Cost": 42695.65,
                  "Plan Rows": 802506,
                  "Plan Width": 0,
                  "Actual Startup Time": 0.074,
                  "Actual Total Time": 117.81,
                  "Actual Rows": 622118,
                  "Actual Loops": 4,
                  "Filter": "(keyword_id < 6058)",
                  "Rows Removed by Filter": 508864
                }
              ]
            }
          ]
        }
      ]
    },
    "Planning Time": 0.183,
    "Triggers": [],
    "Execution Time": 163.667
  }
]