[
  {
    "Plan": {
      "Node Type": "Aggregate",
      "Strategy": "Plain",
      "Partial Mode": "Finalize",
      "Parallel Aware": false,
      "Startup Cost": 1629790.76,
      "Total Cost": 1629790.77,
      "Plan Rows": 1,
      "Plan Width": 64,
      "Actual Startup Time": 14736.139,
      "Actual Total Time": 14815.542,
      "Actual Rows": 1,
      "Actual Loops": 1,
      "Plans": [
        {
          "Node Type": "Gather",
          "Parent Relationship": "Outer",
          "Parallel Aware": false,
          "Startup Cost": 1629790.12,
          "Total Cost": 1629790.73,
          "Plan Rows": 6,
          "Plan Width": 64,
          "Actual Startup Time": 14230.443,
          "Actual Total Time": 14815.509,
          "Actual Rows": 7,
          "Actual Loops": 1,
          "Workers Planned": 6,
          "Workers Launched": 6,
          "Single Copy": false,
          "Plans": [
            {
              "Node Type": "Aggregate",
              "Strategy": "Plain",
              "Partial Mode": "Partial",
              "Parent Relationship": "Outer",
              "Parallel Aware": false,
              "Startup Cost": 1628790.12,
              "Total Cost": 1628790.13,
              "Plan Rows": 1,
              "Plan Width": 64,
              "Actual Startup Time": 14175.735,
              "Actual Total Time": 14175.749,
              "Actual Rows": 1,
              "Actual Loops": 7,
              "Plans": [
                {
                  "Node Type": "Merge Join",
                  "Parent Relationship": "Outer",
                  "Parallel Aware": false,
                  "Join Type": "Inner",
                  "Startup Cost": 1370010.18,
                  "Total Cost": 1622951.73,
                  "Plan Rows": 1167678,
                  "Plan Width": 33,
                  "Actual Startup Time": 11272.938,
                  "Actual Total Time": 14171.802,
                  "Actual Rows": 46144,
                  "Actual Loops": 7,
                  "Inner Unique": false,
                  "Merge Cond": "(ci.person_id = an1.person_id)",
                  "Plans": [
                    {
                      "Node Type": "Sort",
                      "Parent Relationship": "Outer",
                      "Parallel Aware": false,
                      "Startup Cost": 1369959.38,
                      "Total Cost": 1371178.17,
                      "Plan Rows": 487516,
                      "Plan Width": 21,
                      "Actual Startup Time": 11255.278,
                      "Actual Total Time": 11261.357,
                      "Actual Rows": 40791,
                      "Actual Loops": 7,
                      "Sort Key": [
                        "ci.person_id"
                      ],
                      "Sort Method": "quicksort",
                      "Sort Space Used": 4342,
                      "Sort Space Type": "Memory",
                      "Workers": [
                        {
                          "Worker Number": 0,
                          "Sort Method": "quicksort",
                          "Sort Space Used": 4509,
                          "Sort Space Type": "Memory"
                        },
                        {
                          "Worker Number": 1,
                          "Sort Method": "quicksort",
                          "Sort Space Used": 3936,
                          "Sort Space Type": "Memory"
                        },
                        {
                          "Worker Number": 2,
                          "Sort Method": "quicksort",
                          "Sort Space Used": 4286,
                          "Sort Space Type": "Memory"
                        },
                        {
                          "Worker Number": 3,
                          "Sort Method": "quicksort",
                          "Sort Space Used": 4458,
                          "Sort Space Type": "Memory"
                        },
                        {
                          "Worker Number": 4,
                          "Sort Method": "quicksort",
                          "Sort Space Used": 4572,
                          "Sort Space Type": "Memory"
                        },
                        {
                          "Worker Number": 5,
                          "Sort Method": "quicksort",
                          "Sort Space Used": 4290,
                          "Sort Space Type": "Memory"
                        }
                      ],
                      "Plans": [
                        {
                          "Node Type": "Merge Join",
                          "Parent Relationship": "Outer",
                          "Parallel Aware": false,
                          "Join Type": "Inner",
                          "Startup Cost": 1189137.22,
                          "Total Cost": 1323901.09,
                          "Plan Rows": 487516,
                          "Plan Width": 21,
                          "Actual Startup Time": 8894.964,
                          "Actual Total Time": 11239.32,
                          "Actual Rows": 40791,
                          "Actual Loops": 7,
                          "Inner Unique": true,
                          "Merge Cond": "(ci.movie_id = t.id)",
                          "Plans": [
                            {
                              "Node Type": "Merge Join",
                              "Parent Relationship": "Outer",
                              "Parallel Aware": false,
                              "Join Type": "Inner",
                              "Startup Cost": 1189134.07,
                              "Total Cost": 1201241.74,
                              "Plan Rows": 487516,
                              "Plan Width": 12,
                              "Actual Startup Time": 8891.086,
                              "Actual Total Time": 9150.411,
                              "Actual Rows": 40791,
                              "Actual Loops": 7,
                              "Inner Unique": false,
                              "Merge Cond": "(ci.movie_id = mc.movie_id)",
                              "Plans": [
                                {
                                  "Node Type": "Sort",
                                  "Parent Relationship": "Outer",
                                  "Parallel Aware": false,
                                  "Startup Cost": 935873.08,
                                  "Total Cost": 937132.17,
                                  "Plan Rows": 503635,
                                  "Plan Width": 8,
                                  "Actual Startup Time": 4812.233,
                                  "Actual Total Time": 4820.319,
                                  "Actual Rows": 39486,
                                  "Actual Loops": 7,
                                  "Sort Key": [
                                    "ci.movie_id"
                                  ],
                                  "Sort Method": "quicksort",
                                  "Sort Space Used": 3383,
                                  "Sort Space Type": "Memory",
                                  "Workers": [
                                    {
                                      "Worker Number": 0,
                                      "Sort Method": "quicksort",
                                      "Sort Space Used": 3365,
                                      "Sort Space Type": "Memory"
                                    },
                                    {
                                      "Worker Number": 1,
                                      "Sort Method": "quicksort",
                                      "Sort Space Used": 3396,
                                      "Sort Space Type": "Memory"
                                    },
                                    {
                                      "Worker Number": 2,
                                      "Sort Method": "quicksort",
                                      "Sort Space Used": 3401,
                                      "Sort Space Type": "Memory"
                                    },
                                    {
                                      "Worker Number": 3,
                                      "Sort Method": "quicksort",
                                      "Sort Space Used": 3383,
                                      "Sort Space Type": "Memory"
                                    },
                                    {
                                      "Worker Number": 4,
                                      "Sort Method": "quicksort",
                                      "Sort Space Used": 3401,
                                      "Sort Space Type": "Memory"
                                    },
                                    {
                                      "Worker Number": 5,
                                      "Sort Method": "quicksort",
                                      "Sort Space Used": 3383,
                                      "Sort Space Type": "Memory"
                                    }
                                  ],
                                  "Plans": [
                                    {
                                      "Node Type": "Merge Join",
                                      "Parent Relationship": "Outer",
                                      "Parallel Aware": false,
                                      "Join Type": "Inner",
                                      "Startup Cost": 1.72,
                                      "Total Cost": 888173.76,
                                      "Plan Rows": 503635,
                                      "Plan Width": 8,
                                      "Actual Startup Time": 4772.966,
                                      "Actual Total Time": 4795.767,
                                      "Actual Rows": 39486,
                                      "Actual Loops": 7,
                                      "Inner Unique": true,
                                      "Merge Cond": "(ci.role_id = rt.id)",
                                      "Plans": [
                                        {
                                          "Node Type": "Index Scan",
                                          "Parent Relationship": "Outer",
                                          "Parallel Aware": true,
                                          "Scan Direction": "Forward",
                                          "Index Name": "role_id_cast_info",
                                          "Relation Name": "cast_info",
                                          "Alias": "ci",
                                          "Startup Cost": 0.56,
                                          "Total Cost": 868027.2,
                                          "Plan Rows": 6043616,
                                          "Plan Width": 12,
                                          "Actual Startup Time": 5.809,
                                          "Actual Total Time": 4114.213,
                                          "Actual Rows": 4115445,
                                          "Actual Loops": 7
                                        },
                                        {
                                          "Node Type": "Sort",
                                          "Parent Relationship": "Inner",
                                          "Parallel Aware": false,
                                          "Startup Cost": 1.16,
                                          "Total Cost": 1.16,
                                          "Plan Rows": 1,
                                          "Plan Width": 4,
                                          "Actual Startup Time": 0.102,
                                          "Actual Total Time": 0.106,
                                          "Actual Rows": 1,
                                          "Actual Loops": 7,
                                          "Sort Key": [
                                            "rt.id"
                                          ],
                                          "Sort Method": "quicksort",
                                          "Sort Space Used": 25,
                                          "Sort Space Type": "Memory",
                                          "Workers": [
                                            {
                                              "Worker Number": 0,
                                              "Sort Method": "quicksort",
                                              "Sort Space Used": 25,
                                              "Sort Space Type": "Memory"
                                            },
                                            {
                                              "Worker Number": 1,
                                              "Sort Method": "quicksort",
                                              "Sort Space Used": 25,
                                              "Sort Space Type": "Memory"
                                            },
                                            {
                                              "Worker Number": 2,
                                              "Sort Method": "quicksort",
                                              "Sort Space Used": 25,
                                              "Sort Space Type": "Memory"
                                            },
                                            {
                                              "Worker Number": 3,
                                              "Sort Method": "quicksort",
                                              "Sort Space Used": 25,
                                              "Sort Space Type": "Memory"
                                            },
                                            {
                                              "Worker Number": 4,
                                              "Sort Method": "quicksort",
                                              "Sort Space Used": 25,
                                              "Sort Space Type": "Memory"
                                            },
                                            {
                                              "Worker Number": 5,
                                              "Sort Method": "quicksort",
                                              "Sort Space Used": 25,
                                              "Sort Space Type": "Memory"
                                            }
                                          ],
                                          "Plans": [
                                            {
                                              "Node Type": "Seq Scan",
                                              "Parent Relationship": "Outer",
                                              "Parallel Aware": false,
                                              "Relation Name": "role_type",
                                              "Alias": "rt",
                                              "Startup Cost": 0.0,
                                              "Total Cost": 1.15,
                                              "Plan Rows": 1,
                                              "Plan Width": 4,
                                              "Actual Startup Time": 0.06,
                                              "Actual Total Time": 0.062,
                                              "Actual Rows": 1,
                                              "Actual Loops": 7,
                                              "Filter": "((role)::text = 'costume designer'::text)",
                                              "Rows Removed by Filter": 11
                                            }
                                          ]
                                        }
                                      ]
                                    }
                                  ]
                                },
                                {
                                  "Node Type": "Sort",
                                  "Parent Relationship": "Inner",
                                  "Parallel Aware": false,
                                  "Startup Cost": 253260.94,
                                  "Total Cost": 255618.29,
                                  "Plan Rows": 942940,
                                  "Plan Width": 4,
                                  "Actual Startup Time": 4078.791,
                                  "Actual Total Time": 4230.653,
                                  "Actual Rows": 1154284,
                                  "Actual Loops": 7,
                                  "Sort Key": [
                                    "mc.movie_id"
                                  ],
                                  "Sort Method": "quicksort",
                                  "Sort Space Used": 103237,
                                  "Sort Space Type": "Memory",
                                  "Workers": [
                                    {
                                      "Worker Number": 0,
                                      "Sort Method": "quicksort",
                                      "Sort Space Used": 103237,
                                      "Sort Space Type": "Memory"
                                    },
                                    {
                                      "Worker Number": 1,
                                      "Sort Method": "quicksort",
                                      "Sort Space Used": 103237,
                                      "Sort Space Type": "Memory"
                                    },
                                    {
                                      "Worker Number": 2,
                                      "Sort Method": "quicksort",
                                      "Sort Space Used": 103237,
                                      "Sort Space Type": "Memory"
                                    },
                                    {
                                      "Worker Number": 3,
                                      "Sort Method": "quicksort",
                                      "Sort Space Used": 103237,
                                      "Sort Space Type": "Memory"
                                    },
                                    {
                                      "Worker Number": 4,
                                      "Sort Method": "quicksort",
                                      "Sort Space Used": 103237,
                                      "Sort Space Type": "Memory"
                                    },
                                    {
                                      "Worker Number": 5,
                                      "Sort Method": "quicksort",
                                      "Sort Space Used": 103237,
                                      "Sort Space Type": "Memory"
                                    }
                                  ],
                                  "Plans": [
                                    {
                                      "Node Type": "Merge Join",
                                      "Parent Relationship": "Outer",
                                      "Parallel Aware": false,
                                      "Join Type": "Inner",
                                      "Startup Cost": 49.73,
                                      "Total Cost": 159689.2,
                                      "Plan Rows": 942940,
                                      "Plan Width": 4,
                                      "Actual Startup Time": 0.12,
                                      "Actual Total Time": 3556.256,
                                      "Actual Rows": 1153798,
                                      "Actual Loops": 7,
                                      "Inner Unique": false,
                                      "Merge Cond": "(cn.id = mc.company_id)",
                                      "Plans": [
                                        {
                                          "Node Type": "Index Scan",
                                          "Parent Relationship": "Outer",
                                          "Parallel Aware": false,
                                          "Scan Direction": "Forward",
                                          "Index Name": "company_name_pkey",
                                          "Relation Name": "company_name",
                                          "Alias": "cn",
                                          "Startup Cost": 0.42,
                                          "Total Cost": 12474.79,
                                          "Plan Rows": 84928,
                                          "Plan Width": 4,
                                          "Actual Startup Time": 0.065,
                                          "Actual Total Time": 314.109,
                                          "Actual Rows": 84843,
                                          "Actual Loops": 7,
                                          "Filter": "((country_code)::text = '[us]'::text)",
                                          "Rows Removed by Filter": 150154
                                        },
                                        {
                                          "Node Type": "Index Scan",
                                          "Parent Relationship": "Inner",
                                          "Parallel Aware": false,
                                          "Scan Direction": "Forward",
                                          "Index Name": "company_id_movie_companies",
                                          "Relation Name": "movie_companies",
                                          "Alias": "mc",
                                          "Startup Cost": 0.43,
                                          "Total Cost": 131053.9,
                                          "Plan Rows": 2609129,
                                          "Plan Width": 8,
                                          "Actual Startup Time": 0.05,
                                          "Actual Total Time": 2876.122,
                                          "Actual Rows": 2609129,
                                          "Actual Loops": 7
                                        }
                                      ]
                                    }
                                  ]
                                }
                              ]
                            },
                            {
                              "Node Type": "Index Scan",
                              "Parent Relationship": "Inner",
                              "Parallel Aware": false,
                              "Scan Direction": "Forward",
                              "Index Name": "title_pkey",
                              "Relation Name": "title",
                              "Alias": "t",
                              "Startup Cost": 0.43,
                              "Total Cost": 110348.87,
                              "Plan Rows": 2528252,
                              "Plan Width": 21,
                              "Actual Startup Time": 0.088,
                              "Actual Total Time": 1886.184,
                              "Actual Rows": 2525604,
                              "Actual Loops": 7
                            }
                          ]
                        }
                      ]
                    },
                    {
                      "Node Type": "Materialize",
                      "Parent Relationship": "Inner",
                      "Parallel Aware": false,
                      "Startup Cost": 15.43,
                      "Total Cost": 274105.86,
                      "Plan Rows": 901343,
                      "Plan Width": 24,
                      "Actual Startup Time": 0.184,
                      "Actual Total Time": 2842.523,
                      "Actual Rows": 733778,
                      "Actual Loops": 7,
                      "Plans": [
                        {
                          "Node Type": "Merge Join",
                          "Parent Relationship": "Outer",
                          "Parallel Aware": false,
                          "Join Type": "Inner",
                          "Startup Cost": 15.43,
                          "Total Cost": 271852.5,
                          "Plan Rows": 901343,
                          "Plan Width": 24,
                          "Actual Startup Time": 0.18,
                          "Actual Total Time": 2653.235,
                          "Actual Rows": 688826,
                          "Actual Loops": 7,
                          "Inner Unique": true,
                          "Merge Cond": "(an1.person_id = n1.id)",
                          "Plans": [
                            {
                              "Node Type": "Index Scan",
                              "Parent Relationship": "Outer",
                              "Parallel Aware": false,
                              "Scan Direction": "Forward",
                              "Index Name": "person_id_aka_name",
                              "Relation Name": "aka_name",
                              "Alias": "an1",
                              "Startup Cost": 0.42,
                              "Total Cost": 72006.77,
                              "Plan Rows": 901343,
                              "Plan Width": 20,
                              "Actual Startup Time": 0.047,
                              "Actual Total Time": 384.371,
                              "Actual Rows": 688826,
                              "Actual Loops": 7
                            },
                            {
                              "Node Type": "Index Only Scan",
                              "Parent Relationship": "Inner",
                              "Parallel Aware": false,
                              "Scan Direction": "Forward",
                              "Index Name": "name_pkey",
                              "Relation Name": "name",
                              "Alias": "n1",
                              "Startup Cost": 0.43,
                              "Total Cost": 178171.85,
                              "Plan Rows": 4167419,
                              "Plan Width": 4,
                              "Actual Startup Time": 0.098,
                              "Actual Total Time": 1972.718,
                              "Actual Rows": 3441775,
                              "Actual Loops": 7,
                              "Heap Fetches": 24092422
                            }
                          ]
                        }
                      ]
                    }
                  ]
                }
              ]
            }
          ]
        }
      ]
    },
    "Planning Time": 4.534,
    "Triggers": [],
    "Execution Time": 14831.173
  }
]