[
    {
        "Bao": {
            "Bao prediction": "NaN",
            "Bao recommended hint": "(no hint)"
        }
    },
    {
        "Plan": {
            "Node Type": "Aggregate",
            "Strategy": "Plain",
            "Partial Mode": "Finalize",
            "Parallel Aware": false,
            "Startup Cost": 362917.34,
            "Total Cost": 362917.35,
            "Plan Rows": 1,
            "Plan Width": 8,
            "Actual Startup Time": 669.022,
            "Actual Total Time": 690.764,
            "Actual Rows": 1,
            "Actual Loops": 1,
            "Output": [
                "count(*)"
            ],
            "Plans": [
                {
                    "Node Type": "Gather",
                    "Parent Relationship": "Outer",
                    "Parallel Aware": false,
                    "Startup Cost": 362916.72,
                    "Total Cost": 362917.33,
                    "Plan Rows": 6,
                    "Plan Width": 8,
                    "Actual Startup Time": 668.396,
                    "Actual Total Time": 690.755,
                    "Actual Rows": 7,
                    "Actual Loops": 1,
                    "Output": [
                        "(PARTIAL count(*))"
                    ],
                    "Workers Planned": 6,
                    "Workers Launched": 6,
                    "Single Copy": false,
                    "Plans": [
                        {
                            "Node Type": "Aggregate",
                            "Strategy": "Plain",
                            "Partial Mode": "Partial",
                            "Parent Relationship": "Outer",
                            "Parallel Aware": false,
                            "Startup Cost": 361916.72,
                            "Total Cost": 361916.73,
                            "Plan Rows": 1,
                            "Plan Width": 8,
                            "Actual Startup Time": 657.49,
                            "Actual Total Time": 657.494,
                            "Actual Rows": 1,
                            "Actual Loops": 7,
                            "Output": [
                                "PARTIAL count(*)"
                            ],
                            "Workers": [
                                {
                                    "Worker Number": 0,
                                    "Actual Startup Time": 654.921,
                                    "Actual Total Time": 654.925,
                                    "Actual Rows": 1,
                                    "Actual Loops": 1
                                },
                                {
                                    "Worker Number": 1,
                                    "Actual Startup Time": 655.005,
                                    "Actual Total Time": 655.008,
                                    "Actual Rows": 1,
                                    "Actual Loops": 1
                                },
                                {
                                    "Worker Number": 2,
                                    "Actual Startup Time": 655.597,
                                    "Actual Total Time": 655.601,
                                    "Actual Rows": 1,
                                    "Actual Loops": 1
                                },
                                {
                                    "Worker Number": 3,
                                    "Actual Startup Time": 655.824,
                                    "Actual Total Time": 655.827,
                                    "Actual Rows": 1,
                                    "Actual Loops": 1
                                },
                                {
                                    "Worker Number": 4,
                                    "Actual Startup Time": 656.507,
                                    "Actual Total Time": 656.51,
                                    "Actual Rows": 1,
                                    "Actual Loops": 1
                                },
                                {
                                    "Worker Number": 5,
                                    "Actual Startup Time": 656.749,
                                    "Actual Total Time": 656.752,
                                    "Actual Rows": 1,
                                    "Actual Loops": 1
                                }
                            ],
                            "Plans": [
                                {
                                    "Node Type": "Hash Join",
                                    "Parent Relationship": "Outer",
                                    "Parallel Aware": true,
                                    "Join Type": "Inner",
                                    "Startup Cost": 38873.19,
                                    "Total Cost": 361682.87,
                                    "Plan Rows": 93540,
                                    "Plan Width": 0,
                                    "Actual Startup Time": 39.076,
                                    "Actual Total Time": 654.441,
                                    "Actual Rows": 49969,
                                    "Actual Loops": 7,
                                    "Inner Unique": true,
                                    "Hash Cond": "(ci.movie_id = t.id)",
                                    "Workers": [
                                        {
                                            "Worker Number": 0,
                                            "Actual Startup Time": 36.773,
                                            "Actual Total Time": 651.933,
                                            "Actual Rows": 52930,
                                            "Actual Loops": 1
                                        },
                                        {
                                            "Worker Number": 1,
                                            "Actual Startup Time": 36.918,
                                            "Actual Total Time": 651.828,
                                            "Actual Rows": 36503,
                                            "Actual Loops": 1
                                        },
                                        {
                                            "Worker Number": 2,
                                            "Actual Startup Time": 37.274,
                                            "Actual Total Time": 652.302,
                                            "Actual Rows": 37061,
                                            "Actual Loops": 1
                                        },
                                        {
                                            "Worker Number": 3,
                                            "Actual Startup Time": 37.041,
                                            "Actual Total Time": 652.832,
                                            "Actual Rows": 53600,
                                            "Actual Loops": 1
                                        },
                                        {
                                            "Worker Number": 4,
                                            "Actual Startup Time": 37.873,
                                            "Actual Total Time": 653.479,
                                            "Actual Rows": 55390,
                                            "Actual Loops": 1
                                        },
                                        {
                                            "Worker Number": 5,
                                            "Actual Startup Time": 38.34,
                                            "Actual Total Time": 653.816,
                                            "Actual Rows": 53714,
                                            "Actual Loops": 1
                                        }
                                    ],
                                    "Plans": [
                                        {
                                            "Node Type": "Index Scan",
                                            "Parent Relationship": "Outer",
                                            "Parallel Aware": true,
                                            "Scan Direction": "Forward",
                                            "Index Name": "role_id_cast_info",
                                            "Relation Name": "cast_info",
                                            "Schema": "public",
                                            "Alias": "ci",
                                            "Startup Cost": 0.56,
                                            "Total Cost": 317556.15,
                                            "Plan Rows": 2001556,
                                            "Plan Width": 4,
                                            "Actual Startup Time": 0.176,
                                            "Actual Total Time": 337.621,
                                            "Actual Rows": 1730521,
                                            "Actual Loops": 7,
                                            "Output": [
                                                "ci.id",
                                                "ci.person_id",
                                                "ci.movie_id",
                                                "ci.person_role_id",
                                                "ci.note",
                                                "ci.nr_order",
                                                "ci.role_id"
                                            ],
                                            "Index Cond": "(ci.role_id > 3)",
                                            "Rows Removed by Index Recheck": 0,
                                            "Workers": [
                                                {
                                                    "Worker Number": 0,
                                                    "Actual Startup Time": 0.164,
                                                    "Actual Total Time": 334.854,
                                                    "Actual Rows": 1824047,
                                                    "Actual Loops": 1
                                                },
                                                {
                                                    "Worker Number": 1,
                                                    "Actual Startup Time": 0.153,
                                                    "Actual Total Time": 338.705,
                                                    "Actual Rows": 1271898,
                                                    "Actual Loops": 1
                                                },
                                                {
                                                    "Worker Number": 2,
                                                    "Actual Startup Time": 0.247,
                                                    "Actual Total Time": 336.948,
                                                    "Actual Rows": 1271424,
                                                    "Actual Loops": 1
                                                },
                                                {
                                                    "Worker Number": 3,
                                                    "Actual Startup Time": 0.1,
                                                    "Actual Total Time": 339.765,
                                                    "Actual Rows": 1880949,
                                                    "Actual Loops": 1
                                                },
                                                {
                                                    "Worker Number": 4,
                                                    "Actual Startup Time": 0.117,
                                                    "Actual Total Time": 338.416,
                                                    "Actual Rows": 1896975,
                                                    "Actual Loops": 1
                                                },
                                                {
                                                    "Worker Number": 5,
                                                    "Actual Startup Time": 0.274,
                                                    "Actual Total Time": 342.764,
                                                    "Actual Rows": 1894193,
                                                    "Actual Loops": 1
                                                }
                                            ]
                                        },
                                        {
                                            "Node Type": "Hash",
                                            "Parent Relationship": "Inner",
                                            "Parallel Aware": true,
                                            "Startup Cost": 38503.39,
                                            "Total Cost": 38503.39,
                                            "Plan Rows": 29539,
                                            "Plan Width": 4,
                                            "Actual Startup Time": 38.108,
                                            "Actual Total Time": 38.109,
                                            "Actual Rows": 16891,
                                            "Actual Loops": 7,
                                            "Output": [
                                                "t.id"
                                            ],
                                            "Hash Buckets": 131072,
                                            "Original Hash Buckets": 131072,
                                            "Hash Batches": 1,
                                            "Original Hash Batches": 1,
                                            "Peak Memory Usage": 5728,
                                            "Workers": [
                                                {
                                                    "Worker Number": 0,
                                                    "Actual Startup Time": 35.735,
                                                    "Actual Total Time": 35.736,
                                                    "Actual Rows": 11981,
                                                    "Actual Loops": 1
                                                },
                                                {
                                                    "Worker Number": 1,
                                                    "Actual Startup Time": 35.817,
                                                    "Actual Total Time": 35.818,
                                                    "Actual Rows": 11139,
                                                    "Actual Loops": 1
                                                },
                                                {
                                                    "Worker Number": 2,
                                                    "Actual Startup Time": 36.34,
                                                    "Actual Total Time": 36.341,
                                                    "Actual Rows": 12304,
                                                    "Actual Loops": 1
                                                },
                                                {
                                                    "Worker Number": 3,
                                                    "Actual Startup Time": 36.461,
                                                    "Actual Total Time": 36.462,
                                                    "Actual Rows": 12888,
                                                    "Actual Loops": 1
                                                },
                                                {
                                                    "Worker Number": 4,
                                                    "Actual Startup Time": 37.34,
                                                    "Actual Total Time": 37.341,
                                                    "Actual Rows": 13614,
                                                    "Actual Loops": 1
                                                },
                                                {
                                                    "Worker Number": 5,
                                                    "Actual Startup Time": 37.568,
                                                    "Actual Total Time": 37.568,
                                                    "Actual Rows": 13059,
                                                    "Actual Loops": 1
                                                }
                                            ],
                                            "Plans": [
                                                {
                                                    "Node Type": "Bitmap Heap Scan",
                                                    "Parent Relationship": "Outer",
                                                    "Parallel Aware": true,
                                                    "Relation Name": "title",
                                                    "Schema": "public",
                                                    "Alias": "t",
                                                    "Startup Cost": 2136.15,
                                                    "Total Cost": 38503.39,
                                                    "Plan Rows": 29539,
                                                    "Plan Width": 4,
                                                    "Actual Startup Time": 1.816,
                                                    "Actual Total Time": 30.643,
                                                    "Actual Rows": 16891,
                                                    "Actual Loops": 7,
                                                    "Output": [
                                                        "t.id"
                                                    ],
                                                    "Recheck Cond": "(t.kind_id = 4)",
                                                    "Rows Removed by Index Recheck": 0,
                                                    "Exact Heap Blocks": 4798,
                                                    "Lossy Heap Blocks": 0,
                                                    "Workers": [
                                                        {
                                                            "Worker Number": 0,
                                                            "Actual Startup Time": 0.152,
                                                            "Actual Total Time": 28.901,
                                                            "Actual Rows": 11981,
                                                            "Actual Loops": 1
                                                        },
                                                        {
                                                            "Worker Number": 1,
                                                            "Actual Startup Time": 0.244,
                                                            "Actual Total Time": 28.833,
                                                            "Actual Rows": 11139,
                                                            "Actual Loops": 1
                                                        },
                                                        {
                                                            "Worker Number": 2,
                                                            "Actual Startup Time": 0.153,
                                                            "Actual Total Time": 29.473,
                                                            "Actual Rows": 12304,
                                                            "Actual Loops": 1
                                                        },
                                                        {
                                                            "Worker Number": 3,
                                                            "Actual Startup Time": 0.251,
                                                            "Actual Total Time": 29.99,
                                                            "Actual Rows": 12888,
                                                            "Actual Loops": 1
                                                        },
                                                        {
                                                            "Worker Number": 4,
                                                            "Actual Startup Time": 0.592,
                                                            "Actual Total Time": 30.626,
                                                            "Actual Rows": 13614,
                                                            "Actual Loops": 1
                                                        },
                                                        {
                                                            "Worker Number": 5,
                                                            "Actual Startup Time": 0.826,
                                                            "Actual Total Time": 30.733,
                                                            "Actual Rows": 13059,
                                                            "Actual Loops": 1
                                                        }
                                                    ],
                                                    "Plans": [
                                                        {
                                                            "Node Type": "Bitmap Index Scan",
                                                            "Parent Relationship": "Outer",
                                                            "Parallel Aware": false,
                                                            "Index Name": "kind_id_title",
                                                            "Startup Cost": 0.0,
                                                            "Total Cost": 2106.61,
                                                            "Plan Rows": 118157,
                                                            "Plan Width": 0,
                                                            "Actual Startup Time": 7.399,
                                                            "Actual Total Time": 7.4,
                                                            "Actual Rows": 118234,
                                                            "Actual Loops": 1,
                                                            "Index Cond": "(t.kind_id = 4)"
                                                        }
                                                    ]
                                                }
                                            ]
                                        }
                                    ]
                                }
                            ]
                        }
                    ]
                }
            ]
        },
        "Planning Time": 179.969,
        "Triggers": [],
        "Execution Time": 690.892
    }
]