[
  {
    "Plan": {
      "Node Type": "Aggregate",
      "Strategy": "Plain",
      "Partial Mode": "Finalize",
      "Parallel Aware": false,
      "Startup Cost": 301236.55,
      "Total Cost": 301236.56,
      "Plan Rows": 1,
      "Plan Width": 8,
      "Actual Startup Time": 537.682,
      "Actual Total Time": 571.543,
      "Actual Rows": 1,
      "Actual Loops": 1,
      "Plans": [
        {
          "Node Type": "Gather",
          "Parent Relationship": "Outer",
          "Parallel Aware": false,
          "Startup Cost": 301235.93,
          "Total Cost": 301236.54,
          "Plan Rows": 6,
          "Plan Width": 8,
          "Actual Startup Time": 529.714,
          "Actual Total Time": 571.533,
          "Actual Rows": 7,
          "Actual Loops": 1,
          "Workers Planned": 6,
          "Workers Launched": 6,
          "Single Copy": false,
          "Plans": [
            {
              "Node Type": "Aggregate",
              "Strategy": "Plain",
              "Partial Mode": "Partial",
              "Parent Relationship": "Outer",
              "Parallel Aware": false,
              "Startup Cost": 300235.93,
              "Total Cost": 300235.94,
              "Plan Rows": 1,
              "Plan Width": 8,
              "Actual Startup Time": 518.924,
              "Actual Total Time": 518.929,
              "Actual Rows": 1,
              "Actual Loops": 7,
              "Plans": [
                {
                  "Node Type": "Hash Join",
                  "Parent Relationship": "Outer",
                  "Parallel Aware": true,
                  "Join Type": "Inner",
                  "Startup Cost": 46213.14,
                  "Total Cost": 300091.78,
                  "Plan Rows": 57659,
                  "Plan Width": 0,
                  "Actual Startup Time": 144.325,
                  "Actual Total Time": 517.343,
                  "Actual Rows": 26557,
                  "Actual Loops": 7,
                  "Inner Unique": true,
                  "Hash Cond": "(ci.movie_id = t.id)",
                  "Plans": [
                    {
                      "Node Type": "Index Scan",
                      "Parent Relationship": "Outer",
                      "Parallel Aware": true,
                      "Scan Direction": "Forward",
                      "Index Name": "role_id_cast_info",
                      "Relation Name": "cast_info",
                      "Alias": "ci",
                      "Startup Cost": 0.56,
                      "Total Cost": 253362.23,
                      "Plan Rows": 196946,
                      "Plan Width": 4,
                      "Actual Startup Time": 0.232,
                      "Actual Total Time": 330.308,
                      "Actual Rows": 89097,
                      "Actual Loops": 7,
                      "Index Cond": "(role_id > 4)",
                      "Rows Removed by Index Recheck": 0,
                      "Filter": "(person_id < 456657)",
                      "Rows Removed by Filter": 1251575
                    },
                    {
                      "Node Type": "Hash",
                      "Parent Relationship": "Inner",
                      "Parallel Aware": true,
                      "Startup Cost": 43899.32,
                      "Total Cost": 43899.32,
                      "Plan Rows": 185060,
                      "Plan Width": 4,
                      "Actual Startup Time": 141.836,
                      "Actual Total Time": 141.838,
                      "Actual Rows": 107986,
                      "Actual Loops": 7,
                      "Hash Buckets": 1048576,
                      "Original Hash Buckets": 1048576,
                      "Hash Batches": 1,
                      "Original Hash Batches": 1,
                      "Peak Memory Usage": 37856,
                      "Plans": [
                        {
                          "Node Type": "Seq Scan",
                          "Parent Relationship": "Outer",
                          "Parallel Aware": true,
                          "Relation Name": "title",
                          "Alias": "t",
                          "Startup Cost": 0.0,
                          "Total Cost": 43899.32,
                          "Plan Rows": 185060,
                          "Plan Width": 4,
                          "Actual Startup Time": 0.049,
                          "Actual Total Time": 86.673,
                          "Actual Rows": 107986,
                          "Actual Loops": 7,
                          "Filter": "(production_year < 1993)",
                          "Rows Removed by Filter": 253201
                        }
                      ]
                    }
                  ]
                }
              ]
            }
          ]
        }
      ]
    },
    "Planning Time": 0.294,
    "Triggers": [],
    "Execution Time": 571.603
  }
]