[
  {
    "Plan": {
      "Node Type": "Aggregate",
      "Strategy": "Plain",
      "Partial Mode": "Finalize",
      "Parallel Aware": false,
      "Startup Cost": 89272.39,
      "Total Cost": 89272.4,
      "Plan Rows": 1,
      "Plan Width": 8,
      "Actual Startup Time": 40.646,
      "Actual Total Time": 45.523,
      "Actual Rows": 1,
      "Actual Loops": 1,
      "Plans": [
        {
          "Node Type": "Gather",
          "Parent Relationship": "Outer",
          "Parallel Aware": false,
          "Startup Cost": 89272.07,
          "Total Cost": 89272.38,
          "Plan Rows": 3,
          "Plan Width": 8,
          "Actual Startup Time": 40.385,
          "Actual Total Time": 45.515,
          "Actual Rows": 4,
          "Actual Loops": 1,
          "Workers Planned": 3,
          "Workers Launched": 3,
          "Single Copy": false,
          "Plans": [
            {
              "Node Type": "Aggregate",
              "Strategy": "Plain",
              "Partial Mode": "Partial",
              "Parent Relationship": "Outer",
              "Parallel Aware": false,
              "Startup Cost": 88272.07,
              "Total Cost": 88272.08,
              "Plan Rows": 1,
              "Plan Width": 8,
              "Actual Startup Time": 31.589,
              "Actual Total Time": 31.59,
              "Actual Rows": 1,
              "Actual Loops": 4,
              "Plans": [
                {
                  "Node Type": "Nested Loop",
                  "Parent Relationship": "Outer",
                  "Parallel Aware": false,
                  "Join Type": "Inner",
                  "Startup Cost": 351.17,
                  "Total Cost": 88261.06,
                  "Plan Rows": 4404,
                  "Plan Width": 0,
                  "Actual Startup Time": 3.054,
                  "Actual Total Time": 31.501,
                  "Actual Rows": 414,
                  "Actual Loops": 4,
                  "Inner Unique": false,
                  "Plans": [
                    {
                      "Node Type": "Nested Loop",
                      "Parent Relationship": "Outer",
                      "Parallel Aware": false,
                      "Join Type": "Inner",
                      "Startup Cost": 350.74,
                      "Total Cost": 79864.96,
                      "Plan Rows": 5067,
                      "Plan Width": 8,
                      "Actual Startup Time": 1.51,
                      "Actual Total Time": 15.076,
                      "Actual Rows": 1931,
                      "Actual Loops": 4,
                      "Inner Unique": true,
                      "Plans": [
                        {
                          "Node Type": "Bitmap Heap Scan",
                          "Parent Relationship": "Outer",
                          "Parallel Aware": true,
                          "Relation Name": "cast_info",
                          "Alias": "ci",
                          "Startup Cost": 350.31,
                          "Total Cost": 50133.95,
                          "Plan Rows": 5067,
                          "Plan Width": 4,
                          "Actual Startup Time": 1.287,
                          "Actual Total Time": 1.91,
                          "Actual Rows": 1931,
                          "Actual Loops": 4,
                          "Recheck Cond": "(person_id = 1495180)",
                          "Rows Removed by Index Recheck": 0,
                          "Exact Heap Blocks": 27,
                          "Lossy Heap Blocks": 0,
                          "Plans": [
                            {
                              "Node Type": "Bitmap Index Scan",
                              "Parent Relationship": "Outer",
                              "Parallel Aware": false,
                              "Index Name": "person_id_cast_info",
                              "Startup Cost": 0.0,
                              "Total Cost": 346.38,
                              "Plan Rows": 15709,
                              "Plan Width": 0,
                              "Actual Startup Time": 4.668,
                              "Actual Total Time": 4.669,
                              "Actual Rows": 7725,
                              "Actual Loops": 1,
                              "Index Cond": "(person_id = 1495180)"
                            }
                          ]
                        },
                        {
                          "Node Type": "Index Only Scan",
                          "Parent Relationship": "Inner",
                          "Parallel Aware": false,
                          "Scan Direction": "Forward",
                          "Index Name": "title_pkey",
                          "Relation Name": "title",
                          "Alias": "t",
                          "Startup Cost": 0.43,
                          "Total Cost": 5.87,
                          "Plan Rows": 1,
                          "Plan Width": 4,
                          "Actual Startup Time": 0.006,
                          "Actual Total Time": 0.006,
                          "Actual Rows": 1,
                          "Actual Loops": 7725,
                          "Index Cond": "(id = ci.movie_id)",
                          "Rows Removed by Index Recheck": 0,
                          "Heap Fetches": 7725
                        }
                      ]
                    },
                    {
                      "Node Type": "Index Scan",
                      "Parent Relationship": "Inner",
                      "Parallel Aware": false,
                      "Scan Direction": "Forward",
                      "Index Name": "movie_id_movie_info",
                      "Relation Name": "movie_info",
                      "Alias": "mi",
                      "Startup Cost": 0.43,
                      "Total Cost": 1.6,
                      "Plan Rows": 6,
                      "Plan Width": 4,
                      "Actual Startup Time": 0.007,
                      "Actual Total Time": 0.008,
                      "Actual Rows": 0,
                      "Actual Loops": 7725,
                      "Index Cond": "(movie_id = t.id)",
                      "Rows Removed by Index Recheck": 0,
                      "Filter": "(info_type_id > 16)",
                      "Rows Removed by Filter": 4
                    }
                  ]
                }
              ]
            }
          ]
        }
      ]
    },
    "Planning Time": 1.296,
    "Triggers": [],
    "Execution Time": 45.615
  }
]