[
  {
    "Bao": {
      "Bao prediction": 576.357,
      "Bao recommended hint": "SET enable_nestloop TO off; "
    }
  },
  {
    "Plan": {
      "Node Type": "Aggregate",
      "Strategy": "Plain",
      "Partial Mode": "Finalize",
      "Parallel Aware": false,
      "Startup Cost": 345521.34,
      "Total Cost": 345521.35,
      "Plan Rows": 1,
      "Plan Width": 64,
      "Actual Startup Time": 845.316,
      "Actual Total Time": 892.605,
      "Actual Rows": 1,
      "Actual Loops": 1,
      "Plans": [
        {
          "Node Type": "Gather",
          "Parent Relationship": "Outer",
          "Parallel Aware": false,
          "Startup Cost": 345521.01,
          "Total Cost": 345521.32,
          "Plan Rows": 3,
          "Plan Width": 64,
          "Actual Startup Time": 844.82,
          "Actual Total Time": 892.593,
          "Actual Rows": 4,
          "Actual Loops": 1,
          "Workers Planned": 3,
          "Workers Launched": 3,
          "Single Copy": false,
          "Plans": [
            {
              "Node Type": "Aggregate",
              "Strategy": "Plain",
              "Partial Mode": "Partial",
              "Parent Relationship": "Outer",
              "Parallel Aware": false,
              "Startup Cost": 344521.01,
              "Total Cost": 344521.02,
              "Plan Rows": 1,
              "Plan Width": 64,
              "Actual Startup Time": 831.329,
              "Actual Total Time": 831.36,
              "Actual Rows": 1,
              "Actual Loops": 4,
              "Plans": [
                {
                  "Node Type": "Hash Join",
                  "Parent Relationship": "Outer",
                  "Parallel Aware": false,
                  "Join Type": "Inner",
                  "Startup Cost": 300001.15,
                  "Total Cost": 344520.99,
                  "Plan Rows": 4,
                  "Plan Width": 60,
                  "Actual Startup Time": 831.322,
                  "Actual Total Time": 831.353,
                  "Actual Rows": 0,
                  "Actual Loops": 4,
                  "Inner Unique": true,
                  "Hash Cond": "(mk.keyword_id = k.id)",
                  "Plans": [
                    {
                      "Node Type": "Hash Join",
                      "Parent Relationship": "Outer",
                      "Parallel Aware": true,
                      "Join Type": "Inner",
                      "Startup Cost": 296033.33,
                      "Total Cost": 340553.16,
                      "Plan Rows": 4,
                      "Plan Width": 64,
                      "Actual Startup Time": 763.232,
                      "Actual Total Time": 763.262,
                      "Actual Rows": 0,
                      "Actual Loops": 4,
                      "Inner Unique": false,
                      "Hash Cond": "(mk.movie_id = t.id)",
                      "Plans": [
                        {
                          "Node Type": "Seq Scan",
                          "Parent Relationship": "Outer",
                          "Parallel Aware": true,
                          "Relation Name": "movie_keyword",
                          "Alias": "mk",
                          "Startup Cost": 0.0,
                          "Total Cost": 39047.32,
                          "Plan Rows": 1459332,
                          "Plan Width": 8,
                          "Actual Startup Time": 0.0,
                          "Actual Total Time": 0.0,
                          "Actual Rows": 0,
                          "Actual Loops": 0
                        },
                        {
                          "Node Type": "Hash",
                          "Parent Relationship": "Inner",
                          "Parallel Aware": true,
                          "Startup Cost": 296033.32,
                          "Total Cost": 296033.32,
                          "Plan Rows": 1,
                          "Plan Width": 76,
                          "Actual Startup Time": 763.11,
                          "Actual Total Time": 763.138,
                          "Actual Rows": 0,
                          "Actual Loops": 4,
                          "Hash Buckets": 1024,
                          "Original Hash Buckets": 1024,
                          "Hash Batches": 1,
                          "Original Hash Batches": 1,
                          "Peak Memory Usage": 0,
                          "Plans": [
                            {
                              "Node Type": "Hash Join",
                              "Parent Relationship": "Outer",
                              "Parallel Aware": true,
                              "Join Type": "Inner",
                              "Startup Cost": 251236.87,
                              "Total Cost": 296033.32,
                              "Plan Rows": 1,
                              "Plan Width": 76,
                              "Actual Startup Time": 763.021,
                              "Actual Total Time": 763.043,
                              "Actual Rows": 0,
                              "Actual Loops": 4,
                              "Inner Unique": false,
                              "Hash Cond": "(t.id = at.movie_id)",
                              "Plans": [
                                {
                                  "Node Type": "Seq Scan",
                                  "Parent Relationship": "Outer",
                                  "Parallel Aware": true,
                                  "Relation Name": "title",
                                  "Alias": "t",
                                  "Startup Cost": 0.0,
                                  "Total Cost": 43898.97,
                                  "Plan Rows": 239322,
                                  "Plan Width": 21,
                                  "Actual Startup Time": 0.014,
                                  "Actual Total Time": 105.65,
                                  "Actual Rows": 242797,
                                  "Actual Loops": 4,
                                  "Filter": "(production_year < 1999)",
                                  "Rows Removed by Filter": 389281
                                },
                                {
                                  "Node Type": "Hash",
                                  "Parent Relationship": "Inner",
                                  "Parallel Aware": true,
                                  "Startup Cost": 251236.86,
                                  "Total Cost": 251236.86,
                                  "Plan Rows": 1,
                                  "Plan Width": 55,
                                  "Actual Startup Time": 639.233,
                                  "Actual Total Time": 639.252,
                                  "Actual Rows": 18,
                                  "Actual Loops": 4,
                                  "Hash Buckets": 1024,
                                  "Original Hash Buckets": 1024,
                                  "Hash Batches": 1,
                                  "Original Hash Batches": 1,
                                  "Peak Memory Usage": 136,
                                  "Plans": [
                                    {
                                      "Node Type": "Hash Join",
                                      "Parent Relationship": "Outer",
                                      "Parallel Aware": false,
                                      "Join Type": "Inner",
                                      "Startup Cost": 246326.31,
                                      "Total Cost": 251236.86,
                                      "Plan Rows": 1,
                                      "Plan Width": 55,
                                      "Actual Startup Time": 627.177,
                                      "Actual Total Time": 639.176,
                                      "Actual Rows": 18,
                                      "Actual Loops": 4,
                                      "Inner Unique": true,
                                      "Hash Cond": "(mc.company_type_id = ct.id)",
                                      "Plans": [
                                        {
                                          "Node Type": "Hash Join",
                                          "Parent Relationship": "Outer",
                                          "Parallel Aware": true,
                                          "Join Type": "Inner",
                                          "Startup Cost": 246325.22,
                                          "Total Cost": 251235.77,
                                          "Plan Rows": 1,
                                          "Plan Width": 59,
                                          "Actual Startup Time": 627.117,
                                          "Actual Total Time": 639.108,
                                          "Actual Rows": 18,
                                          "Actual Loops": 4,
                                          "Inner Unique": false,
                                          "Hash Cond": "(cn.id = mc.company_id)",
                                          "Plans": [
                                            {
                                              "Node Type": "Seq Scan",
                                              "Parent Relationship": "Outer",
                                              "Parallel Aware": true,
                                              "Relation Name": "company_name",
                                              "Alias": "cn",
                                              "Startup Cost": 0.0,
                                              "Total Cost": 4722.92,
                                              "Plan Rows": 50031,
                                              "Plan Width": 4,
                                              "Actual Startup Time": 0.025,
                                              "Actual Total Time": 11.082,
                                              "Actual Rows": 21211,
                                              "Actual Loops": 4,
                                              "Filter": "((country_code)::text = '[us]'::text)",
                                              "Rows Removed by Filter": 37538
                                            },
                                            {
                                              "Node Type": "Hash",
                                              "Parent Relationship": "Inner",
                                              "Parallel Aware": true,
                                              "Startup Cost": 246325.21,
                                              "Total Cost": 246325.21,
                                              "Plan Rows": 1,
                                              "Plan Width": 63,
                                              "Actual Startup Time": 626.262,
                                              "Actual Total Time": 626.276,
                                              "Actual Rows": 19,
                                              "Actual Loops": 4,
                                              "Hash Buckets": 1024,
                                              "Original Hash Buckets": 1024,
                                              "Hash Batches": 1,
                                              "Original Hash Batches": 1,
                                              "Peak Memory Usage": 136,
                                              "Plans": [
                                                {
                                                  "Node Type": "Hash Join",
                                                  "Parent Relationship": "Outer",
                                                  "Parallel Aware": true,
                                                  "Join Type": "Inner",
                                                  "Startup Cost": 214886.02,
                                                  "Total Cost": 246325.21,
                                                  "Plan Rows": 1,
                                                  "Plan Width": 63,
                                                  "Actual Startup Time": 533.11,
                                                  "Actual Total Time": 626.181,
                                                  "Actual Rows": 19,
                                                  "Actual Loops": 4,
                                                  "Inner Unique": false,
                                                  "Hash Cond": "(mc.movie_id = at.movie_id)",
                                                  "Plans": [
                                                    {
                                                      "Node Type": "Seq Scan",
                                                      "Parent Relationship": "Outer",
                                                      "Parallel Aware": true,
                                                      "Relation Name": "movie_companies",
                                                      "Alias": "mc",
                                                      "Startup Cost": 0.0,
                                                      "Total Cost": 31414.82,
                                                      "Plan Rows": 6496,
                                                      "Plan Width": 12,
                                                      "Actual Startup Time": 0.05,
                                                      "Actual Total Time": 100.196,
                                                      "Actual Rows": 15416,
                                                      "Actual Loops": 4,
                                                      "Filter": "((note ~~ '%(200%)%'::text) AND (note ~~ '%(worldwide)%'::text))",
                                                      "Rows Removed by Filter": 636866
                                                    },
                                                    {
                                                      "Node Type": "Hash",
                                                      "Parent Relationship": "Inner",
                                                      "Parallel Aware": true,
                                                      "Startup Cost": 214886.01,
                                                      "Total Cost": 214886.01,
                                                      "Plan Rows": 1,
                                                      "Plan Width": 51,
                                                      "Actual Startup Time": 524.09,
                                                      "Actual Total Time": 524.1,
                                                      "Actual Rows": 29,
                                                      "Actual Loops": 4,
                                                      "Hash Buckets": 1024,
                                                      "Original Hash Buckets": 1024,
                                                      "Hash Batches": 1,
                                                      "Original Hash Batches": 1,
                                                      "Peak Memory Usage": 136,
                                                      "Plans": [
                                                        {
                                                          "Node Type": "Hash Join",
                                                          "Parent Relationship": "Outer",
                                                          "Parallel Aware": true,
                                                          "Join Type": "Inner",
                                                          "Startup Cost": 206623.07,
                                                          "Total Cost": 214886.01,
                                                          "Plan Rows": 1,
                                                          "Plan Width": 51,
                                                          "Actual Startup Time": 494.298,
                                                          "Actual Total Time": 523.939,
                                                          "Actual Rows": 29,
                                                          "Actual Loops": 4,
                                                          "Inner Unique": false,
                                                          "Hash Cond": "(at.movie_id = mi.movie_id)",
                                                          "Plans": [
                                                            {
                                                              "Node Type": "Seq Scan",
                                                              "Parent Relationship": "Outer",
                                                              "Parallel Aware": true,
                                                              "Relation Name": "aka_title",
                                                              "Alias": "at",
                                                              "Startup Cost": 0.0,
                                                              "Total Cost": 7698.13,
                                                              "Plan Rows": 150613,
                                                              "Plan Width": 4,
                                                              "Actual Startup Time": 0.024,
                                                              "Actual Total Time": 19.18,
                                                              "Actual Rows": 90368,
                                                              "Actual Loops": 4
                                                            },
                                                            {
                                                              "Node Type": "Hash",
                                                              "Parent Relationship": "Inner",
                                                              "Parallel Aware": true,
                                                              "Startup Cost": 206623.06,
                                                              "Total Cost": 206623.06,
                                                              "Plan Rows": 1,
                                                              "Plan Width": 47,
                                                              "Actual Startup Time": 493.898,
                                                              "Actual Total Time": 493.902,
                                                              "Actual Rows": 443,
                                                              "Actual Loops": 4,
                                                              "Hash Buckets": 1024,
                                                              "Original Hash Buckets": 1024,
                                                              "Hash Batches": 1,
                                                              "Original Hash Batches": 1,
                                                              "Peak Memory Usage": 136,
                                                              "Plans": [
                                                                {
                                                                  "Node Type": "Hash Join",
                                                                  "Parent Relationship": "Outer",
                                                                  "Parallel Aware": false,
                                                                  "Join Type": "Inner",
                                                                  "Startup Cost": 2.43,
                                                                  "Total Cost": 206623.06,
                                                                  "Plan Rows": 1,
                                                                  "Plan Width": 47,
                                                                  "Actual Startup Time": 123.911,
                                                                  "Actual Total Time": 493.546,
                                                                  "Actual Rows": 443,
                                                                  "Actual Loops": 4,
                                                                  "Inner Unique": true,
                                                                  "Hash Cond": "(mi.info_type_id = it1.id)",
                                                                  "Plans": [
                                                                    {
                                                                      "Node Type": "Seq Scan",
                                                                      "Parent Relationship": "Outer",
                                                                      "Parallel Aware": true,
                                                                      "Relation Name": "movie_info",
                                                                      "Alias": "mi",
                                                                      "Startup Cost": 0.0,
                                                                      "Total Cost": 206620.5,
                                                                      "Plan Rows": 50,
                                                                      "Plan Width": 51,
                                                                      "Actual Startup Time": 123.815,
                                                                      "Actual Total Time": 493.223,
                                                                      "Actual Rows": 443,
                                                                      "Actual Loops": 4,
                                                                      "Filter": "((note ~~ '%internet%'::text) AND (info ~~ 'USA:% 200%'::text))",
                                                                      "Rows Removed by Filter": 3708487
                                                                    },
                                                                    {
                                                                      "Node Type": "Hash",
                                                                      "Parent Relationship": "Inner",
                                                                      "Parallel Aware": false,
                                                                      "Startup Cost": 2.41,
                                                                      "Total Cost": 2.41,
                                                                      "Plan Rows": 1,
                                                                      "Plan Width": 4,
                                                                      "Actual Startup Time": 0.046,
                                                                      "Actual Total Time": 0.047,
                                                                      "Actual Rows": 1,
                                                                      "Actual Loops": 4,
                                                                      "Hash Buckets": 1024,
                                                                      "Original Hash Buckets": 1024,
                                                                      "Hash Batches": 1,
                                                                      "Original Hash Batches": 1,
                                                                      "Peak Memory Usage": 9,
                                                                      "Plans": [
                                                                        {
                                                                          "Node Type": "Seq Scan",
                                                                          "Parent Relationship": "Outer",
                                                                          "Parallel Aware": false,
                                                                          "Relation Name": "info_type",
                                                                          "Alias": "it1",
                                                                          "Startup Cost": 0.0,
                                                                          "Total Cost": 2.41,
                                                                          "Plan Rows": 1,
                                                                          "Plan Width": 4,
                                                                          "Actual Startup Time": 0.03,
                                                                          "Actual Total Time": 0.037,
                                                                          "Actual Rows": 1,
                                                                          "Actual Loops": 4,
                                                                          "Filter": "((info)::text = 'release dates'::text)",
                                                                          "Rows Removed by Filter": 112
                                                                        }
                                                                      ]
                                                                    }
                                                                  ]
                                                                }
                                                              ]
                                                            }
                                                          ]
                                                        }
                                                      ]
                                                    }
                                                  ]
                                                }
                                              ]
                                            }
                                          ]
                                        },
                                        {
                                          "Node Type": "Hash",
                                          "Parent Relationship": "Inner",
                                          "Parallel Aware": false,
                                          "Startup Cost": 1.04,
                                          "Total Cost": 1.04,
                                          "Plan Rows": 4,
                                          "Plan Width": 4,
                                          "Actual Startup Time": 0.033,
                                          "Actual Total Time": 0.034,
                                          "Actual Rows": 4,
                                          "Actual Loops": 4,
                                          "Hash Buckets": 1024,
                                          "Original Hash Buckets": 1024,
                                          "Hash Batches": 1,
                                          "Original Hash Batches": 1,
                                          "Peak Memory Usage": 9,
                                          "Plans": [
                                            {
                                              "Node Type": "Seq Scan",
                                              "Parent Relationship": "Outer",
                                              "Parallel Aware": false,
                                              "Relation Name": "company_type",
                                              "Alias": "ct",
                                              "Startup Cost": 0.0,
                                              "Total Cost": 1.04,
                                              "Plan Rows": 4,
                                              "Plan Width": 4,
                                              "Actual Startup Time": 0.026,
                                              "Actual Total Time": 0.028,
                                              "Actual Rows": 4,
                                              "Actual Loops": 4
                                            }
                                          ]
                                        }
                                      ]
                                    }
                                  ]
                                }
                              ]
                            }
                          ]
                        }
                      ]
                    },
                    {
                      "Node Type": "Hash",
                      "Parent Relationship": "Inner",
                      "Parallel Aware": false,
                      "Startup Cost": 2290.7,
                      "Total Cost": 2290.7,
                      "Plan Rows": 134170,
                      "Plan Width": 4,
                      "Actual Startup Time": 64.314,
                      "Actual Total Time": 64.315,
                      "Actual Rows": 134170,
                      "Actual Loops": 4,
                      "Hash Buckets": 262144,
                      "Original Hash Buckets": 262144,
                      "Hash Batches": 1,
                      "Original Hash Batches": 1,
                      "Peak Memory Usage": 6765,
                      "Plans": [
                        {
                          "Node Type": "Seq Scan",
                          "Parent Relationship": "Outer",
                          "Parallel Aware": false,
                          "Relation Name": "keyword",
                          "Alias": "k",
                          "Startup Cost": 0.0,
                          "Total Cost": 2290.7,
                          "Plan Rows": 134170,
                          "Plan Width": 4,
                          "Actual Startup Time": 0.081,
                          "Actual Total Time": 28.692,
                          "Actual Rows": 134170,
                          "Actual Loops": 4
                        }
                      ]
                    }
                  ]
                }
              ]
            }
          ]
        }
      ]
    },
    "Planning Time": 443.079,
    "Triggers": [],
    "Execution Time": 894.016
  }
]