[
  {
    "Plan": {
      "Node Type": "Aggregate",
      "Strategy": "Plain",
      "Partial Mode": "Finalize",
      "Parallel Aware": false,
      "Startup Cost": 46491.41,
      "Total Cost": 46491.42,
      "Plan Rows": 1,
      "Plan Width": 8,
      "Actual Startup Time": 90.749,
      "Actual Total Time": 101.979,
      "Actual Rows": 1,
      "Actual Loops": 1,
      "Plans": [
        {
          "Node Type": "Gather",
          "Parent Relationship": "Outer",
          "Parallel Aware": false,
          "Startup Cost": 46490.99,
          "Total Cost": 46491.4,
          "Plan Rows": 4,
          "Plan Width": 8,
          "Actual Startup Time": 90.474,
          "Actual Total Time": 101.969,
          "Actual Rows": 5,
          "Actual Loops": 1,
          "Workers Planned": 4,
          "Workers Launched": 4,
          "Single Copy": false,
          "Plans": [
            {
              "Node Type": "Aggregate",
              "Strategy": "Plain",
              "Partial Mode": "Partial",
              "Parent Relationship": "Outer",
              "Parallel Aware": false,
              "Startup Cost": 45490.99,
              "Total Cost": 45491.0,
              "Plan Rows": 1,
              "Plan Width": 8,
              "Actual Startup Time": 83.196,
              "Actual Total Time": 83.198,
              "Actual Rows": 1,
              "Actual Loops": 5,
              "Plans": [
                {
                  "Node Type": "Seq Scan",
                  "Parent Relationship": "Outer",
                  "Parallel Aware": true,
                  "Relation Name": "title",
                  "Alias": "t",
                  "Startup Cost": 0.0,
                  "Total Cost": 45479.59,
                  "Plan Rows": 4561,
                  "Plan Width": 0,
                  "Actual Startup Time": 53.734,
                  "Actual Total Time": 83.013,
                  "Actual Rows": 2156,
                  "Actual Loops": 5,
                  "Filter": "((kind_id = 1) AND (production_year = 2003))",
                  "Rows Removed by Filter": 503506
                }
              ]
            }
          ]
        }
      ]
    },
    "Planning Time": 0.194,
    "Triggers": [],
    "Execution Time": 102.059
  }
]