[
  {
    "Plan": {
      "Node Type": "Aggregate",
      "Strategy": "Plain",
      "Partial Mode": "Finalize",
      "Parallel Aware": false,
      "Startup Cost": 46490.49,
      "Total Cost": 46490.5,
      "Plan Rows": 1,
      "Plan Width": 8,
      "Actual Startup Time": 87.598,
      "Actual Total Time": 98.775,
      "Actual Rows": 1,
      "Actual Loops": 1,
      "Plans": [
        {
          "Node Type": "Gather",
          "Parent Relationship": "Outer",
          "Parallel Aware": false,
          "Startup Cost": 46490.07,
          "Total Cost": 46490.48,
          "Plan Rows": 4,
          "Plan Width": 8,
          "Actual Startup Time": 87.305,
          "Actual Total Time": 98.768,
          "Actual Rows": 5,
          "Actual Loops": 1,
          "Workers Planned": 4,
          "Workers Launched": 4,
          "Single Copy": false,
          "Plans": [
            {
              "Node Type": "Aggregate",
              "Strategy": "Plain",
              "Partial Mode": "Partial",
              "Parent Relationship": "Outer",
              "Parallel Aware": false,
              "Startup Cost": 45490.07,
              "Total Cost": 45490.08,
              "Plan Rows": 1,
              "Plan Width": 8,
              "Actual Startup Time": 80.65,
              "Actual Total Time": 80.651,
              "Actual Rows": 1,
              "Actual Loops": 5,
              "Plans": [
                {
                  "Node Type": "Seq Scan",
                  "Parent Relationship": "Outer",
                  "Parallel Aware": true,
                  "Relation Name": "title",
                  "Alias": "t",
                  "Startup Cost": 0.0,
                  "Total Cost": 45479.1,
                  "Plan Rows": 4388,
                  "Plan Width": 0,
                  "Actual Startup Time": 51.96,
                  "Actual Total Time": 80.45,
                  "Actual Rows": 2156,
                  "Actual Loops": 5,
                  "Filter": "((kind_id = 1) AND (production_year = 2003))",
                  "Rows Removed by Filter": 503506
                }
              ]
            }
          ]
        }
      ]
    },
    "Planning Time": 0.158,
    "Triggers": [],
    "Execution Time": 98.829
  }
]