{
  "Plan": {
    "Node Type": "Aggregate",
    "Strategy": "Plain",
    "Partial Mode": "Finalize",
    "Parallel Aware": false,
    "Startup Cost": 190703.32,
    "Total Cost": 190703.33,
    "Plan Rows": 1,
    "Plan Width": 8,
    "Actual Startup Time": 1086.745,
    "Actual Total Time": 1108.292,
    "Actual Rows": 1,
    "Actual Loops": 1,
    "Plans": [
      {
        "Node Type": "Gather",
        "Parent Relationship": "Outer",
        "Parallel Aware": false,
        "Startup Cost": 190703.2,
        "Total Cost": 190703.31,
        "Plan Rows": 1,
        "Plan Width": 8,
        "Actual Startup Time": 1085.457,
        "Actual Total Time": 1108.282,
        "Actual Rows": 2,
        "Actual Loops": 1,
        "Workers Planned": 1,
        "Workers Launched": 1,
        "Single Copy": false,
        "Plans": [
          {
            "Node Type": "Aggregate",
            "Strategy": "Plain",
            "Partial Mode": "Partial",
            "Parent Relationship": "Outer",
            "Parallel Aware": false,
            "Startup Cost": 189703.2,
            "Total Cost": 189703.21,
            "Plan Rows": 1,
            "Plan Width": 8,
            "Actual Startup Time": 1079.278,
            "Actual Total Time": 1079.282,
            "Actual Rows": 1,
            "Actual Loops": 2,
            "Plans": [
              {
                "Node Type": "Nested Loop",
                "Parent Relationship": "Outer",
                "Parallel Aware": false,
                "Join Type": "Inner",
                "Startup Cost": 36373.11,
                "Total Cost": 189589.28,
                "Plan Rows": 45571,
                "Plan Width": 0,
                "Actual Startup Time": 629.092,
                "Actual Total Time": 1073.399,
                "Actual Rows": 103534,
                "Actual Loops": 2,
                "Inner Unique": false,
                "Plans": [
                  {
                    "Node Type": "Merge Join",
                    "Parent Relationship": "Outer",
                    "Parallel Aware": false,
                    "Join Type": "Inner",
                    "Startup Cost": 36372.69,
                    "Total Cost": 145077.95,
                    "Plan Rows": 83487,
                    "Plan Width": 8,
                    "Actual Startup Time": 608.147,
                    "Actual Total Time": 918.648,
                    "Actual Rows": 70825,
                    "Actual Loops": 2,
                    "Inner Unique": false,
                    "Merge Cond": "(t.id = mc.movie_id)",
                    "Plans": [
                      {
                        "Node Type": "Index Scan",
                        "Parent Relationship": "Outer",
                        "Parallel Aware": true,
                        "Scan Direction": "Forward",
                        "Index Name": "title_pkey",
                        "Relation Name": "title",
                        "Alias": "t",
                        "Startup Cost": 0.43,
                        "Total Cost": 103647.43,
                        "Plan Rows": 1440561,
                        "Plan Width": 4,
                        "Actual Startup Time": 0.073,
                        "Actual Total Time": 726.52,
                        "Actual Rows": 1222798,
                        "Actual Loops": 2,
                        "Filter": "(production_year > 1901)",
                        "Rows Removed by Filter": 40130
                      },
                      {
                        "Node Type": "Sort",
                        "Parent Relationship": "Inner",
                        "Parallel Aware": false,
                        "Startup Cost": 36370.1,
                        "Total Cost": 36736.41,
                        "Plan Rows": 146526,
                        "Plan Width": 4,
                        "Actual Startup Time": 85.874,
                        "Actual Total Time": 96.906,
                        "Actual Rows": 143281,
                        "Actual Loops": 2,
                        "Sort Key": [
                          "mc.movie_id"
                        ],
                        "Sort Method": "quicksort",
                        "Sort Space Used": 12861,
                        "Sort Space Type": "Memory",
                        "Workers": [
                          {
                            "Worker Number": 0,
                            "Sort Method": "quicksort",
                            "Sort Space Used": 12861,
                            "Sort Space Type": "Memory"
                          }
                        ],
                        "Plans": [
                          {
                            "Node Type": "Bitmap Heap Scan",
                            "Parent Relationship": "Outer",
                            "Parallel Aware": false,
                            "Relation Name": "movie_companies",
                            "Alias": "mc",
                            "Startup Cost": 3176.01,
                            "Total Cost": 23797.58,
                            "Plan Rows": 146526,
                            "Plan Width": 4,
                            "Actual Startup Time": 19.07,
                            "Actual Total Time": 52.677,
                            "Actual Rows": 143281,
                            "Actual Loops": 2,
                            "Recheck Cond": "(company_id > 134994)",
                            "Rows Removed by Index Recheck": 0,
                            "Exact Heap Blocks": 3833,
                            "Lossy Heap Blocks": 0,
                            "Plans": [
                              {
                                "Node Type": "Bitmap Index Scan",
                                "Parent Relationship": "Outer",
                                "Parallel Aware": false,
                                "Index Name": "company_id_movie_companies",
                                "Startup Cost": 0.0,
                                "Total Cost": 3139.37,
                                "Plan Rows": 146526,
                                "Plan Width": 0,
                                "Actual Startup Time": 18.143,
                                "Actual Total Time": 18.143,
                                "Actual Rows": 143281,
                                "Actual Loops": 2,
                                "Index Cond": "(company_id > 134994)"
                              }
                            ]
                          }
                        ]
                      }
                    ]
                  },
                  {
                    "Node Type": "Index Only Scan",
                    "Parent Relationship": "Inner",
                    "Parallel Aware": false,
                    "Scan Direction": "Forward",
                    "Index Name": "movie_id_movie_info_idx",
                    "Relation Name": "movie_info_idx",
                    "Alias": "mi_idx",
                    "Startup Cost": 0.43,
                    "Total Cost": 0.5,
                    "Plan Rows": 3,
                    "Plan Width": 4,
                    "Actual Startup Time": 0.002,
                    "Actual Total Time": 0.002,
                    "Actual Rows": 1,
                    "Actual Loops": 141650,
                    "Index Cond": "(movie_id = t.id)",
                    "Rows Removed by Index Recheck": 0,
                    "Heap Fetches": 207068
                  }
                ]
              }
            ]
          }
        ]
      }
    ]
  },
  "Planning Time": 1.055,
  "Triggers": [],
  "Execution Time": 1108.409
}