[
  {
    "Plan": {
      "Node Type": "Aggregate",
      "Strategy": "Plain",
      "Partial Mode": "Finalize",
      "Parallel Aware": false,
      "Startup Cost": 30366.94,
      "Total Cost": 30366.95,
      "Plan Rows": 1,
      "Plan Width": 8,
      "Actual Startup Time": 98.777,
      "Actual Total Time": 106.823,
      "Actual Rows": 1,
      "Actual Loops": 1,
      "Plans": [
        {
          "Node Type": "Gather",
          "Parent Relationship": "Outer",
          "Parallel Aware": false,
          "Startup Cost": 30366.62,
          "Total Cost": 30366.93,
          "Plan Rows": 3,
          "Plan Width": 8,
          "Actual Startup Time": 98.384,
          "Actual Total Time": 106.813,
          "Actual Rows": 4,
          "Actual Loops": 1,
          "Workers Planned": 3,
          "Workers Launched": 3,
          "Single Copy": false,
          "Plans": [
            {
              "Node Type": "Aggregate",
              "Strategy": "Plain",
              "Partial Mode": "Partial",
              "Parent Relationship": "Outer",
              "Parallel Aware": false,
              "Startup Cost": 29366.62,
              "Total Cost": 29366.63,
              "Plan Rows": 1,
              "Plan Width": 8,
              "Actual Startup Time": 89.357,
              "Actual Total Time": 89.359,
              "Actual Rows": 1,
              "Actual Loops": 4,
              "Plans": [
                {
                  "Node Type": "Bitmap Heap Scan",
                  "Parent Relationship": "Outer",
                  "Parallel Aware": true,
                  "Relation Name": "movie_keyword",
                  "Alias": "mk",
                  "Startup Cost": 4000.83,
                  "Total Cost": 29214.66,
                  "Plan Rows": 60786,
                  "Plan Width": 0,
                  "Actual Startup Time": 26.123,
                  "Actual Total Time": 85.159,
                  "Actual Rows": 47523,
                  "Actual Loops": 4,
                  "Recheck Cond": "(keyword_id > 70925)",
                  "Rows Removed by Index Recheck": 0,
                  "Exact Heap Blocks": 9052,
                  "Lossy Heap Blocks": 0,
                  "Plans": [
                    {
                      "Node Type": "Bitmap Index Scan",
                      "Parent Relationship": "Outer",
                      "Parallel Aware": false,
                      "Index Name": "keyword_id_movie_keyword",
                      "Startup Cost": 0.0,
                      "Total Cost": 3953.72,
                      "Plan Rows": 188438,
                      "Plan Width": 0,
                      "Actual Startup Time": 29.338,
                      "Actual Total Time": 29.339,
                      "Actual Rows": 190091,
                      "Actual Loops": 1,
                      "Index Cond": "(keyword_id > 70925)"
                    }
                  ]
                }
              ]
            }
          ]
        }
      ]
    },
    "Planning Time": 0.157,
    "Triggers": [],
    "Execution Time": 106.939
  }
]