[
  {
    "Plan": {
      "Node Type": "Aggregate",
      "Strategy": "Plain",
      "Partial Mode": "Finalize",
      "Parallel Aware": false,
      "Startup Cost": 140628.21,
      "Total Cost": 140628.22,
      "Plan Rows": 1,
      "Plan Width": 8,
      "Actual Startup Time": 1438.026,
      "Actual Total Time": 1470.496,
      "Actual Rows": 1,
      "Actual Loops": 1,
      "Plans": [
        {
          "Node Type": "Gather",
          "Parent Relationship": "Outer",
          "Parallel Aware": false,
          "Startup Cost": 140627.9,
          "Total Cost": 140628.21,
          "Plan Rows": 3,
          "Plan Width": 8,
          "Actual Startup Time": 1424.884,
          "Actual Total Time": 1470.477,
          "Actual Rows": 4,
          "Actual Loops": 1,
          "Workers Planned": 3,
          "Workers Launched": 3,
          "Single Copy": false,
          "Plans": [
            {
              "Node Type": "Aggregate",
              "Strategy": "Plain",
              "Partial Mode": "Partial",
              "Parent Relationship": "Outer",
              "Parallel Aware": false,
              "Startup Cost": 139627.9,
              "Total Cost": 139627.91,
              "Plan Rows": 1,
              "Plan Width": 8,
              "Actual Startup Time": 1413.007,
              "Actual Total Time": 1414.32,
              "Actual Rows": 1,
              "Actual Loops": 4,
              "Plans": [
                {
                  "Node Type": "Hash Join",
                  "Parent Relationship": "Outer",
                  "Parallel Aware": true,
                  "Join Type": "Inner",
                  "Startup Cost": 105019.43,
                  "Total Cost": 137774.13,
                  "Plan Rows": 741506,
                  "Plan Width": 0,
                  "Actual Startup Time": 746.329,
                  "Actual Total Time": 1233.99,
                  "Actual Rows": 4431064,
                  "Actual Loops": 4,
                  "Inner Unique": false,
                  "Hash Cond": "(mc.movie_id = t.id)",
                  "Plans": [
                    {
                      "Node Type": "Seq Scan",
                      "Parent Relationship": "Outer",
                      "Parallel Aware": true,
                      "Relation Name": "movie_companies",
                      "Alias": "mc",
                      "Startup Cost": 0.0,
                      "Total Cost": 27206.55,
                      "Plan Rows": 841655,
                      "Plan Width": 4,
                      "Actual Startup Time": 0.014,
                      "Actual Total Time": 55.186,
                      "Actual Rows": 652282,
                      "Actual Loops": 4
                    },
                    {
                      "Node Type": "Hash",
                      "Parent Relationship": "Inner",
                      "Parallel Aware": true,
                      "Startup Cost": 96037.32,
                      "Total Cost": 96037.32,
                      "Plan Rows": 718569,
                      "Plan Width": 8,
                      "Actual Startup Time": 738.051,
                      "Actual Total Time": 739.358,
                      "Actual Rows": 586950,
                      "Actual Loops": 4,
                      "Hash Buckets": 4194304,
                      "Original Hash Buckets": 4194304,
                      "Hash Batches": 1,
                      "Original Hash Batches": 1,
                      "Peak Memory Usage": 124672,
                      "Plans": [
                        {
                          "Node Type": "Hash Join",
                          "Parent Relationship": "Outer",
                          "Parallel Aware": true,
                          "Join Type": "Inner",
                          "Startup Cost": 51338.15,
                          "Total Cost": 96037.32,
                          "Plan Rows": 718569,
                          "Plan Width": 8,
                          "Actual Startup Time": 355.973,
                          "Actual Total Time": 592.352,
                          "Actual Rows": 586950,
                          "Actual Loops": 4,
                          "Inner Unique": true,
                          "Hash Cond": "(mk.movie_id = t.id)",
                          "Plans": [
                            {
                              "Node Type": "Seq Scan",
                              "Parent Relationship": "Outer",
                              "Parallel Aware": true,
                              "Relation Name": "movie_keyword",
                              "Alias": "mk",
                              "Startup Cost": 0.0,
                              "Total Cost": 42695.65,
                              "Plan Rows": 763245,
                              "Plan Width": 4,
                              "Actual Startup Time": 0.035,
                              "Actual Total Time": 110.736,
                              "Actual Rows": 595106,
                              "Actual Loops": 4,
                              "Filter": "(keyword_id < 5457)",
                              "Rows Removed by Filter": 535876
                            },
                            {
                              "Node Type": "Hash",
                              "Parent Relationship": "Inner",
                              "Parallel Aware": true,
                              "Startup Cost": 43899.32,
                              "Total Cost": 43899.32,
                              "Plan Rows": 595106,
                              "Plan Width": 4,
                              "Actual Startup Time": 349.312,
                              "Actual Total Time": 349.313,
                              "Actual Rows": 594588,
                              "Actual Loops": 4,
                              "Hash Buckets": 4194304,
                              "Original Hash Buckets": 4194304,
                              "Hash Batches": 1,
                              "Original Hash Batches": 1,
                              "Peak Memory Usage": 125888,
                              "Plans": [
                                {
                                  "Node Type": "Seq Scan",
                                  "Parent Relationship": "Outer",
                                  "Parallel Aware": true,
                                  "Relation Name": "title",
                                  "Alias": "t",
                                  "Startup Cost": 0.0,
                                  "Total Cost": 43899.32,
                                  "Plan Rows": 595106,
                                  "Plan Width": 4,
                                  "Actual Startup Time": 0.072,
                                  "Actual Total Time": 111.546,
                                  "Actual Rows": 594588,
                                  "Actual Loops": 4,
                                  "Filter": "(production_year > 1917)",
                                  "Rows Removed by Filter": 37490
                                }
                              ]
                            }
                          ]
                        }
                      ]
                    }
                  ]
                }
              ]
            }
          ]
        }
      ]
    },
    "Planning Time": 0.879,
    "Triggers": [],
    "Execution Time": 1470.545
  }
]