[
  {
    "Plan": {
      "Node Type": "Aggregate",
      "Strategy": "Plain",
      "Partial Mode": "Finalize",
      "Parallel Aware": false,
      "Startup Cost": 106830.72,
      "Total Cost": 106830.73,
      "Plan Rows": 1,
      "Plan Width": 8,
      "Actual Startup Time": 975.888,
      "Actual Total Time": 996.989,
      "Actual Rows": 1,
      "Actual Loops": 1,
      "Plans": [
        {
          "Node Type": "Gather",
          "Parent Relationship": "Outer",
          "Parallel Aware": false,
          "Startup Cost": 106830.5,
          "Total Cost": 106830.71,
          "Plan Rows": 2,
          "Plan Width": 8,
          "Actual Startup Time": 968.158,
          "Actual Total Time": 996.981,
          "Actual Rows": 3,
          "Actual Loops": 1,
          "Workers Planned": 2,
          "Workers Launched": 2,
          "Single Copy": false,
          "Plans": [
            {
              "Node Type": "Aggregate",
              "Strategy": "Plain",
              "Partial Mode": "Partial",
              "Parent Relationship": "Outer",
              "Parallel Aware": false,
              "Startup Cost": 105830.5,
              "Total Cost": 105830.51,
              "Plan Rows": 1,
              "Plan Width": 8,
              "Actual Startup Time": 963.3,
              "Actual Total Time": 963.307,
              "Actual Rows": 1,
              "Actual Loops": 3,
              "Plans": [
                {
                  "Node Type": "Hash Join",
                  "Parent Relationship": "Outer",
                  "Parallel Aware": true,
                  "Join Type": "Inner",
                  "Startup Cost": 89689.04,
                  "Total Cost": 105699.51,
                  "Plan Rows": 52395,
                  "Plan Width": 0,
                  "Actual Startup Time": 747.045,
                  "Actual Total Time": 908.9,
                  "Actual Rows": 929673,
                  "Actual Loops": 3,
                  "Inner Unique": false,
                  "Hash Cond": "(mi_idx.movie_id = t.id)",
                  "Plans": [
                    {
                      "Node Type": "Seq Scan",
                      "Parent Relationship": "Outer",
                      "Parallel Aware": true,
                      "Relation Name": "movie_info_idx",
                      "Alias": "mi_idx",
                      "Startup Cost": 0.0,
                      "Total Cost": 13685.15,
                      "Plan Rows": 575015,
                      "Plan Width": 4,
                      "Actual Startup Time": 0.018,
                      "Actual Total Time": 51.16,
                      "Actual Rows": 460012,
                      "Actual Loops": 3
                    },
                    {
                      "Node Type": "Hash",
                      "Parent Relationship": "Inner",
                      "Parallel Aware": true,
                      "Startup Cost": 88760.05,
                      "Total Cost": 88760.05,
                      "Plan Rows": 74319,
                      "Plan Width": 8,
                      "Actual Startup Time": 698.307,
                      "Actual Total Time": 698.312,
                      "Actual Rows": 365634,
                      "Actual Loops": 3,
                      "Hash Buckets": 2097152,
                      "Original Hash Buckets": 262144,
                      "Hash Batches": 1,
                      "Original Hash Batches": 1,
                      "Peak Memory Usage": 73664,
                      "Plans": [
                        {
                          "Node Type": "Hash Join",
                          "Parent Relationship": "Outer",
                          "Parallel Aware": true,
                          "Join Type": "Inner",
                          "Startup Cost": 45881.97,
                          "Total Cost": 88760.05,
                          "Plan Rows": 74319,
                          "Plan Width": 8,
                          "Actual Startup Time": 225.726,
                          "Actual Total Time": 536.159,
                          "Actual Rows": 365634,
                          "Actual Loops": 3,
                          "Inner Unique": true,
                          "Hash Cond": "(mk.movie_id = t.id)",
                          "Plans": [
                            {
                              "Node Type": "Seq Scan",
                              "Parent Relationship": "Outer",
                              "Parallel Aware": true,
                              "Relation Name": "movie_keyword",
                              "Alias": "mk",
                              "Startup Cost": 0.0,
                              "Total Cost": 39047.32,
                              "Plan Rows": 1459332,
                              "Plan Width": 4,
                              "Actual Startup Time": 0.028,
                              "Actual Total Time": 150.69,
                              "Actual Rows": 1507977,
                              "Actual Loops": 3
                            },
                            {
                              "Node Type": "Hash",
                              "Parent Relationship": "Inner",
                              "Parallel Aware": true,
                              "Startup Cost": 45479.59,
                              "Total Cost": 45479.59,
                              "Plan Rows": 32191,
                              "Plan Width": 4,
                              "Actual Startup Time": 169.531,
                              "Actual Total Time": 169.533,
                              "Actual Rows": 89912,
                              "Actual Loops": 3,
                              "Hash Buckets": 524288,
                              "Original Hash Buckets": 131072,
                              "Hash Batches": 1,
                              "Original Hash Batches": 1,
                              "Peak Memory Usage": 17760,
                              "Plans": [
                                {
                                  "Node Type": "Seq Scan",
                                  "Parent Relationship": "Outer",
                                  "Parallel Aware": true,
                                  "Relation Name": "title",
                                  "Alias": "t",
                                  "Startup Cost": 0.0,
                                  "Total Cost": 45479.59,
                                  "Plan Rows": 32191,
                                  "Plan Width": 4,
                                  "Actual Startup Time": 67.749,
                                  "Actual Total Time": 127.266,
                                  "Actual Rows": 89912,
                                  "Actual Loops": 3,
                                  "Filter": "((production_year < 1980) AND (kind_id = 1))",
                                  "Rows Removed by Filter": 752859
                                }
                              ]
                            }
                          ]
                        }
                      ]
                    }
                  ]
                }
              ]
            }
          ]
        }
      ]
    },
    "Planning Time": 1.309,
    "Triggers": [],
    "Execution Time": 997.04
  }
]