[
    {
        "Bao": {
            "Bao prediction": "NaN",
            "Bao recommended hint": "(no hint)"
        }
    },
    {
        "Plan": {
            "Node Type": "Aggregate",
            "Strategy": "Plain",
            "Partial Mode": "Finalize",
            "Parallel Aware": false,
            "Startup Cost": 33436.76,
            "Total Cost": 33436.77,
            "Plan Rows": 1,
            "Plan Width": 8,
            "Actual Startup Time": 96.635,
            "Actual Total Time": 100.668,
            "Actual Rows": 1,
            "Actual Loops": 1,
            "Output": [
                "count(*)"
            ],
            "Plans": [
                {
                    "Node Type": "Gather",
                    "Parent Relationship": "Outer",
                    "Parallel Aware": false,
                    "Startup Cost": 33436.44,
                    "Total Cost": 33436.75,
                    "Plan Rows": 3,
                    "Plan Width": 8,
                    "Actual Startup Time": 96.545,
                    "Actual Total Time": 100.661,
                    "Actual Rows": 4,
                    "Actual Loops": 1,
                    "Output": [
                        "(PARTIAL count(*))"
                    ],
                    "Workers Planned": 3,
                    "Workers Launched": 3,
                    "Single Copy": false,
                    "Plans": [
                        {
                            "Node Type": "Aggregate",
                            "Strategy": "Plain",
                            "Partial Mode": "Partial",
                            "Parent Relationship": "Outer",
                            "Parallel Aware": false,
                            "Startup Cost": 32436.44,
                            "Total Cost": 32436.45,
                            "Plan Rows": 1,
                            "Plan Width": 8,
                            "Actual Startup Time": 88.684,
                            "Actual Total Time": 88.685,
                            "Actual Rows": 1,
                            "Actual Loops": 4,
                            "Output": [
                                "PARTIAL count(*)"
                            ],
                            "Workers": [
                                {
                                    "Worker Number": 0,
                                    "Actual Startup Time": 85.911,
                                    "Actual Total Time": 85.912,
                                    "Actual Rows": 1,
                                    "Actual Loops": 1
                                },
                                {
                                    "Worker Number": 1,
                                    "Actual Startup Time": 86.168,
                                    "Actual Total Time": 86.169,
                                    "Actual Rows": 1,
                                    "Actual Loops": 1
                                },
                                {
                                    "Worker Number": 2,
                                    "Actual Startup Time": 86.4,
                                    "Actual Total Time": 86.4,
                                    "Actual Rows": 1,
                                    "Actual Loops": 1
                                }
                            ],
                            "Plans": [
                                {
                                    "Node Type": "Seq Scan",
                                    "Parent Relationship": "Outer",
                                    "Parallel Aware": true,
                                    "Relation Name": "movie_companies",
                                    "Schema": "public",
                                    "Alias": "mc",
                                    "Startup Cost": 0.0,
                                    "Total Cost": 31414.82,
                                    "Plan Rows": 408650,
                                    "Plan Width": 0,
                                    "Actual Startup Time": 42.222,
                                    "Actual Total Time": 76.548,
                                    "Actual Rows": 301984,
                                    "Actual Loops": 4,
                                    "Output": [
                                        "id",
                                        "movie_id",
                                        "company_id",
                                        "company_type_id",
                                        "note"
                                    ],
                                    "Filter": "((mc.company_id < 142763) AND (mc.company_type_id > 1))",
                                    "Rows Removed by Filter": 350298,
                                    "Workers": [
                                        {
                                            "Worker Number": 0,
                                            "Actual Startup Time": 39.452,
                                            "Actual Total Time": 74.099,
                                            "Actual Rows": 292490,
                                            "Actual Loops": 1
                                        },
                                        {
                                            "Worker Number": 1,
                                            "Actual Startup Time": 39.71,
                                            "Actual Total Time": 74.378,
                                            "Actual Rows": 291857,
                                            "Actual Loops": 1
                                        },
                                        {
                                            "Worker Number": 2,
                                            "Actual Startup Time": 39.935,
                                            "Actual Total Time": 74.545,
                                            "Actual Rows": 294494,
                                            "Actual Loops": 1
                                        }
                                    ]
                                }
                            ]
                        }
                    ]
                }
            ]
        },
        "Planning Time": 199.982,
        "Triggers": [],
        "Execution Time": 100.712
    }
]