[
  {
    "Plan": {
      "Node Type": "Aggregate",
      "Strategy": "Plain",
      "Partial Mode": "Finalize",
      "Parallel Aware": false,
      "Startup Cost": 70375.24,
      "Total Cost": 70375.25,
      "Plan Rows": 1,
      "Plan Width": 8,
      "Actual Startup Time": 215.26,
      "Actual Total Time": 234.976,
      "Actual Rows": 1,
      "Actual Loops": 1,
      "Plans": [
        {
          "Node Type": "Gather",
          "Parent Relationship": "Outer",
          "Parallel Aware": false,
          "Startup Cost": 70375.03,
          "Total Cost": 70375.24,
          "Plan Rows": 2,
          "Plan Width": 8,
          "Actual Startup Time": 215.013,
          "Actual Total Time": 234.968,
          "Actual Rows": 3,
          "Actual Loops": 1,
          "Workers Planned": 2,
          "Workers Launched": 2,
          "Single Copy": false,
          "Plans": [
            {
              "Node Type": "Aggregate",
              "Strategy": "Plain",
              "Partial Mode": "Partial",
              "Parent Relationship": "Outer",
              "Parallel Aware": false,
              "Startup Cost": 69375.03,
              "Total Cost": 69375.04,
              "Plan Rows": 1,
              "Plan Width": 8,
              "Actual Startup Time": 206.833,
              "Actual Total Time": 206.836,
              "Actual Rows": 1,
              "Actual Loops": 3,
              "Plans": [
                {
                  "Node Type": "Nested Loop",
                  "Parent Relationship": "Outer",
                  "Parallel Aware": false,
                  "Join Type": "Inner",
                  "Startup Cost": 45632.52,
                  "Total Cost": 69358.65,
                  "Plan Rows": 6553,
                  "Plan Width": 0,
                  "Actual Startup Time": 113.352,
                  "Actual Total Time": 205.163,
                  "Actual Rows": 38759,
                  "Actual Loops": 3,
                  "Inner Unique": false,
                  "Join Filter": "(t.id = mk.movie_id)",
                  "Rows Removed by Join Filter": 0,
                  "Plans": [
                    {
                      "Node Type": "Hash Join",
                      "Parent Relationship": "Outer",
                      "Parallel Aware": true,
                      "Join Type": "Inner",
                      "Startup Cost": 45632.09,
                      "Total Cost": 61252.88,
                      "Plan Rows": 3662,
                      "Plan Width": 8,
                      "Actual Startup Time": 113.271,
                      "Actual Total Time": 169.849,
                      "Actual Rows": 4401,
                      "Actual Loops": 3,
                      "Inner Unique": true,
                      "Hash Cond": "(mi_idx.movie_id = t.id)",
                      "Plans": [
                        {
                          "Node Type": "Seq Scan",
                          "Parent Relationship": "Outer",
                          "Parallel Aware": true,
                          "Relation Name": "movie_info_idx",
                          "Alias": "mi_idx",
                          "Startup Cost": 0.0,
                          "Total Cost": 15122.68,
                          "Plan Rows": 189755,
                          "Plan Width": 4,
                          "Actual Startup Time": 0.011,
                          "Actual Total Time": 39.199,
                          "Actual Rows": 153308,
                          "Actual Loops": 3,
                          "Filter": "(info_type_id < 100)",
                          "Rows Removed by Filter": 306703
                        },
                        {
                          "Node Type": "Hash",
                          "Parent Relationship": "Inner",
                          "Parallel Aware": true,
                          "Startup Cost": 45479.59,
                          "Total Cost": 45479.59,
                          "Plan Rows": 12200,
                          "Plan Width": 4,
                          "Actual Startup Time": 112.056,
                          "Actual Total Time": 112.057,
                          "Actual Rows": 12917,
                          "Actual Loops": 3,
                          "Hash Buckets": 65536,
                          "Original Hash Buckets": 65536,
                          "Hash Batches": 1,
                          "Original Hash Batches": 1,
                          "Peak Memory Usage": 2080,
                          "Plans": [
                            {
                              "Node Type": "Seq Scan",
                              "Parent Relationship": "Outer",
                              "Parallel Aware": true,
                              "Relation Name": "title",
                              "Alias": "t",
                              "Startup Cost": 0.0,
                              "Total Cost": 45479.59,
                              "Plan Rows": 12200,
                              "Plan Width": 4,
                              "Actual Startup Time": 0.189,
                              "Actual Total Time": 107.965,
                              "Actual Rows": 12917,
                              "Actual Loops": 3,
                              "Filter": "((kind_id < 7) AND (production_year = 2008))",
                              "Rows Removed by Filter": 829853
                            }
                          ]
                        }
                      ]
                    },
                    {
                      "Node Type": "Index Only Scan",
                      "Parent Relationship": "Inner",
                      "Parallel Aware": false,
                      "Scan Direction": "Forward",
                      "Index Name": "movie_id_movie_keyword",
                      "Relation Name": "movie_keyword",
                      "Alias": "mk",
                      "Startup Cost": 0.43,
                      "Total Cost": 1.64,
                      "Plan Rows": 46,
                      "Plan Width": 4,
                      "Actual Startup Time": 0.006,
                      "Actual Total Time": 0.007,
                      "Actual Rows": 9,
                      "Actual Loops": 13202,
                      "Index Cond": "(movie_id = mi_idx.movie_id)",
                      "Rows Removed by Index Recheck": 0,
                      "Heap Fetches": 116278
                    }
                  ]
                }
              ]
            }
          ]
        }
      ]
    },
    "Planning Time": 1.345,
    "Triggers": [],
    "Execution Time": 235.067
  }
]