[
  {
    "Plan": {
      "Node Type": "Aggregate",
      "Strategy": "Plain",
      "Partial Mode": "Finalize",
      "Parallel Aware": false,
      "Startup Cost": 152437.86,
      "Total Cost": 152437.87,
      "Plan Rows": 1,
      "Plan Width": 8,
      "Actual Startup Time": 173.9,
      "Actual Total Time": 207.312,
      "Actual Rows": 1,
      "Actual Loops": 1,
      "Plans": [
        {
          "Node Type": "Gather",
          "Parent Relationship": "Outer",
          "Parallel Aware": false,
          "Startup Cost": 152437.44,
          "Total Cost": 152437.85,
          "Plan Rows": 4,
          "Plan Width": 8,
          "Actual Startup Time": 173.611,
          "Actual Total Time": 207.3,
          "Actual Rows": 5,
          "Actual Loops": 1,
          "Workers Planned": 4,
          "Workers Launched": 4,
          "Single Copy": false,
          "Plans": [
            {
              "Node Type": "Aggregate",
              "Strategy": "Plain",
              "Partial Mode": "Partial",
              "Parent Relationship": "Outer",
              "Parallel Aware": false,
              "Startup Cost": 151437.44,
              "Total Cost": 151437.45,
              "Plan Rows": 1,
              "Plan Width": 8,
              "Actual Startup Time": 166.554,
              "Actual Total Time": 166.556,
              "Actual Rows": 1,
              "Actual Loops": 5,
              "Plans": [
                {
                  "Node Type": "Nested Loop",
                  "Parent Relationship": "Outer",
                  "Parallel Aware": false,
                  "Join Type": "Inner",
                  "Startup Cost": 0.56,
                  "Total Cost": 151415.9,
                  "Plan Rows": 8616,
                  "Plan Width": 0,
                  "Actual Startup Time": 55.88,
                  "Actual Total Time": 165.336,
                  "Actual Rows": 10451,
                  "Actual Loops": 5,
                  "Inner Unique": false,
                  "Plans": [
                    {
                      "Node Type": "Seq Scan",
                      "Parent Relationship": "Outer",
                      "Parallel Aware": true,
                      "Relation Name": "title",
                      "Alias": "t",
                      "Startup Cost": 0.0,
                      "Total Cost": 45479.59,
                      "Plan Rows": 902,
                      "Plan Width": 4,
                      "Actual Startup Time": 55.765,
                      "Actual Total Time": 83.727,
                      "Actual Rows": 838,
                      "Actual Loops": 5,
                      "Filter": "((kind_id = 1) AND (production_year = 1981))",
                      "Rows Removed by Filter": 504825
                    },
                    {
                      "Node Type": "Index Scan",
                      "Parent Relationship": "Inner",
                      "Parallel Aware": false,
                      "Scan Direction": "Forward",
                      "Index Name": "movie_id_cast_info",
                      "Relation Name": "cast_info",
                      "Alias": "ci",
                      "Startup Cost": 0.56,
                      "Total Cost": 117.22,
                      "Plan Rows": 23,
                      "Plan Width": 4,
                      "Actual Startup Time": 0.016,
                      "Actual Total Time": 0.095,
                      "Actual Rows": 12,
                      "Actual Loops": 4189,
                      "Index Cond": "(movie_id = t.id)",
                      "Rows Removed by Index Recheck": 0,
                      "Filter": "(role_id < 4)",
                      "Rows Removed by Filter": 6
                    }
                  ]
                }
              ]
            }
          ]
        }
      ]
    },
    "Planning Time": 0.593,
    "Triggers": [],
    "Execution Time": 207.366
  }
]