[
  {
    "Plan": {
      "Node Type": "Aggregate",
      "Strategy": "Plain",
      "Partial Mode": "Finalize",
      "Parallel Aware": false,
      "Startup Cost": 160168.09,
      "Total Cost": 160168.1,
      "Plan Rows": 1,
      "Plan Width": 8,
      "Actual Startup Time": 164.316,
      "Actual Total Time": 193.198,
      "Actual Rows": 1,
      "Actual Loops": 1,
      "Plans": [
        {
          "Node Type": "Gather",
          "Parent Relationship": "Outer",
          "Parallel Aware": false,
          "Startup Cost": 160167.67,
          "Total Cost": 160168.08,
          "Plan Rows": 4,
          "Plan Width": 8,
          "Actual Startup Time": 164.035,
          "Actual Total Time": 193.188,
          "Actual Rows": 5,
          "Actual Loops": 1,
          "Workers Planned": 4,
          "Workers Launched": 4,
          "Single Copy": false,
          "Plans": [
            {
              "Node Type": "Aggregate",
              "Strategy": "Plain",
              "Partial Mode": "Partial",
              "Parent Relationship": "Outer",
              "Parallel Aware": false,
              "Startup Cost": 159167.67,
              "Total Cost": 159167.68,
              "Plan Rows": 1,
              "Plan Width": 8,
              "Actual Startup Time": 154.28,
              "Actual Total Time": 154.282,
              "Actual Rows": 1,
              "Actual Loops": 5,
              "Plans": [
                {
                  "Node Type": "Nested Loop",
                  "Parent Relationship": "Outer",
                  "Parallel Aware": false,
                  "Join Type": "Inner",
                  "Startup Cost": 0.56,
                  "Total Cost": 159145.61,
                  "Plan Rows": 8824,
                  "Plan Width": 0,
                  "Actual Startup Time": 58.372,
                  "Actual Total Time": 153.28,
                  "Actual Rows": 10451,
                  "Actual Loops": 5,
                  "Inner Unique": false,
                  "Plans": [
                    {
                      "Node Type": "Seq Scan",
                      "Parent Relationship": "Outer",
                      "Parallel Aware": true,
                      "Relation Name": "title",
                      "Alias": "t",
                      "Startup Cost": 0.0,
                      "Total Cost": 45479.1,
                      "Plan Rows": 934,
                      "Plan Width": 4,
                      "Actual Startup Time": 57.304,
                      "Actual Total Time": 82.751,
                      "Actual Rows": 838,
                      "Actual Loops": 5,
                      "Filter": "((kind_id = 1) AND (production_year = 1981))",
                      "Rows Removed by Filter": 504825
                    },
                    {
                      "Node Type": "Index Scan",
                      "Parent Relationship": "Inner",
                      "Parallel Aware": false,
                      "Scan Direction": "Forward",
                      "Index Name": "movie_id_cast_info",
                      "Relation Name": "cast_info",
                      "Alias": "ci",
                      "Startup Cost": 0.56,
                      "Total Cost": 121.46,
                      "Plan Rows": 24,
                      "Plan Width": 4,
                      "Actual Startup Time": 0.014,
                      "Actual Total Time": 0.082,
                      "Actual Rows": 12,
                      "Actual Loops": 4189,
                      "Index Cond": "(movie_id = t.id)",
                      "Rows Removed by Index Recheck": 0,
                      "Filter": "(role_id < 4)",
                      "Rows Removed by Filter": 6
                    }
                  ]
                }
              ]
            }
          ]
        }
      ]
    },
    "Planning Time": 0.641,
    "Triggers": [],
    "Execution Time": 193.281
  }
]