{
  "Plan": {
    "Node Type": "Aggregate",
    "Strategy": "Plain",
    "Partial Mode": "Finalize",
    "Parallel Aware": false,
    "Startup Cost": 283423.39,
    "Total Cost": 283423.4,
    "Plan Rows": 1,
    "Plan Width": 8,
    "Actual Startup Time": 1126.819,
    "Actual Total Time": 1150.827,
    "Actual Rows": 1,
    "Actual Loops": 1,
    "Plans": [
      {
        "Node Type": "Gather",
        "Parent Relationship": "Outer",
        "Parallel Aware": false,
        "Startup Cost": 283423.28,
        "Total Cost": 283423.39,
        "Plan Rows": 1,
        "Plan Width": 8,
        "Actual Startup Time": 1121.299,
        "Actual Total Time": 1150.817,
        "Actual Rows": 2,
        "Actual Loops": 1,
        "Workers Planned": 1,
        "Workers Launched": 1,
        "Single Copy": false,
        "Plans": [
          {
            "Node Type": "Aggregate",
            "Strategy": "Plain",
            "Partial Mode": "Partial",
            "Parent Relationship": "Outer",
            "Parallel Aware": false,
            "Startup Cost": 282423.28,
            "Total Cost": 282423.29,
            "Plan Rows": 1,
            "Plan Width": 8,
            "Actual Startup Time": 1115.753,
            "Actual Total Time": 1117.022,
            "Actual Rows": 1,
            "Actual Loops": 2,
            "Plans": [
              {
                "Node Type": "Hash Join",
                "Parent Relationship": "Outer",
                "Parallel Aware": true,
                "Join Type": "Inner",
                "Startup Cost": 107427.14,
                "Total Cost": 281992.73,
                "Plan Rows": 172221,
                "Plan Width": 0,
                "Actual Startup Time": 783.977,
                "Actual Total Time": 1076.642,
                "Actual Rows": 788723,
                "Actual Loops": 2,
                "Inner Unique": false,
                "Hash Cond": "(mi.movie_id = t.id)",
                "Plans": [
                  {
                    "Node Type": "Bitmap Heap Scan",
                    "Parent Relationship": "Outer",
                    "Parallel Aware": true,
                    "Relation Name": "movie_info",
                    "Alias": "mi",
                    "Startup Cost": 21908.54,
                    "Total Cost": 192793.48,
                    "Plan Rows": 711355,
                    "Plan Width": 4,
                    "Actual Startup Time": 55.346,
                    "Actual Total Time": 164.146,
                    "Actual Rows": 583244,
                    "Actual Loops": 2,
                    "Recheck Cond": "(info_type_id > 46)",
                    "Rows Removed by Index Recheck": 0,
                    "Exact Heap Blocks": 21841,
                    "Lossy Heap Blocks": 0,
                    "Plans": [
                      {
                        "Node Type": "Bitmap Index Scan",
                        "Parent Relationship": "Outer",
                        "Parallel Aware": false,
                        "Index Name": "info_type_id_movie_info",
                        "Startup Cost": 0.0,
                        "Total Cost": 21606.22,
                        "Plan Rows": 1209304,
                        "Plan Width": 0,
                        "Actual Startup Time": 49.844,
                        "Actual Total Time": 49.845,
                        "Actual Rows": 1166488,
                        "Actual Loops": 1,
                        "Index Cond": "(info_type_id > 46)"
                      }
                    ]
                  },
                  {
                    "Node Type": "Hash",
                    "Parent Relationship": "Inner",
                    "Parallel Aware": true,
                    "Startup Cost": 81017.83,
                    "Total Cost": 81017.83,
                    "Plan Rows": 360062,
                    "Plan Width": 8,
                    "Actual Startup Time": 719.28,
                    "Actual Total Time": 720.546,
                    "Actual Rows": 376647,
                    "Actual Loops": 2,
                    "Hash Buckets": 1048576,
                    "Original Hash Buckets": 1048576,
                    "Hash Batches": 1,
                    "Original Hash Batches": 1,
                    "Peak Memory Usage": 37696,
                    "Plans": [
                      {
                        "Node Type": "Hash Join",
                        "Parent Relationship": "Outer",
                        "Parallel Aware": true,
                        "Join Type": "Inner",
                        "Startup Cost": 62834.04,
                        "Total Cost": 81017.83,
                        "Plan Rows": 360062,
                        "Plan Width": 8,
                        "Actual Startup Time": 392.367,
                        "Actual Total Time": 630.211,
                        "Actual Rows": 376647,
                        "Actual Loops": 2,
                        "Inner Unique": true,
                        "Hash Cond": "(mi_idx.movie_id = t.id)",
                        "Plans": [
                          {
                            "Node Type": "Seq Scan",
                            "Parent Relationship": "Outer",
                            "Parallel Aware": true,
                            "Relation Name": "movie_info_idx",
                            "Alias": "mi_idx",
                            "Startup Cost": 0.0,
                            "Total Cost": 16052.85,
                            "Plan Rows": 811785,
                            "Plan Width": 4,
                            "Actual Startup Time": 0.029,
                            "Actual Total Time": 69.436,
                            "Actual Rows": 690018,
                            "Actual Loops": 2
                          },
                          {
                            "Node Type": "Hash",
                            "Parent Relationship": "Inner",
                            "Parallel Aware": true,
                            "Startup Cost": 54588.39,
                            "Total Cost": 54588.39,
                            "Plan Rows": 659652,
                            "Plan Width": 4,
                            "Actual Startup Time": 382.362,
                            "Actual Total Time": 382.363,
                            "Actual Rows": 566678,
                            "Actual Loops": 2,
                            "Hash Buckets": 2097152,
                            "Original Hash Buckets": 2097152,
                            "Hash Batches": 1,
                            "Original Hash Batches": 1,
                            "Peak Memory Usage": 60736,
                            "Plans": [
                              {
                                "Node Type": "Seq Scan",
                                "Parent Relationship": "Outer",
                                "Parallel Aware": true,
                                "Relation Name": "title",
                                "Alias": "t",
                                "Startup Cost": 0.0,
                                "Total Cost": 54588.39,
                                "Plan Rows": 659652,
                                "Plan Width": 4,
                                "Actual Startup Time": 0.038,
                                "Actual Total Time": 194.334,
                                "Actual Rows": 566678,
                                "Actual Loops": 2,
                                "Filter": "(production_year < 2002)",
                                "Rows Removed by Filter": 697478
                              }
                            ]
                          }
                        ]
                      }
                    ]
                  }
                ]
              }
            ]
          }
        ]
      }
    ]
  },
  "Planning Time": 0.926,
  "Triggers": [],
  "Execution Time": 1150.922
}