[
  {
    "Plan": {
      "Node Type": "Aggregate",
      "Strategy": "Plain",
      "Partial Mode": "Finalize",
      "Parallel Aware": false,
      "Startup Cost": 80572.36,
      "Total Cost": 80572.37,
      "Plan Rows": 1,
      "Plan Width": 8,
      "Actual Startup Time": 237.794,
      "Actual Total Time": 253.44,
      "Actual Rows": 1,
      "Actual Loops": 1,
      "Plans": [
        {
          "Node Type": "Gather",
          "Parent Relationship": "Outer",
          "Parallel Aware": false,
          "Startup Cost": 80571.94,
          "Total Cost": 80572.35,
          "Plan Rows": 4,
          "Plan Width": 8,
          "Actual Startup Time": 236.534,
          "Actual Total Time": 253.431,
          "Actual Rows": 5,
          "Actual Loops": 1,
          "Workers Planned": 4,
          "Workers Launched": 4,
          "Single Copy": false,
          "Plans": [
            {
              "Node Type": "Aggregate",
              "Strategy": "Plain",
              "Partial Mode": "Partial",
              "Parent Relationship": "Outer",
              "Parallel Aware": false,
              "Startup Cost": 79571.94,
              "Total Cost": 79571.95,
              "Plan Rows": 1,
              "Plan Width": 8,
              "Actual Startup Time": 229.706,
              "Actual Total Time": 229.709,
              "Actual Rows": 1,
              "Actual Loops": 5,
              "Plans": [
                {
                  "Node Type": "Hash Join",
                  "Parent Relationship": "Outer",
                  "Parallel Aware": true,
                  "Join Type": "Inner",
                  "Startup Cost": 33391.22,
                  "Total Cost": 79265.6,
                  "Plan Rows": 122537,
                  "Plan Width": 0,
                  "Actual Startup Time": 164.86,
                  "Actual Total Time": 227.889,
                  "Actual Rows": 37271,
                  "Actual Loops": 5,
                  "Inner Unique": false,
                  "Hash Cond": "(t.id = mc.movie_id)",
                  "Plans": [
                    {
                      "Node Type": "Seq Scan",
                      "Parent Relationship": "Outer",
                      "Parallel Aware": true,
                      "Relation Name": "title",
                      "Alias": "t",
                      "Startup Cost": 0.0,
                      "Total Cost": 42318.73,
                      "Plan Rows": 632073,
                      "Plan Width": 4,
                      "Actual Startup Time": 0.012,
                      "Actual Total Time": 67.134,
                      "Actual Rows": 505662,
                      "Actual Loops": 5
                    },
                    {
                      "Node Type": "Hash",
                      "Parent Relationship": "Inner",
                      "Parallel Aware": true,
                      "Startup Cost": 31414.82,
                      "Total Cost": 31414.82,
                      "Plan Rows": 158112,
                      "Plan Width": 4,
                      "Actual Startup Time": 80.014,
                      "Actual Total Time": 80.015,
                      "Actual Rows": 37271,
                      "Actual Loops": 5,
                      "Hash Buckets": 524288,
                      "Original Hash Buckets": 524288,
                      "Hash Batches": 1,
                      "Original Hash Batches": 1,
                      "Peak Memory Usage": 11456,
                      "Plans": [
                        {
                          "Node Type": "Seq Scan",
                          "Parent Relationship": "Outer",
                          "Parallel Aware": true,
                          "Relation Name": "movie_companies",
                          "Alias": "mc",
                          "Startup Cost": 0.0,
                          "Total Cost": 31414.82,
                          "Plan Rows": 158112,
                          "Plan Width": 4,
                          "Actual Startup Time": 17.894,
                          "Actual Total Time": 65.553,
                          "Actual Rows": 37271,
                          "Actual Loops": 5,
                          "Filter": "((company_id > 16432) AND (company_type_id = 1))",
                          "Rows Removed by Filter": 484555
                        }
                      ]
                    }
                  ]
                }
              ]
            }
          ]
        }
      ]
    },
    "Planning Time": 0.403,
    "Triggers": [],
    "Execution Time": 253.49
  }
]