[
  {
    "Plan": {
      "Node Type": "Aggregate",
      "Strategy": "Plain",
      "Partial Mode": "Finalize",
      "Parallel Aware": false,
      "Startup Cost": 44560.88,
      "Total Cost": 44560.89,
      "Plan Rows": 1,
      "Plan Width": 8,
      "Actual Startup Time": 132.386,
      "Actual Total Time": 141.984,
      "Actual Rows": 1,
      "Actual Loops": 1,
      "Plans": [
        {
          "Node Type": "Gather",
          "Parent Relationship": "Outer",
          "Parallel Aware": false,
          "Startup Cost": 44560.56,
          "Total Cost": 44560.87,
          "Plan Rows": 3,
          "Plan Width": 8,
          "Actual Startup Time": 132.254,
          "Actual Total Time": 141.977,
          "Actual Rows": 4,
          "Actual Loops": 1,
          "Workers Planned": 3,
          "Workers Launched": 3,
          "Single Copy": false,
          "Plans": [
            {
              "Node Type": "Aggregate",
              "Strategy": "Plain",
              "Partial Mode": "Partial",
              "Parent Relationship": "Outer",
              "Parallel Aware": false,
              "Startup Cost": 43560.56,
              "Total Cost": 43560.57,
              "Plan Rows": 1,
              "Plan Width": 8,
              "Actual Startup Time": 125.346,
              "Actual Total Time": 125.347,
              "Actual Rows": 1,
              "Actual Loops": 4,
              "Plans": [
                {
                  "Node Type": "Seq Scan",
                  "Parent Relationship": "Outer",
                  "Parallel Aware": true,
                  "Relation Name": "movie_keyword",
                  "Alias": "mk",
                  "Startup Cost": 0.0,
                  "Total Cost": 42695.65,
                  "Plan Rows": 345963,
                  "Plan Width": 0,
                  "Actual Startup Time": 0.098,
                  "Actual Total Time": 110.763,
                  "Actual Rows": 270523,
                  "Actual Loops": 4,
                  "Filter": "(keyword_id < 1091)",
                  "Rows Removed by Filter": 860459
                }
              ]
            }
          ]
        }
      ]
    },
    "Planning Time": 0.08,
    "Triggers": [],
    "Execution Time": 142.01
  }
]