[
  {
    "Plan": {
      "Node Type": "Aggregate",
      "Strategy": "Plain",
      "Partial Mode": "Finalize",
      "Parallel Aware": false,
      "Startup Cost": 44558.15,
      "Total Cost": 44558.16,
      "Plan Rows": 1,
      "Plan Width": 8,
      "Actual Startup Time": 143.793,
      "Actual Total Time": 156.284,
      "Actual Rows": 1,
      "Actual Loops": 1,
      "Plans": [
        {
          "Node Type": "Gather",
          "Parent Relationship": "Outer",
          "Parallel Aware": false,
          "Startup Cost": 44557.83,
          "Total Cost": 44558.14,
          "Plan Rows": 3,
          "Plan Width": 8,
          "Actual Startup Time": 143.655,
          "Actual Total Time": 156.273,
          "Actual Rows": 4,
          "Actual Loops": 1,
          "Workers Planned": 3,
          "Workers Launched": 3,
          "Single Copy": false,
          "Plans": [
            {
              "Node Type": "Aggregate",
              "Strategy": "Plain",
              "Partial Mode": "Partial",
              "Parent Relationship": "Outer",
              "Parallel Aware": false,
              "Startup Cost": 43557.83,
              "Total Cost": 43557.84,
              "Plan Rows": 1,
              "Plan Width": 8,
              "Actual Startup Time": 136.594,
              "Actual Total Time": 136.595,
              "Actual Rows": 1,
              "Actual Loops": 4,
              "Plans": [
                {
                  "Node Type": "Seq Scan",
                  "Parent Relationship": "Outer",
                  "Parallel Aware": true,
                  "Relation Name": "movie_keyword",
                  "Alias": "mk",
                  "Startup Cost": 0.0,
                  "Total Cost": 42695.65,
                  "Plan Rows": 344871,
                  "Plan Width": 0,
                  "Actual Startup Time": 0.053,
                  "Actual Total Time": 120.875,
                  "Actual Rows": 270523,
                  "Actual Loops": 4,
                  "Filter": "(keyword_id < 1091)",
                  "Rows Removed by Filter": 860459
                }
              ]
            }
          ]
        }
      ]
    },
    "Planning Time": 0.228,
    "Triggers": [],
    "Execution Time": 156.342
  }
]