{
  "Plan": {
    "Node Type": "Aggregate",
    "Strategy": "Plain",
    "Partial Mode": "Finalize",
    "Parallel Aware": false,
    "Startup Cost": 654053.96,
    "Total Cost": 654053.97,
    "Plan Rows": 1,
    "Plan Width": 8,
    "Actual Startup Time": 2633.499,
    "Actual Total Time": 2687.484,
    "Actual Rows": 1,
    "Actual Loops": 1,
    "Plans": [
      {
        "Node Type": "Gather",
        "Parent Relationship": "Outer",
        "Parallel Aware": false,
        "Startup Cost": 654053.84,
        "Total Cost": 654053.95,
        "Plan Rows": 1,
        "Plan Width": 8,
        "Actual Startup Time": 2633.205,
        "Actual Total Time": 2687.476,
        "Actual Rows": 2,
        "Actual Loops": 1,
        "Workers Planned": 1,
        "Workers Launched": 1,
        "Single Copy": false,
        "Plans": [
          {
            "Node Type": "Aggregate",
            "Strategy": "Plain",
            "Partial Mode": "Partial",
            "Parent Relationship": "Outer",
            "Parallel Aware": false,
            "Startup Cost": 653053.84,
            "Total Cost": 653053.85,
            "Plan Rows": 1,
            "Plan Width": 8,
            "Actual Startup Time": 2627.46,
            "Actual Total Time": 2627.463,
            "Actual Rows": 1,
            "Actual Loops": 2,
            "Plans": [
              {
                "Node Type": "Hash Join",
                "Parent Relationship": "Outer",
                "Parallel Aware": true,
                "Join Type": "Inner",
                "Startup Cost": 59386.03,
                "Total Cost": 651936.42,
                "Plan Rows": 446969,
                "Plan Width": 0,
                "Actual Startup Time": 624.279,
                "Actual Total Time": 2623.171,
                "Actual Rows": 91856,
                "Actual Loops": 2,
                "Inner Unique": true,
                "Hash Cond": "(ci.movie_id = t.id)",
                "Plans": [
                  {
                    "Node Type": "Seq Scan",
                    "Parent Relationship": "Outer",
                    "Parallel Aware": true,
                    "Relation Name": "cast_info",
                    "Alias": "ci",
                    "Startup Cost": 0.0,
                    "Total Cost": 572345.93,
                    "Plan Rows": 7696925,
                    "Plan Width": 4,
                    "Actual Startup Time": 478.157,
                    "Actual Total Time": 1692.366,
                    "Actual Rows": 9516601,
                    "Actual Loops": 2,
                    "Filter": "((person_id > 1611080) AND (role_id > 1))",
                    "Rows Removed by Filter": 8605571
                  },
                  {
                    "Node Type": "Hash",
                    "Parent Relationship": "Inner",
                    "Parallel Aware": true,
                    "Startup Cost": 58306.47,
                    "Total Cost": 58306.47,
                    "Plan Rows": 86365,
                    "Plan Width": 4,
                    "Actual Startup Time": 142.418,
                    "Actual Total Time": 142.418,
                    "Actual Rows": 26713,
                    "Actual Loops": 2,
                    "Hash Buckets": 262144,
                    "Original Hash Buckets": 262144,
                    "Hash Batches": 1,
                    "Original Hash Batches": 1,
                    "Peak Memory Usage": 4160,
                    "Plans": [
                      {
                        "Node Type": "Seq Scan",
                        "Parent Relationship": "Outer",
                        "Parallel Aware": true,
                        "Relation Name": "title",
                        "Alias": "t",
                        "Startup Cost": 0.0,
                        "Total Cost": 58306.47,
                        "Plan Rows": 86365,
                        "Plan Width": 4,
                        "Actual Startup Time": 0.036,
                        "Actual Total Time": 132.989,
                        "Actual Rows": 26713,
                        "Actual Loops": 2,
                        "Filter": "((production_year < 1961) AND (kind_id = 7))",
                        "Rows Removed by Filter": 1237443
                      }
                    ]
                  }
                ]
              }
            ]
          }
        ]
      }
    ]
  },
  "Planning Time": 0.482,
  "Triggers": [],
  "Execution Time": 2687.567
}