{
  "Plan": {
    "Node Type": "Aggregate",
    "Strategy": "Plain",
    "Partial Mode": "Finalize",
    "Parallel Aware": false,
    "Startup Cost": 152982.44,
    "Total Cost": 152982.45,
    "Plan Rows": 1,
    "Plan Width": 8,
    "Actual Startup Time": 1296.147,
    "Actual Total Time": 1317.36,
    "Actual Rows": 1,
    "Actual Loops": 1,
    "Plans": [
      {
        "Node Type": "Gather",
        "Parent Relationship": "Outer",
        "Parallel Aware": false,
        "Startup Cost": 152982.33,
        "Total Cost": 152982.44,
        "Plan Rows": 1,
        "Plan Width": 8,
        "Actual Startup Time": 1293.366,
        "Actual Total Time": 1317.349,
        "Actual Rows": 2,
        "Actual Loops": 1,
        "Workers Planned": 1,
        "Workers Launched": 1,
        "Single Copy": false,
        "Plans": [
          {
            "Node Type": "Aggregate",
            "Strategy": "Plain",
            "Partial Mode": "Partial",
            "Parent Relationship": "Outer",
            "Parallel Aware": false,
            "Startup Cost": 151982.33,
            "Total Cost": 151982.34,
            "Plan Rows": 1,
            "Plan Width": 8,
            "Actual Startup Time": 1287.867,
            "Actual Total Time": 1288.483,
            "Actual Rows": 1,
            "Actual Loops": 2,
            "Plans": [
              {
                "Node Type": "Hash Join",
                "Parent Relationship": "Outer",
                "Parallel Aware": true,
                "Join Type": "Inner",
                "Startup Cost": 84758.76,
                "Total Cost": 151161.77,
                "Plan Rows": 328225,
                "Plan Width": 0,
                "Actual Startup Time": 707.236,
                "Actual Total Time": 1228.414,
                "Actual Rows": 1180258,
                "Actual Loops": 2,
                "Inner Unique": false,
                "Hash Cond": "(mk.movie_id = t.id)",
                "Plans": [
                  {
                    "Node Type": "Seq Scan",
                    "Parent Relationship": "Outer",
                    "Parallel Aware": true,
                    "Relation Name": "movie_keyword",
                    "Alias": "mk",
                    "Startup Cost": 0.0,
                    "Total Cost": 57718.19,
                    "Plan Rows": 1801089,
                    "Plan Width": 4,
                    "Actual Startup Time": 0.021,
                    "Actual Total Time": 232.622,
                    "Actual Rows": 1527668,
                    "Actual Loops": 2,
                    "Filter": "(keyword_id < 11236)",
                    "Rows Removed by Filter": 734296
                  },
                  {
                    "Node Type": "Hash",
                    "Parent Relationship": "Inner",
                    "Parallel Aware": true,
                    "Startup Cost": 81370.91,
                    "Total Cost": 81370.91,
                    "Plan Rows": 271028,
                    "Plan Width": 8,
                    "Actual Startup Time": 701.26,
                    "Actual Total Time": 701.874,
                    "Actual Rows": 229962,
                    "Actual Loops": 2,
                    "Hash Buckets": 524288,
                    "Original Hash Buckets": 524288,
                    "Hash Batches": 1,
                    "Original Hash Batches": 1,
                    "Peak Memory Usage": 22112,
                    "Plans": [
                      {
                        "Node Type": "Hash Join",
                        "Parent Relationship": "Outer",
                        "Parallel Aware": true,
                        "Join Type": "Inner",
                        "Startup Cost": 21470.17,
                        "Total Cost": 81370.91,
                        "Plan Rows": 271028,
                        "Plan Width": 8,
                        "Actual Startup Time": 135.771,
                        "Actual Total Time": 628.377,
                        "Actual Rows": 229962,
                        "Actual Loops": 2,
                        "Inner Unique": false,
                        "Hash Cond": "(t.id = mi_idx.movie_id)",
                        "Plans": [
                          {
                            "Node Type": "Seq Scan",
                            "Parent Relationship": "Outer",
                            "Parallel Aware": true,
                            "Relation Name": "title",
                            "Alias": "t",
                            "Startup Cost": 0.0,
                            "Total Cost": 50870.31,
                            "Plan Rows": 1487231,
                            "Plan Width": 4,
                            "Actual Startup Time": 0.01,
                            "Actual Total Time": 140.957,
                            "Actual Rows": 1264156,
                            "Actual Loops": 2
                          },
                          {
                            "Node Type": "Hash",
                            "Parent Relationship": "Inner",
                            "Parallel Aware": true,
                            "Startup Cost": 18082.32,
                            "Total Cost": 18082.32,
                            "Plan Rows": 271028,
                            "Plan Width": 4,
                            "Actual Startup Time": 132.2,
                            "Actual Total Time": 132.201,
                            "Actual Rows": 229962,
                            "Actual Loops": 2,
                            "Hash Buckets": 524288,
                            "Original Hash Buckets": 524288,
                            "Hash Batches": 1,
                            "Original Hash Batches": 1,
                            "Peak Memory Usage": 22112,
                            "Plans": [
                              {
                                "Node Type": "Seq Scan",
                                "Parent Relationship": "Outer",
                                "Parallel Aware": true,
                                "Relation Name": "movie_info_idx",
                                "Alias": "mi_idx",
                                "Startup Cost": 0.0,
                                "Total Cost": 18082.32,
                                "Plan Rows": 271028,
                                "Plan Width": 4,
                                "Actual Startup Time": 0.056,
                                "Actual Total Time": 75.576,
                                "Actual Rows": 229962,
                                "Actual Loops": 2,
                                "Filter": "(info_type_id = 101)",
                                "Rows Removed by Filter": 460055
                              }
                            ]
                          }
                        ]
                      }
                    ]
                  }
                ]
              }
            ]
          }
        ]
      }
    ]
  },
  "Planning Time": 1.035,
  "Triggers": [],
  "Execution Time": 1317.445
}