{
  "Plan": {
    "Node Type": "Aggregate",
    "Strategy": "Plain",
    "Partial Mode": "Finalize",
    "Parallel Aware": false,
    "Startup Cost": 825078.04,
    "Total Cost": 825078.05,
    "Plan Rows": 1,
    "Plan Width": 8,
    "Actual Startup Time": 3042.186,
    "Actual Total Time": 3105.761,
    "Actual Rows": 1,
    "Actual Loops": 1,
    "Plans": [
      {
        "Node Type": "Gather",
        "Parent Relationship": "Outer",
        "Parallel Aware": false,
        "Startup Cost": 825077.93,
        "Total Cost": 825078.04,
        "Plan Rows": 1,
        "Plan Width": 8,
        "Actual Startup Time": 3041.263,
        "Actual Total Time": 3105.753,
        "Actual Rows": 2,
        "Actual Loops": 1,
        "Workers Planned": 1,
        "Workers Launched": 1,
        "Single Copy": false,
        "Plans": [
          {
            "Node Type": "Aggregate",
            "Strategy": "Plain",
            "Partial Mode": "Partial",
            "Parent Relationship": "Outer",
            "Parallel Aware": false,
            "Startup Cost": 824077.93,
            "Total Cost": 824077.94,
            "Plan Rows": 1,
            "Plan Width": 8,
            "Actual Startup Time": 3036.746,
            "Actual Total Time": 3036.75,
            "Actual Rows": 1,
            "Actual Loops": 2,
            "Plans": [
              {
                "Node Type": "Nested Loop",
                "Parent Relationship": "Outer",
                "Parallel Aware": false,
                "Join Type": "Inner",
                "Startup Cost": 54789.39,
                "Total Cost": 823606.18,
                "Plan Rows": 188699,
                "Plan Width": 0,
                "Actual Startup Time": 789.944,
                "Actual Total Time": 3017.251,
                "Actual Rows": 434382,
                "Actual Loops": 2,
                "Inner Unique": false,
                "Join Filter": "(t.id = mi_idx.movie_id)",
                "Rows Removed by Join Filter": 0,
                "Plans": [
                  {
                    "Node Type": "Hash Join",
                    "Parent Relationship": "Outer",
                    "Parallel Aware": true,
                    "Join Type": "Inner",
                    "Startup Cost": 54788.96,
                    "Total Cost": 642767.72,
                    "Plan Rows": 345705,
                    "Plan Width": 8,
                    "Actual Startup Time": 789.859,
                    "Actual Total Time": 2289.415,
                    "Actual Rows": 278985,
                    "Actual Loops": 2,
                    "Inner Unique": true,
                    "Hash Cond": "(ci.movie_id = t.id)",
                    "Plans": [
                      {
                        "Node Type": "Seq Scan",
                        "Parent Relationship": "Outer",
                        "Parallel Aware": true,
                        "Relation Name": "cast_info",
                        "Alias": "ci",
                        "Startup Cost": 0.0,
                        "Total Cost": 572345.93,
                        "Plan Rows": 5955355,
                        "Plan Width": 4,
                        "Actual Startup Time": 648.938,
                        "Actual Total Time": 1506.601,
                        "Actual Rows": 3471290,
                        "Actual Loops": 2,
                        "Filter": "((person_id > 2300931) AND (role_id < 5))",
                        "Rows Removed by Filter": 14650882
                      },
                      {
                        "Node Type": "Hash",
                        "Parent Relationship": "Inner",
                        "Parallel Aware": true,
                        "Startup Cost": 53709.8,
                        "Total Cost": 53709.8,
                        "Plan Rows": 86333,
                        "Plan Width": 4,
                        "Actual Startup Time": 137.75,
                        "Actual Total Time": 137.752,
                        "Actual Rows": 143567,
                        "Actual Loops": 2,
                        "Hash Buckets": 524288,
                        "Original Hash Buckets": 262144,
                        "Hash Batches": 1,
                        "Original Hash Batches": 1,
                        "Peak Memory Usage": 17408,
                        "Plans": [
                          {
                            "Node Type": "Bitmap Heap Scan",
                            "Parent Relationship": "Outer",
                            "Parallel Aware": true,
                            "Relation Name": "title",
                            "Alias": "t",
                            "Startup Cost": 11859.54,
                            "Total Cost": 53709.8,
                            "Plan Rows": 86333,
                            "Plan Width": 4,
                            "Actual Startup Time": 38.188,
                            "Actual Total Time": 102.926,
                            "Actual Rows": 143567,
                            "Actual Loops": 2,
                            "Recheck Cond": "(kind_id = 1)",
                            "Rows Removed by Index Recheck": 0,
                            "Filter": "(production_year < 1984)",
                            "Rows Removed by Filter": 187846,
                            "Exact Heap Blocks": 8215,
                            "Lossy Heap Blocks": 0,
                            "Plans": [
                              {
                                "Node Type": "Bitmap Index Scan",
                                "Parent Relationship": "Outer",
                                "Parallel Aware": false,
                                "Index Name": "kind_id_title",
                                "Startup Cost": 0.0,
                                "Total Cost": 11822.85,
                                "Plan Rows": 663256,
                                "Plan Width": 0,
                                "Actual Startup Time": 36.485,
                                "Actual Total Time": 36.485,
                                "Actual Rows": 662825,
                                "Actual Loops": 1,
                                "Index Cond": "(kind_id = 1)"
                              }
                            ]
                          }
                        ]
                      }
                    ]
                  },
                  {
                    "Node Type": "Index Only Scan",
                    "Parent Relationship": "Inner",
                    "Parallel Aware": false,
                    "Scan Direction": "Forward",
                    "Index Name": "movie_id_movie_info_idx",
                    "Relation Name": "movie_info_idx",
                    "Alias": "mi_idx",
                    "Startup Cost": 0.43,
                    "Total Cost": 0.49,
                    "Plan Rows": 3,
                    "Plan Width": 4,
                    "Actual Startup Time": 0.002,
                    "Actual Total Time": 0.002,
                    "Actual Rows": 2,
                    "Actual Loops": 557970,
                    "Index Cond": "(movie_id = ci.movie_id)",
                    "Rows Removed by Index Recheck": 0,
                    "Heap Fetches": 868763
                  }
                ]
              }
            ]
          }
        ]
      }
    ]
  },
  "Planning Time": 1.108,
  "Triggers": [],
  "Execution Time": 3105.895
}