[
    {
        "Bao": {
            "Bao prediction": "NaN",
            "Bao recommended hint": "(no hint)"
        }
    },
    {
        "Plan": {
            "Node Type": "Aggregate",
            "Strategy": "Plain",
            "Partial Mode": "Finalize",
            "Parallel Aware": false,
            "Startup Cost": 347814.81,
            "Total Cost": 347814.82,
            "Plan Rows": 1,
            "Plan Width": 8,
            "Actual Startup Time": 664.02,
            "Actual Total Time": 693.954,
            "Actual Rows": 1,
            "Actual Loops": 1,
            "Output": [
                "count(*)"
            ],
            "Plans": [
                {
                    "Node Type": "Gather",
                    "Parent Relationship": "Outer",
                    "Parallel Aware": false,
                    "Startup Cost": 347814.18,
                    "Total Cost": 347814.79,
                    "Plan Rows": 6,
                    "Plan Width": 8,
                    "Actual Startup Time": 663.858,
                    "Actual Total Time": 693.945,
                    "Actual Rows": 7,
                    "Actual Loops": 1,
                    "Output": [
                        "(PARTIAL count(*))"
                    ],
                    "Workers Planned": 6,
                    "Workers Launched": 6,
                    "Single Copy": false,
                    "Plans": [
                        {
                            "Node Type": "Aggregate",
                            "Strategy": "Plain",
                            "Partial Mode": "Partial",
                            "Parent Relationship": "Outer",
                            "Parallel Aware": false,
                            "Startup Cost": 346814.18,
                            "Total Cost": 346814.19,
                            "Plan Rows": 1,
                            "Plan Width": 8,
                            "Actual Startup Time": 653.758,
                            "Actual Total Time": 653.759,
                            "Actual Rows": 1,
                            "Actual Loops": 7,
                            "Output": [
                                "PARTIAL count(*)"
                            ],
                            "Workers": [
                                {
                                    "Worker Number": 0,
                                    "Actual Startup Time": 651.69,
                                    "Actual Total Time": 651.691,
                                    "Actual Rows": 1,
                                    "Actual Loops": 1
                                },
                                {
                                    "Worker Number": 1,
                                    "Actual Startup Time": 651.602,
                                    "Actual Total Time": 651.603,
                                    "Actual Rows": 1,
                                    "Actual Loops": 1
                                },
                                {
                                    "Worker Number": 2,
                                    "Actual Startup Time": 652.291,
                                    "Actual Total Time": 652.291,
                                    "Actual Rows": 1,
                                    "Actual Loops": 1
                                },
                                {
                                    "Worker Number": 3,
                                    "Actual Startup Time": 651.574,
                                    "Actual Total Time": 651.575,
                                    "Actual Rows": 1,
                                    "Actual Loops": 1
                                },
                                {
                                    "Worker Number": 4,
                                    "Actual Startup Time": 652.736,
                                    "Actual Total Time": 652.737,
                                    "Actual Rows": 1,
                                    "Actual Loops": 1
                                },
                                {
                                    "Worker Number": 5,
                                    "Actual Startup Time": 653.13,
                                    "Actual Total Time": 653.13,
                                    "Actual Rows": 1,
                                    "Actual Loops": 1
                                }
                            ],
                            "Plans": [
                                {
                                    "Node Type": "Seq Scan",
                                    "Parent Relationship": "Outer",
                                    "Parallel Aware": true,
                                    "Relation Name": "cast_info",
                                    "Schema": "public",
                                    "Alias": "ci",
                                    "Startup Cost": 0.0,
                                    "Total Cost": 343318.94,
                                    "Plan Rows": 1398097,
                                    "Plan Width": 0,
                                    "Actual Startup Time": 230.055,
                                    "Actual Total Time": 626.792,
                                    "Actual Rows": 511662,
                                    "Actual Loops": 7,
                                    "Output": [
                                        "id",
                                        "person_id",
                                        "movie_id",
                                        "person_role_id",
                                        "note",
                                        "nr_order",
                                        "role_id"
                                    ],
                                    "Filter": "((ci.person_id < 1277660) AND (ci.role_id > 1))",
                                    "Rows Removed by Filter": 4666102,
                                    "Workers": [
                                        {
                                            "Worker Number": 0,
                                            "Actual Startup Time": 227.24,
                                            "Actual Total Time": 624.952,
                                            "Actual Rows": 388992,
                                            "Actual Loops": 1
                                        },
                                        {
                                            "Worker Number": 1,
                                            "Actual Startup Time": 226.557,
                                            "Actual Total Time": 624.786,
                                            "Actual Rows": 391440,
                                            "Actual Loops": 1
                                        },
                                        {
                                            "Worker Number": 2,
                                            "Actual Startup Time": 229.918,
                                            "Actual Total Time": 625.603,
                                            "Actual Rows": 389490,
                                            "Actual Loops": 1
                                        },
                                        {
                                            "Worker Number": 3,
                                            "Actual Startup Time": 226.019,
                                            "Actual Total Time": 625.627,
                                            "Actual Rows": 613600,
                                            "Actual Loops": 1
                                        },
                                        {
                                            "Worker Number": 4,
                                            "Actual Startup Time": 236.055,
                                            "Actual Total Time": 627.091,
                                            "Actual Rows": 612283,
                                            "Actual Loops": 1
                                        },
                                        {
                                            "Worker Number": 5,
                                            "Actual Startup Time": 227.314,
                                            "Actual Total Time": 626.652,
                                            "Actual Rows": 386873,
                                            "Actual Loops": 1
                                        }
                                    ]
                                }
                            ]
                        }
                    ]
                }
            ]
        },
        "Planning Time": 247.301,
        "Triggers": [],
        "Execution Time": 694.049
    }
]