[
  {
    "Plan": {
      "Node Type": "Aggregate",
      "Strategy": "Plain",
      "Partial Mode": "Finalize",
      "Parallel Aware": false,
      "Startup Cost": 386737.32,
      "Total Cost": 386737.33,
      "Plan Rows": 1,
      "Plan Width": 8,
      "Actual Startup Time": 2676.567,
      "Actual Total Time": 2725.442,
      "Actual Rows": 1,
      "Actual Loops": 1,
      "Plans": [
        {
          "Node Type": "Gather",
          "Parent Relationship": "Outer",
          "Parallel Aware": false,
          "Startup Cost": 386736.69,
          "Total Cost": 386737.3,
          "Plan Rows": 6,
          "Plan Width": 8,
          "Actual Startup Time": 2668.557,
          "Actual Total Time": 2725.377,
          "Actual Rows": 7,
          "Actual Loops": 1,
          "Workers Planned": 6,
          "Workers Launched": 6,
          "Single Copy": false,
          "Plans": [
            {
              "Node Type": "Aggregate",
              "Strategy": "Plain",
              "Partial Mode": "Partial",
              "Parent Relationship": "Outer",
              "Parallel Aware": false,
              "Startup Cost": 385736.69,
              "Total Cost": 385736.7,
              "Plan Rows": 1,
              "Plan Width": 8,
              "Actual Startup Time": 2657.193,
              "Actual Total Time": 2657.196,
              "Actual Rows": 1,
              "Actual Loops": 7,
              "Plans": [
                {
                  "Node Type": "Hash Join",
                  "Parent Relationship": "Outer",
                  "Parallel Aware": true,
                  "Join Type": "Inner",
                  "Startup Cost": 49357.21,
                  "Total Cost": 378323.87,
                  "Plan Rows": 2965129,
                  "Plan Width": 0,
                  "Actual Startup Time": 198.037,
                  "Actual Total Time": 2521.948,
                  "Actual Rows": 2764737,
                  "Actual Loops": 7,
                  "Inner Unique": true,
                  "Hash Cond": "(ci.movie_id = t.id)",
                  "Plans": [
                    {
                      "Node Type": "Seq Scan",
                      "Parent Relationship": "Outer",
                      "Parallel Aware": true,
                      "Relation Name": "cast_info",
                      "Alias": "ci",
                      "Startup Cost": 0.0,
                      "Total Cost": 313106.51,
                      "Plan Rows": 6041951,
                      "Plan Width": 4,
                      "Actual Startup Time": 0.035,
                      "Actual Total Time": 573.732,
                      "Actual Rows": 5177763,
                      "Actual Loops": 7
                    },
                    {
                      "Node Type": "Hash",
                      "Parent Relationship": "Inner",
                      "Parallel Aware": true,
                      "Startup Cost": 45479.59,
                      "Total Cost": 45479.59,
                      "Plan Rows": 310210,
                      "Plan Width": 4,
                      "Actual Startup Time": 193.997,
                      "Actual Total Time": 193.998,
                      "Actual Rows": 188108,
                      "Actual Loops": 7,
                      "Hash Buckets": 2097152,
                      "Original Hash Buckets": 2097152,
                      "Hash Batches": 1,
                      "Original Hash Batches": 1,
                      "Peak Memory Usage": 68000,
                      "Plans": [
                        {
                          "Node Type": "Seq Scan",
                          "Parent Relationship": "Outer",
                          "Parallel Aware": true,
                          "Relation Name": "title",
                          "Alias": "t",
                          "Startup Cost": 0.0,
                          "Total Cost": 45479.59,
                          "Plan Rows": 310210,
                          "Plan Width": 4,
                          "Actual Startup Time": 0.065,
                          "Actual Total Time": 89.494,
                          "Actual Rows": 188108,
                          "Actual Loops": 7,
                          "Filter": "((production_year > 1974) AND (kind_id = 7))",
                          "Rows Removed by Filter": 173080
                        }
                      ]
                    }
                  ]
                }
              ]
            }
          ]
        }
      ]
    },
    "Planning Time": 0.421,
    "Triggers": [],
    "Execution Time": 2725.502
  }
]