[
  {
    "Plan": {
      "Node Type": "Aggregate",
      "Strategy": "Plain",
      "Partial Mode": "Finalize",
      "Parallel Aware": false,
      "Startup Cost": 92249.5,
      "Total Cost": 92249.51,
      "Plan Rows": 1,
      "Plan Width": 8,
      "Actual Startup Time": 269.85,
      "Actual Total Time": 287.93,
      "Actual Rows": 1,
      "Actual Loops": 1,
      "Plans": [
        {
          "Node Type": "Gather",
          "Parent Relationship": "Outer",
          "Parallel Aware": false,
          "Startup Cost": 92249.18,
          "Total Cost": 92249.49,
          "Plan Rows": 3,
          "Plan Width": 8,
          "Actual Startup Time": 269.549,
          "Actual Total Time": 287.923,
          "Actual Rows": 4,
          "Actual Loops": 1,
          "Workers Planned": 3,
          "Workers Launched": 3,
          "Single Copy": false,
          "Plans": [
            {
              "Node Type": "Aggregate",
              "Strategy": "Plain",
              "Partial Mode": "Partial",
              "Parent Relationship": "Outer",
              "Parallel Aware": false,
              "Startup Cost": 91249.18,
              "Total Cost": 91249.19,
              "Plan Rows": 1,
              "Plan Width": 8,
              "Actual Startup Time": 262.619,
              "Actual Total Time": 262.622,
              "Actual Rows": 1,
              "Actual Loops": 4,
              "Plans": [
                {
                  "Node Type": "Hash Join",
                  "Parent Relationship": "Outer",
                  "Parallel Aware": true,
                  "Join Type": "Inner",
                  "Startup Cost": 45578.35,
                  "Total Cost": 91214.01,
                  "Plan Rows": 14070,
                  "Plan Width": 0,
                  "Actual Startup Time": 99.595,
                  "Actual Total Time": 262.51,
                  "Actual Rows": 2222,
                  "Actual Loops": 4,
                  "Inner Unique": true,
                  "Hash Cond": "(mk.movie_id = t.id)",
                  "Plans": [
                    {
                      "Node Type": "Seq Scan",
                      "Parent Relationship": "Outer",
                      "Parallel Aware": true,
                      "Relation Name": "movie_keyword",
                      "Alias": "mk",
                      "Startup Cost": 0.0,
                      "Total Cost": 42695.65,
                      "Plan Rows": 1120003,
                      "Plan Width": 4,
                      "Actual Startup Time": 0.024,
                      "Actual Total Time": 109.152,
                      "Actual Rows": 867681,
                      "Actual Loops": 4,
                      "Filter": "(keyword_id < 16802)",
                      "Rows Removed by Filter": 263302
                    },
                    {
                      "Node Type": "Hash",
                      "Parent Relationship": "Inner",
                      "Parallel Aware": true,
                      "Startup Cost": 45479.1,
                      "Total Cost": 45479.1,
                      "Plan Rows": 7940,
                      "Plan Width": 4,
                      "Actual Startup Time": 97.966,
                      "Actual Total Time": 97.967,
                      "Actual Rows": 9924,
                      "Actual Loops": 4,
                      "Hash Buckets": 65536,
                      "Original Hash Buckets": 32768,
                      "Hash Batches": 1,
                      "Original Hash Batches": 1,
                      "Peak Memory Usage": 2368,
                      "Plans": [
                        {
                          "Node Type": "Seq Scan",
                          "Parent Relationship": "Outer",
                          "Parallel Aware": true,
                          "Relation Name": "title",
                          "Alias": "t",
                          "Startup Cost": 0.0,
                          "Total Cost": 45479.1,
                          "Plan Rows": 7940,
                          "Plan Width": 4,
                          "Actual Startup Time": 0.045,
                          "Actual Total Time": 91.774,
                          "Actual Rows": 9924,
                          "Actual Loops": 4,
                          "Filter": "((kind_id = 7) AND (production_year = 2001))",
                          "Rows Removed by Filter": 622154
                        }
                      ]
                    }
                  ]
                }
              ]
            }
          ]
        }
      ]
    },
    "Planning Time": 0.638,
    "Triggers": [],
    "Execution Time": 288.001
  }
]