{
    "Plan": {
        "Node Type": "Aggregate",
        "Strategy": "Plain",
        "Partial Mode": "Simple",
        "Parallel Aware": false,
        "Startup Cost": 50001150648.74,
        "Total Cost": 50001150648.75,
        "Plan Rows": 1,
        "Plan Width": 64,
        "Actual Startup Time": 6088.87,
        "Actual Total Time": 6135.646,
        "Actual Rows": 1,
        "Actual Loops": 1,
        "Output": [
            "min(n.name)",
            "min(t.title)"
        ],
        "Plans": [
            {
                "Node Type": "Nested Loop",
                "Parent Relationship": "Outer",
                "Parallel Aware": false,
                "Join Type": "Inner",
                "Startup Cost": 50001150632.39,
                "Total Cost": 50001150648.74,
                "Plan Rows": 1,
                "Plan Width": 32,
                "Actual Startup Time": 6086.618,
                "Actual Total Time": 6135.277,
                "Actual Rows": 3060,
                "Actual Loops": 1,
                "Output": [
                    "n.name",
                    "t.title"
                ],
                "Inner Unique": false,
                "Join Filter": "(n.id = an.person_id)",
                "Rows Removed by Join Filter": 0,
                "Plans": [
                    {
                        "Node Type": "Nested Loop",
                        "Parent Relationship": "Outer",
                        "Parallel Aware": false,
                        "Join Type": "Inner",
                        "Startup Cost": 40001150631.94,
                        "Total Cost": 40001150644.24,
                        "Plan Rows": 1,
                        "Plan Width": 40,
                        "Actual Startup Time": 6086.551,
                        "Actual Total Time": 6133.748,
                        "Actual Rows": 153,
                        "Actual Loops": 1,
                        "Output": [
                            "ci.person_id",
                            "n.name",
                            "n.id",
                            "t.title"
                        ],
                        "Inner Unique": true,
                        "Plans": [
                            {
                                "Node Type": "Merge Join",
                                "Parent Relationship": "Outer",
                                "Parallel Aware": false,
                                "Join Type": "Inner",
                                "Startup Cost": 40001150631.52,
                                "Total Cost": 40001150643.75,
                                "Plan Rows": 1,
                                "Plan Width": 44,
                                "Actual Startup Time": 6086.518,
                                "Actual Total Time": 6133.342,
                                "Actual Rows": 153,
                                "Actual Loops": 1,
                                "Output": [
                                    "ci.person_id",
                                    "mc.company_id",
                                    "n.name",
                                    "n.id",
                                    "t.title"
                                ],
                                "Inner Unique": true,
                                "Merge Cond": "(ci.role_id = rt.id)",
                                "Plans": [
                                    {
                                        "Node Type": "Sort",
                                        "Parent Relationship": "Outer",
                                        "Parallel Aware": false,
                                        "Startup Cost": 40001150631.39,
                                        "Total Cost": 40001150631.39,
                                        "Plan Rows": 1,
                                        "Plan Width": 48,
                                        "Actual Startup Time": 6086.485,
                                        "Actual Total Time": 6133.272,
                                        "Actual Rows": 153,
                                        "Actual Loops": 1,
                                        "Output": [
                                            "ci.person_id",
                                            "ci.role_id",
                                            "mc.company_id",
                                            "n.name",
                                            "n.id",
                                            "t.title"
                                        ],
                                        "Sort Key": [
                                            "ci.role_id"
                                        ],
                                        "Sort Method": "quicksort",
                                        "Sort Space Used": 45,
                                        "Sort Space Type": "Memory",
                                        "Plans": [
                                            {
                                                "Node Type": "Hash Join",
                                                "Parent Relationship": "Outer",
                                                "Parallel Aware": false,
                                                "Join Type": "Inner",
                                                "Startup Cost": 40001150628.91,
                                                "Total Cost": 40001150631.38,
                                                "Plan Rows": 1,
                                                "Plan Width": 48,
                                                "Actual Startup Time": 6086.259,
                                                "Actual Total Time": 6133.22,
                                                "Actual Rows": 153,
                                                "Actual Loops": 1,
                                                "Output": [
                                                    "ci.person_id",
                                                    "ci.role_id",
                                                    "mc.company_id",
                                                    "n.name",
                                                    "n.id",
                                                    "t.title"
                                                ],
                                                "Inner Unique": false,
                                                "Hash Cond": "(t.id = mc.movie_id)",
                                                "Plans": [
                                                    {
                                                        "Node Type": "Hash Join",
                                                        "Parent Relationship": "Outer",
                                                        "Parallel Aware": false,
                                                        "Join Type": "Inner",
                                                        "Startup Cost": 30001089039.81,
                                                        "Total Cost": 30001089042.26,
                                                        "Plan Rows": 1,
                                                        "Plan Width": 56,
                                                        "Actual Startup Time": 5380.765,
                                                        "Actual Total Time": 5427.578,
                                                        "Actual Rows": 232,
                                                        "Actual Loops": 1,
                                                        "Output": [
                                                            "ci.movie_id",
                                                            "ci.person_id",
                                                            "ci.role_id",
                                                            "mi.movie_id",
                                                            "n.name",
                                                            "n.id",
                                                            "t.title",
                                                            "t.id"
                                                        ],
                                                        "Inner Unique": false,
                                                        "Hash Cond": "(it.id = mi.info_type_id)",
                                                        "Plans": [
                                                            {
                                                                "Node Type": "Seq Scan",
                                                                "Parent Relationship": "Outer",
                                                                "Parallel Aware": false,
                                                                "Relation Name": "info_type",
                                                                "Schema": "public",
                                                                "Alias": "it",
                                                                "Startup Cost": 10000000000.0,
                                                                "Total Cost": 10000000002.41,
                                                                "Plan Rows": 1,
                                                                "Plan Width": 4,
                                                                "Actual Startup Time": 0.023,
                                                                "Actual Total Time": 0.036,
                                                                "Actual Rows": 1,
                                                                "Actual Loops": 1,
                                                                "Output": [
                                                                    "it.id",
                                                                    "it.info"
                                                                ],
                                                                "Filter": "((it.info)::text = 'release dates'::text)",
                                                                "Rows Removed by Filter": 112
                                                            },
                                                            {
                                                                "Node Type": "Hash",
                                                                "Parent Relationship": "Inner",
                                                                "Parallel Aware": false,
                                                                "Startup Cost": 20001089039.6,
                                                                "Total Cost": 20001089039.6,
                                                                "Plan Rows": 17,
                                                                "Plan Width": 60,
                                                                "Actual Startup Time": 5380.723,
                                                                "Actual Total Time": 5427.489,
                                                                "Actual Rows": 232,
                                                                "Actual Loops": 1,
                                                                "Output": [
                                                                    "ci.movie_id",
                                                                    "ci.person_id",
                                                                    "ci.role_id",
                                                                    "mi.movie_id",
                                                                    "mi.info_type_id",
                                                                    "n.name",
                                                                    "n.id",
                                                                    "t.title",
                                                                    "t.id"
                                                                ],
                                                                "Hash Buckets": 1024,
                                                                "Original Hash Buckets": 1024,
                                                                "Hash Batches": 1,
                                                                "Original Hash Batches": 1,
                                                                "Peak Memory Usage": 31,
                                                                "Plans": [
                                                                    {
                                                                        "Node Type": "Merge Join",
                                                                        "Parent Relationship": "Outer",
                                                                        "Parallel Aware": false,
                                                                        "Join Type": "Inner",
                                                                        "Startup Cost": 20001086742.33,
                                                                        "Total Cost": 20001089039.6,
                                                                        "Plan Rows": 17,
                                                                        "Plan Width": 60,
                                                                        "Actual Startup Time": 5333.577,
                                                                        "Actual Total Time": 5427.411,
                                                                        "Actual Rows": 232,
                                                                        "Actual Loops": 1,
                                                                        "Output": [
                                                                            "ci.movie_id",
                                                                            "ci.person_id",
                                                                            "ci.role_id",
                                                                            "mi.movie_id",
                                                                            "mi.info_type_id",
                                                                            "n.name",
                                                                            "n.id",
                                                                            "t.title",
                                                                            "t.id"
                                                                        ],
                                                                        "Inner Unique": false,
                                                                        "Merge Cond": "(mi.movie_id = t.id)",
                                                                        "Plans": [
                                                                            {
                                                                                "Node Type": "Sort",
                                                                                "Parent Relationship": "Outer",
                                                                                "Parallel Aware": false,
                                                                                "Startup Cost": 10000426529.96,
                                                                                "Total Cost": 10000427678.6,
                                                                                "Plan Rows": 459453,
                                                                                "Plan Width": 8,
                                                                                "Actual Startup Time": 2211.318,
                                                                                "Actual Total Time": 2231.933,
                                                                                "Actual Rows": 428903,
                                                                                "Actual Loops": 1,
                                                                                "Output": [
                                                                                    "mi.movie_id",
                                                                                    "mi.info_type_id"
                                                                                ],
                                                                                "Sort Key": [
                                                                                    "mi.movie_id"
                                                                                ],
                                                                                "Sort Method": "quicksort",
                                                                                "Sort Space Used": 33434,
                                                                                "Sort Space Type": "Memory",
                                                                                "Plans": [
                                                                                    {
                                                                                        "Node Type": "Seq Scan",
                                                                                        "Parent Relationship": "Outer",
                                                                                        "Parallel Aware": false,
                                                                                        "Relation Name": "movie_info",
                                                                                        "Schema": "public",
                                                                                        "Alias": "mi",
                                                                                        "Startup Cost": 10000000000.0,
                                                                                        "Total Cost": 10000383319.42,
                                                                                        "Plan Rows": 459453,
                                                                                        "Plan Width": 8,
                                                                                        "Actual Startup Time": 273.185,
                                                                                        "Actual Total Time": 2123.811,
                                                                                        "Actual Rows": 451104,
                                                                                        "Actual Loops": 1,
                                                                                        "Output": [
                                                                                            "mi.movie_id",
                                                                                            "mi.info_type_id"
                                                                                        ],
                                                                                        "Filter": "((mi.info IS NOT NULL) AND ((mi.info ~~ 'Japan:%200%'::text) OR (mi.info ~~ 'USA:%200%'::text)))",
                                                                                        "Rows Removed by Filter": 14384616
                                                                                    }
                                                                                ]
                                                                            },
                                                                            {
                                                                                "Node Type": "Sort",
                                                                                "Parent Relationship": "Inner",
                                                                                "Parallel Aware": false,
                                                                                "Startup Cost": 10000660212.14,
                                                                                "Total Cost": 10000660212.22,
                                                                                "Plan Rows": 35,
                                                                                "Plan Width": 52,
                                                                                "Actual Startup Time": 3119.796,
                                                                                "Actual Total Time": 3166.59,
                                                                                "Actual Rows": 323,
                                                                                "Actual Loops": 1,
                                                                                "Output": [
                                                                                    "ci.movie_id",
                                                                                    "ci.person_id",
                                                                                    "ci.role_id",
                                                                                    "n.name",
                                                                                    "n.id",
                                                                                    "t.title",
                                                                                    "t.id"
                                                                                ],
                                                                                "Sort Key": [
                                                                                    "ci.movie_id"
                                                                                ],
                                                                                "Sort Method": "quicksort",
                                                                                "Sort Space Used": 68,
                                                                                "Sort Space Type": "Memory",
                                                                                "Plans": [
                                                                                    {
                                                                                        "Node Type": "Gather",
                                                                                        "Parent Relationship": "Outer",
                                                                                        "Parallel Aware": false,
                                                                                        "Startup Cost": 10000508030.21,
                                                                                        "Total Cost": 10000660211.24,
                                                                                        "Plan Rows": 35,
                                                                                        "Plan Width": 52,
                                                                                        "Actual Startup Time": 3087.203,
                                                                                        "Actual Total Time": 3166.475,
                                                                                        "Actual Rows": 315,
                                                                                        "Actual Loops": 1,
                                                                                        "Output": [
                                                                                            "ci.movie_id",
                                                                                            "ci.person_id",
                                                                                            "ci.role_id",
                                                                                            "n.name",
                                                                                            "n.id",
                                                                                            "t.title",
                                                                                            "t.id"
                                                                                        ],
                                                                                        "Workers Planned": 4,
                                                                                        "Workers Launched": 4,
                                                                                        "Single Copy": false,
                                                                                        "Plans": [
                                                                                            {
                                                                                                "Node Type": "Hash Join",
                                                                                                "Parent Relationship": "Outer",
                                                                                                "Parallel Aware": true,
                                                                                                "Join Type": "Inner",
                                                                                                "Startup Cost": 10000507030.21,
                                                                                                "Total Cost": 10000659207.74,
                                                                                                "Plan Rows": 9,
                                                                                                "Plan Width": 52,
                                                                                                "Actual Startup Time": 3035.667,
                                                                                                "Actual Total Time": 3075.093,
                                                                                                "Actual Rows": 63,
                                                                                                "Actual Loops": 5,
                                                                                                "Output": [
                                                                                                    "ci.movie_id",
                                                                                                    "ci.person_id",
                                                                                                    "ci.role_id",
                                                                                                    "n.name",
                                                                                                    "n.id",
                                                                                                    "t.title",
                                                                                                    "t.id"
                                                                                                ],
                                                                                                "Inner Unique": false,
                                                                                                "Hash Cond": "(ci.person_role_id = chn.id)",
                                                                                                "Workers": [
                                                                                                    {
                                                                                                        "Worker Number": 0,
                                                                                                        "Actual Startup Time": 3068.668,
                                                                                                        "Actual Total Time": 3068.677,
                                                                                                        "Actual Rows": 0,
                                                                                                        "Actual Loops": 1
                                                                                                    },
                                                                                                    {
                                                                                                        "Worker Number": 1,
                                                                                                        "Actual Startup Time": 3082.853,
                                                                                                        "Actual Total Time": 3082.863,
                                                                                                        "Actual Rows": 0,
                                                                                                        "Actual Loops": 1
                                                                                                    },
                                                                                                    {
                                                                                                        "Worker Number": 2,
                                                                                                        "Actual Startup Time": 2871.454,
                                                                                                        "Actual Total Time": 3068.544,
                                                                                                        "Actual Rows": 315,
                                                                                                        "Actual Loops": 1
                                                                                                    },
                                                                                                    {
                                                                                                        "Worker Number": 3,
                                                                                                        "Actual Startup Time": 3068.646,
                                                                                                        "Actual Total Time": 3068.654,
                                                                                                        "Actual Rows": 0,
                                                                                                        "Actual Loops": 1
                                                                                                    }
                                                                                                ],
                                                                                                "Plans": [
                                                                                                    {
                                                                                                        "Node Type": "Hash Join",
                                                                                                        "Parent Relationship": "Outer",
                                                                                                        "Parallel Aware": true,
                                                                                                        "Join Type": "Inner",
                                                                                                        "Startup Cost": 10000452918.43,
                                                                                                        "Total Cost": 10000605095.92,
                                                                                                        "Plan Rows": 9,
                                                                                                        "Plan Width": 56,
                                                                                                        "Actual Startup Time": 2612.558,
                                                                                                        "Actual Total Time": 2651.949,
                                                                                                        "Actual Rows": 63,
                                                                                                        "Actual Loops": 5,
                                                                                                        "Output": [
                                                                                                            "ci.movie_id",
                                                                                                            "ci.person_id",
                                                                                                            "ci.role_id",
                                                                                                            "ci.person_role_id",
                                                                                                            "n.name",
                                                                                                            "n.id",
                                                                                                            "t.title",
                                                                                                            "t.id"
                                                                                                        ],
                                                                                                        "Inner Unique": false,
                                                                                                        "Hash Cond": "(n.id = ci.person_id)",
                                                                                                        "Workers": [
                                                                                                            {
                                                                                                                "Worker Number": 0,
                                                                                                                "Actual Startup Time": 2650.825,
                                                                                                                "Actual Total Time": 2650.831,
                                                                                                                "Actual Rows": 0,
                                                                                                                "Actual Loops": 1
                                                                                                            },
                                                                                                            {
                                                                                                                "Worker Number": 1,
                                                                                                                "Actual Startup Time": 2656.774,
                                                                                                                "Actual Total Time": 2656.782,
                                                                                                                "Actual Rows": 0,
                                                                                                                "Actual Loops": 1
                                                                                                            },
                                                                                                            {
                                                                                                                "Worker Number": 2,
                                                                                                                "Actual Startup Time": 2453.583,
                                                                                                                "Actual Total Time": 2650.506,
                                                                                                                "Actual Rows": 317,
                                                                                                                "Actual Loops": 1
                                                                                                            },
                                                                                                            {
                                                                                                                "Worker Number": 3,
                                                                                                                "Actual Startup Time": 2650.775,
                                                                                                                "Actual Total Time": 2650.781,
                                                                                                                "Actual Rows": 0,
                                                                                                                "Actual Loops": 1
                                                                                                            }
                                                                                                        ],
                                                                                                        "Plans": [
                                                                                                            {
                                                                                                                "Node Type": "Index Scan",
                                                                                                                "Parent Relationship": "Outer",
                                                                                                                "Parallel Aware": true,
                                                                                                                "Scan Direction": "Forward",
                                                                                                                "Index Name": "name_pkey",
                                                                                                                "Relation Name": "name",
                                                                                                                "Schema": "public",
                                                                                                                "Alias": "n",
                                                                                                                "Startup Cost": 10000000000.43,
                                                                                                                "Total Cost": 10000152126.62,
                                                                                                                "Plan Rows": 24,
                                                                                                                "Plan Width": 19,
                                                                                                                "Actual Startup Time": 471.462,
                                                                                                                "Actual Total Time": 510.807,
                                                                                                                "Actual Rows": 0,
                                                                                                                "Actual Loops": 5,
                                                                                                                "Output": [
                                                                                                                    "n.id",
                                                                                                                    "n.name",
                                                                                                                    "n.imdb_index",
                                                                                                                    "n.imdb_id",
                                                                                                                    "n.gender",
                                                                                                                    "n.name_pcode_cf",
                                                                                                                    "n.name_pcode_nf",
                                                                                                                    "n.surname_pcode",
                                                                                                                    "n.md5sum"
                                                                                                                ],
                                                                                                                "Filter": "((n.name ~~ '%Yeardley%'::text) AND ((n.gender)::text = 'f'::text))",
                                                                                                                "Rows Removed by Filter": 833498,
                                                                                                                "Workers": [
                                                                                                                    {
                                                                                                                        "Worker Number": 0,
                                                                                                                        "Actual Startup Time": 510.92,
                                                                                                                        "Actual Total Time": 510.92,
                                                                                                                        "Actual Rows": 0,
                                                                                                                        "Actual Loops": 1
                                                                                                                    },
                                                                                                                    {
                                                                                                                        "Worker Number": 1,
                                                                                                                        "Actual Startup Time": 510.983,
                                                                                                                        "Actual Total Time": 510.983,
                                                                                                                        "Actual Rows": 0,
                                                                                                                        "Actual Loops": 1
                                                                                                                    },
                                                                                                                    {
                                                                                                                        "Worker Number": 2,
                                                                                                                        "Actual Startup Time": 313.667,
                                                                                                                        "Actual Total Time": 510.39,
                                                                                                                        "Actual Rows": 1,
                                                                                                                        "Actual Loops": 1
                                                                                                                    },
                                                                                                                    {
                                                                                                                        "Worker Number": 3,
                                                                                                                        "Actual Startup Time": 510.809,
                                                                                                                        "Actual Total Time": 510.809,
                                                                                                                        "Actual Rows": 0,
                                                                                                                        "Actual Loops": 1
                                                                                                                    }
                                                                                                                ]
                                                                                                            },
                                                                                                            {
                                                                                                                "Node Type": "Hash",
                                                                                                                "Parent Relationship": "Inner",
                                                                                                                "Parallel Aware": true,
                                                                                                                "Startup Cost": 448059.59,
                                                                                                                "Total Cost": 448059.59,
                                                                                                                "Plan Rows": 388673,
                                                                                                                "Plan Width": 37,
                                                                                                                "Actual Startup Time": 2135.03,
                                                                                                                "Actual Total Time": 2135.035,
                                                                                                                "Actual Rows": 247756,
                                                                                                                "Actual Loops": 5,
                                                                                                                "Output": [
                                                                                                                    "ci.movie_id",
                                                                                                                    "ci.person_id",
                                                                                                                    "ci.role_id",
                                                                                                                    "ci.person_role_id",
                                                                                                                    "t.title",
                                                                                                                    "t.id"
                                                                                                                ],
                                                                                                                "Hash Buckets": 2097152,
                                                                                                                "Original Hash Buckets": 2097152,
                                                                                                                "Hash Batches": 1,
                                                                                                                "Original Hash Batches": 1,
                                                                                                                "Peak Memory Usage": 104480,
                                                                                                                "Workers": [
                                                                                                                    {
                                                                                                                        "Worker Number": 0,
                                                                                                                        "Actual Startup Time": 2139.843,
                                                                                                                        "Actual Total Time": 2139.848,
                                                                                                                        "Actual Rows": 225321,
                                                                                                                        "Actual Loops": 1
                                                                                                                    },
                                                                                                                    {
                                                                                                                        "Worker Number": 1,
                                                                                                                        "Actual Startup Time": 2115.95,
                                                                                                                        "Actual Total Time": 2115.955,
                                                                                                                        "Actual Rows": 232275,
                                                                                                                        "Actual Loops": 1
                                                                                                                    },
                                                                                                                    {
                                                                                                                        "Worker Number": 2,
                                                                                                                        "Actual Startup Time": 2139.819,
                                                                                                                        "Actual Total Time": 2139.824,
                                                                                                                        "Actual Rows": 230055,
                                                                                                                        "Actual Loops": 1
                                                                                                                    },
                                                                                                                    {
                                                                                                                        "Worker Number": 3,
                                                                                                                        "Actual Startup Time": 2139.7,
                                                                                                                        "Actual Total Time": 2139.705,
                                                                                                                        "Actual Rows": 230794,
                                                                                                                        "Actual Loops": 1
                                                                                                                    }
                                                                                                                ],
                                                                                                                "Plans": [
                                                                                                                    {
                                                                                                                        "Node Type": "Hash Join",
                                                                                                                        "Parent Relationship": "Outer",
                                                                                                                        "Parallel Aware": true,
                                                                                                                        "Join Type": "Inner",
                                                                                                                        "Startup Cost": 349625.84,
                                                                                                                        "Total Cost": 448059.59,
                                                                                                                        "Plan Rows": 388673,
                                                                                                                        "Plan Width": 37,
                                                                                                                        "Actual Startup Time": 1430.996,
                                                                                                                        "Actual Total Time": 1986.704,
                                                                                                                        "Actual Rows": 247756,
                                                                                                                        "Actual Loops": 5,
                                                                                                                        "Output": [
                                                                                                                            "ci.movie_id",
                                                                                                                            "ci.person_id",
                                                                                                                            "ci.role_id",
                                                                                                                            "ci.person_role_id",
                                                                                                                            "t.title",
                                                                                                                            "t.id"
                                                                                                                        ],
                                                                                                                        "Inner Unique": false,
                                                                                                                        "Hash Cond": "(t.id = ci.movie_id)",
                                                                                                                        "Workers": [
                                                                                                                            {
                                                                                                                                "Worker Number": 0,
                                                                                                                                "Actual Startup Time": 1431.112,
                                                                                                                                "Actual Total Time": 1986.561,
                                                                                                                                "Actual Rows": 225321,
                                                                                                                                "Actual Loops": 1
                                                                                                                            },
                                                                                                                            {
                                                                                                                                "Worker Number": 1,
                                                                                                                                "Actual Startup Time": 1431.07,
                                                                                                                                "Actual Total Time": 1986.026,
                                                                                                                                "Actual Rows": 232275,
                                                                                                                                "Actual Loops": 1
                                                                                                                            },
                                                                                                                            {
                                                                                                                                "Worker Number": 2,
                                                                                                                                "Actual Startup Time": 1430.828,
                                                                                                                                "Actual Total Time": 1985.835,
                                                                                                                                "Actual Rows": 230055,
                                                                                                                                "Actual Loops": 1
                                                                                                                            },
                                                                                                                            {
                                                                                                                                "Worker Number": 3,
                                                                                                                                "Actual Startup Time": 1430.953,
                                                                                                                                "Actual Total Time": 1986.178,
                                                                                                                                "Actual Rows": 230794,
                                                                                                                                "Actual Loops": 1
                                                                                                                            }
                                                                                                                        ],
                                                                                                                        "Plans": [
                                                                                                                            {
                                                                                                                                "Node Type": "Index Scan",
                                                                                                                                "Parent Relationship": "Outer",
                                                                                                                                "Parallel Aware": true,
                                                                                                                                "Scan Direction": "Forward",
                                                                                                                                "Index Name": "title_pkey",
                                                                                                                                "Relation Name": "title",
                                                                                                                                "Schema": "public",
                                                                                                                                "Alias": "t",
                                                                                                                                "Startup Cost": 0.43,
                                                                                                                                "Total Cost": 94540.09,
                                                                                                                                "Plan Rows": 324630,
                                                                                                                                "Plan Width": 21,
                                                                                                                                "Actual Startup Time": 0.072,
                                                                                                                                "Actual Total Time": 382.253,
                                                                                                                                "Actual Rows": 259993,
                                                                                                                                "Actual Loops": 5,
                                                                                                                                "Output": [
                                                                                                                                    "t.id",
                                                                                                                                    "t.title",
                                                                                                                                    "t.imdb_index",
                                                                                                                                    "t.kind_id",
                                                                                                                                    "t.production_year",
                                                                                                                                    "t.imdb_id",
                                                                                                                                    "t.phonetic_code",
                                                                                                                                    "t.episode_of_id",
                                                                                                                                    "t.season_nr",
                                                                                                                                    "t.episode_nr",
                                                                                                                                    "t.series_years",
                                                                                                                                    "t.md5sum"
                                                                                                                                ],
                                                                                                                                "Filter": "((t.production_year >= 1998) AND (t.production_year <= 2011))",
                                                                                                                                "Rows Removed by Filter": 245670,
                                                                                                                                "Workers": [
                                                                                                                                    {
                                                                                                                                        "Worker Number": 0,
                                                                                                                                        "Actual Startup Time": 0.071,
                                                                                                                                        "Actual Total Time": 386.015,
                                                                                                                                        "Actual Rows": 233829,
                                                                                                                                        "Actual Loops": 1
                                                                                                                                    },
                                                                                                                                    {
                                                                                                                                        "Worker Number": 1,
                                                                                                                                        "Actual Startup Time": 0.101,
                                                                                                                                        "Actual Total Time": 383.383,
                                                                                                                                        "Actual Rows": 241372,
                                                                                                                                        "Actual Loops": 1
                                                                                                                                    },
                                                                                                                                    {
                                                                                                                                        "Worker Number": 2,
                                                                                                                                        "Actual Startup Time": 0.074,
                                                                                                                                        "Actual Total Time": 385.524,
                                                                                                                                        "Actual Rows": 241172,
                                                                                                                                        "Actual Loops": 1
                                                                                                                                    },
                                                                                                                                    {
                                                                                                                                        "Worker Number": 3,
                                                                                                                                        "Actual Startup Time": 0.093,
                                                                                                                                        "Actual Total Time": 381.929,
                                                                                                                                        "Actual Rows": 235936,
                                                                                                                                        "Actual Loops": 1
                                                                                                                                    }
                                                                                                                                ]
                                                                                                                            },
                                                                                                                            {
                                                                                                                                "Node Type": "Hash",
                                                                                                                                "Parent Relationship": "Inner",
                                                                                                                                "Parallel Aware": true,
                                                                                                                                "Startup Cost": 343318.94,
                                                                                                                                "Total Cost": 343318.94,
                                                                                                                                "Plan Rows": 504518,
                                                                                                                                "Plan Width": 16,
                                                                                                                                "Actual Startup Time": 1423.642,
                                                                                                                                "Actual Total Time": 1423.644,
                                                                                                                                "Actual Rows": 479093,
                                                                                                                                "Actual Loops": 5,
                                                                                                                                "Output": [
                                                                                                                                    "ci.movie_id",
                                                                                                                                    "ci.person_id",
                                                                                                                                    "ci.role_id",
                                                                                                                                    "ci.person_role_id"
                                                                                                                                ],
                                                                                                                                "Hash Buckets": 4194304,
                                                                                                                                "Original Hash Buckets": 4194304,
                                                                                                                                "Hash Batches": 1,
                                                                                                                                "Original Hash Batches": 1,
                                                                                                                                "Peak Memory Usage": 145216,
                                                                                                                                "Workers": [
                                                                                                                                    {
                                                                                                                                        "Worker Number": 0,
                                                                                                                                        "Actual Startup Time": 1430.657,
                                                                                                                                        "Actual Total Time": 1430.658,
                                                                                                                                        "Actual Rows": 417303,
                                                                                                                                        "Actual Loops": 1
                                                                                                                                    },
                                                                                                                                    {
                                                                                                                                        "Worker Number": 1,
                                                                                                                                        "Actual Startup Time": 1395.583,
                                                                                                                                        "Actual Total Time": 1395.585,
                                                                                                                                        "Actual Rows": 435511,
                                                                                                                                        "Actual Loops": 1
                                                                                                                                    },
                                                                                                                                    {
                                                                                                                                        "Worker Number": 2,
                                                                                                                                        "Actual Startup Time": 1430.674,
                                                                                                                                        "Actual Total Time": 1430.676,
                                                                                                                                        "Actual Rows": 425477,
                                                                                                                                        "Actual Loops": 1
                                                                                                                                    },
                                                                                                                                    {
                                                                                                                                        "Worker Number": 3,
                                                                                                                                        "Actual Startup Time": 1430.61,
                                                                                                                                        "Actual Total Time": 1430.612,
                                                                                                                                        "Actual Rows": 424397,
                                                                                                                                        "Actual Loops": 1
                                                                                                                                    }
                                                                                                                                ],
                                                                                                                                "Plans": [
                                                                                                                                    {
                                                                                                                                        "Node Type": "Seq Scan",
                                                                                                                                        "Parent Relationship": "Outer",
                                                                                                                                        "Parallel Aware": true,
                                                                                                                                        "Relation Name": "cast_info",
                                                                                                                                        "Schema": "public",
                                                                                                                                        "Alias": "ci",
                                                                                                                                        "Startup Cost": 0.0,
                                                                                                                                        "Total Cost": 343318.94,
                                                                                                                                        "Plan Rows": 504518,
                                                                                                                                        "Plan Width": 16,
                                                                                                                                        "Actual Startup Time": 0.077,
                                                                                                                                        "Actual Total Time": 1135.99,
                                                                                                                                        "Actual Rows": 479093,
                                                                                                                                        "Actual Loops": 5,
                                                                                                                                        "Output": [
                                                                                                                                            "ci.movie_id",
                                                                                                                                            "ci.person_id",
                                                                                                                                            "ci.role_id",
                                                                                                                                            "ci.person_role_id"
                                                                                                                                        ],
                                                                                                                                        "Filter": "(ci.note = ANY ('{\"(executive producer)\",(uncredited),(voice),(voice)}'::text[]))",
                                                                                                                                        "Rows Removed by Filter": 6769776,
                                                                                                                                        "Workers": [
                                                                                                                                            {
                                                                                                                                                "Worker Number": 0,
                                                                                                                                                "Actual Startup Time": 0.075,
                                                                                                                                                "Actual Total Time": 1140.161,
                                                                                                                                                "Actual Rows": 417303,
                                                                                                                                                "Actual Loops": 1
                                                                                                                                            },
                                                                                                                                            {
                                                                                                                                                "Worker Number": 1,
                                                                                                                                                "Actual Startup Time": 0.04,
                                                                                                                                                "Actual Total Time": 1146.151,
                                                                                                                                                "Actual Rows": 435511,
                                                                                                                                                "Actual Loops": 1
                                                                                                                                            },
                                                                                                                                            {
                                                                                                                                                "Worker Number": 2,
                                                                                                                                                "Actual Startup Time": 0.074,
                                                                                                                                                "Actual Total Time": 1140.973,
                                                                                                                                                "Actual Rows": 425477,
                                                                                                                                                "Actual Loops": 1
                                                                                                                                            },
                                                                                                                                            {
                                                                                                                                                "Worker Number": 3,
                                                                                                                                                "Actual Startup Time": 0.129,
                                                                                                                                                "Actual Total Time": 1139.357,
                                                                                                                                                "Actual Rows": 424397,
                                                                                                                                                "Actual Loops": 1
                                                                                                                                            }
                                                                                                                                        ]
                                                                                                                                    }
                                                                                                                                ]
                                                                                                                            }
                                                                                                                        ]
                                                                                                                    }
                                                                                                                ]
                                                                                                            }
                                                                                                        ]
                                                                                                    },
                                                                                                    {
                                                                                                        "Node Type": "Hash",
                                                                                                        "Parent Relationship": "Inner",
                                                                                                        "Parallel Aware": true,
                                                                                                        "Startup Cost": 44298.57,
                                                                                                        "Total Cost": 44298.57,
                                                                                                        "Plan Rows": 785057,
                                                                                                        "Plan Width": 4,
                                                                                                        "Actual Startup Time": 414.401,
                                                                                                        "Actual Total Time": 414.402,
                                                                                                        "Actual Rows": 628068,
                                                                                                        "Actual Loops": 5,
                                                                                                        "Output": [
                                                                                                            "chn.id"
                                                                                                        ],
                                                                                                        "Hash Buckets": 4194304,
                                                                                                        "Original Hash Buckets": 4194304,
                                                                                                        "Hash Batches": 1,
                                                                                                        "Original Hash Batches": 1,
                                                                                                        "Peak Memory Usage": 155712,
                                                                                                        "Workers": [
                                                                                                            {
                                                                                                                "Worker Number": 0,
                                                                                                                "Actual Startup Time": 416.841,
                                                                                                                "Actual Total Time": 416.843,
                                                                                                                "Actual Rows": 562569,
                                                                                                                "Actual Loops": 1
                                                                                                            },
                                                                                                            {
                                                                                                                "Worker Number": 1,
                                                                                                                "Actual Startup Time": 416.918,
                                                                                                                "Actual Total Time": 416.918,
                                                                                                                "Actual Rows": 564639,
                                                                                                                "Actual Loops": 1
                                                                                                            },
                                                                                                            {
                                                                                                                "Worker Number": 2,
                                                                                                                "Actual Startup Time": 416.844,
                                                                                                                "Actual Total Time": 416.845,
                                                                                                                "Actual Rows": 563069,
                                                                                                                "Actual Loops": 1
                                                                                                            },
                                                                                                            {
                                                                                                                "Worker Number": 3,
                                                                                                                "Actual Startup Time": 416.866,
                                                                                                                "Actual Total Time": 416.867,
                                                                                                                "Actual Rows": 559607,
                                                                                                                "Actual Loops": 1
                                                                                                            }
                                                                                                        ],
                                                                                                        "Plans": [
                                                                                                            {
                                                                                                                "Node Type": "Seq Scan",
                                                                                                                "Parent Relationship": "Outer",
                                                                                                                "Parallel Aware": true,
                                                                                                                "Relation Name": "char_name",
                                                                                                                "Schema": "public",
                                                                                                                "Alias": "chn",
                                                                                                                "Startup Cost": 0.0,
                                                                                                                "Total Cost": 44298.57,
                                                                                                                "Plan Rows": 785057,
                                                                                                                "Plan Width": 4,
                                                                                                                "Actual Startup Time": 0.061,
                                                                                                                "Actual Total Time": 138.015,
                                                                                                                "Actual Rows": 628068,
                                                                                                                "Actual Loops": 5,
                                                                                                                "Output": [
                                                                                                                    "chn.id"
                                                                                                                ],
                                                                                                                "Workers": [
                                                                                                                    {
                                                                                                                        "Worker Number": 0,
                                                                                                                        "Actual Startup Time": 0.106,
                                                                                                                        "Actual Total Time": 140.756,
                                                                                                                        "Actual Rows": 562569,
                                                                                                                        "Actual Loops": 1
                                                                                                                    },
                                                                                                                    {
                                                                                                                        "Worker Number": 1,
                                                                                                                        "Actual Startup Time": 0.055,
                                                                                                                        "Actual Total Time": 141.81,
                                                                                                                        "Actual Rows": 564639,
                                                                                                                        "Actual Loops": 1
                                                                                                                    },
                                                                                                                    {
                                                                                                                        "Worker Number": 2,
                                                                                                                        "Actual Startup Time": 0.069,
                                                                                                                        "Actual Total Time": 141.613,
                                                                                                                        "Actual Rows": 563069,
                                                                                                                        "Actual Loops": 1
                                                                                                                    },
                                                                                                                    {
                                                                                                                        "Worker Number": 3,
                                                                                                                        "Actual Startup Time": 0.054,
                                                                                                                        "Actual Total Time": 141.469,
                                                                                                                        "Actual Rows": 559607,
                                                                                                                        "Actual Loops": 1
                                                                                                                    }
                                                                                                                ]
                                                                                                            }
                                                                                                        ]
                                                                                                    }
                                                                                                ]
                                                                                            }
                                                                                        ]
                                                                                    }
                                                                                ]
                                                                            }
                                                                        ]
                                                                    }
                                                                ]
                                                            }
                                                        ]
                                                    },
                                                    {
                                                        "Node Type": "Hash",
                                                        "Parent Relationship": "Inner",
                                                        "Parallel Aware": false,
                                                        "Startup Cost": 10000057926.93,
                                                        "Total Cost": 10000057926.93,
                                                        "Plan Rows": 292973,
                                                        "Plan Width": 8,
                                                        "Actual Startup Time": 704.76,
                                                        "Actual Total Time": 704.762,
                                                        "Actual Rows": 590994,
                                                        "Actual Loops": 1,
                                                        "Output": [
                                                            "mc.movie_id",
                                                            "mc.company_id"
                                                        ],
                                                        "Hash Buckets": 1048576,
                                                        "Original Hash Buckets": 524288,
                                                        "Hash Batches": 1,
                                                        "Original Hash Batches": 1,
                                                        "Peak Memory Usage": 31278,
                                                        "Plans": [
                                                            {
                                                                "Node Type": "Seq Scan",
                                                                "Parent Relationship": "Outer",
                                                                "Parallel Aware": false,
                                                                "Relation Name": "movie_companies",
                                                                "Schema": "public",
                                                                "Alias": "mc",
                                                                "Startup Cost": 10000000000.0,
                                                                "Total Cost": 10000057926.93,
                                                                "Plan Rows": 292973,
                                                                "Plan Width": 8,
                                                                "Actual Startup Time": 0.029,
                                                                "Actual Total Time": 566.927,
                                                                "Actual Rows": 590994,
                                                                "Actual Loops": 1,
                                                                "Output": [
                                                                    "mc.movie_id",
                                                                    "mc.company_id"
                                                                ],
                                                                "Filter": "((mc.note IS NOT NULL) AND ((mc.note ~~ '%(USA)%'::text) OR (mc.note ~~ '%(worldwide)%'::text)))",
                                                                "Rows Removed by Filter": 2018135
                                                            }
                                                        ]
                                                    }
                                                ]
                                            }
                                        ]
                                    },
                                    {
                                        "Node Type": "Index Scan",
                                        "Parent Relationship": "Inner",
                                        "Parallel Aware": false,
                                        "Scan Direction": "Forward",
                                        "Index Name": "role_type_pkey",
                                        "Relation Name": "role_type",
                                        "Schema": "public",
                                        "Alias": "rt",
                                        "Startup Cost": 0.14,
                                        "Total Cost": 12.35,
                                        "Plan Rows": 1,
                                        "Plan Width": 4,
                                        "Actual Startup Time": 0.029,
                                        "Actual Total Time": 0.029,
                                        "Actual Rows": 1,
                                        "Actual Loops": 1,
                                        "Output": [
                                            "rt.id",
                                            "rt.role"
                                        ],
                                        "Filter": "((rt.role)::text = 'actress'::text)",
                                        "Rows Removed by Filter": 1
                                    }
                                ]
                            },
                            {
                                "Node Type": "Index Scan",
                                "Parent Relationship": "Inner",
                                "Parallel Aware": false,
                                "Scan Direction": "Forward",
                                "Index Name": "company_name_pkey",
                                "Relation Name": "company_name",
                                "Schema": "public",
                                "Alias": "cn",
                                "Startup Cost": 0.42,
                                "Total Cost": 0.49,
                                "Plan Rows": 1,
                                "Plan Width": 4,
                                "Actual Startup Time": 0.002,
                                "Actual Total Time": 0.002,
                                "Actual Rows": 1,
                                "Actual Loops": 153,
                                "Output": [
                                    "cn.id",
                                    "cn.name",
                                    "cn.country_code",
                                    "cn.imdb_id",
                                    "cn.name_pcode_nf",
                                    "cn.name_pcode_sf",
                                    "cn.md5sum"
                                ],
                                "Index Cond": "(cn.id = mc.company_id)",
                                "Rows Removed by Index Recheck": 0,
                                "Filter": "((cn.country_code)::text = '[us]'::text)",
                                "Rows Removed by Filter": 0
                            }
                        ]
                    },
                    {
                        "Node Type": "Bitmap Heap Scan",
                        "Parent Relationship": "Inner",
                        "Parallel Aware": false,
                        "Relation Name": "aka_name",
                        "Schema": "public",
                        "Alias": "an",
                        "Startup Cost": 0.44,
                        "Total Cost": 4.47,
                        "Plan Rows": 2,
                        "Plan Width": 4,
                        "Actual Startup Time": 0.005,
                        "Actual Total Time": 0.006,
                        "Actual Rows": 20,
                        "Actual Loops": 153,
                        "Output": [
                            "an.id",
                            "an.person_id",
                            "an.name",
                            "an.imdb_index",
                            "an.name_pcode_cf",
                            "an.name_pcode_nf",
                            "an.surname_pcode",
                            "an.md5sum"
                        ],
                        "Recheck Cond": "(an.person_id = ci.person_id)",
                        "Rows Removed by Index Recheck": 0,
                        "Exact Heap Blocks": 306,
                        "Lossy Heap Blocks": 0,
                        "Plans": [
                            {
                                "Node Type": "Bitmap Index Scan",
                                "Parent Relationship": "Outer",
                                "Parallel Aware": false,
                                "Index Name": "person_id_aka_name",
                                "Startup Cost": 0.0,
                                "Total Cost": 0.44,
                                "Plan Rows": 2,
                                "Plan Width": 0,
                                "Actual Startup Time": 0.003,
                                "Actual Total Time": 0.003,
                                "Actual Rows": 20,
                                "Actual Loops": 153,
                                "Index Cond": "(an.person_id = ci.person_id)"
                            }
                        ]
                    }
                ]
            }
        ]
    },
    "Planning Time": 18.269,
    "Triggers": [],
    "Execution Time": 6136.069
}