[
  {
    "Plan": {
      "Node Type": "Aggregate",
      "Strategy": "Plain",
      "Partial Mode": "Finalize",
      "Parallel Aware": false,
      "Startup Cost": 245963.39,
      "Total Cost": 245963.4,
      "Plan Rows": 1,
      "Plan Width": 8,
      "Actual Startup Time": 480.071,
      "Actual Total Time": 511.497,
      "Actual Rows": 1,
      "Actual Loops": 1,
      "Plans": [
        {
          "Node Type": "Gather",
          "Parent Relationship": "Outer",
          "Parallel Aware": false,
          "Startup Cost": 245962.76,
          "Total Cost": 245963.37,
          "Plan Rows": 6,
          "Plan Width": 8,
          "Actual Startup Time": 479.723,
          "Actual Total Time": 511.47,
          "Actual Rows": 7,
          "Actual Loops": 1,
          "Workers Planned": 6,
          "Workers Launched": 6,
          "Single Copy": false,
          "Plans": [
            {
              "Node Type": "Aggregate",
              "Strategy": "Plain",
              "Partial Mode": "Partial",
              "Parent Relationship": "Outer",
              "Parallel Aware": false,
              "Startup Cost": 244962.76,
              "Total Cost": 244962.77,
              "Plan Rows": 1,
              "Plan Width": 8,
              "Actual Startup Time": 471.013,
              "Actual Total Time": 471.016,
              "Actual Rows": 1,
              "Actual Loops": 7,
              "Plans": [
                {
                  "Node Type": "Hash Join",
                  "Parent Relationship": "Outer",
                  "Parallel Aware": true,
                  "Join Type": "Inner",
                  "Startup Cost": 44014.19,
                  "Total Cost": 244917.71,
                  "Plan Rows": 18020,
                  "Plan Width": 0,
                  "Actual Startup Time": 73.475,
                  "Actual Total Time": 469.897,
                  "Actual Rows": 14261,
                  "Actual Loops": 7,
                  "Inner Unique": true,
                  "Hash Cond": "(ci.movie_id = t.id)",
                  "Plans": [
                    {
                      "Node Type": "Index Scan",
                      "Parent Relationship": "Outer",
                      "Parallel Aware": true,
                      "Scan Direction": "Forward",
                      "Index Name": "role_id_cast_info",
                      "Relation Name": "cast_info",
                      "Alias": "ci",
                      "Startup Cost": 0.56,
                      "Total Cost": 197634.26,
                      "Plan Rows": 1245649,
                      "Plan Width": 4,
                      "Actual Startup Time": 0.23,
                      "Actual Total Time": 238.774,
                      "Actual Rows": 1062320,
                      "Actual Loops": 7,
                      "Index Cond": "(role_id > 7)",
                      "Rows Removed by Index Recheck": 0
                    },
                    {
                      "Node Type": "Hash",
                      "Parent Relationship": "Inner",
                      "Parallel Aware": true,
                      "Startup Cost": 43899.32,
                      "Total Cost": 43899.32,
                      "Plan Rows": 9144,
                      "Plan Width": 4,
                      "Actual Startup Time": 72.604,
                      "Actual Total Time": 72.605,
                      "Actual Rows": 5205,
                      "Actual Loops": 7,
                      "Hash Buckets": 65536,
                      "Original Hash Buckets": 65536,
                      "Hash Batches": 1,
                      "Original Hash Batches": 1,
                      "Peak Memory Usage": 2080,
                      "Plans": [
                        {
                          "Node Type": "Seq Scan",
                          "Parent Relationship": "Outer",
                          "Parallel Aware": true,
                          "Relation Name": "title",
                          "Alias": "t",
                          "Startup Cost": 0.0,
                          "Total Cost": 43899.32,
                          "Plan Rows": 9144,
                          "Plan Width": 4,
                          "Actual Startup Time": 0.042,
                          "Actual Total Time": 69.476,
                          "Actual Rows": 5205,
                          "Actual Loops": 7,
                          "Filter": "(production_year = 1995)",
                          "Rows Removed by Filter": 355982
                        }
                      ]
                    }
                  ]
                }
              ]
            }
          ]
        }
      ]
    },
    "Planning Time": 0.5,
    "Triggers": [],
    "Execution Time": 511.553
  }
]