{
  "Plan": {
    "Node Type": "Aggregate",
    "Strategy": "Plain",
    "Partial Mode": "Finalize",
    "Parallel Aware": false,
    "Startup Cost": 204183.77,
    "Total Cost": 204183.78,
    "Plan Rows": 1,
    "Plan Width": 8,
    "Actual Startup Time": 207.659,
    "Actual Total Time": 232.199,
    "Actual Rows": 1,
    "Actual Loops": 1,
    "Plans": [
      {
        "Node Type": "Gather",
        "Parent Relationship": "Outer",
        "Parallel Aware": false,
        "Startup Cost": 204183.66,
        "Total Cost": 204183.77,
        "Plan Rows": 1,
        "Plan Width": 8,
        "Actual Startup Time": 207.548,
        "Actual Total Time": 232.191,
        "Actual Rows": 2,
        "Actual Loops": 1,
        "Workers Planned": 1,
        "Workers Launched": 1,
        "Single Copy": false,
        "Plans": [
          {
            "Node Type": "Aggregate",
            "Strategy": "Plain",
            "Partial Mode": "Partial",
            "Parent Relationship": "Outer",
            "Parallel Aware": false,
            "Startup Cost": 203183.66,
            "Total Cost": 203183.67,
            "Plan Rows": 1,
            "Plan Width": 8,
            "Actual Startup Time": 201.772,
            "Actual Total Time": 201.774,
            "Actual Rows": 1,
            "Actual Loops": 2,
            "Plans": [
              {
                "Node Type": "Nested Loop",
                "Parent Relationship": "Outer",
                "Parallel Aware": false,
                "Join Type": "Inner",
                "Startup Cost": 0.43,
                "Total Cost": 203174.53,
                "Plan Rows": 3652,
                "Plan Width": 0,
                "Actual Startup Time": 36.339,
                "Actual Total Time": 200.663,
                "Actual Rows": 13630,
                "Actual Loops": 2,
                "Inner Unique": false,
                "Plans": [
                  {
                    "Node Type": "Seq Scan",
                    "Parent Relationship": "Outer",
                    "Parallel Aware": true,
                    "Relation Name": "title",
                    "Alias": "t",
                    "Startup Cost": 0.0,
                    "Total Cost": 54588.39,
                    "Plan Rows": 1065,
                    "Plan Width": 4,
                    "Actual Startup Time": 36.264,
                    "Actual Total Time": 154.068,
                    "Actual Rows": 1399,
                    "Actual Loops": 2,
                    "Filter": "(production_year = 1936)",
                    "Rows Removed by Filter": 1262757
                  },
                  {
                    "Node Type": "Index Scan",
                    "Parent Relationship": "Inner",
                    "Parallel Aware": false,
                    "Scan Direction": "Forward",
                    "Index Name": "movie_id_movie_info",
                    "Relation Name": "movie_info",
                    "Alias": "mi",
                    "Startup Cost": 0.43,
                    "Total Cost": 139.27,
                    "Plan Rows": 25,
                    "Plan Width": 4,
                    "Actual Startup Time": 0.01,
                    "Actual Total Time": 0.032,
                    "Actual Rows": 10,
                    "Actual Loops": 2798,
                    "Index Cond": "(movie_id = t.id)",
                    "Rows Removed by Index Recheck": 0,
                    "Filter": "(info_type_id < 13)",
                    "Rows Removed by Filter": 4
                  }
                ]
              }
            ]
          }
        ]
      }
    ]
  },
  "Planning Time": 0.368,
  "Triggers": [],
  "Execution Time": 232.265
}