[
  {
    "Plan": {
      "Node Type": "Aggregate",
      "Strategy": "Plain",
      "Partial Mode": "Finalize",
      "Parallel Aware": false,
      "Startup Cost": 107501.77,
      "Total Cost": 107501.78,
      "Plan Rows": 1,
      "Plan Width": 8,
      "Actual Startup Time": 370.339,
      "Actual Total Time": 390.059,
      "Actual Rows": 1,
      "Actual Loops": 1,
      "Plans": [
        {
          "Node Type": "Gather",
          "Parent Relationship": "Outer",
          "Parallel Aware": false,
          "Startup Cost": 107501.45,
          "Total Cost": 107501.76,
          "Plan Rows": 3,
          "Plan Width": 8,
          "Actual Startup Time": 368.083,
          "Actual Total Time": 390.037,
          "Actual Rows": 4,
          "Actual Loops": 1,
          "Workers Planned": 3,
          "Workers Launched": 3,
          "Single Copy": false,
          "Plans": [
            {
              "Node Type": "Aggregate",
              "Strategy": "Plain",
              "Partial Mode": "Partial",
              "Parent Relationship": "Outer",
              "Parallel Aware": false,
              "Startup Cost": 106501.45,
              "Total Cost": 106501.46,
              "Plan Rows": 1,
              "Plan Width": 8,
              "Actual Startup Time": 358.939,
              "Actual Total Time": 359.078,
              "Actual Rows": 1,
              "Actual Loops": 4,
              "Plans": [
                {
                  "Node Type": "Hash Join",
                  "Parent Relationship": "Outer",
                  "Parallel Aware": true,
                  "Join Type": "Inner",
                  "Startup Cost": 61488.69,
                  "Total Cost": 106451.24,
                  "Plan Rows": 20082,
                  "Plan Width": 0,
                  "Actual Startup Time": 211.731,
                  "Actual Total Time": 354.864,
                  "Actual Rows": 104034,
                  "Actual Loops": 4,
                  "Inner Unique": false,
                  "Hash Cond": "(mk.movie_id = t.id)",
                  "Plans": [
                    {
                      "Node Type": "Seq Scan",
                      "Parent Relationship": "Outer",
                      "Parallel Aware": true,
                      "Relation Name": "movie_keyword",
                      "Alias": "mk",
                      "Startup Cost": 0.0,
                      "Total Cost": 42695.65,
                      "Plan Rows": 582193,
                      "Plan Width": 4,
                      "Actual Startup Time": 0.482,
                      "Actual Total Time": 98.732,
                      "Actual Rows": 452645,
                      "Actual Loops": 4,
                      "Filter": "(keyword_id > 7663)",
                      "Rows Removed by Filter": 678338
                    },
                    {
                      "Node Type": "Hash",
                      "Parent Relationship": "Inner",
                      "Parallel Aware": true,
                      "Startup Cost": 61034.46,
                      "Total Cost": 61034.46,
                      "Plan Rows": 36338,
                      "Plan Width": 8,
                      "Actual Startup Time": 209.499,
                      "Actual Total Time": 209.636,
                      "Actual Rows": 25576,
                      "Actual Loops": 4,
                      "Hash Buckets": 131072,
                      "Original Hash Buckets": 131072,
                      "Hash Batches": 1,
                      "Original Hash Batches": 1,
                      "Peak Memory Usage": 5088,
                      "Plans": [
                        {
                          "Node Type": "Hash Join",
                          "Parent Relationship": "Outer",
                          "Parallel Aware": true,
                          "Join Type": "Inner",
                          "Startup Cost": 45414.53,
                          "Total Cost": 61034.46,
                          "Plan Rows": 36338,
                          "Plan Width": 8,
                          "Actual Startup Time": 141.04,
                          "Actual Total Time": 201.902,
                          "Actual Rows": 25576,
                          "Actual Loops": 4,
                          "Inner Unique": true,
                          "Hash Cond": "(mi_idx.movie_id = t.id)",
                          "Plans": [
                            {
                              "Node Type": "Seq Scan",
                              "Parent Relationship": "Outer",
                              "Parallel Aware": true,
                              "Relation Name": "movie_info_idx",
                              "Alias": "mi_idx",
                              "Startup Cost": 0.0,
                              "Total Cost": 15122.68,
                              "Plan Rows": 189429,
                              "Plan Width": 4,
                              "Actual Startup Time": 0.024,
                              "Actual Total Time": 29.152,
                              "Actual Rows": 114981,
                              "Actual Loops": 4,
                              "Filter": "(info_type_id < 100)",
                              "Rows Removed by Filter": 230028
                            },
                            {
                              "Node Type": "Hash",
                              "Parent Relationship": "Inner",
                              "Parallel Aware": true,
                              "Startup Cost": 43898.92,
                              "Total Cost": 43898.92,
                              "Plan Rows": 121249,
                              "Plan Width": 4,
                              "Actual Startup Time": 138.615,
                              "Actual Total Time": 138.616,
                              "Actual Rows": 123507,
                              "Actual Loops": 4,
                              "Hash Buckets": 524288,
                              "Original Hash Buckets": 524288,
                              "Hash Batches": 1,
                              "Original Hash Batches": 1,
                              "Peak Memory Usage": 23488,
                              "Plans": [
                                {
                                  "Node Type": "Seq Scan",
                                  "Parent Relationship": "Outer",
                                  "Parallel Aware": true,
                                  "Relation Name": "title",
                                  "Alias": "t",
                                  "Startup Cost": 0.0,
                                  "Total Cost": 43898.92,
                                  "Plan Rows": 121249,
                                  "Plan Width": 4,
                                  "Actual Startup Time": 0.046,
                                  "Actual Total Time": 96.61,
                                  "Actual Rows": 123507,
                                  "Actual Loops": 4,
                                  "Filter": "(production_year < 1979)",
                                  "Rows Removed by Filter": 508571
                                }
                              ]
                            }
                          ]
                        }
                      ]
                    }
                  ]
                }
              ]
            }
          ]
        }
      ]
    },
    "Planning Time": 1.369,
    "Triggers": [],
    "Execution Time": 390.177
  }
]