{
    "Plan": {
        "Node Type": "Aggregate",
        "Strategy": "Plain",
        "Partial Mode": "Finalize",
        "Parallel Aware": false,
        "Startup Cost": 121873.44,
        "Total Cost": 121873.45,
        "Plan Rows": 1,
        "Plan Width": 8,
        "Actual Startup Time": 945.498,
        "Actual Total Time": 973.161,
        "Actual Rows": 1,
        "Actual Loops": 1,
        "Output": [
            "count(*)"
        ],
        "Plans": [
            {
                "Node Type": "Gather",
                "Parent Relationship": "Outer",
                "Parallel Aware": false,
                "Startup Cost": 121873.12,
                "Total Cost": 121873.43,
                "Plan Rows": 3,
                "Plan Width": 8,
                "Actual Startup Time": 927.952,
                "Actual Total Time": 973.15,
                "Actual Rows": 4,
                "Actual Loops": 1,
                "Output": [
                    "(PARTIAL count(*))"
                ],
                "Workers Planned": 3,
                "Workers Launched": 3,
                "Single Copy": false,
                "Plans": [
                    {
                        "Node Type": "Aggregate",
                        "Strategy": "Plain",
                        "Partial Mode": "Partial",
                        "Parent Relationship": "Outer",
                        "Parallel Aware": false,
                        "Startup Cost": 120873.12,
                        "Total Cost": 120873.13,
                        "Plan Rows": 1,
                        "Plan Width": 8,
                        "Actual Startup Time": 915.989,
                        "Actual Total Time": 916.528,
                        "Actual Rows": 1,
                        "Actual Loops": 4,
                        "Output": [
                            "PARTIAL count(*)"
                        ],
                        "Workers": [
                            {
                                "Worker Number": 0,
                                "Actual Startup Time": 911.645,
                                "Actual Total Time": 911.658,
                                "Actual Rows": 1,
                                "Actual Loops": 1
                            },
                            {
                                "Worker Number": 1,
                                "Actual Startup Time": 913.334,
                                "Actual Total Time": 913.34,
                                "Actual Rows": 1,
                                "Actual Loops": 1
                            },
                            {
                                "Worker Number": 2,
                                "Actual Startup Time": 911.856,
                                "Actual Total Time": 911.862,
                                "Actual Rows": 1,
                                "Actual Loops": 1
                            }
                        ],
                        "Plans": [
                            {
                                "Node Type": "Hash Join",
                                "Parent Relationship": "Outer",
                                "Parallel Aware": true,
                                "Join Type": "Inner",
                                "Startup Cost": 72345.43,
                                "Total Cost": 119866.85,
                                "Plan Rows": 402509,
                                "Plan Width": 0,
                                "Actual Startup Time": 565.014,
                                "Actual Total Time": 858.698,
                                "Actual Rows": 1478358,
                                "Actual Loops": 4,
                                "Inner Unique": false,
                                "Hash Cond": "(mk.movie_id = t.id)",
                                "Workers": [
                                    {
                                        "Worker Number": 0,
                                        "Actual Startup Time": 561.07,
                                        "Actual Total Time": 855.51,
                                        "Actual Rows": 1473487,
                                        "Actual Loops": 1
                                    },
                                    {
                                        "Worker Number": 1,
                                        "Actual Startup Time": 561.229,
                                        "Actual Total Time": 857.63,
                                        "Actual Rows": 1404614,
                                        "Actual Loops": 1
                                    },
                                    {
                                        "Worker Number": 2,
                                        "Actual Startup Time": 561.23,
                                        "Actual Total Time": 856.261,
                                        "Actual Rows": 1404124,
                                        "Actual Loops": 1
                                    }
                                ],
                                "Plans": [
                                    {
                                        "Node Type": "Seq Scan",
                                        "Parent Relationship": "Outer",
                                        "Parallel Aware": true,
                                        "Relation Name": "movie_keyword",
                                        "Schema": "public",
                                        "Alias": "mk",
                                        "Startup Cost": 0.0,
                                        "Total Cost": 42695.65,
                                        "Plan Rows": 839639,
                                        "Plan Width": 4,
                                        "Actual Startup Time": 0.278,
                                        "Actual Total Time": 119.228,
                                        "Actual Rows": 650640,
                                        "Actual Loops": 4,
                                        "Output": [
                                            "mk.id",
                                            "mk.movie_id",
                                            "mk.keyword_id"
                                        ],
                                        "Filter": "(mk.keyword_id > 3309)",
                                        "Rows Removed by Filter": 480342,
                                        "Workers": [
                                            {
                                                "Worker Number": 0,
                                                "Actual Startup Time": 0.288,
                                                "Actual Total Time": 125.552,
                                                "Actual Rows": 648125,
                                                "Actual Loops": 1
                                            },
                                            {
                                                "Worker Number": 1,
                                                "Actual Startup Time": 0.227,
                                                "Actual Total Time": 124.596,
                                                "Actual Rows": 615919,
                                                "Actual Loops": 1
                                            },
                                            {
                                                "Worker Number": 2,
                                                "Actual Startup Time": 0.298,
                                                "Actual Total Time": 124.547,
                                                "Actual Rows": 616722,
                                                "Actual Loops": 1
                                            }
                                        ]
                                    },
                                    {
                                        "Node Type": "Hash",
                                        "Parent Relationship": "Inner",
                                        "Parallel Aware": true,
                                        "Startup Cost": 66032.74,
                                        "Total Cost": 66032.74,
                                        "Plan Rows": 505015,
                                        "Plan Width": 8,
                                        "Actual Startup Time": 556.857,
                                        "Actual Total Time": 557.394,
                                        "Actual Rows": 327596,
                                        "Actual Loops": 4,
                                        "Output": [
                                            "t.id",
                                            "mi_idx.movie_id"
                                        ],
                                        "Hash Buckets": 2097152,
                                        "Original Hash Buckets": 2097152,
                                        "Hash Batches": 1,
                                        "Original Hash Batches": 1,
                                        "Peak Memory Usage": 67744,
                                        "Workers": [
                                            {
                                                "Worker Number": 0,
                                                "Actual Startup Time": 559.991,
                                                "Actual Total Time": 560.002,
                                                "Actual Rows": 337084,
                                                "Actual Loops": 1
                                            },
                                            {
                                                "Worker Number": 1,
                                                "Actual Startup Time": 559.998,
                                                "Actual Total Time": 560.001,
                                                "Actual Rows": 312915,
                                                "Actual Loops": 1
                                            },
                                            {
                                                "Worker Number": 2,
                                                "Actual Startup Time": 560.097,
                                                "Actual Total Time": 560.101,
                                                "Actual Rows": 307770,
                                                "Actual Loops": 1
                                            }
                                        ],
                                        "Plans": [
                                            {
                                                "Node Type": "Hash Join",
                                                "Parent Relationship": "Outer",
                                                "Parallel Aware": true,
                                                "Join Type": "Inner",
                                                "Startup Cost": 50838.18,
                                                "Total Cost": 66032.74,
                                                "Plan Rows": 505015,
                                                "Plan Width": 8,
                                                "Actual Startup Time": 339.33,
                                                "Actual Total Time": 464.606,
                                                "Actual Rows": 327596,
                                                "Actual Loops": 4,
                                                "Output": [
                                                    "t.id",
                                                    "mi_idx.movie_id"
                                                ],
                                                "Inner Unique": true,
                                                "Hash Cond": "(mi_idx.movie_id = t.id)",
                                                "Workers": [
                                                    {
                                                        "Worker Number": 0,
                                                        "Actual Startup Time": 339.293,
                                                        "Actual Total Time": 463.69,
                                                        "Actual Rows": 337084,
                                                        "Actual Loops": 1
                                                    },
                                                    {
                                                        "Worker Number": 1,
                                                        "Actual Startup Time": 339.261,
                                                        "Actual Total Time": 465.485,
                                                        "Actual Rows": 312915,
                                                        "Actual Loops": 1
                                                    },
                                                    {
                                                        "Worker Number": 2,
                                                        "Actual Startup Time": 339.373,
                                                        "Actual Total Time": 464.057,
                                                        "Actual Rows": 307770,
                                                        "Actual Loops": 1
                                                    }
                                                ],
                                                "Plans": [
                                                    {
                                                        "Node Type": "Seq Scan",
                                                        "Parent Relationship": "Outer",
                                                        "Parallel Aware": true,
                                                        "Relation Name": "movie_info_idx",
                                                        "Schema": "public",
                                                        "Alias": "mi_idx",
                                                        "Startup Cost": 0.0,
                                                        "Total Cost": 13685.15,
                                                        "Plan Rows": 575015,
                                                        "Plan Width": 4,
                                                        "Actual Startup Time": 0.012,
                                                        "Actual Total Time": 30.03,
                                                        "Actual Rows": 345009,
                                                        "Actual Loops": 4,
                                                        "Output": [
                                                            "mi_idx.id",
                                                            "mi_idx.movie_id",
                                                            "mi_idx.info_type_id",
                                                            "mi_idx.info",
                                                            "mi_idx.note"
                                                        ],
                                                        "Workers": [
                                                            {
                                                                "Worker Number": 0,
                                                                "Actual Startup Time": 0.009,
                                                                "Actual Total Time": 30.968,
                                                                "Actual Rows": 355503,
                                                                "Actual Loops": 1
                                                            },
                                                            {
                                                                "Worker Number": 1,
                                                                "Actual Startup Time": 0.017,
                                                                "Actual Total Time": 30.963,
                                                                "Actual Rows": 329767,
                                                                "Actual Loops": 1
                                                            },
                                                            {
                                                                "Worker Number": 2,
                                                                "Actual Startup Time": 0.013,
                                                                "Actual Total Time": 30.858,
                                                                "Actual Rows": 324294,
                                                                "Actual Loops": 1
                                                            }
                                                        ]
                                                    },
                                                    {
                                                        "Node Type": "Hash",
                                                        "Parent Relationship": "Inner",
                                                        "Parallel Aware": true,
                                                        "Startup Cost": 43899.01,
                                                        "Total Cost": 43899.01,
                                                        "Plan Rows": 555134,
                                                        "Plan Width": 4,
                                                        "Actual Startup Time": 332.699,
                                                        "Actual Total Time": 332.7,
                                                        "Actual Rows": 556142,
                                                        "Actual Loops": 4,
                                                        "Output": [
                                                            "t.id"
                                                        ],
                                                        "Hash Buckets": 4194304,
                                                        "Original Hash Buckets": 4194304,
                                                        "Hash Batches": 1,
                                                        "Original Hash Batches": 1,
                                                        "Peak Memory Usage": 119872,
                                                        "Workers": [
                                                            {
                                                                "Worker Number": 0,
                                                                "Actual Startup Time": 339.198,
                                                                "Actual Total Time": 339.199,
                                                                "Actual Rows": 545026,
                                                                "Actual Loops": 1
                                                            },
                                                            {
                                                                "Worker Number": 1,
                                                                "Actual Startup Time": 339.191,
                                                                "Actual Total Time": 339.192,
                                                                "Actual Rows": 497188,
                                                                "Actual Loops": 1
                                                            },
                                                            {
                                                                "Worker Number": 2,
                                                                "Actual Startup Time": 339.123,
                                                                "Actual Total Time": 339.125,
                                                                "Actual Rows": 500092,
                                                                "Actual Loops": 1
                                                            }
                                                        ],
                                                        "Plans": [
                                                            {
                                                                "Node Type": "Seq Scan",
                                                                "Parent Relationship": "Outer",
                                                                "Parallel Aware": true,
                                                                "Relation Name": "title",
                                                                "Schema": "public",
                                                                "Alias": "t",
                                                                "Startup Cost": 0.0,
                                                                "Total Cost": 43899.01,
                                                                "Plan Rows": 555134,
                                                                "Plan Width": 4,
                                                                "Actual Startup Time": 0.061,
                                                                "Actual Total Time": 114.148,
                                                                "Actual Rows": 556142,
                                                                "Actual Loops": 4,
                                                                "Output": [
                                                                    "t.id"
                                                                ],
                                                                "Filter": "(t.production_year < 2012)",
                                                                "Rows Removed by Filter": 75936,
                                                                "Workers": [
                                                                    {
                                                                        "Worker Number": 0,
                                                                        "Actual Startup Time": 0.079,
                                                                        "Actual Total Time": 118.473,
                                                                        "Actual Rows": 545026,
                                                                        "Actual Loops": 1
                                                                    },
                                                                    {
                                                                        "Worker Number": 1,
                                                                        "Actual Startup Time": 0.069,
                                                                        "Actual Total Time": 116.444,
                                                                        "Actual Rows": 497188,
                                                                        "Actual Loops": 1
                                                                    },
                                                                    {
                                                                        "Worker Number": 2,
                                                                        "Actual Startup Time": 0.08,
                                                                        "Actual Total Time": 117.175,
                                                                        "Actual Rows": 500092,
                                                                        "Actual Loops": 1
                                                                    }
                                                                ]
                                                            }
                                                        ]
                                                    }
                                                ]
                                            }
                                        ]
                                    }
                                ]
                            }
                        ]
                    }
                ]
            }
        ]
    },
    "Planning Time": 1.403,
    "Triggers": [],
    "Execution Time": 973.241
}