[
  {
    "Plan": {
      "Node Type": "Aggregate",
      "Strategy": "Plain",
      "Partial Mode": "Finalize",
      "Parallel Aware": false,
      "Startup Cost": 31645.78,
      "Total Cost": 31645.79,
      "Plan Rows": 1,
      "Plan Width": 8,
      "Actual Startup Time": 113.789,
      "Actual Total Time": 122.318,
      "Actual Rows": 1,
      "Actual Loops": 1,
      "Plans": [
        {
          "Node Type": "Gather",
          "Parent Relationship": "Outer",
          "Parallel Aware": false,
          "Startup Cost": 31645.47,
          "Total Cost": 31645.78,
          "Plan Rows": 3,
          "Plan Width": 8,
          "Actual Startup Time": 113.634,
          "Actual Total Time": 122.31,
          "Actual Rows": 4,
          "Actual Loops": 1,
          "Workers Planned": 3,
          "Workers Launched": 3,
          "Single Copy": false,
          "Plans": [
            {
              "Node Type": "Aggregate",
              "Strategy": "Plain",
              "Partial Mode": "Partial",
              "Parent Relationship": "Outer",
              "Parallel Aware": false,
              "Startup Cost": 30645.47,
              "Total Cost": 30645.48,
              "Plan Rows": 1,
              "Plan Width": 8,
              "Actual Startup Time": 105.129,
              "Actual Total Time": 105.13,
              "Actual Rows": 1,
              "Actual Loops": 4,
              "Plans": [
                {
                  "Node Type": "Seq Scan",
                  "Parent Relationship": "Outer",
                  "Parallel Aware": true,
                  "Relation Name": "movie_companies",
                  "Alias": "mc",
                  "Startup Cost": 0.0,
                  "Total Cost": 29310.68,
                  "Plan Rows": 533914,
                  "Plan Width": 0,
                  "Actual Startup Time": 0.029,
                  "Actual Total Time": 82.226,
                  "Actual Rows": 415824,
                  "Actual Loops": 4,
                  "Filter": "(company_id < 18765)",
                  "Rows Removed by Filter": 236458
                }
              ]
            }
          ]
        }
      ]
    },
    "Planning Time": 0.191,
    "Triggers": [],
    "Execution Time": 122.371
  }
]