{
    "Plan": {
        "Node Type": "Aggregate",
        "Strategy": "Plain",
        "Partial Mode": "Simple",
        "Parallel Aware": false,
        "Startup Cost": 10000862500.96,
        "Total Cost": 10000862500.97,
        "Plan Rows": 1,
        "Plan Width": 8,
        "Actual Startup Time": 11043.716,
        "Actual Total Time": 11043.725,
        "Actual Rows": 1,
        "Actual Loops": 1,
        "Output": [
            "count(*)"
        ],
        "Plans": [
            {
                "Node Type": "Hash Join",
                "Parent Relationship": "Outer",
                "Parallel Aware": false,
                "Join Type": "Inner",
                "Startup Cost": 10000398104.15,
                "Total Cost": 10000849438.99,
                "Plan Rows": 5224786,
                "Plan Width": 0,
                "Actual Startup Time": 3751.235,
                "Actual Total Time": 10486.548,
                "Actual Rows": 14649846,
                "Actual Loops": 1,
                "Inner Unique": false,
                "Hash Cond": "(t.id = mc.movie_id)",
                "Plans": [
                    {
                        "Node Type": "Hash Join",
                        "Parent Relationship": "Outer",
                        "Parallel Aware": false,
                        "Join Type": "Inner",
                        "Startup Cost": 10000322032.99,
                        "Total Cost": 10000634226.9,
                        "Plan Rows": 9930636,
                        "Plan Width": 8,
                        "Actual Startup Time": 3069.46,
                        "Actual Total Time": 6885.059,
                        "Actual Rows": 9911754,
                        "Actual Loops": 1,
                        "Output": [
                            "t.id",
                            "mi.movie_id"
                        ],
                        "Inner Unique": true,
                        "Hash Cond": "(mi.movie_id = t.id)",
                        "Plans": [
                            {
                                "Node Type": "Bitmap Heap Scan",
                                "Parent Relationship": "Outer",
                                "Parallel Aware": false,
                                "Relation Name": "movie_info",
                                "Schema": "public",
                                "Alias": "mi",
                                "Startup Cost": 180086.86,
                                "Total Cost": 466212.81,
                                "Plan Rows": 9930636,
                                "Plan Width": 4,
                                "Actual Startup Time": 535.75,
                                "Actual Total Time": 1757.22,
                                "Actual Rows": 9911754,
                                "Actual Loops": 1,
                                "Output": [
                                    "mi.id",
                                    "mi.movie_id",
                                    "mi.info_type_id",
                                    "mi.info",
                                    "mi.note"
                                ],
                                "Recheck Cond": "(mi.info_type_id > 4)",
                                "Rows Removed by Index Recheck": 0,
                                "Exact Heap Blocks": 130395,
                                "Lossy Heap Blocks": 0,
                                "Plans": [
                                    {
                                        "Node Type": "Bitmap Index Scan",
                                        "Parent Relationship": "Outer",
                                        "Parallel Aware": false,
                                        "Index Name": "info_type_id_movie_info",
                                        "Startup Cost": 0.0,
                                        "Total Cost": 177604.21,
                                        "Plan Rows": 9930636,
                                        "Plan Width": 0,
                                        "Actual Startup Time": 500.183,
                                        "Actual Total Time": 500.183,
                                        "Actual Rows": 9911754,
                                        "Actual Loops": 1,
                                        "Index Cond": "(mi.info_type_id > 4)"
                                    }
                                ]
                            },
                            {
                                "Node Type": "Hash",
                                "Parent Relationship": "Inner",
                                "Parallel Aware": false,
                                "Startup Cost": 10000110342.1,
                                "Total Cost": 10000110342.1,
                                "Plan Rows": 2528322,
                                "Plan Width": 4,
                                "Actual Startup Time": 2511.859,
                                "Actual Total Time": 2511.86,
                                "Actual Rows": 2528312,
                                "Actual Loops": 1,
                                "Output": [
                                    "t.id"
                                ],
                                "Hash Buckets": 4194304,
                                "Original Hash Buckets": 4194304,
                                "Hash Batches": 1,
                                "Original Hash Batches": 1,
                                "Peak Memory Usage": 121654,
                                "Plans": [
                                    {
                                        "Node Type": "Index Scan",
                                        "Parent Relationship": "Outer",
                                        "Parallel Aware": false,
                                        "Scan Direction": "Forward",
                                        "Index Name": "title_pkey",
                                        "Relation Name": "title",
                                        "Schema": "public",
                                        "Alias": "t",
                                        "Startup Cost": 10000000000.43,
                                        "Total Cost": 10000110342.1,
                                        "Plan Rows": 2528322,
                                        "Plan Width": 4,
                                        "Actual Startup Time": 0.049,
                                        "Actual Total Time": 1757.188,
                                        "Actual Rows": 2528312,
                                        "Actual Loops": 1,
                                        "Output": [
                                            "t.id"
                                        ]
                                    }
                                ]
                            }
                        ]
                    },
                    {
                        "Node Type": "Hash",
                        "Parent Relationship": "Inner",
                        "Parallel Aware": false,
                        "Startup Cost": 59443.41,
                        "Total Cost": 59443.41,
                        "Plan Rows": 1330221,
                        "Plan Width": 4,
                        "Actual Startup Time": 663.762,
                        "Actual Total Time": 663.762,
                        "Actual Rows": 1334883,
                        "Actual Loops": 1,
                        "Output": [
                            "mc.movie_id"
                        ],
                        "Hash Buckets": 2097152,
                        "Original Hash Buckets": 2097152,
                        "Hash Batches": 1,
                        "Original Hash Batches": 1,
                        "Peak Memory Usage": 63314,
                        "Plans": [
                            {
                                "Node Type": "Bitmap Heap Scan",
                                "Parent Relationship": "Outer",
                                "Parallel Aware": false,
                                "Relation Name": "movie_companies",
                                "Schema": "public",
                                "Alias": "mc",
                                "Startup Cost": 24025.64,
                                "Total Cost": 59443.41,
                                "Plan Rows": 1330221,
                                "Plan Width": 4,
                                "Actual Startup Time": 74.348,
                                "Actual Total Time": 319.044,
                                "Actual Rows": 1334883,
                                "Actual Loops": 1,
                                "Output": [
                                    "mc.movie_id"
                                ],
                                "Recheck Cond": "(mc.company_type_id > 1)",
                                "Rows Removed by Index Recheck": 0,
                                "Exact Heap Blocks": 7614,
                                "Lossy Heap Blocks": 0,
                                "Plans": [
                                    {
                                        "Node Type": "Bitmap Index Scan",
                                        "Parent Relationship": "Outer",
                                        "Parallel Aware": false,
                                        "Index Name": "company_type_id_movie_companies",
                                        "Startup Cost": 0.0,
                                        "Total Cost": 23693.09,
                                        "Plan Rows": 1330221,
                                        "Plan Width": 0,
                                        "Actual Startup Time": 72.923,
                                        "Actual Total Time": 72.923,
                                        "Actual Rows": 1334883,
                                        "Actual Loops": 1,
                                        "Index Cond": "(mc.company_type_id > 1)"
                                    }
                                ]
                            }
                        ]
                    }
                ]
            }
        ]
    },
    "Planning Time": 3.902,
    "Triggers": [],
    "Execution Time": 11048.992
}