[
  {
    "Plan": {
      "Node Type": "Aggregate",
      "Strategy": "Plain",
      "Partial Mode": "Finalize",
      "Parallel Aware": false,
      "Startup Cost": 33296.6,
      "Total Cost": 33296.61,
      "Plan Rows": 1,
      "Plan Width": 8,
      "Actual Startup Time": 118.94,
      "Actual Total Time": 126.865,
      "Actual Rows": 1,
      "Actual Loops": 1,
      "Plans": [
        {
          "Node Type": "Gather",
          "Parent Relationship": "Outer",
          "Parallel Aware": false,
          "Startup Cost": 33296.28,
          "Total Cost": 33296.59,
          "Plan Rows": 3,
          "Plan Width": 8,
          "Actual Startup Time": 118.667,
          "Actual Total Time": 126.855,
          "Actual Rows": 4,
          "Actual Loops": 1,
          "Workers Planned": 3,
          "Workers Launched": 3,
          "Single Copy": false,
          "Plans": [
            {
              "Node Type": "Aggregate",
              "Strategy": "Plain",
              "Partial Mode": "Partial",
              "Parent Relationship": "Outer",
              "Parallel Aware": false,
              "Startup Cost": 32296.28,
              "Total Cost": 32296.29,
              "Plan Rows": 1,
              "Plan Width": 8,
              "Actual Startup Time": 109.988,
              "Actual Total Time": 109.99,
              "Actual Rows": 1,
              "Actual Loops": 4,
              "Plans": [
                {
                  "Node Type": "Seq Scan",
                  "Parent Relationship": "Outer",
                  "Parallel Aware": true,
                  "Relation Name": "movie_companies",
                  "Alias": "mc",
                  "Startup Cost": 0.0,
                  "Total Cost": 31414.82,
                  "Plan Rows": 352584,
                  "Plan Width": 0,
                  "Actual Startup Time": 53.982,
                  "Actual Total Time": 95.431,
                  "Actual Rows": 304417,
                  "Actual Loops": 4,
                  "Filter": "((company_id > 395) AND (company_type_id = 2))",
                  "Rows Removed by Filter": 347866
                }
              ]
            }
          ]
        }
      ]
    },
    "Planning Time": 0.236,
    "Triggers": [],
    "Execution Time": 126.925
  }
]