[
  {
    "Plan": {
      "Node Type": "Aggregate",
      "Strategy": "Plain",
      "Partial Mode": "Finalize",
      "Parallel Aware": false,
      "Startup Cost": 64451.62,
      "Total Cost": 64451.63,
      "Plan Rows": 1,
      "Plan Width": 8,
      "Actual Startup Time": 318.392,
      "Actual Total Time": 335.04,
      "Actual Rows": 1,
      "Actual Loops": 1,
      "Plans": [
        {
          "Node Type": "Gather",
          "Parent Relationship": "Outer",
          "Parallel Aware": false,
          "Startup Cost": 64451.41,
          "Total Cost": 64451.62,
          "Plan Rows": 2,
          "Plan Width": 8,
          "Actual Startup Time": 315.248,
          "Actual Total Time": 335.031,
          "Actual Rows": 3,
          "Actual Loops": 1,
          "Workers Planned": 2,
          "Workers Launched": 2,
          "Single Copy": false,
          "Plans": [
            {
              "Node Type": "Aggregate",
              "Strategy": "Plain",
              "Partial Mode": "Partial",
              "Parent Relationship": "Outer",
              "Parallel Aware": false,
              "Startup Cost": 63451.41,
              "Total Cost": 63451.42,
              "Plan Rows": 1,
              "Plan Width": 8,
              "Actual Startup Time": 309.559,
              "Actual Total Time": 309.563,
              "Actual Rows": 1,
              "Actual Loops": 3,
              "Plans": [
                {
                  "Node Type": "Hash Join",
                  "Parent Relationship": "Outer",
                  "Parallel Aware": true,
                  "Join Type": "Inner",
                  "Startup Cost": 47127.95,
                  "Total Cost": 63252.38,
                  "Plan Rows": 79612,
                  "Plan Width": 0,
                  "Actual Startup Time": 228.374,
                  "Actual Total Time": 304.267,
                  "Actual Rows": 97081,
                  "Actual Loops": 3,
                  "Inner Unique": true,
                  "Hash Cond": "(mi_idx.movie_id = t.id)",
                  "Plans": [
                    {
                      "Node Type": "Seq Scan",
                      "Parent Relationship": "Outer",
                      "Parallel Aware": true,
                      "Relation Name": "movie_info_idx",
                      "Alias": "mi_idx",
                      "Startup Cost": 0.0,
                      "Total Cost": 15122.68,
                      "Plan Rows": 381618,
                      "Plan Width": 4,
                      "Actual Startup Time": 0.021,
                      "Actual Total Time": 58.086,
                      "Actual Rows": 306617,
                      "Actual Loops": 3,
                      "Filter": "(info_type_id < 101)",
                      "Rows Removed by Filter": 153395
                    },
                    {
                      "Node Type": "Hash",
                      "Parent Relationship": "Inner",
                      "Parallel Aware": true,
                      "Startup Cost": 45479.59,
                      "Total Cost": 45479.59,
                      "Plan Rows": 131869,
                      "Plan Width": 4,
                      "Actual Startup Time": 182.146,
                      "Actual Total Time": 182.147,
                      "Actual Rows": 134577,
                      "Actual Loops": 3,
                      "Hash Buckets": 1048576,
                      "Original Hash Buckets": 1048576,
                      "Hash Batches": 1,
                      "Original Hash Batches": 1,
                      "Peak Memory Usage": 24032,
                      "Plans": [
                        {
                          "Node Type": "Seq Scan",
                          "Parent Relationship": "Outer",
                          "Parallel Aware": true,
                          "Relation Name": "title",
                          "Alias": "t",
                          "Startup Cost": 0.0,
                          "Total Cost": 45479.59,
                          "Plan Rows": 131869,
                          "Plan Width": 4,
                          "Actual Startup Time": 48.461,
                          "Actual Total Time": 133.02,
                          "Actual Rows": 134577,
                          "Actual Loops": 3,
                          "Filter": "((production_year > 1975) AND (kind_id = 1))",
                          "Rows Removed by Filter": 708194
                        }
                      ]
                    }
                  ]
                }
              ]
            }
          ]
        }
      ]
    },
    "Planning Time": 0.295,
    "Triggers": [],
    "Execution Time": 335.085
  }
]