[
  {
    "Plan": {
      "Node Type": "Aggregate",
      "Strategy": "Plain",
      "Partial Mode": "Finalize",
      "Parallel Aware": false,
      "Startup Cost": 30654.34,
      "Total Cost": 30654.35,
      "Plan Rows": 1,
      "Plan Width": 8,
      "Actual Startup Time": 74.3,
      "Actual Total Time": 82.17,
      "Actual Rows": 1,
      "Actual Loops": 1,
      "Plans": [
        {
          "Node Type": "Gather",
          "Parent Relationship": "Outer",
          "Parallel Aware": false,
          "Startup Cost": 30654.02,
          "Total Cost": 30654.33,
          "Plan Rows": 3,
          "Plan Width": 8,
          "Actual Startup Time": 74.167,
          "Actual Total Time": 82.162,
          "Actual Rows": 4,
          "Actual Loops": 1,
          "Workers Planned": 3,
          "Workers Launched": 3,
          "Single Copy": false,
          "Plans": [
            {
              "Node Type": "Aggregate",
              "Strategy": "Plain",
              "Partial Mode": "Partial",
              "Parent Relationship": "Outer",
              "Parallel Aware": false,
              "Startup Cost": 29654.02,
              "Total Cost": 29654.03,
              "Plan Rows": 1,
              "Plan Width": 8,
              "Actual Startup Time": 70.705,
              "Actual Total Time": 70.706,
              "Actual Rows": 1,
              "Actual Loops": 4,
              "Plans": [
                {
                  "Node Type": "Seq Scan",
                  "Parent Relationship": "Outer",
                  "Parallel Aware": true,
                  "Relation Name": "movie_companies",
                  "Alias": "mc",
                  "Startup Cost": 0.0,
                  "Total Cost": 29310.68,
                  "Plan Rows": 137335,
                  "Plan Width": 0,
                  "Actual Startup Time": 0.021,
                  "Actual Total Time": 64.9,
                  "Actual Rows": 104952,
                  "Actual Loops": 4,
                  "Filter": "(company_id < 293)",
                  "Rows Removed by Filter": 547330
                }
              ]
            }
          ]
        }
      ]
    },
    "Planning Time": 0.137,
    "Triggers": [],
    "Execution Time": 82.213
  }
]