{
  "Plan": {
    "Node Type": "Aggregate",
    "Strategy": "Plain",
    "Partial Mode": "Simple",
    "Parallel Aware": false,
    "Startup Cost": 445140.06,
    "Total Cost": 445140.07,
    "Plan Rows": 1,
    "Plan Width": 96,
    "Actual Startup Time": 3058.193,
    "Actual Total Time": 3119.184,
    "Actual Rows": 1,
    "Actual Loops": 1,
    "Plans": [
      {
        "Node Type": "Gather",
        "Parent Relationship": "Outer",
        "Parallel Aware": false,
        "Startup Cost": 445119.02,
        "Total Cost": 445140.06,
        "Plan Rows": 1,
        "Plan Width": 42,
        "Actual Startup Time": 3008.646,
        "Actual Total Time": 3118.27,
        "Actual Rows": 4712,
        "Actual Loops": 1,
        "Workers Planned": 1,
        "Workers Launched": 1,
        "Single Copy": false,
        "Plans": [
          {
            "Node Type": "Nested Loop",
            "Parent Relationship": "Outer",
            "Parallel Aware": false,
            "Join Type": "Inner",
            "Startup Cost": 444119.02,
            "Total Cost": 444139.96,
            "Plan Rows": 1,
            "Plan Width": 42,
            "Actual Startup Time": 3000.33,
            "Actual Total Time": 3038.25,
            "Actual Rows": 2356,
            "Actual Loops": 2,
            "Inner Unique": true,
            "Plans": [
              {
                "Node Type": "Nested Loop",
                "Parent Relationship": "Outer",
                "Parallel Aware": false,
                "Join Type": "Inner",
                "Startup Cost": 444118.88,
                "Total Cost": 444137.5,
                "Plan Rows": 15,
                "Plan Width": 46,
                "Actual Startup Time": 3000.31,
                "Actual Total Time": 3033.762,
                "Actual Rows": 5188,
                "Actual Loops": 2,
                "Inner Unique": true,
                "Plans": [
                  {
                    "Node Type": "Merge Join",
                    "Parent Relationship": "Outer",
                    "Parallel Aware": false,
                    "Join Type": "Inner",
                    "Startup Cost": 444118.46,
                    "Total Cost": 444119.66,
                    "Plan Rows": 40,
                    "Plan Width": 31,
                    "Actual Startup Time": 3000.139,
                    "Actual Total Time": 3006.308,
                    "Actual Rows": 12894,
                    "Actual Loops": 2,
                    "Inner Unique": true,
                    "Merge Cond": "(mc.company_type_id = ct.id)",
                    "Plans": [
                      {
                        "Node Type": "Sort",
                        "Parent Relationship": "Outer",
                        "Parallel Aware": false,
                        "Startup Cost": 444117.4,
                        "Total Cost": 444117.8,
                        "Plan Rows": 159,
                        "Plan Width": 35,
                        "Actual Startup Time": 2997.391,
                        "Actual Total Time": 3002.448,
                        "Actual Rows": 36740,
                        "Actual Loops": 2,
                        "Sort Key": [
                          "mc.company_type_id"
                        ],
                        "Sort Method": "quicksort",
                        "Sort Space Used": 4772,
                        "Sort Space Type": "Memory",
                        "Workers": [
                          {
                            "Worker Number": 0,
                            "Sort Method": "quicksort",
                            "Sort Space Used": 4517,
                            "Sort Space Type": "Memory"
                          }
                        ],
                        "Plans": [
                          {
                            "Node Type": "Hash Join",
                            "Parent Relationship": "Outer",
                            "Parallel Aware": false,
                            "Join Type": "Inner",
                            "Startup Cost": 172284.79,
                            "Total Cost": 444111.59,
                            "Plan Rows": 159,
                            "Plan Width": 35,
                            "Actual Startup Time": 2869.814,
                            "Actual Total Time": 2990.754,
                            "Actual Rows": 36740,
                            "Actual Loops": 2,
                            "Inner Unique": true,
                            "Hash Cond": "(mi.info_type_id = it1.id)",
                            "Plans": [
                              {
                                "Node Type": "Hash Join",
                                "Parent Relationship": "Outer",
                                "Parallel Aware": true,
                                "Join Type": "Inner",
                                "Startup Cost": 172282.37,
                                "Total Cost": 444060.25,
                                "Plan Rows": 17958,
                                "Plan Width": 39,
                                "Actual Startup Time": 2619.835,
                                "Actual Total Time": 2985.118,
                                "Actual Rows": 36894,
                                "Actual Loops": 2,
                                "Inner Unique": false,
                                "Hash Cond": "(mi.movie_id = mc.movie_id)",
                                "Plans": [
                                  {
                                    "Node Type": "Seq Scan",
                                    "Parent Relationship": "Outer",
                                    "Parallel Aware": true,
                                    "Relation Name": "movie_info",
                                    "Alias": "mi",
                                    "Startup Cost": 0.0,
                                    "Total Cost": 271102.71,
                                    "Plan Rows": 23276,
                                    "Plan Width": 8,
                                    "Actual Startup Time": 603.954,
                                    "Actual Total Time": 957.457,
                                    "Actual Rows": 16832,
                                    "Actual Loops": 2,
                                    "Filter": "(info = ANY ('{Sci-Fi,War}'::text[]))",
                                    "Rows Removed by Filter": 7401028
                                  },
                                  {
                                    "Node Type": "Hash",
                                    "Parent Relationship": "Inner",
                                    "Parallel Aware": true,
                                    "Startup Cost": 157940.72,
                                    "Total Cost": 157940.72,
                                    "Plan Rows": 1147332,
                                    "Plan Width": 47,
                                    "Actual Startup Time": 1991.432,
                                    "Actual Total Time": 1993.597,
                                    "Actual Rows": 537438,
                                    "Actual Loops": 2,
                                    "Hash Buckets": 2097152,
                                    "Original Hash Buckets": 2097152,
                                    "Hash Batches": 1,
                                    "Original Hash Batches": 1,
                                    "Peak Memory Usage": 103552,
                                    "Plans": [
                                      {
                                        "Node Type": "Hash Join",
                                        "Parent Relationship": "Outer",
                                        "Parallel Aware": true,
                                        "Join Type": "Inner",
                                        "Startup Cost": 90364.61,
                                        "Total Cost": 157940.72,
                                        "Plan Rows": 1147332,
                                        "Plan Width": 47,
                                        "Actual Startup Time": 732.578,
                                        "Actual Total Time": 1740.534,
                                        "Actual Rows": 537438,
                                        "Actual Loops": 2,
                                        "Inner Unique": true,
                                        "Hash Cond": "(mc.movie_id = t.id)",
                                        "Plans": [
                                          {
                                            "Node Type": "Hash Join",
                                            "Parent Relationship": "Outer",
                                            "Parallel Aware": true,
                                            "Join Type": "Inner",
                                            "Startup Cost": 25016.34,
                                            "Total Cost": 84642.67,
                                            "Plan Rows": 3028483,
                                            "Plan Width": 26,
                                            "Actual Startup Time": 287.926,
                                            "Actual Total Time": 998.49,
                                            "Actual Rows": 1385930,
                                            "Actual Loops": 2,
                                            "Inner Unique": false,
                                            "Hash Cond": "(mc.movie_id = mi_idx.movie_id)",
                                            "Plans": [
                                              {
                                                "Node Type": "Seq Scan",
                                                "Parent Relationship": "Outer",
                                                "Parallel Aware": true,
                                                "Relation Name": "movie_companies",
                                                "Alias": "mc",
                                                "Startup Cost": 0.0,
                                                "Total Cost": 34137.82,
                                                "Plan Rows": 1534782,
                                                "Plan Width": 12,
                                                "Actual Startup Time": 0.016,
                                                "Actual Total Time": 136.327,
                                                "Actual Rows": 1304564,
                                                "Actual Loops": 2
                                              },
                                              {
                                                "Node Type": "Hash",
                                                "Parent Relationship": "Inner",
                                                "Parallel Aware": true,
                                                "Startup Cost": 18082.32,
                                                "Total Cost": 18082.32,
                                                "Plan Rows": 554722,
                                                "Plan Width": 14,
                                                "Actual Startup Time": 282.247,
                                                "Actual Total Time": 282.248,
                                                "Actual Rows": 472459,
                                                "Actual Loops": 2,
                                                "Hash Buckets": 1048576,
                                                "Original Hash Buckets": 1048576,
                                                "Hash Batches": 1,
                                                "Original Hash Batches": 1,
                                                "Peak Memory Usage": 53152,
                                                "Plans": [
                                                  {
                                                    "Node Type": "Seq Scan",
                                                    "Parent Relationship": "Outer",
                                                    "Parallel Aware": true,
                                                    "Relation Name": "movie_info_idx",
                                                    "Alias": "mi_idx",
                                                    "Startup Cost": 0.0,
                                                    "Total Cost": 18082.32,
                                                    "Plan Rows": 554722,
                                                    "Plan Width": 14,
                                                    "Actual Startup Time": 0.028,
                                                    "Actual Total Time": 127.63,
                                                    "Actual Rows": 472459,
                                                    "Actual Loops": 2,
                                                    "Filter": "(info > '11'::text)",
                                                    "Rows Removed by Filter": 217558
                                                  }
                                                ]
                                              }
                                            ]
                                          },
                                          {
                                            "Node Type": "Hash",
                                            "Parent Relationship": "Inner",
                                            "Parallel Aware": true,
                                            "Startup Cost": 58305.62,
                                            "Total Cost": 58305.62,
                                            "Plan Rows": 563412,
                                            "Plan Width": 21,
                                            "Actual Startup Time": 439.714,
                                            "Actual Total Time": 439.715,
                                            "Actual Rows": 475830,
                                            "Actual Loops": 2,
                                            "Hash Buckets": 1048576,
                                            "Original Hash Buckets": 1048576,
                                            "Hash Batches": 1,
                                            "Original Hash Batches": 1,
                                            "Peak Memory Usage": 61344,
                                            "Plans": [
                                              {
                                                "Node Type": "Seq Scan",
                                                "Parent Relationship": "Outer",
                                                "Parallel Aware": true,
                                                "Relation Name": "title",
                                                "Alias": "t",
                                                "Startup Cost": 0.0,
                                                "Total Cost": 58305.62,
                                                "Plan Rows": 563412,
                                                "Plan Width": 21,
                                                "Actual Startup Time": 0.039,
                                                "Actual Total Time": 224.564,
                                                "Actual Rows": 475830,
                                                "Actual Loops": 2,
                                                "Filter": "((production_year >= 1999) AND (production_year <= 2009))",
                                                "Rows Removed by Filter": 788326
                                              }
                                            ]
                                          }
                                        ]
                                      }
                                    ]
                                  }
                                ]
                              },
                              {
                                "Node Type": "Hash",
                                "Parent Relationship": "Inner",
                                "Parallel Aware": false,
                                "Startup Cost": 2.41,
                                "Total Cost": 2.41,
                                "Plan Rows": 1,
                                "Plan Width": 4,
                                "Actual Startup Time": 0.091,
                                "Actual Total Time": 0.092,
                                "Actual Rows": 1,
                                "Actual Loops": 2,
                                "Hash Buckets": 1024,
                                "Original Hash Buckets": 1024,
                                "Hash Batches": 1,
                                "Original Hash Batches": 1,
                                "Peak Memory Usage": 9,
                                "Plans": [
                                  {
                                    "Node Type": "Seq Scan",
                                    "Parent Relationship": "Outer",
                                    "Parallel Aware": false,
                                    "Relation Name": "info_type",
                                    "Alias": "it1",
                                    "Startup Cost": 0.0,
                                    "Total Cost": 2.41,
                                    "Plan Rows": 1,
                                    "Plan Width": 4,
                                    "Actual Startup Time": 0.052,
                                    "Actual Total Time": 0.073,
                                    "Actual Rows": 1,
                                    "Actual Loops": 2,
                                    "Filter": "((info)::text = 'genres'::text)",
                                    "Rows Removed by Filter": 112
                                  }
                                ]
                              }
                            ]
                          }
                        ]
                      },
                      {
                        "Node Type": "Sort",
                        "Parent Relationship": "Inner",
                        "Parallel Aware": false,
                        "Startup Cost": 1.06,
                        "Total Cost": 1.06,
                        "Plan Rows": 1,
                        "Plan Width": 4,
                        "Actual Startup Time": 0.054,
                        "Actual Total Time": 0.055,
                        "Actual Rows": 1,
                        "Actual Loops": 2,
                        "Sort Key": [
                          "ct.id"
                        ],
                        "Sort Method": "quicksort",
                        "Sort Space Used": 25,
                        "Sort Space Type": "Memory",
                        "Workers": [
                          {
                            "Worker Number": 0,
                            "Sort Method": "quicksort",
                            "Sort Space Used": 25,
                            "Sort Space Type": "Memory"
                          }
                        ],
                        "Plans": [
                          {
                            "Node Type": "Seq Scan",
                            "Parent Relationship": "Outer",
                            "Parallel Aware": false,
                            "Relation Name": "company_type",
                            "Alias": "ct",
                            "Startup Cost": 0.0,
                            "Total Cost": 1.05,
                            "Plan Rows": 1,
                            "Plan Width": 4,
                            "Actual Startup Time": 0.042,
                            "Actual Total Time": 0.043,
                            "Actual Rows": 1,
                            "Actual Loops": 2,
                            "Filter": "((kind)::text = 'production companies'::text)",
                            "Rows Removed by Filter": 3
                          }
                        ]
                      }
                    ]
                  },
                  {
                    "Node Type": "Index Scan",
                    "Parent Relationship": "Inner",
                    "Parallel Aware": false,
                    "Scan Direction": "Forward",
                    "Index Name": "company_name_pkey",
                    "Relation Name": "company_name",
                    "Alias": "cn",
                    "Startup Cost": 0.42,
                    "Total Cost": 0.45,
                    "Plan Rows": 1,
                    "Plan Width": 23,
                    "Actual Startup Time": 0.002,
                    "Actual Total Time": 0.002,
                    "Actual Rows": 0,
                    "Actual Loops": 25789,
                    "Index Cond": "(id = mc.company_id)",
                    "Rows Removed by Index Recheck": 0,
                    "Filter": "((country_code)::text = '[us]'::text)",
                    "Rows Removed by Filter": 1
                  }
                ]
              },
              {
                "Node Type": "Index Scan",
                "Parent Relationship": "Inner",
                "Parallel Aware": false,
                "Scan Direction": "Forward",
                "Index Name": "info_type_pkey",
                "Relation Name": "info_type",
                "Alias": "it2",
                "Startup Cost": 0.14,
                "Total Cost": 0.16,
                "Plan Rows": 1,
                "Plan Width": 4,
                "Actual Startup Time": 0.001,
                "Actual Total Time": 0.001,
                "Actual Rows": 0,
                "Actual Loops": 10376,
                "Index Cond": "(id = mi_idx.info_type_id)",
                "Rows Removed by Index Recheck": 0,
                "Filter": "((info)::text = 'rating'::text)",
                "Rows Removed by Filter": 1
              }
            ]
          }
        ]
      }
    ]
  },
  "Planning Time": 2.692,
  "Triggers": [],
  "Execution Time": 3119.396
}