{
  "Plan": {
    "Node Type": "Aggregate",
    "Strategy": "Plain",
    "Partial Mode": "Finalize",
    "Parallel Aware": false,
    "Startup Cost": 245654.07,
    "Total Cost": 245654.08,
    "Plan Rows": 1,
    "Plan Width": 8,
    "Actual Startup Time": 456.66,
    "Actual Total Time": 469.224,
    "Actual Rows": 1,
    "Actual Loops": 1,
    "Plans": [
      {
        "Node Type": "Gather",
        "Parent Relationship": "Outer",
        "Parallel Aware": false,
        "Startup Cost": 245653.96,
        "Total Cost": 245654.07,
        "Plan Rows": 1,
        "Plan Width": 8,
        "Actual Startup Time": 454.029,
        "Actual Total Time": 469.215,
        "Actual Rows": 2,
        "Actual Loops": 1,
        "Workers Planned": 1,
        "Workers Launched": 1,
        "Single Copy": false,
        "Plans": [
          {
            "Node Type": "Aggregate",
            "Strategy": "Plain",
            "Partial Mode": "Partial",
            "Parent Relationship": "Outer",
            "Parallel Aware": false,
            "Startup Cost": 244653.96,
            "Total Cost": 244653.97,
            "Plan Rows": 1,
            "Plan Width": 8,
            "Actual Startup Time": 445.75,
            "Actual Total Time": 445.754,
            "Actual Rows": 1,
            "Actual Loops": 2,
            "Plans": [
              {
                "Node Type": "Hash Join",
                "Parent Relationship": "Outer",
                "Parallel Aware": true,
                "Join Type": "Inner",
                "Startup Cost": 72007.27,
                "Total Cost": 244432.11,
                "Plan Rows": 88740,
                "Plan Width": 0,
                "Actual Startup Time": 419.312,
                "Actual Total Time": 445.716,
                "Actual Rows": 470,
                "Actual Loops": 2,
                "Inner Unique": true,
                "Hash Cond": "(mi.movie_id = t.id)",
                "Plans": [
                  {
                    "Node Type": "Bitmap Heap Scan",
                    "Parent Relationship": "Outer",
                    "Parallel Aware": true,
                    "Relation Name": "movie_info",
                    "Alias": "mi",
                    "Startup Cost": 3705.36,
                    "Total Cost": 175814.43,
                    "Plan Rows": 120298,
                    "Plan Width": 4,
                    "Actual Startup Time": 7.152,
                    "Actual Total Time": 22.362,
                    "Actual Rows": 98877,
                    "Actual Loops": 2,
                    "Recheck Cond": "(info_type_id > 106)",
                    "Rows Removed by Index Recheck": 0,
                    "Exact Heap Blocks": 2840,
                    "Lossy Heap Blocks": 0,
                    "Plans": [
                      {
                        "Node Type": "Bitmap Index Scan",
                        "Parent Relationship": "Outer",
                        "Parallel Aware": false,
                        "Index Name": "info_type_id_movie_info",
                        "Startup Cost": 0.0,
                        "Total Cost": 3654.24,
                        "Plan Rows": 204507,
                        "Plan Width": 0,
                        "Actual Startup Time": 6.444,
                        "Actual Total Time": 6.445,
                        "Actual Rows": 197754,
                        "Actual Loops": 1,
                        "Index Cond": "(info_type_id > 106)"
                      }
                    ]
                  },
                  {
                    "Node Type": "Hash",
                    "Parent Relationship": "Inner",
                    "Parallel Aware": true,
                    "Startup Cost": 54588.39,
                    "Total Cost": 54588.39,
                    "Plan Rows": 1097081,
                    "Plan Width": 4,
                    "Actual Startup Time": 393.919,
                    "Actual Total Time": 393.92,
                    "Actual Rows": 932744,
                    "Actual Loops": 2,
                    "Hash Buckets": 2097152,
                    "Original Hash Buckets": 2097152,
                    "Hash Batches": 1,
                    "Original Hash Batches": 1,
                    "Peak Memory Usage": 89376,
                    "Plans": [
                      {
                        "Node Type": "Seq Scan",
                        "Parent Relationship": "Outer",
                        "Parallel Aware": true,
                        "Relation Name": "title",
                        "Alias": "t",
                        "Startup Cost": 0.0,
                        "Total Cost": 54588.39,
                        "Plan Rows": 1097081,
                        "Plan Width": 4,
                        "Actual Startup Time": 0.04,
                        "Actual Total Time": 164.886,
                        "Actual Rows": 932744,
                        "Actual Loops": 2,
                        "Filter": "(kind_id > 1)",
                        "Rows Removed by Filter": 331412
                      }
                    ]
                  }
                ]
              }
            ]
          }
        ]
      }
    ]
  },
  "Planning Time": 0.66,
  "Triggers": [],
  "Execution Time": 469.357
}