{
  "Plan": {
    "Node Type": "Aggregate",
    "Strategy": "Plain",
    "Partial Mode": "Finalize",
    "Parallel Aware": false,
    "Startup Cost": 715519.35,
    "Total Cost": 715519.36,
    "Plan Rows": 1,
    "Plan Width": 8,
    "Actual Startup Time": 4107.288,
    "Actual Total Time": 4166.555,
    "Actual Rows": 1,
    "Actual Loops": 1,
    "Plans": [
      {
        "Node Type": "Gather",
        "Parent Relationship": "Outer",
        "Parallel Aware": false,
        "Startup Cost": 715519.24,
        "Total Cost": 715519.35,
        "Plan Rows": 1,
        "Plan Width": 8,
        "Actual Startup Time": 4104.479,
        "Actual Total Time": 4166.544,
        "Actual Rows": 2,
        "Actual Loops": 1,
        "Workers Planned": 1,
        "Workers Launched": 1,
        "Single Copy": false,
        "Plans": [
          {
            "Node Type": "Aggregate",
            "Strategy": "Plain",
            "Partial Mode": "Partial",
            "Parent Relationship": "Outer",
            "Parallel Aware": false,
            "Startup Cost": 714519.24,
            "Total Cost": 714519.25,
            "Plan Rows": 1,
            "Plan Width": 8,
            "Actual Startup Time": 4098.5,
            "Actual Total Time": 4098.504,
            "Actual Rows": 1,
            "Actual Loops": 2,
            "Plans": [
              {
                "Node Type": "Hash Join",
                "Parent Relationship": "Outer",
                "Parallel Aware": true,
                "Join Type": "Inner",
                "Startup Cost": 102921.63,
                "Total Cost": 713803.51,
                "Plan Rows": 286289,
                "Plan Width": 0,
                "Actual Startup Time": 949.136,
                "Actual Total Time": 4069.572,
                "Actual Rows": 693402,
                "Actual Loops": 2,
                "Inner Unique": false,
                "Hash Cond": "(t.id = mc.movie_id)",
                "Plans": [
                  {
                    "Node Type": "Hash Join",
                    "Parent Relationship": "Outer",
                    "Parallel Aware": true,
                    "Join Type": "Inner",
                    "Startup Cost": 56281.15,
                    "Total Cost": 658913.04,
                    "Plan Rows": 1050552,
                    "Plan Width": 8,
                    "Actual Startup Time": 694.936,
                    "Actual Total Time": 3501.155,
                    "Actual Rows": 577412,
                    "Actual Loops": 2,
                    "Inner Unique": true,
                    "Hash Cond": "(ci.movie_id = t.id)",
                    "Plans": [
                      {
                        "Node Type": "Seq Scan",
                        "Parent Relationship": "Outer",
                        "Parallel Aware": true,
                        "Relation Name": "cast_info",
                        "Alias": "ci",
                        "Startup Cost": 0.0,
                        "Total Cost": 572345.93,
                        "Plan Rows": 11537485,
                        "Plan Width": 4,
                        "Actual Startup Time": 528.166,
                        "Actual Total Time": 1852.099,
                        "Actual Rows": 10877146,
                        "Actual Loops": 2,
                        "Filter": "((person_id > 628613) AND (role_id > 1))",
                        "Rows Removed by Filter": 7245026
                      },
                      {
                        "Node Type": "Hash",
                        "Parent Relationship": "Inner",
                        "Parallel Aware": true,
                        "Startup Cost": 54588.39,
                        "Total Cost": 54588.39,
                        "Plan Rows": 135421,
                        "Plan Width": 4,
                        "Actual Startup Time": 166.02,
                        "Actual Total Time": 166.02,
                        "Actual Rows": 120700,
                        "Actual Loops": 2,
                        "Hash Buckets": 262144,
                        "Original Hash Buckets": 262144,
                        "Hash Batches": 1,
                        "Original Hash Batches": 1,
                        "Peak Memory Usage": 11520,
                        "Plans": [
                          {
                            "Node Type": "Seq Scan",
                            "Parent Relationship": "Outer",
                            "Parallel Aware": true,
                            "Relation Name": "title",
                            "Alias": "t",
                            "Startup Cost": 0.0,
                            "Total Cost": 54588.39,
                            "Plan Rows": 135421,
                            "Plan Width": 4,
                            "Actual Startup Time": 0.021,
                            "Actual Total Time": 130.297,
                            "Actual Rows": 120700,
                            "Actual Loops": 2,
                            "Filter": "(production_year < 1960)",
                            "Rows Removed by Filter": 1143456
                          }
                        ]
                      }
                    ]
                  },
                  {
                    "Node Type": "Hash",
                    "Parent Relationship": "Inner",
                    "Parallel Aware": true,
                    "Startup Cost": 41574.35,
                    "Total Cost": 41574.35,
                    "Plan Rows": 405290,
                    "Plan Width": 4,
                    "Actual Startup Time": 245.228,
                    "Actual Total Time": 245.229,
                    "Actual Rows": 473758,
                    "Actual Loops": 2,
                    "Hash Buckets": 1048576,
                    "Original Hash Buckets": 1048576,
                    "Hash Batches": 1,
                    "Original Hash Batches": 1,
                    "Peak Memory Usage": 45312,
                    "Plans": [
                      {
                        "Node Type": "Index Scan",
                        "Parent Relationship": "Outer",
                        "Parallel Aware": true,
                        "Scan Direction": "Forward",
                        "Index Name": "company_type_id_movie_companies",
                        "Relation Name": "movie_companies",
                        "Alias": "mc",
                        "Startup Cost": 0.43,
                        "Total Cost": 41574.35,
                        "Plan Rows": 405290,
                        "Plan Width": 4,
                        "Actual Startup Time": 0.096,
                        "Actual Total Time": 128.414,
                        "Actual Rows": 473758,
                        "Actual Loops": 2,
                        "Index Cond": "(company_type_id = 1)",
                        "Rows Removed by Index Recheck": 0,
                        "Filter": "(company_id < 12146)",
                        "Rows Removed by Filter": 163365
                      }
                    ]
                  }
                ]
              }
            ]
          }
        ]
      }
    ]
  },
  "Planning Time": 1.062,
  "Triggers": [],
  "Execution Time": 4166.662
}