{
  "Plan": {
    "Node Type": "Aggregate",
    "Strategy": "Plain",
    "Partial Mode": "Finalize",
    "Parallel Aware": false,
    "Startup Cost": 1075402.13,
    "Total Cost": 1075402.14,
    "Plan Rows": 1,
    "Plan Width": 8,
    "Actual Startup Time": 14898.73,
    "Actual Total Time": 14985.406,
    "Actual Rows": 1,
    "Actual Loops": 1,
    "Plans": [
      {
        "Node Type": "Gather",
        "Parent Relationship": "Outer",
        "Parallel Aware": false,
        "Startup Cost": 1075402.02,
        "Total Cost": 1075402.13,
        "Plan Rows": 1,
        "Plan Width": 8,
        "Actual Startup Time": 14880.736,
        "Actual Total Time": 14985.396,
        "Actual Rows": 2,
        "Actual Loops": 1,
        "Workers Planned": 1,
        "Workers Launched": 1,
        "Single Copy": false,
        "Plans": [
          {
            "Node Type": "Aggregate",
            "Strategy": "Plain",
            "Partial Mode": "Partial",
            "Parent Relationship": "Outer",
            "Parallel Aware": false,
            "Startup Cost": 1074402.02,
            "Total Cost": 1074402.03,
            "Plan Rows": 1,
            "Plan Width": 8,
            "Actual Startup Time": 14856.059,
            "Actual Total Time": 14858.247,
            "Actual Rows": 1,
            "Actual Loops": 2,
            "Plans": [
              {
                "Node Type": "Hash Join",
                "Parent Relationship": "Outer",
                "Parallel Aware": true,
                "Join Type": "Inner",
                "Startup Cost": 424048.28,
                "Total Cost": 1046467.63,
                "Plan Rows": 11173755,
                "Plan Width": 0,
                "Actual Startup Time": 3971.473,
                "Actual Total Time": 12722.908,
                "Actual Rows": 53153678,
                "Actual Loops": 2,
                "Inner Unique": false,
                "Hash Cond": "(ci.movie_id = t.id)",
                "Plans": [
                  {
                    "Node Type": "Index Scan",
                    "Parent Relationship": "Outer",
                    "Parallel Aware": true,
                    "Scan Direction": "Forward",
                    "Index Name": "role_id_cast_info",
                    "Relation Name": "cast_info",
                    "Alias": "ci",
                    "Startup Cost": 0.56,
                    "Total Cost": 526730.69,
                    "Plan Rows": 2996125,
                    "Plan Width": 4,
                    "Actual Startup Time": 0.074,
                    "Actual Total Time": 1206.58,
                    "Actual Rows": 5136279,
                    "Actual Loops": 2,
                    "Index Cond": "(role_id > 2)",
                    "Rows Removed by Index Recheck": 0,
                    "Filter": "(person_id > 2584619)",
                    "Rows Removed by Filter": 2924562
                  },
                  {
                    "Node Type": "Hash",
                    "Parent Relationship": "Inner",
                    "Parallel Aware": true,
                    "Startup Cost": 354716.66,
                    "Total Cost": 354716.66,
                    "Plan Rows": 5546484,
                    "Plan Width": 8,
                    "Actual Startup Time": 3917.164,
                    "Actual Total Time": 3919.351,
                    "Actual Rows": 4712600,
                    "Actual Loops": 2,
                    "Hash Buckets": 16777216,
                    "Original Hash Buckets": 16777216,
                    "Hash Batches": 1,
                    "Original Hash Batches": 1,
                    "Peak Memory Usage": 499808,
                    "Plans": [
                      {
                        "Node Type": "Hash Join",
                        "Parent Relationship": "Outer",
                        "Parallel Aware": true,
                        "Join Type": "Inner",
                        "Startup Cost": 69460.7,
                        "Total Cost": 354716.66,
                        "Plan Rows": 5546484,
                        "Plan Width": 8,
                        "Actual Startup Time": 532.851,
                        "Actual Total Time": 2645.565,
                        "Actual Rows": 4712600,
                        "Actual Loops": 2,
                        "Inner Unique": true,
                        "Hash Cond": "(mi.movie_id = t.id)",
                        "Plans": [
                          {
                            "Node Type": "Seq Scan",
                            "Parent Relationship": "Outer",
                            "Parallel Aware": true,
                            "Relation Name": "movie_info",
                            "Alias": "mi",
                            "Startup Cost": 0.0,
                            "Total Cost": 270696.42,
                            "Plan Rows": 5546484,
                            "Plan Width": 4,
                            "Actual Startup Time": 32.315,
                            "Actual Total Time": 742.848,
                            "Actual Rows": 4712600,
                            "Actual Loops": 2,
                            "Filter": "(info_type_id > 5)",
                            "Rows Removed by Filter": 2705260
                          },
                          {
                            "Node Type": "Hash",
                            "Parent Relationship": "Inner",
                            "Parallel Aware": true,
                            "Startup Cost": 50870.31,
                            "Total Cost": 50870.31,
                            "Plan Rows": 1487231,
                            "Plan Width": 4,
                            "Actual Startup Time": 489.861,
                            "Actual Total Time": 489.862,
                            "Actual Rows": 1264156,
                            "Actual Loops": 2,
                            "Hash Buckets": 4194304,
                            "Original Hash Buckets": 4194304,
                            "Hash Batches": 1,
                            "Original Hash Batches": 1,
                            "Peak Memory Usage": 131712,
                            "Plans": [
                              {
                                "Node Type": "Seq Scan",
                                "Parent Relationship": "Outer",
                                "Parallel Aware": true,
                                "Relation Name": "title",
                                "Alias": "t",
                                "Startup Cost": 0.0,
                                "Total Cost": 50870.31,
                                "Plan Rows": 1487231,
                                "Plan Width": 4,
                                "Actual Startup Time": 0.036,
                                "Actual Total Time": 145.787,
                                "Actual Rows": 1264156,
                                "Actual Loops": 2
                              }
                            ]
                          }
                        ]
                      }
                    ]
                  }
                ]
              }
            ]
          }
        ]
      }
    ]
  },
  "Planning Time": 1.068,
  "Triggers": [],
  "Execution Time": 14985.501
}