{
  "Plan": {
    "Node Type": "Aggregate",
    "Strategy": "Plain",
    "Partial Mode": "Finalize",
    "Parallel Aware": false,
    "Startup Cost": 477616.51,
    "Total Cost": 477616.52,
    "Plan Rows": 1,
    "Plan Width": 8,
    "Actual Startup Time": 4961.872,
    "Actual Total Time": 5003.314,
    "Actual Rows": 1,
    "Actual Loops": 1,
    "Plans": [
      {
        "Node Type": "Gather",
        "Parent Relationship": "Outer",
        "Parallel Aware": false,
        "Startup Cost": 477616.4,
        "Total Cost": 477616.51,
        "Plan Rows": 1,
        "Plan Width": 8,
        "Actual Startup Time": 4957.924,
        "Actual Total Time": 5003.308,
        "Actual Rows": 2,
        "Actual Loops": 1,
        "Workers Planned": 1,
        "Workers Launched": 1,
        "Single Copy": false,
        "Plans": [
          {
            "Node Type": "Aggregate",
            "Strategy": "Plain",
            "Partial Mode": "Partial",
            "Parent Relationship": "Outer",
            "Parallel Aware": false,
            "Startup Cost": 476616.4,
            "Total Cost": 476616.41,
            "Plan Rows": 1,
            "Plan Width": 8,
            "Actual Startup Time": 4953.43,
            "Actual Total Time": 4953.435,
            "Actual Rows": 1,
            "Actual Loops": 2,
            "Plans": [
              {
                "Node Type": "Hash Join",
                "Parent Relationship": "Outer",
                "Parallel Aware": true,
                "Join Type": "Inner",
                "Startup Cost": 117718.75,
                "Total Cost": 470126.57,
                "Plan Rows": 2595931,
                "Plan Width": 0,
                "Actual Startup Time": 710.187,
                "Actual Total Time": 4808.058,
                "Actual Rows": 3388530,
                "Actual Loops": 2,
                "Inner Unique": false,
                "Hash Cond": "(t.id = mc.movie_id)",
                "Plans": [
                  {
                    "Node Type": "Hash Join",
                    "Parent Relationship": "Outer",
                    "Parallel Aware": true,
                    "Join Type": "Inner",
                    "Startup Cost": 69460.7,
                    "Total Cost": 359808.77,
                    "Plan Rows": 7486332,
                    "Plan Width": 8,
                    "Actual Startup Time": 517.525,
                    "Actual Total Time": 3257.264,
                    "Actual Rows": 6372326,
                    "Actual Loops": 2,
                    "Inner Unique": true,
                    "Hash Cond": "(mi.movie_id = t.id)",
                    "Plans": [
                      {
                        "Node Type": "Seq Scan",
                        "Parent Relationship": "Outer",
                        "Parallel Aware": true,
                        "Relation Name": "movie_info",
                        "Alias": "mi",
                        "Startup Cost": 0.0,
                        "Total Cost": 270696.42,
                        "Plan Rows": 7486332,
                        "Plan Width": 4,
                        "Actual Startup Time": 0.011,
                        "Actual Total Time": 781.647,
                        "Actual Rows": 6372326,
                        "Actual Loops": 2,
                        "Filter": "(info_type_id > 2)",
                        "Rows Removed by Filter": 1045534
                      },
                      {
                        "Node Type": "Hash",
                        "Parent Relationship": "Inner",
                        "Parallel Aware": true,
                        "Startup Cost": 50870.31,
                        "Total Cost": 50870.31,
                        "Plan Rows": 1487231,
                        "Plan Width": 4,
                        "Actual Startup Time": 505.535,
                        "Actual Total Time": 505.535,
                        "Actual Rows": 1264156,
                        "Actual Loops": 2,
                        "Hash Buckets": 4194304,
                        "Original Hash Buckets": 4194304,
                        "Hash Batches": 1,
                        "Original Hash Batches": 1,
                        "Peak Memory Usage": 131712,
                        "Plans": [
                          {
                            "Node Type": "Seq Scan",
                            "Parent Relationship": "Outer",
                            "Parallel Aware": true,
                            "Relation Name": "title",
                            "Alias": "t",
                            "Startup Cost": 0.0,
                            "Total Cost": 50870.31,
                            "Plan Rows": 1487231,
                            "Plan Width": 4,
                            "Actual Startup Time": 0.029,
                            "Actual Total Time": 141.972,
                            "Actual Rows": 1264156,
                            "Actual Loops": 2
                          }
                        ]
                      }
                    ]
                  },
                  {
                    "Node Type": "Hash",
                    "Parent Relationship": "Inner",
                    "Parallel Aware": true,
                    "Startup Cost": 41811.73,
                    "Total Cost": 41811.73,
                    "Plan Rows": 515706,
                    "Plan Width": 4,
                    "Actual Startup Time": 183.881,
                    "Actual Total Time": 183.882,
                    "Actual Rows": 278821,
                    "Actual Loops": 2,
                    "Hash Buckets": 1048576,
                    "Original Hash Buckets": 1048576,
                    "Hash Batches": 1,
                    "Original Hash Batches": 1,
                    "Peak Memory Usage": 30016,
                    "Plans": [
                      {
                        "Node Type": "Seq Scan",
                        "Parent Relationship": "Outer",
                        "Parallel Aware": true,
                        "Relation Name": "movie_companies",
                        "Alias": "mc",
                        "Startup Cost": 0.0,
                        "Total Cost": 41811.73,
                        "Plan Rows": 515706,
                        "Plan Width": 4,
                        "Actual Startup Time": 61.848,
                        "Actual Total Time": 121.754,
                        "Actual Rows": 278821,
                        "Actual Loops": 2,
                        "Filter": "((company_id < 21641) AND (company_type_id > 1))",
                        "Rows Removed by Filter": 1025744
                      }
                    ]
                  }
                ]
              }
            ]
          }
        ]
      }
    ]
  },
  "Planning Time": 0.752,
  "Triggers": [],
  "Execution Time": 5003.388
}