[
  {
    "Plan": {
      "Node Type": "Aggregate",
      "Strategy": "Plain",
      "Partial Mode": "Finalize",
      "Parallel Aware": false,
      "Startup Cost": 31468.13,
      "Total Cost": 31468.14,
      "Plan Rows": 1,
      "Plan Width": 8,
      "Actual Startup Time": 112.725,
      "Actual Total Time": 119.323,
      "Actual Rows": 1,
      "Actual Loops": 1,
      "Plans": [
        {
          "Node Type": "Gather",
          "Parent Relationship": "Outer",
          "Parallel Aware": false,
          "Startup Cost": 31467.81,
          "Total Cost": 31468.12,
          "Plan Rows": 3,
          "Plan Width": 8,
          "Actual Startup Time": 112.602,
          "Actual Total Time": 119.314,
          "Actual Rows": 4,
          "Actual Loops": 1,
          "Workers Planned": 3,
          "Workers Launched": 3,
          "Single Copy": false,
          "Plans": [
            {
              "Node Type": "Aggregate",
              "Strategy": "Plain",
              "Partial Mode": "Partial",
              "Parent Relationship": "Outer",
              "Parallel Aware": false,
              "Startup Cost": 30467.81,
              "Total Cost": 30467.82,
              "Plan Rows": 1,
              "Plan Width": 8,
              "Actual Startup Time": 105.48,
              "Actual Total Time": 105.481,
              "Actual Rows": 1,
              "Actual Loops": 4,
              "Plans": [
                {
                  "Node Type": "Seq Scan",
                  "Parent Relationship": "Outer",
                  "Parallel Aware": true,
                  "Relation Name": "movie_companies",
                  "Alias": "mc",
                  "Startup Cost": 0.0,
                  "Total Cost": 29310.68,
                  "Plan Rows": 462853,
                  "Plan Width": 0,
                  "Actual Startup Time": 16.34,
                  "Actual Total Time": 87.752,
                  "Actual Rows": 359058,
                  "Actual Loops": 4,
                  "Filter": "(company_id > 9884)",
                  "Rows Removed by Filter": 293224
                }
              ]
            }
          ]
        }
      ]
    },
    "Planning Time": 0.197,
    "Triggers": [],
    "Execution Time": 119.383
  }
]