[
  {
    "Plan": {
      "Node Type": "Aggregate",
      "Strategy": "Plain",
      "Partial Mode": "Finalize",
      "Parallel Aware": false,
      "Startup Cost": 332925.7,
      "Total Cost": 332925.71,
      "Plan Rows": 1,
      "Plan Width": 8,
      "Actual Startup Time": 674.404,
      "Actual Total Time": 735.086,
      "Actual Rows": 1,
      "Actual Loops": 1,
      "Plans": [
        {
          "Node Type": "Gather",
          "Parent Relationship": "Outer",
          "Parallel Aware": false,
          "Startup Cost": 332925.07,
          "Total Cost": 332925.68,
          "Plan Rows": 6,
          "Plan Width": 8,
          "Actual Startup Time": 674.276,
          "Actual Total Time": 735.076,
          "Actual Rows": 7,
          "Actual Loops": 1,
          "Workers Planned": 6,
          "Workers Launched": 6,
          "Single Copy": false,
          "Plans": [
            {
              "Node Type": "Aggregate",
              "Strategy": "Plain",
              "Partial Mode": "Partial",
              "Parent Relationship": "Outer",
              "Parallel Aware": false,
              "Startup Cost": 331925.07,
              "Total Cost": 331925.08,
              "Plan Rows": 1,
              "Plan Width": 8,
              "Actual Startup Time": 665.468,
              "Actual Total Time": 665.469,
              "Actual Rows": 1,
              "Actual Loops": 7,
              "Plans": [
                {
                  "Node Type": "Seq Scan",
                  "Parent Relationship": "Outer",
                  "Parallel Aware": true,
                  "Relation Name": "cast_info",
                  "Alias": "ci",
                  "Startup Cost": 0.0,
                  "Total Cost": 328162.03,
                  "Plan Rows": 1505219,
                  "Plan Width": 0,
                  "Actual Startup Time": 0.048,
                  "Actual Total Time": 600.377,
                  "Actual Rows": 1311122,
                  "Actual Loops": 7,
                  "Filter": "(person_id < 902711)",
                  "Rows Removed by Filter": 3866642
                }
              ]
            }
          ]
        }
      ]
    },
    "Planning Time": 0.202,
    "Triggers": [],
    "Execution Time": 735.159
  }
]