[
  {
    "Plan": {
      "Node Type": "Aggregate",
      "Strategy": "Plain",
      "Partial Mode": "Finalize",
      "Parallel Aware": false,
      "Startup Cost": 338923.22,
      "Total Cost": 338923.23,
      "Plan Rows": 1,
      "Plan Width": 8,
      "Actual Startup Time": 939.517,
      "Actual Total Time": 989.205,
      "Actual Rows": 1,
      "Actual Loops": 1,
      "Plans": [
        {
          "Node Type": "Gather",
          "Parent Relationship": "Outer",
          "Parallel Aware": false,
          "Startup Cost": 338922.6,
          "Total Cost": 338923.21,
          "Plan Rows": 6,
          "Plan Width": 8,
          "Actual Startup Time": 939.305,
          "Actual Total Time": 989.19,
          "Actual Rows": 7,
          "Actual Loops": 1,
          "Workers Planned": 6,
          "Workers Launched": 6,
          "Single Copy": false,
          "Plans": [
            {
              "Node Type": "Aggregate",
              "Strategy": "Plain",
              "Partial Mode": "Partial",
              "Parent Relationship": "Outer",
              "Parallel Aware": false,
              "Startup Cost": 337922.6,
              "Total Cost": 337922.61,
              "Plan Rows": 1,
              "Plan Width": 8,
              "Actual Startup Time": 930.686,
              "Actual Total Time": 930.687,
              "Actual Rows": 1,
              "Actual Loops": 7,
              "Plans": [
                {
                  "Node Type": "Seq Scan",
                  "Parent Relationship": "Outer",
                  "Parallel Aware": true,
                  "Relation Name": "cast_info",
                  "Alias": "ci",
                  "Startup Cost": 0.0,
                  "Total Cost": 328211.39,
                  "Plan Rows": 3884483,
                  "Plan Width": 0,
                  "Actual Startup Time": 182.037,
                  "Actual Total Time": 734.544,
                  "Actual Rows": 3316687,
                  "Actual Loops": 7,
                  "Filter": "(person_id > 1287094)",
                  "Rows Removed by Filter": 1861077
                }
              ]
            }
          ]
        }
      ]
    },
    "Planning Time": 0.122,
    "Triggers": [],
    "Execution Time": 989.253
  }
]