[
  {
    "Plan": {
      "Node Type": "Aggregate",
      "Strategy": "Plain",
      "Partial Mode": "Finalize",
      "Parallel Aware": false,
      "Startup Cost": 44619.62,
      "Total Cost": 44619.63,
      "Plan Rows": 1,
      "Plan Width": 8,
      "Actual Startup Time": 126.71,
      "Actual Total Time": 135.493,
      "Actual Rows": 1,
      "Actual Loops": 1,
      "Plans": [
        {
          "Node Type": "Gather",
          "Parent Relationship": "Outer",
          "Parallel Aware": false,
          "Startup Cost": 44619.31,
          "Total Cost": 44619.62,
          "Plan Rows": 3,
          "Plan Width": 8,
          "Actual Startup Time": 126.567,
          "Actual Total Time": 135.484,
          "Actual Rows": 4,
          "Actual Loops": 1,
          "Workers Planned": 3,
          "Workers Launched": 3,
          "Single Copy": false,
          "Plans": [
            {
              "Node Type": "Aggregate",
              "Strategy": "Plain",
              "Partial Mode": "Partial",
              "Parent Relationship": "Outer",
              "Parallel Aware": false,
              "Startup Cost": 43619.31,
              "Total Cost": 43619.32,
              "Plan Rows": 1,
              "Plan Width": 8,
              "Actual Startup Time": 119.924,
              "Actual Total Time": 119.925,
              "Actual Rows": 1,
              "Actual Loops": 4,
              "Plans": [
                {
                  "Node Type": "Seq Scan",
                  "Parent Relationship": "Outer",
                  "Parallel Aware": true,
                  "Relation Name": "movie_keyword",
                  "Alias": "mk",
                  "Startup Cost": 0.0,
                  "Total Cost": 42695.65,
                  "Plan Rows": 369461,
                  "Plan Width": 0,
                  "Actual Startup Time": 3.18,
                  "Actual Total Time": 105.999,
                  "Actual Rows": 286746,
                  "Actual Loops": 4,
                  "Filter": "(keyword_id > 16246)",
                  "Rows Removed by Filter": 844236
                }
              ]
            }
          ]
        }
      ]
    },
    "Planning Time": 0.187,
    "Triggers": [],
    "Execution Time": 135.55
  }
]