[
    {
        "Bao": {
            "Bao prediction": "NaN",
            "Bao recommended hint": "(no hint)"
        }
    },
    {
        "Plan": {
            "Node Type": "Aggregate",
            "Strategy": "Plain",
            "Partial Mode": "Finalize",
            "Parallel Aware": false,
            "Startup Cost": 31524.19,
            "Total Cost": 31524.2,
            "Plan Rows": 1,
            "Plan Width": 8,
            "Actual Startup Time": 103.654,
            "Actual Total Time": 109.278,
            "Actual Rows": 1,
            "Actual Loops": 1,
            "Output": [
                "count(*)"
            ],
            "Plans": [
                {
                    "Node Type": "Gather",
                    "Parent Relationship": "Outer",
                    "Parallel Aware": false,
                    "Startup Cost": 31523.87,
                    "Total Cost": 31524.18,
                    "Plan Rows": 3,
                    "Plan Width": 8,
                    "Actual Startup Time": 103.568,
                    "Actual Total Time": 109.271,
                    "Actual Rows": 4,
                    "Actual Loops": 1,
                    "Output": [
                        "(PARTIAL count(*))"
                    ],
                    "Workers Planned": 3,
                    "Workers Launched": 3,
                    "Single Copy": false,
                    "Plans": [
                        {
                            "Node Type": "Aggregate",
                            "Strategy": "Plain",
                            "Partial Mode": "Partial",
                            "Parent Relationship": "Outer",
                            "Parallel Aware": false,
                            "Startup Cost": 30523.87,
                            "Total Cost": 30523.88,
                            "Plan Rows": 1,
                            "Plan Width": 8,
                            "Actual Startup Time": 95.43,
                            "Actual Total Time": 95.431,
                            "Actual Rows": 1,
                            "Actual Loops": 4,
                            "Output": [
                                "PARTIAL count(*)"
                            ],
                            "Workers": [
                                {
                                    "Worker Number": 0,
                                    "Actual Startup Time": 92.59,
                                    "Actual Total Time": 92.591,
                                    "Actual Rows": 1,
                                    "Actual Loops": 1
                                },
                                {
                                    "Worker Number": 1,
                                    "Actual Startup Time": 93.052,
                                    "Actual Total Time": 93.053,
                                    "Actual Rows": 1,
                                    "Actual Loops": 1
                                },
                                {
                                    "Worker Number": 2,
                                    "Actual Startup Time": 93.08,
                                    "Actual Total Time": 93.081,
                                    "Actual Rows": 1,
                                    "Actual Loops": 1
                                }
                            ],
                            "Plans": [
                                {
                                    "Node Type": "Seq Scan",
                                    "Parent Relationship": "Outer",
                                    "Parallel Aware": true,
                                    "Relation Name": "movie_companies",
                                    "Schema": "public",
                                    "Alias": "mc",
                                    "Startup Cost": 0.0,
                                    "Total Cost": 29310.68,
                                    "Plan Rows": 485277,
                                    "Plan Width": 0,
                                    "Actual Startup Time": 5.88,
                                    "Actual Total Time": 76.935,
                                    "Actual Rows": 376155,
                                    "Actual Loops": 4,
                                    "Output": [
                                        "id",
                                        "movie_id",
                                        "company_id",
                                        "company_type_id",
                                        "note"
                                    ],
                                    "Filter": "(mc.company_id > 7608)",
                                    "Rows Removed by Filter": 276127,
                                    "Workers": [
                                        {
                                            "Worker Number": 0,
                                            "Actual Startup Time": 3.019,
                                            "Actual Total Time": 75.225,
                                            "Actual Rows": 241475,
                                            "Actual Loops": 1
                                        },
                                        {
                                            "Worker Number": 1,
                                            "Actual Startup Time": 3.632,
                                            "Actual Total Time": 75.042,
                                            "Actual Rows": 372160,
                                            "Actual Loops": 1
                                        },
                                        {
                                            "Worker Number": 2,
                                            "Actual Startup Time": 3.494,
                                            "Actual Total Time": 75.174,
                                            "Actual Rows": 368169,
                                            "Actual Loops": 1
                                        }
                                    ]
                                }
                            ]
                        }
                    ]
                }
            ]
        },
        "Planning Time": 181.376,
        "Triggers": [],
        "Execution Time": 109.356
    }
]