{
    "Plan": {
        "Node Type": "Aggregate",
        "Strategy": "Plain",
        "Partial Mode": "Finalize",
        "Parallel Aware": false,
        "Startup Cost": 126024.42,
        "Total Cost": 126024.43,
        "Plan Rows": 1,
        "Plan Width": 8,
        "Actual Startup Time": 1247.274,
        "Actual Total Time": 1270.746,
        "Actual Rows": 1,
        "Actual Loops": 1,
        "Output": [
            "count(*)"
        ],
        "Plans": [
            {
                "Node Type": "Gather",
                "Parent Relationship": "Outer",
                "Parallel Aware": false,
                "Startup Cost": 126024.1,
                "Total Cost": 126024.41,
                "Plan Rows": 3,
                "Plan Width": 8,
                "Actual Startup Time": 1242.251,
                "Actual Total Time": 1270.734,
                "Actual Rows": 4,
                "Actual Loops": 1,
                "Output": [
                    "(PARTIAL count(*))"
                ],
                "Workers Planned": 3,
                "Workers Launched": 3,
                "Single Copy": false,
                "Plans": [
                    {
                        "Node Type": "Aggregate",
                        "Strategy": "Plain",
                        "Partial Mode": "Partial",
                        "Parent Relationship": "Outer",
                        "Parallel Aware": false,
                        "Startup Cost": 125024.1,
                        "Total Cost": 125024.11,
                        "Plan Rows": 1,
                        "Plan Width": 8,
                        "Actual Startup Time": 1233.338,
                        "Actual Total Time": 1233.628,
                        "Actual Rows": 1,
                        "Actual Loops": 4,
                        "Output": [
                            "PARTIAL count(*)"
                        ],
                        "Workers": [
                            {
                                "Worker Number": 0,
                                "Actual Startup Time": 1230.013,
                                "Actual Total Time": 1230.018,
                                "Actual Rows": 1,
                                "Actual Loops": 1
                            },
                            {
                                "Worker Number": 1,
                                "Actual Startup Time": 1231.535,
                                "Actual Total Time": 1231.542,
                                "Actual Rows": 1,
                                "Actual Loops": 1
                            },
                            {
                                "Worker Number": 2,
                                "Actual Startup Time": 1230.355,
                                "Actual Total Time": 1230.361,
                                "Actual Rows": 1,
                                "Actual Loops": 1
                            }
                        ],
                        "Plans": [
                            {
                                "Node Type": "Hash Join",
                                "Parent Relationship": "Outer",
                                "Parallel Aware": true,
                                "Join Type": "Inner",
                                "Startup Cost": 79349.53,
                                "Total Cost": 124519.91,
                                "Plan Rows": 201676,
                                "Plan Width": 0,
                                "Actual Startup Time": 461.199,
                                "Actual Total Time": 1046.754,
                                "Actual Rows": 3757634,
                                "Actual Loops": 4,
                                "Inner Unique": false,
                                "Hash Cond": "(mk.movie_id = t.id)",
                                "Workers": [
                                    {
                                        "Worker Number": 0,
                                        "Actual Startup Time": 458.159,
                                        "Actual Total Time": 1046.597,
                                        "Actual Rows": 4391365,
                                        "Actual Loops": 1
                                    },
                                    {
                                        "Worker Number": 1,
                                        "Actual Startup Time": 458.57,
                                        "Actual Total Time": 1044.834,
                                        "Actual Rows": 3054020,
                                        "Actual Loops": 1
                                    },
                                    {
                                        "Worker Number": 2,
                                        "Actual Startup Time": 458.501,
                                        "Actual Total Time": 1042.669,
                                        "Actual Rows": 3054758,
                                        "Actual Loops": 1
                                    }
                                ],
                                "Plans": [
                                    {
                                        "Node Type": "Seq Scan",
                                        "Parent Relationship": "Outer",
                                        "Parallel Aware": true,
                                        "Relation Name": "movie_keyword",
                                        "Schema": "public",
                                        "Alias": "mk",
                                        "Startup Cost": 0.0,
                                        "Total Cost": 39047.32,
                                        "Plan Rows": 1459332,
                                        "Plan Width": 4,
                                        "Actual Startup Time": 0.022,
                                        "Actual Total Time": 121.2,
                                        "Actual Rows": 1130982,
                                        "Actual Loops": 4,
                                        "Output": [
                                            "mk.id",
                                            "mk.movie_id",
                                            "mk.keyword_id"
                                        ],
                                        "Workers": [
                                            {
                                                "Worker Number": 0,
                                                "Actual Startup Time": 0.02,
                                                "Actual Total Time": 129.551,
                                                "Actual Rows": 1289390,
                                                "Actual Loops": 1
                                            },
                                            {
                                                "Worker Number": 1,
                                                "Actual Startup Time": 0.031,
                                                "Actual Total Time": 126.838,
                                                "Actual Rows": 917600,
                                                "Actual Loops": 1
                                            },
                                            {
                                                "Worker Number": 2,
                                                "Actual Startup Time": 0.023,
                                                "Actual Total Time": 124.886,
                                                "Actual Rows": 952010,
                                                "Actual Loops": 1
                                            }
                                        ]
                                    },
                                    {
                                        "Node Type": "Hash",
                                        "Parent Relationship": "Inner",
                                        "Parallel Aware": true,
                                        "Startup Cost": 77940.63,
                                        "Total Cost": 77940.63,
                                        "Plan Rows": 112712,
                                        "Plan Width": 8,
                                        "Actual Startup Time": 457.266,
                                        "Actual Total Time": 457.554,
                                        "Actual Rows": 231396,
                                        "Actual Loops": 4,
                                        "Output": [
                                            "t.id",
                                            "mc.movie_id"
                                        ],
                                        "Hash Buckets": 1048576,
                                        "Original Hash Buckets": 524288,
                                        "Hash Batches": 1,
                                        "Original Hash Batches": 1,
                                        "Peak Memory Usage": 48544,
                                        "Workers": [
                                            {
                                                "Worker Number": 0,
                                                "Actual Startup Time": 457.507,
                                                "Actual Total Time": 457.511,
                                                "Actual Rows": 245941,
                                                "Actual Loops": 1
                                            },
                                            {
                                                "Worker Number": 1,
                                                "Actual Startup Time": 457.599,
                                                "Actual Total Time": 457.603,
                                                "Actual Rows": 174753,
                                                "Actual Loops": 1
                                            },
                                            {
                                                "Worker Number": 2,
                                                "Actual Startup Time": 457.696,
                                                "Actual Total Time": 457.7,
                                                "Actual Rows": 247260,
                                                "Actual Loops": 1
                                            }
                                        ],
                                        "Plans": [
                                            {
                                                "Node Type": "Hash Join",
                                                "Parent Relationship": "Outer",
                                                "Parallel Aware": true,
                                                "Join Type": "Inner",
                                                "Startup Cost": 46674.93,
                                                "Total Cost": 77940.63,
                                                "Plan Rows": 112712,
                                                "Plan Width": 8,
                                                "Actual Startup Time": 160.002,
                                                "Actual Total Time": 378.602,
                                                "Actual Rows": 231396,
                                                "Actual Loops": 4,
                                                "Output": [
                                                    "t.id",
                                                    "mc.movie_id"
                                                ],
                                                "Inner Unique": true,
                                                "Hash Cond": "(mc.movie_id = t.id)",
                                                "Workers": [
                                                    {
                                                        "Worker Number": 0,
                                                        "Actual Startup Time": 159.962,
                                                        "Actual Total Time": 378.367,
                                                        "Actual Rows": 245941,
                                                        "Actual Loops": 1
                                                    },
                                                    {
                                                        "Worker Number": 1,
                                                        "Actual Startup Time": 159.963,
                                                        "Actual Total Time": 379.599,
                                                        "Actual Rows": 174753,
                                                        "Actual Loops": 1
                                                    },
                                                    {
                                                        "Worker Number": 2,
                                                        "Actual Startup Time": 159.835,
                                                        "Actual Total Time": 378.285,
                                                        "Actual Rows": 247260,
                                                        "Actual Loops": 1
                                                    }
                                                ],
                                                "Plans": [
                                                    {
                                                        "Node Type": "Seq Scan",
                                                        "Parent Relationship": "Outer",
                                                        "Parallel Aware": true,
                                                        "Relation Name": "movie_companies",
                                                        "Schema": "public",
                                                        "Alias": "mc",
                                                        "Startup Cost": 0.0,
                                                        "Total Cost": 29310.68,
                                                        "Plan Rows": 744767,
                                                        "Plan Width": 4,
                                                        "Actual Startup Time": 0.047,
                                                        "Actual Total Time": 80.811,
                                                        "Actual Rows": 579063,
                                                        "Actual Loops": 4,
                                                        "Output": [
                                                            "mc.id",
                                                            "mc.movie_id",
                                                            "mc.company_id",
                                                            "mc.company_type_id",
                                                            "mc.note"
                                                        ],
                                                        "Filter": "(mc.company_id > 159)",
                                                        "Rows Removed by Filter": 73219,
                                                        "Workers": [
                                                            {
                                                                "Worker Number": 0,
                                                                "Actual Startup Time": 0.038,
                                                                "Actual Total Time": 80.752,
                                                                "Actual Rows": 614752,
                                                                "Actual Loops": 1
                                                            },
                                                            {
                                                                "Worker Number": 1,
                                                                "Actual Startup Time": 0.047,
                                                                "Actual Total Time": 86.895,
                                                                "Actual Rows": 438375,
                                                                "Actual Loops": 1
                                                            },
                                                            {
                                                                "Worker Number": 2,
                                                                "Actual Startup Time": 0.057,
                                                                "Actual Total Time": 80.746,
                                                                "Actual Rows": 616256,
                                                                "Actual Loops": 1
                                                            }
                                                        ]
                                                    },
                                                    {
                                                        "Node Type": "Hash",
                                                        "Parent Relationship": "Inner",
                                                        "Parallel Aware": true,
                                                        "Startup Cost": 45479.21,
                                                        "Total Cost": 45479.21,
                                                        "Plan Rows": 95658,
                                                        "Plan Width": 4,
                                                        "Actual Startup Time": 158.056,
                                                        "Actual Total Time": 158.057,
                                                        "Actual Rows": 121205,
                                                        "Actual Loops": 4,
                                                        "Output": [
                                                            "t.id"
                                                        ],
                                                        "Hash Buckets": 524288,
                                                        "Original Hash Buckets": 524288,
                                                        "Hash Batches": 1,
                                                        "Original Hash Batches": 1,
                                                        "Peak Memory Usage": 23136,
                                                        "Workers": [
                                                            {
                                                                "Worker Number": 0,
                                                                "Actual Startup Time": 159.718,
                                                                "Actual Total Time": 159.719,
                                                                "Actual Rows": 124550,
                                                                "Actual Loops": 1
                                                            },
                                                            {
                                                                "Worker Number": 1,
                                                                "Actual Startup Time": 159.716,
                                                                "Actual Total Time": 159.717,
                                                                "Actual Rows": 90311,
                                                                "Actual Loops": 1
                                                            },
                                                            {
                                                                "Worker Number": 2,
                                                                "Actual Startup Time": 159.686,
                                                                "Actual Total Time": 159.687,
                                                                "Actual Rows": 125484,
                                                                "Actual Loops": 1
                                                            }
                                                        ],
                                                        "Plans": [
                                                            {
                                                                "Node Type": "Seq Scan",
                                                                "Parent Relationship": "Outer",
                                                                "Parallel Aware": true,
                                                                "Relation Name": "title",
                                                                "Schema": "public",
                                                                "Alias": "t",
                                                                "Startup Cost": 0.0,
                                                                "Total Cost": 45479.21,
                                                                "Plan Rows": 95658,
                                                                "Plan Width": 4,
                                                                "Actual Startup Time": 0.09,
                                                                "Actual Total Time": 116.145,
                                                                "Actual Rows": 121205,
                                                                "Actual Loops": 4,
                                                                "Output": [
                                                                    "t.id"
                                                                ],
                                                                "Filter": "((t.kind_id < 7) AND (t.production_year < 1999))",
                                                                "Rows Removed by Filter": 510873,
                                                                "Workers": [
                                                                    {
                                                                        "Worker Number": 0,
                                                                        "Actual Startup Time": 0.088,
                                                                        "Actual Total Time": 116.286,
                                                                        "Actual Rows": 124550,
                                                                        "Actual Loops": 1
                                                                    },
                                                                    {
                                                                        "Worker Number": 1,
                                                                        "Actual Startup Time": 0.075,
                                                                        "Actual Total Time": 117.743,
                                                                        "Actual Rows": 90311,
                                                                        "Actual Loops": 1
                                                                    },
                                                                    {
                                                                        "Worker Number": 2,
                                                                        "Actual Startup Time": 0.158,
                                                                        "Actual Total Time": 115.944,
                                                                        "Actual Rows": 125484,
                                                                        "Actual Loops": 1
                                                                    }
                                                                ]
                                                            }
                                                        ]
                                                    }
                                                ]
                                            }
                                        ]
                                    }
                                ]
                            }
                        ]
                    }
                ]
            }
        ]
    },
    "Planning Time": 1.641,
    "Triggers": [],
    "Execution Time": 1270.841
}