[
  {
    "Plan": {
      "Node Type": "Aggregate",
      "Strategy": "Plain",
      "Partial Mode": "Finalize",
      "Parallel Aware": false,
      "Startup Cost": 7409.06,
      "Total Cost": 7409.07,
      "Plan Rows": 1,
      "Plan Width": 8,
      "Actual Startup Time": 22.283,
      "Actual Total Time": 26.067,
      "Actual Rows": 1,
      "Actual Loops": 1,
      "Plans": [
        {
          "Node Type": "Gather",
          "Parent Relationship": "Outer",
          "Parallel Aware": false,
          "Startup Cost": 7408.85,
          "Total Cost": 7409.06,
          "Plan Rows": 2,
          "Plan Width": 8,
          "Actual Startup Time": 22.194,
          "Actual Total Time": 26.055,
          "Actual Rows": 3,
          "Actual Loops": 1,
          "Workers Planned": 2,
          "Workers Launched": 2,
          "Single Copy": false,
          "Plans": [
            {
              "Node Type": "Aggregate",
              "Strategy": "Plain",
              "Partial Mode": "Partial",
              "Parent Relationship": "Outer",
              "Parallel Aware": false,
              "Startup Cost": 6408.85,
              "Total Cost": 6408.86,
              "Plan Rows": 1,
              "Plan Width": 8,
              "Actual Startup Time": 18.713,
              "Actual Total Time": 18.714,
              "Actual Rows": 1,
              "Actual Loops": 3,
              "Plans": [
                {
                  "Node Type": "Index Scan",
                  "Parent Relationship": "Outer",
                  "Parallel Aware": true,
                  "Scan Direction": "Forward",
                  "Index Name": "role_id_cast_info",
                  "Relation Name": "cast_info",
                  "Alias": "ci",
                  "Startup Cost": 0.56,
                  "Total Cost": 6381.34,
                  "Plan Rows": 11004,
                  "Plan Width": 0,
                  "Actual Startup Time": 0.061,
                  "Actual Total Time": 18.557,
                  "Actual Rows": 2252,
                  "Actual Loops": 3,
                  "Index Cond": "(role_id = 7)",
                  "Rows Removed by Index Recheck": 0,
                  "Filter": "(person_id < 452289)",
                  "Rows Removed by Filter": 89883
                }
              ]
            }
          ]
        }
      ]
    },
    "Planning Time": 0.121,
    "Triggers": [],
    "Execution Time": 26.113
  }
]