[
    {
        "Bao": {
            "Bao prediction": "NaN",
            "Bao recommended hint": "(no hint)"
        }
    },
    {
        "Plan": {
            "Node Type": "Aggregate",
            "Strategy": "Plain",
            "Partial Mode": "Finalize",
            "Parallel Aware": false,
            "Startup Cost": 269420.18,
            "Total Cost": 269420.19,
            "Plan Rows": 1,
            "Plan Width": 8,
            "Actual Startup Time": 81.583,
            "Actual Total Time": 84.83,
            "Actual Rows": 1,
            "Actual Loops": 1,
            "Output": [
                "count(*)"
            ],
            "Plans": [
                {
                    "Node Type": "Gather",
                    "Parent Relationship": "Outer",
                    "Parallel Aware": false,
                    "Startup Cost": 269419.66,
                    "Total Cost": 269420.17,
                    "Plan Rows": 5,
                    "Plan Width": 8,
                    "Actual Startup Time": 81.36,
                    "Actual Total Time": 84.821,
                    "Actual Rows": 6,
                    "Actual Loops": 1,
                    "Output": [
                        "(PARTIAL count(*))"
                    ],
                    "Workers Planned": 5,
                    "Workers Launched": 5,
                    "Single Copy": false,
                    "Plans": [
                        {
                            "Node Type": "Aggregate",
                            "Strategy": "Plain",
                            "Partial Mode": "Partial",
                            "Parent Relationship": "Outer",
                            "Parallel Aware": false,
                            "Startup Cost": 268419.66,
                            "Total Cost": 268419.67,
                            "Plan Rows": 1,
                            "Plan Width": 8,
                            "Actual Startup Time": 71.201,
                            "Actual Total Time": 71.202,
                            "Actual Rows": 1,
                            "Actual Loops": 6,
                            "Output": [
                                "PARTIAL count(*)"
                            ],
                            "Workers": [
                                {
                                    "Worker Number": 0,
                                    "Actual Startup Time": 69.105,
                                    "Actual Total Time": 69.106,
                                    "Actual Rows": 1,
                                    "Actual Loops": 1
                                },
                                {
                                    "Worker Number": 1,
                                    "Actual Startup Time": 69.114,
                                    "Actual Total Time": 69.116,
                                    "Actual Rows": 1,
                                    "Actual Loops": 1
                                },
                                {
                                    "Worker Number": 2,
                                    "Actual Startup Time": 69.095,
                                    "Actual Total Time": 69.098,
                                    "Actual Rows": 1,
                                    "Actual Loops": 1
                                },
                                {
                                    "Worker Number": 3,
                                    "Actual Startup Time": 69.472,
                                    "Actual Total Time": 69.474,
                                    "Actual Rows": 1,
                                    "Actual Loops": 1
                                },
                                {
                                    "Worker Number": 4,
                                    "Actual Startup Time": 69.48,
                                    "Actual Total Time": 69.481,
                                    "Actual Rows": 1,
                                    "Actual Loops": 1
                                }
                            ],
                            "Plans": [
                                {
                                    "Node Type": "Bitmap Heap Scan",
                                    "Parent Relationship": "Outer",
                                    "Parallel Aware": true,
                                    "Relation Name": "cast_info",
                                    "Schema": "public",
                                    "Alias": "ci",
                                    "Startup Cost": 10442.01,
                                    "Total Cost": 268183.18,
                                    "Plan Rows": 94592,
                                    "Plan Width": 0,
                                    "Actual Startup Time": 34.003,
                                    "Actual Total Time": 63.009,
                                    "Actual Rows": 79088,
                                    "Actual Loops": 6,
                                    "Recheck Cond": "(ci.person_id < 53496)",
                                    "Rows Removed by Index Recheck": 0,
                                    "Exact Heap Blocks": 1837,
                                    "Lossy Heap Blocks": 0,
                                    "Workers": [
                                        {
                                            "Worker Number": 0,
                                            "Actual Startup Time": 31.905,
                                            "Actual Total Time": 61.246,
                                            "Actual Rows": 60866,
                                            "Actual Loops": 1
                                        },
                                        {
                                            "Worker Number": 1,
                                            "Actual Startup Time": 32.023,
                                            "Actual Total Time": 61.352,
                                            "Actual Rows": 59985,
                                            "Actual Loops": 1
                                        },
                                        {
                                            "Worker Number": 2,
                                            "Actual Startup Time": 32.088,
                                            "Actual Total Time": 61.399,
                                            "Actual Rows": 60240,
                                            "Actual Loops": 1
                                        },
                                        {
                                            "Worker Number": 3,
                                            "Actual Startup Time": 32.243,
                                            "Actual Total Time": 61.832,
                                            "Actual Rows": 59505,
                                            "Actual Loops": 1
                                        },
                                        {
                                            "Worker Number": 4,
                                            "Actual Startup Time": 32.317,
                                            "Actual Total Time": 61.773,
                                            "Actual Rows": 60537,
                                            "Actual Loops": 1
                                        }
                                    ],
                                    "Plans": [
                                        {
                                            "Node Type": "Bitmap Index Scan",
                                            "Parent Relationship": "Outer",
                                            "Parallel Aware": false,
                                            "Index Name": "person_id_cast_info",
                                            "Startup Cost": 0.0,
                                            "Total Cost": 10323.77,
                                            "Plan Rows": 472960,
                                            "Plan Width": 0,
                                            "Actual Startup Time": 42.366,
                                            "Actual Total Time": 42.367,
                                            "Actual Rows": 474531,
                                            "Actual Loops": 1,
                                            "Index Cond": "(ci.person_id < 53496)"
                                        }
                                    ]
                                }
                            ]
                        }
                    ]
                }
            ]
        },
        "Planning Time": 298.527,
        "Triggers": [],
        "Execution Time": 84.9
    }
]