{
  "Plan": {
    "Node Type": "Aggregate",
    "Strategy": "Plain",
    "Partial Mode": "Finalize",
    "Parallel Aware": false,
    "Startup Cost": 126306.52,
    "Total Cost": 126306.53,
    "Plan Rows": 1,
    "Plan Width": 8,
    "Actual Startup Time": 614.168,
    "Actual Total Time": 627.246,
    "Actual Rows": 1,
    "Actual Loops": 1,
    "Plans": [
      {
        "Node Type": "Gather",
        "Parent Relationship": "Outer",
        "Parallel Aware": false,
        "Startup Cost": 126306.41,
        "Total Cost": 126306.52,
        "Plan Rows": 1,
        "Plan Width": 8,
        "Actual Startup Time": 613.136,
        "Actual Total Time": 627.238,
        "Actual Rows": 2,
        "Actual Loops": 1,
        "Workers Planned": 1,
        "Workers Launched": 1,
        "Single Copy": false,
        "Plans": [
          {
            "Node Type": "Aggregate",
            "Strategy": "Plain",
            "Partial Mode": "Partial",
            "Parent Relationship": "Outer",
            "Parallel Aware": false,
            "Startup Cost": 125306.41,
            "Total Cost": 125306.42,
            "Plan Rows": 1,
            "Plan Width": 8,
            "Actual Startup Time": 609.844,
            "Actual Total Time": 609.847,
            "Actual Rows": 1,
            "Actual Loops": 2,
            "Plans": [
              {
                "Node Type": "Hash Join",
                "Parent Relationship": "Outer",
                "Parallel Aware": true,
                "Join Type": "Inner",
                "Startup Cost": 60737.74,
                "Total Cost": 124547.67,
                "Plan Rows": 303498,
                "Plan Width": 0,
                "Actual Startup Time": 184.175,
                "Actual Total Time": 576.25,
                "Actual Rows": 814388,
                "Actual Loops": 2,
                "Inner Unique": true,
                "Hash Cond": "(mk.movie_id = t.id)",
                "Plans": [
                  {
                    "Node Type": "Seq Scan",
                    "Parent Relationship": "Outer",
                    "Parallel Aware": true,
                    "Relation Name": "movie_keyword",
                    "Alias": "mk",
                    "Startup Cost": 0.0,
                    "Total Cost": 57718.19,
                    "Plan Rows": 2320656,
                    "Plan Width": 4,
                    "Actual Startup Time": 0.013,
                    "Actual Total Time": 192.886,
                    "Actual Rows": 1978296,
                    "Actual Loops": 2,
                    "Filter": "(keyword_id < 32360)",
                    "Rows Removed by Filter": 283669
                  },
                  {
                    "Node Type": "Hash",
                    "Parent Relationship": "Inner",
                    "Parallel Aware": true,
                    "Startup Cost": 58306.47,
                    "Total Cost": 58306.47,
                    "Plan Rows": 194502,
                    "Plan Width": 4,
                    "Actual Startup Time": 181.038,
                    "Actual Total Time": 181.039,
                    "Actual Rows": 222597,
                    "Actual Loops": 2,
                    "Hash Buckets": 524288,
                    "Original Hash Buckets": 524288,
                    "Hash Batches": 1,
                    "Original Hash Batches": 1,
                    "Peak Memory Usage": 21536,
                    "Plans": [
                      {
                        "Node Type": "Seq Scan",
                        "Parent Relationship": "Outer",
                        "Parallel Aware": true,
                        "Relation Name": "title",
                        "Alias": "t",
                        "Startup Cost": 0.0,
                        "Total Cost": 58306.47,
                        "Plan Rows": 194502,
                        "Plan Width": 4,
                        "Actual Startup Time": 0.024,
                        "Actual Total Time": 134.434,
                        "Actual Rows": 222597,
                        "Actual Loops": 2,
                        "Filter": "((kind_id < 7) AND (production_year < 1996))",
                        "Rows Removed by Filter": 1041559
                      }
                    ]
                  }
                ]
              }
            ]
          }
        ]
      }
    ]
  },
  "Planning Time": 0.2,
  "Triggers": [],
  "Execution Time": 627.28
}