{
  "Plan": {
    "Node Type": "Aggregate",
    "Strategy": "Plain",
    "Partial Mode": "Finalize",
    "Parallel Aware": false,
    "Startup Cost": 331219.75,
    "Total Cost": 331219.76,
    "Plan Rows": 1,
    "Plan Width": 8,
    "Actual Startup Time": 1324.579,
    "Actual Total Time": 1373.226,
    "Actual Rows": 1,
    "Actual Loops": 1,
    "Plans": [
      {
        "Node Type": "Gather",
        "Parent Relationship": "Outer",
        "Parallel Aware": false,
        "Startup Cost": 331219.64,
        "Total Cost": 331219.75,
        "Plan Rows": 1,
        "Plan Width": 8,
        "Actual Startup Time": 1324.448,
        "Actual Total Time": 1373.218,
        "Actual Rows": 2,
        "Actual Loops": 1,
        "Workers Planned": 1,
        "Workers Launched": 1,
        "Single Copy": false,
        "Plans": [
          {
            "Node Type": "Aggregate",
            "Strategy": "Plain",
            "Partial Mode": "Partial",
            "Parent Relationship": "Outer",
            "Parallel Aware": false,
            "Startup Cost": 330219.64,
            "Total Cost": 330219.65,
            "Plan Rows": 1,
            "Plan Width": 8,
            "Actual Startup Time": 1320.591,
            "Actual Total Time": 1320.594,
            "Actual Rows": 1,
            "Actual Loops": 2,
            "Plans": [
              {
                "Node Type": "Hash Join",
                "Parent Relationship": "Outer",
                "Parallel Aware": true,
                "Join Type": "Inner",
                "Startup Cost": 58366.24,
                "Total Cost": 330149.73,
                "Plan Rows": 27964,
                "Plan Width": 0,
                "Actual Startup Time": 133.548,
                "Actual Total Time": 1318.192,
                "Actual Rows": 46454,
                "Actual Loops": 2,
                "Inner Unique": true,
                "Hash Cond": "(mi.movie_id = t.id)",
                "Plans": [
                  {
                    "Node Type": "Seq Scan",
                    "Parent Relationship": "Outer",
                    "Parallel Aware": true,
                    "Relation Name": "movie_info",
                    "Alias": "mi",
                    "Startup Cost": 0.0,
                    "Total Cost": 248955.74,
                    "Plan Rows": 8696274,
                    "Plan Width": 4,
                    "Actual Startup Time": 0.01,
                    "Actual Total Time": 598.109,
                    "Actual Rows": 7417860,
                    "Actual Loops": 2
                  },
                  {
                    "Node Type": "Hash",
                    "Parent Relationship": "Inner",
                    "Parallel Aware": true,
                    "Startup Cost": 58306.47,
                    "Total Cost": 58306.47,
                    "Plan Rows": 4782,
                    "Plan Width": 4,
                    "Actual Startup Time": 131.933,
                    "Actual Total Time": 131.934,
                    "Actual Rows": 4160,
                    "Actual Loops": 2,
                    "Hash Buckets": 8192,
                    "Original Hash Buckets": 8192,
                    "Hash Batches": 1,
                    "Original Hash Batches": 1,
                    "Peak Memory Usage": 416,
                    "Plans": [
                      {
                        "Node Type": "Seq Scan",
                        "Parent Relationship": "Outer",
                        "Parallel Aware": true,
                        "Relation Name": "title",
                        "Alias": "t",
                        "Startup Cost": 0.0,
                        "Total Cost": 58306.47,
                        "Plan Rows": 4782,
                        "Plan Width": 4,
                        "Actual Startup Time": 0.816,
                        "Actual Total Time": 130.588,
                        "Actual Rows": 4160,
                        "Actual Loops": 2,
                        "Filter": "((kind_id < 7) AND (production_year = 1988))",
                        "Rows Removed by Filter": 1259996
                      }
                    ]
                  }
                ]
              }
            ]
          }
        ]
      }
    ]
  },
  "Planning Time": 0.375,
  "Triggers": [],
  "Execution Time": 1373.292
}