{
  "Plan": {
    "Node Type": "Aggregate",
    "Strategy": "Plain",
    "Partial Mode": "Simple",
    "Parallel Aware": false,
    "Startup Cost": 2158.55,
    "Total Cost": 2158.56,
    "Plan Rows": 1,
    "Plan Width": 8,
    "Actual Startup Time": 1.928,
    "Actual Total Time": 1.93,
    "Actual Rows": 1,
    "Actual Loops": 1,
    "Plans": [
      {
        "Node Type": "Nested Loop",
        "Parent Relationship": "Outer",
        "Parallel Aware": false,
        "Join Type": "Inner",
        "Startup Cost": 0.99,
        "Total Cost": 2158.5,
        "Plan Rows": 20,
        "Plan Width": 0,
        "Actual Startup Time": 0.453,
        "Actual Total Time": 1.919,
        "Actual Rows": 15,
        "Actual Loops": 1,
        "Inner Unique": true,
        "Plans": [
          {
            "Node Type": "Index Scan",
            "Parent Relationship": "Outer",
            "Parallel Aware": false,
            "Scan Direction": "Forward",
            "Index Name": "person_id_cast_info",
            "Relation Name": "cast_info",
            "Alias": "ci",
            "Startup Cost": 0.56,
            "Total Cost": 1059.67,
            "Plan Rows": 130,
            "Plan Width": 4,
            "Actual Startup Time": 0.238,
            "Actual Total Time": 0.36,
            "Actual Rows": 177,
            "Actual Loops": 1,
            "Index Cond": "(person_id = 401326)",
            "Rows Removed by Index Recheck": 0,
            "Filter": "(role_id > 4)",
            "Rows Removed by Filter": 42
          },
          {
            "Node Type": "Index Scan",
            "Parent Relationship": "Inner",
            "Parallel Aware": false,
            "Scan Direction": "Forward",
            "Index Name": "title_pkey",
            "Relation Name": "title",
            "Alias": "t",
            "Startup Cost": 0.43,
            "Total Cost": 8.45,
            "Plan Rows": 1,
            "Plan Width": 4,
            "Actual Startup Time": 0.008,
            "Actual Total Time": 0.008,
            "Actual Rows": 0,
            "Actual Loops": 177,
            "Index Cond": "(id = ci.movie_id)",
            "Rows Removed by Index Recheck": 0,
            "Filter": "((kind_id > 1) AND (production_year > 2009))",
            "Rows Removed by Filter": 1
          }
        ]
      }
    ]
  },
  "Planning Time": 0.486,
  "Triggers": [],
  "Execution Time": 1.996
}