[
  {
    "Plan": {
      "Node Type": "Aggregate",
      "Strategy": "Plain",
      "Partial Mode": "Finalize",
      "Parallel Aware": false,
      "Startup Cost": 45299.09,
      "Total Cost": 45299.1,
      "Plan Rows": 1,
      "Plan Width": 8,
      "Actual Startup Time": 135.31,
      "Actual Total Time": 145.277,
      "Actual Rows": 1,
      "Actual Loops": 1,
      "Plans": [
        {
          "Node Type": "Gather",
          "Parent Relationship": "Outer",
          "Parallel Aware": false,
          "Startup Cost": 45298.77,
          "Total Cost": 45299.08,
          "Plan Rows": 3,
          "Plan Width": 8,
          "Actual Startup Time": 135.2,
          "Actual Total Time": 145.267,
          "Actual Rows": 4,
          "Actual Loops": 1,
          "Workers Planned": 3,
          "Workers Launched": 3,
          "Single Copy": false,
          "Plans": [
            {
              "Node Type": "Aggregate",
              "Strategy": "Plain",
              "Partial Mode": "Partial",
              "Parent Relationship": "Outer",
              "Parallel Aware": false,
              "Startup Cost": 44298.77,
              "Total Cost": 44298.78,
              "Plan Rows": 1,
              "Plan Width": 8,
              "Actual Startup Time": 130.718,
              "Actual Total Time": 130.719,
              "Actual Rows": 1,
              "Actual Loops": 4,
              "Plans": [
                {
                  "Node Type": "Seq Scan",
                  "Parent Relationship": "Outer",
                  "Parallel Aware": true,
                  "Relation Name": "movie_keyword",
                  "Alias": "mk",
                  "Startup Cost": 0.0,
                  "Total Cost": 42695.65,
                  "Plan Rows": 641248,
                  "Plan Width": 0,
                  "Actual Startup Time": 0.044,
                  "Actual Total Time": 108.416,
                  "Actual Rows": 499839,
                  "Actual Loops": 4,
                  "Filter": "(keyword_id < 3537)",
                  "Rows Removed by Filter": 631144
                }
              ]
            }
          ]
        }
      ]
    },
    "Planning Time": 0.156,
    "Triggers": [],
    "Execution Time": 145.334
  }
]