[
  {
    "Plan": {
      "Node Type": "Aggregate",
      "Strategy": "Plain",
      "Partial Mode": "Finalize",
      "Parallel Aware": false,
      "Startup Cost": 31726.12,
      "Total Cost": 31726.13,
      "Plan Rows": 1,
      "Plan Width": 8,
      "Actual Startup Time": 114.113,
      "Actual Total Time": 121.963,
      "Actual Rows": 1,
      "Actual Loops": 1,
      "Plans": [
        {
          "Node Type": "Gather",
          "Parent Relationship": "Outer",
          "Parallel Aware": false,
          "Startup Cost": 31725.8,
          "Total Cost": 31726.11,
          "Plan Rows": 3,
          "Plan Width": 8,
          "Actual Startup Time": 113.956,
          "Actual Total Time": 121.952,
          "Actual Rows": 4,
          "Actual Loops": 1,
          "Workers Planned": 3,
          "Workers Launched": 3,
          "Single Copy": false,
          "Plans": [
            {
              "Node Type": "Aggregate",
              "Strategy": "Plain",
              "Partial Mode": "Partial",
              "Parent Relationship": "Outer",
              "Parallel Aware": false,
              "Startup Cost": 30725.8,
              "Total Cost": 30725.81,
              "Plan Rows": 1,
              "Plan Width": 8,
              "Actual Startup Time": 110.516,
              "Actual Total Time": 110.518,
              "Actual Rows": 1,
              "Actual Loops": 4,
              "Plans": [
                {
                  "Node Type": "Seq Scan",
                  "Parent Relationship": "Outer",
                  "Parallel Aware": true,
                  "Relation Name": "movie_companies",
                  "Alias": "mc",
                  "Startup Cost": 0.0,
                  "Total Cost": 29310.68,
                  "Plan Rows": 566047,
                  "Plan Width": 0,
                  "Actual Startup Time": 0.026,
                  "Actual Total Time": 86.282,
                  "Actual Rows": 441342,
                  "Actual Loops": 4,
                  "Filter": "(company_id < 25828)",
                  "Rows Removed by Filter": 210940
                }
              ]
            }
          ]
        }
      ]
    },
    "Planning Time": 0.11,
    "Triggers": [],
    "Execution Time": 121.998
  }
]