[
  {
    "Plan": {
      "Node Type": "Aggregate",
      "Strategy": "Plain",
      "Partial Mode": "Finalize",
      "Parallel Aware": false,
      "Startup Cost": 121823.88,
      "Total Cost": 121823.89,
      "Plan Rows": 1,
      "Plan Width": 8,
      "Actual Startup Time": 195.367,
      "Actual Total Time": 205.708,
      "Actual Rows": 1,
      "Actual Loops": 1,
      "Plans": [
        {
          "Node Type": "Gather",
          "Parent Relationship": "Outer",
          "Parallel Aware": false,
          "Startup Cost": 121823.35,
          "Total Cost": 121823.86,
          "Plan Rows": 5,
          "Plan Width": 8,
          "Actual Startup Time": 195.239,
          "Actual Total Time": 205.689,
          "Actual Rows": 6,
          "Actual Loops": 1,
          "Workers Planned": 5,
          "Workers Launched": 5,
          "Single Copy": false,
          "Plans": [
            {
              "Node Type": "Aggregate",
              "Strategy": "Plain",
              "Partial Mode": "Partial",
              "Parent Relationship": "Outer",
              "Parallel Aware": false,
              "Startup Cost": 120823.35,
              "Total Cost": 120823.36,
              "Plan Rows": 1,
              "Plan Width": 8,
              "Actual Startup Time": 187.218,
              "Actual Total Time": 187.219,
              "Actual Rows": 1,
              "Actual Loops": 6,
              "Plans": [
                {
                  "Node Type": "Index Scan",
                  "Parent Relationship": "Outer",
                  "Parallel Aware": true,
                  "Scan Direction": "Forward",
                  "Index Name": "role_id_cast_info",
                  "Relation Name": "cast_info",
                  "Alias": "ci",
                  "Startup Cost": 0.56,
                  "Total Cost": 119623.46,
                  "Plan Rows": 479960,
                  "Plan Width": 0,
                  "Actual Startup Time": 0.132,
                  "Actual Total Time": 157.761,
                  "Actual Rows": 614364,
                  "Actual Loops": 6,
                  "Index Cond": "(role_id = 10)",
                  "Rows Removed by Index Recheck": 0,
                  "Filter": "(person_id > 1623937)",
                  "Rows Removed by Filter": 106139
                }
              ]
            }
          ]
        }
      ]
    },
    "Planning Time": 0.147,
    "Triggers": [],
    "Execution Time": 205.751
  }
]