[
  {
    "Plan": {
      "Node Type": "Aggregate",
      "Strategy": "Plain",
      "Partial Mode": "Simple",
      "Parallel Aware": false,
      "Startup Cost": 20505.31,
      "Total Cost": 20505.32,
      "Plan Rows": 1,
      "Plan Width": 8,
      "Actual Startup Time": 30.003,
      "Actual Total Time": 30.005,
      "Actual Rows": 1,
      "Actual Loops": 1,
      "Plans": [
        {
          "Node Type": "Bitmap Heap Scan",
          "Parent Relationship": "Outer",
          "Parallel Aware": false,
          "Relation Name": "movie_companies",
          "Alias": "mc",
          "Startup Cost": 1014.51,
          "Total Cost": 20388.51,
          "Plan Rows": 46720,
          "Plan Width": 0,
          "Actual Startup Time": 7.003,
          "Actual Total Time": 24.883,
          "Actual Rows": 46275,
          "Actual Loops": 1,
          "Recheck Cond": "(company_id > 194397)",
          "Rows Removed by Index Recheck": 0,
          "Exact Heap Blocks": 1749,
          "Lossy Heap Blocks": 0,
          "Plans": [
            {
              "Node Type": "Bitmap Index Scan",
              "Parent Relationship": "Outer",
              "Parallel Aware": false,
              "Index Name": "company_id_movie_companies",
              "Startup Cost": 0.0,
              "Total Cost": 1002.83,
              "Plan Rows": 46720,
              "Plan Width": 0,
              "Actual Startup Time": 6.341,
              "Actual Total Time": 6.342,
              "Actual Rows": 46275,
              "Actual Loops": 1,
              "Index Cond": "(company_id > 194397)"
            }
          ]
        }
      ]
    },
    "Planning Time": 0.192,
    "Triggers": [],
    "Execution Time": 30.069
  }
]