[
  {
    "Plan": {
      "Node Type": "Aggregate",
      "Strategy": "Plain",
      "Partial Mode": "Finalize",
      "Parallel Aware": false,
      "Startup Cost": 349070.02,
      "Total Cost": 349070.03,
      "Plan Rows": 1,
      "Plan Width": 8,
      "Actual Startup Time": 777.069,
      "Actual Total Time": 857.406,
      "Actual Rows": 1,
      "Actual Loops": 1,
      "Plans": [
        {
          "Node Type": "Gather",
          "Parent Relationship": "Outer",
          "Parallel Aware": false,
          "Startup Cost": 349069.39,
          "Total Cost": 349070.0,
          "Plan Rows": 6,
          "Plan Width": 8,
          "Actual Startup Time": 776.864,
          "Actual Total Time": 857.395,
          "Actual Rows": 7,
          "Actual Loops": 1,
          "Workers Planned": 6,
          "Workers Launched": 6,
          "Single Copy": false,
          "Plans": [
            {
              "Node Type": "Aggregate",
              "Strategy": "Plain",
              "Partial Mode": "Partial",
              "Parent Relationship": "Outer",
              "Parallel Aware": false,
              "Startup Cost": 348069.39,
              "Total Cost": 348069.4,
              "Plan Rows": 1,
              "Plan Width": 8,
              "Actual Startup Time": 767.676,
              "Actual Total Time": 767.678,
              "Actual Rows": 1,
              "Actual Loops": 7,
              "Plans": [
                {
                  "Node Type": "Seq Scan",
                  "Parent Relationship": "Outer",
                  "Parallel Aware": true,
                  "Relation Name": "cast_info",
                  "Alias": "ci",
                  "Startup Cost": 0.0,
                  "Total Cost": 343316.27,
                  "Plan Rows": 1901248,
                  "Plan Width": 0,
                  "Actual Startup Time": 396.454,
                  "Actual Total Time": 719.202,
                  "Actual Rows": 850042,
                  "Actual Loops": 7,
                  "Filter": "((person_id < 2679135) AND (role_id > 2))",
                  "Rows Removed by Filter": 4327721
                }
              ]
            }
          ]
        }
      ]
    },
    "Planning Time": 0.116,
    "Triggers": [],
    "Execution Time": 857.456
  }
]