[
  {
    "Plan": {
      "Node Type": "Aggregate",
      "Strategy": "Plain",
      "Partial Mode": "Finalize",
      "Parallel Aware": false,
      "Startup Cost": 67271.98,
      "Total Cost": 67271.99,
      "Plan Rows": 1,
      "Plan Width": 8,
      "Actual Startup Time": 122.219,
      "Actual Total Time": 134.786,
      "Actual Rows": 1,
      "Actual Loops": 1,
      "Plans": [
        {
          "Node Type": "Gather",
          "Parent Relationship": "Outer",
          "Parallel Aware": false,
          "Startup Cost": 67271.66,
          "Total Cost": 67271.97,
          "Plan Rows": 3,
          "Plan Width": 8,
          "Actual Startup Time": 121.614,
          "Actual Total Time": 134.779,
          "Actual Rows": 4,
          "Actual Loops": 1,
          "Workers Planned": 3,
          "Workers Launched": 3,
          "Single Copy": false,
          "Plans": [
            {
              "Node Type": "Aggregate",
              "Strategy": "Plain",
              "Partial Mode": "Partial",
              "Parent Relationship": "Outer",
              "Parallel Aware": false,
              "Startup Cost": 66271.66,
              "Total Cost": 66271.67,
              "Plan Rows": 1,
              "Plan Width": 8,
              "Actual Startup Time": 117.358,
              "Actual Total Time": 117.361,
              "Actual Rows": 1,
              "Actual Loops": 4,
              "Plans": [
                {
                  "Node Type": "Hash Join",
                  "Parent Relationship": "Outer",
                  "Parallel Aware": true,
                  "Join Type": "Inner",
                  "Startup Cost": 46876.31,
                  "Total Cost": 66267.82,
                  "Plan Rows": 1535,
                  "Plan Width": 0,
                  "Actual Startup Time": 100.907,
                  "Actual Total Time": 117.279,
                  "Actual Rows": 701,
                  "Actual Loops": 4,
                  "Inner Unique": true,
                  "Hash Cond": "(mc.movie_id = t.id)",
                  "Plans": [
                    {
                      "Node Type": "Bitmap Heap Scan",
                      "Parent Relationship": "Outer",
                      "Parallel Aware": true,
                      "Relation Name": "movie_companies",
                      "Alias": "mc",
                      "Startup Cost": 2671.9,
                      "Total Cost": 21959.02,
                      "Plan Rows": 39770,
                      "Plan Width": 4,
                      "Actual Startup Time": 5.078,
                      "Actual Total Time": 14.9,
                      "Actual Rows": 30176,
                      "Actual Loops": 4,
                      "Recheck Cond": "(company_id > 145956)",
                      "Rows Removed by Index Recheck": 0,
                      "Exact Heap Blocks": 1156,
                      "Lossy Heap Blocks": 0,
                      "Plans": [
                        {
                          "Node Type": "Bitmap Index Scan",
                          "Parent Relationship": "Outer",
                          "Parallel Aware": false,
                          "Index Name": "company_id_movie_companies",
                          "Startup Cost": 0.0,
                          "Total Cost": 2641.07,
                          "Plan Rows": 123286,
                          "Plan Width": 0,
                          "Actual Startup Time": 4.557,
                          "Actual Total Time": 4.558,
                          "Actual Rows": 120703,
                          "Actual Loops": 1,
                          "Index Cond": "(company_id > 145956)"
                        }
                      ]
                    },
                    {
                      "Node Type": "Hash",
                      "Parent Relationship": "Inner",
                      "Parallel Aware": true,
                      "Startup Cost": 43899.32,
                      "Total Cost": 43899.32,
                      "Plan Rows": 24407,
                      "Plan Width": 4,
                      "Actual Startup Time": 95.248,
                      "Actual Total Time": 95.249,
                      "Actual Rows": 25995,
                      "Actual Loops": 4,
                      "Hash Buckets": 131072,
                      "Original Hash Buckets": 131072,
                      "Hash Batches": 1,
                      "Original Hash Batches": 1,
                      "Peak Memory Usage": 5184,
                      "Plans": [
                        {
                          "Node Type": "Seq Scan",
                          "Parent Relationship": "Outer",
                          "Parallel Aware": true,
                          "Relation Name": "title",
                          "Alias": "t",
                          "Startup Cost": 0.0,
                          "Total Cost": 43899.32,
                          "Plan Rows": 24407,
                          "Plan Width": 4,
                          "Actual Startup Time": 35.362,
                          "Actual Total Time": 86.56,
                          "Actual Rows": 25995,
                          "Actual Loops": 4,
                          "Filter": "(production_year < 1926)",
                          "Rows Removed by Filter": 606083
                        }
                      ]
                    }
                  ]
                }
              ]
            }
          ]
        }
      ]
    },
    "Planning Time": 0.422,
    "Triggers": [],
    "Execution Time": 134.836
  }
]