[
  {
    "Plan": {
      "Node Type": "Aggregate",
      "Strategy": "Plain",
      "Partial Mode": "Finalize",
      "Parallel Aware": false,
      "Startup Cost": 450997.59,
      "Total Cost": 450997.6,
      "Plan Rows": 1,
      "Plan Width": 8,
      "Actual Startup Time": 2519.091,
      "Actual Total Time": 2584.548,
      "Actual Rows": 1,
      "Actual Loops": 1,
      "Plans": [
        {
          "Node Type": "Gather",
          "Parent Relationship": "Outer",
          "Parallel Aware": false,
          "Startup Cost": 450996.97,
          "Total Cost": 450997.58,
          "Plan Rows": 6,
          "Plan Width": 8,
          "Actual Startup Time": 2494.055,
          "Actual Total Time": 2584.534,
          "Actual Rows": 7,
          "Actual Loops": 1,
          "Workers Planned": 6,
          "Workers Launched": 6,
          "Single Copy": false,
          "Plans": [
            {
              "Node Type": "Aggregate",
              "Strategy": "Plain",
              "Partial Mode": "Partial",
              "Parent Relationship": "Outer",
              "Parallel Aware": false,
              "Startup Cost": 449996.97,
              "Total Cost": 449996.98,
              "Plan Rows": 1,
              "Plan Width": 8,
              "Actual Startup Time": 2478.691,
              "Actual Total Time": 2479.122,
              "Actual Rows": 1,
              "Actual Loops": 7,
              "Plans": [
                {
                  "Node Type": "Hash Join",
                  "Parent Relationship": "Outer",
                  "Parallel Aware": true,
                  "Join Type": "Inner",
                  "Startup Cost": 100589.15,
                  "Total Cost": 445478.08,
                  "Plan Rows": 1807555,
                  "Plan Width": 0,
                  "Actual Startup Time": 506.284,
                  "Actual Total Time": 2225.224,
                  "Actual Rows": 5436681,
                  "Actual Loops": 7,
                  "Inner Unique": false,
                  "Hash Cond": "(ci.movie_id = t.id)",
                  "Plans": [
                    {
                      "Node Type": "Seq Scan",
                      "Parent Relationship": "Outer",
                      "Parallel Aware": true,
                      "Relation Name": "cast_info",
                      "Alias": "ci",
                      "Startup Cost": 0.0,
                      "Total Cost": 328162.03,
                      "Plan Rows": 2905623,
                      "Plan Width": 4,
                      "Actual Startup Time": 0.024,
                      "Actual Total Time": 613.159,
                      "Actual Rows": 2497669,
                      "Actual Loops": 7,
                      "Filter": "(person_id < 1730780)",
                      "Rows Removed by Filter": 2680094
                    },
                    {
                      "Node Type": "Hash",
                      "Parent Relationship": "Inner",
                      "Parallel Aware": true,
                      "Startup Cost": 94247.12,
                      "Total Cost": 94247.12,
                      "Plan Rows": 507362,
                      "Plan Width": 8,
                      "Actual Startup Time": 501.456,
                      "Actual Total Time": 501.886,
                      "Actual Rows": 225695,
                      "Actual Loops": 7,
                      "Hash Buckets": 2097152,
                      "Original Hash Buckets": 2097152,
                      "Hash Batches": 1,
                      "Original Hash Batches": 1,
                      "Peak Memory Usage": 78304,
                      "Plans": [
                        {
                          "Node Type": "Hash Join",
                          "Parent Relationship": "Outer",
                          "Parallel Aware": true,
                          "Join Type": "Inner",
                          "Startup Cost": 50219.64,
                          "Total Cost": 94247.12,
                          "Plan Rows": 507362,
                          "Plan Width": 8,
                          "Actual Startup Time": 268.865,
                          "Actual Total Time": 410.342,
                          "Actual Rows": 225695,
                          "Actual Loops": 7,
                          "Inner Unique": true,
                          "Hash Cond": "(mk.movie_id = t.id)",
                          "Plans": [
                            {
                              "Node Type": "Seq Scan",
                              "Parent Relationship": "Outer",
                              "Parallel Aware": true,
                              "Relation Name": "movie_keyword",
                              "Alias": "mk",
                              "Startup Cost": 0.0,
                              "Total Cost": 42695.65,
                              "Plan Rows": 507362,
                              "Plan Width": 4,
                              "Actual Startup Time": 0.532,
                              "Actual Total Time": 77.955,
                              "Actual Rows": 225695,
                              "Actual Loops": 7,
                              "Filter": "(keyword_id > 9852)",
                              "Rows Removed by Filter": 420581
                            },
                            {
                              "Node Type": "Hash",
                              "Parent Relationship": "Inner",
                              "Parallel Aware": true,
                              "Startup Cost": 42318.73,
                              "Total Cost": 42318.73,
                              "Plan Rows": 632073,
                              "Plan Width": 4,
                              "Actual Startup Time": 264.591,
                              "Actual Total Time": 264.592,
                              "Actual Rows": 361187,
                              "Actual Loops": 7,
                              "Hash Buckets": 4194304,
                              "Original Hash Buckets": 4194304,
                              "Hash Batches": 1,
                              "Original Hash Batches": 1,
                              "Peak Memory Usage": 131808,
                              "Plans": [
                                {
                                  "Node Type": "Seq Scan",
                                  "Parent Relationship": "Outer",
                                  "Parallel Aware": true,
                                  "Relation Name": "title",
                                  "Alias": "t",
                                  "Startup Cost": 0.0,
                                  "Total Cost": 42318.73,
                                  "Plan Rows": 632073,
                                  "Plan Width": 4,
                                  "Actual Startup Time": 0.045,
                                  "Actual Total Time": 77.178,
                                  "Actual Rows": 361187,
                                  "Actual Loops": 7
                                }
                              ]
                            }
                          ]
                        }
                      ]
                    }
                  ]
                }
              ]
            }
          ]
        }
      ]
    },
    "Planning Time": 1.349,
    "Triggers": [],
    "Execution Time": 2584.64
  }
]