[
  {
    "Plan": {
      "Node Type": "Aggregate",
      "Strategy": "Plain",
      "Partial Mode": "Finalize",
      "Parallel Aware": false,
      "Startup Cost": 84884.88,
      "Total Cost": 84884.89,
      "Plan Rows": 1,
      "Plan Width": 8,
      "Actual Startup Time": 284.567,
      "Actual Total Time": 300.951,
      "Actual Rows": 1,
      "Actual Loops": 1,
      "Plans": [
        {
          "Node Type": "Gather",
          "Parent Relationship": "Outer",
          "Parallel Aware": false,
          "Startup Cost": 84884.56,
          "Total Cost": 84884.87,
          "Plan Rows": 3,
          "Plan Width": 8,
          "Actual Startup Time": 283.734,
          "Actual Total Time": 300.936,
          "Actual Rows": 4,
          "Actual Loops": 1,
          "Workers Planned": 3,
          "Workers Launched": 3,
          "Single Copy": false,
          "Plans": [
            {
              "Node Type": "Aggregate",
              "Strategy": "Plain",
              "Partial Mode": "Partial",
              "Parent Relationship": "Outer",
              "Parallel Aware": false,
              "Startup Cost": 83884.56,
              "Total Cost": 83884.57,
              "Plan Rows": 1,
              "Plan Width": 8,
              "Actual Startup Time": 278.641,
              "Actual Total Time": 278.645,
              "Actual Rows": 1,
              "Actual Loops": 4,
              "Plans": [
                {
                  "Node Type": "Hash Join",
                  "Parent Relationship": "Outer",
                  "Parallel Aware": true,
                  "Join Type": "Inner",
                  "Startup Cost": 38166.49,
                  "Total Cost": 83846.41,
                  "Plan Rows": 15258,
                  "Plan Width": 0,
                  "Actual Startup Time": 72.245,
                  "Actual Total Time": 278.146,
                  "Actual Rows": 8696,
                  "Actual Loops": 4,
                  "Inner Unique": true,
                  "Hash Cond": "(mk.movie_id = t.id)",
                  "Plans": [
                    {
                      "Node Type": "Seq Scan",
                      "Parent Relationship": "Outer",
                      "Parallel Aware": true,
                      "Relation Name": "movie_keyword",
                      "Alias": "mk",
                      "Startup Cost": 0.0,
                      "Total Cost": 42695.65,
                      "Plan Rows": 1136865,
                      "Plan Width": 4,
                      "Actual Startup Time": 0.028,
                      "Actual Total Time": 137.374,
                      "Actual Rows": 880465,
                      "Actual Loops": 4,
                      "Filter": "(keyword_id < 18494)",
                      "Rows Removed by Filter": 250518
                    },
                    {
                      "Node Type": "Hash",
                      "Parent Relationship": "Inner",
                      "Parallel Aware": true,
                      "Startup Cost": 38060.44,
                      "Total Cost": 38060.44,
                      "Plan Rows": 8484,
                      "Plan Width": 4,
                      "Actual Startup Time": 71.742,
                      "Actual Total Time": 71.743,
                      "Actual Rows": 7457,
                      "Actual Loops": 4,
                      "Hash Buckets": 65536,
                      "Original Hash Buckets": 65536,
                      "Hash Batches": 1,
                      "Original Hash Batches": 1,
                      "Peak Memory Usage": 1760,
                      "Plans": [
                        {
                          "Node Type": "Bitmap Heap Scan",
                          "Parent Relationship": "Outer",
                          "Parallel Aware": true,
                          "Relation Name": "title",
                          "Alias": "t",
                          "Startup Cost": 1705.93,
                          "Total Cost": 38060.44,
                          "Plan Rows": 8484,
                          "Plan Width": 4,
                          "Actual Startup Time": 19.961,
                          "Actual Total Time": 68.4,
                          "Actual Rows": 7457,
                          "Actual Loops": 4,
                          "Recheck Cond": "(kind_id = 2)",
                          "Rows Removed by Index Recheck": 0,
                          "Filter": "(production_year > 2006)",
                          "Rows Removed by Filter": 15256,
                          "Exact Heap Blocks": 15695,
                          "Lossy Heap Blocks": 0,
                          "Plans": [
                            {
                              "Node Type": "Bitmap Index Scan",
                              "Parent Relationship": "Outer",
                              "Parallel Aware": false,
                              "Index Name": "kind_id_title",
                              "Startup Cost": 0.0,
                              "Total Cost": 1697.45,
                              "Plan Rows": 95069,
                              "Plan Width": 0,
                              "Actual Startup Time": 17.05,
                              "Actual Total Time": 17.051,
                              "Actual Rows": 90852,
                              "Actual Loops": 1,
                              "Index Cond": "(kind_id = 2)"
                            }
                          ]
                        }
                      ]
                    }
                  ]
                }
              ]
            }
          ]
        }
      ]
    },
    "Planning Time": 0.349,
    "Triggers": [],
    "Execution Time": 301.013
  }
]