{
    "Plan": {
        "Node Type": "Aggregate",
        "Strategy": "Plain",
        "Partial Mode": "Simple",
        "Parallel Aware": false,
        "Startup Cost": 80001092554.47,
        "Total Cost": 80001092554.48,
        "Plan Rows": 1,
        "Plan Width": 128,
        "Actual Startup Time": 3858.938,
        "Actual Total Time": 3859.067,
        "Actual Rows": 1,
        "Actual Loops": 1,
        "Output": [
            "min(chn.name)",
            "min(mi_idx.info)",
            "min(n.name)",
            "min(t.title)"
        ],
        "Plans": [
            {
                "Node Type": "Nested Loop",
                "Parent Relationship": "Outer",
                "Parallel Aware": false,
                "Join Type": "Inner",
                "Startup Cost": 80001092542.39,
                "Total Cost": 80001092554.46,
                "Plan Rows": 1,
                "Plan Width": 53,
                "Actual Startup Time": 3845.962,
                "Actual Total Time": 3858.625,
                "Actual Rows": 1045,
                "Actual Loops": 1,
                "Output": [
                    "chn.name",
                    "mi_idx.info",
                    "n.name",
                    "t.title"
                ],
                "Inner Unique": true,
                "Plans": [
                    {
                        "Node Type": "Nested Loop",
                        "Parent Relationship": "Outer",
                        "Parallel Aware": false,
                        "Join Type": "Inner",
                        "Startup Cost": 70001092541.95,
                        "Total Cost": 70001092550.01,
                        "Plan Rows": 1,
                        "Plan Width": 42,
                        "Actual Startup Time": 3845.922,
                        "Actual Total Time": 3850.576,
                        "Actual Rows": 1045,
                        "Actual Loops": 1,
                        "Output": [
                            "ci.person_id",
                            "chn.name",
                            "mi_idx.info",
                            "t.title"
                        ],
                        "Inner Unique": true,
                        "Plans": [
                            {
                                "Node Type": "Merge Join",
                                "Parent Relationship": "Outer",
                                "Parallel Aware": false,
                                "Join Type": "Inner",
                                "Startup Cost": 60001092541.81,
                                "Total Cost": 60001092541.84,
                                "Plan Rows": 1,
                                "Plan Width": 46,
                                "Actual Startup Time": 3845.874,
                                "Actual Total Time": 3846.365,
                                "Actual Rows": 1045,
                                "Actual Loops": 1,
                                "Output": [
                                    "cc.status_id",
                                    "ci.person_id",
                                    "chn.name",
                                    "mi_idx.info",
                                    "t.title"
                                ],
                                "Inner Unique": false,
                                "Merge Cond": "(cct1.id = cc.subject_id)",
                                "Plans": [
                                    {
                                        "Node Type": "Sort",
                                        "Parent Relationship": "Outer",
                                        "Parallel Aware": false,
                                        "Startup Cost": 1.06,
                                        "Total Cost": 1.06,
                                        "Plan Rows": 1,
                                        "Plan Width": 4,
                                        "Actual Startup Time": 0.02,
                                        "Actual Total Time": 0.021,
                                        "Actual Rows": 1,
                                        "Actual Loops": 1,
                                        "Output": [
                                            "cct1.id"
                                        ],
                                        "Sort Key": [
                                            "cct1.id"
                                        ],
                                        "Sort Method": "quicksort",
                                        "Sort Space Used": 25,
                                        "Sort Space Type": "Memory",
                                        "Plans": [
                                            {
                                                "Node Type": "Seq Scan",
                                                "Parent Relationship": "Outer",
                                                "Parallel Aware": false,
                                                "Relation Name": "comp_cast_type",
                                                "Schema": "public",
                                                "Alias": "cct1",
                                                "Startup Cost": 0.0,
                                                "Total Cost": 1.05,
                                                "Plan Rows": 1,
                                                "Plan Width": 4,
                                                "Actual Startup Time": 0.011,
                                                "Actual Total Time": 0.013,
                                                "Actual Rows": 1,
                                                "Actual Loops": 1,
                                                "Output": [
                                                    "cct1.id"
                                                ],
                                                "Filter": "((cct1.kind)::text = 'cast'::text)",
                                                "Rows Removed by Filter": 3
                                            }
                                        ]
                                    },
                                    {
                                        "Node Type": "Sort",
                                        "Parent Relationship": "Inner",
                                        "Parallel Aware": false,
                                        "Startup Cost": 60001092540.75,
                                        "Total Cost": 60001092540.76,
                                        "Plan Rows": 1,
                                        "Plan Width": 50,
                                        "Actual Startup Time": 3845.85,
                                        "Actual Total Time": 3846.099,
                                        "Actual Rows": 1046,
                                        "Actual Loops": 1,
                                        "Output": [
                                            "cc.subject_id",
                                            "cc.status_id",
                                            "ci.person_id",
                                            "chn.name",
                                            "mi_idx.info",
                                            "t.title"
                                        ],
                                        "Sort Key": [
                                            "cc.subject_id"
                                        ],
                                        "Sort Method": "quicksort",
                                        "Sort Space Used": 183,
                                        "Sort Space Type": "Memory",
                                        "Plans": [
                                            {
                                                "Node Type": "Merge Join",
                                                "Parent Relationship": "Outer",
                                                "Parallel Aware": false,
                                                "Join Type": "Inner",
                                                "Startup Cost": 60001091865.45,
                                                "Total Cost": 60001092540.74,
                                                "Plan Rows": 1,
                                                "Plan Width": 50,
                                                "Actual Startup Time": 3838.695,
                                                "Actual Total Time": 3845.735,
                                                "Actual Rows": 1317,
                                                "Actual Loops": 1,
                                                "Output": [
                                                    "cc.subject_id",
                                                    "cc.status_id",
                                                    "ci.person_id",
                                                    "chn.name",
                                                    "mi_idx.info",
                                                    "t.title"
                                                ],
                                                "Inner Unique": false,
                                                "Merge Cond": "(cc.movie_id = t.id)",
                                                "Plans": [
                                                    {
                                                        "Node Type": "Sort",
                                                        "Parent Relationship": "Outer",
                                                        "Parallel Aware": false,
                                                        "Startup Cost": 10000013593.56,
                                                        "Total Cost": 10000013931.28,
                                                        "Plan Rows": 135086,
                                                        "Plan Width": 12,
                                                        "Actual Startup Time": 64.372,
                                                        "Actual Total Time": 69.987,
                                                        "Actual Rows": 132405,
                                                        "Actual Loops": 1,
                                                        "Output": [
                                                            "cc.movie_id",
                                                            "cc.subject_id",
                                                            "cc.status_id"
                                                        ],
                                                        "Sort Key": [
                                                            "cc.movie_id"
                                                        ],
                                                        "Sort Method": "quicksort",
                                                        "Sort Space Used": 12477,
                                                        "Sort Space Type": "Memory",
                                                        "Plans": [
                                                            {
                                                                "Node Type": "Seq Scan",
                                                                "Parent Relationship": "Outer",
                                                                "Parallel Aware": false,
                                                                "Relation Name": "complete_cast",
                                                                "Schema": "public",
                                                                "Alias": "cc",
                                                                "Startup Cost": 10000000000.0,
                                                                "Total Cost": 10000002081.86,
                                                                "Plan Rows": 135086,
                                                                "Plan Width": 12,
                                                                "Actual Startup Time": 0.026,
                                                                "Actual Total Time": 26.614,
                                                                "Actual Rows": 135086,
                                                                "Actual Loops": 1,
                                                                "Output": [
                                                                    "cc.movie_id",
                                                                    "cc.subject_id",
                                                                    "cc.status_id"
                                                                ]
                                                            }
                                                        ]
                                                    },
                                                    {
                                                        "Node Type": "Sort",
                                                        "Parent Relationship": "Inner",
                                                        "Parallel Aware": false,
                                                        "Startup Cost": 50001078271.89,
                                                        "Total Cost": 50001078271.89,
                                                        "Plan Rows": 1,
                                                        "Plan Width": 58,
                                                        "Actual Startup Time": 3768.258,
                                                        "Actual Total Time": 3768.521,
                                                        "Actual Rows": 1995,
                                                        "Actual Loops": 1,
                                                        "Output": [
                                                            "chn.name",
                                                            "ci.movie_id",
                                                            "ci.person_id",
                                                            "mi_idx.info",
                                                            "mi_idx.movie_id",
                                                            "mk.movie_id",
                                                            "t.title",
                                                            "t.id"
                                                        ],
                                                        "Sort Key": [
                                                            "ci.movie_id"
                                                        ],
                                                        "Sort Method": "quicksort",
                                                        "Sort Space Used": 274,
                                                        "Sort Space Type": "Memory",
                                                        "Plans": [
                                                            {
                                                                "Node Type": "Merge Join",
                                                                "Parent Relationship": "Outer",
                                                                "Parallel Aware": false,
                                                                "Join Type": "Inner",
                                                                "Startup Cost": 50001077643.88,
                                                                "Total Cost": 50001078271.88,
                                                                "Plan Rows": 1,
                                                                "Plan Width": 58,
                                                                "Actual Startup Time": 3729.65,
                                                                "Actual Total Time": 3767.85,
                                                                "Actual Rows": 1727,
                                                                "Actual Loops": 1,
                                                                "Output": [
                                                                    "chn.name",
                                                                    "ci.movie_id",
                                                                    "ci.person_id",
                                                                    "mi_idx.info",
                                                                    "mi_idx.movie_id",
                                                                    "mk.movie_id",
                                                                    "t.title",
                                                                    "t.id"
                                                                ],
                                                                "Inner Unique": false,
                                                                "Merge Cond": "(ci.person_role_id = chn.id)",
                                                                "Plans": [
                                                                    {
                                                                        "Node Type": "Sort",
                                                                        "Parent Relationship": "Outer",
                                                                        "Parallel Aware": false,
                                                                        "Startup Cost": 50001005223.43,
                                                                        "Total Cost": 50001005223.44,
                                                                        "Plan Rows": 2,
                                                                        "Plan Width": 46,
                                                                        "Actual Startup Time": 3460.67,
                                                                        "Actual Total Time": 3463.905,
                                                                        "Actual Rows": 24924,
                                                                        "Actual Loops": 1,
                                                                        "Output": [
                                                                            "ci.movie_id",
                                                                            "ci.person_role_id",
                                                                            "ci.person_id",
                                                                            "mi_idx.info",
                                                                            "mi_idx.movie_id",
                                                                            "mk.movie_id",
                                                                            "t.title",
                                                                            "t.id"
                                                                        ],
                                                                        "Sort Key": [
                                                                            "ci.person_role_id"
                                                                        ],
                                                                        "Sort Method": "quicksort",
                                                                        "Sort Space Used": 7046,
                                                                        "Sort Space Type": "Memory",
                                                                        "Plans": [
                                                                            {
                                                                                "Node Type": "Nested Loop",
                                                                                "Parent Relationship": "Outer",
                                                                                "Parallel Aware": false,
                                                                                "Join Type": "Inner",
                                                                                "Startup Cost": 50001001248.46,
                                                                                "Total Cost": 50001005223.42,
                                                                                "Plan Rows": 2,
                                                                                "Plan Width": 46,
                                                                                "Actual Startup Time": 3325.685,
                                                                                "Actual Total Time": 3444.888,
                                                                                "Actual Rows": 61921,
                                                                                "Actual Loops": 1,
                                                                                "Output": [
                                                                                    "ci.movie_id",
                                                                                    "ci.person_role_id",
                                                                                    "ci.person_id",
                                                                                    "mi_idx.info",
                                                                                    "mi_idx.movie_id",
                                                                                    "mk.movie_id",
                                                                                    "t.title",
                                                                                    "t.id"
                                                                                ],
                                                                                "Inner Unique": false,
                                                                                "Join Filter": "(t.id = ci.movie_id)",
                                                                                "Rows Removed by Join Filter": 0,
                                                                                "Plans": [
                                                                                    {
                                                                                        "Node Type": "Hash Join",
                                                                                        "Parent Relationship": "Outer",
                                                                                        "Parallel Aware": false,
                                                                                        "Join Type": "Inner",
                                                                                        "Startup Cost": 40001001247.49,
                                                                                        "Total Cost": 40001005217.5,
                                                                                        "Plan Rows": 1,
                                                                                        "Plan Width": 34,
                                                                                        "Actual Startup Time": 3325.61,
                                                                                        "Actual Total Time": 3349.683,
                                                                                        "Actual Rows": 480,
                                                                                        "Actual Loops": 1,
                                                                                        "Output": [
                                                                                            "mi_idx.info",
                                                                                            "mi_idx.movie_id",
                                                                                            "mk.movie_id",
                                                                                            "t.title",
                                                                                            "t.id"
                                                                                        ],
                                                                                        "Inner Unique": false,
                                                                                        "Hash Cond": "(k.id = mk.keyword_id)",
                                                                                        "Plans": [
                                                                                            {
                                                                                                "Node Type": "Seq Scan",
                                                                                                "Parent Relationship": "Outer",
                                                                                                "Parallel Aware": false,
                                                                                                "Relation Name": "keyword",
                                                                                                "Schema": "public",
                                                                                                "Alias": "k",
                                                                                                "Startup Cost": 0.0,
                                                                                                "Total Cost": 3967.82,
                                                                                                "Plan Rows": 10,
                                                                                                "Plan Width": 4,
                                                                                                "Actual Startup Time": 0.146,
                                                                                                "Actual Total Time": 23.981,
                                                                                                "Actual Rows": 6,
                                                                                                "Actual Loops": 1,
                                                                                                "Output": [
                                                                                                    "k.id",
                                                                                                    "k.keyword",
                                                                                                    "k.phonetic_code"
                                                                                                ],
                                                                                                "Filter": "(k.keyword = ANY ('{superhero,superhero,fight,laser,second-part,based-on-comic,based-on-comic,superhero,based-on-comic,web}'::text[]))",
                                                                                                "Rows Removed by Filter": 134164
                                                                                            },
                                                                                            {
                                                                                                "Node Type": "Hash",
                                                                                                "Parent Relationship": "Inner",
                                                                                                "Parallel Aware": false,
                                                                                                "Startup Cost": 40001001230.3,
                                                                                                "Total Cost": 40001001230.3,
                                                                                                "Plan Rows": 1375,
                                                                                                "Plan Width": 38,
                                                                                                "Actual Startup Time": 3325.452,
                                                                                                "Actual Total Time": 3325.461,
                                                                                                "Actual Rows": 230025,
                                                                                                "Actual Loops": 1,
                                                                                                "Output": [
                                                                                                    "mi_idx.info",
                                                                                                    "mi_idx.movie_id",
                                                                                                    "mk.movie_id",
                                                                                                    "mk.keyword_id",
                                                                                                    "t.title",
                                                                                                    "t.id"
                                                                                                ],
                                                                                                "Hash Buckets": 262144,
                                                                                                "Original Hash Buckets": 2048,
                                                                                                "Hash Batches": 1,
                                                                                                "Original Hash Batches": 1,
                                                                                                "Peak Memory Usage": 17847,
                                                                                                "Plans": [
                                                                                                    {
                                                                                                        "Node Type": "Nested Loop",
                                                                                                        "Parent Relationship": "Outer",
                                                                                                        "Parallel Aware": false,
                                                                                                        "Join Type": "Inner",
                                                                                                        "Startup Cost": 40000126243.76,
                                                                                                        "Total Cost": 40001001230.3,
                                                                                                        "Plan Rows": 1375,
                                                                                                        "Plan Width": 38,
                                                                                                        "Actual Startup Time": 2524.394,
                                                                                                        "Actual Total Time": 3283.198,
                                                                                                        "Actual Rows": 230025,
                                                                                                        "Actual Loops": 1,
                                                                                                        "Output": [
                                                                                                            "mi_idx.info",
                                                                                                            "mi_idx.movie_id",
                                                                                                            "mk.movie_id",
                                                                                                            "mk.keyword_id",
                                                                                                            "t.title",
                                                                                                            "t.id"
                                                                                                        ],
                                                                                                        "Inner Unique": true,
                                                                                                        "Join Filter": "(t.kind_id = kt.id)",
                                                                                                        "Rows Removed by Join Filter": 275860,
                                                                                                        "Plans": [
                                                                                                            {
                                                                                                                "Node Type": "Hash Join",
                                                                                                                "Parent Relationship": "Outer",
                                                                                                                "Parallel Aware": false,
                                                                                                                "Join Type": "Inner",
                                                                                                                "Startup Cost": 40000126243.63,
                                                                                                                "Total Cost": 40001001073.62,
                                                                                                                "Plan Rows": 9628,
                                                                                                                "Plan Width": 42,
                                                                                                                "Actual Startup Time": 1360.854,
                                                                                                                "Actual Total Time": 3178.755,
                                                                                                                "Actual Rows": 505885,
                                                                                                                "Actual Loops": 1,
                                                                                                                "Output": [
                                                                                                                    "mi_idx.info",
                                                                                                                    "mi_idx.movie_id",
                                                                                                                    "mk.movie_id",
                                                                                                                    "mk.keyword_id",
                                                                                                                    "t.title",
                                                                                                                    "t.kind_id",
                                                                                                                    "t.id"
                                                                                                                ],
                                                                                                                "Inner Unique": false,
                                                                                                                "Hash Cond": "(t.id = mk.movie_id)",
                                                                                                                "Plans": [
                                                                                                                    {
                                                                                                                        "Node Type": "Nested Loop",
                                                                                                                        "Parent Relationship": "Outer",
                                                                                                                        "Parallel Aware": false,
                                                                                                                        "Join Type": "Inner",
                                                                                                                        "Startup Cost": 30000000001.2,
                                                                                                                        "Total Cost": 30000873245.25,
                                                                                                                        "Plan Rows": 1038,
                                                                                                                        "Plan Width": 34,
                                                                                                                        "Actual Startup Time": 0.106,
                                                                                                                        "Actual Total Time": 1726.09,
                                                                                                                        "Actual Rows": 72229,
                                                                                                                        "Actual Loops": 1,
                                                                                                                        "Output": [
                                                                                                                            "mi_idx.info",
                                                                                                                            "mi_idx.movie_id",
                                                                                                                            "t.title",
                                                                                                                            "t.kind_id",
                                                                                                                            "t.id"
                                                                                                                        ],
                                                                                                                        "Inner Unique": true,
                                                                                                                        "Plans": [
                                                                                                                            {
                                                                                                                                "Node Type": "Nested Loop",
                                                                                                                                "Parent Relationship": "Outer",
                                                                                                                                "Parallel Aware": false,
                                                                                                                                "Join Type": "Inner",
                                                                                                                                "Startup Cost": 20000000000.58,
                                                                                                                                "Total Cost": 20000865281.2,
                                                                                                                                "Plan Rows": 1717,
                                                                                                                                "Plan Width": 9,
                                                                                                                                "Actual Startup Time": 0.086,
                                                                                                                                "Actual Total Time": 1061.031,
                                                                                                                                "Actual Rows": 121572,
                                                                                                                                "Actual Loops": 1,
                                                                                                                                "Output": [
                                                                                                                                    "mi_idx.info",
                                                                                                                                    "mi_idx.movie_id"
                                                                                                                                ],
                                                                                                                                "Inner Unique": true,
                                                                                                                                "Plans": [
                                                                                                                                    {
                                                                                                                                        "Node Type": "Index Scan",
                                                                                                                                        "Parent Relationship": "Outer",
                                                                                                                                        "Parallel Aware": false,
                                                                                                                                        "Scan Direction": "Forward",
                                                                                                                                        "Index Name": "movie_id_movie_info_idx",
                                                                                                                                        "Relation Name": "movie_info_idx",
                                                                                                                                        "Schema": "public",
                                                                                                                                        "Alias": "mi_idx",
                                                                                                                                        "Startup Cost": 10000000000.43,
                                                                                                                                        "Total Cost": 10000057080.9,
                                                                                                                                        "Plan Rows": 194028,
                                                                                                                                        "Plan Width": 13,
                                                                                                                                        "Actual Startup Time": 0.058,
                                                                                                                                        "Actual Total Time": 254.87,
                                                                                                                                        "Actual Rows": 192839,
                                                                                                                                        "Actual Loops": 1,
                                                                                                                                        "Output": [
                                                                                                                                            "mi_idx.id",
                                                                                                                                            "mi_idx.movie_id",
                                                                                                                                            "mi_idx.info_type_id",
                                                                                                                                            "mi_idx.info",
                                                                                                                                            "mi_idx.note"
                                                                                                                                        ],
                                                                                                                                        "Filter": "(mi_idx.info > '7.0'::text)",
                                                                                                                                        "Rows Removed by Filter": 1187196
                                                                                                                                    },
                                                                                                                                    {
                                                                                                                                        "Node Type": "Bitmap Heap Scan",
                                                                                                                                        "Parent Relationship": "Inner",
                                                                                                                                        "Parallel Aware": false,
                                                                                                                                        "Relation Name": "info_type",
                                                                                                                                        "Schema": "public",
                                                                                                                                        "Alias": "it2",
                                                                                                                                        "Startup Cost": 0.15,
                                                                                                                                        "Total Cost": 4.17,
                                                                                                                                        "Plan Rows": 1,
                                                                                                                                        "Plan Width": 4,
                                                                                                                                        "Actual Startup Time": 0.002,
                                                                                                                                        "Actual Total Time": 0.002,
                                                                                                                                        "Actual Rows": 1,
                                                                                                                                        "Actual Loops": 192839,
                                                                                                                                        "Output": [
                                                                                                                                            "it2.id",
                                                                                                                                            "it2.info"
                                                                                                                                        ],
                                                                                                                                        "Recheck Cond": "(it2.id = mi_idx.info_type_id)",
                                                                                                                                        "Rows Removed by Index Recheck": 0,
                                                                                                                                        "Filter": "((it2.info)::text = 'rating'::text)",
                                                                                                                                        "Rows Removed by Filter": 0,
                                                                                                                                        "Exact Heap Blocks": 192839,
                                                                                                                                        "Lossy Heap Blocks": 0,
                                                                                                                                        "Plans": [
                                                                                                                                            {
                                                                                                                                                "Node Type": "Bitmap Index Scan",
                                                                                                                                                "Parent Relationship": "Outer",
                                                                                                                                                "Parallel Aware": false,
                                                                                                                                                "Index Name": "info_type_pkey",
                                                                                                                                                "Startup Cost": 0.0,
                                                                                                                                                "Total Cost": 0.15,
                                                                                                                                                "Plan Rows": 1,
                                                                                                                                                "Plan Width": 0,
                                                                                                                                                "Actual Startup Time": 0.001,
                                                                                                                                                "Actual Total Time": 0.001,
                                                                                                                                                "Actual Rows": 1,
                                                                                                                                                "Actual Loops": 192839,
                                                                                                                                                "Index Cond": "(it2.id = mi_idx.info_type_id)"
                                                                                                                                            }
                                                                                                                                        ]
                                                                                                                                    }
                                                                                                                                ]
                                                                                                                            },
                                                                                                                            {
                                                                                                                                "Node Type": "Bitmap Heap Scan",
                                                                                                                                "Parent Relationship": "Inner",
                                                                                                                                "Parallel Aware": false,
                                                                                                                                "Relation Name": "title",
                                                                                                                                "Schema": "public",
                                                                                                                                "Alias": "t",
                                                                                                                                "Startup Cost": 0.62,
                                                                                                                                "Total Cost": 4.64,
                                                                                                                                "Plan Rows": 1,
                                                                                                                                "Plan Width": 25,
                                                                                                                                "Actual Startup Time": 0.004,
                                                                                                                                "Actual Total Time": 0.004,
                                                                                                                                "Actual Rows": 1,
                                                                                                                                "Actual Loops": 121572,
                                                                                                                                "Output": [
                                                                                                                                    "t.id",
                                                                                                                                    "t.title",
                                                                                                                                    "t.imdb_index",
                                                                                                                                    "t.kind_id",
                                                                                                                                    "t.production_year",
                                                                                                                                    "t.imdb_id",
                                                                                                                                    "t.phonetic_code",
                                                                                                                                    "t.episode_of_id",
                                                                                                                                    "t.season_nr",
                                                                                                                                    "t.episode_nr",
                                                                                                                                    "t.series_years",
                                                                                                                                    "t.md5sum"
                                                                                                                                ],
                                                                                                                                "Recheck Cond": "(t.id = mi_idx.movie_id)",
                                                                                                                                "Rows Removed by Index Recheck": 0,
                                                                                                                                "Filter": "(t.production_year > 1997)",
                                                                                                                                "Rows Removed by Filter": 0,
                                                                                                                                "Exact Heap Blocks": 121572,
                                                                                                                                "Lossy Heap Blocks": 0,
                                                                                                                                "Plans": [
                                                                                                                                    {
                                                                                                                                        "Node Type": "Bitmap Index Scan",
                                                                                                                                        "Parent Relationship": "Outer",
                                                                                                                                        "Parallel Aware": false,
                                                                                                                                        "Index Name": "title_pkey",
                                                                                                                                        "Startup Cost": 0.0,
                                                                                                                                        "Total Cost": 0.62,
                                                                                                                                        "Plan Rows": 1,
                                                                                                                                        "Plan Width": 0,
                                                                                                                                        "Actual Startup Time": 0.002,
                                                                                                                                        "Actual Total Time": 0.002,
                                                                                                                                        "Actual Rows": 1,
                                                                                                                                        "Actual Loops": 121572,
                                                                                                                                        "Index Cond": "(t.id = mi_idx.movie_id)"
                                                                                                                                    }
                                                                                                                                ]
                                                                                                                            }
                                                                                                                        ]
                                                                                                                    },
                                                                                                                    {
                                                                                                                        "Node Type": "Hash",
                                                                                                                        "Parent Relationship": "Inner",
                                                                                                                        "Parallel Aware": false,
                                                                                                                        "Startup Cost": 10000069693.3,
                                                                                                                        "Total Cost": 10000069693.3,
                                                                                                                        "Plan Rows": 4523930,
                                                                                                                        "Plan Width": 8,
                                                                                                                        "Actual Startup Time": 1352.888,
                                                                                                                        "Actual Total Time": 1352.889,
                                                                                                                        "Actual Rows": 4523930,
                                                                                                                        "Actual Loops": 1,
                                                                                                                        "Output": [
                                                                                                                            "mk.movie_id",
                                                                                                                            "mk.keyword_id"
                                                                                                                        ],
                                                                                                                        "Hash Buckets": 8388608,
                                                                                                                        "Original Hash Buckets": 8388608,
                                                                                                                        "Hash Batches": 1,
                                                                                                                        "Original Hash Batches": 1,
                                                                                                                        "Peak Memory Usage": 242253,
                                                                                                                        "Plans": [
                                                                                                                            {
                                                                                                                                "Node Type": "Seq Scan",
                                                                                                                                "Parent Relationship": "Outer",
                                                                                                                                "Parallel Aware": false,
                                                                                                                                "Relation Name": "movie_keyword",
                                                                                                                                "Schema": "public",
                                                                                                                                "Alias": "mk",
                                                                                                                                "Startup Cost": 10000000000.0,
                                                                                                                                "Total Cost": 10000069693.3,
                                                                                                                                "Plan Rows": 4523930,
                                                                                                                                "Plan Width": 8,
                                                                                                                                "Actual Startup Time": 0.02,
                                                                                                                                "Actual Total Time": 612.8,
                                                                                                                                "Actual Rows": 4523930,
                                                                                                                                "Actual Loops": 1,
                                                                                                                                "Output": [
                                                                                                                                    "mk.movie_id",
                                                                                                                                    "mk.keyword_id"
                                                                                                                                ]
                                                                                                                            }
                                                                                                                        ]
                                                                                                                    }
                                                                                                                ]
                                                                                                            },
                                                                                                            {
                                                                                                                "Node Type": "Materialize",
                                                                                                                "Parent Relationship": "Inner",
                                                                                                                "Parallel Aware": false,
                                                                                                                "Startup Cost": 0.13,
                                                                                                                "Total Cost": 12.26,
                                                                                                                "Plan Rows": 1,
                                                                                                                "Plan Width": 4,
                                                                                                                "Actual Startup Time": 0.0,
                                                                                                                "Actual Total Time": 0.0,
                                                                                                                "Actual Rows": 1,
                                                                                                                "Actual Loops": 505885,
                                                                                                                "Output": [
                                                                                                                    "kt.id"
                                                                                                                ],
                                                                                                                "Plans": [
                                                                                                                    {
                                                                                                                        "Node Type": "Index Scan",
                                                                                                                        "Parent Relationship": "Outer",
                                                                                                                        "Parallel Aware": false,
                                                                                                                        "Scan Direction": "Forward",
                                                                                                                        "Index Name": "kind_type_pkey",
                                                                                                                        "Relation Name": "kind_type",
                                                                                                                        "Schema": "public",
                                                                                                                        "Alias": "kt",
                                                                                                                        "Startup Cost": 0.13,
                                                                                                                        "Total Cost": 12.26,
                                                                                                                        "Plan Rows": 1,
                                                                                                                        "Plan Width": 4,
                                                                                                                        "Actual Startup Time": 0.007,
                                                                                                                        "Actual Total Time": 0.009,
                                                                                                                        "Actual Rows": 1,
                                                                                                                        "Actual Loops": 1,
                                                                                                                        "Output": [
                                                                                                                            "kt.id"
                                                                                                                        ],
                                                                                                                        "Filter": "((kt.kind)::text = 'movie'::text)",
                                                                                                                        "Rows Removed by Filter": 6
                                                                                                                    }
                                                                                                                ]
                                                                                                            }
                                                                                                        ]
                                                                                                    }
                                                                                                ]
                                                                                            }
                                                                                        ]
                                                                                    },
                                                                                    {
                                                                                        "Node Type": "Bitmap Heap Scan",
                                                                                        "Parent Relationship": "Inner",
                                                                                        "Parallel Aware": false,
                                                                                        "Relation Name": "cast_info",
                                                                                        "Schema": "public",
                                                                                        "Alias": "ci",
                                                                                        "Startup Cost": 0.97,
                                                                                        "Total Cost": 5.45,
                                                                                        "Plan Rows": 38,
                                                                                        "Plan Width": 12,
                                                                                        "Actual Startup Time": 0.034,
                                                                                        "Actual Total Time": 0.181,
                                                                                        "Actual Rows": 129,
                                                                                        "Actual Loops": 480,
                                                                                        "Output": [
                                                                                            "ci.id",
                                                                                            "ci.person_id",
                                                                                            "ci.movie_id",
                                                                                            "ci.person_role_id",
                                                                                            "ci.note",
                                                                                            "ci.nr_order",
                                                                                            "ci.role_id"
                                                                                        ],
                                                                                        "Recheck Cond": "(ci.movie_id = mk.movie_id)",
                                                                                        "Rows Removed by Index Recheck": 0,
                                                                                        "Exact Heap Blocks": 59434,
                                                                                        "Lossy Heap Blocks": 0,
                                                                                        "Plans": [
                                                                                            {
                                                                                                "Node Type": "Bitmap Index Scan",
                                                                                                "Parent Relationship": "Outer",
                                                                                                "Parallel Aware": false,
                                                                                                "Index Name": "movie_id_cast_info",
                                                                                                "Startup Cost": 0.0,
                                                                                                "Total Cost": 0.97,
                                                                                                "Plan Rows": 38,
                                                                                                "Plan Width": 0,
                                                                                                "Actual Startup Time": 0.024,
                                                                                                "Actual Total Time": 0.024,
                                                                                                "Actual Rows": 129,
                                                                                                "Actual Loops": 480,
                                                                                                "Index Cond": "(ci.movie_id = mk.movie_id)"
                                                                                            }
                                                                                        ]
                                                                                    }
                                                                                ]
                                                                            }
                                                                        ]
                                                                    },
                                                                    {
                                                                        "Node Type": "Sort",
                                                                        "Parent Relationship": "Inner",
                                                                        "Parallel Aware": false,
                                                                        "Startup Cost": 72420.45,
                                                                        "Total Cost": 72734.44,
                                                                        "Plan Rows": 125596,
                                                                        "Plan Width": 20,
                                                                        "Actual Startup Time": 268.874,
                                                                        "Actual Total Time": 286.293,
                                                                        "Actual Rows": 180885,
                                                                        "Actual Loops": 1,
                                                                        "Output": [
                                                                            "chn.name",
                                                                            "chn.id"
                                                                        ],
                                                                        "Sort Key": [
                                                                            "chn.id"
                                                                        ],
                                                                        "Sort Method": "quicksort",
                                                                        "Sort Space Used": 19675,
                                                                        "Sort Space Type": "Memory",
                                                                        "Plans": [
                                                                            {
                                                                                "Node Type": "Gather",
                                                                                "Parent Relationship": "Outer",
                                                                                "Parallel Aware": false,
                                                                                "Startup Cost": 1000.0,
                                                                                "Total Cost": 61783.45,
                                                                                "Plan Rows": 125596,
                                                                                "Plan Width": 20,
                                                                                "Actual Startup Time": 0.348,
                                                                                "Actual Total Time": 232.025,
                                                                                "Actual Rows": 180152,
                                                                                "Actual Loops": 1,
                                                                                "Output": [
                                                                                    "chn.name",
                                                                                    "chn.id"
                                                                                ],
                                                                                "Workers Planned": 4,
                                                                                "Workers Launched": 4,
                                                                                "Single Copy": false,
                                                                                "Plans": [
                                                                                    {
                                                                                        "Node Type": "Seq Scan",
                                                                                        "Parent Relationship": "Outer",
                                                                                        "Parallel Aware": true,
                                                                                        "Relation Name": "char_name",
                                                                                        "Schema": "public",
                                                                                        "Alias": "chn",
                                                                                        "Startup Cost": 0.0,
                                                                                        "Total Cost": 48223.85,
                                                                                        "Plan Rows": 31399,
                                                                                        "Plan Width": 20,
                                                                                        "Actual Startup Time": 0.099,
                                                                                        "Actual Total Time": 220.507,
                                                                                        "Actual Rows": 36030,
                                                                                        "Actual Loops": 5,
                                                                                        "Output": [
                                                                                            "chn.name",
                                                                                            "chn.id"
                                                                                        ],
                                                                                        "Filter": "((chn.name IS NOT NULL) AND ((chn.name ~~ '%man%'::text) OR (chn.name ~~ '%Man%'::text)))",
                                                                                        "Rows Removed by Filter": 592037,
                                                                                        "Workers": [
                                                                                            {
                                                                                                "Worker Number": 0,
                                                                                                "Actual Startup Time": 0.091,
                                                                                                "Actual Total Time": 224.8,
                                                                                                "Actual Rows": 31831,
                                                                                                "Actual Loops": 1
                                                                                            },
                                                                                            {
                                                                                                "Worker Number": 1,
                                                                                                "Actual Startup Time": 0.167,
                                                                                                "Actual Total Time": 224.928,
                                                                                                "Actual Rows": 32501,
                                                                                                "Actual Loops": 1
                                                                                            },
                                                                                            {
                                                                                                "Worker Number": 2,
                                                                                                "Actual Startup Time": 0.107,
                                                                                                "Actual Total Time": 225.203,
                                                                                                "Actual Rows": 32289,
                                                                                                "Actual Loops": 1
                                                                                            },
                                                                                            {
                                                                                                "Worker Number": 3,
                                                                                                "Actual Startup Time": 0.108,
                                                                                                "Actual Total Time": 225.382,
                                                                                                "Actual Rows": 32045,
                                                                                                "Actual Loops": 1
                                                                                            }
                                                                                        ]
                                                                                    }
                                                                                ]
                                                                            }
                                                                        ]
                                                                    }
                                                                ]
                                                            }
                                                        ]
                                                    }
                                                ]
                                            }
                                        ]
                                    }
                                ]
                            },
                            {
                                "Node Type": "Bitmap Heap Scan",
                                "Parent Relationship": "Inner",
                                "Parallel Aware": false,
                                "Relation Name": "comp_cast_type",
                                "Schema": "public",
                                "Alias": "cct2",
                                "Startup Cost": 0.14,
                                "Total Cost": 4.15,
                                "Plan Rows": 1,
                                "Plan Width": 4,
                                "Actual Startup Time": 0.002,
                                "Actual Total Time": 0.002,
                                "Actual Rows": 1,
                                "Actual Loops": 1045,
                                "Output": [
                                    "cct2.id",
                                    "cct2.kind"
                                ],
                                "Recheck Cond": "(cct2.id = cc.status_id)",
                                "Rows Removed by Index Recheck": 0,
                                "Filter": "((cct2.kind)::text ~~ '%complete%'::text)",
                                "Rows Removed by Filter": 0,
                                "Exact Heap Blocks": 1045,
                                "Lossy Heap Blocks": 0,
                                "Plans": [
                                    {
                                        "Node Type": "Bitmap Index Scan",
                                        "Parent Relationship": "Outer",
                                        "Parallel Aware": false,
                                        "Index Name": "comp_cast_type_pkey",
                                        "Startup Cost": 0.0,
                                        "Total Cost": 0.14,
                                        "Plan Rows": 1,
                                        "Plan Width": 0,
                                        "Actual Startup Time": 0.001,
                                        "Actual Total Time": 0.001,
                                        "Actual Rows": 1,
                                        "Actual Loops": 1045,
                                        "Index Cond": "(cct2.id = cc.status_id)"
                                    }
                                ]
                            }
                        ]
                    },
                    {
                        "Node Type": "Bitmap Heap Scan",
                        "Parent Relationship": "Inner",
                        "Parallel Aware": false,
                        "Relation Name": "name",
                        "Schema": "public",
                        "Alias": "n",
                        "Startup Cost": 0.44,
                        "Total Cost": 4.45,
                        "Plan Rows": 1,
                        "Plan Width": 19,
                        "Actual Startup Time": 0.006,
                        "Actual Total Time": 0.006,
                        "Actual Rows": 1,
                        "Actual Loops": 1045,
                        "Output": [
                            "n.id",
                            "n.name",
                            "n.imdb_index",
                            "n.imdb_id",
                            "n.gender",
                            "n.name_pcode_cf",
                            "n.name_pcode_nf",
                            "n.surname_pcode",
                            "n.md5sum"
                        ],
                        "Recheck Cond": "(n.id = ci.person_id)",
                        "Rows Removed by Index Recheck": 0,
                        "Exact Heap Blocks": 1045,
                        "Lossy Heap Blocks": 0,
                        "Plans": [
                            {
                                "Node Type": "Bitmap Index Scan",
                                "Parent Relationship": "Outer",
                                "Parallel Aware": false,
                                "Index Name": "name_pkey",
                                "Startup Cost": 0.0,
                                "Total Cost": 0.44,
                                "Plan Rows": 1,
                                "Plan Width": 0,
                                "Actual Startup Time": 0.004,
                                "Actual Total Time": 0.004,
                                "Actual Rows": 1,
                                "Actual Loops": 1045,
                                "Index Cond": "(n.id = ci.person_id)"
                            }
                        ]
                    }
                ]
            }
        ]
    },
    "Planning Time": 40.943,
    "Triggers": [],
    "Execution Time": 3860.749
}