[
    {
        "Bao": {
            "Bao prediction": "NaN",
            "Bao recommended hint": "(no hint)"
        }
    },
    {
        "Plan": {
            "Node Type": "Aggregate",
            "Strategy": "Plain",
            "Partial Mode": "Simple",
            "Parallel Aware": false,
            "Startup Cost": 21766.42,
            "Total Cost": 21766.43,
            "Plan Rows": 1,
            "Plan Width": 8,
            "Actual Startup Time": 22.964,
            "Actual Total Time": 22.965,
            "Actual Rows": 1,
            "Actual Loops": 1,
            "Output": [
                "count(*)"
            ],
            "Plans": [
                {
                    "Node Type": "Bitmap Heap Scan",
                    "Parent Relationship": "Outer",
                    "Parallel Aware": false,
                    "Relation Name": "movie_companies",
                    "Schema": "public",
                    "Alias": "mc",
                    "Startup Cost": 1696.36,
                    "Total Cost": 21666.17,
                    "Plan Rows": 40100,
                    "Plan Width": 0,
                    "Actual Startup Time": 17.987,
                    "Actual Total Time": 22.255,
                    "Actual Rows": 17551,
                    "Actual Loops": 1,
                    "Recheck Cond": "(mc.company_id < 19)",
                    "Rows Removed by Index Recheck": 0,
                    "Filter": "(mc.company_type_id = 2)",
                    "Rows Removed by Filter": 66520,
                    "Exact Heap Blocks": 7968,
                    "Lossy Heap Blocks": 0,
                    "Plans": [
                        {
                            "Node Type": "Bitmap Index Scan",
                            "Parent Relationship": "Outer",
                            "Parallel Aware": false,
                            "Index Name": "company_id_movie_companies",
                            "Startup Cost": 0.0,
                            "Total Cost": 1686.34,
                            "Plan Rows": 78654,
                            "Plan Width": 0,
                            "Actual Startup Time": 4.256,
                            "Actual Total Time": 4.256,
                            "Actual Rows": 84071,
                            "Actual Loops": 1,
                            "Index Cond": "(mc.company_id < 19)"
                        }
                    ]
                }
            ]
        },
        "Planning Time": 190.156,
        "Triggers": [],
        "Execution Time": 23.013
    }
]