[
  {
    "Plan": {
      "Node Type": "Aggregate",
      "Strategy": "Plain",
      "Partial Mode": "Finalize",
      "Parallel Aware": false,
      "Startup Cost": 335548.8,
      "Total Cost": 335548.81,
      "Plan Rows": 1,
      "Plan Width": 8,
      "Actual Startup Time": 649.568,
      "Actual Total Time": 696.46,
      "Actual Rows": 1,
      "Actual Loops": 1,
      "Plans": [
        {
          "Node Type": "Gather",
          "Parent Relationship": "Outer",
          "Parallel Aware": false,
          "Startup Cost": 335548.18,
          "Total Cost": 335548.79,
          "Plan Rows": 6,
          "Plan Width": 8,
          "Actual Startup Time": 649.369,
          "Actual Total Time": 696.45,
          "Actual Rows": 7,
          "Actual Loops": 1,
          "Workers Planned": 6,
          "Workers Launched": 6,
          "Single Copy": false,
          "Plans": [
            {
              "Node Type": "Aggregate",
              "Strategy": "Plain",
              "Partial Mode": "Partial",
              "Parent Relationship": "Outer",
              "Parallel Aware": false,
              "Startup Cost": 334548.18,
              "Total Cost": 334548.19,
              "Plan Rows": 1,
              "Plan Width": 8,
              "Actual Startup Time": 641.187,
              "Actual Total Time": 641.188,
              "Actual Rows": 1,
              "Actual Loops": 7,
              "Plans": [
                {
                  "Node Type": "Seq Scan",
                  "Parent Relationship": "Outer",
                  "Parallel Aware": true,
                  "Relation Name": "cast_info",
                  "Alias": "ci",
                  "Startup Cost": 0.0,
                  "Total Cost": 328211.39,
                  "Plan Rows": 2534714,
                  "Plan Width": 0,
                  "Actual Startup Time": 225.12,
                  "Actual Total Time": 549.851,
                  "Actual Rows": 2131318,
                  "Actual Loops": 7,
                  "Filter": "(person_id > 2158310)",
                  "Rows Removed by Filter": 3046446
                }
              ]
            }
          ]
        }
      ]
    },
    "Planning Time": 0.198,
    "Triggers": [],
    "Execution Time": 696.527
  }
]