{
  "Plan": {
    "Node Type": "Aggregate",
    "Strategy": "Plain",
    "Partial Mode": "Finalize",
    "Parallel Aware": false,
    "Startup Cost": 682171.18,
    "Total Cost": 682171.19,
    "Plan Rows": 1,
    "Plan Width": 8,
    "Actual Startup Time": 6977.635,
    "Actual Total Time": 7029.366,
    "Actual Rows": 1,
    "Actual Loops": 1,
    "Plans": [
      {
        "Node Type": "Gather",
        "Parent Relationship": "Outer",
        "Parallel Aware": false,
        "Startup Cost": 682171.07,
        "Total Cost": 682171.18,
        "Plan Rows": 1,
        "Plan Width": 8,
        "Actual Startup Time": 6974.056,
        "Actual Total Time": 7029.358,
        "Actual Rows": 2,
        "Actual Loops": 1,
        "Workers Planned": 1,
        "Workers Launched": 1,
        "Single Copy": false,
        "Plans": [
          {
            "Node Type": "Aggregate",
            "Strategy": "Plain",
            "Partial Mode": "Partial",
            "Parent Relationship": "Outer",
            "Parallel Aware": false,
            "Startup Cost": 681171.07,
            "Total Cost": 681171.08,
            "Plan Rows": 1,
            "Plan Width": 8,
            "Actual Startup Time": 6962.159,
            "Actual Total Time": 6962.163,
            "Actual Rows": 1,
            "Actual Loops": 2,
            "Plans": [
              {
                "Node Type": "Hash Join",
                "Parent Relationship": "Outer",
                "Parallel Aware": true,
                "Join Type": "Inner",
                "Startup Cost": 69460.7,
                "Total Cost": 661968.92,
                "Plan Rows": 7680860,
                "Plan Width": 0,
                "Actual Startup Time": 1017.875,
                "Actual Total Time": 6578.735,
                "Actual Rows": 9512246,
                "Actual Loops": 2,
                "Inner Unique": true,
                "Hash Cond": "(ci.movie_id = t.id)",
                "Plans": [
                  {
                    "Node Type": "Seq Scan",
                    "Parent Relationship": "Outer",
                    "Parallel Aware": true,
                    "Relation Name": "cast_info",
                    "Alias": "ci",
                    "Startup Cost": 0.0,
                    "Total Cost": 572345.93,
                    "Plan Rows": 7680860,
                    "Plan Width": 4,
                    "Actual Startup Time": 471.491,
                    "Actual Total Time": 1731.372,
                    "Actual Rows": 9512246,
                    "Actual Loops": 2,
                    "Filter": "((person_id > 1615546) AND (role_id > 1))",
                    "Rows Removed by Filter": 8609926
                  },
                  {
                    "Node Type": "Hash",
                    "Parent Relationship": "Inner",
                    "Parallel Aware": true,
                    "Startup Cost": 50870.31,
                    "Total Cost": 50870.31,
                    "Plan Rows": 1487231,
                    "Plan Width": 4,
                    "Actual Startup Time": 525.219,
                    "Actual Total Time": 525.22,
                    "Actual Rows": 1264156,
                    "Actual Loops": 2,
                    "Hash Buckets": 4194304,
                    "Original Hash Buckets": 4194304,
                    "Hash Batches": 1,
                    "Original Hash Batches": 1,
                    "Peak Memory Usage": 131712,
                    "Plans": [
                      {
                        "Node Type": "Seq Scan",
                        "Parent Relationship": "Outer",
                        "Parallel Aware": true,
                        "Relation Name": "title",
                        "Alias": "t",
                        "Startup Cost": 0.0,
                        "Total Cost": 50870.31,
                        "Plan Rows": 1487231,
                        "Plan Width": 4,
                        "Actual Startup Time": 0.024,
                        "Actual Total Time": 148.272,
                        "Actual Rows": 1264156,
                        "Actual Loops": 2
                      }
                    ]
                  }
                ]
              }
            ]
          }
        ]
      }
    ]
  },
  "Planning Time": 0.684,
  "Triggers": [],
  "Execution Time": 7029.445
}