[
    {
        "Bao": {
            "Bao prediction": 395.918,
            "Bao recommended hint": "(no hint)"
        }
    },
    {
        "Plan": {
            "Node Type": "Aggregate",
            "Strategy": "Plain",
            "Partial Mode": "Finalize",
            "Parallel Aware": false,
            "Startup Cost": 46481.99,
            "Total Cost": 46482.0,
            "Plan Rows": 1,
            "Plan Width": 8,
            "Actual Startup Time": 101.779,
            "Actual Total Time": 108.283,
            "Actual Rows": 1,
            "Actual Loops": 1,
            "Output": [
                "count(*)"
            ],
            "Plans": [
                {
                    "Node Type": "Gather",
                    "Parent Relationship": "Outer",
                    "Parallel Aware": false,
                    "Startup Cost": 46481.57,
                    "Total Cost": 46481.98,
                    "Plan Rows": 4,
                    "Plan Width": 8,
                    "Actual Startup Time": 101.592,
                    "Actual Total Time": 108.275,
                    "Actual Rows": 5,
                    "Actual Loops": 1,
                    "Output": [
                        "(PARTIAL count(*))"
                    ],
                    "Workers Planned": 4,
                    "Workers Launched": 4,
                    "Single Copy": false,
                    "Plans": [
                        {
                            "Node Type": "Aggregate",
                            "Strategy": "Plain",
                            "Partial Mode": "Partial",
                            "Parent Relationship": "Outer",
                            "Parallel Aware": false,
                            "Startup Cost": 45481.57,
                            "Total Cost": 45481.58,
                            "Plan Rows": 1,
                            "Plan Width": 8,
                            "Actual Startup Time": 93.161,
                            "Actual Total Time": 93.162,
                            "Actual Rows": 1,
                            "Actual Loops": 5,
                            "Output": [
                                "PARTIAL count(*)"
                            ],
                            "Workers": [
                                {
                                    "Worker Number": 0,
                                    "Actual Startup Time": 91.079,
                                    "Actual Total Time": 91.08,
                                    "Actual Rows": 1,
                                    "Actual Loops": 1
                                },
                                {
                                    "Worker Number": 1,
                                    "Actual Startup Time": 91.158,
                                    "Actual Total Time": 91.159,
                                    "Actual Rows": 1,
                                    "Actual Loops": 1
                                },
                                {
                                    "Worker Number": 2,
                                    "Actual Startup Time": 91.149,
                                    "Actual Total Time": 91.15,
                                    "Actual Rows": 1,
                                    "Actual Loops": 1
                                },
                                {
                                    "Worker Number": 3,
                                    "Actual Startup Time": 91.514,
                                    "Actual Total Time": 91.515,
                                    "Actual Rows": 1,
                                    "Actual Loops": 1
                                }
                            ],
                            "Plans": [
                                {
                                    "Node Type": "Seq Scan",
                                    "Parent Relationship": "Outer",
                                    "Parallel Aware": true,
                                    "Relation Name": "title",
                                    "Schema": "public",
                                    "Alias": "t",
                                    "Startup Cost": 0.0,
                                    "Total Cost": 45479.21,
                                    "Plan Rows": 943,
                                    "Plan Width": 0,
                                    "Actual Startup Time": 1.824,
                                    "Actual Total Time": 93.024,
                                    "Actual Rows": 743,
                                    "Actual Loops": 5,
                                    "Output": [
                                        "id",
                                        "title",
                                        "imdb_index",
                                        "kind_id",
                                        "production_year",
                                        "imdb_id",
                                        "phonetic_code",
                                        "episode_of_id",
                                        "season_nr",
                                        "episode_nr",
                                        "series_years",
                                        "md5sum"
                                    ],
                                    "Filter": "((t.kind_id < 3) AND (t.production_year = 1961))",
                                    "Rows Removed by Filter": 504919,
                                    "Workers": [
                                        {
                                            "Worker Number": 0,
                                            "Actual Startup Time": 6.687,
                                            "Actual Total Time": 90.931,
                                            "Actual Rows": 715,
                                            "Actual Loops": 1
                                        },
                                        {
                                            "Worker Number": 1,
                                            "Actual Startup Time": 1.472,
                                            "Actual Total Time": 91.022,
                                            "Actual Rows": 639,
                                            "Actual Loops": 1
                                        },
                                        {
                                            "Worker Number": 2,
                                            "Actual Startup Time": 0.284,
                                            "Actual Total Time": 91.011,
                                            "Actual Rows": 637,
                                            "Actual Loops": 1
                                        },
                                        {
                                            "Worker Number": 3,
                                            "Actual Startup Time": 0.132,
                                            "Actual Total Time": 91.361,
                                            "Actual Rows": 717,
                                            "Actual Loops": 1
                                        }
                                    ]
                                }
                            ]
                        }
                    ]
                }
            ]
        },
        "Planning Time": 1855.299,
        "Triggers": [],
        "Execution Time": 108.39
    }
]