[
  {
    "Plan": {
      "Node Type": "Aggregate",
      "Strategy": "Plain",
      "Partial Mode": "Finalize",
      "Parallel Aware": false,
      "Startup Cost": 106986.03,
      "Total Cost": 106986.04,
      "Plan Rows": 1,
      "Plan Width": 8,
      "Actual Startup Time": 794.385,
      "Actual Total Time": 817.375,
      "Actual Rows": 1,
      "Actual Loops": 1,
      "Plans": [
        {
          "Node Type": "Gather",
          "Parent Relationship": "Outer",
          "Parallel Aware": false,
          "Startup Cost": 106985.82,
          "Total Cost": 106986.03,
          "Plan Rows": 2,
          "Plan Width": 8,
          "Actual Startup Time": 783.219,
          "Actual Total Time": 817.368,
          "Actual Rows": 3,
          "Actual Loops": 1,
          "Workers Planned": 2,
          "Workers Launched": 2,
          "Single Copy": false,
          "Plans": [
            {
              "Node Type": "Aggregate",
              "Strategy": "Plain",
              "Partial Mode": "Partial",
              "Parent Relationship": "Outer",
              "Parallel Aware": false,
              "Startup Cost": 105985.82,
              "Total Cost": 105985.83,
              "Plan Rows": 1,
              "Plan Width": 8,
              "Actual Startup Time": 773.198,
              "Actual Total Time": 773.206,
              "Actual Rows": 1,
              "Actual Loops": 3,
              "Plans": [
                {
                  "Node Type": "Hash Join",
                  "Parent Relationship": "Outer",
                  "Parallel Aware": true,
                  "Join Type": "Inner",
                  "Startup Cost": 89503.45,
                  "Total Cost": 105705.98,
                  "Plan Rows": 111935,
                  "Plan Width": 0,
                  "Actual Startup Time": 646.73,
                  "Actual Total Time": 757.652,
                  "Actual Rows": 384379,
                  "Actual Loops": 3,
                  "Inner Unique": false,
                  "Hash Cond": "(mi_idx.movie_id = t.id)",
                  "Plans": [
                    {
                      "Node Type": "Seq Scan",
                      "Parent Relationship": "Outer",
                      "Parallel Aware": true,
                      "Relation Name": "movie_info_idx",
                      "Alias": "mi_idx",
                      "Startup Cost": 0.0,
                      "Total Cost": 13685.15,
                      "Plan Rows": 575015,
                      "Plan Width": 4,
                      "Actual Startup Time": 0.029,
                      "Actual Total Time": 40.172,
                      "Actual Rows": 460012,
                      "Actual Loops": 3
                    },
                    {
                      "Node Type": "Hash",
                      "Parent Relationship": "Inner",
                      "Parallel Aware": true,
                      "Startup Cost": 87518.79,
                      "Total Cost": 87518.79,
                      "Plan Rows": 158773,
                      "Plan Width": 8,
                      "Actual Startup Time": 632.594,
                      "Actual Total Time": 632.599,
                      "Actual Rows": 163579,
                      "Actual Loops": 3,
                      "Hash Buckets": 524288,
                      "Original Hash Buckets": 524288,
                      "Hash Batches": 1,
                      "Original Hash Batches": 1,
                      "Peak Memory Usage": 23328,
                      "Plans": [
                        {
                          "Node Type": "Hash Join",
                          "Parent Relationship": "Outer",
                          "Parallel Aware": true,
                          "Join Type": "Inner",
                          "Startup Cost": 60663.34,
                          "Total Cost": 87518.79,
                          "Plan Rows": 158773,
                          "Plan Width": 8,
                          "Actual Startup Time": 471.331,
                          "Actual Total Time": 590.229,
                          "Actual Rows": 163579,
                          "Actual Loops": 3,
                          "Inner Unique": true,
                          "Hash Cond": "(mk.movie_id = t.id)",
                          "Plans": [
                            {
                              "Node Type": "Bitmap Heap Scan",
                              "Parent Relationship": "Outer",
                              "Parallel Aware": true,
                              "Relation Name": "movie_keyword",
                              "Alias": "mk",
                              "Startup Cost": 10442.96,
                              "Total Cost": 36881.62,
                              "Plan Rows": 158773,
                              "Plan Width": 4,
                              "Actual Startup Time": 29.736,
                              "Actual Total Time": 94.014,
                              "Actual Rows": 163579,
                              "Actual Loops": 3,
                              "Recheck Cond": "(keyword_id > 36672)",
                              "Rows Removed by Index Recheck": 0,
                              "Exact Heap Blocks": 8513,
                              "Lossy Heap Blocks": 0,
                              "Plans": [
                                {
                                  "Node Type": "Bitmap Index Scan",
                                  "Parent Relationship": "Outer",
                                  "Parallel Aware": false,
                                  "Index Name": "keyword_id_movie_keyword",
                                  "Startup Cost": 0.0,
                                  "Total Cost": 10319.91,
                                  "Plan Rows": 492197,
                                  "Plan Width": 0,
                                  "Actual Startup Time": 26.463,
                                  "Actual Total Time": 26.463,
                                  "Actual Rows": 490736,
                                  "Actual Loops": 1,
                                  "Index Cond": "(keyword_id > 36672)"
                                }
                              ]
                            },
                            {
                              "Node Type": "Hash",
                              "Parent Relationship": "Inner",
                              "Parallel Aware": true,
                              "Startup Cost": 42319.06,
                              "Total Cost": 42319.06,
                              "Plan Rows": 632106,
                              "Plan Width": 4,
                              "Actual Startup Time": 431.098,
                              "Actual Total Time": 431.099,
                              "Actual Rows": 842771,
                              "Actual Loops": 3,
                              "Hash Buckets": 4194304,
                              "Original Hash Buckets": 4194304,
                              "Hash Batches": 1,
                              "Original Hash Batches": 1,
                              "Peak Memory Usage": 131712,
                              "Plans": [
                                {
                                  "Node Type": "Seq Scan",
                                  "Parent Relationship": "Outer",
                                  "Parallel Aware": true,
                                  "Relation Name": "title",
                                  "Alias": "t",
                                  "Startup Cost": 0.0,
                                  "Total Cost": 42319.06,
                                  "Plan Rows": 632106,
                                  "Plan Width": 4,
                                  "Actual Startup Time": 0.043,
                                  "Actual Total Time": 122.202,
                                  "Actual Rows": 842771,
                                  "Actual Loops": 3
                                }
                              ]
                            }
                          ]
                        }
                      ]
                    }
                  ]
                }
              ]
            }
          ]
        }
      ]
    },
    "Planning Time": 0.591,
    "Triggers": [],
    "Execution Time": 817.449
  }
]