[
  {
    "Plan": {
      "Node Type": "Aggregate",
      "Strategy": "Plain",
      "Partial Mode": "Finalize",
      "Parallel Aware": false,
      "Startup Cost": 234858.11,
      "Total Cost": 234858.12,
      "Plan Rows": 1,
      "Plan Width": 8,
      "Actual Startup Time": 227.53,
      "Actual Total Time": 242.577,
      "Actual Rows": 1,
      "Actual Loops": 1,
      "Plans": [
        {
          "Node Type": "Gather",
          "Parent Relationship": "Outer",
          "Parallel Aware": false,
          "Startup Cost": 234857.59,
          "Total Cost": 234858.1,
          "Plan Rows": 5,
          "Plan Width": 8,
          "Actual Startup Time": 226.852,
          "Actual Total Time": 242.567,
          "Actual Rows": 6,
          "Actual Loops": 1,
          "Workers Planned": 5,
          "Workers Launched": 5,
          "Single Copy": false,
          "Plans": [
            {
              "Node Type": "Aggregate",
              "Strategy": "Plain",
              "Partial Mode": "Partial",
              "Parent Relationship": "Outer",
              "Parallel Aware": false,
              "Startup Cost": 233857.59,
              "Total Cost": 233857.6,
              "Plan Rows": 1,
              "Plan Width": 8,
              "Actual Startup Time": 216.746,
              "Actual Total Time": 216.751,
              "Actual Rows": 1,
              "Actual Loops": 6,
              "Plans": [
                {
                  "Node Type": "Hash Join",
                  "Parent Relationship": "Outer",
                  "Parallel Aware": true,
                  "Join Type": "Inner",
                  "Startup Cost": 67870.61,
                  "Total Cost": 233839.59,
                  "Plan Rows": 7201,
                  "Plan Width": 0,
                  "Actual Startup Time": 139.367,
                  "Actual Total Time": 216.335,
                  "Actual Rows": 4474,
                  "Actual Loops": 6,
                  "Inner Unique": true,
                  "Hash Cond": "(mi.movie_id = t.id)",
                  "Plans": [
                    {
                      "Node Type": "Bitmap Heap Scan",
                      "Parent Relationship": "Outer",
                      "Parallel Aware": true,
                      "Relation Name": "movie_info",
                      "Alias": "mi",
                      "Startup Cost": 23754.83,
                      "Total Cost": 189033.77,
                      "Plan Rows": 262875,
                      "Plan Width": 4,
                      "Actual Startup Time": 45.693,
                      "Actual Total Time": 84.708,
                      "Actual Rows": 214821,
                      "Actual Loops": 6,
                      "Recheck Cond": "(info_type_id = 2)",
                      "Rows Removed by Index Recheck": 0,
                      "Exact Heap Blocks": 2331,
                      "Lossy Heap Blocks": 0,
                      "Plans": [
                        {
                          "Node Type": "Bitmap Index Scan",
                          "Parent Relationship": "Outer",
                          "Parallel Aware": false,
                          "Index Name": "info_type_id_movie_info",
                          "Startup Cost": 0.0,
                          "Total Cost": 23426.24,
                          "Plan Rows": 1314374,
                          "Plan Width": 0,
                          "Actual Startup Time": 44.208,
                          "Actual Total Time": 44.208,
                          "Actual Rows": 1288928,
                          "Actual Loops": 1,
                          "Index Cond": "(info_type_id = 2)"
                        }
                      ]
                    },
                    {
                      "Node Type": "Hash",
                      "Parent Relationship": "Inner",
                      "Parallel Aware": true,
                      "Startup Cost": 43899.32,
                      "Total Cost": 43899.32,
                      "Plan Rows": 17316,
                      "Plan Width": 4,
                      "Actual Startup Time": 91.858,
                      "Actual Total Time": 91.859,
                      "Actual Rows": 11224,
                      "Actual Loops": 6,
                      "Hash Buckets": 131072,
                      "Original Hash Buckets": 131072,
                      "Hash Batches": 1,
                      "Original Hash Batches": 1,
                      "Peak Memory Usage": 3744,
                      "Plans": [
                        {
                          "Node Type": "Seq Scan",
                          "Parent Relationship": "Outer",
                          "Parallel Aware": true,
                          "Relation Name": "title",
                          "Alias": "t",
                          "Startup Cost": 0.0,
                          "Total Cost": 43899.32,
                          "Plan Rows": 17316,
                          "Plan Width": 4,
                          "Actual Startup Time": 0.075,
                          "Actual Total Time": 85.112,
                          "Actual Rows": 11224,
                          "Actual Loops": 6,
                          "Filter": "(production_year > 2012)",
                          "Rows Removed by Filter": 410162
                        }
                      ]
                    }
                  ]
                }
              ]
            }
          ]
        }
      ]
    },
    "Planning Time": 0.644,
    "Triggers": [],
    "Execution Time": 242.672
  }
]