[
    {
        "Bao": {
            "Bao prediction": 607.851,
            "Bao recommended hint": "SET enable_mergejoin TO off; "
        }
    },
    {
        "Plan": {
            "Node Type": "Aggregate",
            "Strategy": "Plain",
            "Partial Mode": "Simple",
            "Parallel Aware": false,
            "Startup Cost": 39056.95,
            "Total Cost": 39056.96,
            "Plan Rows": 1,
            "Plan Width": 8,
            "Actual Startup Time": 65.334,
            "Actual Total Time": 65.335,
            "Actual Rows": 1,
            "Actual Loops": 1,
            "Output": [
                "count(*)"
            ],
            "Plans": [
                {
                    "Node Type": "Bitmap Heap Scan",
                    "Parent Relationship": "Outer",
                    "Parallel Aware": false,
                    "Relation Name": "title",
                    "Schema": "public",
                    "Alias": "t",
                    "Startup Cost": 1662.34,
                    "Total Cost": 39055.97,
                    "Plan Rows": 391,
                    "Plan Width": 0,
                    "Actual Startup Time": 26.724,
                    "Actual Total Time": 65.294,
                    "Actual Rows": 409,
                    "Actual Loops": 1,
                    "Recheck Cond": "(t.kind_id = 2)",
                    "Rows Removed by Index Recheck": 0,
                    "Filter": "(t.production_year = 1960)",
                    "Rows Removed by Filter": 90443,
                    "Exact Heap Blocks": 23872,
                    "Lossy Heap Blocks": 0,
                    "Plans": [
                        {
                            "Node Type": "Bitmap Index Scan",
                            "Parent Relationship": "Outer",
                            "Parallel Aware": false,
                            "Index Name": "kind_id_title",
                            "Startup Cost": 0.0,
                            "Total Cost": 1662.25,
                            "Plan Rows": 93042,
                            "Plan Width": 0,
                            "Actual Startup Time": 18.633,
                            "Actual Total Time": 18.633,
                            "Actual Rows": 90852,
                            "Actual Loops": 1,
                            "Index Cond": "(t.kind_id = 2)"
                        }
                    ]
                }
            ]
        },
        "Planning Time": 683.204,
        "Triggers": [],
        "Execution Time": 65.422
    }
]