[
  {
    "Plan": {
      "Node Type": "Aggregate",
      "Strategy": "Plain",
      "Partial Mode": "Finalize",
      "Parallel Aware": false,
      "Startup Cost": 45487.96,
      "Total Cost": 45487.97,
      "Plan Rows": 1,
      "Plan Width": 8,
      "Actual Startup Time": 147.116,
      "Actual Total Time": 155.42,
      "Actual Rows": 1,
      "Actual Loops": 1,
      "Plans": [
        {
          "Node Type": "Gather",
          "Parent Relationship": "Outer",
          "Parallel Aware": false,
          "Startup Cost": 45487.65,
          "Total Cost": 45487.96,
          "Plan Rows": 3,
          "Plan Width": 8,
          "Actual Startup Time": 146.992,
          "Actual Total Time": 155.409,
          "Actual Rows": 4,
          "Actual Loops": 1,
          "Workers Planned": 3,
          "Workers Launched": 3,
          "Single Copy": false,
          "Plans": [
            {
              "Node Type": "Aggregate",
              "Strategy": "Plain",
              "Partial Mode": "Partial",
              "Parent Relationship": "Outer",
              "Parallel Aware": false,
              "Startup Cost": 44487.65,
              "Total Cost": 44487.66,
              "Plan Rows": 1,
              "Plan Width": 8,
              "Actual Startup Time": 142.822,
              "Actual Total Time": 142.823,
              "Actual Rows": 1,
              "Actual Loops": 4,
              "Plans": [
                {
                  "Node Type": "Seq Scan",
                  "Parent Relationship": "Outer",
                  "Parallel Aware": true,
                  "Relation Name": "movie_keyword",
                  "Alias": "mk",
                  "Startup Cost": 0.0,
                  "Total Cost": 42695.65,
                  "Plan Rows": 716797,
                  "Plan Width": 0,
                  "Actual Startup Time": 0.035,
                  "Actual Total Time": 115.757,
                  "Actual Rows": 561134,
                  "Actual Loops": 4,
                  "Filter": "(keyword_id < 4620)",
                  "Rows Removed by Filter": 569849
                }
              ]
            }
          ]
        }
      ]
    },
    "Planning Time": 0.184,
    "Triggers": [],
    "Execution Time": 155.475
  }
]