{
  "Plan": {
    "Node Type": "Aggregate",
    "Strategy": "Plain",
    "Partial Mode": "Finalize",
    "Parallel Aware": false,
    "Startup Cost": 514692.64,
    "Total Cost": 514692.65,
    "Plan Rows": 1,
    "Plan Width": 8,
    "Actual Startup Time": 1134.411,
    "Actual Total Time": 1196.414,
    "Actual Rows": 1,
    "Actual Loops": 1,
    "Plans": [
      {
        "Node Type": "Gather",
        "Parent Relationship": "Outer",
        "Parallel Aware": false,
        "Startup Cost": 514692.52,
        "Total Cost": 514692.63,
        "Plan Rows": 1,
        "Plan Width": 8,
        "Actual Startup Time": 1133.001,
        "Actual Total Time": 1196.402,
        "Actual Rows": 2,
        "Actual Loops": 1,
        "Workers Planned": 1,
        "Workers Launched": 1,
        "Single Copy": false,
        "Plans": [
          {
            "Node Type": "Aggregate",
            "Strategy": "Plain",
            "Partial Mode": "Partial",
            "Parent Relationship": "Outer",
            "Parallel Aware": false,
            "Startup Cost": 513692.52,
            "Total Cost": 513692.53,
            "Plan Rows": 1,
            "Plan Width": 8,
            "Actual Startup Time": 1126.637,
            "Actual Total Time": 1126.643,
            "Actual Rows": 1,
            "Actual Loops": 2,
            "Plans": [
              {
                "Node Type": "Nested Loop",
                "Parent Relationship": "Outer",
                "Parallel Aware": false,
                "Join Type": "Inner",
                "Startup Cost": 83784.57,
                "Total Cost": 512482.35,
                "Plan Rows": 484070,
                "Plan Width": 0,
                "Actual Startup Time": 323.936,
                "Actual Total Time": 1119.907,
                "Actual Rows": 130868,
                "Actual Loops": 2,
                "Inner Unique": false,
                "Join Filter": "(t.id = ci.movie_id)",
                "Rows Removed by Join Filter": 0,
                "Plans": [
                  {
                    "Node Type": "Hash Join",
                    "Parent Relationship": "Outer",
                    "Parallel Aware": true,
                    "Join Type": "Inner",
                    "Startup Cost": 83784.01,
                    "Total Cost": 117216.37,
                    "Plan Rows": 130032,
                    "Plan Width": 8,
                    "Actual Startup Time": 323.802,
                    "Actual Total Time": 515.496,
                    "Actual Rows": 23870,
                    "Actual Loops": 2,
                    "Inner Unique": true,
                    "Hash Cond": "(mk.movie_id = t.id)",
                    "Plans": [
                      {
                        "Node Type": "Bitmap Heap Scan",
                        "Parent Relationship": "Outer",
                        "Parallel Aware": true,
                        "Relation Name": "movie_keyword",
                        "Alias": "mk",
                        "Startup Cost": 21405.25,
                        "Total Cost": 53279.38,
                        "Plan Rows": 593611,
                        "Plan Width": 4,
                        "Actual Startup Time": 58.688,
                        "Actual Total Time": 161.809,
                        "Actual Rows": 505440,
                        "Actual Loops": 2,
                        "Recheck Cond": "(keyword_id < 980)",
                        "Rows Removed by Index Recheck": 0,
                        "Exact Heap Blocks": 13433,
                        "Lossy Heap Blocks": 0,
                        "Plans": [
                          {
                            "Node Type": "Bitmap Index Scan",
                            "Parent Relationship": "Outer",
                            "Parallel Aware": false,
                            "Index Name": "keyword_id_movie_keyword",
                            "Startup Cost": 0.0,
                            "Total Cost": 21152.97,
                            "Plan Rows": 1009138,
                            "Plan Width": 0,
                            "Actual Startup Time": 55.028,
                            "Actual Total Time": 55.028,
                            "Actual Rows": 1010879,
                            "Actual Loops": 1,
                            "Index Cond": "(keyword_id < 980)"
                          }
                        ]
                      },
                      {
                        "Node Type": "Hash",
                        "Parent Relationship": "Inner",
                        "Parallel Aware": true,
                        "Startup Cost": 58306.47,
                        "Total Cost": 58306.47,
                        "Plan Rows": 325783,
                        "Plan Width": 4,
                        "Actual Startup Time": 255.989,
                        "Actual Total Time": 255.99,
                        "Actual Rows": 301202,
                        "Actual Loops": 2,
                        "Hash Buckets": 1048576,
                        "Original Hash Buckets": 1048576,
                        "Hash Batches": 1,
                        "Original Hash Batches": 1,
                        "Peak Memory Usage": 31776,
                        "Plans": [
                          {
                            "Node Type": "Seq Scan",
                            "Parent Relationship": "Outer",
                            "Parallel Aware": true,
                            "Relation Name": "title",
                            "Alias": "t",
                            "Startup Cost": 0.0,
                            "Total Cost": 58306.47,
                            "Plan Rows": 325783,
                            "Plan Width": 4,
                            "Actual Startup Time": 0.053,
                            "Actual Total Time": 161.582,
                            "Actual Rows": 301202,
                            "Actual Loops": 2,
                            "Filter": "((production_year > 2006) AND (kind_id = 7))",
                            "Rows Removed by Filter": 962954
                          }
                        ]
                      }
                    ]
                  },
                  {
                    "Node Type": "Index Scan",
                    "Parent Relationship": "Inner",
                    "Parallel Aware": false,
                    "Scan Direction": "Forward",
                    "Index Name": "movie_id_cast_info",
                    "Relation Name": "cast_info",
                    "Alias": "ci",
                    "Startup Cost": 0.56,
                    "Total Cost": 2.91,
                    "Plan Rows": 10,
                    "Plan Width": 4,
                    "Actual Startup Time": 0.007,
                    "Actual Total Time": 0.025,
                    "Actual Rows": 5,
                    "Actual Loops": 47740,
                    "Index Cond": "(movie_id = mk.movie_id)",
                    "Rows Removed by Index Recheck": 0,
                    "Filter": "((person_id > 889592) AND (role_id < 2))",
                    "Rows Removed by Filter": 33
                  }
                ]
              }
            ]
          }
        ]
      }
    ]
  },
  "Planning Time": 1.088,
  "Triggers": [],
  "Execution Time": 1196.575
}