[
  {
    "Plan": {
      "Node Type": "Aggregate",
      "Strategy": "Plain",
      "Partial Mode": "Finalize",
      "Parallel Aware": false,
      "Startup Cost": 769099.37,
      "Total Cost": 769099.38,
      "Plan Rows": 1,
      "Plan Width": 64,
      "Actual Startup Time": 2397.312,
      "Actual Total Time": 2567.211,
      "Actual Rows": 1,
      "Actual Loops": 1,
      "Plans": [
        {
          "Node Type": "Gather",
          "Parent Relationship": "Outer",
          "Parallel Aware": false,
          "Startup Cost": 769098.94,
          "Total Cost": 769099.35,
          "Plan Rows": 4,
          "Plan Width": 64,
          "Actual Startup Time": 2396.75,
          "Actual Total Time": 2567.193,
          "Actual Rows": 5,
          "Actual Loops": 1,
          "Workers Planned": 4,
          "Workers Launched": 4,
          "Single Copy": false,
          "Plans": [
            {
              "Node Type": "Aggregate",
              "Strategy": "Plain",
              "Partial Mode": "Partial",
              "Parent Relationship": "Outer",
              "Parallel Aware": false,
              "Startup Cost": 768098.94,
              "Total Cost": 768098.95,
              "Plan Rows": 1,
              "Plan Width": 64,
              "Actual Startup Time": 2384.882,
              "Actual Total Time": 2384.917,
              "Actual Rows": 1,
              "Actual Loops": 5,
              "Plans": [
                {
                  "Node Type": "Hash Join",
                  "Parent Relationship": "Outer",
                  "Parallel Aware": true,
                  "Join Type": "Inner",
                  "Startup Cost": 721994.77,
                  "Total Cost": 768098.94,
                  "Plan Rows": 1,
                  "Plan Width": 32,
                  "Actual Startup Time": 2342.742,
                  "Actual Total Time": 2384.852,
                  "Actual Rows": 459,
                  "Actual Loops": 5,
                  "Inner Unique": false,
                  "Hash Cond": "(t.id = mi.movie_id)",
                  "Plans": [
                    {
                      "Node Type": "Seq Scan",
                      "Parent Relationship": "Outer",
                      "Parallel Aware": true,
                      "Relation Name": "title",
                      "Alias": "t",
                      "Startup Cost": 0.0,
                      "Total Cost": 45478.74,
                      "Plan Rows": 166778,
                      "Plan Width": 21,
                      "Actual Startup Time": 0.031,
                      "Actual Total Time": 95.255,
                      "Actual Rows": 133215,
                      "Actual Loops": 5,
                      "Filter": "((production_year >= 1997) AND (production_year <= 2006))",
                      "Rows Removed by Filter": 372447
                    },
                    {
                      "Node Type": "Hash",
                      "Parent Relationship": "Inner",
                      "Parallel Aware": true,
                      "Startup Cost": 721994.76,
                      "Total Cost": 721994.76,
                      "Plan Rows": 1,
                      "Plan Width": 27,
                      "Actual Startup Time": 2275.861,
                      "Actual Total Time": 2275.893,
                      "Actual Rows": 867,
                      "Actual Loops": 5,
                      "Hash Buckets": 4096,
                      "Original Hash Buckets": 1024,
                      "Hash Batches": 1,
                      "Original Hash Batches": 1,
                      "Peak Memory Usage": 408,
                      "Plans": [
                        {
                          "Node Type": "Hash Join",
                          "Parent Relationship": "Outer",
                          "Parallel Aware": true,
                          "Join Type": "Inner",
                          "Startup Cost": 717083.82,
                          "Total Cost": 721994.76,
                          "Plan Rows": 1,
                          "Plan Width": 27,
                          "Actual Startup Time": 2238.809,
                          "Actual Total Time": 2253.824,
                          "Actual Rows": 867,
                          "Actual Loops": 5,
                          "Inner Unique": false,
                          "Hash Cond": "(cn.id = mc.company_id)",
                          "Plans": [
                            {
                              "Node Type": "Seq Scan",
                              "Parent Relationship": "Outer",
                              "Parallel Aware": true,
                              "Relation Name": "company_name",
                              "Alias": "cn",
                              "Startup Cost": 0.0,
                              "Total Cost": 4722.92,
                              "Plan Rows": 50137,
                              "Plan Width": 4,
                              "Actual Startup Time": 0.042,
                              "Actual Total Time": 15.43,
                              "Actual Rows": 16969,
                              "Actual Loops": 5,
                              "Filter": "((country_code)::text = '[us]'::text)",
                              "Rows Removed by Filter": 30031
                            },
                            {
                              "Node Type": "Hash",
                              "Parent Relationship": "Inner",
                              "Parallel Aware": true,
                              "Startup Cost": 717083.8,
                              "Total Cost": 717083.8,
                              "Plan Rows": 1,
                              "Plan Width": 31,
                              "Actual Startup Time": 2235.04,
                              "Actual Total Time": 2235.066,
                              "Actual Rows": 867,
                              "Actual Loops": 5,
                              "Hash Buckets": 4096,
                              "Original Hash Buckets": 1024,
                              "Hash Batches": 1,
                              "Original Hash Batches": 1,
                              "Peak Memory Usage": 440,
                              "Plans": [
                                {
                                  "Node Type": "Hash Join",
                                  "Parent Relationship": "Outer",
                                  "Parallel Aware": true,
                                  "Join Type": "Inner",
                                  "Startup Cost": 685314.0,
                                  "Total Cost": 717083.8,
                                  "Plan Rows": 1,
                                  "Plan Width": 31,
                                  "Actual Startup Time": 1966.374,
                                  "Actual Total Time": 2048.021,
                                  "Actual Rows": 867,
                                  "Actual Loops": 5,
                                  "Inner Unique": false,
                                  "Hash Cond": "(mc.movie_id = mi.movie_id)",
                                  "Plans": [
                                    {
                                      "Node Type": "Seq Scan",
                                      "Parent Relationship": "Outer",
                                      "Parallel Aware": true,
                                      "Relation Name": "movie_companies",
                                      "Alias": "mc",
                                      "Startup Cost": 0.0,
                                      "Total Cost": 31414.82,
                                      "Plan Rows": 94659,
                                      "Plan Width": 8,
                                      "Actual Startup Time": 0.064,
                                      "Actual Total Time": 97.784,
                                      "Actual Rows": 118199,
                                      "Actual Loops": 5,
                                      "Filter": "((note IS NOT NULL) AND ((note ~~ '%(USA)%'::text) OR (note ~~ '%(worldwide)%'::text)))",
                                      "Rows Removed by Filter": 403627
                                    },
                                    {
                                      "Node Type": "Hash",
                                      "Parent Relationship": "Inner",
                                      "Parallel Aware": true,
                                      "Startup Cost": 685313.99,
                                      "Total Cost": 685313.99,
                                      "Plan Rows": 1,
                                      "Plan Width": 23,
                                      "Actual Startup Time": 1937.888,
                                      "Actual Total Time": 1937.91,
                                      "Actual Rows": 1122,
                                      "Actual Loops": 5,
                                      "Hash Buckets": 8192,
                                      "Original Hash Buckets": 1024,
                                      "Hash Batches": 1,
                                      "Original Hash Batches": 1,
                                      "Peak Memory Usage": 536,
                                      "Plans": [
                                        {
                                          "Node Type": "Hash Join",
                                          "Parent Relationship": "Outer",
                                          "Parallel Aware": true,
                                          "Join Type": "Inner",
                                          "Startup Cost": 638042.73,
                                          "Total Cost": 685313.99,
                                          "Plan Rows": 1,
                                          "Plan Width": 23,
                                          "Actual Startup Time": 1764.014,
                                          "Actual Total Time": 1890.613,
                                          "Actual Rows": 1122,
                                          "Actual Loops": 5,
                                          "Inner Unique": false,
                                          "Hash Cond": "(chn.id = ci.person_role_id)",
                                          "Plans": [
                                            {
                                              "Node Type": "Seq Scan",
                                              "Parent Relationship": "Outer",
                                              "Parallel Aware": true,
                                              "Relation Name": "char_name",
                                              "Alias": "chn",
                                              "Startup Cost": 0.0,
                                              "Total Cost": 44325.46,
                                              "Plan Rows": 785546,
                                              "Plan Width": 4,
                                              "Actual Startup Time": 0.03,
                                              "Actual Total Time": 89.293,
                                              "Actual Rows": 628068,
                                              "Actual Loops": 5
                                            },
                                            {
                                              "Node Type": "Hash",
                                              "Parent Relationship": "Inner",
                                              "Parallel Aware": true,
                                              "Startup Cost": 638042.71,
                                              "Total Cost": 638042.71,
                                              "Plan Rows": 1,
                                              "Plan Width": 27,
                                              "Actual Startup Time": 1752.862,
                                              "Actual Total Time": 1752.88,
                                              "Actual Rows": 1122,
                                              "Actual Loops": 5,
                                              "Hash Buckets": 8192,
                                              "Original Hash Buckets": 1024,
                                              "Hash Batches": 1,
                                              "Original Hash Batches": 1,
                                              "Peak Memory Usage": 504,
                                              "Plans": [
                                                {
                                                  "Node Type": "Hash Join",
                                                  "Parent Relationship": "Outer",
                                                  "Parallel Aware": true,
                                                  "Join Type": "Inner",
                                                  "Startup Cost": 622648.81,
                                                  "Total Cost": 638042.71,
                                                  "Plan Rows": 1,
                                                  "Plan Width": 27,
                                                  "Actual Startup Time": 1742.049,
                                                  "Actual Total Time": 1742.283,
                                                  "Actual Rows": 1122,
                                                  "Actual Loops": 5,
                                                  "Inner Unique": false,
                                                  "Hash Cond": "(an.person_id = n.id)",
                                                  "Plans": [
                                                    {
                                                      "Node Type": "Seq Scan",
                                                      "Parent Relationship": "Outer",
                                                      "Parallel Aware": true,
                                                      "Relation Name": "aka_name",
                                                      "Alias": "an",
                                                      "Startup Cost": 0.0,
                                                      "Total Cost": 14303.56,
                                                      "Plan Rows": 290756,
                                                      "Plan Width": 4,
                                                      "Actual Startup Time": 0.027,
                                                      "Actual Total Time": 27.756,
                                                      "Actual Rows": 180269,
                                                      "Actual Loops": 5
                                                    },
                                                    {
                                                      "Node Type": "Hash",
                                                      "Parent Relationship": "Inner",
                                                      "Parallel Aware": true,
                                                      "Startup Cost": 622648.8,
                                                      "Total Cost": 622648.8,
                                                      "Plan Rows": 1,
                                                      "Plan Width": 35,
                                                      "Actual Startup Time": 1701.851,
                                                      "Actual Total Time": 1701.866,
                                                      "Actual Rows": 75,
                                                      "Actual Loops": 5,
                                                      "Hash Buckets": 1024,
                                                      "Original Hash Buckets": 1024,
                                                      "Hash Batches": 1,
                                                      "Original Hash Batches": 1,
                                                      "Peak Memory Usage": 168,
                                                      "Plans": [
                                                        {
                                                          "Node Type": "Hash Join",
                                                          "Parent Relationship": "Outer",
                                                          "Parallel Aware": true,
                                                          "Join Type": "Inner",
                                                          "Startup Cost": 415753.99,
                                                          "Total Cost": 622648.8,
                                                          "Plan Rows": 1,
                                                          "Plan Width": 35,
                                                          "Actual Startup Time": 1357.423,
                                                          "Actual Total Time": 1701.709,
                                                          "Actual Rows": 75,
                                                          "Actual Loops": 5,
                                                          "Inner Unique": false,
                                                          "Hash Cond": "(mi.movie_id = ci.movie_id)",
                                                          "Plans": [
                                                            {
                                                              "Node Type": "Hash Join",
                                                              "Parent Relationship": "Outer",
                                                              "Parallel Aware": false,
                                                              "Join Type": "Inner",
                                                              "Startup Cost": 2.43,
                                                              "Total Cost": 206892.59,
                                                              "Plan Rows": 1236,
                                                              "Plan Width": 4,
                                                              "Actual Startup Time": 130.358,
                                                              "Actual Total Time": 516.292,
                                                              "Actual Rows": 90208,
                                                              "Actual Loops": 5,
                                                              "Inner Unique": true,
                                                              "Hash Cond": "(mi.info_type_id = it.id)",
                                                              "Plans": [
                                                                {
                                                                  "Node Type": "Seq Scan",
                                                                  "Parent Relationship": "Outer",
                                                                  "Parallel Aware": true,
                                                                  "Relation Name": "movie_info",
                                                                  "Alias": "mi",
                                                                  "Startup Cost": 0.0,
                                                                  "Total Cost": 206509.76,
                                                                  "Plan Rows": 139676,
                                                                  "Plan Width": 8,
                                                                  "Actual Startup Time": 59.552,
                                                                  "Actual Total Time": 504.349,
                                                                  "Actual Rows": 90221,
                                                                  "Actual Loops": 5,
                                                                  "Filter": "((info IS NOT NULL) AND ((info ~~ 'Japan:%200%'::text) OR (info ~~ 'USA:%200%'::text)))",
                                                                  "Rows Removed by Filter": 2876923
                                                                },
                                                                {
                                                                  "Node Type": "Hash",
                                                                  "Parent Relationship": "Inner",
                                                                  "Parallel Aware": false,
                                                                  "Startup Cost": 2.41,
                                                                  "Total Cost": 2.41,
                                                                  "Plan Rows": 1,
                                                                  "Plan Width": 4,
                                                                  "Actual Startup Time": 0.046,
                                                                  "Actual Total Time": 0.048,
                                                                  "Actual Rows": 1,
                                                                  "Actual Loops": 5,
                                                                  "Hash Buckets": 1024,
                                                                  "Original Hash Buckets": 1024,
                                                                  "Hash Batches": 1,
                                                                  "Original Hash Batches": 1,
                                                                  "Peak Memory Usage": 9,
                                                                  "Plans": [
                                                                    {
                                                                      "Node Type": "Seq Scan",
                                                                      "Parent Relationship": "Outer",
                                                                      "Parallel Aware": false,
                                                                      "Relation Name": "info_type",
                                                                      "Alias": "it",
                                                                      "Startup Cost": 0.0,
                                                                      "Total Cost": 2.41,
                                                                      "Plan Rows": 1,
                                                                      "Plan Width": 4,
                                                                      "Actual Startup Time": 0.035,
                                                                      "Actual Total Time": 0.04,
                                                                      "Actual Rows": 1,
                                                                      "Actual Loops": 5,
                                                                      "Filter": "((info)::text = 'release dates'::text)",
                                                                      "Rows Removed by Filter": 112
                                                                    }
                                                                  ]
                                                                }
                                                              ]
                                                            },
                                                            {
                                                              "Node Type": "Hash",
                                                              "Parent Relationship": "Inner",
                                                              "Parallel Aware": true,
                                                              "Startup Cost": 415751.55,
                                                              "Total Cost": 415751.55,
                                                              "Plan Rows": 1,
                                                              "Plan Width": 31,
                                                              "Actual Startup Time": 1177.977,
                                                              "Actual Total Time": 1177.986,
                                                              "Actual Rows": 172,
                                                              "Actual Loops": 5,
                                                              "Hash Buckets": 1024,
                                                              "Original Hash Buckets": 1024,
                                                              "Hash Batches": 1,
                                                              "Original Hash Batches": 1,
                                                              "Peak Memory Usage": 168,
                                                              "Plans": [
                                                                {
                                                                  "Node Type": "Hash Join",
                                                                  "Parent Relationship": "Outer",
                                                                  "Parallel Aware": false,
                                                                  "Join Type": "Inner",
                                                                  "Startup Cost": 71241.56,
                                                                  "Total Cost": 415751.55,
                                                                  "Plan Rows": 1,
                                                                  "Plan Width": 31,
                                                                  "Actual Startup Time": 609.401,
                                                                  "Actual Total Time": 1177.773,
                                                                  "Actual Rows": 172,
                                                                  "Actual Loops": 5,
                                                                  "Inner Unique": true,
                                                                  "Hash Cond": "(ci.role_id = rt.id)",
                                                                  "Plans": [
                                                                    {
                                                                      "Node Type": "Hash Join",
                                                                      "Parent Relationship": "Outer",
                                                                      "Parallel Aware": true,
                                                                      "Join Type": "Inner",
                                                                      "Startup Cost": 71240.4,
                                                                      "Total Cost": 415750.35,
                                                                      "Plan Rows": 11,
                                                                      "Plan Width": 35,
                                                                      "Actual Startup Time": 609.239,
                                                                      "Actual Total Time": 1177.583,
                                                                      "Actual Rows": 172,
                                                                      "Actual Loops": 5,
                                                                      "Inner Unique": true,
                                                                      "Hash Cond": "(ci.person_id = n.id)",
                                                                      "Plans": [
                                                                        {
                                                                          "Node Type": "Seq Scan",
                                                                          "Parent Relationship": "Outer",
                                                                          "Parallel Aware": true,
                                                                          "Relation Name": "cast_info",
                                                                          "Alias": "ci",
                                                                          "Startup Cost": 0.0,
                                                                          "Total Cost": 343259.37,
                                                                          "Plan Rows": 476411,
                                                                          "Plan Width": 16,
                                                                          "Actual Startup Time": 0.025,
                                                                          "Actual Total Time": 967.792,
                                                                          "Actual Rows": 421021,
                                                                          "Actual Loops": 5,
                                                                          "Filter": "(note = ANY ('{(voice),(writer),(uncredited),(voice)}'::text[]))",
                                                                          "Rows Removed by Filter": 6827848
                                                                        },
                                                                        {
                                                                          "Node Type": "Hash",
                                                                          "Parent Relationship": "Inner",
                                                                          "Parallel Aware": true,
                                                                          "Startup Cost": 71240.1,
                                                                          "Total Cost": 71240.1,
                                                                          "Plan Rows": 24,
                                                                          "Plan Width": 19,
                                                                          "Actual Startup Time": 179.76,
                                                                          "Actual Total Time": 179.761,
                                                                          "Actual Rows": 0,
                                                                          "Actual Loops": 5,
                                                                          "Hash Buckets": 1024,
                                                                          "Original Hash Buckets": 1024,
                                                                          "Hash Batches": 1,
                                                                          "Original Hash Batches": 1,
                                                                          "Peak Memory Usage": 40,
                                                                          "Plans": [
                                                                            {
                                                                              "Node Type": "Seq Scan",
                                                                              "Parent Relationship": "Outer",
                                                                              "Parallel Aware": true,
                                                                              "Relation Name": "name",
                                                                              "Alias": "n",
                                                                              "Startup Cost": 0.0,
                                                                              "Total Cost": 71240.1,
                                                                              "Plan Rows": 24,
                                                                              "Plan Width": 19,
                                                                              "Actual Startup Time": 163.13,
                                                                              "Actual Total Time": 179.733,
                                                                              "Actual Rows": 0,
                                                                              "Actual Loops": 5,
                                                                              "Filter": "((name ~~ '%Kavner,%'::text) AND ((gender)::text = 'f'::text))",
                                                                              "Rows Removed by Filter": 833498
                                                                            }
                                                                          ]
                                                                        }
                                                                      ]
                                                                    },
                                                                    {
                                                                      "Node Type": "Hash",
                                                                      "Parent Relationship": "Inner",
                                                                      "Parallel Aware": false,
                                                                      "Startup Cost": 1.15,
                                                                      "Total Cost": 1.15,
                                                                      "Plan Rows": 1,
                                                                      "Plan Width": 4,
                                                                      "Actual Startup Time": 0.116,
                                                                      "Actual Total Time": 0.118,
                                                                      "Actual Rows": 1,
                                                                      "Actual Loops": 5,
                                                                      "Hash Buckets": 1024,
                                                                      "Original Hash Buckets": 1024,
                                                                      "Hash Batches": 1,
                                                                      "Original Hash Batches": 1,
                                                                      "Peak Memory Usage": 9,
                                                                      "Plans": [
                                                                        {
                                                                          "Node Type": "Seq Scan",
                                                                          "Parent Relationship": "Outer",
                                                                          "Parallel Aware": false,
                                                                          "Relation Name": "role_type",
                                                                          "Alias": "rt",
                                                                          "Startup Cost": 0.0,
                                                                          "Total Cost": 1.15,
                                                                          "Plan Rows": 1,
                                                                          "Plan Width": 4,
                                                                          "Actual Startup Time": 0.073,
                                                                          "Actual Total Time": 0.078,
                                                                          "Actual Rows": 1,
                                                                          "Actual Loops": 5,
                                                                          "Filter": "((role)::text = 'actress'::text)",
                                                                          "Rows Removed by Filter": 11
                                                                        }
                                                                      ]
                                                                    }
                                                                  ]
                                                                }
                                                              ]
                                                            }
                                                          ]
                                                        }
                                                      ]
                                                    }
                                                  ]
                                                }
                                              ]
                                            }
                                          ]
                                        }
                                      ]
                                    }
                                  ]
                                }
                              ]
                            }
                          ]
                        }
                      ]
                    }
                  ]
                }
              ]
            }
          ]
        }
      ]
    },
    "Planning Time": 37.973,
    "Triggers": [],
    "Execution Time": 2567.602
  }
]