{
  "Plan": {
    "Node Type": "Aggregate",
    "Strategy": "Plain",
    "Partial Mode": "Finalize",
    "Parallel Aware": false,
    "Startup Cost": 518011.41,
    "Total Cost": 518011.42,
    "Plan Rows": 1,
    "Plan Width": 8,
    "Actual Startup Time": 3215.197,
    "Actual Total Time": 3254.758,
    "Actual Rows": 1,
    "Actual Loops": 1,
    "Plans": [
      {
        "Node Type": "Gather",
        "Parent Relationship": "Outer",
        "Parallel Aware": false,
        "Startup Cost": 518011.3,
        "Total Cost": 518011.41,
        "Plan Rows": 1,
        "Plan Width": 8,
        "Actual Startup Time": 3214.599,
        "Actual Total Time": 3254.747,
        "Actual Rows": 2,
        "Actual Loops": 1,
        "Workers Planned": 1,
        "Workers Launched": 1,
        "Single Copy": false,
        "Plans": [
          {
            "Node Type": "Aggregate",
            "Strategy": "Plain",
            "Partial Mode": "Partial",
            "Parent Relationship": "Outer",
            "Parallel Aware": false,
            "Startup Cost": 517011.3,
            "Total Cost": 517011.31,
            "Plan Rows": 1,
            "Plan Width": 8,
            "Actual Startup Time": 3210.671,
            "Actual Total Time": 3210.676,
            "Actual Rows": 1,
            "Actual Loops": 2,
            "Plans": [
              {
                "Node Type": "Nested Loop",
                "Parent Relationship": "Outer",
                "Parallel Aware": false,
                "Join Type": "Inner",
                "Startup Cost": 55242.75,
                "Total Cost": 516232.23,
                "Plan Rows": 311629,
                "Plan Width": 0,
                "Actual Startup Time": 184.483,
                "Actual Total Time": 3037.703,
                "Actual Rows": 3687936,
                "Actual Loops": 2,
                "Inner Unique": false,
                "Join Filter": "(t.id = mc.movie_id)",
                "Rows Removed by Join Filter": 0,
                "Plans": [
                  {
                    "Node Type": "Hash Join",
                    "Parent Relationship": "Outer",
                    "Parallel Aware": true,
                    "Join Type": "Inner",
                    "Startup Cost": 55242.32,
                    "Total Cost": 335648.9,
                    "Plan Rows": 301975,
                    "Plan Width": 8,
                    "Actual Startup Time": 184.405,
                    "Actual Total Time": 1246.927,
                    "Actual Rows": 379995,
                    "Actual Loops": 2,
                    "Inner Unique": true,
                    "Hash Cond": "(mi.movie_id = t.id)",
                    "Plans": [
                      {
                        "Node Type": "Seq Scan",
                        "Parent Relationship": "Outer",
                        "Parallel Aware": true,
                        "Relation Name": "movie_info",
                        "Alias": "mi",
                        "Startup Cost": 0.0,
                        "Total Cost": 270696.42,
                        "Plan Rows": 3699105,
                        "Plan Width": 4,
                        "Actual Startup Time": 34.804,
                        "Actual Total Time": 672.438,
                        "Actual Rows": 3111747,
                        "Actual Loops": 2,
                        "Filter": "(info_type_id > 8)",
                        "Rows Removed by Filter": 4306113
                      },
                      {
                        "Node Type": "Hash",
                        "Parent Relationship": "Inner",
                        "Parallel Aware": true,
                        "Startup Cost": 53724.71,
                        "Total Cost": 53724.71,
                        "Plan Rows": 121409,
                        "Plan Width": 4,
                        "Actual Startup Time": 116.923,
                        "Actual Total Time": 116.925,
                        "Actual Rows": 91196,
                        "Actual Loops": 2,
                        "Hash Buckets": 262144,
                        "Original Hash Buckets": 262144,
                        "Hash Batches": 1,
                        "Original Hash Batches": 1,
                        "Peak Memory Usage": 9216,
                        "Plans": [
                          {
                            "Node Type": "Bitmap Heap Scan",
                            "Parent Relationship": "Outer",
                            "Parallel Aware": true,
                            "Relation Name": "title",
                            "Alias": "t",
                            "Startup Cost": 11874.45,
                            "Total Cost": 53724.71,
                            "Plan Rows": 121409,
                            "Plan Width": 4,
                            "Actual Startup Time": 36.267,
                            "Actual Total Time": 96.413,
                            "Actual Rows": 91196,
                            "Actual Loops": 2,
                            "Recheck Cond": "(kind_id = 1)",
                            "Rows Removed by Index Recheck": 0,
                            "Filter": "(production_year > 2007)",
                            "Rows Removed by Filter": 240216,
                            "Exact Heap Blocks": 8559,
                            "Lossy Heap Blocks": 0,
                            "Plans": [
                              {
                                "Node Type": "Bitmap Index Scan",
                                "Parent Relationship": "Outer",
                                "Parallel Aware": false,
                                "Index Name": "kind_id_title",
                                "Startup Cost": 0.0,
                                "Total Cost": 11822.85,
                                "Plan Rows": 663256,
                                "Plan Width": 0,
                                "Actual Startup Time": 34.596,
                                "Actual Total Time": 34.596,
                                "Actual Rows": 662825,
                                "Actual Loops": 1,
                                "Index Cond": "(kind_id = 1)"
                              }
                            ]
                          }
                        ]
                      }
                    ]
                  },
                  {
                    "Node Type": "Index Only Scan",
                    "Parent Relationship": "Inner",
                    "Parallel Aware": false,
                    "Scan Direction": "Forward",
                    "Index Name": "movie_id_movie_companies",
                    "Relation Name": "movie_companies",
                    "Alias": "mc",
                    "Startup Cost": 0.43,
                    "Total Cost": 0.54,
                    "Plan Rows": 5,
                    "Plan Width": 4,
                    "Actual Startup Time": 0.002,
                    "Actual Total Time": 0.004,
                    "Actual Rows": 10,
                    "Actual Loops": 759990,
                    "Index Cond": "(movie_id = mi.movie_id)",
                    "Rows Removed by Index Recheck": 0,
                    "Heap Fetches": 7375872
                  }
                ]
              }
            ]
          }
        ]
      }
    ]
  },
  "Planning Time": 1.175,
  "Triggers": [],
  "Execution Time": 3254.881
}