[
  {
    "Plan": {
      "Node Type": "Aggregate",
      "Strategy": "Plain",
      "Partial Mode": "Finalize",
      "Parallel Aware": false,
      "Startup Cost": 159620.69,
      "Total Cost": 159620.7,
      "Plan Rows": 1,
      "Plan Width": 8,
      "Actual Startup Time": 156.808,
      "Actual Total Time": 183.76,
      "Actual Rows": 1,
      "Actual Loops": 1,
      "Plans": [
        {
          "Node Type": "Gather",
          "Parent Relationship": "Outer",
          "Parallel Aware": false,
          "Startup Cost": 159620.27,
          "Total Cost": 159620.68,
          "Plan Rows": 4,
          "Plan Width": 8,
          "Actual Startup Time": 156.694,
          "Actual Total Time": 183.752,
          "Actual Rows": 5,
          "Actual Loops": 1,
          "Workers Planned": 4,
          "Workers Launched": 4,
          "Single Copy": false,
          "Plans": [
            {
              "Node Type": "Aggregate",
              "Strategy": "Plain",
              "Partial Mode": "Partial",
              "Parent Relationship": "Outer",
              "Parallel Aware": false,
              "Startup Cost": 158620.27,
              "Total Cost": 158620.28,
              "Plan Rows": 1,
              "Plan Width": 8,
              "Actual Startup Time": 147.515,
              "Actual Total Time": 147.517,
              "Actual Rows": 1,
              "Actual Loops": 5,
              "Plans": [
                {
                  "Node Type": "Nested Loop",
                  "Parent Relationship": "Outer",
                  "Parallel Aware": false,
                  "Join Type": "Inner",
                  "Startup Cost": 0.56,
                  "Total Cost": 158587.01,
                  "Plan Rows": 13304,
                  "Plan Width": 0,
                  "Actual Startup Time": 57.979,
                  "Actual Total Time": 146.117,
                  "Actual Rows": 13624,
                  "Actual Loops": 5,
                  "Inner Unique": false,
                  "Plans": [
                    {
                      "Node Type": "Seq Scan",
                      "Parent Relationship": "Outer",
                      "Parallel Aware": true,
                      "Relation Name": "title",
                      "Alias": "t",
                      "Startup Cost": 0.0,
                      "Total Cost": 45479.1,
                      "Plan Rows": 928,
                      "Plan Width": 4,
                      "Actual Startup Time": 57.869,
                      "Actual Total Time": 82.915,
                      "Actual Rows": 860,
                      "Actual Loops": 5,
                      "Filter": "((kind_id = 1) AND (production_year = 1969))",
                      "Rows Removed by Filter": 504802
                    },
                    {
                      "Node Type": "Index Only Scan",
                      "Parent Relationship": "Inner",
                      "Parallel Aware": false,
                      "Scan Direction": "Forward",
                      "Index Name": "movie_id_cast_info",
                      "Relation Name": "cast_info",
                      "Alias": "ci",
                      "Startup Cost": 0.56,
                      "Total Cost": 121.51,
                      "Plan Rows": 37,
                      "Plan Width": 4,
                      "Actual Startup Time": 0.014,
                      "Actual Total Time": 0.071,
                      "Actual Rows": 16,
                      "Actual Loops": 4302,
                      "Index Cond": "(movie_id = t.id)",
                      "Rows Removed by Index Recheck": 0,
                      "Heap Fetches": 68120
                    }
                  ]
                }
              ]
            }
          ]
        }
      ]
    },
    "Planning Time": 0.62,
    "Triggers": [],
    "Execution Time": 183.832
  }
]