[
  {
    "Plan": {
      "Node Type": "Aggregate",
      "Strategy": "Plain",
      "Partial Mode": "Finalize",
      "Parallel Aware": false,
      "Startup Cost": 33116.02,
      "Total Cost": 33116.03,
      "Plan Rows": 1,
      "Plan Width": 8,
      "Actual Startup Time": 98.365,
      "Actual Total Time": 104.887,
      "Actual Rows": 1,
      "Actual Loops": 1,
      "Plans": [
        {
          "Node Type": "Gather",
          "Parent Relationship": "Outer",
          "Parallel Aware": false,
          "Startup Cost": 33115.7,
          "Total Cost": 33116.01,
          "Plan Rows": 3,
          "Plan Width": 8,
          "Actual Startup Time": 98.125,
          "Actual Total Time": 104.877,
          "Actual Rows": 4,
          "Actual Loops": 1,
          "Workers Planned": 3,
          "Workers Launched": 3,
          "Single Copy": false,
          "Plans": [
            {
              "Node Type": "Aggregate",
              "Strategy": "Plain",
              "Partial Mode": "Partial",
              "Parent Relationship": "Outer",
              "Parallel Aware": false,
              "Startup Cost": 32115.7,
              "Total Cost": 32115.71,
              "Plan Rows": 1,
              "Plan Width": 8,
              "Actual Startup Time": 93.001,
              "Actual Total Time": 93.002,
              "Actual Rows": 1,
              "Actual Loops": 4,
              "Plans": [
                {
                  "Node Type": "Seq Scan",
                  "Parent Relationship": "Outer",
                  "Parallel Aware": true,
                  "Relation Name": "movie_companies",
                  "Alias": "mc",
                  "Startup Cost": 0.0,
                  "Total Cost": 31414.82,
                  "Plan Rows": 280353,
                  "Plan Width": 0,
                  "Actual Startup Time": 45.651,
                  "Actual Total Time": 85.436,
                  "Actual Rows": 138852,
                  "Actual Loops": 4,
                  "Filter": "((company_id < 21394) AND (company_type_id = 2))",
                  "Rows Removed by Filter": 513430
                }
              ]
            }
          ]
        }
      ]
    },
    "Planning Time": 0.129,
    "Triggers": [],
    "Execution Time": 104.922
  }
]