[
  {
    "Plan": {
      "Node Type": "Aggregate",
      "Strategy": "Plain",
      "Partial Mode": "Finalize",
      "Parallel Aware": false,
      "Startup Cost": 33120.75,
      "Total Cost": 33120.76,
      "Plan Rows": 1,
      "Plan Width": 8,
      "Actual Startup Time": 95.287,
      "Actual Total Time": 103.042,
      "Actual Rows": 1,
      "Actual Loops": 1,
      "Plans": [
        {
          "Node Type": "Gather",
          "Parent Relationship": "Outer",
          "Parallel Aware": false,
          "Startup Cost": 33120.43,
          "Total Cost": 33120.74,
          "Plan Rows": 3,
          "Plan Width": 8,
          "Actual Startup Time": 95.153,
          "Actual Total Time": 103.032,
          "Actual Rows": 4,
          "Actual Loops": 1,
          "Workers Planned": 3,
          "Workers Launched": 3,
          "Single Copy": false,
          "Plans": [
            {
              "Node Type": "Aggregate",
              "Strategy": "Plain",
              "Partial Mode": "Partial",
              "Parent Relationship": "Outer",
              "Parallel Aware": false,
              "Startup Cost": 32120.43,
              "Total Cost": 32120.44,
              "Plan Rows": 1,
              "Plan Width": 8,
              "Actual Startup Time": 87.304,
              "Actual Total Time": 87.305,
              "Actual Rows": 1,
              "Actual Loops": 4,
              "Plans": [
                {
                  "Node Type": "Seq Scan",
                  "Parent Relationship": "Outer",
                  "Parallel Aware": true,
                  "Relation Name": "movie_companies",
                  "Alias": "mc",
                  "Startup Cost": 0.0,
                  "Total Cost": 31414.82,
                  "Plan Rows": 282245,
                  "Plan Width": 0,
                  "Actual Startup Time": 50.32,
                  "Actual Total Time": 81.722,
                  "Actual Rows": 138852,
                  "Actual Loops": 4,
                  "Filter": "((company_id < 21394) AND (company_type_id = 2))",
                  "Rows Removed by Filter": 513430
                }
              ]
            }
          ]
        }
      ]
    },
    "Planning Time": 0.225,
    "Triggers": [],
    "Execution Time": 103.13
  }
]