[
    {
        "Bao": {
            "Bao prediction": "NaN",
            "Bao recommended hint": "(no hint)"
        }
    },
    {
        "Plan": {
            "Node Type": "Aggregate",
            "Strategy": "Plain",
            "Partial Mode": "Finalize",
            "Parallel Aware": false,
            "Startup Cost": 33349.3,
            "Total Cost": 33349.31,
            "Plan Rows": 1,
            "Plan Width": 8,
            "Actual Startup Time": 87.312,
            "Actual Total Time": 93.599,
            "Actual Rows": 1,
            "Actual Loops": 1,
            "Output": [
                "count(*)"
            ],
            "Plans": [
                {
                    "Node Type": "Gather",
                    "Parent Relationship": "Outer",
                    "Parallel Aware": false,
                    "Startup Cost": 33348.99,
                    "Total Cost": 33349.3,
                    "Plan Rows": 3,
                    "Plan Width": 8,
                    "Actual Startup Time": 87.066,
                    "Actual Total Time": 93.591,
                    "Actual Rows": 4,
                    "Actual Loops": 1,
                    "Output": [
                        "(PARTIAL count(*))"
                    ],
                    "Workers Planned": 3,
                    "Workers Launched": 3,
                    "Single Copy": false,
                    "Plans": [
                        {
                            "Node Type": "Aggregate",
                            "Strategy": "Plain",
                            "Partial Mode": "Partial",
                            "Parent Relationship": "Outer",
                            "Parallel Aware": false,
                            "Startup Cost": 32348.99,
                            "Total Cost": 32349.0,
                            "Plan Rows": 1,
                            "Plan Width": 8,
                            "Actual Startup Time": 78.572,
                            "Actual Total Time": 78.573,
                            "Actual Rows": 1,
                            "Actual Loops": 4,
                            "Output": [
                                "PARTIAL count(*)"
                            ],
                            "Workers": [
                                {
                                    "Worker Number": 0,
                                    "Actual Startup Time": 75.286,
                                    "Actual Total Time": 75.287,
                                    "Actual Rows": 1,
                                    "Actual Loops": 1
                                },
                                {
                                    "Worker Number": 1,
                                    "Actual Startup Time": 76.008,
                                    "Actual Total Time": 76.01,
                                    "Actual Rows": 1,
                                    "Actual Loops": 1
                                },
                                {
                                    "Worker Number": 2,
                                    "Actual Startup Time": 76.201,
                                    "Actual Total Time": 76.202,
                                    "Actual Rows": 1,
                                    "Actual Loops": 1
                                }
                            ],
                            "Plans": [
                                {
                                    "Node Type": "Bitmap Heap Scan",
                                    "Parent Relationship": "Outer",
                                    "Parallel Aware": true,
                                    "Relation Name": "movie_keyword",
                                    "Schema": "public",
                                    "Alias": "mk",
                                    "Startup Cost": 6428.79,
                                    "Total Cost": 32104.62,
                                    "Plan Rows": 97746,
                                    "Plan Width": 0,
                                    "Actual Startup Time": 16.654,
                                    "Actual Total Time": 74.14,
                                    "Actual Rows": 74954,
                                    "Actual Loops": 4,
                                    "Recheck Cond": "(mk.keyword_id > 53924)",
                                    "Rows Removed by Index Recheck": 0,
                                    "Exact Heap Blocks": 11106,
                                    "Lossy Heap Blocks": 0,
                                    "Workers": [
                                        {
                                            "Worker Number": 0,
                                            "Actual Startup Time": 13.559,
                                            "Actual Total Time": 71.588,
                                            "Actual Rows": 46788,
                                            "Actual Loops": 1
                                        },
                                        {
                                            "Worker Number": 1,
                                            "Actual Startup Time": 14.109,
                                            "Actual Total Time": 72.091,
                                            "Actual Rows": 49373,
                                            "Actual Loops": 1
                                        },
                                        {
                                            "Worker Number": 2,
                                            "Actual Startup Time": 14.389,
                                            "Actual Total Time": 72.164,
                                            "Actual Rows": 52253,
                                            "Actual Loops": 1
                                        }
                                    ],
                                    "Plans": [
                                        {
                                            "Node Type": "Bitmap Index Scan",
                                            "Parent Relationship": "Outer",
                                            "Parallel Aware": false,
                                            "Index Name": "keyword_id_movie_keyword",
                                            "Startup Cost": 0.0,
                                            "Total Cost": 6353.04,
                                            "Plan Rows": 303014,
                                            "Plan Width": 0,
                                            "Actual Startup Time": 21.276,
                                            "Actual Total Time": 21.277,
                                            "Actual Rows": 299815,
                                            "Actual Loops": 1,
                                            "Index Cond": "(mk.keyword_id > 53924)"
                                        }
                                    ]
                                }
                            ]
                        }
                    ]
                }
            ]
        },
        "Planning Time": 186.01,
        "Triggers": [],
        "Execution Time": 93.654
    }
]