[
  {
    "Plan": {
      "Node Type": "Aggregate",
      "Strategy": "Plain",
      "Partial Mode": "Finalize",
      "Parallel Aware": false,
      "Startup Cost": 316476.57,
      "Total Cost": 316476.58,
      "Plan Rows": 1,
      "Plan Width": 8,
      "Actual Startup Time": 199.245,
      "Actual Total Time": 234.159,
      "Actual Rows": 1,
      "Actual Loops": 1,
      "Plans": [
        {
          "Node Type": "Gather",
          "Parent Relationship": "Outer",
          "Parallel Aware": false,
          "Startup Cost": 316476.15,
          "Total Cost": 316476.56,
          "Plan Rows": 4,
          "Plan Width": 8,
          "Actual Startup Time": 199.104,
          "Actual Total Time": 234.15,
          "Actual Rows": 5,
          "Actual Loops": 1,
          "Workers Planned": 4,
          "Workers Launched": 4,
          "Single Copy": false,
          "Plans": [
            {
              "Node Type": "Aggregate",
              "Strategy": "Plain",
              "Partial Mode": "Partial",
              "Parent Relationship": "Outer",
              "Parallel Aware": false,
              "Startup Cost": 315476.15,
              "Total Cost": 315476.16,
              "Plan Rows": 1,
              "Plan Width": 8,
              "Actual Startup Time": 189.094,
              "Actual Total Time": 189.096,
              "Actual Rows": 1,
              "Actual Loops": 5,
              "Plans": [
                {
                  "Node Type": "Nested Loop",
                  "Parent Relationship": "Outer",
                  "Parallel Aware": false,
                  "Join Type": "Inner",
                  "Startup Cost": 0.56,
                  "Total Cost": 315397.84,
                  "Plan Rows": 31323,
                  "Plan Width": 0,
                  "Actual Startup Time": 0.712,
                  "Actual Total Time": 187.57,
                  "Actual Rows": 16980,
                  "Actual Loops": 5,
                  "Inner Unique": false,
                  "Plans": [
                    {
                      "Node Type": "Seq Scan",
                      "Parent Relationship": "Outer",
                      "Parallel Aware": true,
                      "Relation Name": "title",
                      "Alias": "t",
                      "Startup Cost": 0.0,
                      "Total Cost": 43898.92,
                      "Plan Rows": 3476,
                      "Plan Width": 4,
                      "Actual Startup Time": 0.142,
                      "Actual Total Time": 62.046,
                      "Actual Rows": 2613,
                      "Actual Loops": 5,
                      "Filter": "(production_year = 1965)",
                      "Rows Removed by Filter": 503050
                    },
                    {
                      "Node Type": "Index Scan",
                      "Parent Relationship": "Inner",
                      "Parallel Aware": false,
                      "Scan Direction": "Forward",
                      "Index Name": "movie_id_cast_info",
                      "Relation Name": "cast_info",
                      "Alias": "ci",
                      "Startup Cost": 0.56,
                      "Total Cost": 77.88,
                      "Plan Rows": 23,
                      "Plan Width": 4,
                      "Actual Startup Time": 0.028,
                      "Actual Total Time": 0.047,
                      "Actual Rows": 6,
                      "Actual Loops": 13063,
                      "Index Cond": "(movie_id = t.id)",
                      "Rows Removed by Index Recheck": 0,
                      "Filter": "((person_id > 153444) AND (role_id > 1))",
                      "Rows Removed by Filter": 6
                    }
                  ]
                }
              ]
            }
          ]
        }
      ]
    },
    "Planning Time": 0.59,
    "Triggers": [],
    "Execution Time": 234.234
  }
]