{
  "Plan": {
    "Node Type": "Aggregate",
    "Strategy": "Plain",
    "Partial Mode": "Finalize",
    "Parallel Aware": false,
    "Startup Cost": 75427.88,
    "Total Cost": 75427.89,
    "Plan Rows": 1,
    "Plan Width": 8,
    "Actual Startup Time": 237.91,
    "Actual Total Time": 251.701,
    "Actual Rows": 1,
    "Actual Loops": 1,
    "Plans": [
      {
        "Node Type": "Gather",
        "Parent Relationship": "Outer",
        "Parallel Aware": false,
        "Startup Cost": 75427.77,
        "Total Cost": 75427.88,
        "Plan Rows": 1,
        "Plan Width": 8,
        "Actual Startup Time": 237.802,
        "Actual Total Time": 251.696,
        "Actual Rows": 2,
        "Actual Loops": 1,
        "Workers Planned": 1,
        "Workers Launched": 1,
        "Single Copy": false,
        "Plans": [
          {
            "Node Type": "Aggregate",
            "Strategy": "Plain",
            "Partial Mode": "Partial",
            "Parent Relationship": "Outer",
            "Parallel Aware": false,
            "Startup Cost": 74427.77,
            "Total Cost": 74427.78,
            "Plan Rows": 1,
            "Plan Width": 8,
            "Actual Startup Time": 231.674,
            "Actual Total Time": 231.677,
            "Actual Rows": 1,
            "Actual Loops": 2,
            "Plans": [
              {
                "Node Type": "Nested Loop",
                "Parent Relationship": "Outer",
                "Parallel Aware": false,
                "Join Type": "Inner",
                "Startup Cost": 54643.97,
                "Total Cost": 74421.56,
                "Plan Rows": 2485,
                "Plan Width": 0,
                "Actual Startup Time": 170.941,
                "Actual Total Time": 231.589,
                "Actual Rows": 1332,
                "Actual Loops": 2,
                "Inner Unique": false,
                "Join Filter": "(t.id = mc.movie_id)",
                "Rows Removed by Join Filter": 0,
                "Plans": [
                  {
                    "Node Type": "Hash Join",
                    "Parent Relationship": "Outer",
                    "Parallel Aware": true,
                    "Join Type": "Inner",
                    "Startup Cost": 54643.54,
                    "Total Cost": 72827.33,
                    "Plan Rows": 2408,
                    "Plan Width": 8,
                    "Actual Startup Time": 170.859,
                    "Actual Total Time": 228.82,
                    "Actual Rows": 388,
                    "Actual Loops": 2,
                    "Inner Unique": true,
                    "Hash Cond": "(mi_idx.movie_id = t.id)",
                    "Plans": [
                      {
                        "Node Type": "Seq Scan",
                        "Parent Relationship": "Outer",
                        "Parallel Aware": true,
                        "Relation Name": "movie_info_idx",
                        "Alias": "mi_idx",
                        "Startup Cost": 0.0,
                        "Total Cost": 16052.85,
                        "Plan Rows": 811785,
                        "Plan Width": 4,
                        "Actual Startup Time": 0.018,
                        "Actual Total Time": 47.139,
                        "Actual Rows": 690018,
                        "Actual Loops": 2
                      },
                      {
                        "Node Type": "Hash",
                        "Parent Relationship": "Inner",
                        "Parallel Aware": true,
                        "Startup Cost": 54588.39,
                        "Total Cost": 54588.39,
                        "Plan Rows": 4412,
                        "Plan Width": 4,
                        "Actual Startup Time": 132.25,
                        "Actual Total Time": 132.251,
                        "Actual Rows": 3835,
                        "Actual Loops": 2,
                        "Hash Buckets": 8192,
                        "Original Hash Buckets": 8192,
                        "Hash Batches": 1,
                        "Original Hash Batches": 1,
                        "Peak Memory Usage": 416,
                        "Plans": [
                          {
                            "Node Type": "Seq Scan",
                            "Parent Relationship": "Outer",
                            "Parallel Aware": true,
                            "Relation Name": "title",
                            "Alias": "t",
                            "Startup Cost": 0.0,
                            "Total Cost": 54588.39,
                            "Plan Rows": 4412,
                            "Plan Width": 4,
                            "Actual Startup Time": 85.337,
                            "Actual Total Time": 131.142,
                            "Actual Rows": 3835,
                            "Actual Loops": 2,
                            "Filter": "(production_year = 1915)",
                            "Rows Removed by Filter": 1260321
                          }
                        ]
                      }
                    ]
                  },
                  {
                    "Node Type": "Index Only Scan",
                    "Parent Relationship": "Inner",
                    "Parallel Aware": false,
                    "Scan Direction": "Forward",
                    "Index Name": "movie_id_movie_companies",
                    "Relation Name": "movie_companies",
                    "Alias": "mc",
                    "Startup Cost": 0.43,
                    "Total Cost": 0.6,
                    "Plan Rows": 5,
                    "Plan Width": 4,
                    "Actual Startup Time": 0.005,
                    "Actual Total Time": 0.007,
                    "Actual Rows": 3,
                    "Actual Loops": 777,
                    "Index Cond": "(movie_id = mi_idx.movie_id)",
                    "Rows Removed by Index Recheck": 0,
                    "Heap Fetches": 2664
                  }
                ]
              }
            ]
          }
        ]
      }
    ]
  },
  "Planning Time": 0.84,
  "Triggers": [],
  "Execution Time": 251.783
}