[
  {
    "Plan": {
      "Node Type": "Aggregate",
      "Strategy": "Plain",
      "Partial Mode": "Finalize",
      "Parallel Aware": false,
      "Startup Cost": 331119.33,
      "Total Cost": 331119.34,
      "Plan Rows": 1,
      "Plan Width": 8,
      "Actual Startup Time": 641.454,
      "Actual Total Time": 696.507,
      "Actual Rows": 1,
      "Actual Loops": 1,
      "Plans": [
        {
          "Node Type": "Gather",
          "Parent Relationship": "Outer",
          "Parallel Aware": false,
          "Startup Cost": 331118.71,
          "Total Cost": 331119.32,
          "Plan Rows": 6,
          "Plan Width": 8,
          "Actual Startup Time": 641.249,
          "Actual Total Time": 696.49,
          "Actual Rows": 7,
          "Actual Loops": 1,
          "Workers Planned": 6,
          "Workers Launched": 6,
          "Single Copy": false,
          "Plans": [
            {
              "Node Type": "Aggregate",
              "Strategy": "Plain",
              "Partial Mode": "Partial",
              "Parent Relationship": "Outer",
              "Parallel Aware": false,
              "Startup Cost": 330118.71,
              "Total Cost": 330118.72,
              "Plan Rows": 1,
              "Plan Width": 8,
              "Actual Startup Time": 634.013,
              "Actual Total Time": 634.015,
              "Actual Rows": 1,
              "Actual Loops": 7,
              "Plans": [
                {
                  "Node Type": "Seq Scan",
                  "Parent Relationship": "Outer",
                  "Parallel Aware": true,
                  "Relation Name": "cast_info",
                  "Alias": "ci",
                  "Startup Cost": 0.0,
                  "Total Cost": 328211.39,
                  "Plan Rows": 762927,
                  "Plan Width": 0,
                  "Actual Startup Time": 0.048,
                  "Actual Total Time": 593.171,
                  "Actual Rows": 676887,
                  "Actual Loops": 7,
                  "Filter": "(person_id < 459830)",
                  "Rows Removed by Filter": 4500876
                }
              ]
            }
          ]
        }
      ]
    },
    "Planning Time": 0.083,
    "Triggers": [],
    "Execution Time": 696.548
  }
]