{
  "Plan": {
    "Node Type": "Aggregate",
    "Strategy": "Plain",
    "Partial Mode": "Finalize",
    "Parallel Aware": false,
    "Startup Cost": 682553.66,
    "Total Cost": 682553.67,
    "Plan Rows": 1,
    "Plan Width": 8,
    "Actual Startup Time": 3488.546,
    "Actual Total Time": 3548.205,
    "Actual Rows": 1,
    "Actual Loops": 1,
    "Plans": [
      {
        "Node Type": "Gather",
        "Parent Relationship": "Outer",
        "Parallel Aware": false,
        "Startup Cost": 682553.55,
        "Total Cost": 682553.66,
        "Plan Rows": 1,
        "Plan Width": 8,
        "Actual Startup Time": 3486.409,
        "Actual Total Time": 3548.194,
        "Actual Rows": 2,
        "Actual Loops": 1,
        "Workers Planned": 1,
        "Workers Launched": 1,
        "Single Copy": false,
        "Plans": [
          {
            "Node Type": "Aggregate",
            "Strategy": "Plain",
            "Partial Mode": "Partial",
            "Parent Relationship": "Outer",
            "Parallel Aware": false,
            "Startup Cost": 681553.55,
            "Total Cost": 681553.56,
            "Plan Rows": 1,
            "Plan Width": 8,
            "Actual Startup Time": 3479.887,
            "Actual Total Time": 3479.894,
            "Actual Rows": 1,
            "Actual Loops": 2,
            "Plans": [
              {
                "Node Type": "Hash Join",
                "Parent Relationship": "Outer",
                "Parallel Aware": true,
                "Join Type": "Inner",
                "Startup Cost": 111270.19,
                "Total Cost": 674223.97,
                "Plan Rows": 2931831,
                "Plan Width": 0,
                "Actual Startup Time": 547.656,
                "Actual Total Time": 3466.433,
                "Actual Rows": 296203,
                "Actual Loops": 2,
                "Inner Unique": false,
                "Hash Cond": "(ci.movie_id = t.id)",
                "Plans": [
                  {
                    "Node Type": "Seq Scan",
                    "Parent Relationship": "Outer",
                    "Parallel Aware": true,
                    "Relation Name": "cast_info",
                    "Alias": "ci",
                    "Startup Cost": 0.0,
                    "Total Cost": 465792.95,
                    "Plan Rows": 21310595,
                    "Plan Width": 4,
                    "Actual Startup Time": 0.016,
                    "Actual Total Time": 1356.51,
                    "Actual Rows": 18122172,
                    "Actual Loops": 2
                  },
                  {
                    "Node Type": "Hash",
                    "Parent Relationship": "Inner",
                    "Parallel Aware": true,
                    "Startup Cost": 108712.59,
                    "Total Cost": 108712.59,
                    "Plan Rows": 204608,
                    "Plan Width": 8,
                    "Actual Startup Time": 541.194,
                    "Actual Total Time": 541.199,
                    "Actual Rows": 8937,
                    "Actual Loops": 2,
                    "Hash Buckets": 524288,
                    "Original Hash Buckets": 524288,
                    "Hash Batches": 1,
                    "Original Hash Batches": 1,
                    "Peak Memory Usage": 4832,
                    "Plans": [
                      {
                        "Node Type": "Hash Join",
                        "Parent Relationship": "Outer",
                        "Parallel Aware": true,
                        "Join Type": "Inner",
                        "Startup Cost": 65807.46,
                        "Total Cost": 108712.59,
                        "Plan Rows": 204608,
                        "Plan Width": 8,
                        "Actual Startup Time": 365.32,
                        "Actual Total Time": 537.979,
                        "Actual Rows": 8937,
                        "Actual Loops": 2,
                        "Inner Unique": true,
                        "Hash Cond": "(mc.movie_id = t.id)",
                        "Plans": [
                          {
                            "Node Type": "Index Scan",
                            "Parent Relationship": "Outer",
                            "Parallel Aware": true,
                            "Scan Direction": "Forward",
                            "Index Name": "company_type_id_movie_companies",
                            "Relation Name": "movie_companies",
                            "Alias": "mc",
                            "Startup Cost": 0.43,
                            "Total Cost": 41574.35,
                            "Plan Rows": 507126,
                            "Plan Width": 4,
                            "Actual Startup Time": 2.255,
                            "Actual Total Time": 104.754,
                            "Actual Rows": 336271,
                            "Actual Loops": 2,
                            "Index Cond": "(company_type_id < 2)",
                            "Rows Removed by Index Recheck": 0,
                            "Filter": "(company_id > 2388)",
                            "Rows Removed by Filter": 300852
                          },
                          {
                            "Node Type": "Hash",
                            "Parent Relationship": "Inner",
                            "Parallel Aware": true,
                            "Startup Cost": 58306.47,
                            "Total Cost": 58306.47,
                            "Plan Rows": 600045,
                            "Plan Width": 4,
                            "Actual Startup Time": 356.907,
                            "Actual Total Time": 356.908,
                            "Actual Rows": 558990,
                            "Actual Loops": 2,
                            "Hash Buckets": 2097152,
                            "Original Hash Buckets": 1048576,
                            "Hash Batches": 1,
                            "Original Hash Batches": 1,
                            "Peak Memory Usage": 68352,
                            "Plans": [
                              {
                                "Node Type": "Seq Scan",
                                "Parent Relationship": "Outer",
                                "Parallel Aware": true,
                                "Relation Name": "title",
                                "Alias": "t",
                                "Startup Cost": 0.0,
                                "Total Cost": 58306.47,
                                "Plan Rows": 600045,
                                "Plan Width": 4,
                                "Actual Startup Time": 0.053,
                                "Actual Total Time": 170.017,
                                "Actual Rows": 558990,
                                "Actual Loops": 2,
                                "Filter": "((production_year > 1993) AND (kind_id = 7))",
                                "Rows Removed by Filter": 705166
                              }
                            ]
                          }
                        ]
                      }
                    ]
                  }
                ]
              }
            ]
          }
        ]
      }
    ]
  },
  "Planning Time": 1.05,
  "Triggers": [],
  "Execution Time": 3548.308
}