[
    {
        "Bao": {
            "Bao prediction": "NaN",
            "Bao recommended hint": "(no hint)"
        }
    },
    {
        "Plan": {
            "Node Type": "Aggregate",
            "Strategy": "Plain",
            "Partial Mode": "Finalize",
            "Parallel Aware": false,
            "Startup Cost": 32883.3,
            "Total Cost": 32883.31,
            "Plan Rows": 1,
            "Plan Width": 8,
            "Actual Startup Time": 90.119,
            "Actual Total Time": 95.12,
            "Actual Rows": 1,
            "Actual Loops": 1,
            "Output": [
                "count(*)"
            ],
            "Plans": [
                {
                    "Node Type": "Gather",
                    "Parent Relationship": "Outer",
                    "Parallel Aware": false,
                    "Startup Cost": 32882.98,
                    "Total Cost": 32883.29,
                    "Plan Rows": 3,
                    "Plan Width": 8,
                    "Actual Startup Time": 89.99,
                    "Actual Total Time": 95.114,
                    "Actual Rows": 4,
                    "Actual Loops": 1,
                    "Output": [
                        "(PARTIAL count(*))"
                    ],
                    "Workers Planned": 3,
                    "Workers Launched": 3,
                    "Single Copy": false,
                    "Plans": [
                        {
                            "Node Type": "Aggregate",
                            "Strategy": "Plain",
                            "Partial Mode": "Partial",
                            "Parent Relationship": "Outer",
                            "Parallel Aware": false,
                            "Startup Cost": 31882.98,
                            "Total Cost": 31882.99,
                            "Plan Rows": 1,
                            "Plan Width": 8,
                            "Actual Startup Time": 81.955,
                            "Actual Total Time": 81.956,
                            "Actual Rows": 1,
                            "Actual Loops": 4,
                            "Output": [
                                "PARTIAL count(*)"
                            ],
                            "Workers": [
                                {
                                    "Worker Number": 0,
                                    "Actual Startup Time": 79.142,
                                    "Actual Total Time": 79.143,
                                    "Actual Rows": 1,
                                    "Actual Loops": 1
                                },
                                {
                                    "Worker Number": 1,
                                    "Actual Startup Time": 79.337,
                                    "Actual Total Time": 79.338,
                                    "Actual Rows": 1,
                                    "Actual Loops": 1
                                },
                                {
                                    "Worker Number": 2,
                                    "Actual Startup Time": 79.595,
                                    "Actual Total Time": 79.596,
                                    "Actual Rows": 1,
                                    "Actual Loops": 1
                                }
                            ],
                            "Plans": [
                                {
                                    "Node Type": "Seq Scan",
                                    "Parent Relationship": "Outer",
                                    "Parallel Aware": true,
                                    "Relation Name": "movie_companies",
                                    "Schema": "public",
                                    "Alias": "mc",
                                    "Startup Cost": 0.0,
                                    "Total Cost": 31414.82,
                                    "Plan Rows": 187266,
                                    "Plan Width": 0,
                                    "Actual Startup Time": 40.69,
                                    "Actual Total Time": 73.215,
                                    "Actual Rows": 216458,
                                    "Actual Loops": 4,
                                    "Output": [
                                        "id",
                                        "movie_id",
                                        "company_id",
                                        "company_type_id",
                                        "note"
                                    ],
                                    "Filter": "((mc.company_id > 13239) AND (mc.company_type_id > 1))",
                                    "Rows Removed by Filter": 435824,
                                    "Workers": [
                                        {
                                            "Worker Number": 0,
                                            "Actual Startup Time": 37.874,
                                            "Actual Total Time": 70.626,
                                            "Actual Rows": 209104,
                                            "Actual Loops": 1
                                        },
                                        {
                                            "Worker Number": 1,
                                            "Actual Startup Time": 38.066,
                                            "Actual Total Time": 70.848,
                                            "Actual Rows": 208366,
                                            "Actual Loops": 1
                                        },
                                        {
                                            "Worker Number": 2,
                                            "Actual Startup Time": 38.339,
                                            "Actual Total Time": 71.266,
                                            "Actual Rows": 205492,
                                            "Actual Loops": 1
                                        }
                                    ]
                                }
                            ]
                        }
                    ]
                }
            ]
        },
        "Planning Time": 194.519,
        "Triggers": [],
        "Execution Time": 95.161
    }
]