[
  {
    "Plan": {
      "Node Type": "Aggregate",
      "Strategy": "Plain",
      "Partial Mode": "Finalize",
      "Parallel Aware": false,
      "Startup Cost": 47040.41,
      "Total Cost": 47040.42,
      "Plan Rows": 1,
      "Plan Width": 8,
      "Actual Startup Time": 206.224,
      "Actual Total Time": 217.065,
      "Actual Rows": 1,
      "Actual Loops": 1,
      "Plans": [
        {
          "Node Type": "Gather",
          "Parent Relationship": "Outer",
          "Parallel Aware": false,
          "Startup Cost": 47040.09,
          "Total Cost": 47040.4,
          "Plan Rows": 3,
          "Plan Width": 8,
          "Actual Startup Time": 206.069,
          "Actual Total Time": 217.055,
          "Actual Rows": 4,
          "Actual Loops": 1,
          "Workers Planned": 3,
          "Workers Launched": 3,
          "Single Copy": false,
          "Plans": [
            {
              "Node Type": "Aggregate",
              "Strategy": "Plain",
              "Partial Mode": "Partial",
              "Parent Relationship": "Outer",
              "Parallel Aware": false,
              "Startup Cost": 46040.09,
              "Total Cost": 46040.1,
              "Plan Rows": 1,
              "Plan Width": 8,
              "Actual Startup Time": 198.938,
              "Actual Total Time": 198.939,
              "Actual Rows": 1,
              "Actual Loops": 4,
              "Plans": [
                {
                  "Node Type": "Seq Scan",
                  "Parent Relationship": "Outer",
                  "Parallel Aware": true,
                  "Relation Name": "movie_keyword",
                  "Alias": "mk",
                  "Startup Cost": 0.0,
                  "Total Cost": 42695.65,
                  "Plan Rows": 1337776,
                  "Plan Width": 0,
                  "Actual Startup Time": 0.057,
                  "Actual Total Time": 144.869,
                  "Actual Rows": 1040878,
                  "Actual Loops": 4,
                  "Filter": "(keyword_id < 46224)",
                  "Rows Removed by Filter": 90105
                }
              ]
            }
          ]
        }
      ]
    },
    "Planning Time": 0.202,
    "Triggers": [],
    "Execution Time": 217.12
  }
]