[
  {
    "Plan": {
      "Node Type": "Aggregate",
      "Strategy": "Plain",
      "Partial Mode": "Finalize",
      "Parallel Aware": false,
      "Startup Cost": 61951.99,
      "Total Cost": 61952.0,
      "Plan Rows": 1,
      "Plan Width": 8,
      "Actual Startup Time": 112.442,
      "Actual Total Time": 125.738,
      "Actual Rows": 1,
      "Actual Loops": 1,
      "Plans": [
        {
          "Node Type": "Gather",
          "Parent Relationship": "Outer",
          "Parallel Aware": false,
          "Startup Cost": 61951.57,
          "Total Cost": 61951.98,
          "Plan Rows": 4,
          "Plan Width": 8,
          "Actual Startup Time": 112.323,
          "Actual Total Time": 125.73,
          "Actual Rows": 5,
          "Actual Loops": 1,
          "Workers Planned": 4,
          "Workers Launched": 4,
          "Single Copy": false,
          "Plans": [
            {
              "Node Type": "Aggregate",
              "Strategy": "Plain",
              "Partial Mode": "Partial",
              "Parent Relationship": "Outer",
              "Parallel Aware": false,
              "Startup Cost": 60951.57,
              "Total Cost": 60951.58,
              "Plan Rows": 1,
              "Plan Width": 8,
              "Actual Startup Time": 103.331,
              "Actual Total Time": 103.333,
              "Actual Rows": 1,
              "Actual Loops": 5,
              "Plans": [
                {
                  "Node Type": "Nested Loop",
                  "Parent Relationship": "Outer",
                  "Parallel Aware": false,
                  "Join Type": "Inner",
                  "Startup Cost": 0.43,
                  "Total Cost": 60943.52,
                  "Plan Rows": 3222,
                  "Plan Width": 0,
                  "Actual Startup Time": 3.1,
                  "Actual Total Time": 102.8,
                  "Actual Rows": 8781,
                  "Actual Loops": 5,
                  "Inner Unique": false,
                  "Plans": [
                    {
                      "Node Type": "Seq Scan",
                      "Parent Relationship": "Outer",
                      "Parallel Aware": true,
                      "Relation Name": "title",
                      "Alias": "t",
                      "Startup Cost": 0.0,
                      "Total Cost": 45479.1,
                      "Plan Rows": 1801,
                      "Plan Width": 4,
                      "Actual Startup Time": 1.042,
                      "Actual Total Time": 83.103,
                      "Actual Rows": 1625,
                      "Actual Loops": 5,
                      "Filter": "((kind_id < 7) AND (production_year = 1987))",
                      "Rows Removed by Filter": 504037
                    },
                    {
                      "Node Type": "Index Only Scan",
                      "Parent Relationship": "Inner",
                      "Parallel Aware": false,
                      "Scan Direction": "Forward",
                      "Index Name": "movie_id_movie_keyword",
                      "Relation Name": "movie_keyword",
                      "Alias": "mk",
                      "Startup Cost": 0.43,
                      "Total Cost": 8.14,
                      "Plan Rows": 45,
                      "Plan Width": 4,
                      "Actual Startup Time": 0.01,
                      "Actual Total Time": 0.011,
                      "Actual Rows": 5,
                      "Actual Loops": 8126,
                      "Index Cond": "(movie_id = t.id)",
                      "Rows Removed by Index Recheck": 0,
                      "Heap Fetches": 43904
                    }
                  ]
                }
              ]
            }
          ]
        }
      ]
    },
    "Planning Time": 0.582,
    "Triggers": [],
    "Execution Time": 125.811
  }
]