[
  {
    "Plan": {
      "Node Type": "Aggregate",
      "Strategy": "Plain",
      "Partial Mode": "Finalize",
      "Parallel Aware": false,
      "Startup Cost": 79556.16,
      "Total Cost": 79556.17,
      "Plan Rows": 1,
      "Plan Width": 8,
      "Actual Startup Time": 214.012,
      "Actual Total Time": 231.628,
      "Actual Rows": 1,
      "Actual Loops": 1,
      "Plans": [
        {
          "Node Type": "Gather",
          "Parent Relationship": "Outer",
          "Parallel Aware": false,
          "Startup Cost": 79555.85,
          "Total Cost": 79556.16,
          "Plan Rows": 3,
          "Plan Width": 8,
          "Actual Startup Time": 213.359,
          "Actual Total Time": 231.617,
          "Actual Rows": 4,
          "Actual Loops": 1,
          "Workers Planned": 3,
          "Workers Launched": 3,
          "Single Copy": false,
          "Plans": [
            {
              "Node Type": "Aggregate",
              "Strategy": "Plain",
              "Partial Mode": "Partial",
              "Parent Relationship": "Outer",
              "Parallel Aware": false,
              "Startup Cost": 78555.85,
              "Total Cost": 78555.86,
              "Plan Rows": 1,
              "Plan Width": 8,
              "Actual Startup Time": 205.92,
              "Actual Total Time": 205.924,
              "Actual Rows": 1,
              "Actual Loops": 4,
              "Plans": [
                {
                  "Node Type": "Hash Join",
                  "Parent Relationship": "Outer",
                  "Parallel Aware": true,
                  "Join Type": "Inner",
                  "Startup Cost": 52507.78,
                  "Total Cost": 78552.06,
                  "Plan Rows": 1513,
                  "Plan Width": 0,
                  "Actual Startup Time": 135.609,
                  "Actual Total Time": 205.67,
                  "Actual Rows": 2067,
                  "Actual Loops": 4,
                  "Inner Unique": true,
                  "Hash Cond": "(mk.movie_id = t.id)",
                  "Plans": [
                    {
                      "Node Type": "Bitmap Heap Scan",
                      "Parent Relationship": "Outer",
                      "Parallel Aware": true,
                      "Relation Name": "movie_keyword",
                      "Alias": "mk",
                      "Startup Cost": 6914.49,
                      "Total Cost": 32682.78,
                      "Plan Rows": 105143,
                      "Plan Width": 4,
                      "Actual Startup Time": 31.217,
                      "Actual Total Time": 87.745,
                      "Actual Rows": 80264,
                      "Actual Loops": 4,
                      "Recheck Cond": "(keyword_id < 261)",
                      "Rows Removed by Index Recheck": 0,
                      "Exact Heap Blocks": 7757,
                      "Lossy Heap Blocks": 0,
                      "Plans": [
                        {
                          "Node Type": "Bitmap Index Scan",
                          "Parent Relationship": "Outer",
                          "Parallel Aware": false,
                          "Index Name": "keyword_id_movie_keyword",
                          "Startup Cost": 0.0,
                          "Total Cost": 6833.01,
                          "Plan Rows": 325943,
                          "Plan Width": 0,
                          "Actual Startup Time": 25.479,
                          "Actual Total Time": 25.48,
                          "Actual Rows": 321054,
                          "Actual Loops": 1,
                          "Index Cond": "(keyword_id < 261)"
                        }
                      ]
                    },
                    {
                      "Node Type": "Hash",
                      "Parent Relationship": "Inner",
                      "Parallel Aware": true,
                      "Startup Cost": 45479.59,
                      "Total Cost": 45479.59,
                      "Plan Rows": 9096,
                      "Plan Width": 4,
                      "Actual Startup Time": 103.761,
                      "Actual Total Time": 103.762,
                      "Actual Rows": 6049,
                      "Actual Loops": 4,
                      "Hash Buckets": 65536,
                      "Original Hash Buckets": 65536,
                      "Hash Batches": 1,
                      "Original Hash Batches": 1,
                      "Peak Memory Usage": 1536,
                      "Plans": [
                        {
                          "Node Type": "Seq Scan",
                          "Parent Relationship": "Outer",
                          "Parallel Aware": true,
                          "Relation Name": "title",
                          "Alias": "t",
                          "Startup Cost": 0.0,
                          "Total Cost": 45479.59,
                          "Plan Rows": 9096,
                          "Plan Width": 4,
                          "Actual Startup Time": 0.205,
                          "Actual Total Time": 100.65,
                          "Actual Rows": 6049,
                          "Actual Loops": 4,
                          "Filter": "((kind_id < 4) AND (production_year = 2006))",
                          "Rows Removed by Filter": 626029
                        }
                      ]
                    }
                  ]
                }
              ]
            }
          ]
        }
      ]
    },
    "Planning Time": 0.31,
    "Triggers": [],
    "Execution Time": 231.681
  }
]