[
    {
        "Bao": {
            "Bao prediction": 476.117,
            "Bao recommended hint": "(no hint)"
        }
    },
    {
        "Plan": {
            "Node Type": "Aggregate",
            "Strategy": "Plain",
            "Partial Mode": "Finalize",
            "Parallel Aware": false,
            "Startup Cost": 156182.11,
            "Total Cost": 156182.12,
            "Plan Rows": 1,
            "Plan Width": 8,
            "Actual Startup Time": 394.141,
            "Actual Total Time": 409.882,
            "Actual Rows": 1,
            "Actual Loops": 1,
            "Output": [
                "count(*)"
            ],
            "Plans": [
                {
                    "Node Type": "Gather",
                    "Parent Relationship": "Outer",
                    "Parallel Aware": false,
                    "Startup Cost": 156181.59,
                    "Total Cost": 156182.1,
                    "Plan Rows": 5,
                    "Plan Width": 8,
                    "Actual Startup Time": 393.206,
                    "Actual Total Time": 409.872,
                    "Actual Rows": 6,
                    "Actual Loops": 1,
                    "Output": [
                        "(PARTIAL count(*))"
                    ],
                    "Workers Planned": 5,
                    "Workers Launched": 5,
                    "Single Copy": false,
                    "Plans": [
                        {
                            "Node Type": "Aggregate",
                            "Strategy": "Plain",
                            "Partial Mode": "Partial",
                            "Parent Relationship": "Outer",
                            "Parallel Aware": false,
                            "Startup Cost": 155181.59,
                            "Total Cost": 155181.6,
                            "Plan Rows": 1,
                            "Plan Width": 8,
                            "Actual Startup Time": 383.83,
                            "Actual Total Time": 383.837,
                            "Actual Rows": 1,
                            "Actual Loops": 6,
                            "Output": [
                                "PARTIAL count(*)"
                            ],
                            "Workers": [
                                {
                                    "Worker Number": 0,
                                    "Actual Startup Time": 381.729,
                                    "Actual Total Time": 381.732,
                                    "Actual Rows": 1,
                                    "Actual Loops": 1
                                },
                                {
                                    "Worker Number": 1,
                                    "Actual Startup Time": 381.981,
                                    "Actual Total Time": 381.984,
                                    "Actual Rows": 1,
                                    "Actual Loops": 1
                                },
                                {
                                    "Worker Number": 2,
                                    "Actual Startup Time": 382.083,
                                    "Actual Total Time": 382.086,
                                    "Actual Rows": 1,
                                    "Actual Loops": 1
                                },
                                {
                                    "Worker Number": 3,
                                    "Actual Startup Time": 382.346,
                                    "Actual Total Time": 382.349,
                                    "Actual Rows": 1,
                                    "Actual Loops": 1
                                },
                                {
                                    "Worker Number": 4,
                                    "Actual Startup Time": 382.494,
                                    "Actual Total Time": 382.497,
                                    "Actual Rows": 1,
                                    "Actual Loops": 1
                                }
                            ],
                            "Plans": [
                                {
                                    "Node Type": "Hash Join",
                                    "Parent Relationship": "Outer",
                                    "Parallel Aware": true,
                                    "Join Type": "Inner",
                                    "Startup Cost": 44109.27,
                                    "Total Cost": 155135.53,
                                    "Plan Rows": 18422,
                                    "Plan Width": 0,
                                    "Actual Startup Time": 101.082,
                                    "Actual Total Time": 382.045,
                                    "Actual Rows": 22279,
                                    "Actual Loops": 6,
                                    "Inner Unique": true,
                                    "Hash Cond": "(ci.movie_id = t.id)",
                                    "Workers": [
                                        {
                                            "Worker Number": 0,
                                            "Actual Startup Time": 99.192,
                                            "Actual Total Time": 379.978,
                                            "Actual Rows": 21551,
                                            "Actual Loops": 1
                                        },
                                        {
                                            "Worker Number": 1,
                                            "Actual Startup Time": 99.314,
                                            "Actual Total Time": 380.19,
                                            "Actual Rows": 21857,
                                            "Actual Loops": 1
                                        },
                                        {
                                            "Worker Number": 2,
                                            "Actual Startup Time": 99.371,
                                            "Actual Total Time": 380.296,
                                            "Actual Rows": 21959,
                                            "Actual Loops": 1
                                        },
                                        {
                                            "Worker Number": 3,
                                            "Actual Startup Time": 99.515,
                                            "Actual Total Time": 380.565,
                                            "Actual Rows": 21851,
                                            "Actual Loops": 1
                                        },
                                        {
                                            "Worker Number": 4,
                                            "Actual Startup Time": 99.825,
                                            "Actual Total Time": 380.701,
                                            "Actual Rows": 21968,
                                            "Actual Loops": 1
                                        }
                                    ],
                                    "Plans": [
                                        {
                                            "Node Type": "Index Scan",
                                            "Parent Relationship": "Outer",
                                            "Parallel Aware": true,
                                            "Scan Direction": "Forward",
                                            "Index Name": "role_id_cast_info",
                                            "Relation Name": "cast_info",
                                            "Schema": "public",
                                            "Alias": "ci",
                                            "Startup Cost": 0.56,
                                            "Total Cost": 109204.72,
                                            "Plan Rows": 694137,
                                            "Plan Width": 4,
                                            "Actual Startup Time": 0.148,
                                            "Actual Total Time": 179.426,
                                            "Actual Rows": 605968,
                                            "Actual Loops": 6,
                                            "Output": [
                                                "ci.id",
                                                "ci.person_id",
                                                "ci.movie_id",
                                                "ci.person_role_id",
                                                "ci.note",
                                                "ci.nr_order",
                                                "ci.role_id"
                                            ],
                                            "Index Cond": "(ci.role_id = 3)",
                                            "Rows Removed by Index Recheck": 0,
                                            "Filter": "(ci.person_id > 478304)",
                                            "Rows Removed by Filter": 62038,
                                            "Workers": [
                                                {
                                                    "Worker Number": 0,
                                                    "Actual Startup Time": 0.168,
                                                    "Actual Total Time": 180.447,
                                                    "Actual Rows": 592371,
                                                    "Actual Loops": 1
                                                },
                                                {
                                                    "Worker Number": 1,
                                                    "Actual Startup Time": 0.216,
                                                    "Actual Total Time": 180.565,
                                                    "Actual Rows": 593486,
                                                    "Actual Loops": 1
                                                },
                                                {
                                                    "Worker Number": 2,
                                                    "Actual Startup Time": 0.075,
                                                    "Actual Total Time": 179.0,
                                                    "Actual Rows": 597619,
                                                    "Actual Loops": 1
                                                },
                                                {
                                                    "Worker Number": 3,
                                                    "Actual Startup Time": 0.138,
                                                    "Actual Total Time": 180.214,
                                                    "Actual Rows": 591060,
                                                    "Actual Loops": 1
                                                },
                                                {
                                                    "Worker Number": 4,
                                                    "Actual Startup Time": 0.259,
                                                    "Actual Total Time": 179.441,
                                                    "Actual Rows": 593686,
                                                    "Actual Loops": 1
                                                }
                                            ]
                                        },
                                        {
                                            "Node Type": "Hash",
                                            "Parent Relationship": "Inner",
                                            "Parallel Aware": true,
                                            "Startup Cost": 43899.01,
                                            "Total Cost": 43899.01,
                                            "Plan Rows": 16776,
                                            "Plan Width": 4,
                                            "Actual Startup Time": 99.419,
                                            "Actual Total Time": 99.42,
                                            "Actual Rows": 11224,
                                            "Actual Loops": 6,
                                            "Output": [
                                                "t.id"
                                            ],
                                            "Hash Buckets": 131072,
                                            "Original Hash Buckets": 131072,
                                            "Hash Batches": 1,
                                            "Original Hash Batches": 1,
                                            "Peak Memory Usage": 3744,
                                            "Workers": [
                                                {
                                                    "Worker Number": 0,
                                                    "Actual Startup Time": 98.223,
                                                    "Actual Total Time": 98.224,
                                                    "Actual Rows": 9332,
                                                    "Actual Loops": 1
                                                },
                                                {
                                                    "Worker Number": 1,
                                                    "Actual Startup Time": 98.288,
                                                    "Actual Total Time": 98.289,
                                                    "Actual Rows": 9547,
                                                    "Actual Loops": 1
                                                },
                                                {
                                                    "Worker Number": 2,
                                                    "Actual Startup Time": 98.558,
                                                    "Actual Total Time": 98.559,
                                                    "Actual Rows": 9564,
                                                    "Actual Loops": 1
                                                },
                                                {
                                                    "Worker Number": 3,
                                                    "Actual Startup Time": 98.759,
                                                    "Actual Total Time": 98.76,
                                                    "Actual Rows": 9249,
                                                    "Actual Loops": 1
                                                },
                                                {
                                                    "Worker Number": 4,
                                                    "Actual Startup Time": 98.897,
                                                    "Actual Total Time": 98.898,
                                                    "Actual Rows": 9339,
                                                    "Actual Loops": 1
                                                }
                                            ],
                                            "Plans": [
                                                {
                                                    "Node Type": "Seq Scan",
                                                    "Parent Relationship": "Outer",
                                                    "Parallel Aware": true,
                                                    "Relation Name": "title",
                                                    "Schema": "public",
                                                    "Alias": "t",
                                                    "Startup Cost": 0.0,
                                                    "Total Cost": 43899.01,
                                                    "Plan Rows": 16776,
                                                    "Plan Width": 4,
                                                    "Actual Startup Time": 0.063,
                                                    "Actual Total Time": 92.703,
                                                    "Actual Rows": 11224,
                                                    "Actual Loops": 6,
                                                    "Output": [
                                                        "t.id"
                                                    ],
                                                    "Filter": "(t.production_year > 2012)",
                                                    "Rows Removed by Filter": 410162,
                                                    "Workers": [
                                                        {
                                                            "Worker Number": 0,
                                                            "Actual Startup Time": 0.05,
                                                            "Actual Total Time": 91.273,
                                                            "Actual Rows": 9332,
                                                            "Actual Loops": 1
                                                        },
                                                        {
                                                            "Worker Number": 1,
                                                            "Actual Startup Time": 0.053,
                                                            "Actual Total Time": 92.105,
                                                            "Actual Rows": 9547,
                                                            "Actual Loops": 1
                                                        },
                                                        {
                                                            "Worker Number": 2,
                                                            "Actual Startup Time": 0.037,
                                                            "Actual Total Time": 92.433,
                                                            "Actual Rows": 9564,
                                                            "Actual Loops": 1
                                                        },
                                                        {
                                                            "Worker Number": 3,
                                                            "Actual Startup Time": 0.046,
                                                            "Actual Total Time": 92.686,
                                                            "Actual Rows": 9249,
                                                            "Actual Loops": 1
                                                        },
                                                        {
                                                            "Worker Number": 4,
                                                            "Actual Startup Time": 0.105,
                                                            "Actual Total Time": 92.232,
                                                            "Actual Rows": 9339,
                                                            "Actual Loops": 1
                                                        }
                                                    ]
                                                }
                                            ]
                                        }
                                    ]
                                }
                            ]
                        }
                    ]
                }
            ]
        },
        "Planning Time": 1567.209,
        "Triggers": [],
        "Execution Time": 410.035
    }
]