[
  {
    "Plan": {
      "Node Type": "Aggregate",
      "Strategy": "Plain",
      "Partial Mode": "Finalize",
      "Parallel Aware": false,
      "Startup Cost": 87672.64,
      "Total Cost": 87672.65,
      "Plan Rows": 1,
      "Plan Width": 8,
      "Actual Startup Time": 398.323,
      "Actual Total Time": 415.871,
      "Actual Rows": 1,
      "Actual Loops": 1,
      "Plans": [
        {
          "Node Type": "Gather",
          "Parent Relationship": "Outer",
          "Parallel Aware": false,
          "Startup Cost": 87672.32,
          "Total Cost": 87672.63,
          "Plan Rows": 3,
          "Plan Width": 8,
          "Actual Startup Time": 393.622,
          "Actual Total Time": 415.862,
          "Actual Rows": 4,
          "Actual Loops": 1,
          "Workers Planned": 3,
          "Workers Launched": 3,
          "Single Copy": false,
          "Plans": [
            {
              "Node Type": "Aggregate",
              "Strategy": "Plain",
              "Partial Mode": "Partial",
              "Parent Relationship": "Outer",
              "Parallel Aware": false,
              "Startup Cost": 86672.32,
              "Total Cost": 86672.33,
              "Plan Rows": 1,
              "Plan Width": 8,
              "Actual Startup Time": 381.025,
              "Actual Total Time": 381.029,
              "Actual Rows": 1,
              "Actual Loops": 4,
              "Plans": [
                {
                  "Node Type": "Hash Join",
                  "Parent Relationship": "Outer",
                  "Parallel Aware": true,
                  "Join Type": "Inner",
                  "Startup Cost": 59494.87,
                  "Total Cost": 86421.75,
                  "Plan Rows": 100229,
                  "Plan Width": 0,
                  "Actual Startup Time": 291.755,
                  "Actual Total Time": 379.711,
                  "Actual Rows": 18604,
                  "Actual Loops": 4,
                  "Inner Unique": true,
                  "Hash Cond": "(mk.movie_id = t.id)",
                  "Plans": [
                    {
                      "Node Type": "Bitmap Heap Scan",
                      "Parent Relationship": "Outer",
                      "Parallel Aware": true,
                      "Relation Name": "movie_keyword",
                      "Alias": "mk",
                      "Startup Cost": 10752.43,
                      "Total Cost": 37250.13,
                      "Plan Rows": 163496,
                      "Plan Width": 4,
                      "Actual Startup Time": 30.725,
                      "Actual Total Time": 86.565,
                      "Actual Rows": 123625,
                      "Actual Loops": 4,
                      "Recheck Cond": "(keyword_id > 36468)",
                      "Rows Removed by Index Recheck": 0,
                      "Exact Heap Blocks": 8427,
                      "Lossy Heap Blocks": 0,
                      "Plans": [
                        {
                          "Node Type": "Bitmap Index Scan",
                          "Parent Relationship": "Outer",
                          "Parallel Aware": false,
                          "Index Name": "keyword_id_movie_keyword",
                          "Startup Cost": 0.0,
                          "Total Cost": 10625.72,
                          "Plan Rows": 506838,
                          "Plan Width": 0,
                          "Actual Startup Time": 27.307,
                          "Actual Total Time": 27.308,
                          "Actual Rows": 494499,
                          "Actual Loops": 1,
                          "Index Cond": "(keyword_id > 36468)"
                        }
                      ]
                    },
                    {
                      "Node Type": "Hash",
                      "Parent Relationship": "Inner",
                      "Parallel Aware": true,
                      "Startup Cost": 43898.92,
                      "Total Cost": 43898.92,
                      "Plan Rows": 387482,
                      "Plan Width": 4,
                      "Actual Startup Time": 253.329,
                      "Actual Total Time": 253.33,
                      "Actual Rows": 388966,
                      "Actual Loops": 4,
                      "Hash Buckets": 2097152,
                      "Original Hash Buckets": 2097152,
                      "Hash Batches": 1,
                      "Original Hash Batches": 1,
                      "Peak Memory Usage": 77312,
                      "Plans": [
                        {
                          "Node Type": "Seq Scan",
                          "Parent Relationship": "Outer",
                          "Parallel Aware": true,
                          "Relation Name": "title",
                          "Alias": "t",
                          "Startup Cost": 0.0,
                          "Total Cost": 43898.92,
                          "Plan Rows": 387482,
                          "Plan Width": 4,
                          "Actual Startup Time": 0.042,
                          "Actual Total Time": 105.986,
                          "Actual Rows": 388966,
                          "Actual Loops": 4,
                          "Filter": "(kind_id > 4)",
                          "Rows Removed by Filter": 243112
                        }
                      ]
                    }
                  ]
                }
              ]
            }
          ]
        }
      ]
    },
    "Planning Time": 0.609,
    "Triggers": [],
    "Execution Time": 416.017
  }
]