[
  {
    "Plan": {
      "Node Type": "Aggregate",
      "Strategy": "Plain",
      "Partial Mode": "Finalize",
      "Parallel Aware": false,
      "Startup Cost": 345772.62,
      "Total Cost": 345772.63,
      "Plan Rows": 1,
      "Plan Width": 8,
      "Actual Startup Time": 607.181,
      "Actual Total Time": 664.712,
      "Actual Rows": 1,
      "Actual Loops": 1,
      "Plans": [
        {
          "Node Type": "Gather",
          "Parent Relationship": "Outer",
          "Parallel Aware": false,
          "Startup Cost": 345772.0,
          "Total Cost": 345772.61,
          "Plan Rows": 6,
          "Plan Width": 8,
          "Actual Startup Time": 607.067,
          "Actual Total Time": 664.701,
          "Actual Rows": 7,
          "Actual Loops": 1,
          "Workers Planned": 6,
          "Workers Launched": 6,
          "Single Copy": false,
          "Plans": [
            {
              "Node Type": "Aggregate",
              "Strategy": "Plain",
              "Partial Mode": "Partial",
              "Parent Relationship": "Outer",
              "Parallel Aware": false,
              "Startup Cost": 344772.0,
              "Total Cost": 344772.01,
              "Plan Rows": 1,
              "Plan Width": 8,
              "Actual Startup Time": 597.057,
              "Actual Total Time": 597.058,
              "Actual Rows": 1,
              "Actual Loops": 7,
              "Plans": [
                {
                  "Node Type": "Seq Scan",
                  "Parent Relationship": "Outer",
                  "Parallel Aware": true,
                  "Relation Name": "cast_info",
                  "Alias": "ci",
                  "Startup Cost": 0.0,
                  "Total Cost": 343257.03,
                  "Plan Rows": 605987,
                  "Plan Width": 0,
                  "Actual Startup Time": 454.657,
                  "Actual Total Time": 591.504,
                  "Actual Rows": 133694,
                  "Actual Loops": 7,
                  "Filter": "((person_id > 3301752) AND (role_id < 9))",
                  "Rows Removed by Filter": 5044070
                }
              ]
            }
          ]
        }
      ]
    },
    "Planning Time": 0.251,
    "Triggers": [],
    "Execution Time": 664.781
  }
]