{
    "Plan": {
        "Node Type": "Aggregate",
        "Strategy": "Plain",
        "Partial Mode": "Finalize",
        "Parallel Aware": false,
        "Startup Cost": 623096.89,
        "Total Cost": 623096.9,
        "Plan Rows": 1,
        "Plan Width": 8,
        "Actual Startup Time": 7055.727,
        "Actual Total Time": 7131.967,
        "Actual Rows": 1,
        "Actual Loops": 1,
        "Output": [
            "count(*)"
        ],
        "Plans": [
            {
                "Node Type": "Gather",
                "Parent Relationship": "Outer",
                "Parallel Aware": false,
                "Startup Cost": 623096.37,
                "Total Cost": 623096.88,
                "Plan Rows": 5,
                "Plan Width": 8,
                "Actual Startup Time": 7022.691,
                "Actual Total Time": 7131.953,
                "Actual Rows": 6,
                "Actual Loops": 1,
                "Output": [
                    "(PARTIAL count(*))"
                ],
                "Workers Planned": 5,
                "Workers Launched": 5,
                "Single Copy": false,
                "Plans": [
                    {
                        "Node Type": "Aggregate",
                        "Strategy": "Plain",
                        "Partial Mode": "Partial",
                        "Parent Relationship": "Outer",
                        "Parallel Aware": false,
                        "Startup Cost": 622096.37,
                        "Total Cost": 622096.38,
                        "Plan Rows": 1,
                        "Plan Width": 8,
                        "Actual Startup Time": 6991.912,
                        "Actual Total Time": 6993.111,
                        "Actual Rows": 1,
                        "Actual Loops": 6,
                        "Output": [
                            "PARTIAL count(*)"
                        ],
                        "Workers": [
                            {
                                "Worker Number": 0,
                                "Actual Startup Time": 6989.313,
                                "Actual Total Time": 6989.317,
                                "Actual Rows": 1,
                                "Actual Loops": 1
                            },
                            {
                                "Worker Number": 1,
                                "Actual Startup Time": 6984.938,
                                "Actual Total Time": 6984.942,
                                "Actual Rows": 1,
                                "Actual Loops": 1
                            },
                            {
                                "Worker Number": 2,
                                "Actual Startup Time": 6985.126,
                                "Actual Total Time": 6985.131,
                                "Actual Rows": 1,
                                "Actual Loops": 1
                            },
                            {
                                "Worker Number": 3,
                                "Actual Startup Time": 6985.054,
                                "Actual Total Time": 6985.059,
                                "Actual Rows": 1,
                                "Actual Loops": 1
                            },
                            {
                                "Worker Number": 4,
                                "Actual Startup Time": 6985.257,
                                "Actual Total Time": 6985.263,
                                "Actual Rows": 1,
                                "Actual Loops": 1
                            }
                        ],
                        "Plans": [
                            {
                                "Node Type": "Hash Join",
                                "Parent Relationship": "Outer",
                                "Parallel Aware": true,
                                "Join Type": "Inner",
                                "Startup Cost": 394000.61,
                                "Total Cost": 606780.62,
                                "Plan Rows": 6126301,
                                "Plan Width": 0,
                                "Actual Startup Time": 2013.107,
                                "Actual Total Time": 6042.523,
                                "Actual Rows": 24079920,
                                "Actual Loops": 6,
                                "Inner Unique": false,
                                "Hash Cond": "(mi.movie_id = t.id)",
                                "Workers": [
                                    {
                                        "Worker Number": 0,
                                        "Actual Startup Time": 2006.95,
                                        "Actual Total Time": 6065.105,
                                        "Actual Rows": 23199689,
                                        "Actual Loops": 1
                                    },
                                    {
                                        "Worker Number": 1,
                                        "Actual Startup Time": 2006.737,
                                        "Actual Total Time": 6064.239,
                                        "Actual Rows": 23214246,
                                        "Actual Loops": 1
                                    },
                                    {
                                        "Worker Number": 2,
                                        "Actual Startup Time": 2007.079,
                                        "Actual Total Time": 6021.061,
                                        "Actual Rows": 24597496,
                                        "Actual Loops": 1
                                    },
                                    {
                                        "Worker Number": 3,
                                        "Actual Startup Time": 2006.85,
                                        "Actual Total Time": 6021.491,
                                        "Actual Rows": 24494240,
                                        "Actual Loops": 1
                                    },
                                    {
                                        "Worker Number": 4,
                                        "Actual Startup Time": 2007.317,
                                        "Actual Total Time": 6060.762,
                                        "Actual Rows": 23314997,
                                        "Actual Loops": 1
                                    }
                                ],
                                "Plans": [
                                    {
                                        "Node Type": "Seq Scan",
                                        "Parent Relationship": "Outer",
                                        "Parallel Aware": true,
                                        "Relation Name": "movie_info",
                                        "Schema": "public",
                                        "Alias": "mi",
                                        "Startup Cost": 0.0,
                                        "Total Cost": 191503.19,
                                        "Plan Rows": 2951019,
                                        "Plan Width": 4,
                                        "Actual Startup Time": 0.034,
                                        "Actual Total Time": 294.962,
                                        "Actual Rows": 2472620,
                                        "Actual Loops": 6,
                                        "Output": [
                                            "mi.id",
                                            "mi.movie_id",
                                            "mi.info_type_id",
                                            "mi.info",
                                            "mi.note"
                                        ],
                                        "Workers": [
                                            {
                                                "Worker Number": 0,
                                                "Actual Startup Time": 0.041,
                                                "Actual Total Time": 312.439,
                                                "Actual Rows": 2335305,
                                                "Actual Loops": 1
                                            },
                                            {
                                                "Worker Number": 1,
                                                "Actual Startup Time": 0.033,
                                                "Actual Total Time": 307.955,
                                                "Actual Rows": 2352723,
                                                "Actual Loops": 1
                                            },
                                            {
                                                "Worker Number": 2,
                                                "Actual Startup Time": 0.038,
                                                "Actual Total Time": 307.99,
                                                "Actual Rows": 2547517,
                                                "Actual Loops": 1
                                            },
                                            {
                                                "Worker Number": 3,
                                                "Actual Startup Time": 0.033,
                                                "Actual Total Time": 308.884,
                                                "Actual Rows": 2546824,
                                                "Actual Loops": 1
                                            },
                                            {
                                                "Worker Number": 4,
                                                "Actual Startup Time": 0.037,
                                                "Actual Total Time": 304.745,
                                                "Actual Rows": 2344307,
                                                "Actual Loops": 1
                                            }
                                        ]
                                    },
                                    {
                                        "Node Type": "Hash",
                                        "Parent Relationship": "Inner",
                                        "Parallel Aware": true,
                                        "Startup Cost": 383065.65,
                                        "Total Cost": 383065.65,
                                        "Plan Rows": 874797,
                                        "Plan Width": 8,
                                        "Actual Startup Time": 1998.822,
                                        "Actual Total Time": 2000.019,
                                        "Actual Rows": 908851,
                                        "Actual Loops": 6,
                                        "Output": [
                                            "t.id",
                                            "ci.movie_id"
                                        ],
                                        "Hash Buckets": 8388608,
                                        "Original Hash Buckets": 8388608,
                                        "Hash Batches": 1,
                                        "Original Hash Batches": 1,
                                        "Peak Memory Usage": 278944,
                                        "Workers": [
                                            {
                                                "Worker Number": 0,
                                                "Actual Startup Time": 2003.867,
                                                "Actual Total Time": 2003.87,
                                                "Actual Rows": 853519,
                                                "Actual Loops": 1
                                            },
                                            {
                                                "Worker Number": 1,
                                                "Actual Startup Time": 2003.723,
                                                "Actual Total Time": 2003.727,
                                                "Actual Rows": 858848,
                                                "Actual Loops": 1
                                            },
                                            {
                                                "Worker Number": 2,
                                                "Actual Startup Time": 2004.094,
                                                "Actual Total Time": 2004.097,
                                                "Actual Rows": 930792,
                                                "Actual Loops": 1
                                            },
                                            {
                                                "Worker Number": 3,
                                                "Actual Startup Time": 2004.059,
                                                "Actual Total Time": 2004.062,
                                                "Actual Rows": 931215,
                                                "Actual Loops": 1
                                            },
                                            {
                                                "Worker Number": 4,
                                                "Actual Startup Time": 2004.214,
                                                "Actual Total Time": 2004.217,
                                                "Actual Rows": 862413,
                                                "Actual Loops": 1
                                            }
                                        ],
                                        "Plans": [
                                            {
                                                "Node Type": "Hash Join",
                                                "Parent Relationship": "Outer",
                                                "Parallel Aware": true,
                                                "Join Type": "Inner",
                                                "Startup Cost": 48211.38,
                                                "Total Cost": 383065.65,
                                                "Plan Rows": 874797,
                                                "Plan Width": 8,
                                                "Actual Startup Time": 386.367,
                                                "Actual Total Time": 1591.6,
                                                "Actual Rows": 908851,
                                                "Actual Loops": 6,
                                                "Output": [
                                                    "t.id",
                                                    "ci.movie_id"
                                                ],
                                                "Inner Unique": true,
                                                "Hash Cond": "(ci.movie_id = t.id)",
                                                "Workers": [
                                                    {
                                                        "Worker Number": 0,
                                                        "Actual Startup Time": 386.293,
                                                        "Actual Total Time": 1595.127,
                                                        "Actual Rows": 853519,
                                                        "Actual Loops": 1
                                                    },
                                                    {
                                                        "Worker Number": 1,
                                                        "Actual Startup Time": 386.276,
                                                        "Actual Total Time": 1592.595,
                                                        "Actual Rows": 858848,
                                                        "Actual Loops": 1
                                                    },
                                                    {
                                                        "Worker Number": 2,
                                                        "Actual Startup Time": 386.492,
                                                        "Actual Total Time": 1592.265,
                                                        "Actual Rows": 930792,
                                                        "Actual Loops": 1
                                                    },
                                                    {
                                                        "Worker Number": 3,
                                                        "Actual Startup Time": 386.255,
                                                        "Actual Total Time": 1591.909,
                                                        "Actual Rows": 931215,
                                                        "Actual Loops": 1
                                                    },
                                                    {
                                                        "Worker Number": 4,
                                                        "Actual Startup Time": 386.461,
                                                        "Actual Total Time": 1589.379,
                                                        "Actual Rows": 862413,
                                                        "Actual Loops": 1
                                                    }
                                                ],
                                                "Plans": [
                                                    {
                                                        "Node Type": "Seq Scan",
                                                        "Parent Relationship": "Outer",
                                                        "Parallel Aware": true,
                                                        "Relation Name": "cast_info",
                                                        "Schema": "public",
                                                        "Alias": "ci",
                                                        "Startup Cost": 0.0,
                                                        "Total Cost": 328213.62,
                                                        "Plan Rows": 2529766,
                                                        "Plan Width": 4,
                                                        "Actual Startup Time": 239.977,
                                                        "Actual Total Time": 633.066,
                                                        "Actual Rows": 2544093,
                                                        "Actual Loops": 6,
                                                        "Output": [
                                                            "ci.id",
                                                            "ci.person_id",
                                                            "ci.movie_id",
                                                            "ci.person_role_id",
                                                            "ci.note",
                                                            "ci.nr_order",
                                                            "ci.role_id"
                                                        ],
                                                        "Filter": "(ci.person_id > 2115818)",
                                                        "Rows Removed by Filter": 3496631,
                                                        "Workers": [
                                                            {
                                                                "Worker Number": 0,
                                                                "Actual Startup Time": 239.969,
                                                                "Actual Total Time": 640.199,
                                                                "Actual Rows": 2402190,
                                                                "Actual Loops": 1
                                                            },
                                                            {
                                                                "Worker Number": 1,
                                                                "Actual Startup Time": 239.969,
                                                                "Actual Total Time": 637.496,
                                                                "Actual Rows": 2402208,
                                                                "Actual Loops": 1
                                                            },
                                                            {
                                                                "Worker Number": 2,
                                                                "Actual Startup Time": 239.98,
                                                                "Actual Total Time": 644.762,
                                                                "Actual Rows": 2607729,
                                                                "Actual Loops": 1
                                                            },
                                                            {
                                                                "Worker Number": 3,
                                                                "Actual Startup Time": 239.986,
                                                                "Actual Total Time": 644.675,
                                                                "Actual Rows": 2604239,
                                                                "Actual Loops": 1
                                                            },
                                                            {
                                                                "Worker Number": 4,
                                                                "Actual Startup Time": 239.973,
                                                                "Actual Total Time": 636.193,
                                                                "Actual Rows": 2401635,
                                                                "Actual Loops": 1
                                                            }
                                                        ]
                                                    },
                                                    {
                                                        "Node Type": "Hash",
                                                        "Parent Relationship": "Inner",
                                                        "Parallel Aware": true,
                                                        "Startup Cost": 45479.21,
                                                        "Total Cost": 45479.21,
                                                        "Plan Rows": 218574,
                                                        "Plan Width": 4,
                                                        "Actual Startup Time": 145.258,
                                                        "Actual Total Time": 145.259,
                                                        "Actual Rows": 149465,
                                                        "Actual Loops": 6,
                                                        "Output": [
                                                            "t.id"
                                                        ],
                                                        "Hash Buckets": 1048576,
                                                        "Original Hash Buckets": 1048576,
                                                        "Hash Batches": 1,
                                                        "Original Hash Batches": 1,
                                                        "Peak Memory Usage": 43360,
                                                        "Workers": [
                                                            {
                                                                "Worker Number": 0,
                                                                "Actual Startup Time": 146.233,
                                                                "Actual Total Time": 146.233,
                                                                "Actual Rows": 140896,
                                                                "Actual Loops": 1
                                                            },
                                                            {
                                                                "Worker Number": 1,
                                                                "Actual Startup Time": 146.203,
                                                                "Actual Total Time": 146.204,
                                                                "Actual Rows": 140360,
                                                                "Actual Loops": 1
                                                            },
                                                            {
                                                                "Worker Number": 2,
                                                                "Actual Startup Time": 146.195,
                                                                "Actual Total Time": 146.196,
                                                                "Actual Rows": 146152,
                                                                "Actual Loops": 1
                                                            },
                                                            {
                                                                "Worker Number": 3,
                                                                "Actual Startup Time": 146.177,
                                                                "Actual Total Time": 146.179,
                                                                "Actual Rows": 143798,
                                                                "Actual Loops": 1
                                                            },
                                                            {
                                                                "Worker Number": 4,
                                                                "Actual Startup Time": 146.211,
                                                                "Actual Total Time": 146.212,
                                                                "Actual Rows": 139519,
                                                                "Actual Loops": 1
                                                            }
                                                        ],
                                                        "Plans": [
                                                            {
                                                                "Node Type": "Seq Scan",
                                                                "Parent Relationship": "Outer",
                                                                "Parallel Aware": true,
                                                                "Relation Name": "title",
                                                                "Schema": "public",
                                                                "Alias": "t",
                                                                "Startup Cost": 0.0,
                                                                "Total Cost": 45479.21,
                                                                "Plan Rows": 218574,
                                                                "Plan Width": 4,
                                                                "Actual Startup Time": 0.069,
                                                                "Actual Total Time": 82.637,
                                                                "Actual Rows": 149465,
                                                                "Actual Loops": 6,
                                                                "Output": [
                                                                    "t.id"
                                                                ],
                                                                "Filter": "((t.kind_id < 7) AND (t.production_year < 2012))",
                                                                "Rows Removed by Filter": 271921,
                                                                "Workers": [
                                                                    {
                                                                        "Worker Number": 0,
                                                                        "Actual Startup Time": 0.069,
                                                                        "Actual Total Time": 83.655,
                                                                        "Actual Rows": 140896,
                                                                        "Actual Loops": 1
                                                                    },
                                                                    {
                                                                        "Worker Number": 1,
                                                                        "Actual Startup Time": 0.078,
                                                                        "Actual Total Time": 83.519,
                                                                        "Actual Rows": 140360,
                                                                        "Actual Loops": 1
                                                                    },
                                                                    {
                                                                        "Worker Number": 2,
                                                                        "Actual Startup Time": 0.083,
                                                                        "Actual Total Time": 82.828,
                                                                        "Actual Rows": 146152,
                                                                        "Actual Loops": 1
                                                                    },
                                                                    {
                                                                        "Worker Number": 3,
                                                                        "Actual Startup Time": 0.083,
                                                                        "Actual Total Time": 83.486,
                                                                        "Actual Rows": 143798,
                                                                        "Actual Loops": 1
                                                                    },
                                                                    {
                                                                        "Worker Number": 4,
                                                                        "Actual Startup Time": 0.082,
                                                                        "Actual Total Time": 82.52,
                                                                        "Actual Rows": 139519,
                                                                        "Actual Loops": 1
                                                                    }
                                                                ]
                                                            }
                                                        ]
                                                    }
                                                ]
                                            }
                                        ]
                                    }
                                ]
                            }
                        ]
                    }
                ]
            }
        ]
    },
    "Planning Time": 1.465,
    "Triggers": [],
    "Execution Time": 7132.086
}