[
  {
    "Plan": {
      "Node Type": "Aggregate",
      "Strategy": "Plain",
      "Partial Mode": "Finalize",
      "Parallel Aware": false,
      "Startup Cost": 31553.77,
      "Total Cost": 31553.78,
      "Plan Rows": 1,
      "Plan Width": 8,
      "Actual Startup Time": 89.143,
      "Actual Total Time": 96.879,
      "Actual Rows": 1,
      "Actual Loops": 1,
      "Plans": [
        {
          "Node Type": "Gather",
          "Parent Relationship": "Outer",
          "Parallel Aware": false,
          "Startup Cost": 31553.46,
          "Total Cost": 31553.77,
          "Plan Rows": 3,
          "Plan Width": 8,
          "Actual Startup Time": 88.741,
          "Actual Total Time": 96.871,
          "Actual Rows": 4,
          "Actual Loops": 1,
          "Workers Planned": 3,
          "Workers Launched": 3,
          "Single Copy": false,
          "Plans": [
            {
              "Node Type": "Aggregate",
              "Strategy": "Plain",
              "Partial Mode": "Partial",
              "Parent Relationship": "Outer",
              "Parallel Aware": false,
              "Startup Cost": 30553.46,
              "Total Cost": 30553.47,
              "Plan Rows": 1,
              "Plan Width": 8,
              "Actual Startup Time": 83.553,
              "Actual Total Time": 83.557,
              "Actual Rows": 1,
              "Actual Loops": 4,
              "Plans": [
                {
                  "Node Type": "Bitmap Heap Scan",
                  "Parent Relationship": "Outer",
                  "Parallel Aware": true,
                  "Relation Name": "movie_companies",
                  "Alias": "mc",
                  "Startup Cost": 9464.71,
                  "Total Cost": 30380.25,
                  "Plan Rows": 69283,
                  "Plan Width": 0,
                  "Actual Startup Time": 23.393,
                  "Actual Total Time": 78.033,
                  "Actual Rows": 82091,
                  "Actual Loops": 4,
                  "Recheck Cond": "(company_id < 312)",
                  "Rows Removed by Index Recheck": 0,
                  "Filter": "(company_type_id = 1)",
                  "Rows Removed by Filter": 25732,
                  "Exact Heap Blocks": 7769,
                  "Lossy Heap Blocks": 0,
                  "Plans": [
                    {
                      "Node Type": "Bitmap Index Scan",
                      "Parent Relationship": "Outer",
                      "Parallel Aware": false,
                      "Index Name": "company_id_movie_companies",
                      "Startup Cost": 0.0,
                      "Total Cost": 9411.01,
                      "Plan Rows": 439278,
                      "Plan Width": 0,
                      "Actual Startup Time": 25.158,
                      "Actual Total Time": 25.159,
                      "Actual Rows": 431290,
                      "Actual Loops": 1,
                      "Index Cond": "(company_id < 312)"
                    }
                  ]
                }
              ]
            }
          ]
        }
      ]
    },
    "Planning Time": 0.132,
    "Triggers": [],
    "Execution Time": 96.922
  }
]