{
  "Plan": {
    "Node Type": "Aggregate",
    "Strategy": "Plain",
    "Partial Mode": "Finalize",
    "Parallel Aware": false,
    "Startup Cost": 341117.11,
    "Total Cost": 341117.12,
    "Plan Rows": 1,
    "Plan Width": 8,
    "Actual Startup Time": 2242.588,
    "Actual Total Time": 2284.38,
    "Actual Rows": 1,
    "Actual Loops": 1,
    "Plans": [
      {
        "Node Type": "Gather",
        "Parent Relationship": "Outer",
        "Parallel Aware": false,
        "Startup Cost": 341117.0,
        "Total Cost": 341117.11,
        "Plan Rows": 1,
        "Plan Width": 8,
        "Actual Startup Time": 2239.583,
        "Actual Total Time": 2284.373,
        "Actual Rows": 2,
        "Actual Loops": 1,
        "Workers Planned": 1,
        "Workers Launched": 1,
        "Single Copy": false,
        "Plans": [
          {
            "Node Type": "Aggregate",
            "Strategy": "Plain",
            "Partial Mode": "Partial",
            "Parent Relationship": "Outer",
            "Parallel Aware": false,
            "Startup Cost": 340117.0,
            "Total Cost": 340117.01,
            "Plan Rows": 1,
            "Plan Width": 8,
            "Actual Startup Time": 2226.659,
            "Actual Total Time": 2226.663,
            "Actual Rows": 1,
            "Actual Loops": 2,
            "Plans": [
              {
                "Node Type": "Nested Loop",
                "Parent Relationship": "Outer",
                "Parallel Aware": false,
                "Join Type": "Inner",
                "Startup Cost": 74068.87,
                "Total Cost": 338996.38,
                "Plan Rows": 448248,
                "Plan Width": 0,
                "Actual Startup Time": 530.57,
                "Actual Total Time": 2131.617,
                "Actual Rows": 2259468,
                "Actual Loops": 2,
                "Inner Unique": false,
                "Plans": [
                  {
                    "Node Type": "Hash Join",
                    "Parent Relationship": "Outer",
                    "Parallel Aware": true,
                    "Join Type": "Inner",
                    "Startup Cost": 74068.44,
                    "Total Cost": 100454.89,
                    "Plan Rows": 127765,
                    "Plan Width": 8,
                    "Actual Startup Time": 530.485,
                    "Actual Total Time": 616.352,
                    "Actual Rows": 105241,
                    "Actual Loops": 2,
                    "Inner Unique": true,
                    "Hash Cond": "(mk.movie_id = t.id)",
                    "Plans": [
                      {
                        "Node Type": "Bitmap Heap Scan",
                        "Parent Relationship": "Outer",
                        "Parallel Aware": true,
                        "Relation Name": "movie_keyword",
                        "Alias": "mk",
                        "Startup Cost": 4607.74,
                        "Total Cost": 30658.81,
                        "Plan Rows": 127765,
                        "Plan Width": 4,
                        "Actual Startup Time": 13.838,
                        "Actual Total Time": 55.302,
                        "Actual Rows": 105241,
                        "Actual Loops": 2,
                        "Recheck Cond": "(keyword_id > 66628)",
                        "Rows Removed by Index Recheck": 0,
                        "Exact Heap Blocks": 10700,
                        "Lossy Heap Blocks": 0,
                        "Plans": [
                          {
                            "Node Type": "Bitmap Index Scan",
                            "Parent Relationship": "Outer",
                            "Parallel Aware": false,
                            "Index Name": "keyword_id_movie_keyword",
                            "Startup Cost": 0.0,
                            "Total Cost": 4553.44,
                            "Plan Rows": 217201,
                            "Plan Width": 0,
                            "Actual Startup Time": 10.818,
                            "Actual Total Time": 10.818,
                            "Actual Rows": 210482,
                            "Actual Loops": 1,
                            "Index Cond": "(keyword_id > 66628)"
                          }
                        ]
                      },
                      {
                        "Node Type": "Hash",
                        "Parent Relationship": "Inner",
                        "Parallel Aware": true,
                        "Startup Cost": 50870.31,
                        "Total Cost": 50870.31,
                        "Plan Rows": 1487231,
                        "Plan Width": 4,
                        "Actual Startup Time": 495.487,
                        "Actual Total Time": 495.488,
                        "Actual Rows": 1264156,
                        "Actual Loops": 2,
                        "Hash Buckets": 4194304,
                        "Original Hash Buckets": 4194304,
                        "Hash Batches": 1,
                        "Original Hash Batches": 1,
                        "Peak Memory Usage": 131712,
                        "Plans": [
                          {
                            "Node Type": "Seq Scan",
                            "Parent Relationship": "Outer",
                            "Parallel Aware": true,
                            "Relation Name": "title",
                            "Alias": "t",
                            "Startup Cost": 0.0,
                            "Total Cost": 50870.31,
                            "Plan Rows": 1487231,
                            "Plan Width": 4,
                            "Actual Startup Time": 0.028,
                            "Actual Total Time": 146.68,
                            "Actual Rows": 1264156,
                            "Actual Loops": 2
                          }
                        ]
                      }
                    ]
                  },
                  {
                    "Node Type": "Index Scan",
                    "Parent Relationship": "Inner",
                    "Parallel Aware": false,
                    "Scan Direction": "Forward",
                    "Index Name": "movie_id_movie_info",
                    "Relation Name": "movie_info",
                    "Alias": "mi",
                    "Startup Cost": 0.43,
                    "Total Cost": 1.62,
                    "Plan Rows": 25,
                    "Plan Width": 4,
                    "Actual Startup Time": 0.003,
                    "Actual Total Time": 0.013,
                    "Actual Rows": 21,
                    "Actual Loops": 210482,
                    "Index Cond": "(movie_id = t.id)",
                    "Rows Removed by Index Recheck": 0,
                    "Filter": "(info_type_id < 15)",
                    "Rows Removed by Filter": 40
                  }
                ]
              }
            ]
          }
        ]
      }
    ]
  },
  "Planning Time": 0.919,
  "Triggers": [],
  "Execution Time": 2284.487
}