{
  "Plan": {
    "Node Type": "Aggregate",
    "Strategy": "Plain",
    "Partial Mode": "Finalize",
    "Parallel Aware": false,
    "Startup Cost": 138250.39,
    "Total Cost": 138250.4,
    "Plan Rows": 1,
    "Plan Width": 8,
    "Actual Startup Time": 595.969,
    "Actual Total Time": 612.116,
    "Actual Rows": 1,
    "Actual Loops": 1,
    "Plans": [
      {
        "Node Type": "Gather",
        "Parent Relationship": "Outer",
        "Parallel Aware": false,
        "Startup Cost": 138250.28,
        "Total Cost": 138250.39,
        "Plan Rows": 1,
        "Plan Width": 8,
        "Actual Startup Time": 593.781,
        "Actual Total Time": 612.11,
        "Actual Rows": 2,
        "Actual Loops": 1,
        "Workers Planned": 1,
        "Workers Launched": 1,
        "Single Copy": false,
        "Plans": [
          {
            "Node Type": "Aggregate",
            "Strategy": "Plain",
            "Partial Mode": "Partial",
            "Parent Relationship": "Outer",
            "Parallel Aware": false,
            "Startup Cost": 137250.28,
            "Total Cost": 137250.29,
            "Plan Rows": 1,
            "Plan Width": 8,
            "Actual Startup Time": 589.763,
            "Actual Total Time": 589.769,
            "Actual Rows": 1,
            "Actual Loops": 2,
            "Plans": [
              {
                "Node Type": "Hash Join",
                "Parent Relationship": "Outer",
                "Parallel Aware": true,
                "Join Type": "Inner",
                "Startup Cost": 106246.7,
                "Total Cost": 137223.57,
                "Plan Rows": 10682,
                "Plan Width": 0,
                "Actual Startup Time": 462.217,
                "Actual Total Time": 584.882,
                "Actual Rows": 109220,
                "Actual Loops": 2,
                "Inner Unique": false,
                "Hash Cond": "(mk.movie_id = t.id)",
                "Plans": [
                  {
                    "Node Type": "Bitmap Heap Scan",
                    "Parent Relationship": "Outer",
                    "Parallel Aware": true,
                    "Relation Name": "movie_keyword",
                    "Alias": "mk",
                    "Startup Cost": 14338.03,
                    "Total Cost": 43761.29,
                    "Plan Rows": 397541,
                    "Plan Width": 4,
                    "Actual Startup Time": 41.74,
                    "Actual Total Time": 130.509,
                    "Actual Rows": 340826,
                    "Actual Loops": 2,
                    "Recheck Cond": "(keyword_id < 562)",
                    "Rows Removed by Index Recheck": 0,
                    "Exact Heap Blocks": 12945,
                    "Lossy Heap Blocks": 0,
                    "Plans": [
                      {
                        "Node Type": "Bitmap Index Scan",
                        "Parent Relationship": "Outer",
                        "Parallel Aware": false,
                        "Index Name": "keyword_id_movie_keyword",
                        "Startup Cost": 0.0,
                        "Total Cost": 14169.08,
                        "Plan Rows": 675819,
                        "Plan Width": 0,
                        "Actual Startup Time": 38.172,
                        "Actual Total Time": 38.172,
                        "Actual Rows": 681653,
                        "Actual Loops": 1,
                        "Index Cond": "(keyword_id < 562)"
                      }
                    ]
                  },
                  {
                    "Node Type": "Hash",
                    "Parent Relationship": "Inner",
                    "Parallel Aware": true,
                    "Startup Cost": 91409.14,
                    "Total Cost": 91409.14,
                    "Plan Rows": 39962,
                    "Plan Width": 8,
                    "Actual Startup Time": 391.827,
                    "Actual Total Time": 391.83,
                    "Actual Rows": 93660,
                    "Actual Loops": 2,
                    "Hash Buckets": 262144,
                    "Original Hash Buckets": 131072,
                    "Hash Batches": 1,
                    "Original Hash Batches": 1,
                    "Peak Memory Usage": 10432,
                    "Plans": [
                      {
                        "Node Type": "Hash Join",
                        "Parent Relationship": "Outer",
                        "Parallel Aware": true,
                        "Join Type": "Inner",
                        "Startup Cost": 69503.32,
                        "Total Cost": 91409.14,
                        "Plan Rows": 39962,
                        "Plan Width": 8,
                        "Actual Startup Time": 278.864,
                        "Actual Total Time": 363.739,
                        "Actual Rows": 93660,
                        "Actual Loops": 2,
                        "Inner Unique": true,
                        "Hash Cond": "(mc.movie_id = t.id)",
                        "Plans": [
                          {
                            "Node Type": "Bitmap Heap Scan",
                            "Parent Relationship": "Outer",
                            "Parallel Aware": true,
                            "Relation Name": "movie_companies",
                            "Alias": "mc",
                            "Startup Cost": 7590.54,
                            "Total Cost": 28955.6,
                            "Plan Rows": 206005,
                            "Plan Width": 4,
                            "Actual Startup Time": 22.073,
                            "Actual Total Time": 49.826,
                            "Actual Rows": 176642,
                            "Actual Loops": 2,
                            "Recheck Cond": "(company_id > 87955)",
                            "Rows Removed by Index Recheck": 0,
                            "Exact Heap Blocks": 2743,
                            "Lossy Heap Blocks": 0,
                            "Plans": [
                              {
                                "Node Type": "Bitmap Index Scan",
                                "Parent Relationship": "Outer",
                                "Parallel Aware": false,
                                "Index Name": "company_id_movie_companies",
                                "Startup Cost": 0.0,
                                "Total Cost": 7502.99,
                                "Plan Rows": 350208,
                                "Plan Width": 0,
                                "Actual Startup Time": 21.277,
                                "Actual Total Time": 21.277,
                                "Actual Rows": 353284,
                                "Actual Loops": 1,
                                "Index Cond": "(company_id > 87955)"
                              }
                            ]
                          },
                          {
                            "Node Type": "Hash",
                            "Parent Relationship": "Inner",
                            "Parallel Aware": true,
                            "Startup Cost": 58306.47,
                            "Total Cost": 58306.47,
                            "Plan Rows": 288505,
                            "Plan Width": 4,
                            "Actual Startup Time": 254.015,
                            "Actual Total Time": 254.016,
                            "Actual Rows": 290710,
                            "Actual Loops": 2,
                            "Hash Buckets": 1048576,
                            "Original Hash Buckets": 524288,
                            "Hash Batches": 1,
                            "Original Hash Batches": 1,
                            "Peak Memory Usage": 35072,
                            "Plans": [
                              {
                                "Node Type": "Seq Scan",
                                "Parent Relationship": "Outer",
                                "Parallel Aware": true,
                                "Relation Name": "title",
                                "Alias": "t",
                                "Startup Cost": 0.0,
                                "Total Cost": 58306.47,
                                "Plan Rows": 288505,
                                "Plan Width": 4,
                                "Actual Startup Time": 0.029,
                                "Actual Total Time": 157.128,
                                "Actual Rows": 290710,
                                "Actual Loops": 2,
                                "Filter": "((kind_id < 7) AND (production_year < 2004))",
                                "Rows Removed by Filter": 973446
                              }
                            ]
                          }
                        ]
                      }
                    ]
                  }
                ]
              }
            ]
          }
        ]
      }
    ]
  },
  "Planning Time": 0.65,
  "Triggers": [],
  "Execution Time": 612.194
}