[
  {
    "Plan": {
      "Node Type": "Aggregate",
      "Strategy": "Plain",
      "Partial Mode": "Finalize",
      "Parallel Aware": false,
      "Startup Cost": 107578.52,
      "Total Cost": 107578.53,
      "Plan Rows": 1,
      "Plan Width": 8,
      "Actual Startup Time": 460.708,
      "Actual Total Time": 480.676,
      "Actual Rows": 1,
      "Actual Loops": 1,
      "Plans": [
        {
          "Node Type": "Gather",
          "Parent Relationship": "Outer",
          "Parallel Aware": false,
          "Startup Cost": 107578.31,
          "Total Cost": 107578.52,
          "Plan Rows": 2,
          "Plan Width": 8,
          "Actual Startup Time": 457.541,
          "Actual Total Time": 480.667,
          "Actual Rows": 3,
          "Actual Loops": 1,
          "Workers Planned": 2,
          "Workers Launched": 2,
          "Single Copy": false,
          "Plans": [
            {
              "Node Type": "Aggregate",
              "Strategy": "Plain",
              "Partial Mode": "Partial",
              "Parent Relationship": "Outer",
              "Parallel Aware": false,
              "Startup Cost": 106578.31,
              "Total Cost": 106578.32,
              "Plan Rows": 1,
              "Plan Width": 8,
              "Actual Startup Time": 450.072,
              "Actual Total Time": 450.325,
              "Actual Rows": 1,
              "Actual Loops": 3,
              "Plans": [
                {
                  "Node Type": "Hash Join",
                  "Parent Relationship": "Outer",
                  "Parallel Aware": true,
                  "Join Type": "Inner",
                  "Startup Cost": 90577.18,
                  "Total Cost": 106508.59,
                  "Plan Rows": 27888,
                  "Plan Width": 0,
                  "Actual Startup Time": 353.796,
                  "Actual Total Time": 444.575,
                  "Actual Rows": 126886,
                  "Actual Loops": 3,
                  "Inner Unique": false,
                  "Hash Cond": "(mi_idx.movie_id = t.id)",
                  "Plans": [
                    {
                      "Node Type": "Seq Scan",
                      "Parent Relationship": "Outer",
                      "Parallel Aware": true,
                      "Relation Name": "movie_info_idx",
                      "Alias": "mi_idx",
                      "Startup Cost": 0.0,
                      "Total Cost": 13685.15,
                      "Plan Rows": 575015,
                      "Plan Width": 4,
                      "Actual Startup Time": 0.027,
                      "Actual Total Time": 38.821,
                      "Actual Rows": 460012,
                      "Actual Loops": 3
                    },
                    {
                      "Node Type": "Hash",
                      "Parent Relationship": "Inner",
                      "Parallel Aware": true,
                      "Startup Cost": 90082.74,
                      "Total Cost": 90082.74,
                      "Plan Rows": 39555,
                      "Plan Width": 8,
                      "Actual Startup Time": 347.134,
                      "Actual Total Time": 347.385,
                      "Actual Rows": 57228,
                      "Actual Loops": 3,
                      "Hash Buckets": 262144,
                      "Original Hash Buckets": 131072,
                      "Hash Batches": 1,
                      "Original Hash Batches": 1,
                      "Peak Memory Usage": 9824,
                      "Plans": [
                        {
                          "Node Type": "Hash Join",
                          "Parent Relationship": "Outer",
                          "Parallel Aware": true,
                          "Join Type": "Inner",
                          "Startup Cost": 46732.66,
                          "Total Cost": 90082.74,
                          "Plan Rows": 39555,
                          "Plan Width": 8,
                          "Actual Startup Time": 166.623,
                          "Actual Total Time": 329.475,
                          "Actual Rows": 57228,
                          "Actual Loops": 3,
                          "Inner Unique": true,
                          "Hash Cond": "(mk.movie_id = t.id)",
                          "Plans": [
                            {
                              "Node Type": "Seq Scan",
                              "Parent Relationship": "Outer",
                              "Parallel Aware": true,
                              "Relation Name": "movie_keyword",
                              "Alias": "mk",
                              "Startup Cost": 0.0,
                              "Total Cost": 42695.65,
                              "Plan Rows": 249305,
                              "Plan Width": 4,
                              "Actual Startup Time": 2.652,
                              "Actual Total Time": 124.87,
                              "Actual Rows": 254542,
                              "Actual Loops": 3,
                              "Filter": "(keyword_id > 24531)",
                              "Rows Removed by Filter": 1253435
                            },
                            {
                              "Node Type": "Hash",
                              "Parent Relationship": "Inner",
                              "Parallel Aware": true,
                              "Startup Cost": 45479.1,
                              "Total Cost": 45479.1,
                              "Plan Rows": 100285,
                              "Plan Width": 4,
                              "Actual Startup Time": 161.049,
                              "Actual Total Time": 161.05,
                              "Actual Rows": 111998,
                              "Actual Loops": 3,
                              "Hash Buckets": 524288,
                              "Original Hash Buckets": 524288,
                              "Hash Batches": 1,
                              "Original Hash Batches": 1,
                              "Peak Memory Usage": 17248,
                              "Plans": [
                                {
                                  "Node Type": "Seq Scan",
                                  "Parent Relationship": "Outer",
                                  "Parallel Aware": true,
                                  "Relation Name": "title",
                                  "Alias": "t",
                                  "Startup Cost": 0.0,
                                  "Total Cost": 45479.1,
                                  "Plan Rows": 100285,
                                  "Plan Width": 4,
                                  "Actual Startup Time": 0.088,
                                  "Actual Total Time": 122.463,
                                  "Actual Rows": 111998,
                                  "Actual Loops": 3,
                                  "Filter": "((kind_id < 7) AND (production_year > 2005))",
                                  "Rows Removed by Filter": 730773
                                }
                              ]
                            }
                          ]
                        }
                      ]
                    }
                  ]
                }
              ]
            }
          ]
        }
      ]
    },
    "Planning Time": 1.313,
    "Triggers": [],
    "Execution Time": 480.755
  }
]