[
  {
    "Plan": {
      "Node Type": "Aggregate",
      "Strategy": "Plain",
      "Partial Mode": "Finalize",
      "Parallel Aware": false,
      "Startup Cost": 59234.42,
      "Total Cost": 59234.43,
      "Plan Rows": 1,
      "Plan Width": 8,
      "Actual Startup Time": 98.089,
      "Actual Total Time": 111.741,
      "Actual Rows": 1,
      "Actual Loops": 1,
      "Plans": [
        {
          "Node Type": "Gather",
          "Parent Relationship": "Outer",
          "Parallel Aware": false,
          "Startup Cost": 59234.0,
          "Total Cost": 59234.41,
          "Plan Rows": 4,
          "Plan Width": 8,
          "Actual Startup Time": 97.967,
          "Actual Total Time": 111.734,
          "Actual Rows": 5,
          "Actual Loops": 1,
          "Workers Planned": 4,
          "Workers Launched": 4,
          "Single Copy": false,
          "Plans": [
            {
              "Node Type": "Aggregate",
              "Strategy": "Plain",
              "Partial Mode": "Partial",
              "Parent Relationship": "Outer",
              "Parallel Aware": false,
              "Startup Cost": 58234.0,
              "Total Cost": 58234.01,
              "Plan Rows": 1,
              "Plan Width": 8,
              "Actual Startup Time": 90.853,
              "Actual Total Time": 90.854,
              "Actual Rows": 1,
              "Actual Loops": 5,
              "Plans": [
                {
                  "Node Type": "Nested Loop",
                  "Parent Relationship": "Outer",
                  "Parallel Aware": false,
                  "Join Type": "Inner",
                  "Startup Cost": 0.43,
                  "Total Cost": 58232.12,
                  "Plan Rows": 754,
                  "Plan Width": 0,
                  "Actual Startup Time": 55.304,
                  "Actual Total Time": 90.75,
                  "Actual Rows": 1633,
                  "Actual Loops": 5,
                  "Inner Unique": false,
                  "Plans": [
                    {
                      "Node Type": "Seq Scan",
                      "Parent Relationship": "Outer",
                      "Parallel Aware": true,
                      "Relation Name": "title",
                      "Alias": "t",
                      "Startup Cost": 0.0,
                      "Total Cost": 45479.1,
                      "Plan Rows": 1492,
                      "Plan Width": 4,
                      "Actual Startup Time": 55.008,
                      "Actual Total Time": 78.855,
                      "Actual Rows": 1092,
                      "Actual Loops": 5,
                      "Filter": "((kind_id = 1) AND (production_year = 1990))",
                      "Rows Removed by Filter": 504570
                    },
                    {
                      "Node Type": "Index Scan",
                      "Parent Relationship": "Inner",
                      "Parallel Aware": false,
                      "Scan Direction": "Forward",
                      "Index Name": "movie_id_movie_keyword",
                      "Relation Name": "movie_keyword",
                      "Alias": "mk",
                      "Startup Cost": 0.43,
                      "Total Cost": 8.42,
                      "Plan Rows": 13,
                      "Plan Width": 4,
                      "Actual Startup Time": 0.01,
                      "Actual Total Time": 0.01,
                      "Actual Rows": 1,
                      "Actual Loops": 5461,
                      "Index Cond": "(movie_id = t.id)",
                      "Rows Removed by Index Recheck": 0,
                      "Filter": "(keyword_id > 13787)",
                      "Rows Removed by Filter": 4
                    }
                  ]
                }
              ]
            }
          ]
        }
      ]
    },
    "Planning Time": 0.519,
    "Triggers": [],
    "Execution Time": 111.801
  }
]