[
  {
    "Plan": {
      "Node Type": "Aggregate",
      "Strategy": "Plain",
      "Partial Mode": "Finalize",
      "Parallel Aware": false,
      "Startup Cost": 310878.71,
      "Total Cost": 310878.72,
      "Plan Rows": 1,
      "Plan Width": 8,
      "Actual Startup Time": 293.041,
      "Actual Total Time": 305.616,
      "Actual Rows": 1,
      "Actual Loops": 1,
      "Plans": [
        {
          "Node Type": "Gather",
          "Parent Relationship": "Outer",
          "Parallel Aware": false,
          "Startup Cost": 310878.08,
          "Total Cost": 310878.69,
          "Plan Rows": 6,
          "Plan Width": 8,
          "Actual Startup Time": 292.228,
          "Actual Total Time": 305.603,
          "Actual Rows": 7,
          "Actual Loops": 1,
          "Workers Planned": 6,
          "Workers Launched": 6,
          "Single Copy": false,
          "Plans": [
            {
              "Node Type": "Aggregate",
              "Strategy": "Plain",
              "Partial Mode": "Partial",
              "Parent Relationship": "Outer",
              "Parallel Aware": false,
              "Startup Cost": 309878.08,
              "Total Cost": 309878.09,
              "Plan Rows": 1,
              "Plan Width": 8,
              "Actual Startup Time": 285.453,
              "Actual Total Time": 285.455,
              "Actual Rows": 1,
              "Actual Loops": 7,
              "Plans": [
                {
                  "Node Type": "Bitmap Heap Scan",
                  "Parent Relationship": "Outer",
                  "Parallel Aware": true,
                  "Relation Name": "cast_info",
                  "Alias": "ci",
                  "Startup Cost": 51373.89,
                  "Total Cost": 308908.55,
                  "Plan Rows": 387813,
                  "Plan Width": 0,
                  "Actual Startup Time": 155.172,
                  "Actual Total Time": 265.542,
                  "Actual Rows": 322292,
                  "Actual Loops": 7,
                  "Recheck Cond": "(person_id > 3620961)",
                  "Rows Removed by Index Recheck": 0,
                  "Exact Heap Blocks": 5946,
                  "Lossy Heap Blocks": 0,
                  "Plans": [
                    {
                      "Node Type": "Bitmap Index Scan",
                      "Parent Relationship": "Outer",
                      "Parallel Aware": false,
                      "Index Name": "person_id_cast_info",
                      "Startup Cost": 0.0,
                      "Total Cost": 50792.17,
                      "Plan Rows": 2326880,
                      "Plan Width": 0,
                      "Actual Startup Time": 152.8,
                      "Actual Total Time": 152.801,
                      "Actual Rows": 2256041,
                      "Actual Loops": 1,
                      "Index Cond": "(person_id > 3620961)"
                    }
                  ]
                }
              ]
            }
          ]
        }
      ]
    },
    "Planning Time": 0.122,
    "Triggers": [],
    "Execution Time": 305.664
  }
]