[
  {
    "Plan": {
      "Node Type": "Aggregate",
      "Strategy": "Plain",
      "Partial Mode": "Finalize",
      "Parallel Aware": false,
      "Startup Cost": 27470.55,
      "Total Cost": 27470.56,
      "Plan Rows": 1,
      "Plan Width": 8,
      "Actual Startup Time": 222.591,
      "Actual Total Time": 227.001,
      "Actual Rows": 1,
      "Actual Loops": 1,
      "Plans": [
        {
          "Node Type": "Gather",
          "Parent Relationship": "Outer",
          "Parallel Aware": false,
          "Startup Cost": 27470.24,
          "Total Cost": 27470.55,
          "Plan Rows": 3,
          "Plan Width": 8,
          "Actual Startup Time": 222.395,
          "Actual Total Time": 226.995,
          "Actual Rows": 4,
          "Actual Loops": 1,
          "Workers Planned": 3,
          "Workers Launched": 3,
          "Single Copy": false,
          "Plans": [
            {
              "Node Type": "Aggregate",
              "Strategy": "Plain",
              "Partial Mode": "Partial",
              "Parent Relationship": "Outer",
              "Parallel Aware": false,
              "Startup Cost": 26470.24,
              "Total Cost": 26470.25,
              "Plan Rows": 1,
              "Plan Width": 8,
              "Actual Startup Time": 215.537,
              "Actual Total Time": 215.539,
              "Actual Rows": 1,
              "Actual Loops": 4,
              "Plans": [
                {
                  "Node Type": "Bitmap Heap Scan",
                  "Parent Relationship": "Outer",
                  "Parallel Aware": true,
                  "Relation Name": "movie_companies",
                  "Alias": "mc",
                  "Startup Cost": 6278.13,
                  "Total Cost": 26236.55,
                  "Plan Rows": 93474,
                  "Plan Width": 0,
                  "Actual Startup Time": 179.302,
                  "Actual Total Time": 210.037,
                  "Actual Rows": 70700,
                  "Actual Loops": 4,
                  "Recheck Cond": "(company_id > 95544)",
                  "Rows Removed by Index Recheck": 0,
                  "Exact Heap Blocks": 2827,
                  "Lossy Heap Blocks": 0,
                  "Plans": [
                    {
                      "Node Type": "Bitmap Index Scan",
                      "Parent Relationship": "Outer",
                      "Parallel Aware": false,
                      "Index Name": "company_id_movie_companies",
                      "Startup Cost": 0.0,
                      "Total Cost": 6205.69,
                      "Plan Rows": 289768,
                      "Plan Width": 0,
                      "Actual Startup Time": 184.531,
                      "Actual Total Time": 184.531,
                      "Actual Rows": 282802,
                      "Actual Loops": 1,
                      "Index Cond": "(company_id > 95544)"
                    }
                  ]
                }
              ]
            }
          ]
        }
      ]
    },
    "Planning Time": 0.079,
    "Triggers": [],
    "Execution Time": 227.032
  }
]