{
  "Plan": {
    "Node Type": "Aggregate",
    "Strategy": "Plain",
    "Partial Mode": "Finalize",
    "Parallel Aware": false,
    "Startup Cost": 120024.74,
    "Total Cost": 120024.75,
    "Plan Rows": 1,
    "Plan Width": 8,
    "Actual Startup Time": 494.672,
    "Actual Total Time": 508.379,
    "Actual Rows": 1,
    "Actual Loops": 1,
    "Plans": [
      {
        "Node Type": "Gather",
        "Parent Relationship": "Outer",
        "Parallel Aware": false,
        "Startup Cost": 120024.63,
        "Total Cost": 120024.74,
        "Plan Rows": 1,
        "Plan Width": 8,
        "Actual Startup Time": 494.173,
        "Actual Total Time": 508.368,
        "Actual Rows": 2,
        "Actual Loops": 1,
        "Workers Planned": 1,
        "Workers Launched": 1,
        "Single Copy": false,
        "Plans": [
          {
            "Node Type": "Aggregate",
            "Strategy": "Plain",
            "Partial Mode": "Partial",
            "Parent Relationship": "Outer",
            "Parallel Aware": false,
            "Startup Cost": 119024.63,
            "Total Cost": 119024.64,
            "Plan Rows": 1,
            "Plan Width": 8,
            "Actual Startup Time": 488.528,
            "Actual Total Time": 488.533,
            "Actual Rows": 1,
            "Actual Loops": 2,
            "Plans": [
              {
                "Node Type": "Hash Join",
                "Parent Relationship": "Outer",
                "Parallel Aware": true,
                "Join Type": "Inner",
                "Startup Cost": 58913.07,
                "Total Cost": 118952.49,
                "Plan Rows": 28854,
                "Plan Width": 0,
                "Actual Startup Time": 194.019,
                "Actual Total Time": 487.578,
                "Actual Rows": 15550,
                "Actual Loops": 2,
                "Inner Unique": true,
                "Hash Cond": "(mk.movie_id = t.id)",
                "Plans": [
                  {
                    "Node Type": "Seq Scan",
                    "Parent Relationship": "Outer",
                    "Parallel Aware": true,
                    "Relation Name": "movie_keyword",
                    "Alias": "mk",
                    "Startup Cost": 0.0,
                    "Total Cost": 57718.19,
                    "Plan Rows": 884279,
                    "Plan Width": 4,
                    "Actual Startup Time": 0.03,
                    "Actual Total Time": 213.679,
                    "Actual Rows": 758790,
                    "Actual Loops": 2,
                    "Filter": "(keyword_id < 2199)",
                    "Rows Removed by Filter": 1503175
                  },
                  {
                    "Node Type": "Hash",
                    "Parent Relationship": "Inner",
                    "Parallel Aware": true,
                    "Startup Cost": 58306.47,
                    "Total Cost": 58306.47,
                    "Plan Rows": 48528,
                    "Plan Width": 4,
                    "Actual Startup Time": 191.406,
                    "Actual Total Time": 191.407,
                    "Actual Rows": 46156,
                    "Actual Loops": 2,
                    "Hash Buckets": 131072,
                    "Original Hash Buckets": 131072,
                    "Hash Batches": 1,
                    "Original Hash Batches": 1,
                    "Peak Memory Usage": 4640,
                    "Plans": [
                      {
                        "Node Type": "Seq Scan",
                        "Parent Relationship": "Outer",
                        "Parallel Aware": true,
                        "Relation Name": "title",
                        "Alias": "t",
                        "Startup Cost": 0.0,
                        "Total Cost": 58306.47,
                        "Plan Rows": 48528,
                        "Plan Width": 4,
                        "Actual Startup Time": 0.04,
                        "Actual Total Time": 172.592,
                        "Actual Rows": 46156,
                        "Actual Loops": 2,
                        "Filter": "((kind_id > 1) AND (production_year = 2006))",
                        "Rows Removed by Filter": 1218000
                      }
                    ]
                  }
                ]
              }
            ]
          }
        ]
      }
    ]
  },
  "Planning Time": 0.479,
  "Triggers": [],
  "Execution Time": 508.452
}