{
  "Plan": {
    "Node Type": "Aggregate",
    "Strategy": "Plain",
    "Partial Mode": "Finalize",
    "Parallel Aware": false,
    "Startup Cost": 154460.63,
    "Total Cost": 154460.64,
    "Plan Rows": 1,
    "Plan Width": 8,
    "Actual Startup Time": 1223.49,
    "Actual Total Time": 1239.431,
    "Actual Rows": 1,
    "Actual Loops": 1,
    "Plans": [
      {
        "Node Type": "Gather",
        "Parent Relationship": "Outer",
        "Parallel Aware": false,
        "Startup Cost": 154460.51,
        "Total Cost": 154460.62,
        "Plan Rows": 1,
        "Plan Width": 8,
        "Actual Startup Time": 1219.853,
        "Actual Total Time": 1239.422,
        "Actual Rows": 2,
        "Actual Loops": 1,
        "Workers Planned": 1,
        "Workers Launched": 1,
        "Single Copy": false,
        "Plans": [
          {
            "Node Type": "Aggregate",
            "Strategy": "Plain",
            "Partial Mode": "Partial",
            "Parent Relationship": "Outer",
            "Parallel Aware": false,
            "Startup Cost": 153460.51,
            "Total Cost": 153460.52,
            "Plan Rows": 1,
            "Plan Width": 8,
            "Actual Startup Time": 1214.512,
            "Actual Total Time": 1215.42,
            "Actual Rows": 1,
            "Actual Loops": 2,
            "Plans": [
              {
                "Node Type": "Hash Join",
                "Parent Relationship": "Outer",
                "Parallel Aware": true,
                "Join Type": "Inner",
                "Startup Cost": 86269.96,
                "Total Cost": 152631.65,
                "Plan Rows": 331544,
                "Plan Width": 0,
                "Actual Startup Time": 575.667,
                "Actual Total Time": 1110.924,
                "Actual Rows": 2562198,
                "Actual Loops": 2,
                "Inner Unique": false,
                "Hash Cond": "(mk.movie_id = t.id)",
                "Plans": [
                  {
                    "Node Type": "Seq Scan",
                    "Parent Relationship": "Outer",
                    "Parallel Aware": true,
                    "Relation Name": "movie_keyword",
                    "Alias": "mk",
                    "Startup Cost": 0.0,
                    "Total Cost": 57718.19,
                    "Plan Rows": 1784866,
                    "Plan Width": 4,
                    "Actual Startup Time": 0.021,
                    "Actual Total Time": 201.133,
                    "Actual Rows": 1511714,
                    "Actual Loops": 2,
                    "Filter": "(keyword_id < 10833)",
                    "Rows Removed by Filter": 750252
                  },
                  {
                    "Node Type": "Hash",
                    "Parent Relationship": "Inner",
                    "Parallel Aware": true,
                    "Startup Cost": 82816.73,
                    "Total Cost": 82816.73,
                    "Plan Rows": 276258,
                    "Plan Width": 8,
                    "Actual Startup Time": 569.972,
                    "Actual Total Time": 570.878,
                    "Actual Rows": 409959,
                    "Actual Loops": 2,
                    "Hash Buckets": 1048576,
                    "Original Hash Buckets": 524288,
                    "Hash Batches": 1,
                    "Original Hash Batches": 1,
                    "Peak Memory Usage": 44384,
                    "Plans": [
                      {
                        "Node Type": "Hash Join",
                        "Parent Relationship": "Outer",
                        "Parallel Aware": true,
                        "Join Type": "Inner",
                        "Startup Cost": 64632.94,
                        "Total Cost": 82816.73,
                        "Plan Rows": 276258,
                        "Plan Width": 8,
                        "Actual Startup Time": 280.336,
                        "Actual Total Time": 477.244,
                        "Actual Rows": 409959,
                        "Actual Loops": 2,
                        "Inner Unique": true,
                        "Hash Cond": "(mi_idx.movie_id = t.id)",
                        "Plans": [
                          {
                            "Node Type": "Seq Scan",
                            "Parent Relationship": "Outer",
                            "Parallel Aware": true,
                            "Relation Name": "movie_info_idx",
                            "Alias": "mi_idx",
                            "Startup Cost": 0.0,
                            "Total Cost": 16052.85,
                            "Plan Rows": 811785,
                            "Plan Width": 4,
                            "Actual Startup Time": 0.019,
                            "Actual Total Time": 51.442,
                            "Actual Rows": 690018,
                            "Actual Loops": 2
                          },
                          {
                            "Node Type": "Hash",
                            "Parent Relationship": "Inner",
                            "Parallel Aware": true,
                            "Startup Cost": 58306.47,
                            "Total Cost": 58306.47,
                            "Plan Rows": 506118,
                            "Plan Width": 4,
                            "Actual Startup Time": 273.413,
                            "Actual Total Time": 273.414,
                            "Actual Rows": 384977,
                            "Actual Loops": 2,
                            "Hash Buckets": 1048576,
                            "Original Hash Buckets": 1048576,
                            "Hash Batches": 1,
                            "Original Hash Batches": 1,
                            "Peak Memory Usage": 38336,
                            "Plans": [
                              {
                                "Node Type": "Seq Scan",
                                "Parent Relationship": "Outer",
                                "Parallel Aware": true,
                                "Relation Name": "title",
                                "Alias": "t",
                                "Startup Cost": 0.0,
                                "Total Cost": 58306.47,
                                "Plan Rows": 506118,
                                "Plan Width": 4,
                                "Actual Startup Time": 0.039,
                                "Actual Total Time": 157.206,
                                "Actual Rows": 384977,
                                "Actual Loops": 2,
                                "Filter": "((kind_id < 7) AND (production_year > 1962))",
                                "Rows Removed by Filter": 879179
                              }
                            ]
                          }
                        ]
                      }
                    ]
                  }
                ]
              }
            ]
          }
        ]
      }
    ]
  },
  "Planning Time": 1.076,
  "Triggers": [],
  "Execution Time": 1239.51
}