[
  {
    "Plan": {
      "Node Type": "Aggregate",
      "Strategy": "Plain",
      "Partial Mode": "Finalize",
      "Parallel Aware": false,
      "Startup Cost": 35925.37,
      "Total Cost": 35925.38,
      "Plan Rows": 1,
      "Plan Width": 8,
      "Actual Startup Time": 34.946,
      "Actual Total Time": 39.956,
      "Actual Rows": 1,
      "Actual Loops": 1,
      "Plans": [
        {
          "Node Type": "Gather",
          "Parent Relationship": "Outer",
          "Parallel Aware": false,
          "Startup Cost": 35925.16,
          "Total Cost": 35925.37,
          "Plan Rows": 2,
          "Plan Width": 8,
          "Actual Startup Time": 34.776,
          "Actual Total Time": 39.947,
          "Actual Rows": 3,
          "Actual Loops": 1,
          "Workers Planned": 2,
          "Workers Launched": 2,
          "Single Copy": false,
          "Plans": [
            {
              "Node Type": "Aggregate",
              "Strategy": "Plain",
              "Partial Mode": "Partial",
              "Parent Relationship": "Outer",
              "Parallel Aware": false,
              "Startup Cost": 34925.16,
              "Total Cost": 34925.17,
              "Plan Rows": 1,
              "Plan Width": 8,
              "Actual Startup Time": 27.488,
              "Actual Total Time": 27.49,
              "Actual Rows": 1,
              "Actual Loops": 3,
              "Plans": [
                {
                  "Node Type": "Nested Loop",
                  "Parent Relationship": "Outer",
                  "Parallel Aware": false,
                  "Join Type": "Inner",
                  "Startup Cost": 102.88,
                  "Total Cost": 34923.19,
                  "Plan Rows": 786,
                  "Plan Width": 0,
                  "Actual Startup Time": 1.833,
                  "Actual Total Time": 27.081,
                  "Actual Rows": 1933,
                  "Actual Loops": 3,
                  "Inner Unique": true,
                  "Plans": [
                    {
                      "Node Type": "Bitmap Heap Scan",
                      "Parent Relationship": "Outer",
                      "Parallel Aware": true,
                      "Relation Name": "movie_info",
                      "Alias": "mi",
                      "Startup Cost": 102.45,
                      "Total Cost": 18556.61,
                      "Plan Rows": 2259,
                      "Plan Width": 4,
                      "Actual Startup Time": 1.638,
                      "Actual Total Time": 5.573,
                      "Actual Rows": 2053,
                      "Actual Loops": 3,
                      "Recheck Cond": "(info_type_id = 87)",
                      "Rows Removed by Index Recheck": 0,
                      "Exact Heap Blocks": 988,
                      "Lossy Heap Blocks": 0,
                      "Plans": [
                        {
                          "Node Type": "Bitmap Index Scan",
                          "Parent Relationship": "Outer",
                          "Parallel Aware": false,
                          "Index Name": "info_type_id_movie_info",
                          "Startup Cost": 0.0,
                          "Total Cost": 101.09,
                          "Plan Rows": 5421,
                          "Plan Width": 0,
                          "Actual Startup Time": 3.984,
                          "Actual Total Time": 3.985,
                          "Actual Rows": 6160,
                          "Actual Loops": 1,
                          "Index Cond": "(info_type_id = 87)"
                        }
                      ]
                    },
                    {
                      "Node Type": "Index Scan",
                      "Parent Relationship": "Inner",
                      "Parallel Aware": false,
                      "Scan Direction": "Forward",
                      "Index Name": "title_pkey",
                      "Relation Name": "title",
                      "Alias": "t",
                      "Startup Cost": 0.43,
                      "Total Cost": 7.25,
                      "Plan Rows": 1,
                      "Plan Width": 4,
                      "Actual Startup Time": 0.01,
                      "Actual Total Time": 0.01,
                      "Actual Rows": 1,
                      "Actual Loops": 6160,
                      "Index Cond": "(id = mi.movie_id)",
                      "Rows Removed by Index Recheck": 0,
                      "Filter": "(production_year < 1997)",
                      "Rows Removed by Filter": 0
                    }
                  ]
                }
              ]
            }
          ]
        }
      ]
    },
    "Planning Time": 0.633,
    "Triggers": [],
    "Execution Time": 40.047
  }
]