[
  {
    "Plan": {
      "Node Type": "Aggregate",
      "Strategy": "Plain",
      "Partial Mode": "Finalize",
      "Parallel Aware": false,
      "Startup Cost": 46507.56,
      "Total Cost": 46507.57,
      "Plan Rows": 1,
      "Plan Width": 8,
      "Actual Startup Time": 92.41,
      "Actual Total Time": 104.763,
      "Actual Rows": 1,
      "Actual Loops": 1,
      "Plans": [
        {
          "Node Type": "Gather",
          "Parent Relationship": "Outer",
          "Parallel Aware": false,
          "Startup Cost": 46507.14,
          "Total Cost": 46507.55,
          "Plan Rows": 4,
          "Plan Width": 8,
          "Actual Startup Time": 92.277,
          "Actual Total Time": 104.754,
          "Actual Rows": 5,
          "Actual Loops": 1,
          "Workers Planned": 4,
          "Workers Launched": 4,
          "Single Copy": false,
          "Plans": [
            {
              "Node Type": "Aggregate",
              "Strategy": "Plain",
              "Partial Mode": "Partial",
              "Parent Relationship": "Outer",
              "Parallel Aware": false,
              "Startup Cost": 45507.14,
              "Total Cost": 45507.15,
              "Plan Rows": 1,
              "Plan Width": 8,
              "Actual Startup Time": 84.49,
              "Actual Total Time": 84.491,
              "Actual Rows": 1,
              "Actual Loops": 5,
              "Plans": [
                {
                  "Node Type": "Seq Scan",
                  "Parent Relationship": "Outer",
                  "Parallel Aware": true,
                  "Relation Name": "title",
                  "Alias": "t",
                  "Startup Cost": 0.0,
                  "Total Cost": 45479.1,
                  "Plan Rows": 11217,
                  "Plan Width": 0,
                  "Actual Startup Time": 19.804,
                  "Actual Total Time": 83.008,
                  "Actual Rows": 30575,
                  "Actual Loops": 5,
                  "Filter": "((kind_id < 3) AND (production_year < 1946))",
                  "Rows Removed by Filter": 475088
                }
              ]
            }
          ]
        }
      ]
    },
    "Planning Time": 0.182,
    "Triggers": [],
    "Execution Time": 104.823
  }
]