[
  {
    "Plan": {
      "Node Type": "Aggregate",
      "Strategy": "Plain",
      "Partial Mode": "Finalize",
      "Parallel Aware": false,
      "Startup Cost": 398629.71,
      "Total Cost": 398629.72,
      "Plan Rows": 1,
      "Plan Width": 8,
      "Actual Startup Time": 1269.333,
      "Actual Total Time": 1325.56,
      "Actual Rows": 1,
      "Actual Loops": 1,
      "Plans": [
        {
          "Node Type": "Gather",
          "Parent Relationship": "Outer",
          "Parallel Aware": false,
          "Startup Cost": 398629.09,
          "Total Cost": 398629.7,
          "Plan Rows": 6,
          "Plan Width": 8,
          "Actual Startup Time": 1253.827,
          "Actual Total Time": 1325.538,
          "Actual Rows": 7,
          "Actual Loops": 1,
          "Workers Planned": 6,
          "Workers Launched": 6,
          "Single Copy": false,
          "Plans": [
            {
              "Node Type": "Aggregate",
              "Strategy": "Plain",
              "Partial Mode": "Partial",
              "Parent Relationship": "Outer",
              "Parallel Aware": false,
              "Startup Cost": 397629.09,
              "Total Cost": 397629.1,
              "Plan Rows": 1,
              "Plan Width": 8,
              "Actual Startup Time": 1243.481,
              "Actual Total Time": 1243.486,
              "Actual Rows": 1,
              "Actual Loops": 7,
              "Plans": [
                {
                  "Node Type": "Hash Join",
                  "Parent Relationship": "Outer",
                  "Parallel Aware": true,
                  "Join Type": "Inner",
                  "Startup Cost": 48410.07,
                  "Total Cost": 395550.11,
                  "Plan Rows": 831591,
                  "Plan Width": 0,
                  "Actual Startup Time": 550.398,
                  "Actual Total Time": 1218.886,
                  "Actual Rows": 444689,
                  "Actual Loops": 7,
                  "Inner Unique": true,
                  "Hash Cond": "(ci.movie_id = t.id)",
                  "Plans": [
                    {
                      "Node Type": "Seq Scan",
                      "Parent Relationship": "Outer",
                      "Parallel Aware": true,
                      "Relation Name": "cast_info",
                      "Alias": "ci",
                      "Startup Cost": 0.0,
                      "Total Cost": 343316.27,
                      "Plan Rows": 1456670,
                      "Plan Width": 4,
                      "Actual Startup Time": 354.661,
                      "Actual Total Time": 678.352,
                      "Actual Rows": 912903,
                      "Actual Loops": 7,
                      "Filter": "((person_id > 2722557) AND (role_id < 10))",
                      "Rows Removed by Filter": 4264860
                    },
                    {
                      "Node Type": "Hash",
                      "Parent Relationship": "Inner",
                      "Parallel Aware": true,
                      "Startup Cost": 43899.32,
                      "Total Cost": 43899.32,
                      "Plan Rows": 360860,
                      "Plan Width": 4,
                      "Actual Startup Time": 192.405,
                      "Actual Total Time": 192.407,
                      "Actual Rows": 206185,
                      "Actual Loops": 7,
                      "Hash Buckets": 2097152,
                      "Original Hash Buckets": 2097152,
                      "Hash Batches": 1,
                      "Original Hash Batches": 1,
                      "Peak Memory Usage": 72928,
                      "Plans": [
                        {
                          "Node Type": "Seq Scan",
                          "Parent Relationship": "Outer",
                          "Parallel Aware": true,
                          "Relation Name": "title",
                          "Alias": "t",
                          "Startup Cost": 0.0,
                          "Total Cost": 43899.32,
                          "Plan Rows": 360860,
                          "Plan Width": 4,
                          "Actual Startup Time": 0.049,
                          "Actual Total Time": 88.654,
                          "Actual Rows": 206185,
                          "Actual Loops": 7,
                          "Filter": "(production_year < 2006)",
                          "Rows Removed by Filter": 155002
                        }
                      ]
                    }
                  ]
                }
              ]
            }
          ]
        }
      ]
    },
    "Planning Time": 0.443,
    "Triggers": [],
    "Execution Time": 1325.612
  }
]