[
  {
    "Plan": {
      "Node Type": "Aggregate",
      "Strategy": "Plain",
      "Partial Mode": "Finalize",
      "Parallel Aware": false,
      "Startup Cost": 89965.87,
      "Total Cost": 89965.88,
      "Plan Rows": 1,
      "Plan Width": 8,
      "Actual Startup Time": 205.419,
      "Actual Total Time": 224.648,
      "Actual Rows": 1,
      "Actual Loops": 1,
      "Plans": [
        {
          "Node Type": "Gather",
          "Parent Relationship": "Outer",
          "Parallel Aware": false,
          "Startup Cost": 89965.55,
          "Total Cost": 89965.86,
          "Plan Rows": 3,
          "Plan Width": 8,
          "Actual Startup Time": 205.205,
          "Actual Total Time": 224.64,
          "Actual Rows": 4,
          "Actual Loops": 1,
          "Workers Planned": 3,
          "Workers Launched": 3,
          "Single Copy": false,
          "Plans": [
            {
              "Node Type": "Aggregate",
              "Strategy": "Plain",
              "Partial Mode": "Partial",
              "Parent Relationship": "Outer",
              "Parallel Aware": false,
              "Startup Cost": 88965.55,
              "Total Cost": 88965.56,
              "Plan Rows": 1,
              "Plan Width": 8,
              "Actual Startup Time": 197.185,
              "Actual Total Time": 197.189,
              "Actual Rows": 1,
              "Actual Loops": 4,
              "Plans": [
                {
                  "Node Type": "Hash Join",
                  "Parent Relationship": "Outer",
                  "Parallel Aware": true,
                  "Join Type": "Inner",
                  "Startup Cost": 45597.59,
                  "Total Cost": 88956.09,
                  "Plan Rows": 3787,
                  "Plan Width": 0,
                  "Actual Startup Time": 114.922,
                  "Actual Total Time": 196.92,
                  "Actual Rows": 4912,
                  "Actual Loops": 4,
                  "Inner Unique": true,
                  "Hash Cond": "(mk.movie_id = t.id)",
                  "Plans": [
                    {
                      "Node Type": "Seq Scan",
                      "Parent Relationship": "Outer",
                      "Parallel Aware": true,
                      "Relation Name": "movie_keyword",
                      "Alias": "mk",
                      "Startup Cost": 0.0,
                      "Total Cost": 42695.65,
                      "Plan Rows": 252513,
                      "Plan Width": 4,
                      "Actual Startup Time": 1.858,
                      "Actual Total Time": 85.263,
                      "Actual Rows": 193304,
                      "Actual Loops": 4,
                      "Filter": "(keyword_id > 24369)",
                      "Rows Removed by Filter": 937678
                    },
                    {
                      "Node Type": "Hash",
                      "Parent Relationship": "Inner",
                      "Parallel Aware": true,
                      "Startup Cost": 45479.1,
                      "Total Cost": 45479.1,
                      "Plan Rows": 9479,
                      "Plan Width": 4,
                      "Actual Startup Time": 94.021,
                      "Actual Total Time": 94.021,
                      "Actual Rows": 8298,
                      "Actual Loops": 4,
                      "Hash Buckets": 65536,
                      "Original Hash Buckets": 65536,
                      "Hash Batches": 1,
                      "Original Hash Batches": 1,
                      "Peak Memory Usage": 1888,
                      "Plans": [
                        {
                          "Node Type": "Seq Scan",
                          "Parent Relationship": "Outer",
                          "Parallel Aware": true,
                          "Relation Name": "title",
                          "Alias": "t",
                          "Startup Cost": 0.0,
                          "Total Cost": 45479.1,
                          "Plan Rows": 9479,
                          "Plan Width": 4,
                          "Actual Startup Time": 59.403,
                          "Actual Total Time": 91.302,
                          "Actual Rows": 8298,
                          "Actual Loops": 4,
                          "Filter": "((kind_id = 1) AND (production_year = 2010))",
                          "Rows Removed by Filter": 623780
                        }
                      ]
                    }
                  ]
                }
              ]
            }
          ]
        }
      ]
    },
    "Planning Time": 0.614,
    "Triggers": [],
    "Execution Time": 224.714
  }
]