[
  {
    "Plan": {
      "Node Type": "Aggregate",
      "Strategy": "Plain",
      "Partial Mode": "Finalize",
      "Parallel Aware": false,
      "Startup Cost": 29245.03,
      "Total Cost": 29245.04,
      "Plan Rows": 1,
      "Plan Width": 8,
      "Actual Startup Time": 65.225,
      "Actual Total Time": 71.541,
      "Actual Rows": 1,
      "Actual Loops": 1,
      "Plans": [
        {
          "Node Type": "Gather",
          "Parent Relationship": "Outer",
          "Parallel Aware": false,
          "Startup Cost": 29244.72,
          "Total Cost": 29245.03,
          "Plan Rows": 3,
          "Plan Width": 8,
          "Actual Startup Time": 64.978,
          "Actual Total Time": 71.532,
          "Actual Rows": 4,
          "Actual Loops": 1,
          "Workers Planned": 3,
          "Workers Launched": 3,
          "Single Copy": false,
          "Plans": [
            {
              "Node Type": "Aggregate",
              "Strategy": "Plain",
              "Partial Mode": "Partial",
              "Parent Relationship": "Outer",
              "Parallel Aware": false,
              "Startup Cost": 28244.72,
              "Total Cost": 28244.73,
              "Plan Rows": 1,
              "Plan Width": 8,
              "Actual Startup Time": 61.445,
              "Actual Total Time": 61.446,
              "Actual Rows": 1,
              "Actual Loops": 4,
              "Plans": [
                {
                  "Node Type": "Bitmap Heap Scan",
                  "Parent Relationship": "Outer",
                  "Parallel Aware": true,
                  "Relation Name": "movie_keyword",
                  "Alias": "mk",
                  "Startup Cost": 3087.21,
                  "Total Cost": 28127.47,
                  "Plan Rows": 46900,
                  "Plan Width": 0,
                  "Actual Startup Time": 15.541,
                  "Actual Total Time": 58.794,
                  "Actual Rows": 36344,
                  "Actual Loops": 4,
                  "Recheck Cond": "(keyword_id > 74318)",
                  "Rows Removed by Index Recheck": 0,
                  "Exact Heap Blocks": 7550,
                  "Lossy Heap Blocks": 0,
                  "Plans": [
                    {
                      "Node Type": "Bitmap Index Scan",
                      "Parent Relationship": "Outer",
                      "Parallel Aware": false,
                      "Index Name": "keyword_id_movie_keyword",
                      "Startup Cost": 0.0,
                      "Total Cost": 3050.86,
                      "Plan Rows": 145391,
                      "Plan Width": 0,
                      "Actual Startup Time": 13.703,
                      "Actual Total Time": 13.704,
                      "Actual Rows": 145378,
                      "Actual Loops": 1,
                      "Index Cond": "(keyword_id > 74318)"
                    }
                  ]
                }
              ]
            }
          ]
        }
      ]
    },
    "Planning Time": 0.107,
    "Triggers": [],
    "Execution Time": 71.642
  }
]