[
  {
    "Plan": {
      "Node Type": "Aggregate",
      "Strategy": "Plain",
      "Partial Mode": "Finalize",
      "Parallel Aware": false,
      "Startup Cost": 33082.83,
      "Total Cost": 33082.84,
      "Plan Rows": 1,
      "Plan Width": 8,
      "Actual Startup Time": 88.305,
      "Actual Total Time": 95.946,
      "Actual Rows": 1,
      "Actual Loops": 1,
      "Plans": [
        {
          "Node Type": "Gather",
          "Parent Relationship": "Outer",
          "Parallel Aware": false,
          "Startup Cost": 33082.51,
          "Total Cost": 33082.82,
          "Plan Rows": 3,
          "Plan Width": 8,
          "Actual Startup Time": 88.197,
          "Actual Total Time": 95.94,
          "Actual Rows": 4,
          "Actual Loops": 1,
          "Workers Planned": 3,
          "Workers Launched": 3,
          "Single Copy": false,
          "Plans": [
            {
              "Node Type": "Aggregate",
              "Strategy": "Plain",
              "Partial Mode": "Partial",
              "Parent Relationship": "Outer",
              "Parallel Aware": false,
              "Startup Cost": 32082.51,
              "Total Cost": 32082.52,
              "Plan Rows": 1,
              "Plan Width": 8,
              "Actual Startup Time": 84.902,
              "Actual Total Time": 84.903,
              "Actual Rows": 1,
              "Actual Loops": 4,
              "Plans": [
                {
                  "Node Type": "Seq Scan",
                  "Parent Relationship": "Outer",
                  "Parallel Aware": true,
                  "Relation Name": "movie_companies",
                  "Alias": "mc",
                  "Startup Cost": 0.0,
                  "Total Cost": 31414.82,
                  "Plan Rows": 267076,
                  "Plan Width": 0,
                  "Actual Startup Time": 35.056,
                  "Actual Total Time": 73.063,
                  "Actual Rows": 259107,
                  "Actual Loops": 4,
                  "Filter": "((company_id > 4599) AND (company_type_id = 2))",
                  "Rows Removed by Filter": 393176
                }
              ]
            }
          ]
        }
      ]
    },
    "Planning Time": 0.241,
    "Triggers": [],
    "Execution Time": 95.979
  }
]