[
  {
    "Plan": {
      "Node Type": "Aggregate",
      "Strategy": "Plain",
      "Partial Mode": "Finalize",
      "Parallel Aware": false,
      "Startup Cost": 33076.59,
      "Total Cost": 33076.6,
      "Plan Rows": 1,
      "Plan Width": 8,
      "Actual Startup Time": 100.671,
      "Actual Total Time": 108.577,
      "Actual Rows": 1,
      "Actual Loops": 1,
      "Plans": [
        {
          "Node Type": "Gather",
          "Parent Relationship": "Outer",
          "Parallel Aware": false,
          "Startup Cost": 33076.27,
          "Total Cost": 33076.58,
          "Plan Rows": 3,
          "Plan Width": 8,
          "Actual Startup Time": 100.571,
          "Actual Total Time": 108.57,
          "Actual Rows": 4,
          "Actual Loops": 1,
          "Workers Planned": 3,
          "Workers Launched": 3,
          "Single Copy": false,
          "Plans": [
            {
              "Node Type": "Aggregate",
              "Strategy": "Plain",
              "Partial Mode": "Partial",
              "Parent Relationship": "Outer",
              "Parallel Aware": false,
              "Startup Cost": 32076.27,
              "Total Cost": 32076.28,
              "Plan Rows": 1,
              "Plan Width": 8,
              "Actual Startup Time": 93.45,
              "Actual Total Time": 93.451,
              "Actual Rows": 1,
              "Actual Loops": 4,
              "Plans": [
                {
                  "Node Type": "Seq Scan",
                  "Parent Relationship": "Outer",
                  "Parallel Aware": true,
                  "Relation Name": "movie_companies",
                  "Alias": "mc",
                  "Startup Cost": 0.0,
                  "Total Cost": 31414.82,
                  "Plan Rows": 264580,
                  "Plan Width": 0,
                  "Actual Startup Time": 49.709,
                  "Actual Total Time": 83.492,
                  "Actual Rows": 259107,
                  "Actual Loops": 4,
                  "Filter": "((company_id > 4599) AND (company_type_id = 2))",
                  "Rows Removed by Filter": 393176
                }
              ]
            }
          ]
        }
      ]
    },
    "Planning Time": 0.22,
    "Triggers": [],
    "Execution Time": 108.634
  }
]