{
  "Plan": {
    "Node Type": "Aggregate",
    "Strategy": "Plain",
    "Partial Mode": "Finalize",
    "Parallel Aware": false,
    "Startup Cost": 245511.54,
    "Total Cost": 245511.55,
    "Plan Rows": 1,
    "Plan Width": 8,
    "Actual Startup Time": 347.569,
    "Actual Total Time": 393.352,
    "Actual Rows": 1,
    "Actual Loops": 1,
    "Plans": [
      {
        "Node Type": "Gather",
        "Parent Relationship": "Outer",
        "Parallel Aware": false,
        "Startup Cost": 245511.42,
        "Total Cost": 245511.53,
        "Plan Rows": 1,
        "Plan Width": 8,
        "Actual Startup Time": 347.215,
        "Actual Total Time": 393.344,
        "Actual Rows": 2,
        "Actual Loops": 1,
        "Workers Planned": 1,
        "Workers Launched": 1,
        "Single Copy": false,
        "Plans": [
          {
            "Node Type": "Aggregate",
            "Strategy": "Plain",
            "Partial Mode": "Partial",
            "Parent Relationship": "Outer",
            "Parallel Aware": false,
            "Startup Cost": 244511.42,
            "Total Cost": 244511.43,
            "Plan Rows": 1,
            "Plan Width": 8,
            "Actual Startup Time": 340.8,
            "Actual Total Time": 340.805,
            "Actual Rows": 1,
            "Actual Loops": 2,
            "Plans": [
              {
                "Node Type": "Nested Loop",
                "Parent Relationship": "Outer",
                "Parallel Aware": false,
                "Join Type": "Inner",
                "Startup Cost": 48448.45,
                "Total Cost": 244292.59,
                "Plan Rows": 87534,
                "Plan Width": 0,
                "Actual Startup Time": 98.579,
                "Actual Total Time": 332.48,
                "Actual Rows": 167182,
                "Actual Loops": 2,
                "Inner Unique": false,
                "Join Filter": "(t.id = ci.movie_id)",
                "Rows Removed by Join Filter": 0,
                "Plans": [
                  {
                    "Node Type": "Hash Join",
                    "Parent Relationship": "Outer",
                    "Parallel Aware": true,
                    "Join Type": "Inner",
                    "Startup Cost": 48447.89,
                    "Total Cost": 214750.72,
                    "Plan Rows": 6109,
                    "Plan Width": 8,
                    "Actual Startup Time": 98.427,
                    "Actual Total Time": 136.431,
                    "Actual Rows": 8325,
                    "Actual Loops": 2,
                    "Inner Unique": true,
                    "Hash Cond": "(mi.movie_id = t.id)",
                    "Plans": [
                      {
                        "Node Type": "Bitmap Heap Scan",
                        "Parent Relationship": "Outer",
                        "Parallel Aware": true,
                        "Relation Name": "movie_info",
                        "Alias": "mi",
                        "Startup Cost": 8778.62,
                        "Total Cost": 174333.47,
                        "Plan Rows": 284948,
                        "Plan Width": 4,
                        "Actual Startup Time": 24.552,
                        "Actual Total Time": 48.471,
                        "Actual Rows": 243277,
                        "Actual Loops": 2,
                        "Recheck Cond": "(info_type_id = 5)",
                        "Rows Removed by Index Recheck": 0,
                        "Exact Heap Blocks": 3917,
                        "Lossy Heap Blocks": 0,
                        "Plans": [
                          {
                            "Node Type": "Bitmap Index Scan",
                            "Parent Relationship": "Outer",
                            "Parallel Aware": false,
                            "Index Name": "info_type_id_movie_info",
                            "Startup Cost": 0.0,
                            "Total Cost": 8657.52,
                            "Plan Rows": 484411,
                            "Plan Width": 0,
                            "Actual Startup Time": 23.778,
                            "Actual Total Time": 23.779,
                            "Actual Rows": 486554,
                            "Actual Loops": 1,
                            "Index Cond": "(info_type_id = 5)"
                          }
                        ]
                      },
                      {
                        "Node Type": "Hash",
                        "Parent Relationship": "Inner",
                        "Parallel Aware": true,
                        "Startup Cost": 39270.73,
                        "Total Cost": 39270.73,
                        "Plan Rows": 31883,
                        "Plan Width": 4,
                        "Actual Startup Time": 60.685,
                        "Actual Total Time": 60.686,
                        "Actual Rows": 17302,
                        "Actual Loops": 2,
                        "Hash Buckets": 65536,
                        "Original Hash Buckets": 65536,
                        "Hash Batches": 1,
                        "Original Hash Batches": 1,
                        "Peak Memory Usage": 1920,
                        "Plans": [
                          {
                            "Node Type": "Bitmap Heap Scan",
                            "Parent Relationship": "Outer",
                            "Parallel Aware": true,
                            "Relation Name": "title",
                            "Alias": "t",
                            "Startup Cost": 2194.49,
                            "Total Cost": 39270.73,
                            "Plan Rows": 31883,
                            "Plan Width": 4,
                            "Actual Startup Time": 18.706,
                            "Actual Total Time": 56.143,
                            "Actual Rows": 17302,
                            "Actual Loops": 2,
                            "Recheck Cond": "(kind_id = 4)",
                            "Rows Removed by Index Recheck": 0,
                            "Filter": "(production_year < 2002)",
                            "Rows Removed by Filter": 41814,
                            "Exact Heap Blocks": 10813,
                            "Lossy Heap Blocks": 0,
                            "Plans": [
                              {
                                "Node Type": "Bitmap Index Scan",
                                "Parent Relationship": "Outer",
                                "Parallel Aware": false,
                                "Index Name": "kind_id_title",
                                "Startup Cost": 0.0,
                                "Total Cost": 2180.94,
                                "Plan Rows": 122201,
                                "Plan Width": 0,
                                "Actual Startup Time": 18.946,
                                "Actual Total Time": 18.947,
                                "Actual Rows": 118234,
                                "Actual Loops": 1,
                                "Index Cond": "(kind_id = 4)"
                              }
                            ]
                          }
                        ]
                      }
                    ]
                  },
                  {
                    "Node Type": "Index Only Scan",
                    "Parent Relationship": "Inner",
                    "Parallel Aware": false,
                    "Scan Direction": "Forward",
                    "Index Name": "movie_id_cast_info",
                    "Relation Name": "cast_info",
                    "Alias": "ci",
                    "Startup Cost": 0.56,
                    "Total Cost": 4.37,
                    "Plan Rows": 37,
                    "Plan Width": 4,
                    "Actual Startup Time": 0.005,
                    "Actual Total Time": 0.021,
                    "Actual Rows": 20,
                    "Actual Loops": 16650,
                    "Index Cond": "(movie_id = mi.movie_id)",
                    "Rows Removed by Index Recheck": 0,
                    "Heap Fetches": 334363
                  }
                ]
              }
            ]
          }
        ]
      }
    ]
  },
  "Planning Time": 1.07,
  "Triggers": [],
  "Execution Time": 393.486
}