[
  {
    "Plan": {
      "Node Type": "Aggregate",
      "Strategy": "Plain",
      "Partial Mode": "Finalize",
      "Parallel Aware": false,
      "Startup Cost": 92895.5,
      "Total Cost": 92895.51,
      "Plan Rows": 1,
      "Plan Width": 8,
      "Actual Startup Time": 310.426,
      "Actual Total Time": 327.619,
      "Actual Rows": 1,
      "Actual Loops": 1,
      "Plans": [
        {
          "Node Type": "Gather",
          "Parent Relationship": "Outer",
          "Parallel Aware": false,
          "Startup Cost": 92895.18,
          "Total Cost": 92895.49,
          "Plan Rows": 3,
          "Plan Width": 8,
          "Actual Startup Time": 308.672,
          "Actual Total Time": 327.611,
          "Actual Rows": 4,
          "Actual Loops": 1,
          "Workers Planned": 3,
          "Workers Launched": 3,
          "Single Copy": false,
          "Plans": [
            {
              "Node Type": "Aggregate",
              "Strategy": "Plain",
              "Partial Mode": "Partial",
              "Parent Relationship": "Outer",
              "Parallel Aware": false,
              "Startup Cost": 91895.18,
              "Total Cost": 91895.19,
              "Plan Rows": 1,
              "Plan Width": 8,
              "Actual Startup Time": 304.08,
              "Actual Total Time": 304.084,
              "Actual Rows": 1,
              "Actual Loops": 4,
              "Plans": [
                {
                  "Node Type": "Hash Join",
                  "Parent Relationship": "Outer",
                  "Parallel Aware": true,
                  "Join Type": "Inner",
                  "Startup Cost": 47172.1,
                  "Total Cost": 91551.65,
                  "Plan Rows": 137410,
                  "Plan Width": 0,
                  "Actual Startup Time": 161.547,
                  "Actual Total Time": 295.158,
                  "Actual Rows": 222186,
                  "Actual Loops": 4,
                  "Inner Unique": true,
                  "Hash Cond": "(mk.movie_id = t.id)",
                  "Plans": [
                    {
                      "Node Type": "Seq Scan",
                      "Parent Relationship": "Outer",
                      "Parallel Aware": true,
                      "Relation Name": "movie_keyword",
                      "Alias": "mk",
                      "Startup Cost": 0.0,
                      "Total Cost": 42695.65,
                      "Plan Rows": 641486,
                      "Plan Width": 4,
                      "Actual Startup Time": 0.028,
                      "Actual Total Time": 96.489,
                      "Actual Rows": 498817,
                      "Actual Loops": 4,
                      "Filter": "(keyword_id < 3525)",
                      "Rows Removed by Filter": 632165
                    },
                    {
                      "Node Type": "Hash",
                      "Parent Relationship": "Inner",
                      "Parallel Aware": true,
                      "Startup Cost": 45479.59,
                      "Total Cost": 45479.59,
                      "Plan Rows": 135401,
                      "Plan Width": 4,
                      "Actual Startup Time": 130.005,
                      "Actual Total Time": 130.006,
                      "Actual Rows": 105166,
                      "Actual Loops": 4,
                      "Hash Buckets": 1048576,
                      "Original Hash Buckets": 1048576,
                      "Hash Batches": 1,
                      "Original Hash Batches": 1,
                      "Peak Memory Usage": 24704,
                      "Plans": [
                        {
                          "Node Type": "Seq Scan",
                          "Parent Relationship": "Outer",
                          "Parallel Aware": true,
                          "Relation Name": "title",
                          "Alias": "t",
                          "Startup Cost": 0.0,
                          "Total Cost": 45479.59,
                          "Plan Rows": 135401,
                          "Plan Width": 4,
                          "Actual Startup Time": 38.416,
                          "Actual Total Time": 91.782,
                          "Actual Rows": 105166,
                          "Actual Loops": 4,
                          "Filter": "((production_year > 1971) AND (kind_id = 1))",
                          "Rows Removed by Filter": 526912
                        }
                      ]
                    }
                  ]
                }
              ]
            }
          ]
        }
      ]
    },
    "Planning Time": 0.253,
    "Triggers": [],
    "Execution Time": 327.652
  }
]