{
  "Plan": {
    "Node Type": "Aggregate",
    "Strategy": "Plain",
    "Partial Mode": "Finalize",
    "Parallel Aware": false,
    "Startup Cost": 359008.6,
    "Total Cost": 359008.61,
    "Plan Rows": 1,
    "Plan Width": 8,
    "Actual Startup Time": 2152.444,
    "Actual Total Time": 2191.709,
    "Actual Rows": 1,
    "Actual Loops": 1,
    "Plans": [
      {
        "Node Type": "Gather",
        "Parent Relationship": "Outer",
        "Parallel Aware": false,
        "Startup Cost": 359008.49,
        "Total Cost": 359008.6,
        "Plan Rows": 1,
        "Plan Width": 8,
        "Actual Startup Time": 2151.579,
        "Actual Total Time": 2191.702,
        "Actual Rows": 2,
        "Actual Loops": 1,
        "Workers Planned": 1,
        "Workers Launched": 1,
        "Single Copy": false,
        "Plans": [
          {
            "Node Type": "Aggregate",
            "Strategy": "Plain",
            "Partial Mode": "Partial",
            "Parent Relationship": "Outer",
            "Parallel Aware": false,
            "Startup Cost": 358008.49,
            "Total Cost": 358008.5,
            "Plan Rows": 1,
            "Plan Width": 8,
            "Actual Startup Time": 2146.966,
            "Actual Total Time": 2146.97,
            "Actual Rows": 1,
            "Actual Loops": 2,
            "Plans": [
              {
                "Node Type": "Hash Join",
                "Parent Relationship": "Outer",
                "Parallel Aware": true,
                "Join Type": "Inner",
                "Startup Cost": 61823.03,
                "Total Cost": 354117.55,
                "Plan Rows": 1556378,
                "Plan Width": 0,
                "Actual Startup Time": 238.317,
                "Actual Total Time": 2125.555,
                "Actual Rows": 501845,
                "Actual Loops": 2,
                "Inner Unique": true,
                "Hash Cond": "(mi.movie_id = t.id)",
                "Plans": [
                  {
                    "Node Type": "Seq Scan",
                    "Parent Relationship": "Outer",
                    "Parallel Aware": true,
                    "Relation Name": "movie_info",
                    "Alias": "mi",
                    "Startup Cost": 0.0,
                    "Total Cost": 270696.42,
                    "Plan Rows": 8227834,
                    "Plan Width": 4,
                    "Actual Startup Time": 0.013,
                    "Actual Total Time": 810.254,
                    "Actual Rows": 7016790,
                    "Actual Loops": 2,
                    "Filter": "(info_type_id > 1)",
                    "Rows Removed by Filter": 401070
                  },
                  {
                    "Node Type": "Hash",
                    "Parent Relationship": "Inner",
                    "Parallel Aware": true,
                    "Startup Cost": 58306.47,
                    "Total Cost": 58306.47,
                    "Plan Rows": 281325,
                    "Plan Width": 4,
                    "Actual Startup Time": 230.964,
                    "Actual Total Time": 230.965,
                    "Actual Rows": 259164,
                    "Actual Loops": 2,
                    "Hash Buckets": 524288,
                    "Original Hash Buckets": 524288,
                    "Hash Batches": 1,
                    "Original Hash Batches": 1,
                    "Peak Memory Usage": 24384,
                    "Plans": [
                      {
                        "Node Type": "Seq Scan",
                        "Parent Relationship": "Outer",
                        "Parallel Aware": true,
                        "Relation Name": "title",
                        "Alias": "t",
                        "Startup Cost": 0.0,
                        "Total Cost": 58306.47,
                        "Plan Rows": 281325,
                        "Plan Width": 4,
                        "Actual Startup Time": 0.033,
                        "Actual Total Time": 155.452,
                        "Actual Rows": 259164,
                        "Actual Loops": 2,
                        "Filter": "((production_year > 2007) AND (kind_id = 7))",
                        "Rows Removed by Filter": 1004992
                      }
                    ]
                  }
                ]
              }
            ]
          }
        ]
      }
    ]
  },
  "Planning Time": 0.607,
  "Triggers": [],
  "Execution Time": 2191.774
}