[
  {
    "Plan": {
      "Node Type": "Aggregate",
      "Strategy": "Plain",
      "Partial Mode": "Finalize",
      "Parallel Aware": false,
      "Startup Cost": 44530.97,
      "Total Cost": 44530.98,
      "Plan Rows": 1,
      "Plan Width": 8,
      "Actual Startup Time": 138.869,
      "Actual Total Time": 148.744,
      "Actual Rows": 1,
      "Actual Loops": 1,
      "Plans": [
        {
          "Node Type": "Gather",
          "Parent Relationship": "Outer",
          "Parallel Aware": false,
          "Startup Cost": 44530.66,
          "Total Cost": 44530.97,
          "Plan Rows": 3,
          "Plan Width": 8,
          "Actual Startup Time": 138.707,
          "Actual Total Time": 148.735,
          "Actual Rows": 4,
          "Actual Loops": 1,
          "Workers Planned": 3,
          "Workers Launched": 3,
          "Single Copy": false,
          "Plans": [
            {
              "Node Type": "Aggregate",
              "Strategy": "Plain",
              "Partial Mode": "Partial",
              "Parent Relationship": "Outer",
              "Parallel Aware": false,
              "Startup Cost": 43530.66,
              "Total Cost": 43530.67,
              "Plan Rows": 1,
              "Plan Width": 8,
              "Actual Startup Time": 132.622,
              "Actual Total Time": 132.624,
              "Actual Rows": 1,
              "Actual Loops": 4,
              "Plans": [
                {
                  "Node Type": "Seq Scan",
                  "Parent Relationship": "Outer",
                  "Parallel Aware": true,
                  "Relation Name": "movie_keyword",
                  "Alias": "mk",
                  "Startup Cost": 0.0,
                  "Total Cost": 42695.65,
                  "Plan Rows": 334001,
                  "Plan Width": 0,
                  "Actual Startup Time": 3.595,
                  "Actual Total Time": 117.715,
                  "Actual Rows": 257440,
                  "Actual Loops": 4,
                  "Filter": "(keyword_id > 17243)",
                  "Rows Removed by Filter": 873543
                }
              ]
            }
          ]
        }
      ]
    },
    "Planning Time": 0.183,
    "Triggers": [],
    "Execution Time": 148.798
  }
]