{
  "Plan": {
    "Node Type": "Aggregate",
    "Strategy": "Plain",
    "Partial Mode": "Finalize",
    "Parallel Aware": false,
    "Startup Cost": 98259.86,
    "Total Cost": 98259.87,
    "Plan Rows": 1,
    "Plan Width": 8,
    "Actual Startup Time": 540.021,
    "Actual Total Time": 553.381,
    "Actual Rows": 1,
    "Actual Loops": 1,
    "Plans": [
      {
        "Node Type": "Gather",
        "Parent Relationship": "Outer",
        "Parallel Aware": false,
        "Startup Cost": 98259.75,
        "Total Cost": 98259.86,
        "Plan Rows": 1,
        "Plan Width": 8,
        "Actual Startup Time": 538.936,
        "Actual Total Time": 553.373,
        "Actual Rows": 2,
        "Actual Loops": 1,
        "Workers Planned": 1,
        "Workers Launched": 1,
        "Single Copy": false,
        "Plans": [
          {
            "Node Type": "Aggregate",
            "Strategy": "Plain",
            "Partial Mode": "Partial",
            "Parent Relationship": "Outer",
            "Parallel Aware": false,
            "Startup Cost": 97259.75,
            "Total Cost": 97259.76,
            "Plan Rows": 1,
            "Plan Width": 8,
            "Actual Startup Time": 532.521,
            "Actual Total Time": 532.525,
            "Actual Rows": 1,
            "Actual Loops": 2,
            "Plans": [
              {
                "Node Type": "Hash Join",
                "Parent Relationship": "Outer",
                "Parallel Aware": true,
                "Join Type": "Inner",
                "Startup Cost": 35874.02,
                "Total Cost": 96895.82,
                "Plan Rows": 145571,
                "Plan Width": 0,
                "Actual Startup Time": 164.247,
                "Actual Total Time": 524.755,
                "Actual Rows": 182541,
                "Actual Loops": 2,
                "Inner Unique": false,
                "Hash Cond": "(t.id = mc.movie_id)",
                "Plans": [
                  {
                    "Node Type": "Seq Scan",
                    "Parent Relationship": "Outer",
                    "Parallel Aware": true,
                    "Relation Name": "title",
                    "Alias": "t",
                    "Startup Cost": 0.0,
                    "Total Cost": 50870.31,
                    "Plan Rows": 1487231,
                    "Plan Width": 4,
                    "Actual Startup Time": 0.011,
                    "Actual Total Time": 121.43,
                    "Actual Rows": 1264156,
                    "Actual Loops": 2
                  },
                  {
                    "Node Type": "Hash",
                    "Parent Relationship": "Inner",
                    "Parallel Aware": true,
                    "Startup Cost": 34054.38,
                    "Total Cost": 34054.38,
                    "Plan Rows": 145571,
                    "Plan Width": 4,
                    "Actual Startup Time": 160.703,
                    "Actual Total Time": 160.704,
                    "Actual Rows": 182541,
                    "Actual Loops": 2,
                    "Hash Buckets": 524288,
                    "Original Hash Buckets": 262144,
                    "Hash Batches": 1,
                    "Original Hash Batches": 1,
                    "Peak Memory Usage": 20448,
                    "Plans": [
                      {
                        "Node Type": "Bitmap Heap Scan",
                        "Parent Relationship": "Outer",
                        "Parallel Aware": true,
                        "Relation Name": "movie_companies",
                        "Alias": "mc",
                        "Startup Cost": 10828.66,
                        "Total Cost": 34054.38,
                        "Plan Rows": 145571,
                        "Plan Width": 4,
                        "Actual Startup Time": 37.474,
                        "Actual Total Time": 108.539,
                        "Actual Rows": 182541,
                        "Actual Loops": 2,
                        "Recheck Cond": "(company_id < 452)",
                        "Rows Removed by Index Recheck": 0,
                        "Filter": "(company_type_id < 2)",
                        "Rows Removed by Filter": 68175,
                        "Exact Heap Blocks": 11717,
                        "Lossy Heap Blocks": 0,
                        "Plans": [
                          {
                            "Node Type": "Bitmap Index Scan",
                            "Parent Relationship": "Outer",
                            "Parallel Aware": false,
                            "Index Name": "company_id_movie_companies",
                            "Startup Cost": 0.0,
                            "Total Cost": 10766.79,
                            "Plan Rows": 502715,
                            "Plan Width": 0,
                            "Actual Startup Time": 36.555,
                            "Actual Total Time": 36.555,
                            "Actual Rows": 501432,
                            "Actual Loops": 1,
                            "Index Cond": "(company_id < 452)"
                          }
                        ]
                      }
                    ]
                  }
                ]
              }
            ]
          }
        ]
      }
    ]
  },
  "Planning Time": 0.75,
  "Triggers": [],
  "Execution Time": 553.475
}