[
    {
        "Bao": {
            "Bao prediction": "NaN",
            "Bao recommended hint": "(no hint)"
        }
    },
    {
        "Plan": {
            "Node Type": "Aggregate",
            "Strategy": "Plain",
            "Partial Mode": "Simple",
            "Parallel Aware": false,
            "Startup Cost": 39320.58,
            "Total Cost": 39320.59,
            "Plan Rows": 1,
            "Plan Width": 8,
            "Actual Startup Time": 48.595,
            "Actual Total Time": 48.596,
            "Actual Rows": 1,
            "Actual Loops": 1,
            "Output": [
                "count(*)"
            ],
            "Plans": [
                {
                    "Node Type": "Bitmap Heap Scan",
                    "Parent Relationship": "Outer",
                    "Parallel Aware": false,
                    "Relation Name": "title",
                    "Schema": "public",
                    "Alias": "t",
                    "Startup Cost": 1801.33,
                    "Total Cost": 39311.27,
                    "Plan Rows": 3723,
                    "Plan Width": 0,
                    "Actual Startup Time": 15.618,
                    "Actual Total Time": 48.323,
                    "Actual Rows": 3892,
                    "Actual Loops": 1,
                    "Recheck Cond": "(t.kind_id = 3)",
                    "Rows Removed by Index Recheck": 0,
                    "Filter": "(t.production_year = 2005)",
                    "Rows Removed by Filter": 96645,
                    "Exact Heap Blocks": 12707,
                    "Lossy Heap Blocks": 0,
                    "Plans": [
                        {
                            "Node Type": "Bitmap Index Scan",
                            "Parent Relationship": "Outer",
                            "Parallel Aware": false,
                            "Index Name": "kind_id_title",
                            "Startup Cost": 0.0,
                            "Total Cost": 1800.4,
                            "Plan Rows": 100796,
                            "Plan Width": 0,
                            "Actual Startup Time": 11.902,
                            "Actual Total Time": 11.902,
                            "Actual Rows": 100537,
                            "Actual Loops": 1,
                            "Index Cond": "(t.kind_id = 3)"
                        }
                    ]
                }
            ]
        },
        "Planning Time": 181.58,
        "Triggers": [],
        "Execution Time": 48.668
    }
]