[
  {
    "Plan": {
      "Node Type": "Aggregate",
      "Strategy": "Plain",
      "Partial Mode": "Finalize",
      "Parallel Aware": false,
      "Startup Cost": 46779.41,
      "Total Cost": 46779.42,
      "Plan Rows": 1,
      "Plan Width": 8,
      "Actual Startup Time": 162.804,
      "Actual Total Time": 171.895,
      "Actual Rows": 1,
      "Actual Loops": 1,
      "Plans": [
        {
          "Node Type": "Gather",
          "Parent Relationship": "Outer",
          "Parallel Aware": false,
          "Startup Cost": 46779.09,
          "Total Cost": 46779.4,
          "Plan Rows": 3,
          "Plan Width": 8,
          "Actual Startup Time": 162.63,
          "Actual Total Time": 171.884,
          "Actual Rows": 4,
          "Actual Loops": 1,
          "Workers Planned": 3,
          "Workers Launched": 3,
          "Single Copy": false,
          "Plans": [
            {
              "Node Type": "Aggregate",
              "Strategy": "Plain",
              "Partial Mode": "Partial",
              "Parent Relationship": "Outer",
              "Parallel Aware": false,
              "Startup Cost": 45779.09,
              "Total Cost": 45779.1,
              "Plan Rows": 1,
              "Plan Width": 8,
              "Actual Startup Time": 157.65,
              "Actual Total Time": 157.651,
              "Actual Rows": 1,
              "Actual Loops": 4,
              "Plans": [
                {
                  "Node Type": "Seq Scan",
                  "Parent Relationship": "Outer",
                  "Parallel Aware": true,
                  "Relation Name": "movie_keyword",
                  "Alias": "mk",
                  "Startup Cost": 0.0,
                  "Total Cost": 42695.65,
                  "Plan Rows": 1233376,
                  "Plan Width": 0,
                  "Actual Startup Time": 0.059,
                  "Actual Total Time": 115.997,
                  "Actual Rows": 955033,
                  "Actual Loops": 4,
                  "Filter": "(keyword_id > 585)",
                  "Rows Removed by Filter": 175950
                }
              ]
            }
          ]
        }
      ]
    },
    "Planning Time": 0.113,
    "Triggers": [],
    "Execution Time": 171.954
  }
]