{
  "Plan": {
    "Node Type": "Aggregate",
    "Strategy": "Plain",
    "Partial Mode": "Finalize",
    "Parallel Aware": false,
    "Startup Cost": 325233.0,
    "Total Cost": 325233.01,
    "Plan Rows": 1,
    "Plan Width": 8,
    "Actual Startup Time": 1820.0,
    "Actual Total Time": 1851.231,
    "Actual Rows": 1,
    "Actual Loops": 1,
    "Plans": [
      {
        "Node Type": "Gather",
        "Parent Relationship": "Outer",
        "Parallel Aware": false,
        "Startup Cost": 325232.89,
        "Total Cost": 325233.0,
        "Plan Rows": 1,
        "Plan Width": 8,
        "Actual Startup Time": 1811.579,
        "Actual Total Time": 1851.222,
        "Actual Rows": 2,
        "Actual Loops": 1,
        "Workers Planned": 1,
        "Workers Launched": 1,
        "Single Copy": false,
        "Plans": [
          {
            "Node Type": "Aggregate",
            "Strategy": "Plain",
            "Partial Mode": "Partial",
            "Parent Relationship": "Outer",
            "Parallel Aware": false,
            "Startup Cost": 324232.89,
            "Total Cost": 324232.9,
            "Plan Rows": 1,
            "Plan Width": 8,
            "Actual Startup Time": 1804.272,
            "Actual Total Time": 1804.568,
            "Actual Rows": 1,
            "Actual Loops": 2,
            "Plans": [
              {
                "Node Type": "Hash Join",
                "Parent Relationship": "Outer",
                "Parallel Aware": true,
                "Join Type": "Inner",
                "Startup Cost": 277685.65,
                "Total Cost": 322843.95,
                "Plan Rows": 555576,
                "Plan Width": 0,
                "Actual Startup Time": 1196.964,
                "Actual Total Time": 1710.869,
                "Actual Rows": 1982752,
                "Actual Loops": 2,
                "Inner Unique": false,
                "Hash Cond": "(mc.movie_id = t.id)",
                "Plans": [
                  {
                    "Node Type": "Seq Scan",
                    "Parent Relationship": "Outer",
                    "Parallel Aware": true,
                    "Relation Name": "movie_companies",
                    "Alias": "mc",
                    "Startup Cost": 0.0,
                    "Total Cost": 37974.77,
                    "Plan Rows": 1044114,
                    "Plan Width": 4,
                    "Actual Startup Time": 0.033,
                    "Actual Total Time": 145.809,
                    "Actual Rows": 880953,
                    "Actual Loops": 2,
                    "Filter": "(company_id < 25530)",
                    "Rows Removed by Filter": 423612
                  },
                  {
                    "Node Type": "Hash",
                    "Parent Relationship": "Inner",
                    "Parallel Aware": true,
                    "Startup Cost": 267793.64,
                    "Total Cost": 267793.64,
                    "Plan Rows": 791361,
                    "Plan Width": 8,
                    "Actual Startup Time": 1182.873,
                    "Actual Total Time": 1183.167,
                    "Actual Rows": 700951,
                    "Actual Loops": 2,
                    "Hash Buckets": 2097152,
                    "Original Hash Buckets": 2097152,
                    "Hash Batches": 1,
                    "Original Hash Batches": 1,
                    "Peak Memory Usage": 71232,
                    "Plans": [
                      {
                        "Node Type": "Hash Join",
                        "Parent Relationship": "Outer",
                        "Parallel Aware": true,
                        "Join Type": "Inner",
                        "Startup Cost": 93831.31,
                        "Total Cost": 267793.64,
                        "Plan Rows": 791361,
                        "Plan Width": 8,
                        "Actual Startup Time": 696.39,
                        "Actual Total Time": 1004.272,
                        "Actual Rows": 700951,
                        "Actual Loops": 2,
                        "Inner Unique": true,
                        "Hash Cond": "(mi.movie_id = t.id)",
                        "Plans": [
                          {
                            "Node Type": "Bitmap Heap Scan",
                            "Parent Relationship": "Outer",
                            "Parallel Aware": true,
                            "Relation Name": "movie_info",
                            "Alias": "mi",
                            "Startup Cost": 24370.61,
                            "Total Cost": 196255.62,
                            "Plan Rows": 791361,
                            "Plan Width": 4,
                            "Actual Startup Time": 67.234,
                            "Actual Total Time": 153.142,
                            "Actual Rows": 700951,
                            "Actual Loops": 2,
                            "Recheck Cond": "(info_type_id = 7)",
                            "Rows Removed by Index Recheck": 0,
                            "Exact Heap Blocks": 6157,
                            "Lossy Heap Blocks": 0,
                            "Plans": [
                              {
                                "Node Type": "Bitmap Index Scan",
                                "Parent Relationship": "Outer",
                                "Parallel Aware": false,
                                "Index Name": "info_type_id_movie_info",
                                "Startup Cost": 0.0,
                                "Total Cost": 24034.28,
                                "Plan Rows": 1345313,
                                "Plan Width": 0,
                                "Actual Startup Time": 65.692,
                                "Actual Total Time": 65.693,
                                "Actual Rows": 1401902,
                                "Actual Loops": 1,
                                "Index Cond": "(info_type_id = 7)"
                              }
                            ]
                          },
                          {
                            "Node Type": "Hash",
                            "Parent Relationship": "Inner",
                            "Parallel Aware": true,
                            "Startup Cost": 50870.31,
                            "Total Cost": 50870.31,
                            "Plan Rows": 1487231,
                            "Plan Width": 4,
                            "Actual Startup Time": 616.43,
                            "Actual Total Time": 616.431,
                            "Actual Rows": 1264156,
                            "Actual Loops": 2,
                            "Hash Buckets": 4194304,
                            "Original Hash Buckets": 4194304,
                            "Hash Batches": 1,
                            "Original Hash Batches": 1,
                            "Peak Memory Usage": 131712,
                            "Plans": [
                              {
                                "Node Type": "Seq Scan",
                                "Parent Relationship": "Outer",
                                "Parallel Aware": true,
                                "Relation Name": "title",
                                "Alias": "t",
                                "Startup Cost": 0.0,
                                "Total Cost": 50870.31,
                                "Plan Rows": 1487231,
                                "Plan Width": 4,
                                "Actual Startup Time": 0.048,
                                "Actual Total Time": 180.682,
                                "Actual Rows": 1264156,
                                "Actual Loops": 2
                              }
                            ]
                          }
                        ]
                      }
                    ]
                  }
                ]
              }
            ]
          }
        ]
      }
    ]
  },
  "Planning Time": 0.736,
  "Triggers": [],
  "Execution Time": 1851.34
}