[
    {
        "Bao": {
            "Bao prediction": 663.547,
            "Bao recommended hint": "(no hint)"
        }
    },
    {
        "Plan": {
            "Node Type": "Aggregate",
            "Strategy": "Plain",
            "Partial Mode": "Finalize",
            "Parallel Aware": false,
            "Startup Cost": 37584.13,
            "Total Cost": 37584.14,
            "Plan Rows": 1,
            "Plan Width": 8,
            "Actual Startup Time": 133.717,
            "Actual Total Time": 141.148,
            "Actual Rows": 1,
            "Actual Loops": 1,
            "Output": [
                "count(*)"
            ],
            "Plans": [
                {
                    "Node Type": "Gather",
                    "Parent Relationship": "Outer",
                    "Parallel Aware": false,
                    "Startup Cost": 37583.81,
                    "Total Cost": 37584.12,
                    "Plan Rows": 3,
                    "Plan Width": 8,
                    "Actual Startup Time": 133.433,
                    "Actual Total Time": 141.141,
                    "Actual Rows": 4,
                    "Actual Loops": 1,
                    "Output": [
                        "(PARTIAL count(*))"
                    ],
                    "Workers Planned": 3,
                    "Workers Launched": 3,
                    "Single Copy": false,
                    "Plans": [
                        {
                            "Node Type": "Aggregate",
                            "Strategy": "Plain",
                            "Partial Mode": "Partial",
                            "Parent Relationship": "Outer",
                            "Parallel Aware": false,
                            "Startup Cost": 36583.81,
                            "Total Cost": 36583.82,
                            "Plan Rows": 1,
                            "Plan Width": 8,
                            "Actual Startup Time": 125.021,
                            "Actual Total Time": 125.023,
                            "Actual Rows": 1,
                            "Actual Loops": 4,
                            "Output": [
                                "PARTIAL count(*)"
                            ],
                            "Workers": [
                                {
                                    "Worker Number": 0,
                                    "Actual Startup Time": 122.212,
                                    "Actual Total Time": 122.214,
                                    "Actual Rows": 1,
                                    "Actual Loops": 1
                                },
                                {
                                    "Worker Number": 1,
                                    "Actual Startup Time": 122.21,
                                    "Actual Total Time": 122.212,
                                    "Actual Rows": 1,
                                    "Actual Loops": 1
                                },
                                {
                                    "Worker Number": 2,
                                    "Actual Startup Time": 122.796,
                                    "Actual Total Time": 122.798,
                                    "Actual Rows": 1,
                                    "Actual Loops": 1
                                }
                            ],
                            "Plans": [
                                {
                                    "Node Type": "Bitmap Heap Scan",
                                    "Parent Relationship": "Outer",
                                    "Parallel Aware": true,
                                    "Relation Name": "movie_keyword",
                                    "Schema": "public",
                                    "Alias": "mk",
                                    "Startup Cost": 9876.88,
                                    "Total Cost": 36208.32,
                                    "Plan Rows": 150195,
                                    "Plan Width": 0,
                                    "Actual Startup Time": 45.478,
                                    "Actual Total Time": 117.606,
                                    "Actual Rows": 114296,
                                    "Actual Loops": 4,
                                    "Recheck Cond": "(mk.keyword_id > 38802)",
                                    "Rows Removed by Index Recheck": 0,
                                    "Exact Heap Blocks": 11553,
                                    "Lossy Heap Blocks": 0,
                                    "Workers": [
                                        {
                                            "Worker Number": 0,
                                            "Actual Startup Time": 42.943,
                                            "Actual Total Time": 115.278,
                                            "Actual Rows": 77388,
                                            "Actual Loops": 1
                                        },
                                        {
                                            "Worker Number": 1,
                                            "Actual Startup Time": 42.68,
                                            "Actual Total Time": 115.241,
                                            "Actual Rows": 78942,
                                            "Actual Loops": 1
                                        },
                                        {
                                            "Worker Number": 2,
                                            "Actual Startup Time": 43.286,
                                            "Actual Total Time": 116.379,
                                            "Actual Rows": 71235,
                                            "Actual Loops": 1
                                        }
                                    ],
                                    "Plans": [
                                        {
                                            "Node Type": "Bitmap Index Scan",
                                            "Parent Relationship": "Outer",
                                            "Parallel Aware": false,
                                            "Index Name": "keyword_id_movie_keyword",
                                            "Startup Cost": 0.0,
                                            "Total Cost": 9760.48,
                                            "Plan Rows": 465606,
                                            "Plan Width": 0,
                                            "Actual Startup Time": 49.705,
                                            "Actual Total Time": 49.706,
                                            "Actual Rows": 457184,
                                            "Actual Loops": 1,
                                            "Index Cond": "(mk.keyword_id > 38802)"
                                        }
                                    ]
                                }
                            ]
                        }
                    ]
                }
            ]
        },
        "Planning Time": 635.334,
        "Triggers": [],
        "Execution Time": 141.299
    }
]