{
  "Plan": {
    "Node Type": "Aggregate",
    "Strategy": "Plain",
    "Partial Mode": "Finalize",
    "Parallel Aware": false,
    "Startup Cost": 347624.03,
    "Total Cost": 347624.04,
    "Plan Rows": 1,
    "Plan Width": 8,
    "Actual Startup Time": 755.529,
    "Actual Total Time": 773.298,
    "Actual Rows": 1,
    "Actual Loops": 1,
    "Plans": [
      {
        "Node Type": "Gather",
        "Parent Relationship": "Outer",
        "Parallel Aware": false,
        "Startup Cost": 347623.92,
        "Total Cost": 347624.03,
        "Plan Rows": 1,
        "Plan Width": 8,
        "Actual Startup Time": 751.948,
        "Actual Total Time": 773.292,
        "Actual Rows": 2,
        "Actual Loops": 1,
        "Workers Planned": 1,
        "Workers Launched": 1,
        "Single Copy": false,
        "Plans": [
          {
            "Node Type": "Aggregate",
            "Strategy": "Plain",
            "Partial Mode": "Partial",
            "Parent Relationship": "Outer",
            "Parallel Aware": false,
            "Startup Cost": 346623.92,
            "Total Cost": 346623.93,
            "Plan Rows": 1,
            "Plan Width": 8,
            "Actual Startup Time": 740.769,
            "Actual Total Time": 740.773,
            "Actual Rows": 1,
            "Actual Loops": 2,
            "Plans": [
              {
                "Node Type": "Hash Join",
                "Parent Relationship": "Outer",
                "Parallel Aware": true,
                "Join Type": "Inner",
                "Startup Cost": 86118.03,
                "Total Cost": 345514.86,
                "Plan Rows": 443625,
                "Plan Width": 0,
                "Actual Startup Time": 534.903,
                "Actual Total Time": 725.584,
                "Actual Rows": 360484,
                "Actual Loops": 2,
                "Inner Unique": true,
                "Hash Cond": "(ci.movie_id = t.id)",
                "Plans": [
                  {
                    "Node Type": "Bitmap Heap Scan",
                    "Parent Relationship": "Outer",
                    "Parallel Aware": true,
                    "Relation Name": "cast_info",
                    "Alias": "ci",
                    "Startup Cost": 16657.33,
                    "Total Cost": 274889.64,
                    "Plan Rows": 443625,
                    "Plan Width": 4,
                    "Actual Startup Time": 22.035,
                    "Actual Total Time": 62.105,
                    "Actual Rows": 360484,
                    "Actual Loops": 2,
                    "Recheck Cond": "(person_id > 3923487)",
                    "Rows Removed by Index Recheck": 0,
                    "Exact Heap Blocks": 5198,
                    "Lossy Heap Blocks": 0,
                    "Plans": [
                      {
                        "Node Type": "Bitmap Index Scan",
                        "Parent Relationship": "Outer",
                        "Parallel Aware": false,
                        "Index Name": "person_id_cast_info",
                        "Startup Cost": 0.0,
                        "Total Cost": 16468.79,
                        "Plan Rows": 754163,
                        "Plan Width": 0,
                        "Actual Startup Time": 20.579,
                        "Actual Total Time": 20.579,
                        "Actual Rows": 720969,
                        "Actual Loops": 1,
                        "Index Cond": "(person_id > 3923487)"
                      }
                    ]
                  },
                  {
                    "Node Type": "Hash",
                    "Parent Relationship": "Inner",
                    "Parallel Aware": true,
                    "Startup Cost": 50870.31,
                    "Total Cost": 50870.31,
                    "Plan Rows": 1487231,
                    "Plan Width": 4,
                    "Actual Startup Time": 492.86,
                    "Actual Total Time": 492.861,
                    "Actual Rows": 1264156,
                    "Actual Loops": 2,
                    "Hash Buckets": 4194304,
                    "Original Hash Buckets": 4194304,
                    "Hash Batches": 1,
                    "Original Hash Batches": 1,
                    "Peak Memory Usage": 131712,
                    "Plans": [
                      {
                        "Node Type": "Seq Scan",
                        "Parent Relationship": "Outer",
                        "Parallel Aware": true,
                        "Relation Name": "title",
                        "Alias": "t",
                        "Startup Cost": 0.0,
                        "Total Cost": 50870.31,
                        "Plan Rows": 1487231,
                        "Plan Width": 4,
                        "Actual Startup Time": 0.018,
                        "Actual Total Time": 146.217,
                        "Actual Rows": 1264156,
                        "Actual Loops": 2
                      }
                    ]
                  }
                ]
              }
            ]
          }
        ]
      }
    ]
  },
  "Planning Time": 0.57,
  "Triggers": [],
  "Execution Time": 773.374
}