[
  {
    "Plan": {
      "Node Type": "Aggregate",
      "Strategy": "Plain",
      "Partial Mode": "Finalize",
      "Parallel Aware": false,
      "Startup Cost": 273752.06,
      "Total Cost": 273752.07,
      "Plan Rows": 1,
      "Plan Width": 8,
      "Actual Startup Time": 3733.337,
      "Actual Total Time": 3824.086,
      "Actual Rows": 1,
      "Actual Loops": 1,
      "Plans": [
        {
          "Node Type": "Gather",
          "Parent Relationship": "Outer",
          "Parallel Aware": false,
          "Startup Cost": 273751.64,
          "Total Cost": 273752.05,
          "Plan Rows": 4,
          "Plan Width": 8,
          "Actual Startup Time": 3731.239,
          "Actual Total Time": 3824.075,
          "Actual Rows": 5,
          "Actual Loops": 1,
          "Workers Planned": 4,
          "Workers Launched": 4,
          "Single Copy": false,
          "Plans": [
            {
              "Node Type": "Aggregate",
              "Strategy": "Plain",
              "Partial Mode": "Partial",
              "Parent Relationship": "Outer",
              "Parallel Aware": false,
              "Startup Cost": 272751.64,
              "Total Cost": 272751.65,
              "Plan Rows": 1,
              "Plan Width": 8,
              "Actual Startup Time": 3721.053,
              "Actual Total Time": 3721.057,
              "Actual Rows": 1,
              "Actual Loops": 5,
              "Plans": [
                {
                  "Node Type": "Nested Loop",
                  "Parent Relationship": "Outer",
                  "Parallel Aware": false,
                  "Join Type": "Inner",
                  "Startup Cost": 32797.62,
                  "Total Cost": 270783.68,
                  "Plan Rows": 787182,
                  "Plan Width": 0,
                  "Actual Startup Time": 102.733,
                  "Actual Total Time": 3640.713,
                  "Actual Rows": 1716601,
                  "Actual Loops": 5,
                  "Inner Unique": false,
                  "Plans": [
                    {
                      "Node Type": "Hash Join",
                      "Parent Relationship": "Outer",
                      "Parallel Aware": true,
                      "Join Type": "Inner",
                      "Startup Cost": 32797.06,
                      "Total Cost": 78552.6,
                      "Plan Rows": 85699,
                      "Plan Width": 8,
                      "Actual Startup Time": 102.558,
                      "Actual Total Time": 408.243,
                      "Actual Rows": 98847,
                      "Actual Loops": 5,
                      "Inner Unique": false,
                      "Hash Cond": "(t.id = mc.movie_id)",
                      "Plans": [
                        {
                          "Node Type": "Seq Scan",
                          "Parent Relationship": "Outer",
                          "Parallel Aware": true,
                          "Relation Name": "title",
                          "Alias": "t",
                          "Startup Cost": 0.0,
                          "Total Cost": 42318.73,
                          "Plan Rows": 632073,
                          "Plan Width": 4,
                          "Actual Startup Time": 0.012,
                          "Actual Total Time": 65.289,
                          "Actual Rows": 505662,
                          "Actual Loops": 5
                        },
                        {
                          "Node Type": "Hash",
                          "Parent Relationship": "Inner",
                          "Parallel Aware": true,
                          "Startup Cost": 31414.82,
                          "Total Cost": 31414.82,
                          "Plan Rows": 110579,
                          "Plan Width": 4,
                          "Actual Startup Time": 99.818,
                          "Actual Total Time": 99.819,
                          "Actual Rows": 98847,
                          "Actual Loops": 5,
                          "Hash Buckets": 524288,
                          "Original Hash Buckets": 524288,
                          "Hash Batches": 1,
                          "Original Hash Batches": 1,
                          "Peak Memory Usage": 23520,
                          "Plans": [
                            {
                              "Node Type": "Seq Scan",
                              "Parent Relationship": "Outer",
                              "Parallel Aware": true,
                              "Relation Name": "movie_companies",
                              "Alias": "mc",
                              "Startup Cost": 0.0,
                              "Total Cost": 31414.82,
                              "Plan Rows": 110579,
                              "Plan Width": 4,
                              "Actual Startup Time": 0.048,
                              "Actual Total Time": 63.169,
                              "Actual Rows": 98847,
                              "Actual Loops": 5,
                              "Filter": "((company_id < 1284) AND (company_type_id < 2))",
                              "Rows Removed by Filter": 422978
                            }
                          ]
                        }
                      ]
                    },
                    {
                      "Node Type": "Index Scan",
                      "Parent Relationship": "Inner",
                      "Parallel Aware": false,
                      "Scan Direction": "Forward",
                      "Index Name": "movie_id_cast_info",
                      "Relation Name": "cast_info",
                      "Alias": "ci",
                      "Startup Cost": 0.56,
                      "Total Cost": 2.0,
                      "Plan Rows": 24,
                      "Plan Width": 4,
                      "Actual Startup Time": 0.01,
                      "Actual Total Time": 0.031,
                      "Actual Rows": 17,
                      "Actual Loops": 494237,
                      "Index Cond": "(movie_id = t.id)",
                      "Rows Removed by Index Recheck": 0,
                      "Filter": "((person_id > 947456) AND (role_id < 10))",
                      "Rows Removed by Filter": 17
                    }
                  ]
                }
              ]
            }
          ]
        }
      ]
    },
    "Planning Time": 1.319,
    "Triggers": [],
    "Execution Time": 3824.183
  }
]