[
  {
    "Plan": {
      "Node Type": "Aggregate",
      "Strategy": "Plain",
      "Partial Mode": "Finalize",
      "Parallel Aware": false,
      "Startup Cost": 254264.41,
      "Total Cost": 254264.42,
      "Plan Rows": 1,
      "Plan Width": 8,
      "Actual Startup Time": 749.995,
      "Actual Total Time": 770.593,
      "Actual Rows": 1,
      "Actual Loops": 1,
      "Plans": [
        {
          "Node Type": "Gather",
          "Parent Relationship": "Outer",
          "Parallel Aware": false,
          "Startup Cost": 254263.89,
          "Total Cost": 254264.4,
          "Plan Rows": 5,
          "Plan Width": 8,
          "Actual Startup Time": 741.946,
          "Actual Total Time": 770.583,
          "Actual Rows": 6,
          "Actual Loops": 1,
          "Workers Planned": 5,
          "Workers Launched": 5,
          "Single Copy": false,
          "Plans": [
            {
              "Node Type": "Aggregate",
              "Strategy": "Plain",
              "Partial Mode": "Partial",
              "Parent Relationship": "Outer",
              "Parallel Aware": false,
              "Startup Cost": 253263.89,
              "Total Cost": 253263.9,
              "Plan Rows": 1,
              "Plan Width": 8,
              "Actual Startup Time": 734.808,
              "Actual Total Time": 734.811,
              "Actual Rows": 1,
              "Actual Loops": 6,
              "Plans": [
                {
                  "Node Type": "Hash Join",
                  "Parent Relationship": "Outer",
                  "Parallel Aware": true,
                  "Join Type": "Inner",
                  "Startup Cost": 49108.52,
                  "Total Cost": 251229.3,
                  "Plan Rows": 813835,
                  "Plan Width": 0,
                  "Actual Startup Time": 185.225,
                  "Actual Total Time": 701.773,
                  "Actual Rows": 753492,
                  "Actual Loops": 6,
                  "Inner Unique": true,
                  "Hash Cond": "(mi.movie_id = t.id)",
                  "Plans": [
                    {
                      "Node Type": "Seq Scan",
                      "Parent Relationship": "Outer",
                      "Parallel Aware": true,
                      "Relation Name": "movie_info",
                      "Alias": "mi",
                      "Startup Cost": 0.0,
                      "Total Cost": 198880.74,
                      "Plan Rows": 1234303,
                      "Plan Width": 4,
                      "Actual Startup Time": 13.709,
                      "Actual Total Time": 276.547,
                      "Actual Rows": 1037249,
                      "Actual Loops": 6,
                      "Filter": "(info_type_id > 8)",
                      "Rows Removed by Filter": 1435371
                    },
                    {
                      "Node Type": "Hash",
                      "Parent Relationship": "Inner",
                      "Parallel Aware": true,
                      "Startup Cost": 43899.01,
                      "Total Cost": 43899.01,
                      "Plan Rows": 416761,
                      "Plan Width": 4,
                      "Actual Startup Time": 168.668,
                      "Actual Total Time": 168.669,
                      "Actual Rows": 278549,
                      "Actual Loops": 6,
                      "Hash Buckets": 2097152,
                      "Original Hash Buckets": 2097152,
                      "Hash Batches": 1,
                      "Original Hash Batches": 1,
                      "Peak Memory Usage": 81856,
                      "Plans": [
                        {
                          "Node Type": "Seq Scan",
                          "Parent Relationship": "Outer",
                          "Parallel Aware": true,
                          "Relation Name": "title",
                          "Alias": "t",
                          "Startup Cost": 0.0,
                          "Total Cost": 43899.01,
                          "Plan Rows": 416761,
                          "Plan Width": 4,
                          "Actual Startup Time": 0.03,
                          "Actual Total Time": 73.399,
                          "Actual Rows": 278549,
                          "Actual Loops": 6,
                          "Filter": "(production_year < 2008)",
                          "Rows Removed by Filter": 142837
                        }
                      ]
                    }
                  ]
                }
              ]
            }
          ]
        }
      ]
    },
    "Planning Time": 0.246,
    "Triggers": [],
    "Execution Time": 770.63
  }
]