[
  {
    "Plan": {
      "Node Type": "Aggregate",
      "Strategy": "Plain",
      "Partial Mode": "Finalize",
      "Parallel Aware": false,
      "Startup Cost": 347610.29,
      "Total Cost": 347610.3,
      "Plan Rows": 1,
      "Plan Width": 8,
      "Actual Startup Time": 688.125,
      "Actual Total Time": 750.399,
      "Actual Rows": 1,
      "Actual Loops": 1,
      "Plans": [
        {
          "Node Type": "Gather",
          "Parent Relationship": "Outer",
          "Parallel Aware": false,
          "Startup Cost": 347609.67,
          "Total Cost": 347610.28,
          "Plan Rows": 6,
          "Plan Width": 8,
          "Actual Startup Time": 687.999,
          "Actual Total Time": 750.387,
          "Actual Rows": 7,
          "Actual Loops": 1,
          "Workers Planned": 6,
          "Workers Launched": 6,
          "Single Copy": false,
          "Plans": [
            {
              "Node Type": "Aggregate",
              "Strategy": "Plain",
              "Partial Mode": "Partial",
              "Parent Relationship": "Outer",
              "Parallel Aware": false,
              "Startup Cost": 346609.67,
              "Total Cost": 346609.68,
              "Plan Rows": 1,
              "Plan Width": 8,
              "Actual Startup Time": 678.138,
              "Actual Total Time": 678.14,
              "Actual Rows": 1,
              "Actual Loops": 7,
              "Plans": [
                {
                  "Node Type": "Seq Scan",
                  "Parent Relationship": "Outer",
                  "Parallel Aware": true,
                  "Relation Name": "cast_info",
                  "Alias": "ci",
                  "Startup Cost": 0.0,
                  "Total Cost": 343257.03,
                  "Plan Rows": 1341056,
                  "Plan Width": 0,
                  "Actual Startup Time": 245.134,
                  "Actual Total Time": 654.344,
                  "Actual Rows": 485535,
                  "Actual Loops": 7,
                  "Filter": "((person_id < 1206383) AND (role_id > 1))",
                  "Rows Removed by Filter": 4692228
                }
              ]
            }
          ]
        }
      ]
    },
    "Planning Time": 0.194,
    "Triggers": [],
    "Execution Time": 750.465
  }
]