[
  {
    "Plan": {
      "Node Type": "Aggregate",
      "Strategy": "Plain",
      "Partial Mode": "Finalize",
      "Parallel Aware": false,
      "Startup Cost": 253168.25,
      "Total Cost": 253168.26,
      "Plan Rows": 1,
      "Plan Width": 8,
      "Actual Startup Time": 161.081,
      "Actual Total Time": 186.76,
      "Actual Rows": 1,
      "Actual Loops": 1,
      "Plans": [
        {
          "Node Type": "Gather",
          "Parent Relationship": "Outer",
          "Parallel Aware": false,
          "Startup Cost": 253167.83,
          "Total Cost": 253168.24,
          "Plan Rows": 4,
          "Plan Width": 8,
          "Actual Startup Time": 160.92,
          "Actual Total Time": 186.751,
          "Actual Rows": 5,
          "Actual Loops": 1,
          "Workers Planned": 4,
          "Workers Launched": 4,
          "Single Copy": false,
          "Plans": [
            {
              "Node Type": "Aggregate",
              "Strategy": "Plain",
              "Partial Mode": "Partial",
              "Parent Relationship": "Outer",
              "Parallel Aware": false,
              "Startup Cost": 252167.83,
              "Total Cost": 252167.84,
              "Plan Rows": 1,
              "Plan Width": 8,
              "Actual Startup Time": 151.029,
              "Actual Total Time": 151.031,
              "Actual Rows": 1,
              "Actual Loops": 5,
              "Plans": [
                {
                  "Node Type": "Nested Loop",
                  "Parent Relationship": "Outer",
                  "Parallel Aware": false,
                  "Join Type": "Inner",
                  "Startup Cost": 0.56,
                  "Total Cost": 252153.16,
                  "Plan Rows": 5868,
                  "Plan Width": 0,
                  "Actual Startup Time": 0.888,
                  "Actual Total Time": 150.427,
                  "Actual Rows": 5033,
                  "Actual Loops": 5,
                  "Inner Unique": false,
                  "Plans": [
                    {
                      "Node Type": "Seq Scan",
                      "Parent Relationship": "Outer",
                      "Parallel Aware": true,
                      "Relation Name": "title",
                      "Alias": "t",
                      "Startup Cost": 0.0,
                      "Total Cost": 45479.1,
                      "Plan Rows": 2152,
                      "Plan Width": 4,
                      "Actual Startup Time": 0.293,
                      "Actual Total Time": 75.113,
                      "Actual Rows": 1698,
                      "Actual Loops": 5,
                      "Filter": "((kind_id = 7) AND (production_year = 1969))",
                      "Rows Removed by Filter": 503965
                    },
                    {
                      "Node Type": "Index Scan",
                      "Parent Relationship": "Inner",
                      "Parallel Aware": false,
                      "Scan Direction": "Forward",
                      "Index Name": "movie_id_cast_info",
                      "Relation Name": "cast_info",
                      "Alias": "ci",
                      "Startup Cost": 0.56,
                      "Total Cost": 95.97,
                      "Plan Rows": 7,
                      "Plan Width": 4,
                      "Actual Startup Time": 0.013,
                      "Actual Total Time": 0.043,
                      "Actual Rows": 3,
                      "Actual Loops": 8488,
                      "Index Cond": "(movie_id = t.id)",
                      "Rows Removed by Index Recheck": 0,
                      "Filter": "(person_id < 683570)",
                      "Rows Removed by Filter": 8
                    }
                  ]
                }
              ]
            }
          ]
        }
      ]
    },
    "Planning Time": 0.639,
    "Triggers": [],
    "Execution Time": 186.84
  }
]