[
  {
    "Plan": {
      "Node Type": "Aggregate",
      "Strategy": "Plain",
      "Partial Mode": "Finalize",
      "Parallel Aware": false,
      "Startup Cost": 90201.45,
      "Total Cost": 90201.46,
      "Plan Rows": 1,
      "Plan Width": 8,
      "Actual Startup Time": 263.606,
      "Actual Total Time": 280.037,
      "Actual Rows": 1,
      "Actual Loops": 1,
      "Plans": [
        {
          "Node Type": "Gather",
          "Parent Relationship": "Outer",
          "Parallel Aware": false,
          "Startup Cost": 90201.13,
          "Total Cost": 90201.44,
          "Plan Rows": 3,
          "Plan Width": 8,
          "Actual Startup Time": 262.555,
          "Actual Total Time": 280.03,
          "Actual Rows": 4,
          "Actual Loops": 1,
          "Workers Planned": 3,
          "Workers Launched": 3,
          "Single Copy": false,
          "Plans": [
            {
              "Node Type": "Aggregate",
              "Strategy": "Plain",
              "Partial Mode": "Partial",
              "Parent Relationship": "Outer",
              "Parallel Aware": false,
              "Startup Cost": 89201.13,
              "Total Cost": 89201.14,
              "Plan Rows": 1,
              "Plan Width": 8,
              "Actual Startup Time": 253.996,
              "Actual Total Time": 253.999,
              "Actual Rows": 1,
              "Actual Loops": 4,
              "Plans": [
                {
                  "Node Type": "Hash Join",
                  "Parent Relationship": "Outer",
                  "Parallel Aware": true,
                  "Join Type": "Inner",
                  "Startup Cost": 45121.09,
                  "Total Cost": 89023.37,
                  "Plan Rows": 71105,
                  "Plan Width": 0,
                  "Actual Startup Time": 124.193,
                  "Actual Total Time": 252.776,
                  "Actual Rows": 25777,
                  "Actual Loops": 4,
                  "Inner Unique": true,
                  "Hash Cond": "(mk.movie_id = t.id)",
                  "Plans": [
                    {
                      "Node Type": "Seq Scan",
                      "Parent Relationship": "Outer",
                      "Parallel Aware": true,
                      "Relation Name": "movie_keyword",
                      "Alias": "mk",
                      "Startup Cost": 0.0,
                      "Total Cost": 42695.65,
                      "Plan Rows": 459668,
                      "Plan Width": 4,
                      "Actual Startup Time": 0.712,
                      "Actual Total Time": 90.214,
                      "Actual Rows": 357283,
                      "Actual Loops": 4,
                      "Filter": "(keyword_id > 11662)",
                      "Rows Removed by Filter": 773699
                    },
                    {
                      "Node Type": "Hash",
                      "Parent Relationship": "Inner",
                      "Parallel Aware": true,
                      "Startup Cost": 43898.92,
                      "Total Cost": 43898.92,
                      "Plan Rows": 97774,
                      "Plan Width": 4,
                      "Actual Startup Time": 120.133,
                      "Actual Total Time": 120.134,
                      "Actual Rows": 97916,
                      "Actual Loops": 4,
                      "Hash Buckets": 524288,
                      "Original Hash Buckets": 524288,
                      "Hash Batches": 1,
                      "Original Hash Batches": 1,
                      "Peak Memory Usage": 19488,
                      "Plans": [
                        {
                          "Node Type": "Seq Scan",
                          "Parent Relationship": "Outer",
                          "Parallel Aware": true,
                          "Relation Name": "title",
                          "Alias": "t",
                          "Startup Cost": 0.0,
                          "Total Cost": 43898.92,
                          "Plan Rows": 97774,
                          "Plan Width": 4,
                          "Actual Startup Time": 0.04,
                          "Actual Total Time": 90.509,
                          "Actual Rows": 97916,
                          "Actual Loops": 4,
                          "Filter": "(production_year > 2010)",
                          "Rows Removed by Filter": 534162
                        }
                      ]
                    }
                  ]
                }
              ]
            }
          ]
        }
      ]
    },
    "Planning Time": 0.606,
    "Triggers": [],
    "Execution Time": 280.101
  }
]