[
  {
    "Plan": {
      "Node Type": "Aggregate",
      "Strategy": "Plain",
      "Partial Mode": "Simple",
      "Parallel Aware": false,
      "Startup Cost": 40023.3,
      "Total Cost": 40023.31,
      "Plan Rows": 1,
      "Plan Width": 8,
      "Actual Startup Time": 56.761,
      "Actual Total Time": 56.763,
      "Actual Rows": 1,
      "Actual Loops": 1,
      "Plans": [
        {
          "Node Type": "Bitmap Heap Scan",
          "Parent Relationship": "Outer",
          "Parallel Aware": false,
          "Relation Name": "title",
          "Alias": "t",
          "Startup Cost": 2181.97,
          "Total Cost": 40012.98,
          "Plan Rows": 4126,
          "Plan Width": 0,
          "Actual Startup Time": 16.421,
          "Actual Total Time": 56.283,
          "Actual Rows": 7727,
          "Actual Loops": 1,
          "Recheck Cond": "(kind_id = 4)",
          "Rows Removed by Index Recheck": 0,
          "Filter": "(production_year = 2004)",
          "Rows Removed by Filter": 110507,
          "Exact Heap Blocks": 12711,
          "Lossy Heap Blocks": 0,
          "Plans": [
            {
              "Node Type": "Bitmap Index Scan",
              "Parent Relationship": "Outer",
              "Parallel Aware": false,
              "Index Name": "kind_id_title",
              "Startup Cost": 0.0,
              "Total Cost": 2180.94,
              "Plan Rows": 122201,
              "Plan Width": 0,
              "Actual Startup Time": 12.286,
              "Actual Total Time": 12.287,
              "Actual Rows": 118234,
              "Actual Loops": 1,
              "Index Cond": "(kind_id = 4)"
            }
          ]
        }
      ]
    },
    "Planning Time": 0.17,
    "Triggers": [],
    "Execution Time": 56.822
  }
]