{
    "Plan": {
        "Node Type": "Aggregate",
        "Strategy": "Plain",
        "Partial Mode": "Finalize",
        "Parallel Aware": false,
        "Startup Cost": 479347.28,
        "Total Cost": 479347.29,
        "Plan Rows": 1,
        "Plan Width": 8,
        "Actual Startup Time": 2804.459,
        "Actual Total Time": 2861.334,
        "Actual Rows": 1,
        "Actual Loops": 1,
        "Output": [
            "count(*)"
        ],
        "Plans": [
            {
                "Node Type": "Gather",
                "Parent Relationship": "Outer",
                "Parallel Aware": false,
                "Startup Cost": 479346.76,
                "Total Cost": 479347.27,
                "Plan Rows": 5,
                "Plan Width": 8,
                "Actual Startup Time": 2780.032,
                "Actual Total Time": 2861.321,
                "Actual Rows": 6,
                "Actual Loops": 1,
                "Output": [
                    "(PARTIAL count(*))"
                ],
                "Workers Planned": 5,
                "Workers Launched": 5,
                "Single Copy": false,
                "Plans": [
                    {
                        "Node Type": "Aggregate",
                        "Strategy": "Plain",
                        "Partial Mode": "Partial",
                        "Parent Relationship": "Outer",
                        "Parallel Aware": false,
                        "Startup Cost": 478346.76,
                        "Total Cost": 478346.77,
                        "Plan Rows": 1,
                        "Plan Width": 8,
                        "Actual Startup Time": 2749.651,
                        "Actual Total Time": 2750.519,
                        "Actual Rows": 1,
                        "Actual Loops": 6,
                        "Output": [
                            "PARTIAL count(*)"
                        ],
                        "Workers": [
                            {
                                "Worker Number": 0,
                                "Actual Startup Time": 2746.699,
                                "Actual Total Time": 2746.703,
                                "Actual Rows": 1,
                                "Actual Loops": 1
                            },
                            {
                                "Worker Number": 1,
                                "Actual Startup Time": 2742.863,
                                "Actual Total Time": 2742.869,
                                "Actual Rows": 1,
                                "Actual Loops": 1
                            },
                            {
                                "Worker Number": 2,
                                "Actual Startup Time": 2743.094,
                                "Actual Total Time": 2743.099,
                                "Actual Rows": 1,
                                "Actual Loops": 1
                            },
                            {
                                "Worker Number": 3,
                                "Actual Startup Time": 2743.115,
                                "Actual Total Time": 2743.12,
                                "Actual Rows": 1,
                                "Actual Loops": 1
                            },
                            {
                                "Worker Number": 4,
                                "Actual Startup Time": 2743.067,
                                "Actual Total Time": 2743.071,
                                "Actual Rows": 1,
                                "Actual Loops": 1
                            }
                        ],
                        "Plans": [
                            {
                                "Node Type": "Hash Join",
                                "Parent Relationship": "Outer",
                                "Parallel Aware": true,
                                "Join Type": "Inner",
                                "Startup Cost": 258162.17,
                                "Total Cost": 470033.23,
                                "Plan Rows": 3325411,
                                "Plan Width": 0,
                                "Actual Startup Time": 1294.924,
                                "Actual Total Time": 2548.856,
                                "Actual Rows": 5282415,
                                "Actual Loops": 6,
                                "Inner Unique": false,
                                "Hash Cond": "(mi.movie_id = t.id)",
                                "Workers": [
                                    {
                                        "Worker Number": 0,
                                        "Actual Startup Time": 1288.938,
                                        "Actual Total Time": 2546.481,
                                        "Actual Rows": 5304652,
                                        "Actual Loops": 1
                                    },
                                    {
                                        "Worker Number": 1,
                                        "Actual Startup Time": 1288.743,
                                        "Actual Total Time": 2557.395,
                                        "Actual Rows": 4826670,
                                        "Actual Loops": 1
                                    },
                                    {
                                        "Worker Number": 2,
                                        "Actual Startup Time": 1288.97,
                                        "Actual Total Time": 2541.283,
                                        "Actual Rows": 5353088,
                                        "Actual Loops": 1
                                    },
                                    {
                                        "Worker Number": 3,
                                        "Actual Startup Time": 1288.986,
                                        "Actual Total Time": 2539.95,
                                        "Actual Rows": 5388783,
                                        "Actual Loops": 1
                                    },
                                    {
                                        "Worker Number": 4,
                                        "Actual Startup Time": 1288.949,
                                        "Actual Total Time": 2542.295,
                                        "Actual Rows": 5241748,
                                        "Actual Loops": 1
                                    }
                                ],
                                "Plans": [
                                    {
                                        "Node Type": "Seq Scan",
                                        "Parent Relationship": "Outer",
                                        "Parallel Aware": true,
                                        "Relation Name": "movie_info",
                                        "Schema": "public",
                                        "Alias": "mi",
                                        "Startup Cost": 0.0,
                                        "Total Cost": 198880.74,
                                        "Plan Rows": 1986127,
                                        "Plan Width": 4,
                                        "Actual Startup Time": 14.544,
                                        "Actual Total Time": 307.79,
                                        "Actual Rows": 1651959,
                                        "Actual Loops": 6,
                                        "Output": [
                                            "mi.id",
                                            "mi.movie_id",
                                            "mi.info_type_id",
                                            "mi.info",
                                            "mi.note"
                                        ],
                                        "Filter": "(mi.info_type_id > 4)",
                                        "Rows Removed by Filter": 820661,
                                        "Workers": [
                                            {
                                                "Worker Number": 0,
                                                "Actual Startup Time": 14.558,
                                                "Actual Total Time": 316.178,
                                                "Actual Rows": 1680572,
                                                "Actual Loops": 1
                                            },
                                            {
                                                "Worker Number": 1,
                                                "Actual Startup Time": 14.557,
                                                "Actual Total Time": 324.037,
                                                "Actual Rows": 1479365,
                                                "Actual Loops": 1
                                            },
                                            {
                                                "Worker Number": 2,
                                                "Actual Startup Time": 14.558,
                                                "Actual Total Time": 316.801,
                                                "Actual Rows": 1677440,
                                                "Actual Loops": 1
                                            },
                                            {
                                                "Worker Number": 3,
                                                "Actual Startup Time": 14.483,
                                                "Actual Total Time": 315.483,
                                                "Actual Rows": 1669634,
                                                "Actual Loops": 1
                                            },
                                            {
                                                "Worker Number": 4,
                                                "Actual Startup Time": 14.559,
                                                "Actual Total Time": 316.08,
                                                "Actual Rows": 1618304,
                                                "Actual Loops": 1
                                            }
                                        ]
                                    },
                                    {
                                        "Node Type": "Hash",
                                        "Parent Relationship": "Inner",
                                        "Parallel Aware": true,
                                        "Startup Cost": 249342.97,
                                        "Total Cost": 249342.97,
                                        "Plan Rows": 705536,
                                        "Plan Width": 8,
                                        "Actual Startup Time": 1269.205,
                                        "Actual Total Time": 1270.071,
                                        "Actual Rows": 762170,
                                        "Actual Loops": 6,
                                        "Output": [
                                            "t.id",
                                            "ci.movie_id"
                                        ],
                                        "Hash Buckets": 8388608,
                                        "Original Hash Buckets": 8388608,
                                        "Hash Batches": 1,
                                        "Original Hash Batches": 1,
                                        "Peak Memory Usage": 244544,
                                        "Workers": [
                                            {
                                                "Worker Number": 0,
                                                "Actual Startup Time": 1273.904,
                                                "Actual Total Time": 1273.907,
                                                "Actual Rows": 770721,
                                                "Actual Loops": 1
                                            },
                                            {
                                                "Worker Number": 1,
                                                "Actual Startup Time": 1273.73,
                                                "Actual Total Time": 1273.734,
                                                "Actual Rows": 662022,
                                                "Actual Loops": 1
                                            },
                                            {
                                                "Worker Number": 2,
                                                "Actual Startup Time": 1274.052,
                                                "Actual Total Time": 1274.055,
                                                "Actual Rows": 776447,
                                                "Actual Loops": 1
                                            },
                                            {
                                                "Worker Number": 3,
                                                "Actual Startup Time": 1273.908,
                                                "Actual Total Time": 1273.911,
                                                "Actual Rows": 774646,
                                                "Actual Loops": 1
                                            },
                                            {
                                                "Worker Number": 4,
                                                "Actual Startup Time": 1273.978,
                                                "Actual Total Time": 1273.981,
                                                "Actual Rows": 756115,
                                                "Actual Loops": 1
                                            }
                                        ],
                                        "Plans": [
                                            {
                                                "Node Type": "Hash Join",
                                                "Parent Relationship": "Outer",
                                                "Parallel Aware": true,
                                                "Join Type": "Inner",
                                                "Startup Cost": 48373.12,
                                                "Total Cost": 249342.97,
                                                "Plan Rows": 705536,
                                                "Plan Width": 8,
                                                "Actual Startup Time": 183.406,
                                                "Actual Total Time": 931.849,
                                                "Actual Rows": 762170,
                                                "Actual Loops": 6,
                                                "Output": [
                                                    "t.id",
                                                    "ci.movie_id"
                                                ],
                                                "Inner Unique": true,
                                                "Hash Cond": "(ci.movie_id = t.id)",
                                                "Workers": [
                                                    {
                                                        "Worker Number": 0,
                                                        "Actual Startup Time": 183.455,
                                                        "Actual Total Time": 931.953,
                                                        "Actual Rows": 770721,
                                                        "Actual Loops": 1
                                                    },
                                                    {
                                                        "Worker Number": 1,
                                                        "Actual Startup Time": 183.316,
                                                        "Actual Total Time": 937.628,
                                                        "Actual Rows": 662022,
                                                        "Actual Loops": 1
                                                    },
                                                    {
                                                        "Worker Number": 2,
                                                        "Actual Startup Time": 183.381,
                                                        "Actual Total Time": 924.118,
                                                        "Actual Rows": 776447,
                                                        "Actual Loops": 1
                                                    },
                                                    {
                                                        "Worker Number": 3,
                                                        "Actual Startup Time": 183.475,
                                                        "Actual Total Time": 937.068,
                                                        "Actual Rows": 774646,
                                                        "Actual Loops": 1
                                                    },
                                                    {
                                                        "Worker Number": 4,
                                                        "Actual Startup Time": 183.254,
                                                        "Actual Total Time": 933.031,
                                                        "Actual Rows": 756115,
                                                        "Actual Loops": 1
                                                    }
                                                ],
                                                "Plans": [
                                                    {
                                                        "Node Type": "Index Scan",
                                                        "Parent Relationship": "Outer",
                                                        "Parallel Aware": true,
                                                        "Scan Direction": "Forward",
                                                        "Index Name": "role_id_cast_info",
                                                        "Relation Name": "cast_info",
                                                        "Schema": "public",
                                                        "Alias": "ci",
                                                        "Startup Cost": 0.56,
                                                        "Total Cost": 197699.43,
                                                        "Plan Rows": 1246088,
                                                        "Plan Width": 4,
                                                        "Actual Startup Time": 0.175,
                                                        "Actual Total Time": 238.459,
                                                        "Actual Rows": 1241996,
                                                        "Actual Loops": 6,
                                                        "Output": [
                                                            "ci.id",
                                                            "ci.person_id",
                                                            "ci.movie_id",
                                                            "ci.person_role_id",
                                                            "ci.note",
                                                            "ci.nr_order",
                                                            "ci.role_id"
                                                        ],
                                                        "Index Cond": "(ci.role_id = 2)",
                                                        "Rows Removed by Index Recheck": 0,
                                                        "Workers": [
                                                            {
                                                                "Worker Number": 0,
                                                                "Actual Startup Time": 0.249,
                                                                "Actual Total Time": 246.142,
                                                                "Actual Rows": 1246440,
                                                                "Actual Loops": 1
                                                            },
                                                            {
                                                                "Worker Number": 1,
                                                                "Actual Startup Time": 0.09,
                                                                "Actual Total Time": 239.781,
                                                                "Actual Rows": 1081860,
                                                                "Actual Loops": 1
                                                            },
                                                            {
                                                                "Worker Number": 2,
                                                                "Actual Startup Time": 0.201,
                                                                "Actual Total Time": 248.338,
                                                                "Actual Rows": 1262430,
                                                                "Actual Loops": 1
                                                            },
                                                            {
                                                                "Worker Number": 3,
                                                                "Actual Startup Time": 0.222,
                                                                "Actual Total Time": 248.552,
                                                                "Actual Rows": 1269060,
                                                                "Actual Loops": 1
                                                            },
                                                            {
                                                                "Worker Number": 4,
                                                                "Actual Startup Time": 0.113,
                                                                "Actual Total Time": 245.445,
                                                                "Actual Rows": 1230301,
                                                                "Actual Loops": 1
                                                            }
                                                        ]
                                                    },
                                                    {
                                                        "Node Type": "Hash",
                                                        "Parent Relationship": "Inner",
                                                        "Parallel Aware": true,
                                                        "Startup Cost": 43899.01,
                                                        "Total Cost": 43899.01,
                                                        "Plan Rows": 357884,
                                                        "Plan Width": 4,
                                                        "Actual Startup Time": 181.173,
                                                        "Actual Total Time": 181.174,
                                                        "Actual Rows": 239078,
                                                        "Actual Loops": 6,
                                                        "Output": [
                                                            "t.id"
                                                        ],
                                                        "Hash Buckets": 2097152,
                                                        "Original Hash Buckets": 2097152,
                                                        "Hash Batches": 1,
                                                        "Original Hash Batches": 1,
                                                        "Peak Memory Usage": 72576,
                                                        "Workers": [
                                                            {
                                                                "Worker Number": 0,
                                                                "Actual Startup Time": 183.083,
                                                                "Actual Total Time": 183.084,
                                                                "Actual Rows": 222606,
                                                                "Actual Loops": 1
                                                            },
                                                            {
                                                                "Worker Number": 1,
                                                                "Actual Startup Time": 182.888,
                                                                "Actual Total Time": 182.89,
                                                                "Actual Rows": 190700,
                                                                "Actual Loops": 1
                                                            },
                                                            {
                                                                "Worker Number": 2,
                                                                "Actual Startup Time": 183.086,
                                                                "Actual Total Time": 183.088,
                                                                "Actual Rows": 231114,
                                                                "Actual Loops": 1
                                                            },
                                                            {
                                                                "Worker Number": 3,
                                                                "Actual Startup Time": 182.908,
                                                                "Actual Total Time": 182.91,
                                                                "Actual Rows": 228129,
                                                                "Actual Loops": 1
                                                            },
                                                            {
                                                                "Worker Number": 4,
                                                                "Actual Startup Time": 183.075,
                                                                "Actual Total Time": 183.076,
                                                                "Actual Rows": 220824,
                                                                "Actual Loops": 1
                                                            }
                                                        ],
                                                        "Plans": [
                                                            {
                                                                "Node Type": "Seq Scan",
                                                                "Parent Relationship": "Outer",
                                                                "Parallel Aware": true,
                                                                "Relation Name": "title",
                                                                "Schema": "public",
                                                                "Alias": "t",
                                                                "Startup Cost": 0.0,
                                                                "Total Cost": 43899.01,
                                                                "Plan Rows": 357884,
                                                                "Plan Width": 4,
                                                                "Actual Startup Time": 0.064,
                                                                "Actual Total Time": 80.373,
                                                                "Actual Rows": 239078,
                                                                "Actual Loops": 6,
                                                                "Output": [
                                                                    "t.id"
                                                                ],
                                                                "Filter": "(t.production_year > 1999)",
                                                                "Rows Removed by Filter": 182308,
                                                                "Workers": [
                                                                    {
                                                                        "Worker Number": 0,
                                                                        "Actual Startup Time": 0.076,
                                                                        "Actual Total Time": 82.727,
                                                                        "Actual Rows": 222606,
                                                                        "Actual Loops": 1
                                                                    },
                                                                    {
                                                                        "Worker Number": 1,
                                                                        "Actual Startup Time": 0.079,
                                                                        "Actual Total Time": 79.046,
                                                                        "Actual Rows": 190700,
                                                                        "Actual Loops": 1
                                                                    },
                                                                    {
                                                                        "Worker Number": 2,
                                                                        "Actual Startup Time": 0.069,
                                                                        "Actual Total Time": 83.015,
                                                                        "Actual Rows": 231114,
                                                                        "Actual Loops": 1
                                                                    },
                                                                    {
                                                                        "Worker Number": 3,
                                                                        "Actual Startup Time": 0.077,
                                                                        "Actual Total Time": 83.37,
                                                                        "Actual Rows": 228129,
                                                                        "Actual Loops": 1
                                                                    },
                                                                    {
                                                                        "Worker Number": 4,
                                                                        "Actual Startup Time": 0.068,
                                                                        "Actual Total Time": 83.255,
                                                                        "Actual Rows": 220824,
                                                                        "Actual Loops": 1
                                                                    }
                                                                ]
                                                            }
                                                        ]
                                                    }
                                                ]
                                            }
                                        ]
                                    }
                                ]
                            }
                        ]
                    }
                ]
            }
        ]
    },
    "Planning Time": 1.54,
    "Triggers": [],
    "Execution Time": 2861.431
}