[
    {
        "Bao": {
            "Bao prediction": "NaN",
            "Bao recommended hint": "(no hint)"
        }
    },
    {
        "Plan": {
            "Node Type": "Aggregate",
            "Strategy": "Plain",
            "Partial Mode": "Finalize",
            "Parallel Aware": false,
            "Startup Cost": 70940.42,
            "Total Cost": 70940.43,
            "Plan Rows": 1,
            "Plan Width": 8,
            "Actual Startup Time": 151.992,
            "Actual Total Time": 160.086,
            "Actual Rows": 1,
            "Actual Loops": 1,
            "Output": [
                "count(*)"
            ],
            "Plans": [
                {
                    "Node Type": "Gather",
                    "Parent Relationship": "Outer",
                    "Parallel Aware": false,
                    "Startup Cost": 70940.1,
                    "Total Cost": 70940.41,
                    "Plan Rows": 3,
                    "Plan Width": 8,
                    "Actual Startup Time": 150.979,
                    "Actual Total Time": 160.078,
                    "Actual Rows": 4,
                    "Actual Loops": 1,
                    "Output": [
                        "(PARTIAL count(*))"
                    ],
                    "Workers Planned": 3,
                    "Workers Launched": 3,
                    "Single Copy": false,
                    "Plans": [
                        {
                            "Node Type": "Aggregate",
                            "Strategy": "Plain",
                            "Partial Mode": "Partial",
                            "Parent Relationship": "Outer",
                            "Parallel Aware": false,
                            "Startup Cost": 69940.1,
                            "Total Cost": 69940.11,
                            "Plan Rows": 1,
                            "Plan Width": 8,
                            "Actual Startup Time": 142.273,
                            "Actual Total Time": 142.276,
                            "Actual Rows": 1,
                            "Actual Loops": 4,
                            "Output": [
                                "PARTIAL count(*)"
                            ],
                            "Workers": [
                                {
                                    "Worker Number": 0,
                                    "Actual Startup Time": 138.855,
                                    "Actual Total Time": 138.859,
                                    "Actual Rows": 1,
                                    "Actual Loops": 1
                                },
                                {
                                    "Worker Number": 1,
                                    "Actual Startup Time": 139.473,
                                    "Actual Total Time": 139.476,
                                    "Actual Rows": 1,
                                    "Actual Loops": 1
                                },
                                {
                                    "Worker Number": 2,
                                    "Actual Startup Time": 140.089,
                                    "Actual Total Time": 140.093,
                                    "Actual Rows": 1,
                                    "Actual Loops": 1
                                }
                            ],
                            "Plans": [
                                {
                                    "Node Type": "Hash Join",
                                    "Parent Relationship": "Outer",
                                    "Parallel Aware": true,
                                    "Join Type": "Inner",
                                    "Startup Cost": 38265.01,
                                    "Total Cost": 69931.29,
                                    "Plan Rows": 3525,
                                    "Plan Width": 0,
                                    "Actual Startup Time": 58.852,
                                    "Actual Total Time": 141.482,
                                    "Actual Rows": 14457,
                                    "Actual Loops": 4,
                                    "Inner Unique": true,
                                    "Hash Cond": "(mc.movie_id = t.id)",
                                    "Workers": [
                                        {
                                            "Worker Number": 0,
                                            "Actual Startup Time": 55.442,
                                            "Actual Total Time": 138.055,
                                            "Actual Rows": 10836,
                                            "Actual Loops": 1
                                        },
                                        {
                                            "Worker Number": 1,
                                            "Actual Startup Time": 56.042,
                                            "Actual Total Time": 138.725,
                                            "Actual Rows": 16842,
                                            "Actual Loops": 1
                                        },
                                        {
                                            "Worker Number": 2,
                                            "Actual Startup Time": 56.643,
                                            "Actual Total Time": 139.22,
                                            "Actual Rows": 11713,
                                            "Actual Loops": 1
                                        }
                                    ],
                                    "Plans": [
                                        {
                                            "Node Type": "Seq Scan",
                                            "Parent Relationship": "Outer",
                                            "Parallel Aware": true,
                                            "Relation Name": "movie_companies",
                                            "Schema": "public",
                                            "Alias": "mc",
                                            "Startup Cost": 0.0,
                                            "Total Cost": 31414.82,
                                            "Plan Rows": 95794,
                                            "Plan Width": 4,
                                            "Actual Startup Time": 0.024,
                                            "Actual Total Time": 65.154,
                                            "Actual Rows": 109454,
                                            "Actual Loops": 4,
                                            "Output": [
                                                "mc.id",
                                                "mc.movie_id",
                                                "mc.company_id",
                                                "mc.company_type_id",
                                                "mc.note"
                                            ],
                                            "Filter": "((mc.company_id < 708) AND (mc.company_type_id = 1))",
                                            "Rows Removed by Filter": 542828,
                                            "Workers": [
                                                {
                                                    "Worker Number": 0,
                                                    "Actual Startup Time": 0.035,
                                                    "Actual Total Time": 65.574,
                                                    "Actual Rows": 81714,
                                                    "Actual Loops": 1
                                                },
                                                {
                                                    "Worker Number": 1,
                                                    "Actual Startup Time": 0.025,
                                                    "Actual Total Time": 65.106,
                                                    "Actual Rows": 126109,
                                                    "Actual Loops": 1
                                                },
                                                {
                                                    "Worker Number": 2,
                                                    "Actual Startup Time": 0.026,
                                                    "Actual Total Time": 65.669,
                                                    "Actual Rows": 82676,
                                                    "Actual Loops": 1
                                                }
                                            ]
                                        },
                                        {
                                            "Node Type": "Hash",
                                            "Parent Relationship": "Inner",
                                            "Parallel Aware": true,
                                            "Startup Cost": 37974.26,
                                            "Total Cost": 37974.26,
                                            "Plan Rows": 23260,
                                            "Plan Width": 4,
                                            "Actual Startup Time": 58.129,
                                            "Actual Total Time": 58.131,
                                            "Actual Rows": 22713,
                                            "Actual Loops": 4,
                                            "Output": [
                                                "t.id"
                                            ],
                                            "Hash Buckets": 131072,
                                            "Original Hash Buckets": 131072,
                                            "Hash Batches": 1,
                                            "Original Hash Batches": 1,
                                            "Peak Memory Usage": 4640,
                                            "Workers": [
                                                {
                                                    "Worker Number": 0,
                                                    "Actual Startup Time": 55.022,
                                                    "Actual Total Time": 55.024,
                                                    "Actual Rows": 11931,
                                                    "Actual Loops": 1
                                                },
                                                {
                                                    "Worker Number": 1,
                                                    "Actual Startup Time": 55.627,
                                                    "Actual Total Time": 55.628,
                                                    "Actual Rows": 13605,
                                                    "Actual Loops": 1
                                                },
                                                {
                                                    "Worker Number": 2,
                                                    "Actual Startup Time": 56.099,
                                                    "Actual Total Time": 56.1,
                                                    "Actual Rows": 11841,
                                                    "Actual Loops": 1
                                                }
                                            ],
                                            "Plans": [
                                                {
                                                    "Node Type": "Bitmap Heap Scan",
                                                    "Parent Relationship": "Outer",
                                                    "Parallel Aware": true,
                                                    "Relation Name": "title",
                                                    "Schema": "public",
                                                    "Alias": "t",
                                                    "Startup Cost": 1685.51,
                                                    "Total Cost": 37974.26,
                                                    "Plan Rows": 23260,
                                                    "Plan Width": 4,
                                                    "Actual Startup Time": 5.529,
                                                    "Actual Total Time": 49.77,
                                                    "Actual Rows": 22713,
                                                    "Actual Loops": 4,
                                                    "Output": [
                                                        "t.id"
                                                    ],
                                                    "Recheck Cond": "(t.kind_id = 2)",
                                                    "Rows Removed by Index Recheck": 0,
                                                    "Exact Heap Blocks": 14059,
                                                    "Lossy Heap Blocks": 0,
                                                    "Workers": [
                                                        {
                                                            "Worker Number": 0,
                                                            "Actual Startup Time": 2.572,
                                                            "Actual Total Time": 48.032,
                                                            "Actual Rows": 11931,
                                                            "Actual Loops": 1
                                                        },
                                                        {
                                                            "Worker Number": 1,
                                                            "Actual Startup Time": 3.059,
                                                            "Actual Total Time": 48.037,
                                                            "Actual Rows": 13605,
                                                            "Actual Loops": 1
                                                        },
                                                        {
                                                            "Worker Number": 2,
                                                            "Actual Startup Time": 3.546,
                                                            "Actual Total Time": 49.129,
                                                            "Actual Rows": 11841,
                                                            "Actual Loops": 1
                                                        }
                                                    ],
                                                    "Plans": [
                                                        {
                                                            "Node Type": "Bitmap Index Scan",
                                                            "Parent Relationship": "Outer",
                                                            "Parallel Aware": false,
                                                            "Index Name": "kind_id_title",
                                                            "Startup Cost": 0.0,
                                                            "Total Cost": 1662.25,
                                                            "Plan Rows": 93042,
                                                            "Plan Width": 0,
                                                            "Actual Startup Time": 8.501,
                                                            "Actual Total Time": 8.501,
                                                            "Actual Rows": 90852,
                                                            "Actual Loops": 1,
                                                            "Index Cond": "(t.kind_id = 2)"
                                                        }
                                                    ]
                                                }
                                            ]
                                        }
                                    ]
                                }
                            ]
                        }
                    ]
                }
            ]
        },
        "Planning Time": 180.106,
        "Triggers": [],
        "Execution Time": 160.145
    }
]