{
  "Plan": {
    "Node Type": "Aggregate",
    "Strategy": "Plain",
    "Partial Mode": "Finalize",
    "Parallel Aware": false,
    "Startup Cost": 115972.58,
    "Total Cost": 115972.59,
    "Plan Rows": 1,
    "Plan Width": 8,
    "Actual Startup Time": 573.085,
    "Actual Total Time": 586.658,
    "Actual Rows": 1,
    "Actual Loops": 1,
    "Plans": [
      {
        "Node Type": "Gather",
        "Parent Relationship": "Outer",
        "Parallel Aware": false,
        "Startup Cost": 115972.46,
        "Total Cost": 115972.57,
        "Plan Rows": 1,
        "Plan Width": 8,
        "Actual Startup Time": 571.634,
        "Actual Total Time": 586.65,
        "Actual Rows": 2,
        "Actual Loops": 1,
        "Workers Planned": 1,
        "Workers Launched": 1,
        "Single Copy": false,
        "Plans": [
          {
            "Node Type": "Aggregate",
            "Strategy": "Plain",
            "Partial Mode": "Partial",
            "Parent Relationship": "Outer",
            "Parallel Aware": false,
            "Startup Cost": 114972.46,
            "Total Cost": 114972.47,
            "Plan Rows": 1,
            "Plan Width": 8,
            "Actual Startup Time": 565.47,
            "Actual Total Time": 565.474,
            "Actual Rows": 1,
            "Actual Loops": 2,
            "Plans": [
              {
                "Node Type": "Hash Join",
                "Parent Relationship": "Outer",
                "Parallel Aware": true,
                "Join Type": "Inner",
                "Startup Cost": 81525.39,
                "Total Cost": 114466.91,
                "Plan Rows": 202221,
                "Plan Width": 0,
                "Actual Startup Time": 360.144,
                "Actual Total Time": 560.57,
                "Actual Rows": 105798,
                "Actual Loops": 2,
                "Inner Unique": true,
                "Hash Cond": "(mk.movie_id = t.id)",
                "Plans": [
                  {
                    "Node Type": "Bitmap Heap Scan",
                    "Parent Relationship": "Outer",
                    "Parallel Aware": true,
                    "Relation Name": "movie_keyword",
                    "Alias": "mk",
                    "Startup Cost": 20237.69,
                    "Total Cost": 51706.17,
                    "Plan Rows": 561158,
                    "Plan Width": 4,
                    "Actual Startup Time": 52.258,
                    "Actual Total Time": 153.739,
                    "Actual Rows": 477556,
                    "Actual Loops": 2,
                    "Recheck Cond": "(keyword_id < 895)",
                    "Rows Removed by Index Recheck": 0,
                    "Exact Heap Blocks": 13356,
                    "Lossy Heap Blocks": 0,
                    "Plans": [
                      {
                        "Node Type": "Bitmap Index Scan",
                        "Parent Relationship": "Outer",
                        "Parallel Aware": false,
                        "Index Name": "keyword_id_movie_keyword",
                        "Startup Cost": 0.0,
                        "Total Cost": 19999.2,
                        "Plan Rows": 953969,
                        "Plan Width": 0,
                        "Actual Startup Time": 48.591,
                        "Actual Total Time": 48.592,
                        "Actual Rows": 955113,
                        "Actual Loops": 1,
                        "Index Cond": "(keyword_id < 895)"
                      }
                    ]
                  },
                  {
                    "Node Type": "Hash",
                    "Parent Relationship": "Inner",
                    "Parallel Aware": true,
                    "Startup Cost": 54588.39,
                    "Total Cost": 54588.39,
                    "Plan Rows": 535945,
                    "Plan Width": 4,
                    "Actual Startup Time": 298.476,
                    "Actual Total Time": 298.476,
                    "Actual Rows": 452246,
                    "Actual Loops": 2,
                    "Hash Buckets": 1048576,
                    "Original Hash Buckets": 1048576,
                    "Hash Batches": 1,
                    "Original Hash Batches": 1,
                    "Peak Memory Usage": 43584,
                    "Plans": [
                      {
                        "Node Type": "Seq Scan",
                        "Parent Relationship": "Outer",
                        "Parallel Aware": true,
                        "Relation Name": "title",
                        "Alias": "t",
                        "Startup Cost": 0.0,
                        "Total Cost": 54588.39,
                        "Plan Rows": 535945,
                        "Plan Width": 4,
                        "Actual Startup Time": 0.034,
                        "Actual Total Time": 161.56,
                        "Actual Rows": 452246,
                        "Actual Loops": 2,
                        "Filter": "(production_year > 2006)",
                        "Rows Removed by Filter": 811910
                      }
                    ]
                  }
                ]
              }
            ]
          }
        ]
      }
    ]
  },
  "Planning Time": 0.462,
  "Triggers": [],
  "Execution Time": 586.749
}