[
  {
    "Plan": {
      "Node Type": "Aggregate",
      "Strategy": "Plain",
      "Partial Mode": "Finalize",
      "Parallel Aware": false,
      "Startup Cost": 32909.06,
      "Total Cost": 32909.07,
      "Plan Rows": 1,
      "Plan Width": 8,
      "Actual Startup Time": 98.159,
      "Actual Total Time": 105.82,
      "Actual Rows": 1,
      "Actual Loops": 1,
      "Plans": [
        {
          "Node Type": "Gather",
          "Parent Relationship": "Outer",
          "Parallel Aware": false,
          "Startup Cost": 32908.74,
          "Total Cost": 32909.05,
          "Plan Rows": 3,
          "Plan Width": 8,
          "Actual Startup Time": 98.009,
          "Actual Total Time": 105.809,
          "Actual Rows": 4,
          "Actual Loops": 1,
          "Workers Planned": 3,
          "Workers Launched": 3,
          "Single Copy": false,
          "Plans": [
            {
              "Node Type": "Aggregate",
              "Strategy": "Plain",
              "Partial Mode": "Partial",
              "Parent Relationship": "Outer",
              "Parallel Aware": false,
              "Startup Cost": 31908.74,
              "Total Cost": 31908.75,
              "Plan Rows": 1,
              "Plan Width": 8,
              "Actual Startup Time": 92.869,
              "Actual Total Time": 92.871,
              "Actual Rows": 1,
              "Actual Loops": 4,
              "Plans": [
                {
                  "Node Type": "Seq Scan",
                  "Parent Relationship": "Outer",
                  "Parallel Aware": true,
                  "Relation Name": "movie_companies",
                  "Alias": "mc",
                  "Startup Cost": 0.0,
                  "Total Cost": 31414.82,
                  "Plan Rows": 197570,
                  "Plan Width": 0,
                  "Actual Startup Time": 0.025,
                  "Actual Total Time": 80.893,
                  "Actual Rows": 213351,
                  "Actual Loops": 4,
                  "Filter": "((company_id < 11203) AND (company_type_id < 2))",
                  "Rows Removed by Filter": 438932
                }
              ]
            }
          ]
        }
      ]
    },
    "Planning Time": 0.16,
    "Triggers": [],
    "Execution Time": 105.87
  }
]