[
  {
    "Plan": {
      "Node Type": "Aggregate",
      "Strategy": "Plain",
      "Partial Mode": "Finalize",
      "Parallel Aware": false,
      "Startup Cost": 44906.35,
      "Total Cost": 44906.36,
      "Plan Rows": 1,
      "Plan Width": 8,
      "Actual Startup Time": 89.585,
      "Actual Total Time": 102.487,
      "Actual Rows": 1,
      "Actual Loops": 1,
      "Plans": [
        {
          "Node Type": "Gather",
          "Parent Relationship": "Outer",
          "Parallel Aware": false,
          "Startup Cost": 44905.93,
          "Total Cost": 44906.34,
          "Plan Rows": 4,
          "Plan Width": 8,
          "Actual Startup Time": 89.327,
          "Actual Total Time": 102.479,
          "Actual Rows": 5,
          "Actual Loops": 1,
          "Workers Planned": 4,
          "Workers Launched": 4,
          "Single Copy": false,
          "Plans": [
            {
              "Node Type": "Aggregate",
              "Strategy": "Plain",
              "Partial Mode": "Partial",
              "Parent Relationship": "Outer",
              "Parallel Aware": false,
              "Startup Cost": 43905.93,
              "Total Cost": 43905.94,
              "Plan Rows": 1,
              "Plan Width": 8,
              "Actual Startup Time": 81.716,
              "Actual Total Time": 81.717,
              "Actual Rows": 1,
              "Actual Loops": 5,
              "Plans": [
                {
                  "Node Type": "Seq Scan",
                  "Parent Relationship": "Outer",
                  "Parallel Aware": true,
                  "Relation Name": "title",
                  "Alias": "t",
                  "Startup Cost": 0.0,
                  "Total Cost": 43898.92,
                  "Plan Rows": 2805,
                  "Plan Width": 0,
                  "Actual Startup Time": 53.192,
                  "Actual Total Time": 81.511,
                  "Actual Rows": 2247,
                  "Actual Loops": 5,
                  "Filter": "(production_year < 1903)",
                  "Rows Removed by Filter": 503416
                }
              ]
            }
          ]
        }
      ]
    },
    "Planning Time": 0.148,
    "Triggers": [],
    "Execution Time": 102.545
  }
]