[
    {
        "Bao": {
            "Bao prediction": "NaN",
            "Bao recommended hint": "(no hint)"
        }
    },
    {
        "Plan": {
            "Node Type": "Aggregate",
            "Strategy": "Plain",
            "Partial Mode": "Finalize",
            "Parallel Aware": false,
            "Startup Cost": 72704.78,
            "Total Cost": 72704.79,
            "Plan Rows": 1,
            "Plan Width": 8,
            "Actual Startup Time": 120.748,
            "Actual Total Time": 129.63,
            "Actual Rows": 1,
            "Actual Loops": 1,
            "Output": [
                "count(*)"
            ],
            "Plans": [
                {
                    "Node Type": "Gather",
                    "Parent Relationship": "Outer",
                    "Parallel Aware": false,
                    "Startup Cost": 72704.46,
                    "Total Cost": 72704.77,
                    "Plan Rows": 3,
                    "Plan Width": 8,
                    "Actual Startup Time": 120.413,
                    "Actual Total Time": 129.623,
                    "Actual Rows": 4,
                    "Actual Loops": 1,
                    "Output": [
                        "(PARTIAL count(*))"
                    ],
                    "Workers Planned": 3,
                    "Workers Launched": 3,
                    "Single Copy": false,
                    "Plans": [
                        {
                            "Node Type": "Aggregate",
                            "Strategy": "Plain",
                            "Partial Mode": "Partial",
                            "Parent Relationship": "Outer",
                            "Parallel Aware": false,
                            "Startup Cost": 71704.46,
                            "Total Cost": 71704.47,
                            "Plan Rows": 1,
                            "Plan Width": 8,
                            "Actual Startup Time": 111.882,
                            "Actual Total Time": 111.885,
                            "Actual Rows": 1,
                            "Actual Loops": 4,
                            "Output": [
                                "PARTIAL count(*)"
                            ],
                            "Workers": [
                                {
                                    "Worker Number": 0,
                                    "Actual Startup Time": 108.753,
                                    "Actual Total Time": 108.756,
                                    "Actual Rows": 1,
                                    "Actual Loops": 1
                                },
                                {
                                    "Worker Number": 1,
                                    "Actual Startup Time": 109.292,
                                    "Actual Total Time": 109.295,
                                    "Actual Rows": 1,
                                    "Actual Loops": 1
                                },
                                {
                                    "Worker Number": 2,
                                    "Actual Startup Time": 109.368,
                                    "Actual Total Time": 109.372,
                                    "Actual Rows": 1,
                                    "Actual Loops": 1
                                }
                            ],
                            "Plans": [
                                {
                                    "Node Type": "Hash Join",
                                    "Parent Relationship": "Outer",
                                    "Parallel Aware": true,
                                    "Join Type": "Inner",
                                    "Startup Cost": 46485.93,
                                    "Total Cost": 71704.16,
                                    "Plan Rows": 122,
                                    "Plan Width": 0,
                                    "Actual Startup Time": 94.7,
                                    "Actual Total Time": 111.873,
                                    "Actual Rows": 46,
                                    "Actual Loops": 4,
                                    "Inner Unique": true,
                                    "Hash Cond": "(mk.movie_id = t.id)",
                                    "Workers": [
                                        {
                                            "Worker Number": 0,
                                            "Actual Startup Time": 91.731,
                                            "Actual Total Time": 108.744,
                                            "Actual Rows": 26,
                                            "Actual Loops": 1
                                        },
                                        {
                                            "Worker Number": 1,
                                            "Actual Startup Time": 91.862,
                                            "Actual Total Time": 109.281,
                                            "Actual Rows": 54,
                                            "Actual Loops": 1
                                        },
                                        {
                                            "Worker Number": 2,
                                            "Actual Startup Time": 92.561,
                                            "Actual Total Time": 109.364,
                                            "Actual Rows": 23,
                                            "Actual Loops": 1
                                        }
                                    ],
                                    "Plans": [
                                        {
                                            "Node Type": "Bitmap Heap Scan",
                                            "Parent Relationship": "Outer",
                                            "Parallel Aware": true,
                                            "Relation Name": "movie_keyword",
                                            "Schema": "public",
                                            "Alias": "mk",
                                            "Startup Cost": 938.86,
                                            "Total Cost": 26119.67,
                                            "Plan Rows": 14253,
                                            "Plan Width": 4,
                                            "Actual Startup Time": 5.03,
                                            "Actual Total Time": 20.102,
                                            "Actual Rows": 10460,
                                            "Actual Loops": 4,
                                            "Output": [
                                                "mk.id",
                                                "mk.movie_id",
                                                "mk.keyword_id"
                                            ],
                                            "Recheck Cond": "(mk.keyword_id = 117)",
                                            "Rows Removed by Index Recheck": 0,
                                            "Exact Heap Blocks": 5751,
                                            "Lossy Heap Blocks": 0,
                                            "Workers": [
                                                {
                                                    "Worker Number": 0,
                                                    "Actual Startup Time": 5.114,
                                                    "Actual Total Time": 20.492,
                                                    "Actual Rows": 4851,
                                                    "Actual Loops": 1
                                                },
                                                {
                                                    "Worker Number": 1,
                                                    "Actual Startup Time": 5.088,
                                                    "Actual Total Time": 20.485,
                                                    "Actual Rows": 8693,
                                                    "Actual Loops": 1
                                                },
                                                {
                                                    "Worker Number": 2,
                                                    "Actual Startup Time": 4.929,
                                                    "Actual Total Time": 20.335,
                                                    "Actual Rows": 9211,
                                                    "Actual Loops": 1
                                                }
                                            ],
                                            "Plans": [
                                                {
                                                    "Node Type": "Bitmap Index Scan",
                                                    "Parent Relationship": "Outer",
                                                    "Parallel Aware": false,
                                                    "Index Name": "keyword_id_movie_keyword",
                                                    "Startup Cost": 0.0,
                                                    "Total Cost": 927.81,
                                                    "Plan Rows": 44184,
                                                    "Plan Width": 0,
                                                    "Actual Startup Time": 3.429,
                                                    "Actual Total Time": 3.429,
                                                    "Actual Rows": 41840,
                                                    "Actual Loops": 1,
                                                    "Index Cond": "(mk.keyword_id = 117)"
                                                }
                                            ]
                                        },
                                        {
                                            "Node Type": "Hash",
                                            "Parent Relationship": "Inner",
                                            "Parallel Aware": true,
                                            "Startup Cost": 45479.21,
                                            "Total Cost": 45479.21,
                                            "Plan Rows": 5429,
                                            "Plan Width": 4,
                                            "Actual Startup Time": 88.886,
                                            "Actual Total Time": 88.887,
                                            "Actual Rows": 6496,
                                            "Actual Loops": 4,
                                            "Output": [
                                                "t.id"
                                            ],
                                            "Hash Buckets": 32768,
                                            "Original Hash Buckets": 32768,
                                            "Hash Batches": 1,
                                            "Original Hash Batches": 1,
                                            "Peak Memory Usage": 1344,
                                            "Workers": [
                                                {
                                                    "Worker Number": 0,
                                                    "Actual Startup Time": 85.773,
                                                    "Actual Total Time": 85.774,
                                                    "Actual Rows": 3644,
                                                    "Actual Loops": 1
                                                },
                                                {
                                                    "Worker Number": 1,
                                                    "Actual Startup Time": 86.317,
                                                    "Actual Total Time": 86.318,
                                                    "Actual Rows": 4873,
                                                    "Actual Loops": 1
                                                },
                                                {
                                                    "Worker Number": 2,
                                                    "Actual Startup Time": 86.369,
                                                    "Actual Total Time": 86.37,
                                                    "Actual Rows": 5003,
                                                    "Actual Loops": 1
                                                }
                                            ],
                                            "Plans": [
                                                {
                                                    "Node Type": "Seq Scan",
                                                    "Parent Relationship": "Outer",
                                                    "Parallel Aware": true,
                                                    "Relation Name": "title",
                                                    "Schema": "public",
                                                    "Alias": "t",
                                                    "Startup Cost": 0.0,
                                                    "Total Cost": 45479.21,
                                                    "Plan Rows": 5429,
                                                    "Plan Width": 4,
                                                    "Actual Startup Time": 0.111,
                                                    "Actual Total Time": 85.958,
                                                    "Actual Rows": 6496,
                                                    "Actual Loops": 4,
                                                    "Output": [
                                                        "t.id"
                                                    ],
                                                    "Filter": "((t.kind_id = 7) AND (t.production_year = 1997))",
                                                    "Rows Removed by Filter": 625582,
                                                    "Workers": [
                                                        {
                                                            "Worker Number": 0,
                                                            "Actual Startup Time": 0.128,
                                                            "Actual Total Time": 82.945,
                                                            "Actual Rows": 3644,
                                                            "Actual Loops": 1
                                                        },
                                                        {
                                                            "Worker Number": 1,
                                                            "Actual Startup Time": 0.129,
                                                            "Actual Total Time": 83.616,
                                                            "Actual Rows": 4873,
                                                            "Actual Loops": 1
                                                        },
                                                        {
                                                            "Worker Number": 2,
                                                            "Actual Startup Time": 0.174,
                                                            "Actual Total Time": 83.382,
                                                            "Actual Rows": 5003,
                                                            "Actual Loops": 1
                                                        }
                                                    ]
                                                }
                                            ]
                                        }
                                    ]
                                }
                            ]
                        }
                    ]
                }
            ]
        },
        "Planning Time": 238.271,
        "Triggers": [],
        "Execution Time": 129.695
    }
]