[
  {
    "Plan": {
      "Node Type": "Aggregate",
      "Strategy": "Plain",
      "Partial Mode": "Finalize",
      "Parallel Aware": false,
      "Startup Cost": 224550.66,
      "Total Cost": 224550.67,
      "Plan Rows": 1,
      "Plan Width": 8,
      "Actual Startup Time": 4437.754,
      "Actual Total Time": 4517.991,
      "Actual Rows": 1,
      "Actual Loops": 1,
      "Plans": [
        {
          "Node Type": "Gather",
          "Parent Relationship": "Outer",
          "Parallel Aware": false,
          "Startup Cost": 224550.34,
          "Total Cost": 224550.65,
          "Plan Rows": 3,
          "Plan Width": 8,
          "Actual Startup Time": 4437.665,
          "Actual Total Time": 4517.985,
          "Actual Rows": 4,
          "Actual Loops": 1,
          "Workers Planned": 3,
          "Workers Launched": 3,
          "Single Copy": false,
          "Plans": [
            {
              "Node Type": "Aggregate",
              "Strategy": "Plain",
              "Partial Mode": "Partial",
              "Parent Relationship": "Outer",
              "Parallel Aware": false,
              "Startup Cost": 223550.34,
              "Total Cost": 223550.35,
              "Plan Rows": 1,
              "Plan Width": 8,
              "Actual Startup Time": 4431.133,
              "Actual Total Time": 4431.136,
              "Actual Rows": 1,
              "Actual Loops": 4,
              "Plans": [
                {
                  "Node Type": "Nested Loop",
                  "Parent Relationship": "Outer",
                  "Parallel Aware": false,
                  "Join Type": "Inner",
                  "Startup Cost": 46104.18,
                  "Total Cost": 222727.23,
                  "Plan Rows": 329245,
                  "Plan Width": 0,
                  "Actual Startup Time": 144.855,
                  "Actual Total Time": 4232.706,
                  "Actual Rows": 4347069,
                  "Actual Loops": 4,
                  "Inner Unique": false,
                  "Join Filter": "(t.id = ci.movie_id)",
                  "Rows Removed by Join Filter": 0,
                  "Plans": [
                    {
                      "Node Type": "Hash Join",
                      "Parent Relationship": "Outer",
                      "Parallel Aware": true,
                      "Join Type": "Inner",
                      "Startup Cost": 46103.61,
                      "Total Cost": 90977.72,
                      "Plan Rows": 65542,
                      "Plan Width": 8,
                      "Actual Startup Time": 144.742,
                      "Actual Total Time": 317.347,
                      "Actual Rows": 216470,
                      "Actual Loops": 4,
                      "Inner Unique": true,
                      "Hash Cond": "(mk.movie_id = t.id)",
                      "Plans": [
                        {
                          "Node Type": "Seq Scan",
                          "Parent Relationship": "Outer",
                          "Parallel Aware": true,
                          "Relation Name": "movie_keyword",
                          "Alias": "mk",
                          "Startup Cost": 0.0,
                          "Total Cost": 42695.65,
                          "Plan Rows": 829888,
                          "Plan Width": 4,
                          "Actual Startup Time": 0.219,
                          "Actual Total Time": 108.503,
                          "Actual Rows": 641885,
                          "Actual Loops": 4,
                          "Filter": "(keyword_id > 3403)",
                          "Rows Removed by Filter": 489098
                        },
                        {
                          "Node Type": "Hash",
                          "Parent Relationship": "Inner",
                          "Parallel Aware": true,
                          "Startup Cost": 45479.59,
                          "Total Cost": 45479.59,
                          "Plan Rows": 49922,
                          "Plan Width": 4,
                          "Actual Startup Time": 113.797,
                          "Actual Total Time": 113.797,
                          "Actual Rows": 84072,
                          "Actual Loops": 4,
                          "Hash Buckets": 524288,
                          "Original Hash Buckets": 262144,
                          "Hash Batches": 1,
                          "Original Hash Batches": 1,
                          "Peak Memory Usage": 19392,
                          "Plans": [
                            {
                              "Node Type": "Seq Scan",
                              "Parent Relationship": "Outer",
                              "Parallel Aware": true,
                              "Relation Name": "title",
                              "Alias": "t",
                              "Startup Cost": 0.0,
                              "Total Cost": 45479.59,
                              "Plan Rows": 49922,
                              "Plan Width": 4,
                              "Actual Startup Time": 47.911,
                              "Actual Total Time": 88.226,
                              "Actual Rows": 84072,
                              "Actual Loops": 4,
                              "Filter": "((kind_id < 2) AND (production_year < 1994))",
                              "Rows Removed by Filter": 548006
                            }
                          ]
                        }
                      ]
                    },
                    {
                      "Node Type": "Index Scan",
                      "Parent Relationship": "Inner",
                      "Parallel Aware": false,
                      "Scan Direction": "Forward",
                      "Index Name": "movie_id_cast_info",
                      "Relation Name": "cast_info",
                      "Alias": "ci",
                      "Startup Cost": 0.56,
                      "Total Cost": 1.86,
                      "Plan Rows": 12,
                      "Plan Width": 4,
                      "Actual Startup Time": 0.002,
                      "Actual Total Time": 0.016,
                      "Actual Rows": 20,
                      "Actual Loops": 865879,
                      "Index Cond": "(movie_id = mk.movie_id)",
                      "Rows Removed by Index Recheck": 0,
                      "Filter": "(role_id = 1)",
                      "Rows Removed by Filter": 21
                    }
                  ]
                }
              ]
            }
          ]
        }
      ]
    },
    "Planning Time": 0.518,
    "Triggers": [],
    "Execution Time": 4518.06
  }
]