{
    "Plan": {
        "Node Type": "Aggregate",
        "Strategy": "Plain",
        "Partial Mode": "Simple",
        "Parallel Aware": false,
        "Startup Cost": 50002012393.46,
        "Total Cost": 50002012393.47,
        "Plan Rows": 1,
        "Plan Width": 64,
        "Actual Startup Time": 3177.793,
        "Actual Total Time": 3238.044,
        "Actual Rows": 1,
        "Actual Loops": 1,
        "Output": [
            "min((kt.kind)::text)",
            "min(t.title)"
        ],
        "Plans": [
            {
                "Node Type": "Nested Loop",
                "Parent Relationship": "Outer",
                "Parallel Aware": false,
                "Join Type": "Inner",
                "Startup Cost": 50002012372.1,
                "Total Cost": 50002012393.46,
                "Plan Rows": 1,
                "Plan Width": 27,
                "Actual Startup Time": 3173.362,
                "Actual Total Time": 3237.861,
                "Actual Rows": 618,
                "Actual Loops": 1,
                "Output": [
                    "kt.kind",
                    "t.title"
                ],
                "Inner Unique": true,
                "Plans": [
                    {
                        "Node Type": "Gather",
                        "Parent Relationship": "Outer",
                        "Parallel Aware": false,
                        "Startup Cost": 40002012371.68,
                        "Total Cost": 40002012389.02,
                        "Plan Rows": 1,
                        "Plan Width": 31,
                        "Actual Startup Time": 3173.342,
                        "Actual Total Time": 3234.518,
                        "Actual Rows": 618,
                        "Actual Loops": 1,
                        "Output": [
                            "mk.keyword_id",
                            "t.title",
                            "kt.kind"
                        ],
                        "Workers Planned": 3,
                        "Workers Launched": 3,
                        "Single Copy": false,
                        "Plans": [
                            {
                                "Node Type": "Hash Join",
                                "Parent Relationship": "Outer",
                                "Parallel Aware": true,
                                "Join Type": "Inner",
                                "Startup Cost": 40002011371.68,
                                "Total Cost": 40002011388.92,
                                "Plan Rows": 1,
                                "Plan Width": 31,
                                "Actual Startup Time": 3162.19,
                                "Actual Total Time": 3162.358,
                                "Actual Rows": 154,
                                "Actual Loops": 4,
                                "Output": [
                                    "mk.keyword_id",
                                    "t.title",
                                    "kt.kind"
                                ],
                                "Inner Unique": true,
                                "Hash Cond": "(mc.company_id = cn.id)",
                                "Workers": [
                                    {
                                        "Worker Number": 0,
                                        "Actual Startup Time": 3158.395,
                                        "Actual Total Time": 3158.412,
                                        "Actual Rows": 0,
                                        "Actual Loops": 1
                                    },
                                    {
                                        "Worker Number": 1,
                                        "Actual Startup Time": 3158.62,
                                        "Actual Total Time": 3158.64,
                                        "Actual Rows": 3,
                                        "Actual Loops": 1
                                    },
                                    {
                                        "Worker Number": 2,
                                        "Actual Startup Time": 3159.195,
                                        "Actual Total Time": 3159.212,
                                        "Actual Rows": 0,
                                        "Actual Loops": 1
                                    }
                                ],
                                "Plans": [
                                    {
                                        "Node Type": "Nested Loop",
                                        "Parent Relationship": "Outer",
                                        "Parallel Aware": false,
                                        "Join Type": "Inner",
                                        "Startup Cost": 40001999506.92,
                                        "Total Cost": 40001999524.15,
                                        "Plan Rows": 1,
                                        "Plan Width": 35,
                                        "Actual Startup Time": 3091.928,
                                        "Actual Total Time": 3092.007,
                                        "Actual Rows": 154,
                                        "Actual Loops": 4,
                                        "Output": [
                                            "mc.company_id",
                                            "mk.keyword_id",
                                            "t.title",
                                            "kt.kind"
                                        ],
                                        "Inner Unique": false,
                                        "Join Filter": "(t.id = mk.movie_id)",
                                        "Rows Removed by Join Filter": 0,
                                        "Workers": [
                                            {
                                                "Worker Number": 0,
                                                "Actual Startup Time": 3091.938,
                                                "Actual Total Time": 3091.954,
                                                "Actual Rows": 0,
                                                "Actual Loops": 1
                                            },
                                            {
                                                "Worker Number": 1,
                                                "Actual Startup Time": 3091.955,
                                                "Actual Total Time": 3091.972,
                                                "Actual Rows": 3,
                                                "Actual Loops": 1
                                            },
                                            {
                                                "Worker Number": 2,
                                                "Actual Startup Time": 3091.888,
                                                "Actual Total Time": 3091.905,
                                                "Actual Rows": 0,
                                                "Actual Loops": 1
                                            }
                                        ],
                                        "Plans": [
                                            {
                                                "Node Type": "Merge Join",
                                                "Parent Relationship": "Outer",
                                                "Parallel Aware": false,
                                                "Join Type": "Inner",
                                                "Startup Cost": 30001999506.09,
                                                "Total Cost": 30001999518.18,
                                                "Plan Rows": 1,
                                                "Plan Width": 47,
                                                "Actual Startup Time": 3091.896,
                                                "Actual Total Time": 3091.912,
                                                "Actual Rows": 2,
                                                "Actual Loops": 4,
                                                "Output": [
                                                    "cc.movie_id",
                                                    "mc.movie_id",
                                                    "mc.company_id",
                                                    "mi.movie_id",
                                                    "t.title",
                                                    "t.id",
                                                    "kt.kind"
                                                ],
                                                "Inner Unique": true,
                                                "Merge Cond": "(mc.company_type_id = ct.id)",
                                                "Workers": [
                                                    {
                                                        "Worker Number": 0,
                                                        "Actual Startup Time": 3091.937,
                                                        "Actual Total Time": 3091.952,
                                                        "Actual Rows": 0,
                                                        "Actual Loops": 1
                                                    },
                                                    {
                                                        "Worker Number": 1,
                                                        "Actual Startup Time": 3091.868,
                                                        "Actual Total Time": 3091.883,
                                                        "Actual Rows": 1,
                                                        "Actual Loops": 1
                                                    },
                                                    {
                                                        "Worker Number": 2,
                                                        "Actual Startup Time": 3091.885,
                                                        "Actual Total Time": 3091.901,
                                                        "Actual Rows": 0,
                                                        "Actual Loops": 1
                                                    }
                                                ],
                                                "Plans": [
                                                    {
                                                        "Node Type": "Sort",
                                                        "Parent Relationship": "Outer",
                                                        "Parallel Aware": false,
                                                        "Startup Cost": 30001999505.96,
                                                        "Total Cost": 30001999505.97,
                                                        "Plan Rows": 1,
                                                        "Plan Width": 51,
                                                        "Actual Startup Time": 3091.882,
                                                        "Actual Total Time": 3091.897,
                                                        "Actual Rows": 2,
                                                        "Actual Loops": 4,
                                                        "Output": [
                                                            "cc.movie_id",
                                                            "mc.movie_id",
                                                            "mc.company_id",
                                                            "mc.company_type_id",
                                                            "mi.movie_id",
                                                            "t.title",
                                                            "t.id",
                                                            "kt.kind"
                                                        ],
                                                        "Sort Key": [
                                                            "mc.company_type_id"
                                                        ],
                                                        "Sort Method": "quicksort",
                                                        "Sort Space Used": 25,
                                                        "Sort Space Type": "Memory",
                                                        "Workers": [
                                                            {
                                                                "Worker Number": 0,
                                                                "Actual Startup Time": 3091.935,
                                                                "Actual Total Time": 3091.949,
                                                                "Actual Rows": 0,
                                                                "Actual Loops": 1
                                                            },
                                                            {
                                                                "Worker Number": 1,
                                                                "Actual Startup Time": 3091.836,
                                                                "Actual Total Time": 3091.85,
                                                                "Actual Rows": 1,
                                                                "Actual Loops": 1
                                                            },
                                                            {
                                                                "Worker Number": 2,
                                                                "Actual Startup Time": 3091.883,
                                                                "Actual Total Time": 3091.898,
                                                                "Actual Rows": 0,
                                                                "Actual Loops": 1
                                                            }
                                                        ],
                                                        "Plans": [
                                                            {
                                                                "Node Type": "Hash Join",
                                                                "Parent Relationship": "Outer",
                                                                "Parallel Aware": true,
                                                                "Join Type": "Inner",
                                                                "Startup Cost": 30001929194.55,
                                                                "Total Cost": 30001999505.95,
                                                                "Plan Rows": 1,
                                                                "Plan Width": 51,
                                                                "Actual Startup Time": 3068.671,
                                                                "Actual Total Time": 3091.841,
                                                                "Actual Rows": 2,
                                                                "Actual Loops": 4,
                                                                "Output": [
                                                                    "cc.movie_id",
                                                                    "mc.movie_id",
                                                                    "mc.company_id",
                                                                    "mc.company_type_id",
                                                                    "mi.movie_id",
                                                                    "t.title",
                                                                    "t.id",
                                                                    "kt.kind"
                                                                ],
                                                                "Inner Unique": false,
                                                                "Hash Cond": "(mc.movie_id = t.id)",
                                                                "Workers": [
                                                                    {
                                                                        "Worker Number": 0,
                                                                        "Actual Startup Time": 3091.874,
                                                                        "Actual Total Time": 3091.888,
                                                                        "Actual Rows": 0,
                                                                        "Actual Loops": 1
                                                                    },
                                                                    {
                                                                        "Worker Number": 1,
                                                                        "Actual Startup Time": 3008.344,
                                                                        "Actual Total Time": 3091.774,
                                                                        "Actual Rows": 1,
                                                                        "Actual Loops": 1
                                                                    },
                                                                    {
                                                                        "Worker Number": 2,
                                                                        "Actual Startup Time": 3091.819,
                                                                        "Actual Total Time": 3091.833,
                                                                        "Actual Rows": 0,
                                                                        "Actual Loops": 1
                                                                    }
                                                                ],
                                                                "Plans": [
                                                                    {
                                                                        "Node Type": "Index Scan",
                                                                        "Parent Relationship": "Outer",
                                                                        "Parallel Aware": true,
                                                                        "Scan Direction": "Forward",
                                                                        "Index Name": "company_type_id_movie_companies",
                                                                        "Relation Name": "movie_companies",
                                                                        "Schema": "public",
                                                                        "Alias": "mc",
                                                                        "Startup Cost": 0.43,
                                                                        "Total Cost": 67155.62,
                                                                        "Plan Rows": 841655,
                                                                        "Plan Width": 12,
                                                                        "Actual Startup Time": 0.027,
                                                                        "Actual Total Time": 101.689,
                                                                        "Actual Rows": 652282,
                                                                        "Actual Loops": 4,
                                                                        "Output": [
                                                                            "mc.id",
                                                                            "mc.movie_id",
                                                                            "mc.company_id",
                                                                            "mc.company_type_id",
                                                                            "mc.note"
                                                                        ],
                                                                        "Workers": [
                                                                            {
                                                                                "Worker Number": 0,
                                                                                "Actual Startup Time": 0.025,
                                                                                "Actual Total Time": 102.742,
                                                                                "Actual Rows": 632672,
                                                                                "Actual Loops": 1
                                                                            },
                                                                            {
                                                                                "Worker Number": 1,
                                                                                "Actual Startup Time": 0.039,
                                                                                "Actual Total Time": 102.428,
                                                                                "Actual Rows": 637215,
                                                                                "Actual Loops": 1
                                                                            },
                                                                            {
                                                                                "Worker Number": 2,
                                                                                "Actual Startup Time": 0.026,
                                                                                "Actual Total Time": 102.84,
                                                                                "Actual Rows": 629169,
                                                                                "Actual Loops": 1
                                                                            }
                                                                        ]
                                                                    },
                                                                    {
                                                                        "Node Type": "Hash",
                                                                        "Parent Relationship": "Inner",
                                                                        "Parallel Aware": true,
                                                                        "Startup Cost": 30001929194.1,
                                                                        "Total Cost": 30001929194.1,
                                                                        "Plan Rows": 1,
                                                                        "Plan Width": 39,
                                                                        "Actual Startup Time": 2945.924,
                                                                        "Actual Total Time": 2945.937,
                                                                        "Actual Rows": 1,
                                                                        "Actual Loops": 4,
                                                                        "Output": [
                                                                            "cc.movie_id",
                                                                            "mi.movie_id",
                                                                            "t.title",
                                                                            "t.id",
                                                                            "kt.kind"
                                                                        ],
                                                                        "Hash Buckets": 1024,
                                                                        "Original Hash Buckets": 1024,
                                                                        "Hash Batches": 1,
                                                                        "Original Hash Batches": 1,
                                                                        "Peak Memory Usage": 40,
                                                                        "Workers": [
                                                                            {
                                                                                "Worker Number": 0,
                                                                                "Actual Startup Time": 2945.894,
                                                                                "Actual Total Time": 2945.907,
                                                                                "Actual Rows": 0,
                                                                                "Actual Loops": 1
                                                                            },
                                                                            {
                                                                                "Worker Number": 1,
                                                                                "Actual Startup Time": 2945.896,
                                                                                "Actual Total Time": 2945.908,
                                                                                "Actual Rows": 0,
                                                                                "Actual Loops": 1
                                                                            },
                                                                            {
                                                                                "Worker Number": 2,
                                                                                "Actual Startup Time": 2945.891,
                                                                                "Actual Total Time": 2945.904,
                                                                                "Actual Rows": 5,
                                                                                "Actual Loops": 1
                                                                            }
                                                                        ],
                                                                        "Plans": [
                                                                            {
                                                                                "Node Type": "Nested Loop",
                                                                                "Parent Relationship": "Outer",
                                                                                "Parallel Aware": false,
                                                                                "Join Type": "Inner",
                                                                                "Startup Cost": 30000213637.94,
                                                                                "Total Cost": 30001929194.1,
                                                                                "Plan Rows": 1,
                                                                                "Plan Width": 39,
                                                                                "Actual Startup Time": 2914.401,
                                                                                "Actual Total Time": 2945.714,
                                                                                "Actual Rows": 1,
                                                                                "Actual Loops": 4,
                                                                                "Output": [
                                                                                    "cc.movie_id",
                                                                                    "mi.movie_id",
                                                                                    "t.title",
                                                                                    "t.id",
                                                                                    "kt.kind"
                                                                                ],
                                                                                "Inner Unique": true,
                                                                                "Workers": [
                                                                                    {
                                                                                        "Worker Number": 0,
                                                                                        "Actual Startup Time": 2945.81,
                                                                                        "Actual Total Time": 2945.822,
                                                                                        "Actual Rows": 0,
                                                                                        "Actual Loops": 1
                                                                                    },
                                                                                    {
                                                                                        "Worker Number": 1,
                                                                                        "Actual Startup Time": 2945.442,
                                                                                        "Actual Total Time": 2945.453,
                                                                                        "Actual Rows": 0,
                                                                                        "Actual Loops": 1
                                                                                    },
                                                                                    {
                                                                                        "Worker Number": 2,
                                                                                        "Actual Startup Time": 2820.643,
                                                                                        "Actual Total Time": 2945.86,
                                                                                        "Actual Rows": 5,
                                                                                        "Actual Loops": 1
                                                                                    }
                                                                                ],
                                                                                "Plans": [
                                                                                    {
                                                                                        "Node Type": "Nested Loop",
                                                                                        "Parent Relationship": "Outer",
                                                                                        "Parallel Aware": false,
                                                                                        "Join Type": "Inner",
                                                                                        "Startup Cost": 30000213637.81,
                                                                                        "Total Cost": 30001929193.93,
                                                                                        "Plan Rows": 1,
                                                                                        "Plan Width": 43,
                                                                                        "Actual Startup Time": 2362.783,
                                                                                        "Actual Total Time": 2945.669,
                                                                                        "Actual Rows": 8,
                                                                                        "Actual Loops": 4,
                                                                                        "Output": [
                                                                                            "cc.movie_id",
                                                                                            "cc.status_id",
                                                                                            "mi.movie_id",
                                                                                            "t.title",
                                                                                            "t.id",
                                                                                            "kt.kind"
                                                                                        ],
                                                                                        "Inner Unique": true,
                                                                                        "Workers": [
                                                                                            {
                                                                                                "Worker Number": 0,
                                                                                                "Actual Startup Time": 2323.663,
                                                                                                "Actual Total Time": 2945.772,
                                                                                                "Actual Rows": 6,
                                                                                                "Actual Loops": 1
                                                                                            },
                                                                                            {
                                                                                                "Worker Number": 1,
                                                                                                "Actual Startup Time": 2394.983,
                                                                                                "Actual Total Time": 2945.419,
                                                                                                "Actual Rows": 4,
                                                                                                "Actual Loops": 1
                                                                                            },
                                                                                            {
                                                                                                "Worker Number": 2,
                                                                                                "Actual Startup Time": 2357.863,
                                                                                                "Actual Total Time": 2945.8,
                                                                                                "Actual Rows": 15,
                                                                                                "Actual Loops": 1
                                                                                            }
                                                                                        ],
                                                                                        "Plans": [
                                                                                            {
                                                                                                "Node Type": "Hash Join",
                                                                                                "Parent Relationship": "Outer",
                                                                                                "Parallel Aware": true,
                                                                                                "Join Type": "Inner",
                                                                                                "Startup Cost": 20000213637.64,
                                                                                                "Total Cost": 20001929181.54,
                                                                                                "Plan Rows": 2,
                                                                                                "Plan Width": 47,
                                                                                                "Actual Startup Time": 2362.743,
                                                                                                "Actual Total Time": 2945.584,
                                                                                                "Actual Rows": 8,
                                                                                                "Actual Loops": 4,
                                                                                                "Output": [
                                                                                                    "cc.movie_id",
                                                                                                    "cc.status_id",
                                                                                                    "mi.movie_id",
                                                                                                    "mi.info_type_id",
                                                                                                    "t.title",
                                                                                                    "t.id",
                                                                                                    "kt.kind"
                                                                                                ],
                                                                                                "Inner Unique": false,
                                                                                                "Hash Cond": "(t.id = mi.movie_id)",
                                                                                                "Workers": [
                                                                                                    {
                                                                                                        "Worker Number": 0,
                                                                                                        "Actual Startup Time": 2323.61,
                                                                                                        "Actual Total Time": 2945.686,
                                                                                                        "Actual Rows": 6,
                                                                                                        "Actual Loops": 1
                                                                                                    },
                                                                                                    {
                                                                                                        "Worker Number": 1,
                                                                                                        "Actual Startup Time": 2394.935,
                                                                                                        "Actual Total Time": 2945.351,
                                                                                                        "Actual Rows": 4,
                                                                                                        "Actual Loops": 1
                                                                                                    },
                                                                                                    {
                                                                                                        "Worker Number": 2,
                                                                                                        "Actual Startup Time": 2357.82,
                                                                                                        "Actual Total Time": 2945.675,
                                                                                                        "Actual Rows": 15,
                                                                                                        "Actual Loops": 1
                                                                                                    }
                                                                                                ],
                                                                                                "Plans": [
                                                                                                    {
                                                                                                        "Node Type": "Nested Loop",
                                                                                                        "Parent Relationship": "Outer",
                                                                                                        "Parallel Aware": false,
                                                                                                        "Join Type": "Inner",
                                                                                                        "Startup Cost": 20000000001.01,
                                                                                                        "Total Cost": 20001715327.76,
                                                                                                        "Plan Rows": 2632,
                                                                                                        "Plan Width": 39,
                                                                                                        "Actual Startup Time": 1707.551,
                                                                                                        "Actual Total Time": 2335.293,
                                                                                                        "Actual Rows": 1558,
                                                                                                        "Actual Loops": 4,
                                                                                                        "Output": [
                                                                                                            "cc.movie_id",
                                                                                                            "cc.status_id",
                                                                                                            "t.title",
                                                                                                            "t.id",
                                                                                                            "kt.kind"
                                                                                                        ],
                                                                                                        "Inner Unique": true,
                                                                                                        "Workers": [
                                                                                                            {
                                                                                                                "Worker Number": 0,
                                                                                                                "Actual Startup Time": 1708.289,
                                                                                                                "Actual Total Time": 2335.375,
                                                                                                                "Actual Rows": 1652,
                                                                                                                "Actual Loops": 1
                                                                                                            },
                                                                                                            {
                                                                                                                "Worker Number": 1,
                                                                                                                "Actual Startup Time": 1707.231,
                                                                                                                "Actual Total Time": 2335.128,
                                                                                                                "Actual Rows": 1570,
                                                                                                                "Actual Loops": 1
                                                                                                            },
                                                                                                            {
                                                                                                                "Worker Number": 2,
                                                                                                                "Actual Startup Time": 1707.627,
                                                                                                                "Actual Total Time": 2335.407,
                                                                                                                "Actual Rows": 1522,
                                                                                                                "Actual Loops": 1
                                                                                                            }
                                                                                                        ],
                                                                                                        "Plans": [
                                                                                                            {
                                                                                                                "Node Type": "Nested Loop",
                                                                                                                "Parent Relationship": "Outer",
                                                                                                                "Parallel Aware": false,
                                                                                                                "Join Type": "Inner",
                                                                                                                "Startup Cost": 10000000000.87,
                                                                                                                "Total Cost": 10001638728.37,
                                                                                                                "Plan Rows": 18428,
                                                                                                                "Plan Width": 33,
                                                                                                                "Actual Startup Time": 9.203,
                                                                                                                "Actual Total Time": 2291.805,
                                                                                                                "Actual Rows": 9680,
                                                                                                                "Actual Loops": 4,
                                                                                                                "Output": [
                                                                                                                    "cc.movie_id",
                                                                                                                    "cc.status_id",
                                                                                                                    "t.title",
                                                                                                                    "t.kind_id",
                                                                                                                    "t.id"
                                                                                                                ],
                                                                                                                "Inner Unique": false,
                                                                                                                "Workers": [
                                                                                                                    {
                                                                                                                        "Worker Number": 0,
                                                                                                                        "Actual Startup Time": 15.108,
                                                                                                                        "Actual Total Time": 2289.32,
                                                                                                                        "Actual Rows": 9747,
                                                                                                                        "Actual Loops": 1
                                                                                                                    },
                                                                                                                    {
                                                                                                                        "Worker Number": 1,
                                                                                                                        "Actual Startup Time": 4.141,
                                                                                                                        "Actual Total Time": 2292.158,
                                                                                                                        "Actual Rows": 9828,
                                                                                                                        "Actual Loops": 1
                                                                                                                    },
                                                                                                                    {
                                                                                                                        "Worker Number": 2,
                                                                                                                        "Actual Startup Time": 16.165,
                                                                                                                        "Actual Total Time": 2293.224,
                                                                                                                        "Actual Rows": 9542,
                                                                                                                        "Actual Loops": 1
                                                                                                                    }
                                                                                                                ],
                                                                                                                "Plans": [
                                                                                                                    {
                                                                                                                        "Node Type": "Index Scan",
                                                                                                                        "Parent Relationship": "Outer",
                                                                                                                        "Parallel Aware": true,
                                                                                                                        "Scan Direction": "Forward",
                                                                                                                        "Index Name": "title_pkey",
                                                                                                                        "Relation Name": "title",
                                                                                                                        "Schema": "public",
                                                                                                                        "Alias": "t",
                                                                                                                        "Startup Cost": 0.43,
                                                                                                                        "Total Cost": 92959.88,
                                                                                                                        "Plan Rows": 344898,
                                                                                                                        "Plan Width": 25,
                                                                                                                        "Actual Startup Time": 0.108,
                                                                                                                        "Actual Total Time": 583.312,
                                                                                                                        "Actual Rows": 345363,
                                                                                                                        "Actual Loops": 4,
                                                                                                                        "Output": [
                                                                                                                            "t.id",
                                                                                                                            "t.title",
                                                                                                                            "t.imdb_index",
                                                                                                                            "t.kind_id",
                                                                                                                            "t.production_year",
                                                                                                                            "t.imdb_id",
                                                                                                                            "t.phonetic_code",
                                                                                                                            "t.episode_of_id",
                                                                                                                            "t.season_nr",
                                                                                                                            "t.episode_nr",
                                                                                                                            "t.series_years",
                                                                                                                            "t.md5sum"
                                                                                                                        ],
                                                                                                                        "Filter": "(t.production_year > 2000)",
                                                                                                                        "Rows Removed by Filter": 286715,
                                                                                                                        "Workers": [
                                                                                                                            {
                                                                                                                                "Worker Number": 0,
                                                                                                                                "Actual Startup Time": 0.115,
                                                                                                                                "Actual Total Time": 589.604,
                                                                                                                                "Actual Rows": 336607,
                                                                                                                                "Actual Loops": 1
                                                                                                                            },
                                                                                                                            {
                                                                                                                                "Worker Number": 1,
                                                                                                                                "Actual Startup Time": 0.08,
                                                                                                                                "Actual Total Time": 580.64,
                                                                                                                                "Actual Rows": 345486,
                                                                                                                                "Actual Loops": 1
                                                                                                                            },
                                                                                                                            {
                                                                                                                                "Worker Number": 2,
                                                                                                                                "Actual Startup Time": 0.152,
                                                                                                                                "Actual Total Time": 602.859,
                                                                                                                                "Actual Rows": 350470,
                                                                                                                                "Actual Loops": 1
                                                                                                                            }
                                                                                                                        ]
                                                                                                                    },
                                                                                                                    {
                                                                                                                        "Node Type": "Bitmap Heap Scan",
                                                                                                                        "Parent Relationship": "Inner",
                                                                                                                        "Parallel Aware": false,
                                                                                                                        "Relation Name": "complete_cast",
                                                                                                                        "Schema": "public",
                                                                                                                        "Alias": "cc",
                                                                                                                        "Startup Cost": 0.44,
                                                                                                                        "Total Cost": 4.46,
                                                                                                                        "Plan Rows": 2,
                                                                                                                        "Plan Width": 8,
                                                                                                                        "Actual Startup Time": 0.003,
                                                                                                                        "Actual Total Time": 0.003,
                                                                                                                        "Actual Rows": 0,
                                                                                                                        "Actual Loops": 1381453,
                                                                                                                        "Output": [
                                                                                                                            "cc.id",
                                                                                                                            "cc.movie_id",
                                                                                                                            "cc.subject_id",
                                                                                                                            "cc.status_id"
                                                                                                                        ],
                                                                                                                        "Recheck Cond": "(cc.movie_id = t.id)",
                                                                                                                        "Rows Removed by Index Recheck": 0,
                                                                                                                        "Exact Heap Blocks": 9605,
                                                                                                                        "Lossy Heap Blocks": 0,
                                                                                                                        "Workers": [
                                                                                                                            {
                                                                                                                                "Worker Number": 0,
                                                                                                                                "Actual Startup Time": 0.003,
                                                                                                                                "Actual Total Time": 0.003,
                                                                                                                                "Actual Rows": 0,
                                                                                                                                "Actual Loops": 336607
                                                                                                                            },
                                                                                                                            {
                                                                                                                                "Worker Number": 1,
                                                                                                                                "Actual Startup Time": 0.003,
                                                                                                                                "Actual Total Time": 0.003,
                                                                                                                                "Actual Rows": 0,
                                                                                                                                "Actual Loops": 345486
                                                                                                                            },
                                                                                                                            {
                                                                                                                                "Worker Number": 2,
                                                                                                                                "Actual Startup Time": 0.003,
                                                                                                                                "Actual Total Time": 0.003,
                                                                                                                                "Actual Rows": 0,
                                                                                                                                "Actual Loops": 350470
                                                                                                                            }
                                                                                                                        ],
                                                                                                                        "Plans": [
                                                                                                                            {
                                                                                                                                "Node Type": "Bitmap Index Scan",
                                                                                                                                "Parent Relationship": "Outer",
                                                                                                                                "Parallel Aware": false,
                                                                                                                                "Index Name": "movie_id_complete_cast",
                                                                                                                                "Startup Cost": 0.0,
                                                                                                                                "Total Cost": 0.44,
                                                                                                                                "Plan Rows": 2,
                                                                                                                                "Plan Width": 0,
                                                                                                                                "Actual Startup Time": 0.003,
                                                                                                                                "Actual Total Time": 0.003,
                                                                                                                                "Actual Rows": 0,
                                                                                                                                "Actual Loops": 1381453,
                                                                                                                                "Index Cond": "(cc.movie_id = t.id)",
                                                                                                                                "Workers": [
                                                                                                                                    {
                                                                                                                                        "Worker Number": 0,
                                                                                                                                        "Actual Startup Time": 0.003,
                                                                                                                                        "Actual Total Time": 0.003,
                                                                                                                                        "Actual Rows": 0,
                                                                                                                                        "Actual Loops": 336607
                                                                                                                                    },
                                                                                                                                    {
                                                                                                                                        "Worker Number": 1,
                                                                                                                                        "Actual Startup Time": 0.003,
                                                                                                                                        "Actual Total Time": 0.003,
                                                                                                                                        "Actual Rows": 0,
                                                                                                                                        "Actual Loops": 345486
                                                                                                                                    },
                                                                                                                                    {
                                                                                                                                        "Worker Number": 2,
                                                                                                                                        "Actual Startup Time": 0.003,
                                                                                                                                        "Actual Total Time": 0.003,
                                                                                                                                        "Actual Rows": 0,
                                                                                                                                        "Actual Loops": 350470
                                                                                                                                    }
                                                                                                                                ]
                                                                                                                            }
                                                                                                                        ]
                                                                                                                    }
                                                                                                                ]
                                                                                                            },
                                                                                                            {
                                                                                                                "Node Type": "Bitmap Heap Scan",
                                                                                                                "Parent Relationship": "Inner",
                                                                                                                "Parallel Aware": false,
                                                                                                                "Relation Name": "kind_type",
                                                                                                                "Schema": "public",
                                                                                                                "Alias": "kt",
                                                                                                                "Startup Cost": 0.14,
                                                                                                                "Total Cost": 4.16,
                                                                                                                "Plan Rows": 1,
                                                                                                                "Plan Width": 14,
                                                                                                                "Actual Startup Time": 0.003,
                                                                                                                "Actual Total Time": 0.003,
                                                                                                                "Actual Rows": 0,
                                                                                                                "Actual Loops": 38722,
                                                                                                                "Output": [
                                                                                                                    "kt.id",
                                                                                                                    "kt.kind"
                                                                                                                ],
                                                                                                                "Recheck Cond": "(kt.id = t.kind_id)",
                                                                                                                "Rows Removed by Index Recheck": 0,
                                                                                                                "Filter": "((kt.kind)::text = 'movie'::text)",
                                                                                                                "Rows Removed by Filter": 1,
                                                                                                                "Exact Heap Blocks": 9605,
                                                                                                                "Lossy Heap Blocks": 0,
                                                                                                                "Workers": [
                                                                                                                    {
                                                                                                                        "Worker Number": 0,
                                                                                                                        "Actual Startup Time": 0.003,
                                                                                                                        "Actual Total Time": 0.003,
                                                                                                                        "Actual Rows": 0,
                                                                                                                        "Actual Loops": 9747
                                                                                                                    },
                                                                                                                    {
                                                                                                                        "Worker Number": 1,
                                                                                                                        "Actual Startup Time": 0.003,
                                                                                                                        "Actual Total Time": 0.003,
                                                                                                                        "Actual Rows": 0,
                                                                                                                        "Actual Loops": 9828
                                                                                                                    },
                                                                                                                    {
                                                                                                                        "Worker Number": 2,
                                                                                                                        "Actual Startup Time": 0.003,
                                                                                                                        "Actual Total Time": 0.003,
                                                                                                                        "Actual Rows": 0,
                                                                                                                        "Actual Loops": 9542
                                                                                                                    }
                                                                                                                ],
                                                                                                                "Plans": [
                                                                                                                    {
                                                                                                                        "Node Type": "Bitmap Index Scan",
                                                                                                                        "Parent Relationship": "Outer",
                                                                                                                        "Parallel Aware": false,
                                                                                                                        "Index Name": "kind_type_pkey",
                                                                                                                        "Startup Cost": 0.0,
                                                                                                                        "Total Cost": 0.14,
                                                                                                                        "Plan Rows": 1,
                                                                                                                        "Plan Width": 0,
                                                                                                                        "Actual Startup Time": 0.001,
                                                                                                                        "Actual Total Time": 0.001,
                                                                                                                        "Actual Rows": 1,
                                                                                                                        "Actual Loops": 38722,
                                                                                                                        "Index Cond": "(kt.id = t.kind_id)",
                                                                                                                        "Workers": [
                                                                                                                            {
                                                                                                                                "Worker Number": 0,
                                                                                                                                "Actual Startup Time": 0.001,
                                                                                                                                "Actual Total Time": 0.001,
                                                                                                                                "Actual Rows": 1,
                                                                                                                                "Actual Loops": 9747
                                                                                                                            },
                                                                                                                            {
                                                                                                                                "Worker Number": 1,
                                                                                                                                "Actual Startup Time": 0.001,
                                                                                                                                "Actual Total Time": 0.001,
                                                                                                                                "Actual Rows": 1,
                                                                                                                                "Actual Loops": 9828
                                                                                                                            },
                                                                                                                            {
                                                                                                                                "Worker Number": 2,
                                                                                                                                "Actual Startup Time": 0.001,
                                                                                                                                "Actual Total Time": 0.001,
                                                                                                                                "Actual Rows": 1,
                                                                                                                                "Actual Loops": 9542
                                                                                                                            }
                                                                                                                        ]
                                                                                                                    }
                                                                                                                ]
                                                                                                            }
                                                                                                        ]
                                                                                                    },
                                                                                                    {
                                                                                                        "Node Type": "Hash",
                                                                                                        "Parent Relationship": "Inner",
                                                                                                        "Parallel Aware": true,
                                                                                                        "Startup Cost": 213635.83,
                                                                                                        "Total Cost": 213635.83,
                                                                                                        "Plan Rows": 64,
                                                                                                        "Plan Width": 8,
                                                                                                        "Actual Startup Time": 609.528,
                                                                                                        "Actual Total Time": 609.529,
                                                                                                        "Actual Rows": 446,
                                                                                                        "Actual Loops": 4,
                                                                                                        "Output": [
                                                                                                            "mi.movie_id",
                                                                                                            "mi.info_type_id"
                                                                                                        ],
                                                                                                        "Hash Buckets": 1024,
                                                                                                        "Original Hash Buckets": 1024,
                                                                                                        "Hash Batches": 1,
                                                                                                        "Original Hash Batches": 1,
                                                                                                        "Peak Memory Usage": 136,
                                                                                                        "Workers": [
                                                                                                            {
                                                                                                                "Worker Number": 0,
                                                                                                                "Actual Startup Time": 609.521,
                                                                                                                "Actual Total Time": 609.523,
                                                                                                                "Actual Rows": 429,
                                                                                                                "Actual Loops": 1
                                                                                                            },
                                                                                                            {
                                                                                                                "Worker Number": 1,
                                                                                                                "Actual Startup Time": 609.476,
                                                                                                                "Actual Total Time": 609.477,
                                                                                                                "Actual Rows": 399,
                                                                                                                "Actual Loops": 1
                                                                                                            },
                                                                                                            {
                                                                                                                "Worker Number": 2,
                                                                                                                "Actual Startup Time": 609.563,
                                                                                                                "Actual Total Time": 609.564,
                                                                                                                "Actual Rows": 392,
                                                                                                                "Actual Loops": 1
                                                                                                            }
                                                                                                        ],
                                                                                                        "Plans": [
                                                                                                            {
                                                                                                                "Node Type": "Seq Scan",
                                                                                                                "Parent Relationship": "Outer",
                                                                                                                "Parallel Aware": true,
                                                                                                                "Relation Name": "movie_info",
                                                                                                                "Schema": "public",
                                                                                                                "Alias": "mi",
                                                                                                                "Startup Cost": 0.0,
                                                                                                                "Total Cost": 213635.83,
                                                                                                                "Plan Rows": 64,
                                                                                                                "Plan Width": 8,
                                                                                                                "Actual Startup Time": 169.069,
                                                                                                                "Actual Total Time": 609.041,
                                                                                                                "Actual Rows": 446,
                                                                                                                "Actual Loops": 4,
                                                                                                                "Output": [
                                                                                                                    "mi.movie_id",
                                                                                                                    "mi.info_type_id"
                                                                                                                ],
                                                                                                                "Filter": "((mi.info IS NOT NULL) AND (mi.note ~~ '%internet%'::text) AND ((mi.info ~~ 'USA:% 199%'::text) OR (mi.info ~~ 'USA:% 200%'::text)))",
                                                                                                                "Rows Removed by Filter": 3708484,
                                                                                                                "Workers": [
                                                                                                                    {
                                                                                                                        "Worker Number": 0,
                                                                                                                        "Actual Startup Time": 168.972,
                                                                                                                        "Actual Total Time": 609.015,
                                                                                                                        "Actual Rows": 429,
                                                                                                                        "Actual Loops": 1
                                                                                                                    },
                                                                                                                    {
                                                                                                                        "Worker Number": 1,
                                                                                                                        "Actual Startup Time": 168.847,
                                                                                                                        "Actual Total Time": 608.927,
                                                                                                                        "Actual Rows": 399,
                                                                                                                        "Actual Loops": 1
                                                                                                                    },
                                                                                                                    {
                                                                                                                        "Worker Number": 2,
                                                                                                                        "Actual Startup Time": 170.108,
                                                                                                                        "Actual Total Time": 609.063,
                                                                                                                        "Actual Rows": 392,
                                                                                                                        "Actual Loops": 1
                                                                                                                    }
                                                                                                                ]
                                                                                                            }
                                                                                                        ]
                                                                                                    }
                                                                                                ]
                                                                                            },
                                                                                            {
                                                                                                "Node Type": "Bitmap Heap Scan",
                                                                                                "Parent Relationship": "Inner",
                                                                                                "Parallel Aware": false,
                                                                                                "Relation Name": "info_type",
                                                                                                "Schema": "public",
                                                                                                "Alias": "it1",
                                                                                                "Startup Cost": 0.18,
                                                                                                "Total Cost": 4.19,
                                                                                                "Plan Rows": 1,
                                                                                                "Plan Width": 4,
                                                                                                "Actual Startup Time": 0.007,
                                                                                                "Actual Total Time": 0.007,
                                                                                                "Actual Rows": 1,
                                                                                                "Actual Loops": 32,
                                                                                                "Output": [
                                                                                                    "it1.id",
                                                                                                    "it1.info"
                                                                                                ],
                                                                                                "Recheck Cond": "(it1.id = mi.info_type_id)",
                                                                                                "Rows Removed by Index Recheck": 0,
                                                                                                "Filter": "((it1.info)::text = 'release dates'::text)",
                                                                                                "Rows Removed by Filter": 0,
                                                                                                "Exact Heap Blocks": 7,
                                                                                                "Lossy Heap Blocks": 0,
                                                                                                "Workers": [
                                                                                                    {
                                                                                                        "Worker Number": 0,
                                                                                                        "Actual Startup Time": 0.011,
                                                                                                        "Actual Total Time": 0.011,
                                                                                                        "Actual Rows": 1,
                                                                                                        "Actual Loops": 6
                                                                                                    },
                                                                                                    {
                                                                                                        "Worker Number": 1,
                                                                                                        "Actual Startup Time": 0.013,
                                                                                                        "Actual Total Time": 0.013,
                                                                                                        "Actual Rows": 1,
                                                                                                        "Actual Loops": 4
                                                                                                    },
                                                                                                    {
                                                                                                        "Worker Number": 2,
                                                                                                        "Actual Startup Time": 0.005,
                                                                                                        "Actual Total Time": 0.006,
                                                                                                        "Actual Rows": 1,
                                                                                                        "Actual Loops": 15
                                                                                                    }
                                                                                                ],
                                                                                                "Plans": [
                                                                                                    {
                                                                                                        "Node Type": "Bitmap Index Scan",
                                                                                                        "Parent Relationship": "Outer",
                                                                                                        "Parallel Aware": false,
                                                                                                        "Index Name": "info_type_pkey",
                                                                                                        "Startup Cost": 0.0,
                                                                                                        "Total Cost": 0.17,
                                                                                                        "Plan Rows": 1,
                                                                                                        "Plan Width": 0,
                                                                                                        "Actual Startup Time": 0.004,
                                                                                                        "Actual Total Time": 0.004,
                                                                                                        "Actual Rows": 1,
                                                                                                        "Actual Loops": 32,
                                                                                                        "Index Cond": "(it1.id = mi.info_type_id)",
                                                                                                        "Workers": [
                                                                                                            {
                                                                                                                "Worker Number": 0,
                                                                                                                "Actual Startup Time": 0.006,
                                                                                                                "Actual Total Time": 0.006,
                                                                                                                "Actual Rows": 1,
                                                                                                                "Actual Loops": 6
                                                                                                            },
                                                                                                            {
                                                                                                                "Worker Number": 1,
                                                                                                                "Actual Startup Time": 0.008,
                                                                                                                "Actual Total Time": 0.008,
                                                                                                                "Actual Rows": 1,
                                                                                                                "Actual Loops": 4
                                                                                                            },
                                                                                                            {
                                                                                                                "Worker Number": 2,
                                                                                                                "Actual Startup Time": 0.003,
                                                                                                                "Actual Total Time": 0.003,
                                                                                                                "Actual Rows": 1,
                                                                                                                "Actual Loops": 15
                                                                                                            }
                                                                                                        ]
                                                                                                    }
                                                                                                ]
                                                                                            }
                                                                                        ]
                                                                                    },
                                                                                    {
                                                                                        "Node Type": "Index Scan",
                                                                                        "Parent Relationship": "Inner",
                                                                                        "Parallel Aware": false,
                                                                                        "Scan Direction": "Forward",
                                                                                        "Index Name": "comp_cast_type_pkey",
                                                                                        "Relation Name": "comp_cast_type",
                                                                                        "Schema": "public",
                                                                                        "Alias": "cct1",
                                                                                        "Startup Cost": 0.13,
                                                                                        "Total Cost": 0.15,
                                                                                        "Plan Rows": 1,
                                                                                        "Plan Width": 4,
                                                                                        "Actual Startup Time": 0.004,
                                                                                        "Actual Total Time": 0.004,
                                                                                        "Actual Rows": 0,
                                                                                        "Actual Loops": 32,
                                                                                        "Output": [
                                                                                            "cct1.id",
                                                                                            "cct1.kind"
                                                                                        ],
                                                                                        "Index Cond": "(cct1.id = cc.status_id)",
                                                                                        "Rows Removed by Index Recheck": 0,
                                                                                        "Filter": "((cct1.kind)::text = 'complete+verified'::text)",
                                                                                        "Rows Removed by Filter": 1,
                                                                                        "Workers": [
                                                                                            {
                                                                                                "Worker Number": 0,
                                                                                                "Actual Startup Time": 0.007,
                                                                                                "Actual Total Time": 0.007,
                                                                                                "Actual Rows": 0,
                                                                                                "Actual Loops": 6
                                                                                            },
                                                                                            {
                                                                                                "Worker Number": 1,
                                                                                                "Actual Startup Time": 0.007,
                                                                                                "Actual Total Time": 0.007,
                                                                                                "Actual Rows": 0,
                                                                                                "Actual Loops": 4
                                                                                            },
                                                                                            {
                                                                                                "Worker Number": 2,
                                                                                                "Actual Startup Time": 0.003,
                                                                                                "Actual Total Time": 0.003,
                                                                                                "Actual Rows": 0,
                                                                                                "Actual Loops": 15
                                                                                            }
                                                                                        ]
                                                                                    }
                                                                                ]
                                                                            }
                                                                        ]
                                                                    }
                                                                ]
                                                            }
                                                        ]
                                                    },
                                                    {
                                                        "Node Type": "Index Scan",
                                                        "Parent Relationship": "Inner",
                                                        "Parallel Aware": false,
                                                        "Scan Direction": "Forward",
                                                        "Index Name": "company_type_pkey",
                                                        "Relation Name": "company_type",
                                                        "Schema": "public",
                                                        "Alias": "ct",
                                                        "Startup Cost": 0.13,
                                                        "Total Cost": 12.19,
                                                        "Plan Rows": 4,
                                                        "Plan Width": 4,
                                                        "Actual Startup Time": 0.018,
                                                        "Actual Total Time": 0.018,
                                                        "Actual Rows": 2,
                                                        "Actual Loops": 2,
                                                        "Output": [
                                                            "ct.id",
                                                            "ct.kind"
                                                        ],
                                                        "Workers": [
                                                            {
                                                                "Worker Number": 1,
                                                                "Actual Startup Time": 0.025,
                                                                "Actual Total Time": 0.026,
                                                                "Actual Rows": 1,
                                                                "Actual Loops": 1
                                                            }
                                                        ]
                                                    }
                                                ]
                                            },
                                            {
                                                "Node Type": "Bitmap Heap Scan",
                                                "Parent Relationship": "Inner",
                                                "Parallel Aware": false,
                                                "Relation Name": "movie_keyword",
                                                "Schema": "public",
                                                "Alias": "mk",
                                                "Startup Cost": 0.82,
                                                "Total Cost": 5.4,
                                                "Plan Rows": 46,
                                                "Plan Width": 8,
                                                "Actual Startup Time": 0.025,
                                                "Actual Total Time": 0.037,
                                                "Actual Rows": 103,
                                                "Actual Loops": 6,
                                                "Output": [
                                                    "mk.id",
                                                    "mk.movie_id",
                                                    "mk.keyword_id"
                                                ],
                                                "Recheck Cond": "(mk.movie_id = mc.movie_id)",
                                                "Rows Removed by Index Recheck": 0,
                                                "Exact Heap Blocks": 9,
                                                "Lossy Heap Blocks": 0,
                                                "Workers": [
                                                    {
                                                        "Worker Number": 1,
                                                        "Actual Startup Time": 0.076,
                                                        "Actual Total Time": 0.077,
                                                        "Actual Rows": 3,
                                                        "Actual Loops": 1
                                                    }
                                                ],
                                                "Plans": [
                                                    {
                                                        "Node Type": "Bitmap Index Scan",
                                                        "Parent Relationship": "Outer",
                                                        "Parallel Aware": false,
                                                        "Index Name": "movie_id_movie_keyword",
                                                        "Startup Cost": 0.0,
                                                        "Total Cost": 0.81,
                                                        "Plan Rows": 46,
                                                        "Plan Width": 0,
                                                        "Actual Startup Time": 0.018,
                                                        "Actual Total Time": 0.018,
                                                        "Actual Rows": 103,
                                                        "Actual Loops": 6,
                                                        "Index Cond": "(mk.movie_id = mc.movie_id)",
                                                        "Workers": [
                                                            {
                                                                "Worker Number": 1,
                                                                "Actual Startup Time": 0.06,
                                                                "Actual Total Time": 0.061,
                                                                "Actual Rows": 3,
                                                                "Actual Loops": 1
                                                            }
                                                        ]
                                                    }
                                                ]
                                            }
                                        ]
                                    },
                                    {
                                        "Node Type": "Hash",
                                        "Parent Relationship": "Inner",
                                        "Parallel Aware": true,
                                        "Startup Cost": 11244.9,
                                        "Total Cost": 11244.9,
                                        "Plan Rows": 49589,
                                        "Plan Width": 4,
                                        "Actual Startup Time": 69.135,
                                        "Actual Total Time": 69.135,
                                        "Actual Rows": 21211,
                                        "Actual Loops": 4,
                                        "Output": [
                                            "cn.id"
                                        ],
                                        "Hash Buckets": 131072,
                                        "Original Hash Buckets": 131072,
                                        "Hash Batches": 1,
                                        "Original Hash Batches": 1,
                                        "Peak Memory Usage": 4384,
                                        "Workers": [
                                            {
                                                "Worker Number": 0,
                                                "Actual Startup Time": 65.927,
                                                "Actual Total Time": 65.927,
                                                "Actual Rows": 17774,
                                                "Actual Loops": 1
                                            },
                                            {
                                                "Worker Number": 1,
                                                "Actual Startup Time": 65.938,
                                                "Actual Total Time": 65.938,
                                                "Actual Rows": 18455,
                                                "Actual Loops": 1
                                            },
                                            {
                                                "Worker Number": 2,
                                                "Actual Startup Time": 66.846,
                                                "Actual Total Time": 66.847,
                                                "Actual Rows": 17761,
                                                "Actual Loops": 1
                                            }
                                        ],
                                        "Plans": [
                                            {
                                                "Node Type": "Index Scan",
                                                "Parent Relationship": "Outer",
                                                "Parallel Aware": true,
                                                "Scan Direction": "Forward",
                                                "Index Name": "company_name_pkey",
                                                "Relation Name": "company_name",
                                                "Schema": "public",
                                                "Alias": "cn",
                                                "Startup Cost": 0.42,
                                                "Total Cost": 11244.9,
                                                "Plan Rows": 49589,
                                                "Plan Width": 4,
                                                "Actual Startup Time": 0.19,
                                                "Actual Total Time": 59.649,
                                                "Actual Rows": 21211,
                                                "Actual Loops": 4,
                                                "Output": [
                                                    "cn.id"
                                                ],
                                                "Filter": "((cn.country_code)::text = '[us]'::text)",
                                                "Rows Removed by Filter": 37538,
                                                "Workers": [
                                                    {
                                                        "Worker Number": 0,
                                                        "Actual Startup Time": 0.188,
                                                        "Actual Total Time": 56.882,
                                                        "Actual Rows": 17774,
                                                        "Actual Loops": 1
                                                    },
                                                    {
                                                        "Worker Number": 1,
                                                        "Actual Startup Time": 0.158,
                                                        "Actual Total Time": 57.624,
                                                        "Actual Rows": 18455,
                                                        "Actual Loops": 1
                                                    },
                                                    {
                                                        "Worker Number": 2,
                                                        "Actual Startup Time": 0.38,
                                                        "Actual Total Time": 57.589,
                                                        "Actual Rows": 17761,
                                                        "Actual Loops": 1
                                                    }
                                                ]
                                            }
                                        ]
                                    }
                                ]
                            }
                        ]
                    },
                    {
                        "Node Type": "Bitmap Heap Scan",
                        "Parent Relationship": "Inner",
                        "Parallel Aware": false,
                        "Relation Name": "keyword",
                        "Schema": "public",
                        "Alias": "k",
                        "Startup Cost": 0.43,
                        "Total Cost": 4.44,
                        "Plan Rows": 1,
                        "Plan Width": 4,
                        "Actual Startup Time": 0.003,
                        "Actual Total Time": 0.003,
                        "Actual Rows": 1,
                        "Actual Loops": 618,
                        "Output": [
                            "k.id",
                            "k.keyword",
                            "k.phonetic_code"
                        ],
                        "Recheck Cond": "(k.id = mk.keyword_id)",
                        "Rows Removed by Index Recheck": 0,
                        "Exact Heap Blocks": 618,
                        "Lossy Heap Blocks": 0,
                        "Plans": [
                            {
                                "Node Type": "Bitmap Index Scan",
                                "Parent Relationship": "Outer",
                                "Parallel Aware": false,
                                "Index Name": "keyword_pkey",
                                "Startup Cost": 0.0,
                                "Total Cost": 0.43,
                                "Plan Rows": 1,
                                "Plan Width": 0,
                                "Actual Startup Time": 0.002,
                                "Actual Total Time": 0.002,
                                "Actual Rows": 1,
                                "Actual Loops": 618,
                                "Index Cond": "(k.id = mk.keyword_id)"
                            }
                        ]
                    }
                ]
            }
        ]
    },
    "Planning Time": 30.999,
    "Triggers": [],
    "Execution Time": 3238.304
}