[
  {
    "Plan": {
      "Node Type": "Aggregate",
      "Strategy": "Plain",
      "Partial Mode": "Finalize",
      "Parallel Aware": false,
      "Startup Cost": 331533.57,
      "Total Cost": 331533.58,
      "Plan Rows": 1,
      "Plan Width": 8,
      "Actual Startup Time": 596.253,
      "Actual Total Time": 663.373,
      "Actual Rows": 1,
      "Actual Loops": 1,
      "Plans": [
        {
          "Node Type": "Gather",
          "Parent Relationship": "Outer",
          "Parallel Aware": false,
          "Startup Cost": 331532.95,
          "Total Cost": 331533.56,
          "Plan Rows": 6,
          "Plan Width": 8,
          "Actual Startup Time": 596.032,
          "Actual Total Time": 663.358,
          "Actual Rows": 7,
          "Actual Loops": 1,
          "Workers Planned": 6,
          "Workers Launched": 6,
          "Single Copy": false,
          "Plans": [
            {
              "Node Type": "Aggregate",
              "Strategy": "Plain",
              "Partial Mode": "Partial",
              "Parent Relationship": "Outer",
              "Parallel Aware": false,
              "Startup Cost": 330532.95,
              "Total Cost": 330532.96,
              "Plan Rows": 1,
              "Plan Width": 8,
              "Actual Startup Time": 585.243,
              "Actual Total Time": 585.245,
              "Actual Rows": 1,
              "Actual Loops": 7,
              "Plans": [
                {
                  "Node Type": "Seq Scan",
                  "Parent Relationship": "Outer",
                  "Parallel Aware": true,
                  "Relation Name": "cast_info",
                  "Alias": "ci",
                  "Startup Cost": 0.0,
                  "Total Cost": 328211.39,
                  "Plan Rows": 928622,
                  "Plan Width": 0,
                  "Actual Startup Time": 0.07,
                  "Actual Total Time": 547.747,
                  "Actual Rows": 818614,
                  "Actual Loops": 7,
                  "Filter": "(person_id < 555505)",
                  "Rows Removed by Filter": 4359150
                }
              ]
            }
          ]
        }
      ]
    },
    "Planning Time": 0.171,
    "Triggers": [],
    "Execution Time": 663.442
  }
]