{
  "Plan": {
    "Node Type": "Aggregate",
    "Strategy": "Plain",
    "Partial Mode": "Finalize",
    "Parallel Aware": false,
    "Startup Cost": 128152.51,
    "Total Cost": 128152.52,
    "Plan Rows": 1,
    "Plan Width": 8,
    "Actual Startup Time": 708.286,
    "Actual Total Time": 721.449,
    "Actual Rows": 1,
    "Actual Loops": 1,
    "Plans": [
      {
        "Node Type": "Gather",
        "Parent Relationship": "Outer",
        "Parallel Aware": false,
        "Startup Cost": 128152.4,
        "Total Cost": 128152.51,
        "Plan Rows": 1,
        "Plan Width": 8,
        "Actual Startup Time": 706.301,
        "Actual Total Time": 721.441,
        "Actual Rows": 2,
        "Actual Loops": 1,
        "Workers Planned": 1,
        "Workers Launched": 1,
        "Single Copy": false,
        "Plans": [
          {
            "Node Type": "Aggregate",
            "Strategy": "Plain",
            "Partial Mode": "Partial",
            "Parent Relationship": "Outer",
            "Parallel Aware": false,
            "Startup Cost": 127152.4,
            "Total Cost": 127152.41,
            "Plan Rows": 1,
            "Plan Width": 8,
            "Actual Startup Time": 698.711,
            "Actual Total Time": 698.714,
            "Actual Rows": 1,
            "Actual Loops": 2,
            "Plans": [
              {
                "Node Type": "Hash Join",
                "Parent Relationship": "Outer",
                "Parallel Aware": true,
                "Join Type": "Inner",
                "Startup Cost": 66256.52,
                "Total Cost": 124307.36,
                "Plan Rows": 1138016,
                "Plan Width": 0,
                "Actual Startup Time": 326.325,
                "Actual Total Time": 688.747,
                "Actual Rows": 242993,
                "Actual Loops": 2,
                "Inner Unique": true,
                "Hash Cond": "(mk.movie_id = t.id)",
                "Plans": [
                  {
                    "Node Type": "Seq Scan",
                    "Parent Relationship": "Outer",
                    "Parallel Aware": true,
                    "Relation Name": "movie_keyword",
                    "Alias": "mk",
                    "Startup Cost": 0.0,
                    "Total Cost": 51065.35,
                    "Plan Rows": 2661135,
                    "Plan Width": 4,
                    "Actual Startup Time": 0.012,
                    "Actual Total Time": 146.328,
                    "Actual Rows": 2261965,
                    "Actual Loops": 2
                  },
                  {
                    "Node Type": "Hash",
                    "Parent Relationship": "Inner",
                    "Parallel Aware": true,
                    "Startup Cost": 58306.47,
                    "Total Cost": 58306.47,
                    "Plan Rows": 636004,
                    "Plan Width": 4,
                    "Actual Startup Time": 311.989,
                    "Actual Total Time": 311.99,
                    "Actual Rows": 588452,
                    "Actual Loops": 2,
                    "Hash Buckets": 2097152,
                    "Original Hash Buckets": 2097152,
                    "Hash Batches": 1,
                    "Original Hash Batches": 1,
                    "Peak Memory Usage": 62464,
                    "Plans": [
                      {
                        "Node Type": "Seq Scan",
                        "Parent Relationship": "Outer",
                        "Parallel Aware": true,
                        "Relation Name": "title",
                        "Alias": "t",
                        "Startup Cost": 0.0,
                        "Total Cost": 58306.47,
                        "Plan Rows": 636004,
                        "Plan Width": 4,
                        "Actual Startup Time": 0.029,
                        "Actual Total Time": 156.984,
                        "Actual Rows": 588452,
                        "Actual Loops": 2,
                        "Filter": "((production_year > 1989) AND (kind_id = 7))",
                        "Rows Removed by Filter": 675704
                      }
                    ]
                  }
                ]
              }
            ]
          }
        ]
      }
    ]
  },
  "Planning Time": 0.708,
  "Triggers": [],
  "Execution Time": 721.514
}