[
    {
        "Bao": {
            "Bao prediction": "NaN",
            "Bao recommended hint": "(no hint)"
        }
    },
    {
        "Plan": {
            "Node Type": "Aggregate",
            "Strategy": "Plain",
            "Partial Mode": "Finalize",
            "Parallel Aware": false,
            "Startup Cost": 303428.15,
            "Total Cost": 303428.16,
            "Plan Rows": 1,
            "Plan Width": 8,
            "Actual Startup Time": 2227.662,
            "Actual Total Time": 2258.05,
            "Actual Rows": 1,
            "Actual Loops": 1,
            "Output": [
                "count(*)"
            ],
            "Plans": [
                {
                    "Node Type": "Gather",
                    "Parent Relationship": "Outer",
                    "Parallel Aware": false,
                    "Startup Cost": 303427.63,
                    "Total Cost": 303428.14,
                    "Plan Rows": 5,
                    "Plan Width": 8,
                    "Actual Startup Time": 2214.482,
                    "Actual Total Time": 2258.039,
                    "Actual Rows": 6,
                    "Actual Loops": 1,
                    "Output": [
                        "(PARTIAL count(*))"
                    ],
                    "Workers Planned": 5,
                    "Workers Launched": 5,
                    "Single Copy": false,
                    "Plans": [
                        {
                            "Node Type": "Aggregate",
                            "Strategy": "Plain",
                            "Partial Mode": "Partial",
                            "Parent Relationship": "Outer",
                            "Parallel Aware": false,
                            "Startup Cost": 302427.63,
                            "Total Cost": 302427.64,
                            "Plan Rows": 1,
                            "Plan Width": 8,
                            "Actual Startup Time": 2201.727,
                            "Actual Total Time": 2201.818,
                            "Actual Rows": 1,
                            "Actual Loops": 6,
                            "Output": [
                                "PARTIAL count(*)"
                            ],
                            "Workers": [
                                {
                                    "Worker Number": 0,
                                    "Actual Startup Time": 2199.122,
                                    "Actual Total Time": 2199.127,
                                    "Actual Rows": 1,
                                    "Actual Loops": 1
                                },
                                {
                                    "Worker Number": 1,
                                    "Actual Startup Time": 2199.027,
                                    "Actual Total Time": 2199.04,
                                    "Actual Rows": 1,
                                    "Actual Loops": 1
                                },
                                {
                                    "Worker Number": 2,
                                    "Actual Startup Time": 2200.168,
                                    "Actual Total Time": 2200.173,
                                    "Actual Rows": 1,
                                    "Actual Loops": 1
                                },
                                {
                                    "Worker Number": 3,
                                    "Actual Startup Time": 2199.015,
                                    "Actual Total Time": 2199.019,
                                    "Actual Rows": 1,
                                    "Actual Loops": 1
                                },
                                {
                                    "Worker Number": 4,
                                    "Actual Startup Time": 2199.227,
                                    "Actual Total Time": 2199.232,
                                    "Actual Rows": 1,
                                    "Actual Loops": 1
                                }
                            ],
                            "Plans": [
                                {
                                    "Node Type": "Hash Join",
                                    "Parent Relationship": "Outer",
                                    "Parallel Aware": true,
                                    "Join Type": "Inner",
                                    "Startup Cost": 92842.97,
                                    "Total Cost": 299364.68,
                                    "Plan Rows": 1225180,
                                    "Plan Width": 0,
                                    "Actual Startup Time": 357.596,
                                    "Actual Total Time": 1755.93,
                                    "Actual Rows": 10257516,
                                    "Actual Loops": 6,
                                    "Inner Unique": false,
                                    "Hash Cond": "(mi.movie_id = t.id)",
                                    "Workers": [
                                        {
                                            "Worker Number": 0,
                                            "Actual Startup Time": 355.215,
                                            "Actual Total Time": 1754.512,
                                            "Actual Rows": 10940429,
                                            "Actual Loops": 1
                                        },
                                        {
                                            "Worker Number": 1,
                                            "Actual Startup Time": 355.11,
                                            "Actual Total Time": 1754.841,
                                            "Actual Rows": 10962214,
                                            "Actual Loops": 1
                                        },
                                        {
                                            "Worker Number": 2,
                                            "Actual Startup Time": 355.115,
                                            "Actual Total Time": 1762.451,
                                            "Actual Rows": 10525986,
                                            "Actual Loops": 1
                                        },
                                        {
                                            "Worker Number": 3,
                                            "Actual Startup Time": 355.08,
                                            "Actual Total Time": 1756.005,
                                            "Actual Rows": 10931252,
                                            "Actual Loops": 1
                                        },
                                        {
                                            "Worker Number": 4,
                                            "Actual Startup Time": 355.224,
                                            "Actual Total Time": 1747.198,
                                            "Actual Rows": 6852672,
                                            "Actual Loops": 1
                                        }
                                    ],
                                    "Plans": [
                                        {
                                            "Node Type": "Seq Scan",
                                            "Parent Relationship": "Outer",
                                            "Parallel Aware": true,
                                            "Relation Name": "movie_info",
                                            "Schema": "public",
                                            "Alias": "mi",
                                            "Startup Cost": 0.0,
                                            "Total Cost": 191503.19,
                                            "Plan Rows": 2951019,
                                            "Plan Width": 4,
                                            "Actual Startup Time": 0.045,
                                            "Actual Total Time": 264.681,
                                            "Actual Rows": 2472620,
                                            "Actual Loops": 6,
                                            "Output": [
                                                "mi.id",
                                                "mi.movie_id",
                                                "mi.info_type_id",
                                                "mi.info",
                                                "mi.note"
                                            ],
                                            "Workers": [
                                                {
                                                    "Worker Number": 0,
                                                    "Actual Startup Time": 0.058,
                                                    "Actual Total Time": 277.095,
                                                    "Actual Rows": 2616458,
                                                    "Actual Loops": 1
                                                },
                                                {
                                                    "Worker Number": 1,
                                                    "Actual Startup Time": 0.068,
                                                    "Actual Total Time": 277.539,
                                                    "Actual Rows": 2630562,
                                                    "Actual Loops": 1
                                                },
                                                {
                                                    "Worker Number": 2,
                                                    "Actual Startup Time": 0.027,
                                                    "Actual Total Time": 263.466,
                                                    "Actual Rows": 2443544,
                                                    "Actual Loops": 1
                                                },
                                                {
                                                    "Worker Number": 3,
                                                    "Actual Startup Time": 0.06,
                                                    "Actual Total Time": 277.556,
                                                    "Actual Rows": 2612141,
                                                    "Actual Loops": 1
                                                },
                                                {
                                                    "Worker Number": 4,
                                                    "Actual Startup Time": 0.035,
                                                    "Actual Total Time": 268.854,
                                                    "Actual Rows": 1648418,
                                                    "Actual Loops": 1
                                                }
                                            ]
                                        },
                                        {
                                            "Node Type": "Hash",
                                            "Parent Relationship": "Inner",
                                            "Parallel Aware": true,
                                            "Startup Cost": 88610.36,
                                            "Total Cost": 88610.36,
                                            "Plan Rows": 338609,
                                            "Plan Width": 8,
                                            "Actual Startup Time": 351.798,
                                            "Actual Total Time": 351.888,
                                            "Actual Rows": 243108,
                                            "Actual Loops": 6,
                                            "Output": [
                                                "t.id",
                                                "mk.movie_id"
                                            ],
                                            "Hash Buckets": 2097152,
                                            "Original Hash Buckets": 2097152,
                                            "Hash Batches": 1,
                                            "Original Hash Batches": 1,
                                            "Peak Memory Usage": 73536,
                                            "Workers": [
                                                {
                                                    "Worker Number": 0,
                                                    "Actual Startup Time": 353.608,
                                                    "Actual Total Time": 353.611,
                                                    "Actual Rows": 258894,
                                                    "Actual Loops": 1
                                                },
                                                {
                                                    "Worker Number": 1,
                                                    "Actual Startup Time": 353.49,
                                                    "Actual Total Time": 353.502,
                                                    "Actual Rows": 260899,
                                                    "Actual Loops": 1
                                                },
                                                {
                                                    "Worker Number": 2,
                                                    "Actual Startup Time": 353.331,
                                                    "Actual Total Time": 353.335,
                                                    "Actual Rows": 240498,
                                                    "Actual Loops": 1
                                                },
                                                {
                                                    "Worker Number": 3,
                                                    "Actual Startup Time": 353.477,
                                                    "Actual Total Time": 353.48,
                                                    "Actual Rows": 257328,
                                                    "Actual Loops": 1
                                                },
                                                {
                                                    "Worker Number": 4,
                                                    "Actual Startup Time": 353.533,
                                                    "Actual Total Time": 353.536,
                                                    "Actual Rows": 163992,
                                                    "Actual Loops": 1
                                                }
                                            ],
                                            "Plans": [
                                                {
                                                    "Node Type": "Hash Join",
                                                    "Parent Relationship": "Outer",
                                                    "Parallel Aware": true,
                                                    "Join Type": "Inner",
                                                    "Startup Cost": 45732.28,
                                                    "Total Cost": 88610.36,
                                                    "Plan Rows": 338609,
                                                    "Plan Width": 8,
                                                    "Actual Startup Time": 127.204,
                                                    "Actual Total Time": 282.707,
                                                    "Actual Rows": 243108,
                                                    "Actual Loops": 6,
                                                    "Output": [
                                                        "t.id",
                                                        "mk.movie_id"
                                                    ],
                                                    "Inner Unique": true,
                                                    "Hash Cond": "(mk.movie_id = t.id)",
                                                    "Workers": [
                                                        {
                                                            "Worker Number": 0,
                                                            "Actual Startup Time": 127.198,
                                                            "Actual Total Time": 282.418,
                                                            "Actual Rows": 258894,
                                                            "Actual Loops": 1
                                                        },
                                                        {
                                                            "Worker Number": 1,
                                                            "Actual Startup Time": 127.168,
                                                            "Actual Total Time": 282.766,
                                                            "Actual Rows": 260899,
                                                            "Actual Loops": 1
                                                        },
                                                        {
                                                            "Worker Number": 2,
                                                            "Actual Startup Time": 127.198,
                                                            "Actual Total Time": 282.708,
                                                            "Actual Rows": 240498,
                                                            "Actual Loops": 1
                                                        },
                                                        {
                                                            "Worker Number": 3,
                                                            "Actual Startup Time": 127.256,
                                                            "Actual Total Time": 282.498,
                                                            "Actual Rows": 257328,
                                                            "Actual Loops": 1
                                                        },
                                                        {
                                                            "Worker Number": 4,
                                                            "Actual Startup Time": 127.153,
                                                            "Actual Total Time": 283.46,
                                                            "Actual Rows": 163992,
                                                            "Actual Loops": 1
                                                        }
                                                    ],
                                                    "Plans": [
                                                        {
                                                            "Node Type": "Seq Scan",
                                                            "Parent Relationship": "Outer",
                                                            "Parallel Aware": true,
                                                            "Relation Name": "movie_keyword",
                                                            "Schema": "public",
                                                            "Alias": "mk",
                                                            "Startup Cost": 0.0,
                                                            "Total Cost": 39047.32,
                                                            "Plan Rows": 1459332,
                                                            "Plan Width": 4,
                                                            "Actual Startup Time": 0.013,
                                                            "Actual Total Time": 62.98,
                                                            "Actual Rows": 753988,
                                                            "Actual Loops": 6,
                                                            "Output": [
                                                                "mk.id",
                                                                "mk.movie_id",
                                                                "mk.keyword_id"
                                                            ],
                                                            "Workers": [
                                                                {
                                                                    "Worker Number": 0,
                                                                    "Actual Startup Time": 0.011,
                                                                    "Actual Total Time": 63.746,
                                                                    "Actual Rows": 803085,
                                                                    "Actual Loops": 1
                                                                },
                                                                {
                                                                    "Worker Number": 1,
                                                                    "Actual Startup Time": 0.015,
                                                                    "Actual Total Time": 63.677,
                                                                    "Actual Rows": 809005,
                                                                    "Actual Loops": 1
                                                                },
                                                                {
                                                                    "Worker Number": 2,
                                                                    "Actual Startup Time": 0.011,
                                                                    "Actual Total Time": 63.881,
                                                                    "Actual Rows": 746660,
                                                                    "Actual Loops": 1
                                                                },
                                                                {
                                                                    "Worker Number": 3,
                                                                    "Actual Startup Time": 0.016,
                                                                    "Actual Total Time": 63.559,
                                                                    "Actual Rows": 801975,
                                                                    "Actual Loops": 1
                                                                },
                                                                {
                                                                    "Worker Number": 4,
                                                                    "Actual Startup Time": 0.018,
                                                                    "Actual Total Time": 65.136,
                                                                    "Actual Rows": 502400,
                                                                    "Actual Loops": 1
                                                                }
                                                            ]
                                                        },
                                                        {
                                                            "Node Type": "Hash",
                                                            "Parent Relationship": "Inner",
                                                            "Parallel Aware": true,
                                                            "Startup Cost": 43899.01,
                                                            "Total Cost": 43899.01,
                                                            "Plan Rows": 146662,
                                                            "Plan Width": 4,
                                                            "Actual Startup Time": 125.694,
                                                            "Actual Total Time": 125.696,
                                                            "Actual Rows": 97503,
                                                            "Actual Loops": 6,
                                                            "Output": [
                                                                "t.id"
                                                            ],
                                                            "Hash Buckets": 1048576,
                                                            "Original Hash Buckets": 1048576,
                                                            "Hash Batches": 1,
                                                            "Original Hash Batches": 1,
                                                            "Peak Memory Usage": 31168,
                                                            "Workers": [
                                                                {
                                                                    "Worker Number": 0,
                                                                    "Actual Startup Time": 126.952,
                                                                    "Actual Total Time": 126.953,
                                                                    "Actual Rows": 93829,
                                                                    "Actual Loops": 1
                                                                },
                                                                {
                                                                    "Worker Number": 1,
                                                                    "Actual Startup Time": 127.064,
                                                                    "Actual Total Time": 127.073,
                                                                    "Actual Rows": 94459,
                                                                    "Actual Loops": 1
                                                                },
                                                                {
                                                                    "Worker Number": 2,
                                                                    "Actual Startup Time": 126.935,
                                                                    "Actual Total Time": 126.936,
                                                                    "Actual Rows": 87152,
                                                                    "Actual Loops": 1
                                                                },
                                                                {
                                                                    "Worker Number": 3,
                                                                    "Actual Startup Time": 126.948,
                                                                    "Actual Total Time": 126.949,
                                                                    "Actual Rows": 94198,
                                                                    "Actual Loops": 1
                                                                },
                                                                {
                                                                    "Worker Number": 4,
                                                                    "Actual Startup Time": 126.915,
                                                                    "Actual Total Time": 126.916,
                                                                    "Actual Rows": 64982,
                                                                    "Actual Loops": 1
                                                                }
                                                            ],
                                                            "Plans": [
                                                                {
                                                                    "Node Type": "Seq Scan",
                                                                    "Parent Relationship": "Outer",
                                                                    "Parallel Aware": true,
                                                                    "Relation Name": "title",
                                                                    "Schema": "public",
                                                                    "Alias": "t",
                                                                    "Startup Cost": 0.0,
                                                                    "Total Cost": 43899.01,
                                                                    "Plan Rows": 146662,
                                                                    "Plan Width": 4,
                                                                    "Actual Startup Time": 0.047,
                                                                    "Actual Total Time": 79.326,
                                                                    "Actual Rows": 97503,
                                                                    "Actual Loops": 6,
                                                                    "Output": [
                                                                        "t.id"
                                                                    ],
                                                                    "Filter": "(t.production_year < 1985)",
                                                                    "Rows Removed by Filter": 323882,
                                                                    "Workers": [
                                                                        {
                                                                            "Worker Number": 0,
                                                                            "Actual Startup Time": 0.05,
                                                                            "Actual Total Time": 78.998,
                                                                            "Actual Rows": 93829,
                                                                            "Actual Loops": 1
                                                                        },
                                                                        {
                                                                            "Worker Number": 1,
                                                                            "Actual Startup Time": 0.062,
                                                                            "Actual Total Time": 79.915,
                                                                            "Actual Rows": 94459,
                                                                            "Actual Loops": 1
                                                                        },
                                                                        {
                                                                            "Worker Number": 2,
                                                                            "Actual Startup Time": 0.053,
                                                                            "Actual Total Time": 79.847,
                                                                            "Actual Rows": 87152,
                                                                            "Actual Loops": 1
                                                                        },
                                                                        {
                                                                            "Worker Number": 3,
                                                                            "Actual Startup Time": 0.049,
                                                                            "Actual Total Time": 81.377,
                                                                            "Actual Rows": 94198,
                                                                            "Actual Loops": 1
                                                                        },
                                                                        {
                                                                            "Worker Number": 4,
                                                                            "Actual Startup Time": 0.053,
                                                                            "Actual Total Time": 80.95,
                                                                            "Actual Rows": 64982,
                                                                            "Actual Loops": 1
                                                                        }
                                                                    ]
                                                                }
                                                            ]
                                                        }
                                                    ]
                                                }
                                            ]
                                        }
                                    ]
                                }
                            ]
                        }
                    ]
                }
            ]
        },
        "Planning Time": 198.078,
        "Triggers": [],
        "Execution Time": 2258.163
    }
]