[
  {
    "Plan": {
      "Node Type": "Aggregate",
      "Strategy": "Plain",
      "Partial Mode": "Finalize",
      "Parallel Aware": false,
      "Startup Cost": 340512.31,
      "Total Cost": 340512.32,
      "Plan Rows": 1,
      "Plan Width": 8,
      "Actual Startup Time": 897.488,
      "Actual Total Time": 965.244,
      "Actual Rows": 1,
      "Actual Loops": 1,
      "Plans": [
        {
          "Node Type": "Gather",
          "Parent Relationship": "Outer",
          "Parallel Aware": false,
          "Startup Cost": 340511.68,
          "Total Cost": 340512.29,
          "Plan Rows": 6,
          "Plan Width": 8,
          "Actual Startup Time": 897.37,
          "Actual Total Time": 965.233,
          "Actual Rows": 7,
          "Actual Loops": 1,
          "Workers Planned": 6,
          "Workers Launched": 6,
          "Single Copy": false,
          "Plans": [
            {
              "Node Type": "Aggregate",
              "Strategy": "Plain",
              "Partial Mode": "Partial",
              "Parent Relationship": "Outer",
              "Parallel Aware": false,
              "Startup Cost": 339511.68,
              "Total Cost": 339511.69,
              "Plan Rows": 1,
              "Plan Width": 8,
              "Actual Startup Time": 889.061,
              "Actual Total Time": 889.062,
              "Actual Rows": 1,
              "Actual Loops": 7,
              "Plans": [
                {
                  "Node Type": "Seq Scan",
                  "Parent Relationship": "Outer",
                  "Parallel Aware": true,
                  "Relation Name": "cast_info",
                  "Alias": "ci",
                  "Startup Cost": 0.0,
                  "Total Cost": 328162.03,
                  "Plan Rows": 4539863,
                  "Plan Width": 0,
                  "Actual Startup Time": 0.041,
                  "Actual Total Time": 692.843,
                  "Actual Rows": 3902811,
                  "Actual Loops": 7,
                  "Filter": "(person_id < 2802227)",
                  "Rows Removed by Filter": 1274953
                }
              ]
            }
          ]
        }
      ]
    },
    "Planning Time": 0.189,
    "Triggers": [],
    "Execution Time": 965.302
  }
]