{
    "Plan": {
        "Node Type": "Aggregate",
        "Strategy": "Plain",
        "Partial Mode": "Simple",
        "Parallel Aware": false,
        "Startup Cost": 110001374446.69,
        "Total Cost": 110001374446.7,
        "Plan Rows": 1,
        "Plan Width": 128,
        "Actual Startup Time": 8856.829,
        "Actual Total Time": 8856.84,
        "Actual Rows": 1,
        "Actual Loops": 1,
        "Output": [
            "min(mi.info)",
            "min(mi_idx.info)",
            "min(n.name)",
            "min(t.title)"
        ],
        "Plans": [
            {
                "Node Type": "Nested Loop",
                "Parent Relationship": "Outer",
                "Parallel Aware": false,
                "Join Type": "Inner",
                "Startup Cost": 110000000005.94,
                "Total Cost": 110001374446.68,
                "Plan Rows": 1,
                "Plan Width": 80,
                "Actual Startup Time": 1526.516,
                "Actual Total Time": 8856.57,
                "Actual Rows": 421,
                "Actual Loops": 1,
                "Output": [
                    "mi.info",
                    "mi_idx.info",
                    "n.name",
                    "t.title"
                ],
                "Inner Unique": true,
                "Join Filter": "(mi.movie_id = t.id)",
                "Rows Removed by Join Filter": 0,
                "Plans": [
                    {
                        "Node Type": "Nested Loop",
                        "Parent Relationship": "Outer",
                        "Parallel Aware": false,
                        "Join Type": "Inner",
                        "Startup Cost": 100000000005.49,
                        "Total Cost": 100001374442.21,
                        "Plan Rows": 1,
                        "Plan Width": 83,
                        "Actual Startup Time": 1526.487,
                        "Actual Total Time": 8853.917,
                        "Actual Rows": 421,
                        "Actual Loops": 1,
                        "Output": [
                            "ci.movie_id",
                            "mc.movie_id",
                            "mi.info",
                            "mi.movie_id",
                            "mi_idx.info",
                            "mi_idx.movie_id",
                            "mk.movie_id",
                            "n.name"
                        ],
                        "Inner Unique": true,
                        "Plans": [
                            {
                                "Node Type": "Nested Loop",
                                "Parent Relationship": "Outer",
                                "Parallel Aware": false,
                                "Join Type": "Inner",
                                "Startup Cost": 90000000005.06,
                                "Total Cost": 90001374418.95,
                                "Plan Rows": 5,
                                "Plan Width": 87,
                                "Actual Startup Time": 1526.12,
                                "Actual Total Time": 8780.026,
                                "Actual Rows": 15657,
                                "Actual Loops": 1,
                                "Output": [
                                    "ci.movie_id",
                                    "mc.movie_id",
                                    "mi.info",
                                    "mi.movie_id",
                                    "mi_idx.info",
                                    "mi_idx.movie_id",
                                    "mk.movie_id",
                                    "mk.keyword_id",
                                    "n.name"
                                ],
                                "Inner Unique": false,
                                "Join Filter": "(mi.movie_id = mk.movie_id)",
                                "Rows Removed by Join Filter": 0,
                                "Plans": [
                                    {
                                        "Node Type": "Nested Loop",
                                        "Parent Relationship": "Outer",
                                        "Parallel Aware": false,
                                        "Join Type": "Inner",
                                        "Startup Cost": 80000000004.24,
                                        "Total Cost": 80001374412.98,
                                        "Plan Rows": 1,
                                        "Plan Width": 79,
                                        "Actual Startup Time": 1526.067,
                                        "Actual Total Time": 8773.09,
                                        "Actual Rows": 136,
                                        "Actual Loops": 1,
                                        "Output": [
                                            "ci.movie_id",
                                            "mc.movie_id",
                                            "mi.info",
                                            "mi.movie_id",
                                            "mi_idx.info",
                                            "mi_idx.movie_id",
                                            "n.name"
                                        ],
                                        "Inner Unique": true,
                                        "Plans": [
                                            {
                                                "Node Type": "Nested Loop",
                                                "Parent Relationship": "Outer",
                                                "Parallel Aware": false,
                                                "Join Type": "Inner",
                                                "Startup Cost": 70000000003.81,
                                                "Total Cost": 70001374323.77,
                                                "Plan Rows": 20,
                                                "Plan Width": 83,
                                                "Actual Startup Time": 43.758,
                                                "Actual Total Time": 8441.073,
                                                "Actual Rows": 60495,
                                                "Actual Loops": 1,
                                                "Output": [
                                                    "ci.movie_id",
                                                    "mc.movie_id",
                                                    "mc.company_id",
                                                    "mi.info",
                                                    "mi.movie_id",
                                                    "mi_idx.info",
                                                    "mi_idx.movie_id",
                                                    "n.name"
                                                ],
                                                "Inner Unique": false,
                                                "Join Filter": "(mi.movie_id = mc.movie_id)",
                                                "Rows Removed by Join Filter": 0,
                                                "Plans": [
                                                    {
                                                        "Node Type": "Nested Loop",
                                                        "Parent Relationship": "Outer",
                                                        "Parallel Aware": false,
                                                        "Join Type": "Inner",
                                                        "Startup Cost": 60000000003.32,
                                                        "Total Cost": 60001374291.42,
                                                        "Plan Rows": 7,
                                                        "Plan Width": 75,
                                                        "Actual Startup Time": 43.684,
                                                        "Actual Total Time": 8340.805,
                                                        "Actual Rows": 7428,
                                                        "Actual Loops": 1,
                                                        "Output": [
                                                            "ci.movie_id",
                                                            "mi.info",
                                                            "mi.movie_id",
                                                            "mi_idx.info",
                                                            "mi_idx.movie_id",
                                                            "n.name"
                                                        ],
                                                        "Inner Unique": true,
                                                        "Plans": [
                                                            {
                                                                "Node Type": "Nested Loop",
                                                                "Parent Relationship": "Outer",
                                                                "Parallel Aware": false,
                                                                "Join Type": "Inner",
                                                                "Startup Cost": 50000000002.83,
                                                                "Total Cost": 50001374214.88,
                                                                "Plan Rows": 17,
                                                                "Plan Width": 64,
                                                                "Actual Startup Time": 14.376,
                                                                "Actual Total Time": 8179.775,
                                                                "Actual Rows": 15332,
                                                                "Actual Loops": 1,
                                                                "Output": [
                                                                    "ci.movie_id",
                                                                    "ci.person_id",
                                                                    "mi.info",
                                                                    "mi.movie_id",
                                                                    "mi_idx.info",
                                                                    "mi_idx.movie_id"
                                                                ],
                                                                "Inner Unique": false,
                                                                "Join Filter": "(mi.movie_id = ci.movie_id)",
                                                                "Rows Removed by Join Filter": 0,
                                                                "Plans": [
                                                                    {
                                                                        "Node Type": "Nested Loop",
                                                                        "Parent Relationship": "Outer",
                                                                        "Parallel Aware": false,
                                                                        "Join Type": "Inner",
                                                                        "Startup Cost": 40000000001.6,
                                                                        "Total Cost": 40001374137.5,
                                                                        "Plan Rows": 13,
                                                                        "Plan Width": 56,
                                                                        "Actual Startup Time": 3.285,
                                                                        "Actual Total Time": 6085.995,
                                                                        "Actual Rows": 30720,
                                                                        "Actual Loops": 1,
                                                                        "Output": [
                                                                            "mi.info",
                                                                            "mi.movie_id",
                                                                            "mi_idx.info",
                                                                            "mi_idx.movie_id"
                                                                        ],
                                                                        "Inner Unique": true,
                                                                        "Plans": [
                                                                            {
                                                                                "Node Type": "Nested Loop",
                                                                                "Parent Relationship": "Outer",
                                                                                "Parallel Aware": false,
                                                                                "Join Type": "Inner",
                                                                                "Startup Cost": 30000000001.45,
                                                                                "Total Cost": 30001367881.15,
                                                                                "Plan Rows": 1502,
                                                                                "Plan Width": 60,
                                                                                "Actual Startup Time": 3.268,
                                                                                "Actual Total Time": 5747.985,
                                                                                "Actual Rows": 92213,
                                                                                "Actual Loops": 1,
                                                                                "Output": [
                                                                                    "mi.info",
                                                                                    "mi.movie_id",
                                                                                    "mi_idx.info",
                                                                                    "mi_idx.movie_id",
                                                                                    "mi_idx.info_type_id"
                                                                                ],
                                                                                "Inner Unique": false,
                                                                                "Plans": [
                                                                                    {
                                                                                        "Node Type": "Nested Loop",
                                                                                        "Parent Relationship": "Outer",
                                                                                        "Parallel Aware": false,
                                                                                        "Join Type": "Inner",
                                                                                        "Startup Cost": 20000000000.59,
                                                                                        "Total Cost": 20001365261.08,
                                                                                        "Plan Rows": 531,
                                                                                        "Plan Width": 47,
                                                                                        "Actual Startup Time": 3.209,
                                                                                        "Actual Total Time": 5433.932,
                                                                                        "Actual Rows": 60243,
                                                                                        "Actual Loops": 1,
                                                                                        "Output": [
                                                                                            "mi.info",
                                                                                            "mi.movie_id"
                                                                                        ],
                                                                                        "Inner Unique": true,
                                                                                        "Plans": [
                                                                                            {
                                                                                                "Node Type": "Index Scan",
                                                                                                "Parent Relationship": "Outer",
                                                                                                "Parallel Aware": false,
                                                                                                "Scan Direction": "Forward",
                                                                                                "Index Name": "movie_id_movie_info",
                                                                                                "Relation Name": "movie_info",
                                                                                                "Schema": "public",
                                                                                                "Alias": "mi",
                                                                                                "Startup Cost": 10000000000.43,
                                                                                                "Total Cost": 10001115316.11,
                                                                                                "Plan Rows": 60004,
                                                                                                "Plan Width": 51,
                                                                                                "Actual Startup Time": 3.187,
                                                                                                "Actual Total Time": 5197.775,
                                                                                                "Actual Rows": 61176,
                                                                                                "Actual Loops": 1,
                                                                                                "Output": [
                                                                                                    "mi.id",
                                                                                                    "mi.movie_id",
                                                                                                    "mi.info_type_id",
                                                                                                    "mi.info",
                                                                                                    "mi.note"
                                                                                                ],
                                                                                                "Filter": "(mi.info = ANY ('{Western,Action}'::text[]))",
                                                                                                "Rows Removed by Filter": 14774544
                                                                                            },
                                                                                            {
                                                                                                "Node Type": "Bitmap Heap Scan",
                                                                                                "Parent Relationship": "Inner",
                                                                                                "Parallel Aware": false,
                                                                                                "Relation Name": "info_type",
                                                                                                "Schema": "public",
                                                                                                "Alias": "it1",
                                                                                                "Startup Cost": 0.15,
                                                                                                "Total Cost": 4.17,
                                                                                                "Plan Rows": 1,
                                                                                                "Plan Width": 4,
                                                                                                "Actual Startup Time": 0.002,
                                                                                                "Actual Total Time": 0.002,
                                                                                                "Actual Rows": 1,
                                                                                                "Actual Loops": 61176,
                                                                                                "Output": [
                                                                                                    "it1.id",
                                                                                                    "it1.info"
                                                                                                ],
                                                                                                "Recheck Cond": "(it1.id = mi.info_type_id)",
                                                                                                "Rows Removed by Index Recheck": 0,
                                                                                                "Filter": "((it1.info)::text = 'genres'::text)",
                                                                                                "Rows Removed by Filter": 0,
                                                                                                "Exact Heap Blocks": 61176,
                                                                                                "Lossy Heap Blocks": 0,
                                                                                                "Plans": [
                                                                                                    {
                                                                                                        "Node Type": "Bitmap Index Scan",
                                                                                                        "Parent Relationship": "Outer",
                                                                                                        "Parallel Aware": false,
                                                                                                        "Index Name": "info_type_pkey",
                                                                                                        "Startup Cost": 0.0,
                                                                                                        "Total Cost": 0.15,
                                                                                                        "Plan Rows": 1,
                                                                                                        "Plan Width": 0,
                                                                                                        "Actual Startup Time": 0.001,
                                                                                                        "Actual Total Time": 0.001,
                                                                                                        "Actual Rows": 1,
                                                                                                        "Actual Loops": 61176,
                                                                                                        "Index Cond": "(it1.id = mi.info_type_id)"
                                                                                                    }
                                                                                                ]
                                                                                            }
                                                                                        ]
                                                                                    },
                                                                                    {
                                                                                        "Node Type": "Bitmap Heap Scan",
                                                                                        "Parent Relationship": "Inner",
                                                                                        "Parallel Aware": false,
                                                                                        "Relation Name": "movie_info_idx",
                                                                                        "Schema": "public",
                                                                                        "Alias": "mi_idx",
                                                                                        "Startup Cost": 0.87,
                                                                                        "Total Cost": 4.9,
                                                                                        "Plan Rows": 3,
                                                                                        "Plan Width": 13,
                                                                                        "Actual Startup Time": 0.003,
                                                                                        "Actual Total Time": 0.003,
                                                                                        "Actual Rows": 2,
                                                                                        "Actual Loops": 60243,
                                                                                        "Output": [
                                                                                            "mi_idx.id",
                                                                                            "mi_idx.movie_id",
                                                                                            "mi_idx.info_type_id",
                                                                                            "mi_idx.info",
                                                                                            "mi_idx.note"
                                                                                        ],
                                                                                        "Recheck Cond": "(mi_idx.movie_id = mi.movie_id)",
                                                                                        "Rows Removed by Index Recheck": 0,
                                                                                        "Exact Heap Blocks": 31018,
                                                                                        "Lossy Heap Blocks": 0,
                                                                                        "Plans": [
                                                                                            {
                                                                                                "Node Type": "Bitmap Index Scan",
                                                                                                "Parent Relationship": "Outer",
                                                                                                "Parallel Aware": false,
                                                                                                "Index Name": "movie_id_movie_info_idx",
                                                                                                "Startup Cost": 0.0,
                                                                                                "Total Cost": 0.87,
                                                                                                "Plan Rows": 3,
                                                                                                "Plan Width": 0,
                                                                                                "Actual Startup Time": 0.002,
                                                                                                "Actual Total Time": 0.002,
                                                                                                "Actual Rows": 2,
                                                                                                "Actual Loops": 60243,
                                                                                                "Index Cond": "(mi_idx.movie_id = mi.movie_id)"
                                                                                            }
                                                                                        ]
                                                                                    }
                                                                                ]
                                                                            },
                                                                            {
                                                                                "Node Type": "Bitmap Heap Scan",
                                                                                "Parent Relationship": "Inner",
                                                                                "Parallel Aware": false,
                                                                                "Relation Name": "info_type",
                                                                                "Schema": "public",
                                                                                "Alias": "it2",
                                                                                "Startup Cost": 0.15,
                                                                                "Total Cost": 4.17,
                                                                                "Plan Rows": 1,
                                                                                "Plan Width": 4,
                                                                                "Actual Startup Time": 0.002,
                                                                                "Actual Total Time": 0.002,
                                                                                "Actual Rows": 0,
                                                                                "Actual Loops": 92213,
                                                                                "Output": [
                                                                                    "it2.id",
                                                                                    "it2.info"
                                                                                ],
                                                                                "Recheck Cond": "(it2.id = mi_idx.info_type_id)",
                                                                                "Rows Removed by Index Recheck": 0,
                                                                                "Filter": "((it2.info)::text = 'votes'::text)",
                                                                                "Rows Removed by Filter": 1,
                                                                                "Exact Heap Blocks": 92213,
                                                                                "Lossy Heap Blocks": 0,
                                                                                "Plans": [
                                                                                    {
                                                                                        "Node Type": "Bitmap Index Scan",
                                                                                        "Parent Relationship": "Outer",
                                                                                        "Parallel Aware": false,
                                                                                        "Index Name": "info_type_pkey",
                                                                                        "Startup Cost": 0.0,
                                                                                        "Total Cost": 0.15,
                                                                                        "Plan Rows": 1,
                                                                                        "Plan Width": 0,
                                                                                        "Actual Startup Time": 0.001,
                                                                                        "Actual Total Time": 0.001,
                                                                                        "Actual Rows": 1,
                                                                                        "Actual Loops": 92213,
                                                                                        "Index Cond": "(it2.id = mi_idx.info_type_id)"
                                                                                    }
                                                                                ]
                                                                            }
                                                                        ]
                                                                    },
                                                                    {
                                                                        "Node Type": "Bitmap Heap Scan",
                                                                        "Parent Relationship": "Inner",
                                                                        "Parallel Aware": false,
                                                                        "Relation Name": "cast_info",
                                                                        "Schema": "public",
                                                                        "Alias": "ci",
                                                                        "Startup Cost": 1.23,
                                                                        "Total Cost": 5.94,
                                                                        "Plan Rows": 1,
                                                                        "Plan Width": 8,
                                                                        "Actual Startup Time": 0.058,
                                                                        "Actual Total Time": 0.066,
                                                                        "Actual Rows": 0,
                                                                        "Actual Loops": 30720,
                                                                        "Output": [
                                                                            "ci.id",
                                                                            "ci.person_id",
                                                                            "ci.movie_id",
                                                                            "ci.person_role_id",
                                                                            "ci.note",
                                                                            "ci.nr_order",
                                                                            "ci.role_id"
                                                                        ],
                                                                        "Recheck Cond": "(ci.movie_id = mi_idx.movie_id)",
                                                                        "Rows Removed by Index Recheck": 0,
                                                                        "Filter": "(ci.note = ANY ('{(writer),\"(head writer)\",\"(written by)\",(story),\"(story editor)\"}'::text[]))",
                                                                        "Rows Removed by Filter": 39,
                                                                        "Exact Heap Blocks": 1160203,
                                                                        "Lossy Heap Blocks": 0,
                                                                        "Plans": [
                                                                            {
                                                                                "Node Type": "Bitmap Index Scan",
                                                                                "Parent Relationship": "Outer",
                                                                                "Parallel Aware": false,
                                                                                "Index Name": "movie_id_cast_info",
                                                                                "Startup Cost": 0.0,
                                                                                "Total Cost": 1.23,
                                                                                "Plan Rows": 38,
                                                                                "Plan Width": 0,
                                                                                "Actual Startup Time": 0.008,
                                                                                "Actual Total Time": 0.008,
                                                                                "Actual Rows": 39,
                                                                                "Actual Loops": 30720,
                                                                                "Index Cond": "(ci.movie_id = mi_idx.movie_id)"
                                                                            }
                                                                        ]
                                                                    }
                                                                ]
                                                            },
                                                            {
                                                                "Node Type": "Bitmap Heap Scan",
                                                                "Parent Relationship": "Inner",
                                                                "Parallel Aware": false,
                                                                "Relation Name": "name",
                                                                "Schema": "public",
                                                                "Alias": "n",
                                                                "Startup Cost": 0.49,
                                                                "Total Cost": 4.5,
                                                                "Plan Rows": 1,
                                                                "Plan Width": 19,
                                                                "Actual Startup Time": 0.009,
                                                                "Actual Total Time": 0.009,
                                                                "Actual Rows": 0,
                                                                "Actual Loops": 15332,
                                                                "Output": [
                                                                    "n.id",
                                                                    "n.name",
                                                                    "n.imdb_index",
                                                                    "n.imdb_id",
                                                                    "n.gender",
                                                                    "n.name_pcode_cf",
                                                                    "n.name_pcode_nf",
                                                                    "n.surname_pcode",
                                                                    "n.md5sum"
                                                                ],
                                                                "Recheck Cond": "(n.id = ci.person_id)",
                                                                "Rows Removed by Index Recheck": 0,
                                                                "Filter": "((n.gender)::text = 'm'::text)",
                                                                "Rows Removed by Filter": 1,
                                                                "Exact Heap Blocks": 15332,
                                                                "Lossy Heap Blocks": 0,
                                                                "Plans": [
                                                                    {
                                                                        "Node Type": "Bitmap Index Scan",
                                                                        "Parent Relationship": "Outer",
                                                                        "Parallel Aware": false,
                                                                        "Index Name": "name_pkey",
                                                                        "Startup Cost": 0.0,
                                                                        "Total Cost": 0.49,
                                                                        "Plan Rows": 1,
                                                                        "Plan Width": 0,
                                                                        "Actual Startup Time": 0.006,
                                                                        "Actual Total Time": 0.006,
                                                                        "Actual Rows": 1,
                                                                        "Actual Loops": 15332,
                                                                        "Index Cond": "(n.id = ci.person_id)"
                                                                    }
                                                                ]
                                                            }
                                                        ]
                                                    },
                                                    {
                                                        "Node Type": "Bitmap Heap Scan",
                                                        "Parent Relationship": "Inner",
                                                        "Parallel Aware": false,
                                                        "Relation Name": "movie_companies",
                                                        "Schema": "public",
                                                        "Alias": "mc",
                                                        "Startup Cost": 0.5,
                                                        "Total Cost": 4.56,
                                                        "Plan Rows": 5,
                                                        "Plan Width": 8,
                                                        "Actual Startup Time": 0.008,
                                                        "Actual Total Time": 0.01,
                                                        "Actual Rows": 8,
                                                        "Actual Loops": 7428,
                                                        "Output": [
                                                            "mc.id",
                                                            "mc.movie_id",
                                                            "mc.company_id",
                                                            "mc.company_type_id",
                                                            "mc.note"
                                                        ],
                                                        "Recheck Cond": "(mc.movie_id = mi_idx.movie_id)",
                                                        "Rows Removed by Index Recheck": 0,
                                                        "Exact Heap Blocks": 13380,
                                                        "Lossy Heap Blocks": 0,
                                                        "Plans": [
                                                            {
                                                                "Node Type": "Bitmap Index Scan",
                                                                "Parent Relationship": "Outer",
                                                                "Parallel Aware": false,
                                                                "Index Name": "movie_id_movie_companies",
                                                                "Startup Cost": 0.0,
                                                                "Total Cost": 0.5,
                                                                "Plan Rows": 5,
                                                                "Plan Width": 0,
                                                                "Actual Startup Time": 0.005,
                                                                "Actual Total Time": 0.005,
                                                                "Actual Rows": 8,
                                                                "Actual Loops": 7428,
                                                                "Index Cond": "(mc.movie_id = mi_idx.movie_id)"
                                                            }
                                                        ]
                                                    }
                                                ]
                                            },
                                            {
                                                "Node Type": "Bitmap Heap Scan",
                                                "Parent Relationship": "Inner",
                                                "Parallel Aware": false,
                                                "Relation Name": "company_name",
                                                "Schema": "public",
                                                "Alias": "cn",
                                                "Startup Cost": 0.43,
                                                "Total Cost": 4.44,
                                                "Plan Rows": 1,
                                                "Plan Width": 4,
                                                "Actual Startup Time": 0.004,
                                                "Actual Total Time": 0.004,
                                                "Actual Rows": 0,
                                                "Actual Loops": 60495,
                                                "Output": [
                                                    "cn.id",
                                                    "cn.name",
                                                    "cn.country_code",
                                                    "cn.imdb_id",
                                                    "cn.name_pcode_nf",
                                                    "cn.name_pcode_sf",
                                                    "cn.md5sum"
                                                ],
                                                "Recheck Cond": "(cn.id = mc.company_id)",
                                                "Rows Removed by Index Recheck": 0,
                                                "Filter": "(cn.name ~~ 'Lionsgate%'::text)",
                                                "Rows Removed by Filter": 1,
                                                "Exact Heap Blocks": 60495,
                                                "Lossy Heap Blocks": 0,
                                                "Plans": [
                                                    {
                                                        "Node Type": "Bitmap Index Scan",
                                                        "Parent Relationship": "Outer",
                                                        "Parallel Aware": false,
                                                        "Index Name": "company_name_pkey",
                                                        "Startup Cost": 0.0,
                                                        "Total Cost": 0.43,
                                                        "Plan Rows": 1,
                                                        "Plan Width": 0,
                                                        "Actual Startup Time": 0.002,
                                                        "Actual Total Time": 0.002,
                                                        "Actual Rows": 1,
                                                        "Actual Loops": 60495,
                                                        "Index Cond": "(cn.id = mc.company_id)"
                                                    }
                                                ]
                                            }
                                        ]
                                    },
                                    {
                                        "Node Type": "Bitmap Heap Scan",
                                        "Parent Relationship": "Inner",
                                        "Parallel Aware": false,
                                        "Relation Name": "movie_keyword",
                                        "Schema": "public",
                                        "Alias": "mk",
                                        "Startup Cost": 0.82,
                                        "Total Cost": 5.4,
                                        "Plan Rows": 46,
                                        "Plan Width": 8,
                                        "Actual Startup Time": 0.015,
                                        "Actual Total Time": 0.028,
                                        "Actual Rows": 115,
                                        "Actual Loops": 136,
                                        "Output": [
                                            "mk.id",
                                            "mk.movie_id",
                                            "mk.keyword_id"
                                        ],
                                        "Recheck Cond": "(mk.movie_id = mc.movie_id)",
                                        "Rows Removed by Index Recheck": 0,
                                        "Exact Heap Blocks": 197,
                                        "Lossy Heap Blocks": 0,
                                        "Plans": [
                                            {
                                                "Node Type": "Bitmap Index Scan",
                                                "Parent Relationship": "Outer",
                                                "Parallel Aware": false,
                                                "Index Name": "movie_id_movie_keyword",
                                                "Startup Cost": 0.0,
                                                "Total Cost": 0.81,
                                                "Plan Rows": 46,
                                                "Plan Width": 0,
                                                "Actual Startup Time": 0.009,
                                                "Actual Total Time": 0.009,
                                                "Actual Rows": 115,
                                                "Actual Loops": 136,
                                                "Index Cond": "(mk.movie_id = mc.movie_id)"
                                            }
                                        ]
                                    }
                                ]
                            },
                            {
                                "Node Type": "Bitmap Heap Scan",
                                "Parent Relationship": "Inner",
                                "Parallel Aware": false,
                                "Relation Name": "keyword",
                                "Schema": "public",
                                "Alias": "k",
                                "Startup Cost": 0.43,
                                "Total Cost": 4.45,
                                "Plan Rows": 1,
                                "Plan Width": 4,
                                "Actual Startup Time": 0.003,
                                "Actual Total Time": 0.003,
                                "Actual Rows": 0,
                                "Actual Loops": 15657,
                                "Output": [
                                    "k.id",
                                    "k.keyword",
                                    "k.phonetic_code"
                                ],
                                "Recheck Cond": "(k.id = mk.keyword_id)",
                                "Rows Removed by Index Recheck": 0,
                                "Filter": "(k.keyword = ANY ('{murder,violence,blood,gore,death,female-nudity,hospital}'::text[]))",
                                "Rows Removed by Filter": 1,
                                "Exact Heap Blocks": 15657,
                                "Lossy Heap Blocks": 0,
                                "Plans": [
                                    {
                                        "Node Type": "Bitmap Index Scan",
                                        "Parent Relationship": "Outer",
                                        "Parallel Aware": false,
                                        "Index Name": "keyword_pkey",
                                        "Startup Cost": 0.0,
                                        "Total Cost": 0.43,
                                        "Plan Rows": 1,
                                        "Plan Width": 0,
                                        "Actual Startup Time": 0.002,
                                        "Actual Total Time": 0.002,
                                        "Actual Rows": 1,
                                        "Actual Loops": 15657,
                                        "Index Cond": "(k.id = mk.keyword_id)"
                                    }
                                ]
                            }
                        ]
                    },
                    {
                        "Node Type": "Bitmap Heap Scan",
                        "Parent Relationship": "Inner",
                        "Parallel Aware": false,
                        "Relation Name": "title",
                        "Schema": "public",
                        "Alias": "t",
                        "Startup Cost": 0.45,
                        "Total Cost": 4.46,
                        "Plan Rows": 1,
                        "Plan Width": 21,
                        "Actual Startup Time": 0.004,
                        "Actual Total Time": 0.004,
                        "Actual Rows": 1,
                        "Actual Loops": 421,
                        "Output": [
                            "t.id",
                            "t.title",
                            "t.imdb_index",
                            "t.kind_id",
                            "t.production_year",
                            "t.imdb_id",
                            "t.phonetic_code",
                            "t.episode_of_id",
                            "t.season_nr",
                            "t.episode_nr",
                            "t.series_years",
                            "t.md5sum"
                        ],
                        "Recheck Cond": "(t.id = mk.movie_id)",
                        "Rows Removed by Index Recheck": 0,
                        "Exact Heap Blocks": 421,
                        "Lossy Heap Blocks": 0,
                        "Plans": [
                            {
                                "Node Type": "Bitmap Index Scan",
                                "Parent Relationship": "Outer",
                                "Parallel Aware": false,
                                "Index Name": "title_pkey",
                                "Startup Cost": 0.0,
                                "Total Cost": 0.45,
                                "Plan Rows": 1,
                                "Plan Width": 0,
                                "Actual Startup Time": 0.003,
                                "Actual Total Time": 0.003,
                                "Actual Rows": 1,
                                "Actual Loops": 421,
                                "Index Cond": "(t.id = mk.movie_id)"
                            }
                        ]
                    }
                ]
            }
        ]
    },
    "Planning Time": 47.919,
    "Triggers": [],
    "Execution Time": 8857.414
}