[
  {
    "Plan": {
      "Node Type": "Aggregate",
      "Strategy": "Plain",
      "Partial Mode": "Simple",
      "Parallel Aware": false,
      "Startup Cost": 13102.63,
      "Total Cost": 13102.64,
      "Plan Rows": 1,
      "Plan Width": 8,
      "Actual Startup Time": 4.649,
      "Actual Total Time": 4.65,
      "Actual Rows": 1,
      "Actual Loops": 1,
      "Plans": [
        {
          "Node Type": "Bitmap Heap Scan",
          "Parent Relationship": "Outer",
          "Parallel Aware": false,
          "Relation Name": "movie_companies",
          "Alias": "mc",
          "Startup Cost": 136.2,
          "Total Cost": 13094.63,
          "Plan Rows": 3200,
          "Plan Width": 0,
          "Actual Startup Time": 1.908,
          "Actual Total Time": 4.184,
          "Actual Rows": 4773,
          "Actual Loops": 1,
          "Recheck Cond": "(company_id = 1427)",
          "Rows Removed by Index Recheck": 0,
          "Filter": "(company_type_id = 2)",
          "Rows Removed by Filter": 375,
          "Exact Heap Blocks": 903,
          "Lossy Heap Blocks": 0,
          "Plans": [
            {
              "Node Type": "Bitmap Index Scan",
              "Parent Relationship": "Outer",
              "Parallel Aware": false,
              "Index Name": "company_id_movie_companies",
              "Startup Cost": 0.0,
              "Total Cost": 135.4,
              "Plan Rows": 6262,
              "Plan Width": 0,
              "Actual Startup Time": 0.829,
              "Actual Total Time": 0.83,
              "Actual Rows": 5148,
              "Actual Loops": 1,
              "Index Cond": "(company_id = 1427)"
            }
          ]
        }
      ]
    },
    "Planning Time": 0.15,
    "Triggers": [],
    "Execution Time": 4.697
  }
]