[
  {
    "Plan": {
      "Node Type": "Aggregate",
      "Strategy": "Plain",
      "Partial Mode": "Simple",
      "Parallel Aware": false,
      "Startup Cost": 11492.57,
      "Total Cost": 11492.58,
      "Plan Rows": 1,
      "Plan Width": 8,
      "Actual Startup Time": 5.568,
      "Actual Total Time": 5.571,
      "Actual Rows": 1,
      "Actual Loops": 1,
      "Plans": [
        {
          "Node Type": "Bitmap Heap Scan",
          "Parent Relationship": "Outer",
          "Parallel Aware": false,
          "Relation Name": "movie_companies",
          "Alias": "mc",
          "Startup Cost": 110.9,
          "Total Cost": 11486.16,
          "Plan Rows": 2561,
          "Plan Width": 0,
          "Actual Startup Time": 1.937,
          "Actual Total Time": 4.921,
          "Actual Rows": 4773,
          "Actual Loops": 1,
          "Recheck Cond": "(company_id = 1427)",
          "Rows Removed by Index Recheck": 0,
          "Filter": "(company_type_id = 2)",
          "Rows Removed by Filter": 375,
          "Exact Heap Blocks": 903,
          "Lossy Heap Blocks": 0,
          "Plans": [
            {
              "Node Type": "Bitmap Index Scan",
              "Parent Relationship": "Outer",
              "Parallel Aware": false,
              "Index Name": "company_id_movie_companies",
              "Startup Cost": 0.0,
              "Total Cost": 110.26,
              "Plan Rows": 5044,
              "Plan Width": 0,
              "Actual Startup Time": 1.001,
              "Actual Total Time": 1.002,
              "Actual Rows": 5148,
              "Actual Loops": 1,
              "Index Cond": "(company_id = 1427)"
            }
          ]
        }
      ]
    },
    "Planning Time": 0.149,
    "Triggers": [],
    "Execution Time": 5.619
  }
]