{
  "Plan": {
    "Node Type": "Aggregate",
    "Strategy": "Plain",
    "Partial Mode": "Finalize",
    "Parallel Aware": false,
    "Startup Cost": 581175.53,
    "Total Cost": 581175.54,
    "Plan Rows": 1,
    "Plan Width": 8,
    "Actual Startup Time": 3888.192,
    "Actual Total Time": 3956.567,
    "Actual Rows": 1,
    "Actual Loops": 1,
    "Plans": [
      {
        "Node Type": "Gather",
        "Parent Relationship": "Outer",
        "Parallel Aware": false,
        "Startup Cost": 581175.42,
        "Total Cost": 581175.53,
        "Plan Rows": 1,
        "Plan Width": 8,
        "Actual Startup Time": 3887.67,
        "Actual Total Time": 3956.556,
        "Actual Rows": 2,
        "Actual Loops": 1,
        "Workers Planned": 1,
        "Workers Launched": 1,
        "Single Copy": false,
        "Plans": [
          {
            "Node Type": "Aggregate",
            "Strategy": "Plain",
            "Partial Mode": "Partial",
            "Parent Relationship": "Outer",
            "Parallel Aware": false,
            "Startup Cost": 580175.42,
            "Total Cost": 580175.43,
            "Plan Rows": 1,
            "Plan Width": 8,
            "Actual Startup Time": 3882.213,
            "Actual Total Time": 3882.216,
            "Actual Rows": 1,
            "Actual Loops": 2,
            "Plans": [
              {
                "Node Type": "Hash Join",
                "Parent Relationship": "Outer",
                "Parallel Aware": true,
                "Join Type": "Inner",
                "Startup Cost": 55585.25,
                "Total Cost": 577318.61,
                "Plan Rows": 1142724,
                "Plan Width": 0,
                "Actual Startup Time": 175.034,
                "Actual Total Time": 3859.626,
                "Actual Rows": 461558,
                "Actual Loops": 2,
                "Inner Unique": true,
                "Hash Cond": "(ci.movie_id = t.id)",
                "Plans": [
                  {
                    "Node Type": "Seq Scan",
                    "Parent Relationship": "Outer",
                    "Parallel Aware": true,
                    "Relation Name": "cast_info",
                    "Alias": "ci",
                    "Startup Cost": 0.0,
                    "Total Cost": 465792.95,
                    "Plan Rows": 21310595,
                    "Plan Width": 4,
                    "Actual Startup Time": 0.013,
                    "Actual Total Time": 1439.342,
                    "Actual Rows": 18122172,
                    "Actual Loops": 2
                  },
                  {
                    "Node Type": "Hash",
                    "Parent Relationship": "Inner",
                    "Parallel Aware": true,
                    "Startup Cost": 54588.39,
                    "Total Cost": 54588.39,
                    "Plan Rows": 79749,
                    "Plan Width": 4,
                    "Actual Startup Time": 172.604,
                    "Actual Total Time": 172.604,
                    "Actual Rows": 67959,
                    "Actual Loops": 2,
                    "Hash Buckets": 262144,
                    "Original Hash Buckets": 262144,
                    "Hash Batches": 1,
                    "Original Hash Batches": 1,
                    "Peak Memory Usage": 7392,
                    "Plans": [
                      {
                        "Node Type": "Seq Scan",
                        "Parent Relationship": "Outer",
                        "Parallel Aware": true,
                        "Relation Name": "title",
                        "Alias": "t",
                        "Startup Cost": 0.0,
                        "Total Cost": 54588.39,
                        "Plan Rows": 79749,
                        "Plan Width": 4,
                        "Actual Startup Time": 3.675,
                        "Actual Total Time": 153.97,
                        "Actual Rows": 67959,
                        "Actual Loops": 2,
                        "Filter": "(production_year < 1938)",
                        "Rows Removed by Filter": 1196197
                      }
                    ]
                  }
                ]
              }
            ]
          }
        ]
      }
    ]
  },
  "Planning Time": 0.356,
  "Triggers": [],
  "Execution Time": 3956.634
}