{
  "Plan": {
    "Node Type": "Aggregate",
    "Strategy": "Plain",
    "Partial Mode": "Finalize",
    "Parallel Aware": false,
    "Startup Cost": 167133.48,
    "Total Cost": 167133.49,
    "Plan Rows": 1,
    "Plan Width": 8,
    "Actual Startup Time": 1471.871,
    "Actual Total Time": 1499.711,
    "Actual Rows": 1,
    "Actual Loops": 1,
    "Plans": [
      {
        "Node Type": "Gather",
        "Parent Relationship": "Outer",
        "Parallel Aware": false,
        "Startup Cost": 167133.36,
        "Total Cost": 167133.47,
        "Plan Rows": 1,
        "Plan Width": 8,
        "Actual Startup Time": 1465.08,
        "Actual Total Time": 1499.703,
        "Actual Rows": 2,
        "Actual Loops": 1,
        "Workers Planned": 1,
        "Workers Launched": 1,
        "Single Copy": false,
        "Plans": [
          {
            "Node Type": "Aggregate",
            "Strategy": "Plain",
            "Partial Mode": "Partial",
            "Parent Relationship": "Outer",
            "Parallel Aware": false,
            "Startup Cost": 166133.36,
            "Total Cost": 166133.37,
            "Plan Rows": 1,
            "Plan Width": 8,
            "Actual Startup Time": 1458.428,
            "Actual Total Time": 1458.434,
            "Actual Rows": 1,
            "Actual Loops": 2,
            "Plans": [
              {
                "Node Type": "Hash Join",
                "Parent Relationship": "Outer",
                "Parallel Aware": true,
                "Join Type": "Inner",
                "Startup Cost": 122374.69,
                "Total Cost": 164980.52,
                "Plan Rows": 461139,
                "Plan Width": 0,
                "Actual Startup Time": 853.231,
                "Actual Total Time": 1339.797,
                "Actual Rows": 2979302,
                "Actual Loops": 2,
                "Inner Unique": false,
                "Hash Cond": "(mc.movie_id = t.id)",
                "Plans": [
                  {
                    "Node Type": "Seq Scan",
                    "Parent Relationship": "Outer",
                    "Parallel Aware": true,
                    "Relation Name": "movie_companies",
                    "Alias": "mc",
                    "Startup Cost": 0.0,
                    "Total Cost": 34137.82,
                    "Plan Rows": 1534782,
                    "Plan Width": 4,
                    "Actual Startup Time": 0.016,
                    "Actual Total Time": 99.685,
                    "Actual Rows": 1304564,
                    "Actual Loops": 2
                  },
                  {
                    "Node Type": "Hash",
                    "Parent Relationship": "Inner",
                    "Parallel Aware": true,
                    "Startup Cost": 116789.04,
                    "Total Cost": 116789.04,
                    "Plan Rows": 446852,
                    "Plan Width": 8,
                    "Actual Startup Time": 836.69,
                    "Actual Total Time": 836.694,
                    "Actual Rows": 373990,
                    "Actual Loops": 2,
                    "Hash Buckets": 1048576,
                    "Original Hash Buckets": 1048576,
                    "Hash Batches": 1,
                    "Original Hash Batches": 1,
                    "Peak Memory Usage": 37472,
                    "Plans": [
                      {
                        "Node Type": "Hash Join",
                        "Parent Relationship": "Outer",
                        "Parallel Aware": true,
                        "Join Type": "Inner",
                        "Startup Cost": 85576.4,
                        "Total Cost": 116789.04,
                        "Plan Rows": 446852,
                        "Plan Width": 8,
                        "Actual Startup Time": 578.674,
                        "Actual Total Time": 755.749,
                        "Actual Rows": 373990,
                        "Actual Loops": 2,
                        "Inner Unique": true,
                        "Hash Cond": "(mk.movie_id = t.id)",
                        "Plans": [
                          {
                            "Node Type": "Bitmap Heap Scan",
                            "Parent Relationship": "Outer",
                            "Parallel Aware": true,
                            "Relation Name": "movie_keyword",
                            "Alias": "mk",
                            "Startup Cost": 16115.7,
                            "Total Cost": 46155.35,
                            "Plan Rows": 446852,
                            "Plan Width": 4,
                            "Actual Startup Time": 42.155,
                            "Actual Total Time": 123.127,
                            "Actual Rows": 373990,
                            "Actual Loops": 2,
                            "Recheck Cond": "(keyword_id > 24997)",
                            "Rows Removed by Index Recheck": 0,
                            "Exact Heap Blocks": 13020,
                            "Lossy Heap Blocks": 0,
                            "Plans": [
                              {
                                "Node Type": "Bitmap Index Scan",
                                "Parent Relationship": "Outer",
                                "Parallel Aware": false,
                                "Index Name": "keyword_id_movie_keyword",
                                "Startup Cost": 0.0,
                                "Total Cost": 15925.79,
                                "Plan Rows": 759648,
                                "Plan Width": 0,
                                "Actual Startup Time": 38.625,
                                "Actual Total Time": 38.625,
                                "Actual Rows": 747980,
                                "Actual Loops": 1,
                                "Index Cond": "(keyword_id > 24997)"
                              }
                            ]
                          },
                          {
                            "Node Type": "Hash",
                            "Parent Relationship": "Inner",
                            "Parallel Aware": true,
                            "Startup Cost": 50870.31,
                            "Total Cost": 50870.31,
                            "Plan Rows": 1487231,
                            "Plan Width": 4,
                            "Actual Startup Time": 520.601,
                            "Actual Total Time": 520.601,
                            "Actual Rows": 1264156,
                            "Actual Loops": 2,
                            "Hash Buckets": 4194304,
                            "Original Hash Buckets": 4194304,
                            "Hash Batches": 1,
                            "Original Hash Batches": 1,
                            "Peak Memory Usage": 131712,
                            "Plans": [
                              {
                                "Node Type": "Seq Scan",
                                "Parent Relationship": "Outer",
                                "Parallel Aware": true,
                                "Relation Name": "title",
                                "Alias": "t",
                                "Startup Cost": 0.0,
                                "Total Cost": 50870.31,
                                "Plan Rows": 1487231,
                                "Plan Width": 4,
                                "Actual Startup Time": 0.033,
                                "Actual Total Time": 155.339,
                                "Actual Rows": 1264156,
                                "Actual Loops": 2
                              }
                            ]
                          }
                        ]
                      }
                    ]
                  }
                ]
              }
            ]
          }
        ]
      }
    ]
  },
  "Planning Time": 1.039,
  "Triggers": [],
  "Execution Time": 1499.847
}