[
  {
    "Plan": {
      "Node Type": "Aggregate",
      "Strategy": "Plain",
      "Partial Mode": "Finalize",
      "Parallel Aware": false,
      "Startup Cost": 46537.17,
      "Total Cost": 46537.18,
      "Plan Rows": 1,
      "Plan Width": 8,
      "Actual Startup Time": 98.289,
      "Actual Total Time": 111.445,
      "Actual Rows": 1,
      "Actual Loops": 1,
      "Plans": [
        {
          "Node Type": "Gather",
          "Parent Relationship": "Outer",
          "Parallel Aware": false,
          "Startup Cost": 46536.75,
          "Total Cost": 46537.16,
          "Plan Rows": 4,
          "Plan Width": 8,
          "Actual Startup Time": 98.029,
          "Actual Total Time": 111.436,
          "Actual Rows": 5,
          "Actual Loops": 1,
          "Workers Planned": 4,
          "Workers Launched": 4,
          "Single Copy": false,
          "Plans": [
            {
              "Node Type": "Aggregate",
              "Strategy": "Plain",
              "Partial Mode": "Partial",
              "Parent Relationship": "Outer",
              "Parallel Aware": false,
              "Startup Cost": 45536.75,
              "Total Cost": 45536.76,
              "Plan Rows": 1,
              "Plan Width": 8,
              "Actual Startup Time": 89.67,
              "Actual Total Time": 89.671,
              "Actual Rows": 1,
              "Actual Loops": 5,
              "Plans": [
                {
                  "Node Type": "Seq Scan",
                  "Parent Relationship": "Outer",
                  "Parallel Aware": true,
                  "Relation Name": "title",
                  "Alias": "t",
                  "Startup Cost": 0.0,
                  "Total Cost": 45479.1,
                  "Plan Rows": 23060,
                  "Plan Width": 0,
                  "Actual Startup Time": 28.946,
                  "Actual Total Time": 89.658,
                  "Actual Rows": 11,
                  "Actual Loops": 5,
                  "Filter": "((kind_id > 4) AND (production_year < 1946))",
                  "Rows Removed by Filter": 505651
                }
              ]
            }
          ]
        }
      ]
    },
    "Planning Time": 0.221,
    "Triggers": [],
    "Execution Time": 111.508
  }
]