[
  {
    "Plan": {
      "Node Type": "Aggregate",
      "Strategy": "Plain",
      "Partial Mode": "Simple",
      "Parallel Aware": false,
      "Startup Cost": 125334.25,
      "Total Cost": 125334.26,
      "Plan Rows": 1,
      "Plan Width": 32,
      "Actual Startup Time": 619.202,
      "Actual Total Time": 657.679,
      "Actual Rows": 1,
      "Actual Loops": 1,
      "Plans": [
        {
          "Node Type": "Gather",
          "Parent Relationship": "Outer",
          "Parallel Aware": false,
          "Startup Cost": 80645.46,
          "Total Cost": 125334.25,
          "Plan Rows": 1,
          "Plan Width": 17,
          "Actual Startup Time": 568.266,
          "Actual Total Time": 657.627,
          "Actual Rows": 107,
          "Actual Loops": 1,
          "Workers Planned": 4,
          "Workers Launched": 4,
          "Single Copy": false,
          "Plans": [
            {
              "Node Type": "Hash Join",
              "Parent Relationship": "Outer",
              "Parallel Aware": true,
              "Join Type": "Inner",
              "Startup Cost": 79645.46,
              "Total Cost": 124334.15,
              "Plan Rows": 1,
              "Plan Width": 17,
              "Actual Startup Time": 537.819,
              "Actual Total Time": 607.998,
              "Actual Rows": 21,
              "Actual Loops": 5,
              "Inner Unique": false,
              "Hash Cond": "(t.id = mc.movie_id)",
              "Plans": [
                {
                  "Node Type": "Seq Scan",
                  "Parent Relationship": "Outer",
                  "Parallel Aware": true,
                  "Relation Name": "title",
                  "Alias": "t",
                  "Startup Cost": 0.0,
                  "Total Cost": 42318.49,
                  "Plan Rows": 632049,
                  "Plan Width": 21,
                  "Actual Startup Time": 0.02,
                  "Actual Total Time": 99.023,
                  "Actual Rows": 505662,
                  "Actual Loops": 5
                },
                {
                  "Node Type": "Hash",
                  "Parent Relationship": "Inner",
                  "Parallel Aware": true,
                  "Startup Cost": 79645.45,
                  "Total Cost": 79645.45,
                  "Plan Rows": 1,
                  "Plan Width": 8,
                  "Actual Startup Time": 456.747,
                  "Actual Total Time": 456.758,
                  "Actual Rows": 21,
                  "Actual Loops": 5,
                  "Hash Buckets": 1024,
                  "Original Hash Buckets": 1024,
                  "Hash Batches": 1,
                  "Original Hash Batches": 1,
                  "Peak Memory Usage": 168,
                  "Plans": [
                    {
                      "Node Type": "Hash Join",
                      "Parent Relationship": "Outer",
                      "Parallel Aware": true,
                      "Join Type": "Inner",
                      "Startup Cost": 50228.14,
                      "Total Cost": 79645.45,
                      "Plan Rows": 1,
                      "Plan Width": 8,
                      "Actual Startup Time": 347.47,
                      "Actual Total Time": 456.528,
                      "Actual Rows": 21,
                      "Actual Loops": 5,
                      "Inner Unique": false,
                      "Hash Cond": "(mc.movie_id = mk.movie_id)",
                      "Plans": [
                        {
                          "Node Type": "Hash Join",
                          "Parent Relationship": "Outer",
                          "Parallel Aware": true,
                          "Join Type": "Inner",
                          "Startup Cost": 4723.67,
                          "Total Cost": 34139.6,
                          "Plan Rows": 365,
                          "Plan Width": 4,
                          "Actual Startup Time": 20.963,
                          "Actual Total Time": 153.676,
                          "Actual Rows": 152,
                          "Actual Loops": 5,
                          "Inner Unique": true,
                          "Hash Cond": "(mc.company_id = cn.id)",
                          "Plans": [
                            {
                              "Node Type": "Seq Scan",
                              "Parent Relationship": "Outer",
                              "Parallel Aware": true,
                              "Relation Name": "movie_companies",
                              "Alias": "mc",
                              "Startup Cost": 0.0,
                              "Total Cost": 27206.55,
                              "Plan Rows": 841655,
                              "Plan Width": 8,
                              "Actual Startup Time": 0.026,
                              "Actual Total Time": 83.455,
                              "Actual Rows": 521826,
                              "Actual Loops": 5
                            },
                            {
                              "Node Type": "Hash",
                              "Parent Relationship": "Inner",
                              "Parallel Aware": true,
                              "Startup Cost": 4722.92,
                              "Total Cost": 4722.92,
                              "Plan Rows": 60,
                              "Plan Width": 4,
                              "Actual Startup Time": 13.753,
                              "Actual Total Time": 13.754,
                              "Actual Rows": 23,
                              "Actual Loops": 5,
                              "Hash Buckets": 1024,
                              "Original Hash Buckets": 1024,
                              "Hash Batches": 1,
                              "Original Hash Batches": 1,
                              "Peak Memory Usage": 168,
                              "Plans": [
                                {
                                  "Node Type": "Seq Scan",
                                  "Parent Relationship": "Outer",
                                  "Parallel Aware": true,
                                  "Relation Name": "company_name",
                                  "Alias": "cn",
                                  "Startup Cost": 0.0,
                                  "Total Cost": 4722.92,
                                  "Plan Rows": 60,
                                  "Plan Width": 4,
                                  "Actual Startup Time": 0.369,
                                  "Actual Total Time": 13.644,
                                  "Actual Rows": 23,
                                  "Actual Loops": 5,
                                  "Filter": "((country_code)::text = '[lt]'::text)",
                                  "Rows Removed by Filter": 46977
                                }
                              ]
                            }
                          ]
                        },
                        {
                          "Node Type": "Hash",
                          "Parent Relationship": "Inner",
                          "Parallel Aware": true,
                          "Startup Cost": 45504.33,
                          "Total Cost": 45504.33,
                          "Plan Rows": 11,
                          "Plan Width": 4,
                          "Actual Startup Time": 302.568,
                          "Actual Total Time": 302.571,
                          "Actual Rows": 8368,
                          "Actual Loops": 5,
                          "Hash Buckets": 65536,
                          "Original Hash Buckets": 1024,
                          "Hash Batches": 1,
                          "Original Hash Batches": 1,
                          "Peak Memory Usage": 2776,
                          "Plans": [
                            {
                              "Node Type": "Hash Join",
                              "Parent Relationship": "Outer",
                              "Parallel Aware": false,
                              "Join Type": "Inner",
                              "Startup Cost": 2626.14,
                              "Total Cost": 45504.33,
                              "Plan Rows": 11,
                              "Plan Width": 4,
                              "Actual Startup Time": 30.459,
                              "Actual Total Time": 263.211,
                              "Actual Rows": 8368,
                              "Actual Loops": 5,
                              "Inner Unique": true,
                              "Hash Cond": "(mk.keyword_id = k.id)",
                              "Plans": [
                                {
                                  "Node Type": "Seq Scan",
                                  "Parent Relationship": "Outer",
                                  "Parallel Aware": true,
                                  "Relation Name": "movie_keyword",
                                  "Alias": "mk",
                                  "Startup Cost": 0.0,
                                  "Total Cost": 39047.32,
                                  "Plan Rows": 1459332,
                                  "Plan Width": 8,
                                  "Actual Startup Time": 0.074,
                                  "Actual Total Time": 138.386,
                                  "Actual Rows": 904786,
                                  "Actual Loops": 5
                                },
                                {
                                  "Node Type": "Hash",
                                  "Parent Relationship": "Inner",
                                  "Parallel Aware": false,
                                  "Startup Cost": 2626.12,
                                  "Total Cost": 2626.12,
                                  "Plan Rows": 1,
                                  "Plan Width": 4,
                                  "Actual Startup Time": 30.254,
                                  "Actual Total Time": 30.255,
                                  "Actual Rows": 1,
                                  "Actual Loops": 5,
                                  "Hash Buckets": 1024,
                                  "Original Hash Buckets": 1024,
                                  "Hash Batches": 1,
                                  "Original Hash Batches": 1,
                                  "Peak Memory Usage": 9,
                                  "Plans": [
                                    {
                                      "Node Type": "Seq Scan",
                                      "Parent Relationship": "Outer",
                                      "Parallel Aware": false,
                                      "Relation Name": "keyword",
                                      "Alias": "k",
                                      "Startup Cost": 0.0,
                                      "Total Cost": 2626.12,
                                      "Plan Rows": 1,
                                      "Plan Width": 4,
                                      "Actual Startup Time": 2.322,
                                      "Actual Total Time": 30.231,
                                      "Actual Rows": 1,
                                      "Actual Loops": 5,
                                      "Filter": "(keyword = 'character-name-in-title'::text)",
                                      "Rows Removed by Filter": 134169
                                    }
                                  ]
                                }
                              ]
                            }
                          ]
                        }
                      ]
                    }
                  ]
                }
              ]
            }
          ]
        }
      ]
    },
    "Planning Time": 4.692,
    "Triggers": [],
    "Execution Time": 658.114
  }
]