[
  {
    "Plan": {
      "Node Type": "Aggregate",
      "Strategy": "Plain",
      "Partial Mode": "Finalize",
      "Parallel Aware": false,
      "Startup Cost": 331450.77,
      "Total Cost": 331450.78,
      "Plan Rows": 1,
      "Plan Width": 8,
      "Actual Startup Time": 661.774,
      "Actual Total Time": 719.452,
      "Actual Rows": 1,
      "Actual Loops": 1,
      "Plans": [
        {
          "Node Type": "Gather",
          "Parent Relationship": "Outer",
          "Parallel Aware": false,
          "Startup Cost": 331450.15,
          "Total Cost": 331450.76,
          "Plan Rows": 6,
          "Plan Width": 8,
          "Actual Startup Time": 661.649,
          "Actual Total Time": 719.442,
          "Actual Rows": 7,
          "Actual Loops": 1,
          "Workers Planned": 6,
          "Workers Launched": 6,
          "Single Copy": false,
          "Plans": [
            {
              "Node Type": "Aggregate",
              "Strategy": "Plain",
              "Partial Mode": "Partial",
              "Parent Relationship": "Outer",
              "Parallel Aware": false,
              "Startup Cost": 330450.15,
              "Total Cost": 330450.16,
              "Plan Rows": 1,
              "Plan Width": 8,
              "Actual Startup Time": 651.298,
              "Actual Total Time": 651.299,
              "Actual Rows": 1,
              "Actual Loops": 7,
              "Plans": [
                {
                  "Node Type": "Seq Scan",
                  "Parent Relationship": "Outer",
                  "Parallel Aware": true,
                  "Relation Name": "cast_info",
                  "Alias": "ci",
                  "Startup Cost": 0.0,
                  "Total Cost": 328162.03,
                  "Plan Rows": 915249,
                  "Plan Width": 0,
                  "Actual Startup Time": 0.052,
                  "Actual Total Time": 606.864,
                  "Actual Rows": 806064,
                  "Actual Loops": 7,
                  "Filter": "(person_id < 545755)",
                  "Rows Removed by Filter": 4371699
                }
              ]
            }
          ]
        }
      ]
    },
    "Planning Time": 0.122,
    "Triggers": [],
    "Execution Time": 719.507
  }
]