[
  {
    "Plan": {
      "Node Type": "Aggregate",
      "Strategy": "Plain",
      "Partial Mode": "Finalize",
      "Parallel Aware": false,
      "Startup Cost": 33145.32,
      "Total Cost": 33145.33,
      "Plan Rows": 1,
      "Plan Width": 8,
      "Actual Startup Time": 109.252,
      "Actual Total Time": 116.595,
      "Actual Rows": 1,
      "Actual Loops": 1,
      "Plans": [
        {
          "Node Type": "Gather",
          "Parent Relationship": "Outer",
          "Parallel Aware": false,
          "Startup Cost": 33145.0,
          "Total Cost": 33145.31,
          "Plan Rows": 3,
          "Plan Width": 8,
          "Actual Startup Time": 109.076,
          "Actual Total Time": 116.585,
          "Actual Rows": 4,
          "Actual Loops": 1,
          "Workers Planned": 3,
          "Workers Launched": 3,
          "Single Copy": false,
          "Plans": [
            {
              "Node Type": "Aggregate",
              "Strategy": "Plain",
              "Partial Mode": "Partial",
              "Parent Relationship": "Outer",
              "Parallel Aware": false,
              "Startup Cost": 32145.0,
              "Total Cost": 32145.01,
              "Plan Rows": 1,
              "Plan Width": 8,
              "Actual Startup Time": 102.343,
              "Actual Total Time": 102.345,
              "Actual Rows": 1,
              "Actual Loops": 4,
              "Plans": [
                {
                  "Node Type": "Seq Scan",
                  "Parent Relationship": "Outer",
                  "Parallel Aware": true,
                  "Relation Name": "movie_companies",
                  "Alias": "mc",
                  "Startup Cost": 0.0,
                  "Total Cost": 31414.82,
                  "Plan Rows": 292073,
                  "Plan Width": 0,
                  "Actual Startup Time": 0.033,
                  "Actual Total Time": 84.516,
                  "Actual Rows": 305473,
                  "Actual Loops": 4,
                  "Filter": "((company_id < 36855) AND (company_type_id < 2))",
                  "Rows Removed by Filter": 346809
                }
              ]
            }
          ]
        }
      ]
    },
    "Planning Time": 0.152,
    "Triggers": [],
    "Execution Time": 116.639
  }
]