[
  {
    "Plan": {
      "Node Type": "Aggregate",
      "Strategy": "Plain",
      "Partial Mode": "Finalize",
      "Parallel Aware": false,
      "Startup Cost": 52840.22,
      "Total Cost": 52840.23,
      "Plan Rows": 1,
      "Plan Width": 8,
      "Actual Startup Time": 97.489,
      "Actual Total Time": 110.224,
      "Actual Rows": 1,
      "Actual Loops": 1,
      "Plans": [
        {
          "Node Type": "Gather",
          "Parent Relationship": "Outer",
          "Parallel Aware": false,
          "Startup Cost": 52839.8,
          "Total Cost": 52840.21,
          "Plan Rows": 4,
          "Plan Width": 8,
          "Actual Startup Time": 97.386,
          "Actual Total Time": 110.217,
          "Actual Rows": 5,
          "Actual Loops": 1,
          "Workers Planned": 4,
          "Workers Launched": 4,
          "Single Copy": false,
          "Plans": [
            {
              "Node Type": "Aggregate",
              "Strategy": "Plain",
              "Partial Mode": "Partial",
              "Parent Relationship": "Outer",
              "Parallel Aware": false,
              "Startup Cost": 51839.8,
              "Total Cost": 51839.81,
              "Plan Rows": 1,
              "Plan Width": 8,
              "Actual Startup Time": 87.537,
              "Actual Total Time": 87.538,
              "Actual Rows": 1,
              "Actual Loops": 5,
              "Plans": [
                {
                  "Node Type": "Nested Loop",
                  "Parent Relationship": "Outer",
                  "Parallel Aware": false,
                  "Join Type": "Inner",
                  "Startup Cost": 0.43,
                  "Total Cost": 51839.53,
                  "Plan Rows": 108,
                  "Plan Width": 0,
                  "Actual Startup Time": 58.141,
                  "Actual Total Time": 87.492,
                  "Actual Rows": 353,
                  "Actual Loops": 5,
                  "Inner Unique": false,
                  "Plans": [
                    {
                      "Node Type": "Seq Scan",
                      "Parent Relationship": "Outer",
                      "Parallel Aware": true,
                      "Relation Name": "title",
                      "Alias": "t",
                      "Startup Cost": 0.0,
                      "Total Cost": 45479.1,
                      "Plan Rows": 347,
                      "Plan Width": 4,
                      "Actual Startup Time": 57.939,
                      "Actual Total Time": 80.224,
                      "Actual Rows": 523,
                      "Actual Loops": 5,
                      "Filter": "((kind_id < 7) AND (production_year = 1923))",
                      "Rows Removed by Filter": 505140
                    },
                    {
                      "Node Type": "Index Scan",
                      "Parent Relationship": "Inner",
                      "Parallel Aware": false,
                      "Scan Direction": "Forward",
                      "Index Name": "movie_id_movie_companies",
                      "Relation Name": "movie_companies",
                      "Alias": "mc",
                      "Startup Cost": 0.43,
                      "Total Cost": 18.31,
                      "Plan Rows": 2,
                      "Plan Width": 4,
                      "Actual Startup Time": 0.011,
                      "Actual Total Time": 0.013,
                      "Actual Rows": 1,
                      "Actual Loops": 2614,
                      "Index Cond": "(movie_id = t.id)",
                      "Rows Removed by Index Recheck": 0,
                      "Filter": "((company_id < 16040) AND (company_type_id = 1))",
                      "Rows Removed by Filter": 1
                    }
                  ]
                }
              ]
            }
          ]
        }
      ]
    },
    "Planning Time": 0.668,
    "Triggers": [],
    "Execution Time": 110.298
  }
]