[
    {
        "Bao": {
            "Bao prediction": "NaN",
            "Bao recommended hint": "(no hint)"
        }
    },
    {
        "Plan": {
            "Node Type": "Aggregate",
            "Strategy": "Plain",
            "Partial Mode": "Finalize",
            "Parallel Aware": false,
            "Startup Cost": 37545.76,
            "Total Cost": 37545.77,
            "Plan Rows": 1,
            "Plan Width": 8,
            "Actual Startup Time": 110.795,
            "Actual Total Time": 117.082,
            "Actual Rows": 1,
            "Actual Loops": 1,
            "Output": [
                "count(*)"
            ],
            "Plans": [
                {
                    "Node Type": "Gather",
                    "Parent Relationship": "Outer",
                    "Parallel Aware": false,
                    "Startup Cost": 37545.44,
                    "Total Cost": 37545.75,
                    "Plan Rows": 3,
                    "Plan Width": 8,
                    "Actual Startup Time": 110.554,
                    "Actual Total Time": 117.073,
                    "Actual Rows": 4,
                    "Actual Loops": 1,
                    "Output": [
                        "(PARTIAL count(*))"
                    ],
                    "Workers Planned": 3,
                    "Workers Launched": 3,
                    "Single Copy": false,
                    "Plans": [
                        {
                            "Node Type": "Aggregate",
                            "Strategy": "Plain",
                            "Partial Mode": "Partial",
                            "Parent Relationship": "Outer",
                            "Parallel Aware": false,
                            "Startup Cost": 36545.44,
                            "Total Cost": 36545.45,
                            "Plan Rows": 1,
                            "Plan Width": 8,
                            "Actual Startup Time": 102.169,
                            "Actual Total Time": 102.171,
                            "Actual Rows": 1,
                            "Actual Loops": 4,
                            "Output": [
                                "PARTIAL count(*)"
                            ],
                            "Workers": [
                                {
                                    "Worker Number": 0,
                                    "Actual Startup Time": 99.166,
                                    "Actual Total Time": 99.167,
                                    "Actual Rows": 1,
                                    "Actual Loops": 1
                                },
                                {
                                    "Worker Number": 1,
                                    "Actual Startup Time": 99.335,
                                    "Actual Total Time": 99.337,
                                    "Actual Rows": 1,
                                    "Actual Loops": 1
                                },
                                {
                                    "Worker Number": 2,
                                    "Actual Startup Time": 99.884,
                                    "Actual Total Time": 99.885,
                                    "Actual Rows": 1,
                                    "Actual Loops": 1
                                }
                            ],
                            "Plans": [
                                {
                                    "Node Type": "Bitmap Heap Scan",
                                    "Parent Relationship": "Outer",
                                    "Parallel Aware": true,
                                    "Relation Name": "movie_keyword",
                                    "Schema": "public",
                                    "Alias": "mk",
                                    "Startup Cost": 9845.57,
                                    "Total Cost": 36171.13,
                                    "Plan Rows": 149725,
                                    "Plan Width": 0,
                                    "Actual Startup Time": 28.448,
                                    "Actual Total Time": 95.78,
                                    "Actual Rows": 113890,
                                    "Actual Loops": 4,
                                    "Recheck Cond": "(mk.keyword_id > 38908)",
                                    "Rows Removed by Index Recheck": 0,
                                    "Exact Heap Blocks": 10228,
                                    "Lossy Heap Blocks": 0,
                                    "Workers": [
                                        {
                                            "Worker Number": 0,
                                            "Actual Startup Time": 25.536,
                                            "Actual Total Time": 93.389,
                                            "Actual Rows": 84431,
                                            "Actual Loops": 1
                                        },
                                        {
                                            "Worker Number": 1,
                                            "Actual Startup Time": 25.918,
                                            "Actual Total Time": 93.649,
                                            "Actual Rows": 82033,
                                            "Actual Loops": 1
                                        },
                                        {
                                            "Worker Number": 2,
                                            "Actual Startup Time": 26.104,
                                            "Actual Total Time": 94.085,
                                            "Actual Rows": 85124,
                                            "Actual Loops": 1
                                        }
                                    ],
                                    "Plans": [
                                        {
                                            "Node Type": "Bitmap Index Scan",
                                            "Parent Relationship": "Outer",
                                            "Parallel Aware": false,
                                            "Index Name": "keyword_id_movie_keyword",
                                            "Startup Cost": 0.0,
                                            "Total Cost": 9729.54,
                                            "Plan Rows": 464147,
                                            "Plan Width": 0,
                                            "Actual Startup Time": 32.906,
                                            "Actual Total Time": 32.907,
                                            "Actual Rows": 455562,
                                            "Actual Loops": 1,
                                            "Index Cond": "(mk.keyword_id > 38908)"
                                        }
                                    ]
                                }
                            ]
                        }
                    ]
                }
            ]
        },
        "Planning Time": 189.05,
        "Triggers": [],
        "Execution Time": 117.137
    }
]