[
  {
    "Plan": {
      "Node Type": "Aggregate",
      "Strategy": "Plain",
      "Partial Mode": "Finalize",
      "Parallel Aware": false,
      "Startup Cost": 94830.37,
      "Total Cost": 94830.38,
      "Plan Rows": 1,
      "Plan Width": 8,
      "Actual Startup Time": 539.211,
      "Actual Total Time": 555.885,
      "Actual Rows": 1,
      "Actual Loops": 1,
      "Plans": [
        {
          "Node Type": "Gather",
          "Parent Relationship": "Outer",
          "Parallel Aware": false,
          "Startup Cost": 94830.05,
          "Total Cost": 94830.36,
          "Plan Rows": 3,
          "Plan Width": 8,
          "Actual Startup Time": 528.071,
          "Actual Total Time": 555.875,
          "Actual Rows": 4,
          "Actual Loops": 1,
          "Workers Planned": 3,
          "Workers Launched": 3,
          "Single Copy": false,
          "Plans": [
            {
              "Node Type": "Aggregate",
              "Strategy": "Plain",
              "Partial Mode": "Partial",
              "Parent Relationship": "Outer",
              "Parallel Aware": false,
              "Startup Cost": 93830.05,
              "Total Cost": 93830.06,
              "Plan Rows": 1,
              "Plan Width": 8,
              "Actual Startup Time": 510.609,
              "Actual Total Time": 510.613,
              "Actual Rows": 1,
              "Actual Loops": 4,
              "Plans": [
                {
                  "Node Type": "Hash Join",
                  "Parent Relationship": "Outer",
                  "Parallel Aware": true,
                  "Join Type": "Inner",
                  "Startup Cost": 65327.18,
                  "Total Cost": 93255.74,
                  "Plan Rows": 229723,
                  "Plan Width": 0,
                  "Actual Startup Time": 384.348,
                  "Actual Total Time": 502.024,
                  "Actual Rows": 175732,
                  "Actual Loops": 4,
                  "Inner Unique": true,
                  "Hash Cond": "(mk.movie_id = t.id)",
                  "Plans": [
                    {
                      "Node Type": "Bitmap Heap Scan",
                      "Parent Relationship": "Outer",
                      "Parallel Aware": true,
                      "Relation Name": "movie_keyword",
                      "Alias": "mk",
                      "Startup Cost": 15107.53,
                      "Total Cost": 42433.07,
                      "Plan Rows": 229723,
                      "Plan Width": 4,
                      "Actual Startup Time": 40.729,
                      "Actual Total Time": 103.889,
                      "Actual Rows": 175732,
                      "Actual Loops": 4,
                      "Recheck Cond": "(keyword_id > 26823)",
                      "Rows Removed by Index Recheck": 0,
                      "Exact Heap Blocks": 7899,
                      "Lossy Heap Blocks": 0,
                      "Plans": [
                        {
                          "Node Type": "Bitmap Index Scan",
                          "Parent Relationship": "Outer",
                          "Parallel Aware": false,
                          "Index Name": "keyword_id_movie_keyword",
                          "Startup Cost": 0.0,
                          "Total Cost": 14929.5,
                          "Plan Rows": 712142,
                          "Plan Width": 0,
                          "Actual Startup Time": 37.296,
                          "Actual Total Time": 37.297,
                          "Actual Rows": 702927,
                          "Actual Loops": 1,
                          "Index Cond": "(keyword_id > 26823)"
                        }
                      ]
                    },
                    {
                      "Node Type": "Hash",
                      "Parent Relationship": "Inner",
                      "Parallel Aware": true,
                      "Startup Cost": 42318.73,
                      "Total Cost": 42318.73,
                      "Plan Rows": 632073,
                      "Plan Width": 4,
                      "Actual Startup Time": 332.656,
                      "Actual Total Time": 332.657,
                      "Actual Rows": 632078,
                      "Actual Loops": 4,
                      "Hash Buckets": 4194304,
                      "Original Hash Buckets": 4194304,
                      "Hash Batches": 1,
                      "Original Hash Batches": 1,
                      "Peak Memory Usage": 131744,
                      "Plans": [
                        {
                          "Node Type": "Seq Scan",
                          "Parent Relationship": "Outer",
                          "Parallel Aware": true,
                          "Relation Name": "title",
                          "Alias": "t",
                          "Startup Cost": 0.0,
                          "Total Cost": 42318.73,
                          "Plan Rows": 632073,
                          "Plan Width": 4,
                          "Actual Startup Time": 0.032,
                          "Actual Total Time": 98.057,
                          "Actual Rows": 632078,
                          "Actual Loops": 4
                        }
                      ]
                    }
                  ]
                }
              ]
            }
          ]
        }
      ]
    },
    "Planning Time": 0.506,
    "Triggers": [],
    "Execution Time": 555.959
  }
]