[
  {
    "Plan": {
      "Node Type": "Aggregate",
      "Strategy": "Plain",
      "Partial Mode": "Finalize",
      "Parallel Aware": false,
      "Startup Cost": 351323.17,
      "Total Cost": 351323.18,
      "Plan Rows": 1,
      "Plan Width": 8,
      "Actual Startup Time": 738.971,
      "Actual Total Time": 794.722,
      "Actual Rows": 1,
      "Actual Loops": 1,
      "Plans": [
        {
          "Node Type": "Gather",
          "Parent Relationship": "Outer",
          "Parallel Aware": false,
          "Startup Cost": 351322.55,
          "Total Cost": 351323.16,
          "Plan Rows": 6,
          "Plan Width": 8,
          "Actual Startup Time": 738.847,
          "Actual Total Time": 794.712,
          "Actual Rows": 7,
          "Actual Loops": 1,
          "Workers Planned": 6,
          "Workers Launched": 6,
          "Single Copy": false,
          "Plans": [
            {
              "Node Type": "Aggregate",
              "Strategy": "Plain",
              "Partial Mode": "Partial",
              "Parent Relationship": "Outer",
              "Parallel Aware": false,
              "Startup Cost": 350322.55,
              "Total Cost": 350322.56,
              "Plan Rows": 1,
              "Plan Width": 8,
              "Actual Startup Time": 730.005,
              "Actual Total Time": 730.006,
              "Actual Rows": 1,
              "Actual Loops": 7,
              "Plans": [
                {
                  "Node Type": "Seq Scan",
                  "Parent Relationship": "Outer",
                  "Parallel Aware": true,
                  "Relation Name": "cast_info",
                  "Alias": "ci",
                  "Startup Cost": 0.0,
                  "Total Cost": 343257.03,
                  "Plan Rows": 2826208,
                  "Plan Width": 0,
                  "Actual Startup Time": 178.678,
                  "Actual Total Time": 640.055,
                  "Actual Rows": 2206403,
                  "Actual Loops": 7,
                  "Filter": "((person_id > 1466446) AND (role_id < 8))",
                  "Rows Removed by Filter": 2971360
                }
              ]
            }
          ]
        }
      ]
    },
    "Planning Time": 0.184,
    "Triggers": [],
    "Execution Time": 794.787
  }
]