[
  {
    "Plan": {
      "Node Type": "Aggregate",
      "Strategy": "Plain",
      "Partial Mode": "Finalize",
      "Parallel Aware": false,
      "Startup Cost": 27681.02,
      "Total Cost": 27681.03,
      "Plan Rows": 1,
      "Plan Width": 8,
      "Actual Startup Time": 76.742,
      "Actual Total Time": 80.452,
      "Actual Rows": 1,
      "Actual Loops": 1,
      "Plans": [
        {
          "Node Type": "Gather",
          "Parent Relationship": "Outer",
          "Parallel Aware": false,
          "Startup Cost": 27680.71,
          "Total Cost": 27681.02,
          "Plan Rows": 3,
          "Plan Width": 8,
          "Actual Startup Time": 76.594,
          "Actual Total Time": 80.442,
          "Actual Rows": 4,
          "Actual Loops": 1,
          "Workers Planned": 3,
          "Workers Launched": 3,
          "Single Copy": false,
          "Plans": [
            {
              "Node Type": "Aggregate",
              "Strategy": "Plain",
              "Partial Mode": "Partial",
              "Parent Relationship": "Outer",
              "Parallel Aware": false,
              "Startup Cost": 26680.71,
              "Total Cost": 26680.72,
              "Plan Rows": 1,
              "Plan Width": 8,
              "Actual Startup Time": 69.374,
              "Actual Total Time": 69.375,
              "Actual Rows": 1,
              "Actual Loops": 4,
              "Plans": [
                {
                  "Node Type": "Bitmap Heap Scan",
                  "Parent Relationship": "Outer",
                  "Parallel Aware": true,
                  "Relation Name": "movie_companies",
                  "Alias": "mc",
                  "Startup Cost": 6345.71,
                  "Total Cost": 26560.17,
                  "Plan Rows": 48216,
                  "Plan Width": 0,
                  "Actual Startup Time": 26.029,
                  "Actual Total Time": 63.141,
                  "Actual Rows": 73478,
                  "Actual Loops": 4,
                  "Recheck Cond": "(company_id > 94773)",
                  "Rows Removed by Index Recheck": 0,
                  "Filter": "(company_type_id = 2)",
                  "Rows Removed by Filter": 0,
                  "Exact Heap Blocks": 2000,
                  "Lossy Heap Blocks": 0,
                  "Plans": [
                    {
                      "Node Type": "Bitmap Index Scan",
                      "Parent Relationship": "Outer",
                      "Parallel Aware": false,
                      "Index Name": "company_id_movie_companies",
                      "Startup Cost": 0.0,
                      "Total Cost": 6308.34,
                      "Plan Rows": 294388,
                      "Plan Width": 0,
                      "Actual Startup Time": 31.114,
                      "Actual Total Time": 31.114,
                      "Actual Rows": 293910,
                      "Actual Loops": 1,
                      "Index Cond": "(company_id > 94773)"
                    }
                  ]
                }
              ]
            }
          ]
        }
      ]
    },
    "Planning Time": 0.314,
    "Triggers": [],
    "Execution Time": 80.531
  }
]