[
  {
    "Plan": {
      "Node Type": "Aggregate",
      "Strategy": "Plain",
      "Partial Mode": "Finalize",
      "Parallel Aware": false,
      "Startup Cost": 80054.17,
      "Total Cost": 80054.18,
      "Plan Rows": 1,
      "Plan Width": 8,
      "Actual Startup Time": 146.008,
      "Actual Total Time": 153.786,
      "Actual Rows": 1,
      "Actual Loops": 1,
      "Plans": [
        {
          "Node Type": "Gather",
          "Parent Relationship": "Outer",
          "Parallel Aware": false,
          "Startup Cost": 80053.65,
          "Total Cost": 80054.16,
          "Plan Rows": 5,
          "Plan Width": 8,
          "Actual Startup Time": 145.868,
          "Actual Total Time": 153.775,
          "Actual Rows": 6,
          "Actual Loops": 1,
          "Workers Planned": 5,
          "Workers Launched": 5,
          "Single Copy": false,
          "Plans": [
            {
              "Node Type": "Aggregate",
              "Strategy": "Plain",
              "Partial Mode": "Partial",
              "Parent Relationship": "Outer",
              "Parallel Aware": false,
              "Startup Cost": 79053.65,
              "Total Cost": 79053.66,
              "Plan Rows": 1,
              "Plan Width": 8,
              "Actual Startup Time": 136.51,
              "Actual Total Time": 136.511,
              "Actual Rows": 1,
              "Actual Loops": 6,
              "Plans": [
                {
                  "Node Type": "Index Scan",
                  "Parent Relationship": "Outer",
                  "Parallel Aware": true,
                  "Scan Direction": "Forward",
                  "Index Name": "role_id_cast_info",
                  "Relation Name": "cast_info",
                  "Alias": "ci",
                  "Startup Cost": 0.56,
                  "Total Cost": 77740.85,
                  "Plan Rows": 525118,
                  "Plan Width": 0,
                  "Actual Startup Time": 0.232,
                  "Actual Total Time": 113.81,
                  "Actual Rows": 454824,
                  "Actual Loops": 6,
                  "Index Cond": "(role_id = 4)",
                  "Rows Removed by Index Recheck": 0,
                  "Filter": "(person_id < 3541176)",
                  "Rows Removed by Filter": 0
                }
              ]
            }
          ]
        }
      ]
    },
    "Planning Time": 0.232,
    "Triggers": [],
    "Execution Time": 153.859
  }
]