{
  "Plan": {
    "Node Type": "Aggregate",
    "Strategy": "Plain",
    "Partial Mode": "Finalize",
    "Parallel Aware": false,
    "Startup Cost": 119284.09,
    "Total Cost": 119284.1,
    "Plan Rows": 1,
    "Plan Width": 8,
    "Actual Startup Time": 642.136,
    "Actual Total Time": 659.434,
    "Actual Rows": 1,
    "Actual Loops": 1,
    "Plans": [
      {
        "Node Type": "Gather",
        "Parent Relationship": "Outer",
        "Parallel Aware": false,
        "Startup Cost": 119283.98,
        "Total Cost": 119284.09,
        "Plan Rows": 1,
        "Plan Width": 8,
        "Actual Startup Time": 637.739,
        "Actual Total Time": 659.425,
        "Actual Rows": 2,
        "Actual Loops": 1,
        "Workers Planned": 1,
        "Workers Launched": 1,
        "Single Copy": false,
        "Plans": [
          {
            "Node Type": "Aggregate",
            "Strategy": "Plain",
            "Partial Mode": "Partial",
            "Parent Relationship": "Outer",
            "Parallel Aware": false,
            "Startup Cost": 118283.98,
            "Total Cost": 118283.99,
            "Plan Rows": 1,
            "Plan Width": 8,
            "Actual Startup Time": 629.739,
            "Actual Total Time": 629.743,
            "Actual Rows": 1,
            "Actual Loops": 2,
            "Plans": [
              {
                "Node Type": "Hash Join",
                "Parent Relationship": "Outer",
                "Parallel Aware": true,
                "Join Type": "Inner",
                "Startup Cost": 85274.19,
                "Total Cost": 117440.85,
                "Plan Rows": 337249,
                "Plan Width": 0,
                "Actual Startup Time": 443.962,
                "Actual Total Time": 624.288,
                "Actual Rows": 114714,
                "Actual Loops": 2,
                "Inner Unique": true,
                "Hash Cond": "(mk.movie_id = t.id)",
                "Plans": [
                  {
                    "Node Type": "Bitmap Heap Scan",
                    "Parent Relationship": "Outer",
                    "Parallel Aware": true,
                    "Relation Name": "movie_keyword",
                    "Alias": "mk",
                    "Startup Cost": 18390.74,
                    "Total Cost": 49218.84,
                    "Plan Rows": 509928,
                    "Plan Width": 4,
                    "Actual Startup Time": 55.232,
                    "Actual Total Time": 141.336,
                    "Actual Rows": 438033,
                    "Actual Loops": 2,
                    "Recheck Cond": "(keyword_id < 831)",
                    "Rows Removed by Index Recheck": 0,
                    "Exact Heap Blocks": 13698,
                    "Lossy Heap Blocks": 0,
                    "Plans": [
                      {
                        "Node Type": "Bitmap Index Scan",
                        "Parent Relationship": "Outer",
                        "Parallel Aware": false,
                        "Index Name": "keyword_id_movie_keyword",
                        "Startup Cost": 0.0,
                        "Total Cost": 18174.02,
                        "Plan Rows": 866878,
                        "Plan Width": 0,
                        "Actual Startup Time": 51.629,
                        "Actual Total Time": 51.629,
                        "Actual Rows": 876066,
                        "Actual Loops": 1,
                        "Index Cond": "(keyword_id < 831)"
                      }
                    ]
                  },
                  {
                    "Node Type": "Hash",
                    "Parent Relationship": "Inner",
                    "Parallel Aware": true,
                    "Startup Cost": 54588.39,
                    "Total Cost": 54588.39,
                    "Plan Rows": 983605,
                    "Plan Width": 4,
                    "Actual Startup Time": 373.799,
                    "Actual Total Time": 373.799,
                    "Actual Rows": 837049,
                    "Actual Loops": 2,
                    "Hash Buckets": 2097152,
                    "Original Hash Buckets": 2097152,
                    "Hash Batches": 1,
                    "Original Hash Batches": 1,
                    "Peak Memory Usage": 81920,
                    "Plans": [
                      {
                        "Node Type": "Seq Scan",
                        "Parent Relationship": "Outer",
                        "Parallel Aware": true,
                        "Relation Name": "title",
                        "Alias": "t",
                        "Startup Cost": 0.0,
                        "Total Cost": 54588.39,
                        "Plan Rows": 983605,
                        "Plan Width": 4,
                        "Actual Startup Time": 0.029,
                        "Actual Total Time": 160.605,
                        "Actual Rows": 837049,
                        "Actual Loops": 2,
                        "Filter": "(kind_id > 3)",
                        "Rows Removed by Filter": 427107
                      }
                    ]
                  }
                ]
              }
            ]
          }
        ]
      }
    ]
  },
  "Planning Time": 0.729,
  "Triggers": [],
  "Execution Time": 659.526
}