{
  "Plan": {
    "Node Type": "Aggregate",
    "Strategy": "Plain",
    "Partial Mode": "Finalize",
    "Parallel Aware": false,
    "Startup Cost": 107392.13,
    "Total Cost": 107392.14,
    "Plan Rows": 1,
    "Plan Width": 8,
    "Actual Startup Time": 625.13,
    "Actual Total Time": 641.818,
    "Actual Rows": 1,
    "Actual Loops": 1,
    "Plans": [
      {
        "Node Type": "Gather",
        "Parent Relationship": "Outer",
        "Parallel Aware": false,
        "Startup Cost": 107392.02,
        "Total Cost": 107392.13,
        "Plan Rows": 1,
        "Plan Width": 8,
        "Actual Startup Time": 623.583,
        "Actual Total Time": 641.808,
        "Actual Rows": 2,
        "Actual Loops": 1,
        "Workers Planned": 1,
        "Workers Launched": 1,
        "Single Copy": false,
        "Plans": [
          {
            "Node Type": "Aggregate",
            "Strategy": "Plain",
            "Partial Mode": "Partial",
            "Parent Relationship": "Outer",
            "Parallel Aware": false,
            "Startup Cost": 106392.02,
            "Total Cost": 106392.03,
            "Plan Rows": 1,
            "Plan Width": 8,
            "Actual Startup Time": 617.563,
            "Actual Total Time": 617.567,
            "Actual Rows": 1,
            "Actual Loops": 2,
            "Plans": [
              {
                "Node Type": "Hash Join",
                "Parent Relationship": "Outer",
                "Parallel Aware": true,
                "Join Type": "Inner",
                "Startup Cost": 75744.97,
                "Total Cost": 106015.05,
                "Plan Rows": 150789,
                "Plan Width": 0,
                "Actual Startup Time": 389.99,
                "Actual Total Time": 601.96,
                "Actual Rows": 294610,
                "Actual Loops": 2,
                "Inner Unique": true,
                "Hash Cond": "(mk.movie_id = t.id)",
                "Plans": [
                  {
                    "Node Type": "Bitmap Heap Scan",
                    "Parent Relationship": "Outer",
                    "Parallel Aware": true,
                    "Relation Name": "movie_keyword",
                    "Alias": "mk",
                    "Startup Cost": 13866.67,
                    "Total Cost": 43127.35,
                    "Plan Rows": 384534,
                    "Plan Width": 4,
                    "Actual Startup Time": 51.768,
                    "Actual Total Time": 146.713,
                    "Actual Rows": 332130,
                    "Actual Loops": 2,
                    "Recheck Cond": "(keyword_id < 519)",
                    "Rows Removed by Index Recheck": 0,
                    "Exact Heap Blocks": 11491,
                    "Lossy Heap Blocks": 0,
                    "Plans": [
                      {
                        "Node Type": "Bitmap Index Scan",
                        "Parent Relationship": "Outer",
                        "Parallel Aware": false,
                        "Index Name": "keyword_id_movie_keyword",
                        "Startup Cost": 0.0,
                        "Total Cost": 13703.24,
                        "Plan Rows": 653708,
                        "Plan Width": 0,
                        "Actual Startup Time": 45.855,
                        "Actual Total Time": 45.855,
                        "Actual Rows": 664261,
                        "Actual Loops": 1,
                        "Index Cond": "(keyword_id < 519)"
                      }
                    ]
                  },
                  {
                    "Node Type": "Hash",
                    "Parent Relationship": "Inner",
                    "Parallel Aware": true,
                    "Startup Cost": 54588.39,
                    "Total Cost": 54588.39,
                    "Plan Rows": 583193,
                    "Plan Width": 4,
                    "Actual Startup Time": 331.445,
                    "Actual Total Time": 331.446,
                    "Actual Rows": 492524,
                    "Actual Loops": 2,
                    "Hash Buckets": 1048576,
                    "Original Hash Buckets": 1048576,
                    "Hash Batches": 1,
                    "Original Hash Batches": 1,
                    "Peak Memory Usage": 46752,
                    "Plans": [
                      {
                        "Node Type": "Seq Scan",
                        "Parent Relationship": "Outer",
                        "Parallel Aware": true,
                        "Relation Name": "title",
                        "Alias": "t",
                        "Startup Cost": 0.0,
                        "Total Cost": 54588.39,
                        "Plan Rows": 583193,
                        "Plan Width": 4,
                        "Actual Startup Time": 0.033,
                        "Actual Total Time": 174.797,
                        "Actual Rows": 492524,
                        "Actual Loops": 2,
                        "Filter": "(kind_id < 7)",
                        "Rows Removed by Filter": 771632
                      }
                    ]
                  }
                ]
              }
            ]
          }
        ]
      }
    ]
  },
  "Planning Time": 0.286,
  "Triggers": [],
  "Execution Time": 641.889
}