[
  {
    "Plan": {
      "Node Type": "Aggregate",
      "Strategy": "Plain",
      "Partial Mode": "Finalize",
      "Parallel Aware": false,
      "Startup Cost": 9789.95,
      "Total Cost": 9789.96,
      "Plan Rows": 1,
      "Plan Width": 8,
      "Actual Startup Time": 38.921,
      "Actual Total Time": 41.581,
      "Actual Rows": 1,
      "Actual Loops": 1,
      "Plans": [
        {
          "Node Type": "Gather",
          "Parent Relationship": "Outer",
          "Parallel Aware": false,
          "Startup Cost": 9789.63,
          "Total Cost": 9789.94,
          "Plan Rows": 3,
          "Plan Width": 8,
          "Actual Startup Time": 38.819,
          "Actual Total Time": 41.573,
          "Actual Rows": 4,
          "Actual Loops": 1,
          "Workers Planned": 3,
          "Workers Launched": 3,
          "Single Copy": false,
          "Plans": [
            {
              "Node Type": "Aggregate",
              "Strategy": "Plain",
              "Partial Mode": "Partial",
              "Parent Relationship": "Outer",
              "Parallel Aware": false,
              "Startup Cost": 8789.63,
              "Total Cost": 8789.64,
              "Plan Rows": 1,
              "Plan Width": 8,
              "Actual Startup Time": 31.232,
              "Actual Total Time": 31.233,
              "Actual Rows": 1,
              "Actual Loops": 4,
              "Plans": [
                {
                  "Node Type": "Index Scan",
                  "Parent Relationship": "Outer",
                  "Parallel Aware": true,
                  "Scan Direction": "Forward",
                  "Index Name": "role_id_cast_info",
                  "Relation Name": "cast_info",
                  "Alias": "ci",
                  "Startup Cost": 0.56,
                  "Total Cost": 8600.37,
                  "Plan Rows": 75704,
                  "Plan Width": 0,
                  "Actual Startup Time": 0.177,
                  "Actual Total Time": 28.724,
                  "Actual Rows": 23999,
                  "Actual Loops": 4,
                  "Index Cond": "(role_id = 11)",
                  "Rows Removed by Index Recheck": 0,
                  "Filter": "(person_id < 2910250)",
                  "Rows Removed by Filter": 55030
                }
              ]
            }
          ]
        }
      ]
    },
    "Planning Time": 0.229,
    "Triggers": [],
    "Execution Time": 41.64
  }
]