[
  {
    "Plan": {
      "Node Type": "Aggregate",
      "Strategy": "Plain",
      "Partial Mode": "Finalize",
      "Parallel Aware": false,
      "Startup Cost": 32816.63,
      "Total Cost": 32816.64,
      "Plan Rows": 1,
      "Plan Width": 8,
      "Actual Startup Time": 82.531,
      "Actual Total Time": 90.346,
      "Actual Rows": 1,
      "Actual Loops": 1,
      "Plans": [
        {
          "Node Type": "Gather",
          "Parent Relationship": "Outer",
          "Parallel Aware": false,
          "Startup Cost": 32816.31,
          "Total Cost": 32816.62,
          "Plan Rows": 3,
          "Plan Width": 8,
          "Actual Startup Time": 82.431,
          "Actual Total Time": 90.337,
          "Actual Rows": 4,
          "Actual Loops": 1,
          "Workers Planned": 3,
          "Workers Launched": 3,
          "Single Copy": false,
          "Plans": [
            {
              "Node Type": "Aggregate",
              "Strategy": "Plain",
              "Partial Mode": "Partial",
              "Parent Relationship": "Outer",
              "Parallel Aware": false,
              "Startup Cost": 31816.31,
              "Total Cost": 31816.32,
              "Plan Rows": 1,
              "Plan Width": 8,
              "Actual Startup Time": 78.453,
              "Actual Total Time": 78.454,
              "Actual Rows": 1,
              "Actual Loops": 4,
              "Plans": [
                {
                  "Node Type": "Seq Scan",
                  "Parent Relationship": "Outer",
                  "Parallel Aware": true,
                  "Relation Name": "movie_companies",
                  "Alias": "mc",
                  "Startup Cost": 0.0,
                  "Total Cost": 31414.82,
                  "Plan Rows": 160597,
                  "Plan Width": 0,
                  "Actual Startup Time": 40.814,
                  "Actual Total Time": 74.521,
                  "Actual Rows": 72714,
                  "Actual Loops": 4,
                  "Filter": "((company_id < 4264) AND (company_type_id = 2))",
                  "Rows Removed by Filter": 579568
                }
              ]
            }
          ]
        }
      ]
    },
    "Planning Time": 0.223,
    "Triggers": [],
    "Execution Time": 90.41
  }
]