[
  {
    "Bao": {
      "Bao prediction": 456.128,
      "Bao recommended hint": "(no hint)"
    }
  },
  {
    "Plan": {
      "Node Type": "Aggregate",
      "Strategy": "Plain",
      "Partial Mode": "Simple",
      "Parallel Aware": false,
      "Startup Cost": 6227.42,
      "Total Cost": 6227.43,
      "Plan Rows": 1,
      "Plan Width": 96,
      "Actual Startup Time": 427.613,
      "Actual Total Time": 427.626,
      "Actual Rows": 1,
      "Actual Loops": 1,
      "Plans": [
        {
          "Node Type": "Nested Loop",
          "Parent Relationship": "Outer",
          "Parallel Aware": false,
          "Join Type": "Inner",
          "Startup Cost": 12.36,
          "Total Cost": 6227.41,
          "Plan Rows": 1,
          "Plan Width": 60,
          "Actual Startup Time": 5.004,
          "Actual Total Time": 421.858,
          "Actual Rows": 6932,
          "Actual Loops": 1,
          "Inner Unique": true,
          "Join Filter": "(ml.link_type_id = lt.id)",
          "Rows Removed by Join Filter": 42094,
          "Plans": [
            {
              "Node Type": "Nested Loop",
              "Parent Relationship": "Outer",
              "Parallel Aware": false,
              "Join Type": "Inner",
              "Startup Cost": 12.36,
              "Total Cost": 6226.01,
              "Plan Rows": 1,
              "Plan Width": 64,
              "Actual Startup Time": 4.993,
              "Actual Total Time": 385.959,
              "Actual Rows": 6932,
              "Actual Loops": 1,
              "Inner Unique": true,
              "Plans": [
                {
                  "Node Type": "Nested Loop",
                  "Parent Relationship": "Outer",
                  "Parallel Aware": false,
                  "Join Type": "Inner",
                  "Startup Cost": 11.94,
                  "Total Cost": 6209.12,
                  "Plan Rows": 37,
                  "Plan Width": 49,
                  "Actual Startup Time": 4.92,
                  "Actual Total Time": 338.323,
                  "Actual Rows": 14544,
                  "Actual Loops": 1,
                  "Inner Unique": true,
                  "Join Filter": "(mc.company_type_id = ct.id)",
                  "Rows Removed by Join Filter": 1638,
                  "Plans": [
                    {
                      "Node Type": "Nested Loop",
                      "Parent Relationship": "Outer",
                      "Parallel Aware": false,
                      "Join Type": "Inner",
                      "Startup Cost": 11.94,
                      "Total Cost": 6206.13,
                      "Plan Rows": 49,
                      "Plan Width": 53,
                      "Actual Startup Time": 4.903,
                      "Actual Total Time": 332.161,
                      "Actual Rows": 15090,
                      "Actual Loops": 1,
                      "Inner Unique": false,
                      "Join Filter": "(ml.movie_id = mc.movie_id)",
                      "Rows Removed by Join Filter": 0,
                      "Plans": [
                        {
                          "Node Type": "Nested Loop",
                          "Parent Relationship": "Outer",
                          "Parallel Aware": false,
                          "Join Type": "Inner",
                          "Startup Cost": 11.51,
                          "Total Cost": 6195.68,
                          "Plan Rows": 18,
                          "Plan Width": 33,
                          "Actual Startup Time": 4.828,
                          "Actual Total Time": 316.635,
                          "Actual Rows": 1374,
                          "Actual Loops": 1,
                          "Inner Unique": true,
                          "Join Filter": "(ml.movie_id = t.id)",
                          "Rows Removed by Join Filter": 0,
                          "Plans": [
                            {
                              "Node Type": "Nested Loop",
                              "Parent Relationship": "Outer",
                              "Parallel Aware": false,
                              "Join Type": "Inner",
                              "Startup Cost": 11.08,
                              "Total Cost": 6180.11,
                              "Plan Rows": 31,
                              "Plan Width": 12,
                              "Actual Startup Time": 4.577,
                              "Actual Total Time": 309.343,
                              "Actual Rows": 1460,
                              "Actual Loops": 1,
                              "Inner Unique": false,
                              "Plans": [
                                {
                                  "Node Type": "Nested Loop",
                                  "Parent Relationship": "Outer",
                                  "Parallel Aware": false,
                                  "Join Type": "Inner",
                                  "Startup Cost": 10.79,
                                  "Total Cost": 6137.16,
                                  "Plan Rows": 101,
                                  "Plan Width": 4,
                                  "Actual Startup Time": 4.558,
                                  "Actual Total Time": 231.136,
                                  "Actual Rows": 47403,
                                  "Actual Loops": 1,
                                  "Inner Unique": false,
                                  "Plans": [
                                    {
                                      "Node Type": "Seq Scan",
                                      "Parent Relationship": "Outer",
                                      "Parallel Aware": false,
                                      "Relation Name": "keyword",
                                      "Alias": "k",
                                      "Startup Cost": 0.0,
                                      "Total Cost": 2793.84,
                                      "Plan Rows": 3,
                                      "Plan Width": 4,
                                      "Actual Startup Time": 1.286,
                                      "Actual Total Time": 26.208,
                                      "Actual Rows": 3,
                                      "Actual Loops": 1,
                                      "Filter": "(keyword = ANY ('{sequel,revenge,based-on-novel}'::text[]))",
                                      "Rows Removed by Filter": 134167
                                    },
                                    {
                                      "Node Type": "Bitmap Heap Scan",
                                      "Parent Relationship": "Inner",
                                      "Parallel Aware": false,
                                      "Relation Name": "movie_keyword",
                                      "Alias": "mk",
                                      "Startup Cost": 10.79,
                                      "Total Cost": 1111.4,
                                      "Plan Rows": 304,
                                      "Plan Width": 8,
                                      "Actual Startup Time": 4.572,
                                      "Actual Total Time": 64.795,
                                      "Actual Rows": 15801,
                                      "Actual Loops": 3,
                                      "Recheck Cond": "(keyword_id = k.id)",
                                      "Rows Removed by Index Recheck": 0,
                                      "Exact Heap Blocks": 23953,
                                      "Lossy Heap Blocks": 0,
                                      "Plans": [
                                        {
                                          "Node Type": "Bitmap Index Scan",
                                          "Parent Relationship": "Outer",
                                          "Parallel Aware": false,
                                          "Index Name": "keyword_id_movie_keyword",
                                          "Startup Cost": 0.0,
                                          "Total Cost": 10.71,
                                          "Plan Rows": 304,
                                          "Plan Width": 0,
                                          "Actual Startup Time": 3.171,
                                          "Actual Total Time": 3.172,
                                          "Actual Rows": 15801,
                                          "Actual Loops": 3,
                                          "Index Cond": "(keyword_id = k.id)"
                                        }
                                      ]
                                    }
                                  ]
                                },
                                {
                                  "Node Type": "Index Scan",
                                  "Parent Relationship": "Inner",
                                  "Parallel Aware": false,
                                  "Scan Direction": "Forward",
                                  "Index Name": "movie_id_movie_link",
                                  "Relation Name": "movie_link",
                                  "Alias": "ml",
                                  "Startup Cost": 0.29,
                                  "Total Cost": 0.38,
                                  "Plan Rows": 5,
                                  "Plan Width": 8,
                                  "Actual Startup Time": 0.001,
                                  "Actual Total Time": 0.001,
                                  "Actual Rows": 0,
                                  "Actual Loops": 47403,
                                  "Index Cond": "(movie_id = mk.movie_id)",
                                  "Rows Removed by Index Recheck": 0
                                }
                              ]
                            },
                            {
                              "Node Type": "Index Scan",
                              "Parent Relationship": "Inner",
                              "Parallel Aware": false,
                              "Scan Direction": "Forward",
                              "Index Name": "title_pkey",
                              "Relation Name": "title",
                              "Alias": "t",
                              "Startup Cost": 0.43,
                              "Total Cost": 0.49,
                              "Plan Rows": 1,
                              "Plan Width": 21,
                              "Actual Startup Time": 0.005,
                              "Actual Total Time": 0.005,
                              "Actual Rows": 1,
                              "Actual Loops": 1460,
                              "Index Cond": "(id = mk.movie_id)",
                              "Rows Removed by Index Recheck": 0,
                              "Filter": "(production_year < 2006)",
                              "Rows Removed by Filter": 0
                            }
                          ]
                        },
                        {
                          "Node Type": "Index Scan",
                          "Parent Relationship": "Inner",
                          "Parallel Aware": false,
                          "Scan Direction": "Forward",
                          "Index Name": "movie_id_movie_companies",
                          "Relation Name": "movie_companies",
                          "Alias": "mc",
                          "Startup Cost": 0.43,
                          "Total Cost": 0.54,
                          "Plan Rows": 3,
                          "Plan Width": 36,
                          "Actual Startup Time": 0.004,
                          "Actual Total Time": 0.009,
                          "Actual Rows": 11,
                          "Actual Loops": 1374,
                          "Index Cond": "(movie_id = mk.movie_id)",
                          "Rows Removed by Index Recheck": 0,
                          "Filter": "(note IS NOT NULL)",
                          "Rows Removed by Filter": 2
                        }
                      ]
                    },
                    {
                      "Node Type": "Materialize",
                      "Parent Relationship": "Inner",
                      "Parallel Aware": false,
                      "Startup Cost": 0.0,
                      "Total Cost": 1.06,
                      "Plan Rows": 3,
                      "Plan Width": 4,
                      "Actual Startup Time": 0.0,
                      "Actual Total Time": 0.0,
                      "Actual Rows": 1,
                      "Actual Loops": 15090,
                      "Plans": [
                        {
                          "Node Type": "Seq Scan",
                          "Parent Relationship": "Outer",
                          "Parallel Aware": false,
                          "Relation Name": "company_type",
                          "Alias": "ct",
                          "Startup Cost": 0.0,
                          "Total Cost": 1.05,
                          "Plan Rows": 3,
                          "Plan Width": 4,
                          "Actual Startup Time": 0.01,
                          "Actual Total Time": 0.012,
                          "Actual Rows": 3,
                          "Actual Loops": 1,
                          "Filter": "((kind IS NOT NULL) AND ((kind)::text <> 'production companies'::text))",
                          "Rows Removed by Filter": 1
                        }
                      ]
                    }
                  ]
                },
                {
                  "Node Type": "Index Scan",
                  "Parent Relationship": "Inner",
                  "Parallel Aware": false,
                  "Scan Direction": "Forward",
                  "Index Name": "company_name_pkey",
                  "Relation Name": "company_name",
                  "Alias": "cn",
                  "Startup Cost": 0.42,
                  "Total Cost": 0.46,
                  "Plan Rows": 1,
                  "Plan Width": 23,
                  "Actual Startup Time": 0.003,
                  "Actual Total Time": 0.003,
                  "Actual Rows": 0,
                  "Actual Loops": 14544,
                  "Index Cond": "(id = mc.company_id)",
                  "Rows Removed by Index Recheck": 0,
                  "Filter": "(((country_code)::text <> '[pl]'::text) AND ((name ~~ '20th Century Fox%'::text) OR (name ~~ 'Twentieth Century Fox%'::text)))",
                  "Rows Removed by Filter": 1
                }
              ]
            },
            {
              "Node Type": "Seq Scan",
              "Parent Relationship": "Inner",
              "Parallel Aware": false,
              "Relation Name": "link_type",
              "Alias": "lt",
              "Startup Cost": 0.0,
              "Total Cost": 1.18,
              "Plan Rows": 18,
              "Plan Width": 4,
              "Actual Startup Time": 0.001,
              "Actual Total Time": 0.002,
              "Actual Rows": 7,
              "Actual Loops": 6932
            }
          ]
        }
      ]
    },
    "Planning Time": 405.335,
    "Triggers": [],
    "Execution Time": 428.114
  }
]