[
  {
    "Plan": {
      "Node Type": "Aggregate",
      "Strategy": "Plain",
      "Partial Mode": "Finalize",
      "Parallel Aware": false,
      "Startup Cost": 46571.12,
      "Total Cost": 46571.13,
      "Plan Rows": 1,
      "Plan Width": 8,
      "Actual Startup Time": 48.66,
      "Actual Total Time": 57.416,
      "Actual Rows": 1,
      "Actual Loops": 1,
      "Plans": [
        {
          "Node Type": "Gather",
          "Parent Relationship": "Outer",
          "Parallel Aware": false,
          "Startup Cost": 46570.9,
          "Total Cost": 46571.11,
          "Plan Rows": 2,
          "Plan Width": 8,
          "Actual Startup Time": 48.502,
          "Actual Total Time": 57.412,
          "Actual Rows": 3,
          "Actual Loops": 1,
          "Workers Planned": 2,
          "Workers Launched": 2,
          "Single Copy": false,
          "Plans": [
            {
              "Node Type": "Aggregate",
              "Strategy": "Plain",
              "Partial Mode": "Partial",
              "Parent Relationship": "Outer",
              "Parallel Aware": false,
              "Startup Cost": 45570.9,
              "Total Cost": 45570.91,
              "Plan Rows": 1,
              "Plan Width": 8,
              "Actual Startup Time": 42.953,
              "Actual Total Time": 42.954,
              "Actual Rows": 1,
              "Actual Loops": 3,
              "Plans": [
                {
                  "Node Type": "Nested Loop",
                  "Parent Relationship": "Outer",
                  "Parallel Aware": false,
                  "Join Type": "Inner",
                  "Startup Cost": 208.83,
                  "Total Cost": 45561.92,
                  "Plan Rows": 3593,
                  "Plan Width": 0,
                  "Actual Startup Time": 2.27,
                  "Actual Total Time": 42.532,
                  "Actual Rows": 3402,
                  "Actual Loops": 3,
                  "Inner Unique": true,
                  "Plans": [
                    {
                      "Node Type": "Bitmap Heap Scan",
                      "Parent Relationship": "Outer",
                      "Parallel Aware": true,
                      "Relation Name": "movie_keyword",
                      "Alias": "mk",
                      "Startup Cost": 208.4,
                      "Total Cost": 18766.8,
                      "Plan Rows": 4084,
                      "Plan Width": 4,
                      "Actual Startup Time": 2.111,
                      "Actual Total Time": 15.013,
                      "Actual Rows": 3600,
                      "Actual Loops": 3,
                      "Recheck Cond": "(keyword_id = 347)",
                      "Rows Removed by Index Recheck": 0,
                      "Exact Heap Blocks": 5290,
                      "Lossy Heap Blocks": 0,
                      "Plans": [
                        {
                          "Node Type": "Bitmap Index Scan",
                          "Parent Relationship": "Outer",
                          "Parallel Aware": false,
                          "Index Name": "keyword_id_movie_keyword",
                          "Startup Cost": 0.0,
                          "Total Cost": 205.95,
                          "Plan Rows": 9802,
                          "Plan Width": 0,
                          "Actual Startup Time": 3.139,
                          "Actual Total Time": 3.139,
                          "Actual Rows": 10799,
                          "Actual Loops": 1,
                          "Index Cond": "(keyword_id = 347)"
                        }
                      ]
                    },
                    {
                      "Node Type": "Index Scan",
                      "Parent Relationship": "Inner",
                      "Parallel Aware": false,
                      "Scan Direction": "Forward",
                      "Index Name": "title_pkey",
                      "Relation Name": "title",
                      "Alias": "t",
                      "Startup Cost": 0.43,
                      "Total Cost": 6.56,
                      "Plan Rows": 1,
                      "Plan Width": 4,
                      "Actual Startup Time": 0.007,
                      "Actual Total Time": 0.007,
                      "Actual Rows": 1,
                      "Actual Loops": 10799,
                      "Index Cond": "(id = mk.movie_id)",
                      "Rows Removed by Index Recheck": 0,
                      "Filter": "(production_year < 2012)",
                      "Rows Removed by Filter": 0
                    }
                  ]
                }
              ]
            }
          ]
        }
      ]
    },
    "Planning Time": 0.227,
    "Triggers": [],
    "Execution Time": 57.451
  }
]