[
  {
    "Plan": {
      "Node Type": "Aggregate",
      "Strategy": "Plain",
      "Partial Mode": "Finalize",
      "Parallel Aware": false,
      "Startup Cost": 346479.0,
      "Total Cost": 346479.01,
      "Plan Rows": 1,
      "Plan Width": 8,
      "Actual Startup Time": 652.218,
      "Actual Total Time": 714.148,
      "Actual Rows": 1,
      "Actual Loops": 1,
      "Plans": [
        {
          "Node Type": "Gather",
          "Parent Relationship": "Outer",
          "Parallel Aware": false,
          "Startup Cost": 346478.38,
          "Total Cost": 346478.99,
          "Plan Rows": 6,
          "Plan Width": 8,
          "Actual Startup Time": 652.076,
          "Actual Total Time": 714.138,
          "Actual Rows": 7,
          "Actual Loops": 1,
          "Workers Planned": 6,
          "Workers Launched": 6,
          "Single Copy": false,
          "Plans": [
            {
              "Node Type": "Aggregate",
              "Strategy": "Plain",
              "Partial Mode": "Partial",
              "Parent Relationship": "Outer",
              "Parallel Aware": false,
              "Startup Cost": 345478.38,
              "Total Cost": 345478.39,
              "Plan Rows": 1,
              "Plan Width": 8,
              "Actual Startup Time": 642.43,
              "Actual Total Time": 642.431,
              "Actual Rows": 1,
              "Actual Loops": 7,
              "Plans": [
                {
                  "Node Type": "Seq Scan",
                  "Parent Relationship": "Outer",
                  "Parallel Aware": true,
                  "Relation Name": "cast_info",
                  "Alias": "ci",
                  "Startup Cost": 0.0,
                  "Total Cost": 343257.03,
                  "Plan Rows": 888539,
                  "Plan Width": 0,
                  "Actual Startup Time": 0.055,
                  "Actual Total Time": 601.538,
                  "Actual Rows": 881317,
                  "Actual Loops": 7,
                  "Filter": "((person_id < 630941) AND (role_id < 9))",
                  "Rows Removed by Filter": 4296446
                }
              ]
            }
          ]
        }
      ]
    },
    "Planning Time": 0.232,
    "Triggers": [],
    "Execution Time": 714.222
  }
]