[
  {
    "Plan": {
      "Node Type": "Aggregate",
      "Strategy": "Plain",
      "Partial Mode": "Finalize",
      "Parallel Aware": false,
      "Startup Cost": 492287.74,
      "Total Cost": 492287.75,
      "Plan Rows": 1,
      "Plan Width": 8,
      "Actual Startup Time": 3799.705,
      "Actual Total Time": 3859.104,
      "Actual Rows": 1,
      "Actual Loops": 1,
      "Plans": [
        {
          "Node Type": "Gather",
          "Parent Relationship": "Outer",
          "Parallel Aware": false,
          "Startup Cost": 492287.12,
          "Total Cost": 492287.73,
          "Plan Rows": 6,
          "Plan Width": 8,
          "Actual Startup Time": 3764.603,
          "Actual Total Time": 3859.091,
          "Actual Rows": 7,
          "Actual Loops": 1,
          "Workers Planned": 6,
          "Workers Launched": 6,
          "Single Copy": false,
          "Plans": [
            {
              "Node Type": "Aggregate",
              "Strategy": "Plain",
              "Partial Mode": "Partial",
              "Parent Relationship": "Outer",
              "Parallel Aware": false,
              "Startup Cost": 491287.12,
              "Total Cost": 491287.13,
              "Plan Rows": 1,
              "Plan Width": 8,
              "Actual Startup Time": 3743.227,
              "Actual Total Time": 3744.025,
              "Actual Rows": 1,
              "Actual Loops": 7,
              "Plans": [
                {
                  "Node Type": "Hash Join",
                  "Parent Relationship": "Outer",
                  "Parallel Aware": true,
                  "Join Type": "Inner",
                  "Startup Cost": 110952.69,
                  "Total Cost": 480106.3,
                  "Plan Rows": 4472328,
                  "Plan Width": 0,
                  "Actual Startup Time": 767.07,
                  "Actual Total Time": 3137.607,
                  "Actual Rows": 14688620,
                  "Actual Loops": 7,
                  "Inner Unique": false,
                  "Hash Cond": "(ci.movie_id = t.id)",
                  "Plans": [
                    {
                      "Node Type": "Seq Scan",
                      "Parent Relationship": "Outer",
                      "Parallel Aware": true,
                      "Relation Name": "cast_info",
                      "Alias": "ci",
                      "Startup Cost": 0.0,
                      "Total Cost": 343257.03,
                      "Plan Rows": 3058588,
                      "Plan Width": 4,
                      "Actual Startup Time": 200.878,
                      "Actual Total Time": 676.04,
                      "Actual Rows": 3034330,
                      "Actual Loops": 7,
                      "Filter": "((person_id > 821757) AND (role_id > 1))",
                      "Rows Removed by Filter": 2143433
                    },
                    {
                      "Node Type": "Hash",
                      "Parent Relationship": "Inner",
                      "Parallel Aware": true,
                      "Startup Cost": 96045.76,
                      "Total Cost": 96045.76,
                      "Plan Rows": 1192555,
                      "Plan Width": 8,
                      "Actual Startup Time": 559.26,
                      "Actual Total Time": 560.056,
                      "Actual Rows": 526569,
                      "Actual Loops": 7,
                      "Hash Buckets": 4194304,
                      "Original Hash Buckets": 4194304,
                      "Hash Batches": 1,
                      "Original Hash Batches": 1,
                      "Peak Memory Usage": 177056,
                      "Plans": [
                        {
                          "Node Type": "Hash Join",
                          "Parent Relationship": "Outer",
                          "Parallel Aware": true,
                          "Join Type": "Inner",
                          "Startup Cost": 50219.64,
                          "Total Cost": 96045.76,
                          "Plan Rows": 1192555,
                          "Plan Width": 8,
                          "Actual Startup Time": 234.936,
                          "Actual Total Time": 416.807,
                          "Actual Rows": 526569,
                          "Actual Loops": 7,
                          "Inner Unique": true,
                          "Hash Cond": "(mk.movie_id = t.id)",
                          "Plans": [
                            {
                              "Node Type": "Seq Scan",
                              "Parent Relationship": "Outer",
                              "Parallel Aware": true,
                              "Relation Name": "movie_keyword",
                              "Alias": "mk",
                              "Startup Cost": 0.0,
                              "Total Cost": 42695.65,
                              "Plan Rows": 1192555,
                              "Plan Width": 4,
                              "Actual Startup Time": 0.05,
                              "Actual Total Time": 78.369,
                              "Actual Rows": 526569,
                              "Actual Loops": 7,
                              "Filter": "(keyword_id > 797)",
                              "Rows Removed by Filter": 119706
                            },
                            {
                              "Node Type": "Hash",
                              "Parent Relationship": "Inner",
                              "Parallel Aware": true,
                              "Startup Cost": 42318.73,
                              "Total Cost": 42318.73,
                              "Plan Rows": 632073,
                              "Plan Width": 4,
                              "Actual Startup Time": 231.438,
                              "Actual Total Time": 231.44,
                              "Actual Rows": 361187,
                              "Actual Loops": 7,
                              "Hash Buckets": 4194304,
                              "Original Hash Buckets": 4194304,
                              "Hash Batches": 1,
                              "Original Hash Batches": 1,
                              "Peak Memory Usage": 131808,
                              "Plans": [
                                {
                                  "Node Type": "Seq Scan",
                                  "Parent Relationship": "Outer",
                                  "Parallel Aware": true,
                                  "Relation Name": "title",
                                  "Alias": "t",
                                  "Startup Cost": 0.0,
                                  "Total Cost": 42318.73,
                                  "Plan Rows": 632073,
                                  "Plan Width": 4,
                                  "Actual Startup Time": 0.037,
                                  "Actual Total Time": 68.99,
                                  "Actual Rows": 361187,
                                  "Actual Loops": 7
                                }
                              ]
                            }
                          ]
                        }
                      ]
                    }
                  ]
                }
              ]
            }
          ]
        }
      ]
    },
    "Planning Time": 1.298,
    "Triggers": [],
    "Execution Time": 3859.192
  }
]