{
  "Plan": {
    "Node Type": "Aggregate",
    "Strategy": "Plain",
    "Partial Mode": "Finalize",
    "Parallel Aware": false,
    "Startup Cost": 109799.8,
    "Total Cost": 109799.81,
    "Plan Rows": 1,
    "Plan Width": 8,
    "Actual Startup Time": 556.647,
    "Actual Total Time": 574.374,
    "Actual Rows": 1,
    "Actual Loops": 1,
    "Plans": [
      {
        "Node Type": "Gather",
        "Parent Relationship": "Outer",
        "Parallel Aware": false,
        "Startup Cost": 109799.68,
        "Total Cost": 109799.79,
        "Plan Rows": 1,
        "Plan Width": 8,
        "Actual Startup Time": 554.743,
        "Actual Total Time": 574.366,
        "Actual Rows": 2,
        "Actual Loops": 1,
        "Workers Planned": 1,
        "Workers Launched": 1,
        "Single Copy": false,
        "Plans": [
          {
            "Node Type": "Aggregate",
            "Strategy": "Plain",
            "Partial Mode": "Partial",
            "Parent Relationship": "Outer",
            "Parallel Aware": false,
            "Startup Cost": 108799.68,
            "Total Cost": 108799.69,
            "Plan Rows": 1,
            "Plan Width": 8,
            "Actual Startup Time": 548.305,
            "Actual Total Time": 548.309,
            "Actual Rows": 1,
            "Actual Loops": 2,
            "Plans": [
              {
                "Node Type": "Hash Join",
                "Parent Relationship": "Outer",
                "Parallel Aware": true,
                "Join Type": "Inner",
                "Startup Cost": 77471.34,
                "Total Cost": 108368.76,
                "Plan Rows": 172368,
                "Plan Width": 0,
                "Actual Startup Time": 362.496,
                "Actual Total Time": 543.877,
                "Actual Rows": 93468,
                "Actual Loops": 2,
                "Inner Unique": true,
                "Hash Cond": "(mk.movie_id = t.id)",
                "Plans": [
                  {
                    "Node Type": "Bitmap Heap Scan",
                    "Parent Relationship": "Outer",
                    "Parallel Aware": true,
                    "Relation Name": "movie_keyword",
                    "Alias": "mk",
                    "Startup Cost": 15361.13,
                    "Total Cost": 45140.27,
                    "Plan Rows": 426011,
                    "Plan Width": 4,
                    "Actual Startup Time": 45.125,
                    "Actual Total Time": 132.342,
                    "Actual Rows": 365594,
                    "Actual Loops": 2,
                    "Recheck Cond": "(keyword_id < 651)",
                    "Rows Removed by Index Recheck": 0,
                    "Exact Heap Blocks": 13766,
                    "Lossy Heap Blocks": 0,
                    "Plans": [
                      {
                        "Node Type": "Bitmap Index Scan",
                        "Parent Relationship": "Outer",
                        "Parallel Aware": false,
                        "Index Name": "keyword_id_movie_keyword",
                        "Startup Cost": 0.0,
                        "Total Cost": 15180.08,
                        "Plan Rows": 724219,
                        "Plan Width": 0,
                        "Actual Startup Time": 41.448,
                        "Actual Total Time": 41.449,
                        "Actual Rows": 731189,
                        "Actual Loops": 1,
                        "Index Cond": "(keyword_id < 651)"
                      }
                    ]
                  },
                  {
                    "Node Type": "Hash",
                    "Parent Relationship": "Inner",
                    "Parallel Aware": true,
                    "Startup Cost": 54588.39,
                    "Total Cost": 54588.39,
                    "Plan Rows": 601746,
                    "Plan Width": 4,
                    "Actual Startup Time": 308.281,
                    "Actual Total Time": 308.282,
                    "Actual Rows": 506460,
                    "Actual Loops": 2,
                    "Hash Buckets": 1048576,
                    "Original Hash Buckets": 1048576,
                    "Hash Batches": 1,
                    "Original Hash Batches": 1,
                    "Peak Memory Usage": 47840,
                    "Plans": [
                      {
                        "Node Type": "Seq Scan",
                        "Parent Relationship": "Outer",
                        "Parallel Aware": true,
                        "Relation Name": "title",
                        "Alias": "t",
                        "Startup Cost": 0.0,
                        "Total Cost": 54588.39,
                        "Plan Rows": 601746,
                        "Plan Width": 4,
                        "Actual Startup Time": 0.034,
                        "Actual Total Time": 170.78,
                        "Actual Rows": 506460,
                        "Actual Loops": 2,
                        "Filter": "(production_year > 2005)",
                        "Rows Removed by Filter": 757696
                      }
                    ]
                  }
                ]
              }
            ]
          }
        ]
      }
    ]
  },
  "Planning Time": 0.466,
  "Triggers": [],
  "Execution Time": 574.47
}