[
  {
    "Plan": {
      "Node Type": "Aggregate",
      "Strategy": "Plain",
      "Partial Mode": "Finalize",
      "Parallel Aware": false,
      "Startup Cost": 32839.47,
      "Total Cost": 32839.48,
      "Plan Rows": 1,
      "Plan Width": 8,
      "Actual Startup Time": 99.196,
      "Actual Total Time": 107.568,
      "Actual Rows": 1,
      "Actual Loops": 1,
      "Plans": [
        {
          "Node Type": "Gather",
          "Parent Relationship": "Outer",
          "Parallel Aware": false,
          "Startup Cost": 32839.15,
          "Total Cost": 32839.46,
          "Plan Rows": 3,
          "Plan Width": 8,
          "Actual Startup Time": 99.091,
          "Actual Total Time": 107.56,
          "Actual Rows": 4,
          "Actual Loops": 1,
          "Workers Planned": 3,
          "Workers Launched": 3,
          "Single Copy": false,
          "Plans": [
            {
              "Node Type": "Aggregate",
              "Strategy": "Plain",
              "Partial Mode": "Partial",
              "Parent Relationship": "Outer",
              "Parallel Aware": false,
              "Startup Cost": 31839.15,
              "Total Cost": 31839.16,
              "Plan Rows": 1,
              "Plan Width": 8,
              "Actual Startup Time": 89.923,
              "Actual Total Time": 89.925,
              "Actual Rows": 1,
              "Actual Loops": 4,
              "Plans": [
                {
                  "Node Type": "Seq Scan",
                  "Parent Relationship": "Outer",
                  "Parallel Aware": true,
                  "Relation Name": "movie_companies",
                  "Alias": "mc",
                  "Startup Cost": 0.0,
                  "Total Cost": 31414.82,
                  "Plan Rows": 169734,
                  "Plan Width": 0,
                  "Actual Startup Time": 53.324,
                  "Actual Total Time": 86.231,
                  "Actual Rows": 78993,
                  "Actual Loops": 4,
                  "Filter": "((company_id < 5774) AND (company_type_id = 2))",
                  "Rows Removed by Filter": 573289
                }
              ]
            }
          ]
        }
      ]
    },
    "Planning Time": 0.221,
    "Triggers": [],
    "Execution Time": 107.621
  }
]