[
  {
    "Plan": {
      "Node Type": "Aggregate",
      "Strategy": "Plain",
      "Partial Mode": "Finalize",
      "Parallel Aware": false,
      "Startup Cost": 343287.0,
      "Total Cost": 343287.01,
      "Plan Rows": 1,
      "Plan Width": 8,
      "Actual Startup Time": 1018.159,
      "Actual Total Time": 1082.125,
      "Actual Rows": 1,
      "Actual Loops": 1,
      "Plans": [
        {
          "Node Type": "Gather",
          "Parent Relationship": "Outer",
          "Parallel Aware": false,
          "Startup Cost": 343286.37,
          "Total Cost": 343286.98,
          "Plan Rows": 6,
          "Plan Width": 8,
          "Actual Startup Time": 1017.934,
          "Actual Total Time": 1082.115,
          "Actual Rows": 7,
          "Actual Loops": 1,
          "Workers Planned": 6,
          "Workers Launched": 6,
          "Single Copy": false,
          "Plans": [
            {
              "Node Type": "Aggregate",
              "Strategy": "Plain",
              "Partial Mode": "Partial",
              "Parent Relationship": "Outer",
              "Parallel Aware": false,
              "Startup Cost": 342286.37,
              "Total Cost": 342286.38,
              "Plan Rows": 1,
              "Plan Width": 8,
              "Actual Startup Time": 1010.549,
              "Actual Total Time": 1010.551,
              "Actual Rows": 1,
              "Actual Loops": 7,
              "Plans": [
                {
                  "Node Type": "Seq Scan",
                  "Parent Relationship": "Outer",
                  "Parallel Aware": true,
                  "Relation Name": "cast_info",
                  "Alias": "ci",
                  "Startup Cost": 0.0,
                  "Total Cost": 328211.39,
                  "Plan Rows": 5629993,
                  "Plan Width": 0,
                  "Actual Startup Time": 35.097,
                  "Actual Total Time": 766.648,
                  "Actual Rows": 4811674,
                  "Actual Loops": 7,
                  "Filter": "(person_id > 247061)",
                  "Rows Removed by Filter": 366089
                }
              ]
            }
          ]
        }
      ]
    },
    "Planning Time": 0.105,
    "Triggers": [],
    "Execution Time": 1082.176
  }
]