[
    {
        "Bao": {
            "Bao prediction": 443.167,
            "Bao recommended hint": "(no hint)"
        }
    },
    {
        "Plan": {
            "Node Type": "Aggregate",
            "Strategy": "Plain",
            "Partial Mode": "Finalize",
            "Parallel Aware": false,
            "Startup Cost": 32934.47,
            "Total Cost": 32934.48,
            "Plan Rows": 1,
            "Plan Width": 8,
            "Actual Startup Time": 90.37,
            "Actual Total Time": 94.951,
            "Actual Rows": 1,
            "Actual Loops": 1,
            "Output": [
                "count(*)"
            ],
            "Plans": [
                {
                    "Node Type": "Gather",
                    "Parent Relationship": "Outer",
                    "Parallel Aware": false,
                    "Startup Cost": 32934.15,
                    "Total Cost": 32934.46,
                    "Plan Rows": 3,
                    "Plan Width": 8,
                    "Actual Startup Time": 90.282,
                    "Actual Total Time": 94.944,
                    "Actual Rows": 4,
                    "Actual Loops": 1,
                    "Output": [
                        "(PARTIAL count(*))"
                    ],
                    "Workers Planned": 3,
                    "Workers Launched": 3,
                    "Single Copy": false,
                    "Plans": [
                        {
                            "Node Type": "Aggregate",
                            "Strategy": "Plain",
                            "Partial Mode": "Partial",
                            "Parent Relationship": "Outer",
                            "Parallel Aware": false,
                            "Startup Cost": 31934.15,
                            "Total Cost": 31934.16,
                            "Plan Rows": 1,
                            "Plan Width": 8,
                            "Actual Startup Time": 82.592,
                            "Actual Total Time": 82.593,
                            "Actual Rows": 1,
                            "Actual Loops": 4,
                            "Output": [
                                "PARTIAL count(*)"
                            ],
                            "Workers": [
                                {
                                    "Worker Number": 0,
                                    "Actual Startup Time": 79.997,
                                    "Actual Total Time": 79.998,
                                    "Actual Rows": 1,
                                    "Actual Loops": 1
                                },
                                {
                                    "Worker Number": 1,
                                    "Actual Startup Time": 80.1,
                                    "Actual Total Time": 80.101,
                                    "Actual Rows": 1,
                                    "Actual Loops": 1
                                },
                                {
                                    "Worker Number": 2,
                                    "Actual Startup Time": 80.578,
                                    "Actual Total Time": 80.579,
                                    "Actual Rows": 1,
                                    "Actual Loops": 1
                                }
                            ],
                            "Plans": [
                                {
                                    "Node Type": "Seq Scan",
                                    "Parent Relationship": "Outer",
                                    "Parallel Aware": true,
                                    "Relation Name": "movie_companies",
                                    "Schema": "public",
                                    "Alias": "mc",
                                    "Startup Cost": 0.0,
                                    "Total Cost": 31414.82,
                                    "Plan Rows": 207733,
                                    "Plan Width": 0,
                                    "Actual Startup Time": 49.472,
                                    "Actual Total Time": 78.228,
                                    "Actual Rows": 102219,
                                    "Actual Loops": 4,
                                    "Output": [
                                        "id",
                                        "movie_id",
                                        "company_id",
                                        "company_type_id",
                                        "note"
                                    ],
                                    "Filter": "((mc.company_id < 11164) AND (mc.company_type_id > 1))",
                                    "Rows Removed by Filter": 550064,
                                    "Workers": [
                                        {
                                            "Worker Number": 0,
                                            "Actual Startup Time": 46.876,
                                            "Actual Total Time": 75.76,
                                            "Actual Rows": 95222,
                                            "Actual Loops": 1
                                        },
                                        {
                                            "Worker Number": 1,
                                            "Actual Startup Time": 46.988,
                                            "Actual Total Time": 75.952,
                                            "Actual Rows": 99513,
                                            "Actual Loops": 1
                                        },
                                        {
                                            "Worker Number": 2,
                                            "Actual Startup Time": 47.449,
                                            "Actual Total Time": 76.363,
                                            "Actual Rows": 95057,
                                            "Actual Loops": 1
                                        }
                                    ]
                                }
                            ]
                        }
                    ]
                }
            ]
        },
        "Planning Time": 1094.039,
        "Triggers": [],
        "Execution Time": 95.031
    }
]