[
  {
    "Plan": {
      "Node Type": "Aggregate",
      "Strategy": "Plain",
      "Partial Mode": "Finalize",
      "Parallel Aware": false,
      "Startup Cost": 115913.16,
      "Total Cost": 115913.17,
      "Plan Rows": 1,
      "Plan Width": 8,
      "Actual Startup Time": 37.929,
      "Actual Total Time": 43.929,
      "Actual Rows": 1,
      "Actual Loops": 1,
      "Plans": [
        {
          "Node Type": "Gather",
          "Parent Relationship": "Outer",
          "Parallel Aware": false,
          "Startup Cost": 115912.74,
          "Total Cost": 115913.15,
          "Plan Rows": 4,
          "Plan Width": 8,
          "Actual Startup Time": 37.745,
          "Actual Total Time": 43.924,
          "Actual Rows": 5,
          "Actual Loops": 1,
          "Workers Planned": 4,
          "Workers Launched": 4,
          "Single Copy": false,
          "Plans": [
            {
              "Node Type": "Aggregate",
              "Strategy": "Plain",
              "Partial Mode": "Partial",
              "Parent Relationship": "Outer",
              "Parallel Aware": false,
              "Startup Cost": 114912.74,
              "Total Cost": 114912.75,
              "Plan Rows": 1,
              "Plan Width": 8,
              "Actual Startup Time": 32.115,
              "Actual Total Time": 32.116,
              "Actual Rows": 1,
              "Actual Loops": 5,
              "Plans": [
                {
                  "Node Type": "Nested Loop",
                  "Parent Relationship": "Outer",
                  "Parallel Aware": false,
                  "Join Type": "Inner",
                  "Startup Cost": 565.89,
                  "Total Cost": 114904.06,
                  "Plan Rows": 3472,
                  "Plan Width": 0,
                  "Actual Startup Time": 25.405,
                  "Actual Total Time": 32.11,
                  "Actual Rows": 14,
                  "Actual Loops": 5,
                  "Inner Unique": false,
                  "Plans": [
                    {
                      "Node Type": "Nested Loop",
                      "Parent Relationship": "Outer",
                      "Parallel Aware": false,
                      "Join Type": "Inner",
                      "Startup Cost": 565.46,
                      "Total Cost": 112646.8,
                      "Plan Rows": 3365,
                      "Plan Width": 8,
                      "Actual Startup Time": 25.375,
                      "Actual Total Time": 32.041,
                      "Actual Rows": 2,
                      "Actual Loops": 5,
                      "Inner Unique": true,
                      "Plans": [
                        {
                          "Node Type": "Bitmap Heap Scan",
                          "Parent Relationship": "Outer",
                          "Parallel Aware": true,
                          "Relation Name": "movie_info",
                          "Alias": "mi",
                          "Startup Cost": 565.03,
                          "Total Cost": 78439.95,
                          "Plan Rows": 7761,
                          "Plan Width": 4,
                          "Actual Startup Time": 0.655,
                          "Actual Total Time": 5.322,
                          "Actual Rows": 6411,
                          "Actual Loops": 5,
                          "Recheck Cond": "(info_type_id > 108)",
                          "Rows Removed by Index Recheck": 0,
                          "Exact Heap Blocks": 1429,
                          "Lossy Heap Blocks": 0,
                          "Plans": [
                            {
                              "Node Type": "Bitmap Index Scan",
                              "Parent Relationship": "Outer",
                              "Parallel Aware": false,
                              "Index Name": "info_type_id_movie_info",
                              "Startup Cost": 0.0,
                              "Total Cost": 557.26,
                              "Plan Rows": 31044,
                              "Plan Width": 0,
                              "Actual Startup Time": 2.299,
                              "Actual Total Time": 2.299,
                              "Actual Rows": 32053,
                              "Actual Loops": 1,
                              "Index Cond": "(info_type_id > 108)"
                            }
                          ]
                        },
                        {
                          "Node Type": "Index Scan",
                          "Parent Relationship": "Inner",
                          "Parallel Aware": false,
                          "Scan Direction": "Forward",
                          "Index Name": "title_pkey",
                          "Relation Name": "title",
                          "Alias": "t",
                          "Startup Cost": 0.43,
                          "Total Cost": 4.41,
                          "Plan Rows": 1,
                          "Plan Width": 4,
                          "Actual Startup Time": 0.004,
                          "Actual Total Time": 0.004,
                          "Actual Rows": 0,
                          "Actual Loops": 32053,
                          "Index Cond": "(id = mi.movie_id)",
                          "Rows Removed by Index Recheck": 0,
                          "Filter": "((production_year < 2009) AND (kind_id = 7))",
                          "Rows Removed by Filter": 1
                        }
                      ]
                    },
                    {
                      "Node Type": "Index Only Scan",
                      "Parent Relationship": "Inner",
                      "Parallel Aware": false,
                      "Scan Direction": "Forward",
                      "Index Name": "movie_id_movie_companies",
                      "Relation Name": "movie_companies",
                      "Alias": "mc",
                      "Startup Cost": 0.43,
                      "Total Cost": 0.62,
                      "Plan Rows": 5,
                      "Plan Width": 4,
                      "Actual Startup Time": 0.031,
                      "Actual Total Time": 0.04,
                      "Actual Rows": 9,
                      "Actual Loops": 8,
                      "Index Cond": "(movie_id = t.id)",
                      "Rows Removed by Index Recheck": 0,
                      "Heap Fetches": 71
                    }
                  ]
                }
              ]
            }
          ]
        }
      ]
    },
    "Planning Time": 0.61,
    "Triggers": [],
    "Execution Time": 43.984
  }
]