[
  {
    "Plan": {
      "Node Type": "Aggregate",
      "Strategy": "Plain",
      "Partial Mode": "Finalize",
      "Parallel Aware": false,
      "Startup Cost": 246550.55,
      "Total Cost": 246550.56,
      "Plan Rows": 1,
      "Plan Width": 8,
      "Actual Startup Time": 555.119,
      "Actual Total Time": 576.81,
      "Actual Rows": 1,
      "Actual Loops": 1,
      "Plans": [
        {
          "Node Type": "Gather",
          "Parent Relationship": "Outer",
          "Parallel Aware": false,
          "Startup Cost": 246549.93,
          "Total Cost": 246550.54,
          "Plan Rows": 6,
          "Plan Width": 8,
          "Actual Startup Time": 550.977,
          "Actual Total Time": 576.798,
          "Actual Rows": 7,
          "Actual Loops": 1,
          "Workers Planned": 6,
          "Workers Launched": 6,
          "Single Copy": false,
          "Plans": [
            {
              "Node Type": "Aggregate",
              "Strategy": "Plain",
              "Partial Mode": "Partial",
              "Parent Relationship": "Outer",
              "Parallel Aware": false,
              "Startup Cost": 245549.93,
              "Total Cost": 245549.94,
              "Plan Rows": 1,
              "Plan Width": 8,
              "Actual Startup Time": 540.162,
              "Actual Total Time": 540.166,
              "Actual Rows": 1,
              "Actual Loops": 7,
              "Plans": [
                {
                  "Node Type": "Hash Join",
                  "Parent Relationship": "Outer",
                  "Parallel Aware": true,
                  "Join Type": "Inner",
                  "Startup Cost": 46948.81,
                  "Total Cost": 244979.39,
                  "Plan Rows": 228217,
                  "Plan Width": 0,
                  "Actual Startup Time": 107.36,
                  "Actual Total Time": 530.928,
                  "Actual Rows": 203204,
                  "Actual Loops": 7,
                  "Inner Unique": true,
                  "Hash Cond": "(ci.movie_id = t.id)",
                  "Plans": [
                    {
                      "Node Type": "Index Scan",
                      "Parent Relationship": "Outer",
                      "Parallel Aware": true,
                      "Scan Direction": "Forward",
                      "Index Name": "role_id_cast_info",
                      "Relation Name": "cast_info",
                      "Alias": "ci",
                      "Startup Cost": 0.56,
                      "Total Cost": 194809.41,
                      "Plan Rows": 1227324,
                      "Plan Width": 4,
                      "Actual Startup Time": 0.163,
                      "Actual Total Time": 188.0,
                      "Actual Rows": 1064568,
                      "Actual Loops": 7,
                      "Index Cond": "(role_id = 2)",
                      "Rows Removed by Index Recheck": 0
                    },
                    {
                      "Node Type": "Hash",
                      "Parent Relationship": "Inner",
                      "Parallel Aware": true,
                      "Startup Cost": 45479.1,
                      "Total Cost": 45479.1,
                      "Plan Rows": 117532,
                      "Plan Width": 4,
                      "Actual Startup Time": 104.679,
                      "Actual Total Time": 104.68,
                      "Actual Rows": 70861,
                      "Actual Loops": 7,
                      "Hash Buckets": 524288,
                      "Original Hash Buckets": 524288,
                      "Hash Batches": 1,
                      "Original Hash Batches": 1,
                      "Peak Memory Usage": 23648,
                      "Plans": [
                        {
                          "Node Type": "Seq Scan",
                          "Parent Relationship": "Outer",
                          "Parallel Aware": true,
                          "Relation Name": "title",
                          "Alias": "t",
                          "Startup Cost": 0.0,
                          "Total Cost": 45479.1,
                          "Plan Rows": 117532,
                          "Plan Width": 4,
                          "Actual Startup Time": 47.883,
                          "Actual Total Time": 78.039,
                          "Actual Rows": 70861,
                          "Actual Loops": 7,
                          "Filter": "((production_year < 2009) AND (kind_id = 1))",
                          "Rows Removed by Filter": 290327
                        }
                      ]
                    }
                  ]
                }
              ]
            }
          ]
        }
      ]
    },
    "Planning Time": 0.639,
    "Triggers": [],
    "Execution Time": 576.885
  }
]