{
    "Plan": {
        "Node Type": "Aggregate",
        "Strategy": "Plain",
        "Partial Mode": "Finalize",
        "Parallel Aware": false,
        "Startup Cost": 386956.55,
        "Total Cost": 386956.56,
        "Plan Rows": 1,
        "Plan Width": 8,
        "Actual Startup Time": 1702.019,
        "Actual Total Time": 1746.746,
        "Actual Rows": 1,
        "Actual Loops": 1,
        "Output": [
            "count(*)"
        ],
        "Plans": [
            {
                "Node Type": "Gather",
                "Parent Relationship": "Outer",
                "Parallel Aware": false,
                "Startup Cost": 386955.93,
                "Total Cost": 386956.54,
                "Plan Rows": 6,
                "Plan Width": 8,
                "Actual Startup Time": 1697.577,
                "Actual Total Time": 1746.732,
                "Actual Rows": 7,
                "Actual Loops": 1,
                "Output": [
                    "(PARTIAL count(*))"
                ],
                "Workers Planned": 6,
                "Workers Launched": 6,
                "Single Copy": false,
                "Plans": [
                    {
                        "Node Type": "Aggregate",
                        "Strategy": "Plain",
                        "Partial Mode": "Partial",
                        "Parent Relationship": "Outer",
                        "Parallel Aware": false,
                        "Startup Cost": 385955.93,
                        "Total Cost": 385955.94,
                        "Plan Rows": 1,
                        "Plan Width": 8,
                        "Actual Startup Time": 1686.305,
                        "Actual Total Time": 1686.309,
                        "Actual Rows": 1,
                        "Actual Loops": 7,
                        "Output": [
                            "PARTIAL count(*)"
                        ],
                        "Workers": [
                            {
                                "Worker Number": 0,
                                "Actual Startup Time": 1684.523,
                                "Actual Total Time": 1684.527,
                                "Actual Rows": 1,
                                "Actual Loops": 1
                            },
                            {
                                "Worker Number": 1,
                                "Actual Startup Time": 1684.43,
                                "Actual Total Time": 1684.434,
                                "Actual Rows": 1,
                                "Actual Loops": 1
                            },
                            {
                                "Worker Number": 2,
                                "Actual Startup Time": 1685.002,
                                "Actual Total Time": 1685.005,
                                "Actual Rows": 1,
                                "Actual Loops": 1
                            },
                            {
                                "Worker Number": 3,
                                "Actual Startup Time": 1684.515,
                                "Actual Total Time": 1684.518,
                                "Actual Rows": 1,
                                "Actual Loops": 1
                            },
                            {
                                "Worker Number": 4,
                                "Actual Startup Time": 1684.514,
                                "Actual Total Time": 1684.518,
                                "Actual Rows": 1,
                                "Actual Loops": 1
                            },
                            {
                                "Worker Number": 5,
                                "Actual Startup Time": 1684.506,
                                "Actual Total Time": 1684.509,
                                "Actual Rows": 1,
                                "Actual Loops": 1
                            }
                        ],
                        "Plans": [
                            {
                                "Node Type": "Hash Join",
                                "Parent Relationship": "Outer",
                                "Parallel Aware": true,
                                "Join Type": "Inner",
                                "Startup Cost": 48032.71,
                                "Total Cost": 383670.72,
                                "Plan Rows": 914082,
                                "Plan Width": 0,
                                "Actual Startup Time": 144.788,
                                "Actual Total Time": 1652.272,
                                "Actual Rows": 690795,
                                "Actual Loops": 7,
                                "Inner Unique": true,
                                "Hash Cond": "(ci.movie_id = t.id)",
                                "Workers": [
                                    {
                                        "Worker Number": 0,
                                        "Actual Startup Time": 143.188,
                                        "Actual Total Time": 1645.797,
                                        "Actual Rows": 581858,
                                        "Actual Loops": 1
                                    },
                                    {
                                        "Worker Number": 1,
                                        "Actual Startup Time": 143.013,
                                        "Actual Total Time": 1651.175,
                                        "Actual Rows": 700693,
                                        "Actual Loops": 1
                                    },
                                    {
                                        "Worker Number": 2,
                                        "Actual Startup Time": 143.023,
                                        "Actual Total Time": 1651.893,
                                        "Actual Rows": 696632,
                                        "Actual Loops": 1
                                    },
                                    {
                                        "Worker Number": 3,
                                        "Actual Startup Time": 143.105,
                                        "Actual Total Time": 1651.185,
                                        "Actual Rows": 701129,
                                        "Actual Loops": 1
                                    },
                                    {
                                        "Worker Number": 4,
                                        "Actual Startup Time": 143.113,
                                        "Actual Total Time": 1650.881,
                                        "Actual Rows": 708482,
                                        "Actual Loops": 1
                                    },
                                    {
                                        "Worker Number": 5,
                                        "Actual Startup Time": 143.062,
                                        "Actual Total Time": 1650.759,
                                        "Actual Rows": 709692,
                                        "Actual Loops": 1
                                    }
                                ],
                                "Plans": [
                                    {
                                        "Node Type": "Seq Scan",
                                        "Parent Relationship": "Outer",
                                        "Parallel Aware": true,
                                        "Relation Name": "cast_info",
                                        "Schema": "public",
                                        "Alias": "ci",
                                        "Startup Cost": 0.0,
                                        "Total Cost": 328213.62,
                                        "Plan Rows": 2828338,
                                        "Plan Width": 4,
                                        "Actual Startup Time": 0.045,
                                        "Actual Total Time": 633.002,
                                        "Actual Rows": 2413907,
                                        "Actual Loops": 7,
                                        "Output": [
                                            "ci.id",
                                            "ci.person_id",
                                            "ci.movie_id",
                                            "ci.person_role_id",
                                            "ci.note",
                                            "ci.nr_order",
                                            "ci.role_id"
                                        ],
                                        "Filter": "(ci.person_id < 1670546)",
                                        "Rows Removed by Filter": 2763856,
                                        "Workers": [
                                            {
                                                "Worker Number": 0,
                                                "Actual Startup Time": 0.049,
                                                "Actual Total Time": 676.096,
                                                "Actual Rows": 2019928,
                                                "Actual Loops": 1
                                            },
                                            {
                                                "Worker Number": 1,
                                                "Actual Startup Time": 0.046,
                                                "Actual Total Time": 646.567,
                                                "Actual Rows": 2454734,
                                                "Actual Loops": 1
                                            },
                                            {
                                                "Worker Number": 2,
                                                "Actual Startup Time": 0.055,
                                                "Actual Total Time": 644.902,
                                                "Actual Rows": 2426233,
                                                "Actual Loops": 1
                                            },
                                            {
                                                "Worker Number": 3,
                                                "Actual Startup Time": 0.052,
                                                "Actual Total Time": 644.055,
                                                "Actual Rows": 2452557,
                                                "Actual Loops": 1
                                            },
                                            {
                                                "Worker Number": 4,
                                                "Actual Startup Time": 0.05,
                                                "Actual Total Time": 645.797,
                                                "Actual Rows": 2468289,
                                                "Actual Loops": 1
                                            },
                                            {
                                                "Worker Number": 5,
                                                "Actual Startup Time": 0.051,
                                                "Actual Total Time": 648.427,
                                                "Actual Rows": 2480436,
                                                "Actual Loops": 1
                                            }
                                        ]
                                    },
                                    {
                                        "Node Type": "Hash",
                                        "Parent Relationship": "Inner",
                                        "Parallel Aware": true,
                                        "Startup Cost": 45479.21,
                                        "Total Cost": 45479.21,
                                        "Plan Rows": 204280,
                                        "Plan Width": 4,
                                        "Actual Startup Time": 141.045,
                                        "Actual Total Time": 141.046,
                                        "Actual Rows": 105537,
                                        "Actual Loops": 7,
                                        "Output": [
                                            "t.id"
                                        ],
                                        "Hash Buckets": 1048576,
                                        "Original Hash Buckets": 1048576,
                                        "Hash Batches": 1,
                                        "Original Hash Batches": 1,
                                        "Peak Memory Usage": 37184,
                                        "Workers": [
                                            {
                                                "Worker Number": 0,
                                                "Actual Startup Time": 142.137,
                                                "Actual Total Time": 142.138,
                                                "Actual Rows": 85885,
                                                "Actual Loops": 1
                                            },
                                            {
                                                "Worker Number": 1,
                                                "Actual Startup Time": 142.129,
                                                "Actual Total Time": 142.13,
                                                "Actual Rows": 101869,
                                                "Actual Loops": 1
                                            },
                                            {
                                                "Worker Number": 2,
                                                "Actual Startup Time": 142.057,
                                                "Actual Total Time": 142.058,
                                                "Actual Rows": 101441,
                                                "Actual Loops": 1
                                            },
                                            {
                                                "Worker Number": 3,
                                                "Actual Startup Time": 142.069,
                                                "Actual Total Time": 142.07,
                                                "Actual Rows": 103026,
                                                "Actual Loops": 1
                                            },
                                            {
                                                "Worker Number": 4,
                                                "Actual Startup Time": 142.113,
                                                "Actual Total Time": 142.114,
                                                "Actual Rows": 100152,
                                                "Actual Loops": 1
                                            },
                                            {
                                                "Worker Number": 5,
                                                "Actual Startup Time": 142.112,
                                                "Actual Total Time": 142.113,
                                                "Actual Rows": 98637,
                                                "Actual Loops": 1
                                            }
                                        ],
                                        "Plans": [
                                            {
                                                "Node Type": "Seq Scan",
                                                "Parent Relationship": "Outer",
                                                "Parallel Aware": true,
                                                "Relation Name": "title",
                                                "Schema": "public",
                                                "Alias": "t",
                                                "Startup Cost": 0.0,
                                                "Total Cost": 45479.21,
                                                "Plan Rows": 204280,
                                                "Plan Width": 4,
                                                "Actual Startup Time": 0.07,
                                                "Actual Total Time": 81.068,
                                                "Actual Rows": 105537,
                                                "Actual Loops": 7,
                                                "Output": [
                                                    "t.id"
                                                ],
                                                "Filter": "((t.production_year < 2005) AND (t.kind_id = 7))",
                                                "Rows Removed by Filter": 255650,
                                                "Workers": [
                                                    {
                                                        "Worker Number": 0,
                                                        "Actual Startup Time": 0.072,
                                                        "Actual Total Time": 83.306,
                                                        "Actual Rows": 85885,
                                                        "Actual Loops": 1
                                                    },
                                                    {
                                                        "Worker Number": 1,
                                                        "Actual Startup Time": 0.103,
                                                        "Actual Total Time": 82.506,
                                                        "Actual Rows": 101869,
                                                        "Actual Loops": 1
                                                    },
                                                    {
                                                        "Worker Number": 2,
                                                        "Actual Startup Time": 0.065,
                                                        "Actual Total Time": 82.832,
                                                        "Actual Rows": 101441,
                                                        "Actual Loops": 1
                                                    },
                                                    {
                                                        "Worker Number": 3,
                                                        "Actual Startup Time": 0.073,
                                                        "Actual Total Time": 82.293,
                                                        "Actual Rows": 103026,
                                                        "Actual Loops": 1
                                                    },
                                                    {
                                                        "Worker Number": 4,
                                                        "Actual Startup Time": 0.074,
                                                        "Actual Total Time": 82.253,
                                                        "Actual Rows": 100152,
                                                        "Actual Loops": 1
                                                    },
                                                    {
                                                        "Worker Number": 5,
                                                        "Actual Startup Time": 0.077,
                                                        "Actual Total Time": 82.645,
                                                        "Actual Rows": 98637,
                                                        "Actual Loops": 1
                                                    }
                                                ]
                                            }
                                        ]
                                    }
                                ]
                            }
                        ]
                    }
                ]
            }
        ]
    },
    "Planning Time": 0.731,
    "Triggers": [],
    "Execution Time": 1746.838
}