{
  "Plan": {
    "Node Type": "Aggregate",
    "Strategy": "Plain",
    "Partial Mode": "Finalize",
    "Parallel Aware": false,
    "Startup Cost": 341462.83,
    "Total Cost": 341462.84,
    "Plan Rows": 1,
    "Plan Width": 8,
    "Actual Startup Time": 998.25,
    "Actual Total Time": 1018.852,
    "Actual Rows": 1,
    "Actual Loops": 1,
    "Plans": [
      {
        "Node Type": "Gather",
        "Parent Relationship": "Outer",
        "Parallel Aware": false,
        "Startup Cost": 341462.72,
        "Total Cost": 341462.83,
        "Plan Rows": 1,
        "Plan Width": 8,
        "Actual Startup Time": 995.856,
        "Actual Total Time": 1018.844,
        "Actual Rows": 2,
        "Actual Loops": 1,
        "Workers Planned": 1,
        "Workers Launched": 1,
        "Single Copy": false,
        "Plans": [
          {
            "Node Type": "Aggregate",
            "Strategy": "Plain",
            "Partial Mode": "Partial",
            "Parent Relationship": "Outer",
            "Parallel Aware": false,
            "Startup Cost": 340462.72,
            "Total Cost": 340462.73,
            "Plan Rows": 1,
            "Plan Width": 8,
            "Actual Startup Time": 989.11,
            "Actual Total Time": 989.118,
            "Actual Rows": 1,
            "Actual Loops": 2,
            "Plans": [
              {
                "Node Type": "Hash Join",
                "Parent Relationship": "Outer",
                "Parallel Aware": true,
                "Join Type": "Inner",
                "Startup Cost": 148676.06,
                "Total Cost": 340079.23,
                "Plan Rows": 153396,
                "Plan Width": 0,
                "Actual Startup Time": 551.832,
                "Actual Total Time": 977.908,
                "Actual Rows": 214786,
                "Actual Loops": 2,
                "Inner Unique": false,
                "Hash Cond": "(mi.movie_id = t.id)",
                "Plans": [
                  {
                    "Node Type": "Bitmap Heap Scan",
                    "Parent Relationship": "Outer",
                    "Parallel Aware": true,
                    "Relation Name": "movie_info",
                    "Alias": "mi",
                    "Startup Cost": 54025.71,
                    "Total Cost": 237947.81,
                    "Plan Rows": 1754328,
                    "Plan Width": 4,
                    "Actual Startup Time": 109.18,
                    "Actual Total Time": 271.701,
                    "Actual Rows": 1518360,
                    "Actual Loops": 2,
                    "Recheck Cond": "(info_type_id = 16)",
                    "Rows Removed by Index Recheck": 0,
                    "Exact Heap Blocks": 15539,
                    "Lossy Heap Blocks": 0,
                    "Plans": [
                      {
                        "Node Type": "Bitmap Index Scan",
                        "Parent Relationship": "Outer",
                        "Parallel Aware": false,
                        "Index Name": "info_type_id_movie_info",
                        "Startup Cost": 0.0,
                        "Total Cost": 53280.12,
                        "Plan Rows": 2982358,
                        "Plan Width": 0,
                        "Actual Startup Time": 105.015,
                        "Actual Total Time": 105.015,
                        "Actual Rows": 3036719,
                        "Actual Loops": 1,
                        "Index Cond": "(info_type_id = 16)"
                      }
                    ]
                  },
                  {
                    "Node Type": "Hash",
                    "Parent Relationship": "Inner",
                    "Parallel Aware": true,
                    "Startup Cost": 93024.83,
                    "Total Cost": 93024.83,
                    "Plan Rows": 130042,
                    "Plan Width": 8,
                    "Actual Startup Time": 439.072,
                    "Actual Total Time": 439.077,
                    "Actual Rows": 117900,
                    "Actual Loops": 2,
                    "Hash Buckets": 262144,
                    "Original Hash Buckets": 262144,
                    "Hash Batches": 1,
                    "Original Hash Batches": 1,
                    "Peak Memory Usage": 11328,
                    "Plans": [
                      {
                        "Node Type": "Hash Join",
                        "Parent Relationship": "Outer",
                        "Parallel Aware": true,
                        "Join Type": "Inner",
                        "Startup Cost": 32021.25,
                        "Total Cost": 93024.83,
                        "Plan Rows": 130042,
                        "Plan Width": 8,
                        "Actual Startup Time": 123.515,
                        "Actual Total Time": 410.61,
                        "Actual Rows": 117900,
                        "Actual Loops": 2,
                        "Inner Unique": false,
                        "Hash Cond": "(t.id = mc.movie_id)",
                        "Plans": [
                          {
                            "Node Type": "Seq Scan",
                            "Parent Relationship": "Outer",
                            "Parallel Aware": true,
                            "Relation Name": "title",
                            "Alias": "t",
                            "Startup Cost": 0.0,
                            "Total Cost": 54588.39,
                            "Plan Rows": 904038,
                            "Plan Width": 4,
                            "Actual Startup Time": 0.013,
                            "Actual Total Time": 133.985,
                            "Actual Rows": 771632,
                            "Actual Loops": 2,
                            "Filter": "(kind_id = 7)",
                            "Rows Removed by Filter": 492524
                          },
                          {
                            "Node Type": "Hash",
                            "Parent Relationship": "Inner",
                            "Parallel Aware": true,
                            "Startup Cost": 29347.11,
                            "Total Cost": 29347.11,
                            "Plan Rows": 213931,
                            "Plan Width": 4,
                            "Actual Startup Time": 119.523,
                            "Actual Total Time": 119.525,
                            "Actual Rows": 179032,
                            "Actual Loops": 2,
                            "Hash Buckets": 524288,
                            "Original Hash Buckets": 524288,
                            "Hash Batches": 1,
                            "Original Hash Batches": 1,
                            "Peak Memory Usage": 18144,
                            "Plans": [
                              {
                                "Node Type": "Bitmap Heap Scan",
                                "Parent Relationship": "Outer",
                                "Parallel Aware": true,
                                "Relation Name": "movie_companies",
                                "Alias": "mc",
                                "Startup Cost": 7882.97,
                                "Total Cost": 29347.11,
                                "Plan Rows": 213931,
                                "Plan Width": 4,
                                "Actual Startup Time": 27.494,
                                "Actual Total Time": 79.512,
                                "Actual Rows": 179032,
                                "Actual Loops": 2,
                                "Recheck Cond": "(company_id < 181)",
                                "Rows Removed by Index Recheck": 0,
                                "Exact Heap Blocks": 11358,
                                "Lossy Heap Blocks": 0,
                                "Plans": [
                                  {
                                    "Node Type": "Bitmap Index Scan",
                                    "Parent Relationship": "Outer",
                                    "Parallel Aware": false,
                                    "Index Name": "company_id_movie_companies",
                                    "Startup Cost": 0.0,
                                    "Total Cost": 7792.05,
                                    "Plan Rows": 363683,
                                    "Plan Width": 0,
                                    "Actual Startup Time": 24.716,
                                    "Actual Total Time": 24.716,
                                    "Actual Rows": 358065,
                                    "Actual Loops": 1,
                                    "Index Cond": "(company_id < 181)"
                                  }
                                ]
                              }
                            ]
                          }
                        ]
                      }
                    ]
                  }
                ]
              }
            ]
          }
        ]
      }
    ]
  },
  "Planning Time": 1.1,
  "Triggers": [],
  "Execution Time": 1018.975
}