[
  {
    "Plan": {
      "Node Type": "Aggregate",
      "Strategy": "Plain",
      "Partial Mode": "Finalize",
      "Parallel Aware": false,
      "Startup Cost": 403704.17,
      "Total Cost": 403704.18,
      "Plan Rows": 1,
      "Plan Width": 8,
      "Actual Startup Time": 1327.758,
      "Actual Total Time": 1377.35,
      "Actual Rows": 1,
      "Actual Loops": 1,
      "Plans": [
        {
          "Node Type": "Gather",
          "Parent Relationship": "Outer",
          "Parallel Aware": false,
          "Startup Cost": 403703.55,
          "Total Cost": 403704.16,
          "Plan Rows": 6,
          "Plan Width": 8,
          "Actual Startup Time": 1325.191,
          "Actual Total Time": 1377.336,
          "Actual Rows": 7,
          "Actual Loops": 1,
          "Workers Planned": 6,
          "Workers Launched": 6,
          "Single Copy": false,
          "Plans": [
            {
              "Node Type": "Aggregate",
              "Strategy": "Plain",
              "Partial Mode": "Partial",
              "Parent Relationship": "Outer",
              "Parallel Aware": false,
              "Startup Cost": 402703.55,
              "Total Cost": 402703.56,
              "Plan Rows": 1,
              "Plan Width": 8,
              "Actual Startup Time": 1317.345,
              "Actual Total Time": 1317.348,
              "Actual Rows": 1,
              "Actual Loops": 7,
              "Plans": [
                {
                  "Node Type": "Hash Join",
                  "Parent Relationship": "Outer",
                  "Parallel Aware": true,
                  "Join Type": "Inner",
                  "Startup Cost": 46356.16,
                  "Total Cost": 401458.29,
                  "Plan Rows": 498104,
                  "Plan Width": 0,
                  "Actual Startup Time": 83.307,
                  "Actual Total Time": 1306.856,
                  "Actual Rows": 206018,
                  "Actual Loops": 7,
                  "Inner Unique": true,
                  "Hash Cond": "(ci.movie_id = t.id)",
                  "Plans": [
                    {
                      "Node Type": "Seq Scan",
                      "Parent Relationship": "Outer",
                      "Parallel Aware": true,
                      "Relation Name": "cast_info",
                      "Alias": "ci",
                      "Startup Cost": 0.0,
                      "Total Cost": 343316.27,
                      "Plan Rows": 4489842,
                      "Plan Width": 4,
                      "Actual Startup Time": 0.038,
                      "Actual Total Time": 738.003,
                      "Actual Rows": 4115444,
                      "Actual Loops": 7,
                      "Filter": "((person_id < 3623062) AND (role_id < 8))",
                      "Rows Removed by Filter": 1062320
                    },
                    {
                      "Node Type": "Hash",
                      "Parent Relationship": "Inner",
                      "Parallel Aware": true,
                      "Startup Cost": 45479.59,
                      "Total Cost": 45479.59,
                      "Plan Rows": 70126,
                      "Plan Width": 4,
                      "Actual Startup Time": 81.714,
                      "Actual Total Time": 81.716,
                      "Actual Rows": 22889,
                      "Actual Loops": 7,
                      "Hash Buckets": 524288,
                      "Original Hash Buckets": 524288,
                      "Hash Batches": 1,
                      "Original Hash Batches": 1,
                      "Peak Memory Usage": 10464,
                      "Plans": [
                        {
                          "Node Type": "Seq Scan",
                          "Parent Relationship": "Outer",
                          "Parallel Aware": true,
                          "Relation Name": "title",
                          "Alias": "t",
                          "Startup Cost": 0.0,
                          "Total Cost": 45479.59,
                          "Plan Rows": 70126,
                          "Plan Width": 4,
                          "Actual Startup Time": 0.044,
                          "Actual Total Time": 71.239,
                          "Actual Rows": 22889,
                          "Actual Loops": 7,
                          "Filter": "((kind_id > 1) AND (production_year < 1972))",
                          "Rows Removed by Filter": 338298
                        }
                      ]
                    }
                  ]
                }
              ]
            }
          ]
        }
      ]
    },
    "Planning Time": 0.224,
    "Triggers": [],
    "Execution Time": 1377.403
  }
]