{
  "Plan": {
    "Node Type": "Aggregate",
    "Strategy": "Plain",
    "Partial Mode": "Finalize",
    "Parallel Aware": false,
    "Startup Cost": 93106.81,
    "Total Cost": 93106.82,
    "Plan Rows": 1,
    "Plan Width": 8,
    "Actual Startup Time": 363.949,
    "Actual Total Time": 374.738,
    "Actual Rows": 1,
    "Actual Loops": 1,
    "Plans": [
      {
        "Node Type": "Gather",
        "Parent Relationship": "Outer",
        "Parallel Aware": false,
        "Startup Cost": 93106.69,
        "Total Cost": 93106.8,
        "Plan Rows": 1,
        "Plan Width": 8,
        "Actual Startup Time": 363.099,
        "Actual Total Time": 374.731,
        "Actual Rows": 2,
        "Actual Loops": 1,
        "Workers Planned": 1,
        "Workers Launched": 1,
        "Single Copy": false,
        "Plans": [
          {
            "Node Type": "Aggregate",
            "Strategy": "Plain",
            "Partial Mode": "Partial",
            "Parent Relationship": "Outer",
            "Parallel Aware": false,
            "Startup Cost": 92106.69,
            "Total Cost": 92106.7,
            "Plan Rows": 1,
            "Plan Width": 8,
            "Actual Startup Time": 360.005,
            "Actual Total Time": 360.009,
            "Actual Rows": 1,
            "Actual Loops": 2,
            "Plans": [
              {
                "Node Type": "Hash Join",
                "Parent Relationship": "Outer",
                "Parallel Aware": true,
                "Join Type": "Inner",
                "Startup Cost": 33112.06,
                "Total Cost": 91879.64,
                "Plan Rows": 90821,
                "Plan Width": 0,
                "Actual Startup Time": 126.876,
                "Actual Total Time": 352.634,
                "Actual Rows": 177413,
                "Actual Loops": 2,
                "Inner Unique": false,
                "Hash Cond": "(t.id = mc.movie_id)",
                "Plans": [
                  {
                    "Node Type": "Seq Scan",
                    "Parent Relationship": "Outer",
                    "Parallel Aware": true,
                    "Relation Name": "title",
                    "Alias": "t",
                    "Startup Cost": 0.0,
                    "Total Cost": 54588.39,
                    "Plan Rows": 583193,
                    "Plan Width": 4,
                    "Actual Startup Time": 0.013,
                    "Actual Total Time": 123.298,
                    "Actual Rows": 492524,
                    "Actual Loops": 2,
                    "Filter": "(kind_id < 7)",
                    "Rows Removed by Filter": 771632
                  },
                  {
                    "Node Type": "Hash",
                    "Parent Relationship": "Inner",
                    "Parallel Aware": true,
                    "Startup Cost": 30216.96,
                    "Total Cost": 30216.96,
                    "Plan Rows": 231608,
                    "Plan Width": 4,
                    "Actual Startup Time": 110.269,
                    "Actual Total Time": 110.27,
                    "Actual Rows": 199748,
                    "Actual Loops": 2,
                    "Hash Buckets": 524288,
                    "Original Hash Buckets": 524288,
                    "Hash Batches": 1,
                    "Original Hash Batches": 1,
                    "Peak Memory Usage": 19776,
                    "Plans": [
                      {
                        "Node Type": "Bitmap Heap Scan",
                        "Parent Relationship": "Outer",
                        "Parallel Aware": true,
                        "Relation Name": "movie_companies",
                        "Alias": "mc",
                        "Startup Cost": 8531.86,
                        "Total Cost": 30216.96,
                        "Plan Rows": 231608,
                        "Plan Width": 4,
                        "Actual Startup Time": 28.761,
                        "Actual Total Time": 67.721,
                        "Actual Rows": 199748,
                        "Actual Loops": 2,
                        "Recheck Cond": "(company_id > 82312)",
                        "Rows Removed by Index Recheck": 0,
                        "Exact Heap Blocks": 4078,
                        "Lossy Heap Blocks": 0,
                        "Plans": [
                          {
                            "Node Type": "Bitmap Index Scan",
                            "Parent Relationship": "Outer",
                            "Parallel Aware": false,
                            "Index Name": "company_id_movie_companies",
                            "Startup Cost": 0.0,
                            "Total Cost": 8433.43,
                            "Plan Rows": 393733,
                            "Plan Width": 0,
                            "Actual Startup Time": 27.789,
                            "Actual Total Time": 27.789,
                            "Actual Rows": 399495,
                            "Actual Loops": 1,
                            "Index Cond": "(company_id > 82312)"
                          }
                        ]
                      }
                    ]
                  }
                ]
              }
            ]
          }
        ]
      }
    ]
  },
  "Planning Time": 0.287,
  "Triggers": [],
  "Execution Time": 374.818
}