[
  {
    "Plan": {
      "Node Type": "Aggregate",
      "Strategy": "Plain",
      "Partial Mode": "Finalize",
      "Parallel Aware": false,
      "Startup Cost": 46809.27,
      "Total Cost": 46809.28,
      "Plan Rows": 1,
      "Plan Width": 8,
      "Actual Startup Time": 180.128,
      "Actual Total Time": 190.81,
      "Actual Rows": 1,
      "Actual Loops": 1,
      "Plans": [
        {
          "Node Type": "Gather",
          "Parent Relationship": "Outer",
          "Parallel Aware": false,
          "Startup Cost": 46808.96,
          "Total Cost": 46809.27,
          "Plan Rows": 3,
          "Plan Width": 8,
          "Actual Startup Time": 180.022,
          "Actual Total Time": 190.802,
          "Actual Rows": 4,
          "Actual Loops": 1,
          "Workers Planned": 3,
          "Workers Launched": 3,
          "Single Copy": false,
          "Plans": [
            {
              "Node Type": "Aggregate",
              "Strategy": "Plain",
              "Partial Mode": "Partial",
              "Parent Relationship": "Outer",
              "Parallel Aware": false,
              "Startup Cost": 45808.96,
              "Total Cost": 45808.97,
              "Plan Rows": 1,
              "Plan Width": 8,
              "Actual Startup Time": 173.721,
              "Actual Total Time": 173.722,
              "Actual Rows": 1,
              "Actual Loops": 4,
              "Plans": [
                {
                  "Node Type": "Seq Scan",
                  "Parent Relationship": "Outer",
                  "Parallel Aware": true,
                  "Relation Name": "movie_keyword",
                  "Alias": "mk",
                  "Startup Cost": 0.0,
                  "Total Cost": 42695.65,
                  "Plan Rows": 1245321,
                  "Plan Width": 0,
                  "Actual Startup Time": 0.049,
                  "Actual Total Time": 127.812,
                  "Actual Rows": 967746,
                  "Actual Loops": 4,
                  "Filter": "(keyword_id < 28801)",
                  "Rows Removed by Filter": 163236
                }
              ]
            }
          ]
        }
      ]
    },
    "Planning Time": 0.184,
    "Triggers": [],
    "Execution Time": 190.873
  }
]