{
    "Plan": {
        "Node Type": "Aggregate",
        "Strategy": "Plain",
        "Partial Mode": "Finalize",
        "Parallel Aware": false,
        "Startup Cost": 241482.5,
        "Total Cost": 241482.51,
        "Plan Rows": 1,
        "Plan Width": 8,
        "Actual Startup Time": 3927.527,
        "Actual Total Time": 3973.695,
        "Actual Rows": 1,
        "Actual Loops": 1,
        "Output": [
            "count(*)"
        ],
        "Plans": [
            {
                "Node Type": "Gather",
                "Parent Relationship": "Outer",
                "Parallel Aware": false,
                "Startup Cost": 241482.18,
                "Total Cost": 241482.49,
                "Plan Rows": 3,
                "Plan Width": 8,
                "Actual Startup Time": 3926.187,
                "Actual Total Time": 3973.686,
                "Actual Rows": 4,
                "Actual Loops": 1,
                "Output": [
                    "(PARTIAL count(*))"
                ],
                "Workers Planned": 3,
                "Workers Launched": 3,
                "Single Copy": false,
                "Plans": [
                    {
                        "Node Type": "Aggregate",
                        "Strategy": "Plain",
                        "Partial Mode": "Partial",
                        "Parent Relationship": "Outer",
                        "Parallel Aware": false,
                        "Startup Cost": 240482.18,
                        "Total Cost": 240482.19,
                        "Plan Rows": 1,
                        "Plan Width": 8,
                        "Actual Startup Time": 3916.48,
                        "Actual Total Time": 3916.483,
                        "Actual Rows": 1,
                        "Actual Loops": 4,
                        "Output": [
                            "PARTIAL count(*)"
                        ],
                        "Workers": [
                            {
                                "Worker Number": 0,
                                "Actual Startup Time": 3913.077,
                                "Actual Total Time": 3913.079,
                                "Actual Rows": 1,
                                "Actual Loops": 1
                            },
                            {
                                "Worker Number": 1,
                                "Actual Startup Time": 3913.729,
                                "Actual Total Time": 3913.732,
                                "Actual Rows": 1,
                                "Actual Loops": 1
                            },
                            {
                                "Worker Number": 2,
                                "Actual Startup Time": 3913.652,
                                "Actual Total Time": 3913.656,
                                "Actual Rows": 1,
                                "Actual Loops": 1
                            }
                        ],
                        "Plans": [
                            {
                                "Node Type": "Nested Loop",
                                "Parent Relationship": "Outer",
                                "Parallel Aware": false,
                                "Join Type": "Inner",
                                "Startup Cost": 45933.14,
                                "Total Cost": 239260.1,
                                "Plan Rows": 488831,
                                "Plan Width": 0,
                                "Actual Startup Time": 119.461,
                                "Actual Total Time": 3578.593,
                                "Actual Rows": 8697272,
                                "Actual Loops": 4,
                                "Inner Unique": false,
                                "Join Filter": "(t.id = mi.movie_id)",
                                "Rows Removed by Join Filter": 0,
                                "Workers": [
                                    {
                                        "Worker Number": 0,
                                        "Actual Startup Time": 116.239,
                                        "Actual Total Time": 3578.633,
                                        "Actual Rows": 8769526,
                                        "Actual Loops": 1
                                    },
                                    {
                                        "Worker Number": 1,
                                        "Actual Startup Time": 116.696,
                                        "Actual Total Time": 3582.407,
                                        "Actual Rows": 8482162,
                                        "Actual Loops": 1
                                    },
                                    {
                                        "Worker Number": 2,
                                        "Actual Startup Time": 116.724,
                                        "Actual Total Time": 3578.131,
                                        "Actual Rows": 8626596,
                                        "Actual Loops": 1
                                    }
                                ],
                                "Plans": [
                                    {
                                        "Node Type": "Hash Join",
                                        "Parent Relationship": "Outer",
                                        "Parallel Aware": true,
                                        "Join Type": "Inner",
                                        "Startup Cost": 45932.71,
                                        "Total Cost": 88810.79,
                                        "Plan Rows": 83762,
                                        "Plan Width": 8,
                                        "Actual Startup Time": 119.369,
                                        "Actual Total Time": 362.287,
                                        "Actual Rows": 218114,
                                        "Actual Loops": 4,
                                        "Output": [
                                            "t.id",
                                            "mk.movie_id"
                                        ],
                                        "Inner Unique": true,
                                        "Hash Cond": "(mk.movie_id = t.id)",
                                        "Workers": [
                                            {
                                                "Worker Number": 0,
                                                "Actual Startup Time": 116.126,
                                                "Actual Total Time": 350.391,
                                                "Actual Rows": 219977,
                                                "Actual Loops": 1
                                            },
                                            {
                                                "Worker Number": 1,
                                                "Actual Startup Time": 116.57,
                                                "Actual Total Time": 375.99,
                                                "Actual Rows": 214493,
                                                "Actual Loops": 1
                                            },
                                            {
                                                "Worker Number": 2,
                                                "Actual Startup Time": 116.622,
                                                "Actual Total Time": 361.403,
                                                "Actual Rows": 209153,
                                                "Actual Loops": 1
                                            }
                                        ],
                                        "Plans": [
                                            {
                                                "Node Type": "Seq Scan",
                                                "Parent Relationship": "Outer",
                                                "Parallel Aware": true,
                                                "Relation Name": "movie_keyword",
                                                "Schema": "public",
                                                "Alias": "mk",
                                                "Startup Cost": 0.0,
                                                "Total Cost": 39047.32,
                                                "Plan Rows": 1459332,
                                                "Plan Width": 4,
                                                "Actual Startup Time": 0.01,
                                                "Actual Total Time": 102.319,
                                                "Actual Rows": 1130982,
                                                "Actual Loops": 4,
                                                "Output": [
                                                    "mk.id",
                                                    "mk.movie_id",
                                                    "mk.keyword_id"
                                                ],
                                                "Workers": [
                                                    {
                                                        "Worker Number": 0,
                                                        "Actual Startup Time": 0.016,
                                                        "Actual Total Time": 102.684,
                                                        "Actual Rows": 1079600,
                                                        "Actual Loops": 1
                                                    },
                                                    {
                                                        "Worker Number": 1,
                                                        "Actual Startup Time": 0.012,
                                                        "Actual Total Time": 113.402,
                                                        "Actual Rows": 1121840,
                                                        "Actual Loops": 1
                                                    },
                                                    {
                                                        "Worker Number": 2,
                                                        "Actual Startup Time": 0.008,
                                                        "Actual Total Time": 105.372,
                                                        "Actual Rows": 1064120,
                                                        "Actual Loops": 1
                                                    }
                                                ]
                                            },
                                            {
                                                "Node Type": "Hash",
                                                "Parent Relationship": "Inner",
                                                "Parallel Aware": true,
                                                "Startup Cost": 45479.21,
                                                "Total Cost": 45479.21,
                                                "Plan Rows": 36280,
                                                "Plan Width": 4,
                                                "Actual Startup Time": 116.899,
                                                "Actual Total Time": 116.9,
                                                "Actual Rows": 61411,
                                                "Actual Loops": 4,
                                                "Output": [
                                                    "t.id"
                                                ],
                                                "Hash Buckets": 262144,
                                                "Original Hash Buckets": 262144,
                                                "Hash Batches": 1,
                                                "Original Hash Batches": 1,
                                                "Peak Memory Usage": 11712,
                                                "Workers": [
                                                    {
                                                        "Worker Number": 0,
                                                        "Actual Startup Time": 115.46,
                                                        "Actual Total Time": 115.461,
                                                        "Actual Rows": 59781,
                                                        "Actual Loops": 1
                                                    },
                                                    {
                                                        "Worker Number": 1,
                                                        "Actual Startup Time": 116.056,
                                                        "Actual Total Time": 116.057,
                                                        "Actual Rows": 56155,
                                                        "Actual Loops": 1
                                                    },
                                                    {
                                                        "Worker Number": 2,
                                                        "Actual Startup Time": 116.055,
                                                        "Actual Total Time": 116.056,
                                                        "Actual Rows": 56383,
                                                        "Actual Loops": 1
                                                    }
                                                ],
                                                "Plans": [
                                                    {
                                                        "Node Type": "Seq Scan",
                                                        "Parent Relationship": "Outer",
                                                        "Parallel Aware": true,
                                                        "Relation Name": "title",
                                                        "Schema": "public",
                                                        "Alias": "t",
                                                        "Startup Cost": 0.0,
                                                        "Total Cost": 45479.21,
                                                        "Plan Rows": 36280,
                                                        "Plan Width": 4,
                                                        "Actual Startup Time": 0.171,
                                                        "Actual Total Time": 96.771,
                                                        "Actual Rows": 61411,
                                                        "Actual Loops": 4,
                                                        "Output": [
                                                            "t.id"
                                                        ],
                                                        "Filter": "((t.kind_id < 7) AND (t.production_year < 1970))",
                                                        "Rows Removed by Filter": 570667,
                                                        "Workers": [
                                                            {
                                                                "Worker Number": 0,
                                                                "Actual Startup Time": 0.225,
                                                                "Actual Total Time": 95.864,
                                                                "Actual Rows": 59781,
                                                                "Actual Loops": 1
                                                            },
                                                            {
                                                                "Worker Number": 1,
                                                                "Actual Startup Time": 0.079,
                                                                "Actual Total Time": 96.449,
                                                                "Actual Rows": 56155,
                                                                "Actual Loops": 1
                                                            },
                                                            {
                                                                "Worker Number": 2,
                                                                "Actual Startup Time": 0.248,
                                                                "Actual Total Time": 96.336,
                                                                "Actual Rows": 56383,
                                                                "Actual Loops": 1
                                                            }
                                                        ]
                                                    }
                                                ]
                                            }
                                        ]
                                    },
                                    {
                                        "Node Type": "Index Only Scan",
                                        "Parent Relationship": "Inner",
                                        "Parallel Aware": false,
                                        "Scan Direction": "Forward",
                                        "Index Name": "movie_id_movie_info",
                                        "Relation Name": "movie_info",
                                        "Schema": "public",
                                        "Alias": "mi",
                                        "Startup Cost": 0.43,
                                        "Total Cost": 1.31,
                                        "Plan Rows": 39,
                                        "Plan Width": 4,
                                        "Actual Startup Time": 0.003,
                                        "Actual Total Time": 0.011,
                                        "Actual Rows": 40,
                                        "Actual Loops": 872458,
                                        "Output": [
                                            "mi.movie_id"
                                        ],
                                        "Index Cond": "(mi.movie_id = mk.movie_id)",
                                        "Rows Removed by Index Recheck": 0,
                                        "Heap Fetches": 34789089,
                                        "Workers": [
                                            {
                                                "Worker Number": 0,
                                                "Actual Startup Time": 0.003,
                                                "Actual Total Time": 0.011,
                                                "Actual Rows": 40,
                                                "Actual Loops": 219977
                                            },
                                            {
                                                "Worker Number": 1,
                                                "Actual Startup Time": 0.003,
                                                "Actual Total Time": 0.012,
                                                "Actual Rows": 40,
                                                "Actual Loops": 214493
                                            },
                                            {
                                                "Worker Number": 2,
                                                "Actual Startup Time": 0.003,
                                                "Actual Total Time": 0.012,
                                                "Actual Rows": 41,
                                                "Actual Loops": 209153
                                            }
                                        ]
                                    }
                                ]
                            }
                        ]
                    }
                ]
            }
        ]
    },
    "Planning Time": 1.555,
    "Triggers": [],
    "Execution Time": 3973.797
}