[
  {
    "Plan": {
      "Node Type": "Aggregate",
      "Strategy": "Plain",
      "Partial Mode": "Finalize",
      "Parallel Aware": false,
      "Startup Cost": 46767.83,
      "Total Cost": 46767.84,
      "Plan Rows": 1,
      "Plan Width": 8,
      "Actual Startup Time": 182.377,
      "Actual Total Time": 191.714,
      "Actual Rows": 1,
      "Actual Loops": 1,
      "Plans": [
        {
          "Node Type": "Gather",
          "Parent Relationship": "Outer",
          "Parallel Aware": false,
          "Startup Cost": 46767.51,
          "Total Cost": 46767.82,
          "Plan Rows": 3,
          "Plan Width": 8,
          "Actual Startup Time": 182.238,
          "Actual Total Time": 191.707,
          "Actual Rows": 4,
          "Actual Loops": 1,
          "Workers Planned": 3,
          "Workers Launched": 3,
          "Single Copy": false,
          "Plans": [
            {
              "Node Type": "Aggregate",
              "Strategy": "Plain",
              "Partial Mode": "Partial",
              "Parent Relationship": "Outer",
              "Parallel Aware": false,
              "Startup Cost": 45767.51,
              "Total Cost": 45767.52,
              "Plan Rows": 1,
              "Plan Width": 8,
              "Actual Startup Time": 173.935,
              "Actual Total Time": 173.936,
              "Actual Rows": 1,
              "Actual Loops": 4,
              "Plans": [
                {
                  "Node Type": "Seq Scan",
                  "Parent Relationship": "Outer",
                  "Parallel Aware": true,
                  "Relation Name": "movie_keyword",
                  "Alias": "mk",
                  "Startup Cost": 0.0,
                  "Total Cost": 42695.65,
                  "Plan Rows": 1228742,
                  "Plan Width": 0,
                  "Actual Startup Time": 0.058,
                  "Actual Total Time": 129.595,
                  "Actual Rows": 954467,
                  "Actual Loops": 4,
                  "Filter": "(keyword_id < 26724)",
                  "Rows Removed by Filter": 176516
                }
              ]
            }
          ]
        }
      ]
    },
    "Planning Time": 0.163,
    "Triggers": [],
    "Execution Time": 191.763
  }
]