[
  {
    "Plan": {
      "Node Type": "Aggregate",
      "Strategy": "Plain",
      "Partial Mode": "Finalize",
      "Parallel Aware": false,
      "Startup Cost": 83708.81,
      "Total Cost": 83708.82,
      "Plan Rows": 1,
      "Plan Width": 8,
      "Actual Startup Time": 512.594,
      "Actual Total Time": 529.836,
      "Actual Rows": 1,
      "Actual Loops": 1,
      "Plans": [
        {
          "Node Type": "Gather",
          "Parent Relationship": "Outer",
          "Parallel Aware": false,
          "Startup Cost": 83708.49,
          "Total Cost": 83708.8,
          "Plan Rows": 3,
          "Plan Width": 8,
          "Actual Startup Time": 500.56,
          "Actual Total Time": 529.825,
          "Actual Rows": 4,
          "Actual Loops": 1,
          "Workers Planned": 3,
          "Workers Launched": 3,
          "Single Copy": false,
          "Plans": [
            {
              "Node Type": "Aggregate",
              "Strategy": "Plain",
              "Partial Mode": "Partial",
              "Parent Relationship": "Outer",
              "Parallel Aware": false,
              "Startup Cost": 82708.49,
              "Total Cost": 82708.5,
              "Plan Rows": 1,
              "Plan Width": 8,
              "Actual Startup Time": 489.261,
              "Actual Total Time": 489.265,
              "Actual Rows": 1,
              "Actual Loops": 4,
              "Plans": [
                {
                  "Node Type": "Hash Join",
                  "Parent Relationship": "Outer",
                  "Parallel Aware": true,
                  "Join Type": "Inner",
                  "Startup Cost": 50238.71,
                  "Total Cost": 82323.93,
                  "Plan Rows": 153826,
                  "Plan Width": 0,
                  "Actual Startup Time": 346.921,
                  "Actual Total Time": 484.229,
                  "Actual Rows": 88410,
                  "Actual Loops": 4,
                  "Inner Unique": true,
                  "Hash Cond": "(mc.movie_id = t.id)",
                  "Plans": [
                    {
                      "Node Type": "Seq Scan",
                      "Parent Relationship": "Outer",
                      "Parallel Aware": true,
                      "Relation Name": "movie_companies",
                      "Alias": "mc",
                      "Startup Cost": 0.0,
                      "Total Cost": 31414.82,
                      "Plan Rows": 255389,
                      "Plan Width": 4,
                      "Actual Startup Time": 38.6,
                      "Actual Total Time": 85.451,
                      "Actual Rows": 250588,
                      "Actual Loops": 4,
                      "Filter": "((company_id > 6480) AND (company_type_id = 2))",
                      "Rows Removed by Filter": 401694
                    },
                    {
                      "Node Type": "Hash",
                      "Parent Relationship": "Inner",
                      "Parallel Aware": true,
                      "Startup Cost": 45479.59,
                      "Total Cost": 45479.59,
                      "Plan Rows": 380730,
                      "Plan Width": 4,
                      "Actual Startup Time": 300.515,
                      "Actual Total Time": 300.516,
                      "Actual Rows": 407578,
                      "Actual Loops": 4,
                      "Hash Buckets": 2097152,
                      "Original Hash Buckets": 2097152,
                      "Hash Batches": 1,
                      "Original Hash Batches": 1,
                      "Peak Memory Usage": 80224,
                      "Plans": [
                        {
                          "Node Type": "Seq Scan",
                          "Parent Relationship": "Outer",
                          "Parallel Aware": true,
                          "Relation Name": "title",
                          "Alias": "t",
                          "Startup Cost": 0.0,
                          "Total Cost": 45479.59,
                          "Plan Rows": 380730,
                          "Plan Width": 4,
                          "Actual Startup Time": 0.038,
                          "Actual Total Time": 135.743,
                          "Actual Rows": 407578,
                          "Actual Loops": 4,
                          "Filter": "((kind_id > 1) AND (production_year > 1972))",
                          "Rows Removed by Filter": 224500
                        }
                      ]
                    }
                  ]
                }
              ]
            }
          ]
        }
      ]
    },
    "Planning Time": 0.597,
    "Triggers": [],
    "Execution Time": 529.903
  }
]