[
  {
    "Plan": {
      "Node Type": "Aggregate",
      "Strategy": "Plain",
      "Partial Mode": "Finalize",
      "Parallel Aware": false,
      "Startup Cost": 161791.26,
      "Total Cost": 161791.27,
      "Plan Rows": 1,
      "Plan Width": 8,
      "Actual Startup Time": 133.716,
      "Actual Total Time": 153.778,
      "Actual Rows": 1,
      "Actual Loops": 1,
      "Plans": [
        {
          "Node Type": "Gather",
          "Parent Relationship": "Outer",
          "Parallel Aware": false,
          "Startup Cost": 161790.84,
          "Total Cost": 161791.25,
          "Plan Rows": 4,
          "Plan Width": 8,
          "Actual Startup Time": 133.468,
          "Actual Total Time": 153.77,
          "Actual Rows": 5,
          "Actual Loops": 1,
          "Workers Planned": 4,
          "Workers Launched": 4,
          "Single Copy": false,
          "Plans": [
            {
              "Node Type": "Aggregate",
              "Strategy": "Plain",
              "Partial Mode": "Partial",
              "Parent Relationship": "Outer",
              "Parallel Aware": false,
              "Startup Cost": 160790.84,
              "Total Cost": 160790.85,
              "Plan Rows": 1,
              "Plan Width": 8,
              "Actual Startup Time": 123.507,
              "Actual Total Time": 123.509,
              "Actual Rows": 1,
              "Actual Loops": 5,
              "Plans": [
                {
                  "Node Type": "Nested Loop",
                  "Parent Relationship": "Outer",
                  "Parallel Aware": false,
                  "Join Type": "Inner",
                  "Startup Cost": 0.43,
                  "Total Cost": 160775.74,
                  "Plan Rows": 6037,
                  "Plan Width": 0,
                  "Actual Startup Time": 66.4,
                  "Actual Total Time": 122.721,
                  "Actual Rows": 7876,
                  "Actual Loops": 5,
                  "Inner Unique": false,
                  "Plans": [
                    {
                      "Node Type": "Seq Scan",
                      "Parent Relationship": "Outer",
                      "Parallel Aware": true,
                      "Relation Name": "title",
                      "Alias": "t",
                      "Startup Cost": 0.0,
                      "Total Cost": 43898.92,
                      "Plan Rows": 1032,
                      "Plan Width": 4,
                      "Actual Startup Time": 66.284,
                      "Actual Total Time": 92.23,
                      "Actual Rows": 756,
                      "Actual Loops": 5,
                      "Filter": "(production_year = 1918)",
                      "Rows Removed by Filter": 504906
                    },
                    {
                      "Node Type": "Index Only Scan",
                      "Parent Relationship": "Inner",
                      "Parallel Aware": false,
                      "Scan Direction": "Forward",
                      "Index Name": "movie_id_movie_info",
                      "Relation Name": "movie_info",
                      "Alias": "mi",
                      "Startup Cost": 0.43,
                      "Total Cost": 112.83,
                      "Plan Rows": 42,
                      "Plan Width": 4,
                      "Actual Startup Time": 0.015,
                      "Actual Total Time": 0.038,
                      "Actual Rows": 10,
                      "Actual Loops": 3781,
                      "Index Cond": "(movie_id = t.id)",
                      "Rows Removed by Index Recheck": 0,
                      "Heap Fetches": 39378
                    }
                  ]
                }
              ]
            }
          ]
        }
      ]
    },
    "Planning Time": 0.539,
    "Triggers": [],
    "Execution Time": 153.845
  }
]