[
  {
    "Plan": {
      "Node Type": "Aggregate",
      "Strategy": "Plain",
      "Partial Mode": "Finalize",
      "Parallel Aware": false,
      "Startup Cost": 385107.08,
      "Total Cost": 385107.09,
      "Plan Rows": 1,
      "Plan Width": 8,
      "Actual Startup Time": 1144.125,
      "Actual Total Time": 1194.986,
      "Actual Rows": 1,
      "Actual Loops": 1,
      "Plans": [
        {
          "Node Type": "Gather",
          "Parent Relationship": "Outer",
          "Parallel Aware": false,
          "Startup Cost": 385106.46,
          "Total Cost": 385107.07,
          "Plan Rows": 6,
          "Plan Width": 8,
          "Actual Startup Time": 1142.437,
          "Actual Total Time": 1194.973,
          "Actual Rows": 7,
          "Actual Loops": 1,
          "Workers Planned": 6,
          "Workers Launched": 6,
          "Single Copy": false,
          "Plans": [
            {
              "Node Type": "Aggregate",
              "Strategy": "Plain",
              "Partial Mode": "Partial",
              "Parent Relationship": "Outer",
              "Parallel Aware": false,
              "Startup Cost": 384106.46,
              "Total Cost": 384106.47,
              "Plan Rows": 1,
              "Plan Width": 8,
              "Actual Startup Time": 1135.856,
              "Actual Total Time": 1135.859,
              "Actual Rows": 1,
              "Actual Loops": 7,
              "Plans": [
                {
                  "Node Type": "Hash Join",
                  "Parent Relationship": "Outer",
                  "Parallel Aware": true,
                  "Join Type": "Inner",
                  "Startup Cost": 45942.45,
                  "Total Cost": 383580.53,
                  "Plan Rows": 210369,
                  "Plan Width": 0,
                  "Actual Startup Time": 224.621,
                  "Actual Total Time": 1125.677,
                  "Actual Rows": 208528,
                  "Actual Loops": 7,
                  "Inner Unique": true,
                  "Hash Cond": "(ci.movie_id = t.id)",
                  "Plans": [
                    {
                      "Node Type": "Seq Scan",
                      "Parent Relationship": "Outer",
                      "Parallel Aware": true,
                      "Relation Name": "cast_info",
                      "Alias": "ci",
                      "Startup Cost": 0.0,
                      "Total Cost": 328211.39,
                      "Plan Rows": 3591117,
                      "Plan Width": 4,
                      "Actual Startup Time": 143.991,
                      "Actual Total Time": 561.925,
                      "Actual Rows": 3058887,
                      "Actual Loops": 7,
                      "Filter": "(person_id > 1463411)",
                      "Rows Removed by Filter": 2118876
                    },
                    {
                      "Node Type": "Hash",
                      "Parent Relationship": "Inner",
                      "Parallel Aware": true,
                      "Startup Cost": 45479.59,
                      "Total Cost": 45479.59,
                      "Plan Rows": 37029,
                      "Plan Width": 4,
                      "Actual Startup Time": 79.231,
                      "Actual Total Time": 79.233,
                      "Actual Rows": 36864,
                      "Actual Loops": 7,
                      "Hash Buckets": 262144,
                      "Original Hash Buckets": 262144,
                      "Hash Batches": 1,
                      "Original Hash Batches": 1,
                      "Peak Memory Usage": 12256,
                      "Plans": [
                        {
                          "Node Type": "Seq Scan",
                          "Parent Relationship": "Outer",
                          "Parallel Aware": true,
                          "Relation Name": "title",
                          "Alias": "t",
                          "Startup Cost": 0.0,
                          "Total Cost": 45479.59,
                          "Plan Rows": 37029,
                          "Plan Width": 4,
                          "Actual Startup Time": 0.096,
                          "Actual Total Time": 65.072,
                          "Actual Rows": 36864,
                          "Actual Loops": 7,
                          "Filter": "((kind_id < 7) AND (production_year < 1972))",
                          "Rows Removed by Filter": 324323
                        }
                      ]
                    }
                  ]
                }
              ]
            }
          ]
        }
      ]
    },
    "Planning Time": 0.296,
    "Triggers": [],
    "Execution Time": 1195.042
  }
]