[
  {
    "Plan": {
      "Node Type": "Aggregate",
      "Strategy": "Plain",
      "Partial Mode": "Finalize",
      "Parallel Aware": false,
      "Startup Cost": 45597.57,
      "Total Cost": 45597.58,
      "Plan Rows": 1,
      "Plan Width": 8,
      "Actual Startup Time": 153.075,
      "Actual Total Time": 162.613,
      "Actual Rows": 1,
      "Actual Loops": 1,
      "Plans": [
        {
          "Node Type": "Gather",
          "Parent Relationship": "Outer",
          "Parallel Aware": false,
          "Startup Cost": 45597.25,
          "Total Cost": 45597.56,
          "Plan Rows": 3,
          "Plan Width": 8,
          "Actual Startup Time": 152.973,
          "Actual Total Time": 162.606,
          "Actual Rows": 4,
          "Actual Loops": 1,
          "Workers Planned": 3,
          "Workers Launched": 3,
          "Single Copy": false,
          "Plans": [
            {
              "Node Type": "Aggregate",
              "Strategy": "Plain",
              "Partial Mode": "Partial",
              "Parent Relationship": "Outer",
              "Parallel Aware": false,
              "Startup Cost": 44597.25,
              "Total Cost": 44597.26,
              "Plan Rows": 1,
              "Plan Width": 8,
              "Actual Startup Time": 147.24,
              "Actual Total Time": 147.241,
              "Actual Rows": 1,
              "Actual Loops": 4,
              "Plans": [
                {
                  "Node Type": "Seq Scan",
                  "Parent Relationship": "Outer",
                  "Parallel Aware": true,
                  "Relation Name": "movie_keyword",
                  "Alias": "mk",
                  "Startup Cost": 0.0,
                  "Total Cost": 42695.65,
                  "Plan Rows": 760640,
                  "Plan Width": 0,
                  "Actual Startup Time": 0.055,
                  "Actual Total Time": 118.816,
                  "Actual Rows": 589436,
                  "Actual Loops": 4,
                  "Filter": "(keyword_id < 5298)",
                  "Rows Removed by Filter": 541546
                }
              ]
            }
          ]
        }
      ]
    },
    "Planning Time": 0.207,
    "Triggers": [],
    "Execution Time": 162.671
  }
]