[
  {
    "Plan": {
      "Node Type": "Aggregate",
      "Strategy": "Plain",
      "Partial Mode": "Finalize",
      "Parallel Aware": false,
      "Startup Cost": 82392.33,
      "Total Cost": 82392.34,
      "Plan Rows": 1,
      "Plan Width": 8,
      "Actual Startup Time": 441.362,
      "Actual Total Time": 456.787,
      "Actual Rows": 1,
      "Actual Loops": 1,
      "Plans": [
        {
          "Node Type": "Gather",
          "Parent Relationship": "Outer",
          "Parallel Aware": false,
          "Startup Cost": 82391.91,
          "Total Cost": 82392.32,
          "Plan Rows": 4,
          "Plan Width": 8,
          "Actual Startup Time": 433.813,
          "Actual Total Time": 456.778,
          "Actual Rows": 5,
          "Actual Loops": 1,
          "Workers Planned": 4,
          "Workers Launched": 4,
          "Single Copy": false,
          "Plans": [
            {
              "Node Type": "Aggregate",
              "Strategy": "Plain",
              "Partial Mode": "Partial",
              "Parent Relationship": "Outer",
              "Parallel Aware": false,
              "Startup Cost": 81391.91,
              "Total Cost": 81391.92,
              "Plan Rows": 1,
              "Plan Width": 8,
              "Actual Startup Time": 424.089,
              "Actual Total Time": 424.262,
              "Actual Rows": 1,
              "Actual Loops": 5,
              "Plans": [
                {
                  "Node Type": "Hash Join",
                  "Parent Relationship": "Outer",
                  "Parallel Aware": true,
                  "Join Type": "Inner",
                  "Startup Cost": 34734.37,
                  "Total Cost": 80877.38,
                  "Plan Rows": 205812,
                  "Plan Width": 0,
                  "Actual Startup Time": 187.815,
                  "Actual Total Time": 413.751,
                  "Actual Rows": 224867,
                  "Actual Loops": 5,
                  "Inner Unique": false,
                  "Hash Cond": "(t.id = mc.movie_id)",
                  "Plans": [
                    {
                      "Node Type": "Seq Scan",
                      "Parent Relationship": "Outer",
                      "Parallel Aware": true,
                      "Relation Name": "title",
                      "Alias": "t",
                      "Startup Cost": 0.0,
                      "Total Cost": 42318.73,
                      "Plan Rows": 632073,
                      "Plan Width": 4,
                      "Actual Startup Time": 0.011,
                      "Actual Total Time": 65.506,
                      "Actual Rows": 505662,
                      "Actual Loops": 5
                    },
                    {
                      "Node Type": "Hash",
                      "Parent Relationship": "Inner",
                      "Parallel Aware": true,
                      "Startup Cost": 31414.82,
                      "Total Cost": 31414.82,
                      "Plan Rows": 265564,
                      "Plan Width": 4,
                      "Actual Startup Time": 183.246,
                      "Actual Total Time": 183.247,
                      "Actual Rows": 224867,
                      "Actual Loops": 5,
                      "Hash Buckets": 2097152,
                      "Original Hash Buckets": 1048576,
                      "Hash Batches": 1,
                      "Original Hash Batches": 1,
                      "Peak Memory Usage": 68608,
                      "Plans": [
                        {
                          "Node Type": "Seq Scan",
                          "Parent Relationship": "Outer",
                          "Parallel Aware": true,
                          "Relation Name": "movie_companies",
                          "Alias": "mc",
                          "Startup Cost": 0.0,
                          "Total Cost": 31414.82,
                          "Plan Rows": 265564,
                          "Plan Width": 4,
                          "Actual Startup Time": 0.043,
                          "Actual Total Time": 74.801,
                          "Actual Rows": 224867,
                          "Actual Loops": 5,
                          "Filter": "((company_id < 18635) AND (company_type_id < 2))",
                          "Rows Removed by Filter": 296959
                        }
                      ]
                    }
                  ]
                }
              ]
            }
          ]
        }
      ]
    },
    "Planning Time": 0.632,
    "Triggers": [],
    "Execution Time": 456.856
  }
]