[
  {
    "Plan": {
      "Node Type": "Aggregate",
      "Strategy": "Plain",
      "Partial Mode": "Simple",
      "Parallel Aware": false,
      "Startup Cost": 987.6,
      "Total Cost": 987.61,
      "Plan Rows": 1,
      "Plan Width": 8,
      "Actual Startup Time": 4.669,
      "Actual Total Time": 4.669,
      "Actual Rows": 1,
      "Actual Loops": 1,
      "Plans": [
        {
          "Node Type": "Index Scan",
          "Parent Relationship": "Outer",
          "Parallel Aware": false,
          "Scan Direction": "Forward",
          "Index Name": "person_id_cast_info",
          "Relation Name": "cast_info",
          "Alias": "ci",
          "Startup Cost": 0.56,
          "Total Cost": 987.07,
          "Plan Rows": 214,
          "Plan Width": 0,
          "Actual Startup Time": 4.647,
          "Actual Total Time": 4.663,
          "Actual Rows": 65,
          "Actual Loops": 1,
          "Index Cond": "(person_id = 2927456)",
          "Rows Removed by Index Recheck": 0,
          "Filter": "(role_id > 2)",
          "Rows Removed by Filter": 0
        }
      ]
    },
    "Planning Time": 0.105,
    "Triggers": [],
    "Execution Time": 4.687
  }
]