[
  {
    "Plan": {
      "Node Type": "Aggregate",
      "Strategy": "Plain",
      "Partial Mode": "Finalize",
      "Parallel Aware": false,
      "Startup Cost": 82381.2,
      "Total Cost": 82381.21,
      "Plan Rows": 1,
      "Plan Width": 8,
      "Actual Startup Time": 361.95,
      "Actual Total Time": 377.455,
      "Actual Rows": 1,
      "Actual Loops": 1,
      "Plans": [
        {
          "Node Type": "Gather",
          "Parent Relationship": "Outer",
          "Parallel Aware": false,
          "Startup Cost": 82380.89,
          "Total Cost": 82381.2,
          "Plan Rows": 3,
          "Plan Width": 8,
          "Actual Startup Time": 354.256,
          "Actual Total Time": 377.444,
          "Actual Rows": 4,
          "Actual Loops": 1,
          "Workers Planned": 3,
          "Workers Launched": 3,
          "Single Copy": false,
          "Plans": [
            {
              "Node Type": "Aggregate",
              "Strategy": "Plain",
              "Partial Mode": "Partial",
              "Parent Relationship": "Outer",
              "Parallel Aware": false,
              "Startup Cost": 81380.89,
              "Total Cost": 81380.9,
              "Plan Rows": 1,
              "Plan Width": 8,
              "Actual Startup Time": 341.847,
              "Actual Total Time": 341.852,
              "Actual Rows": 1,
              "Actual Loops": 4,
              "Plans": [
                {
                  "Node Type": "Hash Join",
                  "Parent Relationship": "Outer",
                  "Parallel Aware": true,
                  "Join Type": "Inner",
                  "Startup Cost": 55449.06,
                  "Total Cost": 81265.58,
                  "Plan Rows": 46123,
                  "Plan Width": 0,
                  "Actual Startup Time": 269.685,
                  "Actual Total Time": 340.901,
                  "Actual Rows": 14064,
                  "Actual Loops": 4,
                  "Inner Unique": true,
                  "Hash Cond": "(mk.movie_id = t.id)",
                  "Plans": [
                    {
                      "Node Type": "Bitmap Heap Scan",
                      "Parent Relationship": "Outer",
                      "Parallel Aware": true,
                      "Relation Name": "movie_keyword",
                      "Alias": "mk",
                      "Startup Cost": 5924.69,
                      "Total Cost": 31504.73,
                      "Plan Rows": 90084,
                      "Plan Width": 4,
                      "Actual Startup Time": 22.013,
                      "Actual Total Time": 66.955,
                      "Actual Rows": 73470,
                      "Actual Loops": 4,
                      "Recheck Cond": "(keyword_id < 239)",
                      "Rows Removed by Index Recheck": 0,
                      "Exact Heap Blocks": 8056,
                      "Lossy Heap Blocks": 0,
                      "Plans": [
                        {
                          "Node Type": "Bitmap Index Scan",
                          "Parent Relationship": "Outer",
                          "Parallel Aware": false,
                          "Index Name": "keyword_id_movie_keyword",
                          "Startup Cost": 0.0,
                          "Total Cost": 5854.88,
                          "Plan Rows": 279259,
                          "Plan Width": 0,
                          "Actual Startup Time": 18.326,
                          "Actual Total Time": 18.327,
                          "Actual Rows": 293882,
                          "Actual Loops": 1,
                          "Index Cond": "(keyword_id < 239)"
                        }
                      ]
                    },
                    {
                      "Node Type": "Hash",
                      "Parent Relationship": "Inner",
                      "Parallel Aware": true,
                      "Startup Cost": 45479.1,
                      "Total Cost": 45479.1,
                      "Plan Rows": 323622,
                      "Plan Width": 4,
                      "Actual Startup Time": 240.091,
                      "Actual Total Time": 240.092,
                      "Actual Rows": 351506,
                      "Actual Loops": 4,
                      "Hash Buckets": 2097152,
                      "Original Hash Buckets": 2097152,
                      "Hash Batches": 1,
                      "Original Hash Batches": 1,
                      "Peak Memory Usage": 71488,
                      "Plans": [
                        {
                          "Node Type": "Seq Scan",
                          "Parent Relationship": "Outer",
                          "Parallel Aware": true,
                          "Relation Name": "title",
                          "Alias": "t",
                          "Startup Cost": 0.0,
                          "Total Cost": 45479.1,
                          "Plan Rows": 323622,
                          "Plan Width": 4,
                          "Actual Startup Time": 0.039,
                          "Actual Total Time": 107.472,
                          "Actual Rows": 351506,
                          "Actual Loops": 4,
                          "Filter": "((kind_id > 3) AND (production_year > 1979))",
                          "Rows Removed by Filter": 280572
                        }
                      ]
                    }
                  ]
                }
              ]
            }
          ]
        }
      ]
    },
    "Planning Time": 0.561,
    "Triggers": [],
    "Execution Time": 377.54
  }
]