[
  {
    "Plan": {
      "Node Type": "Aggregate",
      "Strategy": "Plain",
      "Partial Mode": "Finalize",
      "Parallel Aware": false,
      "Startup Cost": 46346.59,
      "Total Cost": 46346.6,
      "Plan Rows": 1,
      "Plan Width": 8,
      "Actual Startup Time": 159.162,
      "Actual Total Time": 168.379,
      "Actual Rows": 1,
      "Actual Loops": 1,
      "Plans": [
        {
          "Node Type": "Gather",
          "Parent Relationship": "Outer",
          "Parallel Aware": false,
          "Startup Cost": 46346.27,
          "Total Cost": 46346.58,
          "Plan Rows": 3,
          "Plan Width": 8,
          "Actual Startup Time": 158.954,
          "Actual Total Time": 168.369,
          "Actual Rows": 4,
          "Actual Loops": 1,
          "Workers Planned": 3,
          "Workers Launched": 3,
          "Single Copy": false,
          "Plans": [
            {
              "Node Type": "Aggregate",
              "Strategy": "Plain",
              "Partial Mode": "Partial",
              "Parent Relationship": "Outer",
              "Parallel Aware": false,
              "Startup Cost": 45346.27,
              "Total Cost": 45346.28,
              "Plan Rows": 1,
              "Plan Width": 8,
              "Actual Startup Time": 152.533,
              "Actual Total Time": 152.534,
              "Actual Rows": 1,
              "Actual Loops": 4,
              "Plans": [
                {
                  "Node Type": "Seq Scan",
                  "Parent Relationship": "Outer",
                  "Parallel Aware": true,
                  "Relation Name": "movie_keyword",
                  "Alias": "mk",
                  "Startup Cost": 0.0,
                  "Total Cost": 42695.65,
                  "Plan Rows": 1060246,
                  "Plan Width": 0,
                  "Actual Startup Time": 0.172,
                  "Actual Total Time": 117.174,
                  "Actual Rows": 818646,
                  "Actual Loops": 4,
                  "Filter": "(keyword_id > 1586)",
                  "Rows Removed by Filter": 312336
                }
              ]
            }
          ]
        }
      ]
    },
    "Planning Time": 0.149,
    "Triggers": [],
    "Execution Time": 168.426
  }
]