[
  {
    "Plan": {
      "Node Type": "Aggregate",
      "Strategy": "Plain",
      "Partial Mode": "Finalize",
      "Parallel Aware": false,
      "Startup Cost": 53640.11,
      "Total Cost": 53640.12,
      "Plan Rows": 1,
      "Plan Width": 8,
      "Actual Startup Time": 58.457,
      "Actual Total Time": 65.749,
      "Actual Rows": 1,
      "Actual Loops": 1,
      "Plans": [
        {
          "Node Type": "Gather",
          "Parent Relationship": "Outer",
          "Parallel Aware": false,
          "Startup Cost": 53639.89,
          "Total Cost": 53640.1,
          "Plan Rows": 2,
          "Plan Width": 8,
          "Actual Startup Time": 58.254,
          "Actual Total Time": 65.74,
          "Actual Rows": 3,
          "Actual Loops": 1,
          "Workers Planned": 2,
          "Workers Launched": 2,
          "Single Copy": false,
          "Plans": [
            {
              "Node Type": "Aggregate",
              "Strategy": "Plain",
              "Partial Mode": "Partial",
              "Parent Relationship": "Outer",
              "Parallel Aware": false,
              "Startup Cost": 52639.89,
              "Total Cost": 52639.9,
              "Plan Rows": 1,
              "Plan Width": 8,
              "Actual Startup Time": 49.905,
              "Actual Total Time": 49.907,
              "Actual Rows": 1,
              "Actual Loops": 3,
              "Plans": [
                {
                  "Node Type": "Nested Loop",
                  "Parent Relationship": "Outer",
                  "Parallel Aware": false,
                  "Join Type": "Inner",
                  "Startup Cost": 236.33,
                  "Total Cost": 52614.64,
                  "Plan Rows": 10103,
                  "Plan Width": 0,
                  "Actual Startup Time": 5.368,
                  "Actual Total Time": 49.873,
                  "Actual Rows": 128,
                  "Actual Loops": 3,
                  "Inner Unique": false,
                  "Plans": [
                    {
                      "Node Type": "Nested Loop",
                      "Parent Relationship": "Outer",
                      "Parallel Aware": false,
                      "Join Type": "Inner",
                      "Startup Cost": 235.76,
                      "Total Cost": 45682.59,
                      "Plan Rows": 2955,
                      "Plan Width": 8,
                      "Actual Startup Time": 2.55,
                      "Actual Total Time": 39.958,
                      "Actual Rows": 64,
                      "Actual Loops": 3,
                      "Inner Unique": true,
                      "Plans": [
                        {
                          "Node Type": "Bitmap Heap Scan",
                          "Parent Relationship": "Outer",
                          "Parallel Aware": true,
                          "Relation Name": "movie_companies",
                          "Alias": "mc",
                          "Startup Cost": 235.33,
                          "Total Cost": 16969.1,
                          "Plan Rows": 4457,
                          "Plan Width": 4,
                          "Actual Startup Time": 2.18,
                          "Actual Total Time": 12.656,
                          "Actual Rows": 3388,
                          "Actual Loops": 3,
                          "Recheck Cond": "(company_id = 846)",
                          "Rows Removed by Index Recheck": 0,
                          "Exact Heap Blocks": 3985,
                          "Lossy Heap Blocks": 0,
                          "Plans": [
                            {
                              "Node Type": "Bitmap Index Scan",
                              "Parent Relationship": "Outer",
                              "Parallel Aware": false,
                              "Index Name": "company_id_movie_companies",
                              "Startup Cost": 0.0,
                              "Total Cost": 232.66,
                              "Plan Rows": 10697,
                              "Plan Width": 0,
                              "Actual Startup Time": 4.384,
                              "Actual Total Time": 4.385,
                              "Actual Rows": 10163,
                              "Actual Loops": 1,
                              "Index Cond": "(company_id = 846)"
                            }
                          ]
                        },
                        {
                          "Node Type": "Index Scan",
                          "Parent Relationship": "Inner",
                          "Parallel Aware": false,
                          "Scan Direction": "Forward",
                          "Index Name": "title_pkey",
                          "Relation Name": "title",
                          "Alias": "t",
                          "Startup Cost": 0.43,
                          "Total Cost": 6.44,
                          "Plan Rows": 1,
                          "Plan Width": 4,
                          "Actual Startup Time": 0.008,
                          "Actual Total Time": 0.008,
                          "Actual Rows": 0,
                          "Actual Loops": 10163,
                          "Index Cond": "(id = mc.movie_id)",
                          "Rows Removed by Index Recheck": 0,
                          "Filter": "(kind_id > 3)",
                          "Rows Removed by Filter": 1
                        }
                      ]
                    },
                    {
                      "Node Type": "Index Scan",
                      "Parent Relationship": "Inner",
                      "Parallel Aware": false,
                      "Scan Direction": "Forward",
                      "Index Name": "movie_id_cast_info",
                      "Relation Name": "cast_info",
                      "Alias": "ci",
                      "Startup Cost": 0.56,
                      "Total Cost": 2.27,
                      "Plan Rows": 8,
                      "Plan Width": 4,
                      "Actual Startup Time": 0.092,
                      "Actual Total Time": 0.153,
                      "Actual Rows": 2,
                      "Actual Loops": 193,
                      "Index Cond": "(movie_id = t.id)",
                      "Rows Removed by Index Recheck": 0,
                      "Filter": "((person_id > 2122746) AND (role_id < 3))",
                      "Rows Removed by Filter": 23
                    }
                  ]
                }
              ]
            }
          ]
        }
      ]
    },
    "Planning Time": 0.957,
    "Triggers": [],
    "Execution Time": 65.823
  }
]