[
  {
    "Plan": {
      "Node Type": "Aggregate",
      "Strategy": "Plain",
      "Partial Mode": "Finalize",
      "Parallel Aware": false,
      "Startup Cost": 46207.38,
      "Total Cost": 46207.39,
      "Plan Rows": 1,
      "Plan Width": 8,
      "Actual Startup Time": 162.987,
      "Actual Total Time": 171.559,
      "Actual Rows": 1,
      "Actual Loops": 1,
      "Plans": [
        {
          "Node Type": "Gather",
          "Parent Relationship": "Outer",
          "Parallel Aware": false,
          "Startup Cost": 46207.07,
          "Total Cost": 46207.38,
          "Plan Rows": 3,
          "Plan Width": 8,
          "Actual Startup Time": 162.694,
          "Actual Total Time": 171.551,
          "Actual Rows": 4,
          "Actual Loops": 1,
          "Workers Planned": 3,
          "Workers Launched": 3,
          "Single Copy": false,
          "Plans": [
            {
              "Node Type": "Aggregate",
              "Strategy": "Plain",
              "Partial Mode": "Partial",
              "Parent Relationship": "Outer",
              "Parallel Aware": false,
              "Startup Cost": 45207.07,
              "Total Cost": 45207.08,
              "Plan Rows": 1,
              "Plan Width": 8,
              "Actual Startup Time": 156.473,
              "Actual Total Time": 156.474,
              "Actual Rows": 1,
              "Actual Loops": 4,
              "Plans": [
                {
                  "Node Type": "Seq Scan",
                  "Parent Relationship": "Outer",
                  "Parallel Aware": true,
                  "Relation Name": "movie_keyword",
                  "Alias": "mk",
                  "Startup Cost": 0.0,
                  "Total Cost": 42695.65,
                  "Plan Rows": 1004565,
                  "Plan Width": 0,
                  "Actual Startup Time": 0.045,
                  "Actual Total Time": 121.515,
                  "Actual Rows": 777531,
                  "Actual Loops": 4,
                  "Filter": "(keyword_id < 11824)",
                  "Rows Removed by Filter": 353452
                }
              ]
            }
          ]
        }
      ]
    },
    "Planning Time": 0.148,
    "Triggers": [],
    "Execution Time": 171.605
  }
]