[
  {
    "Plan": {
      "Node Type": "Aggregate",
      "Strategy": "Plain",
      "Partial Mode": "Finalize",
      "Parallel Aware": false,
      "Startup Cost": 45417.48,
      "Total Cost": 45417.49,
      "Plan Rows": 1,
      "Plan Width": 8,
      "Actual Startup Time": 157.117,
      "Actual Total Time": 166.96,
      "Actual Rows": 1,
      "Actual Loops": 1,
      "Plans": [
        {
          "Node Type": "Gather",
          "Parent Relationship": "Outer",
          "Parallel Aware": false,
          "Startup Cost": 45417.16,
          "Total Cost": 45417.47,
          "Plan Rows": 3,
          "Plan Width": 8,
          "Actual Startup Time": 156.986,
          "Actual Total Time": 166.948,
          "Actual Rows": 4,
          "Actual Loops": 1,
          "Workers Planned": 3,
          "Workers Launched": 3,
          "Single Copy": false,
          "Plans": [
            {
              "Node Type": "Aggregate",
              "Strategy": "Plain",
              "Partial Mode": "Partial",
              "Parent Relationship": "Outer",
              "Parallel Aware": false,
              "Startup Cost": 44417.16,
              "Total Cost": 44417.17,
              "Plan Rows": 1,
              "Plan Width": 8,
              "Actual Startup Time": 151.864,
              "Actual Total Time": 151.866,
              "Actual Rows": 1,
              "Actual Loops": 4,
              "Plans": [
                {
                  "Node Type": "Seq Scan",
                  "Parent Relationship": "Outer",
                  "Parallel Aware": true,
                  "Relation Name": "movie_keyword",
                  "Alias": "mk",
                  "Startup Cost": 0.0,
                  "Total Cost": 42695.65,
                  "Plan Rows": 688602,
                  "Plan Width": 0,
                  "Actual Startup Time": 0.384,
                  "Actual Total Time": 124.164,
                  "Actual Rows": 530061,
                  "Actual Loops": 4,
                  "Filter": "(keyword_id > 5599)",
                  "Rows Removed by Filter": 600921
                }
              ]
            }
          ]
        }
      ]
    },
    "Planning Time": 0.215,
    "Triggers": [],
    "Execution Time": 167.017
  }
]