[
  {
    "Plan": {
      "Node Type": "Aggregate",
      "Strategy": "Plain",
      "Partial Mode": "Finalize",
      "Parallel Aware": false,
      "Startup Cost": 133051.09,
      "Total Cost": 133051.1,
      "Plan Rows": 1,
      "Plan Width": 8,
      "Actual Startup Time": 692.267,
      "Actual Total Time": 711.809,
      "Actual Rows": 1,
      "Actual Loops": 1,
      "Plans": [
        {
          "Node Type": "Gather",
          "Parent Relationship": "Outer",
          "Parallel Aware": false,
          "Startup Cost": 133050.78,
          "Total Cost": 133051.09,
          "Plan Rows": 3,
          "Plan Width": 8,
          "Actual Startup Time": 686.36,
          "Actual Total Time": 711.799,
          "Actual Rows": 4,
          "Actual Loops": 1,
          "Workers Planned": 3,
          "Workers Launched": 3,
          "Single Copy": false,
          "Plans": [
            {
              "Node Type": "Aggregate",
              "Strategy": "Plain",
              "Partial Mode": "Partial",
              "Parent Relationship": "Outer",
              "Parallel Aware": false,
              "Startup Cost": 132050.78,
              "Total Cost": 132050.79,
              "Plan Rows": 1,
              "Plan Width": 8,
              "Actual Startup Time": 676.866,
              "Actual Total Time": 676.872,
              "Actual Rows": 1,
              "Actual Loops": 4,
              "Plans": [
                {
                  "Node Type": "Hash Join",
                  "Parent Relationship": "Outer",
                  "Parallel Aware": true,
                  "Join Type": "Inner",
                  "Startup Cost": 81244.04,
                  "Total Cost": 130804.39,
                  "Plan Rows": 498553,
                  "Plan Width": 0,
                  "Actual Startup Time": 447.7,
                  "Actual Total Time": 668.561,
                  "Actual Rows": 181483,
                  "Actual Loops": 4,
                  "Inner Unique": false,
                  "Hash Cond": "(mk.movie_id = t.id)",
                  "Plans": [
                    {
                      "Node Type": "Seq Scan",
                      "Parent Relationship": "Outer",
                      "Parallel Aware": true,
                      "Relation Name": "movie_keyword",
                      "Alias": "mk",
                      "Startup Cost": 0.0,
                      "Total Cost": 42695.65,
                      "Plan Rows": 1401723,
                      "Plan Width": 4,
                      "Actual Startup Time": 0.06,
                      "Actual Total Time": 119.978,
                      "Actual Rows": 1088352,
                      "Actual Loops": 4,
                      "Filter": "(keyword_id < 72109)",
                      "Rows Removed by Filter": 42630
                    },
                    {
                      "Node Type": "Hash",
                      "Parent Relationship": "Inner",
                      "Parallel Aware": true,
                      "Startup Cost": 77618.06,
                      "Total Cost": 77618.06,
                      "Plan Rows": 290078,
                      "Plan Width": 8,
                      "Actual Startup Time": 442.24,
                      "Actual Total Time": 442.244,
                      "Actual Rows": 109554,
                      "Actual Loops": 4,
                      "Hash Buckets": 1048576,
                      "Original Hash Buckets": 1048576,
                      "Hash Batches": 1,
                      "Original Hash Batches": 1,
                      "Peak Memory Usage": 25408,
                      "Plans": [
                        {
                          "Node Type": "Hash Join",
                          "Parent Relationship": "Outer",
                          "Parallel Aware": true,
                          "Join Type": "Inner",
                          "Startup Cost": 48202.17,
                          "Total Cost": 77618.06,
                          "Plan Rows": 290078,
                          "Plan Width": 8,
                          "Actual Startup Time": 193.589,
                          "Actual Total Time": 401.328,
                          "Actual Rows": 109554,
                          "Actual Loops": 4,
                          "Inner Unique": true,
                          "Hash Cond": "(mc.movie_id = t.id)",
                          "Plans": [
                            {
                              "Node Type": "Seq Scan",
                              "Parent Relationship": "Outer",
                              "Parallel Aware": true,
                              "Relation Name": "movie_companies",
                              "Alias": "mc",
                              "Startup Cost": 0.0,
                              "Total Cost": 27206.55,
                              "Plan Rows": 841655,
                              "Plan Width": 4,
                              "Actual Startup Time": 0.019,
                              "Actual Total Time": 61.541,
                              "Actual Rows": 652282,
                              "Actual Loops": 4
                            },
                            {
                              "Node Type": "Hash",
                              "Parent Relationship": "Inner",
                              "Parallel Aware": true,
                              "Startup Cost": 45479.1,
                              "Total Cost": 45479.1,
                              "Plan Rows": 217846,
                              "Plan Width": 4,
                              "Actual Startup Time": 190.699,
                              "Actual Total Time": 190.701,
                              "Actual Rows": 200378,
                              "Actual Loops": 4,
                              "Hash Buckets": 1048576,
                              "Original Hash Buckets": 1048576,
                              "Hash Batches": 1,
                              "Original Hash Batches": 1,
                              "Peak Memory Usage": 39616,
                              "Plans": [
                                {
                                  "Node Type": "Seq Scan",
                                  "Parent Relationship": "Outer",
                                  "Parallel Aware": true,
                                  "Relation Name": "title",
                                  "Alias": "t",
                                  "Startup Cost": 0.0,
                                  "Total Cost": 45479.1,
                                  "Plan Rows": 217846,
                                  "Plan Width": 4,
                                  "Actual Startup Time": 0.048,
                                  "Actual Total Time": 111.753,
                                  "Actual Rows": 200378,
                                  "Actual Loops": 4,
                                  "Filter": "((production_year < 2006) AND (kind_id = 7))",
                                  "Rows Removed by Filter": 431700
                                }
                              ]
                            }
                          ]
                        }
                      ]
                    }
                  ]
                }
              ]
            }
          ]
        }
      ]
    },
    "Planning Time": 1.498,
    "Triggers": [],
    "Execution Time": 711.901
  }
]