{
    "Plan": {
        "Node Type": "Aggregate",
        "Strategy": "Plain",
        "Partial Mode": "Finalize",
        "Parallel Aware": false,
        "Startup Cost": 602640.14,
        "Total Cost": 602640.15,
        "Plan Rows": 1,
        "Plan Width": 8,
        "Actual Startup Time": 2557.956,
        "Actual Total Time": 2632.269,
        "Actual Rows": 1,
        "Actual Loops": 1,
        "Output": [
            "count(*)"
        ],
        "Plans": [
            {
                "Node Type": "Gather",
                "Parent Relationship": "Outer",
                "Parallel Aware": false,
                "Startup Cost": 602639.52,
                "Total Cost": 602640.13,
                "Plan Rows": 6,
                "Plan Width": 8,
                "Actual Startup Time": 2536.662,
                "Actual Total Time": 2632.254,
                "Actual Rows": 7,
                "Actual Loops": 1,
                "Output": [
                    "(PARTIAL count(*))"
                ],
                "Workers Planned": 6,
                "Workers Launched": 6,
                "Single Copy": false,
                "Plans": [
                    {
                        "Node Type": "Aggregate",
                        "Strategy": "Plain",
                        "Partial Mode": "Partial",
                        "Parent Relationship": "Outer",
                        "Parallel Aware": false,
                        "Startup Cost": 601639.52,
                        "Total Cost": 601639.53,
                        "Plan Rows": 1,
                        "Plan Width": 8,
                        "Actual Startup Time": 2521.743,
                        "Actual Total Time": 2522.033,
                        "Actual Rows": 1,
                        "Actual Loops": 7,
                        "Output": [
                            "PARTIAL count(*)"
                        ],
                        "Workers": [
                            {
                                "Worker Number": 0,
                                "Actual Startup Time": 2519.083,
                                "Actual Total Time": 2519.088,
                                "Actual Rows": 1,
                                "Actual Loops": 1
                            },
                            {
                                "Worker Number": 1,
                                "Actual Startup Time": 2519.081,
                                "Actual Total Time": 2519.086,
                                "Actual Rows": 1,
                                "Actual Loops": 1
                            },
                            {
                                "Worker Number": 2,
                                "Actual Startup Time": 2520.763,
                                "Actual Total Time": 2520.768,
                                "Actual Rows": 1,
                                "Actual Loops": 1
                            },
                            {
                                "Worker Number": 3,
                                "Actual Startup Time": 2519.16,
                                "Actual Total Time": 2519.165,
                                "Actual Rows": 1,
                                "Actual Loops": 1
                            },
                            {
                                "Worker Number": 4,
                                "Actual Startup Time": 2519.078,
                                "Actual Total Time": 2519.082,
                                "Actual Rows": 1,
                                "Actual Loops": 1
                            },
                            {
                                "Worker Number": 5,
                                "Actual Startup Time": 2519.408,
                                "Actual Total Time": 2519.414,
                                "Actual Rows": 1,
                                "Actual Loops": 1
                            }
                        ],
                        "Plans": [
                            {
                                "Node Type": "Hash Join",
                                "Parent Relationship": "Outer",
                                "Parallel Aware": true,
                                "Join Type": "Inner",
                                "Startup Cost": 252720.69,
                                "Total Cost": 600411.03,
                                "Plan Rows": 491395,
                                "Plan Width": 0,
                                "Actual Startup Time": 882.172,
                                "Actual Total Time": 2321.502,
                                "Actual Rows": 3659809,
                                "Actual Loops": 7,
                                "Inner Unique": false,
                                "Hash Cond": "(ci.movie_id = t.id)",
                                "Workers": [
                                    {
                                        "Worker Number": 0,
                                        "Actual Startup Time": 879.834,
                                        "Actual Total Time": 2310.999,
                                        "Actual Rows": 3266766,
                                        "Actual Loops": 1
                                    },
                                    {
                                        "Worker Number": 1,
                                        "Actual Startup Time": 879.895,
                                        "Actual Total Time": 2331.259,
                                        "Actual Rows": 4714977,
                                        "Actual Loops": 1
                                    },
                                    {
                                        "Worker Number": 2,
                                        "Actual Startup Time": 879.698,
                                        "Actual Total Time": 2326.507,
                                        "Actual Rows": 3046046,
                                        "Actual Loops": 1
                                    },
                                    {
                                        "Worker Number": 3,
                                        "Actual Startup Time": 879.739,
                                        "Actual Total Time": 2311.47,
                                        "Actual Rows": 3254581,
                                        "Actual Loops": 1
                                    },
                                    {
                                        "Worker Number": 4,
                                        "Actual Startup Time": 879.558,
                                        "Actual Total Time": 2331.554,
                                        "Actual Rows": 4669644,
                                        "Actual Loops": 1
                                    },
                                    {
                                        "Worker Number": 5,
                                        "Actual Startup Time": 880.109,
                                        "Actual Total Time": 2323.474,
                                        "Actual Rows": 3065240,
                                        "Actual Loops": 1
                                    }
                                ],
                                "Plans": [
                                    {
                                        "Node Type": "Index Scan",
                                        "Parent Relationship": "Outer",
                                        "Parallel Aware": true,
                                        "Scan Direction": "Forward",
                                        "Index Name": "role_id_cast_info",
                                        "Relation Name": "cast_info",
                                        "Schema": "public",
                                        "Alias": "ci",
                                        "Startup Cost": 0.56,
                                        "Total Cost": 342814.42,
                                        "Plan Rows": 1038319,
                                        "Plan Width": 4,
                                        "Actual Startup Time": 0.303,
                                        "Actual Total Time": 513.465,
                                        "Actual Rows": 1810098,
                                        "Actual Loops": 7,
                                        "Output": [
                                            "ci.id",
                                            "ci.person_id",
                                            "ci.movie_id",
                                            "ci.person_role_id",
                                            "ci.note",
                                            "ci.nr_order",
                                            "ci.role_id"
                                        ],
                                        "Index Cond": "(ci.role_id = 1)",
                                        "Rows Removed by Index Recheck": 0,
                                        "Filter": "(ci.person_id < 1741636)",
                                        "Rows Removed by Filter": 0,
                                        "Workers": [
                                            {
                                                "Worker Number": 0,
                                                "Actual Startup Time": 0.422,
                                                "Actual Total Time": 536.295,
                                                "Actual Rows": 1627081,
                                                "Actual Loops": 1
                                            },
                                            {
                                                "Worker Number": 1,
                                                "Actual Startup Time": 0.481,
                                                "Actual Total Time": 513.555,
                                                "Actual Rows": 2350530,
                                                "Actual Loops": 1
                                            },
                                            {
                                                "Worker Number": 2,
                                                "Actual Startup Time": 0.135,
                                                "Actual Total Time": 516.329,
                                                "Actual Rows": 1505764,
                                                "Actual Loops": 1
                                            },
                                            {
                                                "Worker Number": 3,
                                                "Actual Startup Time": 0.267,
                                                "Actual Total Time": 535.151,
                                                "Actual Rows": 1612650,
                                                "Actual Loops": 1
                                            },
                                            {
                                                "Worker Number": 4,
                                                "Actual Startup Time": 0.13,
                                                "Actual Total Time": 510.91,
                                                "Actual Rows": 2301782,
                                                "Actual Loops": 1
                                            },
                                            {
                                                "Worker Number": 5,
                                                "Actual Startup Time": 0.337,
                                                "Actual Total Time": 513.871,
                                                "Actual Rows": 1490581,
                                                "Actual Loops": 1
                                            }
                                        ]
                                    },
                                    {
                                        "Node Type": "Hash",
                                        "Parent Relationship": "Inner",
                                        "Parallel Aware": true,
                                        "Startup Cost": 249728.73,
                                        "Total Cost": 249728.73,
                                        "Plan Rows": 239311,
                                        "Plan Width": 8,
                                        "Actual Startup Time": 877.387,
                                        "Actual Total Time": 877.675,
                                        "Actual Rows": 172101,
                                        "Actual Loops": 7,
                                        "Output": [
                                            "t.id",
                                            "mi.movie_id"
                                        ],
                                        "Hash Buckets": 2097152,
                                        "Original Hash Buckets": 2097152,
                                        "Hash Batches": 1,
                                        "Original Hash Batches": 1,
                                        "Peak Memory Usage": 63616,
                                        "Workers": [
                                            {
                                                "Worker Number": 0,
                                                "Actual Startup Time": 878.975,
                                                "Actual Total Time": 878.979,
                                                "Actual Rows": 151716,
                                                "Actual Loops": 1
                                            },
                                            {
                                                "Worker Number": 1,
                                                "Actual Startup Time": 878.971,
                                                "Actual Total Time": 878.974,
                                                "Actual Rows": 203384,
                                                "Actual Loops": 1
                                            },
                                            {
                                                "Worker Number": 2,
                                                "Actual Startup Time": 878.949,
                                                "Actual Total Time": 878.952,
                                                "Actual Rows": 138617,
                                                "Actual Loops": 1
                                            },
                                            {
                                                "Worker Number": 3,
                                                "Actual Startup Time": 879.055,
                                                "Actual Total Time": 879.059,
                                                "Actual Rows": 152006,
                                                "Actual Loops": 1
                                            },
                                            {
                                                "Worker Number": 4,
                                                "Actual Startup Time": 878.933,
                                                "Actual Total Time": 878.936,
                                                "Actual Rows": 209900,
                                                "Actual Loops": 1
                                            },
                                            {
                                                "Worker Number": 5,
                                                "Actual Startup Time": 879.3,
                                                "Actual Total Time": 879.304,
                                                "Actual Rows": 137570,
                                                "Actual Loops": 1
                                            }
                                        ],
                                        "Plans": [
                                            {
                                                "Node Type": "Hash Join",
                                                "Parent Relationship": "Outer",
                                                "Parallel Aware": true,
                                                "Join Type": "Inner",
                                                "Startup Cost": 50219.81,
                                                "Total Cost": 249728.73,
                                                "Plan Rows": 239311,
                                                "Plan Width": 8,
                                                "Actual Startup Time": 515.99,
                                                "Actual Total Time": 732.322,
                                                "Actual Rows": 172101,
                                                "Actual Loops": 7,
                                                "Output": [
                                                    "t.id",
                                                    "mi.movie_id"
                                                ],
                                                "Inner Unique": true,
                                                "Hash Cond": "(mi.movie_id = t.id)",
                                                "Workers": [
                                                    {
                                                        "Worker Number": 0,
                                                        "Actual Startup Time": 515.947,
                                                        "Actual Total Time": 732.77,
                                                        "Actual Rows": 151716,
                                                        "Actual Loops": 1
                                                    },
                                                    {
                                                        "Worker Number": 1,
                                                        "Actual Startup Time": 515.886,
                                                        "Actual Total Time": 731.763,
                                                        "Actual Rows": 203384,
                                                        "Actual Loops": 1
                                                    },
                                                    {
                                                        "Worker Number": 2,
                                                        "Actual Startup Time": 516.087,
                                                        "Actual Total Time": 735.881,
                                                        "Actual Rows": 138617,
                                                        "Actual Loops": 1
                                                    },
                                                    {
                                                        "Worker Number": 3,
                                                        "Actual Startup Time": 515.882,
                                                        "Actual Total Time": 732.789,
                                                        "Actual Rows": 152006,
                                                        "Actual Loops": 1
                                                    },
                                                    {
                                                        "Worker Number": 4,
                                                        "Actual Startup Time": 515.917,
                                                        "Actual Total Time": 731.593,
                                                        "Actual Rows": 209900,
                                                        "Actual Loops": 1
                                                    },
                                                    {
                                                        "Worker Number": 5,
                                                        "Actual Startup Time": 516.046,
                                                        "Actual Total Time": 733.023,
                                                        "Actual Rows": 137570,
                                                        "Actual Loops": 1
                                                    }
                                                ],
                                                "Plans": [
                                                    {
                                                        "Node Type": "Seq Scan",
                                                        "Parent Relationship": "Outer",
                                                        "Parallel Aware": true,
                                                        "Relation Name": "movie_info",
                                                        "Schema": "public",
                                                        "Alias": "mi",
                                                        "Startup Cost": 0.0,
                                                        "Total Cost": 198880.74,
                                                        "Plan Rows": 239311,
                                                        "Plan Width": 4,
                                                        "Actual Startup Time": 177.113,
                                                        "Actual Total Time": 317.593,
                                                        "Actual Rows": 172101,
                                                        "Actual Loops": 7,
                                                        "Output": [
                                                            "mi.id",
                                                            "mi.movie_id",
                                                            "mi.info_type_id",
                                                            "mi.info",
                                                            "mi.note"
                                                        ],
                                                        "Filter": "(mi.info_type_id > 18)",
                                                        "Rows Removed by Filter": 1947287,
                                                        "Workers": [
                                                            {
                                                                "Worker Number": 0,
                                                                "Actual Startup Time": 177.083,
                                                                "Actual Total Time": 321.28,
                                                                "Actual Rows": 151716,
                                                                "Actual Loops": 1
                                                            },
                                                            {
                                                                "Worker Number": 1,
                                                                "Actual Startup Time": 177.076,
                                                                "Actual Total Time": 317.814,
                                                                "Actual Rows": 203384,
                                                                "Actual Loops": 1
                                                            },
                                                            {
                                                                "Worker Number": 2,
                                                                "Actual Startup Time": 177.12,
                                                                "Actual Total Time": 321.616,
                                                                "Actual Rows": 138617,
                                                                "Actual Loops": 1
                                                            },
                                                            {
                                                                "Worker Number": 3,
                                                                "Actual Startup Time": 177.085,
                                                                "Actual Total Time": 321.245,
                                                                "Actual Rows": 152006,
                                                                "Actual Loops": 1
                                                            },
                                                            {
                                                                "Worker Number": 4,
                                                                "Actual Startup Time": 177.13,
                                                                "Actual Total Time": 317.146,
                                                                "Actual Rows": 209900,
                                                                "Actual Loops": 1
                                                            },
                                                            {
                                                                "Worker Number": 5,
                                                                "Actual Startup Time": 177.239,
                                                                "Actual Total Time": 321.81,
                                                                "Actual Rows": 137570,
                                                                "Actual Loops": 1
                                                            }
                                                        ]
                                                    },
                                                    {
                                                        "Node Type": "Hash",
                                                        "Parent Relationship": "Inner",
                                                        "Parallel Aware": true,
                                                        "Startup Cost": 42318.81,
                                                        "Total Cost": 42318.81,
                                                        "Plan Rows": 632080,
                                                        "Plan Width": 4,
                                                        "Actual Startup Time": 334.287,
                                                        "Actual Total Time": 334.288,
                                                        "Actual Rows": 361187,
                                                        "Actual Loops": 7,
                                                        "Output": [
                                                            "t.id"
                                                        ],
                                                        "Hash Buckets": 4194304,
                                                        "Original Hash Buckets": 4194304,
                                                        "Hash Batches": 1,
                                                        "Original Hash Batches": 1,
                                                        "Peak Memory Usage": 131808,
                                                        "Workers": [
                                                            {
                                                                "Worker Number": 0,
                                                                "Actual Startup Time": 338.588,
                                                                "Actual Total Time": 338.589,
                                                                "Actual Rows": 345084,
                                                                "Actual Loops": 1
                                                            },
                                                            {
                                                                "Worker Number": 1,
                                                                "Actual Startup Time": 338.554,
                                                                "Actual Total Time": 338.555,
                                                                "Actual Rows": 410099,
                                                                "Actual Loops": 1
                                                            },
                                                            {
                                                                "Worker Number": 2,
                                                                "Actual Startup Time": 338.714,
                                                                "Actual Total Time": 338.715,
                                                                "Actual Rows": 304308,
                                                                "Actual Loops": 1
                                                            },
                                                            {
                                                                "Worker Number": 3,
                                                                "Actual Startup Time": 338.519,
                                                                "Actual Total Time": 338.52,
                                                                "Actual Rows": 323746,
                                                                "Actual Loops": 1
                                                            },
                                                            {
                                                                "Worker Number": 4,
                                                                "Actual Startup Time": 338.537,
                                                                "Actual Total Time": 338.538,
                                                                "Actual Rows": 409932,
                                                                "Actual Loops": 1
                                                            },
                                                            {
                                                                "Worker Number": 5,
                                                                "Actual Startup Time": 338.715,
                                                                "Actual Total Time": 338.716,
                                                                "Actual Rows": 304387,
                                                                "Actual Loops": 1
                                                            }
                                                        ],
                                                        "Plans": [
                                                            {
                                                                "Node Type": "Seq Scan",
                                                                "Parent Relationship": "Outer",
                                                                "Parallel Aware": true,
                                                                "Relation Name": "title",
                                                                "Schema": "public",
                                                                "Alias": "t",
                                                                "Startup Cost": 0.0,
                                                                "Total Cost": 42318.81,
                                                                "Plan Rows": 632080,
                                                                "Plan Width": 4,
                                                                "Actual Startup Time": 0.085,
                                                                "Actual Total Time": 83.927,
                                                                "Actual Rows": 361187,
                                                                "Actual Loops": 7,
                                                                "Output": [
                                                                    "t.id"
                                                                ],
                                                                "Workers": [
                                                                    {
                                                                        "Worker Number": 0,
                                                                        "Actual Startup Time": 0.096,
                                                                        "Actual Total Time": 87.746,
                                                                        "Actual Rows": 345084,
                                                                        "Actual Loops": 1
                                                                    },
                                                                    {
                                                                        "Worker Number": 1,
                                                                        "Actual Startup Time": 0.095,
                                                                        "Actual Total Time": 84.628,
                                                                        "Actual Rows": 410099,
                                                                        "Actual Loops": 1
                                                                    },
                                                                    {
                                                                        "Worker Number": 2,
                                                                        "Actual Startup Time": 0.078,
                                                                        "Actual Total Time": 85.42,
                                                                        "Actual Rows": 304308,
                                                                        "Actual Loops": 1
                                                                    },
                                                                    {
                                                                        "Worker Number": 3,
                                                                        "Actual Startup Time": 0.099,
                                                                        "Actual Total Time": 87.622,
                                                                        "Actual Rows": 323746,
                                                                        "Actual Loops": 1
                                                                    },
                                                                    {
                                                                        "Worker Number": 4,
                                                                        "Actual Startup Time": 0.115,
                                                                        "Actual Total Time": 85.484,
                                                                        "Actual Rows": 409932,
                                                                        "Actual Loops": 1
                                                                    },
                                                                    {
                                                                        "Worker Number": 5,
                                                                        "Actual Startup Time": 0.094,
                                                                        "Actual Total Time": 85.38,
                                                                        "Actual Rows": 304387,
                                                                        "Actual Loops": 1
                                                                    }
                                                                ]
                                                            }
                                                        ]
                                                    }
                                                ]
                                            }
                                        ]
                                    }
                                ]
                            }
                        ]
                    }
                ]
            }
        ]
    },
    "Planning Time": 1.588,
    "Triggers": [],
    "Execution Time": 2632.375
}