{
    "Plan": {
        "Node Type": "Aggregate",
        "Strategy": "Plain",
        "Partial Mode": "Simple",
        "Parallel Aware": false,
        "Startup Cost": 70004187605.15,
        "Total Cost": 70004187605.16,
        "Plan Rows": 1,
        "Plan Width": 96,
        "Actual Startup Time": 29391.88,
        "Actual Total Time": 29391.9,
        "Actual Rows": 1,
        "Actual Loops": 1,
        "Output": [
            "min(cn.name)",
            "min(mi_idx.info)",
            "min(t.title)"
        ],
        "Plans": [
            {
                "Node Type": "Nested Loop",
                "Parent Relationship": "Outer",
                "Parallel Aware": false,
                "Join Type": "Inner",
                "Startup Cost": 70004184637.9,
                "Total Cost": 70004187605.14,
                "Plan Rows": 1,
                "Plan Width": 41,
                "Actual Startup Time": 29255.587,
                "Actual Total Time": 29384.439,
                "Actual Rows": 29856,
                "Actual Loops": 1,
                "Output": [
                    "cn.name",
                    "mi_idx.info",
                    "t.title"
                ],
                "Inner Unique": true,
                "Plans": [
                    {
                        "Node Type": "Hash Join",
                        "Parent Relationship": "Outer",
                        "Parallel Aware": false,
                        "Join Type": "Inner",
                        "Startup Cost": 60004184637.76,
                        "Total Cost": 60004187599.38,
                        "Plan Rows": 1,
                        "Plan Width": 45,
                        "Actual Startup Time": 29255.541,
                        "Actual Total Time": 29280.346,
                        "Actual Rows": 29856,
                        "Actual Loops": 1,
                        "Output": [
                            "cn.name",
                            "mc.company_type_id",
                            "mi_idx.info",
                            "t.title"
                        ],
                        "Inner Unique": false,
                        "Hash Cond": "(k.id = mk.keyword_id)",
                        "Plans": [
                            {
                                "Node Type": "Seq Scan",
                                "Parent Relationship": "Outer",
                                "Parallel Aware": false,
                                "Relation Name": "keyword",
                                "Schema": "public",
                                "Alias": "k",
                                "Startup Cost": 10000000000.0,
                                "Total Cost": 10000002961.55,
                                "Plan Rows": 4,
                                "Plan Width": 4,
                                "Actual Startup Time": 1.357,
                                "Actual Total Time": 16.198,
                                "Actual Rows": 3,
                                "Actual Loops": 1,
                                "Output": [
                                    "k.id",
                                    "k.keyword",
                                    "k.phonetic_code"
                                ],
                                "Filter": "(k.keyword = ANY ('{murder,murder-in-title,blood,violence}'::text[]))",
                                "Rows Removed by Filter": 134167
                            },
                            {
                                "Node Type": "Hash",
                                "Parent Relationship": "Inner",
                                "Parallel Aware": false,
                                "Startup Cost": 50004184637.28,
                                "Total Cost": 50004184637.28,
                                "Plan Rows": 39,
                                "Plan Width": 49,
                                "Actual Startup Time": 29254.17,
                                "Actual Total Time": 29254.186,
                                "Actual Rows": 3343496,
                                "Actual Loops": 1,
                                "Output": [
                                    "cn.name",
                                    "mc.company_type_id",
                                    "mi_idx.info",
                                    "mk.keyword_id",
                                    "t.title"
                                ],
                                "Hash Buckets": 4194304,
                                "Original Hash Buckets": 1024,
                                "Hash Batches": 1,
                                "Original Hash Batches": 1,
                                "Peak Memory Usage": 302772,
                                "Plans": [
                                    {
                                        "Node Type": "Merge Join",
                                        "Parent Relationship": "Outer",
                                        "Parallel Aware": false,
                                        "Join Type": "Inner",
                                        "Startup Cost": 50004182592.41,
                                        "Total Cost": 50004184637.28,
                                        "Plan Rows": 39,
                                        "Plan Width": 49,
                                        "Actual Startup Time": 27641.698,
                                        "Actual Total Time": 28544.014,
                                        "Actual Rows": 3343496,
                                        "Actual Loops": 1,
                                        "Output": [
                                            "cn.name",
                                            "mc.company_type_id",
                                            "mi_idx.info",
                                            "mk.keyword_id",
                                            "t.title"
                                        ],
                                        "Inner Unique": false,
                                        "Merge Cond": "(t.id = mi.movie_id)",
                                        "Plans": [
                                            {
                                                "Node Type": "Sort",
                                                "Parent Relationship": "Outer",
                                                "Parallel Aware": false,
                                                "Startup Cost": 10000115184.98,
                                                "Total Cost": 10000116207.51,
                                                "Plan Rows": 409011,
                                                "Plan Width": 21,
                                                "Actual Startup Time": 1213.567,
                                                "Actual Total Time": 1363.704,
                                                "Actual Rows": 1239019,
                                                "Actual Loops": 1,
                                                "Output": [
                                                    "t.title",
                                                    "t.id"
                                                ],
                                                "Sort Key": [
                                                    "t.id"
                                                ],
                                                "Sort Method": "quicksort",
                                                "Sort Space Used": 134128,
                                                "Sort Space Type": "Memory",
                                                "Plans": [
                                                    {
                                                        "Node Type": "Hash Join",
                                                        "Parent Relationship": "Outer",
                                                        "Parallel Aware": false,
                                                        "Join Type": "Inner",
                                                        "Startup Cost": 10000000001.11,
                                                        "Total Cost": 10000077061.51,
                                                        "Plan Rows": 409011,
                                                        "Plan Width": 21,
                                                        "Actual Startup Time": 0.052,
                                                        "Actual Total Time": 694.637,
                                                        "Actual Rows": 1239414,
                                                        "Actual Loops": 1,
                                                        "Output": [
                                                            "t.title",
                                                            "t.id"
                                                        ],
                                                        "Inner Unique": false,
                                                        "Hash Cond": "(t.kind_id = kt.id)",
                                                        "Plans": [
                                                            {
                                                                "Node Type": "Seq Scan",
                                                                "Parent Relationship": "Outer",
                                                                "Parallel Aware": false,
                                                                "Relation Name": "title",
                                                                "Schema": "public",
                                                                "Alias": "t",
                                                                "Startup Cost": 0.0,
                                                                "Total Cost": 67602.02,
                                                                "Plan Rows": 1431538,
                                                                "Plan Width": 25,
                                                                "Actual Startup Time": 0.011,
                                                                "Actual Total Time": 416.333,
                                                                "Actual Rows": 1434466,
                                                                "Actual Loops": 1,
                                                                "Output": [
                                                                    "t.id",
                                                                    "t.title",
                                                                    "t.imdb_index",
                                                                    "t.kind_id",
                                                                    "t.production_year",
                                                                    "t.imdb_id",
                                                                    "t.phonetic_code",
                                                                    "t.episode_of_id",
                                                                    "t.season_nr",
                                                                    "t.episode_nr",
                                                                    "t.series_years",
                                                                    "t.md5sum"
                                                                ],
                                                                "Filter": "(t.production_year > 1999)",
                                                                "Rows Removed by Filter": 1093846
                                                            },
                                                            {
                                                                "Node Type": "Hash",
                                                                "Parent Relationship": "Inner",
                                                                "Parallel Aware": false,
                                                                "Startup Cost": 10000000001.09,
                                                                "Total Cost": 10000000001.09,
                                                                "Plan Rows": 2,
                                                                "Plan Width": 4,
                                                                "Actual Startup Time": 0.024,
                                                                "Actual Total Time": 0.025,
                                                                "Actual Rows": 2,
                                                                "Actual Loops": 1,
                                                                "Output": [
                                                                    "kt.id"
                                                                ],
                                                                "Hash Buckets": 1024,
                                                                "Original Hash Buckets": 1024,
                                                                "Hash Batches": 1,
                                                                "Original Hash Batches": 1,
                                                                "Peak Memory Usage": 9,
                                                                "Plans": [
                                                                    {
                                                                        "Node Type": "Seq Scan",
                                                                        "Parent Relationship": "Outer",
                                                                        "Parallel Aware": false,
                                                                        "Relation Name": "kind_type",
                                                                        "Schema": "public",
                                                                        "Alias": "kt",
                                                                        "Startup Cost": 10000000000.0,
                                                                        "Total Cost": 10000000001.09,
                                                                        "Plan Rows": 2,
                                                                        "Plan Width": 4,
                                                                        "Actual Startup Time": 0.017,
                                                                        "Actual Total Time": 0.02,
                                                                        "Actual Rows": 2,
                                                                        "Actual Loops": 1,
                                                                        "Output": [
                                                                            "kt.id"
                                                                        ],
                                                                        "Filter": "((kt.kind)::text = ANY ('{movie,episode}'::text[]))",
                                                                        "Rows Removed by Filter": 5
                                                                    }
                                                                ]
                                                            }
                                                        ]
                                                    }
                                                ]
                                            },
                                            {
                                                "Node Type": "Sort",
                                                "Parent Relationship": "Inner",
                                                "Parallel Aware": false,
                                                "Startup Cost": 40004067407.22,
                                                "Total Cost": 40004067407.83,
                                                "Plan Rows": 241,
                                                "Plan Width": 48,
                                                "Actual Startup Time": 26427.525,
                                                "Actual Total Time": 26608.364,
                                                "Actual Rows": 4137827,
                                                "Actual Loops": 1,
                                                "Output": [
                                                    "cn.name",
                                                    "mc.movie_id",
                                                    "mc.company_type_id",
                                                    "mi.movie_id",
                                                    "mi_idx.info",
                                                    "mi_idx.movie_id",
                                                    "mk.movie_id",
                                                    "mk.keyword_id"
                                                ],
                                                "Sort Key": [
                                                    "mc.movie_id"
                                                ],
                                                "Sort Method": "quicksort",
                                                "Sort Space Used": 555456,
                                                "Sort Space Type": "Memory",
                                                "Plans": [
                                                    {
                                                        "Node Type": "Hash Join",
                                                        "Parent Relationship": "Outer",
                                                        "Parallel Aware": false,
                                                        "Join Type": "Inner",
                                                        "Startup Cost": 40004067365.68,
                                                        "Total Cost": 40004067397.69,
                                                        "Plan Rows": 241,
                                                        "Plan Width": 48,
                                                        "Actual Startup Time": 24949.834,
                                                        "Actual Total Time": 25461.032,
                                                        "Actual Rows": 4137827,
                                                        "Actual Loops": 1,
                                                        "Output": [
                                                            "cn.name",
                                                            "mc.movie_id",
                                                            "mc.company_type_id",
                                                            "mi.movie_id",
                                                            "mi_idx.info",
                                                            "mi_idx.movie_id",
                                                            "mk.movie_id",
                                                            "mk.keyword_id"
                                                        ],
                                                        "Inner Unique": false,
                                                        "Hash Cond": "(it2.id = mi_idx.info_type_id)",
                                                        "Plans": [
                                                            {
                                                                "Node Type": "Index Scan",
                                                                "Parent Relationship": "Outer",
                                                                "Parallel Aware": false,
                                                                "Scan Direction": "Forward",
                                                                "Index Name": "info_type_pkey",
                                                                "Relation Name": "info_type",
                                                                "Schema": "public",
                                                                "Alias": "it2",
                                                                "Startup Cost": 0.14,
                                                                "Total Cost": 14.12,
                                                                "Plan Rows": 1,
                                                                "Plan Width": 4,
                                                                "Actual Startup Time": 0.059,
                                                                "Actual Total Time": 0.084,
                                                                "Actual Rows": 1,
                                                                "Actual Loops": 1,
                                                                "Output": [
                                                                    "it2.id",
                                                                    "it2.info"
                                                                ],
                                                                "Filter": "((it2.info)::text = 'rating'::text)",
                                                                "Rows Removed by Filter": 112
                                                            },
                                                            {
                                                                "Node Type": "Hash",
                                                                "Parent Relationship": "Inner",
                                                                "Parallel Aware": false,
                                                                "Startup Cost": 40004067017.23,
                                                                "Total Cost": 40004067017.23,
                                                                "Plan Rows": 27864,
                                                                "Plan Width": 52,
                                                                "Actual Startup Time": 24949.727,
                                                                "Actual Total Time": 24949.736,
                                                                "Actual Rows": 17688639,
                                                                "Actual Loops": 1,
                                                                "Output": [
                                                                    "cn.name",
                                                                    "mc.movie_id",
                                                                    "mc.company_type_id",
                                                                    "mi.movie_id",
                                                                    "mi_idx.info",
                                                                    "mi_idx.movie_id",
                                                                    "mi_idx.info_type_id",
                                                                    "mk.movie_id",
                                                                    "mk.keyword_id"
                                                                ],
                                                                "Hash Buckets": 33554432,
                                                                "Original Hash Buckets": 32768,
                                                                "Hash Batches": 1,
                                                                "Original Hash Batches": 1,
                                                                "Peak Memory Usage": 1836938,
                                                                "Plans": [
                                                                    {
                                                                        "Node Type": "Hash Join",
                                                                        "Parent Relationship": "Outer",
                                                                        "Parallel Aware": false,
                                                                        "Join Type": "Inner",
                                                                        "Startup Cost": 40004064437.1,
                                                                        "Total Cost": 40004067017.23,
                                                                        "Plan Rows": 27864,
                                                                        "Plan Width": 52,
                                                                        "Actual Startup Time": 14463.766,
                                                                        "Actual Total Time": 20567.547,
                                                                        "Actual Rows": 17688639,
                                                                        "Actual Loops": 1,
                                                                        "Output": [
                                                                            "cn.name",
                                                                            "mc.movie_id",
                                                                            "mc.company_type_id",
                                                                            "mi.movie_id",
                                                                            "mi_idx.info",
                                                                            "mi_idx.movie_id",
                                                                            "mi_idx.info_type_id",
                                                                            "mk.movie_id",
                                                                            "mk.keyword_id"
                                                                        ],
                                                                        "Inner Unique": false,
                                                                        "Hash Cond": "(mc.company_id = cn.id)",
                                                                        "Plans": [
                                                                            {
                                                                                "Node Type": "Merge Join",
                                                                                "Parent Relationship": "Outer",
                                                                                "Parallel Aware": false,
                                                                                "Join Type": "Inner",
                                                                                "Startup Cost": 30004056928.3,
                                                                                "Total Cost": 30004059035.23,
                                                                                "Plan Rows": 51907,
                                                                                "Plan Width": 37,
                                                                                "Actual Startup Time": 14393.682,
                                                                                "Actual Total Time": 17898.393,
                                                                                "Actual Rows": 18945630,
                                                                                "Actual Loops": 1,
                                                                                "Output": [
                                                                                    "mi.movie_id",
                                                                                    "mc.movie_id",
                                                                                    "mc.company_type_id",
                                                                                    "mc.company_id",
                                                                                    "mi_idx.info",
                                                                                    "mi_idx.movie_id",
                                                                                    "mi_idx.info_type_id",
                                                                                    "mk.movie_id",
                                                                                    "mk.keyword_id"
                                                                                ],
                                                                                "Inner Unique": false,
                                                                                "Merge Cond": "(mc.movie_id = mi.movie_id)",
                                                                                "Plans": [
                                                                                    {
                                                                                        "Node Type": "Sort",
                                                                                        "Parent Relationship": "Outer",
                                                                                        "Parallel Aware": false,
                                                                                        "Startup Cost": 10000070716.41,
                                                                                        "Total Cost": 10000071088.55,
                                                                                        "Plan Rows": 148857,
                                                                                        "Plan Width": 12,
                                                                                        "Actual Startup Time": 584.123,
                                                                                        "Actual Total Time": 598.499,
                                                                                        "Actual Rows": 303270,
                                                                                        "Actual Loops": 1,
                                                                                        "Output": [
                                                                                            "mc.movie_id",
                                                                                            "mc.company_type_id",
                                                                                            "mc.company_id"
                                                                                        ],
                                                                                        "Sort Key": [
                                                                                            "mc.movie_id"
                                                                                        ],
                                                                                        "Sort Method": "quicksort",
                                                                                        "Sort Space Used": 26504,
                                                                                        "Sort Space Type": "Memory",
                                                                                        "Plans": [
                                                                                            {
                                                                                                "Node Type": "Seq Scan",
                                                                                                "Parent Relationship": "Outer",
                                                                                                "Parallel Aware": false,
                                                                                                "Relation Name": "movie_companies",
                                                                                                "Schema": "public",
                                                                                                "Alias": "mc",
                                                                                                "Startup Cost": 10000000000.0,
                                                                                                "Total Cost": 10000057926.93,
                                                                                                "Plan Rows": 148857,
                                                                                                "Plan Width": 12,
                                                                                                "Actual Startup Time": 0.019,
                                                                                                "Actual Total Time": 503.977,
                                                                                                "Actual Rows": 303271,
                                                                                                "Actual Loops": 1,
                                                                                                "Output": [
                                                                                                    "mc.movie_id",
                                                                                                    "mc.company_type_id",
                                                                                                    "mc.company_id"
                                                                                                ],
                                                                                                "Filter": "((mc.note !~~ '%(USA)%'::text) AND (mc.note ~~ '%(200%)%'::text))",
                                                                                                "Rows Removed by Filter": 2305858
                                                                                            }
                                                                                        ]
                                                                                    },
                                                                                    {
                                                                                        "Node Type": "Sort",
                                                                                        "Parent Relationship": "Inner",
                                                                                        "Parallel Aware": false,
                                                                                        "Startup Cost": 20003986211.82,
                                                                                        "Total Cost": 20003986633.82,
                                                                                        "Plan Rows": 168798,
                                                                                        "Plan Width": 25,
                                                                                        "Actual Startup Time": 13809.545,
                                                                                        "Actual Total Time": 14596.556,
                                                                                        "Actual Rows": 22102772,
                                                                                        "Actual Loops": 1,
                                                                                        "Output": [
                                                                                            "mi.movie_id",
                                                                                            "mi_idx.info",
                                                                                            "mi_idx.movie_id",
                                                                                            "mi_idx.info_type_id",
                                                                                            "mk.movie_id",
                                                                                            "mk.keyword_id"
                                                                                        ],
                                                                                        "Sort Key": [
                                                                                            "mi.movie_id"
                                                                                        ],
                                                                                        "Sort Method": "quicksort",
                                                                                        "Sort Space Used": 650768,
                                                                                        "Sort Space Type": "Memory",
                                                                                        "Plans": [
                                                                                            {
                                                                                                "Node Type": "Hash Join",
                                                                                                "Parent Relationship": "Outer",
                                                                                                "Parallel Aware": false,
                                                                                                "Join Type": "Inner",
                                                                                                "Startup Cost": 20000039843.98,
                                                                                                "Total Cost": 20003971555.99,
                                                                                                "Plan Rows": 168798,
                                                                                                "Plan Width": 25,
                                                                                                "Actual Startup Time": 564.844,
                                                                                                "Actual Total Time": 12775.136,
                                                                                                "Actual Rows": 5813237,
                                                                                                "Actual Loops": 1,
                                                                                                "Output": [
                                                                                                    "mi.movie_id",
                                                                                                    "mi_idx.info",
                                                                                                    "mi_idx.movie_id",
                                                                                                    "mi_idx.info_type_id",
                                                                                                    "mk.movie_id",
                                                                                                    "mk.keyword_id"
                                                                                                ],
                                                                                                "Inner Unique": false,
                                                                                                "Hash Cond": "(mi.movie_id = mi_idx.movie_id)",
                                                                                                "Plans": [
                                                                                                    {
                                                                                                        "Node Type": "Nested Loop",
                                                                                                        "Parent Relationship": "Outer",
                                                                                                        "Parallel Aware": false,
                                                                                                        "Join Type": "Inner",
                                                                                                        "Startup Cost": 20000000001.5,
                                                                                                        "Total Cost": 20003929586.66,
                                                                                                        "Plan Rows": 70226,
                                                                                                        "Plan Width": 12,
                                                                                                        "Actual Startup Time": 0.112,
                                                                                                        "Actual Total Time": 11366.837,
                                                                                                        "Actual Rows": 2786897,
                                                                                                        "Actual Loops": 1,
                                                                                                        "Output": [
                                                                                                            "mi.movie_id",
                                                                                                            "mk.movie_id",
                                                                                                            "mk.keyword_id"
                                                                                                        ],
                                                                                                        "Inner Unique": false,
                                                                                                        "Plans": [
                                                                                                            {
                                                                                                                "Node Type": "Nested Loop",
                                                                                                                "Parent Relationship": "Outer",
                                                                                                                "Parallel Aware": false,
                                                                                                                "Join Type": "Inner",
                                                                                                                "Startup Cost": 10000000000.59,
                                                                                                                "Total Cost": 10003894899.81,
                                                                                                                "Plan Rows": 5827,
                                                                                                                "Plan Width": 4,
                                                                                                                "Actual Startup Time": 0.091,
                                                                                                                "Actual Total Time": 8171.497,
                                                                                                                "Actual Rows": 588764,
                                                                                                                "Actual Loops": 1,
                                                                                                                "Output": [
                                                                                                                    "mi.movie_id"
                                                                                                                ],
                                                                                                                "Inner Unique": true,
                                                                                                                "Plans": [
                                                                                                                    {
                                                                                                                        "Node Type": "Index Scan",
                                                                                                                        "Parent Relationship": "Outer",
                                                                                                                        "Parallel Aware": false,
                                                                                                                        "Scan Direction": "Forward",
                                                                                                                        "Index Name": "movie_id_movie_info",
                                                                                                                        "Relation Name": "movie_info",
                                                                                                                        "Schema": "public",
                                                                                                                        "Alias": "mi",
                                                                                                                        "Startup Cost": 0.43,
                                                                                                                        "Total Cost": 1152203.85,
                                                                                                                        "Plan Rows": 658455,
                                                                                                                        "Plan Width": 8,
                                                                                                                        "Actual Startup Time": 0.064,
                                                                                                                        "Actual Total Time": 5389.491,
                                                                                                                        "Actual Rows": 669336,
                                                                                                                        "Actual Loops": 1,
                                                                                                                        "Output": [
                                                                                                                            "mi.id",
                                                                                                                            "mi.movie_id",
                                                                                                                            "mi.info_type_id",
                                                                                                                            "mi.info",
                                                                                                                            "mi.note"
                                                                                                                        ],
                                                                                                                        "Filter": "(mi.info = ANY ('{Germany,German,USA,American}'::text[]))",
                                                                                                                        "Rows Removed by Filter": 14166384
                                                                                                                    },
                                                                                                                    {
                                                                                                                        "Node Type": "Bitmap Heap Scan",
                                                                                                                        "Parent Relationship": "Inner",
                                                                                                                        "Parallel Aware": false,
                                                                                                                        "Relation Name": "info_type",
                                                                                                                        "Schema": "public",
                                                                                                                        "Alias": "it1",
                                                                                                                        "Startup Cost": 0.15,
                                                                                                                        "Total Cost": 4.17,
                                                                                                                        "Plan Rows": 1,
                                                                                                                        "Plan Width": 4,
                                                                                                                        "Actual Startup Time": 0.002,
                                                                                                                        "Actual Total Time": 0.002,
                                                                                                                        "Actual Rows": 1,
                                                                                                                        "Actual Loops": 669336,
                                                                                                                        "Output": [
                                                                                                                            "it1.id",
                                                                                                                            "it1.info"
                                                                                                                        ],
                                                                                                                        "Recheck Cond": "(it1.id = mi.info_type_id)",
                                                                                                                        "Rows Removed by Index Recheck": 0,
                                                                                                                        "Filter": "((it1.info)::text = 'countries'::text)",
                                                                                                                        "Rows Removed by Filter": 0,
                                                                                                                        "Exact Heap Blocks": 669336,
                                                                                                                        "Lossy Heap Blocks": 0,
                                                                                                                        "Plans": [
                                                                                                                            {
                                                                                                                                "Node Type": "Bitmap Index Scan",
                                                                                                                                "Parent Relationship": "Outer",
                                                                                                                                "Parallel Aware": false,
                                                                                                                                "Index Name": "info_type_pkey",
                                                                                                                                "Startup Cost": 0.0,
                                                                                                                                "Total Cost": 0.15,
                                                                                                                                "Plan Rows": 1,
                                                                                                                                "Plan Width": 0,
                                                                                                                                "Actual Startup Time": 0.001,
                                                                                                                                "Actual Total Time": 0.001,
                                                                                                                                "Actual Rows": 1,
                                                                                                                                "Actual Loops": 669336,
                                                                                                                                "Index Cond": "(it1.id = mi.info_type_id)"
                                                                                                                            }
                                                                                                                        ]
                                                                                                                    }
                                                                                                                ]
                                                                                                            },
                                                                                                            {
                                                                                                                "Node Type": "Bitmap Heap Scan",
                                                                                                                "Parent Relationship": "Inner",
                                                                                                                "Parallel Aware": false,
                                                                                                                "Relation Name": "movie_keyword",
                                                                                                                "Schema": "public",
                                                                                                                "Alias": "mk",
                                                                                                                "Startup Cost": 0.92,
                                                                                                                "Total Cost": 5.49,
                                                                                                                "Plan Rows": 46,
                                                                                                                "Plan Width": 8,
                                                                                                                "Actual Startup Time": 0.003,
                                                                                                                "Actual Total Time": 0.003,
                                                                                                                "Actual Rows": 5,
                                                                                                                "Actual Loops": 588764,
                                                                                                                "Output": [
                                                                                                                    "mk.id",
                                                                                                                    "mk.movie_id",
                                                                                                                    "mk.keyword_id"
                                                                                                                ],
                                                                                                                "Recheck Cond": "(mk.movie_id = mi.movie_id)",
                                                                                                                "Rows Removed by Index Recheck": 0,
                                                                                                                "Exact Heap Blocks": 257208,
                                                                                                                "Lossy Heap Blocks": 0,
                                                                                                                "Plans": [
                                                                                                                    {
                                                                                                                        "Node Type": "Bitmap Index Scan",
                                                                                                                        "Parent Relationship": "Outer",
                                                                                                                        "Parallel Aware": false,
                                                                                                                        "Index Name": "movie_id_movie_keyword",
                                                                                                                        "Startup Cost": 0.0,
                                                                                                                        "Total Cost": 0.91,
                                                                                                                        "Plan Rows": 46,
                                                                                                                        "Plan Width": 0,
                                                                                                                        "Actual Startup Time": 0.002,
                                                                                                                        "Actual Total Time": 0.002,
                                                                                                                        "Actual Rows": 5,
                                                                                                                        "Actual Loops": 588764,
                                                                                                                        "Index Cond": "(mk.movie_id = mi.movie_id)"
                                                                                                                    }
                                                                                                                ]
                                                                                                            }
                                                                                                        ]
                                                                                                    },
                                                                                                    {
                                                                                                        "Node Type": "Hash",
                                                                                                        "Parent Relationship": "Inner",
                                                                                                        "Parallel Aware": false,
                                                                                                        "Startup Cost": 25185.44,
                                                                                                        "Total Cost": 25185.44,
                                                                                                        "Plan Rows": 1172563,
                                                                                                        "Plan Width": 13,
                                                                                                        "Actual Startup Time": 562.289,
                                                                                                        "Actual Total Time": 562.29,
                                                                                                        "Actual Rows": 1172960,
                                                                                                        "Actual Loops": 1,
                                                                                                        "Output": [
                                                                                                            "mi_idx.info",
                                                                                                            "mi_idx.movie_id",
                                                                                                            "mi_idx.info_type_id"
                                                                                                        ],
                                                                                                        "Hash Buckets": 2097152,
                                                                                                        "Original Hash Buckets": 2097152,
                                                                                                        "Hash Batches": 1,
                                                                                                        "Original Hash Batches": 1,
                                                                                                        "Peak Memory Usage": 70439,
                                                                                                        "Plans": [
                                                                                                            {
                                                                                                                "Node Type": "Seq Scan",
                                                                                                                "Parent Relationship": "Outer",
                                                                                                                "Parallel Aware": false,
                                                                                                                "Relation Name": "movie_info_idx",
                                                                                                                "Schema": "public",
                                                                                                                "Alias": "mi_idx",
                                                                                                                "Startup Cost": 0.0,
                                                                                                                "Total Cost": 25185.44,
                                                                                                                "Plan Rows": 1172563,
                                                                                                                "Plan Width": 13,
                                                                                                                "Actual Startup Time": 0.022,
                                                                                                                "Actual Total Time": 279.679,
                                                                                                                "Actual Rows": 1172960,
                                                                                                                "Actual Loops": 1,
                                                                                                                "Output": [
                                                                                                                    "mi_idx.info",
                                                                                                                    "mi_idx.movie_id",
                                                                                                                    "mi_idx.info_type_id"
                                                                                                                ],
                                                                                                                "Filter": "(mi_idx.info < '7.0'::text)",
                                                                                                                "Rows Removed by Filter": 207075
                                                                                                            }
                                                                                                        ]
                                                                                                    }
                                                                                                ]
                                                                                            }
                                                                                        ]
                                                                                    }
                                                                                ]
                                                                            },
                                                                            {
                                                                                "Node Type": "Hash",
                                                                                "Parent Relationship": "Inner",
                                                                                "Parallel Aware": false,
                                                                                "Startup Cost": 10000005932.46,
                                                                                "Total Cost": 10000005932.46,
                                                                                "Plan Rows": 126107,
                                                                                "Plan Width": 23,
                                                                                "Actual Startup Time": 69.893,
                                                                                "Actual Total Time": 69.894,
                                                                                "Actual Rows": 126230,
                                                                                "Actual Loops": 1,
                                                                                "Output": [
                                                                                    "cn.name",
                                                                                    "cn.id"
                                                                                ],
                                                                                "Hash Buckets": 131072,
                                                                                "Original Hash Buckets": 131072,
                                                                                "Hash Batches": 1,
                                                                                "Original Hash Batches": 1,
                                                                                "Peak Memory Usage": 7968,
                                                                                "Plans": [
                                                                                    {
                                                                                        "Node Type": "Seq Scan",
                                                                                        "Parent Relationship": "Outer",
                                                                                        "Parallel Aware": false,
                                                                                        "Relation Name": "company_name",
                                                                                        "Schema": "public",
                                                                                        "Alias": "cn",
                                                                                        "Startup Cost": 10000000000.0,
                                                                                        "Total Cost": 10000005932.46,
                                                                                        "Plan Rows": 126107,
                                                                                        "Plan Width": 23,
                                                                                        "Actual Startup Time": 0.019,
                                                                                        "Actual Total Time": 41.118,
                                                                                        "Actual Rows": 126230,
                                                                                        "Actual Loops": 1,
                                                                                        "Output": [
                                                                                            "cn.name",
                                                                                            "cn.id"
                                                                                        ],
                                                                                        "Filter": "((cn.country_code)::text <> '[us]'::text)",
                                                                                        "Rows Removed by Filter": 108767
                                                                                    }
                                                                                ]
                                                                            }
                                                                        ]
                                                                    }
                                                                ]
                                                            }
                                                        ]
                                                    }
                                                ]
                                            }
                                        ]
                                    }
                                ]
                            }
                        ]
                    },
                    {
                        "Node Type": "Bitmap Heap Scan",
                        "Parent Relationship": "Inner",
                        "Parallel Aware": false,
                        "Relation Name": "company_type",
                        "Schema": "public",
                        "Alias": "ct",
                        "Startup Cost": 0.14,
                        "Total Cost": 4.15,
                        "Plan Rows": 1,
                        "Plan Width": 4,
                        "Actual Startup Time": 0.002,
                        "Actual Total Time": 0.002,
                        "Actual Rows": 1,
                        "Actual Loops": 29856,
                        "Output": [
                            "ct.id",
                            "ct.kind"
                        ],
                        "Recheck Cond": "(ct.id = mc.company_type_id)",
                        "Rows Removed by Index Recheck": 0,
                        "Exact Heap Blocks": 29856,
                        "Lossy Heap Blocks": 0,
                        "Plans": [
                            {
                                "Node Type": "Bitmap Index Scan",
                                "Parent Relationship": "Outer",
                                "Parallel Aware": false,
                                "Index Name": "company_type_pkey",
                                "Startup Cost": 0.0,
                                "Total Cost": 0.14,
                                "Plan Rows": 1,
                                "Plan Width": 0,
                                "Actual Startup Time": 0.001,
                                "Actual Total Time": 0.001,
                                "Actual Rows": 1,
                                "Actual Loops": 29856,
                                "Index Cond": "(ct.id = mc.company_type_id)"
                            }
                        ]
                    }
                ]
            }
        ]
    },
    "Planning Time": 26.642,
    "Triggers": [],
    "Execution Time": 29408.145
}