{
  "Plan": {
    "Node Type": "Aggregate",
    "Strategy": "Plain",
    "Partial Mode": "Finalize",
    "Parallel Aware": false,
    "Startup Cost": 2449660.7,
    "Total Cost": 2449660.71,
    "Plan Rows": 1,
    "Plan Width": 8,
    "Actual Startup Time": 13263.594,
    "Actual Total Time": 13315.375,
    "Actual Rows": 1,
    "Actual Loops": 1,
    "Plans": [
      {
        "Node Type": "Gather",
        "Parent Relationship": "Outer",
        "Parallel Aware": false,
        "Startup Cost": 2449660.59,
        "Total Cost": 2449660.7,
        "Plan Rows": 1,
        "Plan Width": 8,
        "Actual Startup Time": 13167.07,
        "Actual Total Time": 13315.358,
        "Actual Rows": 2,
        "Actual Loops": 1,
        "Workers Planned": 1,
        "Workers Launched": 1,
        "Single Copy": false,
        "Plans": [
          {
            "Node Type": "Aggregate",
            "Strategy": "Plain",
            "Partial Mode": "Partial",
            "Parent Relationship": "Outer",
            "Parallel Aware": false,
            "Startup Cost": 2448660.59,
            "Total Cost": 2448660.6,
            "Plan Rows": 1,
            "Plan Width": 8,
            "Actual Startup Time": 13189.715,
            "Actual Total Time": 13189.726,
            "Actual Rows": 1,
            "Actual Loops": 2,
            "Plans": [
              {
                "Node Type": "Merge Join",
                "Parent Relationship": "Outer",
                "Parallel Aware": false,
                "Join Type": "Inner",
                "Startup Cost": 2340506.85,
                "Total Cost": 2442455.75,
                "Plan Rows": 2481935,
                "Plan Width": 0,
                "Actual Startup Time": 11115.899,
                "Actual Total Time": 13144.539,
                "Actual Rows": 1092209,
                "Actual Loops": 2,
                "Inner Unique": false,
                "Merge Cond": "(t.id = mi.movie_id)",
                "Plans": [
                  {
                    "Node Type": "Sort",
                    "Parent Relationship": "Outer",
                    "Parallel Aware": false,
                    "Startup Cost": 2117936.16,
                    "Total Cost": 2150321.16,
                    "Plan Rows": 12954000,
                    "Plan Width": 8,
                    "Actual Startup Time": 10941.961,
                    "Actual Total Time": 12008.909,
                    "Actual Rows": 10709940,
                    "Actual Loops": 2,
                    "Sort Key": [
                      "t.id"
                    ],
                    "Sort Method": "quicksort",
                    "Sort Space Used": 889898,
                    "Sort Space Type": "Memory",
                    "Workers": [
                      {
                        "Worker Number": 0,
                        "Sort Method": "quicksort",
                        "Sort Space Used": 900593,
                        "Sort Space Type": "Memory"
                      }
                    ],
                    "Plans": [
                      {
                        "Node Type": "Hash Join",
                        "Parent Relationship": "Outer",
                        "Parallel Aware": true,
                        "Join Type": "Inner",
                        "Startup Cost": 65888.86,
                        "Total Cost": 587622.22,
                        "Plan Rows": 12954000,
                        "Plan Width": 8,
                        "Actual Startup Time": 350.798,
                        "Actual Total Time": 8154.493,
                        "Actual Rows": 10709942,
                        "Actual Loops": 2,
                        "Inner Unique": true,
                        "Hash Cond": "(ci.movie_id = t.id)",
                        "Plans": [
                          {
                            "Node Type": "Seq Scan",
                            "Parent Relationship": "Outer",
                            "Parallel Aware": true,
                            "Relation Name": "cast_info",
                            "Alias": "ci",
                            "Startup Cost": 0.0,
                            "Total Cost": 465792.95,
                            "Plan Rows": 21310595,
                            "Plan Width": 4,
                            "Actual Startup Time": 0.012,
                            "Actual Total Time": 1423.655,
                            "Actual Rows": 18122172,
                            "Actual Loops": 2
                          },
                          {
                            "Node Type": "Hash",
                            "Parent Relationship": "Inner",
                            "Parallel Aware": true,
                            "Startup Cost": 54588.39,
                            "Total Cost": 54588.39,
                            "Plan Rows": 904038,
                            "Plan Width": 4,
                            "Actual Startup Time": 339.633,
                            "Actual Total Time": 339.635,
                            "Actual Rows": 771632,
                            "Actual Loops": 2,
                            "Hash Buckets": 2097152,
                            "Original Hash Buckets": 2097152,
                            "Hash Batches": 1,
                            "Original Hash Batches": 1,
                            "Peak Memory Usage": 76768,
                            "Plans": [
                              {
                                "Node Type": "Seq Scan",
                                "Parent Relationship": "Outer",
                                "Parallel Aware": true,
                                "Relation Name": "title",
                                "Alias": "t",
                                "Startup Cost": 0.0,
                                "Total Cost": 54588.39,
                                "Plan Rows": 904038,
                                "Plan Width": 4,
                                "Actual Startup Time": 0.023,
                                "Actual Total Time": 149.202,
                                "Actual Rows": 771632,
                                "Actual Loops": 2,
                                "Filter": "(kind_id = 7)",
                                "Rows Removed by Filter": 492524
                              }
                            ]
                          }
                        ]
                      }
                    ]
                  },
                  {
                    "Node Type": "Sort",
                    "Parent Relationship": "Inner",
                    "Parallel Aware": false,
                    "Startup Cost": 222569.38,
                    "Total Cost": 223780.41,
                    "Plan Rows": 484411,
                    "Plan Width": 4,
                    "Actual Startup Time": 173.815,
                    "Actual Total Time": 226.978,
                    "Actual Rows": 1524146,
                    "Actual Loops": 2,
                    "Sort Key": [
                      "mi.movie_id"
                    ],
                    "Sort Method": "quicksort",
                    "Sort Space Used": 35096,
                    "Sort Space Type": "Memory",
                    "Workers": [
                      {
                        "Worker Number": 0,
                        "Sort Method": "quicksort",
                        "Sort Space Used": 35096,
                        "Sort Space Type": "Memory"
                      }
                    ],
                    "Plans": [
                      {
                        "Node Type": "Bitmap Heap Scan",
                        "Parent Relationship": "Outer",
                        "Parallel Aware": false,
                        "Relation Name": "movie_info",
                        "Alias": "mi",
                        "Startup Cost": 8778.62,
                        "Total Cost": 176826.76,
                        "Plan Rows": 484411,
                        "Plan Width": 4,
                        "Actual Startup Time": 20.098,
                        "Actual Total Time": 72.749,
                        "Actual Rows": 486554,
                        "Actual Loops": 2,
                        "Recheck Cond": "(info_type_id = 5)",
                        "Rows Removed by Index Recheck": 0,
                        "Exact Heap Blocks": 5146,
                        "Lossy Heap Blocks": 0,
                        "Plans": [
                          {
                            "Node Type": "Bitmap Index Scan",
                            "Parent Relationship": "Outer",
                            "Parallel Aware": false,
                            "Index Name": "info_type_id_movie_info",
                            "Startup Cost": 0.0,
                            "Total Cost": 8657.52,
                            "Plan Rows": 484411,
                            "Plan Width": 0,
                            "Actual Startup Time": 19.513,
                            "Actual Total Time": 19.513,
                            "Actual Rows": 486554,
                            "Actual Loops": 2,
                            "Index Cond": "(info_type_id = 5)"
                          }
                        ]
                      }
                    ]
                  }
                ]
              }
            ]
          }
        ]
      }
    ]
  },
  "Planning Time": 0.617,
  "Triggers": [],
  "Execution Time": 13362.802
}