[
  {
    "Plan": {
      "Node Type": "Aggregate",
      "Strategy": "Plain",
      "Partial Mode": "Finalize",
      "Parallel Aware": false,
      "Startup Cost": 335128.64,
      "Total Cost": 335128.65,
      "Plan Rows": 1,
      "Plan Width": 8,
      "Actual Startup Time": 690.183,
      "Actual Total Time": 735.578,
      "Actual Rows": 1,
      "Actual Loops": 1,
      "Plans": [
        {
          "Node Type": "Gather",
          "Parent Relationship": "Outer",
          "Parallel Aware": false,
          "Startup Cost": 335128.01,
          "Total Cost": 335128.62,
          "Plan Rows": 6,
          "Plan Width": 8,
          "Actual Startup Time": 689.978,
          "Actual Total Time": 735.56,
          "Actual Rows": 7,
          "Actual Loops": 1,
          "Workers Planned": 6,
          "Workers Launched": 6,
          "Single Copy": false,
          "Plans": [
            {
              "Node Type": "Aggregate",
              "Strategy": "Plain",
              "Partial Mode": "Partial",
              "Parent Relationship": "Outer",
              "Parallel Aware": false,
              "Startup Cost": 334128.01,
              "Total Cost": 334128.02,
              "Plan Rows": 1,
              "Plan Width": 8,
              "Actual Startup Time": 684.299,
              "Actual Total Time": 684.3,
              "Actual Rows": 1,
              "Actual Loops": 7,
              "Plans": [
                {
                  "Node Type": "Seq Scan",
                  "Parent Relationship": "Outer",
                  "Parallel Aware": true,
                  "Relation Name": "cast_info",
                  "Alias": "ci",
                  "Startup Cost": 0.0,
                  "Total Cost": 328211.39,
                  "Plan Rows": 2366649,
                  "Plan Width": 0,
                  "Actual Startup Time": 0.037,
                  "Actual Total Time": 583.151,
                  "Actual Rows": 2047990,
                  "Actual Loops": 7,
                  "Filter": "(person_id < 1411591)",
                  "Rows Removed by Filter": 3129773
                }
              ]
            }
          ]
        }
      ]
    },
    "Planning Time": 0.149,
    "Triggers": [],
    "Execution Time": 735.634
  }
]