[
  {
    "Plan": {
      "Node Type": "Aggregate",
      "Strategy": "Plain",
      "Partial Mode": "Finalize",
      "Parallel Aware": false,
      "Startup Cost": 83066.93,
      "Total Cost": 83066.94,
      "Plan Rows": 1,
      "Plan Width": 8,
      "Actual Startup Time": 536.935,
      "Actual Total Time": 553.544,
      "Actual Rows": 1,
      "Actual Loops": 1,
      "Plans": [
        {
          "Node Type": "Gather",
          "Parent Relationship": "Outer",
          "Parallel Aware": false,
          "Startup Cost": 83066.61,
          "Total Cost": 83066.92,
          "Plan Rows": 3,
          "Plan Width": 8,
          "Actual Startup Time": 522.006,
          "Actual Total Time": 553.536,
          "Actual Rows": 4,
          "Actual Loops": 1,
          "Workers Planned": 3,
          "Workers Launched": 3,
          "Single Copy": false,
          "Plans": [
            {
              "Node Type": "Aggregate",
              "Strategy": "Plain",
              "Partial Mode": "Partial",
              "Parent Relationship": "Outer",
              "Parallel Aware": false,
              "Startup Cost": 82066.61,
              "Total Cost": 82066.62,
              "Plan Rows": 1,
              "Plan Width": 8,
              "Actual Startup Time": 513.605,
              "Actual Total Time": 513.608,
              "Actual Rows": 1,
              "Actual Loops": 4,
              "Plans": [
                {
                  "Node Type": "Hash Join",
                  "Parent Relationship": "Outer",
                  "Parallel Aware": true,
                  "Join Type": "Inner",
                  "Startup Cost": 50705.39,
                  "Total Cost": 81142.47,
                  "Plan Rows": 369655,
                  "Plan Width": 0,
                  "Actual Startup Time": 347.192,
                  "Actual Total Time": 499.223,
                  "Actual Rows": 267192,
                  "Actual Loops": 4,
                  "Inner Unique": true,
                  "Hash Cond": "(mc.movie_id = t.id)",
                  "Plans": [
                    {
                      "Node Type": "Seq Scan",
                      "Parent Relationship": "Outer",
                      "Parallel Aware": true,
                      "Relation Name": "movie_companies",
                      "Alias": "mc",
                      "Startup Cost": 0.0,
                      "Total Cost": 29310.68,
                      "Plan Rows": 429104,
                      "Plan Width": 4,
                      "Actual Startup Time": 29.824,
                      "Actual Total Time": 72.386,
                      "Actual Rows": 333721,
                      "Actual Loops": 4,
                      "Filter": "(company_type_id = 2)",
                      "Rows Removed by Filter": 318562
                    },
                    {
                      "Node Type": "Hash",
                      "Parent Relationship": "Inner",
                      "Parallel Aware": true,
                      "Startup Cost": 43899.01,
                      "Total Cost": 43899.01,
                      "Plan Rows": 544511,
                      "Plan Width": 4,
                      "Actual Startup Time": 310.928,
                      "Actual Total Time": 310.929,
                      "Actual Rows": 545579,
                      "Actual Loops": 4,
                      "Hash Buckets": 4194304,
                      "Original Hash Buckets": 4194304,
                      "Hash Batches": 1,
                      "Original Hash Batches": 1,
                      "Peak Memory Usage": 118240,
                      "Plans": [
                        {
                          "Node Type": "Seq Scan",
                          "Parent Relationship": "Outer",
                          "Parallel Aware": true,
                          "Relation Name": "title",
                          "Alias": "t",
                          "Startup Cost": 0.0,
                          "Total Cost": 43899.01,
                          "Plan Rows": 544511,
                          "Plan Width": 4,
                          "Actual Startup Time": 0.041,
                          "Actual Total Time": 115.691,
                          "Actual Rows": 545579,
                          "Actual Loops": 4,
                          "Filter": "(production_year > 1962)",
                          "Rows Removed by Filter": 86499
                        }
                      ]
                    }
                  ]
                }
              ]
            }
          ]
        }
      ]
    },
    "Planning Time": 0.219,
    "Triggers": [],
    "Execution Time": 553.575
  }
]