[
    {
        "Bao": {
            "Bao prediction": "NaN",
            "Bao recommended hint": "(no hint)"
        }
    },
    {
        "Plan": {
            "Node Type": "Aggregate",
            "Strategy": "Plain",
            "Partial Mode": "Finalize",
            "Parallel Aware": false,
            "Startup Cost": 352642.53,
            "Total Cost": 352642.54,
            "Plan Rows": 1,
            "Plan Width": 8,
            "Actual Startup Time": 845.797,
            "Actual Total Time": 877.669,
            "Actual Rows": 1,
            "Actual Loops": 1,
            "Output": [
                "count(*)"
            ],
            "Plans": [
                {
                    "Node Type": "Gather",
                    "Parent Relationship": "Outer",
                    "Parallel Aware": false,
                    "Startup Cost": 352641.91,
                    "Total Cost": 352642.52,
                    "Plan Rows": 6,
                    "Plan Width": 8,
                    "Actual Startup Time": 845.693,
                    "Actual Total Time": 877.659,
                    "Actual Rows": 7,
                    "Actual Loops": 1,
                    "Output": [
                        "(PARTIAL count(*))"
                    ],
                    "Workers Planned": 6,
                    "Workers Launched": 6,
                    "Single Copy": false,
                    "Plans": [
                        {
                            "Node Type": "Aggregate",
                            "Strategy": "Plain",
                            "Partial Mode": "Partial",
                            "Parent Relationship": "Outer",
                            "Parallel Aware": false,
                            "Startup Cost": 351641.91,
                            "Total Cost": 351641.92,
                            "Plan Rows": 1,
                            "Plan Width": 8,
                            "Actual Startup Time": 836.038,
                            "Actual Total Time": 836.039,
                            "Actual Rows": 1,
                            "Actual Loops": 7,
                            "Output": [
                                "PARTIAL count(*)"
                            ],
                            "Workers": [
                                {
                                    "Worker Number": 0,
                                    "Actual Startup Time": 833.628,
                                    "Actual Total Time": 833.629,
                                    "Actual Rows": 1,
                                    "Actual Loops": 1
                                },
                                {
                                    "Worker Number": 1,
                                    "Actual Startup Time": 833.911,
                                    "Actual Total Time": 833.912,
                                    "Actual Rows": 1,
                                    "Actual Loops": 1
                                },
                                {
                                    "Worker Number": 2,
                                    "Actual Startup Time": 834.265,
                                    "Actual Total Time": 834.266,
                                    "Actual Rows": 1,
                                    "Actual Loops": 1
                                },
                                {
                                    "Worker Number": 3,
                                    "Actual Startup Time": 834.826,
                                    "Actual Total Time": 834.827,
                                    "Actual Rows": 1,
                                    "Actual Loops": 1
                                },
                                {
                                    "Worker Number": 4,
                                    "Actual Startup Time": 835.114,
                                    "Actual Total Time": 835.115,
                                    "Actual Rows": 1,
                                    "Actual Loops": 1
                                },
                                {
                                    "Worker Number": 5,
                                    "Actual Startup Time": 835.315,
                                    "Actual Total Time": 835.316,
                                    "Actual Rows": 1,
                                    "Actual Loops": 1
                                }
                            ],
                            "Plans": [
                                {
                                    "Node Type": "Seq Scan",
                                    "Parent Relationship": "Outer",
                                    "Parallel Aware": true,
                                    "Relation Name": "cast_info",
                                    "Schema": "public",
                                    "Alias": "ci",
                                    "Startup Cost": 0.0,
                                    "Total Cost": 343318.94,
                                    "Plan Rows": 3329188,
                                    "Plan Width": 0,
                                    "Actual Startup Time": 223.317,
                                    "Actual Total Time": 703.614,
                                    "Actual Rows": 2598697,
                                    "Actual Loops": 7,
                                    "Output": [
                                        "id",
                                        "person_id",
                                        "movie_id",
                                        "person_role_id",
                                        "note",
                                        "nr_order",
                                        "role_id"
                                    ],
                                    "Filter": "((ci.person_id < 3119928) AND (ci.role_id > 1))",
                                    "Rows Removed by Filter": 2579067,
                                    "Workers": [
                                        {
                                            "Worker Number": 0,
                                            "Actual Startup Time": 220.898,
                                            "Actual Total Time": 701.805,
                                            "Actual Rows": 1985506,
                                            "Actual Loops": 1
                                        },
                                        {
                                            "Worker Number": 1,
                                            "Actual Startup Time": 221.189,
                                            "Actual Total Time": 703.657,
                                            "Actual Rows": 3169991,
                                            "Actual Loops": 1
                                        },
                                        {
                                            "Worker Number": 2,
                                            "Actual Startup Time": 221.559,
                                            "Actual Total Time": 702.624,
                                            "Actual Rows": 1979126,
                                            "Actual Loops": 1
                                        },
                                        {
                                            "Worker Number": 3,
                                            "Actual Startup Time": 222.094,
                                            "Actual Total Time": 702.689,
                                            "Actual Rows": 1987475,
                                            "Actual Loops": 1
                                        },
                                        {
                                            "Worker Number": 4,
                                            "Actual Startup Time": 222.389,
                                            "Actual Total Time": 705.456,
                                            "Actual Rows": 3181220,
                                            "Actual Loops": 1
                                        },
                                        {
                                            "Worker Number": 5,
                                            "Actual Startup Time": 222.601,
                                            "Actual Total Time": 704.406,
                                            "Actual Rows": 2255990,
                                            "Actual Loops": 1
                                        }
                                    ]
                                }
                            ]
                        }
                    ]
                }
            ]
        },
        "Planning Time": 213.769,
        "Triggers": [],
        "Execution Time": 877.725
    }
]