{
  "Plan": {
    "Node Type": "Aggregate",
    "Strategy": "Plain",
    "Partial Mode": "Finalize",
    "Parallel Aware": false,
    "Startup Cost": 144482.55,
    "Total Cost": 144482.56,
    "Plan Rows": 1,
    "Plan Width": 8,
    "Actual Startup Time": 861.876,
    "Actual Total Time": 884.461,
    "Actual Rows": 1,
    "Actual Loops": 1,
    "Plans": [
      {
        "Node Type": "Gather",
        "Parent Relationship": "Outer",
        "Parallel Aware": false,
        "Startup Cost": 144482.44,
        "Total Cost": 144482.55,
        "Plan Rows": 1,
        "Plan Width": 8,
        "Actual Startup Time": 856.699,
        "Actual Total Time": 884.455,
        "Actual Rows": 2,
        "Actual Loops": 1,
        "Workers Planned": 1,
        "Workers Launched": 1,
        "Single Copy": false,
        "Plans": [
          {
            "Node Type": "Aggregate",
            "Strategy": "Plain",
            "Partial Mode": "Partial",
            "Parent Relationship": "Outer",
            "Parallel Aware": false,
            "Startup Cost": 143482.44,
            "Total Cost": 143482.45,
            "Plan Rows": 1,
            "Plan Width": 8,
            "Actual Startup Time": 849.809,
            "Actual Total Time": 849.815,
            "Actual Rows": 1,
            "Actual Loops": 2,
            "Plans": [
              {
                "Node Type": "Hash Join",
                "Parent Relationship": "Outer",
                "Parallel Aware": true,
                "Join Type": "Inner",
                "Startup Cost": 111354.52,
                "Total Cost": 143382.37,
                "Plan Rows": 40029,
                "Plan Width": 0,
                "Actual Startup Time": 654.722,
                "Actual Total Time": 843.523,
                "Actual Rows": 134272,
                "Actual Loops": 2,
                "Inner Unique": false,
                "Hash Cond": "(t.id = mc.movie_id)",
                "Plans": [
                  {
                    "Node Type": "Hash Join",
                    "Parent Relationship": "Outer",
                    "Parallel Aware": true,
                    "Join Type": "Inner",
                    "Startup Cost": 81840.32,
                    "Total Cost": 111486.97,
                    "Plan Rows": 343316,
                    "Plan Width": 8,
                    "Actual Startup Time": 541.189,
                    "Actual Total Time": 682.949,
                    "Actual Rows": 286751,
                    "Actual Loops": 2,
                    "Inner Unique": true,
                    "Hash Cond": "(mk.movie_id = t.id)",
                    "Plans": [
                      {
                        "Node Type": "Bitmap Heap Scan",
                        "Parent Relationship": "Outer",
                        "Parallel Aware": true,
                        "Relation Name": "movie_keyword",
                        "Alias": "mk",
                        "Startup Cost": 12379.62,
                        "Total Cost": 41125.07,
                        "Plan Rows": 343316,
                        "Plan Width": 4,
                        "Actual Startup Time": 36.91,
                        "Actual Total Time": 104.883,
                        "Actual Rows": 286751,
                        "Actual Loops": 2,
                        "Recheck Cond": "(keyword_id > 32041)",
                        "Rows Removed by Index Recheck": 0,
                        "Exact Heap Blocks": 11840,
                        "Lossy Heap Blocks": 0,
                        "Plans": [
                          {
                            "Node Type": "Bitmap Index Scan",
                            "Parent Relationship": "Outer",
                            "Parallel Aware": false,
                            "Index Name": "keyword_id_movie_keyword",
                            "Startup Cost": 0.0,
                            "Total Cost": 12233.71,
                            "Plan Rows": 583637,
                            "Plan Width": 0,
                            "Actual Startup Time": 33.466,
                            "Actual Total Time": 33.466,
                            "Actual Rows": 573502,
                            "Actual Loops": 1,
                            "Index Cond": "(keyword_id > 32041)"
                          }
                        ]
                      },
                      {
                        "Node Type": "Hash",
                        "Parent Relationship": "Inner",
                        "Parallel Aware": true,
                        "Startup Cost": 50870.31,
                        "Total Cost": 50870.31,
                        "Plan Rows": 1487231,
                        "Plan Width": 4,
                        "Actual Startup Time": 492.236,
                        "Actual Total Time": 492.237,
                        "Actual Rows": 1264156,
                        "Actual Loops": 2,
                        "Hash Buckets": 4194304,
                        "Original Hash Buckets": 4194304,
                        "Hash Batches": 1,
                        "Original Hash Batches": 1,
                        "Peak Memory Usage": 131712,
                        "Plans": [
                          {
                            "Node Type": "Seq Scan",
                            "Parent Relationship": "Outer",
                            "Parallel Aware": true,
                            "Relation Name": "title",
                            "Alias": "t",
                            "Startup Cost": 0.0,
                            "Total Cost": 50870.31,
                            "Plan Rows": 1487231,
                            "Plan Width": 4,
                            "Actual Startup Time": 0.021,
                            "Actual Total Time": 150.484,
                            "Actual Rows": 1264156,
                            "Actual Loops": 2
                          }
                        ]
                      }
                    ]
                  },
                  {
                    "Node Type": "Hash",
                    "Parent Relationship": "Inner",
                    "Parallel Aware": true,
                    "Startup Cost": 27346.63,
                    "Total Cost": 27346.63,
                    "Plan Rows": 173406,
                    "Plan Width": 4,
                    "Actual Startup Time": 107.755,
                    "Actual Total Time": 107.756,
                    "Actual Rows": 146438,
                    "Actual Loops": 2,
                    "Hash Buckets": 524288,
                    "Original Hash Buckets": 524288,
                    "Hash Batches": 1,
                    "Original Hash Batches": 1,
                    "Peak Memory Usage": 15584,
                    "Plans": [
                      {
                        "Node Type": "Bitmap Heap Scan",
                        "Parent Relationship": "Outer",
                        "Parallel Aware": true,
                        "Relation Name": "movie_companies",
                        "Alias": "mc",
                        "Startup Cost": 6389.05,
                        "Total Cost": 27346.63,
                        "Plan Rows": 173406,
                        "Plan Width": 4,
                        "Actual Startup Time": 27.473,
                        "Actual Total Time": 76.787,
                        "Actual Rows": 146438,
                        "Actual Loops": 2,
                        "Recheck Cond": "(company_id < 160)",
                        "Rows Removed by Index Recheck": 0,
                        "Exact Heap Blocks": 11867,
                        "Lossy Heap Blocks": 0,
                        "Plans": [
                          {
                            "Node Type": "Bitmap Index Scan",
                            "Parent Relationship": "Outer",
                            "Parallel Aware": false,
                            "Index Name": "company_id_movie_companies",
                            "Startup Cost": 0.0,
                            "Total Cost": 6315.35,
                            "Plan Rows": 294790,
                            "Plan Width": 0,
                            "Actual Startup Time": 24.211,
                            "Actual Total Time": 24.211,
                            "Actual Rows": 292877,
                            "Actual Loops": 1,
                            "Index Cond": "(company_id < 160)"
                          }
                        ]
                      }
                    ]
                  }
                ]
              }
            ]
          }
        ]
      }
    ]
  },
  "Planning Time": 1.134,
  "Triggers": [],
  "Execution Time": 884.573
}