[
  {
    "Plan": {
      "Node Type": "Aggregate",
      "Strategy": "Plain",
      "Partial Mode": "Finalize",
      "Parallel Aware": false,
      "Startup Cost": 45098.56,
      "Total Cost": 45098.57,
      "Plan Rows": 1,
      "Plan Width": 8,
      "Actual Startup Time": 145.746,
      "Actual Total Time": 154.559,
      "Actual Rows": 1,
      "Actual Loops": 1,
      "Plans": [
        {
          "Node Type": "Gather",
          "Parent Relationship": "Outer",
          "Parallel Aware": false,
          "Startup Cost": 45098.24,
          "Total Cost": 45098.55,
          "Plan Rows": 3,
          "Plan Width": 8,
          "Actual Startup Time": 145.592,
          "Actual Total Time": 154.55,
          "Actual Rows": 4,
          "Actual Loops": 1,
          "Workers Planned": 3,
          "Workers Launched": 3,
          "Single Copy": false,
          "Plans": [
            {
              "Node Type": "Aggregate",
              "Strategy": "Plain",
              "Partial Mode": "Partial",
              "Parent Relationship": "Outer",
              "Parallel Aware": false,
              "Startup Cost": 44098.24,
              "Total Cost": 44098.25,
              "Plan Rows": 1,
              "Plan Width": 8,
              "Actual Startup Time": 138.535,
              "Actual Total Time": 138.536,
              "Actual Rows": 1,
              "Actual Loops": 4,
              "Plans": [
                {
                  "Node Type": "Seq Scan",
                  "Parent Relationship": "Outer",
                  "Parallel Aware": true,
                  "Relation Name": "movie_keyword",
                  "Alias": "mk",
                  "Startup Cost": 0.0,
                  "Total Cost": 42695.65,
                  "Plan Rows": 561035,
                  "Plan Width": 0,
                  "Actual Startup Time": 1.006,
                  "Actual Total Time": 116.557,
                  "Actual Rows": 432460,
                  "Actual Loops": 4,
                  "Filter": "(keyword_id > 8185)",
                  "Rows Removed by Filter": 698523
                }
              ]
            }
          ]
        }
      ]
    },
    "Planning Time": 0.164,
    "Triggers": [],
    "Execution Time": 154.608
  }
]