{
  "Plan": {
    "Node Type": "Aggregate",
    "Strategy": "Plain",
    "Partial Mode": "Finalize",
    "Parallel Aware": false,
    "Startup Cost": 88471.04,
    "Total Cost": 88471.05,
    "Plan Rows": 1,
    "Plan Width": 8,
    "Actual Startup Time": 553.648,
    "Actual Total Time": 566.87,
    "Actual Rows": 1,
    "Actual Loops": 1,
    "Plans": [
      {
        "Node Type": "Gather",
        "Parent Relationship": "Outer",
        "Parallel Aware": false,
        "Startup Cost": 88470.93,
        "Total Cost": 88471.04,
        "Plan Rows": 1,
        "Plan Width": 8,
        "Actual Startup Time": 550.717,
        "Actual Total Time": 566.863,
        "Actual Rows": 2,
        "Actual Loops": 1,
        "Workers Planned": 1,
        "Workers Launched": 1,
        "Single Copy": false,
        "Plans": [
          {
            "Node Type": "Aggregate",
            "Strategy": "Plain",
            "Partial Mode": "Partial",
            "Parent Relationship": "Outer",
            "Parallel Aware": false,
            "Startup Cost": 87470.93,
            "Total Cost": 87470.94,
            "Plan Rows": 1,
            "Plan Width": 8,
            "Actual Startup Time": 543.134,
            "Actual Total Time": 543.138,
            "Actual Rows": 1,
            "Actual Loops": 2,
            "Plans": [
              {
                "Node Type": "Hash Join",
                "Parent Relationship": "Outer",
                "Parallel Aware": true,
                "Join Type": "Inner",
                "Startup Cost": 68206.39,
                "Total Cost": 86390.18,
                "Plan Rows": 432299,
                "Plan Width": 0,
                "Actual Startup Time": 363.588,
                "Actual Total Time": 534.944,
                "Actual Rows": 205526,
                "Actual Loops": 2,
                "Inner Unique": true,
                "Hash Cond": "(mi_idx.movie_id = t.id)",
                "Plans": [
                  {
                    "Node Type": "Seq Scan",
                    "Parent Relationship": "Outer",
                    "Parallel Aware": true,
                    "Relation Name": "movie_info_idx",
                    "Alias": "mi_idx",
                    "Startup Cost": 0.0,
                    "Total Cost": 16052.85,
                    "Plan Rows": 811785,
                    "Plan Width": 4,
                    "Actual Startup Time": 0.02,
                    "Actual Total Time": 50.908,
                    "Actual Rows": 690018,
                    "Actual Loops": 2
                  },
                  {
                    "Node Type": "Hash",
                    "Parent Relationship": "Inner",
                    "Parallel Aware": true,
                    "Startup Cost": 58306.47,
                    "Total Cost": 58306.47,
                    "Plan Rows": 791994,
                    "Plan Width": 4,
                    "Actual Startup Time": 349.303,
                    "Actual Total Time": 349.303,
                    "Actual Rows": 712507,
                    "Actual Loops": 2,
                    "Hash Buckets": 2097152,
                    "Original Hash Buckets": 2097152,
                    "Hash Batches": 1,
                    "Original Hash Batches": 1,
                    "Peak Memory Usage": 72160,
                    "Plans": [
                      {
                        "Node Type": "Seq Scan",
                        "Parent Relationship": "Outer",
                        "Parallel Aware": true,
                        "Relation Name": "title",
                        "Alias": "t",
                        "Startup Cost": 0.0,
                        "Total Cost": 58306.47,
                        "Plan Rows": 791994,
                        "Plan Width": 4,
                        "Actual Startup Time": 0.029,
                        "Actual Total Time": 165.764,
                        "Actual Rows": 712507,
                        "Actual Loops": 2,
                        "Filter": "((production_year > 1960) AND (kind_id = 7))",
                        "Rows Removed by Filter": 551649
                      }
                    ]
                  }
                ]
              }
            ]
          }
        ]
      }
    ]
  },
  "Planning Time": 0.384,
  "Triggers": [],
  "Execution Time": 566.935
}