[
  {
    "Plan": {
      "Node Type": "Aggregate",
      "Strategy": "Plain",
      "Partial Mode": "Finalize",
      "Parallel Aware": false,
      "Startup Cost": 339829.71,
      "Total Cost": 339829.72,
      "Plan Rows": 1,
      "Plan Width": 8,
      "Actual Startup Time": 767.452,
      "Actual Total Time": 824.031,
      "Actual Rows": 1,
      "Actual Loops": 1,
      "Plans": [
        {
          "Node Type": "Gather",
          "Parent Relationship": "Outer",
          "Parallel Aware": false,
          "Startup Cost": 339829.08,
          "Total Cost": 339829.69,
          "Plan Rows": 6,
          "Plan Width": 8,
          "Actual Startup Time": 767.342,
          "Actual Total Time": 824.019,
          "Actual Rows": 7,
          "Actual Loops": 1,
          "Workers Planned": 6,
          "Workers Launched": 6,
          "Single Copy": false,
          "Plans": [
            {
              "Node Type": "Aggregate",
              "Strategy": "Plain",
              "Partial Mode": "Partial",
              "Parent Relationship": "Outer",
              "Parallel Aware": false,
              "Startup Cost": 338829.08,
              "Total Cost": 338829.09,
              "Plan Rows": 1,
              "Plan Width": 8,
              "Actual Startup Time": 760.055,
              "Actual Total Time": 760.056,
              "Actual Rows": 1,
              "Actual Loops": 7,
              "Plans": [
                {
                  "Node Type": "Seq Scan",
                  "Parent Relationship": "Outer",
                  "Parallel Aware": true,
                  "Relation Name": "cast_info",
                  "Alias": "ci",
                  "Startup Cost": 0.0,
                  "Total Cost": 328162.03,
                  "Plan Rows": 4266823,
                  "Plan Width": 0,
                  "Actual Startup Time": 120.391,
                  "Actual Total Time": 609.842,
                  "Actual Rows": 3654283,
                  "Actual Loops": 7,
                  "Filter": "(person_id > 1046391)",
                  "Rows Removed by Filter": 1523480
                }
              ]
            }
          ]
        }
      ]
    },
    "Planning Time": 0.205,
    "Triggers": [],
    "Execution Time": 824.11
  }
]