[
  {
    "Plan": {
      "Node Type": "Aggregate",
      "Strategy": "Plain",
      "Partial Mode": "Finalize",
      "Parallel Aware": false,
      "Startup Cost": 45692.78,
      "Total Cost": 45692.79,
      "Plan Rows": 1,
      "Plan Width": 8,
      "Actual Startup Time": 150.737,
      "Actual Total Time": 160.142,
      "Actual Rows": 1,
      "Actual Loops": 1,
      "Plans": [
        {
          "Node Type": "Gather",
          "Parent Relationship": "Outer",
          "Parallel Aware": false,
          "Startup Cost": 45692.46,
          "Total Cost": 45692.77,
          "Plan Rows": 3,
          "Plan Width": 8,
          "Actual Startup Time": 150.579,
          "Actual Total Time": 160.129,
          "Actual Rows": 4,
          "Actual Loops": 1,
          "Workers Planned": 3,
          "Workers Launched": 3,
          "Single Copy": false,
          "Plans": [
            {
              "Node Type": "Aggregate",
              "Strategy": "Plain",
              "Partial Mode": "Partial",
              "Parent Relationship": "Outer",
              "Parallel Aware": false,
              "Startup Cost": 44692.46,
              "Total Cost": 44692.47,
              "Plan Rows": 1,
              "Plan Width": 8,
              "Actual Startup Time": 147.272,
              "Actual Total Time": 147.273,
              "Actual Rows": 1,
              "Actual Loops": 4,
              "Plans": [
                {
                  "Node Type": "Seq Scan",
                  "Parent Relationship": "Outer",
                  "Parallel Aware": true,
                  "Relation Name": "movie_keyword",
                  "Alias": "mk",
                  "Startup Cost": 0.0,
                  "Total Cost": 42695.65,
                  "Plan Rows": 798722,
                  "Plan Width": 0,
                  "Actual Startup Time": 0.028,
                  "Actual Total Time": 118.313,
                  "Actual Rows": 622720,
                  "Actual Loops": 4,
                  "Filter": "(keyword_id < 6069)",
                  "Rows Removed by Filter": 508262
                }
              ]
            }
          ]
        }
      ]
    },
    "Planning Time": 0.107,
    "Triggers": [],
    "Execution Time": 160.177
  }
]