[
  {
    "Plan": {
      "Node Type": "Aggregate",
      "Strategy": "Plain",
      "Partial Mode": "Finalize",
      "Parallel Aware": false,
      "Startup Cost": 47142.82,
      "Total Cost": 47142.83,
      "Plan Rows": 1,
      "Plan Width": 8,
      "Actual Startup Time": 103.082,
      "Actual Total Time": 115.15,
      "Actual Rows": 1,
      "Actual Loops": 1,
      "Plans": [
        {
          "Node Type": "Gather",
          "Parent Relationship": "Outer",
          "Parallel Aware": false,
          "Startup Cost": 47142.4,
          "Total Cost": 47142.81,
          "Plan Rows": 4,
          "Plan Width": 8,
          "Actual Startup Time": 102.731,
          "Actual Total Time": 115.142,
          "Actual Rows": 5,
          "Actual Loops": 1,
          "Workers Planned": 4,
          "Workers Launched": 4,
          "Single Copy": false,
          "Plans": [
            {
              "Node Type": "Aggregate",
              "Strategy": "Plain",
              "Partial Mode": "Partial",
              "Parent Relationship": "Outer",
              "Parallel Aware": false,
              "Startup Cost": 46142.4,
              "Total Cost": 46142.41,
              "Plan Rows": 1,
              "Plan Width": 8,
              "Actual Startup Time": 97.07,
              "Actual Total Time": 97.071,
              "Actual Rows": 1,
              "Actual Loops": 5,
              "Plans": [
                {
                  "Node Type": "Seq Scan",
                  "Parent Relationship": "Outer",
                  "Parallel Aware": true,
                  "Relation Name": "title",
                  "Alias": "t",
                  "Startup Cost": 0.0,
                  "Total Cost": 45479.1,
                  "Plan Rows": 265320,
                  "Plan Width": 0,
                  "Actual Startup Time": 0.026,
                  "Actual Total Time": 84.78,
                  "Actual Rows": 230470,
                  "Actual Loops": 5,
                  "Filter": "((kind_id > 1) AND (production_year > 1999))",
                  "Rows Removed by Filter": 275192
                }
              ]
            }
          ]
        }
      ]
    },
    "Planning Time": 0.203,
    "Triggers": [],
    "Execution Time": 115.207
  }
]