[
  {
    "Plan": {
      "Node Type": "Aggregate",
      "Strategy": "Plain",
      "Partial Mode": "Finalize",
      "Parallel Aware": false,
      "Startup Cost": 84638.13,
      "Total Cost": 84638.14,
      "Plan Rows": 1,
      "Plan Width": 8,
      "Actual Startup Time": 344.494,
      "Actual Total Time": 360.331,
      "Actual Rows": 1,
      "Actual Loops": 1,
      "Plans": [
        {
          "Node Type": "Gather",
          "Parent Relationship": "Outer",
          "Parallel Aware": false,
          "Startup Cost": 84637.71,
          "Total Cost": 84638.12,
          "Plan Rows": 4,
          "Plan Width": 8,
          "Actual Startup Time": 338.466,
          "Actual Total Time": 360.32,
          "Actual Rows": 5,
          "Actual Loops": 1,
          "Workers Planned": 4,
          "Workers Launched": 4,
          "Single Copy": false,
          "Plans": [
            {
              "Node Type": "Aggregate",
              "Strategy": "Plain",
              "Partial Mode": "Partial",
              "Parent Relationship": "Outer",
              "Parallel Aware": false,
              "Startup Cost": 83637.71,
              "Total Cost": 83637.72,
              "Plan Rows": 1,
              "Plan Width": 8,
              "Actual Startup Time": 330.801,
              "Actual Total Time": 330.804,
              "Actual Rows": 1,
              "Actual Loops": 5,
              "Plans": [
                {
                  "Node Type": "Hash Join",
                  "Parent Relationship": "Outer",
                  "Parallel Aware": true,
                  "Join Type": "Inner",
                  "Startup Cost": 35635.83,
                  "Total Cost": 83061.52,
                  "Plan Rows": 230478,
                  "Plan Width": 0,
                  "Actual Startup Time": 126.275,
                  "Actual Total Time": 324.843,
                  "Actual Rows": 142522,
                  "Actual Loops": 5,
                  "Inner Unique": false,
                  "Hash Cond": "(t.id = mc.movie_id)",
                  "Plans": [
                    {
                      "Node Type": "Seq Scan",
                      "Parent Relationship": "Outer",
                      "Parallel Aware": true,
                      "Relation Name": "title",
                      "Alias": "t",
                      "Startup Cost": 0.0,
                      "Total Cost": 43898.92,
                      "Plan Rows": 556658,
                      "Plan Width": 4,
                      "Actual Startup Time": 0.011,
                      "Actual Total Time": 76.461,
                      "Actual Rows": 444914,
                      "Actual Loops": 5,
                      "Filter": "(production_year < 2012)",
                      "Rows Removed by Filter": 60749
                    },
                    {
                      "Node Type": "Hash",
                      "Parent Relationship": "Inner",
                      "Parallel Aware": true,
                      "Startup Cost": 31414.82,
                      "Total Cost": 31414.82,
                      "Plan Rows": 337681,
                      "Plan Width": 4,
                      "Actual Startup Time": 122.886,
                      "Actual Total Time": 122.887,
                      "Actual Rows": 154723,
                      "Actual Loops": 5,
                      "Hash Buckets": 1048576,
                      "Original Hash Buckets": 1048576,
                      "Hash Batches": 1,
                      "Original Hash Batches": 1,
                      "Peak Memory Usage": 38528,
                      "Plans": [
                        {
                          "Node Type": "Seq Scan",
                          "Parent Relationship": "Outer",
                          "Parallel Aware": true,
                          "Relation Name": "movie_companies",
                          "Alias": "mc",
                          "Startup Cost": 0.0,
                          "Total Cost": 31414.82,
                          "Plan Rows": 337681,
                          "Plan Width": 4,
                          "Actual Startup Time": 44.316,
                          "Actual Total Time": 74.862,
                          "Actual Rows": 154723,
                          "Actual Loops": 5,
                          "Filter": "((company_id < 71610) AND (company_type_id > 1))",
                          "Rows Removed by Filter": 367103
                        }
                      ]
                    }
                  ]
                }
              ]
            }
          ]
        }
      ]
    },
    "Planning Time": 0.518,
    "Triggers": [],
    "Execution Time": 360.4
  }
]