[
  {
    "Plan": {
      "Node Type": "Aggregate",
      "Strategy": "Plain",
      "Partial Mode": "Finalize",
      "Parallel Aware": false,
      "Startup Cost": 271719.64,
      "Total Cost": 271719.65,
      "Plan Rows": 1,
      "Plan Width": 8,
      "Actual Startup Time": 2674.462,
      "Actual Total Time": 2729.369,
      "Actual Rows": 1,
      "Actual Loops": 1,
      "Plans": [
        {
          "Node Type": "Gather",
          "Parent Relationship": "Outer",
          "Parallel Aware": false,
          "Startup Cost": 271719.32,
          "Total Cost": 271719.63,
          "Plan Rows": 3,
          "Plan Width": 8,
          "Actual Startup Time": 2670.282,
          "Actual Total Time": 2729.36,
          "Actual Rows": 4,
          "Actual Loops": 1,
          "Workers Planned": 3,
          "Workers Launched": 3,
          "Single Copy": false,
          "Plans": [
            {
              "Node Type": "Aggregate",
              "Strategy": "Plain",
              "Partial Mode": "Partial",
              "Parent Relationship": "Outer",
              "Parallel Aware": false,
              "Startup Cost": 270719.32,
              "Total Cost": 270719.33,
              "Plan Rows": 1,
              "Plan Width": 8,
              "Actual Startup Time": 2660.991,
              "Actual Total Time": 2660.995,
              "Actual Rows": 1,
              "Actual Loops": 4,
              "Plans": [
                {
                  "Node Type": "Nested Loop",
                  "Parent Relationship": "Outer",
                  "Parallel Aware": false,
                  "Join Type": "Inner",
                  "Startup Cost": 62437.15,
                  "Total Cost": 269769.81,
                  "Plan Rows": 379803,
                  "Plan Width": 0,
                  "Actual Startup Time": 205.815,
                  "Actual Total Time": 2393.84,
                  "Actual Rows": 6481652,
                  "Actual Loops": 4,
                  "Inner Unique": false,
                  "Plans": [
                    {
                      "Node Type": "Hash Join",
                      "Parent Relationship": "Outer",
                      "Parallel Aware": true,
                      "Join Type": "Inner",
                      "Startup Cost": 62436.71,
                      "Total Cost": 90261.71,
                      "Plan Rows": 64954,
                      "Plan Width": 8,
                      "Actual Startup Time": 205.659,
                      "Actual Total Time": 300.205,
                      "Actual Rows": 88551,
                      "Actual Loops": 4,
                      "Inner Unique": true,
                      "Hash Cond": "(mk.movie_id = t.id)",
                      "Plans": [
                        {
                          "Node Type": "Bitmap Heap Scan",
                          "Parent Relationship": "Outer",
                          "Parallel Aware": true,
                          "Relation Name": "movie_keyword",
                          "Alias": "mk",
                          "Startup Cost": 14655.02,
                          "Total Cost": 41894.96,
                          "Plan Rows": 222875,
                          "Plan Width": 4,
                          "Actual Startup Time": 41.763,
                          "Actual Total Time": 90.123,
                          "Actual Rows": 169194,
                          "Actual Loops": 4,
                          "Recheck Cond": "(keyword_id > 27677)",
                          "Rows Removed by Index Recheck": 0,
                          "Exact Heap Blocks": 6856,
                          "Lossy Heap Blocks": 0,
                          "Plans": [
                            {
                              "Node Type": "Bitmap Index Scan",
                              "Parent Relationship": "Outer",
                              "Parallel Aware": false,
                              "Index Name": "keyword_id_movie_keyword",
                              "Startup Cost": 0.0,
                              "Total Cost": 14482.29,
                              "Plan Rows": 690914,
                              "Plan Width": 0,
                              "Actual Startup Time": 38.122,
                              "Actual Total Time": 38.122,
                              "Actual Rows": 676774,
                              "Actual Loops": 1,
                              "Index Cond": "(keyword_id > 27677)"
                            }
                          ]
                        },
                        {
                          "Node Type": "Hash",
                          "Parent Relationship": "Inner",
                          "Parallel Aware": true,
                          "Startup Cost": 45479.1,
                          "Total Cost": 45479.1,
                          "Plan Rows": 184208,
                          "Plan Width": 4,
                          "Actual Startup Time": 158.715,
                          "Actual Total Time": 158.716,
                          "Actual Rows": 158978,
                          "Actual Loops": 4,
                          "Hash Buckets": 1048576,
                          "Original Hash Buckets": 1048576,
                          "Hash Batches": 1,
                          "Original Hash Batches": 1,
                          "Peak Memory Usage": 33152,
                          "Plans": [
                            {
                              "Node Type": "Seq Scan",
                              "Parent Relationship": "Outer",
                              "Parallel Aware": true,
                              "Relation Name": "title",
                              "Alias": "t",
                              "Startup Cost": 0.0,
                              "Total Cost": 45479.1,
                              "Plan Rows": 184208,
                              "Plan Width": 4,
                              "Actual Startup Time": 0.052,
                              "Actual Total Time": 101.784,
                              "Actual Rows": 158978,
                              "Actual Loops": 4,
                              "Filter": "((kind_id < 7) AND (production_year > 1984))",
                              "Rows Removed by Filter": 473100
                            }
                          ]
                        }
                      ]
                    },
                    {
                      "Node Type": "Index Only Scan",
                      "Parent Relationship": "Inner",
                      "Parallel Aware": false,
                      "Scan Direction": "Forward",
                      "Index Name": "movie_id_movie_info",
                      "Relation Name": "movie_info",
                      "Alias": "mi",
                      "Startup Cost": 0.43,
                      "Total Cost": 2.34,
                      "Plan Rows": 42,
                      "Plan Width": 4,
                      "Actual Startup Time": 0.004,
                      "Actual Total Time": 0.019,
                      "Actual Rows": 73,
                      "Actual Loops": 354204,
                      "Index Cond": "(movie_id = t.id)",
                      "Rows Removed by Index Recheck": 0,
                      "Heap Fetches": 25926607
                    }
                  ]
                }
              ]
            }
          ]
        }
      ]
    },
    "Planning Time": 1.438,
    "Triggers": [],
    "Execution Time": 2729.499
  }
]