[
  {
    "Plan": {
      "Node Type": "Aggregate",
      "Strategy": "Plain",
      "Partial Mode": "Finalize",
      "Parallel Aware": false,
      "Startup Cost": 33302.95,
      "Total Cost": 33302.96,
      "Plan Rows": 1,
      "Plan Width": 8,
      "Actual Startup Time": 93.119,
      "Actual Total Time": 101.468,
      "Actual Rows": 1,
      "Actual Loops": 1,
      "Plans": [
        {
          "Node Type": "Gather",
          "Parent Relationship": "Outer",
          "Parallel Aware": false,
          "Startup Cost": 33302.63,
          "Total Cost": 33302.94,
          "Plan Rows": 3,
          "Plan Width": 8,
          "Actual Startup Time": 93.02,
          "Actual Total Time": 101.457,
          "Actual Rows": 4,
          "Actual Loops": 1,
          "Workers Planned": 3,
          "Workers Launched": 3,
          "Single Copy": false,
          "Plans": [
            {
              "Node Type": "Aggregate",
              "Strategy": "Plain",
              "Partial Mode": "Partial",
              "Parent Relationship": "Outer",
              "Parallel Aware": false,
              "Startup Cost": 32302.63,
              "Total Cost": 32302.64,
              "Plan Rows": 1,
              "Plan Width": 8,
              "Actual Startup Time": 88.227,
              "Actual Total Time": 88.231,
              "Actual Rows": 1,
              "Actual Loops": 4,
              "Plans": [
                {
                  "Node Type": "Seq Scan",
                  "Parent Relationship": "Outer",
                  "Parallel Aware": true,
                  "Relation Name": "movie_companies",
                  "Alias": "mc",
                  "Startup Cost": 0.0,
                  "Total Cost": 31414.82,
                  "Plan Rows": 355125,
                  "Plan Width": 0,
                  "Actual Startup Time": 0.055,
                  "Actual Total Time": 76.024,
                  "Actual Rows": 250265,
                  "Actual Loops": 4,
                  "Filter": "((company_id > 166) AND (company_type_id = 1))",
                  "Rows Removed by Filter": 402017
                }
              ]
            }
          ]
        }
      ]
    },
    "Planning Time": 0.1,
    "Triggers": [],
    "Execution Time": 101.498
  }
]