{
    "Plan": {
        "Node Type": "Aggregate",
        "Strategy": "Plain",
        "Partial Mode": "Simple",
        "Parallel Aware": false,
        "Startup Cost": 20004076385.5,
        "Total Cost": 20004076385.51,
        "Plan Rows": 1,
        "Plan Width": 96,
        "Actual Startup Time": 11537.603,
        "Actual Total Time": 11618.86,
        "Actual Rows": 1,
        "Actual Loops": 1,
        "Output": [
            "min(cn.name)",
            "min((lt.link)::text)",
            "min(t.title)"
        ],
        "Plans": [
            {
                "Node Type": "Gather",
                "Parent Relationship": "Outer",
                "Parallel Aware": false,
                "Startup Cost": 20001585926.89,
                "Total Cost": 20004076385.49,
                "Plan Rows": 1,
                "Plan Width": 48,
                "Actual Startup Time": 8928.805,
                "Actual Total Time": 11618.766,
                "Actual Rows": 546,
                "Actual Loops": 1,
                "Output": [
                    "cn.name",
                    "lt.link",
                    "t.title"
                ],
                "Workers Planned": 3,
                "Workers Launched": 3,
                "Single Copy": false,
                "Plans": [
                    {
                        "Node Type": "Hash Join",
                        "Parent Relationship": "Outer",
                        "Parallel Aware": true,
                        "Join Type": "Inner",
                        "Startup Cost": 20001584926.89,
                        "Total Cost": 20004075385.39,
                        "Plan Rows": 1,
                        "Plan Width": 48,
                        "Actual Startup Time": 10226.311,
                        "Actual Total Time": 11509.768,
                        "Actual Rows": 136,
                        "Actual Loops": 4,
                        "Output": [
                            "cn.name",
                            "lt.link",
                            "t.title"
                        ],
                        "Inner Unique": false,
                        "Hash Cond": "(ml.movie_id = mc.movie_id)",
                        "Workers": [
                            {
                                "Worker Number": 0,
                                "Actual Startup Time": 11508.972,
                                "Actual Total Time": 11508.988,
                                "Actual Rows": 0,
                                "Actual Loops": 1
                            },
                            {
                                "Worker Number": 1,
                                "Actual Startup Time": 11507.075,
                                "Actual Total Time": 11507.089,
                                "Actual Rows": 0,
                                "Actual Loops": 1
                            },
                            {
                                "Worker Number": 2,
                                "Actual Startup Time": 8961.364,
                                "Actual Total Time": 11502.836,
                                "Actual Rows": 542,
                                "Actual Loops": 1
                            }
                        ],
                        "Plans": [
                            {
                                "Node Type": "Hash Join",
                                "Parent Relationship": "Outer",
                                "Parallel Aware": true,
                                "Join Type": "Inner",
                                "Startup Cost": 20001340507.5,
                                "Total Cost": 20003830965.99,
                                "Plan Rows": 1,
                                "Plan Width": 45,
                                "Actual Startup Time": 7215.176,
                                "Actual Total Time": 9922.939,
                                "Actual Rows": 60,
                                "Actual Loops": 4,
                                "Output": [
                                    "mk.movie_id",
                                    "mi.movie_id",
                                    "ml.movie_id",
                                    "lt.link",
                                    "t.title",
                                    "t.id"
                                ],
                                "Inner Unique": false,
                                "Hash Cond": "(ml.movie_id = t.id)",
                                "Workers": [
                                    {
                                        "Worker Number": 0,
                                        "Actual Startup Time": 7182.483,
                                        "Actual Total Time": 9924.751,
                                        "Actual Rows": 1,
                                        "Actual Loops": 1
                                    },
                                    {
                                        "Worker Number": 1,
                                        "Actual Startup Time": 7175.574,
                                        "Actual Total Time": 9922.404,
                                        "Actual Rows": 2,
                                        "Actual Loops": 1
                                    },
                                    {
                                        "Worker Number": 2,
                                        "Actual Startup Time": 7380.77,
                                        "Actual Total Time": 9922.129,
                                        "Actual Rows": 225,
                                        "Actual Loops": 1
                                    }
                                ],
                                "Plans": [
                                    {
                                        "Node Type": "Hash Join",
                                        "Parent Relationship": "Outer",
                                        "Parallel Aware": false,
                                        "Join Type": "Inner",
                                        "Startup Cost": 10000005343.37,
                                        "Total Cost": 10002495801.84,
                                        "Plan Rows": 1,
                                        "Plan Width": 20,
                                        "Actual Startup Time": 114.0,
                                        "Actual Total Time": 2858.038,
                                        "Actual Rows": 50,
                                        "Actual Loops": 4,
                                        "Output": [
                                            "mk.movie_id",
                                            "ml.movie_id",
                                            "lt.link"
                                        ],
                                        "Inner Unique": true,
                                        "Hash Cond": "(mk.keyword_id = k.id)",
                                        "Workers": [
                                            {
                                                "Worker Number": 0,
                                                "Actual Startup Time": 62.585,
                                                "Actual Total Time": 2858.168,
                                                "Actual Rows": 10,
                                                "Actual Loops": 1
                                            },
                                            {
                                                "Worker Number": 1,
                                                "Actual Startup Time": 105.549,
                                                "Actual Total Time": 2858.198,
                                                "Actual Rows": 12,
                                                "Actual Loops": 1
                                            },
                                            {
                                                "Worker Number": 2,
                                                "Actual Startup Time": 230.178,
                                                "Actual Total Time": 2857.809,
                                                "Actual Rows": 159,
                                                "Actual Loops": 1
                                            }
                                        ],
                                        "Plans": [
                                            {
                                                "Node Type": "Nested Loop",
                                                "Parent Relationship": "Outer",
                                                "Parallel Aware": false,
                                                "Join Type": "Inner",
                                                "Startup Cost": 10000000000.43,
                                                "Total Cost": 10002490394.77,
                                                "Plan Rows": 24435,
                                                "Plan Width": 24,
                                                "Actual Startup Time": 0.859,
                                                "Actual Total Time": 2798.599,
                                                "Actual Rows": 4386,
                                                "Actual Loops": 4,
                                                "Output": [
                                                    "lt.link",
                                                    "ml.movie_id",
                                                    "mk.movie_id",
                                                    "mk.keyword_id"
                                                ],
                                                "Inner Unique": true,
                                                "Workers": [
                                                    {
                                                        "Worker Number": 0,
                                                        "Actual Startup Time": 0.146,
                                                        "Actual Total Time": 2796.704,
                                                        "Actual Rows": 2897,
                                                        "Actual Loops": 1
                                                    },
                                                    {
                                                        "Worker Number": 1,
                                                        "Actual Startup Time": 0.132,
                                                        "Actual Total Time": 2793.616,
                                                        "Actual Rows": 6382,
                                                        "Actual Loops": 1
                                                    },
                                                    {
                                                        "Worker Number": 2,
                                                        "Actual Startup Time": 2.545,
                                                        "Actual Total Time": 2793.586,
                                                        "Actual Rows": 4921,
                                                        "Actual Loops": 1
                                                    }
                                                ],
                                                "Plans": [
                                                    {
                                                        "Node Type": "Nested Loop",
                                                        "Parent Relationship": "Outer",
                                                        "Parallel Aware": false,
                                                        "Join Type": "Inner",
                                                        "Startup Cost": 0.29,
                                                        "Total Cost": 659631.16,
                                                        "Plan Rows": 439974,
                                                        "Plan Width": 16,
                                                        "Actual Startup Time": 0.075,
                                                        "Actual Total Time": 2510.859,
                                                        "Actual Rows": 72048,
                                                        "Actual Loops": 4,
                                                        "Output": [
                                                            "mk.movie_id",
                                                            "mk.keyword_id",
                                                            "ml.link_type_id",
                                                            "ml.movie_id"
                                                        ],
                                                        "Inner Unique": false,
                                                        "Workers": [
                                                            {
                                                                "Worker Number": 0,
                                                                "Actual Startup Time": 0.087,
                                                                "Actual Total Time": 2476.677,
                                                                "Actual Rows": 79781,
                                                                "Actual Loops": 1
                                                            },
                                                            {
                                                                "Worker Number": 1,
                                                                "Actual Startup Time": 0.089,
                                                                "Actual Total Time": 2525.395,
                                                                "Actual Rows": 67433,
                                                                "Actual Loops": 1
                                                            },
                                                            {
                                                                "Worker Number": 2,
                                                                "Actual Startup Time": 0.097,
                                                                "Actual Total Time": 2511.559,
                                                                "Actual Rows": 71675,
                                                                "Actual Loops": 1
                                                            }
                                                        ],
                                                        "Plans": [
                                                            {
                                                                "Node Type": "Seq Scan",
                                                                "Parent Relationship": "Outer",
                                                                "Parallel Aware": true,
                                                                "Relation Name": "movie_keyword",
                                                                "Schema": "public",
                                                                "Alias": "mk",
                                                                "Startup Cost": 0.0,
                                                                "Total Cost": 39047.32,
                                                                "Plan Rows": 1459332,
                                                                "Plan Width": 8,
                                                                "Actual Startup Time": 0.015,
                                                                "Actual Total Time": 96.562,
                                                                "Actual Rows": 1130982,
                                                                "Actual Loops": 4,
                                                                "Output": [
                                                                    "mk.id",
                                                                    "mk.movie_id",
                                                                    "mk.keyword_id"
                                                                ],
                                                                "Workers": [
                                                                    {
                                                                        "Worker Number": 0,
                                                                        "Actual Startup Time": 0.016,
                                                                        "Actual Total Time": 92.783,
                                                                        "Actual Rows": 944795,
                                                                        "Actual Loops": 1
                                                                    },
                                                                    {
                                                                        "Worker Number": 1,
                                                                        "Actual Startup Time": 0.019,
                                                                        "Actual Total Time": 100.34,
                                                                        "Actual Rows": 1195965,
                                                                        "Actual Loops": 1
                                                                    },
                                                                    {
                                                                        "Worker Number": 2,
                                                                        "Actual Startup Time": 0.016,
                                                                        "Actual Total Time": 104.374,
                                                                        "Actual Rows": 1177155,
                                                                        "Actual Loops": 1
                                                                    }
                                                                ]
                                                            },
                                                            {
                                                                "Node Type": "Index Scan",
                                                                "Parent Relationship": "Inner",
                                                                "Parallel Aware": false,
                                                                "Scan Direction": "Forward",
                                                                "Index Name": "movie_id_movie_link",
                                                                "Relation Name": "movie_link",
                                                                "Schema": "public",
                                                                "Alias": "ml",
                                                                "Startup Cost": 0.29,
                                                                "Total Cost": 0.38,
                                                                "Plan Rows": 5,
                                                                "Plan Width": 8,
                                                                "Actual Startup Time": 0.002,
                                                                "Actual Total Time": 0.002,
                                                                "Actual Rows": 0,
                                                                "Actual Loops": 4523930,
                                                                "Output": [
                                                                    "ml.id",
                                                                    "ml.movie_id",
                                                                    "ml.linked_movie_id",
                                                                    "ml.link_type_id"
                                                                ],
                                                                "Index Cond": "(ml.movie_id = mk.movie_id)",
                                                                "Rows Removed by Index Recheck": 0,
                                                                "Workers": [
                                                                    {
                                                                        "Worker Number": 0,
                                                                        "Actual Startup Time": 0.002,
                                                                        "Actual Total Time": 0.002,
                                                                        "Actual Rows": 0,
                                                                        "Actual Loops": 944795
                                                                    },
                                                                    {
                                                                        "Worker Number": 1,
                                                                        "Actual Startup Time": 0.002,
                                                                        "Actual Total Time": 0.002,
                                                                        "Actual Rows": 0,
                                                                        "Actual Loops": 1195965
                                                                    },
                                                                    {
                                                                        "Worker Number": 2,
                                                                        "Actual Startup Time": 0.002,
                                                                        "Actual Total Time": 0.002,
                                                                        "Actual Rows": 0,
                                                                        "Actual Loops": 1177155
                                                                    }
                                                                ]
                                                            }
                                                        ]
                                                    },
                                                    {
                                                        "Node Type": "Bitmap Heap Scan",
                                                        "Parent Relationship": "Inner",
                                                        "Parallel Aware": false,
                                                        "Relation Name": "link_type",
                                                        "Schema": "public",
                                                        "Alias": "lt",
                                                        "Startup Cost": 0.15,
                                                        "Total Cost": 4.16,
                                                        "Plan Rows": 1,
                                                        "Plan Width": 16,
                                                        "Actual Startup Time": 0.002,
                                                        "Actual Total Time": 0.002,
                                                        "Actual Rows": 0,
                                                        "Actual Loops": 288192,
                                                        "Output": [
                                                            "lt.id",
                                                            "lt.link"
                                                        ],
                                                        "Recheck Cond": "(lt.id = ml.link_type_id)",
                                                        "Rows Removed by Index Recheck": 0,
                                                        "Filter": "((lt.link)::text ~~ '%follow%'::text)",
                                                        "Rows Removed by Filter": 1,
                                                        "Exact Heap Blocks": 69303,
                                                        "Lossy Heap Blocks": 0,
                                                        "Workers": [
                                                            {
                                                                "Worker Number": 0,
                                                                "Actual Startup Time": 0.003,
                                                                "Actual Total Time": 0.003,
                                                                "Actual Rows": 0,
                                                                "Actual Loops": 79781
                                                            },
                                                            {
                                                                "Worker Number": 1,
                                                                "Actual Startup Time": 0.002,
                                                                "Actual Total Time": 0.002,
                                                                "Actual Rows": 0,
                                                                "Actual Loops": 67433
                                                            },
                                                            {
                                                                "Worker Number": 2,
                                                                "Actual Startup Time": 0.002,
                                                                "Actual Total Time": 0.002,
                                                                "Actual Rows": 0,
                                                                "Actual Loops": 71675
                                                            }
                                                        ],
                                                        "Plans": [
                                                            {
                                                                "Node Type": "Bitmap Index Scan",
                                                                "Parent Relationship": "Outer",
                                                                "Parallel Aware": false,
                                                                "Index Name": "link_type_pkey",
                                                                "Startup Cost": 0.0,
                                                                "Total Cost": 0.15,
                                                                "Plan Rows": 1,
                                                                "Plan Width": 0,
                                                                "Actual Startup Time": 0.001,
                                                                "Actual Total Time": 0.001,
                                                                "Actual Rows": 1,
                                                                "Actual Loops": 288192,
                                                                "Index Cond": "(lt.id = ml.link_type_id)",
                                                                "Workers": [
                                                                    {
                                                                        "Worker Number": 0,
                                                                        "Actual Startup Time": 0.001,
                                                                        "Actual Total Time": 0.001,
                                                                        "Actual Rows": 1,
                                                                        "Actual Loops": 79781
                                                                    },
                                                                    {
                                                                        "Worker Number": 1,
                                                                        "Actual Startup Time": 0.001,
                                                                        "Actual Total Time": 0.001,
                                                                        "Actual Rows": 1,
                                                                        "Actual Loops": 67433
                                                                    },
                                                                    {
                                                                        "Worker Number": 2,
                                                                        "Actual Startup Time": 0.001,
                                                                        "Actual Total Time": 0.001,
                                                                        "Actual Rows": 1,
                                                                        "Actual Loops": 71675
                                                                    }
                                                                ]
                                                            }
                                                        ]
                                                    }
                                                ]
                                            },
                                            {
                                                "Node Type": "Hash",
                                                "Parent Relationship": "Inner",
                                                "Parallel Aware": false,
                                                "Startup Cost": 5342.92,
                                                "Total Cost": 5342.92,
                                                "Plan Rows": 1,
                                                "Plan Width": 4,
                                                "Actual Startup Time": 58.572,
                                                "Actual Total Time": 58.573,
                                                "Actual Rows": 1,
                                                "Actual Loops": 4,
                                                "Output": [
                                                    "k.id"
                                                ],
                                                "Hash Buckets": 1024,
                                                "Original Hash Buckets": 1024,
                                                "Hash Batches": 1,
                                                "Original Hash Batches": 1,
                                                "Peak Memory Usage": 9,
                                                "Workers": [
                                                    {
                                                        "Worker Number": 0,
                                                        "Actual Startup Time": 60.891,
                                                        "Actual Total Time": 60.892,
                                                        "Actual Rows": 1,
                                                        "Actual Loops": 1
                                                    },
                                                    {
                                                        "Worker Number": 1,
                                                        "Actual Startup Time": 63.303,
                                                        "Actual Total Time": 63.304,
                                                        "Actual Rows": 1,
                                                        "Actual Loops": 1
                                                    },
                                                    {
                                                        "Worker Number": 2,
                                                        "Actual Startup Time": 63.296,
                                                        "Actual Total Time": 63.297,
                                                        "Actual Rows": 1,
                                                        "Actual Loops": 1
                                                    }
                                                ],
                                                "Plans": [
                                                    {
                                                        "Node Type": "Index Scan",
                                                        "Parent Relationship": "Outer",
                                                        "Parallel Aware": false,
                                                        "Scan Direction": "Forward",
                                                        "Index Name": "keyword_pkey",
                                                        "Relation Name": "keyword",
                                                        "Schema": "public",
                                                        "Alias": "k",
                                                        "Startup Cost": 0.42,
                                                        "Total Cost": 5342.92,
                                                        "Plan Rows": 1,
                                                        "Plan Width": 4,
                                                        "Actual Startup Time": 0.376,
                                                        "Actual Total Time": 58.567,
                                                        "Actual Rows": 1,
                                                        "Actual Loops": 4,
                                                        "Output": [
                                                            "k.id"
                                                        ],
                                                        "Filter": "(k.keyword = 'sequel'::text)",
                                                        "Rows Removed by Filter": 134169,
                                                        "Workers": [
                                                            {
                                                                "Worker Number": 0,
                                                                "Actual Startup Time": 0.388,
                                                                "Actual Total Time": 60.888,
                                                                "Actual Rows": 1,
                                                                "Actual Loops": 1
                                                            },
                                                            {
                                                                "Worker Number": 1,
                                                                "Actual Startup Time": 0.379,
                                                                "Actual Total Time": 63.299,
                                                                "Actual Rows": 1,
                                                                "Actual Loops": 1
                                                            },
                                                            {
                                                                "Worker Number": 2,
                                                                "Actual Startup Time": 0.365,
                                                                "Actual Total Time": 63.286,
                                                                "Actual Rows": 1,
                                                                "Actual Loops": 1
                                                            }
                                                        ]
                                                    }
                                                ]
                                            }
                                        ]
                                    },
                                    {
                                        "Node Type": "Hash",
                                        "Parent Relationship": "Inner",
                                        "Parallel Aware": true,
                                        "Startup Cost": 10001332630.05,
                                        "Total Cost": 10001332630.05,
                                        "Plan Rows": 202726,
                                        "Plan Width": 25,
                                        "Actual Startup Time": 7061.774,
                                        "Actual Total Time": 7061.777,
                                        "Actual Rows": 201846,
                                        "Actual Loops": 4,
                                        "Output": [
                                            "mi.movie_id",
                                            "t.title",
                                            "t.id"
                                        ],
                                        "Hash Buckets": 1048576,
                                        "Original Hash Buckets": 1048576,
                                        "Hash Batches": 1,
                                        "Original Hash Batches": 1,
                                        "Peak Memory Usage": 57344,
                                        "Workers": [
                                            {
                                                "Worker Number": 0,
                                                "Actual Startup Time": 7054.756,
                                                "Actual Total Time": 7054.759,
                                                "Actual Rows": 198721,
                                                "Actual Loops": 1
                                            },
                                            {
                                                "Worker Number": 1,
                                                "Actual Startup Time": 7064.057,
                                                "Actual Total Time": 7064.06,
                                                "Actual Rows": 204901,
                                                "Actual Loops": 1
                                            },
                                            {
                                                "Worker Number": 2,
                                                "Actual Startup Time": 7064.181,
                                                "Actual Total Time": 7064.183,
                                                "Actual Rows": 133630,
                                                "Actual Loops": 1
                                            }
                                        ],
                                        "Plans": [
                                            {
                                                "Node Type": "Merge Join",
                                                "Parent Relationship": "Outer",
                                                "Parallel Aware": false,
                                                "Join Type": "Inner",
                                                "Startup Cost": 10000080918.06,
                                                "Total Cost": 10001332630.05,
                                                "Plan Rows": 202726,
                                                "Plan Width": 25,
                                                "Actual Startup Time": 238.052,
                                                "Actual Total Time": 6962.385,
                                                "Actual Rows": 201846,
                                                "Actual Loops": 4,
                                                "Output": [
                                                    "mi.movie_id",
                                                    "t.title",
                                                    "t.id"
                                                ],
                                                "Inner Unique": false,
                                                "Merge Cond": "(t.id = mi.movie_id)",
                                                "Workers": [
                                                    {
                                                        "Worker Number": 0,
                                                        "Actual Startup Time": 234.135,
                                                        "Actual Total Time": 6965.199,
                                                        "Actual Rows": 198721,
                                                        "Actual Loops": 1
                                                    },
                                                    {
                                                        "Worker Number": 1,
                                                        "Actual Startup Time": 234.795,
                                                        "Actual Total Time": 6955.581,
                                                        "Actual Rows": 204901,
                                                        "Actual Loops": 1
                                                    },
                                                    {
                                                        "Worker Number": 2,
                                                        "Actual Startup Time": 236.565,
                                                        "Actual Total Time": 6982.088,
                                                        "Actual Rows": 133630,
                                                        "Actual Loops": 1
                                                    }
                                                ],
                                                "Plans": [
                                                    {
                                                        "Node Type": "Sort",
                                                        "Parent Relationship": "Outer",
                                                        "Parallel Aware": false,
                                                        "Startup Cost": 80917.43,
                                                        "Total Cost": 81872.95,
                                                        "Plan Rows": 382207,
                                                        "Plan Width": 21,
                                                        "Actual Startup Time": 237.921,
                                                        "Actual Total Time": 315.219,
                                                        "Actual Rows": 381930,
                                                        "Actual Loops": 4,
                                                        "Output": [
                                                            "t.title",
                                                            "t.id"
                                                        ],
                                                        "Sort Key": [
                                                            "t.id"
                                                        ],
                                                        "Sort Method": "quicksort",
                                                        "Sort Space Used": 46175,
                                                        "Sort Space Type": "Memory",
                                                        "Workers": [
                                                            {
                                                                "Worker Number": 0,
                                                                "Actual Startup Time": 233.982,
                                                                "Actual Total Time": 316.177,
                                                                "Actual Rows": 386381,
                                                                "Actual Loops": 1
                                                            },
                                                            {
                                                                "Worker Number": 1,
                                                                "Actual Startup Time": 234.587,
                                                                "Actual Total Time": 317.294,
                                                                "Actual Rows": 391442,
                                                                "Actual Loops": 1
                                                            },
                                                            {
                                                                "Worker Number": 2,
                                                                "Actual Startup Time": 236.465,
                                                                "Actual Total Time": 290.28,
                                                                "Actual Rows": 263251,
                                                                "Actual Loops": 1
                                                            }
                                                        ],
                                                        "Plans": [
                                                            {
                                                                "Node Type": "Seq Scan",
                                                                "Parent Relationship": "Outer",
                                                                "Parallel Aware": true,
                                                                "Relation Name": "title",
                                                                "Schema": "public",
                                                                "Alias": "t",
                                                                "Startup Cost": 0.0,
                                                                "Total Cost": 45479.21,
                                                                "Plan Rows": 382207,
                                                                "Plan Width": 21,
                                                                "Actual Startup Time": 0.042,
                                                                "Actual Total Time": 111.719,
                                                                "Actual Rows": 382024,
                                                                "Actual Loops": 4,
                                                                "Output": [
                                                                    "t.title",
                                                                    "t.id"
                                                                ],
                                                                "Filter": "((t.production_year >= 1998) AND (t.production_year <= 2013))",
                                                                "Rows Removed by Filter": 250054,
                                                                "Workers": [
                                                                    {
                                                                        "Worker Number": 0,
                                                                        "Actual Startup Time": 0.051,
                                                                        "Actual Total Time": 112.548,
                                                                        "Actual Rows": 386477,
                                                                        "Actual Loops": 1
                                                                    },
                                                                    {
                                                                        "Worker Number": 1,
                                                                        "Actual Startup Time": 0.043,
                                                                        "Actual Total Time": 110.306,
                                                                        "Actual Rows": 391545,
                                                                        "Actual Loops": 1
                                                                    },
                                                                    {
                                                                        "Worker Number": 2,
                                                                        "Actual Startup Time": 0.047,
                                                                        "Actual Total Time": 109.238,
                                                                        "Actual Rows": 263290,
                                                                        "Actual Loops": 1
                                                                    }
                                                                ]
                                                            }
                                                        ]
                                                    },
                                                    {
                                                        "Node Type": "Index Scan",
                                                        "Parent Relationship": "Inner",
                                                        "Parallel Aware": false,
                                                        "Scan Direction": "Forward",
                                                        "Index Name": "movie_id_movie_info",
                                                        "Relation Name": "movie_info",
                                                        "Schema": "public",
                                                        "Alias": "mi",
                                                        "Startup Cost": 10000000000.43,
                                                        "Total Cost": 10001244423.19,
                                                        "Plan Rows": 1341046,
                                                        "Plan Width": 4,
                                                        "Actual Startup Time": 0.09,
                                                        "Actual Total Time": 6497.654,
                                                        "Actual Rows": 1418187,
                                                        "Actual Loops": 4,
                                                        "Output": [
                                                            "mi.id",
                                                            "mi.movie_id",
                                                            "mi.info_type_id",
                                                            "mi.info",
                                                            "mi.note"
                                                        ],
                                                        "Filter": "(mi.info = ANY ('{English,USA,America,German,Norway,Norwegian,Denish,Bulgaria,Swedish}'::text[]))",
                                                        "Rows Removed by Filter": 13417533,
                                                        "Workers": [
                                                            {
                                                                "Worker Number": 0,
                                                                "Actual Startup Time": 0.127,
                                                                "Actual Total Time": 6501.723,
                                                                "Actual Rows": 1418187,
                                                                "Actual Loops": 1
                                                            },
                                                            {
                                                                "Worker Number": 1,
                                                                "Actual Startup Time": 0.1,
                                                                "Actual Total Time": 6471.245,
                                                                "Actual Rows": 1418187,
                                                                "Actual Loops": 1
                                                            },
                                                            {
                                                                "Worker Number": 2,
                                                                "Actual Startup Time": 0.092,
                                                                "Actual Total Time": 6564.676,
                                                                "Actual Rows": 1418187,
                                                                "Actual Loops": 1
                                                            }
                                                        ]
                                                    }
                                                ]
                                            }
                                        ]
                                    }
                                ]
                            },
                            {
                                "Node Type": "Hash",
                                "Parent Relationship": "Inner",
                                "Parallel Aware": true,
                                "Startup Cost": 243917.21,
                                "Total Cost": 243917.21,
                                "Plan Rows": 40174,
                                "Plan Width": 23,
                                "Actual Startup Time": 1584.866,
                                "Actual Total Time": 1584.871,
                                "Actual Rows": 56064,
                                "Actual Loops": 4,
                                "Output": [
                                    "cn.name",
                                    "mc.movie_id"
                                ],
                                "Hash Buckets": 262144,
                                "Original Hash Buckets": 131072,
                                "Hash Batches": 1,
                                "Original Hash Batches": 1,
                                "Peak Memory Usage": 16096,
                                "Workers": [
                                    {
                                        "Worker Number": 0,
                                        "Actual Startup Time": 1583.098,
                                        "Actual Total Time": 1583.104,
                                        "Actual Rows": 30338,
                                        "Actual Loops": 1
                                    },
                                    {
                                        "Worker Number": 1,
                                        "Actual Startup Time": 1583.802,
                                        "Actual Total Time": 1583.807,
                                        "Actual Rows": 31628,
                                        "Actual Loops": 1
                                    },
                                    {
                                        "Worker Number": 2,
                                        "Actual Startup Time": 1579.626,
                                        "Actual Total Time": 1579.631,
                                        "Actual Rows": 32416,
                                        "Actual Loops": 1
                                    }
                                ],
                                "Plans": [
                                    {
                                        "Node Type": "Merge Join",
                                        "Parent Relationship": "Outer",
                                        "Parallel Aware": false,
                                        "Join Type": "Inner",
                                        "Startup Cost": 242699.92,
                                        "Total Cost": 243917.21,
                                        "Plan Rows": 40174,
                                        "Plan Width": 23,
                                        "Actual Startup Time": 1285.088,
                                        "Actual Total Time": 1296.391,
                                        "Actual Rows": 56064,
                                        "Actual Loops": 4,
                                        "Output": [
                                            "cn.name",
                                            "mc.movie_id"
                                        ],
                                        "Inner Unique": true,
                                        "Merge Cond": "(mc.company_type_id = ct.id)",
                                        "Workers": [
                                            {
                                                "Worker Number": 0,
                                                "Actual Startup Time": 1535.496,
                                                "Actual Total Time": 1540.79,
                                                "Actual Rows": 30338,
                                                "Actual Loops": 1
                                            },
                                            {
                                                "Worker Number": 1,
                                                "Actual Startup Time": 1080.354,
                                                "Actual Total Time": 1093.497,
                                                "Actual Rows": 31628,
                                                "Actual Loops": 1
                                            },
                                            {
                                                "Worker Number": 2,
                                                "Actual Startup Time": 1538.738,
                                                "Actual Total Time": 1546.434,
                                                "Actual Rows": 32416,
                                                "Actual Loops": 1
                                            }
                                        ],
                                        "Plans": [
                                            {
                                                "Node Type": "Sort",
                                                "Parent Relationship": "Outer",
                                                "Parallel Aware": false,
                                                "Startup Cost": 242699.79,
                                                "Total Cost": 243101.53,
                                                "Plan Rows": 160697,
                                                "Plan Width": 27,
                                                "Actual Startup Time": 1284.355,
                                                "Actual Total Time": 1287.437,
                                                "Actual Rows": 60219,
                                                "Actual Loops": 4,
                                                "Output": [
                                                    "cn.name",
                                                    "mc.movie_id",
                                                    "mc.company_type_id"
                                                ],
                                                "Sort Key": [
                                                    "mc.company_type_id"
                                                ],
                                                "Sort Method": "quicksort",
                                                "Sort Space Used": 17567,
                                                "Sort Space Type": "Memory",
                                                "Workers": [
                                                    {
                                                        "Worker Number": 0,
                                                        "Actual Startup Time": 1535.208,
                                                        "Actual Total Time": 1536.601,
                                                        "Actual Rows": 31416,
                                                        "Actual Loops": 1
                                                    },
                                                    {
                                                        "Worker Number": 1,
                                                        "Actual Startup Time": 1080.016,
                                                        "Actual Total Time": 1083.301,
                                                        "Actual Rows": 33269,
                                                        "Actual Loops": 1
                                                    },
                                                    {
                                                        "Worker Number": 2,
                                                        "Actual Startup Time": 1538.46,
                                                        "Actual Total Time": 1540.403,
                                                        "Actual Rows": 33253,
                                                        "Actual Loops": 1
                                                    }
                                                ],
                                                "Plans": [
                                                    {
                                                        "Node Type": "Merge Join",
                                                        "Parent Relationship": "Outer",
                                                        "Parallel Aware": false,
                                                        "Join Type": "Inner",
                                                        "Startup Cost": 220876.05,
                                                        "Total Cost": 228804.33,
                                                        "Plan Rows": 160697,
                                                        "Plan Width": 27,
                                                        "Actual Startup Time": 990.998,
                                                        "Actual Total Time": 1271.234,
                                                        "Actual Rows": 60219,
                                                        "Actual Loops": 4,
                                                        "Output": [
                                                            "cn.name",
                                                            "mc.movie_id",
                                                            "mc.company_type_id"
                                                        ],
                                                        "Inner Unique": false,
                                                        "Merge Cond": "(cn.id = mc.company_id)",
                                                        "Workers": [
                                                            {
                                                                "Worker Number": 0,
                                                                "Actual Startup Time": 1237.991,
                                                                "Actual Total Time": 1521.984,
                                                                "Actual Rows": 31416,
                                                                "Actual Loops": 1
                                                            },
                                                            {
                                                                "Worker Number": 1,
                                                                "Actual Startup Time": 835.64,
                                                                "Actual Total Time": 1072.482,
                                                                "Actual Rows": 33269,
                                                                "Actual Loops": 1
                                                            },
                                                            {
                                                                "Worker Number": 2,
                                                                "Actual Startup Time": 1189.201,
                                                                "Actual Total Time": 1527.442,
                                                                "Actual Rows": 33253,
                                                                "Actual Loops": 1
                                                            }
                                                        ],
                                                        "Plans": [
                                                            {
                                                                "Node Type": "Sort",
                                                                "Parent Relationship": "Outer",
                                                                "Parallel Aware": false,
                                                                "Startup Cost": 7632.1,
                                                                "Total Cost": 7706.71,
                                                                "Plan Rows": 29842,
                                                                "Plan Width": 23,
                                                                "Actual Startup Time": 30.419,
                                                                "Actual Total Time": 32.207,
                                                                "Actual Rows": 12076,
                                                                "Actual Loops": 4,
                                                                "Output": [
                                                                    "cn.name",
                                                                    "cn.id"
                                                                ],
                                                                "Sort Key": [
                                                                    "cn.id"
                                                                ],
                                                                "Sort Method": "quicksort",
                                                                "Sort Space Used": 2543,
                                                                "Sort Space Type": "Memory",
                                                                "Workers": [
                                                                    {
                                                                        "Worker Number": 0,
                                                                        "Actual Startup Time": 28.615,
                                                                        "Actual Total Time": 29.895,
                                                                        "Actual Rows": 8335,
                                                                        "Actual Loops": 1
                                                                    },
                                                                    {
                                                                        "Worker Number": 1,
                                                                        "Actual Startup Time": 29.088,
                                                                        "Actual Total Time": 30.283,
                                                                        "Actual Rows": 8198,
                                                                        "Actual Loops": 1
                                                                    },
                                                                    {
                                                                        "Worker Number": 2,
                                                                        "Actual Startup Time": 24.264,
                                                                        "Actual Total Time": 25.557,
                                                                        "Actual Rows": 7205,
                                                                        "Actual Loops": 1
                                                                    }
                                                                ],
                                                                "Plans": [
                                                                    {
                                                                        "Node Type": "Seq Scan",
                                                                        "Parent Relationship": "Outer",
                                                                        "Parallel Aware": true,
                                                                        "Relation Name": "company_name",
                                                                        "Schema": "public",
                                                                        "Alias": "cn",
                                                                        "Startup Cost": 0.0,
                                                                        "Total Cost": 5414.09,
                                                                        "Plan Rows": 29842,
                                                                        "Plan Width": 23,
                                                                        "Actual Startup Time": 0.065,
                                                                        "Actual Total Time": 24.959,
                                                                        "Actual Rows": 12076,
                                                                        "Actual Loops": 4,
                                                                        "Output": [
                                                                            "cn.name",
                                                                            "cn.id"
                                                                        ],
                                                                        "Filter": "(((cn.country_code)::text <> '[pl]'::text) AND ((cn.name ~~ '%Film%'::text) OR (cn.name ~~ '%Warner%'::text)))",
                                                                        "Rows Removed by Filter": 46674,
                                                                        "Workers": [
                                                                            {
                                                                                "Worker Number": 0,
                                                                                "Actual Startup Time": 0.081,
                                                                                "Actual Total Time": 23.449,
                                                                                "Actual Rows": 8335,
                                                                                "Actual Loops": 1
                                                                            },
                                                                            {
                                                                                "Worker Number": 1,
                                                                                "Actual Startup Time": 0.089,
                                                                                "Actual Total Time": 24.067,
                                                                                "Actual Rows": 8198,
                                                                                "Actual Loops": 1
                                                                            },
                                                                            {
                                                                                "Worker Number": 2,
                                                                                "Actual Startup Time": 0.067,
                                                                                "Actual Total Time": 19.796,
                                                                                "Actual Rows": 7205,
                                                                                "Actual Loops": 1
                                                                            }
                                                                        ]
                                                                    }
                                                                ]
                                                            },
                                                            {
                                                                "Node Type": "Sort",
                                                                "Parent Relationship": "Inner",
                                                                "Parallel Aware": false,
                                                                "Startup Cost": 213089.05,
                                                                "Total Cost": 216252.62,
                                                                "Plan Rows": 1265428,
                                                                "Plan Width": 12,
                                                                "Actual Startup Time": 940.325,
                                                                "Actual Total Time": 1111.959,
                                                                "Actual Rows": 1271978,
                                                                "Actual Loops": 4,
                                                                "Output": [
                                                                    "mc.movie_id",
                                                                    "mc.company_type_id",
                                                                    "mc.company_id"
                                                                ],
                                                                "Sort Key": [
                                                                    "mc.company_id"
                                                                ],
                                                                "Sort Method": "quicksort",
                                                                "Sort Space Used": 108777,
                                                                "Sort Space Type": "Memory",
                                                                "Workers": [
                                                                    {
                                                                        "Worker Number": 0,
                                                                        "Actual Startup Time": 1164.807,
                                                                        "Actual Total Time": 1351.077,
                                                                        "Actual Rows": 1271986,
                                                                        "Actual Loops": 1
                                                                    },
                                                                    {
                                                                        "Worker Number": 1,
                                                                        "Actual Startup Time": 778.581,
                                                                        "Actual Total Time": 934.532,
                                                                        "Actual Rows": 1271984,
                                                                        "Actual Loops": 1
                                                                    },
                                                                    {
                                                                        "Worker Number": 2,
                                                                        "Actual Startup Time": 1162.902,
                                                                        "Actual Total Time": 1354.158,
                                                                        "Actual Rows": 1271953,
                                                                        "Actual Loops": 1
                                                                    }
                                                                ],
                                                                "Plans": [
                                                                    {
                                                                        "Node Type": "Index Scan",
                                                                        "Parent Relationship": "Outer",
                                                                        "Parallel Aware": false,
                                                                        "Scan Direction": "Forward",
                                                                        "Index Name": "company_type_id_movie_companies",
                                                                        "Relation Name": "movie_companies",
                                                                        "Schema": "public",
                                                                        "Alias": "mc",
                                                                        "Startup Cost": 0.43,
                                                                        "Total Cost": 84830.36,
                                                                        "Plan Rows": 1265428,
                                                                        "Plan Width": 12,
                                                                        "Actual Startup Time": 0.098,
                                                                        "Actual Total Time": 568.692,
                                                                        "Actual Rows": 1271989,
                                                                        "Actual Loops": 4,
                                                                        "Output": [
                                                                            "mc.movie_id",
                                                                            "mc.company_type_id",
                                                                            "mc.company_id"
                                                                        ],
                                                                        "Filter": "(mc.note IS NULL)",
                                                                        "Rows Removed by Filter": 1337140,
                                                                        "Workers": [
                                                                            {
                                                                                "Worker Number": 0,
                                                                                "Actual Startup Time": 0.131,
                                                                                "Actual Total Time": 695.817,
                                                                                "Actual Rows": 1271989,
                                                                                "Actual Loops": 1
                                                                            },
                                                                            {
                                                                                "Worker Number": 1,
                                                                                "Actual Startup Time": 0.13,
                                                                                "Actual Total Time": 475.921,
                                                                                "Actual Rows": 1271989,
                                                                                "Actual Loops": 1
                                                                            },
                                                                            {
                                                                                "Worker Number": 2,
                                                                                "Actual Startup Time": 0.103,
                                                                                "Actual Total Time": 695.487,
                                                                                "Actual Rows": 1271989,
                                                                                "Actual Loops": 1
                                                                            }
                                                                        ]
                                                                    }
                                                                ]
                                                            }
                                                        ]
                                                    }
                                                ]
                                            },
                                            {
                                                "Node Type": "Index Scan",
                                                "Parent Relationship": "Inner",
                                                "Parallel Aware": false,
                                                "Scan Direction": "Forward",
                                                "Index Name": "company_type_pkey",
                                                "Relation Name": "company_type",
                                                "Schema": "public",
                                                "Alias": "ct",
                                                "Startup Cost": 0.13,
                                                "Total Cost": 12.2,
                                                "Plan Rows": 1,
                                                "Plan Width": 4,
                                                "Actual Startup Time": 0.063,
                                                "Actual Total Time": 0.063,
                                                "Actual Rows": 1,
                                                "Actual Loops": 4,
                                                "Output": [
                                                    "ct.id",
                                                    "ct.kind"
                                                ],
                                                "Filter": "((ct.kind)::text = 'production companies'::text)",
                                                "Rows Removed by Filter": 1,
                                                "Workers": [
                                                    {
                                                        "Worker Number": 0,
                                                        "Actual Startup Time": 0.062,
                                                        "Actual Total Time": 0.062,
                                                        "Actual Rows": 1,
                                                        "Actual Loops": 1
                                                    },
                                                    {
                                                        "Worker Number": 1,
                                                        "Actual Startup Time": 0.099,
                                                        "Actual Total Time": 0.099,
                                                        "Actual Rows": 1,
                                                        "Actual Loops": 1
                                                    },
                                                    {
                                                        "Worker Number": 2,
                                                        "Actual Startup Time": 0.069,
                                                        "Actual Total Time": 0.069,
                                                        "Actual Rows": 1,
                                                        "Actual Loops": 1
                                                    }
                                                ]
                                            }
                                        ]
                                    }
                                ]
                            }
                        ]
                    }
                ]
            }
        ]
    },
    "Planning Time": 16.541,
    "Triggers": [],
    "Execution Time": 11619.158
}