[
  {
    "Plan": {
      "Node Type": "Aggregate",
      "Strategy": "Plain",
      "Partial Mode": "Finalize",
      "Parallel Aware": false,
      "Startup Cost": 378069.67,
      "Total Cost": 378069.68,
      "Plan Rows": 1,
      "Plan Width": 8,
      "Actual Startup Time": 1365.464,
      "Actual Total Time": 1432.03,
      "Actual Rows": 1,
      "Actual Loops": 1,
      "Plans": [
        {
          "Node Type": "Gather",
          "Parent Relationship": "Outer",
          "Parallel Aware": false,
          "Startup Cost": 378069.05,
          "Total Cost": 378069.66,
          "Plan Rows": 6,
          "Plan Width": 8,
          "Actual Startup Time": 1363.299,
          "Actual Total Time": 1432.009,
          "Actual Rows": 7,
          "Actual Loops": 1,
          "Workers Planned": 6,
          "Workers Launched": 6,
          "Single Copy": false,
          "Plans": [
            {
              "Node Type": "Aggregate",
              "Strategy": "Plain",
              "Partial Mode": "Partial",
              "Parent Relationship": "Outer",
              "Parallel Aware": false,
              "Startup Cost": 377069.05,
              "Total Cost": 377069.06,
              "Plan Rows": 1,
              "Plan Width": 8,
              "Actual Startup Time": 1352.729,
              "Actual Total Time": 1352.732,
              "Actual Rows": 1,
              "Actual Loops": 7,
              "Plans": [
                {
                  "Node Type": "Hash Join",
                  "Parent Relationship": "Outer",
                  "Parallel Aware": true,
                  "Join Type": "Inner",
                  "Startup Cost": 46397.54,
                  "Total Cost": 375314.33,
                  "Plan Rows": 701886,
                  "Plan Width": 0,
                  "Actual Startup Time": 90.095,
                  "Actual Total Time": 1325.496,
                  "Actual Rows": 582670,
                  "Actual Loops": 7,
                  "Inner Unique": true,
                  "Hash Cond": "(ci.movie_id = t.id)",
                  "Plans": [
                    {
                      "Node Type": "Seq Scan",
                      "Parent Relationship": "Outer",
                      "Parallel Aware": true,
                      "Relation Name": "cast_info",
                      "Alias": "ci",
                      "Startup Cost": 0.0,
                      "Total Cost": 313067.02,
                      "Plan Rows": 6038002,
                      "Plan Width": 4,
                      "Actual Startup Time": 0.019,
                      "Actual Total Time": 517.924,
                      "Actual Rows": 5177763,
                      "Actual Loops": 7
                    },
                    {
                      "Node Type": "Hash",
                      "Parent Relationship": "Inner",
                      "Parallel Aware": true,
                      "Startup Cost": 45479.1,
                      "Total Cost": 45479.1,
                      "Plan Rows": 73475,
                      "Plan Width": 4,
                      "Actual Startup Time": 87.54,
                      "Actual Total Time": 87.541,
                      "Actual Rows": 33106,
                      "Actual Loops": 7,
                      "Hash Buckets": 524288,
                      "Original Hash Buckets": 524288,
                      "Hash Batches": 1,
                      "Original Hash Batches": 1,
                      "Peak Memory Usage": 13248,
                      "Plans": [
                        {
                          "Node Type": "Seq Scan",
                          "Parent Relationship": "Outer",
                          "Parallel Aware": true,
                          "Relation Name": "title",
                          "Alias": "t",
                          "Startup Cost": 0.0,
                          "Total Cost": 45479.1,
                          "Plan Rows": 73475,
                          "Plan Width": 4,
                          "Actual Startup Time": 41.056,
                          "Actual Total Time": 73.932,
                          "Actual Rows": 33106,
                          "Actual Loops": 7,
                          "Filter": "((kind_id < 2) AND (production_year > 2004))",
                          "Rows Removed by Filter": 328082
                        }
                      ]
                    }
                  ]
                }
              ]
            }
          ]
        }
      ]
    },
    "Planning Time": 0.586,
    "Triggers": [],
    "Execution Time": 1432.119
  }
]