[
    {
        "Bao": {
            "Bao prediction": "NaN",
            "Bao recommended hint": "(no hint)"
        }
    },
    {
        "Plan": {
            "Node Type": "Aggregate",
            "Strategy": "Plain",
            "Partial Mode": "Finalize",
            "Parallel Aware": false,
            "Startup Cost": 210121.76,
            "Total Cost": 210121.77,
            "Plan Rows": 1,
            "Plan Width": 8,
            "Actual Startup Time": 114.116,
            "Actual Total Time": 121.076,
            "Actual Rows": 1,
            "Actual Loops": 1,
            "Output": [
                "count(*)"
            ],
            "Plans": [
                {
                    "Node Type": "Gather",
                    "Parent Relationship": "Outer",
                    "Parallel Aware": false,
                    "Startup Cost": 210121.24,
                    "Total Cost": 210121.75,
                    "Plan Rows": 5,
                    "Plan Width": 8,
                    "Actual Startup Time": 112.688,
                    "Actual Total Time": 121.068,
                    "Actual Rows": 6,
                    "Actual Loops": 1,
                    "Output": [
                        "(PARTIAL count(*))"
                    ],
                    "Workers Planned": 5,
                    "Workers Launched": 5,
                    "Single Copy": false,
                    "Plans": [
                        {
                            "Node Type": "Aggregate",
                            "Strategy": "Plain",
                            "Partial Mode": "Partial",
                            "Parent Relationship": "Outer",
                            "Parallel Aware": false,
                            "Startup Cost": 209121.24,
                            "Total Cost": 209121.25,
                            "Plan Rows": 1,
                            "Plan Width": 8,
                            "Actual Startup Time": 102.051,
                            "Actual Total Time": 102.055,
                            "Actual Rows": 1,
                            "Actual Loops": 6,
                            "Output": [
                                "PARTIAL count(*)"
                            ],
                            "Workers": [
                                {
                                    "Worker Number": 0,
                                    "Actual Startup Time": 99.428,
                                    "Actual Total Time": 99.432,
                                    "Actual Rows": 1,
                                    "Actual Loops": 1
                                },
                                {
                                    "Worker Number": 1,
                                    "Actual Startup Time": 99.727,
                                    "Actual Total Time": 99.731,
                                    "Actual Rows": 1,
                                    "Actual Loops": 1
                                },
                                {
                                    "Worker Number": 2,
                                    "Actual Startup Time": 100.008,
                                    "Actual Total Time": 100.01,
                                    "Actual Rows": 1,
                                    "Actual Loops": 1
                                },
                                {
                                    "Worker Number": 3,
                                    "Actual Startup Time": 100.369,
                                    "Actual Total Time": 100.373,
                                    "Actual Rows": 1,
                                    "Actual Loops": 1
                                },
                                {
                                    "Worker Number": 4,
                                    "Actual Startup Time": 100.831,
                                    "Actual Total Time": 100.834,
                                    "Actual Rows": 1,
                                    "Actual Loops": 1
                                }
                            ],
                            "Plans": [
                                {
                                    "Node Type": "Hash Join",
                                    "Parent Relationship": "Outer",
                                    "Parallel Aware": true,
                                    "Join Type": "Inner",
                                    "Startup Cost": 46729.99,
                                    "Total Cost": 209118.03,
                                    "Plan Rows": 1282,
                                    "Plan Width": 0,
                                    "Actual Startup Time": 90.037,
                                    "Actual Total Time": 102.039,
                                    "Actual Rows": 45,
                                    "Actual Loops": 6,
                                    "Inner Unique": true,
                                    "Hash Cond": "(mi.movie_id = t.id)",
                                    "Workers": [
                                        {
                                            "Worker Number": 0,
                                            "Actual Startup Time": 87.745,
                                            "Actual Total Time": 99.413,
                                            "Actual Rows": 28,
                                            "Actual Loops": 1
                                        },
                                        {
                                            "Worker Number": 1,
                                            "Actual Startup Time": 87.299,
                                            "Actual Total Time": 99.717,
                                            "Actual Rows": 53,
                                            "Actual Loops": 1
                                        },
                                        {
                                            "Worker Number": 2,
                                            "Actual Startup Time": 88.451,
                                            "Actual Total Time": 99.994,
                                            "Actual Rows": 27,
                                            "Actual Loops": 1
                                        },
                                        {
                                            "Worker Number": 3,
                                            "Actual Startup Time": 87.974,
                                            "Actual Total Time": 100.356,
                                            "Actual Rows": 36,
                                            "Actual Loops": 1
                                        },
                                        {
                                            "Worker Number": 4,
                                            "Actual Startup Time": 89.191,
                                            "Actual Total Time": 100.816,
                                            "Actual Rows": 37,
                                            "Actual Loops": 1
                                        }
                                    ],
                                    "Plans": [
                                        {
                                            "Node Type": "Bitmap Heap Scan",
                                            "Parent Relationship": "Outer",
                                            "Parallel Aware": true,
                                            "Relation Name": "movie_info",
                                            "Schema": "public",
                                            "Alias": "mi",
                                            "Startup Cost": 2456.66,
                                            "Total Cost": 164773.69,
                                            "Plan Rows": 27051,
                                            "Plan Width": 4,
                                            "Actual Startup Time": 7.371,
                                            "Actual Total Time": 16.525,
                                            "Actual Rows": 24581,
                                            "Actual Loops": 6,
                                            "Output": [
                                                "mi.id",
                                                "mi.movie_id",
                                                "mi.info_type_id",
                                                "mi.info",
                                                "mi.note"
                                            ],
                                            "Recheck Cond": "(mi.info_type_id = 107)",
                                            "Rows Removed by Index Recheck": 0,
                                            "Exact Heap Blocks": 995,
                                            "Lossy Heap Blocks": 0,
                                            "Workers": [
                                                {
                                                    "Worker Number": 0,
                                                    "Actual Startup Time": 7.734,
                                                    "Actual Total Time": 16.648,
                                                    "Actual Rows": 21591,
                                                    "Actual Loops": 1
                                                },
                                                {
                                                    "Worker Number": 1,
                                                    "Actual Startup Time": 7.194,
                                                    "Actual Total Time": 16.724,
                                                    "Actual Rows": 26443,
                                                    "Actual Loops": 1
                                                },
                                                {
                                                    "Worker Number": 2,
                                                    "Actual Startup Time": 7.441,
                                                    "Actual Total Time": 16.623,
                                                    "Actual Rows": 25221,
                                                    "Actual Loops": 1
                                                },
                                                {
                                                    "Worker Number": 3,
                                                    "Actual Startup Time": 7.08,
                                                    "Actual Total Time": 16.567,
                                                    "Actual Rows": 20435,
                                                    "Actual Loops": 1
                                                },
                                                {
                                                    "Worker Number": 4,
                                                    "Actual Startup Time": 7.529,
                                                    "Actual Total Time": 16.665,
                                                    "Actual Rows": 25277,
                                                    "Actual Loops": 1
                                                }
                                            ],
                                            "Plans": [
                                                {
                                                    "Node Type": "Bitmap Index Scan",
                                                    "Parent Relationship": "Outer",
                                                    "Parallel Aware": false,
                                                    "Index Name": "info_type_id_movie_info",
                                                    "Startup Cost": 0.0,
                                                    "Total Cost": 2422.85,
                                                    "Plan Rows": 135255,
                                                    "Plan Width": 0,
                                                    "Actual Startup Time": 6.522,
                                                    "Actual Total Time": 6.523,
                                                    "Actual Rows": 147487,
                                                    "Actual Loops": 1,
                                                    "Index Cond": "(mi.info_type_id = 107)",
                                                    "Workers": [
                                                        {
                                                            "Worker Number": 1,
                                                            "Actual Startup Time": 6.522,
                                                            "Actual Total Time": 6.523,
                                                            "Actual Rows": 147487,
                                                            "Actual Loops": 1
                                                        }
                                                    ]
                                                }
                                            ]
                                        },
                                        {
                                            "Node Type": "Hash",
                                            "Parent Relationship": "Inner",
                                            "Parallel Aware": true,
                                            "Startup Cost": 43899.01,
                                            "Total Cost": 43899.01,
                                            "Plan Rows": 29946,
                                            "Plan Width": 4,
                                            "Actual Startup Time": 81.249,
                                            "Actual Total Time": 81.25,
                                            "Actual Rows": 20061,
                                            "Actual Loops": 6,
                                            "Output": [
                                                "t.id"
                                            ],
                                            "Hash Buckets": 131072,
                                            "Original Hash Buckets": 131072,
                                            "Hash Batches": 1,
                                            "Original Hash Batches": 1,
                                            "Peak Memory Usage": 5824,
                                            "Workers": [
                                                {
                                                    "Worker Number": 0,
                                                    "Actual Startup Time": 79.355,
                                                    "Actual Total Time": 79.356,
                                                    "Actual Rows": 17970,
                                                    "Actual Loops": 1
                                                },
                                                {
                                                    "Worker Number": 1,
                                                    "Actual Startup Time": 79.653,
                                                    "Actual Total Time": 79.654,
                                                    "Actual Rows": 19059,
                                                    "Actual Loops": 1
                                                },
                                                {
                                                    "Worker Number": 2,
                                                    "Actual Startup Time": 79.932,
                                                    "Actual Total Time": 79.932,
                                                    "Actual Rows": 16654,
                                                    "Actual Loops": 1
                                                },
                                                {
                                                    "Worker Number": 3,
                                                    "Actual Startup Time": 80.292,
                                                    "Actual Total Time": 80.294,
                                                    "Actual Rows": 20241,
                                                    "Actual Loops": 1
                                                },
                                                {
                                                    "Worker Number": 4,
                                                    "Actual Startup Time": 80.673,
                                                    "Actual Total Time": 80.674,
                                                    "Actual Rows": 16883,
                                                    "Actual Loops": 1
                                                }
                                            ],
                                            "Plans": [
                                                {
                                                    "Node Type": "Seq Scan",
                                                    "Parent Relationship": "Outer",
                                                    "Parallel Aware": true,
                                                    "Relation Name": "title",
                                                    "Schema": "public",
                                                    "Alias": "t",
                                                    "Startup Cost": 0.0,
                                                    "Total Cost": 43899.01,
                                                    "Plan Rows": 29946,
                                                    "Plan Width": 4,
                                                    "Actual Startup Time": 40.235,
                                                    "Actual Total Time": 73.708,
                                                    "Actual Rows": 20061,
                                                    "Actual Loops": 6,
                                                    "Output": [
                                                        "t.id"
                                                    ],
                                                    "Filter": "(t.production_year < 1932)",
                                                    "Rows Removed by Filter": 401324,
                                                    "Workers": [
                                                        {
                                                            "Worker Number": 0,
                                                            "Actual Startup Time": 46.431,
                                                            "Actual Total Time": 72.432,
                                                            "Actual Rows": 17970,
                                                            "Actual Loops": 1
                                                        },
                                                        {
                                                            "Worker Number": 1,
                                                            "Actual Startup Time": 45.372,
                                                            "Actual Total Time": 72.474,
                                                            "Actual Rows": 19059,
                                                            "Actual Loops": 1
                                                        },
                                                        {
                                                            "Worker Number": 2,
                                                            "Actual Startup Time": 32.316,
                                                            "Actual Total Time": 72.491,
                                                            "Actual Rows": 16654,
                                                            "Actual Loops": 1
                                                        },
                                                        {
                                                            "Worker Number": 3,
                                                            "Actual Startup Time": 31.981,
                                                            "Actual Total Time": 73.705,
                                                            "Actual Rows": 20241,
                                                            "Actual Loops": 1
                                                        },
                                                        {
                                                            "Worker Number": 4,
                                                            "Actual Startup Time": 46.926,
                                                            "Actual Total Time": 72.805,
                                                            "Actual Rows": 16883,
                                                            "Actual Loops": 1
                                                        }
                                                    ]
                                                }
                                            ]
                                        }
                                    ]
                                }
                            ]
                        }
                    ]
                }
            ]
        },
        "Planning Time": 182.739,
        "Triggers": [],
        "Execution Time": 121.216
    }
]