[
  {
    "Plan": {
      "Node Type": "Aggregate",
      "Strategy": "Plain",
      "Partial Mode": "Finalize",
      "Parallel Aware": false,
      "Startup Cost": 32905.91,
      "Total Cost": 32905.92,
      "Plan Rows": 1,
      "Plan Width": 8,
      "Actual Startup Time": 118.323,
      "Actual Total Time": 126.68,
      "Actual Rows": 1,
      "Actual Loops": 1,
      "Plans": [
        {
          "Node Type": "Gather",
          "Parent Relationship": "Outer",
          "Parallel Aware": false,
          "Startup Cost": 32905.59,
          "Total Cost": 32905.9,
          "Plan Rows": 3,
          "Plan Width": 8,
          "Actual Startup Time": 118.217,
          "Actual Total Time": 126.668,
          "Actual Rows": 4,
          "Actual Loops": 1,
          "Workers Planned": 3,
          "Workers Launched": 3,
          "Single Copy": false,
          "Plans": [
            {
              "Node Type": "Aggregate",
              "Strategy": "Plain",
              "Partial Mode": "Partial",
              "Parent Relationship": "Outer",
              "Parallel Aware": false,
              "Startup Cost": 31905.59,
              "Total Cost": 31905.6,
              "Plan Rows": 1,
              "Plan Width": 8,
              "Actual Startup Time": 109.504,
              "Actual Total Time": 109.505,
              "Actual Rows": 1,
              "Actual Loops": 4,
              "Plans": [
                {
                  "Node Type": "Seq Scan",
                  "Parent Relationship": "Outer",
                  "Parallel Aware": true,
                  "Relation Name": "movie_companies",
                  "Alias": "mc",
                  "Startup Cost": 0.0,
                  "Total Cost": 31414.82,
                  "Plan Rows": 196310,
                  "Plan Width": 0,
                  "Actual Startup Time": 52.647,
                  "Actual Total Time": 97.076,
                  "Actual Rows": 220747,
                  "Actual Loops": 4,
                  "Filter": "((company_id > 12313) AND (company_type_id = 2))",
                  "Rows Removed by Filter": 431535
                }
              ]
            }
          ]
        }
      ]
    },
    "Planning Time": 0.257,
    "Triggers": [],
    "Execution Time": 126.749
  }
]