[
  {
    "Plan": {
      "Node Type": "Aggregate",
      "Strategy": "Plain",
      "Partial Mode": "Finalize",
      "Parallel Aware": false,
      "Startup Cost": 128424.03,
      "Total Cost": 128424.04,
      "Plan Rows": 1,
      "Plan Width": 8,
      "Actual Startup Time": 777.365,
      "Actual Total Time": 797.083,
      "Actual Rows": 1,
      "Actual Loops": 1,
      "Plans": [
        {
          "Node Type": "Gather",
          "Parent Relationship": "Outer",
          "Parallel Aware": false,
          "Startup Cost": 128423.71,
          "Total Cost": 128424.02,
          "Plan Rows": 3,
          "Plan Width": 8,
          "Actual Startup Time": 766.478,
          "Actual Total Time": 797.074,
          "Actual Rows": 4,
          "Actual Loops": 1,
          "Workers Planned": 3,
          "Workers Launched": 3,
          "Single Copy": false,
          "Plans": [
            {
              "Node Type": "Aggregate",
              "Strategy": "Plain",
              "Partial Mode": "Partial",
              "Parent Relationship": "Outer",
              "Parallel Aware": false,
              "Startup Cost": 127423.71,
              "Total Cost": 127423.72,
              "Plan Rows": 1,
              "Plan Width": 8,
              "Actual Startup Time": 760.198,
              "Actual Total Time": 760.204,
              "Actual Rows": 1,
              "Actual Loops": 4,
              "Plans": [
                {
                  "Node Type": "Hash Join",
                  "Parent Relationship": "Outer",
                  "Parallel Aware": true,
                  "Join Type": "Inner",
                  "Startup Cost": 81792.83,
                  "Total Cost": 126938.6,
                  "Plan Rows": 194045,
                  "Plan Width": 0,
                  "Actual Startup Time": 399.94,
                  "Actual Total Time": 693.576,
                  "Actual Rows": 1589948,
                  "Actual Loops": 4,
                  "Inner Unique": false,
                  "Hash Cond": "(mk.movie_id = t.id)",
                  "Plans": [
                    {
                      "Node Type": "Seq Scan",
                      "Parent Relationship": "Outer",
                      "Parallel Aware": true,
                      "Relation Name": "movie_keyword",
                      "Alias": "mk",
                      "Startup Cost": 0.0,
                      "Total Cost": 39047.32,
                      "Plan Rows": 1459332,
                      "Plan Width": 4,
                      "Actual Startup Time": 0.032,
                      "Actual Total Time": 84.008,
                      "Actual Rows": 1130982,
                      "Actual Loops": 4
                    },
                    {
                      "Node Type": "Hash",
                      "Parent Relationship": "Inner",
                      "Parallel Aware": true,
                      "Startup Cost": 80437.18,
                      "Total Cost": 80437.18,
                      "Plan Rows": 108452,
                      "Plan Width": 8,
                      "Actual Startup Time": 396.594,
                      "Actual Total Time": 396.598,
                      "Actual Rows": 163741,
                      "Actual Loops": 4,
                      "Hash Buckets": 1048576,
                      "Original Hash Buckets": 524288,
                      "Hash Batches": 1,
                      "Original Hash Batches": 1,
                      "Peak Memory Usage": 37984,
                      "Plans": [
                        {
                          "Node Type": "Hash Join",
                          "Parent Relationship": "Outer",
                          "Parallel Aware": true,
                          "Join Type": "Inner",
                          "Startup Cost": 48193.54,
                          "Total Cost": 80437.18,
                          "Plan Rows": 108452,
                          "Plan Width": 8,
                          "Actual Startup Time": 211.489,
                          "Actual Total Time": 330.854,
                          "Actual Rows": 163741,
                          "Actual Loops": 4,
                          "Inner Unique": true,
                          "Hash Cond": "(mc.movie_id = t.id)",
                          "Plans": [
                            {
                              "Node Type": "Seq Scan",
                              "Parent Relationship": "Outer",
                              "Parallel Aware": true,
                              "Relation Name": "movie_companies",
                              "Alias": "mc",
                              "Startup Cost": 0.0,
                              "Total Cost": 31414.82,
                              "Plan Rows": 315745,
                              "Plan Width": 4,
                              "Actual Startup Time": 31.353,
                              "Actual Total Time": 70.305,
                              "Actual Rows": 284300,
                              "Actual Loops": 4,
                              "Filter": "((company_id > 1257) AND (company_type_id = 2))",
                              "Rows Removed by Filter": 367982
                            },
                            {
                              "Node Type": "Hash",
                              "Parent Relationship": "Inner",
                              "Parallel Aware": true,
                              "Startup Cost": 45479.59,
                              "Total Cost": 45479.59,
                              "Plan Rows": 217116,
                              "Plan Width": 4,
                              "Actual Startup Time": 176.843,
                              "Actual Total Time": 176.844,
                              "Actual Rows": 195701,
                              "Actual Loops": 4,
                              "Hash Buckets": 1048576,
                              "Original Hash Buckets": 1048576,
                              "Hash Batches": 1,
                              "Original Hash Batches": 1,
                              "Peak Memory Usage": 38880,
                              "Plans": [
                                {
                                  "Node Type": "Seq Scan",
                                  "Parent Relationship": "Outer",
                                  "Parallel Aware": true,
                                  "Relation Name": "title",
                                  "Alias": "t",
                                  "Startup Cost": 0.0,
                                  "Total Cost": 45479.59,
                                  "Plan Rows": 217116,
                                  "Plan Width": 4,
                                  "Actual Startup Time": 0.059,
                                  "Actual Total Time": 101.48,
                                  "Actual Rows": 195701,
                                  "Actual Loops": 4,
                                  "Filter": "((kind_id < 7) AND (production_year > 1959))",
                                  "Rows Removed by Filter": 436377
                                }
                              ]
                            }
                          ]
                        }
                      ]
                    }
                  ]
                }
              ]
            }
          ]
        }
      ]
    },
    "Planning Time": 1.19,
    "Triggers": [],
    "Execution Time": 797.153
  }
]