[
  {
    "Plan": {
      "Node Type": "Aggregate",
      "Strategy": "Plain",
      "Partial Mode": "Finalize",
      "Parallel Aware": false,
      "Startup Cost": 106634.14,
      "Total Cost": 106634.15,
      "Plan Rows": 1,
      "Plan Width": 8,
      "Actual Startup Time": 774.787,
      "Actual Total Time": 797.085,
      "Actual Rows": 1,
      "Actual Loops": 1,
      "Plans": [
        {
          "Node Type": "Gather",
          "Parent Relationship": "Outer",
          "Parallel Aware": false,
          "Startup Cost": 106633.92,
          "Total Cost": 106634.13,
          "Plan Rows": 2,
          "Plan Width": 8,
          "Actual Startup Time": 767.573,
          "Actual Total Time": 797.076,
          "Actual Rows": 3,
          "Actual Loops": 1,
          "Workers Planned": 2,
          "Workers Launched": 2,
          "Single Copy": false,
          "Plans": [
            {
              "Node Type": "Aggregate",
              "Strategy": "Plain",
              "Partial Mode": "Partial",
              "Parent Relationship": "Outer",
              "Parallel Aware": false,
              "Startup Cost": 105633.92,
              "Total Cost": 105633.93,
              "Plan Rows": 1,
              "Plan Width": 8,
              "Actual Startup Time": 762.698,
              "Actual Total Time": 763.098,
              "Actual Rows": 1,
              "Actual Loops": 3,
              "Plans": [
                {
                  "Node Type": "Hash Join",
                  "Parent Relationship": "Outer",
                  "Parallel Aware": true,
                  "Join Type": "Inner",
                  "Startup Cost": 89528.62,
                  "Total Cost": 105518.72,
                  "Plan Rows": 46082,
                  "Plan Width": 0,
                  "Actual Startup Time": 598.148,
                  "Actual Total Time": 723.57,
                  "Actual Rows": 841422,
                  "Actual Loops": 3,
                  "Inner Unique": false,
                  "Hash Cond": "(mi_idx.movie_id = t.id)",
                  "Plans": [
                    {
                      "Node Type": "Seq Scan",
                      "Parent Relationship": "Outer",
                      "Parallel Aware": true,
                      "Relation Name": "movie_info_idx",
                      "Alias": "mi_idx",
                      "Startup Cost": 0.0,
                      "Total Cost": 13685.15,
                      "Plan Rows": 575015,
                      "Plan Width": 4,
                      "Actual Startup Time": 0.02,
                      "Actual Total Time": 42.568,
                      "Actual Rows": 460012,
                      "Actual Loops": 3
                    },
                    {
                      "Node Type": "Hash",
                      "Parent Relationship": "Inner",
                      "Parallel Aware": true,
                      "Startup Cost": 88711.57,
                      "Total Cost": 88711.57,
                      "Plan Rows": 65364,
                      "Plan Width": 8,
                      "Actual Startup Time": 554.139,
                      "Actual Total Time": 554.537,
                      "Actual Rows": 333829,
                      "Actual Loops": 3,
                      "Hash Buckets": 1048576,
                      "Original Hash Buckets": 262144,
                      "Hash Batches": 1,
                      "Original Hash Batches": 1,
                      "Peak Memory Usage": 53568,
                      "Plans": [
                        {
                          "Node Type": "Hash Join",
                          "Parent Relationship": "Outer",
                          "Parallel Aware": true,
                          "Join Type": "Inner",
                          "Startup Cost": 45833.49,
                          "Total Cost": 88711.57,
                          "Plan Rows": 65364,
                          "Plan Width": 8,
                          "Actual Startup Time": 208.437,
                          "Actual Total Time": 458.896,
                          "Actual Rows": 333829,
                          "Actual Loops": 3,
                          "Inner Unique": true,
                          "Hash Cond": "(mk.movie_id = t.id)",
                          "Plans": [
                            {
                              "Node Type": "Seq Scan",
                              "Parent Relationship": "Outer",
                              "Parallel Aware": true,
                              "Relation Name": "movie_keyword",
                              "Alias": "mk",
                              "Startup Cost": 0.0,
                              "Total Cost": 39047.32,
                              "Plan Rows": 1459332,
                              "Plan Width": 4,
                              "Actual Startup Time": 0.026,
                              "Actual Total Time": 126.34,
                              "Actual Rows": 1507977,
                              "Actual Loops": 3
                            },
                            {
                              "Node Type": "Hash",
                              "Parent Relationship": "Inner",
                              "Parallel Aware": true,
                              "Startup Cost": 45479.59,
                              "Total Cost": 45479.59,
                              "Plan Rows": 28312,
                              "Plan Width": 4,
                              "Actual Startup Time": 156.103,
                              "Actual Total Time": 156.104,
                              "Actual Rows": 84194,
                              "Actual Loops": 3,
                              "Hash Buckets": 262144,
                              "Original Hash Buckets": 131072,
                              "Hash Batches": 1,
                              "Original Hash Batches": 1,
                              "Peak Memory Usage": 13024,
                              "Plans": [
                                {
                                  "Node Type": "Seq Scan",
                                  "Parent Relationship": "Outer",
                                  "Parallel Aware": true,
                                  "Relation Name": "title",
                                  "Alias": "t",
                                  "Startup Cost": 0.0,
                                  "Total Cost": 45479.59,
                                  "Plan Rows": 28312,
                                  "Plan Width": 4,
                                  "Actual Startup Time": 69.53,
                                  "Actual Total Time": 120.76,
                                  "Actual Rows": 84194,
                                  "Actual Loops": 3,
                                  "Filter": "((production_year < 1976) AND (kind_id = 1))",
                                  "Rows Removed by Filter": 758577
                                }
                              ]
                            }
                          ]
                        }
                      ]
                    }
                  ]
                }
              ]
            }
          ]
        }
      ]
    },
    "Planning Time": 1.134,
    "Triggers": [],
    "Execution Time": 797.151
  }
]