[
  {
    "Plan": {
      "Node Type": "Aggregate",
      "Strategy": "Plain",
      "Partial Mode": "Finalize",
      "Parallel Aware": false,
      "Startup Cost": 46570.8,
      "Total Cost": 46570.81,
      "Plan Rows": 1,
      "Plan Width": 8,
      "Actual Startup Time": 160.027,
      "Actual Total Time": 170.002,
      "Actual Rows": 1,
      "Actual Loops": 1,
      "Plans": [
        {
          "Node Type": "Gather",
          "Parent Relationship": "Outer",
          "Parallel Aware": false,
          "Startup Cost": 46570.48,
          "Total Cost": 46570.79,
          "Plan Rows": 3,
          "Plan Width": 8,
          "Actual Startup Time": 159.862,
          "Actual Total Time": 169.991,
          "Actual Rows": 4,
          "Actual Loops": 1,
          "Workers Planned": 3,
          "Workers Launched": 3,
          "Single Copy": false,
          "Plans": [
            {
              "Node Type": "Aggregate",
              "Strategy": "Plain",
              "Partial Mode": "Partial",
              "Parent Relationship": "Outer",
              "Parallel Aware": false,
              "Startup Cost": 45570.48,
              "Total Cost": 45570.49,
              "Plan Rows": 1,
              "Plan Width": 8,
              "Actual Startup Time": 156.053,
              "Actual Total Time": 156.054,
              "Actual Rows": 1,
              "Actual Loops": 4,
              "Plans": [
                {
                  "Node Type": "Seq Scan",
                  "Parent Relationship": "Outer",
                  "Parallel Aware": true,
                  "Relation Name": "movie_keyword",
                  "Alias": "mk",
                  "Startup Cost": 0.0,
                  "Total Cost": 42695.65,
                  "Plan Rows": 1149931,
                  "Plan Width": 0,
                  "Actual Startup Time": 0.063,
                  "Actual Total Time": 118.141,
                  "Actual Rows": 889436,
                  "Actual Loops": 4,
                  "Filter": "(keyword_id > 908)",
                  "Rows Removed by Filter": 241546
                }
              ]
            }
          ]
        }
      ]
    },
    "Planning Time": 0.112,
    "Triggers": [],
    "Execution Time": 170.045
  }
]