[
  {
    "Plan": {
      "Node Type": "Aggregate",
      "Strategy": "Plain",
      "Partial Mode": "Finalize",
      "Parallel Aware": false,
      "Startup Cost": 40043.33,
      "Total Cost": 40043.34,
      "Plan Rows": 1,
      "Plan Width": 8,
      "Actual Startup Time": 142.333,
      "Actual Total Time": 151.356,
      "Actual Rows": 1,
      "Actual Loops": 1,
      "Plans": [
        {
          "Node Type": "Gather",
          "Parent Relationship": "Outer",
          "Parallel Aware": false,
          "Startup Cost": 40043.01,
          "Total Cost": 40043.32,
          "Plan Rows": 3,
          "Plan Width": 8,
          "Actual Startup Time": 142.048,
          "Actual Total Time": 151.347,
          "Actual Rows": 4,
          "Actual Loops": 1,
          "Workers Planned": 3,
          "Workers Launched": 3,
          "Single Copy": false,
          "Plans": [
            {
              "Node Type": "Aggregate",
              "Strategy": "Plain",
              "Partial Mode": "Partial",
              "Parent Relationship": "Outer",
              "Parallel Aware": false,
              "Startup Cost": 39043.01,
              "Total Cost": 39043.02,
              "Plan Rows": 1,
              "Plan Width": 8,
              "Actual Startup Time": 136.665,
              "Actual Total Time": 136.667,
              "Actual Rows": 1,
              "Actual Loops": 4,
              "Plans": [
                {
                  "Node Type": "Bitmap Heap Scan",
                  "Parent Relationship": "Outer",
                  "Parallel Aware": true,
                  "Relation Name": "movie_keyword",
                  "Alias": "mk",
                  "Startup Cost": 11879.76,
                  "Total Cost": 38591.47,
                  "Plan Rows": 180617,
                  "Plan Width": 0,
                  "Actual Startup Time": 56.416,
                  "Actual Total Time": 128.94,
                  "Actual Rows": 139888,
                  "Actual Loops": 4,
                  "Recheck Cond": "(keyword_id > 32885)",
                  "Rows Removed by Index Recheck": 0,
                  "Exact Heap Blocks": 10360,
                  "Lossy Heap Blocks": 0,
                  "Plans": [
                    {
                      "Node Type": "Bitmap Index Scan",
                      "Parent Relationship": "Outer",
                      "Parallel Aware": false,
                      "Index Name": "keyword_id_movie_keyword",
                      "Startup Cost": 0.0,
                      "Total Cost": 11739.78,
                      "Plan Rows": 559913,
                      "Plan Width": 0,
                      "Actual Startup Time": 57.644,
                      "Actual Total Time": 57.645,
                      "Actual Rows": 559550,
                      "Actual Loops": 1,
                      "Index Cond": "(keyword_id > 32885)"
                    }
                  ]
                }
              ]
            }
          ]
        }
      ]
    },
    "Planning Time": 0.136,
    "Triggers": [],
    "Execution Time": 151.422
  }
]