[
  {
    "Plan": {
      "Node Type": "Aggregate",
      "Strategy": "Plain",
      "Partial Mode": "Finalize",
      "Parallel Aware": false,
      "Startup Cost": 34965.14,
      "Total Cost": 34965.15,
      "Plan Rows": 1,
      "Plan Width": 8,
      "Actual Startup Time": 105.142,
      "Actual Total Time": 131.056,
      "Actual Rows": 1,
      "Actual Loops": 1,
      "Plans": [
        {
          "Node Type": "Gather",
          "Parent Relationship": "Outer",
          "Parallel Aware": false,
          "Startup Cost": 34964.93,
          "Total Cost": 34965.14,
          "Plan Rows": 2,
          "Plan Width": 8,
          "Actual Startup Time": 104.993,
          "Actual Total Time": 131.048,
          "Actual Rows": 3,
          "Actual Loops": 1,
          "Workers Planned": 2,
          "Workers Launched": 2,
          "Single Copy": false,
          "Plans": [
            {
              "Node Type": "Aggregate",
              "Strategy": "Plain",
              "Partial Mode": "Partial",
              "Parent Relationship": "Outer",
              "Parallel Aware": false,
              "Startup Cost": 33964.93,
              "Total Cost": 33964.94,
              "Plan Rows": 1,
              "Plan Width": 8,
              "Actual Startup Time": 101.821,
              "Actual Total Time": 101.825,
              "Actual Rows": 1,
              "Actual Loops": 3,
              "Plans": [
                {
                  "Node Type": "Nested Loop",
                  "Parent Relationship": "Outer",
                  "Parallel Aware": false,
                  "Join Type": "Inner",
                  "Startup Cost": 120.54,
                  "Total Cost": 33961.9,
                  "Plan Rows": 1209,
                  "Plan Width": 0,
                  "Actual Startup Time": 1.245,
                  "Actual Total Time": 101.528,
                  "Actual Rows": 2533,
                  "Actual Loops": 3,
                  "Inner Unique": false,
                  "Plans": [
                    {
                      "Node Type": "Nested Loop",
                      "Parent Relationship": "Outer",
                      "Parallel Aware": false,
                      "Join Type": "Inner",
                      "Startup Cost": 120.11,
                      "Total Cost": 30155.84,
                      "Plan Rows": 2325,
                      "Plan Width": 8,
                      "Actual Startup Time": 1.071,
                      "Actual Total Time": 24.547,
                      "Actual Rows": 2558,
                      "Actual Loops": 3,
                      "Inner Unique": true,
                      "Plans": [
                        {
                          "Node Type": "Bitmap Heap Scan",
                          "Parent Relationship": "Outer",
                          "Parallel Aware": true,
                          "Relation Name": "movie_keyword",
                          "Alias": "mk",
                          "Startup Cost": 119.68,
                          "Total Cost": 13383.74,
                          "Plan Rows": 2325,
                          "Plan Width": 4,
                          "Actual Startup Time": 0.99,
                          "Actual Total Time": 8.445,
                          "Actual Rows": 2558,
                          "Actual Loops": 3,
                          "Recheck Cond": "(keyword_id = 7078)",
                          "Rows Removed by Index Recheck": 0,
                          "Exact Heap Blocks": 3494,
                          "Lossy Heap Blocks": 0,
                          "Plans": [
                            {
                              "Node Type": "Bitmap Index Scan",
                              "Parent Relationship": "Outer",
                              "Parallel Aware": false,
                              "Index Name": "keyword_id_movie_keyword",
                              "Startup Cost": 0.0,
                              "Total Cost": 118.28,
                              "Plan Rows": 5580,
                              "Plan Width": 0,
                              "Actual Startup Time": 1.915,
                              "Actual Total Time": 1.915,
                              "Actual Rows": 7673,
                              "Actual Loops": 1,
                              "Index Cond": "(keyword_id = 7078)"
                            }
                          ]
                        },
                        {
                          "Node Type": "Index Only Scan",
                          "Parent Relationship": "Inner",
                          "Parallel Aware": false,
                          "Scan Direction": "Forward",
                          "Index Name": "title_pkey",
                          "Relation Name": "title",
                          "Alias": "t",
                          "Startup Cost": 0.43,
                          "Total Cost": 7.21,
                          "Plan Rows": 1,
                          "Plan Width": 4,
                          "Actual Startup Time": 0.006,
                          "Actual Total Time": 0.006,
                          "Actual Rows": 1,
                          "Actual Loops": 7673,
                          "Index Cond": "(id = mk.movie_id)",
                          "Rows Removed by Index Recheck": 0,
                          "Heap Fetches": 7673
                        }
                      ]
                    },
                    {
                      "Node Type": "Index Scan",
                      "Parent Relationship": "Inner",
                      "Parallel Aware": false,
                      "Scan Direction": "Forward",
                      "Index Name": "movie_id_movie_info",
                      "Relation Name": "movie_info",
                      "Alias": "mi",
                      "Startup Cost": 0.43,
                      "Total Cost": 1.6,
                      "Plan Rows": 4,
                      "Plan Width": 4,
                      "Actual Startup Time": 0.026,
                      "Actual Total Time": 0.03,
                      "Actual Rows": 1,
                      "Actual Loops": 7673,
                      "Index Cond": "(movie_id = t.id)",
                      "Rows Removed by Index Recheck": 0,
                      "Filter": "(info_type_id = 2)",
                      "Rows Removed by Filter": 36
                    }
                  ]
                }
              ]
            }
          ]
        }
      ]
    },
    "Planning Time": 0.501,
    "Triggers": [],
    "Execution Time": 131.108
  }
]