[
  {
    "Plan": {
      "Node Type": "Aggregate",
      "Strategy": "Plain",
      "Partial Mode": "Finalize",
      "Parallel Aware": false,
      "Startup Cost": 44710.91,
      "Total Cost": 44710.92,
      "Plan Rows": 1,
      "Plan Width": 8,
      "Actual Startup Time": 142.313,
      "Actual Total Time": 166.675,
      "Actual Rows": 1,
      "Actual Loops": 1,
      "Plans": [
        {
          "Node Type": "Gather",
          "Parent Relationship": "Outer",
          "Parallel Aware": false,
          "Startup Cost": 44710.69,
          "Total Cost": 44710.9,
          "Plan Rows": 2,
          "Plan Width": 8,
          "Actual Startup Time": 142.134,
          "Actual Total Time": 166.664,
          "Actual Rows": 3,
          "Actual Loops": 1,
          "Workers Planned": 2,
          "Workers Launched": 2,
          "Single Copy": false,
          "Plans": [
            {
              "Node Type": "Aggregate",
              "Strategy": "Plain",
              "Partial Mode": "Partial",
              "Parent Relationship": "Outer",
              "Parallel Aware": false,
              "Startup Cost": 43710.69,
              "Total Cost": 43710.7,
              "Plan Rows": 1,
              "Plan Width": 8,
              "Actual Startup Time": 133.201,
              "Actual Total Time": 133.203,
              "Actual Rows": 1,
              "Actual Loops": 3,
              "Plans": [
                {
                  "Node Type": "Nested Loop",
                  "Parent Relationship": "Outer",
                  "Parallel Aware": false,
                  "Join Type": "Inner",
                  "Startup Cost": 164.9,
                  "Total Cost": 43706.7,
                  "Plan Rows": 1598,
                  "Plan Width": 0,
                  "Actual Startup Time": 3.674,
                  "Actual Total Time": 132.804,
                  "Actual Rows": 2533,
                  "Actual Loops": 3,
                  "Inner Unique": false,
                  "Plans": [
                    {
                      "Node Type": "Nested Loop",
                      "Parent Relationship": "Outer",
                      "Parallel Aware": false,
                      "Join Type": "Inner",
                      "Startup Cost": 164.47,
                      "Total Cost": 38395.91,
                      "Plan Rows": 3205,
                      "Plan Width": 8,
                      "Actual Startup Time": 2.974,
                      "Actual Total Time": 35.631,
                      "Actual Rows": 2558,
                      "Actual Loops": 3,
                      "Inner Unique": true,
                      "Plans": [
                        {
                          "Node Type": "Bitmap Heap Scan",
                          "Parent Relationship": "Outer",
                          "Parallel Aware": true,
                          "Relation Name": "movie_keyword",
                          "Alias": "mk",
                          "Startup Cost": 164.04,
                          "Total Cost": 16394.0,
                          "Plan Rows": 3205,
                          "Plan Width": 4,
                          "Actual Startup Time": 2.802,
                          "Actual Total Time": 12.86,
                          "Actual Rows": 2558,
                          "Actual Loops": 3,
                          "Recheck Cond": "(keyword_id = 7078)",
                          "Rows Removed by Index Recheck": 0,
                          "Exact Heap Blocks": 3108,
                          "Lossy Heap Blocks": 0,
                          "Plans": [
                            {
                              "Node Type": "Bitmap Index Scan",
                              "Parent Relationship": "Outer",
                              "Parallel Aware": false,
                              "Index Name": "keyword_id_movie_keyword",
                              "Startup Cost": 0.0,
                              "Total Cost": 162.12,
                              "Plan Rows": 7691,
                              "Plan Width": 0,
                              "Actual Startup Time": 5.481,
                              "Actual Total Time": 5.482,
                              "Actual Rows": 7673,
                              "Actual Loops": 1,
                              "Index Cond": "(keyword_id = 7078)"
                            }
                          ]
                        },
                        {
                          "Node Type": "Index Only Scan",
                          "Parent Relationship": "Inner",
                          "Parallel Aware": false,
                          "Scan Direction": "Forward",
                          "Index Name": "title_pkey",
                          "Relation Name": "title",
                          "Alias": "t",
                          "Startup Cost": 0.43,
                          "Total Cost": 6.86,
                          "Plan Rows": 1,
                          "Plan Width": 4,
                          "Actual Startup Time": 0.008,
                          "Actual Total Time": 0.008,
                          "Actual Rows": 1,
                          "Actual Loops": 7673,
                          "Index Cond": "(id = mk.movie_id)",
                          "Rows Removed by Index Recheck": 0,
                          "Heap Fetches": 7673
                        }
                      ]
                    },
                    {
                      "Node Type": "Index Scan",
                      "Parent Relationship": "Inner",
                      "Parallel Aware": false,
                      "Scan Direction": "Forward",
                      "Index Name": "movie_id_movie_info",
                      "Relation Name": "movie_info",
                      "Alias": "mi",
                      "Startup Cost": 0.43,
                      "Total Cost": 1.62,
                      "Plan Rows": 4,
                      "Plan Width": 4,
                      "Actual Startup Time": 0.033,
                      "Actual Total Time": 0.037,
                      "Actual Rows": 1,
                      "Actual Loops": 7673,
                      "Index Cond": "(movie_id = t.id)",
                      "Rows Removed by Index Recheck": 0,
                      "Filter": "(info_type_id = 2)",
                      "Rows Removed by Filter": 36
                    }
                  ]
                }
              ]
            }
          ]
        }
      ]
    },
    "Planning Time": 1.353,
    "Triggers": [],
    "Execution Time": 166.785
  }
]