{
  "Plan": {
    "Node Type": "Aggregate",
    "Strategy": "Plain",
    "Partial Mode": "Finalize",
    "Parallel Aware": false,
    "Startup Cost": 106956.24,
    "Total Cost": 106956.25,
    "Plan Rows": 1,
    "Plan Width": 8,
    "Actual Startup Time": 524.228,
    "Actual Total Time": 576.475,
    "Actual Rows": 1,
    "Actual Loops": 1,
    "Plans": [
      {
        "Node Type": "Gather",
        "Parent Relationship": "Outer",
        "Parallel Aware": false,
        "Startup Cost": 106956.13,
        "Total Cost": 106956.24,
        "Plan Rows": 1,
        "Plan Width": 8,
        "Actual Startup Time": 523.921,
        "Actual Total Time": 576.467,
        "Actual Rows": 2,
        "Actual Loops": 1,
        "Workers Planned": 1,
        "Workers Launched": 1,
        "Single Copy": false,
        "Plans": [
          {
            "Node Type": "Aggregate",
            "Strategy": "Plain",
            "Partial Mode": "Partial",
            "Parent Relationship": "Outer",
            "Parallel Aware": false,
            "Startup Cost": 105956.13,
            "Total Cost": 105956.14,
            "Plan Rows": 1,
            "Plan Width": 8,
            "Actual Startup Time": 517.893,
            "Actual Total Time": 517.897,
            "Actual Rows": 1,
            "Actual Loops": 2,
            "Plans": [
              {
                "Node Type": "Nested Loop",
                "Parent Relationship": "Outer",
                "Parallel Aware": false,
                "Join Type": "Inner",
                "Startup Cost": 54663.93,
                "Total Cost": 105855.82,
                "Plan Rows": 40124,
                "Plan Width": 0,
                "Actual Startup Time": 134.459,
                "Actual Total Time": 515.144,
                "Actual Rows": 50322,
                "Actual Loops": 2,
                "Inner Unique": false,
                "Join Filter": "(t.id = ci.movie_id)",
                "Rows Removed by Join Filter": 0,
                "Plans": [
                  {
                    "Node Type": "Hash Join",
                    "Parent Relationship": "Outer",
                    "Parallel Aware": true,
                    "Join Type": "Inner",
                    "Startup Cost": 54663.36,
                    "Total Cost": 92830.0,
                    "Plan Rows": 6190,
                    "Plan Width": 8,
                    "Actual Startup Time": 134.101,
                    "Actual Total Time": 328.442,
                    "Actual Rows": 7704,
                    "Actual Loops": 2,
                    "Inner Unique": true,
                    "Hash Cond": "(mc.movie_id = t.id)",
                    "Plans": [
                      {
                        "Node Type": "Seq Scan",
                        "Parent Relationship": "Outer",
                        "Parallel Aware": true,
                        "Relation Name": "movie_companies",
                        "Alias": "mc",
                        "Startup Cost": 0.0,
                        "Total Cost": 34137.82,
                        "Plan Rows": 1534782,
                        "Plan Width": 4,
                        "Actual Startup Time": 0.014,
                        "Actual Total Time": 90.502,
                        "Actual Rows": 1304564,
                        "Actual Loops": 2
                      },
                      {
                        "Node Type": "Hash",
                        "Parent Relationship": "Inner",
                        "Parallel Aware": true,
                        "Startup Cost": 54588.39,
                        "Total Cost": 54588.39,
                        "Plan Rows": 5998,
                        "Plan Width": 4,
                        "Actual Startup Time": 132.63,
                        "Actual Total Time": 132.631,
                        "Actual Rows": 4884,
                        "Actual Loops": 2,
                        "Hash Buckets": 16384,
                        "Original Hash Buckets": 16384,
                        "Hash Batches": 1,
                        "Original Hash Batches": 1,
                        "Peak Memory Usage": 512,
                        "Plans": [
                          {
                            "Node Type": "Seq Scan",
                            "Parent Relationship": "Outer",
                            "Parallel Aware": true,
                            "Relation Name": "title",
                            "Alias": "t",
                            "Startup Cost": 0.0,
                            "Total Cost": 54588.39,
                            "Plan Rows": 5998,
                            "Plan Width": 4,
                            "Actual Startup Time": 0.397,
                            "Actual Total Time": 130.687,
                            "Actual Rows": 4884,
                            "Actual Loops": 2,
                            "Filter": "(production_year = 1958)",
                            "Rows Removed by Filter": 1259272
                          }
                        ]
                      }
                    ]
                  },
                  {
                    "Node Type": "Index Scan",
                    "Parent Relationship": "Inner",
                    "Parallel Aware": false,
                    "Scan Direction": "Forward",
                    "Index Name": "movie_id_cast_info",
                    "Relation Name": "cast_info",
                    "Alias": "ci",
                    "Startup Cost": 0.56,
                    "Total Cost": 1.89,
                    "Plan Rows": 17,
                    "Plan Width": 4,
                    "Actual Startup Time": 0.018,
                    "Actual Total Time": 0.023,
                    "Actual Rows": 7,
                    "Actual Loops": 15409,
                    "Index Cond": "(movie_id = mc.movie_id)",
                    "Rows Removed by Index Recheck": 0,
                    "Filter": "(role_id > 2)",
                    "Rows Removed by Filter": 12
                  }
                ]
              }
            ]
          }
        ]
      }
    ]
  },
  "Planning Time": 0.872,
  "Triggers": [],
  "Execution Time": 576.568
}