[
  {
    "Plan": {
      "Node Type": "Aggregate",
      "Strategy": "Plain",
      "Partial Mode": "Finalize",
      "Parallel Aware": false,
      "Startup Cost": 181228.21,
      "Total Cost": 181228.22,
      "Plan Rows": 1,
      "Plan Width": 8,
      "Actual Startup Time": 1792.148,
      "Actual Total Time": 1888.927,
      "Actual Rows": 1,
      "Actual Loops": 1,
      "Plans": [
        {
          "Node Type": "Gather",
          "Parent Relationship": "Outer",
          "Parallel Aware": false,
          "Startup Cost": 181227.79,
          "Total Cost": 181228.2,
          "Plan Rows": 4,
          "Plan Width": 8,
          "Actual Startup Time": 1790.748,
          "Actual Total Time": 1888.917,
          "Actual Rows": 5,
          "Actual Loops": 1,
          "Workers Planned": 4,
          "Workers Launched": 4,
          "Single Copy": false,
          "Plans": [
            {
              "Node Type": "Aggregate",
              "Strategy": "Plain",
              "Partial Mode": "Partial",
              "Parent Relationship": "Outer",
              "Parallel Aware": false,
              "Startup Cost": 180227.79,
              "Total Cost": 180227.8,
              "Plan Rows": 1,
              "Plan Width": 8,
              "Actual Startup Time": 1779.741,
              "Actual Total Time": 1779.748,
              "Actual Rows": 1,
              "Actual Loops": 5,
              "Plans": [
                {
                  "Node Type": "Nested Loop",
                  "Parent Relationship": "Outer",
                  "Parallel Aware": false,
                  "Join Type": "Inner",
                  "Startup Cost": 25131.38,
                  "Total Cost": 179570.13,
                  "Plan Rows": 263062,
                  "Plan Width": 0,
                  "Actual Startup Time": 159.71,
                  "Actual Total Time": 1758.671,
                  "Actual Rows": 387079,
                  "Actual Loops": 5,
                  "Inner Unique": false,
                  "Plans": [
                    {
                      "Node Type": "Hash Join",
                      "Parent Relationship": "Outer",
                      "Parallel Aware": true,
                      "Join Type": "Inner",
                      "Startup Cost": 25130.81,
                      "Total Cost": 70781.88,
                      "Plan Rows": 53312,
                      "Plan Width": 8,
                      "Actual Startup Time": 159.566,
                      "Actual Total Time": 258.622,
                      "Actual Rows": 41719,
                      "Actual Loops": 5,
                      "Inner Unique": false,
                      "Hash Cond": "(t.id = mc.movie_id)",
                      "Plans": [
                        {
                          "Node Type": "Seq Scan",
                          "Parent Relationship": "Outer",
                          "Parallel Aware": true,
                          "Relation Name": "title",
                          "Alias": "t",
                          "Startup Cost": 0.0,
                          "Total Cost": 42318.73,
                          "Plan Rows": 632073,
                          "Plan Width": 4,
                          "Actual Startup Time": 0.015,
                          "Actual Total Time": 69.948,
                          "Actual Rows": 505662,
                          "Actual Loops": 5
                        },
                        {
                          "Node Type": "Hash",
                          "Parent Relationship": "Inner",
                          "Parallel Aware": true,
                          "Startup Cost": 24270.95,
                          "Total Cost": 24270.95,
                          "Plan Rows": 68789,
                          "Plan Width": 4,
                          "Actual Startup Time": 56.534,
                          "Actual Total Time": 56.538,
                          "Actual Rows": 41719,
                          "Actual Loops": 5,
                          "Hash Buckets": 262144,
                          "Original Hash Buckets": 262144,
                          "Hash Batches": 1,
                          "Original Hash Batches": 1,
                          "Peak Memory Usage": 10272,
                          "Plans": [
                            {
                              "Node Type": "Bitmap Heap Scan",
                              "Parent Relationship": "Outer",
                              "Parallel Aware": true,
                              "Relation Name": "movie_companies",
                              "Alias": "mc",
                              "Startup Cost": 4621.09,
                              "Total Cost": 24270.95,
                              "Plan Rows": 68789,
                              "Plan Width": 4,
                              "Actual Startup Time": 16.028,
                              "Actual Total Time": 39.86,
                              "Actual Rows": 41719,
                              "Actual Loops": 5,
                              "Recheck Cond": "(company_id > 110916)",
                              "Rows Removed by Index Recheck": 0,
                              "Exact Heap Blocks": 1798,
                              "Lossy Heap Blocks": 0,
                              "Plans": [
                                {
                                  "Node Type": "Bitmap Index Scan",
                                  "Parent Relationship": "Outer",
                                  "Parallel Aware": false,
                                  "Index Name": "company_id_movie_companies",
                                  "Startup Cost": 0.0,
                                  "Total Cost": 4567.78,
                                  "Plan Rows": 213246,
                                  "Plan Width": 0,
                                  "Actual Startup Time": 18.59,
                                  "Actual Total Time": 18.59,
                                  "Actual Rows": 208594,
                                  "Actual Loops": 1,
                                  "Index Cond": "(company_id > 110916)"
                                }
                              ]
                            }
                          ]
                        }
                      ]
                    },
                    {
                      "Node Type": "Index Scan",
                      "Parent Relationship": "Inner",
                      "Parallel Aware": false,
                      "Scan Direction": "Forward",
                      "Index Name": "movie_id_cast_info",
                      "Relation Name": "cast_info",
                      "Alias": "ci",
                      "Startup Cost": 0.56,
                      "Total Cost": 1.91,
                      "Plan Rows": 13,
                      "Plan Width": 4,
                      "Actual Startup Time": 0.007,
                      "Actual Total Time": 0.035,
                      "Actual Rows": 9,
                      "Actual Loops": 208594,
                      "Index Cond": "(movie_id = t.id)",
                      "Rows Removed by Index Recheck": 0,
                      "Filter": "(role_id < 2)",
                      "Rows Removed by Filter": 17
                    }
                  ]
                }
              ]
            }
          ]
        }
      ]
    },
    "Planning Time": 1.435,
    "Triggers": [],
    "Execution Time": 1889.078
  }
]