{
  "Plan": {
    "Node Type": "Aggregate",
    "Strategy": "Plain",
    "Partial Mode": "Finalize",
    "Parallel Aware": false,
    "Startup Cost": 86325.35,
    "Total Cost": 86325.36,
    "Plan Rows": 1,
    "Plan Width": 8,
    "Actual Startup Time": 200.885,
    "Actual Total Time": 215.474,
    "Actual Rows": 1,
    "Actual Loops": 1,
    "Plans": [
      {
        "Node Type": "Gather",
        "Parent Relationship": "Outer",
        "Parallel Aware": false,
        "Startup Cost": 86325.24,
        "Total Cost": 86325.35,
        "Plan Rows": 1,
        "Plan Width": 8,
        "Actual Startup Time": 200.673,
        "Actual Total Time": 215.467,
        "Actual Rows": 2,
        "Actual Loops": 1,
        "Workers Planned": 1,
        "Workers Launched": 1,
        "Single Copy": false,
        "Plans": [
          {
            "Node Type": "Aggregate",
            "Strategy": "Plain",
            "Partial Mode": "Partial",
            "Parent Relationship": "Outer",
            "Parallel Aware": false,
            "Startup Cost": 85325.24,
            "Total Cost": 85325.25,
            "Plan Rows": 1,
            "Plan Width": 8,
            "Actual Startup Time": 194.613,
            "Actual Total Time": 194.616,
            "Actual Rows": 1,
            "Actual Loops": 2,
            "Plans": [
              {
                "Node Type": "Hash Join",
                "Parent Relationship": "Outer",
                "Parallel Aware": true,
                "Join Type": "Inner",
                "Startup Cost": 59574.06,
                "Total Cost": 85323.92,
                "Plan Rows": 528,
                "Plan Width": 0,
                "Actual Startup Time": 171.897,
                "Actual Total Time": 194.522,
                "Actual Rows": 856,
                "Actual Loops": 2,
                "Inner Unique": true,
                "Hash Cond": "(mk.movie_id = t.id)",
                "Plans": [
                  {
                    "Node Type": "Bitmap Heap Scan",
                    "Parent Relationship": "Outer",
                    "Parallel Aware": true,
                    "Relation Name": "movie_keyword",
                    "Alias": "mk",
                    "Startup Cost": 850.86,
                    "Total Cost": 26538.86,
                    "Plan Rows": 23562,
                    "Plan Width": 4,
                    "Actual Startup Time": 5.612,
                    "Actual Total Time": 24.645,
                    "Actual Rows": 20236,
                    "Actual Loops": 2,
                    "Recheck Cond": "(keyword_id > 104380)",
                    "Rows Removed by Index Recheck": 0,
                    "Exact Heap Blocks": 5996,
                    "Lossy Heap Blocks": 0,
                    "Plans": [
                      {
                        "Node Type": "Bitmap Index Scan",
                        "Parent Relationship": "Outer",
                        "Parallel Aware": false,
                        "Index Name": "keyword_id_movie_keyword",
                        "Startup Cost": 0.0,
                        "Total Cost": 840.84,
                        "Plan Rows": 40055,
                        "Plan Width": 0,
                        "Actual Startup Time": 4.122,
                        "Actual Total Time": 4.122,
                        "Actual Rows": 40471,
                        "Actual Loops": 1,
                        "Index Cond": "(keyword_id > 104380)"
                      }
                    ]
                  },
                  {
                    "Node Type": "Hash",
                    "Parent Relationship": "Inner",
                    "Parallel Aware": true,
                    "Startup Cost": 58306.47,
                    "Total Cost": 58306.47,
                    "Plan Rows": 33339,
                    "Plan Width": 4,
                    "Actual Startup Time": 164.716,
                    "Actual Total Time": 164.717,
                    "Actual Rows": 24538,
                    "Actual Loops": 2,
                    "Hash Buckets": 65536,
                    "Original Hash Buckets": 65536,
                    "Hash Batches": 1,
                    "Original Hash Batches": 1,
                    "Peak Memory Usage": 2464,
                    "Plans": [
                      {
                        "Node Type": "Seq Scan",
                        "Parent Relationship": "Outer",
                        "Parallel Aware": true,
                        "Relation Name": "title",
                        "Alias": "t",
                        "Startup Cost": 0.0,
                        "Total Cost": 58306.47,
                        "Plan Rows": 33339,
                        "Plan Width": 4,
                        "Actual Startup Time": 0.162,
                        "Actual Total Time": 157.514,
                        "Actual Rows": 24538,
                        "Actual Loops": 2,
                        "Filter": "((kind_id < 7) AND (production_year = 2010))",
                        "Rows Removed by Filter": 1239618
                      }
                    ]
                  }
                ]
              }
            ]
          }
        ]
      }
    ]
  },
  "Planning Time": 0.568,
  "Triggers": [],
  "Execution Time": 215.566
}