[
  {
    "Plan": {
      "Node Type": "Aggregate",
      "Strategy": "Plain",
      "Partial Mode": "Finalize",
      "Parallel Aware": false,
      "Startup Cost": 31945.48,
      "Total Cost": 31945.49,
      "Plan Rows": 1,
      "Plan Width": 8,
      "Actual Startup Time": 101.151,
      "Actual Total Time": 108.988,
      "Actual Rows": 1,
      "Actual Loops": 1,
      "Plans": [
        {
          "Node Type": "Gather",
          "Parent Relationship": "Outer",
          "Parallel Aware": false,
          "Startup Cost": 31945.16,
          "Total Cost": 31945.47,
          "Plan Rows": 3,
          "Plan Width": 8,
          "Actual Startup Time": 101.015,
          "Actual Total Time": 108.978,
          "Actual Rows": 4,
          "Actual Loops": 1,
          "Workers Planned": 3,
          "Workers Launched": 3,
          "Single Copy": false,
          "Plans": [
            {
              "Node Type": "Aggregate",
              "Strategy": "Plain",
              "Partial Mode": "Partial",
              "Parent Relationship": "Outer",
              "Parallel Aware": false,
              "Startup Cost": 30945.16,
              "Total Cost": 30945.17,
              "Plan Rows": 1,
              "Plan Width": 8,
              "Actual Startup Time": 96.053,
              "Actual Total Time": 96.054,
              "Actual Rows": 1,
              "Actual Loops": 4,
              "Plans": [
                {
                  "Node Type": "Seq Scan",
                  "Parent Relationship": "Outer",
                  "Parallel Aware": true,
                  "Relation Name": "movie_companies",
                  "Alias": "mc",
                  "Startup Cost": 0.0,
                  "Total Cost": 29310.68,
                  "Plan Rows": 653793,
                  "Plan Width": 0,
                  "Actual Startup Time": 0.025,
                  "Actual Total Time": 73.979,
                  "Actual Rows": 506886,
                  "Actual Loops": 4,
                  "Filter": "(company_id < 71020)",
                  "Rows Removed by Filter": 145396
                }
              ]
            }
          ]
        }
      ]
    },
    "Planning Time": 0.079,
    "Triggers": [],
    "Execution Time": 109.014
  }
]