[
  {
    "Plan": {
      "Node Type": "Aggregate",
      "Strategy": "Plain",
      "Partial Mode": "Finalize",
      "Parallel Aware": false,
      "Startup Cost": 61019.59,
      "Total Cost": 61019.6,
      "Plan Rows": 1,
      "Plan Width": 8,
      "Actual Startup Time": 239.488,
      "Actual Total Time": 256.713,
      "Actual Rows": 1,
      "Actual Loops": 1,
      "Plans": [
        {
          "Node Type": "Gather",
          "Parent Relationship": "Outer",
          "Parallel Aware": false,
          "Startup Cost": 61019.38,
          "Total Cost": 61019.59,
          "Plan Rows": 2,
          "Plan Width": 8,
          "Actual Startup Time": 238.245,
          "Actual Total Time": 256.705,
          "Actual Rows": 3,
          "Actual Loops": 1,
          "Workers Planned": 2,
          "Workers Launched": 2,
          "Single Copy": false,
          "Plans": [
            {
              "Node Type": "Aggregate",
              "Strategy": "Plain",
              "Partial Mode": "Partial",
              "Parent Relationship": "Outer",
              "Parallel Aware": false,
              "Startup Cost": 60019.38,
              "Total Cost": 60019.39,
              "Plan Rows": 1,
              "Plan Width": 8,
              "Actual Startup Time": 230.229,
              "Actual Total Time": 230.232,
              "Actual Rows": 1,
              "Actual Loops": 3,
              "Plans": [
                {
                  "Node Type": "Hash Join",
                  "Parent Relationship": "Outer",
                  "Parallel Aware": true,
                  "Join Type": "Inner",
                  "Startup Cost": 44370.31,
                  "Total Cost": 59991.1,
                  "Plan Rows": 11311,
                  "Plan Width": 0,
                  "Actual Startup Time": 153.388,
                  "Actual Total Time": 229.645,
                  "Actual Rows": 9207,
                  "Actual Loops": 3,
                  "Inner Unique": true,
                  "Hash Cond": "(mi_idx.movie_id = t.id)",
                  "Plans": [
                    {
                      "Node Type": "Seq Scan",
                      "Parent Relationship": "Outer",
                      "Parallel Aware": true,
                      "Relation Name": "movie_info_idx",
                      "Alias": "mi_idx",
                      "Startup Cost": 0.0,
                      "Total Cost": 15122.68,
                      "Plan Rows": 189755,
                      "Plan Width": 4,
                      "Actual Startup Time": 0.033,
                      "Actual Total Time": 46.932,
                      "Actual Rows": 153308,
                      "Actual Loops": 3,
                      "Filter": "(info_type_id = 99)",
                      "Rows Removed by Filter": 306703
                    },
                    {
                      "Node Type": "Hash",
                      "Parent Relationship": "Inner",
                      "Parallel Aware": true,
                      "Startup Cost": 43899.32,
                      "Total Cost": 43899.32,
                      "Plan Rows": 37679,
                      "Plan Width": 4,
                      "Actual Startup Time": 148.849,
                      "Actual Total Time": 148.85,
                      "Actual Rows": 54728,
                      "Actual Loops": 3,
                      "Hash Buckets": 262144,
                      "Original Hash Buckets": 262144,
                      "Hash Batches": 1,
                      "Original Hash Batches": 1,
                      "Peak Memory Usage": 8512,
                      "Plans": [
                        {
                          "Node Type": "Seq Scan",
                          "Parent Relationship": "Outer",
                          "Parallel Aware": true,
                          "Relation Name": "title",
                          "Alias": "t",
                          "Startup Cost": 0.0,
                          "Total Cost": 43899.32,
                          "Plan Rows": 37679,
                          "Plan Width": 4,
                          "Actual Startup Time": 0.857,
                          "Actual Total Time": 129.288,
                          "Actual Rows": 54728,
                          "Actual Loops": 3,
                          "Filter": "(production_year < 1950)",
                          "Rows Removed by Filter": 788043
                        }
                      ]
                    }
                  ]
                }
              ]
            }
          ]
        }
      ]
    },
    "Planning Time": 0.611,
    "Triggers": [],
    "Execution Time": 256.781
  }
]