{
  "Plan": {
    "Node Type": "Aggregate",
    "Strategy": "Plain",
    "Partial Mode": "Finalize",
    "Parallel Aware": false,
    "Startup Cost": 1359543.63,
    "Total Cost": 1359543.64,
    "Plan Rows": 1,
    "Plan Width": 8,
    "Actual Startup Time": 4772.278,
    "Actual Total Time": 4832.59,
    "Actual Rows": 1,
    "Actual Loops": 1,
    "Plans": [
      {
        "Node Type": "Gather",
        "Parent Relationship": "Outer",
        "Parallel Aware": false,
        "Startup Cost": 1359543.52,
        "Total Cost": 1359543.63,
        "Plan Rows": 1,
        "Plan Width": 8,
        "Actual Startup Time": 4770.378,
        "Actual Total Time": 4832.58,
        "Actual Rows": 2,
        "Actual Loops": 1,
        "Workers Planned": 1,
        "Workers Launched": 1,
        "Single Copy": false,
        "Plans": [
          {
            "Node Type": "Aggregate",
            "Strategy": "Plain",
            "Partial Mode": "Partial",
            "Parent Relationship": "Outer",
            "Parallel Aware": false,
            "Startup Cost": 1358543.52,
            "Total Cost": 1358543.53,
            "Plan Rows": 1,
            "Plan Width": 8,
            "Actual Startup Time": 4764.4,
            "Actual Total Time": 4764.405,
            "Actual Rows": 1,
            "Actual Loops": 2,
            "Plans": [
              {
                "Node Type": "Nested Loop",
                "Parent Relationship": "Outer",
                "Parallel Aware": false,
                "Join Type": "Inner",
                "Startup Cost": 143562.81,
                "Total Cost": 1352015.9,
                "Plan Rows": 2611049,
                "Plan Width": 0,
                "Actual Startup Time": 559.262,
                "Actual Total Time": 4572.427,
                "Actual Rows": 4797462,
                "Actual Loops": 2,
                "Inner Unique": false,
                "Join Filter": "(t.id = mi.movie_id)",
                "Rows Removed by Join Filter": 0,
                "Plans": [
                  {
                    "Node Type": "Hash Join",
                    "Parent Relationship": "Outer",
                    "Parallel Aware": true,
                    "Join Type": "Inner",
                    "Startup Cost": 143562.37,
                    "Total Cost": 431695.0,
                    "Plan Rows": 446540,
                    "Plan Width": 8,
                    "Actual Startup Time": 559.158,
                    "Actual Total Time": 901.154,
                    "Actual Rows": 169866,
                    "Actual Loops": 2,
                    "Inner Unique": true,
                    "Hash Cond": "(ci.movie_id = t.id)",
                    "Plans": [
                      {
                        "Node Type": "Bitmap Heap Scan",
                        "Parent Relationship": "Outer",
                        "Parallel Aware": true,
                        "Relation Name": "cast_info",
                        "Alias": "ci",
                        "Startup Cost": 79282.97,
                        "Total Cost": 363767.29,
                        "Plan Rows": 1389826,
                        "Plan Width": 4,
                        "Actual Startup Time": 280.798,
                        "Actual Total Time": 380.267,
                        "Actual Rows": 520683,
                        "Actual Loops": 2,
                        "Recheck Cond": "(person_id < 357113)",
                        "Rows Removed by Index Recheck": 0,
                        "Filter": "(role_id > 1)",
                        "Rows Removed by Filter": 1342296,
                        "Exact Heap Blocks": 20653,
                        "Lossy Heap Blocks": 0,
                        "Plans": [
                          {
                            "Node Type": "Bitmap Index Scan",
                            "Parent Relationship": "Outer",
                            "Parallel Aware": false,
                            "Index Name": "person_id_cast_info",
                            "Startup Cost": 0.0,
                            "Total Cost": 78692.29,
                            "Plan Rows": 3603697,
                            "Plan Width": 0,
                            "Actual Startup Time": 134.94,
                            "Actual Total Time": 134.941,
                            "Actual Rows": 3725957,
                            "Actual Loops": 1,
                            "Index Cond": "(person_id < 357113)"
                          }
                        ]
                      },
                      {
                        "Node Type": "Hash",
                        "Parent Relationship": "Inner",
                        "Parallel Aware": true,
                        "Startup Cost": 58306.47,
                        "Total Cost": 58306.47,
                        "Plan Rows": 477835,
                        "Plan Width": 4,
                        "Actual Startup Time": 269.323,
                        "Actual Total Time": 269.324,
                        "Actual Rows": 359865,
                        "Actual Loops": 2,
                        "Hash Buckets": 1048576,
                        "Original Hash Buckets": 1048576,
                        "Hash Batches": 1,
                        "Original Hash Batches": 1,
                        "Peak Memory Usage": 36384,
                        "Plans": [
                          {
                            "Node Type": "Seq Scan",
                            "Parent Relationship": "Outer",
                            "Parallel Aware": true,
                            "Relation Name": "title",
                            "Alias": "t",
                            "Startup Cost": 0.0,
                            "Total Cost": 58306.47,
                            "Plan Rows": 477835,
                            "Plan Width": 4,
                            "Actual Startup Time": 0.048,
                            "Actual Total Time": 160.81,
                            "Actual Rows": 359865,
                            "Actual Loops": 2,
                            "Filter": "((kind_id < 7) AND (production_year > 1971))",
                            "Rows Removed by Filter": 904291
                          }
                        ]
                      }
                    ]
                  },
                  {
                    "Node Type": "Index Only Scan",
                    "Parent Relationship": "Inner",
                    "Parallel Aware": false,
                    "Scan Direction": "Forward",
                    "Index Name": "movie_id_movie_info",
                    "Relation Name": "movie_info",
                    "Alias": "mi",
                    "Startup Cost": 0.43,
                    "Total Cost": 1.54,
                    "Plan Rows": 42,
                    "Plan Width": 4,
                    "Actual Startup Time": 0.006,
                    "Actual Total Time": 0.019,
                    "Actual Rows": 28,
                    "Actual Loops": 339733,
                    "Index Cond": "(movie_id = ci.movie_id)",
                    "Rows Removed by Index Recheck": 0,
                    "Heap Fetches": 9594924
                  }
                ]
              }
            ]
          }
        ]
      }
    ]
  },
  "Planning Time": 1.035,
  "Triggers": [],
  "Execution Time": 4832.717
}