[
  {
    "Plan": {
      "Node Type": "Aggregate",
      "Strategy": "Plain",
      "Partial Mode": "Finalize",
      "Parallel Aware": false,
      "Startup Cost": 473803.82,
      "Total Cost": 473803.83,
      "Plan Rows": 1,
      "Plan Width": 8,
      "Actual Startup Time": 5026.832,
      "Actual Total Time": 5079.998,
      "Actual Rows": 1,
      "Actual Loops": 1,
      "Plans": [
        {
          "Node Type": "Gather",
          "Parent Relationship": "Outer",
          "Parallel Aware": false,
          "Startup Cost": 473803.19,
          "Total Cost": 473803.8,
          "Plan Rows": 6,
          "Plan Width": 8,
          "Actual Startup Time": 5001.429,
          "Actual Total Time": 5079.97,
          "Actual Rows": 7,
          "Actual Loops": 1,
          "Workers Planned": 6,
          "Workers Launched": 6,
          "Single Copy": false,
          "Plans": [
            {
              "Node Type": "Aggregate",
              "Strategy": "Plain",
              "Partial Mode": "Partial",
              "Parent Relationship": "Outer",
              "Parallel Aware": false,
              "Startup Cost": 472803.19,
              "Total Cost": 472803.2,
              "Plan Rows": 1,
              "Plan Width": 8,
              "Actual Startup Time": 4986.65,
              "Actual Total Time": 4987.235,
              "Actual Rows": 1,
              "Actual Loops": 7,
              "Plans": [
                {
                  "Node Type": "Hash Join",
                  "Parent Relationship": "Outer",
                  "Parallel Aware": true,
                  "Join Type": "Inner",
                  "Startup Cost": 104748.55,
                  "Total Cost": 458704.38,
                  "Plan Rows": 5639524,
                  "Plan Width": 0,
                  "Actual Startup Time": 534.319,
                  "Actual Total Time": 4087.833,
                  "Actual Rows": 18655878,
                  "Actual Loops": 7,
                  "Inner Unique": false,
                  "Hash Cond": "(ci.movie_id = t.id)",
                  "Plans": [
                    {
                      "Node Type": "Seq Scan",
                      "Parent Relationship": "Outer",
                      "Parallel Aware": true,
                      "Relation Name": "cast_info",
                      "Alias": "ci",
                      "Startup Cost": 0.0,
                      "Total Cost": 313106.51,
                      "Plan Rows": 6041951,
                      "Plan Width": 4,
                      "Actual Startup Time": 0.043,
                      "Actual Total Time": 558.896,
                      "Actual Rows": 5177763,
                      "Actual Loops": 7
                    },
                    {
                      "Node Type": "Hash",
                      "Parent Relationship": "Inner",
                      "Parallel Aware": true,
                      "Startup Cost": 95232.36,
                      "Total Cost": 95232.36,
                      "Plan Rows": 761295,
                      "Plan Width": 8,
                      "Actual Startup Time": 528.952,
                      "Actual Total Time": 529.535,
                      "Actual Rows": 396777,
                      "Actual Loops": 7,
                      "Hash Buckets": 4194304,
                      "Original Hash Buckets": 4194304,
                      "Hash Batches": 1,
                      "Original Hash Batches": 1,
                      "Peak Memory Usage": 141568,
                      "Plans": [
                        {
                          "Node Type": "Hash Join",
                          "Parent Relationship": "Outer",
                          "Parallel Aware": true,
                          "Join Type": "Inner",
                          "Startup Cost": 49909.5,
                          "Total Cost": 95232.36,
                          "Plan Rows": 761295,
                          "Plan Width": 8,
                          "Actual Startup Time": 220.343,
                          "Actual Total Time": 400.176,
                          "Actual Rows": 396777,
                          "Actual Loops": 7,
                          "Inner Unique": true,
                          "Hash Cond": "(mk.movie_id = t.id)",
                          "Plans": [
                            {
                              "Node Type": "Seq Scan",
                              "Parent Relationship": "Outer",
                              "Parallel Aware": true,
                              "Relation Name": "movie_keyword",
                              "Alias": "mk",
                              "Startup Cost": 0.0,
                              "Total Cost": 42695.65,
                              "Plan Rows": 1000843,
                              "Plan Width": 4,
                              "Actual Startup Time": 0.037,
                              "Actual Total Time": 82.551,
                              "Actual Rows": 443992,
                              "Actual Loops": 7,
                              "Filter": "(keyword_id < 11797)",
                              "Rows Removed by Filter": 202283
                            },
                            {
                              "Node Type": "Hash",
                              "Parent Relationship": "Inner",
                              "Parallel Aware": true,
                              "Startup Cost": 43899.32,
                              "Total Cost": 43899.32,
                              "Plan Rows": 480814,
                              "Plan Width": 4,
                              "Actual Startup Time": 218.341,
                              "Actual Total Time": 218.342,
                              "Actual Rows": 274693,
                              "Actual Loops": 7,
                              "Hash Buckets": 2097152,
                              "Original Hash Buckets": 2097152,
                              "Hash Batches": 1,
                              "Original Hash Batches": 1,
                              "Peak Memory Usage": 91712,
                              "Plans": [
                                {
                                  "Node Type": "Seq Scan",
                                  "Parent Relationship": "Outer",
                                  "Parallel Aware": true,
                                  "Relation Name": "title",
                                  "Alias": "t",
                                  "Startup Cost": 0.0,
                                  "Total Cost": 43899.32,
                                  "Plan Rows": 480814,
                                  "Plan Width": 4,
                                  "Actual Startup Time": 0.054,
                                  "Actual Total Time": 86.21,
                                  "Actual Rows": 274693,
                                  "Actual Loops": 7,
                                  "Filter": "(production_year < 2010)",
                                  "Rows Removed by Filter": 86495
                                }
                              ]
                            }
                          ]
                        }
                      ]
                    }
                  ]
                }
              ]
            }
          ]
        }
      ]
    },
    "Planning Time": 0.47,
    "Triggers": [],
    "Execution Time": 5080.061
  }
]