[
    {
        "Bao": {
            "Bao prediction": "NaN",
            "Bao recommended hint": "(no hint)"
        }
    },
    {
        "Plan": {
            "Node Type": "Aggregate",
            "Strategy": "Plain",
            "Partial Mode": "Simple",
            "Parallel Aware": false,
            "Startup Cost": 21634.62,
            "Total Cost": 21634.63,
            "Plan Rows": 1,
            "Plan Width": 8,
            "Actual Startup Time": 25.839,
            "Actual Total Time": 25.841,
            "Actual Rows": 1,
            "Actual Loops": 1,
            "Output": [
                "count(*)"
            ],
            "Plans": [
                {
                    "Node Type": "Bitmap Heap Scan",
                    "Parent Relationship": "Outer",
                    "Parallel Aware": false,
                    "Relation Name": "movie_companies",
                    "Schema": "public",
                    "Alias": "mc",
                    "Startup Cost": 1681.42,
                    "Total Cost": 21440.76,
                    "Plan Rows": 77547,
                    "Plan Width": 0,
                    "Actual Startup Time": 5.526,
                    "Actual Total Time": 21.985,
                    "Actual Rows": 82567,
                    "Actual Loops": 1,
                    "Recheck Cond": "(mc.company_id < 16)",
                    "Rows Removed by Index Recheck": 0,
                    "Exact Heap Blocks": 7612,
                    "Lossy Heap Blocks": 0,
                    "Plans": [
                        {
                            "Node Type": "Bitmap Index Scan",
                            "Parent Relationship": "Outer",
                            "Parallel Aware": false,
                            "Index Name": "company_id_movie_companies",
                            "Startup Cost": 0.0,
                            "Total Cost": 1662.03,
                            "Plan Rows": 77547,
                            "Plan Width": 0,
                            "Actual Startup Time": 4.283,
                            "Actual Total Time": 4.284,
                            "Actual Rows": 82567,
                            "Actual Loops": 1,
                            "Index Cond": "(mc.company_id < 16)"
                        }
                    ]
                }
            ]
        },
        "Planning Time": 196.177,
        "Triggers": [],
        "Execution Time": 25.879
    }
]