[
    {
        "Bao": {
            "Bao prediction": "NaN",
            "Bao recommended hint": "(no hint)"
        }
    },
    {
        "Plan": {
            "Node Type": "Aggregate",
            "Strategy": "Plain",
            "Partial Mode": "Finalize",
            "Parallel Aware": false,
            "Startup Cost": 26545.1,
            "Total Cost": 26545.11,
            "Plan Rows": 1,
            "Plan Width": 8,
            "Actual Startup Time": 23.907,
            "Actual Total Time": 27.27,
            "Actual Rows": 1,
            "Actual Loops": 1,
            "Output": [
                "count(*)"
            ],
            "Plans": [
                {
                    "Node Type": "Gather",
                    "Parent Relationship": "Outer",
                    "Parallel Aware": false,
                    "Startup Cost": 26544.88,
                    "Total Cost": 26545.09,
                    "Plan Rows": 2,
                    "Plan Width": 8,
                    "Actual Startup Time": 23.721,
                    "Actual Total Time": 27.264,
                    "Actual Rows": 3,
                    "Actual Loops": 1,
                    "Output": [
                        "(PARTIAL count(*))"
                    ],
                    "Workers Planned": 2,
                    "Workers Launched": 2,
                    "Single Copy": false,
                    "Plans": [
                        {
                            "Node Type": "Aggregate",
                            "Strategy": "Plain",
                            "Partial Mode": "Partial",
                            "Parent Relationship": "Outer",
                            "Parallel Aware": false,
                            "Startup Cost": 25544.88,
                            "Total Cost": 25544.89,
                            "Plan Rows": 1,
                            "Plan Width": 8,
                            "Actual Startup Time": 16.323,
                            "Actual Total Time": 16.325,
                            "Actual Rows": 1,
                            "Actual Loops": 3,
                            "Output": [
                                "PARTIAL count(*)"
                            ],
                            "Workers": [
                                {
                                    "Worker Number": 0,
                                    "Actual Startup Time": 12.641,
                                    "Actual Total Time": 12.643,
                                    "Actual Rows": 1,
                                    "Actual Loops": 1
                                },
                                {
                                    "Worker Number": 1,
                                    "Actual Startup Time": 12.864,
                                    "Actual Total Time": 12.866,
                                    "Actual Rows": 1,
                                    "Actual Loops": 1
                                }
                            ],
                            "Plans": [
                                {
                                    "Node Type": "Nested Loop",
                                    "Parent Relationship": "Outer",
                                    "Parallel Aware": false,
                                    "Join Type": "Inner",
                                    "Startup Cost": 99.92,
                                    "Total Cost": 25544.82,
                                    "Plan Rows": 27,
                                    "Plan Width": 0,
                                    "Actual Startup Time": 4.823,
                                    "Actual Total Time": 16.311,
                                    "Actual Rows": 40,
                                    "Actual Loops": 3,
                                    "Inner Unique": true,
                                    "Workers": [
                                        {
                                            "Worker Number": 0,
                                            "Actual Startup Time": 5.406,
                                            "Actual Total Time": 12.632,
                                            "Actual Rows": 3,
                                            "Actual Loops": 1
                                        },
                                        {
                                            "Worker Number": 1,
                                            "Actual Startup Time": 6.275,
                                            "Actual Total Time": 12.853,
                                            "Actual Rows": 8,
                                            "Actual Loops": 1
                                        }
                                    ],
                                    "Plans": [
                                        {
                                            "Node Type": "Bitmap Heap Scan",
                                            "Parent Relationship": "Outer",
                                            "Parallel Aware": true,
                                            "Relation Name": "movie_keyword",
                                            "Schema": "public",
                                            "Alias": "mk",
                                            "Startup Cost": 99.49,
                                            "Total Cost": 11574.9,
                                            "Plan Rows": 1885,
                                            "Plan Width": 4,
                                            "Actual Startup Time": 0.759,
                                            "Actual Total Time": 5.211,
                                            "Actual Rows": 1751,
                                            "Actual Loops": 3,
                                            "Output": [
                                                "mk.id",
                                                "mk.movie_id",
                                                "mk.keyword_id"
                                            ],
                                            "Recheck Cond": "(mk.keyword_id = 3311)",
                                            "Rows Removed by Index Recheck": 0,
                                            "Exact Heap Blocks": 3431,
                                            "Lossy Heap Blocks": 0,
                                            "Workers": [
                                                {
                                                    "Worker Number": 0,
                                                    "Actual Startup Time": 0.134,
                                                    "Actual Total Time": 3.823,
                                                    "Actual Rows": 203,
                                                    "Actual Loops": 1
                                                },
                                                {
                                                    "Worker Number": 1,
                                                    "Actual Startup Time": 0.112,
                                                    "Actual Total Time": 3.837,
                                                    "Actual Rows": 231,
                                                    "Actual Loops": 1
                                                }
                                            ],
                                            "Plans": [
                                                {
                                                    "Node Type": "Bitmap Index Scan",
                                                    "Parent Relationship": "Outer",
                                                    "Parallel Aware": false,
                                                    "Index Name": "keyword_id_movie_keyword",
                                                    "Startup Cost": 0.0,
                                                    "Total Cost": 98.36,
                                                    "Plan Rows": 4524,
                                                    "Plan Width": 0,
                                                    "Actual Startup Time": 1.388,
                                                    "Actual Total Time": 1.389,
                                                    "Actual Rows": 5252,
                                                    "Actual Loops": 1,
                                                    "Index Cond": "(mk.keyword_id = 3311)"
                                                }
                                            ]
                                        },
                                        {
                                            "Node Type": "Index Scan",
                                            "Parent Relationship": "Inner",
                                            "Parallel Aware": false,
                                            "Scan Direction": "Forward",
                                            "Index Name": "title_pkey",
                                            "Relation Name": "title",
                                            "Schema": "public",
                                            "Alias": "t",
                                            "Startup Cost": 0.43,
                                            "Total Cost": 7.41,
                                            "Plan Rows": 1,
                                            "Plan Width": 4,
                                            "Actual Startup Time": 0.006,
                                            "Actual Total Time": 0.006,
                                            "Actual Rows": 0,
                                            "Actual Loops": 5252,
                                            "Output": [
                                                "t.id",
                                                "t.title",
                                                "t.imdb_index",
                                                "t.kind_id",
                                                "t.production_year",
                                                "t.imdb_id",
                                                "t.phonetic_code",
                                                "t.episode_of_id",
                                                "t.season_nr",
                                                "t.episode_nr",
                                                "t.series_years",
                                                "t.md5sum"
                                            ],
                                            "Index Cond": "(t.id = mk.movie_id)",
                                            "Rows Removed by Index Recheck": 0,
                                            "Filter": "(t.production_year = 1997)",
                                            "Rows Removed by Filter": 1,
                                            "Workers": [
                                                {
                                                    "Worker Number": 0,
                                                    "Actual Startup Time": 0.041,
                                                    "Actual Total Time": 0.041,
                                                    "Actual Rows": 0,
                                                    "Actual Loops": 203
                                                },
                                                {
                                                    "Worker Number": 1,
                                                    "Actual Startup Time": 0.037,
                                                    "Actual Total Time": 0.037,
                                                    "Actual Rows": 0,
                                                    "Actual Loops": 231
                                                }
                                            ]
                                        }
                                    ]
                                }
                            ]
                        }
                    ]
                }
            ]
        },
        "Planning Time": 201.531,
        "Triggers": [],
        "Execution Time": 27.323
    }
]