{
  "Plan": {
    "Node Type": "Aggregate",
    "Strategy": "Plain",
    "Partial Mode": "Finalize",
    "Parallel Aware": false,
    "Startup Cost": 62966.01,
    "Total Cost": 62966.02,
    "Plan Rows": 1,
    "Plan Width": 8,
    "Actual Startup Time": 44.091,
    "Actual Total Time": 49.076,
    "Actual Rows": 1,
    "Actual Loops": 1,
    "Plans": [
      {
        "Node Type": "Gather",
        "Parent Relationship": "Outer",
        "Parallel Aware": false,
        "Startup Cost": 62965.9,
        "Total Cost": 62966.01,
        "Plan Rows": 1,
        "Plan Width": 8,
        "Actual Startup Time": 43.868,
        "Actual Total Time": 49.07,
        "Actual Rows": 2,
        "Actual Loops": 1,
        "Workers Planned": 1,
        "Workers Launched": 1,
        "Single Copy": false,
        "Plans": [
          {
            "Node Type": "Aggregate",
            "Strategy": "Plain",
            "Partial Mode": "Partial",
            "Parent Relationship": "Outer",
            "Parallel Aware": false,
            "Startup Cost": 61965.9,
            "Total Cost": 61965.91,
            "Plan Rows": 1,
            "Plan Width": 8,
            "Actual Startup Time": 37.935,
            "Actual Total Time": 37.936,
            "Actual Rows": 1,
            "Actual Loops": 2,
            "Plans": [
              {
                "Node Type": "Nested Loop",
                "Parent Relationship": "Outer",
                "Parallel Aware": false,
                "Join Type": "Inner",
                "Startup Cost": 239.34,
                "Total Cost": 61965.17,
                "Plan Rows": 294,
                "Plan Width": 0,
                "Actual Startup Time": 15.684,
                "Actual Total Time": 37.924,
                "Actual Rows": 16,
                "Actual Loops": 2,
                "Inner Unique": true,
                "Plans": [
                  {
                    "Node Type": "Bitmap Heap Scan",
                    "Parent Relationship": "Outer",
                    "Parallel Aware": true,
                    "Relation Name": "movie_keyword",
                    "Alias": "mk",
                    "Startup Cost": 238.91,
                    "Total Cost": 20049.77,
                    "Plan Rows": 6564,
                    "Plan Width": 4,
                    "Actual Startup Time": 2.25,
                    "Actual Total Time": 7.224,
                    "Actual Rows": 4530,
                    "Actual Loops": 2,
                    "Recheck Cond": "(keyword_id = 47)",
                    "Rows Removed by Index Recheck": 0,
                    "Exact Heap Blocks": 1831,
                    "Lossy Heap Blocks": 0,
                    "Plans": [
                      {
                        "Node Type": "Bitmap Index Scan",
                        "Parent Relationship": "Outer",
                        "Parallel Aware": false,
                        "Index Name": "keyword_id_movie_keyword",
                        "Startup Cost": 0.0,
                        "Total Cost": 236.12,
                        "Plan Rows": 11159,
                        "Plan Width": 0,
                        "Actual Startup Time": 3.303,
                        "Actual Total Time": 3.303,
                        "Actual Rows": 9060,
                        "Actual Loops": 1,
                        "Index Cond": "(keyword_id = 47)"
                      }
                    ]
                  },
                  {
                    "Node Type": "Index Scan",
                    "Parent Relationship": "Inner",
                    "Parallel Aware": false,
                    "Scan Direction": "Forward",
                    "Index Name": "title_pkey",
                    "Relation Name": "title",
                    "Alias": "t",
                    "Startup Cost": 0.43,
                    "Total Cost": 6.39,
                    "Plan Rows": 1,
                    "Plan Width": 4,
                    "Actual Startup Time": 0.006,
                    "Actual Total Time": 0.006,
                    "Actual Rows": 0,
                    "Actual Loops": 9060,
                    "Index Cond": "(id = mk.movie_id)",
                    "Rows Removed by Index Recheck": 0,
                    "Filter": "((kind_id > 2) AND (production_year = 2011))",
                    "Rows Removed by Filter": 1
                  }
                ]
              }
            ]
          }
        ]
      }
    ]
  },
  "Planning Time": 0.478,
  "Triggers": [],
  "Execution Time": 49.168
}