[
    {
        "Bao": {
            "Bao prediction": "NaN",
            "Bao recommended hint": "(no hint)"
        }
    },
    {
        "Plan": {
            "Node Type": "Aggregate",
            "Strategy": "Plain",
            "Partial Mode": "Finalize",
            "Parallel Aware": false,
            "Startup Cost": 82776.52,
            "Total Cost": 82776.53,
            "Plan Rows": 1,
            "Plan Width": 8,
            "Actual Startup Time": 217.595,
            "Actual Total Time": 229.686,
            "Actual Rows": 1,
            "Actual Loops": 1,
            "Output": [
                "count(*)"
            ],
            "Plans": [
                {
                    "Node Type": "Gather",
                    "Parent Relationship": "Outer",
                    "Parallel Aware": false,
                    "Startup Cost": 82776.2,
                    "Total Cost": 82776.51,
                    "Plan Rows": 3,
                    "Plan Width": 8,
                    "Actual Startup Time": 217.118,
                    "Actual Total Time": 229.677,
                    "Actual Rows": 4,
                    "Actual Loops": 1,
                    "Output": [
                        "(PARTIAL count(*))"
                    ],
                    "Workers Planned": 3,
                    "Workers Launched": 3,
                    "Single Copy": false,
                    "Plans": [
                        {
                            "Node Type": "Aggregate",
                            "Strategy": "Plain",
                            "Partial Mode": "Partial",
                            "Parent Relationship": "Outer",
                            "Parallel Aware": false,
                            "Startup Cost": 81776.2,
                            "Total Cost": 81776.21,
                            "Plan Rows": 1,
                            "Plan Width": 8,
                            "Actual Startup Time": 208.321,
                            "Actual Total Time": 208.324,
                            "Actual Rows": 1,
                            "Actual Loops": 4,
                            "Output": [
                                "PARTIAL count(*)"
                            ],
                            "Workers": [
                                {
                                    "Worker Number": 0,
                                    "Actual Startup Time": 205.406,
                                    "Actual Total Time": 205.41,
                                    "Actual Rows": 1,
                                    "Actual Loops": 1
                                },
                                {
                                    "Worker Number": 1,
                                    "Actual Startup Time": 205.584,
                                    "Actual Total Time": 205.587,
                                    "Actual Rows": 1,
                                    "Actual Loops": 1
                                },
                                {
                                    "Worker Number": 2,
                                    "Actual Startup Time": 205.445,
                                    "Actual Total Time": 205.448,
                                    "Actual Rows": 1,
                                    "Actual Loops": 1
                                }
                            ],
                            "Plans": [
                                {
                                    "Node Type": "Hash Join",
                                    "Parent Relationship": "Outer",
                                    "Parallel Aware": true,
                                    "Join Type": "Inner",
                                    "Startup Cost": 55131.5,
                                    "Total Cost": 81768.91,
                                    "Plan Rows": 2917,
                                    "Plan Width": 0,
                                    "Actual Startup Time": 134.982,
                                    "Actual Total Time": 208.281,
                                    "Actual Rows": 280,
                                    "Actual Loops": 4,
                                    "Inner Unique": true,
                                    "Hash Cond": "(mk.movie_id = t.id)",
                                    "Workers": [
                                        {
                                            "Worker Number": 0,
                                            "Actual Startup Time": 132.531,
                                            "Actual Total Time": 205.375,
                                            "Actual Rows": 111,
                                            "Actual Loops": 1
                                        },
                                        {
                                            "Worker Number": 1,
                                            "Actual Startup Time": 131.858,
                                            "Actual Total Time": 205.547,
                                            "Actual Rows": 566,
                                            "Actual Loops": 1
                                        },
                                        {
                                            "Worker Number": 2,
                                            "Actual Startup Time": 132.542,
                                            "Actual Total Time": 205.412,
                                            "Actual Rows": 137,
                                            "Actual Loops": 1
                                        }
                                    ],
                                    "Plans": [
                                        {
                                            "Node Type": "Bitmap Heap Scan",
                                            "Parent Relationship": "Outer",
                                            "Parallel Aware": true,
                                            "Relation Name": "movie_keyword",
                                            "Schema": "public",
                                            "Alias": "mk",
                                            "Startup Cost": 9492.62,
                                            "Total Cost": 35751.09,
                                            "Plan Rows": 144357,
                                            "Plan Width": 4,
                                            "Actual Startup Time": 41.741,
                                            "Actual Total Time": 99.488,
                                            "Actual Rows": 109693,
                                            "Actual Loops": 4,
                                            "Output": [
                                                "mk.id",
                                                "mk.movie_id",
                                                "mk.keyword_id"
                                            ],
                                            "Recheck Cond": "(mk.keyword_id > 40117)",
                                            "Rows Removed by Index Recheck": 0,
                                            "Exact Heap Blocks": 7148,
                                            "Lossy Heap Blocks": 0,
                                            "Workers": [
                                                {
                                                    "Worker Number": 0,
                                                    "Actual Startup Time": 41.715,
                                                    "Actual Total Time": 100.804,
                                                    "Actual Rows": 99126,
                                                    "Actual Loops": 1
                                                },
                                                {
                                                    "Worker Number": 1,
                                                    "Actual Startup Time": 41.575,
                                                    "Actual Total Time": 100.015,
                                                    "Actual Rows": 135350,
                                                    "Actual Loops": 1
                                                },
                                                {
                                                    "Worker Number": 2,
                                                    "Actual Startup Time": 41.896,
                                                    "Actual Total Time": 100.809,
                                                    "Actual Rows": 67660,
                                                    "Actual Loops": 1
                                                }
                                            ],
                                            "Plans": [
                                                {
                                                    "Node Type": "Bitmap Index Scan",
                                                    "Parent Relationship": "Outer",
                                                    "Parallel Aware": false,
                                                    "Index Name": "keyword_id_movie_keyword",
                                                    "Startup Cost": 0.0,
                                                    "Total Cost": 9380.74,
                                                    "Plan Rows": 447508,
                                                    "Plan Width": 0,
                                                    "Actual Startup Time": 37.593,
                                                    "Actual Total Time": 37.593,
                                                    "Actual Rows": 438771,
                                                    "Actual Loops": 1,
                                                    "Index Cond": "(mk.keyword_id > 40117)",
                                                    "Workers": [
                                                        {
                                                            "Worker Number": 1,
                                                            "Actual Startup Time": 37.593,
                                                            "Actual Total Time": 37.593,
                                                            "Actual Rows": 438771,
                                                            "Actual Loops": 1
                                                        }
                                                    ]
                                                }
                                            ]
                                        },
                                        {
                                            "Node Type": "Hash",
                                            "Parent Relationship": "Inner",
                                            "Parallel Aware": true,
                                            "Startup Cost": 45479.21,
                                            "Total Cost": 45479.21,
                                            "Plan Rows": 12774,
                                            "Plan Width": 4,
                                            "Actual Startup Time": 91.922,
                                            "Actual Total Time": 91.923,
                                            "Actual Rows": 14120,
                                            "Actual Loops": 4,
                                            "Output": [
                                                "t.id"
                                            ],
                                            "Hash Buckets": 65536,
                                            "Original Hash Buckets": 65536,
                                            "Hash Batches": 1,
                                            "Original Hash Batches": 1,
                                            "Peak Memory Usage": 2784,
                                            "Workers": [
                                                {
                                                    "Worker Number": 0,
                                                    "Actual Startup Time": 89.097,
                                                    "Actual Total Time": 89.098,
                                                    "Actual Rows": 10818,
                                                    "Actual Loops": 1
                                                },
                                                {
                                                    "Worker Number": 1,
                                                    "Actual Startup Time": 89.237,
                                                    "Actual Total Time": 89.237,
                                                    "Actual Rows": 11044,
                                                    "Actual Loops": 1
                                                },
                                                {
                                                    "Worker Number": 2,
                                                    "Actual Startup Time": 89.051,
                                                    "Actual Total Time": 89.052,
                                                    "Actual Rows": 7856,
                                                    "Actual Loops": 1
                                                }
                                            ],
                                            "Plans": [
                                                {
                                                    "Node Type": "Seq Scan",
                                                    "Parent Relationship": "Outer",
                                                    "Parallel Aware": true,
                                                    "Relation Name": "title",
                                                    "Schema": "public",
                                                    "Alias": "t",
                                                    "Startup Cost": 0.0,
                                                    "Total Cost": 45479.21,
                                                    "Plan Rows": 12774,
                                                    "Plan Width": 4,
                                                    "Actual Startup Time": 0.057,
                                                    "Actual Total Time": 86.527,
                                                    "Actual Rows": 14120,
                                                    "Actual Loops": 4,
                                                    "Output": [
                                                        "t.id"
                                                    ],
                                                    "Filter": "((t.kind_id = 7) AND (t.production_year = 2004))",
                                                    "Rows Removed by Filter": 617958,
                                                    "Workers": [
                                                        {
                                                            "Worker Number": 0,
                                                            "Actual Startup Time": 0.082,
                                                            "Actual Total Time": 84.136,
                                                            "Actual Rows": 10818,
                                                            "Actual Loops": 1
                                                        },
                                                        {
                                                            "Worker Number": 1,
                                                            "Actual Startup Time": 0.058,
                                                            "Actual Total Time": 83.867,
                                                            "Actual Rows": 11044,
                                                            "Actual Loops": 1
                                                        },
                                                        {
                                                            "Worker Number": 2,
                                                            "Actual Startup Time": 0.061,
                                                            "Actual Total Time": 83.647,
                                                            "Actual Rows": 7856,
                                                            "Actual Loops": 1
                                                        }
                                                    ]
                                                }
                                            ]
                                        }
                                    ]
                                }
                            ]
                        }
                    ]
                }
            ]
        },
        "Planning Time": 198.619,
        "Triggers": [],
        "Execution Time": 229.748
    }
]