[
  {
    "Plan": {
      "Node Type": "Aggregate",
      "Strategy": "Plain",
      "Partial Mode": "Finalize",
      "Parallel Aware": false,
      "Startup Cost": 136684.81,
      "Total Cost": 136684.82,
      "Plan Rows": 1,
      "Plan Width": 8,
      "Actual Startup Time": 646.55,
      "Actual Total Time": 723.791,
      "Actual Rows": 1,
      "Actual Loops": 1,
      "Plans": [
        {
          "Node Type": "Gather",
          "Parent Relationship": "Outer",
          "Parallel Aware": false,
          "Startup Cost": 136684.39,
          "Total Cost": 136684.8,
          "Plan Rows": 4,
          "Plan Width": 8,
          "Actual Startup Time": 645.442,
          "Actual Total Time": 723.782,
          "Actual Rows": 5,
          "Actual Loops": 1,
          "Workers Planned": 4,
          "Workers Launched": 4,
          "Single Copy": false,
          "Plans": [
            {
              "Node Type": "Aggregate",
              "Strategy": "Plain",
              "Partial Mode": "Partial",
              "Parent Relationship": "Outer",
              "Parallel Aware": false,
              "Startup Cost": 135684.39,
              "Total Cost": 135684.4,
              "Plan Rows": 1,
              "Plan Width": 8,
              "Actual Startup Time": 635.244,
              "Actual Total Time": 635.248,
              "Actual Rows": 1,
              "Actual Loops": 5,
              "Plans": [
                {
                  "Node Type": "Nested Loop",
                  "Parent Relationship": "Outer",
                  "Parallel Aware": false,
                  "Join Type": "Inner",
                  "Startup Cost": 30817.08,
                  "Total Cost": 135111.46,
                  "Plan Rows": 229172,
                  "Plan Width": 0,
                  "Actual Startup Time": 91.424,
                  "Actual Total Time": 622.748,
                  "Actual Rows": 185031,
                  "Actual Loops": 5,
                  "Inner Unique": false,
                  "Plans": [
                    {
                      "Node Type": "Hash Join",
                      "Parent Relationship": "Outer",
                      "Parallel Aware": true,
                      "Join Type": "Inner",
                      "Startup Cost": 30816.51,
                      "Total Cost": 77288.72,
                      "Plan Rows": 15994,
                      "Plan Width": 8,
                      "Actual Startup Time": 91.322,
                      "Actual Total Time": 194.873,
                      "Actual Rows": 8840,
                      "Actual Loops": 5,
                      "Inner Unique": false,
                      "Hash Cond": "(t.id = mc.movie_id)",
                      "Plans": [
                        {
                          "Node Type": "Seq Scan",
                          "Parent Relationship": "Outer",
                          "Parallel Aware": true,
                          "Relation Name": "title",
                          "Alias": "t",
                          "Startup Cost": 0.0,
                          "Total Cost": 45479.1,
                          "Plan Rows": 188304,
                          "Plan Width": 4,
                          "Actual Startup Time": 0.015,
                          "Actual Total Time": 67.897,
                          "Actual Rows": 158789,
                          "Actual Loops": 5,
                          "Filter": "((kind_id < 7) AND (production_year < 2010))",
                          "Rows Removed by Filter": 346874
                        },
                        {
                          "Node Type": "Hash",
                          "Parent Relationship": "Inner",
                          "Parallel Aware": true,
                          "Startup Cost": 29950.62,
                          "Total Cost": 29950.62,
                          "Plan Rows": 69271,
                          "Plan Width": 4,
                          "Actual Startup Time": 89.287,
                          "Actual Total Time": 89.288,
                          "Actual Rows": 19766,
                          "Actual Loops": 5,
                          "Hash Buckets": 262144,
                          "Original Hash Buckets": 262144,
                          "Hash Batches": 1,
                          "Original Hash Batches": 1,
                          "Peak Memory Usage": 6016,
                          "Plans": [
                            {
                              "Node Type": "Bitmap Heap Scan",
                              "Parent Relationship": "Outer",
                              "Parallel Aware": true,
                              "Relation Name": "movie_companies",
                              "Alias": "mc",
                              "Startup Cost": 9114.15,
                              "Total Cost": 29950.62,
                              "Plan Rows": 69271,
                              "Plan Width": 4,
                              "Actual Startup Time": 68.874,
                              "Actual Total Time": 82.433,
                              "Actual Rows": 19766,
                              "Actual Loops": 5,
                              "Recheck Cond": "(company_id < 302)",
                              "Rows Removed by Index Recheck": 0,
                              "Filter": "(company_type_id = 2)",
                              "Rows Removed by Filter": 64641,
                              "Exact Heap Blocks": 8354,
                              "Lossy Heap Blocks": 0,
                              "Plans": [
                                {
                                  "Node Type": "Bitmap Index Scan",
                                  "Parent Relationship": "Outer",
                                  "Parallel Aware": false,
                                  "Index Name": "company_id_movie_companies",
                                  "Startup Cost": 0.0,
                                  "Total Cost": 9060.47,
                                  "Plan Rows": 422938,
                                  "Plan Width": 0,
                                  "Actual Startup Time": 29.994,
                                  "Actual Total Time": 29.995,
                                  "Actual Rows": 422035,
                                  "Actual Loops": 1,
                                  "Index Cond": "(company_id < 302)"
                                }
                              ]
                            }
                          ]
                        }
                      ]
                    },
                    {
                      "Node Type": "Index Only Scan",
                      "Parent Relationship": "Inner",
                      "Parallel Aware": false,
                      "Scan Direction": "Forward",
                      "Index Name": "movie_id_cast_info",
                      "Relation Name": "cast_info",
                      "Alias": "ci",
                      "Startup Cost": 0.56,
                      "Total Cost": 3.25,
                      "Plan Rows": 37,
                      "Plan Width": 4,
                      "Actual Startup Time": 0.009,
                      "Actual Total Time": 0.046,
                      "Actual Rows": 21,
                      "Actual Loops": 44200,
                      "Index Cond": "(movie_id = t.id)",
                      "Rows Removed by Index Recheck": 0,
                      "Heap Fetches": 925154
                    }
                  ]
                }
              ]
            }
          ]
        }
      ]
    },
    "Planning Time": 1.475,
    "Triggers": [],
    "Execution Time": 723.932
  }
]