{
  "Plan": {
    "Node Type": "Aggregate",
    "Strategy": "Plain",
    "Partial Mode": "Finalize",
    "Parallel Aware": false,
    "Startup Cost": 638548.83,
    "Total Cost": 638548.84,
    "Plan Rows": 1,
    "Plan Width": 8,
    "Actual Startup Time": 1922.291,
    "Actual Total Time": 1982.82,
    "Actual Rows": 1,
    "Actual Loops": 1,
    "Plans": [
      {
        "Node Type": "Gather",
        "Parent Relationship": "Outer",
        "Parallel Aware": false,
        "Startup Cost": 638548.72,
        "Total Cost": 638548.83,
        "Plan Rows": 1,
        "Plan Width": 8,
        "Actual Startup Time": 1917.219,
        "Actual Total Time": 1982.809,
        "Actual Rows": 2,
        "Actual Loops": 1,
        "Workers Planned": 1,
        "Workers Launched": 1,
        "Single Copy": false,
        "Plans": [
          {
            "Node Type": "Aggregate",
            "Strategy": "Plain",
            "Partial Mode": "Partial",
            "Parent Relationship": "Outer",
            "Parallel Aware": false,
            "Startup Cost": 637548.72,
            "Total Cost": 637548.73,
            "Plan Rows": 1,
            "Plan Width": 8,
            "Actual Startup Time": 1909.329,
            "Actual Total Time": 1909.334,
            "Actual Rows": 1,
            "Actual Loops": 2,
            "Plans": [
              {
                "Node Type": "Nested Loop",
                "Parent Relationship": "Outer",
                "Parallel Aware": false,
                "Join Type": "Inner",
                "Startup Cost": 80762.53,
                "Total Cost": 633823.23,
                "Plan Rows": 1490196,
                "Plan Width": 0,
                "Actual Startup Time": 615.452,
                "Actual Total Time": 1812.519,
                "Actual Rows": 1377770,
                "Actual Loops": 2,
                "Inner Unique": false,
                "Plans": [
                  {
                    "Node Type": "Hash Join",
                    "Parent Relationship": "Outer",
                    "Parallel Aware": true,
                    "Join Type": "Inner",
                    "Startup Cost": 80762.1,
                    "Total Cost": 110441.55,
                    "Plan Rows": 254852,
                    "Plan Width": 8,
                    "Actual Startup Time": 615.322,
                    "Actual Total Time": 799.394,
                    "Actual Rows": 89472,
                    "Actual Loops": 2,
                    "Inner Unique": true,
                    "Hash Cond": "(mk.movie_id = t.id)",
                    "Plans": [
                      {
                        "Node Type": "Bitmap Heap Scan",
                        "Parent Relationship": "Outer",
                        "Parallel Aware": true,
                        "Relation Name": "movie_keyword",
                        "Alias": "mk",
                        "Startup Cost": 12460.19,
                        "Total Cost": 41232.75,
                        "Plan Rows": 345485,
                        "Plan Width": 4,
                        "Actual Startup Time": 53.83,
                        "Actual Total Time": 140.482,
                        "Actual Rows": 287923,
                        "Actual Loops": 2,
                        "Recheck Cond": "(keyword_id > 31852)",
                        "Rows Removed by Index Recheck": 0,
                        "Exact Heap Blocks": 13373,
                        "Lossy Heap Blocks": 0,
                        "Plans": [
                          {
                            "Node Type": "Bitmap Index Scan",
                            "Parent Relationship": "Outer",
                            "Parallel Aware": false,
                            "Index Name": "keyword_id_movie_keyword",
                            "Startup Cost": 0.0,
                            "Total Cost": 12313.36,
                            "Plan Rows": 587324,
                            "Plan Width": 0,
                            "Actual Startup Time": 48.283,
                            "Actual Total Time": 48.284,
                            "Actual Rows": 575846,
                            "Actual Loops": 1,
                            "Index Cond": "(keyword_id > 31852)"
                          }
                        ]
                      },
                      {
                        "Node Type": "Hash",
                        "Parent Relationship": "Inner",
                        "Parallel Aware": true,
                        "Startup Cost": 54588.39,
                        "Total Cost": 54588.39,
                        "Plan Rows": 1097081,
                        "Plan Width": 4,
                        "Actual Startup Time": 546.692,
                        "Actual Total Time": 546.693,
                        "Actual Rows": 932744,
                        "Actual Loops": 2,
                        "Hash Buckets": 2097152,
                        "Original Hash Buckets": 2097152,
                        "Hash Batches": 1,
                        "Original Hash Batches": 1,
                        "Peak Memory Usage": 89408,
                        "Plans": [
                          {
                            "Node Type": "Seq Scan",
                            "Parent Relationship": "Outer",
                            "Parallel Aware": true,
                            "Relation Name": "title",
                            "Alias": "t",
                            "Startup Cost": 0.0,
                            "Total Cost": 54588.39,
                            "Plan Rows": 1097081,
                            "Plan Width": 4,
                            "Actual Startup Time": 0.028,
                            "Actual Total Time": 229.616,
                            "Actual Rows": 932744,
                            "Actual Loops": 2,
                            "Filter": "(kind_id > 1)",
                            "Rows Removed by Filter": 331412
                          }
                        ]
                      }
                    ]
                  },
                  {
                    "Node Type": "Index Only Scan",
                    "Parent Relationship": "Inner",
                    "Parallel Aware": false,
                    "Scan Direction": "Forward",
                    "Index Name": "movie_id_movie_info",
                    "Relation Name": "movie_info",
                    "Alias": "mi",
                    "Startup Cost": 0.43,
                    "Total Cost": 1.63,
                    "Plan Rows": 42,
                    "Plan Width": 4,
                    "Actual Startup Time": 0.003,
                    "Actual Total Time": 0.009,
                    "Actual Rows": 15,
                    "Actual Loops": 178945,
                    "Index Cond": "(movie_id = t.id)",
                    "Rows Removed by Index Recheck": 0,
                    "Heap Fetches": 2755540
                  }
                ]
              }
            ]
          }
        ]
      }
    ]
  },
  "Planning Time": 1.018,
  "Triggers": [],
  "Execution Time": 1982.94
}