[
  {
    "Plan": {
      "Node Type": "Aggregate",
      "Strategy": "Plain",
      "Partial Mode": "Finalize",
      "Parallel Aware": false,
      "Startup Cost": 33283.81,
      "Total Cost": 33283.82,
      "Plan Rows": 1,
      "Plan Width": 8,
      "Actual Startup Time": 89.301,
      "Actual Total Time": 98.141,
      "Actual Rows": 1,
      "Actual Loops": 1,
      "Plans": [
        {
          "Node Type": "Gather",
          "Parent Relationship": "Outer",
          "Parallel Aware": false,
          "Startup Cost": 33283.49,
          "Total Cost": 33283.8,
          "Plan Rows": 3,
          "Plan Width": 8,
          "Actual Startup Time": 89.163,
          "Actual Total Time": 98.134,
          "Actual Rows": 4,
          "Actual Loops": 1,
          "Workers Planned": 3,
          "Workers Launched": 3,
          "Single Copy": false,
          "Plans": [
            {
              "Node Type": "Aggregate",
              "Strategy": "Plain",
              "Partial Mode": "Partial",
              "Parent Relationship": "Outer",
              "Parallel Aware": false,
              "Startup Cost": 32283.49,
              "Total Cost": 32283.5,
              "Plan Rows": 1,
              "Plan Width": 8,
              "Actual Startup Time": 85.371,
              "Actual Total Time": 85.372,
              "Actual Rows": 1,
              "Actual Loops": 4,
              "Plans": [
                {
                  "Node Type": "Seq Scan",
                  "Parent Relationship": "Outer",
                  "Parallel Aware": true,
                  "Relation Name": "movie_companies",
                  "Alias": "mc",
                  "Startup Cost": 0.0,
                  "Total Cost": 31414.82,
                  "Plan Rows": 347469,
                  "Plan Width": 0,
                  "Actual Startup Time": 0.106,
                  "Actual Total Time": 73.58,
                  "Actual Rows": 241358,
                  "Actual Loops": 4,
                  "Filter": "((company_id > 253) AND (company_type_id < 2))",
                  "Rows Removed by Filter": 410924
                }
              ]
            }
          ]
        }
      ]
    },
    "Planning Time": 0.221,
    "Triggers": [],
    "Execution Time": 98.196
  }
]