[
  {
    "Plan": {
      "Node Type": "Aggregate",
      "Strategy": "Plain",
      "Partial Mode": "Finalize",
      "Parallel Aware": false,
      "Startup Cost": 33269.11,
      "Total Cost": 33269.12,
      "Plan Rows": 1,
      "Plan Width": 8,
      "Actual Startup Time": 93.171,
      "Actual Total Time": 99.018,
      "Actual Rows": 1,
      "Actual Loops": 1,
      "Plans": [
        {
          "Node Type": "Gather",
          "Parent Relationship": "Outer",
          "Parallel Aware": false,
          "Startup Cost": 33268.79,
          "Total Cost": 33269.1,
          "Plan Rows": 3,
          "Plan Width": 8,
          "Actual Startup Time": 93.066,
          "Actual Total Time": 99.01,
          "Actual Rows": 4,
          "Actual Loops": 1,
          "Workers Planned": 3,
          "Workers Launched": 3,
          "Single Copy": false,
          "Plans": [
            {
              "Node Type": "Aggregate",
              "Strategy": "Plain",
              "Partial Mode": "Partial",
              "Parent Relationship": "Outer",
              "Parallel Aware": false,
              "Startup Cost": 32268.79,
              "Total Cost": 32268.8,
              "Plan Rows": 1,
              "Plan Width": 8,
              "Actual Startup Time": 86.128,
              "Actual Total Time": 86.129,
              "Actual Rows": 1,
              "Actual Loops": 4,
              "Plans": [
                {
                  "Node Type": "Seq Scan",
                  "Parent Relationship": "Outer",
                  "Parallel Aware": true,
                  "Relation Name": "movie_companies",
                  "Alias": "mc",
                  "Startup Cost": 0.0,
                  "Total Cost": 31414.82,
                  "Plan Rows": 341589,
                  "Plan Width": 0,
                  "Actual Startup Time": 45.646,
                  "Actual Total Time": 77.859,
                  "Actual Rows": 199972,
                  "Actual Loops": 4,
                  "Filter": "((company_id < 72426) AND (company_type_id > 1))",
                  "Rows Removed by Filter": 452311
                }
              ]
            }
          ]
        }
      ]
    },
    "Planning Time": 0.172,
    "Triggers": [],
    "Execution Time": 99.073
  }
]