[
  {
    "Plan": {
      "Node Type": "Aggregate",
      "Strategy": "Plain",
      "Partial Mode": "Finalize",
      "Parallel Aware": false,
      "Startup Cost": 345544.01,
      "Total Cost": 345544.02,
      "Plan Rows": 1,
      "Plan Width": 8,
      "Actual Startup Time": 709.795,
      "Actual Total Time": 758.511,
      "Actual Rows": 1,
      "Actual Loops": 1,
      "Plans": [
        {
          "Node Type": "Gather",
          "Parent Relationship": "Outer",
          "Parallel Aware": false,
          "Startup Cost": 345543.38,
          "Total Cost": 345543.99,
          "Plan Rows": 6,
          "Plan Width": 8,
          "Actual Startup Time": 709.572,
          "Actual Total Time": 758.491,
          "Actual Rows": 7,
          "Actual Loops": 1,
          "Workers Planned": 6,
          "Workers Launched": 6,
          "Single Copy": false,
          "Plans": [
            {
              "Node Type": "Aggregate",
              "Strategy": "Plain",
              "Partial Mode": "Partial",
              "Parent Relationship": "Outer",
              "Parallel Aware": false,
              "Startup Cost": 344543.38,
              "Total Cost": 344543.39,
              "Plan Rows": 1,
              "Plan Width": 8,
              "Actual Startup Time": 700.974,
              "Actual Total Time": 700.976,
              "Actual Rows": 1,
              "Actual Loops": 7,
              "Plans": [
                {
                  "Node Type": "Seq Scan",
                  "Parent Relationship": "Outer",
                  "Parallel Aware": true,
                  "Relation Name": "cast_info",
                  "Alias": "ci",
                  "Startup Cost": 0.0,
                  "Total Cost": 343316.27,
                  "Plan Rows": 490845,
                  "Plan Width": 0,
                  "Actual Startup Time": 490.002,
                  "Actual Total Time": 667.21,
                  "Actual Rows": 641339,
                  "Actual Loops": 7,
                  "Filter": "((person_id > 3242497) AND (role_id > 1))",
                  "Rows Removed by Filter": 4536425
                }
              ]
            }
          ]
        }
      ]
    },
    "Planning Time": 0.106,
    "Triggers": [],
    "Execution Time": 758.554
  }
]