[
  {
    "Plan": {
      "Node Type": "Aggregate",
      "Strategy": "Plain",
      "Partial Mode": "Finalize",
      "Parallel Aware": false,
      "Startup Cost": 23468.01,
      "Total Cost": 23468.02,
      "Plan Rows": 1,
      "Plan Width": 8,
      "Actual Startup Time": 52.05,
      "Actual Total Time": 55.328,
      "Actual Rows": 1,
      "Actual Loops": 1,
      "Plans": [
        {
          "Node Type": "Gather",
          "Parent Relationship": "Outer",
          "Parallel Aware": false,
          "Startup Cost": 23467.59,
          "Total Cost": 23468.0,
          "Plan Rows": 4,
          "Plan Width": 8,
          "Actual Startup Time": 51.903,
          "Actual Total Time": 55.315,
          "Actual Rows": 5,
          "Actual Loops": 1,
          "Workers Planned": 4,
          "Workers Launched": 4,
          "Single Copy": false,
          "Plans": [
            {
              "Node Type": "Aggregate",
              "Strategy": "Plain",
              "Partial Mode": "Partial",
              "Parent Relationship": "Outer",
              "Parallel Aware": false,
              "Startup Cost": 22467.59,
              "Total Cost": 22467.6,
              "Plan Rows": 1,
              "Plan Width": 8,
              "Actual Startup Time": 42.186,
              "Actual Total Time": 42.187,
              "Actual Rows": 1,
              "Actual Loops": 5,
              "Plans": [
                {
                  "Node Type": "Index Scan",
                  "Parent Relationship": "Outer",
                  "Parallel Aware": true,
                  "Scan Direction": "Forward",
                  "Index Name": "role_id_cast_info",
                  "Relation Name": "cast_info",
                  "Alias": "ci",
                  "Startup Cost": 0.56,
                  "Total Cost": 22393.76,
                  "Plan Rows": 29535,
                  "Plan Width": 0,
                  "Actual Startup Time": 0.252,
                  "Actual Total Time": 40.742,
                  "Actual Rows": 17485,
                  "Actual Loops": 5,
                  "Index Cond": "(role_id = 6)",
                  "Rows Removed by Index Recheck": 0,
                  "Filter": "(person_id < 531496)",
                  "Rows Removed by Filter": 137250
                }
              ]
            }
          ]
        }
      ]
    },
    "Planning Time": 0.236,
    "Triggers": [],
    "Execution Time": 55.388
  }
]