[
  {
    "Plan": {
      "Node Type": "Aggregate",
      "Strategy": "Plain",
      "Partial Mode": "Finalize",
      "Parallel Aware": false,
      "Startup Cost": 46244.85,
      "Total Cost": 46244.86,
      "Plan Rows": 1,
      "Plan Width": 8,
      "Actual Startup Time": 164.199,
      "Actual Total Time": 171.144,
      "Actual Rows": 1,
      "Actual Loops": 1,
      "Plans": [
        {
          "Node Type": "Gather",
          "Parent Relationship": "Outer",
          "Parallel Aware": false,
          "Startup Cost": 46244.53,
          "Total Cost": 46244.84,
          "Plan Rows": 3,
          "Plan Width": 8,
          "Actual Startup Time": 164.093,
          "Actual Total Time": 171.138,
          "Actual Rows": 4,
          "Actual Loops": 1,
          "Workers Planned": 3,
          "Workers Launched": 3,
          "Single Copy": false,
          "Plans": [
            {
              "Node Type": "Aggregate",
              "Strategy": "Plain",
              "Partial Mode": "Partial",
              "Parent Relationship": "Outer",
              "Parallel Aware": false,
              "Startup Cost": 45244.53,
              "Total Cost": 45244.54,
              "Plan Rows": 1,
              "Plan Width": 8,
              "Actual Startup Time": 155.837,
              "Actual Total Time": 155.839,
              "Actual Rows": 1,
              "Actual Loops": 4,
              "Plans": [
                {
                  "Node Type": "Seq Scan",
                  "Parent Relationship": "Outer",
                  "Parallel Aware": true,
                  "Relation Name": "movie_keyword",
                  "Alias": "mk",
                  "Startup Cost": 0.0,
                  "Total Cost": 42695.65,
                  "Plan Rows": 1019550,
                  "Plan Width": 0,
                  "Actual Startup Time": 0.062,
                  "Actual Total Time": 119.763,
                  "Actual Rows": 790380,
                  "Actual Loops": 4,
                  "Filter": "(keyword_id < 12315)",
                  "Rows Removed by Filter": 340602
                }
              ]
            }
          ]
        }
      ]
    },
    "Planning Time": 0.073,
    "Triggers": [],
    "Execution Time": 171.166
  }
]