[
  {
    "Plan": {
      "Node Type": "Aggregate",
      "Strategy": "Plain",
      "Partial Mode": "Finalize",
      "Parallel Aware": false,
      "Startup Cost": 356396.5,
      "Total Cost": 356396.51,
      "Plan Rows": 1,
      "Plan Width": 8,
      "Actual Startup Time": 933.576,
      "Actual Total Time": 978.934,
      "Actual Rows": 1,
      "Actual Loops": 1,
      "Plans": [
        {
          "Node Type": "Gather",
          "Parent Relationship": "Outer",
          "Parallel Aware": false,
          "Startup Cost": 356395.87,
          "Total Cost": 356396.48,
          "Plan Rows": 6,
          "Plan Width": 8,
          "Actual Startup Time": 933.365,
          "Actual Total Time": 978.911,
          "Actual Rows": 7,
          "Actual Loops": 1,
          "Workers Planned": 6,
          "Workers Launched": 6,
          "Single Copy": false,
          "Plans": [
            {
              "Node Type": "Aggregate",
              "Strategy": "Plain",
              "Partial Mode": "Partial",
              "Parent Relationship": "Outer",
              "Parallel Aware": false,
              "Startup Cost": 355395.87,
              "Total Cost": 355395.88,
              "Plan Rows": 1,
              "Plan Width": 8,
              "Actual Startup Time": 926.471,
              "Actual Total Time": 926.473,
              "Actual Rows": 1,
              "Actual Loops": 7,
              "Plans": [
                {
                  "Node Type": "Seq Scan",
                  "Parent Relationship": "Outer",
                  "Parallel Aware": true,
                  "Relation Name": "cast_info",
                  "Alias": "ci",
                  "Startup Cost": 0.0,
                  "Total Cost": 343316.27,
                  "Plan Rows": 4831841,
                  "Plan Width": 0,
                  "Actual Startup Time": 0.041,
                  "Actual Total Time": 723.448,
                  "Actual Rows": 4464346,
                  "Actual Loops": 7,
                  "Filter": "((person_id < 3514110) AND (role_id < 10))",
                  "Rows Removed by Filter": 713417
                }
              ]
            }
          ]
        }
      ]
    },
    "Planning Time": 0.224,
    "Triggers": [],
    "Execution Time": 979.002
  }
]