[
  {
    "Plan": {
      "Node Type": "Aggregate",
      "Strategy": "Plain",
      "Partial Mode": "Finalize",
      "Parallel Aware": false,
      "Startup Cost": 250957.03,
      "Total Cost": 250957.04,
      "Plan Rows": 1,
      "Plan Width": 8,
      "Actual Startup Time": 245.275,
      "Actual Total Time": 281.875,
      "Actual Rows": 1,
      "Actual Loops": 1,
      "Plans": [
        {
          "Node Type": "Gather",
          "Parent Relationship": "Outer",
          "Parallel Aware": false,
          "Startup Cost": 250956.61,
          "Total Cost": 250957.02,
          "Plan Rows": 4,
          "Plan Width": 8,
          "Actual Startup Time": 245.137,
          "Actual Total Time": 281.864,
          "Actual Rows": 5,
          "Actual Loops": 1,
          "Workers Planned": 4,
          "Workers Launched": 4,
          "Single Copy": false,
          "Plans": [
            {
              "Node Type": "Aggregate",
              "Strategy": "Plain",
              "Partial Mode": "Partial",
              "Parent Relationship": "Outer",
              "Parallel Aware": false,
              "Startup Cost": 249956.61,
              "Total Cost": 249956.62,
              "Plan Rows": 1,
              "Plan Width": 8,
              "Actual Startup Time": 235.707,
              "Actual Total Time": 235.708,
              "Actual Rows": 1,
              "Actual Loops": 5,
              "Plans": [
                {
                  "Node Type": "Nested Loop",
                  "Parent Relationship": "Outer",
                  "Parallel Aware": false,
                  "Join Type": "Inner",
                  "Startup Cost": 0.43,
                  "Total Cost": 249819.04,
                  "Plan Rows": 55026,
                  "Plan Width": 0,
                  "Actual Startup Time": 0.365,
                  "Actual Total Time": 230.509,
                  "Actual Rows": 73171,
                  "Actual Loops": 5,
                  "Inner Unique": false,
                  "Plans": [
                    {
                      "Node Type": "Seq Scan",
                      "Parent Relationship": "Outer",
                      "Parallel Aware": true,
                      "Relation Name": "title",
                      "Alias": "t",
                      "Startup Cost": 0.0,
                      "Total Cost": 45479.1,
                      "Plan Rows": 9542,
                      "Plan Width": 4,
                      "Actual Startup Time": 0.147,
                      "Actual Total Time": 76.17,
                      "Actual Rows": 6451,
                      "Actual Loops": 5,
                      "Filter": "((kind_id < 7) AND (production_year = 2005))",
                      "Rows Removed by Filter": 499212
                    },
                    {
                      "Node Type": "Index Scan",
                      "Parent Relationship": "Inner",
                      "Parallel Aware": false,
                      "Scan Direction": "Forward",
                      "Index Name": "movie_id_movie_info",
                      "Relation Name": "movie_info",
                      "Alias": "mi",
                      "Startup Cost": 0.43,
                      "Total Cost": 21.0,
                      "Plan Rows": 41,
                      "Plan Width": 4,
                      "Actual Startup Time": 0.008,
                      "Actual Total Time": 0.022,
                      "Actual Rows": 11,
                      "Actual Loops": 32253,
                      "Index Cond": "(movie_id = t.id)",
                      "Rows Removed by Index Recheck": 0,
                      "Filter": "(info_type_id < 107)",
                      "Rows Removed by Filter": 0
                    }
                  ]
                }
              ]
            }
          ]
        }
      ]
    },
    "Planning Time": 0.665,
    "Triggers": [],
    "Execution Time": 281.965
  }
]