[
  {
    "Plan": {
      "Node Type": "Aggregate",
      "Strategy": "Plain",
      "Partial Mode": "Simple",
      "Parallel Aware": false,
      "Startup Cost": 8227.65,
      "Total Cost": 8227.66,
      "Plan Rows": 1,
      "Plan Width": 8,
      "Actual Startup Time": 4.997,
      "Actual Total Time": 4.998,
      "Actual Rows": 1,
      "Actual Loops": 1,
      "Plans": [
        {
          "Node Type": "Index Only Scan",
          "Parent Relationship": "Outer",
          "Parallel Aware": false,
          "Scan Direction": "Forward",
          "Index Name": "company_id_movie_companies",
          "Relation Name": "movie_companies",
          "Alias": "mc",
          "Startup Cost": 0.43,
          "Total Cost": 8219.17,
          "Plan Rows": 3392,
          "Plan Width": 0,
          "Actual Startup Time": 0.189,
          "Actual Total Time": 4.696,
          "Actual Rows": 3599,
          "Actual Loops": 1,
          "Index Cond": "(company_id = 4625)",
          "Rows Removed by Index Recheck": 0,
          "Heap Fetches": 3599
        }
      ]
    },
    "Planning Time": 0.134,
    "Triggers": [],
    "Execution Time": 5.035
  }
]