{
  "Plan": {
    "Node Type": "Aggregate",
    "Strategy": "Plain",
    "Partial Mode": "Finalize",
    "Parallel Aware": false,
    "Startup Cost": 96712.23,
    "Total Cost": 96712.24,
    "Plan Rows": 1,
    "Plan Width": 8,
    "Actual Startup Time": 344.0,
    "Actual Total Time": 364.439,
    "Actual Rows": 1,
    "Actual Loops": 1,
    "Plans": [
      {
        "Node Type": "Gather",
        "Parent Relationship": "Outer",
        "Parallel Aware": false,
        "Startup Cost": 96712.12,
        "Total Cost": 96712.23,
        "Plan Rows": 1,
        "Plan Width": 8,
        "Actual Startup Time": 343.155,
        "Actual Total Time": 364.432,
        "Actual Rows": 2,
        "Actual Loops": 1,
        "Workers Planned": 1,
        "Workers Launched": 1,
        "Single Copy": false,
        "Plans": [
          {
            "Node Type": "Aggregate",
            "Strategy": "Plain",
            "Partial Mode": "Partial",
            "Parent Relationship": "Outer",
            "Parallel Aware": false,
            "Startup Cost": 95712.12,
            "Total Cost": 95712.13,
            "Plan Rows": 1,
            "Plan Width": 8,
            "Actual Startup Time": 336.903,
            "Actual Total Time": 336.907,
            "Actual Rows": 1,
            "Actual Loops": 2,
            "Plans": [
              {
                "Node Type": "Nested Loop",
                "Parent Relationship": "Outer",
                "Parallel Aware": false,
                "Join Type": "Inner",
                "Startup Cost": 59937.39,
                "Total Cost": 95687.72,
                "Plan Rows": 9759,
                "Plan Width": 0,
                "Actual Startup Time": 183.353,
                "Actual Total Time": 331.162,
                "Actual Rows": 112324,
                "Actual Loops": 2,
                "Inner Unique": false,
                "Plans": [
                  {
                    "Node Type": "Hash Join",
                    "Parent Relationship": "Outer",
                    "Parallel Aware": true,
                    "Join Type": "Inner",
                    "Startup Cost": 59936.96,
                    "Total Cost": 85888.14,
                    "Plan Rows": 9456,
                    "Plan Width": 8,
                    "Actual Startup Time": 183.269,
                    "Actual Total Time": 244.408,
                    "Actual Rows": 17498,
                    "Actual Loops": 2,
                    "Inner Unique": true,
                    "Hash Cond": "(mk.movie_id = t.id)",
                    "Plans": [
                      {
                        "Node Type": "Bitmap Heap Scan",
                        "Parent Relationship": "Outer",
                        "Parallel Aware": true,
                        "Relation Name": "movie_keyword",
                        "Alias": "mk",
                        "Startup Cost": 3572.59,
                        "Total Cost": 29263.93,
                        "Plan Rows": 98987,
                        "Plan Width": 4,
                        "Actual Startup Time": 13.5,
                        "Actual Total Time": 54.298,
                        "Actual Rows": 80114,
                        "Actual Loops": 2,
                        "Recheck Cond": "(keyword_id > 72835)",
                        "Rows Removed by Index Recheck": 0,
                        "Exact Heap Blocks": 11481,
                        "Lossy Heap Blocks": 0,
                        "Plans": [
                          {
                            "Node Type": "Bitmap Index Scan",
                            "Parent Relationship": "Outer",
                            "Parallel Aware": false,
                            "Index Name": "keyword_id_movie_keyword",
                            "Startup Cost": 0.0,
                            "Total Cost": 3530.52,
                            "Plan Rows": 168278,
                            "Plan Width": 0,
                            "Actual Startup Time": 10.45,
                            "Actual Total Time": 10.45,
                            "Actual Rows": 160229,
                            "Actual Loops": 1,
                            "Index Cond": "(keyword_id > 72835)"
                          }
                        ]
                      },
                      {
                        "Node Type": "Hash",
                        "Parent Relationship": "Inner",
                        "Parallel Aware": true,
                        "Startup Cost": 54588.39,
                        "Total Cost": 54588.39,
                        "Plan Rows": 142079,
                        "Plan Width": 4,
                        "Actual Startup Time": 166.096,
                        "Actual Total Time": 166.097,
                        "Actual Rows": 126260,
                        "Actual Loops": 2,
                        "Hash Buckets": 262144,
                        "Original Hash Buckets": 262144,
                        "Hash Batches": 1,
                        "Original Hash Batches": 1,
                        "Peak Memory Usage": 11968,
                        "Plans": [
                          {
                            "Node Type": "Seq Scan",
                            "Parent Relationship": "Outer",
                            "Parallel Aware": true,
                            "Relation Name": "title",
                            "Alias": "t",
                            "Startup Cost": 0.0,
                            "Total Cost": 54588.39,
                            "Plan Rows": 142079,
                            "Plan Width": 4,
                            "Actual Startup Time": 0.033,
                            "Actual Total Time": 138.364,
                            "Actual Rows": 126260,
                            "Actual Loops": 2,
                            "Filter": "(production_year < 1961)",
                            "Rows Removed by Filter": 1137896
                          }
                        ]
                      }
                    ]
                  },
                  {
                    "Node Type": "Index Only Scan",
                    "Parent Relationship": "Inner",
                    "Parallel Aware": false,
                    "Scan Direction": "Forward",
                    "Index Name": "movie_id_movie_companies",
                    "Relation Name": "movie_companies",
                    "Alias": "mc",
                    "Startup Cost": 0.43,
                    "Total Cost": 0.99,
                    "Plan Rows": 5,
                    "Plan Width": 4,
                    "Actual Startup Time": 0.003,
                    "Actual Total Time": 0.004,
                    "Actual Rows": 6,
                    "Actual Loops": 34997,
                    "Index Cond": "(movie_id = t.id)",
                    "Rows Removed by Index Recheck": 0,
                    "Heap Fetches": 224649
                  }
                ]
              }
            ]
          }
        ]
      }
    ]
  },
  "Planning Time": 0.956,
  "Triggers": [],
  "Execution Time": 364.542
}