[
  {
    "Plan": {
      "Node Type": "Aggregate",
      "Strategy": "Plain",
      "Partial Mode": "Finalize",
      "Parallel Aware": false,
      "Startup Cost": 70828.74,
      "Total Cost": 70828.75,
      "Plan Rows": 1,
      "Plan Width": 8,
      "Actual Startup Time": 151.811,
      "Actual Total Time": 165.814,
      "Actual Rows": 1,
      "Actual Loops": 1,
      "Plans": [
        {
          "Node Type": "Gather",
          "Parent Relationship": "Outer",
          "Parallel Aware": false,
          "Startup Cost": 70828.32,
          "Total Cost": 70828.73,
          "Plan Rows": 4,
          "Plan Width": 8,
          "Actual Startup Time": 150.859,
          "Actual Total Time": 165.806,
          "Actual Rows": 5,
          "Actual Loops": 1,
          "Workers Planned": 4,
          "Workers Launched": 4,
          "Single Copy": false,
          "Plans": [
            {
              "Node Type": "Aggregate",
              "Strategy": "Plain",
              "Partial Mode": "Partial",
              "Parent Relationship": "Outer",
              "Parallel Aware": false,
              "Startup Cost": 69828.32,
              "Total Cost": 69828.33,
              "Plan Rows": 1,
              "Plan Width": 8,
              "Actual Startup Time": 140.923,
              "Actual Total Time": 140.927,
              "Actual Rows": 1,
              "Actual Loops": 5,
              "Plans": [
                {
                  "Node Type": "Hash Join",
                  "Parent Relationship": "Outer",
                  "Parallel Aware": true,
                  "Join Type": "Inner",
                  "Startup Cost": 24124.47,
                  "Total Cost": 69824.26,
                  "Plan Rows": 1623,
                  "Plan Width": 0,
                  "Actual Startup Time": 108.59,
                  "Actual Total Time": 140.912,
                  "Actual Rows": 22,
                  "Actual Loops": 5,
                  "Inner Unique": false,
                  "Hash Cond": "(t.id = mc.movie_id)",
                  "Plans": [
                    {
                      "Node Type": "Seq Scan",
                      "Parent Relationship": "Outer",
                      "Parallel Aware": true,
                      "Relation Name": "title",
                      "Alias": "t",
                      "Startup Cost": 0.0,
                      "Total Cost": 45479.1,
                      "Plan Rows": 43090,
                      "Plan Width": 4,
                      "Actual Startup Time": 39.164,
                      "Actual Total Time": 71.99,
                      "Actual Rows": 62125,
                      "Actual Loops": 5,
                      "Filter": "((production_year < 1989) AND (kind_id = 1))",
                      "Rows Removed by Filter": 443537
                    },
                    {
                      "Node Type": "Hash",
                      "Parent Relationship": "Inner",
                      "Parallel Aware": true,
                      "Startup Cost": 23740.49,
                      "Total Cost": 23740.49,
                      "Plan Rows": 30719,
                      "Plan Width": 4,
                      "Actual Startup Time": 59.235,
                      "Actual Total Time": 59.236,
                      "Actual Rows": 7823,
                      "Actual Loops": 5,
                      "Hash Buckets": 131072,
                      "Original Hash Buckets": 131072,
                      "Hash Batches": 1,
                      "Original Hash Batches": 1,
                      "Peak Memory Usage": 2624,
                      "Plans": [
                        {
                          "Node Type": "Bitmap Heap Scan",
                          "Parent Relationship": "Outer",
                          "Parallel Aware": true,
                          "Relation Name": "movie_companies",
                          "Alias": "mc",
                          "Startup Cost": 4042.94,
                          "Total Cost": 23740.49,
                          "Plan Rows": 30719,
                          "Plan Width": 4,
                          "Actual Startup Time": 48.231,
                          "Actual Total Time": 56.558,
                          "Actual Rows": 7823,
                          "Actual Loops": 5,
                          "Recheck Cond": "(company_id < 49)",
                          "Rows Removed by Index Recheck": 0,
                          "Filter": "(company_type_id = 2)",
                          "Rows Removed by Filter": 29386,
                          "Exact Heap Blocks": 9135,
                          "Lossy Heap Blocks": 0,
                          "Plans": [
                            {
                              "Node Type": "Bitmap Index Scan",
                              "Parent Relationship": "Outer",
                              "Parallel Aware": false,
                              "Index Name": "company_id_movie_companies",
                              "Startup Cost": 0.0,
                              "Total Cost": 4019.13,
                              "Plan Rows": 187560,
                              "Plan Width": 0,
                              "Actual Startup Time": 21.993,
                              "Actual Total Time": 21.993,
                              "Actual Rows": 186044,
                              "Actual Loops": 1,
                              "Index Cond": "(company_id < 49)"
                            }
                          ]
                        }
                      ]
                    }
                  ]
                }
              ]
            }
          ]
        }
      ]
    },
    "Planning Time": 0.78,
    "Triggers": [],
    "Execution Time": 165.905
  }
]