{
  "Plan": {
    "Node Type": "Aggregate",
    "Strategy": "Plain",
    "Partial Mode": "Simple",
    "Parallel Aware": false,
    "Startup Cost": 146481.42,
    "Total Cost": 146481.43,
    "Plan Rows": 1,
    "Plan Width": 96,
    "Actual Startup Time": 370.734,
    "Actual Total Time": 393.995,
    "Actual Rows": 1,
    "Actual Loops": 1,
    "Plans": [
      {
        "Node Type": "Gather",
        "Parent Relationship": "Outer",
        "Parallel Aware": false,
        "Startup Cost": 1002.14,
        "Total Cost": 146481.41,
        "Plan Rows": 1,
        "Plan Width": 66,
        "Actual Startup Time": 198.922,
        "Actual Total Time": 393.972,
        "Actual Rows": 13,
        "Actual Loops": 1,
        "Workers Planned": 1,
        "Workers Launched": 1,
        "Single Copy": false,
        "Plans": [
          {
            "Node Type": "Nested Loop",
            "Parent Relationship": "Outer",
            "Parallel Aware": false,
            "Join Type": "Inner",
            "Startup Cost": 2.14,
            "Total Cost": 145481.31,
            "Plan Rows": 1,
            "Plan Width": 66,
            "Actual Startup Time": 208.15,
            "Actual Total Time": 363.255,
            "Actual Rows": 6,
            "Actual Loops": 2,
            "Inner Unique": true,
            "Plans": [
              {
                "Node Type": "Nested Loop",
                "Parent Relationship": "Outer",
                "Parallel Aware": false,
                "Join Type": "Inner",
                "Startup Cost": 2.0,
                "Total Cost": 145480.64,
                "Plan Rows": 4,
                "Plan Width": 70,
                "Actual Startup Time": 165.067,
                "Actual Total Time": 362.463,
                "Actual Rows": 692,
                "Actual Loops": 2,
                "Inner Unique": false,
                "Plans": [
                  {
                    "Node Type": "Nested Loop",
                    "Parent Relationship": "Outer",
                    "Parallel Aware": false,
                    "Join Type": "Inner",
                    "Startup Cost": 1.56,
                    "Total Cost": 145478.79,
                    "Plan Rows": 1,
                    "Plan Width": 35,
                    "Actual Startup Time": 165.002,
                    "Actual Total Time": 359.891,
                    "Actual Rows": 51,
                    "Actual Loops": 2,
                    "Inner Unique": true,
                    "Plans": [
                      {
                        "Node Type": "Nested Loop",
                        "Parent Relationship": "Outer",
                        "Parallel Aware": false,
                        "Join Type": "Inner",
                        "Startup Cost": 1.42,
                        "Total Cost": 145476.33,
                        "Plan Rows": 15,
                        "Plan Width": 39,
                        "Actual Startup Time": 164.979,
                        "Actual Total Time": 359.662,
                        "Actual Rows": 153,
                        "Actual Loops": 2,
                        "Inner Unique": false,
                        "Plans": [
                          {
                            "Node Type": "Nested Loop",
                            "Parent Relationship": "Outer",
                            "Parallel Aware": false,
                            "Join Type": "Inner",
                            "Startup Cost": 0.99,
                            "Total Cost": 145461.43,
                            "Plan Rows": 28,
                            "Plan Width": 25,
                            "Actual Startup Time": 164.921,
                            "Actual Total Time": 358.197,
                            "Actual Rows": 362,
                            "Actual Loops": 2,
                            "Inner Unique": true,
                            "Plans": [
                              {
                                "Node Type": "Nested Loop",
                                "Parent Relationship": "Outer",
                                "Parallel Aware": false,
                                "Join Type": "Inner",
                                "Startup Cost": 0.56,
                                "Total Cost": 145446.49,
                                "Plan Rows": 28,
                                "Plan Width": 4,
                                "Actual Startup Time": 164.851,
                                "Actual Total Time": 355.927,
                                "Actual Rows": 362,
                                "Actual Loops": 2,
                                "Inner Unique": false,
                                "Plans": [
                                  {
                                    "Node Type": "Seq Scan",
                                    "Parent Relationship": "Outer",
                                    "Parallel Aware": true,
                                    "Relation Name": "name",
                                    "Alias": "n",
                                    "Startup Cost": 0.0,
                                    "Total Cost": 92382.65,
                                    "Plan Rows": 56,
                                    "Plan Width": 4,
                                    "Actual Startup Time": 151.703,
                                    "Actual Total Time": 345.926,
                                    "Actual Rows": 1734,
                                    "Actual Loops": 2,
                                    "Filter": "((name ~~ '%Smith,%'::text) AND ((gender)::text = 'f'::text))",
                                    "Rows Removed by Filter": 2082012
                                  },
                                  {
                                    "Node Type": "Index Scan",
                                    "Parent Relationship": "Inner",
                                    "Parallel Aware": false,
                                    "Scan Direction": "Forward",
                                    "Index Name": "person_id_cast_info",
                                    "Relation Name": "cast_info",
                                    "Alias": "ci",
                                    "Startup Cost": 0.56,
                                    "Total Cost": 947.28,
                                    "Plan Rows": 29,
                                    "Plan Width": 8,
                                    "Actual Startup Time": 0.005,
                                    "Actual Total Time": 0.006,
                                    "Actual Rows": 0,
                                    "Actual Loops": 3467,
                                    "Index Cond": "(person_id = n.id)",
                                    "Rows Removed by Index Recheck": 0,
                                    "Filter": "(note = ANY ('{(producer),(writer)}'::text[]))",
                                    "Rows Removed by Filter": 8
                                  }
                                ]
                              },
                              {
                                "Node Type": "Index Scan",
                                "Parent Relationship": "Inner",
                                "Parallel Aware": false,
                                "Scan Direction": "Forward",
                                "Index Name": "title_pkey",
                                "Relation Name": "title",
                                "Alias": "t",
                                "Startup Cost": 0.43,
                                "Total Cost": 0.53,
                                "Plan Rows": 1,
                                "Plan Width": 21,
                                "Actual Startup Time": 0.006,
                                "Actual Total Time": 0.006,
                                "Actual Rows": 1,
                                "Actual Loops": 723,
                                "Index Cond": "(id = ci.movie_id)",
                                "Rows Removed by Index Recheck": 0
                              }
                            ]
                          },
                          {
                            "Node Type": "Index Scan",
                            "Parent Relationship": "Inner",
                            "Parallel Aware": false,
                            "Scan Direction": "Forward",
                            "Index Name": "movie_id_movie_info_idx",
                            "Relation Name": "movie_info_idx",
                            "Alias": "mi_idx",
                            "Startup Cost": 0.43,
                            "Total Cost": 0.5,
                            "Plan Rows": 3,
                            "Plan Width": 14,
                            "Actual Startup Time": 0.004,
                            "Actual Total Time": 0.004,
                            "Actual Rows": 0,
                            "Actual Loops": 723,
                            "Index Cond": "(movie_id = t.id)",
                            "Rows Removed by Index Recheck": 0
                          }
                        ]
                      },
                      {
                        "Node Type": "Index Scan",
                        "Parent Relationship": "Inner",
                        "Parallel Aware": false,
                        "Scan Direction": "Forward",
                        "Index Name": "info_type_pkey",
                        "Relation Name": "info_type",
                        "Alias": "it2",
                        "Startup Cost": 0.14,
                        "Total Cost": 0.16,
                        "Plan Rows": 1,
                        "Plan Width": 4,
                        "Actual Startup Time": 0.001,
                        "Actual Total Time": 0.001,
                        "Actual Rows": 0,
                        "Actual Loops": 306,
                        "Index Cond": "(id = mi_idx.info_type_id)",
                        "Rows Removed by Index Recheck": 0,
                        "Filter": "((info)::text = 'votes'::text)",
                        "Rows Removed by Filter": 1
                      }
                    ]
                  },
                  {
                    "Node Type": "Index Scan",
                    "Parent Relationship": "Inner",
                    "Parallel Aware": false,
                    "Scan Direction": "Forward",
                    "Index Name": "movie_id_movie_info",
                    "Relation Name": "movie_info",
                    "Alias": "mi",
                    "Startup Cost": 0.43,
                    "Total Cost": 1.46,
                    "Plan Rows": 39,
                    "Plan Width": 51,
                    "Actual Startup Time": 0.018,
                    "Actual Total Time": 0.048,
                    "Actual Rows": 14,
                    "Actual Loops": 102,
                    "Index Cond": "(movie_id = t.id)",
                    "Rows Removed by Index Recheck": 0
                  }
                ]
              },
              {
                "Node Type": "Index Scan",
                "Parent Relationship": "Inner",
                "Parallel Aware": false,
                "Scan Direction": "Forward",
                "Index Name": "info_type_pkey",
                "Relation Name": "info_type",
                "Alias": "it1",
                "Startup Cost": 0.14,
                "Total Cost": 0.16,
                "Plan Rows": 1,
                "Plan Width": 4,
                "Actual Startup Time": 0.001,
                "Actual Total Time": 0.001,
                "Actual Rows": 0,
                "Actual Loops": 1384,
                "Index Cond": "(id = mi.info_type_id)",
                "Rows Removed by Index Recheck": 0,
                "Filter": "((info)::text = 'budget'::text)",
                "Rows Removed by Filter": 1
              }
            ]
          }
        ]
      }
    ]
  },
  "Planning Time": 2.175,
  "Triggers": [],
  "Execution Time": 394.137
}