[
    {
        "Bao": {
            "Bao prediction": 875.343,
            "Bao recommended hint": "(no hint)"
        }
    },
    {
        "Plan": {
            "Node Type": "Aggregate",
            "Strategy": "Plain",
            "Partial Mode": "Finalize",
            "Parallel Aware": false,
            "Startup Cost": 149041.85,
            "Total Cost": 149041.86,
            "Plan Rows": 1,
            "Plan Width": 8,
            "Actual Startup Time": 532.09,
            "Actual Total Time": 553.869,
            "Actual Rows": 1,
            "Actual Loops": 1,
            "Output": [
                "count(*)"
            ],
            "Plans": [
                {
                    "Node Type": "Gather",
                    "Parent Relationship": "Outer",
                    "Parallel Aware": false,
                    "Startup Cost": 149041.53,
                    "Total Cost": 149041.84,
                    "Plan Rows": 3,
                    "Plan Width": 8,
                    "Actual Startup Time": 531.749,
                    "Actual Total Time": 553.861,
                    "Actual Rows": 4,
                    "Actual Loops": 1,
                    "Output": [
                        "(PARTIAL count(*))"
                    ],
                    "Workers Planned": 3,
                    "Workers Launched": 3,
                    "Single Copy": false,
                    "Plans": [
                        {
                            "Node Type": "Aggregate",
                            "Strategy": "Plain",
                            "Partial Mode": "Partial",
                            "Parent Relationship": "Outer",
                            "Parallel Aware": false,
                            "Startup Cost": 148041.53,
                            "Total Cost": 148041.54,
                            "Plan Rows": 1,
                            "Plan Width": 8,
                            "Actual Startup Time": 522.815,
                            "Actual Total Time": 522.818,
                            "Actual Rows": 1,
                            "Actual Loops": 4,
                            "Output": [
                                "PARTIAL count(*)"
                            ],
                            "Workers": [
                                {
                                    "Worker Number": 0,
                                    "Actual Startup Time": 520.134,
                                    "Actual Total Time": 520.137,
                                    "Actual Rows": 1,
                                    "Actual Loops": 1
                                },
                                {
                                    "Worker Number": 1,
                                    "Actual Startup Time": 519.45,
                                    "Actual Total Time": 519.453,
                                    "Actual Rows": 1,
                                    "Actual Loops": 1
                                },
                                {
                                    "Worker Number": 2,
                                    "Actual Startup Time": 520.651,
                                    "Actual Total Time": 520.654,
                                    "Actual Rows": 1,
                                    "Actual Loops": 1
                                }
                            ],
                            "Plans": [
                                {
                                    "Node Type": "Nested Loop",
                                    "Parent Relationship": "Outer",
                                    "Parallel Aware": false,
                                    "Join Type": "Inner",
                                    "Startup Cost": 45765.59,
                                    "Total Cost": 147917.4,
                                    "Plan Rows": 49653,
                                    "Plan Width": 0,
                                    "Actual Startup Time": 103.56,
                                    "Actual Total Time": 518.555,
                                    "Actual Rows": 68860,
                                    "Actual Loops": 4,
                                    "Inner Unique": false,
                                    "Join Filter": "(t.id = mi.movie_id)",
                                    "Rows Removed by Join Filter": 0,
                                    "Workers": [
                                        {
                                            "Worker Number": 0,
                                            "Actual Startup Time": 101.09,
                                            "Actual Total Time": 515.755,
                                            "Actual Rows": 75622,
                                            "Actual Loops": 1
                                        },
                                        {
                                            "Worker Number": 1,
                                            "Actual Startup Time": 100.146,
                                            "Actual Total Time": 515.595,
                                            "Actual Rows": 70767,
                                            "Actual Loops": 1
                                        },
                                        {
                                            "Worker Number": 2,
                                            "Actual Startup Time": 101.525,
                                            "Actual Total Time": 516.497,
                                            "Actual Rows": 69601,
                                            "Actual Loops": 1
                                        }
                                    ],
                                    "Plans": [
                                        {
                                            "Node Type": "Hash Join",
                                            "Parent Relationship": "Outer",
                                            "Parallel Aware": true,
                                            "Join Type": "Inner",
                                            "Startup Cost": 45765.16,
                                            "Total Cost": 90995.43,
                                            "Plan Rows": 34945,
                                            "Plan Width": 8,
                                            "Actual Startup Time": 103.495,
                                            "Actual Total Time": 274.867,
                                            "Actual Rows": 17844,
                                            "Actual Loops": 4,
                                            "Output": [
                                                "t.id",
                                                "mk.movie_id"
                                            ],
                                            "Inner Unique": true,
                                            "Hash Cond": "(mk.movie_id = t.id)",
                                            "Workers": [
                                                {
                                                    "Worker Number": 0,
                                                    "Actual Startup Time": 101.03,
                                                    "Actual Total Time": 269.015,
                                                    "Actual Rows": 19397,
                                                    "Actual Loops": 1
                                                },
                                                {
                                                    "Worker Number": 1,
                                                    "Actual Startup Time": 100.058,
                                                    "Actual Total Time": 258.588,
                                                    "Actual Rows": 18294,
                                                    "Actual Loops": 1
                                                },
                                                {
                                                    "Worker Number": 2,
                                                    "Actual Startup Time": 101.445,
                                                    "Actual Total Time": 271.632,
                                                    "Actual Rows": 18278,
                                                    "Actual Loops": 1
                                                }
                                            ],
                                            "Plans": [
                                                {
                                                    "Node Type": "Seq Scan",
                                                    "Parent Relationship": "Outer",
                                                    "Parallel Aware": true,
                                                    "Relation Name": "movie_keyword",
                                                    "Schema": "public",
                                                    "Alias": "mk",
                                                    "Startup Cost": 0.0,
                                                    "Total Cost": 42695.65,
                                                    "Plan Rows": 965571,
                                                    "Plan Width": 4,
                                                    "Actual Startup Time": 0.013,
                                                    "Actual Total Time": 109.722,
                                                    "Actual Rows": 753608,
                                                    "Actual Loops": 4,
                                                    "Output": [
                                                        "mk.id",
                                                        "mk.movie_id",
                                                        "mk.keyword_id"
                                                    ],
                                                    "Filter": "(mk.keyword_id < 10733)",
                                                    "Rows Removed by Filter": 377374,
                                                    "Workers": [
                                                        {
                                                            "Worker Number": 0,
                                                            "Actual Startup Time": 0.012,
                                                            "Actual Total Time": 108.102,
                                                            "Actual Rows": 790495,
                                                            "Actual Loops": 1
                                                        },
                                                        {
                                                            "Worker Number": 1,
                                                            "Actual Startup Time": 0.016,
                                                            "Actual Total Time": 102.061,
                                                            "Actual Rows": 762215,
                                                            "Actual Loops": 1
                                                        },
                                                        {
                                                            "Worker Number": 2,
                                                            "Actual Startup Time": 0.012,
                                                            "Actual Total Time": 109.53,
                                                            "Actual Rows": 797175,
                                                            "Actual Loops": 1
                                                        }
                                                    ]
                                                },
                                                {
                                                    "Node Type": "Hash",
                                                    "Parent Relationship": "Inner",
                                                    "Parallel Aware": true,
                                                    "Startup Cost": 45479.21,
                                                    "Total Cost": 45479.21,
                                                    "Plan Rows": 22876,
                                                    "Plan Width": 4,
                                                    "Actual Startup Time": 101.752,
                                                    "Actual Total Time": 101.753,
                                                    "Actual Rows": 20248,
                                                    "Actual Loops": 4,
                                                    "Output": [
                                                        "t.id"
                                                    ],
                                                    "Hash Buckets": 131072,
                                                    "Original Hash Buckets": 131072,
                                                    "Hash Batches": 1,
                                                    "Original Hash Batches": 1,
                                                    "Peak Memory Usage": 4256,
                                                    "Workers": [
                                                        {
                                                            "Worker Number": 0,
                                                            "Actual Startup Time": 100.377,
                                                            "Actual Total Time": 100.377,
                                                            "Actual Rows": 21728,
                                                            "Actual Loops": 1
                                                        },
                                                        {
                                                            "Worker Number": 1,
                                                            "Actual Startup Time": 99.593,
                                                            "Actual Total Time": 99.594,
                                                            "Actual Rows": 20601,
                                                            "Actual Loops": 1
                                                        },
                                                        {
                                                            "Worker Number": 2,
                                                            "Actual Startup Time": 100.86,
                                                            "Actual Total Time": 100.861,
                                                            "Actual Rows": 16635,
                                                            "Actual Loops": 1
                                                        }
                                                    ],
                                                    "Plans": [
                                                        {
                                                            "Node Type": "Seq Scan",
                                                            "Parent Relationship": "Outer",
                                                            "Parallel Aware": true,
                                                            "Relation Name": "title",
                                                            "Schema": "public",
                                                            "Alias": "t",
                                                            "Startup Cost": 0.0,
                                                            "Total Cost": 45479.21,
                                                            "Plan Rows": 22876,
                                                            "Plan Width": 4,
                                                            "Actual Startup Time": 0.216,
                                                            "Actual Total Time": 94.205,
                                                            "Actual Rows": 20248,
                                                            "Actual Loops": 4,
                                                            "Output": [
                                                                "t.id"
                                                            ],
                                                            "Filter": "((t.kind_id < 7) AND (t.production_year > 2011))",
                                                            "Rows Removed by Filter": 611830,
                                                            "Workers": [
                                                                {
                                                                    "Worker Number": 0,
                                                                    "Actual Startup Time": 0.519,
                                                                    "Actual Total Time": 93.016,
                                                                    "Actual Rows": 21728,
                                                                    "Actual Loops": 1
                                                                },
                                                                {
                                                                    "Worker Number": 1,
                                                                    "Actual Startup Time": 0.15,
                                                                    "Actual Total Time": 91.776,
                                                                    "Actual Rows": 20601,
                                                                    "Actual Loops": 1
                                                                },
                                                                {
                                                                    "Worker Number": 2,
                                                                    "Actual Startup Time": 0.126,
                                                                    "Actual Total Time": 93.44,
                                                                    "Actual Rows": 16635,
                                                                    "Actual Loops": 1
                                                                }
                                                            ]
                                                        }
                                                    ]
                                                }
                                            ]
                                        },
                                        {
                                            "Node Type": "Index Scan",
                                            "Parent Relationship": "Inner",
                                            "Parallel Aware": false,
                                            "Scan Direction": "Forward",
                                            "Index Name": "movie_id_movie_info",
                                            "Relation Name": "movie_info",
                                            "Schema": "public",
                                            "Alias": "mi",
                                            "Startup Cost": 0.43,
                                            "Total Cost": 1.5,
                                            "Plan Rows": 10,
                                            "Plan Width": 4,
                                            "Actual Startup Time": 0.006,
                                            "Actual Total Time": 0.013,
                                            "Actual Rows": 4,
                                            "Actual Loops": 71375,
                                            "Output": [
                                                "mi.id",
                                                "mi.movie_id",
                                                "mi.info_type_id",
                                                "mi.info",
                                                "mi.note"
                                            ],
                                            "Index Cond": "(mi.movie_id = mk.movie_id)",
                                            "Rows Removed by Index Recheck": 0,
                                            "Filter": "(mi.info_type_id < 4)",
                                            "Rows Removed by Filter": 41,
                                            "Workers": [
                                                {
                                                    "Worker Number": 0,
                                                    "Actual Startup Time": 0.005,
                                                    "Actual Total Time": 0.012,
                                                    "Actual Rows": 4,
                                                    "Actual Loops": 19397
                                                },
                                                {
                                                    "Worker Number": 1,
                                                    "Actual Startup Time": 0.006,
                                                    "Actual Total Time": 0.013,
                                                    "Actual Rows": 4,
                                                    "Actual Loops": 18294
                                                },
                                                {
                                                    "Worker Number": 2,
                                                    "Actual Startup Time": 0.006,
                                                    "Actual Total Time": 0.013,
                                                    "Actual Rows": 4,
                                                    "Actual Loops": 18278
                                                }
                                            ]
                                        }
                                    ]
                                }
                            ]
                        }
                    ]
                }
            ]
        },
        "Planning Time": 1396.464,
        "Triggers": [],
        "Execution Time": 554.0
    }
]