[
  {
    "Plan": {
      "Node Type": "Aggregate",
      "Strategy": "Plain",
      "Partial Mode": "Finalize",
      "Parallel Aware": false,
      "Startup Cost": 38542.18,
      "Total Cost": 38542.19,
      "Plan Rows": 1,
      "Plan Width": 8,
      "Actual Startup Time": 137.055,
      "Actual Total Time": 147.561,
      "Actual Rows": 1,
      "Actual Loops": 1,
      "Plans": [
        {
          "Node Type": "Gather",
          "Parent Relationship": "Outer",
          "Parallel Aware": false,
          "Startup Cost": 38541.87,
          "Total Cost": 38542.18,
          "Plan Rows": 3,
          "Plan Width": 8,
          "Actual Startup Time": 136.744,
          "Actual Total Time": 147.55,
          "Actual Rows": 4,
          "Actual Loops": 1,
          "Workers Planned": 3,
          "Workers Launched": 3,
          "Single Copy": false,
          "Plans": [
            {
              "Node Type": "Aggregate",
              "Strategy": "Plain",
              "Partial Mode": "Partial",
              "Parent Relationship": "Outer",
              "Parallel Aware": false,
              "Startup Cost": 37541.87,
              "Total Cost": 37541.88,
              "Plan Rows": 1,
              "Plan Width": 8,
              "Actual Startup Time": 130.848,
              "Actual Total Time": 130.851,
              "Actual Rows": 1,
              "Actual Loops": 4,
              "Plans": [
                {
                  "Node Type": "Bitmap Heap Scan",
                  "Parent Relationship": "Outer",
                  "Parallel Aware": true,
                  "Relation Name": "movie_keyword",
                  "Alias": "mk",
                  "Startup Cost": 10657.34,
                  "Total Cost": 37136.78,
                  "Plan Rows": 162035,
                  "Plan Width": 0,
                  "Actual Startup Time": 45.525,
                  "Actual Total Time": 122.825,
                  "Actual Rows": 125552,
                  "Actual Loops": 4,
                  "Recheck Cond": "(keyword_id > 36001)",
                  "Rows Removed by Index Recheck": 0,
                  "Exact Heap Blocks": 10497,
                  "Lossy Heap Blocks": 0,
                  "Plans": [
                    {
                      "Node Type": "Bitmap Index Scan",
                      "Parent Relationship": "Outer",
                      "Parallel Aware": false,
                      "Index Name": "keyword_id_movie_keyword",
                      "Startup Cost": 0.0,
                      "Total Cost": 10531.76,
                      "Plan Rows": 502310,
                      "Plan Width": 0,
                      "Actual Startup Time": 47.137,
                      "Actual Total Time": 47.138,
                      "Actual Rows": 502208,
                      "Actual Loops": 1,
                      "Index Cond": "(keyword_id > 36001)"
                    }
                  ]
                }
              ]
            }
          ]
        }
      ]
    },
    "Planning Time": 0.133,
    "Triggers": [],
    "Execution Time": 147.624
  }
]