[
  {
    "Plan": {
      "Node Type": "Aggregate",
      "Strategy": "Plain",
      "Partial Mode": "Finalize",
      "Parallel Aware": false,
      "Startup Cost": 38876.98,
      "Total Cost": 38876.99,
      "Plan Rows": 1,
      "Plan Width": 8,
      "Actual Startup Time": 126.053,
      "Actual Total Time": 134.328,
      "Actual Rows": 1,
      "Actual Loops": 1,
      "Plans": [
        {
          "Node Type": "Gather",
          "Parent Relationship": "Outer",
          "Parallel Aware": false,
          "Startup Cost": 38876.66,
          "Total Cost": 38876.97,
          "Plan Rows": 3,
          "Plan Width": 8,
          "Actual Startup Time": 125.81,
          "Actual Total Time": 134.32,
          "Actual Rows": 4,
          "Actual Loops": 1,
          "Workers Planned": 3,
          "Workers Launched": 3,
          "Single Copy": false,
          "Plans": [
            {
              "Node Type": "Aggregate",
              "Strategy": "Plain",
              "Partial Mode": "Partial",
              "Parent Relationship": "Outer",
              "Parallel Aware": false,
              "Startup Cost": 37876.66,
              "Total Cost": 37876.67,
              "Plan Rows": 1,
              "Plan Width": 8,
              "Actual Startup Time": 119.957,
              "Actual Total Time": 119.958,
              "Actual Rows": 1,
              "Actual Loops": 4,
              "Plans": [
                {
                  "Node Type": "Bitmap Heap Scan",
                  "Parent Relationship": "Outer",
                  "Parallel Aware": true,
                  "Relation Name": "movie_keyword",
                  "Alias": "mk",
                  "Startup Cost": 10929.56,
                  "Total Cost": 37461.15,
                  "Plan Rows": 166207,
                  "Plan Width": 0,
                  "Actual Startup Time": 43.619,
                  "Actual Total Time": 112.92,
                  "Actual Rows": 125552,
                  "Actual Loops": 4,
                  "Recheck Cond": "(keyword_id > 36001)",
                  "Rows Removed by Index Recheck": 0,
                  "Exact Heap Blocks": 10041,
                  "Lossy Heap Blocks": 0,
                  "Plans": [
                    {
                      "Node Type": "Bitmap Index Scan",
                      "Parent Relationship": "Outer",
                      "Parallel Aware": false,
                      "Index Name": "keyword_id_movie_keyword",
                      "Startup Cost": 0.0,
                      "Total Cost": 10800.75,
                      "Plan Rows": 515242,
                      "Plan Width": 0,
                      "Actual Startup Time": 45.351,
                      "Actual Total Time": 45.351,
                      "Actual Rows": 502208,
                      "Actual Loops": 1,
                      "Index Cond": "(keyword_id > 36001)"
                    }
                  ]
                }
              ]
            }
          ]
        }
      ]
    },
    "Planning Time": 0.178,
    "Triggers": [],
    "Execution Time": 134.402
  }
]