[
  {
    "Plan": {
      "Node Type": "Aggregate",
      "Strategy": "Plain",
      "Partial Mode": "Finalize",
      "Parallel Aware": false,
      "Startup Cost": 46993.12,
      "Total Cost": 46993.13,
      "Plan Rows": 1,
      "Plan Width": 8,
      "Actual Startup Time": 96.816,
      "Actual Total Time": 108.231,
      "Actual Rows": 1,
      "Actual Loops": 1,
      "Plans": [
        {
          "Node Type": "Gather",
          "Parent Relationship": "Outer",
          "Parallel Aware": false,
          "Startup Cost": 46992.7,
          "Total Cost": 46993.11,
          "Plan Rows": 4,
          "Plan Width": 8,
          "Actual Startup Time": 96.603,
          "Actual Total Time": 108.223,
          "Actual Rows": 5,
          "Actual Loops": 1,
          "Workers Planned": 4,
          "Workers Launched": 4,
          "Single Copy": false,
          "Plans": [
            {
              "Node Type": "Aggregate",
              "Strategy": "Plain",
              "Partial Mode": "Partial",
              "Parent Relationship": "Outer",
              "Parallel Aware": false,
              "Startup Cost": 45992.7,
              "Total Cost": 45992.71,
              "Plan Rows": 1,
              "Plan Width": 8,
              "Actual Startup Time": 91.102,
              "Actual Total Time": 91.104,
              "Actual Rows": 1,
              "Actual Loops": 5,
              "Plans": [
                {
                  "Node Type": "Seq Scan",
                  "Parent Relationship": "Outer",
                  "Parallel Aware": true,
                  "Relation Name": "title",
                  "Alias": "t",
                  "Startup Cost": 0.0,
                  "Total Cost": 45479.59,
                  "Plan Rows": 205247,
                  "Plan Width": 0,
                  "Actual Startup Time": 0.037,
                  "Actual Total Time": 84.041,
                  "Actual Rows": 146427,
                  "Actual Loops": 5,
                  "Filter": "((kind_id < 7) AND (production_year > 1969))",
                  "Rows Removed by Filter": 359235
                }
              ]
            }
          ]
        }
      ]
    },
    "Planning Time": 0.106,
    "Triggers": [],
    "Execution Time": 108.267
  }
]