[
  {
    "Plan": {
      "Node Type": "Aggregate",
      "Strategy": "Plain",
      "Partial Mode": "Finalize",
      "Parallel Aware": false,
      "Startup Cost": 46994.52,
      "Total Cost": 46994.53,
      "Plan Rows": 1,
      "Plan Width": 8,
      "Actual Startup Time": 100.96,
      "Actual Total Time": 112.213,
      "Actual Rows": 1,
      "Actual Loops": 1,
      "Plans": [
        {
          "Node Type": "Gather",
          "Parent Relationship": "Outer",
          "Parallel Aware": false,
          "Startup Cost": 46994.1,
          "Total Cost": 46994.51,
          "Plan Rows": 4,
          "Plan Width": 8,
          "Actual Startup Time": 100.709,
          "Actual Total Time": 112.205,
          "Actual Rows": 5,
          "Actual Loops": 1,
          "Workers Planned": 4,
          "Workers Launched": 4,
          "Single Copy": false,
          "Plans": [
            {
              "Node Type": "Aggregate",
              "Strategy": "Plain",
              "Partial Mode": "Partial",
              "Parent Relationship": "Outer",
              "Parallel Aware": false,
              "Startup Cost": 45994.1,
              "Total Cost": 45994.11,
              "Plan Rows": 1,
              "Plan Width": 8,
              "Actual Startup Time": 92.504,
              "Actual Total Time": 92.505,
              "Actual Rows": 1,
              "Actual Loops": 5,
              "Plans": [
                {
                  "Node Type": "Seq Scan",
                  "Parent Relationship": "Outer",
                  "Parallel Aware": true,
                  "Relation Name": "title",
                  "Alias": "t",
                  "Startup Cost": 0.0,
                  "Total Cost": 45479.1,
                  "Plan Rows": 206002,
                  "Plan Width": 0,
                  "Actual Startup Time": 0.039,
                  "Actual Total Time": 85.976,
                  "Actual Rows": 146427,
                  "Actual Loops": 5,
                  "Filter": "((kind_id < 7) AND (production_year > 1969))",
                  "Rows Removed by Filter": 359235
                }
              ]
            }
          ]
        }
      ]
    },
    "Planning Time": 0.126,
    "Triggers": [],
    "Execution Time": 112.255
  }
]