[
    {
        "Bao": {
            "Bao prediction": 653.752,
            "Bao recommended hint": "(no hint)"
        }
    },
    {
        "Plan": {
            "Node Type": "Aggregate",
            "Strategy": "Plain",
            "Partial Mode": "Finalize",
            "Parallel Aware": false,
            "Startup Cost": 27224.23,
            "Total Cost": 27224.24,
            "Plan Rows": 1,
            "Plan Width": 8,
            "Actual Startup Time": 77.526,
            "Actual Total Time": 81.723,
            "Actual Rows": 1,
            "Actual Loops": 1,
            "Output": [
                "count(*)"
            ],
            "Plans": [
                {
                    "Node Type": "Gather",
                    "Parent Relationship": "Outer",
                    "Parallel Aware": false,
                    "Startup Cost": 27223.91,
                    "Total Cost": 27224.22,
                    "Plan Rows": 3,
                    "Plan Width": 8,
                    "Actual Startup Time": 77.263,
                    "Actual Total Time": 81.714,
                    "Actual Rows": 4,
                    "Actual Loops": 1,
                    "Output": [
                        "(PARTIAL count(*))"
                    ],
                    "Workers Planned": 3,
                    "Workers Launched": 3,
                    "Single Copy": false,
                    "Plans": [
                        {
                            "Node Type": "Aggregate",
                            "Strategy": "Plain",
                            "Partial Mode": "Partial",
                            "Parent Relationship": "Outer",
                            "Parallel Aware": false,
                            "Startup Cost": 26223.91,
                            "Total Cost": 26223.92,
                            "Plan Rows": 1,
                            "Plan Width": 8,
                            "Actual Startup Time": 68.795,
                            "Actual Total Time": 68.797,
                            "Actual Rows": 1,
                            "Actual Loops": 4,
                            "Output": [
                                "PARTIAL count(*)"
                            ],
                            "Workers": [
                                {
                                    "Worker Number": 0,
                                    "Actual Startup Time": 65.608,
                                    "Actual Total Time": 65.61,
                                    "Actual Rows": 1,
                                    "Actual Loops": 1
                                },
                                {
                                    "Worker Number": 1,
                                    "Actual Startup Time": 66.23,
                                    "Actual Total Time": 66.232,
                                    "Actual Rows": 1,
                                    "Actual Loops": 1
                                },
                                {
                                    "Worker Number": 2,
                                    "Actual Startup Time": 66.683,
                                    "Actual Total Time": 66.684,
                                    "Actual Rows": 1,
                                    "Actual Loops": 1
                                }
                            ],
                            "Plans": [
                                {
                                    "Node Type": "Bitmap Heap Scan",
                                    "Parent Relationship": "Outer",
                                    "Parallel Aware": true,
                                    "Relation Name": "movie_companies",
                                    "Schema": "public",
                                    "Alias": "mc",
                                    "Startup Cost": 6077.29,
                                    "Total Cost": 25997.81,
                                    "Plan Rows": 90442,
                                    "Plan Width": 0,
                                    "Actual Startup Time": 29.363,
                                    "Actual Total Time": 62.31,
                                    "Actual Rows": 71153,
                                    "Actual Loops": 4,
                                    "Recheck Cond": "(mc.company_id > 95331)",
                                    "Rows Removed by Index Recheck": 0,
                                    "Exact Heap Blocks": 2185,
                                    "Lossy Heap Blocks": 0,
                                    "Workers": [
                                        {
                                            "Worker Number": 0,
                                            "Actual Startup Time": 26.336,
                                            "Actual Total Time": 59.669,
                                            "Actual Rows": 50507,
                                            "Actual Loops": 1
                                        },
                                        {
                                            "Worker Number": 1,
                                            "Actual Startup Time": 26.826,
                                            "Actual Total Time": 60.576,
                                            "Actual Rows": 51573,
                                            "Actual Loops": 1
                                        },
                                        {
                                            "Worker Number": 2,
                                            "Actual Startup Time": 27.264,
                                            "Actual Total Time": 60.726,
                                            "Actual Rows": 50678,
                                            "Actual Loops": 1
                                        }
                                    ],
                                    "Plans": [
                                        {
                                            "Node Type": "Bitmap Index Scan",
                                            "Parent Relationship": "Outer",
                                            "Parallel Aware": false,
                                            "Index Name": "company_id_movie_companies",
                                            "Startup Cost": 0.0,
                                            "Total Cost": 6007.2,
                                            "Plan Rows": 280369,
                                            "Plan Width": 0,
                                            "Actual Startup Time": 35.827,
                                            "Actual Total Time": 35.828,
                                            "Actual Rows": 284612,
                                            "Actual Loops": 1,
                                            "Index Cond": "(mc.company_id > 95331)"
                                        }
                                    ]
                                }
                            ]
                        }
                    ]
                }
            ]
        },
        "Planning Time": 2384.305,
        "Triggers": [],
        "Execution Time": 81.872
    }
]