[
  {
    "Plan": {
      "Node Type": "Aggregate",
      "Strategy": "Plain",
      "Partial Mode": "Finalize",
      "Parallel Aware": false,
      "Startup Cost": 94973.63,
      "Total Cost": 94973.64,
      "Plan Rows": 1,
      "Plan Width": 8,
      "Actual Startup Time": 460.127,
      "Actual Total Time": 475.887,
      "Actual Rows": 1,
      "Actual Loops": 1,
      "Plans": [
        {
          "Node Type": "Gather",
          "Parent Relationship": "Outer",
          "Parallel Aware": false,
          "Startup Cost": 94973.31,
          "Total Cost": 94973.62,
          "Plan Rows": 3,
          "Plan Width": 8,
          "Actual Startup Time": 456.361,
          "Actual Total Time": 475.877,
          "Actual Rows": 4,
          "Actual Loops": 1,
          "Workers Planned": 3,
          "Workers Launched": 3,
          "Single Copy": false,
          "Plans": [
            {
              "Node Type": "Aggregate",
              "Strategy": "Plain",
              "Partial Mode": "Partial",
              "Parent Relationship": "Outer",
              "Parallel Aware": false,
              "Startup Cost": 93973.31,
              "Total Cost": 93973.32,
              "Plan Rows": 1,
              "Plan Width": 8,
              "Actual Startup Time": 443.376,
              "Actual Total Time": 443.379,
              "Actual Rows": 1,
              "Actual Loops": 4,
              "Plans": [
                {
                  "Node Type": "Hash Join",
                  "Parent Relationship": "Outer",
                  "Parallel Aware": true,
                  "Join Type": "Inner",
                  "Startup Cost": 49644.57,
                  "Total Cost": 93305.07,
                  "Plan Rows": 267297,
                  "Plan Width": 0,
                  "Actual Startup Time": 271.866,
                  "Actual Total Time": 434.911,
                  "Actual Rows": 188398,
                  "Actual Loops": 4,
                  "Inner Unique": true,
                  "Hash Cond": "(mk.movie_id = t.id)",
                  "Plans": [
                    {
                      "Node Type": "Seq Scan",
                      "Parent Relationship": "Outer",
                      "Parallel Aware": true,
                      "Relation Name": "movie_keyword",
                      "Alias": "mk",
                      "Startup Cost": 0.0,
                      "Total Cost": 42695.65,
                      "Plan Rows": 367563,
                      "Plan Width": 4,
                      "Actual Startup Time": 0.026,
                      "Actual Total Time": 96.033,
                      "Actual Rows": 288287,
                      "Actual Loops": 4,
                      "Filter": "(keyword_id < 1326)",
                      "Rows Removed by Filter": 842696
                    },
                    {
                      "Node Type": "Hash",
                      "Parent Relationship": "Inner",
                      "Parallel Aware": true,
                      "Startup Cost": 43898.92,
                      "Total Cost": 43898.92,
                      "Plan Rows": 459652,
                      "Plan Width": 4,
                      "Actual Startup Time": 263.819,
                      "Actual Total Time": 263.82,
                      "Actual Rows": 458342,
                      "Actual Loops": 4,
                      "Hash Buckets": 2097152,
                      "Original Hash Buckets": 2097152,
                      "Hash Batches": 1,
                      "Original Hash Batches": 1,
                      "Peak Memory Usage": 88192,
                      "Plans": [
                        {
                          "Node Type": "Seq Scan",
                          "Parent Relationship": "Outer",
                          "Parallel Aware": true,
                          "Relation Name": "title",
                          "Alias": "t",
                          "Startup Cost": 0.0,
                          "Total Cost": 43898.92,
                          "Plan Rows": 459652,
                          "Plan Width": 4,
                          "Actual Startup Time": 0.034,
                          "Actual Total Time": 110.859,
                          "Actual Rows": 458342,
                          "Actual Loops": 4,
                          "Filter": "(production_year > 1986)",
                          "Rows Removed by Filter": 173736
                        }
                      ]
                    }
                  ]
                }
              ]
            }
          ]
        }
      ]
    },
    "Planning Time": 0.519,
    "Triggers": [],
    "Execution Time": 475.951
  }
]